<?xml version="1.0" encoding="UTF-8"?>
<testsuite xmlns:xsi="http://www.w3.org/2001/XMLSchema-instance" xsi:noNamespaceSchemaLocation="https://maven.apache.org/surefire/maven-failsafe-plugin/xsd/failsafe-test-report-3.0.xsd" version="3.0" name="CucumberTestSuite" time="352.54" tests="26" errors="0" skipped="0" failures="0">
  <properties>
    <property name="java.specification.version" value="13"/>
    <property name="sun.cpu.isalist" value="amd64"/>
    <property name="sun.jnu.encoding" value="Cp1252"/>
    <property name="java.class.path" value="C:\Users\alwi\IdeaProjects\uniqloweb\target\test-classes;C:\Users\alwi\.m2\repository\net\serenity-bdd\serenity-core\3.2.1\serenity-core-3.2.1.jar;C:\Users\alwi\.m2\repository\net\serenity-bdd\serenity-model\3.2.1\serenity-model-3.2.1.jar;C:\Users\alwi\.m2\repository\org\apache\commons\commons-text\1.9\commons-text-1.9.jar;C:\Users\alwi\.m2\repository\commons-net\commons-net\3.8.0\commons-net-3.8.0.jar;C:\Users\alwi\.m2\repository\com\google\guava\guava\31.1-jre\guava-31.1-jre.jar;C:\Users\alwi\.m2\repository\com\google\guava\failureaccess\1.0.1\failureaccess-1.0.1.jar;C:\Users\alwi\.m2\repository\com\google\guava\listenablefuture\9999.0-empty-to-avoid-conflict-with-guava\listenablefuture-9999.0-empty-to-avoid-conflict-with-guava.jar;C:\Users\alwi\.m2\repository\com\google\code\findbugs\jsr305\3.0.2\jsr305-3.0.2.jar;C:\Users\alwi\.m2\repository\org\checkerframework\checker-qual\3.12.0\checker-qual-3.12.0.jar;C:\Users\alwi\.m2\repository\com\google\errorprone\error_prone_annotations\2.11.0\error_prone_annotations-2.11.0.jar;C:\Users\alwi\.m2\repository\com\google\j2objc\j2objc-annotations\1.3\j2objc-annotations-1.3.jar;C:\Users\alwi\.m2\repository\com\google\inject\guice\5.1.0\guice-5.1.0.jar;C:\Users\alwi\.m2\repository\javax\inject\javax.inject\1\javax.inject-1.jar;C:\Users\alwi\.m2\repository\aopalliance\aopalliance\1.0\aopalliance-1.0.jar;C:\Users\alwi\.m2\repository\org\jsoup\jsoup\1.14.3\jsoup-1.14.3.jar;C:\Users\alwi\.m2\repository\com\thoughtworks\xstream\xstream\1.4.19\xstream-1.4.19.jar;C:\Users\alwi\.m2\repository\io\github\x-stream\mxparser\1.2.2\mxparser-1.2.2.jar;C:\Users\alwi\.m2\repository\xmlpull\xmlpull\1.1.3.1\xmlpull-1.1.3.1.jar;C:\Users\alwi\.m2\repository\io\cucumber\cucumber-java\7.2.3\cucumber-java-7.2.3.jar;C:\Users\alwi\.m2\repository\com\typesafe\config\1.4.2\config-1.4.2.jar;C:\Users\alwi\.m2\repository\org\imgscalr\imgscalr-lib\4.2\imgscalr-lib-4.2.jar;C:\Users\alwi\.m2\repository\org\awaitility\awaitility\4.2.0\awaitility-4.2.0.jar;C:\Users\alwi\.m2\repository\org\freemarker\freemarker\2.3.31\freemarker-2.3.31.jar;C:\Users\alwi\.m2\repository\io\github\classgraph\classgraph\4.8.138\classgraph-4.8.138.jar;C:\Users\alwi\.m2\repository\net\sourceforge\jexcelapi\jxl\2.6.12\jxl-2.6.12.jar;C:\Users\alwi\.m2\repository\net\bytebuddy\byte-buddy\1.12.8\byte-buddy-1.12.8.jar;C:\Users\alwi\.m2\repository\net\bytebuddy\byte-buddy-agent\1.12.8\byte-buddy-agent-1.12.8.jar;C:\Users\alwi\.m2\repository\org\objenesis\objenesis\3.1\objenesis-3.1.jar;C:\Users\alwi\.m2\repository\net\serenity-bdd\serenity-reports\3.2.1\serenity-reports-3.2.1.jar;C:\Users\alwi\.m2\repository\net\serenity-bdd\serenity-stats\3.2.1\serenity-stats-3.2.1.jar;C:\Users\alwi\.m2\repository\net\serenity-bdd\serenity-reports-configuration\3.2.1\serenity-reports-configuration-3.2.1.jar;C:\Users\alwi\.m2\repository\com\vladsch\flexmark\flexmark-all\0.34.30\flexmark-all-0.34.30.jar;C:\Users\alwi\.m2\repository\com\vladsch\flexmark\flexmark\0.34.30\flexmark-0.34.30.jar;C:\Users\alwi\.m2\repository\com\vladsch\flexmark\flexmark-ext-abbreviation\0.34.30\flexmark-ext-abbreviation-0.34.30.jar;C:\Users\alwi\.m2\repository\com\vladsch\flexmark\flexmark-ext-admonition\0.34.30\flexmark-ext-admonition-0.34.30.jar;C:\Users\alwi\.m2\repository\com\vladsch\flexmark\flexmark-ext-anchorlink\0.34.30\flexmark-ext-anchorlink-0.34.30.jar;C:\Users\alwi\.m2\repository\com\vladsch\flexmark\flexmark-ext-aside\0.34.30\flexmark-ext-aside-0.34.30.jar;C:\Users\alwi\.m2\repository\com\vladsch\flexmark\flexmark-ext-attributes\0.34.30\flexmark-ext-attributes-0.34.30.jar;C:\Users\alwi\.m2\repository\com\vladsch\flexmark\flexmark-ext-autolink\0.34.30\flexmark-ext-autolink-0.34.30.jar;C:\Users\alwi\.m2\repository\org\nibor\autolink\autolink\0.6.0\autolink-0.6.0.jar;C:\Users\alwi\.m2\repository\com\vladsch\flexmark\flexmark-ext-definition\0.34.30\flexmark-ext-definition-0.34.30.jar;C:\Users\alwi\.m2\repository\com\vladsch\flexmark\flexmark-ext-emoji\0.34.30\flexmark-ext-emoji-0.34.30.jar;C:\Users\alwi\.m2\repository\com\vladsch\flexmark\flexmark-ext-enumerated-reference\0.34.30\flexmark-ext-enumerated-reference-0.34.30.jar;C:\Users\alwi\.m2\repository\com\vladsch\flexmark\flexmark-ext-escaped-character\0.34.30\flexmark-ext-escaped-character-0.34.30.jar;C:\Users\alwi\.m2\repository\com\vladsch\flexmark\flexmark-ext-footnotes\0.34.30\flexmark-ext-footnotes-0.34.30.jar;C:\Users\alwi\.m2\repository\com\vladsch\flexmark\flexmark-ext-gfm-issues\0.34.30\flexmark-ext-gfm-issues-0.34.30.jar;C:\Users\alwi\.m2\repository\com\vladsch\flexmark\flexmark-ext-gfm-strikethrough\0.34.30\flexmark-ext-gfm-strikethrough-0.34.30.jar;C:\Users\alwi\.m2\repository\com\vladsch\flexmark\flexmark-ext-gfm-tables\0.34.30\flexmark-ext-gfm-tables-0.34.30.jar;C:\Users\alwi\.m2\repository\com\vladsch\flexmark\flexmark-ext-gfm-tasklist\0.34.30\flexmark-ext-gfm-tasklist-0.34.30.jar;C:\Users\alwi\.m2\repository\com\vladsch\flexmark\flexmark-ext-gfm-users\0.34.30\flexmark-ext-gfm-users-0.34.30.jar;C:\Users\alwi\.m2\repository\com\vladsch\flexmark\flexmark-ext-gitlab\0.34.30\flexmark-ext-gitlab-0.34.30.jar;C:\Users\alwi\.m2\repository\com\vladsch\flexmark\flexmark-ext-jekyll-front-matter\0.34.30\flexmark-ext-jekyll-front-matter-0.34.30.jar;C:\Users\alwi\.m2\repository\com\vladsch\flexmark\flexmark-ext-jekyll-tag\0.34.30\flexmark-ext-jekyll-tag-0.34.30.jar;C:\Users\alwi\.m2\repository\com\vladsch\flexmark\flexmark-ext-media-tags\0.34.30\flexmark-ext-media-tags-0.34.30.jar;C:\Users\alwi\.m2\repository\com\vladsch\flexmark\flexmark-test-util\0.34.30\flexmark-test-util-0.34.30.jar;C:\Users\alwi\.m2\repository\com\vladsch\flexmark\flexmark-ext-ins\0.34.30\flexmark-ext-ins-0.34.30.jar;C:\Users\alwi\.m2\repository\com\vladsch\flexmark\flexmark-ext-xwiki-macros\0.34.30\flexmark-ext-xwiki-macros-0.34.30.jar;C:\Users\alwi\.m2\repository\com\vladsch\flexmark\flexmark-ext-superscript\0.34.30\flexmark-ext-superscript-0.34.30.jar;C:\Users\alwi\.m2\repository\com\vladsch\flexmark\flexmark-ext-tables\0.34.30\flexmark-ext-tables-0.34.30.jar;C:\Users\alwi\.m2\repository\com\vladsch\flexmark\flexmark-ext-toc\0.34.30\flexmark-ext-toc-0.34.30.jar;C:\Users\alwi\.m2\repository\com\vladsch\flexmark\flexmark-ext-typographic\0.34.30\flexmark-ext-typographic-0.34.30.jar;C:\Users\alwi\.m2\repository\com\vladsch\flexmark\flexmark-ext-wikilink\0.34.30\flexmark-ext-wikilink-0.34.30.jar;C:\Users\alwi\.m2\repository\com\vladsch\flexmark\flexmark-ext-yaml-front-matter\0.34.30\flexmark-ext-yaml-front-matter-0.34.30.jar;C:\Users\alwi\.m2\repository\com\vladsch\flexmark\flexmark-ext-youtube-embedded\0.34.30\flexmark-ext-youtube-embedded-0.34.30.jar;C:\Users\alwi\.m2\repository\com\vladsch\flexmark\flexmark-formatter\0.34.30\flexmark-formatter-0.34.30.jar;C:\Users\alwi\.m2\repository\com\vladsch\flexmark\flexmark-html-parser\0.34.30\flexmark-html-parser-0.34.30.jar;C:\Users\alwi\.m2\repository\com\vladsch\flexmark\flexmark-jira-converter\0.34.30\flexmark-jira-converter-0.34.30.jar;C:\Users\alwi\.m2\repository\com\vladsch\flexmark\flexmark-pdf-converter\0.34.30\flexmark-pdf-converter-0.34.30.jar;C:\Users\alwi\.m2\repository\com\openhtmltopdf\openhtmltopdf-core\0.0.1-RC13\openhtmltopdf-core-0.0.1-RC13.jar;C:\Users\alwi\.m2\repository\com\openhtmltopdf\openhtmltopdf-pdfbox\0.0.1-RC13\openhtmltopdf-pdfbox-0.0.1-RC13.jar;C:\Users\alwi\.m2\repository\org\apache\pdfbox\pdfbox\2.0.8\pdfbox-2.0.8.jar;C:\Users\alwi\.m2\repository\org\apache\pdfbox\fontbox\2.0.8\fontbox-2.0.8.jar;C:\Users\alwi\.m2\repository\commons-logging\commons-logging\1.2\commons-logging-1.2.jar;C:\Users\alwi\.m2\repository\org\apache\pdfbox\xmpbox\2.0.8\xmpbox-2.0.8.jar;C:\Users\alwi\.m2\repository\de\rototor\pdfbox\graphics2d\0.12\graphics2d-0.12.jar;C:\Users\alwi\.m2\repository\com\openhtmltopdf\openhtmltopdf-rtl-support\0.0.1-RC13\openhtmltopdf-rtl-support-0.0.1-RC13.jar;C:\Users\alwi\.m2\repository\com\ibm\icu\icu4j\59.1\icu4j-59.1.jar;C:\Users\alwi\.m2\repository\com\openhtmltopdf\openhtmltopdf-jsoup-dom-converter\0.0.1-RC13\openhtmltopdf-jsoup-dom-converter-0.0.1-RC13.jar;C:\Users\alwi\.m2\repository\com\vladsch\flexmark\flexmark-profile-pegdown\0.34.30\flexmark-profile-pegdown-0.34.30.jar;C:\Users\alwi\.m2\repository\com\vladsch\flexmark\flexmark-util\0.34.30\flexmark-util-0.34.30.jar;C:\Users\alwi\.m2\repository\com\vladsch\flexmark\flexmark-youtrack-converter\0.34.30\flexmark-youtrack-converter-0.34.30.jar;C:\Users\alwi\.m2\repository\es\nitaur\markdown\txtmark\0.16\txtmark-0.16.jar;C:\Users\alwi\.m2\repository\net\serenity-bdd\serenity-report-resources\3.2.1\serenity-report-resources-3.2.1.jar;C:\Users\alwi\.m2\repository\com\google\code\gson\gson\2.9.0\gson-2.9.0.jar;C:\Users\alwi\.m2\repository\com\fasterxml\jackson\core\jackson-core\2.13.2\jackson-core-2.13.2.jar;C:\Users\alwi\.m2\repository\com\fasterxml\jackson\core\jackson-databind\2.13.2\jackson-databind-2.13.2.jar;C:\Users\alwi\.m2\repository\com\fasterxml\jackson\core\jackson-annotations\2.13.2\jackson-annotations-2.13.2.jar;C:\Users\alwi\.m2\repository\commons-codec\commons-codec\1.15\commons-codec-1.15.jar;C:\Users\alwi\.m2\repository\commons-io\commons-io\2.11.0\commons-io-2.11.0.jar;C:\Users\alwi\.m2\repository\org\seleniumhq\selenium\selenium-java\4.1.2\selenium-java-4.1.2.jar;C:\Users\alwi\.m2\repository\org\seleniumhq\selenium\selenium-devtools-v85\4.1.2\selenium-devtools-v85-4.1.2.jar;C:\Users\alwi\.m2\repository\org\seleniumhq\selenium\selenium-devtools-v95\4.1.2\selenium-devtools-v95-4.1.2.jar;C:\Users\alwi\.m2\repository\org\seleniumhq\selenium\selenium-devtools-v96\4.1.2\selenium-devtools-v96-4.1.2.jar;C:\Users\alwi\.m2\repository\org\seleniumhq\selenium\selenium-devtools-v97\4.1.2\selenium-devtools-v97-4.1.2.jar;C:\Users\alwi\.m2\repository\org\seleniumhq\selenium\selenium-firefox-xpi-driver\4.1.2\selenium-firefox-xpi-driver-4.1.2.jar;C:\Users\alwi\.m2\repository\org\seleniumhq\selenium\selenium-opera-driver\4.1.2\selenium-opera-driver-4.1.2.jar;C:\Users\alwi\.m2\repository\org\seleniumhq\selenium\selenium-remote-driver\4.1.2\selenium-remote-driver-4.1.2.jar;C:\Users\alwi\.m2\repository\com\beust\jcommander\1.82\jcommander-1.82.jar;C:\Users\alwi\.m2\repository\io\netty\netty-buffer\4.1.73.Final\netty-buffer-4.1.73.Final.jar;C:\Users\alwi\.m2\repository\io\netty\netty-codec-http\4.1.73.Final\netty-codec-http-4.1.73.Final.jar;C:\Users\alwi\.m2\repository\io\netty\netty-codec\4.1.73.Final\netty-codec-4.1.73.Final.jar;C:\Users\alwi\.m2\repository\io\netty\netty-handler\4.1.73.Final\netty-handler-4.1.73.Final.jar;C:\Users\alwi\.m2\repository\io\netty\netty-tcnative-classes\2.0.46.Final\netty-tcnative-classes-2.0.46.Final.jar;C:\Users\alwi\.m2\repository\io\netty\netty-common\4.1.73.Final\netty-common-4.1.73.Final.jar;C:\Users\alwi\.m2\repository\io\netty\netty-transport-classes-epoll\4.1.73.Final\netty-transport-classes-epoll-4.1.73.Final.jar;C:\Users\alwi\.m2\repository\io\netty\netty-transport-classes-kqueue\4.1.73.Final\netty-transport-classes-kqueue-4.1.73.Final.jar;C:\Users\alwi\.m2\repository\io\netty\netty-transport-native-epoll\4.1.73.Final\netty-transport-native-epoll-4.1.73.Final.jar;C:\Users\alwi\.m2\repository\io\netty\netty-transport-native-kqueue\4.1.73.Final\netty-transport-native-kqueue-4.1.73.Final.jar;C:\Users\alwi\.m2\repository\io\netty\netty-transport-native-unix-common\4.1.73.Final\netty-transport-native-unix-common-4.1.73.Final.jar;C:\Users\alwi\.m2\repository\io\netty\netty-transport\4.1.73.Final\netty-transport-4.1.73.Final.jar;C:\Users\alwi\.m2\repository\io\netty\netty-resolver\4.1.73.Final\netty-resolver-4.1.73.Final.jar;C:\Users\alwi\.m2\repository\io\opentelemetry\opentelemetry-api\1.10.1\opentelemetry-api-1.10.1.jar;C:\Users\alwi\.m2\repository\io\opentelemetry\opentelemetry-context\1.10.1\opentelemetry-context-1.10.1.jar;C:\Users\alwi\.m2\repository\io\opentelemetry\opentelemetry-exporter-logging\1.10.1\opentelemetry-exporter-logging-1.10.1.jar;C:\Users\alwi\.m2\repository\io\opentelemetry\opentelemetry-sdk-metrics\1.10.1-alpha\opentelemetry-sdk-metrics-1.10.1-alpha.jar;C:\Users\alwi\.m2\repository\io\opentelemetry\opentelemetry-sdk-logs\1.10.1-alpha\opentelemetry-sdk-logs-1.10.1-alpha.jar;C:\Users\alwi\.m2\repository\io\opentelemetry\opentelemetry-sdk-common\1.10.1\opentelemetry-sdk-common-1.10.1.jar;C:\Users\alwi\.m2\repository\io\opentelemetry\opentelemetry-sdk-extension-autoconfigure-spi\1.10.1\opentelemetry-sdk-extension-autoconfigure-spi-1.10.1.jar;C:\Users\alwi\.m2\repository\io\opentelemetry\opentelemetry-sdk-extension-autoconfigure\1.10.1-alpha\opentelemetry-sdk-extension-autoconfigure-1.10.1-alpha.jar;C:\Users\alwi\.m2\repository\io\opentelemetry\opentelemetry-sdk-trace\1.10.1\opentelemetry-sdk-trace-1.10.1.jar;C:\Users\alwi\.m2\repository\io\opentelemetry\opentelemetry-sdk\1.10.1\opentelemetry-sdk-1.10.1.jar;C:\Users\alwi\.m2\repository\io\opentelemetry\opentelemetry-semconv\1.10.1-alpha\opentelemetry-semconv-1.10.1-alpha.jar;C:\Users\alwi\.m2\repository\io\ous\jtoml\2.0.0\jtoml-2.0.0.jar;C:\Users\alwi\.m2\repository\org\apache\commons\commons-exec\1.3\commons-exec-1.3.jar;C:\Users\alwi\.m2\repository\org\asynchttpclient\async-http-client\2.12.3\async-http-client-2.12.3.jar;C:\Users\alwi\.m2\repository\org\asynchttpclient\async-http-client-netty-utils\2.12.3\async-http-client-netty-utils-2.12.3.jar;C:\Users\alwi\.m2\repository\io\netty\netty-codec-socks\4.1.60.Final\netty-codec-socks-4.1.60.Final.jar;C:\Users\alwi\.m2\repository\io\netty\netty-handler-proxy\4.1.60.Final\netty-handler-proxy-4.1.60.Final.jar;C:\Users\alwi\.m2\repository\io\netty\netty-transport-native-epoll\4.1.60.Final\netty-transport-native-epoll-4.1.60.Final-linux-x86_64.jar;C:\Users\alwi\.m2\repository\io\netty\netty-transport-native-kqueue\4.1.60.Final\netty-transport-native-kqueue-4.1.60.Final-osx-x86_64.jar;C:\Users\alwi\.m2\repository\org\reactivestreams\reactive-streams\1.0.3\reactive-streams-1.0.3.jar;C:\Users\alwi\.m2\repository\com\typesafe\netty\netty-reactive-streams\2.0.4\netty-reactive-streams-2.0.4.jar;C:\Users\alwi\.m2\repository\org\seleniumhq\selenium\selenium-http\4.1.2\selenium-http-4.1.2.jar;C:\Users\alwi\.m2\repository\net\jodah\failsafe\2.4.4\failsafe-2.4.4.jar;C:\Users\alwi\.m2\repository\org\seleniumhq\selenium\selenium-safari-driver\4.1.2\selenium-safari-driver-4.1.2.jar;C:\Users\alwi\.m2\repository\org\seleniumhq\selenium\selenium-api\4.1.2\selenium-api-4.1.2.jar;C:\Users\alwi\.m2\repository\org\seleniumhq\selenium\selenium-support\4.1.2\selenium-support-4.1.2.jar;C:\Users\alwi\.m2\repository\com\google\auto\service\auto-service-annotations\1.0.1\auto-service-annotations-1.0.1.jar;C:\Users\alwi\.m2\repository\com\google\auto\service\auto-service\1.0.1\auto-service-1.0.1.jar;C:\Users\alwi\.m2\repository\com\google\auto\auto-common\1.2\auto-common-1.2.jar;C:\Users\alwi\.m2\repository\org\seleniumhq\selenium\selenium-json\4.1.2\selenium-json-4.1.2.jar;C:\Users\alwi\.m2\repository\org\seleniumhq\selenium\selenium-chrome-driver\4.1.2\selenium-chrome-driver-4.1.2.jar;C:\Users\alwi\.m2\repository\org\seleniumhq\selenium\selenium-chromium-driver\4.1.2\selenium-chromium-driver-4.1.2.jar;C:\Users\alwi\.m2\repository\org\seleniumhq\selenium\selenium-firefox-driver\4.1.2\selenium-firefox-driver-4.1.2.jar;C:\Users\alwi\.m2\repository\org\seleniumhq\selenium\selenium-edge-driver\4.1.2\selenium-edge-driver-4.1.2.jar;C:\Users\alwi\.m2\repository\org\seleniumhq\selenium\selenium-ie-driver\4.1.2\selenium-ie-driver-4.1.2.jar;C:\Users\alwi\.m2\repository\org\projectlombok\lombok\1.18.20\lombok-1.18.20.jar;C:\Users\alwi\.m2\repository\io\appium\java-client\8.0.0\java-client-8.0.0.jar;C:\Users\alwi\.m2\repository\commons-validator\commons-validator\1.7\commons-validator-1.7.jar;C:\Users\alwi\.m2\repository\commons-digester\commons-digester\2.1\commons-digester-2.1.jar;C:\Users\alwi\.m2\repository\org\aspectj\aspectjweaver\1.9.8\aspectjweaver-1.9.8.jar;C:\Users\alwi\.m2\repository\org\codehaus\groovy\groovy\3.0.10\groovy-3.0.10.jar;C:\Users\alwi\.m2\repository\net\sf\opencsv\opencsv\2.0\opencsv-2.0.jar;C:\Users\alwi\.m2\repository\commons-beanutils\commons-beanutils\1.9.4\commons-beanutils-1.9.4.jar;C:\Users\alwi\.m2\repository\org\apache\commons\commons-lang3\3.12.0\commons-lang3-3.12.0.jar;C:\Users\alwi\.m2\repository\commons-collections\commons-collections\3.2.2\commons-collections-3.2.2.jar;C:\Users\alwi\.m2\repository\org\fluentlenium\fluentlenium-core\0.10.2\fluentlenium-core-0.10.2.jar;C:\Users\alwi\.m2\repository\io\github\bonigarcia\webdrivermanager\5.1.0\webdrivermanager-5.1.0.jar;C:\Users\alwi\.m2\repository\com\github\docker-java\docker-java\3.2.13\docker-java-3.2.13.jar;C:\Users\alwi\.m2\repository\com\github\docker-java\docker-java-core\3.2.13\docker-java-core-3.2.13.jar;C:\Users\alwi\.m2\repository\com\github\docker-java\docker-java-api\3.2.13\docker-java-api-3.2.13.jar;C:\Users\alwi\.m2\repository\org\apache\commons\commons-compress\1.21\commons-compress-1.21.jar;C:\Users\alwi\.m2\repository\org\bouncycastle\bcpkix-jdk15on\1.64\bcpkix-jdk15on-1.64.jar;C:\Users\alwi\.m2\repository\org\bouncycastle\bcprov-jdk15on\1.64\bcprov-jdk15on-1.64.jar;C:\Users\alwi\.m2\repository\org\slf4j\jcl-over-slf4j\1.7.30\jcl-over-slf4j-1.7.30.jar;C:\Users\alwi\.m2\repository\com\github\docker-java\docker-java-transport-httpclient5\3.2.13\docker-java-transport-httpclient5-3.2.13.jar;C:\Users\alwi\.m2\repository\com\github\docker-java\docker-java-transport\3.2.13\docker-java-transport-3.2.13.jar;C:\Users\alwi\.m2\repository\org\apache\httpcomponents\client5\httpclient5\5.0.3\httpclient5-5.0.3.jar;C:\Users\alwi\.m2\repository\org\apache\httpcomponents\core5\httpcore5\5.0.2\httpcore5-5.0.2.jar;C:\Users\alwi\.m2\repository\net\java\dev\jna\jna\5.8.0\jna-5.8.0.jar;C:\Users\alwi\.m2\repository\org\brotli\dec\0.1.2\dec-0.1.2.jar;C:\Users\alwi\.m2\repository\com\jhlabs\filters\2.0.235\filters-2.0.235.jar;C:\Users\alwi\.m2\repository\com\paulhammant\ngwebdriver\1.1.6\ngwebdriver-1.1.6.jar;C:\Users\alwi\.m2\repository\joda-time\joda-time\2.8.2\joda-time-2.8.2.jar;C:\Users\alwi\.m2\repository\org\hamcrest\hamcrest\2.2\hamcrest-2.2.jar;C:\Users\alwi\.m2\repository\com\google\jimfs\jimfs\1.2\jimfs-1.2.jar;C:\Users\alwi\.m2\repository\org\mockito\mockito-core\3.3.3\mockito-core-3.3.3.jar;C:\Users\alwi\.m2\repository\javax\xml\bind\jaxb-api\2.3.1\jaxb-api-2.3.1.jar;C:\Users\alwi\.m2\repository\javax\activation\javax.activation-api\1.2.0\javax.activation-api-1.2.0.jar;C:\Users\alwi\.m2\repository\com\sun\xml\bind\jaxb-core\2.3.0.1\jaxb-core-2.3.0.1.jar;C:\Users\alwi\.m2\repository\com\sun\xml\bind\jaxb-impl\2.3.3\jaxb-impl-2.3.3.jar;C:\Users\alwi\.m2\repository\jakarta\xml\bind\jakarta.xml.bind-api\2.3.3\jakarta.xml.bind-api-2.3.3.jar;C:\Users\alwi\.m2\repository\com\sun\activation\jakarta.activation\1.2.2\jakarta.activation-1.2.2.jar;C:\Users\alwi\.m2\repository\javax\activation\activation\1.1.1\activation-1.1.1.jar;C:\Users\alwi\.m2\repository\net\serenity-bdd\serenity-cucumber\3.2.1\serenity-cucumber-3.2.1.jar;C:\Users\alwi\.m2\repository\io\cucumber\cucumber-core\7.2.3\cucumber-core-7.2.3.jar;C:\Users\alwi\.m2\repository\io\cucumber\cucumber-gherkin\7.2.3\cucumber-gherkin-7.2.3.jar;C:\Users\alwi\.m2\repository\io\cucumber\cucumber-gherkin-messages\7.2.3\cucumber-gherkin-messages-7.2.3.jar;C:\Users\alwi\.m2\repository\io\cucumber\messages\17.1.1\messages-17.1.1.jar;C:\Users\alwi\.m2\repository\io\cucumber\tag-expressions\4.1.0\tag-expressions-4.1.0.jar;C:\Users\alwi\.m2\repository\io\cucumber\cucumber-expressions\15.0.1\cucumber-expressions-15.0.1.jar;C:\Users\alwi\.m2\repository\io\cucumber\datatable\7.2.3\datatable-7.2.3.jar;C:\Users\alwi\.m2\repository\io\cucumber\cucumber-plugin\7.2.3\cucumber-plugin-7.2.3.jar;C:\Users\alwi\.m2\repository\io\cucumber\docstring\7.2.3\docstring-7.2.3.jar;C:\Users\alwi\.m2\repository\io\cucumber\html-formatter\17.0.0\html-formatter-17.0.0.jar;C:\Users\alwi\.m2\repository\io\cucumber\ci-environment\8.1.0\ci-environment-8.1.0.jar;C:\Users\alwi\.m2\repository\io\cucumber\cucumber-junit\7.2.3\cucumber-junit-7.2.3.jar;C:\Users\alwi\.m2\repository\org\apache\commons\commons-csv\1.5\commons-csv-1.5.jar;C:\Users\alwi\.m2\repository\net\serenity-bdd\serenity-screenplay\3.2.1\serenity-screenplay-3.2.1.jar;C:\Users\alwi\.m2\repository\net\serenity-bdd\serenity-screenplay-webdriver\3.2.1\serenity-screenplay-webdriver-3.2.1.jar;C:\Users\alwi\.m2\repository\net\serenity-bdd\serenity-ensure\3.2.1\serenity-ensure-3.2.1.jar;C:\Users\alwi\.m2\repository\net\serenity-bdd\serenity-junit\3.2.1\serenity-junit-3.2.1.jar;C:\Users\alwi\.m2\repository\org\jetbrains\kotlin\kotlin-stdlib\1.6.0\kotlin-stdlib-1.6.0.jar;C:\Users\alwi\.m2\repository\org\jetbrains\annotations\13.0\annotations-13.0.jar;C:\Users\alwi\.m2\repository\org\jetbrains\kotlin\kotlin-stdlib-common\1.6.0\kotlin-stdlib-common-1.6.0.jar;C:\Users\alwi\.m2\repository\org\junit\platform\junit-platform-launcher\1.8.1\junit-platform-launcher-1.8.1.jar;C:\Users\alwi\.m2\repository\org\junit\platform\junit-platform-engine\1.8.1\junit-platform-engine-1.8.1.jar;C:\Users\alwi\.m2\repository\org\opentest4j\opentest4j\1.2.0\opentest4j-1.2.0.jar;C:\Users\alwi\.m2\repository\org\junit\platform\junit-platform-commons\1.8.1\junit-platform-commons-1.8.1.jar;C:\Users\alwi\.m2\repository\org\apiguardian\apiguardian-api\1.1.2\apiguardian-api-1.1.2.jar;C:\Users\alwi\.m2\repository\org\junit\jupiter\junit-jupiter-engine\5.8.2\junit-jupiter-engine-5.8.2.jar;C:\Users\alwi\.m2\repository\org\junit\jupiter\junit-jupiter-api\5.8.2\junit-jupiter-api-5.8.2.jar;C:\Users\alwi\.m2\repository\org\junit\vintage\junit-vintage-engine\5.8.2\junit-vintage-engine-5.8.2.jar;C:\Users\alwi\.m2\repository\junit\junit\4.13.2\junit-4.13.2.jar;C:\Users\alwi\.m2\repository\org\hamcrest\hamcrest-core\1.3\hamcrest-core-1.3.jar;C:\Users\alwi\.m2\repository\ch\qos\logback\logback-classic\1.2.10\logback-classic-1.2.10.jar;C:\Users\alwi\.m2\repository\ch\qos\logback\logback-core\1.2.10\logback-core-1.2.10.jar;C:\Users\alwi\.m2\repository\org\slf4j\slf4j-api\1.7.32\slf4j-api-1.7.32.jar;C:\Users\alwi\.m2\repository\org\assertj\assertj-core\3.6.2\assertj-core-3.6.2.jar;"/>
    <property name="java.vm.vendor" value="Oracle Corporation"/>
    <property name="sun.arch.data.model" value="64"/>
    <property name="user.variant" value=""/>
    <property name="java.vendor.url" value="https://java.oracle.com/"/>
    <property name="user.timezone" value="Asia/Jakarta"/>
    <property name="log4j2.formatMsgNoLookups" value="true"/>
    <property name="user.country.format" value="ID"/>
    <property name="os.name" value="Windows 10"/>
    <property name="java.vm.specification.version" value="13"/>
    <property name="sun.java.launcher" value="SUN_STANDARD"/>
    <property name="user.country" value="US"/>
    <property name="sun.boot.library.path" value="C:\Program Files\Java\jdk-13.0.2\bin"/>
    <property name="sun.java.command" value="org.apache.maven.surefire.booter.ForkedBooter C:\Users\alwi\AppData\Local\Temp\surefire13336239247377503445 2023-04-07T15-14-35_387-jvmRun1 surefire10826838938640181328tmp surefire_011560121773211419840tmp"/>
    <property name="jdk.debug" value="release"/>
    <property name="surefire.test.class.path" value="C:\Users\alwi\IdeaProjects\uniqloweb\target\test-classes;C:\Users\alwi\.m2\repository\net\serenity-bdd\serenity-core\3.2.1\serenity-core-3.2.1.jar;C:\Users\alwi\.m2\repository\net\serenity-bdd\serenity-model\3.2.1\serenity-model-3.2.1.jar;C:\Users\alwi\.m2\repository\org\apache\commons\commons-text\1.9\commons-text-1.9.jar;C:\Users\alwi\.m2\repository\commons-net\commons-net\3.8.0\commons-net-3.8.0.jar;C:\Users\alwi\.m2\repository\com\google\guava\guava\31.1-jre\guava-31.1-jre.jar;C:\Users\alwi\.m2\repository\com\google\guava\failureaccess\1.0.1\failureaccess-1.0.1.jar;C:\Users\alwi\.m2\repository\com\google\guava\listenablefuture\9999.0-empty-to-avoid-conflict-with-guava\listenablefuture-9999.0-empty-to-avoid-conflict-with-guava.jar;C:\Users\alwi\.m2\repository\com\google\code\findbugs\jsr305\3.0.2\jsr305-3.0.2.jar;C:\Users\alwi\.m2\repository\org\checkerframework\checker-qual\3.12.0\checker-qual-3.12.0.jar;C:\Users\alwi\.m2\repository\com\google\errorprone\error_prone_annotations\2.11.0\error_prone_annotations-2.11.0.jar;C:\Users\alwi\.m2\repository\com\google\j2objc\j2objc-annotations\1.3\j2objc-annotations-1.3.jar;C:\Users\alwi\.m2\repository\com\google\inject\guice\5.1.0\guice-5.1.0.jar;C:\Users\alwi\.m2\repository\javax\inject\javax.inject\1\javax.inject-1.jar;C:\Users\alwi\.m2\repository\aopalliance\aopalliance\1.0\aopalliance-1.0.jar;C:\Users\alwi\.m2\repository\org\jsoup\jsoup\1.14.3\jsoup-1.14.3.jar;C:\Users\alwi\.m2\repository\com\thoughtworks\xstream\xstream\1.4.19\xstream-1.4.19.jar;C:\Users\alwi\.m2\repository\io\github\x-stream\mxparser\1.2.2\mxparser-1.2.2.jar;C:\Users\alwi\.m2\repository\xmlpull\xmlpull\1.1.3.1\xmlpull-1.1.3.1.jar;C:\Users\alwi\.m2\repository\io\cucumber\cucumber-java\7.2.3\cucumber-java-7.2.3.jar;C:\Users\alwi\.m2\repository\com\typesafe\config\1.4.2\config-1.4.2.jar;C:\Users\alwi\.m2\repository\org\imgscalr\imgscalr-lib\4.2\imgscalr-lib-4.2.jar;C:\Users\alwi\.m2\repository\org\awaitility\awaitility\4.2.0\awaitility-4.2.0.jar;C:\Users\alwi\.m2\repository\org\freemarker\freemarker\2.3.31\freemarker-2.3.31.jar;C:\Users\alwi\.m2\repository\io\github\classgraph\classgraph\4.8.138\classgraph-4.8.138.jar;C:\Users\alwi\.m2\repository\net\sourceforge\jexcelapi\jxl\2.6.12\jxl-2.6.12.jar;C:\Users\alwi\.m2\repository\net\bytebuddy\byte-buddy\1.12.8\byte-buddy-1.12.8.jar;C:\Users\alwi\.m2\repository\net\bytebuddy\byte-buddy-agent\1.12.8\byte-buddy-agent-1.12.8.jar;C:\Users\alwi\.m2\repository\org\objenesis\objenesis\3.1\objenesis-3.1.jar;C:\Users\alwi\.m2\repository\net\serenity-bdd\serenity-reports\3.2.1\serenity-reports-3.2.1.jar;C:\Users\alwi\.m2\repository\net\serenity-bdd\serenity-stats\3.2.1\serenity-stats-3.2.1.jar;C:\Users\alwi\.m2\repository\net\serenity-bdd\serenity-reports-configuration\3.2.1\serenity-reports-configuration-3.2.1.jar;C:\Users\alwi\.m2\repository\com\vladsch\flexmark\flexmark-all\0.34.30\flexmark-all-0.34.30.jar;C:\Users\alwi\.m2\repository\com\vladsch\flexmark\flexmark\0.34.30\flexmark-0.34.30.jar;C:\Users\alwi\.m2\repository\com\vladsch\flexmark\flexmark-ext-abbreviation\0.34.30\flexmark-ext-abbreviation-0.34.30.jar;C:\Users\alwi\.m2\repository\com\vladsch\flexmark\flexmark-ext-admonition\0.34.30\flexmark-ext-admonition-0.34.30.jar;C:\Users\alwi\.m2\repository\com\vladsch\flexmark\flexmark-ext-anchorlink\0.34.30\flexmark-ext-anchorlink-0.34.30.jar;C:\Users\alwi\.m2\repository\com\vladsch\flexmark\flexmark-ext-aside\0.34.30\flexmark-ext-aside-0.34.30.jar;C:\Users\alwi\.m2\repository\com\vladsch\flexmark\flexmark-ext-attributes\0.34.30\flexmark-ext-attributes-0.34.30.jar;C:\Users\alwi\.m2\repository\com\vladsch\flexmark\flexmark-ext-autolink\0.34.30\flexmark-ext-autolink-0.34.30.jar;C:\Users\alwi\.m2\repository\org\nibor\autolink\autolink\0.6.0\autolink-0.6.0.jar;C:\Users\alwi\.m2\repository\com\vladsch\flexmark\flexmark-ext-definition\0.34.30\flexmark-ext-definition-0.34.30.jar;C:\Users\alwi\.m2\repository\com\vladsch\flexmark\flexmark-ext-emoji\0.34.30\flexmark-ext-emoji-0.34.30.jar;C:\Users\alwi\.m2\repository\com\vladsch\flexmark\flexmark-ext-enumerated-reference\0.34.30\flexmark-ext-enumerated-reference-0.34.30.jar;C:\Users\alwi\.m2\repository\com\vladsch\flexmark\flexmark-ext-escaped-character\0.34.30\flexmark-ext-escaped-character-0.34.30.jar;C:\Users\alwi\.m2\repository\com\vladsch\flexmark\flexmark-ext-footnotes\0.34.30\flexmark-ext-footnotes-0.34.30.jar;C:\Users\alwi\.m2\repository\com\vladsch\flexmark\flexmark-ext-gfm-issues\0.34.30\flexmark-ext-gfm-issues-0.34.30.jar;C:\Users\alwi\.m2\repository\com\vladsch\flexmark\flexmark-ext-gfm-strikethrough\0.34.30\flexmark-ext-gfm-strikethrough-0.34.30.jar;C:\Users\alwi\.m2\repository\com\vladsch\flexmark\flexmark-ext-gfm-tables\0.34.30\flexmark-ext-gfm-tables-0.34.30.jar;C:\Users\alwi\.m2\repository\com\vladsch\flexmark\flexmark-ext-gfm-tasklist\0.34.30\flexmark-ext-gfm-tasklist-0.34.30.jar;C:\Users\alwi\.m2\repository\com\vladsch\flexmark\flexmark-ext-gfm-users\0.34.30\flexmark-ext-gfm-users-0.34.30.jar;C:\Users\alwi\.m2\repository\com\vladsch\flexmark\flexmark-ext-gitlab\0.34.30\flexmark-ext-gitlab-0.34.30.jar;C:\Users\alwi\.m2\repository\com\vladsch\flexmark\flexmark-ext-jekyll-front-matter\0.34.30\flexmark-ext-jekyll-front-matter-0.34.30.jar;C:\Users\alwi\.m2\repository\com\vladsch\flexmark\flexmark-ext-jekyll-tag\0.34.30\flexmark-ext-jekyll-tag-0.34.30.jar;C:\Users\alwi\.m2\repository\com\vladsch\flexmark\flexmark-ext-media-tags\0.34.30\flexmark-ext-media-tags-0.34.30.jar;C:\Users\alwi\.m2\repository\com\vladsch\flexmark\flexmark-test-util\0.34.30\flexmark-test-util-0.34.30.jar;C:\Users\alwi\.m2\repository\com\vladsch\flexmark\flexmark-ext-ins\0.34.30\flexmark-ext-ins-0.34.30.jar;C:\Users\alwi\.m2\repository\com\vladsch\flexmark\flexmark-ext-xwiki-macros\0.34.30\flexmark-ext-xwiki-macros-0.34.30.jar;C:\Users\alwi\.m2\repository\com\vladsch\flexmark\flexmark-ext-superscript\0.34.30\flexmark-ext-superscript-0.34.30.jar;C:\Users\alwi\.m2\repository\com\vladsch\flexmark\flexmark-ext-tables\0.34.30\flexmark-ext-tables-0.34.30.jar;C:\Users\alwi\.m2\repository\com\vladsch\flexmark\flexmark-ext-toc\0.34.30\flexmark-ext-toc-0.34.30.jar;C:\Users\alwi\.m2\repository\com\vladsch\flexmark\flexmark-ext-typographic\0.34.30\flexmark-ext-typographic-0.34.30.jar;C:\Users\alwi\.m2\repository\com\vladsch\flexmark\flexmark-ext-wikilink\0.34.30\flexmark-ext-wikilink-0.34.30.jar;C:\Users\alwi\.m2\repository\com\vladsch\flexmark\flexmark-ext-yaml-front-matter\0.34.30\flexmark-ext-yaml-front-matter-0.34.30.jar;C:\Users\alwi\.m2\repository\com\vladsch\flexmark\flexmark-ext-youtube-embedded\0.34.30\flexmark-ext-youtube-embedded-0.34.30.jar;C:\Users\alwi\.m2\repository\com\vladsch\flexmark\flexmark-formatter\0.34.30\flexmark-formatter-0.34.30.jar;C:\Users\alwi\.m2\repository\com\vladsch\flexmark\flexmark-html-parser\0.34.30\flexmark-html-parser-0.34.30.jar;C:\Users\alwi\.m2\repository\com\vladsch\flexmark\flexmark-jira-converter\0.34.30\flexmark-jira-converter-0.34.30.jar;C:\Users\alwi\.m2\repository\com\vladsch\flexmark\flexmark-pdf-converter\0.34.30\flexmark-pdf-converter-0.34.30.jar;C:\Users\alwi\.m2\repository\com\openhtmltopdf\openhtmltopdf-core\0.0.1-RC13\openhtmltopdf-core-0.0.1-RC13.jar;C:\Users\alwi\.m2\repository\com\openhtmltopdf\openhtmltopdf-pdfbox\0.0.1-RC13\openhtmltopdf-pdfbox-0.0.1-RC13.jar;C:\Users\alwi\.m2\repository\org\apache\pdfbox\pdfbox\2.0.8\pdfbox-2.0.8.jar;C:\Users\alwi\.m2\repository\org\apache\pdfbox\fontbox\2.0.8\fontbox-2.0.8.jar;C:\Users\alwi\.m2\repository\commons-logging\commons-logging\1.2\commons-logging-1.2.jar;C:\Users\alwi\.m2\repository\org\apache\pdfbox\xmpbox\2.0.8\xmpbox-2.0.8.jar;C:\Users\alwi\.m2\repository\de\rototor\pdfbox\graphics2d\0.12\graphics2d-0.12.jar;C:\Users\alwi\.m2\repository\com\openhtmltopdf\openhtmltopdf-rtl-support\0.0.1-RC13\openhtmltopdf-rtl-support-0.0.1-RC13.jar;C:\Users\alwi\.m2\repository\com\ibm\icu\icu4j\59.1\icu4j-59.1.jar;C:\Users\alwi\.m2\repository\com\openhtmltopdf\openhtmltopdf-jsoup-dom-converter\0.0.1-RC13\openhtmltopdf-jsoup-dom-converter-0.0.1-RC13.jar;C:\Users\alwi\.m2\repository\com\vladsch\flexmark\flexmark-profile-pegdown\0.34.30\flexmark-profile-pegdown-0.34.30.jar;C:\Users\alwi\.m2\repository\com\vladsch\flexmark\flexmark-util\0.34.30\flexmark-util-0.34.30.jar;C:\Users\alwi\.m2\repository\com\vladsch\flexmark\flexmark-youtrack-converter\0.34.30\flexmark-youtrack-converter-0.34.30.jar;C:\Users\alwi\.m2\repository\es\nitaur\markdown\txtmark\0.16\txtmark-0.16.jar;C:\Users\alwi\.m2\repository\net\serenity-bdd\serenity-report-resources\3.2.1\serenity-report-resources-3.2.1.jar;C:\Users\alwi\.m2\repository\com\google\code\gson\gson\2.9.0\gson-2.9.0.jar;C:\Users\alwi\.m2\repository\com\fasterxml\jackson\core\jackson-core\2.13.2\jackson-core-2.13.2.jar;C:\Users\alwi\.m2\repository\com\fasterxml\jackson\core\jackson-databind\2.13.2\jackson-databind-2.13.2.jar;C:\Users\alwi\.m2\repository\com\fasterxml\jackson\core\jackson-annotations\2.13.2\jackson-annotations-2.13.2.jar;C:\Users\alwi\.m2\repository\commons-codec\commons-codec\1.15\commons-codec-1.15.jar;C:\Users\alwi\.m2\repository\commons-io\commons-io\2.11.0\commons-io-2.11.0.jar;C:\Users\alwi\.m2\repository\org\seleniumhq\selenium\selenium-java\4.1.2\selenium-java-4.1.2.jar;C:\Users\alwi\.m2\repository\org\seleniumhq\selenium\selenium-devtools-v85\4.1.2\selenium-devtools-v85-4.1.2.jar;C:\Users\alwi\.m2\repository\org\seleniumhq\selenium\selenium-devtools-v95\4.1.2\selenium-devtools-v95-4.1.2.jar;C:\Users\alwi\.m2\repository\org\seleniumhq\selenium\selenium-devtools-v96\4.1.2\selenium-devtools-v96-4.1.2.jar;C:\Users\alwi\.m2\repository\org\seleniumhq\selenium\selenium-devtools-v97\4.1.2\selenium-devtools-v97-4.1.2.jar;C:\Users\alwi\.m2\repository\org\seleniumhq\selenium\selenium-firefox-xpi-driver\4.1.2\selenium-firefox-xpi-driver-4.1.2.jar;C:\Users\alwi\.m2\repository\org\seleniumhq\selenium\selenium-opera-driver\4.1.2\selenium-opera-driver-4.1.2.jar;C:\Users\alwi\.m2\repository\org\seleniumhq\selenium\selenium-remote-driver\4.1.2\selenium-remote-driver-4.1.2.jar;C:\Users\alwi\.m2\repository\com\beust\jcommander\1.82\jcommander-1.82.jar;C:\Users\alwi\.m2\repository\io\netty\netty-buffer\4.1.73.Final\netty-buffer-4.1.73.Final.jar;C:\Users\alwi\.m2\repository\io\netty\netty-codec-http\4.1.73.Final\netty-codec-http-4.1.73.Final.jar;C:\Users\alwi\.m2\repository\io\netty\netty-codec\4.1.73.Final\netty-codec-4.1.73.Final.jar;C:\Users\alwi\.m2\repository\io\netty\netty-handler\4.1.73.Final\netty-handler-4.1.73.Final.jar;C:\Users\alwi\.m2\repository\io\netty\netty-tcnative-classes\2.0.46.Final\netty-tcnative-classes-2.0.46.Final.jar;C:\Users\alwi\.m2\repository\io\netty\netty-common\4.1.73.Final\netty-common-4.1.73.Final.jar;C:\Users\alwi\.m2\repository\io\netty\netty-transport-classes-epoll\4.1.73.Final\netty-transport-classes-epoll-4.1.73.Final.jar;C:\Users\alwi\.m2\repository\io\netty\netty-transport-classes-kqueue\4.1.73.Final\netty-transport-classes-kqueue-4.1.73.Final.jar;C:\Users\alwi\.m2\repository\io\netty\netty-transport-native-epoll\4.1.73.Final\netty-transport-native-epoll-4.1.73.Final.jar;C:\Users\alwi\.m2\repository\io\netty\netty-transport-native-kqueue\4.1.73.Final\netty-transport-native-kqueue-4.1.73.Final.jar;C:\Users\alwi\.m2\repository\io\netty\netty-transport-native-unix-common\4.1.73.Final\netty-transport-native-unix-common-4.1.73.Final.jar;C:\Users\alwi\.m2\repository\io\netty\netty-transport\4.1.73.Final\netty-transport-4.1.73.Final.jar;C:\Users\alwi\.m2\repository\io\netty\netty-resolver\4.1.73.Final\netty-resolver-4.1.73.Final.jar;C:\Users\alwi\.m2\repository\io\opentelemetry\opentelemetry-api\1.10.1\opentelemetry-api-1.10.1.jar;C:\Users\alwi\.m2\repository\io\opentelemetry\opentelemetry-context\1.10.1\opentelemetry-context-1.10.1.jar;C:\Users\alwi\.m2\repository\io\opentelemetry\opentelemetry-exporter-logging\1.10.1\opentelemetry-exporter-logging-1.10.1.jar;C:\Users\alwi\.m2\repository\io\opentelemetry\opentelemetry-sdk-metrics\1.10.1-alpha\opentelemetry-sdk-metrics-1.10.1-alpha.jar;C:\Users\alwi\.m2\repository\io\opentelemetry\opentelemetry-sdk-logs\1.10.1-alpha\opentelemetry-sdk-logs-1.10.1-alpha.jar;C:\Users\alwi\.m2\repository\io\opentelemetry\opentelemetry-sdk-common\1.10.1\opentelemetry-sdk-common-1.10.1.jar;C:\Users\alwi\.m2\repository\io\opentelemetry\opentelemetry-sdk-extension-autoconfigure-spi\1.10.1\opentelemetry-sdk-extension-autoconfigure-spi-1.10.1.jar;C:\Users\alwi\.m2\repository\io\opentelemetry\opentelemetry-sdk-extension-autoconfigure\1.10.1-alpha\opentelemetry-sdk-extension-autoconfigure-1.10.1-alpha.jar;C:\Users\alwi\.m2\repository\io\opentelemetry\opentelemetry-sdk-trace\1.10.1\opentelemetry-sdk-trace-1.10.1.jar;C:\Users\alwi\.m2\repository\io\opentelemetry\opentelemetry-sdk\1.10.1\opentelemetry-sdk-1.10.1.jar;C:\Users\alwi\.m2\repository\io\opentelemetry\opentelemetry-semconv\1.10.1-alpha\opentelemetry-semconv-1.10.1-alpha.jar;C:\Users\alwi\.m2\repository\io\ous\jtoml\2.0.0\jtoml-2.0.0.jar;C:\Users\alwi\.m2\repository\org\apache\commons\commons-exec\1.3\commons-exec-1.3.jar;C:\Users\alwi\.m2\repository\org\asynchttpclient\async-http-client\2.12.3\async-http-client-2.12.3.jar;C:\Users\alwi\.m2\repository\org\asynchttpclient\async-http-client-netty-utils\2.12.3\async-http-client-netty-utils-2.12.3.jar;C:\Users\alwi\.m2\repository\io\netty\netty-codec-socks\4.1.60.Final\netty-codec-socks-4.1.60.Final.jar;C:\Users\alwi\.m2\repository\io\netty\netty-handler-proxy\4.1.60.Final\netty-handler-proxy-4.1.60.Final.jar;C:\Users\alwi\.m2\repository\io\netty\netty-transport-native-epoll\4.1.60.Final\netty-transport-native-epoll-4.1.60.Final-linux-x86_64.jar;C:\Users\alwi\.m2\repository\io\netty\netty-transport-native-kqueue\4.1.60.Final\netty-transport-native-kqueue-4.1.60.Final-osx-x86_64.jar;C:\Users\alwi\.m2\repository\org\reactivestreams\reactive-streams\1.0.3\reactive-streams-1.0.3.jar;C:\Users\alwi\.m2\repository\com\typesafe\netty\netty-reactive-streams\2.0.4\netty-reactive-streams-2.0.4.jar;C:\Users\alwi\.m2\repository\org\seleniumhq\selenium\selenium-http\4.1.2\selenium-http-4.1.2.jar;C:\Users\alwi\.m2\repository\net\jodah\failsafe\2.4.4\failsafe-2.4.4.jar;C:\Users\alwi\.m2\repository\org\seleniumhq\selenium\selenium-safari-driver\4.1.2\selenium-safari-driver-4.1.2.jar;C:\Users\alwi\.m2\repository\org\seleniumhq\selenium\selenium-api\4.1.2\selenium-api-4.1.2.jar;C:\Users\alwi\.m2\repository\org\seleniumhq\selenium\selenium-support\4.1.2\selenium-support-4.1.2.jar;C:\Users\alwi\.m2\repository\com\google\auto\service\auto-service-annotations\1.0.1\auto-service-annotations-1.0.1.jar;C:\Users\alwi\.m2\repository\com\google\auto\service\auto-service\1.0.1\auto-service-1.0.1.jar;C:\Users\alwi\.m2\repository\com\google\auto\auto-common\1.2\auto-common-1.2.jar;C:\Users\alwi\.m2\repository\org\seleniumhq\selenium\selenium-json\4.1.2\selenium-json-4.1.2.jar;C:\Users\alwi\.m2\repository\org\seleniumhq\selenium\selenium-chrome-driver\4.1.2\selenium-chrome-driver-4.1.2.jar;C:\Users\alwi\.m2\repository\org\seleniumhq\selenium\selenium-chromium-driver\4.1.2\selenium-chromium-driver-4.1.2.jar;C:\Users\alwi\.m2\repository\org\seleniumhq\selenium\selenium-firefox-driver\4.1.2\selenium-firefox-driver-4.1.2.jar;C:\Users\alwi\.m2\repository\org\seleniumhq\selenium\selenium-edge-driver\4.1.2\selenium-edge-driver-4.1.2.jar;C:\Users\alwi\.m2\repository\org\seleniumhq\selenium\selenium-ie-driver\4.1.2\selenium-ie-driver-4.1.2.jar;C:\Users\alwi\.m2\repository\org\projectlombok\lombok\1.18.20\lombok-1.18.20.jar;C:\Users\alwi\.m2\repository\io\appium\java-client\8.0.0\java-client-8.0.0.jar;C:\Users\alwi\.m2\repository\commons-validator\commons-validator\1.7\commons-validator-1.7.jar;C:\Users\alwi\.m2\repository\commons-digester\commons-digester\2.1\commons-digester-2.1.jar;C:\Users\alwi\.m2\repository\org\aspectj\aspectjweaver\1.9.8\aspectjweaver-1.9.8.jar;C:\Users\alwi\.m2\repository\org\codehaus\groovy\groovy\3.0.10\groovy-3.0.10.jar;C:\Users\alwi\.m2\repository\net\sf\opencsv\opencsv\2.0\opencsv-2.0.jar;C:\Users\alwi\.m2\repository\commons-beanutils\commons-beanutils\1.9.4\commons-beanutils-1.9.4.jar;C:\Users\alwi\.m2\repository\org\apache\commons\commons-lang3\3.12.0\commons-lang3-3.12.0.jar;C:\Users\alwi\.m2\repository\commons-collections\commons-collections\3.2.2\commons-collections-3.2.2.jar;C:\Users\alwi\.m2\repository\org\fluentlenium\fluentlenium-core\0.10.2\fluentlenium-core-0.10.2.jar;C:\Users\alwi\.m2\repository\io\github\bonigarcia\webdrivermanager\5.1.0\webdrivermanager-5.1.0.jar;C:\Users\alwi\.m2\repository\com\github\docker-java\docker-java\3.2.13\docker-java-3.2.13.jar;C:\Users\alwi\.m2\repository\com\github\docker-java\docker-java-core\3.2.13\docker-java-core-3.2.13.jar;C:\Users\alwi\.m2\repository\com\github\docker-java\docker-java-api\3.2.13\docker-java-api-3.2.13.jar;C:\Users\alwi\.m2\repository\org\apache\commons\commons-compress\1.21\commons-compress-1.21.jar;C:\Users\alwi\.m2\repository\org\bouncycastle\bcpkix-jdk15on\1.64\bcpkix-jdk15on-1.64.jar;C:\Users\alwi\.m2\repository\org\bouncycastle\bcprov-jdk15on\1.64\bcprov-jdk15on-1.64.jar;C:\Users\alwi\.m2\repository\org\slf4j\jcl-over-slf4j\1.7.30\jcl-over-slf4j-1.7.30.jar;C:\Users\alwi\.m2\repository\com\github\docker-java\docker-java-transport-httpclient5\3.2.13\docker-java-transport-httpclient5-3.2.13.jar;C:\Users\alwi\.m2\repository\com\github\docker-java\docker-java-transport\3.2.13\docker-java-transport-3.2.13.jar;C:\Users\alwi\.m2\repository\org\apache\httpcomponents\client5\httpclient5\5.0.3\httpclient5-5.0.3.jar;C:\Users\alwi\.m2\repository\org\apache\httpcomponents\core5\httpcore5\5.0.2\httpcore5-5.0.2.jar;C:\Users\alwi\.m2\repository\net\java\dev\jna\jna\5.8.0\jna-5.8.0.jar;C:\Users\alwi\.m2\repository\org\brotli\dec\0.1.2\dec-0.1.2.jar;C:\Users\alwi\.m2\repository\com\jhlabs\filters\2.0.235\filters-2.0.235.jar;C:\Users\alwi\.m2\repository\com\paulhammant\ngwebdriver\1.1.6\ngwebdriver-1.1.6.jar;C:\Users\alwi\.m2\repository\joda-time\joda-time\2.8.2\joda-time-2.8.2.jar;C:\Users\alwi\.m2\repository\org\hamcrest\hamcrest\2.2\hamcrest-2.2.jar;C:\Users\alwi\.m2\repository\com\google\jimfs\jimfs\1.2\jimfs-1.2.jar;C:\Users\alwi\.m2\repository\org\mockito\mockito-core\3.3.3\mockito-core-3.3.3.jar;C:\Users\alwi\.m2\repository\javax\xml\bind\jaxb-api\2.3.1\jaxb-api-2.3.1.jar;C:\Users\alwi\.m2\repository\javax\activation\javax.activation-api\1.2.0\javax.activation-api-1.2.0.jar;C:\Users\alwi\.m2\repository\com\sun\xml\bind\jaxb-core\2.3.0.1\jaxb-core-2.3.0.1.jar;C:\Users\alwi\.m2\repository\com\sun\xml\bind\jaxb-impl\2.3.3\jaxb-impl-2.3.3.jar;C:\Users\alwi\.m2\repository\jakarta\xml\bind\jakarta.xml.bind-api\2.3.3\jakarta.xml.bind-api-2.3.3.jar;C:\Users\alwi\.m2\repository\com\sun\activation\jakarta.activation\1.2.2\jakarta.activation-1.2.2.jar;C:\Users\alwi\.m2\repository\javax\activation\activation\1.1.1\activation-1.1.1.jar;C:\Users\alwi\.m2\repository\net\serenity-bdd\serenity-cucumber\3.2.1\serenity-cucumber-3.2.1.jar;C:\Users\alwi\.m2\repository\io\cucumber\cucumber-core\7.2.3\cucumber-core-7.2.3.jar;C:\Users\alwi\.m2\repository\io\cucumber\cucumber-gherkin\7.2.3\cucumber-gherkin-7.2.3.jar;C:\Users\alwi\.m2\repository\io\cucumber\cucumber-gherkin-messages\7.2.3\cucumber-gherkin-messages-7.2.3.jar;C:\Users\alwi\.m2\repository\io\cucumber\messages\17.1.1\messages-17.1.1.jar;C:\Users\alwi\.m2\repository\io\cucumber\tag-expressions\4.1.0\tag-expressions-4.1.0.jar;C:\Users\alwi\.m2\repository\io\cucumber\cucumber-expressions\15.0.1\cucumber-expressions-15.0.1.jar;C:\Users\alwi\.m2\repository\io\cucumber\datatable\7.2.3\datatable-7.2.3.jar;C:\Users\alwi\.m2\repository\io\cucumber\cucumber-plugin\7.2.3\cucumber-plugin-7.2.3.jar;C:\Users\alwi\.m2\repository\io\cucumber\docstring\7.2.3\docstring-7.2.3.jar;C:\Users\alwi\.m2\repository\io\cucumber\html-formatter\17.0.0\html-formatter-17.0.0.jar;C:\Users\alwi\.m2\repository\io\cucumber\ci-environment\8.1.0\ci-environment-8.1.0.jar;C:\Users\alwi\.m2\repository\io\cucumber\cucumber-junit\7.2.3\cucumber-junit-7.2.3.jar;C:\Users\alwi\.m2\repository\org\apache\commons\commons-csv\1.5\commons-csv-1.5.jar;C:\Users\alwi\.m2\repository\net\serenity-bdd\serenity-screenplay\3.2.1\serenity-screenplay-3.2.1.jar;C:\Users\alwi\.m2\repository\net\serenity-bdd\serenity-screenplay-webdriver\3.2.1\serenity-screenplay-webdriver-3.2.1.jar;C:\Users\alwi\.m2\repository\net\serenity-bdd\serenity-ensure\3.2.1\serenity-ensure-3.2.1.jar;C:\Users\alwi\.m2\repository\net\serenity-bdd\serenity-junit\3.2.1\serenity-junit-3.2.1.jar;C:\Users\alwi\.m2\repository\org\jetbrains\kotlin\kotlin-stdlib\1.6.0\kotlin-stdlib-1.6.0.jar;C:\Users\alwi\.m2\repository\org\jetbrains\annotations\13.0\annotations-13.0.jar;C:\Users\alwi\.m2\repository\org\jetbrains\kotlin\kotlin-stdlib-common\1.6.0\kotlin-stdlib-common-1.6.0.jar;C:\Users\alwi\.m2\repository\org\junit\platform\junit-platform-launcher\1.8.1\junit-platform-launcher-1.8.1.jar;C:\Users\alwi\.m2\repository\org\junit\platform\junit-platform-engine\1.8.1\junit-platform-engine-1.8.1.jar;C:\Users\alwi\.m2\repository\org\opentest4j\opentest4j\1.2.0\opentest4j-1.2.0.jar;C:\Users\alwi\.m2\repository\org\junit\platform\junit-platform-commons\1.8.1\junit-platform-commons-1.8.1.jar;C:\Users\alwi\.m2\repository\org\apiguardian\apiguardian-api\1.1.2\apiguardian-api-1.1.2.jar;C:\Users\alwi\.m2\repository\org\junit\jupiter\junit-jupiter-engine\5.8.2\junit-jupiter-engine-5.8.2.jar;C:\Users\alwi\.m2\repository\org\junit\jupiter\junit-jupiter-api\5.8.2\junit-jupiter-api-5.8.2.jar;C:\Users\alwi\.m2\repository\org\junit\vintage\junit-vintage-engine\5.8.2\junit-vintage-engine-5.8.2.jar;C:\Users\alwi\.m2\repository\junit\junit\4.13.2\junit-4.13.2.jar;C:\Users\alwi\.m2\repository\org\hamcrest\hamcrest-core\1.3\hamcrest-core-1.3.jar;C:\Users\alwi\.m2\repository\ch\qos\logback\logback-classic\1.2.10\logback-classic-1.2.10.jar;C:\Users\alwi\.m2\repository\ch\qos\logback\logback-core\1.2.10\logback-core-1.2.10.jar;C:\Users\alwi\.m2\repository\org\slf4j\slf4j-api\1.7.32\slf4j-api-1.7.32.jar;C:\Users\alwi\.m2\repository\org\assertj\assertj-core\3.6.2\assertj-core-3.6.2.jar;"/>
    <property name="sun.cpu.endian" value="little"/>
    <property name="user.home" value="C:\Users\alwi"/>
    <property name="user.language" value="en"/>
    <property name="java.specification.vendor" value="Oracle Corporation"/>
    <property name="jdk.module.path" value="C:\Users\alwi\IdeaProjects\uniqloweb\target\uniqloweb-1.0-SNAPSHOT.jar"/>
    <property name="java.version.date" value="2020-01-14"/>
    <property name="java.home" value="C:\Program Files\Java\jdk-13.0.2"/>
    <property name="file.separator" value="\"/>
    <property name="basedir" value="C:\Users\alwi\IdeaProjects\uniqloweb"/>
    <property name="java.vm.compressedOopsMode" value="Zero based"/>
    <property name="line.separator" value="&#10;"/>
    <property name="java.vm.specification.vendor" value="Oracle Corporation"/>
    <property name="java.specification.name" value="Java Platform API Specification"/>
    <property name="surefire.real.class.path" value="C:\Users\alwi\.m2\repository\org\apache\maven\surefire\surefire-booter\3.0.0-M5\surefire-booter-3.0.0-M5.jar;C:\Users\alwi\.m2\repository\org\apache\maven\surefire\surefire-api\3.0.0-M5\surefire-api-3.0.0-M5.jar;C:\Users\alwi\.m2\repository\org\apache\maven\surefire\surefire-logger-api\3.0.0-M5\surefire-logger-api-3.0.0-M5.jar;C:\Users\alwi\.m2\repository\org\apache\maven\surefire\surefire-shared-utils\3.0.0-M4\surefire-shared-utils-3.0.0-M4.jar;C:\Users\alwi\.m2\repository\org\apache\maven\surefire\surefire-extensions-spi\3.0.0-M5\surefire-extensions-spi-3.0.0-M5.jar;C:\Users\alwi\IdeaProjects\uniqloweb\target\test-classes;C:\Users\alwi\.m2\repository\net\serenity-bdd\serenity-core\3.2.1\serenity-core-3.2.1.jar;C:\Users\alwi\.m2\repository\net\serenity-bdd\serenity-model\3.2.1\serenity-model-3.2.1.jar;C:\Users\alwi\.m2\repository\org\apache\commons\commons-text\1.9\commons-text-1.9.jar;C:\Users\alwi\.m2\repository\commons-net\commons-net\3.8.0\commons-net-3.8.0.jar;C:\Users\alwi\.m2\repository\com\google\guava\guava\31.1-jre\guava-31.1-jre.jar;C:\Users\alwi\.m2\repository\com\google\guava\failureaccess\1.0.1\failureaccess-1.0.1.jar;C:\Users\alwi\.m2\repository\com\google\guava\listenablefuture\9999.0-empty-to-avoid-conflict-with-guava\listenablefuture-9999.0-empty-to-avoid-conflict-with-guava.jar;C:\Users\alwi\.m2\repository\com\google\code\findbugs\jsr305\3.0.2\jsr305-3.0.2.jar;C:\Users\alwi\.m2\repository\org\checkerframework\checker-qual\3.12.0\checker-qual-3.12.0.jar;C:\Users\alwi\.m2\repository\com\google\errorprone\error_prone_annotations\2.11.0\error_prone_annotations-2.11.0.jar;C:\Users\alwi\.m2\repository\com\google\j2objc\j2objc-annotations\1.3\j2objc-annotations-1.3.jar;C:\Users\alwi\.m2\repository\com\google\inject\guice\5.1.0\guice-5.1.0.jar;C:\Users\alwi\.m2\repository\javax\inject\javax.inject\1\javax.inject-1.jar;C:\Users\alwi\.m2\repository\aopalliance\aopalliance\1.0\aopalliance-1.0.jar;C:\Users\alwi\.m2\repository\org\jsoup\jsoup\1.14.3\jsoup-1.14.3.jar;C:\Users\alwi\.m2\repository\com\thoughtworks\xstream\xstream\1.4.19\xstream-1.4.19.jar;C:\Users\alwi\.m2\repository\io\github\x-stream\mxparser\1.2.2\mxparser-1.2.2.jar;C:\Users\alwi\.m2\repository\xmlpull\xmlpull\1.1.3.1\xmlpull-1.1.3.1.jar;C:\Users\alwi\.m2\repository\io\cucumber\cucumber-java\7.2.3\cucumber-java-7.2.3.jar;C:\Users\alwi\.m2\repository\com\typesafe\config\1.4.2\config-1.4.2.jar;C:\Users\alwi\.m2\repository\org\imgscalr\imgscalr-lib\4.2\imgscalr-lib-4.2.jar;C:\Users\alwi\.m2\repository\org\awaitility\awaitility\4.2.0\awaitility-4.2.0.jar;C:\Users\alwi\.m2\repository\org\freemarker\freemarker\2.3.31\freemarker-2.3.31.jar;C:\Users\alwi\.m2\repository\io\github\classgraph\classgraph\4.8.138\classgraph-4.8.138.jar;C:\Users\alwi\.m2\repository\net\sourceforge\jexcelapi\jxl\2.6.12\jxl-2.6.12.jar;C:\Users\alwi\.m2\repository\net\bytebuddy\byte-buddy\1.12.8\byte-buddy-1.12.8.jar;C:\Users\alwi\.m2\repository\net\bytebuddy\byte-buddy-agent\1.12.8\byte-buddy-agent-1.12.8.jar;C:\Users\alwi\.m2\repository\org\objenesis\objenesis\3.1\objenesis-3.1.jar;C:\Users\alwi\.m2\repository\net\serenity-bdd\serenity-reports\3.2.1\serenity-reports-3.2.1.jar;C:\Users\alwi\.m2\repository\net\serenity-bdd\serenity-stats\3.2.1\serenity-stats-3.2.1.jar;C:\Users\alwi\.m2\repository\net\serenity-bdd\serenity-reports-configuration\3.2.1\serenity-reports-configuration-3.2.1.jar;C:\Users\alwi\.m2\repository\com\vladsch\flexmark\flexmark-all\0.34.30\flexmark-all-0.34.30.jar;C:\Users\alwi\.m2\repository\com\vladsch\flexmark\flexmark\0.34.30\flexmark-0.34.30.jar;C:\Users\alwi\.m2\repository\com\vladsch\flexmark\flexmark-ext-abbreviation\0.34.30\flexmark-ext-abbreviation-0.34.30.jar;C:\Users\alwi\.m2\repository\com\vladsch\flexmark\flexmark-ext-admonition\0.34.30\flexmark-ext-admonition-0.34.30.jar;C:\Users\alwi\.m2\repository\com\vladsch\flexmark\flexmark-ext-anchorlink\0.34.30\flexmark-ext-anchorlink-0.34.30.jar;C:\Users\alwi\.m2\repository\com\vladsch\flexmark\flexmark-ext-aside\0.34.30\flexmark-ext-aside-0.34.30.jar;C:\Users\alwi\.m2\repository\com\vladsch\flexmark\flexmark-ext-attributes\0.34.30\flexmark-ext-attributes-0.34.30.jar;C:\Users\alwi\.m2\repository\com\vladsch\flexmark\flexmark-ext-autolink\0.34.30\flexmark-ext-autolink-0.34.30.jar;C:\Users\alwi\.m2\repository\org\nibor\autolink\autolink\0.6.0\autolink-0.6.0.jar;C:\Users\alwi\.m2\repository\com\vladsch\flexmark\flexmark-ext-definition\0.34.30\flexmark-ext-definition-0.34.30.jar;C:\Users\alwi\.m2\repository\com\vladsch\flexmark\flexmark-ext-emoji\0.34.30\flexmark-ext-emoji-0.34.30.jar;C:\Users\alwi\.m2\repository\com\vladsch\flexmark\flexmark-ext-enumerated-reference\0.34.30\flexmark-ext-enumerated-reference-0.34.30.jar;C:\Users\alwi\.m2\repository\com\vladsch\flexmark\flexmark-ext-escaped-character\0.34.30\flexmark-ext-escaped-character-0.34.30.jar;C:\Users\alwi\.m2\repository\com\vladsch\flexmark\flexmark-ext-footnotes\0.34.30\flexmark-ext-footnotes-0.34.30.jar;C:\Users\alwi\.m2\repository\com\vladsch\flexmark\flexmark-ext-gfm-issues\0.34.30\flexmark-ext-gfm-issues-0.34.30.jar;C:\Users\alwi\.m2\repository\com\vladsch\flexmark\flexmark-ext-gfm-strikethrough\0.34.30\flexmark-ext-gfm-strikethrough-0.34.30.jar;C:\Users\alwi\.m2\repository\com\vladsch\flexmark\flexmark-ext-gfm-tables\0.34.30\flexmark-ext-gfm-tables-0.34.30.jar;C:\Users\alwi\.m2\repository\com\vladsch\flexmark\flexmark-ext-gfm-tasklist\0.34.30\flexmark-ext-gfm-tasklist-0.34.30.jar;C:\Users\alwi\.m2\repository\com\vladsch\flexmark\flexmark-ext-gfm-users\0.34.30\flexmark-ext-gfm-users-0.34.30.jar;C:\Users\alwi\.m2\repository\com\vladsch\flexmark\flexmark-ext-gitlab\0.34.30\flexmark-ext-gitlab-0.34.30.jar;C:\Users\alwi\.m2\repository\com\vladsch\flexmark\flexmark-ext-jekyll-front-matter\0.34.30\flexmark-ext-jekyll-front-matter-0.34.30.jar;C:\Users\alwi\.m2\repository\com\vladsch\flexmark\flexmark-ext-jekyll-tag\0.34.30\flexmark-ext-jekyll-tag-0.34.30.jar;C:\Users\alwi\.m2\repository\com\vladsch\flexmark\flexmark-ext-media-tags\0.34.30\flexmark-ext-media-tags-0.34.30.jar;C:\Users\alwi\.m2\repository\com\vladsch\flexmark\flexmark-test-util\0.34.30\flexmark-test-util-0.34.30.jar;C:\Users\alwi\.m2\repository\com\vladsch\flexmark\flexmark-ext-ins\0.34.30\flexmark-ext-ins-0.34.30.jar;C:\Users\alwi\.m2\repository\com\vladsch\flexmark\flexmark-ext-xwiki-macros\0.34.30\flexmark-ext-xwiki-macros-0.34.30.jar;C:\Users\alwi\.m2\repository\com\vladsch\flexmark\flexmark-ext-superscript\0.34.30\flexmark-ext-superscript-0.34.30.jar;C:\Users\alwi\.m2\repository\com\vladsch\flexmark\flexmark-ext-tables\0.34.30\flexmark-ext-tables-0.34.30.jar;C:\Users\alwi\.m2\repository\com\vladsch\flexmark\flexmark-ext-toc\0.34.30\flexmark-ext-toc-0.34.30.jar;C:\Users\alwi\.m2\repository\com\vladsch\flexmark\flexmark-ext-typographic\0.34.30\flexmark-ext-typographic-0.34.30.jar;C:\Users\alwi\.m2\repository\com\vladsch\flexmark\flexmark-ext-wikilink\0.34.30\flexmark-ext-wikilink-0.34.30.jar;C:\Users\alwi\.m2\repository\com\vladsch\flexmark\flexmark-ext-yaml-front-matter\0.34.30\flexmark-ext-yaml-front-matter-0.34.30.jar;C:\Users\alwi\.m2\repository\com\vladsch\flexmark\flexmark-ext-youtube-embedded\0.34.30\flexmark-ext-youtube-embedded-0.34.30.jar;C:\Users\alwi\.m2\repository\com\vladsch\flexmark\flexmark-formatter\0.34.30\flexmark-formatter-0.34.30.jar;C:\Users\alwi\.m2\repository\com\vladsch\flexmark\flexmark-html-parser\0.34.30\flexmark-html-parser-0.34.30.jar;C:\Users\alwi\.m2\repository\com\vladsch\flexmark\flexmark-jira-converter\0.34.30\flexmark-jira-converter-0.34.30.jar;C:\Users\alwi\.m2\repository\com\vladsch\flexmark\flexmark-pdf-converter\0.34.30\flexmark-pdf-converter-0.34.30.jar;C:\Users\alwi\.m2\repository\com\openhtmltopdf\openhtmltopdf-core\0.0.1-RC13\openhtmltopdf-core-0.0.1-RC13.jar;C:\Users\alwi\.m2\repository\com\openhtmltopdf\openhtmltopdf-pdfbox\0.0.1-RC13\openhtmltopdf-pdfbox-0.0.1-RC13.jar;C:\Users\alwi\.m2\repository\org\apache\pdfbox\pdfbox\2.0.8\pdfbox-2.0.8.jar;C:\Users\alwi\.m2\repository\org\apache\pdfbox\fontbox\2.0.8\fontbox-2.0.8.jar;C:\Users\alwi\.m2\repository\commons-logging\commons-logging\1.2\commons-logging-1.2.jar;C:\Users\alwi\.m2\repository\org\apache\pdfbox\xmpbox\2.0.8\xmpbox-2.0.8.jar;C:\Users\alwi\.m2\repository\de\rototor\pdfbox\graphics2d\0.12\graphics2d-0.12.jar;C:\Users\alwi\.m2\repository\com\openhtmltopdf\openhtmltopdf-rtl-support\0.0.1-RC13\openhtmltopdf-rtl-support-0.0.1-RC13.jar;C:\Users\alwi\.m2\repository\com\ibm\icu\icu4j\59.1\icu4j-59.1.jar;C:\Users\alwi\.m2\repository\com\openhtmltopdf\openhtmltopdf-jsoup-dom-converter\0.0.1-RC13\openhtmltopdf-jsoup-dom-converter-0.0.1-RC13.jar;C:\Users\alwi\.m2\repository\com\vladsch\flexmark\flexmark-profile-pegdown\0.34.30\flexmark-profile-pegdown-0.34.30.jar;C:\Users\alwi\.m2\repository\com\vladsch\flexmark\flexmark-util\0.34.30\flexmark-util-0.34.30.jar;C:\Users\alwi\.m2\repository\com\vladsch\flexmark\flexmark-youtrack-converter\0.34.30\flexmark-youtrack-converter-0.34.30.jar;C:\Users\alwi\.m2\repository\es\nitaur\markdown\txtmark\0.16\txtmark-0.16.jar;C:\Users\alwi\.m2\repository\net\serenity-bdd\serenity-report-resources\3.2.1\serenity-report-resources-3.2.1.jar;C:\Users\alwi\.m2\repository\com\google\code\gson\gson\2.9.0\gson-2.9.0.jar;C:\Users\alwi\.m2\repository\com\fasterxml\jackson\core\jackson-core\2.13.2\jackson-core-2.13.2.jar;C:\Users\alwi\.m2\repository\com\fasterxml\jackson\core\jackson-databind\2.13.2\jackson-databind-2.13.2.jar;C:\Users\alwi\.m2\repository\com\fasterxml\jackson\core\jackson-annotations\2.13.2\jackson-annotations-2.13.2.jar;C:\Users\alwi\.m2\repository\commons-codec\commons-codec\1.15\commons-codec-1.15.jar;C:\Users\alwi\.m2\repository\commons-io\commons-io\2.11.0\commons-io-2.11.0.jar;C:\Users\alwi\.m2\repository\org\seleniumhq\selenium\selenium-java\4.1.2\selenium-java-4.1.2.jar;C:\Users\alwi\.m2\repository\org\seleniumhq\selenium\selenium-devtools-v85\4.1.2\selenium-devtools-v85-4.1.2.jar;C:\Users\alwi\.m2\repository\org\seleniumhq\selenium\selenium-devtools-v95\4.1.2\selenium-devtools-v95-4.1.2.jar;C:\Users\alwi\.m2\repository\org\seleniumhq\selenium\selenium-devtools-v96\4.1.2\selenium-devtools-v96-4.1.2.jar;C:\Users\alwi\.m2\repository\org\seleniumhq\selenium\selenium-devtools-v97\4.1.2\selenium-devtools-v97-4.1.2.jar;C:\Users\alwi\.m2\repository\org\seleniumhq\selenium\selenium-firefox-xpi-driver\4.1.2\selenium-firefox-xpi-driver-4.1.2.jar;C:\Users\alwi\.m2\repository\org\seleniumhq\selenium\selenium-opera-driver\4.1.2\selenium-opera-driver-4.1.2.jar;C:\Users\alwi\.m2\repository\org\seleniumhq\selenium\selenium-remote-driver\4.1.2\selenium-remote-driver-4.1.2.jar;C:\Users\alwi\.m2\repository\com\beust\jcommander\1.82\jcommander-1.82.jar;C:\Users\alwi\.m2\repository\io\netty\netty-buffer\4.1.73.Final\netty-buffer-4.1.73.Final.jar;C:\Users\alwi\.m2\repository\io\netty\netty-codec-http\4.1.73.Final\netty-codec-http-4.1.73.Final.jar;C:\Users\alwi\.m2\repository\io\netty\netty-codec\4.1.73.Final\netty-codec-4.1.73.Final.jar;C:\Users\alwi\.m2\repository\io\netty\netty-handler\4.1.73.Final\netty-handler-4.1.73.Final.jar;C:\Users\alwi\.m2\repository\io\netty\netty-tcnative-classes\2.0.46.Final\netty-tcnative-classes-2.0.46.Final.jar;C:\Users\alwi\.m2\repository\io\netty\netty-common\4.1.73.Final\netty-common-4.1.73.Final.jar;C:\Users\alwi\.m2\repository\io\netty\netty-transport-classes-epoll\4.1.73.Final\netty-transport-classes-epoll-4.1.73.Final.jar;C:\Users\alwi\.m2\repository\io\netty\netty-transport-classes-kqueue\4.1.73.Final\netty-transport-classes-kqueue-4.1.73.Final.jar;C:\Users\alwi\.m2\repository\io\netty\netty-transport-native-epoll\4.1.73.Final\netty-transport-native-epoll-4.1.73.Final.jar;C:\Users\alwi\.m2\repository\io\netty\netty-transport-native-kqueue\4.1.73.Final\netty-transport-native-kqueue-4.1.73.Final.jar;C:\Users\alwi\.m2\repository\io\netty\netty-transport-native-unix-common\4.1.73.Final\netty-transport-native-unix-common-4.1.73.Final.jar;C:\Users\alwi\.m2\repository\io\netty\netty-transport\4.1.73.Final\netty-transport-4.1.73.Final.jar;C:\Users\alwi\.m2\repository\io\netty\netty-resolver\4.1.73.Final\netty-resolver-4.1.73.Final.jar;C:\Users\alwi\.m2\repository\io\opentelemetry\opentelemetry-api\1.10.1\opentelemetry-api-1.10.1.jar;C:\Users\alwi\.m2\repository\io\opentelemetry\opentelemetry-context\1.10.1\opentelemetry-context-1.10.1.jar;C:\Users\alwi\.m2\repository\io\opentelemetry\opentelemetry-exporter-logging\1.10.1\opentelemetry-exporter-logging-1.10.1.jar;C:\Users\alwi\.m2\repository\io\opentelemetry\opentelemetry-sdk-metrics\1.10.1-alpha\opentelemetry-sdk-metrics-1.10.1-alpha.jar;C:\Users\alwi\.m2\repository\io\opentelemetry\opentelemetry-sdk-logs\1.10.1-alpha\opentelemetry-sdk-logs-1.10.1-alpha.jar;C:\Users\alwi\.m2\repository\io\opentelemetry\opentelemetry-sdk-common\1.10.1\opentelemetry-sdk-common-1.10.1.jar;C:\Users\alwi\.m2\repository\io\opentelemetry\opentelemetry-sdk-extension-autoconfigure-spi\1.10.1\opentelemetry-sdk-extension-autoconfigure-spi-1.10.1.jar;C:\Users\alwi\.m2\repository\io\opentelemetry\opentelemetry-sdk-extension-autoconfigure\1.10.1-alpha\opentelemetry-sdk-extension-autoconfigure-1.10.1-alpha.jar;C:\Users\alwi\.m2\repository\io\opentelemetry\opentelemetry-sdk-trace\1.10.1\opentelemetry-sdk-trace-1.10.1.jar;C:\Users\alwi\.m2\repository\io\opentelemetry\opentelemetry-sdk\1.10.1\opentelemetry-sdk-1.10.1.jar;C:\Users\alwi\.m2\repository\io\opentelemetry\opentelemetry-semconv\1.10.1-alpha\opentelemetry-semconv-1.10.1-alpha.jar;C:\Users\alwi\.m2\repository\io\ous\jtoml\2.0.0\jtoml-2.0.0.jar;C:\Users\alwi\.m2\repository\org\apache\commons\commons-exec\1.3\commons-exec-1.3.jar;C:\Users\alwi\.m2\repository\org\asynchttpclient\async-http-client\2.12.3\async-http-client-2.12.3.jar;C:\Users\alwi\.m2\repository\org\asynchttpclient\async-http-client-netty-utils\2.12.3\async-http-client-netty-utils-2.12.3.jar;C:\Users\alwi\.m2\repository\io\netty\netty-codec-socks\4.1.60.Final\netty-codec-socks-4.1.60.Final.jar;C:\Users\alwi\.m2\repository\io\netty\netty-handler-proxy\4.1.60.Final\netty-handler-proxy-4.1.60.Final.jar;C:\Users\alwi\.m2\repository\io\netty\netty-transport-native-epoll\4.1.60.Final\netty-transport-native-epoll-4.1.60.Final-linux-x86_64.jar;C:\Users\alwi\.m2\repository\io\netty\netty-transport-native-kqueue\4.1.60.Final\netty-transport-native-kqueue-4.1.60.Final-osx-x86_64.jar;C:\Users\alwi\.m2\repository\org\reactivestreams\reactive-streams\1.0.3\reactive-streams-1.0.3.jar;C:\Users\alwi\.m2\repository\com\typesafe\netty\netty-reactive-streams\2.0.4\netty-reactive-streams-2.0.4.jar;C:\Users\alwi\.m2\repository\org\seleniumhq\selenium\selenium-http\4.1.2\selenium-http-4.1.2.jar;C:\Users\alwi\.m2\repository\net\jodah\failsafe\2.4.4\failsafe-2.4.4.jar;C:\Users\alwi\.m2\repository\org\seleniumhq\selenium\selenium-safari-driver\4.1.2\selenium-safari-driver-4.1.2.jar;C:\Users\alwi\.m2\repository\org\seleniumhq\selenium\selenium-api\4.1.2\selenium-api-4.1.2.jar;C:\Users\alwi\.m2\repository\org\seleniumhq\selenium\selenium-support\4.1.2\selenium-support-4.1.2.jar;C:\Users\alwi\.m2\repository\com\google\auto\service\auto-service-annotations\1.0.1\auto-service-annotations-1.0.1.jar;C:\Users\alwi\.m2\repository\com\google\auto\service\auto-service\1.0.1\auto-service-1.0.1.jar;C:\Users\alwi\.m2\repository\com\google\auto\auto-common\1.2\auto-common-1.2.jar;C:\Users\alwi\.m2\repository\org\seleniumhq\selenium\selenium-json\4.1.2\selenium-json-4.1.2.jar;C:\Users\alwi\.m2\repository\org\seleniumhq\selenium\selenium-chrome-driver\4.1.2\selenium-chrome-driver-4.1.2.jar;C:\Users\alwi\.m2\repository\org\seleniumhq\selenium\selenium-chromium-driver\4.1.2\selenium-chromium-driver-4.1.2.jar;C:\Users\alwi\.m2\repository\org\seleniumhq\selenium\selenium-firefox-driver\4.1.2\selenium-firefox-driver-4.1.2.jar;C:\Users\alwi\.m2\repository\org\seleniumhq\selenium\selenium-edge-driver\4.1.2\selenium-edge-driver-4.1.2.jar;C:\Users\alwi\.m2\repository\org\seleniumhq\selenium\selenium-ie-driver\4.1.2\selenium-ie-driver-4.1.2.jar;C:\Users\alwi\.m2\repository\org\projectlombok\lombok\1.18.20\lombok-1.18.20.jar;C:\Users\alwi\.m2\repository\io\appium\java-client\8.0.0\java-client-8.0.0.jar;C:\Users\alwi\.m2\repository\commons-validator\commons-validator\1.7\commons-validator-1.7.jar;C:\Users\alwi\.m2\repository\commons-digester\commons-digester\2.1\commons-digester-2.1.jar;C:\Users\alwi\.m2\repository\org\aspectj\aspectjweaver\1.9.8\aspectjweaver-1.9.8.jar;C:\Users\alwi\.m2\repository\org\codehaus\groovy\groovy\3.0.10\groovy-3.0.10.jar;C:\Users\alwi\.m2\repository\net\sf\opencsv\opencsv\2.0\opencsv-2.0.jar;C:\Users\alwi\.m2\repository\commons-beanutils\commons-beanutils\1.9.4\commons-beanutils-1.9.4.jar;C:\Users\alwi\.m2\repository\org\apache\commons\commons-lang3\3.12.0\commons-lang3-3.12.0.jar;C:\Users\alwi\.m2\repository\commons-collections\commons-collections\3.2.2\commons-collections-3.2.2.jar;C:\Users\alwi\.m2\repository\org\fluentlenium\fluentlenium-core\0.10.2\fluentlenium-core-0.10.2.jar;C:\Users\alwi\.m2\repository\io\github\bonigarcia\webdrivermanager\5.1.0\webdrivermanager-5.1.0.jar;C:\Users\alwi\.m2\repository\com\github\docker-java\docker-java\3.2.13\docker-java-3.2.13.jar;C:\Users\alwi\.m2\repository\com\github\docker-java\docker-java-core\3.2.13\docker-java-core-3.2.13.jar;C:\Users\alwi\.m2\repository\com\github\docker-java\docker-java-api\3.2.13\docker-java-api-3.2.13.jar;C:\Users\alwi\.m2\repository\org\apache\commons\commons-compress\1.21\commons-compress-1.21.jar;C:\Users\alwi\.m2\repository\org\bouncycastle\bcpkix-jdk15on\1.64\bcpkix-jdk15on-1.64.jar;C:\Users\alwi\.m2\repository\org\bouncycastle\bcprov-jdk15on\1.64\bcprov-jdk15on-1.64.jar;C:\Users\alwi\.m2\repository\org\slf4j\jcl-over-slf4j\1.7.30\jcl-over-slf4j-1.7.30.jar;C:\Users\alwi\.m2\repository\com\github\docker-java\docker-java-transport-httpclient5\3.2.13\docker-java-transport-httpclient5-3.2.13.jar;C:\Users\alwi\.m2\repository\com\github\docker-java\docker-java-transport\3.2.13\docker-java-transport-3.2.13.jar;C:\Users\alwi\.m2\repository\org\apache\httpcomponents\client5\httpclient5\5.0.3\httpclient5-5.0.3.jar;C:\Users\alwi\.m2\repository\org\apache\httpcomponents\core5\httpcore5\5.0.2\httpcore5-5.0.2.jar;C:\Users\alwi\.m2\repository\net\java\dev\jna\jna\5.8.0\jna-5.8.0.jar;C:\Users\alwi\.m2\repository\org\brotli\dec\0.1.2\dec-0.1.2.jar;C:\Users\alwi\.m2\repository\com\jhlabs\filters\2.0.235\filters-2.0.235.jar;C:\Users\alwi\.m2\repository\com\paulhammant\ngwebdriver\1.1.6\ngwebdriver-1.1.6.jar;C:\Users\alwi\.m2\repository\joda-time\joda-time\2.8.2\joda-time-2.8.2.jar;C:\Users\alwi\.m2\repository\org\hamcrest\hamcrest\2.2\hamcrest-2.2.jar;C:\Users\alwi\.m2\repository\com\google\jimfs\jimfs\1.2\jimfs-1.2.jar;C:\Users\alwi\.m2\repository\org\mockito\mockito-core\3.3.3\mockito-core-3.3.3.jar;C:\Users\alwi\.m2\repository\javax\xml\bind\jaxb-api\2.3.1\jaxb-api-2.3.1.jar;C:\Users\alwi\.m2\repository\javax\activation\javax.activation-api\1.2.0\javax.activation-api-1.2.0.jar;C:\Users\alwi\.m2\repository\com\sun\xml\bind\jaxb-core\2.3.0.1\jaxb-core-2.3.0.1.jar;C:\Users\alwi\.m2\repository\com\sun\xml\bind\jaxb-impl\2.3.3\jaxb-impl-2.3.3.jar;C:\Users\alwi\.m2\repository\jakarta\xml\bind\jakarta.xml.bind-api\2.3.3\jakarta.xml.bind-api-2.3.3.jar;C:\Users\alwi\.m2\repository\com\sun\activation\jakarta.activation\1.2.2\jakarta.activation-1.2.2.jar;C:\Users\alwi\.m2\repository\javax\activation\activation\1.1.1\activation-1.1.1.jar;C:\Users\alwi\.m2\repository\net\serenity-bdd\serenity-cucumber\3.2.1\serenity-cucumber-3.2.1.jar;C:\Users\alwi\.m2\repository\io\cucumber\cucumber-core\7.2.3\cucumber-core-7.2.3.jar;C:\Users\alwi\.m2\repository\io\cucumber\cucumber-gherkin\7.2.3\cucumber-gherkin-7.2.3.jar;C:\Users\alwi\.m2\repository\io\cucumber\cucumber-gherkin-messages\7.2.3\cucumber-gherkin-messages-7.2.3.jar;C:\Users\alwi\.m2\repository\io\cucumber\messages\17.1.1\messages-17.1.1.jar;C:\Users\alwi\.m2\repository\io\cucumber\tag-expressions\4.1.0\tag-expressions-4.1.0.jar;C:\Users\alwi\.m2\repository\io\cucumber\cucumber-expressions\15.0.1\cucumber-expressions-15.0.1.jar;C:\Users\alwi\.m2\repository\io\cucumber\datatable\7.2.3\datatable-7.2.3.jar;C:\Users\alwi\.m2\repository\io\cucumber\cucumber-plugin\7.2.3\cucumber-plugin-7.2.3.jar;C:\Users\alwi\.m2\repository\io\cucumber\docstring\7.2.3\docstring-7.2.3.jar;C:\Users\alwi\.m2\repository\io\cucumber\html-formatter\17.0.0\html-formatter-17.0.0.jar;C:\Users\alwi\.m2\repository\io\cucumber\ci-environment\8.1.0\ci-environment-8.1.0.jar;C:\Users\alwi\.m2\repository\io\cucumber\cucumber-junit\7.2.3\cucumber-junit-7.2.3.jar;C:\Users\alwi\.m2\repository\org\apache\commons\commons-csv\1.5\commons-csv-1.5.jar;C:\Users\alwi\.m2\repository\net\serenity-bdd\serenity-screenplay\3.2.1\serenity-screenplay-3.2.1.jar;C:\Users\alwi\.m2\repository\net\serenity-bdd\serenity-screenplay-webdriver\3.2.1\serenity-screenplay-webdriver-3.2.1.jar;C:\Users\alwi\.m2\repository\net\serenity-bdd\serenity-ensure\3.2.1\serenity-ensure-3.2.1.jar;C:\Users\alwi\.m2\repository\net\serenity-bdd\serenity-junit\3.2.1\serenity-junit-3.2.1.jar;C:\Users\alwi\.m2\repository\org\jetbrains\kotlin\kotlin-stdlib\1.6.0\kotlin-stdlib-1.6.0.jar;C:\Users\alwi\.m2\repository\org\jetbrains\annotations\13.0\annotations-13.0.jar;C:\Users\alwi\.m2\repository\org\jetbrains\kotlin\kotlin-stdlib-common\1.6.0\kotlin-stdlib-common-1.6.0.jar;C:\Users\alwi\.m2\repository\org\junit\platform\junit-platform-launcher\1.8.1\junit-platform-launcher-1.8.1.jar;C:\Users\alwi\.m2\repository\org\junit\platform\junit-platform-engine\1.8.1\junit-platform-engine-1.8.1.jar;C:\Users\alwi\.m2\repository\org\opentest4j\opentest4j\1.2.0\opentest4j-1.2.0.jar;C:\Users\alwi\.m2\repository\org\junit\platform\junit-platform-commons\1.8.1\junit-platform-commons-1.8.1.jar;C:\Users\alwi\.m2\repository\org\apiguardian\apiguardian-api\1.1.2\apiguardian-api-1.1.2.jar;C:\Users\alwi\.m2\repository\org\junit\jupiter\junit-jupiter-engine\5.8.2\junit-jupiter-engine-5.8.2.jar;C:\Users\alwi\.m2\repository\org\junit\jupiter\junit-jupiter-api\5.8.2\junit-jupiter-api-5.8.2.jar;C:\Users\alwi\.m2\repository\org\junit\vintage\junit-vintage-engine\5.8.2\junit-vintage-engine-5.8.2.jar;C:\Users\alwi\.m2\repository\junit\junit\4.13.2\junit-4.13.2.jar;C:\Users\alwi\.m2\repository\org\hamcrest\hamcrest-core\1.3\hamcrest-core-1.3.jar;C:\Users\alwi\.m2\repository\ch\qos\logback\logback-classic\1.2.10\logback-classic-1.2.10.jar;C:\Users\alwi\.m2\repository\ch\qos\logback\logback-core\1.2.10\logback-core-1.2.10.jar;C:\Users\alwi\.m2\repository\org\slf4j\slf4j-api\1.7.32\slf4j-api-1.7.32.jar;C:\Users\alwi\.m2\repository\org\assertj\assertj-core\3.6.2\assertj-core-3.6.2.jar;C:\Users\alwi\.m2\repository\org\apache\maven\surefire\surefire-junit-platform\3.0.0-M5\surefire-junit-platform-3.0.0-M5.jar;C:\Users\alwi\.m2\repository\org\apache\maven\surefire\common-java5\3.0.0-M5\common-java5-3.0.0-M5.jar"/>
    <property name="user.script" value=""/>
    <property name="java.protocol.handler.pkgs" value="com.google.common"/>
    <property name="sun.management.compiler" value="HotSpot 64-Bit Tiered Compilers"/>
    <property name="java.runtime.version" value="13.0.2+8"/>
    <property name="webdriver.edge.driver" value="C:\Users\alwi\.cache\selenium\msedgedriver\win64\111.0.1661.62\msedgedriver.exe"/>
    <property name="user.name" value="alwi"/>
    <property name="path.separator" value=";"/>
    <property name="os.version" value="10.0"/>
    <property name="java.runtime.name" value="Java(TM) SE Runtime Environment"/>
    <property name="file.encoding" value="Cp1252"/>
    <property name="webdriver.base.url" value=""/>
    <property name="java.vm.name" value="Java HotSpot(TM) 64-Bit Server VM"/>
    <property name="localRepository" value="C:\Users\alwi\.m2\repository"/>
    <property name="java.vendor.url.bug" value="https://bugreport.java.com/bugreport/"/>
    <property name="java.io.tmpdir" value="C:\Users\alwi\AppData\Local\Temp\"/>
    <property name="java.version" value="13.0.2"/>
    <property name="user.dir" value="C:\Users\alwi\IdeaProjects\uniqloweb"/>
    <property name="os.arch" value="amd64"/>
    <property name="java.vm.specification.name" value="Java Virtual Machine Specification"/>
    <property name="user.language.format" value="id"/>
    <property name="sun.os.patch.level" value=""/>
    <property name="java.library.path" value="C:\Program Files\Java\jdk-13.0.2\bin;C:\WINDOWS\Sun\Java\bin;C:\WINDOWS\system32;C:\WINDOWS;C:\Program Files (x86)\Common Files\Oracle\Java\javapath;C:\WINDOWS\system32;C:\WINDOWS;C:\WINDOWS\System32\Wbem;C:\WINDOWS\System32\WindowsPowerShell\v1.0\;C:\Program Files\Java\jdk-13.0.2\bin\;C:\Program Files\Go\bin;C:\WINDOWS\System32\OpenSSH\;C:\Program Files\Git\cmd;C:\Program Files\nodejs\;C:\Users\alwi\AppData\Local\Android\Sdk\platform-tools;C:\Users\alwi\AppData\Local\Android\Sdk\tools;C:\Users\alwi\AppData\Local\Microsoft\WindowsApps;C:\Users\alwi\AppData\Local\Programs\Microsoft VS Code\bin;C:\Users\alwi\go\bin;C:\Users\alwi\AppData\Local\GitHubDesktop\bin;C:\Program Files (x86)\apache-maven-3.8.6\bin;C:\Users\alwi\AppData\Roaming\npm;C:\adb;C:\Users\alwi\AppData\Local\Microsoft\WindowsApps;C:\Users\alwi\AppData\Local\Programs\Microsoft VS Code\bin;C:\Users\alwi\go\bin;C:\Program Files (x86)\apache-maven-3.8.6\bin;C:\Users\alwi\AppData\Roaming\npm;."/>
    <property name="java.vm.info" value="mixed mode"/>
    <property name="java.vendor" value="Oracle Corporation"/>
    <property name="java.vm.version" value="13.0.2+8"/>
    <property name="sun.io.unicode.encoding" value="UnicodeLittle"/>
    <property name="java.class.version" value="57.0"/>
  </properties>
  <testcase name="Fitur Menu Baby #1" classname="Baby" time="19.927">
    <system-out><![CDATA[15:14:40.516 [main] INFO io.cucumber.core.plugin.SerenityReporter - Running feature from file:///C:/Users/alwi/IdeaProjects/uniqloweb/src/test/resources/features/Baby.feature
15:14:40.732 [main] INFO  - 

-------------------------------------------------------------------------------------
     _______. _______ .______       _______ .__   __.  __  .___________.____    ____ 
    /       ||   ____||   _  \     |   ____||  \ |  | |  | |           |\   \  /   / 
   |   (----`|  |__   |  |_)  |    |  |__   |   \|  | |  | `---|  |----` \   \/   /  
    \   \    |   __|  |      /     |   __|  |  . `  | |  |     |  |       \_    _/   
.----)   |   |  |____ |  |\  \----.|  |____ |  |\   | |  |     |  |         |  |     
|_______/    |_______|| _| `._____||_______||__| \__| |__|     |__|         |__|    
                                                                                     
 News and tutorials at http://www.serenity-bdd.info                                  
 Documentation at https://wakaleo.gitbooks.io/the-serenity-book/content/             
 Join the Serenity Community on Gitter: https://gitter.im/serenity-bdd/serenity-core 
 Serenity BDD Support and Training at http://serenity-bdd.info/#/trainingandsupport  
-------------------------------------------------------------------------------------

15:14:40.736 [main] DEBUG net.thucydides.core.steps.StepEventBus - Test suite started for story net.thucydides.core.model.Story@749543e8
15:14:40.745 [main] INFO  - Test Suite Started: Baby
15:14:40.759 [main] INFO io.cucumber.core.plugin.SerenityReporter - Running feature from file:///C:/Users/alwi/IdeaProjects/uniqloweb/src/test/resources/features/Baby.feature
15:14:40.761 [main] DEBUG net.thucydides.core.steps.StepEventBus - Test suite started for story net.thucydides.core.model.Story@749543e8
15:14:40.762 [main] INFO  - Test Suite Started: Baby

Scenario Outline: Fitur Menu Baby &amp#27;[90m# src/test/resources/features/Baby.feature:93&amp#27;[0m
15:14:40.855 [main] INFO io.cucumber.core.plugin.SerenityReporter - Running feature from file:///C:/Users/alwi/IdeaProjects/uniqloweb/src/test/resources/features/Baby.feature
15:14:40.970 [main] INFO  - 
  _____   ___   ___   _____     ___   _____     _     ___   _____   ___   ___  
 |_   _| | __| / __| |_   _|   / __| |_   _|   /_\   | _ \ |_   _| | __| |   \ 
   | |   | _|  \__ \   | |     \__ \   | |    / _ \  |   /   | |   | _|  | |) |
   |_|   |___| |___/   |_|     |___/   |_|   /_/ \_\ |_|_\   |_|   |___| |___/ 

Fitur Menu Baby(baby;fitur-menu-baby)
--------------------------------------------------------------------------------
15:14:42.572 [main] DEBUG io.github.bonigarcia.wdm.cache.ResolutionCache - Resolution edge=111 in cache (valid until 16:02:35 07/04/2023 WIB)
15:14:42.578 [main] DEBUG io.github.bonigarcia.wdm.cache.ResolutionCache - Resolution edge111=111.0.1661.62 in cache (valid until 15:02:35 08/04/2023 WIB)
15:14:42.581 [main] INFO io.github.bonigarcia.wdm.WebDriverManager - Using msedgedriver 111.0.1661.62 (resolved driver for Edge 111)
15:14:42.601 [main] DEBUG io.github.bonigarcia.wdm.WebDriverManager - Driver msedgedriver 111.0.1661.62 found in cache
15:14:42.602 [main] INFO io.github.bonigarcia.wdm.WebDriverManager - Exporting webdriver.edge.driver as C:\Users\alwi\.cache\selenium\msedgedriver\win64\111.0.1661.62\msedgedriver.exe
15:14:43.277 [main] DEBUG net.thucydides.core.reflection.ClassFinder - Could not load class .CucumberTestSuite
15:14:43.277 [main] DEBUG net.thucydides.core.reflection.ClassFinder - Could not load class .starter.pages.BabyPage
15:14:43.277 [main] DEBUG net.thucydides.core.reflection.ClassFinder - Could not load class .starter.stepdefinitions.BabyStep
15:14:43.277 [main] DEBUG net.thucydides.core.reflection.ClassFinder - Could not load class META-INF.versions.9.com.sun.istack.logging.StackHelper
15:14:43.278 [main] DEBUG net.thucydides.core.reflection.ClassFinder - Could not load class META-INF.versions.9.com.sun.xml.bind.v2.runtime.reflect.opt.AccessorInjector
15:14:43.278 [main] DEBUG net.thucydides.core.reflection.ClassFinder - Could not load class META-INF.versions.9.com.sun.xml.bind.v2.runtime.reflect.opt.Injector
15:14:43.279 [main] DEBUG net.thucydides.core.reflection.ClassFinder - Could not load class META-INF.versions.9.com.sun.xml.bind.v2.runtime.reflect.opt.OptimizedAccessorFactory
15:14:43.279 [main] DEBUG net.thucydides.core.reflection.ClassFinder - Could not load class META-INF.versions.9.com.sun.xml.bind.v2.runtime.reflect.opt.OptimizedTransducedAccessorFactory
15:14:43.279 [main] DEBUG net.thucydides.core.reflection.ClassFinder - Could not load class META-INF.versions.9.io.opentelemetry.sdk.internal.CurrentJavaVersionSpecific
15:14:43.279 [main] DEBUG net.thucydides.core.reflection.ClassFinder - Could not load class META-INF.versions.9.io.opentelemetry.sdk.internal.Java9VersionSpecific
15:14:43.280 [main] DEBUG net.thucydides.core.reflection.ClassFinder - Could not load class META-INF.versions.9.javax.xml.bind.ModuleUtil
15:14:43.280 [main] DEBUG net.thucydides.core.reflection.ClassFinder - Could not load class META-INF.versions.9.module-info
15:14:43.281 [main] DEBUG net.thucydides.core.reflection.ClassFinder - Could not load class META-INF.versions.9.org.junit.platform.commons.util.ModuleUtils
15:14:43.675 [main] DEBUG net.thucydides.core.reflection.ClassFinder - Could not load class com.google.gson.internal.
15:14:43.891 [main] DEBUG net.thucydides.core.reflection.ClassFinder - Could not load class com.sun.xml.bind.v2.runtime.output.FastInfosetStreamWriterOutput
15:14:44.329 [main] DEBUG net.thucydides.core.reflection.ClassFinder - Could not load class module-info
15:14:47.652 [main] DEBUG io.netty.util.internal.logging.InternalLoggerFactory - Using SLF4J as the default logging framework
15:14:47.657 [main] DEBUG io.netty.util.ResourceLeakDetector - -Dio.netty.leakDetection.level: simple
15:14:47.657 [main] DEBUG io.netty.util.ResourceLeakDetector - -Dio.netty.leakDetection.targetRecords: 4
15:14:47.661 [main] DEBUG io.netty.util.ResourceLeakDetectorFactory - Loaded default ResourceLeakDetector: io.netty.util.ResourceLeakDetector@46a94faf
15:14:47.680 [main] DEBUG io.netty.util.internal.PlatformDependent0 - -Dio.netty.noUnsafe: false
15:14:47.680 [main] DEBUG io.netty.util.internal.PlatformDependent0 - Java version: 13
15:14:47.681 [main] DEBUG io.netty.util.internal.PlatformDependent0 - sun.misc.Unsafe.theUnsafe: available
15:14:47.681 [main] DEBUG io.netty.util.internal.PlatformDependent0 - sun.misc.Unsafe.copyMemory: available
15:14:47.682 [main] DEBUG io.netty.util.internal.PlatformDependent0 - java.nio.Buffer.address: available
15:14:47.682 [main] DEBUG io.netty.util.internal.PlatformDependent0 - direct buffer constructor: unavailable: Reflective setAccessible(true) disabled
15:14:47.683 [main] DEBUG io.netty.util.internal.PlatformDependent0 - java.nio.Bits.unaligned: available, true
15:14:47.684 [main] DEBUG io.netty.util.internal.PlatformDependent0 - jdk.internal.misc.Unsafe.allocateUninitializedArray(int): unavailable: class io.netty.util.internal.PlatformDependent0$6 cannot access class jdk.internal.misc.Unsafe (in module java.base) because module java.base does not export jdk.internal.misc to unnamed module @70e29e14
15:14:47.685 [main] DEBUG io.netty.util.internal.PlatformDependent0 - java.nio.DirectByteBuffer.<init>(long, int): unavailable
15:14:47.685 [main] DEBUG io.netty.util.internal.PlatformDependent - sun.misc.Unsafe: available
15:14:47.686 [main] DEBUG io.netty.util.internal.PlatformDependent - maxDirectMemory: 4288675840 bytes (maybe)
15:14:47.687 [main] DEBUG io.netty.util.internal.PlatformDependent - -Dio.netty.tmpdir: C:\Users\alwi\AppData\Local\Temp (java.io.tmpdir)
15:14:47.687 [main] DEBUG io.netty.util.internal.PlatformDependent - -Dio.netty.bitMode: 64 (sun.arch.data.model)
15:14:47.687 [main] DEBUG io.netty.util.internal.PlatformDependent - Platform: Windows
15:14:47.688 [main] DEBUG io.netty.util.internal.PlatformDependent - -Dio.netty.maxDirectMemory: -1 bytes
15:14:47.688 [main] DEBUG io.netty.util.internal.PlatformDependent - -Dio.netty.uninitializedArrayAllocationThreshold: -1
15:14:47.689 [main] DEBUG io.netty.util.internal.CleanerJava9 - java.nio.ByteBuffer.cleaner(): available
15:14:47.689 [main] DEBUG io.netty.util.internal.PlatformDependent - -Dio.netty.noPreferDirect: false
15:14:47.700 [main] DEBUG io.netty.util.internal.PlatformDependent - org.jctools-core.MpscChunkedArrayQueue: available
15:14:47.724 [main] DEBUG io.netty.util.internal.InternalThreadLocalMap - -Dio.netty.threadLocalMap.stringBuilder.initialSize: 1024
15:14:47.724 [main] DEBUG io.netty.util.internal.InternalThreadLocalMap - -Dio.netty.threadLocalMap.stringBuilder.maxSize: 4096
15:14:47.770 [main] DEBUG io.netty.handler.ssl.JdkSslContext - Default protocols (JDK): [TLSv1.3, TLSv1.2, TLSv1.1, TLSv1] 
15:14:47.770 [main] DEBUG io.netty.handler.ssl.JdkSslContext - Default cipher suites (JDK): [TLS_ECDHE_ECDSA_WITH_AES_256_GCM_SHA384, TLS_ECDHE_ECDSA_WITH_AES_128_GCM_SHA256, TLS_ECDHE_RSA_WITH_AES_128_GCM_SHA256, TLS_ECDHE_RSA_WITH_AES_256_GCM_SHA384, TLS_ECDHE_RSA_WITH_AES_128_CBC_SHA, TLS_ECDHE_RSA_WITH_AES_256_CBC_SHA, TLS_RSA_WITH_AES_128_GCM_SHA256, TLS_RSA_WITH_AES_128_CBC_SHA, TLS_RSA_WITH_AES_256_CBC_SHA, TLS_AES_128_GCM_SHA256, TLS_AES_256_GCM_SHA384]
15:14:47.808 [main] DEBUG io.netty.channel.MultithreadEventLoopGroup - -Dio.netty.eventLoopThreads: 16
15:14:47.826 [main] DEBUG io.netty.channel.nio.NioEventLoop - -Dio.netty.noKeySetOptimization: false
15:14:47.826 [main] DEBUG io.netty.channel.nio.NioEventLoop - -Dio.netty.selectorAutoRebuildThreshold: 512
15:14:48.268 [main] DEBUG io.netty.buffer.PooledByteBufAllocator - -Dio.netty.allocator.numHeapArenas: 16
15:14:48.268 [main] DEBUG io.netty.buffer.PooledByteBufAllocator - -Dio.netty.allocator.numDirectArenas: 16
15:14:48.268 [main] DEBUG io.netty.buffer.PooledByteBufAllocator - -Dio.netty.allocator.pageSize: 8192
15:14:48.268 [main] DEBUG io.netty.buffer.PooledByteBufAllocator - -Dio.netty.allocator.maxOrder: 11
15:14:48.268 [main] DEBUG io.netty.buffer.PooledByteBufAllocator - -Dio.netty.allocator.chunkSize: 16777216
15:14:48.268 [main] DEBUG io.netty.buffer.PooledByteBufAllocator - -Dio.netty.allocator.smallCacheSize: 256
15:14:48.268 [main] DEBUG io.netty.buffer.PooledByteBufAllocator - -Dio.netty.allocator.normalCacheSize: 64
15:14:48.268 [main] DEBUG io.netty.buffer.PooledByteBufAllocator - -Dio.netty.allocator.maxCachedBufferCapacity: 32768
15:14:48.268 [main] DEBUG io.netty.buffer.PooledByteBufAllocator - -Dio.netty.allocator.cacheTrimInterval: 8192
15:14:48.268 [main] DEBUG io.netty.buffer.PooledByteBufAllocator - -Dio.netty.allocator.cacheTrimIntervalMillis: 0
15:14:48.269 [main] DEBUG io.netty.buffer.PooledByteBufAllocator - -Dio.netty.allocator.useCacheForAllThreads: true
15:14:48.269 [main] DEBUG io.netty.buffer.PooledByteBufAllocator - -Dio.netty.allocator.maxCachedByteBuffersPerChunk: 1023
15:14:48.284 [main] DEBUG io.netty.buffer.ByteBufUtil - -Dio.netty.allocator.type: pooled
15:14:48.284 [main] DEBUG io.netty.buffer.ByteBufUtil - -Dio.netty.threadLocalDirectBufferSize: 0
15:14:48.285 [main] DEBUG io.netty.buffer.ByteBufUtil - -Dio.netty.maxThreadLocalCharBufferSize: 16384
15:14:48.399 [main] DEBUG net.serenitybdd.core.webdriver.driverproviders.ProvideNewDriver - Instantiating driver
15:14:48.399 [main] DEBUG net.serenitybdd.core.webdriver.driverproviders.ProvideNewDriver - Driver capabilities: Capabilities {base.url: https://www.uniqlo.com, chrome.driver: src/test/resources/webdrive..., driver: edge, ms:edgeChromium: true, ms:edgeOptions: {}, wait.for.timeout: 6000}
15:14:49.112 [Forwarding newSession on session null to remote] DEBUG io.netty.channel.DefaultChannelId - -Dio.netty.processId: 20452 (auto-detected)
15:14:49.115 [Forwarding newSession on session null to remote] DEBUG io.netty.util.NetUtil - -Djava.net.preferIPv4Stack: false
15:14:49.115 [Forwarding newSession on session null to remote] DEBUG io.netty.util.NetUtil - -Djava.net.preferIPv6Addresses: false
15:14:49.449 [Forwarding newSession on session null to remote] DEBUG io.netty.util.NetUtilInitializations - Loopback interface: lo (Software Loopback Interface 1, 127.0.0.1)
15:14:49.450 [Forwarding newSession on session null to remote] DEBUG io.netty.util.NetUtil - Failed to get SOMAXCONN from sysctl and file \proc\sys\net\core\somaxconn. Default: 200
15:14:49.844 [Forwarding newSession on session null to remote] DEBUG io.netty.channel.DefaultChannelId - -Dio.netty.machineId: 50:3e:aa:ff:fe:ef:df:ab (auto-detected)
15:14:49.901 [AsyncHttpClient-1-2] DEBUG io.netty.buffer.AbstractByteBuf - -Dio.netty.buffer.checkAccessible: true
15:14:49.901 [AsyncHttpClient-1-2] DEBUG io.netty.buffer.AbstractByteBuf - -Dio.netty.buffer.checkBounds: true
15:14:49.901 [AsyncHttpClient-1-2] DEBUG io.netty.util.ResourceLeakDetectorFactory - Loaded default ResourceLeakDetector: io.netty.util.ResourceLeakDetector@58575a15
15:14:49.919 [AsyncHttpClient-1-2] DEBUG org.asynchttpclient.netty.channel.NettyConnectListener - Using new Channel '[id: 0x2805e6c4, L:/127.0.0.1:49427 - R:localhost/127.0.0.1:53686]' for 'POST' to '/session'
15:14:49.940 [AsyncHttpClient-1-2] DEBUG io.netty.util.Recycler - -Dio.netty.recycler.maxCapacityPerThread: 4096
15:14:49.940 [AsyncHttpClient-1-2] DEBUG io.netty.util.Recycler - -Dio.netty.recycler.ratio: 8
15:14:49.940 [AsyncHttpClient-1-2] DEBUG io.netty.util.Recycler - -Dio.netty.recycler.chunkSize: 32
15:14:49.940 [AsyncHttpClient-1-2] DEBUG io.netty.util.Recycler - -Dio.netty.recycler.blocking: false
15:14:50.578 [AsyncHttpClient-1-2] DEBUG io.netty.handler.codec.compression.Brotli - brotli4j not in the classpath; Brotli support will be unavailable.
15:14:50.578 [AsyncHttpClient-1-2] DEBUG org.asynchttpclient.netty.handler.HttpHandler - 

Request DefaultHttpRequest(decodeResult: success, version: HTTP/1.1)
POST /session HTTP/1.1
User-Agent: selenium/4.1.2 (java windows)
Content-Length: 627
Content-Type: application/json; charset=utf-8
host: localhost:53686
accept: */*

Response DefaultHttpResponse(decodeResult: success, version: HTTP/1.1)
HTTP/1.1 200 OK
Content-Type: application/json; charset=utf-8
cache-control: no-cache
content-length: 823

15:14:50.587 [AsyncHttpClient-1-2] DEBUG org.asynchttpclient.netty.channel.ChannelManager - Adding key: http://localhost:53686 for channel [id: 0x2805e6c4, L:/127.0.0.1:49427 - R:localhost/127.0.0.1:53686]
15:14:50.655 [AsyncHttpClient-1-3] DEBUG org.asynchttpclient.netty.channel.NettyConnectListener - Using new Channel '[id: 0x6027b2a6, L:/127.0.0.1:49435 - R:localhost/127.0.0.1:49428]' for 'GET' to '/json/version'
15:14:50.661 [AsyncHttpClient-1-3] DEBUG org.asynchttpclient.netty.handler.HttpHandler - 

Request DefaultFullHttpRequest(decodeResult: success, version: HTTP/1.1, content: EmptyByteBufBE)
GET /json/version HTTP/1.1
User-Agent: selenium/4.1.2 (java windows)
host: localhost:49428
accept: */*

Response DefaultHttpResponse(decodeResult: success, version: HTTP/1.1)
HTTP/1.1 200 OK
Content-Security-Policy: frame-ancestors 'none'
Content-Type: application/json; charset=UTF-8
content-length: 436

15:14:50.662 [AsyncHttpClient-1-3] DEBUG org.asynchttpclient.netty.channel.ChannelManager - Adding key: http://localhost:49428 for channel [id: 0x6027b2a6, L:/127.0.0.1:49435 - R:localhost/127.0.0.1:49428]
15:14:50.670 [main] DEBUG io.netty.util.internal.ThreadLocalRandom - -Dio.netty.initialSeedUniquifier: 0x5144043cf70355af
15:14:50.673 [AsyncHttpClient-1-4] DEBUG org.asynchttpclient.netty.channel.NettyConnectListener - Using new Channel '[id: 0x92c0f42f, L:/127.0.0.1:49436 - R:localhost/127.0.0.1:49428]' for 'GET' to '/devtools/browser/ed86998f-0669-439a-9755-5fb192e65acd'
15:14:50.677 [AsyncHttpClient-1-4] DEBUG org.asynchttpclient.netty.handler.WebSocketHandler - 

Request DefaultFullHttpRequest(decodeResult: success, version: HTTP/1.1, content: EmptyByteBufBE)
GET /devtools/browser/ed86998f-0669-439a-9755-5fb192e65acd HTTP/1.1
upgrade: websocket
connection: upgrade
sec-websocket-key: 9lo0Hem07bT4Mqy61TJG0A==
sec-websocket-version: 13
origin: http://localhost:49428
host: localhost:49428
accept: */*
user-agent: AHC/2.1

Response DefaultHttpResponse(decodeResult: success, version: HTTP/1.1)
HTTP/1.1 101 WebSocket Protocol Handshake
Upgrade: WebSocket
Connection: Upgrade
Sec-WebSocket-Accept: iuHyvkVW0Iv7q3EDDkhUgPqSrNg=

15:14:51.007 [AsyncHttpClient-1-1] DEBUG org.asynchttpclient.netty.channel.DefaultChannelPool - Entry count for : http://localhost:49428 : 1
15:14:51.007 [AsyncHttpClient-1-1] DEBUG org.asynchttpclient.netty.channel.DefaultChannelPool - Entry count for : http://localhost:53686 : 1
15:14:51.348 [main] DEBUG net.thucydides.core.reflection.ClassFinder - Could not load class .CucumberTestSuite
15:14:51.349 [main] DEBUG net.thucydides.core.reflection.ClassFinder - Could not load class .starter.pages.BabyPage
15:14:51.349 [main] DEBUG net.thucydides.core.reflection.ClassFinder - Could not load class .starter.stepdefinitions.BabyStep
15:14:51.349 [main] DEBUG net.thucydides.core.reflection.ClassFinder - Could not load class META-INF.versions.9.com.sun.istack.logging.StackHelper
15:14:51.349 [main] DEBUG net.thucydides.core.reflection.ClassFinder - Could not load class META-INF.versions.9.com.sun.xml.bind.v2.runtime.reflect.opt.AccessorInjector
15:14:51.350 [main] DEBUG net.thucydides.core.reflection.ClassFinder - Could not load class META-INF.versions.9.com.sun.xml.bind.v2.runtime.reflect.opt.Injector
15:14:51.350 [main] DEBUG net.thucydides.core.reflection.ClassFinder - Could not load class META-INF.versions.9.com.sun.xml.bind.v2.runtime.reflect.opt.OptimizedAccessorFactory
15:14:51.350 [main] DEBUG net.thucydides.core.reflection.ClassFinder - Could not load class META-INF.versions.9.com.sun.xml.bind.v2.runtime.reflect.opt.OptimizedTransducedAccessorFactory
15:14:51.351 [main] DEBUG net.thucydides.core.reflection.ClassFinder - Could not load class META-INF.versions.9.io.opentelemetry.sdk.internal.CurrentJavaVersionSpecific
15:14:51.351 [main] DEBUG net.thucydides.core.reflection.ClassFinder - Could not load class META-INF.versions.9.io.opentelemetry.sdk.internal.Java9VersionSpecific
15:14:51.351 [main] DEBUG net.thucydides.core.reflection.ClassFinder - Could not load class META-INF.versions.9.javax.xml.bind.ModuleUtil
15:14:51.352 [main] DEBUG net.thucydides.core.reflection.ClassFinder - Could not load class META-INF.versions.9.module-info
15:14:51.352 [main] DEBUG net.thucydides.core.reflection.ClassFinder - Could not load class META-INF.versions.9.org.junit.platform.commons.util.ModuleUtils
15:14:51.354 [main] DEBUG net.thucydides.core.reflection.ClassFinder - Could not load class com.google.gson.internal.
15:14:51.355 [main] DEBUG net.thucydides.core.reflection.ClassFinder - Could not load class com.sun.xml.bind.v2.runtime.output.FastInfosetStreamWriterOutput
15:14:51.358 [main] DEBUG net.thucydides.core.reflection.ClassFinder - Could not load class module-info
15:14:51.379 [Forwarding get on session 4f2ba4fc1f092a351d78c756fccf00ea to remote] DEBUG org.asynchttpclient.netty.request.NettyRequestSender - Using pooled Channel '[id: 0x2805e6c4, L:/127.0.0.1:49427 - R:localhost/127.0.0.1:53686]' for 'POST' to 'http://localhost:53686/session/4f2ba4fc1f092a351d78c756fccf00ea/url'
15:14:51.379 [Forwarding get on session 4f2ba4fc1f092a351d78c756fccf00ea to remote] DEBUG org.asynchttpclient.netty.request.NettyRequestSender - Using open Channel [id: 0x2805e6c4, L:/127.0.0.1:49427 - R:localhost/127.0.0.1:53686] for POST '/session/4f2ba4fc1f092a351d78c756fccf00ea/url'
15:14:52.106 [AsyncHttpClient-1-1] DEBUG org.asynchttpclient.netty.channel.DefaultChannelPool - Entry count for : http://localhost:49428 : 1
15:14:53.209 [AsyncHttpClient-1-1] DEBUG org.asynchttpclient.netty.channel.DefaultChannelPool - Entry count for : http://localhost:49428 : 1
15:14:54.306 [AsyncHttpClient-1-1] DEBUG org.asynchttpclient.netty.channel.DefaultChannelPool - Entry count for : http://localhost:49428 : 1
15:14:55.405 [AsyncHttpClient-1-1] DEBUG org.asynchttpclient.netty.channel.DefaultChannelPool - Entry count for : http://localhost:49428 : 1
15:14:56.505 [AsyncHttpClient-1-1] DEBUG org.asynchttpclient.netty.channel.DefaultChannelPool - Entry count for : http://localhost:49428 : 1
15:14:57.568 [AsyncHttpClient-1-2] DEBUG org.asynchttpclient.netty.handler.HttpHandler - 

Request DefaultHttpRequest(decodeResult: success, version: HTTP/1.1)
POST /session/4f2ba4fc1f092a351d78c756fccf00ea/url HTTP/1.1
User-Agent: selenium/4.1.2 (java windows)
Content-Length: 53
Content-Type: application/json; charset=utf-8
host: localhost:53686
accept: */*

Response DefaultHttpResponse(decodeResult: success, version: HTTP/1.1)
HTTP/1.1 200 OK
Content-Type: application/json; charset=utf-8
cache-control: no-cache
content-length: 14

15:14:57.568 [AsyncHttpClient-1-2] DEBUG org.asynchttpclient.netty.channel.ChannelManager - Adding key: http://localhost:53686 for channel [id: 0x2805e6c4, L:/127.0.0.1:49427 - R:localhost/127.0.0.1:53686]
15:14:57.574 [Forwarding setTimeout on session 4f2ba4fc1f092a351d78c756fccf00ea to remote] DEBUG org.asynchttpclient.netty.request.NettyRequestSender - Using pooled Channel '[id: 0x2805e6c4, L:/127.0.0.1:49427 - R:localhost/127.0.0.1:53686]' for 'POST' to 'http://localhost:53686/session/4f2ba4fc1f092a351d78c756fccf00ea/timeouts'
15:14:57.574 [Forwarding setTimeout on session 4f2ba4fc1f092a351d78c756fccf00ea to remote] DEBUG org.asynchttpclient.netty.request.NettyRequestSender - Using open Channel [id: 0x2805e6c4, L:/127.0.0.1:49427 - R:localhost/127.0.0.1:53686] for POST '/session/4f2ba4fc1f092a351d78c756fccf00ea/timeouts'
15:14:57.575 [AsyncHttpClient-1-2] DEBUG org.asynchttpclient.netty.handler.HttpHandler - 

Request DefaultHttpRequest(decodeResult: success, version: HTTP/1.1)
POST /session/4f2ba4fc1f092a351d78c756fccf00ea/timeouts HTTP/1.1
User-Agent: selenium/4.1.2 (java windows)
Content-Length: 22
Content-Type: application/json; charset=utf-8
host: localhost:53686
accept: */*

Response DefaultHttpResponse(decodeResult: success, version: HTTP/1.1)
HTTP/1.1 200 OK
Content-Type: application/json; charset=utf-8
cache-control: no-cache
content-length: 14

15:14:57.576 [AsyncHttpClient-1-2] DEBUG org.asynchttpclient.netty.channel.ChannelManager - Adding key: http://localhost:53686 for channel [id: 0x2805e6c4, L:/127.0.0.1:49427 - R:localhost/127.0.0.1:53686]
15:14:57.584 [Forwarding getCurrentUrl on session 4f2ba4fc1f092a351d78c756fccf00ea to remote] DEBUG org.asynchttpclient.netty.request.NettyRequestSender - Using pooled Channel '[id: 0x2805e6c4, L:/127.0.0.1:49427 - R:localhost/127.0.0.1:53686]' for 'GET' to 'http://localhost:53686/session/4f2ba4fc1f092a351d78c756fccf00ea/url'
15:14:57.584 [Forwarding getCurrentUrl on session 4f2ba4fc1f092a351d78c756fccf00ea to remote] DEBUG org.asynchttpclient.netty.request.NettyRequestSender - Using open Channel [id: 0x2805e6c4, L:/127.0.0.1:49427 - R:localhost/127.0.0.1:53686] for GET '/session/4f2ba4fc1f092a351d78c756fccf00ea/url'
15:14:57.589 [AsyncHttpClient-1-2] DEBUG org.asynchttpclient.netty.handler.HttpHandler - 

Request DefaultFullHttpRequest(decodeResult: success, version: HTTP/1.1, content: EmptyByteBufBE)
GET /session/4f2ba4fc1f092a351d78c756fccf00ea/url HTTP/1.1
User-Agent: selenium/4.1.2 (java windows)
Cache-Control: no-cache
Content-Type: application/json; charset=utf-8
host: localhost:53686
accept: */*

Response DefaultHttpResponse(decodeResult: success, version: HTTP/1.1)
HTTP/1.1 200 OK
Content-Type: application/json; charset=utf-8
cache-control: no-cache
content-length: 41

15:14:57.589 [AsyncHttpClient-1-2] DEBUG org.asynchttpclient.netty.channel.ChannelManager - Adding key: http://localhost:53686 for channel [id: 0x2805e6c4, L:/127.0.0.1:49427 - R:localhost/127.0.0.1:53686]
  &amp#27;[32mGiven &amp#27;[0m&amp#27;[32mI am on the home page&amp#27;[0m     &amp#27;[90m# starter.stepdefinitions.BabyStep.iAmOnTheHomePage()&amp#27;[0m
15:14:57.608 [AsyncHttpClient-1-1] DEBUG org.asynchttpclient.netty.channel.DefaultChannelPool - Entry count for : http://localhost:49428 : 1
15:14:57.608 [AsyncHttpClient-1-1] DEBUG org.asynchttpclient.netty.channel.DefaultChannelPool - Entry count for : http://localhost:53686 : 1
15:14:57.616 [main] DEBUG net.serenitybdd.core.photography.Darkroom - Opening darkroom
15:14:57.616 [Darkroom Processing Line] DEBUG net.serenitybdd.core.photography.DarkroomProcessingLine - Darkroom processing line starting up
15:14:57.617 [Forwarding screenshot on session 4f2ba4fc1f092a351d78c756fccf00ea to remote] DEBUG org.asynchttpclient.netty.request.NettyRequestSender - Using pooled Channel '[id: 0x2805e6c4, L:/127.0.0.1:49427 - R:localhost/127.0.0.1:53686]' for 'GET' to 'http://localhost:53686/session/4f2ba4fc1f092a351d78c756fccf00ea/screenshot'
15:14:57.617 [Forwarding screenshot on session 4f2ba4fc1f092a351d78c756fccf00ea to remote] DEBUG org.asynchttpclient.netty.request.NettyRequestSender - Using open Channel [id: 0x2805e6c4, L:/127.0.0.1:49427 - R:localhost/127.0.0.1:53686] for GET '/session/4f2ba4fc1f092a351d78c756fccf00ea/screenshot'
15:14:57.951 [AsyncHttpClient-1-2] DEBUG org.asynchttpclient.netty.handler.HttpHandler - 

Request DefaultFullHttpRequest(decodeResult: success, version: HTTP/1.1, content: EmptyByteBufBE)
GET /session/4f2ba4fc1f092a351d78c756fccf00ea/screenshot HTTP/1.1
User-Agent: selenium/4.1.2 (java windows)
Cache-Control: no-cache
Content-Type: application/json; charset=utf-8
host: localhost:53686
accept: */*

Response DefaultHttpResponse(decodeResult: success, version: HTTP/1.1)
HTTP/1.1 200 OK
Content-Type: application/json; charset=utf-8
cache-control: no-cache
content-length: 1022316

15:14:57.959 [AsyncHttpClient-1-2] DEBUG org.asynchttpclient.netty.channel.ChannelManager - Adding key: http://localhost:53686 for channel [id: 0x2805e6c4, L:/127.0.0.1:49427 - R:localhost/127.0.0.1:53686]
15:14:58.050 [main] DEBUG net.serenitybdd.core.photography.Darkroom - Send negative for processing for target\site\serenity\b0ddf3608b8f51a6a3adc36e4acd901b7a2c5b7adc6fd42a924a7c7a6358c0ea.png
15:14:58.051 [Darkroom Processing Line] DEBUG net.serenitybdd.core.photography.DarkroomProcessingLine - Processing screenshot image in /var/screenshots/screenshot-8989598486089670307
15:14:58.051 [Darkroom Processing Line] DEBUG net.serenitybdd.core.photography.DarkroomProcessingLine - Saving screenshot to target\site\serenity\b0ddf3608b8f51a6a3adc36e4acd901b7a2c5b7adc6fd42a924a7c7a6358c0ea.png
15:14:58.073 [Forwarding findElement on session 4f2ba4fc1f092a351d78c756fccf00ea to remote] DEBUG org.asynchttpclient.netty.request.NettyRequestSender - Using pooled Channel '[id: 0x2805e6c4, L:/127.0.0.1:49427 - R:localhost/127.0.0.1:53686]' for 'POST' to 'http://localhost:53686/session/4f2ba4fc1f092a351d78c756fccf00ea/element'
15:14:58.074 [Forwarding findElement on session 4f2ba4fc1f092a351d78c756fccf00ea to remote] DEBUG org.asynchttpclient.netty.request.NettyRequestSender - Using open Channel [id: 0x2805e6c4, L:/127.0.0.1:49427 - R:localhost/127.0.0.1:53686] for POST '/session/4f2ba4fc1f092a351d78c756fccf00ea/element'
15:14:58.087 [AsyncHttpClient-1-2] DEBUG org.asynchttpclient.netty.handler.HttpHandler - 

Request DefaultHttpRequest(decodeResult: success, version: HTTP/1.1)
POST /session/4f2ba4fc1f092a351d78c756fccf00ea/element HTTP/1.1
User-Agent: selenium/4.1.2 (java windows)
Content-Length: 81
Content-Type: application/json; charset=utf-8
host: localhost:53686
accept: */*

Response DefaultHttpResponse(decodeResult: success, version: HTTP/1.1)
HTTP/1.1 200 OK
Content-Type: application/json; charset=utf-8
cache-control: no-cache
content-length: 88

15:14:58.087 [AsyncHttpClient-1-2] DEBUG org.asynchttpclient.netty.channel.ChannelManager - Adding key: http://localhost:53686 for channel [id: 0x2805e6c4, L:/127.0.0.1:49427 - R:localhost/127.0.0.1:53686]
15:14:58.090 [Forwarding getElementTagName on session 4f2ba4fc1f092a351d78c756fccf00ea to remote] DEBUG org.asynchttpclient.netty.request.NettyRequestSender - Using pooled Channel '[id: 0x2805e6c4, L:/127.0.0.1:49427 - R:localhost/127.0.0.1:53686]' for 'GET' to 'http://localhost:53686/session/4f2ba4fc1f092a351d78c756fccf00ea/element/5cb6da73-9ebb-4054-9f86-d17e564e49fc/name'
15:14:58.090 [Forwarding getElementTagName on session 4f2ba4fc1f092a351d78c756fccf00ea to remote] DEBUG org.asynchttpclient.netty.request.NettyRequestSender - Using open Channel [id: 0x2805e6c4, L:/127.0.0.1:49427 - R:localhost/127.0.0.1:53686] for GET '/session/4f2ba4fc1f092a351d78c756fccf00ea/element/5cb6da73-9ebb-4054-9f86-d17e564e49fc/name'
15:14:58.094 [AsyncHttpClient-1-2] DEBUG org.asynchttpclient.netty.handler.HttpHandler - 

Request DefaultFullHttpRequest(decodeResult: success, version: HTTP/1.1, content: EmptyByteBufBE)
GET /session/4f2ba4fc1f092a351d78c756fccf00ea/element/5cb6da73-9ebb-4054-9f86-d17e564e49fc/name HTTP/1.1
User-Agent: selenium/4.1.2 (java windows)
Cache-Control: no-cache
Content-Type: application/json; charset=utf-8
host: localhost:53686
accept: */*

Response DefaultHttpResponse(decodeResult: success, version: HTTP/1.1)
HTTP/1.1 200 OK
Content-Type: application/json; charset=utf-8
cache-control: no-cache
content-length: 16

15:14:58.094 [AsyncHttpClient-1-2] DEBUG org.asynchttpclient.netty.channel.ChannelManager - Adding key: http://localhost:53686 for channel [id: 0x2805e6c4, L:/127.0.0.1:49427 - R:localhost/127.0.0.1:53686]
15:14:58.098 [Forwarding getElementTagName on session 4f2ba4fc1f092a351d78c756fccf00ea to remote] DEBUG org.asynchttpclient.netty.request.NettyRequestSender - Using pooled Channel '[id: 0x2805e6c4, L:/127.0.0.1:49427 - R:localhost/127.0.0.1:53686]' for 'GET' to 'http://localhost:53686/session/4f2ba4fc1f092a351d78c756fccf00ea/element/5cb6da73-9ebb-4054-9f86-d17e564e49fc/name'
15:14:58.098 [Forwarding getElementTagName on session 4f2ba4fc1f092a351d78c756fccf00ea to remote] DEBUG org.asynchttpclient.netty.request.NettyRequestSender - Using open Channel [id: 0x2805e6c4, L:/127.0.0.1:49427 - R:localhost/127.0.0.1:53686] for GET '/session/4f2ba4fc1f092a351d78c756fccf00ea/element/5cb6da73-9ebb-4054-9f86-d17e564e49fc/name'
15:14:58.102 [AsyncHttpClient-1-2] DEBUG org.asynchttpclient.netty.handler.HttpHandler - 

Request DefaultFullHttpRequest(decodeResult: success, version: HTTP/1.1, content: EmptyByteBufBE)
GET /session/4f2ba4fc1f092a351d78c756fccf00ea/element/5cb6da73-9ebb-4054-9f86-d17e564e49fc/name HTTP/1.1
User-Agent: selenium/4.1.2 (java windows)
Cache-Control: no-cache
Content-Type: application/json; charset=utf-8
host: localhost:53686
accept: */*

Response DefaultHttpResponse(decodeResult: success, version: HTTP/1.1)
HTTP/1.1 200 OK
Content-Type: application/json; charset=utf-8
cache-control: no-cache
content-length: 16

15:14:58.102 [AsyncHttpClient-1-2] DEBUG org.asynchttpclient.netty.channel.ChannelManager - Adding key: http://localhost:53686 for channel [id: 0x2805e6c4, L:/127.0.0.1:49427 - R:localhost/127.0.0.1:53686]
15:14:58.105 [Forwarding findElement on session 4f2ba4fc1f092a351d78c756fccf00ea to remote] DEBUG org.asynchttpclient.netty.request.NettyRequestSender - Using pooled Channel '[id: 0x2805e6c4, L:/127.0.0.1:49427 - R:localhost/127.0.0.1:53686]' for 'POST' to 'http://localhost:53686/session/4f2ba4fc1f092a351d78c756fccf00ea/element'
15:14:58.105 [Forwarding findElement on session 4f2ba4fc1f092a351d78c756fccf00ea to remote] DEBUG org.asynchttpclient.netty.request.NettyRequestSender - Using open Channel [id: 0x2805e6c4, L:/127.0.0.1:49427 - R:localhost/127.0.0.1:53686] for POST '/session/4f2ba4fc1f092a351d78c756fccf00ea/element'
15:14:58.112 [AsyncHttpClient-1-2] DEBUG org.asynchttpclient.netty.handler.HttpHandler - 

Request DefaultHttpRequest(decodeResult: success, version: HTTP/1.1)
POST /session/4f2ba4fc1f092a351d78c756fccf00ea/element HTTP/1.1
User-Agent: selenium/4.1.2 (java windows)
Content-Length: 81
Content-Type: application/json; charset=utf-8
host: localhost:53686
accept: */*

Response DefaultHttpResponse(decodeResult: success, version: HTTP/1.1)
HTTP/1.1 200 OK
Content-Type: application/json; charset=utf-8
cache-control: no-cache
content-length: 88

15:14:58.112 [AsyncHttpClient-1-2] DEBUG org.asynchttpclient.netty.channel.ChannelManager - Adding key: http://localhost:53686 for channel [id: 0x2805e6c4, L:/127.0.0.1:49427 - R:localhost/127.0.0.1:53686]
15:14:58.114 [Forwarding clickElement on session 4f2ba4fc1f092a351d78c756fccf00ea to remote] DEBUG org.asynchttpclient.netty.request.NettyRequestSender - Using pooled Channel '[id: 0x2805e6c4, L:/127.0.0.1:49427 - R:localhost/127.0.0.1:53686]' for 'POST' to 'http://localhost:53686/session/4f2ba4fc1f092a351d78c756fccf00ea/element/5cb6da73-9ebb-4054-9f86-d17e564e49fc/click'
15:14:58.114 [Forwarding clickElement on session 4f2ba4fc1f092a351d78c756fccf00ea to remote] DEBUG org.asynchttpclient.netty.request.NettyRequestSender - Using open Channel [id: 0x2805e6c4, L:/127.0.0.1:49427 - R:localhost/127.0.0.1:53686] for POST '/session/4f2ba4fc1f092a351d78c756fccf00ea/element/5cb6da73-9ebb-4054-9f86-d17e564e49fc/click'
15:14:58.592 [AsyncHttpClient-1-2] DEBUG org.asynchttpclient.netty.handler.HttpHandler - 

Request DefaultHttpRequest(decodeResult: success, version: HTTP/1.1)
POST /session/4f2ba4fc1f092a351d78c756fccf00ea/element/5cb6da73-9ebb-4054-9f86-d17e564e49fc/click HTTP/1.1
User-Agent: selenium/4.1.2 (java windows)
Content-Length: 50
Content-Type: application/json; charset=utf-8
host: localhost:53686
accept: */*

Response DefaultHttpResponse(decodeResult: success, version: HTTP/1.1)
HTTP/1.1 200 OK
Content-Type: application/json; charset=utf-8
cache-control: no-cache
content-length: 14

15:14:58.593 [AsyncHttpClient-1-2] DEBUG org.asynchttpclient.netty.channel.ChannelManager - Adding key: http://localhost:53686 for channel [id: 0x2805e6c4, L:/127.0.0.1:49427 - R:localhost/127.0.0.1:53686]
  &amp#27;[32mThen &amp#27;[0m&amp#27;[32mI click baby on the header&amp#27;[0m &amp#27;[90m# starter.stepdefinitions.BabyStep.iClickBabyOnTheHeader()&amp#27;[0m
15:14:58.610 [Forwarding screenshot on session 4f2ba4fc1f092a351d78c756fccf00ea to remote] DEBUG org.asynchttpclient.netty.request.NettyRequestSender - Using pooled Channel '[id: 0x2805e6c4, L:/127.0.0.1:49427 - R:localhost/127.0.0.1:53686]' for 'GET' to 'http://localhost:53686/session/4f2ba4fc1f092a351d78c756fccf00ea/screenshot'
15:14:58.610 [Forwarding screenshot on session 4f2ba4fc1f092a351d78c756fccf00ea to remote] DEBUG org.asynchttpclient.netty.request.NettyRequestSender - Using open Channel [id: 0x2805e6c4, L:/127.0.0.1:49427 - R:localhost/127.0.0.1:53686] for GET '/session/4f2ba4fc1f092a351d78c756fccf00ea/screenshot'
15:14:58.705 [AsyncHttpClient-1-1] DEBUG org.asynchttpclient.netty.channel.DefaultChannelPool - Entry count for : http://localhost:49428 : 1
15:14:59.489 [AsyncHttpClient-1-2] DEBUG org.asynchttpclient.netty.handler.HttpHandler - 

Request DefaultFullHttpRequest(decodeResult: success, version: HTTP/1.1, content: EmptyByteBufBE)
GET /session/4f2ba4fc1f092a351d78c756fccf00ea/screenshot HTTP/1.1
User-Agent: selenium/4.1.2 (java windows)
Cache-Control: no-cache
Content-Type: application/json; charset=utf-8
host: localhost:53686
accept: */*

Response DefaultHttpResponse(decodeResult: success, version: HTTP/1.1)
HTTP/1.1 200 OK
Content-Type: application/json; charset=utf-8
cache-control: no-cache
content-length: 137776

15:14:59.490 [AsyncHttpClient-1-2] DEBUG org.asynchttpclient.netty.channel.ChannelManager - Adding key: http://localhost:53686 for channel [id: 0x2805e6c4, L:/127.0.0.1:49427 - R:localhost/127.0.0.1:53686]
15:14:59.504 [main] DEBUG net.serenitybdd.core.photography.Darkroom - Send negative for processing for target\site\serenity\66be97047e6167e11dbe91b68e4a22e675d657e3f92a8c80afba8fee62bd5186.png
15:14:59.505 [Darkroom Processing Line] DEBUG net.serenitybdd.core.photography.DarkroomProcessingLine - Processing screenshot image in /var/screenshots/screenshot-10299670730131523024
15:14:59.505 [Darkroom Processing Line] DEBUG net.serenitybdd.core.photography.DarkroomProcessingLine - Saving screenshot to target\site\serenity\66be97047e6167e11dbe91b68e4a22e675d657e3f92a8c80afba8fee62bd5186.png
15:14:59.514 [Forwarding findElement on session 4f2ba4fc1f092a351d78c756fccf00ea to remote] DEBUG org.asynchttpclient.netty.request.NettyRequestSender - Using pooled Channel '[id: 0x2805e6c4, L:/127.0.0.1:49427 - R:localhost/127.0.0.1:53686]' for 'POST' to 'http://localhost:53686/session/4f2ba4fc1f092a351d78c756fccf00ea/element'
15:14:59.514 [Forwarding findElement on session 4f2ba4fc1f092a351d78c756fccf00ea to remote] DEBUG org.asynchttpclient.netty.request.NettyRequestSender - Using open Channel [id: 0x2805e6c4, L:/127.0.0.1:49427 - R:localhost/127.0.0.1:53686] for POST '/session/4f2ba4fc1f092a351d78c756fccf00ea/element'
15:14:59.530 [AsyncHttpClient-1-2] DEBUG org.asynchttpclient.netty.handler.HttpHandler - 

Request DefaultHttpRequest(decodeResult: success, version: HTTP/1.1)
POST /session/4f2ba4fc1f092a351d78c756fccf00ea/element HTTP/1.1
User-Agent: selenium/4.1.2 (java windows)
Content-Length: 81
Content-Type: application/json; charset=utf-8
host: localhost:53686
accept: */*

Response DefaultHttpResponse(decodeResult: success, version: HTTP/1.1)
HTTP/1.1 200 OK
Content-Type: application/json; charset=utf-8
cache-control: no-cache
content-length: 88

15:14:59.531 [AsyncHttpClient-1-2] DEBUG org.asynchttpclient.netty.channel.ChannelManager - Adding key: http://localhost:53686 for channel [id: 0x2805e6c4, L:/127.0.0.1:49427 - R:localhost/127.0.0.1:53686]
15:14:59.545 [Forwarding isElementDisplayed on session 4f2ba4fc1f092a351d78c756fccf00ea to remote] DEBUG org.asynchttpclient.netty.request.NettyRequestSender - Using pooled Channel '[id: 0x2805e6c4, L:/127.0.0.1:49427 - R:localhost/127.0.0.1:53686]' for 'POST' to 'http://localhost:53686/session/4f2ba4fc1f092a351d78c756fccf00ea/execute/sync'
15:14:59.545 [Forwarding isElementDisplayed on session 4f2ba4fc1f092a351d78c756fccf00ea to remote] DEBUG org.asynchttpclient.netty.request.NettyRequestSender - Using open Channel [id: 0x2805e6c4, L:/127.0.0.1:49427 - R:localhost/127.0.0.1:53686] for POST '/session/4f2ba4fc1f092a351d78c756fccf00ea/execute/sync'
15:14:59.570 [AsyncHttpClient-1-2] DEBUG org.asynchttpclient.netty.handler.HttpHandler - 

Request DefaultHttpRequest(decodeResult: success, version: HTTP/1.1)
POST /session/4f2ba4fc1f092a351d78c756fccf00ea/execute/sync HTTP/1.1
User-Agent: selenium/4.1.2 (java windows)
Content-Length: 48780
Content-Type: application/json; charset=utf-8
host: localhost:53686
accept: */*

Response DefaultHttpResponse(decodeResult: success, version: HTTP/1.1)
HTTP/1.1 200 OK
Content-Type: application/json; charset=utf-8
cache-control: no-cache
content-length: 14

15:14:59.570 [AsyncHttpClient-1-2] DEBUG org.asynchttpclient.netty.channel.ChannelManager - Adding key: http://localhost:53686 for channel [id: 0x2805e6c4, L:/127.0.0.1:49427 - R:localhost/127.0.0.1:53686]
  &amp#27;[32mWhen &amp#27;[0m&amp#27;[32mI will go to &amp#27;[0m&amp#27;[32m&amp#27;[1m"babyPage"&amp#27;[0m    &amp#27;[90m# starter.stepdefinitions.BabyStep.iWillGoTo(java.lang.String)&amp#27;[0m
15:14:59.576 [Forwarding screenshot on session 4f2ba4fc1f092a351d78c756fccf00ea to remote] DEBUG org.asynchttpclient.netty.request.NettyRequestSender - Using pooled Channel '[id: 0x2805e6c4, L:/127.0.0.1:49427 - R:localhost/127.0.0.1:53686]' for 'GET' to 'http://localhost:53686/session/4f2ba4fc1f092a351d78c756fccf00ea/screenshot'
15:14:59.576 [Forwarding screenshot on session 4f2ba4fc1f092a351d78c756fccf00ea to remote] DEBUG org.asynchttpclient.netty.request.NettyRequestSender - Using open Channel [id: 0x2805e6c4, L:/127.0.0.1:49427 - R:localhost/127.0.0.1:53686] for GET '/session/4f2ba4fc1f092a351d78c756fccf00ea/screenshot'
15:14:59.667 [AsyncHttpClient-1-2] DEBUG org.asynchttpclient.netty.handler.HttpHandler - 

Request DefaultFullHttpRequest(decodeResult: success, version: HTTP/1.1, content: EmptyByteBufBE)
GET /session/4f2ba4fc1f092a351d78c756fccf00ea/screenshot HTTP/1.1
User-Agent: selenium/4.1.2 (java windows)
Cache-Control: no-cache
Content-Type: application/json; charset=utf-8
host: localhost:53686
accept: */*

Response DefaultHttpResponse(decodeResult: success, version: HTTP/1.1)
HTTP/1.1 200 OK
Content-Type: application/json; charset=utf-8
cache-control: no-cache
content-length: 137776

15:14:59.669 [AsyncHttpClient-1-2] DEBUG org.asynchttpclient.netty.channel.ChannelManager - Adding key: http://localhost:53686 for channel [id: 0x2805e6c4, L:/127.0.0.1:49427 - R:localhost/127.0.0.1:53686]
15:14:59.673 [main] DEBUG net.serenitybdd.core.photography.Darkroom - Send negative for processing for target\site\serenity\66be97047e6167e11dbe91b68e4a22e675d657e3f92a8c80afba8fee62bd5186.png
15:14:59.681 [Forwarding findElement on session 4f2ba4fc1f092a351d78c756fccf00ea to remote] DEBUG org.asynchttpclient.netty.request.NettyRequestSender - Using pooled Channel '[id: 0x2805e6c4, L:/127.0.0.1:49427 - R:localhost/127.0.0.1:53686]' for 'POST' to 'http://localhost:53686/session/4f2ba4fc1f092a351d78c756fccf00ea/element'
15:14:59.681 [Forwarding findElement on session 4f2ba4fc1f092a351d78c756fccf00ea to remote] DEBUG org.asynchttpclient.netty.request.NettyRequestSender - Using open Channel [id: 0x2805e6c4, L:/127.0.0.1:49427 - R:localhost/127.0.0.1:53686] for POST '/session/4f2ba4fc1f092a351d78c756fccf00ea/element'
15:14:59.690 [AsyncHttpClient-1-2] DEBUG org.asynchttpclient.netty.handler.HttpHandler - 

Request DefaultHttpRequest(decodeResult: success, version: HTTP/1.1)
POST /session/4f2ba4fc1f092a351d78c756fccf00ea/element HTTP/1.1
User-Agent: selenium/4.1.2 (java windows)
Content-Length: 81
Content-Type: application/json; charset=utf-8
host: localhost:53686
accept: */*

Response DefaultHttpResponse(decodeResult: success, version: HTTP/1.1)
HTTP/1.1 200 OK
Content-Type: application/json; charset=utf-8
cache-control: no-cache
content-length: 88

15:14:59.690 [AsyncHttpClient-1-2] DEBUG org.asynchttpclient.netty.channel.ChannelManager - Adding key: http://localhost:53686 for channel [id: 0x2805e6c4, L:/127.0.0.1:49427 - R:localhost/127.0.0.1:53686]
15:14:59.695 [Forwarding isElementDisplayed on session 4f2ba4fc1f092a351d78c756fccf00ea to remote] DEBUG org.asynchttpclient.netty.request.NettyRequestSender - Using pooled Channel '[id: 0x2805e6c4, L:/127.0.0.1:49427 - R:localhost/127.0.0.1:53686]' for 'POST' to 'http://localhost:53686/session/4f2ba4fc1f092a351d78c756fccf00ea/execute/sync'
15:14:59.695 [Forwarding isElementDisplayed on session 4f2ba4fc1f092a351d78c756fccf00ea to remote] DEBUG org.asynchttpclient.netty.request.NettyRequestSender - Using open Channel [id: 0x2805e6c4, L:/127.0.0.1:49427 - R:localhost/127.0.0.1:53686] for POST '/session/4f2ba4fc1f092a351d78c756fccf00ea/execute/sync'
15:14:59.708 [AsyncHttpClient-1-2] DEBUG org.asynchttpclient.netty.handler.HttpHandler - 

Request DefaultHttpRequest(decodeResult: success, version: HTTP/1.1)
POST /session/4f2ba4fc1f092a351d78c756fccf00ea/execute/sync HTTP/1.1
User-Agent: selenium/4.1.2 (java windows)
Content-Length: 48780
Content-Type: application/json; charset=utf-8
host: localhost:53686
accept: */*

Response DefaultHttpResponse(decodeResult: success, version: HTTP/1.1)
HTTP/1.1 200 OK
Content-Type: application/json; charset=utf-8
cache-control: no-cache
content-length: 14

15:14:59.708 [AsyncHttpClient-1-2] DEBUG org.asynchttpclient.netty.channel.ChannelManager - Adding key: http://localhost:53686 for channel [id: 0x2805e6c4, L:/127.0.0.1:49427 - R:localhost/127.0.0.1:53686]
  &amp#27;[32mAnd &amp#27;[0m&amp#27;[32mI &amp#27;[0m&amp#27;[32m&amp#27;[1m"bayi"&amp#27;[0m&amp#27;[32m page&amp#27;[0m               &amp#27;[90m# starter.stepdefinitions.BabyStep.iPage(java.lang.String)&amp#27;[0m
15:14:59.809 [AsyncHttpClient-1-1] DEBUG org.asynchttpclient.netty.channel.DefaultChannelPool - Entry count for : http://localhost:49428 : 1
15:14:59.809 [AsyncHttpClient-1-1] DEBUG org.asynchttpclient.netty.channel.DefaultChannelPool - Entry count for : http://localhost:53686 : 1
15:14:59.848 [Driver Command Executor] DEBUG org.asynchttpclient.netty.request.NettyRequestSender - Using pooled Channel '[id: 0x2805e6c4, L:/127.0.0.1:49427 - R:localhost/127.0.0.1:53686]' for 'DELETE' to 'http://localhost:53686/session/4f2ba4fc1f092a351d78c756fccf00ea'
15:14:59.848 [Driver Command Executor] DEBUG org.asynchttpclient.netty.request.NettyRequestSender - Using open Channel [id: 0x2805e6c4, L:/127.0.0.1:49427 - R:localhost/127.0.0.1:53686] for DELETE '/session/4f2ba4fc1f092a351d78c756fccf00ea'
15:14:59.850 [AsyncHttpClient-1-4] DEBUG org.asynchttpclient.netty.handler.WebSocketHandler - Channel Closed: [id: 0x92c0f42f, L:/127.0.0.1:49436 ! R:localhost/127.0.0.1:49428] with attribute NettyResponseFuture{currentRetry=5,
	isDone=1,
	isCancelled=0,
	asyncHandler=org.asynchttpclient.ws.WebSocketUpgradeHandler@40b18118,
	nettyRequest=org.asynchttpclient.netty.request.NettyRequest@15df22f3,
	future=java.util.concurrent.CompletableFuture@8431db6[Completed normally],
	uri=ws://localhost:49428/devtools/browser/ed86998f-0669-439a-9755-5fb192e65acd,
	keepAlive=true,
	redirectCount=0,
	timeoutsHolder=null,
	inAuth=0,
	touch=1680855290689}
15:14:59.851 [AsyncHttpClient-1-4] DEBUG org.asynchttpclient.netty.channel.ChannelManager - Closing Channel [id: 0x92c0f42f, L:/127.0.0.1:49436 ! R:localhost/127.0.0.1:49428] 
15:14:59.880 [AsyncHttpClient-1-3] DEBUG org.asynchttpclient.netty.handler.HttpHandler - Unexpected I/O exception on channel [id: 0x6027b2a6, L:/127.0.0.1:49435 - R:localhost/127.0.0.1:49428]
java.net.SocketException: Connection reset
	at java.base/sun.nio.ch.SocketChannelImpl.throwConnectionReset(SocketChannelImpl.java:345)
	at java.base/sun.nio.ch.SocketChannelImpl.read(SocketChannelImpl.java:376)
	at io.netty.buffer.PooledByteBuf.setBytes(PooledByteBuf.java:258)
	at io.netty.buffer.AbstractByteBuf.writeBytes(AbstractByteBuf.java:1132)
	at io.netty.channel.socket.nio.NioSocketChannel.doReadBytes(NioSocketChannel.java:350)
	at io.netty.channel.nio.AbstractNioByteChannel$NioByteUnsafe.read(AbstractNioByteChannel.java:151)
	at io.netty.channel.nio.NioEventLoop.processSelectedKey(NioEventLoop.java:722)
	at io.netty.channel.nio.NioEventLoop.processSelectedKeysOptimized(NioEventLoop.java:658)
	at io.netty.channel.nio.NioEventLoop.processSelectedKeys(NioEventLoop.java:584)
	at io.netty.channel.nio.NioEventLoop.run(NioEventLoop.java:496)
	at io.netty.util.concurrent.SingleThreadEventExecutor$4.run(SingleThreadEventExecutor.java:986)
	at io.netty.util.internal.ThreadExecutorMap$2.run(ThreadExecutorMap.java:74)
	at io.netty.util.concurrent.FastThreadLocalRunnable.run(FastThreadLocalRunnable.java:30)
	at java.base/java.lang.Thread.run(Thread.java:830)
15:14:59.881 [AsyncHttpClient-1-3] DEBUG org.asynchttpclient.netty.channel.ChannelManager - Closing Channel [id: 0x6027b2a6, L:/127.0.0.1:49435 - R:localhost/127.0.0.1:49428] 
15:14:59.882 [AsyncHttpClient-1-3] DEBUG org.asynchttpclient.netty.handler.HttpHandler - Channel Closed: [id: 0x6027b2a6, L:/127.0.0.1:49435 ! R:localhost/127.0.0.1:49428] with attribute DISCARD
15:14:59.921 [AsyncHttpClient-1-2] DEBUG org.asynchttpclient.netty.handler.HttpHandler - 

Request DefaultFullHttpRequest(decodeResult: success, version: HTTP/1.1, content: EmptyByteBufBE)
DELETE /session/4f2ba4fc1f092a351d78c756fccf00ea HTTP/1.1
User-Agent: selenium/4.1.2 (java windows)
Content-Type: application/json; charset=utf-8
host: localhost:53686
accept: */*

Response DefaultHttpResponse(decodeResult: success, version: HTTP/1.1)
HTTP/1.1 200 OK
Content-Type: application/json; charset=utf-8
cache-control: no-cache
content-length: 14

15:14:59.922 [AsyncHttpClient-1-2] DEBUG org.asynchttpclient.netty.channel.ChannelManager - Adding key: http://localhost:53686 for channel [id: 0x2805e6c4, L:/127.0.0.1:49427 - R:localhost/127.0.0.1:53686]
15:15:00.107 [AsyncHttpClient-1-2] DEBUG org.asynchttpclient.netty.handler.HttpHandler - Channel Closed: [id: 0x2805e6c4, L:/127.0.0.1:49427 ! R:localhost/127.0.0.1:53686] with attribute DISCARD
15:15:00.690 [main] INFO  - 
  _____   ___   ___   _____     ___     _     ___   ___   ___   ___  
 |_   _| | __| / __| |_   _|   | _ \   /_\   / __| / __| | __| |   \ 
   | |   | _|  \__ \   | |     |  _/  / _ \  \__ \ \__ \ | _|  | |) |
   |_|   |___| |___/   |_|     |_|   /_/ \_\ |___/ |___/ |___| |___/ 

Fitur Menu Baby
----------------------------------------------------------------------
]]></system-out>
    <system-err><![CDATA[Starting Microsoft Edge WebDriver 111.0.1661.62 (0a8f453929e6410c973aa529a40485ce4e3e03db) on port 53686
To submit feedback, report a bug, or suggest new features, please visit https://github.com/MicrosoftEdge/EdgeWebDriver

Only local connections are allowed.
Please see https://aka.ms/WebDriverSecurity for suggestions on keeping Microsoft Edge WebDriver safe.

Microsoft Edge WebDriver was started successfully.
Apr 07, 2023 3:14:50 PM org.openqa.selenium.remote.ProtocolHandshake createSession
INFO: Detected dialect: W3C
Apr 07, 2023 3:14:50 PM org.openqa.selenium.devtools.CdpVersionFinder findNearestMatch
WARNING: Unable to find an exact match for CDP version 111, so returning the closest version found: a no-op implementation
Apr 07, 2023 3:14:50 PM org.openqa.selenium.devtools.CdpVersionFinder findNearestMatch
INFO: Unable to find CDP implementation matching 111.
Apr 07, 2023 3:14:50 PM org.openqa.selenium.chromium.ChromiumDriver lambda$new$3
WARNING: Unable to find version of CDP to use for . You may need to include a dependency on a specific version of the CDP using something similar to `org.seleniumhq.selenium:selenium-devtools-v86:4.1.2` where the version ("v86") matches the version of the chromium-based browser you're using and the version number of the artifact is the same as Selenium's.
]]></system-err>
  </testcase>
  <testcase name="Fitur Menu Baby #2" classname="Baby" time="13.749">
    <system-out><![CDATA[
Scenario Outline: Fitur Menu Baby     &amp#27;[90m# src/test/resources/features/Baby.feature:94&amp#27;[0m
15:15:00.701 [main] INFO io.cucumber.core.plugin.SerenityReporter - Running feature from file:///C:/Users/alwi/IdeaProjects/uniqloweb/src/test/resources/features/Baby.feature
15:15:00.882 [main] DEBUG io.github.bonigarcia.wdm.cache.ResolutionCache - Resolution edge=111 in cache (valid until 16:02:35 07/04/2023 WIB)
15:15:00.890 [main] DEBUG io.github.bonigarcia.wdm.cache.ResolutionCache - Resolution edge111=111.0.1661.62 in cache (valid until 15:02:35 08/04/2023 WIB)
15:15:00.893 [main] INFO io.github.bonigarcia.wdm.WebDriverManager - Using msedgedriver 111.0.1661.62 (resolved driver for Edge 111)
15:15:00.906 [AsyncHttpClient-1-1] DEBUG org.asynchttpclient.netty.channel.DefaultChannelPool - Entry count for : http://localhost:49428 : 1
15:15:00.906 [AsyncHttpClient-1-1] DEBUG org.asynchttpclient.netty.channel.DefaultChannelPool - Entry count for : http://localhost:53686 : 1
15:15:00.906 [AsyncHttpClient-1-1] DEBUG org.asynchttpclient.netty.channel.DefaultChannelPool - Adding Candidate expired Channel [id: 0x6027b2a6, L:/127.0.0.1:49435 ! R:localhost/127.0.0.1:49428] isIdleTimeoutExpired=false isRemotelyClosed=true isTtlExpired=false
15:15:00.906 [AsyncHttpClient-1-1] DEBUG org.asynchttpclient.netty.channel.DefaultChannelPool - Closing Idle Channel [id: 0x6027b2a6, L:/127.0.0.1:49435 ! R:localhost/127.0.0.1:49428]
15:15:00.906 [AsyncHttpClient-1-1] DEBUG org.asynchttpclient.netty.channel.DefaultChannelPool - Adding Candidate expired Channel [id: 0x2805e6c4, L:/127.0.0.1:49427 ! R:localhost/127.0.0.1:53686] isIdleTimeoutExpired=false isRemotelyClosed=true isTtlExpired=false
15:15:00.906 [AsyncHttpClient-1-1] DEBUG org.asynchttpclient.netty.channel.DefaultChannelPool - Closing Idle Channel [id: 0x2805e6c4, L:/127.0.0.1:49427 ! R:localhost/127.0.0.1:53686]
15:15:00.906 [AsyncHttpClient-1-1] DEBUG org.asynchttpclient.netty.channel.DefaultChannelPool - Closed 2 connections out of 2 in 0 ms
15:15:00.911 [main] DEBUG io.github.bonigarcia.wdm.WebDriverManager - Driver msedgedriver 111.0.1661.62 found in cache
15:15:00.912 [main] INFO io.github.bonigarcia.wdm.WebDriverManager - Exporting webdriver.edge.driver as C:\Users\alwi\.cache\selenium\msedgedriver\win64\111.0.1661.62\msedgedriver.exe
15:15:00.915 [main] DEBUG net.serenitybdd.core.webdriver.driverproviders.ProvideNewDriver - Instantiating driver
15:15:00.916 [main] DEBUG net.serenitybdd.core.webdriver.driverproviders.ProvideNewDriver - Driver capabilities: Capabilities {base.url: https://www.uniqlo.com, chrome.driver: src/test/resources/webdrive..., driver: edge, ms:edgeChromium: true, ms:edgeOptions: {}, wait.for.timeout: 6000}
15:15:01.465 [AsyncHttpClient-1-5] DEBUG org.asynchttpclient.netty.channel.NettyConnectListener - Using new Channel '[id: 0xbcf8e069, L:/127.0.0.1:49564 - R:localhost/127.0.0.1:52032]' for 'POST' to '/session'
15:15:02.108 [AsyncHttpClient-1-5] DEBUG org.asynchttpclient.netty.handler.HttpHandler - 

Request DefaultHttpRequest(decodeResult: success, version: HTTP/1.1)
POST /session HTTP/1.1
User-Agent: selenium/4.1.2 (java windows)
Content-Length: 627
Content-Type: application/json; charset=utf-8
host: localhost:52032
accept: */*

Response DefaultHttpResponse(decodeResult: success, version: HTTP/1.1)
HTTP/1.1 200 OK
Content-Type: application/json; charset=utf-8
cache-control: no-cache
content-length: 824

15:15:02.109 [AsyncHttpClient-1-5] DEBUG org.asynchttpclient.netty.channel.ChannelManager - Adding key: http://localhost:52032 for channel [id: 0xbcf8e069, L:/127.0.0.1:49564 - R:localhost/127.0.0.1:52032]
15:15:02.120 [AsyncHttpClient-1-6] DEBUG org.asynchttpclient.netty.channel.NettyConnectListener - Using new Channel '[id: 0xe160accb, L:/127.0.0.1:49571 - R:localhost/127.0.0.1:49565]' for 'GET' to '/json/version'
15:15:02.126 [AsyncHttpClient-1-6] DEBUG org.asynchttpclient.netty.handler.HttpHandler - 

Request DefaultFullHttpRequest(decodeResult: success, version: HTTP/1.1, content: EmptyByteBufBE)
GET /json/version HTTP/1.1
User-Agent: selenium/4.1.2 (java windows)
host: localhost:49565
accept: */*

Response DefaultHttpResponse(decodeResult: success, version: HTTP/1.1)
HTTP/1.1 200 OK
Content-Security-Policy: frame-ancestors 'none'
Content-Type: application/json; charset=UTF-8
content-length: 436

15:15:02.126 [AsyncHttpClient-1-6] DEBUG org.asynchttpclient.netty.channel.ChannelManager - Adding key: http://localhost:49565 for channel [id: 0xe160accb, L:/127.0.0.1:49571 - R:localhost/127.0.0.1:49565]
15:15:02.129 [AsyncHttpClient-1-7] DEBUG org.asynchttpclient.netty.channel.NettyConnectListener - Using new Channel '[id: 0xb0052853, L:/127.0.0.1:49572 - R:localhost/127.0.0.1:49565]' for 'GET' to '/devtools/browser/b00e39da-15ca-4bae-b96b-a1a01bebcffe'
15:15:02.133 [AsyncHttpClient-1-7] DEBUG org.asynchttpclient.netty.handler.WebSocketHandler - 

Request DefaultFullHttpRequest(decodeResult: success, version: HTTP/1.1, content: EmptyByteBufBE)
GET /devtools/browser/b00e39da-15ca-4bae-b96b-a1a01bebcffe HTTP/1.1
upgrade: websocket
connection: upgrade
sec-websocket-key: LTEdu9gkPGZXYZJ280UjNw==
sec-websocket-version: 13
origin: http://localhost:49565
host: localhost:49565
accept: */*
user-agent: AHC/2.1

Response DefaultHttpResponse(decodeResult: success, version: HTTP/1.1)
HTTP/1.1 101 WebSocket Protocol Handshake
Upgrade: WebSocket
Connection: Upgrade
Sec-WebSocket-Accept: HK8rUwBi3Xf5r9QRSucQr0evKk8=

15:15:02.143 [Forwarding get on session 1334da8c3e487b30278de789e03ba4bc to remote] DEBUG org.asynchttpclient.netty.request.NettyRequestSender - Using pooled Channel '[id: 0xbcf8e069, L:/127.0.0.1:49564 - R:localhost/127.0.0.1:52032]' for 'POST' to 'http://localhost:52032/session/1334da8c3e487b30278de789e03ba4bc/url'
15:15:02.143 [Forwarding get on session 1334da8c3e487b30278de789e03ba4bc to remote] DEBUG org.asynchttpclient.netty.request.NettyRequestSender - Using open Channel [id: 0xbcf8e069, L:/127.0.0.1:49564 - R:localhost/127.0.0.1:52032] for POST '/session/1334da8c3e487b30278de789e03ba4bc/url'
15:15:03.106 [AsyncHttpClient-1-1] DEBUG org.asynchttpclient.netty.channel.DefaultChannelPool - Entry count for : http://localhost:49565 : 1
15:15:04.205 [AsyncHttpClient-1-1] DEBUG org.asynchttpclient.netty.channel.DefaultChannelPool - Entry count for : http://localhost:49565 : 1
15:15:05.312 [AsyncHttpClient-1-1] DEBUG org.asynchttpclient.netty.channel.DefaultChannelPool - Entry count for : http://localhost:49565 : 1
15:15:06.405 [AsyncHttpClient-1-1] DEBUG org.asynchttpclient.netty.channel.DefaultChannelPool - Entry count for : http://localhost:49565 : 1
15:15:07.505 [AsyncHttpClient-1-1] DEBUG org.asynchttpclient.netty.channel.DefaultChannelPool - Entry count for : http://localhost:49565 : 1
15:15:08.606 [AsyncHttpClient-1-1] DEBUG org.asynchttpclient.netty.channel.DefaultChannelPool - Entry count for : http://localhost:49565 : 1
15:15:09.706 [AsyncHttpClient-1-1] DEBUG org.asynchttpclient.netty.channel.DefaultChannelPool - Entry count for : http://localhost:49565 : 1
15:15:10.495 [AsyncHttpClient-1-5] DEBUG org.asynchttpclient.netty.handler.HttpHandler - 

Request DefaultHttpRequest(decodeResult: success, version: HTTP/1.1)
POST /session/1334da8c3e487b30278de789e03ba4bc/url HTTP/1.1
User-Agent: selenium/4.1.2 (java windows)
Content-Length: 53
Content-Type: application/json; charset=utf-8
host: localhost:52032
accept: */*

Response DefaultHttpResponse(decodeResult: success, version: HTTP/1.1)
HTTP/1.1 200 OK
Content-Type: application/json; charset=utf-8
cache-control: no-cache
content-length: 14

15:15:10.495 [AsyncHttpClient-1-5] DEBUG org.asynchttpclient.netty.channel.ChannelManager - Adding key: http://localhost:52032 for channel [id: 0xbcf8e069, L:/127.0.0.1:49564 - R:localhost/127.0.0.1:52032]
15:15:10.498 [Forwarding setTimeout on session 1334da8c3e487b30278de789e03ba4bc to remote] DEBUG org.asynchttpclient.netty.request.NettyRequestSender - Using pooled Channel '[id: 0xbcf8e069, L:/127.0.0.1:49564 - R:localhost/127.0.0.1:52032]' for 'POST' to 'http://localhost:52032/session/1334da8c3e487b30278de789e03ba4bc/timeouts'
15:15:10.498 [Forwarding setTimeout on session 1334da8c3e487b30278de789e03ba4bc to remote] DEBUG org.asynchttpclient.netty.request.NettyRequestSender - Using open Channel [id: 0xbcf8e069, L:/127.0.0.1:49564 - R:localhost/127.0.0.1:52032] for POST '/session/1334da8c3e487b30278de789e03ba4bc/timeouts'
15:15:10.503 [AsyncHttpClient-1-5] DEBUG org.asynchttpclient.netty.handler.HttpHandler - 

Request DefaultHttpRequest(decodeResult: success, version: HTTP/1.1)
POST /session/1334da8c3e487b30278de789e03ba4bc/timeouts HTTP/1.1
User-Agent: selenium/4.1.2 (java windows)
Content-Length: 22
Content-Type: application/json; charset=utf-8
host: localhost:52032
accept: */*

Response DefaultHttpResponse(decodeResult: success, version: HTTP/1.1)
HTTP/1.1 200 OK
Content-Type: application/json; charset=utf-8
cache-control: no-cache
content-length: 14

15:15:10.503 [AsyncHttpClient-1-5] DEBUG org.asynchttpclient.netty.channel.ChannelManager - Adding key: http://localhost:52032 for channel [id: 0xbcf8e069, L:/127.0.0.1:49564 - R:localhost/127.0.0.1:52032]
15:15:10.513 [Forwarding getCurrentUrl on session 1334da8c3e487b30278de789e03ba4bc to remote] DEBUG org.asynchttpclient.netty.request.NettyRequestSender - Using pooled Channel '[id: 0xbcf8e069, L:/127.0.0.1:49564 - R:localhost/127.0.0.1:52032]' for 'GET' to 'http://localhost:52032/session/1334da8c3e487b30278de789e03ba4bc/url'
15:15:10.513 [Forwarding getCurrentUrl on session 1334da8c3e487b30278de789e03ba4bc to remote] DEBUG org.asynchttpclient.netty.request.NettyRequestSender - Using open Channel [id: 0xbcf8e069, L:/127.0.0.1:49564 - R:localhost/127.0.0.1:52032] for GET '/session/1334da8c3e487b30278de789e03ba4bc/url'
15:15:10.521 [AsyncHttpClient-1-5] DEBUG org.asynchttpclient.netty.handler.HttpHandler - 

Request DefaultFullHttpRequest(decodeResult: success, version: HTTP/1.1, content: EmptyByteBufBE)
GET /session/1334da8c3e487b30278de789e03ba4bc/url HTTP/1.1
User-Agent: selenium/4.1.2 (java windows)
Cache-Control: no-cache
Content-Type: application/json; charset=utf-8
host: localhost:52032
accept: */*

Response DefaultHttpResponse(decodeResult: success, version: HTTP/1.1)
HTTP/1.1 200 OK
Content-Type: application/json; charset=utf-8
cache-control: no-cache
content-length: 41

15:15:10.521 [AsyncHttpClient-1-5] DEBUG org.asynchttpclient.netty.channel.ChannelManager - Adding key: http://localhost:52032 for channel [id: 0xbcf8e069, L:/127.0.0.1:49564 - R:localhost/127.0.0.1:52032]
  &amp#27;[32mGiven &amp#27;[0m&amp#27;[32mI am on the home page&amp#27;[0m         &amp#27;[90m# starter.stepdefinitions.BabyStep.iAmOnTheHomePage()&amp#27;[0m
15:15:10.539 [Forwarding screenshot on session 1334da8c3e487b30278de789e03ba4bc to remote] DEBUG org.asynchttpclient.netty.request.NettyRequestSender - Using pooled Channel '[id: 0xbcf8e069, L:/127.0.0.1:49564 - R:localhost/127.0.0.1:52032]' for 'GET' to 'http://localhost:52032/session/1334da8c3e487b30278de789e03ba4bc/screenshot'
15:15:10.539 [Forwarding screenshot on session 1334da8c3e487b30278de789e03ba4bc to remote] DEBUG org.asynchttpclient.netty.request.NettyRequestSender - Using open Channel [id: 0xbcf8e069, L:/127.0.0.1:49564 - R:localhost/127.0.0.1:52032] for GET '/session/1334da8c3e487b30278de789e03ba4bc/screenshot'
15:15:10.810 [AsyncHttpClient-1-1] DEBUG org.asynchttpclient.netty.channel.DefaultChannelPool - Entry count for : http://localhost:49565 : 1
15:15:10.870 [AsyncHttpClient-1-5] DEBUG org.asynchttpclient.netty.handler.HttpHandler - 

Request DefaultFullHttpRequest(decodeResult: success, version: HTTP/1.1, content: EmptyByteBufBE)
GET /session/1334da8c3e487b30278de789e03ba4bc/screenshot HTTP/1.1
User-Agent: selenium/4.1.2 (java windows)
Cache-Control: no-cache
Content-Type: application/json; charset=utf-8
host: localhost:52032
accept: */*

Response DefaultHttpResponse(decodeResult: success, version: HTTP/1.1)
HTTP/1.1 200 OK
Content-Type: application/json; charset=utf-8
cache-control: no-cache
content-length: 1022316

15:15:10.878 [AsyncHttpClient-1-5] DEBUG org.asynchttpclient.netty.channel.ChannelManager - Adding key: http://localhost:52032 for channel [id: 0xbcf8e069, L:/127.0.0.1:49564 - R:localhost/127.0.0.1:52032]
15:15:10.929 [main] DEBUG net.serenitybdd.core.photography.Darkroom - Send negative for processing for target\site\serenity\b0ddf3608b8f51a6a3adc36e4acd901b7a2c5b7adc6fd42a924a7c7a6358c0ea.png
15:15:10.945 [Forwarding findElement on session 1334da8c3e487b30278de789e03ba4bc to remote] DEBUG org.asynchttpclient.netty.request.NettyRequestSender - Using pooled Channel '[id: 0xbcf8e069, L:/127.0.0.1:49564 - R:localhost/127.0.0.1:52032]' for 'POST' to 'http://localhost:52032/session/1334da8c3e487b30278de789e03ba4bc/element'
15:15:10.946 [Forwarding findElement on session 1334da8c3e487b30278de789e03ba4bc to remote] DEBUG org.asynchttpclient.netty.request.NettyRequestSender - Using open Channel [id: 0xbcf8e069, L:/127.0.0.1:49564 - R:localhost/127.0.0.1:52032] for POST '/session/1334da8c3e487b30278de789e03ba4bc/element'
15:15:10.960 [AsyncHttpClient-1-5] DEBUG org.asynchttpclient.netty.handler.HttpHandler - 

Request DefaultHttpRequest(decodeResult: success, version: HTTP/1.1)
POST /session/1334da8c3e487b30278de789e03ba4bc/element HTTP/1.1
User-Agent: selenium/4.1.2 (java windows)
Content-Length: 81
Content-Type: application/json; charset=utf-8
host: localhost:52032
accept: */*

Response DefaultHttpResponse(decodeResult: success, version: HTTP/1.1)
HTTP/1.1 200 OK
Content-Type: application/json; charset=utf-8
cache-control: no-cache
content-length: 88

15:15:10.961 [AsyncHttpClient-1-5] DEBUG org.asynchttpclient.netty.channel.ChannelManager - Adding key: http://localhost:52032 for channel [id: 0xbcf8e069, L:/127.0.0.1:49564 - R:localhost/127.0.0.1:52032]
15:15:10.962 [Forwarding getElementTagName on session 1334da8c3e487b30278de789e03ba4bc to remote] DEBUG org.asynchttpclient.netty.request.NettyRequestSender - Using pooled Channel '[id: 0xbcf8e069, L:/127.0.0.1:49564 - R:localhost/127.0.0.1:52032]' for 'GET' to 'http://localhost:52032/session/1334da8c3e487b30278de789e03ba4bc/element/b9281bdb-f8b7-485c-bf46-db656ee5698d/name'
15:15:10.963 [Forwarding getElementTagName on session 1334da8c3e487b30278de789e03ba4bc to remote] DEBUG org.asynchttpclient.netty.request.NettyRequestSender - Using open Channel [id: 0xbcf8e069, L:/127.0.0.1:49564 - R:localhost/127.0.0.1:52032] for GET '/session/1334da8c3e487b30278de789e03ba4bc/element/b9281bdb-f8b7-485c-bf46-db656ee5698d/name'
15:15:10.966 [AsyncHttpClient-1-5] DEBUG org.asynchttpclient.netty.handler.HttpHandler - 

Request DefaultFullHttpRequest(decodeResult: success, version: HTTP/1.1, content: EmptyByteBufBE)
GET /session/1334da8c3e487b30278de789e03ba4bc/element/b9281bdb-f8b7-485c-bf46-db656ee5698d/name HTTP/1.1
User-Agent: selenium/4.1.2 (java windows)
Cache-Control: no-cache
Content-Type: application/json; charset=utf-8
host: localhost:52032
accept: */*

Response DefaultHttpResponse(decodeResult: success, version: HTTP/1.1)
HTTP/1.1 200 OK
Content-Type: application/json; charset=utf-8
cache-control: no-cache
content-length: 16

15:15:10.967 [AsyncHttpClient-1-5] DEBUG org.asynchttpclient.netty.channel.ChannelManager - Adding key: http://localhost:52032 for channel [id: 0xbcf8e069, L:/127.0.0.1:49564 - R:localhost/127.0.0.1:52032]
15:15:10.968 [Forwarding getElementTagName on session 1334da8c3e487b30278de789e03ba4bc to remote] DEBUG org.asynchttpclient.netty.request.NettyRequestSender - Using pooled Channel '[id: 0xbcf8e069, L:/127.0.0.1:49564 - R:localhost/127.0.0.1:52032]' for 'GET' to 'http://localhost:52032/session/1334da8c3e487b30278de789e03ba4bc/element/b9281bdb-f8b7-485c-bf46-db656ee5698d/name'
15:15:10.968 [Forwarding getElementTagName on session 1334da8c3e487b30278de789e03ba4bc to remote] DEBUG org.asynchttpclient.netty.request.NettyRequestSender - Using open Channel [id: 0xbcf8e069, L:/127.0.0.1:49564 - R:localhost/127.0.0.1:52032] for GET '/session/1334da8c3e487b30278de789e03ba4bc/element/b9281bdb-f8b7-485c-bf46-db656ee5698d/name'
15:15:10.972 [AsyncHttpClient-1-5] DEBUG org.asynchttpclient.netty.handler.HttpHandler - 

Request DefaultFullHttpRequest(decodeResult: success, version: HTTP/1.1, content: EmptyByteBufBE)
GET /session/1334da8c3e487b30278de789e03ba4bc/element/b9281bdb-f8b7-485c-bf46-db656ee5698d/name HTTP/1.1
User-Agent: selenium/4.1.2 (java windows)
Cache-Control: no-cache
Content-Type: application/json; charset=utf-8
host: localhost:52032
accept: */*

Response DefaultHttpResponse(decodeResult: success, version: HTTP/1.1)
HTTP/1.1 200 OK
Content-Type: application/json; charset=utf-8
cache-control: no-cache
content-length: 16

15:15:10.972 [AsyncHttpClient-1-5] DEBUG org.asynchttpclient.netty.channel.ChannelManager - Adding key: http://localhost:52032 for channel [id: 0xbcf8e069, L:/127.0.0.1:49564 - R:localhost/127.0.0.1:52032]
15:15:10.979 [Forwarding findElement on session 1334da8c3e487b30278de789e03ba4bc to remote] DEBUG org.asynchttpclient.netty.request.NettyRequestSender - Using pooled Channel '[id: 0xbcf8e069, L:/127.0.0.1:49564 - R:localhost/127.0.0.1:52032]' for 'POST' to 'http://localhost:52032/session/1334da8c3e487b30278de789e03ba4bc/element'
15:15:10.979 [Forwarding findElement on session 1334da8c3e487b30278de789e03ba4bc to remote] DEBUG org.asynchttpclient.netty.request.NettyRequestSender - Using open Channel [id: 0xbcf8e069, L:/127.0.0.1:49564 - R:localhost/127.0.0.1:52032] for POST '/session/1334da8c3e487b30278de789e03ba4bc/element'
15:15:10.986 [AsyncHttpClient-1-5] DEBUG org.asynchttpclient.netty.handler.HttpHandler - 

Request DefaultHttpRequest(decodeResult: success, version: HTTP/1.1)
POST /session/1334da8c3e487b30278de789e03ba4bc/element HTTP/1.1
User-Agent: selenium/4.1.2 (java windows)
Content-Length: 81
Content-Type: application/json; charset=utf-8
host: localhost:52032
accept: */*

Response DefaultHttpResponse(decodeResult: success, version: HTTP/1.1)
HTTP/1.1 200 OK
Content-Type: application/json; charset=utf-8
cache-control: no-cache
content-length: 88

15:15:10.986 [AsyncHttpClient-1-5] DEBUG org.asynchttpclient.netty.channel.ChannelManager - Adding key: http://localhost:52032 for channel [id: 0xbcf8e069, L:/127.0.0.1:49564 - R:localhost/127.0.0.1:52032]
15:15:10.988 [Forwarding clickElement on session 1334da8c3e487b30278de789e03ba4bc to remote] DEBUG org.asynchttpclient.netty.request.NettyRequestSender - Using pooled Channel '[id: 0xbcf8e069, L:/127.0.0.1:49564 - R:localhost/127.0.0.1:52032]' for 'POST' to 'http://localhost:52032/session/1334da8c3e487b30278de789e03ba4bc/element/b9281bdb-f8b7-485c-bf46-db656ee5698d/click'
15:15:10.988 [Forwarding clickElement on session 1334da8c3e487b30278de789e03ba4bc to remote] DEBUG org.asynchttpclient.netty.request.NettyRequestSender - Using open Channel [id: 0xbcf8e069, L:/127.0.0.1:49564 - R:localhost/127.0.0.1:52032] for POST '/session/1334da8c3e487b30278de789e03ba4bc/element/b9281bdb-f8b7-485c-bf46-db656ee5698d/click'
15:15:11.500 [AsyncHttpClient-1-5] DEBUG org.asynchttpclient.netty.handler.HttpHandler - 

Request DefaultHttpRequest(decodeResult: success, version: HTTP/1.1)
POST /session/1334da8c3e487b30278de789e03ba4bc/element/b9281bdb-f8b7-485c-bf46-db656ee5698d/click HTTP/1.1
User-Agent: selenium/4.1.2 (java windows)
Content-Length: 50
Content-Type: application/json; charset=utf-8
host: localhost:52032
accept: */*

Response DefaultHttpResponse(decodeResult: success, version: HTTP/1.1)
HTTP/1.1 200 OK
Content-Type: application/json; charset=utf-8
cache-control: no-cache
content-length: 14

15:15:11.501 [AsyncHttpClient-1-5] DEBUG org.asynchttpclient.netty.channel.ChannelManager - Adding key: http://localhost:52032 for channel [id: 0xbcf8e069, L:/127.0.0.1:49564 - R:localhost/127.0.0.1:52032]
  &amp#27;[32mThen &amp#27;[0m&amp#27;[32mI click baby on the header&amp#27;[0m     &amp#27;[90m# starter.stepdefinitions.BabyStep.iClickBabyOnTheHeader()&amp#27;[0m
15:15:11.514 [Forwarding screenshot on session 1334da8c3e487b30278de789e03ba4bc to remote] DEBUG org.asynchttpclient.netty.request.NettyRequestSender - Using pooled Channel '[id: 0xbcf8e069, L:/127.0.0.1:49564 - R:localhost/127.0.0.1:52032]' for 'GET' to 'http://localhost:52032/session/1334da8c3e487b30278de789e03ba4bc/screenshot'
15:15:11.514 [Forwarding screenshot on session 1334da8c3e487b30278de789e03ba4bc to remote] DEBUG org.asynchttpclient.netty.request.NettyRequestSender - Using open Channel [id: 0xbcf8e069, L:/127.0.0.1:49564 - R:localhost/127.0.0.1:52032] for GET '/session/1334da8c3e487b30278de789e03ba4bc/screenshot'
15:15:11.906 [AsyncHttpClient-1-1] DEBUG org.asynchttpclient.netty.channel.DefaultChannelPool - Entry count for : http://localhost:49565 : 1
15:15:12.338 [AsyncHttpClient-1-5] DEBUG org.asynchttpclient.netty.handler.HttpHandler - 

Request DefaultFullHttpRequest(decodeResult: success, version: HTTP/1.1, content: EmptyByteBufBE)
GET /session/1334da8c3e487b30278de789e03ba4bc/screenshot HTTP/1.1
User-Agent: selenium/4.1.2 (java windows)
Cache-Control: no-cache
Content-Type: application/json; charset=utf-8
host: localhost:52032
accept: */*

Response DefaultHttpResponse(decodeResult: success, version: HTTP/1.1)
HTTP/1.1 200 OK
Content-Type: application/json; charset=utf-8
cache-control: no-cache
content-length: 137780

15:15:12.338 [AsyncHttpClient-1-5] DEBUG org.asynchttpclient.netty.channel.ChannelManager - Adding key: http://localhost:52032 for channel [id: 0xbcf8e069, L:/127.0.0.1:49564 - R:localhost/127.0.0.1:52032]
15:15:12.344 [main] DEBUG net.serenitybdd.core.photography.Darkroom - Send negative for processing for target\site\serenity\fc49f54f773bd13dfcb5f9ddcc7d3fc267d5bb6c19a5df1b837172c71e63382f.png
15:15:12.344 [Darkroom Processing Line] DEBUG net.serenitybdd.core.photography.DarkroomProcessingLine - Processing screenshot image in /var/screenshots/screenshot-14138181643301906097
15:15:12.344 [Darkroom Processing Line] DEBUG net.serenitybdd.core.photography.DarkroomProcessingLine - Saving screenshot to target\site\serenity\fc49f54f773bd13dfcb5f9ddcc7d3fc267d5bb6c19a5df1b837172c71e63382f.png
15:15:12.353 [Forwarding findElement on session 1334da8c3e487b30278de789e03ba4bc to remote] DEBUG org.asynchttpclient.netty.request.NettyRequestSender - Using pooled Channel '[id: 0xbcf8e069, L:/127.0.0.1:49564 - R:localhost/127.0.0.1:52032]' for 'POST' to 'http://localhost:52032/session/1334da8c3e487b30278de789e03ba4bc/element'
15:15:12.353 [Forwarding findElement on session 1334da8c3e487b30278de789e03ba4bc to remote] DEBUG org.asynchttpclient.netty.request.NettyRequestSender - Using open Channel [id: 0xbcf8e069, L:/127.0.0.1:49564 - R:localhost/127.0.0.1:52032] for POST '/session/1334da8c3e487b30278de789e03ba4bc/element'
15:15:12.373 [AsyncHttpClient-1-5] DEBUG org.asynchttpclient.netty.handler.HttpHandler - 

Request DefaultHttpRequest(decodeResult: success, version: HTTP/1.1)
POST /session/1334da8c3e487b30278de789e03ba4bc/element HTTP/1.1
User-Agent: selenium/4.1.2 (java windows)
Content-Length: 108
Content-Type: application/json; charset=utf-8
host: localhost:52032
accept: */*

Response DefaultHttpResponse(decodeResult: success, version: HTTP/1.1)
HTTP/1.1 200 OK
Content-Type: application/json; charset=utf-8
cache-control: no-cache
content-length: 88

15:15:12.373 [AsyncHttpClient-1-5] DEBUG org.asynchttpclient.netty.channel.ChannelManager - Adding key: http://localhost:52032 for channel [id: 0xbcf8e069, L:/127.0.0.1:49564 - R:localhost/127.0.0.1:52032]
15:15:12.376 [Forwarding getElementTagName on session 1334da8c3e487b30278de789e03ba4bc to remote] DEBUG org.asynchttpclient.netty.request.NettyRequestSender - Using pooled Channel '[id: 0xbcf8e069, L:/127.0.0.1:49564 - R:localhost/127.0.0.1:52032]' for 'GET' to 'http://localhost:52032/session/1334da8c3e487b30278de789e03ba4bc/element/8805642c-6279-40dd-9805-47d8f090ad7a/name'
15:15:12.376 [Forwarding getElementTagName on session 1334da8c3e487b30278de789e03ba4bc to remote] DEBUG org.asynchttpclient.netty.request.NettyRequestSender - Using open Channel [id: 0xbcf8e069, L:/127.0.0.1:49564 - R:localhost/127.0.0.1:52032] for GET '/session/1334da8c3e487b30278de789e03ba4bc/element/8805642c-6279-40dd-9805-47d8f090ad7a/name'
15:15:12.381 [AsyncHttpClient-1-5] DEBUG org.asynchttpclient.netty.handler.HttpHandler - 

Request DefaultFullHttpRequest(decodeResult: success, version: HTTP/1.1, content: EmptyByteBufBE)
GET /session/1334da8c3e487b30278de789e03ba4bc/element/8805642c-6279-40dd-9805-47d8f090ad7a/name HTTP/1.1
User-Agent: selenium/4.1.2 (java windows)
Cache-Control: no-cache
Content-Type: application/json; charset=utf-8
host: localhost:52032
accept: */*

Response DefaultHttpResponse(decodeResult: success, version: HTTP/1.1)
HTTP/1.1 200 OK
Content-Type: application/json; charset=utf-8
cache-control: no-cache
content-length: 16

15:15:12.382 [AsyncHttpClient-1-5] DEBUG org.asynchttpclient.netty.channel.ChannelManager - Adding key: http://localhost:52032 for channel [id: 0xbcf8e069, L:/127.0.0.1:49564 - R:localhost/127.0.0.1:52032]
15:15:12.383 [Forwarding getElementTagName on session 1334da8c3e487b30278de789e03ba4bc to remote] DEBUG org.asynchttpclient.netty.request.NettyRequestSender - Using pooled Channel '[id: 0xbcf8e069, L:/127.0.0.1:49564 - R:localhost/127.0.0.1:52032]' for 'GET' to 'http://localhost:52032/session/1334da8c3e487b30278de789e03ba4bc/element/8805642c-6279-40dd-9805-47d8f090ad7a/name'
15:15:12.383 [Forwarding getElementTagName on session 1334da8c3e487b30278de789e03ba4bc to remote] DEBUG org.asynchttpclient.netty.request.NettyRequestSender - Using open Channel [id: 0xbcf8e069, L:/127.0.0.1:49564 - R:localhost/127.0.0.1:52032] for GET '/session/1334da8c3e487b30278de789e03ba4bc/element/8805642c-6279-40dd-9805-47d8f090ad7a/name'
15:15:12.405 [AsyncHttpClient-1-5] DEBUG org.asynchttpclient.netty.handler.HttpHandler - 

Request DefaultFullHttpRequest(decodeResult: success, version: HTTP/1.1, content: EmptyByteBufBE)
GET /session/1334da8c3e487b30278de789e03ba4bc/element/8805642c-6279-40dd-9805-47d8f090ad7a/name HTTP/1.1
User-Agent: selenium/4.1.2 (java windows)
Cache-Control: no-cache
Content-Type: application/json; charset=utf-8
host: localhost:52032
accept: */*

Response DefaultHttpResponse(decodeResult: success, version: HTTP/1.1)
HTTP/1.1 200 OK
Content-Type: application/json; charset=utf-8
cache-control: no-cache
content-length: 16

15:15:12.406 [AsyncHttpClient-1-5] DEBUG org.asynchttpclient.netty.channel.ChannelManager - Adding key: http://localhost:52032 for channel [id: 0xbcf8e069, L:/127.0.0.1:49564 - R:localhost/127.0.0.1:52032]
15:15:12.411 [Forwarding findElement on session 1334da8c3e487b30278de789e03ba4bc to remote] DEBUG org.asynchttpclient.netty.request.NettyRequestSender - Using pooled Channel '[id: 0xbcf8e069, L:/127.0.0.1:49564 - R:localhost/127.0.0.1:52032]' for 'POST' to 'http://localhost:52032/session/1334da8c3e487b30278de789e03ba4bc/element'
15:15:12.412 [Forwarding findElement on session 1334da8c3e487b30278de789e03ba4bc to remote] DEBUG org.asynchttpclient.netty.request.NettyRequestSender - Using open Channel [id: 0xbcf8e069, L:/127.0.0.1:49564 - R:localhost/127.0.0.1:52032] for POST '/session/1334da8c3e487b30278de789e03ba4bc/element'
15:15:12.523 [AsyncHttpClient-1-5] DEBUG org.asynchttpclient.netty.handler.HttpHandler - 

Request DefaultHttpRequest(decodeResult: success, version: HTTP/1.1)
POST /session/1334da8c3e487b30278de789e03ba4bc/element HTTP/1.1
User-Agent: selenium/4.1.2 (java windows)
Content-Length: 108
Content-Type: application/json; charset=utf-8
host: localhost:52032
accept: */*

Response DefaultHttpResponse(decodeResult: success, version: HTTP/1.1)
HTTP/1.1 200 OK
Content-Type: application/json; charset=utf-8
cache-control: no-cache
content-length: 88

15:15:12.523 [AsyncHttpClient-1-5] DEBUG org.asynchttpclient.netty.channel.ChannelManager - Adding key: http://localhost:52032 for channel [id: 0xbcf8e069, L:/127.0.0.1:49564 - R:localhost/127.0.0.1:52032]
15:15:12.528 [Forwarding clickElement on session 1334da8c3e487b30278de789e03ba4bc to remote] DEBUG org.asynchttpclient.netty.request.NettyRequestSender - Using pooled Channel '[id: 0xbcf8e069, L:/127.0.0.1:49564 - R:localhost/127.0.0.1:52032]' for 'POST' to 'http://localhost:52032/session/1334da8c3e487b30278de789e03ba4bc/element/8805642c-6279-40dd-9805-47d8f090ad7a/click'
15:15:12.528 [Forwarding clickElement on session 1334da8c3e487b30278de789e03ba4bc to remote] DEBUG org.asynchttpclient.netty.request.NettyRequestSender - Using open Channel [id: 0xbcf8e069, L:/127.0.0.1:49564 - R:localhost/127.0.0.1:52032] for POST '/session/1334da8c3e487b30278de789e03ba4bc/element/8805642c-6279-40dd-9805-47d8f090ad7a/click'
15:15:12.840 [AsyncHttpClient-1-5] DEBUG org.asynchttpclient.netty.handler.HttpHandler - 

Request DefaultHttpRequest(decodeResult: success, version: HTTP/1.1)
POST /session/1334da8c3e487b30278de789e03ba4bc/element/8805642c-6279-40dd-9805-47d8f090ad7a/click HTTP/1.1
User-Agent: selenium/4.1.2 (java windows)
Content-Length: 50
Content-Type: application/json; charset=utf-8
host: localhost:52032
accept: */*

Response DefaultHttpResponse(decodeResult: success, version: HTTP/1.1)
HTTP/1.1 200 OK
Content-Type: application/json; charset=utf-8
cache-control: no-cache
content-length: 14

15:15:12.840 [AsyncHttpClient-1-5] DEBUG org.asynchttpclient.netty.channel.ChannelManager - Adding key: http://localhost:52032 for channel [id: 0xbcf8e069, L:/127.0.0.1:49564 - R:localhost/127.0.0.1:52032]
  &amp#27;[32mWhen &amp#27;[0m&amp#27;[32mI will go to &amp#27;[0m&amp#27;[32m&amp#27;[1m"pakaianNewborn1"&amp#27;[0m &amp#27;[90m# starter.stepdefinitions.BabyStep.iWillGoTo(java.lang.String)&amp#27;[0m
15:15:12.849 [Forwarding screenshot on session 1334da8c3e487b30278de789e03ba4bc to remote] DEBUG org.asynchttpclient.netty.request.NettyRequestSender - Using pooled Channel '[id: 0xbcf8e069, L:/127.0.0.1:49564 - R:localhost/127.0.0.1:52032]' for 'GET' to 'http://localhost:52032/session/1334da8c3e487b30278de789e03ba4bc/screenshot'
15:15:12.849 [Forwarding screenshot on session 1334da8c3e487b30278de789e03ba4bc to remote] DEBUG org.asynchttpclient.netty.request.NettyRequestSender - Using open Channel [id: 0xbcf8e069, L:/127.0.0.1:49564 - R:localhost/127.0.0.1:52032] for GET '/session/1334da8c3e487b30278de789e03ba4bc/screenshot'
15:15:13.014 [AsyncHttpClient-1-1] DEBUG org.asynchttpclient.netty.channel.DefaultChannelPool - Entry count for : http://localhost:49565 : 1
15:15:13.323 [AsyncHttpClient-1-5] DEBUG org.asynchttpclient.netty.handler.HttpHandler - 

Request DefaultFullHttpRequest(decodeResult: success, version: HTTP/1.1, content: EmptyByteBufBE)
GET /session/1334da8c3e487b30278de789e03ba4bc/screenshot HTTP/1.1
User-Agent: selenium/4.1.2 (java windows)
Cache-Control: no-cache
Content-Type: application/json; charset=utf-8
host: localhost:52032
accept: */*

Response DefaultHttpResponse(decodeResult: success, version: HTTP/1.1)
HTTP/1.1 200 OK
Content-Type: application/json; charset=utf-8
cache-control: no-cache
content-length: 512704

15:15:13.325 [AsyncHttpClient-1-5] DEBUG org.asynchttpclient.netty.channel.ChannelManager - Adding key: http://localhost:52032 for channel [id: 0xbcf8e069, L:/127.0.0.1:49564 - R:localhost/127.0.0.1:52032]
15:15:13.349 [main] DEBUG net.serenitybdd.core.photography.Darkroom - Send negative for processing for target\site\serenity\bfd2a642c51e80668bf9d48421933a7fa5d8fe36177b37555c0bac1faee45b72.png
15:15:13.351 [Darkroom Processing Line] DEBUG net.serenitybdd.core.photography.DarkroomProcessingLine - Processing screenshot image in /var/screenshots/screenshot-4662939452289759384
15:15:13.351 [Darkroom Processing Line] DEBUG net.serenitybdd.core.photography.DarkroomProcessingLine - Saving screenshot to target\site\serenity\bfd2a642c51e80668bf9d48421933a7fa5d8fe36177b37555c0bac1faee45b72.png
15:15:13.360 [Forwarding findElement on session 1334da8c3e487b30278de789e03ba4bc to remote] DEBUG org.asynchttpclient.netty.request.NettyRequestSender - Using pooled Channel '[id: 0xbcf8e069, L:/127.0.0.1:49564 - R:localhost/127.0.0.1:52032]' for 'POST' to 'http://localhost:52032/session/1334da8c3e487b30278de789e03ba4bc/element'
15:15:13.360 [Forwarding findElement on session 1334da8c3e487b30278de789e03ba4bc to remote] DEBUG org.asynchttpclient.netty.request.NettyRequestSender - Using open Channel [id: 0xbcf8e069, L:/127.0.0.1:49564 - R:localhost/127.0.0.1:52032] for POST '/session/1334da8c3e487b30278de789e03ba4bc/element'
15:15:13.376 [AsyncHttpClient-1-5] DEBUG org.asynchttpclient.netty.handler.HttpHandler - 

Request DefaultHttpRequest(decodeResult: success, version: HTTP/1.1)
POST /session/1334da8c3e487b30278de789e03ba4bc/element HTTP/1.1
User-Agent: selenium/4.1.2 (java windows)
Content-Length: 97
Content-Type: application/json; charset=utf-8
host: localhost:52032
accept: */*

Response DefaultHttpResponse(decodeResult: success, version: HTTP/1.1)
HTTP/1.1 200 OK
Content-Type: application/json; charset=utf-8
cache-control: no-cache
content-length: 88

15:15:13.377 [AsyncHttpClient-1-5] DEBUG org.asynchttpclient.netty.channel.ChannelManager - Adding key: http://localhost:52032 for channel [id: 0xbcf8e069, L:/127.0.0.1:49564 - R:localhost/127.0.0.1:52032]
15:15:13.382 [Forwarding isElementDisplayed on session 1334da8c3e487b30278de789e03ba4bc to remote] DEBUG org.asynchttpclient.netty.request.NettyRequestSender - Using pooled Channel '[id: 0xbcf8e069, L:/127.0.0.1:49564 - R:localhost/127.0.0.1:52032]' for 'POST' to 'http://localhost:52032/session/1334da8c3e487b30278de789e03ba4bc/execute/sync'
15:15:13.382 [Forwarding isElementDisplayed on session 1334da8c3e487b30278de789e03ba4bc to remote] DEBUG org.asynchttpclient.netty.request.NettyRequestSender - Using open Channel [id: 0xbcf8e069, L:/127.0.0.1:49564 - R:localhost/127.0.0.1:52032] for POST '/session/1334da8c3e487b30278de789e03ba4bc/execute/sync'
15:15:13.397 [AsyncHttpClient-1-5] DEBUG org.asynchttpclient.netty.handler.HttpHandler - 

Request DefaultHttpRequest(decodeResult: success, version: HTTP/1.1)
POST /session/1334da8c3e487b30278de789e03ba4bc/execute/sync HTTP/1.1
User-Agent: selenium/4.1.2 (java windows)
Content-Length: 48780
Content-Type: application/json; charset=utf-8
host: localhost:52032
accept: */*

Response DefaultHttpResponse(decodeResult: success, version: HTTP/1.1)
HTTP/1.1 200 OK
Content-Type: application/json; charset=utf-8
cache-control: no-cache
content-length: 14

15:15:13.397 [AsyncHttpClient-1-5] DEBUG org.asynchttpclient.netty.channel.ChannelManager - Adding key: http://localhost:52032 for channel [id: 0xbcf8e069, L:/127.0.0.1:49564 - R:localhost/127.0.0.1:52032]
  &amp#27;[32mAnd &amp#27;[0m&amp#27;[32mI &amp#27;[0m&amp#27;[32m&amp#27;[1m"txtPN1"&amp#27;[0m&amp#27;[32m page&amp#27;[0m                 &amp#27;[90m# starter.stepdefinitions.BabyStep.iPage(java.lang.String)&amp#27;[0m
15:15:13.402 [Forwarding screenshot on session 1334da8c3e487b30278de789e03ba4bc to remote] DEBUG org.asynchttpclient.netty.request.NettyRequestSender - Using pooled Channel '[id: 0xbcf8e069, L:/127.0.0.1:49564 - R:localhost/127.0.0.1:52032]' for 'GET' to 'http://localhost:52032/session/1334da8c3e487b30278de789e03ba4bc/screenshot'
15:15:13.402 [Forwarding screenshot on session 1334da8c3e487b30278de789e03ba4bc to remote] DEBUG org.asynchttpclient.netty.request.NettyRequestSender - Using open Channel [id: 0xbcf8e069, L:/127.0.0.1:49564 - R:localhost/127.0.0.1:52032] for GET '/session/1334da8c3e487b30278de789e03ba4bc/screenshot'
15:15:13.571 [AsyncHttpClient-1-5] DEBUG org.asynchttpclient.netty.handler.HttpHandler - 

Request DefaultFullHttpRequest(decodeResult: success, version: HTTP/1.1, content: EmptyByteBufBE)
GET /session/1334da8c3e487b30278de789e03ba4bc/screenshot HTTP/1.1
User-Agent: selenium/4.1.2 (java windows)
Cache-Control: no-cache
Content-Type: application/json; charset=utf-8
host: localhost:52032
accept: */*

Response DefaultHttpResponse(decodeResult: success, version: HTTP/1.1)
HTTP/1.1 200 OK
Content-Type: application/json; charset=utf-8
cache-control: no-cache
content-length: 257324

15:15:13.573 [AsyncHttpClient-1-5] DEBUG org.asynchttpclient.netty.channel.ChannelManager - Adding key: http://localhost:52032 for channel [id: 0xbcf8e069, L:/127.0.0.1:49564 - R:localhost/127.0.0.1:52032]
15:15:13.581 [main] DEBUG net.serenitybdd.core.photography.Darkroom - Send negative for processing for target\site\serenity\a6274b4bab453b8be92cd168c62b45d20104d8d1f3c78cf4e350c518c67bf48e.png
15:15:13.581 [Darkroom Processing Line] DEBUG net.serenitybdd.core.photography.DarkroomProcessingLine - Processing screenshot image in /var/screenshots/screenshot-18398482742055112364
15:15:13.581 [Darkroom Processing Line] DEBUG net.serenitybdd.core.photography.DarkroomProcessingLine - Saving screenshot to target\site\serenity\a6274b4bab453b8be92cd168c62b45d20104d8d1f3c78cf4e350c518c67bf48e.png
15:15:13.588 [AsyncHttpClient-1-7] DEBUG org.asynchttpclient.netty.handler.WebSocketHandler - Channel Closed: [id: 0xb0052853, L:/127.0.0.1:49572 ! R:localhost/127.0.0.1:49565] with attribute NettyResponseFuture{currentRetry=5,
	isDone=1,
	isCancelled=0,
	asyncHandler=org.asynchttpclient.ws.WebSocketUpgradeHandler@6776a17c,
	nettyRequest=org.asynchttpclient.netty.request.NettyRequest@227423f6,
	future=java.util.concurrent.CompletableFuture@3931531e[Completed normally],
	uri=ws://localhost:49565/devtools/browser/b00e39da-15ca-4bae-b96b-a1a01bebcffe,
	keepAlive=true,
	redirectCount=0,
	timeoutsHolder=null,
	inAuth=0,
	touch=1680855302134}
15:15:13.588 [AsyncHttpClient-1-7] DEBUG org.asynchttpclient.netty.channel.ChannelManager - Closing Channel [id: 0xb0052853, L:/127.0.0.1:49572 ! R:localhost/127.0.0.1:49565] 
15:15:13.588 [Driver Command Executor] DEBUG org.asynchttpclient.netty.request.NettyRequestSender - Using pooled Channel '[id: 0xbcf8e069, L:/127.0.0.1:49564 - R:localhost/127.0.0.1:52032]' for 'DELETE' to 'http://localhost:52032/session/1334da8c3e487b30278de789e03ba4bc'
15:15:13.588 [Driver Command Executor] DEBUG org.asynchttpclient.netty.request.NettyRequestSender - Using open Channel [id: 0xbcf8e069, L:/127.0.0.1:49564 - R:localhost/127.0.0.1:52032] for DELETE '/session/1334da8c3e487b30278de789e03ba4bc'
15:15:13.647 [AsyncHttpClient-1-6] DEBUG org.asynchttpclient.netty.handler.HttpHandler - Unexpected I/O exception on channel [id: 0xe160accb, L:/127.0.0.1:49571 - R:localhost/127.0.0.1:49565]
java.net.SocketException: Connection reset
	at java.base/sun.nio.ch.SocketChannelImpl.throwConnectionReset(SocketChannelImpl.java:345)
	at java.base/sun.nio.ch.SocketChannelImpl.read(SocketChannelImpl.java:376)
	at io.netty.buffer.PooledByteBuf.setBytes(PooledByteBuf.java:258)
	at io.netty.buffer.AbstractByteBuf.writeBytes(AbstractByteBuf.java:1132)
	at io.netty.channel.socket.nio.NioSocketChannel.doReadBytes(NioSocketChannel.java:350)
	at io.netty.channel.nio.AbstractNioByteChannel$NioByteUnsafe.read(AbstractNioByteChannel.java:151)
	at io.netty.channel.nio.NioEventLoop.processSelectedKey(NioEventLoop.java:722)
	at io.netty.channel.nio.NioEventLoop.processSelectedKeysOptimized(NioEventLoop.java:658)
	at io.netty.channel.nio.NioEventLoop.processSelectedKeys(NioEventLoop.java:584)
	at io.netty.channel.nio.NioEventLoop.run(NioEventLoop.java:496)
	at io.netty.util.concurrent.SingleThreadEventExecutor$4.run(SingleThreadEventExecutor.java:986)
	at io.netty.util.internal.ThreadExecutorMap$2.run(ThreadExecutorMap.java:74)
	at io.netty.util.concurrent.FastThreadLocalRunnable.run(FastThreadLocalRunnable.java:30)
	at java.base/java.lang.Thread.run(Thread.java:830)
15:15:13.648 [AsyncHttpClient-1-6] DEBUG org.asynchttpclient.netty.channel.ChannelManager - Closing Channel [id: 0xe160accb, L:/127.0.0.1:49571 - R:localhost/127.0.0.1:49565] 
15:15:13.648 [AsyncHttpClient-1-6] DEBUG org.asynchttpclient.netty.handler.HttpHandler - Channel Closed: [id: 0xe160accb, L:/127.0.0.1:49571 ! R:localhost/127.0.0.1:49565] with attribute DISCARD
15:15:13.675 [AsyncHttpClient-1-5] DEBUG org.asynchttpclient.netty.handler.HttpHandler - 

Request DefaultFullHttpRequest(decodeResult: success, version: HTTP/1.1, content: EmptyByteBufBE)
DELETE /session/1334da8c3e487b30278de789e03ba4bc HTTP/1.1
User-Agent: selenium/4.1.2 (java windows)
Content-Type: application/json; charset=utf-8
host: localhost:52032
accept: */*

Response DefaultHttpResponse(decodeResult: success, version: HTTP/1.1)
HTTP/1.1 200 OK
Content-Type: application/json; charset=utf-8
cache-control: no-cache
content-length: 14

15:15:13.675 [AsyncHttpClient-1-5] DEBUG org.asynchttpclient.netty.channel.ChannelManager - Adding key: http://localhost:52032 for channel [id: 0xbcf8e069, L:/127.0.0.1:49564 - R:localhost/127.0.0.1:52032]
15:15:13.864 [AsyncHttpClient-1-5] DEBUG org.asynchttpclient.netty.handler.HttpHandler - Channel Closed: [id: 0xbcf8e069, L:/127.0.0.1:49564 ! R:localhost/127.0.0.1:52032] with attribute DISCARD
15:15:14.110 [AsyncHttpClient-1-1] DEBUG org.asynchttpclient.netty.channel.DefaultChannelPool - Entry count for : http://localhost:49565 : 1
15:15:14.110 [AsyncHttpClient-1-1] DEBUG org.asynchttpclient.netty.channel.DefaultChannelPool - Entry count for : http://localhost:52032 : 1
15:15:14.110 [AsyncHttpClient-1-1] DEBUG org.asynchttpclient.netty.channel.DefaultChannelPool - Adding Candidate expired Channel [id: 0xe160accb, L:/127.0.0.1:49571 ! R:localhost/127.0.0.1:49565] isIdleTimeoutExpired=false isRemotelyClosed=true isTtlExpired=false
15:15:14.110 [AsyncHttpClient-1-1] DEBUG org.asynchttpclient.netty.channel.DefaultChannelPool - Closing Idle Channel [id: 0xe160accb, L:/127.0.0.1:49571 ! R:localhost/127.0.0.1:49565]
15:15:14.110 [AsyncHttpClient-1-1] DEBUG org.asynchttpclient.netty.channel.DefaultChannelPool - Adding Candidate expired Channel [id: 0xbcf8e069, L:/127.0.0.1:49564 ! R:localhost/127.0.0.1:52032] isIdleTimeoutExpired=false isRemotelyClosed=true isTtlExpired=false
15:15:14.110 [AsyncHttpClient-1-1] DEBUG org.asynchttpclient.netty.channel.DefaultChannelPool - Closing Idle Channel [id: 0xbcf8e069, L:/127.0.0.1:49564 ! R:localhost/127.0.0.1:52032]
15:15:14.111 [AsyncHttpClient-1-1] DEBUG org.asynchttpclient.netty.channel.DefaultChannelPool - Closed 2 connections out of 2 in 1 ms
15:15:14.443 [main] INFO  - 
  _____   ___   ___   _____     ___     _     ___   ___   ___   ___  
 |_   _| | __| / __| |_   _|   | _ \   /_\   / __| / __| | __| |   \ 
   | |   | _|  \__ \   | |     |  _/  / _ \  \__ \ \__ \ | _|  | |) |
   |_|   |___| |___/   |_|     |_|   /_/ \_\ |___/ |___/ |___| |___/ 

Fitur Menu Baby
----------------------------------------------------------------------
]]></system-out>
    <system-err><![CDATA[Starting Microsoft Edge WebDriver 111.0.1661.62 (0a8f453929e6410c973aa529a40485ce4e3e03db) on port 52032
To submit feedback, report a bug, or suggest new features, please visit https://github.com/MicrosoftEdge/EdgeWebDriver

Only local connections are allowed.
Please see https://aka.ms/WebDriverSecurity for suggestions on keeping Microsoft Edge WebDriver safe.

Microsoft Edge WebDriver was started successfully.
Apr 07, 2023 3:15:02 PM org.openqa.selenium.remote.ProtocolHandshake createSession
INFO: Detected dialect: W3C
Apr 07, 2023 3:15:02 PM org.openqa.selenium.devtools.CdpVersionFinder findNearestMatch
WARNING: Unable to find an exact match for CDP version 111, so returning the closest version found: a no-op implementation
Apr 07, 2023 3:15:02 PM org.openqa.selenium.devtools.CdpVersionFinder findNearestMatch
INFO: Unable to find CDP implementation matching 111.
Apr 07, 2023 3:15:02 PM org.openqa.selenium.chromium.ChromiumDriver lambda$new$3
WARNING: Unable to find version of CDP to use for . You may need to include a dependency on a specific version of the CDP using something similar to `org.seleniumhq.selenium:selenium-devtools-v86:4.1.2` where the version ("v86") matches the version of the chromium-based browser you're using and the version number of the artifact is the same as Selenium's.
]]></system-err>
  </testcase>
  <testcase name="Fitur Menu Baby #3" classname="Baby" time="15.042">
    <system-out><![CDATA[
Scenario Outline: Fitur Menu Baby &amp#27;[90m# src/test/resources/features/Baby.feature:95&amp#27;[0m
15:15:14.449 [main] INFO io.cucumber.core.plugin.SerenityReporter - Running feature from file:///C:/Users/alwi/IdeaProjects/uniqloweb/src/test/resources/features/Baby.feature
15:15:14.594 [main] DEBUG io.github.bonigarcia.wdm.cache.ResolutionCache - Resolution edge=111 in cache (valid until 16:02:35 07/04/2023 WIB)
15:15:14.599 [main] DEBUG io.github.bonigarcia.wdm.cache.ResolutionCache - Resolution edge111=111.0.1661.62 in cache (valid until 15:02:35 08/04/2023 WIB)
15:15:14.602 [main] INFO io.github.bonigarcia.wdm.WebDriverManager - Using msedgedriver 111.0.1661.62 (resolved driver for Edge 111)
15:15:14.623 [main] DEBUG io.github.bonigarcia.wdm.WebDriverManager - Driver msedgedriver 111.0.1661.62 found in cache
15:15:14.624 [main] INFO io.github.bonigarcia.wdm.WebDriverManager - Exporting webdriver.edge.driver as C:\Users\alwi\.cache\selenium\msedgedriver\win64\111.0.1661.62\msedgedriver.exe
15:15:14.626 [main] DEBUG net.serenitybdd.core.webdriver.driverproviders.ProvideNewDriver - Instantiating driver
15:15:14.626 [main] DEBUG net.serenitybdd.core.webdriver.driverproviders.ProvideNewDriver - Driver capabilities: Capabilities {base.url: https://www.uniqlo.com, chrome.driver: src/test/resources/webdrive..., driver: edge, ms:edgeChromium: true, ms:edgeOptions: {}, wait.for.timeout: 6000}
15:15:15.162 [AsyncHttpClient-1-8] DEBUG org.asynchttpclient.netty.channel.NettyConnectListener - Using new Channel '[id: 0x5506ab42, L:/127.0.0.1:49715 - R:localhost/127.0.0.1:63713]' for 'POST' to '/session'
15:15:15.812 [AsyncHttpClient-1-8] DEBUG org.asynchttpclient.netty.handler.HttpHandler - 

Request DefaultHttpRequest(decodeResult: success, version: HTTP/1.1)
POST /session HTTP/1.1
User-Agent: selenium/4.1.2 (java windows)
Content-Length: 627
Content-Type: application/json; charset=utf-8
host: localhost:63713
accept: */*

Response DefaultHttpResponse(decodeResult: success, version: HTTP/1.1)
HTTP/1.1 200 OK
Content-Type: application/json; charset=utf-8
cache-control: no-cache
content-length: 822

15:15:15.813 [AsyncHttpClient-1-8] DEBUG org.asynchttpclient.netty.channel.ChannelManager - Adding key: http://localhost:63713 for channel [id: 0x5506ab42, L:/127.0.0.1:49715 - R:localhost/127.0.0.1:63713]
15:15:15.823 [AsyncHttpClient-1-9] DEBUG org.asynchttpclient.netty.channel.NettyConnectListener - Using new Channel '[id: 0x8e3d66df, L:/127.0.0.1:49725 - R:localhost/127.0.0.1:49716]' for 'GET' to '/json/version'
15:15:15.827 [AsyncHttpClient-1-9] DEBUG org.asynchttpclient.netty.handler.HttpHandler - 

Request DefaultFullHttpRequest(decodeResult: success, version: HTTP/1.1, content: EmptyByteBufBE)
GET /json/version HTTP/1.1
User-Agent: selenium/4.1.2 (java windows)
host: localhost:49716
accept: */*

Response DefaultHttpResponse(decodeResult: success, version: HTTP/1.1)
HTTP/1.1 200 OK
Content-Security-Policy: frame-ancestors 'none'
Content-Type: application/json; charset=UTF-8
content-length: 436

15:15:15.827 [AsyncHttpClient-1-9] DEBUG org.asynchttpclient.netty.channel.ChannelManager - Adding key: http://localhost:49716 for channel [id: 0x8e3d66df, L:/127.0.0.1:49725 - R:localhost/127.0.0.1:49716]
15:15:15.833 [AsyncHttpClient-1-10] DEBUG org.asynchttpclient.netty.channel.NettyConnectListener - Using new Channel '[id: 0x5d2d672e, L:/127.0.0.1:49726 - R:localhost/127.0.0.1:49716]' for 'GET' to '/devtools/browser/4b187adb-9b4e-4127-8bfa-e363d6ec4e90'
15:15:15.837 [AsyncHttpClient-1-10] DEBUG org.asynchttpclient.netty.handler.WebSocketHandler - 

Request DefaultFullHttpRequest(decodeResult: success, version: HTTP/1.1, content: EmptyByteBufBE)
GET /devtools/browser/4b187adb-9b4e-4127-8bfa-e363d6ec4e90 HTTP/1.1
upgrade: websocket
connection: upgrade
sec-websocket-key: kCNI9s78auucqBDLe/S4MQ==
sec-websocket-version: 13
origin: http://localhost:49716
host: localhost:49716
accept: */*
user-agent: AHC/2.1

Response DefaultHttpResponse(decodeResult: success, version: HTTP/1.1)
HTTP/1.1 101 WebSocket Protocol Handshake
Upgrade: WebSocket
Connection: Upgrade
Sec-WebSocket-Accept: PF97VP8DOLfGEjGcLaYcgEv4LXI=

15:15:15.843 [Forwarding get on session 1210a987bf7035f940840ce7e6c483f2 to remote] DEBUG org.asynchttpclient.netty.request.NettyRequestSender - Using pooled Channel '[id: 0x5506ab42, L:/127.0.0.1:49715 - R:localhost/127.0.0.1:63713]' for 'POST' to 'http://localhost:63713/session/1210a987bf7035f940840ce7e6c483f2/url'
15:15:15.843 [Forwarding get on session 1210a987bf7035f940840ce7e6c483f2 to remote] DEBUG org.asynchttpclient.netty.request.NettyRequestSender - Using open Channel [id: 0x5506ab42, L:/127.0.0.1:49715 - R:localhost/127.0.0.1:63713] for POST '/session/1210a987bf7035f940840ce7e6c483f2/url'
15:15:16.305 [AsyncHttpClient-1-1] DEBUG org.asynchttpclient.netty.channel.DefaultChannelPool - Entry count for : http://localhost:49716 : 1
15:15:17.407 [AsyncHttpClient-1-1] DEBUG org.asynchttpclient.netty.channel.DefaultChannelPool - Entry count for : http://localhost:49716 : 1
15:15:18.506 [AsyncHttpClient-1-1] DEBUG org.asynchttpclient.netty.channel.DefaultChannelPool - Entry count for : http://localhost:49716 : 1
15:15:19.611 [AsyncHttpClient-1-1] DEBUG org.asynchttpclient.netty.channel.DefaultChannelPool - Entry count for : http://localhost:49716 : 1
15:15:20.707 [AsyncHttpClient-1-1] DEBUG org.asynchttpclient.netty.channel.DefaultChannelPool - Entry count for : http://localhost:49716 : 1
15:15:21.805 [AsyncHttpClient-1-1] DEBUG org.asynchttpclient.netty.channel.DefaultChannelPool - Entry count for : http://localhost:49716 : 1
15:15:22.906 [AsyncHttpClient-1-1] DEBUG org.asynchttpclient.netty.channel.DefaultChannelPool - Entry count for : http://localhost:49716 : 1
15:15:24.007 [AsyncHttpClient-1-1] DEBUG org.asynchttpclient.netty.channel.DefaultChannelPool - Entry count for : http://localhost:49716 : 1
15:15:25.106 [AsyncHttpClient-1-1] DEBUG org.asynchttpclient.netty.channel.DefaultChannelPool - Entry count for : http://localhost:49716 : 1
15:15:25.724 [AsyncHttpClient-1-8] DEBUG org.asynchttpclient.netty.handler.HttpHandler - 

Request DefaultHttpRequest(decodeResult: success, version: HTTP/1.1)
POST /session/1210a987bf7035f940840ce7e6c483f2/url HTTP/1.1
User-Agent: selenium/4.1.2 (java windows)
Content-Length: 53
Content-Type: application/json; charset=utf-8
host: localhost:63713
accept: */*

Response DefaultHttpResponse(decodeResult: success, version: HTTP/1.1)
HTTP/1.1 200 OK
Content-Type: application/json; charset=utf-8
cache-control: no-cache
content-length: 14

15:15:25.724 [AsyncHttpClient-1-8] DEBUG org.asynchttpclient.netty.channel.ChannelManager - Adding key: http://localhost:63713 for channel [id: 0x5506ab42, L:/127.0.0.1:49715 - R:localhost/127.0.0.1:63713]
15:15:25.727 [Forwarding setTimeout on session 1210a987bf7035f940840ce7e6c483f2 to remote] DEBUG org.asynchttpclient.netty.request.NettyRequestSender - Using pooled Channel '[id: 0x5506ab42, L:/127.0.0.1:49715 - R:localhost/127.0.0.1:63713]' for 'POST' to 'http://localhost:63713/session/1210a987bf7035f940840ce7e6c483f2/timeouts'
15:15:25.727 [Forwarding setTimeout on session 1210a987bf7035f940840ce7e6c483f2 to remote] DEBUG org.asynchttpclient.netty.request.NettyRequestSender - Using open Channel [id: 0x5506ab42, L:/127.0.0.1:49715 - R:localhost/127.0.0.1:63713] for POST '/session/1210a987bf7035f940840ce7e6c483f2/timeouts'
15:15:25.728 [AsyncHttpClient-1-8] DEBUG org.asynchttpclient.netty.handler.HttpHandler - 

Request DefaultHttpRequest(decodeResult: success, version: HTTP/1.1)
POST /session/1210a987bf7035f940840ce7e6c483f2/timeouts HTTP/1.1
User-Agent: selenium/4.1.2 (java windows)
Content-Length: 22
Content-Type: application/json; charset=utf-8
host: localhost:63713
accept: */*

Response DefaultHttpResponse(decodeResult: success, version: HTTP/1.1)
HTTP/1.1 200 OK
Content-Type: application/json; charset=utf-8
cache-control: no-cache
content-length: 14

15:15:25.728 [AsyncHttpClient-1-8] DEBUG org.asynchttpclient.netty.channel.ChannelManager - Adding key: http://localhost:63713 for channel [id: 0x5506ab42, L:/127.0.0.1:49715 - R:localhost/127.0.0.1:63713]
15:15:25.734 [Forwarding getCurrentUrl on session 1210a987bf7035f940840ce7e6c483f2 to remote] DEBUG org.asynchttpclient.netty.request.NettyRequestSender - Using pooled Channel '[id: 0x5506ab42, L:/127.0.0.1:49715 - R:localhost/127.0.0.1:63713]' for 'GET' to 'http://localhost:63713/session/1210a987bf7035f940840ce7e6c483f2/url'
15:15:25.734 [Forwarding getCurrentUrl on session 1210a987bf7035f940840ce7e6c483f2 to remote] DEBUG org.asynchttpclient.netty.request.NettyRequestSender - Using open Channel [id: 0x5506ab42, L:/127.0.0.1:49715 - R:localhost/127.0.0.1:63713] for GET '/session/1210a987bf7035f940840ce7e6c483f2/url'
15:15:25.739 [AsyncHttpClient-1-8] DEBUG org.asynchttpclient.netty.handler.HttpHandler - 

Request DefaultFullHttpRequest(decodeResult: success, version: HTTP/1.1, content: EmptyByteBufBE)
GET /session/1210a987bf7035f940840ce7e6c483f2/url HTTP/1.1
User-Agent: selenium/4.1.2 (java windows)
Cache-Control: no-cache
Content-Type: application/json; charset=utf-8
host: localhost:63713
accept: */*

Response DefaultHttpResponse(decodeResult: success, version: HTTP/1.1)
HTTP/1.1 200 OK
Content-Type: application/json; charset=utf-8
cache-control: no-cache
content-length: 41

15:15:25.739 [AsyncHttpClient-1-8] DEBUG org.asynchttpclient.netty.channel.ChannelManager - Adding key: http://localhost:63713 for channel [id: 0x5506ab42, L:/127.0.0.1:49715 - R:localhost/127.0.0.1:63713]
  &amp#27;[32mGiven &amp#27;[0m&amp#27;[32mI am on the home page&amp#27;[0m     &amp#27;[90m# starter.stepdefinitions.BabyStep.iAmOnTheHomePage()&amp#27;[0m
15:15:25.745 [Forwarding screenshot on session 1210a987bf7035f940840ce7e6c483f2 to remote] DEBUG org.asynchttpclient.netty.request.NettyRequestSender - Using pooled Channel '[id: 0x5506ab42, L:/127.0.0.1:49715 - R:localhost/127.0.0.1:63713]' for 'GET' to 'http://localhost:63713/session/1210a987bf7035f940840ce7e6c483f2/screenshot'
15:15:25.745 [Forwarding screenshot on session 1210a987bf7035f940840ce7e6c483f2 to remote] DEBUG org.asynchttpclient.netty.request.NettyRequestSender - Using open Channel [id: 0x5506ab42, L:/127.0.0.1:49715 - R:localhost/127.0.0.1:63713] for GET '/session/1210a987bf7035f940840ce7e6c483f2/screenshot'
15:15:26.093 [AsyncHttpClient-1-8] DEBUG org.asynchttpclient.netty.handler.HttpHandler - 

Request DefaultFullHttpRequest(decodeResult: success, version: HTTP/1.1, content: EmptyByteBufBE)
GET /session/1210a987bf7035f940840ce7e6c483f2/screenshot HTTP/1.1
User-Agent: selenium/4.1.2 (java windows)
Cache-Control: no-cache
Content-Type: application/json; charset=utf-8
host: localhost:63713
accept: */*

Response DefaultHttpResponse(decodeResult: success, version: HTTP/1.1)
HTTP/1.1 200 OK
Content-Type: application/json; charset=utf-8
cache-control: no-cache
content-length: 1022316

15:15:26.098 [AsyncHttpClient-1-8] DEBUG org.asynchttpclient.netty.channel.ChannelManager - Adding key: http://localhost:63713 for channel [id: 0x5506ab42, L:/127.0.0.1:49715 - R:localhost/127.0.0.1:63713]
15:15:26.136 [main] DEBUG net.serenitybdd.core.photography.Darkroom - Send negative for processing for target\site\serenity\b0ddf3608b8f51a6a3adc36e4acd901b7a2c5b7adc6fd42a924a7c7a6358c0ea.png
15:15:26.147 [Forwarding findElement on session 1210a987bf7035f940840ce7e6c483f2 to remote] DEBUG org.asynchttpclient.netty.request.NettyRequestSender - Using pooled Channel '[id: 0x5506ab42, L:/127.0.0.1:49715 - R:localhost/127.0.0.1:63713]' for 'POST' to 'http://localhost:63713/session/1210a987bf7035f940840ce7e6c483f2/element'
15:15:26.147 [Forwarding findElement on session 1210a987bf7035f940840ce7e6c483f2 to remote] DEBUG org.asynchttpclient.netty.request.NettyRequestSender - Using open Channel [id: 0x5506ab42, L:/127.0.0.1:49715 - R:localhost/127.0.0.1:63713] for POST '/session/1210a987bf7035f940840ce7e6c483f2/element'
15:15:26.160 [AsyncHttpClient-1-8] DEBUG org.asynchttpclient.netty.handler.HttpHandler - 

Request DefaultHttpRequest(decodeResult: success, version: HTTP/1.1)
POST /session/1210a987bf7035f940840ce7e6c483f2/element HTTP/1.1
User-Agent: selenium/4.1.2 (java windows)
Content-Length: 81
Content-Type: application/json; charset=utf-8
host: localhost:63713
accept: */*

Response DefaultHttpResponse(decodeResult: success, version: HTTP/1.1)
HTTP/1.1 200 OK
Content-Type: application/json; charset=utf-8
cache-control: no-cache
content-length: 88

15:15:26.161 [AsyncHttpClient-1-8] DEBUG org.asynchttpclient.netty.channel.ChannelManager - Adding key: http://localhost:63713 for channel [id: 0x5506ab42, L:/127.0.0.1:49715 - R:localhost/127.0.0.1:63713]
15:15:26.163 [Forwarding getElementTagName on session 1210a987bf7035f940840ce7e6c483f2 to remote] DEBUG org.asynchttpclient.netty.request.NettyRequestSender - Using pooled Channel '[id: 0x5506ab42, L:/127.0.0.1:49715 - R:localhost/127.0.0.1:63713]' for 'GET' to 'http://localhost:63713/session/1210a987bf7035f940840ce7e6c483f2/element/adeefe4d-211f-43f1-9c47-3dc47eb9e29a/name'
15:15:26.164 [Forwarding getElementTagName on session 1210a987bf7035f940840ce7e6c483f2 to remote] DEBUG org.asynchttpclient.netty.request.NettyRequestSender - Using open Channel [id: 0x5506ab42, L:/127.0.0.1:49715 - R:localhost/127.0.0.1:63713] for GET '/session/1210a987bf7035f940840ce7e6c483f2/element/adeefe4d-211f-43f1-9c47-3dc47eb9e29a/name'
15:15:26.173 [AsyncHttpClient-1-8] DEBUG org.asynchttpclient.netty.handler.HttpHandler - 

Request DefaultFullHttpRequest(decodeResult: success, version: HTTP/1.1, content: EmptyByteBufBE)
GET /session/1210a987bf7035f940840ce7e6c483f2/element/adeefe4d-211f-43f1-9c47-3dc47eb9e29a/name HTTP/1.1
User-Agent: selenium/4.1.2 (java windows)
Cache-Control: no-cache
Content-Type: application/json; charset=utf-8
host: localhost:63713
accept: */*

Response DefaultHttpResponse(decodeResult: success, version: HTTP/1.1)
HTTP/1.1 200 OK
Content-Type: application/json; charset=utf-8
cache-control: no-cache
content-length: 16

15:15:26.173 [AsyncHttpClient-1-8] DEBUG org.asynchttpclient.netty.channel.ChannelManager - Adding key: http://localhost:63713 for channel [id: 0x5506ab42, L:/127.0.0.1:49715 - R:localhost/127.0.0.1:63713]
15:15:26.175 [Forwarding getElementTagName on session 1210a987bf7035f940840ce7e6c483f2 to remote] DEBUG org.asynchttpclient.netty.request.NettyRequestSender - Using pooled Channel '[id: 0x5506ab42, L:/127.0.0.1:49715 - R:localhost/127.0.0.1:63713]' for 'GET' to 'http://localhost:63713/session/1210a987bf7035f940840ce7e6c483f2/element/adeefe4d-211f-43f1-9c47-3dc47eb9e29a/name'
15:15:26.175 [Forwarding getElementTagName on session 1210a987bf7035f940840ce7e6c483f2 to remote] DEBUG org.asynchttpclient.netty.request.NettyRequestSender - Using open Channel [id: 0x5506ab42, L:/127.0.0.1:49715 - R:localhost/127.0.0.1:63713] for GET '/session/1210a987bf7035f940840ce7e6c483f2/element/adeefe4d-211f-43f1-9c47-3dc47eb9e29a/name'
15:15:26.179 [AsyncHttpClient-1-8] DEBUG org.asynchttpclient.netty.handler.HttpHandler - 

Request DefaultFullHttpRequest(decodeResult: success, version: HTTP/1.1, content: EmptyByteBufBE)
GET /session/1210a987bf7035f940840ce7e6c483f2/element/adeefe4d-211f-43f1-9c47-3dc47eb9e29a/name HTTP/1.1
User-Agent: selenium/4.1.2 (java windows)
Cache-Control: no-cache
Content-Type: application/json; charset=utf-8
host: localhost:63713
accept: */*

Response DefaultHttpResponse(decodeResult: success, version: HTTP/1.1)
HTTP/1.1 200 OK
Content-Type: application/json; charset=utf-8
cache-control: no-cache
content-length: 16

15:15:26.179 [AsyncHttpClient-1-8] DEBUG org.asynchttpclient.netty.channel.ChannelManager - Adding key: http://localhost:63713 for channel [id: 0x5506ab42, L:/127.0.0.1:49715 - R:localhost/127.0.0.1:63713]
15:15:26.181 [Forwarding findElement on session 1210a987bf7035f940840ce7e6c483f2 to remote] DEBUG org.asynchttpclient.netty.request.NettyRequestSender - Using pooled Channel '[id: 0x5506ab42, L:/127.0.0.1:49715 - R:localhost/127.0.0.1:63713]' for 'POST' to 'http://localhost:63713/session/1210a987bf7035f940840ce7e6c483f2/element'
15:15:26.181 [Forwarding findElement on session 1210a987bf7035f940840ce7e6c483f2 to remote] DEBUG org.asynchttpclient.netty.request.NettyRequestSender - Using open Channel [id: 0x5506ab42, L:/127.0.0.1:49715 - R:localhost/127.0.0.1:63713] for POST '/session/1210a987bf7035f940840ce7e6c483f2/element'
15:15:26.211 [AsyncHttpClient-1-8] DEBUG org.asynchttpclient.netty.handler.HttpHandler - 

Request DefaultHttpRequest(decodeResult: success, version: HTTP/1.1)
POST /session/1210a987bf7035f940840ce7e6c483f2/element HTTP/1.1
User-Agent: selenium/4.1.2 (java windows)
Content-Length: 81
Content-Type: application/json; charset=utf-8
host: localhost:63713
accept: */*

Response DefaultHttpResponse(decodeResult: success, version: HTTP/1.1)
HTTP/1.1 200 OK
Content-Type: application/json; charset=utf-8
cache-control: no-cache
content-length: 88

15:15:26.211 [AsyncHttpClient-1-8] DEBUG org.asynchttpclient.netty.channel.ChannelManager - Adding key: http://localhost:63713 for channel [id: 0x5506ab42, L:/127.0.0.1:49715 - R:localhost/127.0.0.1:63713]
15:15:26.212 [AsyncHttpClient-1-1] DEBUG org.asynchttpclient.netty.channel.DefaultChannelPool - Entry count for : http://localhost:49716 : 1
15:15:26.212 [AsyncHttpClient-1-1] DEBUG org.asynchttpclient.netty.channel.DefaultChannelPool - Entry count for : http://localhost:63713 : 1
15:15:26.212 [Forwarding clickElement on session 1210a987bf7035f940840ce7e6c483f2 to remote] DEBUG org.asynchttpclient.netty.request.NettyRequestSender - Using pooled Channel '[id: 0x5506ab42, L:/127.0.0.1:49715 - R:localhost/127.0.0.1:63713]' for 'POST' to 'http://localhost:63713/session/1210a987bf7035f940840ce7e6c483f2/element/adeefe4d-211f-43f1-9c47-3dc47eb9e29a/click'
15:15:26.212 [Forwarding clickElement on session 1210a987bf7035f940840ce7e6c483f2 to remote] DEBUG org.asynchttpclient.netty.request.NettyRequestSender - Using open Channel [id: 0x5506ab42, L:/127.0.0.1:49715 - R:localhost/127.0.0.1:63713] for POST '/session/1210a987bf7035f940840ce7e6c483f2/element/adeefe4d-211f-43f1-9c47-3dc47eb9e29a/click'
15:15:26.779 [AsyncHttpClient-1-8] DEBUG org.asynchttpclient.netty.handler.HttpHandler - 

Request DefaultHttpRequest(decodeResult: success, version: HTTP/1.1)
POST /session/1210a987bf7035f940840ce7e6c483f2/element/adeefe4d-211f-43f1-9c47-3dc47eb9e29a/click HTTP/1.1
User-Agent: selenium/4.1.2 (java windows)
Content-Length: 50
Content-Type: application/json; charset=utf-8
host: localhost:63713
accept: */*

Response DefaultHttpResponse(decodeResult: success, version: HTTP/1.1)
HTTP/1.1 200 OK
Content-Type: application/json; charset=utf-8
cache-control: no-cache
content-length: 14

15:15:26.779 [AsyncHttpClient-1-8] DEBUG org.asynchttpclient.netty.channel.ChannelManager - Adding key: http://localhost:63713 for channel [id: 0x5506ab42, L:/127.0.0.1:49715 - R:localhost/127.0.0.1:63713]
  &amp#27;[32mThen &amp#27;[0m&amp#27;[32mI click baby on the header&amp#27;[0m &amp#27;[90m# starter.stepdefinitions.BabyStep.iClickBabyOnTheHeader()&amp#27;[0m
15:15:26.794 [Forwarding screenshot on session 1210a987bf7035f940840ce7e6c483f2 to remote] DEBUG org.asynchttpclient.netty.request.NettyRequestSender - Using pooled Channel '[id: 0x5506ab42, L:/127.0.0.1:49715 - R:localhost/127.0.0.1:63713]' for 'GET' to 'http://localhost:63713/session/1210a987bf7035f940840ce7e6c483f2/screenshot'
15:15:26.794 [Forwarding screenshot on session 1210a987bf7035f940840ce7e6c483f2 to remote] DEBUG org.asynchttpclient.netty.request.NettyRequestSender - Using open Channel [id: 0x5506ab42, L:/127.0.0.1:49715 - R:localhost/127.0.0.1:63713] for GET '/session/1210a987bf7035f940840ce7e6c483f2/screenshot'
15:15:27.306 [AsyncHttpClient-1-1] DEBUG org.asynchttpclient.netty.channel.DefaultChannelPool - Entry count for : http://localhost:49716 : 1
15:15:27.356 [AsyncHttpClient-1-8] DEBUG org.asynchttpclient.netty.handler.HttpHandler - 

Request DefaultFullHttpRequest(decodeResult: success, version: HTTP/1.1, content: EmptyByteBufBE)
GET /session/1210a987bf7035f940840ce7e6c483f2/screenshot HTTP/1.1
User-Agent: selenium/4.1.2 (java windows)
Cache-Control: no-cache
Content-Type: application/json; charset=utf-8
host: localhost:63713
accept: */*

Response DefaultHttpResponse(decodeResult: success, version: HTTP/1.1)
HTTP/1.1 200 OK
Content-Type: application/json; charset=utf-8
cache-control: no-cache
content-length: 62364

15:15:27.356 [AsyncHttpClient-1-8] DEBUG org.asynchttpclient.netty.channel.ChannelManager - Adding key: http://localhost:63713 for channel [id: 0x5506ab42, L:/127.0.0.1:49715 - R:localhost/127.0.0.1:63713]
15:15:27.360 [main] DEBUG net.serenitybdd.core.photography.Darkroom - Send negative for processing for target\site\serenity\9bfdc6544d987443057780c0692b43e11ef6d6378a0193c000481664a31f64b6.png
15:15:27.360 [Darkroom Processing Line] DEBUG net.serenitybdd.core.photography.DarkroomProcessingLine - Processing screenshot image in /var/screenshots/screenshot-7036790788690975985
15:15:27.360 [Darkroom Processing Line] DEBUG net.serenitybdd.core.photography.DarkroomProcessingLine - Saving screenshot to target\site\serenity\9bfdc6544d987443057780c0692b43e11ef6d6378a0193c000481664a31f64b6.png
15:15:27.373 [Forwarding findElement on session 1210a987bf7035f940840ce7e6c483f2 to remote] DEBUG org.asynchttpclient.netty.request.NettyRequestSender - Using pooled Channel '[id: 0x5506ab42, L:/127.0.0.1:49715 - R:localhost/127.0.0.1:63713]' for 'POST' to 'http://localhost:63713/session/1210a987bf7035f940840ce7e6c483f2/element'
15:15:27.373 [Forwarding findElement on session 1210a987bf7035f940840ce7e6c483f2 to remote] DEBUG org.asynchttpclient.netty.request.NettyRequestSender - Using open Channel [id: 0x5506ab42, L:/127.0.0.1:49715 - R:localhost/127.0.0.1:63713] for POST '/session/1210a987bf7035f940840ce7e6c483f2/element'
15:15:27.387 [AsyncHttpClient-1-8] DEBUG org.asynchttpclient.netty.handler.HttpHandler - 

Request DefaultHttpRequest(decodeResult: success, version: HTTP/1.1)
POST /session/1210a987bf7035f940840ce7e6c483f2/element HTTP/1.1
User-Agent: selenium/4.1.2 (java windows)
Content-Length: 107
Content-Type: application/json; charset=utf-8
host: localhost:63713
accept: */*

Response DefaultHttpResponse(decodeResult: success, version: HTTP/1.1)
HTTP/1.1 200 OK
Content-Type: application/json; charset=utf-8
cache-control: no-cache
content-length: 88

15:15:27.388 [AsyncHttpClient-1-8] DEBUG org.asynchttpclient.netty.channel.ChannelManager - Adding key: http://localhost:63713 for channel [id: 0x5506ab42, L:/127.0.0.1:49715 - R:localhost/127.0.0.1:63713]
15:15:27.393 [Forwarding getElementTagName on session 1210a987bf7035f940840ce7e6c483f2 to remote] DEBUG org.asynchttpclient.netty.request.NettyRequestSender - Using pooled Channel '[id: 0x5506ab42, L:/127.0.0.1:49715 - R:localhost/127.0.0.1:63713]' for 'GET' to 'http://localhost:63713/session/1210a987bf7035f940840ce7e6c483f2/element/0d3b197f-ca3d-4a74-b81a-5a7088339cb2/name'
15:15:27.393 [Forwarding getElementTagName on session 1210a987bf7035f940840ce7e6c483f2 to remote] DEBUG org.asynchttpclient.netty.request.NettyRequestSender - Using open Channel [id: 0x5506ab42, L:/127.0.0.1:49715 - R:localhost/127.0.0.1:63713] for GET '/session/1210a987bf7035f940840ce7e6c483f2/element/0d3b197f-ca3d-4a74-b81a-5a7088339cb2/name'
15:15:27.675 [AsyncHttpClient-1-8] DEBUG org.asynchttpclient.netty.handler.HttpHandler - 

Request DefaultFullHttpRequest(decodeResult: success, version: HTTP/1.1, content: EmptyByteBufBE)
GET /session/1210a987bf7035f940840ce7e6c483f2/element/0d3b197f-ca3d-4a74-b81a-5a7088339cb2/name HTTP/1.1
User-Agent: selenium/4.1.2 (java windows)
Cache-Control: no-cache
Content-Type: application/json; charset=utf-8
host: localhost:63713
accept: */*

Response DefaultHttpResponse(decodeResult: success, version: HTTP/1.1)
HTTP/1.1 200 OK
Content-Type: application/json; charset=utf-8
cache-control: no-cache
content-length: 16

15:15:27.676 [AsyncHttpClient-1-8] DEBUG org.asynchttpclient.netty.channel.ChannelManager - Adding key: http://localhost:63713 for channel [id: 0x5506ab42, L:/127.0.0.1:49715 - R:localhost/127.0.0.1:63713]
15:15:27.678 [Forwarding getElementTagName on session 1210a987bf7035f940840ce7e6c483f2 to remote] DEBUG org.asynchttpclient.netty.request.NettyRequestSender - Using pooled Channel '[id: 0x5506ab42, L:/127.0.0.1:49715 - R:localhost/127.0.0.1:63713]' for 'GET' to 'http://localhost:63713/session/1210a987bf7035f940840ce7e6c483f2/element/0d3b197f-ca3d-4a74-b81a-5a7088339cb2/name'
15:15:27.678 [Forwarding getElementTagName on session 1210a987bf7035f940840ce7e6c483f2 to remote] DEBUG org.asynchttpclient.netty.request.NettyRequestSender - Using open Channel [id: 0x5506ab42, L:/127.0.0.1:49715 - R:localhost/127.0.0.1:63713] for GET '/session/1210a987bf7035f940840ce7e6c483f2/element/0d3b197f-ca3d-4a74-b81a-5a7088339cb2/name'
15:15:27.685 [AsyncHttpClient-1-8] DEBUG org.asynchttpclient.netty.handler.HttpHandler - 

Request DefaultFullHttpRequest(decodeResult: success, version: HTTP/1.1, content: EmptyByteBufBE)
GET /session/1210a987bf7035f940840ce7e6c483f2/element/0d3b197f-ca3d-4a74-b81a-5a7088339cb2/name HTTP/1.1
User-Agent: selenium/4.1.2 (java windows)
Cache-Control: no-cache
Content-Type: application/json; charset=utf-8
host: localhost:63713
accept: */*

Response DefaultHttpResponse(decodeResult: success, version: HTTP/1.1)
HTTP/1.1 200 OK
Content-Type: application/json; charset=utf-8
cache-control: no-cache
content-length: 16

15:15:27.685 [AsyncHttpClient-1-8] DEBUG org.asynchttpclient.netty.channel.ChannelManager - Adding key: http://localhost:63713 for channel [id: 0x5506ab42, L:/127.0.0.1:49715 - R:localhost/127.0.0.1:63713]
15:15:27.689 [Forwarding findElement on session 1210a987bf7035f940840ce7e6c483f2 to remote] DEBUG org.asynchttpclient.netty.request.NettyRequestSender - Using pooled Channel '[id: 0x5506ab42, L:/127.0.0.1:49715 - R:localhost/127.0.0.1:63713]' for 'POST' to 'http://localhost:63713/session/1210a987bf7035f940840ce7e6c483f2/element'
15:15:27.689 [Forwarding findElement on session 1210a987bf7035f940840ce7e6c483f2 to remote] DEBUG org.asynchttpclient.netty.request.NettyRequestSender - Using open Channel [id: 0x5506ab42, L:/127.0.0.1:49715 - R:localhost/127.0.0.1:63713] for POST '/session/1210a987bf7035f940840ce7e6c483f2/element'
15:15:27.699 [AsyncHttpClient-1-8] DEBUG org.asynchttpclient.netty.handler.HttpHandler - 

Request DefaultHttpRequest(decodeResult: success, version: HTTP/1.1)
POST /session/1210a987bf7035f940840ce7e6c483f2/element HTTP/1.1
User-Agent: selenium/4.1.2 (java windows)
Content-Length: 107
Content-Type: application/json; charset=utf-8
host: localhost:63713
accept: */*

Response DefaultHttpResponse(decodeResult: success, version: HTTP/1.1)
HTTP/1.1 200 OK
Content-Type: application/json; charset=utf-8
cache-control: no-cache
content-length: 88

15:15:27.699 [AsyncHttpClient-1-8] DEBUG org.asynchttpclient.netty.channel.ChannelManager - Adding key: http://localhost:63713 for channel [id: 0x5506ab42, L:/127.0.0.1:49715 - R:localhost/127.0.0.1:63713]
15:15:27.700 [Forwarding clickElement on session 1210a987bf7035f940840ce7e6c483f2 to remote] DEBUG org.asynchttpclient.netty.request.NettyRequestSender - Using pooled Channel '[id: 0x5506ab42, L:/127.0.0.1:49715 - R:localhost/127.0.0.1:63713]' for 'POST' to 'http://localhost:63713/session/1210a987bf7035f940840ce7e6c483f2/element/0d3b197f-ca3d-4a74-b81a-5a7088339cb2/click'
15:15:27.701 [Forwarding clickElement on session 1210a987bf7035f940840ce7e6c483f2 to remote] DEBUG org.asynchttpclient.netty.request.NettyRequestSender - Using open Channel [id: 0x5506ab42, L:/127.0.0.1:49715 - R:localhost/127.0.0.1:63713] for POST '/session/1210a987bf7035f940840ce7e6c483f2/element/0d3b197f-ca3d-4a74-b81a-5a7088339cb2/click'
15:15:27.928 [AsyncHttpClient-1-8] DEBUG org.asynchttpclient.netty.handler.HttpHandler - 

Request DefaultHttpRequest(decodeResult: success, version: HTTP/1.1)
POST /session/1210a987bf7035f940840ce7e6c483f2/element/0d3b197f-ca3d-4a74-b81a-5a7088339cb2/click HTTP/1.1
User-Agent: selenium/4.1.2 (java windows)
Content-Length: 50
Content-Type: application/json; charset=utf-8
host: localhost:63713
accept: */*

Response DefaultHttpResponse(decodeResult: success, version: HTTP/1.1)
HTTP/1.1 200 OK
Content-Type: application/json; charset=utf-8
cache-control: no-cache
content-length: 14

15:15:27.928 [AsyncHttpClient-1-8] DEBUG org.asynchttpclient.netty.channel.ChannelManager - Adding key: http://localhost:63713 for channel [id: 0x5506ab42, L:/127.0.0.1:49715 - R:localhost/127.0.0.1:63713]
  &amp#27;[32mWhen &amp#27;[0m&amp#27;[32mI will go to &amp#27;[0m&amp#27;[32m&amp#27;[1m"aksesoris1"&amp#27;[0m  &amp#27;[90m# starter.stepdefinitions.BabyStep.iWillGoTo(java.lang.String)&amp#27;[0m
15:15:27.941 [Forwarding screenshot on session 1210a987bf7035f940840ce7e6c483f2 to remote] DEBUG org.asynchttpclient.netty.request.NettyRequestSender - Using pooled Channel '[id: 0x5506ab42, L:/127.0.0.1:49715 - R:localhost/127.0.0.1:63713]' for 'GET' to 'http://localhost:63713/session/1210a987bf7035f940840ce7e6c483f2/screenshot'
15:15:27.941 [Forwarding screenshot on session 1210a987bf7035f940840ce7e6c483f2 to remote] DEBUG org.asynchttpclient.netty.request.NettyRequestSender - Using open Channel [id: 0x5506ab42, L:/127.0.0.1:49715 - R:localhost/127.0.0.1:63713] for GET '/session/1210a987bf7035f940840ce7e6c483f2/screenshot'
15:15:28.089 [AsyncHttpClient-1-8] DEBUG org.asynchttpclient.netty.handler.HttpHandler - 

Request DefaultFullHttpRequest(decodeResult: success, version: HTTP/1.1, content: EmptyByteBufBE)
GET /session/1210a987bf7035f940840ce7e6c483f2/screenshot HTTP/1.1
User-Agent: selenium/4.1.2 (java windows)
Cache-Control: no-cache
Content-Type: application/json; charset=utf-8
host: localhost:63713
accept: */*

Response DefaultHttpResponse(decodeResult: success, version: HTTP/1.1)
HTTP/1.1 200 OK
Content-Type: application/json; charset=utf-8
cache-control: no-cache
content-length: 89044

15:15:28.090 [AsyncHttpClient-1-8] DEBUG org.asynchttpclient.netty.channel.ChannelManager - Adding key: http://localhost:63713 for channel [id: 0x5506ab42, L:/127.0.0.1:49715 - R:localhost/127.0.0.1:63713]
15:15:28.094 [main] DEBUG net.serenitybdd.core.photography.Darkroom - Send negative for processing for target\site\serenity\59cc7164a6e4b9f0bf9bfc3715c2200020b90123bc6bff81e2f76c2dbf5638ae.png
15:15:28.095 [Darkroom Processing Line] DEBUG net.serenitybdd.core.photography.DarkroomProcessingLine - Processing screenshot image in /var/screenshots/screenshot-2423918924482155043
15:15:28.095 [Darkroom Processing Line] DEBUG net.serenitybdd.core.photography.DarkroomProcessingLine - Saving screenshot to target\site\serenity\59cc7164a6e4b9f0bf9bfc3715c2200020b90123bc6bff81e2f76c2dbf5638ae.png
15:15:28.105 [Forwarding findElement on session 1210a987bf7035f940840ce7e6c483f2 to remote] DEBUG org.asynchttpclient.netty.request.NettyRequestSender - Using pooled Channel '[id: 0x5506ab42, L:/127.0.0.1:49715 - R:localhost/127.0.0.1:63713]' for 'POST' to 'http://localhost:63713/session/1210a987bf7035f940840ce7e6c483f2/element'
15:15:28.106 [Forwarding findElement on session 1210a987bf7035f940840ce7e6c483f2 to remote] DEBUG org.asynchttpclient.netty.request.NettyRequestSender - Using open Channel [id: 0x5506ab42, L:/127.0.0.1:49715 - R:localhost/127.0.0.1:63713] for POST '/session/1210a987bf7035f940840ce7e6c483f2/element'
15:15:28.407 [AsyncHttpClient-1-1] DEBUG org.asynchttpclient.netty.channel.DefaultChannelPool - Entry count for : http://localhost:49716 : 1
15:15:28.523 [AsyncHttpClient-1-8] DEBUG org.asynchttpclient.netty.handler.HttpHandler - 

Request DefaultHttpRequest(decodeResult: success, version: HTTP/1.1)
POST /session/1210a987bf7035f940840ce7e6c483f2/element HTTP/1.1
User-Agent: selenium/4.1.2 (java windows)
Content-Length: 91
Content-Type: application/json; charset=utf-8
host: localhost:63713
accept: */*

Response DefaultHttpResponse(decodeResult: success, version: HTTP/1.1)
HTTP/1.1 200 OK
Content-Type: application/json; charset=utf-8
cache-control: no-cache
content-length: 88

15:15:28.524 [AsyncHttpClient-1-8] DEBUG org.asynchttpclient.netty.channel.ChannelManager - Adding key: http://localhost:63713 for channel [id: 0x5506ab42, L:/127.0.0.1:49715 - R:localhost/127.0.0.1:63713]
15:15:28.529 [Forwarding isElementDisplayed on session 1210a987bf7035f940840ce7e6c483f2 to remote] DEBUG org.asynchttpclient.netty.request.NettyRequestSender - Using pooled Channel '[id: 0x5506ab42, L:/127.0.0.1:49715 - R:localhost/127.0.0.1:63713]' for 'POST' to 'http://localhost:63713/session/1210a987bf7035f940840ce7e6c483f2/execute/sync'
15:15:28.529 [Forwarding isElementDisplayed on session 1210a987bf7035f940840ce7e6c483f2 to remote] DEBUG org.asynchttpclient.netty.request.NettyRequestSender - Using open Channel [id: 0x5506ab42, L:/127.0.0.1:49715 - R:localhost/127.0.0.1:63713] for POST '/session/1210a987bf7035f940840ce7e6c483f2/execute/sync'
15:15:28.544 [AsyncHttpClient-1-8] DEBUG org.asynchttpclient.netty.handler.HttpHandler - 

Request DefaultHttpRequest(decodeResult: success, version: HTTP/1.1)
POST /session/1210a987bf7035f940840ce7e6c483f2/execute/sync HTTP/1.1
User-Agent: selenium/4.1.2 (java windows)
Content-Length: 48780
Content-Type: application/json; charset=utf-8
host: localhost:63713
accept: */*

Response DefaultHttpResponse(decodeResult: success, version: HTTP/1.1)
HTTP/1.1 200 OK
Content-Type: application/json; charset=utf-8
cache-control: no-cache
content-length: 14

15:15:28.544 [AsyncHttpClient-1-8] DEBUG org.asynchttpclient.netty.channel.ChannelManager - Adding key: http://localhost:63713 for channel [id: 0x5506ab42, L:/127.0.0.1:49715 - R:localhost/127.0.0.1:63713]
  &amp#27;[32mAnd &amp#27;[0m&amp#27;[32mI &amp#27;[0m&amp#27;[32m&amp#27;[1m"txtAksesoris1"&amp#27;[0m&amp#27;[32m page&amp#27;[0m      &amp#27;[90m# starter.stepdefinitions.BabyStep.iPage(java.lang.String)&amp#27;[0m
15:15:28.549 [Forwarding screenshot on session 1210a987bf7035f940840ce7e6c483f2 to remote] DEBUG org.asynchttpclient.netty.request.NettyRequestSender - Using pooled Channel '[id: 0x5506ab42, L:/127.0.0.1:49715 - R:localhost/127.0.0.1:63713]' for 'GET' to 'http://localhost:63713/session/1210a987bf7035f940840ce7e6c483f2/screenshot'
15:15:28.549 [Forwarding screenshot on session 1210a987bf7035f940840ce7e6c483f2 to remote] DEBUG org.asynchttpclient.netty.request.NettyRequestSender - Using open Channel [id: 0x5506ab42, L:/127.0.0.1:49715 - R:localhost/127.0.0.1:63713] for GET '/session/1210a987bf7035f940840ce7e6c483f2/screenshot'
15:15:28.673 [AsyncHttpClient-1-8] DEBUG org.asynchttpclient.netty.handler.HttpHandler - 

Request DefaultFullHttpRequest(decodeResult: success, version: HTTP/1.1, content: EmptyByteBufBE)
GET /session/1210a987bf7035f940840ce7e6c483f2/screenshot HTTP/1.1
User-Agent: selenium/4.1.2 (java windows)
Cache-Control: no-cache
Content-Type: application/json; charset=utf-8
host: localhost:63713
accept: */*

Response DefaultHttpResponse(decodeResult: success, version: HTTP/1.1)
HTTP/1.1 200 OK
Content-Type: application/json; charset=utf-8
cache-control: no-cache
content-length: 54224

15:15:28.674 [AsyncHttpClient-1-8] DEBUG org.asynchttpclient.netty.channel.ChannelManager - Adding key: http://localhost:63713 for channel [id: 0x5506ab42, L:/127.0.0.1:49715 - R:localhost/127.0.0.1:63713]
15:15:28.677 [main] DEBUG net.serenitybdd.core.photography.Darkroom - Send negative for processing for target\site\serenity\4d00b1a18d8f2543e55852fcd9d41a694baa41156c207810dfe4d80245d89e77.png
15:15:28.677 [Darkroom Processing Line] DEBUG net.serenitybdd.core.photography.DarkroomProcessingLine - Processing screenshot image in /var/screenshots/screenshot-2606874179151636056
15:15:28.678 [Darkroom Processing Line] DEBUG net.serenitybdd.core.photography.DarkroomProcessingLine - Saving screenshot to target\site\serenity\4d00b1a18d8f2543e55852fcd9d41a694baa41156c207810dfe4d80245d89e77.png
15:15:28.683 [AsyncHttpClient-1-10] DEBUG org.asynchttpclient.netty.handler.WebSocketHandler - Channel Closed: [id: 0x5d2d672e, L:/127.0.0.1:49726 ! R:localhost/127.0.0.1:49716] with attribute NettyResponseFuture{currentRetry=5,
	isDone=1,
	isCancelled=0,
	asyncHandler=org.asynchttpclient.ws.WebSocketUpgradeHandler@198541ab,
	nettyRequest=org.asynchttpclient.netty.request.NettyRequest@5c87ccff,
	future=java.util.concurrent.CompletableFuture@26d61e46[Completed normally],
	uri=ws://localhost:49716/devtools/browser/4b187adb-9b4e-4127-8bfa-e363d6ec4e90,
	keepAlive=true,
	redirectCount=0,
	timeoutsHolder=null,
	inAuth=0,
	touch=1680855315837}
15:15:28.683 [AsyncHttpClient-1-10] DEBUG org.asynchttpclient.netty.channel.ChannelManager - Closing Channel [id: 0x5d2d672e, L:/127.0.0.1:49726 ! R:localhost/127.0.0.1:49716] 
15:15:28.683 [Driver Command Executor] DEBUG org.asynchttpclient.netty.request.NettyRequestSender - Using pooled Channel '[id: 0x5506ab42, L:/127.0.0.1:49715 - R:localhost/127.0.0.1:63713]' for 'DELETE' to 'http://localhost:63713/session/1210a987bf7035f940840ce7e6c483f2'
15:15:28.683 [Driver Command Executor] DEBUG org.asynchttpclient.netty.request.NettyRequestSender - Using open Channel [id: 0x5506ab42, L:/127.0.0.1:49715 - R:localhost/127.0.0.1:63713] for DELETE '/session/1210a987bf7035f940840ce7e6c483f2'
15:15:28.722 [AsyncHttpClient-1-9] DEBUG org.asynchttpclient.netty.handler.HttpHandler - Unexpected I/O exception on channel [id: 0x8e3d66df, L:/127.0.0.1:49725 - R:localhost/127.0.0.1:49716]
java.net.SocketException: Connection reset
	at java.base/sun.nio.ch.SocketChannelImpl.throwConnectionReset(SocketChannelImpl.java:345)
	at java.base/sun.nio.ch.SocketChannelImpl.read(SocketChannelImpl.java:376)
	at io.netty.buffer.PooledByteBuf.setBytes(PooledByteBuf.java:258)
	at io.netty.buffer.AbstractByteBuf.writeBytes(AbstractByteBuf.java:1132)
	at io.netty.channel.socket.nio.NioSocketChannel.doReadBytes(NioSocketChannel.java:350)
	at io.netty.channel.nio.AbstractNioByteChannel$NioByteUnsafe.read(AbstractNioByteChannel.java:151)
	at io.netty.channel.nio.NioEventLoop.processSelectedKey(NioEventLoop.java:722)
	at io.netty.channel.nio.NioEventLoop.processSelectedKeysOptimized(NioEventLoop.java:658)
	at io.netty.channel.nio.NioEventLoop.processSelectedKeys(NioEventLoop.java:584)
	at io.netty.channel.nio.NioEventLoop.run(NioEventLoop.java:496)
	at io.netty.util.concurrent.SingleThreadEventExecutor$4.run(SingleThreadEventExecutor.java:986)
	at io.netty.util.internal.ThreadExecutorMap$2.run(ThreadExecutorMap.java:74)
	at io.netty.util.concurrent.FastThreadLocalRunnable.run(FastThreadLocalRunnable.java:30)
	at java.base/java.lang.Thread.run(Thread.java:830)
15:15:28.722 [AsyncHttpClient-1-9] DEBUG org.asynchttpclient.netty.channel.ChannelManager - Closing Channel [id: 0x8e3d66df, L:/127.0.0.1:49725 - R:localhost/127.0.0.1:49716] 
15:15:28.723 [AsyncHttpClient-1-9] DEBUG org.asynchttpclient.netty.handler.HttpHandler - Channel Closed: [id: 0x8e3d66df, L:/127.0.0.1:49725 ! R:localhost/127.0.0.1:49716] with attribute DISCARD
15:15:28.755 [AsyncHttpClient-1-8] DEBUG org.asynchttpclient.netty.handler.HttpHandler - 

Request DefaultFullHttpRequest(decodeResult: success, version: HTTP/1.1, content: EmptyByteBufBE)
DELETE /session/1210a987bf7035f940840ce7e6c483f2 HTTP/1.1
User-Agent: selenium/4.1.2 (java windows)
Content-Type: application/json; charset=utf-8
host: localhost:63713
accept: */*

Response DefaultHttpResponse(decodeResult: success, version: HTTP/1.1)
HTTP/1.1 200 OK
Content-Type: application/json; charset=utf-8
cache-control: no-cache
content-length: 14

15:15:28.755 [AsyncHttpClient-1-8] DEBUG org.asynchttpclient.netty.channel.ChannelManager - Adding key: http://localhost:63713 for channel [id: 0x5506ab42, L:/127.0.0.1:49715 - R:localhost/127.0.0.1:63713]
15:15:28.901 [AsyncHttpClient-1-8] DEBUG org.asynchttpclient.netty.handler.HttpHandler - Channel Closed: [id: 0x5506ab42, L:/127.0.0.1:49715 ! R:localhost/127.0.0.1:63713] with attribute DISCARD
]]></system-out>
    <system-err><![CDATA[Starting Microsoft Edge WebDriver 111.0.1661.62 (0a8f453929e6410c973aa529a40485ce4e3e03db) on port 63713
To submit feedback, report a bug, or suggest new features, please visit https://github.com/MicrosoftEdge/EdgeWebDriver

Only local connections are allowed.
Please see https://aka.ms/WebDriverSecurity for suggestions on keeping Microsoft Edge WebDriver safe.

Microsoft Edge WebDriver was started successfully.
Apr 07, 2023 3:15:15 PM org.openqa.selenium.remote.ProtocolHandshake createSession
INFO: Detected dialect: W3C
Apr 07, 2023 3:15:15 PM org.openqa.selenium.devtools.CdpVersionFinder findNearestMatch
WARNING: Unable to find an exact match for CDP version 111, so returning the closest version found: a no-op implementation
Apr 07, 2023 3:15:15 PM org.openqa.selenium.devtools.CdpVersionFinder findNearestMatch
INFO: Unable to find CDP implementation matching 111.
Apr 07, 2023 3:15:15 PM org.openqa.selenium.chromium.ChromiumDriver lambda$new$3
WARNING: Unable to find version of CDP to use for . You may need to include a dependency on a specific version of the CDP using something similar to `org.seleniumhq.selenium:selenium-devtools-v86:4.1.2` where the version ("v86") matches the version of the chromium-based browser you're using and the version number of the artifact is the same as Selenium's.
]]></system-err>
  </testcase>
  <testcase name="Fitur Menu Baby #4" classname="Baby" time="9.169">
    <system-out><![CDATA[
Scenario Outline: Fitur Menu Baby    &amp#27;[90m# src/test/resources/features/Baby.feature:96&amp#27;[0m
15:15:29.490 [main] INFO io.cucumber.core.plugin.SerenityReporter - Running feature from file:///C:/Users/alwi/IdeaProjects/uniqloweb/src/test/resources/features/Baby.feature
15:15:29.506 [AsyncHttpClient-1-1] DEBUG org.asynchttpclient.netty.channel.DefaultChannelPool - Entry count for : http://localhost:49716 : 1
15:15:29.506 [AsyncHttpClient-1-1] DEBUG org.asynchttpclient.netty.channel.DefaultChannelPool - Entry count for : http://localhost:63713 : 1
15:15:29.506 [AsyncHttpClient-1-1] DEBUG org.asynchttpclient.netty.channel.DefaultChannelPool - Adding Candidate expired Channel [id: 0x8e3d66df, L:/127.0.0.1:49725 ! R:localhost/127.0.0.1:49716] isIdleTimeoutExpired=false isRemotelyClosed=true isTtlExpired=false
15:15:29.506 [AsyncHttpClient-1-1] DEBUG org.asynchttpclient.netty.channel.DefaultChannelPool - Closing Idle Channel [id: 0x8e3d66df, L:/127.0.0.1:49725 ! R:localhost/127.0.0.1:49716]
15:15:29.506 [AsyncHttpClient-1-1] DEBUG org.asynchttpclient.netty.channel.DefaultChannelPool - Adding Candidate expired Channel [id: 0x5506ab42, L:/127.0.0.1:49715 ! R:localhost/127.0.0.1:63713] isIdleTimeoutExpired=false isRemotelyClosed=true isTtlExpired=false
15:15:29.506 [AsyncHttpClient-1-1] DEBUG org.asynchttpclient.netty.channel.DefaultChannelPool - Closing Idle Channel [id: 0x5506ab42, L:/127.0.0.1:49715 ! R:localhost/127.0.0.1:63713]
15:15:29.506 [AsyncHttpClient-1-1] DEBUG org.asynchttpclient.netty.channel.DefaultChannelPool - Closed 2 connections out of 2 in 0 ms
15:15:29.639 [main] DEBUG io.github.bonigarcia.wdm.cache.ResolutionCache - Resolution edge=111 in cache (valid until 16:02:35 07/04/2023 WIB)
15:15:29.644 [main] DEBUG io.github.bonigarcia.wdm.cache.ResolutionCache - Resolution edge111=111.0.1661.62 in cache (valid until 15:02:35 08/04/2023 WIB)
15:15:29.646 [main] INFO io.github.bonigarcia.wdm.WebDriverManager - Using msedgedriver 111.0.1661.62 (resolved driver for Edge 111)
15:15:29.670 [main] DEBUG io.github.bonigarcia.wdm.WebDriverManager - Driver msedgedriver 111.0.1661.62 found in cache
15:15:29.671 [main] INFO io.github.bonigarcia.wdm.WebDriverManager - Exporting webdriver.edge.driver as C:\Users\alwi\.cache\selenium\msedgedriver\win64\111.0.1661.62\msedgedriver.exe
15:15:29.677 [main] DEBUG net.serenitybdd.core.webdriver.driverproviders.ProvideNewDriver - Instantiating driver
15:15:29.677 [main] DEBUG net.serenitybdd.core.webdriver.driverproviders.ProvideNewDriver - Driver capabilities: Capabilities {base.url: https://www.uniqlo.com, chrome.driver: src/test/resources/webdrive..., driver: edge, ms:edgeChromium: true, ms:edgeOptions: {}, wait.for.timeout: 6000}
15:15:30.210 [AsyncHttpClient-1-11] DEBUG org.asynchttpclient.netty.channel.NettyConnectListener - Using new Channel '[id: 0x3c11e308, L:/127.0.0.1:49876 - R:localhost/127.0.0.1:55979]' for 'POST' to '/session'
15:15:30.824 [AsyncHttpClient-1-11] DEBUG org.asynchttpclient.netty.handler.HttpHandler - 

Request DefaultHttpRequest(decodeResult: success, version: HTTP/1.1)
POST /session HTTP/1.1
User-Agent: selenium/4.1.2 (java windows)
Content-Length: 627
Content-Type: application/json; charset=utf-8
host: localhost:55979
accept: */*

Response DefaultHttpResponse(decodeResult: success, version: HTTP/1.1)
HTTP/1.1 200 OK
Content-Type: application/json; charset=utf-8
cache-control: no-cache
content-length: 822

15:15:30.824 [AsyncHttpClient-1-11] DEBUG org.asynchttpclient.netty.channel.ChannelManager - Adding key: http://localhost:55979 for channel [id: 0x3c11e308, L:/127.0.0.1:49876 - R:localhost/127.0.0.1:55979]
15:15:30.837 [AsyncHttpClient-1-12] DEBUG org.asynchttpclient.netty.channel.NettyConnectListener - Using new Channel '[id: 0xa8fcee7e, L:/127.0.0.1:49888 - R:localhost/127.0.0.1:49879]' for 'GET' to '/json/version'
15:15:30.843 [AsyncHttpClient-1-12] DEBUG org.asynchttpclient.netty.handler.HttpHandler - 

Request DefaultFullHttpRequest(decodeResult: success, version: HTTP/1.1, content: EmptyByteBufBE)
GET /json/version HTTP/1.1
User-Agent: selenium/4.1.2 (java windows)
host: localhost:49879
accept: */*

Response DefaultHttpResponse(decodeResult: success, version: HTTP/1.1)
HTTP/1.1 200 OK
Content-Security-Policy: frame-ancestors 'none'
Content-Type: application/json; charset=UTF-8
content-length: 436

15:15:30.844 [AsyncHttpClient-1-12] DEBUG org.asynchttpclient.netty.channel.ChannelManager - Adding key: http://localhost:49879 for channel [id: 0xa8fcee7e, L:/127.0.0.1:49888 - R:localhost/127.0.0.1:49879]
15:15:30.849 [AsyncHttpClient-1-13] DEBUG org.asynchttpclient.netty.channel.NettyConnectListener - Using new Channel '[id: 0xb2ab68f2, L:/127.0.0.1:49889 - R:localhost/127.0.0.1:49879]' for 'GET' to '/devtools/browser/1ed8be0c-d612-4b8d-8144-68d134ed7fa5'
15:15:30.854 [AsyncHttpClient-1-13] DEBUG org.asynchttpclient.netty.handler.WebSocketHandler - 

Request DefaultFullHttpRequest(decodeResult: success, version: HTTP/1.1, content: EmptyByteBufBE)
GET /devtools/browser/1ed8be0c-d612-4b8d-8144-68d134ed7fa5 HTTP/1.1
upgrade: websocket
connection: upgrade
sec-websocket-key: saoiFX5lsGBI5Z0011E3LQ==
sec-websocket-version: 13
origin: http://localhost:49879
host: localhost:49879
accept: */*
user-agent: AHC/2.1

Response DefaultHttpResponse(decodeResult: success, version: HTTP/1.1)
HTTP/1.1 101 WebSocket Protocol Handshake
Upgrade: WebSocket
Connection: Upgrade
Sec-WebSocket-Accept: i+BhAIbjPIoPsYcNQN7dy2bnNCQ=

15:15:30.862 [Forwarding get on session 1274d02cb51fba9fad131e8738a53f96 to remote] DEBUG org.asynchttpclient.netty.request.NettyRequestSender - Using pooled Channel '[id: 0x3c11e308, L:/127.0.0.1:49876 - R:localhost/127.0.0.1:55979]' for 'POST' to 'http://localhost:55979/session/1274d02cb51fba9fad131e8738a53f96/url'
15:15:30.862 [Forwarding get on session 1274d02cb51fba9fad131e8738a53f96 to remote] DEBUG org.asynchttpclient.netty.request.NettyRequestSender - Using open Channel [id: 0x3c11e308, L:/127.0.0.1:49876 - R:localhost/127.0.0.1:55979] for POST '/session/1274d02cb51fba9fad131e8738a53f96/url'
15:15:31.705 [AsyncHttpClient-1-1] DEBUG org.asynchttpclient.netty.channel.DefaultChannelPool - Entry count for : http://localhost:49879 : 1
15:15:32.807 [AsyncHttpClient-1-1] DEBUG org.asynchttpclient.netty.channel.DefaultChannelPool - Entry count for : http://localhost:49879 : 1
15:15:33.906 [AsyncHttpClient-1-1] DEBUG org.asynchttpclient.netty.channel.DefaultChannelPool - Entry count for : http://localhost:49879 : 1
15:15:34.392 [AsyncHttpClient-1-11] DEBUG org.asynchttpclient.netty.handler.HttpHandler - 

Request DefaultHttpRequest(decodeResult: success, version: HTTP/1.1)
POST /session/1274d02cb51fba9fad131e8738a53f96/url HTTP/1.1
User-Agent: selenium/4.1.2 (java windows)
Content-Length: 53
Content-Type: application/json; charset=utf-8
host: localhost:55979
accept: */*

Response DefaultHttpResponse(decodeResult: success, version: HTTP/1.1)
HTTP/1.1 200 OK
Content-Type: application/json; charset=utf-8
cache-control: no-cache
content-length: 14

15:15:34.392 [AsyncHttpClient-1-11] DEBUG org.asynchttpclient.netty.channel.ChannelManager - Adding key: http://localhost:55979 for channel [id: 0x3c11e308, L:/127.0.0.1:49876 - R:localhost/127.0.0.1:55979]
15:15:34.393 [Forwarding setTimeout on session 1274d02cb51fba9fad131e8738a53f96 to remote] DEBUG org.asynchttpclient.netty.request.NettyRequestSender - Using pooled Channel '[id: 0x3c11e308, L:/127.0.0.1:49876 - R:localhost/127.0.0.1:55979]' for 'POST' to 'http://localhost:55979/session/1274d02cb51fba9fad131e8738a53f96/timeouts'
15:15:34.394 [Forwarding setTimeout on session 1274d02cb51fba9fad131e8738a53f96 to remote] DEBUG org.asynchttpclient.netty.request.NettyRequestSender - Using open Channel [id: 0x3c11e308, L:/127.0.0.1:49876 - R:localhost/127.0.0.1:55979] for POST '/session/1274d02cb51fba9fad131e8738a53f96/timeouts'
15:15:34.395 [AsyncHttpClient-1-11] DEBUG org.asynchttpclient.netty.handler.HttpHandler - 

Request DefaultHttpRequest(decodeResult: success, version: HTTP/1.1)
POST /session/1274d02cb51fba9fad131e8738a53f96/timeouts HTTP/1.1
User-Agent: selenium/4.1.2 (java windows)
Content-Length: 22
Content-Type: application/json; charset=utf-8
host: localhost:55979
accept: */*

Response DefaultHttpResponse(decodeResult: success, version: HTTP/1.1)
HTTP/1.1 200 OK
Content-Type: application/json; charset=utf-8
cache-control: no-cache
content-length: 14

15:15:34.395 [AsyncHttpClient-1-11] DEBUG org.asynchttpclient.netty.channel.ChannelManager - Adding key: http://localhost:55979 for channel [id: 0x3c11e308, L:/127.0.0.1:49876 - R:localhost/127.0.0.1:55979]
15:15:34.399 [Forwarding getCurrentUrl on session 1274d02cb51fba9fad131e8738a53f96 to remote] DEBUG org.asynchttpclient.netty.request.NettyRequestSender - Using pooled Channel '[id: 0x3c11e308, L:/127.0.0.1:49876 - R:localhost/127.0.0.1:55979]' for 'GET' to 'http://localhost:55979/session/1274d02cb51fba9fad131e8738a53f96/url'
15:15:34.399 [Forwarding getCurrentUrl on session 1274d02cb51fba9fad131e8738a53f96 to remote] DEBUG org.asynchttpclient.netty.request.NettyRequestSender - Using open Channel [id: 0x3c11e308, L:/127.0.0.1:49876 - R:localhost/127.0.0.1:55979] for GET '/session/1274d02cb51fba9fad131e8738a53f96/url'
15:15:35.006 [AsyncHttpClient-1-1] DEBUG org.asynchttpclient.netty.channel.DefaultChannelPool - Entry count for : http://localhost:49879 : 1
15:15:35.174 [AsyncHttpClient-1-11] DEBUG org.asynchttpclient.netty.handler.HttpHandler - 

Request DefaultFullHttpRequest(decodeResult: success, version: HTTP/1.1, content: EmptyByteBufBE)
GET /session/1274d02cb51fba9fad131e8738a53f96/url HTTP/1.1
User-Agent: selenium/4.1.2 (java windows)
Cache-Control: no-cache
Content-Type: application/json; charset=utf-8
host: localhost:55979
accept: */*

Response DefaultHttpResponse(decodeResult: success, version: HTTP/1.1)
HTTP/1.1 200 OK
Content-Type: application/json; charset=utf-8
cache-control: no-cache
content-length: 41

15:15:35.174 [AsyncHttpClient-1-11] DEBUG org.asynchttpclient.netty.channel.ChannelManager - Adding key: http://localhost:55979 for channel [id: 0x3c11e308, L:/127.0.0.1:49876 - R:localhost/127.0.0.1:55979]
  &amp#27;[32mGiven &amp#27;[0m&amp#27;[32mI am on the home page&amp#27;[0m        &amp#27;[90m# starter.stepdefinitions.BabyStep.iAmOnTheHomePage()&amp#27;[0m
15:15:35.187 [Forwarding screenshot on session 1274d02cb51fba9fad131e8738a53f96 to remote] DEBUG org.asynchttpclient.netty.request.NettyRequestSender - Using pooled Channel '[id: 0x3c11e308, L:/127.0.0.1:49876 - R:localhost/127.0.0.1:55979]' for 'GET' to 'http://localhost:55979/session/1274d02cb51fba9fad131e8738a53f96/screenshot'
15:15:35.187 [Forwarding screenshot on session 1274d02cb51fba9fad131e8738a53f96 to remote] DEBUG org.asynchttpclient.netty.request.NettyRequestSender - Using open Channel [id: 0x3c11e308, L:/127.0.0.1:49876 - R:localhost/127.0.0.1:55979] for GET '/session/1274d02cb51fba9fad131e8738a53f96/screenshot'
15:15:35.329 [AsyncHttpClient-1-11] DEBUG org.asynchttpclient.netty.handler.HttpHandler - 

Request DefaultFullHttpRequest(decodeResult: success, version: HTTP/1.1, content: EmptyByteBufBE)
GET /session/1274d02cb51fba9fad131e8738a53f96/screenshot HTTP/1.1
User-Agent: selenium/4.1.2 (java windows)
Cache-Control: no-cache
Content-Type: application/json; charset=utf-8
host: localhost:55979
accept: */*

Response DefaultHttpResponse(decodeResult: success, version: HTTP/1.1)
HTTP/1.1 200 OK
Content-Type: application/json; charset=utf-8
cache-control: no-cache
content-length: 82688

15:15:35.330 [AsyncHttpClient-1-11] DEBUG org.asynchttpclient.netty.channel.ChannelManager - Adding key: http://localhost:55979 for channel [id: 0x3c11e308, L:/127.0.0.1:49876 - R:localhost/127.0.0.1:55979]
15:15:35.333 [main] DEBUG net.serenitybdd.core.photography.Darkroom - Send negative for processing for target\site\serenity\982d53b84d5b575854b814ba380ec64a573538e8db014555b35f8ddd3ce9a025.png
15:15:35.333 [Darkroom Processing Line] DEBUG net.serenitybdd.core.photography.DarkroomProcessingLine - Processing screenshot image in /var/screenshots/screenshot-6719184241339621906
15:15:35.334 [Darkroom Processing Line] DEBUG net.serenitybdd.core.photography.DarkroomProcessingLine - Saving screenshot to target\site\serenity\982d53b84d5b575854b814ba380ec64a573538e8db014555b35f8ddd3ce9a025.png
15:15:35.345 [Forwarding findElement on session 1274d02cb51fba9fad131e8738a53f96 to remote] DEBUG org.asynchttpclient.netty.request.NettyRequestSender - Using pooled Channel '[id: 0x3c11e308, L:/127.0.0.1:49876 - R:localhost/127.0.0.1:55979]' for 'POST' to 'http://localhost:55979/session/1274d02cb51fba9fad131e8738a53f96/element'
15:15:35.345 [Forwarding findElement on session 1274d02cb51fba9fad131e8738a53f96 to remote] DEBUG org.asynchttpclient.netty.request.NettyRequestSender - Using open Channel [id: 0x3c11e308, L:/127.0.0.1:49876 - R:localhost/127.0.0.1:55979] for POST '/session/1274d02cb51fba9fad131e8738a53f96/element'
15:15:35.358 [AsyncHttpClient-1-11] DEBUG org.asynchttpclient.netty.handler.HttpHandler - 

Request DefaultHttpRequest(decodeResult: success, version: HTTP/1.1)
POST /session/1274d02cb51fba9fad131e8738a53f96/element HTTP/1.1
User-Agent: selenium/4.1.2 (java windows)
Content-Length: 81
Content-Type: application/json; charset=utf-8
host: localhost:55979
accept: */*

Response DefaultHttpResponse(decodeResult: success, version: HTTP/1.1)
HTTP/1.1 200 OK
Content-Type: application/json; charset=utf-8
cache-control: no-cache
content-length: 88

15:15:35.359 [AsyncHttpClient-1-11] DEBUG org.asynchttpclient.netty.channel.ChannelManager - Adding key: http://localhost:55979 for channel [id: 0x3c11e308, L:/127.0.0.1:49876 - R:localhost/127.0.0.1:55979]
15:15:35.360 [Forwarding getElementTagName on session 1274d02cb51fba9fad131e8738a53f96 to remote] DEBUG org.asynchttpclient.netty.request.NettyRequestSender - Using pooled Channel '[id: 0x3c11e308, L:/127.0.0.1:49876 - R:localhost/127.0.0.1:55979]' for 'GET' to 'http://localhost:55979/session/1274d02cb51fba9fad131e8738a53f96/element/82a48274-2487-4c82-bc37-ec5d00507aff/name'
15:15:35.360 [Forwarding getElementTagName on session 1274d02cb51fba9fad131e8738a53f96 to remote] DEBUG org.asynchttpclient.netty.request.NettyRequestSender - Using open Channel [id: 0x3c11e308, L:/127.0.0.1:49876 - R:localhost/127.0.0.1:55979] for GET '/session/1274d02cb51fba9fad131e8738a53f96/element/82a48274-2487-4c82-bc37-ec5d00507aff/name'
15:15:35.366 [AsyncHttpClient-1-11] DEBUG org.asynchttpclient.netty.handler.HttpHandler - 

Request DefaultFullHttpRequest(decodeResult: success, version: HTTP/1.1, content: EmptyByteBufBE)
GET /session/1274d02cb51fba9fad131e8738a53f96/element/82a48274-2487-4c82-bc37-ec5d00507aff/name HTTP/1.1
User-Agent: selenium/4.1.2 (java windows)
Cache-Control: no-cache
Content-Type: application/json; charset=utf-8
host: localhost:55979
accept: */*

Response DefaultHttpResponse(decodeResult: success, version: HTTP/1.1)
HTTP/1.1 200 OK
Content-Type: application/json; charset=utf-8
cache-control: no-cache
content-length: 16

15:15:35.366 [AsyncHttpClient-1-11] DEBUG org.asynchttpclient.netty.channel.ChannelManager - Adding key: http://localhost:55979 for channel [id: 0x3c11e308, L:/127.0.0.1:49876 - R:localhost/127.0.0.1:55979]
15:15:35.368 [Forwarding getElementTagName on session 1274d02cb51fba9fad131e8738a53f96 to remote] DEBUG org.asynchttpclient.netty.request.NettyRequestSender - Using pooled Channel '[id: 0x3c11e308, L:/127.0.0.1:49876 - R:localhost/127.0.0.1:55979]' for 'GET' to 'http://localhost:55979/session/1274d02cb51fba9fad131e8738a53f96/element/82a48274-2487-4c82-bc37-ec5d00507aff/name'
15:15:35.368 [Forwarding getElementTagName on session 1274d02cb51fba9fad131e8738a53f96 to remote] DEBUG org.asynchttpclient.netty.request.NettyRequestSender - Using open Channel [id: 0x3c11e308, L:/127.0.0.1:49876 - R:localhost/127.0.0.1:55979] for GET '/session/1274d02cb51fba9fad131e8738a53f96/element/82a48274-2487-4c82-bc37-ec5d00507aff/name'
15:15:35.374 [AsyncHttpClient-1-11] DEBUG org.asynchttpclient.netty.handler.HttpHandler - 

Request DefaultFullHttpRequest(decodeResult: success, version: HTTP/1.1, content: EmptyByteBufBE)
GET /session/1274d02cb51fba9fad131e8738a53f96/element/82a48274-2487-4c82-bc37-ec5d00507aff/name HTTP/1.1
User-Agent: selenium/4.1.2 (java windows)
Cache-Control: no-cache
Content-Type: application/json; charset=utf-8
host: localhost:55979
accept: */*

Response DefaultHttpResponse(decodeResult: success, version: HTTP/1.1)
HTTP/1.1 200 OK
Content-Type: application/json; charset=utf-8
cache-control: no-cache
content-length: 16

15:15:35.374 [AsyncHttpClient-1-11] DEBUG org.asynchttpclient.netty.channel.ChannelManager - Adding key: http://localhost:55979 for channel [id: 0x3c11e308, L:/127.0.0.1:49876 - R:localhost/127.0.0.1:55979]
15:15:35.376 [Forwarding findElement on session 1274d02cb51fba9fad131e8738a53f96 to remote] DEBUG org.asynchttpclient.netty.request.NettyRequestSender - Using pooled Channel '[id: 0x3c11e308, L:/127.0.0.1:49876 - R:localhost/127.0.0.1:55979]' for 'POST' to 'http://localhost:55979/session/1274d02cb51fba9fad131e8738a53f96/element'
15:15:35.376 [Forwarding findElement on session 1274d02cb51fba9fad131e8738a53f96 to remote] DEBUG org.asynchttpclient.netty.request.NettyRequestSender - Using open Channel [id: 0x3c11e308, L:/127.0.0.1:49876 - R:localhost/127.0.0.1:55979] for POST '/session/1274d02cb51fba9fad131e8738a53f96/element'
15:15:35.381 [AsyncHttpClient-1-11] DEBUG org.asynchttpclient.netty.handler.HttpHandler - 

Request DefaultHttpRequest(decodeResult: success, version: HTTP/1.1)
POST /session/1274d02cb51fba9fad131e8738a53f96/element HTTP/1.1
User-Agent: selenium/4.1.2 (java windows)
Content-Length: 81
Content-Type: application/json; charset=utf-8
host: localhost:55979
accept: */*

Response DefaultHttpResponse(decodeResult: success, version: HTTP/1.1)
HTTP/1.1 200 OK
Content-Type: application/json; charset=utf-8
cache-control: no-cache
content-length: 88

15:15:35.381 [AsyncHttpClient-1-11] DEBUG org.asynchttpclient.netty.channel.ChannelManager - Adding key: http://localhost:55979 for channel [id: 0x3c11e308, L:/127.0.0.1:49876 - R:localhost/127.0.0.1:55979]
15:15:35.383 [Forwarding clickElement on session 1274d02cb51fba9fad131e8738a53f96 to remote] DEBUG org.asynchttpclient.netty.request.NettyRequestSender - Using pooled Channel '[id: 0x3c11e308, L:/127.0.0.1:49876 - R:localhost/127.0.0.1:55979]' for 'POST' to 'http://localhost:55979/session/1274d02cb51fba9fad131e8738a53f96/element/82a48274-2487-4c82-bc37-ec5d00507aff/click'
15:15:35.383 [Forwarding clickElement on session 1274d02cb51fba9fad131e8738a53f96 to remote] DEBUG org.asynchttpclient.netty.request.NettyRequestSender - Using open Channel [id: 0x3c11e308, L:/127.0.0.1:49876 - R:localhost/127.0.0.1:55979] for POST '/session/1274d02cb51fba9fad131e8738a53f96/element/82a48274-2487-4c82-bc37-ec5d00507aff/click'
15:15:36.008 [AsyncHttpClient-1-11] DEBUG org.asynchttpclient.netty.handler.HttpHandler - 

Request DefaultHttpRequest(decodeResult: success, version: HTTP/1.1)
POST /session/1274d02cb51fba9fad131e8738a53f96/element/82a48274-2487-4c82-bc37-ec5d00507aff/click HTTP/1.1
User-Agent: selenium/4.1.2 (java windows)
Content-Length: 50
Content-Type: application/json; charset=utf-8
host: localhost:55979
accept: */*

Response DefaultHttpResponse(decodeResult: success, version: HTTP/1.1)
HTTP/1.1 200 OK
Content-Type: application/json; charset=utf-8
cache-control: no-cache
content-length: 14

15:15:36.008 [AsyncHttpClient-1-11] DEBUG org.asynchttpclient.netty.channel.ChannelManager - Adding key: http://localhost:55979 for channel [id: 0x3c11e308, L:/127.0.0.1:49876 - R:localhost/127.0.0.1:55979]
  &amp#27;[32mThen &amp#27;[0m&amp#27;[32mI click baby on the header&amp#27;[0m    &amp#27;[90m# starter.stepdefinitions.BabyStep.iClickBabyOnTheHeader()&amp#27;[0m
15:15:36.017 [Forwarding screenshot on session 1274d02cb51fba9fad131e8738a53f96 to remote] DEBUG org.asynchttpclient.netty.request.NettyRequestSender - Using pooled Channel '[id: 0x3c11e308, L:/127.0.0.1:49876 - R:localhost/127.0.0.1:55979]' for 'GET' to 'http://localhost:55979/session/1274d02cb51fba9fad131e8738a53f96/screenshot'
15:15:36.017 [Forwarding screenshot on session 1274d02cb51fba9fad131e8738a53f96 to remote] DEBUG org.asynchttpclient.netty.request.NettyRequestSender - Using open Channel [id: 0x3c11e308, L:/127.0.0.1:49876 - R:localhost/127.0.0.1:55979] for GET '/session/1274d02cb51fba9fad131e8738a53f96/screenshot'
15:15:36.111 [AsyncHttpClient-1-1] DEBUG org.asynchttpclient.netty.channel.DefaultChannelPool - Entry count for : http://localhost:49879 : 1
15:15:36.747 [AsyncHttpClient-1-11] DEBUG org.asynchttpclient.netty.handler.HttpHandler - 

Request DefaultFullHttpRequest(decodeResult: success, version: HTTP/1.1, content: EmptyByteBufBE)
GET /session/1274d02cb51fba9fad131e8738a53f96/screenshot HTTP/1.1
User-Agent: selenium/4.1.2 (java windows)
Cache-Control: no-cache
Content-Type: application/json; charset=utf-8
host: localhost:55979
accept: */*

Response DefaultHttpResponse(decodeResult: success, version: HTTP/1.1)
HTTP/1.1 200 OK
Content-Type: application/json; charset=utf-8
cache-control: no-cache
content-length: 62380

15:15:36.748 [AsyncHttpClient-1-11] DEBUG org.asynchttpclient.netty.channel.ChannelManager - Adding key: http://localhost:55979 for channel [id: 0x3c11e308, L:/127.0.0.1:49876 - R:localhost/127.0.0.1:55979]
15:15:36.751 [main] DEBUG net.serenitybdd.core.photography.Darkroom - Send negative for processing for target\site\serenity\13bd72579cd13dafc70cf934d8dd73bc3fcec9a984c9142ba7244c23945280a5.png
15:15:36.751 [Darkroom Processing Line] DEBUG net.serenitybdd.core.photography.DarkroomProcessingLine - Processing screenshot image in /var/screenshots/screenshot-4577183461439010160
15:15:36.752 [Darkroom Processing Line] DEBUG net.serenitybdd.core.photography.DarkroomProcessingLine - Saving screenshot to target\site\serenity\13bd72579cd13dafc70cf934d8dd73bc3fcec9a984c9142ba7244c23945280a5.png
15:15:36.764 [Forwarding findElement on session 1274d02cb51fba9fad131e8738a53f96 to remote] DEBUG org.asynchttpclient.netty.request.NettyRequestSender - Using pooled Channel '[id: 0x3c11e308, L:/127.0.0.1:49876 - R:localhost/127.0.0.1:55979]' for 'POST' to 'http://localhost:55979/session/1274d02cb51fba9fad131e8738a53f96/element'
15:15:36.764 [Forwarding findElement on session 1274d02cb51fba9fad131e8738a53f96 to remote] DEBUG org.asynchttpclient.netty.request.NettyRequestSender - Using open Channel [id: 0x3c11e308, L:/127.0.0.1:49876 - R:localhost/127.0.0.1:55979] for POST '/session/1274d02cb51fba9fad131e8738a53f96/element'
15:15:36.812 [AsyncHttpClient-1-11] DEBUG org.asynchttpclient.netty.handler.HttpHandler - 

Request DefaultHttpRequest(decodeResult: success, version: HTTP/1.1)
POST /session/1274d02cb51fba9fad131e8738a53f96/element HTTP/1.1
User-Agent: selenium/4.1.2 (java windows)
Content-Length: 110
Content-Type: application/json; charset=utf-8
host: localhost:55979
accept: */*

Response DefaultHttpResponse(decodeResult: success, version: HTTP/1.1)
HTTP/1.1 200 OK
Content-Type: application/json; charset=utf-8
cache-control: no-cache
content-length: 88

15:15:36.813 [AsyncHttpClient-1-11] DEBUG org.asynchttpclient.netty.channel.ChannelManager - Adding key: http://localhost:55979 for channel [id: 0x3c11e308, L:/127.0.0.1:49876 - R:localhost/127.0.0.1:55979]
15:15:36.814 [Forwarding getElementTagName on session 1274d02cb51fba9fad131e8738a53f96 to remote] DEBUG org.asynchttpclient.netty.request.NettyRequestSender - Using pooled Channel '[id: 0x3c11e308, L:/127.0.0.1:49876 - R:localhost/127.0.0.1:55979]' for 'GET' to 'http://localhost:55979/session/1274d02cb51fba9fad131e8738a53f96/element/885c6676-5838-400f-a9ce-ba6130653e08/name'
15:15:36.814 [Forwarding getElementTagName on session 1274d02cb51fba9fad131e8738a53f96 to remote] DEBUG org.asynchttpclient.netty.request.NettyRequestSender - Using open Channel [id: 0x3c11e308, L:/127.0.0.1:49876 - R:localhost/127.0.0.1:55979] for GET '/session/1274d02cb51fba9fad131e8738a53f96/element/885c6676-5838-400f-a9ce-ba6130653e08/name'
15:15:36.817 [AsyncHttpClient-1-11] DEBUG org.asynchttpclient.netty.handler.HttpHandler - 

Request DefaultFullHttpRequest(decodeResult: success, version: HTTP/1.1, content: EmptyByteBufBE)
GET /session/1274d02cb51fba9fad131e8738a53f96/element/885c6676-5838-400f-a9ce-ba6130653e08/name HTTP/1.1
User-Agent: selenium/4.1.2 (java windows)
Cache-Control: no-cache
Content-Type: application/json; charset=utf-8
host: localhost:55979
accept: */*

Response DefaultHttpResponse(decodeResult: success, version: HTTP/1.1)
HTTP/1.1 200 OK
Content-Type: application/json; charset=utf-8
cache-control: no-cache
content-length: 16

15:15:36.818 [AsyncHttpClient-1-11] DEBUG org.asynchttpclient.netty.channel.ChannelManager - Adding key: http://localhost:55979 for channel [id: 0x3c11e308, L:/127.0.0.1:49876 - R:localhost/127.0.0.1:55979]
15:15:36.819 [Forwarding getElementTagName on session 1274d02cb51fba9fad131e8738a53f96 to remote] DEBUG org.asynchttpclient.netty.request.NettyRequestSender - Using pooled Channel '[id: 0x3c11e308, L:/127.0.0.1:49876 - R:localhost/127.0.0.1:55979]' for 'GET' to 'http://localhost:55979/session/1274d02cb51fba9fad131e8738a53f96/element/885c6676-5838-400f-a9ce-ba6130653e08/name'
15:15:36.819 [Forwarding getElementTagName on session 1274d02cb51fba9fad131e8738a53f96 to remote] DEBUG org.asynchttpclient.netty.request.NettyRequestSender - Using open Channel [id: 0x3c11e308, L:/127.0.0.1:49876 - R:localhost/127.0.0.1:55979] for GET '/session/1274d02cb51fba9fad131e8738a53f96/element/885c6676-5838-400f-a9ce-ba6130653e08/name'
15:15:36.825 [AsyncHttpClient-1-11] DEBUG org.asynchttpclient.netty.handler.HttpHandler - 

Request DefaultFullHttpRequest(decodeResult: success, version: HTTP/1.1, content: EmptyByteBufBE)
GET /session/1274d02cb51fba9fad131e8738a53f96/element/885c6676-5838-400f-a9ce-ba6130653e08/name HTTP/1.1
User-Agent: selenium/4.1.2 (java windows)
Cache-Control: no-cache
Content-Type: application/json; charset=utf-8
host: localhost:55979
accept: */*

Response DefaultHttpResponse(decodeResult: success, version: HTTP/1.1)
HTTP/1.1 200 OK
Content-Type: application/json; charset=utf-8
cache-control: no-cache
content-length: 16

15:15:36.825 [AsyncHttpClient-1-11] DEBUG org.asynchttpclient.netty.channel.ChannelManager - Adding key: http://localhost:55979 for channel [id: 0x3c11e308, L:/127.0.0.1:49876 - R:localhost/127.0.0.1:55979]
15:15:36.828 [Forwarding findElement on session 1274d02cb51fba9fad131e8738a53f96 to remote] DEBUG org.asynchttpclient.netty.request.NettyRequestSender - Using pooled Channel '[id: 0x3c11e308, L:/127.0.0.1:49876 - R:localhost/127.0.0.1:55979]' for 'POST' to 'http://localhost:55979/session/1274d02cb51fba9fad131e8738a53f96/element'
15:15:36.828 [Forwarding findElement on session 1274d02cb51fba9fad131e8738a53f96 to remote] DEBUG org.asynchttpclient.netty.request.NettyRequestSender - Using open Channel [id: 0x3c11e308, L:/127.0.0.1:49876 - R:localhost/127.0.0.1:55979] for POST '/session/1274d02cb51fba9fad131e8738a53f96/element'
15:15:36.835 [AsyncHttpClient-1-11] DEBUG org.asynchttpclient.netty.handler.HttpHandler - 

Request DefaultHttpRequest(decodeResult: success, version: HTTP/1.1)
POST /session/1274d02cb51fba9fad131e8738a53f96/element HTTP/1.1
User-Agent: selenium/4.1.2 (java windows)
Content-Length: 110
Content-Type: application/json; charset=utf-8
host: localhost:55979
accept: */*

Response DefaultHttpResponse(decodeResult: success, version: HTTP/1.1)
HTTP/1.1 200 OK
Content-Type: application/json; charset=utf-8
cache-control: no-cache
content-length: 88

15:15:36.835 [AsyncHttpClient-1-11] DEBUG org.asynchttpclient.netty.channel.ChannelManager - Adding key: http://localhost:55979 for channel [id: 0x3c11e308, L:/127.0.0.1:49876 - R:localhost/127.0.0.1:55979]
15:15:36.837 [Forwarding clickElement on session 1274d02cb51fba9fad131e8738a53f96 to remote] DEBUG org.asynchttpclient.netty.request.NettyRequestSender - Using pooled Channel '[id: 0x3c11e308, L:/127.0.0.1:49876 - R:localhost/127.0.0.1:55979]' for 'POST' to 'http://localhost:55979/session/1274d02cb51fba9fad131e8738a53f96/element/885c6676-5838-400f-a9ce-ba6130653e08/click'
15:15:36.837 [Forwarding clickElement on session 1274d02cb51fba9fad131e8738a53f96 to remote] DEBUG org.asynchttpclient.netty.request.NettyRequestSender - Using open Channel [id: 0x3c11e308, L:/127.0.0.1:49876 - R:localhost/127.0.0.1:55979] for POST '/session/1274d02cb51fba9fad131e8738a53f96/element/885c6676-5838-400f-a9ce-ba6130653e08/click'
15:15:37.047 [AsyncHttpClient-1-11] DEBUG org.asynchttpclient.netty.handler.HttpHandler - 

Request DefaultHttpRequest(decodeResult: success, version: HTTP/1.1)
POST /session/1274d02cb51fba9fad131e8738a53f96/element/885c6676-5838-400f-a9ce-ba6130653e08/click HTTP/1.1
User-Agent: selenium/4.1.2 (java windows)
Content-Length: 50
Content-Type: application/json; charset=utf-8
host: localhost:55979
accept: */*

Response DefaultHttpResponse(decodeResult: success, version: HTTP/1.1)
HTTP/1.1 200 OK
Content-Type: application/json; charset=utf-8
cache-control: no-cache
content-length: 14

15:15:37.047 [AsyncHttpClient-1-11] DEBUG org.asynchttpclient.netty.channel.ChannelManager - Adding key: http://localhost:55979 for channel [id: 0x3c11e308, L:/127.0.0.1:49876 - R:localhost/127.0.0.1:55979]
  &amp#27;[32mWhen &amp#27;[0m&amp#27;[32mI will go to &amp#27;[0m&amp#27;[32m&amp#27;[1m"koleksiNewborn"&amp#27;[0m &amp#27;[90m# starter.stepdefinitions.BabyStep.iWillGoTo(java.lang.String)&amp#27;[0m
15:15:37.060 [Forwarding screenshot on session 1274d02cb51fba9fad131e8738a53f96 to remote] DEBUG org.asynchttpclient.netty.request.NettyRequestSender - Using pooled Channel '[id: 0x3c11e308, L:/127.0.0.1:49876 - R:localhost/127.0.0.1:55979]' for 'GET' to 'http://localhost:55979/session/1274d02cb51fba9fad131e8738a53f96/screenshot'
15:15:37.061 [Forwarding screenshot on session 1274d02cb51fba9fad131e8738a53f96 to remote] DEBUG org.asynchttpclient.netty.request.NettyRequestSender - Using open Channel [id: 0x3c11e308, L:/127.0.0.1:49876 - R:localhost/127.0.0.1:55979] for GET '/session/1274d02cb51fba9fad131e8738a53f96/screenshot'
15:15:37.184 [AsyncHttpClient-1-11] DEBUG org.asynchttpclient.netty.handler.HttpHandler - 

Request DefaultFullHttpRequest(decodeResult: success, version: HTTP/1.1, content: EmptyByteBufBE)
GET /session/1274d02cb51fba9fad131e8738a53f96/screenshot HTTP/1.1
User-Agent: selenium/4.1.2 (java windows)
Cache-Control: no-cache
Content-Type: application/json; charset=utf-8
host: localhost:55979
accept: */*

Response DefaultHttpResponse(decodeResult: success, version: HTTP/1.1)
HTTP/1.1 200 OK
Content-Type: application/json; charset=utf-8
cache-control: no-cache
content-length: 88764

15:15:37.185 [AsyncHttpClient-1-11] DEBUG org.asynchttpclient.netty.channel.ChannelManager - Adding key: http://localhost:55979 for channel [id: 0x3c11e308, L:/127.0.0.1:49876 - R:localhost/127.0.0.1:55979]
15:15:37.188 [main] DEBUG net.serenitybdd.core.photography.Darkroom - Send negative for processing for target\site\serenity\db7e905a6a51b8c819fbc45a51e14e32d8cc484231b73a332a5dbc71a66bd37f.png
15:15:37.190 [Darkroom Processing Line] DEBUG net.serenitybdd.core.photography.DarkroomProcessingLine - Processing screenshot image in /var/screenshots/screenshot-5149076466345889688
15:15:37.190 [Darkroom Processing Line] DEBUG net.serenitybdd.core.photography.DarkroomProcessingLine - Saving screenshot to target\site\serenity\db7e905a6a51b8c819fbc45a51e14e32d8cc484231b73a332a5dbc71a66bd37f.png
15:15:37.197 [Forwarding findElement on session 1274d02cb51fba9fad131e8738a53f96 to remote] DEBUG org.asynchttpclient.netty.request.NettyRequestSender - Using pooled Channel '[id: 0x3c11e308, L:/127.0.0.1:49876 - R:localhost/127.0.0.1:55979]' for 'POST' to 'http://localhost:55979/session/1274d02cb51fba9fad131e8738a53f96/element'
15:15:37.197 [Forwarding findElement on session 1274d02cb51fba9fad131e8738a53f96 to remote] DEBUG org.asynchttpclient.netty.request.NettyRequestSender - Using open Channel [id: 0x3c11e308, L:/127.0.0.1:49876 - R:localhost/127.0.0.1:55979] for POST '/session/1274d02cb51fba9fad131e8738a53f96/element'
15:15:37.210 [AsyncHttpClient-1-1] DEBUG org.asynchttpclient.netty.channel.DefaultChannelPool - Entry count for : http://localhost:49879 : 1
15:15:37.626 [AsyncHttpClient-1-11] DEBUG org.asynchttpclient.netty.handler.HttpHandler - 

Request DefaultHttpRequest(decodeResult: success, version: HTTP/1.1)
POST /session/1274d02cb51fba9fad131e8738a53f96/element HTTP/1.1
User-Agent: selenium/4.1.2 (java windows)
Content-Length: 97
Content-Type: application/json; charset=utf-8
host: localhost:55979
accept: */*

Response DefaultHttpResponse(decodeResult: success, version: HTTP/1.1)
HTTP/1.1 200 OK
Content-Type: application/json; charset=utf-8
cache-control: no-cache
content-length: 88

15:15:37.627 [AsyncHttpClient-1-11] DEBUG org.asynchttpclient.netty.channel.ChannelManager - Adding key: http://localhost:55979 for channel [id: 0x3c11e308, L:/127.0.0.1:49876 - R:localhost/127.0.0.1:55979]
15:15:37.630 [Forwarding isElementDisplayed on session 1274d02cb51fba9fad131e8738a53f96 to remote] DEBUG org.asynchttpclient.netty.request.NettyRequestSender - Using pooled Channel '[id: 0x3c11e308, L:/127.0.0.1:49876 - R:localhost/127.0.0.1:55979]' for 'POST' to 'http://localhost:55979/session/1274d02cb51fba9fad131e8738a53f96/execute/sync'
15:15:37.631 [Forwarding isElementDisplayed on session 1274d02cb51fba9fad131e8738a53f96 to remote] DEBUG org.asynchttpclient.netty.request.NettyRequestSender - Using open Channel [id: 0x3c11e308, L:/127.0.0.1:49876 - R:localhost/127.0.0.1:55979] for POST '/session/1274d02cb51fba9fad131e8738a53f96/execute/sync'
15:15:37.658 [AsyncHttpClient-1-11] DEBUG org.asynchttpclient.netty.handler.HttpHandler - 

Request DefaultHttpRequest(decodeResult: success, version: HTTP/1.1)
POST /session/1274d02cb51fba9fad131e8738a53f96/execute/sync HTTP/1.1
User-Agent: selenium/4.1.2 (java windows)
Content-Length: 48780
Content-Type: application/json; charset=utf-8
host: localhost:55979
accept: */*

Response DefaultHttpResponse(decodeResult: success, version: HTTP/1.1)
HTTP/1.1 200 OK
Content-Type: application/json; charset=utf-8
cache-control: no-cache
content-length: 14

15:15:37.658 [AsyncHttpClient-1-11] DEBUG org.asynchttpclient.netty.channel.ChannelManager - Adding key: http://localhost:55979 for channel [id: 0x3c11e308, L:/127.0.0.1:49876 - R:localhost/127.0.0.1:55979]
  &amp#27;[32mAnd &amp#27;[0m&amp#27;[32mI &amp#27;[0m&amp#27;[32m&amp#27;[1m"txtKoleksiNewborn"&amp#27;[0m&amp#27;[32m page&amp#27;[0m     &amp#27;[90m# starter.stepdefinitions.BabyStep.iPage(java.lang.String)&amp#27;[0m
15:15:37.663 [Forwarding screenshot on session 1274d02cb51fba9fad131e8738a53f96 to remote] DEBUG org.asynchttpclient.netty.request.NettyRequestSender - Using pooled Channel '[id: 0x3c11e308, L:/127.0.0.1:49876 - R:localhost/127.0.0.1:55979]' for 'GET' to 'http://localhost:55979/session/1274d02cb51fba9fad131e8738a53f96/screenshot'
15:15:37.663 [Forwarding screenshot on session 1274d02cb51fba9fad131e8738a53f96 to remote] DEBUG org.asynchttpclient.netty.request.NettyRequestSender - Using open Channel [id: 0x3c11e308, L:/127.0.0.1:49876 - R:localhost/127.0.0.1:55979] for GET '/session/1274d02cb51fba9fad131e8738a53f96/screenshot'
15:15:37.805 [AsyncHttpClient-1-11] DEBUG org.asynchttpclient.netty.handler.HttpHandler - 

Request DefaultFullHttpRequest(decodeResult: success, version: HTTP/1.1, content: EmptyByteBufBE)
GET /session/1274d02cb51fba9fad131e8738a53f96/screenshot HTTP/1.1
User-Agent: selenium/4.1.2 (java windows)
Cache-Control: no-cache
Content-Type: application/json; charset=utf-8
host: localhost:55979
accept: */*

Response DefaultHttpResponse(decodeResult: success, version: HTTP/1.1)
HTTP/1.1 200 OK
Content-Type: application/json; charset=utf-8
cache-control: no-cache
content-length: 57592

15:15:37.806 [AsyncHttpClient-1-11] DEBUG org.asynchttpclient.netty.channel.ChannelManager - Adding key: http://localhost:55979 for channel [id: 0x3c11e308, L:/127.0.0.1:49876 - R:localhost/127.0.0.1:55979]
15:15:37.812 [main] DEBUG net.serenitybdd.core.photography.Darkroom - Send negative for processing for target\site\serenity\974376f0ea705d7876a21f01a629916e1d5faca945622953c10f26ea79e04a64.png
15:15:37.812 [Darkroom Processing Line] DEBUG net.serenitybdd.core.photography.DarkroomProcessingLine - Processing screenshot image in /var/screenshots/screenshot-9980179552935615750
15:15:37.812 [Darkroom Processing Line] DEBUG net.serenitybdd.core.photography.DarkroomProcessingLine - Saving screenshot to target\site\serenity\974376f0ea705d7876a21f01a629916e1d5faca945622953c10f26ea79e04a64.png
15:15:37.816 [AsyncHttpClient-1-13] DEBUG org.asynchttpclient.netty.handler.WebSocketHandler - Channel Closed: [id: 0xb2ab68f2, L:/127.0.0.1:49889 ! R:localhost/127.0.0.1:49879] with attribute NettyResponseFuture{currentRetry=5,
	isDone=1,
	isCancelled=0,
	asyncHandler=org.asynchttpclient.ws.WebSocketUpgradeHandler@219beed3,
	nettyRequest=org.asynchttpclient.netty.request.NettyRequest@64996484,
	future=java.util.concurrent.CompletableFuture@5360bb29[Completed normally],
	uri=ws://localhost:49879/devtools/browser/1ed8be0c-d612-4b8d-8144-68d134ed7fa5,
	keepAlive=true,
	redirectCount=0,
	timeoutsHolder=null,
	inAuth=0,
	touch=1680855330854}
15:15:37.816 [AsyncHttpClient-1-13] DEBUG org.asynchttpclient.netty.channel.ChannelManager - Closing Channel [id: 0xb2ab68f2, L:/127.0.0.1:49889 ! R:localhost/127.0.0.1:49879] 
15:15:37.816 [Driver Command Executor] DEBUG org.asynchttpclient.netty.request.NettyRequestSender - Using pooled Channel '[id: 0x3c11e308, L:/127.0.0.1:49876 - R:localhost/127.0.0.1:55979]' for 'DELETE' to 'http://localhost:55979/session/1274d02cb51fba9fad131e8738a53f96'
15:15:37.816 [Driver Command Executor] DEBUG org.asynchttpclient.netty.request.NettyRequestSender - Using open Channel [id: 0x3c11e308, L:/127.0.0.1:49876 - R:localhost/127.0.0.1:55979] for DELETE '/session/1274d02cb51fba9fad131e8738a53f96'
15:15:37.860 [AsyncHttpClient-1-12] DEBUG org.asynchttpclient.netty.handler.HttpHandler - Unexpected I/O exception on channel [id: 0xa8fcee7e, L:/127.0.0.1:49888 - R:localhost/127.0.0.1:49879]
java.net.SocketException: Connection reset
	at java.base/sun.nio.ch.SocketChannelImpl.throwConnectionReset(SocketChannelImpl.java:345)
	at java.base/sun.nio.ch.SocketChannelImpl.read(SocketChannelImpl.java:376)
	at io.netty.buffer.PooledByteBuf.setBytes(PooledByteBuf.java:258)
	at io.netty.buffer.AbstractByteBuf.writeBytes(AbstractByteBuf.java:1132)
	at io.netty.channel.socket.nio.NioSocketChannel.doReadBytes(NioSocketChannel.java:350)
	at io.netty.channel.nio.AbstractNioByteChannel$NioByteUnsafe.read(AbstractNioByteChannel.java:151)
	at io.netty.channel.nio.NioEventLoop.processSelectedKey(NioEventLoop.java:722)
	at io.netty.channel.nio.NioEventLoop.processSelectedKeysOptimized(NioEventLoop.java:658)
	at io.netty.channel.nio.NioEventLoop.processSelectedKeys(NioEventLoop.java:584)
	at io.netty.channel.nio.NioEventLoop.run(NioEventLoop.java:496)
	at io.netty.util.concurrent.SingleThreadEventExecutor$4.run(SingleThreadEventExecutor.java:986)
	at io.netty.util.internal.ThreadExecutorMap$2.run(ThreadExecutorMap.java:74)
	at io.netty.util.concurrent.FastThreadLocalRunnable.run(FastThreadLocalRunnable.java:30)
	at java.base/java.lang.Thread.run(Thread.java:830)
15:15:37.860 [AsyncHttpClient-1-12] DEBUG org.asynchttpclient.netty.channel.ChannelManager - Closing Channel [id: 0xa8fcee7e, L:/127.0.0.1:49888 - R:localhost/127.0.0.1:49879] 
15:15:37.860 [AsyncHttpClient-1-12] DEBUG org.asynchttpclient.netty.handler.HttpHandler - Channel Closed: [id: 0xa8fcee7e, L:/127.0.0.1:49888 ! R:localhost/127.0.0.1:49879] with attribute DISCARD
15:15:37.894 [AsyncHttpClient-1-11] DEBUG org.asynchttpclient.netty.handler.HttpHandler - 

Request DefaultFullHttpRequest(decodeResult: success, version: HTTP/1.1, content: EmptyByteBufBE)
DELETE /session/1274d02cb51fba9fad131e8738a53f96 HTTP/1.1
User-Agent: selenium/4.1.2 (java windows)
Content-Type: application/json; charset=utf-8
host: localhost:55979
accept: */*

Response DefaultHttpResponse(decodeResult: success, version: HTTP/1.1)
HTTP/1.1 200 OK
Content-Type: application/json; charset=utf-8
cache-control: no-cache
content-length: 14

15:15:37.894 [AsyncHttpClient-1-11] DEBUG org.asynchttpclient.netty.channel.ChannelManager - Adding key: http://localhost:55979 for channel [id: 0x3c11e308, L:/127.0.0.1:49876 - R:localhost/127.0.0.1:55979]
15:15:38.085 [AsyncHttpClient-1-11] DEBUG org.asynchttpclient.netty.handler.HttpHandler - Channel Closed: [id: 0x3c11e308, L:/127.0.0.1:49876 ! R:localhost/127.0.0.1:55979] with attribute DISCARD
15:15:38.305 [AsyncHttpClient-1-1] DEBUG org.asynchttpclient.netty.channel.DefaultChannelPool - Entry count for : http://localhost:55979 : 1
15:15:38.305 [AsyncHttpClient-1-1] DEBUG org.asynchttpclient.netty.channel.DefaultChannelPool - Entry count for : http://localhost:49879 : 1
15:15:38.305 [AsyncHttpClient-1-1] DEBUG org.asynchttpclient.netty.channel.DefaultChannelPool - Adding Candidate expired Channel [id: 0x3c11e308, L:/127.0.0.1:49876 ! R:localhost/127.0.0.1:55979] isIdleTimeoutExpired=false isRemotelyClosed=true isTtlExpired=false
15:15:38.305 [AsyncHttpClient-1-1] DEBUG org.asynchttpclient.netty.channel.DefaultChannelPool - Closing Idle Channel [id: 0x3c11e308, L:/127.0.0.1:49876 ! R:localhost/127.0.0.1:55979]
15:15:38.305 [AsyncHttpClient-1-1] DEBUG org.asynchttpclient.netty.channel.DefaultChannelPool - Adding Candidate expired Channel [id: 0xa8fcee7e, L:/127.0.0.1:49888 ! R:localhost/127.0.0.1:49879] isIdleTimeoutExpired=false isRemotelyClosed=true isTtlExpired=false
15:15:38.305 [AsyncHttpClient-1-1] DEBUG org.asynchttpclient.netty.channel.DefaultChannelPool - Closing Idle Channel [id: 0xa8fcee7e, L:/127.0.0.1:49888 ! R:localhost/127.0.0.1:49879]
15:15:38.305 [AsyncHttpClient-1-1] DEBUG org.asynchttpclient.netty.channel.DefaultChannelPool - Closed 2 connections out of 2 in 0 ms
]]></system-out>
    <system-err><![CDATA[Starting Microsoft Edge WebDriver 111.0.1661.62 (0a8f453929e6410c973aa529a40485ce4e3e03db) on port 55979
To submit feedback, report a bug, or suggest new features, please visit https://github.com/MicrosoftEdge/EdgeWebDriver

Only local connections are allowed.
Please see https://aka.ms/WebDriverSecurity for suggestions on keeping Microsoft Edge WebDriver safe.

Microsoft Edge WebDriver was started successfully.
Apr 07, 2023 3:15:30 PM org.openqa.selenium.remote.ProtocolHandshake createSession
INFO: Detected dialect: W3C
Apr 07, 2023 3:15:30 PM org.openqa.selenium.devtools.CdpVersionFinder findNearestMatch
WARNING: Unable to find an exact match for CDP version 111, so returning the closest version found: a no-op implementation
Apr 07, 2023 3:15:30 PM org.openqa.selenium.devtools.CdpVersionFinder findNearestMatch
INFO: Unable to find CDP implementation matching 111.
Apr 07, 2023 3:15:30 PM org.openqa.selenium.chromium.ChromiumDriver lambda$new$3
WARNING: Unable to find version of CDP to use for . You may need to include a dependency on a specific version of the CDP using something similar to `org.seleniumhq.selenium:selenium-devtools-v86:4.1.2` where the version ("v86") matches the version of the chromium-based browser you're using and the version number of the artifact is the same as Selenium's.
]]></system-err>
  </testcase>
  <testcase name="Fitur Menu Baby #5" classname="Baby" time="12.263">
    <system-out><![CDATA[
Scenario Outline: Fitur Menu Baby &amp#27;[90m# src/test/resources/features/Baby.feature:97&amp#27;[0m
15:15:38.667 [main] INFO io.cucumber.core.plugin.SerenityReporter - Running feature from file:///C:/Users/alwi/IdeaProjects/uniqloweb/src/test/resources/features/Baby.feature
15:15:38.811 [main] DEBUG io.github.bonigarcia.wdm.cache.ResolutionCache - Resolution edge=111 in cache (valid until 16:02:35 07/04/2023 WIB)
15:15:38.814 [main] DEBUG io.github.bonigarcia.wdm.cache.ResolutionCache - Resolution edge111=111.0.1661.62 in cache (valid until 15:02:35 08/04/2023 WIB)
15:15:38.816 [main] INFO io.github.bonigarcia.wdm.WebDriverManager - Using msedgedriver 111.0.1661.62 (resolved driver for Edge 111)
15:15:38.834 [main] DEBUG io.github.bonigarcia.wdm.WebDriverManager - Driver msedgedriver 111.0.1661.62 found in cache
15:15:38.835 [main] INFO io.github.bonigarcia.wdm.WebDriverManager - Exporting webdriver.edge.driver as C:\Users\alwi\.cache\selenium\msedgedriver\win64\111.0.1661.62\msedgedriver.exe
15:15:38.837 [main] DEBUG net.serenitybdd.core.webdriver.driverproviders.ProvideNewDriver - Instantiating driver
15:15:38.837 [main] DEBUG net.serenitybdd.core.webdriver.driverproviders.ProvideNewDriver - Driver capabilities: Capabilities {base.url: https://www.uniqlo.com, chrome.driver: src/test/resources/webdrive..., driver: edge, ms:edgeChromium: true, ms:edgeOptions: {}, wait.for.timeout: 6000}
15:15:39.385 [AsyncHttpClient-1-14] DEBUG org.asynchttpclient.netty.channel.NettyConnectListener - Using new Channel '[id: 0x538d34cd, L:/127.0.0.1:49994 - R:localhost/127.0.0.1:54686]' for 'POST' to '/session'
15:15:40.009 [AsyncHttpClient-1-14] DEBUG org.asynchttpclient.netty.handler.HttpHandler - 

Request DefaultHttpRequest(decodeResult: success, version: HTTP/1.1)
POST /session HTTP/1.1
User-Agent: selenium/4.1.2 (java windows)
Content-Length: 627
Content-Type: application/json; charset=utf-8
host: localhost:54686
accept: */*

Response DefaultHttpResponse(decodeResult: success, version: HTTP/1.1)
HTTP/1.1 200 OK
Content-Type: application/json; charset=utf-8
cache-control: no-cache
content-length: 822

15:15:40.010 [AsyncHttpClient-1-14] DEBUG org.asynchttpclient.netty.channel.ChannelManager - Adding key: http://localhost:54686 for channel [id: 0x538d34cd, L:/127.0.0.1:49994 - R:localhost/127.0.0.1:54686]
15:15:40.018 [AsyncHttpClient-1-15] DEBUG org.asynchttpclient.netty.channel.NettyConnectListener - Using new Channel '[id: 0xe7839de6, L:/127.0.0.1:50001 - R:localhost/127.0.0.1:49995]' for 'GET' to '/json/version'
15:15:40.022 [AsyncHttpClient-1-15] DEBUG org.asynchttpclient.netty.handler.HttpHandler - 

Request DefaultFullHttpRequest(decodeResult: success, version: HTTP/1.1, content: EmptyByteBufBE)
GET /json/version HTTP/1.1
User-Agent: selenium/4.1.2 (java windows)
host: localhost:49995
accept: */*

Response DefaultHttpResponse(decodeResult: success, version: HTTP/1.1)
HTTP/1.1 200 OK
Content-Security-Policy: frame-ancestors 'none'
Content-Type: application/json; charset=UTF-8
content-length: 436

15:15:40.022 [AsyncHttpClient-1-15] DEBUG org.asynchttpclient.netty.channel.ChannelManager - Adding key: http://localhost:49995 for channel [id: 0xe7839de6, L:/127.0.0.1:50001 - R:localhost/127.0.0.1:49995]
15:15:40.025 [AsyncHttpClient-1-16] DEBUG org.asynchttpclient.netty.channel.NettyConnectListener - Using new Channel '[id: 0x6bf30f35, L:/127.0.0.1:50002 - R:localhost/127.0.0.1:49995]' for 'GET' to '/devtools/browser/2aa8e4a9-3a2e-4940-8c9d-b43ce6558785'
15:15:40.033 [AsyncHttpClient-1-16] DEBUG org.asynchttpclient.netty.handler.WebSocketHandler - 

Request DefaultFullHttpRequest(decodeResult: success, version: HTTP/1.1, content: EmptyByteBufBE)
GET /devtools/browser/2aa8e4a9-3a2e-4940-8c9d-b43ce6558785 HTTP/1.1
upgrade: websocket
connection: upgrade
sec-websocket-key: n4fASuEpIeDhxf713XQRQg==
sec-websocket-version: 13
origin: http://localhost:49995
host: localhost:49995
accept: */*
user-agent: AHC/2.1

Response DefaultHttpResponse(decodeResult: success, version: HTTP/1.1)
HTTP/1.1 101 WebSocket Protocol Handshake
Upgrade: WebSocket
Connection: Upgrade
Sec-WebSocket-Accept: 85DyaoLTkbr1ejuTbT+1/KGOPT8=

15:15:40.037 [Forwarding get on session e4d0b5693c335030716814995fda7eac to remote] DEBUG org.asynchttpclient.netty.request.NettyRequestSender - Using pooled Channel '[id: 0x538d34cd, L:/127.0.0.1:49994 - R:localhost/127.0.0.1:54686]' for 'POST' to 'http://localhost:54686/session/e4d0b5693c335030716814995fda7eac/url'
15:15:40.037 [Forwarding get on session e4d0b5693c335030716814995fda7eac to remote] DEBUG org.asynchttpclient.netty.request.NettyRequestSender - Using open Channel [id: 0x538d34cd, L:/127.0.0.1:49994 - R:localhost/127.0.0.1:54686] for POST '/session/e4d0b5693c335030716814995fda7eac/url'
15:15:40.506 [AsyncHttpClient-1-1] DEBUG org.asynchttpclient.netty.channel.DefaultChannelPool - Entry count for : http://localhost:49995 : 1
15:15:41.607 [AsyncHttpClient-1-1] DEBUG org.asynchttpclient.netty.channel.DefaultChannelPool - Entry count for : http://localhost:49995 : 1
15:15:42.705 [AsyncHttpClient-1-1] DEBUG org.asynchttpclient.netty.channel.DefaultChannelPool - Entry count for : http://localhost:49995 : 1
15:15:43.806 [AsyncHttpClient-1-1] DEBUG org.asynchttpclient.netty.channel.DefaultChannelPool - Entry count for : http://localhost:49995 : 1
15:15:44.908 [AsyncHttpClient-1-1] DEBUG org.asynchttpclient.netty.channel.DefaultChannelPool - Entry count for : http://localhost:49995 : 1
15:15:46.012 [AsyncHttpClient-1-1] DEBUG org.asynchttpclient.netty.channel.DefaultChannelPool - Entry count for : http://localhost:49995 : 1
15:15:47.105 [AsyncHttpClient-1-1] DEBUG org.asynchttpclient.netty.channel.DefaultChannelPool - Entry count for : http://localhost:49995 : 1
15:15:47.417 [AsyncHttpClient-1-14] DEBUG org.asynchttpclient.netty.handler.HttpHandler - 

Request DefaultHttpRequest(decodeResult: success, version: HTTP/1.1)
POST /session/e4d0b5693c335030716814995fda7eac/url HTTP/1.1
User-Agent: selenium/4.1.2 (java windows)
Content-Length: 53
Content-Type: application/json; charset=utf-8
host: localhost:54686
accept: */*

Response DefaultHttpResponse(decodeResult: success, version: HTTP/1.1)
HTTP/1.1 200 OK
Content-Type: application/json; charset=utf-8
cache-control: no-cache
content-length: 14

15:15:47.417 [AsyncHttpClient-1-14] DEBUG org.asynchttpclient.netty.channel.ChannelManager - Adding key: http://localhost:54686 for channel [id: 0x538d34cd, L:/127.0.0.1:49994 - R:localhost/127.0.0.1:54686]
15:15:47.419 [Forwarding setTimeout on session e4d0b5693c335030716814995fda7eac to remote] DEBUG org.asynchttpclient.netty.request.NettyRequestSender - Using pooled Channel '[id: 0x538d34cd, L:/127.0.0.1:49994 - R:localhost/127.0.0.1:54686]' for 'POST' to 'http://localhost:54686/session/e4d0b5693c335030716814995fda7eac/timeouts'
15:15:47.419 [Forwarding setTimeout on session e4d0b5693c335030716814995fda7eac to remote] DEBUG org.asynchttpclient.netty.request.NettyRequestSender - Using open Channel [id: 0x538d34cd, L:/127.0.0.1:49994 - R:localhost/127.0.0.1:54686] for POST '/session/e4d0b5693c335030716814995fda7eac/timeouts'
15:15:47.420 [AsyncHttpClient-1-14] DEBUG org.asynchttpclient.netty.handler.HttpHandler - 

Request DefaultHttpRequest(decodeResult: success, version: HTTP/1.1)
POST /session/e4d0b5693c335030716814995fda7eac/timeouts HTTP/1.1
User-Agent: selenium/4.1.2 (java windows)
Content-Length: 22
Content-Type: application/json; charset=utf-8
host: localhost:54686
accept: */*

Response DefaultHttpResponse(decodeResult: success, version: HTTP/1.1)
HTTP/1.1 200 OK
Content-Type: application/json; charset=utf-8
cache-control: no-cache
content-length: 14

15:15:47.420 [AsyncHttpClient-1-14] DEBUG org.asynchttpclient.netty.channel.ChannelManager - Adding key: http://localhost:54686 for channel [id: 0x538d34cd, L:/127.0.0.1:49994 - R:localhost/127.0.0.1:54686]
15:15:47.423 [Forwarding getCurrentUrl on session e4d0b5693c335030716814995fda7eac to remote] DEBUG org.asynchttpclient.netty.request.NettyRequestSender - Using pooled Channel '[id: 0x538d34cd, L:/127.0.0.1:49994 - R:localhost/127.0.0.1:54686]' for 'GET' to 'http://localhost:54686/session/e4d0b5693c335030716814995fda7eac/url'
15:15:47.423 [Forwarding getCurrentUrl on session e4d0b5693c335030716814995fda7eac to remote] DEBUG org.asynchttpclient.netty.request.NettyRequestSender - Using open Channel [id: 0x538d34cd, L:/127.0.0.1:49994 - R:localhost/127.0.0.1:54686] for GET '/session/e4d0b5693c335030716814995fda7eac/url'
15:15:47.431 [AsyncHttpClient-1-14] DEBUG org.asynchttpclient.netty.handler.HttpHandler - 

Request DefaultFullHttpRequest(decodeResult: success, version: HTTP/1.1, content: EmptyByteBufBE)
GET /session/e4d0b5693c335030716814995fda7eac/url HTTP/1.1
User-Agent: selenium/4.1.2 (java windows)
Cache-Control: no-cache
Content-Type: application/json; charset=utf-8
host: localhost:54686
accept: */*

Response DefaultHttpResponse(decodeResult: success, version: HTTP/1.1)
HTTP/1.1 200 OK
Content-Type: application/json; charset=utf-8
cache-control: no-cache
content-length: 41

15:15:47.431 [AsyncHttpClient-1-14] DEBUG org.asynchttpclient.netty.channel.ChannelManager - Adding key: http://localhost:54686 for channel [id: 0x538d34cd, L:/127.0.0.1:49994 - R:localhost/127.0.0.1:54686]
  &amp#27;[32mGiven &amp#27;[0m&amp#27;[32mI am on the home page&amp#27;[0m     &amp#27;[90m# starter.stepdefinitions.BabyStep.iAmOnTheHomePage()&amp#27;[0m
15:15:47.437 [Forwarding screenshot on session e4d0b5693c335030716814995fda7eac to remote] DEBUG org.asynchttpclient.netty.request.NettyRequestSender - Using pooled Channel '[id: 0x538d34cd, L:/127.0.0.1:49994 - R:localhost/127.0.0.1:54686]' for 'GET' to 'http://localhost:54686/session/e4d0b5693c335030716814995fda7eac/screenshot'
15:15:47.438 [Forwarding screenshot on session e4d0b5693c335030716814995fda7eac to remote] DEBUG org.asynchttpclient.netty.request.NettyRequestSender - Using open Channel [id: 0x538d34cd, L:/127.0.0.1:49994 - R:localhost/127.0.0.1:54686] for GET '/session/e4d0b5693c335030716814995fda7eac/screenshot'
15:15:47.768 [AsyncHttpClient-1-14] DEBUG org.asynchttpclient.netty.handler.HttpHandler - 

Request DefaultFullHttpRequest(decodeResult: success, version: HTTP/1.1, content: EmptyByteBufBE)
GET /session/e4d0b5693c335030716814995fda7eac/screenshot HTTP/1.1
User-Agent: selenium/4.1.2 (java windows)
Cache-Control: no-cache
Content-Type: application/json; charset=utf-8
host: localhost:54686
accept: */*

Response DefaultHttpResponse(decodeResult: success, version: HTTP/1.1)
HTTP/1.1 200 OK
Content-Type: application/json; charset=utf-8
cache-control: no-cache
content-length: 1022316

15:15:47.773 [AsyncHttpClient-1-14] DEBUG org.asynchttpclient.netty.channel.ChannelManager - Adding key: http://localhost:54686 for channel [id: 0x538d34cd, L:/127.0.0.1:49994 - R:localhost/127.0.0.1:54686]
15:15:47.823 [main] DEBUG net.serenitybdd.core.photography.Darkroom - Send negative for processing for target\site\serenity\b0ddf3608b8f51a6a3adc36e4acd901b7a2c5b7adc6fd42a924a7c7a6358c0ea.png
15:15:47.837 [Forwarding findElement on session e4d0b5693c335030716814995fda7eac to remote] DEBUG org.asynchttpclient.netty.request.NettyRequestSender - Using pooled Channel '[id: 0x538d34cd, L:/127.0.0.1:49994 - R:localhost/127.0.0.1:54686]' for 'POST' to 'http://localhost:54686/session/e4d0b5693c335030716814995fda7eac/element'
15:15:47.838 [Forwarding findElement on session e4d0b5693c335030716814995fda7eac to remote] DEBUG org.asynchttpclient.netty.request.NettyRequestSender - Using open Channel [id: 0x538d34cd, L:/127.0.0.1:49994 - R:localhost/127.0.0.1:54686] for POST '/session/e4d0b5693c335030716814995fda7eac/element'
15:15:47.855 [AsyncHttpClient-1-14] DEBUG org.asynchttpclient.netty.handler.HttpHandler - 

Request DefaultHttpRequest(decodeResult: success, version: HTTP/1.1)
POST /session/e4d0b5693c335030716814995fda7eac/element HTTP/1.1
User-Agent: selenium/4.1.2 (java windows)
Content-Length: 81
Content-Type: application/json; charset=utf-8
host: localhost:54686
accept: */*

Response DefaultHttpResponse(decodeResult: success, version: HTTP/1.1)
HTTP/1.1 200 OK
Content-Type: application/json; charset=utf-8
cache-control: no-cache
content-length: 88

15:15:47.856 [AsyncHttpClient-1-14] DEBUG org.asynchttpclient.netty.channel.ChannelManager - Adding key: http://localhost:54686 for channel [id: 0x538d34cd, L:/127.0.0.1:49994 - R:localhost/127.0.0.1:54686]
15:15:47.857 [Forwarding getElementTagName on session e4d0b5693c335030716814995fda7eac to remote] DEBUG org.asynchttpclient.netty.request.NettyRequestSender - Using pooled Channel '[id: 0x538d34cd, L:/127.0.0.1:49994 - R:localhost/127.0.0.1:54686]' for 'GET' to 'http://localhost:54686/session/e4d0b5693c335030716814995fda7eac/element/f8060b38-417b-4412-a3c7-2e48445aff10/name'
15:15:47.857 [Forwarding getElementTagName on session e4d0b5693c335030716814995fda7eac to remote] DEBUG org.asynchttpclient.netty.request.NettyRequestSender - Using open Channel [id: 0x538d34cd, L:/127.0.0.1:49994 - R:localhost/127.0.0.1:54686] for GET '/session/e4d0b5693c335030716814995fda7eac/element/f8060b38-417b-4412-a3c7-2e48445aff10/name'
15:15:47.862 [AsyncHttpClient-1-14] DEBUG org.asynchttpclient.netty.handler.HttpHandler - 

Request DefaultFullHttpRequest(decodeResult: success, version: HTTP/1.1, content: EmptyByteBufBE)
GET /session/e4d0b5693c335030716814995fda7eac/element/f8060b38-417b-4412-a3c7-2e48445aff10/name HTTP/1.1
User-Agent: selenium/4.1.2 (java windows)
Cache-Control: no-cache
Content-Type: application/json; charset=utf-8
host: localhost:54686
accept: */*

Response DefaultHttpResponse(decodeResult: success, version: HTTP/1.1)
HTTP/1.1 200 OK
Content-Type: application/json; charset=utf-8
cache-control: no-cache
content-length: 16

15:15:47.862 [AsyncHttpClient-1-14] DEBUG org.asynchttpclient.netty.channel.ChannelManager - Adding key: http://localhost:54686 for channel [id: 0x538d34cd, L:/127.0.0.1:49994 - R:localhost/127.0.0.1:54686]
15:15:47.864 [Forwarding getElementTagName on session e4d0b5693c335030716814995fda7eac to remote] DEBUG org.asynchttpclient.netty.request.NettyRequestSender - Using pooled Channel '[id: 0x538d34cd, L:/127.0.0.1:49994 - R:localhost/127.0.0.1:54686]' for 'GET' to 'http://localhost:54686/session/e4d0b5693c335030716814995fda7eac/element/f8060b38-417b-4412-a3c7-2e48445aff10/name'
15:15:47.864 [Forwarding getElementTagName on session e4d0b5693c335030716814995fda7eac to remote] DEBUG org.asynchttpclient.netty.request.NettyRequestSender - Using open Channel [id: 0x538d34cd, L:/127.0.0.1:49994 - R:localhost/127.0.0.1:54686] for GET '/session/e4d0b5693c335030716814995fda7eac/element/f8060b38-417b-4412-a3c7-2e48445aff10/name'
15:15:47.867 [AsyncHttpClient-1-14] DEBUG org.asynchttpclient.netty.handler.HttpHandler - 

Request DefaultFullHttpRequest(decodeResult: success, version: HTTP/1.1, content: EmptyByteBufBE)
GET /session/e4d0b5693c335030716814995fda7eac/element/f8060b38-417b-4412-a3c7-2e48445aff10/name HTTP/1.1
User-Agent: selenium/4.1.2 (java windows)
Cache-Control: no-cache
Content-Type: application/json; charset=utf-8
host: localhost:54686
accept: */*

Response DefaultHttpResponse(decodeResult: success, version: HTTP/1.1)
HTTP/1.1 200 OK
Content-Type: application/json; charset=utf-8
cache-control: no-cache
content-length: 16

15:15:47.867 [AsyncHttpClient-1-14] DEBUG org.asynchttpclient.netty.channel.ChannelManager - Adding key: http://localhost:54686 for channel [id: 0x538d34cd, L:/127.0.0.1:49994 - R:localhost/127.0.0.1:54686]
15:15:47.869 [Forwarding findElement on session e4d0b5693c335030716814995fda7eac to remote] DEBUG org.asynchttpclient.netty.request.NettyRequestSender - Using pooled Channel '[id: 0x538d34cd, L:/127.0.0.1:49994 - R:localhost/127.0.0.1:54686]' for 'POST' to 'http://localhost:54686/session/e4d0b5693c335030716814995fda7eac/element'
15:15:47.869 [Forwarding findElement on session e4d0b5693c335030716814995fda7eac to remote] DEBUG org.asynchttpclient.netty.request.NettyRequestSender - Using open Channel [id: 0x538d34cd, L:/127.0.0.1:49994 - R:localhost/127.0.0.1:54686] for POST '/session/e4d0b5693c335030716814995fda7eac/element'
15:15:47.875 [AsyncHttpClient-1-14] DEBUG org.asynchttpclient.netty.handler.HttpHandler - 

Request DefaultHttpRequest(decodeResult: success, version: HTTP/1.1)
POST /session/e4d0b5693c335030716814995fda7eac/element HTTP/1.1
User-Agent: selenium/4.1.2 (java windows)
Content-Length: 81
Content-Type: application/json; charset=utf-8
host: localhost:54686
accept: */*

Response DefaultHttpResponse(decodeResult: success, version: HTTP/1.1)
HTTP/1.1 200 OK
Content-Type: application/json; charset=utf-8
cache-control: no-cache
content-length: 88

15:15:47.875 [AsyncHttpClient-1-14] DEBUG org.asynchttpclient.netty.channel.ChannelManager - Adding key: http://localhost:54686 for channel [id: 0x538d34cd, L:/127.0.0.1:49994 - R:localhost/127.0.0.1:54686]
15:15:47.877 [Forwarding clickElement on session e4d0b5693c335030716814995fda7eac to remote] DEBUG org.asynchttpclient.netty.request.NettyRequestSender - Using pooled Channel '[id: 0x538d34cd, L:/127.0.0.1:49994 - R:localhost/127.0.0.1:54686]' for 'POST' to 'http://localhost:54686/session/e4d0b5693c335030716814995fda7eac/element/f8060b38-417b-4412-a3c7-2e48445aff10/click'
15:15:47.877 [Forwarding clickElement on session e4d0b5693c335030716814995fda7eac to remote] DEBUG org.asynchttpclient.netty.request.NettyRequestSender - Using open Channel [id: 0x538d34cd, L:/127.0.0.1:49994 - R:localhost/127.0.0.1:54686] for POST '/session/e4d0b5693c335030716814995fda7eac/element/f8060b38-417b-4412-a3c7-2e48445aff10/click'
15:15:48.207 [AsyncHttpClient-1-1] DEBUG org.asynchttpclient.netty.channel.DefaultChannelPool - Entry count for : http://localhost:49995 : 1
15:15:48.324 [AsyncHttpClient-1-14] DEBUG org.asynchttpclient.netty.handler.HttpHandler - 

Request DefaultHttpRequest(decodeResult: success, version: HTTP/1.1)
POST /session/e4d0b5693c335030716814995fda7eac/element/f8060b38-417b-4412-a3c7-2e48445aff10/click HTTP/1.1
User-Agent: selenium/4.1.2 (java windows)
Content-Length: 50
Content-Type: application/json; charset=utf-8
host: localhost:54686
accept: */*

Response DefaultHttpResponse(decodeResult: success, version: HTTP/1.1)
HTTP/1.1 200 OK
Content-Type: application/json; charset=utf-8
cache-control: no-cache
content-length: 14

15:15:48.325 [AsyncHttpClient-1-14] DEBUG org.asynchttpclient.netty.channel.ChannelManager - Adding key: http://localhost:54686 for channel [id: 0x538d34cd, L:/127.0.0.1:49994 - R:localhost/127.0.0.1:54686]
  &amp#27;[32mThen &amp#27;[0m&amp#27;[32mI click baby on the header&amp#27;[0m &amp#27;[90m# starter.stepdefinitions.BabyStep.iClickBabyOnTheHeader()&amp#27;[0m
15:15:48.336 [Forwarding screenshot on session e4d0b5693c335030716814995fda7eac to remote] DEBUG org.asynchttpclient.netty.request.NettyRequestSender - Using pooled Channel '[id: 0x538d34cd, L:/127.0.0.1:49994 - R:localhost/127.0.0.1:54686]' for 'GET' to 'http://localhost:54686/session/e4d0b5693c335030716814995fda7eac/screenshot'
15:15:48.336 [Forwarding screenshot on session e4d0b5693c335030716814995fda7eac to remote] DEBUG org.asynchttpclient.netty.request.NettyRequestSender - Using open Channel [id: 0x538d34cd, L:/127.0.0.1:49994 - R:localhost/127.0.0.1:54686] for GET '/session/e4d0b5693c335030716814995fda7eac/screenshot'
15:15:49.149 [AsyncHttpClient-1-14] DEBUG org.asynchttpclient.netty.handler.HttpHandler - 

Request DefaultFullHttpRequest(decodeResult: success, version: HTTP/1.1, content: EmptyByteBufBE)
GET /session/e4d0b5693c335030716814995fda7eac/screenshot HTTP/1.1
User-Agent: selenium/4.1.2 (java windows)
Cache-Control: no-cache
Content-Type: application/json; charset=utf-8
host: localhost:54686
accept: */*

Response DefaultHttpResponse(decodeResult: success, version: HTTP/1.1)
HTTP/1.1 200 OK
Content-Type: application/json; charset=utf-8
cache-control: no-cache
content-length: 137772

15:15:49.150 [AsyncHttpClient-1-14] DEBUG org.asynchttpclient.netty.channel.ChannelManager - Adding key: http://localhost:54686 for channel [id: 0x538d34cd, L:/127.0.0.1:49994 - R:localhost/127.0.0.1:54686]
15:15:49.155 [main] DEBUG net.serenitybdd.core.photography.Darkroom - Send negative for processing for target\site\serenity\c6e6a5faa1ae9ae5d5ce542b2cba9b1cd642da9e91eee3cadfbb4f9ca72324a1.png
15:15:49.156 [Darkroom Processing Line] DEBUG net.serenitybdd.core.photography.DarkroomProcessingLine - Processing screenshot image in /var/screenshots/screenshot-15683481410953308950
15:15:49.156 [Darkroom Processing Line] DEBUG net.serenitybdd.core.photography.DarkroomProcessingLine - Saving screenshot to target\site\serenity\c6e6a5faa1ae9ae5d5ce542b2cba9b1cd642da9e91eee3cadfbb4f9ca72324a1.png
15:15:49.167 [Forwarding findElement on session e4d0b5693c335030716814995fda7eac to remote] DEBUG org.asynchttpclient.netty.request.NettyRequestSender - Using pooled Channel '[id: 0x538d34cd, L:/127.0.0.1:49994 - R:localhost/127.0.0.1:54686]' for 'POST' to 'http://localhost:54686/session/e4d0b5693c335030716814995fda7eac/element'
15:15:49.167 [Forwarding findElement on session e4d0b5693c335030716814995fda7eac to remote] DEBUG org.asynchttpclient.netty.request.NettyRequestSender - Using open Channel [id: 0x538d34cd, L:/127.0.0.1:49994 - R:localhost/127.0.0.1:54686] for POST '/session/e4d0b5693c335030716814995fda7eac/element'
15:15:49.187 [AsyncHttpClient-1-14] DEBUG org.asynchttpclient.netty.handler.HttpHandler - 

Request DefaultHttpRequest(decodeResult: success, version: HTTP/1.1)
POST /session/e4d0b5693c335030716814995fda7eac/element HTTP/1.1
User-Agent: selenium/4.1.2 (java windows)
Content-Length: 104
Content-Type: application/json; charset=utf-8
host: localhost:54686
accept: */*

Response DefaultHttpResponse(decodeResult: success, version: HTTP/1.1)
HTTP/1.1 200 OK
Content-Type: application/json; charset=utf-8
cache-control: no-cache
content-length: 88

15:15:49.188 [AsyncHttpClient-1-14] DEBUG org.asynchttpclient.netty.channel.ChannelManager - Adding key: http://localhost:54686 for channel [id: 0x538d34cd, L:/127.0.0.1:49994 - R:localhost/127.0.0.1:54686]
15:15:49.189 [Forwarding getElementTagName on session e4d0b5693c335030716814995fda7eac to remote] DEBUG org.asynchttpclient.netty.request.NettyRequestSender - Using pooled Channel '[id: 0x538d34cd, L:/127.0.0.1:49994 - R:localhost/127.0.0.1:54686]' for 'GET' to 'http://localhost:54686/session/e4d0b5693c335030716814995fda7eac/element/d45e5e27-abdd-446f-9d09-054f57e56171/name'
15:15:49.189 [Forwarding getElementTagName on session e4d0b5693c335030716814995fda7eac to remote] DEBUG org.asynchttpclient.netty.request.NettyRequestSender - Using open Channel [id: 0x538d34cd, L:/127.0.0.1:49994 - R:localhost/127.0.0.1:54686] for GET '/session/e4d0b5693c335030716814995fda7eac/element/d45e5e27-abdd-446f-9d09-054f57e56171/name'
15:15:49.192 [AsyncHttpClient-1-14] DEBUG org.asynchttpclient.netty.handler.HttpHandler - 

Request DefaultFullHttpRequest(decodeResult: success, version: HTTP/1.1, content: EmptyByteBufBE)
GET /session/e4d0b5693c335030716814995fda7eac/element/d45e5e27-abdd-446f-9d09-054f57e56171/name HTTP/1.1
User-Agent: selenium/4.1.2 (java windows)
Cache-Control: no-cache
Content-Type: application/json; charset=utf-8
host: localhost:54686
accept: */*

Response DefaultHttpResponse(decodeResult: success, version: HTTP/1.1)
HTTP/1.1 200 OK
Content-Type: application/json; charset=utf-8
cache-control: no-cache
content-length: 16

15:15:49.192 [AsyncHttpClient-1-14] DEBUG org.asynchttpclient.netty.channel.ChannelManager - Adding key: http://localhost:54686 for channel [id: 0x538d34cd, L:/127.0.0.1:49994 - R:localhost/127.0.0.1:54686]
15:15:49.194 [Forwarding getElementTagName on session e4d0b5693c335030716814995fda7eac to remote] DEBUG org.asynchttpclient.netty.request.NettyRequestSender - Using pooled Channel '[id: 0x538d34cd, L:/127.0.0.1:49994 - R:localhost/127.0.0.1:54686]' for 'GET' to 'http://localhost:54686/session/e4d0b5693c335030716814995fda7eac/element/d45e5e27-abdd-446f-9d09-054f57e56171/name'
15:15:49.194 [Forwarding getElementTagName on session e4d0b5693c335030716814995fda7eac to remote] DEBUG org.asynchttpclient.netty.request.NettyRequestSender - Using open Channel [id: 0x538d34cd, L:/127.0.0.1:49994 - R:localhost/127.0.0.1:54686] for GET '/session/e4d0b5693c335030716814995fda7eac/element/d45e5e27-abdd-446f-9d09-054f57e56171/name'
15:15:49.197 [AsyncHttpClient-1-14] DEBUG org.asynchttpclient.netty.handler.HttpHandler - 

Request DefaultFullHttpRequest(decodeResult: success, version: HTTP/1.1, content: EmptyByteBufBE)
GET /session/e4d0b5693c335030716814995fda7eac/element/d45e5e27-abdd-446f-9d09-054f57e56171/name HTTP/1.1
User-Agent: selenium/4.1.2 (java windows)
Cache-Control: no-cache
Content-Type: application/json; charset=utf-8
host: localhost:54686
accept: */*

Response DefaultHttpResponse(decodeResult: success, version: HTTP/1.1)
HTTP/1.1 200 OK
Content-Type: application/json; charset=utf-8
cache-control: no-cache
content-length: 16

15:15:49.197 [AsyncHttpClient-1-14] DEBUG org.asynchttpclient.netty.channel.ChannelManager - Adding key: http://localhost:54686 for channel [id: 0x538d34cd, L:/127.0.0.1:49994 - R:localhost/127.0.0.1:54686]
15:15:49.199 [Forwarding findElement on session e4d0b5693c335030716814995fda7eac to remote] DEBUG org.asynchttpclient.netty.request.NettyRequestSender - Using pooled Channel '[id: 0x538d34cd, L:/127.0.0.1:49994 - R:localhost/127.0.0.1:54686]' for 'POST' to 'http://localhost:54686/session/e4d0b5693c335030716814995fda7eac/element'
15:15:49.199 [Forwarding findElement on session e4d0b5693c335030716814995fda7eac to remote] DEBUG org.asynchttpclient.netty.request.NettyRequestSender - Using open Channel [id: 0x538d34cd, L:/127.0.0.1:49994 - R:localhost/127.0.0.1:54686] for POST '/session/e4d0b5693c335030716814995fda7eac/element'
15:15:49.217 [AsyncHttpClient-1-14] DEBUG org.asynchttpclient.netty.handler.HttpHandler - 

Request DefaultHttpRequest(decodeResult: success, version: HTTP/1.1)
POST /session/e4d0b5693c335030716814995fda7eac/element HTTP/1.1
User-Agent: selenium/4.1.2 (java windows)
Content-Length: 104
Content-Type: application/json; charset=utf-8
host: localhost:54686
accept: */*

Response DefaultHttpResponse(decodeResult: success, version: HTTP/1.1)
HTTP/1.1 200 OK
Content-Type: application/json; charset=utf-8
cache-control: no-cache
content-length: 88

15:15:49.217 [AsyncHttpClient-1-14] DEBUG org.asynchttpclient.netty.channel.ChannelManager - Adding key: http://localhost:54686 for channel [id: 0x538d34cd, L:/127.0.0.1:49994 - R:localhost/127.0.0.1:54686]
15:15:49.219 [Forwarding clickElement on session e4d0b5693c335030716814995fda7eac to remote] DEBUG org.asynchttpclient.netty.request.NettyRequestSender - Using pooled Channel '[id: 0x538d34cd, L:/127.0.0.1:49994 - R:localhost/127.0.0.1:54686]' for 'POST' to 'http://localhost:54686/session/e4d0b5693c335030716814995fda7eac/element/d45e5e27-abdd-446f-9d09-054f57e56171/click'
15:15:49.219 [Forwarding clickElement on session e4d0b5693c335030716814995fda7eac to remote] DEBUG org.asynchttpclient.netty.request.NettyRequestSender - Using open Channel [id: 0x538d34cd, L:/127.0.0.1:49994 - R:localhost/127.0.0.1:54686] for POST '/session/e4d0b5693c335030716814995fda7eac/element/d45e5e27-abdd-446f-9d09-054f57e56171/click'
15:15:49.306 [AsyncHttpClient-1-1] DEBUG org.asynchttpclient.netty.channel.DefaultChannelPool - Entry count for : http://localhost:49995 : 1
15:15:49.601 [AsyncHttpClient-1-14] DEBUG org.asynchttpclient.netty.handler.HttpHandler - 

Request DefaultHttpRequest(decodeResult: success, version: HTTP/1.1)
POST /session/e4d0b5693c335030716814995fda7eac/element/d45e5e27-abdd-446f-9d09-054f57e56171/click HTTP/1.1
User-Agent: selenium/4.1.2 (java windows)
Content-Length: 50
Content-Type: application/json; charset=utf-8
host: localhost:54686
accept: */*

Response DefaultHttpResponse(decodeResult: success, version: HTTP/1.1)
HTTP/1.1 200 OK
Content-Type: application/json; charset=utf-8
cache-control: no-cache
content-length: 14

15:15:49.601 [AsyncHttpClient-1-14] DEBUG org.asynchttpclient.netty.channel.ChannelManager - Adding key: http://localhost:54686 for channel [id: 0x538d34cd, L:/127.0.0.1:49994 - R:localhost/127.0.0.1:54686]
  &amp#27;[32mWhen &amp#27;[0m&amp#27;[32mI will go to &amp#27;[0m&amp#27;[32m&amp#27;[1m"luaran1"&amp#27;[0m     &amp#27;[90m# starter.stepdefinitions.BabyStep.iWillGoTo(java.lang.String)&amp#27;[0m
15:15:49.611 [Forwarding screenshot on session e4d0b5693c335030716814995fda7eac to remote] DEBUG org.asynchttpclient.netty.request.NettyRequestSender - Using pooled Channel '[id: 0x538d34cd, L:/127.0.0.1:49994 - R:localhost/127.0.0.1:54686]' for 'GET' to 'http://localhost:54686/session/e4d0b5693c335030716814995fda7eac/screenshot'
15:15:49.611 [Forwarding screenshot on session e4d0b5693c335030716814995fda7eac to remote] DEBUG org.asynchttpclient.netty.request.NettyRequestSender - Using open Channel [id: 0x538d34cd, L:/127.0.0.1:49994 - R:localhost/127.0.0.1:54686] for GET '/session/e4d0b5693c335030716814995fda7eac/screenshot'
15:15:49.934 [AsyncHttpClient-1-14] DEBUG org.asynchttpclient.netty.handler.HttpHandler - 

Request DefaultFullHttpRequest(decodeResult: success, version: HTTP/1.1, content: EmptyByteBufBE)
GET /session/e4d0b5693c335030716814995fda7eac/screenshot HTTP/1.1
User-Agent: selenium/4.1.2 (java windows)
Cache-Control: no-cache
Content-Type: application/json; charset=utf-8
host: localhost:54686
accept: */*

Response DefaultHttpResponse(decodeResult: success, version: HTTP/1.1)
HTTP/1.1 200 OK
Content-Type: application/json; charset=utf-8
cache-control: no-cache
content-length: 56904

15:15:49.934 [AsyncHttpClient-1-14] DEBUG org.asynchttpclient.netty.channel.ChannelManager - Adding key: http://localhost:54686 for channel [id: 0x538d34cd, L:/127.0.0.1:49994 - R:localhost/127.0.0.1:54686]
15:15:49.937 [main] DEBUG net.serenitybdd.core.photography.Darkroom - Send negative for processing for target\site\serenity\29c5d3c91849957c87a24ba7839a6c985175ffceeab0c86d317738f4aeaebcb2.png
15:15:49.937 [Darkroom Processing Line] DEBUG net.serenitybdd.core.photography.DarkroomProcessingLine - Processing screenshot image in /var/screenshots/screenshot-2834808468872419804
15:15:49.937 [Darkroom Processing Line] DEBUG net.serenitybdd.core.photography.DarkroomProcessingLine - Saving screenshot to target\site\serenity\29c5d3c91849957c87a24ba7839a6c985175ffceeab0c86d317738f4aeaebcb2.png
15:15:49.944 [Forwarding findElement on session e4d0b5693c335030716814995fda7eac to remote] DEBUG org.asynchttpclient.netty.request.NettyRequestSender - Using pooled Channel '[id: 0x538d34cd, L:/127.0.0.1:49994 - R:localhost/127.0.0.1:54686]' for 'POST' to 'http://localhost:54686/session/e4d0b5693c335030716814995fda7eac/element'
15:15:49.944 [Forwarding findElement on session e4d0b5693c335030716814995fda7eac to remote] DEBUG org.asynchttpclient.netty.request.NettyRequestSender - Using open Channel [id: 0x538d34cd, L:/127.0.0.1:49994 - R:localhost/127.0.0.1:54686] for POST '/session/e4d0b5693c335030716814995fda7eac/element'
15:15:50.008 [AsyncHttpClient-1-14] DEBUG org.asynchttpclient.netty.handler.HttpHandler - 

Request DefaultHttpRequest(decodeResult: success, version: HTTP/1.1)
POST /session/e4d0b5693c335030716814995fda7eac/element HTTP/1.1
User-Agent: selenium/4.1.2 (java windows)
Content-Length: 88
Content-Type: application/json; charset=utf-8
host: localhost:54686
accept: */*

Response DefaultHttpResponse(decodeResult: success, version: HTTP/1.1)
HTTP/1.1 200 OK
Content-Type: application/json; charset=utf-8
cache-control: no-cache
content-length: 88

15:15:50.008 [AsyncHttpClient-1-14] DEBUG org.asynchttpclient.netty.channel.ChannelManager - Adding key: http://localhost:54686 for channel [id: 0x538d34cd, L:/127.0.0.1:49994 - R:localhost/127.0.0.1:54686]
15:15:50.014 [Forwarding isElementDisplayed on session e4d0b5693c335030716814995fda7eac to remote] DEBUG org.asynchttpclient.netty.request.NettyRequestSender - Using pooled Channel '[id: 0x538d34cd, L:/127.0.0.1:49994 - R:localhost/127.0.0.1:54686]' for 'POST' to 'http://localhost:54686/session/e4d0b5693c335030716814995fda7eac/execute/sync'
15:15:50.014 [Forwarding isElementDisplayed on session e4d0b5693c335030716814995fda7eac to remote] DEBUG org.asynchttpclient.netty.request.NettyRequestSender - Using open Channel [id: 0x538d34cd, L:/127.0.0.1:49994 - R:localhost/127.0.0.1:54686] for POST '/session/e4d0b5693c335030716814995fda7eac/execute/sync'
15:15:50.029 [AsyncHttpClient-1-14] DEBUG org.asynchttpclient.netty.handler.HttpHandler - 

Request DefaultHttpRequest(decodeResult: success, version: HTTP/1.1)
POST /session/e4d0b5693c335030716814995fda7eac/execute/sync HTTP/1.1
User-Agent: selenium/4.1.2 (java windows)
Content-Length: 48780
Content-Type: application/json; charset=utf-8
host: localhost:54686
accept: */*

Response DefaultHttpResponse(decodeResult: success, version: HTTP/1.1)
HTTP/1.1 200 OK
Content-Type: application/json; charset=utf-8
cache-control: no-cache
content-length: 14

15:15:50.029 [AsyncHttpClient-1-14] DEBUG org.asynchttpclient.netty.channel.ChannelManager - Adding key: http://localhost:54686 for channel [id: 0x538d34cd, L:/127.0.0.1:49994 - R:localhost/127.0.0.1:54686]
  &amp#27;[32mAnd &amp#27;[0m&amp#27;[32mI &amp#27;[0m&amp#27;[32m&amp#27;[1m"txtLuaran1"&amp#27;[0m&amp#27;[32m page&amp#27;[0m         &amp#27;[90m# starter.stepdefinitions.BabyStep.iPage(java.lang.String)&amp#27;[0m
15:15:50.038 [Forwarding screenshot on session e4d0b5693c335030716814995fda7eac to remote] DEBUG org.asynchttpclient.netty.request.NettyRequestSender - Using pooled Channel '[id: 0x538d34cd, L:/127.0.0.1:49994 - R:localhost/127.0.0.1:54686]' for 'GET' to 'http://localhost:54686/session/e4d0b5693c335030716814995fda7eac/screenshot'
15:15:50.038 [Forwarding screenshot on session e4d0b5693c335030716814995fda7eac to remote] DEBUG org.asynchttpclient.netty.request.NettyRequestSender - Using open Channel [id: 0x538d34cd, L:/127.0.0.1:49994 - R:localhost/127.0.0.1:54686] for GET '/session/e4d0b5693c335030716814995fda7eac/screenshot'
15:15:50.160 [AsyncHttpClient-1-14] DEBUG org.asynchttpclient.netty.handler.HttpHandler - 

Request DefaultFullHttpRequest(decodeResult: success, version: HTTP/1.1, content: EmptyByteBufBE)
GET /session/e4d0b5693c335030716814995fda7eac/screenshot HTTP/1.1
User-Agent: selenium/4.1.2 (java windows)
Cache-Control: no-cache
Content-Type: application/json; charset=utf-8
host: localhost:54686
accept: */*

Response DefaultHttpResponse(decodeResult: success, version: HTTP/1.1)
HTTP/1.1 200 OK
Content-Type: application/json; charset=utf-8
cache-control: no-cache
content-length: 56896

15:15:50.160 [AsyncHttpClient-1-14] DEBUG org.asynchttpclient.netty.channel.ChannelManager - Adding key: http://localhost:54686 for channel [id: 0x538d34cd, L:/127.0.0.1:49994 - R:localhost/127.0.0.1:54686]
15:15:50.163 [main] DEBUG net.serenitybdd.core.photography.Darkroom - Send negative for processing for target\site\serenity\e3022e89ffd3d8819795ff1d8828c55d57ed2f3f2b240fc3a6ea4b9e44f3fd57.png
15:15:50.163 [Darkroom Processing Line] DEBUG net.serenitybdd.core.photography.DarkroomProcessingLine - Processing screenshot image in /var/screenshots/screenshot-2513957054265132939
15:15:50.163 [Darkroom Processing Line] DEBUG net.serenitybdd.core.photography.DarkroomProcessingLine - Saving screenshot to target\site\serenity\e3022e89ffd3d8819795ff1d8828c55d57ed2f3f2b240fc3a6ea4b9e44f3fd57.png
15:15:50.171 [AsyncHttpClient-1-16] DEBUG org.asynchttpclient.netty.handler.WebSocketHandler - Channel Closed: [id: 0x6bf30f35, L:/127.0.0.1:50002 ! R:localhost/127.0.0.1:49995] with attribute NettyResponseFuture{currentRetry=5,
	isDone=1,
	isCancelled=0,
	asyncHandler=org.asynchttpclient.ws.WebSocketUpgradeHandler@38f1c24d,
	nettyRequest=org.asynchttpclient.netty.request.NettyRequest@7df34b37,
	future=java.util.concurrent.CompletableFuture@24c45f5[Completed normally],
	uri=ws://localhost:49995/devtools/browser/2aa8e4a9-3a2e-4940-8c9d-b43ce6558785,
	keepAlive=true,
	redirectCount=0,
	timeoutsHolder=null,
	inAuth=0,
	touch=1680855340034}
15:15:50.171 [Driver Command Executor] DEBUG org.asynchttpclient.netty.request.NettyRequestSender - Using pooled Channel '[id: 0x538d34cd, L:/127.0.0.1:49994 - R:localhost/127.0.0.1:54686]' for 'DELETE' to 'http://localhost:54686/session/e4d0b5693c335030716814995fda7eac'
15:15:50.171 [AsyncHttpClient-1-16] DEBUG org.asynchttpclient.netty.channel.ChannelManager - Closing Channel [id: 0x6bf30f35, L:/127.0.0.1:50002 ! R:localhost/127.0.0.1:49995] 
15:15:50.171 [Driver Command Executor] DEBUG org.asynchttpclient.netty.request.NettyRequestSender - Using open Channel [id: 0x538d34cd, L:/127.0.0.1:49994 - R:localhost/127.0.0.1:54686] for DELETE '/session/e4d0b5693c335030716814995fda7eac'
15:15:50.199 [AsyncHttpClient-1-15] DEBUG org.asynchttpclient.netty.handler.HttpHandler - Unexpected I/O exception on channel [id: 0xe7839de6, L:/127.0.0.1:50001 - R:localhost/127.0.0.1:49995]
java.net.SocketException: Connection reset
	at java.base/sun.nio.ch.SocketChannelImpl.throwConnectionReset(SocketChannelImpl.java:345)
	at java.base/sun.nio.ch.SocketChannelImpl.read(SocketChannelImpl.java:376)
	at io.netty.buffer.PooledByteBuf.setBytes(PooledByteBuf.java:258)
	at io.netty.buffer.AbstractByteBuf.writeBytes(AbstractByteBuf.java:1132)
	at io.netty.channel.socket.nio.NioSocketChannel.doReadBytes(NioSocketChannel.java:350)
	at io.netty.channel.nio.AbstractNioByteChannel$NioByteUnsafe.read(AbstractNioByteChannel.java:151)
	at io.netty.channel.nio.NioEventLoop.processSelectedKey(NioEventLoop.java:722)
	at io.netty.channel.nio.NioEventLoop.processSelectedKeysOptimized(NioEventLoop.java:658)
	at io.netty.channel.nio.NioEventLoop.processSelectedKeys(NioEventLoop.java:584)
	at io.netty.channel.nio.NioEventLoop.run(NioEventLoop.java:496)
	at io.netty.util.concurrent.SingleThreadEventExecutor$4.run(SingleThreadEventExecutor.java:986)
	at io.netty.util.internal.ThreadExecutorMap$2.run(ThreadExecutorMap.java:74)
	at io.netty.util.concurrent.FastThreadLocalRunnable.run(FastThreadLocalRunnable.java:30)
	at java.base/java.lang.Thread.run(Thread.java:830)
15:15:50.200 [AsyncHttpClient-1-15] DEBUG org.asynchttpclient.netty.channel.ChannelManager - Closing Channel [id: 0xe7839de6, L:/127.0.0.1:50001 - R:localhost/127.0.0.1:49995] 
15:15:50.200 [AsyncHttpClient-1-15] DEBUG org.asynchttpclient.netty.handler.HttpHandler - Channel Closed: [id: 0xe7839de6, L:/127.0.0.1:50001 ! R:localhost/127.0.0.1:49995] with attribute DISCARD
15:15:50.222 [AsyncHttpClient-1-14] DEBUG org.asynchttpclient.netty.handler.HttpHandler - 

Request DefaultFullHttpRequest(decodeResult: success, version: HTTP/1.1, content: EmptyByteBufBE)
DELETE /session/e4d0b5693c335030716814995fda7eac HTTP/1.1
User-Agent: selenium/4.1.2 (java windows)
Content-Type: application/json; charset=utf-8
host: localhost:54686
accept: */*

Response DefaultHttpResponse(decodeResult: success, version: HTTP/1.1)
HTTP/1.1 200 OK
Content-Type: application/json; charset=utf-8
cache-control: no-cache
content-length: 14

15:15:50.223 [AsyncHttpClient-1-14] DEBUG org.asynchttpclient.netty.channel.ChannelManager - Adding key: http://localhost:54686 for channel [id: 0x538d34cd, L:/127.0.0.1:49994 - R:localhost/127.0.0.1:54686]
15:15:50.324 [AsyncHttpClient-1-14] DEBUG org.asynchttpclient.netty.handler.HttpHandler - Channel Closed: [id: 0x538d34cd, L:/127.0.0.1:49994 ! R:localhost/127.0.0.1:54686] with attribute DISCARD
15:15:50.406 [AsyncHttpClient-1-1] DEBUG org.asynchttpclient.netty.channel.DefaultChannelPool - Entry count for : http://localhost:49995 : 1
15:15:50.406 [AsyncHttpClient-1-1] DEBUG org.asynchttpclient.netty.channel.DefaultChannelPool - Entry count for : http://localhost:54686 : 1
15:15:50.406 [AsyncHttpClient-1-1] DEBUG org.asynchttpclient.netty.channel.DefaultChannelPool - Adding Candidate expired Channel [id: 0xe7839de6, L:/127.0.0.1:50001 ! R:localhost/127.0.0.1:49995] isIdleTimeoutExpired=false isRemotelyClosed=true isTtlExpired=false
15:15:50.406 [AsyncHttpClient-1-1] DEBUG org.asynchttpclient.netty.channel.DefaultChannelPool - Closing Idle Channel [id: 0xe7839de6, L:/127.0.0.1:50001 ! R:localhost/127.0.0.1:49995]
15:15:50.406 [AsyncHttpClient-1-1] DEBUG org.asynchttpclient.netty.channel.DefaultChannelPool - Adding Candidate expired Channel [id: 0x538d34cd, L:/127.0.0.1:49994 ! R:localhost/127.0.0.1:54686] isIdleTimeoutExpired=false isRemotelyClosed=true isTtlExpired=false
15:15:50.406 [AsyncHttpClient-1-1] DEBUG org.asynchttpclient.netty.channel.DefaultChannelPool - Closing Idle Channel [id: 0x538d34cd, L:/127.0.0.1:49994 ! R:localhost/127.0.0.1:54686]
15:15:50.406 [AsyncHttpClient-1-1] DEBUG org.asynchttpclient.netty.channel.DefaultChannelPool - Closed 2 connections out of 2 in 0 ms
]]></system-out>
    <system-err><![CDATA[Starting Microsoft Edge WebDriver 111.0.1661.62 (0a8f453929e6410c973aa529a40485ce4e3e03db) on port 54686
To submit feedback, report a bug, or suggest new features, please visit https://github.com/MicrosoftEdge/EdgeWebDriver

Only local connections are allowed.
Please see https://aka.ms/WebDriverSecurity for suggestions on keeping Microsoft Edge WebDriver safe.

Microsoft Edge WebDriver was started successfully.
Apr 07, 2023 3:15:40 PM org.openqa.selenium.remote.ProtocolHandshake createSession
INFO: Detected dialect: W3C
Apr 07, 2023 3:15:40 PM org.openqa.selenium.devtools.CdpVersionFinder findNearestMatch
WARNING: Unable to find an exact match for CDP version 111, so returning the closest version found: a no-op implementation
Apr 07, 2023 3:15:40 PM org.openqa.selenium.devtools.CdpVersionFinder findNearestMatch
INFO: Unable to find CDP implementation matching 111.
Apr 07, 2023 3:15:40 PM org.openqa.selenium.chromium.ChromiumDriver lambda$new$3
WARNING: Unable to find version of CDP to use for . You may need to include a dependency on a specific version of the CDP using something similar to `org.seleniumhq.selenium:selenium-devtools-v86:4.1.2` where the version ("v86") matches the version of the chromium-based browser you're using and the version number of the artifact is the same as Selenium's.
]]></system-err>
  </testcase>
  <testcase name="Fitur Menu Baby #6" classname="Baby" time="15.1">
    <system-out><![CDATA[
Scenario Outline: Fitur Menu Baby &amp#27;[90m# src/test/resources/features/Baby.feature:98&amp#27;[0m
15:15:50.924 [main] INFO io.cucumber.core.plugin.SerenityReporter - Running feature from file:///C:/Users/alwi/IdeaProjects/uniqloweb/src/test/resources/features/Baby.feature
15:15:51.058 [main] DEBUG io.github.bonigarcia.wdm.cache.ResolutionCache - Resolution edge=111 in cache (valid until 16:02:35 07/04/2023 WIB)
15:15:51.062 [main] DEBUG io.github.bonigarcia.wdm.cache.ResolutionCache - Resolution edge111=111.0.1661.62 in cache (valid until 15:02:35 08/04/2023 WIB)
15:15:51.063 [main] INFO io.github.bonigarcia.wdm.WebDriverManager - Using msedgedriver 111.0.1661.62 (resolved driver for Edge 111)
15:15:51.078 [main] DEBUG io.github.bonigarcia.wdm.WebDriverManager - Driver msedgedriver 111.0.1661.62 found in cache
15:15:51.078 [main] INFO io.github.bonigarcia.wdm.WebDriverManager - Exporting webdriver.edge.driver as C:\Users\alwi\.cache\selenium\msedgedriver\win64\111.0.1661.62\msedgedriver.exe
15:15:51.080 [main] DEBUG net.serenitybdd.core.webdriver.driverproviders.ProvideNewDriver - Instantiating driver
15:15:51.080 [main] DEBUG net.serenitybdd.core.webdriver.driverproviders.ProvideNewDriver - Driver capabilities: Capabilities {base.url: https://www.uniqlo.com, chrome.driver: src/test/resources/webdrive..., driver: edge, ms:edgeChromium: true, ms:edgeOptions: {}, wait.for.timeout: 6000}
15:15:51.621 [AsyncHttpClient-1-17] DEBUG org.asynchttpclient.netty.channel.NettyConnectListener - Using new Channel '[id: 0xdecdafd8, L:/127.0.0.1:50128 - R:localhost/127.0.0.1:61508]' for 'POST' to '/session'
15:15:52.231 [AsyncHttpClient-1-17] DEBUG org.asynchttpclient.netty.handler.HttpHandler - 

Request DefaultHttpRequest(decodeResult: success, version: HTTP/1.1)
POST /session HTTP/1.1
User-Agent: selenium/4.1.2 (java windows)
Content-Length: 627
Content-Type: application/json; charset=utf-8
host: localhost:61508
accept: */*

Response DefaultHttpResponse(decodeResult: success, version: HTTP/1.1)
HTTP/1.1 200 OK
Content-Type: application/json; charset=utf-8
cache-control: no-cache
content-length: 823

15:15:52.231 [AsyncHttpClient-1-17] DEBUG org.asynchttpclient.netty.channel.ChannelManager - Adding key: http://localhost:61508 for channel [id: 0xdecdafd8, L:/127.0.0.1:50128 - R:localhost/127.0.0.1:61508]
15:15:52.239 [AsyncHttpClient-1-2] DEBUG org.asynchttpclient.netty.channel.NettyConnectListener - Using new Channel '[id: 0xf34a7898, L:/127.0.0.1:50135 - R:localhost/127.0.0.1:50129]' for 'GET' to '/json/version'
15:15:52.240 [AsyncHttpClient-1-2] DEBUG org.asynchttpclient.netty.handler.HttpHandler - 

Request DefaultFullHttpRequest(decodeResult: success, version: HTTP/1.1, content: EmptyByteBufBE)
GET /json/version HTTP/1.1
User-Agent: selenium/4.1.2 (java windows)
host: localhost:50129
accept: */*

Response DefaultHttpResponse(decodeResult: success, version: HTTP/1.1)
HTTP/1.1 200 OK
Content-Security-Policy: frame-ancestors 'none'
Content-Type: application/json; charset=UTF-8
content-length: 436

15:15:52.240 [AsyncHttpClient-1-2] DEBUG org.asynchttpclient.netty.channel.ChannelManager - Adding key: http://localhost:50129 for channel [id: 0xf34a7898, L:/127.0.0.1:50135 - R:localhost/127.0.0.1:50129]
15:15:52.243 [AsyncHttpClient-1-3] DEBUG org.asynchttpclient.netty.channel.NettyConnectListener - Using new Channel '[id: 0x657aec96, L:/127.0.0.1:50136 - R:localhost/127.0.0.1:50129]' for 'GET' to '/devtools/browser/a59e5584-7224-4807-886d-ecc0cc77f534'
15:15:52.244 [AsyncHttpClient-1-3] DEBUG org.asynchttpclient.netty.handler.WebSocketHandler - 

Request DefaultFullHttpRequest(decodeResult: success, version: HTTP/1.1, content: EmptyByteBufBE)
GET /devtools/browser/a59e5584-7224-4807-886d-ecc0cc77f534 HTTP/1.1
upgrade: websocket
connection: upgrade
sec-websocket-key: 3iUvbeW0kYhvg7N434exTQ==
sec-websocket-version: 13
origin: http://localhost:50129
host: localhost:50129
accept: */*
user-agent: AHC/2.1

Response DefaultHttpResponse(decodeResult: success, version: HTTP/1.1)
HTTP/1.1 101 WebSocket Protocol Handshake
Upgrade: WebSocket
Connection: Upgrade
Sec-WebSocket-Accept: vPxdIiGe4rz0k0VcmwaOLIAXzlM=

15:15:52.248 [Forwarding get on session be5e08a68ac83af37704688aae934b97 to remote] DEBUG org.asynchttpclient.netty.request.NettyRequestSender - Using pooled Channel '[id: 0xdecdafd8, L:/127.0.0.1:50128 - R:localhost/127.0.0.1:61508]' for 'POST' to 'http://localhost:61508/session/be5e08a68ac83af37704688aae934b97/url'
15:15:52.248 [Forwarding get on session be5e08a68ac83af37704688aae934b97 to remote] DEBUG org.asynchttpclient.netty.request.NettyRequestSender - Using open Channel [id: 0xdecdafd8, L:/127.0.0.1:50128 - R:localhost/127.0.0.1:61508] for POST '/session/be5e08a68ac83af37704688aae934b97/url'
15:15:52.609 [AsyncHttpClient-1-1] DEBUG org.asynchttpclient.netty.channel.DefaultChannelPool - Entry count for : http://localhost:50129 : 1
15:15:53.705 [AsyncHttpClient-1-1] DEBUG org.asynchttpclient.netty.channel.DefaultChannelPool - Entry count for : http://localhost:50129 : 1
15:15:54.814 [AsyncHttpClient-1-1] DEBUG org.asynchttpclient.netty.channel.DefaultChannelPool - Entry count for : http://localhost:50129 : 1
15:15:55.913 [AsyncHttpClient-1-1] DEBUG org.asynchttpclient.netty.channel.DefaultChannelPool - Entry count for : http://localhost:50129 : 1
15:15:57.009 [AsyncHttpClient-1-1] DEBUG org.asynchttpclient.netty.channel.DefaultChannelPool - Entry count for : http://localhost:50129 : 1
15:15:58.106 [AsyncHttpClient-1-1] DEBUG org.asynchttpclient.netty.channel.DefaultChannelPool - Entry count for : http://localhost:50129 : 1
15:15:59.205 [AsyncHttpClient-1-1] DEBUG org.asynchttpclient.netty.channel.DefaultChannelPool - Entry count for : http://localhost:50129 : 1
15:16:00.306 [AsyncHttpClient-1-1] DEBUG org.asynchttpclient.netty.channel.DefaultChannelPool - Entry count for : http://localhost:50129 : 1
15:16:01.406 [AsyncHttpClient-1-1] DEBUG org.asynchttpclient.netty.channel.DefaultChannelPool - Entry count for : http://localhost:50129 : 1
15:16:02.506 [AsyncHttpClient-1-1] DEBUG org.asynchttpclient.netty.channel.DefaultChannelPool - Entry count for : http://localhost:50129 : 1
15:16:02.947 [AsyncHttpClient-1-17] DEBUG org.asynchttpclient.netty.handler.HttpHandler - 

Request DefaultHttpRequest(decodeResult: success, version: HTTP/1.1)
POST /session/be5e08a68ac83af37704688aae934b97/url HTTP/1.1
User-Agent: selenium/4.1.2 (java windows)
Content-Length: 53
Content-Type: application/json; charset=utf-8
host: localhost:61508
accept: */*

Response DefaultHttpResponse(decodeResult: success, version: HTTP/1.1)
HTTP/1.1 200 OK
Content-Type: application/json; charset=utf-8
cache-control: no-cache
content-length: 14

15:16:02.948 [AsyncHttpClient-1-17] DEBUG org.asynchttpclient.netty.channel.ChannelManager - Adding key: http://localhost:61508 for channel [id: 0xdecdafd8, L:/127.0.0.1:50128 - R:localhost/127.0.0.1:61508]
15:16:02.949 [Forwarding setTimeout on session be5e08a68ac83af37704688aae934b97 to remote] DEBUG org.asynchttpclient.netty.request.NettyRequestSender - Using pooled Channel '[id: 0xdecdafd8, L:/127.0.0.1:50128 - R:localhost/127.0.0.1:61508]' for 'POST' to 'http://localhost:61508/session/be5e08a68ac83af37704688aae934b97/timeouts'
15:16:02.949 [Forwarding setTimeout on session be5e08a68ac83af37704688aae934b97 to remote] DEBUG org.asynchttpclient.netty.request.NettyRequestSender - Using open Channel [id: 0xdecdafd8, L:/127.0.0.1:50128 - R:localhost/127.0.0.1:61508] for POST '/session/be5e08a68ac83af37704688aae934b97/timeouts'
15:16:02.950 [AsyncHttpClient-1-17] DEBUG org.asynchttpclient.netty.handler.HttpHandler - 

Request DefaultHttpRequest(decodeResult: success, version: HTTP/1.1)
POST /session/be5e08a68ac83af37704688aae934b97/timeouts HTTP/1.1
User-Agent: selenium/4.1.2 (java windows)
Content-Length: 22
Content-Type: application/json; charset=utf-8
host: localhost:61508
accept: */*

Response DefaultHttpResponse(decodeResult: success, version: HTTP/1.1)
HTTP/1.1 200 OK
Content-Type: application/json; charset=utf-8
cache-control: no-cache
content-length: 14

15:16:02.950 [AsyncHttpClient-1-17] DEBUG org.asynchttpclient.netty.channel.ChannelManager - Adding key: http://localhost:61508 for channel [id: 0xdecdafd8, L:/127.0.0.1:50128 - R:localhost/127.0.0.1:61508]
15:16:02.953 [Forwarding getCurrentUrl on session be5e08a68ac83af37704688aae934b97 to remote] DEBUG org.asynchttpclient.netty.request.NettyRequestSender - Using pooled Channel '[id: 0xdecdafd8, L:/127.0.0.1:50128 - R:localhost/127.0.0.1:61508]' for 'GET' to 'http://localhost:61508/session/be5e08a68ac83af37704688aae934b97/url'
15:16:02.953 [Forwarding getCurrentUrl on session be5e08a68ac83af37704688aae934b97 to remote] DEBUG org.asynchttpclient.netty.request.NettyRequestSender - Using open Channel [id: 0xdecdafd8, L:/127.0.0.1:50128 - R:localhost/127.0.0.1:61508] for GET '/session/be5e08a68ac83af37704688aae934b97/url'
15:16:02.960 [AsyncHttpClient-1-17] DEBUG org.asynchttpclient.netty.handler.HttpHandler - 

Request DefaultFullHttpRequest(decodeResult: success, version: HTTP/1.1, content: EmptyByteBufBE)
GET /session/be5e08a68ac83af37704688aae934b97/url HTTP/1.1
User-Agent: selenium/4.1.2 (java windows)
Cache-Control: no-cache
Content-Type: application/json; charset=utf-8
host: localhost:61508
accept: */*

Response DefaultHttpResponse(decodeResult: success, version: HTTP/1.1)
HTTP/1.1 200 OK
Content-Type: application/json; charset=utf-8
cache-control: no-cache
content-length: 41

15:16:02.961 [AsyncHttpClient-1-17] DEBUG org.asynchttpclient.netty.channel.ChannelManager - Adding key: http://localhost:61508 for channel [id: 0xdecdafd8, L:/127.0.0.1:50128 - R:localhost/127.0.0.1:61508]
  &amp#27;[32mGiven &amp#27;[0m&amp#27;[32mI am on the home page&amp#27;[0m     &amp#27;[90m# starter.stepdefinitions.BabyStep.iAmOnTheHomePage()&amp#27;[0m
15:16:02.967 [Forwarding screenshot on session be5e08a68ac83af37704688aae934b97 to remote] DEBUG org.asynchttpclient.netty.request.NettyRequestSender - Using pooled Channel '[id: 0xdecdafd8, L:/127.0.0.1:50128 - R:localhost/127.0.0.1:61508]' for 'GET' to 'http://localhost:61508/session/be5e08a68ac83af37704688aae934b97/screenshot'
15:16:02.967 [Forwarding screenshot on session be5e08a68ac83af37704688aae934b97 to remote] DEBUG org.asynchttpclient.netty.request.NettyRequestSender - Using open Channel [id: 0xdecdafd8, L:/127.0.0.1:50128 - R:localhost/127.0.0.1:61508] for GET '/session/be5e08a68ac83af37704688aae934b97/screenshot'
15:16:03.308 [AsyncHttpClient-1-17] DEBUG org.asynchttpclient.netty.handler.HttpHandler - 

Request DefaultFullHttpRequest(decodeResult: success, version: HTTP/1.1, content: EmptyByteBufBE)
GET /session/be5e08a68ac83af37704688aae934b97/screenshot HTTP/1.1
User-Agent: selenium/4.1.2 (java windows)
Cache-Control: no-cache
Content-Type: application/json; charset=utf-8
host: localhost:61508
accept: */*

Response DefaultHttpResponse(decodeResult: success, version: HTTP/1.1)
HTTP/1.1 200 OK
Content-Type: application/json; charset=utf-8
cache-control: no-cache
content-length: 1022316

15:16:03.311 [AsyncHttpClient-1-17] DEBUG org.asynchttpclient.netty.channel.ChannelManager - Adding key: http://localhost:61508 for channel [id: 0xdecdafd8, L:/127.0.0.1:50128 - R:localhost/127.0.0.1:61508]
15:16:03.344 [main] DEBUG net.serenitybdd.core.photography.Darkroom - Send negative for processing for target\site\serenity\b0ddf3608b8f51a6a3adc36e4acd901b7a2c5b7adc6fd42a924a7c7a6358c0ea.png
15:16:03.363 [Forwarding findElement on session be5e08a68ac83af37704688aae934b97 to remote] DEBUG org.asynchttpclient.netty.request.NettyRequestSender - Using pooled Channel '[id: 0xdecdafd8, L:/127.0.0.1:50128 - R:localhost/127.0.0.1:61508]' for 'POST' to 'http://localhost:61508/session/be5e08a68ac83af37704688aae934b97/element'
15:16:03.363 [Forwarding findElement on session be5e08a68ac83af37704688aae934b97 to remote] DEBUG org.asynchttpclient.netty.request.NettyRequestSender - Using open Channel [id: 0xdecdafd8, L:/127.0.0.1:50128 - R:localhost/127.0.0.1:61508] for POST '/session/be5e08a68ac83af37704688aae934b97/element'
15:16:03.378 [AsyncHttpClient-1-17] DEBUG org.asynchttpclient.netty.handler.HttpHandler - 

Request DefaultHttpRequest(decodeResult: success, version: HTTP/1.1)
POST /session/be5e08a68ac83af37704688aae934b97/element HTTP/1.1
User-Agent: selenium/4.1.2 (java windows)
Content-Length: 81
Content-Type: application/json; charset=utf-8
host: localhost:61508
accept: */*

Response DefaultHttpResponse(decodeResult: success, version: HTTP/1.1)
HTTP/1.1 200 OK
Content-Type: application/json; charset=utf-8
cache-control: no-cache
content-length: 88

15:16:03.378 [AsyncHttpClient-1-17] DEBUG org.asynchttpclient.netty.channel.ChannelManager - Adding key: http://localhost:61508 for channel [id: 0xdecdafd8, L:/127.0.0.1:50128 - R:localhost/127.0.0.1:61508]
15:16:03.380 [Forwarding getElementTagName on session be5e08a68ac83af37704688aae934b97 to remote] DEBUG org.asynchttpclient.netty.request.NettyRequestSender - Using pooled Channel '[id: 0xdecdafd8, L:/127.0.0.1:50128 - R:localhost/127.0.0.1:61508]' for 'GET' to 'http://localhost:61508/session/be5e08a68ac83af37704688aae934b97/element/e03d14a6-5428-4f8c-8c03-8bb73982df0c/name'
15:16:03.380 [Forwarding getElementTagName on session be5e08a68ac83af37704688aae934b97 to remote] DEBUG org.asynchttpclient.netty.request.NettyRequestSender - Using open Channel [id: 0xdecdafd8, L:/127.0.0.1:50128 - R:localhost/127.0.0.1:61508] for GET '/session/be5e08a68ac83af37704688aae934b97/element/e03d14a6-5428-4f8c-8c03-8bb73982df0c/name'
15:16:03.383 [AsyncHttpClient-1-17] DEBUG org.asynchttpclient.netty.handler.HttpHandler - 

Request DefaultFullHttpRequest(decodeResult: success, version: HTTP/1.1, content: EmptyByteBufBE)
GET /session/be5e08a68ac83af37704688aae934b97/element/e03d14a6-5428-4f8c-8c03-8bb73982df0c/name HTTP/1.1
User-Agent: selenium/4.1.2 (java windows)
Cache-Control: no-cache
Content-Type: application/json; charset=utf-8
host: localhost:61508
accept: */*

Response DefaultHttpResponse(decodeResult: success, version: HTTP/1.1)
HTTP/1.1 200 OK
Content-Type: application/json; charset=utf-8
cache-control: no-cache
content-length: 16

15:16:03.383 [AsyncHttpClient-1-17] DEBUG org.asynchttpclient.netty.channel.ChannelManager - Adding key: http://localhost:61508 for channel [id: 0xdecdafd8, L:/127.0.0.1:50128 - R:localhost/127.0.0.1:61508]
15:16:03.384 [Forwarding getElementTagName on session be5e08a68ac83af37704688aae934b97 to remote] DEBUG org.asynchttpclient.netty.request.NettyRequestSender - Using pooled Channel '[id: 0xdecdafd8, L:/127.0.0.1:50128 - R:localhost/127.0.0.1:61508]' for 'GET' to 'http://localhost:61508/session/be5e08a68ac83af37704688aae934b97/element/e03d14a6-5428-4f8c-8c03-8bb73982df0c/name'
15:16:03.384 [Forwarding getElementTagName on session be5e08a68ac83af37704688aae934b97 to remote] DEBUG org.asynchttpclient.netty.request.NettyRequestSender - Using open Channel [id: 0xdecdafd8, L:/127.0.0.1:50128 - R:localhost/127.0.0.1:61508] for GET '/session/be5e08a68ac83af37704688aae934b97/element/e03d14a6-5428-4f8c-8c03-8bb73982df0c/name'
15:16:03.386 [AsyncHttpClient-1-17] DEBUG org.asynchttpclient.netty.handler.HttpHandler - 

Request DefaultFullHttpRequest(decodeResult: success, version: HTTP/1.1, content: EmptyByteBufBE)
GET /session/be5e08a68ac83af37704688aae934b97/element/e03d14a6-5428-4f8c-8c03-8bb73982df0c/name HTTP/1.1
User-Agent: selenium/4.1.2 (java windows)
Cache-Control: no-cache
Content-Type: application/json; charset=utf-8
host: localhost:61508
accept: */*

Response DefaultHttpResponse(decodeResult: success, version: HTTP/1.1)
HTTP/1.1 200 OK
Content-Type: application/json; charset=utf-8
cache-control: no-cache
content-length: 16

15:16:03.386 [AsyncHttpClient-1-17] DEBUG org.asynchttpclient.netty.channel.ChannelManager - Adding key: http://localhost:61508 for channel [id: 0xdecdafd8, L:/127.0.0.1:50128 - R:localhost/127.0.0.1:61508]
15:16:03.388 [Forwarding findElement on session be5e08a68ac83af37704688aae934b97 to remote] DEBUG org.asynchttpclient.netty.request.NettyRequestSender - Using pooled Channel '[id: 0xdecdafd8, L:/127.0.0.1:50128 - R:localhost/127.0.0.1:61508]' for 'POST' to 'http://localhost:61508/session/be5e08a68ac83af37704688aae934b97/element'
15:16:03.388 [Forwarding findElement on session be5e08a68ac83af37704688aae934b97 to remote] DEBUG org.asynchttpclient.netty.request.NettyRequestSender - Using open Channel [id: 0xdecdafd8, L:/127.0.0.1:50128 - R:localhost/127.0.0.1:61508] for POST '/session/be5e08a68ac83af37704688aae934b97/element'
15:16:03.394 [AsyncHttpClient-1-17] DEBUG org.asynchttpclient.netty.handler.HttpHandler - 

Request DefaultHttpRequest(decodeResult: success, version: HTTP/1.1)
POST /session/be5e08a68ac83af37704688aae934b97/element HTTP/1.1
User-Agent: selenium/4.1.2 (java windows)
Content-Length: 81
Content-Type: application/json; charset=utf-8
host: localhost:61508
accept: */*

Response DefaultHttpResponse(decodeResult: success, version: HTTP/1.1)
HTTP/1.1 200 OK
Content-Type: application/json; charset=utf-8
cache-control: no-cache
content-length: 88

15:16:03.395 [AsyncHttpClient-1-17] DEBUG org.asynchttpclient.netty.channel.ChannelManager - Adding key: http://localhost:61508 for channel [id: 0xdecdafd8, L:/127.0.0.1:50128 - R:localhost/127.0.0.1:61508]
15:16:03.396 [Forwarding clickElement on session be5e08a68ac83af37704688aae934b97 to remote] DEBUG org.asynchttpclient.netty.request.NettyRequestSender - Using pooled Channel '[id: 0xdecdafd8, L:/127.0.0.1:50128 - R:localhost/127.0.0.1:61508]' for 'POST' to 'http://localhost:61508/session/be5e08a68ac83af37704688aae934b97/element/e03d14a6-5428-4f8c-8c03-8bb73982df0c/click'
15:16:03.396 [Forwarding clickElement on session be5e08a68ac83af37704688aae934b97 to remote] DEBUG org.asynchttpclient.netty.request.NettyRequestSender - Using open Channel [id: 0xdecdafd8, L:/127.0.0.1:50128 - R:localhost/127.0.0.1:61508] for POST '/session/be5e08a68ac83af37704688aae934b97/element/e03d14a6-5428-4f8c-8c03-8bb73982df0c/click'
15:16:03.613 [AsyncHttpClient-1-1] DEBUG org.asynchttpclient.netty.channel.DefaultChannelPool - Entry count for : http://localhost:50129 : 1
15:16:03.864 [AsyncHttpClient-1-17] DEBUG org.asynchttpclient.netty.handler.HttpHandler - 

Request DefaultHttpRequest(decodeResult: success, version: HTTP/1.1)
POST /session/be5e08a68ac83af37704688aae934b97/element/e03d14a6-5428-4f8c-8c03-8bb73982df0c/click HTTP/1.1
User-Agent: selenium/4.1.2 (java windows)
Content-Length: 50
Content-Type: application/json; charset=utf-8
host: localhost:61508
accept: */*

Response DefaultHttpResponse(decodeResult: success, version: HTTP/1.1)
HTTP/1.1 200 OK
Content-Type: application/json; charset=utf-8
cache-control: no-cache
content-length: 14

15:16:03.864 [AsyncHttpClient-1-17] DEBUG org.asynchttpclient.netty.channel.ChannelManager - Adding key: http://localhost:61508 for channel [id: 0xdecdafd8, L:/127.0.0.1:50128 - R:localhost/127.0.0.1:61508]
  &amp#27;[32mThen &amp#27;[0m&amp#27;[32mI click baby on the header&amp#27;[0m &amp#27;[90m# starter.stepdefinitions.BabyStep.iClickBabyOnTheHeader()&amp#27;[0m
15:16:03.875 [Forwarding screenshot on session be5e08a68ac83af37704688aae934b97 to remote] DEBUG org.asynchttpclient.netty.request.NettyRequestSender - Using pooled Channel '[id: 0xdecdafd8, L:/127.0.0.1:50128 - R:localhost/127.0.0.1:61508]' for 'GET' to 'http://localhost:61508/session/be5e08a68ac83af37704688aae934b97/screenshot'
15:16:03.875 [Forwarding screenshot on session be5e08a68ac83af37704688aae934b97 to remote] DEBUG org.asynchttpclient.netty.request.NettyRequestSender - Using open Channel [id: 0xdecdafd8, L:/127.0.0.1:50128 - R:localhost/127.0.0.1:61508] for GET '/session/be5e08a68ac83af37704688aae934b97/screenshot'
15:16:04.708 [AsyncHttpClient-1-1] DEBUG org.asynchttpclient.netty.channel.DefaultChannelPool - Entry count for : http://localhost:50129 : 1
15:16:04.734 [AsyncHttpClient-1-17] DEBUG org.asynchttpclient.netty.handler.HttpHandler - 

Request DefaultFullHttpRequest(decodeResult: success, version: HTTP/1.1, content: EmptyByteBufBE)
GET /session/be5e08a68ac83af37704688aae934b97/screenshot HTTP/1.1
User-Agent: selenium/4.1.2 (java windows)
Cache-Control: no-cache
Content-Type: application/json; charset=utf-8
host: localhost:61508
accept: */*

Response DefaultHttpResponse(decodeResult: success, version: HTTP/1.1)
HTTP/1.1 200 OK
Content-Type: application/json; charset=utf-8
cache-control: no-cache
content-length: 137772

15:16:04.735 [AsyncHttpClient-1-17] DEBUG org.asynchttpclient.netty.channel.ChannelManager - Adding key: http://localhost:61508 for channel [id: 0xdecdafd8, L:/127.0.0.1:50128 - R:localhost/127.0.0.1:61508]
15:16:04.739 [main] DEBUG net.serenitybdd.core.photography.Darkroom - Send negative for processing for target\site\serenity\c6e6a5faa1ae9ae5d5ce542b2cba9b1cd642da9e91eee3cadfbb4f9ca72324a1.png
15:16:04.749 [Forwarding findElement on session be5e08a68ac83af37704688aae934b97 to remote] DEBUG org.asynchttpclient.netty.request.NettyRequestSender - Using pooled Channel '[id: 0xdecdafd8, L:/127.0.0.1:50128 - R:localhost/127.0.0.1:61508]' for 'POST' to 'http://localhost:61508/session/be5e08a68ac83af37704688aae934b97/element'
15:16:04.749 [Forwarding findElement on session be5e08a68ac83af37704688aae934b97 to remote] DEBUG org.asynchttpclient.netty.request.NettyRequestSender - Using open Channel [id: 0xdecdafd8, L:/127.0.0.1:50128 - R:localhost/127.0.0.1:61508] for POST '/session/be5e08a68ac83af37704688aae934b97/element'
15:16:04.765 [AsyncHttpClient-1-17] DEBUG org.asynchttpclient.netty.handler.HttpHandler - 

Request DefaultHttpRequest(decodeResult: success, version: HTTP/1.1)
POST /session/be5e08a68ac83af37704688aae934b97/element HTTP/1.1
User-Agent: selenium/4.1.2 (java windows)
Content-Length: 104
Content-Type: application/json; charset=utf-8
host: localhost:61508
accept: */*

Response DefaultHttpResponse(decodeResult: success, version: HTTP/1.1)
HTTP/1.1 200 OK
Content-Type: application/json; charset=utf-8
cache-control: no-cache
content-length: 88

15:16:04.766 [AsyncHttpClient-1-17] DEBUG org.asynchttpclient.netty.channel.ChannelManager - Adding key: http://localhost:61508 for channel [id: 0xdecdafd8, L:/127.0.0.1:50128 - R:localhost/127.0.0.1:61508]
15:16:04.767 [Forwarding getElementTagName on session be5e08a68ac83af37704688aae934b97 to remote] DEBUG org.asynchttpclient.netty.request.NettyRequestSender - Using pooled Channel '[id: 0xdecdafd8, L:/127.0.0.1:50128 - R:localhost/127.0.0.1:61508]' for 'GET' to 'http://localhost:61508/session/be5e08a68ac83af37704688aae934b97/element/6e3c1f65-8900-4218-9c5a-691a7916ca5a/name'
15:16:04.767 [Forwarding getElementTagName on session be5e08a68ac83af37704688aae934b97 to remote] DEBUG org.asynchttpclient.netty.request.NettyRequestSender - Using open Channel [id: 0xdecdafd8, L:/127.0.0.1:50128 - R:localhost/127.0.0.1:61508] for GET '/session/be5e08a68ac83af37704688aae934b97/element/6e3c1f65-8900-4218-9c5a-691a7916ca5a/name'
15:16:04.771 [AsyncHttpClient-1-17] DEBUG org.asynchttpclient.netty.handler.HttpHandler - 

Request DefaultFullHttpRequest(decodeResult: success, version: HTTP/1.1, content: EmptyByteBufBE)
GET /session/be5e08a68ac83af37704688aae934b97/element/6e3c1f65-8900-4218-9c5a-691a7916ca5a/name HTTP/1.1
User-Agent: selenium/4.1.2 (java windows)
Cache-Control: no-cache
Content-Type: application/json; charset=utf-8
host: localhost:61508
accept: */*

Response DefaultHttpResponse(decodeResult: success, version: HTTP/1.1)
HTTP/1.1 200 OK
Content-Type: application/json; charset=utf-8
cache-control: no-cache
content-length: 16

15:16:04.771 [AsyncHttpClient-1-17] DEBUG org.asynchttpclient.netty.channel.ChannelManager - Adding key: http://localhost:61508 for channel [id: 0xdecdafd8, L:/127.0.0.1:50128 - R:localhost/127.0.0.1:61508]
15:16:04.773 [Forwarding getElementTagName on session be5e08a68ac83af37704688aae934b97 to remote] DEBUG org.asynchttpclient.netty.request.NettyRequestSender - Using pooled Channel '[id: 0xdecdafd8, L:/127.0.0.1:50128 - R:localhost/127.0.0.1:61508]' for 'GET' to 'http://localhost:61508/session/be5e08a68ac83af37704688aae934b97/element/6e3c1f65-8900-4218-9c5a-691a7916ca5a/name'
15:16:04.773 [Forwarding getElementTagName on session be5e08a68ac83af37704688aae934b97 to remote] DEBUG org.asynchttpclient.netty.request.NettyRequestSender - Using open Channel [id: 0xdecdafd8, L:/127.0.0.1:50128 - R:localhost/127.0.0.1:61508] for GET '/session/be5e08a68ac83af37704688aae934b97/element/6e3c1f65-8900-4218-9c5a-691a7916ca5a/name'
15:16:04.776 [AsyncHttpClient-1-17] DEBUG org.asynchttpclient.netty.handler.HttpHandler - 

Request DefaultFullHttpRequest(decodeResult: success, version: HTTP/1.1, content: EmptyByteBufBE)
GET /session/be5e08a68ac83af37704688aae934b97/element/6e3c1f65-8900-4218-9c5a-691a7916ca5a/name HTTP/1.1
User-Agent: selenium/4.1.2 (java windows)
Cache-Control: no-cache
Content-Type: application/json; charset=utf-8
host: localhost:61508
accept: */*

Response DefaultHttpResponse(decodeResult: success, version: HTTP/1.1)
HTTP/1.1 200 OK
Content-Type: application/json; charset=utf-8
cache-control: no-cache
content-length: 16

15:16:04.776 [AsyncHttpClient-1-17] DEBUG org.asynchttpclient.netty.channel.ChannelManager - Adding key: http://localhost:61508 for channel [id: 0xdecdafd8, L:/127.0.0.1:50128 - R:localhost/127.0.0.1:61508]
15:16:04.780 [Forwarding findElement on session be5e08a68ac83af37704688aae934b97 to remote] DEBUG org.asynchttpclient.netty.request.NettyRequestSender - Using pooled Channel '[id: 0xdecdafd8, L:/127.0.0.1:50128 - R:localhost/127.0.0.1:61508]' for 'POST' to 'http://localhost:61508/session/be5e08a68ac83af37704688aae934b97/element'
15:16:04.780 [Forwarding findElement on session be5e08a68ac83af37704688aae934b97 to remote] DEBUG org.asynchttpclient.netty.request.NettyRequestSender - Using open Channel [id: 0xdecdafd8, L:/127.0.0.1:50128 - R:localhost/127.0.0.1:61508] for POST '/session/be5e08a68ac83af37704688aae934b97/element'
15:16:04.789 [AsyncHttpClient-1-17] DEBUG org.asynchttpclient.netty.handler.HttpHandler - 

Request DefaultHttpRequest(decodeResult: success, version: HTTP/1.1)
POST /session/be5e08a68ac83af37704688aae934b97/element HTTP/1.1
User-Agent: selenium/4.1.2 (java windows)
Content-Length: 104
Content-Type: application/json; charset=utf-8
host: localhost:61508
accept: */*

Response DefaultHttpResponse(decodeResult: success, version: HTTP/1.1)
HTTP/1.1 200 OK
Content-Type: application/json; charset=utf-8
cache-control: no-cache
content-length: 88

15:16:04.790 [AsyncHttpClient-1-17] DEBUG org.asynchttpclient.netty.channel.ChannelManager - Adding key: http://localhost:61508 for channel [id: 0xdecdafd8, L:/127.0.0.1:50128 - R:localhost/127.0.0.1:61508]
15:16:04.791 [Forwarding clickElement on session be5e08a68ac83af37704688aae934b97 to remote] DEBUG org.asynchttpclient.netty.request.NettyRequestSender - Using pooled Channel '[id: 0xdecdafd8, L:/127.0.0.1:50128 - R:localhost/127.0.0.1:61508]' for 'POST' to 'http://localhost:61508/session/be5e08a68ac83af37704688aae934b97/element/6e3c1f65-8900-4218-9c5a-691a7916ca5a/click'
15:16:04.791 [Forwarding clickElement on session be5e08a68ac83af37704688aae934b97 to remote] DEBUG org.asynchttpclient.netty.request.NettyRequestSender - Using open Channel [id: 0xdecdafd8, L:/127.0.0.1:50128 - R:localhost/127.0.0.1:61508] for POST '/session/be5e08a68ac83af37704688aae934b97/element/6e3c1f65-8900-4218-9c5a-691a7916ca5a/click'
15:16:04.987 [AsyncHttpClient-1-17] DEBUG org.asynchttpclient.netty.handler.HttpHandler - 

Request DefaultHttpRequest(decodeResult: success, version: HTTP/1.1)
POST /session/be5e08a68ac83af37704688aae934b97/element/6e3c1f65-8900-4218-9c5a-691a7916ca5a/click HTTP/1.1
User-Agent: selenium/4.1.2 (java windows)
Content-Length: 50
Content-Type: application/json; charset=utf-8
host: localhost:61508
accept: */*

Response DefaultHttpResponse(decodeResult: success, version: HTTP/1.1)
HTTP/1.1 200 OK
Content-Type: application/json; charset=utf-8
cache-control: no-cache
content-length: 14

15:16:04.987 [AsyncHttpClient-1-17] DEBUG org.asynchttpclient.netty.channel.ChannelManager - Adding key: http://localhost:61508 for channel [id: 0xdecdafd8, L:/127.0.0.1:50128 - R:localhost/127.0.0.1:61508]
  &amp#27;[32mWhen &amp#27;[0m&amp#27;[32mI will go to &amp#27;[0m&amp#27;[32m&amp#27;[1m"onePiece"&amp#27;[0m    &amp#27;[90m# starter.stepdefinitions.BabyStep.iWillGoTo(java.lang.String)&amp#27;[0m
15:16:04.997 [Forwarding screenshot on session be5e08a68ac83af37704688aae934b97 to remote] DEBUG org.asynchttpclient.netty.request.NettyRequestSender - Using pooled Channel '[id: 0xdecdafd8, L:/127.0.0.1:50128 - R:localhost/127.0.0.1:61508]' for 'GET' to 'http://localhost:61508/session/be5e08a68ac83af37704688aae934b97/screenshot'
15:16:04.997 [Forwarding screenshot on session be5e08a68ac83af37704688aae934b97 to remote] DEBUG org.asynchttpclient.netty.request.NettyRequestSender - Using open Channel [id: 0xdecdafd8, L:/127.0.0.1:50128 - R:localhost/127.0.0.1:61508] for GET '/session/be5e08a68ac83af37704688aae934b97/screenshot'
15:16:05.154 [AsyncHttpClient-1-17] DEBUG org.asynchttpclient.netty.handler.HttpHandler - 

Request DefaultFullHttpRequest(decodeResult: success, version: HTTP/1.1, content: EmptyByteBufBE)
GET /session/be5e08a68ac83af37704688aae934b97/screenshot HTTP/1.1
User-Agent: selenium/4.1.2 (java windows)
Cache-Control: no-cache
Content-Type: application/json; charset=utf-8
host: localhost:61508
accept: */*

Response DefaultHttpResponse(decodeResult: success, version: HTTP/1.1)
HTTP/1.1 200 OK
Content-Type: application/json; charset=utf-8
cache-control: no-cache
content-length: 89068

15:16:05.155 [AsyncHttpClient-1-17] DEBUG org.asynchttpclient.netty.channel.ChannelManager - Adding key: http://localhost:61508 for channel [id: 0xdecdafd8, L:/127.0.0.1:50128 - R:localhost/127.0.0.1:61508]
15:16:05.158 [main] DEBUG net.serenitybdd.core.photography.Darkroom - Send negative for processing for target\site\serenity\5b9b9a4a238a4b0a8b0110fd3023574051f5789361f2b42db8d03733c3eb44aa.png
15:16:05.158 [Darkroom Processing Line] DEBUG net.serenitybdd.core.photography.DarkroomProcessingLine - Processing screenshot image in /var/screenshots/screenshot-14974833283503867288
15:16:05.158 [Darkroom Processing Line] DEBUG net.serenitybdd.core.photography.DarkroomProcessingLine - Saving screenshot to target\site\serenity\5b9b9a4a238a4b0a8b0110fd3023574051f5789361f2b42db8d03733c3eb44aa.png
  &amp#27;[32mAnd &amp#27;[0m&amp#27;[32mI &amp#27;[0m&amp#27;[32m&amp#27;[1m"txtOnepiece"&amp#27;[0m&amp#27;[32m page&amp#27;[0m        &amp#27;[90m# starter.stepdefinitions.BabyStep.iPage(java.lang.String)&amp#27;[0m
15:16:05.170 [AsyncHttpClient-1-3] DEBUG org.asynchttpclient.netty.handler.WebSocketHandler - Channel Closed: [id: 0x657aec96, L:/127.0.0.1:50136 ! R:localhost/127.0.0.1:50129] with attribute NettyResponseFuture{currentRetry=5,
	isDone=1,
	isCancelled=0,
	asyncHandler=org.asynchttpclient.ws.WebSocketUpgradeHandler@58bd7403,
	nettyRequest=org.asynchttpclient.netty.request.NettyRequest@76a4cf0f,
	future=java.util.concurrent.CompletableFuture@7ea571c2[Completed normally],
	uri=ws://localhost:50129/devtools/browser/a59e5584-7224-4807-886d-ecc0cc77f534,
	keepAlive=true,
	redirectCount=0,
	timeoutsHolder=null,
	inAuth=0,
	touch=1680855352244}
15:16:05.170 [AsyncHttpClient-1-3] DEBUG org.asynchttpclient.netty.channel.ChannelManager - Closing Channel [id: 0x657aec96, L:/127.0.0.1:50136 ! R:localhost/127.0.0.1:50129] 
15:16:05.170 [Driver Command Executor] DEBUG org.asynchttpclient.netty.request.NettyRequestSender - Using pooled Channel '[id: 0xdecdafd8, L:/127.0.0.1:50128 - R:localhost/127.0.0.1:61508]' for 'DELETE' to 'http://localhost:61508/session/be5e08a68ac83af37704688aae934b97'
15:16:05.171 [Driver Command Executor] DEBUG org.asynchttpclient.netty.request.NettyRequestSender - Using open Channel [id: 0xdecdafd8, L:/127.0.0.1:50128 - R:localhost/127.0.0.1:61508] for DELETE '/session/be5e08a68ac83af37704688aae934b97'
15:16:05.204 [AsyncHttpClient-1-2] DEBUG org.asynchttpclient.netty.handler.HttpHandler - Unexpected I/O exception on channel [id: 0xf34a7898, L:/127.0.0.1:50135 - R:localhost/127.0.0.1:50129]
java.net.SocketException: Connection reset
	at java.base/sun.nio.ch.SocketChannelImpl.throwConnectionReset(SocketChannelImpl.java:345)
	at java.base/sun.nio.ch.SocketChannelImpl.read(SocketChannelImpl.java:376)
	at io.netty.buffer.PooledByteBuf.setBytes(PooledByteBuf.java:258)
	at io.netty.buffer.AbstractByteBuf.writeBytes(AbstractByteBuf.java:1132)
	at io.netty.channel.socket.nio.NioSocketChannel.doReadBytes(NioSocketChannel.java:350)
	at io.netty.channel.nio.AbstractNioByteChannel$NioByteUnsafe.read(AbstractNioByteChannel.java:151)
	at io.netty.channel.nio.NioEventLoop.processSelectedKey(NioEventLoop.java:722)
	at io.netty.channel.nio.NioEventLoop.processSelectedKeysOptimized(NioEventLoop.java:658)
	at io.netty.channel.nio.NioEventLoop.processSelectedKeys(NioEventLoop.java:584)
	at io.netty.channel.nio.NioEventLoop.run(NioEventLoop.java:496)
	at io.netty.util.concurrent.SingleThreadEventExecutor$4.run(SingleThreadEventExecutor.java:986)
	at io.netty.util.internal.ThreadExecutorMap$2.run(ThreadExecutorMap.java:74)
	at io.netty.util.concurrent.FastThreadLocalRunnable.run(FastThreadLocalRunnable.java:30)
	at java.base/java.lang.Thread.run(Thread.java:830)
15:16:05.204 [AsyncHttpClient-1-2] DEBUG org.asynchttpclient.netty.channel.ChannelManager - Closing Channel [id: 0xf34a7898, L:/127.0.0.1:50135 - R:localhost/127.0.0.1:50129] 
15:16:05.204 [AsyncHttpClient-1-2] DEBUG org.asynchttpclient.netty.handler.HttpHandler - Channel Closed: [id: 0xf34a7898, L:/127.0.0.1:50135 ! R:localhost/127.0.0.1:50129] with attribute DISCARD
15:16:05.257 [AsyncHttpClient-1-17] DEBUG org.asynchttpclient.netty.handler.HttpHandler - 

Request DefaultFullHttpRequest(decodeResult: success, version: HTTP/1.1, content: EmptyByteBufBE)
DELETE /session/be5e08a68ac83af37704688aae934b97 HTTP/1.1
User-Agent: selenium/4.1.2 (java windows)
Content-Type: application/json; charset=utf-8
host: localhost:61508
accept: */*

Response DefaultHttpResponse(decodeResult: success, version: HTTP/1.1)
HTTP/1.1 200 OK
Content-Type: application/json; charset=utf-8
cache-control: no-cache
content-length: 14

15:16:05.257 [AsyncHttpClient-1-17] DEBUG org.asynchttpclient.netty.channel.ChannelManager - Adding key: http://localhost:61508 for channel [id: 0xdecdafd8, L:/127.0.0.1:50128 - R:localhost/127.0.0.1:61508]
15:16:05.418 [AsyncHttpClient-1-17] DEBUG org.asynchttpclient.netty.handler.HttpHandler - Channel Closed: [id: 0xdecdafd8, L:/127.0.0.1:50128 ! R:localhost/127.0.0.1:61508] with attribute DISCARD
15:16:05.805 [AsyncHttpClient-1-1] DEBUG org.asynchttpclient.netty.channel.DefaultChannelPool - Entry count for : http://localhost:50129 : 1
15:16:05.805 [AsyncHttpClient-1-1] DEBUG org.asynchttpclient.netty.channel.DefaultChannelPool - Entry count for : http://localhost:61508 : 1
15:16:05.805 [AsyncHttpClient-1-1] DEBUG org.asynchttpclient.netty.channel.DefaultChannelPool - Adding Candidate expired Channel [id: 0xf34a7898, L:/127.0.0.1:50135 ! R:localhost/127.0.0.1:50129] isIdleTimeoutExpired=false isRemotelyClosed=true isTtlExpired=false
15:16:05.805 [AsyncHttpClient-1-1] DEBUG org.asynchttpclient.netty.channel.DefaultChannelPool - Closing Idle Channel [id: 0xf34a7898, L:/127.0.0.1:50135 ! R:localhost/127.0.0.1:50129]
15:16:05.805 [AsyncHttpClient-1-1] DEBUG org.asynchttpclient.netty.channel.DefaultChannelPool - Adding Candidate expired Channel [id: 0xdecdafd8, L:/127.0.0.1:50128 ! R:localhost/127.0.0.1:61508] isIdleTimeoutExpired=false isRemotelyClosed=true isTtlExpired=false
15:16:05.805 [AsyncHttpClient-1-1] DEBUG org.asynchttpclient.netty.channel.DefaultChannelPool - Closing Idle Channel [id: 0xdecdafd8, L:/127.0.0.1:50128 ! R:localhost/127.0.0.1:61508]
15:16:05.805 [AsyncHttpClient-1-1] DEBUG org.asynchttpclient.netty.channel.DefaultChannelPool - Closed 2 connections out of 2 in 0 ms
]]></system-out>
    <system-err><![CDATA[Starting Microsoft Edge WebDriver 111.0.1661.62 (0a8f453929e6410c973aa529a40485ce4e3e03db) on port 61508
To submit feedback, report a bug, or suggest new features, please visit https://github.com/MicrosoftEdge/EdgeWebDriver

Only local connections are allowed.
Please see https://aka.ms/WebDriverSecurity for suggestions on keeping Microsoft Edge WebDriver safe.

Microsoft Edge WebDriver was started successfully.
Apr 07, 2023 3:15:52 PM org.openqa.selenium.remote.ProtocolHandshake createSession
INFO: Detected dialect: W3C
Apr 07, 2023 3:15:52 PM org.openqa.selenium.devtools.CdpVersionFinder findNearestMatch
WARNING: Unable to find an exact match for CDP version 111, so returning the closest version found: a no-op implementation
Apr 07, 2023 3:15:52 PM org.openqa.selenium.devtools.CdpVersionFinder findNearestMatch
INFO: Unable to find CDP implementation matching 111.
Apr 07, 2023 3:15:52 PM org.openqa.selenium.chromium.ChromiumDriver lambda$new$3
WARNING: Unable to find version of CDP to use for . You may need to include a dependency on a specific version of the CDP using something similar to `org.seleniumhq.selenium:selenium-devtools-v86:4.1.2` where the version ("v86") matches the version of the chromium-based browser you're using and the version number of the artifact is the same as Selenium's.
]]></system-err>
  </testcase>
  <testcase name="Fitur Menu Baby #7" classname="Baby" time="17.69">
    <system-out><![CDATA[
Scenario Outline: Fitur Menu Baby &amp#27;[90m# src/test/resources/features/Baby.feature:99&amp#27;[0m
15:16:06.025 [main] INFO io.cucumber.core.plugin.SerenityReporter - Running feature from file:///C:/Users/alwi/IdeaProjects/uniqloweb/src/test/resources/features/Baby.feature
15:16:06.162 [main] DEBUG io.github.bonigarcia.wdm.cache.ResolutionCache - Resolution edge=111 in cache (valid until 16:02:35 07/04/2023 WIB)
15:16:06.167 [main] DEBUG io.github.bonigarcia.wdm.cache.ResolutionCache - Resolution edge111=111.0.1661.62 in cache (valid until 15:02:35 08/04/2023 WIB)
15:16:06.169 [main] INFO io.github.bonigarcia.wdm.WebDriverManager - Using msedgedriver 111.0.1661.62 (resolved driver for Edge 111)
15:16:06.182 [main] DEBUG io.github.bonigarcia.wdm.WebDriverManager - Driver msedgedriver 111.0.1661.62 found in cache
15:16:06.182 [main] INFO io.github.bonigarcia.wdm.WebDriverManager - Exporting webdriver.edge.driver as C:\Users\alwi\.cache\selenium\msedgedriver\win64\111.0.1661.62\msedgedriver.exe
15:16:06.184 [main] DEBUG net.serenitybdd.core.webdriver.driverproviders.ProvideNewDriver - Instantiating driver
15:16:06.184 [main] DEBUG net.serenitybdd.core.webdriver.driverproviders.ProvideNewDriver - Driver capabilities: Capabilities {base.url: https://www.uniqlo.com, chrome.driver: src/test/resources/webdrive..., driver: edge, ms:edgeChromium: true, ms:edgeOptions: {}, wait.for.timeout: 6000}
15:16:06.724 [AsyncHttpClient-1-4] DEBUG org.asynchttpclient.netty.channel.NettyConnectListener - Using new Channel '[id: 0x8afab546, L:/127.0.0.1:50273 - R:localhost/127.0.0.1:59775]' for 'POST' to '/session'
15:16:07.349 [AsyncHttpClient-1-4] DEBUG org.asynchttpclient.netty.handler.HttpHandler - 

Request DefaultHttpRequest(decodeResult: success, version: HTTP/1.1)
POST /session HTTP/1.1
User-Agent: selenium/4.1.2 (java windows)
Content-Length: 627
Content-Type: application/json; charset=utf-8
host: localhost:59775
accept: */*

Response DefaultHttpResponse(decodeResult: success, version: HTTP/1.1)
HTTP/1.1 200 OK
Content-Type: application/json; charset=utf-8
cache-control: no-cache
content-length: 823

15:16:07.349 [AsyncHttpClient-1-4] DEBUG org.asynchttpclient.netty.channel.ChannelManager - Adding key: http://localhost:59775 for channel [id: 0x8afab546, L:/127.0.0.1:50273 - R:localhost/127.0.0.1:59775]
15:16:07.355 [AsyncHttpClient-1-5] DEBUG org.asynchttpclient.netty.channel.NettyConnectListener - Using new Channel '[id: 0x4361410e, L:/127.0.0.1:50281 - R:localhost/127.0.0.1:50274]' for 'GET' to '/json/version'
15:16:07.356 [AsyncHttpClient-1-5] DEBUG org.asynchttpclient.netty.handler.HttpHandler - 

Request DefaultFullHttpRequest(decodeResult: success, version: HTTP/1.1, content: EmptyByteBufBE)
GET /json/version HTTP/1.1
User-Agent: selenium/4.1.2 (java windows)
host: localhost:50274
accept: */*

Response DefaultHttpResponse(decodeResult: success, version: HTTP/1.1)
HTTP/1.1 200 OK
Content-Security-Policy: frame-ancestors 'none'
Content-Type: application/json; charset=UTF-8
content-length: 436

15:16:07.356 [AsyncHttpClient-1-5] DEBUG org.asynchttpclient.netty.channel.ChannelManager - Adding key: http://localhost:50274 for channel [id: 0x4361410e, L:/127.0.0.1:50281 - R:localhost/127.0.0.1:50274]
15:16:07.358 [AsyncHttpClient-1-6] DEBUG org.asynchttpclient.netty.channel.NettyConnectListener - Using new Channel '[id: 0x85a260d5, L:/127.0.0.1:50282 - R:localhost/127.0.0.1:50274]' for 'GET' to '/devtools/browser/2596ddba-8631-4464-a9db-e67b7fe025ae'
15:16:07.359 [AsyncHttpClient-1-6] DEBUG org.asynchttpclient.netty.handler.WebSocketHandler - 

Request DefaultFullHttpRequest(decodeResult: success, version: HTTP/1.1, content: EmptyByteBufBE)
GET /devtools/browser/2596ddba-8631-4464-a9db-e67b7fe025ae HTTP/1.1
upgrade: websocket
connection: upgrade
sec-websocket-key: Q+Gkm7NO+dLZAhYdr8ssig==
sec-websocket-version: 13
origin: http://localhost:50274
host: localhost:50274
accept: */*
user-agent: AHC/2.1

Response DefaultHttpResponse(decodeResult: success, version: HTTP/1.1)
HTTP/1.1 101 WebSocket Protocol Handshake
Upgrade: WebSocket
Connection: Upgrade
Sec-WebSocket-Accept: JnSJNEIxMMNUMeWVLTg7kHebfxE=

15:16:07.362 [Forwarding get on session 69001c7a155993a69e01f075d65b54b1 to remote] DEBUG org.asynchttpclient.netty.request.NettyRequestSender - Using pooled Channel '[id: 0x8afab546, L:/127.0.0.1:50273 - R:localhost/127.0.0.1:59775]' for 'POST' to 'http://localhost:59775/session/69001c7a155993a69e01f075d65b54b1/url'
15:16:07.362 [Forwarding get on session 69001c7a155993a69e01f075d65b54b1 to remote] DEBUG org.asynchttpclient.netty.request.NettyRequestSender - Using open Channel [id: 0x8afab546, L:/127.0.0.1:50273 - R:localhost/127.0.0.1:59775] for POST '/session/69001c7a155993a69e01f075d65b54b1/url'
15:16:08.005 [AsyncHttpClient-1-1] DEBUG org.asynchttpclient.netty.channel.DefaultChannelPool - Entry count for : http://localhost:50274 : 1
15:16:09.105 [AsyncHttpClient-1-1] DEBUG org.asynchttpclient.netty.channel.DefaultChannelPool - Entry count for : http://localhost:50274 : 1
15:16:10.210 [AsyncHttpClient-1-1] DEBUG org.asynchttpclient.netty.channel.DefaultChannelPool - Entry count for : http://localhost:50274 : 1
15:16:11.306 [AsyncHttpClient-1-1] DEBUG org.asynchttpclient.netty.channel.DefaultChannelPool - Entry count for : http://localhost:50274 : 1
15:16:12.415 [AsyncHttpClient-1-1] DEBUG org.asynchttpclient.netty.channel.DefaultChannelPool - Entry count for : http://localhost:50274 : 1
15:16:13.506 [AsyncHttpClient-1-1] DEBUG org.asynchttpclient.netty.channel.DefaultChannelPool - Entry count for : http://localhost:50274 : 1
15:16:14.606 [AsyncHttpClient-1-1] DEBUG org.asynchttpclient.netty.channel.DefaultChannelPool - Entry count for : http://localhost:50274 : 1
15:16:15.711 [AsyncHttpClient-1-1] DEBUG org.asynchttpclient.netty.channel.DefaultChannelPool - Entry count for : http://localhost:50274 : 1
15:16:16.805 [AsyncHttpClient-1-1] DEBUG org.asynchttpclient.netty.channel.DefaultChannelPool - Entry count for : http://localhost:50274 : 1
15:16:17.910 [AsyncHttpClient-1-1] DEBUG org.asynchttpclient.netty.channel.DefaultChannelPool - Entry count for : http://localhost:50274 : 1
15:16:19.005 [AsyncHttpClient-1-1] DEBUG org.asynchttpclient.netty.channel.DefaultChannelPool - Entry count for : http://localhost:50274 : 1
15:16:20.110 [AsyncHttpClient-1-1] DEBUG org.asynchttpclient.netty.channel.DefaultChannelPool - Entry count for : http://localhost:50274 : 1
15:16:20.881 [AsyncHttpClient-1-4] DEBUG org.asynchttpclient.netty.handler.HttpHandler - 

Request DefaultHttpRequest(decodeResult: success, version: HTTP/1.1)
POST /session/69001c7a155993a69e01f075d65b54b1/url HTTP/1.1
User-Agent: selenium/4.1.2 (java windows)
Content-Length: 53
Content-Type: application/json; charset=utf-8
host: localhost:59775
accept: */*

Response DefaultHttpResponse(decodeResult: success, version: HTTP/1.1)
HTTP/1.1 200 OK
Content-Type: application/json; charset=utf-8
cache-control: no-cache
content-length: 14

15:16:20.881 [AsyncHttpClient-1-4] DEBUG org.asynchttpclient.netty.channel.ChannelManager - Adding key: http://localhost:59775 for channel [id: 0x8afab546, L:/127.0.0.1:50273 - R:localhost/127.0.0.1:59775]
15:16:20.883 [Forwarding setTimeout on session 69001c7a155993a69e01f075d65b54b1 to remote] DEBUG org.asynchttpclient.netty.request.NettyRequestSender - Using pooled Channel '[id: 0x8afab546, L:/127.0.0.1:50273 - R:localhost/127.0.0.1:59775]' for 'POST' to 'http://localhost:59775/session/69001c7a155993a69e01f075d65b54b1/timeouts'
15:16:20.883 [Forwarding setTimeout on session 69001c7a155993a69e01f075d65b54b1 to remote] DEBUG org.asynchttpclient.netty.request.NettyRequestSender - Using open Channel [id: 0x8afab546, L:/127.0.0.1:50273 - R:localhost/127.0.0.1:59775] for POST '/session/69001c7a155993a69e01f075d65b54b1/timeouts'
15:16:20.884 [AsyncHttpClient-1-4] DEBUG org.asynchttpclient.netty.handler.HttpHandler - 

Request DefaultHttpRequest(decodeResult: success, version: HTTP/1.1)
POST /session/69001c7a155993a69e01f075d65b54b1/timeouts HTTP/1.1
User-Agent: selenium/4.1.2 (java windows)
Content-Length: 22
Content-Type: application/json; charset=utf-8
host: localhost:59775
accept: */*

Response DefaultHttpResponse(decodeResult: success, version: HTTP/1.1)
HTTP/1.1 200 OK
Content-Type: application/json; charset=utf-8
cache-control: no-cache
content-length: 14

15:16:20.884 [AsyncHttpClient-1-4] DEBUG org.asynchttpclient.netty.channel.ChannelManager - Adding key: http://localhost:59775 for channel [id: 0x8afab546, L:/127.0.0.1:50273 - R:localhost/127.0.0.1:59775]
15:16:20.887 [Forwarding getCurrentUrl on session 69001c7a155993a69e01f075d65b54b1 to remote] DEBUG org.asynchttpclient.netty.request.NettyRequestSender - Using pooled Channel '[id: 0x8afab546, L:/127.0.0.1:50273 - R:localhost/127.0.0.1:59775]' for 'GET' to 'http://localhost:59775/session/69001c7a155993a69e01f075d65b54b1/url'
15:16:20.887 [Forwarding getCurrentUrl on session 69001c7a155993a69e01f075d65b54b1 to remote] DEBUG org.asynchttpclient.netty.request.NettyRequestSender - Using open Channel [id: 0x8afab546, L:/127.0.0.1:50273 - R:localhost/127.0.0.1:59775] for GET '/session/69001c7a155993a69e01f075d65b54b1/url'
15:16:20.891 [AsyncHttpClient-1-4] DEBUG org.asynchttpclient.netty.handler.HttpHandler - 

Request DefaultFullHttpRequest(decodeResult: success, version: HTTP/1.1, content: EmptyByteBufBE)
GET /session/69001c7a155993a69e01f075d65b54b1/url HTTP/1.1
User-Agent: selenium/4.1.2 (java windows)
Cache-Control: no-cache
Content-Type: application/json; charset=utf-8
host: localhost:59775
accept: */*

Response DefaultHttpResponse(decodeResult: success, version: HTTP/1.1)
HTTP/1.1 200 OK
Content-Type: application/json; charset=utf-8
cache-control: no-cache
content-length: 41

15:16:20.892 [AsyncHttpClient-1-4] DEBUG org.asynchttpclient.netty.channel.ChannelManager - Adding key: http://localhost:59775 for channel [id: 0x8afab546, L:/127.0.0.1:50273 - R:localhost/127.0.0.1:59775]
  &amp#27;[32mGiven &amp#27;[0m&amp#27;[32mI am on the home page&amp#27;[0m     &amp#27;[90m# starter.stepdefinitions.BabyStep.iAmOnTheHomePage()&amp#27;[0m
15:16:20.897 [Forwarding screenshot on session 69001c7a155993a69e01f075d65b54b1 to remote] DEBUG org.asynchttpclient.netty.request.NettyRequestSender - Using pooled Channel '[id: 0x8afab546, L:/127.0.0.1:50273 - R:localhost/127.0.0.1:59775]' for 'GET' to 'http://localhost:59775/session/69001c7a155993a69e01f075d65b54b1/screenshot'
15:16:20.897 [Forwarding screenshot on session 69001c7a155993a69e01f075d65b54b1 to remote] DEBUG org.asynchttpclient.netty.request.NettyRequestSender - Using open Channel [id: 0x8afab546, L:/127.0.0.1:50273 - R:localhost/127.0.0.1:59775] for GET '/session/69001c7a155993a69e01f075d65b54b1/screenshot'
15:16:21.205 [AsyncHttpClient-1-1] DEBUG org.asynchttpclient.netty.channel.DefaultChannelPool - Entry count for : http://localhost:50274 : 1
15:16:21.222 [AsyncHttpClient-1-4] DEBUG org.asynchttpclient.netty.handler.HttpHandler - 

Request DefaultFullHttpRequest(decodeResult: success, version: HTTP/1.1, content: EmptyByteBufBE)
GET /session/69001c7a155993a69e01f075d65b54b1/screenshot HTTP/1.1
User-Agent: selenium/4.1.2 (java windows)
Cache-Control: no-cache
Content-Type: application/json; charset=utf-8
host: localhost:59775
accept: */*

Response DefaultHttpResponse(decodeResult: success, version: HTTP/1.1)
HTTP/1.1 200 OK
Content-Type: application/json; charset=utf-8
cache-control: no-cache
content-length: 1022316

15:16:21.226 [AsyncHttpClient-1-4] DEBUG org.asynchttpclient.netty.channel.ChannelManager - Adding key: http://localhost:59775 for channel [id: 0x8afab546, L:/127.0.0.1:50273 - R:localhost/127.0.0.1:59775]
15:16:21.258 [main] DEBUG net.serenitybdd.core.photography.Darkroom - Send negative for processing for target\site\serenity\b0ddf3608b8f51a6a3adc36e4acd901b7a2c5b7adc6fd42a924a7c7a6358c0ea.png
15:16:21.279 [Forwarding findElement on session 69001c7a155993a69e01f075d65b54b1 to remote] DEBUG org.asynchttpclient.netty.request.NettyRequestSender - Using pooled Channel '[id: 0x8afab546, L:/127.0.0.1:50273 - R:localhost/127.0.0.1:59775]' for 'POST' to 'http://localhost:59775/session/69001c7a155993a69e01f075d65b54b1/element'
15:16:21.279 [Forwarding findElement on session 69001c7a155993a69e01f075d65b54b1 to remote] DEBUG org.asynchttpclient.netty.request.NettyRequestSender - Using open Channel [id: 0x8afab546, L:/127.0.0.1:50273 - R:localhost/127.0.0.1:59775] for POST '/session/69001c7a155993a69e01f075d65b54b1/element'
15:16:21.299 [AsyncHttpClient-1-4] DEBUG org.asynchttpclient.netty.handler.HttpHandler - 

Request DefaultHttpRequest(decodeResult: success, version: HTTP/1.1)
POST /session/69001c7a155993a69e01f075d65b54b1/element HTTP/1.1
User-Agent: selenium/4.1.2 (java windows)
Content-Length: 81
Content-Type: application/json; charset=utf-8
host: localhost:59775
accept: */*

Response DefaultHttpResponse(decodeResult: success, version: HTTP/1.1)
HTTP/1.1 200 OK
Content-Type: application/json; charset=utf-8
cache-control: no-cache
content-length: 88

15:16:21.299 [AsyncHttpClient-1-4] DEBUG org.asynchttpclient.netty.channel.ChannelManager - Adding key: http://localhost:59775 for channel [id: 0x8afab546, L:/127.0.0.1:50273 - R:localhost/127.0.0.1:59775]
15:16:21.301 [Forwarding getElementTagName on session 69001c7a155993a69e01f075d65b54b1 to remote] DEBUG org.asynchttpclient.netty.request.NettyRequestSender - Using pooled Channel '[id: 0x8afab546, L:/127.0.0.1:50273 - R:localhost/127.0.0.1:59775]' for 'GET' to 'http://localhost:59775/session/69001c7a155993a69e01f075d65b54b1/element/3c51ddbd-fbb5-42f6-bb43-f96cd75b5403/name'
15:16:21.301 [Forwarding getElementTagName on session 69001c7a155993a69e01f075d65b54b1 to remote] DEBUG org.asynchttpclient.netty.request.NettyRequestSender - Using open Channel [id: 0x8afab546, L:/127.0.0.1:50273 - R:localhost/127.0.0.1:59775] for GET '/session/69001c7a155993a69e01f075d65b54b1/element/3c51ddbd-fbb5-42f6-bb43-f96cd75b5403/name'
15:16:21.305 [AsyncHttpClient-1-4] DEBUG org.asynchttpclient.netty.handler.HttpHandler - 

Request DefaultFullHttpRequest(decodeResult: success, version: HTTP/1.1, content: EmptyByteBufBE)
GET /session/69001c7a155993a69e01f075d65b54b1/element/3c51ddbd-fbb5-42f6-bb43-f96cd75b5403/name HTTP/1.1
User-Agent: selenium/4.1.2 (java windows)
Cache-Control: no-cache
Content-Type: application/json; charset=utf-8
host: localhost:59775
accept: */*

Response DefaultHttpResponse(decodeResult: success, version: HTTP/1.1)
HTTP/1.1 200 OK
Content-Type: application/json; charset=utf-8
cache-control: no-cache
content-length: 16

15:16:21.305 [AsyncHttpClient-1-4] DEBUG org.asynchttpclient.netty.channel.ChannelManager - Adding key: http://localhost:59775 for channel [id: 0x8afab546, L:/127.0.0.1:50273 - R:localhost/127.0.0.1:59775]
15:16:21.307 [Forwarding getElementTagName on session 69001c7a155993a69e01f075d65b54b1 to remote] DEBUG org.asynchttpclient.netty.request.NettyRequestSender - Using pooled Channel '[id: 0x8afab546, L:/127.0.0.1:50273 - R:localhost/127.0.0.1:59775]' for 'GET' to 'http://localhost:59775/session/69001c7a155993a69e01f075d65b54b1/element/3c51ddbd-fbb5-42f6-bb43-f96cd75b5403/name'
15:16:21.307 [Forwarding getElementTagName on session 69001c7a155993a69e01f075d65b54b1 to remote] DEBUG org.asynchttpclient.netty.request.NettyRequestSender - Using open Channel [id: 0x8afab546, L:/127.0.0.1:50273 - R:localhost/127.0.0.1:59775] for GET '/session/69001c7a155993a69e01f075d65b54b1/element/3c51ddbd-fbb5-42f6-bb43-f96cd75b5403/name'
15:16:21.311 [AsyncHttpClient-1-4] DEBUG org.asynchttpclient.netty.handler.HttpHandler - 

Request DefaultFullHttpRequest(decodeResult: success, version: HTTP/1.1, content: EmptyByteBufBE)
GET /session/69001c7a155993a69e01f075d65b54b1/element/3c51ddbd-fbb5-42f6-bb43-f96cd75b5403/name HTTP/1.1
User-Agent: selenium/4.1.2 (java windows)
Cache-Control: no-cache
Content-Type: application/json; charset=utf-8
host: localhost:59775
accept: */*

Response DefaultHttpResponse(decodeResult: success, version: HTTP/1.1)
HTTP/1.1 200 OK
Content-Type: application/json; charset=utf-8
cache-control: no-cache
content-length: 16

15:16:21.311 [AsyncHttpClient-1-4] DEBUG org.asynchttpclient.netty.channel.ChannelManager - Adding key: http://localhost:59775 for channel [id: 0x8afab546, L:/127.0.0.1:50273 - R:localhost/127.0.0.1:59775]
15:16:21.313 [Forwarding findElement on session 69001c7a155993a69e01f075d65b54b1 to remote] DEBUG org.asynchttpclient.netty.request.NettyRequestSender - Using pooled Channel '[id: 0x8afab546, L:/127.0.0.1:50273 - R:localhost/127.0.0.1:59775]' for 'POST' to 'http://localhost:59775/session/69001c7a155993a69e01f075d65b54b1/element'
15:16:21.313 [Forwarding findElement on session 69001c7a155993a69e01f075d65b54b1 to remote] DEBUG org.asynchttpclient.netty.request.NettyRequestSender - Using open Channel [id: 0x8afab546, L:/127.0.0.1:50273 - R:localhost/127.0.0.1:59775] for POST '/session/69001c7a155993a69e01f075d65b54b1/element'
15:16:21.319 [AsyncHttpClient-1-4] DEBUG org.asynchttpclient.netty.handler.HttpHandler - 

Request DefaultHttpRequest(decodeResult: success, version: HTTP/1.1)
POST /session/69001c7a155993a69e01f075d65b54b1/element HTTP/1.1
User-Agent: selenium/4.1.2 (java windows)
Content-Length: 81
Content-Type: application/json; charset=utf-8
host: localhost:59775
accept: */*

Response DefaultHttpResponse(decodeResult: success, version: HTTP/1.1)
HTTP/1.1 200 OK
Content-Type: application/json; charset=utf-8
cache-control: no-cache
content-length: 88

15:16:21.319 [AsyncHttpClient-1-4] DEBUG org.asynchttpclient.netty.channel.ChannelManager - Adding key: http://localhost:59775 for channel [id: 0x8afab546, L:/127.0.0.1:50273 - R:localhost/127.0.0.1:59775]
15:16:21.321 [Forwarding clickElement on session 69001c7a155993a69e01f075d65b54b1 to remote] DEBUG org.asynchttpclient.netty.request.NettyRequestSender - Using pooled Channel '[id: 0x8afab546, L:/127.0.0.1:50273 - R:localhost/127.0.0.1:59775]' for 'POST' to 'http://localhost:59775/session/69001c7a155993a69e01f075d65b54b1/element/3c51ddbd-fbb5-42f6-bb43-f96cd75b5403/click'
15:16:21.321 [Forwarding clickElement on session 69001c7a155993a69e01f075d65b54b1 to remote] DEBUG org.asynchttpclient.netty.request.NettyRequestSender - Using open Channel [id: 0x8afab546, L:/127.0.0.1:50273 - R:localhost/127.0.0.1:59775] for POST '/session/69001c7a155993a69e01f075d65b54b1/element/3c51ddbd-fbb5-42f6-bb43-f96cd75b5403/click'
15:16:21.809 [AsyncHttpClient-1-4] DEBUG org.asynchttpclient.netty.handler.HttpHandler - 

Request DefaultHttpRequest(decodeResult: success, version: HTTP/1.1)
POST /session/69001c7a155993a69e01f075d65b54b1/element/3c51ddbd-fbb5-42f6-bb43-f96cd75b5403/click HTTP/1.1
User-Agent: selenium/4.1.2 (java windows)
Content-Length: 50
Content-Type: application/json; charset=utf-8
host: localhost:59775
accept: */*

Response DefaultHttpResponse(decodeResult: success, version: HTTP/1.1)
HTTP/1.1 200 OK
Content-Type: application/json; charset=utf-8
cache-control: no-cache
content-length: 14

15:16:21.809 [AsyncHttpClient-1-4] DEBUG org.asynchttpclient.netty.channel.ChannelManager - Adding key: http://localhost:59775 for channel [id: 0x8afab546, L:/127.0.0.1:50273 - R:localhost/127.0.0.1:59775]
  &amp#27;[32mThen &amp#27;[0m&amp#27;[32mI click baby on the header&amp#27;[0m &amp#27;[90m# starter.stepdefinitions.BabyStep.iClickBabyOnTheHeader()&amp#27;[0m
15:16:21.818 [Forwarding screenshot on session 69001c7a155993a69e01f075d65b54b1 to remote] DEBUG org.asynchttpclient.netty.request.NettyRequestSender - Using pooled Channel '[id: 0x8afab546, L:/127.0.0.1:50273 - R:localhost/127.0.0.1:59775]' for 'GET' to 'http://localhost:59775/session/69001c7a155993a69e01f075d65b54b1/screenshot'
15:16:21.818 [Forwarding screenshot on session 69001c7a155993a69e01f075d65b54b1 to remote] DEBUG org.asynchttpclient.netty.request.NettyRequestSender - Using open Channel [id: 0x8afab546, L:/127.0.0.1:50273 - R:localhost/127.0.0.1:59775] for GET '/session/69001c7a155993a69e01f075d65b54b1/screenshot'
15:16:21.933 [AsyncHttpClient-1-4] DEBUG org.asynchttpclient.netty.handler.HttpHandler - 

Request DefaultFullHttpRequest(decodeResult: success, version: HTTP/1.1, content: EmptyByteBufBE)
GET /session/69001c7a155993a69e01f075d65b54b1/screenshot HTTP/1.1
User-Agent: selenium/4.1.2 (java windows)
Cache-Control: no-cache
Content-Type: application/json; charset=utf-8
host: localhost:59775
accept: */*

Response DefaultHttpResponse(decodeResult: success, version: HTTP/1.1)
HTTP/1.1 200 OK
Content-Type: application/json; charset=utf-8
cache-control: no-cache
content-length: 61816

15:16:21.933 [AsyncHttpClient-1-4] DEBUG org.asynchttpclient.netty.channel.ChannelManager - Adding key: http://localhost:59775 for channel [id: 0x8afab546, L:/127.0.0.1:50273 - R:localhost/127.0.0.1:59775]
15:16:21.936 [main] DEBUG net.serenitybdd.core.photography.Darkroom - Send negative for processing for target\site\serenity\5b31d5e614668d2bcda9561786ada5ef763160918f6c9d1435da003ab94fed82.png
15:16:21.937 [Darkroom Processing Line] DEBUG net.serenitybdd.core.photography.DarkroomProcessingLine - Processing screenshot image in /var/screenshots/screenshot-16897124158943845412
15:16:21.937 [Darkroom Processing Line] DEBUG net.serenitybdd.core.photography.DarkroomProcessingLine - Saving screenshot to target\site\serenity\5b31d5e614668d2bcda9561786ada5ef763160918f6c9d1435da003ab94fed82.png
15:16:21.946 [Forwarding findElement on session 69001c7a155993a69e01f075d65b54b1 to remote] DEBUG org.asynchttpclient.netty.request.NettyRequestSender - Using pooled Channel '[id: 0x8afab546, L:/127.0.0.1:50273 - R:localhost/127.0.0.1:59775]' for 'POST' to 'http://localhost:59775/session/69001c7a155993a69e01f075d65b54b1/element'
15:16:21.946 [Forwarding findElement on session 69001c7a155993a69e01f075d65b54b1 to remote] DEBUG org.asynchttpclient.netty.request.NettyRequestSender - Using open Channel [id: 0x8afab546, L:/127.0.0.1:50273 - R:localhost/127.0.0.1:59775] for POST '/session/69001c7a155993a69e01f075d65b54b1/element'
15:16:21.957 [AsyncHttpClient-1-4] DEBUG org.asynchttpclient.netty.handler.HttpHandler - 

Request DefaultHttpRequest(decodeResult: success, version: HTTP/1.1)
POST /session/69001c7a155993a69e01f075d65b54b1/element HTTP/1.1
User-Agent: selenium/4.1.2 (java windows)
Content-Length: 104
Content-Type: application/json; charset=utf-8
host: localhost:59775
accept: */*

Response DefaultHttpResponse(decodeResult: success, version: HTTP/1.1)
HTTP/1.1 200 OK
Content-Type: application/json; charset=utf-8
cache-control: no-cache
content-length: 88

15:16:21.958 [AsyncHttpClient-1-4] DEBUG org.asynchttpclient.netty.channel.ChannelManager - Adding key: http://localhost:59775 for channel [id: 0x8afab546, L:/127.0.0.1:50273 - R:localhost/127.0.0.1:59775]
15:16:21.961 [Forwarding getElementTagName on session 69001c7a155993a69e01f075d65b54b1 to remote] DEBUG org.asynchttpclient.netty.request.NettyRequestSender - Using pooled Channel '[id: 0x8afab546, L:/127.0.0.1:50273 - R:localhost/127.0.0.1:59775]' for 'GET' to 'http://localhost:59775/session/69001c7a155993a69e01f075d65b54b1/element/85ed8306-4283-4f09-8beb-aa4c0b5656b1/name'
15:16:21.961 [Forwarding getElementTagName on session 69001c7a155993a69e01f075d65b54b1 to remote] DEBUG org.asynchttpclient.netty.request.NettyRequestSender - Using open Channel [id: 0x8afab546, L:/127.0.0.1:50273 - R:localhost/127.0.0.1:59775] for GET '/session/69001c7a155993a69e01f075d65b54b1/element/85ed8306-4283-4f09-8beb-aa4c0b5656b1/name'
15:16:21.966 [AsyncHttpClient-1-4] DEBUG org.asynchttpclient.netty.handler.HttpHandler - 

Request DefaultFullHttpRequest(decodeResult: success, version: HTTP/1.1, content: EmptyByteBufBE)
GET /session/69001c7a155993a69e01f075d65b54b1/element/85ed8306-4283-4f09-8beb-aa4c0b5656b1/name HTTP/1.1
User-Agent: selenium/4.1.2 (java windows)
Cache-Control: no-cache
Content-Type: application/json; charset=utf-8
host: localhost:59775
accept: */*

Response DefaultHttpResponse(decodeResult: success, version: HTTP/1.1)
HTTP/1.1 200 OK
Content-Type: application/json; charset=utf-8
cache-control: no-cache
content-length: 16

15:16:21.966 [AsyncHttpClient-1-4] DEBUG org.asynchttpclient.netty.channel.ChannelManager - Adding key: http://localhost:59775 for channel [id: 0x8afab546, L:/127.0.0.1:50273 - R:localhost/127.0.0.1:59775]
15:16:21.968 [Forwarding getElementTagName on session 69001c7a155993a69e01f075d65b54b1 to remote] DEBUG org.asynchttpclient.netty.request.NettyRequestSender - Using pooled Channel '[id: 0x8afab546, L:/127.0.0.1:50273 - R:localhost/127.0.0.1:59775]' for 'GET' to 'http://localhost:59775/session/69001c7a155993a69e01f075d65b54b1/element/85ed8306-4283-4f09-8beb-aa4c0b5656b1/name'
15:16:21.968 [Forwarding getElementTagName on session 69001c7a155993a69e01f075d65b54b1 to remote] DEBUG org.asynchttpclient.netty.request.NettyRequestSender - Using open Channel [id: 0x8afab546, L:/127.0.0.1:50273 - R:localhost/127.0.0.1:59775] for GET '/session/69001c7a155993a69e01f075d65b54b1/element/85ed8306-4283-4f09-8beb-aa4c0b5656b1/name'
15:16:21.971 [AsyncHttpClient-1-4] DEBUG org.asynchttpclient.netty.handler.HttpHandler - 

Request DefaultFullHttpRequest(decodeResult: success, version: HTTP/1.1, content: EmptyByteBufBE)
GET /session/69001c7a155993a69e01f075d65b54b1/element/85ed8306-4283-4f09-8beb-aa4c0b5656b1/name HTTP/1.1
User-Agent: selenium/4.1.2 (java windows)
Cache-Control: no-cache
Content-Type: application/json; charset=utf-8
host: localhost:59775
accept: */*

Response DefaultHttpResponse(decodeResult: success, version: HTTP/1.1)
HTTP/1.1 200 OK
Content-Type: application/json; charset=utf-8
cache-control: no-cache
content-length: 16

15:16:21.972 [AsyncHttpClient-1-4] DEBUG org.asynchttpclient.netty.channel.ChannelManager - Adding key: http://localhost:59775 for channel [id: 0x8afab546, L:/127.0.0.1:50273 - R:localhost/127.0.0.1:59775]
15:16:21.973 [Forwarding findElement on session 69001c7a155993a69e01f075d65b54b1 to remote] DEBUG org.asynchttpclient.netty.request.NettyRequestSender - Using pooled Channel '[id: 0x8afab546, L:/127.0.0.1:50273 - R:localhost/127.0.0.1:59775]' for 'POST' to 'http://localhost:59775/session/69001c7a155993a69e01f075d65b54b1/element'
15:16:21.973 [Forwarding findElement on session 69001c7a155993a69e01f075d65b54b1 to remote] DEBUG org.asynchttpclient.netty.request.NettyRequestSender - Using open Channel [id: 0x8afab546, L:/127.0.0.1:50273 - R:localhost/127.0.0.1:59775] for POST '/session/69001c7a155993a69e01f075d65b54b1/element'
15:16:21.983 [AsyncHttpClient-1-4] DEBUG org.asynchttpclient.netty.handler.HttpHandler - 

Request DefaultHttpRequest(decodeResult: success, version: HTTP/1.1)
POST /session/69001c7a155993a69e01f075d65b54b1/element HTTP/1.1
User-Agent: selenium/4.1.2 (java windows)
Content-Length: 104
Content-Type: application/json; charset=utf-8
host: localhost:59775
accept: */*

Response DefaultHttpResponse(decodeResult: success, version: HTTP/1.1)
HTTP/1.1 200 OK
Content-Type: application/json; charset=utf-8
cache-control: no-cache
content-length: 88

15:16:21.984 [AsyncHttpClient-1-4] DEBUG org.asynchttpclient.netty.channel.ChannelManager - Adding key: http://localhost:59775 for channel [id: 0x8afab546, L:/127.0.0.1:50273 - R:localhost/127.0.0.1:59775]
15:16:21.986 [Forwarding clickElement on session 69001c7a155993a69e01f075d65b54b1 to remote] DEBUG org.asynchttpclient.netty.request.NettyRequestSender - Using pooled Channel '[id: 0x8afab546, L:/127.0.0.1:50273 - R:localhost/127.0.0.1:59775]' for 'POST' to 'http://localhost:59775/session/69001c7a155993a69e01f075d65b54b1/element/85ed8306-4283-4f09-8beb-aa4c0b5656b1/click'
15:16:21.986 [Forwarding clickElement on session 69001c7a155993a69e01f075d65b54b1 to remote] DEBUG org.asynchttpclient.netty.request.NettyRequestSender - Using open Channel [id: 0x8afab546, L:/127.0.0.1:50273 - R:localhost/127.0.0.1:59775] for POST '/session/69001c7a155993a69e01f075d65b54b1/element/85ed8306-4283-4f09-8beb-aa4c0b5656b1/click'
15:16:22.168 [AsyncHttpClient-1-4] DEBUG org.asynchttpclient.netty.handler.HttpHandler - 

Request DefaultHttpRequest(decodeResult: success, version: HTTP/1.1)
POST /session/69001c7a155993a69e01f075d65b54b1/element/85ed8306-4283-4f09-8beb-aa4c0b5656b1/click HTTP/1.1
User-Agent: selenium/4.1.2 (java windows)
Content-Length: 50
Content-Type: application/json; charset=utf-8
host: localhost:59775
accept: */*

Response DefaultHttpResponse(decodeResult: success, version: HTTP/1.1)
HTTP/1.1 200 OK
Content-Type: application/json; charset=utf-8
cache-control: no-cache
content-length: 14

15:16:22.169 [AsyncHttpClient-1-4] DEBUG org.asynchttpclient.netty.channel.ChannelManager - Adding key: http://localhost:59775 for channel [id: 0x8afab546, L:/127.0.0.1:50273 - R:localhost/127.0.0.1:59775]
  &amp#27;[32mWhen &amp#27;[0m&amp#27;[32mI will go to &amp#27;[0m&amp#27;[32m&amp#27;[1m"atasan1"&amp#27;[0m     &amp#27;[90m# starter.stepdefinitions.BabyStep.iWillGoTo(java.lang.String)&amp#27;[0m
15:16:22.181 [Forwarding screenshot on session 69001c7a155993a69e01f075d65b54b1 to remote] DEBUG org.asynchttpclient.netty.request.NettyRequestSender - Using pooled Channel '[id: 0x8afab546, L:/127.0.0.1:50273 - R:localhost/127.0.0.1:59775]' for 'GET' to 'http://localhost:59775/session/69001c7a155993a69e01f075d65b54b1/screenshot'
15:16:22.181 [Forwarding screenshot on session 69001c7a155993a69e01f075d65b54b1 to remote] DEBUG org.asynchttpclient.netty.request.NettyRequestSender - Using open Channel [id: 0x8afab546, L:/127.0.0.1:50273 - R:localhost/127.0.0.1:59775] for GET '/session/69001c7a155993a69e01f075d65b54b1/screenshot'
15:16:22.306 [AsyncHttpClient-1-1] DEBUG org.asynchttpclient.netty.channel.DefaultChannelPool - Entry count for : http://localhost:50274 : 1
15:16:22.839 [AsyncHttpClient-1-4] DEBUG org.asynchttpclient.netty.handler.HttpHandler - 

Request DefaultFullHttpRequest(decodeResult: success, version: HTTP/1.1, content: EmptyByteBufBE)
GET /session/69001c7a155993a69e01f075d65b54b1/screenshot HTTP/1.1
User-Agent: selenium/4.1.2 (java windows)
Cache-Control: no-cache
Content-Type: application/json; charset=utf-8
host: localhost:59775
accept: */*

Response DefaultHttpResponse(decodeResult: success, version: HTTP/1.1)
HTTP/1.1 200 OK
Content-Type: application/json; charset=utf-8
cache-control: no-cache
content-length: 56904

15:16:22.840 [AsyncHttpClient-1-4] DEBUG org.asynchttpclient.netty.channel.ChannelManager - Adding key: http://localhost:59775 for channel [id: 0x8afab546, L:/127.0.0.1:50273 - R:localhost/127.0.0.1:59775]
15:16:22.842 [main] DEBUG net.serenitybdd.core.photography.Darkroom - Send negative for processing for target\site\serenity\f3696d5f3cf6c18bd54bcc74a553ed0b0918c682fc20e7c2c012d5933cd91a90.png
15:16:22.842 [Darkroom Processing Line] DEBUG net.serenitybdd.core.photography.DarkroomProcessingLine - Processing screenshot image in /var/screenshots/screenshot-355409472164281251
15:16:22.842 [Darkroom Processing Line] DEBUG net.serenitybdd.core.photography.DarkroomProcessingLine - Saving screenshot to target\site\serenity\f3696d5f3cf6c18bd54bcc74a553ed0b0918c682fc20e7c2c012d5933cd91a90.png
15:16:22.849 [Forwarding findElement on session 69001c7a155993a69e01f075d65b54b1 to remote] DEBUG org.asynchttpclient.netty.request.NettyRequestSender - Using pooled Channel '[id: 0x8afab546, L:/127.0.0.1:50273 - R:localhost/127.0.0.1:59775]' for 'POST' to 'http://localhost:59775/session/69001c7a155993a69e01f075d65b54b1/element'
15:16:22.849 [Forwarding findElement on session 69001c7a155993a69e01f075d65b54b1 to remote] DEBUG org.asynchttpclient.netty.request.NettyRequestSender - Using open Channel [id: 0x8afab546, L:/127.0.0.1:50273 - R:localhost/127.0.0.1:59775] for POST '/session/69001c7a155993a69e01f075d65b54b1/element'
15:16:22.860 [AsyncHttpClient-1-4] DEBUG org.asynchttpclient.netty.handler.HttpHandler - 

Request DefaultHttpRequest(decodeResult: success, version: HTTP/1.1)
POST /session/69001c7a155993a69e01f075d65b54b1/element HTTP/1.1
User-Agent: selenium/4.1.2 (java windows)
Content-Length: 88
Content-Type: application/json; charset=utf-8
host: localhost:59775
accept: */*

Response DefaultHttpResponse(decodeResult: success, version: HTTP/1.1)
HTTP/1.1 200 OK
Content-Type: application/json; charset=utf-8
cache-control: no-cache
content-length: 88

15:16:22.860 [AsyncHttpClient-1-4] DEBUG org.asynchttpclient.netty.channel.ChannelManager - Adding key: http://localhost:59775 for channel [id: 0x8afab546, L:/127.0.0.1:50273 - R:localhost/127.0.0.1:59775]
15:16:22.865 [Forwarding isElementDisplayed on session 69001c7a155993a69e01f075d65b54b1 to remote] DEBUG org.asynchttpclient.netty.request.NettyRequestSender - Using pooled Channel '[id: 0x8afab546, L:/127.0.0.1:50273 - R:localhost/127.0.0.1:59775]' for 'POST' to 'http://localhost:59775/session/69001c7a155993a69e01f075d65b54b1/execute/sync'
15:16:22.865 [Forwarding isElementDisplayed on session 69001c7a155993a69e01f075d65b54b1 to remote] DEBUG org.asynchttpclient.netty.request.NettyRequestSender - Using open Channel [id: 0x8afab546, L:/127.0.0.1:50273 - R:localhost/127.0.0.1:59775] for POST '/session/69001c7a155993a69e01f075d65b54b1/execute/sync'
15:16:22.881 [AsyncHttpClient-1-4] DEBUG org.asynchttpclient.netty.handler.HttpHandler - 

Request DefaultHttpRequest(decodeResult: success, version: HTTP/1.1)
POST /session/69001c7a155993a69e01f075d65b54b1/execute/sync HTTP/1.1
User-Agent: selenium/4.1.2 (java windows)
Content-Length: 48780
Content-Type: application/json; charset=utf-8
host: localhost:59775
accept: */*

Response DefaultHttpResponse(decodeResult: success, version: HTTP/1.1)
HTTP/1.1 200 OK
Content-Type: application/json; charset=utf-8
cache-control: no-cache
content-length: 14

15:16:22.881 [AsyncHttpClient-1-4] DEBUG org.asynchttpclient.netty.channel.ChannelManager - Adding key: http://localhost:59775 for channel [id: 0x8afab546, L:/127.0.0.1:50273 - R:localhost/127.0.0.1:59775]
  &amp#27;[32mAnd &amp#27;[0m&amp#27;[32mI &amp#27;[0m&amp#27;[32m&amp#27;[1m"txtAtasan1"&amp#27;[0m&amp#27;[32m page&amp#27;[0m         &amp#27;[90m# starter.stepdefinitions.BabyStep.iPage(java.lang.String)&amp#27;[0m
15:16:22.890 [AsyncHttpClient-1-6] DEBUG org.asynchttpclient.netty.handler.WebSocketHandler - Channel Closed: [id: 0x85a260d5, L:/127.0.0.1:50282 ! R:localhost/127.0.0.1:50274] with attribute NettyResponseFuture{currentRetry=5,
	isDone=1,
	isCancelled=0,
	asyncHandler=org.asynchttpclient.ws.WebSocketUpgradeHandler@276fe793,
	nettyRequest=org.asynchttpclient.netty.request.NettyRequest@7c20f6a1,
	future=java.util.concurrent.CompletableFuture@5f02b47c[Completed normally],
	uri=ws://localhost:50274/devtools/browser/2596ddba-8631-4464-a9db-e67b7fe025ae,
	keepAlive=true,
	redirectCount=0,
	timeoutsHolder=null,
	inAuth=0,
	touch=1680855367359}
15:16:22.890 [AsyncHttpClient-1-6] DEBUG org.asynchttpclient.netty.channel.ChannelManager - Closing Channel [id: 0x85a260d5, L:/127.0.0.1:50282 ! R:localhost/127.0.0.1:50274] 
15:16:22.890 [Driver Command Executor] DEBUG org.asynchttpclient.netty.request.NettyRequestSender - Using pooled Channel '[id: 0x8afab546, L:/127.0.0.1:50273 - R:localhost/127.0.0.1:59775]' for 'DELETE' to 'http://localhost:59775/session/69001c7a155993a69e01f075d65b54b1'
15:16:22.890 [Driver Command Executor] DEBUG org.asynchttpclient.netty.request.NettyRequestSender - Using open Channel [id: 0x8afab546, L:/127.0.0.1:50273 - R:localhost/127.0.0.1:59775] for DELETE '/session/69001c7a155993a69e01f075d65b54b1'
15:16:22.937 [AsyncHttpClient-1-5] DEBUG org.asynchttpclient.netty.handler.HttpHandler - Unexpected I/O exception on channel [id: 0x4361410e, L:/127.0.0.1:50281 - R:localhost/127.0.0.1:50274]
java.net.SocketException: Connection reset
	at java.base/sun.nio.ch.SocketChannelImpl.throwConnectionReset(SocketChannelImpl.java:345)
	at java.base/sun.nio.ch.SocketChannelImpl.read(SocketChannelImpl.java:376)
	at io.netty.buffer.PooledByteBuf.setBytes(PooledByteBuf.java:258)
	at io.netty.buffer.AbstractByteBuf.writeBytes(AbstractByteBuf.java:1132)
	at io.netty.channel.socket.nio.NioSocketChannel.doReadBytes(NioSocketChannel.java:350)
	at io.netty.channel.nio.AbstractNioByteChannel$NioByteUnsafe.read(AbstractNioByteChannel.java:151)
	at io.netty.channel.nio.NioEventLoop.processSelectedKey(NioEventLoop.java:722)
	at io.netty.channel.nio.NioEventLoop.processSelectedKeysOptimized(NioEventLoop.java:658)
	at io.netty.channel.nio.NioEventLoop.processSelectedKeys(NioEventLoop.java:584)
	at io.netty.channel.nio.NioEventLoop.run(NioEventLoop.java:496)
	at io.netty.util.concurrent.SingleThreadEventExecutor$4.run(SingleThreadEventExecutor.java:986)
	at io.netty.util.internal.ThreadExecutorMap$2.run(ThreadExecutorMap.java:74)
	at io.netty.util.concurrent.FastThreadLocalRunnable.run(FastThreadLocalRunnable.java:30)
	at java.base/java.lang.Thread.run(Thread.java:830)
15:16:22.937 [AsyncHttpClient-1-5] DEBUG org.asynchttpclient.netty.channel.ChannelManager - Closing Channel [id: 0x4361410e, L:/127.0.0.1:50281 - R:localhost/127.0.0.1:50274] 
15:16:22.937 [AsyncHttpClient-1-5] DEBUG org.asynchttpclient.netty.handler.HttpHandler - Channel Closed: [id: 0x4361410e, L:/127.0.0.1:50281 ! R:localhost/127.0.0.1:50274] with attribute DISCARD
15:16:22.987 [AsyncHttpClient-1-4] DEBUG org.asynchttpclient.netty.handler.HttpHandler - 

Request DefaultFullHttpRequest(decodeResult: success, version: HTTP/1.1, content: EmptyByteBufBE)
DELETE /session/69001c7a155993a69e01f075d65b54b1 HTTP/1.1
User-Agent: selenium/4.1.2 (java windows)
Content-Type: application/json; charset=utf-8
host: localhost:59775
accept: */*

Response DefaultHttpResponse(decodeResult: success, version: HTTP/1.1)
HTTP/1.1 200 OK
Content-Type: application/json; charset=utf-8
cache-control: no-cache
content-length: 14

15:16:22.987 [AsyncHttpClient-1-4] DEBUG org.asynchttpclient.netty.channel.ChannelManager - Adding key: http://localhost:59775 for channel [id: 0x8afab546, L:/127.0.0.1:50273 - R:localhost/127.0.0.1:59775]
15:16:23.118 [AsyncHttpClient-1-4] DEBUG org.asynchttpclient.netty.handler.HttpHandler - Channel Closed: [id: 0x8afab546, L:/127.0.0.1:50273 ! R:localhost/127.0.0.1:59775] with attribute DISCARD
15:16:23.411 [AsyncHttpClient-1-1] DEBUG org.asynchttpclient.netty.channel.DefaultChannelPool - Entry count for : http://localhost:50274 : 1
15:16:23.411 [AsyncHttpClient-1-1] DEBUG org.asynchttpclient.netty.channel.DefaultChannelPool - Entry count for : http://localhost:59775 : 1
15:16:23.411 [AsyncHttpClient-1-1] DEBUG org.asynchttpclient.netty.channel.DefaultChannelPool - Adding Candidate expired Channel [id: 0x4361410e, L:/127.0.0.1:50281 ! R:localhost/127.0.0.1:50274] isIdleTimeoutExpired=false isRemotelyClosed=true isTtlExpired=false
15:16:23.411 [AsyncHttpClient-1-1] DEBUG org.asynchttpclient.netty.channel.DefaultChannelPool - Closing Idle Channel [id: 0x4361410e, L:/127.0.0.1:50281 ! R:localhost/127.0.0.1:50274]
15:16:23.411 [AsyncHttpClient-1-1] DEBUG org.asynchttpclient.netty.channel.DefaultChannelPool - Adding Candidate expired Channel [id: 0x8afab546, L:/127.0.0.1:50273 ! R:localhost/127.0.0.1:59775] isIdleTimeoutExpired=false isRemotelyClosed=true isTtlExpired=false
15:16:23.411 [AsyncHttpClient-1-1] DEBUG org.asynchttpclient.netty.channel.DefaultChannelPool - Closing Idle Channel [id: 0x8afab546, L:/127.0.0.1:50273 ! R:localhost/127.0.0.1:59775]
15:16:23.411 [AsyncHttpClient-1-1] DEBUG org.asynchttpclient.netty.channel.DefaultChannelPool - Closed 2 connections out of 2 in 0 ms
]]></system-out>
    <system-err><![CDATA[Starting Microsoft Edge WebDriver 111.0.1661.62 (0a8f453929e6410c973aa529a40485ce4e3e03db) on port 59775
To submit feedback, report a bug, or suggest new features, please visit https://github.com/MicrosoftEdge/EdgeWebDriver

Only local connections are allowed.
Please see https://aka.ms/WebDriverSecurity for suggestions on keeping Microsoft Edge WebDriver safe.

Microsoft Edge WebDriver was started successfully.
Apr 07, 2023 3:16:07 PM org.openqa.selenium.remote.ProtocolHandshake createSession
INFO: Detected dialect: W3C
Apr 07, 2023 3:16:07 PM org.openqa.selenium.devtools.CdpVersionFinder findNearestMatch
WARNING: Unable to find an exact match for CDP version 111, so returning the closest version found: a no-op implementation
Apr 07, 2023 3:16:07 PM org.openqa.selenium.devtools.CdpVersionFinder findNearestMatch
INFO: Unable to find CDP implementation matching 111.
Apr 07, 2023 3:16:07 PM org.openqa.selenium.chromium.ChromiumDriver lambda$new$3
WARNING: Unable to find version of CDP to use for . You may need to include a dependency on a specific version of the CDP using something similar to `org.seleniumhq.selenium:selenium-devtools-v86:4.1.2` where the version ("v86") matches the version of the chromium-based browser you're using and the version number of the artifact is the same as Selenium's.
]]></system-err>
  </testcase>
  <testcase name="Fitur Menu Baby #8" classname="Baby" time="13.674">
    <system-out><![CDATA[
Scenario Outline: Fitur Menu Baby &amp#27;[90m# src/test/resources/features/Baby.feature:100&amp#27;[0m
15:16:23.717 [main] INFO io.cucumber.core.plugin.SerenityReporter - Running feature from file:///C:/Users/alwi/IdeaProjects/uniqloweb/src/test/resources/features/Baby.feature
15:16:23.859 [main] DEBUG io.github.bonigarcia.wdm.cache.ResolutionCache - Resolution edge=111 in cache (valid until 16:02:35 07/04/2023 WIB)
15:16:23.863 [main] DEBUG io.github.bonigarcia.wdm.cache.ResolutionCache - Resolution edge111=111.0.1661.62 in cache (valid until 15:02:35 08/04/2023 WIB)
15:16:23.866 [main] INFO io.github.bonigarcia.wdm.WebDriverManager - Using msedgedriver 111.0.1661.62 (resolved driver for Edge 111)
15:16:23.875 [main] DEBUG io.github.bonigarcia.wdm.WebDriverManager - Driver msedgedriver 111.0.1661.62 found in cache
15:16:23.876 [main] INFO io.github.bonigarcia.wdm.WebDriverManager - Exporting webdriver.edge.driver as C:\Users\alwi\.cache\selenium\msedgedriver\win64\111.0.1661.62\msedgedriver.exe
15:16:23.878 [main] DEBUG net.serenitybdd.core.webdriver.driverproviders.ProvideNewDriver - Instantiating driver
15:16:23.878 [main] DEBUG net.serenitybdd.core.webdriver.driverproviders.ProvideNewDriver - Driver capabilities: Capabilities {base.url: https://www.uniqlo.com, chrome.driver: src/test/resources/webdrive..., driver: edge, ms:edgeChromium: true, ms:edgeOptions: {}, wait.for.timeout: 6000}
15:16:24.411 [AsyncHttpClient-1-7] DEBUG org.asynchttpclient.netty.channel.NettyConnectListener - Using new Channel '[id: 0xa7a2d125, L:/127.0.0.1:50430 - R:localhost/127.0.0.1:51664]' for 'POST' to '/session'
15:16:25.031 [AsyncHttpClient-1-7] DEBUG org.asynchttpclient.netty.handler.HttpHandler - 

Request DefaultHttpRequest(decodeResult: success, version: HTTP/1.1)
POST /session HTTP/1.1
User-Agent: selenium/4.1.2 (java windows)
Content-Length: 627
Content-Type: application/json; charset=utf-8
host: localhost:51664
accept: */*

Response DefaultHttpResponse(decodeResult: success, version: HTTP/1.1)
HTTP/1.1 200 OK
Content-Type: application/json; charset=utf-8
cache-control: no-cache
content-length: 823

15:16:25.031 [AsyncHttpClient-1-7] DEBUG org.asynchttpclient.netty.channel.ChannelManager - Adding key: http://localhost:51664 for channel [id: 0xa7a2d125, L:/127.0.0.1:50430 - R:localhost/127.0.0.1:51664]
15:16:25.037 [AsyncHttpClient-1-8] DEBUG org.asynchttpclient.netty.channel.NettyConnectListener - Using new Channel '[id: 0x68f134d6, L:/127.0.0.1:50438 - R:localhost/127.0.0.1:50432]' for 'GET' to '/json/version'
15:16:25.038 [AsyncHttpClient-1-8] DEBUG org.asynchttpclient.netty.handler.HttpHandler - 

Request DefaultFullHttpRequest(decodeResult: success, version: HTTP/1.1, content: EmptyByteBufBE)
GET /json/version HTTP/1.1
User-Agent: selenium/4.1.2 (java windows)
host: localhost:50432
accept: */*

Response DefaultHttpResponse(decodeResult: success, version: HTTP/1.1)
HTTP/1.1 200 OK
Content-Security-Policy: frame-ancestors 'none'
Content-Type: application/json; charset=UTF-8
content-length: 436

15:16:25.038 [AsyncHttpClient-1-8] DEBUG org.asynchttpclient.netty.channel.ChannelManager - Adding key: http://localhost:50432 for channel [id: 0x68f134d6, L:/127.0.0.1:50438 - R:localhost/127.0.0.1:50432]
15:16:25.040 [AsyncHttpClient-1-9] DEBUG org.asynchttpclient.netty.channel.NettyConnectListener - Using new Channel '[id: 0xf9719318, L:/127.0.0.1:50439 - R:localhost/127.0.0.1:50432]' for 'GET' to '/devtools/browser/1128d899-5a85-417e-b30a-6bcee1ea099d'
15:16:25.041 [AsyncHttpClient-1-9] DEBUG org.asynchttpclient.netty.handler.WebSocketHandler - 

Request DefaultFullHttpRequest(decodeResult: success, version: HTTP/1.1, content: EmptyByteBufBE)
GET /devtools/browser/1128d899-5a85-417e-b30a-6bcee1ea099d HTTP/1.1
upgrade: websocket
connection: upgrade
sec-websocket-key: AmAVh5gpCTjtt0OSO3lExA==
sec-websocket-version: 13
origin: http://localhost:50432
host: localhost:50432
accept: */*
user-agent: AHC/2.1

Response DefaultHttpResponse(decodeResult: success, version: HTTP/1.1)
HTTP/1.1 101 WebSocket Protocol Handshake
Upgrade: WebSocket
Connection: Upgrade
Sec-WebSocket-Accept: q8DXANLd2i5neZvVn/vFGAe9+eQ=

15:16:25.044 [Forwarding get on session 94efed0bede2223560cb5dad6c58c05d to remote] DEBUG org.asynchttpclient.netty.request.NettyRequestSender - Using pooled Channel '[id: 0xa7a2d125, L:/127.0.0.1:50430 - R:localhost/127.0.0.1:51664]' for 'POST' to 'http://localhost:51664/session/94efed0bede2223560cb5dad6c58c05d/url'
15:16:25.044 [Forwarding get on session 94efed0bede2223560cb5dad6c58c05d to remote] DEBUG org.asynchttpclient.netty.request.NettyRequestSender - Using open Channel [id: 0xa7a2d125, L:/127.0.0.1:50430 - R:localhost/127.0.0.1:51664] for POST '/session/94efed0bede2223560cb5dad6c58c05d/url'
15:16:25.607 [AsyncHttpClient-1-1] DEBUG org.asynchttpclient.netty.channel.DefaultChannelPool - Entry count for : http://localhost:50432 : 1
15:16:26.710 [AsyncHttpClient-1-1] DEBUG org.asynchttpclient.netty.channel.DefaultChannelPool - Entry count for : http://localhost:50432 : 1
15:16:27.808 [AsyncHttpClient-1-1] DEBUG org.asynchttpclient.netty.channel.DefaultChannelPool - Entry count for : http://localhost:50432 : 1
15:16:28.906 [AsyncHttpClient-1-1] DEBUG org.asynchttpclient.netty.channel.DefaultChannelPool - Entry count for : http://localhost:50432 : 1
15:16:30.009 [AsyncHttpClient-1-1] DEBUG org.asynchttpclient.netty.channel.DefaultChannelPool - Entry count for : http://localhost:50432 : 1
15:16:31.110 [AsyncHttpClient-1-1] DEBUG org.asynchttpclient.netty.channel.DefaultChannelPool - Entry count for : http://localhost:50432 : 1
15:16:32.206 [AsyncHttpClient-1-1] DEBUG org.asynchttpclient.netty.channel.DefaultChannelPool - Entry count for : http://localhost:50432 : 1
15:16:33.311 [AsyncHttpClient-1-1] DEBUG org.asynchttpclient.netty.channel.DefaultChannelPool - Entry count for : http://localhost:50432 : 1
15:16:34.420 [AsyncHttpClient-1-1] DEBUG org.asynchttpclient.netty.channel.DefaultChannelPool - Entry count for : http://localhost:50432 : 1
15:16:34.689 [AsyncHttpClient-1-7] DEBUG org.asynchttpclient.netty.handler.HttpHandler - 

Request DefaultHttpRequest(decodeResult: success, version: HTTP/1.1)
POST /session/94efed0bede2223560cb5dad6c58c05d/url HTTP/1.1
User-Agent: selenium/4.1.2 (java windows)
Content-Length: 53
Content-Type: application/json; charset=utf-8
host: localhost:51664
accept: */*

Response DefaultHttpResponse(decodeResult: success, version: HTTP/1.1)
HTTP/1.1 200 OK
Content-Type: application/json; charset=utf-8
cache-control: no-cache
content-length: 14

15:16:34.689 [AsyncHttpClient-1-7] DEBUG org.asynchttpclient.netty.channel.ChannelManager - Adding key: http://localhost:51664 for channel [id: 0xa7a2d125, L:/127.0.0.1:50430 - R:localhost/127.0.0.1:51664]
15:16:34.690 [Forwarding setTimeout on session 94efed0bede2223560cb5dad6c58c05d to remote] DEBUG org.asynchttpclient.netty.request.NettyRequestSender - Using pooled Channel '[id: 0xa7a2d125, L:/127.0.0.1:50430 - R:localhost/127.0.0.1:51664]' for 'POST' to 'http://localhost:51664/session/94efed0bede2223560cb5dad6c58c05d/timeouts'
15:16:34.690 [Forwarding setTimeout on session 94efed0bede2223560cb5dad6c58c05d to remote] DEBUG org.asynchttpclient.netty.request.NettyRequestSender - Using open Channel [id: 0xa7a2d125, L:/127.0.0.1:50430 - R:localhost/127.0.0.1:51664] for POST '/session/94efed0bede2223560cb5dad6c58c05d/timeouts'
15:16:34.691 [AsyncHttpClient-1-7] DEBUG org.asynchttpclient.netty.handler.HttpHandler - 

Request DefaultHttpRequest(decodeResult: success, version: HTTP/1.1)
POST /session/94efed0bede2223560cb5dad6c58c05d/timeouts HTTP/1.1
User-Agent: selenium/4.1.2 (java windows)
Content-Length: 22
Content-Type: application/json; charset=utf-8
host: localhost:51664
accept: */*

Response DefaultHttpResponse(decodeResult: success, version: HTTP/1.1)
HTTP/1.1 200 OK
Content-Type: application/json; charset=utf-8
cache-control: no-cache
content-length: 14

15:16:34.692 [AsyncHttpClient-1-7] DEBUG org.asynchttpclient.netty.channel.ChannelManager - Adding key: http://localhost:51664 for channel [id: 0xa7a2d125, L:/127.0.0.1:50430 - R:localhost/127.0.0.1:51664]
15:16:34.694 [Forwarding getCurrentUrl on session 94efed0bede2223560cb5dad6c58c05d to remote] DEBUG org.asynchttpclient.netty.request.NettyRequestSender - Using pooled Channel '[id: 0xa7a2d125, L:/127.0.0.1:50430 - R:localhost/127.0.0.1:51664]' for 'GET' to 'http://localhost:51664/session/94efed0bede2223560cb5dad6c58c05d/url'
15:16:34.694 [Forwarding getCurrentUrl on session 94efed0bede2223560cb5dad6c58c05d to remote] DEBUG org.asynchttpclient.netty.request.NettyRequestSender - Using open Channel [id: 0xa7a2d125, L:/127.0.0.1:50430 - R:localhost/127.0.0.1:51664] for GET '/session/94efed0bede2223560cb5dad6c58c05d/url'
15:16:34.706 [AsyncHttpClient-1-7] DEBUG org.asynchttpclient.netty.handler.HttpHandler - 

Request DefaultFullHttpRequest(decodeResult: success, version: HTTP/1.1, content: EmptyByteBufBE)
GET /session/94efed0bede2223560cb5dad6c58c05d/url HTTP/1.1
User-Agent: selenium/4.1.2 (java windows)
Cache-Control: no-cache
Content-Type: application/json; charset=utf-8
host: localhost:51664
accept: */*

Response DefaultHttpResponse(decodeResult: success, version: HTTP/1.1)
HTTP/1.1 200 OK
Content-Type: application/json; charset=utf-8
cache-control: no-cache
content-length: 41

15:16:34.706 [AsyncHttpClient-1-7] DEBUG org.asynchttpclient.netty.channel.ChannelManager - Adding key: http://localhost:51664 for channel [id: 0xa7a2d125, L:/127.0.0.1:50430 - R:localhost/127.0.0.1:51664]
  &amp#27;[32mGiven &amp#27;[0m&amp#27;[32mI am on the home page&amp#27;[0m     &amp#27;[90m# starter.stepdefinitions.BabyStep.iAmOnTheHomePage()&amp#27;[0m
15:16:34.710 [Forwarding screenshot on session 94efed0bede2223560cb5dad6c58c05d to remote] DEBUG org.asynchttpclient.netty.request.NettyRequestSender - Using pooled Channel '[id: 0xa7a2d125, L:/127.0.0.1:50430 - R:localhost/127.0.0.1:51664]' for 'GET' to 'http://localhost:51664/session/94efed0bede2223560cb5dad6c58c05d/screenshot'
15:16:34.710 [Forwarding screenshot on session 94efed0bede2223560cb5dad6c58c05d to remote] DEBUG org.asynchttpclient.netty.request.NettyRequestSender - Using open Channel [id: 0xa7a2d125, L:/127.0.0.1:50430 - R:localhost/127.0.0.1:51664] for GET '/session/94efed0bede2223560cb5dad6c58c05d/screenshot'
15:16:35.028 [AsyncHttpClient-1-7] DEBUG org.asynchttpclient.netty.handler.HttpHandler - 

Request DefaultFullHttpRequest(decodeResult: success, version: HTTP/1.1, content: EmptyByteBufBE)
GET /session/94efed0bede2223560cb5dad6c58c05d/screenshot HTTP/1.1
User-Agent: selenium/4.1.2 (java windows)
Cache-Control: no-cache
Content-Type: application/json; charset=utf-8
host: localhost:51664
accept: */*

Response DefaultHttpResponse(decodeResult: success, version: HTTP/1.1)
HTTP/1.1 200 OK
Content-Type: application/json; charset=utf-8
cache-control: no-cache
content-length: 1022316

15:16:35.030 [AsyncHttpClient-1-7] DEBUG org.asynchttpclient.netty.channel.ChannelManager - Adding key: http://localhost:51664 for channel [id: 0xa7a2d125, L:/127.0.0.1:50430 - R:localhost/127.0.0.1:51664]
15:16:35.063 [main] DEBUG net.serenitybdd.core.photography.Darkroom - Send negative for processing for target\site\serenity\b0ddf3608b8f51a6a3adc36e4acd901b7a2c5b7adc6fd42a924a7c7a6358c0ea.png
15:16:35.076 [Forwarding findElement on session 94efed0bede2223560cb5dad6c58c05d to remote] DEBUG org.asynchttpclient.netty.request.NettyRequestSender - Using pooled Channel '[id: 0xa7a2d125, L:/127.0.0.1:50430 - R:localhost/127.0.0.1:51664]' for 'POST' to 'http://localhost:51664/session/94efed0bede2223560cb5dad6c58c05d/element'
15:16:35.076 [Forwarding findElement on session 94efed0bede2223560cb5dad6c58c05d to remote] DEBUG org.asynchttpclient.netty.request.NettyRequestSender - Using open Channel [id: 0xa7a2d125, L:/127.0.0.1:50430 - R:localhost/127.0.0.1:51664] for POST '/session/94efed0bede2223560cb5dad6c58c05d/element'
15:16:35.089 [AsyncHttpClient-1-7] DEBUG org.asynchttpclient.netty.handler.HttpHandler - 

Request DefaultHttpRequest(decodeResult: success, version: HTTP/1.1)
POST /session/94efed0bede2223560cb5dad6c58c05d/element HTTP/1.1
User-Agent: selenium/4.1.2 (java windows)
Content-Length: 81
Content-Type: application/json; charset=utf-8
host: localhost:51664
accept: */*

Response DefaultHttpResponse(decodeResult: success, version: HTTP/1.1)
HTTP/1.1 200 OK
Content-Type: application/json; charset=utf-8
cache-control: no-cache
content-length: 88

15:16:35.089 [AsyncHttpClient-1-7] DEBUG org.asynchttpclient.netty.channel.ChannelManager - Adding key: http://localhost:51664 for channel [id: 0xa7a2d125, L:/127.0.0.1:50430 - R:localhost/127.0.0.1:51664]
15:16:35.090 [Forwarding getElementTagName on session 94efed0bede2223560cb5dad6c58c05d to remote] DEBUG org.asynchttpclient.netty.request.NettyRequestSender - Using pooled Channel '[id: 0xa7a2d125, L:/127.0.0.1:50430 - R:localhost/127.0.0.1:51664]' for 'GET' to 'http://localhost:51664/session/94efed0bede2223560cb5dad6c58c05d/element/d04fef6b-03eb-4a2e-8441-387744ef9390/name'
15:16:35.090 [Forwarding getElementTagName on session 94efed0bede2223560cb5dad6c58c05d to remote] DEBUG org.asynchttpclient.netty.request.NettyRequestSender - Using open Channel [id: 0xa7a2d125, L:/127.0.0.1:50430 - R:localhost/127.0.0.1:51664] for GET '/session/94efed0bede2223560cb5dad6c58c05d/element/d04fef6b-03eb-4a2e-8441-387744ef9390/name'
15:16:35.094 [AsyncHttpClient-1-7] DEBUG org.asynchttpclient.netty.handler.HttpHandler - 

Request DefaultFullHttpRequest(decodeResult: success, version: HTTP/1.1, content: EmptyByteBufBE)
GET /session/94efed0bede2223560cb5dad6c58c05d/element/d04fef6b-03eb-4a2e-8441-387744ef9390/name HTTP/1.1
User-Agent: selenium/4.1.2 (java windows)
Cache-Control: no-cache
Content-Type: application/json; charset=utf-8
host: localhost:51664
accept: */*

Response DefaultHttpResponse(decodeResult: success, version: HTTP/1.1)
HTTP/1.1 200 OK
Content-Type: application/json; charset=utf-8
cache-control: no-cache
content-length: 16

15:16:35.095 [AsyncHttpClient-1-7] DEBUG org.asynchttpclient.netty.channel.ChannelManager - Adding key: http://localhost:51664 for channel [id: 0xa7a2d125, L:/127.0.0.1:50430 - R:localhost/127.0.0.1:51664]
15:16:35.096 [Forwarding getElementTagName on session 94efed0bede2223560cb5dad6c58c05d to remote] DEBUG org.asynchttpclient.netty.request.NettyRequestSender - Using pooled Channel '[id: 0xa7a2d125, L:/127.0.0.1:50430 - R:localhost/127.0.0.1:51664]' for 'GET' to 'http://localhost:51664/session/94efed0bede2223560cb5dad6c58c05d/element/d04fef6b-03eb-4a2e-8441-387744ef9390/name'
15:16:35.096 [Forwarding getElementTagName on session 94efed0bede2223560cb5dad6c58c05d to remote] DEBUG org.asynchttpclient.netty.request.NettyRequestSender - Using open Channel [id: 0xa7a2d125, L:/127.0.0.1:50430 - R:localhost/127.0.0.1:51664] for GET '/session/94efed0bede2223560cb5dad6c58c05d/element/d04fef6b-03eb-4a2e-8441-387744ef9390/name'
15:16:35.098 [AsyncHttpClient-1-7] DEBUG org.asynchttpclient.netty.handler.HttpHandler - 

Request DefaultFullHttpRequest(decodeResult: success, version: HTTP/1.1, content: EmptyByteBufBE)
GET /session/94efed0bede2223560cb5dad6c58c05d/element/d04fef6b-03eb-4a2e-8441-387744ef9390/name HTTP/1.1
User-Agent: selenium/4.1.2 (java windows)
Cache-Control: no-cache
Content-Type: application/json; charset=utf-8
host: localhost:51664
accept: */*

Response DefaultHttpResponse(decodeResult: success, version: HTTP/1.1)
HTTP/1.1 200 OK
Content-Type: application/json; charset=utf-8
cache-control: no-cache
content-length: 16

15:16:35.098 [AsyncHttpClient-1-7] DEBUG org.asynchttpclient.netty.channel.ChannelManager - Adding key: http://localhost:51664 for channel [id: 0xa7a2d125, L:/127.0.0.1:50430 - R:localhost/127.0.0.1:51664]
15:16:35.100 [Forwarding findElement on session 94efed0bede2223560cb5dad6c58c05d to remote] DEBUG org.asynchttpclient.netty.request.NettyRequestSender - Using pooled Channel '[id: 0xa7a2d125, L:/127.0.0.1:50430 - R:localhost/127.0.0.1:51664]' for 'POST' to 'http://localhost:51664/session/94efed0bede2223560cb5dad6c58c05d/element'
15:16:35.100 [Forwarding findElement on session 94efed0bede2223560cb5dad6c58c05d to remote] DEBUG org.asynchttpclient.netty.request.NettyRequestSender - Using open Channel [id: 0xa7a2d125, L:/127.0.0.1:50430 - R:localhost/127.0.0.1:51664] for POST '/session/94efed0bede2223560cb5dad6c58c05d/element'
15:16:35.108 [AsyncHttpClient-1-7] DEBUG org.asynchttpclient.netty.handler.HttpHandler - 

Request DefaultHttpRequest(decodeResult: success, version: HTTP/1.1)
POST /session/94efed0bede2223560cb5dad6c58c05d/element HTTP/1.1
User-Agent: selenium/4.1.2 (java windows)
Content-Length: 81
Content-Type: application/json; charset=utf-8
host: localhost:51664
accept: */*

Response DefaultHttpResponse(decodeResult: success, version: HTTP/1.1)
HTTP/1.1 200 OK
Content-Type: application/json; charset=utf-8
cache-control: no-cache
content-length: 88

15:16:35.108 [AsyncHttpClient-1-7] DEBUG org.asynchttpclient.netty.channel.ChannelManager - Adding key: http://localhost:51664 for channel [id: 0xa7a2d125, L:/127.0.0.1:50430 - R:localhost/127.0.0.1:51664]
15:16:35.109 [Forwarding clickElement on session 94efed0bede2223560cb5dad6c58c05d to remote] DEBUG org.asynchttpclient.netty.request.NettyRequestSender - Using pooled Channel '[id: 0xa7a2d125, L:/127.0.0.1:50430 - R:localhost/127.0.0.1:51664]' for 'POST' to 'http://localhost:51664/session/94efed0bede2223560cb5dad6c58c05d/element/d04fef6b-03eb-4a2e-8441-387744ef9390/click'
15:16:35.109 [Forwarding clickElement on session 94efed0bede2223560cb5dad6c58c05d to remote] DEBUG org.asynchttpclient.netty.request.NettyRequestSender - Using open Channel [id: 0xa7a2d125, L:/127.0.0.1:50430 - R:localhost/127.0.0.1:51664] for POST '/session/94efed0bede2223560cb5dad6c58c05d/element/d04fef6b-03eb-4a2e-8441-387744ef9390/click'
15:16:35.505 [AsyncHttpClient-1-1] DEBUG org.asynchttpclient.netty.channel.DefaultChannelPool - Entry count for : http://localhost:50432 : 1
15:16:35.558 [AsyncHttpClient-1-7] DEBUG org.asynchttpclient.netty.handler.HttpHandler - 

Request DefaultHttpRequest(decodeResult: success, version: HTTP/1.1)
POST /session/94efed0bede2223560cb5dad6c58c05d/element/d04fef6b-03eb-4a2e-8441-387744ef9390/click HTTP/1.1
User-Agent: selenium/4.1.2 (java windows)
Content-Length: 50
Content-Type: application/json; charset=utf-8
host: localhost:51664
accept: */*

Response DefaultHttpResponse(decodeResult: success, version: HTTP/1.1)
HTTP/1.1 200 OK
Content-Type: application/json; charset=utf-8
cache-control: no-cache
content-length: 14

15:16:35.559 [AsyncHttpClient-1-7] DEBUG org.asynchttpclient.netty.channel.ChannelManager - Adding key: http://localhost:51664 for channel [id: 0xa7a2d125, L:/127.0.0.1:50430 - R:localhost/127.0.0.1:51664]
  &amp#27;[32mThen &amp#27;[0m&amp#27;[32mI click baby on the header&amp#27;[0m &amp#27;[90m# starter.stepdefinitions.BabyStep.iClickBabyOnTheHeader()&amp#27;[0m
15:16:35.571 [Forwarding screenshot on session 94efed0bede2223560cb5dad6c58c05d to remote] DEBUG org.asynchttpclient.netty.request.NettyRequestSender - Using pooled Channel '[id: 0xa7a2d125, L:/127.0.0.1:50430 - R:localhost/127.0.0.1:51664]' for 'GET' to 'http://localhost:51664/session/94efed0bede2223560cb5dad6c58c05d/screenshot'
15:16:35.571 [Forwarding screenshot on session 94efed0bede2223560cb5dad6c58c05d to remote] DEBUG org.asynchttpclient.netty.request.NettyRequestSender - Using open Channel [id: 0xa7a2d125, L:/127.0.0.1:50430 - R:localhost/127.0.0.1:51664] for GET '/session/94efed0bede2223560cb5dad6c58c05d/screenshot'
15:16:35.694 [AsyncHttpClient-1-7] DEBUG org.asynchttpclient.netty.handler.HttpHandler - 

Request DefaultFullHttpRequest(decodeResult: success, version: HTTP/1.1, content: EmptyByteBufBE)
GET /session/94efed0bede2223560cb5dad6c58c05d/screenshot HTTP/1.1
User-Agent: selenium/4.1.2 (java windows)
Cache-Control: no-cache
Content-Type: application/json; charset=utf-8
host: localhost:51664
accept: */*

Response DefaultHttpResponse(decodeResult: success, version: HTTP/1.1)
HTTP/1.1 200 OK
Content-Type: application/json; charset=utf-8
cache-control: no-cache
content-length: 62152

15:16:35.695 [AsyncHttpClient-1-7] DEBUG org.asynchttpclient.netty.channel.ChannelManager - Adding key: http://localhost:51664 for channel [id: 0xa7a2d125, L:/127.0.0.1:50430 - R:localhost/127.0.0.1:51664]
15:16:35.697 [main] DEBUG net.serenitybdd.core.photography.Darkroom - Send negative for processing for target\site\serenity\e24dcf0e76a3b9a3003a120159a29047ac10468dedf9e088f387d3eda27f774d.png
15:16:35.697 [Darkroom Processing Line] DEBUG net.serenitybdd.core.photography.DarkroomProcessingLine - Processing screenshot image in /var/screenshots/screenshot-11302825265774651306
15:16:35.697 [Darkroom Processing Line] DEBUG net.serenitybdd.core.photography.DarkroomProcessingLine - Saving screenshot to target\site\serenity\e24dcf0e76a3b9a3003a120159a29047ac10468dedf9e088f387d3eda27f774d.png
15:16:35.707 [Forwarding findElement on session 94efed0bede2223560cb5dad6c58c05d to remote] DEBUG org.asynchttpclient.netty.request.NettyRequestSender - Using pooled Channel '[id: 0xa7a2d125, L:/127.0.0.1:50430 - R:localhost/127.0.0.1:51664]' for 'POST' to 'http://localhost:51664/session/94efed0bede2223560cb5dad6c58c05d/element'
15:16:35.707 [Forwarding findElement on session 94efed0bede2223560cb5dad6c58c05d to remote] DEBUG org.asynchttpclient.netty.request.NettyRequestSender - Using open Channel [id: 0xa7a2d125, L:/127.0.0.1:50430 - R:localhost/127.0.0.1:51664] for POST '/session/94efed0bede2223560cb5dad6c58c05d/element'
15:16:35.718 [AsyncHttpClient-1-7] DEBUG org.asynchttpclient.netty.handler.HttpHandler - 

Request DefaultHttpRequest(decodeResult: success, version: HTTP/1.1)
POST /session/94efed0bede2223560cb5dad6c58c05d/element HTTP/1.1
User-Agent: selenium/4.1.2 (java windows)
Content-Length: 107
Content-Type: application/json; charset=utf-8
host: localhost:51664
accept: */*

Response DefaultHttpResponse(decodeResult: success, version: HTTP/1.1)
HTTP/1.1 200 OK
Content-Type: application/json; charset=utf-8
cache-control: no-cache
content-length: 88

15:16:35.718 [AsyncHttpClient-1-7] DEBUG org.asynchttpclient.netty.channel.ChannelManager - Adding key: http://localhost:51664 for channel [id: 0xa7a2d125, L:/127.0.0.1:50430 - R:localhost/127.0.0.1:51664]
15:16:35.720 [Forwarding getElementTagName on session 94efed0bede2223560cb5dad6c58c05d to remote] DEBUG org.asynchttpclient.netty.request.NettyRequestSender - Using pooled Channel '[id: 0xa7a2d125, L:/127.0.0.1:50430 - R:localhost/127.0.0.1:51664]' for 'GET' to 'http://localhost:51664/session/94efed0bede2223560cb5dad6c58c05d/element/d0bfda8b-25db-45c6-84bd-00a87cdc350a/name'
15:16:35.720 [Forwarding getElementTagName on session 94efed0bede2223560cb5dad6c58c05d to remote] DEBUG org.asynchttpclient.netty.request.NettyRequestSender - Using open Channel [id: 0xa7a2d125, L:/127.0.0.1:50430 - R:localhost/127.0.0.1:51664] for GET '/session/94efed0bede2223560cb5dad6c58c05d/element/d0bfda8b-25db-45c6-84bd-00a87cdc350a/name'
15:16:35.724 [AsyncHttpClient-1-7] DEBUG org.asynchttpclient.netty.handler.HttpHandler - 

Request DefaultFullHttpRequest(decodeResult: success, version: HTTP/1.1, content: EmptyByteBufBE)
GET /session/94efed0bede2223560cb5dad6c58c05d/element/d0bfda8b-25db-45c6-84bd-00a87cdc350a/name HTTP/1.1
User-Agent: selenium/4.1.2 (java windows)
Cache-Control: no-cache
Content-Type: application/json; charset=utf-8
host: localhost:51664
accept: */*

Response DefaultHttpResponse(decodeResult: success, version: HTTP/1.1)
HTTP/1.1 200 OK
Content-Type: application/json; charset=utf-8
cache-control: no-cache
content-length: 16

15:16:35.724 [AsyncHttpClient-1-7] DEBUG org.asynchttpclient.netty.channel.ChannelManager - Adding key: http://localhost:51664 for channel [id: 0xa7a2d125, L:/127.0.0.1:50430 - R:localhost/127.0.0.1:51664]
15:16:35.725 [Forwarding getElementTagName on session 94efed0bede2223560cb5dad6c58c05d to remote] DEBUG org.asynchttpclient.netty.request.NettyRequestSender - Using pooled Channel '[id: 0xa7a2d125, L:/127.0.0.1:50430 - R:localhost/127.0.0.1:51664]' for 'GET' to 'http://localhost:51664/session/94efed0bede2223560cb5dad6c58c05d/element/d0bfda8b-25db-45c6-84bd-00a87cdc350a/name'
15:16:35.725 [Forwarding getElementTagName on session 94efed0bede2223560cb5dad6c58c05d to remote] DEBUG org.asynchttpclient.netty.request.NettyRequestSender - Using open Channel [id: 0xa7a2d125, L:/127.0.0.1:50430 - R:localhost/127.0.0.1:51664] for GET '/session/94efed0bede2223560cb5dad6c58c05d/element/d0bfda8b-25db-45c6-84bd-00a87cdc350a/name'
15:16:35.729 [AsyncHttpClient-1-7] DEBUG org.asynchttpclient.netty.handler.HttpHandler - 

Request DefaultFullHttpRequest(decodeResult: success, version: HTTP/1.1, content: EmptyByteBufBE)
GET /session/94efed0bede2223560cb5dad6c58c05d/element/d0bfda8b-25db-45c6-84bd-00a87cdc350a/name HTTP/1.1
User-Agent: selenium/4.1.2 (java windows)
Cache-Control: no-cache
Content-Type: application/json; charset=utf-8
host: localhost:51664
accept: */*

Response DefaultHttpResponse(decodeResult: success, version: HTTP/1.1)
HTTP/1.1 200 OK
Content-Type: application/json; charset=utf-8
cache-control: no-cache
content-length: 16

15:16:35.729 [AsyncHttpClient-1-7] DEBUG org.asynchttpclient.netty.channel.ChannelManager - Adding key: http://localhost:51664 for channel [id: 0xa7a2d125, L:/127.0.0.1:50430 - R:localhost/127.0.0.1:51664]
15:16:35.731 [Forwarding findElement on session 94efed0bede2223560cb5dad6c58c05d to remote] DEBUG org.asynchttpclient.netty.request.NettyRequestSender - Using pooled Channel '[id: 0xa7a2d125, L:/127.0.0.1:50430 - R:localhost/127.0.0.1:51664]' for 'POST' to 'http://localhost:51664/session/94efed0bede2223560cb5dad6c58c05d/element'
15:16:35.731 [Forwarding findElement on session 94efed0bede2223560cb5dad6c58c05d to remote] DEBUG org.asynchttpclient.netty.request.NettyRequestSender - Using open Channel [id: 0xa7a2d125, L:/127.0.0.1:50430 - R:localhost/127.0.0.1:51664] for POST '/session/94efed0bede2223560cb5dad6c58c05d/element'
15:16:35.738 [AsyncHttpClient-1-7] DEBUG org.asynchttpclient.netty.handler.HttpHandler - 

Request DefaultHttpRequest(decodeResult: success, version: HTTP/1.1)
POST /session/94efed0bede2223560cb5dad6c58c05d/element HTTP/1.1
User-Agent: selenium/4.1.2 (java windows)
Content-Length: 107
Content-Type: application/json; charset=utf-8
host: localhost:51664
accept: */*

Response DefaultHttpResponse(decodeResult: success, version: HTTP/1.1)
HTTP/1.1 200 OK
Content-Type: application/json; charset=utf-8
cache-control: no-cache
content-length: 88

15:16:35.739 [AsyncHttpClient-1-7] DEBUG org.asynchttpclient.netty.channel.ChannelManager - Adding key: http://localhost:51664 for channel [id: 0xa7a2d125, L:/127.0.0.1:50430 - R:localhost/127.0.0.1:51664]
15:16:35.740 [Forwarding clickElement on session 94efed0bede2223560cb5dad6c58c05d to remote] DEBUG org.asynchttpclient.netty.request.NettyRequestSender - Using pooled Channel '[id: 0xa7a2d125, L:/127.0.0.1:50430 - R:localhost/127.0.0.1:51664]' for 'POST' to 'http://localhost:51664/session/94efed0bede2223560cb5dad6c58c05d/element/d0bfda8b-25db-45c6-84bd-00a87cdc350a/click'
15:16:35.740 [Forwarding clickElement on session 94efed0bede2223560cb5dad6c58c05d to remote] DEBUG org.asynchttpclient.netty.request.NettyRequestSender - Using open Channel [id: 0xa7a2d125, L:/127.0.0.1:50430 - R:localhost/127.0.0.1:51664] for POST '/session/94efed0bede2223560cb5dad6c58c05d/element/d0bfda8b-25db-45c6-84bd-00a87cdc350a/click'
15:16:35.898 [AsyncHttpClient-1-7] DEBUG org.asynchttpclient.netty.handler.HttpHandler - 

Request DefaultHttpRequest(decodeResult: success, version: HTTP/1.1)
POST /session/94efed0bede2223560cb5dad6c58c05d/element/d0bfda8b-25db-45c6-84bd-00a87cdc350a/click HTTP/1.1
User-Agent: selenium/4.1.2 (java windows)
Content-Length: 50
Content-Type: application/json; charset=utf-8
host: localhost:51664
accept: */*

Response DefaultHttpResponse(decodeResult: success, version: HTTP/1.1)
HTTP/1.1 200 OK
Content-Type: application/json; charset=utf-8
cache-control: no-cache
content-length: 14

15:16:35.898 [AsyncHttpClient-1-7] DEBUG org.asynchttpclient.netty.channel.ChannelManager - Adding key: http://localhost:51664 for channel [id: 0xa7a2d125, L:/127.0.0.1:50430 - R:localhost/127.0.0.1:51664]
  &amp#27;[32mWhen &amp#27;[0m&amp#27;[32mI will go to &amp#27;[0m&amp#27;[32m&amp#27;[1m"bajuTerusan"&amp#27;[0m &amp#27;[90m# starter.stepdefinitions.BabyStep.iWillGoTo(java.lang.String)&amp#27;[0m
15:16:35.910 [Forwarding screenshot on session 94efed0bede2223560cb5dad6c58c05d to remote] DEBUG org.asynchttpclient.netty.request.NettyRequestSender - Using pooled Channel '[id: 0xa7a2d125, L:/127.0.0.1:50430 - R:localhost/127.0.0.1:51664]' for 'GET' to 'http://localhost:51664/session/94efed0bede2223560cb5dad6c58c05d/screenshot'
15:16:35.910 [Forwarding screenshot on session 94efed0bede2223560cb5dad6c58c05d to remote] DEBUG org.asynchttpclient.netty.request.NettyRequestSender - Using open Channel [id: 0xa7a2d125, L:/127.0.0.1:50430 - R:localhost/127.0.0.1:51664] for GET '/session/94efed0bede2223560cb5dad6c58c05d/screenshot'
15:16:36.264 [AsyncHttpClient-1-7] DEBUG org.asynchttpclient.netty.handler.HttpHandler - 

Request DefaultFullHttpRequest(decodeResult: success, version: HTTP/1.1, content: EmptyByteBufBE)
GET /session/94efed0bede2223560cb5dad6c58c05d/screenshot HTTP/1.1
User-Agent: selenium/4.1.2 (java windows)
Cache-Control: no-cache
Content-Type: application/json; charset=utf-8
host: localhost:51664
accept: */*

Response DefaultHttpResponse(decodeResult: success, version: HTTP/1.1)
HTTP/1.1 200 OK
Content-Type: application/json; charset=utf-8
cache-control: no-cache
content-length: 81172

15:16:36.265 [AsyncHttpClient-1-7] DEBUG org.asynchttpclient.netty.channel.ChannelManager - Adding key: http://localhost:51664 for channel [id: 0xa7a2d125, L:/127.0.0.1:50430 - R:localhost/127.0.0.1:51664]
15:16:36.268 [main] DEBUG net.serenitybdd.core.photography.Darkroom - Send negative for processing for target\site\serenity\e74d737e5a67c6ae73f3fb5a3ede6d1a59f866256712d3b93560ac85a85850c5.png
15:16:36.268 [Darkroom Processing Line] DEBUG net.serenitybdd.core.photography.DarkroomProcessingLine - Processing screenshot image in /var/screenshots/screenshot-4633857540586247944
15:16:36.268 [Darkroom Processing Line] DEBUG net.serenitybdd.core.photography.DarkroomProcessingLine - Saving screenshot to target\site\serenity\e74d737e5a67c6ae73f3fb5a3ede6d1a59f866256712d3b93560ac85a85850c5.png
15:16:36.278 [Forwarding findElement on session 94efed0bede2223560cb5dad6c58c05d to remote] DEBUG org.asynchttpclient.netty.request.NettyRequestSender - Using pooled Channel '[id: 0xa7a2d125, L:/127.0.0.1:50430 - R:localhost/127.0.0.1:51664]' for 'POST' to 'http://localhost:51664/session/94efed0bede2223560cb5dad6c58c05d/element'
15:16:36.278 [Forwarding findElement on session 94efed0bede2223560cb5dad6c58c05d to remote] DEBUG org.asynchttpclient.netty.request.NettyRequestSender - Using open Channel [id: 0xa7a2d125, L:/127.0.0.1:50430 - R:localhost/127.0.0.1:51664] for POST '/session/94efed0bede2223560cb5dad6c58c05d/element'
15:16:36.403 [AsyncHttpClient-1-7] DEBUG org.asynchttpclient.netty.handler.HttpHandler - 

Request DefaultHttpRequest(decodeResult: success, version: HTTP/1.1)
POST /session/94efed0bede2223560cb5dad6c58c05d/element HTTP/1.1
User-Agent: selenium/4.1.2 (java windows)
Content-Length: 94
Content-Type: application/json; charset=utf-8
host: localhost:51664
accept: */*

Response DefaultHttpResponse(decodeResult: success, version: HTTP/1.1)
HTTP/1.1 200 OK
Content-Type: application/json; charset=utf-8
cache-control: no-cache
content-length: 88

15:16:36.403 [AsyncHttpClient-1-7] DEBUG org.asynchttpclient.netty.channel.ChannelManager - Adding key: http://localhost:51664 for channel [id: 0xa7a2d125, L:/127.0.0.1:50430 - R:localhost/127.0.0.1:51664]
15:16:36.408 [Forwarding isElementDisplayed on session 94efed0bede2223560cb5dad6c58c05d to remote] DEBUG org.asynchttpclient.netty.request.NettyRequestSender - Using pooled Channel '[id: 0xa7a2d125, L:/127.0.0.1:50430 - R:localhost/127.0.0.1:51664]' for 'POST' to 'http://localhost:51664/session/94efed0bede2223560cb5dad6c58c05d/execute/sync'
15:16:36.408 [Forwarding isElementDisplayed on session 94efed0bede2223560cb5dad6c58c05d to remote] DEBUG org.asynchttpclient.netty.request.NettyRequestSender - Using open Channel [id: 0xa7a2d125, L:/127.0.0.1:50430 - R:localhost/127.0.0.1:51664] for POST '/session/94efed0bede2223560cb5dad6c58c05d/execute/sync'
15:16:36.444 [AsyncHttpClient-1-7] DEBUG org.asynchttpclient.netty.handler.HttpHandler - 

Request DefaultHttpRequest(decodeResult: success, version: HTTP/1.1)
POST /session/94efed0bede2223560cb5dad6c58c05d/execute/sync HTTP/1.1
User-Agent: selenium/4.1.2 (java windows)
Content-Length: 48780
Content-Type: application/json; charset=utf-8
host: localhost:51664
accept: */*

Response DefaultHttpResponse(decodeResult: success, version: HTTP/1.1)
HTTP/1.1 200 OK
Content-Type: application/json; charset=utf-8
cache-control: no-cache
content-length: 14

15:16:36.444 [AsyncHttpClient-1-7] DEBUG org.asynchttpclient.netty.channel.ChannelManager - Adding key: http://localhost:51664 for channel [id: 0xa7a2d125, L:/127.0.0.1:50430 - R:localhost/127.0.0.1:51664]
  &amp#27;[32mAnd &amp#27;[0m&amp#27;[32mI &amp#27;[0m&amp#27;[32m&amp#27;[1m"txtBajuTerusan"&amp#27;[0m&amp#27;[32m page&amp#27;[0m     &amp#27;[90m# starter.stepdefinitions.BabyStep.iPage(java.lang.String)&amp#27;[0m
15:16:36.449 [Forwarding screenshot on session 94efed0bede2223560cb5dad6c58c05d to remote] DEBUG org.asynchttpclient.netty.request.NettyRequestSender - Using pooled Channel '[id: 0xa7a2d125, L:/127.0.0.1:50430 - R:localhost/127.0.0.1:51664]' for 'GET' to 'http://localhost:51664/session/94efed0bede2223560cb5dad6c58c05d/screenshot'
15:16:36.449 [Forwarding screenshot on session 94efed0bede2223560cb5dad6c58c05d to remote] DEBUG org.asynchttpclient.netty.request.NettyRequestSender - Using open Channel [id: 0xa7a2d125, L:/127.0.0.1:50430 - R:localhost/127.0.0.1:51664] for GET '/session/94efed0bede2223560cb5dad6c58c05d/screenshot'
15:16:36.565 [AsyncHttpClient-1-7] DEBUG org.asynchttpclient.netty.handler.HttpHandler - 

Request DefaultFullHttpRequest(decodeResult: success, version: HTTP/1.1, content: EmptyByteBufBE)
GET /session/94efed0bede2223560cb5dad6c58c05d/screenshot HTTP/1.1
User-Agent: selenium/4.1.2 (java windows)
Cache-Control: no-cache
Content-Type: application/json; charset=utf-8
host: localhost:51664
accept: */*

Response DefaultHttpResponse(decodeResult: success, version: HTTP/1.1)
HTTP/1.1 200 OK
Content-Type: application/json; charset=utf-8
cache-control: no-cache
content-length: 57148

15:16:36.565 [AsyncHttpClient-1-7] DEBUG org.asynchttpclient.netty.channel.ChannelManager - Adding key: http://localhost:51664 for channel [id: 0xa7a2d125, L:/127.0.0.1:50430 - R:localhost/127.0.0.1:51664]
15:16:36.568 [main] DEBUG net.serenitybdd.core.photography.Darkroom - Send negative for processing for target\site\serenity\3653a131615d72d62c233819296292854880a55cc95e47c31da9ce4d18c54171.png
15:16:36.568 [Darkroom Processing Line] DEBUG net.serenitybdd.core.photography.DarkroomProcessingLine - Processing screenshot image in /var/screenshots/screenshot-15835319733290375109
15:16:36.568 [Darkroom Processing Line] DEBUG net.serenitybdd.core.photography.DarkroomProcessingLine - Saving screenshot to target\site\serenity\3653a131615d72d62c233819296292854880a55cc95e47c31da9ce4d18c54171.png
15:16:36.575 [AsyncHttpClient-1-9] DEBUG org.asynchttpclient.netty.handler.WebSocketHandler - Channel Closed: [id: 0xf9719318, L:/127.0.0.1:50439 ! R:localhost/127.0.0.1:50432] with attribute NettyResponseFuture{currentRetry=5,
	isDone=1,
	isCancelled=0,
	asyncHandler=org.asynchttpclient.ws.WebSocketUpgradeHandler@67c740e,
	nettyRequest=org.asynchttpclient.netty.request.NettyRequest@61a95957,
	future=java.util.concurrent.CompletableFuture@7e0cbe53[Completed normally],
	uri=ws://localhost:50432/devtools/browser/1128d899-5a85-417e-b30a-6bcee1ea099d,
	keepAlive=true,
	redirectCount=0,
	timeoutsHolder=null,
	inAuth=0,
	touch=1680855385041}
15:16:36.575 [AsyncHttpClient-1-9] DEBUG org.asynchttpclient.netty.channel.ChannelManager - Closing Channel [id: 0xf9719318, L:/127.0.0.1:50439 ! R:localhost/127.0.0.1:50432] 
15:16:36.575 [Driver Command Executor] DEBUG org.asynchttpclient.netty.request.NettyRequestSender - Using pooled Channel '[id: 0xa7a2d125, L:/127.0.0.1:50430 - R:localhost/127.0.0.1:51664]' for 'DELETE' to 'http://localhost:51664/session/94efed0bede2223560cb5dad6c58c05d'
15:16:36.575 [Driver Command Executor] DEBUG org.asynchttpclient.netty.request.NettyRequestSender - Using open Channel [id: 0xa7a2d125, L:/127.0.0.1:50430 - R:localhost/127.0.0.1:51664] for DELETE '/session/94efed0bede2223560cb5dad6c58c05d'
15:16:36.585 [AsyncHttpClient-1-8] DEBUG org.asynchttpclient.netty.handler.HttpHandler - Unexpected I/O exception on channel [id: 0x68f134d6, L:/127.0.0.1:50438 - R:localhost/127.0.0.1:50432]
java.net.SocketException: Connection reset
	at java.base/sun.nio.ch.SocketChannelImpl.throwConnectionReset(SocketChannelImpl.java:345)
	at java.base/sun.nio.ch.SocketChannelImpl.read(SocketChannelImpl.java:376)
	at io.netty.buffer.PooledByteBuf.setBytes(PooledByteBuf.java:258)
	at io.netty.buffer.AbstractByteBuf.writeBytes(AbstractByteBuf.java:1132)
	at io.netty.channel.socket.nio.NioSocketChannel.doReadBytes(NioSocketChannel.java:350)
	at io.netty.channel.nio.AbstractNioByteChannel$NioByteUnsafe.read(AbstractNioByteChannel.java:151)
	at io.netty.channel.nio.NioEventLoop.processSelectedKey(NioEventLoop.java:722)
	at io.netty.channel.nio.NioEventLoop.processSelectedKeysOptimized(NioEventLoop.java:658)
	at io.netty.channel.nio.NioEventLoop.processSelectedKeys(NioEventLoop.java:584)
	at io.netty.channel.nio.NioEventLoop.run(NioEventLoop.java:496)
	at io.netty.util.concurrent.SingleThreadEventExecutor$4.run(SingleThreadEventExecutor.java:986)
	at io.netty.util.internal.ThreadExecutorMap$2.run(ThreadExecutorMap.java:74)
	at io.netty.util.concurrent.FastThreadLocalRunnable.run(FastThreadLocalRunnable.java:30)
	at java.base/java.lang.Thread.run(Thread.java:830)
15:16:36.585 [AsyncHttpClient-1-8] DEBUG org.asynchttpclient.netty.channel.ChannelManager - Closing Channel [id: 0x68f134d6, L:/127.0.0.1:50438 - R:localhost/127.0.0.1:50432] 
15:16:36.585 [AsyncHttpClient-1-8] DEBUG org.asynchttpclient.netty.handler.HttpHandler - Channel Closed: [id: 0x68f134d6, L:/127.0.0.1:50438 ! R:localhost/127.0.0.1:50432] with attribute DISCARD
15:16:36.610 [AsyncHttpClient-1-1] DEBUG org.asynchttpclient.netty.channel.DefaultChannelPool - Entry count for : http://localhost:50432 : 1
15:16:36.610 [AsyncHttpClient-1-1] DEBUG org.asynchttpclient.netty.channel.DefaultChannelPool - Adding Candidate expired Channel [id: 0x68f134d6, L:/127.0.0.1:50438 ! R:localhost/127.0.0.1:50432] isIdleTimeoutExpired=false isRemotelyClosed=true isTtlExpired=false
15:16:36.610 [AsyncHttpClient-1-1] DEBUG org.asynchttpclient.netty.channel.DefaultChannelPool - Closing Idle Channel [id: 0x68f134d6, L:/127.0.0.1:50438 ! R:localhost/127.0.0.1:50432]
15:16:36.610 [AsyncHttpClient-1-1] DEBUG org.asynchttpclient.netty.channel.DefaultChannelPool - Closed 1 connections out of 1 in 0 ms
15:16:36.615 [AsyncHttpClient-1-7] DEBUG org.asynchttpclient.netty.handler.HttpHandler - 

Request DefaultFullHttpRequest(decodeResult: success, version: HTTP/1.1, content: EmptyByteBufBE)
DELETE /session/94efed0bede2223560cb5dad6c58c05d HTTP/1.1
User-Agent: selenium/4.1.2 (java windows)
Content-Type: application/json; charset=utf-8
host: localhost:51664
accept: */*

Response DefaultHttpResponse(decodeResult: success, version: HTTP/1.1)
HTTP/1.1 200 OK
Content-Type: application/json; charset=utf-8
cache-control: no-cache
content-length: 14

15:16:36.616 [AsyncHttpClient-1-7] DEBUG org.asynchttpclient.netty.channel.ChannelManager - Adding key: http://localhost:51664 for channel [id: 0xa7a2d125, L:/127.0.0.1:50430 - R:localhost/127.0.0.1:51664]
15:16:36.803 [AsyncHttpClient-1-7] DEBUG org.asynchttpclient.netty.handler.HttpHandler - Channel Closed: [id: 0xa7a2d125, L:/127.0.0.1:50430 ! R:localhost/127.0.0.1:51664] with attribute DISCARD
]]></system-out>
    <system-err><![CDATA[Starting Microsoft Edge WebDriver 111.0.1661.62 (0a8f453929e6410c973aa529a40485ce4e3e03db) on port 51664
To submit feedback, report a bug, or suggest new features, please visit https://github.com/MicrosoftEdge/EdgeWebDriver

Only local connections are allowed.
Please see https://aka.ms/WebDriverSecurity for suggestions on keeping Microsoft Edge WebDriver safe.

Microsoft Edge WebDriver was started successfully.
Apr 07, 2023 3:16:25 PM org.openqa.selenium.remote.ProtocolHandshake createSession
INFO: Detected dialect: W3C
Apr 07, 2023 3:16:25 PM org.openqa.selenium.devtools.CdpVersionFinder findNearestMatch
WARNING: Unable to find an exact match for CDP version 111, so returning the closest version found: a no-op implementation
Apr 07, 2023 3:16:25 PM org.openqa.selenium.devtools.CdpVersionFinder findNearestMatch
INFO: Unable to find CDP implementation matching 111.
Apr 07, 2023 3:16:25 PM org.openqa.selenium.chromium.ChromiumDriver lambda$new$3
WARNING: Unable to find version of CDP to use for . You may need to include a dependency on a specific version of the CDP using something similar to `org.seleniumhq.selenium:selenium-devtools-v86:4.1.2` where the version ("v86") matches the version of the chromium-based browser you're using and the version number of the artifact is the same as Selenium's.
]]></system-err>
  </testcase>
  <testcase name="Fitur Menu Baby #9" classname="Baby" time="10.068">
    <system-out><![CDATA[
Scenario Outline: Fitur Menu Baby &amp#27;[90m# src/test/resources/features/Baby.feature:101&amp#27;[0m
15:16:37.393 [main] INFO io.cucumber.core.plugin.SerenityReporter - Running feature from file:///C:/Users/alwi/IdeaProjects/uniqloweb/src/test/resources/features/Baby.feature
15:16:37.516 [main] DEBUG io.github.bonigarcia.wdm.cache.ResolutionCache - Resolution edge=111 in cache (valid until 16:02:35 07/04/2023 WIB)
15:16:37.519 [main] DEBUG io.github.bonigarcia.wdm.cache.ResolutionCache - Resolution edge111=111.0.1661.62 in cache (valid until 15:02:35 08/04/2023 WIB)
15:16:37.521 [main] INFO io.github.bonigarcia.wdm.WebDriverManager - Using msedgedriver 111.0.1661.62 (resolved driver for Edge 111)
15:16:37.538 [main] DEBUG io.github.bonigarcia.wdm.WebDriverManager - Driver msedgedriver 111.0.1661.62 found in cache
15:16:37.539 [main] INFO io.github.bonigarcia.wdm.WebDriverManager - Exporting webdriver.edge.driver as C:\Users\alwi\.cache\selenium\msedgedriver\win64\111.0.1661.62\msedgedriver.exe
15:16:37.541 [main] DEBUG net.serenitybdd.core.webdriver.driverproviders.ProvideNewDriver - Instantiating driver
15:16:37.541 [main] DEBUG net.serenitybdd.core.webdriver.driverproviders.ProvideNewDriver - Driver capabilities: Capabilities {base.url: https://www.uniqlo.com, chrome.driver: src/test/resources/webdrive..., driver: edge, ms:edgeChromium: true, ms:edgeOptions: {}, wait.for.timeout: 6000}
15:16:37.712 [AsyncHttpClient-1-1] DEBUG org.asynchttpclient.netty.channel.DefaultChannelPool - Entry count for : http://localhost:51664 : 1
15:16:37.712 [AsyncHttpClient-1-1] DEBUG org.asynchttpclient.netty.channel.DefaultChannelPool - Adding Candidate expired Channel [id: 0xa7a2d125, L:/127.0.0.1:50430 ! R:localhost/127.0.0.1:51664] isIdleTimeoutExpired=false isRemotelyClosed=true isTtlExpired=false
15:16:37.712 [AsyncHttpClient-1-1] DEBUG org.asynchttpclient.netty.channel.DefaultChannelPool - Closing Idle Channel [id: 0xa7a2d125, L:/127.0.0.1:50430 ! R:localhost/127.0.0.1:51664]
15:16:37.712 [AsyncHttpClient-1-1] DEBUG org.asynchttpclient.netty.channel.DefaultChannelPool - Closed 1 connections out of 1 in 0 ms
15:16:38.086 [AsyncHttpClient-1-10] DEBUG org.asynchttpclient.netty.channel.NettyConnectListener - Using new Channel '[id: 0x74d1785b, L:/127.0.0.1:50565 - R:localhost/127.0.0.1:52212]' for 'POST' to '/session'
15:16:38.716 [AsyncHttpClient-1-10] DEBUG org.asynchttpclient.netty.handler.HttpHandler - 

Request DefaultHttpRequest(decodeResult: success, version: HTTP/1.1)
POST /session HTTP/1.1
User-Agent: selenium/4.1.2 (java windows)
Content-Length: 627
Content-Type: application/json; charset=utf-8
host: localhost:52212
accept: */*

Response DefaultHttpResponse(decodeResult: success, version: HTTP/1.1)
HTTP/1.1 200 OK
Content-Type: application/json; charset=utf-8
cache-control: no-cache
content-length: 823

15:16:38.716 [AsyncHttpClient-1-10] DEBUG org.asynchttpclient.netty.channel.ChannelManager - Adding key: http://localhost:52212 for channel [id: 0x74d1785b, L:/127.0.0.1:50565 - R:localhost/127.0.0.1:52212]
15:16:38.722 [AsyncHttpClient-1-11] DEBUG org.asynchttpclient.netty.channel.NettyConnectListener - Using new Channel '[id: 0xe1f87742, L:/127.0.0.1:50572 - R:localhost/127.0.0.1:50566]' for 'GET' to '/json/version'
15:16:38.722 [AsyncHttpClient-1-11] DEBUG org.asynchttpclient.netty.handler.HttpHandler - 

Request DefaultFullHttpRequest(decodeResult: success, version: HTTP/1.1, content: EmptyByteBufBE)
GET /json/version HTTP/1.1
User-Agent: selenium/4.1.2 (java windows)
host: localhost:50566
accept: */*

Response DefaultHttpResponse(decodeResult: success, version: HTTP/1.1)
HTTP/1.1 200 OK
Content-Security-Policy: frame-ancestors 'none'
Content-Type: application/json; charset=UTF-8
content-length: 436

15:16:38.722 [AsyncHttpClient-1-11] DEBUG org.asynchttpclient.netty.channel.ChannelManager - Adding key: http://localhost:50566 for channel [id: 0xe1f87742, L:/127.0.0.1:50572 - R:localhost/127.0.0.1:50566]
15:16:38.725 [AsyncHttpClient-1-12] DEBUG org.asynchttpclient.netty.channel.NettyConnectListener - Using new Channel '[id: 0x52164814, L:/127.0.0.1:50573 - R:localhost/127.0.0.1:50566]' for 'GET' to '/devtools/browser/7fbf6e79-10f3-4cbf-bd11-e894325a4eb4'
15:16:38.728 [AsyncHttpClient-1-12] DEBUG org.asynchttpclient.netty.handler.WebSocketHandler - 

Request DefaultFullHttpRequest(decodeResult: success, version: HTTP/1.1, content: EmptyByteBufBE)
GET /devtools/browser/7fbf6e79-10f3-4cbf-bd11-e894325a4eb4 HTTP/1.1
upgrade: websocket
connection: upgrade
sec-websocket-key: PljNkc1XADYswym9l5BbQg==
sec-websocket-version: 13
origin: http://localhost:50566
host: localhost:50566
accept: */*
user-agent: AHC/2.1

Response DefaultHttpResponse(decodeResult: success, version: HTTP/1.1)
HTTP/1.1 101 WebSocket Protocol Handshake
Upgrade: WebSocket
Connection: Upgrade
Sec-WebSocket-Accept: K0xWwDf7eWYTKjkd7+KjssVXr7k=

15:16:38.732 [Forwarding get on session 4b23be5c9f2f2a72fea2eb85675f2d8b to remote] DEBUG org.asynchttpclient.netty.request.NettyRequestSender - Using pooled Channel '[id: 0x74d1785b, L:/127.0.0.1:50565 - R:localhost/127.0.0.1:52212]' for 'POST' to 'http://localhost:52212/session/4b23be5c9f2f2a72fea2eb85675f2d8b/url'
15:16:38.732 [Forwarding get on session 4b23be5c9f2f2a72fea2eb85675f2d8b to remote] DEBUG org.asynchttpclient.netty.request.NettyRequestSender - Using open Channel [id: 0x74d1785b, L:/127.0.0.1:50565 - R:localhost/127.0.0.1:52212] for POST '/session/4b23be5c9f2f2a72fea2eb85675f2d8b/url'
15:16:38.811 [AsyncHttpClient-1-1] DEBUG org.asynchttpclient.netty.channel.DefaultChannelPool - Entry count for : http://localhost:50566 : 1
15:16:39.906 [AsyncHttpClient-1-1] DEBUG org.asynchttpclient.netty.channel.DefaultChannelPool - Entry count for : http://localhost:50566 : 1
15:16:41.005 [AsyncHttpClient-1-1] DEBUG org.asynchttpclient.netty.channel.DefaultChannelPool - Entry count for : http://localhost:50566 : 1
15:16:42.105 [AsyncHttpClient-1-1] DEBUG org.asynchttpclient.netty.channel.DefaultChannelPool - Entry count for : http://localhost:50566 : 1
15:16:43.213 [AsyncHttpClient-1-1] DEBUG org.asynchttpclient.netty.channel.DefaultChannelPool - Entry count for : http://localhost:50566 : 1
15:16:44.305 [AsyncHttpClient-1-1] DEBUG org.asynchttpclient.netty.channel.DefaultChannelPool - Entry count for : http://localhost:50566 : 1
15:16:44.451 [AsyncHttpClient-1-10] DEBUG org.asynchttpclient.netty.handler.HttpHandler - 

Request DefaultHttpRequest(decodeResult: success, version: HTTP/1.1)
POST /session/4b23be5c9f2f2a72fea2eb85675f2d8b/url HTTP/1.1
User-Agent: selenium/4.1.2 (java windows)
Content-Length: 53
Content-Type: application/json; charset=utf-8
host: localhost:52212
accept: */*

Response DefaultHttpResponse(decodeResult: success, version: HTTP/1.1)
HTTP/1.1 200 OK
Content-Type: application/json; charset=utf-8
cache-control: no-cache
content-length: 14

15:16:44.451 [AsyncHttpClient-1-10] DEBUG org.asynchttpclient.netty.channel.ChannelManager - Adding key: http://localhost:52212 for channel [id: 0x74d1785b, L:/127.0.0.1:50565 - R:localhost/127.0.0.1:52212]
15:16:44.454 [Forwarding setTimeout on session 4b23be5c9f2f2a72fea2eb85675f2d8b to remote] DEBUG org.asynchttpclient.netty.request.NettyRequestSender - Using pooled Channel '[id: 0x74d1785b, L:/127.0.0.1:50565 - R:localhost/127.0.0.1:52212]' for 'POST' to 'http://localhost:52212/session/4b23be5c9f2f2a72fea2eb85675f2d8b/timeouts'
15:16:44.454 [Forwarding setTimeout on session 4b23be5c9f2f2a72fea2eb85675f2d8b to remote] DEBUG org.asynchttpclient.netty.request.NettyRequestSender - Using open Channel [id: 0x74d1785b, L:/127.0.0.1:50565 - R:localhost/127.0.0.1:52212] for POST '/session/4b23be5c9f2f2a72fea2eb85675f2d8b/timeouts'
15:16:44.458 [AsyncHttpClient-1-10] DEBUG org.asynchttpclient.netty.handler.HttpHandler - 

Request DefaultHttpRequest(decodeResult: success, version: HTTP/1.1)
POST /session/4b23be5c9f2f2a72fea2eb85675f2d8b/timeouts HTTP/1.1
User-Agent: selenium/4.1.2 (java windows)
Content-Length: 22
Content-Type: application/json; charset=utf-8
host: localhost:52212
accept: */*

Response DefaultHttpResponse(decodeResult: success, version: HTTP/1.1)
HTTP/1.1 200 OK
Content-Type: application/json; charset=utf-8
cache-control: no-cache
content-length: 14

15:16:44.458 [AsyncHttpClient-1-10] DEBUG org.asynchttpclient.netty.channel.ChannelManager - Adding key: http://localhost:52212 for channel [id: 0x74d1785b, L:/127.0.0.1:50565 - R:localhost/127.0.0.1:52212]
15:16:44.462 [Forwarding getCurrentUrl on session 4b23be5c9f2f2a72fea2eb85675f2d8b to remote] DEBUG org.asynchttpclient.netty.request.NettyRequestSender - Using pooled Channel '[id: 0x74d1785b, L:/127.0.0.1:50565 - R:localhost/127.0.0.1:52212]' for 'GET' to 'http://localhost:52212/session/4b23be5c9f2f2a72fea2eb85675f2d8b/url'
15:16:44.462 [Forwarding getCurrentUrl on session 4b23be5c9f2f2a72fea2eb85675f2d8b to remote] DEBUG org.asynchttpclient.netty.request.NettyRequestSender - Using open Channel [id: 0x74d1785b, L:/127.0.0.1:50565 - R:localhost/127.0.0.1:52212] for GET '/session/4b23be5c9f2f2a72fea2eb85675f2d8b/url'
15:16:44.466 [AsyncHttpClient-1-10] DEBUG org.asynchttpclient.netty.handler.HttpHandler - 

Request DefaultFullHttpRequest(decodeResult: success, version: HTTP/1.1, content: EmptyByteBufBE)
GET /session/4b23be5c9f2f2a72fea2eb85675f2d8b/url HTTP/1.1
User-Agent: selenium/4.1.2 (java windows)
Cache-Control: no-cache
Content-Type: application/json; charset=utf-8
host: localhost:52212
accept: */*

Response DefaultHttpResponse(decodeResult: success, version: HTTP/1.1)
HTTP/1.1 200 OK
Content-Type: application/json; charset=utf-8
cache-control: no-cache
content-length: 41

15:16:44.466 [AsyncHttpClient-1-10] DEBUG org.asynchttpclient.netty.channel.ChannelManager - Adding key: http://localhost:52212 for channel [id: 0x74d1785b, L:/127.0.0.1:50565 - R:localhost/127.0.0.1:52212]
  &amp#27;[32mGiven &amp#27;[0m&amp#27;[32mI am on the home page&amp#27;[0m     &amp#27;[90m# starter.stepdefinitions.BabyStep.iAmOnTheHomePage()&amp#27;[0m
15:16:44.473 [Forwarding screenshot on session 4b23be5c9f2f2a72fea2eb85675f2d8b to remote] DEBUG org.asynchttpclient.netty.request.NettyRequestSender - Using pooled Channel '[id: 0x74d1785b, L:/127.0.0.1:50565 - R:localhost/127.0.0.1:52212]' for 'GET' to 'http://localhost:52212/session/4b23be5c9f2f2a72fea2eb85675f2d8b/screenshot'
15:16:44.473 [Forwarding screenshot on session 4b23be5c9f2f2a72fea2eb85675f2d8b to remote] DEBUG org.asynchttpclient.netty.request.NettyRequestSender - Using open Channel [id: 0x74d1785b, L:/127.0.0.1:50565 - R:localhost/127.0.0.1:52212] for GET '/session/4b23be5c9f2f2a72fea2eb85675f2d8b/screenshot'
15:16:44.797 [AsyncHttpClient-1-10] DEBUG org.asynchttpclient.netty.handler.HttpHandler - 

Request DefaultFullHttpRequest(decodeResult: success, version: HTTP/1.1, content: EmptyByteBufBE)
GET /session/4b23be5c9f2f2a72fea2eb85675f2d8b/screenshot HTTP/1.1
User-Agent: selenium/4.1.2 (java windows)
Cache-Control: no-cache
Content-Type: application/json; charset=utf-8
host: localhost:52212
accept: */*

Response DefaultHttpResponse(decodeResult: success, version: HTTP/1.1)
HTTP/1.1 200 OK
Content-Type: application/json; charset=utf-8
cache-control: no-cache
content-length: 1022316

15:16:44.800 [AsyncHttpClient-1-10] DEBUG org.asynchttpclient.netty.channel.ChannelManager - Adding key: http://localhost:52212 for channel [id: 0x74d1785b, L:/127.0.0.1:50565 - R:localhost/127.0.0.1:52212]
15:16:44.834 [main] DEBUG net.serenitybdd.core.photography.Darkroom - Send negative for processing for target\site\serenity\b0ddf3608b8f51a6a3adc36e4acd901b7a2c5b7adc6fd42a924a7c7a6358c0ea.png
15:16:44.846 [Forwarding findElement on session 4b23be5c9f2f2a72fea2eb85675f2d8b to remote] DEBUG org.asynchttpclient.netty.request.NettyRequestSender - Using pooled Channel '[id: 0x74d1785b, L:/127.0.0.1:50565 - R:localhost/127.0.0.1:52212]' for 'POST' to 'http://localhost:52212/session/4b23be5c9f2f2a72fea2eb85675f2d8b/element'
15:16:44.846 [Forwarding findElement on session 4b23be5c9f2f2a72fea2eb85675f2d8b to remote] DEBUG org.asynchttpclient.netty.request.NettyRequestSender - Using open Channel [id: 0x74d1785b, L:/127.0.0.1:50565 - R:localhost/127.0.0.1:52212] for POST '/session/4b23be5c9f2f2a72fea2eb85675f2d8b/element'
15:16:44.864 [AsyncHttpClient-1-10] DEBUG org.asynchttpclient.netty.handler.HttpHandler - 

Request DefaultHttpRequest(decodeResult: success, version: HTTP/1.1)
POST /session/4b23be5c9f2f2a72fea2eb85675f2d8b/element HTTP/1.1
User-Agent: selenium/4.1.2 (java windows)
Content-Length: 81
Content-Type: application/json; charset=utf-8
host: localhost:52212
accept: */*

Response DefaultHttpResponse(decodeResult: success, version: HTTP/1.1)
HTTP/1.1 200 OK
Content-Type: application/json; charset=utf-8
cache-control: no-cache
content-length: 88

15:16:44.864 [AsyncHttpClient-1-10] DEBUG org.asynchttpclient.netty.channel.ChannelManager - Adding key: http://localhost:52212 for channel [id: 0x74d1785b, L:/127.0.0.1:50565 - R:localhost/127.0.0.1:52212]
15:16:44.866 [Forwarding getElementTagName on session 4b23be5c9f2f2a72fea2eb85675f2d8b to remote] DEBUG org.asynchttpclient.netty.request.NettyRequestSender - Using pooled Channel '[id: 0x74d1785b, L:/127.0.0.1:50565 - R:localhost/127.0.0.1:52212]' for 'GET' to 'http://localhost:52212/session/4b23be5c9f2f2a72fea2eb85675f2d8b/element/567d6a6b-1d9b-4f43-9b21-e61694ebf0d9/name'
15:16:44.866 [Forwarding getElementTagName on session 4b23be5c9f2f2a72fea2eb85675f2d8b to remote] DEBUG org.asynchttpclient.netty.request.NettyRequestSender - Using open Channel [id: 0x74d1785b, L:/127.0.0.1:50565 - R:localhost/127.0.0.1:52212] for GET '/session/4b23be5c9f2f2a72fea2eb85675f2d8b/element/567d6a6b-1d9b-4f43-9b21-e61694ebf0d9/name'
15:16:44.872 [AsyncHttpClient-1-10] DEBUG org.asynchttpclient.netty.handler.HttpHandler - 

Request DefaultFullHttpRequest(decodeResult: success, version: HTTP/1.1, content: EmptyByteBufBE)
GET /session/4b23be5c9f2f2a72fea2eb85675f2d8b/element/567d6a6b-1d9b-4f43-9b21-e61694ebf0d9/name HTTP/1.1
User-Agent: selenium/4.1.2 (java windows)
Cache-Control: no-cache
Content-Type: application/json; charset=utf-8
host: localhost:52212
accept: */*

Response DefaultHttpResponse(decodeResult: success, version: HTTP/1.1)
HTTP/1.1 200 OK
Content-Type: application/json; charset=utf-8
cache-control: no-cache
content-length: 16

15:16:44.872 [AsyncHttpClient-1-10] DEBUG org.asynchttpclient.netty.channel.ChannelManager - Adding key: http://localhost:52212 for channel [id: 0x74d1785b, L:/127.0.0.1:50565 - R:localhost/127.0.0.1:52212]
15:16:44.874 [Forwarding getElementTagName on session 4b23be5c9f2f2a72fea2eb85675f2d8b to remote] DEBUG org.asynchttpclient.netty.request.NettyRequestSender - Using pooled Channel '[id: 0x74d1785b, L:/127.0.0.1:50565 - R:localhost/127.0.0.1:52212]' for 'GET' to 'http://localhost:52212/session/4b23be5c9f2f2a72fea2eb85675f2d8b/element/567d6a6b-1d9b-4f43-9b21-e61694ebf0d9/name'
15:16:44.874 [Forwarding getElementTagName on session 4b23be5c9f2f2a72fea2eb85675f2d8b to remote] DEBUG org.asynchttpclient.netty.request.NettyRequestSender - Using open Channel [id: 0x74d1785b, L:/127.0.0.1:50565 - R:localhost/127.0.0.1:52212] for GET '/session/4b23be5c9f2f2a72fea2eb85675f2d8b/element/567d6a6b-1d9b-4f43-9b21-e61694ebf0d9/name'
15:16:44.877 [AsyncHttpClient-1-10] DEBUG org.asynchttpclient.netty.handler.HttpHandler - 

Request DefaultFullHttpRequest(decodeResult: success, version: HTTP/1.1, content: EmptyByteBufBE)
GET /session/4b23be5c9f2f2a72fea2eb85675f2d8b/element/567d6a6b-1d9b-4f43-9b21-e61694ebf0d9/name HTTP/1.1
User-Agent: selenium/4.1.2 (java windows)
Cache-Control: no-cache
Content-Type: application/json; charset=utf-8
host: localhost:52212
accept: */*

Response DefaultHttpResponse(decodeResult: success, version: HTTP/1.1)
HTTP/1.1 200 OK
Content-Type: application/json; charset=utf-8
cache-control: no-cache
content-length: 16

15:16:44.877 [AsyncHttpClient-1-10] DEBUG org.asynchttpclient.netty.channel.ChannelManager - Adding key: http://localhost:52212 for channel [id: 0x74d1785b, L:/127.0.0.1:50565 - R:localhost/127.0.0.1:52212]
15:16:44.879 [Forwarding findElement on session 4b23be5c9f2f2a72fea2eb85675f2d8b to remote] DEBUG org.asynchttpclient.netty.request.NettyRequestSender - Using pooled Channel '[id: 0x74d1785b, L:/127.0.0.1:50565 - R:localhost/127.0.0.1:52212]' for 'POST' to 'http://localhost:52212/session/4b23be5c9f2f2a72fea2eb85675f2d8b/element'
15:16:44.879 [Forwarding findElement on session 4b23be5c9f2f2a72fea2eb85675f2d8b to remote] DEBUG org.asynchttpclient.netty.request.NettyRequestSender - Using open Channel [id: 0x74d1785b, L:/127.0.0.1:50565 - R:localhost/127.0.0.1:52212] for POST '/session/4b23be5c9f2f2a72fea2eb85675f2d8b/element'
15:16:44.886 [AsyncHttpClient-1-10] DEBUG org.asynchttpclient.netty.handler.HttpHandler - 

Request DefaultHttpRequest(decodeResult: success, version: HTTP/1.1)
POST /session/4b23be5c9f2f2a72fea2eb85675f2d8b/element HTTP/1.1
User-Agent: selenium/4.1.2 (java windows)
Content-Length: 81
Content-Type: application/json; charset=utf-8
host: localhost:52212
accept: */*

Response DefaultHttpResponse(decodeResult: success, version: HTTP/1.1)
HTTP/1.1 200 OK
Content-Type: application/json; charset=utf-8
cache-control: no-cache
content-length: 88

15:16:44.886 [AsyncHttpClient-1-10] DEBUG org.asynchttpclient.netty.channel.ChannelManager - Adding key: http://localhost:52212 for channel [id: 0x74d1785b, L:/127.0.0.1:50565 - R:localhost/127.0.0.1:52212]
15:16:44.888 [Forwarding clickElement on session 4b23be5c9f2f2a72fea2eb85675f2d8b to remote] DEBUG org.asynchttpclient.netty.request.NettyRequestSender - Using pooled Channel '[id: 0x74d1785b, L:/127.0.0.1:50565 - R:localhost/127.0.0.1:52212]' for 'POST' to 'http://localhost:52212/session/4b23be5c9f2f2a72fea2eb85675f2d8b/element/567d6a6b-1d9b-4f43-9b21-e61694ebf0d9/click'
15:16:44.888 [Forwarding clickElement on session 4b23be5c9f2f2a72fea2eb85675f2d8b to remote] DEBUG org.asynchttpclient.netty.request.NettyRequestSender - Using open Channel [id: 0x74d1785b, L:/127.0.0.1:50565 - R:localhost/127.0.0.1:52212] for POST '/session/4b23be5c9f2f2a72fea2eb85675f2d8b/element/567d6a6b-1d9b-4f43-9b21-e61694ebf0d9/click'
15:16:45.338 [AsyncHttpClient-1-10] DEBUG org.asynchttpclient.netty.handler.HttpHandler - 

Request DefaultHttpRequest(decodeResult: success, version: HTTP/1.1)
POST /session/4b23be5c9f2f2a72fea2eb85675f2d8b/element/567d6a6b-1d9b-4f43-9b21-e61694ebf0d9/click HTTP/1.1
User-Agent: selenium/4.1.2 (java windows)
Content-Length: 50
Content-Type: application/json; charset=utf-8
host: localhost:52212
accept: */*

Response DefaultHttpResponse(decodeResult: success, version: HTTP/1.1)
HTTP/1.1 200 OK
Content-Type: application/json; charset=utf-8
cache-control: no-cache
content-length: 14

15:16:45.338 [AsyncHttpClient-1-10] DEBUG org.asynchttpclient.netty.channel.ChannelManager - Adding key: http://localhost:52212 for channel [id: 0x74d1785b, L:/127.0.0.1:50565 - R:localhost/127.0.0.1:52212]
  &amp#27;[32mThen &amp#27;[0m&amp#27;[32mI click baby on the header&amp#27;[0m &amp#27;[90m# starter.stepdefinitions.BabyStep.iClickBabyOnTheHeader()&amp#27;[0m
15:16:45.350 [Forwarding screenshot on session 4b23be5c9f2f2a72fea2eb85675f2d8b to remote] DEBUG org.asynchttpclient.netty.request.NettyRequestSender - Using pooled Channel '[id: 0x74d1785b, L:/127.0.0.1:50565 - R:localhost/127.0.0.1:52212]' for 'GET' to 'http://localhost:52212/session/4b23be5c9f2f2a72fea2eb85675f2d8b/screenshot'
15:16:45.350 [Forwarding screenshot on session 4b23be5c9f2f2a72fea2eb85675f2d8b to remote] DEBUG org.asynchttpclient.netty.request.NettyRequestSender - Using open Channel [id: 0x74d1785b, L:/127.0.0.1:50565 - R:localhost/127.0.0.1:52212] for GET '/session/4b23be5c9f2f2a72fea2eb85675f2d8b/screenshot'
15:16:45.406 [AsyncHttpClient-1-1] DEBUG org.asynchttpclient.netty.channel.DefaultChannelPool - Entry count for : http://localhost:50566 : 1
15:16:45.458 [AsyncHttpClient-1-10] DEBUG org.asynchttpclient.netty.handler.HttpHandler - 

Request DefaultFullHttpRequest(decodeResult: success, version: HTTP/1.1, content: EmptyByteBufBE)
GET /session/4b23be5c9f2f2a72fea2eb85675f2d8b/screenshot HTTP/1.1
User-Agent: selenium/4.1.2 (java windows)
Cache-Control: no-cache
Content-Type: application/json; charset=utf-8
host: localhost:52212
accept: */*

Response DefaultHttpResponse(decodeResult: success, version: HTTP/1.1)
HTTP/1.1 200 OK
Content-Type: application/json; charset=utf-8
cache-control: no-cache
content-length: 61460

15:16:45.458 [AsyncHttpClient-1-10] DEBUG org.asynchttpclient.netty.channel.ChannelManager - Adding key: http://localhost:52212 for channel [id: 0x74d1785b, L:/127.0.0.1:50565 - R:localhost/127.0.0.1:52212]
15:16:45.460 [main] DEBUG net.serenitybdd.core.photography.Darkroom - Send negative for processing for target\site\serenity\bd1a06db8a435a3eb5a7b998b7d7224ecc0ed23ebed484723eb499981c4c7918.png
15:16:45.461 [Darkroom Processing Line] DEBUG net.serenitybdd.core.photography.DarkroomProcessingLine - Processing screenshot image in /var/screenshots/screenshot-13002427064753098771
15:16:45.461 [Darkroom Processing Line] DEBUG net.serenitybdd.core.photography.DarkroomProcessingLine - Saving screenshot to target\site\serenity\bd1a06db8a435a3eb5a7b998b7d7224ecc0ed23ebed484723eb499981c4c7918.png
15:16:45.467 [Forwarding findElement on session 4b23be5c9f2f2a72fea2eb85675f2d8b to remote] DEBUG org.asynchttpclient.netty.request.NettyRequestSender - Using pooled Channel '[id: 0x74d1785b, L:/127.0.0.1:50565 - R:localhost/127.0.0.1:52212]' for 'POST' to 'http://localhost:52212/session/4b23be5c9f2f2a72fea2eb85675f2d8b/element'
15:16:45.467 [Forwarding findElement on session 4b23be5c9f2f2a72fea2eb85675f2d8b to remote] DEBUG org.asynchttpclient.netty.request.NettyRequestSender - Using open Channel [id: 0x74d1785b, L:/127.0.0.1:50565 - R:localhost/127.0.0.1:52212] for POST '/session/4b23be5c9f2f2a72fea2eb85675f2d8b/element'
15:16:45.480 [AsyncHttpClient-1-10] DEBUG org.asynchttpclient.netty.handler.HttpHandler - 

Request DefaultHttpRequest(decodeResult: success, version: HTTP/1.1)
POST /session/4b23be5c9f2f2a72fea2eb85675f2d8b/element HTTP/1.1
User-Agent: selenium/4.1.2 (java windows)
Content-Length: 105
Content-Type: application/json; charset=utf-8
host: localhost:52212
accept: */*

Response DefaultHttpResponse(decodeResult: success, version: HTTP/1.1)
HTTP/1.1 200 OK
Content-Type: application/json; charset=utf-8
cache-control: no-cache
content-length: 88

15:16:45.480 [AsyncHttpClient-1-10] DEBUG org.asynchttpclient.netty.channel.ChannelManager - Adding key: http://localhost:52212 for channel [id: 0x74d1785b, L:/127.0.0.1:50565 - R:localhost/127.0.0.1:52212]
15:16:45.481 [Forwarding getElementTagName on session 4b23be5c9f2f2a72fea2eb85675f2d8b to remote] DEBUG org.asynchttpclient.netty.request.NettyRequestSender - Using pooled Channel '[id: 0x74d1785b, L:/127.0.0.1:50565 - R:localhost/127.0.0.1:52212]' for 'GET' to 'http://localhost:52212/session/4b23be5c9f2f2a72fea2eb85675f2d8b/element/1d122e0a-8d69-443e-8690-89c9b13bdf26/name'
15:16:45.481 [Forwarding getElementTagName on session 4b23be5c9f2f2a72fea2eb85675f2d8b to remote] DEBUG org.asynchttpclient.netty.request.NettyRequestSender - Using open Channel [id: 0x74d1785b, L:/127.0.0.1:50565 - R:localhost/127.0.0.1:52212] for GET '/session/4b23be5c9f2f2a72fea2eb85675f2d8b/element/1d122e0a-8d69-443e-8690-89c9b13bdf26/name'
15:16:45.485 [AsyncHttpClient-1-10] DEBUG org.asynchttpclient.netty.handler.HttpHandler - 

Request DefaultFullHttpRequest(decodeResult: success, version: HTTP/1.1, content: EmptyByteBufBE)
GET /session/4b23be5c9f2f2a72fea2eb85675f2d8b/element/1d122e0a-8d69-443e-8690-89c9b13bdf26/name HTTP/1.1
User-Agent: selenium/4.1.2 (java windows)
Cache-Control: no-cache
Content-Type: application/json; charset=utf-8
host: localhost:52212
accept: */*

Response DefaultHttpResponse(decodeResult: success, version: HTTP/1.1)
HTTP/1.1 200 OK
Content-Type: application/json; charset=utf-8
cache-control: no-cache
content-length: 16

15:16:45.485 [AsyncHttpClient-1-10] DEBUG org.asynchttpclient.netty.channel.ChannelManager - Adding key: http://localhost:52212 for channel [id: 0x74d1785b, L:/127.0.0.1:50565 - R:localhost/127.0.0.1:52212]
15:16:45.486 [Forwarding getElementTagName on session 4b23be5c9f2f2a72fea2eb85675f2d8b to remote] DEBUG org.asynchttpclient.netty.request.NettyRequestSender - Using pooled Channel '[id: 0x74d1785b, L:/127.0.0.1:50565 - R:localhost/127.0.0.1:52212]' for 'GET' to 'http://localhost:52212/session/4b23be5c9f2f2a72fea2eb85675f2d8b/element/1d122e0a-8d69-443e-8690-89c9b13bdf26/name'
15:16:45.486 [Forwarding getElementTagName on session 4b23be5c9f2f2a72fea2eb85675f2d8b to remote] DEBUG org.asynchttpclient.netty.request.NettyRequestSender - Using open Channel [id: 0x74d1785b, L:/127.0.0.1:50565 - R:localhost/127.0.0.1:52212] for GET '/session/4b23be5c9f2f2a72fea2eb85675f2d8b/element/1d122e0a-8d69-443e-8690-89c9b13bdf26/name'
15:16:45.494 [AsyncHttpClient-1-10] DEBUG org.asynchttpclient.netty.handler.HttpHandler - 

Request DefaultFullHttpRequest(decodeResult: success, version: HTTP/1.1, content: EmptyByteBufBE)
GET /session/4b23be5c9f2f2a72fea2eb85675f2d8b/element/1d122e0a-8d69-443e-8690-89c9b13bdf26/name HTTP/1.1
User-Agent: selenium/4.1.2 (java windows)
Cache-Control: no-cache
Content-Type: application/json; charset=utf-8
host: localhost:52212
accept: */*

Response DefaultHttpResponse(decodeResult: success, version: HTTP/1.1)
HTTP/1.1 200 OK
Content-Type: application/json; charset=utf-8
cache-control: no-cache
content-length: 16

15:16:45.494 [AsyncHttpClient-1-10] DEBUG org.asynchttpclient.netty.channel.ChannelManager - Adding key: http://localhost:52212 for channel [id: 0x74d1785b, L:/127.0.0.1:50565 - R:localhost/127.0.0.1:52212]
15:16:45.497 [Forwarding findElement on session 4b23be5c9f2f2a72fea2eb85675f2d8b to remote] DEBUG org.asynchttpclient.netty.request.NettyRequestSender - Using pooled Channel '[id: 0x74d1785b, L:/127.0.0.1:50565 - R:localhost/127.0.0.1:52212]' for 'POST' to 'http://localhost:52212/session/4b23be5c9f2f2a72fea2eb85675f2d8b/element'
15:16:45.497 [Forwarding findElement on session 4b23be5c9f2f2a72fea2eb85675f2d8b to remote] DEBUG org.asynchttpclient.netty.request.NettyRequestSender - Using open Channel [id: 0x74d1785b, L:/127.0.0.1:50565 - R:localhost/127.0.0.1:52212] for POST '/session/4b23be5c9f2f2a72fea2eb85675f2d8b/element'
15:16:45.503 [AsyncHttpClient-1-10] DEBUG org.asynchttpclient.netty.handler.HttpHandler - 

Request DefaultHttpRequest(decodeResult: success, version: HTTP/1.1)
POST /session/4b23be5c9f2f2a72fea2eb85675f2d8b/element HTTP/1.1
User-Agent: selenium/4.1.2 (java windows)
Content-Length: 105
Content-Type: application/json; charset=utf-8
host: localhost:52212
accept: */*

Response DefaultHttpResponse(decodeResult: success, version: HTTP/1.1)
HTTP/1.1 200 OK
Content-Type: application/json; charset=utf-8
cache-control: no-cache
content-length: 88

15:16:45.503 [AsyncHttpClient-1-10] DEBUG org.asynchttpclient.netty.channel.ChannelManager - Adding key: http://localhost:52212 for channel [id: 0x74d1785b, L:/127.0.0.1:50565 - R:localhost/127.0.0.1:52212]
15:16:45.506 [Forwarding clickElement on session 4b23be5c9f2f2a72fea2eb85675f2d8b to remote] DEBUG org.asynchttpclient.netty.request.NettyRequestSender - Using pooled Channel '[id: 0x74d1785b, L:/127.0.0.1:50565 - R:localhost/127.0.0.1:52212]' for 'POST' to 'http://localhost:52212/session/4b23be5c9f2f2a72fea2eb85675f2d8b/element/1d122e0a-8d69-443e-8690-89c9b13bdf26/click'
15:16:45.506 [Forwarding clickElement on session 4b23be5c9f2f2a72fea2eb85675f2d8b to remote] DEBUG org.asynchttpclient.netty.request.NettyRequestSender - Using open Channel [id: 0x74d1785b, L:/127.0.0.1:50565 - R:localhost/127.0.0.1:52212] for POST '/session/4b23be5c9f2f2a72fea2eb85675f2d8b/element/1d122e0a-8d69-443e-8690-89c9b13bdf26/click'
15:16:45.686 [AsyncHttpClient-1-10] DEBUG org.asynchttpclient.netty.handler.HttpHandler - 

Request DefaultHttpRequest(decodeResult: success, version: HTTP/1.1)
POST /session/4b23be5c9f2f2a72fea2eb85675f2d8b/element/1d122e0a-8d69-443e-8690-89c9b13bdf26/click HTTP/1.1
User-Agent: selenium/4.1.2 (java windows)
Content-Length: 50
Content-Type: application/json; charset=utf-8
host: localhost:52212
accept: */*

Response DefaultHttpResponse(decodeResult: success, version: HTTP/1.1)
HTTP/1.1 200 OK
Content-Type: application/json; charset=utf-8
cache-control: no-cache
content-length: 14

15:16:45.686 [AsyncHttpClient-1-10] DEBUG org.asynchttpclient.netty.channel.ChannelManager - Adding key: http://localhost:52212 for channel [id: 0x74d1785b, L:/127.0.0.1:50565 - R:localhost/127.0.0.1:52212]
  &amp#27;[32mWhen &amp#27;[0m&amp#27;[32mI will go to &amp#27;[0m&amp#27;[32m&amp#27;[1m"legging"&amp#27;[0m     &amp#27;[90m# starter.stepdefinitions.BabyStep.iWillGoTo(java.lang.String)&amp#27;[0m
15:16:45.699 [Forwarding screenshot on session 4b23be5c9f2f2a72fea2eb85675f2d8b to remote] DEBUG org.asynchttpclient.netty.request.NettyRequestSender - Using pooled Channel '[id: 0x74d1785b, L:/127.0.0.1:50565 - R:localhost/127.0.0.1:52212]' for 'GET' to 'http://localhost:52212/session/4b23be5c9f2f2a72fea2eb85675f2d8b/screenshot'
15:16:45.699 [Forwarding screenshot on session 4b23be5c9f2f2a72fea2eb85675f2d8b to remote] DEBUG org.asynchttpclient.netty.request.NettyRequestSender - Using open Channel [id: 0x74d1785b, L:/127.0.0.1:50565 - R:localhost/127.0.0.1:52212] for GET '/session/4b23be5c9f2f2a72fea2eb85675f2d8b/screenshot'
15:16:46.413 [AsyncHttpClient-1-10] DEBUG org.asynchttpclient.netty.handler.HttpHandler - 

Request DefaultFullHttpRequest(decodeResult: success, version: HTTP/1.1, content: EmptyByteBufBE)
GET /session/4b23be5c9f2f2a72fea2eb85675f2d8b/screenshot HTTP/1.1
User-Agent: selenium/4.1.2 (java windows)
Cache-Control: no-cache
Content-Type: application/json; charset=utf-8
host: localhost:52212
accept: */*

Response DefaultHttpResponse(decodeResult: success, version: HTTP/1.1)
HTTP/1.1 200 OK
Content-Type: application/json; charset=utf-8
cache-control: no-cache
content-length: 662336

15:16:46.415 [AsyncHttpClient-1-10] DEBUG org.asynchttpclient.netty.channel.ChannelManager - Adding key: http://localhost:52212 for channel [id: 0x74d1785b, L:/127.0.0.1:50565 - R:localhost/127.0.0.1:52212]
15:16:46.437 [main] DEBUG net.serenitybdd.core.photography.Darkroom - Send negative for processing for target\site\serenity\87bd87390ffd0af7d6c7a9dc36f4ebb9af428e62269135515872032435cdb7a5.png
15:16:46.438 [Darkroom Processing Line] DEBUG net.serenitybdd.core.photography.DarkroomProcessingLine - Processing screenshot image in /var/screenshots/screenshot-5497563255806008714
15:16:46.438 [Darkroom Processing Line] DEBUG net.serenitybdd.core.photography.DarkroomProcessingLine - Saving screenshot to target\site\serenity\87bd87390ffd0af7d6c7a9dc36f4ebb9af428e62269135515872032435cdb7a5.png
15:16:46.449 [Forwarding findElement on session 4b23be5c9f2f2a72fea2eb85675f2d8b to remote] DEBUG org.asynchttpclient.netty.request.NettyRequestSender - Using pooled Channel '[id: 0x74d1785b, L:/127.0.0.1:50565 - R:localhost/127.0.0.1:52212]' for 'POST' to 'http://localhost:52212/session/4b23be5c9f2f2a72fea2eb85675f2d8b/element'
15:16:46.449 [Forwarding findElement on session 4b23be5c9f2f2a72fea2eb85675f2d8b to remote] DEBUG org.asynchttpclient.netty.request.NettyRequestSender - Using open Channel [id: 0x74d1785b, L:/127.0.0.1:50565 - R:localhost/127.0.0.1:52212] for POST '/session/4b23be5c9f2f2a72fea2eb85675f2d8b/element'
15:16:46.468 [AsyncHttpClient-1-10] DEBUG org.asynchttpclient.netty.handler.HttpHandler - 

Request DefaultHttpRequest(decodeResult: success, version: HTTP/1.1)
POST /session/4b23be5c9f2f2a72fea2eb85675f2d8b/element HTTP/1.1
User-Agent: selenium/4.1.2 (java windows)
Content-Length: 89
Content-Type: application/json; charset=utf-8
host: localhost:52212
accept: */*

Response DefaultHttpResponse(decodeResult: success, version: HTTP/1.1)
HTTP/1.1 200 OK
Content-Type: application/json; charset=utf-8
cache-control: no-cache
content-length: 88

15:16:46.469 [AsyncHttpClient-1-10] DEBUG org.asynchttpclient.netty.channel.ChannelManager - Adding key: http://localhost:52212 for channel [id: 0x74d1785b, L:/127.0.0.1:50565 - R:localhost/127.0.0.1:52212]
15:16:46.472 [Forwarding isElementDisplayed on session 4b23be5c9f2f2a72fea2eb85675f2d8b to remote] DEBUG org.asynchttpclient.netty.request.NettyRequestSender - Using pooled Channel '[id: 0x74d1785b, L:/127.0.0.1:50565 - R:localhost/127.0.0.1:52212]' for 'POST' to 'http://localhost:52212/session/4b23be5c9f2f2a72fea2eb85675f2d8b/execute/sync'
15:16:46.472 [Forwarding isElementDisplayed on session 4b23be5c9f2f2a72fea2eb85675f2d8b to remote] DEBUG org.asynchttpclient.netty.request.NettyRequestSender - Using open Channel [id: 0x74d1785b, L:/127.0.0.1:50565 - R:localhost/127.0.0.1:52212] for POST '/session/4b23be5c9f2f2a72fea2eb85675f2d8b/execute/sync'
15:16:46.488 [AsyncHttpClient-1-10] DEBUG org.asynchttpclient.netty.handler.HttpHandler - 

Request DefaultHttpRequest(decodeResult: success, version: HTTP/1.1)
POST /session/4b23be5c9f2f2a72fea2eb85675f2d8b/execute/sync HTTP/1.1
User-Agent: selenium/4.1.2 (java windows)
Content-Length: 48780
Content-Type: application/json; charset=utf-8
host: localhost:52212
accept: */*

Response DefaultHttpResponse(decodeResult: success, version: HTTP/1.1)
HTTP/1.1 200 OK
Content-Type: application/json; charset=utf-8
cache-control: no-cache
content-length: 14

15:16:46.488 [AsyncHttpClient-1-10] DEBUG org.asynchttpclient.netty.channel.ChannelManager - Adding key: http://localhost:52212 for channel [id: 0x74d1785b, L:/127.0.0.1:50565 - R:localhost/127.0.0.1:52212]
  &amp#27;[32mAnd &amp#27;[0m&amp#27;[32mI &amp#27;[0m&amp#27;[32m&amp#27;[1m"txtLegging"&amp#27;[0m&amp#27;[32m page&amp#27;[0m         &amp#27;[90m# starter.stepdefinitions.BabyStep.iPage(java.lang.String)&amp#27;[0m
15:16:46.498 [Forwarding screenshot on session 4b23be5c9f2f2a72fea2eb85675f2d8b to remote] DEBUG org.asynchttpclient.netty.request.NettyRequestSender - Using pooled Channel '[id: 0x74d1785b, L:/127.0.0.1:50565 - R:localhost/127.0.0.1:52212]' for 'GET' to 'http://localhost:52212/session/4b23be5c9f2f2a72fea2eb85675f2d8b/screenshot'
15:16:46.498 [Forwarding screenshot on session 4b23be5c9f2f2a72fea2eb85675f2d8b to remote] DEBUG org.asynchttpclient.netty.request.NettyRequestSender - Using open Channel [id: 0x74d1785b, L:/127.0.0.1:50565 - R:localhost/127.0.0.1:52212] for GET '/session/4b23be5c9f2f2a72fea2eb85675f2d8b/screenshot'
15:16:46.515 [AsyncHttpClient-1-1] DEBUG org.asynchttpclient.netty.channel.DefaultChannelPool - Entry count for : http://localhost:50566 : 1
15:16:46.630 [AsyncHttpClient-1-10] DEBUG org.asynchttpclient.netty.handler.HttpHandler - 

Request DefaultFullHttpRequest(decodeResult: success, version: HTTP/1.1, content: EmptyByteBufBE)
GET /session/4b23be5c9f2f2a72fea2eb85675f2d8b/screenshot HTTP/1.1
User-Agent: selenium/4.1.2 (java windows)
Cache-Control: no-cache
Content-Type: application/json; charset=utf-8
host: localhost:52212
accept: */*

Response DefaultHttpResponse(decodeResult: success, version: HTTP/1.1)
HTTP/1.1 200 OK
Content-Type: application/json; charset=utf-8
cache-control: no-cache
content-length: 55600

15:16:46.631 [AsyncHttpClient-1-10] DEBUG org.asynchttpclient.netty.channel.ChannelManager - Adding key: http://localhost:52212 for channel [id: 0x74d1785b, L:/127.0.0.1:50565 - R:localhost/127.0.0.1:52212]
15:16:46.633 [main] DEBUG net.serenitybdd.core.photography.Darkroom - Send negative for processing for target\site\serenity\169268ccc2c1c6a7a7eccc336a40fef98c1367116f3be6d8bbb10a7f6e0ffbb9.png
15:16:46.634 [Darkroom Processing Line] DEBUG net.serenitybdd.core.photography.DarkroomProcessingLine - Processing screenshot image in /var/screenshots/screenshot-4977850119330898489
15:16:46.634 [Darkroom Processing Line] DEBUG net.serenitybdd.core.photography.DarkroomProcessingLine - Saving screenshot to target\site\serenity\169268ccc2c1c6a7a7eccc336a40fef98c1367116f3be6d8bbb10a7f6e0ffbb9.png
15:16:46.641 [AsyncHttpClient-1-12] DEBUG org.asynchttpclient.netty.handler.WebSocketHandler - Channel Closed: [id: 0x52164814, L:/127.0.0.1:50573 ! R:localhost/127.0.0.1:50566] with attribute NettyResponseFuture{currentRetry=5,
	isDone=1,
	isCancelled=0,
	asyncHandler=org.asynchttpclient.ws.WebSocketUpgradeHandler@1d329e1,
	nettyRequest=org.asynchttpclient.netty.request.NettyRequest@34ccc91c,
	future=java.util.concurrent.CompletableFuture@797696f9[Completed normally],
	uri=ws://localhost:50566/devtools/browser/7fbf6e79-10f3-4cbf-bd11-e894325a4eb4,
	keepAlive=true,
	redirectCount=0,
	timeoutsHolder=null,
	inAuth=0,
	touch=1680855398728}
15:16:46.641 [AsyncHttpClient-1-12] DEBUG org.asynchttpclient.netty.channel.ChannelManager - Closing Channel [id: 0x52164814, L:/127.0.0.1:50573 ! R:localhost/127.0.0.1:50566] 
15:16:46.642 [Driver Command Executor] DEBUG org.asynchttpclient.netty.request.NettyRequestSender - Using pooled Channel '[id: 0x74d1785b, L:/127.0.0.1:50565 - R:localhost/127.0.0.1:52212]' for 'DELETE' to 'http://localhost:52212/session/4b23be5c9f2f2a72fea2eb85675f2d8b'
15:16:46.642 [Driver Command Executor] DEBUG org.asynchttpclient.netty.request.NettyRequestSender - Using open Channel [id: 0x74d1785b, L:/127.0.0.1:50565 - R:localhost/127.0.0.1:52212] for DELETE '/session/4b23be5c9f2f2a72fea2eb85675f2d8b'
15:16:46.682 [AsyncHttpClient-1-11] DEBUG org.asynchttpclient.netty.handler.HttpHandler - Unexpected I/O exception on channel [id: 0xe1f87742, L:/127.0.0.1:50572 - R:localhost/127.0.0.1:50566]
java.net.SocketException: Connection reset
	at java.base/sun.nio.ch.SocketChannelImpl.throwConnectionReset(SocketChannelImpl.java:345)
	at java.base/sun.nio.ch.SocketChannelImpl.read(SocketChannelImpl.java:376)
	at io.netty.buffer.PooledByteBuf.setBytes(PooledByteBuf.java:258)
	at io.netty.buffer.AbstractByteBuf.writeBytes(AbstractByteBuf.java:1132)
	at io.netty.channel.socket.nio.NioSocketChannel.doReadBytes(NioSocketChannel.java:350)
	at io.netty.channel.nio.AbstractNioByteChannel$NioByteUnsafe.read(AbstractNioByteChannel.java:151)
	at io.netty.channel.nio.NioEventLoop.processSelectedKey(NioEventLoop.java:722)
	at io.netty.channel.nio.NioEventLoop.processSelectedKeysOptimized(NioEventLoop.java:658)
	at io.netty.channel.nio.NioEventLoop.processSelectedKeys(NioEventLoop.java:584)
	at io.netty.channel.nio.NioEventLoop.run(NioEventLoop.java:496)
	at io.netty.util.concurrent.SingleThreadEventExecutor$4.run(SingleThreadEventExecutor.java:986)
	at io.netty.util.internal.ThreadExecutorMap$2.run(ThreadExecutorMap.java:74)
	at io.netty.util.concurrent.FastThreadLocalRunnable.run(FastThreadLocalRunnable.java:30)
	at java.base/java.lang.Thread.run(Thread.java:830)
15:16:46.682 [AsyncHttpClient-1-11] DEBUG org.asynchttpclient.netty.channel.ChannelManager - Closing Channel [id: 0xe1f87742, L:/127.0.0.1:50572 - R:localhost/127.0.0.1:50566] 
15:16:46.682 [AsyncHttpClient-1-11] DEBUG org.asynchttpclient.netty.handler.HttpHandler - Channel Closed: [id: 0xe1f87742, L:/127.0.0.1:50572 ! R:localhost/127.0.0.1:50566] with attribute DISCARD
15:16:46.716 [AsyncHttpClient-1-10] DEBUG org.asynchttpclient.netty.handler.HttpHandler - 

Request DefaultFullHttpRequest(decodeResult: success, version: HTTP/1.1, content: EmptyByteBufBE)
DELETE /session/4b23be5c9f2f2a72fea2eb85675f2d8b HTTP/1.1
User-Agent: selenium/4.1.2 (java windows)
Content-Type: application/json; charset=utf-8
host: localhost:52212
accept: */*

Response DefaultHttpResponse(decodeResult: success, version: HTTP/1.1)
HTTP/1.1 200 OK
Content-Type: application/json; charset=utf-8
cache-control: no-cache
content-length: 14

15:16:46.717 [AsyncHttpClient-1-10] DEBUG org.asynchttpclient.netty.channel.ChannelManager - Adding key: http://localhost:52212 for channel [id: 0x74d1785b, L:/127.0.0.1:50565 - R:localhost/127.0.0.1:52212]
15:16:46.873 [AsyncHttpClient-1-10] DEBUG org.asynchttpclient.netty.handler.HttpHandler - Channel Closed: [id: 0x74d1785b, L:/127.0.0.1:50565 ! R:localhost/127.0.0.1:52212] with attribute DISCARD
]]></system-out>
    <system-err><![CDATA[Starting Microsoft Edge WebDriver 111.0.1661.62 (0a8f453929e6410c973aa529a40485ce4e3e03db) on port 52212
To submit feedback, report a bug, or suggest new features, please visit https://github.com/MicrosoftEdge/EdgeWebDriver

Only local connections are allowed.
Please see https://aka.ms/WebDriverSecurity for suggestions on keeping Microsoft Edge WebDriver safe.

Microsoft Edge WebDriver was started successfully.
Apr 07, 2023 3:16:38 PM org.openqa.selenium.remote.ProtocolHandshake createSession
INFO: Detected dialect: W3C
Apr 07, 2023 3:16:38 PM org.openqa.selenium.devtools.CdpVersionFinder findNearestMatch
WARNING: Unable to find an exact match for CDP version 111, so returning the closest version found: a no-op implementation
Apr 07, 2023 3:16:38 PM org.openqa.selenium.devtools.CdpVersionFinder findNearestMatch
INFO: Unable to find CDP implementation matching 111.
Apr 07, 2023 3:16:38 PM org.openqa.selenium.chromium.ChromiumDriver lambda$new$3
WARNING: Unable to find version of CDP to use for . You may need to include a dependency on a specific version of the CDP using something similar to `org.seleniumhq.selenium:selenium-devtools-v86:4.1.2` where the version ("v86") matches the version of the chromium-based browser you're using and the version number of the artifact is the same as Selenium's.
]]></system-err>
  </testcase>
  <testcase name="Fitur Menu Baby #10" classname="Baby" time="13.067">
    <system-out><![CDATA[
Scenario Outline: Fitur Menu Baby &amp#27;[90m# src/test/resources/features/Baby.feature:102&amp#27;[0m
15:16:47.456 [main] INFO io.cucumber.core.plugin.SerenityReporter - Running feature from file:///C:/Users/alwi/IdeaProjects/uniqloweb/src/test/resources/features/Baby.feature
15:16:47.584 [main] DEBUG io.github.bonigarcia.wdm.cache.ResolutionCache - Resolution edge=111 in cache (valid until 16:02:35 07/04/2023 WIB)
15:16:47.588 [main] DEBUG io.github.bonigarcia.wdm.cache.ResolutionCache - Resolution edge111=111.0.1661.62 in cache (valid until 15:02:35 08/04/2023 WIB)
15:16:47.590 [main] INFO io.github.bonigarcia.wdm.WebDriverManager - Using msedgedriver 111.0.1661.62 (resolved driver for Edge 111)
15:16:47.602 [main] DEBUG io.github.bonigarcia.wdm.WebDriverManager - Driver msedgedriver 111.0.1661.62 found in cache
15:16:47.603 [main] INFO io.github.bonigarcia.wdm.WebDriverManager - Exporting webdriver.edge.driver as C:\Users\alwi\.cache\selenium\msedgedriver\win64\111.0.1661.62\msedgedriver.exe
15:16:47.605 [AsyncHttpClient-1-1] DEBUG org.asynchttpclient.netty.channel.DefaultChannelPool - Entry count for : http://localhost:52212 : 1
15:16:47.605 [AsyncHttpClient-1-1] DEBUG org.asynchttpclient.netty.channel.DefaultChannelPool - Entry count for : http://localhost:50566 : 1
15:16:47.605 [AsyncHttpClient-1-1] DEBUG org.asynchttpclient.netty.channel.DefaultChannelPool - Adding Candidate expired Channel [id: 0x74d1785b, L:/127.0.0.1:50565 ! R:localhost/127.0.0.1:52212] isIdleTimeoutExpired=false isRemotelyClosed=true isTtlExpired=false
15:16:47.605 [AsyncHttpClient-1-1] DEBUG org.asynchttpclient.netty.channel.DefaultChannelPool - Closing Idle Channel [id: 0x74d1785b, L:/127.0.0.1:50565 ! R:localhost/127.0.0.1:52212]
15:16:47.605 [AsyncHttpClient-1-1] DEBUG org.asynchttpclient.netty.channel.DefaultChannelPool - Adding Candidate expired Channel [id: 0xe1f87742, L:/127.0.0.1:50572 ! R:localhost/127.0.0.1:50566] isIdleTimeoutExpired=false isRemotelyClosed=true isTtlExpired=false
15:16:47.605 [main] DEBUG net.serenitybdd.core.webdriver.driverproviders.ProvideNewDriver - Instantiating driver
15:16:47.605 [AsyncHttpClient-1-1] DEBUG org.asynchttpclient.netty.channel.DefaultChannelPool - Closing Idle Channel [id: 0xe1f87742, L:/127.0.0.1:50572 ! R:localhost/127.0.0.1:50566]
15:16:47.605 [AsyncHttpClient-1-1] DEBUG org.asynchttpclient.netty.channel.DefaultChannelPool - Closed 2 connections out of 2 in 0 ms
15:16:47.605 [main] DEBUG net.serenitybdd.core.webdriver.driverproviders.ProvideNewDriver - Driver capabilities: Capabilities {base.url: https://www.uniqlo.com, chrome.driver: src/test/resources/webdrive..., driver: edge, ms:edgeChromium: true, ms:edgeOptions: {}, wait.for.timeout: 6000}
15:16:48.152 [AsyncHttpClient-1-13] DEBUG org.asynchttpclient.netty.channel.NettyConnectListener - Using new Channel '[id: 0x08c5ba24, L:/127.0.0.1:50704 - R:localhost/127.0.0.1:53216]' for 'POST' to '/session'
15:16:48.756 [AsyncHttpClient-1-13] DEBUG org.asynchttpclient.netty.handler.HttpHandler - 

Request DefaultHttpRequest(decodeResult: success, version: HTTP/1.1)
POST /session HTTP/1.1
User-Agent: selenium/4.1.2 (java windows)
Content-Length: 627
Content-Type: application/json; charset=utf-8
host: localhost:53216
accept: */*

Response DefaultHttpResponse(decodeResult: success, version: HTTP/1.1)
HTTP/1.1 200 OK
Content-Type: application/json; charset=utf-8
cache-control: no-cache
content-length: 824

15:16:48.756 [AsyncHttpClient-1-13] DEBUG org.asynchttpclient.netty.channel.ChannelManager - Adding key: http://localhost:53216 for channel [id: 0x08c5ba24, L:/127.0.0.1:50704 - R:localhost/127.0.0.1:53216]
15:16:48.768 [AsyncHttpClient-1-14] DEBUG org.asynchttpclient.netty.channel.NettyConnectListener - Using new Channel '[id: 0x7f5be4c9, L:/127.0.0.1:50711 - R:localhost/127.0.0.1:50705]' for 'GET' to '/json/version'
15:16:48.769 [AsyncHttpClient-1-14] DEBUG org.asynchttpclient.netty.handler.HttpHandler - 

Request DefaultFullHttpRequest(decodeResult: success, version: HTTP/1.1, content: EmptyByteBufBE)
GET /json/version HTTP/1.1
User-Agent: selenium/4.1.2 (java windows)
host: localhost:50705
accept: */*

Response DefaultHttpResponse(decodeResult: success, version: HTTP/1.1)
HTTP/1.1 200 OK
Content-Security-Policy: frame-ancestors 'none'
Content-Type: application/json; charset=UTF-8
content-length: 436

15:16:48.769 [AsyncHttpClient-1-14] DEBUG org.asynchttpclient.netty.channel.ChannelManager - Adding key: http://localhost:50705 for channel [id: 0x7f5be4c9, L:/127.0.0.1:50711 - R:localhost/127.0.0.1:50705]
15:16:48.771 [AsyncHttpClient-1-15] DEBUG org.asynchttpclient.netty.channel.NettyConnectListener - Using new Channel '[id: 0xbcbf58ed, L:/127.0.0.1:50712 - R:localhost/127.0.0.1:50705]' for 'GET' to '/devtools/browser/615daeb5-3f36-42ea-a939-475192d79917'
15:16:48.772 [AsyncHttpClient-1-15] DEBUG org.asynchttpclient.netty.handler.WebSocketHandler - 

Request DefaultFullHttpRequest(decodeResult: success, version: HTTP/1.1, content: EmptyByteBufBE)
GET /devtools/browser/615daeb5-3f36-42ea-a939-475192d79917 HTTP/1.1
upgrade: websocket
connection: upgrade
sec-websocket-key: 2oES747JAA+VKkrKnu5SDw==
sec-websocket-version: 13
origin: http://localhost:50705
host: localhost:50705
accept: */*
user-agent: AHC/2.1

Response DefaultHttpResponse(decodeResult: success, version: HTTP/1.1)
HTTP/1.1 101 WebSocket Protocol Handshake
Upgrade: WebSocket
Connection: Upgrade
Sec-WebSocket-Accept: ZIxloUnQ4f76Qt9iXuqMbnBYIpM=

15:16:48.776 [Forwarding get on session 8ad90918f65fe354fabf8a6f1747d2c1 to remote] DEBUG org.asynchttpclient.netty.request.NettyRequestSender - Using pooled Channel '[id: 0x08c5ba24, L:/127.0.0.1:50704 - R:localhost/127.0.0.1:53216]' for 'POST' to 'http://localhost:53216/session/8ad90918f65fe354fabf8a6f1747d2c1/url'
15:16:48.777 [Forwarding get on session 8ad90918f65fe354fabf8a6f1747d2c1 to remote] DEBUG org.asynchttpclient.netty.request.NettyRequestSender - Using open Channel [id: 0x08c5ba24, L:/127.0.0.1:50704 - R:localhost/127.0.0.1:53216] for POST '/session/8ad90918f65fe354fabf8a6f1747d2c1/url'
15:16:49.805 [AsyncHttpClient-1-1] DEBUG org.asynchttpclient.netty.channel.DefaultChannelPool - Entry count for : http://localhost:50705 : 1
15:16:50.906 [AsyncHttpClient-1-1] DEBUG org.asynchttpclient.netty.channel.DefaultChannelPool - Entry count for : http://localhost:50705 : 1
15:16:52.013 [AsyncHttpClient-1-1] DEBUG org.asynchttpclient.netty.channel.DefaultChannelPool - Entry count for : http://localhost:50705 : 1
15:16:53.105 [AsyncHttpClient-1-1] DEBUG org.asynchttpclient.netty.channel.DefaultChannelPool - Entry count for : http://localhost:50705 : 1
15:16:54.211 [AsyncHttpClient-1-1] DEBUG org.asynchttpclient.netty.channel.DefaultChannelPool - Entry count for : http://localhost:50705 : 1
15:16:55.306 [AsyncHttpClient-1-1] DEBUG org.asynchttpclient.netty.channel.DefaultChannelPool - Entry count for : http://localhost:50705 : 1
15:16:56.407 [AsyncHttpClient-1-1] DEBUG org.asynchttpclient.netty.channel.DefaultChannelPool - Entry count for : http://localhost:50705 : 1
15:16:56.940 [AsyncHttpClient-1-13] DEBUG org.asynchttpclient.netty.handler.HttpHandler - 

Request DefaultHttpRequest(decodeResult: success, version: HTTP/1.1)
POST /session/8ad90918f65fe354fabf8a6f1747d2c1/url HTTP/1.1
User-Agent: selenium/4.1.2 (java windows)
Content-Length: 53
Content-Type: application/json; charset=utf-8
host: localhost:53216
accept: */*

Response DefaultHttpResponse(decodeResult: success, version: HTTP/1.1)
HTTP/1.1 200 OK
Content-Type: application/json; charset=utf-8
cache-control: no-cache
content-length: 14

15:16:56.940 [AsyncHttpClient-1-13] DEBUG org.asynchttpclient.netty.channel.ChannelManager - Adding key: http://localhost:53216 for channel [id: 0x08c5ba24, L:/127.0.0.1:50704 - R:localhost/127.0.0.1:53216]
15:16:56.942 [Forwarding setTimeout on session 8ad90918f65fe354fabf8a6f1747d2c1 to remote] DEBUG org.asynchttpclient.netty.request.NettyRequestSender - Using pooled Channel '[id: 0x08c5ba24, L:/127.0.0.1:50704 - R:localhost/127.0.0.1:53216]' for 'POST' to 'http://localhost:53216/session/8ad90918f65fe354fabf8a6f1747d2c1/timeouts'
15:16:56.942 [Forwarding setTimeout on session 8ad90918f65fe354fabf8a6f1747d2c1 to remote] DEBUG org.asynchttpclient.netty.request.NettyRequestSender - Using open Channel [id: 0x08c5ba24, L:/127.0.0.1:50704 - R:localhost/127.0.0.1:53216] for POST '/session/8ad90918f65fe354fabf8a6f1747d2c1/timeouts'
15:16:56.943 [AsyncHttpClient-1-13] DEBUG org.asynchttpclient.netty.handler.HttpHandler - 

Request DefaultHttpRequest(decodeResult: success, version: HTTP/1.1)
POST /session/8ad90918f65fe354fabf8a6f1747d2c1/timeouts HTTP/1.1
User-Agent: selenium/4.1.2 (java windows)
Content-Length: 22
Content-Type: application/json; charset=utf-8
host: localhost:53216
accept: */*

Response DefaultHttpResponse(decodeResult: success, version: HTTP/1.1)
HTTP/1.1 200 OK
Content-Type: application/json; charset=utf-8
cache-control: no-cache
content-length: 14

15:16:56.943 [AsyncHttpClient-1-13] DEBUG org.asynchttpclient.netty.channel.ChannelManager - Adding key: http://localhost:53216 for channel [id: 0x08c5ba24, L:/127.0.0.1:50704 - R:localhost/127.0.0.1:53216]
15:16:56.948 [Forwarding getCurrentUrl on session 8ad90918f65fe354fabf8a6f1747d2c1 to remote] DEBUG org.asynchttpclient.netty.request.NettyRequestSender - Using pooled Channel '[id: 0x08c5ba24, L:/127.0.0.1:50704 - R:localhost/127.0.0.1:53216]' for 'GET' to 'http://localhost:53216/session/8ad90918f65fe354fabf8a6f1747d2c1/url'
15:16:56.948 [Forwarding getCurrentUrl on session 8ad90918f65fe354fabf8a6f1747d2c1 to remote] DEBUG org.asynchttpclient.netty.request.NettyRequestSender - Using open Channel [id: 0x08c5ba24, L:/127.0.0.1:50704 - R:localhost/127.0.0.1:53216] for GET '/session/8ad90918f65fe354fabf8a6f1747d2c1/url'
15:16:56.954 [AsyncHttpClient-1-13] DEBUG org.asynchttpclient.netty.handler.HttpHandler - 

Request DefaultFullHttpRequest(decodeResult: success, version: HTTP/1.1, content: EmptyByteBufBE)
GET /session/8ad90918f65fe354fabf8a6f1747d2c1/url HTTP/1.1
User-Agent: selenium/4.1.2 (java windows)
Cache-Control: no-cache
Content-Type: application/json; charset=utf-8
host: localhost:53216
accept: */*

Response DefaultHttpResponse(decodeResult: success, version: HTTP/1.1)
HTTP/1.1 200 OK
Content-Type: application/json; charset=utf-8
cache-control: no-cache
content-length: 41

15:16:56.954 [AsyncHttpClient-1-13] DEBUG org.asynchttpclient.netty.channel.ChannelManager - Adding key: http://localhost:53216 for channel [id: 0x08c5ba24, L:/127.0.0.1:50704 - R:localhost/127.0.0.1:53216]
  &amp#27;[32mGiven &amp#27;[0m&amp#27;[32mI am on the home page&amp#27;[0m     &amp#27;[90m# starter.stepdefinitions.BabyStep.iAmOnTheHomePage()&amp#27;[0m
15:16:56.962 [Forwarding screenshot on session 8ad90918f65fe354fabf8a6f1747d2c1 to remote] DEBUG org.asynchttpclient.netty.request.NettyRequestSender - Using pooled Channel '[id: 0x08c5ba24, L:/127.0.0.1:50704 - R:localhost/127.0.0.1:53216]' for 'GET' to 'http://localhost:53216/session/8ad90918f65fe354fabf8a6f1747d2c1/screenshot'
15:16:56.962 [Forwarding screenshot on session 8ad90918f65fe354fabf8a6f1747d2c1 to remote] DEBUG org.asynchttpclient.netty.request.NettyRequestSender - Using open Channel [id: 0x08c5ba24, L:/127.0.0.1:50704 - R:localhost/127.0.0.1:53216] for GET '/session/8ad90918f65fe354fabf8a6f1747d2c1/screenshot'
15:16:57.282 [AsyncHttpClient-1-13] DEBUG org.asynchttpclient.netty.handler.HttpHandler - 

Request DefaultFullHttpRequest(decodeResult: success, version: HTTP/1.1, content: EmptyByteBufBE)
GET /session/8ad90918f65fe354fabf8a6f1747d2c1/screenshot HTTP/1.1
User-Agent: selenium/4.1.2 (java windows)
Cache-Control: no-cache
Content-Type: application/json; charset=utf-8
host: localhost:53216
accept: */*

Response DefaultHttpResponse(decodeResult: success, version: HTTP/1.1)
HTTP/1.1 200 OK
Content-Type: application/json; charset=utf-8
cache-control: no-cache
content-length: 1022316

15:16:57.285 [AsyncHttpClient-1-13] DEBUG org.asynchttpclient.netty.channel.ChannelManager - Adding key: http://localhost:53216 for channel [id: 0x08c5ba24, L:/127.0.0.1:50704 - R:localhost/127.0.0.1:53216]
15:16:57.322 [main] DEBUG net.serenitybdd.core.photography.Darkroom - Send negative for processing for target\site\serenity\b0ddf3608b8f51a6a3adc36e4acd901b7a2c5b7adc6fd42a924a7c7a6358c0ea.png
15:16:57.336 [Forwarding findElement on session 8ad90918f65fe354fabf8a6f1747d2c1 to remote] DEBUG org.asynchttpclient.netty.request.NettyRequestSender - Using pooled Channel '[id: 0x08c5ba24, L:/127.0.0.1:50704 - R:localhost/127.0.0.1:53216]' for 'POST' to 'http://localhost:53216/session/8ad90918f65fe354fabf8a6f1747d2c1/element'
15:16:57.336 [Forwarding findElement on session 8ad90918f65fe354fabf8a6f1747d2c1 to remote] DEBUG org.asynchttpclient.netty.request.NettyRequestSender - Using open Channel [id: 0x08c5ba24, L:/127.0.0.1:50704 - R:localhost/127.0.0.1:53216] for POST '/session/8ad90918f65fe354fabf8a6f1747d2c1/element'
15:16:57.351 [AsyncHttpClient-1-13] DEBUG org.asynchttpclient.netty.handler.HttpHandler - 

Request DefaultHttpRequest(decodeResult: success, version: HTTP/1.1)
POST /session/8ad90918f65fe354fabf8a6f1747d2c1/element HTTP/1.1
User-Agent: selenium/4.1.2 (java windows)
Content-Length: 81
Content-Type: application/json; charset=utf-8
host: localhost:53216
accept: */*

Response DefaultHttpResponse(decodeResult: success, version: HTTP/1.1)
HTTP/1.1 200 OK
Content-Type: application/json; charset=utf-8
cache-control: no-cache
content-length: 88

15:16:57.351 [AsyncHttpClient-1-13] DEBUG org.asynchttpclient.netty.channel.ChannelManager - Adding key: http://localhost:53216 for channel [id: 0x08c5ba24, L:/127.0.0.1:50704 - R:localhost/127.0.0.1:53216]
15:16:57.353 [Forwarding getElementTagName on session 8ad90918f65fe354fabf8a6f1747d2c1 to remote] DEBUG org.asynchttpclient.netty.request.NettyRequestSender - Using pooled Channel '[id: 0x08c5ba24, L:/127.0.0.1:50704 - R:localhost/127.0.0.1:53216]' for 'GET' to 'http://localhost:53216/session/8ad90918f65fe354fabf8a6f1747d2c1/element/be8e65a1-761b-4f19-a2e3-7cb94e853636/name'
15:16:57.353 [Forwarding getElementTagName on session 8ad90918f65fe354fabf8a6f1747d2c1 to remote] DEBUG org.asynchttpclient.netty.request.NettyRequestSender - Using open Channel [id: 0x08c5ba24, L:/127.0.0.1:50704 - R:localhost/127.0.0.1:53216] for GET '/session/8ad90918f65fe354fabf8a6f1747d2c1/element/be8e65a1-761b-4f19-a2e3-7cb94e853636/name'
15:16:57.356 [AsyncHttpClient-1-13] DEBUG org.asynchttpclient.netty.handler.HttpHandler - 

Request DefaultFullHttpRequest(decodeResult: success, version: HTTP/1.1, content: EmptyByteBufBE)
GET /session/8ad90918f65fe354fabf8a6f1747d2c1/element/be8e65a1-761b-4f19-a2e3-7cb94e853636/name HTTP/1.1
User-Agent: selenium/4.1.2 (java windows)
Cache-Control: no-cache
Content-Type: application/json; charset=utf-8
host: localhost:53216
accept: */*

Response DefaultHttpResponse(decodeResult: success, version: HTTP/1.1)
HTTP/1.1 200 OK
Content-Type: application/json; charset=utf-8
cache-control: no-cache
content-length: 16

15:16:57.357 [AsyncHttpClient-1-13] DEBUG org.asynchttpclient.netty.channel.ChannelManager - Adding key: http://localhost:53216 for channel [id: 0x08c5ba24, L:/127.0.0.1:50704 - R:localhost/127.0.0.1:53216]
15:16:57.358 [Forwarding getElementTagName on session 8ad90918f65fe354fabf8a6f1747d2c1 to remote] DEBUG org.asynchttpclient.netty.request.NettyRequestSender - Using pooled Channel '[id: 0x08c5ba24, L:/127.0.0.1:50704 - R:localhost/127.0.0.1:53216]' for 'GET' to 'http://localhost:53216/session/8ad90918f65fe354fabf8a6f1747d2c1/element/be8e65a1-761b-4f19-a2e3-7cb94e853636/name'
15:16:57.358 [Forwarding getElementTagName on session 8ad90918f65fe354fabf8a6f1747d2c1 to remote] DEBUG org.asynchttpclient.netty.request.NettyRequestSender - Using open Channel [id: 0x08c5ba24, L:/127.0.0.1:50704 - R:localhost/127.0.0.1:53216] for GET '/session/8ad90918f65fe354fabf8a6f1747d2c1/element/be8e65a1-761b-4f19-a2e3-7cb94e853636/name'
15:16:57.361 [AsyncHttpClient-1-13] DEBUG org.asynchttpclient.netty.handler.HttpHandler - 

Request DefaultFullHttpRequest(decodeResult: success, version: HTTP/1.1, content: EmptyByteBufBE)
GET /session/8ad90918f65fe354fabf8a6f1747d2c1/element/be8e65a1-761b-4f19-a2e3-7cb94e853636/name HTTP/1.1
User-Agent: selenium/4.1.2 (java windows)
Cache-Control: no-cache
Content-Type: application/json; charset=utf-8
host: localhost:53216
accept: */*

Response DefaultHttpResponse(decodeResult: success, version: HTTP/1.1)
HTTP/1.1 200 OK
Content-Type: application/json; charset=utf-8
cache-control: no-cache
content-length: 16

15:16:57.361 [AsyncHttpClient-1-13] DEBUG org.asynchttpclient.netty.channel.ChannelManager - Adding key: http://localhost:53216 for channel [id: 0x08c5ba24, L:/127.0.0.1:50704 - R:localhost/127.0.0.1:53216]
15:16:57.366 [Forwarding findElement on session 8ad90918f65fe354fabf8a6f1747d2c1 to remote] DEBUG org.asynchttpclient.netty.request.NettyRequestSender - Using pooled Channel '[id: 0x08c5ba24, L:/127.0.0.1:50704 - R:localhost/127.0.0.1:53216]' for 'POST' to 'http://localhost:53216/session/8ad90918f65fe354fabf8a6f1747d2c1/element'
15:16:57.366 [Forwarding findElement on session 8ad90918f65fe354fabf8a6f1747d2c1 to remote] DEBUG org.asynchttpclient.netty.request.NettyRequestSender - Using open Channel [id: 0x08c5ba24, L:/127.0.0.1:50704 - R:localhost/127.0.0.1:53216] for POST '/session/8ad90918f65fe354fabf8a6f1747d2c1/element'
15:16:57.381 [AsyncHttpClient-1-13] DEBUG org.asynchttpclient.netty.handler.HttpHandler - 

Request DefaultHttpRequest(decodeResult: success, version: HTTP/1.1)
POST /session/8ad90918f65fe354fabf8a6f1747d2c1/element HTTP/1.1
User-Agent: selenium/4.1.2 (java windows)
Content-Length: 81
Content-Type: application/json; charset=utf-8
host: localhost:53216
accept: */*

Response DefaultHttpResponse(decodeResult: success, version: HTTP/1.1)
HTTP/1.1 200 OK
Content-Type: application/json; charset=utf-8
cache-control: no-cache
content-length: 88

15:16:57.381 [AsyncHttpClient-1-13] DEBUG org.asynchttpclient.netty.channel.ChannelManager - Adding key: http://localhost:53216 for channel [id: 0x08c5ba24, L:/127.0.0.1:50704 - R:localhost/127.0.0.1:53216]
15:16:57.383 [Forwarding clickElement on session 8ad90918f65fe354fabf8a6f1747d2c1 to remote] DEBUG org.asynchttpclient.netty.request.NettyRequestSender - Using pooled Channel '[id: 0x08c5ba24, L:/127.0.0.1:50704 - R:localhost/127.0.0.1:53216]' for 'POST' to 'http://localhost:53216/session/8ad90918f65fe354fabf8a6f1747d2c1/element/be8e65a1-761b-4f19-a2e3-7cb94e853636/click'
15:16:57.383 [Forwarding clickElement on session 8ad90918f65fe354fabf8a6f1747d2c1 to remote] DEBUG org.asynchttpclient.netty.request.NettyRequestSender - Using open Channel [id: 0x08c5ba24, L:/127.0.0.1:50704 - R:localhost/127.0.0.1:53216] for POST '/session/8ad90918f65fe354fabf8a6f1747d2c1/element/be8e65a1-761b-4f19-a2e3-7cb94e853636/click'
15:16:57.506 [AsyncHttpClient-1-1] DEBUG org.asynchttpclient.netty.channel.DefaultChannelPool - Entry count for : http://localhost:50705 : 1
15:16:57.855 [AsyncHttpClient-1-13] DEBUG org.asynchttpclient.netty.handler.HttpHandler - 

Request DefaultHttpRequest(decodeResult: success, version: HTTP/1.1)
POST /session/8ad90918f65fe354fabf8a6f1747d2c1/element/be8e65a1-761b-4f19-a2e3-7cb94e853636/click HTTP/1.1
User-Agent: selenium/4.1.2 (java windows)
Content-Length: 50
Content-Type: application/json; charset=utf-8
host: localhost:53216
accept: */*

Response DefaultHttpResponse(decodeResult: success, version: HTTP/1.1)
HTTP/1.1 200 OK
Content-Type: application/json; charset=utf-8
cache-control: no-cache
content-length: 14

15:16:57.856 [AsyncHttpClient-1-13] DEBUG org.asynchttpclient.netty.channel.ChannelManager - Adding key: http://localhost:53216 for channel [id: 0x08c5ba24, L:/127.0.0.1:50704 - R:localhost/127.0.0.1:53216]
  &amp#27;[32mThen &amp#27;[0m&amp#27;[32mI click baby on the header&amp#27;[0m &amp#27;[90m# starter.stepdefinitions.BabyStep.iClickBabyOnTheHeader()&amp#27;[0m
15:16:57.866 [Forwarding screenshot on session 8ad90918f65fe354fabf8a6f1747d2c1 to remote] DEBUG org.asynchttpclient.netty.request.NettyRequestSender - Using pooled Channel '[id: 0x08c5ba24, L:/127.0.0.1:50704 - R:localhost/127.0.0.1:53216]' for 'GET' to 'http://localhost:53216/session/8ad90918f65fe354fabf8a6f1747d2c1/screenshot'
15:16:57.866 [Forwarding screenshot on session 8ad90918f65fe354fabf8a6f1747d2c1 to remote] DEBUG org.asynchttpclient.netty.request.NettyRequestSender - Using open Channel [id: 0x08c5ba24, L:/127.0.0.1:50704 - R:localhost/127.0.0.1:53216] for GET '/session/8ad90918f65fe354fabf8a6f1747d2c1/screenshot'
15:16:58.608 [AsyncHttpClient-1-1] DEBUG org.asynchttpclient.netty.channel.DefaultChannelPool - Entry count for : http://localhost:50705 : 1
15:16:58.748 [AsyncHttpClient-1-13] DEBUG org.asynchttpclient.netty.handler.HttpHandler - 

Request DefaultFullHttpRequest(decodeResult: success, version: HTTP/1.1, content: EmptyByteBufBE)
GET /session/8ad90918f65fe354fabf8a6f1747d2c1/screenshot HTTP/1.1
User-Agent: selenium/4.1.2 (java windows)
Cache-Control: no-cache
Content-Type: application/json; charset=utf-8
host: localhost:53216
accept: */*

Response DefaultHttpResponse(decodeResult: success, version: HTTP/1.1)
HTTP/1.1 200 OK
Content-Type: application/json; charset=utf-8
cache-control: no-cache
content-length: 100340

15:16:58.749 [AsyncHttpClient-1-13] DEBUG org.asynchttpclient.netty.channel.ChannelManager - Adding key: http://localhost:53216 for channel [id: 0x08c5ba24, L:/127.0.0.1:50704 - R:localhost/127.0.0.1:53216]
15:16:58.757 [main] DEBUG net.serenitybdd.core.photography.Darkroom - Send negative for processing for target\site\serenity\75edd39a8e957a33f4da3d28cf23c55b7b0734b24e9e22c095798920e1fa0028.png
15:16:58.758 [Darkroom Processing Line] DEBUG net.serenitybdd.core.photography.DarkroomProcessingLine - Processing screenshot image in /var/screenshots/screenshot-38515374435193962
15:16:58.758 [Darkroom Processing Line] DEBUG net.serenitybdd.core.photography.DarkroomProcessingLine - Saving screenshot to target\site\serenity\75edd39a8e957a33f4da3d28cf23c55b7b0734b24e9e22c095798920e1fa0028.png
15:16:58.769 [Forwarding findElement on session 8ad90918f65fe354fabf8a6f1747d2c1 to remote] DEBUG org.asynchttpclient.netty.request.NettyRequestSender - Using pooled Channel '[id: 0x08c5ba24, L:/127.0.0.1:50704 - R:localhost/127.0.0.1:53216]' for 'POST' to 'http://localhost:53216/session/8ad90918f65fe354fabf8a6f1747d2c1/element'
15:16:58.769 [Forwarding findElement on session 8ad90918f65fe354fabf8a6f1747d2c1 to remote] DEBUG org.asynchttpclient.netty.request.NettyRequestSender - Using open Channel [id: 0x08c5ba24, L:/127.0.0.1:50704 - R:localhost/127.0.0.1:53216] for POST '/session/8ad90918f65fe354fabf8a6f1747d2c1/element'
15:16:58.809 [AsyncHttpClient-1-13] DEBUG org.asynchttpclient.netty.handler.HttpHandler - 

Request DefaultHttpRequest(decodeResult: success, version: HTTP/1.1)
POST /session/8ad90918f65fe354fabf8a6f1747d2c1/element HTTP/1.1
User-Agent: selenium/4.1.2 (java windows)
Content-Length: 117
Content-Type: application/json; charset=utf-8
host: localhost:53216
accept: */*

Response DefaultHttpResponse(decodeResult: success, version: HTTP/1.1)
HTTP/1.1 200 OK
Content-Type: application/json; charset=utf-8
cache-control: no-cache
content-length: 88

15:16:58.810 [AsyncHttpClient-1-13] DEBUG org.asynchttpclient.netty.channel.ChannelManager - Adding key: http://localhost:53216 for channel [id: 0x08c5ba24, L:/127.0.0.1:50704 - R:localhost/127.0.0.1:53216]
15:16:58.811 [Forwarding getElementTagName on session 8ad90918f65fe354fabf8a6f1747d2c1 to remote] DEBUG org.asynchttpclient.netty.request.NettyRequestSender - Using pooled Channel '[id: 0x08c5ba24, L:/127.0.0.1:50704 - R:localhost/127.0.0.1:53216]' for 'GET' to 'http://localhost:53216/session/8ad90918f65fe354fabf8a6f1747d2c1/element/685e0a92-754e-45c2-8088-6c05ebaf384f/name'
15:16:58.811 [Forwarding getElementTagName on session 8ad90918f65fe354fabf8a6f1747d2c1 to remote] DEBUG org.asynchttpclient.netty.request.NettyRequestSender - Using open Channel [id: 0x08c5ba24, L:/127.0.0.1:50704 - R:localhost/127.0.0.1:53216] for GET '/session/8ad90918f65fe354fabf8a6f1747d2c1/element/685e0a92-754e-45c2-8088-6c05ebaf384f/name'
15:16:58.842 [AsyncHttpClient-1-13] DEBUG org.asynchttpclient.netty.handler.HttpHandler - 

Request DefaultFullHttpRequest(decodeResult: success, version: HTTP/1.1, content: EmptyByteBufBE)
GET /session/8ad90918f65fe354fabf8a6f1747d2c1/element/685e0a92-754e-45c2-8088-6c05ebaf384f/name HTTP/1.1
User-Agent: selenium/4.1.2 (java windows)
Cache-Control: no-cache
Content-Type: application/json; charset=utf-8
host: localhost:53216
accept: */*

Response DefaultHttpResponse(decodeResult: success, version: HTTP/1.1)
HTTP/1.1 200 OK
Content-Type: application/json; charset=utf-8
cache-control: no-cache
content-length: 16

15:16:58.842 [AsyncHttpClient-1-13] DEBUG org.asynchttpclient.netty.channel.ChannelManager - Adding key: http://localhost:53216 for channel [id: 0x08c5ba24, L:/127.0.0.1:50704 - R:localhost/127.0.0.1:53216]
15:16:58.844 [Forwarding getElementTagName on session 8ad90918f65fe354fabf8a6f1747d2c1 to remote] DEBUG org.asynchttpclient.netty.request.NettyRequestSender - Using pooled Channel '[id: 0x08c5ba24, L:/127.0.0.1:50704 - R:localhost/127.0.0.1:53216]' for 'GET' to 'http://localhost:53216/session/8ad90918f65fe354fabf8a6f1747d2c1/element/685e0a92-754e-45c2-8088-6c05ebaf384f/name'
15:16:58.844 [Forwarding getElementTagName on session 8ad90918f65fe354fabf8a6f1747d2c1 to remote] DEBUG org.asynchttpclient.netty.request.NettyRequestSender - Using open Channel [id: 0x08c5ba24, L:/127.0.0.1:50704 - R:localhost/127.0.0.1:53216] for GET '/session/8ad90918f65fe354fabf8a6f1747d2c1/element/685e0a92-754e-45c2-8088-6c05ebaf384f/name'
15:16:58.853 [AsyncHttpClient-1-13] DEBUG org.asynchttpclient.netty.handler.HttpHandler - 

Request DefaultFullHttpRequest(decodeResult: success, version: HTTP/1.1, content: EmptyByteBufBE)
GET /session/8ad90918f65fe354fabf8a6f1747d2c1/element/685e0a92-754e-45c2-8088-6c05ebaf384f/name HTTP/1.1
User-Agent: selenium/4.1.2 (java windows)
Cache-Control: no-cache
Content-Type: application/json; charset=utf-8
host: localhost:53216
accept: */*

Response DefaultHttpResponse(decodeResult: success, version: HTTP/1.1)
HTTP/1.1 200 OK
Content-Type: application/json; charset=utf-8
cache-control: no-cache
content-length: 16

15:16:58.853 [AsyncHttpClient-1-13] DEBUG org.asynchttpclient.netty.channel.ChannelManager - Adding key: http://localhost:53216 for channel [id: 0x08c5ba24, L:/127.0.0.1:50704 - R:localhost/127.0.0.1:53216]
15:16:58.855 [Forwarding findElement on session 8ad90918f65fe354fabf8a6f1747d2c1 to remote] DEBUG org.asynchttpclient.netty.request.NettyRequestSender - Using pooled Channel '[id: 0x08c5ba24, L:/127.0.0.1:50704 - R:localhost/127.0.0.1:53216]' for 'POST' to 'http://localhost:53216/session/8ad90918f65fe354fabf8a6f1747d2c1/element'
15:16:58.855 [Forwarding findElement on session 8ad90918f65fe354fabf8a6f1747d2c1 to remote] DEBUG org.asynchttpclient.netty.request.NettyRequestSender - Using open Channel [id: 0x08c5ba24, L:/127.0.0.1:50704 - R:localhost/127.0.0.1:53216] for POST '/session/8ad90918f65fe354fabf8a6f1747d2c1/element'
15:16:58.868 [AsyncHttpClient-1-13] DEBUG org.asynchttpclient.netty.handler.HttpHandler - 

Request DefaultHttpRequest(decodeResult: success, version: HTTP/1.1)
POST /session/8ad90918f65fe354fabf8a6f1747d2c1/element HTTP/1.1
User-Agent: selenium/4.1.2 (java windows)
Content-Length: 117
Content-Type: application/json; charset=utf-8
host: localhost:53216
accept: */*

Response DefaultHttpResponse(decodeResult: success, version: HTTP/1.1)
HTTP/1.1 200 OK
Content-Type: application/json; charset=utf-8
cache-control: no-cache
content-length: 88

15:16:58.868 [AsyncHttpClient-1-13] DEBUG org.asynchttpclient.netty.channel.ChannelManager - Adding key: http://localhost:53216 for channel [id: 0x08c5ba24, L:/127.0.0.1:50704 - R:localhost/127.0.0.1:53216]
15:16:58.870 [Forwarding clickElement on session 8ad90918f65fe354fabf8a6f1747d2c1 to remote] DEBUG org.asynchttpclient.netty.request.NettyRequestSender - Using pooled Channel '[id: 0x08c5ba24, L:/127.0.0.1:50704 - R:localhost/127.0.0.1:53216]' for 'POST' to 'http://localhost:53216/session/8ad90918f65fe354fabf8a6f1747d2c1/element/685e0a92-754e-45c2-8088-6c05ebaf384f/click'
15:16:58.870 [Forwarding clickElement on session 8ad90918f65fe354fabf8a6f1747d2c1 to remote] DEBUG org.asynchttpclient.netty.request.NettyRequestSender - Using open Channel [id: 0x08c5ba24, L:/127.0.0.1:50704 - R:localhost/127.0.0.1:53216] for POST '/session/8ad90918f65fe354fabf8a6f1747d2c1/element/685e0a92-754e-45c2-8088-6c05ebaf384f/click'
15:16:59.169 [AsyncHttpClient-1-13] DEBUG org.asynchttpclient.netty.handler.HttpHandler - 

Request DefaultHttpRequest(decodeResult: success, version: HTTP/1.1)
POST /session/8ad90918f65fe354fabf8a6f1747d2c1/element/685e0a92-754e-45c2-8088-6c05ebaf384f/click HTTP/1.1
User-Agent: selenium/4.1.2 (java windows)
Content-Length: 50
Content-Type: application/json; charset=utf-8
host: localhost:53216
accept: */*

Response DefaultHttpResponse(decodeResult: success, version: HTTP/1.1)
HTTP/1.1 200 OK
Content-Type: application/json; charset=utf-8
cache-control: no-cache
content-length: 14

15:16:59.169 [AsyncHttpClient-1-13] DEBUG org.asynchttpclient.netty.channel.ChannelManager - Adding key: http://localhost:53216 for channel [id: 0x08c5ba24, L:/127.0.0.1:50704 - R:localhost/127.0.0.1:53216]
  &amp#27;[32mWhen &amp#27;[0m&amp#27;[32mI will go to &amp#27;[0m&amp#27;[32m&amp#27;[1m"UT1"&amp#27;[0m         &amp#27;[90m# starter.stepdefinitions.BabyStep.iWillGoTo(java.lang.String)&amp#27;[0m
15:16:59.177 [Forwarding screenshot on session 8ad90918f65fe354fabf8a6f1747d2c1 to remote] DEBUG org.asynchttpclient.netty.request.NettyRequestSender - Using pooled Channel '[id: 0x08c5ba24, L:/127.0.0.1:50704 - R:localhost/127.0.0.1:53216]' for 'GET' to 'http://localhost:53216/session/8ad90918f65fe354fabf8a6f1747d2c1/screenshot'
15:16:59.177 [Forwarding screenshot on session 8ad90918f65fe354fabf8a6f1747d2c1 to remote] DEBUG org.asynchttpclient.netty.request.NettyRequestSender - Using open Channel [id: 0x08c5ba24, L:/127.0.0.1:50704 - R:localhost/127.0.0.1:53216] for GET '/session/8ad90918f65fe354fabf8a6f1747d2c1/screenshot'
15:16:59.635 [AsyncHttpClient-1-13] DEBUG org.asynchttpclient.netty.handler.HttpHandler - 

Request DefaultFullHttpRequest(decodeResult: success, version: HTTP/1.1, content: EmptyByteBufBE)
GET /session/8ad90918f65fe354fabf8a6f1747d2c1/screenshot HTTP/1.1
User-Agent: selenium/4.1.2 (java windows)
Cache-Control: no-cache
Content-Type: application/json; charset=utf-8
host: localhost:53216
accept: */*

Response DefaultHttpResponse(decodeResult: success, version: HTTP/1.1)
HTTP/1.1 200 OK
Content-Type: application/json; charset=utf-8
cache-control: no-cache
content-length: 515904

15:16:59.636 [AsyncHttpClient-1-13] DEBUG org.asynchttpclient.netty.channel.ChannelManager - Adding key: http://localhost:53216 for channel [id: 0x08c5ba24, L:/127.0.0.1:50704 - R:localhost/127.0.0.1:53216]
15:16:59.653 [main] DEBUG net.serenitybdd.core.photography.Darkroom - Send negative for processing for target\site\serenity\0ae941077e69bce9c6c8fb6553636a04b30d9db1b8589ab070981698d225af1c.png
15:16:59.653 [Darkroom Processing Line] DEBUG net.serenitybdd.core.photography.DarkroomProcessingLine - Processing screenshot image in /var/screenshots/screenshot-5219727728410955317
15:16:59.653 [Darkroom Processing Line] DEBUG net.serenitybdd.core.photography.DarkroomProcessingLine - Saving screenshot to target\site\serenity\0ae941077e69bce9c6c8fb6553636a04b30d9db1b8589ab070981698d225af1c.png
15:16:59.659 [Forwarding findElement on session 8ad90918f65fe354fabf8a6f1747d2c1 to remote] DEBUG org.asynchttpclient.netty.request.NettyRequestSender - Using pooled Channel '[id: 0x08c5ba24, L:/127.0.0.1:50704 - R:localhost/127.0.0.1:53216]' for 'POST' to 'http://localhost:53216/session/8ad90918f65fe354fabf8a6f1747d2c1/element'
15:16:59.659 [Forwarding findElement on session 8ad90918f65fe354fabf8a6f1747d2c1 to remote] DEBUG org.asynchttpclient.netty.request.NettyRequestSender - Using open Channel [id: 0x08c5ba24, L:/127.0.0.1:50704 - R:localhost/127.0.0.1:53216] for POST '/session/8ad90918f65fe354fabf8a6f1747d2c1/element'
15:16:59.675 [AsyncHttpClient-1-13] DEBUG org.asynchttpclient.netty.handler.HttpHandler - 

Request DefaultHttpRequest(decodeResult: success, version: HTTP/1.1)
POST /session/8ad90918f65fe354fabf8a6f1747d2c1/element HTTP/1.1
User-Agent: selenium/4.1.2 (java windows)
Content-Length: 101
Content-Type: application/json; charset=utf-8
host: localhost:53216
accept: */*

Response DefaultHttpResponse(decodeResult: success, version: HTTP/1.1)
HTTP/1.1 200 OK
Content-Type: application/json; charset=utf-8
cache-control: no-cache
content-length: 88

15:16:59.675 [AsyncHttpClient-1-13] DEBUG org.asynchttpclient.netty.channel.ChannelManager - Adding key: http://localhost:53216 for channel [id: 0x08c5ba24, L:/127.0.0.1:50704 - R:localhost/127.0.0.1:53216]
15:16:59.679 [Forwarding isElementDisplayed on session 8ad90918f65fe354fabf8a6f1747d2c1 to remote] DEBUG org.asynchttpclient.netty.request.NettyRequestSender - Using pooled Channel '[id: 0x08c5ba24, L:/127.0.0.1:50704 - R:localhost/127.0.0.1:53216]' for 'POST' to 'http://localhost:53216/session/8ad90918f65fe354fabf8a6f1747d2c1/execute/sync'
15:16:59.679 [Forwarding isElementDisplayed on session 8ad90918f65fe354fabf8a6f1747d2c1 to remote] DEBUG org.asynchttpclient.netty.request.NettyRequestSender - Using open Channel [id: 0x08c5ba24, L:/127.0.0.1:50704 - R:localhost/127.0.0.1:53216] for POST '/session/8ad90918f65fe354fabf8a6f1747d2c1/execute/sync'
15:16:59.693 [AsyncHttpClient-1-13] DEBUG org.asynchttpclient.netty.handler.HttpHandler - 

Request DefaultHttpRequest(decodeResult: success, version: HTTP/1.1)
POST /session/8ad90918f65fe354fabf8a6f1747d2c1/execute/sync HTTP/1.1
User-Agent: selenium/4.1.2 (java windows)
Content-Length: 48780
Content-Type: application/json; charset=utf-8
host: localhost:53216
accept: */*

Response DefaultHttpResponse(decodeResult: success, version: HTTP/1.1)
HTTP/1.1 200 OK
Content-Type: application/json; charset=utf-8
cache-control: no-cache
content-length: 14

15:16:59.693 [AsyncHttpClient-1-13] DEBUG org.asynchttpclient.netty.channel.ChannelManager - Adding key: http://localhost:53216 for channel [id: 0x08c5ba24, L:/127.0.0.1:50704 - R:localhost/127.0.0.1:53216]
  &amp#27;[32mAnd &amp#27;[0m&amp#27;[32mI &amp#27;[0m&amp#27;[32m&amp#27;[1m"txtUT1"&amp#27;[0m&amp#27;[32m page&amp#27;[0m             &amp#27;[90m# starter.stepdefinitions.BabyStep.iPage(java.lang.String)&amp#27;[0m
15:16:59.702 [AsyncHttpClient-1-15] DEBUG org.asynchttpclient.netty.handler.WebSocketHandler - Channel Closed: [id: 0xbcbf58ed, L:/127.0.0.1:50712 ! R:localhost/127.0.0.1:50705] with attribute NettyResponseFuture{currentRetry=5,
	isDone=1,
	isCancelled=0,
	asyncHandler=org.asynchttpclient.ws.WebSocketUpgradeHandler@6e6a49bd,
	nettyRequest=org.asynchttpclient.netty.request.NettyRequest@47d22555,
	future=java.util.concurrent.CompletableFuture@16bce03a[Completed normally],
	uri=ws://localhost:50705/devtools/browser/615daeb5-3f36-42ea-a939-475192d79917,
	keepAlive=true,
	redirectCount=0,
	timeoutsHolder=null,
	inAuth=0,
	touch=1680855408772}
15:16:59.702 [AsyncHttpClient-1-15] DEBUG org.asynchttpclient.netty.channel.ChannelManager - Closing Channel [id: 0xbcbf58ed, L:/127.0.0.1:50712 ! R:localhost/127.0.0.1:50705] 
15:16:59.702 [Driver Command Executor] DEBUG org.asynchttpclient.netty.request.NettyRequestSender - Using pooled Channel '[id: 0x08c5ba24, L:/127.0.0.1:50704 - R:localhost/127.0.0.1:53216]' for 'DELETE' to 'http://localhost:53216/session/8ad90918f65fe354fabf8a6f1747d2c1'
15:16:59.702 [Driver Command Executor] DEBUG org.asynchttpclient.netty.request.NettyRequestSender - Using open Channel [id: 0x08c5ba24, L:/127.0.0.1:50704 - R:localhost/127.0.0.1:53216] for DELETE '/session/8ad90918f65fe354fabf8a6f1747d2c1'
15:16:59.706 [AsyncHttpClient-1-1] DEBUG org.asynchttpclient.netty.channel.DefaultChannelPool - Entry count for : http://localhost:50705 : 1
15:16:59.735 [AsyncHttpClient-1-14] DEBUG org.asynchttpclient.netty.handler.HttpHandler - Unexpected I/O exception on channel [id: 0x7f5be4c9, L:/127.0.0.1:50711 - R:localhost/127.0.0.1:50705]
java.net.SocketException: Connection reset
	at java.base/sun.nio.ch.SocketChannelImpl.throwConnectionReset(SocketChannelImpl.java:345)
	at java.base/sun.nio.ch.SocketChannelImpl.read(SocketChannelImpl.java:376)
	at io.netty.buffer.PooledByteBuf.setBytes(PooledByteBuf.java:258)
	at io.netty.buffer.AbstractByteBuf.writeBytes(AbstractByteBuf.java:1132)
	at io.netty.channel.socket.nio.NioSocketChannel.doReadBytes(NioSocketChannel.java:350)
	at io.netty.channel.nio.AbstractNioByteChannel$NioByteUnsafe.read(AbstractNioByteChannel.java:151)
	at io.netty.channel.nio.NioEventLoop.processSelectedKey(NioEventLoop.java:722)
	at io.netty.channel.nio.NioEventLoop.processSelectedKeysOptimized(NioEventLoop.java:658)
	at io.netty.channel.nio.NioEventLoop.processSelectedKeys(NioEventLoop.java:584)
	at io.netty.channel.nio.NioEventLoop.run(NioEventLoop.java:496)
	at io.netty.util.concurrent.SingleThreadEventExecutor$4.run(SingleThreadEventExecutor.java:986)
	at io.netty.util.internal.ThreadExecutorMap$2.run(ThreadExecutorMap.java:74)
	at io.netty.util.concurrent.FastThreadLocalRunnable.run(FastThreadLocalRunnable.java:30)
	at java.base/java.lang.Thread.run(Thread.java:830)
15:16:59.735 [AsyncHttpClient-1-14] DEBUG org.asynchttpclient.netty.channel.ChannelManager - Closing Channel [id: 0x7f5be4c9, L:/127.0.0.1:50711 - R:localhost/127.0.0.1:50705] 
15:16:59.736 [AsyncHttpClient-1-14] DEBUG org.asynchttpclient.netty.handler.HttpHandler - Channel Closed: [id: 0x7f5be4c9, L:/127.0.0.1:50711 ! R:localhost/127.0.0.1:50705] with attribute DISCARD
15:16:59.762 [AsyncHttpClient-1-13] DEBUG org.asynchttpclient.netty.handler.HttpHandler - 

Request DefaultFullHttpRequest(decodeResult: success, version: HTTP/1.1, content: EmptyByteBufBE)
DELETE /session/8ad90918f65fe354fabf8a6f1747d2c1 HTTP/1.1
User-Agent: selenium/4.1.2 (java windows)
Content-Type: application/json; charset=utf-8
host: localhost:53216
accept: */*

Response DefaultHttpResponse(decodeResult: success, version: HTTP/1.1)
HTTP/1.1 200 OK
Content-Type: application/json; charset=utf-8
cache-control: no-cache
content-length: 14

15:16:59.762 [AsyncHttpClient-1-13] DEBUG org.asynchttpclient.netty.channel.ChannelManager - Adding key: http://localhost:53216 for channel [id: 0x08c5ba24, L:/127.0.0.1:50704 - R:localhost/127.0.0.1:53216]
15:16:59.937 [AsyncHttpClient-1-13] DEBUG org.asynchttpclient.netty.handler.HttpHandler - Channel Closed: [id: 0x08c5ba24, L:/127.0.0.1:50704 ! R:localhost/127.0.0.1:53216] with attribute DISCARD
]]></system-out>
    <system-err><![CDATA[Starting Microsoft Edge WebDriver 111.0.1661.62 (0a8f453929e6410c973aa529a40485ce4e3e03db) on port 53216
To submit feedback, report a bug, or suggest new features, please visit https://github.com/MicrosoftEdge/EdgeWebDriver

Only local connections are allowed.
Please see https://aka.ms/WebDriverSecurity for suggestions on keeping Microsoft Edge WebDriver safe.

Microsoft Edge WebDriver was started successfully.
Apr 07, 2023 3:16:48 PM org.openqa.selenium.remote.ProtocolHandshake createSession
INFO: Detected dialect: W3C
Apr 07, 2023 3:16:48 PM org.openqa.selenium.devtools.CdpVersionFinder findNearestMatch
WARNING: Unable to find an exact match for CDP version 111, so returning the closest version found: a no-op implementation
Apr 07, 2023 3:16:48 PM org.openqa.selenium.devtools.CdpVersionFinder findNearestMatch
INFO: Unable to find CDP implementation matching 111.
Apr 07, 2023 3:16:48 PM org.openqa.selenium.chromium.ChromiumDriver lambda$new$3
WARNING: Unable to find version of CDP to use for . You may need to include a dependency on a specific version of the CDP using something similar to `org.seleniumhq.selenium:selenium-devtools-v86:4.1.2` where the version ("v86") matches the version of the chromium-based browser you're using and the version number of the artifact is the same as Selenium's.
]]></system-err>
  </testcase>
  <testcase name="Fitur Menu Baby #11" classname="Baby" time="11.792">
    <system-out><![CDATA[
Scenario Outline: Fitur Menu Baby &amp#27;[90m# src/test/resources/features/Baby.feature:103&amp#27;[0m
15:17:00.525 [main] INFO io.cucumber.core.plugin.SerenityReporter - Running feature from file:///C:/Users/alwi/IdeaProjects/uniqloweb/src/test/resources/features/Baby.feature
15:17:00.666 [main] DEBUG io.github.bonigarcia.wdm.cache.ResolutionCache - Resolution edge=111 in cache (valid until 16:02:35 07/04/2023 WIB)
15:17:00.670 [main] DEBUG io.github.bonigarcia.wdm.cache.ResolutionCache - Resolution edge111=111.0.1661.62 in cache (valid until 15:02:35 08/04/2023 WIB)
15:17:00.672 [main] INFO io.github.bonigarcia.wdm.WebDriverManager - Using msedgedriver 111.0.1661.62 (resolved driver for Edge 111)
15:17:00.682 [main] DEBUG io.github.bonigarcia.wdm.WebDriverManager - Driver msedgedriver 111.0.1661.62 found in cache
15:17:00.683 [main] INFO io.github.bonigarcia.wdm.WebDriverManager - Exporting webdriver.edge.driver as C:\Users\alwi\.cache\selenium\msedgedriver\win64\111.0.1661.62\msedgedriver.exe
15:17:00.685 [main] DEBUG net.serenitybdd.core.webdriver.driverproviders.ProvideNewDriver - Instantiating driver
15:17:00.685 [main] DEBUG net.serenitybdd.core.webdriver.driverproviders.ProvideNewDriver - Driver capabilities: Capabilities {base.url: https://www.uniqlo.com, chrome.driver: src/test/resources/webdrive..., driver: edge, ms:edgeChromium: true, ms:edgeOptions: {}, wait.for.timeout: 6000}
15:17:00.806 [AsyncHttpClient-1-1] DEBUG org.asynchttpclient.netty.channel.DefaultChannelPool - Entry count for : http://localhost:53216 : 1
15:17:00.806 [AsyncHttpClient-1-1] DEBUG org.asynchttpclient.netty.channel.DefaultChannelPool - Entry count for : http://localhost:50705 : 1
15:17:00.806 [AsyncHttpClient-1-1] DEBUG org.asynchttpclient.netty.channel.DefaultChannelPool - Adding Candidate expired Channel [id: 0x08c5ba24, L:/127.0.0.1:50704 ! R:localhost/127.0.0.1:53216] isIdleTimeoutExpired=false isRemotelyClosed=true isTtlExpired=false
15:17:00.806 [AsyncHttpClient-1-1] DEBUG org.asynchttpclient.netty.channel.DefaultChannelPool - Closing Idle Channel [id: 0x08c5ba24, L:/127.0.0.1:50704 ! R:localhost/127.0.0.1:53216]
15:17:00.806 [AsyncHttpClient-1-1] DEBUG org.asynchttpclient.netty.channel.DefaultChannelPool - Adding Candidate expired Channel [id: 0x7f5be4c9, L:/127.0.0.1:50711 ! R:localhost/127.0.0.1:50705] isIdleTimeoutExpired=false isRemotelyClosed=true isTtlExpired=false
15:17:00.806 [AsyncHttpClient-1-1] DEBUG org.asynchttpclient.netty.channel.DefaultChannelPool - Closing Idle Channel [id: 0x7f5be4c9, L:/127.0.0.1:50711 ! R:localhost/127.0.0.1:50705]
15:17:00.806 [AsyncHttpClient-1-1] DEBUG org.asynchttpclient.netty.channel.DefaultChannelPool - Closed 2 connections out of 2 in 0 ms
15:17:01.218 [AsyncHttpClient-1-16] DEBUG org.asynchttpclient.netty.channel.NettyConnectListener - Using new Channel '[id: 0x3a67cfdc, L:/127.0.0.1:50853 - R:localhost/127.0.0.1:64800]' for 'POST' to '/session'
15:17:01.841 [AsyncHttpClient-1-16] DEBUG org.asynchttpclient.netty.handler.HttpHandler - 

Request DefaultHttpRequest(decodeResult: success, version: HTTP/1.1)
POST /session HTTP/1.1
User-Agent: selenium/4.1.2 (java windows)
Content-Length: 627
Content-Type: application/json; charset=utf-8
host: localhost:64800
accept: */*

Response DefaultHttpResponse(decodeResult: success, version: HTTP/1.1)
HTTP/1.1 200 OK
Content-Type: application/json; charset=utf-8
cache-control: no-cache
content-length: 823

15:17:01.841 [AsyncHttpClient-1-16] DEBUG org.asynchttpclient.netty.channel.ChannelManager - Adding key: http://localhost:64800 for channel [id: 0x3a67cfdc, L:/127.0.0.1:50853 - R:localhost/127.0.0.1:64800]
15:17:01.846 [AsyncHttpClient-1-17] DEBUG org.asynchttpclient.netty.channel.NettyConnectListener - Using new Channel '[id: 0x3bf27844, L:/127.0.0.1:50862 - R:localhost/127.0.0.1:50855]' for 'GET' to '/json/version'
15:17:01.847 [AsyncHttpClient-1-17] DEBUG org.asynchttpclient.netty.handler.HttpHandler - 

Request DefaultFullHttpRequest(decodeResult: success, version: HTTP/1.1, content: EmptyByteBufBE)
GET /json/version HTTP/1.1
User-Agent: selenium/4.1.2 (java windows)
host: localhost:50855
accept: */*

Response DefaultHttpResponse(decodeResult: success, version: HTTP/1.1)
HTTP/1.1 200 OK
Content-Security-Policy: frame-ancestors 'none'
Content-Type: application/json; charset=UTF-8
content-length: 436

15:17:01.847 [AsyncHttpClient-1-17] DEBUG org.asynchttpclient.netty.channel.ChannelManager - Adding key: http://localhost:50855 for channel [id: 0x3bf27844, L:/127.0.0.1:50862 - R:localhost/127.0.0.1:50855]
15:17:01.849 [AsyncHttpClient-1-2] DEBUG org.asynchttpclient.netty.channel.NettyConnectListener - Using new Channel '[id: 0xa90a111f, L:/127.0.0.1:50863 - R:localhost/127.0.0.1:50855]' for 'GET' to '/devtools/browser/9817a51e-d59a-462f-916e-97e66b0d4101'
15:17:01.850 [AsyncHttpClient-1-2] DEBUG org.asynchttpclient.netty.handler.WebSocketHandler - 

Request DefaultFullHttpRequest(decodeResult: success, version: HTTP/1.1, content: EmptyByteBufBE)
GET /devtools/browser/9817a51e-d59a-462f-916e-97e66b0d4101 HTTP/1.1
upgrade: websocket
connection: upgrade
sec-websocket-key: boP8gVHicvsWDgX0ckNZQg==
sec-websocket-version: 13
origin: http://localhost:50855
host: localhost:50855
accept: */*
user-agent: AHC/2.1

Response DefaultHttpResponse(decodeResult: success, version: HTTP/1.1)
HTTP/1.1 101 WebSocket Protocol Handshake
Upgrade: WebSocket
Connection: Upgrade
Sec-WebSocket-Accept: JtMXeUUObq2LkpMzkqyN1FByulU=

15:17:01.854 [Forwarding get on session 97f7e8079a660c24f252cf1aab364930 to remote] DEBUG org.asynchttpclient.netty.request.NettyRequestSender - Using pooled Channel '[id: 0x3a67cfdc, L:/127.0.0.1:50853 - R:localhost/127.0.0.1:64800]' for 'POST' to 'http://localhost:64800/session/97f7e8079a660c24f252cf1aab364930/url'
15:17:01.854 [Forwarding get on session 97f7e8079a660c24f252cf1aab364930 to remote] DEBUG org.asynchttpclient.netty.request.NettyRequestSender - Using open Channel [id: 0x3a67cfdc, L:/127.0.0.1:50853 - R:localhost/127.0.0.1:64800] for POST '/session/97f7e8079a660c24f252cf1aab364930/url'
15:17:01.905 [AsyncHttpClient-1-1] DEBUG org.asynchttpclient.netty.channel.DefaultChannelPool - Entry count for : http://localhost:50855 : 1
15:17:03.006 [AsyncHttpClient-1-1] DEBUG org.asynchttpclient.netty.channel.DefaultChannelPool - Entry count for : http://localhost:50855 : 1
15:17:04.105 [AsyncHttpClient-1-1] DEBUG org.asynchttpclient.netty.channel.DefaultChannelPool - Entry count for : http://localhost:50855 : 1
15:17:05.206 [AsyncHttpClient-1-1] DEBUG org.asynchttpclient.netty.channel.DefaultChannelPool - Entry count for : http://localhost:50855 : 1
15:17:06.306 [AsyncHttpClient-1-1] DEBUG org.asynchttpclient.netty.channel.DefaultChannelPool - Entry count for : http://localhost:50855 : 1
15:17:07.406 [AsyncHttpClient-1-1] DEBUG org.asynchttpclient.netty.channel.DefaultChannelPool - Entry count for : http://localhost:50855 : 1
15:17:08.517 [AsyncHttpClient-1-1] DEBUG org.asynchttpclient.netty.channel.DefaultChannelPool - Entry count for : http://localhost:50855 : 1
15:17:08.710 [AsyncHttpClient-1-16] DEBUG org.asynchttpclient.netty.handler.HttpHandler - 

Request DefaultHttpRequest(decodeResult: success, version: HTTP/1.1)
POST /session/97f7e8079a660c24f252cf1aab364930/url HTTP/1.1
User-Agent: selenium/4.1.2 (java windows)
Content-Length: 53
Content-Type: application/json; charset=utf-8
host: localhost:64800
accept: */*

Response DefaultHttpResponse(decodeResult: success, version: HTTP/1.1)
HTTP/1.1 200 OK
Content-Type: application/json; charset=utf-8
cache-control: no-cache
content-length: 14

15:17:08.710 [AsyncHttpClient-1-16] DEBUG org.asynchttpclient.netty.channel.ChannelManager - Adding key: http://localhost:64800 for channel [id: 0x3a67cfdc, L:/127.0.0.1:50853 - R:localhost/127.0.0.1:64800]
15:17:08.712 [Forwarding setTimeout on session 97f7e8079a660c24f252cf1aab364930 to remote] DEBUG org.asynchttpclient.netty.request.NettyRequestSender - Using pooled Channel '[id: 0x3a67cfdc, L:/127.0.0.1:50853 - R:localhost/127.0.0.1:64800]' for 'POST' to 'http://localhost:64800/session/97f7e8079a660c24f252cf1aab364930/timeouts'
15:17:08.712 [Forwarding setTimeout on session 97f7e8079a660c24f252cf1aab364930 to remote] DEBUG org.asynchttpclient.netty.request.NettyRequestSender - Using open Channel [id: 0x3a67cfdc, L:/127.0.0.1:50853 - R:localhost/127.0.0.1:64800] for POST '/session/97f7e8079a660c24f252cf1aab364930/timeouts'
15:17:08.713 [AsyncHttpClient-1-16] DEBUG org.asynchttpclient.netty.handler.HttpHandler - 

Request DefaultHttpRequest(decodeResult: success, version: HTTP/1.1)
POST /session/97f7e8079a660c24f252cf1aab364930/timeouts HTTP/1.1
User-Agent: selenium/4.1.2 (java windows)
Content-Length: 22
Content-Type: application/json; charset=utf-8
host: localhost:64800
accept: */*

Response DefaultHttpResponse(decodeResult: success, version: HTTP/1.1)
HTTP/1.1 200 OK
Content-Type: application/json; charset=utf-8
cache-control: no-cache
content-length: 14

15:17:08.713 [AsyncHttpClient-1-16] DEBUG org.asynchttpclient.netty.channel.ChannelManager - Adding key: http://localhost:64800 for channel [id: 0x3a67cfdc, L:/127.0.0.1:50853 - R:localhost/127.0.0.1:64800]
15:17:08.716 [Forwarding getCurrentUrl on session 97f7e8079a660c24f252cf1aab364930 to remote] DEBUG org.asynchttpclient.netty.request.NettyRequestSender - Using pooled Channel '[id: 0x3a67cfdc, L:/127.0.0.1:50853 - R:localhost/127.0.0.1:64800]' for 'GET' to 'http://localhost:64800/session/97f7e8079a660c24f252cf1aab364930/url'
15:17:08.717 [Forwarding getCurrentUrl on session 97f7e8079a660c24f252cf1aab364930 to remote] DEBUG org.asynchttpclient.netty.request.NettyRequestSender - Using open Channel [id: 0x3a67cfdc, L:/127.0.0.1:50853 - R:localhost/127.0.0.1:64800] for GET '/session/97f7e8079a660c24f252cf1aab364930/url'
15:17:08.741 [AsyncHttpClient-1-16] DEBUG org.asynchttpclient.netty.handler.HttpHandler - 

Request DefaultFullHttpRequest(decodeResult: success, version: HTTP/1.1, content: EmptyByteBufBE)
GET /session/97f7e8079a660c24f252cf1aab364930/url HTTP/1.1
User-Agent: selenium/4.1.2 (java windows)
Cache-Control: no-cache
Content-Type: application/json; charset=utf-8
host: localhost:64800
accept: */*

Response DefaultHttpResponse(decodeResult: success, version: HTTP/1.1)
HTTP/1.1 200 OK
Content-Type: application/json; charset=utf-8
cache-control: no-cache
content-length: 41

15:17:08.741 [AsyncHttpClient-1-16] DEBUG org.asynchttpclient.netty.channel.ChannelManager - Adding key: http://localhost:64800 for channel [id: 0x3a67cfdc, L:/127.0.0.1:50853 - R:localhost/127.0.0.1:64800]
  &amp#27;[32mGiven &amp#27;[0m&amp#27;[32mI am on the home page&amp#27;[0m     &amp#27;[90m# starter.stepdefinitions.BabyStep.iAmOnTheHomePage()&amp#27;[0m
15:17:08.747 [Forwarding screenshot on session 97f7e8079a660c24f252cf1aab364930 to remote] DEBUG org.asynchttpclient.netty.request.NettyRequestSender - Using pooled Channel '[id: 0x3a67cfdc, L:/127.0.0.1:50853 - R:localhost/127.0.0.1:64800]' for 'GET' to 'http://localhost:64800/session/97f7e8079a660c24f252cf1aab364930/screenshot'
15:17:08.747 [Forwarding screenshot on session 97f7e8079a660c24f252cf1aab364930 to remote] DEBUG org.asynchttpclient.netty.request.NettyRequestSender - Using open Channel [id: 0x3a67cfdc, L:/127.0.0.1:50853 - R:localhost/127.0.0.1:64800] for GET '/session/97f7e8079a660c24f252cf1aab364930/screenshot'
15:17:09.093 [AsyncHttpClient-1-16] DEBUG org.asynchttpclient.netty.handler.HttpHandler - 

Request DefaultFullHttpRequest(decodeResult: success, version: HTTP/1.1, content: EmptyByteBufBE)
GET /session/97f7e8079a660c24f252cf1aab364930/screenshot HTTP/1.1
User-Agent: selenium/4.1.2 (java windows)
Cache-Control: no-cache
Content-Type: application/json; charset=utf-8
host: localhost:64800
accept: */*

Response DefaultHttpResponse(decodeResult: success, version: HTTP/1.1)
HTTP/1.1 200 OK
Content-Type: application/json; charset=utf-8
cache-control: no-cache
content-length: 1022316

15:17:09.095 [AsyncHttpClient-1-16] DEBUG org.asynchttpclient.netty.channel.ChannelManager - Adding key: http://localhost:64800 for channel [id: 0x3a67cfdc, L:/127.0.0.1:50853 - R:localhost/127.0.0.1:64800]
15:17:09.136 [main] DEBUG net.serenitybdd.core.photography.Darkroom - Send negative for processing for target\site\serenity\b0ddf3608b8f51a6a3adc36e4acd901b7a2c5b7adc6fd42a924a7c7a6358c0ea.png
15:17:09.149 [Forwarding findElement on session 97f7e8079a660c24f252cf1aab364930 to remote] DEBUG org.asynchttpclient.netty.request.NettyRequestSender - Using pooled Channel '[id: 0x3a67cfdc, L:/127.0.0.1:50853 - R:localhost/127.0.0.1:64800]' for 'POST' to 'http://localhost:64800/session/97f7e8079a660c24f252cf1aab364930/element'
15:17:09.149 [Forwarding findElement on session 97f7e8079a660c24f252cf1aab364930 to remote] DEBUG org.asynchttpclient.netty.request.NettyRequestSender - Using open Channel [id: 0x3a67cfdc, L:/127.0.0.1:50853 - R:localhost/127.0.0.1:64800] for POST '/session/97f7e8079a660c24f252cf1aab364930/element'
15:17:09.176 [AsyncHttpClient-1-16] DEBUG org.asynchttpclient.netty.handler.HttpHandler - 

Request DefaultHttpRequest(decodeResult: success, version: HTTP/1.1)
POST /session/97f7e8079a660c24f252cf1aab364930/element HTTP/1.1
User-Agent: selenium/4.1.2 (java windows)
Content-Length: 81
Content-Type: application/json; charset=utf-8
host: localhost:64800
accept: */*

Response DefaultHttpResponse(decodeResult: success, version: HTTP/1.1)
HTTP/1.1 200 OK
Content-Type: application/json; charset=utf-8
cache-control: no-cache
content-length: 88

15:17:09.177 [AsyncHttpClient-1-16] DEBUG org.asynchttpclient.netty.channel.ChannelManager - Adding key: http://localhost:64800 for channel [id: 0x3a67cfdc, L:/127.0.0.1:50853 - R:localhost/127.0.0.1:64800]
15:17:09.178 [Forwarding getElementTagName on session 97f7e8079a660c24f252cf1aab364930 to remote] DEBUG org.asynchttpclient.netty.request.NettyRequestSender - Using pooled Channel '[id: 0x3a67cfdc, L:/127.0.0.1:50853 - R:localhost/127.0.0.1:64800]' for 'GET' to 'http://localhost:64800/session/97f7e8079a660c24f252cf1aab364930/element/5c0d7424-ee9d-4ed8-a832-a42eba57fb23/name'
15:17:09.178 [Forwarding getElementTagName on session 97f7e8079a660c24f252cf1aab364930 to remote] DEBUG org.asynchttpclient.netty.request.NettyRequestSender - Using open Channel [id: 0x3a67cfdc, L:/127.0.0.1:50853 - R:localhost/127.0.0.1:64800] for GET '/session/97f7e8079a660c24f252cf1aab364930/element/5c0d7424-ee9d-4ed8-a832-a42eba57fb23/name'
15:17:09.181 [AsyncHttpClient-1-16] DEBUG org.asynchttpclient.netty.handler.HttpHandler - 

Request DefaultFullHttpRequest(decodeResult: success, version: HTTP/1.1, content: EmptyByteBufBE)
GET /session/97f7e8079a660c24f252cf1aab364930/element/5c0d7424-ee9d-4ed8-a832-a42eba57fb23/name HTTP/1.1
User-Agent: selenium/4.1.2 (java windows)
Cache-Control: no-cache
Content-Type: application/json; charset=utf-8
host: localhost:64800
accept: */*

Response DefaultHttpResponse(decodeResult: success, version: HTTP/1.1)
HTTP/1.1 200 OK
Content-Type: application/json; charset=utf-8
cache-control: no-cache
content-length: 16

15:17:09.181 [AsyncHttpClient-1-16] DEBUG org.asynchttpclient.netty.channel.ChannelManager - Adding key: http://localhost:64800 for channel [id: 0x3a67cfdc, L:/127.0.0.1:50853 - R:localhost/127.0.0.1:64800]
15:17:09.182 [Forwarding getElementTagName on session 97f7e8079a660c24f252cf1aab364930 to remote] DEBUG org.asynchttpclient.netty.request.NettyRequestSender - Using pooled Channel '[id: 0x3a67cfdc, L:/127.0.0.1:50853 - R:localhost/127.0.0.1:64800]' for 'GET' to 'http://localhost:64800/session/97f7e8079a660c24f252cf1aab364930/element/5c0d7424-ee9d-4ed8-a832-a42eba57fb23/name'
15:17:09.182 [Forwarding getElementTagName on session 97f7e8079a660c24f252cf1aab364930 to remote] DEBUG org.asynchttpclient.netty.request.NettyRequestSender - Using open Channel [id: 0x3a67cfdc, L:/127.0.0.1:50853 - R:localhost/127.0.0.1:64800] for GET '/session/97f7e8079a660c24f252cf1aab364930/element/5c0d7424-ee9d-4ed8-a832-a42eba57fb23/name'
15:17:09.187 [AsyncHttpClient-1-16] DEBUG org.asynchttpclient.netty.handler.HttpHandler - 

Request DefaultFullHttpRequest(decodeResult: success, version: HTTP/1.1, content: EmptyByteBufBE)
GET /session/97f7e8079a660c24f252cf1aab364930/element/5c0d7424-ee9d-4ed8-a832-a42eba57fb23/name HTTP/1.1
User-Agent: selenium/4.1.2 (java windows)
Cache-Control: no-cache
Content-Type: application/json; charset=utf-8
host: localhost:64800
accept: */*

Response DefaultHttpResponse(decodeResult: success, version: HTTP/1.1)
HTTP/1.1 200 OK
Content-Type: application/json; charset=utf-8
cache-control: no-cache
content-length: 16

15:17:09.188 [AsyncHttpClient-1-16] DEBUG org.asynchttpclient.netty.channel.ChannelManager - Adding key: http://localhost:64800 for channel [id: 0x3a67cfdc, L:/127.0.0.1:50853 - R:localhost/127.0.0.1:64800]
15:17:09.190 [Forwarding findElement on session 97f7e8079a660c24f252cf1aab364930 to remote] DEBUG org.asynchttpclient.netty.request.NettyRequestSender - Using pooled Channel '[id: 0x3a67cfdc, L:/127.0.0.1:50853 - R:localhost/127.0.0.1:64800]' for 'POST' to 'http://localhost:64800/session/97f7e8079a660c24f252cf1aab364930/element'
15:17:09.190 [Forwarding findElement on session 97f7e8079a660c24f252cf1aab364930 to remote] DEBUG org.asynchttpclient.netty.request.NettyRequestSender - Using open Channel [id: 0x3a67cfdc, L:/127.0.0.1:50853 - R:localhost/127.0.0.1:64800] for POST '/session/97f7e8079a660c24f252cf1aab364930/element'
15:17:09.195 [AsyncHttpClient-1-16] DEBUG org.asynchttpclient.netty.handler.HttpHandler - 

Request DefaultHttpRequest(decodeResult: success, version: HTTP/1.1)
POST /session/97f7e8079a660c24f252cf1aab364930/element HTTP/1.1
User-Agent: selenium/4.1.2 (java windows)
Content-Length: 81
Content-Type: application/json; charset=utf-8
host: localhost:64800
accept: */*

Response DefaultHttpResponse(decodeResult: success, version: HTTP/1.1)
HTTP/1.1 200 OK
Content-Type: application/json; charset=utf-8
cache-control: no-cache
content-length: 88

15:17:09.196 [AsyncHttpClient-1-16] DEBUG org.asynchttpclient.netty.channel.ChannelManager - Adding key: http://localhost:64800 for channel [id: 0x3a67cfdc, L:/127.0.0.1:50853 - R:localhost/127.0.0.1:64800]
15:17:09.197 [Forwarding clickElement on session 97f7e8079a660c24f252cf1aab364930 to remote] DEBUG org.asynchttpclient.netty.request.NettyRequestSender - Using pooled Channel '[id: 0x3a67cfdc, L:/127.0.0.1:50853 - R:localhost/127.0.0.1:64800]' for 'POST' to 'http://localhost:64800/session/97f7e8079a660c24f252cf1aab364930/element/5c0d7424-ee9d-4ed8-a832-a42eba57fb23/click'
15:17:09.197 [Forwarding clickElement on session 97f7e8079a660c24f252cf1aab364930 to remote] DEBUG org.asynchttpclient.netty.request.NettyRequestSender - Using open Channel [id: 0x3a67cfdc, L:/127.0.0.1:50853 - R:localhost/127.0.0.1:64800] for POST '/session/97f7e8079a660c24f252cf1aab364930/element/5c0d7424-ee9d-4ed8-a832-a42eba57fb23/click'
15:17:09.608 [AsyncHttpClient-1-1] DEBUG org.asynchttpclient.netty.channel.DefaultChannelPool - Entry count for : http://localhost:50855 : 1
15:17:09.667 [AsyncHttpClient-1-16] DEBUG org.asynchttpclient.netty.handler.HttpHandler - 

Request DefaultHttpRequest(decodeResult: success, version: HTTP/1.1)
POST /session/97f7e8079a660c24f252cf1aab364930/element/5c0d7424-ee9d-4ed8-a832-a42eba57fb23/click HTTP/1.1
User-Agent: selenium/4.1.2 (java windows)
Content-Length: 50
Content-Type: application/json; charset=utf-8
host: localhost:64800
accept: */*

Response DefaultHttpResponse(decodeResult: success, version: HTTP/1.1)
HTTP/1.1 200 OK
Content-Type: application/json; charset=utf-8
cache-control: no-cache
content-length: 14

15:17:09.667 [AsyncHttpClient-1-16] DEBUG org.asynchttpclient.netty.channel.ChannelManager - Adding key: http://localhost:64800 for channel [id: 0x3a67cfdc, L:/127.0.0.1:50853 - R:localhost/127.0.0.1:64800]
  &amp#27;[32mThen &amp#27;[0m&amp#27;[32mI click baby on the header&amp#27;[0m &amp#27;[90m# starter.stepdefinitions.BabyStep.iClickBabyOnTheHeader()&amp#27;[0m
15:17:09.678 [Forwarding screenshot on session 97f7e8079a660c24f252cf1aab364930 to remote] DEBUG org.asynchttpclient.netty.request.NettyRequestSender - Using pooled Channel '[id: 0x3a67cfdc, L:/127.0.0.1:50853 - R:localhost/127.0.0.1:64800]' for 'GET' to 'http://localhost:64800/session/97f7e8079a660c24f252cf1aab364930/screenshot'
15:17:09.678 [Forwarding screenshot on session 97f7e8079a660c24f252cf1aab364930 to remote] DEBUG org.asynchttpclient.netty.request.NettyRequestSender - Using open Channel [id: 0x3a67cfdc, L:/127.0.0.1:50853 - R:localhost/127.0.0.1:64800] for GET '/session/97f7e8079a660c24f252cf1aab364930/screenshot'
15:17:10.543 [AsyncHttpClient-1-16] DEBUG org.asynchttpclient.netty.handler.HttpHandler - 

Request DefaultFullHttpRequest(decodeResult: success, version: HTTP/1.1, content: EmptyByteBufBE)
GET /session/97f7e8079a660c24f252cf1aab364930/screenshot HTTP/1.1
User-Agent: selenium/4.1.2 (java windows)
Cache-Control: no-cache
Content-Type: application/json; charset=utf-8
host: localhost:64800
accept: */*

Response DefaultHttpResponse(decodeResult: success, version: HTTP/1.1)
HTTP/1.1 200 OK
Content-Type: application/json; charset=utf-8
cache-control: no-cache
content-length: 137764

15:17:10.543 [AsyncHttpClient-1-16] DEBUG org.asynchttpclient.netty.channel.ChannelManager - Adding key: http://localhost:64800 for channel [id: 0x3a67cfdc, L:/127.0.0.1:50853 - R:localhost/127.0.0.1:64800]
15:17:10.549 [main] DEBUG net.serenitybdd.core.photography.Darkroom - Send negative for processing for target\site\serenity\21f629e22e8feed3644a2410ec72697bc0868e2732fd979017b0ae847a1de4ee.png
15:17:10.549 [Darkroom Processing Line] DEBUG net.serenitybdd.core.photography.DarkroomProcessingLine - Processing screenshot image in /var/screenshots/screenshot-1592603599594003101
15:17:10.549 [Darkroom Processing Line] DEBUG net.serenitybdd.core.photography.DarkroomProcessingLine - Saving screenshot to target\site\serenity\21f629e22e8feed3644a2410ec72697bc0868e2732fd979017b0ae847a1de4ee.png
15:17:10.560 [Forwarding findElement on session 97f7e8079a660c24f252cf1aab364930 to remote] DEBUG org.asynchttpclient.netty.request.NettyRequestSender - Using pooled Channel '[id: 0x3a67cfdc, L:/127.0.0.1:50853 - R:localhost/127.0.0.1:64800]' for 'POST' to 'http://localhost:64800/session/97f7e8079a660c24f252cf1aab364930/element'
15:17:10.560 [Forwarding findElement on session 97f7e8079a660c24f252cf1aab364930 to remote] DEBUG org.asynchttpclient.netty.request.NettyRequestSender - Using open Channel [id: 0x3a67cfdc, L:/127.0.0.1:50853 - R:localhost/127.0.0.1:64800] for POST '/session/97f7e8079a660c24f252cf1aab364930/element'
15:17:10.591 [AsyncHttpClient-1-16] DEBUG org.asynchttpclient.netty.handler.HttpHandler - 

Request DefaultHttpRequest(decodeResult: success, version: HTTP/1.1)
POST /session/97f7e8079a660c24f252cf1aab364930/element HTTP/1.1
User-Agent: selenium/4.1.2 (java windows)
Content-Length: 102
Content-Type: application/json; charset=utf-8
host: localhost:64800
accept: */*

Response DefaultHttpResponse(decodeResult: success, version: HTTP/1.1)
HTTP/1.1 200 OK
Content-Type: application/json; charset=utf-8
cache-control: no-cache
content-length: 88

15:17:10.592 [AsyncHttpClient-1-16] DEBUG org.asynchttpclient.netty.channel.ChannelManager - Adding key: http://localhost:64800 for channel [id: 0x3a67cfdc, L:/127.0.0.1:50853 - R:localhost/127.0.0.1:64800]
15:17:10.593 [Forwarding getElementTagName on session 97f7e8079a660c24f252cf1aab364930 to remote] DEBUG org.asynchttpclient.netty.request.NettyRequestSender - Using pooled Channel '[id: 0x3a67cfdc, L:/127.0.0.1:50853 - R:localhost/127.0.0.1:64800]' for 'GET' to 'http://localhost:64800/session/97f7e8079a660c24f252cf1aab364930/element/fb359eaa-d325-4487-a5fa-be72b869182f/name'
15:17:10.593 [Forwarding getElementTagName on session 97f7e8079a660c24f252cf1aab364930 to remote] DEBUG org.asynchttpclient.netty.request.NettyRequestSender - Using open Channel [id: 0x3a67cfdc, L:/127.0.0.1:50853 - R:localhost/127.0.0.1:64800] for GET '/session/97f7e8079a660c24f252cf1aab364930/element/fb359eaa-d325-4487-a5fa-be72b869182f/name'
15:17:10.597 [AsyncHttpClient-1-16] DEBUG org.asynchttpclient.netty.handler.HttpHandler - 

Request DefaultFullHttpRequest(decodeResult: success, version: HTTP/1.1, content: EmptyByteBufBE)
GET /session/97f7e8079a660c24f252cf1aab364930/element/fb359eaa-d325-4487-a5fa-be72b869182f/name HTTP/1.1
User-Agent: selenium/4.1.2 (java windows)
Cache-Control: no-cache
Content-Type: application/json; charset=utf-8
host: localhost:64800
accept: */*

Response DefaultHttpResponse(decodeResult: success, version: HTTP/1.1)
HTTP/1.1 200 OK
Content-Type: application/json; charset=utf-8
cache-control: no-cache
content-length: 16

15:17:10.597 [AsyncHttpClient-1-16] DEBUG org.asynchttpclient.netty.channel.ChannelManager - Adding key: http://localhost:64800 for channel [id: 0x3a67cfdc, L:/127.0.0.1:50853 - R:localhost/127.0.0.1:64800]
15:17:10.598 [Forwarding getElementTagName on session 97f7e8079a660c24f252cf1aab364930 to remote] DEBUG org.asynchttpclient.netty.request.NettyRequestSender - Using pooled Channel '[id: 0x3a67cfdc, L:/127.0.0.1:50853 - R:localhost/127.0.0.1:64800]' for 'GET' to 'http://localhost:64800/session/97f7e8079a660c24f252cf1aab364930/element/fb359eaa-d325-4487-a5fa-be72b869182f/name'
15:17:10.598 [Forwarding getElementTagName on session 97f7e8079a660c24f252cf1aab364930 to remote] DEBUG org.asynchttpclient.netty.request.NettyRequestSender - Using open Channel [id: 0x3a67cfdc, L:/127.0.0.1:50853 - R:localhost/127.0.0.1:64800] for GET '/session/97f7e8079a660c24f252cf1aab364930/element/fb359eaa-d325-4487-a5fa-be72b869182f/name'
15:17:10.601 [AsyncHttpClient-1-16] DEBUG org.asynchttpclient.netty.handler.HttpHandler - 

Request DefaultFullHttpRequest(decodeResult: success, version: HTTP/1.1, content: EmptyByteBufBE)
GET /session/97f7e8079a660c24f252cf1aab364930/element/fb359eaa-d325-4487-a5fa-be72b869182f/name HTTP/1.1
User-Agent: selenium/4.1.2 (java windows)
Cache-Control: no-cache
Content-Type: application/json; charset=utf-8
host: localhost:64800
accept: */*

Response DefaultHttpResponse(decodeResult: success, version: HTTP/1.1)
HTTP/1.1 200 OK
Content-Type: application/json; charset=utf-8
cache-control: no-cache
content-length: 16

15:17:10.601 [AsyncHttpClient-1-16] DEBUG org.asynchttpclient.netty.channel.ChannelManager - Adding key: http://localhost:64800 for channel [id: 0x3a67cfdc, L:/127.0.0.1:50853 - R:localhost/127.0.0.1:64800]
15:17:10.603 [Forwarding findElement on session 97f7e8079a660c24f252cf1aab364930 to remote] DEBUG org.asynchttpclient.netty.request.NettyRequestSender - Using pooled Channel '[id: 0x3a67cfdc, L:/127.0.0.1:50853 - R:localhost/127.0.0.1:64800]' for 'POST' to 'http://localhost:64800/session/97f7e8079a660c24f252cf1aab364930/element'
15:17:10.604 [Forwarding findElement on session 97f7e8079a660c24f252cf1aab364930 to remote] DEBUG org.asynchttpclient.netty.request.NettyRequestSender - Using open Channel [id: 0x3a67cfdc, L:/127.0.0.1:50853 - R:localhost/127.0.0.1:64800] for POST '/session/97f7e8079a660c24f252cf1aab364930/element'
15:17:10.612 [AsyncHttpClient-1-16] DEBUG org.asynchttpclient.netty.handler.HttpHandler - 

Request DefaultHttpRequest(decodeResult: success, version: HTTP/1.1)
POST /session/97f7e8079a660c24f252cf1aab364930/element HTTP/1.1
User-Agent: selenium/4.1.2 (java windows)
Content-Length: 102
Content-Type: application/json; charset=utf-8
host: localhost:64800
accept: */*

Response DefaultHttpResponse(decodeResult: success, version: HTTP/1.1)
HTTP/1.1 200 OK
Content-Type: application/json; charset=utf-8
cache-control: no-cache
content-length: 88

15:17:10.612 [AsyncHttpClient-1-16] DEBUG org.asynchttpclient.netty.channel.ChannelManager - Adding key: http://localhost:64800 for channel [id: 0x3a67cfdc, L:/127.0.0.1:50853 - R:localhost/127.0.0.1:64800]
15:17:10.613 [Forwarding clickElement on session 97f7e8079a660c24f252cf1aab364930 to remote] DEBUG org.asynchttpclient.netty.request.NettyRequestSender - Using pooled Channel '[id: 0x3a67cfdc, L:/127.0.0.1:50853 - R:localhost/127.0.0.1:64800]' for 'POST' to 'http://localhost:64800/session/97f7e8079a660c24f252cf1aab364930/element/fb359eaa-d325-4487-a5fa-be72b869182f/click'
15:17:10.613 [Forwarding clickElement on session 97f7e8079a660c24f252cf1aab364930 to remote] DEBUG org.asynchttpclient.netty.request.NettyRequestSender - Using open Channel [id: 0x3a67cfdc, L:/127.0.0.1:50853 - R:localhost/127.0.0.1:64800] for POST '/session/97f7e8079a660c24f252cf1aab364930/element/fb359eaa-d325-4487-a5fa-be72b869182f/click'
15:17:10.707 [AsyncHttpClient-1-1] DEBUG org.asynchttpclient.netty.channel.DefaultChannelPool - Entry count for : http://localhost:50855 : 1
15:17:10.830 [AsyncHttpClient-1-16] DEBUG org.asynchttpclient.netty.handler.HttpHandler - 

Request DefaultHttpRequest(decodeResult: success, version: HTTP/1.1)
POST /session/97f7e8079a660c24f252cf1aab364930/element/fb359eaa-d325-4487-a5fa-be72b869182f/click HTTP/1.1
User-Agent: selenium/4.1.2 (java windows)
Content-Length: 50
Content-Type: application/json; charset=utf-8
host: localhost:64800
accept: */*

Response DefaultHttpResponse(decodeResult: success, version: HTTP/1.1)
HTTP/1.1 200 OK
Content-Type: application/json; charset=utf-8
cache-control: no-cache
content-length: 14

15:17:10.830 [AsyncHttpClient-1-16] DEBUG org.asynchttpclient.netty.channel.ChannelManager - Adding key: http://localhost:64800 for channel [id: 0x3a67cfdc, L:/127.0.0.1:50853 - R:localhost/127.0.0.1:64800]
  &amp#27;[32mWhen &amp#27;[0m&amp#27;[32mI will go to &amp#27;[0m&amp#27;[32m&amp#27;[1m"gaun1"&amp#27;[0m       &amp#27;[90m# starter.stepdefinitions.BabyStep.iWillGoTo(java.lang.String)&amp#27;[0m
15:17:10.841 [Forwarding screenshot on session 97f7e8079a660c24f252cf1aab364930 to remote] DEBUG org.asynchttpclient.netty.request.NettyRequestSender - Using pooled Channel '[id: 0x3a67cfdc, L:/127.0.0.1:50853 - R:localhost/127.0.0.1:64800]' for 'GET' to 'http://localhost:64800/session/97f7e8079a660c24f252cf1aab364930/screenshot'
15:17:10.841 [Forwarding screenshot on session 97f7e8079a660c24f252cf1aab364930 to remote] DEBUG org.asynchttpclient.netty.request.NettyRequestSender - Using open Channel [id: 0x3a67cfdc, L:/127.0.0.1:50853 - R:localhost/127.0.0.1:64800] for GET '/session/97f7e8079a660c24f252cf1aab364930/screenshot'
15:17:11.294 [AsyncHttpClient-1-16] DEBUG org.asynchttpclient.netty.handler.HttpHandler - 

Request DefaultFullHttpRequest(decodeResult: success, version: HTTP/1.1, content: EmptyByteBufBE)
GET /session/97f7e8079a660c24f252cf1aab364930/screenshot HTTP/1.1
User-Agent: selenium/4.1.2 (java windows)
Cache-Control: no-cache
Content-Type: application/json; charset=utf-8
host: localhost:64800
accept: */*

Response DefaultHttpResponse(decodeResult: success, version: HTTP/1.1)
HTTP/1.1 200 OK
Content-Type: application/json; charset=utf-8
cache-control: no-cache
content-length: 56968

15:17:11.295 [AsyncHttpClient-1-16] DEBUG org.asynchttpclient.netty.channel.ChannelManager - Adding key: http://localhost:64800 for channel [id: 0x3a67cfdc, L:/127.0.0.1:50853 - R:localhost/127.0.0.1:64800]
15:17:11.298 [main] DEBUG net.serenitybdd.core.photography.Darkroom - Send negative for processing for target\site\serenity\e96d3d8c3f7fb7d1a517346acf8aa24ad1f9f15a1a3a78773012dd04aa493508.png
15:17:11.298 [Darkroom Processing Line] DEBUG net.serenitybdd.core.photography.DarkroomProcessingLine - Processing screenshot image in /var/screenshots/screenshot-16942333152280244999
15:17:11.298 [Darkroom Processing Line] DEBUG net.serenitybdd.core.photography.DarkroomProcessingLine - Saving screenshot to target\site\serenity\e96d3d8c3f7fb7d1a517346acf8aa24ad1f9f15a1a3a78773012dd04aa493508.png
15:17:11.310 [Forwarding findElement on session 97f7e8079a660c24f252cf1aab364930 to remote] DEBUG org.asynchttpclient.netty.request.NettyRequestSender - Using pooled Channel '[id: 0x3a67cfdc, L:/127.0.0.1:50853 - R:localhost/127.0.0.1:64800]' for 'POST' to 'http://localhost:64800/session/97f7e8079a660c24f252cf1aab364930/element'
15:17:11.310 [Forwarding findElement on session 97f7e8079a660c24f252cf1aab364930 to remote] DEBUG org.asynchttpclient.netty.request.NettyRequestSender - Using open Channel [id: 0x3a67cfdc, L:/127.0.0.1:50853 - R:localhost/127.0.0.1:64800] for POST '/session/97f7e8079a660c24f252cf1aab364930/element'
15:17:11.366 [AsyncHttpClient-1-16] DEBUG org.asynchttpclient.netty.handler.HttpHandler - 

Request DefaultHttpRequest(decodeResult: success, version: HTTP/1.1)
POST /session/97f7e8079a660c24f252cf1aab364930/element HTTP/1.1
User-Agent: selenium/4.1.2 (java windows)
Content-Length: 86
Content-Type: application/json; charset=utf-8
host: localhost:64800
accept: */*

Response DefaultHttpResponse(decodeResult: success, version: HTTP/1.1)
HTTP/1.1 200 OK
Content-Type: application/json; charset=utf-8
cache-control: no-cache
content-length: 88

15:17:11.366 [AsyncHttpClient-1-16] DEBUG org.asynchttpclient.netty.channel.ChannelManager - Adding key: http://localhost:64800 for channel [id: 0x3a67cfdc, L:/127.0.0.1:50853 - R:localhost/127.0.0.1:64800]
15:17:11.370 [Forwarding isElementDisplayed on session 97f7e8079a660c24f252cf1aab364930 to remote] DEBUG org.asynchttpclient.netty.request.NettyRequestSender - Using pooled Channel '[id: 0x3a67cfdc, L:/127.0.0.1:50853 - R:localhost/127.0.0.1:64800]' for 'POST' to 'http://localhost:64800/session/97f7e8079a660c24f252cf1aab364930/execute/sync'
15:17:11.370 [Forwarding isElementDisplayed on session 97f7e8079a660c24f252cf1aab364930 to remote] DEBUG org.asynchttpclient.netty.request.NettyRequestSender - Using open Channel [id: 0x3a67cfdc, L:/127.0.0.1:50853 - R:localhost/127.0.0.1:64800] for POST '/session/97f7e8079a660c24f252cf1aab364930/execute/sync'
15:17:11.382 [AsyncHttpClient-1-16] DEBUG org.asynchttpclient.netty.handler.HttpHandler - 

Request DefaultHttpRequest(decodeResult: success, version: HTTP/1.1)
POST /session/97f7e8079a660c24f252cf1aab364930/execute/sync HTTP/1.1
User-Agent: selenium/4.1.2 (java windows)
Content-Length: 48780
Content-Type: application/json; charset=utf-8
host: localhost:64800
accept: */*

Response DefaultHttpResponse(decodeResult: success, version: HTTP/1.1)
HTTP/1.1 200 OK
Content-Type: application/json; charset=utf-8
cache-control: no-cache
content-length: 14

15:17:11.382 [AsyncHttpClient-1-16] DEBUG org.asynchttpclient.netty.channel.ChannelManager - Adding key: http://localhost:64800 for channel [id: 0x3a67cfdc, L:/127.0.0.1:50853 - R:localhost/127.0.0.1:64800]
  &amp#27;[32mAnd &amp#27;[0m&amp#27;[32mI &amp#27;[0m&amp#27;[32m&amp#27;[1m"txtGaun1"&amp#27;[0m&amp#27;[32m page&amp#27;[0m           &amp#27;[90m# starter.stepdefinitions.BabyStep.iPage(java.lang.String)&amp#27;[0m
15:17:11.387 [Forwarding screenshot on session 97f7e8079a660c24f252cf1aab364930 to remote] DEBUG org.asynchttpclient.netty.request.NettyRequestSender - Using pooled Channel '[id: 0x3a67cfdc, L:/127.0.0.1:50853 - R:localhost/127.0.0.1:64800]' for 'GET' to 'http://localhost:64800/session/97f7e8079a660c24f252cf1aab364930/screenshot'
15:17:11.387 [Forwarding screenshot on session 97f7e8079a660c24f252cf1aab364930 to remote] DEBUG org.asynchttpclient.netty.request.NettyRequestSender - Using open Channel [id: 0x3a67cfdc, L:/127.0.0.1:50853 - R:localhost/127.0.0.1:64800] for GET '/session/97f7e8079a660c24f252cf1aab364930/screenshot'
15:17:11.480 [AsyncHttpClient-1-16] DEBUG org.asynchttpclient.netty.handler.HttpHandler - 

Request DefaultFullHttpRequest(decodeResult: success, version: HTTP/1.1, content: EmptyByteBufBE)
GET /session/97f7e8079a660c24f252cf1aab364930/screenshot HTTP/1.1
User-Agent: selenium/4.1.2 (java windows)
Cache-Control: no-cache
Content-Type: application/json; charset=utf-8
host: localhost:64800
accept: */*

Response DefaultHttpResponse(decodeResult: success, version: HTTP/1.1)
HTTP/1.1 200 OK
Content-Type: application/json; charset=utf-8
cache-control: no-cache
content-length: 119156

15:17:11.480 [AsyncHttpClient-1-16] DEBUG org.asynchttpclient.netty.channel.ChannelManager - Adding key: http://localhost:64800 for channel [id: 0x3a67cfdc, L:/127.0.0.1:50853 - R:localhost/127.0.0.1:64800]
15:17:11.484 [main] DEBUG net.serenitybdd.core.photography.Darkroom - Send negative for processing for target\site\serenity\3f0008736363aa8299814cbb812e54d105e369f666b0d1dd05c7bd474ed4933d.png
15:17:11.484 [Darkroom Processing Line] DEBUG net.serenitybdd.core.photography.DarkroomProcessingLine - Processing screenshot image in /var/screenshots/screenshot-15199496100780521851
15:17:11.484 [Darkroom Processing Line] DEBUG net.serenitybdd.core.photography.DarkroomProcessingLine - Saving screenshot to target\site\serenity\3f0008736363aa8299814cbb812e54d105e369f666b0d1dd05c7bd474ed4933d.png
15:17:11.490 [AsyncHttpClient-1-2] DEBUG org.asynchttpclient.netty.handler.WebSocketHandler - Channel Closed: [id: 0xa90a111f, L:/127.0.0.1:50863 ! R:localhost/127.0.0.1:50855] with attribute NettyResponseFuture{currentRetry=5,
	isDone=1,
	isCancelled=0,
	asyncHandler=org.asynchttpclient.ws.WebSocketUpgradeHandler@47da8f9,
	nettyRequest=org.asynchttpclient.netty.request.NettyRequest@7d5873f7,
	future=java.util.concurrent.CompletableFuture@4771e125[Completed normally],
	uri=ws://localhost:50855/devtools/browser/9817a51e-d59a-462f-916e-97e66b0d4101,
	keepAlive=true,
	redirectCount=0,
	timeoutsHolder=null,
	inAuth=0,
	touch=1680855421850}
15:17:11.490 [AsyncHttpClient-1-2] DEBUG org.asynchttpclient.netty.channel.ChannelManager - Closing Channel [id: 0xa90a111f, L:/127.0.0.1:50863 ! R:localhost/127.0.0.1:50855] 
15:17:11.490 [Driver Command Executor] DEBUG org.asynchttpclient.netty.request.NettyRequestSender - Using pooled Channel '[id: 0x3a67cfdc, L:/127.0.0.1:50853 - R:localhost/127.0.0.1:64800]' for 'DELETE' to 'http://localhost:64800/session/97f7e8079a660c24f252cf1aab364930'
15:17:11.490 [Driver Command Executor] DEBUG org.asynchttpclient.netty.request.NettyRequestSender - Using open Channel [id: 0x3a67cfdc, L:/127.0.0.1:50853 - R:localhost/127.0.0.1:64800] for DELETE '/session/97f7e8079a660c24f252cf1aab364930'
15:17:11.526 [AsyncHttpClient-1-17] DEBUG org.asynchttpclient.netty.handler.HttpHandler - Unexpected I/O exception on channel [id: 0x3bf27844, L:/127.0.0.1:50862 - R:localhost/127.0.0.1:50855]
java.net.SocketException: Connection reset
	at java.base/sun.nio.ch.SocketChannelImpl.throwConnectionReset(SocketChannelImpl.java:345)
	at java.base/sun.nio.ch.SocketChannelImpl.read(SocketChannelImpl.java:376)
	at io.netty.buffer.PooledByteBuf.setBytes(PooledByteBuf.java:258)
	at io.netty.buffer.AbstractByteBuf.writeBytes(AbstractByteBuf.java:1132)
	at io.netty.channel.socket.nio.NioSocketChannel.doReadBytes(NioSocketChannel.java:350)
	at io.netty.channel.nio.AbstractNioByteChannel$NioByteUnsafe.read(AbstractNioByteChannel.java:151)
	at io.netty.channel.nio.NioEventLoop.processSelectedKey(NioEventLoop.java:722)
	at io.netty.channel.nio.NioEventLoop.processSelectedKeysOptimized(NioEventLoop.java:658)
	at io.netty.channel.nio.NioEventLoop.processSelectedKeys(NioEventLoop.java:584)
	at io.netty.channel.nio.NioEventLoop.run(NioEventLoop.java:496)
	at io.netty.util.concurrent.SingleThreadEventExecutor$4.run(SingleThreadEventExecutor.java:986)
	at io.netty.util.internal.ThreadExecutorMap$2.run(ThreadExecutorMap.java:74)
	at io.netty.util.concurrent.FastThreadLocalRunnable.run(FastThreadLocalRunnable.java:30)
	at java.base/java.lang.Thread.run(Thread.java:830)
15:17:11.526 [AsyncHttpClient-1-17] DEBUG org.asynchttpclient.netty.channel.ChannelManager - Closing Channel [id: 0x3bf27844, L:/127.0.0.1:50862 - R:localhost/127.0.0.1:50855] 
15:17:11.526 [AsyncHttpClient-1-17] DEBUG org.asynchttpclient.netty.handler.HttpHandler - Channel Closed: [id: 0x3bf27844, L:/127.0.0.1:50862 ! R:localhost/127.0.0.1:50855] with attribute DISCARD
15:17:11.553 [AsyncHttpClient-1-16] DEBUG org.asynchttpclient.netty.handler.HttpHandler - 

Request DefaultFullHttpRequest(decodeResult: success, version: HTTP/1.1, content: EmptyByteBufBE)
DELETE /session/97f7e8079a660c24f252cf1aab364930 HTTP/1.1
User-Agent: selenium/4.1.2 (java windows)
Content-Type: application/json; charset=utf-8
host: localhost:64800
accept: */*

Response DefaultHttpResponse(decodeResult: success, version: HTTP/1.1)
HTTP/1.1 200 OK
Content-Type: application/json; charset=utf-8
cache-control: no-cache
content-length: 14

15:17:11.553 [AsyncHttpClient-1-16] DEBUG org.asynchttpclient.netty.channel.ChannelManager - Adding key: http://localhost:64800 for channel [id: 0x3a67cfdc, L:/127.0.0.1:50853 - R:localhost/127.0.0.1:64800]
15:17:11.730 [AsyncHttpClient-1-16] DEBUG org.asynchttpclient.netty.handler.HttpHandler - Channel Closed: [id: 0x3a67cfdc, L:/127.0.0.1:50853 ! R:localhost/127.0.0.1:64800] with attribute DISCARD
15:17:11.807 [AsyncHttpClient-1-1] DEBUG org.asynchttpclient.netty.channel.DefaultChannelPool - Entry count for : http://localhost:64800 : 1
15:17:11.807 [AsyncHttpClient-1-1] DEBUG org.asynchttpclient.netty.channel.DefaultChannelPool - Entry count for : http://localhost:50855 : 1
15:17:11.807 [AsyncHttpClient-1-1] DEBUG org.asynchttpclient.netty.channel.DefaultChannelPool - Adding Candidate expired Channel [id: 0x3a67cfdc, L:/127.0.0.1:50853 ! R:localhost/127.0.0.1:64800] isIdleTimeoutExpired=false isRemotelyClosed=true isTtlExpired=false
15:17:11.807 [AsyncHttpClient-1-1] DEBUG org.asynchttpclient.netty.channel.DefaultChannelPool - Closing Idle Channel [id: 0x3a67cfdc, L:/127.0.0.1:50853 ! R:localhost/127.0.0.1:64800]
15:17:11.807 [AsyncHttpClient-1-1] DEBUG org.asynchttpclient.netty.channel.DefaultChannelPool - Adding Candidate expired Channel [id: 0x3bf27844, L:/127.0.0.1:50862 ! R:localhost/127.0.0.1:50855] isIdleTimeoutExpired=false isRemotelyClosed=true isTtlExpired=false
15:17:11.807 [AsyncHttpClient-1-1] DEBUG org.asynchttpclient.netty.channel.DefaultChannelPool - Closing Idle Channel [id: 0x3bf27844, L:/127.0.0.1:50862 ! R:localhost/127.0.0.1:50855]
15:17:11.807 [AsyncHttpClient-1-1] DEBUG org.asynchttpclient.netty.channel.DefaultChannelPool - Closed 2 connections out of 2 in 0 ms
]]></system-out>
    <system-err><![CDATA[Starting Microsoft Edge WebDriver 111.0.1661.62 (0a8f453929e6410c973aa529a40485ce4e3e03db) on port 64800
To submit feedback, report a bug, or suggest new features, please visit https://github.com/MicrosoftEdge/EdgeWebDriver

Only local connections are allowed.
Please see https://aka.ms/WebDriverSecurity for suggestions on keeping Microsoft Edge WebDriver safe.

Microsoft Edge WebDriver was started successfully.
Apr 07, 2023 3:17:01 PM org.openqa.selenium.remote.ProtocolHandshake createSession
INFO: Detected dialect: W3C
Apr 07, 2023 3:17:01 PM org.openqa.selenium.devtools.CdpVersionFinder findNearestMatch
WARNING: Unable to find an exact match for CDP version 111, so returning the closest version found: a no-op implementation
Apr 07, 2023 3:17:01 PM org.openqa.selenium.devtools.CdpVersionFinder findNearestMatch
INFO: Unable to find CDP implementation matching 111.
Apr 07, 2023 3:17:01 PM org.openqa.selenium.chromium.ChromiumDriver lambda$new$3
WARNING: Unable to find version of CDP to use for . You may need to include a dependency on a specific version of the CDP using something similar to `org.seleniumhq.selenium:selenium-devtools-v86:4.1.2` where the version ("v86") matches the version of the chromium-based browser you're using and the version number of the artifact is the same as Selenium's.
]]></system-err>
  </testcase>
  <testcase name="Fitur Menu Baby #12" classname="Baby" time="11.613">
    <system-out><![CDATA[
Scenario Outline: Fitur Menu Baby &amp#27;[90m# src/test/resources/features/Baby.feature:104&amp#27;[0m
15:17:12.315 [main] INFO io.cucumber.core.plugin.SerenityReporter - Running feature from file:///C:/Users/alwi/IdeaProjects/uniqloweb/src/test/resources/features/Baby.feature
15:17:12.447 [main] DEBUG io.github.bonigarcia.wdm.cache.ResolutionCache - Resolution edge=111 in cache (valid until 16:02:35 07/04/2023 WIB)
15:17:12.451 [main] DEBUG io.github.bonigarcia.wdm.cache.ResolutionCache - Resolution edge111=111.0.1661.62 in cache (valid until 15:02:35 08/04/2023 WIB)
15:17:12.452 [main] INFO io.github.bonigarcia.wdm.WebDriverManager - Using msedgedriver 111.0.1661.62 (resolved driver for Edge 111)
15:17:12.463 [main] DEBUG io.github.bonigarcia.wdm.WebDriverManager - Driver msedgedriver 111.0.1661.62 found in cache
15:17:12.464 [main] INFO io.github.bonigarcia.wdm.WebDriverManager - Exporting webdriver.edge.driver as C:\Users\alwi\.cache\selenium\msedgedriver\win64\111.0.1661.62\msedgedriver.exe
15:17:12.465 [main] DEBUG net.serenitybdd.core.webdriver.driverproviders.ProvideNewDriver - Instantiating driver
15:17:12.465 [main] DEBUG net.serenitybdd.core.webdriver.driverproviders.ProvideNewDriver - Driver capabilities: Capabilities {base.url: https://www.uniqlo.com, chrome.driver: src/test/resources/webdrive..., driver: edge, ms:edgeChromium: true, ms:edgeOptions: {}, wait.for.timeout: 6000}
15:17:12.998 [AsyncHttpClient-1-3] DEBUG org.asynchttpclient.netty.channel.NettyConnectListener - Using new Channel '[id: 0xefae4d83, L:/127.0.0.1:50994 - R:localhost/127.0.0.1:50831]' for 'POST' to '/session'
15:17:13.624 [AsyncHttpClient-1-3] DEBUG org.asynchttpclient.netty.handler.HttpHandler - 

Request DefaultHttpRequest(decodeResult: success, version: HTTP/1.1)
POST /session HTTP/1.1
User-Agent: selenium/4.1.2 (java windows)
Content-Length: 627
Content-Type: application/json; charset=utf-8
host: localhost:50831
accept: */*

Response DefaultHttpResponse(decodeResult: success, version: HTTP/1.1)
HTTP/1.1 200 OK
Content-Type: application/json; charset=utf-8
cache-control: no-cache
content-length: 822

15:17:13.624 [AsyncHttpClient-1-3] DEBUG org.asynchttpclient.netty.channel.ChannelManager - Adding key: http://localhost:50831 for channel [id: 0xefae4d83, L:/127.0.0.1:50994 - R:localhost/127.0.0.1:50831]
15:17:13.632 [AsyncHttpClient-1-4] DEBUG org.asynchttpclient.netty.channel.NettyConnectListener - Using new Channel '[id: 0xeb892bed, L:/127.0.0.1:51002 - R:localhost/127.0.0.1:50995]' for 'GET' to '/json/version'
15:17:13.632 [AsyncHttpClient-1-4] DEBUG org.asynchttpclient.netty.handler.HttpHandler - 

Request DefaultFullHttpRequest(decodeResult: success, version: HTTP/1.1, content: EmptyByteBufBE)
GET /json/version HTTP/1.1
User-Agent: selenium/4.1.2 (java windows)
host: localhost:50995
accept: */*

Response DefaultHttpResponse(decodeResult: success, version: HTTP/1.1)
HTTP/1.1 200 OK
Content-Security-Policy: frame-ancestors 'none'
Content-Type: application/json; charset=UTF-8
content-length: 436

15:17:13.632 [AsyncHttpClient-1-4] DEBUG org.asynchttpclient.netty.channel.ChannelManager - Adding key: http://localhost:50995 for channel [id: 0xeb892bed, L:/127.0.0.1:51002 - R:localhost/127.0.0.1:50995]
15:17:13.634 [AsyncHttpClient-1-5] DEBUG org.asynchttpclient.netty.channel.NettyConnectListener - Using new Channel '[id: 0x26397760, L:/127.0.0.1:51003 - R:localhost/127.0.0.1:50995]' for 'GET' to '/devtools/browser/a253d729-adad-403f-80bb-c5d4c7349bd3'
15:17:13.635 [AsyncHttpClient-1-5] DEBUG org.asynchttpclient.netty.handler.WebSocketHandler - 

Request DefaultFullHttpRequest(decodeResult: success, version: HTTP/1.1, content: EmptyByteBufBE)
GET /devtools/browser/a253d729-adad-403f-80bb-c5d4c7349bd3 HTTP/1.1
upgrade: websocket
connection: upgrade
sec-websocket-key: kh76EwRJKZNQWIgPlMYzXQ==
sec-websocket-version: 13
origin: http://localhost:50995
host: localhost:50995
accept: */*
user-agent: AHC/2.1

Response DefaultHttpResponse(decodeResult: success, version: HTTP/1.1)
HTTP/1.1 101 WebSocket Protocol Handshake
Upgrade: WebSocket
Connection: Upgrade
Sec-WebSocket-Accept: kfOOyp7lYamkpfaHYihGj7Ouz4w=

15:17:13.638 [Forwarding get on session 4ca6be43f9c799685340efbe150b33d5 to remote] DEBUG org.asynchttpclient.netty.request.NettyRequestSender - Using pooled Channel '[id: 0xefae4d83, L:/127.0.0.1:50994 - R:localhost/127.0.0.1:50831]' for 'POST' to 'http://localhost:50831/session/4ca6be43f9c799685340efbe150b33d5/url'
15:17:13.638 [Forwarding get on session 4ca6be43f9c799685340efbe150b33d5 to remote] DEBUG org.asynchttpclient.netty.request.NettyRequestSender - Using open Channel [id: 0xefae4d83, L:/127.0.0.1:50994 - R:localhost/127.0.0.1:50831] for POST '/session/4ca6be43f9c799685340efbe150b33d5/url'
15:17:14.012 [AsyncHttpClient-1-1] DEBUG org.asynchttpclient.netty.channel.DefaultChannelPool - Entry count for : http://localhost:50995 : 1
15:17:15.105 [AsyncHttpClient-1-1] DEBUG org.asynchttpclient.netty.channel.DefaultChannelPool - Entry count for : http://localhost:50995 : 1
15:17:16.208 [AsyncHttpClient-1-1] DEBUG org.asynchttpclient.netty.channel.DefaultChannelPool - Entry count for : http://localhost:50995 : 1
15:17:17.310 [AsyncHttpClient-1-1] DEBUG org.asynchttpclient.netty.channel.DefaultChannelPool - Entry count for : http://localhost:50995 : 1
15:17:18.410 [AsyncHttpClient-1-1] DEBUG org.asynchttpclient.netty.channel.DefaultChannelPool - Entry count for : http://localhost:50995 : 1
15:17:19.505 [AsyncHttpClient-1-1] DEBUG org.asynchttpclient.netty.channel.DefaultChannelPool - Entry count for : http://localhost:50995 : 1
15:17:20.166 [AsyncHttpClient-1-3] DEBUG org.asynchttpclient.netty.handler.HttpHandler - 

Request DefaultHttpRequest(decodeResult: success, version: HTTP/1.1)
POST /session/4ca6be43f9c799685340efbe150b33d5/url HTTP/1.1
User-Agent: selenium/4.1.2 (java windows)
Content-Length: 53
Content-Type: application/json; charset=utf-8
host: localhost:50831
accept: */*

Response DefaultHttpResponse(decodeResult: success, version: HTTP/1.1)
HTTP/1.1 200 OK
Content-Type: application/json; charset=utf-8
cache-control: no-cache
content-length: 14

15:17:20.166 [AsyncHttpClient-1-3] DEBUG org.asynchttpclient.netty.channel.ChannelManager - Adding key: http://localhost:50831 for channel [id: 0xefae4d83, L:/127.0.0.1:50994 - R:localhost/127.0.0.1:50831]
15:17:20.168 [Forwarding setTimeout on session 4ca6be43f9c799685340efbe150b33d5 to remote] DEBUG org.asynchttpclient.netty.request.NettyRequestSender - Using pooled Channel '[id: 0xefae4d83, L:/127.0.0.1:50994 - R:localhost/127.0.0.1:50831]' for 'POST' to 'http://localhost:50831/session/4ca6be43f9c799685340efbe150b33d5/timeouts'
15:17:20.168 [Forwarding setTimeout on session 4ca6be43f9c799685340efbe150b33d5 to remote] DEBUG org.asynchttpclient.netty.request.NettyRequestSender - Using open Channel [id: 0xefae4d83, L:/127.0.0.1:50994 - R:localhost/127.0.0.1:50831] for POST '/session/4ca6be43f9c799685340efbe150b33d5/timeouts'
15:17:20.169 [AsyncHttpClient-1-3] DEBUG org.asynchttpclient.netty.handler.HttpHandler - 

Request DefaultHttpRequest(decodeResult: success, version: HTTP/1.1)
POST /session/4ca6be43f9c799685340efbe150b33d5/timeouts HTTP/1.1
User-Agent: selenium/4.1.2 (java windows)
Content-Length: 22
Content-Type: application/json; charset=utf-8
host: localhost:50831
accept: */*

Response DefaultHttpResponse(decodeResult: success, version: HTTP/1.1)
HTTP/1.1 200 OK
Content-Type: application/json; charset=utf-8
cache-control: no-cache
content-length: 14

15:17:20.169 [AsyncHttpClient-1-3] DEBUG org.asynchttpclient.netty.channel.ChannelManager - Adding key: http://localhost:50831 for channel [id: 0xefae4d83, L:/127.0.0.1:50994 - R:localhost/127.0.0.1:50831]
15:17:20.171 [Forwarding getCurrentUrl on session 4ca6be43f9c799685340efbe150b33d5 to remote] DEBUG org.asynchttpclient.netty.request.NettyRequestSender - Using pooled Channel '[id: 0xefae4d83, L:/127.0.0.1:50994 - R:localhost/127.0.0.1:50831]' for 'GET' to 'http://localhost:50831/session/4ca6be43f9c799685340efbe150b33d5/url'
15:17:20.171 [Forwarding getCurrentUrl on session 4ca6be43f9c799685340efbe150b33d5 to remote] DEBUG org.asynchttpclient.netty.request.NettyRequestSender - Using open Channel [id: 0xefae4d83, L:/127.0.0.1:50994 - R:localhost/127.0.0.1:50831] for GET '/session/4ca6be43f9c799685340efbe150b33d5/url'
15:17:20.178 [AsyncHttpClient-1-3] DEBUG org.asynchttpclient.netty.handler.HttpHandler - 

Request DefaultFullHttpRequest(decodeResult: success, version: HTTP/1.1, content: EmptyByteBufBE)
GET /session/4ca6be43f9c799685340efbe150b33d5/url HTTP/1.1
User-Agent: selenium/4.1.2 (java windows)
Cache-Control: no-cache
Content-Type: application/json; charset=utf-8
host: localhost:50831
accept: */*

Response DefaultHttpResponse(decodeResult: success, version: HTTP/1.1)
HTTP/1.1 200 OK
Content-Type: application/json; charset=utf-8
cache-control: no-cache
content-length: 41

15:17:20.178 [AsyncHttpClient-1-3] DEBUG org.asynchttpclient.netty.channel.ChannelManager - Adding key: http://localhost:50831 for channel [id: 0xefae4d83, L:/127.0.0.1:50994 - R:localhost/127.0.0.1:50831]
  &amp#27;[32mGiven &amp#27;[0m&amp#27;[32mI am on the home page&amp#27;[0m     &amp#27;[90m# starter.stepdefinitions.BabyStep.iAmOnTheHomePage()&amp#27;[0m
15:17:20.183 [Forwarding screenshot on session 4ca6be43f9c799685340efbe150b33d5 to remote] DEBUG org.asynchttpclient.netty.request.NettyRequestSender - Using pooled Channel '[id: 0xefae4d83, L:/127.0.0.1:50994 - R:localhost/127.0.0.1:50831]' for 'GET' to 'http://localhost:50831/session/4ca6be43f9c799685340efbe150b33d5/screenshot'
15:17:20.184 [Forwarding screenshot on session 4ca6be43f9c799685340efbe150b33d5 to remote] DEBUG org.asynchttpclient.netty.request.NettyRequestSender - Using open Channel [id: 0xefae4d83, L:/127.0.0.1:50994 - R:localhost/127.0.0.1:50831] for GET '/session/4ca6be43f9c799685340efbe150b33d5/screenshot'
15:17:20.514 [AsyncHttpClient-1-3] DEBUG org.asynchttpclient.netty.handler.HttpHandler - 

Request DefaultFullHttpRequest(decodeResult: success, version: HTTP/1.1, content: EmptyByteBufBE)
GET /session/4ca6be43f9c799685340efbe150b33d5/screenshot HTTP/1.1
User-Agent: selenium/4.1.2 (java windows)
Cache-Control: no-cache
Content-Type: application/json; charset=utf-8
host: localhost:50831
accept: */*

Response DefaultHttpResponse(decodeResult: success, version: HTTP/1.1)
HTTP/1.1 200 OK
Content-Type: application/json; charset=utf-8
cache-control: no-cache
content-length: 1022316

15:17:20.516 [AsyncHttpClient-1-3] DEBUG org.asynchttpclient.netty.channel.ChannelManager - Adding key: http://localhost:50831 for channel [id: 0xefae4d83, L:/127.0.0.1:50994 - R:localhost/127.0.0.1:50831]
15:17:20.554 [main] DEBUG net.serenitybdd.core.photography.Darkroom - Send negative for processing for target\site\serenity\b0ddf3608b8f51a6a3adc36e4acd901b7a2c5b7adc6fd42a924a7c7a6358c0ea.png
15:17:20.570 [Forwarding findElement on session 4ca6be43f9c799685340efbe150b33d5 to remote] DEBUG org.asynchttpclient.netty.request.NettyRequestSender - Using pooled Channel '[id: 0xefae4d83, L:/127.0.0.1:50994 - R:localhost/127.0.0.1:50831]' for 'POST' to 'http://localhost:50831/session/4ca6be43f9c799685340efbe150b33d5/element'
15:17:20.570 [Forwarding findElement on session 4ca6be43f9c799685340efbe150b33d5 to remote] DEBUG org.asynchttpclient.netty.request.NettyRequestSender - Using open Channel [id: 0xefae4d83, L:/127.0.0.1:50994 - R:localhost/127.0.0.1:50831] for POST '/session/4ca6be43f9c799685340efbe150b33d5/element'
15:17:20.588 [AsyncHttpClient-1-3] DEBUG org.asynchttpclient.netty.handler.HttpHandler - 

Request DefaultHttpRequest(decodeResult: success, version: HTTP/1.1)
POST /session/4ca6be43f9c799685340efbe150b33d5/element HTTP/1.1
User-Agent: selenium/4.1.2 (java windows)
Content-Length: 81
Content-Type: application/json; charset=utf-8
host: localhost:50831
accept: */*

Response DefaultHttpResponse(decodeResult: success, version: HTTP/1.1)
HTTP/1.1 200 OK
Content-Type: application/json; charset=utf-8
cache-control: no-cache
content-length: 88

15:17:20.588 [AsyncHttpClient-1-3] DEBUG org.asynchttpclient.netty.channel.ChannelManager - Adding key: http://localhost:50831 for channel [id: 0xefae4d83, L:/127.0.0.1:50994 - R:localhost/127.0.0.1:50831]
15:17:20.590 [Forwarding getElementTagName on session 4ca6be43f9c799685340efbe150b33d5 to remote] DEBUG org.asynchttpclient.netty.request.NettyRequestSender - Using pooled Channel '[id: 0xefae4d83, L:/127.0.0.1:50994 - R:localhost/127.0.0.1:50831]' for 'GET' to 'http://localhost:50831/session/4ca6be43f9c799685340efbe150b33d5/element/78ffdb72-433d-470e-ad64-b01fcaecdc18/name'
15:17:20.591 [Forwarding getElementTagName on session 4ca6be43f9c799685340efbe150b33d5 to remote] DEBUG org.asynchttpclient.netty.request.NettyRequestSender - Using open Channel [id: 0xefae4d83, L:/127.0.0.1:50994 - R:localhost/127.0.0.1:50831] for GET '/session/4ca6be43f9c799685340efbe150b33d5/element/78ffdb72-433d-470e-ad64-b01fcaecdc18/name'
15:17:20.594 [AsyncHttpClient-1-3] DEBUG org.asynchttpclient.netty.handler.HttpHandler - 

Request DefaultFullHttpRequest(decodeResult: success, version: HTTP/1.1, content: EmptyByteBufBE)
GET /session/4ca6be43f9c799685340efbe150b33d5/element/78ffdb72-433d-470e-ad64-b01fcaecdc18/name HTTP/1.1
User-Agent: selenium/4.1.2 (java windows)
Cache-Control: no-cache
Content-Type: application/json; charset=utf-8
host: localhost:50831
accept: */*

Response DefaultHttpResponse(decodeResult: success, version: HTTP/1.1)
HTTP/1.1 200 OK
Content-Type: application/json; charset=utf-8
cache-control: no-cache
content-length: 16

15:17:20.594 [AsyncHttpClient-1-3] DEBUG org.asynchttpclient.netty.channel.ChannelManager - Adding key: http://localhost:50831 for channel [id: 0xefae4d83, L:/127.0.0.1:50994 - R:localhost/127.0.0.1:50831]
15:17:20.596 [Forwarding getElementTagName on session 4ca6be43f9c799685340efbe150b33d5 to remote] DEBUG org.asynchttpclient.netty.request.NettyRequestSender - Using pooled Channel '[id: 0xefae4d83, L:/127.0.0.1:50994 - R:localhost/127.0.0.1:50831]' for 'GET' to 'http://localhost:50831/session/4ca6be43f9c799685340efbe150b33d5/element/78ffdb72-433d-470e-ad64-b01fcaecdc18/name'
15:17:20.596 [Forwarding getElementTagName on session 4ca6be43f9c799685340efbe150b33d5 to remote] DEBUG org.asynchttpclient.netty.request.NettyRequestSender - Using open Channel [id: 0xefae4d83, L:/127.0.0.1:50994 - R:localhost/127.0.0.1:50831] for GET '/session/4ca6be43f9c799685340efbe150b33d5/element/78ffdb72-433d-470e-ad64-b01fcaecdc18/name'
15:17:20.598 [AsyncHttpClient-1-3] DEBUG org.asynchttpclient.netty.handler.HttpHandler - 

Request DefaultFullHttpRequest(decodeResult: success, version: HTTP/1.1, content: EmptyByteBufBE)
GET /session/4ca6be43f9c799685340efbe150b33d5/element/78ffdb72-433d-470e-ad64-b01fcaecdc18/name HTTP/1.1
User-Agent: selenium/4.1.2 (java windows)
Cache-Control: no-cache
Content-Type: application/json; charset=utf-8
host: localhost:50831
accept: */*

Response DefaultHttpResponse(decodeResult: success, version: HTTP/1.1)
HTTP/1.1 200 OK
Content-Type: application/json; charset=utf-8
cache-control: no-cache
content-length: 16

15:17:20.598 [AsyncHttpClient-1-3] DEBUG org.asynchttpclient.netty.channel.ChannelManager - Adding key: http://localhost:50831 for channel [id: 0xefae4d83, L:/127.0.0.1:50994 - R:localhost/127.0.0.1:50831]
15:17:20.600 [Forwarding findElement on session 4ca6be43f9c799685340efbe150b33d5 to remote] DEBUG org.asynchttpclient.netty.request.NettyRequestSender - Using pooled Channel '[id: 0xefae4d83, L:/127.0.0.1:50994 - R:localhost/127.0.0.1:50831]' for 'POST' to 'http://localhost:50831/session/4ca6be43f9c799685340efbe150b33d5/element'
15:17:20.600 [Forwarding findElement on session 4ca6be43f9c799685340efbe150b33d5 to remote] DEBUG org.asynchttpclient.netty.request.NettyRequestSender - Using open Channel [id: 0xefae4d83, L:/127.0.0.1:50994 - R:localhost/127.0.0.1:50831] for POST '/session/4ca6be43f9c799685340efbe150b33d5/element'
15:17:20.606 [AsyncHttpClient-1-3] DEBUG org.asynchttpclient.netty.handler.HttpHandler - 

Request DefaultHttpRequest(decodeResult: success, version: HTTP/1.1)
POST /session/4ca6be43f9c799685340efbe150b33d5/element HTTP/1.1
User-Agent: selenium/4.1.2 (java windows)
Content-Length: 81
Content-Type: application/json; charset=utf-8
host: localhost:50831
accept: */*

Response DefaultHttpResponse(decodeResult: success, version: HTTP/1.1)
HTTP/1.1 200 OK
Content-Type: application/json; charset=utf-8
cache-control: no-cache
content-length: 88

15:17:20.606 [AsyncHttpClient-1-3] DEBUG org.asynchttpclient.netty.channel.ChannelManager - Adding key: http://localhost:50831 for channel [id: 0xefae4d83, L:/127.0.0.1:50994 - R:localhost/127.0.0.1:50831]
15:17:20.607 [Forwarding clickElement on session 4ca6be43f9c799685340efbe150b33d5 to remote] DEBUG org.asynchttpclient.netty.request.NettyRequestSender - Using pooled Channel '[id: 0xefae4d83, L:/127.0.0.1:50994 - R:localhost/127.0.0.1:50831]' for 'POST' to 'http://localhost:50831/session/4ca6be43f9c799685340efbe150b33d5/element/78ffdb72-433d-470e-ad64-b01fcaecdc18/click'
15:17:20.607 [Forwarding clickElement on session 4ca6be43f9c799685340efbe150b33d5 to remote] DEBUG org.asynchttpclient.netty.request.NettyRequestSender - Using open Channel [id: 0xefae4d83, L:/127.0.0.1:50994 - R:localhost/127.0.0.1:50831] for POST '/session/4ca6be43f9c799685340efbe150b33d5/element/78ffdb72-433d-470e-ad64-b01fcaecdc18/click'
15:17:20.608 [AsyncHttpClient-1-1] DEBUG org.asynchttpclient.netty.channel.DefaultChannelPool - Entry count for : http://localhost:50995 : 1
15:17:21.165 [AsyncHttpClient-1-3] DEBUG org.asynchttpclient.netty.handler.HttpHandler - 

Request DefaultHttpRequest(decodeResult: success, version: HTTP/1.1)
POST /session/4ca6be43f9c799685340efbe150b33d5/element/78ffdb72-433d-470e-ad64-b01fcaecdc18/click HTTP/1.1
User-Agent: selenium/4.1.2 (java windows)
Content-Length: 50
Content-Type: application/json; charset=utf-8
host: localhost:50831
accept: */*

Response DefaultHttpResponse(decodeResult: success, version: HTTP/1.1)
HTTP/1.1 200 OK
Content-Type: application/json; charset=utf-8
cache-control: no-cache
content-length: 14

15:17:21.165 [AsyncHttpClient-1-3] DEBUG org.asynchttpclient.netty.channel.ChannelManager - Adding key: http://localhost:50831 for channel [id: 0xefae4d83, L:/127.0.0.1:50994 - R:localhost/127.0.0.1:50831]
  &amp#27;[32mThen &amp#27;[0m&amp#27;[32mI click baby on the header&amp#27;[0m &amp#27;[90m# starter.stepdefinitions.BabyStep.iClickBabyOnTheHeader()&amp#27;[0m
15:17:21.179 [Forwarding screenshot on session 4ca6be43f9c799685340efbe150b33d5 to remote] DEBUG org.asynchttpclient.netty.request.NettyRequestSender - Using pooled Channel '[id: 0xefae4d83, L:/127.0.0.1:50994 - R:localhost/127.0.0.1:50831]' for 'GET' to 'http://localhost:50831/session/4ca6be43f9c799685340efbe150b33d5/screenshot'
15:17:21.179 [Forwarding screenshot on session 4ca6be43f9c799685340efbe150b33d5 to remote] DEBUG org.asynchttpclient.netty.request.NettyRequestSender - Using open Channel [id: 0xefae4d83, L:/127.0.0.1:50994 - R:localhost/127.0.0.1:50831] for GET '/session/4ca6be43f9c799685340efbe150b33d5/screenshot'
15:17:21.705 [AsyncHttpClient-1-1] DEBUG org.asynchttpclient.netty.channel.DefaultChannelPool - Entry count for : http://localhost:50995 : 1
15:17:22.054 [AsyncHttpClient-1-3] DEBUG org.asynchttpclient.netty.handler.HttpHandler - 

Request DefaultFullHttpRequest(decodeResult: success, version: HTTP/1.1, content: EmptyByteBufBE)
GET /session/4ca6be43f9c799685340efbe150b33d5/screenshot HTTP/1.1
User-Agent: selenium/4.1.2 (java windows)
Cache-Control: no-cache
Content-Type: application/json; charset=utf-8
host: localhost:50831
accept: */*

Response DefaultHttpResponse(decodeResult: success, version: HTTP/1.1)
HTTP/1.1 200 OK
Content-Type: application/json; charset=utf-8
cache-control: no-cache
content-length: 100440

15:17:22.054 [AsyncHttpClient-1-3] DEBUG org.asynchttpclient.netty.channel.ChannelManager - Adding key: http://localhost:50831 for channel [id: 0xefae4d83, L:/127.0.0.1:50994 - R:localhost/127.0.0.1:50831]
15:17:22.059 [main] DEBUG net.serenitybdd.core.photography.Darkroom - Send negative for processing for target\site\serenity\9c4c67729e9fae841abd8bb1491f9018e2c11196cc016ce632488208302884b1.png
15:17:22.059 [Darkroom Processing Line] DEBUG net.serenitybdd.core.photography.DarkroomProcessingLine - Processing screenshot image in /var/screenshots/screenshot-16191816974815919769
15:17:22.059 [Darkroom Processing Line] DEBUG net.serenitybdd.core.photography.DarkroomProcessingLine - Saving screenshot to target\site\serenity\9c4c67729e9fae841abd8bb1491f9018e2c11196cc016ce632488208302884b1.png
15:17:22.071 [Forwarding findElement on session 4ca6be43f9c799685340efbe150b33d5 to remote] DEBUG org.asynchttpclient.netty.request.NettyRequestSender - Using pooled Channel '[id: 0xefae4d83, L:/127.0.0.1:50994 - R:localhost/127.0.0.1:50831]' for 'POST' to 'http://localhost:50831/session/4ca6be43f9c799685340efbe150b33d5/element'
15:17:22.071 [Forwarding findElement on session 4ca6be43f9c799685340efbe150b33d5 to remote] DEBUG org.asynchttpclient.netty.request.NettyRequestSender - Using open Channel [id: 0xefae4d83, L:/127.0.0.1:50994 - R:localhost/127.0.0.1:50831] for POST '/session/4ca6be43f9c799685340efbe150b33d5/element'
15:17:22.110 [AsyncHttpClient-1-3] DEBUG org.asynchttpclient.netty.handler.HttpHandler - 

Request DefaultHttpRequest(decodeResult: success, version: HTTP/1.1)
POST /session/4ca6be43f9c799685340efbe150b33d5/element HTTP/1.1
User-Agent: selenium/4.1.2 (java windows)
Content-Length: 104
Content-Type: application/json; charset=utf-8
host: localhost:50831
accept: */*

Response DefaultHttpResponse(decodeResult: success, version: HTTP/1.1)
HTTP/1.1 200 OK
Content-Type: application/json; charset=utf-8
cache-control: no-cache
content-length: 88

15:17:22.110 [AsyncHttpClient-1-3] DEBUG org.asynchttpclient.netty.channel.ChannelManager - Adding key: http://localhost:50831 for channel [id: 0xefae4d83, L:/127.0.0.1:50994 - R:localhost/127.0.0.1:50831]
15:17:22.112 [Forwarding getElementTagName on session 4ca6be43f9c799685340efbe150b33d5 to remote] DEBUG org.asynchttpclient.netty.request.NettyRequestSender - Using pooled Channel '[id: 0xefae4d83, L:/127.0.0.1:50994 - R:localhost/127.0.0.1:50831]' for 'GET' to 'http://localhost:50831/session/4ca6be43f9c799685340efbe150b33d5/element/0c9c518d-19e6-4537-bd07-71b114c0389d/name'
15:17:22.112 [Forwarding getElementTagName on session 4ca6be43f9c799685340efbe150b33d5 to remote] DEBUG org.asynchttpclient.netty.request.NettyRequestSender - Using open Channel [id: 0xefae4d83, L:/127.0.0.1:50994 - R:localhost/127.0.0.1:50831] for GET '/session/4ca6be43f9c799685340efbe150b33d5/element/0c9c518d-19e6-4537-bd07-71b114c0389d/name'
15:17:22.117 [AsyncHttpClient-1-3] DEBUG org.asynchttpclient.netty.handler.HttpHandler - 

Request DefaultFullHttpRequest(decodeResult: success, version: HTTP/1.1, content: EmptyByteBufBE)
GET /session/4ca6be43f9c799685340efbe150b33d5/element/0c9c518d-19e6-4537-bd07-71b114c0389d/name HTTP/1.1
User-Agent: selenium/4.1.2 (java windows)
Cache-Control: no-cache
Content-Type: application/json; charset=utf-8
host: localhost:50831
accept: */*

Response DefaultHttpResponse(decodeResult: success, version: HTTP/1.1)
HTTP/1.1 200 OK
Content-Type: application/json; charset=utf-8
cache-control: no-cache
content-length: 16

15:17:22.117 [AsyncHttpClient-1-3] DEBUG org.asynchttpclient.netty.channel.ChannelManager - Adding key: http://localhost:50831 for channel [id: 0xefae4d83, L:/127.0.0.1:50994 - R:localhost/127.0.0.1:50831]
15:17:22.118 [Forwarding getElementTagName on session 4ca6be43f9c799685340efbe150b33d5 to remote] DEBUG org.asynchttpclient.netty.request.NettyRequestSender - Using pooled Channel '[id: 0xefae4d83, L:/127.0.0.1:50994 - R:localhost/127.0.0.1:50831]' for 'GET' to 'http://localhost:50831/session/4ca6be43f9c799685340efbe150b33d5/element/0c9c518d-19e6-4537-bd07-71b114c0389d/name'
15:17:22.118 [Forwarding getElementTagName on session 4ca6be43f9c799685340efbe150b33d5 to remote] DEBUG org.asynchttpclient.netty.request.NettyRequestSender - Using open Channel [id: 0xefae4d83, L:/127.0.0.1:50994 - R:localhost/127.0.0.1:50831] for GET '/session/4ca6be43f9c799685340efbe150b33d5/element/0c9c518d-19e6-4537-bd07-71b114c0389d/name'
15:17:22.122 [AsyncHttpClient-1-3] DEBUG org.asynchttpclient.netty.handler.HttpHandler - 

Request DefaultFullHttpRequest(decodeResult: success, version: HTTP/1.1, content: EmptyByteBufBE)
GET /session/4ca6be43f9c799685340efbe150b33d5/element/0c9c518d-19e6-4537-bd07-71b114c0389d/name HTTP/1.1
User-Agent: selenium/4.1.2 (java windows)
Cache-Control: no-cache
Content-Type: application/json; charset=utf-8
host: localhost:50831
accept: */*

Response DefaultHttpResponse(decodeResult: success, version: HTTP/1.1)
HTTP/1.1 200 OK
Content-Type: application/json; charset=utf-8
cache-control: no-cache
content-length: 16

15:17:22.122 [AsyncHttpClient-1-3] DEBUG org.asynchttpclient.netty.channel.ChannelManager - Adding key: http://localhost:50831 for channel [id: 0xefae4d83, L:/127.0.0.1:50994 - R:localhost/127.0.0.1:50831]
15:17:22.124 [Forwarding findElement on session 4ca6be43f9c799685340efbe150b33d5 to remote] DEBUG org.asynchttpclient.netty.request.NettyRequestSender - Using pooled Channel '[id: 0xefae4d83, L:/127.0.0.1:50994 - R:localhost/127.0.0.1:50831]' for 'POST' to 'http://localhost:50831/session/4ca6be43f9c799685340efbe150b33d5/element'
15:17:22.125 [Forwarding findElement on session 4ca6be43f9c799685340efbe150b33d5 to remote] DEBUG org.asynchttpclient.netty.request.NettyRequestSender - Using open Channel [id: 0xefae4d83, L:/127.0.0.1:50994 - R:localhost/127.0.0.1:50831] for POST '/session/4ca6be43f9c799685340efbe150b33d5/element'
15:17:22.167 [AsyncHttpClient-1-3] DEBUG org.asynchttpclient.netty.handler.HttpHandler - 

Request DefaultHttpRequest(decodeResult: success, version: HTTP/1.1)
POST /session/4ca6be43f9c799685340efbe150b33d5/element HTTP/1.1
User-Agent: selenium/4.1.2 (java windows)
Content-Length: 104
Content-Type: application/json; charset=utf-8
host: localhost:50831
accept: */*

Response DefaultHttpResponse(decodeResult: success, version: HTTP/1.1)
HTTP/1.1 200 OK
Content-Type: application/json; charset=utf-8
cache-control: no-cache
content-length: 88

15:17:22.167 [AsyncHttpClient-1-3] DEBUG org.asynchttpclient.netty.channel.ChannelManager - Adding key: http://localhost:50831 for channel [id: 0xefae4d83, L:/127.0.0.1:50994 - R:localhost/127.0.0.1:50831]
15:17:22.169 [Forwarding clickElement on session 4ca6be43f9c799685340efbe150b33d5 to remote] DEBUG org.asynchttpclient.netty.request.NettyRequestSender - Using pooled Channel '[id: 0xefae4d83, L:/127.0.0.1:50994 - R:localhost/127.0.0.1:50831]' for 'POST' to 'http://localhost:50831/session/4ca6be43f9c799685340efbe150b33d5/element/0c9c518d-19e6-4537-bd07-71b114c0389d/click'
15:17:22.169 [Forwarding clickElement on session 4ca6be43f9c799685340efbe150b33d5 to remote] DEBUG org.asynchttpclient.netty.request.NettyRequestSender - Using open Channel [id: 0xefae4d83, L:/127.0.0.1:50994 - R:localhost/127.0.0.1:50831] for POST '/session/4ca6be43f9c799685340efbe150b33d5/element/0c9c518d-19e6-4537-bd07-71b114c0389d/click'
15:17:22.466 [AsyncHttpClient-1-3] DEBUG org.asynchttpclient.netty.handler.HttpHandler - 

Request DefaultHttpRequest(decodeResult: success, version: HTTP/1.1)
POST /session/4ca6be43f9c799685340efbe150b33d5/element/0c9c518d-19e6-4537-bd07-71b114c0389d/click HTTP/1.1
User-Agent: selenium/4.1.2 (java windows)
Content-Length: 50
Content-Type: application/json; charset=utf-8
host: localhost:50831
accept: */*

Response DefaultHttpResponse(decodeResult: success, version: HTTP/1.1)
HTTP/1.1 200 OK
Content-Type: application/json; charset=utf-8
cache-control: no-cache
content-length: 14

15:17:22.466 [AsyncHttpClient-1-3] DEBUG org.asynchttpclient.netty.channel.ChannelManager - Adding key: http://localhost:50831 for channel [id: 0xefae4d83, L:/127.0.0.1:50994 - R:localhost/127.0.0.1:50831]
  &amp#27;[32mWhen &amp#27;[0m&amp#27;[32mI will go to &amp#27;[0m&amp#27;[32m&amp#27;[1m"Airism1"&amp#27;[0m     &amp#27;[90m# starter.stepdefinitions.BabyStep.iWillGoTo(java.lang.String)&amp#27;[0m
15:17:22.475 [Forwarding screenshot on session 4ca6be43f9c799685340efbe150b33d5 to remote] DEBUG org.asynchttpclient.netty.request.NettyRequestSender - Using pooled Channel '[id: 0xefae4d83, L:/127.0.0.1:50994 - R:localhost/127.0.0.1:50831]' for 'GET' to 'http://localhost:50831/session/4ca6be43f9c799685340efbe150b33d5/screenshot'
15:17:22.475 [Forwarding screenshot on session 4ca6be43f9c799685340efbe150b33d5 to remote] DEBUG org.asynchttpclient.netty.request.NettyRequestSender - Using open Channel [id: 0xefae4d83, L:/127.0.0.1:50994 - R:localhost/127.0.0.1:50831] for GET '/session/4ca6be43f9c799685340efbe150b33d5/screenshot'
15:17:22.809 [AsyncHttpClient-1-1] DEBUG org.asynchttpclient.netty.channel.DefaultChannelPool - Entry count for : http://localhost:50995 : 1
15:17:22.888 [AsyncHttpClient-1-3] DEBUG org.asynchttpclient.netty.handler.HttpHandler - 

Request DefaultFullHttpRequest(decodeResult: success, version: HTTP/1.1, content: EmptyByteBufBE)
GET /session/4ca6be43f9c799685340efbe150b33d5/screenshot HTTP/1.1
User-Agent: selenium/4.1.2 (java windows)
Cache-Control: no-cache
Content-Type: application/json; charset=utf-8
host: localhost:50831
accept: */*

Response DefaultHttpResponse(decodeResult: success, version: HTTP/1.1)
HTTP/1.1 200 OK
Content-Type: application/json; charset=utf-8
cache-control: no-cache
content-length: 57092

15:17:22.888 [AsyncHttpClient-1-3] DEBUG org.asynchttpclient.netty.channel.ChannelManager - Adding key: http://localhost:50831 for channel [id: 0xefae4d83, L:/127.0.0.1:50994 - R:localhost/127.0.0.1:50831]
15:17:22.892 [main] DEBUG net.serenitybdd.core.photography.Darkroom - Send negative for processing for target\site\serenity\da0f8e903e8171d9abed6ba9d39bb8d305a06a5db26322032299b5b51be11311.png
15:17:22.893 [Darkroom Processing Line] DEBUG net.serenitybdd.core.photography.DarkroomProcessingLine - Processing screenshot image in /var/screenshots/screenshot-17362767699577980763
15:17:22.893 [Darkroom Processing Line] DEBUG net.serenitybdd.core.photography.DarkroomProcessingLine - Saving screenshot to target\site\serenity\da0f8e903e8171d9abed6ba9d39bb8d305a06a5db26322032299b5b51be11311.png
15:17:22.912 [Forwarding findElement on session 4ca6be43f9c799685340efbe150b33d5 to remote] DEBUG org.asynchttpclient.netty.request.NettyRequestSender - Using pooled Channel '[id: 0xefae4d83, L:/127.0.0.1:50994 - R:localhost/127.0.0.1:50831]' for 'POST' to 'http://localhost:50831/session/4ca6be43f9c799685340efbe150b33d5/element'
15:17:22.912 [Forwarding findElement on session 4ca6be43f9c799685340efbe150b33d5 to remote] DEBUG org.asynchttpclient.netty.request.NettyRequestSender - Using open Channel [id: 0xefae4d83, L:/127.0.0.1:50994 - R:localhost/127.0.0.1:50831] for POST '/session/4ca6be43f9c799685340efbe150b33d5/element'
15:17:22.927 [AsyncHttpClient-1-3] DEBUG org.asynchttpclient.netty.handler.HttpHandler - 

Request DefaultHttpRequest(decodeResult: success, version: HTTP/1.1)
POST /session/4ca6be43f9c799685340efbe150b33d5/element HTTP/1.1
User-Agent: selenium/4.1.2 (java windows)
Content-Length: 91
Content-Type: application/json; charset=utf-8
host: localhost:50831
accept: */*

Response DefaultHttpResponse(decodeResult: success, version: HTTP/1.1)
HTTP/1.1 200 OK
Content-Type: application/json; charset=utf-8
cache-control: no-cache
content-length: 88

15:17:22.927 [AsyncHttpClient-1-3] DEBUG org.asynchttpclient.netty.channel.ChannelManager - Adding key: http://localhost:50831 for channel [id: 0xefae4d83, L:/127.0.0.1:50994 - R:localhost/127.0.0.1:50831]
15:17:22.933 [Forwarding isElementDisplayed on session 4ca6be43f9c799685340efbe150b33d5 to remote] DEBUG org.asynchttpclient.netty.request.NettyRequestSender - Using pooled Channel '[id: 0xefae4d83, L:/127.0.0.1:50994 - R:localhost/127.0.0.1:50831]' for 'POST' to 'http://localhost:50831/session/4ca6be43f9c799685340efbe150b33d5/execute/sync'
15:17:22.933 [Forwarding isElementDisplayed on session 4ca6be43f9c799685340efbe150b33d5 to remote] DEBUG org.asynchttpclient.netty.request.NettyRequestSender - Using open Channel [id: 0xefae4d83, L:/127.0.0.1:50994 - R:localhost/127.0.0.1:50831] for POST '/session/4ca6be43f9c799685340efbe150b33d5/execute/sync'
15:17:22.990 [AsyncHttpClient-1-3] DEBUG org.asynchttpclient.netty.handler.HttpHandler - 

Request DefaultHttpRequest(decodeResult: success, version: HTTP/1.1)
POST /session/4ca6be43f9c799685340efbe150b33d5/execute/sync HTTP/1.1
User-Agent: selenium/4.1.2 (java windows)
Content-Length: 48780
Content-Type: application/json; charset=utf-8
host: localhost:50831
accept: */*

Response DefaultHttpResponse(decodeResult: success, version: HTTP/1.1)
HTTP/1.1 200 OK
Content-Type: application/json; charset=utf-8
cache-control: no-cache
content-length: 14

15:17:22.990 [AsyncHttpClient-1-3] DEBUG org.asynchttpclient.netty.channel.ChannelManager - Adding key: http://localhost:50831 for channel [id: 0xefae4d83, L:/127.0.0.1:50994 - R:localhost/127.0.0.1:50831]
  &amp#27;[32mAnd &amp#27;[0m&amp#27;[32mI &amp#27;[0m&amp#27;[32m&amp#27;[1m"txtAirism1"&amp#27;[0m&amp#27;[32m page&amp#27;[0m         &amp#27;[90m# starter.stepdefinitions.BabyStep.iPage(java.lang.String)&amp#27;[0m
15:17:22.995 [Forwarding screenshot on session 4ca6be43f9c799685340efbe150b33d5 to remote] DEBUG org.asynchttpclient.netty.request.NettyRequestSender - Using pooled Channel '[id: 0xefae4d83, L:/127.0.0.1:50994 - R:localhost/127.0.0.1:50831]' for 'GET' to 'http://localhost:50831/session/4ca6be43f9c799685340efbe150b33d5/screenshot'
15:17:22.995 [Forwarding screenshot on session 4ca6be43f9c799685340efbe150b33d5 to remote] DEBUG org.asynchttpclient.netty.request.NettyRequestSender - Using open Channel [id: 0xefae4d83, L:/127.0.0.1:50994 - R:localhost/127.0.0.1:50831] for GET '/session/4ca6be43f9c799685340efbe150b33d5/screenshot'
15:17:23.085 [AsyncHttpClient-1-3] DEBUG org.asynchttpclient.netty.handler.HttpHandler - 

Request DefaultFullHttpRequest(decodeResult: success, version: HTTP/1.1, content: EmptyByteBufBE)
GET /session/4ca6be43f9c799685340efbe150b33d5/screenshot HTTP/1.1
User-Agent: selenium/4.1.2 (java windows)
Cache-Control: no-cache
Content-Type: application/json; charset=utf-8
host: localhost:50831
accept: */*

Response DefaultHttpResponse(decodeResult: success, version: HTTP/1.1)
HTTP/1.1 200 OK
Content-Type: application/json; charset=utf-8
cache-control: no-cache
content-length: 57036

15:17:23.085 [AsyncHttpClient-1-3] DEBUG org.asynchttpclient.netty.channel.ChannelManager - Adding key: http://localhost:50831 for channel [id: 0xefae4d83, L:/127.0.0.1:50994 - R:localhost/127.0.0.1:50831]
15:17:23.088 [main] DEBUG net.serenitybdd.core.photography.Darkroom - Send negative for processing for target\site\serenity\d47455df76003df61acec04d8a2c73d8be70888b4f384b8ecb0d5354405e5a6d.png
15:17:23.088 [Darkroom Processing Line] DEBUG net.serenitybdd.core.photography.DarkroomProcessingLine - Processing screenshot image in /var/screenshots/screenshot-5502365605291508616
15:17:23.088 [Darkroom Processing Line] DEBUG net.serenitybdd.core.photography.DarkroomProcessingLine - Saving screenshot to target\site\serenity\d47455df76003df61acec04d8a2c73d8be70888b4f384b8ecb0d5354405e5a6d.png
15:17:23.092 [AsyncHttpClient-1-5] DEBUG org.asynchttpclient.netty.handler.WebSocketHandler - Channel Closed: [id: 0x26397760, L:/127.0.0.1:51003 ! R:localhost/127.0.0.1:50995] with attribute NettyResponseFuture{currentRetry=5,
	isDone=1,
	isCancelled=0,
	asyncHandler=org.asynchttpclient.ws.WebSocketUpgradeHandler@4b6af7c8,
	nettyRequest=org.asynchttpclient.netty.request.NettyRequest@4321d47c,
	future=java.util.concurrent.CompletableFuture@3712e286[Completed normally],
	uri=ws://localhost:50995/devtools/browser/a253d729-adad-403f-80bb-c5d4c7349bd3,
	keepAlive=true,
	redirectCount=0,
	timeoutsHolder=null,
	inAuth=0,
	touch=1680855433635}
15:17:23.093 [AsyncHttpClient-1-5] DEBUG org.asynchttpclient.netty.channel.ChannelManager - Closing Channel [id: 0x26397760, L:/127.0.0.1:51003 ! R:localhost/127.0.0.1:50995] 
15:17:23.093 [Driver Command Executor] DEBUG org.asynchttpclient.netty.request.NettyRequestSender - Using pooled Channel '[id: 0xefae4d83, L:/127.0.0.1:50994 - R:localhost/127.0.0.1:50831]' for 'DELETE' to 'http://localhost:50831/session/4ca6be43f9c799685340efbe150b33d5'
15:17:23.093 [Driver Command Executor] DEBUG org.asynchttpclient.netty.request.NettyRequestSender - Using open Channel [id: 0xefae4d83, L:/127.0.0.1:50994 - R:localhost/127.0.0.1:50831] for DELETE '/session/4ca6be43f9c799685340efbe150b33d5'
15:17:23.132 [AsyncHttpClient-1-4] DEBUG org.asynchttpclient.netty.handler.HttpHandler - Unexpected I/O exception on channel [id: 0xeb892bed, L:/127.0.0.1:51002 - R:localhost/127.0.0.1:50995]
java.net.SocketException: Connection reset
	at java.base/sun.nio.ch.SocketChannelImpl.throwConnectionReset(SocketChannelImpl.java:345)
	at java.base/sun.nio.ch.SocketChannelImpl.read(SocketChannelImpl.java:376)
	at io.netty.buffer.PooledByteBuf.setBytes(PooledByteBuf.java:258)
	at io.netty.buffer.AbstractByteBuf.writeBytes(AbstractByteBuf.java:1132)
	at io.netty.channel.socket.nio.NioSocketChannel.doReadBytes(NioSocketChannel.java:350)
	at io.netty.channel.nio.AbstractNioByteChannel$NioByteUnsafe.read(AbstractNioByteChannel.java:151)
	at io.netty.channel.nio.NioEventLoop.processSelectedKey(NioEventLoop.java:722)
	at io.netty.channel.nio.NioEventLoop.processSelectedKeysOptimized(NioEventLoop.java:658)
	at io.netty.channel.nio.NioEventLoop.processSelectedKeys(NioEventLoop.java:584)
	at io.netty.channel.nio.NioEventLoop.run(NioEventLoop.java:496)
	at io.netty.util.concurrent.SingleThreadEventExecutor$4.run(SingleThreadEventExecutor.java:986)
	at io.netty.util.internal.ThreadExecutorMap$2.run(ThreadExecutorMap.java:74)
	at io.netty.util.concurrent.FastThreadLocalRunnable.run(FastThreadLocalRunnable.java:30)
	at java.base/java.lang.Thread.run(Thread.java:830)
15:17:23.132 [AsyncHttpClient-1-4] DEBUG org.asynchttpclient.netty.channel.ChannelManager - Closing Channel [id: 0xeb892bed, L:/127.0.0.1:51002 - R:localhost/127.0.0.1:50995] 
15:17:23.132 [AsyncHttpClient-1-4] DEBUG org.asynchttpclient.netty.handler.HttpHandler - Channel Closed: [id: 0xeb892bed, L:/127.0.0.1:51002 ! R:localhost/127.0.0.1:50995] with attribute DISCARD
15:17:23.171 [AsyncHttpClient-1-3] DEBUG org.asynchttpclient.netty.handler.HttpHandler - 

Request DefaultFullHttpRequest(decodeResult: success, version: HTTP/1.1, content: EmptyByteBufBE)
DELETE /session/4ca6be43f9c799685340efbe150b33d5 HTTP/1.1
User-Agent: selenium/4.1.2 (java windows)
Content-Type: application/json; charset=utf-8
host: localhost:50831
accept: */*

Response DefaultHttpResponse(decodeResult: success, version: HTTP/1.1)
HTTP/1.1 200 OK
Content-Type: application/json; charset=utf-8
cache-control: no-cache
content-length: 14

15:17:23.172 [AsyncHttpClient-1-3] DEBUG org.asynchttpclient.netty.channel.ChannelManager - Adding key: http://localhost:50831 for channel [id: 0xefae4d83, L:/127.0.0.1:50994 - R:localhost/127.0.0.1:50831]
15:17:23.344 [AsyncHttpClient-1-3] DEBUG org.asynchttpclient.netty.handler.HttpHandler - Channel Closed: [id: 0xefae4d83, L:/127.0.0.1:50994 ! R:localhost/127.0.0.1:50831] with attribute DISCARD
15:17:23.908 [AsyncHttpClient-1-1] DEBUG org.asynchttpclient.netty.channel.DefaultChannelPool - Entry count for : http://localhost:50995 : 1
15:17:23.908 [AsyncHttpClient-1-1] DEBUG org.asynchttpclient.netty.channel.DefaultChannelPool - Entry count for : http://localhost:50831 : 1
15:17:23.908 [AsyncHttpClient-1-1] DEBUG org.asynchttpclient.netty.channel.DefaultChannelPool - Adding Candidate expired Channel [id: 0xeb892bed, L:/127.0.0.1:51002 ! R:localhost/127.0.0.1:50995] isIdleTimeoutExpired=false isRemotelyClosed=true isTtlExpired=false
15:17:23.908 [AsyncHttpClient-1-1] DEBUG org.asynchttpclient.netty.channel.DefaultChannelPool - Closing Idle Channel [id: 0xeb892bed, L:/127.0.0.1:51002 ! R:localhost/127.0.0.1:50995]
15:17:23.908 [AsyncHttpClient-1-1] DEBUG org.asynchttpclient.netty.channel.DefaultChannelPool - Adding Candidate expired Channel [id: 0xefae4d83, L:/127.0.0.1:50994 ! R:localhost/127.0.0.1:50831] isIdleTimeoutExpired=false isRemotelyClosed=true isTtlExpired=false
15:17:23.908 [AsyncHttpClient-1-1] DEBUG org.asynchttpclient.netty.channel.DefaultChannelPool - Closing Idle Channel [id: 0xefae4d83, L:/127.0.0.1:50994 ! R:localhost/127.0.0.1:50831]
15:17:23.908 [AsyncHttpClient-1-1] DEBUG org.asynchttpclient.netty.channel.DefaultChannelPool - Closed 2 connections out of 2 in 0 ms
]]></system-out>
    <system-err><![CDATA[Starting Microsoft Edge WebDriver 111.0.1661.62 (0a8f453929e6410c973aa529a40485ce4e3e03db) on port 50831
To submit feedback, report a bug, or suggest new features, please visit https://github.com/MicrosoftEdge/EdgeWebDriver

Only local connections are allowed.
Please see https://aka.ms/WebDriverSecurity for suggestions on keeping Microsoft Edge WebDriver safe.

Microsoft Edge WebDriver was started successfully.
Apr 07, 2023 3:17:13 PM org.openqa.selenium.remote.ProtocolHandshake createSession
INFO: Detected dialect: W3C
Apr 07, 2023 3:17:13 PM org.openqa.selenium.devtools.CdpVersionFinder findNearestMatch
WARNING: Unable to find an exact match for CDP version 111, so returning the closest version found: a no-op implementation
Apr 07, 2023 3:17:13 PM org.openqa.selenium.devtools.CdpVersionFinder findNearestMatch
INFO: Unable to find CDP implementation matching 111.
Apr 07, 2023 3:17:13 PM org.openqa.selenium.chromium.ChromiumDriver lambda$new$3
WARNING: Unable to find version of CDP to use for . You may need to include a dependency on a specific version of the CDP using something similar to `org.seleniumhq.selenium:selenium-devtools-v86:4.1.2` where the version ("v86") matches the version of the chromium-based browser you're using and the version number of the artifact is the same as Selenium's.
]]></system-err>
  </testcase>
  <testcase name="Fitur Menu Baby #13" classname="Baby" time="13.713">
    <system-out><![CDATA[
Scenario Outline: Fitur Menu Baby &amp#27;[90m# src/test/resources/features/Baby.feature:105&amp#27;[0m
15:17:23.929 [main] INFO io.cucumber.core.plugin.SerenityReporter - Running feature from file:///C:/Users/alwi/IdeaProjects/uniqloweb/src/test/resources/features/Baby.feature
15:17:24.056 [main] DEBUG io.github.bonigarcia.wdm.cache.ResolutionCache - Resolution edge=111 in cache (valid until 16:02:35 07/04/2023 WIB)
15:17:24.059 [main] DEBUG io.github.bonigarcia.wdm.cache.ResolutionCache - Resolution edge111=111.0.1661.62 in cache (valid until 15:02:35 08/04/2023 WIB)
15:17:24.062 [main] INFO io.github.bonigarcia.wdm.WebDriverManager - Using msedgedriver 111.0.1661.62 (resolved driver for Edge 111)
15:17:24.075 [main] DEBUG io.github.bonigarcia.wdm.WebDriverManager - Driver msedgedriver 111.0.1661.62 found in cache
15:17:24.075 [main] INFO io.github.bonigarcia.wdm.WebDriverManager - Exporting webdriver.edge.driver as C:\Users\alwi\.cache\selenium\msedgedriver\win64\111.0.1661.62\msedgedriver.exe
15:17:24.077 [main] DEBUG net.serenitybdd.core.webdriver.driverproviders.ProvideNewDriver - Instantiating driver
15:17:24.077 [main] DEBUG net.serenitybdd.core.webdriver.driverproviders.ProvideNewDriver - Driver capabilities: Capabilities {base.url: https://www.uniqlo.com, chrome.driver: src/test/resources/webdrive..., driver: edge, ms:edgeChromium: true, ms:edgeOptions: {}, wait.for.timeout: 6000}
15:17:24.621 [AsyncHttpClient-1-6] DEBUG org.asynchttpclient.netty.channel.NettyConnectListener - Using new Channel '[id: 0xd9efad2f, L:/127.0.0.1:51145 - R:localhost/127.0.0.1:52292]' for 'POST' to '/session'
15:17:25.276 [AsyncHttpClient-1-6] DEBUG org.asynchttpclient.netty.handler.HttpHandler - 

Request DefaultHttpRequest(decodeResult: success, version: HTTP/1.1)
POST /session HTTP/1.1
User-Agent: selenium/4.1.2 (java windows)
Content-Length: 627
Content-Type: application/json; charset=utf-8
host: localhost:52292
accept: */*

Response DefaultHttpResponse(decodeResult: success, version: HTTP/1.1)
HTTP/1.1 200 OK
Content-Type: application/json; charset=utf-8
cache-control: no-cache
content-length: 824

15:17:25.276 [AsyncHttpClient-1-6] DEBUG org.asynchttpclient.netty.channel.ChannelManager - Adding key: http://localhost:52292 for channel [id: 0xd9efad2f, L:/127.0.0.1:51145 - R:localhost/127.0.0.1:52292]
15:17:25.284 [AsyncHttpClient-1-7] DEBUG org.asynchttpclient.netty.channel.NettyConnectListener - Using new Channel '[id: 0x3f0e961e, L:/127.0.0.1:51152 - R:localhost/127.0.0.1:51146]' for 'GET' to '/json/version'
15:17:25.286 [AsyncHttpClient-1-7] DEBUG org.asynchttpclient.netty.handler.HttpHandler - 

Request DefaultFullHttpRequest(decodeResult: success, version: HTTP/1.1, content: EmptyByteBufBE)
GET /json/version HTTP/1.1
User-Agent: selenium/4.1.2 (java windows)
host: localhost:51146
accept: */*

Response DefaultHttpResponse(decodeResult: success, version: HTTP/1.1)
HTTP/1.1 200 OK
Content-Security-Policy: frame-ancestors 'none'
Content-Type: application/json; charset=UTF-8
content-length: 436

15:17:25.286 [AsyncHttpClient-1-7] DEBUG org.asynchttpclient.netty.channel.ChannelManager - Adding key: http://localhost:51146 for channel [id: 0x3f0e961e, L:/127.0.0.1:51152 - R:localhost/127.0.0.1:51146]
15:17:25.289 [AsyncHttpClient-1-8] DEBUG org.asynchttpclient.netty.channel.NettyConnectListener - Using new Channel '[id: 0x00ceea21, L:/127.0.0.1:51153 - R:localhost/127.0.0.1:51146]' for 'GET' to '/devtools/browser/552659be-80e5-4c3e-b2db-da2acc2cde72'
15:17:25.290 [AsyncHttpClient-1-8] DEBUG org.asynchttpclient.netty.handler.WebSocketHandler - 

Request DefaultFullHttpRequest(decodeResult: success, version: HTTP/1.1, content: EmptyByteBufBE)
GET /devtools/browser/552659be-80e5-4c3e-b2db-da2acc2cde72 HTTP/1.1
upgrade: websocket
connection: upgrade
sec-websocket-key: 8+y8NaYCZavWOqz0Ubx/8Q==
sec-websocket-version: 13
origin: http://localhost:51146
host: localhost:51146
accept: */*
user-agent: AHC/2.1

Response DefaultHttpResponse(decodeResult: success, version: HTTP/1.1)
HTTP/1.1 101 WebSocket Protocol Handshake
Upgrade: WebSocket
Connection: Upgrade
Sec-WebSocket-Accept: HecVhDqtM/Vd78PYpHG7d0OpvU0=

15:17:25.294 [Forwarding get on session ff62aeb187ed052f63c94a96faf8a03c to remote] DEBUG org.asynchttpclient.netty.request.NettyRequestSender - Using pooled Channel '[id: 0xd9efad2f, L:/127.0.0.1:51145 - R:localhost/127.0.0.1:52292]' for 'POST' to 'http://localhost:52292/session/ff62aeb187ed052f63c94a96faf8a03c/url'
15:17:25.294 [Forwarding get on session ff62aeb187ed052f63c94a96faf8a03c to remote] DEBUG org.asynchttpclient.netty.request.NettyRequestSender - Using open Channel [id: 0xd9efad2f, L:/127.0.0.1:51145 - R:localhost/127.0.0.1:52292] for POST '/session/ff62aeb187ed052f63c94a96faf8a03c/url'
15:17:26.117 [AsyncHttpClient-1-1] DEBUG org.asynchttpclient.netty.channel.DefaultChannelPool - Entry count for : http://localhost:51146 : 1
15:17:27.205 [AsyncHttpClient-1-1] DEBUG org.asynchttpclient.netty.channel.DefaultChannelPool - Entry count for : http://localhost:51146 : 1
15:17:28.305 [AsyncHttpClient-1-1] DEBUG org.asynchttpclient.netty.channel.DefaultChannelPool - Entry count for : http://localhost:51146 : 1
15:17:29.413 [AsyncHttpClient-1-1] DEBUG org.asynchttpclient.netty.channel.DefaultChannelPool - Entry count for : http://localhost:51146 : 1
15:17:30.506 [AsyncHttpClient-1-1] DEBUG org.asynchttpclient.netty.channel.DefaultChannelPool - Entry count for : http://localhost:51146 : 1
15:17:31.611 [AsyncHttpClient-1-1] DEBUG org.asynchttpclient.netty.channel.DefaultChannelPool - Entry count for : http://localhost:51146 : 1
15:17:32.714 [AsyncHttpClient-1-1] DEBUG org.asynchttpclient.netty.channel.DefaultChannelPool - Entry count for : http://localhost:51146 : 1
15:17:33.589 [AsyncHttpClient-1-6] DEBUG org.asynchttpclient.netty.handler.HttpHandler - 

Request DefaultHttpRequest(decodeResult: success, version: HTTP/1.1)
POST /session/ff62aeb187ed052f63c94a96faf8a03c/url HTTP/1.1
User-Agent: selenium/4.1.2 (java windows)
Content-Length: 53
Content-Type: application/json; charset=utf-8
host: localhost:52292
accept: */*

Response DefaultHttpResponse(decodeResult: success, version: HTTP/1.1)
HTTP/1.1 200 OK
Content-Type: application/json; charset=utf-8
cache-control: no-cache
content-length: 14

15:17:33.589 [AsyncHttpClient-1-6] DEBUG org.asynchttpclient.netty.channel.ChannelManager - Adding key: http://localhost:52292 for channel [id: 0xd9efad2f, L:/127.0.0.1:51145 - R:localhost/127.0.0.1:52292]
15:17:33.591 [Forwarding setTimeout on session ff62aeb187ed052f63c94a96faf8a03c to remote] DEBUG org.asynchttpclient.netty.request.NettyRequestSender - Using pooled Channel '[id: 0xd9efad2f, L:/127.0.0.1:51145 - R:localhost/127.0.0.1:52292]' for 'POST' to 'http://localhost:52292/session/ff62aeb187ed052f63c94a96faf8a03c/timeouts'
15:17:33.591 [Forwarding setTimeout on session ff62aeb187ed052f63c94a96faf8a03c to remote] DEBUG org.asynchttpclient.netty.request.NettyRequestSender - Using open Channel [id: 0xd9efad2f, L:/127.0.0.1:51145 - R:localhost/127.0.0.1:52292] for POST '/session/ff62aeb187ed052f63c94a96faf8a03c/timeouts'
15:17:33.592 [AsyncHttpClient-1-6] DEBUG org.asynchttpclient.netty.handler.HttpHandler - 

Request DefaultHttpRequest(decodeResult: success, version: HTTP/1.1)
POST /session/ff62aeb187ed052f63c94a96faf8a03c/timeouts HTTP/1.1
User-Agent: selenium/4.1.2 (java windows)
Content-Length: 22
Content-Type: application/json; charset=utf-8
host: localhost:52292
accept: */*

Response DefaultHttpResponse(decodeResult: success, version: HTTP/1.1)
HTTP/1.1 200 OK
Content-Type: application/json; charset=utf-8
cache-control: no-cache
content-length: 14

15:17:33.592 [AsyncHttpClient-1-6] DEBUG org.asynchttpclient.netty.channel.ChannelManager - Adding key: http://localhost:52292 for channel [id: 0xd9efad2f, L:/127.0.0.1:51145 - R:localhost/127.0.0.1:52292]
15:17:33.595 [Forwarding getCurrentUrl on session ff62aeb187ed052f63c94a96faf8a03c to remote] DEBUG org.asynchttpclient.netty.request.NettyRequestSender - Using pooled Channel '[id: 0xd9efad2f, L:/127.0.0.1:51145 - R:localhost/127.0.0.1:52292]' for 'GET' to 'http://localhost:52292/session/ff62aeb187ed052f63c94a96faf8a03c/url'
15:17:33.595 [Forwarding getCurrentUrl on session ff62aeb187ed052f63c94a96faf8a03c to remote] DEBUG org.asynchttpclient.netty.request.NettyRequestSender - Using open Channel [id: 0xd9efad2f, L:/127.0.0.1:51145 - R:localhost/127.0.0.1:52292] for GET '/session/ff62aeb187ed052f63c94a96faf8a03c/url'
15:17:33.600 [AsyncHttpClient-1-6] DEBUG org.asynchttpclient.netty.handler.HttpHandler - 

Request DefaultFullHttpRequest(decodeResult: success, version: HTTP/1.1, content: EmptyByteBufBE)
GET /session/ff62aeb187ed052f63c94a96faf8a03c/url HTTP/1.1
User-Agent: selenium/4.1.2 (java windows)
Cache-Control: no-cache
Content-Type: application/json; charset=utf-8
host: localhost:52292
accept: */*

Response DefaultHttpResponse(decodeResult: success, version: HTTP/1.1)
HTTP/1.1 200 OK
Content-Type: application/json; charset=utf-8
cache-control: no-cache
content-length: 41

15:17:33.600 [AsyncHttpClient-1-6] DEBUG org.asynchttpclient.netty.channel.ChannelManager - Adding key: http://localhost:52292 for channel [id: 0xd9efad2f, L:/127.0.0.1:51145 - R:localhost/127.0.0.1:52292]
  &amp#27;[32mGiven &amp#27;[0m&amp#27;[32mI am on the home page&amp#27;[0m     &amp#27;[90m# starter.stepdefinitions.BabyStep.iAmOnTheHomePage()&amp#27;[0m
15:17:33.605 [Forwarding screenshot on session ff62aeb187ed052f63c94a96faf8a03c to remote] DEBUG org.asynchttpclient.netty.request.NettyRequestSender - Using pooled Channel '[id: 0xd9efad2f, L:/127.0.0.1:51145 - R:localhost/127.0.0.1:52292]' for 'GET' to 'http://localhost:52292/session/ff62aeb187ed052f63c94a96faf8a03c/screenshot'
15:17:33.605 [Forwarding screenshot on session ff62aeb187ed052f63c94a96faf8a03c to remote] DEBUG org.asynchttpclient.netty.request.NettyRequestSender - Using open Channel [id: 0xd9efad2f, L:/127.0.0.1:51145 - R:localhost/127.0.0.1:52292] for GET '/session/ff62aeb187ed052f63c94a96faf8a03c/screenshot'
15:17:33.805 [AsyncHttpClient-1-1] DEBUG org.asynchttpclient.netty.channel.DefaultChannelPool - Entry count for : http://localhost:51146 : 1
15:17:33.963 [AsyncHttpClient-1-6] DEBUG org.asynchttpclient.netty.handler.HttpHandler - 

Request DefaultFullHttpRequest(decodeResult: success, version: HTTP/1.1, content: EmptyByteBufBE)
GET /session/ff62aeb187ed052f63c94a96faf8a03c/screenshot HTTP/1.1
User-Agent: selenium/4.1.2 (java windows)
Cache-Control: no-cache
Content-Type: application/json; charset=utf-8
host: localhost:52292
accept: */*

Response DefaultHttpResponse(decodeResult: success, version: HTTP/1.1)
HTTP/1.1 200 OK
Content-Type: application/json; charset=utf-8
cache-control: no-cache
content-length: 1022316

15:17:33.966 [AsyncHttpClient-1-6] DEBUG org.asynchttpclient.netty.channel.ChannelManager - Adding key: http://localhost:52292 for channel [id: 0xd9efad2f, L:/127.0.0.1:51145 - R:localhost/127.0.0.1:52292]
15:17:34.006 [main] DEBUG net.serenitybdd.core.photography.Darkroom - Send negative for processing for target\site\serenity\b0ddf3608b8f51a6a3adc36e4acd901b7a2c5b7adc6fd42a924a7c7a6358c0ea.png
15:17:34.023 [Forwarding findElement on session ff62aeb187ed052f63c94a96faf8a03c to remote] DEBUG org.asynchttpclient.netty.request.NettyRequestSender - Using pooled Channel '[id: 0xd9efad2f, L:/127.0.0.1:51145 - R:localhost/127.0.0.1:52292]' for 'POST' to 'http://localhost:52292/session/ff62aeb187ed052f63c94a96faf8a03c/element'
15:17:34.023 [Forwarding findElement on session ff62aeb187ed052f63c94a96faf8a03c to remote] DEBUG org.asynchttpclient.netty.request.NettyRequestSender - Using open Channel [id: 0xd9efad2f, L:/127.0.0.1:51145 - R:localhost/127.0.0.1:52292] for POST '/session/ff62aeb187ed052f63c94a96faf8a03c/element'
15:17:34.041 [AsyncHttpClient-1-6] DEBUG org.asynchttpclient.netty.handler.HttpHandler - 

Request DefaultHttpRequest(decodeResult: success, version: HTTP/1.1)
POST /session/ff62aeb187ed052f63c94a96faf8a03c/element HTTP/1.1
User-Agent: selenium/4.1.2 (java windows)
Content-Length: 81
Content-Type: application/json; charset=utf-8
host: localhost:52292
accept: */*

Response DefaultHttpResponse(decodeResult: success, version: HTTP/1.1)
HTTP/1.1 200 OK
Content-Type: application/json; charset=utf-8
cache-control: no-cache
content-length: 88

15:17:34.041 [AsyncHttpClient-1-6] DEBUG org.asynchttpclient.netty.channel.ChannelManager - Adding key: http://localhost:52292 for channel [id: 0xd9efad2f, L:/127.0.0.1:51145 - R:localhost/127.0.0.1:52292]
15:17:34.042 [Forwarding getElementTagName on session ff62aeb187ed052f63c94a96faf8a03c to remote] DEBUG org.asynchttpclient.netty.request.NettyRequestSender - Using pooled Channel '[id: 0xd9efad2f, L:/127.0.0.1:51145 - R:localhost/127.0.0.1:52292]' for 'GET' to 'http://localhost:52292/session/ff62aeb187ed052f63c94a96faf8a03c/element/0a050594-94da-47c1-9897-b61688871eb9/name'
15:17:34.042 [Forwarding getElementTagName on session ff62aeb187ed052f63c94a96faf8a03c to remote] DEBUG org.asynchttpclient.netty.request.NettyRequestSender - Using open Channel [id: 0xd9efad2f, L:/127.0.0.1:51145 - R:localhost/127.0.0.1:52292] for GET '/session/ff62aeb187ed052f63c94a96faf8a03c/element/0a050594-94da-47c1-9897-b61688871eb9/name'
15:17:34.045 [AsyncHttpClient-1-6] DEBUG org.asynchttpclient.netty.handler.HttpHandler - 

Request DefaultFullHttpRequest(decodeResult: success, version: HTTP/1.1, content: EmptyByteBufBE)
GET /session/ff62aeb187ed052f63c94a96faf8a03c/element/0a050594-94da-47c1-9897-b61688871eb9/name HTTP/1.1
User-Agent: selenium/4.1.2 (java windows)
Cache-Control: no-cache
Content-Type: application/json; charset=utf-8
host: localhost:52292
accept: */*

Response DefaultHttpResponse(decodeResult: success, version: HTTP/1.1)
HTTP/1.1 200 OK
Content-Type: application/json; charset=utf-8
cache-control: no-cache
content-length: 16

15:17:34.045 [AsyncHttpClient-1-6] DEBUG org.asynchttpclient.netty.channel.ChannelManager - Adding key: http://localhost:52292 for channel [id: 0xd9efad2f, L:/127.0.0.1:51145 - R:localhost/127.0.0.1:52292]
15:17:34.046 [Forwarding getElementTagName on session ff62aeb187ed052f63c94a96faf8a03c to remote] DEBUG org.asynchttpclient.netty.request.NettyRequestSender - Using pooled Channel '[id: 0xd9efad2f, L:/127.0.0.1:51145 - R:localhost/127.0.0.1:52292]' for 'GET' to 'http://localhost:52292/session/ff62aeb187ed052f63c94a96faf8a03c/element/0a050594-94da-47c1-9897-b61688871eb9/name'
15:17:34.047 [Forwarding getElementTagName on session ff62aeb187ed052f63c94a96faf8a03c to remote] DEBUG org.asynchttpclient.netty.request.NettyRequestSender - Using open Channel [id: 0xd9efad2f, L:/127.0.0.1:51145 - R:localhost/127.0.0.1:52292] for GET '/session/ff62aeb187ed052f63c94a96faf8a03c/element/0a050594-94da-47c1-9897-b61688871eb9/name'
15:17:34.049 [AsyncHttpClient-1-6] DEBUG org.asynchttpclient.netty.handler.HttpHandler - 

Request DefaultFullHttpRequest(decodeResult: success, version: HTTP/1.1, content: EmptyByteBufBE)
GET /session/ff62aeb187ed052f63c94a96faf8a03c/element/0a050594-94da-47c1-9897-b61688871eb9/name HTTP/1.1
User-Agent: selenium/4.1.2 (java windows)
Cache-Control: no-cache
Content-Type: application/json; charset=utf-8
host: localhost:52292
accept: */*

Response DefaultHttpResponse(decodeResult: success, version: HTTP/1.1)
HTTP/1.1 200 OK
Content-Type: application/json; charset=utf-8
cache-control: no-cache
content-length: 16

15:17:34.050 [AsyncHttpClient-1-6] DEBUG org.asynchttpclient.netty.channel.ChannelManager - Adding key: http://localhost:52292 for channel [id: 0xd9efad2f, L:/127.0.0.1:51145 - R:localhost/127.0.0.1:52292]
15:17:34.052 [Forwarding findElement on session ff62aeb187ed052f63c94a96faf8a03c to remote] DEBUG org.asynchttpclient.netty.request.NettyRequestSender - Using pooled Channel '[id: 0xd9efad2f, L:/127.0.0.1:51145 - R:localhost/127.0.0.1:52292]' for 'POST' to 'http://localhost:52292/session/ff62aeb187ed052f63c94a96faf8a03c/element'
15:17:34.052 [Forwarding findElement on session ff62aeb187ed052f63c94a96faf8a03c to remote] DEBUG org.asynchttpclient.netty.request.NettyRequestSender - Using open Channel [id: 0xd9efad2f, L:/127.0.0.1:51145 - R:localhost/127.0.0.1:52292] for POST '/session/ff62aeb187ed052f63c94a96faf8a03c/element'
15:17:34.059 [AsyncHttpClient-1-6] DEBUG org.asynchttpclient.netty.handler.HttpHandler - 

Request DefaultHttpRequest(decodeResult: success, version: HTTP/1.1)
POST /session/ff62aeb187ed052f63c94a96faf8a03c/element HTTP/1.1
User-Agent: selenium/4.1.2 (java windows)
Content-Length: 81
Content-Type: application/json; charset=utf-8
host: localhost:52292
accept: */*

Response DefaultHttpResponse(decodeResult: success, version: HTTP/1.1)
HTTP/1.1 200 OK
Content-Type: application/json; charset=utf-8
cache-control: no-cache
content-length: 88

15:17:34.059 [AsyncHttpClient-1-6] DEBUG org.asynchttpclient.netty.channel.ChannelManager - Adding key: http://localhost:52292 for channel [id: 0xd9efad2f, L:/127.0.0.1:51145 - R:localhost/127.0.0.1:52292]
15:17:34.060 [Forwarding clickElement on session ff62aeb187ed052f63c94a96faf8a03c to remote] DEBUG org.asynchttpclient.netty.request.NettyRequestSender - Using pooled Channel '[id: 0xd9efad2f, L:/127.0.0.1:51145 - R:localhost/127.0.0.1:52292]' for 'POST' to 'http://localhost:52292/session/ff62aeb187ed052f63c94a96faf8a03c/element/0a050594-94da-47c1-9897-b61688871eb9/click'
15:17:34.060 [Forwarding clickElement on session ff62aeb187ed052f63c94a96faf8a03c to remote] DEBUG org.asynchttpclient.netty.request.NettyRequestSender - Using open Channel [id: 0xd9efad2f, L:/127.0.0.1:51145 - R:localhost/127.0.0.1:52292] for POST '/session/ff62aeb187ed052f63c94a96faf8a03c/element/0a050594-94da-47c1-9897-b61688871eb9/click'
15:17:34.558 [AsyncHttpClient-1-6] DEBUG org.asynchttpclient.netty.handler.HttpHandler - 

Request DefaultHttpRequest(decodeResult: success, version: HTTP/1.1)
POST /session/ff62aeb187ed052f63c94a96faf8a03c/element/0a050594-94da-47c1-9897-b61688871eb9/click HTTP/1.1
User-Agent: selenium/4.1.2 (java windows)
Content-Length: 50
Content-Type: application/json; charset=utf-8
host: localhost:52292
accept: */*

Response DefaultHttpResponse(decodeResult: success, version: HTTP/1.1)
HTTP/1.1 200 OK
Content-Type: application/json; charset=utf-8
cache-control: no-cache
content-length: 14

15:17:34.558 [AsyncHttpClient-1-6] DEBUG org.asynchttpclient.netty.channel.ChannelManager - Adding key: http://localhost:52292 for channel [id: 0xd9efad2f, L:/127.0.0.1:51145 - R:localhost/127.0.0.1:52292]
  &amp#27;[32mThen &amp#27;[0m&amp#27;[32mI click baby on the header&amp#27;[0m &amp#27;[90m# starter.stepdefinitions.BabyStep.iClickBabyOnTheHeader()&amp#27;[0m
15:17:34.567 [Forwarding screenshot on session ff62aeb187ed052f63c94a96faf8a03c to remote] DEBUG org.asynchttpclient.netty.request.NettyRequestSender - Using pooled Channel '[id: 0xd9efad2f, L:/127.0.0.1:51145 - R:localhost/127.0.0.1:52292]' for 'GET' to 'http://localhost:52292/session/ff62aeb187ed052f63c94a96faf8a03c/screenshot'
15:17:34.567 [Forwarding screenshot on session ff62aeb187ed052f63c94a96faf8a03c to remote] DEBUG org.asynchttpclient.netty.request.NettyRequestSender - Using open Channel [id: 0xd9efad2f, L:/127.0.0.1:51145 - R:localhost/127.0.0.1:52292] for GET '/session/ff62aeb187ed052f63c94a96faf8a03c/screenshot'
15:17:34.914 [AsyncHttpClient-1-1] DEBUG org.asynchttpclient.netty.channel.DefaultChannelPool - Entry count for : http://localhost:51146 : 1
15:17:35.280 [AsyncHttpClient-1-6] DEBUG org.asynchttpclient.netty.handler.HttpHandler - 

Request DefaultFullHttpRequest(decodeResult: success, version: HTTP/1.1, content: EmptyByteBufBE)
GET /session/ff62aeb187ed052f63c94a96faf8a03c/screenshot HTTP/1.1
User-Agent: selenium/4.1.2 (java windows)
Cache-Control: no-cache
Content-Type: application/json; charset=utf-8
host: localhost:52292
accept: */*

Response DefaultHttpResponse(decodeResult: success, version: HTTP/1.1)
HTTP/1.1 200 OK
Content-Type: application/json; charset=utf-8
cache-control: no-cache
content-length: 62380

15:17:35.280 [AsyncHttpClient-1-6] DEBUG org.asynchttpclient.netty.channel.ChannelManager - Adding key: http://localhost:52292 for channel [id: 0xd9efad2f, L:/127.0.0.1:51145 - R:localhost/127.0.0.1:52292]
15:17:35.283 [main] DEBUG net.serenitybdd.core.photography.Darkroom - Send negative for processing for target\site\serenity\755f4ca2f15f7fdf9e650a096c2a7ead3d0187ed7a32614e4d736bff08dff378.png
15:17:35.283 [Darkroom Processing Line] DEBUG net.serenitybdd.core.photography.DarkroomProcessingLine - Processing screenshot image in /var/screenshots/screenshot-7054721441190934127
15:17:35.283 [Darkroom Processing Line] DEBUG net.serenitybdd.core.photography.DarkroomProcessingLine - Saving screenshot to target\site\serenity\755f4ca2f15f7fdf9e650a096c2a7ead3d0187ed7a32614e4d736bff08dff378.png
15:17:35.300 [Forwarding findElement on session ff62aeb187ed052f63c94a96faf8a03c to remote] DEBUG org.asynchttpclient.netty.request.NettyRequestSender - Using pooled Channel '[id: 0xd9efad2f, L:/127.0.0.1:51145 - R:localhost/127.0.0.1:52292]' for 'POST' to 'http://localhost:52292/session/ff62aeb187ed052f63c94a96faf8a03c/element'
15:17:35.301 [Forwarding findElement on session ff62aeb187ed052f63c94a96faf8a03c to remote] DEBUG org.asynchttpclient.netty.request.NettyRequestSender - Using open Channel [id: 0xd9efad2f, L:/127.0.0.1:51145 - R:localhost/127.0.0.1:52292] for POST '/session/ff62aeb187ed052f63c94a96faf8a03c/element'
15:17:35.387 [AsyncHttpClient-1-6] DEBUG org.asynchttpclient.netty.handler.HttpHandler - 

Request DefaultHttpRequest(decodeResult: success, version: HTTP/1.1)
POST /session/ff62aeb187ed052f63c94a96faf8a03c/element HTTP/1.1
User-Agent: selenium/4.1.2 (java windows)
Content-Length: 107
Content-Type: application/json; charset=utf-8
host: localhost:52292
accept: */*

Response DefaultHttpResponse(decodeResult: success, version: HTTP/1.1)
HTTP/1.1 200 OK
Content-Type: application/json; charset=utf-8
cache-control: no-cache
content-length: 88

15:17:35.387 [AsyncHttpClient-1-6] DEBUG org.asynchttpclient.netty.channel.ChannelManager - Adding key: http://localhost:52292 for channel [id: 0xd9efad2f, L:/127.0.0.1:51145 - R:localhost/127.0.0.1:52292]
15:17:35.390 [Forwarding getElementTagName on session ff62aeb187ed052f63c94a96faf8a03c to remote] DEBUG org.asynchttpclient.netty.request.NettyRequestSender - Using pooled Channel '[id: 0xd9efad2f, L:/127.0.0.1:51145 - R:localhost/127.0.0.1:52292]' for 'GET' to 'http://localhost:52292/session/ff62aeb187ed052f63c94a96faf8a03c/element/0c65bd37-f3f2-4bf2-9956-1b3af60dccac/name'
15:17:35.390 [Forwarding getElementTagName on session ff62aeb187ed052f63c94a96faf8a03c to remote] DEBUG org.asynchttpclient.netty.request.NettyRequestSender - Using open Channel [id: 0xd9efad2f, L:/127.0.0.1:51145 - R:localhost/127.0.0.1:52292] for GET '/session/ff62aeb187ed052f63c94a96faf8a03c/element/0c65bd37-f3f2-4bf2-9956-1b3af60dccac/name'
15:17:35.406 [AsyncHttpClient-1-6] DEBUG org.asynchttpclient.netty.handler.HttpHandler - 

Request DefaultFullHttpRequest(decodeResult: success, version: HTTP/1.1, content: EmptyByteBufBE)
GET /session/ff62aeb187ed052f63c94a96faf8a03c/element/0c65bd37-f3f2-4bf2-9956-1b3af60dccac/name HTTP/1.1
User-Agent: selenium/4.1.2 (java windows)
Cache-Control: no-cache
Content-Type: application/json; charset=utf-8
host: localhost:52292
accept: */*

Response DefaultHttpResponse(decodeResult: success, version: HTTP/1.1)
HTTP/1.1 200 OK
Content-Type: application/json; charset=utf-8
cache-control: no-cache
content-length: 16

15:17:35.406 [AsyncHttpClient-1-6] DEBUG org.asynchttpclient.netty.channel.ChannelManager - Adding key: http://localhost:52292 for channel [id: 0xd9efad2f, L:/127.0.0.1:51145 - R:localhost/127.0.0.1:52292]
15:17:35.407 [Forwarding getElementTagName on session ff62aeb187ed052f63c94a96faf8a03c to remote] DEBUG org.asynchttpclient.netty.request.NettyRequestSender - Using pooled Channel '[id: 0xd9efad2f, L:/127.0.0.1:51145 - R:localhost/127.0.0.1:52292]' for 'GET' to 'http://localhost:52292/session/ff62aeb187ed052f63c94a96faf8a03c/element/0c65bd37-f3f2-4bf2-9956-1b3af60dccac/name'
15:17:35.407 [Forwarding getElementTagName on session ff62aeb187ed052f63c94a96faf8a03c to remote] DEBUG org.asynchttpclient.netty.request.NettyRequestSender - Using open Channel [id: 0xd9efad2f, L:/127.0.0.1:51145 - R:localhost/127.0.0.1:52292] for GET '/session/ff62aeb187ed052f63c94a96faf8a03c/element/0c65bd37-f3f2-4bf2-9956-1b3af60dccac/name'
15:17:35.410 [AsyncHttpClient-1-6] DEBUG org.asynchttpclient.netty.handler.HttpHandler - 

Request DefaultFullHttpRequest(decodeResult: success, version: HTTP/1.1, content: EmptyByteBufBE)
GET /session/ff62aeb187ed052f63c94a96faf8a03c/element/0c65bd37-f3f2-4bf2-9956-1b3af60dccac/name HTTP/1.1
User-Agent: selenium/4.1.2 (java windows)
Cache-Control: no-cache
Content-Type: application/json; charset=utf-8
host: localhost:52292
accept: */*

Response DefaultHttpResponse(decodeResult: success, version: HTTP/1.1)
HTTP/1.1 200 OK
Content-Type: application/json; charset=utf-8
cache-control: no-cache
content-length: 16

15:17:35.410 [AsyncHttpClient-1-6] DEBUG org.asynchttpclient.netty.channel.ChannelManager - Adding key: http://localhost:52292 for channel [id: 0xd9efad2f, L:/127.0.0.1:51145 - R:localhost/127.0.0.1:52292]
15:17:35.413 [Forwarding findElement on session ff62aeb187ed052f63c94a96faf8a03c to remote] DEBUG org.asynchttpclient.netty.request.NettyRequestSender - Using pooled Channel '[id: 0xd9efad2f, L:/127.0.0.1:51145 - R:localhost/127.0.0.1:52292]' for 'POST' to 'http://localhost:52292/session/ff62aeb187ed052f63c94a96faf8a03c/element'
15:17:35.413 [Forwarding findElement on session ff62aeb187ed052f63c94a96faf8a03c to remote] DEBUG org.asynchttpclient.netty.request.NettyRequestSender - Using open Channel [id: 0xd9efad2f, L:/127.0.0.1:51145 - R:localhost/127.0.0.1:52292] for POST '/session/ff62aeb187ed052f63c94a96faf8a03c/element'
15:17:35.423 [AsyncHttpClient-1-6] DEBUG org.asynchttpclient.netty.handler.HttpHandler - 

Request DefaultHttpRequest(decodeResult: success, version: HTTP/1.1)
POST /session/ff62aeb187ed052f63c94a96faf8a03c/element HTTP/1.1
User-Agent: selenium/4.1.2 (java windows)
Content-Length: 107
Content-Type: application/json; charset=utf-8
host: localhost:52292
accept: */*

Response DefaultHttpResponse(decodeResult: success, version: HTTP/1.1)
HTTP/1.1 200 OK
Content-Type: application/json; charset=utf-8
cache-control: no-cache
content-length: 88

15:17:35.423 [AsyncHttpClient-1-6] DEBUG org.asynchttpclient.netty.channel.ChannelManager - Adding key: http://localhost:52292 for channel [id: 0xd9efad2f, L:/127.0.0.1:51145 - R:localhost/127.0.0.1:52292]
15:17:35.425 [Forwarding clickElement on session ff62aeb187ed052f63c94a96faf8a03c to remote] DEBUG org.asynchttpclient.netty.request.NettyRequestSender - Using pooled Channel '[id: 0xd9efad2f, L:/127.0.0.1:51145 - R:localhost/127.0.0.1:52292]' for 'POST' to 'http://localhost:52292/session/ff62aeb187ed052f63c94a96faf8a03c/element/0c65bd37-f3f2-4bf2-9956-1b3af60dccac/click'
15:17:35.425 [Forwarding clickElement on session ff62aeb187ed052f63c94a96faf8a03c to remote] DEBUG org.asynchttpclient.netty.request.NettyRequestSender - Using open Channel [id: 0xd9efad2f, L:/127.0.0.1:51145 - R:localhost/127.0.0.1:52292] for POST '/session/ff62aeb187ed052f63c94a96faf8a03c/element/0c65bd37-f3f2-4bf2-9956-1b3af60dccac/click'
15:17:35.708 [AsyncHttpClient-1-6] DEBUG org.asynchttpclient.netty.handler.HttpHandler - 

Request DefaultHttpRequest(decodeResult: success, version: HTTP/1.1)
POST /session/ff62aeb187ed052f63c94a96faf8a03c/element/0c65bd37-f3f2-4bf2-9956-1b3af60dccac/click HTTP/1.1
User-Agent: selenium/4.1.2 (java windows)
Content-Length: 50
Content-Type: application/json; charset=utf-8
host: localhost:52292
accept: */*

Response DefaultHttpResponse(decodeResult: success, version: HTTP/1.1)
HTTP/1.1 200 OK
Content-Type: application/json; charset=utf-8
cache-control: no-cache
content-length: 14

15:17:35.709 [AsyncHttpClient-1-6] DEBUG org.asynchttpclient.netty.channel.ChannelManager - Adding key: http://localhost:52292 for channel [id: 0xd9efad2f, L:/127.0.0.1:51145 - R:localhost/127.0.0.1:52292]
  &amp#27;[32mWhen &amp#27;[0m&amp#27;[32mI will go to &amp#27;[0m&amp#27;[32m&amp#27;[1m"kaosKaki1"&amp#27;[0m   &amp#27;[90m# starter.stepdefinitions.BabyStep.iWillGoTo(java.lang.String)&amp#27;[0m
15:17:35.721 [Forwarding screenshot on session ff62aeb187ed052f63c94a96faf8a03c to remote] DEBUG org.asynchttpclient.netty.request.NettyRequestSender - Using pooled Channel '[id: 0xd9efad2f, L:/127.0.0.1:51145 - R:localhost/127.0.0.1:52292]' for 'GET' to 'http://localhost:52292/session/ff62aeb187ed052f63c94a96faf8a03c/screenshot'
15:17:35.721 [Forwarding screenshot on session ff62aeb187ed052f63c94a96faf8a03c to remote] DEBUG org.asynchttpclient.netty.request.NettyRequestSender - Using open Channel [id: 0xd9efad2f, L:/127.0.0.1:51145 - R:localhost/127.0.0.1:52292] for GET '/session/ff62aeb187ed052f63c94a96faf8a03c/screenshot'
15:17:35.848 [AsyncHttpClient-1-6] DEBUG org.asynchttpclient.netty.handler.HttpHandler - 

Request DefaultFullHttpRequest(decodeResult: success, version: HTTP/1.1, content: EmptyByteBufBE)
GET /session/ff62aeb187ed052f63c94a96faf8a03c/screenshot HTTP/1.1
User-Agent: selenium/4.1.2 (java windows)
Cache-Control: no-cache
Content-Type: application/json; charset=utf-8
host: localhost:52292
accept: */*

Response DefaultHttpResponse(decodeResult: success, version: HTTP/1.1)
HTTP/1.1 200 OK
Content-Type: application/json; charset=utf-8
cache-control: no-cache
content-length: 88760

15:17:35.848 [AsyncHttpClient-1-6] DEBUG org.asynchttpclient.netty.channel.ChannelManager - Adding key: http://localhost:52292 for channel [id: 0xd9efad2f, L:/127.0.0.1:51145 - R:localhost/127.0.0.1:52292]
15:17:35.852 [main] DEBUG net.serenitybdd.core.photography.Darkroom - Send negative for processing for target\site\serenity\7aa80b86e1db0535ad77214b3cdf6c1cd0949712ce72c5aba73f8c0dba2b9621.png
15:17:35.853 [Darkroom Processing Line] DEBUG net.serenitybdd.core.photography.DarkroomProcessingLine - Processing screenshot image in /var/screenshots/screenshot-7317796410282354732
15:17:35.854 [Darkroom Processing Line] DEBUG net.serenitybdd.core.photography.DarkroomProcessingLine - Saving screenshot to target\site\serenity\7aa80b86e1db0535ad77214b3cdf6c1cd0949712ce72c5aba73f8c0dba2b9621.png
15:17:35.860 [Forwarding findElement on session ff62aeb187ed052f63c94a96faf8a03c to remote] DEBUG org.asynchttpclient.netty.request.NettyRequestSender - Using pooled Channel '[id: 0xd9efad2f, L:/127.0.0.1:51145 - R:localhost/127.0.0.1:52292]' for 'POST' to 'http://localhost:52292/session/ff62aeb187ed052f63c94a96faf8a03c/element'
15:17:35.860 [Forwarding findElement on session ff62aeb187ed052f63c94a96faf8a03c to remote] DEBUG org.asynchttpclient.netty.request.NettyRequestSender - Using open Channel [id: 0xd9efad2f, L:/127.0.0.1:51145 - R:localhost/127.0.0.1:52292] for POST '/session/ff62aeb187ed052f63c94a96faf8a03c/element'
15:17:36.006 [AsyncHttpClient-1-1] DEBUG org.asynchttpclient.netty.channel.DefaultChannelPool - Entry count for : http://localhost:51146 : 1
15:17:36.632 [AsyncHttpClient-1-6] DEBUG org.asynchttpclient.netty.handler.HttpHandler - 

Request DefaultHttpRequest(decodeResult: success, version: HTTP/1.1)
POST /session/ff62aeb187ed052f63c94a96faf8a03c/element HTTP/1.1
User-Agent: selenium/4.1.2 (java windows)
Content-Length: 91
Content-Type: application/json; charset=utf-8
host: localhost:52292
accept: */*

Response DefaultHttpResponse(decodeResult: success, version: HTTP/1.1)
HTTP/1.1 200 OK
Content-Type: application/json; charset=utf-8
cache-control: no-cache
content-length: 88

15:17:36.632 [AsyncHttpClient-1-6] DEBUG org.asynchttpclient.netty.channel.ChannelManager - Adding key: http://localhost:52292 for channel [id: 0xd9efad2f, L:/127.0.0.1:51145 - R:localhost/127.0.0.1:52292]
15:17:36.636 [Forwarding isElementDisplayed on session ff62aeb187ed052f63c94a96faf8a03c to remote] DEBUG org.asynchttpclient.netty.request.NettyRequestSender - Using pooled Channel '[id: 0xd9efad2f, L:/127.0.0.1:51145 - R:localhost/127.0.0.1:52292]' for 'POST' to 'http://localhost:52292/session/ff62aeb187ed052f63c94a96faf8a03c/execute/sync'
15:17:36.636 [Forwarding isElementDisplayed on session ff62aeb187ed052f63c94a96faf8a03c to remote] DEBUG org.asynchttpclient.netty.request.NettyRequestSender - Using open Channel [id: 0xd9efad2f, L:/127.0.0.1:51145 - R:localhost/127.0.0.1:52292] for POST '/session/ff62aeb187ed052f63c94a96faf8a03c/execute/sync'
15:17:36.658 [AsyncHttpClient-1-6] DEBUG org.asynchttpclient.netty.handler.HttpHandler - 

Request DefaultHttpRequest(decodeResult: success, version: HTTP/1.1)
POST /session/ff62aeb187ed052f63c94a96faf8a03c/execute/sync HTTP/1.1
User-Agent: selenium/4.1.2 (java windows)
Content-Length: 48780
Content-Type: application/json; charset=utf-8
host: localhost:52292
accept: */*

Response DefaultHttpResponse(decodeResult: success, version: HTTP/1.1)
HTTP/1.1 200 OK
Content-Type: application/json; charset=utf-8
cache-control: no-cache
content-length: 14

15:17:36.658 [AsyncHttpClient-1-6] DEBUG org.asynchttpclient.netty.channel.ChannelManager - Adding key: http://localhost:52292 for channel [id: 0xd9efad2f, L:/127.0.0.1:51145 - R:localhost/127.0.0.1:52292]
  &amp#27;[32mAnd &amp#27;[0m&amp#27;[32mI &amp#27;[0m&amp#27;[32m&amp#27;[1m"txtKaosKaki1"&amp#27;[0m&amp#27;[32m page&amp#27;[0m       &amp#27;[90m# starter.stepdefinitions.BabyStep.iPage(java.lang.String)&amp#27;[0m
15:17:36.662 [Forwarding screenshot on session ff62aeb187ed052f63c94a96faf8a03c to remote] DEBUG org.asynchttpclient.netty.request.NettyRequestSender - Using pooled Channel '[id: 0xd9efad2f, L:/127.0.0.1:51145 - R:localhost/127.0.0.1:52292]' for 'GET' to 'http://localhost:52292/session/ff62aeb187ed052f63c94a96faf8a03c/screenshot'
15:17:36.662 [Forwarding screenshot on session ff62aeb187ed052f63c94a96faf8a03c to remote] DEBUG org.asynchttpclient.netty.request.NettyRequestSender - Using open Channel [id: 0xd9efad2f, L:/127.0.0.1:51145 - R:localhost/127.0.0.1:52292] for GET '/session/ff62aeb187ed052f63c94a96faf8a03c/screenshot'
15:17:36.785 [AsyncHttpClient-1-6] DEBUG org.asynchttpclient.netty.handler.HttpHandler - 

Request DefaultFullHttpRequest(decodeResult: success, version: HTTP/1.1, content: EmptyByteBufBE)
GET /session/ff62aeb187ed052f63c94a96faf8a03c/screenshot HTTP/1.1
User-Agent: selenium/4.1.2 (java windows)
Cache-Control: no-cache
Content-Type: application/json; charset=utf-8
host: localhost:52292
accept: */*

Response DefaultHttpResponse(decodeResult: success, version: HTTP/1.1)
HTTP/1.1 200 OK
Content-Type: application/json; charset=utf-8
cache-control: no-cache
content-length: 57316

15:17:36.786 [AsyncHttpClient-1-6] DEBUG org.asynchttpclient.netty.channel.ChannelManager - Adding key: http://localhost:52292 for channel [id: 0xd9efad2f, L:/127.0.0.1:51145 - R:localhost/127.0.0.1:52292]
15:17:36.789 [main] DEBUG net.serenitybdd.core.photography.Darkroom - Send negative for processing for target\site\serenity\06bb2d8ef0aee8e405a5709fe9e8401cd206aec5d7c587be8b908345c28f5b1b.png
15:17:36.789 [Darkroom Processing Line] DEBUG net.serenitybdd.core.photography.DarkroomProcessingLine - Processing screenshot image in /var/screenshots/screenshot-16532405757754638410
15:17:36.789 [Darkroom Processing Line] DEBUG net.serenitybdd.core.photography.DarkroomProcessingLine - Saving screenshot to target\site\serenity\06bb2d8ef0aee8e405a5709fe9e8401cd206aec5d7c587be8b908345c28f5b1b.png
15:17:36.794 [AsyncHttpClient-1-8] DEBUG org.asynchttpclient.netty.handler.WebSocketHandler - Channel Closed: [id: 0x00ceea21, L:/127.0.0.1:51153 ! R:localhost/127.0.0.1:51146] with attribute NettyResponseFuture{currentRetry=5,
	isDone=1,
	isCancelled=0,
	asyncHandler=org.asynchttpclient.ws.WebSocketUpgradeHandler@5287dcdf,
	nettyRequest=org.asynchttpclient.netty.request.NettyRequest@3d59a7bc,
	future=java.util.concurrent.CompletableFuture@4529668b[Completed normally],
	uri=ws://localhost:51146/devtools/browser/552659be-80e5-4c3e-b2db-da2acc2cde72,
	keepAlive=true,
	redirectCount=0,
	timeoutsHolder=null,
	inAuth=0,
	touch=1680855445290}
15:17:36.795 [AsyncHttpClient-1-8] DEBUG org.asynchttpclient.netty.channel.ChannelManager - Closing Channel [id: 0x00ceea21, L:/127.0.0.1:51153 ! R:localhost/127.0.0.1:51146] 
15:17:36.795 [Driver Command Executor] DEBUG org.asynchttpclient.netty.request.NettyRequestSender - Using pooled Channel '[id: 0xd9efad2f, L:/127.0.0.1:51145 - R:localhost/127.0.0.1:52292]' for 'DELETE' to 'http://localhost:52292/session/ff62aeb187ed052f63c94a96faf8a03c'
15:17:36.795 [Driver Command Executor] DEBUG org.asynchttpclient.netty.request.NettyRequestSender - Using open Channel [id: 0xd9efad2f, L:/127.0.0.1:51145 - R:localhost/127.0.0.1:52292] for DELETE '/session/ff62aeb187ed052f63c94a96faf8a03c'
15:17:36.832 [AsyncHttpClient-1-7] DEBUG org.asynchttpclient.netty.handler.HttpHandler - Unexpected I/O exception on channel [id: 0x3f0e961e, L:/127.0.0.1:51152 - R:localhost/127.0.0.1:51146]
java.net.SocketException: Connection reset
	at java.base/sun.nio.ch.SocketChannelImpl.throwConnectionReset(SocketChannelImpl.java:345)
	at java.base/sun.nio.ch.SocketChannelImpl.read(SocketChannelImpl.java:376)
	at io.netty.buffer.PooledByteBuf.setBytes(PooledByteBuf.java:258)
	at io.netty.buffer.AbstractByteBuf.writeBytes(AbstractByteBuf.java:1132)
	at io.netty.channel.socket.nio.NioSocketChannel.doReadBytes(NioSocketChannel.java:350)
	at io.netty.channel.nio.AbstractNioByteChannel$NioByteUnsafe.read(AbstractNioByteChannel.java:151)
	at io.netty.channel.nio.NioEventLoop.processSelectedKey(NioEventLoop.java:722)
	at io.netty.channel.nio.NioEventLoop.processSelectedKeysOptimized(NioEventLoop.java:658)
	at io.netty.channel.nio.NioEventLoop.processSelectedKeys(NioEventLoop.java:584)
	at io.netty.channel.nio.NioEventLoop.run(NioEventLoop.java:496)
	at io.netty.util.concurrent.SingleThreadEventExecutor$4.run(SingleThreadEventExecutor.java:986)
	at io.netty.util.internal.ThreadExecutorMap$2.run(ThreadExecutorMap.java:74)
	at io.netty.util.concurrent.FastThreadLocalRunnable.run(FastThreadLocalRunnable.java:30)
	at java.base/java.lang.Thread.run(Thread.java:830)
15:17:36.832 [AsyncHttpClient-1-7] DEBUG org.asynchttpclient.netty.channel.ChannelManager - Closing Channel [id: 0x3f0e961e, L:/127.0.0.1:51152 - R:localhost/127.0.0.1:51146] 
15:17:36.832 [AsyncHttpClient-1-7] DEBUG org.asynchttpclient.netty.handler.HttpHandler - Channel Closed: [id: 0x3f0e961e, L:/127.0.0.1:51152 ! R:localhost/127.0.0.1:51146] with attribute DISCARD
15:17:36.865 [AsyncHttpClient-1-6] DEBUG org.asynchttpclient.netty.handler.HttpHandler - 

Request DefaultFullHttpRequest(decodeResult: success, version: HTTP/1.1, content: EmptyByteBufBE)
DELETE /session/ff62aeb187ed052f63c94a96faf8a03c HTTP/1.1
User-Agent: selenium/4.1.2 (java windows)
Content-Type: application/json; charset=utf-8
host: localhost:52292
accept: */*

Response DefaultHttpResponse(decodeResult: success, version: HTTP/1.1)
HTTP/1.1 200 OK
Content-Type: application/json; charset=utf-8
cache-control: no-cache
content-length: 14

15:17:36.865 [AsyncHttpClient-1-6] DEBUG org.asynchttpclient.netty.channel.ChannelManager - Adding key: http://localhost:52292 for channel [id: 0xd9efad2f, L:/127.0.0.1:51145 - R:localhost/127.0.0.1:52292]
15:17:37.052 [AsyncHttpClient-1-6] DEBUG org.asynchttpclient.netty.handler.HttpHandler - Channel Closed: [id: 0xd9efad2f, L:/127.0.0.1:51145 ! R:localhost/127.0.0.1:52292] with attribute DISCARD
15:17:37.105 [AsyncHttpClient-1-1] DEBUG org.asynchttpclient.netty.channel.DefaultChannelPool - Entry count for : http://localhost:52292 : 1
15:17:37.105 [AsyncHttpClient-1-1] DEBUG org.asynchttpclient.netty.channel.DefaultChannelPool - Entry count for : http://localhost:51146 : 1
15:17:37.105 [AsyncHttpClient-1-1] DEBUG org.asynchttpclient.netty.channel.DefaultChannelPool - Adding Candidate expired Channel [id: 0xd9efad2f, L:/127.0.0.1:51145 ! R:localhost/127.0.0.1:52292] isIdleTimeoutExpired=false isRemotelyClosed=true isTtlExpired=false
15:17:37.105 [AsyncHttpClient-1-1] DEBUG org.asynchttpclient.netty.channel.DefaultChannelPool - Closing Idle Channel [id: 0xd9efad2f, L:/127.0.0.1:51145 ! R:localhost/127.0.0.1:52292]
15:17:37.105 [AsyncHttpClient-1-1] DEBUG org.asynchttpclient.netty.channel.DefaultChannelPool - Adding Candidate expired Channel [id: 0x3f0e961e, L:/127.0.0.1:51152 ! R:localhost/127.0.0.1:51146] isIdleTimeoutExpired=false isRemotelyClosed=true isTtlExpired=false
15:17:37.105 [AsyncHttpClient-1-1] DEBUG org.asynchttpclient.netty.channel.DefaultChannelPool - Closing Idle Channel [id: 0x3f0e961e, L:/127.0.0.1:51152 ! R:localhost/127.0.0.1:51146]
15:17:37.105 [AsyncHttpClient-1-1] DEBUG org.asynchttpclient.netty.channel.DefaultChannelPool - Closed 2 connections out of 2 in 0 ms
]]></system-out>
    <system-err><![CDATA[Starting Microsoft Edge WebDriver 111.0.1661.62 (0a8f453929e6410c973aa529a40485ce4e3e03db) on port 52292
To submit feedback, report a bug, or suggest new features, please visit https://github.com/MicrosoftEdge/EdgeWebDriver

Only local connections are allowed.
Please see https://aka.ms/WebDriverSecurity for suggestions on keeping Microsoft Edge WebDriver safe.

Microsoft Edge WebDriver was started successfully.
Apr 07, 2023 3:17:25 PM org.openqa.selenium.remote.ProtocolHandshake createSession
INFO: Detected dialect: W3C
Apr 07, 2023 3:17:25 PM org.openqa.selenium.devtools.CdpVersionFinder findNearestMatch
WARNING: Unable to find an exact match for CDP version 111, so returning the closest version found: a no-op implementation
Apr 07, 2023 3:17:25 PM org.openqa.selenium.devtools.CdpVersionFinder findNearestMatch
INFO: Unable to find CDP implementation matching 111.
Apr 07, 2023 3:17:25 PM org.openqa.selenium.chromium.ChromiumDriver lambda$new$3
WARNING: Unable to find version of CDP to use for . You may need to include a dependency on a specific version of the CDP using something similar to `org.seleniumhq.selenium:selenium-devtools-v86:4.1.2` where the version ("v86") matches the version of the chromium-based browser you're using and the version number of the artifact is the same as Selenium's.
]]></system-err>
  </testcase>
  <testcase name="Fitur Menu Baby #14" classname="Baby" time="9.747">
    <system-out><![CDATA[
Scenario Outline: Fitur Menu Baby &amp#27;[90m# src/test/resources/features/Baby.feature:106&amp#27;[0m
15:17:37.644 [main] INFO io.cucumber.core.plugin.SerenityReporter - Running feature from file:///C:/Users/alwi/IdeaProjects/uniqloweb/src/test/resources/features/Baby.feature
15:17:37.773 [main] DEBUG io.github.bonigarcia.wdm.cache.ResolutionCache - Resolution edge=111 in cache (valid until 16:02:35 07/04/2023 WIB)
15:17:37.777 [main] DEBUG io.github.bonigarcia.wdm.cache.ResolutionCache - Resolution edge111=111.0.1661.62 in cache (valid until 15:02:35 08/04/2023 WIB)
15:17:37.779 [main] INFO io.github.bonigarcia.wdm.WebDriverManager - Using msedgedriver 111.0.1661.62 (resolved driver for Edge 111)
15:17:37.794 [main] DEBUG io.github.bonigarcia.wdm.WebDriverManager - Driver msedgedriver 111.0.1661.62 found in cache
15:17:37.794 [main] INFO io.github.bonigarcia.wdm.WebDriverManager - Exporting webdriver.edge.driver as C:\Users\alwi\.cache\selenium\msedgedriver\win64\111.0.1661.62\msedgedriver.exe
15:17:37.796 [main] DEBUG net.serenitybdd.core.webdriver.driverproviders.ProvideNewDriver - Instantiating driver
15:17:37.796 [main] DEBUG net.serenitybdd.core.webdriver.driverproviders.ProvideNewDriver - Driver capabilities: Capabilities {base.url: https://www.uniqlo.com, chrome.driver: src/test/resources/webdrive..., driver: edge, ms:edgeChromium: true, ms:edgeOptions: {}, wait.for.timeout: 6000}
15:17:38.317 [AsyncHttpClient-1-9] DEBUG org.asynchttpclient.netty.channel.NettyConnectListener - Using new Channel '[id: 0x4ff4a297, L:/127.0.0.1:51301 - R:localhost/127.0.0.1:63253]' for 'POST' to '/session'
15:17:38.953 [AsyncHttpClient-1-9] DEBUG org.asynchttpclient.netty.handler.HttpHandler - 

Request DefaultHttpRequest(decodeResult: success, version: HTTP/1.1)
POST /session HTTP/1.1
User-Agent: selenium/4.1.2 (java windows)
Content-Length: 627
Content-Type: application/json; charset=utf-8
host: localhost:63253
accept: */*

Response DefaultHttpResponse(decodeResult: success, version: HTTP/1.1)
HTTP/1.1 200 OK
Content-Type: application/json; charset=utf-8
cache-control: no-cache
content-length: 823

15:17:38.953 [AsyncHttpClient-1-9] DEBUG org.asynchttpclient.netty.channel.ChannelManager - Adding key: http://localhost:63253 for channel [id: 0x4ff4a297, L:/127.0.0.1:51301 - R:localhost/127.0.0.1:63253]
15:17:38.959 [AsyncHttpClient-1-10] DEBUG org.asynchttpclient.netty.channel.NettyConnectListener - Using new Channel '[id: 0xa8d71c1e, L:/127.0.0.1:51308 - R:localhost/127.0.0.1:51302]' for 'GET' to '/json/version'
15:17:38.962 [AsyncHttpClient-1-10] DEBUG org.asynchttpclient.netty.handler.HttpHandler - 

Request DefaultFullHttpRequest(decodeResult: success, version: HTTP/1.1, content: EmptyByteBufBE)
GET /json/version HTTP/1.1
User-Agent: selenium/4.1.2 (java windows)
host: localhost:51302
accept: */*

Response DefaultHttpResponse(decodeResult: success, version: HTTP/1.1)
HTTP/1.1 200 OK
Content-Security-Policy: frame-ancestors 'none'
Content-Type: application/json; charset=UTF-8
content-length: 436

15:17:38.962 [AsyncHttpClient-1-10] DEBUG org.asynchttpclient.netty.channel.ChannelManager - Adding key: http://localhost:51302 for channel [id: 0xa8d71c1e, L:/127.0.0.1:51308 - R:localhost/127.0.0.1:51302]
15:17:38.964 [AsyncHttpClient-1-11] DEBUG org.asynchttpclient.netty.channel.NettyConnectListener - Using new Channel '[id: 0x6c89941c, L:/127.0.0.1:51309 - R:localhost/127.0.0.1:51302]' for 'GET' to '/devtools/browser/b826714c-e463-486a-9023-6059734210f0'
15:17:38.965 [AsyncHttpClient-1-11] DEBUG org.asynchttpclient.netty.handler.WebSocketHandler - 

Request DefaultFullHttpRequest(decodeResult: success, version: HTTP/1.1, content: EmptyByteBufBE)
GET /devtools/browser/b826714c-e463-486a-9023-6059734210f0 HTTP/1.1
upgrade: websocket
connection: upgrade
sec-websocket-key: yWJu36T15O0obmBMwiP0IA==
sec-websocket-version: 13
origin: http://localhost:51302
host: localhost:51302
accept: */*
user-agent: AHC/2.1

Response DefaultHttpResponse(decodeResult: success, version: HTTP/1.1)
HTTP/1.1 101 WebSocket Protocol Handshake
Upgrade: WebSocket
Connection: Upgrade
Sec-WebSocket-Accept: H0hvJrdyauDtLX1Wxln+gqdA2ww=

15:17:38.969 [Forwarding get on session afdfbc4d7a9982d11b2ffc88afeb996a to remote] DEBUG org.asynchttpclient.netty.request.NettyRequestSender - Using pooled Channel '[id: 0x4ff4a297, L:/127.0.0.1:51301 - R:localhost/127.0.0.1:63253]' for 'POST' to 'http://localhost:63253/session/afdfbc4d7a9982d11b2ffc88afeb996a/url'
15:17:38.969 [Forwarding get on session afdfbc4d7a9982d11b2ffc88afeb996a to remote] DEBUG org.asynchttpclient.netty.request.NettyRequestSender - Using open Channel [id: 0x4ff4a297, L:/127.0.0.1:51301 - R:localhost/127.0.0.1:63253] for POST '/session/afdfbc4d7a9982d11b2ffc88afeb996a/url'
15:17:39.309 [AsyncHttpClient-1-1] DEBUG org.asynchttpclient.netty.channel.DefaultChannelPool - Entry count for : http://localhost:51302 : 1
15:17:40.409 [AsyncHttpClient-1-1] DEBUG org.asynchttpclient.netty.channel.DefaultChannelPool - Entry count for : http://localhost:51302 : 1
15:17:41.506 [AsyncHttpClient-1-1] DEBUG org.asynchttpclient.netty.channel.DefaultChannelPool - Entry count for : http://localhost:51302 : 1
15:17:42.608 [AsyncHttpClient-1-1] DEBUG org.asynchttpclient.netty.channel.DefaultChannelPool - Entry count for : http://localhost:51302 : 1
15:17:43.707 [AsyncHttpClient-1-1] DEBUG org.asynchttpclient.netty.channel.DefaultChannelPool - Entry count for : http://localhost:51302 : 1
15:17:44.247 [AsyncHttpClient-1-9] DEBUG org.asynchttpclient.netty.handler.HttpHandler - 

Request DefaultHttpRequest(decodeResult: success, version: HTTP/1.1)
POST /session/afdfbc4d7a9982d11b2ffc88afeb996a/url HTTP/1.1
User-Agent: selenium/4.1.2 (java windows)
Content-Length: 53
Content-Type: application/json; charset=utf-8
host: localhost:63253
accept: */*

Response DefaultHttpResponse(decodeResult: success, version: HTTP/1.1)
HTTP/1.1 200 OK
Content-Type: application/json; charset=utf-8
cache-control: no-cache
content-length: 14

15:17:44.247 [AsyncHttpClient-1-9] DEBUG org.asynchttpclient.netty.channel.ChannelManager - Adding key: http://localhost:63253 for channel [id: 0x4ff4a297, L:/127.0.0.1:51301 - R:localhost/127.0.0.1:63253]
15:17:44.249 [Forwarding setTimeout on session afdfbc4d7a9982d11b2ffc88afeb996a to remote] DEBUG org.asynchttpclient.netty.request.NettyRequestSender - Using pooled Channel '[id: 0x4ff4a297, L:/127.0.0.1:51301 - R:localhost/127.0.0.1:63253]' for 'POST' to 'http://localhost:63253/session/afdfbc4d7a9982d11b2ffc88afeb996a/timeouts'
15:17:44.249 [Forwarding setTimeout on session afdfbc4d7a9982d11b2ffc88afeb996a to remote] DEBUG org.asynchttpclient.netty.request.NettyRequestSender - Using open Channel [id: 0x4ff4a297, L:/127.0.0.1:51301 - R:localhost/127.0.0.1:63253] for POST '/session/afdfbc4d7a9982d11b2ffc88afeb996a/timeouts'
15:17:44.250 [AsyncHttpClient-1-9] DEBUG org.asynchttpclient.netty.handler.HttpHandler - 

Request DefaultHttpRequest(decodeResult: success, version: HTTP/1.1)
POST /session/afdfbc4d7a9982d11b2ffc88afeb996a/timeouts HTTP/1.1
User-Agent: selenium/4.1.2 (java windows)
Content-Length: 22
Content-Type: application/json; charset=utf-8
host: localhost:63253
accept: */*

Response DefaultHttpResponse(decodeResult: success, version: HTTP/1.1)
HTTP/1.1 200 OK
Content-Type: application/json; charset=utf-8
cache-control: no-cache
content-length: 14

15:17:44.250 [AsyncHttpClient-1-9] DEBUG org.asynchttpclient.netty.channel.ChannelManager - Adding key: http://localhost:63253 for channel [id: 0x4ff4a297, L:/127.0.0.1:51301 - R:localhost/127.0.0.1:63253]
15:17:44.254 [Forwarding getCurrentUrl on session afdfbc4d7a9982d11b2ffc88afeb996a to remote] DEBUG org.asynchttpclient.netty.request.NettyRequestSender - Using pooled Channel '[id: 0x4ff4a297, L:/127.0.0.1:51301 - R:localhost/127.0.0.1:63253]' for 'GET' to 'http://localhost:63253/session/afdfbc4d7a9982d11b2ffc88afeb996a/url'
15:17:44.254 [Forwarding getCurrentUrl on session afdfbc4d7a9982d11b2ffc88afeb996a to remote] DEBUG org.asynchttpclient.netty.request.NettyRequestSender - Using open Channel [id: 0x4ff4a297, L:/127.0.0.1:51301 - R:localhost/127.0.0.1:63253] for GET '/session/afdfbc4d7a9982d11b2ffc88afeb996a/url'
15:17:44.267 [AsyncHttpClient-1-9] DEBUG org.asynchttpclient.netty.handler.HttpHandler - 

Request DefaultFullHttpRequest(decodeResult: success, version: HTTP/1.1, content: EmptyByteBufBE)
GET /session/afdfbc4d7a9982d11b2ffc88afeb996a/url HTTP/1.1
User-Agent: selenium/4.1.2 (java windows)
Cache-Control: no-cache
Content-Type: application/json; charset=utf-8
host: localhost:63253
accept: */*

Response DefaultHttpResponse(decodeResult: success, version: HTTP/1.1)
HTTP/1.1 200 OK
Content-Type: application/json; charset=utf-8
cache-control: no-cache
content-length: 41

15:17:44.267 [AsyncHttpClient-1-9] DEBUG org.asynchttpclient.netty.channel.ChannelManager - Adding key: http://localhost:63253 for channel [id: 0x4ff4a297, L:/127.0.0.1:51301 - R:localhost/127.0.0.1:63253]
  &amp#27;[32mGiven &amp#27;[0m&amp#27;[32mI am on the home page&amp#27;[0m     &amp#27;[90m# starter.stepdefinitions.BabyStep.iAmOnTheHomePage()&amp#27;[0m
15:17:44.273 [Forwarding screenshot on session afdfbc4d7a9982d11b2ffc88afeb996a to remote] DEBUG org.asynchttpclient.netty.request.NettyRequestSender - Using pooled Channel '[id: 0x4ff4a297, L:/127.0.0.1:51301 - R:localhost/127.0.0.1:63253]' for 'GET' to 'http://localhost:63253/session/afdfbc4d7a9982d11b2ffc88afeb996a/screenshot'
15:17:44.273 [Forwarding screenshot on session afdfbc4d7a9982d11b2ffc88afeb996a to remote] DEBUG org.asynchttpclient.netty.request.NettyRequestSender - Using open Channel [id: 0x4ff4a297, L:/127.0.0.1:51301 - R:localhost/127.0.0.1:63253] for GET '/session/afdfbc4d7a9982d11b2ffc88afeb996a/screenshot'
15:17:44.603 [AsyncHttpClient-1-9] DEBUG org.asynchttpclient.netty.handler.HttpHandler - 

Request DefaultFullHttpRequest(decodeResult: success, version: HTTP/1.1, content: EmptyByteBufBE)
GET /session/afdfbc4d7a9982d11b2ffc88afeb996a/screenshot HTTP/1.1
User-Agent: selenium/4.1.2 (java windows)
Cache-Control: no-cache
Content-Type: application/json; charset=utf-8
host: localhost:63253
accept: */*

Response DefaultHttpResponse(decodeResult: success, version: HTTP/1.1)
HTTP/1.1 200 OK
Content-Type: application/json; charset=utf-8
cache-control: no-cache
content-length: 1022316

15:17:44.606 [AsyncHttpClient-1-9] DEBUG org.asynchttpclient.netty.channel.ChannelManager - Adding key: http://localhost:63253 for channel [id: 0x4ff4a297, L:/127.0.0.1:51301 - R:localhost/127.0.0.1:63253]
15:17:44.638 [main] DEBUG net.serenitybdd.core.photography.Darkroom - Send negative for processing for target\site\serenity\b0ddf3608b8f51a6a3adc36e4acd901b7a2c5b7adc6fd42a924a7c7a6358c0ea.png
15:17:44.655 [Forwarding findElement on session afdfbc4d7a9982d11b2ffc88afeb996a to remote] DEBUG org.asynchttpclient.netty.request.NettyRequestSender - Using pooled Channel '[id: 0x4ff4a297, L:/127.0.0.1:51301 - R:localhost/127.0.0.1:63253]' for 'POST' to 'http://localhost:63253/session/afdfbc4d7a9982d11b2ffc88afeb996a/element'
15:17:44.656 [Forwarding findElement on session afdfbc4d7a9982d11b2ffc88afeb996a to remote] DEBUG org.asynchttpclient.netty.request.NettyRequestSender - Using open Channel [id: 0x4ff4a297, L:/127.0.0.1:51301 - R:localhost/127.0.0.1:63253] for POST '/session/afdfbc4d7a9982d11b2ffc88afeb996a/element'
15:17:44.679 [AsyncHttpClient-1-9] DEBUG org.asynchttpclient.netty.handler.HttpHandler - 

Request DefaultHttpRequest(decodeResult: success, version: HTTP/1.1)
POST /session/afdfbc4d7a9982d11b2ffc88afeb996a/element HTTP/1.1
User-Agent: selenium/4.1.2 (java windows)
Content-Length: 81
Content-Type: application/json; charset=utf-8
host: localhost:63253
accept: */*

Response DefaultHttpResponse(decodeResult: success, version: HTTP/1.1)
HTTP/1.1 200 OK
Content-Type: application/json; charset=utf-8
cache-control: no-cache
content-length: 88

15:17:44.679 [AsyncHttpClient-1-9] DEBUG org.asynchttpclient.netty.channel.ChannelManager - Adding key: http://localhost:63253 for channel [id: 0x4ff4a297, L:/127.0.0.1:51301 - R:localhost/127.0.0.1:63253]
15:17:44.680 [Forwarding getElementTagName on session afdfbc4d7a9982d11b2ffc88afeb996a to remote] DEBUG org.asynchttpclient.netty.request.NettyRequestSender - Using pooled Channel '[id: 0x4ff4a297, L:/127.0.0.1:51301 - R:localhost/127.0.0.1:63253]' for 'GET' to 'http://localhost:63253/session/afdfbc4d7a9982d11b2ffc88afeb996a/element/6176573a-aa52-417f-b8ef-cf98a7deccf8/name'
15:17:44.681 [Forwarding getElementTagName on session afdfbc4d7a9982d11b2ffc88afeb996a to remote] DEBUG org.asynchttpclient.netty.request.NettyRequestSender - Using open Channel [id: 0x4ff4a297, L:/127.0.0.1:51301 - R:localhost/127.0.0.1:63253] for GET '/session/afdfbc4d7a9982d11b2ffc88afeb996a/element/6176573a-aa52-417f-b8ef-cf98a7deccf8/name'
15:17:44.685 [AsyncHttpClient-1-9] DEBUG org.asynchttpclient.netty.handler.HttpHandler - 

Request DefaultFullHttpRequest(decodeResult: success, version: HTTP/1.1, content: EmptyByteBufBE)
GET /session/afdfbc4d7a9982d11b2ffc88afeb996a/element/6176573a-aa52-417f-b8ef-cf98a7deccf8/name HTTP/1.1
User-Agent: selenium/4.1.2 (java windows)
Cache-Control: no-cache
Content-Type: application/json; charset=utf-8
host: localhost:63253
accept: */*

Response DefaultHttpResponse(decodeResult: success, version: HTTP/1.1)
HTTP/1.1 200 OK
Content-Type: application/json; charset=utf-8
cache-control: no-cache
content-length: 16

15:17:44.685 [AsyncHttpClient-1-9] DEBUG org.asynchttpclient.netty.channel.ChannelManager - Adding key: http://localhost:63253 for channel [id: 0x4ff4a297, L:/127.0.0.1:51301 - R:localhost/127.0.0.1:63253]
15:17:44.687 [Forwarding getElementTagName on session afdfbc4d7a9982d11b2ffc88afeb996a to remote] DEBUG org.asynchttpclient.netty.request.NettyRequestSender - Using pooled Channel '[id: 0x4ff4a297, L:/127.0.0.1:51301 - R:localhost/127.0.0.1:63253]' for 'GET' to 'http://localhost:63253/session/afdfbc4d7a9982d11b2ffc88afeb996a/element/6176573a-aa52-417f-b8ef-cf98a7deccf8/name'
15:17:44.687 [Forwarding getElementTagName on session afdfbc4d7a9982d11b2ffc88afeb996a to remote] DEBUG org.asynchttpclient.netty.request.NettyRequestSender - Using open Channel [id: 0x4ff4a297, L:/127.0.0.1:51301 - R:localhost/127.0.0.1:63253] for GET '/session/afdfbc4d7a9982d11b2ffc88afeb996a/element/6176573a-aa52-417f-b8ef-cf98a7deccf8/name'
15:17:44.690 [AsyncHttpClient-1-9] DEBUG org.asynchttpclient.netty.handler.HttpHandler - 

Request DefaultFullHttpRequest(decodeResult: success, version: HTTP/1.1, content: EmptyByteBufBE)
GET /session/afdfbc4d7a9982d11b2ffc88afeb996a/element/6176573a-aa52-417f-b8ef-cf98a7deccf8/name HTTP/1.1
User-Agent: selenium/4.1.2 (java windows)
Cache-Control: no-cache
Content-Type: application/json; charset=utf-8
host: localhost:63253
accept: */*

Response DefaultHttpResponse(decodeResult: success, version: HTTP/1.1)
HTTP/1.1 200 OK
Content-Type: application/json; charset=utf-8
cache-control: no-cache
content-length: 16

15:17:44.690 [AsyncHttpClient-1-9] DEBUG org.asynchttpclient.netty.channel.ChannelManager - Adding key: http://localhost:63253 for channel [id: 0x4ff4a297, L:/127.0.0.1:51301 - R:localhost/127.0.0.1:63253]
15:17:44.691 [Forwarding findElement on session afdfbc4d7a9982d11b2ffc88afeb996a to remote] DEBUG org.asynchttpclient.netty.request.NettyRequestSender - Using pooled Channel '[id: 0x4ff4a297, L:/127.0.0.1:51301 - R:localhost/127.0.0.1:63253]' for 'POST' to 'http://localhost:63253/session/afdfbc4d7a9982d11b2ffc88afeb996a/element'
15:17:44.692 [Forwarding findElement on session afdfbc4d7a9982d11b2ffc88afeb996a to remote] DEBUG org.asynchttpclient.netty.request.NettyRequestSender - Using open Channel [id: 0x4ff4a297, L:/127.0.0.1:51301 - R:localhost/127.0.0.1:63253] for POST '/session/afdfbc4d7a9982d11b2ffc88afeb996a/element'
15:17:44.698 [AsyncHttpClient-1-9] DEBUG org.asynchttpclient.netty.handler.HttpHandler - 

Request DefaultHttpRequest(decodeResult: success, version: HTTP/1.1)
POST /session/afdfbc4d7a9982d11b2ffc88afeb996a/element HTTP/1.1
User-Agent: selenium/4.1.2 (java windows)
Content-Length: 81
Content-Type: application/json; charset=utf-8
host: localhost:63253
accept: */*

Response DefaultHttpResponse(decodeResult: success, version: HTTP/1.1)
HTTP/1.1 200 OK
Content-Type: application/json; charset=utf-8
cache-control: no-cache
content-length: 88

15:17:44.698 [AsyncHttpClient-1-9] DEBUG org.asynchttpclient.netty.channel.ChannelManager - Adding key: http://localhost:63253 for channel [id: 0x4ff4a297, L:/127.0.0.1:51301 - R:localhost/127.0.0.1:63253]
15:17:44.699 [Forwarding clickElement on session afdfbc4d7a9982d11b2ffc88afeb996a to remote] DEBUG org.asynchttpclient.netty.request.NettyRequestSender - Using pooled Channel '[id: 0x4ff4a297, L:/127.0.0.1:51301 - R:localhost/127.0.0.1:63253]' for 'POST' to 'http://localhost:63253/session/afdfbc4d7a9982d11b2ffc88afeb996a/element/6176573a-aa52-417f-b8ef-cf98a7deccf8/click'
15:17:44.699 [Forwarding clickElement on session afdfbc4d7a9982d11b2ffc88afeb996a to remote] DEBUG org.asynchttpclient.netty.request.NettyRequestSender - Using open Channel [id: 0x4ff4a297, L:/127.0.0.1:51301 - R:localhost/127.0.0.1:63253] for POST '/session/afdfbc4d7a9982d11b2ffc88afeb996a/element/6176573a-aa52-417f-b8ef-cf98a7deccf8/click'
15:17:44.806 [AsyncHttpClient-1-1] DEBUG org.asynchttpclient.netty.channel.DefaultChannelPool - Entry count for : http://localhost:51302 : 1
15:17:45.147 [AsyncHttpClient-1-9] DEBUG org.asynchttpclient.netty.handler.HttpHandler - 

Request DefaultHttpRequest(decodeResult: success, version: HTTP/1.1)
POST /session/afdfbc4d7a9982d11b2ffc88afeb996a/element/6176573a-aa52-417f-b8ef-cf98a7deccf8/click HTTP/1.1
User-Agent: selenium/4.1.2 (java windows)
Content-Length: 50
Content-Type: application/json; charset=utf-8
host: localhost:63253
accept: */*

Response DefaultHttpResponse(decodeResult: success, version: HTTP/1.1)
HTTP/1.1 200 OK
Content-Type: application/json; charset=utf-8
cache-control: no-cache
content-length: 14

15:17:45.148 [AsyncHttpClient-1-9] DEBUG org.asynchttpclient.netty.channel.ChannelManager - Adding key: http://localhost:63253 for channel [id: 0x4ff4a297, L:/127.0.0.1:51301 - R:localhost/127.0.0.1:63253]
  &amp#27;[32mThen &amp#27;[0m&amp#27;[32mI click baby on the header&amp#27;[0m &amp#27;[90m# starter.stepdefinitions.BabyStep.iClickBabyOnTheHeader()&amp#27;[0m
15:17:45.156 [Forwarding screenshot on session afdfbc4d7a9982d11b2ffc88afeb996a to remote] DEBUG org.asynchttpclient.netty.request.NettyRequestSender - Using pooled Channel '[id: 0x4ff4a297, L:/127.0.0.1:51301 - R:localhost/127.0.0.1:63253]' for 'GET' to 'http://localhost:63253/session/afdfbc4d7a9982d11b2ffc88afeb996a/screenshot'
15:17:45.156 [Forwarding screenshot on session afdfbc4d7a9982d11b2ffc88afeb996a to remote] DEBUG org.asynchttpclient.netty.request.NettyRequestSender - Using open Channel [id: 0x4ff4a297, L:/127.0.0.1:51301 - R:localhost/127.0.0.1:63253] for GET '/session/afdfbc4d7a9982d11b2ffc88afeb996a/screenshot'
15:17:45.274 [AsyncHttpClient-1-9] DEBUG org.asynchttpclient.netty.handler.HttpHandler - 

Request DefaultFullHttpRequest(decodeResult: success, version: HTTP/1.1, content: EmptyByteBufBE)
GET /session/afdfbc4d7a9982d11b2ffc88afeb996a/screenshot HTTP/1.1
User-Agent: selenium/4.1.2 (java windows)
Cache-Control: no-cache
Content-Type: application/json; charset=utf-8
host: localhost:63253
accept: */*

Response DefaultHttpResponse(decodeResult: success, version: HTTP/1.1)
HTTP/1.1 200 OK
Content-Type: application/json; charset=utf-8
cache-control: no-cache
content-length: 62152

15:17:45.274 [AsyncHttpClient-1-9] DEBUG org.asynchttpclient.netty.channel.ChannelManager - Adding key: http://localhost:63253 for channel [id: 0x4ff4a297, L:/127.0.0.1:51301 - R:localhost/127.0.0.1:63253]
15:17:45.277 [main] DEBUG net.serenitybdd.core.photography.Darkroom - Send negative for processing for target\site\serenity\e24dcf0e76a3b9a3003a120159a29047ac10468dedf9e088f387d3eda27f774d.png
15:17:45.286 [Forwarding findElement on session afdfbc4d7a9982d11b2ffc88afeb996a to remote] DEBUG org.asynchttpclient.netty.request.NettyRequestSender - Using pooled Channel '[id: 0x4ff4a297, L:/127.0.0.1:51301 - R:localhost/127.0.0.1:63253]' for 'POST' to 'http://localhost:63253/session/afdfbc4d7a9982d11b2ffc88afeb996a/element'
15:17:45.286 [Forwarding findElement on session afdfbc4d7a9982d11b2ffc88afeb996a to remote] DEBUG org.asynchttpclient.netty.request.NettyRequestSender - Using open Channel [id: 0x4ff4a297, L:/127.0.0.1:51301 - R:localhost/127.0.0.1:63253] for POST '/session/afdfbc4d7a9982d11b2ffc88afeb996a/element'
15:17:45.298 [AsyncHttpClient-1-9] DEBUG org.asynchttpclient.netty.handler.HttpHandler - 

Request DefaultHttpRequest(decodeResult: success, version: HTTP/1.1)
POST /session/afdfbc4d7a9982d11b2ffc88afeb996a/element HTTP/1.1
User-Agent: selenium/4.1.2 (java windows)
Content-Length: 107
Content-Type: application/json; charset=utf-8
host: localhost:63253
accept: */*

Response DefaultHttpResponse(decodeResult: success, version: HTTP/1.1)
HTTP/1.1 200 OK
Content-Type: application/json; charset=utf-8
cache-control: no-cache
content-length: 88

15:17:45.298 [AsyncHttpClient-1-9] DEBUG org.asynchttpclient.netty.channel.ChannelManager - Adding key: http://localhost:63253 for channel [id: 0x4ff4a297, L:/127.0.0.1:51301 - R:localhost/127.0.0.1:63253]
15:17:45.300 [Forwarding getElementTagName on session afdfbc4d7a9982d11b2ffc88afeb996a to remote] DEBUG org.asynchttpclient.netty.request.NettyRequestSender - Using pooled Channel '[id: 0x4ff4a297, L:/127.0.0.1:51301 - R:localhost/127.0.0.1:63253]' for 'GET' to 'http://localhost:63253/session/afdfbc4d7a9982d11b2ffc88afeb996a/element/629e9547-39c7-425a-880e-93a19e1c87ae/name'
15:17:45.300 [Forwarding getElementTagName on session afdfbc4d7a9982d11b2ffc88afeb996a to remote] DEBUG org.asynchttpclient.netty.request.NettyRequestSender - Using open Channel [id: 0x4ff4a297, L:/127.0.0.1:51301 - R:localhost/127.0.0.1:63253] for GET '/session/afdfbc4d7a9982d11b2ffc88afeb996a/element/629e9547-39c7-425a-880e-93a19e1c87ae/name'
15:17:45.304 [AsyncHttpClient-1-9] DEBUG org.asynchttpclient.netty.handler.HttpHandler - 

Request DefaultFullHttpRequest(decodeResult: success, version: HTTP/1.1, content: EmptyByteBufBE)
GET /session/afdfbc4d7a9982d11b2ffc88afeb996a/element/629e9547-39c7-425a-880e-93a19e1c87ae/name HTTP/1.1
User-Agent: selenium/4.1.2 (java windows)
Cache-Control: no-cache
Content-Type: application/json; charset=utf-8
host: localhost:63253
accept: */*

Response DefaultHttpResponse(decodeResult: success, version: HTTP/1.1)
HTTP/1.1 200 OK
Content-Type: application/json; charset=utf-8
cache-control: no-cache
content-length: 16

15:17:45.304 [AsyncHttpClient-1-9] DEBUG org.asynchttpclient.netty.channel.ChannelManager - Adding key: http://localhost:63253 for channel [id: 0x4ff4a297, L:/127.0.0.1:51301 - R:localhost/127.0.0.1:63253]
15:17:45.308 [Forwarding getElementTagName on session afdfbc4d7a9982d11b2ffc88afeb996a to remote] DEBUG org.asynchttpclient.netty.request.NettyRequestSender - Using pooled Channel '[id: 0x4ff4a297, L:/127.0.0.1:51301 - R:localhost/127.0.0.1:63253]' for 'GET' to 'http://localhost:63253/session/afdfbc4d7a9982d11b2ffc88afeb996a/element/629e9547-39c7-425a-880e-93a19e1c87ae/name'
15:17:45.308 [Forwarding getElementTagName on session afdfbc4d7a9982d11b2ffc88afeb996a to remote] DEBUG org.asynchttpclient.netty.request.NettyRequestSender - Using open Channel [id: 0x4ff4a297, L:/127.0.0.1:51301 - R:localhost/127.0.0.1:63253] for GET '/session/afdfbc4d7a9982d11b2ffc88afeb996a/element/629e9547-39c7-425a-880e-93a19e1c87ae/name'
15:17:45.312 [AsyncHttpClient-1-9] DEBUG org.asynchttpclient.netty.handler.HttpHandler - 

Request DefaultFullHttpRequest(decodeResult: success, version: HTTP/1.1, content: EmptyByteBufBE)
GET /session/afdfbc4d7a9982d11b2ffc88afeb996a/element/629e9547-39c7-425a-880e-93a19e1c87ae/name HTTP/1.1
User-Agent: selenium/4.1.2 (java windows)
Cache-Control: no-cache
Content-Type: application/json; charset=utf-8
host: localhost:63253
accept: */*

Response DefaultHttpResponse(decodeResult: success, version: HTTP/1.1)
HTTP/1.1 200 OK
Content-Type: application/json; charset=utf-8
cache-control: no-cache
content-length: 16

15:17:45.312 [AsyncHttpClient-1-9] DEBUG org.asynchttpclient.netty.channel.ChannelManager - Adding key: http://localhost:63253 for channel [id: 0x4ff4a297, L:/127.0.0.1:51301 - R:localhost/127.0.0.1:63253]
15:17:45.313 [Forwarding findElement on session afdfbc4d7a9982d11b2ffc88afeb996a to remote] DEBUG org.asynchttpclient.netty.request.NettyRequestSender - Using pooled Channel '[id: 0x4ff4a297, L:/127.0.0.1:51301 - R:localhost/127.0.0.1:63253]' for 'POST' to 'http://localhost:63253/session/afdfbc4d7a9982d11b2ffc88afeb996a/element'
15:17:45.313 [Forwarding findElement on session afdfbc4d7a9982d11b2ffc88afeb996a to remote] DEBUG org.asynchttpclient.netty.request.NettyRequestSender - Using open Channel [id: 0x4ff4a297, L:/127.0.0.1:51301 - R:localhost/127.0.0.1:63253] for POST '/session/afdfbc4d7a9982d11b2ffc88afeb996a/element'
15:17:45.320 [AsyncHttpClient-1-9] DEBUG org.asynchttpclient.netty.handler.HttpHandler - 

Request DefaultHttpRequest(decodeResult: success, version: HTTP/1.1)
POST /session/afdfbc4d7a9982d11b2ffc88afeb996a/element HTTP/1.1
User-Agent: selenium/4.1.2 (java windows)
Content-Length: 107
Content-Type: application/json; charset=utf-8
host: localhost:63253
accept: */*

Response DefaultHttpResponse(decodeResult: success, version: HTTP/1.1)
HTTP/1.1 200 OK
Content-Type: application/json; charset=utf-8
cache-control: no-cache
content-length: 88

15:17:45.320 [AsyncHttpClient-1-9] DEBUG org.asynchttpclient.netty.channel.ChannelManager - Adding key: http://localhost:63253 for channel [id: 0x4ff4a297, L:/127.0.0.1:51301 - R:localhost/127.0.0.1:63253]
15:17:45.324 [Forwarding clickElement on session afdfbc4d7a9982d11b2ffc88afeb996a to remote] DEBUG org.asynchttpclient.netty.request.NettyRequestSender - Using pooled Channel '[id: 0x4ff4a297, L:/127.0.0.1:51301 - R:localhost/127.0.0.1:63253]' for 'POST' to 'http://localhost:63253/session/afdfbc4d7a9982d11b2ffc88afeb996a/element/629e9547-39c7-425a-880e-93a19e1c87ae/click'
15:17:45.324 [Forwarding clickElement on session afdfbc4d7a9982d11b2ffc88afeb996a to remote] DEBUG org.asynchttpclient.netty.request.NettyRequestSender - Using open Channel [id: 0x4ff4a297, L:/127.0.0.1:51301 - R:localhost/127.0.0.1:63253] for POST '/session/afdfbc4d7a9982d11b2ffc88afeb996a/element/629e9547-39c7-425a-880e-93a19e1c87ae/click'
15:17:45.532 [AsyncHttpClient-1-9] DEBUG org.asynchttpclient.netty.handler.HttpHandler - 

Request DefaultHttpRequest(decodeResult: success, version: HTTP/1.1)
POST /session/afdfbc4d7a9982d11b2ffc88afeb996a/element/629e9547-39c7-425a-880e-93a19e1c87ae/click HTTP/1.1
User-Agent: selenium/4.1.2 (java windows)
Content-Length: 50
Content-Type: application/json; charset=utf-8
host: localhost:63253
accept: */*

Response DefaultHttpResponse(decodeResult: success, version: HTTP/1.1)
HTTP/1.1 200 OK
Content-Type: application/json; charset=utf-8
cache-control: no-cache
content-length: 14

15:17:45.532 [AsyncHttpClient-1-9] DEBUG org.asynchttpclient.netty.channel.ChannelManager - Adding key: http://localhost:63253 for channel [id: 0x4ff4a297, L:/127.0.0.1:51301 - R:localhost/127.0.0.1:63253]
  &amp#27;[32mWhen &amp#27;[0m&amp#27;[32mI will go to &amp#27;[0m&amp#27;[32m&amp#27;[1m"aksesoris2"&amp#27;[0m  &amp#27;[90m# starter.stepdefinitions.BabyStep.iWillGoTo(java.lang.String)&amp#27;[0m
15:17:45.539 [Forwarding screenshot on session afdfbc4d7a9982d11b2ffc88afeb996a to remote] DEBUG org.asynchttpclient.netty.request.NettyRequestSender - Using pooled Channel '[id: 0x4ff4a297, L:/127.0.0.1:51301 - R:localhost/127.0.0.1:63253]' for 'GET' to 'http://localhost:63253/session/afdfbc4d7a9982d11b2ffc88afeb996a/screenshot'
15:17:45.539 [Forwarding screenshot on session afdfbc4d7a9982d11b2ffc88afeb996a to remote] DEBUG org.asynchttpclient.netty.request.NettyRequestSender - Using open Channel [id: 0x4ff4a297, L:/127.0.0.1:51301 - R:localhost/127.0.0.1:63253] for GET '/session/afdfbc4d7a9982d11b2ffc88afeb996a/screenshot'
15:17:45.661 [AsyncHttpClient-1-9] DEBUG org.asynchttpclient.netty.handler.HttpHandler - 

Request DefaultFullHttpRequest(decodeResult: success, version: HTTP/1.1, content: EmptyByteBufBE)
GET /session/afdfbc4d7a9982d11b2ffc88afeb996a/screenshot HTTP/1.1
User-Agent: selenium/4.1.2 (java windows)
Cache-Control: no-cache
Content-Type: application/json; charset=utf-8
host: localhost:63253
accept: */*

Response DefaultHttpResponse(decodeResult: success, version: HTTP/1.1)
HTTP/1.1 200 OK
Content-Type: application/json; charset=utf-8
cache-control: no-cache
content-length: 88808

15:17:45.662 [AsyncHttpClient-1-9] DEBUG org.asynchttpclient.netty.channel.ChannelManager - Adding key: http://localhost:63253 for channel [id: 0x4ff4a297, L:/127.0.0.1:51301 - R:localhost/127.0.0.1:63253]
15:17:45.665 [main] DEBUG net.serenitybdd.core.photography.Darkroom - Send negative for processing for target\site\serenity\158bea77d127aa3a0582ff5bf93a15f8bd4022e6279feea3c7c509b124129924.png
15:17:45.665 [Darkroom Processing Line] DEBUG net.serenitybdd.core.photography.DarkroomProcessingLine - Processing screenshot image in /var/screenshots/screenshot-4532321092554902993
15:17:45.665 [Darkroom Processing Line] DEBUG net.serenitybdd.core.photography.DarkroomProcessingLine - Saving screenshot to target\site\serenity\158bea77d127aa3a0582ff5bf93a15f8bd4022e6279feea3c7c509b124129924.png
15:17:45.670 [Forwarding findElement on session afdfbc4d7a9982d11b2ffc88afeb996a to remote] DEBUG org.asynchttpclient.netty.request.NettyRequestSender - Using pooled Channel '[id: 0x4ff4a297, L:/127.0.0.1:51301 - R:localhost/127.0.0.1:63253]' for 'POST' to 'http://localhost:63253/session/afdfbc4d7a9982d11b2ffc88afeb996a/element'
15:17:45.671 [Forwarding findElement on session afdfbc4d7a9982d11b2ffc88afeb996a to remote] DEBUG org.asynchttpclient.netty.request.NettyRequestSender - Using open Channel [id: 0x4ff4a297, L:/127.0.0.1:51301 - R:localhost/127.0.0.1:63253] for POST '/session/afdfbc4d7a9982d11b2ffc88afeb996a/element'
15:17:45.906 [AsyncHttpClient-1-1] DEBUG org.asynchttpclient.netty.channel.DefaultChannelPool - Entry count for : http://localhost:51302 : 1
15:17:46.383 [AsyncHttpClient-1-9] DEBUG org.asynchttpclient.netty.handler.HttpHandler - 

Request DefaultHttpRequest(decodeResult: success, version: HTTP/1.1)
POST /session/afdfbc4d7a9982d11b2ffc88afeb996a/element HTTP/1.1
User-Agent: selenium/4.1.2 (java windows)
Content-Length: 91
Content-Type: application/json; charset=utf-8
host: localhost:63253
accept: */*

Response DefaultHttpResponse(decodeResult: success, version: HTTP/1.1)
HTTP/1.1 200 OK
Content-Type: application/json; charset=utf-8
cache-control: no-cache
content-length: 88

15:17:46.383 [AsyncHttpClient-1-9] DEBUG org.asynchttpclient.netty.channel.ChannelManager - Adding key: http://localhost:63253 for channel [id: 0x4ff4a297, L:/127.0.0.1:51301 - R:localhost/127.0.0.1:63253]
15:17:46.387 [Forwarding isElementDisplayed on session afdfbc4d7a9982d11b2ffc88afeb996a to remote] DEBUG org.asynchttpclient.netty.request.NettyRequestSender - Using pooled Channel '[id: 0x4ff4a297, L:/127.0.0.1:51301 - R:localhost/127.0.0.1:63253]' for 'POST' to 'http://localhost:63253/session/afdfbc4d7a9982d11b2ffc88afeb996a/execute/sync'
15:17:46.387 [Forwarding isElementDisplayed on session afdfbc4d7a9982d11b2ffc88afeb996a to remote] DEBUG org.asynchttpclient.netty.request.NettyRequestSender - Using open Channel [id: 0x4ff4a297, L:/127.0.0.1:51301 - R:localhost/127.0.0.1:63253] for POST '/session/afdfbc4d7a9982d11b2ffc88afeb996a/execute/sync'
15:17:46.404 [AsyncHttpClient-1-9] DEBUG org.asynchttpclient.netty.handler.HttpHandler - 

Request DefaultHttpRequest(decodeResult: success, version: HTTP/1.1)
POST /session/afdfbc4d7a9982d11b2ffc88afeb996a/execute/sync HTTP/1.1
User-Agent: selenium/4.1.2 (java windows)
Content-Length: 48780
Content-Type: application/json; charset=utf-8
host: localhost:63253
accept: */*

Response DefaultHttpResponse(decodeResult: success, version: HTTP/1.1)
HTTP/1.1 200 OK
Content-Type: application/json; charset=utf-8
cache-control: no-cache
content-length: 14

15:17:46.404 [AsyncHttpClient-1-9] DEBUG org.asynchttpclient.netty.channel.ChannelManager - Adding key: http://localhost:63253 for channel [id: 0x4ff4a297, L:/127.0.0.1:51301 - R:localhost/127.0.0.1:63253]
  &amp#27;[32mAnd &amp#27;[0m&amp#27;[32mI &amp#27;[0m&amp#27;[32m&amp#27;[1m"txtAksesoris2"&amp#27;[0m&amp#27;[32m page&amp#27;[0m      &amp#27;[90m# starter.stepdefinitions.BabyStep.iPage(java.lang.String)&amp#27;[0m
15:17:46.410 [Forwarding screenshot on session afdfbc4d7a9982d11b2ffc88afeb996a to remote] DEBUG org.asynchttpclient.netty.request.NettyRequestSender - Using pooled Channel '[id: 0x4ff4a297, L:/127.0.0.1:51301 - R:localhost/127.0.0.1:63253]' for 'GET' to 'http://localhost:63253/session/afdfbc4d7a9982d11b2ffc88afeb996a/screenshot'
15:17:46.410 [Forwarding screenshot on session afdfbc4d7a9982d11b2ffc88afeb996a to remote] DEBUG org.asynchttpclient.netty.request.NettyRequestSender - Using open Channel [id: 0x4ff4a297, L:/127.0.0.1:51301 - R:localhost/127.0.0.1:63253] for GET '/session/afdfbc4d7a9982d11b2ffc88afeb996a/screenshot'
15:17:46.532 [AsyncHttpClient-1-9] DEBUG org.asynchttpclient.netty.handler.HttpHandler - 

Request DefaultFullHttpRequest(decodeResult: success, version: HTTP/1.1, content: EmptyByteBufBE)
GET /session/afdfbc4d7a9982d11b2ffc88afeb996a/screenshot HTTP/1.1
User-Agent: selenium/4.1.2 (java windows)
Cache-Control: no-cache
Content-Type: application/json; charset=utf-8
host: localhost:63253
accept: */*

Response DefaultHttpResponse(decodeResult: success, version: HTTP/1.1)
HTTP/1.1 200 OK
Content-Type: application/json; charset=utf-8
cache-control: no-cache
content-length: 57428

15:17:46.532 [AsyncHttpClient-1-9] DEBUG org.asynchttpclient.netty.channel.ChannelManager - Adding key: http://localhost:63253 for channel [id: 0x4ff4a297, L:/127.0.0.1:51301 - R:localhost/127.0.0.1:63253]
15:17:46.535 [main] DEBUG net.serenitybdd.core.photography.Darkroom - Send negative for processing for target\site\serenity\e551b4943b5c77728aa72ea79d5ff33608a2050fd40537751e011b49e3fd740b.png
15:17:46.535 [Darkroom Processing Line] DEBUG net.serenitybdd.core.photography.DarkroomProcessingLine - Processing screenshot image in /var/screenshots/screenshot-5664290808493731789
15:17:46.535 [Darkroom Processing Line] DEBUG net.serenitybdd.core.photography.DarkroomProcessingLine - Saving screenshot to target\site\serenity\e551b4943b5c77728aa72ea79d5ff33608a2050fd40537751e011b49e3fd740b.png
15:17:46.542 [AsyncHttpClient-1-11] DEBUG org.asynchttpclient.netty.handler.WebSocketHandler - Channel Closed: [id: 0x6c89941c, L:/127.0.0.1:51309 ! R:localhost/127.0.0.1:51302] with attribute NettyResponseFuture{currentRetry=5,
	isDone=1,
	isCancelled=0,
	asyncHandler=org.asynchttpclient.ws.WebSocketUpgradeHandler@66337bb8,
	nettyRequest=org.asynchttpclient.netty.request.NettyRequest@4b22fa8,
	future=java.util.concurrent.CompletableFuture@39fc70fd[Completed normally],
	uri=ws://localhost:51302/devtools/browser/b826714c-e463-486a-9023-6059734210f0,
	keepAlive=true,
	redirectCount=0,
	timeoutsHolder=null,
	inAuth=0,
	touch=1680855458966}
15:17:46.542 [AsyncHttpClient-1-11] DEBUG org.asynchttpclient.netty.channel.ChannelManager - Closing Channel [id: 0x6c89941c, L:/127.0.0.1:51309 ! R:localhost/127.0.0.1:51302] 
15:17:46.542 [Driver Command Executor] DEBUG org.asynchttpclient.netty.request.NettyRequestSender - Using pooled Channel '[id: 0x4ff4a297, L:/127.0.0.1:51301 - R:localhost/127.0.0.1:63253]' for 'DELETE' to 'http://localhost:63253/session/afdfbc4d7a9982d11b2ffc88afeb996a'
15:17:46.542 [Driver Command Executor] DEBUG org.asynchttpclient.netty.request.NettyRequestSender - Using open Channel [id: 0x4ff4a297, L:/127.0.0.1:51301 - R:localhost/127.0.0.1:63253] for DELETE '/session/afdfbc4d7a9982d11b2ffc88afeb996a'
15:17:46.580 [AsyncHttpClient-1-10] DEBUG org.asynchttpclient.netty.handler.HttpHandler - Unexpected I/O exception on channel [id: 0xa8d71c1e, L:/127.0.0.1:51308 - R:localhost/127.0.0.1:51302]
java.net.SocketException: Connection reset
	at java.base/sun.nio.ch.SocketChannelImpl.throwConnectionReset(SocketChannelImpl.java:345)
	at java.base/sun.nio.ch.SocketChannelImpl.read(SocketChannelImpl.java:376)
	at io.netty.buffer.PooledByteBuf.setBytes(PooledByteBuf.java:258)
	at io.netty.buffer.AbstractByteBuf.writeBytes(AbstractByteBuf.java:1132)
	at io.netty.channel.socket.nio.NioSocketChannel.doReadBytes(NioSocketChannel.java:350)
	at io.netty.channel.nio.AbstractNioByteChannel$NioByteUnsafe.read(AbstractNioByteChannel.java:151)
	at io.netty.channel.nio.NioEventLoop.processSelectedKey(NioEventLoop.java:722)
	at io.netty.channel.nio.NioEventLoop.processSelectedKeysOptimized(NioEventLoop.java:658)
	at io.netty.channel.nio.NioEventLoop.processSelectedKeys(NioEventLoop.java:584)
	at io.netty.channel.nio.NioEventLoop.run(NioEventLoop.java:496)
	at io.netty.util.concurrent.SingleThreadEventExecutor$4.run(SingleThreadEventExecutor.java:986)
	at io.netty.util.internal.ThreadExecutorMap$2.run(ThreadExecutorMap.java:74)
	at io.netty.util.concurrent.FastThreadLocalRunnable.run(FastThreadLocalRunnable.java:30)
	at java.base/java.lang.Thread.run(Thread.java:830)
15:17:46.580 [AsyncHttpClient-1-10] DEBUG org.asynchttpclient.netty.channel.ChannelManager - Closing Channel [id: 0xa8d71c1e, L:/127.0.0.1:51308 - R:localhost/127.0.0.1:51302] 
15:17:46.580 [AsyncHttpClient-1-10] DEBUG org.asynchttpclient.netty.handler.HttpHandler - Channel Closed: [id: 0xa8d71c1e, L:/127.0.0.1:51308 ! R:localhost/127.0.0.1:51302] with attribute DISCARD
15:17:46.605 [AsyncHttpClient-1-9] DEBUG org.asynchttpclient.netty.handler.HttpHandler - 

Request DefaultFullHttpRequest(decodeResult: success, version: HTTP/1.1, content: EmptyByteBufBE)
DELETE /session/afdfbc4d7a9982d11b2ffc88afeb996a HTTP/1.1
User-Agent: selenium/4.1.2 (java windows)
Content-Type: application/json; charset=utf-8
host: localhost:63253
accept: */*

Response DefaultHttpResponse(decodeResult: success, version: HTTP/1.1)
HTTP/1.1 200 OK
Content-Type: application/json; charset=utf-8
cache-control: no-cache
content-length: 14

15:17:46.605 [AsyncHttpClient-1-9] DEBUG org.asynchttpclient.netty.channel.ChannelManager - Adding key: http://localhost:63253 for channel [id: 0x4ff4a297, L:/127.0.0.1:51301 - R:localhost/127.0.0.1:63253]
15:17:46.808 [AsyncHttpClient-1-9] DEBUG org.asynchttpclient.netty.handler.HttpHandler - Channel Closed: [id: 0x4ff4a297, L:/127.0.0.1:51301 ! R:localhost/127.0.0.1:63253] with attribute DISCARD
15:17:47.009 [AsyncHttpClient-1-1] DEBUG org.asynchttpclient.netty.channel.DefaultChannelPool - Entry count for : http://localhost:63253 : 1
15:17:47.009 [AsyncHttpClient-1-1] DEBUG org.asynchttpclient.netty.channel.DefaultChannelPool - Entry count for : http://localhost:51302 : 1
15:17:47.009 [AsyncHttpClient-1-1] DEBUG org.asynchttpclient.netty.channel.DefaultChannelPool - Adding Candidate expired Channel [id: 0x4ff4a297, L:/127.0.0.1:51301 ! R:localhost/127.0.0.1:63253] isIdleTimeoutExpired=false isRemotelyClosed=true isTtlExpired=false
15:17:47.009 [AsyncHttpClient-1-1] DEBUG org.asynchttpclient.netty.channel.DefaultChannelPool - Closing Idle Channel [id: 0x4ff4a297, L:/127.0.0.1:51301 ! R:localhost/127.0.0.1:63253]
15:17:47.009 [AsyncHttpClient-1-1] DEBUG org.asynchttpclient.netty.channel.DefaultChannelPool - Adding Candidate expired Channel [id: 0xa8d71c1e, L:/127.0.0.1:51308 ! R:localhost/127.0.0.1:51302] isIdleTimeoutExpired=false isRemotelyClosed=true isTtlExpired=false
15:17:47.009 [AsyncHttpClient-1-1] DEBUG org.asynchttpclient.netty.channel.DefaultChannelPool - Closing Idle Channel [id: 0xa8d71c1e, L:/127.0.0.1:51308 ! R:localhost/127.0.0.1:51302]
15:17:47.009 [AsyncHttpClient-1-1] DEBUG org.asynchttpclient.netty.channel.DefaultChannelPool - Closed 2 connections out of 2 in 0 ms
]]></system-out>
    <system-err><![CDATA[Starting Microsoft Edge WebDriver 111.0.1661.62 (0a8f453929e6410c973aa529a40485ce4e3e03db) on port 63253
To submit feedback, report a bug, or suggest new features, please visit https://github.com/MicrosoftEdge/EdgeWebDriver

Only local connections are allowed.
Please see https://aka.ms/WebDriverSecurity for suggestions on keeping Microsoft Edge WebDriver safe.

Microsoft Edge WebDriver was started successfully.
Apr 07, 2023 3:17:38 PM org.openqa.selenium.remote.ProtocolHandshake createSession
INFO: Detected dialect: W3C
Apr 07, 2023 3:17:38 PM org.openqa.selenium.devtools.CdpVersionFinder findNearestMatch
WARNING: Unable to find an exact match for CDP version 111, so returning the closest version found: a no-op implementation
Apr 07, 2023 3:17:38 PM org.openqa.selenium.devtools.CdpVersionFinder findNearestMatch
INFO: Unable to find CDP implementation matching 111.
Apr 07, 2023 3:17:38 PM org.openqa.selenium.chromium.ChromiumDriver lambda$new$3
WARNING: Unable to find version of CDP to use for . You may need to include a dependency on a specific version of the CDP using something similar to `org.seleniumhq.selenium:selenium-devtools-v86:4.1.2` where the version ("v86") matches the version of the chromium-based browser you're using and the version number of the artifact is the same as Selenium's.
]]></system-err>
  </testcase>
  <testcase name="Fitur Menu Baby #15" classname="Baby" time="12.737">
    <system-out><![CDATA[
Scenario Outline: Fitur Menu Baby   &amp#27;[90m# src/test/resources/features/Baby.feature:107&amp#27;[0m
15:17:47.390 [main] INFO io.cucumber.core.plugin.SerenityReporter - Running feature from file:///C:/Users/alwi/IdeaProjects/uniqloweb/src/test/resources/features/Baby.feature
15:17:47.515 [main] DEBUG io.github.bonigarcia.wdm.cache.ResolutionCache - Resolution edge=111 in cache (valid until 16:02:35 07/04/2023 WIB)
15:17:47.518 [main] DEBUG io.github.bonigarcia.wdm.cache.ResolutionCache - Resolution edge111=111.0.1661.62 in cache (valid until 15:02:35 08/04/2023 WIB)
15:17:47.519 [main] INFO io.github.bonigarcia.wdm.WebDriverManager - Using msedgedriver 111.0.1661.62 (resolved driver for Edge 111)
15:17:47.533 [main] DEBUG io.github.bonigarcia.wdm.WebDriverManager - Driver msedgedriver 111.0.1661.62 found in cache
15:17:47.534 [main] INFO io.github.bonigarcia.wdm.WebDriverManager - Exporting webdriver.edge.driver as C:\Users\alwi\.cache\selenium\msedgedriver\win64\111.0.1661.62\msedgedriver.exe
15:17:47.536 [main] DEBUG net.serenitybdd.core.webdriver.driverproviders.ProvideNewDriver - Instantiating driver
15:17:47.536 [main] DEBUG net.serenitybdd.core.webdriver.driverproviders.ProvideNewDriver - Driver capabilities: Capabilities {base.url: https://www.uniqlo.com, chrome.driver: src/test/resources/webdrive..., driver: edge, ms:edgeChromium: true, ms:edgeOptions: {}, wait.for.timeout: 6000}
15:17:48.089 [AsyncHttpClient-1-12] DEBUG org.asynchttpclient.netty.channel.NettyConnectListener - Using new Channel '[id: 0xe2921d5a, L:/127.0.0.1:51438 - R:localhost/127.0.0.1:60845]' for 'POST' to '/session'
15:17:48.697 [AsyncHttpClient-1-12] DEBUG org.asynchttpclient.netty.handler.HttpHandler - 

Request DefaultHttpRequest(decodeResult: success, version: HTTP/1.1)
POST /session HTTP/1.1
User-Agent: selenium/4.1.2 (java windows)
Content-Length: 627
Content-Type: application/json; charset=utf-8
host: localhost:60845
accept: */*

Response DefaultHttpResponse(decodeResult: success, version: HTTP/1.1)
HTTP/1.1 200 OK
Content-Type: application/json; charset=utf-8
cache-control: no-cache
content-length: 823

15:17:48.697 [AsyncHttpClient-1-12] DEBUG org.asynchttpclient.netty.channel.ChannelManager - Adding key: http://localhost:60845 for channel [id: 0xe2921d5a, L:/127.0.0.1:51438 - R:localhost/127.0.0.1:60845]
15:17:48.704 [AsyncHttpClient-1-13] DEBUG org.asynchttpclient.netty.channel.NettyConnectListener - Using new Channel '[id: 0x81e3d9b6, L:/127.0.0.1:51445 - R:localhost/127.0.0.1:51439]' for 'GET' to '/json/version'
15:17:48.707 [AsyncHttpClient-1-13] DEBUG org.asynchttpclient.netty.handler.HttpHandler - 

Request DefaultFullHttpRequest(decodeResult: success, version: HTTP/1.1, content: EmptyByteBufBE)
GET /json/version HTTP/1.1
User-Agent: selenium/4.1.2 (java windows)
host: localhost:51439
accept: */*

Response DefaultHttpResponse(decodeResult: success, version: HTTP/1.1)
HTTP/1.1 200 OK
Content-Security-Policy: frame-ancestors 'none'
Content-Type: application/json; charset=UTF-8
content-length: 436

15:17:48.707 [AsyncHttpClient-1-13] DEBUG org.asynchttpclient.netty.channel.ChannelManager - Adding key: http://localhost:51439 for channel [id: 0x81e3d9b6, L:/127.0.0.1:51445 - R:localhost/127.0.0.1:51439]
15:17:48.709 [AsyncHttpClient-1-14] DEBUG org.asynchttpclient.netty.channel.NettyConnectListener - Using new Channel '[id: 0x49d4fa1f, L:/127.0.0.1:51446 - R:localhost/127.0.0.1:51439]' for 'GET' to '/devtools/browser/5542972a-826e-4cc9-a457-b7c6a9bd9f33'
15:17:48.709 [AsyncHttpClient-1-14] DEBUG org.asynchttpclient.netty.handler.WebSocketHandler - 

Request DefaultFullHttpRequest(decodeResult: success, version: HTTP/1.1, content: EmptyByteBufBE)
GET /devtools/browser/5542972a-826e-4cc9-a457-b7c6a9bd9f33 HTTP/1.1
upgrade: websocket
connection: upgrade
sec-websocket-key: tACMhsNwjuP2JHdipDK1og==
sec-websocket-version: 13
origin: http://localhost:51439
host: localhost:51439
accept: */*
user-agent: AHC/2.1

Response DefaultHttpResponse(decodeResult: success, version: HTTP/1.1)
HTTP/1.1 101 WebSocket Protocol Handshake
Upgrade: WebSocket
Connection: Upgrade
Sec-WebSocket-Accept: NP1FTIWuaoImNeiy2pg9NQLj8Yc=

15:17:48.713 [Forwarding get on session 212a7f7908fcb9cca11f20c41681210a to remote] DEBUG org.asynchttpclient.netty.request.NettyRequestSender - Using pooled Channel '[id: 0xe2921d5a, L:/127.0.0.1:51438 - R:localhost/127.0.0.1:60845]' for 'POST' to 'http://localhost:60845/session/212a7f7908fcb9cca11f20c41681210a/url'
15:17:48.713 [Forwarding get on session 212a7f7908fcb9cca11f20c41681210a to remote] DEBUG org.asynchttpclient.netty.request.NettyRequestSender - Using open Channel [id: 0xe2921d5a, L:/127.0.0.1:51438 - R:localhost/127.0.0.1:60845] for POST '/session/212a7f7908fcb9cca11f20c41681210a/url'
15:17:49.206 [AsyncHttpClient-1-1] DEBUG org.asynchttpclient.netty.channel.DefaultChannelPool - Entry count for : http://localhost:51439 : 1
15:17:50.312 [AsyncHttpClient-1-1] DEBUG org.asynchttpclient.netty.channel.DefaultChannelPool - Entry count for : http://localhost:51439 : 1
15:17:51.405 [AsyncHttpClient-1-1] DEBUG org.asynchttpclient.netty.channel.DefaultChannelPool - Entry count for : http://localhost:51439 : 1
15:17:52.513 [AsyncHttpClient-1-1] DEBUG org.asynchttpclient.netty.channel.DefaultChannelPool - Entry count for : http://localhost:51439 : 1
15:17:53.605 [AsyncHttpClient-1-1] DEBUG org.asynchttpclient.netty.channel.DefaultChannelPool - Entry count for : http://localhost:51439 : 1
15:17:54.706 [AsyncHttpClient-1-1] DEBUG org.asynchttpclient.netty.channel.DefaultChannelPool - Entry count for : http://localhost:51439 : 1
15:17:55.808 [AsyncHttpClient-1-1] DEBUG org.asynchttpclient.netty.channel.DefaultChannelPool - Entry count for : http://localhost:51439 : 1
15:17:56.773 [AsyncHttpClient-1-12] DEBUG org.asynchttpclient.netty.handler.HttpHandler - 

Request DefaultHttpRequest(decodeResult: success, version: HTTP/1.1)
POST /session/212a7f7908fcb9cca11f20c41681210a/url HTTP/1.1
User-Agent: selenium/4.1.2 (java windows)
Content-Length: 53
Content-Type: application/json; charset=utf-8
host: localhost:60845
accept: */*

Response DefaultHttpResponse(decodeResult: success, version: HTTP/1.1)
HTTP/1.1 200 OK
Content-Type: application/json; charset=utf-8
cache-control: no-cache
content-length: 14

15:17:56.774 [AsyncHttpClient-1-12] DEBUG org.asynchttpclient.netty.channel.ChannelManager - Adding key: http://localhost:60845 for channel [id: 0xe2921d5a, L:/127.0.0.1:51438 - R:localhost/127.0.0.1:60845]
15:17:56.775 [Forwarding setTimeout on session 212a7f7908fcb9cca11f20c41681210a to remote] DEBUG org.asynchttpclient.netty.request.NettyRequestSender - Using pooled Channel '[id: 0xe2921d5a, L:/127.0.0.1:51438 - R:localhost/127.0.0.1:60845]' for 'POST' to 'http://localhost:60845/session/212a7f7908fcb9cca11f20c41681210a/timeouts'
15:17:56.775 [Forwarding setTimeout on session 212a7f7908fcb9cca11f20c41681210a to remote] DEBUG org.asynchttpclient.netty.request.NettyRequestSender - Using open Channel [id: 0xe2921d5a, L:/127.0.0.1:51438 - R:localhost/127.0.0.1:60845] for POST '/session/212a7f7908fcb9cca11f20c41681210a/timeouts'
15:17:56.782 [AsyncHttpClient-1-12] DEBUG org.asynchttpclient.netty.handler.HttpHandler - 

Request DefaultHttpRequest(decodeResult: success, version: HTTP/1.1)
POST /session/212a7f7908fcb9cca11f20c41681210a/timeouts HTTP/1.1
User-Agent: selenium/4.1.2 (java windows)
Content-Length: 22
Content-Type: application/json; charset=utf-8
host: localhost:60845
accept: */*

Response DefaultHttpResponse(decodeResult: success, version: HTTP/1.1)
HTTP/1.1 200 OK
Content-Type: application/json; charset=utf-8
cache-control: no-cache
content-length: 14

15:17:56.782 [AsyncHttpClient-1-12] DEBUG org.asynchttpclient.netty.channel.ChannelManager - Adding key: http://localhost:60845 for channel [id: 0xe2921d5a, L:/127.0.0.1:51438 - R:localhost/127.0.0.1:60845]
15:17:56.786 [Forwarding getCurrentUrl on session 212a7f7908fcb9cca11f20c41681210a to remote] DEBUG org.asynchttpclient.netty.request.NettyRequestSender - Using pooled Channel '[id: 0xe2921d5a, L:/127.0.0.1:51438 - R:localhost/127.0.0.1:60845]' for 'GET' to 'http://localhost:60845/session/212a7f7908fcb9cca11f20c41681210a/url'
15:17:56.786 [Forwarding getCurrentUrl on session 212a7f7908fcb9cca11f20c41681210a to remote] DEBUG org.asynchttpclient.netty.request.NettyRequestSender - Using open Channel [id: 0xe2921d5a, L:/127.0.0.1:51438 - R:localhost/127.0.0.1:60845] for GET '/session/212a7f7908fcb9cca11f20c41681210a/url'
15:17:56.875 [AsyncHttpClient-1-12] DEBUG org.asynchttpclient.netty.handler.HttpHandler - 

Request DefaultFullHttpRequest(decodeResult: success, version: HTTP/1.1, content: EmptyByteBufBE)
GET /session/212a7f7908fcb9cca11f20c41681210a/url HTTP/1.1
User-Agent: selenium/4.1.2 (java windows)
Cache-Control: no-cache
Content-Type: application/json; charset=utf-8
host: localhost:60845
accept: */*

Response DefaultHttpResponse(decodeResult: success, version: HTTP/1.1)
HTTP/1.1 200 OK
Content-Type: application/json; charset=utf-8
cache-control: no-cache
content-length: 41

15:17:56.876 [AsyncHttpClient-1-12] DEBUG org.asynchttpclient.netty.channel.ChannelManager - Adding key: http://localhost:60845 for channel [id: 0xe2921d5a, L:/127.0.0.1:51438 - R:localhost/127.0.0.1:60845]
  &amp#27;[32mGiven &amp#27;[0m&amp#27;[32mI am on the home page&amp#27;[0m       &amp#27;[90m# starter.stepdefinitions.BabyStep.iAmOnTheHomePage()&amp#27;[0m
15:17:56.881 [Forwarding screenshot on session 212a7f7908fcb9cca11f20c41681210a to remote] DEBUG org.asynchttpclient.netty.request.NettyRequestSender - Using pooled Channel '[id: 0xe2921d5a, L:/127.0.0.1:51438 - R:localhost/127.0.0.1:60845]' for 'GET' to 'http://localhost:60845/session/212a7f7908fcb9cca11f20c41681210a/screenshot'
15:17:56.881 [Forwarding screenshot on session 212a7f7908fcb9cca11f20c41681210a to remote] DEBUG org.asynchttpclient.netty.request.NettyRequestSender - Using open Channel [id: 0xe2921d5a, L:/127.0.0.1:51438 - R:localhost/127.0.0.1:60845] for GET '/session/212a7f7908fcb9cca11f20c41681210a/screenshot'
15:17:56.907 [AsyncHttpClient-1-1] DEBUG org.asynchttpclient.netty.channel.DefaultChannelPool - Entry count for : http://localhost:51439 : 1
15:17:57.209 [AsyncHttpClient-1-12] DEBUG org.asynchttpclient.netty.handler.HttpHandler - 

Request DefaultFullHttpRequest(decodeResult: success, version: HTTP/1.1, content: EmptyByteBufBE)
GET /session/212a7f7908fcb9cca11f20c41681210a/screenshot HTTP/1.1
User-Agent: selenium/4.1.2 (java windows)
Cache-Control: no-cache
Content-Type: application/json; charset=utf-8
host: localhost:60845
accept: */*

Response DefaultHttpResponse(decodeResult: success, version: HTTP/1.1)
HTTP/1.1 200 OK
Content-Type: application/json; charset=utf-8
cache-control: no-cache
content-length: 1022316

15:17:57.214 [AsyncHttpClient-1-12] DEBUG org.asynchttpclient.netty.channel.ChannelManager - Adding key: http://localhost:60845 for channel [id: 0xe2921d5a, L:/127.0.0.1:51438 - R:localhost/127.0.0.1:60845]
15:17:57.241 [main] DEBUG net.serenitybdd.core.photography.Darkroom - Send negative for processing for target\site\serenity\b0ddf3608b8f51a6a3adc36e4acd901b7a2c5b7adc6fd42a924a7c7a6358c0ea.png
15:17:57.253 [Forwarding findElement on session 212a7f7908fcb9cca11f20c41681210a to remote] DEBUG org.asynchttpclient.netty.request.NettyRequestSender - Using pooled Channel '[id: 0xe2921d5a, L:/127.0.0.1:51438 - R:localhost/127.0.0.1:60845]' for 'POST' to 'http://localhost:60845/session/212a7f7908fcb9cca11f20c41681210a/element'
15:17:57.253 [Forwarding findElement on session 212a7f7908fcb9cca11f20c41681210a to remote] DEBUG org.asynchttpclient.netty.request.NettyRequestSender - Using open Channel [id: 0xe2921d5a, L:/127.0.0.1:51438 - R:localhost/127.0.0.1:60845] for POST '/session/212a7f7908fcb9cca11f20c41681210a/element'
15:17:57.267 [AsyncHttpClient-1-12] DEBUG org.asynchttpclient.netty.handler.HttpHandler - 

Request DefaultHttpRequest(decodeResult: success, version: HTTP/1.1)
POST /session/212a7f7908fcb9cca11f20c41681210a/element HTTP/1.1
User-Agent: selenium/4.1.2 (java windows)
Content-Length: 81
Content-Type: application/json; charset=utf-8
host: localhost:60845
accept: */*

Response DefaultHttpResponse(decodeResult: success, version: HTTP/1.1)
HTTP/1.1 200 OK
Content-Type: application/json; charset=utf-8
cache-control: no-cache
content-length: 88

15:17:57.267 [AsyncHttpClient-1-12] DEBUG org.asynchttpclient.netty.channel.ChannelManager - Adding key: http://localhost:60845 for channel [id: 0xe2921d5a, L:/127.0.0.1:51438 - R:localhost/127.0.0.1:60845]
15:17:57.269 [Forwarding getElementTagName on session 212a7f7908fcb9cca11f20c41681210a to remote] DEBUG org.asynchttpclient.netty.request.NettyRequestSender - Using pooled Channel '[id: 0xe2921d5a, L:/127.0.0.1:51438 - R:localhost/127.0.0.1:60845]' for 'GET' to 'http://localhost:60845/session/212a7f7908fcb9cca11f20c41681210a/element/a78547cd-861a-44a9-bf65-8cdd468d26c6/name'
15:17:57.269 [Forwarding getElementTagName on session 212a7f7908fcb9cca11f20c41681210a to remote] DEBUG org.asynchttpclient.netty.request.NettyRequestSender - Using open Channel [id: 0xe2921d5a, L:/127.0.0.1:51438 - R:localhost/127.0.0.1:60845] for GET '/session/212a7f7908fcb9cca11f20c41681210a/element/a78547cd-861a-44a9-bf65-8cdd468d26c6/name'
15:17:57.273 [AsyncHttpClient-1-12] DEBUG org.asynchttpclient.netty.handler.HttpHandler - 

Request DefaultFullHttpRequest(decodeResult: success, version: HTTP/1.1, content: EmptyByteBufBE)
GET /session/212a7f7908fcb9cca11f20c41681210a/element/a78547cd-861a-44a9-bf65-8cdd468d26c6/name HTTP/1.1
User-Agent: selenium/4.1.2 (java windows)
Cache-Control: no-cache
Content-Type: application/json; charset=utf-8
host: localhost:60845
accept: */*

Response DefaultHttpResponse(decodeResult: success, version: HTTP/1.1)
HTTP/1.1 200 OK
Content-Type: application/json; charset=utf-8
cache-control: no-cache
content-length: 16

15:17:57.273 [AsyncHttpClient-1-12] DEBUG org.asynchttpclient.netty.channel.ChannelManager - Adding key: http://localhost:60845 for channel [id: 0xe2921d5a, L:/127.0.0.1:51438 - R:localhost/127.0.0.1:60845]
15:17:57.274 [Forwarding getElementTagName on session 212a7f7908fcb9cca11f20c41681210a to remote] DEBUG org.asynchttpclient.netty.request.NettyRequestSender - Using pooled Channel '[id: 0xe2921d5a, L:/127.0.0.1:51438 - R:localhost/127.0.0.1:60845]' for 'GET' to 'http://localhost:60845/session/212a7f7908fcb9cca11f20c41681210a/element/a78547cd-861a-44a9-bf65-8cdd468d26c6/name'
15:17:57.274 [Forwarding getElementTagName on session 212a7f7908fcb9cca11f20c41681210a to remote] DEBUG org.asynchttpclient.netty.request.NettyRequestSender - Using open Channel [id: 0xe2921d5a, L:/127.0.0.1:51438 - R:localhost/127.0.0.1:60845] for GET '/session/212a7f7908fcb9cca11f20c41681210a/element/a78547cd-861a-44a9-bf65-8cdd468d26c6/name'
15:17:57.277 [AsyncHttpClient-1-12] DEBUG org.asynchttpclient.netty.handler.HttpHandler - 

Request DefaultFullHttpRequest(decodeResult: success, version: HTTP/1.1, content: EmptyByteBufBE)
GET /session/212a7f7908fcb9cca11f20c41681210a/element/a78547cd-861a-44a9-bf65-8cdd468d26c6/name HTTP/1.1
User-Agent: selenium/4.1.2 (java windows)
Cache-Control: no-cache
Content-Type: application/json; charset=utf-8
host: localhost:60845
accept: */*

Response DefaultHttpResponse(decodeResult: success, version: HTTP/1.1)
HTTP/1.1 200 OK
Content-Type: application/json; charset=utf-8
cache-control: no-cache
content-length: 16

15:17:57.277 [AsyncHttpClient-1-12] DEBUG org.asynchttpclient.netty.channel.ChannelManager - Adding key: http://localhost:60845 for channel [id: 0xe2921d5a, L:/127.0.0.1:51438 - R:localhost/127.0.0.1:60845]
15:17:57.280 [Forwarding findElement on session 212a7f7908fcb9cca11f20c41681210a to remote] DEBUG org.asynchttpclient.netty.request.NettyRequestSender - Using pooled Channel '[id: 0xe2921d5a, L:/127.0.0.1:51438 - R:localhost/127.0.0.1:60845]' for 'POST' to 'http://localhost:60845/session/212a7f7908fcb9cca11f20c41681210a/element'
15:17:57.280 [Forwarding findElement on session 212a7f7908fcb9cca11f20c41681210a to remote] DEBUG org.asynchttpclient.netty.request.NettyRequestSender - Using open Channel [id: 0xe2921d5a, L:/127.0.0.1:51438 - R:localhost/127.0.0.1:60845] for POST '/session/212a7f7908fcb9cca11f20c41681210a/element'
15:17:57.286 [AsyncHttpClient-1-12] DEBUG org.asynchttpclient.netty.handler.HttpHandler - 

Request DefaultHttpRequest(decodeResult: success, version: HTTP/1.1)
POST /session/212a7f7908fcb9cca11f20c41681210a/element HTTP/1.1
User-Agent: selenium/4.1.2 (java windows)
Content-Length: 81
Content-Type: application/json; charset=utf-8
host: localhost:60845
accept: */*

Response DefaultHttpResponse(decodeResult: success, version: HTTP/1.1)
HTTP/1.1 200 OK
Content-Type: application/json; charset=utf-8
cache-control: no-cache
content-length: 88

15:17:57.286 [AsyncHttpClient-1-12] DEBUG org.asynchttpclient.netty.channel.ChannelManager - Adding key: http://localhost:60845 for channel [id: 0xe2921d5a, L:/127.0.0.1:51438 - R:localhost/127.0.0.1:60845]
15:17:57.287 [Forwarding clickElement on session 212a7f7908fcb9cca11f20c41681210a to remote] DEBUG org.asynchttpclient.netty.request.NettyRequestSender - Using pooled Channel '[id: 0xe2921d5a, L:/127.0.0.1:51438 - R:localhost/127.0.0.1:60845]' for 'POST' to 'http://localhost:60845/session/212a7f7908fcb9cca11f20c41681210a/element/a78547cd-861a-44a9-bf65-8cdd468d26c6/click'
15:17:57.287 [Forwarding clickElement on session 212a7f7908fcb9cca11f20c41681210a to remote] DEBUG org.asynchttpclient.netty.request.NettyRequestSender - Using open Channel [id: 0xe2921d5a, L:/127.0.0.1:51438 - R:localhost/127.0.0.1:60845] for POST '/session/212a7f7908fcb9cca11f20c41681210a/element/a78547cd-861a-44a9-bf65-8cdd468d26c6/click'
15:17:57.801 [AsyncHttpClient-1-12] DEBUG org.asynchttpclient.netty.handler.HttpHandler - 

Request DefaultHttpRequest(decodeResult: success, version: HTTP/1.1)
POST /session/212a7f7908fcb9cca11f20c41681210a/element/a78547cd-861a-44a9-bf65-8cdd468d26c6/click HTTP/1.1
User-Agent: selenium/4.1.2 (java windows)
Content-Length: 50
Content-Type: application/json; charset=utf-8
host: localhost:60845
accept: */*

Response DefaultHttpResponse(decodeResult: success, version: HTTP/1.1)
HTTP/1.1 200 OK
Content-Type: application/json; charset=utf-8
cache-control: no-cache
content-length: 14

15:17:57.801 [AsyncHttpClient-1-12] DEBUG org.asynchttpclient.netty.channel.ChannelManager - Adding key: http://localhost:60845 for channel [id: 0xe2921d5a, L:/127.0.0.1:51438 - R:localhost/127.0.0.1:60845]
  &amp#27;[32mThen &amp#27;[0m&amp#27;[32mI click baby on the header&amp#27;[0m   &amp#27;[90m# starter.stepdefinitions.BabyStep.iClickBabyOnTheHeader()&amp#27;[0m
15:17:57.809 [Forwarding screenshot on session 212a7f7908fcb9cca11f20c41681210a to remote] DEBUG org.asynchttpclient.netty.request.NettyRequestSender - Using pooled Channel '[id: 0xe2921d5a, L:/127.0.0.1:51438 - R:localhost/127.0.0.1:60845]' for 'GET' to 'http://localhost:60845/session/212a7f7908fcb9cca11f20c41681210a/screenshot'
15:17:57.809 [Forwarding screenshot on session 212a7f7908fcb9cca11f20c41681210a to remote] DEBUG org.asynchttpclient.netty.request.NettyRequestSender - Using open Channel [id: 0xe2921d5a, L:/127.0.0.1:51438 - R:localhost/127.0.0.1:60845] for GET '/session/212a7f7908fcb9cca11f20c41681210a/screenshot'
15:17:58.009 [AsyncHttpClient-1-1] DEBUG org.asynchttpclient.netty.channel.DefaultChannelPool - Entry count for : http://localhost:51439 : 1
15:17:58.618 [AsyncHttpClient-1-12] DEBUG org.asynchttpclient.netty.handler.HttpHandler - 

Request DefaultFullHttpRequest(decodeResult: success, version: HTTP/1.1, content: EmptyByteBufBE)
GET /session/212a7f7908fcb9cca11f20c41681210a/screenshot HTTP/1.1
User-Agent: selenium/4.1.2 (java windows)
Cache-Control: no-cache
Content-Type: application/json; charset=utf-8
host: localhost:60845
accept: */*

Response DefaultHttpResponse(decodeResult: success, version: HTTP/1.1)
HTTP/1.1 200 OK
Content-Type: application/json; charset=utf-8
cache-control: no-cache
content-length: 108616

15:17:58.618 [AsyncHttpClient-1-12] DEBUG org.asynchttpclient.netty.channel.ChannelManager - Adding key: http://localhost:60845 for channel [id: 0xe2921d5a, L:/127.0.0.1:51438 - R:localhost/127.0.0.1:60845]
15:17:58.622 [main] DEBUG net.serenitybdd.core.photography.Darkroom - Send negative for processing for target\site\serenity\3146ec24642a06fa9099081c1abf7b1d6d89eb63a7699c30b8702951aea236ab.png
15:17:58.623 [Darkroom Processing Line] DEBUG net.serenitybdd.core.photography.DarkroomProcessingLine - Processing screenshot image in /var/screenshots/screenshot-14712735469379139255
15:17:58.623 [Darkroom Processing Line] DEBUG net.serenitybdd.core.photography.DarkroomProcessingLine - Saving screenshot to target\site\serenity\3146ec24642a06fa9099081c1abf7b1d6d89eb63a7699c30b8702951aea236ab.png
15:17:58.633 [Forwarding findElement on session 212a7f7908fcb9cca11f20c41681210a to remote] DEBUG org.asynchttpclient.netty.request.NettyRequestSender - Using pooled Channel '[id: 0xe2921d5a, L:/127.0.0.1:51438 - R:localhost/127.0.0.1:60845]' for 'POST' to 'http://localhost:60845/session/212a7f7908fcb9cca11f20c41681210a/element'
15:17:58.633 [Forwarding findElement on session 212a7f7908fcb9cca11f20c41681210a to remote] DEBUG org.asynchttpclient.netty.request.NettyRequestSender - Using open Channel [id: 0xe2921d5a, L:/127.0.0.1:51438 - R:localhost/127.0.0.1:60845] for POST '/session/212a7f7908fcb9cca11f20c41681210a/element'
15:17:58.679 [AsyncHttpClient-1-12] DEBUG org.asynchttpclient.netty.handler.HttpHandler - 

Request DefaultHttpRequest(decodeResult: success, version: HTTP/1.1)
POST /session/212a7f7908fcb9cca11f20c41681210a/element HTTP/1.1
User-Agent: selenium/4.1.2 (java windows)
Content-Length: 109
Content-Type: application/json; charset=utf-8
host: localhost:60845
accept: */*

Response DefaultHttpResponse(decodeResult: success, version: HTTP/1.1)
HTTP/1.1 200 OK
Content-Type: application/json; charset=utf-8
cache-control: no-cache
content-length: 88

15:17:58.679 [AsyncHttpClient-1-12] DEBUG org.asynchttpclient.netty.channel.ChannelManager - Adding key: http://localhost:60845 for channel [id: 0xe2921d5a, L:/127.0.0.1:51438 - R:localhost/127.0.0.1:60845]
15:17:58.682 [Forwarding getElementTagName on session 212a7f7908fcb9cca11f20c41681210a to remote] DEBUG org.asynchttpclient.netty.request.NettyRequestSender - Using pooled Channel '[id: 0xe2921d5a, L:/127.0.0.1:51438 - R:localhost/127.0.0.1:60845]' for 'GET' to 'http://localhost:60845/session/212a7f7908fcb9cca11f20c41681210a/element/372cd605-33e2-4654-bc7d-529181e78180/name'
15:17:58.682 [Forwarding getElementTagName on session 212a7f7908fcb9cca11f20c41681210a to remote] DEBUG org.asynchttpclient.netty.request.NettyRequestSender - Using open Channel [id: 0xe2921d5a, L:/127.0.0.1:51438 - R:localhost/127.0.0.1:60845] for GET '/session/212a7f7908fcb9cca11f20c41681210a/element/372cd605-33e2-4654-bc7d-529181e78180/name'
15:17:58.687 [AsyncHttpClient-1-12] DEBUG org.asynchttpclient.netty.handler.HttpHandler - 

Request DefaultFullHttpRequest(decodeResult: success, version: HTTP/1.1, content: EmptyByteBufBE)
GET /session/212a7f7908fcb9cca11f20c41681210a/element/372cd605-33e2-4654-bc7d-529181e78180/name HTTP/1.1
User-Agent: selenium/4.1.2 (java windows)
Cache-Control: no-cache
Content-Type: application/json; charset=utf-8
host: localhost:60845
accept: */*

Response DefaultHttpResponse(decodeResult: success, version: HTTP/1.1)
HTTP/1.1 200 OK
Content-Type: application/json; charset=utf-8
cache-control: no-cache
content-length: 16

15:17:58.687 [AsyncHttpClient-1-12] DEBUG org.asynchttpclient.netty.channel.ChannelManager - Adding key: http://localhost:60845 for channel [id: 0xe2921d5a, L:/127.0.0.1:51438 - R:localhost/127.0.0.1:60845]
15:17:58.688 [Forwarding getElementTagName on session 212a7f7908fcb9cca11f20c41681210a to remote] DEBUG org.asynchttpclient.netty.request.NettyRequestSender - Using pooled Channel '[id: 0xe2921d5a, L:/127.0.0.1:51438 - R:localhost/127.0.0.1:60845]' for 'GET' to 'http://localhost:60845/session/212a7f7908fcb9cca11f20c41681210a/element/372cd605-33e2-4654-bc7d-529181e78180/name'
15:17:58.688 [Forwarding getElementTagName on session 212a7f7908fcb9cca11f20c41681210a to remote] DEBUG org.asynchttpclient.netty.request.NettyRequestSender - Using open Channel [id: 0xe2921d5a, L:/127.0.0.1:51438 - R:localhost/127.0.0.1:60845] for GET '/session/212a7f7908fcb9cca11f20c41681210a/element/372cd605-33e2-4654-bc7d-529181e78180/name'
15:17:58.690 [AsyncHttpClient-1-12] DEBUG org.asynchttpclient.netty.handler.HttpHandler - 

Request DefaultFullHttpRequest(decodeResult: success, version: HTTP/1.1, content: EmptyByteBufBE)
GET /session/212a7f7908fcb9cca11f20c41681210a/element/372cd605-33e2-4654-bc7d-529181e78180/name HTTP/1.1
User-Agent: selenium/4.1.2 (java windows)
Cache-Control: no-cache
Content-Type: application/json; charset=utf-8
host: localhost:60845
accept: */*

Response DefaultHttpResponse(decodeResult: success, version: HTTP/1.1)
HTTP/1.1 200 OK
Content-Type: application/json; charset=utf-8
cache-control: no-cache
content-length: 16

15:17:58.690 [AsyncHttpClient-1-12] DEBUG org.asynchttpclient.netty.channel.ChannelManager - Adding key: http://localhost:60845 for channel [id: 0xe2921d5a, L:/127.0.0.1:51438 - R:localhost/127.0.0.1:60845]
15:17:58.692 [Forwarding findElement on session 212a7f7908fcb9cca11f20c41681210a to remote] DEBUG org.asynchttpclient.netty.request.NettyRequestSender - Using pooled Channel '[id: 0xe2921d5a, L:/127.0.0.1:51438 - R:localhost/127.0.0.1:60845]' for 'POST' to 'http://localhost:60845/session/212a7f7908fcb9cca11f20c41681210a/element'
15:17:58.692 [Forwarding findElement on session 212a7f7908fcb9cca11f20c41681210a to remote] DEBUG org.asynchttpclient.netty.request.NettyRequestSender - Using open Channel [id: 0xe2921d5a, L:/127.0.0.1:51438 - R:localhost/127.0.0.1:60845] for POST '/session/212a7f7908fcb9cca11f20c41681210a/element'
15:17:58.702 [AsyncHttpClient-1-12] DEBUG org.asynchttpclient.netty.handler.HttpHandler - 

Request DefaultHttpRequest(decodeResult: success, version: HTTP/1.1)
POST /session/212a7f7908fcb9cca11f20c41681210a/element HTTP/1.1
User-Agent: selenium/4.1.2 (java windows)
Content-Length: 109
Content-Type: application/json; charset=utf-8
host: localhost:60845
accept: */*

Response DefaultHttpResponse(decodeResult: success, version: HTTP/1.1)
HTTP/1.1 200 OK
Content-Type: application/json; charset=utf-8
cache-control: no-cache
content-length: 88

15:17:58.703 [AsyncHttpClient-1-12] DEBUG org.asynchttpclient.netty.channel.ChannelManager - Adding key: http://localhost:60845 for channel [id: 0xe2921d5a, L:/127.0.0.1:51438 - R:localhost/127.0.0.1:60845]
15:17:58.704 [Forwarding clickElement on session 212a7f7908fcb9cca11f20c41681210a to remote] DEBUG org.asynchttpclient.netty.request.NettyRequestSender - Using pooled Channel '[id: 0xe2921d5a, L:/127.0.0.1:51438 - R:localhost/127.0.0.1:60845]' for 'POST' to 'http://localhost:60845/session/212a7f7908fcb9cca11f20c41681210a/element/372cd605-33e2-4654-bc7d-529181e78180/click'
15:17:58.704 [Forwarding clickElement on session 212a7f7908fcb9cca11f20c41681210a to remote] DEBUG org.asynchttpclient.netty.request.NettyRequestSender - Using open Channel [id: 0xe2921d5a, L:/127.0.0.1:51438 - R:localhost/127.0.0.1:60845] for POST '/session/212a7f7908fcb9cca11f20c41681210a/element/372cd605-33e2-4654-bc7d-529181e78180/click'
15:17:58.922 [AsyncHttpClient-1-12] DEBUG org.asynchttpclient.netty.handler.HttpHandler - 

Request DefaultHttpRequest(decodeResult: success, version: HTTP/1.1)
POST /session/212a7f7908fcb9cca11f20c41681210a/element/372cd605-33e2-4654-bc7d-529181e78180/click HTTP/1.1
User-Agent: selenium/4.1.2 (java windows)
Content-Length: 50
Content-Type: application/json; charset=utf-8
host: localhost:60845
accept: */*

Response DefaultHttpResponse(decodeResult: success, version: HTTP/1.1)
HTTP/1.1 200 OK
Content-Type: application/json; charset=utf-8
cache-control: no-cache
content-length: 14

15:17:58.922 [AsyncHttpClient-1-12] DEBUG org.asynchttpclient.netty.channel.ChannelManager - Adding key: http://localhost:60845 for channel [id: 0xe2921d5a, L:/127.0.0.1:51438 - R:localhost/127.0.0.1:60845]
  &amp#27;[32mWhen &amp#27;[0m&amp#27;[32mI will go to &amp#27;[0m&amp#27;[32m&amp#27;[1m"koleksiBalita"&amp#27;[0m &amp#27;[90m# starter.stepdefinitions.BabyStep.iWillGoTo(java.lang.String)&amp#27;[0m
15:17:58.928 [Forwarding screenshot on session 212a7f7908fcb9cca11f20c41681210a to remote] DEBUG org.asynchttpclient.netty.request.NettyRequestSender - Using pooled Channel '[id: 0xe2921d5a, L:/127.0.0.1:51438 - R:localhost/127.0.0.1:60845]' for 'GET' to 'http://localhost:60845/session/212a7f7908fcb9cca11f20c41681210a/screenshot'
15:17:58.928 [Forwarding screenshot on session 212a7f7908fcb9cca11f20c41681210a to remote] DEBUG org.asynchttpclient.netty.request.NettyRequestSender - Using open Channel [id: 0xe2921d5a, L:/127.0.0.1:51438 - R:localhost/127.0.0.1:60845] for GET '/session/212a7f7908fcb9cca11f20c41681210a/screenshot'
15:17:59.105 [AsyncHttpClient-1-1] DEBUG org.asynchttpclient.netty.channel.DefaultChannelPool - Entry count for : http://localhost:51439 : 1
15:17:59.252 [AsyncHttpClient-1-12] DEBUG org.asynchttpclient.netty.handler.HttpHandler - 

Request DefaultFullHttpRequest(decodeResult: success, version: HTTP/1.1, content: EmptyByteBufBE)
GET /session/212a7f7908fcb9cca11f20c41681210a/screenshot HTTP/1.1
User-Agent: selenium/4.1.2 (java windows)
Cache-Control: no-cache
Content-Type: application/json; charset=utf-8
host: localhost:60845
accept: */*

Response DefaultHttpResponse(decodeResult: success, version: HTTP/1.1)
HTTP/1.1 200 OK
Content-Type: application/json; charset=utf-8
cache-control: no-cache
content-length: 80868

15:17:59.252 [AsyncHttpClient-1-12] DEBUG org.asynchttpclient.netty.channel.ChannelManager - Adding key: http://localhost:60845 for channel [id: 0xe2921d5a, L:/127.0.0.1:51438 - R:localhost/127.0.0.1:60845]
15:17:59.255 [main] DEBUG net.serenitybdd.core.photography.Darkroom - Send negative for processing for target\site\serenity\412e34bb5c2318a2d00b5be5a2991b0ca0888bcdd96e70d6ef452a6cb9977e08.png
15:17:59.255 [Darkroom Processing Line] DEBUG net.serenitybdd.core.photography.DarkroomProcessingLine - Processing screenshot image in /var/screenshots/screenshot-9248538081090988257
15:17:59.255 [Darkroom Processing Line] DEBUG net.serenitybdd.core.photography.DarkroomProcessingLine - Saving screenshot to target\site\serenity\412e34bb5c2318a2d00b5be5a2991b0ca0888bcdd96e70d6ef452a6cb9977e08.png
15:17:59.261 [Forwarding findElement on session 212a7f7908fcb9cca11f20c41681210a to remote] DEBUG org.asynchttpclient.netty.request.NettyRequestSender - Using pooled Channel '[id: 0xe2921d5a, L:/127.0.0.1:51438 - R:localhost/127.0.0.1:60845]' for 'POST' to 'http://localhost:60845/session/212a7f7908fcb9cca11f20c41681210a/element'
15:17:59.261 [Forwarding findElement on session 212a7f7908fcb9cca11f20c41681210a to remote] DEBUG org.asynchttpclient.netty.request.NettyRequestSender - Using open Channel [id: 0xe2921d5a, L:/127.0.0.1:51438 - R:localhost/127.0.0.1:60845] for POST '/session/212a7f7908fcb9cca11f20c41681210a/element'
15:17:59.276 [AsyncHttpClient-1-12] DEBUG org.asynchttpclient.netty.handler.HttpHandler - 

Request DefaultHttpRequest(decodeResult: success, version: HTTP/1.1)
POST /session/212a7f7908fcb9cca11f20c41681210a/element HTTP/1.1
User-Agent: selenium/4.1.2 (java windows)
Content-Length: 97
Content-Type: application/json; charset=utf-8
host: localhost:60845
accept: */*

Response DefaultHttpResponse(decodeResult: success, version: HTTP/1.1)
HTTP/1.1 200 OK
Content-Type: application/json; charset=utf-8
cache-control: no-cache
content-length: 88

15:17:59.276 [AsyncHttpClient-1-12] DEBUG org.asynchttpclient.netty.channel.ChannelManager - Adding key: http://localhost:60845 for channel [id: 0xe2921d5a, L:/127.0.0.1:51438 - R:localhost/127.0.0.1:60845]
15:17:59.280 [Forwarding isElementDisplayed on session 212a7f7908fcb9cca11f20c41681210a to remote] DEBUG org.asynchttpclient.netty.request.NettyRequestSender - Using pooled Channel '[id: 0xe2921d5a, L:/127.0.0.1:51438 - R:localhost/127.0.0.1:60845]' for 'POST' to 'http://localhost:60845/session/212a7f7908fcb9cca11f20c41681210a/execute/sync'
15:17:59.280 [Forwarding isElementDisplayed on session 212a7f7908fcb9cca11f20c41681210a to remote] DEBUG org.asynchttpclient.netty.request.NettyRequestSender - Using open Channel [id: 0xe2921d5a, L:/127.0.0.1:51438 - R:localhost/127.0.0.1:60845] for POST '/session/212a7f7908fcb9cca11f20c41681210a/execute/sync'
15:17:59.296 [AsyncHttpClient-1-12] DEBUG org.asynchttpclient.netty.handler.HttpHandler - 

Request DefaultHttpRequest(decodeResult: success, version: HTTP/1.1)
POST /session/212a7f7908fcb9cca11f20c41681210a/execute/sync HTTP/1.1
User-Agent: selenium/4.1.2 (java windows)
Content-Length: 48780
Content-Type: application/json; charset=utf-8
host: localhost:60845
accept: */*

Response DefaultHttpResponse(decodeResult: success, version: HTTP/1.1)
HTTP/1.1 200 OK
Content-Type: application/json; charset=utf-8
cache-control: no-cache
content-length: 14

15:17:59.296 [AsyncHttpClient-1-12] DEBUG org.asynchttpclient.netty.channel.ChannelManager - Adding key: http://localhost:60845 for channel [id: 0xe2921d5a, L:/127.0.0.1:51438 - R:localhost/127.0.0.1:60845]
  &amp#27;[32mAnd &amp#27;[0m&amp#27;[32mI &amp#27;[0m&amp#27;[32m&amp#27;[1m"txtKoleksiBalita"&amp#27;[0m&amp#27;[32m page&amp#27;[0m     &amp#27;[90m# starter.stepdefinitions.BabyStep.iPage(java.lang.String)&amp#27;[0m
15:17:59.306 [AsyncHttpClient-1-14] DEBUG org.asynchttpclient.netty.handler.WebSocketHandler - Channel Closed: [id: 0x49d4fa1f, L:/127.0.0.1:51446 ! R:localhost/127.0.0.1:51439] with attribute NettyResponseFuture{currentRetry=5,
	isDone=1,
	isCancelled=0,
	asyncHandler=org.asynchttpclient.ws.WebSocketUpgradeHandler@466c3648,
	nettyRequest=org.asynchttpclient.netty.request.NettyRequest@50bb35ef,
	future=java.util.concurrent.CompletableFuture@f450dde[Completed normally],
	uri=ws://localhost:51439/devtools/browser/5542972a-826e-4cc9-a457-b7c6a9bd9f33,
	keepAlive=true,
	redirectCount=0,
	timeoutsHolder=null,
	inAuth=0,
	touch=1680855468710}
15:17:59.306 [AsyncHttpClient-1-14] DEBUG org.asynchttpclient.netty.channel.ChannelManager - Closing Channel [id: 0x49d4fa1f, L:/127.0.0.1:51446 ! R:localhost/127.0.0.1:51439] 
15:17:59.306 [Driver Command Executor] DEBUG org.asynchttpclient.netty.request.NettyRequestSender - Using pooled Channel '[id: 0xe2921d5a, L:/127.0.0.1:51438 - R:localhost/127.0.0.1:60845]' for 'DELETE' to 'http://localhost:60845/session/212a7f7908fcb9cca11f20c41681210a'
15:17:59.306 [Driver Command Executor] DEBUG org.asynchttpclient.netty.request.NettyRequestSender - Using open Channel [id: 0xe2921d5a, L:/127.0.0.1:51438 - R:localhost/127.0.0.1:60845] for DELETE '/session/212a7f7908fcb9cca11f20c41681210a'
15:17:59.339 [AsyncHttpClient-1-13] DEBUG org.asynchttpclient.netty.handler.HttpHandler - Unexpected I/O exception on channel [id: 0x81e3d9b6, L:/127.0.0.1:51445 - R:localhost/127.0.0.1:51439]
java.net.SocketException: Connection reset
	at java.base/sun.nio.ch.SocketChannelImpl.throwConnectionReset(SocketChannelImpl.java:345)
	at java.base/sun.nio.ch.SocketChannelImpl.read(SocketChannelImpl.java:376)
	at io.netty.buffer.PooledByteBuf.setBytes(PooledByteBuf.java:258)
	at io.netty.buffer.AbstractByteBuf.writeBytes(AbstractByteBuf.java:1132)
	at io.netty.channel.socket.nio.NioSocketChannel.doReadBytes(NioSocketChannel.java:350)
	at io.netty.channel.nio.AbstractNioByteChannel$NioByteUnsafe.read(AbstractNioByteChannel.java:151)
	at io.netty.channel.nio.NioEventLoop.processSelectedKey(NioEventLoop.java:722)
	at io.netty.channel.nio.NioEventLoop.processSelectedKeysOptimized(NioEventLoop.java:658)
	at io.netty.channel.nio.NioEventLoop.processSelectedKeys(NioEventLoop.java:584)
	at io.netty.channel.nio.NioEventLoop.run(NioEventLoop.java:496)
	at io.netty.util.concurrent.SingleThreadEventExecutor$4.run(SingleThreadEventExecutor.java:986)
	at io.netty.util.internal.ThreadExecutorMap$2.run(ThreadExecutorMap.java:74)
	at io.netty.util.concurrent.FastThreadLocalRunnable.run(FastThreadLocalRunnable.java:30)
	at java.base/java.lang.Thread.run(Thread.java:830)
15:17:59.339 [AsyncHttpClient-1-13] DEBUG org.asynchttpclient.netty.channel.ChannelManager - Closing Channel [id: 0x81e3d9b6, L:/127.0.0.1:51445 - R:localhost/127.0.0.1:51439] 
15:17:59.339 [AsyncHttpClient-1-13] DEBUG org.asynchttpclient.netty.handler.HttpHandler - Channel Closed: [id: 0x81e3d9b6, L:/127.0.0.1:51445 ! R:localhost/127.0.0.1:51439] with attribute DISCARD
15:17:59.386 [AsyncHttpClient-1-12] DEBUG org.asynchttpclient.netty.handler.HttpHandler - 

Request DefaultFullHttpRequest(decodeResult: success, version: HTTP/1.1, content: EmptyByteBufBE)
DELETE /session/212a7f7908fcb9cca11f20c41681210a HTTP/1.1
User-Agent: selenium/4.1.2 (java windows)
Content-Type: application/json; charset=utf-8
host: localhost:60845
accept: */*

Response DefaultHttpResponse(decodeResult: success, version: HTTP/1.1)
HTTP/1.1 200 OK
Content-Type: application/json; charset=utf-8
cache-control: no-cache
content-length: 14

15:17:59.386 [AsyncHttpClient-1-12] DEBUG org.asynchttpclient.netty.channel.ChannelManager - Adding key: http://localhost:60845 for channel [id: 0xe2921d5a, L:/127.0.0.1:51438 - R:localhost/127.0.0.1:60845]
15:17:59.528 [AsyncHttpClient-1-12] DEBUG org.asynchttpclient.netty.handler.HttpHandler - Channel Closed: [id: 0xe2921d5a, L:/127.0.0.1:51438 ! R:localhost/127.0.0.1:60845] with attribute DISCARD
]]></system-out>
    <system-err><![CDATA[Starting Microsoft Edge WebDriver 111.0.1661.62 (0a8f453929e6410c973aa529a40485ce4e3e03db) on port 60845
To submit feedback, report a bug, or suggest new features, please visit https://github.com/MicrosoftEdge/EdgeWebDriver

Only local connections are allowed.
Please see https://aka.ms/WebDriverSecurity for suggestions on keeping Microsoft Edge WebDriver safe.

Microsoft Edge WebDriver was started successfully.
Apr 07, 2023 3:17:48 PM org.openqa.selenium.remote.ProtocolHandshake createSession
INFO: Detected dialect: W3C
Apr 07, 2023 3:17:48 PM org.openqa.selenium.devtools.CdpVersionFinder findNearestMatch
WARNING: Unable to find an exact match for CDP version 111, so returning the closest version found: a no-op implementation
Apr 07, 2023 3:17:48 PM org.openqa.selenium.devtools.CdpVersionFinder findNearestMatch
INFO: Unable to find CDP implementation matching 111.
Apr 07, 2023 3:17:48 PM org.openqa.selenium.chromium.ChromiumDriver lambda$new$3
WARNING: Unable to find version of CDP to use for . You may need to include a dependency on a specific version of the CDP using something similar to `org.seleniumhq.selenium:selenium-devtools-v86:4.1.2` where the version ("v86") matches the version of the chromium-based browser you're using and the version number of the artifact is the same as Selenium's.
]]></system-err>
  </testcase>
  <testcase name="Fitur Menu Baby #16" classname="Baby" time="10.272">
    <system-out><![CDATA[
Scenario Outline: Fitur Menu Baby &amp#27;[90m# src/test/resources/features/Baby.feature:108&amp#27;[0m
15:18:00.127 [main] INFO io.cucumber.core.plugin.SerenityReporter - Running feature from file:///C:/Users/alwi/IdeaProjects/uniqloweb/src/test/resources/features/Baby.feature
15:18:00.215 [AsyncHttpClient-1-1] DEBUG org.asynchttpclient.netty.channel.DefaultChannelPool - Entry count for : http://localhost:51439 : 1
15:18:00.215 [AsyncHttpClient-1-1] DEBUG org.asynchttpclient.netty.channel.DefaultChannelPool - Entry count for : http://localhost:60845 : 1
15:18:00.215 [AsyncHttpClient-1-1] DEBUG org.asynchttpclient.netty.channel.DefaultChannelPool - Adding Candidate expired Channel [id: 0x81e3d9b6, L:/127.0.0.1:51445 ! R:localhost/127.0.0.1:51439] isIdleTimeoutExpired=false isRemotelyClosed=true isTtlExpired=false
15:18:00.215 [AsyncHttpClient-1-1] DEBUG org.asynchttpclient.netty.channel.DefaultChannelPool - Closing Idle Channel [id: 0x81e3d9b6, L:/127.0.0.1:51445 ! R:localhost/127.0.0.1:51439]
15:18:00.215 [AsyncHttpClient-1-1] DEBUG org.asynchttpclient.netty.channel.DefaultChannelPool - Adding Candidate expired Channel [id: 0xe2921d5a, L:/127.0.0.1:51438 ! R:localhost/127.0.0.1:60845] isIdleTimeoutExpired=false isRemotelyClosed=true isTtlExpired=false
15:18:00.215 [AsyncHttpClient-1-1] DEBUG org.asynchttpclient.netty.channel.DefaultChannelPool - Closing Idle Channel [id: 0xe2921d5a, L:/127.0.0.1:51438 ! R:localhost/127.0.0.1:60845]
15:18:00.215 [AsyncHttpClient-1-1] DEBUG org.asynchttpclient.netty.channel.DefaultChannelPool - Closed 2 connections out of 2 in 0 ms
15:18:00.247 [main] DEBUG io.github.bonigarcia.wdm.cache.ResolutionCache - Resolution edge=111 in cache (valid until 16:02:35 07/04/2023 WIB)
15:18:00.253 [main] DEBUG io.github.bonigarcia.wdm.cache.ResolutionCache - Resolution edge111=111.0.1661.62 in cache (valid until 15:02:35 08/04/2023 WIB)
15:18:00.255 [main] INFO io.github.bonigarcia.wdm.WebDriverManager - Using msedgedriver 111.0.1661.62 (resolved driver for Edge 111)
15:18:00.270 [main] DEBUG io.github.bonigarcia.wdm.WebDriverManager - Driver msedgedriver 111.0.1661.62 found in cache
15:18:00.271 [main] INFO io.github.bonigarcia.wdm.WebDriverManager - Exporting webdriver.edge.driver as C:\Users\alwi\.cache\selenium\msedgedriver\win64\111.0.1661.62\msedgedriver.exe
15:18:00.272 [main] DEBUG net.serenitybdd.core.webdriver.driverproviders.ProvideNewDriver - Instantiating driver
15:18:00.272 [main] DEBUG net.serenitybdd.core.webdriver.driverproviders.ProvideNewDriver - Driver capabilities: Capabilities {base.url: https://www.uniqlo.com, chrome.driver: src/test/resources/webdrive..., driver: edge, ms:edgeChromium: true, ms:edgeOptions: {}, wait.for.timeout: 6000}
15:18:00.804 [AsyncHttpClient-1-15] DEBUG org.asynchttpclient.netty.channel.NettyConnectListener - Using new Channel '[id: 0x9c1457b4, L:/127.0.0.1:51591 - R:localhost/127.0.0.1:53987]' for 'POST' to '/session'
15:18:01.447 [AsyncHttpClient-1-15] DEBUG org.asynchttpclient.netty.handler.HttpHandler - 

Request DefaultHttpRequest(decodeResult: success, version: HTTP/1.1)
POST /session HTTP/1.1
User-Agent: selenium/4.1.2 (java windows)
Content-Length: 627
Content-Type: application/json; charset=utf-8
host: localhost:53987
accept: */*

Response DefaultHttpResponse(decodeResult: success, version: HTTP/1.1)
HTTP/1.1 200 OK
Content-Type: application/json; charset=utf-8
cache-control: no-cache
content-length: 822

15:18:01.447 [AsyncHttpClient-1-15] DEBUG org.asynchttpclient.netty.channel.ChannelManager - Adding key: http://localhost:53987 for channel [id: 0x9c1457b4, L:/127.0.0.1:51591 - R:localhost/127.0.0.1:53987]
15:18:01.455 [AsyncHttpClient-1-16] DEBUG org.asynchttpclient.netty.channel.NettyConnectListener - Using new Channel '[id: 0xccfbb83f, L:/127.0.0.1:51599 - R:localhost/127.0.0.1:51592]' for 'GET' to '/json/version'
15:18:01.456 [AsyncHttpClient-1-16] DEBUG org.asynchttpclient.netty.handler.HttpHandler - 

Request DefaultFullHttpRequest(decodeResult: success, version: HTTP/1.1, content: EmptyByteBufBE)
GET /json/version HTTP/1.1
User-Agent: selenium/4.1.2 (java windows)
host: localhost:51592
accept: */*

Response DefaultHttpResponse(decodeResult: success, version: HTTP/1.1)
HTTP/1.1 200 OK
Content-Security-Policy: frame-ancestors 'none'
Content-Type: application/json; charset=UTF-8
content-length: 436

15:18:01.456 [AsyncHttpClient-1-16] DEBUG org.asynchttpclient.netty.channel.ChannelManager - Adding key: http://localhost:51592 for channel [id: 0xccfbb83f, L:/127.0.0.1:51599 - R:localhost/127.0.0.1:51592]
15:18:01.458 [AsyncHttpClient-1-17] DEBUG org.asynchttpclient.netty.channel.NettyConnectListener - Using new Channel '[id: 0x1e6212ad, L:/127.0.0.1:51600 - R:localhost/127.0.0.1:51592]' for 'GET' to '/devtools/browser/9bd8754e-c2b6-4a43-ba06-06ca3e67b821'
15:18:01.458 [AsyncHttpClient-1-17] DEBUG org.asynchttpclient.netty.handler.WebSocketHandler - 

Request DefaultFullHttpRequest(decodeResult: success, version: HTTP/1.1, content: EmptyByteBufBE)
GET /devtools/browser/9bd8754e-c2b6-4a43-ba06-06ca3e67b821 HTTP/1.1
upgrade: websocket
connection: upgrade
sec-websocket-key: Htejbo1NhkJ79t/vpmYaYg==
sec-websocket-version: 13
origin: http://localhost:51592
host: localhost:51592
accept: */*
user-agent: AHC/2.1

Response DefaultHttpResponse(decodeResult: success, version: HTTP/1.1)
HTTP/1.1 101 WebSocket Protocol Handshake
Upgrade: WebSocket
Connection: Upgrade
Sec-WebSocket-Accept: +Q0CltMraxdFIeiSiCVQDd5tN3A=

15:18:01.461 [Forwarding get on session 15cf2a281344a9cb708a93362f50d644 to remote] DEBUG org.asynchttpclient.netty.request.NettyRequestSender - Using pooled Channel '[id: 0x9c1457b4, L:/127.0.0.1:51591 - R:localhost/127.0.0.1:53987]' for 'POST' to 'http://localhost:53987/session/15cf2a281344a9cb708a93362f50d644/url'
15:18:01.462 [Forwarding get on session 15cf2a281344a9cb708a93362f50d644 to remote] DEBUG org.asynchttpclient.netty.request.NettyRequestSender - Using open Channel [id: 0x9c1457b4, L:/127.0.0.1:51591 - R:localhost/127.0.0.1:53987] for POST '/session/15cf2a281344a9cb708a93362f50d644/url'
15:18:02.406 [AsyncHttpClient-1-1] DEBUG org.asynchttpclient.netty.channel.DefaultChannelPool - Entry count for : http://localhost:51592 : 1
15:18:03.507 [AsyncHttpClient-1-1] DEBUG org.asynchttpclient.netty.channel.DefaultChannelPool - Entry count for : http://localhost:51592 : 1
15:18:04.606 [AsyncHttpClient-1-1] DEBUG org.asynchttpclient.netty.channel.DefaultChannelPool - Entry count for : http://localhost:51592 : 1
15:18:05.708 [AsyncHttpClient-1-1] DEBUG org.asynchttpclient.netty.channel.DefaultChannelPool - Entry count for : http://localhost:51592 : 1
15:18:06.805 [AsyncHttpClient-1-1] DEBUG org.asynchttpclient.netty.channel.DefaultChannelPool - Entry count for : http://localhost:51592 : 1
15:18:07.207 [AsyncHttpClient-1-15] DEBUG org.asynchttpclient.netty.handler.HttpHandler - 

Request DefaultHttpRequest(decodeResult: success, version: HTTP/1.1)
POST /session/15cf2a281344a9cb708a93362f50d644/url HTTP/1.1
User-Agent: selenium/4.1.2 (java windows)
Content-Length: 53
Content-Type: application/json; charset=utf-8
host: localhost:53987
accept: */*

Response DefaultHttpResponse(decodeResult: success, version: HTTP/1.1)
HTTP/1.1 200 OK
Content-Type: application/json; charset=utf-8
cache-control: no-cache
content-length: 14

15:18:07.208 [AsyncHttpClient-1-15] DEBUG org.asynchttpclient.netty.channel.ChannelManager - Adding key: http://localhost:53987 for channel [id: 0x9c1457b4, L:/127.0.0.1:51591 - R:localhost/127.0.0.1:53987]
15:18:07.209 [Forwarding setTimeout on session 15cf2a281344a9cb708a93362f50d644 to remote] DEBUG org.asynchttpclient.netty.request.NettyRequestSender - Using pooled Channel '[id: 0x9c1457b4, L:/127.0.0.1:51591 - R:localhost/127.0.0.1:53987]' for 'POST' to 'http://localhost:53987/session/15cf2a281344a9cb708a93362f50d644/timeouts'
15:18:07.209 [Forwarding setTimeout on session 15cf2a281344a9cb708a93362f50d644 to remote] DEBUG org.asynchttpclient.netty.request.NettyRequestSender - Using open Channel [id: 0x9c1457b4, L:/127.0.0.1:51591 - R:localhost/127.0.0.1:53987] for POST '/session/15cf2a281344a9cb708a93362f50d644/timeouts'
15:18:07.209 [AsyncHttpClient-1-15] DEBUG org.asynchttpclient.netty.handler.HttpHandler - 

Request DefaultHttpRequest(decodeResult: success, version: HTTP/1.1)
POST /session/15cf2a281344a9cb708a93362f50d644/timeouts HTTP/1.1
User-Agent: selenium/4.1.2 (java windows)
Content-Length: 22
Content-Type: application/json; charset=utf-8
host: localhost:53987
accept: */*

Response DefaultHttpResponse(decodeResult: success, version: HTTP/1.1)
HTTP/1.1 200 OK
Content-Type: application/json; charset=utf-8
cache-control: no-cache
content-length: 14

15:18:07.210 [AsyncHttpClient-1-15] DEBUG org.asynchttpclient.netty.channel.ChannelManager - Adding key: http://localhost:53987 for channel [id: 0x9c1457b4, L:/127.0.0.1:51591 - R:localhost/127.0.0.1:53987]
15:18:07.214 [Forwarding getCurrentUrl on session 15cf2a281344a9cb708a93362f50d644 to remote] DEBUG org.asynchttpclient.netty.request.NettyRequestSender - Using pooled Channel '[id: 0x9c1457b4, L:/127.0.0.1:51591 - R:localhost/127.0.0.1:53987]' for 'GET' to 'http://localhost:53987/session/15cf2a281344a9cb708a93362f50d644/url'
15:18:07.214 [Forwarding getCurrentUrl on session 15cf2a281344a9cb708a93362f50d644 to remote] DEBUG org.asynchttpclient.netty.request.NettyRequestSender - Using open Channel [id: 0x9c1457b4, L:/127.0.0.1:51591 - R:localhost/127.0.0.1:53987] for GET '/session/15cf2a281344a9cb708a93362f50d644/url'
15:18:07.225 [AsyncHttpClient-1-15] DEBUG org.asynchttpclient.netty.handler.HttpHandler - 

Request DefaultFullHttpRequest(decodeResult: success, version: HTTP/1.1, content: EmptyByteBufBE)
GET /session/15cf2a281344a9cb708a93362f50d644/url HTTP/1.1
User-Agent: selenium/4.1.2 (java windows)
Cache-Control: no-cache
Content-Type: application/json; charset=utf-8
host: localhost:53987
accept: */*

Response DefaultHttpResponse(decodeResult: success, version: HTTP/1.1)
HTTP/1.1 200 OK
Content-Type: application/json; charset=utf-8
cache-control: no-cache
content-length: 41

15:18:07.225 [AsyncHttpClient-1-15] DEBUG org.asynchttpclient.netty.channel.ChannelManager - Adding key: http://localhost:53987 for channel [id: 0x9c1457b4, L:/127.0.0.1:51591 - R:localhost/127.0.0.1:53987]
  &amp#27;[32mGiven &amp#27;[0m&amp#27;[32mI am on the home page&amp#27;[0m     &amp#27;[90m# starter.stepdefinitions.BabyStep.iAmOnTheHomePage()&amp#27;[0m
15:18:07.229 [Forwarding screenshot on session 15cf2a281344a9cb708a93362f50d644 to remote] DEBUG org.asynchttpclient.netty.request.NettyRequestSender - Using pooled Channel '[id: 0x9c1457b4, L:/127.0.0.1:51591 - R:localhost/127.0.0.1:53987]' for 'GET' to 'http://localhost:53987/session/15cf2a281344a9cb708a93362f50d644/screenshot'
15:18:07.229 [Forwarding screenshot on session 15cf2a281344a9cb708a93362f50d644 to remote] DEBUG org.asynchttpclient.netty.request.NettyRequestSender - Using open Channel [id: 0x9c1457b4, L:/127.0.0.1:51591 - R:localhost/127.0.0.1:53987] for GET '/session/15cf2a281344a9cb708a93362f50d644/screenshot'
15:18:07.558 [AsyncHttpClient-1-15] DEBUG org.asynchttpclient.netty.handler.HttpHandler - 

Request DefaultFullHttpRequest(decodeResult: success, version: HTTP/1.1, content: EmptyByteBufBE)
GET /session/15cf2a281344a9cb708a93362f50d644/screenshot HTTP/1.1
User-Agent: selenium/4.1.2 (java windows)
Cache-Control: no-cache
Content-Type: application/json; charset=utf-8
host: localhost:53987
accept: */*

Response DefaultHttpResponse(decodeResult: success, version: HTTP/1.1)
HTTP/1.1 200 OK
Content-Type: application/json; charset=utf-8
cache-control: no-cache
content-length: 1022316

15:18:07.560 [AsyncHttpClient-1-15] DEBUG org.asynchttpclient.netty.channel.ChannelManager - Adding key: http://localhost:53987 for channel [id: 0x9c1457b4, L:/127.0.0.1:51591 - R:localhost/127.0.0.1:53987]
15:18:07.595 [main] DEBUG net.serenitybdd.core.photography.Darkroom - Send negative for processing for target\site\serenity\b0ddf3608b8f51a6a3adc36e4acd901b7a2c5b7adc6fd42a924a7c7a6358c0ea.png
15:18:07.604 [Forwarding findElement on session 15cf2a281344a9cb708a93362f50d644 to remote] DEBUG org.asynchttpclient.netty.request.NettyRequestSender - Using pooled Channel '[id: 0x9c1457b4, L:/127.0.0.1:51591 - R:localhost/127.0.0.1:53987]' for 'POST' to 'http://localhost:53987/session/15cf2a281344a9cb708a93362f50d644/element'
15:18:07.604 [Forwarding findElement on session 15cf2a281344a9cb708a93362f50d644 to remote] DEBUG org.asynchttpclient.netty.request.NettyRequestSender - Using open Channel [id: 0x9c1457b4, L:/127.0.0.1:51591 - R:localhost/127.0.0.1:53987] for POST '/session/15cf2a281344a9cb708a93362f50d644/element'
15:18:07.618 [AsyncHttpClient-1-15] DEBUG org.asynchttpclient.netty.handler.HttpHandler - 

Request DefaultHttpRequest(decodeResult: success, version: HTTP/1.1)
POST /session/15cf2a281344a9cb708a93362f50d644/element HTTP/1.1
User-Agent: selenium/4.1.2 (java windows)
Content-Length: 81
Content-Type: application/json; charset=utf-8
host: localhost:53987
accept: */*

Response DefaultHttpResponse(decodeResult: success, version: HTTP/1.1)
HTTP/1.1 200 OK
Content-Type: application/json; charset=utf-8
cache-control: no-cache
content-length: 88

15:18:07.618 [AsyncHttpClient-1-15] DEBUG org.asynchttpclient.netty.channel.ChannelManager - Adding key: http://localhost:53987 for channel [id: 0x9c1457b4, L:/127.0.0.1:51591 - R:localhost/127.0.0.1:53987]
15:18:07.619 [Forwarding getElementTagName on session 15cf2a281344a9cb708a93362f50d644 to remote] DEBUG org.asynchttpclient.netty.request.NettyRequestSender - Using pooled Channel '[id: 0x9c1457b4, L:/127.0.0.1:51591 - R:localhost/127.0.0.1:53987]' for 'GET' to 'http://localhost:53987/session/15cf2a281344a9cb708a93362f50d644/element/8d492079-1ad5-44e6-bd3b-af01fbad7ab6/name'
15:18:07.619 [Forwarding getElementTagName on session 15cf2a281344a9cb708a93362f50d644 to remote] DEBUG org.asynchttpclient.netty.request.NettyRequestSender - Using open Channel [id: 0x9c1457b4, L:/127.0.0.1:51591 - R:localhost/127.0.0.1:53987] for GET '/session/15cf2a281344a9cb708a93362f50d644/element/8d492079-1ad5-44e6-bd3b-af01fbad7ab6/name'
15:18:07.623 [AsyncHttpClient-1-15] DEBUG org.asynchttpclient.netty.handler.HttpHandler - 

Request DefaultFullHttpRequest(decodeResult: success, version: HTTP/1.1, content: EmptyByteBufBE)
GET /session/15cf2a281344a9cb708a93362f50d644/element/8d492079-1ad5-44e6-bd3b-af01fbad7ab6/name HTTP/1.1
User-Agent: selenium/4.1.2 (java windows)
Cache-Control: no-cache
Content-Type: application/json; charset=utf-8
host: localhost:53987
accept: */*

Response DefaultHttpResponse(decodeResult: success, version: HTTP/1.1)
HTTP/1.1 200 OK
Content-Type: application/json; charset=utf-8
cache-control: no-cache
content-length: 16

15:18:07.623 [AsyncHttpClient-1-15] DEBUG org.asynchttpclient.netty.channel.ChannelManager - Adding key: http://localhost:53987 for channel [id: 0x9c1457b4, L:/127.0.0.1:51591 - R:localhost/127.0.0.1:53987]
15:18:07.624 [Forwarding getElementTagName on session 15cf2a281344a9cb708a93362f50d644 to remote] DEBUG org.asynchttpclient.netty.request.NettyRequestSender - Using pooled Channel '[id: 0x9c1457b4, L:/127.0.0.1:51591 - R:localhost/127.0.0.1:53987]' for 'GET' to 'http://localhost:53987/session/15cf2a281344a9cb708a93362f50d644/element/8d492079-1ad5-44e6-bd3b-af01fbad7ab6/name'
15:18:07.624 [Forwarding getElementTagName on session 15cf2a281344a9cb708a93362f50d644 to remote] DEBUG org.asynchttpclient.netty.request.NettyRequestSender - Using open Channel [id: 0x9c1457b4, L:/127.0.0.1:51591 - R:localhost/127.0.0.1:53987] for GET '/session/15cf2a281344a9cb708a93362f50d644/element/8d492079-1ad5-44e6-bd3b-af01fbad7ab6/name'
15:18:07.626 [AsyncHttpClient-1-15] DEBUG org.asynchttpclient.netty.handler.HttpHandler - 

Request DefaultFullHttpRequest(decodeResult: success, version: HTTP/1.1, content: EmptyByteBufBE)
GET /session/15cf2a281344a9cb708a93362f50d644/element/8d492079-1ad5-44e6-bd3b-af01fbad7ab6/name HTTP/1.1
User-Agent: selenium/4.1.2 (java windows)
Cache-Control: no-cache
Content-Type: application/json; charset=utf-8
host: localhost:53987
accept: */*

Response DefaultHttpResponse(decodeResult: success, version: HTTP/1.1)
HTTP/1.1 200 OK
Content-Type: application/json; charset=utf-8
cache-control: no-cache
content-length: 16

15:18:07.626 [AsyncHttpClient-1-15] DEBUG org.asynchttpclient.netty.channel.ChannelManager - Adding key: http://localhost:53987 for channel [id: 0x9c1457b4, L:/127.0.0.1:51591 - R:localhost/127.0.0.1:53987]
15:18:07.627 [Forwarding findElement on session 15cf2a281344a9cb708a93362f50d644 to remote] DEBUG org.asynchttpclient.netty.request.NettyRequestSender - Using pooled Channel '[id: 0x9c1457b4, L:/127.0.0.1:51591 - R:localhost/127.0.0.1:53987]' for 'POST' to 'http://localhost:53987/session/15cf2a281344a9cb708a93362f50d644/element'
15:18:07.628 [Forwarding findElement on session 15cf2a281344a9cb708a93362f50d644 to remote] DEBUG org.asynchttpclient.netty.request.NettyRequestSender - Using open Channel [id: 0x9c1457b4, L:/127.0.0.1:51591 - R:localhost/127.0.0.1:53987] for POST '/session/15cf2a281344a9cb708a93362f50d644/element'
15:18:07.637 [AsyncHttpClient-1-15] DEBUG org.asynchttpclient.netty.handler.HttpHandler - 

Request DefaultHttpRequest(decodeResult: success, version: HTTP/1.1)
POST /session/15cf2a281344a9cb708a93362f50d644/element HTTP/1.1
User-Agent: selenium/4.1.2 (java windows)
Content-Length: 81
Content-Type: application/json; charset=utf-8
host: localhost:53987
accept: */*

Response DefaultHttpResponse(decodeResult: success, version: HTTP/1.1)
HTTP/1.1 200 OK
Content-Type: application/json; charset=utf-8
cache-control: no-cache
content-length: 88

15:18:07.638 [AsyncHttpClient-1-15] DEBUG org.asynchttpclient.netty.channel.ChannelManager - Adding key: http://localhost:53987 for channel [id: 0x9c1457b4, L:/127.0.0.1:51591 - R:localhost/127.0.0.1:53987]
15:18:07.639 [Forwarding clickElement on session 15cf2a281344a9cb708a93362f50d644 to remote] DEBUG org.asynchttpclient.netty.request.NettyRequestSender - Using pooled Channel '[id: 0x9c1457b4, L:/127.0.0.1:51591 - R:localhost/127.0.0.1:53987]' for 'POST' to 'http://localhost:53987/session/15cf2a281344a9cb708a93362f50d644/element/8d492079-1ad5-44e6-bd3b-af01fbad7ab6/click'
15:18:07.639 [Forwarding clickElement on session 15cf2a281344a9cb708a93362f50d644 to remote] DEBUG org.asynchttpclient.netty.request.NettyRequestSender - Using open Channel [id: 0x9c1457b4, L:/127.0.0.1:51591 - R:localhost/127.0.0.1:53987] for POST '/session/15cf2a281344a9cb708a93362f50d644/element/8d492079-1ad5-44e6-bd3b-af01fbad7ab6/click'
15:18:07.909 [AsyncHttpClient-1-1] DEBUG org.asynchttpclient.netty.channel.DefaultChannelPool - Entry count for : http://localhost:51592 : 1
15:18:08.095 [AsyncHttpClient-1-15] DEBUG org.asynchttpclient.netty.handler.HttpHandler - 

Request DefaultHttpRequest(decodeResult: success, version: HTTP/1.1)
POST /session/15cf2a281344a9cb708a93362f50d644/element/8d492079-1ad5-44e6-bd3b-af01fbad7ab6/click HTTP/1.1
User-Agent: selenium/4.1.2 (java windows)
Content-Length: 50
Content-Type: application/json; charset=utf-8
host: localhost:53987
accept: */*

Response DefaultHttpResponse(decodeResult: success, version: HTTP/1.1)
HTTP/1.1 200 OK
Content-Type: application/json; charset=utf-8
cache-control: no-cache
content-length: 14

15:18:08.095 [AsyncHttpClient-1-15] DEBUG org.asynchttpclient.netty.channel.ChannelManager - Adding key: http://localhost:53987 for channel [id: 0x9c1457b4, L:/127.0.0.1:51591 - R:localhost/127.0.0.1:53987]
  &amp#27;[32mThen &amp#27;[0m&amp#27;[32mI click baby on the header&amp#27;[0m &amp#27;[90m# starter.stepdefinitions.BabyStep.iClickBabyOnTheHeader()&amp#27;[0m
15:18:08.106 [Forwarding screenshot on session 15cf2a281344a9cb708a93362f50d644 to remote] DEBUG org.asynchttpclient.netty.request.NettyRequestSender - Using pooled Channel '[id: 0x9c1457b4, L:/127.0.0.1:51591 - R:localhost/127.0.0.1:53987]' for 'GET' to 'http://localhost:53987/session/15cf2a281344a9cb708a93362f50d644/screenshot'
15:18:08.106 [Forwarding screenshot on session 15cf2a281344a9cb708a93362f50d644 to remote] DEBUG org.asynchttpclient.netty.request.NettyRequestSender - Using open Channel [id: 0x9c1457b4, L:/127.0.0.1:51591 - R:localhost/127.0.0.1:53987] for GET '/session/15cf2a281344a9cb708a93362f50d644/screenshot'
15:18:08.875 [AsyncHttpClient-1-15] DEBUG org.asynchttpclient.netty.handler.HttpHandler - 

Request DefaultFullHttpRequest(decodeResult: success, version: HTTP/1.1, content: EmptyByteBufBE)
GET /session/15cf2a281344a9cb708a93362f50d644/screenshot HTTP/1.1
User-Agent: selenium/4.1.2 (java windows)
Cache-Control: no-cache
Content-Type: application/json; charset=utf-8
host: localhost:53987
accept: */*

Response DefaultHttpResponse(decodeResult: success, version: HTTP/1.1)
HTTP/1.1 200 OK
Content-Type: application/json; charset=utf-8
cache-control: no-cache
content-length: 140928

15:18:08.876 [AsyncHttpClient-1-15] DEBUG org.asynchttpclient.netty.channel.ChannelManager - Adding key: http://localhost:53987 for channel [id: 0x9c1457b4, L:/127.0.0.1:51591 - R:localhost/127.0.0.1:53987]
15:18:08.880 [main] DEBUG net.serenitybdd.core.photography.Darkroom - Send negative for processing for target\site\serenity\786617e4ca544c18a04464c1022fd0454641cf9c24e13196ee68bc41efb1dbb8.png
15:18:08.881 [Darkroom Processing Line] DEBUG net.serenitybdd.core.photography.DarkroomProcessingLine - Processing screenshot image in /var/screenshots/screenshot-8841328068585028345
15:18:08.881 [Darkroom Processing Line] DEBUG net.serenitybdd.core.photography.DarkroomProcessingLine - Saving screenshot to target\site\serenity\786617e4ca544c18a04464c1022fd0454641cf9c24e13196ee68bc41efb1dbb8.png
15:18:08.889 [Forwarding findElement on session 15cf2a281344a9cb708a93362f50d644 to remote] DEBUG org.asynchttpclient.netty.request.NettyRequestSender - Using pooled Channel '[id: 0x9c1457b4, L:/127.0.0.1:51591 - R:localhost/127.0.0.1:53987]' for 'POST' to 'http://localhost:53987/session/15cf2a281344a9cb708a93362f50d644/element'
15:18:08.890 [Forwarding findElement on session 15cf2a281344a9cb708a93362f50d644 to remote] DEBUG org.asynchttpclient.netty.request.NettyRequestSender - Using open Channel [id: 0x9c1457b4, L:/127.0.0.1:51591 - R:localhost/127.0.0.1:53987] for POST '/session/15cf2a281344a9cb708a93362f50d644/element'
15:18:08.907 [AsyncHttpClient-1-15] DEBUG org.asynchttpclient.netty.handler.HttpHandler - 

Request DefaultHttpRequest(decodeResult: success, version: HTTP/1.1)
POST /session/15cf2a281344a9cb708a93362f50d644/element HTTP/1.1
User-Agent: selenium/4.1.2 (java windows)
Content-Length: 104
Content-Type: application/json; charset=utf-8
host: localhost:53987
accept: */*

Response DefaultHttpResponse(decodeResult: success, version: HTTP/1.1)
HTTP/1.1 200 OK
Content-Type: application/json; charset=utf-8
cache-control: no-cache
content-length: 88

15:18:08.908 [AsyncHttpClient-1-15] DEBUG org.asynchttpclient.netty.channel.ChannelManager - Adding key: http://localhost:53987 for channel [id: 0x9c1457b4, L:/127.0.0.1:51591 - R:localhost/127.0.0.1:53987]
15:18:08.909 [Forwarding getElementTagName on session 15cf2a281344a9cb708a93362f50d644 to remote] DEBUG org.asynchttpclient.netty.request.NettyRequestSender - Using pooled Channel '[id: 0x9c1457b4, L:/127.0.0.1:51591 - R:localhost/127.0.0.1:53987]' for 'GET' to 'http://localhost:53987/session/15cf2a281344a9cb708a93362f50d644/element/c384a96f-02a2-4551-a6a7-1317d575c58d/name'
15:18:08.909 [Forwarding getElementTagName on session 15cf2a281344a9cb708a93362f50d644 to remote] DEBUG org.asynchttpclient.netty.request.NettyRequestSender - Using open Channel [id: 0x9c1457b4, L:/127.0.0.1:51591 - R:localhost/127.0.0.1:53987] for GET '/session/15cf2a281344a9cb708a93362f50d644/element/c384a96f-02a2-4551-a6a7-1317d575c58d/name'
15:18:08.912 [AsyncHttpClient-1-15] DEBUG org.asynchttpclient.netty.handler.HttpHandler - 

Request DefaultFullHttpRequest(decodeResult: success, version: HTTP/1.1, content: EmptyByteBufBE)
GET /session/15cf2a281344a9cb708a93362f50d644/element/c384a96f-02a2-4551-a6a7-1317d575c58d/name HTTP/1.1
User-Agent: selenium/4.1.2 (java windows)
Cache-Control: no-cache
Content-Type: application/json; charset=utf-8
host: localhost:53987
accept: */*

Response DefaultHttpResponse(decodeResult: success, version: HTTP/1.1)
HTTP/1.1 200 OK
Content-Type: application/json; charset=utf-8
cache-control: no-cache
content-length: 16

15:18:08.912 [AsyncHttpClient-1-15] DEBUG org.asynchttpclient.netty.channel.ChannelManager - Adding key: http://localhost:53987 for channel [id: 0x9c1457b4, L:/127.0.0.1:51591 - R:localhost/127.0.0.1:53987]
15:18:08.913 [Forwarding getElementTagName on session 15cf2a281344a9cb708a93362f50d644 to remote] DEBUG org.asynchttpclient.netty.request.NettyRequestSender - Using pooled Channel '[id: 0x9c1457b4, L:/127.0.0.1:51591 - R:localhost/127.0.0.1:53987]' for 'GET' to 'http://localhost:53987/session/15cf2a281344a9cb708a93362f50d644/element/c384a96f-02a2-4551-a6a7-1317d575c58d/name'
15:18:08.914 [Forwarding getElementTagName on session 15cf2a281344a9cb708a93362f50d644 to remote] DEBUG org.asynchttpclient.netty.request.NettyRequestSender - Using open Channel [id: 0x9c1457b4, L:/127.0.0.1:51591 - R:localhost/127.0.0.1:53987] for GET '/session/15cf2a281344a9cb708a93362f50d644/element/c384a96f-02a2-4551-a6a7-1317d575c58d/name'
15:18:08.917 [AsyncHttpClient-1-15] DEBUG org.asynchttpclient.netty.handler.HttpHandler - 

Request DefaultFullHttpRequest(decodeResult: success, version: HTTP/1.1, content: EmptyByteBufBE)
GET /session/15cf2a281344a9cb708a93362f50d644/element/c384a96f-02a2-4551-a6a7-1317d575c58d/name HTTP/1.1
User-Agent: selenium/4.1.2 (java windows)
Cache-Control: no-cache
Content-Type: application/json; charset=utf-8
host: localhost:53987
accept: */*

Response DefaultHttpResponse(decodeResult: success, version: HTTP/1.1)
HTTP/1.1 200 OK
Content-Type: application/json; charset=utf-8
cache-control: no-cache
content-length: 16

15:18:08.917 [AsyncHttpClient-1-15] DEBUG org.asynchttpclient.netty.channel.ChannelManager - Adding key: http://localhost:53987 for channel [id: 0x9c1457b4, L:/127.0.0.1:51591 - R:localhost/127.0.0.1:53987]
15:18:08.920 [Forwarding findElement on session 15cf2a281344a9cb708a93362f50d644 to remote] DEBUG org.asynchttpclient.netty.request.NettyRequestSender - Using pooled Channel '[id: 0x9c1457b4, L:/127.0.0.1:51591 - R:localhost/127.0.0.1:53987]' for 'POST' to 'http://localhost:53987/session/15cf2a281344a9cb708a93362f50d644/element'
15:18:08.920 [Forwarding findElement on session 15cf2a281344a9cb708a93362f50d644 to remote] DEBUG org.asynchttpclient.netty.request.NettyRequestSender - Using open Channel [id: 0x9c1457b4, L:/127.0.0.1:51591 - R:localhost/127.0.0.1:53987] for POST '/session/15cf2a281344a9cb708a93362f50d644/element'
15:18:08.934 [AsyncHttpClient-1-15] DEBUG org.asynchttpclient.netty.handler.HttpHandler - 

Request DefaultHttpRequest(decodeResult: success, version: HTTP/1.1)
POST /session/15cf2a281344a9cb708a93362f50d644/element HTTP/1.1
User-Agent: selenium/4.1.2 (java windows)
Content-Length: 104
Content-Type: application/json; charset=utf-8
host: localhost:53987
accept: */*

Response DefaultHttpResponse(decodeResult: success, version: HTTP/1.1)
HTTP/1.1 200 OK
Content-Type: application/json; charset=utf-8
cache-control: no-cache
content-length: 88

15:18:08.934 [AsyncHttpClient-1-15] DEBUG org.asynchttpclient.netty.channel.ChannelManager - Adding key: http://localhost:53987 for channel [id: 0x9c1457b4, L:/127.0.0.1:51591 - R:localhost/127.0.0.1:53987]
15:18:08.936 [Forwarding clickElement on session 15cf2a281344a9cb708a93362f50d644 to remote] DEBUG org.asynchttpclient.netty.request.NettyRequestSender - Using pooled Channel '[id: 0x9c1457b4, L:/127.0.0.1:51591 - R:localhost/127.0.0.1:53987]' for 'POST' to 'http://localhost:53987/session/15cf2a281344a9cb708a93362f50d644/element/c384a96f-02a2-4551-a6a7-1317d575c58d/click'
15:18:08.936 [Forwarding clickElement on session 15cf2a281344a9cb708a93362f50d644 to remote] DEBUG org.asynchttpclient.netty.request.NettyRequestSender - Using open Channel [id: 0x9c1457b4, L:/127.0.0.1:51591 - R:localhost/127.0.0.1:53987] for POST '/session/15cf2a281344a9cb708a93362f50d644/element/c384a96f-02a2-4551-a6a7-1317d575c58d/click'
15:18:09.005 [AsyncHttpClient-1-1] DEBUG org.asynchttpclient.netty.channel.DefaultChannelPool - Entry count for : http://localhost:51592 : 1
15:18:09.150 [AsyncHttpClient-1-15] DEBUG org.asynchttpclient.netty.handler.HttpHandler - 

Request DefaultHttpRequest(decodeResult: success, version: HTTP/1.1)
POST /session/15cf2a281344a9cb708a93362f50d644/element/c384a96f-02a2-4551-a6a7-1317d575c58d/click HTTP/1.1
User-Agent: selenium/4.1.2 (java windows)
Content-Length: 50
Content-Type: application/json; charset=utf-8
host: localhost:53987
accept: */*

Response DefaultHttpResponse(decodeResult: success, version: HTTP/1.1)
HTTP/1.1 200 OK
Content-Type: application/json; charset=utf-8
cache-control: no-cache
content-length: 14

15:18:09.150 [AsyncHttpClient-1-15] DEBUG org.asynchttpclient.netty.channel.ChannelManager - Adding key: http://localhost:53987 for channel [id: 0x9c1457b4, L:/127.0.0.1:51591 - R:localhost/127.0.0.1:53987]
  &amp#27;[32mWhen &amp#27;[0m&amp#27;[32mI will go to &amp#27;[0m&amp#27;[32m&amp#27;[1m"atasan2"&amp#27;[0m     &amp#27;[90m# starter.stepdefinitions.BabyStep.iWillGoTo(java.lang.String)&amp#27;[0m
15:18:09.160 [Forwarding screenshot on session 15cf2a281344a9cb708a93362f50d644 to remote] DEBUG org.asynchttpclient.netty.request.NettyRequestSender - Using pooled Channel '[id: 0x9c1457b4, L:/127.0.0.1:51591 - R:localhost/127.0.0.1:53987]' for 'GET' to 'http://localhost:53987/session/15cf2a281344a9cb708a93362f50d644/screenshot'
15:18:09.160 [Forwarding screenshot on session 15cf2a281344a9cb708a93362f50d644 to remote] DEBUG org.asynchttpclient.netty.request.NettyRequestSender - Using open Channel [id: 0x9c1457b4, L:/127.0.0.1:51591 - R:localhost/127.0.0.1:53987] for GET '/session/15cf2a281344a9cb708a93362f50d644/screenshot'
15:18:09.504 [AsyncHttpClient-1-15] DEBUG org.asynchttpclient.netty.handler.HttpHandler - 

Request DefaultFullHttpRequest(decodeResult: success, version: HTTP/1.1, content: EmptyByteBufBE)
GET /session/15cf2a281344a9cb708a93362f50d644/screenshot HTTP/1.1
User-Agent: selenium/4.1.2 (java windows)
Cache-Control: no-cache
Content-Type: application/json; charset=utf-8
host: localhost:53987
accept: */*

Response DefaultHttpResponse(decodeResult: success, version: HTTP/1.1)
HTTP/1.1 200 OK
Content-Type: application/json; charset=utf-8
cache-control: no-cache
content-length: 351420

15:18:09.505 [AsyncHttpClient-1-15] DEBUG org.asynchttpclient.netty.channel.ChannelManager - Adding key: http://localhost:53987 for channel [id: 0x9c1457b4, L:/127.0.0.1:51591 - R:localhost/127.0.0.1:53987]
15:18:09.517 [main] DEBUG net.serenitybdd.core.photography.Darkroom - Send negative for processing for target\site\serenity\e8489d78d17f9c1f96259128f9f773745ef86defbb313a64cdc7df93d1f236cc.png
15:18:09.517 [Darkroom Processing Line] DEBUG net.serenitybdd.core.photography.DarkroomProcessingLine - Processing screenshot image in /var/screenshots/screenshot-6365823538225133123
15:18:09.517 [Darkroom Processing Line] DEBUG net.serenitybdd.core.photography.DarkroomProcessingLine - Saving screenshot to target\site\serenity\e8489d78d17f9c1f96259128f9f773745ef86defbb313a64cdc7df93d1f236cc.png
15:18:09.525 [Forwarding findElement on session 15cf2a281344a9cb708a93362f50d644 to remote] DEBUG org.asynchttpclient.netty.request.NettyRequestSender - Using pooled Channel '[id: 0x9c1457b4, L:/127.0.0.1:51591 - R:localhost/127.0.0.1:53987]' for 'POST' to 'http://localhost:53987/session/15cf2a281344a9cb708a93362f50d644/element'
15:18:09.525 [Forwarding findElement on session 15cf2a281344a9cb708a93362f50d644 to remote] DEBUG org.asynchttpclient.netty.request.NettyRequestSender - Using open Channel [id: 0x9c1457b4, L:/127.0.0.1:51591 - R:localhost/127.0.0.1:53987] for POST '/session/15cf2a281344a9cb708a93362f50d644/element'
15:18:09.536 [AsyncHttpClient-1-15] DEBUG org.asynchttpclient.netty.handler.HttpHandler - 

Request DefaultHttpRequest(decodeResult: success, version: HTTP/1.1)
POST /session/15cf2a281344a9cb708a93362f50d644/element HTTP/1.1
User-Agent: selenium/4.1.2 (java windows)
Content-Length: 89
Content-Type: application/json; charset=utf-8
host: localhost:53987
accept: */*

Response DefaultHttpResponse(decodeResult: success, version: HTTP/1.1)
HTTP/1.1 200 OK
Content-Type: application/json; charset=utf-8
cache-control: no-cache
content-length: 88

15:18:09.536 [AsyncHttpClient-1-15] DEBUG org.asynchttpclient.netty.channel.ChannelManager - Adding key: http://localhost:53987 for channel [id: 0x9c1457b4, L:/127.0.0.1:51591 - R:localhost/127.0.0.1:53987]
15:18:09.541 [Forwarding isElementDisplayed on session 15cf2a281344a9cb708a93362f50d644 to remote] DEBUG org.asynchttpclient.netty.request.NettyRequestSender - Using pooled Channel '[id: 0x9c1457b4, L:/127.0.0.1:51591 - R:localhost/127.0.0.1:53987]' for 'POST' to 'http://localhost:53987/session/15cf2a281344a9cb708a93362f50d644/execute/sync'
15:18:09.541 [Forwarding isElementDisplayed on session 15cf2a281344a9cb708a93362f50d644 to remote] DEBUG org.asynchttpclient.netty.request.NettyRequestSender - Using open Channel [id: 0x9c1457b4, L:/127.0.0.1:51591 - R:localhost/127.0.0.1:53987] for POST '/session/15cf2a281344a9cb708a93362f50d644/execute/sync'
15:18:09.555 [AsyncHttpClient-1-15] DEBUG org.asynchttpclient.netty.handler.HttpHandler - 

Request DefaultHttpRequest(decodeResult: success, version: HTTP/1.1)
POST /session/15cf2a281344a9cb708a93362f50d644/execute/sync HTTP/1.1
User-Agent: selenium/4.1.2 (java windows)
Content-Length: 48780
Content-Type: application/json; charset=utf-8
host: localhost:53987
accept: */*

Response DefaultHttpResponse(decodeResult: success, version: HTTP/1.1)
HTTP/1.1 200 OK
Content-Type: application/json; charset=utf-8
cache-control: no-cache
content-length: 14

15:18:09.555 [AsyncHttpClient-1-15] DEBUG org.asynchttpclient.netty.channel.ChannelManager - Adding key: http://localhost:53987 for channel [id: 0x9c1457b4, L:/127.0.0.1:51591 - R:localhost/127.0.0.1:53987]
  &amp#27;[32mAnd &amp#27;[0m&amp#27;[32mI &amp#27;[0m&amp#27;[32m&amp#27;[1m"txtAtasan2"&amp#27;[0m&amp#27;[32m page&amp#27;[0m         &amp#27;[90m# starter.stepdefinitions.BabyStep.iPage(java.lang.String)&amp#27;[0m
15:18:09.564 [AsyncHttpClient-1-17] DEBUG org.asynchttpclient.netty.handler.WebSocketHandler - Channel Closed: [id: 0x1e6212ad, L:/127.0.0.1:51600 ! R:localhost/127.0.0.1:51592] with attribute NettyResponseFuture{currentRetry=5,
	isDone=1,
	isCancelled=0,
	asyncHandler=org.asynchttpclient.ws.WebSocketUpgradeHandler@76200037,
	nettyRequest=org.asynchttpclient.netty.request.NettyRequest@67f9f8fe,
	future=java.util.concurrent.CompletableFuture@77127b07[Completed normally],
	uri=ws://localhost:51592/devtools/browser/9bd8754e-c2b6-4a43-ba06-06ca3e67b821,
	keepAlive=true,
	redirectCount=0,
	timeoutsHolder=null,
	inAuth=0,
	touch=1680855481459}
15:18:09.564 [AsyncHttpClient-1-17] DEBUG org.asynchttpclient.netty.channel.ChannelManager - Closing Channel [id: 0x1e6212ad, L:/127.0.0.1:51600 ! R:localhost/127.0.0.1:51592] 
15:18:09.564 [Driver Command Executor] DEBUG org.asynchttpclient.netty.request.NettyRequestSender - Using pooled Channel '[id: 0x9c1457b4, L:/127.0.0.1:51591 - R:localhost/127.0.0.1:53987]' for 'DELETE' to 'http://localhost:53987/session/15cf2a281344a9cb708a93362f50d644'
15:18:09.564 [Driver Command Executor] DEBUG org.asynchttpclient.netty.request.NettyRequestSender - Using open Channel [id: 0x9c1457b4, L:/127.0.0.1:51591 - R:localhost/127.0.0.1:53987] for DELETE '/session/15cf2a281344a9cb708a93362f50d644'
15:18:09.606 [AsyncHttpClient-1-16] DEBUG org.asynchttpclient.netty.handler.HttpHandler - Unexpected I/O exception on channel [id: 0xccfbb83f, L:/127.0.0.1:51599 - R:localhost/127.0.0.1:51592]
java.net.SocketException: Connection reset
	at java.base/sun.nio.ch.SocketChannelImpl.throwConnectionReset(SocketChannelImpl.java:345)
	at java.base/sun.nio.ch.SocketChannelImpl.read(SocketChannelImpl.java:376)
	at io.netty.buffer.PooledByteBuf.setBytes(PooledByteBuf.java:258)
	at io.netty.buffer.AbstractByteBuf.writeBytes(AbstractByteBuf.java:1132)
	at io.netty.channel.socket.nio.NioSocketChannel.doReadBytes(NioSocketChannel.java:350)
	at io.netty.channel.nio.AbstractNioByteChannel$NioByteUnsafe.read(AbstractNioByteChannel.java:151)
	at io.netty.channel.nio.NioEventLoop.processSelectedKey(NioEventLoop.java:722)
	at io.netty.channel.nio.NioEventLoop.processSelectedKeysOptimized(NioEventLoop.java:658)
	at io.netty.channel.nio.NioEventLoop.processSelectedKeys(NioEventLoop.java:584)
	at io.netty.channel.nio.NioEventLoop.run(NioEventLoop.java:496)
	at io.netty.util.concurrent.SingleThreadEventExecutor$4.run(SingleThreadEventExecutor.java:986)
	at io.netty.util.internal.ThreadExecutorMap$2.run(ThreadExecutorMap.java:74)
	at io.netty.util.concurrent.FastThreadLocalRunnable.run(FastThreadLocalRunnable.java:30)
	at java.base/java.lang.Thread.run(Thread.java:830)
15:18:09.607 [AsyncHttpClient-1-16] DEBUG org.asynchttpclient.netty.channel.ChannelManager - Closing Channel [id: 0xccfbb83f, L:/127.0.0.1:51599 - R:localhost/127.0.0.1:51592] 
15:18:09.607 [AsyncHttpClient-1-16] DEBUG org.asynchttpclient.netty.handler.HttpHandler - Channel Closed: [id: 0xccfbb83f, L:/127.0.0.1:51599 ! R:localhost/127.0.0.1:51592] with attribute DISCARD
15:18:09.630 [AsyncHttpClient-1-15] DEBUG org.asynchttpclient.netty.handler.HttpHandler - 

Request DefaultFullHttpRequest(decodeResult: success, version: HTTP/1.1, content: EmptyByteBufBE)
DELETE /session/15cf2a281344a9cb708a93362f50d644 HTTP/1.1
User-Agent: selenium/4.1.2 (java windows)
Content-Type: application/json; charset=utf-8
host: localhost:53987
accept: */*

Response DefaultHttpResponse(decodeResult: success, version: HTTP/1.1)
HTTP/1.1 200 OK
Content-Type: application/json; charset=utf-8
cache-control: no-cache
content-length: 14

15:18:09.630 [AsyncHttpClient-1-15] DEBUG org.asynchttpclient.netty.channel.ChannelManager - Adding key: http://localhost:53987 for channel [id: 0x9c1457b4, L:/127.0.0.1:51591 - R:localhost/127.0.0.1:53987]
15:18:09.811 [AsyncHttpClient-1-15] DEBUG org.asynchttpclient.netty.handler.HttpHandler - Channel Closed: [id: 0x9c1457b4, L:/127.0.0.1:51591 ! R:localhost/127.0.0.1:53987] with attribute DISCARD
15:18:10.110 [AsyncHttpClient-1-1] DEBUG org.asynchttpclient.netty.channel.DefaultChannelPool - Entry count for : http://localhost:51592 : 1
15:18:10.110 [AsyncHttpClient-1-1] DEBUG org.asynchttpclient.netty.channel.DefaultChannelPool - Entry count for : http://localhost:53987 : 1
15:18:10.110 [AsyncHttpClient-1-1] DEBUG org.asynchttpclient.netty.channel.DefaultChannelPool - Adding Candidate expired Channel [id: 0xccfbb83f, L:/127.0.0.1:51599 ! R:localhost/127.0.0.1:51592] isIdleTimeoutExpired=false isRemotelyClosed=true isTtlExpired=false
15:18:10.110 [AsyncHttpClient-1-1] DEBUG org.asynchttpclient.netty.channel.DefaultChannelPool - Closing Idle Channel [id: 0xccfbb83f, L:/127.0.0.1:51599 ! R:localhost/127.0.0.1:51592]
15:18:10.110 [AsyncHttpClient-1-1] DEBUG org.asynchttpclient.netty.channel.DefaultChannelPool - Adding Candidate expired Channel [id: 0x9c1457b4, L:/127.0.0.1:51591 ! R:localhost/127.0.0.1:53987] isIdleTimeoutExpired=false isRemotelyClosed=true isTtlExpired=false
15:18:10.110 [AsyncHttpClient-1-1] DEBUG org.asynchttpclient.netty.channel.DefaultChannelPool - Closing Idle Channel [id: 0x9c1457b4, L:/127.0.0.1:51591 ! R:localhost/127.0.0.1:53987]
15:18:10.110 [AsyncHttpClient-1-1] DEBUG org.asynchttpclient.netty.channel.DefaultChannelPool - Closed 2 connections out of 2 in 0 ms
]]></system-out>
    <system-err><![CDATA[Starting Microsoft Edge WebDriver 111.0.1661.62 (0a8f453929e6410c973aa529a40485ce4e3e03db) on port 53987
To submit feedback, report a bug, or suggest new features, please visit https://github.com/MicrosoftEdge/EdgeWebDriver

Only local connections are allowed.
Please see https://aka.ms/WebDriverSecurity for suggestions on keeping Microsoft Edge WebDriver safe.

Microsoft Edge WebDriver was started successfully.
Apr 07, 2023 3:18:01 PM org.openqa.selenium.remote.ProtocolHandshake createSession
INFO: Detected dialect: W3C
Apr 07, 2023 3:18:01 PM org.openqa.selenium.devtools.CdpVersionFinder findNearestMatch
WARNING: Unable to find an exact match for CDP version 111, so returning the closest version found: a no-op implementation
Apr 07, 2023 3:18:01 PM org.openqa.selenium.devtools.CdpVersionFinder findNearestMatch
INFO: Unable to find CDP implementation matching 111.
Apr 07, 2023 3:18:01 PM org.openqa.selenium.chromium.ChromiumDriver lambda$new$3
WARNING: Unable to find version of CDP to use for . You may need to include a dependency on a specific version of the CDP using something similar to `org.seleniumhq.selenium:selenium-devtools-v86:4.1.2` where the version ("v86") matches the version of the chromium-based browser you're using and the version number of the artifact is the same as Selenium's.
]]></system-err>
  </testcase>
  <testcase name="Fitur Menu Baby #17" classname="Baby" time="13.171">
    <system-out><![CDATA[
Scenario Outline: Fitur Menu Baby &amp#27;[90m# src/test/resources/features/Baby.feature:109&amp#27;[0m
15:18:10.398 [main] INFO io.cucumber.core.plugin.SerenityReporter - Running feature from file:///C:/Users/alwi/IdeaProjects/uniqloweb/src/test/resources/features/Baby.feature
15:18:10.527 [main] DEBUG io.github.bonigarcia.wdm.cache.ResolutionCache - Resolution edge=111 in cache (valid until 16:02:35 07/04/2023 WIB)
15:18:10.530 [main] DEBUG io.github.bonigarcia.wdm.cache.ResolutionCache - Resolution edge111=111.0.1661.62 in cache (valid until 15:02:35 08/04/2023 WIB)
15:18:10.532 [main] INFO io.github.bonigarcia.wdm.WebDriverManager - Using msedgedriver 111.0.1661.62 (resolved driver for Edge 111)
15:18:10.549 [main] DEBUG io.github.bonigarcia.wdm.WebDriverManager - Driver msedgedriver 111.0.1661.62 found in cache
15:18:10.549 [main] INFO io.github.bonigarcia.wdm.WebDriverManager - Exporting webdriver.edge.driver as C:\Users\alwi\.cache\selenium\msedgedriver\win64\111.0.1661.62\msedgedriver.exe
15:18:10.551 [main] DEBUG net.serenitybdd.core.webdriver.driverproviders.ProvideNewDriver - Instantiating driver
15:18:10.551 [main] DEBUG net.serenitybdd.core.webdriver.driverproviders.ProvideNewDriver - Driver capabilities: Capabilities {base.url: https://www.uniqlo.com, chrome.driver: src/test/resources/webdrive..., driver: edge, ms:edgeChromium: true, ms:edgeOptions: {}, wait.for.timeout: 6000}
15:18:11.093 [AsyncHttpClient-1-2] DEBUG org.asynchttpclient.netty.channel.NettyConnectListener - Using new Channel '[id: 0x091e89ef, L:/127.0.0.1:51727 - R:localhost/127.0.0.1:63332]' for 'POST' to '/session'
15:18:11.716 [AsyncHttpClient-1-2] DEBUG org.asynchttpclient.netty.handler.HttpHandler - 

Request DefaultHttpRequest(decodeResult: success, version: HTTP/1.1)
POST /session HTTP/1.1
User-Agent: selenium/4.1.2 (java windows)
Content-Length: 627
Content-Type: application/json; charset=utf-8
host: localhost:63332
accept: */*

Response DefaultHttpResponse(decodeResult: success, version: HTTP/1.1)
HTTP/1.1 200 OK
Content-Type: application/json; charset=utf-8
cache-control: no-cache
content-length: 824

15:18:11.716 [AsyncHttpClient-1-2] DEBUG org.asynchttpclient.netty.channel.ChannelManager - Adding key: http://localhost:63332 for channel [id: 0x091e89ef, L:/127.0.0.1:51727 - R:localhost/127.0.0.1:63332]
15:18:11.722 [AsyncHttpClient-1-3] DEBUG org.asynchttpclient.netty.channel.NettyConnectListener - Using new Channel '[id: 0x7c5f74f8, L:/127.0.0.1:51735 - R:localhost/127.0.0.1:51728]' for 'GET' to '/json/version'
15:18:11.723 [AsyncHttpClient-1-3] DEBUG org.asynchttpclient.netty.handler.HttpHandler - 

Request DefaultFullHttpRequest(decodeResult: success, version: HTTP/1.1, content: EmptyByteBufBE)
GET /json/version HTTP/1.1
User-Agent: selenium/4.1.2 (java windows)
host: localhost:51728
accept: */*

Response DefaultHttpResponse(decodeResult: success, version: HTTP/1.1)
HTTP/1.1 200 OK
Content-Security-Policy: frame-ancestors 'none'
Content-Type: application/json; charset=UTF-8
content-length: 436

15:18:11.723 [AsyncHttpClient-1-3] DEBUG org.asynchttpclient.netty.channel.ChannelManager - Adding key: http://localhost:51728 for channel [id: 0x7c5f74f8, L:/127.0.0.1:51735 - R:localhost/127.0.0.1:51728]
15:18:11.725 [AsyncHttpClient-1-4] DEBUG org.asynchttpclient.netty.channel.NettyConnectListener - Using new Channel '[id: 0xcd22d45c, L:/127.0.0.1:51736 - R:localhost/127.0.0.1:51728]' for 'GET' to '/devtools/browser/50f28435-a35a-40f1-8f1e-169ca298fc09'
15:18:11.726 [AsyncHttpClient-1-4] DEBUG org.asynchttpclient.netty.handler.WebSocketHandler - 

Request DefaultFullHttpRequest(decodeResult: success, version: HTTP/1.1, content: EmptyByteBufBE)
GET /devtools/browser/50f28435-a35a-40f1-8f1e-169ca298fc09 HTTP/1.1
upgrade: websocket
connection: upgrade
sec-websocket-key: k9DfPYe5nqUAZq0bIlOf8A==
sec-websocket-version: 13
origin: http://localhost:51728
host: localhost:51728
accept: */*
user-agent: AHC/2.1

Response DefaultHttpResponse(decodeResult: success, version: HTTP/1.1)
HTTP/1.1 101 WebSocket Protocol Handshake
Upgrade: WebSocket
Connection: Upgrade
Sec-WebSocket-Accept: 1B8O9efHy+/6Now/RaSm2fvlbe0=

15:18:11.730 [Forwarding get on session 660640d0c74b05552eb714742d82b4b9 to remote] DEBUG org.asynchttpclient.netty.request.NettyRequestSender - Using pooled Channel '[id: 0x091e89ef, L:/127.0.0.1:51727 - R:localhost/127.0.0.1:63332]' for 'POST' to 'http://localhost:63332/session/660640d0c74b05552eb714742d82b4b9/url'
15:18:11.730 [Forwarding get on session 660640d0c74b05552eb714742d82b4b9 to remote] DEBUG org.asynchttpclient.netty.request.NettyRequestSender - Using open Channel [id: 0x091e89ef, L:/127.0.0.1:51727 - R:localhost/127.0.0.1:63332] for POST '/session/660640d0c74b05552eb714742d82b4b9/url'
15:18:12.306 [AsyncHttpClient-1-1] DEBUG org.asynchttpclient.netty.channel.DefaultChannelPool - Entry count for : http://localhost:51728 : 1
15:18:13.406 [AsyncHttpClient-1-1] DEBUG org.asynchttpclient.netty.channel.DefaultChannelPool - Entry count for : http://localhost:51728 : 1
15:18:14.510 [AsyncHttpClient-1-1] DEBUG org.asynchttpclient.netty.channel.DefaultChannelPool - Entry count for : http://localhost:51728 : 1
15:18:15.605 [AsyncHttpClient-1-1] DEBUG org.asynchttpclient.netty.channel.DefaultChannelPool - Entry count for : http://localhost:51728 : 1
15:18:16.714 [AsyncHttpClient-1-1] DEBUG org.asynchttpclient.netty.channel.DefaultChannelPool - Entry count for : http://localhost:51728 : 1
15:18:17.808 [AsyncHttpClient-1-1] DEBUG org.asynchttpclient.netty.channel.DefaultChannelPool - Entry count for : http://localhost:51728 : 1
15:18:18.908 [AsyncHttpClient-1-1] DEBUG org.asynchttpclient.netty.channel.DefaultChannelPool - Entry count for : http://localhost:51728 : 1
15:18:20.016 [AsyncHttpClient-1-1] DEBUG org.asynchttpclient.netty.channel.DefaultChannelPool - Entry count for : http://localhost:51728 : 1
15:18:20.057 [AsyncHttpClient-1-2] DEBUG org.asynchttpclient.netty.handler.HttpHandler - 

Request DefaultHttpRequest(decodeResult: success, version: HTTP/1.1)
POST /session/660640d0c74b05552eb714742d82b4b9/url HTTP/1.1
User-Agent: selenium/4.1.2 (java windows)
Content-Length: 53
Content-Type: application/json; charset=utf-8
host: localhost:63332
accept: */*

Response DefaultHttpResponse(decodeResult: success, version: HTTP/1.1)
HTTP/1.1 200 OK
Content-Type: application/json; charset=utf-8
cache-control: no-cache
content-length: 14

15:18:20.057 [AsyncHttpClient-1-2] DEBUG org.asynchttpclient.netty.channel.ChannelManager - Adding key: http://localhost:63332 for channel [id: 0x091e89ef, L:/127.0.0.1:51727 - R:localhost/127.0.0.1:63332]
15:18:20.059 [Forwarding setTimeout on session 660640d0c74b05552eb714742d82b4b9 to remote] DEBUG org.asynchttpclient.netty.request.NettyRequestSender - Using pooled Channel '[id: 0x091e89ef, L:/127.0.0.1:51727 - R:localhost/127.0.0.1:63332]' for 'POST' to 'http://localhost:63332/session/660640d0c74b05552eb714742d82b4b9/timeouts'
15:18:20.059 [Forwarding setTimeout on session 660640d0c74b05552eb714742d82b4b9 to remote] DEBUG org.asynchttpclient.netty.request.NettyRequestSender - Using open Channel [id: 0x091e89ef, L:/127.0.0.1:51727 - R:localhost/127.0.0.1:63332] for POST '/session/660640d0c74b05552eb714742d82b4b9/timeouts'
15:18:20.060 [AsyncHttpClient-1-2] DEBUG org.asynchttpclient.netty.handler.HttpHandler - 

Request DefaultHttpRequest(decodeResult: success, version: HTTP/1.1)
POST /session/660640d0c74b05552eb714742d82b4b9/timeouts HTTP/1.1
User-Agent: selenium/4.1.2 (java windows)
Content-Length: 22
Content-Type: application/json; charset=utf-8
host: localhost:63332
accept: */*

Response DefaultHttpResponse(decodeResult: success, version: HTTP/1.1)
HTTP/1.1 200 OK
Content-Type: application/json; charset=utf-8
cache-control: no-cache
content-length: 14

15:18:20.060 [AsyncHttpClient-1-2] DEBUG org.asynchttpclient.netty.channel.ChannelManager - Adding key: http://localhost:63332 for channel [id: 0x091e89ef, L:/127.0.0.1:51727 - R:localhost/127.0.0.1:63332]
15:18:20.062 [Forwarding getCurrentUrl on session 660640d0c74b05552eb714742d82b4b9 to remote] DEBUG org.asynchttpclient.netty.request.NettyRequestSender - Using pooled Channel '[id: 0x091e89ef, L:/127.0.0.1:51727 - R:localhost/127.0.0.1:63332]' for 'GET' to 'http://localhost:63332/session/660640d0c74b05552eb714742d82b4b9/url'
15:18:20.062 [Forwarding getCurrentUrl on session 660640d0c74b05552eb714742d82b4b9 to remote] DEBUG org.asynchttpclient.netty.request.NettyRequestSender - Using open Channel [id: 0x091e89ef, L:/127.0.0.1:51727 - R:localhost/127.0.0.1:63332] for GET '/session/660640d0c74b05552eb714742d82b4b9/url'
15:18:20.065 [AsyncHttpClient-1-2] DEBUG org.asynchttpclient.netty.handler.HttpHandler - 

Request DefaultFullHttpRequest(decodeResult: success, version: HTTP/1.1, content: EmptyByteBufBE)
GET /session/660640d0c74b05552eb714742d82b4b9/url HTTP/1.1
User-Agent: selenium/4.1.2 (java windows)
Cache-Control: no-cache
Content-Type: application/json; charset=utf-8
host: localhost:63332
accept: */*

Response DefaultHttpResponse(decodeResult: success, version: HTTP/1.1)
HTTP/1.1 200 OK
Content-Type: application/json; charset=utf-8
cache-control: no-cache
content-length: 41

15:18:20.065 [AsyncHttpClient-1-2] DEBUG org.asynchttpclient.netty.channel.ChannelManager - Adding key: http://localhost:63332 for channel [id: 0x091e89ef, L:/127.0.0.1:51727 - R:localhost/127.0.0.1:63332]
  &amp#27;[32mGiven &amp#27;[0m&amp#27;[32mI am on the home page&amp#27;[0m     &amp#27;[90m# starter.stepdefinitions.BabyStep.iAmOnTheHomePage()&amp#27;[0m
15:18:20.070 [Forwarding screenshot on session 660640d0c74b05552eb714742d82b4b9 to remote] DEBUG org.asynchttpclient.netty.request.NettyRequestSender - Using pooled Channel '[id: 0x091e89ef, L:/127.0.0.1:51727 - R:localhost/127.0.0.1:63332]' for 'GET' to 'http://localhost:63332/session/660640d0c74b05552eb714742d82b4b9/screenshot'
15:18:20.070 [Forwarding screenshot on session 660640d0c74b05552eb714742d82b4b9 to remote] DEBUG org.asynchttpclient.netty.request.NettyRequestSender - Using open Channel [id: 0x091e89ef, L:/127.0.0.1:51727 - R:localhost/127.0.0.1:63332] for GET '/session/660640d0c74b05552eb714742d82b4b9/screenshot'
15:18:20.394 [AsyncHttpClient-1-2] DEBUG org.asynchttpclient.netty.handler.HttpHandler - 

Request DefaultFullHttpRequest(decodeResult: success, version: HTTP/1.1, content: EmptyByteBufBE)
GET /session/660640d0c74b05552eb714742d82b4b9/screenshot HTTP/1.1
User-Agent: selenium/4.1.2 (java windows)
Cache-Control: no-cache
Content-Type: application/json; charset=utf-8
host: localhost:63332
accept: */*

Response DefaultHttpResponse(decodeResult: success, version: HTTP/1.1)
HTTP/1.1 200 OK
Content-Type: application/json; charset=utf-8
cache-control: no-cache
content-length: 1022316

15:18:20.396 [AsyncHttpClient-1-2] DEBUG org.asynchttpclient.netty.channel.ChannelManager - Adding key: http://localhost:63332 for channel [id: 0x091e89ef, L:/127.0.0.1:51727 - R:localhost/127.0.0.1:63332]
15:18:20.425 [main] DEBUG net.serenitybdd.core.photography.Darkroom - Send negative for processing for target\site\serenity\b0ddf3608b8f51a6a3adc36e4acd901b7a2c5b7adc6fd42a924a7c7a6358c0ea.png
15:18:20.436 [Forwarding findElement on session 660640d0c74b05552eb714742d82b4b9 to remote] DEBUG org.asynchttpclient.netty.request.NettyRequestSender - Using pooled Channel '[id: 0x091e89ef, L:/127.0.0.1:51727 - R:localhost/127.0.0.1:63332]' for 'POST' to 'http://localhost:63332/session/660640d0c74b05552eb714742d82b4b9/element'
15:18:20.436 [Forwarding findElement on session 660640d0c74b05552eb714742d82b4b9 to remote] DEBUG org.asynchttpclient.netty.request.NettyRequestSender - Using open Channel [id: 0x091e89ef, L:/127.0.0.1:51727 - R:localhost/127.0.0.1:63332] for POST '/session/660640d0c74b05552eb714742d82b4b9/element'
15:18:20.449 [AsyncHttpClient-1-2] DEBUG org.asynchttpclient.netty.handler.HttpHandler - 

Request DefaultHttpRequest(decodeResult: success, version: HTTP/1.1)
POST /session/660640d0c74b05552eb714742d82b4b9/element HTTP/1.1
User-Agent: selenium/4.1.2 (java windows)
Content-Length: 81
Content-Type: application/json; charset=utf-8
host: localhost:63332
accept: */*

Response DefaultHttpResponse(decodeResult: success, version: HTTP/1.1)
HTTP/1.1 200 OK
Content-Type: application/json; charset=utf-8
cache-control: no-cache
content-length: 88

15:18:20.449 [AsyncHttpClient-1-2] DEBUG org.asynchttpclient.netty.channel.ChannelManager - Adding key: http://localhost:63332 for channel [id: 0x091e89ef, L:/127.0.0.1:51727 - R:localhost/127.0.0.1:63332]
15:18:20.450 [Forwarding getElementTagName on session 660640d0c74b05552eb714742d82b4b9 to remote] DEBUG org.asynchttpclient.netty.request.NettyRequestSender - Using pooled Channel '[id: 0x091e89ef, L:/127.0.0.1:51727 - R:localhost/127.0.0.1:63332]' for 'GET' to 'http://localhost:63332/session/660640d0c74b05552eb714742d82b4b9/element/d8bd886f-bafc-47d4-b44c-4038a10596a9/name'
15:18:20.450 [Forwarding getElementTagName on session 660640d0c74b05552eb714742d82b4b9 to remote] DEBUG org.asynchttpclient.netty.request.NettyRequestSender - Using open Channel [id: 0x091e89ef, L:/127.0.0.1:51727 - R:localhost/127.0.0.1:63332] for GET '/session/660640d0c74b05552eb714742d82b4b9/element/d8bd886f-bafc-47d4-b44c-4038a10596a9/name'
15:18:20.454 [AsyncHttpClient-1-2] DEBUG org.asynchttpclient.netty.handler.HttpHandler - 

Request DefaultFullHttpRequest(decodeResult: success, version: HTTP/1.1, content: EmptyByteBufBE)
GET /session/660640d0c74b05552eb714742d82b4b9/element/d8bd886f-bafc-47d4-b44c-4038a10596a9/name HTTP/1.1
User-Agent: selenium/4.1.2 (java windows)
Cache-Control: no-cache
Content-Type: application/json; charset=utf-8
host: localhost:63332
accept: */*

Response DefaultHttpResponse(decodeResult: success, version: HTTP/1.1)
HTTP/1.1 200 OK
Content-Type: application/json; charset=utf-8
cache-control: no-cache
content-length: 16

15:18:20.454 [AsyncHttpClient-1-2] DEBUG org.asynchttpclient.netty.channel.ChannelManager - Adding key: http://localhost:63332 for channel [id: 0x091e89ef, L:/127.0.0.1:51727 - R:localhost/127.0.0.1:63332]
15:18:20.456 [Forwarding getElementTagName on session 660640d0c74b05552eb714742d82b4b9 to remote] DEBUG org.asynchttpclient.netty.request.NettyRequestSender - Using pooled Channel '[id: 0x091e89ef, L:/127.0.0.1:51727 - R:localhost/127.0.0.1:63332]' for 'GET' to 'http://localhost:63332/session/660640d0c74b05552eb714742d82b4b9/element/d8bd886f-bafc-47d4-b44c-4038a10596a9/name'
15:18:20.456 [Forwarding getElementTagName on session 660640d0c74b05552eb714742d82b4b9 to remote] DEBUG org.asynchttpclient.netty.request.NettyRequestSender - Using open Channel [id: 0x091e89ef, L:/127.0.0.1:51727 - R:localhost/127.0.0.1:63332] for GET '/session/660640d0c74b05552eb714742d82b4b9/element/d8bd886f-bafc-47d4-b44c-4038a10596a9/name'
15:18:20.459 [AsyncHttpClient-1-2] DEBUG org.asynchttpclient.netty.handler.HttpHandler - 

Request DefaultFullHttpRequest(decodeResult: success, version: HTTP/1.1, content: EmptyByteBufBE)
GET /session/660640d0c74b05552eb714742d82b4b9/element/d8bd886f-bafc-47d4-b44c-4038a10596a9/name HTTP/1.1
User-Agent: selenium/4.1.2 (java windows)
Cache-Control: no-cache
Content-Type: application/json; charset=utf-8
host: localhost:63332
accept: */*

Response DefaultHttpResponse(decodeResult: success, version: HTTP/1.1)
HTTP/1.1 200 OK
Content-Type: application/json; charset=utf-8
cache-control: no-cache
content-length: 16

15:18:20.460 [AsyncHttpClient-1-2] DEBUG org.asynchttpclient.netty.channel.ChannelManager - Adding key: http://localhost:63332 for channel [id: 0x091e89ef, L:/127.0.0.1:51727 - R:localhost/127.0.0.1:63332]
15:18:20.462 [Forwarding findElement on session 660640d0c74b05552eb714742d82b4b9 to remote] DEBUG org.asynchttpclient.netty.request.NettyRequestSender - Using pooled Channel '[id: 0x091e89ef, L:/127.0.0.1:51727 - R:localhost/127.0.0.1:63332]' for 'POST' to 'http://localhost:63332/session/660640d0c74b05552eb714742d82b4b9/element'
15:18:20.462 [Forwarding findElement on session 660640d0c74b05552eb714742d82b4b9 to remote] DEBUG org.asynchttpclient.netty.request.NettyRequestSender - Using open Channel [id: 0x091e89ef, L:/127.0.0.1:51727 - R:localhost/127.0.0.1:63332] for POST '/session/660640d0c74b05552eb714742d82b4b9/element'
15:18:20.468 [AsyncHttpClient-1-2] DEBUG org.asynchttpclient.netty.handler.HttpHandler - 

Request DefaultHttpRequest(decodeResult: success, version: HTTP/1.1)
POST /session/660640d0c74b05552eb714742d82b4b9/element HTTP/1.1
User-Agent: selenium/4.1.2 (java windows)
Content-Length: 81
Content-Type: application/json; charset=utf-8
host: localhost:63332
accept: */*

Response DefaultHttpResponse(decodeResult: success, version: HTTP/1.1)
HTTP/1.1 200 OK
Content-Type: application/json; charset=utf-8
cache-control: no-cache
content-length: 88

15:18:20.469 [AsyncHttpClient-1-2] DEBUG org.asynchttpclient.netty.channel.ChannelManager - Adding key: http://localhost:63332 for channel [id: 0x091e89ef, L:/127.0.0.1:51727 - R:localhost/127.0.0.1:63332]
15:18:20.470 [Forwarding clickElement on session 660640d0c74b05552eb714742d82b4b9 to remote] DEBUG org.asynchttpclient.netty.request.NettyRequestSender - Using pooled Channel '[id: 0x091e89ef, L:/127.0.0.1:51727 - R:localhost/127.0.0.1:63332]' for 'POST' to 'http://localhost:63332/session/660640d0c74b05552eb714742d82b4b9/element/d8bd886f-bafc-47d4-b44c-4038a10596a9/click'
15:18:20.470 [Forwarding clickElement on session 660640d0c74b05552eb714742d82b4b9 to remote] DEBUG org.asynchttpclient.netty.request.NettyRequestSender - Using open Channel [id: 0x091e89ef, L:/127.0.0.1:51727 - R:localhost/127.0.0.1:63332] for POST '/session/660640d0c74b05552eb714742d82b4b9/element/d8bd886f-bafc-47d4-b44c-4038a10596a9/click'
15:18:20.974 [AsyncHttpClient-1-2] DEBUG org.asynchttpclient.netty.handler.HttpHandler - 

Request DefaultHttpRequest(decodeResult: success, version: HTTP/1.1)
POST /session/660640d0c74b05552eb714742d82b4b9/element/d8bd886f-bafc-47d4-b44c-4038a10596a9/click HTTP/1.1
User-Agent: selenium/4.1.2 (java windows)
Content-Length: 50
Content-Type: application/json; charset=utf-8
host: localhost:63332
accept: */*

Response DefaultHttpResponse(decodeResult: success, version: HTTP/1.1)
HTTP/1.1 200 OK
Content-Type: application/json; charset=utf-8
cache-control: no-cache
content-length: 14

15:18:20.974 [AsyncHttpClient-1-2] DEBUG org.asynchttpclient.netty.channel.ChannelManager - Adding key: http://localhost:63332 for channel [id: 0x091e89ef, L:/127.0.0.1:51727 - R:localhost/127.0.0.1:63332]
  &amp#27;[32mThen &amp#27;[0m&amp#27;[32mI click baby on the header&amp#27;[0m &amp#27;[90m# starter.stepdefinitions.BabyStep.iClickBabyOnTheHeader()&amp#27;[0m
15:18:20.985 [Forwarding screenshot on session 660640d0c74b05552eb714742d82b4b9 to remote] DEBUG org.asynchttpclient.netty.request.NettyRequestSender - Using pooled Channel '[id: 0x091e89ef, L:/127.0.0.1:51727 - R:localhost/127.0.0.1:63332]' for 'GET' to 'http://localhost:63332/session/660640d0c74b05552eb714742d82b4b9/screenshot'
15:18:20.985 [Forwarding screenshot on session 660640d0c74b05552eb714742d82b4b9 to remote] DEBUG org.asynchttpclient.netty.request.NettyRequestSender - Using open Channel [id: 0x091e89ef, L:/127.0.0.1:51727 - R:localhost/127.0.0.1:63332] for GET '/session/660640d0c74b05552eb714742d82b4b9/screenshot'
15:18:21.105 [AsyncHttpClient-1-1] DEBUG org.asynchttpclient.netty.channel.DefaultChannelPool - Entry count for : http://localhost:51728 : 1
15:18:21.866 [AsyncHttpClient-1-2] DEBUG org.asynchttpclient.netty.handler.HttpHandler - 

Request DefaultFullHttpRequest(decodeResult: success, version: HTTP/1.1, content: EmptyByteBufBE)
GET /session/660640d0c74b05552eb714742d82b4b9/screenshot HTTP/1.1
User-Agent: selenium/4.1.2 (java windows)
Cache-Control: no-cache
Content-Type: application/json; charset=utf-8
host: localhost:63332
accept: */*

Response DefaultHttpResponse(decodeResult: success, version: HTTP/1.1)
HTTP/1.1 200 OK
Content-Type: application/json; charset=utf-8
cache-control: no-cache
content-length: 122104

15:18:21.867 [AsyncHttpClient-1-2] DEBUG org.asynchttpclient.netty.channel.ChannelManager - Adding key: http://localhost:63332 for channel [id: 0x091e89ef, L:/127.0.0.1:51727 - R:localhost/127.0.0.1:63332]
15:18:21.870 [main] DEBUG net.serenitybdd.core.photography.Darkroom - Send negative for processing for target\site\serenity\e3df9b21b3019039f34d2e0e9790a39dafc4874ef3cfeec76e0df1a1f89a30d8.png
15:18:21.870 [Darkroom Processing Line] DEBUG net.serenitybdd.core.photography.DarkroomProcessingLine - Processing screenshot image in /var/screenshots/screenshot-779419634604917088
15:18:21.870 [Darkroom Processing Line] DEBUG net.serenitybdd.core.photography.DarkroomProcessingLine - Saving screenshot to target\site\serenity\e3df9b21b3019039f34d2e0e9790a39dafc4874ef3cfeec76e0df1a1f89a30d8.png
15:18:21.880 [Forwarding findElement on session 660640d0c74b05552eb714742d82b4b9 to remote] DEBUG org.asynchttpclient.netty.request.NettyRequestSender - Using pooled Channel '[id: 0x091e89ef, L:/127.0.0.1:51727 - R:localhost/127.0.0.1:63332]' for 'POST' to 'http://localhost:63332/session/660640d0c74b05552eb714742d82b4b9/element'
15:18:21.880 [Forwarding findElement on session 660640d0c74b05552eb714742d82b4b9 to remote] DEBUG org.asynchttpclient.netty.request.NettyRequestSender - Using open Channel [id: 0x091e89ef, L:/127.0.0.1:51727 - R:localhost/127.0.0.1:63332] for POST '/session/660640d0c74b05552eb714742d82b4b9/element'
15:18:21.899 [AsyncHttpClient-1-2] DEBUG org.asynchttpclient.netty.handler.HttpHandler - 

Request DefaultHttpRequest(decodeResult: success, version: HTTP/1.1)
POST /session/660640d0c74b05552eb714742d82b4b9/element HTTP/1.1
User-Agent: selenium/4.1.2 (java windows)
Content-Length: 104
Content-Type: application/json; charset=utf-8
host: localhost:63332
accept: */*

Response DefaultHttpResponse(decodeResult: success, version: HTTP/1.1)
HTTP/1.1 200 OK
Content-Type: application/json; charset=utf-8
cache-control: no-cache
content-length: 88

15:18:21.899 [AsyncHttpClient-1-2] DEBUG org.asynchttpclient.netty.channel.ChannelManager - Adding key: http://localhost:63332 for channel [id: 0x091e89ef, L:/127.0.0.1:51727 - R:localhost/127.0.0.1:63332]
15:18:21.901 [Forwarding getElementTagName on session 660640d0c74b05552eb714742d82b4b9 to remote] DEBUG org.asynchttpclient.netty.request.NettyRequestSender - Using pooled Channel '[id: 0x091e89ef, L:/127.0.0.1:51727 - R:localhost/127.0.0.1:63332]' for 'GET' to 'http://localhost:63332/session/660640d0c74b05552eb714742d82b4b9/element/ce21e0d7-f5ec-4aa3-a081-41fc829f2987/name'
15:18:21.901 [Forwarding getElementTagName on session 660640d0c74b05552eb714742d82b4b9 to remote] DEBUG org.asynchttpclient.netty.request.NettyRequestSender - Using open Channel [id: 0x091e89ef, L:/127.0.0.1:51727 - R:localhost/127.0.0.1:63332] for GET '/session/660640d0c74b05552eb714742d82b4b9/element/ce21e0d7-f5ec-4aa3-a081-41fc829f2987/name'
15:18:21.905 [AsyncHttpClient-1-2] DEBUG org.asynchttpclient.netty.handler.HttpHandler - 

Request DefaultFullHttpRequest(decodeResult: success, version: HTTP/1.1, content: EmptyByteBufBE)
GET /session/660640d0c74b05552eb714742d82b4b9/element/ce21e0d7-f5ec-4aa3-a081-41fc829f2987/name HTTP/1.1
User-Agent: selenium/4.1.2 (java windows)
Cache-Control: no-cache
Content-Type: application/json; charset=utf-8
host: localhost:63332
accept: */*

Response DefaultHttpResponse(decodeResult: success, version: HTTP/1.1)
HTTP/1.1 200 OK
Content-Type: application/json; charset=utf-8
cache-control: no-cache
content-length: 16

15:18:21.905 [AsyncHttpClient-1-2] DEBUG org.asynchttpclient.netty.channel.ChannelManager - Adding key: http://localhost:63332 for channel [id: 0x091e89ef, L:/127.0.0.1:51727 - R:localhost/127.0.0.1:63332]
15:18:21.906 [Forwarding getElementTagName on session 660640d0c74b05552eb714742d82b4b9 to remote] DEBUG org.asynchttpclient.netty.request.NettyRequestSender - Using pooled Channel '[id: 0x091e89ef, L:/127.0.0.1:51727 - R:localhost/127.0.0.1:63332]' for 'GET' to 'http://localhost:63332/session/660640d0c74b05552eb714742d82b4b9/element/ce21e0d7-f5ec-4aa3-a081-41fc829f2987/name'
15:18:21.906 [Forwarding getElementTagName on session 660640d0c74b05552eb714742d82b4b9 to remote] DEBUG org.asynchttpclient.netty.request.NettyRequestSender - Using open Channel [id: 0x091e89ef, L:/127.0.0.1:51727 - R:localhost/127.0.0.1:63332] for GET '/session/660640d0c74b05552eb714742d82b4b9/element/ce21e0d7-f5ec-4aa3-a081-41fc829f2987/name'
15:18:21.909 [AsyncHttpClient-1-2] DEBUG org.asynchttpclient.netty.handler.HttpHandler - 

Request DefaultFullHttpRequest(decodeResult: success, version: HTTP/1.1, content: EmptyByteBufBE)
GET /session/660640d0c74b05552eb714742d82b4b9/element/ce21e0d7-f5ec-4aa3-a081-41fc829f2987/name HTTP/1.1
User-Agent: selenium/4.1.2 (java windows)
Cache-Control: no-cache
Content-Type: application/json; charset=utf-8
host: localhost:63332
accept: */*

Response DefaultHttpResponse(decodeResult: success, version: HTTP/1.1)
HTTP/1.1 200 OK
Content-Type: application/json; charset=utf-8
cache-control: no-cache
content-length: 16

15:18:21.909 [AsyncHttpClient-1-2] DEBUG org.asynchttpclient.netty.channel.ChannelManager - Adding key: http://localhost:63332 for channel [id: 0x091e89ef, L:/127.0.0.1:51727 - R:localhost/127.0.0.1:63332]
15:18:21.911 [Forwarding findElement on session 660640d0c74b05552eb714742d82b4b9 to remote] DEBUG org.asynchttpclient.netty.request.NettyRequestSender - Using pooled Channel '[id: 0x091e89ef, L:/127.0.0.1:51727 - R:localhost/127.0.0.1:63332]' for 'POST' to 'http://localhost:63332/session/660640d0c74b05552eb714742d82b4b9/element'
15:18:21.911 [Forwarding findElement on session 660640d0c74b05552eb714742d82b4b9 to remote] DEBUG org.asynchttpclient.netty.request.NettyRequestSender - Using open Channel [id: 0x091e89ef, L:/127.0.0.1:51727 - R:localhost/127.0.0.1:63332] for POST '/session/660640d0c74b05552eb714742d82b4b9/element'
15:18:21.918 [AsyncHttpClient-1-2] DEBUG org.asynchttpclient.netty.handler.HttpHandler - 

Request DefaultHttpRequest(decodeResult: success, version: HTTP/1.1)
POST /session/660640d0c74b05552eb714742d82b4b9/element HTTP/1.1
User-Agent: selenium/4.1.2 (java windows)
Content-Length: 104
Content-Type: application/json; charset=utf-8
host: localhost:63332
accept: */*

Response DefaultHttpResponse(decodeResult: success, version: HTTP/1.1)
HTTP/1.1 200 OK
Content-Type: application/json; charset=utf-8
cache-control: no-cache
content-length: 88

15:18:21.918 [AsyncHttpClient-1-2] DEBUG org.asynchttpclient.netty.channel.ChannelManager - Adding key: http://localhost:63332 for channel [id: 0x091e89ef, L:/127.0.0.1:51727 - R:localhost/127.0.0.1:63332]
15:18:21.919 [Forwarding clickElement on session 660640d0c74b05552eb714742d82b4b9 to remote] DEBUG org.asynchttpclient.netty.request.NettyRequestSender - Using pooled Channel '[id: 0x091e89ef, L:/127.0.0.1:51727 - R:localhost/127.0.0.1:63332]' for 'POST' to 'http://localhost:63332/session/660640d0c74b05552eb714742d82b4b9/element/ce21e0d7-f5ec-4aa3-a081-41fc829f2987/click'
15:18:21.919 [Forwarding clickElement on session 660640d0c74b05552eb714742d82b4b9 to remote] DEBUG org.asynchttpclient.netty.request.NettyRequestSender - Using open Channel [id: 0x091e89ef, L:/127.0.0.1:51727 - R:localhost/127.0.0.1:63332] for POST '/session/660640d0c74b05552eb714742d82b4b9/element/ce21e0d7-f5ec-4aa3-a081-41fc829f2987/click'
15:18:22.120 [AsyncHttpClient-1-2] DEBUG org.asynchttpclient.netty.handler.HttpHandler - 

Request DefaultHttpRequest(decodeResult: success, version: HTTP/1.1)
POST /session/660640d0c74b05552eb714742d82b4b9/element/ce21e0d7-f5ec-4aa3-a081-41fc829f2987/click HTTP/1.1
User-Agent: selenium/4.1.2 (java windows)
Content-Length: 50
Content-Type: application/json; charset=utf-8
host: localhost:63332
accept: */*

Response DefaultHttpResponse(decodeResult: success, version: HTTP/1.1)
HTTP/1.1 200 OK
Content-Type: application/json; charset=utf-8
cache-control: no-cache
content-length: 14

15:18:22.120 [AsyncHttpClient-1-2] DEBUG org.asynchttpclient.netty.channel.ChannelManager - Adding key: http://localhost:63332 for channel [id: 0x091e89ef, L:/127.0.0.1:51727 - R:localhost/127.0.0.1:63332]
  &amp#27;[32mWhen &amp#27;[0m&amp#27;[32mI will go to &amp#27;[0m&amp#27;[32m&amp#27;[1m"luaran2"&amp#27;[0m     &amp#27;[90m# starter.stepdefinitions.BabyStep.iWillGoTo(java.lang.String)&amp#27;[0m
15:18:22.128 [Forwarding screenshot on session 660640d0c74b05552eb714742d82b4b9 to remote] DEBUG org.asynchttpclient.netty.request.NettyRequestSender - Using pooled Channel '[id: 0x091e89ef, L:/127.0.0.1:51727 - R:localhost/127.0.0.1:63332]' for 'GET' to 'http://localhost:63332/session/660640d0c74b05552eb714742d82b4b9/screenshot'
15:18:22.128 [Forwarding screenshot on session 660640d0c74b05552eb714742d82b4b9 to remote] DEBUG org.asynchttpclient.netty.request.NettyRequestSender - Using open Channel [id: 0x091e89ef, L:/127.0.0.1:51727 - R:localhost/127.0.0.1:63332] for GET '/session/660640d0c74b05552eb714742d82b4b9/screenshot'
15:18:22.216 [AsyncHttpClient-1-1] DEBUG org.asynchttpclient.netty.channel.DefaultChannelPool - Entry count for : http://localhost:51728 : 1
15:18:22.474 [AsyncHttpClient-1-2] DEBUG org.asynchttpclient.netty.handler.HttpHandler - 

Request DefaultFullHttpRequest(decodeResult: success, version: HTTP/1.1, content: EmptyByteBufBE)
GET /session/660640d0c74b05552eb714742d82b4b9/screenshot HTTP/1.1
User-Agent: selenium/4.1.2 (java windows)
Cache-Control: no-cache
Content-Type: application/json; charset=utf-8
host: localhost:63332
accept: */*

Response DefaultHttpResponse(decodeResult: success, version: HTTP/1.1)
HTTP/1.1 200 OK
Content-Type: application/json; charset=utf-8
cache-control: no-cache
content-length: 78768

15:18:22.475 [AsyncHttpClient-1-2] DEBUG org.asynchttpclient.netty.channel.ChannelManager - Adding key: http://localhost:63332 for channel [id: 0x091e89ef, L:/127.0.0.1:51727 - R:localhost/127.0.0.1:63332]
15:18:22.479 [main] DEBUG net.serenitybdd.core.photography.Darkroom - Send negative for processing for target\site\serenity\d2b7e2b56b4bc1322ab6245b0c48c6cce5122a97c565bd3065fbddae1ae20257.png
15:18:22.479 [Darkroom Processing Line] DEBUG net.serenitybdd.core.photography.DarkroomProcessingLine - Processing screenshot image in /var/screenshots/screenshot-13024894962544861759
15:18:22.479 [Darkroom Processing Line] DEBUG net.serenitybdd.core.photography.DarkroomProcessingLine - Saving screenshot to target\site\serenity\d2b7e2b56b4bc1322ab6245b0c48c6cce5122a97c565bd3065fbddae1ae20257.png
15:18:22.488 [Forwarding findElement on session 660640d0c74b05552eb714742d82b4b9 to remote] DEBUG org.asynchttpclient.netty.request.NettyRequestSender - Using pooled Channel '[id: 0x091e89ef, L:/127.0.0.1:51727 - R:localhost/127.0.0.1:63332]' for 'POST' to 'http://localhost:63332/session/660640d0c74b05552eb714742d82b4b9/element'
15:18:22.488 [Forwarding findElement on session 660640d0c74b05552eb714742d82b4b9 to remote] DEBUG org.asynchttpclient.netty.request.NettyRequestSender - Using open Channel [id: 0x091e89ef, L:/127.0.0.1:51727 - R:localhost/127.0.0.1:63332] for POST '/session/660640d0c74b05552eb714742d82b4b9/element'
15:18:22.562 [AsyncHttpClient-1-2] DEBUG org.asynchttpclient.netty.handler.HttpHandler - 

Request DefaultHttpRequest(decodeResult: success, version: HTTP/1.1)
POST /session/660640d0c74b05552eb714742d82b4b9/element HTTP/1.1
User-Agent: selenium/4.1.2 (java windows)
Content-Length: 89
Content-Type: application/json; charset=utf-8
host: localhost:63332
accept: */*

Response DefaultHttpResponse(decodeResult: success, version: HTTP/1.1)
HTTP/1.1 200 OK
Content-Type: application/json; charset=utf-8
cache-control: no-cache
content-length: 88

15:18:22.562 [AsyncHttpClient-1-2] DEBUG org.asynchttpclient.netty.channel.ChannelManager - Adding key: http://localhost:63332 for channel [id: 0x091e89ef, L:/127.0.0.1:51727 - R:localhost/127.0.0.1:63332]
15:18:22.566 [Forwarding isElementDisplayed on session 660640d0c74b05552eb714742d82b4b9 to remote] DEBUG org.asynchttpclient.netty.request.NettyRequestSender - Using pooled Channel '[id: 0x091e89ef, L:/127.0.0.1:51727 - R:localhost/127.0.0.1:63332]' for 'POST' to 'http://localhost:63332/session/660640d0c74b05552eb714742d82b4b9/execute/sync'
15:18:22.566 [Forwarding isElementDisplayed on session 660640d0c74b05552eb714742d82b4b9 to remote] DEBUG org.asynchttpclient.netty.request.NettyRequestSender - Using open Channel [id: 0x091e89ef, L:/127.0.0.1:51727 - R:localhost/127.0.0.1:63332] for POST '/session/660640d0c74b05552eb714742d82b4b9/execute/sync'
15:18:22.603 [AsyncHttpClient-1-2] DEBUG org.asynchttpclient.netty.handler.HttpHandler - 

Request DefaultHttpRequest(decodeResult: success, version: HTTP/1.1)
POST /session/660640d0c74b05552eb714742d82b4b9/execute/sync HTTP/1.1
User-Agent: selenium/4.1.2 (java windows)
Content-Length: 48780
Content-Type: application/json; charset=utf-8
host: localhost:63332
accept: */*

Response DefaultHttpResponse(decodeResult: success, version: HTTP/1.1)
HTTP/1.1 200 OK
Content-Type: application/json; charset=utf-8
cache-control: no-cache
content-length: 14

15:18:22.603 [AsyncHttpClient-1-2] DEBUG org.asynchttpclient.netty.channel.ChannelManager - Adding key: http://localhost:63332 for channel [id: 0x091e89ef, L:/127.0.0.1:51727 - R:localhost/127.0.0.1:63332]
  &amp#27;[32mAnd &amp#27;[0m&amp#27;[32mI &amp#27;[0m&amp#27;[32m&amp#27;[1m"txtLuaran2"&amp#27;[0m&amp#27;[32m page&amp#27;[0m         &amp#27;[90m# starter.stepdefinitions.BabyStep.iPage(java.lang.String)&amp#27;[0m
15:18:22.607 [Forwarding screenshot on session 660640d0c74b05552eb714742d82b4b9 to remote] DEBUG org.asynchttpclient.netty.request.NettyRequestSender - Using pooled Channel '[id: 0x091e89ef, L:/127.0.0.1:51727 - R:localhost/127.0.0.1:63332]' for 'GET' to 'http://localhost:63332/session/660640d0c74b05552eb714742d82b4b9/screenshot'
15:18:22.607 [Forwarding screenshot on session 660640d0c74b05552eb714742d82b4b9 to remote] DEBUG org.asynchttpclient.netty.request.NettyRequestSender - Using open Channel [id: 0x091e89ef, L:/127.0.0.1:51727 - R:localhost/127.0.0.1:63332] for GET '/session/660640d0c74b05552eb714742d82b4b9/screenshot'
15:18:22.693 [AsyncHttpClient-1-2] DEBUG org.asynchttpclient.netty.handler.HttpHandler - 

Request DefaultFullHttpRequest(decodeResult: success, version: HTTP/1.1, content: EmptyByteBufBE)
GET /session/660640d0c74b05552eb714742d82b4b9/screenshot HTTP/1.1
User-Agent: selenium/4.1.2 (java windows)
Cache-Control: no-cache
Content-Type: application/json; charset=utf-8
host: localhost:63332
accept: */*

Response DefaultHttpResponse(decodeResult: success, version: HTTP/1.1)
HTTP/1.1 200 OK
Content-Type: application/json; charset=utf-8
cache-control: no-cache
content-length: 54648

15:18:22.693 [AsyncHttpClient-1-2] DEBUG org.asynchttpclient.netty.channel.ChannelManager - Adding key: http://localhost:63332 for channel [id: 0x091e89ef, L:/127.0.0.1:51727 - R:localhost/127.0.0.1:63332]
15:18:22.695 [main] DEBUG net.serenitybdd.core.photography.Darkroom - Send negative for processing for target\site\serenity\4819787d4b199e2365f0b2ec6c97b3b10762eb9db84bd1b9d3040aa2ee41db3b.png
15:18:22.696 [Darkroom Processing Line] DEBUG net.serenitybdd.core.photography.DarkroomProcessingLine - Processing screenshot image in /var/screenshots/screenshot-16182955484458760449
15:18:22.696 [Darkroom Processing Line] DEBUG net.serenitybdd.core.photography.DarkroomProcessingLine - Saving screenshot to target\site\serenity\4819787d4b199e2365f0b2ec6c97b3b10762eb9db84bd1b9d3040aa2ee41db3b.png
15:18:22.700 [AsyncHttpClient-1-4] DEBUG org.asynchttpclient.netty.handler.WebSocketHandler - Channel Closed: [id: 0xcd22d45c, L:/127.0.0.1:51736 ! R:localhost/127.0.0.1:51728] with attribute NettyResponseFuture{currentRetry=5,
	isDone=1,
	isCancelled=0,
	asyncHandler=org.asynchttpclient.ws.WebSocketUpgradeHandler@313c485f,
	nettyRequest=org.asynchttpclient.netty.request.NettyRequest@4168a09,
	future=java.util.concurrent.CompletableFuture@6fb8e55f[Completed normally],
	uri=ws://localhost:51728/devtools/browser/50f28435-a35a-40f1-8f1e-169ca298fc09,
	keepAlive=true,
	redirectCount=0,
	timeoutsHolder=null,
	inAuth=0,
	touch=1680855491726}
15:18:22.700 [AsyncHttpClient-1-4] DEBUG org.asynchttpclient.netty.channel.ChannelManager - Closing Channel [id: 0xcd22d45c, L:/127.0.0.1:51736 ! R:localhost/127.0.0.1:51728] 
15:18:22.700 [Driver Command Executor] DEBUG org.asynchttpclient.netty.request.NettyRequestSender - Using pooled Channel '[id: 0x091e89ef, L:/127.0.0.1:51727 - R:localhost/127.0.0.1:63332]' for 'DELETE' to 'http://localhost:63332/session/660640d0c74b05552eb714742d82b4b9'
15:18:22.700 [Driver Command Executor] DEBUG org.asynchttpclient.netty.request.NettyRequestSender - Using open Channel [id: 0x091e89ef, L:/127.0.0.1:51727 - R:localhost/127.0.0.1:63332] for DELETE '/session/660640d0c74b05552eb714742d82b4b9'
15:18:22.740 [AsyncHttpClient-1-3] DEBUG org.asynchttpclient.netty.handler.HttpHandler - Unexpected I/O exception on channel [id: 0x7c5f74f8, L:/127.0.0.1:51735 - R:localhost/127.0.0.1:51728]
java.net.SocketException: Connection reset
	at java.base/sun.nio.ch.SocketChannelImpl.throwConnectionReset(SocketChannelImpl.java:345)
	at java.base/sun.nio.ch.SocketChannelImpl.read(SocketChannelImpl.java:376)
	at io.netty.buffer.PooledByteBuf.setBytes(PooledByteBuf.java:258)
	at io.netty.buffer.AbstractByteBuf.writeBytes(AbstractByteBuf.java:1132)
	at io.netty.channel.socket.nio.NioSocketChannel.doReadBytes(NioSocketChannel.java:350)
	at io.netty.channel.nio.AbstractNioByteChannel$NioByteUnsafe.read(AbstractNioByteChannel.java:151)
	at io.netty.channel.nio.NioEventLoop.processSelectedKey(NioEventLoop.java:722)
	at io.netty.channel.nio.NioEventLoop.processSelectedKeysOptimized(NioEventLoop.java:658)
	at io.netty.channel.nio.NioEventLoop.processSelectedKeys(NioEventLoop.java:584)
	at io.netty.channel.nio.NioEventLoop.run(NioEventLoop.java:496)
	at io.netty.util.concurrent.SingleThreadEventExecutor$4.run(SingleThreadEventExecutor.java:986)
	at io.netty.util.internal.ThreadExecutorMap$2.run(ThreadExecutorMap.java:74)
	at io.netty.util.concurrent.FastThreadLocalRunnable.run(FastThreadLocalRunnable.java:30)
	at java.base/java.lang.Thread.run(Thread.java:830)
15:18:22.740 [AsyncHttpClient-1-3] DEBUG org.asynchttpclient.netty.channel.ChannelManager - Closing Channel [id: 0x7c5f74f8, L:/127.0.0.1:51735 - R:localhost/127.0.0.1:51728] 
15:18:22.740 [AsyncHttpClient-1-3] DEBUG org.asynchttpclient.netty.handler.HttpHandler - Channel Closed: [id: 0x7c5f74f8, L:/127.0.0.1:51735 ! R:localhost/127.0.0.1:51728] with attribute DISCARD
15:18:22.787 [AsyncHttpClient-1-2] DEBUG org.asynchttpclient.netty.handler.HttpHandler - 

Request DefaultFullHttpRequest(decodeResult: success, version: HTTP/1.1, content: EmptyByteBufBE)
DELETE /session/660640d0c74b05552eb714742d82b4b9 HTTP/1.1
User-Agent: selenium/4.1.2 (java windows)
Content-Type: application/json; charset=utf-8
host: localhost:63332
accept: */*

Response DefaultHttpResponse(decodeResult: success, version: HTTP/1.1)
HTTP/1.1 200 OK
Content-Type: application/json; charset=utf-8
cache-control: no-cache
content-length: 14

15:18:22.787 [AsyncHttpClient-1-2] DEBUG org.asynchttpclient.netty.channel.ChannelManager - Adding key: http://localhost:63332 for channel [id: 0x091e89ef, L:/127.0.0.1:51727 - R:localhost/127.0.0.1:63332]
15:18:22.956 [AsyncHttpClient-1-2] DEBUG org.asynchttpclient.netty.handler.HttpHandler - Channel Closed: [id: 0x091e89ef, L:/127.0.0.1:51727 ! R:localhost/127.0.0.1:63332] with attribute DISCARD
15:18:23.312 [AsyncHttpClient-1-1] DEBUG org.asynchttpclient.netty.channel.DefaultChannelPool - Entry count for : http://localhost:63332 : 1
15:18:23.312 [AsyncHttpClient-1-1] DEBUG org.asynchttpclient.netty.channel.DefaultChannelPool - Entry count for : http://localhost:51728 : 1
15:18:23.312 [AsyncHttpClient-1-1] DEBUG org.asynchttpclient.netty.channel.DefaultChannelPool - Adding Candidate expired Channel [id: 0x091e89ef, L:/127.0.0.1:51727 ! R:localhost/127.0.0.1:63332] isIdleTimeoutExpired=false isRemotelyClosed=true isTtlExpired=false
15:18:23.312 [AsyncHttpClient-1-1] DEBUG org.asynchttpclient.netty.channel.DefaultChannelPool - Closing Idle Channel [id: 0x091e89ef, L:/127.0.0.1:51727 ! R:localhost/127.0.0.1:63332]
15:18:23.312 [AsyncHttpClient-1-1] DEBUG org.asynchttpclient.netty.channel.DefaultChannelPool - Adding Candidate expired Channel [id: 0x7c5f74f8, L:/127.0.0.1:51735 ! R:localhost/127.0.0.1:51728] isIdleTimeoutExpired=false isRemotelyClosed=true isTtlExpired=false
15:18:23.312 [AsyncHttpClient-1-1] DEBUG org.asynchttpclient.netty.channel.DefaultChannelPool - Closing Idle Channel [id: 0x7c5f74f8, L:/127.0.0.1:51735 ! R:localhost/127.0.0.1:51728]
15:18:23.312 [AsyncHttpClient-1-1] DEBUG org.asynchttpclient.netty.channel.DefaultChannelPool - Closed 2 connections out of 2 in 0 ms
]]></system-out>
    <system-err><![CDATA[Starting Microsoft Edge WebDriver 111.0.1661.62 (0a8f453929e6410c973aa529a40485ce4e3e03db) on port 63332
To submit feedback, report a bug, or suggest new features, please visit https://github.com/MicrosoftEdge/EdgeWebDriver

Only local connections are allowed.
Please see https://aka.ms/WebDriverSecurity for suggestions on keeping Microsoft Edge WebDriver safe.

Microsoft Edge WebDriver was started successfully.
Apr 07, 2023 3:18:11 PM org.openqa.selenium.remote.ProtocolHandshake createSession
INFO: Detected dialect: W3C
Apr 07, 2023 3:18:11 PM org.openqa.selenium.devtools.CdpVersionFinder findNearestMatch
WARNING: Unable to find an exact match for CDP version 111, so returning the closest version found: a no-op implementation
Apr 07, 2023 3:18:11 PM org.openqa.selenium.devtools.CdpVersionFinder findNearestMatch
INFO: Unable to find CDP implementation matching 111.
Apr 07, 2023 3:18:11 PM org.openqa.selenium.chromium.ChromiumDriver lambda$new$3
WARNING: Unable to find version of CDP to use for . You may need to include a dependency on a specific version of the CDP using something similar to `org.seleniumhq.selenium:selenium-devtools-v86:4.1.2` where the version ("v86") matches the version of the chromium-based browser you're using and the version number of the artifact is the same as Selenium's.
]]></system-err>
  </testcase>
  <testcase name="Fitur Menu Baby #18" classname="Baby" time="10.798">
    <system-out><![CDATA[
Scenario Outline: Fitur Menu Baby &amp#27;[90m# src/test/resources/features/Baby.feature:110&amp#27;[0m
15:18:23.570 [main] INFO io.cucumber.core.plugin.SerenityReporter - Running feature from file:///C:/Users/alwi/IdeaProjects/uniqloweb/src/test/resources/features/Baby.feature
15:18:23.699 [main] DEBUG io.github.bonigarcia.wdm.cache.ResolutionCache - Resolution edge=111 in cache (valid until 16:02:35 07/04/2023 WIB)
15:18:23.702 [main] DEBUG io.github.bonigarcia.wdm.cache.ResolutionCache - Resolution edge111=111.0.1661.62 in cache (valid until 15:02:35 08/04/2023 WIB)
15:18:23.703 [main] INFO io.github.bonigarcia.wdm.WebDriverManager - Using msedgedriver 111.0.1661.62 (resolved driver for Edge 111)
15:18:23.714 [main] DEBUG io.github.bonigarcia.wdm.WebDriverManager - Driver msedgedriver 111.0.1661.62 found in cache
15:18:23.715 [main] INFO io.github.bonigarcia.wdm.WebDriverManager - Exporting webdriver.edge.driver as C:\Users\alwi\.cache\selenium\msedgedriver\win64\111.0.1661.62\msedgedriver.exe
15:18:23.716 [main] DEBUG net.serenitybdd.core.webdriver.driverproviders.ProvideNewDriver - Instantiating driver
15:18:23.716 [main] DEBUG net.serenitybdd.core.webdriver.driverproviders.ProvideNewDriver - Driver capabilities: Capabilities {base.url: https://www.uniqlo.com, chrome.driver: src/test/resources/webdrive..., driver: edge, ms:edgeChromium: true, ms:edgeOptions: {}, wait.for.timeout: 6000}
15:18:24.255 [AsyncHttpClient-1-5] DEBUG org.asynchttpclient.netty.channel.NettyConnectListener - Using new Channel '[id: 0x757b238a, L:/127.0.0.1:51887 - R:localhost/127.0.0.1:57756]' for 'POST' to '/session'
15:18:24.937 [AsyncHttpClient-1-5] DEBUG org.asynchttpclient.netty.handler.HttpHandler - 

Request DefaultHttpRequest(decodeResult: success, version: HTTP/1.1)
POST /session HTTP/1.1
User-Agent: selenium/4.1.2 (java windows)
Content-Length: 627
Content-Type: application/json; charset=utf-8
host: localhost:57756
accept: */*

Response DefaultHttpResponse(decodeResult: success, version: HTTP/1.1)
HTTP/1.1 200 OK
Content-Type: application/json; charset=utf-8
cache-control: no-cache
content-length: 824

15:18:24.937 [AsyncHttpClient-1-5] DEBUG org.asynchttpclient.netty.channel.ChannelManager - Adding key: http://localhost:57756 for channel [id: 0x757b238a, L:/127.0.0.1:51887 - R:localhost/127.0.0.1:57756]
15:18:24.941 [AsyncHttpClient-1-6] DEBUG org.asynchttpclient.netty.channel.NettyConnectListener - Using new Channel '[id: 0x9dc8b543, L:/127.0.0.1:51894 - R:localhost/127.0.0.1:51888]' for 'GET' to '/json/version'
15:18:24.942 [AsyncHttpClient-1-6] DEBUG org.asynchttpclient.netty.handler.HttpHandler - 

Request DefaultFullHttpRequest(decodeResult: success, version: HTTP/1.1, content: EmptyByteBufBE)
GET /json/version HTTP/1.1
User-Agent: selenium/4.1.2 (java windows)
host: localhost:51888
accept: */*

Response DefaultHttpResponse(decodeResult: success, version: HTTP/1.1)
HTTP/1.1 200 OK
Content-Security-Policy: frame-ancestors 'none'
Content-Type: application/json; charset=UTF-8
content-length: 436

15:18:24.942 [AsyncHttpClient-1-6] DEBUG org.asynchttpclient.netty.channel.ChannelManager - Adding key: http://localhost:51888 for channel [id: 0x9dc8b543, L:/127.0.0.1:51894 - R:localhost/127.0.0.1:51888]
15:18:24.943 [AsyncHttpClient-1-7] DEBUG org.asynchttpclient.netty.channel.NettyConnectListener - Using new Channel '[id: 0x6944fc14, L:/127.0.0.1:51895 - R:localhost/127.0.0.1:51888]' for 'GET' to '/devtools/browser/d37d3230-1503-4e56-b9a3-c7f396894e5f'
15:18:24.944 [AsyncHttpClient-1-7] DEBUG org.asynchttpclient.netty.handler.WebSocketHandler - 

Request DefaultFullHttpRequest(decodeResult: success, version: HTTP/1.1, content: EmptyByteBufBE)
GET /devtools/browser/d37d3230-1503-4e56-b9a3-c7f396894e5f HTTP/1.1
upgrade: websocket
connection: upgrade
sec-websocket-key: wFExO6HadRjMtXoPPX/WRQ==
sec-websocket-version: 13
origin: http://localhost:51888
host: localhost:51888
accept: */*
user-agent: AHC/2.1

Response DefaultHttpResponse(decodeResult: success, version: HTTP/1.1)
HTTP/1.1 101 WebSocket Protocol Handshake
Upgrade: WebSocket
Connection: Upgrade
Sec-WebSocket-Accept: C0rcGdFUOS5HlbaZdlHiMJheBAc=

15:18:24.946 [Forwarding get on session aed4d41f3b0d5c74b3af98b577804490 to remote] DEBUG org.asynchttpclient.netty.request.NettyRequestSender - Using pooled Channel '[id: 0x757b238a, L:/127.0.0.1:51887 - R:localhost/127.0.0.1:57756]' for 'POST' to 'http://localhost:57756/session/aed4d41f3b0d5c74b3af98b577804490/url'
15:18:24.947 [Forwarding get on session aed4d41f3b0d5c74b3af98b577804490 to remote] DEBUG org.asynchttpclient.netty.request.NettyRequestSender - Using open Channel [id: 0x757b238a, L:/127.0.0.1:51887 - R:localhost/127.0.0.1:57756] for POST '/session/aed4d41f3b0d5c74b3af98b577804490/url'
15:18:25.506 [AsyncHttpClient-1-1] DEBUG org.asynchttpclient.netty.channel.DefaultChannelPool - Entry count for : http://localhost:51888 : 1
15:18:26.610 [AsyncHttpClient-1-1] DEBUG org.asynchttpclient.netty.channel.DefaultChannelPool - Entry count for : http://localhost:51888 : 1
15:18:27.708 [AsyncHttpClient-1-1] DEBUG org.asynchttpclient.netty.channel.DefaultChannelPool - Entry count for : http://localhost:51888 : 1
15:18:28.814 [AsyncHttpClient-1-1] DEBUG org.asynchttpclient.netty.channel.DefaultChannelPool - Entry count for : http://localhost:51888 : 1
15:18:29.905 [AsyncHttpClient-1-1] DEBUG org.asynchttpclient.netty.channel.DefaultChannelPool - Entry count for : http://localhost:51888 : 1
15:18:30.980 [AsyncHttpClient-1-5] DEBUG org.asynchttpclient.netty.handler.HttpHandler - 

Request DefaultHttpRequest(decodeResult: success, version: HTTP/1.1)
POST /session/aed4d41f3b0d5c74b3af98b577804490/url HTTP/1.1
User-Agent: selenium/4.1.2 (java windows)
Content-Length: 53
Content-Type: application/json; charset=utf-8
host: localhost:57756
accept: */*

Response DefaultHttpResponse(decodeResult: success, version: HTTP/1.1)
HTTP/1.1 200 OK
Content-Type: application/json; charset=utf-8
cache-control: no-cache
content-length: 14

15:18:30.981 [AsyncHttpClient-1-5] DEBUG org.asynchttpclient.netty.channel.ChannelManager - Adding key: http://localhost:57756 for channel [id: 0x757b238a, L:/127.0.0.1:51887 - R:localhost/127.0.0.1:57756]
15:18:30.982 [Forwarding setTimeout on session aed4d41f3b0d5c74b3af98b577804490 to remote] DEBUG org.asynchttpclient.netty.request.NettyRequestSender - Using pooled Channel '[id: 0x757b238a, L:/127.0.0.1:51887 - R:localhost/127.0.0.1:57756]' for 'POST' to 'http://localhost:57756/session/aed4d41f3b0d5c74b3af98b577804490/timeouts'
15:18:30.982 [Forwarding setTimeout on session aed4d41f3b0d5c74b3af98b577804490 to remote] DEBUG org.asynchttpclient.netty.request.NettyRequestSender - Using open Channel [id: 0x757b238a, L:/127.0.0.1:51887 - R:localhost/127.0.0.1:57756] for POST '/session/aed4d41f3b0d5c74b3af98b577804490/timeouts'
15:18:30.983 [AsyncHttpClient-1-5] DEBUG org.asynchttpclient.netty.handler.HttpHandler - 

Request DefaultHttpRequest(decodeResult: success, version: HTTP/1.1)
POST /session/aed4d41f3b0d5c74b3af98b577804490/timeouts HTTP/1.1
User-Agent: selenium/4.1.2 (java windows)
Content-Length: 22
Content-Type: application/json; charset=utf-8
host: localhost:57756
accept: */*

Response DefaultHttpResponse(decodeResult: success, version: HTTP/1.1)
HTTP/1.1 200 OK
Content-Type: application/json; charset=utf-8
cache-control: no-cache
content-length: 14

15:18:30.983 [AsyncHttpClient-1-5] DEBUG org.asynchttpclient.netty.channel.ChannelManager - Adding key: http://localhost:57756 for channel [id: 0x757b238a, L:/127.0.0.1:51887 - R:localhost/127.0.0.1:57756]
15:18:30.987 [Forwarding getCurrentUrl on session aed4d41f3b0d5c74b3af98b577804490 to remote] DEBUG org.asynchttpclient.netty.request.NettyRequestSender - Using pooled Channel '[id: 0x757b238a, L:/127.0.0.1:51887 - R:localhost/127.0.0.1:57756]' for 'GET' to 'http://localhost:57756/session/aed4d41f3b0d5c74b3af98b577804490/url'
15:18:30.987 [Forwarding getCurrentUrl on session aed4d41f3b0d5c74b3af98b577804490 to remote] DEBUG org.asynchttpclient.netty.request.NettyRequestSender - Using open Channel [id: 0x757b238a, L:/127.0.0.1:51887 - R:localhost/127.0.0.1:57756] for GET '/session/aed4d41f3b0d5c74b3af98b577804490/url'
15:18:30.991 [AsyncHttpClient-1-5] DEBUG org.asynchttpclient.netty.handler.HttpHandler - 

Request DefaultFullHttpRequest(decodeResult: success, version: HTTP/1.1, content: EmptyByteBufBE)
GET /session/aed4d41f3b0d5c74b3af98b577804490/url HTTP/1.1
User-Agent: selenium/4.1.2 (java windows)
Cache-Control: no-cache
Content-Type: application/json; charset=utf-8
host: localhost:57756
accept: */*

Response DefaultHttpResponse(decodeResult: success, version: HTTP/1.1)
HTTP/1.1 200 OK
Content-Type: application/json; charset=utf-8
cache-control: no-cache
content-length: 41

15:18:30.991 [AsyncHttpClient-1-5] DEBUG org.asynchttpclient.netty.channel.ChannelManager - Adding key: http://localhost:57756 for channel [id: 0x757b238a, L:/127.0.0.1:51887 - R:localhost/127.0.0.1:57756]
  &amp#27;[32mGiven &amp#27;[0m&amp#27;[32mI am on the home page&amp#27;[0m     &amp#27;[90m# starter.stepdefinitions.BabyStep.iAmOnTheHomePage()&amp#27;[0m
15:18:30.999 [Forwarding screenshot on session aed4d41f3b0d5c74b3af98b577804490 to remote] DEBUG org.asynchttpclient.netty.request.NettyRequestSender - Using pooled Channel '[id: 0x757b238a, L:/127.0.0.1:51887 - R:localhost/127.0.0.1:57756]' for 'GET' to 'http://localhost:57756/session/aed4d41f3b0d5c74b3af98b577804490/screenshot'
15:18:30.999 [Forwarding screenshot on session aed4d41f3b0d5c74b3af98b577804490 to remote] DEBUG org.asynchttpclient.netty.request.NettyRequestSender - Using open Channel [id: 0x757b238a, L:/127.0.0.1:51887 - R:localhost/127.0.0.1:57756] for GET '/session/aed4d41f3b0d5c74b3af98b577804490/screenshot'
15:18:31.006 [AsyncHttpClient-1-1] DEBUG org.asynchttpclient.netty.channel.DefaultChannelPool - Entry count for : http://localhost:51888 : 1
15:18:31.323 [AsyncHttpClient-1-5] DEBUG org.asynchttpclient.netty.handler.HttpHandler - 

Request DefaultFullHttpRequest(decodeResult: success, version: HTTP/1.1, content: EmptyByteBufBE)
GET /session/aed4d41f3b0d5c74b3af98b577804490/screenshot HTTP/1.1
User-Agent: selenium/4.1.2 (java windows)
Cache-Control: no-cache
Content-Type: application/json; charset=utf-8
host: localhost:57756
accept: */*

Response DefaultHttpResponse(decodeResult: success, version: HTTP/1.1)
HTTP/1.1 200 OK
Content-Type: application/json; charset=utf-8
cache-control: no-cache
content-length: 1022316

15:18:31.325 [AsyncHttpClient-1-5] DEBUG org.asynchttpclient.netty.channel.ChannelManager - Adding key: http://localhost:57756 for channel [id: 0x757b238a, L:/127.0.0.1:51887 - R:localhost/127.0.0.1:57756]
15:18:31.358 [main] DEBUG net.serenitybdd.core.photography.Darkroom - Send negative for processing for target\site\serenity\b0ddf3608b8f51a6a3adc36e4acd901b7a2c5b7adc6fd42a924a7c7a6358c0ea.png
15:18:31.370 [Forwarding findElement on session aed4d41f3b0d5c74b3af98b577804490 to remote] DEBUG org.asynchttpclient.netty.request.NettyRequestSender - Using pooled Channel '[id: 0x757b238a, L:/127.0.0.1:51887 - R:localhost/127.0.0.1:57756]' for 'POST' to 'http://localhost:57756/session/aed4d41f3b0d5c74b3af98b577804490/element'
15:18:31.370 [Forwarding findElement on session aed4d41f3b0d5c74b3af98b577804490 to remote] DEBUG org.asynchttpclient.netty.request.NettyRequestSender - Using open Channel [id: 0x757b238a, L:/127.0.0.1:51887 - R:localhost/127.0.0.1:57756] for POST '/session/aed4d41f3b0d5c74b3af98b577804490/element'
15:18:31.383 [AsyncHttpClient-1-5] DEBUG org.asynchttpclient.netty.handler.HttpHandler - 

Request DefaultHttpRequest(decodeResult: success, version: HTTP/1.1)
POST /session/aed4d41f3b0d5c74b3af98b577804490/element HTTP/1.1
User-Agent: selenium/4.1.2 (java windows)
Content-Length: 81
Content-Type: application/json; charset=utf-8
host: localhost:57756
accept: */*

Response DefaultHttpResponse(decodeResult: success, version: HTTP/1.1)
HTTP/1.1 200 OK
Content-Type: application/json; charset=utf-8
cache-control: no-cache
content-length: 88

15:18:31.383 [AsyncHttpClient-1-5] DEBUG org.asynchttpclient.netty.channel.ChannelManager - Adding key: http://localhost:57756 for channel [id: 0x757b238a, L:/127.0.0.1:51887 - R:localhost/127.0.0.1:57756]
15:18:31.385 [Forwarding getElementTagName on session aed4d41f3b0d5c74b3af98b577804490 to remote] DEBUG org.asynchttpclient.netty.request.NettyRequestSender - Using pooled Channel '[id: 0x757b238a, L:/127.0.0.1:51887 - R:localhost/127.0.0.1:57756]' for 'GET' to 'http://localhost:57756/session/aed4d41f3b0d5c74b3af98b577804490/element/e5b4f1bf-8e72-4b2f-b254-c6741e98d431/name'
15:18:31.385 [Forwarding getElementTagName on session aed4d41f3b0d5c74b3af98b577804490 to remote] DEBUG org.asynchttpclient.netty.request.NettyRequestSender - Using open Channel [id: 0x757b238a, L:/127.0.0.1:51887 - R:localhost/127.0.0.1:57756] for GET '/session/aed4d41f3b0d5c74b3af98b577804490/element/e5b4f1bf-8e72-4b2f-b254-c6741e98d431/name'
15:18:31.388 [AsyncHttpClient-1-5] DEBUG org.asynchttpclient.netty.handler.HttpHandler - 

Request DefaultFullHttpRequest(decodeResult: success, version: HTTP/1.1, content: EmptyByteBufBE)
GET /session/aed4d41f3b0d5c74b3af98b577804490/element/e5b4f1bf-8e72-4b2f-b254-c6741e98d431/name HTTP/1.1
User-Agent: selenium/4.1.2 (java windows)
Cache-Control: no-cache
Content-Type: application/json; charset=utf-8
host: localhost:57756
accept: */*

Response DefaultHttpResponse(decodeResult: success, version: HTTP/1.1)
HTTP/1.1 200 OK
Content-Type: application/json; charset=utf-8
cache-control: no-cache
content-length: 16

15:18:31.388 [AsyncHttpClient-1-5] DEBUG org.asynchttpclient.netty.channel.ChannelManager - Adding key: http://localhost:57756 for channel [id: 0x757b238a, L:/127.0.0.1:51887 - R:localhost/127.0.0.1:57756]
15:18:31.389 [Forwarding getElementTagName on session aed4d41f3b0d5c74b3af98b577804490 to remote] DEBUG org.asynchttpclient.netty.request.NettyRequestSender - Using pooled Channel '[id: 0x757b238a, L:/127.0.0.1:51887 - R:localhost/127.0.0.1:57756]' for 'GET' to 'http://localhost:57756/session/aed4d41f3b0d5c74b3af98b577804490/element/e5b4f1bf-8e72-4b2f-b254-c6741e98d431/name'
15:18:31.389 [Forwarding getElementTagName on session aed4d41f3b0d5c74b3af98b577804490 to remote] DEBUG org.asynchttpclient.netty.request.NettyRequestSender - Using open Channel [id: 0x757b238a, L:/127.0.0.1:51887 - R:localhost/127.0.0.1:57756] for GET '/session/aed4d41f3b0d5c74b3af98b577804490/element/e5b4f1bf-8e72-4b2f-b254-c6741e98d431/name'
15:18:31.392 [AsyncHttpClient-1-5] DEBUG org.asynchttpclient.netty.handler.HttpHandler - 

Request DefaultFullHttpRequest(decodeResult: success, version: HTTP/1.1, content: EmptyByteBufBE)
GET /session/aed4d41f3b0d5c74b3af98b577804490/element/e5b4f1bf-8e72-4b2f-b254-c6741e98d431/name HTTP/1.1
User-Agent: selenium/4.1.2 (java windows)
Cache-Control: no-cache
Content-Type: application/json; charset=utf-8
host: localhost:57756
accept: */*

Response DefaultHttpResponse(decodeResult: success, version: HTTP/1.1)
HTTP/1.1 200 OK
Content-Type: application/json; charset=utf-8
cache-control: no-cache
content-length: 16

15:18:31.392 [AsyncHttpClient-1-5] DEBUG org.asynchttpclient.netty.channel.ChannelManager - Adding key: http://localhost:57756 for channel [id: 0x757b238a, L:/127.0.0.1:51887 - R:localhost/127.0.0.1:57756]
15:18:31.395 [Forwarding findElement on session aed4d41f3b0d5c74b3af98b577804490 to remote] DEBUG org.asynchttpclient.netty.request.NettyRequestSender - Using pooled Channel '[id: 0x757b238a, L:/127.0.0.1:51887 - R:localhost/127.0.0.1:57756]' for 'POST' to 'http://localhost:57756/session/aed4d41f3b0d5c74b3af98b577804490/element'
15:18:31.395 [Forwarding findElement on session aed4d41f3b0d5c74b3af98b577804490 to remote] DEBUG org.asynchttpclient.netty.request.NettyRequestSender - Using open Channel [id: 0x757b238a, L:/127.0.0.1:51887 - R:localhost/127.0.0.1:57756] for POST '/session/aed4d41f3b0d5c74b3af98b577804490/element'
15:18:31.401 [AsyncHttpClient-1-5] DEBUG org.asynchttpclient.netty.handler.HttpHandler - 

Request DefaultHttpRequest(decodeResult: success, version: HTTP/1.1)
POST /session/aed4d41f3b0d5c74b3af98b577804490/element HTTP/1.1
User-Agent: selenium/4.1.2 (java windows)
Content-Length: 81
Content-Type: application/json; charset=utf-8
host: localhost:57756
accept: */*

Response DefaultHttpResponse(decodeResult: success, version: HTTP/1.1)
HTTP/1.1 200 OK
Content-Type: application/json; charset=utf-8
cache-control: no-cache
content-length: 88

15:18:31.401 [AsyncHttpClient-1-5] DEBUG org.asynchttpclient.netty.channel.ChannelManager - Adding key: http://localhost:57756 for channel [id: 0x757b238a, L:/127.0.0.1:51887 - R:localhost/127.0.0.1:57756]
15:18:31.402 [Forwarding clickElement on session aed4d41f3b0d5c74b3af98b577804490 to remote] DEBUG org.asynchttpclient.netty.request.NettyRequestSender - Using pooled Channel '[id: 0x757b238a, L:/127.0.0.1:51887 - R:localhost/127.0.0.1:57756]' for 'POST' to 'http://localhost:57756/session/aed4d41f3b0d5c74b3af98b577804490/element/e5b4f1bf-8e72-4b2f-b254-c6741e98d431/click'
15:18:31.402 [Forwarding clickElement on session aed4d41f3b0d5c74b3af98b577804490 to remote] DEBUG org.asynchttpclient.netty.request.NettyRequestSender - Using open Channel [id: 0x757b238a, L:/127.0.0.1:51887 - R:localhost/127.0.0.1:57756] for POST '/session/aed4d41f3b0d5c74b3af98b577804490/element/e5b4f1bf-8e72-4b2f-b254-c6741e98d431/click'
15:18:31.878 [AsyncHttpClient-1-5] DEBUG org.asynchttpclient.netty.handler.HttpHandler - 

Request DefaultHttpRequest(decodeResult: success, version: HTTP/1.1)
POST /session/aed4d41f3b0d5c74b3af98b577804490/element/e5b4f1bf-8e72-4b2f-b254-c6741e98d431/click HTTP/1.1
User-Agent: selenium/4.1.2 (java windows)
Content-Length: 50
Content-Type: application/json; charset=utf-8
host: localhost:57756
accept: */*

Response DefaultHttpResponse(decodeResult: success, version: HTTP/1.1)
HTTP/1.1 200 OK
Content-Type: application/json; charset=utf-8
cache-control: no-cache
content-length: 14

15:18:31.878 [AsyncHttpClient-1-5] DEBUG org.asynchttpclient.netty.channel.ChannelManager - Adding key: http://localhost:57756 for channel [id: 0x757b238a, L:/127.0.0.1:51887 - R:localhost/127.0.0.1:57756]
  &amp#27;[32mThen &amp#27;[0m&amp#27;[32mI click baby on the header&amp#27;[0m &amp#27;[90m# starter.stepdefinitions.BabyStep.iClickBabyOnTheHeader()&amp#27;[0m
15:18:31.886 [Forwarding screenshot on session aed4d41f3b0d5c74b3af98b577804490 to remote] DEBUG org.asynchttpclient.netty.request.NettyRequestSender - Using pooled Channel '[id: 0x757b238a, L:/127.0.0.1:51887 - R:localhost/127.0.0.1:57756]' for 'GET' to 'http://localhost:57756/session/aed4d41f3b0d5c74b3af98b577804490/screenshot'
15:18:31.887 [Forwarding screenshot on session aed4d41f3b0d5c74b3af98b577804490 to remote] DEBUG org.asynchttpclient.netty.request.NettyRequestSender - Using open Channel [id: 0x757b238a, L:/127.0.0.1:51887 - R:localhost/127.0.0.1:57756] for GET '/session/aed4d41f3b0d5c74b3af98b577804490/screenshot'
15:18:32.111 [AsyncHttpClient-1-1] DEBUG org.asynchttpclient.netty.channel.DefaultChannelPool - Entry count for : http://localhost:51888 : 1
15:18:32.716 [AsyncHttpClient-1-5] DEBUG org.asynchttpclient.netty.handler.HttpHandler - 

Request DefaultFullHttpRequest(decodeResult: success, version: HTTP/1.1, content: EmptyByteBufBE)
GET /session/aed4d41f3b0d5c74b3af98b577804490/screenshot HTTP/1.1
User-Agent: selenium/4.1.2 (java windows)
Cache-Control: no-cache
Content-Type: application/json; charset=utf-8
host: localhost:57756
accept: */*

Response DefaultHttpResponse(decodeResult: success, version: HTTP/1.1)
HTTP/1.1 200 OK
Content-Type: application/json; charset=utf-8
cache-control: no-cache
content-length: 108616

15:18:32.716 [AsyncHttpClient-1-5] DEBUG org.asynchttpclient.netty.channel.ChannelManager - Adding key: http://localhost:57756 for channel [id: 0x757b238a, L:/127.0.0.1:51887 - R:localhost/127.0.0.1:57756]
15:18:32.719 [main] DEBUG net.serenitybdd.core.photography.Darkroom - Send negative for processing for target\site\serenity\3146ec24642a06fa9099081c1abf7b1d6d89eb63a7699c30b8702951aea236ab.png
15:18:32.729 [Forwarding findElement on session aed4d41f3b0d5c74b3af98b577804490 to remote] DEBUG org.asynchttpclient.netty.request.NettyRequestSender - Using pooled Channel '[id: 0x757b238a, L:/127.0.0.1:51887 - R:localhost/127.0.0.1:57756]' for 'POST' to 'http://localhost:57756/session/aed4d41f3b0d5c74b3af98b577804490/element'
15:18:32.729 [Forwarding findElement on session aed4d41f3b0d5c74b3af98b577804490 to remote] DEBUG org.asynchttpclient.netty.request.NettyRequestSender - Using open Channel [id: 0x757b238a, L:/127.0.0.1:51887 - R:localhost/127.0.0.1:57756] for POST '/session/aed4d41f3b0d5c74b3af98b577804490/element'
15:18:32.769 [AsyncHttpClient-1-5] DEBUG org.asynchttpclient.netty.handler.HttpHandler - 

Request DefaultHttpRequest(decodeResult: success, version: HTTP/1.1)
POST /session/aed4d41f3b0d5c74b3af98b577804490/element HTTP/1.1
User-Agent: selenium/4.1.2 (java windows)
Content-Length: 105
Content-Type: application/json; charset=utf-8
host: localhost:57756
accept: */*

Response DefaultHttpResponse(decodeResult: success, version: HTTP/1.1)
HTTP/1.1 200 OK
Content-Type: application/json; charset=utf-8
cache-control: no-cache
content-length: 88

15:18:32.769 [AsyncHttpClient-1-5] DEBUG org.asynchttpclient.netty.channel.ChannelManager - Adding key: http://localhost:57756 for channel [id: 0x757b238a, L:/127.0.0.1:51887 - R:localhost/127.0.0.1:57756]
15:18:32.770 [Forwarding getElementTagName on session aed4d41f3b0d5c74b3af98b577804490 to remote] DEBUG org.asynchttpclient.netty.request.NettyRequestSender - Using pooled Channel '[id: 0x757b238a, L:/127.0.0.1:51887 - R:localhost/127.0.0.1:57756]' for 'GET' to 'http://localhost:57756/session/aed4d41f3b0d5c74b3af98b577804490/element/929fd2c6-c6fb-4dd8-ac74-368efbfdf118/name'
15:18:32.770 [Forwarding getElementTagName on session aed4d41f3b0d5c74b3af98b577804490 to remote] DEBUG org.asynchttpclient.netty.request.NettyRequestSender - Using open Channel [id: 0x757b238a, L:/127.0.0.1:51887 - R:localhost/127.0.0.1:57756] for GET '/session/aed4d41f3b0d5c74b3af98b577804490/element/929fd2c6-c6fb-4dd8-ac74-368efbfdf118/name'
15:18:32.774 [AsyncHttpClient-1-5] DEBUG org.asynchttpclient.netty.handler.HttpHandler - 

Request DefaultFullHttpRequest(decodeResult: success, version: HTTP/1.1, content: EmptyByteBufBE)
GET /session/aed4d41f3b0d5c74b3af98b577804490/element/929fd2c6-c6fb-4dd8-ac74-368efbfdf118/name HTTP/1.1
User-Agent: selenium/4.1.2 (java windows)
Cache-Control: no-cache
Content-Type: application/json; charset=utf-8
host: localhost:57756
accept: */*

Response DefaultHttpResponse(decodeResult: success, version: HTTP/1.1)
HTTP/1.1 200 OK
Content-Type: application/json; charset=utf-8
cache-control: no-cache
content-length: 16

15:18:32.774 [AsyncHttpClient-1-5] DEBUG org.asynchttpclient.netty.channel.ChannelManager - Adding key: http://localhost:57756 for channel [id: 0x757b238a, L:/127.0.0.1:51887 - R:localhost/127.0.0.1:57756]
15:18:32.775 [Forwarding getElementTagName on session aed4d41f3b0d5c74b3af98b577804490 to remote] DEBUG org.asynchttpclient.netty.request.NettyRequestSender - Using pooled Channel '[id: 0x757b238a, L:/127.0.0.1:51887 - R:localhost/127.0.0.1:57756]' for 'GET' to 'http://localhost:57756/session/aed4d41f3b0d5c74b3af98b577804490/element/929fd2c6-c6fb-4dd8-ac74-368efbfdf118/name'
15:18:32.775 [Forwarding getElementTagName on session aed4d41f3b0d5c74b3af98b577804490 to remote] DEBUG org.asynchttpclient.netty.request.NettyRequestSender - Using open Channel [id: 0x757b238a, L:/127.0.0.1:51887 - R:localhost/127.0.0.1:57756] for GET '/session/aed4d41f3b0d5c74b3af98b577804490/element/929fd2c6-c6fb-4dd8-ac74-368efbfdf118/name'
15:18:32.781 [AsyncHttpClient-1-5] DEBUG org.asynchttpclient.netty.handler.HttpHandler - 

Request DefaultFullHttpRequest(decodeResult: success, version: HTTP/1.1, content: EmptyByteBufBE)
GET /session/aed4d41f3b0d5c74b3af98b577804490/element/929fd2c6-c6fb-4dd8-ac74-368efbfdf118/name HTTP/1.1
User-Agent: selenium/4.1.2 (java windows)
Cache-Control: no-cache
Content-Type: application/json; charset=utf-8
host: localhost:57756
accept: */*

Response DefaultHttpResponse(decodeResult: success, version: HTTP/1.1)
HTTP/1.1 200 OK
Content-Type: application/json; charset=utf-8
cache-control: no-cache
content-length: 16

15:18:32.781 [AsyncHttpClient-1-5] DEBUG org.asynchttpclient.netty.channel.ChannelManager - Adding key: http://localhost:57756 for channel [id: 0x757b238a, L:/127.0.0.1:51887 - R:localhost/127.0.0.1:57756]
15:18:32.783 [Forwarding findElement on session aed4d41f3b0d5c74b3af98b577804490 to remote] DEBUG org.asynchttpclient.netty.request.NettyRequestSender - Using pooled Channel '[id: 0x757b238a, L:/127.0.0.1:51887 - R:localhost/127.0.0.1:57756]' for 'POST' to 'http://localhost:57756/session/aed4d41f3b0d5c74b3af98b577804490/element'
15:18:32.783 [Forwarding findElement on session aed4d41f3b0d5c74b3af98b577804490 to remote] DEBUG org.asynchttpclient.netty.request.NettyRequestSender - Using open Channel [id: 0x757b238a, L:/127.0.0.1:51887 - R:localhost/127.0.0.1:57756] for POST '/session/aed4d41f3b0d5c74b3af98b577804490/element'
15:18:32.790 [AsyncHttpClient-1-5] DEBUG org.asynchttpclient.netty.handler.HttpHandler - 

Request DefaultHttpRequest(decodeResult: success, version: HTTP/1.1)
POST /session/aed4d41f3b0d5c74b3af98b577804490/element HTTP/1.1
User-Agent: selenium/4.1.2 (java windows)
Content-Length: 105
Content-Type: application/json; charset=utf-8
host: localhost:57756
accept: */*

Response DefaultHttpResponse(decodeResult: success, version: HTTP/1.1)
HTTP/1.1 200 OK
Content-Type: application/json; charset=utf-8
cache-control: no-cache
content-length: 88

15:18:32.790 [AsyncHttpClient-1-5] DEBUG org.asynchttpclient.netty.channel.ChannelManager - Adding key: http://localhost:57756 for channel [id: 0x757b238a, L:/127.0.0.1:51887 - R:localhost/127.0.0.1:57756]
15:18:32.792 [Forwarding clickElement on session aed4d41f3b0d5c74b3af98b577804490 to remote] DEBUG org.asynchttpclient.netty.request.NettyRequestSender - Using pooled Channel '[id: 0x757b238a, L:/127.0.0.1:51887 - R:localhost/127.0.0.1:57756]' for 'POST' to 'http://localhost:57756/session/aed4d41f3b0d5c74b3af98b577804490/element/929fd2c6-c6fb-4dd8-ac74-368efbfdf118/click'
15:18:32.792 [Forwarding clickElement on session aed4d41f3b0d5c74b3af98b577804490 to remote] DEBUG org.asynchttpclient.netty.request.NettyRequestSender - Using open Channel [id: 0x757b238a, L:/127.0.0.1:51887 - R:localhost/127.0.0.1:57756] for POST '/session/aed4d41f3b0d5c74b3af98b577804490/element/929fd2c6-c6fb-4dd8-ac74-368efbfdf118/click'
15:18:33.008 [AsyncHttpClient-1-5] DEBUG org.asynchttpclient.netty.handler.HttpHandler - 

Request DefaultHttpRequest(decodeResult: success, version: HTTP/1.1)
POST /session/aed4d41f3b0d5c74b3af98b577804490/element/929fd2c6-c6fb-4dd8-ac74-368efbfdf118/click HTTP/1.1
User-Agent: selenium/4.1.2 (java windows)
Content-Length: 50
Content-Type: application/json; charset=utf-8
host: localhost:57756
accept: */*

Response DefaultHttpResponse(decodeResult: success, version: HTTP/1.1)
HTTP/1.1 200 OK
Content-Type: application/json; charset=utf-8
cache-control: no-cache
content-length: 14

15:18:33.008 [AsyncHttpClient-1-5] DEBUG org.asynchttpclient.netty.channel.ChannelManager - Adding key: http://localhost:57756 for channel [id: 0x757b238a, L:/127.0.0.1:51887 - R:localhost/127.0.0.1:57756]
  &amp#27;[32mWhen &amp#27;[0m&amp#27;[32mI will go to &amp#27;[0m&amp#27;[32m&amp#27;[1m"bawahan"&amp#27;[0m     &amp#27;[90m# starter.stepdefinitions.BabyStep.iWillGoTo(java.lang.String)&amp#27;[0m
15:18:33.015 [Forwarding screenshot on session aed4d41f3b0d5c74b3af98b577804490 to remote] DEBUG org.asynchttpclient.netty.request.NettyRequestSender - Using pooled Channel '[id: 0x757b238a, L:/127.0.0.1:51887 - R:localhost/127.0.0.1:57756]' for 'GET' to 'http://localhost:57756/session/aed4d41f3b0d5c74b3af98b577804490/screenshot'
15:18:33.015 [Forwarding screenshot on session aed4d41f3b0d5c74b3af98b577804490 to remote] DEBUG org.asynchttpclient.netty.request.NettyRequestSender - Using open Channel [id: 0x757b238a, L:/127.0.0.1:51887 - R:localhost/127.0.0.1:57756] for GET '/session/aed4d41f3b0d5c74b3af98b577804490/screenshot'
15:18:33.205 [AsyncHttpClient-1-1] DEBUG org.asynchttpclient.netty.channel.DefaultChannelPool - Entry count for : http://localhost:51888 : 1
15:18:33.446 [AsyncHttpClient-1-5] DEBUG org.asynchttpclient.netty.handler.HttpHandler - 

Request DefaultFullHttpRequest(decodeResult: success, version: HTTP/1.1, content: EmptyByteBufBE)
GET /session/aed4d41f3b0d5c74b3af98b577804490/screenshot HTTP/1.1
User-Agent: selenium/4.1.2 (java windows)
Cache-Control: no-cache
Content-Type: application/json; charset=utf-8
host: localhost:57756
accept: */*

Response DefaultHttpResponse(decodeResult: success, version: HTTP/1.1)
HTTP/1.1 200 OK
Content-Type: application/json; charset=utf-8
cache-control: no-cache
content-length: 386196

15:18:33.447 [AsyncHttpClient-1-5] DEBUG org.asynchttpclient.netty.channel.ChannelManager - Adding key: http://localhost:57756 for channel [id: 0x757b238a, L:/127.0.0.1:51887 - R:localhost/127.0.0.1:57756]
15:18:33.460 [main] DEBUG net.serenitybdd.core.photography.Darkroom - Send negative for processing for target\site\serenity\ee180d58c5f9f4aa35c4674a3a19e1d73726cd4c9d795e3c5f2aff4812a5fbc5.png
15:18:33.460 [Darkroom Processing Line] DEBUG net.serenitybdd.core.photography.DarkroomProcessingLine - Processing screenshot image in /var/screenshots/screenshot-11233977104856179371
15:18:33.460 [Darkroom Processing Line] DEBUG net.serenitybdd.core.photography.DarkroomProcessingLine - Saving screenshot to target\site\serenity\ee180d58c5f9f4aa35c4674a3a19e1d73726cd4c9d795e3c5f2aff4812a5fbc5.png
15:18:33.468 [Forwarding findElement on session aed4d41f3b0d5c74b3af98b577804490 to remote] DEBUG org.asynchttpclient.netty.request.NettyRequestSender - Using pooled Channel '[id: 0x757b238a, L:/127.0.0.1:51887 - R:localhost/127.0.0.1:57756]' for 'POST' to 'http://localhost:57756/session/aed4d41f3b0d5c74b3af98b577804490/element'
15:18:33.468 [Forwarding findElement on session aed4d41f3b0d5c74b3af98b577804490 to remote] DEBUG org.asynchttpclient.netty.request.NettyRequestSender - Using open Channel [id: 0x757b238a, L:/127.0.0.1:51887 - R:localhost/127.0.0.1:57756] for POST '/session/aed4d41f3b0d5c74b3af98b577804490/element'
15:18:33.481 [AsyncHttpClient-1-5] DEBUG org.asynchttpclient.netty.handler.HttpHandler - 

Request DefaultHttpRequest(decodeResult: success, version: HTTP/1.1)
POST /session/aed4d41f3b0d5c74b3af98b577804490/element HTTP/1.1
User-Agent: selenium/4.1.2 (java windows)
Content-Length: 90
Content-Type: application/json; charset=utf-8
host: localhost:57756
accept: */*

Response DefaultHttpResponse(decodeResult: success, version: HTTP/1.1)
HTTP/1.1 200 OK
Content-Type: application/json; charset=utf-8
cache-control: no-cache
content-length: 88

15:18:33.482 [AsyncHttpClient-1-5] DEBUG org.asynchttpclient.netty.channel.ChannelManager - Adding key: http://localhost:57756 for channel [id: 0x757b238a, L:/127.0.0.1:51887 - R:localhost/127.0.0.1:57756]
15:18:33.488 [Forwarding isElementDisplayed on session aed4d41f3b0d5c74b3af98b577804490 to remote] DEBUG org.asynchttpclient.netty.request.NettyRequestSender - Using pooled Channel '[id: 0x757b238a, L:/127.0.0.1:51887 - R:localhost/127.0.0.1:57756]' for 'POST' to 'http://localhost:57756/session/aed4d41f3b0d5c74b3af98b577804490/execute/sync'
15:18:33.488 [Forwarding isElementDisplayed on session aed4d41f3b0d5c74b3af98b577804490 to remote] DEBUG org.asynchttpclient.netty.request.NettyRequestSender - Using open Channel [id: 0x757b238a, L:/127.0.0.1:51887 - R:localhost/127.0.0.1:57756] for POST '/session/aed4d41f3b0d5c74b3af98b577804490/execute/sync'
15:18:33.501 [AsyncHttpClient-1-5] DEBUG org.asynchttpclient.netty.handler.HttpHandler - 

Request DefaultHttpRequest(decodeResult: success, version: HTTP/1.1)
POST /session/aed4d41f3b0d5c74b3af98b577804490/execute/sync HTTP/1.1
User-Agent: selenium/4.1.2 (java windows)
Content-Length: 48780
Content-Type: application/json; charset=utf-8
host: localhost:57756
accept: */*

Response DefaultHttpResponse(decodeResult: success, version: HTTP/1.1)
HTTP/1.1 200 OK
Content-Type: application/json; charset=utf-8
cache-control: no-cache
content-length: 14

15:18:33.502 [AsyncHttpClient-1-5] DEBUG org.asynchttpclient.netty.channel.ChannelManager - Adding key: http://localhost:57756 for channel [id: 0x757b238a, L:/127.0.0.1:51887 - R:localhost/127.0.0.1:57756]
  &amp#27;[32mAnd &amp#27;[0m&amp#27;[32mI &amp#27;[0m&amp#27;[32m&amp#27;[1m"txtBawahan2"&amp#27;[0m&amp#27;[32m page&amp#27;[0m        &amp#27;[90m# starter.stepdefinitions.BabyStep.iPage(java.lang.String)&amp#27;[0m
15:18:33.508 [AsyncHttpClient-1-7] DEBUG org.asynchttpclient.netty.handler.WebSocketHandler - Channel Closed: [id: 0x6944fc14, L:/127.0.0.1:51895 ! R:localhost/127.0.0.1:51888] with attribute NettyResponseFuture{currentRetry=5,
	isDone=1,
	isCancelled=0,
	asyncHandler=org.asynchttpclient.ws.WebSocketUpgradeHandler@60606b59,
	nettyRequest=org.asynchttpclient.netty.request.NettyRequest@42e1e36,
	future=java.util.concurrent.CompletableFuture@69c4a352[Completed normally],
	uri=ws://localhost:51888/devtools/browser/d37d3230-1503-4e56-b9a3-c7f396894e5f,
	keepAlive=true,
	redirectCount=0,
	timeoutsHolder=null,
	inAuth=0,
	touch=1680855504944}
15:18:33.508 [AsyncHttpClient-1-7] DEBUG org.asynchttpclient.netty.channel.ChannelManager - Closing Channel [id: 0x6944fc14, L:/127.0.0.1:51895 ! R:localhost/127.0.0.1:51888] 
15:18:33.509 [Driver Command Executor] DEBUG org.asynchttpclient.netty.request.NettyRequestSender - Using pooled Channel '[id: 0x757b238a, L:/127.0.0.1:51887 - R:localhost/127.0.0.1:57756]' for 'DELETE' to 'http://localhost:57756/session/aed4d41f3b0d5c74b3af98b577804490'
15:18:33.509 [Driver Command Executor] DEBUG org.asynchttpclient.netty.request.NettyRequestSender - Using open Channel [id: 0x757b238a, L:/127.0.0.1:51887 - R:localhost/127.0.0.1:57756] for DELETE '/session/aed4d41f3b0d5c74b3af98b577804490'
15:18:33.543 [AsyncHttpClient-1-6] DEBUG org.asynchttpclient.netty.handler.HttpHandler - Unexpected I/O exception on channel [id: 0x9dc8b543, L:/127.0.0.1:51894 - R:localhost/127.0.0.1:51888]
java.net.SocketException: Connection reset
	at java.base/sun.nio.ch.SocketChannelImpl.throwConnectionReset(SocketChannelImpl.java:345)
	at java.base/sun.nio.ch.SocketChannelImpl.read(SocketChannelImpl.java:376)
	at io.netty.buffer.PooledByteBuf.setBytes(PooledByteBuf.java:258)
	at io.netty.buffer.AbstractByteBuf.writeBytes(AbstractByteBuf.java:1132)
	at io.netty.channel.socket.nio.NioSocketChannel.doReadBytes(NioSocketChannel.java:350)
	at io.netty.channel.nio.AbstractNioByteChannel$NioByteUnsafe.read(AbstractNioByteChannel.java:151)
	at io.netty.channel.nio.NioEventLoop.processSelectedKey(NioEventLoop.java:722)
	at io.netty.channel.nio.NioEventLoop.processSelectedKeysOptimized(NioEventLoop.java:658)
	at io.netty.channel.nio.NioEventLoop.processSelectedKeys(NioEventLoop.java:584)
	at io.netty.channel.nio.NioEventLoop.run(NioEventLoop.java:496)
	at io.netty.util.concurrent.SingleThreadEventExecutor$4.run(SingleThreadEventExecutor.java:986)
	at io.netty.util.internal.ThreadExecutorMap$2.run(ThreadExecutorMap.java:74)
	at io.netty.util.concurrent.FastThreadLocalRunnable.run(FastThreadLocalRunnable.java:30)
	at java.base/java.lang.Thread.run(Thread.java:830)
15:18:33.543 [AsyncHttpClient-1-6] DEBUG org.asynchttpclient.netty.channel.ChannelManager - Closing Channel [id: 0x9dc8b543, L:/127.0.0.1:51894 - R:localhost/127.0.0.1:51888] 
15:18:33.543 [AsyncHttpClient-1-6] DEBUG org.asynchttpclient.netty.handler.HttpHandler - Channel Closed: [id: 0x9dc8b543, L:/127.0.0.1:51894 ! R:localhost/127.0.0.1:51888] with attribute DISCARD
15:18:33.568 [AsyncHttpClient-1-5] DEBUG org.asynchttpclient.netty.handler.HttpHandler - 

Request DefaultFullHttpRequest(decodeResult: success, version: HTTP/1.1, content: EmptyByteBufBE)
DELETE /session/aed4d41f3b0d5c74b3af98b577804490 HTTP/1.1
User-Agent: selenium/4.1.2 (java windows)
Content-Type: application/json; charset=utf-8
host: localhost:57756
accept: */*

Response DefaultHttpResponse(decodeResult: success, version: HTTP/1.1)
HTTP/1.1 200 OK
Content-Type: application/json; charset=utf-8
cache-control: no-cache
content-length: 14

15:18:33.569 [AsyncHttpClient-1-5] DEBUG org.asynchttpclient.netty.channel.ChannelManager - Adding key: http://localhost:57756 for channel [id: 0x757b238a, L:/127.0.0.1:51887 - R:localhost/127.0.0.1:57756]
15:18:33.772 [AsyncHttpClient-1-5] DEBUG org.asynchttpclient.netty.handler.HttpHandler - Channel Closed: [id: 0x757b238a, L:/127.0.0.1:51887 ! R:localhost/127.0.0.1:57756] with attribute DISCARD
15:18:34.306 [AsyncHttpClient-1-1] DEBUG org.asynchttpclient.netty.channel.DefaultChannelPool - Entry count for : http://localhost:57756 : 1
15:18:34.306 [AsyncHttpClient-1-1] DEBUG org.asynchttpclient.netty.channel.DefaultChannelPool - Entry count for : http://localhost:51888 : 1
15:18:34.306 [AsyncHttpClient-1-1] DEBUG org.asynchttpclient.netty.channel.DefaultChannelPool - Adding Candidate expired Channel [id: 0x757b238a, L:/127.0.0.1:51887 ! R:localhost/127.0.0.1:57756] isIdleTimeoutExpired=false isRemotelyClosed=true isTtlExpired=false
15:18:34.306 [AsyncHttpClient-1-1] DEBUG org.asynchttpclient.netty.channel.DefaultChannelPool - Closing Idle Channel [id: 0x757b238a, L:/127.0.0.1:51887 ! R:localhost/127.0.0.1:57756]
15:18:34.306 [AsyncHttpClient-1-1] DEBUG org.asynchttpclient.netty.channel.DefaultChannelPool - Adding Candidate expired Channel [id: 0x9dc8b543, L:/127.0.0.1:51894 ! R:localhost/127.0.0.1:51888] isIdleTimeoutExpired=false isRemotelyClosed=true isTtlExpired=false
15:18:34.306 [AsyncHttpClient-1-1] DEBUG org.asynchttpclient.netty.channel.DefaultChannelPool - Closing Idle Channel [id: 0x9dc8b543, L:/127.0.0.1:51894 ! R:localhost/127.0.0.1:51888]
15:18:34.306 [AsyncHttpClient-1-1] DEBUG org.asynchttpclient.netty.channel.DefaultChannelPool - Closed 2 connections out of 2 in 0 ms
]]></system-out>
    <system-err><![CDATA[Starting Microsoft Edge WebDriver 111.0.1661.62 (0a8f453929e6410c973aa529a40485ce4e3e03db) on port 57756
To submit feedback, report a bug, or suggest new features, please visit https://github.com/MicrosoftEdge/EdgeWebDriver

Only local connections are allowed.
Please see https://aka.ms/WebDriverSecurity for suggestions on keeping Microsoft Edge WebDriver safe.

Microsoft Edge WebDriver was started successfully.
Apr 07, 2023 3:18:24 PM org.openqa.selenium.remote.ProtocolHandshake createSession
INFO: Detected dialect: W3C
Apr 07, 2023 3:18:24 PM org.openqa.selenium.devtools.CdpVersionFinder findNearestMatch
WARNING: Unable to find an exact match for CDP version 111, so returning the closest version found: a no-op implementation
Apr 07, 2023 3:18:24 PM org.openqa.selenium.devtools.CdpVersionFinder findNearestMatch
INFO: Unable to find CDP implementation matching 111.
Apr 07, 2023 3:18:24 PM org.openqa.selenium.chromium.ChromiumDriver lambda$new$3
WARNING: Unable to find version of CDP to use for . You may need to include a dependency on a specific version of the CDP using something similar to `org.seleniumhq.selenium:selenium-devtools-v86:4.1.2` where the version ("v86") matches the version of the chromium-based browser you're using and the version number of the artifact is the same as Selenium's.
]]></system-err>
  </testcase>
  <testcase name="Fitur Menu Baby #19" classname="Baby" time="10.836">
    <system-out><![CDATA[
Scenario Outline: Fitur Menu Baby &amp#27;[90m# src/test/resources/features/Baby.feature:111&amp#27;[0m
15:18:34.369 [main] INFO io.cucumber.core.plugin.SerenityReporter - Running feature from file:///C:/Users/alwi/IdeaProjects/uniqloweb/src/test/resources/features/Baby.feature
15:18:34.489 [main] DEBUG io.github.bonigarcia.wdm.cache.ResolutionCache - Resolution edge=111 in cache (valid until 16:02:35 07/04/2023 WIB)
15:18:34.493 [main] DEBUG io.github.bonigarcia.wdm.cache.ResolutionCache - Resolution edge111=111.0.1661.62 in cache (valid until 15:02:35 08/04/2023 WIB)
15:18:34.495 [main] INFO io.github.bonigarcia.wdm.WebDriverManager - Using msedgedriver 111.0.1661.62 (resolved driver for Edge 111)
15:18:34.505 [main] DEBUG io.github.bonigarcia.wdm.WebDriverManager - Driver msedgedriver 111.0.1661.62 found in cache
15:18:34.505 [main] INFO io.github.bonigarcia.wdm.WebDriverManager - Exporting webdriver.edge.driver as C:\Users\alwi\.cache\selenium\msedgedriver\win64\111.0.1661.62\msedgedriver.exe
15:18:34.507 [main] DEBUG net.serenitybdd.core.webdriver.driverproviders.ProvideNewDriver - Instantiating driver
15:18:34.507 [main] DEBUG net.serenitybdd.core.webdriver.driverproviders.ProvideNewDriver - Driver capabilities: Capabilities {base.url: https://www.uniqlo.com, chrome.driver: src/test/resources/webdrive..., driver: edge, ms:edgeChromium: true, ms:edgeOptions: {}, wait.for.timeout: 6000}
15:18:35.050 [AsyncHttpClient-1-8] DEBUG org.asynchttpclient.netty.channel.NettyConnectListener - Using new Channel '[id: 0x7056a49e, L:/127.0.0.1:52017 - R:localhost/127.0.0.1:60277]' for 'POST' to '/session'
15:18:35.682 [AsyncHttpClient-1-8] DEBUG org.asynchttpclient.netty.handler.HttpHandler - 

Request DefaultHttpRequest(decodeResult: success, version: HTTP/1.1)
POST /session HTTP/1.1
User-Agent: selenium/4.1.2 (java windows)
Content-Length: 627
Content-Type: application/json; charset=utf-8
host: localhost:60277
accept: */*

Response DefaultHttpResponse(decodeResult: success, version: HTTP/1.1)
HTTP/1.1 200 OK
Content-Type: application/json; charset=utf-8
cache-control: no-cache
content-length: 823

15:18:35.683 [AsyncHttpClient-1-8] DEBUG org.asynchttpclient.netty.channel.ChannelManager - Adding key: http://localhost:60277 for channel [id: 0x7056a49e, L:/127.0.0.1:52017 - R:localhost/127.0.0.1:60277]
15:18:35.688 [AsyncHttpClient-1-9] DEBUG org.asynchttpclient.netty.channel.NettyConnectListener - Using new Channel '[id: 0x5b272659, L:/127.0.0.1:52024 - R:localhost/127.0.0.1:52018]' for 'GET' to '/json/version'
15:18:35.688 [AsyncHttpClient-1-9] DEBUG org.asynchttpclient.netty.handler.HttpHandler - 

Request DefaultFullHttpRequest(decodeResult: success, version: HTTP/1.1, content: EmptyByteBufBE)
GET /json/version HTTP/1.1
User-Agent: selenium/4.1.2 (java windows)
host: localhost:52018
accept: */*

Response DefaultHttpResponse(decodeResult: success, version: HTTP/1.1)
HTTP/1.1 200 OK
Content-Security-Policy: frame-ancestors 'none'
Content-Type: application/json; charset=UTF-8
content-length: 436

15:18:35.688 [AsyncHttpClient-1-9] DEBUG org.asynchttpclient.netty.channel.ChannelManager - Adding key: http://localhost:52018 for channel [id: 0x5b272659, L:/127.0.0.1:52024 - R:localhost/127.0.0.1:52018]
15:18:35.690 [AsyncHttpClient-1-10] DEBUG org.asynchttpclient.netty.channel.NettyConnectListener - Using new Channel '[id: 0x7a6cb560, L:/127.0.0.1:52025 - R:localhost/127.0.0.1:52018]' for 'GET' to '/devtools/browser/8e973a99-2d02-4a9e-a84d-d95930e05429'
15:18:35.691 [AsyncHttpClient-1-10] DEBUG org.asynchttpclient.netty.handler.WebSocketHandler - 

Request DefaultFullHttpRequest(decodeResult: success, version: HTTP/1.1, content: EmptyByteBufBE)
GET /devtools/browser/8e973a99-2d02-4a9e-a84d-d95930e05429 HTTP/1.1
upgrade: websocket
connection: upgrade
sec-websocket-key: 90BitanMxQEWDP7i4+iCmA==
sec-websocket-version: 13
origin: http://localhost:52018
host: localhost:52018
accept: */*
user-agent: AHC/2.1

Response DefaultHttpResponse(decodeResult: success, version: HTTP/1.1)
HTTP/1.1 101 WebSocket Protocol Handshake
Upgrade: WebSocket
Connection: Upgrade
Sec-WebSocket-Accept: kvY4D+HZh4MLX+Wh3LHO21IcsbI=

15:18:35.694 [Forwarding get on session df2af1cc84d362f4f0f23d864f997d8b to remote] DEBUG org.asynchttpclient.netty.request.NettyRequestSender - Using pooled Channel '[id: 0x7056a49e, L:/127.0.0.1:52017 - R:localhost/127.0.0.1:60277]' for 'POST' to 'http://localhost:60277/session/df2af1cc84d362f4f0f23d864f997d8b/url'
15:18:35.694 [Forwarding get on session df2af1cc84d362f4f0f23d864f997d8b to remote] DEBUG org.asynchttpclient.netty.request.NettyRequestSender - Using open Channel [id: 0x7056a49e, L:/127.0.0.1:52017 - R:localhost/127.0.0.1:60277] for POST '/session/df2af1cc84d362f4f0f23d864f997d8b/url'
15:18:36.508 [AsyncHttpClient-1-1] DEBUG org.asynchttpclient.netty.channel.DefaultChannelPool - Entry count for : http://localhost:52018 : 1
15:18:37.609 [AsyncHttpClient-1-1] DEBUG org.asynchttpclient.netty.channel.DefaultChannelPool - Entry count for : http://localhost:52018 : 1
15:18:38.714 [AsyncHttpClient-1-1] DEBUG org.asynchttpclient.netty.channel.DefaultChannelPool - Entry count for : http://localhost:52018 : 1
15:18:39.808 [AsyncHttpClient-1-1] DEBUG org.asynchttpclient.netty.channel.DefaultChannelPool - Entry count for : http://localhost:52018 : 1
15:18:40.906 [AsyncHttpClient-1-1] DEBUG org.asynchttpclient.netty.channel.DefaultChannelPool - Entry count for : http://localhost:52018 : 1
15:18:41.881 [AsyncHttpClient-1-8] DEBUG org.asynchttpclient.netty.handler.HttpHandler - 

Request DefaultHttpRequest(decodeResult: success, version: HTTP/1.1)
POST /session/df2af1cc84d362f4f0f23d864f997d8b/url HTTP/1.1
User-Agent: selenium/4.1.2 (java windows)
Content-Length: 53
Content-Type: application/json; charset=utf-8
host: localhost:60277
accept: */*

Response DefaultHttpResponse(decodeResult: success, version: HTTP/1.1)
HTTP/1.1 200 OK
Content-Type: application/json; charset=utf-8
cache-control: no-cache
content-length: 14

15:18:41.881 [AsyncHttpClient-1-8] DEBUG org.asynchttpclient.netty.channel.ChannelManager - Adding key: http://localhost:60277 for channel [id: 0x7056a49e, L:/127.0.0.1:52017 - R:localhost/127.0.0.1:60277]
15:18:41.883 [Forwarding setTimeout on session df2af1cc84d362f4f0f23d864f997d8b to remote] DEBUG org.asynchttpclient.netty.request.NettyRequestSender - Using pooled Channel '[id: 0x7056a49e, L:/127.0.0.1:52017 - R:localhost/127.0.0.1:60277]' for 'POST' to 'http://localhost:60277/session/df2af1cc84d362f4f0f23d864f997d8b/timeouts'
15:18:41.883 [Forwarding setTimeout on session df2af1cc84d362f4f0f23d864f997d8b to remote] DEBUG org.asynchttpclient.netty.request.NettyRequestSender - Using open Channel [id: 0x7056a49e, L:/127.0.0.1:52017 - R:localhost/127.0.0.1:60277] for POST '/session/df2af1cc84d362f4f0f23d864f997d8b/timeouts'
15:18:41.884 [AsyncHttpClient-1-8] DEBUG org.asynchttpclient.netty.handler.HttpHandler - 

Request DefaultHttpRequest(decodeResult: success, version: HTTP/1.1)
POST /session/df2af1cc84d362f4f0f23d864f997d8b/timeouts HTTP/1.1
User-Agent: selenium/4.1.2 (java windows)
Content-Length: 22
Content-Type: application/json; charset=utf-8
host: localhost:60277
accept: */*

Response DefaultHttpResponse(decodeResult: success, version: HTTP/1.1)
HTTP/1.1 200 OK
Content-Type: application/json; charset=utf-8
cache-control: no-cache
content-length: 14

15:18:41.884 [AsyncHttpClient-1-8] DEBUG org.asynchttpclient.netty.channel.ChannelManager - Adding key: http://localhost:60277 for channel [id: 0x7056a49e, L:/127.0.0.1:52017 - R:localhost/127.0.0.1:60277]
15:18:41.887 [Forwarding getCurrentUrl on session df2af1cc84d362f4f0f23d864f997d8b to remote] DEBUG org.asynchttpclient.netty.request.NettyRequestSender - Using pooled Channel '[id: 0x7056a49e, L:/127.0.0.1:52017 - R:localhost/127.0.0.1:60277]' for 'GET' to 'http://localhost:60277/session/df2af1cc84d362f4f0f23d864f997d8b/url'
15:18:41.887 [Forwarding getCurrentUrl on session df2af1cc84d362f4f0f23d864f997d8b to remote] DEBUG org.asynchttpclient.netty.request.NettyRequestSender - Using open Channel [id: 0x7056a49e, L:/127.0.0.1:52017 - R:localhost/127.0.0.1:60277] for GET '/session/df2af1cc84d362f4f0f23d864f997d8b/url'
15:18:41.896 [AsyncHttpClient-1-8] DEBUG org.asynchttpclient.netty.handler.HttpHandler - 

Request DefaultFullHttpRequest(decodeResult: success, version: HTTP/1.1, content: EmptyByteBufBE)
GET /session/df2af1cc84d362f4f0f23d864f997d8b/url HTTP/1.1
User-Agent: selenium/4.1.2 (java windows)
Cache-Control: no-cache
Content-Type: application/json; charset=utf-8
host: localhost:60277
accept: */*

Response DefaultHttpResponse(decodeResult: success, version: HTTP/1.1)
HTTP/1.1 200 OK
Content-Type: application/json; charset=utf-8
cache-control: no-cache
content-length: 41

15:18:41.897 [AsyncHttpClient-1-8] DEBUG org.asynchttpclient.netty.channel.ChannelManager - Adding key: http://localhost:60277 for channel [id: 0x7056a49e, L:/127.0.0.1:52017 - R:localhost/127.0.0.1:60277]
  &amp#27;[32mGiven &amp#27;[0m&amp#27;[32mI am on the home page&amp#27;[0m     &amp#27;[90m# starter.stepdefinitions.BabyStep.iAmOnTheHomePage()&amp#27;[0m
15:18:41.905 [Forwarding screenshot on session df2af1cc84d362f4f0f23d864f997d8b to remote] DEBUG org.asynchttpclient.netty.request.NettyRequestSender - Using pooled Channel '[id: 0x7056a49e, L:/127.0.0.1:52017 - R:localhost/127.0.0.1:60277]' for 'GET' to 'http://localhost:60277/session/df2af1cc84d362f4f0f23d864f997d8b/screenshot'
15:18:41.905 [Forwarding screenshot on session df2af1cc84d362f4f0f23d864f997d8b to remote] DEBUG org.asynchttpclient.netty.request.NettyRequestSender - Using open Channel [id: 0x7056a49e, L:/127.0.0.1:52017 - R:localhost/127.0.0.1:60277] for GET '/session/df2af1cc84d362f4f0f23d864f997d8b/screenshot'
15:18:42.009 [AsyncHttpClient-1-1] DEBUG org.asynchttpclient.netty.channel.DefaultChannelPool - Entry count for : http://localhost:52018 : 1
15:18:42.220 [AsyncHttpClient-1-8] DEBUG org.asynchttpclient.netty.handler.HttpHandler - 

Request DefaultFullHttpRequest(decodeResult: success, version: HTTP/1.1, content: EmptyByteBufBE)
GET /session/df2af1cc84d362f4f0f23d864f997d8b/screenshot HTTP/1.1
User-Agent: selenium/4.1.2 (java windows)
Cache-Control: no-cache
Content-Type: application/json; charset=utf-8
host: localhost:60277
accept: */*

Response DefaultHttpResponse(decodeResult: success, version: HTTP/1.1)
HTTP/1.1 200 OK
Content-Type: application/json; charset=utf-8
cache-control: no-cache
content-length: 1022316

15:18:42.222 [AsyncHttpClient-1-8] DEBUG org.asynchttpclient.netty.channel.ChannelManager - Adding key: http://localhost:60277 for channel [id: 0x7056a49e, L:/127.0.0.1:52017 - R:localhost/127.0.0.1:60277]
15:18:42.255 [main] DEBUG net.serenitybdd.core.photography.Darkroom - Send negative for processing for target\site\serenity\b0ddf3608b8f51a6a3adc36e4acd901b7a2c5b7adc6fd42a924a7c7a6358c0ea.png
15:18:42.268 [Forwarding findElement on session df2af1cc84d362f4f0f23d864f997d8b to remote] DEBUG org.asynchttpclient.netty.request.NettyRequestSender - Using pooled Channel '[id: 0x7056a49e, L:/127.0.0.1:52017 - R:localhost/127.0.0.1:60277]' for 'POST' to 'http://localhost:60277/session/df2af1cc84d362f4f0f23d864f997d8b/element'
15:18:42.268 [Forwarding findElement on session df2af1cc84d362f4f0f23d864f997d8b to remote] DEBUG org.asynchttpclient.netty.request.NettyRequestSender - Using open Channel [id: 0x7056a49e, L:/127.0.0.1:52017 - R:localhost/127.0.0.1:60277] for POST '/session/df2af1cc84d362f4f0f23d864f997d8b/element'
15:18:42.285 [AsyncHttpClient-1-8] DEBUG org.asynchttpclient.netty.handler.HttpHandler - 

Request DefaultHttpRequest(decodeResult: success, version: HTTP/1.1)
POST /session/df2af1cc84d362f4f0f23d864f997d8b/element HTTP/1.1
User-Agent: selenium/4.1.2 (java windows)
Content-Length: 81
Content-Type: application/json; charset=utf-8
host: localhost:60277
accept: */*

Response DefaultHttpResponse(decodeResult: success, version: HTTP/1.1)
HTTP/1.1 200 OK
Content-Type: application/json; charset=utf-8
cache-control: no-cache
content-length: 88

15:18:42.285 [AsyncHttpClient-1-8] DEBUG org.asynchttpclient.netty.channel.ChannelManager - Adding key: http://localhost:60277 for channel [id: 0x7056a49e, L:/127.0.0.1:52017 - R:localhost/127.0.0.1:60277]
15:18:42.286 [Forwarding getElementTagName on session df2af1cc84d362f4f0f23d864f997d8b to remote] DEBUG org.asynchttpclient.netty.request.NettyRequestSender - Using pooled Channel '[id: 0x7056a49e, L:/127.0.0.1:52017 - R:localhost/127.0.0.1:60277]' for 'GET' to 'http://localhost:60277/session/df2af1cc84d362f4f0f23d864f997d8b/element/a8048e1b-ce10-422a-a607-1c4cc12a0fde/name'
15:18:42.286 [Forwarding getElementTagName on session df2af1cc84d362f4f0f23d864f997d8b to remote] DEBUG org.asynchttpclient.netty.request.NettyRequestSender - Using open Channel [id: 0x7056a49e, L:/127.0.0.1:52017 - R:localhost/127.0.0.1:60277] for GET '/session/df2af1cc84d362f4f0f23d864f997d8b/element/a8048e1b-ce10-422a-a607-1c4cc12a0fde/name'
15:18:42.291 [AsyncHttpClient-1-8] DEBUG org.asynchttpclient.netty.handler.HttpHandler - 

Request DefaultFullHttpRequest(decodeResult: success, version: HTTP/1.1, content: EmptyByteBufBE)
GET /session/df2af1cc84d362f4f0f23d864f997d8b/element/a8048e1b-ce10-422a-a607-1c4cc12a0fde/name HTTP/1.1
User-Agent: selenium/4.1.2 (java windows)
Cache-Control: no-cache
Content-Type: application/json; charset=utf-8
host: localhost:60277
accept: */*

Response DefaultHttpResponse(decodeResult: success, version: HTTP/1.1)
HTTP/1.1 200 OK
Content-Type: application/json; charset=utf-8
cache-control: no-cache
content-length: 16

15:18:42.291 [AsyncHttpClient-1-8] DEBUG org.asynchttpclient.netty.channel.ChannelManager - Adding key: http://localhost:60277 for channel [id: 0x7056a49e, L:/127.0.0.1:52017 - R:localhost/127.0.0.1:60277]
15:18:42.292 [Forwarding getElementTagName on session df2af1cc84d362f4f0f23d864f997d8b to remote] DEBUG org.asynchttpclient.netty.request.NettyRequestSender - Using pooled Channel '[id: 0x7056a49e, L:/127.0.0.1:52017 - R:localhost/127.0.0.1:60277]' for 'GET' to 'http://localhost:60277/session/df2af1cc84d362f4f0f23d864f997d8b/element/a8048e1b-ce10-422a-a607-1c4cc12a0fde/name'
15:18:42.292 [Forwarding getElementTagName on session df2af1cc84d362f4f0f23d864f997d8b to remote] DEBUG org.asynchttpclient.netty.request.NettyRequestSender - Using open Channel [id: 0x7056a49e, L:/127.0.0.1:52017 - R:localhost/127.0.0.1:60277] for GET '/session/df2af1cc84d362f4f0f23d864f997d8b/element/a8048e1b-ce10-422a-a607-1c4cc12a0fde/name'
15:18:42.295 [AsyncHttpClient-1-8] DEBUG org.asynchttpclient.netty.handler.HttpHandler - 

Request DefaultFullHttpRequest(decodeResult: success, version: HTTP/1.1, content: EmptyByteBufBE)
GET /session/df2af1cc84d362f4f0f23d864f997d8b/element/a8048e1b-ce10-422a-a607-1c4cc12a0fde/name HTTP/1.1
User-Agent: selenium/4.1.2 (java windows)
Cache-Control: no-cache
Content-Type: application/json; charset=utf-8
host: localhost:60277
accept: */*

Response DefaultHttpResponse(decodeResult: success, version: HTTP/1.1)
HTTP/1.1 200 OK
Content-Type: application/json; charset=utf-8
cache-control: no-cache
content-length: 16

15:18:42.295 [AsyncHttpClient-1-8] DEBUG org.asynchttpclient.netty.channel.ChannelManager - Adding key: http://localhost:60277 for channel [id: 0x7056a49e, L:/127.0.0.1:52017 - R:localhost/127.0.0.1:60277]
15:18:42.297 [Forwarding findElement on session df2af1cc84d362f4f0f23d864f997d8b to remote] DEBUG org.asynchttpclient.netty.request.NettyRequestSender - Using pooled Channel '[id: 0x7056a49e, L:/127.0.0.1:52017 - R:localhost/127.0.0.1:60277]' for 'POST' to 'http://localhost:60277/session/df2af1cc84d362f4f0f23d864f997d8b/element'
15:18:42.297 [Forwarding findElement on session df2af1cc84d362f4f0f23d864f997d8b to remote] DEBUG org.asynchttpclient.netty.request.NettyRequestSender - Using open Channel [id: 0x7056a49e, L:/127.0.0.1:52017 - R:localhost/127.0.0.1:60277] for POST '/session/df2af1cc84d362f4f0f23d864f997d8b/element'
15:18:42.304 [AsyncHttpClient-1-8] DEBUG org.asynchttpclient.netty.handler.HttpHandler - 

Request DefaultHttpRequest(decodeResult: success, version: HTTP/1.1)
POST /session/df2af1cc84d362f4f0f23d864f997d8b/element HTTP/1.1
User-Agent: selenium/4.1.2 (java windows)
Content-Length: 81
Content-Type: application/json; charset=utf-8
host: localhost:60277
accept: */*

Response DefaultHttpResponse(decodeResult: success, version: HTTP/1.1)
HTTP/1.1 200 OK
Content-Type: application/json; charset=utf-8
cache-control: no-cache
content-length: 88

15:18:42.304 [AsyncHttpClient-1-8] DEBUG org.asynchttpclient.netty.channel.ChannelManager - Adding key: http://localhost:60277 for channel [id: 0x7056a49e, L:/127.0.0.1:52017 - R:localhost/127.0.0.1:60277]
15:18:42.305 [Forwarding clickElement on session df2af1cc84d362f4f0f23d864f997d8b to remote] DEBUG org.asynchttpclient.netty.request.NettyRequestSender - Using pooled Channel '[id: 0x7056a49e, L:/127.0.0.1:52017 - R:localhost/127.0.0.1:60277]' for 'POST' to 'http://localhost:60277/session/df2af1cc84d362f4f0f23d864f997d8b/element/a8048e1b-ce10-422a-a607-1c4cc12a0fde/click'
15:18:42.305 [Forwarding clickElement on session df2af1cc84d362f4f0f23d864f997d8b to remote] DEBUG org.asynchttpclient.netty.request.NettyRequestSender - Using open Channel [id: 0x7056a49e, L:/127.0.0.1:52017 - R:localhost/127.0.0.1:60277] for POST '/session/df2af1cc84d362f4f0f23d864f997d8b/element/a8048e1b-ce10-422a-a607-1c4cc12a0fde/click'
15:18:42.761 [AsyncHttpClient-1-8] DEBUG org.asynchttpclient.netty.handler.HttpHandler - 

Request DefaultHttpRequest(decodeResult: success, version: HTTP/1.1)
POST /session/df2af1cc84d362f4f0f23d864f997d8b/element/a8048e1b-ce10-422a-a607-1c4cc12a0fde/click HTTP/1.1
User-Agent: selenium/4.1.2 (java windows)
Content-Length: 50
Content-Type: application/json; charset=utf-8
host: localhost:60277
accept: */*

Response DefaultHttpResponse(decodeResult: success, version: HTTP/1.1)
HTTP/1.1 200 OK
Content-Type: application/json; charset=utf-8
cache-control: no-cache
content-length: 14

15:18:42.761 [AsyncHttpClient-1-8] DEBUG org.asynchttpclient.netty.channel.ChannelManager - Adding key: http://localhost:60277 for channel [id: 0x7056a49e, L:/127.0.0.1:52017 - R:localhost/127.0.0.1:60277]
  &amp#27;[32mThen &amp#27;[0m&amp#27;[32mI click baby on the header&amp#27;[0m &amp#27;[90m# starter.stepdefinitions.BabyStep.iClickBabyOnTheHeader()&amp#27;[0m
15:18:42.774 [Forwarding screenshot on session df2af1cc84d362f4f0f23d864f997d8b to remote] DEBUG org.asynchttpclient.netty.request.NettyRequestSender - Using pooled Channel '[id: 0x7056a49e, L:/127.0.0.1:52017 - R:localhost/127.0.0.1:60277]' for 'GET' to 'http://localhost:60277/session/df2af1cc84d362f4f0f23d864f997d8b/screenshot'
15:18:42.774 [Forwarding screenshot on session df2af1cc84d362f4f0f23d864f997d8b to remote] DEBUG org.asynchttpclient.netty.request.NettyRequestSender - Using open Channel [id: 0x7056a49e, L:/127.0.0.1:52017 - R:localhost/127.0.0.1:60277] for GET '/session/df2af1cc84d362f4f0f23d864f997d8b/screenshot'
15:18:43.106 [AsyncHttpClient-1-1] DEBUG org.asynchttpclient.netty.channel.DefaultChannelPool - Entry count for : http://localhost:52018 : 1
15:18:43.379 [AsyncHttpClient-1-8] DEBUG org.asynchttpclient.netty.handler.HttpHandler - 

Request DefaultFullHttpRequest(decodeResult: success, version: HTTP/1.1, content: EmptyByteBufBE)
GET /session/df2af1cc84d362f4f0f23d864f997d8b/screenshot HTTP/1.1
User-Agent: selenium/4.1.2 (java windows)
Cache-Control: no-cache
Content-Type: application/json; charset=utf-8
host: localhost:60277
accept: */*

Response DefaultHttpResponse(decodeResult: success, version: HTTP/1.1)
HTTP/1.1 200 OK
Content-Type: application/json; charset=utf-8
cache-control: no-cache
content-length: 62380

15:18:43.379 [AsyncHttpClient-1-8] DEBUG org.asynchttpclient.netty.channel.ChannelManager - Adding key: http://localhost:60277 for channel [id: 0x7056a49e, L:/127.0.0.1:52017 - R:localhost/127.0.0.1:60277]
15:18:43.381 [main] DEBUG net.serenitybdd.core.photography.Darkroom - Send negative for processing for target\site\serenity\986f689f2302889793eed4d7e9324dcd7fcab40c48f7742470aafb35485c2a65.png
15:18:43.382 [Darkroom Processing Line] DEBUG net.serenitybdd.core.photography.DarkroomProcessingLine - Processing screenshot image in /var/screenshots/screenshot-1004712095484843915
15:18:43.382 [Darkroom Processing Line] DEBUG net.serenitybdd.core.photography.DarkroomProcessingLine - Saving screenshot to target\site\serenity\986f689f2302889793eed4d7e9324dcd7fcab40c48f7742470aafb35485c2a65.png
15:18:43.390 [Forwarding findElement on session df2af1cc84d362f4f0f23d864f997d8b to remote] DEBUG org.asynchttpclient.netty.request.NettyRequestSender - Using pooled Channel '[id: 0x7056a49e, L:/127.0.0.1:52017 - R:localhost/127.0.0.1:60277]' for 'POST' to 'http://localhost:60277/session/df2af1cc84d362f4f0f23d864f997d8b/element'
15:18:43.390 [Forwarding findElement on session df2af1cc84d362f4f0f23d864f997d8b to remote] DEBUG org.asynchttpclient.netty.request.NettyRequestSender - Using open Channel [id: 0x7056a49e, L:/127.0.0.1:52017 - R:localhost/127.0.0.1:60277] for POST '/session/df2af1cc84d362f4f0f23d864f997d8b/element'
15:18:43.432 [AsyncHttpClient-1-8] DEBUG org.asynchttpclient.netty.handler.HttpHandler - 

Request DefaultHttpRequest(decodeResult: success, version: HTTP/1.1)
POST /session/df2af1cc84d362f4f0f23d864f997d8b/element HTTP/1.1
User-Agent: selenium/4.1.2 (java windows)
Content-Length: 104
Content-Type: application/json; charset=utf-8
host: localhost:60277
accept: */*

Response DefaultHttpResponse(decodeResult: success, version: HTTP/1.1)
HTTP/1.1 200 OK
Content-Type: application/json; charset=utf-8
cache-control: no-cache
content-length: 88

15:18:43.432 [AsyncHttpClient-1-8] DEBUG org.asynchttpclient.netty.channel.ChannelManager - Adding key: http://localhost:60277 for channel [id: 0x7056a49e, L:/127.0.0.1:52017 - R:localhost/127.0.0.1:60277]
15:18:43.437 [Forwarding getElementTagName on session df2af1cc84d362f4f0f23d864f997d8b to remote] DEBUG org.asynchttpclient.netty.request.NettyRequestSender - Using pooled Channel '[id: 0x7056a49e, L:/127.0.0.1:52017 - R:localhost/127.0.0.1:60277]' for 'GET' to 'http://localhost:60277/session/df2af1cc84d362f4f0f23d864f997d8b/element/9adc09c8-b5b0-458e-b435-506d2b109977/name'
15:18:43.437 [Forwarding getElementTagName on session df2af1cc84d362f4f0f23d864f997d8b to remote] DEBUG org.asynchttpclient.netty.request.NettyRequestSender - Using open Channel [id: 0x7056a49e, L:/127.0.0.1:52017 - R:localhost/127.0.0.1:60277] for GET '/session/df2af1cc84d362f4f0f23d864f997d8b/element/9adc09c8-b5b0-458e-b435-506d2b109977/name'
15:18:43.441 [AsyncHttpClient-1-8] DEBUG org.asynchttpclient.netty.handler.HttpHandler - 

Request DefaultFullHttpRequest(decodeResult: success, version: HTTP/1.1, content: EmptyByteBufBE)
GET /session/df2af1cc84d362f4f0f23d864f997d8b/element/9adc09c8-b5b0-458e-b435-506d2b109977/name HTTP/1.1
User-Agent: selenium/4.1.2 (java windows)
Cache-Control: no-cache
Content-Type: application/json; charset=utf-8
host: localhost:60277
accept: */*

Response DefaultHttpResponse(decodeResult: success, version: HTTP/1.1)
HTTP/1.1 200 OK
Content-Type: application/json; charset=utf-8
cache-control: no-cache
content-length: 16

15:18:43.441 [AsyncHttpClient-1-8] DEBUG org.asynchttpclient.netty.channel.ChannelManager - Adding key: http://localhost:60277 for channel [id: 0x7056a49e, L:/127.0.0.1:52017 - R:localhost/127.0.0.1:60277]
15:18:43.442 [Forwarding getElementTagName on session df2af1cc84d362f4f0f23d864f997d8b to remote] DEBUG org.asynchttpclient.netty.request.NettyRequestSender - Using pooled Channel '[id: 0x7056a49e, L:/127.0.0.1:52017 - R:localhost/127.0.0.1:60277]' for 'GET' to 'http://localhost:60277/session/df2af1cc84d362f4f0f23d864f997d8b/element/9adc09c8-b5b0-458e-b435-506d2b109977/name'
15:18:43.442 [Forwarding getElementTagName on session df2af1cc84d362f4f0f23d864f997d8b to remote] DEBUG org.asynchttpclient.netty.request.NettyRequestSender - Using open Channel [id: 0x7056a49e, L:/127.0.0.1:52017 - R:localhost/127.0.0.1:60277] for GET '/session/df2af1cc84d362f4f0f23d864f997d8b/element/9adc09c8-b5b0-458e-b435-506d2b109977/name'
15:18:43.445 [AsyncHttpClient-1-8] DEBUG org.asynchttpclient.netty.handler.HttpHandler - 

Request DefaultFullHttpRequest(decodeResult: success, version: HTTP/1.1, content: EmptyByteBufBE)
GET /session/df2af1cc84d362f4f0f23d864f997d8b/element/9adc09c8-b5b0-458e-b435-506d2b109977/name HTTP/1.1
User-Agent: selenium/4.1.2 (java windows)
Cache-Control: no-cache
Content-Type: application/json; charset=utf-8
host: localhost:60277
accept: */*

Response DefaultHttpResponse(decodeResult: success, version: HTTP/1.1)
HTTP/1.1 200 OK
Content-Type: application/json; charset=utf-8
cache-control: no-cache
content-length: 16

15:18:43.445 [AsyncHttpClient-1-8] DEBUG org.asynchttpclient.netty.channel.ChannelManager - Adding key: http://localhost:60277 for channel [id: 0x7056a49e, L:/127.0.0.1:52017 - R:localhost/127.0.0.1:60277]
15:18:43.446 [Forwarding findElement on session df2af1cc84d362f4f0f23d864f997d8b to remote] DEBUG org.asynchttpclient.netty.request.NettyRequestSender - Using pooled Channel '[id: 0x7056a49e, L:/127.0.0.1:52017 - R:localhost/127.0.0.1:60277]' for 'POST' to 'http://localhost:60277/session/df2af1cc84d362f4f0f23d864f997d8b/element'
15:18:43.446 [Forwarding findElement on session df2af1cc84d362f4f0f23d864f997d8b to remote] DEBUG org.asynchttpclient.netty.request.NettyRequestSender - Using open Channel [id: 0x7056a49e, L:/127.0.0.1:52017 - R:localhost/127.0.0.1:60277] for POST '/session/df2af1cc84d362f4f0f23d864f997d8b/element'
15:18:43.456 [AsyncHttpClient-1-8] DEBUG org.asynchttpclient.netty.handler.HttpHandler - 

Request DefaultHttpRequest(decodeResult: success, version: HTTP/1.1)
POST /session/df2af1cc84d362f4f0f23d864f997d8b/element HTTP/1.1
User-Agent: selenium/4.1.2 (java windows)
Content-Length: 104
Content-Type: application/json; charset=utf-8
host: localhost:60277
accept: */*

Response DefaultHttpResponse(decodeResult: success, version: HTTP/1.1)
HTTP/1.1 200 OK
Content-Type: application/json; charset=utf-8
cache-control: no-cache
content-length: 88

15:18:43.456 [AsyncHttpClient-1-8] DEBUG org.asynchttpclient.netty.channel.ChannelManager - Adding key: http://localhost:60277 for channel [id: 0x7056a49e, L:/127.0.0.1:52017 - R:localhost/127.0.0.1:60277]
15:18:43.457 [Forwarding clickElement on session df2af1cc84d362f4f0f23d864f997d8b to remote] DEBUG org.asynchttpclient.netty.request.NettyRequestSender - Using pooled Channel '[id: 0x7056a49e, L:/127.0.0.1:52017 - R:localhost/127.0.0.1:60277]' for 'POST' to 'http://localhost:60277/session/df2af1cc84d362f4f0f23d864f997d8b/element/9adc09c8-b5b0-458e-b435-506d2b109977/click'
15:18:43.457 [Forwarding clickElement on session df2af1cc84d362f4f0f23d864f997d8b to remote] DEBUG org.asynchttpclient.netty.request.NettyRequestSender - Using open Channel [id: 0x7056a49e, L:/127.0.0.1:52017 - R:localhost/127.0.0.1:60277] for POST '/session/df2af1cc84d362f4f0f23d864f997d8b/element/9adc09c8-b5b0-458e-b435-506d2b109977/click'
15:18:43.672 [AsyncHttpClient-1-8] DEBUG org.asynchttpclient.netty.handler.HttpHandler - 

Request DefaultHttpRequest(decodeResult: success, version: HTTP/1.1)
POST /session/df2af1cc84d362f4f0f23d864f997d8b/element/9adc09c8-b5b0-458e-b435-506d2b109977/click HTTP/1.1
User-Agent: selenium/4.1.2 (java windows)
Content-Length: 50
Content-Type: application/json; charset=utf-8
host: localhost:60277
accept: */*

Response DefaultHttpResponse(decodeResult: success, version: HTTP/1.1)
HTTP/1.1 200 OK
Content-Type: application/json; charset=utf-8
cache-control: no-cache
content-length: 14

15:18:43.672 [AsyncHttpClient-1-8] DEBUG org.asynchttpclient.netty.channel.ChannelManager - Adding key: http://localhost:60277 for channel [id: 0x7056a49e, L:/127.0.0.1:52017 - R:localhost/127.0.0.1:60277]
  &amp#27;[32mWhen &amp#27;[0m&amp#27;[32mI will go to &amp#27;[0m&amp#27;[32m&amp#27;[1m"piyama"&amp#27;[0m      &amp#27;[90m# starter.stepdefinitions.BabyStep.iWillGoTo(java.lang.String)&amp#27;[0m
15:18:43.680 [Forwarding screenshot on session df2af1cc84d362f4f0f23d864f997d8b to remote] DEBUG org.asynchttpclient.netty.request.NettyRequestSender - Using pooled Channel '[id: 0x7056a49e, L:/127.0.0.1:52017 - R:localhost/127.0.0.1:60277]' for 'GET' to 'http://localhost:60277/session/df2af1cc84d362f4f0f23d864f997d8b/screenshot'
15:18:43.681 [Forwarding screenshot on session df2af1cc84d362f4f0f23d864f997d8b to remote] DEBUG org.asynchttpclient.netty.request.NettyRequestSender - Using open Channel [id: 0x7056a49e, L:/127.0.0.1:52017 - R:localhost/127.0.0.1:60277] for GET '/session/df2af1cc84d362f4f0f23d864f997d8b/screenshot'
15:18:44.073 [AsyncHttpClient-1-8] DEBUG org.asynchttpclient.netty.handler.HttpHandler - 

Request DefaultFullHttpRequest(decodeResult: success, version: HTTP/1.1, content: EmptyByteBufBE)
GET /session/df2af1cc84d362f4f0f23d864f997d8b/screenshot HTTP/1.1
User-Agent: selenium/4.1.2 (java windows)
Cache-Control: no-cache
Content-Type: application/json; charset=utf-8
host: localhost:60277
accept: */*

Response DefaultHttpResponse(decodeResult: success, version: HTTP/1.1)
HTTP/1.1 200 OK
Content-Type: application/json; charset=utf-8
cache-control: no-cache
content-length: 513708

15:18:44.074 [AsyncHttpClient-1-8] DEBUG org.asynchttpclient.netty.channel.ChannelManager - Adding key: http://localhost:60277 for channel [id: 0x7056a49e, L:/127.0.0.1:52017 - R:localhost/127.0.0.1:60277]
15:18:44.089 [main] DEBUG net.serenitybdd.core.photography.Darkroom - Send negative for processing for target\site\serenity\29740c5d69adc933c73302feb9a5b5cd82a85894690d29db17d75c05099c6c0f.png
15:18:44.089 [Darkroom Processing Line] DEBUG net.serenitybdd.core.photography.DarkroomProcessingLine - Processing screenshot image in /var/screenshots/screenshot-8140133339318664252
15:18:44.089 [Darkroom Processing Line] DEBUG net.serenitybdd.core.photography.DarkroomProcessingLine - Saving screenshot to target\site\serenity\29740c5d69adc933c73302feb9a5b5cd82a85894690d29db17d75c05099c6c0f.png
15:18:44.100 [Forwarding findElement on session df2af1cc84d362f4f0f23d864f997d8b to remote] DEBUG org.asynchttpclient.netty.request.NettyRequestSender - Using pooled Channel '[id: 0x7056a49e, L:/127.0.0.1:52017 - R:localhost/127.0.0.1:60277]' for 'POST' to 'http://localhost:60277/session/df2af1cc84d362f4f0f23d864f997d8b/element'
15:18:44.100 [Forwarding findElement on session df2af1cc84d362f4f0f23d864f997d8b to remote] DEBUG org.asynchttpclient.netty.request.NettyRequestSender - Using open Channel [id: 0x7056a49e, L:/127.0.0.1:52017 - R:localhost/127.0.0.1:60277] for POST '/session/df2af1cc84d362f4f0f23d864f997d8b/element'
15:18:44.121 [AsyncHttpClient-1-8] DEBUG org.asynchttpclient.netty.handler.HttpHandler - 

Request DefaultHttpRequest(decodeResult: success, version: HTTP/1.1)
POST /session/df2af1cc84d362f4f0f23d864f997d8b/element HTTP/1.1
User-Agent: selenium/4.1.2 (java windows)
Content-Length: 89
Content-Type: application/json; charset=utf-8
host: localhost:60277
accept: */*

Response DefaultHttpResponse(decodeResult: success, version: HTTP/1.1)
HTTP/1.1 200 OK
Content-Type: application/json; charset=utf-8
cache-control: no-cache
content-length: 88

15:18:44.121 [AsyncHttpClient-1-8] DEBUG org.asynchttpclient.netty.channel.ChannelManager - Adding key: http://localhost:60277 for channel [id: 0x7056a49e, L:/127.0.0.1:52017 - R:localhost/127.0.0.1:60277]
15:18:44.125 [Forwarding isElementDisplayed on session df2af1cc84d362f4f0f23d864f997d8b to remote] DEBUG org.asynchttpclient.netty.request.NettyRequestSender - Using pooled Channel '[id: 0x7056a49e, L:/127.0.0.1:52017 - R:localhost/127.0.0.1:60277]' for 'POST' to 'http://localhost:60277/session/df2af1cc84d362f4f0f23d864f997d8b/execute/sync'
15:18:44.125 [Forwarding isElementDisplayed on session df2af1cc84d362f4f0f23d864f997d8b to remote] DEBUG org.asynchttpclient.netty.request.NettyRequestSender - Using open Channel [id: 0x7056a49e, L:/127.0.0.1:52017 - R:localhost/127.0.0.1:60277] for POST '/session/df2af1cc84d362f4f0f23d864f997d8b/execute/sync'
15:18:44.142 [AsyncHttpClient-1-8] DEBUG org.asynchttpclient.netty.handler.HttpHandler - 

Request DefaultHttpRequest(decodeResult: success, version: HTTP/1.1)
POST /session/df2af1cc84d362f4f0f23d864f997d8b/execute/sync HTTP/1.1
User-Agent: selenium/4.1.2 (java windows)
Content-Length: 48780
Content-Type: application/json; charset=utf-8
host: localhost:60277
accept: */*

Response DefaultHttpResponse(decodeResult: success, version: HTTP/1.1)
HTTP/1.1 200 OK
Content-Type: application/json; charset=utf-8
cache-control: no-cache
content-length: 14

15:18:44.142 [AsyncHttpClient-1-8] DEBUG org.asynchttpclient.netty.channel.ChannelManager - Adding key: http://localhost:60277 for channel [id: 0x7056a49e, L:/127.0.0.1:52017 - R:localhost/127.0.0.1:60277]
  &amp#27;[32mAnd &amp#27;[0m&amp#27;[32mI &amp#27;[0m&amp#27;[32m&amp#27;[1m"txtPiyama"&amp#27;[0m&amp#27;[32m page&amp#27;[0m          &amp#27;[90m# starter.stepdefinitions.BabyStep.iPage(java.lang.String)&amp#27;[0m
15:18:44.146 [Forwarding screenshot on session df2af1cc84d362f4f0f23d864f997d8b to remote] DEBUG org.asynchttpclient.netty.request.NettyRequestSender - Using pooled Channel '[id: 0x7056a49e, L:/127.0.0.1:52017 - R:localhost/127.0.0.1:60277]' for 'GET' to 'http://localhost:60277/session/df2af1cc84d362f4f0f23d864f997d8b/screenshot'
15:18:44.146 [Forwarding screenshot on session df2af1cc84d362f4f0f23d864f997d8b to remote] DEBUG org.asynchttpclient.netty.request.NettyRequestSender - Using open Channel [id: 0x7056a49e, L:/127.0.0.1:52017 - R:localhost/127.0.0.1:60277] for GET '/session/df2af1cc84d362f4f0f23d864f997d8b/screenshot'
15:18:44.210 [AsyncHttpClient-1-1] DEBUG org.asynchttpclient.netty.channel.DefaultChannelPool - Entry count for : http://localhost:52018 : 1
15:18:44.315 [AsyncHttpClient-1-8] DEBUG org.asynchttpclient.netty.handler.HttpHandler - 

Request DefaultFullHttpRequest(decodeResult: success, version: HTTP/1.1, content: EmptyByteBufBE)
GET /session/df2af1cc84d362f4f0f23d864f997d8b/screenshot HTTP/1.1
User-Agent: selenium/4.1.2 (java windows)
Cache-Control: no-cache
Content-Type: application/json; charset=utf-8
host: localhost:60277
accept: */*

Response DefaultHttpResponse(decodeResult: success, version: HTTP/1.1)
HTTP/1.1 200 OK
Content-Type: application/json; charset=utf-8
cache-control: no-cache
content-length: 295232

15:18:44.315 [AsyncHttpClient-1-8] DEBUG org.asynchttpclient.netty.channel.ChannelManager - Adding key: http://localhost:60277 for channel [id: 0x7056a49e, L:/127.0.0.1:52017 - R:localhost/127.0.0.1:60277]
15:18:44.337 [main] DEBUG net.serenitybdd.core.photography.Darkroom - Send negative for processing for target\site\serenity\524b01a05ebf02ac10dff03351434e6dea23f973efcc628b0973a8cf5285200d.png
15:18:44.337 [Darkroom Processing Line] DEBUG net.serenitybdd.core.photography.DarkroomProcessingLine - Processing screenshot image in /var/screenshots/screenshot-709226157102620444
15:18:44.337 [Darkroom Processing Line] DEBUG net.serenitybdd.core.photography.DarkroomProcessingLine - Saving screenshot to target\site\serenity\524b01a05ebf02ac10dff03351434e6dea23f973efcc628b0973a8cf5285200d.png
15:18:44.345 [AsyncHttpClient-1-10] DEBUG org.asynchttpclient.netty.handler.WebSocketHandler - Channel Closed: [id: 0x7a6cb560, L:/127.0.0.1:52025 ! R:localhost/127.0.0.1:52018] with attribute NettyResponseFuture{currentRetry=5,
	isDone=1,
	isCancelled=0,
	asyncHandler=org.asynchttpclient.ws.WebSocketUpgradeHandler@7369f111,
	nettyRequest=org.asynchttpclient.netty.request.NettyRequest@1e64adf0,
	future=java.util.concurrent.CompletableFuture@3f8e696f[Completed normally],
	uri=ws://localhost:52018/devtools/browser/8e973a99-2d02-4a9e-a84d-d95930e05429,
	keepAlive=true,
	redirectCount=0,
	timeoutsHolder=null,
	inAuth=0,
	touch=1680855515691}
15:18:44.346 [AsyncHttpClient-1-10] DEBUG org.asynchttpclient.netty.channel.ChannelManager - Closing Channel [id: 0x7a6cb560, L:/127.0.0.1:52025 ! R:localhost/127.0.0.1:52018] 
15:18:44.346 [Driver Command Executor] DEBUG org.asynchttpclient.netty.request.NettyRequestSender - Using pooled Channel '[id: 0x7056a49e, L:/127.0.0.1:52017 - R:localhost/127.0.0.1:60277]' for 'DELETE' to 'http://localhost:60277/session/df2af1cc84d362f4f0f23d864f997d8b'
15:18:44.346 [Driver Command Executor] DEBUG org.asynchttpclient.netty.request.NettyRequestSender - Using open Channel [id: 0x7056a49e, L:/127.0.0.1:52017 - R:localhost/127.0.0.1:60277] for DELETE '/session/df2af1cc84d362f4f0f23d864f997d8b'
15:18:44.411 [AsyncHttpClient-1-9] DEBUG org.asynchttpclient.netty.handler.HttpHandler - Unexpected I/O exception on channel [id: 0x5b272659, L:/127.0.0.1:52024 - R:localhost/127.0.0.1:52018]
java.net.SocketException: Connection reset
	at java.base/sun.nio.ch.SocketChannelImpl.throwConnectionReset(SocketChannelImpl.java:345)
	at java.base/sun.nio.ch.SocketChannelImpl.read(SocketChannelImpl.java:376)
	at io.netty.buffer.PooledByteBuf.setBytes(PooledByteBuf.java:258)
	at io.netty.buffer.AbstractByteBuf.writeBytes(AbstractByteBuf.java:1132)
	at io.netty.channel.socket.nio.NioSocketChannel.doReadBytes(NioSocketChannel.java:350)
	at io.netty.channel.nio.AbstractNioByteChannel$NioByteUnsafe.read(AbstractNioByteChannel.java:151)
	at io.netty.channel.nio.NioEventLoop.processSelectedKey(NioEventLoop.java:722)
	at io.netty.channel.nio.NioEventLoop.processSelectedKeysOptimized(NioEventLoop.java:658)
	at io.netty.channel.nio.NioEventLoop.processSelectedKeys(NioEventLoop.java:584)
	at io.netty.channel.nio.NioEventLoop.run(NioEventLoop.java:496)
	at io.netty.util.concurrent.SingleThreadEventExecutor$4.run(SingleThreadEventExecutor.java:986)
	at io.netty.util.internal.ThreadExecutorMap$2.run(ThreadExecutorMap.java:74)
	at io.netty.util.concurrent.FastThreadLocalRunnable.run(FastThreadLocalRunnable.java:30)
	at java.base/java.lang.Thread.run(Thread.java:830)
15:18:44.411 [AsyncHttpClient-1-9] DEBUG org.asynchttpclient.netty.channel.ChannelManager - Closing Channel [id: 0x5b272659, L:/127.0.0.1:52024 - R:localhost/127.0.0.1:52018] 
15:18:44.411 [AsyncHttpClient-1-9] DEBUG org.asynchttpclient.netty.handler.HttpHandler - Channel Closed: [id: 0x5b272659, L:/127.0.0.1:52024 ! R:localhost/127.0.0.1:52018] with attribute DISCARD
15:18:44.442 [AsyncHttpClient-1-8] DEBUG org.asynchttpclient.netty.handler.HttpHandler - 

Request DefaultFullHttpRequest(decodeResult: success, version: HTTP/1.1, content: EmptyByteBufBE)
DELETE /session/df2af1cc84d362f4f0f23d864f997d8b HTTP/1.1
User-Agent: selenium/4.1.2 (java windows)
Content-Type: application/json; charset=utf-8
host: localhost:60277
accept: */*

Response DefaultHttpResponse(decodeResult: success, version: HTTP/1.1)
HTTP/1.1 200 OK
Content-Type: application/json; charset=utf-8
cache-control: no-cache
content-length: 14

15:18:44.442 [AsyncHttpClient-1-8] DEBUG org.asynchttpclient.netty.channel.ChannelManager - Adding key: http://localhost:60277 for channel [id: 0x7056a49e, L:/127.0.0.1:52017 - R:localhost/127.0.0.1:60277]
15:18:44.602 [AsyncHttpClient-1-8] DEBUG org.asynchttpclient.netty.handler.HttpHandler - Channel Closed: [id: 0x7056a49e, L:/127.0.0.1:52017 ! R:localhost/127.0.0.1:60277] with attribute DISCARD
]]></system-out>
    <system-err><![CDATA[Starting Microsoft Edge WebDriver 111.0.1661.62 (0a8f453929e6410c973aa529a40485ce4e3e03db) on port 60277
To submit feedback, report a bug, or suggest new features, please visit https://github.com/MicrosoftEdge/EdgeWebDriver

Only local connections are allowed.
Please see https://aka.ms/WebDriverSecurity for suggestions on keeping Microsoft Edge WebDriver safe.

Microsoft Edge WebDriver was started successfully.
Apr 07, 2023 3:18:35 PM org.openqa.selenium.remote.ProtocolHandshake createSession
INFO: Detected dialect: W3C
Apr 07, 2023 3:18:35 PM org.openqa.selenium.devtools.CdpVersionFinder findNearestMatch
WARNING: Unable to find an exact match for CDP version 111, so returning the closest version found: a no-op implementation
Apr 07, 2023 3:18:35 PM org.openqa.selenium.devtools.CdpVersionFinder findNearestMatch
INFO: Unable to find CDP implementation matching 111.
Apr 07, 2023 3:18:35 PM org.openqa.selenium.chromium.ChromiumDriver lambda$new$3
WARNING: Unable to find version of CDP to use for . You may need to include a dependency on a specific version of the CDP using something similar to `org.seleniumhq.selenium:selenium-devtools-v86:4.1.2` where the version ("v86") matches the version of the chromium-based browser you're using and the version number of the artifact is the same as Selenium's.
]]></system-err>
  </testcase>
  <testcase name="Fitur Menu Baby #20" classname="Baby" time="12.237">
    <system-out><![CDATA[
Scenario Outline: Fitur Menu Baby &amp#27;[90m# src/test/resources/features/Baby.feature:112&amp#27;[0m
15:18:45.207 [main] INFO io.cucumber.core.plugin.SerenityReporter - Running feature from file:///C:/Users/alwi/IdeaProjects/uniqloweb/src/test/resources/features/Baby.feature
15:18:45.307 [AsyncHttpClient-1-1] DEBUG org.asynchttpclient.netty.channel.DefaultChannelPool - Entry count for : http://localhost:52018 : 1
15:18:45.307 [AsyncHttpClient-1-1] DEBUG org.asynchttpclient.netty.channel.DefaultChannelPool - Entry count for : http://localhost:60277 : 1
15:18:45.307 [AsyncHttpClient-1-1] DEBUG org.asynchttpclient.netty.channel.DefaultChannelPool - Adding Candidate expired Channel [id: 0x5b272659, L:/127.0.0.1:52024 ! R:localhost/127.0.0.1:52018] isIdleTimeoutExpired=false isRemotelyClosed=true isTtlExpired=false
15:18:45.307 [AsyncHttpClient-1-1] DEBUG org.asynchttpclient.netty.channel.DefaultChannelPool - Closing Idle Channel [id: 0x5b272659, L:/127.0.0.1:52024 ! R:localhost/127.0.0.1:52018]
15:18:45.307 [AsyncHttpClient-1-1] DEBUG org.asynchttpclient.netty.channel.DefaultChannelPool - Adding Candidate expired Channel [id: 0x7056a49e, L:/127.0.0.1:52017 ! R:localhost/127.0.0.1:60277] isIdleTimeoutExpired=false isRemotelyClosed=true isTtlExpired=false
15:18:45.307 [AsyncHttpClient-1-1] DEBUG org.asynchttpclient.netty.channel.DefaultChannelPool - Closing Idle Channel [id: 0x7056a49e, L:/127.0.0.1:52017 ! R:localhost/127.0.0.1:60277]
15:18:45.307 [AsyncHttpClient-1-1] DEBUG org.asynchttpclient.netty.channel.DefaultChannelPool - Closed 2 connections out of 2 in 0 ms
15:18:45.337 [main] DEBUG io.github.bonigarcia.wdm.cache.ResolutionCache - Resolution edge=111 in cache (valid until 16:02:35 07/04/2023 WIB)
15:18:45.341 [main] DEBUG io.github.bonigarcia.wdm.cache.ResolutionCache - Resolution edge111=111.0.1661.62 in cache (valid until 15:02:35 08/04/2023 WIB)
15:18:45.342 [main] INFO io.github.bonigarcia.wdm.WebDriverManager - Using msedgedriver 111.0.1661.62 (resolved driver for Edge 111)
15:18:45.352 [main] DEBUG io.github.bonigarcia.wdm.WebDriverManager - Driver msedgedriver 111.0.1661.62 found in cache
15:18:45.352 [main] INFO io.github.bonigarcia.wdm.WebDriverManager - Exporting webdriver.edge.driver as C:\Users\alwi\.cache\selenium\msedgedriver\win64\111.0.1661.62\msedgedriver.exe
15:18:45.358 [main] DEBUG net.serenitybdd.core.webdriver.driverproviders.ProvideNewDriver - Instantiating driver
15:18:45.358 [main] DEBUG net.serenitybdd.core.webdriver.driverproviders.ProvideNewDriver - Driver capabilities: Capabilities {base.url: https://www.uniqlo.com, chrome.driver: src/test/resources/webdrive..., driver: edge, ms:edgeChromium: true, ms:edgeOptions: {}, wait.for.timeout: 6000}
15:18:45.888 [AsyncHttpClient-1-11] DEBUG org.asynchttpclient.netty.channel.NettyConnectListener - Using new Channel '[id: 0x5c4bfbc8, L:/127.0.0.1:52146 - R:localhost/127.0.0.1:49594]' for 'POST' to '/session'
15:18:46.495 [AsyncHttpClient-1-11] DEBUG org.asynchttpclient.netty.handler.HttpHandler - 

Request DefaultHttpRequest(decodeResult: success, version: HTTP/1.1)
POST /session HTTP/1.1
User-Agent: selenium/4.1.2 (java windows)
Content-Length: 627
Content-Type: application/json; charset=utf-8
host: localhost:49594
accept: */*

Response DefaultHttpResponse(decodeResult: success, version: HTTP/1.1)
HTTP/1.1 200 OK
Content-Type: application/json; charset=utf-8
cache-control: no-cache
content-length: 823

15:18:46.495 [AsyncHttpClient-1-11] DEBUG org.asynchttpclient.netty.channel.ChannelManager - Adding key: http://localhost:49594 for channel [id: 0x5c4bfbc8, L:/127.0.0.1:52146 - R:localhost/127.0.0.1:49594]
15:18:46.500 [AsyncHttpClient-1-12] DEBUG org.asynchttpclient.netty.channel.NettyConnectListener - Using new Channel '[id: 0x7d56b39b, L:/127.0.0.1:52154 - R:localhost/127.0.0.1:52147]' for 'GET' to '/json/version'
15:18:46.500 [AsyncHttpClient-1-12] DEBUG org.asynchttpclient.netty.handler.HttpHandler - 

Request DefaultFullHttpRequest(decodeResult: success, version: HTTP/1.1, content: EmptyByteBufBE)
GET /json/version HTTP/1.1
User-Agent: selenium/4.1.2 (java windows)
host: localhost:52147
accept: */*

Response DefaultHttpResponse(decodeResult: success, version: HTTP/1.1)
HTTP/1.1 200 OK
Content-Security-Policy: frame-ancestors 'none'
Content-Type: application/json; charset=UTF-8
content-length: 436

15:18:46.500 [AsyncHttpClient-1-12] DEBUG org.asynchttpclient.netty.channel.ChannelManager - Adding key: http://localhost:52147 for channel [id: 0x7d56b39b, L:/127.0.0.1:52154 - R:localhost/127.0.0.1:52147]
15:18:46.502 [AsyncHttpClient-1-13] DEBUG org.asynchttpclient.netty.channel.NettyConnectListener - Using new Channel '[id: 0x34d8d4b7, L:/127.0.0.1:52155 - R:localhost/127.0.0.1:52147]' for 'GET' to '/devtools/browser/394ad2a7-9271-48f2-bd35-8d93236151c0'
15:18:46.502 [AsyncHttpClient-1-13] DEBUG org.asynchttpclient.netty.handler.WebSocketHandler - 

Request DefaultFullHttpRequest(decodeResult: success, version: HTTP/1.1, content: EmptyByteBufBE)
GET /devtools/browser/394ad2a7-9271-48f2-bd35-8d93236151c0 HTTP/1.1
upgrade: websocket
connection: upgrade
sec-websocket-key: gnRzX7OlpmbBWO6+Lw5DTg==
sec-websocket-version: 13
origin: http://localhost:52147
host: localhost:52147
accept: */*
user-agent: AHC/2.1

Response DefaultHttpResponse(decodeResult: success, version: HTTP/1.1)
HTTP/1.1 101 WebSocket Protocol Handshake
Upgrade: WebSocket
Connection: Upgrade
Sec-WebSocket-Accept: eO7XBCC9gqthlosNUOkaDVNUJrU=

15:18:46.505 [Forwarding get on session 5f2bc6e0c37f9e9dec9c4d719b2be1a4 to remote] DEBUG org.asynchttpclient.netty.request.NettyRequestSender - Using pooled Channel '[id: 0x5c4bfbc8, L:/127.0.0.1:52146 - R:localhost/127.0.0.1:49594]' for 'POST' to 'http://localhost:49594/session/5f2bc6e0c37f9e9dec9c4d719b2be1a4/url'
15:18:46.505 [Forwarding get on session 5f2bc6e0c37f9e9dec9c4d719b2be1a4 to remote] DEBUG org.asynchttpclient.netty.request.NettyRequestSender - Using open Channel [id: 0x5c4bfbc8, L:/127.0.0.1:52146 - R:localhost/127.0.0.1:49594] for POST '/session/5f2bc6e0c37f9e9dec9c4d719b2be1a4/url'
15:18:47.508 [AsyncHttpClient-1-1] DEBUG org.asynchttpclient.netty.channel.DefaultChannelPool - Entry count for : http://localhost:52147 : 1
15:18:48.608 [AsyncHttpClient-1-1] DEBUG org.asynchttpclient.netty.channel.DefaultChannelPool - Entry count for : http://localhost:52147 : 1
15:18:49.705 [AsyncHttpClient-1-1] DEBUG org.asynchttpclient.netty.channel.DefaultChannelPool - Entry count for : http://localhost:52147 : 1
15:18:50.805 [AsyncHttpClient-1-1] DEBUG org.asynchttpclient.netty.channel.DefaultChannelPool - Entry count for : http://localhost:52147 : 1
15:18:51.907 [AsyncHttpClient-1-1] DEBUG org.asynchttpclient.netty.channel.DefaultChannelPool - Entry count for : http://localhost:52147 : 1
15:18:53.007 [AsyncHttpClient-1-1] DEBUG org.asynchttpclient.netty.channel.DefaultChannelPool - Entry count for : http://localhost:52147 : 1
15:18:54.110 [AsyncHttpClient-1-1] DEBUG org.asynchttpclient.netty.channel.DefaultChannelPool - Entry count for : http://localhost:52147 : 1
15:18:54.720 [AsyncHttpClient-1-11] DEBUG org.asynchttpclient.netty.handler.HttpHandler - 

Request DefaultHttpRequest(decodeResult: success, version: HTTP/1.1)
POST /session/5f2bc6e0c37f9e9dec9c4d719b2be1a4/url HTTP/1.1
User-Agent: selenium/4.1.2 (java windows)
Content-Length: 53
Content-Type: application/json; charset=utf-8
host: localhost:49594
accept: */*

Response DefaultHttpResponse(decodeResult: success, version: HTTP/1.1)
HTTP/1.1 200 OK
Content-Type: application/json; charset=utf-8
cache-control: no-cache
content-length: 14

15:18:54.720 [AsyncHttpClient-1-11] DEBUG org.asynchttpclient.netty.channel.ChannelManager - Adding key: http://localhost:49594 for channel [id: 0x5c4bfbc8, L:/127.0.0.1:52146 - R:localhost/127.0.0.1:49594]
15:18:54.722 [Forwarding setTimeout on session 5f2bc6e0c37f9e9dec9c4d719b2be1a4 to remote] DEBUG org.asynchttpclient.netty.request.NettyRequestSender - Using pooled Channel '[id: 0x5c4bfbc8, L:/127.0.0.1:52146 - R:localhost/127.0.0.1:49594]' for 'POST' to 'http://localhost:49594/session/5f2bc6e0c37f9e9dec9c4d719b2be1a4/timeouts'
15:18:54.722 [Forwarding setTimeout on session 5f2bc6e0c37f9e9dec9c4d719b2be1a4 to remote] DEBUG org.asynchttpclient.netty.request.NettyRequestSender - Using open Channel [id: 0x5c4bfbc8, L:/127.0.0.1:52146 - R:localhost/127.0.0.1:49594] for POST '/session/5f2bc6e0c37f9e9dec9c4d719b2be1a4/timeouts'
15:18:54.723 [AsyncHttpClient-1-11] DEBUG org.asynchttpclient.netty.handler.HttpHandler - 

Request DefaultHttpRequest(decodeResult: success, version: HTTP/1.1)
POST /session/5f2bc6e0c37f9e9dec9c4d719b2be1a4/timeouts HTTP/1.1
User-Agent: selenium/4.1.2 (java windows)
Content-Length: 22
Content-Type: application/json; charset=utf-8
host: localhost:49594
accept: */*

Response DefaultHttpResponse(decodeResult: success, version: HTTP/1.1)
HTTP/1.1 200 OK
Content-Type: application/json; charset=utf-8
cache-control: no-cache
content-length: 14

15:18:54.723 [AsyncHttpClient-1-11] DEBUG org.asynchttpclient.netty.channel.ChannelManager - Adding key: http://localhost:49594 for channel [id: 0x5c4bfbc8, L:/127.0.0.1:52146 - R:localhost/127.0.0.1:49594]
15:18:54.726 [Forwarding getCurrentUrl on session 5f2bc6e0c37f9e9dec9c4d719b2be1a4 to remote] DEBUG org.asynchttpclient.netty.request.NettyRequestSender - Using pooled Channel '[id: 0x5c4bfbc8, L:/127.0.0.1:52146 - R:localhost/127.0.0.1:49594]' for 'GET' to 'http://localhost:49594/session/5f2bc6e0c37f9e9dec9c4d719b2be1a4/url'
15:18:54.726 [Forwarding getCurrentUrl on session 5f2bc6e0c37f9e9dec9c4d719b2be1a4 to remote] DEBUG org.asynchttpclient.netty.request.NettyRequestSender - Using open Channel [id: 0x5c4bfbc8, L:/127.0.0.1:52146 - R:localhost/127.0.0.1:49594] for GET '/session/5f2bc6e0c37f9e9dec9c4d719b2be1a4/url'
15:18:54.733 [AsyncHttpClient-1-11] DEBUG org.asynchttpclient.netty.handler.HttpHandler - 

Request DefaultFullHttpRequest(decodeResult: success, version: HTTP/1.1, content: EmptyByteBufBE)
GET /session/5f2bc6e0c37f9e9dec9c4d719b2be1a4/url HTTP/1.1
User-Agent: selenium/4.1.2 (java windows)
Cache-Control: no-cache
Content-Type: application/json; charset=utf-8
host: localhost:49594
accept: */*

Response DefaultHttpResponse(decodeResult: success, version: HTTP/1.1)
HTTP/1.1 200 OK
Content-Type: application/json; charset=utf-8
cache-control: no-cache
content-length: 41

15:18:54.733 [AsyncHttpClient-1-11] DEBUG org.asynchttpclient.netty.channel.ChannelManager - Adding key: http://localhost:49594 for channel [id: 0x5c4bfbc8, L:/127.0.0.1:52146 - R:localhost/127.0.0.1:49594]
  &amp#27;[32mGiven &amp#27;[0m&amp#27;[32mI am on the home page&amp#27;[0m     &amp#27;[90m# starter.stepdefinitions.BabyStep.iAmOnTheHomePage()&amp#27;[0m
15:18:54.737 [Forwarding screenshot on session 5f2bc6e0c37f9e9dec9c4d719b2be1a4 to remote] DEBUG org.asynchttpclient.netty.request.NettyRequestSender - Using pooled Channel '[id: 0x5c4bfbc8, L:/127.0.0.1:52146 - R:localhost/127.0.0.1:49594]' for 'GET' to 'http://localhost:49594/session/5f2bc6e0c37f9e9dec9c4d719b2be1a4/screenshot'
15:18:54.737 [Forwarding screenshot on session 5f2bc6e0c37f9e9dec9c4d719b2be1a4 to remote] DEBUG org.asynchttpclient.netty.request.NettyRequestSender - Using open Channel [id: 0x5c4bfbc8, L:/127.0.0.1:52146 - R:localhost/127.0.0.1:49594] for GET '/session/5f2bc6e0c37f9e9dec9c4d719b2be1a4/screenshot'
15:18:55.076 [AsyncHttpClient-1-11] DEBUG org.asynchttpclient.netty.handler.HttpHandler - 

Request DefaultFullHttpRequest(decodeResult: success, version: HTTP/1.1, content: EmptyByteBufBE)
GET /session/5f2bc6e0c37f9e9dec9c4d719b2be1a4/screenshot HTTP/1.1
User-Agent: selenium/4.1.2 (java windows)
Cache-Control: no-cache
Content-Type: application/json; charset=utf-8
host: localhost:49594
accept: */*

Response DefaultHttpResponse(decodeResult: success, version: HTTP/1.1)
HTTP/1.1 200 OK
Content-Type: application/json; charset=utf-8
cache-control: no-cache
content-length: 1022316

15:18:55.078 [AsyncHttpClient-1-11] DEBUG org.asynchttpclient.netty.channel.ChannelManager - Adding key: http://localhost:49594 for channel [id: 0x5c4bfbc8, L:/127.0.0.1:52146 - R:localhost/127.0.0.1:49594]
15:18:55.108 [main] DEBUG net.serenitybdd.core.photography.Darkroom - Send negative for processing for target\site\serenity\b0ddf3608b8f51a6a3adc36e4acd901b7a2c5b7adc6fd42a924a7c7a6358c0ea.png
15:18:55.119 [Forwarding findElement on session 5f2bc6e0c37f9e9dec9c4d719b2be1a4 to remote] DEBUG org.asynchttpclient.netty.request.NettyRequestSender - Using pooled Channel '[id: 0x5c4bfbc8, L:/127.0.0.1:52146 - R:localhost/127.0.0.1:49594]' for 'POST' to 'http://localhost:49594/session/5f2bc6e0c37f9e9dec9c4d719b2be1a4/element'
15:18:55.119 [Forwarding findElement on session 5f2bc6e0c37f9e9dec9c4d719b2be1a4 to remote] DEBUG org.asynchttpclient.netty.request.NettyRequestSender - Using open Channel [id: 0x5c4bfbc8, L:/127.0.0.1:52146 - R:localhost/127.0.0.1:49594] for POST '/session/5f2bc6e0c37f9e9dec9c4d719b2be1a4/element'
15:18:55.134 [AsyncHttpClient-1-11] DEBUG org.asynchttpclient.netty.handler.HttpHandler - 

Request DefaultHttpRequest(decodeResult: success, version: HTTP/1.1)
POST /session/5f2bc6e0c37f9e9dec9c4d719b2be1a4/element HTTP/1.1
User-Agent: selenium/4.1.2 (java windows)
Content-Length: 81
Content-Type: application/json; charset=utf-8
host: localhost:49594
accept: */*

Response DefaultHttpResponse(decodeResult: success, version: HTTP/1.1)
HTTP/1.1 200 OK
Content-Type: application/json; charset=utf-8
cache-control: no-cache
content-length: 88

15:18:55.134 [AsyncHttpClient-1-11] DEBUG org.asynchttpclient.netty.channel.ChannelManager - Adding key: http://localhost:49594 for channel [id: 0x5c4bfbc8, L:/127.0.0.1:52146 - R:localhost/127.0.0.1:49594]
15:18:55.135 [Forwarding getElementTagName on session 5f2bc6e0c37f9e9dec9c4d719b2be1a4 to remote] DEBUG org.asynchttpclient.netty.request.NettyRequestSender - Using pooled Channel '[id: 0x5c4bfbc8, L:/127.0.0.1:52146 - R:localhost/127.0.0.1:49594]' for 'GET' to 'http://localhost:49594/session/5f2bc6e0c37f9e9dec9c4d719b2be1a4/element/40159005-d57b-444f-acf1-28e7c4dd94b7/name'
15:18:55.135 [Forwarding getElementTagName on session 5f2bc6e0c37f9e9dec9c4d719b2be1a4 to remote] DEBUG org.asynchttpclient.netty.request.NettyRequestSender - Using open Channel [id: 0x5c4bfbc8, L:/127.0.0.1:52146 - R:localhost/127.0.0.1:49594] for GET '/session/5f2bc6e0c37f9e9dec9c4d719b2be1a4/element/40159005-d57b-444f-acf1-28e7c4dd94b7/name'
15:18:55.140 [AsyncHttpClient-1-11] DEBUG org.asynchttpclient.netty.handler.HttpHandler - 

Request DefaultFullHttpRequest(decodeResult: success, version: HTTP/1.1, content: EmptyByteBufBE)
GET /session/5f2bc6e0c37f9e9dec9c4d719b2be1a4/element/40159005-d57b-444f-acf1-28e7c4dd94b7/name HTTP/1.1
User-Agent: selenium/4.1.2 (java windows)
Cache-Control: no-cache
Content-Type: application/json; charset=utf-8
host: localhost:49594
accept: */*

Response DefaultHttpResponse(decodeResult: success, version: HTTP/1.1)
HTTP/1.1 200 OK
Content-Type: application/json; charset=utf-8
cache-control: no-cache
content-length: 16

15:18:55.140 [AsyncHttpClient-1-11] DEBUG org.asynchttpclient.netty.channel.ChannelManager - Adding key: http://localhost:49594 for channel [id: 0x5c4bfbc8, L:/127.0.0.1:52146 - R:localhost/127.0.0.1:49594]
15:18:55.141 [Forwarding getElementTagName on session 5f2bc6e0c37f9e9dec9c4d719b2be1a4 to remote] DEBUG org.asynchttpclient.netty.request.NettyRequestSender - Using pooled Channel '[id: 0x5c4bfbc8, L:/127.0.0.1:52146 - R:localhost/127.0.0.1:49594]' for 'GET' to 'http://localhost:49594/session/5f2bc6e0c37f9e9dec9c4d719b2be1a4/element/40159005-d57b-444f-acf1-28e7c4dd94b7/name'
15:18:55.141 [Forwarding getElementTagName on session 5f2bc6e0c37f9e9dec9c4d719b2be1a4 to remote] DEBUG org.asynchttpclient.netty.request.NettyRequestSender - Using open Channel [id: 0x5c4bfbc8, L:/127.0.0.1:52146 - R:localhost/127.0.0.1:49594] for GET '/session/5f2bc6e0c37f9e9dec9c4d719b2be1a4/element/40159005-d57b-444f-acf1-28e7c4dd94b7/name'
15:18:55.144 [AsyncHttpClient-1-11] DEBUG org.asynchttpclient.netty.handler.HttpHandler - 

Request DefaultFullHttpRequest(decodeResult: success, version: HTTP/1.1, content: EmptyByteBufBE)
GET /session/5f2bc6e0c37f9e9dec9c4d719b2be1a4/element/40159005-d57b-444f-acf1-28e7c4dd94b7/name HTTP/1.1
User-Agent: selenium/4.1.2 (java windows)
Cache-Control: no-cache
Content-Type: application/json; charset=utf-8
host: localhost:49594
accept: */*

Response DefaultHttpResponse(decodeResult: success, version: HTTP/1.1)
HTTP/1.1 200 OK
Content-Type: application/json; charset=utf-8
cache-control: no-cache
content-length: 16

15:18:55.144 [AsyncHttpClient-1-11] DEBUG org.asynchttpclient.netty.channel.ChannelManager - Adding key: http://localhost:49594 for channel [id: 0x5c4bfbc8, L:/127.0.0.1:52146 - R:localhost/127.0.0.1:49594]
15:18:55.146 [Forwarding findElement on session 5f2bc6e0c37f9e9dec9c4d719b2be1a4 to remote] DEBUG org.asynchttpclient.netty.request.NettyRequestSender - Using pooled Channel '[id: 0x5c4bfbc8, L:/127.0.0.1:52146 - R:localhost/127.0.0.1:49594]' for 'POST' to 'http://localhost:49594/session/5f2bc6e0c37f9e9dec9c4d719b2be1a4/element'
15:18:55.146 [Forwarding findElement on session 5f2bc6e0c37f9e9dec9c4d719b2be1a4 to remote] DEBUG org.asynchttpclient.netty.request.NettyRequestSender - Using open Channel [id: 0x5c4bfbc8, L:/127.0.0.1:52146 - R:localhost/127.0.0.1:49594] for POST '/session/5f2bc6e0c37f9e9dec9c4d719b2be1a4/element'
15:18:55.153 [AsyncHttpClient-1-11] DEBUG org.asynchttpclient.netty.handler.HttpHandler - 

Request DefaultHttpRequest(decodeResult: success, version: HTTP/1.1)
POST /session/5f2bc6e0c37f9e9dec9c4d719b2be1a4/element HTTP/1.1
User-Agent: selenium/4.1.2 (java windows)
Content-Length: 81
Content-Type: application/json; charset=utf-8
host: localhost:49594
accept: */*

Response DefaultHttpResponse(decodeResult: success, version: HTTP/1.1)
HTTP/1.1 200 OK
Content-Type: application/json; charset=utf-8
cache-control: no-cache
content-length: 88

15:18:55.153 [AsyncHttpClient-1-11] DEBUG org.asynchttpclient.netty.channel.ChannelManager - Adding key: http://localhost:49594 for channel [id: 0x5c4bfbc8, L:/127.0.0.1:52146 - R:localhost/127.0.0.1:49594]
15:18:55.154 [Forwarding clickElement on session 5f2bc6e0c37f9e9dec9c4d719b2be1a4 to remote] DEBUG org.asynchttpclient.netty.request.NettyRequestSender - Using pooled Channel '[id: 0x5c4bfbc8, L:/127.0.0.1:52146 - R:localhost/127.0.0.1:49594]' for 'POST' to 'http://localhost:49594/session/5f2bc6e0c37f9e9dec9c4d719b2be1a4/element/40159005-d57b-444f-acf1-28e7c4dd94b7/click'
15:18:55.154 [Forwarding clickElement on session 5f2bc6e0c37f9e9dec9c4d719b2be1a4 to remote] DEBUG org.asynchttpclient.netty.request.NettyRequestSender - Using open Channel [id: 0x5c4bfbc8, L:/127.0.0.1:52146 - R:localhost/127.0.0.1:49594] for POST '/session/5f2bc6e0c37f9e9dec9c4d719b2be1a4/element/40159005-d57b-444f-acf1-28e7c4dd94b7/click'
15:18:55.211 [AsyncHttpClient-1-1] DEBUG org.asynchttpclient.netty.channel.DefaultChannelPool - Entry count for : http://localhost:52147 : 1
15:18:55.614 [AsyncHttpClient-1-11] DEBUG org.asynchttpclient.netty.handler.HttpHandler - 

Request DefaultHttpRequest(decodeResult: success, version: HTTP/1.1)
POST /session/5f2bc6e0c37f9e9dec9c4d719b2be1a4/element/40159005-d57b-444f-acf1-28e7c4dd94b7/click HTTP/1.1
User-Agent: selenium/4.1.2 (java windows)
Content-Length: 50
Content-Type: application/json; charset=utf-8
host: localhost:49594
accept: */*

Response DefaultHttpResponse(decodeResult: success, version: HTTP/1.1)
HTTP/1.1 200 OK
Content-Type: application/json; charset=utf-8
cache-control: no-cache
content-length: 14

15:18:55.614 [AsyncHttpClient-1-11] DEBUG org.asynchttpclient.netty.channel.ChannelManager - Adding key: http://localhost:49594 for channel [id: 0x5c4bfbc8, L:/127.0.0.1:52146 - R:localhost/127.0.0.1:49594]
  &amp#27;[32mThen &amp#27;[0m&amp#27;[32mI click baby on the header&amp#27;[0m &amp#27;[90m# starter.stepdefinitions.BabyStep.iClickBabyOnTheHeader()&amp#27;[0m
15:18:55.622 [Forwarding screenshot on session 5f2bc6e0c37f9e9dec9c4d719b2be1a4 to remote] DEBUG org.asynchttpclient.netty.request.NettyRequestSender - Using pooled Channel '[id: 0x5c4bfbc8, L:/127.0.0.1:52146 - R:localhost/127.0.0.1:49594]' for 'GET' to 'http://localhost:49594/session/5f2bc6e0c37f9e9dec9c4d719b2be1a4/screenshot'
15:18:55.622 [Forwarding screenshot on session 5f2bc6e0c37f9e9dec9c4d719b2be1a4 to remote] DEBUG org.asynchttpclient.netty.request.NettyRequestSender - Using open Channel [id: 0x5c4bfbc8, L:/127.0.0.1:52146 - R:localhost/127.0.0.1:49594] for GET '/session/5f2bc6e0c37f9e9dec9c4d719b2be1a4/screenshot'
15:18:55.749 [AsyncHttpClient-1-11] DEBUG org.asynchttpclient.netty.handler.HttpHandler - 

Request DefaultFullHttpRequest(decodeResult: success, version: HTTP/1.1, content: EmptyByteBufBE)
GET /session/5f2bc6e0c37f9e9dec9c4d719b2be1a4/screenshot HTTP/1.1
User-Agent: selenium/4.1.2 (java windows)
Cache-Control: no-cache
Content-Type: application/json; charset=utf-8
host: localhost:49594
accept: */*

Response DefaultHttpResponse(decodeResult: success, version: HTTP/1.1)
HTTP/1.1 200 OK
Content-Type: application/json; charset=utf-8
cache-control: no-cache
content-length: 62152

15:18:55.749 [AsyncHttpClient-1-11] DEBUG org.asynchttpclient.netty.channel.ChannelManager - Adding key: http://localhost:49594 for channel [id: 0x5c4bfbc8, L:/127.0.0.1:52146 - R:localhost/127.0.0.1:49594]
15:18:55.751 [main] DEBUG net.serenitybdd.core.photography.Darkroom - Send negative for processing for target\site\serenity\e24dcf0e76a3b9a3003a120159a29047ac10468dedf9e088f387d3eda27f774d.png
15:18:55.757 [Forwarding findElement on session 5f2bc6e0c37f9e9dec9c4d719b2be1a4 to remote] DEBUG org.asynchttpclient.netty.request.NettyRequestSender - Using pooled Channel '[id: 0x5c4bfbc8, L:/127.0.0.1:52146 - R:localhost/127.0.0.1:49594]' for 'POST' to 'http://localhost:49594/session/5f2bc6e0c37f9e9dec9c4d719b2be1a4/element'
15:18:55.757 [Forwarding findElement on session 5f2bc6e0c37f9e9dec9c4d719b2be1a4 to remote] DEBUG org.asynchttpclient.netty.request.NettyRequestSender - Using open Channel [id: 0x5c4bfbc8, L:/127.0.0.1:52146 - R:localhost/127.0.0.1:49594] for POST '/session/5f2bc6e0c37f9e9dec9c4d719b2be1a4/element'
15:18:55.769 [AsyncHttpClient-1-11] DEBUG org.asynchttpclient.netty.handler.HttpHandler - 

Request DefaultHttpRequest(decodeResult: success, version: HTTP/1.1)
POST /session/5f2bc6e0c37f9e9dec9c4d719b2be1a4/element HTTP/1.1
User-Agent: selenium/4.1.2 (java windows)
Content-Length: 102
Content-Type: application/json; charset=utf-8
host: localhost:49594
accept: */*

Response DefaultHttpResponse(decodeResult: success, version: HTTP/1.1)
HTTP/1.1 200 OK
Content-Type: application/json; charset=utf-8
cache-control: no-cache
content-length: 88

15:18:55.769 [AsyncHttpClient-1-11] DEBUG org.asynchttpclient.netty.channel.ChannelManager - Adding key: http://localhost:49594 for channel [id: 0x5c4bfbc8, L:/127.0.0.1:52146 - R:localhost/127.0.0.1:49594]
15:18:55.771 [Forwarding getElementTagName on session 5f2bc6e0c37f9e9dec9c4d719b2be1a4 to remote] DEBUG org.asynchttpclient.netty.request.NettyRequestSender - Using pooled Channel '[id: 0x5c4bfbc8, L:/127.0.0.1:52146 - R:localhost/127.0.0.1:49594]' for 'GET' to 'http://localhost:49594/session/5f2bc6e0c37f9e9dec9c4d719b2be1a4/element/e5357a70-43eb-4bae-8779-2b58ebd9467d/name'
15:18:55.771 [Forwarding getElementTagName on session 5f2bc6e0c37f9e9dec9c4d719b2be1a4 to remote] DEBUG org.asynchttpclient.netty.request.NettyRequestSender - Using open Channel [id: 0x5c4bfbc8, L:/127.0.0.1:52146 - R:localhost/127.0.0.1:49594] for GET '/session/5f2bc6e0c37f9e9dec9c4d719b2be1a4/element/e5357a70-43eb-4bae-8779-2b58ebd9467d/name'
15:18:55.774 [AsyncHttpClient-1-11] DEBUG org.asynchttpclient.netty.handler.HttpHandler - 

Request DefaultFullHttpRequest(decodeResult: success, version: HTTP/1.1, content: EmptyByteBufBE)
GET /session/5f2bc6e0c37f9e9dec9c4d719b2be1a4/element/e5357a70-43eb-4bae-8779-2b58ebd9467d/name HTTP/1.1
User-Agent: selenium/4.1.2 (java windows)
Cache-Control: no-cache
Content-Type: application/json; charset=utf-8
host: localhost:49594
accept: */*

Response DefaultHttpResponse(decodeResult: success, version: HTTP/1.1)
HTTP/1.1 200 OK
Content-Type: application/json; charset=utf-8
cache-control: no-cache
content-length: 16

15:18:55.775 [AsyncHttpClient-1-11] DEBUG org.asynchttpclient.netty.channel.ChannelManager - Adding key: http://localhost:49594 for channel [id: 0x5c4bfbc8, L:/127.0.0.1:52146 - R:localhost/127.0.0.1:49594]
15:18:55.776 [Forwarding getElementTagName on session 5f2bc6e0c37f9e9dec9c4d719b2be1a4 to remote] DEBUG org.asynchttpclient.netty.request.NettyRequestSender - Using pooled Channel '[id: 0x5c4bfbc8, L:/127.0.0.1:52146 - R:localhost/127.0.0.1:49594]' for 'GET' to 'http://localhost:49594/session/5f2bc6e0c37f9e9dec9c4d719b2be1a4/element/e5357a70-43eb-4bae-8779-2b58ebd9467d/name'
15:18:55.776 [Forwarding getElementTagName on session 5f2bc6e0c37f9e9dec9c4d719b2be1a4 to remote] DEBUG org.asynchttpclient.netty.request.NettyRequestSender - Using open Channel [id: 0x5c4bfbc8, L:/127.0.0.1:52146 - R:localhost/127.0.0.1:49594] for GET '/session/5f2bc6e0c37f9e9dec9c4d719b2be1a4/element/e5357a70-43eb-4bae-8779-2b58ebd9467d/name'
15:18:55.780 [AsyncHttpClient-1-11] DEBUG org.asynchttpclient.netty.handler.HttpHandler - 

Request DefaultFullHttpRequest(decodeResult: success, version: HTTP/1.1, content: EmptyByteBufBE)
GET /session/5f2bc6e0c37f9e9dec9c4d719b2be1a4/element/e5357a70-43eb-4bae-8779-2b58ebd9467d/name HTTP/1.1
User-Agent: selenium/4.1.2 (java windows)
Cache-Control: no-cache
Content-Type: application/json; charset=utf-8
host: localhost:49594
accept: */*

Response DefaultHttpResponse(decodeResult: success, version: HTTP/1.1)
HTTP/1.1 200 OK
Content-Type: application/json; charset=utf-8
cache-control: no-cache
content-length: 16

15:18:55.780 [AsyncHttpClient-1-11] DEBUG org.asynchttpclient.netty.channel.ChannelManager - Adding key: http://localhost:49594 for channel [id: 0x5c4bfbc8, L:/127.0.0.1:52146 - R:localhost/127.0.0.1:49594]
15:18:55.781 [Forwarding findElement on session 5f2bc6e0c37f9e9dec9c4d719b2be1a4 to remote] DEBUG org.asynchttpclient.netty.request.NettyRequestSender - Using pooled Channel '[id: 0x5c4bfbc8, L:/127.0.0.1:52146 - R:localhost/127.0.0.1:49594]' for 'POST' to 'http://localhost:49594/session/5f2bc6e0c37f9e9dec9c4d719b2be1a4/element'
15:18:55.782 [Forwarding findElement on session 5f2bc6e0c37f9e9dec9c4d719b2be1a4 to remote] DEBUG org.asynchttpclient.netty.request.NettyRequestSender - Using open Channel [id: 0x5c4bfbc8, L:/127.0.0.1:52146 - R:localhost/127.0.0.1:49594] for POST '/session/5f2bc6e0c37f9e9dec9c4d719b2be1a4/element'
15:18:55.790 [AsyncHttpClient-1-11] DEBUG org.asynchttpclient.netty.handler.HttpHandler - 

Request DefaultHttpRequest(decodeResult: success, version: HTTP/1.1)
POST /session/5f2bc6e0c37f9e9dec9c4d719b2be1a4/element HTTP/1.1
User-Agent: selenium/4.1.2 (java windows)
Content-Length: 102
Content-Type: application/json; charset=utf-8
host: localhost:49594
accept: */*

Response DefaultHttpResponse(decodeResult: success, version: HTTP/1.1)
HTTP/1.1 200 OK
Content-Type: application/json; charset=utf-8
cache-control: no-cache
content-length: 88

15:18:55.790 [AsyncHttpClient-1-11] DEBUG org.asynchttpclient.netty.channel.ChannelManager - Adding key: http://localhost:49594 for channel [id: 0x5c4bfbc8, L:/127.0.0.1:52146 - R:localhost/127.0.0.1:49594]
15:18:55.791 [Forwarding clickElement on session 5f2bc6e0c37f9e9dec9c4d719b2be1a4 to remote] DEBUG org.asynchttpclient.netty.request.NettyRequestSender - Using pooled Channel '[id: 0x5c4bfbc8, L:/127.0.0.1:52146 - R:localhost/127.0.0.1:49594]' for 'POST' to 'http://localhost:49594/session/5f2bc6e0c37f9e9dec9c4d719b2be1a4/element/e5357a70-43eb-4bae-8779-2b58ebd9467d/click'
15:18:55.791 [Forwarding clickElement on session 5f2bc6e0c37f9e9dec9c4d719b2be1a4 to remote] DEBUG org.asynchttpclient.netty.request.NettyRequestSender - Using open Channel [id: 0x5c4bfbc8, L:/127.0.0.1:52146 - R:localhost/127.0.0.1:49594] for POST '/session/5f2bc6e0c37f9e9dec9c4d719b2be1a4/element/e5357a70-43eb-4bae-8779-2b58ebd9467d/click'
15:18:55.967 [AsyncHttpClient-1-11] DEBUG org.asynchttpclient.netty.handler.HttpHandler - 

Request DefaultHttpRequest(decodeResult: success, version: HTTP/1.1)
POST /session/5f2bc6e0c37f9e9dec9c4d719b2be1a4/element/e5357a70-43eb-4bae-8779-2b58ebd9467d/click HTTP/1.1
User-Agent: selenium/4.1.2 (java windows)
Content-Length: 50
Content-Type: application/json; charset=utf-8
host: localhost:49594
accept: */*

Response DefaultHttpResponse(decodeResult: success, version: HTTP/1.1)
HTTP/1.1 200 OK
Content-Type: application/json; charset=utf-8
cache-control: no-cache
content-length: 14

15:18:55.968 [AsyncHttpClient-1-11] DEBUG org.asynchttpclient.netty.channel.ChannelManager - Adding key: http://localhost:49594 for channel [id: 0x5c4bfbc8, L:/127.0.0.1:52146 - R:localhost/127.0.0.1:49594]
  &amp#27;[32mWhen &amp#27;[0m&amp#27;[32mI will go to &amp#27;[0m&amp#27;[32m&amp#27;[1m"gaun2"&amp#27;[0m       &amp#27;[90m# starter.stepdefinitions.BabyStep.iWillGoTo(java.lang.String)&amp#27;[0m
15:18:55.972 [Forwarding screenshot on session 5f2bc6e0c37f9e9dec9c4d719b2be1a4 to remote] DEBUG org.asynchttpclient.netty.request.NettyRequestSender - Using pooled Channel '[id: 0x5c4bfbc8, L:/127.0.0.1:52146 - R:localhost/127.0.0.1:49594]' for 'GET' to 'http://localhost:49594/session/5f2bc6e0c37f9e9dec9c4d719b2be1a4/screenshot'
15:18:55.972 [Forwarding screenshot on session 5f2bc6e0c37f9e9dec9c4d719b2be1a4 to remote] DEBUG org.asynchttpclient.netty.request.NettyRequestSender - Using open Channel [id: 0x5c4bfbc8, L:/127.0.0.1:52146 - R:localhost/127.0.0.1:49594] for GET '/session/5f2bc6e0c37f9e9dec9c4d719b2be1a4/screenshot'
15:18:56.308 [AsyncHttpClient-1-1] DEBUG org.asynchttpclient.netty.channel.DefaultChannelPool - Entry count for : http://localhost:52147 : 1
15:18:56.568 [AsyncHttpClient-1-11] DEBUG org.asynchttpclient.netty.handler.HttpHandler - 

Request DefaultFullHttpRequest(decodeResult: success, version: HTTP/1.1, content: EmptyByteBufBE)
GET /session/5f2bc6e0c37f9e9dec9c4d719b2be1a4/screenshot HTTP/1.1
User-Agent: selenium/4.1.2 (java windows)
Cache-Control: no-cache
Content-Type: application/json; charset=utf-8
host: localhost:49594
accept: */*

Response DefaultHttpResponse(decodeResult: success, version: HTTP/1.1)
HTTP/1.1 200 OK
Content-Type: application/json; charset=utf-8
cache-control: no-cache
content-length: 56904

15:18:56.568 [AsyncHttpClient-1-11] DEBUG org.asynchttpclient.netty.channel.ChannelManager - Adding key: http://localhost:49594 for channel [id: 0x5c4bfbc8, L:/127.0.0.1:52146 - R:localhost/127.0.0.1:49594]
15:18:56.570 [main] DEBUG net.serenitybdd.core.photography.Darkroom - Send negative for processing for target\site\serenity\943d58fa5e01dfb2634fc6886848d042a5b03d9afeb3d8ea137205aefc693163.png
15:18:56.570 [Darkroom Processing Line] DEBUG net.serenitybdd.core.photography.DarkroomProcessingLine - Processing screenshot image in /var/screenshots/screenshot-13485240593417312731
15:18:56.570 [Darkroom Processing Line] DEBUG net.serenitybdd.core.photography.DarkroomProcessingLine - Saving screenshot to target\site\serenity\943d58fa5e01dfb2634fc6886848d042a5b03d9afeb3d8ea137205aefc693163.png
15:18:56.575 [Forwarding findElement on session 5f2bc6e0c37f9e9dec9c4d719b2be1a4 to remote] DEBUG org.asynchttpclient.netty.request.NettyRequestSender - Using pooled Channel '[id: 0x5c4bfbc8, L:/127.0.0.1:52146 - R:localhost/127.0.0.1:49594]' for 'POST' to 'http://localhost:49594/session/5f2bc6e0c37f9e9dec9c4d719b2be1a4/element'
15:18:56.576 [Forwarding findElement on session 5f2bc6e0c37f9e9dec9c4d719b2be1a4 to remote] DEBUG org.asynchttpclient.netty.request.NettyRequestSender - Using open Channel [id: 0x5c4bfbc8, L:/127.0.0.1:52146 - R:localhost/127.0.0.1:49594] for POST '/session/5f2bc6e0c37f9e9dec9c4d719b2be1a4/element'
15:18:56.587 [AsyncHttpClient-1-11] DEBUG org.asynchttpclient.netty.handler.HttpHandler - 

Request DefaultHttpRequest(decodeResult: success, version: HTTP/1.1)
POST /session/5f2bc6e0c37f9e9dec9c4d719b2be1a4/element HTTP/1.1
User-Agent: selenium/4.1.2 (java windows)
Content-Length: 87
Content-Type: application/json; charset=utf-8
host: localhost:49594
accept: */*

Response DefaultHttpResponse(decodeResult: success, version: HTTP/1.1)
HTTP/1.1 200 OK
Content-Type: application/json; charset=utf-8
cache-control: no-cache
content-length: 88

15:18:56.587 [AsyncHttpClient-1-11] DEBUG org.asynchttpclient.netty.channel.ChannelManager - Adding key: http://localhost:49594 for channel [id: 0x5c4bfbc8, L:/127.0.0.1:52146 - R:localhost/127.0.0.1:49594]
15:18:56.589 [Forwarding isElementDisplayed on session 5f2bc6e0c37f9e9dec9c4d719b2be1a4 to remote] DEBUG org.asynchttpclient.netty.request.NettyRequestSender - Using pooled Channel '[id: 0x5c4bfbc8, L:/127.0.0.1:52146 - R:localhost/127.0.0.1:49594]' for 'POST' to 'http://localhost:49594/session/5f2bc6e0c37f9e9dec9c4d719b2be1a4/execute/sync'
15:18:56.589 [Forwarding isElementDisplayed on session 5f2bc6e0c37f9e9dec9c4d719b2be1a4 to remote] DEBUG org.asynchttpclient.netty.request.NettyRequestSender - Using open Channel [id: 0x5c4bfbc8, L:/127.0.0.1:52146 - R:localhost/127.0.0.1:49594] for POST '/session/5f2bc6e0c37f9e9dec9c4d719b2be1a4/execute/sync'
15:18:56.602 [AsyncHttpClient-1-11] DEBUG org.asynchttpclient.netty.handler.HttpHandler - 

Request DefaultHttpRequest(decodeResult: success, version: HTTP/1.1)
POST /session/5f2bc6e0c37f9e9dec9c4d719b2be1a4/execute/sync HTTP/1.1
User-Agent: selenium/4.1.2 (java windows)
Content-Length: 48780
Content-Type: application/json; charset=utf-8
host: localhost:49594
accept: */*

Response DefaultHttpResponse(decodeResult: success, version: HTTP/1.1)
HTTP/1.1 200 OK
Content-Type: application/json; charset=utf-8
cache-control: no-cache
content-length: 14

15:18:56.603 [AsyncHttpClient-1-11] DEBUG org.asynchttpclient.netty.channel.ChannelManager - Adding key: http://localhost:49594 for channel [id: 0x5c4bfbc8, L:/127.0.0.1:52146 - R:localhost/127.0.0.1:49594]
  &amp#27;[32mAnd &amp#27;[0m&amp#27;[32mI &amp#27;[0m&amp#27;[32m&amp#27;[1m"txtGaun2"&amp#27;[0m&amp#27;[32m page&amp#27;[0m           &amp#27;[90m# starter.stepdefinitions.BabyStep.iPage(java.lang.String)&amp#27;[0m
15:18:56.609 [AsyncHttpClient-1-13] DEBUG org.asynchttpclient.netty.handler.WebSocketHandler - Channel Closed: [id: 0x34d8d4b7, L:/127.0.0.1:52155 ! R:localhost/127.0.0.1:52147] with attribute NettyResponseFuture{currentRetry=5,
	isDone=1,
	isCancelled=0,
	asyncHandler=org.asynchttpclient.ws.WebSocketUpgradeHandler@f863cc,
	nettyRequest=org.asynchttpclient.netty.request.NettyRequest@1cb14fad,
	future=java.util.concurrent.CompletableFuture@1a495b74[Completed normally],
	uri=ws://localhost:52147/devtools/browser/394ad2a7-9271-48f2-bd35-8d93236151c0,
	keepAlive=true,
	redirectCount=0,
	timeoutsHolder=null,
	inAuth=0,
	touch=1680855526503}
15:18:56.609 [AsyncHttpClient-1-13] DEBUG org.asynchttpclient.netty.channel.ChannelManager - Closing Channel [id: 0x34d8d4b7, L:/127.0.0.1:52155 ! R:localhost/127.0.0.1:52147] 
15:18:56.610 [Driver Command Executor] DEBUG org.asynchttpclient.netty.request.NettyRequestSender - Using pooled Channel '[id: 0x5c4bfbc8, L:/127.0.0.1:52146 - R:localhost/127.0.0.1:49594]' for 'DELETE' to 'http://localhost:49594/session/5f2bc6e0c37f9e9dec9c4d719b2be1a4'
15:18:56.610 [Driver Command Executor] DEBUG org.asynchttpclient.netty.request.NettyRequestSender - Using open Channel [id: 0x5c4bfbc8, L:/127.0.0.1:52146 - R:localhost/127.0.0.1:49594] for DELETE '/session/5f2bc6e0c37f9e9dec9c4d719b2be1a4'
15:18:56.644 [AsyncHttpClient-1-12] DEBUG org.asynchttpclient.netty.handler.HttpHandler - Unexpected I/O exception on channel [id: 0x7d56b39b, L:/127.0.0.1:52154 - R:localhost/127.0.0.1:52147]
java.net.SocketException: Connection reset
	at java.base/sun.nio.ch.SocketChannelImpl.throwConnectionReset(SocketChannelImpl.java:345)
	at java.base/sun.nio.ch.SocketChannelImpl.read(SocketChannelImpl.java:376)
	at io.netty.buffer.PooledByteBuf.setBytes(PooledByteBuf.java:258)
	at io.netty.buffer.AbstractByteBuf.writeBytes(AbstractByteBuf.java:1132)
	at io.netty.channel.socket.nio.NioSocketChannel.doReadBytes(NioSocketChannel.java:350)
	at io.netty.channel.nio.AbstractNioByteChannel$NioByteUnsafe.read(AbstractNioByteChannel.java:151)
	at io.netty.channel.nio.NioEventLoop.processSelectedKey(NioEventLoop.java:722)
	at io.netty.channel.nio.NioEventLoop.processSelectedKeysOptimized(NioEventLoop.java:658)
	at io.netty.channel.nio.NioEventLoop.processSelectedKeys(NioEventLoop.java:584)
	at io.netty.channel.nio.NioEventLoop.run(NioEventLoop.java:496)
	at io.netty.util.concurrent.SingleThreadEventExecutor$4.run(SingleThreadEventExecutor.java:986)
	at io.netty.util.internal.ThreadExecutorMap$2.run(ThreadExecutorMap.java:74)
	at io.netty.util.concurrent.FastThreadLocalRunnable.run(FastThreadLocalRunnable.java:30)
	at java.base/java.lang.Thread.run(Thread.java:830)
15:18:56.644 [AsyncHttpClient-1-12] DEBUG org.asynchttpclient.netty.channel.ChannelManager - Closing Channel [id: 0x7d56b39b, L:/127.0.0.1:52154 - R:localhost/127.0.0.1:52147] 
15:18:56.644 [AsyncHttpClient-1-12] DEBUG org.asynchttpclient.netty.handler.HttpHandler - Channel Closed: [id: 0x7d56b39b, L:/127.0.0.1:52154 ! R:localhost/127.0.0.1:52147] with attribute DISCARD
15:18:56.700 [AsyncHttpClient-1-11] DEBUG org.asynchttpclient.netty.handler.HttpHandler - 

Request DefaultFullHttpRequest(decodeResult: success, version: HTTP/1.1, content: EmptyByteBufBE)
DELETE /session/5f2bc6e0c37f9e9dec9c4d719b2be1a4 HTTP/1.1
User-Agent: selenium/4.1.2 (java windows)
Content-Type: application/json; charset=utf-8
host: localhost:49594
accept: */*

Response DefaultHttpResponse(decodeResult: success, version: HTTP/1.1)
HTTP/1.1 200 OK
Content-Type: application/json; charset=utf-8
cache-control: no-cache
content-length: 14

15:18:56.701 [AsyncHttpClient-1-11] DEBUG org.asynchttpclient.netty.channel.ChannelManager - Adding key: http://localhost:49594 for channel [id: 0x5c4bfbc8, L:/127.0.0.1:52146 - R:localhost/127.0.0.1:49594]
15:18:56.842 [AsyncHttpClient-1-11] DEBUG org.asynchttpclient.netty.handler.HttpHandler - Channel Closed: [id: 0x5c4bfbc8, L:/127.0.0.1:52146 ! R:localhost/127.0.0.1:49594] with attribute DISCARD
15:18:57.405 [AsyncHttpClient-1-1] DEBUG org.asynchttpclient.netty.channel.DefaultChannelPool - Entry count for : http://localhost:52147 : 1
15:18:57.405 [AsyncHttpClient-1-1] DEBUG org.asynchttpclient.netty.channel.DefaultChannelPool - Entry count for : http://localhost:49594 : 1
15:18:57.405 [AsyncHttpClient-1-1] DEBUG org.asynchttpclient.netty.channel.DefaultChannelPool - Adding Candidate expired Channel [id: 0x7d56b39b, L:/127.0.0.1:52154 ! R:localhost/127.0.0.1:52147] isIdleTimeoutExpired=false isRemotelyClosed=true isTtlExpired=false
15:18:57.405 [AsyncHttpClient-1-1] DEBUG org.asynchttpclient.netty.channel.DefaultChannelPool - Closing Idle Channel [id: 0x7d56b39b, L:/127.0.0.1:52154 ! R:localhost/127.0.0.1:52147]
15:18:57.405 [AsyncHttpClient-1-1] DEBUG org.asynchttpclient.netty.channel.DefaultChannelPool - Adding Candidate expired Channel [id: 0x5c4bfbc8, L:/127.0.0.1:52146 ! R:localhost/127.0.0.1:49594] isIdleTimeoutExpired=false isRemotelyClosed=true isTtlExpired=false
15:18:57.405 [AsyncHttpClient-1-1] DEBUG org.asynchttpclient.netty.channel.DefaultChannelPool - Closing Idle Channel [id: 0x5c4bfbc8, L:/127.0.0.1:52146 ! R:localhost/127.0.0.1:49594]
15:18:57.405 [AsyncHttpClient-1-1] DEBUG org.asynchttpclient.netty.channel.DefaultChannelPool - Closed 2 connections out of 2 in 0 ms
]]></system-out>
    <system-err><![CDATA[Starting Microsoft Edge WebDriver 111.0.1661.62 (0a8f453929e6410c973aa529a40485ce4e3e03db) on port 49594
To submit feedback, report a bug, or suggest new features, please visit https://github.com/MicrosoftEdge/EdgeWebDriver

Only local connections are allowed.
Please see https://aka.ms/WebDriverSecurity for suggestions on keeping Microsoft Edge WebDriver safe.

Microsoft Edge WebDriver was started successfully.
Apr 07, 2023 3:18:46 PM org.openqa.selenium.remote.ProtocolHandshake createSession
INFO: Detected dialect: W3C
Apr 07, 2023 3:18:46 PM org.openqa.selenium.devtools.CdpVersionFinder findNearestMatch
WARNING: Unable to find an exact match for CDP version 111, so returning the closest version found: a no-op implementation
Apr 07, 2023 3:18:46 PM org.openqa.selenium.devtools.CdpVersionFinder findNearestMatch
INFO: Unable to find CDP implementation matching 111.
Apr 07, 2023 3:18:46 PM org.openqa.selenium.chromium.ChromiumDriver lambda$new$3
WARNING: Unable to find version of CDP to use for . You may need to include a dependency on a specific version of the CDP using something similar to `org.seleniumhq.selenium:selenium-devtools-v86:4.1.2` where the version ("v86") matches the version of the chromium-based browser you're using and the version number of the artifact is the same as Selenium's.
]]></system-err>
  </testcase>
  <testcase name="Fitur Menu Baby #21" classname="Baby" time="12.141">
    <system-out><![CDATA[
Scenario Outline: Fitur Menu Baby &amp#27;[90m# src/test/resources/features/Baby.feature:113&amp#27;[0m
15:18:57.440 [main] INFO io.cucumber.core.plugin.SerenityReporter - Running feature from file:///C:/Users/alwi/IdeaProjects/uniqloweb/src/test/resources/features/Baby.feature
15:18:57.552 [main] DEBUG io.github.bonigarcia.wdm.cache.ResolutionCache - Resolution edge=111 in cache (valid until 16:02:35 07/04/2023 WIB)
15:18:57.555 [main] DEBUG io.github.bonigarcia.wdm.cache.ResolutionCache - Resolution edge111=111.0.1661.62 in cache (valid until 15:02:35 08/04/2023 WIB)
15:18:57.557 [main] INFO io.github.bonigarcia.wdm.WebDriverManager - Using msedgedriver 111.0.1661.62 (resolved driver for Edge 111)
15:18:57.566 [main] DEBUG io.github.bonigarcia.wdm.WebDriverManager - Driver msedgedriver 111.0.1661.62 found in cache
15:18:57.567 [main] INFO io.github.bonigarcia.wdm.WebDriverManager - Exporting webdriver.edge.driver as C:\Users\alwi\.cache\selenium\msedgedriver\win64\111.0.1661.62\msedgedriver.exe
15:18:57.568 [main] DEBUG net.serenitybdd.core.webdriver.driverproviders.ProvideNewDriver - Instantiating driver
15:18:57.568 [main] DEBUG net.serenitybdd.core.webdriver.driverproviders.ProvideNewDriver - Driver capabilities: Capabilities {base.url: https://www.uniqlo.com, chrome.driver: src/test/resources/webdrive..., driver: edge, ms:edgeChromium: true, ms:edgeOptions: {}, wait.for.timeout: 6000}
15:18:58.110 [AsyncHttpClient-1-14] DEBUG org.asynchttpclient.netty.channel.NettyConnectListener - Using new Channel '[id: 0x97a47dac, L:/127.0.0.1:52291 - R:localhost/127.0.0.1:61097]' for 'POST' to '/session'
15:18:58.711 [AsyncHttpClient-1-14] DEBUG org.asynchttpclient.netty.handler.HttpHandler - 

Request DefaultHttpRequest(decodeResult: success, version: HTTP/1.1)
POST /session HTTP/1.1
User-Agent: selenium/4.1.2 (java windows)
Content-Length: 627
Content-Type: application/json; charset=utf-8
host: localhost:61097
accept: */*

Response DefaultHttpResponse(decodeResult: success, version: HTTP/1.1)
HTTP/1.1 200 OK
Content-Type: application/json; charset=utf-8
cache-control: no-cache
content-length: 824

15:18:58.711 [AsyncHttpClient-1-14] DEBUG org.asynchttpclient.netty.channel.ChannelManager - Adding key: http://localhost:61097 for channel [id: 0x97a47dac, L:/127.0.0.1:52291 - R:localhost/127.0.0.1:61097]
15:18:58.717 [AsyncHttpClient-1-15] DEBUG org.asynchttpclient.netty.channel.NettyConnectListener - Using new Channel '[id: 0xcf849de5, L:/127.0.0.1:52298 - R:localhost/127.0.0.1:52293]' for 'GET' to '/json/version'
15:18:58.718 [AsyncHttpClient-1-15] DEBUG org.asynchttpclient.netty.handler.HttpHandler - 

Request DefaultFullHttpRequest(decodeResult: success, version: HTTP/1.1, content: EmptyByteBufBE)
GET /json/version HTTP/1.1
User-Agent: selenium/4.1.2 (java windows)
host: localhost:52293
accept: */*

Response DefaultHttpResponse(decodeResult: success, version: HTTP/1.1)
HTTP/1.1 200 OK
Content-Security-Policy: frame-ancestors 'none'
Content-Type: application/json; charset=UTF-8
content-length: 436

15:18:58.718 [AsyncHttpClient-1-15] DEBUG org.asynchttpclient.netty.channel.ChannelManager - Adding key: http://localhost:52293 for channel [id: 0xcf849de5, L:/127.0.0.1:52298 - R:localhost/127.0.0.1:52293]
15:18:58.722 [AsyncHttpClient-1-16] DEBUG org.asynchttpclient.netty.channel.NettyConnectListener - Using new Channel '[id: 0xf117dda2, L:/127.0.0.1:52299 - R:localhost/127.0.0.1:52293]' for 'GET' to '/devtools/browser/bf7c004f-362d-4fc1-8cb8-412578213e58'
15:18:58.722 [AsyncHttpClient-1-16] DEBUG org.asynchttpclient.netty.handler.WebSocketHandler - 

Request DefaultFullHttpRequest(decodeResult: success, version: HTTP/1.1, content: EmptyByteBufBE)
GET /devtools/browser/bf7c004f-362d-4fc1-8cb8-412578213e58 HTTP/1.1
upgrade: websocket
connection: upgrade
sec-websocket-key: DRAP0b+Iy5jvS3N4KZFzQA==
sec-websocket-version: 13
origin: http://localhost:52293
host: localhost:52293
accept: */*
user-agent: AHC/2.1

Response DefaultHttpResponse(decodeResult: success, version: HTTP/1.1)
HTTP/1.1 101 WebSocket Protocol Handshake
Upgrade: WebSocket
Connection: Upgrade
Sec-WebSocket-Accept: Av1MUuJVSGgN6RNKxliZHA2cWtA=

15:18:58.725 [Forwarding get on session 925b2b1244bbe3ce9ed45dce61bc04d2 to remote] DEBUG org.asynchttpclient.netty.request.NettyRequestSender - Using pooled Channel '[id: 0x97a47dac, L:/127.0.0.1:52291 - R:localhost/127.0.0.1:61097]' for 'POST' to 'http://localhost:61097/session/925b2b1244bbe3ce9ed45dce61bc04d2/url'
15:18:58.725 [Forwarding get on session 925b2b1244bbe3ce9ed45dce61bc04d2 to remote] DEBUG org.asynchttpclient.netty.request.NettyRequestSender - Using open Channel [id: 0x97a47dac, L:/127.0.0.1:52291 - R:localhost/127.0.0.1:61097] for POST '/session/925b2b1244bbe3ce9ed45dce61bc04d2/url'
15:18:59.606 [AsyncHttpClient-1-1] DEBUG org.asynchttpclient.netty.channel.DefaultChannelPool - Entry count for : http://localhost:52293 : 1
15:19:00.713 [AsyncHttpClient-1-1] DEBUG org.asynchttpclient.netty.channel.DefaultChannelPool - Entry count for : http://localhost:52293 : 1
15:19:01.806 [AsyncHttpClient-1-1] DEBUG org.asynchttpclient.netty.channel.DefaultChannelPool - Entry count for : http://localhost:52293 : 1
15:19:02.906 [AsyncHttpClient-1-1] DEBUG org.asynchttpclient.netty.channel.DefaultChannelPool - Entry count for : http://localhost:52293 : 1
15:19:04.010 [AsyncHttpClient-1-1] DEBUG org.asynchttpclient.netty.channel.DefaultChannelPool - Entry count for : http://localhost:52293 : 1
15:19:05.111 [AsyncHttpClient-1-1] DEBUG org.asynchttpclient.netty.channel.DefaultChannelPool - Entry count for : http://localhost:52293 : 1
15:19:05.919 [AsyncHttpClient-1-14] DEBUG org.asynchttpclient.netty.handler.HttpHandler - 

Request DefaultHttpRequest(decodeResult: success, version: HTTP/1.1)
POST /session/925b2b1244bbe3ce9ed45dce61bc04d2/url HTTP/1.1
User-Agent: selenium/4.1.2 (java windows)
Content-Length: 53
Content-Type: application/json; charset=utf-8
host: localhost:61097
accept: */*

Response DefaultHttpResponse(decodeResult: success, version: HTTP/1.1)
HTTP/1.1 200 OK
Content-Type: application/json; charset=utf-8
cache-control: no-cache
content-length: 14

15:19:05.920 [AsyncHttpClient-1-14] DEBUG org.asynchttpclient.netty.channel.ChannelManager - Adding key: http://localhost:61097 for channel [id: 0x97a47dac, L:/127.0.0.1:52291 - R:localhost/127.0.0.1:61097]
15:19:05.921 [Forwarding setTimeout on session 925b2b1244bbe3ce9ed45dce61bc04d2 to remote] DEBUG org.asynchttpclient.netty.request.NettyRequestSender - Using pooled Channel '[id: 0x97a47dac, L:/127.0.0.1:52291 - R:localhost/127.0.0.1:61097]' for 'POST' to 'http://localhost:61097/session/925b2b1244bbe3ce9ed45dce61bc04d2/timeouts'
15:19:05.921 [Forwarding setTimeout on session 925b2b1244bbe3ce9ed45dce61bc04d2 to remote] DEBUG org.asynchttpclient.netty.request.NettyRequestSender - Using open Channel [id: 0x97a47dac, L:/127.0.0.1:52291 - R:localhost/127.0.0.1:61097] for POST '/session/925b2b1244bbe3ce9ed45dce61bc04d2/timeouts'
15:19:05.922 [AsyncHttpClient-1-14] DEBUG org.asynchttpclient.netty.handler.HttpHandler - 

Request DefaultHttpRequest(decodeResult: success, version: HTTP/1.1)
POST /session/925b2b1244bbe3ce9ed45dce61bc04d2/timeouts HTTP/1.1
User-Agent: selenium/4.1.2 (java windows)
Content-Length: 22
Content-Type: application/json; charset=utf-8
host: localhost:61097
accept: */*

Response DefaultHttpResponse(decodeResult: success, version: HTTP/1.1)
HTTP/1.1 200 OK
Content-Type: application/json; charset=utf-8
cache-control: no-cache
content-length: 14

15:19:05.922 [AsyncHttpClient-1-14] DEBUG org.asynchttpclient.netty.channel.ChannelManager - Adding key: http://localhost:61097 for channel [id: 0x97a47dac, L:/127.0.0.1:52291 - R:localhost/127.0.0.1:61097]
15:19:05.925 [Forwarding getCurrentUrl on session 925b2b1244bbe3ce9ed45dce61bc04d2 to remote] DEBUG org.asynchttpclient.netty.request.NettyRequestSender - Using pooled Channel '[id: 0x97a47dac, L:/127.0.0.1:52291 - R:localhost/127.0.0.1:61097]' for 'GET' to 'http://localhost:61097/session/925b2b1244bbe3ce9ed45dce61bc04d2/url'
15:19:05.925 [Forwarding getCurrentUrl on session 925b2b1244bbe3ce9ed45dce61bc04d2 to remote] DEBUG org.asynchttpclient.netty.request.NettyRequestSender - Using open Channel [id: 0x97a47dac, L:/127.0.0.1:52291 - R:localhost/127.0.0.1:61097] for GET '/session/925b2b1244bbe3ce9ed45dce61bc04d2/url'
15:19:05.933 [AsyncHttpClient-1-14] DEBUG org.asynchttpclient.netty.handler.HttpHandler - 

Request DefaultFullHttpRequest(decodeResult: success, version: HTTP/1.1, content: EmptyByteBufBE)
GET /session/925b2b1244bbe3ce9ed45dce61bc04d2/url HTTP/1.1
User-Agent: selenium/4.1.2 (java windows)
Cache-Control: no-cache
Content-Type: application/json; charset=utf-8
host: localhost:61097
accept: */*

Response DefaultHttpResponse(decodeResult: success, version: HTTP/1.1)
HTTP/1.1 200 OK
Content-Type: application/json; charset=utf-8
cache-control: no-cache
content-length: 41

15:19:05.933 [AsyncHttpClient-1-14] DEBUG org.asynchttpclient.netty.channel.ChannelManager - Adding key: http://localhost:61097 for channel [id: 0x97a47dac, L:/127.0.0.1:52291 - R:localhost/127.0.0.1:61097]
  &amp#27;[32mGiven &amp#27;[0m&amp#27;[32mI am on the home page&amp#27;[0m     &amp#27;[90m# starter.stepdefinitions.BabyStep.iAmOnTheHomePage()&amp#27;[0m
15:19:05.940 [Forwarding screenshot on session 925b2b1244bbe3ce9ed45dce61bc04d2 to remote] DEBUG org.asynchttpclient.netty.request.NettyRequestSender - Using pooled Channel '[id: 0x97a47dac, L:/127.0.0.1:52291 - R:localhost/127.0.0.1:61097]' for 'GET' to 'http://localhost:61097/session/925b2b1244bbe3ce9ed45dce61bc04d2/screenshot'
15:19:05.940 [Forwarding screenshot on session 925b2b1244bbe3ce9ed45dce61bc04d2 to remote] DEBUG org.asynchttpclient.netty.request.NettyRequestSender - Using open Channel [id: 0x97a47dac, L:/127.0.0.1:52291 - R:localhost/127.0.0.1:61097] for GET '/session/925b2b1244bbe3ce9ed45dce61bc04d2/screenshot'
15:19:06.206 [AsyncHttpClient-1-1] DEBUG org.asynchttpclient.netty.channel.DefaultChannelPool - Entry count for : http://localhost:52293 : 1
15:19:06.253 [AsyncHttpClient-1-14] DEBUG org.asynchttpclient.netty.handler.HttpHandler - 

Request DefaultFullHttpRequest(decodeResult: success, version: HTTP/1.1, content: EmptyByteBufBE)
GET /session/925b2b1244bbe3ce9ed45dce61bc04d2/screenshot HTTP/1.1
User-Agent: selenium/4.1.2 (java windows)
Cache-Control: no-cache
Content-Type: application/json; charset=utf-8
host: localhost:61097
accept: */*

Response DefaultHttpResponse(decodeResult: success, version: HTTP/1.1)
HTTP/1.1 200 OK
Content-Type: application/json; charset=utf-8
cache-control: no-cache
content-length: 1022316

15:19:06.255 [AsyncHttpClient-1-14] DEBUG org.asynchttpclient.netty.channel.ChannelManager - Adding key: http://localhost:61097 for channel [id: 0x97a47dac, L:/127.0.0.1:52291 - R:localhost/127.0.0.1:61097]
15:19:06.285 [main] DEBUG net.serenitybdd.core.photography.Darkroom - Send negative for processing for target\site\serenity\b0ddf3608b8f51a6a3adc36e4acd901b7a2c5b7adc6fd42a924a7c7a6358c0ea.png
15:19:06.303 [Forwarding findElement on session 925b2b1244bbe3ce9ed45dce61bc04d2 to remote] DEBUG org.asynchttpclient.netty.request.NettyRequestSender - Using pooled Channel '[id: 0x97a47dac, L:/127.0.0.1:52291 - R:localhost/127.0.0.1:61097]' for 'POST' to 'http://localhost:61097/session/925b2b1244bbe3ce9ed45dce61bc04d2/element'
15:19:06.303 [Forwarding findElement on session 925b2b1244bbe3ce9ed45dce61bc04d2 to remote] DEBUG org.asynchttpclient.netty.request.NettyRequestSender - Using open Channel [id: 0x97a47dac, L:/127.0.0.1:52291 - R:localhost/127.0.0.1:61097] for POST '/session/925b2b1244bbe3ce9ed45dce61bc04d2/element'
15:19:06.324 [AsyncHttpClient-1-14] DEBUG org.asynchttpclient.netty.handler.HttpHandler - 

Request DefaultHttpRequest(decodeResult: success, version: HTTP/1.1)
POST /session/925b2b1244bbe3ce9ed45dce61bc04d2/element HTTP/1.1
User-Agent: selenium/4.1.2 (java windows)
Content-Length: 81
Content-Type: application/json; charset=utf-8
host: localhost:61097
accept: */*

Response DefaultHttpResponse(decodeResult: success, version: HTTP/1.1)
HTTP/1.1 200 OK
Content-Type: application/json; charset=utf-8
cache-control: no-cache
content-length: 88

15:19:06.325 [AsyncHttpClient-1-14] DEBUG org.asynchttpclient.netty.channel.ChannelManager - Adding key: http://localhost:61097 for channel [id: 0x97a47dac, L:/127.0.0.1:52291 - R:localhost/127.0.0.1:61097]
15:19:06.326 [Forwarding getElementTagName on session 925b2b1244bbe3ce9ed45dce61bc04d2 to remote] DEBUG org.asynchttpclient.netty.request.NettyRequestSender - Using pooled Channel '[id: 0x97a47dac, L:/127.0.0.1:52291 - R:localhost/127.0.0.1:61097]' for 'GET' to 'http://localhost:61097/session/925b2b1244bbe3ce9ed45dce61bc04d2/element/3afdd4b1-d22d-47a2-b1df-9c323f380c6c/name'
15:19:06.326 [Forwarding getElementTagName on session 925b2b1244bbe3ce9ed45dce61bc04d2 to remote] DEBUG org.asynchttpclient.netty.request.NettyRequestSender - Using open Channel [id: 0x97a47dac, L:/127.0.0.1:52291 - R:localhost/127.0.0.1:61097] for GET '/session/925b2b1244bbe3ce9ed45dce61bc04d2/element/3afdd4b1-d22d-47a2-b1df-9c323f380c6c/name'
15:19:06.331 [AsyncHttpClient-1-14] DEBUG org.asynchttpclient.netty.handler.HttpHandler - 

Request DefaultFullHttpRequest(decodeResult: success, version: HTTP/1.1, content: EmptyByteBufBE)
GET /session/925b2b1244bbe3ce9ed45dce61bc04d2/element/3afdd4b1-d22d-47a2-b1df-9c323f380c6c/name HTTP/1.1
User-Agent: selenium/4.1.2 (java windows)
Cache-Control: no-cache
Content-Type: application/json; charset=utf-8
host: localhost:61097
accept: */*

Response DefaultHttpResponse(decodeResult: success, version: HTTP/1.1)
HTTP/1.1 200 OK
Content-Type: application/json; charset=utf-8
cache-control: no-cache
content-length: 16

15:19:06.331 [AsyncHttpClient-1-14] DEBUG org.asynchttpclient.netty.channel.ChannelManager - Adding key: http://localhost:61097 for channel [id: 0x97a47dac, L:/127.0.0.1:52291 - R:localhost/127.0.0.1:61097]
15:19:06.333 [Forwarding getElementTagName on session 925b2b1244bbe3ce9ed45dce61bc04d2 to remote] DEBUG org.asynchttpclient.netty.request.NettyRequestSender - Using pooled Channel '[id: 0x97a47dac, L:/127.0.0.1:52291 - R:localhost/127.0.0.1:61097]' for 'GET' to 'http://localhost:61097/session/925b2b1244bbe3ce9ed45dce61bc04d2/element/3afdd4b1-d22d-47a2-b1df-9c323f380c6c/name'
15:19:06.333 [Forwarding getElementTagName on session 925b2b1244bbe3ce9ed45dce61bc04d2 to remote] DEBUG org.asynchttpclient.netty.request.NettyRequestSender - Using open Channel [id: 0x97a47dac, L:/127.0.0.1:52291 - R:localhost/127.0.0.1:61097] for GET '/session/925b2b1244bbe3ce9ed45dce61bc04d2/element/3afdd4b1-d22d-47a2-b1df-9c323f380c6c/name'
15:19:06.336 [AsyncHttpClient-1-14] DEBUG org.asynchttpclient.netty.handler.HttpHandler - 

Request DefaultFullHttpRequest(decodeResult: success, version: HTTP/1.1, content: EmptyByteBufBE)
GET /session/925b2b1244bbe3ce9ed45dce61bc04d2/element/3afdd4b1-d22d-47a2-b1df-9c323f380c6c/name HTTP/1.1
User-Agent: selenium/4.1.2 (java windows)
Cache-Control: no-cache
Content-Type: application/json; charset=utf-8
host: localhost:61097
accept: */*

Response DefaultHttpResponse(decodeResult: success, version: HTTP/1.1)
HTTP/1.1 200 OK
Content-Type: application/json; charset=utf-8
cache-control: no-cache
content-length: 16

15:19:06.336 [AsyncHttpClient-1-14] DEBUG org.asynchttpclient.netty.channel.ChannelManager - Adding key: http://localhost:61097 for channel [id: 0x97a47dac, L:/127.0.0.1:52291 - R:localhost/127.0.0.1:61097]
15:19:06.338 [Forwarding findElement on session 925b2b1244bbe3ce9ed45dce61bc04d2 to remote] DEBUG org.asynchttpclient.netty.request.NettyRequestSender - Using pooled Channel '[id: 0x97a47dac, L:/127.0.0.1:52291 - R:localhost/127.0.0.1:61097]' for 'POST' to 'http://localhost:61097/session/925b2b1244bbe3ce9ed45dce61bc04d2/element'
15:19:06.338 [Forwarding findElement on session 925b2b1244bbe3ce9ed45dce61bc04d2 to remote] DEBUG org.asynchttpclient.netty.request.NettyRequestSender - Using open Channel [id: 0x97a47dac, L:/127.0.0.1:52291 - R:localhost/127.0.0.1:61097] for POST '/session/925b2b1244bbe3ce9ed45dce61bc04d2/element'
15:19:06.346 [AsyncHttpClient-1-14] DEBUG org.asynchttpclient.netty.handler.HttpHandler - 

Request DefaultHttpRequest(decodeResult: success, version: HTTP/1.1)
POST /session/925b2b1244bbe3ce9ed45dce61bc04d2/element HTTP/1.1
User-Agent: selenium/4.1.2 (java windows)
Content-Length: 81
Content-Type: application/json; charset=utf-8
host: localhost:61097
accept: */*

Response DefaultHttpResponse(decodeResult: success, version: HTTP/1.1)
HTTP/1.1 200 OK
Content-Type: application/json; charset=utf-8
cache-control: no-cache
content-length: 88

15:19:06.346 [AsyncHttpClient-1-14] DEBUG org.asynchttpclient.netty.channel.ChannelManager - Adding key: http://localhost:61097 for channel [id: 0x97a47dac, L:/127.0.0.1:52291 - R:localhost/127.0.0.1:61097]
15:19:06.347 [Forwarding clickElement on session 925b2b1244bbe3ce9ed45dce61bc04d2 to remote] DEBUG org.asynchttpclient.netty.request.NettyRequestSender - Using pooled Channel '[id: 0x97a47dac, L:/127.0.0.1:52291 - R:localhost/127.0.0.1:61097]' for 'POST' to 'http://localhost:61097/session/925b2b1244bbe3ce9ed45dce61bc04d2/element/3afdd4b1-d22d-47a2-b1df-9c323f380c6c/click'
15:19:06.347 [Forwarding clickElement on session 925b2b1244bbe3ce9ed45dce61bc04d2 to remote] DEBUG org.asynchttpclient.netty.request.NettyRequestSender - Using open Channel [id: 0x97a47dac, L:/127.0.0.1:52291 - R:localhost/127.0.0.1:61097] for POST '/session/925b2b1244bbe3ce9ed45dce61bc04d2/element/3afdd4b1-d22d-47a2-b1df-9c323f380c6c/click'
15:19:06.868 [AsyncHttpClient-1-14] DEBUG org.asynchttpclient.netty.handler.HttpHandler - 

Request DefaultHttpRequest(decodeResult: success, version: HTTP/1.1)
POST /session/925b2b1244bbe3ce9ed45dce61bc04d2/element/3afdd4b1-d22d-47a2-b1df-9c323f380c6c/click HTTP/1.1
User-Agent: selenium/4.1.2 (java windows)
Content-Length: 50
Content-Type: application/json; charset=utf-8
host: localhost:61097
accept: */*

Response DefaultHttpResponse(decodeResult: success, version: HTTP/1.1)
HTTP/1.1 200 OK
Content-Type: application/json; charset=utf-8
cache-control: no-cache
content-length: 14

15:19:06.868 [AsyncHttpClient-1-14] DEBUG org.asynchttpclient.netty.channel.ChannelManager - Adding key: http://localhost:61097 for channel [id: 0x97a47dac, L:/127.0.0.1:52291 - R:localhost/127.0.0.1:61097]
  &amp#27;[32mThen &amp#27;[0m&amp#27;[32mI click baby on the header&amp#27;[0m &amp#27;[90m# starter.stepdefinitions.BabyStep.iClickBabyOnTheHeader()&amp#27;[0m
15:19:06.879 [Forwarding screenshot on session 925b2b1244bbe3ce9ed45dce61bc04d2 to remote] DEBUG org.asynchttpclient.netty.request.NettyRequestSender - Using pooled Channel '[id: 0x97a47dac, L:/127.0.0.1:52291 - R:localhost/127.0.0.1:61097]' for 'GET' to 'http://localhost:61097/session/925b2b1244bbe3ce9ed45dce61bc04d2/screenshot'
15:19:06.879 [Forwarding screenshot on session 925b2b1244bbe3ce9ed45dce61bc04d2 to remote] DEBUG org.asynchttpclient.netty.request.NettyRequestSender - Using open Channel [id: 0x97a47dac, L:/127.0.0.1:52291 - R:localhost/127.0.0.1:61097] for GET '/session/925b2b1244bbe3ce9ed45dce61bc04d2/screenshot'
15:19:07.307 [AsyncHttpClient-1-1] DEBUG org.asynchttpclient.netty.channel.DefaultChannelPool - Entry count for : http://localhost:52293 : 1
15:19:07.722 [AsyncHttpClient-1-14] DEBUG org.asynchttpclient.netty.handler.HttpHandler - 

Request DefaultFullHttpRequest(decodeResult: success, version: HTTP/1.1, content: EmptyByteBufBE)
GET /session/925b2b1244bbe3ce9ed45dce61bc04d2/screenshot HTTP/1.1
User-Agent: selenium/4.1.2 (java windows)
Cache-Control: no-cache
Content-Type: application/json; charset=utf-8
host: localhost:61097
accept: */*

Response DefaultHttpResponse(decodeResult: success, version: HTTP/1.1)
HTTP/1.1 200 OK
Content-Type: application/json; charset=utf-8
cache-control: no-cache
content-length: 137772

15:19:07.723 [AsyncHttpClient-1-14] DEBUG org.asynchttpclient.netty.channel.ChannelManager - Adding key: http://localhost:61097 for channel [id: 0x97a47dac, L:/127.0.0.1:52291 - R:localhost/127.0.0.1:61097]
15:19:07.728 [main] DEBUG net.serenitybdd.core.photography.Darkroom - Send negative for processing for target\site\serenity\3093a8fe75c9915a84e2266869d2790ff1d73fd0cbef6a6054d9af3fbf62ba4f.png
15:19:07.729 [Darkroom Processing Line] DEBUG net.serenitybdd.core.photography.DarkroomProcessingLine - Processing screenshot image in /var/screenshots/screenshot-9656739709440302642
15:19:07.729 [Darkroom Processing Line] DEBUG net.serenitybdd.core.photography.DarkroomProcessingLine - Saving screenshot to target\site\serenity\3093a8fe75c9915a84e2266869d2790ff1d73fd0cbef6a6054d9af3fbf62ba4f.png
15:19:07.741 [Forwarding findElement on session 925b2b1244bbe3ce9ed45dce61bc04d2 to remote] DEBUG org.asynchttpclient.netty.request.NettyRequestSender - Using pooled Channel '[id: 0x97a47dac, L:/127.0.0.1:52291 - R:localhost/127.0.0.1:61097]' for 'POST' to 'http://localhost:61097/session/925b2b1244bbe3ce9ed45dce61bc04d2/element'
15:19:07.741 [Forwarding findElement on session 925b2b1244bbe3ce9ed45dce61bc04d2 to remote] DEBUG org.asynchttpclient.netty.request.NettyRequestSender - Using open Channel [id: 0x97a47dac, L:/127.0.0.1:52291 - R:localhost/127.0.0.1:61097] for POST '/session/925b2b1244bbe3ce9ed45dce61bc04d2/element'
15:19:07.771 [AsyncHttpClient-1-14] DEBUG org.asynchttpclient.netty.handler.HttpHandler - 

Request DefaultHttpRequest(decodeResult: success, version: HTTP/1.1)
POST /session/925b2b1244bbe3ce9ed45dce61bc04d2/element HTTP/1.1
User-Agent: selenium/4.1.2 (java windows)
Content-Length: 117
Content-Type: application/json; charset=utf-8
host: localhost:61097
accept: */*

Response DefaultHttpResponse(decodeResult: success, version: HTTP/1.1)
HTTP/1.1 200 OK
Content-Type: application/json; charset=utf-8
cache-control: no-cache
content-length: 88

15:19:07.771 [AsyncHttpClient-1-14] DEBUG org.asynchttpclient.netty.channel.ChannelManager - Adding key: http://localhost:61097 for channel [id: 0x97a47dac, L:/127.0.0.1:52291 - R:localhost/127.0.0.1:61097]
15:19:07.772 [Forwarding getElementTagName on session 925b2b1244bbe3ce9ed45dce61bc04d2 to remote] DEBUG org.asynchttpclient.netty.request.NettyRequestSender - Using pooled Channel '[id: 0x97a47dac, L:/127.0.0.1:52291 - R:localhost/127.0.0.1:61097]' for 'GET' to 'http://localhost:61097/session/925b2b1244bbe3ce9ed45dce61bc04d2/element/000fb44f-7d85-4240-8b0d-27ba8b962d69/name'
15:19:07.772 [Forwarding getElementTagName on session 925b2b1244bbe3ce9ed45dce61bc04d2 to remote] DEBUG org.asynchttpclient.netty.request.NettyRequestSender - Using open Channel [id: 0x97a47dac, L:/127.0.0.1:52291 - R:localhost/127.0.0.1:61097] for GET '/session/925b2b1244bbe3ce9ed45dce61bc04d2/element/000fb44f-7d85-4240-8b0d-27ba8b962d69/name'
15:19:07.776 [AsyncHttpClient-1-14] DEBUG org.asynchttpclient.netty.handler.HttpHandler - 

Request DefaultFullHttpRequest(decodeResult: success, version: HTTP/1.1, content: EmptyByteBufBE)
GET /session/925b2b1244bbe3ce9ed45dce61bc04d2/element/000fb44f-7d85-4240-8b0d-27ba8b962d69/name HTTP/1.1
User-Agent: selenium/4.1.2 (java windows)
Cache-Control: no-cache
Content-Type: application/json; charset=utf-8
host: localhost:61097
accept: */*

Response DefaultHttpResponse(decodeResult: success, version: HTTP/1.1)
HTTP/1.1 200 OK
Content-Type: application/json; charset=utf-8
cache-control: no-cache
content-length: 16

15:19:07.776 [AsyncHttpClient-1-14] DEBUG org.asynchttpclient.netty.channel.ChannelManager - Adding key: http://localhost:61097 for channel [id: 0x97a47dac, L:/127.0.0.1:52291 - R:localhost/127.0.0.1:61097]
15:19:07.777 [Forwarding getElementTagName on session 925b2b1244bbe3ce9ed45dce61bc04d2 to remote] DEBUG org.asynchttpclient.netty.request.NettyRequestSender - Using pooled Channel '[id: 0x97a47dac, L:/127.0.0.1:52291 - R:localhost/127.0.0.1:61097]' for 'GET' to 'http://localhost:61097/session/925b2b1244bbe3ce9ed45dce61bc04d2/element/000fb44f-7d85-4240-8b0d-27ba8b962d69/name'
15:19:07.777 [Forwarding getElementTagName on session 925b2b1244bbe3ce9ed45dce61bc04d2 to remote] DEBUG org.asynchttpclient.netty.request.NettyRequestSender - Using open Channel [id: 0x97a47dac, L:/127.0.0.1:52291 - R:localhost/127.0.0.1:61097] for GET '/session/925b2b1244bbe3ce9ed45dce61bc04d2/element/000fb44f-7d85-4240-8b0d-27ba8b962d69/name'
15:19:07.779 [AsyncHttpClient-1-14] DEBUG org.asynchttpclient.netty.handler.HttpHandler - 

Request DefaultFullHttpRequest(decodeResult: success, version: HTTP/1.1, content: EmptyByteBufBE)
GET /session/925b2b1244bbe3ce9ed45dce61bc04d2/element/000fb44f-7d85-4240-8b0d-27ba8b962d69/name HTTP/1.1
User-Agent: selenium/4.1.2 (java windows)
Cache-Control: no-cache
Content-Type: application/json; charset=utf-8
host: localhost:61097
accept: */*

Response DefaultHttpResponse(decodeResult: success, version: HTTP/1.1)
HTTP/1.1 200 OK
Content-Type: application/json; charset=utf-8
cache-control: no-cache
content-length: 16

15:19:07.779 [AsyncHttpClient-1-14] DEBUG org.asynchttpclient.netty.channel.ChannelManager - Adding key: http://localhost:61097 for channel [id: 0x97a47dac, L:/127.0.0.1:52291 - R:localhost/127.0.0.1:61097]
15:19:07.781 [Forwarding findElement on session 925b2b1244bbe3ce9ed45dce61bc04d2 to remote] DEBUG org.asynchttpclient.netty.request.NettyRequestSender - Using pooled Channel '[id: 0x97a47dac, L:/127.0.0.1:52291 - R:localhost/127.0.0.1:61097]' for 'POST' to 'http://localhost:61097/session/925b2b1244bbe3ce9ed45dce61bc04d2/element'
15:19:07.781 [Forwarding findElement on session 925b2b1244bbe3ce9ed45dce61bc04d2 to remote] DEBUG org.asynchttpclient.netty.request.NettyRequestSender - Using open Channel [id: 0x97a47dac, L:/127.0.0.1:52291 - R:localhost/127.0.0.1:61097] for POST '/session/925b2b1244bbe3ce9ed45dce61bc04d2/element'
15:19:07.789 [AsyncHttpClient-1-14] DEBUG org.asynchttpclient.netty.handler.HttpHandler - 

Request DefaultHttpRequest(decodeResult: success, version: HTTP/1.1)
POST /session/925b2b1244bbe3ce9ed45dce61bc04d2/element HTTP/1.1
User-Agent: selenium/4.1.2 (java windows)
Content-Length: 117
Content-Type: application/json; charset=utf-8
host: localhost:61097
accept: */*

Response DefaultHttpResponse(decodeResult: success, version: HTTP/1.1)
HTTP/1.1 200 OK
Content-Type: application/json; charset=utf-8
cache-control: no-cache
content-length: 88

15:19:07.789 [AsyncHttpClient-1-14] DEBUG org.asynchttpclient.netty.channel.ChannelManager - Adding key: http://localhost:61097 for channel [id: 0x97a47dac, L:/127.0.0.1:52291 - R:localhost/127.0.0.1:61097]
15:19:07.790 [Forwarding clickElement on session 925b2b1244bbe3ce9ed45dce61bc04d2 to remote] DEBUG org.asynchttpclient.netty.request.NettyRequestSender - Using pooled Channel '[id: 0x97a47dac, L:/127.0.0.1:52291 - R:localhost/127.0.0.1:61097]' for 'POST' to 'http://localhost:61097/session/925b2b1244bbe3ce9ed45dce61bc04d2/element/000fb44f-7d85-4240-8b0d-27ba8b962d69/click'
15:19:07.790 [Forwarding clickElement on session 925b2b1244bbe3ce9ed45dce61bc04d2 to remote] DEBUG org.asynchttpclient.netty.request.NettyRequestSender - Using open Channel [id: 0x97a47dac, L:/127.0.0.1:52291 - R:localhost/127.0.0.1:61097] for POST '/session/925b2b1244bbe3ce9ed45dce61bc04d2/element/000fb44f-7d85-4240-8b0d-27ba8b962d69/click'
15:19:08.004 [AsyncHttpClient-1-14] DEBUG org.asynchttpclient.netty.handler.HttpHandler - 

Request DefaultHttpRequest(decodeResult: success, version: HTTP/1.1)
POST /session/925b2b1244bbe3ce9ed45dce61bc04d2/element/000fb44f-7d85-4240-8b0d-27ba8b962d69/click HTTP/1.1
User-Agent: selenium/4.1.2 (java windows)
Content-Length: 50
Content-Type: application/json; charset=utf-8
host: localhost:61097
accept: */*

Response DefaultHttpResponse(decodeResult: success, version: HTTP/1.1)
HTTP/1.1 200 OK
Content-Type: application/json; charset=utf-8
cache-control: no-cache
content-length: 14

15:19:08.004 [AsyncHttpClient-1-14] DEBUG org.asynchttpclient.netty.channel.ChannelManager - Adding key: http://localhost:61097 for channel [id: 0x97a47dac, L:/127.0.0.1:52291 - R:localhost/127.0.0.1:61097]
  &amp#27;[32mWhen &amp#27;[0m&amp#27;[32mI will go to &amp#27;[0m&amp#27;[32m&amp#27;[1m"UT2"&amp#27;[0m         &amp#27;[90m# starter.stepdefinitions.BabyStep.iWillGoTo(java.lang.String)&amp#27;[0m
15:19:08.012 [Forwarding screenshot on session 925b2b1244bbe3ce9ed45dce61bc04d2 to remote] DEBUG org.asynchttpclient.netty.request.NettyRequestSender - Using pooled Channel '[id: 0x97a47dac, L:/127.0.0.1:52291 - R:localhost/127.0.0.1:61097]' for 'GET' to 'http://localhost:61097/session/925b2b1244bbe3ce9ed45dce61bc04d2/screenshot'
15:19:08.012 [Forwarding screenshot on session 925b2b1244bbe3ce9ed45dce61bc04d2 to remote] DEBUG org.asynchttpclient.netty.request.NettyRequestSender - Using open Channel [id: 0x97a47dac, L:/127.0.0.1:52291 - R:localhost/127.0.0.1:61097] for GET '/session/925b2b1244bbe3ce9ed45dce61bc04d2/screenshot'
15:19:08.409 [AsyncHttpClient-1-1] DEBUG org.asynchttpclient.netty.channel.DefaultChannelPool - Entry count for : http://localhost:52293 : 1
15:19:08.481 [AsyncHttpClient-1-14] DEBUG org.asynchttpclient.netty.handler.HttpHandler - 

Request DefaultFullHttpRequest(decodeResult: success, version: HTTP/1.1, content: EmptyByteBufBE)
GET /session/925b2b1244bbe3ce9ed45dce61bc04d2/screenshot HTTP/1.1
User-Agent: selenium/4.1.2 (java windows)
Cache-Control: no-cache
Content-Type: application/json; charset=utf-8
host: localhost:61097
accept: */*

Response DefaultHttpResponse(decodeResult: success, version: HTTP/1.1)
HTTP/1.1 200 OK
Content-Type: application/json; charset=utf-8
cache-control: no-cache
content-length: 422460

15:19:08.482 [AsyncHttpClient-1-14] DEBUG org.asynchttpclient.netty.channel.ChannelManager - Adding key: http://localhost:61097 for channel [id: 0x97a47dac, L:/127.0.0.1:52291 - R:localhost/127.0.0.1:61097]
15:19:08.495 [main] DEBUG net.serenitybdd.core.photography.Darkroom - Send negative for processing for target\site\serenity\02fd5c4c7d8ed7f8c9ed8f8285f10af7636d92c84e6987f7d9127581fa6b3a1d.png
15:19:08.495 [Darkroom Processing Line] DEBUG net.serenitybdd.core.photography.DarkroomProcessingLine - Processing screenshot image in /var/screenshots/screenshot-11284886033231256621
15:19:08.495 [Darkroom Processing Line] DEBUG net.serenitybdd.core.photography.DarkroomProcessingLine - Saving screenshot to target\site\serenity\02fd5c4c7d8ed7f8c9ed8f8285f10af7636d92c84e6987f7d9127581fa6b3a1d.png
15:19:08.505 [Forwarding findElement on session 925b2b1244bbe3ce9ed45dce61bc04d2 to remote] DEBUG org.asynchttpclient.netty.request.NettyRequestSender - Using pooled Channel '[id: 0x97a47dac, L:/127.0.0.1:52291 - R:localhost/127.0.0.1:61097]' for 'POST' to 'http://localhost:61097/session/925b2b1244bbe3ce9ed45dce61bc04d2/element'
15:19:08.506 [Forwarding findElement on session 925b2b1244bbe3ce9ed45dce61bc04d2 to remote] DEBUG org.asynchttpclient.netty.request.NettyRequestSender - Using open Channel [id: 0x97a47dac, L:/127.0.0.1:52291 - R:localhost/127.0.0.1:61097] for POST '/session/925b2b1244bbe3ce9ed45dce61bc04d2/element'
15:19:08.534 [AsyncHttpClient-1-14] DEBUG org.asynchttpclient.netty.handler.HttpHandler - 

Request DefaultHttpRequest(decodeResult: success, version: HTTP/1.1)
POST /session/925b2b1244bbe3ce9ed45dce61bc04d2/element HTTP/1.1
User-Agent: selenium/4.1.2 (java windows)
Content-Length: 102
Content-Type: application/json; charset=utf-8
host: localhost:61097
accept: */*

Response DefaultHttpResponse(decodeResult: success, version: HTTP/1.1)
HTTP/1.1 200 OK
Content-Type: application/json; charset=utf-8
cache-control: no-cache
content-length: 88

15:19:08.534 [AsyncHttpClient-1-14] DEBUG org.asynchttpclient.netty.channel.ChannelManager - Adding key: http://localhost:61097 for channel [id: 0x97a47dac, L:/127.0.0.1:52291 - R:localhost/127.0.0.1:61097]
15:19:08.538 [Forwarding isElementDisplayed on session 925b2b1244bbe3ce9ed45dce61bc04d2 to remote] DEBUG org.asynchttpclient.netty.request.NettyRequestSender - Using pooled Channel '[id: 0x97a47dac, L:/127.0.0.1:52291 - R:localhost/127.0.0.1:61097]' for 'POST' to 'http://localhost:61097/session/925b2b1244bbe3ce9ed45dce61bc04d2/execute/sync'
15:19:08.538 [Forwarding isElementDisplayed on session 925b2b1244bbe3ce9ed45dce61bc04d2 to remote] DEBUG org.asynchttpclient.netty.request.NettyRequestSender - Using open Channel [id: 0x97a47dac, L:/127.0.0.1:52291 - R:localhost/127.0.0.1:61097] for POST '/session/925b2b1244bbe3ce9ed45dce61bc04d2/execute/sync'
15:19:08.551 [AsyncHttpClient-1-14] DEBUG org.asynchttpclient.netty.handler.HttpHandler - 

Request DefaultHttpRequest(decodeResult: success, version: HTTP/1.1)
POST /session/925b2b1244bbe3ce9ed45dce61bc04d2/execute/sync HTTP/1.1
User-Agent: selenium/4.1.2 (java windows)
Content-Length: 48780
Content-Type: application/json; charset=utf-8
host: localhost:61097
accept: */*

Response DefaultHttpResponse(decodeResult: success, version: HTTP/1.1)
HTTP/1.1 200 OK
Content-Type: application/json; charset=utf-8
cache-control: no-cache
content-length: 14

15:19:08.551 [AsyncHttpClient-1-14] DEBUG org.asynchttpclient.netty.channel.ChannelManager - Adding key: http://localhost:61097 for channel [id: 0x97a47dac, L:/127.0.0.1:52291 - R:localhost/127.0.0.1:61097]
  &amp#27;[32mAnd &amp#27;[0m&amp#27;[32mI &amp#27;[0m&amp#27;[32m&amp#27;[1m"txtUT2"&amp#27;[0m&amp#27;[32m page&amp#27;[0m             &amp#27;[90m# starter.stepdefinitions.BabyStep.iPage(java.lang.String)&amp#27;[0m
15:19:08.554 [Forwarding screenshot on session 925b2b1244bbe3ce9ed45dce61bc04d2 to remote] DEBUG org.asynchttpclient.netty.request.NettyRequestSender - Using pooled Channel '[id: 0x97a47dac, L:/127.0.0.1:52291 - R:localhost/127.0.0.1:61097]' for 'GET' to 'http://localhost:61097/session/925b2b1244bbe3ce9ed45dce61bc04d2/screenshot'
15:19:08.554 [Forwarding screenshot on session 925b2b1244bbe3ce9ed45dce61bc04d2 to remote] DEBUG org.asynchttpclient.netty.request.NettyRequestSender - Using open Channel [id: 0x97a47dac, L:/127.0.0.1:52291 - R:localhost/127.0.0.1:61097] for GET '/session/925b2b1244bbe3ce9ed45dce61bc04d2/screenshot'
15:19:08.736 [AsyncHttpClient-1-14] DEBUG org.asynchttpclient.netty.handler.HttpHandler - 

Request DefaultFullHttpRequest(decodeResult: success, version: HTTP/1.1, content: EmptyByteBufBE)
GET /session/925b2b1244bbe3ce9ed45dce61bc04d2/screenshot HTTP/1.1
User-Agent: selenium/4.1.2 (java windows)
Cache-Control: no-cache
Content-Type: application/json; charset=utf-8
host: localhost:61097
accept: */*

Response DefaultHttpResponse(decodeResult: success, version: HTTP/1.1)
HTTP/1.1 200 OK
Content-Type: application/json; charset=utf-8
cache-control: no-cache
content-length: 422460

15:19:08.736 [AsyncHttpClient-1-14] DEBUG org.asynchttpclient.netty.channel.ChannelManager - Adding key: http://localhost:61097 for channel [id: 0x97a47dac, L:/127.0.0.1:52291 - R:localhost/127.0.0.1:61097]
15:19:08.748 [main] DEBUG net.serenitybdd.core.photography.Darkroom - Send negative for processing for target\site\serenity\02fd5c4c7d8ed7f8c9ed8f8285f10af7636d92c84e6987f7d9127581fa6b3a1d.png
15:19:08.755 [AsyncHttpClient-1-16] DEBUG org.asynchttpclient.netty.handler.WebSocketHandler - Channel Closed: [id: 0xf117dda2, L:/127.0.0.1:52299 ! R:localhost/127.0.0.1:52293] with attribute NettyResponseFuture{currentRetry=5,
	isDone=1,
	isCancelled=0,
	asyncHandler=org.asynchttpclient.ws.WebSocketUpgradeHandler@6dd00bd0,
	nettyRequest=org.asynchttpclient.netty.request.NettyRequest@6ab8f955,
	future=java.util.concurrent.CompletableFuture@6aadc8f1[Completed normally],
	uri=ws://localhost:52293/devtools/browser/bf7c004f-362d-4fc1-8cb8-412578213e58,
	keepAlive=true,
	redirectCount=0,
	timeoutsHolder=null,
	inAuth=0,
	touch=1680855538722}
15:19:08.755 [AsyncHttpClient-1-16] DEBUG org.asynchttpclient.netty.channel.ChannelManager - Closing Channel [id: 0xf117dda2, L:/127.0.0.1:52299 ! R:localhost/127.0.0.1:52293] 
15:19:08.755 [Driver Command Executor] DEBUG org.asynchttpclient.netty.request.NettyRequestSender - Using pooled Channel '[id: 0x97a47dac, L:/127.0.0.1:52291 - R:localhost/127.0.0.1:61097]' for 'DELETE' to 'http://localhost:61097/session/925b2b1244bbe3ce9ed45dce61bc04d2'
15:19:08.755 [Driver Command Executor] DEBUG org.asynchttpclient.netty.request.NettyRequestSender - Using open Channel [id: 0x97a47dac, L:/127.0.0.1:52291 - R:localhost/127.0.0.1:61097] for DELETE '/session/925b2b1244bbe3ce9ed45dce61bc04d2'
15:19:08.808 [AsyncHttpClient-1-15] DEBUG org.asynchttpclient.netty.handler.HttpHandler - Unexpected I/O exception on channel [id: 0xcf849de5, L:/127.0.0.1:52298 - R:localhost/127.0.0.1:52293]
java.net.SocketException: Connection reset
	at java.base/sun.nio.ch.SocketChannelImpl.throwConnectionReset(SocketChannelImpl.java:345)
	at java.base/sun.nio.ch.SocketChannelImpl.read(SocketChannelImpl.java:376)
	at io.netty.buffer.PooledByteBuf.setBytes(PooledByteBuf.java:258)
	at io.netty.buffer.AbstractByteBuf.writeBytes(AbstractByteBuf.java:1132)
	at io.netty.channel.socket.nio.NioSocketChannel.doReadBytes(NioSocketChannel.java:350)
	at io.netty.channel.nio.AbstractNioByteChannel$NioByteUnsafe.read(AbstractNioByteChannel.java:151)
	at io.netty.channel.nio.NioEventLoop.processSelectedKey(NioEventLoop.java:722)
	at io.netty.channel.nio.NioEventLoop.processSelectedKeysOptimized(NioEventLoop.java:658)
	at io.netty.channel.nio.NioEventLoop.processSelectedKeys(NioEventLoop.java:584)
	at io.netty.channel.nio.NioEventLoop.run(NioEventLoop.java:496)
	at io.netty.util.concurrent.SingleThreadEventExecutor$4.run(SingleThreadEventExecutor.java:986)
	at io.netty.util.internal.ThreadExecutorMap$2.run(ThreadExecutorMap.java:74)
	at io.netty.util.concurrent.FastThreadLocalRunnable.run(FastThreadLocalRunnable.java:30)
	at java.base/java.lang.Thread.run(Thread.java:830)
15:19:08.808 [AsyncHttpClient-1-15] DEBUG org.asynchttpclient.netty.channel.ChannelManager - Closing Channel [id: 0xcf849de5, L:/127.0.0.1:52298 - R:localhost/127.0.0.1:52293] 
15:19:08.808 [AsyncHttpClient-1-15] DEBUG org.asynchttpclient.netty.handler.HttpHandler - Channel Closed: [id: 0xcf849de5, L:/127.0.0.1:52298 ! R:localhost/127.0.0.1:52293] with attribute DISCARD
15:19:08.845 [AsyncHttpClient-1-14] DEBUG org.asynchttpclient.netty.handler.HttpHandler - 

Request DefaultFullHttpRequest(decodeResult: success, version: HTTP/1.1, content: EmptyByteBufBE)
DELETE /session/925b2b1244bbe3ce9ed45dce61bc04d2 HTTP/1.1
User-Agent: selenium/4.1.2 (java windows)
Content-Type: application/json; charset=utf-8
host: localhost:61097
accept: */*

Response DefaultHttpResponse(decodeResult: success, version: HTTP/1.1)
HTTP/1.1 200 OK
Content-Type: application/json; charset=utf-8
cache-control: no-cache
content-length: 14

15:19:08.845 [AsyncHttpClient-1-14] DEBUG org.asynchttpclient.netty.channel.ChannelManager - Adding key: http://localhost:61097 for channel [id: 0x97a47dac, L:/127.0.0.1:52291 - R:localhost/127.0.0.1:61097]
15:19:08.994 [AsyncHttpClient-1-14] DEBUG org.asynchttpclient.netty.handler.HttpHandler - Channel Closed: [id: 0x97a47dac, L:/127.0.0.1:52291 ! R:localhost/127.0.0.1:61097] with attribute DISCARD
15:19:09.505 [AsyncHttpClient-1-1] DEBUG org.asynchttpclient.netty.channel.DefaultChannelPool - Entry count for : http://localhost:61097 : 1
15:19:09.505 [AsyncHttpClient-1-1] DEBUG org.asynchttpclient.netty.channel.DefaultChannelPool - Entry count for : http://localhost:52293 : 1
15:19:09.505 [AsyncHttpClient-1-1] DEBUG org.asynchttpclient.netty.channel.DefaultChannelPool - Adding Candidate expired Channel [id: 0x97a47dac, L:/127.0.0.1:52291 ! R:localhost/127.0.0.1:61097] isIdleTimeoutExpired=false isRemotelyClosed=true isTtlExpired=false
15:19:09.505 [AsyncHttpClient-1-1] DEBUG org.asynchttpclient.netty.channel.DefaultChannelPool - Closing Idle Channel [id: 0x97a47dac, L:/127.0.0.1:52291 ! R:localhost/127.0.0.1:61097]
15:19:09.505 [AsyncHttpClient-1-1] DEBUG org.asynchttpclient.netty.channel.DefaultChannelPool - Adding Candidate expired Channel [id: 0xcf849de5, L:/127.0.0.1:52298 ! R:localhost/127.0.0.1:52293] isIdleTimeoutExpired=false isRemotelyClosed=true isTtlExpired=false
15:19:09.505 [AsyncHttpClient-1-1] DEBUG org.asynchttpclient.netty.channel.DefaultChannelPool - Closing Idle Channel [id: 0xcf849de5, L:/127.0.0.1:52298 ! R:localhost/127.0.0.1:52293]
15:19:09.505 [AsyncHttpClient-1-1] DEBUG org.asynchttpclient.netty.channel.DefaultChannelPool - Closed 2 connections out of 2 in 0 ms
]]></system-out>
    <system-err><![CDATA[Starting Microsoft Edge WebDriver 111.0.1661.62 (0a8f453929e6410c973aa529a40485ce4e3e03db) on port 61097
To submit feedback, report a bug, or suggest new features, please visit https://github.com/MicrosoftEdge/EdgeWebDriver

Only local connections are allowed.
Please see https://aka.ms/WebDriverSecurity for suggestions on keeping Microsoft Edge WebDriver safe.

Microsoft Edge WebDriver was started successfully.
Apr 07, 2023 3:18:58 PM org.openqa.selenium.remote.ProtocolHandshake createSession
INFO: Detected dialect: W3C
Apr 07, 2023 3:18:58 PM org.openqa.selenium.devtools.CdpVersionFinder findNearestMatch
WARNING: Unable to find an exact match for CDP version 111, so returning the closest version found: a no-op implementation
Apr 07, 2023 3:18:58 PM org.openqa.selenium.devtools.CdpVersionFinder findNearestMatch
INFO: Unable to find CDP implementation matching 111.
Apr 07, 2023 3:18:58 PM org.openqa.selenium.chromium.ChromiumDriver lambda$new$3
WARNING: Unable to find version of CDP to use for . You may need to include a dependency on a specific version of the CDP using something similar to `org.seleniumhq.selenium:selenium-devtools-v86:4.1.2` where the version ("v86") matches the version of the chromium-based browser you're using and the version number of the artifact is the same as Selenium's.
]]></system-err>
  </testcase>
  <testcase name="Fitur Menu Baby #22" classname="Baby" time="12.739">
    <system-out><![CDATA[
Scenario Outline: Fitur Menu Baby &amp#27;[90m# src/test/resources/features/Baby.feature:114&amp#27;[0m
15:19:09.581 [main] INFO io.cucumber.core.plugin.SerenityReporter - Running feature from file:///C:/Users/alwi/IdeaProjects/uniqloweb/src/test/resources/features/Baby.feature
15:19:09.711 [main] DEBUG io.github.bonigarcia.wdm.cache.ResolutionCache - Resolution edge=111 in cache (valid until 16:02:35 07/04/2023 WIB)
15:19:09.714 [main] DEBUG io.github.bonigarcia.wdm.cache.ResolutionCache - Resolution edge111=111.0.1661.62 in cache (valid until 15:02:35 08/04/2023 WIB)
15:19:09.716 [main] INFO io.github.bonigarcia.wdm.WebDriverManager - Using msedgedriver 111.0.1661.62 (resolved driver for Edge 111)
15:19:09.726 [main] DEBUG io.github.bonigarcia.wdm.WebDriverManager - Driver msedgedriver 111.0.1661.62 found in cache
15:19:09.726 [main] INFO io.github.bonigarcia.wdm.WebDriverManager - Exporting webdriver.edge.driver as C:\Users\alwi\.cache\selenium\msedgedriver\win64\111.0.1661.62\msedgedriver.exe
15:19:09.728 [main] DEBUG net.serenitybdd.core.webdriver.driverproviders.ProvideNewDriver - Instantiating driver
15:19:09.728 [main] DEBUG net.serenitybdd.core.webdriver.driverproviders.ProvideNewDriver - Driver capabilities: Capabilities {base.url: https://www.uniqlo.com, chrome.driver: src/test/resources/webdrive..., driver: edge, ms:edgeChromium: true, ms:edgeOptions: {}, wait.for.timeout: 6000}
15:19:10.259 [AsyncHttpClient-1-17] DEBUG org.asynchttpclient.netty.channel.NettyConnectListener - Using new Channel '[id: 0x0746ba9a, L:/127.0.0.1:52427 - R:localhost/127.0.0.1:53043]' for 'POST' to '/session'
15:19:10.945 [AsyncHttpClient-1-17] DEBUG org.asynchttpclient.netty.handler.HttpHandler - 

Request DefaultHttpRequest(decodeResult: success, version: HTTP/1.1)
POST /session HTTP/1.1
User-Agent: selenium/4.1.2 (java windows)
Content-Length: 627
Content-Type: application/json; charset=utf-8
host: localhost:53043
accept: */*

Response DefaultHttpResponse(decodeResult: success, version: HTTP/1.1)
HTTP/1.1 200 OK
Content-Type: application/json; charset=utf-8
cache-control: no-cache
content-length: 823

15:19:10.946 [AsyncHttpClient-1-17] DEBUG org.asynchttpclient.netty.channel.ChannelManager - Adding key: http://localhost:53043 for channel [id: 0x0746ba9a, L:/127.0.0.1:52427 - R:localhost/127.0.0.1:53043]
15:19:10.952 [AsyncHttpClient-1-2] DEBUG org.asynchttpclient.netty.channel.NettyConnectListener - Using new Channel '[id: 0x4909bc0d, L:/127.0.0.1:52435 - R:localhost/127.0.0.1:52428]' for 'GET' to '/json/version'
15:19:10.954 [AsyncHttpClient-1-2] DEBUG org.asynchttpclient.netty.handler.HttpHandler - 

Request DefaultFullHttpRequest(decodeResult: success, version: HTTP/1.1, content: EmptyByteBufBE)
GET /json/version HTTP/1.1
User-Agent: selenium/4.1.2 (java windows)
host: localhost:52428
accept: */*

Response DefaultHttpResponse(decodeResult: success, version: HTTP/1.1)
HTTP/1.1 200 OK
Content-Security-Policy: frame-ancestors 'none'
Content-Type: application/json; charset=UTF-8
content-length: 436

15:19:10.955 [AsyncHttpClient-1-2] DEBUG org.asynchttpclient.netty.channel.ChannelManager - Adding key: http://localhost:52428 for channel [id: 0x4909bc0d, L:/127.0.0.1:52435 - R:localhost/127.0.0.1:52428]
15:19:10.957 [AsyncHttpClient-1-3] DEBUG org.asynchttpclient.netty.channel.NettyConnectListener - Using new Channel '[id: 0xf8a63a96, L:/127.0.0.1:52436 - R:localhost/127.0.0.1:52428]' for 'GET' to '/devtools/browser/657292f9-5604-46d5-9a7d-00ccb577ab53'
15:19:10.958 [AsyncHttpClient-1-3] DEBUG org.asynchttpclient.netty.handler.WebSocketHandler - 

Request DefaultFullHttpRequest(decodeResult: success, version: HTTP/1.1, content: EmptyByteBufBE)
GET /devtools/browser/657292f9-5604-46d5-9a7d-00ccb577ab53 HTTP/1.1
upgrade: websocket
connection: upgrade
sec-websocket-key: 9WXzVQnv+7DAWdkJ5NEc1g==
sec-websocket-version: 13
origin: http://localhost:52428
host: localhost:52428
accept: */*
user-agent: AHC/2.1

Response DefaultHttpResponse(decodeResult: success, version: HTTP/1.1)
HTTP/1.1 101 WebSocket Protocol Handshake
Upgrade: WebSocket
Connection: Upgrade
Sec-WebSocket-Accept: IDqUUCWUz+RrRcyxoPdMXtPkn24=

15:19:10.961 [Forwarding get on session 2d16bb9b948da656cfdb3e60d179cec0 to remote] DEBUG org.asynchttpclient.netty.request.NettyRequestSender - Using pooled Channel '[id: 0x0746ba9a, L:/127.0.0.1:52427 - R:localhost/127.0.0.1:53043]' for 'POST' to 'http://localhost:53043/session/2d16bb9b948da656cfdb3e60d179cec0/url'
15:19:10.962 [Forwarding get on session 2d16bb9b948da656cfdb3e60d179cec0 to remote] DEBUG org.asynchttpclient.netty.request.NettyRequestSender - Using open Channel [id: 0x0746ba9a, L:/127.0.0.1:52427 - R:localhost/127.0.0.1:53043] for POST '/session/2d16bb9b948da656cfdb3e60d179cec0/url'
15:19:11.712 [AsyncHttpClient-1-1] DEBUG org.asynchttpclient.netty.channel.DefaultChannelPool - Entry count for : http://localhost:52428 : 1
15:19:12.812 [AsyncHttpClient-1-1] DEBUG org.asynchttpclient.netty.channel.DefaultChannelPool - Entry count for : http://localhost:52428 : 1
15:19:13.910 [AsyncHttpClient-1-1] DEBUG org.asynchttpclient.netty.channel.DefaultChannelPool - Entry count for : http://localhost:52428 : 1
15:19:15.013 [AsyncHttpClient-1-1] DEBUG org.asynchttpclient.netty.channel.DefaultChannelPool - Entry count for : http://localhost:52428 : 1
15:19:16.109 [AsyncHttpClient-1-1] DEBUG org.asynchttpclient.netty.channel.DefaultChannelPool - Entry count for : http://localhost:52428 : 1
15:19:17.213 [AsyncHttpClient-1-1] DEBUG org.asynchttpclient.netty.channel.DefaultChannelPool - Entry count for : http://localhost:52428 : 1
15:19:18.306 [AsyncHttpClient-1-1] DEBUG org.asynchttpclient.netty.channel.DefaultChannelPool - Entry count for : http://localhost:52428 : 1
15:19:18.777 [AsyncHttpClient-1-17] DEBUG org.asynchttpclient.netty.handler.HttpHandler - 

Request DefaultHttpRequest(decodeResult: success, version: HTTP/1.1)
POST /session/2d16bb9b948da656cfdb3e60d179cec0/url HTTP/1.1
User-Agent: selenium/4.1.2 (java windows)
Content-Length: 53
Content-Type: application/json; charset=utf-8
host: localhost:53043
accept: */*

Response DefaultHttpResponse(decodeResult: success, version: HTTP/1.1)
HTTP/1.1 200 OK
Content-Type: application/json; charset=utf-8
cache-control: no-cache
content-length: 14

15:19:18.777 [AsyncHttpClient-1-17] DEBUG org.asynchttpclient.netty.channel.ChannelManager - Adding key: http://localhost:53043 for channel [id: 0x0746ba9a, L:/127.0.0.1:52427 - R:localhost/127.0.0.1:53043]
15:19:18.778 [Forwarding setTimeout on session 2d16bb9b948da656cfdb3e60d179cec0 to remote] DEBUG org.asynchttpclient.netty.request.NettyRequestSender - Using pooled Channel '[id: 0x0746ba9a, L:/127.0.0.1:52427 - R:localhost/127.0.0.1:53043]' for 'POST' to 'http://localhost:53043/session/2d16bb9b948da656cfdb3e60d179cec0/timeouts'
15:19:18.778 [Forwarding setTimeout on session 2d16bb9b948da656cfdb3e60d179cec0 to remote] DEBUG org.asynchttpclient.netty.request.NettyRequestSender - Using open Channel [id: 0x0746ba9a, L:/127.0.0.1:52427 - R:localhost/127.0.0.1:53043] for POST '/session/2d16bb9b948da656cfdb3e60d179cec0/timeouts'
15:19:18.779 [AsyncHttpClient-1-17] DEBUG org.asynchttpclient.netty.handler.HttpHandler - 

Request DefaultHttpRequest(decodeResult: success, version: HTTP/1.1)
POST /session/2d16bb9b948da656cfdb3e60d179cec0/timeouts HTTP/1.1
User-Agent: selenium/4.1.2 (java windows)
Content-Length: 22
Content-Type: application/json; charset=utf-8
host: localhost:53043
accept: */*

Response DefaultHttpResponse(decodeResult: success, version: HTTP/1.1)
HTTP/1.1 200 OK
Content-Type: application/json; charset=utf-8
cache-control: no-cache
content-length: 14

15:19:18.779 [AsyncHttpClient-1-17] DEBUG org.asynchttpclient.netty.channel.ChannelManager - Adding key: http://localhost:53043 for channel [id: 0x0746ba9a, L:/127.0.0.1:52427 - R:localhost/127.0.0.1:53043]
15:19:18.784 [Forwarding getCurrentUrl on session 2d16bb9b948da656cfdb3e60d179cec0 to remote] DEBUG org.asynchttpclient.netty.request.NettyRequestSender - Using pooled Channel '[id: 0x0746ba9a, L:/127.0.0.1:52427 - R:localhost/127.0.0.1:53043]' for 'GET' to 'http://localhost:53043/session/2d16bb9b948da656cfdb3e60d179cec0/url'
15:19:18.784 [Forwarding getCurrentUrl on session 2d16bb9b948da656cfdb3e60d179cec0 to remote] DEBUG org.asynchttpclient.netty.request.NettyRequestSender - Using open Channel [id: 0x0746ba9a, L:/127.0.0.1:52427 - R:localhost/127.0.0.1:53043] for GET '/session/2d16bb9b948da656cfdb3e60d179cec0/url'
15:19:18.791 [AsyncHttpClient-1-17] DEBUG org.asynchttpclient.netty.handler.HttpHandler - 

Request DefaultFullHttpRequest(decodeResult: success, version: HTTP/1.1, content: EmptyByteBufBE)
GET /session/2d16bb9b948da656cfdb3e60d179cec0/url HTTP/1.1
User-Agent: selenium/4.1.2 (java windows)
Cache-Control: no-cache
Content-Type: application/json; charset=utf-8
host: localhost:53043
accept: */*

Response DefaultHttpResponse(decodeResult: success, version: HTTP/1.1)
HTTP/1.1 200 OK
Content-Type: application/json; charset=utf-8
cache-control: no-cache
content-length: 41

15:19:18.791 [AsyncHttpClient-1-17] DEBUG org.asynchttpclient.netty.channel.ChannelManager - Adding key: http://localhost:53043 for channel [id: 0x0746ba9a, L:/127.0.0.1:52427 - R:localhost/127.0.0.1:53043]
  &amp#27;[32mGiven &amp#27;[0m&amp#27;[32mI am on the home page&amp#27;[0m     &amp#27;[90m# starter.stepdefinitions.BabyStep.iAmOnTheHomePage()&amp#27;[0m
15:19:18.798 [Forwarding screenshot on session 2d16bb9b948da656cfdb3e60d179cec0 to remote] DEBUG org.asynchttpclient.netty.request.NettyRequestSender - Using pooled Channel '[id: 0x0746ba9a, L:/127.0.0.1:52427 - R:localhost/127.0.0.1:53043]' for 'GET' to 'http://localhost:53043/session/2d16bb9b948da656cfdb3e60d179cec0/screenshot'
15:19:18.798 [Forwarding screenshot on session 2d16bb9b948da656cfdb3e60d179cec0 to remote] DEBUG org.asynchttpclient.netty.request.NettyRequestSender - Using open Channel [id: 0x0746ba9a, L:/127.0.0.1:52427 - R:localhost/127.0.0.1:53043] for GET '/session/2d16bb9b948da656cfdb3e60d179cec0/screenshot'
15:19:19.134 [AsyncHttpClient-1-17] DEBUG org.asynchttpclient.netty.handler.HttpHandler - 

Request DefaultFullHttpRequest(decodeResult: success, version: HTTP/1.1, content: EmptyByteBufBE)
GET /session/2d16bb9b948da656cfdb3e60d179cec0/screenshot HTTP/1.1
User-Agent: selenium/4.1.2 (java windows)
Cache-Control: no-cache
Content-Type: application/json; charset=utf-8
host: localhost:53043
accept: */*

Response DefaultHttpResponse(decodeResult: success, version: HTTP/1.1)
HTTP/1.1 200 OK
Content-Type: application/json; charset=utf-8
cache-control: no-cache
content-length: 1022316

15:19:19.137 [AsyncHttpClient-1-17] DEBUG org.asynchttpclient.netty.channel.ChannelManager - Adding key: http://localhost:53043 for channel [id: 0x0746ba9a, L:/127.0.0.1:52427 - R:localhost/127.0.0.1:53043]
15:19:19.172 [main] DEBUG net.serenitybdd.core.photography.Darkroom - Send negative for processing for target\site\serenity\b0ddf3608b8f51a6a3adc36e4acd901b7a2c5b7adc6fd42a924a7c7a6358c0ea.png
15:19:19.179 [Forwarding findElement on session 2d16bb9b948da656cfdb3e60d179cec0 to remote] DEBUG org.asynchttpclient.netty.request.NettyRequestSender - Using pooled Channel '[id: 0x0746ba9a, L:/127.0.0.1:52427 - R:localhost/127.0.0.1:53043]' for 'POST' to 'http://localhost:53043/session/2d16bb9b948da656cfdb3e60d179cec0/element'
15:19:19.179 [Forwarding findElement on session 2d16bb9b948da656cfdb3e60d179cec0 to remote] DEBUG org.asynchttpclient.netty.request.NettyRequestSender - Using open Channel [id: 0x0746ba9a, L:/127.0.0.1:52427 - R:localhost/127.0.0.1:53043] for POST '/session/2d16bb9b948da656cfdb3e60d179cec0/element'
15:19:19.205 [AsyncHttpClient-1-17] DEBUG org.asynchttpclient.netty.handler.HttpHandler - 

Request DefaultHttpRequest(decodeResult: success, version: HTTP/1.1)
POST /session/2d16bb9b948da656cfdb3e60d179cec0/element HTTP/1.1
User-Agent: selenium/4.1.2 (java windows)
Content-Length: 81
Content-Type: application/json; charset=utf-8
host: localhost:53043
accept: */*

Response DefaultHttpResponse(decodeResult: success, version: HTTP/1.1)
HTTP/1.1 200 OK
Content-Type: application/json; charset=utf-8
cache-control: no-cache
content-length: 88

15:19:19.205 [AsyncHttpClient-1-17] DEBUG org.asynchttpclient.netty.channel.ChannelManager - Adding key: http://localhost:53043 for channel [id: 0x0746ba9a, L:/127.0.0.1:52427 - R:localhost/127.0.0.1:53043]
15:19:19.208 [Forwarding getElementTagName on session 2d16bb9b948da656cfdb3e60d179cec0 to remote] DEBUG org.asynchttpclient.netty.request.NettyRequestSender - Using pooled Channel '[id: 0x0746ba9a, L:/127.0.0.1:52427 - R:localhost/127.0.0.1:53043]' for 'GET' to 'http://localhost:53043/session/2d16bb9b948da656cfdb3e60d179cec0/element/bdced324-2d7d-45d5-9033-81bb9fb70392/name'
15:19:19.208 [Forwarding getElementTagName on session 2d16bb9b948da656cfdb3e60d179cec0 to remote] DEBUG org.asynchttpclient.netty.request.NettyRequestSender - Using open Channel [id: 0x0746ba9a, L:/127.0.0.1:52427 - R:localhost/127.0.0.1:53043] for GET '/session/2d16bb9b948da656cfdb3e60d179cec0/element/bdced324-2d7d-45d5-9033-81bb9fb70392/name'
15:19:19.212 [AsyncHttpClient-1-17] DEBUG org.asynchttpclient.netty.handler.HttpHandler - 

Request DefaultFullHttpRequest(decodeResult: success, version: HTTP/1.1, content: EmptyByteBufBE)
GET /session/2d16bb9b948da656cfdb3e60d179cec0/element/bdced324-2d7d-45d5-9033-81bb9fb70392/name HTTP/1.1
User-Agent: selenium/4.1.2 (java windows)
Cache-Control: no-cache
Content-Type: application/json; charset=utf-8
host: localhost:53043
accept: */*

Response DefaultHttpResponse(decodeResult: success, version: HTTP/1.1)
HTTP/1.1 200 OK
Content-Type: application/json; charset=utf-8
cache-control: no-cache
content-length: 16

15:19:19.212 [AsyncHttpClient-1-17] DEBUG org.asynchttpclient.netty.channel.ChannelManager - Adding key: http://localhost:53043 for channel [id: 0x0746ba9a, L:/127.0.0.1:52427 - R:localhost/127.0.0.1:53043]
15:19:19.213 [Forwarding getElementTagName on session 2d16bb9b948da656cfdb3e60d179cec0 to remote] DEBUG org.asynchttpclient.netty.request.NettyRequestSender - Using pooled Channel '[id: 0x0746ba9a, L:/127.0.0.1:52427 - R:localhost/127.0.0.1:53043]' for 'GET' to 'http://localhost:53043/session/2d16bb9b948da656cfdb3e60d179cec0/element/bdced324-2d7d-45d5-9033-81bb9fb70392/name'
15:19:19.213 [Forwarding getElementTagName on session 2d16bb9b948da656cfdb3e60d179cec0 to remote] DEBUG org.asynchttpclient.netty.request.NettyRequestSender - Using open Channel [id: 0x0746ba9a, L:/127.0.0.1:52427 - R:localhost/127.0.0.1:53043] for GET '/session/2d16bb9b948da656cfdb3e60d179cec0/element/bdced324-2d7d-45d5-9033-81bb9fb70392/name'
15:19:19.222 [AsyncHttpClient-1-17] DEBUG org.asynchttpclient.netty.handler.HttpHandler - 

Request DefaultFullHttpRequest(decodeResult: success, version: HTTP/1.1, content: EmptyByteBufBE)
GET /session/2d16bb9b948da656cfdb3e60d179cec0/element/bdced324-2d7d-45d5-9033-81bb9fb70392/name HTTP/1.1
User-Agent: selenium/4.1.2 (java windows)
Cache-Control: no-cache
Content-Type: application/json; charset=utf-8
host: localhost:53043
accept: */*

Response DefaultHttpResponse(decodeResult: success, version: HTTP/1.1)
HTTP/1.1 200 OK
Content-Type: application/json; charset=utf-8
cache-control: no-cache
content-length: 16

15:19:19.223 [AsyncHttpClient-1-17] DEBUG org.asynchttpclient.netty.channel.ChannelManager - Adding key: http://localhost:53043 for channel [id: 0x0746ba9a, L:/127.0.0.1:52427 - R:localhost/127.0.0.1:53043]
15:19:19.224 [Forwarding findElement on session 2d16bb9b948da656cfdb3e60d179cec0 to remote] DEBUG org.asynchttpclient.netty.request.NettyRequestSender - Using pooled Channel '[id: 0x0746ba9a, L:/127.0.0.1:52427 - R:localhost/127.0.0.1:53043]' for 'POST' to 'http://localhost:53043/session/2d16bb9b948da656cfdb3e60d179cec0/element'
15:19:19.224 [Forwarding findElement on session 2d16bb9b948da656cfdb3e60d179cec0 to remote] DEBUG org.asynchttpclient.netty.request.NettyRequestSender - Using open Channel [id: 0x0746ba9a, L:/127.0.0.1:52427 - R:localhost/127.0.0.1:53043] for POST '/session/2d16bb9b948da656cfdb3e60d179cec0/element'
15:19:19.234 [AsyncHttpClient-1-17] DEBUG org.asynchttpclient.netty.handler.HttpHandler - 

Request DefaultHttpRequest(decodeResult: success, version: HTTP/1.1)
POST /session/2d16bb9b948da656cfdb3e60d179cec0/element HTTP/1.1
User-Agent: selenium/4.1.2 (java windows)
Content-Length: 81
Content-Type: application/json; charset=utf-8
host: localhost:53043
accept: */*

Response DefaultHttpResponse(decodeResult: success, version: HTTP/1.1)
HTTP/1.1 200 OK
Content-Type: application/json; charset=utf-8
cache-control: no-cache
content-length: 88

15:19:19.234 [AsyncHttpClient-1-17] DEBUG org.asynchttpclient.netty.channel.ChannelManager - Adding key: http://localhost:53043 for channel [id: 0x0746ba9a, L:/127.0.0.1:52427 - R:localhost/127.0.0.1:53043]
15:19:19.236 [Forwarding clickElement on session 2d16bb9b948da656cfdb3e60d179cec0 to remote] DEBUG org.asynchttpclient.netty.request.NettyRequestSender - Using pooled Channel '[id: 0x0746ba9a, L:/127.0.0.1:52427 - R:localhost/127.0.0.1:53043]' for 'POST' to 'http://localhost:53043/session/2d16bb9b948da656cfdb3e60d179cec0/element/bdced324-2d7d-45d5-9033-81bb9fb70392/click'
15:19:19.236 [Forwarding clickElement on session 2d16bb9b948da656cfdb3e60d179cec0 to remote] DEBUG org.asynchttpclient.netty.request.NettyRequestSender - Using open Channel [id: 0x0746ba9a, L:/127.0.0.1:52427 - R:localhost/127.0.0.1:53043] for POST '/session/2d16bb9b948da656cfdb3e60d179cec0/element/bdced324-2d7d-45d5-9033-81bb9fb70392/click'
15:19:19.406 [AsyncHttpClient-1-1] DEBUG org.asynchttpclient.netty.channel.DefaultChannelPool - Entry count for : http://localhost:52428 : 1
15:19:19.717 [AsyncHttpClient-1-17] DEBUG org.asynchttpclient.netty.handler.HttpHandler - 

Request DefaultHttpRequest(decodeResult: success, version: HTTP/1.1)
POST /session/2d16bb9b948da656cfdb3e60d179cec0/element/bdced324-2d7d-45d5-9033-81bb9fb70392/click HTTP/1.1
User-Agent: selenium/4.1.2 (java windows)
Content-Length: 50
Content-Type: application/json; charset=utf-8
host: localhost:53043
accept: */*

Response DefaultHttpResponse(decodeResult: success, version: HTTP/1.1)
HTTP/1.1 200 OK
Content-Type: application/json; charset=utf-8
cache-control: no-cache
content-length: 14

15:19:19.717 [AsyncHttpClient-1-17] DEBUG org.asynchttpclient.netty.channel.ChannelManager - Adding key: http://localhost:53043 for channel [id: 0x0746ba9a, L:/127.0.0.1:52427 - R:localhost/127.0.0.1:53043]
  &amp#27;[32mThen &amp#27;[0m&amp#27;[32mI click baby on the header&amp#27;[0m &amp#27;[90m# starter.stepdefinitions.BabyStep.iClickBabyOnTheHeader()&amp#27;[0m
15:19:19.728 [Forwarding screenshot on session 2d16bb9b948da656cfdb3e60d179cec0 to remote] DEBUG org.asynchttpclient.netty.request.NettyRequestSender - Using pooled Channel '[id: 0x0746ba9a, L:/127.0.0.1:52427 - R:localhost/127.0.0.1:53043]' for 'GET' to 'http://localhost:53043/session/2d16bb9b948da656cfdb3e60d179cec0/screenshot'
15:19:19.728 [Forwarding screenshot on session 2d16bb9b948da656cfdb3e60d179cec0 to remote] DEBUG org.asynchttpclient.netty.request.NettyRequestSender - Using open Channel [id: 0x0746ba9a, L:/127.0.0.1:52427 - R:localhost/127.0.0.1:53043] for GET '/session/2d16bb9b948da656cfdb3e60d179cec0/screenshot'
15:19:20.509 [AsyncHttpClient-1-1] DEBUG org.asynchttpclient.netty.channel.DefaultChannelPool - Entry count for : http://localhost:52428 : 1
15:19:20.596 [AsyncHttpClient-1-17] DEBUG org.asynchttpclient.netty.handler.HttpHandler - 

Request DefaultFullHttpRequest(decodeResult: success, version: HTTP/1.1, content: EmptyByteBufBE)
GET /session/2d16bb9b948da656cfdb3e60d179cec0/screenshot HTTP/1.1
User-Agent: selenium/4.1.2 (java windows)
Cache-Control: no-cache
Content-Type: application/json; charset=utf-8
host: localhost:53043
accept: */*

Response DefaultHttpResponse(decodeResult: success, version: HTTP/1.1)
HTTP/1.1 200 OK
Content-Type: application/json; charset=utf-8
cache-control: no-cache
content-length: 137772

15:19:20.596 [AsyncHttpClient-1-17] DEBUG org.asynchttpclient.netty.channel.ChannelManager - Adding key: http://localhost:53043 for channel [id: 0x0746ba9a, L:/127.0.0.1:52427 - R:localhost/127.0.0.1:53043]
15:19:20.602 [main] DEBUG net.serenitybdd.core.photography.Darkroom - Send negative for processing for target\site\serenity\5001c4b2606a4dc9666a0a0065a55b2334c2967295d30cefb6b24d39e26dfc6f.png
15:19:20.602 [Darkroom Processing Line] DEBUG net.serenitybdd.core.photography.DarkroomProcessingLine - Processing screenshot image in /var/screenshots/screenshot-17460774566018646073
15:19:20.602 [Darkroom Processing Line] DEBUG net.serenitybdd.core.photography.DarkroomProcessingLine - Saving screenshot to target\site\serenity\5001c4b2606a4dc9666a0a0065a55b2334c2967295d30cefb6b24d39e26dfc6f.png
15:19:20.612 [Forwarding findElement on session 2d16bb9b948da656cfdb3e60d179cec0 to remote] DEBUG org.asynchttpclient.netty.request.NettyRequestSender - Using pooled Channel '[id: 0x0746ba9a, L:/127.0.0.1:52427 - R:localhost/127.0.0.1:53043]' for 'POST' to 'http://localhost:53043/session/2d16bb9b948da656cfdb3e60d179cec0/element'
15:19:20.612 [Forwarding findElement on session 2d16bb9b948da656cfdb3e60d179cec0 to remote] DEBUG org.asynchttpclient.netty.request.NettyRequestSender - Using open Channel [id: 0x0746ba9a, L:/127.0.0.1:52427 - R:localhost/127.0.0.1:53043] for POST '/session/2d16bb9b948da656cfdb3e60d179cec0/element'
15:19:20.630 [AsyncHttpClient-1-17] DEBUG org.asynchttpclient.netty.handler.HttpHandler - 

Request DefaultHttpRequest(decodeResult: success, version: HTTP/1.1)
POST /session/2d16bb9b948da656cfdb3e60d179cec0/element HTTP/1.1
User-Agent: selenium/4.1.2 (java windows)
Content-Length: 106
Content-Type: application/json; charset=utf-8
host: localhost:53043
accept: */*

Response DefaultHttpResponse(decodeResult: success, version: HTTP/1.1)
HTTP/1.1 200 OK
Content-Type: application/json; charset=utf-8
cache-control: no-cache
content-length: 88

15:19:20.630 [AsyncHttpClient-1-17] DEBUG org.asynchttpclient.netty.channel.ChannelManager - Adding key: http://localhost:53043 for channel [id: 0x0746ba9a, L:/127.0.0.1:52427 - R:localhost/127.0.0.1:53043]
15:19:20.631 [Forwarding getElementTagName on session 2d16bb9b948da656cfdb3e60d179cec0 to remote] DEBUG org.asynchttpclient.netty.request.NettyRequestSender - Using pooled Channel '[id: 0x0746ba9a, L:/127.0.0.1:52427 - R:localhost/127.0.0.1:53043]' for 'GET' to 'http://localhost:53043/session/2d16bb9b948da656cfdb3e60d179cec0/element/1d1e4dca-9688-42aa-aa17-00c0d0bf4c41/name'
15:19:20.631 [Forwarding getElementTagName on session 2d16bb9b948da656cfdb3e60d179cec0 to remote] DEBUG org.asynchttpclient.netty.request.NettyRequestSender - Using open Channel [id: 0x0746ba9a, L:/127.0.0.1:52427 - R:localhost/127.0.0.1:53043] for GET '/session/2d16bb9b948da656cfdb3e60d179cec0/element/1d1e4dca-9688-42aa-aa17-00c0d0bf4c41/name'
15:19:20.634 [AsyncHttpClient-1-17] DEBUG org.asynchttpclient.netty.handler.HttpHandler - 

Request DefaultFullHttpRequest(decodeResult: success, version: HTTP/1.1, content: EmptyByteBufBE)
GET /session/2d16bb9b948da656cfdb3e60d179cec0/element/1d1e4dca-9688-42aa-aa17-00c0d0bf4c41/name HTTP/1.1
User-Agent: selenium/4.1.2 (java windows)
Cache-Control: no-cache
Content-Type: application/json; charset=utf-8
host: localhost:53043
accept: */*

Response DefaultHttpResponse(decodeResult: success, version: HTTP/1.1)
HTTP/1.1 200 OK
Content-Type: application/json; charset=utf-8
cache-control: no-cache
content-length: 16

15:19:20.634 [AsyncHttpClient-1-17] DEBUG org.asynchttpclient.netty.channel.ChannelManager - Adding key: http://localhost:53043 for channel [id: 0x0746ba9a, L:/127.0.0.1:52427 - R:localhost/127.0.0.1:53043]
15:19:20.635 [Forwarding getElementTagName on session 2d16bb9b948da656cfdb3e60d179cec0 to remote] DEBUG org.asynchttpclient.netty.request.NettyRequestSender - Using pooled Channel '[id: 0x0746ba9a, L:/127.0.0.1:52427 - R:localhost/127.0.0.1:53043]' for 'GET' to 'http://localhost:53043/session/2d16bb9b948da656cfdb3e60d179cec0/element/1d1e4dca-9688-42aa-aa17-00c0d0bf4c41/name'
15:19:20.635 [Forwarding getElementTagName on session 2d16bb9b948da656cfdb3e60d179cec0 to remote] DEBUG org.asynchttpclient.netty.request.NettyRequestSender - Using open Channel [id: 0x0746ba9a, L:/127.0.0.1:52427 - R:localhost/127.0.0.1:53043] for GET '/session/2d16bb9b948da656cfdb3e60d179cec0/element/1d1e4dca-9688-42aa-aa17-00c0d0bf4c41/name'
15:19:20.637 [AsyncHttpClient-1-17] DEBUG org.asynchttpclient.netty.handler.HttpHandler - 

Request DefaultFullHttpRequest(decodeResult: success, version: HTTP/1.1, content: EmptyByteBufBE)
GET /session/2d16bb9b948da656cfdb3e60d179cec0/element/1d1e4dca-9688-42aa-aa17-00c0d0bf4c41/name HTTP/1.1
User-Agent: selenium/4.1.2 (java windows)
Cache-Control: no-cache
Content-Type: application/json; charset=utf-8
host: localhost:53043
accept: */*

Response DefaultHttpResponse(decodeResult: success, version: HTTP/1.1)
HTTP/1.1 200 OK
Content-Type: application/json; charset=utf-8
cache-control: no-cache
content-length: 16

15:19:20.637 [AsyncHttpClient-1-17] DEBUG org.asynchttpclient.netty.channel.ChannelManager - Adding key: http://localhost:53043 for channel [id: 0x0746ba9a, L:/127.0.0.1:52427 - R:localhost/127.0.0.1:53043]
15:19:20.639 [Forwarding findElement on session 2d16bb9b948da656cfdb3e60d179cec0 to remote] DEBUG org.asynchttpclient.netty.request.NettyRequestSender - Using pooled Channel '[id: 0x0746ba9a, L:/127.0.0.1:52427 - R:localhost/127.0.0.1:53043]' for 'POST' to 'http://localhost:53043/session/2d16bb9b948da656cfdb3e60d179cec0/element'
15:19:20.639 [Forwarding findElement on session 2d16bb9b948da656cfdb3e60d179cec0 to remote] DEBUG org.asynchttpclient.netty.request.NettyRequestSender - Using open Channel [id: 0x0746ba9a, L:/127.0.0.1:52427 - R:localhost/127.0.0.1:53043] for POST '/session/2d16bb9b948da656cfdb3e60d179cec0/element'
15:19:20.658 [AsyncHttpClient-1-17] DEBUG org.asynchttpclient.netty.handler.HttpHandler - 

Request DefaultHttpRequest(decodeResult: success, version: HTTP/1.1)
POST /session/2d16bb9b948da656cfdb3e60d179cec0/element HTTP/1.1
User-Agent: selenium/4.1.2 (java windows)
Content-Length: 106
Content-Type: application/json; charset=utf-8
host: localhost:53043
accept: */*

Response DefaultHttpResponse(decodeResult: success, version: HTTP/1.1)
HTTP/1.1 200 OK
Content-Type: application/json; charset=utf-8
cache-control: no-cache
content-length: 88

15:19:20.659 [AsyncHttpClient-1-17] DEBUG org.asynchttpclient.netty.channel.ChannelManager - Adding key: http://localhost:53043 for channel [id: 0x0746ba9a, L:/127.0.0.1:52427 - R:localhost/127.0.0.1:53043]
15:19:20.659 [Forwarding clickElement on session 2d16bb9b948da656cfdb3e60d179cec0 to remote] DEBUG org.asynchttpclient.netty.request.NettyRequestSender - Using pooled Channel '[id: 0x0746ba9a, L:/127.0.0.1:52427 - R:localhost/127.0.0.1:53043]' for 'POST' to 'http://localhost:53043/session/2d16bb9b948da656cfdb3e60d179cec0/element/1d1e4dca-9688-42aa-aa17-00c0d0bf4c41/click'
15:19:20.659 [Forwarding clickElement on session 2d16bb9b948da656cfdb3e60d179cec0 to remote] DEBUG org.asynchttpclient.netty.request.NettyRequestSender - Using open Channel [id: 0x0746ba9a, L:/127.0.0.1:52427 - R:localhost/127.0.0.1:53043] for POST '/session/2d16bb9b948da656cfdb3e60d179cec0/element/1d1e4dca-9688-42aa-aa17-00c0d0bf4c41/click'
15:19:20.858 [AsyncHttpClient-1-17] DEBUG org.asynchttpclient.netty.handler.HttpHandler - 

Request DefaultHttpRequest(decodeResult: success, version: HTTP/1.1)
POST /session/2d16bb9b948da656cfdb3e60d179cec0/element/1d1e4dca-9688-42aa-aa17-00c0d0bf4c41/click HTTP/1.1
User-Agent: selenium/4.1.2 (java windows)
Content-Length: 50
Content-Type: application/json; charset=utf-8
host: localhost:53043
accept: */*

Response DefaultHttpResponse(decodeResult: success, version: HTTP/1.1)
HTTP/1.1 200 OK
Content-Type: application/json; charset=utf-8
cache-control: no-cache
content-length: 14

15:19:20.858 [AsyncHttpClient-1-17] DEBUG org.asynchttpclient.netty.channel.ChannelManager - Adding key: http://localhost:53043 for channel [id: 0x0746ba9a, L:/127.0.0.1:52427 - R:localhost/127.0.0.1:53043]
  &amp#27;[32mWhen &amp#27;[0m&amp#27;[32mI will go to &amp#27;[0m&amp#27;[32m&amp#27;[1m"heattech"&amp#27;[0m    &amp#27;[90m# starter.stepdefinitions.BabyStep.iWillGoTo(java.lang.String)&amp#27;[0m
15:19:20.864 [Forwarding screenshot on session 2d16bb9b948da656cfdb3e60d179cec0 to remote] DEBUG org.asynchttpclient.netty.request.NettyRequestSender - Using pooled Channel '[id: 0x0746ba9a, L:/127.0.0.1:52427 - R:localhost/127.0.0.1:53043]' for 'GET' to 'http://localhost:53043/session/2d16bb9b948da656cfdb3e60d179cec0/screenshot'
15:19:20.864 [Forwarding screenshot on session 2d16bb9b948da656cfdb3e60d179cec0 to remote] DEBUG org.asynchttpclient.netty.request.NettyRequestSender - Using open Channel [id: 0x0746ba9a, L:/127.0.0.1:52427 - R:localhost/127.0.0.1:53043] for GET '/session/2d16bb9b948da656cfdb3e60d179cec0/screenshot'
15:19:21.175 [AsyncHttpClient-1-17] DEBUG org.asynchttpclient.netty.handler.HttpHandler - 

Request DefaultFullHttpRequest(decodeResult: success, version: HTTP/1.1, content: EmptyByteBufBE)
GET /session/2d16bb9b948da656cfdb3e60d179cec0/screenshot HTTP/1.1
User-Agent: selenium/4.1.2 (java windows)
Cache-Control: no-cache
Content-Type: application/json; charset=utf-8
host: localhost:53043
accept: */*

Response DefaultHttpResponse(decodeResult: success, version: HTTP/1.1)
HTTP/1.1 200 OK
Content-Type: application/json; charset=utf-8
cache-control: no-cache
content-length: 89076

15:19:21.175 [AsyncHttpClient-1-17] DEBUG org.asynchttpclient.netty.channel.ChannelManager - Adding key: http://localhost:53043 for channel [id: 0x0746ba9a, L:/127.0.0.1:52427 - R:localhost/127.0.0.1:53043]
15:19:21.179 [main] DEBUG net.serenitybdd.core.photography.Darkroom - Send negative for processing for target\site\serenity\bfae587858954e92b75ad87685919077323cb74c39ae372490762aab846d9466.png
15:19:21.180 [Darkroom Processing Line] DEBUG net.serenitybdd.core.photography.DarkroomProcessingLine - Processing screenshot image in /var/screenshots/screenshot-2205435367693162726
15:19:21.180 [Darkroom Processing Line] DEBUG net.serenitybdd.core.photography.DarkroomProcessingLine - Saving screenshot to target\site\serenity\bfae587858954e92b75ad87685919077323cb74c39ae372490762aab846d9466.png
15:19:21.187 [Forwarding findElement on session 2d16bb9b948da656cfdb3e60d179cec0 to remote] DEBUG org.asynchttpclient.netty.request.NettyRequestSender - Using pooled Channel '[id: 0x0746ba9a, L:/127.0.0.1:52427 - R:localhost/127.0.0.1:53043]' for 'POST' to 'http://localhost:53043/session/2d16bb9b948da656cfdb3e60d179cec0/element'
15:19:21.187 [Forwarding findElement on session 2d16bb9b948da656cfdb3e60d179cec0 to remote] DEBUG org.asynchttpclient.netty.request.NettyRequestSender - Using open Channel [id: 0x0746ba9a, L:/127.0.0.1:52427 - R:localhost/127.0.0.1:53043] for POST '/session/2d16bb9b948da656cfdb3e60d179cec0/element'
15:19:21.300 [AsyncHttpClient-1-17] DEBUG org.asynchttpclient.netty.handler.HttpHandler - 

Request DefaultHttpRequest(decodeResult: success, version: HTTP/1.1)
POST /session/2d16bb9b948da656cfdb3e60d179cec0/element HTTP/1.1
User-Agent: selenium/4.1.2 (java windows)
Content-Length: 91
Content-Type: application/json; charset=utf-8
host: localhost:53043
accept: */*

Response DefaultHttpResponse(decodeResult: success, version: HTTP/1.1)
HTTP/1.1 200 OK
Content-Type: application/json; charset=utf-8
cache-control: no-cache
content-length: 88

15:19:21.300 [AsyncHttpClient-1-17] DEBUG org.asynchttpclient.netty.channel.ChannelManager - Adding key: http://localhost:53043 for channel [id: 0x0746ba9a, L:/127.0.0.1:52427 - R:localhost/127.0.0.1:53043]
15:19:21.302 [Forwarding isElementDisplayed on session 2d16bb9b948da656cfdb3e60d179cec0 to remote] DEBUG org.asynchttpclient.netty.request.NettyRequestSender - Using pooled Channel '[id: 0x0746ba9a, L:/127.0.0.1:52427 - R:localhost/127.0.0.1:53043]' for 'POST' to 'http://localhost:53043/session/2d16bb9b948da656cfdb3e60d179cec0/execute/sync'
15:19:21.302 [Forwarding isElementDisplayed on session 2d16bb9b948da656cfdb3e60d179cec0 to remote] DEBUG org.asynchttpclient.netty.request.NettyRequestSender - Using open Channel [id: 0x0746ba9a, L:/127.0.0.1:52427 - R:localhost/127.0.0.1:53043] for POST '/session/2d16bb9b948da656cfdb3e60d179cec0/execute/sync'
15:19:21.325 [AsyncHttpClient-1-17] DEBUG org.asynchttpclient.netty.handler.HttpHandler - 

Request DefaultHttpRequest(decodeResult: success, version: HTTP/1.1)
POST /session/2d16bb9b948da656cfdb3e60d179cec0/execute/sync HTTP/1.1
User-Agent: selenium/4.1.2 (java windows)
Content-Length: 48780
Content-Type: application/json; charset=utf-8
host: localhost:53043
accept: */*

Response DefaultHttpResponse(decodeResult: success, version: HTTP/1.1)
HTTP/1.1 200 OK
Content-Type: application/json; charset=utf-8
cache-control: no-cache
content-length: 14

15:19:21.326 [AsyncHttpClient-1-17] DEBUG org.asynchttpclient.netty.channel.ChannelManager - Adding key: http://localhost:53043 for channel [id: 0x0746ba9a, L:/127.0.0.1:52427 - R:localhost/127.0.0.1:53043]
  &amp#27;[32mAnd &amp#27;[0m&amp#27;[32mI &amp#27;[0m&amp#27;[32m&amp#27;[1m"txtHeattech"&amp#27;[0m&amp#27;[32m page&amp#27;[0m        &amp#27;[90m# starter.stepdefinitions.BabyStep.iPage(java.lang.String)&amp#27;[0m
15:19:21.329 [Forwarding screenshot on session 2d16bb9b948da656cfdb3e60d179cec0 to remote] DEBUG org.asynchttpclient.netty.request.NettyRequestSender - Using pooled Channel '[id: 0x0746ba9a, L:/127.0.0.1:52427 - R:localhost/127.0.0.1:53043]' for 'GET' to 'http://localhost:53043/session/2d16bb9b948da656cfdb3e60d179cec0/screenshot'
15:19:21.329 [Forwarding screenshot on session 2d16bb9b948da656cfdb3e60d179cec0 to remote] DEBUG org.asynchttpclient.netty.request.NettyRequestSender - Using open Channel [id: 0x0746ba9a, L:/127.0.0.1:52427 - R:localhost/127.0.0.1:53043] for GET '/session/2d16bb9b948da656cfdb3e60d179cec0/screenshot'
15:19:21.489 [AsyncHttpClient-1-17] DEBUG org.asynchttpclient.netty.handler.HttpHandler - 

Request DefaultFullHttpRequest(decodeResult: success, version: HTTP/1.1, content: EmptyByteBufBE)
GET /session/2d16bb9b948da656cfdb3e60d179cec0/screenshot HTTP/1.1
User-Agent: selenium/4.1.2 (java windows)
Cache-Control: no-cache
Content-Type: application/json; charset=utf-8
host: localhost:53043
accept: */*

Response DefaultHttpResponse(decodeResult: success, version: HTTP/1.1)
HTTP/1.1 200 OK
Content-Type: application/json; charset=utf-8
cache-control: no-cache
content-length: 56264

15:19:21.489 [AsyncHttpClient-1-17] DEBUG org.asynchttpclient.netty.channel.ChannelManager - Adding key: http://localhost:53043 for channel [id: 0x0746ba9a, L:/127.0.0.1:52427 - R:localhost/127.0.0.1:53043]
15:19:21.491 [main] DEBUG net.serenitybdd.core.photography.Darkroom - Send negative for processing for target\site\serenity\b434ab405b9f432103dadf885e57e3355d50ea847770726735a33026a187e9b9.png
15:19:21.491 [Darkroom Processing Line] DEBUG net.serenitybdd.core.photography.DarkroomProcessingLine - Processing screenshot image in /var/screenshots/screenshot-2999379390847833639
15:19:21.491 [Darkroom Processing Line] DEBUG net.serenitybdd.core.photography.DarkroomProcessingLine - Saving screenshot to target\site\serenity\b434ab405b9f432103dadf885e57e3355d50ea847770726735a33026a187e9b9.png
15:19:21.495 [AsyncHttpClient-1-3] DEBUG org.asynchttpclient.netty.handler.WebSocketHandler - Channel Closed: [id: 0xf8a63a96, L:/127.0.0.1:52436 ! R:localhost/127.0.0.1:52428] with attribute NettyResponseFuture{currentRetry=5,
	isDone=1,
	isCancelled=0,
	asyncHandler=org.asynchttpclient.ws.WebSocketUpgradeHandler@2794e61d,
	nettyRequest=org.asynchttpclient.netty.request.NettyRequest@4f428ae0,
	future=java.util.concurrent.CompletableFuture@7491bda[Completed normally],
	uri=ws://localhost:52428/devtools/browser/657292f9-5604-46d5-9a7d-00ccb577ab53,
	keepAlive=true,
	redirectCount=0,
	timeoutsHolder=null,
	inAuth=0,
	touch=1680855550958}
15:19:21.495 [AsyncHttpClient-1-3] DEBUG org.asynchttpclient.netty.channel.ChannelManager - Closing Channel [id: 0xf8a63a96, L:/127.0.0.1:52436 ! R:localhost/127.0.0.1:52428] 
15:19:21.495 [Driver Command Executor] DEBUG org.asynchttpclient.netty.request.NettyRequestSender - Using pooled Channel '[id: 0x0746ba9a, L:/127.0.0.1:52427 - R:localhost/127.0.0.1:53043]' for 'DELETE' to 'http://localhost:53043/session/2d16bb9b948da656cfdb3e60d179cec0'
15:19:21.495 [Driver Command Executor] DEBUG org.asynchttpclient.netty.request.NettyRequestSender - Using open Channel [id: 0x0746ba9a, L:/127.0.0.1:52427 - R:localhost/127.0.0.1:53043] for DELETE '/session/2d16bb9b948da656cfdb3e60d179cec0'
15:19:21.535 [AsyncHttpClient-1-2] DEBUG org.asynchttpclient.netty.handler.HttpHandler - Unexpected I/O exception on channel [id: 0x4909bc0d, L:/127.0.0.1:52435 - R:localhost/127.0.0.1:52428]
java.net.SocketException: Connection reset
	at java.base/sun.nio.ch.SocketChannelImpl.throwConnectionReset(SocketChannelImpl.java:345)
	at java.base/sun.nio.ch.SocketChannelImpl.read(SocketChannelImpl.java:376)
	at io.netty.buffer.PooledByteBuf.setBytes(PooledByteBuf.java:258)
	at io.netty.buffer.AbstractByteBuf.writeBytes(AbstractByteBuf.java:1132)
	at io.netty.channel.socket.nio.NioSocketChannel.doReadBytes(NioSocketChannel.java:350)
	at io.netty.channel.nio.AbstractNioByteChannel$NioByteUnsafe.read(AbstractNioByteChannel.java:151)
	at io.netty.channel.nio.NioEventLoop.processSelectedKey(NioEventLoop.java:722)
	at io.netty.channel.nio.NioEventLoop.processSelectedKeysOptimized(NioEventLoop.java:658)
	at io.netty.channel.nio.NioEventLoop.processSelectedKeys(NioEventLoop.java:584)
	at io.netty.channel.nio.NioEventLoop.run(NioEventLoop.java:496)
	at io.netty.util.concurrent.SingleThreadEventExecutor$4.run(SingleThreadEventExecutor.java:986)
	at io.netty.util.internal.ThreadExecutorMap$2.run(ThreadExecutorMap.java:74)
	at io.netty.util.concurrent.FastThreadLocalRunnable.run(FastThreadLocalRunnable.java:30)
	at java.base/java.lang.Thread.run(Thread.java:830)
15:19:21.535 [AsyncHttpClient-1-2] DEBUG org.asynchttpclient.netty.channel.ChannelManager - Closing Channel [id: 0x4909bc0d, L:/127.0.0.1:52435 - R:localhost/127.0.0.1:52428] 
15:19:21.535 [AsyncHttpClient-1-2] DEBUG org.asynchttpclient.netty.handler.HttpHandler - Channel Closed: [id: 0x4909bc0d, L:/127.0.0.1:52435 ! R:localhost/127.0.0.1:52428] with attribute DISCARD
15:19:21.583 [AsyncHttpClient-1-17] DEBUG org.asynchttpclient.netty.handler.HttpHandler - 

Request DefaultFullHttpRequest(decodeResult: success, version: HTTP/1.1, content: EmptyByteBufBE)
DELETE /session/2d16bb9b948da656cfdb3e60d179cec0 HTTP/1.1
User-Agent: selenium/4.1.2 (java windows)
Content-Type: application/json; charset=utf-8
host: localhost:53043
accept: */*

Response DefaultHttpResponse(decodeResult: success, version: HTTP/1.1)
HTTP/1.1 200 OK
Content-Type: application/json; charset=utf-8
cache-control: no-cache
content-length: 14

15:19:21.583 [AsyncHttpClient-1-17] DEBUG org.asynchttpclient.netty.channel.ChannelManager - Adding key: http://localhost:53043 for channel [id: 0x0746ba9a, L:/127.0.0.1:52427 - R:localhost/127.0.0.1:53043]
15:19:21.611 [AsyncHttpClient-1-1] DEBUG org.asynchttpclient.netty.channel.DefaultChannelPool - Entry count for : http://localhost:53043 : 1
15:19:21.611 [AsyncHttpClient-1-1] DEBUG org.asynchttpclient.netty.channel.DefaultChannelPool - Entry count for : http://localhost:52428 : 1
15:19:21.611 [AsyncHttpClient-1-1] DEBUG org.asynchttpclient.netty.channel.DefaultChannelPool - Adding Candidate expired Channel [id: 0x4909bc0d, L:/127.0.0.1:52435 ! R:localhost/127.0.0.1:52428] isIdleTimeoutExpired=false isRemotelyClosed=true isTtlExpired=false
15:19:21.611 [AsyncHttpClient-1-1] DEBUG org.asynchttpclient.netty.channel.DefaultChannelPool - Closing Idle Channel [id: 0x4909bc0d, L:/127.0.0.1:52435 ! R:localhost/127.0.0.1:52428]
15:19:21.611 [AsyncHttpClient-1-1] DEBUG org.asynchttpclient.netty.channel.DefaultChannelPool - Closed 1 connections out of 2 in 0 ms
15:19:21.736 [AsyncHttpClient-1-17] DEBUG org.asynchttpclient.netty.handler.HttpHandler - Channel Closed: [id: 0x0746ba9a, L:/127.0.0.1:52427 ! R:localhost/127.0.0.1:53043] with attribute DISCARD
]]></system-out>
    <system-err><![CDATA[Starting Microsoft Edge WebDriver 111.0.1661.62 (0a8f453929e6410c973aa529a40485ce4e3e03db) on port 53043
To submit feedback, report a bug, or suggest new features, please visit https://github.com/MicrosoftEdge/EdgeWebDriver

Only local connections are allowed.
Please see https://aka.ms/WebDriverSecurity for suggestions on keeping Microsoft Edge WebDriver safe.

Microsoft Edge WebDriver was started successfully.
Apr 07, 2023 3:19:10 PM org.openqa.selenium.remote.ProtocolHandshake createSession
INFO: Detected dialect: W3C
Apr 07, 2023 3:19:10 PM org.openqa.selenium.devtools.CdpVersionFinder findNearestMatch
WARNING: Unable to find an exact match for CDP version 111, so returning the closest version found: a no-op implementation
Apr 07, 2023 3:19:10 PM org.openqa.selenium.devtools.CdpVersionFinder findNearestMatch
INFO: Unable to find CDP implementation matching 111.
Apr 07, 2023 3:19:10 PM org.openqa.selenium.chromium.ChromiumDriver lambda$new$3
WARNING: Unable to find version of CDP to use for . You may need to include a dependency on a specific version of the CDP using something similar to `org.seleniumhq.selenium:selenium-devtools-v86:4.1.2` where the version ("v86") matches the version of the chromium-based browser you're using and the version number of the artifact is the same as Selenium's.
]]></system-err>
  </testcase>
  <testcase name="Fitur Menu Baby #23" classname="Baby" time="15.162">
    <system-out><![CDATA[
Scenario Outline: Fitur Menu Baby &amp#27;[90m# src/test/resources/features/Baby.feature:115&amp#27;[0m
15:19:22.320 [main] INFO io.cucumber.core.plugin.SerenityReporter - Running feature from file:///C:/Users/alwi/IdeaProjects/uniqloweb/src/test/resources/features/Baby.feature
15:19:22.436 [main] DEBUG io.github.bonigarcia.wdm.cache.ResolutionCache - Resolution edge=111 in cache (valid until 16:02:35 07/04/2023 WIB)
15:19:22.439 [main] DEBUG io.github.bonigarcia.wdm.cache.ResolutionCache - Resolution edge111=111.0.1661.62 in cache (valid until 15:02:35 08/04/2023 WIB)
15:19:22.441 [main] INFO io.github.bonigarcia.wdm.WebDriverManager - Using msedgedriver 111.0.1661.62 (resolved driver for Edge 111)
15:19:22.456 [main] DEBUG io.github.bonigarcia.wdm.WebDriverManager - Driver msedgedriver 111.0.1661.62 found in cache
15:19:22.457 [main] INFO io.github.bonigarcia.wdm.WebDriverManager - Exporting webdriver.edge.driver as C:\Users\alwi\.cache\selenium\msedgedriver\win64\111.0.1661.62\msedgedriver.exe
15:19:22.458 [main] DEBUG net.serenitybdd.core.webdriver.driverproviders.ProvideNewDriver - Instantiating driver
15:19:22.458 [main] DEBUG net.serenitybdd.core.webdriver.driverproviders.ProvideNewDriver - Driver capabilities: Capabilities {base.url: https://www.uniqlo.com, chrome.driver: src/test/resources/webdrive..., driver: edge, ms:edgeChromium: true, ms:edgeOptions: {}, wait.for.timeout: 6000}
15:19:22.710 [AsyncHttpClient-1-1] DEBUG org.asynchttpclient.netty.channel.DefaultChannelPool - Entry count for : http://localhost:53043 : 1
15:19:22.710 [AsyncHttpClient-1-1] DEBUG org.asynchttpclient.netty.channel.DefaultChannelPool - Adding Candidate expired Channel [id: 0x0746ba9a, L:/127.0.0.1:52427 ! R:localhost/127.0.0.1:53043] isIdleTimeoutExpired=false isRemotelyClosed=true isTtlExpired=false
15:19:22.710 [AsyncHttpClient-1-1] DEBUG org.asynchttpclient.netty.channel.DefaultChannelPool - Closing Idle Channel [id: 0x0746ba9a, L:/127.0.0.1:52427 ! R:localhost/127.0.0.1:53043]
15:19:22.710 [AsyncHttpClient-1-1] DEBUG org.asynchttpclient.netty.channel.DefaultChannelPool - Closed 1 connections out of 1 in 0 ms
15:19:23.000 [AsyncHttpClient-1-4] DEBUG org.asynchttpclient.netty.channel.NettyConnectListener - Using new Channel '[id: 0xd6702f21, L:/127.0.0.1:52572 - R:localhost/127.0.0.1:52142]' for 'POST' to '/session'
15:19:23.624 [AsyncHttpClient-1-4] DEBUG org.asynchttpclient.netty.handler.HttpHandler - 

Request DefaultHttpRequest(decodeResult: success, version: HTTP/1.1)
POST /session HTTP/1.1
User-Agent: selenium/4.1.2 (java windows)
Content-Length: 627
Content-Type: application/json; charset=utf-8
host: localhost:52142
accept: */*

Response DefaultHttpResponse(decodeResult: success, version: HTTP/1.1)
HTTP/1.1 200 OK
Content-Type: application/json; charset=utf-8
cache-control: no-cache
content-length: 824

15:19:23.624 [AsyncHttpClient-1-4] DEBUG org.asynchttpclient.netty.channel.ChannelManager - Adding key: http://localhost:52142 for channel [id: 0xd6702f21, L:/127.0.0.1:52572 - R:localhost/127.0.0.1:52142]
15:19:23.631 [AsyncHttpClient-1-5] DEBUG org.asynchttpclient.netty.channel.NettyConnectListener - Using new Channel '[id: 0x9dd46fa0, L:/127.0.0.1:52579 - R:localhost/127.0.0.1:52573]' for 'GET' to '/json/version'
15:19:23.632 [AsyncHttpClient-1-5] DEBUG org.asynchttpclient.netty.handler.HttpHandler - 

Request DefaultFullHttpRequest(decodeResult: success, version: HTTP/1.1, content: EmptyByteBufBE)
GET /json/version HTTP/1.1
User-Agent: selenium/4.1.2 (java windows)
host: localhost:52573
accept: */*

Response DefaultHttpResponse(decodeResult: success, version: HTTP/1.1)
HTTP/1.1 200 OK
Content-Security-Policy: frame-ancestors 'none'
Content-Type: application/json; charset=UTF-8
content-length: 436

15:19:23.632 [AsyncHttpClient-1-5] DEBUG org.asynchttpclient.netty.channel.ChannelManager - Adding key: http://localhost:52573 for channel [id: 0x9dd46fa0, L:/127.0.0.1:52579 - R:localhost/127.0.0.1:52573]
15:19:23.634 [AsyncHttpClient-1-6] DEBUG org.asynchttpclient.netty.channel.NettyConnectListener - Using new Channel '[id: 0xeb4b19cc, L:/127.0.0.1:52580 - R:localhost/127.0.0.1:52573]' for 'GET' to '/devtools/browser/b0c575fd-b9f6-41c0-a83d-c27fff9b80cc'
15:19:23.634 [AsyncHttpClient-1-6] DEBUG org.asynchttpclient.netty.handler.WebSocketHandler - 

Request DefaultFullHttpRequest(decodeResult: success, version: HTTP/1.1, content: EmptyByteBufBE)
GET /devtools/browser/b0c575fd-b9f6-41c0-a83d-c27fff9b80cc HTTP/1.1
upgrade: websocket
connection: upgrade
sec-websocket-key: V0mStte1TXu5uUOcawszwA==
sec-websocket-version: 13
origin: http://localhost:52573
host: localhost:52573
accept: */*
user-agent: AHC/2.1

Response DefaultHttpResponse(decodeResult: success, version: HTTP/1.1)
HTTP/1.1 101 WebSocket Protocol Handshake
Upgrade: WebSocket
Connection: Upgrade
Sec-WebSocket-Accept: UXZVpXT6rsNnQraH7hsGfazsQxU=

15:19:23.637 [Forwarding get on session 3ef860175c424c4cb5284d1391366219 to remote] DEBUG org.asynchttpclient.netty.request.NettyRequestSender - Using pooled Channel '[id: 0xd6702f21, L:/127.0.0.1:52572 - R:localhost/127.0.0.1:52142]' for 'POST' to 'http://localhost:52142/session/3ef860175c424c4cb5284d1391366219/url'
15:19:23.637 [Forwarding get on session 3ef860175c424c4cb5284d1391366219 to remote] DEBUG org.asynchttpclient.netty.request.NettyRequestSender - Using open Channel [id: 0xd6702f21, L:/127.0.0.1:52572 - R:localhost/127.0.0.1:52142] for POST '/session/3ef860175c424c4cb5284d1391366219/url'
15:19:23.808 [AsyncHttpClient-1-1] DEBUG org.asynchttpclient.netty.channel.DefaultChannelPool - Entry count for : http://localhost:52573 : 1
15:19:24.908 [AsyncHttpClient-1-1] DEBUG org.asynchttpclient.netty.channel.DefaultChannelPool - Entry count for : http://localhost:52573 : 1
15:19:26.012 [AsyncHttpClient-1-1] DEBUG org.asynchttpclient.netty.channel.DefaultChannelPool - Entry count for : http://localhost:52573 : 1
15:19:27.106 [AsyncHttpClient-1-1] DEBUG org.asynchttpclient.netty.channel.DefaultChannelPool - Entry count for : http://localhost:52573 : 1
15:19:28.206 [AsyncHttpClient-1-1] DEBUG org.asynchttpclient.netty.channel.DefaultChannelPool - Entry count for : http://localhost:52573 : 1
15:19:29.313 [AsyncHttpClient-1-1] DEBUG org.asynchttpclient.netty.channel.DefaultChannelPool - Entry count for : http://localhost:52573 : 1
15:19:30.415 [AsyncHttpClient-1-1] DEBUG org.asynchttpclient.netty.channel.DefaultChannelPool - Entry count for : http://localhost:52573 : 1
15:19:31.508 [AsyncHttpClient-1-1] DEBUG org.asynchttpclient.netty.channel.DefaultChannelPool - Entry count for : http://localhost:52573 : 1
15:19:32.606 [AsyncHttpClient-1-1] DEBUG org.asynchttpclient.netty.channel.DefaultChannelPool - Entry count for : http://localhost:52573 : 1
15:19:33.240 [AsyncHttpClient-1-4] DEBUG org.asynchttpclient.netty.handler.HttpHandler - 

Request DefaultHttpRequest(decodeResult: success, version: HTTP/1.1)
POST /session/3ef860175c424c4cb5284d1391366219/url HTTP/1.1
User-Agent: selenium/4.1.2 (java windows)
Content-Length: 53
Content-Type: application/json; charset=utf-8
host: localhost:52142
accept: */*

Response DefaultHttpResponse(decodeResult: success, version: HTTP/1.1)
HTTP/1.1 200 OK
Content-Type: application/json; charset=utf-8
cache-control: no-cache
content-length: 14

15:19:33.240 [AsyncHttpClient-1-4] DEBUG org.asynchttpclient.netty.channel.ChannelManager - Adding key: http://localhost:52142 for channel [id: 0xd6702f21, L:/127.0.0.1:52572 - R:localhost/127.0.0.1:52142]
15:19:33.241 [Forwarding setTimeout on session 3ef860175c424c4cb5284d1391366219 to remote] DEBUG org.asynchttpclient.netty.request.NettyRequestSender - Using pooled Channel '[id: 0xd6702f21, L:/127.0.0.1:52572 - R:localhost/127.0.0.1:52142]' for 'POST' to 'http://localhost:52142/session/3ef860175c424c4cb5284d1391366219/timeouts'
15:19:33.241 [Forwarding setTimeout on session 3ef860175c424c4cb5284d1391366219 to remote] DEBUG org.asynchttpclient.netty.request.NettyRequestSender - Using open Channel [id: 0xd6702f21, L:/127.0.0.1:52572 - R:localhost/127.0.0.1:52142] for POST '/session/3ef860175c424c4cb5284d1391366219/timeouts'
15:19:33.241 [AsyncHttpClient-1-4] DEBUG org.asynchttpclient.netty.handler.HttpHandler - 

Request DefaultHttpRequest(decodeResult: success, version: HTTP/1.1)
POST /session/3ef860175c424c4cb5284d1391366219/timeouts HTTP/1.1
User-Agent: selenium/4.1.2 (java windows)
Content-Length: 22
Content-Type: application/json; charset=utf-8
host: localhost:52142
accept: */*

Response DefaultHttpResponse(decodeResult: success, version: HTTP/1.1)
HTTP/1.1 200 OK
Content-Type: application/json; charset=utf-8
cache-control: no-cache
content-length: 14

15:19:33.241 [AsyncHttpClient-1-4] DEBUG org.asynchttpclient.netty.channel.ChannelManager - Adding key: http://localhost:52142 for channel [id: 0xd6702f21, L:/127.0.0.1:52572 - R:localhost/127.0.0.1:52142]
15:19:33.243 [Forwarding getCurrentUrl on session 3ef860175c424c4cb5284d1391366219 to remote] DEBUG org.asynchttpclient.netty.request.NettyRequestSender - Using pooled Channel '[id: 0xd6702f21, L:/127.0.0.1:52572 - R:localhost/127.0.0.1:52142]' for 'GET' to 'http://localhost:52142/session/3ef860175c424c4cb5284d1391366219/url'
15:19:33.243 [Forwarding getCurrentUrl on session 3ef860175c424c4cb5284d1391366219 to remote] DEBUG org.asynchttpclient.netty.request.NettyRequestSender - Using open Channel [id: 0xd6702f21, L:/127.0.0.1:52572 - R:localhost/127.0.0.1:52142] for GET '/session/3ef860175c424c4cb5284d1391366219/url'
15:19:33.264 [AsyncHttpClient-1-4] DEBUG org.asynchttpclient.netty.handler.HttpHandler - 

Request DefaultFullHttpRequest(decodeResult: success, version: HTTP/1.1, content: EmptyByteBufBE)
GET /session/3ef860175c424c4cb5284d1391366219/url HTTP/1.1
User-Agent: selenium/4.1.2 (java windows)
Cache-Control: no-cache
Content-Type: application/json; charset=utf-8
host: localhost:52142
accept: */*

Response DefaultHttpResponse(decodeResult: success, version: HTTP/1.1)
HTTP/1.1 200 OK
Content-Type: application/json; charset=utf-8
cache-control: no-cache
content-length: 41

15:19:33.264 [AsyncHttpClient-1-4] DEBUG org.asynchttpclient.netty.channel.ChannelManager - Adding key: http://localhost:52142 for channel [id: 0xd6702f21, L:/127.0.0.1:52572 - R:localhost/127.0.0.1:52142]
  &amp#27;[32mGiven &amp#27;[0m&amp#27;[32mI am on the home page&amp#27;[0m     &amp#27;[90m# starter.stepdefinitions.BabyStep.iAmOnTheHomePage()&amp#27;[0m
15:19:33.270 [Forwarding screenshot on session 3ef860175c424c4cb5284d1391366219 to remote] DEBUG org.asynchttpclient.netty.request.NettyRequestSender - Using pooled Channel '[id: 0xd6702f21, L:/127.0.0.1:52572 - R:localhost/127.0.0.1:52142]' for 'GET' to 'http://localhost:52142/session/3ef860175c424c4cb5284d1391366219/screenshot'
15:19:33.270 [Forwarding screenshot on session 3ef860175c424c4cb5284d1391366219 to remote] DEBUG org.asynchttpclient.netty.request.NettyRequestSender - Using open Channel [id: 0xd6702f21, L:/127.0.0.1:52572 - R:localhost/127.0.0.1:52142] for GET '/session/3ef860175c424c4cb5284d1391366219/screenshot'
15:19:33.602 [AsyncHttpClient-1-4] DEBUG org.asynchttpclient.netty.handler.HttpHandler - 

Request DefaultFullHttpRequest(decodeResult: success, version: HTTP/1.1, content: EmptyByteBufBE)
GET /session/3ef860175c424c4cb5284d1391366219/screenshot HTTP/1.1
User-Agent: selenium/4.1.2 (java windows)
Cache-Control: no-cache
Content-Type: application/json; charset=utf-8
host: localhost:52142
accept: */*

Response DefaultHttpResponse(decodeResult: success, version: HTTP/1.1)
HTTP/1.1 200 OK
Content-Type: application/json; charset=utf-8
cache-control: no-cache
content-length: 1022316

15:19:33.604 [AsyncHttpClient-1-4] DEBUG org.asynchttpclient.netty.channel.ChannelManager - Adding key: http://localhost:52142 for channel [id: 0xd6702f21, L:/127.0.0.1:52572 - R:localhost/127.0.0.1:52142]
15:19:33.637 [main] DEBUG net.serenitybdd.core.photography.Darkroom - Send negative for processing for target\site\serenity\b0ddf3608b8f51a6a3adc36e4acd901b7a2c5b7adc6fd42a924a7c7a6358c0ea.png
15:19:33.648 [Forwarding findElement on session 3ef860175c424c4cb5284d1391366219 to remote] DEBUG org.asynchttpclient.netty.request.NettyRequestSender - Using pooled Channel '[id: 0xd6702f21, L:/127.0.0.1:52572 - R:localhost/127.0.0.1:52142]' for 'POST' to 'http://localhost:52142/session/3ef860175c424c4cb5284d1391366219/element'
15:19:33.648 [Forwarding findElement on session 3ef860175c424c4cb5284d1391366219 to remote] DEBUG org.asynchttpclient.netty.request.NettyRequestSender - Using open Channel [id: 0xd6702f21, L:/127.0.0.1:52572 - R:localhost/127.0.0.1:52142] for POST '/session/3ef860175c424c4cb5284d1391366219/element'
15:19:33.660 [AsyncHttpClient-1-4] DEBUG org.asynchttpclient.netty.handler.HttpHandler - 

Request DefaultHttpRequest(decodeResult: success, version: HTTP/1.1)
POST /session/3ef860175c424c4cb5284d1391366219/element HTTP/1.1
User-Agent: selenium/4.1.2 (java windows)
Content-Length: 81
Content-Type: application/json; charset=utf-8
host: localhost:52142
accept: */*

Response DefaultHttpResponse(decodeResult: success, version: HTTP/1.1)
HTTP/1.1 200 OK
Content-Type: application/json; charset=utf-8
cache-control: no-cache
content-length: 88

15:19:33.660 [AsyncHttpClient-1-4] DEBUG org.asynchttpclient.netty.channel.ChannelManager - Adding key: http://localhost:52142 for channel [id: 0xd6702f21, L:/127.0.0.1:52572 - R:localhost/127.0.0.1:52142]
15:19:33.662 [Forwarding getElementTagName on session 3ef860175c424c4cb5284d1391366219 to remote] DEBUG org.asynchttpclient.netty.request.NettyRequestSender - Using pooled Channel '[id: 0xd6702f21, L:/127.0.0.1:52572 - R:localhost/127.0.0.1:52142]' for 'GET' to 'http://localhost:52142/session/3ef860175c424c4cb5284d1391366219/element/13595531-62a5-4d7c-b427-ccef97192e48/name'
15:19:33.662 [Forwarding getElementTagName on session 3ef860175c424c4cb5284d1391366219 to remote] DEBUG org.asynchttpclient.netty.request.NettyRequestSender - Using open Channel [id: 0xd6702f21, L:/127.0.0.1:52572 - R:localhost/127.0.0.1:52142] for GET '/session/3ef860175c424c4cb5284d1391366219/element/13595531-62a5-4d7c-b427-ccef97192e48/name'
15:19:33.679 [AsyncHttpClient-1-4] DEBUG org.asynchttpclient.netty.handler.HttpHandler - 

Request DefaultFullHttpRequest(decodeResult: success, version: HTTP/1.1, content: EmptyByteBufBE)
GET /session/3ef860175c424c4cb5284d1391366219/element/13595531-62a5-4d7c-b427-ccef97192e48/name HTTP/1.1
User-Agent: selenium/4.1.2 (java windows)
Cache-Control: no-cache
Content-Type: application/json; charset=utf-8
host: localhost:52142
accept: */*

Response DefaultHttpResponse(decodeResult: success, version: HTTP/1.1)
HTTP/1.1 200 OK
Content-Type: application/json; charset=utf-8
cache-control: no-cache
content-length: 16

15:19:33.680 [AsyncHttpClient-1-4] DEBUG org.asynchttpclient.netty.channel.ChannelManager - Adding key: http://localhost:52142 for channel [id: 0xd6702f21, L:/127.0.0.1:52572 - R:localhost/127.0.0.1:52142]
15:19:33.682 [Forwarding getElementTagName on session 3ef860175c424c4cb5284d1391366219 to remote] DEBUG org.asynchttpclient.netty.request.NettyRequestSender - Using pooled Channel '[id: 0xd6702f21, L:/127.0.0.1:52572 - R:localhost/127.0.0.1:52142]' for 'GET' to 'http://localhost:52142/session/3ef860175c424c4cb5284d1391366219/element/13595531-62a5-4d7c-b427-ccef97192e48/name'
15:19:33.682 [Forwarding getElementTagName on session 3ef860175c424c4cb5284d1391366219 to remote] DEBUG org.asynchttpclient.netty.request.NettyRequestSender - Using open Channel [id: 0xd6702f21, L:/127.0.0.1:52572 - R:localhost/127.0.0.1:52142] for GET '/session/3ef860175c424c4cb5284d1391366219/element/13595531-62a5-4d7c-b427-ccef97192e48/name'
15:19:33.685 [AsyncHttpClient-1-4] DEBUG org.asynchttpclient.netty.handler.HttpHandler - 

Request DefaultFullHttpRequest(decodeResult: success, version: HTTP/1.1, content: EmptyByteBufBE)
GET /session/3ef860175c424c4cb5284d1391366219/element/13595531-62a5-4d7c-b427-ccef97192e48/name HTTP/1.1
User-Agent: selenium/4.1.2 (java windows)
Cache-Control: no-cache
Content-Type: application/json; charset=utf-8
host: localhost:52142
accept: */*

Response DefaultHttpResponse(decodeResult: success, version: HTTP/1.1)
HTTP/1.1 200 OK
Content-Type: application/json; charset=utf-8
cache-control: no-cache
content-length: 16

15:19:33.685 [AsyncHttpClient-1-4] DEBUG org.asynchttpclient.netty.channel.ChannelManager - Adding key: http://localhost:52142 for channel [id: 0xd6702f21, L:/127.0.0.1:52572 - R:localhost/127.0.0.1:52142]
15:19:33.686 [Forwarding findElement on session 3ef860175c424c4cb5284d1391366219 to remote] DEBUG org.asynchttpclient.netty.request.NettyRequestSender - Using pooled Channel '[id: 0xd6702f21, L:/127.0.0.1:52572 - R:localhost/127.0.0.1:52142]' for 'POST' to 'http://localhost:52142/session/3ef860175c424c4cb5284d1391366219/element'
15:19:33.686 [Forwarding findElement on session 3ef860175c424c4cb5284d1391366219 to remote] DEBUG org.asynchttpclient.netty.request.NettyRequestSender - Using open Channel [id: 0xd6702f21, L:/127.0.0.1:52572 - R:localhost/127.0.0.1:52142] for POST '/session/3ef860175c424c4cb5284d1391366219/element'
15:19:33.691 [AsyncHttpClient-1-4] DEBUG org.asynchttpclient.netty.handler.HttpHandler - 

Request DefaultHttpRequest(decodeResult: success, version: HTTP/1.1)
POST /session/3ef860175c424c4cb5284d1391366219/element HTTP/1.1
User-Agent: selenium/4.1.2 (java windows)
Content-Length: 81
Content-Type: application/json; charset=utf-8
host: localhost:52142
accept: */*

Response DefaultHttpResponse(decodeResult: success, version: HTTP/1.1)
HTTP/1.1 200 OK
Content-Type: application/json; charset=utf-8
cache-control: no-cache
content-length: 88

15:19:33.691 [AsyncHttpClient-1-4] DEBUG org.asynchttpclient.netty.channel.ChannelManager - Adding key: http://localhost:52142 for channel [id: 0xd6702f21, L:/127.0.0.1:52572 - R:localhost/127.0.0.1:52142]
15:19:33.692 [Forwarding clickElement on session 3ef860175c424c4cb5284d1391366219 to remote] DEBUG org.asynchttpclient.netty.request.NettyRequestSender - Using pooled Channel '[id: 0xd6702f21, L:/127.0.0.1:52572 - R:localhost/127.0.0.1:52142]' for 'POST' to 'http://localhost:52142/session/3ef860175c424c4cb5284d1391366219/element/13595531-62a5-4d7c-b427-ccef97192e48/click'
15:19:33.692 [Forwarding clickElement on session 3ef860175c424c4cb5284d1391366219 to remote] DEBUG org.asynchttpclient.netty.request.NettyRequestSender - Using open Channel [id: 0xd6702f21, L:/127.0.0.1:52572 - R:localhost/127.0.0.1:52142] for POST '/session/3ef860175c424c4cb5284d1391366219/element/13595531-62a5-4d7c-b427-ccef97192e48/click'
15:19:33.705 [AsyncHttpClient-1-1] DEBUG org.asynchttpclient.netty.channel.DefaultChannelPool - Entry count for : http://localhost:52573 : 1
15:19:34.156 [AsyncHttpClient-1-4] DEBUG org.asynchttpclient.netty.handler.HttpHandler - 

Request DefaultHttpRequest(decodeResult: success, version: HTTP/1.1)
POST /session/3ef860175c424c4cb5284d1391366219/element/13595531-62a5-4d7c-b427-ccef97192e48/click HTTP/1.1
User-Agent: selenium/4.1.2 (java windows)
Content-Length: 50
Content-Type: application/json; charset=utf-8
host: localhost:52142
accept: */*

Response DefaultHttpResponse(decodeResult: success, version: HTTP/1.1)
HTTP/1.1 200 OK
Content-Type: application/json; charset=utf-8
cache-control: no-cache
content-length: 14

15:19:34.156 [AsyncHttpClient-1-4] DEBUG org.asynchttpclient.netty.channel.ChannelManager - Adding key: http://localhost:52142 for channel [id: 0xd6702f21, L:/127.0.0.1:52572 - R:localhost/127.0.0.1:52142]
  &amp#27;[32mThen &amp#27;[0m&amp#27;[32mI click baby on the header&amp#27;[0m &amp#27;[90m# starter.stepdefinitions.BabyStep.iClickBabyOnTheHeader()&amp#27;[0m
15:19:34.164 [Forwarding screenshot on session 3ef860175c424c4cb5284d1391366219 to remote] DEBUG org.asynchttpclient.netty.request.NettyRequestSender - Using pooled Channel '[id: 0xd6702f21, L:/127.0.0.1:52572 - R:localhost/127.0.0.1:52142]' for 'GET' to 'http://localhost:52142/session/3ef860175c424c4cb5284d1391366219/screenshot'
15:19:34.164 [Forwarding screenshot on session 3ef860175c424c4cb5284d1391366219 to remote] DEBUG org.asynchttpclient.netty.request.NettyRequestSender - Using open Channel [id: 0xd6702f21, L:/127.0.0.1:52572 - R:localhost/127.0.0.1:52142] for GET '/session/3ef860175c424c4cb5284d1391366219/screenshot'
15:19:34.807 [AsyncHttpClient-1-1] DEBUG org.asynchttpclient.netty.channel.DefaultChannelPool - Entry count for : http://localhost:52573 : 1
15:19:35.017 [AsyncHttpClient-1-4] DEBUG org.asynchttpclient.netty.handler.HttpHandler - 

Request DefaultFullHttpRequest(decodeResult: success, version: HTTP/1.1, content: EmptyByteBufBE)
GET /session/3ef860175c424c4cb5284d1391366219/screenshot HTTP/1.1
User-Agent: selenium/4.1.2 (java windows)
Cache-Control: no-cache
Content-Type: application/json; charset=utf-8
host: localhost:52142
accept: */*

Response DefaultHttpResponse(decodeResult: success, version: HTTP/1.1)
HTTP/1.1 200 OK
Content-Type: application/json; charset=utf-8
cache-control: no-cache
content-length: 100432

15:19:35.017 [AsyncHttpClient-1-4] DEBUG org.asynchttpclient.netty.channel.ChannelManager - Adding key: http://localhost:52142 for channel [id: 0xd6702f21, L:/127.0.0.1:52572 - R:localhost/127.0.0.1:52142]
15:19:35.021 [main] DEBUG net.serenitybdd.core.photography.Darkroom - Send negative for processing for target\site\serenity\ef7eb8792e3e730637facb78a0dd976fec10140d238da5ed4489f558ea2ca751.png
15:19:35.021 [Darkroom Processing Line] DEBUG net.serenitybdd.core.photography.DarkroomProcessingLine - Processing screenshot image in /var/screenshots/screenshot-12307985939507223508
15:19:35.021 [Darkroom Processing Line] DEBUG net.serenitybdd.core.photography.DarkroomProcessingLine - Saving screenshot to target\site\serenity\ef7eb8792e3e730637facb78a0dd976fec10140d238da5ed4489f558ea2ca751.png
15:19:35.030 [Forwarding findElement on session 3ef860175c424c4cb5284d1391366219 to remote] DEBUG org.asynchttpclient.netty.request.NettyRequestSender - Using pooled Channel '[id: 0xd6702f21, L:/127.0.0.1:52572 - R:localhost/127.0.0.1:52142]' for 'POST' to 'http://localhost:52142/session/3ef860175c424c4cb5284d1391366219/element'
15:19:35.030 [Forwarding findElement on session 3ef860175c424c4cb5284d1391366219 to remote] DEBUG org.asynchttpclient.netty.request.NettyRequestSender - Using open Channel [id: 0xd6702f21, L:/127.0.0.1:52572 - R:localhost/127.0.0.1:52142] for POST '/session/3ef860175c424c4cb5284d1391366219/element'
15:19:35.047 [AsyncHttpClient-1-4] DEBUG org.asynchttpclient.netty.handler.HttpHandler - 

Request DefaultHttpRequest(decodeResult: success, version: HTTP/1.1)
POST /session/3ef860175c424c4cb5284d1391366219/element HTTP/1.1
User-Agent: selenium/4.1.2 (java windows)
Content-Length: 110
Content-Type: application/json; charset=utf-8
host: localhost:52142
accept: */*

Response DefaultHttpResponse(decodeResult: success, version: HTTP/1.1)
HTTP/1.1 200 OK
Content-Type: application/json; charset=utf-8
cache-control: no-cache
content-length: 88

15:19:35.047 [AsyncHttpClient-1-4] DEBUG org.asynchttpclient.netty.channel.ChannelManager - Adding key: http://localhost:52142 for channel [id: 0xd6702f21, L:/127.0.0.1:52572 - R:localhost/127.0.0.1:52142]
15:19:35.049 [Forwarding getElementTagName on session 3ef860175c424c4cb5284d1391366219 to remote] DEBUG org.asynchttpclient.netty.request.NettyRequestSender - Using pooled Channel '[id: 0xd6702f21, L:/127.0.0.1:52572 - R:localhost/127.0.0.1:52142]' for 'GET' to 'http://localhost:52142/session/3ef860175c424c4cb5284d1391366219/element/8d4b8b6a-7ba3-48d0-933c-868480e9819b/name'
15:19:35.049 [Forwarding getElementTagName on session 3ef860175c424c4cb5284d1391366219 to remote] DEBUG org.asynchttpclient.netty.request.NettyRequestSender - Using open Channel [id: 0xd6702f21, L:/127.0.0.1:52572 - R:localhost/127.0.0.1:52142] for GET '/session/3ef860175c424c4cb5284d1391366219/element/8d4b8b6a-7ba3-48d0-933c-868480e9819b/name'
15:19:35.053 [AsyncHttpClient-1-4] DEBUG org.asynchttpclient.netty.handler.HttpHandler - 

Request DefaultFullHttpRequest(decodeResult: success, version: HTTP/1.1, content: EmptyByteBufBE)
GET /session/3ef860175c424c4cb5284d1391366219/element/8d4b8b6a-7ba3-48d0-933c-868480e9819b/name HTTP/1.1
User-Agent: selenium/4.1.2 (java windows)
Cache-Control: no-cache
Content-Type: application/json; charset=utf-8
host: localhost:52142
accept: */*

Response DefaultHttpResponse(decodeResult: success, version: HTTP/1.1)
HTTP/1.1 200 OK
Content-Type: application/json; charset=utf-8
cache-control: no-cache
content-length: 16

15:19:35.054 [AsyncHttpClient-1-4] DEBUG org.asynchttpclient.netty.channel.ChannelManager - Adding key: http://localhost:52142 for channel [id: 0xd6702f21, L:/127.0.0.1:52572 - R:localhost/127.0.0.1:52142]
15:19:35.055 [Forwarding getElementTagName on session 3ef860175c424c4cb5284d1391366219 to remote] DEBUG org.asynchttpclient.netty.request.NettyRequestSender - Using pooled Channel '[id: 0xd6702f21, L:/127.0.0.1:52572 - R:localhost/127.0.0.1:52142]' for 'GET' to 'http://localhost:52142/session/3ef860175c424c4cb5284d1391366219/element/8d4b8b6a-7ba3-48d0-933c-868480e9819b/name'
15:19:35.055 [Forwarding getElementTagName on session 3ef860175c424c4cb5284d1391366219 to remote] DEBUG org.asynchttpclient.netty.request.NettyRequestSender - Using open Channel [id: 0xd6702f21, L:/127.0.0.1:52572 - R:localhost/127.0.0.1:52142] for GET '/session/3ef860175c424c4cb5284d1391366219/element/8d4b8b6a-7ba3-48d0-933c-868480e9819b/name'
15:19:35.059 [AsyncHttpClient-1-4] DEBUG org.asynchttpclient.netty.handler.HttpHandler - 

Request DefaultFullHttpRequest(decodeResult: success, version: HTTP/1.1, content: EmptyByteBufBE)
GET /session/3ef860175c424c4cb5284d1391366219/element/8d4b8b6a-7ba3-48d0-933c-868480e9819b/name HTTP/1.1
User-Agent: selenium/4.1.2 (java windows)
Cache-Control: no-cache
Content-Type: application/json; charset=utf-8
host: localhost:52142
accept: */*

Response DefaultHttpResponse(decodeResult: success, version: HTTP/1.1)
HTTP/1.1 200 OK
Content-Type: application/json; charset=utf-8
cache-control: no-cache
content-length: 16

15:19:35.059 [AsyncHttpClient-1-4] DEBUG org.asynchttpclient.netty.channel.ChannelManager - Adding key: http://localhost:52142 for channel [id: 0xd6702f21, L:/127.0.0.1:52572 - R:localhost/127.0.0.1:52142]
15:19:35.061 [Forwarding findElement on session 3ef860175c424c4cb5284d1391366219 to remote] DEBUG org.asynchttpclient.netty.request.NettyRequestSender - Using pooled Channel '[id: 0xd6702f21, L:/127.0.0.1:52572 - R:localhost/127.0.0.1:52142]' for 'POST' to 'http://localhost:52142/session/3ef860175c424c4cb5284d1391366219/element'
15:19:35.061 [Forwarding findElement on session 3ef860175c424c4cb5284d1391366219 to remote] DEBUG org.asynchttpclient.netty.request.NettyRequestSender - Using open Channel [id: 0xd6702f21, L:/127.0.0.1:52572 - R:localhost/127.0.0.1:52142] for POST '/session/3ef860175c424c4cb5284d1391366219/element'
15:19:35.072 [AsyncHttpClient-1-4] DEBUG org.asynchttpclient.netty.handler.HttpHandler - 

Request DefaultHttpRequest(decodeResult: success, version: HTTP/1.1)
POST /session/3ef860175c424c4cb5284d1391366219/element HTTP/1.1
User-Agent: selenium/4.1.2 (java windows)
Content-Length: 110
Content-Type: application/json; charset=utf-8
host: localhost:52142
accept: */*

Response DefaultHttpResponse(decodeResult: success, version: HTTP/1.1)
HTTP/1.1 200 OK
Content-Type: application/json; charset=utf-8
cache-control: no-cache
content-length: 88

15:19:35.072 [AsyncHttpClient-1-4] DEBUG org.asynchttpclient.netty.channel.ChannelManager - Adding key: http://localhost:52142 for channel [id: 0xd6702f21, L:/127.0.0.1:52572 - R:localhost/127.0.0.1:52142]
15:19:35.073 [Forwarding clickElement on session 3ef860175c424c4cb5284d1391366219 to remote] DEBUG org.asynchttpclient.netty.request.NettyRequestSender - Using pooled Channel '[id: 0xd6702f21, L:/127.0.0.1:52572 - R:localhost/127.0.0.1:52142]' for 'POST' to 'http://localhost:52142/session/3ef860175c424c4cb5284d1391366219/element/8d4b8b6a-7ba3-48d0-933c-868480e9819b/click'
15:19:35.073 [Forwarding clickElement on session 3ef860175c424c4cb5284d1391366219 to remote] DEBUG org.asynchttpclient.netty.request.NettyRequestSender - Using open Channel [id: 0xd6702f21, L:/127.0.0.1:52572 - R:localhost/127.0.0.1:52142] for POST '/session/3ef860175c424c4cb5284d1391366219/element/8d4b8b6a-7ba3-48d0-933c-868480e9819b/click'
15:19:35.396 [AsyncHttpClient-1-4] DEBUG org.asynchttpclient.netty.handler.HttpHandler - 

Request DefaultHttpRequest(decodeResult: success, version: HTTP/1.1)
POST /session/3ef860175c424c4cb5284d1391366219/element/8d4b8b6a-7ba3-48d0-933c-868480e9819b/click HTTP/1.1
User-Agent: selenium/4.1.2 (java windows)
Content-Length: 50
Content-Type: application/json; charset=utf-8
host: localhost:52142
accept: */*

Response DefaultHttpResponse(decodeResult: success, version: HTTP/1.1)
HTTP/1.1 200 OK
Content-Type: application/json; charset=utf-8
cache-control: no-cache
content-length: 14

15:19:35.397 [AsyncHttpClient-1-4] DEBUG org.asynchttpclient.netty.channel.ChannelManager - Adding key: http://localhost:52142 for channel [id: 0xd6702f21, L:/127.0.0.1:52572 - R:localhost/127.0.0.1:52142]
  &amp#27;[32mWhen &amp#27;[0m&amp#27;[32mI will go to &amp#27;[0m&amp#27;[32m&amp#27;[1m"dalamanAtas"&amp#27;[0m &amp#27;[90m# starter.stepdefinitions.BabyStep.iWillGoTo(java.lang.String)&amp#27;[0m
15:19:35.427 [Forwarding screenshot on session 3ef860175c424c4cb5284d1391366219 to remote] DEBUG org.asynchttpclient.netty.request.NettyRequestSender - Using pooled Channel '[id: 0xd6702f21, L:/127.0.0.1:52572 - R:localhost/127.0.0.1:52142]' for 'GET' to 'http://localhost:52142/session/3ef860175c424c4cb5284d1391366219/screenshot'
15:19:35.427 [Forwarding screenshot on session 3ef860175c424c4cb5284d1391366219 to remote] DEBUG org.asynchttpclient.netty.request.NettyRequestSender - Using open Channel [id: 0xd6702f21, L:/127.0.0.1:52572 - R:localhost/127.0.0.1:52142] for GET '/session/3ef860175c424c4cb5284d1391366219/screenshot'
15:19:35.681 [AsyncHttpClient-1-4] DEBUG org.asynchttpclient.netty.handler.HttpHandler - 

Request DefaultFullHttpRequest(decodeResult: success, version: HTTP/1.1, content: EmptyByteBufBE)
GET /session/3ef860175c424c4cb5284d1391366219/screenshot HTTP/1.1
User-Agent: selenium/4.1.2 (java windows)
Cache-Control: no-cache
Content-Type: application/json; charset=utf-8
host: localhost:52142
accept: */*

Response DefaultHttpResponse(decodeResult: success, version: HTTP/1.1)
HTTP/1.1 200 OK
Content-Type: application/json; charset=utf-8
cache-control: no-cache
content-length: 89000

15:19:35.682 [AsyncHttpClient-1-4] DEBUG org.asynchttpclient.netty.channel.ChannelManager - Adding key: http://localhost:52142 for channel [id: 0xd6702f21, L:/127.0.0.1:52572 - R:localhost/127.0.0.1:52142]
15:19:35.685 [main] DEBUG net.serenitybdd.core.photography.Darkroom - Send negative for processing for target\site\serenity\044facdef1a6fc9f713fa61bb34a4539e0565570c5decea04ef381f3c06a6dee.png
15:19:35.686 [Darkroom Processing Line] DEBUG net.serenitybdd.core.photography.DarkroomProcessingLine - Processing screenshot image in /var/screenshots/screenshot-128657895542083934
15:19:35.686 [Darkroom Processing Line] DEBUG net.serenitybdd.core.photography.DarkroomProcessingLine - Saving screenshot to target\site\serenity\044facdef1a6fc9f713fa61bb34a4539e0565570c5decea04ef381f3c06a6dee.png
15:19:35.692 [Forwarding findElement on session 3ef860175c424c4cb5284d1391366219 to remote] DEBUG org.asynchttpclient.netty.request.NettyRequestSender - Using pooled Channel '[id: 0xd6702f21, L:/127.0.0.1:52572 - R:localhost/127.0.0.1:52142]' for 'POST' to 'http://localhost:52142/session/3ef860175c424c4cb5284d1391366219/element'
15:19:35.692 [Forwarding findElement on session 3ef860175c424c4cb5284d1391366219 to remote] DEBUG org.asynchttpclient.netty.request.NettyRequestSender - Using open Channel [id: 0xd6702f21, L:/127.0.0.1:52572 - R:localhost/127.0.0.1:52142] for POST '/session/3ef860175c424c4cb5284d1391366219/element'
15:19:35.910 [AsyncHttpClient-1-1] DEBUG org.asynchttpclient.netty.channel.DefaultChannelPool - Entry count for : http://localhost:52573 : 1
15:19:36.417 [AsyncHttpClient-1-4] DEBUG org.asynchttpclient.netty.handler.HttpHandler - 

Request DefaultHttpRequest(decodeResult: success, version: HTTP/1.1)
POST /session/3ef860175c424c4cb5284d1391366219/element HTTP/1.1
User-Agent: selenium/4.1.2 (java windows)
Content-Length: 95
Content-Type: application/json; charset=utf-8
host: localhost:52142
accept: */*

Response DefaultHttpResponse(decodeResult: success, version: HTTP/1.1)
HTTP/1.1 200 OK
Content-Type: application/json; charset=utf-8
cache-control: no-cache
content-length: 88

15:19:36.417 [AsyncHttpClient-1-4] DEBUG org.asynchttpclient.netty.channel.ChannelManager - Adding key: http://localhost:52142 for channel [id: 0xd6702f21, L:/127.0.0.1:52572 - R:localhost/127.0.0.1:52142]
15:19:36.423 [Forwarding isElementDisplayed on session 3ef860175c424c4cb5284d1391366219 to remote] DEBUG org.asynchttpclient.netty.request.NettyRequestSender - Using pooled Channel '[id: 0xd6702f21, L:/127.0.0.1:52572 - R:localhost/127.0.0.1:52142]' for 'POST' to 'http://localhost:52142/session/3ef860175c424c4cb5284d1391366219/execute/sync'
15:19:36.423 [Forwarding isElementDisplayed on session 3ef860175c424c4cb5284d1391366219 to remote] DEBUG org.asynchttpclient.netty.request.NettyRequestSender - Using open Channel [id: 0xd6702f21, L:/127.0.0.1:52572 - R:localhost/127.0.0.1:52142] for POST '/session/3ef860175c424c4cb5284d1391366219/execute/sync'
15:19:36.457 [AsyncHttpClient-1-4] DEBUG org.asynchttpclient.netty.handler.HttpHandler - 

Request DefaultHttpRequest(decodeResult: success, version: HTTP/1.1)
POST /session/3ef860175c424c4cb5284d1391366219/execute/sync HTTP/1.1
User-Agent: selenium/4.1.2 (java windows)
Content-Length: 48780
Content-Type: application/json; charset=utf-8
host: localhost:52142
accept: */*

Response DefaultHttpResponse(decodeResult: success, version: HTTP/1.1)
HTTP/1.1 200 OK
Content-Type: application/json; charset=utf-8
cache-control: no-cache
content-length: 14

15:19:36.458 [AsyncHttpClient-1-4] DEBUG org.asynchttpclient.netty.channel.ChannelManager - Adding key: http://localhost:52142 for channel [id: 0xd6702f21, L:/127.0.0.1:52572 - R:localhost/127.0.0.1:52142]
  &amp#27;[32mAnd &amp#27;[0m&amp#27;[32mI &amp#27;[0m&amp#27;[32m&amp#27;[1m"txtDalamanAtas"&amp#27;[0m&amp#27;[32m page&amp#27;[0m     &amp#27;[90m# starter.stepdefinitions.BabyStep.iPage(java.lang.String)&amp#27;[0m
15:19:36.461 [Forwarding screenshot on session 3ef860175c424c4cb5284d1391366219 to remote] DEBUG org.asynchttpclient.netty.request.NettyRequestSender - Using pooled Channel '[id: 0xd6702f21, L:/127.0.0.1:52572 - R:localhost/127.0.0.1:52142]' for 'GET' to 'http://localhost:52142/session/3ef860175c424c4cb5284d1391366219/screenshot'
15:19:36.461 [Forwarding screenshot on session 3ef860175c424c4cb5284d1391366219 to remote] DEBUG org.asynchttpclient.netty.request.NettyRequestSender - Using open Channel [id: 0xd6702f21, L:/127.0.0.1:52572 - R:localhost/127.0.0.1:52142] for GET '/session/3ef860175c424c4cb5284d1391366219/screenshot'
15:19:36.597 [AsyncHttpClient-1-4] DEBUG org.asynchttpclient.netty.handler.HttpHandler - 

Request DefaultFullHttpRequest(decodeResult: success, version: HTTP/1.1, content: EmptyByteBufBE)
GET /session/3ef860175c424c4cb5284d1391366219/screenshot HTTP/1.1
User-Agent: selenium/4.1.2 (java windows)
Cache-Control: no-cache
Content-Type: application/json; charset=utf-8
host: localhost:52142
accept: */*

Response DefaultHttpResponse(decodeResult: success, version: HTTP/1.1)
HTTP/1.1 200 OK
Content-Type: application/json; charset=utf-8
cache-control: no-cache
content-length: 59408

15:19:36.597 [AsyncHttpClient-1-4] DEBUG org.asynchttpclient.netty.channel.ChannelManager - Adding key: http://localhost:52142 for channel [id: 0xd6702f21, L:/127.0.0.1:52572 - R:localhost/127.0.0.1:52142]
15:19:36.600 [main] DEBUG net.serenitybdd.core.photography.Darkroom - Send negative for processing for target\site\serenity\b634256f49d0230e0ba0b036c440f39bc3318ade0fdce88cddedd16c8841c096.png
15:19:36.601 [Darkroom Processing Line] DEBUG net.serenitybdd.core.photography.DarkroomProcessingLine - Processing screenshot image in /var/screenshots/screenshot-4125290263210714693
15:19:36.601 [Darkroom Processing Line] DEBUG net.serenitybdd.core.photography.DarkroomProcessingLine - Saving screenshot to target\site\serenity\b634256f49d0230e0ba0b036c440f39bc3318ade0fdce88cddedd16c8841c096.png
15:19:36.607 [AsyncHttpClient-1-6] DEBUG org.asynchttpclient.netty.handler.WebSocketHandler - Channel Closed: [id: 0xeb4b19cc, L:/127.0.0.1:52580 ! R:localhost/127.0.0.1:52573] with attribute NettyResponseFuture{currentRetry=5,
	isDone=1,
	isCancelled=0,
	asyncHandler=org.asynchttpclient.ws.WebSocketUpgradeHandler@210f8ce1,
	nettyRequest=org.asynchttpclient.netty.request.NettyRequest@501f2d69,
	future=java.util.concurrent.CompletableFuture@4bae48ac[Completed normally],
	uri=ws://localhost:52573/devtools/browser/b0c575fd-b9f6-41c0-a83d-c27fff9b80cc,
	keepAlive=true,
	redirectCount=0,
	timeoutsHolder=null,
	inAuth=0,
	touch=1680855563635}
15:19:36.607 [AsyncHttpClient-1-6] DEBUG org.asynchttpclient.netty.channel.ChannelManager - Closing Channel [id: 0xeb4b19cc, L:/127.0.0.1:52580 ! R:localhost/127.0.0.1:52573] 
15:19:36.607 [Driver Command Executor] DEBUG org.asynchttpclient.netty.request.NettyRequestSender - Using pooled Channel '[id: 0xd6702f21, L:/127.0.0.1:52572 - R:localhost/127.0.0.1:52142]' for 'DELETE' to 'http://localhost:52142/session/3ef860175c424c4cb5284d1391366219'
15:19:36.607 [Driver Command Executor] DEBUG org.asynchttpclient.netty.request.NettyRequestSender - Using open Channel [id: 0xd6702f21, L:/127.0.0.1:52572 - R:localhost/127.0.0.1:52142] for DELETE '/session/3ef860175c424c4cb5284d1391366219'
15:19:36.645 [AsyncHttpClient-1-5] DEBUG org.asynchttpclient.netty.handler.HttpHandler - Unexpected I/O exception on channel [id: 0x9dd46fa0, L:/127.0.0.1:52579 - R:localhost/127.0.0.1:52573]
java.net.SocketException: Connection reset
	at java.base/sun.nio.ch.SocketChannelImpl.throwConnectionReset(SocketChannelImpl.java:345)
	at java.base/sun.nio.ch.SocketChannelImpl.read(SocketChannelImpl.java:376)
	at io.netty.buffer.PooledByteBuf.setBytes(PooledByteBuf.java:258)
	at io.netty.buffer.AbstractByteBuf.writeBytes(AbstractByteBuf.java:1132)
	at io.netty.channel.socket.nio.NioSocketChannel.doReadBytes(NioSocketChannel.java:350)
	at io.netty.channel.nio.AbstractNioByteChannel$NioByteUnsafe.read(AbstractNioByteChannel.java:151)
	at io.netty.channel.nio.NioEventLoop.processSelectedKey(NioEventLoop.java:722)
	at io.netty.channel.nio.NioEventLoop.processSelectedKeysOptimized(NioEventLoop.java:658)
	at io.netty.channel.nio.NioEventLoop.processSelectedKeys(NioEventLoop.java:584)
	at io.netty.channel.nio.NioEventLoop.run(NioEventLoop.java:496)
	at io.netty.util.concurrent.SingleThreadEventExecutor$4.run(SingleThreadEventExecutor.java:986)
	at io.netty.util.internal.ThreadExecutorMap$2.run(ThreadExecutorMap.java:74)
	at io.netty.util.concurrent.FastThreadLocalRunnable.run(FastThreadLocalRunnable.java:30)
	at java.base/java.lang.Thread.run(Thread.java:830)
15:19:36.645 [AsyncHttpClient-1-5] DEBUG org.asynchttpclient.netty.channel.ChannelManager - Closing Channel [id: 0x9dd46fa0, L:/127.0.0.1:52579 - R:localhost/127.0.0.1:52573] 
15:19:36.645 [AsyncHttpClient-1-5] DEBUG org.asynchttpclient.netty.handler.HttpHandler - Channel Closed: [id: 0x9dd46fa0, L:/127.0.0.1:52579 ! R:localhost/127.0.0.1:52573] with attribute DISCARD
15:19:36.718 [AsyncHttpClient-1-4] DEBUG org.asynchttpclient.netty.handler.HttpHandler - 

Request DefaultFullHttpRequest(decodeResult: success, version: HTTP/1.1, content: EmptyByteBufBE)
DELETE /session/3ef860175c424c4cb5284d1391366219 HTTP/1.1
User-Agent: selenium/4.1.2 (java windows)
Content-Type: application/json; charset=utf-8
host: localhost:52142
accept: */*

Response DefaultHttpResponse(decodeResult: success, version: HTTP/1.1)
HTTP/1.1 200 OK
Content-Type: application/json; charset=utf-8
cache-control: no-cache
content-length: 14

15:19:36.718 [AsyncHttpClient-1-4] DEBUG org.asynchttpclient.netty.channel.ChannelManager - Adding key: http://localhost:52142 for channel [id: 0xd6702f21, L:/127.0.0.1:52572 - R:localhost/127.0.0.1:52142]
15:19:36.852 [AsyncHttpClient-1-4] DEBUG org.asynchttpclient.netty.handler.HttpHandler - Channel Closed: [id: 0xd6702f21, L:/127.0.0.1:52572 ! R:localhost/127.0.0.1:52142] with attribute DISCARD
15:19:37.011 [AsyncHttpClient-1-1] DEBUG org.asynchttpclient.netty.channel.DefaultChannelPool - Entry count for : http://localhost:52142 : 1
15:19:37.011 [AsyncHttpClient-1-1] DEBUG org.asynchttpclient.netty.channel.DefaultChannelPool - Entry count for : http://localhost:52573 : 1
15:19:37.011 [AsyncHttpClient-1-1] DEBUG org.asynchttpclient.netty.channel.DefaultChannelPool - Adding Candidate expired Channel [id: 0xd6702f21, L:/127.0.0.1:52572 ! R:localhost/127.0.0.1:52142] isIdleTimeoutExpired=false isRemotelyClosed=true isTtlExpired=false
15:19:37.011 [AsyncHttpClient-1-1] DEBUG org.asynchttpclient.netty.channel.DefaultChannelPool - Closing Idle Channel [id: 0xd6702f21, L:/127.0.0.1:52572 ! R:localhost/127.0.0.1:52142]
15:19:37.011 [AsyncHttpClient-1-1] DEBUG org.asynchttpclient.netty.channel.DefaultChannelPool - Adding Candidate expired Channel [id: 0x9dd46fa0, L:/127.0.0.1:52579 ! R:localhost/127.0.0.1:52573] isIdleTimeoutExpired=false isRemotelyClosed=true isTtlExpired=false
15:19:37.011 [AsyncHttpClient-1-1] DEBUG org.asynchttpclient.netty.channel.DefaultChannelPool - Closing Idle Channel [id: 0x9dd46fa0, L:/127.0.0.1:52579 ! R:localhost/127.0.0.1:52573]
15:19:37.011 [AsyncHttpClient-1-1] DEBUG org.asynchttpclient.netty.channel.DefaultChannelPool - Closed 2 connections out of 2 in 0 ms
]]></system-out>
    <system-err><![CDATA[Starting Microsoft Edge WebDriver 111.0.1661.62 (0a8f453929e6410c973aa529a40485ce4e3e03db) on port 52142
To submit feedback, report a bug, or suggest new features, please visit https://github.com/MicrosoftEdge/EdgeWebDriver

Only local connections are allowed.
Please see https://aka.ms/WebDriverSecurity for suggestions on keeping Microsoft Edge WebDriver safe.

Microsoft Edge WebDriver was started successfully.
Apr 07, 2023 3:19:23 PM org.openqa.selenium.remote.ProtocolHandshake createSession
INFO: Detected dialect: W3C
Apr 07, 2023 3:19:23 PM org.openqa.selenium.devtools.CdpVersionFinder findNearestMatch
WARNING: Unable to find an exact match for CDP version 111, so returning the closest version found: a no-op implementation
Apr 07, 2023 3:19:23 PM org.openqa.selenium.devtools.CdpVersionFinder findNearestMatch
INFO: Unable to find CDP implementation matching 111.
Apr 07, 2023 3:19:23 PM org.openqa.selenium.chromium.ChromiumDriver lambda$new$3
WARNING: Unable to find version of CDP to use for . You may need to include a dependency on a specific version of the CDP using something similar to `org.seleniumhq.selenium:selenium-devtools-v86:4.1.2` where the version ("v86") matches the version of the chromium-based browser you're using and the version number of the artifact is the same as Selenium's.
]]></system-err>
  </testcase>
  <testcase name="Fitur Menu Baby #24" classname="Baby" time="13.237">
    <system-out><![CDATA[
Scenario Outline: Fitur Menu Baby &amp#27;[90m# src/test/resources/features/Baby.feature:116&amp#27;[0m
15:19:37.485 [main] INFO io.cucumber.core.plugin.SerenityReporter - Running feature from file:///C:/Users/alwi/IdeaProjects/uniqloweb/src/test/resources/features/Baby.feature
15:19:37.651 [main] DEBUG io.github.bonigarcia.wdm.cache.ResolutionCache - Resolution edge=111 in cache (valid until 16:02:35 07/04/2023 WIB)
15:19:37.654 [main] DEBUG io.github.bonigarcia.wdm.cache.ResolutionCache - Resolution edge111=111.0.1661.62 in cache (valid until 15:02:35 08/04/2023 WIB)
15:19:37.659 [main] INFO io.github.bonigarcia.wdm.WebDriverManager - Using msedgedriver 111.0.1661.62 (resolved driver for Edge 111)
15:19:37.676 [main] DEBUG io.github.bonigarcia.wdm.WebDriverManager - Driver msedgedriver 111.0.1661.62 found in cache
15:19:37.677 [main] INFO io.github.bonigarcia.wdm.WebDriverManager - Exporting webdriver.edge.driver as C:\Users\alwi\.cache\selenium\msedgedriver\win64\111.0.1661.62\msedgedriver.exe
15:19:37.678 [main] DEBUG net.serenitybdd.core.webdriver.driverproviders.ProvideNewDriver - Instantiating driver
15:19:37.678 [main] DEBUG net.serenitybdd.core.webdriver.driverproviders.ProvideNewDriver - Driver capabilities: Capabilities {base.url: https://www.uniqlo.com, chrome.driver: src/test/resources/webdrive..., driver: edge, ms:edgeChromium: true, ms:edgeOptions: {}, wait.for.timeout: 6000}
15:19:38.220 [AsyncHttpClient-1-7] DEBUG org.asynchttpclient.netty.channel.NettyConnectListener - Using new Channel '[id: 0xca248369, L:/127.0.0.1:52733 - R:localhost/127.0.0.1:53289]' for 'POST' to '/session'
15:19:38.828 [AsyncHttpClient-1-7] DEBUG org.asynchttpclient.netty.handler.HttpHandler - 

Request DefaultHttpRequest(decodeResult: success, version: HTTP/1.1)
POST /session HTTP/1.1
User-Agent: selenium/4.1.2 (java windows)
Content-Length: 627
Content-Type: application/json; charset=utf-8
host: localhost:53289
accept: */*

Response DefaultHttpResponse(decodeResult: success, version: HTTP/1.1)
HTTP/1.1 200 OK
Content-Type: application/json; charset=utf-8
cache-control: no-cache
content-length: 822

15:19:38.828 [AsyncHttpClient-1-7] DEBUG org.asynchttpclient.netty.channel.ChannelManager - Adding key: http://localhost:53289 for channel [id: 0xca248369, L:/127.0.0.1:52733 - R:localhost/127.0.0.1:53289]
15:19:38.832 [AsyncHttpClient-1-8] DEBUG org.asynchttpclient.netty.channel.NettyConnectListener - Using new Channel '[id: 0xe2a27596, L:/127.0.0.1:52741 - R:localhost/127.0.0.1:52735]' for 'GET' to '/json/version'
15:19:38.833 [AsyncHttpClient-1-8] DEBUG org.asynchttpclient.netty.handler.HttpHandler - 

Request DefaultFullHttpRequest(decodeResult: success, version: HTTP/1.1, content: EmptyByteBufBE)
GET /json/version HTTP/1.1
User-Agent: selenium/4.1.2 (java windows)
host: localhost:52735
accept: */*

Response DefaultHttpResponse(decodeResult: success, version: HTTP/1.1)
HTTP/1.1 200 OK
Content-Security-Policy: frame-ancestors 'none'
Content-Type: application/json; charset=UTF-8
content-length: 436

15:19:38.833 [AsyncHttpClient-1-8] DEBUG org.asynchttpclient.netty.channel.ChannelManager - Adding key: http://localhost:52735 for channel [id: 0xe2a27596, L:/127.0.0.1:52741 - R:localhost/127.0.0.1:52735]
15:19:38.835 [AsyncHttpClient-1-9] DEBUG org.asynchttpclient.netty.channel.NettyConnectListener - Using new Channel '[id: 0x3ebadfee, L:/127.0.0.1:52742 - R:localhost/127.0.0.1:52735]' for 'GET' to '/devtools/browser/d842b0a0-2977-412c-a753-9682af0283d6'
15:19:38.836 [AsyncHttpClient-1-9] DEBUG org.asynchttpclient.netty.handler.WebSocketHandler - 

Request DefaultFullHttpRequest(decodeResult: success, version: HTTP/1.1, content: EmptyByteBufBE)
GET /devtools/browser/d842b0a0-2977-412c-a753-9682af0283d6 HTTP/1.1
upgrade: websocket
connection: upgrade
sec-websocket-key: ChFgyauN8761qHcaEulrRA==
sec-websocket-version: 13
origin: http://localhost:52735
host: localhost:52735
accept: */*
user-agent: AHC/2.1

Response DefaultHttpResponse(decodeResult: success, version: HTTP/1.1)
HTTP/1.1 101 WebSocket Protocol Handshake
Upgrade: WebSocket
Connection: Upgrade
Sec-WebSocket-Accept: YAi9ILu8fDPwH4oI/pdY9sNh2kw=

15:19:38.838 [Forwarding get on session 4280cf514b93485abf36b1e5e7374baf to remote] DEBUG org.asynchttpclient.netty.request.NettyRequestSender - Using pooled Channel '[id: 0xca248369, L:/127.0.0.1:52733 - R:localhost/127.0.0.1:53289]' for 'POST' to 'http://localhost:53289/session/4280cf514b93485abf36b1e5e7374baf/url'
15:19:38.838 [Forwarding get on session 4280cf514b93485abf36b1e5e7374baf to remote] DEBUG org.asynchttpclient.netty.request.NettyRequestSender - Using open Channel [id: 0xca248369, L:/127.0.0.1:52733 - R:localhost/127.0.0.1:53289] for POST '/session/4280cf514b93485abf36b1e5e7374baf/url'
15:19:39.206 [AsyncHttpClient-1-1] DEBUG org.asynchttpclient.netty.channel.DefaultChannelPool - Entry count for : http://localhost:52735 : 1
15:19:40.317 [AsyncHttpClient-1-1] DEBUG org.asynchttpclient.netty.channel.DefaultChannelPool - Entry count for : http://localhost:52735 : 1
15:19:41.409 [AsyncHttpClient-1-1] DEBUG org.asynchttpclient.netty.channel.DefaultChannelPool - Entry count for : http://localhost:52735 : 1
15:19:42.505 [AsyncHttpClient-1-1] DEBUG org.asynchttpclient.netty.channel.DefaultChannelPool - Entry count for : http://localhost:52735 : 1
15:19:43.608 [AsyncHttpClient-1-1] DEBUG org.asynchttpclient.netty.channel.DefaultChannelPool - Entry count for : http://localhost:52735 : 1
15:19:44.712 [AsyncHttpClient-1-1] DEBUG org.asynchttpclient.netty.channel.DefaultChannelPool - Entry count for : http://localhost:52735 : 1
15:19:45.806 [AsyncHttpClient-1-1] DEBUG org.asynchttpclient.netty.channel.DefaultChannelPool - Entry count for : http://localhost:52735 : 1
15:19:46.905 [AsyncHttpClient-1-1] DEBUG org.asynchttpclient.netty.channel.DefaultChannelPool - Entry count for : http://localhost:52735 : 1
15:19:47.165 [AsyncHttpClient-1-7] DEBUG org.asynchttpclient.netty.handler.HttpHandler - 

Request DefaultHttpRequest(decodeResult: success, version: HTTP/1.1)
POST /session/4280cf514b93485abf36b1e5e7374baf/url HTTP/1.1
User-Agent: selenium/4.1.2 (java windows)
Content-Length: 53
Content-Type: application/json; charset=utf-8
host: localhost:53289
accept: */*

Response DefaultHttpResponse(decodeResult: success, version: HTTP/1.1)
HTTP/1.1 200 OK
Content-Type: application/json; charset=utf-8
cache-control: no-cache
content-length: 14

15:19:47.165 [AsyncHttpClient-1-7] DEBUG org.asynchttpclient.netty.channel.ChannelManager - Adding key: http://localhost:53289 for channel [id: 0xca248369, L:/127.0.0.1:52733 - R:localhost/127.0.0.1:53289]
15:19:47.166 [Forwarding setTimeout on session 4280cf514b93485abf36b1e5e7374baf to remote] DEBUG org.asynchttpclient.netty.request.NettyRequestSender - Using pooled Channel '[id: 0xca248369, L:/127.0.0.1:52733 - R:localhost/127.0.0.1:53289]' for 'POST' to 'http://localhost:53289/session/4280cf514b93485abf36b1e5e7374baf/timeouts'
15:19:47.166 [Forwarding setTimeout on session 4280cf514b93485abf36b1e5e7374baf to remote] DEBUG org.asynchttpclient.netty.request.NettyRequestSender - Using open Channel [id: 0xca248369, L:/127.0.0.1:52733 - R:localhost/127.0.0.1:53289] for POST '/session/4280cf514b93485abf36b1e5e7374baf/timeouts'
15:19:47.167 [AsyncHttpClient-1-7] DEBUG org.asynchttpclient.netty.handler.HttpHandler - 

Request DefaultHttpRequest(decodeResult: success, version: HTTP/1.1)
POST /session/4280cf514b93485abf36b1e5e7374baf/timeouts HTTP/1.1
User-Agent: selenium/4.1.2 (java windows)
Content-Length: 22
Content-Type: application/json; charset=utf-8
host: localhost:53289
accept: */*

Response DefaultHttpResponse(decodeResult: success, version: HTTP/1.1)
HTTP/1.1 200 OK
Content-Type: application/json; charset=utf-8
cache-control: no-cache
content-length: 14

15:19:47.167 [AsyncHttpClient-1-7] DEBUG org.asynchttpclient.netty.channel.ChannelManager - Adding key: http://localhost:53289 for channel [id: 0xca248369, L:/127.0.0.1:52733 - R:localhost/127.0.0.1:53289]
15:19:47.169 [Forwarding getCurrentUrl on session 4280cf514b93485abf36b1e5e7374baf to remote] DEBUG org.asynchttpclient.netty.request.NettyRequestSender - Using pooled Channel '[id: 0xca248369, L:/127.0.0.1:52733 - R:localhost/127.0.0.1:53289]' for 'GET' to 'http://localhost:53289/session/4280cf514b93485abf36b1e5e7374baf/url'
15:19:47.169 [Forwarding getCurrentUrl on session 4280cf514b93485abf36b1e5e7374baf to remote] DEBUG org.asynchttpclient.netty.request.NettyRequestSender - Using open Channel [id: 0xca248369, L:/127.0.0.1:52733 - R:localhost/127.0.0.1:53289] for GET '/session/4280cf514b93485abf36b1e5e7374baf/url'
15:19:47.173 [AsyncHttpClient-1-7] DEBUG org.asynchttpclient.netty.handler.HttpHandler - 

Request DefaultFullHttpRequest(decodeResult: success, version: HTTP/1.1, content: EmptyByteBufBE)
GET /session/4280cf514b93485abf36b1e5e7374baf/url HTTP/1.1
User-Agent: selenium/4.1.2 (java windows)
Cache-Control: no-cache
Content-Type: application/json; charset=utf-8
host: localhost:53289
accept: */*

Response DefaultHttpResponse(decodeResult: success, version: HTTP/1.1)
HTTP/1.1 200 OK
Content-Type: application/json; charset=utf-8
cache-control: no-cache
content-length: 41

15:19:47.173 [AsyncHttpClient-1-7] DEBUG org.asynchttpclient.netty.channel.ChannelManager - Adding key: http://localhost:53289 for channel [id: 0xca248369, L:/127.0.0.1:52733 - R:localhost/127.0.0.1:53289]
  &amp#27;[32mGiven &amp#27;[0m&amp#27;[32mI am on the home page&amp#27;[0m     &amp#27;[90m# starter.stepdefinitions.BabyStep.iAmOnTheHomePage()&amp#27;[0m
15:19:47.180 [Forwarding screenshot on session 4280cf514b93485abf36b1e5e7374baf to remote] DEBUG org.asynchttpclient.netty.request.NettyRequestSender - Using pooled Channel '[id: 0xca248369, L:/127.0.0.1:52733 - R:localhost/127.0.0.1:53289]' for 'GET' to 'http://localhost:53289/session/4280cf514b93485abf36b1e5e7374baf/screenshot'
15:19:47.180 [Forwarding screenshot on session 4280cf514b93485abf36b1e5e7374baf to remote] DEBUG org.asynchttpclient.netty.request.NettyRequestSender - Using open Channel [id: 0xca248369, L:/127.0.0.1:52733 - R:localhost/127.0.0.1:53289] for GET '/session/4280cf514b93485abf36b1e5e7374baf/screenshot'
15:19:47.496 [AsyncHttpClient-1-7] DEBUG org.asynchttpclient.netty.handler.HttpHandler - 

Request DefaultFullHttpRequest(decodeResult: success, version: HTTP/1.1, content: EmptyByteBufBE)
GET /session/4280cf514b93485abf36b1e5e7374baf/screenshot HTTP/1.1
User-Agent: selenium/4.1.2 (java windows)
Cache-Control: no-cache
Content-Type: application/json; charset=utf-8
host: localhost:53289
accept: */*

Response DefaultHttpResponse(decodeResult: success, version: HTTP/1.1)
HTTP/1.1 200 OK
Content-Type: application/json; charset=utf-8
cache-control: no-cache
content-length: 1022316

15:19:47.497 [AsyncHttpClient-1-7] DEBUG org.asynchttpclient.netty.channel.ChannelManager - Adding key: http://localhost:53289 for channel [id: 0xca248369, L:/127.0.0.1:52733 - R:localhost/127.0.0.1:53289]
15:19:47.525 [main] DEBUG net.serenitybdd.core.photography.Darkroom - Send negative for processing for target\site\serenity\b0ddf3608b8f51a6a3adc36e4acd901b7a2c5b7adc6fd42a924a7c7a6358c0ea.png
15:19:47.533 [Forwarding findElement on session 4280cf514b93485abf36b1e5e7374baf to remote] DEBUG org.asynchttpclient.netty.request.NettyRequestSender - Using pooled Channel '[id: 0xca248369, L:/127.0.0.1:52733 - R:localhost/127.0.0.1:53289]' for 'POST' to 'http://localhost:53289/session/4280cf514b93485abf36b1e5e7374baf/element'
15:19:47.533 [Forwarding findElement on session 4280cf514b93485abf36b1e5e7374baf to remote] DEBUG org.asynchttpclient.netty.request.NettyRequestSender - Using open Channel [id: 0xca248369, L:/127.0.0.1:52733 - R:localhost/127.0.0.1:53289] for POST '/session/4280cf514b93485abf36b1e5e7374baf/element'
15:19:47.552 [AsyncHttpClient-1-7] DEBUG org.asynchttpclient.netty.handler.HttpHandler - 

Request DefaultHttpRequest(decodeResult: success, version: HTTP/1.1)
POST /session/4280cf514b93485abf36b1e5e7374baf/element HTTP/1.1
User-Agent: selenium/4.1.2 (java windows)
Content-Length: 81
Content-Type: application/json; charset=utf-8
host: localhost:53289
accept: */*

Response DefaultHttpResponse(decodeResult: success, version: HTTP/1.1)
HTTP/1.1 200 OK
Content-Type: application/json; charset=utf-8
cache-control: no-cache
content-length: 88

15:19:47.552 [AsyncHttpClient-1-7] DEBUG org.asynchttpclient.netty.channel.ChannelManager - Adding key: http://localhost:53289 for channel [id: 0xca248369, L:/127.0.0.1:52733 - R:localhost/127.0.0.1:53289]
15:19:47.553 [Forwarding getElementTagName on session 4280cf514b93485abf36b1e5e7374baf to remote] DEBUG org.asynchttpclient.netty.request.NettyRequestSender - Using pooled Channel '[id: 0xca248369, L:/127.0.0.1:52733 - R:localhost/127.0.0.1:53289]' for 'GET' to 'http://localhost:53289/session/4280cf514b93485abf36b1e5e7374baf/element/104e1cec-d334-45b2-ae3b-fceeec671dbd/name'
15:19:47.553 [Forwarding getElementTagName on session 4280cf514b93485abf36b1e5e7374baf to remote] DEBUG org.asynchttpclient.netty.request.NettyRequestSender - Using open Channel [id: 0xca248369, L:/127.0.0.1:52733 - R:localhost/127.0.0.1:53289] for GET '/session/4280cf514b93485abf36b1e5e7374baf/element/104e1cec-d334-45b2-ae3b-fceeec671dbd/name'
15:19:47.557 [AsyncHttpClient-1-7] DEBUG org.asynchttpclient.netty.handler.HttpHandler - 

Request DefaultFullHttpRequest(decodeResult: success, version: HTTP/1.1, content: EmptyByteBufBE)
GET /session/4280cf514b93485abf36b1e5e7374baf/element/104e1cec-d334-45b2-ae3b-fceeec671dbd/name HTTP/1.1
User-Agent: selenium/4.1.2 (java windows)
Cache-Control: no-cache
Content-Type: application/json; charset=utf-8
host: localhost:53289
accept: */*

Response DefaultHttpResponse(decodeResult: success, version: HTTP/1.1)
HTTP/1.1 200 OK
Content-Type: application/json; charset=utf-8
cache-control: no-cache
content-length: 16

15:19:47.558 [AsyncHttpClient-1-7] DEBUG org.asynchttpclient.netty.channel.ChannelManager - Adding key: http://localhost:53289 for channel [id: 0xca248369, L:/127.0.0.1:52733 - R:localhost/127.0.0.1:53289]
15:19:47.559 [Forwarding getElementTagName on session 4280cf514b93485abf36b1e5e7374baf to remote] DEBUG org.asynchttpclient.netty.request.NettyRequestSender - Using pooled Channel '[id: 0xca248369, L:/127.0.0.1:52733 - R:localhost/127.0.0.1:53289]' for 'GET' to 'http://localhost:53289/session/4280cf514b93485abf36b1e5e7374baf/element/104e1cec-d334-45b2-ae3b-fceeec671dbd/name'
15:19:47.559 [Forwarding getElementTagName on session 4280cf514b93485abf36b1e5e7374baf to remote] DEBUG org.asynchttpclient.netty.request.NettyRequestSender - Using open Channel [id: 0xca248369, L:/127.0.0.1:52733 - R:localhost/127.0.0.1:53289] for GET '/session/4280cf514b93485abf36b1e5e7374baf/element/104e1cec-d334-45b2-ae3b-fceeec671dbd/name'
15:19:47.562 [AsyncHttpClient-1-7] DEBUG org.asynchttpclient.netty.handler.HttpHandler - 

Request DefaultFullHttpRequest(decodeResult: success, version: HTTP/1.1, content: EmptyByteBufBE)
GET /session/4280cf514b93485abf36b1e5e7374baf/element/104e1cec-d334-45b2-ae3b-fceeec671dbd/name HTTP/1.1
User-Agent: selenium/4.1.2 (java windows)
Cache-Control: no-cache
Content-Type: application/json; charset=utf-8
host: localhost:53289
accept: */*

Response DefaultHttpResponse(decodeResult: success, version: HTTP/1.1)
HTTP/1.1 200 OK
Content-Type: application/json; charset=utf-8
cache-control: no-cache
content-length: 16

15:19:47.562 [AsyncHttpClient-1-7] DEBUG org.asynchttpclient.netty.channel.ChannelManager - Adding key: http://localhost:53289 for channel [id: 0xca248369, L:/127.0.0.1:52733 - R:localhost/127.0.0.1:53289]
15:19:47.564 [Forwarding findElement on session 4280cf514b93485abf36b1e5e7374baf to remote] DEBUG org.asynchttpclient.netty.request.NettyRequestSender - Using pooled Channel '[id: 0xca248369, L:/127.0.0.1:52733 - R:localhost/127.0.0.1:53289]' for 'POST' to 'http://localhost:53289/session/4280cf514b93485abf36b1e5e7374baf/element'
15:19:47.564 [Forwarding findElement on session 4280cf514b93485abf36b1e5e7374baf to remote] DEBUG org.asynchttpclient.netty.request.NettyRequestSender - Using open Channel [id: 0xca248369, L:/127.0.0.1:52733 - R:localhost/127.0.0.1:53289] for POST '/session/4280cf514b93485abf36b1e5e7374baf/element'
15:19:47.570 [AsyncHttpClient-1-7] DEBUG org.asynchttpclient.netty.handler.HttpHandler - 

Request DefaultHttpRequest(decodeResult: success, version: HTTP/1.1)
POST /session/4280cf514b93485abf36b1e5e7374baf/element HTTP/1.1
User-Agent: selenium/4.1.2 (java windows)
Content-Length: 81
Content-Type: application/json; charset=utf-8
host: localhost:53289
accept: */*

Response DefaultHttpResponse(decodeResult: success, version: HTTP/1.1)
HTTP/1.1 200 OK
Content-Type: application/json; charset=utf-8
cache-control: no-cache
content-length: 88

15:19:47.570 [AsyncHttpClient-1-7] DEBUG org.asynchttpclient.netty.channel.ChannelManager - Adding key: http://localhost:53289 for channel [id: 0xca248369, L:/127.0.0.1:52733 - R:localhost/127.0.0.1:53289]
15:19:47.571 [Forwarding clickElement on session 4280cf514b93485abf36b1e5e7374baf to remote] DEBUG org.asynchttpclient.netty.request.NettyRequestSender - Using pooled Channel '[id: 0xca248369, L:/127.0.0.1:52733 - R:localhost/127.0.0.1:53289]' for 'POST' to 'http://localhost:53289/session/4280cf514b93485abf36b1e5e7374baf/element/104e1cec-d334-45b2-ae3b-fceeec671dbd/click'
15:19:47.571 [Forwarding clickElement on session 4280cf514b93485abf36b1e5e7374baf to remote] DEBUG org.asynchttpclient.netty.request.NettyRequestSender - Using open Channel [id: 0xca248369, L:/127.0.0.1:52733 - R:localhost/127.0.0.1:53289] for POST '/session/4280cf514b93485abf36b1e5e7374baf/element/104e1cec-d334-45b2-ae3b-fceeec671dbd/click'
15:19:48.011 [AsyncHttpClient-1-1] DEBUG org.asynchttpclient.netty.channel.DefaultChannelPool - Entry count for : http://localhost:52735 : 1
15:19:48.030 [AsyncHttpClient-1-7] DEBUG org.asynchttpclient.netty.handler.HttpHandler - 

Request DefaultHttpRequest(decodeResult: success, version: HTTP/1.1)
POST /session/4280cf514b93485abf36b1e5e7374baf/element/104e1cec-d334-45b2-ae3b-fceeec671dbd/click HTTP/1.1
User-Agent: selenium/4.1.2 (java windows)
Content-Length: 50
Content-Type: application/json; charset=utf-8
host: localhost:53289
accept: */*

Response DefaultHttpResponse(decodeResult: success, version: HTTP/1.1)
HTTP/1.1 200 OK
Content-Type: application/json; charset=utf-8
cache-control: no-cache
content-length: 14

15:19:48.030 [AsyncHttpClient-1-7] DEBUG org.asynchttpclient.netty.channel.ChannelManager - Adding key: http://localhost:53289 for channel [id: 0xca248369, L:/127.0.0.1:52733 - R:localhost/127.0.0.1:53289]
  &amp#27;[32mThen &amp#27;[0m&amp#27;[32mI click baby on the header&amp#27;[0m &amp#27;[90m# starter.stepdefinitions.BabyStep.iClickBabyOnTheHeader()&amp#27;[0m
15:19:48.039 [Forwarding screenshot on session 4280cf514b93485abf36b1e5e7374baf to remote] DEBUG org.asynchttpclient.netty.request.NettyRequestSender - Using pooled Channel '[id: 0xca248369, L:/127.0.0.1:52733 - R:localhost/127.0.0.1:53289]' for 'GET' to 'http://localhost:53289/session/4280cf514b93485abf36b1e5e7374baf/screenshot'
15:19:48.039 [Forwarding screenshot on session 4280cf514b93485abf36b1e5e7374baf to remote] DEBUG org.asynchttpclient.netty.request.NettyRequestSender - Using open Channel [id: 0xca248369, L:/127.0.0.1:52733 - R:localhost/127.0.0.1:53289] for GET '/session/4280cf514b93485abf36b1e5e7374baf/screenshot'
15:19:48.361 [AsyncHttpClient-1-7] DEBUG org.asynchttpclient.netty.handler.HttpHandler - 

Request DefaultFullHttpRequest(decodeResult: success, version: HTTP/1.1, content: EmptyByteBufBE)
GET /session/4280cf514b93485abf36b1e5e7374baf/screenshot HTTP/1.1
User-Agent: selenium/4.1.2 (java windows)
Cache-Control: no-cache
Content-Type: application/json; charset=utf-8
host: localhost:53289
accept: */*

Response DefaultHttpResponse(decodeResult: success, version: HTTP/1.1)
HTTP/1.1 200 OK
Content-Type: application/json; charset=utf-8
cache-control: no-cache
content-length: 61816

15:19:48.361 [AsyncHttpClient-1-7] DEBUG org.asynchttpclient.netty.channel.ChannelManager - Adding key: http://localhost:53289 for channel [id: 0xca248369, L:/127.0.0.1:52733 - R:localhost/127.0.0.1:53289]
15:19:48.366 [main] DEBUG net.serenitybdd.core.photography.Darkroom - Send negative for processing for target\site\serenity\5b31d5e614668d2bcda9561786ada5ef763160918f6c9d1435da003ab94fed82.png
15:19:48.377 [Forwarding findElement on session 4280cf514b93485abf36b1e5e7374baf to remote] DEBUG org.asynchttpclient.netty.request.NettyRequestSender - Using pooled Channel '[id: 0xca248369, L:/127.0.0.1:52733 - R:localhost/127.0.0.1:53289]' for 'POST' to 'http://localhost:53289/session/4280cf514b93485abf36b1e5e7374baf/element'
15:19:48.377 [Forwarding findElement on session 4280cf514b93485abf36b1e5e7374baf to remote] DEBUG org.asynchttpclient.netty.request.NettyRequestSender - Using open Channel [id: 0xca248369, L:/127.0.0.1:52733 - R:localhost/127.0.0.1:53289] for POST '/session/4280cf514b93485abf36b1e5e7374baf/element'
15:19:48.435 [AsyncHttpClient-1-7] DEBUG org.asynchttpclient.netty.handler.HttpHandler - 

Request DefaultHttpRequest(decodeResult: success, version: HTTP/1.1)
POST /session/4280cf514b93485abf36b1e5e7374baf/element HTTP/1.1
User-Agent: selenium/4.1.2 (java windows)
Content-Length: 104
Content-Type: application/json; charset=utf-8
host: localhost:53289
accept: */*

Response DefaultHttpResponse(decodeResult: success, version: HTTP/1.1)
HTTP/1.1 200 OK
Content-Type: application/json; charset=utf-8
cache-control: no-cache
content-length: 88

15:19:48.435 [AsyncHttpClient-1-7] DEBUG org.asynchttpclient.netty.channel.ChannelManager - Adding key: http://localhost:53289 for channel [id: 0xca248369, L:/127.0.0.1:52733 - R:localhost/127.0.0.1:53289]
15:19:48.437 [Forwarding getElementTagName on session 4280cf514b93485abf36b1e5e7374baf to remote] DEBUG org.asynchttpclient.netty.request.NettyRequestSender - Using pooled Channel '[id: 0xca248369, L:/127.0.0.1:52733 - R:localhost/127.0.0.1:53289]' for 'GET' to 'http://localhost:53289/session/4280cf514b93485abf36b1e5e7374baf/element/f66890af-9433-4008-bfff-14eb306bcd6a/name'
15:19:48.437 [Forwarding getElementTagName on session 4280cf514b93485abf36b1e5e7374baf to remote] DEBUG org.asynchttpclient.netty.request.NettyRequestSender - Using open Channel [id: 0xca248369, L:/127.0.0.1:52733 - R:localhost/127.0.0.1:53289] for GET '/session/4280cf514b93485abf36b1e5e7374baf/element/f66890af-9433-4008-bfff-14eb306bcd6a/name'
15:19:48.614 [AsyncHttpClient-1-7] DEBUG org.asynchttpclient.netty.handler.HttpHandler - 

Request DefaultFullHttpRequest(decodeResult: success, version: HTTP/1.1, content: EmptyByteBufBE)
GET /session/4280cf514b93485abf36b1e5e7374baf/element/f66890af-9433-4008-bfff-14eb306bcd6a/name HTTP/1.1
User-Agent: selenium/4.1.2 (java windows)
Cache-Control: no-cache
Content-Type: application/json; charset=utf-8
host: localhost:53289
accept: */*

Response DefaultHttpResponse(decodeResult: success, version: HTTP/1.1)
HTTP/1.1 200 OK
Content-Type: application/json; charset=utf-8
cache-control: no-cache
content-length: 16

15:19:48.614 [AsyncHttpClient-1-7] DEBUG org.asynchttpclient.netty.channel.ChannelManager - Adding key: http://localhost:53289 for channel [id: 0xca248369, L:/127.0.0.1:52733 - R:localhost/127.0.0.1:53289]
15:19:48.615 [Forwarding getElementTagName on session 4280cf514b93485abf36b1e5e7374baf to remote] DEBUG org.asynchttpclient.netty.request.NettyRequestSender - Using pooled Channel '[id: 0xca248369, L:/127.0.0.1:52733 - R:localhost/127.0.0.1:53289]' for 'GET' to 'http://localhost:53289/session/4280cf514b93485abf36b1e5e7374baf/element/f66890af-9433-4008-bfff-14eb306bcd6a/name'
15:19:48.615 [Forwarding getElementTagName on session 4280cf514b93485abf36b1e5e7374baf to remote] DEBUG org.asynchttpclient.netty.request.NettyRequestSender - Using open Channel [id: 0xca248369, L:/127.0.0.1:52733 - R:localhost/127.0.0.1:53289] for GET '/session/4280cf514b93485abf36b1e5e7374baf/element/f66890af-9433-4008-bfff-14eb306bcd6a/name'
15:19:48.617 [AsyncHttpClient-1-7] DEBUG org.asynchttpclient.netty.handler.HttpHandler - 

Request DefaultFullHttpRequest(decodeResult: success, version: HTTP/1.1, content: EmptyByteBufBE)
GET /session/4280cf514b93485abf36b1e5e7374baf/element/f66890af-9433-4008-bfff-14eb306bcd6a/name HTTP/1.1
User-Agent: selenium/4.1.2 (java windows)
Cache-Control: no-cache
Content-Type: application/json; charset=utf-8
host: localhost:53289
accept: */*

Response DefaultHttpResponse(decodeResult: success, version: HTTP/1.1)
HTTP/1.1 200 OK
Content-Type: application/json; charset=utf-8
cache-control: no-cache
content-length: 16

15:19:48.618 [AsyncHttpClient-1-7] DEBUG org.asynchttpclient.netty.channel.ChannelManager - Adding key: http://localhost:53289 for channel [id: 0xca248369, L:/127.0.0.1:52733 - R:localhost/127.0.0.1:53289]
15:19:48.619 [Forwarding findElement on session 4280cf514b93485abf36b1e5e7374baf to remote] DEBUG org.asynchttpclient.netty.request.NettyRequestSender - Using pooled Channel '[id: 0xca248369, L:/127.0.0.1:52733 - R:localhost/127.0.0.1:53289]' for 'POST' to 'http://localhost:53289/session/4280cf514b93485abf36b1e5e7374baf/element'
15:19:48.619 [Forwarding findElement on session 4280cf514b93485abf36b1e5e7374baf to remote] DEBUG org.asynchttpclient.netty.request.NettyRequestSender - Using open Channel [id: 0xca248369, L:/127.0.0.1:52733 - R:localhost/127.0.0.1:53289] for POST '/session/4280cf514b93485abf36b1e5e7374baf/element'
15:19:48.628 [AsyncHttpClient-1-7] DEBUG org.asynchttpclient.netty.handler.HttpHandler - 

Request DefaultHttpRequest(decodeResult: success, version: HTTP/1.1)
POST /session/4280cf514b93485abf36b1e5e7374baf/element HTTP/1.1
User-Agent: selenium/4.1.2 (java windows)
Content-Length: 104
Content-Type: application/json; charset=utf-8
host: localhost:53289
accept: */*

Response DefaultHttpResponse(decodeResult: success, version: HTTP/1.1)
HTTP/1.1 200 OK
Content-Type: application/json; charset=utf-8
cache-control: no-cache
content-length: 88

15:19:48.628 [AsyncHttpClient-1-7] DEBUG org.asynchttpclient.netty.channel.ChannelManager - Adding key: http://localhost:53289 for channel [id: 0xca248369, L:/127.0.0.1:52733 - R:localhost/127.0.0.1:53289]
15:19:48.629 [Forwarding clickElement on session 4280cf514b93485abf36b1e5e7374baf to remote] DEBUG org.asynchttpclient.netty.request.NettyRequestSender - Using pooled Channel '[id: 0xca248369, L:/127.0.0.1:52733 - R:localhost/127.0.0.1:53289]' for 'POST' to 'http://localhost:53289/session/4280cf514b93485abf36b1e5e7374baf/element/f66890af-9433-4008-bfff-14eb306bcd6a/click'
15:19:48.630 [Forwarding clickElement on session 4280cf514b93485abf36b1e5e7374baf to remote] DEBUG org.asynchttpclient.netty.request.NettyRequestSender - Using open Channel [id: 0xca248369, L:/127.0.0.1:52733 - R:localhost/127.0.0.1:53289] for POST '/session/4280cf514b93485abf36b1e5e7374baf/element/f66890af-9433-4008-bfff-14eb306bcd6a/click'
15:19:48.808 [AsyncHttpClient-1-7] DEBUG org.asynchttpclient.netty.handler.HttpHandler - 

Request DefaultHttpRequest(decodeResult: success, version: HTTP/1.1)
POST /session/4280cf514b93485abf36b1e5e7374baf/element/f66890af-9433-4008-bfff-14eb306bcd6a/click HTTP/1.1
User-Agent: selenium/4.1.2 (java windows)
Content-Length: 50
Content-Type: application/json; charset=utf-8
host: localhost:53289
accept: */*

Response DefaultHttpResponse(decodeResult: success, version: HTTP/1.1)
HTTP/1.1 200 OK
Content-Type: application/json; charset=utf-8
cache-control: no-cache
content-length: 14

15:19:48.808 [AsyncHttpClient-1-7] DEBUG org.asynchttpclient.netty.channel.ChannelManager - Adding key: http://localhost:53289 for channel [id: 0xca248369, L:/127.0.0.1:52733 - R:localhost/127.0.0.1:53289]
  &amp#27;[32mWhen &amp#27;[0m&amp#27;[32mI will go to &amp#27;[0m&amp#27;[32m&amp#27;[1m"airism2"&amp#27;[0m     &amp#27;[90m# starter.stepdefinitions.BabyStep.iWillGoTo(java.lang.String)&amp#27;[0m
15:19:48.817 [Forwarding screenshot on session 4280cf514b93485abf36b1e5e7374baf to remote] DEBUG org.asynchttpclient.netty.request.NettyRequestSender - Using pooled Channel '[id: 0xca248369, L:/127.0.0.1:52733 - R:localhost/127.0.0.1:53289]' for 'GET' to 'http://localhost:53289/session/4280cf514b93485abf36b1e5e7374baf/screenshot'
15:19:48.817 [Forwarding screenshot on session 4280cf514b93485abf36b1e5e7374baf to remote] DEBUG org.asynchttpclient.netty.request.NettyRequestSender - Using open Channel [id: 0xca248369, L:/127.0.0.1:52733 - R:localhost/127.0.0.1:53289] for GET '/session/4280cf514b93485abf36b1e5e7374baf/screenshot'
15:19:48.937 [AsyncHttpClient-1-7] DEBUG org.asynchttpclient.netty.handler.HttpHandler - 

Request DefaultFullHttpRequest(decodeResult: success, version: HTTP/1.1, content: EmptyByteBufBE)
GET /session/4280cf514b93485abf36b1e5e7374baf/screenshot HTTP/1.1
User-Agent: selenium/4.1.2 (java windows)
Cache-Control: no-cache
Content-Type: application/json; charset=utf-8
host: localhost:53289
accept: */*

Response DefaultHttpResponse(decodeResult: success, version: HTTP/1.1)
HTTP/1.1 200 OK
Content-Type: application/json; charset=utf-8
cache-control: no-cache
content-length: 89036

15:19:48.937 [AsyncHttpClient-1-7] DEBUG org.asynchttpclient.netty.channel.ChannelManager - Adding key: http://localhost:53289 for channel [id: 0xca248369, L:/127.0.0.1:52733 - R:localhost/127.0.0.1:53289]
15:19:48.940 [main] DEBUG net.serenitybdd.core.photography.Darkroom - Send negative for processing for target\site\serenity\d487879c18e523c95776199628fafab2045a95782e07336166bc003ccffbf3df.png
15:19:48.940 [Darkroom Processing Line] DEBUG net.serenitybdd.core.photography.DarkroomProcessingLine - Processing screenshot image in /var/screenshots/screenshot-13057999965283955611
15:19:48.940 [Darkroom Processing Line] DEBUG net.serenitybdd.core.photography.DarkroomProcessingLine - Saving screenshot to target\site\serenity\d487879c18e523c95776199628fafab2045a95782e07336166bc003ccffbf3df.png
15:19:48.947 [Forwarding findElement on session 4280cf514b93485abf36b1e5e7374baf to remote] DEBUG org.asynchttpclient.netty.request.NettyRequestSender - Using pooled Channel '[id: 0xca248369, L:/127.0.0.1:52733 - R:localhost/127.0.0.1:53289]' for 'POST' to 'http://localhost:53289/session/4280cf514b93485abf36b1e5e7374baf/element'
15:19:48.947 [Forwarding findElement on session 4280cf514b93485abf36b1e5e7374baf to remote] DEBUG org.asynchttpclient.netty.request.NettyRequestSender - Using open Channel [id: 0xca248369, L:/127.0.0.1:52733 - R:localhost/127.0.0.1:53289] for POST '/session/4280cf514b93485abf36b1e5e7374baf/element'
15:19:49.109 [AsyncHttpClient-1-1] DEBUG org.asynchttpclient.netty.channel.DefaultChannelPool - Entry count for : http://localhost:52735 : 1
15:19:49.682 [AsyncHttpClient-1-7] DEBUG org.asynchttpclient.netty.handler.HttpHandler - 

Request DefaultHttpRequest(decodeResult: success, version: HTTP/1.1)
POST /session/4280cf514b93485abf36b1e5e7374baf/element HTTP/1.1
User-Agent: selenium/4.1.2 (java windows)
Content-Length: 89
Content-Type: application/json; charset=utf-8
host: localhost:53289
accept: */*

Response DefaultHttpResponse(decodeResult: success, version: HTTP/1.1)
HTTP/1.1 200 OK
Content-Type: application/json; charset=utf-8
cache-control: no-cache
content-length: 88

15:19:49.683 [AsyncHttpClient-1-7] DEBUG org.asynchttpclient.netty.channel.ChannelManager - Adding key: http://localhost:53289 for channel [id: 0xca248369, L:/127.0.0.1:52733 - R:localhost/127.0.0.1:53289]
15:19:49.686 [Forwarding isElementDisplayed on session 4280cf514b93485abf36b1e5e7374baf to remote] DEBUG org.asynchttpclient.netty.request.NettyRequestSender - Using pooled Channel '[id: 0xca248369, L:/127.0.0.1:52733 - R:localhost/127.0.0.1:53289]' for 'POST' to 'http://localhost:53289/session/4280cf514b93485abf36b1e5e7374baf/execute/sync'
15:19:49.686 [Forwarding isElementDisplayed on session 4280cf514b93485abf36b1e5e7374baf to remote] DEBUG org.asynchttpclient.netty.request.NettyRequestSender - Using open Channel [id: 0xca248369, L:/127.0.0.1:52733 - R:localhost/127.0.0.1:53289] for POST '/session/4280cf514b93485abf36b1e5e7374baf/execute/sync'
15:19:49.729 [AsyncHttpClient-1-7] DEBUG org.asynchttpclient.netty.handler.HttpHandler - 

Request DefaultHttpRequest(decodeResult: success, version: HTTP/1.1)
POST /session/4280cf514b93485abf36b1e5e7374baf/execute/sync HTTP/1.1
User-Agent: selenium/4.1.2 (java windows)
Content-Length: 48780
Content-Type: application/json; charset=utf-8
host: localhost:53289
accept: */*

Response DefaultHttpResponse(decodeResult: success, version: HTTP/1.1)
HTTP/1.1 200 OK
Content-Type: application/json; charset=utf-8
cache-control: no-cache
content-length: 14

15:19:49.729 [AsyncHttpClient-1-7] DEBUG org.asynchttpclient.netty.channel.ChannelManager - Adding key: http://localhost:53289 for channel [id: 0xca248369, L:/127.0.0.1:52733 - R:localhost/127.0.0.1:53289]
  &amp#27;[32mAnd &amp#27;[0m&amp#27;[32mI &amp#27;[0m&amp#27;[32m&amp#27;[1m"txtAirism2"&amp#27;[0m&amp#27;[32m page&amp#27;[0m         &amp#27;[90m# starter.stepdefinitions.BabyStep.iPage(java.lang.String)&amp#27;[0m
15:19:49.733 [Forwarding screenshot on session 4280cf514b93485abf36b1e5e7374baf to remote] DEBUG org.asynchttpclient.netty.request.NettyRequestSender - Using pooled Channel '[id: 0xca248369, L:/127.0.0.1:52733 - R:localhost/127.0.0.1:53289]' for 'GET' to 'http://localhost:53289/session/4280cf514b93485abf36b1e5e7374baf/screenshot'
15:19:49.733 [Forwarding screenshot on session 4280cf514b93485abf36b1e5e7374baf to remote] DEBUG org.asynchttpclient.netty.request.NettyRequestSender - Using open Channel [id: 0xca248369, L:/127.0.0.1:52733 - R:localhost/127.0.0.1:53289] for GET '/session/4280cf514b93485abf36b1e5e7374baf/screenshot'
15:19:49.860 [AsyncHttpClient-1-7] DEBUG org.asynchttpclient.netty.handler.HttpHandler - 

Request DefaultFullHttpRequest(decodeResult: success, version: HTTP/1.1, content: EmptyByteBufBE)
GET /session/4280cf514b93485abf36b1e5e7374baf/screenshot HTTP/1.1
User-Agent: selenium/4.1.2 (java windows)
Cache-Control: no-cache
Content-Type: application/json; charset=utf-8
host: localhost:53289
accept: */*

Response DefaultHttpResponse(decodeResult: success, version: HTTP/1.1)
HTTP/1.1 200 OK
Content-Type: application/json; charset=utf-8
cache-control: no-cache
content-length: 55908

15:19:49.860 [AsyncHttpClient-1-7] DEBUG org.asynchttpclient.netty.channel.ChannelManager - Adding key: http://localhost:53289 for channel [id: 0xca248369, L:/127.0.0.1:52733 - R:localhost/127.0.0.1:53289]
15:19:49.862 [main] DEBUG net.serenitybdd.core.photography.Darkroom - Send negative for processing for target\site\serenity\a54cd4f6281f1908fa2fc4a84bb793e9dbfc70889e17d765d9c26520bf04418c.png
15:19:49.863 [Darkroom Processing Line] DEBUG net.serenitybdd.core.photography.DarkroomProcessingLine - Processing screenshot image in /var/screenshots/screenshot-7451182985267597110
15:19:49.863 [Darkroom Processing Line] DEBUG net.serenitybdd.core.photography.DarkroomProcessingLine - Saving screenshot to target\site\serenity\a54cd4f6281f1908fa2fc4a84bb793e9dbfc70889e17d765d9c26520bf04418c.png
15:19:49.867 [AsyncHttpClient-1-9] DEBUG org.asynchttpclient.netty.handler.WebSocketHandler - Channel Closed: [id: 0x3ebadfee, L:/127.0.0.1:52742 ! R:localhost/127.0.0.1:52735] with attribute NettyResponseFuture{currentRetry=5,
	isDone=1,
	isCancelled=0,
	asyncHandler=org.asynchttpclient.ws.WebSocketUpgradeHandler@5c802af8,
	nettyRequest=org.asynchttpclient.netty.request.NettyRequest@4140ca34,
	future=java.util.concurrent.CompletableFuture@358d22d0[Completed normally],
	uri=ws://localhost:52735/devtools/browser/d842b0a0-2977-412c-a753-9682af0283d6,
	keepAlive=true,
	redirectCount=0,
	timeoutsHolder=null,
	inAuth=0,
	touch=1680855578836}
15:19:49.867 [AsyncHttpClient-1-9] DEBUG org.asynchttpclient.netty.channel.ChannelManager - Closing Channel [id: 0x3ebadfee, L:/127.0.0.1:52742 ! R:localhost/127.0.0.1:52735] 
15:19:49.867 [Driver Command Executor] DEBUG org.asynchttpclient.netty.request.NettyRequestSender - Using pooled Channel '[id: 0xca248369, L:/127.0.0.1:52733 - R:localhost/127.0.0.1:53289]' for 'DELETE' to 'http://localhost:53289/session/4280cf514b93485abf36b1e5e7374baf'
15:19:49.867 [Driver Command Executor] DEBUG org.asynchttpclient.netty.request.NettyRequestSender - Using open Channel [id: 0xca248369, L:/127.0.0.1:52733 - R:localhost/127.0.0.1:53289] for DELETE '/session/4280cf514b93485abf36b1e5e7374baf'
15:19:49.911 [AsyncHttpClient-1-8] DEBUG org.asynchttpclient.netty.handler.HttpHandler - Unexpected I/O exception on channel [id: 0xe2a27596, L:/127.0.0.1:52741 - R:localhost/127.0.0.1:52735]
java.net.SocketException: Connection reset
	at java.base/sun.nio.ch.SocketChannelImpl.throwConnectionReset(SocketChannelImpl.java:345)
	at java.base/sun.nio.ch.SocketChannelImpl.read(SocketChannelImpl.java:376)
	at io.netty.buffer.PooledByteBuf.setBytes(PooledByteBuf.java:258)
	at io.netty.buffer.AbstractByteBuf.writeBytes(AbstractByteBuf.java:1132)
	at io.netty.channel.socket.nio.NioSocketChannel.doReadBytes(NioSocketChannel.java:350)
	at io.netty.channel.nio.AbstractNioByteChannel$NioByteUnsafe.read(AbstractNioByteChannel.java:151)
	at io.netty.channel.nio.NioEventLoop.processSelectedKey(NioEventLoop.java:722)
	at io.netty.channel.nio.NioEventLoop.processSelectedKeysOptimized(NioEventLoop.java:658)
	at io.netty.channel.nio.NioEventLoop.processSelectedKeys(NioEventLoop.java:584)
	at io.netty.channel.nio.NioEventLoop.run(NioEventLoop.java:496)
	at io.netty.util.concurrent.SingleThreadEventExecutor$4.run(SingleThreadEventExecutor.java:986)
	at io.netty.util.internal.ThreadExecutorMap$2.run(ThreadExecutorMap.java:74)
	at io.netty.util.concurrent.FastThreadLocalRunnable.run(FastThreadLocalRunnable.java:30)
	at java.base/java.lang.Thread.run(Thread.java:830)
15:19:49.911 [AsyncHttpClient-1-8] DEBUG org.asynchttpclient.netty.channel.ChannelManager - Closing Channel [id: 0xe2a27596, L:/127.0.0.1:52741 - R:localhost/127.0.0.1:52735] 
15:19:49.912 [AsyncHttpClient-1-8] DEBUG org.asynchttpclient.netty.handler.HttpHandler - Channel Closed: [id: 0xe2a27596, L:/127.0.0.1:52741 ! R:localhost/127.0.0.1:52735] with attribute DISCARD
15:19:49.954 [AsyncHttpClient-1-7] DEBUG org.asynchttpclient.netty.handler.HttpHandler - 

Request DefaultFullHttpRequest(decodeResult: success, version: HTTP/1.1, content: EmptyByteBufBE)
DELETE /session/4280cf514b93485abf36b1e5e7374baf HTTP/1.1
User-Agent: selenium/4.1.2 (java windows)
Content-Type: application/json; charset=utf-8
host: localhost:53289
accept: */*

Response DefaultHttpResponse(decodeResult: success, version: HTTP/1.1)
HTTP/1.1 200 OK
Content-Type: application/json; charset=utf-8
cache-control: no-cache
content-length: 14

15:19:49.954 [AsyncHttpClient-1-7] DEBUG org.asynchttpclient.netty.channel.ChannelManager - Adding key: http://localhost:53289 for channel [id: 0xca248369, L:/127.0.0.1:52733 - R:localhost/127.0.0.1:53289]
15:19:50.126 [AsyncHttpClient-1-7] DEBUG org.asynchttpclient.netty.handler.HttpHandler - Channel Closed: [id: 0xca248369, L:/127.0.0.1:52733 ! R:localhost/127.0.0.1:53289] with attribute DISCARD
15:19:50.205 [AsyncHttpClient-1-1] DEBUG org.asynchttpclient.netty.channel.DefaultChannelPool - Entry count for : http://localhost:52735 : 1
15:19:50.205 [AsyncHttpClient-1-1] DEBUG org.asynchttpclient.netty.channel.DefaultChannelPool - Entry count for : http://localhost:53289 : 1
15:19:50.205 [AsyncHttpClient-1-1] DEBUG org.asynchttpclient.netty.channel.DefaultChannelPool - Adding Candidate expired Channel [id: 0xe2a27596, L:/127.0.0.1:52741 ! R:localhost/127.0.0.1:52735] isIdleTimeoutExpired=false isRemotelyClosed=true isTtlExpired=false
15:19:50.205 [AsyncHttpClient-1-1] DEBUG org.asynchttpclient.netty.channel.DefaultChannelPool - Closing Idle Channel [id: 0xe2a27596, L:/127.0.0.1:52741 ! R:localhost/127.0.0.1:52735]
15:19:50.205 [AsyncHttpClient-1-1] DEBUG org.asynchttpclient.netty.channel.DefaultChannelPool - Adding Candidate expired Channel [id: 0xca248369, L:/127.0.0.1:52733 ! R:localhost/127.0.0.1:53289] isIdleTimeoutExpired=false isRemotelyClosed=true isTtlExpired=false
15:19:50.205 [AsyncHttpClient-1-1] DEBUG org.asynchttpclient.netty.channel.DefaultChannelPool - Closing Idle Channel [id: 0xca248369, L:/127.0.0.1:52733 ! R:localhost/127.0.0.1:53289]
15:19:50.205 [AsyncHttpClient-1-1] DEBUG org.asynchttpclient.netty.channel.DefaultChannelPool - Closed 2 connections out of 2 in 0 ms
]]></system-out>
    <system-err><![CDATA[Starting Microsoft Edge WebDriver 111.0.1661.62 (0a8f453929e6410c973aa529a40485ce4e3e03db) on port 53289
To submit feedback, report a bug, or suggest new features, please visit https://github.com/MicrosoftEdge/EdgeWebDriver

Only local connections are allowed.
Please see https://aka.ms/WebDriverSecurity for suggestions on keeping Microsoft Edge WebDriver safe.

Microsoft Edge WebDriver was started successfully.
Apr 07, 2023 3:19:38 PM org.openqa.selenium.remote.ProtocolHandshake createSession
INFO: Detected dialect: W3C
Apr 07, 2023 3:19:38 PM org.openqa.selenium.devtools.CdpVersionFinder findNearestMatch
WARNING: Unable to find an exact match for CDP version 111, so returning the closest version found: a no-op implementation
Apr 07, 2023 3:19:38 PM org.openqa.selenium.devtools.CdpVersionFinder findNearestMatch
INFO: Unable to find CDP implementation matching 111.
Apr 07, 2023 3:19:38 PM org.openqa.selenium.chromium.ChromiumDriver lambda$new$3
WARNING: Unable to find version of CDP to use for . You may need to include a dependency on a specific version of the CDP using something similar to `org.seleniumhq.selenium:selenium-devtools-v86:4.1.2` where the version ("v86") matches the version of the chromium-based browser you're using and the version number of the artifact is the same as Selenium's.
]]></system-err>
  </testcase>
  <testcase name="Fitur Menu Baby #25" classname="Baby" time="11.545">
    <system-out><![CDATA[
Scenario Outline: Fitur Menu Baby &amp#27;[90m# src/test/resources/features/Baby.feature:117&amp#27;[0m
15:19:50.722 [main] INFO io.cucumber.core.plugin.SerenityReporter - Running feature from file:///C:/Users/alwi/IdeaProjects/uniqloweb/src/test/resources/features/Baby.feature
15:19:50.844 [main] DEBUG io.github.bonigarcia.wdm.cache.ResolutionCache - Resolution edge=111 in cache (valid until 16:02:35 07/04/2023 WIB)
15:19:50.847 [main] DEBUG io.github.bonigarcia.wdm.cache.ResolutionCache - Resolution edge111=111.0.1661.62 in cache (valid until 15:02:35 08/04/2023 WIB)
15:19:50.852 [main] INFO io.github.bonigarcia.wdm.WebDriverManager - Using msedgedriver 111.0.1661.62 (resolved driver for Edge 111)
15:19:50.862 [main] DEBUG io.github.bonigarcia.wdm.WebDriverManager - Driver msedgedriver 111.0.1661.62 found in cache
15:19:50.863 [main] INFO io.github.bonigarcia.wdm.WebDriverManager - Exporting webdriver.edge.driver as C:\Users\alwi\.cache\selenium\msedgedriver\win64\111.0.1661.62\msedgedriver.exe
15:19:50.865 [main] DEBUG net.serenitybdd.core.webdriver.driverproviders.ProvideNewDriver - Instantiating driver
15:19:50.865 [main] DEBUG net.serenitybdd.core.webdriver.driverproviders.ProvideNewDriver - Driver capabilities: Capabilities {base.url: https://www.uniqlo.com, chrome.driver: src/test/resources/webdrive..., driver: edge, ms:edgeChromium: true, ms:edgeOptions: {}, wait.for.timeout: 6000}
15:19:51.407 [AsyncHttpClient-1-10] DEBUG org.asynchttpclient.netty.channel.NettyConnectListener - Using new Channel '[id: 0x553e61c9, L:/127.0.0.1:52881 - R:localhost/127.0.0.1:55825]' for 'POST' to '/session'
15:19:52.031 [AsyncHttpClient-1-10] DEBUG org.asynchttpclient.netty.handler.HttpHandler - 

Request DefaultHttpRequest(decodeResult: success, version: HTTP/1.1)
POST /session HTTP/1.1
User-Agent: selenium/4.1.2 (java windows)
Content-Length: 627
Content-Type: application/json; charset=utf-8
host: localhost:55825
accept: */*

Response DefaultHttpResponse(decodeResult: success, version: HTTP/1.1)
HTTP/1.1 200 OK
Content-Type: application/json; charset=utf-8
cache-control: no-cache
content-length: 824

15:19:52.031 [AsyncHttpClient-1-10] DEBUG org.asynchttpclient.netty.channel.ChannelManager - Adding key: http://localhost:55825 for channel [id: 0x553e61c9, L:/127.0.0.1:52881 - R:localhost/127.0.0.1:55825]
15:19:52.037 [AsyncHttpClient-1-11] DEBUG org.asynchttpclient.netty.channel.NettyConnectListener - Using new Channel '[id: 0xb897b48a, L:/127.0.0.1:52889 - R:localhost/127.0.0.1:52882]' for 'GET' to '/json/version'
15:19:52.037 [AsyncHttpClient-1-11] DEBUG org.asynchttpclient.netty.handler.HttpHandler - 

Request DefaultFullHttpRequest(decodeResult: success, version: HTTP/1.1, content: EmptyByteBufBE)
GET /json/version HTTP/1.1
User-Agent: selenium/4.1.2 (java windows)
host: localhost:52882
accept: */*

Response DefaultHttpResponse(decodeResult: success, version: HTTP/1.1)
HTTP/1.1 200 OK
Content-Security-Policy: frame-ancestors 'none'
Content-Type: application/json; charset=UTF-8
content-length: 436

15:19:52.038 [AsyncHttpClient-1-11] DEBUG org.asynchttpclient.netty.channel.ChannelManager - Adding key: http://localhost:52882 for channel [id: 0xb897b48a, L:/127.0.0.1:52889 - R:localhost/127.0.0.1:52882]
15:19:52.040 [AsyncHttpClient-1-12] DEBUG org.asynchttpclient.netty.channel.NettyConnectListener - Using new Channel '[id: 0xc1b13f13, L:/127.0.0.1:52890 - R:localhost/127.0.0.1:52882]' for 'GET' to '/devtools/browser/500f07fc-71db-41fd-a145-95c6663b1f3c'
15:19:52.040 [AsyncHttpClient-1-12] DEBUG org.asynchttpclient.netty.handler.WebSocketHandler - 

Request DefaultFullHttpRequest(decodeResult: success, version: HTTP/1.1, content: EmptyByteBufBE)
GET /devtools/browser/500f07fc-71db-41fd-a145-95c6663b1f3c HTTP/1.1
upgrade: websocket
connection: upgrade
sec-websocket-key: AYl3zSbqjN9dhx5zBYxWZg==
sec-websocket-version: 13
origin: http://localhost:52882
host: localhost:52882
accept: */*
user-agent: AHC/2.1

Response DefaultHttpResponse(decodeResult: success, version: HTTP/1.1)
HTTP/1.1 101 WebSocket Protocol Handshake
Upgrade: WebSocket
Connection: Upgrade
Sec-WebSocket-Accept: RhtX48w8miIBq29pQr0v7+/bufY=

15:19:52.043 [Forwarding get on session 31a90d3d2eb160319cd950e73d6195f4 to remote] DEBUG org.asynchttpclient.netty.request.NettyRequestSender - Using pooled Channel '[id: 0x553e61c9, L:/127.0.0.1:52881 - R:localhost/127.0.0.1:55825]' for 'POST' to 'http://localhost:55825/session/31a90d3d2eb160319cd950e73d6195f4/url'
15:19:52.043 [Forwarding get on session 31a90d3d2eb160319cd950e73d6195f4 to remote] DEBUG org.asynchttpclient.netty.request.NettyRequestSender - Using open Channel [id: 0x553e61c9, L:/127.0.0.1:52881 - R:localhost/127.0.0.1:55825] for POST '/session/31a90d3d2eb160319cd950e73d6195f4/url'
15:19:52.408 [AsyncHttpClient-1-1] DEBUG org.asynchttpclient.netty.channel.DefaultChannelPool - Entry count for : http://localhost:52882 : 1
15:19:53.506 [AsyncHttpClient-1-1] DEBUG org.asynchttpclient.netty.channel.DefaultChannelPool - Entry count for : http://localhost:52882 : 1
15:19:54.605 [AsyncHttpClient-1-1] DEBUG org.asynchttpclient.netty.channel.DefaultChannelPool - Entry count for : http://localhost:52882 : 1
15:19:55.706 [AsyncHttpClient-1-1] DEBUG org.asynchttpclient.netty.channel.DefaultChannelPool - Entry count for : http://localhost:52882 : 1
15:19:56.808 [AsyncHttpClient-1-1] DEBUG org.asynchttpclient.netty.channel.DefaultChannelPool - Entry count for : http://localhost:52882 : 1
15:19:57.906 [AsyncHttpClient-1-1] DEBUG org.asynchttpclient.netty.channel.DefaultChannelPool - Entry count for : http://localhost:52882 : 1
15:19:58.944 [AsyncHttpClient-1-10] DEBUG org.asynchttpclient.netty.handler.HttpHandler - 

Request DefaultHttpRequest(decodeResult: success, version: HTTP/1.1)
POST /session/31a90d3d2eb160319cd950e73d6195f4/url HTTP/1.1
User-Agent: selenium/4.1.2 (java windows)
Content-Length: 53
Content-Type: application/json; charset=utf-8
host: localhost:55825
accept: */*

Response DefaultHttpResponse(decodeResult: success, version: HTTP/1.1)
HTTP/1.1 200 OK
Content-Type: application/json; charset=utf-8
cache-control: no-cache
content-length: 14

15:19:58.944 [AsyncHttpClient-1-10] DEBUG org.asynchttpclient.netty.channel.ChannelManager - Adding key: http://localhost:55825 for channel [id: 0x553e61c9, L:/127.0.0.1:52881 - R:localhost/127.0.0.1:55825]
15:19:58.946 [Forwarding setTimeout on session 31a90d3d2eb160319cd950e73d6195f4 to remote] DEBUG org.asynchttpclient.netty.request.NettyRequestSender - Using pooled Channel '[id: 0x553e61c9, L:/127.0.0.1:52881 - R:localhost/127.0.0.1:55825]' for 'POST' to 'http://localhost:55825/session/31a90d3d2eb160319cd950e73d6195f4/timeouts'
15:19:58.946 [Forwarding setTimeout on session 31a90d3d2eb160319cd950e73d6195f4 to remote] DEBUG org.asynchttpclient.netty.request.NettyRequestSender - Using open Channel [id: 0x553e61c9, L:/127.0.0.1:52881 - R:localhost/127.0.0.1:55825] for POST '/session/31a90d3d2eb160319cd950e73d6195f4/timeouts'
15:19:58.948 [AsyncHttpClient-1-10] DEBUG org.asynchttpclient.netty.handler.HttpHandler - 

Request DefaultHttpRequest(decodeResult: success, version: HTTP/1.1)
POST /session/31a90d3d2eb160319cd950e73d6195f4/timeouts HTTP/1.1
User-Agent: selenium/4.1.2 (java windows)
Content-Length: 22
Content-Type: application/json; charset=utf-8
host: localhost:55825
accept: */*

Response DefaultHttpResponse(decodeResult: success, version: HTTP/1.1)
HTTP/1.1 200 OK
Content-Type: application/json; charset=utf-8
cache-control: no-cache
content-length: 14

15:19:58.948 [AsyncHttpClient-1-10] DEBUG org.asynchttpclient.netty.channel.ChannelManager - Adding key: http://localhost:55825 for channel [id: 0x553e61c9, L:/127.0.0.1:52881 - R:localhost/127.0.0.1:55825]
15:19:58.952 [Forwarding getCurrentUrl on session 31a90d3d2eb160319cd950e73d6195f4 to remote] DEBUG org.asynchttpclient.netty.request.NettyRequestSender - Using pooled Channel '[id: 0x553e61c9, L:/127.0.0.1:52881 - R:localhost/127.0.0.1:55825]' for 'GET' to 'http://localhost:55825/session/31a90d3d2eb160319cd950e73d6195f4/url'
15:19:58.952 [Forwarding getCurrentUrl on session 31a90d3d2eb160319cd950e73d6195f4 to remote] DEBUG org.asynchttpclient.netty.request.NettyRequestSender - Using open Channel [id: 0x553e61c9, L:/127.0.0.1:52881 - R:localhost/127.0.0.1:55825] for GET '/session/31a90d3d2eb160319cd950e73d6195f4/url'
15:19:58.956 [AsyncHttpClient-1-10] DEBUG org.asynchttpclient.netty.handler.HttpHandler - 

Request DefaultFullHttpRequest(decodeResult: success, version: HTTP/1.1, content: EmptyByteBufBE)
GET /session/31a90d3d2eb160319cd950e73d6195f4/url HTTP/1.1
User-Agent: selenium/4.1.2 (java windows)
Cache-Control: no-cache
Content-Type: application/json; charset=utf-8
host: localhost:55825
accept: */*

Response DefaultHttpResponse(decodeResult: success, version: HTTP/1.1)
HTTP/1.1 200 OK
Content-Type: application/json; charset=utf-8
cache-control: no-cache
content-length: 41

15:19:58.957 [AsyncHttpClient-1-10] DEBUG org.asynchttpclient.netty.channel.ChannelManager - Adding key: http://localhost:55825 for channel [id: 0x553e61c9, L:/127.0.0.1:52881 - R:localhost/127.0.0.1:55825]
  &amp#27;[32mGiven &amp#27;[0m&amp#27;[32mI am on the home page&amp#27;[0m     &amp#27;[90m# starter.stepdefinitions.BabyStep.iAmOnTheHomePage()&amp#27;[0m
15:19:58.963 [Forwarding screenshot on session 31a90d3d2eb160319cd950e73d6195f4 to remote] DEBUG org.asynchttpclient.netty.request.NettyRequestSender - Using pooled Channel '[id: 0x553e61c9, L:/127.0.0.1:52881 - R:localhost/127.0.0.1:55825]' for 'GET' to 'http://localhost:55825/session/31a90d3d2eb160319cd950e73d6195f4/screenshot'
15:19:58.963 [Forwarding screenshot on session 31a90d3d2eb160319cd950e73d6195f4 to remote] DEBUG org.asynchttpclient.netty.request.NettyRequestSender - Using open Channel [id: 0x553e61c9, L:/127.0.0.1:52881 - R:localhost/127.0.0.1:55825] for GET '/session/31a90d3d2eb160319cd950e73d6195f4/screenshot'
15:19:59.015 [AsyncHttpClient-1-1] DEBUG org.asynchttpclient.netty.channel.DefaultChannelPool - Entry count for : http://localhost:52882 : 1
15:19:59.289 [AsyncHttpClient-1-10] DEBUG org.asynchttpclient.netty.handler.HttpHandler - 

Request DefaultFullHttpRequest(decodeResult: success, version: HTTP/1.1, content: EmptyByteBufBE)
GET /session/31a90d3d2eb160319cd950e73d6195f4/screenshot HTTP/1.1
User-Agent: selenium/4.1.2 (java windows)
Cache-Control: no-cache
Content-Type: application/json; charset=utf-8
host: localhost:55825
accept: */*

Response DefaultHttpResponse(decodeResult: success, version: HTTP/1.1)
HTTP/1.1 200 OK
Content-Type: application/json; charset=utf-8
cache-control: no-cache
content-length: 1022316

15:19:59.291 [AsyncHttpClient-1-10] DEBUG org.asynchttpclient.netty.channel.ChannelManager - Adding key: http://localhost:55825 for channel [id: 0x553e61c9, L:/127.0.0.1:52881 - R:localhost/127.0.0.1:55825]
15:19:59.322 [main] DEBUG net.serenitybdd.core.photography.Darkroom - Send negative for processing for target\site\serenity\b0ddf3608b8f51a6a3adc36e4acd901b7a2c5b7adc6fd42a924a7c7a6358c0ea.png
15:19:59.335 [Forwarding findElement on session 31a90d3d2eb160319cd950e73d6195f4 to remote] DEBUG org.asynchttpclient.netty.request.NettyRequestSender - Using pooled Channel '[id: 0x553e61c9, L:/127.0.0.1:52881 - R:localhost/127.0.0.1:55825]' for 'POST' to 'http://localhost:55825/session/31a90d3d2eb160319cd950e73d6195f4/element'
15:19:59.335 [Forwarding findElement on session 31a90d3d2eb160319cd950e73d6195f4 to remote] DEBUG org.asynchttpclient.netty.request.NettyRequestSender - Using open Channel [id: 0x553e61c9, L:/127.0.0.1:52881 - R:localhost/127.0.0.1:55825] for POST '/session/31a90d3d2eb160319cd950e73d6195f4/element'
15:19:59.361 [AsyncHttpClient-1-10] DEBUG org.asynchttpclient.netty.handler.HttpHandler - 

Request DefaultHttpRequest(decodeResult: success, version: HTTP/1.1)
POST /session/31a90d3d2eb160319cd950e73d6195f4/element HTTP/1.1
User-Agent: selenium/4.1.2 (java windows)
Content-Length: 81
Content-Type: application/json; charset=utf-8
host: localhost:55825
accept: */*

Response DefaultHttpResponse(decodeResult: success, version: HTTP/1.1)
HTTP/1.1 200 OK
Content-Type: application/json; charset=utf-8
cache-control: no-cache
content-length: 88

15:19:59.361 [AsyncHttpClient-1-10] DEBUG org.asynchttpclient.netty.channel.ChannelManager - Adding key: http://localhost:55825 for channel [id: 0x553e61c9, L:/127.0.0.1:52881 - R:localhost/127.0.0.1:55825]
15:19:59.362 [Forwarding getElementTagName on session 31a90d3d2eb160319cd950e73d6195f4 to remote] DEBUG org.asynchttpclient.netty.request.NettyRequestSender - Using pooled Channel '[id: 0x553e61c9, L:/127.0.0.1:52881 - R:localhost/127.0.0.1:55825]' for 'GET' to 'http://localhost:55825/session/31a90d3d2eb160319cd950e73d6195f4/element/27f08b56-fb27-4fa7-941f-4952ad25b9c5/name'
15:19:59.362 [Forwarding getElementTagName on session 31a90d3d2eb160319cd950e73d6195f4 to remote] DEBUG org.asynchttpclient.netty.request.NettyRequestSender - Using open Channel [id: 0x553e61c9, L:/127.0.0.1:52881 - R:localhost/127.0.0.1:55825] for GET '/session/31a90d3d2eb160319cd950e73d6195f4/element/27f08b56-fb27-4fa7-941f-4952ad25b9c5/name'
15:19:59.367 [AsyncHttpClient-1-10] DEBUG org.asynchttpclient.netty.handler.HttpHandler - 

Request DefaultFullHttpRequest(decodeResult: success, version: HTTP/1.1, content: EmptyByteBufBE)
GET /session/31a90d3d2eb160319cd950e73d6195f4/element/27f08b56-fb27-4fa7-941f-4952ad25b9c5/name HTTP/1.1
User-Agent: selenium/4.1.2 (java windows)
Cache-Control: no-cache
Content-Type: application/json; charset=utf-8
host: localhost:55825
accept: */*

Response DefaultHttpResponse(decodeResult: success, version: HTTP/1.1)
HTTP/1.1 200 OK
Content-Type: application/json; charset=utf-8
cache-control: no-cache
content-length: 16

15:19:59.367 [AsyncHttpClient-1-10] DEBUG org.asynchttpclient.netty.channel.ChannelManager - Adding key: http://localhost:55825 for channel [id: 0x553e61c9, L:/127.0.0.1:52881 - R:localhost/127.0.0.1:55825]
15:19:59.369 [Forwarding getElementTagName on session 31a90d3d2eb160319cd950e73d6195f4 to remote] DEBUG org.asynchttpclient.netty.request.NettyRequestSender - Using pooled Channel '[id: 0x553e61c9, L:/127.0.0.1:52881 - R:localhost/127.0.0.1:55825]' for 'GET' to 'http://localhost:55825/session/31a90d3d2eb160319cd950e73d6195f4/element/27f08b56-fb27-4fa7-941f-4952ad25b9c5/name'
15:19:59.369 [Forwarding getElementTagName on session 31a90d3d2eb160319cd950e73d6195f4 to remote] DEBUG org.asynchttpclient.netty.request.NettyRequestSender - Using open Channel [id: 0x553e61c9, L:/127.0.0.1:52881 - R:localhost/127.0.0.1:55825] for GET '/session/31a90d3d2eb160319cd950e73d6195f4/element/27f08b56-fb27-4fa7-941f-4952ad25b9c5/name'
15:19:59.371 [AsyncHttpClient-1-10] DEBUG org.asynchttpclient.netty.handler.HttpHandler - 

Request DefaultFullHttpRequest(decodeResult: success, version: HTTP/1.1, content: EmptyByteBufBE)
GET /session/31a90d3d2eb160319cd950e73d6195f4/element/27f08b56-fb27-4fa7-941f-4952ad25b9c5/name HTTP/1.1
User-Agent: selenium/4.1.2 (java windows)
Cache-Control: no-cache
Content-Type: application/json; charset=utf-8
host: localhost:55825
accept: */*

Response DefaultHttpResponse(decodeResult: success, version: HTTP/1.1)
HTTP/1.1 200 OK
Content-Type: application/json; charset=utf-8
cache-control: no-cache
content-length: 16

15:19:59.371 [AsyncHttpClient-1-10] DEBUG org.asynchttpclient.netty.channel.ChannelManager - Adding key: http://localhost:55825 for channel [id: 0x553e61c9, L:/127.0.0.1:52881 - R:localhost/127.0.0.1:55825]
15:19:59.372 [Forwarding findElement on session 31a90d3d2eb160319cd950e73d6195f4 to remote] DEBUG org.asynchttpclient.netty.request.NettyRequestSender - Using pooled Channel '[id: 0x553e61c9, L:/127.0.0.1:52881 - R:localhost/127.0.0.1:55825]' for 'POST' to 'http://localhost:55825/session/31a90d3d2eb160319cd950e73d6195f4/element'
15:19:59.372 [Forwarding findElement on session 31a90d3d2eb160319cd950e73d6195f4 to remote] DEBUG org.asynchttpclient.netty.request.NettyRequestSender - Using open Channel [id: 0x553e61c9, L:/127.0.0.1:52881 - R:localhost/127.0.0.1:55825] for POST '/session/31a90d3d2eb160319cd950e73d6195f4/element'
15:19:59.378 [AsyncHttpClient-1-10] DEBUG org.asynchttpclient.netty.handler.HttpHandler - 

Request DefaultHttpRequest(decodeResult: success, version: HTTP/1.1)
POST /session/31a90d3d2eb160319cd950e73d6195f4/element HTTP/1.1
User-Agent: selenium/4.1.2 (java windows)
Content-Length: 81
Content-Type: application/json; charset=utf-8
host: localhost:55825
accept: */*

Response DefaultHttpResponse(decodeResult: success, version: HTTP/1.1)
HTTP/1.1 200 OK
Content-Type: application/json; charset=utf-8
cache-control: no-cache
content-length: 88

15:19:59.378 [AsyncHttpClient-1-10] DEBUG org.asynchttpclient.netty.channel.ChannelManager - Adding key: http://localhost:55825 for channel [id: 0x553e61c9, L:/127.0.0.1:52881 - R:localhost/127.0.0.1:55825]
15:19:59.379 [Forwarding clickElement on session 31a90d3d2eb160319cd950e73d6195f4 to remote] DEBUG org.asynchttpclient.netty.request.NettyRequestSender - Using pooled Channel '[id: 0x553e61c9, L:/127.0.0.1:52881 - R:localhost/127.0.0.1:55825]' for 'POST' to 'http://localhost:55825/session/31a90d3d2eb160319cd950e73d6195f4/element/27f08b56-fb27-4fa7-941f-4952ad25b9c5/click'
15:19:59.379 [Forwarding clickElement on session 31a90d3d2eb160319cd950e73d6195f4 to remote] DEBUG org.asynchttpclient.netty.request.NettyRequestSender - Using open Channel [id: 0x553e61c9, L:/127.0.0.1:52881 - R:localhost/127.0.0.1:55825] for POST '/session/31a90d3d2eb160319cd950e73d6195f4/element/27f08b56-fb27-4fa7-941f-4952ad25b9c5/click'
15:19:59.830 [AsyncHttpClient-1-10] DEBUG org.asynchttpclient.netty.handler.HttpHandler - 

Request DefaultHttpRequest(decodeResult: success, version: HTTP/1.1)
POST /session/31a90d3d2eb160319cd950e73d6195f4/element/27f08b56-fb27-4fa7-941f-4952ad25b9c5/click HTTP/1.1
User-Agent: selenium/4.1.2 (java windows)
Content-Length: 50
Content-Type: application/json; charset=utf-8
host: localhost:55825
accept: */*

Response DefaultHttpResponse(decodeResult: success, version: HTTP/1.1)
HTTP/1.1 200 OK
Content-Type: application/json; charset=utf-8
cache-control: no-cache
content-length: 14

15:19:59.830 [AsyncHttpClient-1-10] DEBUG org.asynchttpclient.netty.channel.ChannelManager - Adding key: http://localhost:55825 for channel [id: 0x553e61c9, L:/127.0.0.1:52881 - R:localhost/127.0.0.1:55825]
  &amp#27;[32mThen &amp#27;[0m&amp#27;[32mI click baby on the header&amp#27;[0m &amp#27;[90m# starter.stepdefinitions.BabyStep.iClickBabyOnTheHeader()&amp#27;[0m
15:19:59.838 [Forwarding screenshot on session 31a90d3d2eb160319cd950e73d6195f4 to remote] DEBUG org.asynchttpclient.netty.request.NettyRequestSender - Using pooled Channel '[id: 0x553e61c9, L:/127.0.0.1:52881 - R:localhost/127.0.0.1:55825]' for 'GET' to 'http://localhost:55825/session/31a90d3d2eb160319cd950e73d6195f4/screenshot'
15:19:59.838 [Forwarding screenshot on session 31a90d3d2eb160319cd950e73d6195f4 to remote] DEBUG org.asynchttpclient.netty.request.NettyRequestSender - Using open Channel [id: 0x553e61c9, L:/127.0.0.1:52881 - R:localhost/127.0.0.1:55825] for GET '/session/31a90d3d2eb160319cd950e73d6195f4/screenshot'
15:20:00.105 [AsyncHttpClient-1-1] DEBUG org.asynchttpclient.netty.channel.DefaultChannelPool - Entry count for : http://localhost:52882 : 1
15:20:00.668 [AsyncHttpClient-1-10] DEBUG org.asynchttpclient.netty.handler.HttpHandler - 

Request DefaultFullHttpRequest(decodeResult: success, version: HTTP/1.1, content: EmptyByteBufBE)
GET /session/31a90d3d2eb160319cd950e73d6195f4/screenshot HTTP/1.1
User-Agent: selenium/4.1.2 (java windows)
Cache-Control: no-cache
Content-Type: application/json; charset=utf-8
host: localhost:55825
accept: */*

Response DefaultHttpResponse(decodeResult: success, version: HTTP/1.1)
HTTP/1.1 200 OK
Content-Type: application/json; charset=utf-8
cache-control: no-cache
content-length: 62380

15:20:00.669 [AsyncHttpClient-1-10] DEBUG org.asynchttpclient.netty.channel.ChannelManager - Adding key: http://localhost:55825 for channel [id: 0x553e61c9, L:/127.0.0.1:52881 - R:localhost/127.0.0.1:55825]
15:20:00.672 [main] DEBUG net.serenitybdd.core.photography.Darkroom - Send negative for processing for target\site\serenity\755f4ca2f15f7fdf9e650a096c2a7ead3d0187ed7a32614e4d736bff08dff378.png
15:20:00.682 [Forwarding findElement on session 31a90d3d2eb160319cd950e73d6195f4 to remote] DEBUG org.asynchttpclient.netty.request.NettyRequestSender - Using pooled Channel '[id: 0x553e61c9, L:/127.0.0.1:52881 - R:localhost/127.0.0.1:55825]' for 'POST' to 'http://localhost:55825/session/31a90d3d2eb160319cd950e73d6195f4/element'
15:20:00.682 [Forwarding findElement on session 31a90d3d2eb160319cd950e73d6195f4 to remote] DEBUG org.asynchttpclient.netty.request.NettyRequestSender - Using open Channel [id: 0x553e61c9, L:/127.0.0.1:52881 - R:localhost/127.0.0.1:55825] for POST '/session/31a90d3d2eb160319cd950e73d6195f4/element'
15:20:00.718 [AsyncHttpClient-1-10] DEBUG org.asynchttpclient.netty.handler.HttpHandler - 

Request DefaultHttpRequest(decodeResult: success, version: HTTP/1.1)
POST /session/31a90d3d2eb160319cd950e73d6195f4/element HTTP/1.1
User-Agent: selenium/4.1.2 (java windows)
Content-Length: 107
Content-Type: application/json; charset=utf-8
host: localhost:55825
accept: */*

Response DefaultHttpResponse(decodeResult: success, version: HTTP/1.1)
HTTP/1.1 200 OK
Content-Type: application/json; charset=utf-8
cache-control: no-cache
content-length: 88

15:20:00.718 [AsyncHttpClient-1-10] DEBUG org.asynchttpclient.netty.channel.ChannelManager - Adding key: http://localhost:55825 for channel [id: 0x553e61c9, L:/127.0.0.1:52881 - R:localhost/127.0.0.1:55825]
15:20:00.719 [Forwarding getElementTagName on session 31a90d3d2eb160319cd950e73d6195f4 to remote] DEBUG org.asynchttpclient.netty.request.NettyRequestSender - Using pooled Channel '[id: 0x553e61c9, L:/127.0.0.1:52881 - R:localhost/127.0.0.1:55825]' for 'GET' to 'http://localhost:55825/session/31a90d3d2eb160319cd950e73d6195f4/element/e2c1e26b-285b-4d59-89e2-579b03056761/name'
15:20:00.719 [Forwarding getElementTagName on session 31a90d3d2eb160319cd950e73d6195f4 to remote] DEBUG org.asynchttpclient.netty.request.NettyRequestSender - Using open Channel [id: 0x553e61c9, L:/127.0.0.1:52881 - R:localhost/127.0.0.1:55825] for GET '/session/31a90d3d2eb160319cd950e73d6195f4/element/e2c1e26b-285b-4d59-89e2-579b03056761/name'
15:20:00.722 [AsyncHttpClient-1-10] DEBUG org.asynchttpclient.netty.handler.HttpHandler - 

Request DefaultFullHttpRequest(decodeResult: success, version: HTTP/1.1, content: EmptyByteBufBE)
GET /session/31a90d3d2eb160319cd950e73d6195f4/element/e2c1e26b-285b-4d59-89e2-579b03056761/name HTTP/1.1
User-Agent: selenium/4.1.2 (java windows)
Cache-Control: no-cache
Content-Type: application/json; charset=utf-8
host: localhost:55825
accept: */*

Response DefaultHttpResponse(decodeResult: success, version: HTTP/1.1)
HTTP/1.1 200 OK
Content-Type: application/json; charset=utf-8
cache-control: no-cache
content-length: 16

15:20:00.722 [AsyncHttpClient-1-10] DEBUG org.asynchttpclient.netty.channel.ChannelManager - Adding key: http://localhost:55825 for channel [id: 0x553e61c9, L:/127.0.0.1:52881 - R:localhost/127.0.0.1:55825]
15:20:00.723 [Forwarding getElementTagName on session 31a90d3d2eb160319cd950e73d6195f4 to remote] DEBUG org.asynchttpclient.netty.request.NettyRequestSender - Using pooled Channel '[id: 0x553e61c9, L:/127.0.0.1:52881 - R:localhost/127.0.0.1:55825]' for 'GET' to 'http://localhost:55825/session/31a90d3d2eb160319cd950e73d6195f4/element/e2c1e26b-285b-4d59-89e2-579b03056761/name'
15:20:00.723 [Forwarding getElementTagName on session 31a90d3d2eb160319cd950e73d6195f4 to remote] DEBUG org.asynchttpclient.netty.request.NettyRequestSender - Using open Channel [id: 0x553e61c9, L:/127.0.0.1:52881 - R:localhost/127.0.0.1:55825] for GET '/session/31a90d3d2eb160319cd950e73d6195f4/element/e2c1e26b-285b-4d59-89e2-579b03056761/name'
15:20:00.725 [AsyncHttpClient-1-10] DEBUG org.asynchttpclient.netty.handler.HttpHandler - 

Request DefaultFullHttpRequest(decodeResult: success, version: HTTP/1.1, content: EmptyByteBufBE)
GET /session/31a90d3d2eb160319cd950e73d6195f4/element/e2c1e26b-285b-4d59-89e2-579b03056761/name HTTP/1.1
User-Agent: selenium/4.1.2 (java windows)
Cache-Control: no-cache
Content-Type: application/json; charset=utf-8
host: localhost:55825
accept: */*

Response DefaultHttpResponse(decodeResult: success, version: HTTP/1.1)
HTTP/1.1 200 OK
Content-Type: application/json; charset=utf-8
cache-control: no-cache
content-length: 16

15:20:00.725 [AsyncHttpClient-1-10] DEBUG org.asynchttpclient.netty.channel.ChannelManager - Adding key: http://localhost:55825 for channel [id: 0x553e61c9, L:/127.0.0.1:52881 - R:localhost/127.0.0.1:55825]
15:20:00.727 [Forwarding findElement on session 31a90d3d2eb160319cd950e73d6195f4 to remote] DEBUG org.asynchttpclient.netty.request.NettyRequestSender - Using pooled Channel '[id: 0x553e61c9, L:/127.0.0.1:52881 - R:localhost/127.0.0.1:55825]' for 'POST' to 'http://localhost:55825/session/31a90d3d2eb160319cd950e73d6195f4/element'
15:20:00.727 [Forwarding findElement on session 31a90d3d2eb160319cd950e73d6195f4 to remote] DEBUG org.asynchttpclient.netty.request.NettyRequestSender - Using open Channel [id: 0x553e61c9, L:/127.0.0.1:52881 - R:localhost/127.0.0.1:55825] for POST '/session/31a90d3d2eb160319cd950e73d6195f4/element'
15:20:00.747 [AsyncHttpClient-1-10] DEBUG org.asynchttpclient.netty.handler.HttpHandler - 

Request DefaultHttpRequest(decodeResult: success, version: HTTP/1.1)
POST /session/31a90d3d2eb160319cd950e73d6195f4/element HTTP/1.1
User-Agent: selenium/4.1.2 (java windows)
Content-Length: 107
Content-Type: application/json; charset=utf-8
host: localhost:55825
accept: */*

Response DefaultHttpResponse(decodeResult: success, version: HTTP/1.1)
HTTP/1.1 200 OK
Content-Type: application/json; charset=utf-8
cache-control: no-cache
content-length: 88

15:20:00.747 [AsyncHttpClient-1-10] DEBUG org.asynchttpclient.netty.channel.ChannelManager - Adding key: http://localhost:55825 for channel [id: 0x553e61c9, L:/127.0.0.1:52881 - R:localhost/127.0.0.1:55825]
15:20:00.749 [Forwarding clickElement on session 31a90d3d2eb160319cd950e73d6195f4 to remote] DEBUG org.asynchttpclient.netty.request.NettyRequestSender - Using pooled Channel '[id: 0x553e61c9, L:/127.0.0.1:52881 - R:localhost/127.0.0.1:55825]' for 'POST' to 'http://localhost:55825/session/31a90d3d2eb160319cd950e73d6195f4/element/e2c1e26b-285b-4d59-89e2-579b03056761/click'
15:20:00.749 [Forwarding clickElement on session 31a90d3d2eb160319cd950e73d6195f4 to remote] DEBUG org.asynchttpclient.netty.request.NettyRequestSender - Using open Channel [id: 0x553e61c9, L:/127.0.0.1:52881 - R:localhost/127.0.0.1:55825] for POST '/session/31a90d3d2eb160319cd950e73d6195f4/element/e2c1e26b-285b-4d59-89e2-579b03056761/click'
15:20:01.008 [AsyncHttpClient-1-10] DEBUG org.asynchttpclient.netty.handler.HttpHandler - 

Request DefaultHttpRequest(decodeResult: success, version: HTTP/1.1)
POST /session/31a90d3d2eb160319cd950e73d6195f4/element/e2c1e26b-285b-4d59-89e2-579b03056761/click HTTP/1.1
User-Agent: selenium/4.1.2 (java windows)
Content-Length: 50
Content-Type: application/json; charset=utf-8
host: localhost:55825
accept: */*

Response DefaultHttpResponse(decodeResult: success, version: HTTP/1.1)
HTTP/1.1 200 OK
Content-Type: application/json; charset=utf-8
cache-control: no-cache
content-length: 14

15:20:01.008 [AsyncHttpClient-1-10] DEBUG org.asynchttpclient.netty.channel.ChannelManager - Adding key: http://localhost:55825 for channel [id: 0x553e61c9, L:/127.0.0.1:52881 - R:localhost/127.0.0.1:55825]
  &amp#27;[32mWhen &amp#27;[0m&amp#27;[32mI will go to &amp#27;[0m&amp#27;[32m&amp#27;[1m"kaosKaki2"&amp#27;[0m   &amp#27;[90m# starter.stepdefinitions.BabyStep.iWillGoTo(java.lang.String)&amp#27;[0m
15:20:01.013 [Forwarding screenshot on session 31a90d3d2eb160319cd950e73d6195f4 to remote] DEBUG org.asynchttpclient.netty.request.NettyRequestSender - Using pooled Channel '[id: 0x553e61c9, L:/127.0.0.1:52881 - R:localhost/127.0.0.1:55825]' for 'GET' to 'http://localhost:55825/session/31a90d3d2eb160319cd950e73d6195f4/screenshot'
15:20:01.013 [Forwarding screenshot on session 31a90d3d2eb160319cd950e73d6195f4 to remote] DEBUG org.asynchttpclient.netty.request.NettyRequestSender - Using open Channel [id: 0x553e61c9, L:/127.0.0.1:52881 - R:localhost/127.0.0.1:55825] for GET '/session/31a90d3d2eb160319cd950e73d6195f4/screenshot'
15:20:01.215 [AsyncHttpClient-1-1] DEBUG org.asynchttpclient.netty.channel.DefaultChannelPool - Entry count for : http://localhost:52882 : 1
15:20:01.389 [AsyncHttpClient-1-10] DEBUG org.asynchttpclient.netty.handler.HttpHandler - 

Request DefaultFullHttpRequest(decodeResult: success, version: HTTP/1.1, content: EmptyByteBufBE)
GET /session/31a90d3d2eb160319cd950e73d6195f4/screenshot HTTP/1.1
User-Agent: selenium/4.1.2 (java windows)
Cache-Control: no-cache
Content-Type: application/json; charset=utf-8
host: localhost:55825
accept: */*

Response DefaultHttpResponse(decodeResult: success, version: HTTP/1.1)
HTTP/1.1 200 OK
Content-Type: application/json; charset=utf-8
cache-control: no-cache
content-length: 58388

15:20:01.389 [AsyncHttpClient-1-10] DEBUG org.asynchttpclient.netty.channel.ChannelManager - Adding key: http://localhost:55825 for channel [id: 0x553e61c9, L:/127.0.0.1:52881 - R:localhost/127.0.0.1:55825]
15:20:01.391 [main] DEBUG net.serenitybdd.core.photography.Darkroom - Send negative for processing for target\site\serenity\dfa69ce2feb24ecab635b8059e05852760bca3b8df334fc53fa118b30af9802a.png
15:20:01.391 [Darkroom Processing Line] DEBUG net.serenitybdd.core.photography.DarkroomProcessingLine - Processing screenshot image in /var/screenshots/screenshot-6275370887854621074
15:20:01.391 [Darkroom Processing Line] DEBUG net.serenitybdd.core.photography.DarkroomProcessingLine - Saving screenshot to target\site\serenity\dfa69ce2feb24ecab635b8059e05852760bca3b8df334fc53fa118b30af9802a.png
15:20:01.396 [Forwarding findElement on session 31a90d3d2eb160319cd950e73d6195f4 to remote] DEBUG org.asynchttpclient.netty.request.NettyRequestSender - Using pooled Channel '[id: 0x553e61c9, L:/127.0.0.1:52881 - R:localhost/127.0.0.1:55825]' for 'POST' to 'http://localhost:55825/session/31a90d3d2eb160319cd950e73d6195f4/element'
15:20:01.396 [Forwarding findElement on session 31a90d3d2eb160319cd950e73d6195f4 to remote] DEBUG org.asynchttpclient.netty.request.NettyRequestSender - Using open Channel [id: 0x553e61c9, L:/127.0.0.1:52881 - R:localhost/127.0.0.1:55825] for POST '/session/31a90d3d2eb160319cd950e73d6195f4/element'
15:20:01.406 [AsyncHttpClient-1-10] DEBUG org.asynchttpclient.netty.handler.HttpHandler - 

Request DefaultHttpRequest(decodeResult: success, version: HTTP/1.1)
POST /session/31a90d3d2eb160319cd950e73d6195f4/element HTTP/1.1
User-Agent: selenium/4.1.2 (java windows)
Content-Length: 92
Content-Type: application/json; charset=utf-8
host: localhost:55825
accept: */*

Response DefaultHttpResponse(decodeResult: success, version: HTTP/1.1)
HTTP/1.1 200 OK
Content-Type: application/json; charset=utf-8
cache-control: no-cache
content-length: 88

15:20:01.406 [AsyncHttpClient-1-10] DEBUG org.asynchttpclient.netty.channel.ChannelManager - Adding key: http://localhost:55825 for channel [id: 0x553e61c9, L:/127.0.0.1:52881 - R:localhost/127.0.0.1:55825]
15:20:01.408 [Forwarding isElementDisplayed on session 31a90d3d2eb160319cd950e73d6195f4 to remote] DEBUG org.asynchttpclient.netty.request.NettyRequestSender - Using pooled Channel '[id: 0x553e61c9, L:/127.0.0.1:52881 - R:localhost/127.0.0.1:55825]' for 'POST' to 'http://localhost:55825/session/31a90d3d2eb160319cd950e73d6195f4/execute/sync'
15:20:01.409 [Forwarding isElementDisplayed on session 31a90d3d2eb160319cd950e73d6195f4 to remote] DEBUG org.asynchttpclient.netty.request.NettyRequestSender - Using open Channel [id: 0x553e61c9, L:/127.0.0.1:52881 - R:localhost/127.0.0.1:55825] for POST '/session/31a90d3d2eb160319cd950e73d6195f4/execute/sync'
15:20:01.421 [AsyncHttpClient-1-10] DEBUG org.asynchttpclient.netty.handler.HttpHandler - 

Request DefaultHttpRequest(decodeResult: success, version: HTTP/1.1)
POST /session/31a90d3d2eb160319cd950e73d6195f4/execute/sync HTTP/1.1
User-Agent: selenium/4.1.2 (java windows)
Content-Length: 48780
Content-Type: application/json; charset=utf-8
host: localhost:55825
accept: */*

Response DefaultHttpResponse(decodeResult: success, version: HTTP/1.1)
HTTP/1.1 200 OK
Content-Type: application/json; charset=utf-8
cache-control: no-cache
content-length: 14

15:20:01.421 [AsyncHttpClient-1-10] DEBUG org.asynchttpclient.netty.channel.ChannelManager - Adding key: http://localhost:55825 for channel [id: 0x553e61c9, L:/127.0.0.1:52881 - R:localhost/127.0.0.1:55825]
  &amp#27;[32mAnd &amp#27;[0m&amp#27;[32mI &amp#27;[0m&amp#27;[32m&amp#27;[1m"txtKaosKaki2"&amp#27;[0m&amp#27;[32m page&amp#27;[0m       &amp#27;[90m# starter.stepdefinitions.BabyStep.iPage(java.lang.String)&amp#27;[0m
15:20:01.427 [AsyncHttpClient-1-12] DEBUG org.asynchttpclient.netty.handler.WebSocketHandler - Channel Closed: [id: 0xc1b13f13, L:/127.0.0.1:52890 ! R:localhost/127.0.0.1:52882] with attribute NettyResponseFuture{currentRetry=5,
	isDone=1,
	isCancelled=0,
	asyncHandler=org.asynchttpclient.ws.WebSocketUpgradeHandler@5d1e2fc,
	nettyRequest=org.asynchttpclient.netty.request.NettyRequest@580ef884,
	future=java.util.concurrent.CompletableFuture@63ba05e6[Completed normally],
	uri=ws://localhost:52882/devtools/browser/500f07fc-71db-41fd-a145-95c6663b1f3c,
	keepAlive=true,
	redirectCount=0,
	timeoutsHolder=null,
	inAuth=0,
	touch=1680855592040}
15:20:01.427 [AsyncHttpClient-1-12] DEBUG org.asynchttpclient.netty.channel.ChannelManager - Closing Channel [id: 0xc1b13f13, L:/127.0.0.1:52890 ! R:localhost/127.0.0.1:52882] 
15:20:01.427 [Driver Command Executor] DEBUG org.asynchttpclient.netty.request.NettyRequestSender - Using pooled Channel '[id: 0x553e61c9, L:/127.0.0.1:52881 - R:localhost/127.0.0.1:55825]' for 'DELETE' to 'http://localhost:55825/session/31a90d3d2eb160319cd950e73d6195f4'
15:20:01.427 [Driver Command Executor] DEBUG org.asynchttpclient.netty.request.NettyRequestSender - Using open Channel [id: 0x553e61c9, L:/127.0.0.1:52881 - R:localhost/127.0.0.1:55825] for DELETE '/session/31a90d3d2eb160319cd950e73d6195f4'
15:20:01.450 [AsyncHttpClient-1-11] DEBUG org.asynchttpclient.netty.handler.HttpHandler - Unexpected I/O exception on channel [id: 0xb897b48a, L:/127.0.0.1:52889 - R:localhost/127.0.0.1:52882]
java.net.SocketException: Connection reset
	at java.base/sun.nio.ch.SocketChannelImpl.throwConnectionReset(SocketChannelImpl.java:345)
	at java.base/sun.nio.ch.SocketChannelImpl.read(SocketChannelImpl.java:376)
	at io.netty.buffer.PooledByteBuf.setBytes(PooledByteBuf.java:258)
	at io.netty.buffer.AbstractByteBuf.writeBytes(AbstractByteBuf.java:1132)
	at io.netty.channel.socket.nio.NioSocketChannel.doReadBytes(NioSocketChannel.java:350)
	at io.netty.channel.nio.AbstractNioByteChannel$NioByteUnsafe.read(AbstractNioByteChannel.java:151)
	at io.netty.channel.nio.NioEventLoop.processSelectedKey(NioEventLoop.java:722)
	at io.netty.channel.nio.NioEventLoop.processSelectedKeysOptimized(NioEventLoop.java:658)
	at io.netty.channel.nio.NioEventLoop.processSelectedKeys(NioEventLoop.java:584)
	at io.netty.channel.nio.NioEventLoop.run(NioEventLoop.java:496)
	at io.netty.util.concurrent.SingleThreadEventExecutor$4.run(SingleThreadEventExecutor.java:986)
	at io.netty.util.internal.ThreadExecutorMap$2.run(ThreadExecutorMap.java:74)
	at io.netty.util.concurrent.FastThreadLocalRunnable.run(FastThreadLocalRunnable.java:30)
	at java.base/java.lang.Thread.run(Thread.java:830)
15:20:01.450 [AsyncHttpClient-1-11] DEBUG org.asynchttpclient.netty.channel.ChannelManager - Closing Channel [id: 0xb897b48a, L:/127.0.0.1:52889 - R:localhost/127.0.0.1:52882] 
15:20:01.450 [AsyncHttpClient-1-11] DEBUG org.asynchttpclient.netty.handler.HttpHandler - Channel Closed: [id: 0xb897b48a, L:/127.0.0.1:52889 ! R:localhost/127.0.0.1:52882] with attribute DISCARD
15:20:01.474 [AsyncHttpClient-1-10] DEBUG org.asynchttpclient.netty.handler.HttpHandler - 

Request DefaultFullHttpRequest(decodeResult: success, version: HTTP/1.1, content: EmptyByteBufBE)
DELETE /session/31a90d3d2eb160319cd950e73d6195f4 HTTP/1.1
User-Agent: selenium/4.1.2 (java windows)
Content-Type: application/json; charset=utf-8
host: localhost:55825
accept: */*

Response DefaultHttpResponse(decodeResult: success, version: HTTP/1.1)
HTTP/1.1 200 OK
Content-Type: application/json; charset=utf-8
cache-control: no-cache
content-length: 14

15:20:01.474 [AsyncHttpClient-1-10] DEBUG org.asynchttpclient.netty.channel.ChannelManager - Adding key: http://localhost:55825 for channel [id: 0x553e61c9, L:/127.0.0.1:52881 - R:localhost/127.0.0.1:55825]
15:20:01.670 [AsyncHttpClient-1-10] DEBUG org.asynchttpclient.netty.handler.HttpHandler - Channel Closed: [id: 0x553e61c9, L:/127.0.0.1:52881 ! R:localhost/127.0.0.1:55825] with attribute DISCARD
]]></system-out>
    <system-err><![CDATA[Starting Microsoft Edge WebDriver 111.0.1661.62 (0a8f453929e6410c973aa529a40485ce4e3e03db) on port 55825
To submit feedback, report a bug, or suggest new features, please visit https://github.com/MicrosoftEdge/EdgeWebDriver

Only local connections are allowed.
Please see https://aka.ms/WebDriverSecurity for suggestions on keeping Microsoft Edge WebDriver safe.

Microsoft Edge WebDriver was started successfully.
Apr 07, 2023 3:19:52 PM org.openqa.selenium.remote.ProtocolHandshake createSession
INFO: Detected dialect: W3C
Apr 07, 2023 3:19:52 PM org.openqa.selenium.devtools.CdpVersionFinder findNearestMatch
WARNING: Unable to find an exact match for CDP version 111, so returning the closest version found: a no-op implementation
Apr 07, 2023 3:19:52 PM org.openqa.selenium.devtools.CdpVersionFinder findNearestMatch
INFO: Unable to find CDP implementation matching 111.
Apr 07, 2023 3:19:52 PM org.openqa.selenium.chromium.ChromiumDriver lambda$new$3
WARNING: Unable to find version of CDP to use for . You may need to include a dependency on a specific version of the CDP using something similar to `org.seleniumhq.selenium:selenium-devtools-v86:4.1.2` where the version ("v86") matches the version of the chromium-based browser you're using and the version number of the artifact is the same as Selenium's.
]]></system-err>
  </testcase>
  <testcase name="Fitur Menu Baby #26" classname="Baby" time="12.753">
    <system-out><![CDATA[
Scenario Outline: Fitur Menu Baby &amp#27;[90m# src/test/resources/features/Baby.feature:118&amp#27;[0m
15:20:02.267 [main] INFO io.cucumber.core.plugin.SerenityReporter - Running feature from file:///C:/Users/alwi/IdeaProjects/uniqloweb/src/test/resources/features/Baby.feature
15:20:02.308 [AsyncHttpClient-1-1] DEBUG org.asynchttpclient.netty.channel.DefaultChannelPool - Entry count for : http://localhost:52882 : 1
15:20:02.308 [AsyncHttpClient-1-1] DEBUG org.asynchttpclient.netty.channel.DefaultChannelPool - Entry count for : http://localhost:55825 : 1
15:20:02.308 [AsyncHttpClient-1-1] DEBUG org.asynchttpclient.netty.channel.DefaultChannelPool - Adding Candidate expired Channel [id: 0xb897b48a, L:/127.0.0.1:52889 ! R:localhost/127.0.0.1:52882] isIdleTimeoutExpired=false isRemotelyClosed=true isTtlExpired=false
15:20:02.308 [AsyncHttpClient-1-1] DEBUG org.asynchttpclient.netty.channel.DefaultChannelPool - Closing Idle Channel [id: 0xb897b48a, L:/127.0.0.1:52889 ! R:localhost/127.0.0.1:52882]
15:20:02.308 [AsyncHttpClient-1-1] DEBUG org.asynchttpclient.netty.channel.DefaultChannelPool - Adding Candidate expired Channel [id: 0x553e61c9, L:/127.0.0.1:52881 ! R:localhost/127.0.0.1:55825] isIdleTimeoutExpired=false isRemotelyClosed=true isTtlExpired=false
15:20:02.308 [AsyncHttpClient-1-1] DEBUG org.asynchttpclient.netty.channel.DefaultChannelPool - Closing Idle Channel [id: 0x553e61c9, L:/127.0.0.1:52881 ! R:localhost/127.0.0.1:55825]
15:20:02.308 [AsyncHttpClient-1-1] DEBUG org.asynchttpclient.netty.channel.DefaultChannelPool - Closed 2 connections out of 2 in 0 ms
15:20:02.384 [main] DEBUG io.github.bonigarcia.wdm.cache.ResolutionCache - Resolution edge=111 in cache (valid until 16:02:35 07/04/2023 WIB)
15:20:02.388 [main] DEBUG io.github.bonigarcia.wdm.cache.ResolutionCache - Resolution edge111=111.0.1661.62 in cache (valid until 15:02:35 08/04/2023 WIB)
15:20:02.390 [main] INFO io.github.bonigarcia.wdm.WebDriverManager - Using msedgedriver 111.0.1661.62 (resolved driver for Edge 111)
15:20:02.399 [main] DEBUG io.github.bonigarcia.wdm.WebDriverManager - Driver msedgedriver 111.0.1661.62 found in cache
15:20:02.400 [main] INFO io.github.bonigarcia.wdm.WebDriverManager - Exporting webdriver.edge.driver as C:\Users\alwi\.cache\selenium\msedgedriver\win64\111.0.1661.62\msedgedriver.exe
15:20:02.401 [main] DEBUG net.serenitybdd.core.webdriver.driverproviders.ProvideNewDriver - Instantiating driver
15:20:02.401 [main] DEBUG net.serenitybdd.core.webdriver.driverproviders.ProvideNewDriver - Driver capabilities: Capabilities {base.url: https://www.uniqlo.com, chrome.driver: src/test/resources/webdrive..., driver: edge, ms:edgeChromium: true, ms:edgeOptions: {}, wait.for.timeout: 6000}
15:20:02.941 [AsyncHttpClient-1-13] DEBUG org.asynchttpclient.netty.channel.NettyConnectListener - Using new Channel '[id: 0x1c4fd037, L:/127.0.0.1:53014 - R:localhost/127.0.0.1:59928]' for 'POST' to '/session'
15:20:03.561 [AsyncHttpClient-1-13] DEBUG org.asynchttpclient.netty.handler.HttpHandler - 

Request DefaultHttpRequest(decodeResult: success, version: HTTP/1.1)
POST /session HTTP/1.1
User-Agent: selenium/4.1.2 (java windows)
Content-Length: 627
Content-Type: application/json; charset=utf-8
host: localhost:59928
accept: */*

Response DefaultHttpResponse(decodeResult: success, version: HTTP/1.1)
HTTP/1.1 200 OK
Content-Type: application/json; charset=utf-8
cache-control: no-cache
content-length: 823

15:20:03.561 [AsyncHttpClient-1-13] DEBUG org.asynchttpclient.netty.channel.ChannelManager - Adding key: http://localhost:59928 for channel [id: 0x1c4fd037, L:/127.0.0.1:53014 - R:localhost/127.0.0.1:59928]
15:20:03.568 [AsyncHttpClient-1-14] DEBUG org.asynchttpclient.netty.channel.NettyConnectListener - Using new Channel '[id: 0x1a547cba, L:/127.0.0.1:53022 - R:localhost/127.0.0.1:53016]' for 'GET' to '/json/version'
15:20:03.569 [AsyncHttpClient-1-14] DEBUG org.asynchttpclient.netty.handler.HttpHandler - 

Request DefaultFullHttpRequest(decodeResult: success, version: HTTP/1.1, content: EmptyByteBufBE)
GET /json/version HTTP/1.1
User-Agent: selenium/4.1.2 (java windows)
host: localhost:53016
accept: */*

Response DefaultHttpResponse(decodeResult: success, version: HTTP/1.1)
HTTP/1.1 200 OK
Content-Security-Policy: frame-ancestors 'none'
Content-Type: application/json; charset=UTF-8
content-length: 436

15:20:03.569 [AsyncHttpClient-1-14] DEBUG org.asynchttpclient.netty.channel.ChannelManager - Adding key: http://localhost:53016 for channel [id: 0x1a547cba, L:/127.0.0.1:53022 - R:localhost/127.0.0.1:53016]
15:20:03.572 [AsyncHttpClient-1-15] DEBUG org.asynchttpclient.netty.channel.NettyConnectListener - Using new Channel '[id: 0xd124ac55, L:/127.0.0.1:53023 - R:localhost/127.0.0.1:53016]' for 'GET' to '/devtools/browser/5307b0c6-b443-425c-8425-160db8bab23d'
15:20:03.573 [AsyncHttpClient-1-15] DEBUG org.asynchttpclient.netty.handler.WebSocketHandler - 

Request DefaultFullHttpRequest(decodeResult: success, version: HTTP/1.1, content: EmptyByteBufBE)
GET /devtools/browser/5307b0c6-b443-425c-8425-160db8bab23d HTTP/1.1
upgrade: websocket
connection: upgrade
sec-websocket-key: sKCW8hJ/R3J5kwwFP2u4cw==
sec-websocket-version: 13
origin: http://localhost:53016
host: localhost:53016
accept: */*
user-agent: AHC/2.1

Response DefaultHttpResponse(decodeResult: success, version: HTTP/1.1)
HTTP/1.1 101 WebSocket Protocol Handshake
Upgrade: WebSocket
Connection: Upgrade
Sec-WebSocket-Accept: t3/jZ5du6LinRDCx8INlkuytmM0=

15:20:03.577 [Forwarding get on session d46c018cd63903094f9f2f6f77c37123 to remote] DEBUG org.asynchttpclient.netty.request.NettyRequestSender - Using pooled Channel '[id: 0x1c4fd037, L:/127.0.0.1:53014 - R:localhost/127.0.0.1:59928]' for 'POST' to 'http://localhost:59928/session/d46c018cd63903094f9f2f6f77c37123/url'
15:20:03.577 [Forwarding get on session d46c018cd63903094f9f2f6f77c37123 to remote] DEBUG org.asynchttpclient.netty.request.NettyRequestSender - Using open Channel [id: 0x1c4fd037, L:/127.0.0.1:53014 - R:localhost/127.0.0.1:59928] for POST '/session/d46c018cd63903094f9f2f6f77c37123/url'
15:20:04.506 [AsyncHttpClient-1-1] DEBUG org.asynchttpclient.netty.channel.DefaultChannelPool - Entry count for : http://localhost:53016 : 1
15:20:05.609 [AsyncHttpClient-1-1] DEBUG org.asynchttpclient.netty.channel.DefaultChannelPool - Entry count for : http://localhost:53016 : 1
15:20:06.717 [AsyncHttpClient-1-1] DEBUG org.asynchttpclient.netty.channel.DefaultChannelPool - Entry count for : http://localhost:53016 : 1
15:20:07.821 [AsyncHttpClient-1-1] DEBUG org.asynchttpclient.netty.channel.DefaultChannelPool - Entry count for : http://localhost:53016 : 1
15:20:08.913 [AsyncHttpClient-1-1] DEBUG org.asynchttpclient.netty.channel.DefaultChannelPool - Entry count for : http://localhost:53016 : 1
15:20:10.006 [AsyncHttpClient-1-1] DEBUG org.asynchttpclient.netty.channel.DefaultChannelPool - Entry count for : http://localhost:53016 : 1
15:20:11.110 [AsyncHttpClient-1-1] DEBUG org.asynchttpclient.netty.channel.DefaultChannelPool - Entry count for : http://localhost:53016 : 1
15:20:11.576 [AsyncHttpClient-1-13] DEBUG org.asynchttpclient.netty.handler.HttpHandler - 

Request DefaultHttpRequest(decodeResult: success, version: HTTP/1.1)
POST /session/d46c018cd63903094f9f2f6f77c37123/url HTTP/1.1
User-Agent: selenium/4.1.2 (java windows)
Content-Length: 53
Content-Type: application/json; charset=utf-8
host: localhost:59928
accept: */*

Response DefaultHttpResponse(decodeResult: success, version: HTTP/1.1)
HTTP/1.1 200 OK
Content-Type: application/json; charset=utf-8
cache-control: no-cache
content-length: 14

15:20:11.576 [AsyncHttpClient-1-13] DEBUG org.asynchttpclient.netty.channel.ChannelManager - Adding key: http://localhost:59928 for channel [id: 0x1c4fd037, L:/127.0.0.1:53014 - R:localhost/127.0.0.1:59928]
15:20:11.577 [Forwarding setTimeout on session d46c018cd63903094f9f2f6f77c37123 to remote] DEBUG org.asynchttpclient.netty.request.NettyRequestSender - Using pooled Channel '[id: 0x1c4fd037, L:/127.0.0.1:53014 - R:localhost/127.0.0.1:59928]' for 'POST' to 'http://localhost:59928/session/d46c018cd63903094f9f2f6f77c37123/timeouts'
15:20:11.577 [Forwarding setTimeout on session d46c018cd63903094f9f2f6f77c37123 to remote] DEBUG org.asynchttpclient.netty.request.NettyRequestSender - Using open Channel [id: 0x1c4fd037, L:/127.0.0.1:53014 - R:localhost/127.0.0.1:59928] for POST '/session/d46c018cd63903094f9f2f6f77c37123/timeouts'
15:20:11.578 [AsyncHttpClient-1-13] DEBUG org.asynchttpclient.netty.handler.HttpHandler - 

Request DefaultHttpRequest(decodeResult: success, version: HTTP/1.1)
POST /session/d46c018cd63903094f9f2f6f77c37123/timeouts HTTP/1.1
User-Agent: selenium/4.1.2 (java windows)
Content-Length: 22
Content-Type: application/json; charset=utf-8
host: localhost:59928
accept: */*

Response DefaultHttpResponse(decodeResult: success, version: HTTP/1.1)
HTTP/1.1 200 OK
Content-Type: application/json; charset=utf-8
cache-control: no-cache
content-length: 14

15:20:11.578 [AsyncHttpClient-1-13] DEBUG org.asynchttpclient.netty.channel.ChannelManager - Adding key: http://localhost:59928 for channel [id: 0x1c4fd037, L:/127.0.0.1:53014 - R:localhost/127.0.0.1:59928]
15:20:11.581 [Forwarding getCurrentUrl on session d46c018cd63903094f9f2f6f77c37123 to remote] DEBUG org.asynchttpclient.netty.request.NettyRequestSender - Using pooled Channel '[id: 0x1c4fd037, L:/127.0.0.1:53014 - R:localhost/127.0.0.1:59928]' for 'GET' to 'http://localhost:59928/session/d46c018cd63903094f9f2f6f77c37123/url'
15:20:11.581 [Forwarding getCurrentUrl on session d46c018cd63903094f9f2f6f77c37123 to remote] DEBUG org.asynchttpclient.netty.request.NettyRequestSender - Using open Channel [id: 0x1c4fd037, L:/127.0.0.1:53014 - R:localhost/127.0.0.1:59928] for GET '/session/d46c018cd63903094f9f2f6f77c37123/url'
15:20:11.584 [AsyncHttpClient-1-13] DEBUG org.asynchttpclient.netty.handler.HttpHandler - 

Request DefaultFullHttpRequest(decodeResult: success, version: HTTP/1.1, content: EmptyByteBufBE)
GET /session/d46c018cd63903094f9f2f6f77c37123/url HTTP/1.1
User-Agent: selenium/4.1.2 (java windows)
Cache-Control: no-cache
Content-Type: application/json; charset=utf-8
host: localhost:59928
accept: */*

Response DefaultHttpResponse(decodeResult: success, version: HTTP/1.1)
HTTP/1.1 200 OK
Content-Type: application/json; charset=utf-8
cache-control: no-cache
content-length: 41

15:20:11.584 [AsyncHttpClient-1-13] DEBUG org.asynchttpclient.netty.channel.ChannelManager - Adding key: http://localhost:59928 for channel [id: 0x1c4fd037, L:/127.0.0.1:53014 - R:localhost/127.0.0.1:59928]
  &amp#27;[32mGiven &amp#27;[0m&amp#27;[32mI am on the home page&amp#27;[0m     &amp#27;[90m# starter.stepdefinitions.BabyStep.iAmOnTheHomePage()&amp#27;[0m
15:20:11.592 [Forwarding screenshot on session d46c018cd63903094f9f2f6f77c37123 to remote] DEBUG org.asynchttpclient.netty.request.NettyRequestSender - Using pooled Channel '[id: 0x1c4fd037, L:/127.0.0.1:53014 - R:localhost/127.0.0.1:59928]' for 'GET' to 'http://localhost:59928/session/d46c018cd63903094f9f2f6f77c37123/screenshot'
15:20:11.592 [Forwarding screenshot on session d46c018cd63903094f9f2f6f77c37123 to remote] DEBUG org.asynchttpclient.netty.request.NettyRequestSender - Using open Channel [id: 0x1c4fd037, L:/127.0.0.1:53014 - R:localhost/127.0.0.1:59928] for GET '/session/d46c018cd63903094f9f2f6f77c37123/screenshot'
15:20:11.917 [AsyncHttpClient-1-13] DEBUG org.asynchttpclient.netty.handler.HttpHandler - 

Request DefaultFullHttpRequest(decodeResult: success, version: HTTP/1.1, content: EmptyByteBufBE)
GET /session/d46c018cd63903094f9f2f6f77c37123/screenshot HTTP/1.1
User-Agent: selenium/4.1.2 (java windows)
Cache-Control: no-cache
Content-Type: application/json; charset=utf-8
host: localhost:59928
accept: */*

Response DefaultHttpResponse(decodeResult: success, version: HTTP/1.1)
HTTP/1.1 200 OK
Content-Type: application/json; charset=utf-8
cache-control: no-cache
content-length: 1022316

15:20:11.918 [AsyncHttpClient-1-13] DEBUG org.asynchttpclient.netty.channel.ChannelManager - Adding key: http://localhost:59928 for channel [id: 0x1c4fd037, L:/127.0.0.1:53014 - R:localhost/127.0.0.1:59928]
15:20:11.945 [main] DEBUG net.serenitybdd.core.photography.Darkroom - Send negative for processing for target\site\serenity\b0ddf3608b8f51a6a3adc36e4acd901b7a2c5b7adc6fd42a924a7c7a6358c0ea.png
15:20:11.956 [Forwarding findElement on session d46c018cd63903094f9f2f6f77c37123 to remote] DEBUG org.asynchttpclient.netty.request.NettyRequestSender - Using pooled Channel '[id: 0x1c4fd037, L:/127.0.0.1:53014 - R:localhost/127.0.0.1:59928]' for 'POST' to 'http://localhost:59928/session/d46c018cd63903094f9f2f6f77c37123/element'
15:20:11.956 [Forwarding findElement on session d46c018cd63903094f9f2f6f77c37123 to remote] DEBUG org.asynchttpclient.netty.request.NettyRequestSender - Using open Channel [id: 0x1c4fd037, L:/127.0.0.1:53014 - R:localhost/127.0.0.1:59928] for POST '/session/d46c018cd63903094f9f2f6f77c37123/element'
15:20:11.969 [AsyncHttpClient-1-13] DEBUG org.asynchttpclient.netty.handler.HttpHandler - 

Request DefaultHttpRequest(decodeResult: success, version: HTTP/1.1)
POST /session/d46c018cd63903094f9f2f6f77c37123/element HTTP/1.1
User-Agent: selenium/4.1.2 (java windows)
Content-Length: 81
Content-Type: application/json; charset=utf-8
host: localhost:59928
accept: */*

Response DefaultHttpResponse(decodeResult: success, version: HTTP/1.1)
HTTP/1.1 200 OK
Content-Type: application/json; charset=utf-8
cache-control: no-cache
content-length: 88

15:20:11.969 [AsyncHttpClient-1-13] DEBUG org.asynchttpclient.netty.channel.ChannelManager - Adding key: http://localhost:59928 for channel [id: 0x1c4fd037, L:/127.0.0.1:53014 - R:localhost/127.0.0.1:59928]
15:20:11.970 [Forwarding getElementTagName on session d46c018cd63903094f9f2f6f77c37123 to remote] DEBUG org.asynchttpclient.netty.request.NettyRequestSender - Using pooled Channel '[id: 0x1c4fd037, L:/127.0.0.1:53014 - R:localhost/127.0.0.1:59928]' for 'GET' to 'http://localhost:59928/session/d46c018cd63903094f9f2f6f77c37123/element/33f64758-ee4a-4cc6-9856-8c5ef6b00679/name'
15:20:11.970 [Forwarding getElementTagName on session d46c018cd63903094f9f2f6f77c37123 to remote] DEBUG org.asynchttpclient.netty.request.NettyRequestSender - Using open Channel [id: 0x1c4fd037, L:/127.0.0.1:53014 - R:localhost/127.0.0.1:59928] for GET '/session/d46c018cd63903094f9f2f6f77c37123/element/33f64758-ee4a-4cc6-9856-8c5ef6b00679/name'
15:20:11.975 [AsyncHttpClient-1-13] DEBUG org.asynchttpclient.netty.handler.HttpHandler - 

Request DefaultFullHttpRequest(decodeResult: success, version: HTTP/1.1, content: EmptyByteBufBE)
GET /session/d46c018cd63903094f9f2f6f77c37123/element/33f64758-ee4a-4cc6-9856-8c5ef6b00679/name HTTP/1.1
User-Agent: selenium/4.1.2 (java windows)
Cache-Control: no-cache
Content-Type: application/json; charset=utf-8
host: localhost:59928
accept: */*

Response DefaultHttpResponse(decodeResult: success, version: HTTP/1.1)
HTTP/1.1 200 OK
Content-Type: application/json; charset=utf-8
cache-control: no-cache
content-length: 16

15:20:11.975 [AsyncHttpClient-1-13] DEBUG org.asynchttpclient.netty.channel.ChannelManager - Adding key: http://localhost:59928 for channel [id: 0x1c4fd037, L:/127.0.0.1:53014 - R:localhost/127.0.0.1:59928]
15:20:11.976 [Forwarding getElementTagName on session d46c018cd63903094f9f2f6f77c37123 to remote] DEBUG org.asynchttpclient.netty.request.NettyRequestSender - Using pooled Channel '[id: 0x1c4fd037, L:/127.0.0.1:53014 - R:localhost/127.0.0.1:59928]' for 'GET' to 'http://localhost:59928/session/d46c018cd63903094f9f2f6f77c37123/element/33f64758-ee4a-4cc6-9856-8c5ef6b00679/name'
15:20:11.976 [Forwarding getElementTagName on session d46c018cd63903094f9f2f6f77c37123 to remote] DEBUG org.asynchttpclient.netty.request.NettyRequestSender - Using open Channel [id: 0x1c4fd037, L:/127.0.0.1:53014 - R:localhost/127.0.0.1:59928] for GET '/session/d46c018cd63903094f9f2f6f77c37123/element/33f64758-ee4a-4cc6-9856-8c5ef6b00679/name'
15:20:11.978 [AsyncHttpClient-1-13] DEBUG org.asynchttpclient.netty.handler.HttpHandler - 

Request DefaultFullHttpRequest(decodeResult: success, version: HTTP/1.1, content: EmptyByteBufBE)
GET /session/d46c018cd63903094f9f2f6f77c37123/element/33f64758-ee4a-4cc6-9856-8c5ef6b00679/name HTTP/1.1
User-Agent: selenium/4.1.2 (java windows)
Cache-Control: no-cache
Content-Type: application/json; charset=utf-8
host: localhost:59928
accept: */*

Response DefaultHttpResponse(decodeResult: success, version: HTTP/1.1)
HTTP/1.1 200 OK
Content-Type: application/json; charset=utf-8
cache-control: no-cache
content-length: 16

15:20:11.978 [AsyncHttpClient-1-13] DEBUG org.asynchttpclient.netty.channel.ChannelManager - Adding key: http://localhost:59928 for channel [id: 0x1c4fd037, L:/127.0.0.1:53014 - R:localhost/127.0.0.1:59928]
15:20:11.980 [Forwarding findElement on session d46c018cd63903094f9f2f6f77c37123 to remote] DEBUG org.asynchttpclient.netty.request.NettyRequestSender - Using pooled Channel '[id: 0x1c4fd037, L:/127.0.0.1:53014 - R:localhost/127.0.0.1:59928]' for 'POST' to 'http://localhost:59928/session/d46c018cd63903094f9f2f6f77c37123/element'
15:20:11.980 [Forwarding findElement on session d46c018cd63903094f9f2f6f77c37123 to remote] DEBUG org.asynchttpclient.netty.request.NettyRequestSender - Using open Channel [id: 0x1c4fd037, L:/127.0.0.1:53014 - R:localhost/127.0.0.1:59928] for POST '/session/d46c018cd63903094f9f2f6f77c37123/element'
15:20:11.985 [AsyncHttpClient-1-13] DEBUG org.asynchttpclient.netty.handler.HttpHandler - 

Request DefaultHttpRequest(decodeResult: success, version: HTTP/1.1)
POST /session/d46c018cd63903094f9f2f6f77c37123/element HTTP/1.1
User-Agent: selenium/4.1.2 (java windows)
Content-Length: 81
Content-Type: application/json; charset=utf-8
host: localhost:59928
accept: */*

Response DefaultHttpResponse(decodeResult: success, version: HTTP/1.1)
HTTP/1.1 200 OK
Content-Type: application/json; charset=utf-8
cache-control: no-cache
content-length: 88

15:20:11.985 [AsyncHttpClient-1-13] DEBUG org.asynchttpclient.netty.channel.ChannelManager - Adding key: http://localhost:59928 for channel [id: 0x1c4fd037, L:/127.0.0.1:53014 - R:localhost/127.0.0.1:59928]
15:20:11.986 [Forwarding clickElement on session d46c018cd63903094f9f2f6f77c37123 to remote] DEBUG org.asynchttpclient.netty.request.NettyRequestSender - Using pooled Channel '[id: 0x1c4fd037, L:/127.0.0.1:53014 - R:localhost/127.0.0.1:59928]' for 'POST' to 'http://localhost:59928/session/d46c018cd63903094f9f2f6f77c37123/element/33f64758-ee4a-4cc6-9856-8c5ef6b00679/click'
15:20:11.986 [Forwarding clickElement on session d46c018cd63903094f9f2f6f77c37123 to remote] DEBUG org.asynchttpclient.netty.request.NettyRequestSender - Using open Channel [id: 0x1c4fd037, L:/127.0.0.1:53014 - R:localhost/127.0.0.1:59928] for POST '/session/d46c018cd63903094f9f2f6f77c37123/element/33f64758-ee4a-4cc6-9856-8c5ef6b00679/click'
15:20:12.206 [AsyncHttpClient-1-1] DEBUG org.asynchttpclient.netty.channel.DefaultChannelPool - Entry count for : http://localhost:53016 : 1
15:20:12.485 [AsyncHttpClient-1-13] DEBUG org.asynchttpclient.netty.handler.HttpHandler - 

Request DefaultHttpRequest(decodeResult: success, version: HTTP/1.1)
POST /session/d46c018cd63903094f9f2f6f77c37123/element/33f64758-ee4a-4cc6-9856-8c5ef6b00679/click HTTP/1.1
User-Agent: selenium/4.1.2 (java windows)
Content-Length: 50
Content-Type: application/json; charset=utf-8
host: localhost:59928
accept: */*

Response DefaultHttpResponse(decodeResult: success, version: HTTP/1.1)
HTTP/1.1 200 OK
Content-Type: application/json; charset=utf-8
cache-control: no-cache
content-length: 14

15:20:12.485 [AsyncHttpClient-1-13] DEBUG org.asynchttpclient.netty.channel.ChannelManager - Adding key: http://localhost:59928 for channel [id: 0x1c4fd037, L:/127.0.0.1:53014 - R:localhost/127.0.0.1:59928]
  &amp#27;[32mThen &amp#27;[0m&amp#27;[32mI click baby on the header&amp#27;[0m &amp#27;[90m# starter.stepdefinitions.BabyStep.iClickBabyOnTheHeader()&amp#27;[0m
15:20:12.494 [Forwarding screenshot on session d46c018cd63903094f9f2f6f77c37123 to remote] DEBUG org.asynchttpclient.netty.request.NettyRequestSender - Using pooled Channel '[id: 0x1c4fd037, L:/127.0.0.1:53014 - R:localhost/127.0.0.1:59928]' for 'GET' to 'http://localhost:59928/session/d46c018cd63903094f9f2f6f77c37123/screenshot'
15:20:12.494 [Forwarding screenshot on session d46c018cd63903094f9f2f6f77c37123 to remote] DEBUG org.asynchttpclient.netty.request.NettyRequestSender - Using open Channel [id: 0x1c4fd037, L:/127.0.0.1:53014 - R:localhost/127.0.0.1:59928] for GET '/session/d46c018cd63903094f9f2f6f77c37123/screenshot'
15:20:13.275 [AsyncHttpClient-1-13] DEBUG org.asynchttpclient.netty.handler.HttpHandler - 

Request DefaultFullHttpRequest(decodeResult: success, version: HTTP/1.1, content: EmptyByteBufBE)
GET /session/d46c018cd63903094f9f2f6f77c37123/screenshot HTTP/1.1
User-Agent: selenium/4.1.2 (java windows)
Cache-Control: no-cache
Content-Type: application/json; charset=utf-8
host: localhost:59928
accept: */*

Response DefaultHttpResponse(decodeResult: success, version: HTTP/1.1)
HTTP/1.1 200 OK
Content-Type: application/json; charset=utf-8
cache-control: no-cache
content-length: 137764

15:20:13.276 [AsyncHttpClient-1-13] DEBUG org.asynchttpclient.netty.channel.ChannelManager - Adding key: http://localhost:59928 for channel [id: 0x1c4fd037, L:/127.0.0.1:53014 - R:localhost/127.0.0.1:59928]
15:20:13.280 [main] DEBUG net.serenitybdd.core.photography.Darkroom - Send negative for processing for target\site\serenity\21f629e22e8feed3644a2410ec72697bc0868e2732fd979017b0ae847a1de4ee.png
15:20:13.288 [Forwarding findElement on session d46c018cd63903094f9f2f6f77c37123 to remote] DEBUG org.asynchttpclient.netty.request.NettyRequestSender - Using pooled Channel '[id: 0x1c4fd037, L:/127.0.0.1:53014 - R:localhost/127.0.0.1:59928]' for 'POST' to 'http://localhost:59928/session/d46c018cd63903094f9f2f6f77c37123/element'
15:20:13.288 [Forwarding findElement on session d46c018cd63903094f9f2f6f77c37123 to remote] DEBUG org.asynchttpclient.netty.request.NettyRequestSender - Using open Channel [id: 0x1c4fd037, L:/127.0.0.1:53014 - R:localhost/127.0.0.1:59928] for POST '/session/d46c018cd63903094f9f2f6f77c37123/element'
15:20:13.310 [AsyncHttpClient-1-1] DEBUG org.asynchttpclient.netty.channel.DefaultChannelPool - Entry count for : http://localhost:53016 : 1
15:20:13.339 [AsyncHttpClient-1-13] DEBUG org.asynchttpclient.netty.handler.HttpHandler - 

Request DefaultHttpRequest(decodeResult: success, version: HTTP/1.1)
POST /session/d46c018cd63903094f9f2f6f77c37123/element HTTP/1.1
User-Agent: selenium/4.1.2 (java windows)
Content-Length: 107
Content-Type: application/json; charset=utf-8
host: localhost:59928
accept: */*

Response DefaultHttpResponse(decodeResult: success, version: HTTP/1.1)
HTTP/1.1 200 OK
Content-Type: application/json; charset=utf-8
cache-control: no-cache
content-length: 88

15:20:13.340 [AsyncHttpClient-1-13] DEBUG org.asynchttpclient.netty.channel.ChannelManager - Adding key: http://localhost:59928 for channel [id: 0x1c4fd037, L:/127.0.0.1:53014 - R:localhost/127.0.0.1:59928]
15:20:13.341 [Forwarding getElementTagName on session d46c018cd63903094f9f2f6f77c37123 to remote] DEBUG org.asynchttpclient.netty.request.NettyRequestSender - Using pooled Channel '[id: 0x1c4fd037, L:/127.0.0.1:53014 - R:localhost/127.0.0.1:59928]' for 'GET' to 'http://localhost:59928/session/d46c018cd63903094f9f2f6f77c37123/element/8032695f-59a7-4c83-87a2-4cc413e1989d/name'
15:20:13.341 [Forwarding getElementTagName on session d46c018cd63903094f9f2f6f77c37123 to remote] DEBUG org.asynchttpclient.netty.request.NettyRequestSender - Using open Channel [id: 0x1c4fd037, L:/127.0.0.1:53014 - R:localhost/127.0.0.1:59928] for GET '/session/d46c018cd63903094f9f2f6f77c37123/element/8032695f-59a7-4c83-87a2-4cc413e1989d/name'
15:20:13.345 [AsyncHttpClient-1-13] DEBUG org.asynchttpclient.netty.handler.HttpHandler - 

Request DefaultFullHttpRequest(decodeResult: success, version: HTTP/1.1, content: EmptyByteBufBE)
GET /session/d46c018cd63903094f9f2f6f77c37123/element/8032695f-59a7-4c83-87a2-4cc413e1989d/name HTTP/1.1
User-Agent: selenium/4.1.2 (java windows)
Cache-Control: no-cache
Content-Type: application/json; charset=utf-8
host: localhost:59928
accept: */*

Response DefaultHttpResponse(decodeResult: success, version: HTTP/1.1)
HTTP/1.1 200 OK
Content-Type: application/json; charset=utf-8
cache-control: no-cache
content-length: 16

15:20:13.345 [AsyncHttpClient-1-13] DEBUG org.asynchttpclient.netty.channel.ChannelManager - Adding key: http://localhost:59928 for channel [id: 0x1c4fd037, L:/127.0.0.1:53014 - R:localhost/127.0.0.1:59928]
15:20:13.346 [Forwarding getElementTagName on session d46c018cd63903094f9f2f6f77c37123 to remote] DEBUG org.asynchttpclient.netty.request.NettyRequestSender - Using pooled Channel '[id: 0x1c4fd037, L:/127.0.0.1:53014 - R:localhost/127.0.0.1:59928]' for 'GET' to 'http://localhost:59928/session/d46c018cd63903094f9f2f6f77c37123/element/8032695f-59a7-4c83-87a2-4cc413e1989d/name'
15:20:13.346 [Forwarding getElementTagName on session d46c018cd63903094f9f2f6f77c37123 to remote] DEBUG org.asynchttpclient.netty.request.NettyRequestSender - Using open Channel [id: 0x1c4fd037, L:/127.0.0.1:53014 - R:localhost/127.0.0.1:59928] for GET '/session/d46c018cd63903094f9f2f6f77c37123/element/8032695f-59a7-4c83-87a2-4cc413e1989d/name'
15:20:13.349 [AsyncHttpClient-1-13] DEBUG org.asynchttpclient.netty.handler.HttpHandler - 

Request DefaultFullHttpRequest(decodeResult: success, version: HTTP/1.1, content: EmptyByteBufBE)
GET /session/d46c018cd63903094f9f2f6f77c37123/element/8032695f-59a7-4c83-87a2-4cc413e1989d/name HTTP/1.1
User-Agent: selenium/4.1.2 (java windows)
Cache-Control: no-cache
Content-Type: application/json; charset=utf-8
host: localhost:59928
accept: */*

Response DefaultHttpResponse(decodeResult: success, version: HTTP/1.1)
HTTP/1.1 200 OK
Content-Type: application/json; charset=utf-8
cache-control: no-cache
content-length: 16

15:20:13.349 [AsyncHttpClient-1-13] DEBUG org.asynchttpclient.netty.channel.ChannelManager - Adding key: http://localhost:59928 for channel [id: 0x1c4fd037, L:/127.0.0.1:53014 - R:localhost/127.0.0.1:59928]
15:20:13.351 [Forwarding findElement on session d46c018cd63903094f9f2f6f77c37123 to remote] DEBUG org.asynchttpclient.netty.request.NettyRequestSender - Using pooled Channel '[id: 0x1c4fd037, L:/127.0.0.1:53014 - R:localhost/127.0.0.1:59928]' for 'POST' to 'http://localhost:59928/session/d46c018cd63903094f9f2f6f77c37123/element'
15:20:13.351 [Forwarding findElement on session d46c018cd63903094f9f2f6f77c37123 to remote] DEBUG org.asynchttpclient.netty.request.NettyRequestSender - Using open Channel [id: 0x1c4fd037, L:/127.0.0.1:53014 - R:localhost/127.0.0.1:59928] for POST '/session/d46c018cd63903094f9f2f6f77c37123/element'
15:20:13.361 [AsyncHttpClient-1-13] DEBUG org.asynchttpclient.netty.handler.HttpHandler - 

Request DefaultHttpRequest(decodeResult: success, version: HTTP/1.1)
POST /session/d46c018cd63903094f9f2f6f77c37123/element HTTP/1.1
User-Agent: selenium/4.1.2 (java windows)
Content-Length: 107
Content-Type: application/json; charset=utf-8
host: localhost:59928
accept: */*

Response DefaultHttpResponse(decodeResult: success, version: HTTP/1.1)
HTTP/1.1 200 OK
Content-Type: application/json; charset=utf-8
cache-control: no-cache
content-length: 88

15:20:13.361 [AsyncHttpClient-1-13] DEBUG org.asynchttpclient.netty.channel.ChannelManager - Adding key: http://localhost:59928 for channel [id: 0x1c4fd037, L:/127.0.0.1:53014 - R:localhost/127.0.0.1:59928]
15:20:13.362 [Forwarding clickElement on session d46c018cd63903094f9f2f6f77c37123 to remote] DEBUG org.asynchttpclient.netty.request.NettyRequestSender - Using pooled Channel '[id: 0x1c4fd037, L:/127.0.0.1:53014 - R:localhost/127.0.0.1:59928]' for 'POST' to 'http://localhost:59928/session/d46c018cd63903094f9f2f6f77c37123/element/8032695f-59a7-4c83-87a2-4cc413e1989d/click'
15:20:13.362 [Forwarding clickElement on session d46c018cd63903094f9f2f6f77c37123 to remote] DEBUG org.asynchttpclient.netty.request.NettyRequestSender - Using open Channel [id: 0x1c4fd037, L:/127.0.0.1:53014 - R:localhost/127.0.0.1:59928] for POST '/session/d46c018cd63903094f9f2f6f77c37123/element/8032695f-59a7-4c83-87a2-4cc413e1989d/click'
15:20:13.543 [AsyncHttpClient-1-13] DEBUG org.asynchttpclient.netty.handler.HttpHandler - 

Request DefaultHttpRequest(decodeResult: success, version: HTTP/1.1)
POST /session/d46c018cd63903094f9f2f6f77c37123/element/8032695f-59a7-4c83-87a2-4cc413e1989d/click HTTP/1.1
User-Agent: selenium/4.1.2 (java windows)
Content-Length: 50
Content-Type: application/json; charset=utf-8
host: localhost:59928
accept: */*

Response DefaultHttpResponse(decodeResult: success, version: HTTP/1.1)
HTTP/1.1 200 OK
Content-Type: application/json; charset=utf-8
cache-control: no-cache
content-length: 14

15:20:13.544 [AsyncHttpClient-1-13] DEBUG org.asynchttpclient.netty.channel.ChannelManager - Adding key: http://localhost:59928 for channel [id: 0x1c4fd037, L:/127.0.0.1:53014 - R:localhost/127.0.0.1:59928]
  &amp#27;[32mWhen &amp#27;[0m&amp#27;[32mI will go to &amp#27;[0m&amp#27;[32m&amp#27;[1m"aksesoris3"&amp#27;[0m  &amp#27;[90m# starter.stepdefinitions.BabyStep.iWillGoTo(java.lang.String)&amp#27;[0m
15:20:13.551 [Forwarding screenshot on session d46c018cd63903094f9f2f6f77c37123 to remote] DEBUG org.asynchttpclient.netty.request.NettyRequestSender - Using pooled Channel '[id: 0x1c4fd037, L:/127.0.0.1:53014 - R:localhost/127.0.0.1:59928]' for 'GET' to 'http://localhost:59928/session/d46c018cd63903094f9f2f6f77c37123/screenshot'
15:20:13.551 [Forwarding screenshot on session d46c018cd63903094f9f2f6f77c37123 to remote] DEBUG org.asynchttpclient.netty.request.NettyRequestSender - Using open Channel [id: 0x1c4fd037, L:/127.0.0.1:53014 - R:localhost/127.0.0.1:59928] for GET '/session/d46c018cd63903094f9f2f6f77c37123/screenshot'
15:20:13.686 [AsyncHttpClient-1-13] DEBUG org.asynchttpclient.netty.handler.HttpHandler - 

Request DefaultFullHttpRequest(decodeResult: success, version: HTTP/1.1, content: EmptyByteBufBE)
GET /session/d46c018cd63903094f9f2f6f77c37123/screenshot HTTP/1.1
User-Agent: selenium/4.1.2 (java windows)
Cache-Control: no-cache
Content-Type: application/json; charset=utf-8
host: localhost:59928
accept: */*

Response DefaultHttpResponse(decodeResult: success, version: HTTP/1.1)
HTTP/1.1 200 OK
Content-Type: application/json; charset=utf-8
cache-control: no-cache
content-length: 88764

15:20:13.686 [AsyncHttpClient-1-13] DEBUG org.asynchttpclient.netty.channel.ChannelManager - Adding key: http://localhost:59928 for channel [id: 0x1c4fd037, L:/127.0.0.1:53014 - R:localhost/127.0.0.1:59928]
15:20:13.689 [main] DEBUG net.serenitybdd.core.photography.Darkroom - Send negative for processing for target\site\serenity\2fc9a975c19bd3e970a256b72dc65d8795304b8845d7bd0b0a863ffc8f0bbc56.png
15:20:13.689 [Darkroom Processing Line] DEBUG net.serenitybdd.core.photography.DarkroomProcessingLine - Processing screenshot image in /var/screenshots/screenshot-2234635515431138307
15:20:13.689 [Darkroom Processing Line] DEBUG net.serenitybdd.core.photography.DarkroomProcessingLine - Saving screenshot to target\site\serenity\2fc9a975c19bd3e970a256b72dc65d8795304b8845d7bd0b0a863ffc8f0bbc56.png
15:20:13.700 [Forwarding findElement on session d46c018cd63903094f9f2f6f77c37123 to remote] DEBUG org.asynchttpclient.netty.request.NettyRequestSender - Using pooled Channel '[id: 0x1c4fd037, L:/127.0.0.1:53014 - R:localhost/127.0.0.1:59928]' for 'POST' to 'http://localhost:59928/session/d46c018cd63903094f9f2f6f77c37123/element'
15:20:13.700 [Forwarding findElement on session d46c018cd63903094f9f2f6f77c37123 to remote] DEBUG org.asynchttpclient.netty.request.NettyRequestSender - Using open Channel [id: 0x1c4fd037, L:/127.0.0.1:53014 - R:localhost/127.0.0.1:59928] for POST '/session/d46c018cd63903094f9f2f6f77c37123/element'
15:20:14.018 [AsyncHttpClient-1-13] DEBUG org.asynchttpclient.netty.handler.HttpHandler - 

Request DefaultHttpRequest(decodeResult: success, version: HTTP/1.1)
POST /session/d46c018cd63903094f9f2f6f77c37123/element HTTP/1.1
User-Agent: selenium/4.1.2 (java windows)
Content-Length: 92
Content-Type: application/json; charset=utf-8
host: localhost:59928
accept: */*

Response DefaultHttpResponse(decodeResult: success, version: HTTP/1.1)
HTTP/1.1 200 OK
Content-Type: application/json; charset=utf-8
cache-control: no-cache
content-length: 88

15:20:14.018 [AsyncHttpClient-1-13] DEBUG org.asynchttpclient.netty.channel.ChannelManager - Adding key: http://localhost:59928 for channel [id: 0x1c4fd037, L:/127.0.0.1:53014 - R:localhost/127.0.0.1:59928]
15:20:14.021 [Forwarding isElementDisplayed on session d46c018cd63903094f9f2f6f77c37123 to remote] DEBUG org.asynchttpclient.netty.request.NettyRequestSender - Using pooled Channel '[id: 0x1c4fd037, L:/127.0.0.1:53014 - R:localhost/127.0.0.1:59928]' for 'POST' to 'http://localhost:59928/session/d46c018cd63903094f9f2f6f77c37123/execute/sync'
15:20:14.021 [Forwarding isElementDisplayed on session d46c018cd63903094f9f2f6f77c37123 to remote] DEBUG org.asynchttpclient.netty.request.NettyRequestSender - Using open Channel [id: 0x1c4fd037, L:/127.0.0.1:53014 - R:localhost/127.0.0.1:59928] for POST '/session/d46c018cd63903094f9f2f6f77c37123/execute/sync'
15:20:14.053 [AsyncHttpClient-1-13] DEBUG org.asynchttpclient.netty.handler.HttpHandler - 

Request DefaultHttpRequest(decodeResult: success, version: HTTP/1.1)
POST /session/d46c018cd63903094f9f2f6f77c37123/execute/sync HTTP/1.1
User-Agent: selenium/4.1.2 (java windows)
Content-Length: 48780
Content-Type: application/json; charset=utf-8
host: localhost:59928
accept: */*

Response DefaultHttpResponse(decodeResult: success, version: HTTP/1.1)
HTTP/1.1 200 OK
Content-Type: application/json; charset=utf-8
cache-control: no-cache
content-length: 14

15:20:14.053 [AsyncHttpClient-1-13] DEBUG org.asynchttpclient.netty.channel.ChannelManager - Adding key: http://localhost:59928 for channel [id: 0x1c4fd037, L:/127.0.0.1:53014 - R:localhost/127.0.0.1:59928]
  &amp#27;[32mAnd &amp#27;[0m&amp#27;[32mI &amp#27;[0m&amp#27;[32m&amp#27;[1m"txtAksesoris3"&amp#27;[0m&amp#27;[32m page&amp#27;[0m      &amp#27;[90m# starter.stepdefinitions.BabyStep.iPage(java.lang.String)&amp#27;[0m
15:20:14.057 [Forwarding screenshot on session d46c018cd63903094f9f2f6f77c37123 to remote] DEBUG org.asynchttpclient.netty.request.NettyRequestSender - Using pooled Channel '[id: 0x1c4fd037, L:/127.0.0.1:53014 - R:localhost/127.0.0.1:59928]' for 'GET' to 'http://localhost:59928/session/d46c018cd63903094f9f2f6f77c37123/screenshot'
15:20:14.057 [Forwarding screenshot on session d46c018cd63903094f9f2f6f77c37123 to remote] DEBUG org.asynchttpclient.netty.request.NettyRequestSender - Using open Channel [id: 0x1c4fd037, L:/127.0.0.1:53014 - R:localhost/127.0.0.1:59928] for GET '/session/d46c018cd63903094f9f2f6f77c37123/screenshot'
15:20:14.186 [AsyncHttpClient-1-13] DEBUG org.asynchttpclient.netty.handler.HttpHandler - 

Request DefaultFullHttpRequest(decodeResult: success, version: HTTP/1.1, content: EmptyByteBufBE)
GET /session/d46c018cd63903094f9f2f6f77c37123/screenshot HTTP/1.1
User-Agent: selenium/4.1.2 (java windows)
Cache-Control: no-cache
Content-Type: application/json; charset=utf-8
host: localhost:59928
accept: */*

Response DefaultHttpResponse(decodeResult: success, version: HTTP/1.1)
HTTP/1.1 200 OK
Content-Type: application/json; charset=utf-8
cache-control: no-cache
content-length: 62628

15:20:14.186 [AsyncHttpClient-1-13] DEBUG org.asynchttpclient.netty.channel.ChannelManager - Adding key: http://localhost:59928 for channel [id: 0x1c4fd037, L:/127.0.0.1:53014 - R:localhost/127.0.0.1:59928]
15:20:14.188 [main] DEBUG net.serenitybdd.core.photography.Darkroom - Send negative for processing for target\site\serenity\5464aa0f9718c8cd0d202318c932569282586636ca456c817b1e65b3c20e7c5a.png
15:20:14.189 [Darkroom Processing Line] DEBUG net.serenitybdd.core.photography.DarkroomProcessingLine - Processing screenshot image in /var/screenshots/screenshot-7514791656446086528
15:20:14.189 [Darkroom Processing Line] DEBUG net.serenitybdd.core.photography.DarkroomProcessingLine - Saving screenshot to target\site\serenity\5464aa0f9718c8cd0d202318c932569282586636ca456c817b1e65b3c20e7c5a.png
15:20:14.194 [AsyncHttpClient-1-15] DEBUG org.asynchttpclient.netty.handler.WebSocketHandler - Channel Closed: [id: 0xd124ac55, L:/127.0.0.1:53023 ! R:localhost/127.0.0.1:53016] with attribute NettyResponseFuture{currentRetry=5,
	isDone=1,
	isCancelled=0,
	asyncHandler=org.asynchttpclient.ws.WebSocketUpgradeHandler@53d8481e,
	nettyRequest=org.asynchttpclient.netty.request.NettyRequest@64bd2210,
	future=java.util.concurrent.CompletableFuture@59a846d9[Completed normally],
	uri=ws://localhost:53016/devtools/browser/5307b0c6-b443-425c-8425-160db8bab23d,
	keepAlive=true,
	redirectCount=0,
	timeoutsHolder=null,
	inAuth=0,
	touch=1680855603573}
15:20:14.194 [AsyncHttpClient-1-15] DEBUG org.asynchttpclient.netty.channel.ChannelManager - Closing Channel [id: 0xd124ac55, L:/127.0.0.1:53023 ! R:localhost/127.0.0.1:53016] 
15:20:14.194 [Driver Command Executor] DEBUG org.asynchttpclient.netty.request.NettyRequestSender - Using pooled Channel '[id: 0x1c4fd037, L:/127.0.0.1:53014 - R:localhost/127.0.0.1:59928]' for 'DELETE' to 'http://localhost:59928/session/d46c018cd63903094f9f2f6f77c37123'
15:20:14.195 [Driver Command Executor] DEBUG org.asynchttpclient.netty.request.NettyRequestSender - Using open Channel [id: 0x1c4fd037, L:/127.0.0.1:53014 - R:localhost/127.0.0.1:59928] for DELETE '/session/d46c018cd63903094f9f2f6f77c37123'
15:20:14.232 [AsyncHttpClient-1-14] DEBUG org.asynchttpclient.netty.handler.HttpHandler - Unexpected I/O exception on channel [id: 0x1a547cba, L:/127.0.0.1:53022 - R:localhost/127.0.0.1:53016]
java.net.SocketException: Connection reset
	at java.base/sun.nio.ch.SocketChannelImpl.throwConnectionReset(SocketChannelImpl.java:345)
	at java.base/sun.nio.ch.SocketChannelImpl.read(SocketChannelImpl.java:376)
	at io.netty.buffer.PooledByteBuf.setBytes(PooledByteBuf.java:258)
	at io.netty.buffer.AbstractByteBuf.writeBytes(AbstractByteBuf.java:1132)
	at io.netty.channel.socket.nio.NioSocketChannel.doReadBytes(NioSocketChannel.java:350)
	at io.netty.channel.nio.AbstractNioByteChannel$NioByteUnsafe.read(AbstractNioByteChannel.java:151)
	at io.netty.channel.nio.NioEventLoop.processSelectedKey(NioEventLoop.java:722)
	at io.netty.channel.nio.NioEventLoop.processSelectedKeysOptimized(NioEventLoop.java:658)
	at io.netty.channel.nio.NioEventLoop.processSelectedKeys(NioEventLoop.java:584)
	at io.netty.channel.nio.NioEventLoop.run(NioEventLoop.java:496)
	at io.netty.util.concurrent.SingleThreadEventExecutor$4.run(SingleThreadEventExecutor.java:986)
	at io.netty.util.internal.ThreadExecutorMap$2.run(ThreadExecutorMap.java:74)
	at io.netty.util.concurrent.FastThreadLocalRunnable.run(FastThreadLocalRunnable.java:30)
	at java.base/java.lang.Thread.run(Thread.java:830)
15:20:14.232 [AsyncHttpClient-1-14] DEBUG org.asynchttpclient.netty.channel.ChannelManager - Closing Channel [id: 0x1a547cba, L:/127.0.0.1:53022 - R:localhost/127.0.0.1:53016] 
15:20:14.232 [AsyncHttpClient-1-14] DEBUG org.asynchttpclient.netty.handler.HttpHandler - Channel Closed: [id: 0x1a547cba, L:/127.0.0.1:53022 ! R:localhost/127.0.0.1:53016] with attribute DISCARD
15:20:14.283 [AsyncHttpClient-1-13] DEBUG org.asynchttpclient.netty.handler.HttpHandler - 

Request DefaultFullHttpRequest(decodeResult: success, version: HTTP/1.1, content: EmptyByteBufBE)
DELETE /session/d46c018cd63903094f9f2f6f77c37123 HTTP/1.1
User-Agent: selenium/4.1.2 (java windows)
Content-Type: application/json; charset=utf-8
host: localhost:59928
accept: */*

Response DefaultHttpResponse(decodeResult: success, version: HTTP/1.1)
HTTP/1.1 200 OK
Content-Type: application/json; charset=utf-8
cache-control: no-cache
content-length: 14

15:20:14.283 [AsyncHttpClient-1-13] DEBUG org.asynchttpclient.netty.channel.ChannelManager - Adding key: http://localhost:59928 for channel [id: 0x1c4fd037, L:/127.0.0.1:53014 - R:localhost/127.0.0.1:59928]
15:20:14.406 [AsyncHttpClient-1-1] DEBUG org.asynchttpclient.netty.channel.DefaultChannelPool - Entry count for : http://localhost:59928 : 1
15:20:14.406 [AsyncHttpClient-1-1] DEBUG org.asynchttpclient.netty.channel.DefaultChannelPool - Entry count for : http://localhost:53016 : 1
15:20:14.406 [AsyncHttpClient-1-1] DEBUG org.asynchttpclient.netty.channel.DefaultChannelPool - Adding Candidate expired Channel [id: 0x1a547cba, L:/127.0.0.1:53022 ! R:localhost/127.0.0.1:53016] isIdleTimeoutExpired=false isRemotelyClosed=true isTtlExpired=false
15:20:14.406 [AsyncHttpClient-1-1] DEBUG org.asynchttpclient.netty.channel.DefaultChannelPool - Closing Idle Channel [id: 0x1a547cba, L:/127.0.0.1:53022 ! R:localhost/127.0.0.1:53016]
15:20:14.406 [AsyncHttpClient-1-1] DEBUG org.asynchttpclient.netty.channel.DefaultChannelPool - Closed 1 connections out of 2 in 0 ms
15:20:14.437 [AsyncHttpClient-1-13] DEBUG org.asynchttpclient.netty.handler.HttpHandler - Channel Closed: [id: 0x1c4fd037, L:/127.0.0.1:53014 ! R:localhost/127.0.0.1:59928] with attribute DISCARD
]]></system-out>
    <system-err><![CDATA[Starting Microsoft Edge WebDriver 111.0.1661.62 (0a8f453929e6410c973aa529a40485ce4e3e03db) on port 59928
To submit feedback, report a bug, or suggest new features, please visit https://github.com/MicrosoftEdge/EdgeWebDriver

Only local connections are allowed.
Please see https://aka.ms/WebDriverSecurity for suggestions on keeping Microsoft Edge WebDriver safe.

Microsoft Edge WebDriver was started successfully.
Apr 07, 2023 3:20:03 PM org.openqa.selenium.remote.ProtocolHandshake createSession
INFO: Detected dialect: W3C
Apr 07, 2023 3:20:03 PM org.openqa.selenium.devtools.CdpVersionFinder findNearestMatch
WARNING: Unable to find an exact match for CDP version 111, so returning the closest version found: a no-op implementation
Apr 07, 2023 3:20:03 PM org.openqa.selenium.devtools.CdpVersionFinder findNearestMatch
INFO: Unable to find CDP implementation matching 111.
Apr 07, 2023 3:20:03 PM org.openqa.selenium.chromium.ChromiumDriver lambda$new$3
WARNING: Unable to find version of CDP to use for . You may need to include a dependency on a specific version of the CDP using something similar to `org.seleniumhq.selenium:selenium-devtools-v86:4.1.2` where the version ("v86") matches the version of the chromium-based browser you're using and the version number of the artifact is the same as Selenium's.
]]></system-err>
  </testcase>
</testsuite>