<?xml version="1.0" encoding="UTF-8"?>
<testsuite xmlns:xsi="http://www.w3.org/2001/XMLSchema-instance" xsi:noNamespaceSchemaLocation="https://maven.apache.org/surefire/maven-failsafe-plugin/xsd/failsafe-test-report-3.0.xsd" version="3.0" name="CucumberTestSuite" time="422.965" tests="26" errors="1" skipped="0" failures="0">
  <properties>
    <property name="java.specification.version" value="13"/>
    <property name="sun.cpu.isalist" value="amd64"/>
    <property name="sun.jnu.encoding" value="Cp1252"/>
    <property name="java.class.path" value="C:\Users\alwi\IdeaProjects\uniqloweb\target\test-classes;C:\Users\alwi\.m2\repository\net\serenity-bdd\serenity-core\3.2.1\serenity-core-3.2.1.jar;C:\Users\alwi\.m2\repository\net\serenity-bdd\serenity-model\3.2.1\serenity-model-3.2.1.jar;C:\Users\alwi\.m2\repository\org\apache\commons\commons-text\1.9\commons-text-1.9.jar;C:\Users\alwi\.m2\repository\commons-net\commons-net\3.8.0\commons-net-3.8.0.jar;C:\Users\alwi\.m2\repository\com\google\guava\guava\31.1-jre\guava-31.1-jre.jar;C:\Users\alwi\.m2\repository\com\google\guava\failureaccess\1.0.1\failureaccess-1.0.1.jar;C:\Users\alwi\.m2\repository\com\google\guava\listenablefuture\9999.0-empty-to-avoid-conflict-with-guava\listenablefuture-9999.0-empty-to-avoid-conflict-with-guava.jar;C:\Users\alwi\.m2\repository\com\google\code\findbugs\jsr305\3.0.2\jsr305-3.0.2.jar;C:\Users\alwi\.m2\repository\org\checkerframework\checker-qual\3.12.0\checker-qual-3.12.0.jar;C:\Users\alwi\.m2\repository\com\google\errorprone\error_prone_annotations\2.11.0\error_prone_annotations-2.11.0.jar;C:\Users\alwi\.m2\repository\com\google\j2objc\j2objc-annotations\1.3\j2objc-annotations-1.3.jar;C:\Users\alwi\.m2\repository\com\google\inject\guice\5.1.0\guice-5.1.0.jar;C:\Users\alwi\.m2\repository\javax\inject\javax.inject\1\javax.inject-1.jar;C:\Users\alwi\.m2\repository\aopalliance\aopalliance\1.0\aopalliance-1.0.jar;C:\Users\alwi\.m2\repository\org\jsoup\jsoup\1.14.3\jsoup-1.14.3.jar;C:\Users\alwi\.m2\repository\com\thoughtworks\xstream\xstream\1.4.19\xstream-1.4.19.jar;C:\Users\alwi\.m2\repository\io\github\x-stream\mxparser\1.2.2\mxparser-1.2.2.jar;C:\Users\alwi\.m2\repository\xmlpull\xmlpull\1.1.3.1\xmlpull-1.1.3.1.jar;C:\Users\alwi\.m2\repository\io\cucumber\cucumber-java\7.2.3\cucumber-java-7.2.3.jar;C:\Users\alwi\.m2\repository\com\typesafe\config\1.4.2\config-1.4.2.jar;C:\Users\alwi\.m2\repository\org\imgscalr\imgscalr-lib\4.2\imgscalr-lib-4.2.jar;C:\Users\alwi\.m2\repository\org\awaitility\awaitility\4.2.0\awaitility-4.2.0.jar;C:\Users\alwi\.m2\repository\org\freemarker\freemarker\2.3.31\freemarker-2.3.31.jar;C:\Users\alwi\.m2\repository\io\github\classgraph\classgraph\4.8.138\classgraph-4.8.138.jar;C:\Users\alwi\.m2\repository\net\sourceforge\jexcelapi\jxl\2.6.12\jxl-2.6.12.jar;C:\Users\alwi\.m2\repository\net\bytebuddy\byte-buddy\1.12.8\byte-buddy-1.12.8.jar;C:\Users\alwi\.m2\repository\net\bytebuddy\byte-buddy-agent\1.12.8\byte-buddy-agent-1.12.8.jar;C:\Users\alwi\.m2\repository\org\objenesis\objenesis\3.1\objenesis-3.1.jar;C:\Users\alwi\.m2\repository\net\serenity-bdd\serenity-reports\3.2.1\serenity-reports-3.2.1.jar;C:\Users\alwi\.m2\repository\net\serenity-bdd\serenity-stats\3.2.1\serenity-stats-3.2.1.jar;C:\Users\alwi\.m2\repository\net\serenity-bdd\serenity-reports-configuration\3.2.1\serenity-reports-configuration-3.2.1.jar;C:\Users\alwi\.m2\repository\com\vladsch\flexmark\flexmark-all\0.34.30\flexmark-all-0.34.30.jar;C:\Users\alwi\.m2\repository\com\vladsch\flexmark\flexmark\0.34.30\flexmark-0.34.30.jar;C:\Users\alwi\.m2\repository\com\vladsch\flexmark\flexmark-ext-abbreviation\0.34.30\flexmark-ext-abbreviation-0.34.30.jar;C:\Users\alwi\.m2\repository\com\vladsch\flexmark\flexmark-ext-admonition\0.34.30\flexmark-ext-admonition-0.34.30.jar;C:\Users\alwi\.m2\repository\com\vladsch\flexmark\flexmark-ext-anchorlink\0.34.30\flexmark-ext-anchorlink-0.34.30.jar;C:\Users\alwi\.m2\repository\com\vladsch\flexmark\flexmark-ext-aside\0.34.30\flexmark-ext-aside-0.34.30.jar;C:\Users\alwi\.m2\repository\com\vladsch\flexmark\flexmark-ext-attributes\0.34.30\flexmark-ext-attributes-0.34.30.jar;C:\Users\alwi\.m2\repository\com\vladsch\flexmark\flexmark-ext-autolink\0.34.30\flexmark-ext-autolink-0.34.30.jar;C:\Users\alwi\.m2\repository\org\nibor\autolink\autolink\0.6.0\autolink-0.6.0.jar;C:\Users\alwi\.m2\repository\com\vladsch\flexmark\flexmark-ext-definition\0.34.30\flexmark-ext-definition-0.34.30.jar;C:\Users\alwi\.m2\repository\com\vladsch\flexmark\flexmark-ext-emoji\0.34.30\flexmark-ext-emoji-0.34.30.jar;C:\Users\alwi\.m2\repository\com\vladsch\flexmark\flexmark-ext-enumerated-reference\0.34.30\flexmark-ext-enumerated-reference-0.34.30.jar;C:\Users\alwi\.m2\repository\com\vladsch\flexmark\flexmark-ext-escaped-character\0.34.30\flexmark-ext-escaped-character-0.34.30.jar;C:\Users\alwi\.m2\repository\com\vladsch\flexmark\flexmark-ext-footnotes\0.34.30\flexmark-ext-footnotes-0.34.30.jar;C:\Users\alwi\.m2\repository\com\vladsch\flexmark\flexmark-ext-gfm-issues\0.34.30\flexmark-ext-gfm-issues-0.34.30.jar;C:\Users\alwi\.m2\repository\com\vladsch\flexmark\flexmark-ext-gfm-strikethrough\0.34.30\flexmark-ext-gfm-strikethrough-0.34.30.jar;C:\Users\alwi\.m2\repository\com\vladsch\flexmark\flexmark-ext-gfm-tables\0.34.30\flexmark-ext-gfm-tables-0.34.30.jar;C:\Users\alwi\.m2\repository\com\vladsch\flexmark\flexmark-ext-gfm-tasklist\0.34.30\flexmark-ext-gfm-tasklist-0.34.30.jar;C:\Users\alwi\.m2\repository\com\vladsch\flexmark\flexmark-ext-gfm-users\0.34.30\flexmark-ext-gfm-users-0.34.30.jar;C:\Users\alwi\.m2\repository\com\vladsch\flexmark\flexmark-ext-gitlab\0.34.30\flexmark-ext-gitlab-0.34.30.jar;C:\Users\alwi\.m2\repository\com\vladsch\flexmark\flexmark-ext-jekyll-front-matter\0.34.30\flexmark-ext-jekyll-front-matter-0.34.30.jar;C:\Users\alwi\.m2\repository\com\vladsch\flexmark\flexmark-ext-jekyll-tag\0.34.30\flexmark-ext-jekyll-tag-0.34.30.jar;C:\Users\alwi\.m2\repository\com\vladsch\flexmark\flexmark-ext-media-tags\0.34.30\flexmark-ext-media-tags-0.34.30.jar;C:\Users\alwi\.m2\repository\com\vladsch\flexmark\flexmark-test-util\0.34.30\flexmark-test-util-0.34.30.jar;C:\Users\alwi\.m2\repository\com\vladsch\flexmark\flexmark-ext-ins\0.34.30\flexmark-ext-ins-0.34.30.jar;C:\Users\alwi\.m2\repository\com\vladsch\flexmark\flexmark-ext-xwiki-macros\0.34.30\flexmark-ext-xwiki-macros-0.34.30.jar;C:\Users\alwi\.m2\repository\com\vladsch\flexmark\flexmark-ext-superscript\0.34.30\flexmark-ext-superscript-0.34.30.jar;C:\Users\alwi\.m2\repository\com\vladsch\flexmark\flexmark-ext-tables\0.34.30\flexmark-ext-tables-0.34.30.jar;C:\Users\alwi\.m2\repository\com\vladsch\flexmark\flexmark-ext-toc\0.34.30\flexmark-ext-toc-0.34.30.jar;C:\Users\alwi\.m2\repository\com\vladsch\flexmark\flexmark-ext-typographic\0.34.30\flexmark-ext-typographic-0.34.30.jar;C:\Users\alwi\.m2\repository\com\vladsch\flexmark\flexmark-ext-wikilink\0.34.30\flexmark-ext-wikilink-0.34.30.jar;C:\Users\alwi\.m2\repository\com\vladsch\flexmark\flexmark-ext-yaml-front-matter\0.34.30\flexmark-ext-yaml-front-matter-0.34.30.jar;C:\Users\alwi\.m2\repository\com\vladsch\flexmark\flexmark-ext-youtube-embedded\0.34.30\flexmark-ext-youtube-embedded-0.34.30.jar;C:\Users\alwi\.m2\repository\com\vladsch\flexmark\flexmark-formatter\0.34.30\flexmark-formatter-0.34.30.jar;C:\Users\alwi\.m2\repository\com\vladsch\flexmark\flexmark-html-parser\0.34.30\flexmark-html-parser-0.34.30.jar;C:\Users\alwi\.m2\repository\com\vladsch\flexmark\flexmark-jira-converter\0.34.30\flexmark-jira-converter-0.34.30.jar;C:\Users\alwi\.m2\repository\com\vladsch\flexmark\flexmark-pdf-converter\0.34.30\flexmark-pdf-converter-0.34.30.jar;C:\Users\alwi\.m2\repository\com\openhtmltopdf\openhtmltopdf-core\0.0.1-RC13\openhtmltopdf-core-0.0.1-RC13.jar;C:\Users\alwi\.m2\repository\com\openhtmltopdf\openhtmltopdf-pdfbox\0.0.1-RC13\openhtmltopdf-pdfbox-0.0.1-RC13.jar;C:\Users\alwi\.m2\repository\org\apache\pdfbox\pdfbox\2.0.8\pdfbox-2.0.8.jar;C:\Users\alwi\.m2\repository\org\apache\pdfbox\fontbox\2.0.8\fontbox-2.0.8.jar;C:\Users\alwi\.m2\repository\commons-logging\commons-logging\1.2\commons-logging-1.2.jar;C:\Users\alwi\.m2\repository\org\apache\pdfbox\xmpbox\2.0.8\xmpbox-2.0.8.jar;C:\Users\alwi\.m2\repository\de\rototor\pdfbox\graphics2d\0.12\graphics2d-0.12.jar;C:\Users\alwi\.m2\repository\com\openhtmltopdf\openhtmltopdf-rtl-support\0.0.1-RC13\openhtmltopdf-rtl-support-0.0.1-RC13.jar;C:\Users\alwi\.m2\repository\com\ibm\icu\icu4j\59.1\icu4j-59.1.jar;C:\Users\alwi\.m2\repository\com\openhtmltopdf\openhtmltopdf-jsoup-dom-converter\0.0.1-RC13\openhtmltopdf-jsoup-dom-converter-0.0.1-RC13.jar;C:\Users\alwi\.m2\repository\com\vladsch\flexmark\flexmark-profile-pegdown\0.34.30\flexmark-profile-pegdown-0.34.30.jar;C:\Users\alwi\.m2\repository\com\vladsch\flexmark\flexmark-util\0.34.30\flexmark-util-0.34.30.jar;C:\Users\alwi\.m2\repository\com\vladsch\flexmark\flexmark-youtrack-converter\0.34.30\flexmark-youtrack-converter-0.34.30.jar;C:\Users\alwi\.m2\repository\es\nitaur\markdown\txtmark\0.16\txtmark-0.16.jar;C:\Users\alwi\.m2\repository\net\serenity-bdd\serenity-report-resources\3.2.1\serenity-report-resources-3.2.1.jar;C:\Users\alwi\.m2\repository\com\google\code\gson\gson\2.9.0\gson-2.9.0.jar;C:\Users\alwi\.m2\repository\com\fasterxml\jackson\core\jackson-core\2.13.2\jackson-core-2.13.2.jar;C:\Users\alwi\.m2\repository\com\fasterxml\jackson\core\jackson-databind\2.13.2\jackson-databind-2.13.2.jar;C:\Users\alwi\.m2\repository\com\fasterxml\jackson\core\jackson-annotations\2.13.2\jackson-annotations-2.13.2.jar;C:\Users\alwi\.m2\repository\commons-codec\commons-codec\1.15\commons-codec-1.15.jar;C:\Users\alwi\.m2\repository\commons-io\commons-io\2.11.0\commons-io-2.11.0.jar;C:\Users\alwi\.m2\repository\org\seleniumhq\selenium\selenium-java\4.1.2\selenium-java-4.1.2.jar;C:\Users\alwi\.m2\repository\org\seleniumhq\selenium\selenium-devtools-v85\4.1.2\selenium-devtools-v85-4.1.2.jar;C:\Users\alwi\.m2\repository\org\seleniumhq\selenium\selenium-devtools-v95\4.1.2\selenium-devtools-v95-4.1.2.jar;C:\Users\alwi\.m2\repository\org\seleniumhq\selenium\selenium-devtools-v96\4.1.2\selenium-devtools-v96-4.1.2.jar;C:\Users\alwi\.m2\repository\org\seleniumhq\selenium\selenium-devtools-v97\4.1.2\selenium-devtools-v97-4.1.2.jar;C:\Users\alwi\.m2\repository\org\seleniumhq\selenium\selenium-firefox-xpi-driver\4.1.2\selenium-firefox-xpi-driver-4.1.2.jar;C:\Users\alwi\.m2\repository\org\seleniumhq\selenium\selenium-opera-driver\4.1.2\selenium-opera-driver-4.1.2.jar;C:\Users\alwi\.m2\repository\org\seleniumhq\selenium\selenium-remote-driver\4.1.2\selenium-remote-driver-4.1.2.jar;C:\Users\alwi\.m2\repository\com\beust\jcommander\1.82\jcommander-1.82.jar;C:\Users\alwi\.m2\repository\io\netty\netty-buffer\4.1.73.Final\netty-buffer-4.1.73.Final.jar;C:\Users\alwi\.m2\repository\io\netty\netty-codec-http\4.1.73.Final\netty-codec-http-4.1.73.Final.jar;C:\Users\alwi\.m2\repository\io\netty\netty-codec\4.1.73.Final\netty-codec-4.1.73.Final.jar;C:\Users\alwi\.m2\repository\io\netty\netty-handler\4.1.73.Final\netty-handler-4.1.73.Final.jar;C:\Users\alwi\.m2\repository\io\netty\netty-tcnative-classes\2.0.46.Final\netty-tcnative-classes-2.0.46.Final.jar;C:\Users\alwi\.m2\repository\io\netty\netty-common\4.1.73.Final\netty-common-4.1.73.Final.jar;C:\Users\alwi\.m2\repository\io\netty\netty-transport-classes-epoll\4.1.73.Final\netty-transport-classes-epoll-4.1.73.Final.jar;C:\Users\alwi\.m2\repository\io\netty\netty-transport-classes-kqueue\4.1.73.Final\netty-transport-classes-kqueue-4.1.73.Final.jar;C:\Users\alwi\.m2\repository\io\netty\netty-transport-native-epoll\4.1.73.Final\netty-transport-native-epoll-4.1.73.Final.jar;C:\Users\alwi\.m2\repository\io\netty\netty-transport-native-kqueue\4.1.73.Final\netty-transport-native-kqueue-4.1.73.Final.jar;C:\Users\alwi\.m2\repository\io\netty\netty-transport-native-unix-common\4.1.73.Final\netty-transport-native-unix-common-4.1.73.Final.jar;C:\Users\alwi\.m2\repository\io\netty\netty-transport\4.1.73.Final\netty-transport-4.1.73.Final.jar;C:\Users\alwi\.m2\repository\io\netty\netty-resolver\4.1.73.Final\netty-resolver-4.1.73.Final.jar;C:\Users\alwi\.m2\repository\io\opentelemetry\opentelemetry-api\1.10.1\opentelemetry-api-1.10.1.jar;C:\Users\alwi\.m2\repository\io\opentelemetry\opentelemetry-context\1.10.1\opentelemetry-context-1.10.1.jar;C:\Users\alwi\.m2\repository\io\opentelemetry\opentelemetry-exporter-logging\1.10.1\opentelemetry-exporter-logging-1.10.1.jar;C:\Users\alwi\.m2\repository\io\opentelemetry\opentelemetry-sdk-metrics\1.10.1-alpha\opentelemetry-sdk-metrics-1.10.1-alpha.jar;C:\Users\alwi\.m2\repository\io\opentelemetry\opentelemetry-sdk-logs\1.10.1-alpha\opentelemetry-sdk-logs-1.10.1-alpha.jar;C:\Users\alwi\.m2\repository\io\opentelemetry\opentelemetry-sdk-common\1.10.1\opentelemetry-sdk-common-1.10.1.jar;C:\Users\alwi\.m2\repository\io\opentelemetry\opentelemetry-sdk-extension-autoconfigure-spi\1.10.1\opentelemetry-sdk-extension-autoconfigure-spi-1.10.1.jar;C:\Users\alwi\.m2\repository\io\opentelemetry\opentelemetry-sdk-extension-autoconfigure\1.10.1-alpha\opentelemetry-sdk-extension-autoconfigure-1.10.1-alpha.jar;C:\Users\alwi\.m2\repository\io\opentelemetry\opentelemetry-sdk-trace\1.10.1\opentelemetry-sdk-trace-1.10.1.jar;C:\Users\alwi\.m2\repository\io\opentelemetry\opentelemetry-sdk\1.10.1\opentelemetry-sdk-1.10.1.jar;C:\Users\alwi\.m2\repository\io\opentelemetry\opentelemetry-semconv\1.10.1-alpha\opentelemetry-semconv-1.10.1-alpha.jar;C:\Users\alwi\.m2\repository\io\ous\jtoml\2.0.0\jtoml-2.0.0.jar;C:\Users\alwi\.m2\repository\org\apache\commons\commons-exec\1.3\commons-exec-1.3.jar;C:\Users\alwi\.m2\repository\org\asynchttpclient\async-http-client\2.12.3\async-http-client-2.12.3.jar;C:\Users\alwi\.m2\repository\org\asynchttpclient\async-http-client-netty-utils\2.12.3\async-http-client-netty-utils-2.12.3.jar;C:\Users\alwi\.m2\repository\io\netty\netty-codec-socks\4.1.60.Final\netty-codec-socks-4.1.60.Final.jar;C:\Users\alwi\.m2\repository\io\netty\netty-handler-proxy\4.1.60.Final\netty-handler-proxy-4.1.60.Final.jar;C:\Users\alwi\.m2\repository\io\netty\netty-transport-native-epoll\4.1.60.Final\netty-transport-native-epoll-4.1.60.Final-linux-x86_64.jar;C:\Users\alwi\.m2\repository\io\netty\netty-transport-native-kqueue\4.1.60.Final\netty-transport-native-kqueue-4.1.60.Final-osx-x86_64.jar;C:\Users\alwi\.m2\repository\org\reactivestreams\reactive-streams\1.0.3\reactive-streams-1.0.3.jar;C:\Users\alwi\.m2\repository\com\typesafe\netty\netty-reactive-streams\2.0.4\netty-reactive-streams-2.0.4.jar;C:\Users\alwi\.m2\repository\org\seleniumhq\selenium\selenium-http\4.1.2\selenium-http-4.1.2.jar;C:\Users\alwi\.m2\repository\net\jodah\failsafe\2.4.4\failsafe-2.4.4.jar;C:\Users\alwi\.m2\repository\org\seleniumhq\selenium\selenium-safari-driver\4.1.2\selenium-safari-driver-4.1.2.jar;C:\Users\alwi\.m2\repository\org\seleniumhq\selenium\selenium-api\4.1.2\selenium-api-4.1.2.jar;C:\Users\alwi\.m2\repository\org\seleniumhq\selenium\selenium-support\4.1.2\selenium-support-4.1.2.jar;C:\Users\alwi\.m2\repository\com\google\auto\service\auto-service-annotations\1.0.1\auto-service-annotations-1.0.1.jar;C:\Users\alwi\.m2\repository\com\google\auto\service\auto-service\1.0.1\auto-service-1.0.1.jar;C:\Users\alwi\.m2\repository\com\google\auto\auto-common\1.2\auto-common-1.2.jar;C:\Users\alwi\.m2\repository\org\seleniumhq\selenium\selenium-json\4.1.2\selenium-json-4.1.2.jar;C:\Users\alwi\.m2\repository\org\seleniumhq\selenium\selenium-chrome-driver\4.1.2\selenium-chrome-driver-4.1.2.jar;C:\Users\alwi\.m2\repository\org\seleniumhq\selenium\selenium-chromium-driver\4.1.2\selenium-chromium-driver-4.1.2.jar;C:\Users\alwi\.m2\repository\org\seleniumhq\selenium\selenium-firefox-driver\4.1.2\selenium-firefox-driver-4.1.2.jar;C:\Users\alwi\.m2\repository\org\seleniumhq\selenium\selenium-edge-driver\4.1.2\selenium-edge-driver-4.1.2.jar;C:\Users\alwi\.m2\repository\org\seleniumhq\selenium\selenium-ie-driver\4.1.2\selenium-ie-driver-4.1.2.jar;C:\Users\alwi\.m2\repository\org\projectlombok\lombok\1.18.20\lombok-1.18.20.jar;C:\Users\alwi\.m2\repository\io\appium\java-client\8.0.0\java-client-8.0.0.jar;C:\Users\alwi\.m2\repository\commons-validator\commons-validator\1.7\commons-validator-1.7.jar;C:\Users\alwi\.m2\repository\commons-digester\commons-digester\2.1\commons-digester-2.1.jar;C:\Users\alwi\.m2\repository\org\aspectj\aspectjweaver\1.9.8\aspectjweaver-1.9.8.jar;C:\Users\alwi\.m2\repository\org\codehaus\groovy\groovy\3.0.10\groovy-3.0.10.jar;C:\Users\alwi\.m2\repository\net\sf\opencsv\opencsv\2.0\opencsv-2.0.jar;C:\Users\alwi\.m2\repository\commons-beanutils\commons-beanutils\1.9.4\commons-beanutils-1.9.4.jar;C:\Users\alwi\.m2\repository\org\apache\commons\commons-lang3\3.12.0\commons-lang3-3.12.0.jar;C:\Users\alwi\.m2\repository\commons-collections\commons-collections\3.2.2\commons-collections-3.2.2.jar;C:\Users\alwi\.m2\repository\org\fluentlenium\fluentlenium-core\0.10.2\fluentlenium-core-0.10.2.jar;C:\Users\alwi\.m2\repository\io\github\bonigarcia\webdrivermanager\5.1.0\webdrivermanager-5.1.0.jar;C:\Users\alwi\.m2\repository\com\github\docker-java\docker-java\3.2.13\docker-java-3.2.13.jar;C:\Users\alwi\.m2\repository\com\github\docker-java\docker-java-core\3.2.13\docker-java-core-3.2.13.jar;C:\Users\alwi\.m2\repository\com\github\docker-java\docker-java-api\3.2.13\docker-java-api-3.2.13.jar;C:\Users\alwi\.m2\repository\org\apache\commons\commons-compress\1.21\commons-compress-1.21.jar;C:\Users\alwi\.m2\repository\org\bouncycastle\bcpkix-jdk15on\1.64\bcpkix-jdk15on-1.64.jar;C:\Users\alwi\.m2\repository\org\bouncycastle\bcprov-jdk15on\1.64\bcprov-jdk15on-1.64.jar;C:\Users\alwi\.m2\repository\org\slf4j\jcl-over-slf4j\1.7.30\jcl-over-slf4j-1.7.30.jar;C:\Users\alwi\.m2\repository\com\github\docker-java\docker-java-transport-httpclient5\3.2.13\docker-java-transport-httpclient5-3.2.13.jar;C:\Users\alwi\.m2\repository\com\github\docker-java\docker-java-transport\3.2.13\docker-java-transport-3.2.13.jar;C:\Users\alwi\.m2\repository\org\apache\httpcomponents\client5\httpclient5\5.0.3\httpclient5-5.0.3.jar;C:\Users\alwi\.m2\repository\org\apache\httpcomponents\core5\httpcore5\5.0.2\httpcore5-5.0.2.jar;C:\Users\alwi\.m2\repository\net\java\dev\jna\jna\5.8.0\jna-5.8.0.jar;C:\Users\alwi\.m2\repository\org\brotli\dec\0.1.2\dec-0.1.2.jar;C:\Users\alwi\.m2\repository\com\jhlabs\filters\2.0.235\filters-2.0.235.jar;C:\Users\alwi\.m2\repository\com\paulhammant\ngwebdriver\1.1.6\ngwebdriver-1.1.6.jar;C:\Users\alwi\.m2\repository\joda-time\joda-time\2.8.2\joda-time-2.8.2.jar;C:\Users\alwi\.m2\repository\org\hamcrest\hamcrest\2.2\hamcrest-2.2.jar;C:\Users\alwi\.m2\repository\com\google\jimfs\jimfs\1.2\jimfs-1.2.jar;C:\Users\alwi\.m2\repository\org\mockito\mockito-core\3.3.3\mockito-core-3.3.3.jar;C:\Users\alwi\.m2\repository\javax\xml\bind\jaxb-api\2.3.1\jaxb-api-2.3.1.jar;C:\Users\alwi\.m2\repository\javax\activation\javax.activation-api\1.2.0\javax.activation-api-1.2.0.jar;C:\Users\alwi\.m2\repository\com\sun\xml\bind\jaxb-core\2.3.0.1\jaxb-core-2.3.0.1.jar;C:\Users\alwi\.m2\repository\com\sun\xml\bind\jaxb-impl\2.3.3\jaxb-impl-2.3.3.jar;C:\Users\alwi\.m2\repository\jakarta\xml\bind\jakarta.xml.bind-api\2.3.3\jakarta.xml.bind-api-2.3.3.jar;C:\Users\alwi\.m2\repository\com\sun\activation\jakarta.activation\1.2.2\jakarta.activation-1.2.2.jar;C:\Users\alwi\.m2\repository\javax\activation\activation\1.1.1\activation-1.1.1.jar;C:\Users\alwi\.m2\repository\net\serenity-bdd\serenity-cucumber\3.2.1\serenity-cucumber-3.2.1.jar;C:\Users\alwi\.m2\repository\io\cucumber\cucumber-core\7.2.3\cucumber-core-7.2.3.jar;C:\Users\alwi\.m2\repository\io\cucumber\cucumber-gherkin\7.2.3\cucumber-gherkin-7.2.3.jar;C:\Users\alwi\.m2\repository\io\cucumber\cucumber-gherkin-messages\7.2.3\cucumber-gherkin-messages-7.2.3.jar;C:\Users\alwi\.m2\repository\io\cucumber\messages\17.1.1\messages-17.1.1.jar;C:\Users\alwi\.m2\repository\io\cucumber\tag-expressions\4.1.0\tag-expressions-4.1.0.jar;C:\Users\alwi\.m2\repository\io\cucumber\cucumber-expressions\15.0.1\cucumber-expressions-15.0.1.jar;C:\Users\alwi\.m2\repository\io\cucumber\datatable\7.2.3\datatable-7.2.3.jar;C:\Users\alwi\.m2\repository\io\cucumber\cucumber-plugin\7.2.3\cucumber-plugin-7.2.3.jar;C:\Users\alwi\.m2\repository\io\cucumber\docstring\7.2.3\docstring-7.2.3.jar;C:\Users\alwi\.m2\repository\io\cucumber\html-formatter\17.0.0\html-formatter-17.0.0.jar;C:\Users\alwi\.m2\repository\io\cucumber\ci-environment\8.1.0\ci-environment-8.1.0.jar;C:\Users\alwi\.m2\repository\io\cucumber\cucumber-junit\7.2.3\cucumber-junit-7.2.3.jar;C:\Users\alwi\.m2\repository\org\apache\commons\commons-csv\1.5\commons-csv-1.5.jar;C:\Users\alwi\.m2\repository\net\serenity-bdd\serenity-screenplay\3.2.1\serenity-screenplay-3.2.1.jar;C:\Users\alwi\.m2\repository\net\serenity-bdd\serenity-screenplay-webdriver\3.2.1\serenity-screenplay-webdriver-3.2.1.jar;C:\Users\alwi\.m2\repository\net\serenity-bdd\serenity-ensure\3.2.1\serenity-ensure-3.2.1.jar;C:\Users\alwi\.m2\repository\net\serenity-bdd\serenity-junit\3.2.1\serenity-junit-3.2.1.jar;C:\Users\alwi\.m2\repository\org\jetbrains\kotlin\kotlin-stdlib\1.6.0\kotlin-stdlib-1.6.0.jar;C:\Users\alwi\.m2\repository\org\jetbrains\annotations\13.0\annotations-13.0.jar;C:\Users\alwi\.m2\repository\org\jetbrains\kotlin\kotlin-stdlib-common\1.6.0\kotlin-stdlib-common-1.6.0.jar;C:\Users\alwi\.m2\repository\org\junit\platform\junit-platform-launcher\1.8.1\junit-platform-launcher-1.8.1.jar;C:\Users\alwi\.m2\repository\org\junit\platform\junit-platform-engine\1.8.1\junit-platform-engine-1.8.1.jar;C:\Users\alwi\.m2\repository\org\opentest4j\opentest4j\1.2.0\opentest4j-1.2.0.jar;C:\Users\alwi\.m2\repository\org\junit\platform\junit-platform-commons\1.8.1\junit-platform-commons-1.8.1.jar;C:\Users\alwi\.m2\repository\org\apiguardian\apiguardian-api\1.1.2\apiguardian-api-1.1.2.jar;C:\Users\alwi\.m2\repository\org\junit\jupiter\junit-jupiter-engine\5.8.2\junit-jupiter-engine-5.8.2.jar;C:\Users\alwi\.m2\repository\org\junit\jupiter\junit-jupiter-api\5.8.2\junit-jupiter-api-5.8.2.jar;C:\Users\alwi\.m2\repository\org\junit\vintage\junit-vintage-engine\5.8.2\junit-vintage-engine-5.8.2.jar;C:\Users\alwi\.m2\repository\junit\junit\4.13.2\junit-4.13.2.jar;C:\Users\alwi\.m2\repository\org\hamcrest\hamcrest-core\1.3\hamcrest-core-1.3.jar;C:\Users\alwi\.m2\repository\ch\qos\logback\logback-classic\1.2.10\logback-classic-1.2.10.jar;C:\Users\alwi\.m2\repository\ch\qos\logback\logback-core\1.2.10\logback-core-1.2.10.jar;C:\Users\alwi\.m2\repository\org\slf4j\slf4j-api\1.7.32\slf4j-api-1.7.32.jar;C:\Users\alwi\.m2\repository\org\assertj\assertj-core\3.6.2\assertj-core-3.6.2.jar;"/>
    <property name="java.vm.vendor" value="Oracle Corporation"/>
    <property name="sun.arch.data.model" value="64"/>
    <property name="user.variant" value=""/>
    <property name="java.vendor.url" value="https://java.oracle.com/"/>
    <property name="user.timezone" value="Asia/Jakarta"/>
    <property name="log4j2.formatMsgNoLookups" value="true"/>
    <property name="user.country.format" value="ID"/>
    <property name="os.name" value="Windows 10"/>
    <property name="java.vm.specification.version" value="13"/>
    <property name="sun.java.launcher" value="SUN_STANDARD"/>
    <property name="user.country" value="US"/>
    <property name="sun.boot.library.path" value="C:\Program Files\Java\jdk-13.0.2\bin"/>
    <property name="sun.java.command" value="org.apache.maven.surefire.booter.ForkedBooter C:\Users\alwi\AppData\Local\Temp\surefire9280638620971401504 2023-04-07T16-21-19_008-jvmRun1 surefire6949959145748177156tmp surefire_011208709085164370827tmp"/>
    <property name="jdk.debug" value="release"/>
    <property name="surefire.test.class.path" value="C:\Users\alwi\IdeaProjects\uniqloweb\target\test-classes;C:\Users\alwi\.m2\repository\net\serenity-bdd\serenity-core\3.2.1\serenity-core-3.2.1.jar;C:\Users\alwi\.m2\repository\net\serenity-bdd\serenity-model\3.2.1\serenity-model-3.2.1.jar;C:\Users\alwi\.m2\repository\org\apache\commons\commons-text\1.9\commons-text-1.9.jar;C:\Users\alwi\.m2\repository\commons-net\commons-net\3.8.0\commons-net-3.8.0.jar;C:\Users\alwi\.m2\repository\com\google\guava\guava\31.1-jre\guava-31.1-jre.jar;C:\Users\alwi\.m2\repository\com\google\guava\failureaccess\1.0.1\failureaccess-1.0.1.jar;C:\Users\alwi\.m2\repository\com\google\guava\listenablefuture\9999.0-empty-to-avoid-conflict-with-guava\listenablefuture-9999.0-empty-to-avoid-conflict-with-guava.jar;C:\Users\alwi\.m2\repository\com\google\code\findbugs\jsr305\3.0.2\jsr305-3.0.2.jar;C:\Users\alwi\.m2\repository\org\checkerframework\checker-qual\3.12.0\checker-qual-3.12.0.jar;C:\Users\alwi\.m2\repository\com\google\errorprone\error_prone_annotations\2.11.0\error_prone_annotations-2.11.0.jar;C:\Users\alwi\.m2\repository\com\google\j2objc\j2objc-annotations\1.3\j2objc-annotations-1.3.jar;C:\Users\alwi\.m2\repository\com\google\inject\guice\5.1.0\guice-5.1.0.jar;C:\Users\alwi\.m2\repository\javax\inject\javax.inject\1\javax.inject-1.jar;C:\Users\alwi\.m2\repository\aopalliance\aopalliance\1.0\aopalliance-1.0.jar;C:\Users\alwi\.m2\repository\org\jsoup\jsoup\1.14.3\jsoup-1.14.3.jar;C:\Users\alwi\.m2\repository\com\thoughtworks\xstream\xstream\1.4.19\xstream-1.4.19.jar;C:\Users\alwi\.m2\repository\io\github\x-stream\mxparser\1.2.2\mxparser-1.2.2.jar;C:\Users\alwi\.m2\repository\xmlpull\xmlpull\1.1.3.1\xmlpull-1.1.3.1.jar;C:\Users\alwi\.m2\repository\io\cucumber\cucumber-java\7.2.3\cucumber-java-7.2.3.jar;C:\Users\alwi\.m2\repository\com\typesafe\config\1.4.2\config-1.4.2.jar;C:\Users\alwi\.m2\repository\org\imgscalr\imgscalr-lib\4.2\imgscalr-lib-4.2.jar;C:\Users\alwi\.m2\repository\org\awaitility\awaitility\4.2.0\awaitility-4.2.0.jar;C:\Users\alwi\.m2\repository\org\freemarker\freemarker\2.3.31\freemarker-2.3.31.jar;C:\Users\alwi\.m2\repository\io\github\classgraph\classgraph\4.8.138\classgraph-4.8.138.jar;C:\Users\alwi\.m2\repository\net\sourceforge\jexcelapi\jxl\2.6.12\jxl-2.6.12.jar;C:\Users\alwi\.m2\repository\net\bytebuddy\byte-buddy\1.12.8\byte-buddy-1.12.8.jar;C:\Users\alwi\.m2\repository\net\bytebuddy\byte-buddy-agent\1.12.8\byte-buddy-agent-1.12.8.jar;C:\Users\alwi\.m2\repository\org\objenesis\objenesis\3.1\objenesis-3.1.jar;C:\Users\alwi\.m2\repository\net\serenity-bdd\serenity-reports\3.2.1\serenity-reports-3.2.1.jar;C:\Users\alwi\.m2\repository\net\serenity-bdd\serenity-stats\3.2.1\serenity-stats-3.2.1.jar;C:\Users\alwi\.m2\repository\net\serenity-bdd\serenity-reports-configuration\3.2.1\serenity-reports-configuration-3.2.1.jar;C:\Users\alwi\.m2\repository\com\vladsch\flexmark\flexmark-all\0.34.30\flexmark-all-0.34.30.jar;C:\Users\alwi\.m2\repository\com\vladsch\flexmark\flexmark\0.34.30\flexmark-0.34.30.jar;C:\Users\alwi\.m2\repository\com\vladsch\flexmark\flexmark-ext-abbreviation\0.34.30\flexmark-ext-abbreviation-0.34.30.jar;C:\Users\alwi\.m2\repository\com\vladsch\flexmark\flexmark-ext-admonition\0.34.30\flexmark-ext-admonition-0.34.30.jar;C:\Users\alwi\.m2\repository\com\vladsch\flexmark\flexmark-ext-anchorlink\0.34.30\flexmark-ext-anchorlink-0.34.30.jar;C:\Users\alwi\.m2\repository\com\vladsch\flexmark\flexmark-ext-aside\0.34.30\flexmark-ext-aside-0.34.30.jar;C:\Users\alwi\.m2\repository\com\vladsch\flexmark\flexmark-ext-attributes\0.34.30\flexmark-ext-attributes-0.34.30.jar;C:\Users\alwi\.m2\repository\com\vladsch\flexmark\flexmark-ext-autolink\0.34.30\flexmark-ext-autolink-0.34.30.jar;C:\Users\alwi\.m2\repository\org\nibor\autolink\autolink\0.6.0\autolink-0.6.0.jar;C:\Users\alwi\.m2\repository\com\vladsch\flexmark\flexmark-ext-definition\0.34.30\flexmark-ext-definition-0.34.30.jar;C:\Users\alwi\.m2\repository\com\vladsch\flexmark\flexmark-ext-emoji\0.34.30\flexmark-ext-emoji-0.34.30.jar;C:\Users\alwi\.m2\repository\com\vladsch\flexmark\flexmark-ext-enumerated-reference\0.34.30\flexmark-ext-enumerated-reference-0.34.30.jar;C:\Users\alwi\.m2\repository\com\vladsch\flexmark\flexmark-ext-escaped-character\0.34.30\flexmark-ext-escaped-character-0.34.30.jar;C:\Users\alwi\.m2\repository\com\vladsch\flexmark\flexmark-ext-footnotes\0.34.30\flexmark-ext-footnotes-0.34.30.jar;C:\Users\alwi\.m2\repository\com\vladsch\flexmark\flexmark-ext-gfm-issues\0.34.30\flexmark-ext-gfm-issues-0.34.30.jar;C:\Users\alwi\.m2\repository\com\vladsch\flexmark\flexmark-ext-gfm-strikethrough\0.34.30\flexmark-ext-gfm-strikethrough-0.34.30.jar;C:\Users\alwi\.m2\repository\com\vladsch\flexmark\flexmark-ext-gfm-tables\0.34.30\flexmark-ext-gfm-tables-0.34.30.jar;C:\Users\alwi\.m2\repository\com\vladsch\flexmark\flexmark-ext-gfm-tasklist\0.34.30\flexmark-ext-gfm-tasklist-0.34.30.jar;C:\Users\alwi\.m2\repository\com\vladsch\flexmark\flexmark-ext-gfm-users\0.34.30\flexmark-ext-gfm-users-0.34.30.jar;C:\Users\alwi\.m2\repository\com\vladsch\flexmark\flexmark-ext-gitlab\0.34.30\flexmark-ext-gitlab-0.34.30.jar;C:\Users\alwi\.m2\repository\com\vladsch\flexmark\flexmark-ext-jekyll-front-matter\0.34.30\flexmark-ext-jekyll-front-matter-0.34.30.jar;C:\Users\alwi\.m2\repository\com\vladsch\flexmark\flexmark-ext-jekyll-tag\0.34.30\flexmark-ext-jekyll-tag-0.34.30.jar;C:\Users\alwi\.m2\repository\com\vladsch\flexmark\flexmark-ext-media-tags\0.34.30\flexmark-ext-media-tags-0.34.30.jar;C:\Users\alwi\.m2\repository\com\vladsch\flexmark\flexmark-test-util\0.34.30\flexmark-test-util-0.34.30.jar;C:\Users\alwi\.m2\repository\com\vladsch\flexmark\flexmark-ext-ins\0.34.30\flexmark-ext-ins-0.34.30.jar;C:\Users\alwi\.m2\repository\com\vladsch\flexmark\flexmark-ext-xwiki-macros\0.34.30\flexmark-ext-xwiki-macros-0.34.30.jar;C:\Users\alwi\.m2\repository\com\vladsch\flexmark\flexmark-ext-superscript\0.34.30\flexmark-ext-superscript-0.34.30.jar;C:\Users\alwi\.m2\repository\com\vladsch\flexmark\flexmark-ext-tables\0.34.30\flexmark-ext-tables-0.34.30.jar;C:\Users\alwi\.m2\repository\com\vladsch\flexmark\flexmark-ext-toc\0.34.30\flexmark-ext-toc-0.34.30.jar;C:\Users\alwi\.m2\repository\com\vladsch\flexmark\flexmark-ext-typographic\0.34.30\flexmark-ext-typographic-0.34.30.jar;C:\Users\alwi\.m2\repository\com\vladsch\flexmark\flexmark-ext-wikilink\0.34.30\flexmark-ext-wikilink-0.34.30.jar;C:\Users\alwi\.m2\repository\com\vladsch\flexmark\flexmark-ext-yaml-front-matter\0.34.30\flexmark-ext-yaml-front-matter-0.34.30.jar;C:\Users\alwi\.m2\repository\com\vladsch\flexmark\flexmark-ext-youtube-embedded\0.34.30\flexmark-ext-youtube-embedded-0.34.30.jar;C:\Users\alwi\.m2\repository\com\vladsch\flexmark\flexmark-formatter\0.34.30\flexmark-formatter-0.34.30.jar;C:\Users\alwi\.m2\repository\com\vladsch\flexmark\flexmark-html-parser\0.34.30\flexmark-html-parser-0.34.30.jar;C:\Users\alwi\.m2\repository\com\vladsch\flexmark\flexmark-jira-converter\0.34.30\flexmark-jira-converter-0.34.30.jar;C:\Users\alwi\.m2\repository\com\vladsch\flexmark\flexmark-pdf-converter\0.34.30\flexmark-pdf-converter-0.34.30.jar;C:\Users\alwi\.m2\repository\com\openhtmltopdf\openhtmltopdf-core\0.0.1-RC13\openhtmltopdf-core-0.0.1-RC13.jar;C:\Users\alwi\.m2\repository\com\openhtmltopdf\openhtmltopdf-pdfbox\0.0.1-RC13\openhtmltopdf-pdfbox-0.0.1-RC13.jar;C:\Users\alwi\.m2\repository\org\apache\pdfbox\pdfbox\2.0.8\pdfbox-2.0.8.jar;C:\Users\alwi\.m2\repository\org\apache\pdfbox\fontbox\2.0.8\fontbox-2.0.8.jar;C:\Users\alwi\.m2\repository\commons-logging\commons-logging\1.2\commons-logging-1.2.jar;C:\Users\alwi\.m2\repository\org\apache\pdfbox\xmpbox\2.0.8\xmpbox-2.0.8.jar;C:\Users\alwi\.m2\repository\de\rototor\pdfbox\graphics2d\0.12\graphics2d-0.12.jar;C:\Users\alwi\.m2\repository\com\openhtmltopdf\openhtmltopdf-rtl-support\0.0.1-RC13\openhtmltopdf-rtl-support-0.0.1-RC13.jar;C:\Users\alwi\.m2\repository\com\ibm\icu\icu4j\59.1\icu4j-59.1.jar;C:\Users\alwi\.m2\repository\com\openhtmltopdf\openhtmltopdf-jsoup-dom-converter\0.0.1-RC13\openhtmltopdf-jsoup-dom-converter-0.0.1-RC13.jar;C:\Users\alwi\.m2\repository\com\vladsch\flexmark\flexmark-profile-pegdown\0.34.30\flexmark-profile-pegdown-0.34.30.jar;C:\Users\alwi\.m2\repository\com\vladsch\flexmark\flexmark-util\0.34.30\flexmark-util-0.34.30.jar;C:\Users\alwi\.m2\repository\com\vladsch\flexmark\flexmark-youtrack-converter\0.34.30\flexmark-youtrack-converter-0.34.30.jar;C:\Users\alwi\.m2\repository\es\nitaur\markdown\txtmark\0.16\txtmark-0.16.jar;C:\Users\alwi\.m2\repository\net\serenity-bdd\serenity-report-resources\3.2.1\serenity-report-resources-3.2.1.jar;C:\Users\alwi\.m2\repository\com\google\code\gson\gson\2.9.0\gson-2.9.0.jar;C:\Users\alwi\.m2\repository\com\fasterxml\jackson\core\jackson-core\2.13.2\jackson-core-2.13.2.jar;C:\Users\alwi\.m2\repository\com\fasterxml\jackson\core\jackson-databind\2.13.2\jackson-databind-2.13.2.jar;C:\Users\alwi\.m2\repository\com\fasterxml\jackson\core\jackson-annotations\2.13.2\jackson-annotations-2.13.2.jar;C:\Users\alwi\.m2\repository\commons-codec\commons-codec\1.15\commons-codec-1.15.jar;C:\Users\alwi\.m2\repository\commons-io\commons-io\2.11.0\commons-io-2.11.0.jar;C:\Users\alwi\.m2\repository\org\seleniumhq\selenium\selenium-java\4.1.2\selenium-java-4.1.2.jar;C:\Users\alwi\.m2\repository\org\seleniumhq\selenium\selenium-devtools-v85\4.1.2\selenium-devtools-v85-4.1.2.jar;C:\Users\alwi\.m2\repository\org\seleniumhq\selenium\selenium-devtools-v95\4.1.2\selenium-devtools-v95-4.1.2.jar;C:\Users\alwi\.m2\repository\org\seleniumhq\selenium\selenium-devtools-v96\4.1.2\selenium-devtools-v96-4.1.2.jar;C:\Users\alwi\.m2\repository\org\seleniumhq\selenium\selenium-devtools-v97\4.1.2\selenium-devtools-v97-4.1.2.jar;C:\Users\alwi\.m2\repository\org\seleniumhq\selenium\selenium-firefox-xpi-driver\4.1.2\selenium-firefox-xpi-driver-4.1.2.jar;C:\Users\alwi\.m2\repository\org\seleniumhq\selenium\selenium-opera-driver\4.1.2\selenium-opera-driver-4.1.2.jar;C:\Users\alwi\.m2\repository\org\seleniumhq\selenium\selenium-remote-driver\4.1.2\selenium-remote-driver-4.1.2.jar;C:\Users\alwi\.m2\repository\com\beust\jcommander\1.82\jcommander-1.82.jar;C:\Users\alwi\.m2\repository\io\netty\netty-buffer\4.1.73.Final\netty-buffer-4.1.73.Final.jar;C:\Users\alwi\.m2\repository\io\netty\netty-codec-http\4.1.73.Final\netty-codec-http-4.1.73.Final.jar;C:\Users\alwi\.m2\repository\io\netty\netty-codec\4.1.73.Final\netty-codec-4.1.73.Final.jar;C:\Users\alwi\.m2\repository\io\netty\netty-handler\4.1.73.Final\netty-handler-4.1.73.Final.jar;C:\Users\alwi\.m2\repository\io\netty\netty-tcnative-classes\2.0.46.Final\netty-tcnative-classes-2.0.46.Final.jar;C:\Users\alwi\.m2\repository\io\netty\netty-common\4.1.73.Final\netty-common-4.1.73.Final.jar;C:\Users\alwi\.m2\repository\io\netty\netty-transport-classes-epoll\4.1.73.Final\netty-transport-classes-epoll-4.1.73.Final.jar;C:\Users\alwi\.m2\repository\io\netty\netty-transport-classes-kqueue\4.1.73.Final\netty-transport-classes-kqueue-4.1.73.Final.jar;C:\Users\alwi\.m2\repository\io\netty\netty-transport-native-epoll\4.1.73.Final\netty-transport-native-epoll-4.1.73.Final.jar;C:\Users\alwi\.m2\repository\io\netty\netty-transport-native-kqueue\4.1.73.Final\netty-transport-native-kqueue-4.1.73.Final.jar;C:\Users\alwi\.m2\repository\io\netty\netty-transport-native-unix-common\4.1.73.Final\netty-transport-native-unix-common-4.1.73.Final.jar;C:\Users\alwi\.m2\repository\io\netty\netty-transport\4.1.73.Final\netty-transport-4.1.73.Final.jar;C:\Users\alwi\.m2\repository\io\netty\netty-resolver\4.1.73.Final\netty-resolver-4.1.73.Final.jar;C:\Users\alwi\.m2\repository\io\opentelemetry\opentelemetry-api\1.10.1\opentelemetry-api-1.10.1.jar;C:\Users\alwi\.m2\repository\io\opentelemetry\opentelemetry-context\1.10.1\opentelemetry-context-1.10.1.jar;C:\Users\alwi\.m2\repository\io\opentelemetry\opentelemetry-exporter-logging\1.10.1\opentelemetry-exporter-logging-1.10.1.jar;C:\Users\alwi\.m2\repository\io\opentelemetry\opentelemetry-sdk-metrics\1.10.1-alpha\opentelemetry-sdk-metrics-1.10.1-alpha.jar;C:\Users\alwi\.m2\repository\io\opentelemetry\opentelemetry-sdk-logs\1.10.1-alpha\opentelemetry-sdk-logs-1.10.1-alpha.jar;C:\Users\alwi\.m2\repository\io\opentelemetry\opentelemetry-sdk-common\1.10.1\opentelemetry-sdk-common-1.10.1.jar;C:\Users\alwi\.m2\repository\io\opentelemetry\opentelemetry-sdk-extension-autoconfigure-spi\1.10.1\opentelemetry-sdk-extension-autoconfigure-spi-1.10.1.jar;C:\Users\alwi\.m2\repository\io\opentelemetry\opentelemetry-sdk-extension-autoconfigure\1.10.1-alpha\opentelemetry-sdk-extension-autoconfigure-1.10.1-alpha.jar;C:\Users\alwi\.m2\repository\io\opentelemetry\opentelemetry-sdk-trace\1.10.1\opentelemetry-sdk-trace-1.10.1.jar;C:\Users\alwi\.m2\repository\io\opentelemetry\opentelemetry-sdk\1.10.1\opentelemetry-sdk-1.10.1.jar;C:\Users\alwi\.m2\repository\io\opentelemetry\opentelemetry-semconv\1.10.1-alpha\opentelemetry-semconv-1.10.1-alpha.jar;C:\Users\alwi\.m2\repository\io\ous\jtoml\2.0.0\jtoml-2.0.0.jar;C:\Users\alwi\.m2\repository\org\apache\commons\commons-exec\1.3\commons-exec-1.3.jar;C:\Users\alwi\.m2\repository\org\asynchttpclient\async-http-client\2.12.3\async-http-client-2.12.3.jar;C:\Users\alwi\.m2\repository\org\asynchttpclient\async-http-client-netty-utils\2.12.3\async-http-client-netty-utils-2.12.3.jar;C:\Users\alwi\.m2\repository\io\netty\netty-codec-socks\4.1.60.Final\netty-codec-socks-4.1.60.Final.jar;C:\Users\alwi\.m2\repository\io\netty\netty-handler-proxy\4.1.60.Final\netty-handler-proxy-4.1.60.Final.jar;C:\Users\alwi\.m2\repository\io\netty\netty-transport-native-epoll\4.1.60.Final\netty-transport-native-epoll-4.1.60.Final-linux-x86_64.jar;C:\Users\alwi\.m2\repository\io\netty\netty-transport-native-kqueue\4.1.60.Final\netty-transport-native-kqueue-4.1.60.Final-osx-x86_64.jar;C:\Users\alwi\.m2\repository\org\reactivestreams\reactive-streams\1.0.3\reactive-streams-1.0.3.jar;C:\Users\alwi\.m2\repository\com\typesafe\netty\netty-reactive-streams\2.0.4\netty-reactive-streams-2.0.4.jar;C:\Users\alwi\.m2\repository\org\seleniumhq\selenium\selenium-http\4.1.2\selenium-http-4.1.2.jar;C:\Users\alwi\.m2\repository\net\jodah\failsafe\2.4.4\failsafe-2.4.4.jar;C:\Users\alwi\.m2\repository\org\seleniumhq\selenium\selenium-safari-driver\4.1.2\selenium-safari-driver-4.1.2.jar;C:\Users\alwi\.m2\repository\org\seleniumhq\selenium\selenium-api\4.1.2\selenium-api-4.1.2.jar;C:\Users\alwi\.m2\repository\org\seleniumhq\selenium\selenium-support\4.1.2\selenium-support-4.1.2.jar;C:\Users\alwi\.m2\repository\com\google\auto\service\auto-service-annotations\1.0.1\auto-service-annotations-1.0.1.jar;C:\Users\alwi\.m2\repository\com\google\auto\service\auto-service\1.0.1\auto-service-1.0.1.jar;C:\Users\alwi\.m2\repository\com\google\auto\auto-common\1.2\auto-common-1.2.jar;C:\Users\alwi\.m2\repository\org\seleniumhq\selenium\selenium-json\4.1.2\selenium-json-4.1.2.jar;C:\Users\alwi\.m2\repository\org\seleniumhq\selenium\selenium-chrome-driver\4.1.2\selenium-chrome-driver-4.1.2.jar;C:\Users\alwi\.m2\repository\org\seleniumhq\selenium\selenium-chromium-driver\4.1.2\selenium-chromium-driver-4.1.2.jar;C:\Users\alwi\.m2\repository\org\seleniumhq\selenium\selenium-firefox-driver\4.1.2\selenium-firefox-driver-4.1.2.jar;C:\Users\alwi\.m2\repository\org\seleniumhq\selenium\selenium-edge-driver\4.1.2\selenium-edge-driver-4.1.2.jar;C:\Users\alwi\.m2\repository\org\seleniumhq\selenium\selenium-ie-driver\4.1.2\selenium-ie-driver-4.1.2.jar;C:\Users\alwi\.m2\repository\org\projectlombok\lombok\1.18.20\lombok-1.18.20.jar;C:\Users\alwi\.m2\repository\io\appium\java-client\8.0.0\java-client-8.0.0.jar;C:\Users\alwi\.m2\repository\commons-validator\commons-validator\1.7\commons-validator-1.7.jar;C:\Users\alwi\.m2\repository\commons-digester\commons-digester\2.1\commons-digester-2.1.jar;C:\Users\alwi\.m2\repository\org\aspectj\aspectjweaver\1.9.8\aspectjweaver-1.9.8.jar;C:\Users\alwi\.m2\repository\org\codehaus\groovy\groovy\3.0.10\groovy-3.0.10.jar;C:\Users\alwi\.m2\repository\net\sf\opencsv\opencsv\2.0\opencsv-2.0.jar;C:\Users\alwi\.m2\repository\commons-beanutils\commons-beanutils\1.9.4\commons-beanutils-1.9.4.jar;C:\Users\alwi\.m2\repository\org\apache\commons\commons-lang3\3.12.0\commons-lang3-3.12.0.jar;C:\Users\alwi\.m2\repository\commons-collections\commons-collections\3.2.2\commons-collections-3.2.2.jar;C:\Users\alwi\.m2\repository\org\fluentlenium\fluentlenium-core\0.10.2\fluentlenium-core-0.10.2.jar;C:\Users\alwi\.m2\repository\io\github\bonigarcia\webdrivermanager\5.1.0\webdrivermanager-5.1.0.jar;C:\Users\alwi\.m2\repository\com\github\docker-java\docker-java\3.2.13\docker-java-3.2.13.jar;C:\Users\alwi\.m2\repository\com\github\docker-java\docker-java-core\3.2.13\docker-java-core-3.2.13.jar;C:\Users\alwi\.m2\repository\com\github\docker-java\docker-java-api\3.2.13\docker-java-api-3.2.13.jar;C:\Users\alwi\.m2\repository\org\apache\commons\commons-compress\1.21\commons-compress-1.21.jar;C:\Users\alwi\.m2\repository\org\bouncycastle\bcpkix-jdk15on\1.64\bcpkix-jdk15on-1.64.jar;C:\Users\alwi\.m2\repository\org\bouncycastle\bcprov-jdk15on\1.64\bcprov-jdk15on-1.64.jar;C:\Users\alwi\.m2\repository\org\slf4j\jcl-over-slf4j\1.7.30\jcl-over-slf4j-1.7.30.jar;C:\Users\alwi\.m2\repository\com\github\docker-java\docker-java-transport-httpclient5\3.2.13\docker-java-transport-httpclient5-3.2.13.jar;C:\Users\alwi\.m2\repository\com\github\docker-java\docker-java-transport\3.2.13\docker-java-transport-3.2.13.jar;C:\Users\alwi\.m2\repository\org\apache\httpcomponents\client5\httpclient5\5.0.3\httpclient5-5.0.3.jar;C:\Users\alwi\.m2\repository\org\apache\httpcomponents\core5\httpcore5\5.0.2\httpcore5-5.0.2.jar;C:\Users\alwi\.m2\repository\net\java\dev\jna\jna\5.8.0\jna-5.8.0.jar;C:\Users\alwi\.m2\repository\org\brotli\dec\0.1.2\dec-0.1.2.jar;C:\Users\alwi\.m2\repository\com\jhlabs\filters\2.0.235\filters-2.0.235.jar;C:\Users\alwi\.m2\repository\com\paulhammant\ngwebdriver\1.1.6\ngwebdriver-1.1.6.jar;C:\Users\alwi\.m2\repository\joda-time\joda-time\2.8.2\joda-time-2.8.2.jar;C:\Users\alwi\.m2\repository\org\hamcrest\hamcrest\2.2\hamcrest-2.2.jar;C:\Users\alwi\.m2\repository\com\google\jimfs\jimfs\1.2\jimfs-1.2.jar;C:\Users\alwi\.m2\repository\org\mockito\mockito-core\3.3.3\mockito-core-3.3.3.jar;C:\Users\alwi\.m2\repository\javax\xml\bind\jaxb-api\2.3.1\jaxb-api-2.3.1.jar;C:\Users\alwi\.m2\repository\javax\activation\javax.activation-api\1.2.0\javax.activation-api-1.2.0.jar;C:\Users\alwi\.m2\repository\com\sun\xml\bind\jaxb-core\2.3.0.1\jaxb-core-2.3.0.1.jar;C:\Users\alwi\.m2\repository\com\sun\xml\bind\jaxb-impl\2.3.3\jaxb-impl-2.3.3.jar;C:\Users\alwi\.m2\repository\jakarta\xml\bind\jakarta.xml.bind-api\2.3.3\jakarta.xml.bind-api-2.3.3.jar;C:\Users\alwi\.m2\repository\com\sun\activation\jakarta.activation\1.2.2\jakarta.activation-1.2.2.jar;C:\Users\alwi\.m2\repository\javax\activation\activation\1.1.1\activation-1.1.1.jar;C:\Users\alwi\.m2\repository\net\serenity-bdd\serenity-cucumber\3.2.1\serenity-cucumber-3.2.1.jar;C:\Users\alwi\.m2\repository\io\cucumber\cucumber-core\7.2.3\cucumber-core-7.2.3.jar;C:\Users\alwi\.m2\repository\io\cucumber\cucumber-gherkin\7.2.3\cucumber-gherkin-7.2.3.jar;C:\Users\alwi\.m2\repository\io\cucumber\cucumber-gherkin-messages\7.2.3\cucumber-gherkin-messages-7.2.3.jar;C:\Users\alwi\.m2\repository\io\cucumber\messages\17.1.1\messages-17.1.1.jar;C:\Users\alwi\.m2\repository\io\cucumber\tag-expressions\4.1.0\tag-expressions-4.1.0.jar;C:\Users\alwi\.m2\repository\io\cucumber\cucumber-expressions\15.0.1\cucumber-expressions-15.0.1.jar;C:\Users\alwi\.m2\repository\io\cucumber\datatable\7.2.3\datatable-7.2.3.jar;C:\Users\alwi\.m2\repository\io\cucumber\cucumber-plugin\7.2.3\cucumber-plugin-7.2.3.jar;C:\Users\alwi\.m2\repository\io\cucumber\docstring\7.2.3\docstring-7.2.3.jar;C:\Users\alwi\.m2\repository\io\cucumber\html-formatter\17.0.0\html-formatter-17.0.0.jar;C:\Users\alwi\.m2\repository\io\cucumber\ci-environment\8.1.0\ci-environment-8.1.0.jar;C:\Users\alwi\.m2\repository\io\cucumber\cucumber-junit\7.2.3\cucumber-junit-7.2.3.jar;C:\Users\alwi\.m2\repository\org\apache\commons\commons-csv\1.5\commons-csv-1.5.jar;C:\Users\alwi\.m2\repository\net\serenity-bdd\serenity-screenplay\3.2.1\serenity-screenplay-3.2.1.jar;C:\Users\alwi\.m2\repository\net\serenity-bdd\serenity-screenplay-webdriver\3.2.1\serenity-screenplay-webdriver-3.2.1.jar;C:\Users\alwi\.m2\repository\net\serenity-bdd\serenity-ensure\3.2.1\serenity-ensure-3.2.1.jar;C:\Users\alwi\.m2\repository\net\serenity-bdd\serenity-junit\3.2.1\serenity-junit-3.2.1.jar;C:\Users\alwi\.m2\repository\org\jetbrains\kotlin\kotlin-stdlib\1.6.0\kotlin-stdlib-1.6.0.jar;C:\Users\alwi\.m2\repository\org\jetbrains\annotations\13.0\annotations-13.0.jar;C:\Users\alwi\.m2\repository\org\jetbrains\kotlin\kotlin-stdlib-common\1.6.0\kotlin-stdlib-common-1.6.0.jar;C:\Users\alwi\.m2\repository\org\junit\platform\junit-platform-launcher\1.8.1\junit-platform-launcher-1.8.1.jar;C:\Users\alwi\.m2\repository\org\junit\platform\junit-platform-engine\1.8.1\junit-platform-engine-1.8.1.jar;C:\Users\alwi\.m2\repository\org\opentest4j\opentest4j\1.2.0\opentest4j-1.2.0.jar;C:\Users\alwi\.m2\repository\org\junit\platform\junit-platform-commons\1.8.1\junit-platform-commons-1.8.1.jar;C:\Users\alwi\.m2\repository\org\apiguardian\apiguardian-api\1.1.2\apiguardian-api-1.1.2.jar;C:\Users\alwi\.m2\repository\org\junit\jupiter\junit-jupiter-engine\5.8.2\junit-jupiter-engine-5.8.2.jar;C:\Users\alwi\.m2\repository\org\junit\jupiter\junit-jupiter-api\5.8.2\junit-jupiter-api-5.8.2.jar;C:\Users\alwi\.m2\repository\org\junit\vintage\junit-vintage-engine\5.8.2\junit-vintage-engine-5.8.2.jar;C:\Users\alwi\.m2\repository\junit\junit\4.13.2\junit-4.13.2.jar;C:\Users\alwi\.m2\repository\org\hamcrest\hamcrest-core\1.3\hamcrest-core-1.3.jar;C:\Users\alwi\.m2\repository\ch\qos\logback\logback-classic\1.2.10\logback-classic-1.2.10.jar;C:\Users\alwi\.m2\repository\ch\qos\logback\logback-core\1.2.10\logback-core-1.2.10.jar;C:\Users\alwi\.m2\repository\org\slf4j\slf4j-api\1.7.32\slf4j-api-1.7.32.jar;C:\Users\alwi\.m2\repository\org\assertj\assertj-core\3.6.2\assertj-core-3.6.2.jar;"/>
    <property name="sun.cpu.endian" value="little"/>
    <property name="user.home" value="C:\Users\alwi"/>
    <property name="user.language" value="en"/>
    <property name="java.specification.vendor" value="Oracle Corporation"/>
    <property name="jdk.module.path" value="C:\Users\alwi\IdeaProjects\uniqloweb\target\uniqloweb-1.0-SNAPSHOT.jar"/>
    <property name="java.version.date" value="2020-01-14"/>
    <property name="java.home" value="C:\Program Files\Java\jdk-13.0.2"/>
    <property name="file.separator" value="\"/>
    <property name="basedir" value="C:\Users\alwi\IdeaProjects\uniqloweb"/>
    <property name="java.vm.compressedOopsMode" value="Zero based"/>
    <property name="line.separator" value="&#10;"/>
    <property name="java.vm.specification.vendor" value="Oracle Corporation"/>
    <property name="java.specification.name" value="Java Platform API Specification"/>
    <property name="surefire.real.class.path" value="C:\Users\alwi\.m2\repository\org\apache\maven\surefire\surefire-booter\3.0.0-M5\surefire-booter-3.0.0-M5.jar;C:\Users\alwi\.m2\repository\org\apache\maven\surefire\surefire-api\3.0.0-M5\surefire-api-3.0.0-M5.jar;C:\Users\alwi\.m2\repository\org\apache\maven\surefire\surefire-logger-api\3.0.0-M5\surefire-logger-api-3.0.0-M5.jar;C:\Users\alwi\.m2\repository\org\apache\maven\surefire\surefire-shared-utils\3.0.0-M4\surefire-shared-utils-3.0.0-M4.jar;C:\Users\alwi\.m2\repository\org\apache\maven\surefire\surefire-extensions-spi\3.0.0-M5\surefire-extensions-spi-3.0.0-M5.jar;C:\Users\alwi\IdeaProjects\uniqloweb\target\test-classes;C:\Users\alwi\.m2\repository\net\serenity-bdd\serenity-core\3.2.1\serenity-core-3.2.1.jar;C:\Users\alwi\.m2\repository\net\serenity-bdd\serenity-model\3.2.1\serenity-model-3.2.1.jar;C:\Users\alwi\.m2\repository\org\apache\commons\commons-text\1.9\commons-text-1.9.jar;C:\Users\alwi\.m2\repository\commons-net\commons-net\3.8.0\commons-net-3.8.0.jar;C:\Users\alwi\.m2\repository\com\google\guava\guava\31.1-jre\guava-31.1-jre.jar;C:\Users\alwi\.m2\repository\com\google\guava\failureaccess\1.0.1\failureaccess-1.0.1.jar;C:\Users\alwi\.m2\repository\com\google\guava\listenablefuture\9999.0-empty-to-avoid-conflict-with-guava\listenablefuture-9999.0-empty-to-avoid-conflict-with-guava.jar;C:\Users\alwi\.m2\repository\com\google\code\findbugs\jsr305\3.0.2\jsr305-3.0.2.jar;C:\Users\alwi\.m2\repository\org\checkerframework\checker-qual\3.12.0\checker-qual-3.12.0.jar;C:\Users\alwi\.m2\repository\com\google\errorprone\error_prone_annotations\2.11.0\error_prone_annotations-2.11.0.jar;C:\Users\alwi\.m2\repository\com\google\j2objc\j2objc-annotations\1.3\j2objc-annotations-1.3.jar;C:\Users\alwi\.m2\repository\com\google\inject\guice\5.1.0\guice-5.1.0.jar;C:\Users\alwi\.m2\repository\javax\inject\javax.inject\1\javax.inject-1.jar;C:\Users\alwi\.m2\repository\aopalliance\aopalliance\1.0\aopalliance-1.0.jar;C:\Users\alwi\.m2\repository\org\jsoup\jsoup\1.14.3\jsoup-1.14.3.jar;C:\Users\alwi\.m2\repository\com\thoughtworks\xstream\xstream\1.4.19\xstream-1.4.19.jar;C:\Users\alwi\.m2\repository\io\github\x-stream\mxparser\1.2.2\mxparser-1.2.2.jar;C:\Users\alwi\.m2\repository\xmlpull\xmlpull\1.1.3.1\xmlpull-1.1.3.1.jar;C:\Users\alwi\.m2\repository\io\cucumber\cucumber-java\7.2.3\cucumber-java-7.2.3.jar;C:\Users\alwi\.m2\repository\com\typesafe\config\1.4.2\config-1.4.2.jar;C:\Users\alwi\.m2\repository\org\imgscalr\imgscalr-lib\4.2\imgscalr-lib-4.2.jar;C:\Users\alwi\.m2\repository\org\awaitility\awaitility\4.2.0\awaitility-4.2.0.jar;C:\Users\alwi\.m2\repository\org\freemarker\freemarker\2.3.31\freemarker-2.3.31.jar;C:\Users\alwi\.m2\repository\io\github\classgraph\classgraph\4.8.138\classgraph-4.8.138.jar;C:\Users\alwi\.m2\repository\net\sourceforge\jexcelapi\jxl\2.6.12\jxl-2.6.12.jar;C:\Users\alwi\.m2\repository\net\bytebuddy\byte-buddy\1.12.8\byte-buddy-1.12.8.jar;C:\Users\alwi\.m2\repository\net\bytebuddy\byte-buddy-agent\1.12.8\byte-buddy-agent-1.12.8.jar;C:\Users\alwi\.m2\repository\org\objenesis\objenesis\3.1\objenesis-3.1.jar;C:\Users\alwi\.m2\repository\net\serenity-bdd\serenity-reports\3.2.1\serenity-reports-3.2.1.jar;C:\Users\alwi\.m2\repository\net\serenity-bdd\serenity-stats\3.2.1\serenity-stats-3.2.1.jar;C:\Users\alwi\.m2\repository\net\serenity-bdd\serenity-reports-configuration\3.2.1\serenity-reports-configuration-3.2.1.jar;C:\Users\alwi\.m2\repository\com\vladsch\flexmark\flexmark-all\0.34.30\flexmark-all-0.34.30.jar;C:\Users\alwi\.m2\repository\com\vladsch\flexmark\flexmark\0.34.30\flexmark-0.34.30.jar;C:\Users\alwi\.m2\repository\com\vladsch\flexmark\flexmark-ext-abbreviation\0.34.30\flexmark-ext-abbreviation-0.34.30.jar;C:\Users\alwi\.m2\repository\com\vladsch\flexmark\flexmark-ext-admonition\0.34.30\flexmark-ext-admonition-0.34.30.jar;C:\Users\alwi\.m2\repository\com\vladsch\flexmark\flexmark-ext-anchorlink\0.34.30\flexmark-ext-anchorlink-0.34.30.jar;C:\Users\alwi\.m2\repository\com\vladsch\flexmark\flexmark-ext-aside\0.34.30\flexmark-ext-aside-0.34.30.jar;C:\Users\alwi\.m2\repository\com\vladsch\flexmark\flexmark-ext-attributes\0.34.30\flexmark-ext-attributes-0.34.30.jar;C:\Users\alwi\.m2\repository\com\vladsch\flexmark\flexmark-ext-autolink\0.34.30\flexmark-ext-autolink-0.34.30.jar;C:\Users\alwi\.m2\repository\org\nibor\autolink\autolink\0.6.0\autolink-0.6.0.jar;C:\Users\alwi\.m2\repository\com\vladsch\flexmark\flexmark-ext-definition\0.34.30\flexmark-ext-definition-0.34.30.jar;C:\Users\alwi\.m2\repository\com\vladsch\flexmark\flexmark-ext-emoji\0.34.30\flexmark-ext-emoji-0.34.30.jar;C:\Users\alwi\.m2\repository\com\vladsch\flexmark\flexmark-ext-enumerated-reference\0.34.30\flexmark-ext-enumerated-reference-0.34.30.jar;C:\Users\alwi\.m2\repository\com\vladsch\flexmark\flexmark-ext-escaped-character\0.34.30\flexmark-ext-escaped-character-0.34.30.jar;C:\Users\alwi\.m2\repository\com\vladsch\flexmark\flexmark-ext-footnotes\0.34.30\flexmark-ext-footnotes-0.34.30.jar;C:\Users\alwi\.m2\repository\com\vladsch\flexmark\flexmark-ext-gfm-issues\0.34.30\flexmark-ext-gfm-issues-0.34.30.jar;C:\Users\alwi\.m2\repository\com\vladsch\flexmark\flexmark-ext-gfm-strikethrough\0.34.30\flexmark-ext-gfm-strikethrough-0.34.30.jar;C:\Users\alwi\.m2\repository\com\vladsch\flexmark\flexmark-ext-gfm-tables\0.34.30\flexmark-ext-gfm-tables-0.34.30.jar;C:\Users\alwi\.m2\repository\com\vladsch\flexmark\flexmark-ext-gfm-tasklist\0.34.30\flexmark-ext-gfm-tasklist-0.34.30.jar;C:\Users\alwi\.m2\repository\com\vladsch\flexmark\flexmark-ext-gfm-users\0.34.30\flexmark-ext-gfm-users-0.34.30.jar;C:\Users\alwi\.m2\repository\com\vladsch\flexmark\flexmark-ext-gitlab\0.34.30\flexmark-ext-gitlab-0.34.30.jar;C:\Users\alwi\.m2\repository\com\vladsch\flexmark\flexmark-ext-jekyll-front-matter\0.34.30\flexmark-ext-jekyll-front-matter-0.34.30.jar;C:\Users\alwi\.m2\repository\com\vladsch\flexmark\flexmark-ext-jekyll-tag\0.34.30\flexmark-ext-jekyll-tag-0.34.30.jar;C:\Users\alwi\.m2\repository\com\vladsch\flexmark\flexmark-ext-media-tags\0.34.30\flexmark-ext-media-tags-0.34.30.jar;C:\Users\alwi\.m2\repository\com\vladsch\flexmark\flexmark-test-util\0.34.30\flexmark-test-util-0.34.30.jar;C:\Users\alwi\.m2\repository\com\vladsch\flexmark\flexmark-ext-ins\0.34.30\flexmark-ext-ins-0.34.30.jar;C:\Users\alwi\.m2\repository\com\vladsch\flexmark\flexmark-ext-xwiki-macros\0.34.30\flexmark-ext-xwiki-macros-0.34.30.jar;C:\Users\alwi\.m2\repository\com\vladsch\flexmark\flexmark-ext-superscript\0.34.30\flexmark-ext-superscript-0.34.30.jar;C:\Users\alwi\.m2\repository\com\vladsch\flexmark\flexmark-ext-tables\0.34.30\flexmark-ext-tables-0.34.30.jar;C:\Users\alwi\.m2\repository\com\vladsch\flexmark\flexmark-ext-toc\0.34.30\flexmark-ext-toc-0.34.30.jar;C:\Users\alwi\.m2\repository\com\vladsch\flexmark\flexmark-ext-typographic\0.34.30\flexmark-ext-typographic-0.34.30.jar;C:\Users\alwi\.m2\repository\com\vladsch\flexmark\flexmark-ext-wikilink\0.34.30\flexmark-ext-wikilink-0.34.30.jar;C:\Users\alwi\.m2\repository\com\vladsch\flexmark\flexmark-ext-yaml-front-matter\0.34.30\flexmark-ext-yaml-front-matter-0.34.30.jar;C:\Users\alwi\.m2\repository\com\vladsch\flexmark\flexmark-ext-youtube-embedded\0.34.30\flexmark-ext-youtube-embedded-0.34.30.jar;C:\Users\alwi\.m2\repository\com\vladsch\flexmark\flexmark-formatter\0.34.30\flexmark-formatter-0.34.30.jar;C:\Users\alwi\.m2\repository\com\vladsch\flexmark\flexmark-html-parser\0.34.30\flexmark-html-parser-0.34.30.jar;C:\Users\alwi\.m2\repository\com\vladsch\flexmark\flexmark-jira-converter\0.34.30\flexmark-jira-converter-0.34.30.jar;C:\Users\alwi\.m2\repository\com\vladsch\flexmark\flexmark-pdf-converter\0.34.30\flexmark-pdf-converter-0.34.30.jar;C:\Users\alwi\.m2\repository\com\openhtmltopdf\openhtmltopdf-core\0.0.1-RC13\openhtmltopdf-core-0.0.1-RC13.jar;C:\Users\alwi\.m2\repository\com\openhtmltopdf\openhtmltopdf-pdfbox\0.0.1-RC13\openhtmltopdf-pdfbox-0.0.1-RC13.jar;C:\Users\alwi\.m2\repository\org\apache\pdfbox\pdfbox\2.0.8\pdfbox-2.0.8.jar;C:\Users\alwi\.m2\repository\org\apache\pdfbox\fontbox\2.0.8\fontbox-2.0.8.jar;C:\Users\alwi\.m2\repository\commons-logging\commons-logging\1.2\commons-logging-1.2.jar;C:\Users\alwi\.m2\repository\org\apache\pdfbox\xmpbox\2.0.8\xmpbox-2.0.8.jar;C:\Users\alwi\.m2\repository\de\rototor\pdfbox\graphics2d\0.12\graphics2d-0.12.jar;C:\Users\alwi\.m2\repository\com\openhtmltopdf\openhtmltopdf-rtl-support\0.0.1-RC13\openhtmltopdf-rtl-support-0.0.1-RC13.jar;C:\Users\alwi\.m2\repository\com\ibm\icu\icu4j\59.1\icu4j-59.1.jar;C:\Users\alwi\.m2\repository\com\openhtmltopdf\openhtmltopdf-jsoup-dom-converter\0.0.1-RC13\openhtmltopdf-jsoup-dom-converter-0.0.1-RC13.jar;C:\Users\alwi\.m2\repository\com\vladsch\flexmark\flexmark-profile-pegdown\0.34.30\flexmark-profile-pegdown-0.34.30.jar;C:\Users\alwi\.m2\repository\com\vladsch\flexmark\flexmark-util\0.34.30\flexmark-util-0.34.30.jar;C:\Users\alwi\.m2\repository\com\vladsch\flexmark\flexmark-youtrack-converter\0.34.30\flexmark-youtrack-converter-0.34.30.jar;C:\Users\alwi\.m2\repository\es\nitaur\markdown\txtmark\0.16\txtmark-0.16.jar;C:\Users\alwi\.m2\repository\net\serenity-bdd\serenity-report-resources\3.2.1\serenity-report-resources-3.2.1.jar;C:\Users\alwi\.m2\repository\com\google\code\gson\gson\2.9.0\gson-2.9.0.jar;C:\Users\alwi\.m2\repository\com\fasterxml\jackson\core\jackson-core\2.13.2\jackson-core-2.13.2.jar;C:\Users\alwi\.m2\repository\com\fasterxml\jackson\core\jackson-databind\2.13.2\jackson-databind-2.13.2.jar;C:\Users\alwi\.m2\repository\com\fasterxml\jackson\core\jackson-annotations\2.13.2\jackson-annotations-2.13.2.jar;C:\Users\alwi\.m2\repository\commons-codec\commons-codec\1.15\commons-codec-1.15.jar;C:\Users\alwi\.m2\repository\commons-io\commons-io\2.11.0\commons-io-2.11.0.jar;C:\Users\alwi\.m2\repository\org\seleniumhq\selenium\selenium-java\4.1.2\selenium-java-4.1.2.jar;C:\Users\alwi\.m2\repository\org\seleniumhq\selenium\selenium-devtools-v85\4.1.2\selenium-devtools-v85-4.1.2.jar;C:\Users\alwi\.m2\repository\org\seleniumhq\selenium\selenium-devtools-v95\4.1.2\selenium-devtools-v95-4.1.2.jar;C:\Users\alwi\.m2\repository\org\seleniumhq\selenium\selenium-devtools-v96\4.1.2\selenium-devtools-v96-4.1.2.jar;C:\Users\alwi\.m2\repository\org\seleniumhq\selenium\selenium-devtools-v97\4.1.2\selenium-devtools-v97-4.1.2.jar;C:\Users\alwi\.m2\repository\org\seleniumhq\selenium\selenium-firefox-xpi-driver\4.1.2\selenium-firefox-xpi-driver-4.1.2.jar;C:\Users\alwi\.m2\repository\org\seleniumhq\selenium\selenium-opera-driver\4.1.2\selenium-opera-driver-4.1.2.jar;C:\Users\alwi\.m2\repository\org\seleniumhq\selenium\selenium-remote-driver\4.1.2\selenium-remote-driver-4.1.2.jar;C:\Users\alwi\.m2\repository\com\beust\jcommander\1.82\jcommander-1.82.jar;C:\Users\alwi\.m2\repository\io\netty\netty-buffer\4.1.73.Final\netty-buffer-4.1.73.Final.jar;C:\Users\alwi\.m2\repository\io\netty\netty-codec-http\4.1.73.Final\netty-codec-http-4.1.73.Final.jar;C:\Users\alwi\.m2\repository\io\netty\netty-codec\4.1.73.Final\netty-codec-4.1.73.Final.jar;C:\Users\alwi\.m2\repository\io\netty\netty-handler\4.1.73.Final\netty-handler-4.1.73.Final.jar;C:\Users\alwi\.m2\repository\io\netty\netty-tcnative-classes\2.0.46.Final\netty-tcnative-classes-2.0.46.Final.jar;C:\Users\alwi\.m2\repository\io\netty\netty-common\4.1.73.Final\netty-common-4.1.73.Final.jar;C:\Users\alwi\.m2\repository\io\netty\netty-transport-classes-epoll\4.1.73.Final\netty-transport-classes-epoll-4.1.73.Final.jar;C:\Users\alwi\.m2\repository\io\netty\netty-transport-classes-kqueue\4.1.73.Final\netty-transport-classes-kqueue-4.1.73.Final.jar;C:\Users\alwi\.m2\repository\io\netty\netty-transport-native-epoll\4.1.73.Final\netty-transport-native-epoll-4.1.73.Final.jar;C:\Users\alwi\.m2\repository\io\netty\netty-transport-native-kqueue\4.1.73.Final\netty-transport-native-kqueue-4.1.73.Final.jar;C:\Users\alwi\.m2\repository\io\netty\netty-transport-native-unix-common\4.1.73.Final\netty-transport-native-unix-common-4.1.73.Final.jar;C:\Users\alwi\.m2\repository\io\netty\netty-transport\4.1.73.Final\netty-transport-4.1.73.Final.jar;C:\Users\alwi\.m2\repository\io\netty\netty-resolver\4.1.73.Final\netty-resolver-4.1.73.Final.jar;C:\Users\alwi\.m2\repository\io\opentelemetry\opentelemetry-api\1.10.1\opentelemetry-api-1.10.1.jar;C:\Users\alwi\.m2\repository\io\opentelemetry\opentelemetry-context\1.10.1\opentelemetry-context-1.10.1.jar;C:\Users\alwi\.m2\repository\io\opentelemetry\opentelemetry-exporter-logging\1.10.1\opentelemetry-exporter-logging-1.10.1.jar;C:\Users\alwi\.m2\repository\io\opentelemetry\opentelemetry-sdk-metrics\1.10.1-alpha\opentelemetry-sdk-metrics-1.10.1-alpha.jar;C:\Users\alwi\.m2\repository\io\opentelemetry\opentelemetry-sdk-logs\1.10.1-alpha\opentelemetry-sdk-logs-1.10.1-alpha.jar;C:\Users\alwi\.m2\repository\io\opentelemetry\opentelemetry-sdk-common\1.10.1\opentelemetry-sdk-common-1.10.1.jar;C:\Users\alwi\.m2\repository\io\opentelemetry\opentelemetry-sdk-extension-autoconfigure-spi\1.10.1\opentelemetry-sdk-extension-autoconfigure-spi-1.10.1.jar;C:\Users\alwi\.m2\repository\io\opentelemetry\opentelemetry-sdk-extension-autoconfigure\1.10.1-alpha\opentelemetry-sdk-extension-autoconfigure-1.10.1-alpha.jar;C:\Users\alwi\.m2\repository\io\opentelemetry\opentelemetry-sdk-trace\1.10.1\opentelemetry-sdk-trace-1.10.1.jar;C:\Users\alwi\.m2\repository\io\opentelemetry\opentelemetry-sdk\1.10.1\opentelemetry-sdk-1.10.1.jar;C:\Users\alwi\.m2\repository\io\opentelemetry\opentelemetry-semconv\1.10.1-alpha\opentelemetry-semconv-1.10.1-alpha.jar;C:\Users\alwi\.m2\repository\io\ous\jtoml\2.0.0\jtoml-2.0.0.jar;C:\Users\alwi\.m2\repository\org\apache\commons\commons-exec\1.3\commons-exec-1.3.jar;C:\Users\alwi\.m2\repository\org\asynchttpclient\async-http-client\2.12.3\async-http-client-2.12.3.jar;C:\Users\alwi\.m2\repository\org\asynchttpclient\async-http-client-netty-utils\2.12.3\async-http-client-netty-utils-2.12.3.jar;C:\Users\alwi\.m2\repository\io\netty\netty-codec-socks\4.1.60.Final\netty-codec-socks-4.1.60.Final.jar;C:\Users\alwi\.m2\repository\io\netty\netty-handler-proxy\4.1.60.Final\netty-handler-proxy-4.1.60.Final.jar;C:\Users\alwi\.m2\repository\io\netty\netty-transport-native-epoll\4.1.60.Final\netty-transport-native-epoll-4.1.60.Final-linux-x86_64.jar;C:\Users\alwi\.m2\repository\io\netty\netty-transport-native-kqueue\4.1.60.Final\netty-transport-native-kqueue-4.1.60.Final-osx-x86_64.jar;C:\Users\alwi\.m2\repository\org\reactivestreams\reactive-streams\1.0.3\reactive-streams-1.0.3.jar;C:\Users\alwi\.m2\repository\com\typesafe\netty\netty-reactive-streams\2.0.4\netty-reactive-streams-2.0.4.jar;C:\Users\alwi\.m2\repository\org\seleniumhq\selenium\selenium-http\4.1.2\selenium-http-4.1.2.jar;C:\Users\alwi\.m2\repository\net\jodah\failsafe\2.4.4\failsafe-2.4.4.jar;C:\Users\alwi\.m2\repository\org\seleniumhq\selenium\selenium-safari-driver\4.1.2\selenium-safari-driver-4.1.2.jar;C:\Users\alwi\.m2\repository\org\seleniumhq\selenium\selenium-api\4.1.2\selenium-api-4.1.2.jar;C:\Users\alwi\.m2\repository\org\seleniumhq\selenium\selenium-support\4.1.2\selenium-support-4.1.2.jar;C:\Users\alwi\.m2\repository\com\google\auto\service\auto-service-annotations\1.0.1\auto-service-annotations-1.0.1.jar;C:\Users\alwi\.m2\repository\com\google\auto\service\auto-service\1.0.1\auto-service-1.0.1.jar;C:\Users\alwi\.m2\repository\com\google\auto\auto-common\1.2\auto-common-1.2.jar;C:\Users\alwi\.m2\repository\org\seleniumhq\selenium\selenium-json\4.1.2\selenium-json-4.1.2.jar;C:\Users\alwi\.m2\repository\org\seleniumhq\selenium\selenium-chrome-driver\4.1.2\selenium-chrome-driver-4.1.2.jar;C:\Users\alwi\.m2\repository\org\seleniumhq\selenium\selenium-chromium-driver\4.1.2\selenium-chromium-driver-4.1.2.jar;C:\Users\alwi\.m2\repository\org\seleniumhq\selenium\selenium-firefox-driver\4.1.2\selenium-firefox-driver-4.1.2.jar;C:\Users\alwi\.m2\repository\org\seleniumhq\selenium\selenium-edge-driver\4.1.2\selenium-edge-driver-4.1.2.jar;C:\Users\alwi\.m2\repository\org\seleniumhq\selenium\selenium-ie-driver\4.1.2\selenium-ie-driver-4.1.2.jar;C:\Users\alwi\.m2\repository\org\projectlombok\lombok\1.18.20\lombok-1.18.20.jar;C:\Users\alwi\.m2\repository\io\appium\java-client\8.0.0\java-client-8.0.0.jar;C:\Users\alwi\.m2\repository\commons-validator\commons-validator\1.7\commons-validator-1.7.jar;C:\Users\alwi\.m2\repository\commons-digester\commons-digester\2.1\commons-digester-2.1.jar;C:\Users\alwi\.m2\repository\org\aspectj\aspectjweaver\1.9.8\aspectjweaver-1.9.8.jar;C:\Users\alwi\.m2\repository\org\codehaus\groovy\groovy\3.0.10\groovy-3.0.10.jar;C:\Users\alwi\.m2\repository\net\sf\opencsv\opencsv\2.0\opencsv-2.0.jar;C:\Users\alwi\.m2\repository\commons-beanutils\commons-beanutils\1.9.4\commons-beanutils-1.9.4.jar;C:\Users\alwi\.m2\repository\org\apache\commons\commons-lang3\3.12.0\commons-lang3-3.12.0.jar;C:\Users\alwi\.m2\repository\commons-collections\commons-collections\3.2.2\commons-collections-3.2.2.jar;C:\Users\alwi\.m2\repository\org\fluentlenium\fluentlenium-core\0.10.2\fluentlenium-core-0.10.2.jar;C:\Users\alwi\.m2\repository\io\github\bonigarcia\webdrivermanager\5.1.0\webdrivermanager-5.1.0.jar;C:\Users\alwi\.m2\repository\com\github\docker-java\docker-java\3.2.13\docker-java-3.2.13.jar;C:\Users\alwi\.m2\repository\com\github\docker-java\docker-java-core\3.2.13\docker-java-core-3.2.13.jar;C:\Users\alwi\.m2\repository\com\github\docker-java\docker-java-api\3.2.13\docker-java-api-3.2.13.jar;C:\Users\alwi\.m2\repository\org\apache\commons\commons-compress\1.21\commons-compress-1.21.jar;C:\Users\alwi\.m2\repository\org\bouncycastle\bcpkix-jdk15on\1.64\bcpkix-jdk15on-1.64.jar;C:\Users\alwi\.m2\repository\org\bouncycastle\bcprov-jdk15on\1.64\bcprov-jdk15on-1.64.jar;C:\Users\alwi\.m2\repository\org\slf4j\jcl-over-slf4j\1.7.30\jcl-over-slf4j-1.7.30.jar;C:\Users\alwi\.m2\repository\com\github\docker-java\docker-java-transport-httpclient5\3.2.13\docker-java-transport-httpclient5-3.2.13.jar;C:\Users\alwi\.m2\repository\com\github\docker-java\docker-java-transport\3.2.13\docker-java-transport-3.2.13.jar;C:\Users\alwi\.m2\repository\org\apache\httpcomponents\client5\httpclient5\5.0.3\httpclient5-5.0.3.jar;C:\Users\alwi\.m2\repository\org\apache\httpcomponents\core5\httpcore5\5.0.2\httpcore5-5.0.2.jar;C:\Users\alwi\.m2\repository\net\java\dev\jna\jna\5.8.0\jna-5.8.0.jar;C:\Users\alwi\.m2\repository\org\brotli\dec\0.1.2\dec-0.1.2.jar;C:\Users\alwi\.m2\repository\com\jhlabs\filters\2.0.235\filters-2.0.235.jar;C:\Users\alwi\.m2\repository\com\paulhammant\ngwebdriver\1.1.6\ngwebdriver-1.1.6.jar;C:\Users\alwi\.m2\repository\joda-time\joda-time\2.8.2\joda-time-2.8.2.jar;C:\Users\alwi\.m2\repository\org\hamcrest\hamcrest\2.2\hamcrest-2.2.jar;C:\Users\alwi\.m2\repository\com\google\jimfs\jimfs\1.2\jimfs-1.2.jar;C:\Users\alwi\.m2\repository\org\mockito\mockito-core\3.3.3\mockito-core-3.3.3.jar;C:\Users\alwi\.m2\repository\javax\xml\bind\jaxb-api\2.3.1\jaxb-api-2.3.1.jar;C:\Users\alwi\.m2\repository\javax\activation\javax.activation-api\1.2.0\javax.activation-api-1.2.0.jar;C:\Users\alwi\.m2\repository\com\sun\xml\bind\jaxb-core\2.3.0.1\jaxb-core-2.3.0.1.jar;C:\Users\alwi\.m2\repository\com\sun\xml\bind\jaxb-impl\2.3.3\jaxb-impl-2.3.3.jar;C:\Users\alwi\.m2\repository\jakarta\xml\bind\jakarta.xml.bind-api\2.3.3\jakarta.xml.bind-api-2.3.3.jar;C:\Users\alwi\.m2\repository\com\sun\activation\jakarta.activation\1.2.2\jakarta.activation-1.2.2.jar;C:\Users\alwi\.m2\repository\javax\activation\activation\1.1.1\activation-1.1.1.jar;C:\Users\alwi\.m2\repository\net\serenity-bdd\serenity-cucumber\3.2.1\serenity-cucumber-3.2.1.jar;C:\Users\alwi\.m2\repository\io\cucumber\cucumber-core\7.2.3\cucumber-core-7.2.3.jar;C:\Users\alwi\.m2\repository\io\cucumber\cucumber-gherkin\7.2.3\cucumber-gherkin-7.2.3.jar;C:\Users\alwi\.m2\repository\io\cucumber\cucumber-gherkin-messages\7.2.3\cucumber-gherkin-messages-7.2.3.jar;C:\Users\alwi\.m2\repository\io\cucumber\messages\17.1.1\messages-17.1.1.jar;C:\Users\alwi\.m2\repository\io\cucumber\tag-expressions\4.1.0\tag-expressions-4.1.0.jar;C:\Users\alwi\.m2\repository\io\cucumber\cucumber-expressions\15.0.1\cucumber-expressions-15.0.1.jar;C:\Users\alwi\.m2\repository\io\cucumber\datatable\7.2.3\datatable-7.2.3.jar;C:\Users\alwi\.m2\repository\io\cucumber\cucumber-plugin\7.2.3\cucumber-plugin-7.2.3.jar;C:\Users\alwi\.m2\repository\io\cucumber\docstring\7.2.3\docstring-7.2.3.jar;C:\Users\alwi\.m2\repository\io\cucumber\html-formatter\17.0.0\html-formatter-17.0.0.jar;C:\Users\alwi\.m2\repository\io\cucumber\ci-environment\8.1.0\ci-environment-8.1.0.jar;C:\Users\alwi\.m2\repository\io\cucumber\cucumber-junit\7.2.3\cucumber-junit-7.2.3.jar;C:\Users\alwi\.m2\repository\org\apache\commons\commons-csv\1.5\commons-csv-1.5.jar;C:\Users\alwi\.m2\repository\net\serenity-bdd\serenity-screenplay\3.2.1\serenity-screenplay-3.2.1.jar;C:\Users\alwi\.m2\repository\net\serenity-bdd\serenity-screenplay-webdriver\3.2.1\serenity-screenplay-webdriver-3.2.1.jar;C:\Users\alwi\.m2\repository\net\serenity-bdd\serenity-ensure\3.2.1\serenity-ensure-3.2.1.jar;C:\Users\alwi\.m2\repository\net\serenity-bdd\serenity-junit\3.2.1\serenity-junit-3.2.1.jar;C:\Users\alwi\.m2\repository\org\jetbrains\kotlin\kotlin-stdlib\1.6.0\kotlin-stdlib-1.6.0.jar;C:\Users\alwi\.m2\repository\org\jetbrains\annotations\13.0\annotations-13.0.jar;C:\Users\alwi\.m2\repository\org\jetbrains\kotlin\kotlin-stdlib-common\1.6.0\kotlin-stdlib-common-1.6.0.jar;C:\Users\alwi\.m2\repository\org\junit\platform\junit-platform-launcher\1.8.1\junit-platform-launcher-1.8.1.jar;C:\Users\alwi\.m2\repository\org\junit\platform\junit-platform-engine\1.8.1\junit-platform-engine-1.8.1.jar;C:\Users\alwi\.m2\repository\org\opentest4j\opentest4j\1.2.0\opentest4j-1.2.0.jar;C:\Users\alwi\.m2\repository\org\junit\platform\junit-platform-commons\1.8.1\junit-platform-commons-1.8.1.jar;C:\Users\alwi\.m2\repository\org\apiguardian\apiguardian-api\1.1.2\apiguardian-api-1.1.2.jar;C:\Users\alwi\.m2\repository\org\junit\jupiter\junit-jupiter-engine\5.8.2\junit-jupiter-engine-5.8.2.jar;C:\Users\alwi\.m2\repository\org\junit\jupiter\junit-jupiter-api\5.8.2\junit-jupiter-api-5.8.2.jar;C:\Users\alwi\.m2\repository\org\junit\vintage\junit-vintage-engine\5.8.2\junit-vintage-engine-5.8.2.jar;C:\Users\alwi\.m2\repository\junit\junit\4.13.2\junit-4.13.2.jar;C:\Users\alwi\.m2\repository\org\hamcrest\hamcrest-core\1.3\hamcrest-core-1.3.jar;C:\Users\alwi\.m2\repository\ch\qos\logback\logback-classic\1.2.10\logback-classic-1.2.10.jar;C:\Users\alwi\.m2\repository\ch\qos\logback\logback-core\1.2.10\logback-core-1.2.10.jar;C:\Users\alwi\.m2\repository\org\slf4j\slf4j-api\1.7.32\slf4j-api-1.7.32.jar;C:\Users\alwi\.m2\repository\org\assertj\assertj-core\3.6.2\assertj-core-3.6.2.jar;C:\Users\alwi\.m2\repository\org\apache\maven\surefire\surefire-junit-platform\3.0.0-M5\surefire-junit-platform-3.0.0-M5.jar;C:\Users\alwi\.m2\repository\org\apache\maven\surefire\common-java5\3.0.0-M5\common-java5-3.0.0-M5.jar"/>
    <property name="user.script" value=""/>
    <property name="java.protocol.handler.pkgs" value="com.google.common"/>
    <property name="sun.management.compiler" value="HotSpot 64-Bit Tiered Compilers"/>
    <property name="java.runtime.version" value="13.0.2+8"/>
    <property name="webdriver.edge.driver" value="C:\Users\alwi\.cache\selenium\msedgedriver\win64\111.0.1661.62\msedgedriver.exe"/>
    <property name="user.name" value="alwi"/>
    <property name="path.separator" value=";"/>
    <property name="os.version" value="10.0"/>
    <property name="java.runtime.name" value="Java(TM) SE Runtime Environment"/>
    <property name="file.encoding" value="Cp1252"/>
    <property name="webdriver.base.url" value=""/>
    <property name="java.vm.name" value="Java HotSpot(TM) 64-Bit Server VM"/>
    <property name="localRepository" value="C:\Users\alwi\.m2\repository"/>
    <property name="java.vendor.url.bug" value="https://bugreport.java.com/bugreport/"/>
    <property name="java.io.tmpdir" value="C:\Users\alwi\AppData\Local\Temp\"/>
    <property name="java.version" value="13.0.2"/>
    <property name="user.dir" value="C:\Users\alwi\IdeaProjects\uniqloweb"/>
    <property name="os.arch" value="amd64"/>
    <property name="java.vm.specification.name" value="Java Virtual Machine Specification"/>
    <property name="user.language.format" value="id"/>
    <property name="sun.os.patch.level" value=""/>
    <property name="java.library.path" value="C:\Program Files\Java\jdk-13.0.2\bin;C:\WINDOWS\Sun\Java\bin;C:\WINDOWS\system32;C:\WINDOWS;C:\Program Files (x86)\Common Files\Oracle\Java\javapath;C:\WINDOWS\system32;C:\WINDOWS;C:\WINDOWS\System32\Wbem;C:\WINDOWS\System32\WindowsPowerShell\v1.0\;C:\Program Files\Java\jdk-13.0.2\bin\;C:\Program Files\Go\bin;C:\WINDOWS\System32\OpenSSH\;C:\Program Files\Git\cmd;C:\Program Files\nodejs\;C:\Users\alwi\AppData\Local\Android\Sdk\platform-tools;C:\Users\alwi\AppData\Local\Android\Sdk\tools;C:\Users\alwi\AppData\Local\Microsoft\WindowsApps;C:\Users\alwi\AppData\Local\Programs\Microsoft VS Code\bin;C:\Users\alwi\go\bin;C:\Users\alwi\AppData\Local\GitHubDesktop\bin;C:\Program Files (x86)\apache-maven-3.8.6\bin;C:\Users\alwi\AppData\Roaming\npm;C:\adb;C:\Users\alwi\AppData\Local\Microsoft\WindowsApps;C:\Users\alwi\AppData\Local\Programs\Microsoft VS Code\bin;C:\Users\alwi\go\bin;C:\Program Files (x86)\apache-maven-3.8.6\bin;C:\Users\alwi\AppData\Roaming\npm;."/>
    <property name="java.vm.info" value="mixed mode"/>
    <property name="java.vendor" value="Oracle Corporation"/>
    <property name="java.vm.version" value="13.0.2+8"/>
    <property name="sun.io.unicode.encoding" value="UnicodeLittle"/>
    <property name="java.class.version" value="57.0"/>
  </properties>
  <testcase name="Fitur Menu Baby #1" classname="Baby" time="20.645">
    <system-out><![CDATA[16:21:23.612 [main] INFO io.cucumber.core.plugin.SerenityReporter - Running feature from file:///C:/Users/alwi/IdeaProjects/uniqloweb/src/test/resources/features/Baby.feature
16:21:23.797 [main] INFO  - 

-------------------------------------------------------------------------------------
     _______. _______ .______       _______ .__   __.  __  .___________.____    ____ 
    /       ||   ____||   _  \     |   ____||  \ |  | |  | |           |\   \  /   / 
   |   (----`|  |__   |  |_)  |    |  |__   |   \|  | |  | `---|  |----` \   \/   /  
    \   \    |   __|  |      /     |   __|  |  . `  | |  |     |  |       \_    _/   
.----)   |   |  |____ |  |\  \----.|  |____ |  |\   | |  |     |  |         |  |     
|_______/    |_______|| _| `._____||_______||__| \__| |__|     |__|         |__|    
                                                                                     
 News and tutorials at http://www.serenity-bdd.info                                  
 Documentation at https://wakaleo.gitbooks.io/the-serenity-book/content/             
 Join the Serenity Community on Gitter: https://gitter.im/serenity-bdd/serenity-core 
 Serenity BDD Support and Training at http://serenity-bdd.info/#/trainingandsupport  
-------------------------------------------------------------------------------------

16:21:23.799 [main] DEBUG net.thucydides.core.steps.StepEventBus - Test suite started for story net.thucydides.core.model.Story@749543e8
16:21:23.808 [main] INFO  - Test Suite Started: Baby
16:21:23.829 [main] INFO io.cucumber.core.plugin.SerenityReporter - Running feature from file:///C:/Users/alwi/IdeaProjects/uniqloweb/src/test/resources/features/Baby.feature
16:21:23.832 [main] DEBUG net.thucydides.core.steps.StepEventBus - Test suite started for story net.thucydides.core.model.Story@749543e8
16:21:23.832 [main] INFO  - Test Suite Started: Baby

Scenario Outline: Fitur Menu Baby &amp#27;[90m# src/test/resources/features/Baby.feature:13&amp#27;[0m
16:21:23.928 [main] INFO io.cucumber.core.plugin.SerenityReporter - Running feature from file:///C:/Users/alwi/IdeaProjects/uniqloweb/src/test/resources/features/Baby.feature
16:21:24.036 [main] INFO  - 
  _____   ___   ___   _____     ___   _____     _     ___   _____   ___   ___  
 |_   _| | __| / __| |_   _|   / __| |_   _|   /_\   | _ \ |_   _| | __| |   \ 
   | |   | _|  \__ \   | |     \__ \   | |    / _ \  |   /   | |   | _|  | |) |
   |_|   |___| |___/   |_|     |___/   |_|   /_/ \_\ |_|_\   |_|   |___| |___/ 

Fitur Menu Baby(baby;fitur-menu-baby)
--------------------------------------------------------------------------------
16:21:25.699 [main] DEBUG io.github.bonigarcia.wdm.cache.ResolutionCache - Removing resolution edge=111 from cache (expired on Fri Apr 07 16:02:35 WIB 2023)
16:21:25.726 [main] DEBUG org.apache.hc.client5.http.impl.classic.InternalHttpClient - ex-00000001: preparing request execution
16:21:25.733 [main] DEBUG org.apache.hc.client5.http.protocol.RequestAddCookies - Cookie spec selected: strict
16:21:25.738 [main] DEBUG org.apache.hc.client5.http.protocol.RequestAuthCache - Auth cache not set in the context
16:21:25.739 [main] DEBUG org.apache.hc.client5.http.impl.classic.ProtocolExec - ex-00000001: target auth state: UNCHALLENGED
16:21:25.741 [main] DEBUG org.apache.hc.client5.http.impl.classic.ProtocolExec - ex-00000001: proxy auth state: UNCHALLENGED
16:21:25.741 [main] DEBUG org.apache.hc.client5.http.impl.classic.ConnectExec - ex-00000001: acquiring connection with route {s}->https://raw.githubusercontent.com:443
16:21:25.741 [main] DEBUG org.apache.hc.client5.http.impl.classic.InternalHttpClient - ex-00000001: acquiring endpoint (3 MINUTES)
16:21:25.743 [main] DEBUG org.apache.hc.client5.http.impl.io.PoolingHttpClientConnectionManager - ex-00000001: endpoint lease request (3 MINUTES) [route: {s}->https://raw.githubusercontent.com:443][total available: 0; route allocated: 0 of 5; total allocated: 0 of 25]
16:21:25.749 [main] DEBUG org.apache.hc.client5.http.impl.io.PoolingHttpClientConnectionManager - ex-00000001: endpoint leased [route: {s}->https://raw.githubusercontent.com:443][total available: 0; route allocated: 1 of 5; total allocated: 1 of 25]
16:21:25.762 [main] DEBUG org.apache.hc.client5.http.impl.io.PoolingHttpClientConnectionManager - ex-00000001: acquired ep-00000000
16:21:25.762 [main] DEBUG org.apache.hc.client5.http.impl.classic.InternalHttpClient - ex-00000001: acquired endpoint ep-00000000
16:21:25.763 [main] DEBUG org.apache.hc.client5.http.impl.classic.ConnectExec - ex-00000001: opening connection {s}->https://raw.githubusercontent.com:443
16:21:25.764 [main] DEBUG org.apache.hc.client5.http.impl.classic.InternalHttpClient - ep-00000000: connecting endpoint (30 SECONDS)
16:21:25.764 [main] DEBUG org.apache.hc.client5.http.impl.io.PoolingHttpClientConnectionManager - ep-00000000: connecting endpoint to https://raw.githubusercontent.com:443 (30 SECONDS)
16:21:25.782 [main] DEBUG org.apache.hc.client5.http.impl.io.DefaultHttpClientConnectionOperator - http-outgoing-0: connecting to raw.githubusercontent.com/185.199.111.133:443
16:21:25.782 [main] DEBUG org.apache.hc.client5.http.ssl.SSLConnectionSocketFactory - Connecting socket to raw.githubusercontent.com/185.199.111.133:443 with timeout 30 SECONDS
16:21:25.839 [main] DEBUG org.apache.hc.client5.http.ssl.SSLConnectionSocketFactory - Enabled protocols: [TLSv1.3, TLSv1.2]
16:21:25.839 [main] DEBUG org.apache.hc.client5.http.ssl.SSLConnectionSocketFactory - Enabled cipher suites: [TLS_AES_256_GCM_SHA384, TLS_AES_128_GCM_SHA256, TLS_CHACHA20_POLY1305_SHA256, TLS_ECDHE_ECDSA_WITH_AES_256_GCM_SHA384, TLS_ECDHE_ECDSA_WITH_AES_128_GCM_SHA256, TLS_ECDHE_ECDSA_WITH_CHACHA20_POLY1305_SHA256, TLS_ECDHE_RSA_WITH_AES_256_GCM_SHA384, TLS_ECDHE_RSA_WITH_CHACHA20_POLY1305_SHA256, TLS_ECDHE_RSA_WITH_AES_128_GCM_SHA256, TLS_DHE_RSA_WITH_AES_256_GCM_SHA384, TLS_DHE_RSA_WITH_CHACHA20_POLY1305_SHA256, TLS_DHE_DSS_WITH_AES_256_GCM_SHA384, TLS_DHE_RSA_WITH_AES_128_GCM_SHA256, TLS_DHE_DSS_WITH_AES_128_GCM_SHA256, TLS_ECDHE_ECDSA_WITH_AES_256_CBC_SHA384, TLS_ECDHE_RSA_WITH_AES_256_CBC_SHA384, TLS_ECDHE_ECDSA_WITH_AES_128_CBC_SHA256, TLS_ECDHE_RSA_WITH_AES_128_CBC_SHA256, TLS_DHE_RSA_WITH_AES_256_CBC_SHA256, TLS_DHE_DSS_WITH_AES_256_CBC_SHA256, TLS_DHE_RSA_WITH_AES_128_CBC_SHA256, TLS_DHE_DSS_WITH_AES_128_CBC_SHA256, TLS_ECDH_ECDSA_WITH_AES_256_GCM_SHA384, TLS_ECDH_RSA_WITH_AES_256_GCM_SHA384, TLS_ECDH_ECDSA_WITH_AES_128_GCM_SHA256, TLS_ECDH_RSA_WITH_AES_128_GCM_SHA256, TLS_ECDH_ECDSA_WITH_AES_256_CBC_SHA384, TLS_ECDH_RSA_WITH_AES_256_CBC_SHA384, TLS_ECDH_ECDSA_WITH_AES_128_CBC_SHA256, TLS_ECDH_RSA_WITH_AES_128_CBC_SHA256, TLS_ECDHE_ECDSA_WITH_AES_256_CBC_SHA, TLS_ECDHE_RSA_WITH_AES_256_CBC_SHA, TLS_ECDHE_ECDSA_WITH_AES_128_CBC_SHA, TLS_ECDHE_RSA_WITH_AES_128_CBC_SHA, TLS_DHE_RSA_WITH_AES_256_CBC_SHA, TLS_DHE_DSS_WITH_AES_256_CBC_SHA, TLS_DHE_RSA_WITH_AES_128_CBC_SHA, TLS_DHE_DSS_WITH_AES_128_CBC_SHA, TLS_ECDH_ECDSA_WITH_AES_256_CBC_SHA, TLS_ECDH_RSA_WITH_AES_256_CBC_SHA, TLS_ECDH_ECDSA_WITH_AES_128_CBC_SHA, TLS_ECDH_RSA_WITH_AES_128_CBC_SHA, TLS_RSA_WITH_AES_256_GCM_SHA384, TLS_RSA_WITH_AES_128_GCM_SHA256, TLS_RSA_WITH_AES_256_CBC_SHA256, TLS_RSA_WITH_AES_128_CBC_SHA256, TLS_RSA_WITH_AES_256_CBC_SHA, TLS_RSA_WITH_AES_128_CBC_SHA, TLS_EMPTY_RENEGOTIATION_INFO_SCSV]
16:21:25.840 [main] DEBUG org.apache.hc.client5.http.ssl.SSLConnectionSocketFactory - Starting handshake
16:21:25.942 [main] DEBUG org.apache.hc.client5.http.ssl.SSLConnectionSocketFactory - Secure session established
16:21:25.943 [main] DEBUG org.apache.hc.client5.http.ssl.SSLConnectionSocketFactory -  negotiated protocol: TLSv1.3
16:21:25.943 [main] DEBUG org.apache.hc.client5.http.ssl.SSLConnectionSocketFactory -  negotiated cipher suite: TLS_AES_128_GCM_SHA256
16:21:25.943 [main] DEBUG org.apache.hc.client5.http.ssl.SSLConnectionSocketFactory -  peer principal: CN=*.github.io, O="GitHub, Inc.", L=San Francisco, ST=California, C=US
16:21:25.944 [main] DEBUG org.apache.hc.client5.http.ssl.SSLConnectionSocketFactory -  peer alternative names: [*.github.io, github.io, *.github.com, github.com, www.github.com, *.githubusercontent.com, githubusercontent.com]
16:21:25.944 [main] DEBUG org.apache.hc.client5.http.ssl.SSLConnectionSocketFactory -  issuer principal: CN=DigiCert TLS RSA SHA256 2020 CA1, O=DigiCert Inc, C=US
16:21:25.945 [main] DEBUG org.apache.hc.client5.http.impl.io.DefaultHttpClientConnectionOperator - http-outgoing-0: connection established 192.168.1.8:58640<->185.199.111.133:443
16:21:25.946 [main] DEBUG org.apache.hc.client5.http.impl.io.PoolingHttpClientConnectionManager - ep-00000000: connected http-outgoing-0
16:21:25.946 [main] DEBUG org.apache.hc.client5.http.impl.classic.InternalHttpClient - ep-00000000: endpoint connected
16:21:25.946 [main] DEBUG org.apache.hc.client5.http.impl.classic.MainClientExec - ex-00000001: executing GET /bonigarcia/webdrivermanager/master/src/main/resources/commands.properties HTTP/1.1
16:21:25.947 [main] DEBUG org.apache.hc.client5.http.impl.classic.InternalHttpClient - ep-00000000: start execution ex-00000001
16:21:25.947 [main] DEBUG org.apache.hc.client5.http.impl.io.PoolingHttpClientConnectionManager - ep-00000000: executing exchange ex-00000001 over http-outgoing-0
16:21:25.947 [main] DEBUG org.apache.hc.client5.http.headers - http-outgoing-0 >> GET /bonigarcia/webdrivermanager/master/src/main/resources/commands.properties HTTP/1.1
16:21:25.947 [main] DEBUG org.apache.hc.client5.http.headers - http-outgoing-0 >> user-agent: Apache-HttpClient/5.0
16:21:25.947 [main] DEBUG org.apache.hc.client5.http.headers - http-outgoing-0 >> accept-encoding: gzip, deflate, br
16:21:25.947 [main] DEBUG org.apache.hc.client5.http.headers - http-outgoing-0 >> cache-control: max-age=0
16:21:25.947 [main] DEBUG org.apache.hc.client5.http.headers - http-outgoing-0 >> connection: keep-alive
16:21:25.947 [main] DEBUG org.apache.hc.client5.http.headers - http-outgoing-0 >> Host: raw.githubusercontent.com
16:21:25.948 [main] DEBUG org.apache.hc.client5.http.wire - http-outgoing-0 >> "GET /bonigarcia/webdrivermanager/master/src/main/resources/commands.properties HTTP/1.1[\r][\n]"
16:21:25.948 [main] DEBUG org.apache.hc.client5.http.wire - http-outgoing-0 >> "user-agent: Apache-HttpClient/5.0[\r][\n]"
16:21:25.948 [main] DEBUG org.apache.hc.client5.http.wire - http-outgoing-0 >> "accept-encoding: gzip, deflate, br[\r][\n]"
16:21:25.948 [main] DEBUG org.apache.hc.client5.http.wire - http-outgoing-0 >> "cache-control: max-age=0[\r][\n]"
16:21:25.948 [main] DEBUG org.apache.hc.client5.http.wire - http-outgoing-0 >> "connection: keep-alive[\r][\n]"
16:21:25.948 [main] DEBUG org.apache.hc.client5.http.wire - http-outgoing-0 >> "Host: raw.githubusercontent.com[\r][\n]"
16:21:25.948 [main] DEBUG org.apache.hc.client5.http.wire - http-outgoing-0 >> "[\r][\n]"
16:21:25.970 [main] DEBUG org.apache.hc.client5.http.wire - http-outgoing-0 << "HTTP/1.1 200 OK[\r][\n]"
16:21:25.970 [main] DEBUG org.apache.hc.client5.http.wire - http-outgoing-0 << "Connection: keep-alive[\r][\n]"
16:21:25.970 [main] DEBUG org.apache.hc.client5.http.wire - http-outgoing-0 << "Content-Length: 723[\r][\n]"
16:21:25.970 [main] DEBUG org.apache.hc.client5.http.wire - http-outgoing-0 << "Cache-Control: max-age=300[\r][\n]"
16:21:25.970 [main] DEBUG org.apache.hc.client5.http.wire - http-outgoing-0 << "Content-Security-Policy: default-src 'none'; style-src 'unsafe-inline'; sandbox[\r][\n]"
16:21:25.970 [main] DEBUG org.apache.hc.client5.http.wire - http-outgoing-0 << "Content-Type: text/plain; charset=utf-8[\r][\n]"
16:21:25.970 [main] DEBUG org.apache.hc.client5.http.wire - http-outgoing-0 << "ETag: W/"e82b438271e9e8680c688b0b680efd0bdd22faa6d6f0a32fc1fd8accc486b67e"[\r][\n]"
16:21:25.970 [main] DEBUG org.apache.hc.client5.http.wire - http-outgoing-0 << "Strict-Transport-Security: max-age=31536000[\r][\n]"
16:21:25.970 [main] DEBUG org.apache.hc.client5.http.wire - http-outgoing-0 << "X-Content-Type-Options: nosniff[\r][\n]"
16:21:25.970 [main] DEBUG org.apache.hc.client5.http.wire - http-outgoing-0 << "X-Frame-Options: deny[\r][\n]"
16:21:25.970 [main] DEBUG org.apache.hc.client5.http.wire - http-outgoing-0 << "X-XSS-Protection: 1; mode=block[\r][\n]"
16:21:25.970 [main] DEBUG org.apache.hc.client5.http.wire - http-outgoing-0 << "X-GitHub-Request-Id: C9D0:4DC9:32625:3FD1D:642B7FF3[\r][\n]"
16:21:25.970 [main] DEBUG org.apache.hc.client5.http.wire - http-outgoing-0 << "Content-Encoding: gzip[\r][\n]"
16:21:25.970 [main] DEBUG org.apache.hc.client5.http.wire - http-outgoing-0 << "Accept-Ranges: bytes[\r][\n]"
16:21:25.970 [main] DEBUG org.apache.hc.client5.http.wire - http-outgoing-0 << "Date: Fri, 07 Apr 2023 09:21:26 GMT[\r][\n]"
16:21:25.970 [main] DEBUG org.apache.hc.client5.http.wire - http-outgoing-0 << "Via: 1.1 varnish[\r][\n]"
16:21:25.970 [main] DEBUG org.apache.hc.client5.http.wire - http-outgoing-0 << "X-Served-By: cache-qpg1268-QPG[\r][\n]"
16:21:25.970 [main] DEBUG org.apache.hc.client5.http.wire - http-outgoing-0 << "X-Cache: HIT[\r][\n]"
16:21:25.970 [main] DEBUG org.apache.hc.client5.http.wire - http-outgoing-0 << "X-Cache-Hits: 1[\r][\n]"
16:21:25.970 [main] DEBUG org.apache.hc.client5.http.wire - http-outgoing-0 << "X-Timer: S1680859286.262516,VS0,VE1[\r][\n]"
16:21:25.970 [main] DEBUG org.apache.hc.client5.http.wire - http-outgoing-0 << "Vary: Authorization,Accept-Encoding,Origin[\r][\n]"
16:21:25.971 [main] DEBUG org.apache.hc.client5.http.wire - http-outgoing-0 << "Access-Control-Allow-Origin: *[\r][\n]"
16:21:25.971 [main] DEBUG org.apache.hc.client5.http.wire - http-outgoing-0 << "X-Fastly-Request-ID: 86bb4c70d93f1f6ac9815c57d64569061e23ee58[\r][\n]"
16:21:25.971 [main] DEBUG org.apache.hc.client5.http.wire - http-outgoing-0 << "Expires: Fri, 07 Apr 2023 09:26:26 GMT[\r][\n]"
16:21:25.971 [main] DEBUG org.apache.hc.client5.http.wire - http-outgoing-0 << "Source-Age: 157[\r][\n]"
16:21:25.971 [main] DEBUG org.apache.hc.client5.http.wire - http-outgoing-0 << "[\r][\n]"
16:21:25.975 [main] DEBUG org.apache.hc.client5.http.headers - http-outgoing-0 << HTTP/1.1 200 OK
16:21:25.975 [main] DEBUG org.apache.hc.client5.http.headers - http-outgoing-0 << Connection: keep-alive
16:21:25.975 [main] DEBUG org.apache.hc.client5.http.headers - http-outgoing-0 << Content-Length: 723
16:21:25.975 [main] DEBUG org.apache.hc.client5.http.headers - http-outgoing-0 << Cache-Control: max-age=300
16:21:25.975 [main] DEBUG org.apache.hc.client5.http.headers - http-outgoing-0 << Content-Security-Policy: default-src 'none'; style-src 'unsafe-inline'; sandbox
16:21:25.975 [main] DEBUG org.apache.hc.client5.http.headers - http-outgoing-0 << Content-Type: text/plain; charset=utf-8
16:21:25.975 [main] DEBUG org.apache.hc.client5.http.headers - http-outgoing-0 << ETag: W/"e82b438271e9e8680c688b0b680efd0bdd22faa6d6f0a32fc1fd8accc486b67e"
16:21:25.975 [main] DEBUG org.apache.hc.client5.http.headers - http-outgoing-0 << Strict-Transport-Security: max-age=31536000
16:21:25.975 [main] DEBUG org.apache.hc.client5.http.headers - http-outgoing-0 << X-Content-Type-Options: nosniff
16:21:25.975 [main] DEBUG org.apache.hc.client5.http.headers - http-outgoing-0 << X-Frame-Options: deny
16:21:25.975 [main] DEBUG org.apache.hc.client5.http.headers - http-outgoing-0 << X-XSS-Protection: 1; mode=block
16:21:25.975 [main] DEBUG org.apache.hc.client5.http.headers - http-outgoing-0 << X-GitHub-Request-Id: C9D0:4DC9:32625:3FD1D:642B7FF3
16:21:25.976 [main] DEBUG org.apache.hc.client5.http.headers - http-outgoing-0 << Content-Encoding: gzip
16:21:25.976 [main] DEBUG org.apache.hc.client5.http.headers - http-outgoing-0 << Accept-Ranges: bytes
16:21:25.976 [main] DEBUG org.apache.hc.client5.http.headers - http-outgoing-0 << Date: Fri, 07 Apr 2023 09:21:26 GMT
16:21:25.976 [main] DEBUG org.apache.hc.client5.http.headers - http-outgoing-0 << Via: 1.1 varnish
16:21:25.976 [main] DEBUG org.apache.hc.client5.http.headers - http-outgoing-0 << X-Served-By: cache-qpg1268-QPG
16:21:25.976 [main] DEBUG org.apache.hc.client5.http.headers - http-outgoing-0 << X-Cache: HIT
16:21:25.976 [main] DEBUG org.apache.hc.client5.http.headers - http-outgoing-0 << X-Cache-Hits: 1
16:21:25.976 [main] DEBUG org.apache.hc.client5.http.headers - http-outgoing-0 << X-Timer: S1680859286.262516,VS0,VE1
16:21:25.976 [main] DEBUG org.apache.hc.client5.http.headers - http-outgoing-0 << Vary: Authorization,Accept-Encoding,Origin
16:21:25.976 [main] DEBUG org.apache.hc.client5.http.headers - http-outgoing-0 << Access-Control-Allow-Origin: *
16:21:25.976 [main] DEBUG org.apache.hc.client5.http.headers - http-outgoing-0 << X-Fastly-Request-ID: 86bb4c70d93f1f6ac9815c57d64569061e23ee58
16:21:25.976 [main] DEBUG org.apache.hc.client5.http.headers - http-outgoing-0 << Expires: Fri, 07 Apr 2023 09:26:26 GMT
16:21:25.976 [main] DEBUG org.apache.hc.client5.http.headers - http-outgoing-0 << Source-Age: 157
16:21:25.979 [main] DEBUG org.apache.hc.client5.http.impl.classic.MainClientExec - ex-00000001: connection can be kept alive for 3 MINUTES
16:21:25.983 [main] DEBUG org.apache.hc.client5.http.wire - http-outgoing-0 << "[0x1f][0xffffff8b][0x8][0x0][0x0][0x0][0x0][0x0][0x0][0x3][0xffffffb5]V]o[0xffffffda]0[0x14]}[0xffffffe7]W\[0xffffff81]*[0xffffffb5][0x12][0x1f][[M[0xffffffd3]$[0x1e]hF[0xffffffbb]i [0x18][0xffffffb4][0xffffffdd]&[0xfffffff9][0xffffffc5]$7[0xffffffc1]R[0x12]#;[0xffffff94]v[0xffffffbf]~[0xffffffb6][0xfffffff3]1[0xffffff92][0xffffff9a][0xffffffc1][0x1a]x[0xffffffcb][0xffffffb5][0xffffffaf][0xffffffcf]9[0xffffffbe][0xfffffff7]8v[0xb][0x1c][0x1e]E4[0xfffffff6]$x4[0xffffffa1][0xb]*[0xffffffb1][0xffffffd1][0xffffff82][0xfffffffb]%[0xffffff93][0xffffffe0][0xffffffb3][0x10][0xffffffc1][0xffffffe5]qBY,!Y[0xffffffea] KM8,[0x10][0xfffffff0][0x19][0xffffffdd]u[0xffffff82][0x1e][0xffffffb0][0xffffffd8]L[0xffffffcb]%[0xffffff86][0xffffffa1][0xe][0xffffffb8][0xfffffff0]P[0xffffffe8]$[0xf][0x13]t[0x13]3[0xfffffff9][0xffffff84]B2[0xffffffae][0xffffffe6]|@[0xfffffff5][0x1d][0x8][0xffffffc4][0x18][0x16][0xffffff82]o[0xffffffa4][0xffffff9a]P[0xffffff94][0xffffffe7][0xffffffce]R[0xfffffff0][0x8][0xffffffdb]p[0xffffffcb][0x4][0xfffffffa][0xfffffffc][0xffffffb9][\r][0xffffff93][0x15][\n]"
16:21:25.984 [main] DEBUG org.apache.hc.client5.http.wire - http-outgoing-0 << "[0xffffffda][0xffffff86][0xffffffa1][0x17][0xffffffa8]Q3[0xffffffcb][0xffffffd6][0xffffffd1][0xffffff85][0xffffffc6][0xfffffff7][0xffffff98][0xffffffef][0xffffffa3][0xffffffc0]8[0x1][0xffffffae]s[0x12][0x16][0x7] _d[0xffffff82][0xffffff91][0xffffff84][0xfffffff3][0x1f],[0xfffffff6][0x14]j[0x1b]F,^+[0xffffff98]1ua2[0xffffffbf]h([0xffffff8e][0xffffff94][0xffffffa2][0xffffff91]m[0xffffffa3][0xffffffeb][0xffffff9a][0xffffffb0][0xffffffbb]I[0x17]t[0xffffffdf][0xffffffbd][0xffffffef][0xffffffbb][0xffffff91][0xffffffd7]U[0xffffffbb][0xffffff82][0xffffff9e][0x3][0xffffff9b][0xffffff88][0xffffffb9][0xffffffa6]$[0xffffffa6][0xc][0xffffff9b][0xffffffa5][0xffffffe2][0xffffff83][0xffffff98]F[0xffffffd8]o[0xffffff9e]Mg[0xffffff93][0xffffffbb][0xffffffd9]`|[0xfffffffb]u4[0xffffff9c][0x7f]"}B[0xffffffce][0x8][0xffffffb9][0xffffffe3]<[0x8][0xffffff91][0xffffff90][0xffffff94][0xffffff82][0xffffff90][0xffffffc1]j[0x15]2WI[0xffffffe3]1![0x19][0xffffff91]BnB[0xffffff80][0x9]<f[0xffffffb5][0xffffffe8]=[0xffffffd1]p[0xffffffbd][[0xffffffcf][0xffffffe5][0x1b][0xfffffff4][0xffffff9c][0xffffffff][0xfffffffc][0xfffffff8][0xffffffe1][0xffffffe2][0xffffff94][0xffffffa2][0xffffffae][0xe][0x14]5[0xffffff9a]8[0xffffff83][0xffffffd1]`:[0xfffffffd]<[0xffffffb8][0x1f][0xffffff9c]R[0xffffffcf]u[0x7f]6[0xffffffbc][0xffffff83][0xffffffef][0xf][0xffffffc3][0xffffffd9]/[0xfffffff8][0xfffffff2][0xffffffcd]y s[0xffffffee]'[0x1b]*0g[0xffffffcb][0xffffffc8]nF7H][0xffffff83][0xffffff97]{[0xffffffb1]Q[0x5][\r][0xffffffb5]c[0xffffffb4][0xf][0x2][0xffffffb3][0xffffffb4][0xffffff93][0xe]C[0xffffffa7][0xffffffb3]kAD][0xffffff9d][0xffffffde][0xffffffdb][0xffffffda][0xffffff88][0xffffffec][0xffffffa5][0xffffffbc][0xffffff99][0xffffffd9][0xffffffba]t[0xffffffb5][0xffffffea]9[0xffffffea][0x10])[0xffffffb7][0xffffffca][0xffffff9e][0xfffffff2][0xffffffe2]d^N[0xffffffd8]FW[0x16][0xffffffcd][0xffffffdc]_[0x10][0xfffffff9]i|[0x1c][0xffffff93][0xffffff8e][0xfffffff9]o[0x16][0xffffff86]4'!$G[0xffffffdf]W[0xfffffff4]W*j[[0xfffffff3]xR[0xffffffae][0xffffffb6][0xc][0xffffffd0],; #[0xffffffa9][0xffffff92]5[0xffffffb5][0x7][0xffffff9c][0xffffffb5][0xffffffd0][0x7f][0xffffff90][0xffffffc7]jgs[0xfffffffc][0xffffffc2][0xb][0xffffffd9][0x0]t[0xffffff9e]^'Y[0xfffffffb][0xffffff9f][0xffffffb1][0xffffffd8]:[0xffffffbf][0xffffff8d][0xffffffa5][0xffffff9a][0xffffffad][0x7f]m[0x5]&[0xffffffaa][0xffffffa0]^[0xffffff9b][0xffffffcb][0x5]f[0xffffffae][0xffffffe0]RU[0xffffff82][0x10]MS9l[0xffffff91]4t[0xfffffffb][0xffffff8a]][0xffffffd6][0xfffffff4][0xffffff96][0xffffffa6][0xffffff9f]P[0xffffffce][0xffffffd5][0xffffffce][0xffffff93][0xffffffff][0xffffff97][0xffffffcc]p[0xfffffffd][0xfffffff3][0xffffffe8][0x1b][0xffffffcc][0xffffffa2][0xffffffd9]Q[0xffffffbe][0xffffffb2][0xffffffa3][0xffffffc7]m'[0xffffffdf][0xffffffe4][[0xfffffffb]^[0xffffffb0][0xffffff9a][0xffffffbe][0xffffffda][0xffffffda]_[0xffffffce][0xffffff80][0xffffffd2][0xffffffc1]7[0xffffffb7]][0xffffffc1]b[0xffffffee][0xffffffb5][0xffffffff]w[0xffffff83][0xffffffed][0xffffffa7];[0x15]<[0x10]4[0xffffff92][0xffffff84][0x18][\n]"
16:21:25.984 [main] DEBUG org.apache.hc.client5.http.wire - http-outgoing-0 << "BB[0xffffffba][0xffffff8e]][0xffffffb5]jo[0xffffffb9]+"[0xffffffea][0xffffffb4][0xffffffff]h"[0xffffffea]\?5[0xffffffa9][0xffffffaf]k[0xffffffec][0xffffffff]P[0xffffffea][\n]"
16:21:25.984 [main] DEBUG org.apache.hc.client5.http.wire - http-outgoing-0 << "w[0xffffffe1]K[0x13][0xffffffda][0xffffffec][0xffffff98][0xffffffe6]Y[0xfffffffd]h8m6[0xffffff9c]T[0xffffffc1][0xfffffff2][0xffffffa7][0xffffff91]z_[0xffffff95]o85p[0x1c][0x13][0xffffffe6][0xfffffff0]5[0xffffffee][0xfffffffc][0xffffff92][0xffffff96][0xffffffda][0xfffffff7][0xffffffcf][0xffffffb1][0x5][0x1d][0xffffffea]K[0xffffff9b]9[0xffffff8e][0xffffffad]e[0xfffffff7][0xffffff93][0xffffffa8]`[0xffffffda][0xffffffff][0x1a][0xffffffd2][0xffffff88][0xffffff85][0xfffffffd][0xfffffff2][0xffffff91]N[0xfffffff6]`[0xffffffdf]2[0xffffffcf][0xffffffae]E[0xffffff97][0xffffffc5][0xffffffa2][0xffffff9d][0xffffffef]'[0xffffff9d]mun.[0xffffffd3]f^[0xffffffc7][0xffffff82][0xffffffda][0xffffff82]9[0xfffffff5][0xffffffa9]`[0x5][0xffffffbc]4[0xffffffa1][0x1d]<M[0xffffffb5]A[0xffffffa7]3[[0xffffffc0][0x7f][0x0][0xffffffc1][0xffffffd0]$[0xffffff85][0x1d][\r][0x0][0x0]"
16:21:25.985 [main] DEBUG org.apache.hc.client5.http.impl.classic.InternalHttpClient - ep-00000000: releasing valid endpoint
16:21:25.985 [main] DEBUG org.apache.hc.client5.http.impl.io.PoolingHttpClientConnectionManager - ep-00000000: releasing endpoint
16:21:25.985 [main] DEBUG org.apache.hc.client5.http.impl.io.PoolingHttpClientConnectionManager - ep-00000000: connection http-outgoing-0 can be kept alive for 3 MINUTES
16:21:25.986 [main] DEBUG org.apache.hc.client5.http.impl.io.PoolingHttpClientConnectionManager - ep-00000000: connection released [route: {s}->https://raw.githubusercontent.com:443][total available: 1; route allocated: 1 of 5; total allocated: 1 of 25]
16:21:25.986 [main] DEBUG io.github.bonigarcia.wdm.versions.VersionDetector - Detecting edge version using online commands.properties
16:21:25.988 [main] DEBUG io.github.bonigarcia.wdm.versions.Shell - Running command on the shell: [cmd.exe, /C, wmic, datafile, where, name="%PROGRAMFILES(X86):\=\\%\\Microsoft\\Edge\\Application\\msedge.exe", get, Version, /value]
16:21:26.146 [main] DEBUG io.github.bonigarcia.wdm.versions.Shell - Result: Version=111.0.1661.62
16:21:26.150 [main] DEBUG io.github.bonigarcia.wdm.cache.ResolutionCache - Resolution edge111=111.0.1661.62 in cache (valid until 15:02:35 08/04/2023 WIB)
16:21:26.153 [main] INFO io.github.bonigarcia.wdm.WebDriverManager - Using msedgedriver 111.0.1661.62 (resolved driver for Edge 111)
16:21:26.160 [main] DEBUG io.github.bonigarcia.wdm.cache.ResolutionCache - Storing resolution edge=111 in cache (valid until 17:21:26 07/04/2023 WIB)
16:21:26.175 [main] DEBUG io.github.bonigarcia.wdm.WebDriverManager - Driver msedgedriver 111.0.1661.62 found in cache
16:21:26.185 [main] INFO io.github.bonigarcia.wdm.WebDriverManager - Exporting webdriver.edge.driver as C:\Users\alwi\.cache\selenium\msedgedriver\win64\111.0.1661.62\msedgedriver.exe
16:21:26.879 [main] DEBUG net.thucydides.core.reflection.ClassFinder - Could not load class .CucumberTestSuite
16:21:26.879 [main] DEBUG net.thucydides.core.reflection.ClassFinder - Could not load class .starter.pages.BabyPage
16:21:26.879 [main] DEBUG net.thucydides.core.reflection.ClassFinder - Could not load class .starter.stepdefinitions.BabyStep
16:21:26.880 [main] DEBUG net.thucydides.core.reflection.ClassFinder - Could not load class META-INF.versions.9.com.sun.istack.logging.StackHelper
16:21:26.880 [main] DEBUG net.thucydides.core.reflection.ClassFinder - Could not load class META-INF.versions.9.com.sun.xml.bind.v2.runtime.reflect.opt.AccessorInjector
16:21:26.881 [main] DEBUG net.thucydides.core.reflection.ClassFinder - Could not load class META-INF.versions.9.com.sun.xml.bind.v2.runtime.reflect.opt.Injector
16:21:26.881 [main] DEBUG net.thucydides.core.reflection.ClassFinder - Could not load class META-INF.versions.9.com.sun.xml.bind.v2.runtime.reflect.opt.OptimizedAccessorFactory
16:21:26.881 [main] DEBUG net.thucydides.core.reflection.ClassFinder - Could not load class META-INF.versions.9.com.sun.xml.bind.v2.runtime.reflect.opt.OptimizedTransducedAccessorFactory
16:21:26.882 [main] DEBUG net.thucydides.core.reflection.ClassFinder - Could not load class META-INF.versions.9.io.opentelemetry.sdk.internal.CurrentJavaVersionSpecific
16:21:26.882 [main] DEBUG net.thucydides.core.reflection.ClassFinder - Could not load class META-INF.versions.9.io.opentelemetry.sdk.internal.Java9VersionSpecific
16:21:26.882 [main] DEBUG net.thucydides.core.reflection.ClassFinder - Could not load class META-INF.versions.9.javax.xml.bind.ModuleUtil
16:21:26.882 [main] DEBUG net.thucydides.core.reflection.ClassFinder - Could not load class META-INF.versions.9.module-info
16:21:26.883 [main] DEBUG net.thucydides.core.reflection.ClassFinder - Could not load class META-INF.versions.9.org.junit.platform.commons.util.ModuleUtils
16:21:27.274 [main] DEBUG net.thucydides.core.reflection.ClassFinder - Could not load class com.google.gson.internal.
16:21:27.476 [main] DEBUG net.thucydides.core.reflection.ClassFinder - Could not load class com.sun.xml.bind.v2.runtime.output.FastInfosetStreamWriterOutput
16:21:27.969 [main] DEBUG net.thucydides.core.reflection.ClassFinder - Could not load class module-info
16:21:31.918 [main] DEBUG io.netty.util.internal.logging.InternalLoggerFactory - Using SLF4J as the default logging framework
16:21:31.921 [main] DEBUG io.netty.util.ResourceLeakDetector - -Dio.netty.leakDetection.level: simple
16:21:31.924 [main] DEBUG io.netty.util.ResourceLeakDetector - -Dio.netty.leakDetection.targetRecords: 4
16:21:31.927 [main] DEBUG io.netty.util.ResourceLeakDetectorFactory - Loaded default ResourceLeakDetector: io.netty.util.ResourceLeakDetector@32317a37
16:21:31.944 [main] DEBUG io.netty.util.internal.PlatformDependent0 - -Dio.netty.noUnsafe: false
16:21:31.944 [main] DEBUG io.netty.util.internal.PlatformDependent0 - Java version: 13
16:21:31.945 [main] DEBUG io.netty.util.internal.PlatformDependent0 - sun.misc.Unsafe.theUnsafe: available
16:21:31.946 [main] DEBUG io.netty.util.internal.PlatformDependent0 - sun.misc.Unsafe.copyMemory: available
16:21:31.946 [main] DEBUG io.netty.util.internal.PlatformDependent0 - java.nio.Buffer.address: available
16:21:31.947 [main] DEBUG io.netty.util.internal.PlatformDependent0 - direct buffer constructor: unavailable: Reflective setAccessible(true) disabled
16:21:31.947 [main] DEBUG io.netty.util.internal.PlatformDependent0 - java.nio.Bits.unaligned: available, true
16:21:31.948 [main] DEBUG io.netty.util.internal.PlatformDependent0 - jdk.internal.misc.Unsafe.allocateUninitializedArray(int): unavailable: class io.netty.util.internal.PlatformDependent0$6 cannot access class jdk.internal.misc.Unsafe (in module java.base) because module java.base does not export jdk.internal.misc to unnamed module @702ed190
16:21:31.949 [main] DEBUG io.netty.util.internal.PlatformDependent0 - java.nio.DirectByteBuffer.<init>(long, int): unavailable
16:21:31.950 [main] DEBUG io.netty.util.internal.PlatformDependent - sun.misc.Unsafe: available
16:21:31.951 [main] DEBUG io.netty.util.internal.PlatformDependent - maxDirectMemory: 4288675840 bytes (maybe)
16:21:31.951 [main] DEBUG io.netty.util.internal.PlatformDependent - -Dio.netty.tmpdir: C:\Users\alwi\AppData\Local\Temp (java.io.tmpdir)
16:21:31.952 [main] DEBUG io.netty.util.internal.PlatformDependent - -Dio.netty.bitMode: 64 (sun.arch.data.model)
16:21:31.952 [main] DEBUG io.netty.util.internal.PlatformDependent - Platform: Windows
16:21:31.952 [main] DEBUG io.netty.util.internal.PlatformDependent - -Dio.netty.maxDirectMemory: -1 bytes
16:21:31.953 [main] DEBUG io.netty.util.internal.PlatformDependent - -Dio.netty.uninitializedArrayAllocationThreshold: -1
16:21:31.953 [main] DEBUG io.netty.util.internal.CleanerJava9 - java.nio.ByteBuffer.cleaner(): available
16:21:31.953 [main] DEBUG io.netty.util.internal.PlatformDependent - -Dio.netty.noPreferDirect: false
16:21:31.961 [main] DEBUG io.netty.util.internal.PlatformDependent - org.jctools-core.MpscChunkedArrayQueue: available
16:21:31.978 [main] DEBUG io.netty.util.internal.InternalThreadLocalMap - -Dio.netty.threadLocalMap.stringBuilder.initialSize: 1024
16:21:31.979 [main] DEBUG io.netty.util.internal.InternalThreadLocalMap - -Dio.netty.threadLocalMap.stringBuilder.maxSize: 4096
16:21:31.999 [main] DEBUG io.netty.handler.ssl.JdkSslContext - Default protocols (JDK): [TLSv1.3, TLSv1.2, TLSv1.1, TLSv1] 
16:21:31.999 [main] DEBUG io.netty.handler.ssl.JdkSslContext - Default cipher suites (JDK): [TLS_ECDHE_ECDSA_WITH_AES_256_GCM_SHA384, TLS_ECDHE_ECDSA_WITH_AES_128_GCM_SHA256, TLS_ECDHE_RSA_WITH_AES_128_GCM_SHA256, TLS_ECDHE_RSA_WITH_AES_256_GCM_SHA384, TLS_ECDHE_RSA_WITH_AES_128_CBC_SHA, TLS_ECDHE_RSA_WITH_AES_256_CBC_SHA, TLS_RSA_WITH_AES_128_GCM_SHA256, TLS_RSA_WITH_AES_128_CBC_SHA, TLS_RSA_WITH_AES_256_CBC_SHA, TLS_AES_128_GCM_SHA256, TLS_AES_256_GCM_SHA384]
16:21:32.023 [main] DEBUG io.netty.channel.MultithreadEventLoopGroup - -Dio.netty.eventLoopThreads: 16
16:21:32.030 [main] DEBUG io.netty.channel.nio.NioEventLoop - -Dio.netty.noKeySetOptimization: false
16:21:32.030 [main] DEBUG io.netty.channel.nio.NioEventLoop - -Dio.netty.selectorAutoRebuildThreshold: 512
16:21:32.453 [main] DEBUG io.netty.buffer.PooledByteBufAllocator - -Dio.netty.allocator.numHeapArenas: 16
16:21:32.454 [main] DEBUG io.netty.buffer.PooledByteBufAllocator - -Dio.netty.allocator.numDirectArenas: 16
16:21:32.454 [main] DEBUG io.netty.buffer.PooledByteBufAllocator - -Dio.netty.allocator.pageSize: 8192
16:21:32.454 [main] DEBUG io.netty.buffer.PooledByteBufAllocator - -Dio.netty.allocator.maxOrder: 11
16:21:32.454 [main] DEBUG io.netty.buffer.PooledByteBufAllocator - -Dio.netty.allocator.chunkSize: 16777216
16:21:32.454 [main] DEBUG io.netty.buffer.PooledByteBufAllocator - -Dio.netty.allocator.smallCacheSize: 256
16:21:32.454 [main] DEBUG io.netty.buffer.PooledByteBufAllocator - -Dio.netty.allocator.normalCacheSize: 64
16:21:32.454 [main] DEBUG io.netty.buffer.PooledByteBufAllocator - -Dio.netty.allocator.maxCachedBufferCapacity: 32768
16:21:32.454 [main] DEBUG io.netty.buffer.PooledByteBufAllocator - -Dio.netty.allocator.cacheTrimInterval: 8192
16:21:32.454 [main] DEBUG io.netty.buffer.PooledByteBufAllocator - -Dio.netty.allocator.cacheTrimIntervalMillis: 0
16:21:32.454 [main] DEBUG io.netty.buffer.PooledByteBufAllocator - -Dio.netty.allocator.useCacheForAllThreads: true
16:21:32.454 [main] DEBUG io.netty.buffer.PooledByteBufAllocator - -Dio.netty.allocator.maxCachedByteBuffersPerChunk: 1023
16:21:32.464 [main] DEBUG io.netty.buffer.ByteBufUtil - -Dio.netty.allocator.type: pooled
16:21:32.464 [main] DEBUG io.netty.buffer.ByteBufUtil - -Dio.netty.threadLocalDirectBufferSize: 0
16:21:32.464 [main] DEBUG io.netty.buffer.ByteBufUtil - -Dio.netty.maxThreadLocalCharBufferSize: 16384
16:21:32.545 [main] DEBUG net.serenitybdd.core.webdriver.driverproviders.ProvideNewDriver - Instantiating driver
16:21:32.545 [main] DEBUG net.serenitybdd.core.webdriver.driverproviders.ProvideNewDriver - Driver capabilities: Capabilities {base.url: https://www.uniqlo.com, chrome.driver: src/test/resources/webdrive..., driver: edge, ms:edgeChromium: true, ms:edgeOptions: {}, wait.for.timeout: 6000}
16:21:33.252 [Forwarding newSession on session null to remote] DEBUG io.netty.channel.DefaultChannelId - -Dio.netty.processId: 6120 (auto-detected)
16:21:33.254 [Forwarding newSession on session null to remote] DEBUG io.netty.util.NetUtil - -Djava.net.preferIPv4Stack: false
16:21:33.254 [Forwarding newSession on session null to remote] DEBUG io.netty.util.NetUtil - -Djava.net.preferIPv6Addresses: false
16:21:33.591 [Forwarding newSession on session null to remote] DEBUG io.netty.util.NetUtilInitializations - Loopback interface: lo (Software Loopback Interface 1, 127.0.0.1)
16:21:33.592 [Forwarding newSession on session null to remote] DEBUG io.netty.util.NetUtil - Failed to get SOMAXCONN from sysctl and file \proc\sys\net\core\somaxconn. Default: 200
16:21:33.970 [Forwarding newSession on session null to remote] DEBUG io.netty.channel.DefaultChannelId - -Dio.netty.machineId: 50:3e:aa:ff:fe:ef:df:ab (auto-detected)
16:21:34.013 [AsyncHttpClient-1-2] DEBUG io.netty.buffer.AbstractByteBuf - -Dio.netty.buffer.checkAccessible: true
16:21:34.014 [AsyncHttpClient-1-2] DEBUG io.netty.buffer.AbstractByteBuf - -Dio.netty.buffer.checkBounds: true
16:21:34.014 [AsyncHttpClient-1-2] DEBUG io.netty.util.ResourceLeakDetectorFactory - Loaded default ResourceLeakDetector: io.netty.util.ResourceLeakDetector@52a8c95d
16:21:34.028 [AsyncHttpClient-1-2] DEBUG org.asynchttpclient.netty.channel.NettyConnectListener - Using new Channel '[id: 0x9919bec8, L:/127.0.0.1:58686 - R:localhost/127.0.0.1:53852]' for 'POST' to '/session'
16:21:34.045 [AsyncHttpClient-1-2] DEBUG io.netty.util.Recycler - -Dio.netty.recycler.maxCapacityPerThread: 4096
16:21:34.045 [AsyncHttpClient-1-2] DEBUG io.netty.util.Recycler - -Dio.netty.recycler.ratio: 8
16:21:34.045 [AsyncHttpClient-1-2] DEBUG io.netty.util.Recycler - -Dio.netty.recycler.chunkSize: 32
16:21:34.045 [AsyncHttpClient-1-2] DEBUG io.netty.util.Recycler - -Dio.netty.recycler.blocking: false
16:21:34.660 [AsyncHttpClient-1-2] DEBUG io.netty.handler.codec.compression.Brotli - brotli4j not in the classpath; Brotli support will be unavailable.
16:21:34.660 [AsyncHttpClient-1-2] DEBUG org.asynchttpclient.netty.handler.HttpHandler - 

Request DefaultHttpRequest(decodeResult: success, version: HTTP/1.1)
POST /session HTTP/1.1
User-Agent: selenium/4.1.2 (java windows)
Content-Length: 627
Content-Type: application/json; charset=utf-8
host: localhost:53852
accept: */*

Response DefaultHttpResponse(decodeResult: success, version: HTTP/1.1)
HTTP/1.1 200 OK
Content-Type: application/json; charset=utf-8
cache-control: no-cache
content-length: 823

16:21:34.668 [AsyncHttpClient-1-2] DEBUG org.asynchttpclient.netty.channel.ChannelManager - Adding key: http://localhost:53852 for channel [id: 0x9919bec8, L:/127.0.0.1:58686 - R:localhost/127.0.0.1:53852]
16:21:34.718 [AsyncHttpClient-1-3] DEBUG org.asynchttpclient.netty.channel.NettyConnectListener - Using new Channel '[id: 0x5827da8a, L:/127.0.0.1:58695 - R:localhost/127.0.0.1:58688]' for 'GET' to '/json/version'
16:21:34.724 [AsyncHttpClient-1-3] DEBUG org.asynchttpclient.netty.handler.HttpHandler - 

Request DefaultFullHttpRequest(decodeResult: success, version: HTTP/1.1, content: EmptyByteBufBE)
GET /json/version HTTP/1.1
User-Agent: selenium/4.1.2 (java windows)
host: localhost:58688
accept: */*

Response DefaultHttpResponse(decodeResult: success, version: HTTP/1.1)
HTTP/1.1 200 OK
Content-Security-Policy: frame-ancestors 'none'
Content-Type: application/json; charset=UTF-8
content-length: 436

16:21:34.724 [AsyncHttpClient-1-3] DEBUG org.asynchttpclient.netty.channel.ChannelManager - Adding key: http://localhost:58688 for channel [id: 0x5827da8a, L:/127.0.0.1:58695 - R:localhost/127.0.0.1:58688]
16:21:34.731 [main] DEBUG io.netty.util.internal.ThreadLocalRandom - -Dio.netty.initialSeedUniquifier: 0x470d22f87a472cf8
16:21:34.735 [AsyncHttpClient-1-4] DEBUG org.asynchttpclient.netty.channel.NettyConnectListener - Using new Channel '[id: 0x7b733127, L:/127.0.0.1:58696 - R:localhost/127.0.0.1:58688]' for 'GET' to '/devtools/browser/edbe96ab-aabe-45ee-b89f-f19295627785'
16:21:34.740 [AsyncHttpClient-1-4] DEBUG org.asynchttpclient.netty.handler.WebSocketHandler - 

Request DefaultFullHttpRequest(decodeResult: success, version: HTTP/1.1, content: EmptyByteBufBE)
GET /devtools/browser/edbe96ab-aabe-45ee-b89f-f19295627785 HTTP/1.1
upgrade: websocket
connection: upgrade
sec-websocket-key: M3e6Kjng2ViVmzNWjBwEcw==
sec-websocket-version: 13
origin: http://localhost:58688
host: localhost:58688
accept: */*
user-agent: AHC/2.1

Response DefaultHttpResponse(decodeResult: success, version: HTTP/1.1)
HTTP/1.1 101 WebSocket Protocol Handshake
Upgrade: WebSocket
Connection: Upgrade
Sec-WebSocket-Accept: l+HGOTLLnhVNt/Th/bgVTplfi7g=

16:21:35.267 [AsyncHttpClient-1-1] DEBUG org.asynchttpclient.netty.channel.DefaultChannelPool - Entry count for : http://localhost:58688 : 1
16:21:35.268 [AsyncHttpClient-1-1] DEBUG org.asynchttpclient.netty.channel.DefaultChannelPool - Entry count for : http://localhost:53852 : 1
16:21:35.511 [main] DEBUG net.thucydides.core.reflection.ClassFinder - Could not load class .CucumberTestSuite
16:21:35.512 [main] DEBUG net.thucydides.core.reflection.ClassFinder - Could not load class .starter.pages.BabyPage
16:21:35.512 [main] DEBUG net.thucydides.core.reflection.ClassFinder - Could not load class .starter.stepdefinitions.BabyStep
16:21:35.512 [main] DEBUG net.thucydides.core.reflection.ClassFinder - Could not load class META-INF.versions.9.com.sun.istack.logging.StackHelper
16:21:35.513 [main] DEBUG net.thucydides.core.reflection.ClassFinder - Could not load class META-INF.versions.9.com.sun.xml.bind.v2.runtime.reflect.opt.AccessorInjector
16:21:35.513 [main] DEBUG net.thucydides.core.reflection.ClassFinder - Could not load class META-INF.versions.9.com.sun.xml.bind.v2.runtime.reflect.opt.Injector
16:21:35.513 [main] DEBUG net.thucydides.core.reflection.ClassFinder - Could not load class META-INF.versions.9.com.sun.xml.bind.v2.runtime.reflect.opt.OptimizedAccessorFactory
16:21:35.513 [main] DEBUG net.thucydides.core.reflection.ClassFinder - Could not load class META-INF.versions.9.com.sun.xml.bind.v2.runtime.reflect.opt.OptimizedTransducedAccessorFactory
16:21:35.514 [main] DEBUG net.thucydides.core.reflection.ClassFinder - Could not load class META-INF.versions.9.io.opentelemetry.sdk.internal.CurrentJavaVersionSpecific
16:21:35.514 [main] DEBUG net.thucydides.core.reflection.ClassFinder - Could not load class META-INF.versions.9.io.opentelemetry.sdk.internal.Java9VersionSpecific
16:21:35.514 [main] DEBUG net.thucydides.core.reflection.ClassFinder - Could not load class META-INF.versions.9.javax.xml.bind.ModuleUtil
16:21:35.515 [main] DEBUG net.thucydides.core.reflection.ClassFinder - Could not load class META-INF.versions.9.module-info
16:21:35.515 [main] DEBUG net.thucydides.core.reflection.ClassFinder - Could not load class META-INF.versions.9.org.junit.platform.commons.util.ModuleUtils
16:21:35.517 [main] DEBUG net.thucydides.core.reflection.ClassFinder - Could not load class com.google.gson.internal.
16:21:35.518 [main] DEBUG net.thucydides.core.reflection.ClassFinder - Could not load class com.sun.xml.bind.v2.runtime.output.FastInfosetStreamWriterOutput
16:21:35.521 [main] DEBUG net.thucydides.core.reflection.ClassFinder - Could not load class module-info
16:21:35.543 [Forwarding get on session bb70a6701ce92cf3e4d40095d3d749e7 to remote] DEBUG org.asynchttpclient.netty.request.NettyRequestSender - Using pooled Channel '[id: 0x9919bec8, L:/127.0.0.1:58686 - R:localhost/127.0.0.1:53852]' for 'POST' to 'http://localhost:53852/session/bb70a6701ce92cf3e4d40095d3d749e7/url'
16:21:35.543 [Forwarding get on session bb70a6701ce92cf3e4d40095d3d749e7 to remote] DEBUG org.asynchttpclient.netty.request.NettyRequestSender - Using open Channel [id: 0x9919bec8, L:/127.0.0.1:58686 - R:localhost/127.0.0.1:53852] for POST '/session/bb70a6701ce92cf3e4d40095d3d749e7/url'
16:21:36.384 [AsyncHttpClient-1-1] DEBUG org.asynchttpclient.netty.channel.DefaultChannelPool - Entry count for : http://localhost:58688 : 1
16:21:37.471 [AsyncHttpClient-1-1] DEBUG org.asynchttpclient.netty.channel.DefaultChannelPool - Entry count for : http://localhost:58688 : 1
16:21:38.567 [AsyncHttpClient-1-1] DEBUG org.asynchttpclient.netty.channel.DefaultChannelPool - Entry count for : http://localhost:58688 : 1
16:21:39.668 [AsyncHttpClient-1-1] DEBUG org.asynchttpclient.netty.channel.DefaultChannelPool - Entry count for : http://localhost:58688 : 1
16:21:40.765 [AsyncHttpClient-1-1] DEBUG org.asynchttpclient.netty.channel.DefaultChannelPool - Entry count for : http://localhost:58688 : 1
16:21:41.551 [AsyncHttpClient-1-2] DEBUG org.asynchttpclient.netty.handler.HttpHandler - 

Request DefaultHttpRequest(decodeResult: success, version: HTTP/1.1)
POST /session/bb70a6701ce92cf3e4d40095d3d749e7/url HTTP/1.1
User-Agent: selenium/4.1.2 (java windows)
Content-Length: 53
Content-Type: application/json; charset=utf-8
host: localhost:53852
accept: */*

Response DefaultHttpResponse(decodeResult: success, version: HTTP/1.1)
HTTP/1.1 200 OK
Content-Type: application/json; charset=utf-8
cache-control: no-cache
content-length: 14

16:21:41.551 [AsyncHttpClient-1-2] DEBUG org.asynchttpclient.netty.channel.ChannelManager - Adding key: http://localhost:53852 for channel [id: 0x9919bec8, L:/127.0.0.1:58686 - R:localhost/127.0.0.1:53852]
16:21:41.560 [Forwarding setTimeout on session bb70a6701ce92cf3e4d40095d3d749e7 to remote] DEBUG org.asynchttpclient.netty.request.NettyRequestSender - Using pooled Channel '[id: 0x9919bec8, L:/127.0.0.1:58686 - R:localhost/127.0.0.1:53852]' for 'POST' to 'http://localhost:53852/session/bb70a6701ce92cf3e4d40095d3d749e7/timeouts'
16:21:41.560 [Forwarding setTimeout on session bb70a6701ce92cf3e4d40095d3d749e7 to remote] DEBUG org.asynchttpclient.netty.request.NettyRequestSender - Using open Channel [id: 0x9919bec8, L:/127.0.0.1:58686 - R:localhost/127.0.0.1:53852] for POST '/session/bb70a6701ce92cf3e4d40095d3d749e7/timeouts'
16:21:41.562 [AsyncHttpClient-1-2] DEBUG org.asynchttpclient.netty.handler.HttpHandler - 

Request DefaultHttpRequest(decodeResult: success, version: HTTP/1.1)
POST /session/bb70a6701ce92cf3e4d40095d3d749e7/timeouts HTTP/1.1
User-Agent: selenium/4.1.2 (java windows)
Content-Length: 22
Content-Type: application/json; charset=utf-8
host: localhost:53852
accept: */*

Response DefaultHttpResponse(decodeResult: success, version: HTTP/1.1)
HTTP/1.1 200 OK
Content-Type: application/json; charset=utf-8
cache-control: no-cache
content-length: 14

16:21:41.562 [AsyncHttpClient-1-2] DEBUG org.asynchttpclient.netty.channel.ChannelManager - Adding key: http://localhost:53852 for channel [id: 0x9919bec8, L:/127.0.0.1:58686 - R:localhost/127.0.0.1:53852]
16:21:41.569 [Forwarding getCurrentUrl on session bb70a6701ce92cf3e4d40095d3d749e7 to remote] DEBUG org.asynchttpclient.netty.request.NettyRequestSender - Using pooled Channel '[id: 0x9919bec8, L:/127.0.0.1:58686 - R:localhost/127.0.0.1:53852]' for 'GET' to 'http://localhost:53852/session/bb70a6701ce92cf3e4d40095d3d749e7/url'
16:21:41.570 [Forwarding getCurrentUrl on session bb70a6701ce92cf3e4d40095d3d749e7 to remote] DEBUG org.asynchttpclient.netty.request.NettyRequestSender - Using open Channel [id: 0x9919bec8, L:/127.0.0.1:58686 - R:localhost/127.0.0.1:53852] for GET '/session/bb70a6701ce92cf3e4d40095d3d749e7/url'
16:21:41.575 [AsyncHttpClient-1-2] DEBUG org.asynchttpclient.netty.handler.HttpHandler - 

Request DefaultFullHttpRequest(decodeResult: success, version: HTTP/1.1, content: EmptyByteBufBE)
GET /session/bb70a6701ce92cf3e4d40095d3d749e7/url HTTP/1.1
User-Agent: selenium/4.1.2 (java windows)
Cache-Control: no-cache
Content-Type: application/json; charset=utf-8
host: localhost:53852
accept: */*

Response DefaultHttpResponse(decodeResult: success, version: HTTP/1.1)
HTTP/1.1 200 OK
Content-Type: application/json; charset=utf-8
cache-control: no-cache
content-length: 41

16:21:41.575 [AsyncHttpClient-1-2] DEBUG org.asynchttpclient.netty.channel.ChannelManager - Adding key: http://localhost:53852 for channel [id: 0x9919bec8, L:/127.0.0.1:58686 - R:localhost/127.0.0.1:53852]
  &amp#27;[32mGiven &amp#27;[0m&amp#27;[32mI am on the home page&amp#27;[0m     &amp#27;[90m# starter.stepdefinitions.BabyStep.iAmOnTheHomePage()&amp#27;[0m
16:21:41.596 [main] DEBUG net.serenitybdd.core.photography.Darkroom - Opening darkroom
16:21:41.596 [Darkroom Processing Line] DEBUG net.serenitybdd.core.photography.DarkroomProcessingLine - Darkroom processing line starting up
16:21:41.597 [Forwarding screenshot on session bb70a6701ce92cf3e4d40095d3d749e7 to remote] DEBUG org.asynchttpclient.netty.request.NettyRequestSender - Using pooled Channel '[id: 0x9919bec8, L:/127.0.0.1:58686 - R:localhost/127.0.0.1:53852]' for 'GET' to 'http://localhost:53852/session/bb70a6701ce92cf3e4d40095d3d749e7/screenshot'
16:21:41.597 [Forwarding screenshot on session bb70a6701ce92cf3e4d40095d3d749e7 to remote] DEBUG org.asynchttpclient.netty.request.NettyRequestSender - Using open Channel [id: 0x9919bec8, L:/127.0.0.1:58686 - R:localhost/127.0.0.1:53852] for GET '/session/bb70a6701ce92cf3e4d40095d3d749e7/screenshot'
16:21:41.866 [AsyncHttpClient-1-1] DEBUG org.asynchttpclient.netty.channel.DefaultChannelPool - Entry count for : http://localhost:58688 : 1
16:21:41.904 [AsyncHttpClient-1-2] DEBUG org.asynchttpclient.netty.handler.HttpHandler - 

Request DefaultFullHttpRequest(decodeResult: success, version: HTTP/1.1, content: EmptyByteBufBE)
GET /session/bb70a6701ce92cf3e4d40095d3d749e7/screenshot HTTP/1.1
User-Agent: selenium/4.1.2 (java windows)
Cache-Control: no-cache
Content-Type: application/json; charset=utf-8
host: localhost:53852
accept: */*

Response DefaultHttpResponse(decodeResult: success, version: HTTP/1.1)
HTTP/1.1 200 OK
Content-Type: application/json; charset=utf-8
cache-control: no-cache
content-length: 1022316

16:21:41.912 [AsyncHttpClient-1-2] DEBUG org.asynchttpclient.netty.channel.ChannelManager - Adding key: http://localhost:53852 for channel [id: 0x9919bec8, L:/127.0.0.1:58686 - R:localhost/127.0.0.1:53852]
16:21:42.000 [main] DEBUG net.serenitybdd.core.photography.Darkroom - Send negative for processing for target\site\serenity\b0ddf3608b8f51a6a3adc36e4acd901b7a2c5b7adc6fd42a924a7c7a6358c0ea.png
16:21:42.000 [Darkroom Processing Line] DEBUG net.serenitybdd.core.photography.DarkroomProcessingLine - Processing screenshot image in /var/screenshots/screenshot-18270820565762498508
16:21:42.000 [Darkroom Processing Line] DEBUG net.serenitybdd.core.photography.DarkroomProcessingLine - Saving screenshot to target\site\serenity\b0ddf3608b8f51a6a3adc36e4acd901b7a2c5b7adc6fd42a924a7c7a6358c0ea.png
16:21:42.019 [Forwarding findElement on session bb70a6701ce92cf3e4d40095d3d749e7 to remote] DEBUG org.asynchttpclient.netty.request.NettyRequestSender - Using pooled Channel '[id: 0x9919bec8, L:/127.0.0.1:58686 - R:localhost/127.0.0.1:53852]' for 'POST' to 'http://localhost:53852/session/bb70a6701ce92cf3e4d40095d3d749e7/element'
16:21:42.019 [Forwarding findElement on session bb70a6701ce92cf3e4d40095d3d749e7 to remote] DEBUG org.asynchttpclient.netty.request.NettyRequestSender - Using open Channel [id: 0x9919bec8, L:/127.0.0.1:58686 - R:localhost/127.0.0.1:53852] for POST '/session/bb70a6701ce92cf3e4d40095d3d749e7/element'
16:21:42.031 [AsyncHttpClient-1-2] DEBUG org.asynchttpclient.netty.handler.HttpHandler - 

Request DefaultHttpRequest(decodeResult: success, version: HTTP/1.1)
POST /session/bb70a6701ce92cf3e4d40095d3d749e7/element HTTP/1.1
User-Agent: selenium/4.1.2 (java windows)
Content-Length: 81
Content-Type: application/json; charset=utf-8
host: localhost:53852
accept: */*

Response DefaultHttpResponse(decodeResult: success, version: HTTP/1.1)
HTTP/1.1 200 OK
Content-Type: application/json; charset=utf-8
cache-control: no-cache
content-length: 88

16:21:42.032 [AsyncHttpClient-1-2] DEBUG org.asynchttpclient.netty.channel.ChannelManager - Adding key: http://localhost:53852 for channel [id: 0x9919bec8, L:/127.0.0.1:58686 - R:localhost/127.0.0.1:53852]
16:21:42.034 [Forwarding getElementTagName on session bb70a6701ce92cf3e4d40095d3d749e7 to remote] DEBUG org.asynchttpclient.netty.request.NettyRequestSender - Using pooled Channel '[id: 0x9919bec8, L:/127.0.0.1:58686 - R:localhost/127.0.0.1:53852]' for 'GET' to 'http://localhost:53852/session/bb70a6701ce92cf3e4d40095d3d749e7/element/d1081d73-fb4a-4040-bb2b-b6eaafb6257b/name'
16:21:42.034 [Forwarding getElementTagName on session bb70a6701ce92cf3e4d40095d3d749e7 to remote] DEBUG org.asynchttpclient.netty.request.NettyRequestSender - Using open Channel [id: 0x9919bec8, L:/127.0.0.1:58686 - R:localhost/127.0.0.1:53852] for GET '/session/bb70a6701ce92cf3e4d40095d3d749e7/element/d1081d73-fb4a-4040-bb2b-b6eaafb6257b/name'
16:21:42.038 [AsyncHttpClient-1-2] DEBUG org.asynchttpclient.netty.handler.HttpHandler - 

Request DefaultFullHttpRequest(decodeResult: success, version: HTTP/1.1, content: EmptyByteBufBE)
GET /session/bb70a6701ce92cf3e4d40095d3d749e7/element/d1081d73-fb4a-4040-bb2b-b6eaafb6257b/name HTTP/1.1
User-Agent: selenium/4.1.2 (java windows)
Cache-Control: no-cache
Content-Type: application/json; charset=utf-8
host: localhost:53852
accept: */*

Response DefaultHttpResponse(decodeResult: success, version: HTTP/1.1)
HTTP/1.1 200 OK
Content-Type: application/json; charset=utf-8
cache-control: no-cache
content-length: 16

16:21:42.039 [AsyncHttpClient-1-2] DEBUG org.asynchttpclient.netty.channel.ChannelManager - Adding key: http://localhost:53852 for channel [id: 0x9919bec8, L:/127.0.0.1:58686 - R:localhost/127.0.0.1:53852]
16:21:42.040 [Forwarding getElementTagName on session bb70a6701ce92cf3e4d40095d3d749e7 to remote] DEBUG org.asynchttpclient.netty.request.NettyRequestSender - Using pooled Channel '[id: 0x9919bec8, L:/127.0.0.1:58686 - R:localhost/127.0.0.1:53852]' for 'GET' to 'http://localhost:53852/session/bb70a6701ce92cf3e4d40095d3d749e7/element/d1081d73-fb4a-4040-bb2b-b6eaafb6257b/name'
16:21:42.040 [Forwarding getElementTagName on session bb70a6701ce92cf3e4d40095d3d749e7 to remote] DEBUG org.asynchttpclient.netty.request.NettyRequestSender - Using open Channel [id: 0x9919bec8, L:/127.0.0.1:58686 - R:localhost/127.0.0.1:53852] for GET '/session/bb70a6701ce92cf3e4d40095d3d749e7/element/d1081d73-fb4a-4040-bb2b-b6eaafb6257b/name'
16:21:42.044 [AsyncHttpClient-1-2] DEBUG org.asynchttpclient.netty.handler.HttpHandler - 

Request DefaultFullHttpRequest(decodeResult: success, version: HTTP/1.1, content: EmptyByteBufBE)
GET /session/bb70a6701ce92cf3e4d40095d3d749e7/element/d1081d73-fb4a-4040-bb2b-b6eaafb6257b/name HTTP/1.1
User-Agent: selenium/4.1.2 (java windows)
Cache-Control: no-cache
Content-Type: application/json; charset=utf-8
host: localhost:53852
accept: */*

Response DefaultHttpResponse(decodeResult: success, version: HTTP/1.1)
HTTP/1.1 200 OK
Content-Type: application/json; charset=utf-8
cache-control: no-cache
content-length: 16

16:21:42.044 [AsyncHttpClient-1-2] DEBUG org.asynchttpclient.netty.channel.ChannelManager - Adding key: http://localhost:53852 for channel [id: 0x9919bec8, L:/127.0.0.1:58686 - R:localhost/127.0.0.1:53852]
16:21:42.047 [Forwarding findElement on session bb70a6701ce92cf3e4d40095d3d749e7 to remote] DEBUG org.asynchttpclient.netty.request.NettyRequestSender - Using pooled Channel '[id: 0x9919bec8, L:/127.0.0.1:58686 - R:localhost/127.0.0.1:53852]' for 'POST' to 'http://localhost:53852/session/bb70a6701ce92cf3e4d40095d3d749e7/element'
16:21:42.047 [Forwarding findElement on session bb70a6701ce92cf3e4d40095d3d749e7 to remote] DEBUG org.asynchttpclient.netty.request.NettyRequestSender - Using open Channel [id: 0x9919bec8, L:/127.0.0.1:58686 - R:localhost/127.0.0.1:53852] for POST '/session/bb70a6701ce92cf3e4d40095d3d749e7/element'
16:21:42.054 [AsyncHttpClient-1-2] DEBUG org.asynchttpclient.netty.handler.HttpHandler - 

Request DefaultHttpRequest(decodeResult: success, version: HTTP/1.1)
POST /session/bb70a6701ce92cf3e4d40095d3d749e7/element HTTP/1.1
User-Agent: selenium/4.1.2 (java windows)
Content-Length: 81
Content-Type: application/json; charset=utf-8
host: localhost:53852
accept: */*

Response DefaultHttpResponse(decodeResult: success, version: HTTP/1.1)
HTTP/1.1 200 OK
Content-Type: application/json; charset=utf-8
cache-control: no-cache
content-length: 88

16:21:42.054 [AsyncHttpClient-1-2] DEBUG org.asynchttpclient.netty.channel.ChannelManager - Adding key: http://localhost:53852 for channel [id: 0x9919bec8, L:/127.0.0.1:58686 - R:localhost/127.0.0.1:53852]
16:21:42.056 [Forwarding clickElement on session bb70a6701ce92cf3e4d40095d3d749e7 to remote] DEBUG org.asynchttpclient.netty.request.NettyRequestSender - Using pooled Channel '[id: 0x9919bec8, L:/127.0.0.1:58686 - R:localhost/127.0.0.1:53852]' for 'POST' to 'http://localhost:53852/session/bb70a6701ce92cf3e4d40095d3d749e7/element/d1081d73-fb4a-4040-bb2b-b6eaafb6257b/click'
16:21:42.057 [Forwarding clickElement on session bb70a6701ce92cf3e4d40095d3d749e7 to remote] DEBUG org.asynchttpclient.netty.request.NettyRequestSender - Using open Channel [id: 0x9919bec8, L:/127.0.0.1:58686 - R:localhost/127.0.0.1:53852] for POST '/session/bb70a6701ce92cf3e4d40095d3d749e7/element/d1081d73-fb4a-4040-bb2b-b6eaafb6257b/click'
16:21:42.504 [AsyncHttpClient-1-2] DEBUG org.asynchttpclient.netty.handler.HttpHandler - 

Request DefaultHttpRequest(decodeResult: success, version: HTTP/1.1)
POST /session/bb70a6701ce92cf3e4d40095d3d749e7/element/d1081d73-fb4a-4040-bb2b-b6eaafb6257b/click HTTP/1.1
User-Agent: selenium/4.1.2 (java windows)
Content-Length: 50
Content-Type: application/json; charset=utf-8
host: localhost:53852
accept: */*

Response DefaultHttpResponse(decodeResult: success, version: HTTP/1.1)
HTTP/1.1 200 OK
Content-Type: application/json; charset=utf-8
cache-control: no-cache
content-length: 14

16:21:42.504 [AsyncHttpClient-1-2] DEBUG org.asynchttpclient.netty.channel.ChannelManager - Adding key: http://localhost:53852 for channel [id: 0x9919bec8, L:/127.0.0.1:58686 - R:localhost/127.0.0.1:53852]
  &amp#27;[32mThen &amp#27;[0m&amp#27;[32mI click baby on the header&amp#27;[0m &amp#27;[90m# starter.stepdefinitions.BabyStep.iClickBabyOnTheHeader()&amp#27;[0m
16:21:42.521 [Forwarding screenshot on session bb70a6701ce92cf3e4d40095d3d749e7 to remote] DEBUG org.asynchttpclient.netty.request.NettyRequestSender - Using pooled Channel '[id: 0x9919bec8, L:/127.0.0.1:58686 - R:localhost/127.0.0.1:53852]' for 'GET' to 'http://localhost:53852/session/bb70a6701ce92cf3e4d40095d3d749e7/screenshot'
16:21:42.522 [Forwarding screenshot on session bb70a6701ce92cf3e4d40095d3d749e7 to remote] DEBUG org.asynchttpclient.netty.request.NettyRequestSender - Using open Channel [id: 0x9919bec8, L:/127.0.0.1:58686 - R:localhost/127.0.0.1:53852] for GET '/session/bb70a6701ce92cf3e4d40095d3d749e7/screenshot'
16:21:42.969 [AsyncHttpClient-1-1] DEBUG org.asynchttpclient.netty.channel.DefaultChannelPool - Entry count for : http://localhost:58688 : 1
16:21:43.159 [AsyncHttpClient-1-2] DEBUG org.asynchttpclient.netty.handler.HttpHandler - 

Request DefaultFullHttpRequest(decodeResult: success, version: HTTP/1.1, content: EmptyByteBufBE)
GET /session/bb70a6701ce92cf3e4d40095d3d749e7/screenshot HTTP/1.1
User-Agent: selenium/4.1.2 (java windows)
Cache-Control: no-cache
Content-Type: application/json; charset=utf-8
host: localhost:53852
accept: */*

Response DefaultHttpResponse(decodeResult: success, version: HTTP/1.1)
HTTP/1.1 200 OK
Content-Type: application/json; charset=utf-8
cache-control: no-cache
content-length: 137764

16:21:43.161 [AsyncHttpClient-1-2] DEBUG org.asynchttpclient.netty.channel.ChannelManager - Adding key: http://localhost:53852 for channel [id: 0x9919bec8, L:/127.0.0.1:58686 - R:localhost/127.0.0.1:53852]
16:21:43.172 [main] DEBUG net.serenitybdd.core.photography.Darkroom - Send negative for processing for target\site\serenity\663e1b817fdc748d952db0f904ee40fd7d2dbb1eb17b3e493c97b31c9b7e147d.png
16:21:43.173 [Darkroom Processing Line] DEBUG net.serenitybdd.core.photography.DarkroomProcessingLine - Processing screenshot image in /var/screenshots/screenshot-9285638188068649521
16:21:43.173 [Darkroom Processing Line] DEBUG net.serenitybdd.core.photography.DarkroomProcessingLine - Saving screenshot to target\site\serenity\663e1b817fdc748d952db0f904ee40fd7d2dbb1eb17b3e493c97b31c9b7e147d.png
16:21:43.190 [Forwarding findElement on session bb70a6701ce92cf3e4d40095d3d749e7 to remote] DEBUG org.asynchttpclient.netty.request.NettyRequestSender - Using pooled Channel '[id: 0x9919bec8, L:/127.0.0.1:58686 - R:localhost/127.0.0.1:53852]' for 'POST' to 'http://localhost:53852/session/bb70a6701ce92cf3e4d40095d3d749e7/element'
16:21:43.190 [Forwarding findElement on session bb70a6701ce92cf3e4d40095d3d749e7 to remote] DEBUG org.asynchttpclient.netty.request.NettyRequestSender - Using open Channel [id: 0x9919bec8, L:/127.0.0.1:58686 - R:localhost/127.0.0.1:53852] for POST '/session/bb70a6701ce92cf3e4d40095d3d749e7/element'
16:21:43.214 [AsyncHttpClient-1-2] DEBUG org.asynchttpclient.netty.handler.HttpHandler - 

Request DefaultHttpRequest(decodeResult: success, version: HTTP/1.1)
POST /session/bb70a6701ce92cf3e4d40095d3d749e7/element HTTP/1.1
User-Agent: selenium/4.1.2 (java windows)
Content-Length: 81
Content-Type: application/json; charset=utf-8
host: localhost:53852
accept: */*

Response DefaultHttpResponse(decodeResult: success, version: HTTP/1.1)
HTTP/1.1 200 OK
Content-Type: application/json; charset=utf-8
cache-control: no-cache
content-length: 88

16:21:43.214 [AsyncHttpClient-1-2] DEBUG org.asynchttpclient.netty.channel.ChannelManager - Adding key: http://localhost:53852 for channel [id: 0x9919bec8, L:/127.0.0.1:58686 - R:localhost/127.0.0.1:53852]
16:21:43.222 [Forwarding isElementDisplayed on session bb70a6701ce92cf3e4d40095d3d749e7 to remote] DEBUG org.asynchttpclient.netty.request.NettyRequestSender - Using pooled Channel '[id: 0x9919bec8, L:/127.0.0.1:58686 - R:localhost/127.0.0.1:53852]' for 'POST' to 'http://localhost:53852/session/bb70a6701ce92cf3e4d40095d3d749e7/execute/sync'
16:21:43.223 [Forwarding isElementDisplayed on session bb70a6701ce92cf3e4d40095d3d749e7 to remote] DEBUG org.asynchttpclient.netty.request.NettyRequestSender - Using open Channel [id: 0x9919bec8, L:/127.0.0.1:58686 - R:localhost/127.0.0.1:53852] for POST '/session/bb70a6701ce92cf3e4d40095d3d749e7/execute/sync'
16:21:43.237 [AsyncHttpClient-1-2] DEBUG org.asynchttpclient.netty.handler.HttpHandler - 

Request DefaultHttpRequest(decodeResult: success, version: HTTP/1.1)
POST /session/bb70a6701ce92cf3e4d40095d3d749e7/execute/sync HTTP/1.1
User-Agent: selenium/4.1.2 (java windows)
Content-Length: 48780
Content-Type: application/json; charset=utf-8
host: localhost:53852
accept: */*

Response DefaultHttpResponse(decodeResult: success, version: HTTP/1.1)
HTTP/1.1 200 OK
Content-Type: application/json; charset=utf-8
cache-control: no-cache
content-length: 14

16:21:43.237 [AsyncHttpClient-1-2] DEBUG org.asynchttpclient.netty.channel.ChannelManager - Adding key: http://localhost:53852 for channel [id: 0x9919bec8, L:/127.0.0.1:58686 - R:localhost/127.0.0.1:53852]
  &amp#27;[32mWhen &amp#27;[0m&amp#27;[32mI will go to &amp#27;[0m&amp#27;[32m&amp#27;[1m"babyPage"&amp#27;[0m    &amp#27;[90m# starter.stepdefinitions.BabyStep.iWillGoTo(java.lang.String)&amp#27;[0m
16:21:43.242 [Forwarding screenshot on session bb70a6701ce92cf3e4d40095d3d749e7 to remote] DEBUG org.asynchttpclient.netty.request.NettyRequestSender - Using pooled Channel '[id: 0x9919bec8, L:/127.0.0.1:58686 - R:localhost/127.0.0.1:53852]' for 'GET' to 'http://localhost:53852/session/bb70a6701ce92cf3e4d40095d3d749e7/screenshot'
16:21:43.242 [Forwarding screenshot on session bb70a6701ce92cf3e4d40095d3d749e7 to remote] DEBUG org.asynchttpclient.netty.request.NettyRequestSender - Using open Channel [id: 0x9919bec8, L:/127.0.0.1:58686 - R:localhost/127.0.0.1:53852] for GET '/session/bb70a6701ce92cf3e4d40095d3d749e7/screenshot'
16:21:43.337 [AsyncHttpClient-1-2] DEBUG org.asynchttpclient.netty.handler.HttpHandler - 

Request DefaultFullHttpRequest(decodeResult: success, version: HTTP/1.1, content: EmptyByteBufBE)
GET /session/bb70a6701ce92cf3e4d40095d3d749e7/screenshot HTTP/1.1
User-Agent: selenium/4.1.2 (java windows)
Cache-Control: no-cache
Content-Type: application/json; charset=utf-8
host: localhost:53852
accept: */*

Response DefaultHttpResponse(decodeResult: success, version: HTTP/1.1)
HTTP/1.1 200 OK
Content-Type: application/json; charset=utf-8
cache-control: no-cache
content-length: 137776

16:21:43.338 [AsyncHttpClient-1-2] DEBUG org.asynchttpclient.netty.channel.ChannelManager - Adding key: http://localhost:53852 for channel [id: 0x9919bec8, L:/127.0.0.1:58686 - R:localhost/127.0.0.1:53852]
16:21:43.343 [main] DEBUG net.serenitybdd.core.photography.Darkroom - Send negative for processing for target\site\serenity\66be97047e6167e11dbe91b68e4a22e675d657e3f92a8c80afba8fee62bd5186.png
16:21:43.344 [Darkroom Processing Line] DEBUG net.serenitybdd.core.photography.DarkroomProcessingLine - Processing screenshot image in /var/screenshots/screenshot-2016240242162637212
16:21:43.344 [Darkroom Processing Line] DEBUG net.serenitybdd.core.photography.DarkroomProcessingLine - Saving screenshot to target\site\serenity\66be97047e6167e11dbe91b68e4a22e675d657e3f92a8c80afba8fee62bd5186.png
16:21:43.356 [Forwarding findElement on session bb70a6701ce92cf3e4d40095d3d749e7 to remote] DEBUG org.asynchttpclient.netty.request.NettyRequestSender - Using pooled Channel '[id: 0x9919bec8, L:/127.0.0.1:58686 - R:localhost/127.0.0.1:53852]' for 'POST' to 'http://localhost:53852/session/bb70a6701ce92cf3e4d40095d3d749e7/element'
16:21:43.356 [Forwarding findElement on session bb70a6701ce92cf3e4d40095d3d749e7 to remote] DEBUG org.asynchttpclient.netty.request.NettyRequestSender - Using open Channel [id: 0x9919bec8, L:/127.0.0.1:58686 - R:localhost/127.0.0.1:53852] for POST '/session/bb70a6701ce92cf3e4d40095d3d749e7/element'
16:21:43.370 [AsyncHttpClient-1-2] DEBUG org.asynchttpclient.netty.handler.HttpHandler - 

Request DefaultHttpRequest(decodeResult: success, version: HTTP/1.1)
POST /session/bb70a6701ce92cf3e4d40095d3d749e7/element HTTP/1.1
User-Agent: selenium/4.1.2 (java windows)
Content-Length: 81
Content-Type: application/json; charset=utf-8
host: localhost:53852
accept: */*

Response DefaultHttpResponse(decodeResult: success, version: HTTP/1.1)
HTTP/1.1 200 OK
Content-Type: application/json; charset=utf-8
cache-control: no-cache
content-length: 88

16:21:43.371 [AsyncHttpClient-1-2] DEBUG org.asynchttpclient.netty.channel.ChannelManager - Adding key: http://localhost:53852 for channel [id: 0x9919bec8, L:/127.0.0.1:58686 - R:localhost/127.0.0.1:53852]
16:21:43.377 [Forwarding isElementDisplayed on session bb70a6701ce92cf3e4d40095d3d749e7 to remote] DEBUG org.asynchttpclient.netty.request.NettyRequestSender - Using pooled Channel '[id: 0x9919bec8, L:/127.0.0.1:58686 - R:localhost/127.0.0.1:53852]' for 'POST' to 'http://localhost:53852/session/bb70a6701ce92cf3e4d40095d3d749e7/execute/sync'
16:21:43.377 [Forwarding isElementDisplayed on session bb70a6701ce92cf3e4d40095d3d749e7 to remote] DEBUG org.asynchttpclient.netty.request.NettyRequestSender - Using open Channel [id: 0x9919bec8, L:/127.0.0.1:58686 - R:localhost/127.0.0.1:53852] for POST '/session/bb70a6701ce92cf3e4d40095d3d749e7/execute/sync'
16:21:43.390 [AsyncHttpClient-1-2] DEBUG org.asynchttpclient.netty.handler.HttpHandler - 

Request DefaultHttpRequest(decodeResult: success, version: HTTP/1.1)
POST /session/bb70a6701ce92cf3e4d40095d3d749e7/execute/sync HTTP/1.1
User-Agent: selenium/4.1.2 (java windows)
Content-Length: 48780
Content-Type: application/json; charset=utf-8
host: localhost:53852
accept: */*

Response DefaultHttpResponse(decodeResult: success, version: HTTP/1.1)
HTTP/1.1 200 OK
Content-Type: application/json; charset=utf-8
cache-control: no-cache
content-length: 14

16:21:43.391 [AsyncHttpClient-1-2] DEBUG org.asynchttpclient.netty.channel.ChannelManager - Adding key: http://localhost:53852 for channel [id: 0x9919bec8, L:/127.0.0.1:58686 - R:localhost/127.0.0.1:53852]
  &amp#27;[32mAnd &amp#27;[0m&amp#27;[32mI &amp#27;[0m&amp#27;[32m&amp#27;[1m"bayi"&amp#27;[0m&amp#27;[32m page&amp#27;[0m               &amp#27;[90m# starter.stepdefinitions.BabyStep.iPage(java.lang.String)&amp#27;[0m
16:21:43.411 [Forwarding screenshot on session bb70a6701ce92cf3e4d40095d3d749e7 to remote] DEBUG org.asynchttpclient.netty.request.NettyRequestSender - Using pooled Channel '[id: 0x9919bec8, L:/127.0.0.1:58686 - R:localhost/127.0.0.1:53852]' for 'GET' to 'http://localhost:53852/session/bb70a6701ce92cf3e4d40095d3d749e7/screenshot'
16:21:43.411 [Forwarding screenshot on session bb70a6701ce92cf3e4d40095d3d749e7 to remote] DEBUG org.asynchttpclient.netty.request.NettyRequestSender - Using open Channel [id: 0x9919bec8, L:/127.0.0.1:58686 - R:localhost/127.0.0.1:53852] for GET '/session/bb70a6701ce92cf3e4d40095d3d749e7/screenshot'
16:21:43.523 [AsyncHttpClient-1-2] DEBUG org.asynchttpclient.netty.handler.HttpHandler - 

Request DefaultFullHttpRequest(decodeResult: success, version: HTTP/1.1, content: EmptyByteBufBE)
GET /session/bb70a6701ce92cf3e4d40095d3d749e7/screenshot HTTP/1.1
User-Agent: selenium/4.1.2 (java windows)
Cache-Control: no-cache
Content-Type: application/json; charset=utf-8
host: localhost:53852
accept: */*

Response DefaultHttpResponse(decodeResult: success, version: HTTP/1.1)
HTTP/1.1 200 OK
Content-Type: application/json; charset=utf-8
cache-control: no-cache
content-length: 137776

16:21:43.525 [AsyncHttpClient-1-2] DEBUG org.asynchttpclient.netty.channel.ChannelManager - Adding key: http://localhost:53852 for channel [id: 0x9919bec8, L:/127.0.0.1:58686 - R:localhost/127.0.0.1:53852]
16:21:43.532 [main] DEBUG net.serenitybdd.core.photography.Darkroom - Send negative for processing for target\site\serenity\66be97047e6167e11dbe91b68e4a22e675d657e3f92a8c80afba8fee62bd5186.png
16:21:43.703 [Driver Command Executor] DEBUG org.asynchttpclient.netty.request.NettyRequestSender - Using pooled Channel '[id: 0x9919bec8, L:/127.0.0.1:58686 - R:localhost/127.0.0.1:53852]' for 'DELETE' to 'http://localhost:53852/session/bb70a6701ce92cf3e4d40095d3d749e7'
16:21:43.704 [Driver Command Executor] DEBUG org.asynchttpclient.netty.request.NettyRequestSender - Using open Channel [id: 0x9919bec8, L:/127.0.0.1:58686 - R:localhost/127.0.0.1:53852] for DELETE '/session/bb70a6701ce92cf3e4d40095d3d749e7'
16:21:43.738 [AsyncHttpClient-1-3] DEBUG org.asynchttpclient.netty.handler.HttpHandler - Unexpected I/O exception on channel [id: 0x5827da8a, L:/127.0.0.1:58695 - R:localhost/127.0.0.1:58688]
java.net.SocketException: Connection reset
	at java.base/sun.nio.ch.SocketChannelImpl.throwConnectionReset(SocketChannelImpl.java:345)
	at java.base/sun.nio.ch.SocketChannelImpl.read(SocketChannelImpl.java:376)
	at io.netty.buffer.PooledByteBuf.setBytes(PooledByteBuf.java:258)
	at io.netty.buffer.AbstractByteBuf.writeBytes(AbstractByteBuf.java:1132)
	at io.netty.channel.socket.nio.NioSocketChannel.doReadBytes(NioSocketChannel.java:350)
	at io.netty.channel.nio.AbstractNioByteChannel$NioByteUnsafe.read(AbstractNioByteChannel.java:151)
	at io.netty.channel.nio.NioEventLoop.processSelectedKey(NioEventLoop.java:722)
	at io.netty.channel.nio.NioEventLoop.processSelectedKeysOptimized(NioEventLoop.java:658)
	at io.netty.channel.nio.NioEventLoop.processSelectedKeys(NioEventLoop.java:584)
	at io.netty.channel.nio.NioEventLoop.run(NioEventLoop.java:496)
	at io.netty.util.concurrent.SingleThreadEventExecutor$4.run(SingleThreadEventExecutor.java:986)
	at io.netty.util.internal.ThreadExecutorMap$2.run(ThreadExecutorMap.java:74)
	at io.netty.util.concurrent.FastThreadLocalRunnable.run(FastThreadLocalRunnable.java:30)
	at java.base/java.lang.Thread.run(Thread.java:830)
16:21:43.738 [AsyncHttpClient-1-3] DEBUG org.asynchttpclient.netty.channel.ChannelManager - Closing Channel [id: 0x5827da8a, L:/127.0.0.1:58695 - R:localhost/127.0.0.1:58688] 
16:21:43.738 [AsyncHttpClient-1-4] DEBUG org.asynchttpclient.netty.handler.WebSocketHandler - Unexpected I/O exception on channel [id: 0x7b733127, L:/127.0.0.1:58696 - R:localhost/127.0.0.1:58688]
java.net.SocketException: Connection reset
	at java.base/sun.nio.ch.SocketChannelImpl.throwConnectionReset(SocketChannelImpl.java:345)
	at java.base/sun.nio.ch.SocketChannelImpl.read(SocketChannelImpl.java:376)
	at io.netty.buffer.PooledByteBuf.setBytes(PooledByteBuf.java:258)
	at io.netty.buffer.AbstractByteBuf.writeBytes(AbstractByteBuf.java:1132)
	at io.netty.channel.socket.nio.NioSocketChannel.doReadBytes(NioSocketChannel.java:350)
	at io.netty.channel.nio.AbstractNioByteChannel$NioByteUnsafe.read(AbstractNioByteChannel.java:151)
	at io.netty.channel.nio.NioEventLoop.processSelectedKey(NioEventLoop.java:722)
	at io.netty.channel.nio.NioEventLoop.processSelectedKeysOptimized(NioEventLoop.java:658)
	at io.netty.channel.nio.NioEventLoop.processSelectedKeys(NioEventLoop.java:584)
	at io.netty.channel.nio.NioEventLoop.run(NioEventLoop.java:496)
	at io.netty.util.concurrent.SingleThreadEventExecutor$4.run(SingleThreadEventExecutor.java:986)
	at io.netty.util.internal.ThreadExecutorMap$2.run(ThreadExecutorMap.java:74)
	at io.netty.util.concurrent.FastThreadLocalRunnable.run(FastThreadLocalRunnable.java:30)
	at java.base/java.lang.Thread.run(Thread.java:830)
16:21:43.740 [AsyncHttpClient-1-4] DEBUG org.asynchttpclient.netty.handler.WebSocketHandler - Was unable to recover Future: NettyResponseFuture{currentRetry=5,
	isDone=1,
	isCancelled=0,
	asyncHandler=org.asynchttpclient.ws.WebSocketUpgradeHandler@2a5ba086,
	nettyRequest=org.asynchttpclient.netty.request.NettyRequest@617da185,
	future=java.util.concurrent.CompletableFuture@3fbd5633[Completed normally],
	uri=ws://localhost:58688/devtools/browser/edbe96ab-aabe-45ee-b89f-f19295627785,
	keepAlive=true,
	redirectCount=0,
	timeoutsHolder=null,
	inAuth=0,
	touch=1680859303739}
16:21:43.740 [AsyncHttpClient-1-4] DEBUG org.asynchttpclient.netty.channel.ChannelManager - Closing Channel [id: 0x7b733127, L:/127.0.0.1:58696 - R:localhost/127.0.0.1:58688] 
16:21:43.740 [AsyncHttpClient-1-4] WARN org.asynchttpclient.netty.handler.WebSocketHandler - onError
java.net.SocketException: Connection reset
	at java.base/sun.nio.ch.SocketChannelImpl.throwConnectionReset(SocketChannelImpl.java:345)
	at java.base/sun.nio.ch.SocketChannelImpl.read(SocketChannelImpl.java:376)
	at io.netty.buffer.PooledByteBuf.setBytes(PooledByteBuf.java:258)
	at io.netty.buffer.AbstractByteBuf.writeBytes(AbstractByteBuf.java:1132)
	at io.netty.channel.socket.nio.NioSocketChannel.doReadBytes(NioSocketChannel.java:350)
	at io.netty.channel.nio.AbstractNioByteChannel$NioByteUnsafe.read(AbstractNioByteChannel.java:151)
	at io.netty.channel.nio.NioEventLoop.processSelectedKey(NioEventLoop.java:722)
	at io.netty.channel.nio.NioEventLoop.processSelectedKeysOptimized(NioEventLoop.java:658)
	at io.netty.channel.nio.NioEventLoop.processSelectedKeys(NioEventLoop.java:584)
	at io.netty.channel.nio.NioEventLoop.run(NioEventLoop.java:496)
	at io.netty.util.concurrent.SingleThreadEventExecutor$4.run(SingleThreadEventExecutor.java:986)
	at io.netty.util.internal.ThreadExecutorMap$2.run(ThreadExecutorMap.java:74)
	at io.netty.util.concurrent.FastThreadLocalRunnable.run(FastThreadLocalRunnable.java:30)
	at java.base/java.lang.Thread.run(Thread.java:830)
16:21:43.741 [AsyncHttpClient-1-3] DEBUG org.asynchttpclient.netty.handler.HttpHandler - Channel Closed: [id: 0x5827da8a, L:/127.0.0.1:58695 ! R:localhost/127.0.0.1:58688] with attribute DISCARD
16:21:43.744 [AsyncHttpClient-1-4] DEBUG org.asynchttpclient.netty.channel.ChannelManager - Closing Channel [id: 0x7b733127, L:/127.0.0.1:58696 ! R:localhost/127.0.0.1:58688] 
16:21:43.745 [AsyncHttpClient-1-4] DEBUG org.asynchttpclient.netty.handler.WebSocketHandler - Channel Closed: [id: 0x7b733127, L:/127.0.0.1:58696 ! R:localhost/127.0.0.1:58688] with attribute DISCARD
16:21:43.769 [AsyncHttpClient-1-2] DEBUG org.asynchttpclient.netty.handler.HttpHandler - 

Request DefaultFullHttpRequest(decodeResult: success, version: HTTP/1.1, content: EmptyByteBufBE)
DELETE /session/bb70a6701ce92cf3e4d40095d3d749e7 HTTP/1.1
User-Agent: selenium/4.1.2 (java windows)
Content-Type: application/json; charset=utf-8
host: localhost:53852
accept: */*

Response DefaultHttpResponse(decodeResult: success, version: HTTP/1.1)
HTTP/1.1 200 OK
Content-Type: application/json; charset=utf-8
cache-control: no-cache
content-length: 14

16:21:43.770 [AsyncHttpClient-1-2] DEBUG org.asynchttpclient.netty.channel.ChannelManager - Adding key: http://localhost:53852 for channel [id: 0x9919bec8, L:/127.0.0.1:58686 - R:localhost/127.0.0.1:53852]
16:21:43.876 [AsyncHttpClient-1-2] DEBUG org.asynchttpclient.netty.handler.HttpHandler - Channel Closed: [id: 0x9919bec8, L:/127.0.0.1:58686 ! R:localhost/127.0.0.1:53852] with attribute DISCARD
16:21:44.066 [AsyncHttpClient-1-1] DEBUG org.asynchttpclient.netty.channel.DefaultChannelPool - Entry count for : http://localhost:58688 : 1
16:21:44.066 [AsyncHttpClient-1-1] DEBUG org.asynchttpclient.netty.channel.DefaultChannelPool - Entry count for : http://localhost:53852 : 1
16:21:44.066 [AsyncHttpClient-1-1] DEBUG org.asynchttpclient.netty.channel.DefaultChannelPool - Adding Candidate expired Channel [id: 0x5827da8a, L:/127.0.0.1:58695 ! R:localhost/127.0.0.1:58688] isIdleTimeoutExpired=false isRemotelyClosed=true isTtlExpired=false
16:21:44.066 [AsyncHttpClient-1-1] DEBUG org.asynchttpclient.netty.channel.DefaultChannelPool - Closing Idle Channel [id: 0x5827da8a, L:/127.0.0.1:58695 ! R:localhost/127.0.0.1:58688]
16:21:44.067 [AsyncHttpClient-1-1] DEBUG org.asynchttpclient.netty.channel.DefaultChannelPool - Adding Candidate expired Channel [id: 0x9919bec8, L:/127.0.0.1:58686 ! R:localhost/127.0.0.1:53852] isIdleTimeoutExpired=false isRemotelyClosed=true isTtlExpired=false
16:21:44.067 [AsyncHttpClient-1-1] DEBUG org.asynchttpclient.netty.channel.DefaultChannelPool - Closing Idle Channel [id: 0x9919bec8, L:/127.0.0.1:58686 ! R:localhost/127.0.0.1:53852]
16:21:44.067 [AsyncHttpClient-1-1] DEBUG org.asynchttpclient.netty.channel.DefaultChannelPool - Closed 2 connections out of 2 in 1 ms
16:21:44.482 [main] INFO  - 
  _____   ___   ___   _____     ___     _     ___   ___   ___   ___  
 |_   _| | __| / __| |_   _|   | _ \   /_\   / __| / __| | __| |   \ 
   | |   | _|  \__ \   | |     |  _/  / _ \  \__ \ \__ \ | _|  | |) |
   |_|   |___| |___/   |_|     |_|   /_/ \_\ |___/ |___/ |___| |___/ 

Fitur Menu Baby
----------------------------------------------------------------------
]]></system-out>
    <system-err><![CDATA[Starting Microsoft Edge WebDriver 111.0.1661.62 (0a8f453929e6410c973aa529a40485ce4e3e03db) on port 53852
To submit feedback, report a bug, or suggest new features, please visit https://github.com/MicrosoftEdge/EdgeWebDriver

Only local connections are allowed.
Please see https://aka.ms/WebDriverSecurity for suggestions on keeping Microsoft Edge WebDriver safe.

Microsoft Edge WebDriver was started successfully.
Apr 07, 2023 4:21:34 PM org.openqa.selenium.remote.ProtocolHandshake createSession
INFO: Detected dialect: W3C
Apr 07, 2023 4:21:34 PM org.openqa.selenium.devtools.CdpVersionFinder findNearestMatch
WARNING: Unable to find an exact match for CDP version 111, so returning the closest version found: a no-op implementation
Apr 07, 2023 4:21:34 PM org.openqa.selenium.devtools.CdpVersionFinder findNearestMatch
INFO: Unable to find CDP implementation matching 111.
Apr 07, 2023 4:21:34 PM org.openqa.selenium.chromium.ChromiumDriver lambda$new$3
WARNING: Unable to find version of CDP to use for . You may need to include a dependency on a specific version of the CDP using something similar to `org.seleniumhq.selenium:selenium-devtools-v86:4.1.2` where the version ("v86") matches the version of the chromium-based browser you're using and the version number of the artifact is the same as Selenium's.
Apr 07, 2023 4:21:43 PM org.openqa.selenium.remote.http.WebSocket$Listener onError
WARNING: Connection reset
java.net.SocketException: Connection reset
	at java.base/sun.nio.ch.SocketChannelImpl.throwConnectionReset(SocketChannelImpl.java:345)
	at java.base/sun.nio.ch.SocketChannelImpl.read(SocketChannelImpl.java:376)
	at io.netty.buffer.PooledByteBuf.setBytes(PooledByteBuf.java:258)
	at io.netty.buffer.AbstractByteBuf.writeBytes(AbstractByteBuf.java:1132)
	at io.netty.channel.socket.nio.NioSocketChannel.doReadBytes(NioSocketChannel.java:350)
	at io.netty.channel.nio.AbstractNioByteChannel$NioByteUnsafe.read(AbstractNioByteChannel.java:151)
	at io.netty.channel.nio.NioEventLoop.processSelectedKey(NioEventLoop.java:722)
	at io.netty.channel.nio.NioEventLoop.processSelectedKeysOptimized(NioEventLoop.java:658)
	at io.netty.channel.nio.NioEventLoop.processSelectedKeys(NioEventLoop.java:584)
	at io.netty.channel.nio.NioEventLoop.run(NioEventLoop.java:496)
	at io.netty.util.concurrent.SingleThreadEventExecutor$4.run(SingleThreadEventExecutor.java:986)
	at io.netty.util.internal.ThreadExecutorMap$2.run(ThreadExecutorMap.java:74)
	at io.netty.util.concurrent.FastThreadLocalRunnable.run(FastThreadLocalRunnable.java:30)
	at java.base/java.lang.Thread.run(Thread.java:830)

]]></system-err>
  </testcase>
  <testcase name="Fitur Menu Baby #2" classname="Baby" time="10.255">
    <system-out><![CDATA[
Scenario Outline: Fitur Menu Baby     &amp#27;[90m# src/test/resources/features/Baby.feature:14&amp#27;[0m
16:21:44.501 [main] INFO io.cucumber.core.plugin.SerenityReporter - Running feature from file:///C:/Users/alwi/IdeaProjects/uniqloweb/src/test/resources/features/Baby.feature
16:21:44.634 [main] DEBUG io.github.bonigarcia.wdm.cache.ResolutionCache - Resolution edge=111 in cache (valid until 17:21:26 07/04/2023 WIB)
16:21:44.639 [main] DEBUG io.github.bonigarcia.wdm.cache.ResolutionCache - Resolution edge111=111.0.1661.62 in cache (valid until 15:02:35 08/04/2023 WIB)
16:21:44.641 [main] INFO io.github.bonigarcia.wdm.WebDriverManager - Using msedgedriver 111.0.1661.62 (resolved driver for Edge 111)
16:21:44.655 [main] DEBUG io.github.bonigarcia.wdm.WebDriverManager - Driver msedgedriver 111.0.1661.62 found in cache
16:21:44.656 [main] INFO io.github.bonigarcia.wdm.WebDriverManager - Exporting webdriver.edge.driver as C:\Users\alwi\.cache\selenium\msedgedriver\win64\111.0.1661.62\msedgedriver.exe
16:21:44.658 [main] DEBUG net.serenitybdd.core.webdriver.driverproviders.ProvideNewDriver - Instantiating driver
16:21:44.658 [main] DEBUG net.serenitybdd.core.webdriver.driverproviders.ProvideNewDriver - Driver capabilities: Capabilities {base.url: https://www.uniqlo.com, chrome.driver: src/test/resources/webdrive..., driver: edge, ms:edgeChromium: true, ms:edgeOptions: {}, wait.for.timeout: 6000}
16:21:45.205 [AsyncHttpClient-1-5] DEBUG org.asynchttpclient.netty.channel.NettyConnectListener - Using new Channel '[id: 0xd1d6f7e1, L:/127.0.0.1:58824 - R:localhost/127.0.0.1:62237]' for 'POST' to '/session'
16:21:45.793 [AsyncHttpClient-1-5] DEBUG org.asynchttpclient.netty.handler.HttpHandler - 

Request DefaultHttpRequest(decodeResult: success, version: HTTP/1.1)
POST /session HTTP/1.1
User-Agent: selenium/4.1.2 (java windows)
Content-Length: 627
Content-Type: application/json; charset=utf-8
host: localhost:62237
accept: */*

Response DefaultHttpResponse(decodeResult: success, version: HTTP/1.1)
HTTP/1.1 200 OK
Content-Type: application/json; charset=utf-8
cache-control: no-cache
content-length: 823

16:21:45.793 [AsyncHttpClient-1-5] DEBUG org.asynchttpclient.netty.channel.ChannelManager - Adding key: http://localhost:62237 for channel [id: 0xd1d6f7e1, L:/127.0.0.1:58824 - R:localhost/127.0.0.1:62237]
16:21:45.803 [AsyncHttpClient-1-6] DEBUG org.asynchttpclient.netty.channel.NettyConnectListener - Using new Channel '[id: 0xff3ba4f6, L:/127.0.0.1:58830 - R:localhost/127.0.0.1:58825]' for 'GET' to '/json/version'
16:21:45.807 [AsyncHttpClient-1-6] DEBUG org.asynchttpclient.netty.handler.HttpHandler - 

Request DefaultFullHttpRequest(decodeResult: success, version: HTTP/1.1, content: EmptyByteBufBE)
GET /json/version HTTP/1.1
User-Agent: selenium/4.1.2 (java windows)
host: localhost:58825
accept: */*

Response DefaultHttpResponse(decodeResult: success, version: HTTP/1.1)
HTTP/1.1 200 OK
Content-Security-Policy: frame-ancestors 'none'
Content-Type: application/json; charset=UTF-8
content-length: 436

16:21:45.807 [AsyncHttpClient-1-6] DEBUG org.asynchttpclient.netty.channel.ChannelManager - Adding key: http://localhost:58825 for channel [id: 0xff3ba4f6, L:/127.0.0.1:58830 - R:localhost/127.0.0.1:58825]
16:21:45.811 [AsyncHttpClient-1-7] DEBUG org.asynchttpclient.netty.channel.NettyConnectListener - Using new Channel '[id: 0x2f170a10, L:/127.0.0.1:58831 - R:localhost/127.0.0.1:58825]' for 'GET' to '/devtools/browser/28788f6b-c753-4b98-8790-ee4adc38d991'
16:21:45.816 [AsyncHttpClient-1-7] DEBUG org.asynchttpclient.netty.handler.WebSocketHandler - 

Request DefaultFullHttpRequest(decodeResult: success, version: HTTP/1.1, content: EmptyByteBufBE)
GET /devtools/browser/28788f6b-c753-4b98-8790-ee4adc38d991 HTTP/1.1
upgrade: websocket
connection: upgrade
sec-websocket-key: NbTahRUEAyigjhCLKxuKjA==
sec-websocket-version: 13
origin: http://localhost:58825
host: localhost:58825
accept: */*
user-agent: AHC/2.1

Response DefaultHttpResponse(decodeResult: success, version: HTTP/1.1)
HTTP/1.1 101 WebSocket Protocol Handshake
Upgrade: WebSocket
Connection: Upgrade
Sec-WebSocket-Accept: fbADnvYZRlKuGxO5KiOAvpwOPJE=

16:21:45.822 [Forwarding get on session f3a0741f416e7080b31e51cb7c0eb093 to remote] DEBUG org.asynchttpclient.netty.request.NettyRequestSender - Using pooled Channel '[id: 0xd1d6f7e1, L:/127.0.0.1:58824 - R:localhost/127.0.0.1:62237]' for 'POST' to 'http://localhost:62237/session/f3a0741f416e7080b31e51cb7c0eb093/url'
16:21:45.822 [Forwarding get on session f3a0741f416e7080b31e51cb7c0eb093 to remote] DEBUG org.asynchttpclient.netty.request.NettyRequestSender - Using open Channel [id: 0xd1d6f7e1, L:/127.0.0.1:58824 - R:localhost/127.0.0.1:62237] for POST '/session/f3a0741f416e7080b31e51cb7c0eb093/url'
16:21:46.274 [AsyncHttpClient-1-1] DEBUG org.asynchttpclient.netty.channel.DefaultChannelPool - Entry count for : http://localhost:58825 : 1
16:21:47.368 [AsyncHttpClient-1-1] DEBUG org.asynchttpclient.netty.channel.DefaultChannelPool - Entry count for : http://localhost:58825 : 1
16:21:48.468 [AsyncHttpClient-1-1] DEBUG org.asynchttpclient.netty.channel.DefaultChannelPool - Entry count for : http://localhost:58825 : 1
16:21:49.565 [AsyncHttpClient-1-1] DEBUG org.asynchttpclient.netty.channel.DefaultChannelPool - Entry count for : http://localhost:58825 : 1
16:21:50.665 [AsyncHttpClient-1-1] DEBUG org.asynchttpclient.netty.channel.DefaultChannelPool - Entry count for : http://localhost:58825 : 1
16:21:51.418 [AsyncHttpClient-1-5] DEBUG org.asynchttpclient.netty.handler.HttpHandler - 

Request DefaultHttpRequest(decodeResult: success, version: HTTP/1.1)
POST /session/f3a0741f416e7080b31e51cb7c0eb093/url HTTP/1.1
User-Agent: selenium/4.1.2 (java windows)
Content-Length: 53
Content-Type: application/json; charset=utf-8
host: localhost:62237
accept: */*

Response DefaultHttpResponse(decodeResult: success, version: HTTP/1.1)
HTTP/1.1 200 OK
Content-Type: application/json; charset=utf-8
cache-control: no-cache
content-length: 14

16:21:51.419 [AsyncHttpClient-1-5] DEBUG org.asynchttpclient.netty.channel.ChannelManager - Adding key: http://localhost:62237 for channel [id: 0xd1d6f7e1, L:/127.0.0.1:58824 - R:localhost/127.0.0.1:62237]
16:21:51.421 [Forwarding setTimeout on session f3a0741f416e7080b31e51cb7c0eb093 to remote] DEBUG org.asynchttpclient.netty.request.NettyRequestSender - Using pooled Channel '[id: 0xd1d6f7e1, L:/127.0.0.1:58824 - R:localhost/127.0.0.1:62237]' for 'POST' to 'http://localhost:62237/session/f3a0741f416e7080b31e51cb7c0eb093/timeouts'
16:21:51.421 [Forwarding setTimeout on session f3a0741f416e7080b31e51cb7c0eb093 to remote] DEBUG org.asynchttpclient.netty.request.NettyRequestSender - Using open Channel [id: 0xd1d6f7e1, L:/127.0.0.1:58824 - R:localhost/127.0.0.1:62237] for POST '/session/f3a0741f416e7080b31e51cb7c0eb093/timeouts'
16:21:51.423 [AsyncHttpClient-1-5] DEBUG org.asynchttpclient.netty.handler.HttpHandler - 

Request DefaultHttpRequest(decodeResult: success, version: HTTP/1.1)
POST /session/f3a0741f416e7080b31e51cb7c0eb093/timeouts HTTP/1.1
User-Agent: selenium/4.1.2 (java windows)
Content-Length: 22
Content-Type: application/json; charset=utf-8
host: localhost:62237
accept: */*

Response DefaultHttpResponse(decodeResult: success, version: HTTP/1.1)
HTTP/1.1 200 OK
Content-Type: application/json; charset=utf-8
cache-control: no-cache
content-length: 14

16:21:51.423 [AsyncHttpClient-1-5] DEBUG org.asynchttpclient.netty.channel.ChannelManager - Adding key: http://localhost:62237 for channel [id: 0xd1d6f7e1, L:/127.0.0.1:58824 - R:localhost/127.0.0.1:62237]
16:21:51.428 [Forwarding getCurrentUrl on session f3a0741f416e7080b31e51cb7c0eb093 to remote] DEBUG org.asynchttpclient.netty.request.NettyRequestSender - Using pooled Channel '[id: 0xd1d6f7e1, L:/127.0.0.1:58824 - R:localhost/127.0.0.1:62237]' for 'GET' to 'http://localhost:62237/session/f3a0741f416e7080b31e51cb7c0eb093/url'
16:21:51.428 [Forwarding getCurrentUrl on session f3a0741f416e7080b31e51cb7c0eb093 to remote] DEBUG org.asynchttpclient.netty.request.NettyRequestSender - Using open Channel [id: 0xd1d6f7e1, L:/127.0.0.1:58824 - R:localhost/127.0.0.1:62237] for GET '/session/f3a0741f416e7080b31e51cb7c0eb093/url'
16:21:51.432 [AsyncHttpClient-1-5] DEBUG org.asynchttpclient.netty.handler.HttpHandler - 

Request DefaultFullHttpRequest(decodeResult: success, version: HTTP/1.1, content: EmptyByteBufBE)
GET /session/f3a0741f416e7080b31e51cb7c0eb093/url HTTP/1.1
User-Agent: selenium/4.1.2 (java windows)
Cache-Control: no-cache
Content-Type: application/json; charset=utf-8
host: localhost:62237
accept: */*

Response DefaultHttpResponse(decodeResult: success, version: HTTP/1.1)
HTTP/1.1 200 OK
Content-Type: application/json; charset=utf-8
cache-control: no-cache
content-length: 41

16:21:51.432 [AsyncHttpClient-1-5] DEBUG org.asynchttpclient.netty.channel.ChannelManager - Adding key: http://localhost:62237 for channel [id: 0xd1d6f7e1, L:/127.0.0.1:58824 - R:localhost/127.0.0.1:62237]
  &amp#27;[32mGiven &amp#27;[0m&amp#27;[32mI am on the home page&amp#27;[0m         &amp#27;[90m# starter.stepdefinitions.BabyStep.iAmOnTheHomePage()&amp#27;[0m
16:21:51.438 [Forwarding screenshot on session f3a0741f416e7080b31e51cb7c0eb093 to remote] DEBUG org.asynchttpclient.netty.request.NettyRequestSender - Using pooled Channel '[id: 0xd1d6f7e1, L:/127.0.0.1:58824 - R:localhost/127.0.0.1:62237]' for 'GET' to 'http://localhost:62237/session/f3a0741f416e7080b31e51cb7c0eb093/screenshot'
16:21:51.439 [Forwarding screenshot on session f3a0741f416e7080b31e51cb7c0eb093 to remote] DEBUG org.asynchttpclient.netty.request.NettyRequestSender - Using open Channel [id: 0xd1d6f7e1, L:/127.0.0.1:58824 - R:localhost/127.0.0.1:62237] for GET '/session/f3a0741f416e7080b31e51cb7c0eb093/screenshot'
16:21:51.751 [AsyncHttpClient-1-5] DEBUG org.asynchttpclient.netty.handler.HttpHandler - 

Request DefaultFullHttpRequest(decodeResult: success, version: HTTP/1.1, content: EmptyByteBufBE)
GET /session/f3a0741f416e7080b31e51cb7c0eb093/screenshot HTTP/1.1
User-Agent: selenium/4.1.2 (java windows)
Cache-Control: no-cache
Content-Type: application/json; charset=utf-8
host: localhost:62237
accept: */*

Response DefaultHttpResponse(decodeResult: success, version: HTTP/1.1)
HTTP/1.1 200 OK
Content-Type: application/json; charset=utf-8
cache-control: no-cache
content-length: 1022316

16:21:51.755 [AsyncHttpClient-1-5] DEBUG org.asynchttpclient.netty.channel.ChannelManager - Adding key: http://localhost:62237 for channel [id: 0xd1d6f7e1, L:/127.0.0.1:58824 - R:localhost/127.0.0.1:62237]
16:21:51.776 [AsyncHttpClient-1-1] DEBUG org.asynchttpclient.netty.channel.DefaultChannelPool - Entry count for : http://localhost:58825 : 1
16:21:51.777 [AsyncHttpClient-1-1] DEBUG org.asynchttpclient.netty.channel.DefaultChannelPool - Entry count for : http://localhost:62237 : 1
16:21:51.808 [main] DEBUG net.serenitybdd.core.photography.Darkroom - Send negative for processing for target\site\serenity\b0ddf3608b8f51a6a3adc36e4acd901b7a2c5b7adc6fd42a924a7c7a6358c0ea.png
16:21:51.826 [Forwarding findElement on session f3a0741f416e7080b31e51cb7c0eb093 to remote] DEBUG org.asynchttpclient.netty.request.NettyRequestSender - Using pooled Channel '[id: 0xd1d6f7e1, L:/127.0.0.1:58824 - R:localhost/127.0.0.1:62237]' for 'POST' to 'http://localhost:62237/session/f3a0741f416e7080b31e51cb7c0eb093/element'
16:21:51.826 [Forwarding findElement on session f3a0741f416e7080b31e51cb7c0eb093 to remote] DEBUG org.asynchttpclient.netty.request.NettyRequestSender - Using open Channel [id: 0xd1d6f7e1, L:/127.0.0.1:58824 - R:localhost/127.0.0.1:62237] for POST '/session/f3a0741f416e7080b31e51cb7c0eb093/element'
16:21:51.838 [AsyncHttpClient-1-5] DEBUG org.asynchttpclient.netty.handler.HttpHandler - 

Request DefaultHttpRequest(decodeResult: success, version: HTTP/1.1)
POST /session/f3a0741f416e7080b31e51cb7c0eb093/element HTTP/1.1
User-Agent: selenium/4.1.2 (java windows)
Content-Length: 81
Content-Type: application/json; charset=utf-8
host: localhost:62237
accept: */*

Response DefaultHttpResponse(decodeResult: success, version: HTTP/1.1)
HTTP/1.1 200 OK
Content-Type: application/json; charset=utf-8
cache-control: no-cache
content-length: 88

16:21:51.838 [AsyncHttpClient-1-5] DEBUG org.asynchttpclient.netty.channel.ChannelManager - Adding key: http://localhost:62237 for channel [id: 0xd1d6f7e1, L:/127.0.0.1:58824 - R:localhost/127.0.0.1:62237]
16:21:51.840 [Forwarding getElementTagName on session f3a0741f416e7080b31e51cb7c0eb093 to remote] DEBUG org.asynchttpclient.netty.request.NettyRequestSender - Using pooled Channel '[id: 0xd1d6f7e1, L:/127.0.0.1:58824 - R:localhost/127.0.0.1:62237]' for 'GET' to 'http://localhost:62237/session/f3a0741f416e7080b31e51cb7c0eb093/element/0edfca00-7dee-45ce-85f6-12067c4f919a/name'
16:21:51.840 [Forwarding getElementTagName on session f3a0741f416e7080b31e51cb7c0eb093 to remote] DEBUG org.asynchttpclient.netty.request.NettyRequestSender - Using open Channel [id: 0xd1d6f7e1, L:/127.0.0.1:58824 - R:localhost/127.0.0.1:62237] for GET '/session/f3a0741f416e7080b31e51cb7c0eb093/element/0edfca00-7dee-45ce-85f6-12067c4f919a/name'
16:21:51.844 [AsyncHttpClient-1-5] DEBUG org.asynchttpclient.netty.handler.HttpHandler - 

Request DefaultFullHttpRequest(decodeResult: success, version: HTTP/1.1, content: EmptyByteBufBE)
GET /session/f3a0741f416e7080b31e51cb7c0eb093/element/0edfca00-7dee-45ce-85f6-12067c4f919a/name HTTP/1.1
User-Agent: selenium/4.1.2 (java windows)
Cache-Control: no-cache
Content-Type: application/json; charset=utf-8
host: localhost:62237
accept: */*

Response DefaultHttpResponse(decodeResult: success, version: HTTP/1.1)
HTTP/1.1 200 OK
Content-Type: application/json; charset=utf-8
cache-control: no-cache
content-length: 16

16:21:51.844 [AsyncHttpClient-1-5] DEBUG org.asynchttpclient.netty.channel.ChannelManager - Adding key: http://localhost:62237 for channel [id: 0xd1d6f7e1, L:/127.0.0.1:58824 - R:localhost/127.0.0.1:62237]
16:21:51.845 [Forwarding getElementTagName on session f3a0741f416e7080b31e51cb7c0eb093 to remote] DEBUG org.asynchttpclient.netty.request.NettyRequestSender - Using pooled Channel '[id: 0xd1d6f7e1, L:/127.0.0.1:58824 - R:localhost/127.0.0.1:62237]' for 'GET' to 'http://localhost:62237/session/f3a0741f416e7080b31e51cb7c0eb093/element/0edfca00-7dee-45ce-85f6-12067c4f919a/name'
16:21:51.845 [Forwarding getElementTagName on session f3a0741f416e7080b31e51cb7c0eb093 to remote] DEBUG org.asynchttpclient.netty.request.NettyRequestSender - Using open Channel [id: 0xd1d6f7e1, L:/127.0.0.1:58824 - R:localhost/127.0.0.1:62237] for GET '/session/f3a0741f416e7080b31e51cb7c0eb093/element/0edfca00-7dee-45ce-85f6-12067c4f919a/name'
16:21:51.848 [AsyncHttpClient-1-5] DEBUG org.asynchttpclient.netty.handler.HttpHandler - 

Request DefaultFullHttpRequest(decodeResult: success, version: HTTP/1.1, content: EmptyByteBufBE)
GET /session/f3a0741f416e7080b31e51cb7c0eb093/element/0edfca00-7dee-45ce-85f6-12067c4f919a/name HTTP/1.1
User-Agent: selenium/4.1.2 (java windows)
Cache-Control: no-cache
Content-Type: application/json; charset=utf-8
host: localhost:62237
accept: */*

Response DefaultHttpResponse(decodeResult: success, version: HTTP/1.1)
HTTP/1.1 200 OK
Content-Type: application/json; charset=utf-8
cache-control: no-cache
content-length: 16

16:21:51.848 [AsyncHttpClient-1-5] DEBUG org.asynchttpclient.netty.channel.ChannelManager - Adding key: http://localhost:62237 for channel [id: 0xd1d6f7e1, L:/127.0.0.1:58824 - R:localhost/127.0.0.1:62237]
16:21:51.850 [Forwarding findElement on session f3a0741f416e7080b31e51cb7c0eb093 to remote] DEBUG org.asynchttpclient.netty.request.NettyRequestSender - Using pooled Channel '[id: 0xd1d6f7e1, L:/127.0.0.1:58824 - R:localhost/127.0.0.1:62237]' for 'POST' to 'http://localhost:62237/session/f3a0741f416e7080b31e51cb7c0eb093/element'
16:21:51.850 [Forwarding findElement on session f3a0741f416e7080b31e51cb7c0eb093 to remote] DEBUG org.asynchttpclient.netty.request.NettyRequestSender - Using open Channel [id: 0xd1d6f7e1, L:/127.0.0.1:58824 - R:localhost/127.0.0.1:62237] for POST '/session/f3a0741f416e7080b31e51cb7c0eb093/element'
16:21:51.857 [AsyncHttpClient-1-5] DEBUG org.asynchttpclient.netty.handler.HttpHandler - 

Request DefaultHttpRequest(decodeResult: success, version: HTTP/1.1)
POST /session/f3a0741f416e7080b31e51cb7c0eb093/element HTTP/1.1
User-Agent: selenium/4.1.2 (java windows)
Content-Length: 81
Content-Type: application/json; charset=utf-8
host: localhost:62237
accept: */*

Response DefaultHttpResponse(decodeResult: success, version: HTTP/1.1)
HTTP/1.1 200 OK
Content-Type: application/json; charset=utf-8
cache-control: no-cache
content-length: 88

16:21:51.857 [AsyncHttpClient-1-5] DEBUG org.asynchttpclient.netty.channel.ChannelManager - Adding key: http://localhost:62237 for channel [id: 0xd1d6f7e1, L:/127.0.0.1:58824 - R:localhost/127.0.0.1:62237]
16:21:51.859 [Forwarding clickElement on session f3a0741f416e7080b31e51cb7c0eb093 to remote] DEBUG org.asynchttpclient.netty.request.NettyRequestSender - Using pooled Channel '[id: 0xd1d6f7e1, L:/127.0.0.1:58824 - R:localhost/127.0.0.1:62237]' for 'POST' to 'http://localhost:62237/session/f3a0741f416e7080b31e51cb7c0eb093/element/0edfca00-7dee-45ce-85f6-12067c4f919a/click'
16:21:51.859 [Forwarding clickElement on session f3a0741f416e7080b31e51cb7c0eb093 to remote] DEBUG org.asynchttpclient.netty.request.NettyRequestSender - Using open Channel [id: 0xd1d6f7e1, L:/127.0.0.1:58824 - R:localhost/127.0.0.1:62237] for POST '/session/f3a0741f416e7080b31e51cb7c0eb093/element/0edfca00-7dee-45ce-85f6-12067c4f919a/click'
16:21:52.271 [AsyncHttpClient-1-5] DEBUG org.asynchttpclient.netty.handler.HttpHandler - 

Request DefaultHttpRequest(decodeResult: success, version: HTTP/1.1)
POST /session/f3a0741f416e7080b31e51cb7c0eb093/element/0edfca00-7dee-45ce-85f6-12067c4f919a/click HTTP/1.1
User-Agent: selenium/4.1.2 (java windows)
Content-Length: 50
Content-Type: application/json; charset=utf-8
host: localhost:62237
accept: */*

Response DefaultHttpResponse(decodeResult: success, version: HTTP/1.1)
HTTP/1.1 200 OK
Content-Type: application/json; charset=utf-8
cache-control: no-cache
content-length: 14

16:21:52.271 [AsyncHttpClient-1-5] DEBUG org.asynchttpclient.netty.channel.ChannelManager - Adding key: http://localhost:62237 for channel [id: 0xd1d6f7e1, L:/127.0.0.1:58824 - R:localhost/127.0.0.1:62237]
  &amp#27;[32mThen &amp#27;[0m&amp#27;[32mI click baby on the header&amp#27;[0m     &amp#27;[90m# starter.stepdefinitions.BabyStep.iClickBabyOnTheHeader()&amp#27;[0m
16:21:52.283 [Forwarding screenshot on session f3a0741f416e7080b31e51cb7c0eb093 to remote] DEBUG org.asynchttpclient.netty.request.NettyRequestSender - Using pooled Channel '[id: 0xd1d6f7e1, L:/127.0.0.1:58824 - R:localhost/127.0.0.1:62237]' for 'GET' to 'http://localhost:62237/session/f3a0741f416e7080b31e51cb7c0eb093/screenshot'
16:21:52.283 [Forwarding screenshot on session f3a0741f416e7080b31e51cb7c0eb093 to remote] DEBUG org.asynchttpclient.netty.request.NettyRequestSender - Using open Channel [id: 0xd1d6f7e1, L:/127.0.0.1:58824 - R:localhost/127.0.0.1:62237] for GET '/session/f3a0741f416e7080b31e51cb7c0eb093/screenshot'
16:21:52.652 [AsyncHttpClient-1-5] DEBUG org.asynchttpclient.netty.handler.HttpHandler - 

Request DefaultFullHttpRequest(decodeResult: success, version: HTTP/1.1, content: EmptyByteBufBE)
GET /session/f3a0741f416e7080b31e51cb7c0eb093/screenshot HTTP/1.1
User-Agent: selenium/4.1.2 (java windows)
Cache-Control: no-cache
Content-Type: application/json; charset=utf-8
host: localhost:62237
accept: */*

Response DefaultHttpResponse(decodeResult: success, version: HTTP/1.1)
HTTP/1.1 200 OK
Content-Type: application/json; charset=utf-8
cache-control: no-cache
content-length: 61816

16:21:52.652 [AsyncHttpClient-1-5] DEBUG org.asynchttpclient.netty.channel.ChannelManager - Adding key: http://localhost:62237 for channel [id: 0xd1d6f7e1, L:/127.0.0.1:58824 - R:localhost/127.0.0.1:62237]
16:21:52.655 [main] DEBUG net.serenitybdd.core.photography.Darkroom - Send negative for processing for target\site\serenity\5b31d5e614668d2bcda9561786ada5ef763160918f6c9d1435da003ab94fed82.png
16:21:52.656 [Darkroom Processing Line] DEBUG net.serenitybdd.core.photography.DarkroomProcessingLine - Processing screenshot image in /var/screenshots/screenshot-11316699595084261775
16:21:52.656 [Darkroom Processing Line] DEBUG net.serenitybdd.core.photography.DarkroomProcessingLine - Saving screenshot to target\site\serenity\5b31d5e614668d2bcda9561786ada5ef763160918f6c9d1435da003ab94fed82.png
16:21:52.667 [Forwarding findElement on session f3a0741f416e7080b31e51cb7c0eb093 to remote] DEBUG org.asynchttpclient.netty.request.NettyRequestSender - Using pooled Channel '[id: 0xd1d6f7e1, L:/127.0.0.1:58824 - R:localhost/127.0.0.1:62237]' for 'POST' to 'http://localhost:62237/session/f3a0741f416e7080b31e51cb7c0eb093/element'
16:21:52.667 [Forwarding findElement on session f3a0741f416e7080b31e51cb7c0eb093 to remote] DEBUG org.asynchttpclient.netty.request.NettyRequestSender - Using open Channel [id: 0xd1d6f7e1, L:/127.0.0.1:58824 - R:localhost/127.0.0.1:62237] for POST '/session/f3a0741f416e7080b31e51cb7c0eb093/element'
16:21:52.866 [AsyncHttpClient-1-1] DEBUG org.asynchttpclient.netty.channel.DefaultChannelPool - Entry count for : http://localhost:58825 : 1
16:21:52.982 [AsyncHttpClient-1-5] DEBUG org.asynchttpclient.netty.handler.HttpHandler - 

Request DefaultHttpRequest(decodeResult: success, version: HTTP/1.1)
POST /session/f3a0741f416e7080b31e51cb7c0eb093/element HTTP/1.1
User-Agent: selenium/4.1.2 (java windows)
Content-Length: 108
Content-Type: application/json; charset=utf-8
host: localhost:62237
accept: */*

Response DefaultHttpResponse(decodeResult: success, version: HTTP/1.1)
HTTP/1.1 200 OK
Content-Type: application/json; charset=utf-8
cache-control: no-cache
content-length: 88

16:21:52.983 [AsyncHttpClient-1-5] DEBUG org.asynchttpclient.netty.channel.ChannelManager - Adding key: http://localhost:62237 for channel [id: 0xd1d6f7e1, L:/127.0.0.1:58824 - R:localhost/127.0.0.1:62237]
16:21:52.985 [Forwarding getElementTagName on session f3a0741f416e7080b31e51cb7c0eb093 to remote] DEBUG org.asynchttpclient.netty.request.NettyRequestSender - Using pooled Channel '[id: 0xd1d6f7e1, L:/127.0.0.1:58824 - R:localhost/127.0.0.1:62237]' for 'GET' to 'http://localhost:62237/session/f3a0741f416e7080b31e51cb7c0eb093/element/e266b715-f2bb-45b8-bed4-a8d8cf9a1412/name'
16:21:52.985 [Forwarding getElementTagName on session f3a0741f416e7080b31e51cb7c0eb093 to remote] DEBUG org.asynchttpclient.netty.request.NettyRequestSender - Using open Channel [id: 0xd1d6f7e1, L:/127.0.0.1:58824 - R:localhost/127.0.0.1:62237] for GET '/session/f3a0741f416e7080b31e51cb7c0eb093/element/e266b715-f2bb-45b8-bed4-a8d8cf9a1412/name'
16:21:53.063 [AsyncHttpClient-1-5] DEBUG org.asynchttpclient.netty.handler.HttpHandler - 

Request DefaultFullHttpRequest(decodeResult: success, version: HTTP/1.1, content: EmptyByteBufBE)
GET /session/f3a0741f416e7080b31e51cb7c0eb093/element/e266b715-f2bb-45b8-bed4-a8d8cf9a1412/name HTTP/1.1
User-Agent: selenium/4.1.2 (java windows)
Cache-Control: no-cache
Content-Type: application/json; charset=utf-8
host: localhost:62237
accept: */*

Response DefaultHttpResponse(decodeResult: success, version: HTTP/1.1)
HTTP/1.1 200 OK
Content-Type: application/json; charset=utf-8
cache-control: no-cache
content-length: 16

16:21:53.064 [AsyncHttpClient-1-5] DEBUG org.asynchttpclient.netty.channel.ChannelManager - Adding key: http://localhost:62237 for channel [id: 0xd1d6f7e1, L:/127.0.0.1:58824 - R:localhost/127.0.0.1:62237]
16:21:53.067 [Forwarding getElementTagName on session f3a0741f416e7080b31e51cb7c0eb093 to remote] DEBUG org.asynchttpclient.netty.request.NettyRequestSender - Using pooled Channel '[id: 0xd1d6f7e1, L:/127.0.0.1:58824 - R:localhost/127.0.0.1:62237]' for 'GET' to 'http://localhost:62237/session/f3a0741f416e7080b31e51cb7c0eb093/element/e266b715-f2bb-45b8-bed4-a8d8cf9a1412/name'
16:21:53.067 [Forwarding getElementTagName on session f3a0741f416e7080b31e51cb7c0eb093 to remote] DEBUG org.asynchttpclient.netty.request.NettyRequestSender - Using open Channel [id: 0xd1d6f7e1, L:/127.0.0.1:58824 - R:localhost/127.0.0.1:62237] for GET '/session/f3a0741f416e7080b31e51cb7c0eb093/element/e266b715-f2bb-45b8-bed4-a8d8cf9a1412/name'
16:21:53.101 [AsyncHttpClient-1-5] DEBUG org.asynchttpclient.netty.handler.HttpHandler - 

Request DefaultFullHttpRequest(decodeResult: success, version: HTTP/1.1, content: EmptyByteBufBE)
GET /session/f3a0741f416e7080b31e51cb7c0eb093/element/e266b715-f2bb-45b8-bed4-a8d8cf9a1412/name HTTP/1.1
User-Agent: selenium/4.1.2 (java windows)
Cache-Control: no-cache
Content-Type: application/json; charset=utf-8
host: localhost:62237
accept: */*

Response DefaultHttpResponse(decodeResult: success, version: HTTP/1.1)
HTTP/1.1 200 OK
Content-Type: application/json; charset=utf-8
cache-control: no-cache
content-length: 16

16:21:53.101 [AsyncHttpClient-1-5] DEBUG org.asynchttpclient.netty.channel.ChannelManager - Adding key: http://localhost:62237 for channel [id: 0xd1d6f7e1, L:/127.0.0.1:58824 - R:localhost/127.0.0.1:62237]
16:21:53.103 [Forwarding findElement on session f3a0741f416e7080b31e51cb7c0eb093 to remote] DEBUG org.asynchttpclient.netty.request.NettyRequestSender - Using pooled Channel '[id: 0xd1d6f7e1, L:/127.0.0.1:58824 - R:localhost/127.0.0.1:62237]' for 'POST' to 'http://localhost:62237/session/f3a0741f416e7080b31e51cb7c0eb093/element'
16:21:53.103 [Forwarding findElement on session f3a0741f416e7080b31e51cb7c0eb093 to remote] DEBUG org.asynchttpclient.netty.request.NettyRequestSender - Using open Channel [id: 0xd1d6f7e1, L:/127.0.0.1:58824 - R:localhost/127.0.0.1:62237] for POST '/session/f3a0741f416e7080b31e51cb7c0eb093/element'
16:21:53.121 [AsyncHttpClient-1-5] DEBUG org.asynchttpclient.netty.handler.HttpHandler - 

Request DefaultHttpRequest(decodeResult: success, version: HTTP/1.1)
POST /session/f3a0741f416e7080b31e51cb7c0eb093/element HTTP/1.1
User-Agent: selenium/4.1.2 (java windows)
Content-Length: 108
Content-Type: application/json; charset=utf-8
host: localhost:62237
accept: */*

Response DefaultHttpResponse(decodeResult: success, version: HTTP/1.1)
HTTP/1.1 200 OK
Content-Type: application/json; charset=utf-8
cache-control: no-cache
content-length: 88

16:21:53.122 [AsyncHttpClient-1-5] DEBUG org.asynchttpclient.netty.channel.ChannelManager - Adding key: http://localhost:62237 for channel [id: 0xd1d6f7e1, L:/127.0.0.1:58824 - R:localhost/127.0.0.1:62237]
16:21:53.124 [Forwarding clickElement on session f3a0741f416e7080b31e51cb7c0eb093 to remote] DEBUG org.asynchttpclient.netty.request.NettyRequestSender - Using pooled Channel '[id: 0xd1d6f7e1, L:/127.0.0.1:58824 - R:localhost/127.0.0.1:62237]' for 'POST' to 'http://localhost:62237/session/f3a0741f416e7080b31e51cb7c0eb093/element/e266b715-f2bb-45b8-bed4-a8d8cf9a1412/click'
16:21:53.125 [Forwarding clickElement on session f3a0741f416e7080b31e51cb7c0eb093 to remote] DEBUG org.asynchttpclient.netty.request.NettyRequestSender - Using open Channel [id: 0xd1d6f7e1, L:/127.0.0.1:58824 - R:localhost/127.0.0.1:62237] for POST '/session/f3a0741f416e7080b31e51cb7c0eb093/element/e266b715-f2bb-45b8-bed4-a8d8cf9a1412/click'
16:21:53.332 [AsyncHttpClient-1-5] DEBUG org.asynchttpclient.netty.handler.HttpHandler - 

Request DefaultHttpRequest(decodeResult: success, version: HTTP/1.1)
POST /session/f3a0741f416e7080b31e51cb7c0eb093/element/e266b715-f2bb-45b8-bed4-a8d8cf9a1412/click HTTP/1.1
User-Agent: selenium/4.1.2 (java windows)
Content-Length: 50
Content-Type: application/json; charset=utf-8
host: localhost:62237
accept: */*

Response DefaultHttpResponse(decodeResult: success, version: HTTP/1.1)
HTTP/1.1 200 OK
Content-Type: application/json; charset=utf-8
cache-control: no-cache
content-length: 14

16:21:53.332 [AsyncHttpClient-1-5] DEBUG org.asynchttpclient.netty.channel.ChannelManager - Adding key: http://localhost:62237 for channel [id: 0xd1d6f7e1, L:/127.0.0.1:58824 - R:localhost/127.0.0.1:62237]
  &amp#27;[32mWhen &amp#27;[0m&amp#27;[32mI will go to &amp#27;[0m&amp#27;[32m&amp#27;[1m"pakaianNewborn1"&amp#27;[0m &amp#27;[90m# starter.stepdefinitions.BabyStep.iWillGoTo(java.lang.String)&amp#27;[0m
16:21:53.339 [Forwarding screenshot on session f3a0741f416e7080b31e51cb7c0eb093 to remote] DEBUG org.asynchttpclient.netty.request.NettyRequestSender - Using pooled Channel '[id: 0xd1d6f7e1, L:/127.0.0.1:58824 - R:localhost/127.0.0.1:62237]' for 'GET' to 'http://localhost:62237/session/f3a0741f416e7080b31e51cb7c0eb093/screenshot'
16:21:53.339 [Forwarding screenshot on session f3a0741f416e7080b31e51cb7c0eb093 to remote] DEBUG org.asynchttpclient.netty.request.NettyRequestSender - Using open Channel [id: 0xd1d6f7e1, L:/127.0.0.1:58824 - R:localhost/127.0.0.1:62237] for GET '/session/f3a0741f416e7080b31e51cb7c0eb093/screenshot'
16:21:53.656 [AsyncHttpClient-1-5] DEBUG org.asynchttpclient.netty.handler.HttpHandler - 

Request DefaultFullHttpRequest(decodeResult: success, version: HTTP/1.1, content: EmptyByteBufBE)
GET /session/f3a0741f416e7080b31e51cb7c0eb093/screenshot HTTP/1.1
User-Agent: selenium/4.1.2 (java windows)
Cache-Control: no-cache
Content-Type: application/json; charset=utf-8
host: localhost:62237
accept: */*

Response DefaultHttpResponse(decodeResult: success, version: HTTP/1.1)
HTTP/1.1 200 OK
Content-Type: application/json; charset=utf-8
cache-control: no-cache
content-length: 513848

16:21:53.659 [AsyncHttpClient-1-5] DEBUG org.asynchttpclient.netty.channel.ChannelManager - Adding key: http://localhost:62237 for channel [id: 0xd1d6f7e1, L:/127.0.0.1:58824 - R:localhost/127.0.0.1:62237]
16:21:53.685 [main] DEBUG net.serenitybdd.core.photography.Darkroom - Send negative for processing for target\site\serenity\e4f2d9f5483bc2a5db537d54e508572b51cd06ffd2f731a16ec7276289dd2508.png
16:21:53.686 [Darkroom Processing Line] DEBUG net.serenitybdd.core.photography.DarkroomProcessingLine - Processing screenshot image in /var/screenshots/screenshot-8219945988681899743
16:21:53.686 [Darkroom Processing Line] DEBUG net.serenitybdd.core.photography.DarkroomProcessingLine - Saving screenshot to target\site\serenity\e4f2d9f5483bc2a5db537d54e508572b51cd06ffd2f731a16ec7276289dd2508.png
16:21:53.699 [Forwarding findElement on session f3a0741f416e7080b31e51cb7c0eb093 to remote] DEBUG org.asynchttpclient.netty.request.NettyRequestSender - Using pooled Channel '[id: 0xd1d6f7e1, L:/127.0.0.1:58824 - R:localhost/127.0.0.1:62237]' for 'POST' to 'http://localhost:62237/session/f3a0741f416e7080b31e51cb7c0eb093/element'
16:21:53.699 [Forwarding findElement on session f3a0741f416e7080b31e51cb7c0eb093 to remote] DEBUG org.asynchttpclient.netty.request.NettyRequestSender - Using open Channel [id: 0xd1d6f7e1, L:/127.0.0.1:58824 - R:localhost/127.0.0.1:62237] for POST '/session/f3a0741f416e7080b31e51cb7c0eb093/element'
16:21:53.713 [AsyncHttpClient-1-5] DEBUG org.asynchttpclient.netty.handler.HttpHandler - 

Request DefaultHttpRequest(decodeResult: success, version: HTTP/1.1)
POST /session/f3a0741f416e7080b31e51cb7c0eb093/element HTTP/1.1
User-Agent: selenium/4.1.2 (java windows)
Content-Length: 97
Content-Type: application/json; charset=utf-8
host: localhost:62237
accept: */*

Response DefaultHttpResponse(decodeResult: success, version: HTTP/1.1)
HTTP/1.1 200 OK
Content-Type: application/json; charset=utf-8
cache-control: no-cache
content-length: 88

16:21:53.714 [AsyncHttpClient-1-5] DEBUG org.asynchttpclient.netty.channel.ChannelManager - Adding key: http://localhost:62237 for channel [id: 0xd1d6f7e1, L:/127.0.0.1:58824 - R:localhost/127.0.0.1:62237]
16:21:53.717 [Forwarding isElementDisplayed on session f3a0741f416e7080b31e51cb7c0eb093 to remote] DEBUG org.asynchttpclient.netty.request.NettyRequestSender - Using pooled Channel '[id: 0xd1d6f7e1, L:/127.0.0.1:58824 - R:localhost/127.0.0.1:62237]' for 'POST' to 'http://localhost:62237/session/f3a0741f416e7080b31e51cb7c0eb093/execute/sync'
16:21:53.718 [Forwarding isElementDisplayed on session f3a0741f416e7080b31e51cb7c0eb093 to remote] DEBUG org.asynchttpclient.netty.request.NettyRequestSender - Using open Channel [id: 0xd1d6f7e1, L:/127.0.0.1:58824 - R:localhost/127.0.0.1:62237] for POST '/session/f3a0741f416e7080b31e51cb7c0eb093/execute/sync'
16:21:53.731 [AsyncHttpClient-1-5] DEBUG org.asynchttpclient.netty.handler.HttpHandler - 

Request DefaultHttpRequest(decodeResult: success, version: HTTP/1.1)
POST /session/f3a0741f416e7080b31e51cb7c0eb093/execute/sync HTTP/1.1
User-Agent: selenium/4.1.2 (java windows)
Content-Length: 48780
Content-Type: application/json; charset=utf-8
host: localhost:62237
accept: */*

Response DefaultHttpResponse(decodeResult: success, version: HTTP/1.1)
HTTP/1.1 200 OK
Content-Type: application/json; charset=utf-8
cache-control: no-cache
content-length: 14

16:21:53.731 [AsyncHttpClient-1-5] DEBUG org.asynchttpclient.netty.channel.ChannelManager - Adding key: http://localhost:62237 for channel [id: 0xd1d6f7e1, L:/127.0.0.1:58824 - R:localhost/127.0.0.1:62237]
  &amp#27;[32mAnd &amp#27;[0m&amp#27;[32mI &amp#27;[0m&amp#27;[32m&amp#27;[1m"txtPN1"&amp#27;[0m&amp#27;[32m page&amp#27;[0m                 &amp#27;[90m# starter.stepdefinitions.BabyStep.iPage(java.lang.String)&amp#27;[0m
16:21:53.736 [Forwarding screenshot on session f3a0741f416e7080b31e51cb7c0eb093 to remote] DEBUG org.asynchttpclient.netty.request.NettyRequestSender - Using pooled Channel '[id: 0xd1d6f7e1, L:/127.0.0.1:58824 - R:localhost/127.0.0.1:62237]' for 'GET' to 'http://localhost:62237/session/f3a0741f416e7080b31e51cb7c0eb093/screenshot'
16:21:53.736 [Forwarding screenshot on session f3a0741f416e7080b31e51cb7c0eb093 to remote] DEBUG org.asynchttpclient.netty.request.NettyRequestSender - Using open Channel [id: 0xd1d6f7e1, L:/127.0.0.1:58824 - R:localhost/127.0.0.1:62237] for GET '/session/f3a0741f416e7080b31e51cb7c0eb093/screenshot'
16:21:53.882 [AsyncHttpClient-1-5] DEBUG org.asynchttpclient.netty.handler.HttpHandler - 

Request DefaultFullHttpRequest(decodeResult: success, version: HTTP/1.1, content: EmptyByteBufBE)
GET /session/f3a0741f416e7080b31e51cb7c0eb093/screenshot HTTP/1.1
User-Agent: selenium/4.1.2 (java windows)
Cache-Control: no-cache
Content-Type: application/json; charset=utf-8
host: localhost:62237
accept: */*

Response DefaultHttpResponse(decodeResult: success, version: HTTP/1.1)
HTTP/1.1 200 OK
Content-Type: application/json; charset=utf-8
cache-control: no-cache
content-length: 257324

16:21:53.884 [AsyncHttpClient-1-5] DEBUG org.asynchttpclient.netty.channel.ChannelManager - Adding key: http://localhost:62237 for channel [id: 0xd1d6f7e1, L:/127.0.0.1:58824 - R:localhost/127.0.0.1:62237]
16:21:53.891 [main] DEBUG net.serenitybdd.core.photography.Darkroom - Send negative for processing for target\site\serenity\a6274b4bab453b8be92cd168c62b45d20104d8d1f3c78cf4e350c518c67bf48e.png
16:21:53.891 [Darkroom Processing Line] DEBUG net.serenitybdd.core.photography.DarkroomProcessingLine - Processing screenshot image in /var/screenshots/screenshot-10599000207614585388
16:21:53.892 [Darkroom Processing Line] DEBUG net.serenitybdd.core.photography.DarkroomProcessingLine - Saving screenshot to target\site\serenity\a6274b4bab453b8be92cd168c62b45d20104d8d1f3c78cf4e350c518c67bf48e.png
16:21:53.898 [AsyncHttpClient-1-7] DEBUG org.asynchttpclient.netty.handler.WebSocketHandler - Channel Closed: [id: 0x2f170a10, L:/127.0.0.1:58831 ! R:localhost/127.0.0.1:58825] with attribute NettyResponseFuture{currentRetry=5,
	isDone=1,
	isCancelled=0,
	asyncHandler=org.asynchttpclient.ws.WebSocketUpgradeHandler@269aebc7,
	nettyRequest=org.asynchttpclient.netty.request.NettyRequest@63987170,
	future=java.util.concurrent.CompletableFuture@5bc7328c[Completed normally],
	uri=ws://localhost:58825/devtools/browser/28788f6b-c753-4b98-8790-ee4adc38d991,
	keepAlive=true,
	redirectCount=0,
	timeoutsHolder=null,
	inAuth=0,
	touch=1680859305817}
16:21:53.899 [Driver Command Executor] DEBUG org.asynchttpclient.netty.request.NettyRequestSender - Using pooled Channel '[id: 0xd1d6f7e1, L:/127.0.0.1:58824 - R:localhost/127.0.0.1:62237]' for 'DELETE' to 'http://localhost:62237/session/f3a0741f416e7080b31e51cb7c0eb093'
16:21:53.899 [Driver Command Executor] DEBUG org.asynchttpclient.netty.request.NettyRequestSender - Using open Channel [id: 0xd1d6f7e1, L:/127.0.0.1:58824 - R:localhost/127.0.0.1:62237] for DELETE '/session/f3a0741f416e7080b31e51cb7c0eb093'
16:21:53.899 [AsyncHttpClient-1-7] DEBUG org.asynchttpclient.netty.channel.ChannelManager - Closing Channel [id: 0x2f170a10, L:/127.0.0.1:58831 ! R:localhost/127.0.0.1:58825] 
16:21:53.922 [AsyncHttpClient-1-6] DEBUG org.asynchttpclient.netty.handler.HttpHandler - Unexpected I/O exception on channel [id: 0xff3ba4f6, L:/127.0.0.1:58830 - R:localhost/127.0.0.1:58825]
java.net.SocketException: Connection reset
	at java.base/sun.nio.ch.SocketChannelImpl.throwConnectionReset(SocketChannelImpl.java:345)
	at java.base/sun.nio.ch.SocketChannelImpl.read(SocketChannelImpl.java:376)
	at io.netty.buffer.PooledByteBuf.setBytes(PooledByteBuf.java:258)
	at io.netty.buffer.AbstractByteBuf.writeBytes(AbstractByteBuf.java:1132)
	at io.netty.channel.socket.nio.NioSocketChannel.doReadBytes(NioSocketChannel.java:350)
	at io.netty.channel.nio.AbstractNioByteChannel$NioByteUnsafe.read(AbstractNioByteChannel.java:151)
	at io.netty.channel.nio.NioEventLoop.processSelectedKey(NioEventLoop.java:722)
	at io.netty.channel.nio.NioEventLoop.processSelectedKeysOptimized(NioEventLoop.java:658)
	at io.netty.channel.nio.NioEventLoop.processSelectedKeys(NioEventLoop.java:584)
	at io.netty.channel.nio.NioEventLoop.run(NioEventLoop.java:496)
	at io.netty.util.concurrent.SingleThreadEventExecutor$4.run(SingleThreadEventExecutor.java:986)
	at io.netty.util.internal.ThreadExecutorMap$2.run(ThreadExecutorMap.java:74)
	at io.netty.util.concurrent.FastThreadLocalRunnable.run(FastThreadLocalRunnable.java:30)
	at java.base/java.lang.Thread.run(Thread.java:830)
16:21:53.922 [AsyncHttpClient-1-6] DEBUG org.asynchttpclient.netty.channel.ChannelManager - Closing Channel [id: 0xff3ba4f6, L:/127.0.0.1:58830 - R:localhost/127.0.0.1:58825] 
16:21:53.923 [AsyncHttpClient-1-6] DEBUG org.asynchttpclient.netty.handler.HttpHandler - Channel Closed: [id: 0xff3ba4f6, L:/127.0.0.1:58830 ! R:localhost/127.0.0.1:58825] with attribute DISCARD
16:21:53.982 [AsyncHttpClient-1-5] DEBUG org.asynchttpclient.netty.handler.HttpHandler - 

Request DefaultFullHttpRequest(decodeResult: success, version: HTTP/1.1, content: EmptyByteBufBE)
DELETE /session/f3a0741f416e7080b31e51cb7c0eb093 HTTP/1.1
User-Agent: selenium/4.1.2 (java windows)
Content-Type: application/json; charset=utf-8
host: localhost:62237
accept: */*

Response DefaultHttpResponse(decodeResult: success, version: HTTP/1.1)
HTTP/1.1 200 OK
Content-Type: application/json; charset=utf-8
cache-control: no-cache
content-length: 14

16:21:53.982 [AsyncHttpClient-1-5] DEBUG org.asynchttpclient.netty.channel.ChannelManager - Adding key: http://localhost:62237 for channel [id: 0xd1d6f7e1, L:/127.0.0.1:58824 - R:localhost/127.0.0.1:62237]
16:21:53.985 [AsyncHttpClient-1-1] DEBUG org.asynchttpclient.netty.channel.DefaultChannelPool - Entry count for : http://localhost:58825 : 1
16:21:53.985 [AsyncHttpClient-1-1] DEBUG org.asynchttpclient.netty.channel.DefaultChannelPool - Entry count for : http://localhost:62237 : 1
16:21:53.985 [AsyncHttpClient-1-1] DEBUG org.asynchttpclient.netty.channel.DefaultChannelPool - Adding Candidate expired Channel [id: 0xff3ba4f6, L:/127.0.0.1:58830 ! R:localhost/127.0.0.1:58825] isIdleTimeoutExpired=false isRemotelyClosed=true isTtlExpired=false
16:21:53.985 [AsyncHttpClient-1-1] DEBUG org.asynchttpclient.netty.channel.DefaultChannelPool - Closing Idle Channel [id: 0xff3ba4f6, L:/127.0.0.1:58830 ! R:localhost/127.0.0.1:58825]
16:21:53.985 [AsyncHttpClient-1-1] DEBUG org.asynchttpclient.netty.channel.DefaultChannelPool - Closed 1 connections out of 2 in 0 ms
16:21:54.148 [AsyncHttpClient-1-5] DEBUG org.asynchttpclient.netty.handler.HttpHandler - Channel Closed: [id: 0xd1d6f7e1, L:/127.0.0.1:58824 ! R:localhost/127.0.0.1:62237] with attribute DISCARD
16:21:54.742 [main] INFO  - 
  _____   ___   ___   _____     ___     _     ___   ___   ___   ___  
 |_   _| | __| / __| |_   _|   | _ \   /_\   / __| / __| | __| |   \ 
   | |   | _|  \__ \   | |     |  _/  / _ \  \__ \ \__ \ | _|  | |) |
   |_|   |___| |___/   |_|     |_|   /_/ \_\ |___/ |___/ |___| |___/ 

Fitur Menu Baby
----------------------------------------------------------------------
]]></system-out>
    <system-err><![CDATA[Starting Microsoft Edge WebDriver 111.0.1661.62 (0a8f453929e6410c973aa529a40485ce4e3e03db) on port 62237
To submit feedback, report a bug, or suggest new features, please visit https://github.com/MicrosoftEdge/EdgeWebDriver

Only local connections are allowed.
Please see https://aka.ms/WebDriverSecurity for suggestions on keeping Microsoft Edge WebDriver safe.

Microsoft Edge WebDriver was started successfully.
Apr 07, 2023 4:21:45 PM org.openqa.selenium.remote.ProtocolHandshake createSession
INFO: Detected dialect: W3C
Apr 07, 2023 4:21:45 PM org.openqa.selenium.devtools.CdpVersionFinder findNearestMatch
WARNING: Unable to find an exact match for CDP version 111, so returning the closest version found: a no-op implementation
Apr 07, 2023 4:21:45 PM org.openqa.selenium.devtools.CdpVersionFinder findNearestMatch
INFO: Unable to find CDP implementation matching 111.
Apr 07, 2023 4:21:45 PM org.openqa.selenium.chromium.ChromiumDriver lambda$new$3
WARNING: Unable to find version of CDP to use for . You may need to include a dependency on a specific version of the CDP using something similar to `org.seleniumhq.selenium:selenium-devtools-v86:4.1.2` where the version ("v86") matches the version of the chromium-based browser you're using and the version number of the artifact is the same as Selenium's.
]]></system-err>
  </testcase>
  <testcase name="Fitur Menu Baby #3" classname="Baby" time="20.777">
    <system-out><![CDATA[
Scenario Outline: Fitur Menu Baby &amp#27;[90m# src/test/resources/features/Baby.feature:15&amp#27;[0m
16:21:54.753 [main] INFO io.cucumber.core.plugin.SerenityReporter - Running feature from file:///C:/Users/alwi/IdeaProjects/uniqloweb/src/test/resources/features/Baby.feature
16:21:54.876 [main] DEBUG io.github.bonigarcia.wdm.cache.ResolutionCache - Resolution edge=111 in cache (valid until 17:21:26 07/04/2023 WIB)
16:21:54.882 [main] DEBUG io.github.bonigarcia.wdm.cache.ResolutionCache - Resolution edge111=111.0.1661.62 in cache (valid until 15:02:35 08/04/2023 WIB)
16:21:54.883 [main] INFO io.github.bonigarcia.wdm.WebDriverManager - Using msedgedriver 111.0.1661.62 (resolved driver for Edge 111)
16:21:54.902 [main] DEBUG io.github.bonigarcia.wdm.WebDriverManager - Driver msedgedriver 111.0.1661.62 found in cache
16:21:54.902 [main] INFO io.github.bonigarcia.wdm.WebDriverManager - Exporting webdriver.edge.driver as C:\Users\alwi\.cache\selenium\msedgedriver\win64\111.0.1661.62\msedgedriver.exe
16:21:54.904 [main] DEBUG net.serenitybdd.core.webdriver.driverproviders.ProvideNewDriver - Instantiating driver
16:21:54.904 [main] DEBUG net.serenitybdd.core.webdriver.driverproviders.ProvideNewDriver - Driver capabilities: Capabilities {base.url: https://www.uniqlo.com, chrome.driver: src/test/resources/webdrive..., driver: edge, ms:edgeChromium: true, ms:edgeOptions: {}, wait.for.timeout: 6000}
16:21:55.067 [AsyncHttpClient-1-1] DEBUG org.asynchttpclient.netty.channel.DefaultChannelPool - Entry count for : http://localhost:62237 : 1
16:21:55.067 [AsyncHttpClient-1-1] DEBUG org.asynchttpclient.netty.channel.DefaultChannelPool - Adding Candidate expired Channel [id: 0xd1d6f7e1, L:/127.0.0.1:58824 ! R:localhost/127.0.0.1:62237] isIdleTimeoutExpired=false isRemotelyClosed=true isTtlExpired=false
16:21:55.067 [AsyncHttpClient-1-1] DEBUG org.asynchttpclient.netty.channel.DefaultChannelPool - Closing Idle Channel [id: 0xd1d6f7e1, L:/127.0.0.1:58824 ! R:localhost/127.0.0.1:62237]
16:21:55.067 [AsyncHttpClient-1-1] DEBUG org.asynchttpclient.netty.channel.DefaultChannelPool - Closed 1 connections out of 1 in 0 ms
16:21:55.457 [AsyncHttpClient-1-8] DEBUG org.asynchttpclient.netty.channel.NettyConnectListener - Using new Channel '[id: 0x18725d6a, L:/127.0.0.1:58952 - R:localhost/127.0.0.1:62400]' for 'POST' to '/session'
16:21:56.094 [AsyncHttpClient-1-8] DEBUG org.asynchttpclient.netty.handler.HttpHandler - 

Request DefaultHttpRequest(decodeResult: success, version: HTTP/1.1)
POST /session HTTP/1.1
User-Agent: selenium/4.1.2 (java windows)
Content-Length: 627
Content-Type: application/json; charset=utf-8
host: localhost:62400
accept: */*

Response DefaultHttpResponse(decodeResult: success, version: HTTP/1.1)
HTTP/1.1 200 OK
Content-Type: application/json; charset=utf-8
cache-control: no-cache
content-length: 824

16:21:56.094 [AsyncHttpClient-1-8] DEBUG org.asynchttpclient.netty.channel.ChannelManager - Adding key: http://localhost:62400 for channel [id: 0x18725d6a, L:/127.0.0.1:58952 - R:localhost/127.0.0.1:62400]
16:21:56.104 [AsyncHttpClient-1-9] DEBUG org.asynchttpclient.netty.channel.NettyConnectListener - Using new Channel '[id: 0x85fa25ce, L:/127.0.0.1:58959 - R:localhost/127.0.0.1:58953]' for 'GET' to '/json/version'
16:21:56.108 [AsyncHttpClient-1-9] DEBUG org.asynchttpclient.netty.handler.HttpHandler - 

Request DefaultFullHttpRequest(decodeResult: success, version: HTTP/1.1, content: EmptyByteBufBE)
GET /json/version HTTP/1.1
User-Agent: selenium/4.1.2 (java windows)
host: localhost:58953
accept: */*

Response DefaultHttpResponse(decodeResult: success, version: HTTP/1.1)
HTTP/1.1 200 OK
Content-Security-Policy: frame-ancestors 'none'
Content-Type: application/json; charset=UTF-8
content-length: 436

16:21:56.108 [AsyncHttpClient-1-9] DEBUG org.asynchttpclient.netty.channel.ChannelManager - Adding key: http://localhost:58953 for channel [id: 0x85fa25ce, L:/127.0.0.1:58959 - R:localhost/127.0.0.1:58953]
16:21:56.111 [AsyncHttpClient-1-10] DEBUG org.asynchttpclient.netty.channel.NettyConnectListener - Using new Channel '[id: 0xbdad727e, L:/127.0.0.1:58960 - R:localhost/127.0.0.1:58953]' for 'GET' to '/devtools/browser/0b0d630f-3136-47c0-bcdf-873a9f9f3f78'
16:21:56.115 [AsyncHttpClient-1-10] DEBUG org.asynchttpclient.netty.handler.WebSocketHandler - 

Request DefaultFullHttpRequest(decodeResult: success, version: HTTP/1.1, content: EmptyByteBufBE)
GET /devtools/browser/0b0d630f-3136-47c0-bcdf-873a9f9f3f78 HTTP/1.1
upgrade: websocket
connection: upgrade
sec-websocket-key: uHgmBAXB71pWFGgyzeDflw==
sec-websocket-version: 13
origin: http://localhost:58953
host: localhost:58953
accept: */*
user-agent: AHC/2.1

Response DefaultHttpResponse(decodeResult: success, version: HTTP/1.1)
HTTP/1.1 101 WebSocket Protocol Handshake
Upgrade: WebSocket
Connection: Upgrade
Sec-WebSocket-Accept: H82MMyeA+jFle+SI+sLHWkJchus=

16:21:56.120 [Forwarding get on session 6351236ef9ccc625a448f0e41849b872 to remote] DEBUG org.asynchttpclient.netty.request.NettyRequestSender - Using pooled Channel '[id: 0x18725d6a, L:/127.0.0.1:58952 - R:localhost/127.0.0.1:62400]' for 'POST' to 'http://localhost:62400/session/6351236ef9ccc625a448f0e41849b872/url'
16:21:56.120 [Forwarding get on session 6351236ef9ccc625a448f0e41849b872 to remote] DEBUG org.asynchttpclient.netty.request.NettyRequestSender - Using open Channel [id: 0x18725d6a, L:/127.0.0.1:58952 - R:localhost/127.0.0.1:62400] for POST '/session/6351236ef9ccc625a448f0e41849b872/url'
16:21:56.173 [AsyncHttpClient-1-1] DEBUG org.asynchttpclient.netty.channel.DefaultChannelPool - Entry count for : http://localhost:58953 : 1
16:21:57.265 [AsyncHttpClient-1-1] DEBUG org.asynchttpclient.netty.channel.DefaultChannelPool - Entry count for : http://localhost:58953 : 1
16:21:58.369 [AsyncHttpClient-1-1] DEBUG org.asynchttpclient.netty.channel.DefaultChannelPool - Entry count for : http://localhost:58953 : 1
16:21:59.475 [AsyncHttpClient-1-1] DEBUG org.asynchttpclient.netty.channel.DefaultChannelPool - Entry count for : http://localhost:58953 : 1
16:22:00.565 [AsyncHttpClient-1-1] DEBUG org.asynchttpclient.netty.channel.DefaultChannelPool - Entry count for : http://localhost:58953 : 1
16:22:01.666 [AsyncHttpClient-1-1] DEBUG org.asynchttpclient.netty.channel.DefaultChannelPool - Entry count for : http://localhost:58953 : 1
16:22:02.769 [AsyncHttpClient-1-1] DEBUG org.asynchttpclient.netty.channel.DefaultChannelPool - Entry count for : http://localhost:58953 : 1
16:22:03.866 [AsyncHttpClient-1-1] DEBUG org.asynchttpclient.netty.channel.DefaultChannelPool - Entry count for : http://localhost:58953 : 1
16:22:04.980 [AsyncHttpClient-1-1] DEBUG org.asynchttpclient.netty.channel.DefaultChannelPool - Entry count for : http://localhost:58953 : 1
16:22:06.075 [AsyncHttpClient-1-1] DEBUG org.asynchttpclient.netty.channel.DefaultChannelPool - Entry count for : http://localhost:58953 : 1
16:22:07.168 [AsyncHttpClient-1-1] DEBUG org.asynchttpclient.netty.channel.DefaultChannelPool - Entry count for : http://localhost:58953 : 1
16:22:08.265 [AsyncHttpClient-1-1] DEBUG org.asynchttpclient.netty.channel.DefaultChannelPool - Entry count for : http://localhost:58953 : 1
16:22:09.371 [AsyncHttpClient-1-1] DEBUG org.asynchttpclient.netty.channel.DefaultChannelPool - Entry count for : http://localhost:58953 : 1
16:22:10.467 [AsyncHttpClient-1-1] DEBUG org.asynchttpclient.netty.channel.DefaultChannelPool - Entry count for : http://localhost:58953 : 1
16:22:11.566 [AsyncHttpClient-1-1] DEBUG org.asynchttpclient.netty.channel.DefaultChannelPool - Entry count for : http://localhost:58953 : 1
16:22:12.038 [AsyncHttpClient-1-8] DEBUG org.asynchttpclient.netty.handler.HttpHandler - 

Request DefaultHttpRequest(decodeResult: success, version: HTTP/1.1)
POST /session/6351236ef9ccc625a448f0e41849b872/url HTTP/1.1
User-Agent: selenium/4.1.2 (java windows)
Content-Length: 53
Content-Type: application/json; charset=utf-8
host: localhost:62400
accept: */*

Response DefaultHttpResponse(decodeResult: success, version: HTTP/1.1)
HTTP/1.1 200 OK
Content-Type: application/json; charset=utf-8
cache-control: no-cache
content-length: 14

16:22:12.038 [AsyncHttpClient-1-8] DEBUG org.asynchttpclient.netty.channel.ChannelManager - Adding key: http://localhost:62400 for channel [id: 0x18725d6a, L:/127.0.0.1:58952 - R:localhost/127.0.0.1:62400]
16:22:12.041 [Forwarding setTimeout on session 6351236ef9ccc625a448f0e41849b872 to remote] DEBUG org.asynchttpclient.netty.request.NettyRequestSender - Using pooled Channel '[id: 0x18725d6a, L:/127.0.0.1:58952 - R:localhost/127.0.0.1:62400]' for 'POST' to 'http://localhost:62400/session/6351236ef9ccc625a448f0e41849b872/timeouts'
16:22:12.041 [Forwarding setTimeout on session 6351236ef9ccc625a448f0e41849b872 to remote] DEBUG org.asynchttpclient.netty.request.NettyRequestSender - Using open Channel [id: 0x18725d6a, L:/127.0.0.1:58952 - R:localhost/127.0.0.1:62400] for POST '/session/6351236ef9ccc625a448f0e41849b872/timeouts'
16:22:12.042 [AsyncHttpClient-1-8] DEBUG org.asynchttpclient.netty.handler.HttpHandler - 

Request DefaultHttpRequest(decodeResult: success, version: HTTP/1.1)
POST /session/6351236ef9ccc625a448f0e41849b872/timeouts HTTP/1.1
User-Agent: selenium/4.1.2 (java windows)
Content-Length: 22
Content-Type: application/json; charset=utf-8
host: localhost:62400
accept: */*

Response DefaultHttpResponse(decodeResult: success, version: HTTP/1.1)
HTTP/1.1 200 OK
Content-Type: application/json; charset=utf-8
cache-control: no-cache
content-length: 14

16:22:12.042 [AsyncHttpClient-1-8] DEBUG org.asynchttpclient.netty.channel.ChannelManager - Adding key: http://localhost:62400 for channel [id: 0x18725d6a, L:/127.0.0.1:58952 - R:localhost/127.0.0.1:62400]
16:22:12.046 [Forwarding getCurrentUrl on session 6351236ef9ccc625a448f0e41849b872 to remote] DEBUG org.asynchttpclient.netty.request.NettyRequestSender - Using pooled Channel '[id: 0x18725d6a, L:/127.0.0.1:58952 - R:localhost/127.0.0.1:62400]' for 'GET' to 'http://localhost:62400/session/6351236ef9ccc625a448f0e41849b872/url'
16:22:12.046 [Forwarding getCurrentUrl on session 6351236ef9ccc625a448f0e41849b872 to remote] DEBUG org.asynchttpclient.netty.request.NettyRequestSender - Using open Channel [id: 0x18725d6a, L:/127.0.0.1:58952 - R:localhost/127.0.0.1:62400] for GET '/session/6351236ef9ccc625a448f0e41849b872/url'
16:22:12.051 [AsyncHttpClient-1-8] DEBUG org.asynchttpclient.netty.handler.HttpHandler - 

Request DefaultFullHttpRequest(decodeResult: success, version: HTTP/1.1, content: EmptyByteBufBE)
GET /session/6351236ef9ccc625a448f0e41849b872/url HTTP/1.1
User-Agent: selenium/4.1.2 (java windows)
Cache-Control: no-cache
Content-Type: application/json; charset=utf-8
host: localhost:62400
accept: */*

Response DefaultHttpResponse(decodeResult: success, version: HTTP/1.1)
HTTP/1.1 200 OK
Content-Type: application/json; charset=utf-8
cache-control: no-cache
content-length: 41

16:22:12.051 [AsyncHttpClient-1-8] DEBUG org.asynchttpclient.netty.channel.ChannelManager - Adding key: http://localhost:62400 for channel [id: 0x18725d6a, L:/127.0.0.1:58952 - R:localhost/127.0.0.1:62400]
  &amp#27;[32mGiven &amp#27;[0m&amp#27;[32mI am on the home page&amp#27;[0m     &amp#27;[90m# starter.stepdefinitions.BabyStep.iAmOnTheHomePage()&amp#27;[0m
16:22:12.059 [Forwarding screenshot on session 6351236ef9ccc625a448f0e41849b872 to remote] DEBUG org.asynchttpclient.netty.request.NettyRequestSender - Using pooled Channel '[id: 0x18725d6a, L:/127.0.0.1:58952 - R:localhost/127.0.0.1:62400]' for 'GET' to 'http://localhost:62400/session/6351236ef9ccc625a448f0e41849b872/screenshot'
16:22:12.059 [Forwarding screenshot on session 6351236ef9ccc625a448f0e41849b872 to remote] DEBUG org.asynchttpclient.netty.request.NettyRequestSender - Using open Channel [id: 0x18725d6a, L:/127.0.0.1:58952 - R:localhost/127.0.0.1:62400] for GET '/session/6351236ef9ccc625a448f0e41849b872/screenshot'
16:22:12.402 [AsyncHttpClient-1-8] DEBUG org.asynchttpclient.netty.handler.HttpHandler - 

Request DefaultFullHttpRequest(decodeResult: success, version: HTTP/1.1, content: EmptyByteBufBE)
GET /session/6351236ef9ccc625a448f0e41849b872/screenshot HTTP/1.1
User-Agent: selenium/4.1.2 (java windows)
Cache-Control: no-cache
Content-Type: application/json; charset=utf-8
host: localhost:62400
accept: */*

Response DefaultHttpResponse(decodeResult: success, version: HTTP/1.1)
HTTP/1.1 200 OK
Content-Type: application/json; charset=utf-8
cache-control: no-cache
content-length: 1022316

16:22:12.406 [AsyncHttpClient-1-8] DEBUG org.asynchttpclient.netty.channel.ChannelManager - Adding key: http://localhost:62400 for channel [id: 0x18725d6a, L:/127.0.0.1:58952 - R:localhost/127.0.0.1:62400]
16:22:12.447 [main] DEBUG net.serenitybdd.core.photography.Darkroom - Send negative for processing for target\site\serenity\b0ddf3608b8f51a6a3adc36e4acd901b7a2c5b7adc6fd42a924a7c7a6358c0ea.png
16:22:12.460 [Forwarding findElement on session 6351236ef9ccc625a448f0e41849b872 to remote] DEBUG org.asynchttpclient.netty.request.NettyRequestSender - Using pooled Channel '[id: 0x18725d6a, L:/127.0.0.1:58952 - R:localhost/127.0.0.1:62400]' for 'POST' to 'http://localhost:62400/session/6351236ef9ccc625a448f0e41849b872/element'
16:22:12.460 [Forwarding findElement on session 6351236ef9ccc625a448f0e41849b872 to remote] DEBUG org.asynchttpclient.netty.request.NettyRequestSender - Using open Channel [id: 0x18725d6a, L:/127.0.0.1:58952 - R:localhost/127.0.0.1:62400] for POST '/session/6351236ef9ccc625a448f0e41849b872/element'
16:22:12.472 [AsyncHttpClient-1-8] DEBUG org.asynchttpclient.netty.handler.HttpHandler - 

Request DefaultHttpRequest(decodeResult: success, version: HTTP/1.1)
POST /session/6351236ef9ccc625a448f0e41849b872/element HTTP/1.1
User-Agent: selenium/4.1.2 (java windows)
Content-Length: 81
Content-Type: application/json; charset=utf-8
host: localhost:62400
accept: */*

Response DefaultHttpResponse(decodeResult: success, version: HTTP/1.1)
HTTP/1.1 200 OK
Content-Type: application/json; charset=utf-8
cache-control: no-cache
content-length: 88

16:22:12.473 [AsyncHttpClient-1-8] DEBUG org.asynchttpclient.netty.channel.ChannelManager - Adding key: http://localhost:62400 for channel [id: 0x18725d6a, L:/127.0.0.1:58952 - R:localhost/127.0.0.1:62400]
16:22:12.475 [Forwarding getElementTagName on session 6351236ef9ccc625a448f0e41849b872 to remote] DEBUG org.asynchttpclient.netty.request.NettyRequestSender - Using pooled Channel '[id: 0x18725d6a, L:/127.0.0.1:58952 - R:localhost/127.0.0.1:62400]' for 'GET' to 'http://localhost:62400/session/6351236ef9ccc625a448f0e41849b872/element/fe877cb2-c20a-44e5-b5fb-7f5de60ad43b/name'
16:22:12.475 [Forwarding getElementTagName on session 6351236ef9ccc625a448f0e41849b872 to remote] DEBUG org.asynchttpclient.netty.request.NettyRequestSender - Using open Channel [id: 0x18725d6a, L:/127.0.0.1:58952 - R:localhost/127.0.0.1:62400] for GET '/session/6351236ef9ccc625a448f0e41849b872/element/fe877cb2-c20a-44e5-b5fb-7f5de60ad43b/name'
16:22:12.480 [AsyncHttpClient-1-8] DEBUG org.asynchttpclient.netty.handler.HttpHandler - 

Request DefaultFullHttpRequest(decodeResult: success, version: HTTP/1.1, content: EmptyByteBufBE)
GET /session/6351236ef9ccc625a448f0e41849b872/element/fe877cb2-c20a-44e5-b5fb-7f5de60ad43b/name HTTP/1.1
User-Agent: selenium/4.1.2 (java windows)
Cache-Control: no-cache
Content-Type: application/json; charset=utf-8
host: localhost:62400
accept: */*

Response DefaultHttpResponse(decodeResult: success, version: HTTP/1.1)
HTTP/1.1 200 OK
Content-Type: application/json; charset=utf-8
cache-control: no-cache
content-length: 16

16:22:12.480 [AsyncHttpClient-1-8] DEBUG org.asynchttpclient.netty.channel.ChannelManager - Adding key: http://localhost:62400 for channel [id: 0x18725d6a, L:/127.0.0.1:58952 - R:localhost/127.0.0.1:62400]
16:22:12.482 [Forwarding getElementTagName on session 6351236ef9ccc625a448f0e41849b872 to remote] DEBUG org.asynchttpclient.netty.request.NettyRequestSender - Using pooled Channel '[id: 0x18725d6a, L:/127.0.0.1:58952 - R:localhost/127.0.0.1:62400]' for 'GET' to 'http://localhost:62400/session/6351236ef9ccc625a448f0e41849b872/element/fe877cb2-c20a-44e5-b5fb-7f5de60ad43b/name'
16:22:12.482 [Forwarding getElementTagName on session 6351236ef9ccc625a448f0e41849b872 to remote] DEBUG org.asynchttpclient.netty.request.NettyRequestSender - Using open Channel [id: 0x18725d6a, L:/127.0.0.1:58952 - R:localhost/127.0.0.1:62400] for GET '/session/6351236ef9ccc625a448f0e41849b872/element/fe877cb2-c20a-44e5-b5fb-7f5de60ad43b/name'
16:22:12.485 [AsyncHttpClient-1-8] DEBUG org.asynchttpclient.netty.handler.HttpHandler - 

Request DefaultFullHttpRequest(decodeResult: success, version: HTTP/1.1, content: EmptyByteBufBE)
GET /session/6351236ef9ccc625a448f0e41849b872/element/fe877cb2-c20a-44e5-b5fb-7f5de60ad43b/name HTTP/1.1
User-Agent: selenium/4.1.2 (java windows)
Cache-Control: no-cache
Content-Type: application/json; charset=utf-8
host: localhost:62400
accept: */*

Response DefaultHttpResponse(decodeResult: success, version: HTTP/1.1)
HTTP/1.1 200 OK
Content-Type: application/json; charset=utf-8
cache-control: no-cache
content-length: 16

16:22:12.485 [AsyncHttpClient-1-8] DEBUG org.asynchttpclient.netty.channel.ChannelManager - Adding key: http://localhost:62400 for channel [id: 0x18725d6a, L:/127.0.0.1:58952 - R:localhost/127.0.0.1:62400]
16:22:12.488 [Forwarding findElement on session 6351236ef9ccc625a448f0e41849b872 to remote] DEBUG org.asynchttpclient.netty.request.NettyRequestSender - Using pooled Channel '[id: 0x18725d6a, L:/127.0.0.1:58952 - R:localhost/127.0.0.1:62400]' for 'POST' to 'http://localhost:62400/session/6351236ef9ccc625a448f0e41849b872/element'
16:22:12.488 [Forwarding findElement on session 6351236ef9ccc625a448f0e41849b872 to remote] DEBUG org.asynchttpclient.netty.request.NettyRequestSender - Using open Channel [id: 0x18725d6a, L:/127.0.0.1:58952 - R:localhost/127.0.0.1:62400] for POST '/session/6351236ef9ccc625a448f0e41849b872/element'
16:22:12.494 [AsyncHttpClient-1-8] DEBUG org.asynchttpclient.netty.handler.HttpHandler - 

Request DefaultHttpRequest(decodeResult: success, version: HTTP/1.1)
POST /session/6351236ef9ccc625a448f0e41849b872/element HTTP/1.1
User-Agent: selenium/4.1.2 (java windows)
Content-Length: 81
Content-Type: application/json; charset=utf-8
host: localhost:62400
accept: */*

Response DefaultHttpResponse(decodeResult: success, version: HTTP/1.1)
HTTP/1.1 200 OK
Content-Type: application/json; charset=utf-8
cache-control: no-cache
content-length: 88

16:22:12.494 [AsyncHttpClient-1-8] DEBUG org.asynchttpclient.netty.channel.ChannelManager - Adding key: http://localhost:62400 for channel [id: 0x18725d6a, L:/127.0.0.1:58952 - R:localhost/127.0.0.1:62400]
16:22:12.496 [Forwarding clickElement on session 6351236ef9ccc625a448f0e41849b872 to remote] DEBUG org.asynchttpclient.netty.request.NettyRequestSender - Using pooled Channel '[id: 0x18725d6a, L:/127.0.0.1:58952 - R:localhost/127.0.0.1:62400]' for 'POST' to 'http://localhost:62400/session/6351236ef9ccc625a448f0e41849b872/element/fe877cb2-c20a-44e5-b5fb-7f5de60ad43b/click'
16:22:12.496 [Forwarding clickElement on session 6351236ef9ccc625a448f0e41849b872 to remote] DEBUG org.asynchttpclient.netty.request.NettyRequestSender - Using open Channel [id: 0x18725d6a, L:/127.0.0.1:58952 - R:localhost/127.0.0.1:62400] for POST '/session/6351236ef9ccc625a448f0e41849b872/element/fe877cb2-c20a-44e5-b5fb-7f5de60ad43b/click'
16:22:12.666 [AsyncHttpClient-1-1] DEBUG org.asynchttpclient.netty.channel.DefaultChannelPool - Entry count for : http://localhost:58953 : 1
16:22:12.990 [AsyncHttpClient-1-8] DEBUG org.asynchttpclient.netty.handler.HttpHandler - 

Request DefaultHttpRequest(decodeResult: success, version: HTTP/1.1)
POST /session/6351236ef9ccc625a448f0e41849b872/element/fe877cb2-c20a-44e5-b5fb-7f5de60ad43b/click HTTP/1.1
User-Agent: selenium/4.1.2 (java windows)
Content-Length: 50
Content-Type: application/json; charset=utf-8
host: localhost:62400
accept: */*

Response DefaultHttpResponse(decodeResult: success, version: HTTP/1.1)
HTTP/1.1 200 OK
Content-Type: application/json; charset=utf-8
cache-control: no-cache
content-length: 14

16:22:12.990 [AsyncHttpClient-1-8] DEBUG org.asynchttpclient.netty.channel.ChannelManager - Adding key: http://localhost:62400 for channel [id: 0x18725d6a, L:/127.0.0.1:58952 - R:localhost/127.0.0.1:62400]
  &amp#27;[32mThen &amp#27;[0m&amp#27;[32mI click baby on the header&amp#27;[0m &amp#27;[90m# starter.stepdefinitions.BabyStep.iClickBabyOnTheHeader()&amp#27;[0m
16:22:13.003 [Forwarding screenshot on session 6351236ef9ccc625a448f0e41849b872 to remote] DEBUG org.asynchttpclient.netty.request.NettyRequestSender - Using pooled Channel '[id: 0x18725d6a, L:/127.0.0.1:58952 - R:localhost/127.0.0.1:62400]' for 'GET' to 'http://localhost:62400/session/6351236ef9ccc625a448f0e41849b872/screenshot'
16:22:13.003 [Forwarding screenshot on session 6351236ef9ccc625a448f0e41849b872 to remote] DEBUG org.asynchttpclient.netty.request.NettyRequestSender - Using open Channel [id: 0x18725d6a, L:/127.0.0.1:58952 - R:localhost/127.0.0.1:62400] for GET '/session/6351236ef9ccc625a448f0e41849b872/screenshot'
16:22:13.766 [AsyncHttpClient-1-1] DEBUG org.asynchttpclient.netty.channel.DefaultChannelPool - Entry count for : http://localhost:58953 : 1
16:22:13.875 [AsyncHttpClient-1-8] DEBUG org.asynchttpclient.netty.handler.HttpHandler - 

Request DefaultFullHttpRequest(decodeResult: success, version: HTTP/1.1, content: EmptyByteBufBE)
GET /session/6351236ef9ccc625a448f0e41849b872/screenshot HTTP/1.1
User-Agent: selenium/4.1.2 (java windows)
Cache-Control: no-cache
Content-Type: application/json; charset=utf-8
host: localhost:62400
accept: */*

Response DefaultHttpResponse(decodeResult: success, version: HTTP/1.1)
HTTP/1.1 200 OK
Content-Type: application/json; charset=utf-8
cache-control: no-cache
content-length: 99548

16:22:13.876 [AsyncHttpClient-1-8] DEBUG org.asynchttpclient.netty.channel.ChannelManager - Adding key: http://localhost:62400 for channel [id: 0x18725d6a, L:/127.0.0.1:58952 - R:localhost/127.0.0.1:62400]
16:22:13.880 [main] DEBUG net.serenitybdd.core.photography.Darkroom - Send negative for processing for target\site\serenity\85e2bffa07a903e1e1237114be160b0f2129bb6a4967f83e0aebb73dd9bc9350.png
16:22:13.880 [Darkroom Processing Line] DEBUG net.serenitybdd.core.photography.DarkroomProcessingLine - Processing screenshot image in /var/screenshots/screenshot-9515823753038587431
16:22:13.880 [Darkroom Processing Line] DEBUG net.serenitybdd.core.photography.DarkroomProcessingLine - Saving screenshot to target\site\serenity\85e2bffa07a903e1e1237114be160b0f2129bb6a4967f83e0aebb73dd9bc9350.png
16:22:13.894 [Forwarding findElement on session 6351236ef9ccc625a448f0e41849b872 to remote] DEBUG org.asynchttpclient.netty.request.NettyRequestSender - Using pooled Channel '[id: 0x18725d6a, L:/127.0.0.1:58952 - R:localhost/127.0.0.1:62400]' for 'POST' to 'http://localhost:62400/session/6351236ef9ccc625a448f0e41849b872/element'
16:22:13.895 [Forwarding findElement on session 6351236ef9ccc625a448f0e41849b872 to remote] DEBUG org.asynchttpclient.netty.request.NettyRequestSender - Using open Channel [id: 0x18725d6a, L:/127.0.0.1:58952 - R:localhost/127.0.0.1:62400] for POST '/session/6351236ef9ccc625a448f0e41849b872/element'
16:22:13.961 [AsyncHttpClient-1-8] DEBUG org.asynchttpclient.netty.handler.HttpHandler - 

Request DefaultHttpRequest(decodeResult: success, version: HTTP/1.1)
POST /session/6351236ef9ccc625a448f0e41849b872/element HTTP/1.1
User-Agent: selenium/4.1.2 (java windows)
Content-Length: 107
Content-Type: application/json; charset=utf-8
host: localhost:62400
accept: */*

Response DefaultHttpResponse(decodeResult: success, version: HTTP/1.1)
HTTP/1.1 200 OK
Content-Type: application/json; charset=utf-8
cache-control: no-cache
content-length: 88

16:22:13.961 [AsyncHttpClient-1-8] DEBUG org.asynchttpclient.netty.channel.ChannelManager - Adding key: http://localhost:62400 for channel [id: 0x18725d6a, L:/127.0.0.1:58952 - R:localhost/127.0.0.1:62400]
16:22:13.963 [Forwarding getElementTagName on session 6351236ef9ccc625a448f0e41849b872 to remote] DEBUG org.asynchttpclient.netty.request.NettyRequestSender - Using pooled Channel '[id: 0x18725d6a, L:/127.0.0.1:58952 - R:localhost/127.0.0.1:62400]' for 'GET' to 'http://localhost:62400/session/6351236ef9ccc625a448f0e41849b872/element/d2928d2f-26df-4a61-bab8-7b0c0c7a03c0/name'
16:22:13.963 [Forwarding getElementTagName on session 6351236ef9ccc625a448f0e41849b872 to remote] DEBUG org.asynchttpclient.netty.request.NettyRequestSender - Using open Channel [id: 0x18725d6a, L:/127.0.0.1:58952 - R:localhost/127.0.0.1:62400] for GET '/session/6351236ef9ccc625a448f0e41849b872/element/d2928d2f-26df-4a61-bab8-7b0c0c7a03c0/name'
16:22:13.967 [AsyncHttpClient-1-8] DEBUG org.asynchttpclient.netty.handler.HttpHandler - 

Request DefaultFullHttpRequest(decodeResult: success, version: HTTP/1.1, content: EmptyByteBufBE)
GET /session/6351236ef9ccc625a448f0e41849b872/element/d2928d2f-26df-4a61-bab8-7b0c0c7a03c0/name HTTP/1.1
User-Agent: selenium/4.1.2 (java windows)
Cache-Control: no-cache
Content-Type: application/json; charset=utf-8
host: localhost:62400
accept: */*

Response DefaultHttpResponse(decodeResult: success, version: HTTP/1.1)
HTTP/1.1 200 OK
Content-Type: application/json; charset=utf-8
cache-control: no-cache
content-length: 16

16:22:13.967 [AsyncHttpClient-1-8] DEBUG org.asynchttpclient.netty.channel.ChannelManager - Adding key: http://localhost:62400 for channel [id: 0x18725d6a, L:/127.0.0.1:58952 - R:localhost/127.0.0.1:62400]
16:22:13.970 [Forwarding getElementTagName on session 6351236ef9ccc625a448f0e41849b872 to remote] DEBUG org.asynchttpclient.netty.request.NettyRequestSender - Using pooled Channel '[id: 0x18725d6a, L:/127.0.0.1:58952 - R:localhost/127.0.0.1:62400]' for 'GET' to 'http://localhost:62400/session/6351236ef9ccc625a448f0e41849b872/element/d2928d2f-26df-4a61-bab8-7b0c0c7a03c0/name'
16:22:13.970 [Forwarding getElementTagName on session 6351236ef9ccc625a448f0e41849b872 to remote] DEBUG org.asynchttpclient.netty.request.NettyRequestSender - Using open Channel [id: 0x18725d6a, L:/127.0.0.1:58952 - R:localhost/127.0.0.1:62400] for GET '/session/6351236ef9ccc625a448f0e41849b872/element/d2928d2f-26df-4a61-bab8-7b0c0c7a03c0/name'
16:22:13.973 [AsyncHttpClient-1-8] DEBUG org.asynchttpclient.netty.handler.HttpHandler - 

Request DefaultFullHttpRequest(decodeResult: success, version: HTTP/1.1, content: EmptyByteBufBE)
GET /session/6351236ef9ccc625a448f0e41849b872/element/d2928d2f-26df-4a61-bab8-7b0c0c7a03c0/name HTTP/1.1
User-Agent: selenium/4.1.2 (java windows)
Cache-Control: no-cache
Content-Type: application/json; charset=utf-8
host: localhost:62400
accept: */*

Response DefaultHttpResponse(decodeResult: success, version: HTTP/1.1)
HTTP/1.1 200 OK
Content-Type: application/json; charset=utf-8
cache-control: no-cache
content-length: 16

16:22:13.974 [AsyncHttpClient-1-8] DEBUG org.asynchttpclient.netty.channel.ChannelManager - Adding key: http://localhost:62400 for channel [id: 0x18725d6a, L:/127.0.0.1:58952 - R:localhost/127.0.0.1:62400]
16:22:13.978 [Forwarding findElement on session 6351236ef9ccc625a448f0e41849b872 to remote] DEBUG org.asynchttpclient.netty.request.NettyRequestSender - Using pooled Channel '[id: 0x18725d6a, L:/127.0.0.1:58952 - R:localhost/127.0.0.1:62400]' for 'POST' to 'http://localhost:62400/session/6351236ef9ccc625a448f0e41849b872/element'
16:22:13.978 [Forwarding findElement on session 6351236ef9ccc625a448f0e41849b872 to remote] DEBUG org.asynchttpclient.netty.request.NettyRequestSender - Using open Channel [id: 0x18725d6a, L:/127.0.0.1:58952 - R:localhost/127.0.0.1:62400] for POST '/session/6351236ef9ccc625a448f0e41849b872/element'
16:22:13.989 [AsyncHttpClient-1-8] DEBUG org.asynchttpclient.netty.handler.HttpHandler - 

Request DefaultHttpRequest(decodeResult: success, version: HTTP/1.1)
POST /session/6351236ef9ccc625a448f0e41849b872/element HTTP/1.1
User-Agent: selenium/4.1.2 (java windows)
Content-Length: 107
Content-Type: application/json; charset=utf-8
host: localhost:62400
accept: */*

Response DefaultHttpResponse(decodeResult: success, version: HTTP/1.1)
HTTP/1.1 200 OK
Content-Type: application/json; charset=utf-8
cache-control: no-cache
content-length: 88

16:22:13.990 [AsyncHttpClient-1-8] DEBUG org.asynchttpclient.netty.channel.ChannelManager - Adding key: http://localhost:62400 for channel [id: 0x18725d6a, L:/127.0.0.1:58952 - R:localhost/127.0.0.1:62400]
16:22:13.992 [Forwarding clickElement on session 6351236ef9ccc625a448f0e41849b872 to remote] DEBUG org.asynchttpclient.netty.request.NettyRequestSender - Using pooled Channel '[id: 0x18725d6a, L:/127.0.0.1:58952 - R:localhost/127.0.0.1:62400]' for 'POST' to 'http://localhost:62400/session/6351236ef9ccc625a448f0e41849b872/element/d2928d2f-26df-4a61-bab8-7b0c0c7a03c0/click'
16:22:13.992 [Forwarding clickElement on session 6351236ef9ccc625a448f0e41849b872 to remote] DEBUG org.asynchttpclient.netty.request.NettyRequestSender - Using open Channel [id: 0x18725d6a, L:/127.0.0.1:58952 - R:localhost/127.0.0.1:62400] for POST '/session/6351236ef9ccc625a448f0e41849b872/element/d2928d2f-26df-4a61-bab8-7b0c0c7a03c0/click'
16:22:14.232 [AsyncHttpClient-1-8] DEBUG org.asynchttpclient.netty.handler.HttpHandler - 

Request DefaultHttpRequest(decodeResult: success, version: HTTP/1.1)
POST /session/6351236ef9ccc625a448f0e41849b872/element/d2928d2f-26df-4a61-bab8-7b0c0c7a03c0/click HTTP/1.1
User-Agent: selenium/4.1.2 (java windows)
Content-Length: 50
Content-Type: application/json; charset=utf-8
host: localhost:62400
accept: */*

Response DefaultHttpResponse(decodeResult: success, version: HTTP/1.1)
HTTP/1.1 200 OK
Content-Type: application/json; charset=utf-8
cache-control: no-cache
content-length: 14

16:22:14.232 [AsyncHttpClient-1-8] DEBUG org.asynchttpclient.netty.channel.ChannelManager - Adding key: http://localhost:62400 for channel [id: 0x18725d6a, L:/127.0.0.1:58952 - R:localhost/127.0.0.1:62400]
  &amp#27;[32mWhen &amp#27;[0m&amp#27;[32mI will go to &amp#27;[0m&amp#27;[32m&amp#27;[1m"aksesoris1"&amp#27;[0m  &amp#27;[90m# starter.stepdefinitions.BabyStep.iWillGoTo(java.lang.String)&amp#27;[0m
16:22:14.243 [Forwarding screenshot on session 6351236ef9ccc625a448f0e41849b872 to remote] DEBUG org.asynchttpclient.netty.request.NettyRequestSender - Using pooled Channel '[id: 0x18725d6a, L:/127.0.0.1:58952 - R:localhost/127.0.0.1:62400]' for 'GET' to 'http://localhost:62400/session/6351236ef9ccc625a448f0e41849b872/screenshot'
16:22:14.243 [Forwarding screenshot on session 6351236ef9ccc625a448f0e41849b872 to remote] DEBUG org.asynchttpclient.netty.request.NettyRequestSender - Using open Channel [id: 0x18725d6a, L:/127.0.0.1:58952 - R:localhost/127.0.0.1:62400] for GET '/session/6351236ef9ccc625a448f0e41849b872/screenshot'
16:22:14.555 [AsyncHttpClient-1-8] DEBUG org.asynchttpclient.netty.handler.HttpHandler - 

Request DefaultFullHttpRequest(decodeResult: success, version: HTTP/1.1, content: EmptyByteBufBE)
GET /session/6351236ef9ccc625a448f0e41849b872/screenshot HTTP/1.1
User-Agent: selenium/4.1.2 (java windows)
Cache-Control: no-cache
Content-Type: application/json; charset=utf-8
host: localhost:62400
accept: */*

Response DefaultHttpResponse(decodeResult: success, version: HTTP/1.1)
HTTP/1.1 200 OK
Content-Type: application/json; charset=utf-8
cache-control: no-cache
content-length: 86388

16:22:14.556 [AsyncHttpClient-1-8] DEBUG org.asynchttpclient.netty.channel.ChannelManager - Adding key: http://localhost:62400 for channel [id: 0x18725d6a, L:/127.0.0.1:58952 - R:localhost/127.0.0.1:62400]
16:22:14.561 [main] DEBUG net.serenitybdd.core.photography.Darkroom - Send negative for processing for target\site\serenity\96f79c783f82a53ec88bc1ac6ac1793084fa755c4816e14c0d3deb88bdaddbbd.png
16:22:14.561 [Darkroom Processing Line] DEBUG net.serenitybdd.core.photography.DarkroomProcessingLine - Processing screenshot image in /var/screenshots/screenshot-15649201765079989323
16:22:14.561 [Darkroom Processing Line] DEBUG net.serenitybdd.core.photography.DarkroomProcessingLine - Saving screenshot to target\site\serenity\96f79c783f82a53ec88bc1ac6ac1793084fa755c4816e14c0d3deb88bdaddbbd.png
16:22:14.575 [Forwarding findElement on session 6351236ef9ccc625a448f0e41849b872 to remote] DEBUG org.asynchttpclient.netty.request.NettyRequestSender - Using pooled Channel '[id: 0x18725d6a, L:/127.0.0.1:58952 - R:localhost/127.0.0.1:62400]' for 'POST' to 'http://localhost:62400/session/6351236ef9ccc625a448f0e41849b872/element'
16:22:14.575 [Forwarding findElement on session 6351236ef9ccc625a448f0e41849b872 to remote] DEBUG org.asynchttpclient.netty.request.NettyRequestSender - Using open Channel [id: 0x18725d6a, L:/127.0.0.1:58952 - R:localhost/127.0.0.1:62400] for POST '/session/6351236ef9ccc625a448f0e41849b872/element'
16:22:14.586 [AsyncHttpClient-1-8] DEBUG org.asynchttpclient.netty.handler.HttpHandler - 

Request DefaultHttpRequest(decodeResult: success, version: HTTP/1.1)
POST /session/6351236ef9ccc625a448f0e41849b872/element HTTP/1.1
User-Agent: selenium/4.1.2 (java windows)
Content-Length: 91
Content-Type: application/json; charset=utf-8
host: localhost:62400
accept: */*

Response DefaultHttpResponse(decodeResult: success, version: HTTP/1.1)
HTTP/1.1 200 OK
Content-Type: application/json; charset=utf-8
cache-control: no-cache
content-length: 88

16:22:14.586 [AsyncHttpClient-1-8] DEBUG org.asynchttpclient.netty.channel.ChannelManager - Adding key: http://localhost:62400 for channel [id: 0x18725d6a, L:/127.0.0.1:58952 - R:localhost/127.0.0.1:62400]
16:22:14.590 [Forwarding isElementDisplayed on session 6351236ef9ccc625a448f0e41849b872 to remote] DEBUG org.asynchttpclient.netty.request.NettyRequestSender - Using pooled Channel '[id: 0x18725d6a, L:/127.0.0.1:58952 - R:localhost/127.0.0.1:62400]' for 'POST' to 'http://localhost:62400/session/6351236ef9ccc625a448f0e41849b872/execute/sync'
16:22:14.590 [Forwarding isElementDisplayed on session 6351236ef9ccc625a448f0e41849b872 to remote] DEBUG org.asynchttpclient.netty.request.NettyRequestSender - Using open Channel [id: 0x18725d6a, L:/127.0.0.1:58952 - R:localhost/127.0.0.1:62400] for POST '/session/6351236ef9ccc625a448f0e41849b872/execute/sync'
16:22:14.604 [AsyncHttpClient-1-8] DEBUG org.asynchttpclient.netty.handler.HttpHandler - 

Request DefaultHttpRequest(decodeResult: success, version: HTTP/1.1)
POST /session/6351236ef9ccc625a448f0e41849b872/execute/sync HTTP/1.1
User-Agent: selenium/4.1.2 (java windows)
Content-Length: 48780
Content-Type: application/json; charset=utf-8
host: localhost:62400
accept: */*

Response DefaultHttpResponse(decodeResult: success, version: HTTP/1.1)
HTTP/1.1 200 OK
Content-Type: application/json; charset=utf-8
cache-control: no-cache
content-length: 14

16:22:14.604 [AsyncHttpClient-1-8] DEBUG org.asynchttpclient.netty.channel.ChannelManager - Adding key: http://localhost:62400 for channel [id: 0x18725d6a, L:/127.0.0.1:58952 - R:localhost/127.0.0.1:62400]
  &amp#27;[32mAnd &amp#27;[0m&amp#27;[32mI &amp#27;[0m&amp#27;[32m&amp#27;[1m"txtAksesoris1"&amp#27;[0m&amp#27;[32m page&amp#27;[0m      &amp#27;[90m# starter.stepdefinitions.BabyStep.iPage(java.lang.String)&amp#27;[0m
16:22:14.614 [Forwarding screenshot on session 6351236ef9ccc625a448f0e41849b872 to remote] DEBUG org.asynchttpclient.netty.request.NettyRequestSender - Using pooled Channel '[id: 0x18725d6a, L:/127.0.0.1:58952 - R:localhost/127.0.0.1:62400]' for 'GET' to 'http://localhost:62400/session/6351236ef9ccc625a448f0e41849b872/screenshot'
16:22:14.614 [Forwarding screenshot on session 6351236ef9ccc625a448f0e41849b872 to remote] DEBUG org.asynchttpclient.netty.request.NettyRequestSender - Using open Channel [id: 0x18725d6a, L:/127.0.0.1:58952 - R:localhost/127.0.0.1:62400] for GET '/session/6351236ef9ccc625a448f0e41849b872/screenshot'
16:22:14.745 [AsyncHttpClient-1-8] DEBUG org.asynchttpclient.netty.handler.HttpHandler - 

Request DefaultFullHttpRequest(decodeResult: success, version: HTTP/1.1, content: EmptyByteBufBE)
GET /session/6351236ef9ccc625a448f0e41849b872/screenshot HTTP/1.1
User-Agent: selenium/4.1.2 (java windows)
Cache-Control: no-cache
Content-Type: application/json; charset=utf-8
host: localhost:62400
accept: */*

Response DefaultHttpResponse(decodeResult: success, version: HTTP/1.1)
HTTP/1.1 200 OK
Content-Type: application/json; charset=utf-8
cache-control: no-cache
content-length: 54224

16:22:14.746 [AsyncHttpClient-1-8] DEBUG org.asynchttpclient.netty.channel.ChannelManager - Adding key: http://localhost:62400 for channel [id: 0x18725d6a, L:/127.0.0.1:58952 - R:localhost/127.0.0.1:62400]
16:22:14.748 [main] DEBUG net.serenitybdd.core.photography.Darkroom - Send negative for processing for target\site\serenity\4d00b1a18d8f2543e55852fcd9d41a694baa41156c207810dfe4d80245d89e77.png
16:22:14.749 [Darkroom Processing Line] DEBUG net.serenitybdd.core.photography.DarkroomProcessingLine - Processing screenshot image in /var/screenshots/screenshot-15845764236393723154
16:22:14.749 [Darkroom Processing Line] DEBUG net.serenitybdd.core.photography.DarkroomProcessingLine - Saving screenshot to target\site\serenity\4d00b1a18d8f2543e55852fcd9d41a694baa41156c207810dfe4d80245d89e77.png
16:22:14.751 [AsyncHttpClient-1-10] DEBUG org.asynchttpclient.netty.handler.WebSocketHandler - Channel Closed: [id: 0xbdad727e, L:/127.0.0.1:58960 ! R:localhost/127.0.0.1:58953] with attribute NettyResponseFuture{currentRetry=5,
	isDone=1,
	isCancelled=0,
	asyncHandler=org.asynchttpclient.ws.WebSocketUpgradeHandler@27dcf884,
	nettyRequest=org.asynchttpclient.netty.request.NettyRequest@62de621b,
	future=java.util.concurrent.CompletableFuture@6b6cf687[Completed normally],
	uri=ws://localhost:58953/devtools/browser/0b0d630f-3136-47c0-bcdf-873a9f9f3f78,
	keepAlive=true,
	redirectCount=0,
	timeoutsHolder=null,
	inAuth=0,
	touch=1680859316115}
16:22:14.751 [AsyncHttpClient-1-10] DEBUG org.asynchttpclient.netty.channel.ChannelManager - Closing Channel [id: 0xbdad727e, L:/127.0.0.1:58960 ! R:localhost/127.0.0.1:58953] 
16:22:14.752 [Driver Command Executor] DEBUG org.asynchttpclient.netty.request.NettyRequestSender - Using pooled Channel '[id: 0x18725d6a, L:/127.0.0.1:58952 - R:localhost/127.0.0.1:62400]' for 'DELETE' to 'http://localhost:62400/session/6351236ef9ccc625a448f0e41849b872'
16:22:14.752 [Driver Command Executor] DEBUG org.asynchttpclient.netty.request.NettyRequestSender - Using open Channel [id: 0x18725d6a, L:/127.0.0.1:58952 - R:localhost/127.0.0.1:62400] for DELETE '/session/6351236ef9ccc625a448f0e41849b872'
16:22:14.778 [AsyncHttpClient-1-9] DEBUG org.asynchttpclient.netty.handler.HttpHandler - Unexpected I/O exception on channel [id: 0x85fa25ce, L:/127.0.0.1:58959 - R:localhost/127.0.0.1:58953]
java.net.SocketException: Connection reset
	at java.base/sun.nio.ch.SocketChannelImpl.throwConnectionReset(SocketChannelImpl.java:345)
	at java.base/sun.nio.ch.SocketChannelImpl.read(SocketChannelImpl.java:376)
	at io.netty.buffer.PooledByteBuf.setBytes(PooledByteBuf.java:258)
	at io.netty.buffer.AbstractByteBuf.writeBytes(AbstractByteBuf.java:1132)
	at io.netty.channel.socket.nio.NioSocketChannel.doReadBytes(NioSocketChannel.java:350)
	at io.netty.channel.nio.AbstractNioByteChannel$NioByteUnsafe.read(AbstractNioByteChannel.java:151)
	at io.netty.channel.nio.NioEventLoop.processSelectedKey(NioEventLoop.java:722)
	at io.netty.channel.nio.NioEventLoop.processSelectedKeysOptimized(NioEventLoop.java:658)
	at io.netty.channel.nio.NioEventLoop.processSelectedKeys(NioEventLoop.java:584)
	at io.netty.channel.nio.NioEventLoop.run(NioEventLoop.java:496)
	at io.netty.util.concurrent.SingleThreadEventExecutor$4.run(SingleThreadEventExecutor.java:986)
	at io.netty.util.internal.ThreadExecutorMap$2.run(ThreadExecutorMap.java:74)
	at io.netty.util.concurrent.FastThreadLocalRunnable.run(FastThreadLocalRunnable.java:30)
	at java.base/java.lang.Thread.run(Thread.java:830)
16:22:14.778 [AsyncHttpClient-1-9] DEBUG org.asynchttpclient.netty.channel.ChannelManager - Closing Channel [id: 0x85fa25ce, L:/127.0.0.1:58959 - R:localhost/127.0.0.1:58953] 
16:22:14.779 [AsyncHttpClient-1-9] DEBUG org.asynchttpclient.netty.handler.HttpHandler - Channel Closed: [id: 0x85fa25ce, L:/127.0.0.1:58959 ! R:localhost/127.0.0.1:58953] with attribute DISCARD
16:22:14.826 [AsyncHttpClient-1-8] DEBUG org.asynchttpclient.netty.handler.HttpHandler - 

Request DefaultFullHttpRequest(decodeResult: success, version: HTTP/1.1, content: EmptyByteBufBE)
DELETE /session/6351236ef9ccc625a448f0e41849b872 HTTP/1.1
User-Agent: selenium/4.1.2 (java windows)
Content-Type: application/json; charset=utf-8
host: localhost:62400
accept: */*

Response DefaultHttpResponse(decodeResult: success, version: HTTP/1.1)
HTTP/1.1 200 OK
Content-Type: application/json; charset=utf-8
cache-control: no-cache
content-length: 14

16:22:14.827 [AsyncHttpClient-1-8] DEBUG org.asynchttpclient.netty.channel.ChannelManager - Adding key: http://localhost:62400 for channel [id: 0x18725d6a, L:/127.0.0.1:58952 - R:localhost/127.0.0.1:62400]
16:22:14.866 [AsyncHttpClient-1-1] DEBUG org.asynchttpclient.netty.channel.DefaultChannelPool - Entry count for : http://localhost:62400 : 1
16:22:14.866 [AsyncHttpClient-1-1] DEBUG org.asynchttpclient.netty.channel.DefaultChannelPool - Entry count for : http://localhost:58953 : 1
16:22:14.866 [AsyncHttpClient-1-1] DEBUG org.asynchttpclient.netty.channel.DefaultChannelPool - Adding Candidate expired Channel [id: 0x85fa25ce, L:/127.0.0.1:58959 ! R:localhost/127.0.0.1:58953] isIdleTimeoutExpired=false isRemotelyClosed=true isTtlExpired=false
16:22:14.866 [AsyncHttpClient-1-1] DEBUG org.asynchttpclient.netty.channel.DefaultChannelPool - Closing Idle Channel [id: 0x85fa25ce, L:/127.0.0.1:58959 ! R:localhost/127.0.0.1:58953]
16:22:14.866 [AsyncHttpClient-1-1] DEBUG org.asynchttpclient.netty.channel.DefaultChannelPool - Closed 1 connections out of 2 in 0 ms
16:22:14.940 [AsyncHttpClient-1-8] DEBUG org.asynchttpclient.netty.handler.HttpHandler - Channel Closed: [id: 0x18725d6a, L:/127.0.0.1:58952 ! R:localhost/127.0.0.1:62400] with attribute DISCARD
]]></system-out>
    <system-err><![CDATA[Starting Microsoft Edge WebDriver 111.0.1661.62 (0a8f453929e6410c973aa529a40485ce4e3e03db) on port 62400
To submit feedback, report a bug, or suggest new features, please visit https://github.com/MicrosoftEdge/EdgeWebDriver

Only local connections are allowed.
Please see https://aka.ms/WebDriverSecurity for suggestions on keeping Microsoft Edge WebDriver safe.

Microsoft Edge WebDriver was started successfully.
Apr 07, 2023 4:21:56 PM org.openqa.selenium.remote.ProtocolHandshake createSession
INFO: Detected dialect: W3C
Apr 07, 2023 4:21:56 PM org.openqa.selenium.devtools.CdpVersionFinder findNearestMatch
WARNING: Unable to find an exact match for CDP version 111, so returning the closest version found: a no-op implementation
Apr 07, 2023 4:21:56 PM org.openqa.selenium.devtools.CdpVersionFinder findNearestMatch
INFO: Unable to find CDP implementation matching 111.
Apr 07, 2023 4:21:56 PM org.openqa.selenium.chromium.ChromiumDriver lambda$new$3
WARNING: Unable to find version of CDP to use for . You may need to include a dependency on a specific version of the CDP using something similar to `org.seleniumhq.selenium:selenium-devtools-v86:4.1.2` where the version ("v86") matches the version of the chromium-based browser you're using and the version number of the artifact is the same as Selenium's.
]]></system-err>
  </testcase>
  <testcase name="Fitur Menu Baby #4" classname="Baby" time="10.741">
    <system-out><![CDATA[
Scenario Outline: Fitur Menu Baby    &amp#27;[90m# src/test/resources/features/Baby.feature:16&amp#27;[0m
16:22:15.527 [main] INFO io.cucumber.core.plugin.SerenityReporter - Running feature from file:///C:/Users/alwi/IdeaProjects/uniqloweb/src/test/resources/features/Baby.feature
16:22:15.654 [main] DEBUG io.github.bonigarcia.wdm.cache.ResolutionCache - Resolution edge=111 in cache (valid until 17:21:26 07/04/2023 WIB)
16:22:15.658 [main] DEBUG io.github.bonigarcia.wdm.cache.ResolutionCache - Resolution edge111=111.0.1661.62 in cache (valid until 15:02:35 08/04/2023 WIB)
16:22:15.660 [main] INFO io.github.bonigarcia.wdm.WebDriverManager - Using msedgedriver 111.0.1661.62 (resolved driver for Edge 111)
16:22:15.672 [main] DEBUG io.github.bonigarcia.wdm.WebDriverManager - Driver msedgedriver 111.0.1661.62 found in cache
16:22:15.673 [main] INFO io.github.bonigarcia.wdm.WebDriverManager - Exporting webdriver.edge.driver as C:\Users\alwi\.cache\selenium\msedgedriver\win64\111.0.1661.62\msedgedriver.exe
16:22:15.675 [main] DEBUG net.serenitybdd.core.webdriver.driverproviders.ProvideNewDriver - Instantiating driver
16:22:15.675 [main] DEBUG net.serenitybdd.core.webdriver.driverproviders.ProvideNewDriver - Driver capabilities: Capabilities {base.url: https://www.uniqlo.com, chrome.driver: src/test/resources/webdrive..., driver: edge, ms:edgeChromium: true, ms:edgeOptions: {}, wait.for.timeout: 6000}
16:22:15.966 [AsyncHttpClient-1-1] DEBUG org.asynchttpclient.netty.channel.DefaultChannelPool - Entry count for : http://localhost:62400 : 1
16:22:15.966 [AsyncHttpClient-1-1] DEBUG org.asynchttpclient.netty.channel.DefaultChannelPool - Adding Candidate expired Channel [id: 0x18725d6a, L:/127.0.0.1:58952 ! R:localhost/127.0.0.1:62400] isIdleTimeoutExpired=false isRemotelyClosed=true isTtlExpired=false
16:22:15.966 [AsyncHttpClient-1-1] DEBUG org.asynchttpclient.netty.channel.DefaultChannelPool - Closing Idle Channel [id: 0x18725d6a, L:/127.0.0.1:58952 ! R:localhost/127.0.0.1:62400]
16:22:15.966 [AsyncHttpClient-1-1] DEBUG org.asynchttpclient.netty.channel.DefaultChannelPool - Closed 1 connections out of 1 in 0 ms
16:22:16.215 [AsyncHttpClient-1-11] DEBUG org.asynchttpclient.netty.channel.NettyConnectListener - Using new Channel '[id: 0x2bd508b2, L:/127.0.0.1:59111 - R:localhost/127.0.0.1:52215]' for 'POST' to '/session'
16:22:16.814 [AsyncHttpClient-1-11] DEBUG org.asynchttpclient.netty.handler.HttpHandler - 

Request DefaultHttpRequest(decodeResult: success, version: HTTP/1.1)
POST /session HTTP/1.1
User-Agent: selenium/4.1.2 (java windows)
Content-Length: 627
Content-Type: application/json; charset=utf-8
host: localhost:52215
accept: */*

Response DefaultHttpResponse(decodeResult: success, version: HTTP/1.1)
HTTP/1.1 200 OK
Content-Type: application/json; charset=utf-8
cache-control: no-cache
content-length: 822

16:22:16.815 [AsyncHttpClient-1-11] DEBUG org.asynchttpclient.netty.channel.ChannelManager - Adding key: http://localhost:52215 for channel [id: 0x2bd508b2, L:/127.0.0.1:59111 - R:localhost/127.0.0.1:52215]
16:22:16.823 [AsyncHttpClient-1-12] DEBUG org.asynchttpclient.netty.channel.NettyConnectListener - Using new Channel '[id: 0x976ecee6, L:/127.0.0.1:59120 - R:localhost/127.0.0.1:59112]' for 'GET' to '/json/version'
16:22:16.826 [AsyncHttpClient-1-12] DEBUG org.asynchttpclient.netty.handler.HttpHandler - 

Request DefaultFullHttpRequest(decodeResult: success, version: HTTP/1.1, content: EmptyByteBufBE)
GET /json/version HTTP/1.1
User-Agent: selenium/4.1.2 (java windows)
host: localhost:59112
accept: */*

Response DefaultHttpResponse(decodeResult: success, version: HTTP/1.1)
HTTP/1.1 200 OK
Content-Security-Policy: frame-ancestors 'none'
Content-Type: application/json; charset=UTF-8
content-length: 436

16:22:16.827 [AsyncHttpClient-1-12] DEBUG org.asynchttpclient.netty.channel.ChannelManager - Adding key: http://localhost:59112 for channel [id: 0x976ecee6, L:/127.0.0.1:59120 - R:localhost/127.0.0.1:59112]
16:22:16.830 [AsyncHttpClient-1-13] DEBUG org.asynchttpclient.netty.channel.NettyConnectListener - Using new Channel '[id: 0x0d34aefe, L:/127.0.0.1:59121 - R:localhost/127.0.0.1:59112]' for 'GET' to '/devtools/browser/2ee23dab-76fe-4fcc-bd83-fd72cc14bda6'
16:22:16.833 [AsyncHttpClient-1-13] DEBUG org.asynchttpclient.netty.handler.WebSocketHandler - 

Request DefaultFullHttpRequest(decodeResult: success, version: HTTP/1.1, content: EmptyByteBufBE)
GET /devtools/browser/2ee23dab-76fe-4fcc-bd83-fd72cc14bda6 HTTP/1.1
upgrade: websocket
connection: upgrade
sec-websocket-key: Ca9c3ngbiBxjOO4nm8uxLA==
sec-websocket-version: 13
origin: http://localhost:59112
host: localhost:59112
accept: */*
user-agent: AHC/2.1

Response DefaultHttpResponse(decodeResult: success, version: HTTP/1.1)
HTTP/1.1 101 WebSocket Protocol Handshake
Upgrade: WebSocket
Connection: Upgrade
Sec-WebSocket-Accept: 7Iyh1glt4iJIaF0SuZpP5w9RxCw=

16:22:16.838 [Forwarding get on session 7d9f2f573cb1b867a68c60a5796f5ea2 to remote] DEBUG org.asynchttpclient.netty.request.NettyRequestSender - Using pooled Channel '[id: 0x2bd508b2, L:/127.0.0.1:59111 - R:localhost/127.0.0.1:52215]' for 'POST' to 'http://localhost:52215/session/7d9f2f573cb1b867a68c60a5796f5ea2/url'
16:22:16.838 [Forwarding get on session 7d9f2f573cb1b867a68c60a5796f5ea2 to remote] DEBUG org.asynchttpclient.netty.request.NettyRequestSender - Using open Channel [id: 0x2bd508b2, L:/127.0.0.1:59111 - R:localhost/127.0.0.1:52215] for POST '/session/7d9f2f573cb1b867a68c60a5796f5ea2/url'
16:22:17.067 [AsyncHttpClient-1-1] DEBUG org.asynchttpclient.netty.channel.DefaultChannelPool - Entry count for : http://localhost:59112 : 1
16:22:18.165 [AsyncHttpClient-1-1] DEBUG org.asynchttpclient.netty.channel.DefaultChannelPool - Entry count for : http://localhost:59112 : 1
16:22:19.269 [AsyncHttpClient-1-1] DEBUG org.asynchttpclient.netty.channel.DefaultChannelPool - Entry count for : http://localhost:59112 : 1
16:22:20.365 [AsyncHttpClient-1-1] DEBUG org.asynchttpclient.netty.channel.DefaultChannelPool - Entry count for : http://localhost:59112 : 1
16:22:21.466 [AsyncHttpClient-1-1] DEBUG org.asynchttpclient.netty.channel.DefaultChannelPool - Entry count for : http://localhost:59112 : 1
16:22:22.571 [AsyncHttpClient-1-1] DEBUG org.asynchttpclient.netty.channel.DefaultChannelPool - Entry count for : http://localhost:59112 : 1
16:22:22.815 [AsyncHttpClient-1-11] DEBUG org.asynchttpclient.netty.handler.HttpHandler - 

Request DefaultHttpRequest(decodeResult: success, version: HTTP/1.1)
POST /session/7d9f2f573cb1b867a68c60a5796f5ea2/url HTTP/1.1
User-Agent: selenium/4.1.2 (java windows)
Content-Length: 53
Content-Type: application/json; charset=utf-8
host: localhost:52215
accept: */*

Response DefaultHttpResponse(decodeResult: success, version: HTTP/1.1)
HTTP/1.1 200 OK
Content-Type: application/json; charset=utf-8
cache-control: no-cache
content-length: 14

16:22:22.815 [AsyncHttpClient-1-11] DEBUG org.asynchttpclient.netty.channel.ChannelManager - Adding key: http://localhost:52215 for channel [id: 0x2bd508b2, L:/127.0.0.1:59111 - R:localhost/127.0.0.1:52215]
16:22:22.817 [Forwarding setTimeout on session 7d9f2f573cb1b867a68c60a5796f5ea2 to remote] DEBUG org.asynchttpclient.netty.request.NettyRequestSender - Using pooled Channel '[id: 0x2bd508b2, L:/127.0.0.1:59111 - R:localhost/127.0.0.1:52215]' for 'POST' to 'http://localhost:52215/session/7d9f2f573cb1b867a68c60a5796f5ea2/timeouts'
16:22:22.817 [Forwarding setTimeout on session 7d9f2f573cb1b867a68c60a5796f5ea2 to remote] DEBUG org.asynchttpclient.netty.request.NettyRequestSender - Using open Channel [id: 0x2bd508b2, L:/127.0.0.1:59111 - R:localhost/127.0.0.1:52215] for POST '/session/7d9f2f573cb1b867a68c60a5796f5ea2/timeouts'
16:22:22.819 [AsyncHttpClient-1-11] DEBUG org.asynchttpclient.netty.handler.HttpHandler - 

Request DefaultHttpRequest(decodeResult: success, version: HTTP/1.1)
POST /session/7d9f2f573cb1b867a68c60a5796f5ea2/timeouts HTTP/1.1
User-Agent: selenium/4.1.2 (java windows)
Content-Length: 22
Content-Type: application/json; charset=utf-8
host: localhost:52215
accept: */*

Response DefaultHttpResponse(decodeResult: success, version: HTTP/1.1)
HTTP/1.1 200 OK
Content-Type: application/json; charset=utf-8
cache-control: no-cache
content-length: 14

16:22:22.819 [AsyncHttpClient-1-11] DEBUG org.asynchttpclient.netty.channel.ChannelManager - Adding key: http://localhost:52215 for channel [id: 0x2bd508b2, L:/127.0.0.1:59111 - R:localhost/127.0.0.1:52215]
16:22:22.824 [Forwarding getCurrentUrl on session 7d9f2f573cb1b867a68c60a5796f5ea2 to remote] DEBUG org.asynchttpclient.netty.request.NettyRequestSender - Using pooled Channel '[id: 0x2bd508b2, L:/127.0.0.1:59111 - R:localhost/127.0.0.1:52215]' for 'GET' to 'http://localhost:52215/session/7d9f2f573cb1b867a68c60a5796f5ea2/url'
16:22:22.824 [Forwarding getCurrentUrl on session 7d9f2f573cb1b867a68c60a5796f5ea2 to remote] DEBUG org.asynchttpclient.netty.request.NettyRequestSender - Using open Channel [id: 0x2bd508b2, L:/127.0.0.1:59111 - R:localhost/127.0.0.1:52215] for GET '/session/7d9f2f573cb1b867a68c60a5796f5ea2/url'
16:22:22.829 [AsyncHttpClient-1-11] DEBUG org.asynchttpclient.netty.handler.HttpHandler - 

Request DefaultFullHttpRequest(decodeResult: success, version: HTTP/1.1, content: EmptyByteBufBE)
GET /session/7d9f2f573cb1b867a68c60a5796f5ea2/url HTTP/1.1
User-Agent: selenium/4.1.2 (java windows)
Cache-Control: no-cache
Content-Type: application/json; charset=utf-8
host: localhost:52215
accept: */*

Response DefaultHttpResponse(decodeResult: success, version: HTTP/1.1)
HTTP/1.1 200 OK
Content-Type: application/json; charset=utf-8
cache-control: no-cache
content-length: 41

16:22:22.829 [AsyncHttpClient-1-11] DEBUG org.asynchttpclient.netty.channel.ChannelManager - Adding key: http://localhost:52215 for channel [id: 0x2bd508b2, L:/127.0.0.1:59111 - R:localhost/127.0.0.1:52215]
  &amp#27;[32mGiven &amp#27;[0m&amp#27;[32mI am on the home page&amp#27;[0m        &amp#27;[90m# starter.stepdefinitions.BabyStep.iAmOnTheHomePage()&amp#27;[0m
16:22:22.839 [Forwarding screenshot on session 7d9f2f573cb1b867a68c60a5796f5ea2 to remote] DEBUG org.asynchttpclient.netty.request.NettyRequestSender - Using pooled Channel '[id: 0x2bd508b2, L:/127.0.0.1:59111 - R:localhost/127.0.0.1:52215]' for 'GET' to 'http://localhost:52215/session/7d9f2f573cb1b867a68c60a5796f5ea2/screenshot'
16:22:22.839 [Forwarding screenshot on session 7d9f2f573cb1b867a68c60a5796f5ea2 to remote] DEBUG org.asynchttpclient.netty.request.NettyRequestSender - Using open Channel [id: 0x2bd508b2, L:/127.0.0.1:59111 - R:localhost/127.0.0.1:52215] for GET '/session/7d9f2f573cb1b867a68c60a5796f5ea2/screenshot'
16:22:23.175 [AsyncHttpClient-1-11] DEBUG org.asynchttpclient.netty.handler.HttpHandler - 

Request DefaultFullHttpRequest(decodeResult: success, version: HTTP/1.1, content: EmptyByteBufBE)
GET /session/7d9f2f573cb1b867a68c60a5796f5ea2/screenshot HTTP/1.1
User-Agent: selenium/4.1.2 (java windows)
Cache-Control: no-cache
Content-Type: application/json; charset=utf-8
host: localhost:52215
accept: */*

Response DefaultHttpResponse(decodeResult: success, version: HTTP/1.1)
HTTP/1.1 200 OK
Content-Type: application/json; charset=utf-8
cache-control: no-cache
content-length: 1022316

16:22:23.178 [AsyncHttpClient-1-11] DEBUG org.asynchttpclient.netty.channel.ChannelManager - Adding key: http://localhost:52215 for channel [id: 0x2bd508b2, L:/127.0.0.1:59111 - R:localhost/127.0.0.1:52215]
16:22:23.209 [main] DEBUG net.serenitybdd.core.photography.Darkroom - Send negative for processing for target\site\serenity\b0ddf3608b8f51a6a3adc36e4acd901b7a2c5b7adc6fd42a924a7c7a6358c0ea.png
16:22:23.220 [Forwarding findElement on session 7d9f2f573cb1b867a68c60a5796f5ea2 to remote] DEBUG org.asynchttpclient.netty.request.NettyRequestSender - Using pooled Channel '[id: 0x2bd508b2, L:/127.0.0.1:59111 - R:localhost/127.0.0.1:52215]' for 'POST' to 'http://localhost:52215/session/7d9f2f573cb1b867a68c60a5796f5ea2/element'
16:22:23.220 [Forwarding findElement on session 7d9f2f573cb1b867a68c60a5796f5ea2 to remote] DEBUG org.asynchttpclient.netty.request.NettyRequestSender - Using open Channel [id: 0x2bd508b2, L:/127.0.0.1:59111 - R:localhost/127.0.0.1:52215] for POST '/session/7d9f2f573cb1b867a68c60a5796f5ea2/element'
16:22:23.234 [AsyncHttpClient-1-11] DEBUG org.asynchttpclient.netty.handler.HttpHandler - 

Request DefaultHttpRequest(decodeResult: success, version: HTTP/1.1)
POST /session/7d9f2f573cb1b867a68c60a5796f5ea2/element HTTP/1.1
User-Agent: selenium/4.1.2 (java windows)
Content-Length: 81
Content-Type: application/json; charset=utf-8
host: localhost:52215
accept: */*

Response DefaultHttpResponse(decodeResult: success, version: HTTP/1.1)
HTTP/1.1 200 OK
Content-Type: application/json; charset=utf-8
cache-control: no-cache
content-length: 88

16:22:23.234 [AsyncHttpClient-1-11] DEBUG org.asynchttpclient.netty.channel.ChannelManager - Adding key: http://localhost:52215 for channel [id: 0x2bd508b2, L:/127.0.0.1:59111 - R:localhost/127.0.0.1:52215]
16:22:23.236 [Forwarding getElementTagName on session 7d9f2f573cb1b867a68c60a5796f5ea2 to remote] DEBUG org.asynchttpclient.netty.request.NettyRequestSender - Using pooled Channel '[id: 0x2bd508b2, L:/127.0.0.1:59111 - R:localhost/127.0.0.1:52215]' for 'GET' to 'http://localhost:52215/session/7d9f2f573cb1b867a68c60a5796f5ea2/element/9d7ae37d-1a27-42c1-92d6-3714de272dd8/name'
16:22:23.236 [Forwarding getElementTagName on session 7d9f2f573cb1b867a68c60a5796f5ea2 to remote] DEBUG org.asynchttpclient.netty.request.NettyRequestSender - Using open Channel [id: 0x2bd508b2, L:/127.0.0.1:59111 - R:localhost/127.0.0.1:52215] for GET '/session/7d9f2f573cb1b867a68c60a5796f5ea2/element/9d7ae37d-1a27-42c1-92d6-3714de272dd8/name'
16:22:23.240 [AsyncHttpClient-1-11] DEBUG org.asynchttpclient.netty.handler.HttpHandler - 

Request DefaultFullHttpRequest(decodeResult: success, version: HTTP/1.1, content: EmptyByteBufBE)
GET /session/7d9f2f573cb1b867a68c60a5796f5ea2/element/9d7ae37d-1a27-42c1-92d6-3714de272dd8/name HTTP/1.1
User-Agent: selenium/4.1.2 (java windows)
Cache-Control: no-cache
Content-Type: application/json; charset=utf-8
host: localhost:52215
accept: */*

Response DefaultHttpResponse(decodeResult: success, version: HTTP/1.1)
HTTP/1.1 200 OK
Content-Type: application/json; charset=utf-8
cache-control: no-cache
content-length: 16

16:22:23.241 [AsyncHttpClient-1-11] DEBUG org.asynchttpclient.netty.channel.ChannelManager - Adding key: http://localhost:52215 for channel [id: 0x2bd508b2, L:/127.0.0.1:59111 - R:localhost/127.0.0.1:52215]
16:22:23.242 [Forwarding getElementTagName on session 7d9f2f573cb1b867a68c60a5796f5ea2 to remote] DEBUG org.asynchttpclient.netty.request.NettyRequestSender - Using pooled Channel '[id: 0x2bd508b2, L:/127.0.0.1:59111 - R:localhost/127.0.0.1:52215]' for 'GET' to 'http://localhost:52215/session/7d9f2f573cb1b867a68c60a5796f5ea2/element/9d7ae37d-1a27-42c1-92d6-3714de272dd8/name'
16:22:23.243 [Forwarding getElementTagName on session 7d9f2f573cb1b867a68c60a5796f5ea2 to remote] DEBUG org.asynchttpclient.netty.request.NettyRequestSender - Using open Channel [id: 0x2bd508b2, L:/127.0.0.1:59111 - R:localhost/127.0.0.1:52215] for GET '/session/7d9f2f573cb1b867a68c60a5796f5ea2/element/9d7ae37d-1a27-42c1-92d6-3714de272dd8/name'
16:22:23.247 [AsyncHttpClient-1-11] DEBUG org.asynchttpclient.netty.handler.HttpHandler - 

Request DefaultFullHttpRequest(decodeResult: success, version: HTTP/1.1, content: EmptyByteBufBE)
GET /session/7d9f2f573cb1b867a68c60a5796f5ea2/element/9d7ae37d-1a27-42c1-92d6-3714de272dd8/name HTTP/1.1
User-Agent: selenium/4.1.2 (java windows)
Cache-Control: no-cache
Content-Type: application/json; charset=utf-8
host: localhost:52215
accept: */*

Response DefaultHttpResponse(decodeResult: success, version: HTTP/1.1)
HTTP/1.1 200 OK
Content-Type: application/json; charset=utf-8
cache-control: no-cache
content-length: 16

16:22:23.247 [AsyncHttpClient-1-11] DEBUG org.asynchttpclient.netty.channel.ChannelManager - Adding key: http://localhost:52215 for channel [id: 0x2bd508b2, L:/127.0.0.1:59111 - R:localhost/127.0.0.1:52215]
16:22:23.250 [Forwarding findElement on session 7d9f2f573cb1b867a68c60a5796f5ea2 to remote] DEBUG org.asynchttpclient.netty.request.NettyRequestSender - Using pooled Channel '[id: 0x2bd508b2, L:/127.0.0.1:59111 - R:localhost/127.0.0.1:52215]' for 'POST' to 'http://localhost:52215/session/7d9f2f573cb1b867a68c60a5796f5ea2/element'
16:22:23.250 [Forwarding findElement on session 7d9f2f573cb1b867a68c60a5796f5ea2 to remote] DEBUG org.asynchttpclient.netty.request.NettyRequestSender - Using open Channel [id: 0x2bd508b2, L:/127.0.0.1:59111 - R:localhost/127.0.0.1:52215] for POST '/session/7d9f2f573cb1b867a68c60a5796f5ea2/element'
16:22:23.257 [AsyncHttpClient-1-11] DEBUG org.asynchttpclient.netty.handler.HttpHandler - 

Request DefaultHttpRequest(decodeResult: success, version: HTTP/1.1)
POST /session/7d9f2f573cb1b867a68c60a5796f5ea2/element HTTP/1.1
User-Agent: selenium/4.1.2 (java windows)
Content-Length: 81
Content-Type: application/json; charset=utf-8
host: localhost:52215
accept: */*

Response DefaultHttpResponse(decodeResult: success, version: HTTP/1.1)
HTTP/1.1 200 OK
Content-Type: application/json; charset=utf-8
cache-control: no-cache
content-length: 88

16:22:23.257 [AsyncHttpClient-1-11] DEBUG org.asynchttpclient.netty.channel.ChannelManager - Adding key: http://localhost:52215 for channel [id: 0x2bd508b2, L:/127.0.0.1:59111 - R:localhost/127.0.0.1:52215]
16:22:23.260 [Forwarding clickElement on session 7d9f2f573cb1b867a68c60a5796f5ea2 to remote] DEBUG org.asynchttpclient.netty.request.NettyRequestSender - Using pooled Channel '[id: 0x2bd508b2, L:/127.0.0.1:59111 - R:localhost/127.0.0.1:52215]' for 'POST' to 'http://localhost:52215/session/7d9f2f573cb1b867a68c60a5796f5ea2/element/9d7ae37d-1a27-42c1-92d6-3714de272dd8/click'
16:22:23.260 [Forwarding clickElement on session 7d9f2f573cb1b867a68c60a5796f5ea2 to remote] DEBUG org.asynchttpclient.netty.request.NettyRequestSender - Using open Channel [id: 0x2bd508b2, L:/127.0.0.1:59111 - R:localhost/127.0.0.1:52215] for POST '/session/7d9f2f573cb1b867a68c60a5796f5ea2/element/9d7ae37d-1a27-42c1-92d6-3714de272dd8/click'
16:22:23.665 [AsyncHttpClient-1-1] DEBUG org.asynchttpclient.netty.channel.DefaultChannelPool - Entry count for : http://localhost:59112 : 1
16:22:23.780 [AsyncHttpClient-1-11] DEBUG org.asynchttpclient.netty.handler.HttpHandler - 

Request DefaultHttpRequest(decodeResult: success, version: HTTP/1.1)
POST /session/7d9f2f573cb1b867a68c60a5796f5ea2/element/9d7ae37d-1a27-42c1-92d6-3714de272dd8/click HTTP/1.1
User-Agent: selenium/4.1.2 (java windows)
Content-Length: 50
Content-Type: application/json; charset=utf-8
host: localhost:52215
accept: */*

Response DefaultHttpResponse(decodeResult: success, version: HTTP/1.1)
HTTP/1.1 200 OK
Content-Type: application/json; charset=utf-8
cache-control: no-cache
content-length: 14

16:22:23.780 [AsyncHttpClient-1-11] DEBUG org.asynchttpclient.netty.channel.ChannelManager - Adding key: http://localhost:52215 for channel [id: 0x2bd508b2, L:/127.0.0.1:59111 - R:localhost/127.0.0.1:52215]
  &amp#27;[32mThen &amp#27;[0m&amp#27;[32mI click baby on the header&amp#27;[0m    &amp#27;[90m# starter.stepdefinitions.BabyStep.iClickBabyOnTheHeader()&amp#27;[0m
16:22:23.794 [Forwarding screenshot on session 7d9f2f573cb1b867a68c60a5796f5ea2 to remote] DEBUG org.asynchttpclient.netty.request.NettyRequestSender - Using pooled Channel '[id: 0x2bd508b2, L:/127.0.0.1:59111 - R:localhost/127.0.0.1:52215]' for 'GET' to 'http://localhost:52215/session/7d9f2f573cb1b867a68c60a5796f5ea2/screenshot'
16:22:23.795 [Forwarding screenshot on session 7d9f2f573cb1b867a68c60a5796f5ea2 to remote] DEBUG org.asynchttpclient.netty.request.NettyRequestSender - Using open Channel [id: 0x2bd508b2, L:/127.0.0.1:59111 - R:localhost/127.0.0.1:52215] for GET '/session/7d9f2f573cb1b867a68c60a5796f5ea2/screenshot'
16:22:24.623 [AsyncHttpClient-1-11] DEBUG org.asynchttpclient.netty.handler.HttpHandler - 

Request DefaultFullHttpRequest(decodeResult: success, version: HTTP/1.1, content: EmptyByteBufBE)
GET /session/7d9f2f573cb1b867a68c60a5796f5ea2/screenshot HTTP/1.1
User-Agent: selenium/4.1.2 (java windows)
Cache-Control: no-cache
Content-Type: application/json; charset=utf-8
host: localhost:52215
accept: */*

Response DefaultHttpResponse(decodeResult: success, version: HTTP/1.1)
HTTP/1.1 200 OK
Content-Type: application/json; charset=utf-8
cache-control: no-cache
content-length: 125824

16:22:24.624 [AsyncHttpClient-1-11] DEBUG org.asynchttpclient.netty.channel.ChannelManager - Adding key: http://localhost:52215 for channel [id: 0x2bd508b2, L:/127.0.0.1:59111 - R:localhost/127.0.0.1:52215]
16:22:24.630 [main] DEBUG net.serenitybdd.core.photography.Darkroom - Send negative for processing for target\site\serenity\42dfbe5e30a203e8a50db5db3204ca9039863bdaeacda37702a196ba7c2ea016.png
16:22:24.630 [Darkroom Processing Line] DEBUG net.serenitybdd.core.photography.DarkroomProcessingLine - Processing screenshot image in /var/screenshots/screenshot-11688171467028697083
16:22:24.630 [Darkroom Processing Line] DEBUG net.serenitybdd.core.photography.DarkroomProcessingLine - Saving screenshot to target\site\serenity\42dfbe5e30a203e8a50db5db3204ca9039863bdaeacda37702a196ba7c2ea016.png
16:22:24.644 [Forwarding findElement on session 7d9f2f573cb1b867a68c60a5796f5ea2 to remote] DEBUG org.asynchttpclient.netty.request.NettyRequestSender - Using pooled Channel '[id: 0x2bd508b2, L:/127.0.0.1:59111 - R:localhost/127.0.0.1:52215]' for 'POST' to 'http://localhost:52215/session/7d9f2f573cb1b867a68c60a5796f5ea2/element'
16:22:24.644 [Forwarding findElement on session 7d9f2f573cb1b867a68c60a5796f5ea2 to remote] DEBUG org.asynchttpclient.netty.request.NettyRequestSender - Using open Channel [id: 0x2bd508b2, L:/127.0.0.1:59111 - R:localhost/127.0.0.1:52215] for POST '/session/7d9f2f573cb1b867a68c60a5796f5ea2/element'
16:22:24.660 [AsyncHttpClient-1-11] DEBUG org.asynchttpclient.netty.handler.HttpHandler - 

Request DefaultHttpRequest(decodeResult: success, version: HTTP/1.1)
POST /session/7d9f2f573cb1b867a68c60a5796f5ea2/element HTTP/1.1
User-Agent: selenium/4.1.2 (java windows)
Content-Length: 110
Content-Type: application/json; charset=utf-8
host: localhost:52215
accept: */*

Response DefaultHttpResponse(decodeResult: success, version: HTTP/1.1)
HTTP/1.1 200 OK
Content-Type: application/json; charset=utf-8
cache-control: no-cache
content-length: 88

16:22:24.660 [AsyncHttpClient-1-11] DEBUG org.asynchttpclient.netty.channel.ChannelManager - Adding key: http://localhost:52215 for channel [id: 0x2bd508b2, L:/127.0.0.1:59111 - R:localhost/127.0.0.1:52215]
16:22:24.662 [Forwarding getElementTagName on session 7d9f2f573cb1b867a68c60a5796f5ea2 to remote] DEBUG org.asynchttpclient.netty.request.NettyRequestSender - Using pooled Channel '[id: 0x2bd508b2, L:/127.0.0.1:59111 - R:localhost/127.0.0.1:52215]' for 'GET' to 'http://localhost:52215/session/7d9f2f573cb1b867a68c60a5796f5ea2/element/93e93521-7172-435c-92a9-5e879a50f7fa/name'
16:22:24.662 [Forwarding getElementTagName on session 7d9f2f573cb1b867a68c60a5796f5ea2 to remote] DEBUG org.asynchttpclient.netty.request.NettyRequestSender - Using open Channel [id: 0x2bd508b2, L:/127.0.0.1:59111 - R:localhost/127.0.0.1:52215] for GET '/session/7d9f2f573cb1b867a68c60a5796f5ea2/element/93e93521-7172-435c-92a9-5e879a50f7fa/name'
16:22:24.666 [AsyncHttpClient-1-11] DEBUG org.asynchttpclient.netty.handler.HttpHandler - 

Request DefaultFullHttpRequest(decodeResult: success, version: HTTP/1.1, content: EmptyByteBufBE)
GET /session/7d9f2f573cb1b867a68c60a5796f5ea2/element/93e93521-7172-435c-92a9-5e879a50f7fa/name HTTP/1.1
User-Agent: selenium/4.1.2 (java windows)
Cache-Control: no-cache
Content-Type: application/json; charset=utf-8
host: localhost:52215
accept: */*

Response DefaultHttpResponse(decodeResult: success, version: HTTP/1.1)
HTTP/1.1 200 OK
Content-Type: application/json; charset=utf-8
cache-control: no-cache
content-length: 16

16:22:24.666 [AsyncHttpClient-1-11] DEBUG org.asynchttpclient.netty.channel.ChannelManager - Adding key: http://localhost:52215 for channel [id: 0x2bd508b2, L:/127.0.0.1:59111 - R:localhost/127.0.0.1:52215]
16:22:24.668 [Forwarding getElementTagName on session 7d9f2f573cb1b867a68c60a5796f5ea2 to remote] DEBUG org.asynchttpclient.netty.request.NettyRequestSender - Using pooled Channel '[id: 0x2bd508b2, L:/127.0.0.1:59111 - R:localhost/127.0.0.1:52215]' for 'GET' to 'http://localhost:52215/session/7d9f2f573cb1b867a68c60a5796f5ea2/element/93e93521-7172-435c-92a9-5e879a50f7fa/name'
16:22:24.668 [Forwarding getElementTagName on session 7d9f2f573cb1b867a68c60a5796f5ea2 to remote] DEBUG org.asynchttpclient.netty.request.NettyRequestSender - Using open Channel [id: 0x2bd508b2, L:/127.0.0.1:59111 - R:localhost/127.0.0.1:52215] for GET '/session/7d9f2f573cb1b867a68c60a5796f5ea2/element/93e93521-7172-435c-92a9-5e879a50f7fa/name'
16:22:24.671 [AsyncHttpClient-1-11] DEBUG org.asynchttpclient.netty.handler.HttpHandler - 

Request DefaultFullHttpRequest(decodeResult: success, version: HTTP/1.1, content: EmptyByteBufBE)
GET /session/7d9f2f573cb1b867a68c60a5796f5ea2/element/93e93521-7172-435c-92a9-5e879a50f7fa/name HTTP/1.1
User-Agent: selenium/4.1.2 (java windows)
Cache-Control: no-cache
Content-Type: application/json; charset=utf-8
host: localhost:52215
accept: */*

Response DefaultHttpResponse(decodeResult: success, version: HTTP/1.1)
HTTP/1.1 200 OK
Content-Type: application/json; charset=utf-8
cache-control: no-cache
content-length: 16

16:22:24.671 [AsyncHttpClient-1-11] DEBUG org.asynchttpclient.netty.channel.ChannelManager - Adding key: http://localhost:52215 for channel [id: 0x2bd508b2, L:/127.0.0.1:59111 - R:localhost/127.0.0.1:52215]
16:22:24.675 [Forwarding findElement on session 7d9f2f573cb1b867a68c60a5796f5ea2 to remote] DEBUG org.asynchttpclient.netty.request.NettyRequestSender - Using pooled Channel '[id: 0x2bd508b2, L:/127.0.0.1:59111 - R:localhost/127.0.0.1:52215]' for 'POST' to 'http://localhost:52215/session/7d9f2f573cb1b867a68c60a5796f5ea2/element'
16:22:24.675 [Forwarding findElement on session 7d9f2f573cb1b867a68c60a5796f5ea2 to remote] DEBUG org.asynchttpclient.netty.request.NettyRequestSender - Using open Channel [id: 0x2bd508b2, L:/127.0.0.1:59111 - R:localhost/127.0.0.1:52215] for POST '/session/7d9f2f573cb1b867a68c60a5796f5ea2/element'
16:22:24.685 [AsyncHttpClient-1-11] DEBUG org.asynchttpclient.netty.handler.HttpHandler - 

Request DefaultHttpRequest(decodeResult: success, version: HTTP/1.1)
POST /session/7d9f2f573cb1b867a68c60a5796f5ea2/element HTTP/1.1
User-Agent: selenium/4.1.2 (java windows)
Content-Length: 110
Content-Type: application/json; charset=utf-8
host: localhost:52215
accept: */*

Response DefaultHttpResponse(decodeResult: success, version: HTTP/1.1)
HTTP/1.1 200 OK
Content-Type: application/json; charset=utf-8
cache-control: no-cache
content-length: 88

16:22:24.685 [AsyncHttpClient-1-11] DEBUG org.asynchttpclient.netty.channel.ChannelManager - Adding key: http://localhost:52215 for channel [id: 0x2bd508b2, L:/127.0.0.1:59111 - R:localhost/127.0.0.1:52215]
16:22:24.687 [Forwarding clickElement on session 7d9f2f573cb1b867a68c60a5796f5ea2 to remote] DEBUG org.asynchttpclient.netty.request.NettyRequestSender - Using pooled Channel '[id: 0x2bd508b2, L:/127.0.0.1:59111 - R:localhost/127.0.0.1:52215]' for 'POST' to 'http://localhost:52215/session/7d9f2f573cb1b867a68c60a5796f5ea2/element/93e93521-7172-435c-92a9-5e879a50f7fa/click'
16:22:24.687 [Forwarding clickElement on session 7d9f2f573cb1b867a68c60a5796f5ea2 to remote] DEBUG org.asynchttpclient.netty.request.NettyRequestSender - Using open Channel [id: 0x2bd508b2, L:/127.0.0.1:59111 - R:localhost/127.0.0.1:52215] for POST '/session/7d9f2f573cb1b867a68c60a5796f5ea2/element/93e93521-7172-435c-92a9-5e879a50f7fa/click'
16:22:24.773 [AsyncHttpClient-1-1] DEBUG org.asynchttpclient.netty.channel.DefaultChannelPool - Entry count for : http://localhost:59112 : 1
16:22:24.904 [AsyncHttpClient-1-11] DEBUG org.asynchttpclient.netty.handler.HttpHandler - 

Request DefaultHttpRequest(decodeResult: success, version: HTTP/1.1)
POST /session/7d9f2f573cb1b867a68c60a5796f5ea2/element/93e93521-7172-435c-92a9-5e879a50f7fa/click HTTP/1.1
User-Agent: selenium/4.1.2 (java windows)
Content-Length: 50
Content-Type: application/json; charset=utf-8
host: localhost:52215
accept: */*

Response DefaultHttpResponse(decodeResult: success, version: HTTP/1.1)
HTTP/1.1 200 OK
Content-Type: application/json; charset=utf-8
cache-control: no-cache
content-length: 14

16:22:24.905 [AsyncHttpClient-1-11] DEBUG org.asynchttpclient.netty.channel.ChannelManager - Adding key: http://localhost:52215 for channel [id: 0x2bd508b2, L:/127.0.0.1:59111 - R:localhost/127.0.0.1:52215]
  &amp#27;[32mWhen &amp#27;[0m&amp#27;[32mI will go to &amp#27;[0m&amp#27;[32m&amp#27;[1m"koleksiNewborn"&amp#27;[0m &amp#27;[90m# starter.stepdefinitions.BabyStep.iWillGoTo(java.lang.String)&amp#27;[0m
16:22:24.917 [Forwarding screenshot on session 7d9f2f573cb1b867a68c60a5796f5ea2 to remote] DEBUG org.asynchttpclient.netty.request.NettyRequestSender - Using pooled Channel '[id: 0x2bd508b2, L:/127.0.0.1:59111 - R:localhost/127.0.0.1:52215]' for 'GET' to 'http://localhost:52215/session/7d9f2f573cb1b867a68c60a5796f5ea2/screenshot'
16:22:24.917 [Forwarding screenshot on session 7d9f2f573cb1b867a68c60a5796f5ea2 to remote] DEBUG org.asynchttpclient.netty.request.NettyRequestSender - Using open Channel [id: 0x2bd508b2, L:/127.0.0.1:59111 - R:localhost/127.0.0.1:52215] for GET '/session/7d9f2f573cb1b867a68c60a5796f5ea2/screenshot'
16:22:25.171 [AsyncHttpClient-1-11] DEBUG org.asynchttpclient.netty.handler.HttpHandler - 

Request DefaultFullHttpRequest(decodeResult: success, version: HTTP/1.1, content: EmptyByteBufBE)
GET /session/7d9f2f573cb1b867a68c60a5796f5ea2/screenshot HTTP/1.1
User-Agent: selenium/4.1.2 (java windows)
Cache-Control: no-cache
Content-Type: application/json; charset=utf-8
host: localhost:52215
accept: */*

Response DefaultHttpResponse(decodeResult: success, version: HTTP/1.1)
HTTP/1.1 200 OK
Content-Type: application/json; charset=utf-8
cache-control: no-cache
content-length: 89556

16:22:25.172 [AsyncHttpClient-1-11] DEBUG org.asynchttpclient.netty.channel.ChannelManager - Adding key: http://localhost:52215 for channel [id: 0x2bd508b2, L:/127.0.0.1:59111 - R:localhost/127.0.0.1:52215]
16:22:25.179 [main] DEBUG net.serenitybdd.core.photography.Darkroom - Send negative for processing for target\site\serenity\d062a5997f9a4453a1a59cfe0c4acbfef39d2afa8ca0b69388869fdfcdf0a1c4.png
16:22:25.180 [Darkroom Processing Line] DEBUG net.serenitybdd.core.photography.DarkroomProcessingLine - Processing screenshot image in /var/screenshots/screenshot-10154228013771405153
16:22:25.180 [Darkroom Processing Line] DEBUG net.serenitybdd.core.photography.DarkroomProcessingLine - Saving screenshot to target\site\serenity\d062a5997f9a4453a1a59cfe0c4acbfef39d2afa8ca0b69388869fdfcdf0a1c4.png
16:22:25.193 [Forwarding findElement on session 7d9f2f573cb1b867a68c60a5796f5ea2 to remote] DEBUG org.asynchttpclient.netty.request.NettyRequestSender - Using pooled Channel '[id: 0x2bd508b2, L:/127.0.0.1:59111 - R:localhost/127.0.0.1:52215]' for 'POST' to 'http://localhost:52215/session/7d9f2f573cb1b867a68c60a5796f5ea2/element'
16:22:25.193 [Forwarding findElement on session 7d9f2f573cb1b867a68c60a5796f5ea2 to remote] DEBUG org.asynchttpclient.netty.request.NettyRequestSender - Using open Channel [id: 0x2bd508b2, L:/127.0.0.1:59111 - R:localhost/127.0.0.1:52215] for POST '/session/7d9f2f573cb1b867a68c60a5796f5ea2/element'
16:22:25.336 [AsyncHttpClient-1-11] DEBUG org.asynchttpclient.netty.handler.HttpHandler - 

Request DefaultHttpRequest(decodeResult: success, version: HTTP/1.1)
POST /session/7d9f2f573cb1b867a68c60a5796f5ea2/element HTTP/1.1
User-Agent: selenium/4.1.2 (java windows)
Content-Length: 97
Content-Type: application/json; charset=utf-8
host: localhost:52215
accept: */*

Response DefaultHttpResponse(decodeResult: success, version: HTTP/1.1)
HTTP/1.1 200 OK
Content-Type: application/json; charset=utf-8
cache-control: no-cache
content-length: 88

16:22:25.337 [AsyncHttpClient-1-11] DEBUG org.asynchttpclient.netty.channel.ChannelManager - Adding key: http://localhost:52215 for channel [id: 0x2bd508b2, L:/127.0.0.1:59111 - R:localhost/127.0.0.1:52215]
16:22:25.345 [Forwarding isElementDisplayed on session 7d9f2f573cb1b867a68c60a5796f5ea2 to remote] DEBUG org.asynchttpclient.netty.request.NettyRequestSender - Using pooled Channel '[id: 0x2bd508b2, L:/127.0.0.1:59111 - R:localhost/127.0.0.1:52215]' for 'POST' to 'http://localhost:52215/session/7d9f2f573cb1b867a68c60a5796f5ea2/execute/sync'
16:22:25.345 [Forwarding isElementDisplayed on session 7d9f2f573cb1b867a68c60a5796f5ea2 to remote] DEBUG org.asynchttpclient.netty.request.NettyRequestSender - Using open Channel [id: 0x2bd508b2, L:/127.0.0.1:59111 - R:localhost/127.0.0.1:52215] for POST '/session/7d9f2f573cb1b867a68c60a5796f5ea2/execute/sync'
16:22:25.391 [AsyncHttpClient-1-11] DEBUG org.asynchttpclient.netty.handler.HttpHandler - 

Request DefaultHttpRequest(decodeResult: success, version: HTTP/1.1)
POST /session/7d9f2f573cb1b867a68c60a5796f5ea2/execute/sync HTTP/1.1
User-Agent: selenium/4.1.2 (java windows)
Content-Length: 48780
Content-Type: application/json; charset=utf-8
host: localhost:52215
accept: */*

Response DefaultHttpResponse(decodeResult: success, version: HTTP/1.1)
HTTP/1.1 200 OK
Content-Type: application/json; charset=utf-8
cache-control: no-cache
content-length: 14

16:22:25.391 [AsyncHttpClient-1-11] DEBUG org.asynchttpclient.netty.channel.ChannelManager - Adding key: http://localhost:52215 for channel [id: 0x2bd508b2, L:/127.0.0.1:59111 - R:localhost/127.0.0.1:52215]
  &amp#27;[32mAnd &amp#27;[0m&amp#27;[32mI &amp#27;[0m&amp#27;[32m&amp#27;[1m"txtKoleksiNewborn"&amp#27;[0m&amp#27;[32m page&amp#27;[0m     &amp#27;[90m# starter.stepdefinitions.BabyStep.iPage(java.lang.String)&amp#27;[0m
16:22:25.400 [Forwarding screenshot on session 7d9f2f573cb1b867a68c60a5796f5ea2 to remote] DEBUG org.asynchttpclient.netty.request.NettyRequestSender - Using pooled Channel '[id: 0x2bd508b2, L:/127.0.0.1:59111 - R:localhost/127.0.0.1:52215]' for 'GET' to 'http://localhost:52215/session/7d9f2f573cb1b867a68c60a5796f5ea2/screenshot'
16:22:25.400 [Forwarding screenshot on session 7d9f2f573cb1b867a68c60a5796f5ea2 to remote] DEBUG org.asynchttpclient.netty.request.NettyRequestSender - Using open Channel [id: 0x2bd508b2, L:/127.0.0.1:59111 - R:localhost/127.0.0.1:52215] for GET '/session/7d9f2f573cb1b867a68c60a5796f5ea2/screenshot'
16:22:25.516 [AsyncHttpClient-1-11] DEBUG org.asynchttpclient.netty.handler.HttpHandler - 

Request DefaultFullHttpRequest(decodeResult: success, version: HTTP/1.1, content: EmptyByteBufBE)
GET /session/7d9f2f573cb1b867a68c60a5796f5ea2/screenshot HTTP/1.1
User-Agent: selenium/4.1.2 (java windows)
Cache-Control: no-cache
Content-Type: application/json; charset=utf-8
host: localhost:52215
accept: */*

Response DefaultHttpResponse(decodeResult: success, version: HTTP/1.1)
HTTP/1.1 200 OK
Content-Type: application/json; charset=utf-8
cache-control: no-cache
content-length: 57592

16:22:25.517 [AsyncHttpClient-1-11] DEBUG org.asynchttpclient.netty.channel.ChannelManager - Adding key: http://localhost:52215 for channel [id: 0x2bd508b2, L:/127.0.0.1:59111 - R:localhost/127.0.0.1:52215]
16:22:25.520 [main] DEBUG net.serenitybdd.core.photography.Darkroom - Send negative for processing for target\site\serenity\974376f0ea705d7876a21f01a629916e1d5faca945622953c10f26ea79e04a64.png
16:22:25.520 [Darkroom Processing Line] DEBUG net.serenitybdd.core.photography.DarkroomProcessingLine - Processing screenshot image in /var/screenshots/screenshot-17531286859696467051
16:22:25.520 [Darkroom Processing Line] DEBUG net.serenitybdd.core.photography.DarkroomProcessingLine - Saving screenshot to target\site\serenity\974376f0ea705d7876a21f01a629916e1d5faca945622953c10f26ea79e04a64.png
16:22:25.527 [AsyncHttpClient-1-13] DEBUG org.asynchttpclient.netty.handler.WebSocketHandler - Channel Closed: [id: 0x0d34aefe, L:/127.0.0.1:59121 ! R:localhost/127.0.0.1:59112] with attribute NettyResponseFuture{currentRetry=5,
	isDone=1,
	isCancelled=0,
	asyncHandler=org.asynchttpclient.ws.WebSocketUpgradeHandler@524446b8,
	nettyRequest=org.asynchttpclient.netty.request.NettyRequest@1746c294,
	future=java.util.concurrent.CompletableFuture@2ead7fd9[Completed normally],
	uri=ws://localhost:59112/devtools/browser/2ee23dab-76fe-4fcc-bd83-fd72cc14bda6,
	keepAlive=true,
	redirectCount=0,
	timeoutsHolder=null,
	inAuth=0,
	touch=1680859336834}
16:22:25.528 [AsyncHttpClient-1-13] DEBUG org.asynchttpclient.netty.channel.ChannelManager - Closing Channel [id: 0x0d34aefe, L:/127.0.0.1:59121 ! R:localhost/127.0.0.1:59112] 
16:22:25.528 [Driver Command Executor] DEBUG org.asynchttpclient.netty.request.NettyRequestSender - Using pooled Channel '[id: 0x2bd508b2, L:/127.0.0.1:59111 - R:localhost/127.0.0.1:52215]' for 'DELETE' to 'http://localhost:52215/session/7d9f2f573cb1b867a68c60a5796f5ea2'
16:22:25.528 [Driver Command Executor] DEBUG org.asynchttpclient.netty.request.NettyRequestSender - Using open Channel [id: 0x2bd508b2, L:/127.0.0.1:59111 - R:localhost/127.0.0.1:52215] for DELETE '/session/7d9f2f573cb1b867a68c60a5796f5ea2'
16:22:25.554 [AsyncHttpClient-1-12] DEBUG org.asynchttpclient.netty.handler.HttpHandler - Unexpected I/O exception on channel [id: 0x976ecee6, L:/127.0.0.1:59120 - R:localhost/127.0.0.1:59112]
java.net.SocketException: Connection reset
	at java.base/sun.nio.ch.SocketChannelImpl.throwConnectionReset(SocketChannelImpl.java:345)
	at java.base/sun.nio.ch.SocketChannelImpl.read(SocketChannelImpl.java:376)
	at io.netty.buffer.PooledByteBuf.setBytes(PooledByteBuf.java:258)
	at io.netty.buffer.AbstractByteBuf.writeBytes(AbstractByteBuf.java:1132)
	at io.netty.channel.socket.nio.NioSocketChannel.doReadBytes(NioSocketChannel.java:350)
	at io.netty.channel.nio.AbstractNioByteChannel$NioByteUnsafe.read(AbstractNioByteChannel.java:151)
	at io.netty.channel.nio.NioEventLoop.processSelectedKey(NioEventLoop.java:722)
	at io.netty.channel.nio.NioEventLoop.processSelectedKeysOptimized(NioEventLoop.java:658)
	at io.netty.channel.nio.NioEventLoop.processSelectedKeys(NioEventLoop.java:584)
	at io.netty.channel.nio.NioEventLoop.run(NioEventLoop.java:496)
	at io.netty.util.concurrent.SingleThreadEventExecutor$4.run(SingleThreadEventExecutor.java:986)
	at io.netty.util.internal.ThreadExecutorMap$2.run(ThreadExecutorMap.java:74)
	at io.netty.util.concurrent.FastThreadLocalRunnable.run(FastThreadLocalRunnable.java:30)
	at java.base/java.lang.Thread.run(Thread.java:830)
16:22:25.554 [AsyncHttpClient-1-12] DEBUG org.asynchttpclient.netty.channel.ChannelManager - Closing Channel [id: 0x976ecee6, L:/127.0.0.1:59120 - R:localhost/127.0.0.1:59112] 
16:22:25.554 [AsyncHttpClient-1-12] DEBUG org.asynchttpclient.netty.handler.HttpHandler - Channel Closed: [id: 0x976ecee6, L:/127.0.0.1:59120 ! R:localhost/127.0.0.1:59112] with attribute DISCARD
16:22:25.591 [AsyncHttpClient-1-11] DEBUG org.asynchttpclient.netty.handler.HttpHandler - 

Request DefaultFullHttpRequest(decodeResult: success, version: HTTP/1.1, content: EmptyByteBufBE)
DELETE /session/7d9f2f573cb1b867a68c60a5796f5ea2 HTTP/1.1
User-Agent: selenium/4.1.2 (java windows)
Content-Type: application/json; charset=utf-8
host: localhost:52215
accept: */*

Response DefaultHttpResponse(decodeResult: success, version: HTTP/1.1)
HTTP/1.1 200 OK
Content-Type: application/json; charset=utf-8
cache-control: no-cache
content-length: 14

16:22:25.591 [AsyncHttpClient-1-11] DEBUG org.asynchttpclient.netty.channel.ChannelManager - Adding key: http://localhost:52215 for channel [id: 0x2bd508b2, L:/127.0.0.1:59111 - R:localhost/127.0.0.1:52215]
16:22:25.680 [AsyncHttpClient-1-11] DEBUG org.asynchttpclient.netty.handler.HttpHandler - Channel Closed: [id: 0x2bd508b2, L:/127.0.0.1:59111 ! R:localhost/127.0.0.1:52215] with attribute DISCARD
16:22:25.869 [AsyncHttpClient-1-1] DEBUG org.asynchttpclient.netty.channel.DefaultChannelPool - Entry count for : http://localhost:52215 : 1
16:22:25.869 [AsyncHttpClient-1-1] DEBUG org.asynchttpclient.netty.channel.DefaultChannelPool - Entry count for : http://localhost:59112 : 1
16:22:25.869 [AsyncHttpClient-1-1] DEBUG org.asynchttpclient.netty.channel.DefaultChannelPool - Adding Candidate expired Channel [id: 0x2bd508b2, L:/127.0.0.1:59111 ! R:localhost/127.0.0.1:52215] isIdleTimeoutExpired=false isRemotelyClosed=true isTtlExpired=false
16:22:25.869 [AsyncHttpClient-1-1] DEBUG org.asynchttpclient.netty.channel.DefaultChannelPool - Closing Idle Channel [id: 0x2bd508b2, L:/127.0.0.1:59111 ! R:localhost/127.0.0.1:52215]
16:22:25.869 [AsyncHttpClient-1-1] DEBUG org.asynchttpclient.netty.channel.DefaultChannelPool - Adding Candidate expired Channel [id: 0x976ecee6, L:/127.0.0.1:59120 ! R:localhost/127.0.0.1:59112] isIdleTimeoutExpired=false isRemotelyClosed=true isTtlExpired=false
16:22:25.869 [AsyncHttpClient-1-1] DEBUG org.asynchttpclient.netty.channel.DefaultChannelPool - Closing Idle Channel [id: 0x976ecee6, L:/127.0.0.1:59120 ! R:localhost/127.0.0.1:59112]
16:22:25.869 [AsyncHttpClient-1-1] DEBUG org.asynchttpclient.netty.channel.DefaultChannelPool - Closed 2 connections out of 2 in 0 ms
]]></system-out>
    <system-err><![CDATA[Starting Microsoft Edge WebDriver 111.0.1661.62 (0a8f453929e6410c973aa529a40485ce4e3e03db) on port 52215
To submit feedback, report a bug, or suggest new features, please visit https://github.com/MicrosoftEdge/EdgeWebDriver

Only local connections are allowed.
Please see https://aka.ms/WebDriverSecurity for suggestions on keeping Microsoft Edge WebDriver safe.

Microsoft Edge WebDriver was started successfully.
Apr 07, 2023 4:22:16 PM org.openqa.selenium.remote.ProtocolHandshake createSession
INFO: Detected dialect: W3C
Apr 07, 2023 4:22:16 PM org.openqa.selenium.devtools.CdpVersionFinder findNearestMatch
WARNING: Unable to find an exact match for CDP version 111, so returning the closest version found: a no-op implementation
Apr 07, 2023 4:22:16 PM org.openqa.selenium.devtools.CdpVersionFinder findNearestMatch
INFO: Unable to find CDP implementation matching 111.
Apr 07, 2023 4:22:16 PM org.openqa.selenium.chromium.ChromiumDriver lambda$new$3
WARNING: Unable to find version of CDP to use for . You may need to include a dependency on a specific version of the CDP using something similar to `org.seleniumhq.selenium:selenium-devtools-v86:4.1.2` where the version ("v86") matches the version of the chromium-based browser you're using and the version number of the artifact is the same as Selenium's.
]]></system-err>
  </testcase>
  <testcase name="Fitur Menu Baby #5" classname="Baby" time="11.092">
    <system-out><![CDATA[
Scenario Outline: Fitur Menu Baby &amp#27;[90m# src/test/resources/features/Baby.feature:17&amp#27;[0m
16:22:26.270 [main] INFO io.cucumber.core.plugin.SerenityReporter - Running feature from file:///C:/Users/alwi/IdeaProjects/uniqloweb/src/test/resources/features/Baby.feature
16:22:26.451 [main] DEBUG io.github.bonigarcia.wdm.cache.ResolutionCache - Resolution edge=111 in cache (valid until 17:21:26 07/04/2023 WIB)
16:22:26.458 [main] DEBUG io.github.bonigarcia.wdm.cache.ResolutionCache - Resolution edge111=111.0.1661.62 in cache (valid until 15:02:35 08/04/2023 WIB)
16:22:26.459 [main] INFO io.github.bonigarcia.wdm.WebDriverManager - Using msedgedriver 111.0.1661.62 (resolved driver for Edge 111)
16:22:26.489 [main] DEBUG io.github.bonigarcia.wdm.WebDriverManager - Driver msedgedriver 111.0.1661.62 found in cache
16:22:26.492 [main] INFO io.github.bonigarcia.wdm.WebDriverManager - Exporting webdriver.edge.driver as C:\Users\alwi\.cache\selenium\msedgedriver\win64\111.0.1661.62\msedgedriver.exe
16:22:26.494 [main] DEBUG net.serenitybdd.core.webdriver.driverproviders.ProvideNewDriver - Instantiating driver
16:22:26.494 [main] DEBUG net.serenitybdd.core.webdriver.driverproviders.ProvideNewDriver - Driver capabilities: Capabilities {base.url: https://www.uniqlo.com, chrome.driver: src/test/resources/webdrive..., driver: edge, ms:edgeChromium: true, ms:edgeOptions: {}, wait.for.timeout: 6000}
16:22:27.010 [AsyncHttpClient-1-14] DEBUG org.asynchttpclient.netty.channel.NettyConnectListener - Using new Channel '[id: 0x45440f3e, L:/127.0.0.1:59242 - R:localhost/127.0.0.1:61425]' for 'POST' to '/session'
16:22:27.617 [AsyncHttpClient-1-14] DEBUG org.asynchttpclient.netty.handler.HttpHandler - 

Request DefaultHttpRequest(decodeResult: success, version: HTTP/1.1)
POST /session HTTP/1.1
User-Agent: selenium/4.1.2 (java windows)
Content-Length: 627
Content-Type: application/json; charset=utf-8
host: localhost:61425
accept: */*

Response DefaultHttpResponse(decodeResult: success, version: HTTP/1.1)
HTTP/1.1 200 OK
Content-Type: application/json; charset=utf-8
cache-control: no-cache
content-length: 823

16:22:27.617 [AsyncHttpClient-1-14] DEBUG org.asynchttpclient.netty.channel.ChannelManager - Adding key: http://localhost:61425 for channel [id: 0x45440f3e, L:/127.0.0.1:59242 - R:localhost/127.0.0.1:61425]
16:22:27.624 [AsyncHttpClient-1-15] DEBUG org.asynchttpclient.netty.channel.NettyConnectListener - Using new Channel '[id: 0x839c33bd, L:/127.0.0.1:59249 - R:localhost/127.0.0.1:59243]' for 'GET' to '/json/version'
16:22:27.628 [AsyncHttpClient-1-15] DEBUG org.asynchttpclient.netty.handler.HttpHandler - 

Request DefaultFullHttpRequest(decodeResult: success, version: HTTP/1.1, content: EmptyByteBufBE)
GET /json/version HTTP/1.1
User-Agent: selenium/4.1.2 (java windows)
host: localhost:59243
accept: */*

Response DefaultHttpResponse(decodeResult: success, version: HTTP/1.1)
HTTP/1.1 200 OK
Content-Security-Policy: frame-ancestors 'none'
Content-Type: application/json; charset=UTF-8
content-length: 436

16:22:27.628 [AsyncHttpClient-1-15] DEBUG org.asynchttpclient.netty.channel.ChannelManager - Adding key: http://localhost:59243 for channel [id: 0x839c33bd, L:/127.0.0.1:59249 - R:localhost/127.0.0.1:59243]
16:22:27.631 [AsyncHttpClient-1-16] DEBUG org.asynchttpclient.netty.channel.NettyConnectListener - Using new Channel '[id: 0x5357addc, L:/127.0.0.1:59250 - R:localhost/127.0.0.1:59243]' for 'GET' to '/devtools/browser/d7bbe6e0-9567-4c1f-bb3c-19f45652c81d'
16:22:27.636 [AsyncHttpClient-1-16] DEBUG org.asynchttpclient.netty.handler.WebSocketHandler - 

Request DefaultFullHttpRequest(decodeResult: success, version: HTTP/1.1, content: EmptyByteBufBE)
GET /devtools/browser/d7bbe6e0-9567-4c1f-bb3c-19f45652c81d HTTP/1.1
upgrade: websocket
connection: upgrade
sec-websocket-key: DUnr26VNb+YzD2iWgl6hOQ==
sec-websocket-version: 13
origin: http://localhost:59243
host: localhost:59243
accept: */*
user-agent: AHC/2.1

Response DefaultHttpResponse(decodeResult: success, version: HTTP/1.1)
HTTP/1.1 101 WebSocket Protocol Handshake
Upgrade: WebSocket
Connection: Upgrade
Sec-WebSocket-Accept: rzAhcFB2fYQEKwLCl3pP64LRcXY=

16:22:27.642 [Forwarding get on session b48b268e169ba4279d02afae7d386215 to remote] DEBUG org.asynchttpclient.netty.request.NettyRequestSender - Using pooled Channel '[id: 0x45440f3e, L:/127.0.0.1:59242 - R:localhost/127.0.0.1:61425]' for 'POST' to 'http://localhost:61425/session/b48b268e169ba4279d02afae7d386215/url'
16:22:27.642 [Forwarding get on session b48b268e169ba4279d02afae7d386215 to remote] DEBUG org.asynchttpclient.netty.request.NettyRequestSender - Using open Channel [id: 0x45440f3e, L:/127.0.0.1:59242 - R:localhost/127.0.0.1:61425] for POST '/session/b48b268e169ba4279d02afae7d386215/url'
16:22:28.066 [AsyncHttpClient-1-1] DEBUG org.asynchttpclient.netty.channel.DefaultChannelPool - Entry count for : http://localhost:59243 : 1
16:22:29.165 [AsyncHttpClient-1-1] DEBUG org.asynchttpclient.netty.channel.DefaultChannelPool - Entry count for : http://localhost:59243 : 1
16:22:30.273 [AsyncHttpClient-1-1] DEBUG org.asynchttpclient.netty.channel.DefaultChannelPool - Entry count for : http://localhost:59243 : 1
16:22:31.369 [AsyncHttpClient-1-1] DEBUG org.asynchttpclient.netty.channel.DefaultChannelPool - Entry count for : http://localhost:59243 : 1
16:22:32.469 [AsyncHttpClient-1-1] DEBUG org.asynchttpclient.netty.channel.DefaultChannelPool - Entry count for : http://localhost:59243 : 1
16:22:33.568 [AsyncHttpClient-1-1] DEBUG org.asynchttpclient.netty.channel.DefaultChannelPool - Entry count for : http://localhost:59243 : 1
16:22:33.579 [AsyncHttpClient-1-14] DEBUG org.asynchttpclient.netty.handler.HttpHandler - 

Request DefaultHttpRequest(decodeResult: success, version: HTTP/1.1)
POST /session/b48b268e169ba4279d02afae7d386215/url HTTP/1.1
User-Agent: selenium/4.1.2 (java windows)
Content-Length: 53
Content-Type: application/json; charset=utf-8
host: localhost:61425
accept: */*

Response DefaultHttpResponse(decodeResult: success, version: HTTP/1.1)
HTTP/1.1 200 OK
Content-Type: application/json; charset=utf-8
cache-control: no-cache
content-length: 14

16:22:33.579 [AsyncHttpClient-1-14] DEBUG org.asynchttpclient.netty.channel.ChannelManager - Adding key: http://localhost:61425 for channel [id: 0x45440f3e, L:/127.0.0.1:59242 - R:localhost/127.0.0.1:61425]
16:22:33.581 [Forwarding setTimeout on session b48b268e169ba4279d02afae7d386215 to remote] DEBUG org.asynchttpclient.netty.request.NettyRequestSender - Using pooled Channel '[id: 0x45440f3e, L:/127.0.0.1:59242 - R:localhost/127.0.0.1:61425]' for 'POST' to 'http://localhost:61425/session/b48b268e169ba4279d02afae7d386215/timeouts'
16:22:33.582 [Forwarding setTimeout on session b48b268e169ba4279d02afae7d386215 to remote] DEBUG org.asynchttpclient.netty.request.NettyRequestSender - Using open Channel [id: 0x45440f3e, L:/127.0.0.1:59242 - R:localhost/127.0.0.1:61425] for POST '/session/b48b268e169ba4279d02afae7d386215/timeouts'
16:22:33.583 [AsyncHttpClient-1-14] DEBUG org.asynchttpclient.netty.handler.HttpHandler - 

Request DefaultHttpRequest(decodeResult: success, version: HTTP/1.1)
POST /session/b48b268e169ba4279d02afae7d386215/timeouts HTTP/1.1
User-Agent: selenium/4.1.2 (java windows)
Content-Length: 22
Content-Type: application/json; charset=utf-8
host: localhost:61425
accept: */*

Response DefaultHttpResponse(decodeResult: success, version: HTTP/1.1)
HTTP/1.1 200 OK
Content-Type: application/json; charset=utf-8
cache-control: no-cache
content-length: 14

16:22:33.583 [AsyncHttpClient-1-14] DEBUG org.asynchttpclient.netty.channel.ChannelManager - Adding key: http://localhost:61425 for channel [id: 0x45440f3e, L:/127.0.0.1:59242 - R:localhost/127.0.0.1:61425]
16:22:33.589 [Forwarding getCurrentUrl on session b48b268e169ba4279d02afae7d386215 to remote] DEBUG org.asynchttpclient.netty.request.NettyRequestSender - Using pooled Channel '[id: 0x45440f3e, L:/127.0.0.1:59242 - R:localhost/127.0.0.1:61425]' for 'GET' to 'http://localhost:61425/session/b48b268e169ba4279d02afae7d386215/url'
16:22:33.589 [Forwarding getCurrentUrl on session b48b268e169ba4279d02afae7d386215 to remote] DEBUG org.asynchttpclient.netty.request.NettyRequestSender - Using open Channel [id: 0x45440f3e, L:/127.0.0.1:59242 - R:localhost/127.0.0.1:61425] for GET '/session/b48b268e169ba4279d02afae7d386215/url'
16:22:33.600 [AsyncHttpClient-1-14] DEBUG org.asynchttpclient.netty.handler.HttpHandler - 

Request DefaultFullHttpRequest(decodeResult: success, version: HTTP/1.1, content: EmptyByteBufBE)
GET /session/b48b268e169ba4279d02afae7d386215/url HTTP/1.1
User-Agent: selenium/4.1.2 (java windows)
Cache-Control: no-cache
Content-Type: application/json; charset=utf-8
host: localhost:61425
accept: */*

Response DefaultHttpResponse(decodeResult: success, version: HTTP/1.1)
HTTP/1.1 200 OK
Content-Type: application/json; charset=utf-8
cache-control: no-cache
content-length: 41

16:22:33.600 [AsyncHttpClient-1-14] DEBUG org.asynchttpclient.netty.channel.ChannelManager - Adding key: http://localhost:61425 for channel [id: 0x45440f3e, L:/127.0.0.1:59242 - R:localhost/127.0.0.1:61425]
  &amp#27;[32mGiven &amp#27;[0m&amp#27;[32mI am on the home page&amp#27;[0m     &amp#27;[90m# starter.stepdefinitions.BabyStep.iAmOnTheHomePage()&amp#27;[0m
16:22:33.606 [Forwarding screenshot on session b48b268e169ba4279d02afae7d386215 to remote] DEBUG org.asynchttpclient.netty.request.NettyRequestSender - Using pooled Channel '[id: 0x45440f3e, L:/127.0.0.1:59242 - R:localhost/127.0.0.1:61425]' for 'GET' to 'http://localhost:61425/session/b48b268e169ba4279d02afae7d386215/screenshot'
16:22:33.606 [Forwarding screenshot on session b48b268e169ba4279d02afae7d386215 to remote] DEBUG org.asynchttpclient.netty.request.NettyRequestSender - Using open Channel [id: 0x45440f3e, L:/127.0.0.1:59242 - R:localhost/127.0.0.1:61425] for GET '/session/b48b268e169ba4279d02afae7d386215/screenshot'
16:22:33.950 [AsyncHttpClient-1-14] DEBUG org.asynchttpclient.netty.handler.HttpHandler - 

Request DefaultFullHttpRequest(decodeResult: success, version: HTTP/1.1, content: EmptyByteBufBE)
GET /session/b48b268e169ba4279d02afae7d386215/screenshot HTTP/1.1
User-Agent: selenium/4.1.2 (java windows)
Cache-Control: no-cache
Content-Type: application/json; charset=utf-8
host: localhost:61425
accept: */*

Response DefaultHttpResponse(decodeResult: success, version: HTTP/1.1)
HTTP/1.1 200 OK
Content-Type: application/json; charset=utf-8
cache-control: no-cache
content-length: 1022316

16:22:33.954 [AsyncHttpClient-1-14] DEBUG org.asynchttpclient.netty.channel.ChannelManager - Adding key: http://localhost:61425 for channel [id: 0x45440f3e, L:/127.0.0.1:59242 - R:localhost/127.0.0.1:61425]
16:22:33.985 [main] DEBUG net.serenitybdd.core.photography.Darkroom - Send negative for processing for target\site\serenity\b0ddf3608b8f51a6a3adc36e4acd901b7a2c5b7adc6fd42a924a7c7a6358c0ea.png
16:22:34.002 [Forwarding findElement on session b48b268e169ba4279d02afae7d386215 to remote] DEBUG org.asynchttpclient.netty.request.NettyRequestSender - Using pooled Channel '[id: 0x45440f3e, L:/127.0.0.1:59242 - R:localhost/127.0.0.1:61425]' for 'POST' to 'http://localhost:61425/session/b48b268e169ba4279d02afae7d386215/element'
16:22:34.002 [Forwarding findElement on session b48b268e169ba4279d02afae7d386215 to remote] DEBUG org.asynchttpclient.netty.request.NettyRequestSender - Using open Channel [id: 0x45440f3e, L:/127.0.0.1:59242 - R:localhost/127.0.0.1:61425] for POST '/session/b48b268e169ba4279d02afae7d386215/element'
16:22:34.018 [AsyncHttpClient-1-14] DEBUG org.asynchttpclient.netty.handler.HttpHandler - 

Request DefaultHttpRequest(decodeResult: success, version: HTTP/1.1)
POST /session/b48b268e169ba4279d02afae7d386215/element HTTP/1.1
User-Agent: selenium/4.1.2 (java windows)
Content-Length: 81
Content-Type: application/json; charset=utf-8
host: localhost:61425
accept: */*

Response DefaultHttpResponse(decodeResult: success, version: HTTP/1.1)
HTTP/1.1 200 OK
Content-Type: application/json; charset=utf-8
cache-control: no-cache
content-length: 88

16:22:34.018 [AsyncHttpClient-1-14] DEBUG org.asynchttpclient.netty.channel.ChannelManager - Adding key: http://localhost:61425 for channel [id: 0x45440f3e, L:/127.0.0.1:59242 - R:localhost/127.0.0.1:61425]
16:22:34.020 [Forwarding getElementTagName on session b48b268e169ba4279d02afae7d386215 to remote] DEBUG org.asynchttpclient.netty.request.NettyRequestSender - Using pooled Channel '[id: 0x45440f3e, L:/127.0.0.1:59242 - R:localhost/127.0.0.1:61425]' for 'GET' to 'http://localhost:61425/session/b48b268e169ba4279d02afae7d386215/element/7f7466e0-6ddc-4108-9d5a-cf1ceb01fb08/name'
16:22:34.020 [Forwarding getElementTagName on session b48b268e169ba4279d02afae7d386215 to remote] DEBUG org.asynchttpclient.netty.request.NettyRequestSender - Using open Channel [id: 0x45440f3e, L:/127.0.0.1:59242 - R:localhost/127.0.0.1:61425] for GET '/session/b48b268e169ba4279d02afae7d386215/element/7f7466e0-6ddc-4108-9d5a-cf1ceb01fb08/name'
16:22:34.025 [AsyncHttpClient-1-14] DEBUG org.asynchttpclient.netty.handler.HttpHandler - 

Request DefaultFullHttpRequest(decodeResult: success, version: HTTP/1.1, content: EmptyByteBufBE)
GET /session/b48b268e169ba4279d02afae7d386215/element/7f7466e0-6ddc-4108-9d5a-cf1ceb01fb08/name HTTP/1.1
User-Agent: selenium/4.1.2 (java windows)
Cache-Control: no-cache
Content-Type: application/json; charset=utf-8
host: localhost:61425
accept: */*

Response DefaultHttpResponse(decodeResult: success, version: HTTP/1.1)
HTTP/1.1 200 OK
Content-Type: application/json; charset=utf-8
cache-control: no-cache
content-length: 16

16:22:34.025 [AsyncHttpClient-1-14] DEBUG org.asynchttpclient.netty.channel.ChannelManager - Adding key: http://localhost:61425 for channel [id: 0x45440f3e, L:/127.0.0.1:59242 - R:localhost/127.0.0.1:61425]
16:22:34.026 [Forwarding getElementTagName on session b48b268e169ba4279d02afae7d386215 to remote] DEBUG org.asynchttpclient.netty.request.NettyRequestSender - Using pooled Channel '[id: 0x45440f3e, L:/127.0.0.1:59242 - R:localhost/127.0.0.1:61425]' for 'GET' to 'http://localhost:61425/session/b48b268e169ba4279d02afae7d386215/element/7f7466e0-6ddc-4108-9d5a-cf1ceb01fb08/name'
16:22:34.026 [Forwarding getElementTagName on session b48b268e169ba4279d02afae7d386215 to remote] DEBUG org.asynchttpclient.netty.request.NettyRequestSender - Using open Channel [id: 0x45440f3e, L:/127.0.0.1:59242 - R:localhost/127.0.0.1:61425] for GET '/session/b48b268e169ba4279d02afae7d386215/element/7f7466e0-6ddc-4108-9d5a-cf1ceb01fb08/name'
16:22:34.030 [AsyncHttpClient-1-14] DEBUG org.asynchttpclient.netty.handler.HttpHandler - 

Request DefaultFullHttpRequest(decodeResult: success, version: HTTP/1.1, content: EmptyByteBufBE)
GET /session/b48b268e169ba4279d02afae7d386215/element/7f7466e0-6ddc-4108-9d5a-cf1ceb01fb08/name HTTP/1.1
User-Agent: selenium/4.1.2 (java windows)
Cache-Control: no-cache
Content-Type: application/json; charset=utf-8
host: localhost:61425
accept: */*

Response DefaultHttpResponse(decodeResult: success, version: HTTP/1.1)
HTTP/1.1 200 OK
Content-Type: application/json; charset=utf-8
cache-control: no-cache
content-length: 16

16:22:34.030 [AsyncHttpClient-1-14] DEBUG org.asynchttpclient.netty.channel.ChannelManager - Adding key: http://localhost:61425 for channel [id: 0x45440f3e, L:/127.0.0.1:59242 - R:localhost/127.0.0.1:61425]
16:22:34.032 [Forwarding findElement on session b48b268e169ba4279d02afae7d386215 to remote] DEBUG org.asynchttpclient.netty.request.NettyRequestSender - Using pooled Channel '[id: 0x45440f3e, L:/127.0.0.1:59242 - R:localhost/127.0.0.1:61425]' for 'POST' to 'http://localhost:61425/session/b48b268e169ba4279d02afae7d386215/element'
16:22:34.032 [Forwarding findElement on session b48b268e169ba4279d02afae7d386215 to remote] DEBUG org.asynchttpclient.netty.request.NettyRequestSender - Using open Channel [id: 0x45440f3e, L:/127.0.0.1:59242 - R:localhost/127.0.0.1:61425] for POST '/session/b48b268e169ba4279d02afae7d386215/element'
16:22:34.041 [AsyncHttpClient-1-14] DEBUG org.asynchttpclient.netty.handler.HttpHandler - 

Request DefaultHttpRequest(decodeResult: success, version: HTTP/1.1)
POST /session/b48b268e169ba4279d02afae7d386215/element HTTP/1.1
User-Agent: selenium/4.1.2 (java windows)
Content-Length: 81
Content-Type: application/json; charset=utf-8
host: localhost:61425
accept: */*

Response DefaultHttpResponse(decodeResult: success, version: HTTP/1.1)
HTTP/1.1 200 OK
Content-Type: application/json; charset=utf-8
cache-control: no-cache
content-length: 88

16:22:34.041 [AsyncHttpClient-1-14] DEBUG org.asynchttpclient.netty.channel.ChannelManager - Adding key: http://localhost:61425 for channel [id: 0x45440f3e, L:/127.0.0.1:59242 - R:localhost/127.0.0.1:61425]
16:22:34.043 [Forwarding clickElement on session b48b268e169ba4279d02afae7d386215 to remote] DEBUG org.asynchttpclient.netty.request.NettyRequestSender - Using pooled Channel '[id: 0x45440f3e, L:/127.0.0.1:59242 - R:localhost/127.0.0.1:61425]' for 'POST' to 'http://localhost:61425/session/b48b268e169ba4279d02afae7d386215/element/7f7466e0-6ddc-4108-9d5a-cf1ceb01fb08/click'
16:22:34.043 [Forwarding clickElement on session b48b268e169ba4279d02afae7d386215 to remote] DEBUG org.asynchttpclient.netty.request.NettyRequestSender - Using open Channel [id: 0x45440f3e, L:/127.0.0.1:59242 - R:localhost/127.0.0.1:61425] for POST '/session/b48b268e169ba4279d02afae7d386215/element/7f7466e0-6ddc-4108-9d5a-cf1ceb01fb08/click'
16:22:34.482 [AsyncHttpClient-1-14] DEBUG org.asynchttpclient.netty.handler.HttpHandler - 

Request DefaultHttpRequest(decodeResult: success, version: HTTP/1.1)
POST /session/b48b268e169ba4279d02afae7d386215/element/7f7466e0-6ddc-4108-9d5a-cf1ceb01fb08/click HTTP/1.1
User-Agent: selenium/4.1.2 (java windows)
Content-Length: 50
Content-Type: application/json; charset=utf-8
host: localhost:61425
accept: */*

Response DefaultHttpResponse(decodeResult: success, version: HTTP/1.1)
HTTP/1.1 200 OK
Content-Type: application/json; charset=utf-8
cache-control: no-cache
content-length: 14

16:22:34.482 [AsyncHttpClient-1-14] DEBUG org.asynchttpclient.netty.channel.ChannelManager - Adding key: http://localhost:61425 for channel [id: 0x45440f3e, L:/127.0.0.1:59242 - R:localhost/127.0.0.1:61425]
  &amp#27;[32mThen &amp#27;[0m&amp#27;[32mI click baby on the header&amp#27;[0m &amp#27;[90m# starter.stepdefinitions.BabyStep.iClickBabyOnTheHeader()&amp#27;[0m
16:22:34.492 [Forwarding screenshot on session b48b268e169ba4279d02afae7d386215 to remote] DEBUG org.asynchttpclient.netty.request.NettyRequestSender - Using pooled Channel '[id: 0x45440f3e, L:/127.0.0.1:59242 - R:localhost/127.0.0.1:61425]' for 'GET' to 'http://localhost:61425/session/b48b268e169ba4279d02afae7d386215/screenshot'
16:22:34.492 [Forwarding screenshot on session b48b268e169ba4279d02afae7d386215 to remote] DEBUG org.asynchttpclient.netty.request.NettyRequestSender - Using open Channel [id: 0x45440f3e, L:/127.0.0.1:59242 - R:localhost/127.0.0.1:61425] for GET '/session/b48b268e169ba4279d02afae7d386215/screenshot'
16:22:34.654 [AsyncHttpClient-1-14] DEBUG org.asynchttpclient.netty.handler.HttpHandler - 

Request DefaultFullHttpRequest(decodeResult: success, version: HTTP/1.1, content: EmptyByteBufBE)
GET /session/b48b268e169ba4279d02afae7d386215/screenshot HTTP/1.1
User-Agent: selenium/4.1.2 (java windows)
Cache-Control: no-cache
Content-Type: application/json; charset=utf-8
host: localhost:61425
accept: */*

Response DefaultHttpResponse(decodeResult: success, version: HTTP/1.1)
HTTP/1.1 200 OK
Content-Type: application/json; charset=utf-8
cache-control: no-cache
content-length: 62568

16:22:34.654 [AsyncHttpClient-1-14] DEBUG org.asynchttpclient.netty.channel.ChannelManager - Adding key: http://localhost:61425 for channel [id: 0x45440f3e, L:/127.0.0.1:59242 - R:localhost/127.0.0.1:61425]
16:22:34.658 [main] DEBUG net.serenitybdd.core.photography.Darkroom - Send negative for processing for target\site\serenity\004302c177e8353a51fc79aa1318bdd56bf53cfe444c880be093611281d19136.png
16:22:34.658 [Darkroom Processing Line] DEBUG net.serenitybdd.core.photography.DarkroomProcessingLine - Processing screenshot image in /var/screenshots/screenshot-14637807264774861149
16:22:34.658 [Darkroom Processing Line] DEBUG net.serenitybdd.core.photography.DarkroomProcessingLine - Saving screenshot to target\site\serenity\004302c177e8353a51fc79aa1318bdd56bf53cfe444c880be093611281d19136.png
16:22:34.666 [AsyncHttpClient-1-1] DEBUG org.asynchttpclient.netty.channel.DefaultChannelPool - Entry count for : http://localhost:59243 : 1
16:22:34.666 [AsyncHttpClient-1-1] DEBUG org.asynchttpclient.netty.channel.DefaultChannelPool - Entry count for : http://localhost:61425 : 1
16:22:34.670 [Forwarding findElement on session b48b268e169ba4279d02afae7d386215 to remote] DEBUG org.asynchttpclient.netty.request.NettyRequestSender - Using pooled Channel '[id: 0x45440f3e, L:/127.0.0.1:59242 - R:localhost/127.0.0.1:61425]' for 'POST' to 'http://localhost:61425/session/b48b268e169ba4279d02afae7d386215/element'
16:22:34.670 [Forwarding findElement on session b48b268e169ba4279d02afae7d386215 to remote] DEBUG org.asynchttpclient.netty.request.NettyRequestSender - Using open Channel [id: 0x45440f3e, L:/127.0.0.1:59242 - R:localhost/127.0.0.1:61425] for POST '/session/b48b268e169ba4279d02afae7d386215/element'
16:22:34.684 [AsyncHttpClient-1-14] DEBUG org.asynchttpclient.netty.handler.HttpHandler - 

Request DefaultHttpRequest(decodeResult: success, version: HTTP/1.1)
POST /session/b48b268e169ba4279d02afae7d386215/element HTTP/1.1
User-Agent: selenium/4.1.2 (java windows)
Content-Length: 104
Content-Type: application/json; charset=utf-8
host: localhost:61425
accept: */*

Response DefaultHttpResponse(decodeResult: success, version: HTTP/1.1)
HTTP/1.1 200 OK
Content-Type: application/json; charset=utf-8
cache-control: no-cache
content-length: 88

16:22:34.685 [AsyncHttpClient-1-14] DEBUG org.asynchttpclient.netty.channel.ChannelManager - Adding key: http://localhost:61425 for channel [id: 0x45440f3e, L:/127.0.0.1:59242 - R:localhost/127.0.0.1:61425]
16:22:34.686 [Forwarding getElementTagName on session b48b268e169ba4279d02afae7d386215 to remote] DEBUG org.asynchttpclient.netty.request.NettyRequestSender - Using pooled Channel '[id: 0x45440f3e, L:/127.0.0.1:59242 - R:localhost/127.0.0.1:61425]' for 'GET' to 'http://localhost:61425/session/b48b268e169ba4279d02afae7d386215/element/73307295-3595-450a-ad88-d8550133c164/name'
16:22:34.686 [Forwarding getElementTagName on session b48b268e169ba4279d02afae7d386215 to remote] DEBUG org.asynchttpclient.netty.request.NettyRequestSender - Using open Channel [id: 0x45440f3e, L:/127.0.0.1:59242 - R:localhost/127.0.0.1:61425] for GET '/session/b48b268e169ba4279d02afae7d386215/element/73307295-3595-450a-ad88-d8550133c164/name'
16:22:34.691 [AsyncHttpClient-1-14] DEBUG org.asynchttpclient.netty.handler.HttpHandler - 

Request DefaultFullHttpRequest(decodeResult: success, version: HTTP/1.1, content: EmptyByteBufBE)
GET /session/b48b268e169ba4279d02afae7d386215/element/73307295-3595-450a-ad88-d8550133c164/name HTTP/1.1
User-Agent: selenium/4.1.2 (java windows)
Cache-Control: no-cache
Content-Type: application/json; charset=utf-8
host: localhost:61425
accept: */*

Response DefaultHttpResponse(decodeResult: success, version: HTTP/1.1)
HTTP/1.1 200 OK
Content-Type: application/json; charset=utf-8
cache-control: no-cache
content-length: 16

16:22:34.692 [AsyncHttpClient-1-14] DEBUG org.asynchttpclient.netty.channel.ChannelManager - Adding key: http://localhost:61425 for channel [id: 0x45440f3e, L:/127.0.0.1:59242 - R:localhost/127.0.0.1:61425]
16:22:34.693 [Forwarding getElementTagName on session b48b268e169ba4279d02afae7d386215 to remote] DEBUG org.asynchttpclient.netty.request.NettyRequestSender - Using pooled Channel '[id: 0x45440f3e, L:/127.0.0.1:59242 - R:localhost/127.0.0.1:61425]' for 'GET' to 'http://localhost:61425/session/b48b268e169ba4279d02afae7d386215/element/73307295-3595-450a-ad88-d8550133c164/name'
16:22:34.693 [Forwarding getElementTagName on session b48b268e169ba4279d02afae7d386215 to remote] DEBUG org.asynchttpclient.netty.request.NettyRequestSender - Using open Channel [id: 0x45440f3e, L:/127.0.0.1:59242 - R:localhost/127.0.0.1:61425] for GET '/session/b48b268e169ba4279d02afae7d386215/element/73307295-3595-450a-ad88-d8550133c164/name'
16:22:34.697 [AsyncHttpClient-1-14] DEBUG org.asynchttpclient.netty.handler.HttpHandler - 

Request DefaultFullHttpRequest(decodeResult: success, version: HTTP/1.1, content: EmptyByteBufBE)
GET /session/b48b268e169ba4279d02afae7d386215/element/73307295-3595-450a-ad88-d8550133c164/name HTTP/1.1
User-Agent: selenium/4.1.2 (java windows)
Cache-Control: no-cache
Content-Type: application/json; charset=utf-8
host: localhost:61425
accept: */*

Response DefaultHttpResponse(decodeResult: success, version: HTTP/1.1)
HTTP/1.1 200 OK
Content-Type: application/json; charset=utf-8
cache-control: no-cache
content-length: 16

16:22:34.697 [AsyncHttpClient-1-14] DEBUG org.asynchttpclient.netty.channel.ChannelManager - Adding key: http://localhost:61425 for channel [id: 0x45440f3e, L:/127.0.0.1:59242 - R:localhost/127.0.0.1:61425]
16:22:34.699 [Forwarding findElement on session b48b268e169ba4279d02afae7d386215 to remote] DEBUG org.asynchttpclient.netty.request.NettyRequestSender - Using pooled Channel '[id: 0x45440f3e, L:/127.0.0.1:59242 - R:localhost/127.0.0.1:61425]' for 'POST' to 'http://localhost:61425/session/b48b268e169ba4279d02afae7d386215/element'
16:22:34.699 [Forwarding findElement on session b48b268e169ba4279d02afae7d386215 to remote] DEBUG org.asynchttpclient.netty.request.NettyRequestSender - Using open Channel [id: 0x45440f3e, L:/127.0.0.1:59242 - R:localhost/127.0.0.1:61425] for POST '/session/b48b268e169ba4279d02afae7d386215/element'
16:22:34.711 [AsyncHttpClient-1-14] DEBUG org.asynchttpclient.netty.handler.HttpHandler - 

Request DefaultHttpRequest(decodeResult: success, version: HTTP/1.1)
POST /session/b48b268e169ba4279d02afae7d386215/element HTTP/1.1
User-Agent: selenium/4.1.2 (java windows)
Content-Length: 104
Content-Type: application/json; charset=utf-8
host: localhost:61425
accept: */*

Response DefaultHttpResponse(decodeResult: success, version: HTTP/1.1)
HTTP/1.1 200 OK
Content-Type: application/json; charset=utf-8
cache-control: no-cache
content-length: 88

16:22:34.712 [AsyncHttpClient-1-14] DEBUG org.asynchttpclient.netty.channel.ChannelManager - Adding key: http://localhost:61425 for channel [id: 0x45440f3e, L:/127.0.0.1:59242 - R:localhost/127.0.0.1:61425]
16:22:34.713 [Forwarding clickElement on session b48b268e169ba4279d02afae7d386215 to remote] DEBUG org.asynchttpclient.netty.request.NettyRequestSender - Using pooled Channel '[id: 0x45440f3e, L:/127.0.0.1:59242 - R:localhost/127.0.0.1:61425]' for 'POST' to 'http://localhost:61425/session/b48b268e169ba4279d02afae7d386215/element/73307295-3595-450a-ad88-d8550133c164/click'
16:22:34.713 [Forwarding clickElement on session b48b268e169ba4279d02afae7d386215 to remote] DEBUG org.asynchttpclient.netty.request.NettyRequestSender - Using open Channel [id: 0x45440f3e, L:/127.0.0.1:59242 - R:localhost/127.0.0.1:61425] for POST '/session/b48b268e169ba4279d02afae7d386215/element/73307295-3595-450a-ad88-d8550133c164/click'
16:22:34.885 [AsyncHttpClient-1-14] DEBUG org.asynchttpclient.netty.handler.HttpHandler - 

Request DefaultHttpRequest(decodeResult: success, version: HTTP/1.1)
POST /session/b48b268e169ba4279d02afae7d386215/element/73307295-3595-450a-ad88-d8550133c164/click HTTP/1.1
User-Agent: selenium/4.1.2 (java windows)
Content-Length: 50
Content-Type: application/json; charset=utf-8
host: localhost:61425
accept: */*

Response DefaultHttpResponse(decodeResult: success, version: HTTP/1.1)
HTTP/1.1 200 OK
Content-Type: application/json; charset=utf-8
cache-control: no-cache
content-length: 14

16:22:34.886 [AsyncHttpClient-1-14] DEBUG org.asynchttpclient.netty.channel.ChannelManager - Adding key: http://localhost:61425 for channel [id: 0x45440f3e, L:/127.0.0.1:59242 - R:localhost/127.0.0.1:61425]
  &amp#27;[32mWhen &amp#27;[0m&amp#27;[32mI will go to &amp#27;[0m&amp#27;[32m&amp#27;[1m"luaran1"&amp#27;[0m     &amp#27;[90m# starter.stepdefinitions.BabyStep.iWillGoTo(java.lang.String)&amp#27;[0m
16:22:34.899 [Forwarding screenshot on session b48b268e169ba4279d02afae7d386215 to remote] DEBUG org.asynchttpclient.netty.request.NettyRequestSender - Using pooled Channel '[id: 0x45440f3e, L:/127.0.0.1:59242 - R:localhost/127.0.0.1:61425]' for 'GET' to 'http://localhost:61425/session/b48b268e169ba4279d02afae7d386215/screenshot'
16:22:34.899 [Forwarding screenshot on session b48b268e169ba4279d02afae7d386215 to remote] DEBUG org.asynchttpclient.netty.request.NettyRequestSender - Using open Channel [id: 0x45440f3e, L:/127.0.0.1:59242 - R:localhost/127.0.0.1:61425] for GET '/session/b48b268e169ba4279d02afae7d386215/screenshot'
16:22:35.012 [AsyncHttpClient-1-14] DEBUG org.asynchttpclient.netty.handler.HttpHandler - 

Request DefaultFullHttpRequest(decodeResult: success, version: HTTP/1.1, content: EmptyByteBufBE)
GET /session/b48b268e169ba4279d02afae7d386215/screenshot HTTP/1.1
User-Agent: selenium/4.1.2 (java windows)
Cache-Control: no-cache
Content-Type: application/json; charset=utf-8
host: localhost:61425
accept: */*

Response DefaultHttpResponse(decodeResult: success, version: HTTP/1.1)
HTTP/1.1 200 OK
Content-Type: application/json; charset=utf-8
cache-control: no-cache
content-length: 88752

16:22:35.013 [AsyncHttpClient-1-14] DEBUG org.asynchttpclient.netty.channel.ChannelManager - Adding key: http://localhost:61425 for channel [id: 0x45440f3e, L:/127.0.0.1:59242 - R:localhost/127.0.0.1:61425]
16:22:35.016 [main] DEBUG net.serenitybdd.core.photography.Darkroom - Send negative for processing for target\site\serenity\a5e7265735a39768e5338c5e256a62726ea4d71530ebf16611636dfcfa9b7987.png
16:22:35.016 [Darkroom Processing Line] DEBUG net.serenitybdd.core.photography.DarkroomProcessingLine - Processing screenshot image in /var/screenshots/screenshot-3369808459295019878
16:22:35.016 [Darkroom Processing Line] DEBUG net.serenitybdd.core.photography.DarkroomProcessingLine - Saving screenshot to target\site\serenity\a5e7265735a39768e5338c5e256a62726ea4d71530ebf16611636dfcfa9b7987.png
16:22:35.027 [Forwarding findElement on session b48b268e169ba4279d02afae7d386215 to remote] DEBUG org.asynchttpclient.netty.request.NettyRequestSender - Using pooled Channel '[id: 0x45440f3e, L:/127.0.0.1:59242 - R:localhost/127.0.0.1:61425]' for 'POST' to 'http://localhost:61425/session/b48b268e169ba4279d02afae7d386215/element'
16:22:35.027 [Forwarding findElement on session b48b268e169ba4279d02afae7d386215 to remote] DEBUG org.asynchttpclient.netty.request.NettyRequestSender - Using open Channel [id: 0x45440f3e, L:/127.0.0.1:59242 - R:localhost/127.0.0.1:61425] for POST '/session/b48b268e169ba4279d02afae7d386215/element'
16:22:35.768 [AsyncHttpClient-1-1] DEBUG org.asynchttpclient.netty.channel.DefaultChannelPool - Entry count for : http://localhost:59243 : 1
16:22:36.434 [AsyncHttpClient-1-14] DEBUG org.asynchttpclient.netty.handler.HttpHandler - 

Request DefaultHttpRequest(decodeResult: success, version: HTTP/1.1)
POST /session/b48b268e169ba4279d02afae7d386215/element HTTP/1.1
User-Agent: selenium/4.1.2 (java windows)
Content-Length: 88
Content-Type: application/json; charset=utf-8
host: localhost:61425
accept: */*

Response DefaultHttpResponse(decodeResult: success, version: HTTP/1.1)
HTTP/1.1 200 OK
Content-Type: application/json; charset=utf-8
cache-control: no-cache
content-length: 88

16:22:36.434 [AsyncHttpClient-1-14] DEBUG org.asynchttpclient.netty.channel.ChannelManager - Adding key: http://localhost:61425 for channel [id: 0x45440f3e, L:/127.0.0.1:59242 - R:localhost/127.0.0.1:61425]
16:22:36.440 [Forwarding isElementDisplayed on session b48b268e169ba4279d02afae7d386215 to remote] DEBUG org.asynchttpclient.netty.request.NettyRequestSender - Using pooled Channel '[id: 0x45440f3e, L:/127.0.0.1:59242 - R:localhost/127.0.0.1:61425]' for 'POST' to 'http://localhost:61425/session/b48b268e169ba4279d02afae7d386215/execute/sync'
16:22:36.440 [Forwarding isElementDisplayed on session b48b268e169ba4279d02afae7d386215 to remote] DEBUG org.asynchttpclient.netty.request.NettyRequestSender - Using open Channel [id: 0x45440f3e, L:/127.0.0.1:59242 - R:localhost/127.0.0.1:61425] for POST '/session/b48b268e169ba4279d02afae7d386215/execute/sync'
16:22:36.478 [AsyncHttpClient-1-14] DEBUG org.asynchttpclient.netty.handler.HttpHandler - 

Request DefaultHttpRequest(decodeResult: success, version: HTTP/1.1)
POST /session/b48b268e169ba4279d02afae7d386215/execute/sync HTTP/1.1
User-Agent: selenium/4.1.2 (java windows)
Content-Length: 48780
Content-Type: application/json; charset=utf-8
host: localhost:61425
accept: */*

Response DefaultHttpResponse(decodeResult: success, version: HTTP/1.1)
HTTP/1.1 200 OK
Content-Type: application/json; charset=utf-8
cache-control: no-cache
content-length: 14

16:22:36.478 [AsyncHttpClient-1-14] DEBUG org.asynchttpclient.netty.channel.ChannelManager - Adding key: http://localhost:61425 for channel [id: 0x45440f3e, L:/127.0.0.1:59242 - R:localhost/127.0.0.1:61425]
  &amp#27;[32mAnd &amp#27;[0m&amp#27;[32mI &amp#27;[0m&amp#27;[32m&amp#27;[1m"txtLuaran1"&amp#27;[0m&amp#27;[32m page&amp#27;[0m         &amp#27;[90m# starter.stepdefinitions.BabyStep.iPage(java.lang.String)&amp#27;[0m
16:22:36.487 [Forwarding screenshot on session b48b268e169ba4279d02afae7d386215 to remote] DEBUG org.asynchttpclient.netty.request.NettyRequestSender - Using pooled Channel '[id: 0x45440f3e, L:/127.0.0.1:59242 - R:localhost/127.0.0.1:61425]' for 'GET' to 'http://localhost:61425/session/b48b268e169ba4279d02afae7d386215/screenshot'
16:22:36.487 [Forwarding screenshot on session b48b268e169ba4279d02afae7d386215 to remote] DEBUG org.asynchttpclient.netty.request.NettyRequestSender - Using open Channel [id: 0x45440f3e, L:/127.0.0.1:59242 - R:localhost/127.0.0.1:61425] for GET '/session/b48b268e169ba4279d02afae7d386215/screenshot'
16:22:36.597 [AsyncHttpClient-1-14] DEBUG org.asynchttpclient.netty.handler.HttpHandler - 

Request DefaultFullHttpRequest(decodeResult: success, version: HTTP/1.1, content: EmptyByteBufBE)
GET /session/b48b268e169ba4279d02afae7d386215/screenshot HTTP/1.1
User-Agent: selenium/4.1.2 (java windows)
Cache-Control: no-cache
Content-Type: application/json; charset=utf-8
host: localhost:61425
accept: */*

Response DefaultHttpResponse(decodeResult: success, version: HTTP/1.1)
HTTP/1.1 200 OK
Content-Type: application/json; charset=utf-8
cache-control: no-cache
content-length: 56904

16:22:36.598 [AsyncHttpClient-1-14] DEBUG org.asynchttpclient.netty.channel.ChannelManager - Adding key: http://localhost:61425 for channel [id: 0x45440f3e, L:/127.0.0.1:59242 - R:localhost/127.0.0.1:61425]
16:22:36.600 [main] DEBUG net.serenitybdd.core.photography.Darkroom - Send negative for processing for target\site\serenity\29c5d3c91849957c87a24ba7839a6c985175ffceeab0c86d317738f4aeaebcb2.png
16:22:36.601 [Darkroom Processing Line] DEBUG net.serenitybdd.core.photography.DarkroomProcessingLine - Processing screenshot image in /var/screenshots/screenshot-11101278272813085459
16:22:36.601 [Darkroom Processing Line] DEBUG net.serenitybdd.core.photography.DarkroomProcessingLine - Saving screenshot to target\site\serenity\29c5d3c91849957c87a24ba7839a6c985175ffceeab0c86d317738f4aeaebcb2.png
16:22:36.607 [AsyncHttpClient-1-16] DEBUG org.asynchttpclient.netty.handler.WebSocketHandler - Channel Closed: [id: 0x5357addc, L:/127.0.0.1:59250 ! R:localhost/127.0.0.1:59243] with attribute NettyResponseFuture{currentRetry=5,
	isDone=1,
	isCancelled=0,
	asyncHandler=org.asynchttpclient.ws.WebSocketUpgradeHandler@16718372,
	nettyRequest=org.asynchttpclient.netty.request.NettyRequest@53731fd8,
	future=java.util.concurrent.CompletableFuture@e9344c[Completed normally],
	uri=ws://localhost:59243/devtools/browser/d7bbe6e0-9567-4c1f-bb3c-19f45652c81d,
	keepAlive=true,
	redirectCount=0,
	timeoutsHolder=null,
	inAuth=0,
	touch=1680859347636}
16:22:36.608 [AsyncHttpClient-1-16] DEBUG org.asynchttpclient.netty.channel.ChannelManager - Closing Channel [id: 0x5357addc, L:/127.0.0.1:59250 ! R:localhost/127.0.0.1:59243] 
16:22:36.608 [Driver Command Executor] DEBUG org.asynchttpclient.netty.request.NettyRequestSender - Using pooled Channel '[id: 0x45440f3e, L:/127.0.0.1:59242 - R:localhost/127.0.0.1:61425]' for 'DELETE' to 'http://localhost:61425/session/b48b268e169ba4279d02afae7d386215'
16:22:36.608 [Driver Command Executor] DEBUG org.asynchttpclient.netty.request.NettyRequestSender - Using open Channel [id: 0x45440f3e, L:/127.0.0.1:59242 - R:localhost/127.0.0.1:61425] for DELETE '/session/b48b268e169ba4279d02afae7d386215'
16:22:36.628 [AsyncHttpClient-1-15] DEBUG org.asynchttpclient.netty.handler.HttpHandler - Unexpected I/O exception on channel [id: 0x839c33bd, L:/127.0.0.1:59249 - R:localhost/127.0.0.1:59243]
java.net.SocketException: Connection reset
	at java.base/sun.nio.ch.SocketChannelImpl.throwConnectionReset(SocketChannelImpl.java:345)
	at java.base/sun.nio.ch.SocketChannelImpl.read(SocketChannelImpl.java:376)
	at io.netty.buffer.PooledByteBuf.setBytes(PooledByteBuf.java:258)
	at io.netty.buffer.AbstractByteBuf.writeBytes(AbstractByteBuf.java:1132)
	at io.netty.channel.socket.nio.NioSocketChannel.doReadBytes(NioSocketChannel.java:350)
	at io.netty.channel.nio.AbstractNioByteChannel$NioByteUnsafe.read(AbstractNioByteChannel.java:151)
	at io.netty.channel.nio.NioEventLoop.processSelectedKey(NioEventLoop.java:722)
	at io.netty.channel.nio.NioEventLoop.processSelectedKeysOptimized(NioEventLoop.java:658)
	at io.netty.channel.nio.NioEventLoop.processSelectedKeys(NioEventLoop.java:584)
	at io.netty.channel.nio.NioEventLoop.run(NioEventLoop.java:496)
	at io.netty.util.concurrent.SingleThreadEventExecutor$4.run(SingleThreadEventExecutor.java:986)
	at io.netty.util.internal.ThreadExecutorMap$2.run(ThreadExecutorMap.java:74)
	at io.netty.util.concurrent.FastThreadLocalRunnable.run(FastThreadLocalRunnable.java:30)
	at java.base/java.lang.Thread.run(Thread.java:830)
16:22:36.628 [AsyncHttpClient-1-15] DEBUG org.asynchttpclient.netty.channel.ChannelManager - Closing Channel [id: 0x839c33bd, L:/127.0.0.1:59249 - R:localhost/127.0.0.1:59243] 
16:22:36.628 [AsyncHttpClient-1-15] DEBUG org.asynchttpclient.netty.handler.HttpHandler - Channel Closed: [id: 0x839c33bd, L:/127.0.0.1:59249 ! R:localhost/127.0.0.1:59243] with attribute DISCARD
16:22:36.673 [AsyncHttpClient-1-14] DEBUG org.asynchttpclient.netty.handler.HttpHandler - 

Request DefaultFullHttpRequest(decodeResult: success, version: HTTP/1.1, content: EmptyByteBufBE)
DELETE /session/b48b268e169ba4279d02afae7d386215 HTTP/1.1
User-Agent: selenium/4.1.2 (java windows)
Content-Type: application/json; charset=utf-8
host: localhost:61425
accept: */*

Response DefaultHttpResponse(decodeResult: success, version: HTTP/1.1)
HTTP/1.1 200 OK
Content-Type: application/json; charset=utf-8
cache-control: no-cache
content-length: 14

16:22:36.673 [AsyncHttpClient-1-14] DEBUG org.asynchttpclient.netty.channel.ChannelManager - Adding key: http://localhost:61425 for channel [id: 0x45440f3e, L:/127.0.0.1:59242 - R:localhost/127.0.0.1:61425]
16:22:36.764 [AsyncHttpClient-1-14] DEBUG org.asynchttpclient.netty.handler.HttpHandler - Channel Closed: [id: 0x45440f3e, L:/127.0.0.1:59242 ! R:localhost/127.0.0.1:61425] with attribute DISCARD
16:22:36.871 [AsyncHttpClient-1-1] DEBUG org.asynchttpclient.netty.channel.DefaultChannelPool - Entry count for : http://localhost:59243 : 1
16:22:36.871 [AsyncHttpClient-1-1] DEBUG org.asynchttpclient.netty.channel.DefaultChannelPool - Entry count for : http://localhost:61425 : 1
16:22:36.871 [AsyncHttpClient-1-1] DEBUG org.asynchttpclient.netty.channel.DefaultChannelPool - Adding Candidate expired Channel [id: 0x839c33bd, L:/127.0.0.1:59249 ! R:localhost/127.0.0.1:59243] isIdleTimeoutExpired=false isRemotelyClosed=true isTtlExpired=false
16:22:36.871 [AsyncHttpClient-1-1] DEBUG org.asynchttpclient.netty.channel.DefaultChannelPool - Closing Idle Channel [id: 0x839c33bd, L:/127.0.0.1:59249 ! R:localhost/127.0.0.1:59243]
16:22:36.871 [AsyncHttpClient-1-1] DEBUG org.asynchttpclient.netty.channel.DefaultChannelPool - Adding Candidate expired Channel [id: 0x45440f3e, L:/127.0.0.1:59242 ! R:localhost/127.0.0.1:61425] isIdleTimeoutExpired=false isRemotelyClosed=true isTtlExpired=false
16:22:36.871 [AsyncHttpClient-1-1] DEBUG org.asynchttpclient.netty.channel.DefaultChannelPool - Closing Idle Channel [id: 0x45440f3e, L:/127.0.0.1:59242 ! R:localhost/127.0.0.1:61425]
16:22:36.871 [AsyncHttpClient-1-1] DEBUG org.asynchttpclient.netty.channel.DefaultChannelPool - Closed 2 connections out of 2 in 0 ms
]]></system-out>
    <system-err><![CDATA[Starting Microsoft Edge WebDriver 111.0.1661.62 (0a8f453929e6410c973aa529a40485ce4e3e03db) on port 61425
To submit feedback, report a bug, or suggest new features, please visit https://github.com/MicrosoftEdge/EdgeWebDriver

Only local connections are allowed.
Please see https://aka.ms/WebDriverSecurity for suggestions on keeping Microsoft Edge WebDriver safe.

Microsoft Edge WebDriver was started successfully.
Apr 07, 2023 4:22:27 PM org.openqa.selenium.remote.ProtocolHandshake createSession
INFO: Detected dialect: W3C
Apr 07, 2023 4:22:27 PM org.openqa.selenium.devtools.CdpVersionFinder findNearestMatch
WARNING: Unable to find an exact match for CDP version 111, so returning the closest version found: a no-op implementation
Apr 07, 2023 4:22:27 PM org.openqa.selenium.devtools.CdpVersionFinder findNearestMatch
INFO: Unable to find CDP implementation matching 111.
Apr 07, 2023 4:22:27 PM org.openqa.selenium.chromium.ChromiumDriver lambda$new$3
WARNING: Unable to find version of CDP to use for . You may need to include a dependency on a specific version of the CDP using something similar to `org.seleniumhq.selenium:selenium-devtools-v86:4.1.2` where the version ("v86") matches the version of the chromium-based browser you're using and the version number of the artifact is the same as Selenium's.
]]></system-err>
  </testcase>
  <testcase name="Fitur Menu Baby #6" classname="Baby" time="12.498">
    <system-out><![CDATA[
Scenario Outline: Fitur Menu Baby &amp#27;[90m# src/test/resources/features/Baby.feature:18&amp#27;[0m
16:22:37.368 [main] INFO io.cucumber.core.plugin.SerenityReporter - Running feature from file:///C:/Users/alwi/IdeaProjects/uniqloweb/src/test/resources/features/Baby.feature
16:22:37.504 [main] DEBUG io.github.bonigarcia.wdm.cache.ResolutionCache - Resolution edge=111 in cache (valid until 17:21:26 07/04/2023 WIB)
16:22:37.507 [main] DEBUG io.github.bonigarcia.wdm.cache.ResolutionCache - Resolution edge111=111.0.1661.62 in cache (valid until 15:02:35 08/04/2023 WIB)
16:22:37.509 [main] INFO io.github.bonigarcia.wdm.WebDriverManager - Using msedgedriver 111.0.1661.62 (resolved driver for Edge 111)
16:22:37.525 [main] DEBUG io.github.bonigarcia.wdm.WebDriverManager - Driver msedgedriver 111.0.1661.62 found in cache
16:22:37.526 [main] INFO io.github.bonigarcia.wdm.WebDriverManager - Exporting webdriver.edge.driver as C:\Users\alwi\.cache\selenium\msedgedriver\win64\111.0.1661.62\msedgedriver.exe
16:22:37.530 [main] DEBUG net.serenitybdd.core.webdriver.driverproviders.ProvideNewDriver - Instantiating driver
16:22:37.530 [main] DEBUG net.serenitybdd.core.webdriver.driverproviders.ProvideNewDriver - Driver capabilities: Capabilities {base.url: https://www.uniqlo.com, chrome.driver: src/test/resources/webdrive..., driver: edge, ms:edgeChromium: true, ms:edgeOptions: {}, wait.for.timeout: 6000}
16:22:38.076 [AsyncHttpClient-1-17] DEBUG org.asynchttpclient.netty.channel.NettyConnectListener - Using new Channel '[id: 0xcac7ee3c, L:/127.0.0.1:59371 - R:localhost/127.0.0.1:62472]' for 'POST' to '/session'
16:22:38.706 [AsyncHttpClient-1-17] DEBUG org.asynchttpclient.netty.handler.HttpHandler - 

Request DefaultHttpRequest(decodeResult: success, version: HTTP/1.1)
POST /session HTTP/1.1
User-Agent: selenium/4.1.2 (java windows)
Content-Length: 627
Content-Type: application/json; charset=utf-8
host: localhost:62472
accept: */*

Response DefaultHttpResponse(decodeResult: success, version: HTTP/1.1)
HTTP/1.1 200 OK
Content-Type: application/json; charset=utf-8
cache-control: no-cache
content-length: 824

16:22:38.706 [AsyncHttpClient-1-17] DEBUG org.asynchttpclient.netty.channel.ChannelManager - Adding key: http://localhost:62472 for channel [id: 0xcac7ee3c, L:/127.0.0.1:59371 - R:localhost/127.0.0.1:62472]
16:22:38.711 [AsyncHttpClient-1-2] DEBUG org.asynchttpclient.netty.channel.NettyConnectListener - Using new Channel '[id: 0x1d6e7554, L:/127.0.0.1:59378 - R:localhost/127.0.0.1:59372]' for 'GET' to '/json/version'
16:22:38.712 [AsyncHttpClient-1-2] DEBUG org.asynchttpclient.netty.handler.HttpHandler - 

Request DefaultFullHttpRequest(decodeResult: success, version: HTTP/1.1, content: EmptyByteBufBE)
GET /json/version HTTP/1.1
User-Agent: selenium/4.1.2 (java windows)
host: localhost:59372
accept: */*

Response DefaultHttpResponse(decodeResult: success, version: HTTP/1.1)
HTTP/1.1 200 OK
Content-Security-Policy: frame-ancestors 'none'
Content-Type: application/json; charset=UTF-8
content-length: 436

16:22:38.712 [AsyncHttpClient-1-2] DEBUG org.asynchttpclient.netty.channel.ChannelManager - Adding key: http://localhost:59372 for channel [id: 0x1d6e7554, L:/127.0.0.1:59378 - R:localhost/127.0.0.1:59372]
16:22:38.714 [AsyncHttpClient-1-3] DEBUG org.asynchttpclient.netty.channel.NettyConnectListener - Using new Channel '[id: 0x56c8f8e5, L:/127.0.0.1:59379 - R:localhost/127.0.0.1:59372]' for 'GET' to '/devtools/browser/e5d5dcfd-e70f-407d-886f-8044201f5086'
16:22:38.717 [AsyncHttpClient-1-3] DEBUG org.asynchttpclient.netty.handler.WebSocketHandler - 

Request DefaultFullHttpRequest(decodeResult: success, version: HTTP/1.1, content: EmptyByteBufBE)
GET /devtools/browser/e5d5dcfd-e70f-407d-886f-8044201f5086 HTTP/1.1
upgrade: websocket
connection: upgrade
sec-websocket-key: V352Ykb/plVW3rn6ycYyag==
sec-websocket-version: 13
origin: http://localhost:59372
host: localhost:59372
accept: */*
user-agent: AHC/2.1

Response DefaultHttpResponse(decodeResult: success, version: HTTP/1.1)
HTTP/1.1 101 WebSocket Protocol Handshake
Upgrade: WebSocket
Connection: Upgrade
Sec-WebSocket-Accept: BRqHTn2BL2EMGiqgbic/R5HIre4=

16:22:38.721 [Forwarding get on session 7e4ac30e8a23488a94798247115e5c3a to remote] DEBUG org.asynchttpclient.netty.request.NettyRequestSender - Using pooled Channel '[id: 0xcac7ee3c, L:/127.0.0.1:59371 - R:localhost/127.0.0.1:62472]' for 'POST' to 'http://localhost:62472/session/7e4ac30e8a23488a94798247115e5c3a/url'
16:22:38.721 [Forwarding get on session 7e4ac30e8a23488a94798247115e5c3a to remote] DEBUG org.asynchttpclient.netty.request.NettyRequestSender - Using open Channel [id: 0xcac7ee3c, L:/127.0.0.1:59371 - R:localhost/127.0.0.1:62472] for POST '/session/7e4ac30e8a23488a94798247115e5c3a/url'
16:22:39.066 [AsyncHttpClient-1-1] DEBUG org.asynchttpclient.netty.channel.DefaultChannelPool - Entry count for : http://localhost:59372 : 1
16:22:40.166 [AsyncHttpClient-1-1] DEBUG org.asynchttpclient.netty.channel.DefaultChannelPool - Entry count for : http://localhost:59372 : 1
16:22:41.268 [AsyncHttpClient-1-1] DEBUG org.asynchttpclient.netty.channel.DefaultChannelPool - Entry count for : http://localhost:59372 : 1
16:22:42.365 [AsyncHttpClient-1-1] DEBUG org.asynchttpclient.netty.channel.DefaultChannelPool - Entry count for : http://localhost:59372 : 1
16:22:43.466 [AsyncHttpClient-1-1] DEBUG org.asynchttpclient.netty.channel.DefaultChannelPool - Entry count for : http://localhost:59372 : 1
16:22:44.566 [AsyncHttpClient-1-1] DEBUG org.asynchttpclient.netty.channel.DefaultChannelPool - Entry count for : http://localhost:59372 : 1
16:22:45.669 [AsyncHttpClient-1-1] DEBUG org.asynchttpclient.netty.channel.DefaultChannelPool - Entry count for : http://localhost:59372 : 1
16:22:46.766 [AsyncHttpClient-1-1] DEBUG org.asynchttpclient.netty.channel.DefaultChannelPool - Entry count for : http://localhost:59372 : 1
16:22:46.837 [AsyncHttpClient-1-17] DEBUG org.asynchttpclient.netty.handler.HttpHandler - 

Request DefaultHttpRequest(decodeResult: success, version: HTTP/1.1)
POST /session/7e4ac30e8a23488a94798247115e5c3a/url HTTP/1.1
User-Agent: selenium/4.1.2 (java windows)
Content-Length: 53
Content-Type: application/json; charset=utf-8
host: localhost:62472
accept: */*

Response DefaultHttpResponse(decodeResult: success, version: HTTP/1.1)
HTTP/1.1 200 OK
Content-Type: application/json; charset=utf-8
cache-control: no-cache
content-length: 14

16:22:46.837 [AsyncHttpClient-1-17] DEBUG org.asynchttpclient.netty.channel.ChannelManager - Adding key: http://localhost:62472 for channel [id: 0xcac7ee3c, L:/127.0.0.1:59371 - R:localhost/127.0.0.1:62472]
16:22:46.839 [Forwarding setTimeout on session 7e4ac30e8a23488a94798247115e5c3a to remote] DEBUG org.asynchttpclient.netty.request.NettyRequestSender - Using pooled Channel '[id: 0xcac7ee3c, L:/127.0.0.1:59371 - R:localhost/127.0.0.1:62472]' for 'POST' to 'http://localhost:62472/session/7e4ac30e8a23488a94798247115e5c3a/timeouts'
16:22:46.839 [Forwarding setTimeout on session 7e4ac30e8a23488a94798247115e5c3a to remote] DEBUG org.asynchttpclient.netty.request.NettyRequestSender - Using open Channel [id: 0xcac7ee3c, L:/127.0.0.1:59371 - R:localhost/127.0.0.1:62472] for POST '/session/7e4ac30e8a23488a94798247115e5c3a/timeouts'
16:22:46.840 [AsyncHttpClient-1-17] DEBUG org.asynchttpclient.netty.handler.HttpHandler - 

Request DefaultHttpRequest(decodeResult: success, version: HTTP/1.1)
POST /session/7e4ac30e8a23488a94798247115e5c3a/timeouts HTTP/1.1
User-Agent: selenium/4.1.2 (java windows)
Content-Length: 22
Content-Type: application/json; charset=utf-8
host: localhost:62472
accept: */*

Response DefaultHttpResponse(decodeResult: success, version: HTTP/1.1)
HTTP/1.1 200 OK
Content-Type: application/json; charset=utf-8
cache-control: no-cache
content-length: 14

16:22:46.840 [AsyncHttpClient-1-17] DEBUG org.asynchttpclient.netty.channel.ChannelManager - Adding key: http://localhost:62472 for channel [id: 0xcac7ee3c, L:/127.0.0.1:59371 - R:localhost/127.0.0.1:62472]
16:22:46.843 [Forwarding getCurrentUrl on session 7e4ac30e8a23488a94798247115e5c3a to remote] DEBUG org.asynchttpclient.netty.request.NettyRequestSender - Using pooled Channel '[id: 0xcac7ee3c, L:/127.0.0.1:59371 - R:localhost/127.0.0.1:62472]' for 'GET' to 'http://localhost:62472/session/7e4ac30e8a23488a94798247115e5c3a/url'
16:22:46.843 [Forwarding getCurrentUrl on session 7e4ac30e8a23488a94798247115e5c3a to remote] DEBUG org.asynchttpclient.netty.request.NettyRequestSender - Using open Channel [id: 0xcac7ee3c, L:/127.0.0.1:59371 - R:localhost/127.0.0.1:62472] for GET '/session/7e4ac30e8a23488a94798247115e5c3a/url'
16:22:46.847 [AsyncHttpClient-1-17] DEBUG org.asynchttpclient.netty.handler.HttpHandler - 

Request DefaultFullHttpRequest(decodeResult: success, version: HTTP/1.1, content: EmptyByteBufBE)
GET /session/7e4ac30e8a23488a94798247115e5c3a/url HTTP/1.1
User-Agent: selenium/4.1.2 (java windows)
Cache-Control: no-cache
Content-Type: application/json; charset=utf-8
host: localhost:62472
accept: */*

Response DefaultHttpResponse(decodeResult: success, version: HTTP/1.1)
HTTP/1.1 200 OK
Content-Type: application/json; charset=utf-8
cache-control: no-cache
content-length: 41

16:22:46.847 [AsyncHttpClient-1-17] DEBUG org.asynchttpclient.netty.channel.ChannelManager - Adding key: http://localhost:62472 for channel [id: 0xcac7ee3c, L:/127.0.0.1:59371 - R:localhost/127.0.0.1:62472]
  &amp#27;[32mGiven &amp#27;[0m&amp#27;[32mI am on the home page&amp#27;[0m     &amp#27;[90m# starter.stepdefinitions.BabyStep.iAmOnTheHomePage()&amp#27;[0m
16:22:46.855 [Forwarding screenshot on session 7e4ac30e8a23488a94798247115e5c3a to remote] DEBUG org.asynchttpclient.netty.request.NettyRequestSender - Using pooled Channel '[id: 0xcac7ee3c, L:/127.0.0.1:59371 - R:localhost/127.0.0.1:62472]' for 'GET' to 'http://localhost:62472/session/7e4ac30e8a23488a94798247115e5c3a/screenshot'
16:22:46.855 [Forwarding screenshot on session 7e4ac30e8a23488a94798247115e5c3a to remote] DEBUG org.asynchttpclient.netty.request.NettyRequestSender - Using open Channel [id: 0xcac7ee3c, L:/127.0.0.1:59371 - R:localhost/127.0.0.1:62472] for GET '/session/7e4ac30e8a23488a94798247115e5c3a/screenshot'
16:22:47.166 [AsyncHttpClient-1-17] DEBUG org.asynchttpclient.netty.handler.HttpHandler - 

Request DefaultFullHttpRequest(decodeResult: success, version: HTTP/1.1, content: EmptyByteBufBE)
GET /session/7e4ac30e8a23488a94798247115e5c3a/screenshot HTTP/1.1
User-Agent: selenium/4.1.2 (java windows)
Cache-Control: no-cache
Content-Type: application/json; charset=utf-8
host: localhost:62472
accept: */*

Response DefaultHttpResponse(decodeResult: success, version: HTTP/1.1)
HTTP/1.1 200 OK
Content-Type: application/json; charset=utf-8
cache-control: no-cache
content-length: 1022316

16:22:47.168 [AsyncHttpClient-1-17] DEBUG org.asynchttpclient.netty.channel.ChannelManager - Adding key: http://localhost:62472 for channel [id: 0xcac7ee3c, L:/127.0.0.1:59371 - R:localhost/127.0.0.1:62472]
16:22:47.200 [main] DEBUG net.serenitybdd.core.photography.Darkroom - Send negative for processing for target\site\serenity\b0ddf3608b8f51a6a3adc36e4acd901b7a2c5b7adc6fd42a924a7c7a6358c0ea.png
16:22:47.213 [Forwarding findElement on session 7e4ac30e8a23488a94798247115e5c3a to remote] DEBUG org.asynchttpclient.netty.request.NettyRequestSender - Using pooled Channel '[id: 0xcac7ee3c, L:/127.0.0.1:59371 - R:localhost/127.0.0.1:62472]' for 'POST' to 'http://localhost:62472/session/7e4ac30e8a23488a94798247115e5c3a/element'
16:22:47.213 [Forwarding findElement on session 7e4ac30e8a23488a94798247115e5c3a to remote] DEBUG org.asynchttpclient.netty.request.NettyRequestSender - Using open Channel [id: 0xcac7ee3c, L:/127.0.0.1:59371 - R:localhost/127.0.0.1:62472] for POST '/session/7e4ac30e8a23488a94798247115e5c3a/element'
16:22:47.226 [AsyncHttpClient-1-17] DEBUG org.asynchttpclient.netty.handler.HttpHandler - 

Request DefaultHttpRequest(decodeResult: success, version: HTTP/1.1)
POST /session/7e4ac30e8a23488a94798247115e5c3a/element HTTP/1.1
User-Agent: selenium/4.1.2 (java windows)
Content-Length: 81
Content-Type: application/json; charset=utf-8
host: localhost:62472
accept: */*

Response DefaultHttpResponse(decodeResult: success, version: HTTP/1.1)
HTTP/1.1 200 OK
Content-Type: application/json; charset=utf-8
cache-control: no-cache
content-length: 88

16:22:47.226 [AsyncHttpClient-1-17] DEBUG org.asynchttpclient.netty.channel.ChannelManager - Adding key: http://localhost:62472 for channel [id: 0xcac7ee3c, L:/127.0.0.1:59371 - R:localhost/127.0.0.1:62472]
16:22:47.228 [Forwarding getElementTagName on session 7e4ac30e8a23488a94798247115e5c3a to remote] DEBUG org.asynchttpclient.netty.request.NettyRequestSender - Using pooled Channel '[id: 0xcac7ee3c, L:/127.0.0.1:59371 - R:localhost/127.0.0.1:62472]' for 'GET' to 'http://localhost:62472/session/7e4ac30e8a23488a94798247115e5c3a/element/a270006c-ebb6-4c70-b644-01377341c4e0/name'
16:22:47.228 [Forwarding getElementTagName on session 7e4ac30e8a23488a94798247115e5c3a to remote] DEBUG org.asynchttpclient.netty.request.NettyRequestSender - Using open Channel [id: 0xcac7ee3c, L:/127.0.0.1:59371 - R:localhost/127.0.0.1:62472] for GET '/session/7e4ac30e8a23488a94798247115e5c3a/element/a270006c-ebb6-4c70-b644-01377341c4e0/name'
16:22:47.232 [AsyncHttpClient-1-17] DEBUG org.asynchttpclient.netty.handler.HttpHandler - 

Request DefaultFullHttpRequest(decodeResult: success, version: HTTP/1.1, content: EmptyByteBufBE)
GET /session/7e4ac30e8a23488a94798247115e5c3a/element/a270006c-ebb6-4c70-b644-01377341c4e0/name HTTP/1.1
User-Agent: selenium/4.1.2 (java windows)
Cache-Control: no-cache
Content-Type: application/json; charset=utf-8
host: localhost:62472
accept: */*

Response DefaultHttpResponse(decodeResult: success, version: HTTP/1.1)
HTTP/1.1 200 OK
Content-Type: application/json; charset=utf-8
cache-control: no-cache
content-length: 16

16:22:47.232 [AsyncHttpClient-1-17] DEBUG org.asynchttpclient.netty.channel.ChannelManager - Adding key: http://localhost:62472 for channel [id: 0xcac7ee3c, L:/127.0.0.1:59371 - R:localhost/127.0.0.1:62472]
16:22:47.234 [Forwarding getElementTagName on session 7e4ac30e8a23488a94798247115e5c3a to remote] DEBUG org.asynchttpclient.netty.request.NettyRequestSender - Using pooled Channel '[id: 0xcac7ee3c, L:/127.0.0.1:59371 - R:localhost/127.0.0.1:62472]' for 'GET' to 'http://localhost:62472/session/7e4ac30e8a23488a94798247115e5c3a/element/a270006c-ebb6-4c70-b644-01377341c4e0/name'
16:22:47.234 [Forwarding getElementTagName on session 7e4ac30e8a23488a94798247115e5c3a to remote] DEBUG org.asynchttpclient.netty.request.NettyRequestSender - Using open Channel [id: 0xcac7ee3c, L:/127.0.0.1:59371 - R:localhost/127.0.0.1:62472] for GET '/session/7e4ac30e8a23488a94798247115e5c3a/element/a270006c-ebb6-4c70-b644-01377341c4e0/name'
16:22:47.238 [AsyncHttpClient-1-17] DEBUG org.asynchttpclient.netty.handler.HttpHandler - 

Request DefaultFullHttpRequest(decodeResult: success, version: HTTP/1.1, content: EmptyByteBufBE)
GET /session/7e4ac30e8a23488a94798247115e5c3a/element/a270006c-ebb6-4c70-b644-01377341c4e0/name HTTP/1.1
User-Agent: selenium/4.1.2 (java windows)
Cache-Control: no-cache
Content-Type: application/json; charset=utf-8
host: localhost:62472
accept: */*

Response DefaultHttpResponse(decodeResult: success, version: HTTP/1.1)
HTTP/1.1 200 OK
Content-Type: application/json; charset=utf-8
cache-control: no-cache
content-length: 16

16:22:47.238 [AsyncHttpClient-1-17] DEBUG org.asynchttpclient.netty.channel.ChannelManager - Adding key: http://localhost:62472 for channel [id: 0xcac7ee3c, L:/127.0.0.1:59371 - R:localhost/127.0.0.1:62472]
16:22:47.239 [Forwarding findElement on session 7e4ac30e8a23488a94798247115e5c3a to remote] DEBUG org.asynchttpclient.netty.request.NettyRequestSender - Using pooled Channel '[id: 0xcac7ee3c, L:/127.0.0.1:59371 - R:localhost/127.0.0.1:62472]' for 'POST' to 'http://localhost:62472/session/7e4ac30e8a23488a94798247115e5c3a/element'
16:22:47.239 [Forwarding findElement on session 7e4ac30e8a23488a94798247115e5c3a to remote] DEBUG org.asynchttpclient.netty.request.NettyRequestSender - Using open Channel [id: 0xcac7ee3c, L:/127.0.0.1:59371 - R:localhost/127.0.0.1:62472] for POST '/session/7e4ac30e8a23488a94798247115e5c3a/element'
16:22:47.246 [AsyncHttpClient-1-17] DEBUG org.asynchttpclient.netty.handler.HttpHandler - 

Request DefaultHttpRequest(decodeResult: success, version: HTTP/1.1)
POST /session/7e4ac30e8a23488a94798247115e5c3a/element HTTP/1.1
User-Agent: selenium/4.1.2 (java windows)
Content-Length: 81
Content-Type: application/json; charset=utf-8
host: localhost:62472
accept: */*

Response DefaultHttpResponse(decodeResult: success, version: HTTP/1.1)
HTTP/1.1 200 OK
Content-Type: application/json; charset=utf-8
cache-control: no-cache
content-length: 88

16:22:47.246 [AsyncHttpClient-1-17] DEBUG org.asynchttpclient.netty.channel.ChannelManager - Adding key: http://localhost:62472 for channel [id: 0xcac7ee3c, L:/127.0.0.1:59371 - R:localhost/127.0.0.1:62472]
16:22:47.247 [Forwarding clickElement on session 7e4ac30e8a23488a94798247115e5c3a to remote] DEBUG org.asynchttpclient.netty.request.NettyRequestSender - Using pooled Channel '[id: 0xcac7ee3c, L:/127.0.0.1:59371 - R:localhost/127.0.0.1:62472]' for 'POST' to 'http://localhost:62472/session/7e4ac30e8a23488a94798247115e5c3a/element/a270006c-ebb6-4c70-b644-01377341c4e0/click'
16:22:47.247 [Forwarding clickElement on session 7e4ac30e8a23488a94798247115e5c3a to remote] DEBUG org.asynchttpclient.netty.request.NettyRequestSender - Using open Channel [id: 0xcac7ee3c, L:/127.0.0.1:59371 - R:localhost/127.0.0.1:62472] for POST '/session/7e4ac30e8a23488a94798247115e5c3a/element/a270006c-ebb6-4c70-b644-01377341c4e0/click'
16:22:47.686 [AsyncHttpClient-1-17] DEBUG org.asynchttpclient.netty.handler.HttpHandler - 

Request DefaultHttpRequest(decodeResult: success, version: HTTP/1.1)
POST /session/7e4ac30e8a23488a94798247115e5c3a/element/a270006c-ebb6-4c70-b644-01377341c4e0/click HTTP/1.1
User-Agent: selenium/4.1.2 (java windows)
Content-Length: 50
Content-Type: application/json; charset=utf-8
host: localhost:62472
accept: */*

Response DefaultHttpResponse(decodeResult: success, version: HTTP/1.1)
HTTP/1.1 200 OK
Content-Type: application/json; charset=utf-8
cache-control: no-cache
content-length: 14

16:22:47.686 [AsyncHttpClient-1-17] DEBUG org.asynchttpclient.netty.channel.ChannelManager - Adding key: http://localhost:62472 for channel [id: 0xcac7ee3c, L:/127.0.0.1:59371 - R:localhost/127.0.0.1:62472]
  &amp#27;[32mThen &amp#27;[0m&amp#27;[32mI click baby on the header&amp#27;[0m &amp#27;[90m# starter.stepdefinitions.BabyStep.iClickBabyOnTheHeader()&amp#27;[0m
16:22:47.697 [Forwarding screenshot on session 7e4ac30e8a23488a94798247115e5c3a to remote] DEBUG org.asynchttpclient.netty.request.NettyRequestSender - Using pooled Channel '[id: 0xcac7ee3c, L:/127.0.0.1:59371 - R:localhost/127.0.0.1:62472]' for 'GET' to 'http://localhost:62472/session/7e4ac30e8a23488a94798247115e5c3a/screenshot'
16:22:47.697 [Forwarding screenshot on session 7e4ac30e8a23488a94798247115e5c3a to remote] DEBUG org.asynchttpclient.netty.request.NettyRequestSender - Using open Channel [id: 0xcac7ee3c, L:/127.0.0.1:59371 - R:localhost/127.0.0.1:62472] for GET '/session/7e4ac30e8a23488a94798247115e5c3a/screenshot'
16:22:47.865 [AsyncHttpClient-1-1] DEBUG org.asynchttpclient.netty.channel.DefaultChannelPool - Entry count for : http://localhost:59372 : 1
16:22:48.529 [AsyncHttpClient-1-17] DEBUG org.asynchttpclient.netty.handler.HttpHandler - 

Request DefaultFullHttpRequest(decodeResult: success, version: HTTP/1.1, content: EmptyByteBufBE)
GET /session/7e4ac30e8a23488a94798247115e5c3a/screenshot HTTP/1.1
User-Agent: selenium/4.1.2 (java windows)
Cache-Control: no-cache
Content-Type: application/json; charset=utf-8
host: localhost:62472
accept: */*

Response DefaultHttpResponse(decodeResult: success, version: HTTP/1.1)
HTTP/1.1 200 OK
Content-Type: application/json; charset=utf-8
cache-control: no-cache
content-length: 137764

16:22:48.529 [AsyncHttpClient-1-17] DEBUG org.asynchttpclient.netty.channel.ChannelManager - Adding key: http://localhost:62472 for channel [id: 0xcac7ee3c, L:/127.0.0.1:59371 - R:localhost/127.0.0.1:62472]
16:22:48.534 [main] DEBUG net.serenitybdd.core.photography.Darkroom - Send negative for processing for target\site\serenity\585681ad0276587eea986df18185b9b817e38dbab4a67acb7d855325cd06f6fa.png
16:22:48.534 [Darkroom Processing Line] DEBUG net.serenitybdd.core.photography.DarkroomProcessingLine - Processing screenshot image in /var/screenshots/screenshot-2889071710639291330
16:22:48.534 [Darkroom Processing Line] DEBUG net.serenitybdd.core.photography.DarkroomProcessingLine - Saving screenshot to target\site\serenity\585681ad0276587eea986df18185b9b817e38dbab4a67acb7d855325cd06f6fa.png
16:22:48.543 [Forwarding findElement on session 7e4ac30e8a23488a94798247115e5c3a to remote] DEBUG org.asynchttpclient.netty.request.NettyRequestSender - Using pooled Channel '[id: 0xcac7ee3c, L:/127.0.0.1:59371 - R:localhost/127.0.0.1:62472]' for 'POST' to 'http://localhost:62472/session/7e4ac30e8a23488a94798247115e5c3a/element'
16:22:48.543 [Forwarding findElement on session 7e4ac30e8a23488a94798247115e5c3a to remote] DEBUG org.asynchttpclient.netty.request.NettyRequestSender - Using open Channel [id: 0xcac7ee3c, L:/127.0.0.1:59371 - R:localhost/127.0.0.1:62472] for POST '/session/7e4ac30e8a23488a94798247115e5c3a/element'
16:22:48.557 [AsyncHttpClient-1-17] DEBUG org.asynchttpclient.netty.handler.HttpHandler - 

Request DefaultHttpRequest(decodeResult: success, version: HTTP/1.1)
POST /session/7e4ac30e8a23488a94798247115e5c3a/element HTTP/1.1
User-Agent: selenium/4.1.2 (java windows)
Content-Length: 104
Content-Type: application/json; charset=utf-8
host: localhost:62472
accept: */*

Response DefaultHttpResponse(decodeResult: success, version: HTTP/1.1)
HTTP/1.1 200 OK
Content-Type: application/json; charset=utf-8
cache-control: no-cache
content-length: 88

16:22:48.558 [AsyncHttpClient-1-17] DEBUG org.asynchttpclient.netty.channel.ChannelManager - Adding key: http://localhost:62472 for channel [id: 0xcac7ee3c, L:/127.0.0.1:59371 - R:localhost/127.0.0.1:62472]
16:22:48.559 [Forwarding getElementTagName on session 7e4ac30e8a23488a94798247115e5c3a to remote] DEBUG org.asynchttpclient.netty.request.NettyRequestSender - Using pooled Channel '[id: 0xcac7ee3c, L:/127.0.0.1:59371 - R:localhost/127.0.0.1:62472]' for 'GET' to 'http://localhost:62472/session/7e4ac30e8a23488a94798247115e5c3a/element/2c27e807-183d-42b4-9762-24420b2f3726/name'
16:22:48.559 [Forwarding getElementTagName on session 7e4ac30e8a23488a94798247115e5c3a to remote] DEBUG org.asynchttpclient.netty.request.NettyRequestSender - Using open Channel [id: 0xcac7ee3c, L:/127.0.0.1:59371 - R:localhost/127.0.0.1:62472] for GET '/session/7e4ac30e8a23488a94798247115e5c3a/element/2c27e807-183d-42b4-9762-24420b2f3726/name'
16:22:48.563 [AsyncHttpClient-1-17] DEBUG org.asynchttpclient.netty.handler.HttpHandler - 

Request DefaultFullHttpRequest(decodeResult: success, version: HTTP/1.1, content: EmptyByteBufBE)
GET /session/7e4ac30e8a23488a94798247115e5c3a/element/2c27e807-183d-42b4-9762-24420b2f3726/name HTTP/1.1
User-Agent: selenium/4.1.2 (java windows)
Cache-Control: no-cache
Content-Type: application/json; charset=utf-8
host: localhost:62472
accept: */*

Response DefaultHttpResponse(decodeResult: success, version: HTTP/1.1)
HTTP/1.1 200 OK
Content-Type: application/json; charset=utf-8
cache-control: no-cache
content-length: 16

16:22:48.563 [AsyncHttpClient-1-17] DEBUG org.asynchttpclient.netty.channel.ChannelManager - Adding key: http://localhost:62472 for channel [id: 0xcac7ee3c, L:/127.0.0.1:59371 - R:localhost/127.0.0.1:62472]
16:22:48.565 [Forwarding getElementTagName on session 7e4ac30e8a23488a94798247115e5c3a to remote] DEBUG org.asynchttpclient.netty.request.NettyRequestSender - Using pooled Channel '[id: 0xcac7ee3c, L:/127.0.0.1:59371 - R:localhost/127.0.0.1:62472]' for 'GET' to 'http://localhost:62472/session/7e4ac30e8a23488a94798247115e5c3a/element/2c27e807-183d-42b4-9762-24420b2f3726/name'
16:22:48.565 [Forwarding getElementTagName on session 7e4ac30e8a23488a94798247115e5c3a to remote] DEBUG org.asynchttpclient.netty.request.NettyRequestSender - Using open Channel [id: 0xcac7ee3c, L:/127.0.0.1:59371 - R:localhost/127.0.0.1:62472] for GET '/session/7e4ac30e8a23488a94798247115e5c3a/element/2c27e807-183d-42b4-9762-24420b2f3726/name'
16:22:48.567 [AsyncHttpClient-1-17] DEBUG org.asynchttpclient.netty.handler.HttpHandler - 

Request DefaultFullHttpRequest(decodeResult: success, version: HTTP/1.1, content: EmptyByteBufBE)
GET /session/7e4ac30e8a23488a94798247115e5c3a/element/2c27e807-183d-42b4-9762-24420b2f3726/name HTTP/1.1
User-Agent: selenium/4.1.2 (java windows)
Cache-Control: no-cache
Content-Type: application/json; charset=utf-8
host: localhost:62472
accept: */*

Response DefaultHttpResponse(decodeResult: success, version: HTTP/1.1)
HTTP/1.1 200 OK
Content-Type: application/json; charset=utf-8
cache-control: no-cache
content-length: 16

16:22:48.568 [AsyncHttpClient-1-17] DEBUG org.asynchttpclient.netty.channel.ChannelManager - Adding key: http://localhost:62472 for channel [id: 0xcac7ee3c, L:/127.0.0.1:59371 - R:localhost/127.0.0.1:62472]
16:22:48.570 [Forwarding findElement on session 7e4ac30e8a23488a94798247115e5c3a to remote] DEBUG org.asynchttpclient.netty.request.NettyRequestSender - Using pooled Channel '[id: 0xcac7ee3c, L:/127.0.0.1:59371 - R:localhost/127.0.0.1:62472]' for 'POST' to 'http://localhost:62472/session/7e4ac30e8a23488a94798247115e5c3a/element'
16:22:48.570 [Forwarding findElement on session 7e4ac30e8a23488a94798247115e5c3a to remote] DEBUG org.asynchttpclient.netty.request.NettyRequestSender - Using open Channel [id: 0xcac7ee3c, L:/127.0.0.1:59371 - R:localhost/127.0.0.1:62472] for POST '/session/7e4ac30e8a23488a94798247115e5c3a/element'
16:22:48.577 [AsyncHttpClient-1-17] DEBUG org.asynchttpclient.netty.handler.HttpHandler - 

Request DefaultHttpRequest(decodeResult: success, version: HTTP/1.1)
POST /session/7e4ac30e8a23488a94798247115e5c3a/element HTTP/1.1
User-Agent: selenium/4.1.2 (java windows)
Content-Length: 104
Content-Type: application/json; charset=utf-8
host: localhost:62472
accept: */*

Response DefaultHttpResponse(decodeResult: success, version: HTTP/1.1)
HTTP/1.1 200 OK
Content-Type: application/json; charset=utf-8
cache-control: no-cache
content-length: 88

16:22:48.578 [AsyncHttpClient-1-17] DEBUG org.asynchttpclient.netty.channel.ChannelManager - Adding key: http://localhost:62472 for channel [id: 0xcac7ee3c, L:/127.0.0.1:59371 - R:localhost/127.0.0.1:62472]
16:22:48.579 [Forwarding clickElement on session 7e4ac30e8a23488a94798247115e5c3a to remote] DEBUG org.asynchttpclient.netty.request.NettyRequestSender - Using pooled Channel '[id: 0xcac7ee3c, L:/127.0.0.1:59371 - R:localhost/127.0.0.1:62472]' for 'POST' to 'http://localhost:62472/session/7e4ac30e8a23488a94798247115e5c3a/element/2c27e807-183d-42b4-9762-24420b2f3726/click'
16:22:48.579 [Forwarding clickElement on session 7e4ac30e8a23488a94798247115e5c3a to remote] DEBUG org.asynchttpclient.netty.request.NettyRequestSender - Using open Channel [id: 0xcac7ee3c, L:/127.0.0.1:59371 - R:localhost/127.0.0.1:62472] for POST '/session/7e4ac30e8a23488a94798247115e5c3a/element/2c27e807-183d-42b4-9762-24420b2f3726/click'
16:22:48.762 [AsyncHttpClient-1-17] DEBUG org.asynchttpclient.netty.handler.HttpHandler - 

Request DefaultHttpRequest(decodeResult: success, version: HTTP/1.1)
POST /session/7e4ac30e8a23488a94798247115e5c3a/element/2c27e807-183d-42b4-9762-24420b2f3726/click HTTP/1.1
User-Agent: selenium/4.1.2 (java windows)
Content-Length: 50
Content-Type: application/json; charset=utf-8
host: localhost:62472
accept: */*

Response DefaultHttpResponse(decodeResult: success, version: HTTP/1.1)
HTTP/1.1 200 OK
Content-Type: application/json; charset=utf-8
cache-control: no-cache
content-length: 14

16:22:48.762 [AsyncHttpClient-1-17] DEBUG org.asynchttpclient.netty.channel.ChannelManager - Adding key: http://localhost:62472 for channel [id: 0xcac7ee3c, L:/127.0.0.1:59371 - R:localhost/127.0.0.1:62472]
  &amp#27;[32mWhen &amp#27;[0m&amp#27;[32mI will go to &amp#27;[0m&amp#27;[32m&amp#27;[1m"onePiece"&amp#27;[0m    &amp#27;[90m# starter.stepdefinitions.BabyStep.iWillGoTo(java.lang.String)&amp#27;[0m
16:22:48.774 [Forwarding screenshot on session 7e4ac30e8a23488a94798247115e5c3a to remote] DEBUG org.asynchttpclient.netty.request.NettyRequestSender - Using pooled Channel '[id: 0xcac7ee3c, L:/127.0.0.1:59371 - R:localhost/127.0.0.1:62472]' for 'GET' to 'http://localhost:62472/session/7e4ac30e8a23488a94798247115e5c3a/screenshot'
16:22:48.774 [Forwarding screenshot on session 7e4ac30e8a23488a94798247115e5c3a to remote] DEBUG org.asynchttpclient.netty.request.NettyRequestSender - Using open Channel [id: 0xcac7ee3c, L:/127.0.0.1:59371 - R:localhost/127.0.0.1:62472] for GET '/session/7e4ac30e8a23488a94798247115e5c3a/screenshot'
16:22:48.965 [AsyncHttpClient-1-1] DEBUG org.asynchttpclient.netty.channel.DefaultChannelPool - Entry count for : http://localhost:59372 : 1
16:22:49.097 [AsyncHttpClient-1-17] DEBUG org.asynchttpclient.netty.handler.HttpHandler - 

Request DefaultFullHttpRequest(decodeResult: success, version: HTTP/1.1, content: EmptyByteBufBE)
GET /session/7e4ac30e8a23488a94798247115e5c3a/screenshot HTTP/1.1
User-Agent: selenium/4.1.2 (java windows)
Cache-Control: no-cache
Content-Type: application/json; charset=utf-8
host: localhost:62472
accept: */*

Response DefaultHttpResponse(decodeResult: success, version: HTTP/1.1)
HTTP/1.1 200 OK
Content-Type: application/json; charset=utf-8
cache-control: no-cache
content-length: 81296

16:22:49.098 [AsyncHttpClient-1-17] DEBUG org.asynchttpclient.netty.channel.ChannelManager - Adding key: http://localhost:62472 for channel [id: 0xcac7ee3c, L:/127.0.0.1:59371 - R:localhost/127.0.0.1:62472]
16:22:49.102 [main] DEBUG net.serenitybdd.core.photography.Darkroom - Send negative for processing for target\site\serenity\4f4bde6b808a2d5cb90f5c03da7e9aeafe56117b5ceca89cfafd6cd2727c5a58.png
16:22:49.103 [Darkroom Processing Line] DEBUG net.serenitybdd.core.photography.DarkroomProcessingLine - Processing screenshot image in /var/screenshots/screenshot-5890560321849879164
16:22:49.103 [Darkroom Processing Line] DEBUG net.serenitybdd.core.photography.DarkroomProcessingLine - Saving screenshot to target\site\serenity\4f4bde6b808a2d5cb90f5c03da7e9aeafe56117b5ceca89cfafd6cd2727c5a58.png
  &amp#27;[32mAnd &amp#27;[0m&amp#27;[32mI &amp#27;[0m&amp#27;[32m&amp#27;[1m"txtOnepiece"&amp#27;[0m&amp#27;[32m page&amp#27;[0m        &amp#27;[90m# starter.stepdefinitions.BabyStep.iPage(java.lang.String)&amp#27;[0m
16:22:49.116 [AsyncHttpClient-1-3] DEBUG org.asynchttpclient.netty.handler.WebSocketHandler - Channel Closed: [id: 0x56c8f8e5, L:/127.0.0.1:59379 ! R:localhost/127.0.0.1:59372] with attribute NettyResponseFuture{currentRetry=5,
	isDone=1,
	isCancelled=0,
	asyncHandler=org.asynchttpclient.ws.WebSocketUpgradeHandler@5cf01e1e,
	nettyRequest=org.asynchttpclient.netty.request.NettyRequest@c63c5fe,
	future=java.util.concurrent.CompletableFuture@5351d7d4[Completed normally],
	uri=ws://localhost:59372/devtools/browser/e5d5dcfd-e70f-407d-886f-8044201f5086,
	keepAlive=true,
	redirectCount=0,
	timeoutsHolder=null,
	inAuth=0,
	touch=1680859358717}
16:22:49.116 [Driver Command Executor] DEBUG org.asynchttpclient.netty.request.NettyRequestSender - Using pooled Channel '[id: 0xcac7ee3c, L:/127.0.0.1:59371 - R:localhost/127.0.0.1:62472]' for 'DELETE' to 'http://localhost:62472/session/7e4ac30e8a23488a94798247115e5c3a'
16:22:49.116 [Driver Command Executor] DEBUG org.asynchttpclient.netty.request.NettyRequestSender - Using open Channel [id: 0xcac7ee3c, L:/127.0.0.1:59371 - R:localhost/127.0.0.1:62472] for DELETE '/session/7e4ac30e8a23488a94798247115e5c3a'
16:22:49.116 [AsyncHttpClient-1-3] DEBUG org.asynchttpclient.netty.channel.ChannelManager - Closing Channel [id: 0x56c8f8e5, L:/127.0.0.1:59379 ! R:localhost/127.0.0.1:59372] 
16:22:49.135 [AsyncHttpClient-1-2] DEBUG org.asynchttpclient.netty.handler.HttpHandler - Unexpected I/O exception on channel [id: 0x1d6e7554, L:/127.0.0.1:59378 - R:localhost/127.0.0.1:59372]
java.net.SocketException: Connection reset
	at java.base/sun.nio.ch.SocketChannelImpl.throwConnectionReset(SocketChannelImpl.java:345)
	at java.base/sun.nio.ch.SocketChannelImpl.read(SocketChannelImpl.java:376)
	at io.netty.buffer.PooledByteBuf.setBytes(PooledByteBuf.java:258)
	at io.netty.buffer.AbstractByteBuf.writeBytes(AbstractByteBuf.java:1132)
	at io.netty.channel.socket.nio.NioSocketChannel.doReadBytes(NioSocketChannel.java:350)
	at io.netty.channel.nio.AbstractNioByteChannel$NioByteUnsafe.read(AbstractNioByteChannel.java:151)
	at io.netty.channel.nio.NioEventLoop.processSelectedKey(NioEventLoop.java:722)
	at io.netty.channel.nio.NioEventLoop.processSelectedKeysOptimized(NioEventLoop.java:658)
	at io.netty.channel.nio.NioEventLoop.processSelectedKeys(NioEventLoop.java:584)
	at io.netty.channel.nio.NioEventLoop.run(NioEventLoop.java:496)
	at io.netty.util.concurrent.SingleThreadEventExecutor$4.run(SingleThreadEventExecutor.java:986)
	at io.netty.util.internal.ThreadExecutorMap$2.run(ThreadExecutorMap.java:74)
	at io.netty.util.concurrent.FastThreadLocalRunnable.run(FastThreadLocalRunnable.java:30)
	at java.base/java.lang.Thread.run(Thread.java:830)
16:22:49.135 [AsyncHttpClient-1-2] DEBUG org.asynchttpclient.netty.channel.ChannelManager - Closing Channel [id: 0x1d6e7554, L:/127.0.0.1:59378 - R:localhost/127.0.0.1:59372] 
16:22:49.135 [AsyncHttpClient-1-2] DEBUG org.asynchttpclient.netty.handler.HttpHandler - Channel Closed: [id: 0x1d6e7554, L:/127.0.0.1:59378 ! R:localhost/127.0.0.1:59372] with attribute DISCARD
16:22:49.171 [AsyncHttpClient-1-17] DEBUG org.asynchttpclient.netty.handler.HttpHandler - 

Request DefaultFullHttpRequest(decodeResult: success, version: HTTP/1.1, content: EmptyByteBufBE)
DELETE /session/7e4ac30e8a23488a94798247115e5c3a HTTP/1.1
User-Agent: selenium/4.1.2 (java windows)
Content-Type: application/json; charset=utf-8
host: localhost:62472
accept: */*

Response DefaultHttpResponse(decodeResult: success, version: HTTP/1.1)
HTTP/1.1 200 OK
Content-Type: application/json; charset=utf-8
cache-control: no-cache
content-length: 14

16:22:49.172 [AsyncHttpClient-1-17] DEBUG org.asynchttpclient.netty.channel.ChannelManager - Adding key: http://localhost:62472 for channel [id: 0xcac7ee3c, L:/127.0.0.1:59371 - R:localhost/127.0.0.1:62472]
16:22:49.246 [AsyncHttpClient-1-17] DEBUG org.asynchttpclient.netty.handler.HttpHandler - Channel Closed: [id: 0xcac7ee3c, L:/127.0.0.1:59371 ! R:localhost/127.0.0.1:62472] with attribute DISCARD
]]></system-out>
    <system-err><![CDATA[Starting Microsoft Edge WebDriver 111.0.1661.62 (0a8f453929e6410c973aa529a40485ce4e3e03db) on port 62472
To submit feedback, report a bug, or suggest new features, please visit https://github.com/MicrosoftEdge/EdgeWebDriver

Only local connections are allowed.
Please see https://aka.ms/WebDriverSecurity for suggestions on keeping Microsoft Edge WebDriver safe.

Microsoft Edge WebDriver was started successfully.
Apr 07, 2023 4:22:38 PM org.openqa.selenium.remote.ProtocolHandshake createSession
INFO: Detected dialect: W3C
Apr 07, 2023 4:22:38 PM org.openqa.selenium.devtools.CdpVersionFinder findNearestMatch
WARNING: Unable to find an exact match for CDP version 111, so returning the closest version found: a no-op implementation
Apr 07, 2023 4:22:38 PM org.openqa.selenium.devtools.CdpVersionFinder findNearestMatch
INFO: Unable to find CDP implementation matching 111.
Apr 07, 2023 4:22:38 PM org.openqa.selenium.chromium.ChromiumDriver lambda$new$3
WARNING: Unable to find version of CDP to use for . You may need to include a dependency on a specific version of the CDP using something similar to `org.seleniumhq.selenium:selenium-devtools-v86:4.1.2` where the version ("v86") matches the version of the chromium-based browser you're using and the version number of the artifact is the same as Selenium's.
]]></system-err>
  </testcase>
  <testcase name="Fitur Menu Baby #7" classname="Baby" time="9.473">
    <system-out><![CDATA[
Scenario Outline: Fitur Menu Baby &amp#27;[90m# src/test/resources/features/Baby.feature:19&amp#27;[0m
16:22:49.866 [main] INFO io.cucumber.core.plugin.SerenityReporter - Running feature from file:///C:/Users/alwi/IdeaProjects/uniqloweb/src/test/resources/features/Baby.feature
16:22:49.999 [main] DEBUG io.github.bonigarcia.wdm.cache.ResolutionCache - Resolution edge=111 in cache (valid until 17:21:26 07/04/2023 WIB)
16:22:50.003 [main] DEBUG io.github.bonigarcia.wdm.cache.ResolutionCache - Resolution edge111=111.0.1661.62 in cache (valid until 15:02:35 08/04/2023 WIB)
16:22:50.005 [main] INFO io.github.bonigarcia.wdm.WebDriverManager - Using msedgedriver 111.0.1661.62 (resolved driver for Edge 111)
16:22:50.014 [main] DEBUG io.github.bonigarcia.wdm.WebDriverManager - Driver msedgedriver 111.0.1661.62 found in cache
16:22:50.015 [main] INFO io.github.bonigarcia.wdm.WebDriverManager - Exporting webdriver.edge.driver as C:\Users\alwi\.cache\selenium\msedgedriver\win64\111.0.1661.62\msedgedriver.exe
16:22:50.017 [main] DEBUG net.serenitybdd.core.webdriver.driverproviders.ProvideNewDriver - Instantiating driver
16:22:50.017 [main] DEBUG net.serenitybdd.core.webdriver.driverproviders.ProvideNewDriver - Driver capabilities: Capabilities {base.url: https://www.uniqlo.com, chrome.driver: src/test/resources/webdrive..., driver: edge, ms:edgeChromium: true, ms:edgeOptions: {}, wait.for.timeout: 6000}
16:22:50.065 [AsyncHttpClient-1-1] DEBUG org.asynchttpclient.netty.channel.DefaultChannelPool - Entry count for : http://localhost:62472 : 1
16:22:50.065 [AsyncHttpClient-1-1] DEBUG org.asynchttpclient.netty.channel.DefaultChannelPool - Entry count for : http://localhost:59372 : 1
16:22:50.065 [AsyncHttpClient-1-1] DEBUG org.asynchttpclient.netty.channel.DefaultChannelPool - Adding Candidate expired Channel [id: 0xcac7ee3c, L:/127.0.0.1:59371 ! R:localhost/127.0.0.1:62472] isIdleTimeoutExpired=false isRemotelyClosed=true isTtlExpired=false
16:22:50.065 [AsyncHttpClient-1-1] DEBUG org.asynchttpclient.netty.channel.DefaultChannelPool - Closing Idle Channel [id: 0xcac7ee3c, L:/127.0.0.1:59371 ! R:localhost/127.0.0.1:62472]
16:22:50.065 [AsyncHttpClient-1-1] DEBUG org.asynchttpclient.netty.channel.DefaultChannelPool - Adding Candidate expired Channel [id: 0x1d6e7554, L:/127.0.0.1:59378 ! R:localhost/127.0.0.1:59372] isIdleTimeoutExpired=false isRemotelyClosed=true isTtlExpired=false
16:22:50.065 [AsyncHttpClient-1-1] DEBUG org.asynchttpclient.netty.channel.DefaultChannelPool - Closing Idle Channel [id: 0x1d6e7554, L:/127.0.0.1:59378 ! R:localhost/127.0.0.1:59372]
16:22:50.065 [AsyncHttpClient-1-1] DEBUG org.asynchttpclient.netty.channel.DefaultChannelPool - Closed 2 connections out of 2 in 0 ms
16:22:50.571 [AsyncHttpClient-1-4] DEBUG org.asynchttpclient.netty.channel.NettyConnectListener - Using new Channel '[id: 0x3fcc0913, L:/127.0.0.1:59469 - R:localhost/127.0.0.1:51236]' for 'POST' to '/session'
16:22:51.118 [AsyncHttpClient-1-4] DEBUG org.asynchttpclient.netty.handler.HttpHandler - 

Request DefaultHttpRequest(decodeResult: success, version: HTTP/1.1)
POST /session HTTP/1.1
User-Agent: selenium/4.1.2 (java windows)
Content-Length: 627
Content-Type: application/json; charset=utf-8
host: localhost:51236
accept: */*

Response DefaultHttpResponse(decodeResult: success, version: HTTP/1.1)
HTTP/1.1 200 OK
Content-Type: application/json; charset=utf-8
cache-control: no-cache
content-length: 824

16:22:51.118 [AsyncHttpClient-1-4] DEBUG org.asynchttpclient.netty.channel.ChannelManager - Adding key: http://localhost:51236 for channel [id: 0x3fcc0913, L:/127.0.0.1:59469 - R:localhost/127.0.0.1:51236]
16:22:51.126 [AsyncHttpClient-1-5] DEBUG org.asynchttpclient.netty.channel.NettyConnectListener - Using new Channel '[id: 0x5cd76ad9, L:/127.0.0.1:59478 - R:localhost/127.0.0.1:59471]' for 'GET' to '/json/version'
16:22:51.126 [AsyncHttpClient-1-5] DEBUG org.asynchttpclient.netty.handler.HttpHandler - 

Request DefaultFullHttpRequest(decodeResult: success, version: HTTP/1.1, content: EmptyByteBufBE)
GET /json/version HTTP/1.1
User-Agent: selenium/4.1.2 (java windows)
host: localhost:59471
accept: */*

Response DefaultHttpResponse(decodeResult: success, version: HTTP/1.1)
HTTP/1.1 200 OK
Content-Security-Policy: frame-ancestors 'none'
Content-Type: application/json; charset=UTF-8
content-length: 436

16:22:51.126 [AsyncHttpClient-1-5] DEBUG org.asynchttpclient.netty.channel.ChannelManager - Adding key: http://localhost:59471 for channel [id: 0x5cd76ad9, L:/127.0.0.1:59478 - R:localhost/127.0.0.1:59471]
16:22:51.129 [AsyncHttpClient-1-6] DEBUG org.asynchttpclient.netty.channel.NettyConnectListener - Using new Channel '[id: 0x7424280b, L:/127.0.0.1:59479 - R:localhost/127.0.0.1:59471]' for 'GET' to '/devtools/browser/0c8eb2a3-2e6e-4b50-ae38-82bf7811061e'
16:22:51.129 [AsyncHttpClient-1-6] DEBUG org.asynchttpclient.netty.handler.WebSocketHandler - 

Request DefaultFullHttpRequest(decodeResult: success, version: HTTP/1.1, content: EmptyByteBufBE)
GET /devtools/browser/0c8eb2a3-2e6e-4b50-ae38-82bf7811061e HTTP/1.1
upgrade: websocket
connection: upgrade
sec-websocket-key: mrZVIyyJqIG2Af7OPCe5+Q==
sec-websocket-version: 13
origin: http://localhost:59471
host: localhost:59471
accept: */*
user-agent: AHC/2.1

Response DefaultHttpResponse(decodeResult: success, version: HTTP/1.1)
HTTP/1.1 101 WebSocket Protocol Handshake
Upgrade: WebSocket
Connection: Upgrade
Sec-WebSocket-Accept: lj90pdJVwQUg7puJVe/ajSoSLTI=

16:22:51.133 [Forwarding get on session 58a595309d5df088467581c59b2c4a79 to remote] DEBUG org.asynchttpclient.netty.request.NettyRequestSender - Using pooled Channel '[id: 0x3fcc0913, L:/127.0.0.1:59469 - R:localhost/127.0.0.1:51236]' for 'POST' to 'http://localhost:51236/session/58a595309d5df088467581c59b2c4a79/url'
16:22:51.133 [Forwarding get on session 58a595309d5df088467581c59b2c4a79 to remote] DEBUG org.asynchttpclient.netty.request.NettyRequestSender - Using open Channel [id: 0x3fcc0913, L:/127.0.0.1:59469 - R:localhost/127.0.0.1:51236] for POST '/session/58a595309d5df088467581c59b2c4a79/url'
16:22:51.166 [AsyncHttpClient-1-1] DEBUG org.asynchttpclient.netty.channel.DefaultChannelPool - Entry count for : http://localhost:59471 : 1
16:22:52.272 [AsyncHttpClient-1-1] DEBUG org.asynchttpclient.netty.channel.DefaultChannelPool - Entry count for : http://localhost:59471 : 1
16:22:53.366 [AsyncHttpClient-1-1] DEBUG org.asynchttpclient.netty.channel.DefaultChannelPool - Entry count for : http://localhost:59471 : 1
16:22:54.466 [AsyncHttpClient-1-1] DEBUG org.asynchttpclient.netty.channel.DefaultChannelPool - Entry count for : http://localhost:59471 : 1
16:22:55.565 [AsyncHttpClient-1-1] DEBUG org.asynchttpclient.netty.channel.DefaultChannelPool - Entry count for : http://localhost:59471 : 1
16:22:56.346 [AsyncHttpClient-1-4] DEBUG org.asynchttpclient.netty.handler.HttpHandler - 

Request DefaultHttpRequest(decodeResult: success, version: HTTP/1.1)
POST /session/58a595309d5df088467581c59b2c4a79/url HTTP/1.1
User-Agent: selenium/4.1.2 (java windows)
Content-Length: 53
Content-Type: application/json; charset=utf-8
host: localhost:51236
accept: */*

Response DefaultHttpResponse(decodeResult: success, version: HTTP/1.1)
HTTP/1.1 200 OK
Content-Type: application/json; charset=utf-8
cache-control: no-cache
content-length: 14

16:22:56.347 [AsyncHttpClient-1-4] DEBUG org.asynchttpclient.netty.channel.ChannelManager - Adding key: http://localhost:51236 for channel [id: 0x3fcc0913, L:/127.0.0.1:59469 - R:localhost/127.0.0.1:51236]
16:22:56.349 [Forwarding setTimeout on session 58a595309d5df088467581c59b2c4a79 to remote] DEBUG org.asynchttpclient.netty.request.NettyRequestSender - Using pooled Channel '[id: 0x3fcc0913, L:/127.0.0.1:59469 - R:localhost/127.0.0.1:51236]' for 'POST' to 'http://localhost:51236/session/58a595309d5df088467581c59b2c4a79/timeouts'
16:22:56.349 [Forwarding setTimeout on session 58a595309d5df088467581c59b2c4a79 to remote] DEBUG org.asynchttpclient.netty.request.NettyRequestSender - Using open Channel [id: 0x3fcc0913, L:/127.0.0.1:59469 - R:localhost/127.0.0.1:51236] for POST '/session/58a595309d5df088467581c59b2c4a79/timeouts'
16:22:56.350 [AsyncHttpClient-1-4] DEBUG org.asynchttpclient.netty.handler.HttpHandler - 

Request DefaultHttpRequest(decodeResult: success, version: HTTP/1.1)
POST /session/58a595309d5df088467581c59b2c4a79/timeouts HTTP/1.1
User-Agent: selenium/4.1.2 (java windows)
Content-Length: 22
Content-Type: application/json; charset=utf-8
host: localhost:51236
accept: */*

Response DefaultHttpResponse(decodeResult: success, version: HTTP/1.1)
HTTP/1.1 200 OK
Content-Type: application/json; charset=utf-8
cache-control: no-cache
content-length: 14

16:22:56.350 [AsyncHttpClient-1-4] DEBUG org.asynchttpclient.netty.channel.ChannelManager - Adding key: http://localhost:51236 for channel [id: 0x3fcc0913, L:/127.0.0.1:59469 - R:localhost/127.0.0.1:51236]
16:22:56.354 [Forwarding getCurrentUrl on session 58a595309d5df088467581c59b2c4a79 to remote] DEBUG org.asynchttpclient.netty.request.NettyRequestSender - Using pooled Channel '[id: 0x3fcc0913, L:/127.0.0.1:59469 - R:localhost/127.0.0.1:51236]' for 'GET' to 'http://localhost:51236/session/58a595309d5df088467581c59b2c4a79/url'
16:22:56.354 [Forwarding getCurrentUrl on session 58a595309d5df088467581c59b2c4a79 to remote] DEBUG org.asynchttpclient.netty.request.NettyRequestSender - Using open Channel [id: 0x3fcc0913, L:/127.0.0.1:59469 - R:localhost/127.0.0.1:51236] for GET '/session/58a595309d5df088467581c59b2c4a79/url'
16:22:56.358 [AsyncHttpClient-1-4] DEBUG org.asynchttpclient.netty.handler.HttpHandler - 

Request DefaultFullHttpRequest(decodeResult: success, version: HTTP/1.1, content: EmptyByteBufBE)
GET /session/58a595309d5df088467581c59b2c4a79/url HTTP/1.1
User-Agent: selenium/4.1.2 (java windows)
Cache-Control: no-cache
Content-Type: application/json; charset=utf-8
host: localhost:51236
accept: */*

Response DefaultHttpResponse(decodeResult: success, version: HTTP/1.1)
HTTP/1.1 200 OK
Content-Type: application/json; charset=utf-8
cache-control: no-cache
content-length: 41

16:22:56.358 [AsyncHttpClient-1-4] DEBUG org.asynchttpclient.netty.channel.ChannelManager - Adding key: http://localhost:51236 for channel [id: 0x3fcc0913, L:/127.0.0.1:59469 - R:localhost/127.0.0.1:51236]
  &amp#27;[32mGiven &amp#27;[0m&amp#27;[32mI am on the home page&amp#27;[0m     &amp#27;[90m# starter.stepdefinitions.BabyStep.iAmOnTheHomePage()&amp#27;[0m
16:22:56.365 [Forwarding screenshot on session 58a595309d5df088467581c59b2c4a79 to remote] DEBUG org.asynchttpclient.netty.request.NettyRequestSender - Using pooled Channel '[id: 0x3fcc0913, L:/127.0.0.1:59469 - R:localhost/127.0.0.1:51236]' for 'GET' to 'http://localhost:51236/session/58a595309d5df088467581c59b2c4a79/screenshot'
16:22:56.365 [Forwarding screenshot on session 58a595309d5df088467581c59b2c4a79 to remote] DEBUG org.asynchttpclient.netty.request.NettyRequestSender - Using open Channel [id: 0x3fcc0913, L:/127.0.0.1:59469 - R:localhost/127.0.0.1:51236] for GET '/session/58a595309d5df088467581c59b2c4a79/screenshot'
16:22:56.671 [AsyncHttpClient-1-1] DEBUG org.asynchttpclient.netty.channel.DefaultChannelPool - Entry count for : http://localhost:59471 : 1
16:22:56.688 [AsyncHttpClient-1-4] DEBUG org.asynchttpclient.netty.handler.HttpHandler - 

Request DefaultFullHttpRequest(decodeResult: success, version: HTTP/1.1, content: EmptyByteBufBE)
GET /session/58a595309d5df088467581c59b2c4a79/screenshot HTTP/1.1
User-Agent: selenium/4.1.2 (java windows)
Cache-Control: no-cache
Content-Type: application/json; charset=utf-8
host: localhost:51236
accept: */*

Response DefaultHttpResponse(decodeResult: success, version: HTTP/1.1)
HTTP/1.1 200 OK
Content-Type: application/json; charset=utf-8
cache-control: no-cache
content-length: 1022316

16:22:56.691 [AsyncHttpClient-1-4] DEBUG org.asynchttpclient.netty.channel.ChannelManager - Adding key: http://localhost:51236 for channel [id: 0x3fcc0913, L:/127.0.0.1:59469 - R:localhost/127.0.0.1:51236]
16:22:56.728 [main] DEBUG net.serenitybdd.core.photography.Darkroom - Send negative for processing for target\site\serenity\b0ddf3608b8f51a6a3adc36e4acd901b7a2c5b7adc6fd42a924a7c7a6358c0ea.png
16:22:56.744 [Forwarding findElement on session 58a595309d5df088467581c59b2c4a79 to remote] DEBUG org.asynchttpclient.netty.request.NettyRequestSender - Using pooled Channel '[id: 0x3fcc0913, L:/127.0.0.1:59469 - R:localhost/127.0.0.1:51236]' for 'POST' to 'http://localhost:51236/session/58a595309d5df088467581c59b2c4a79/element'
16:22:56.744 [Forwarding findElement on session 58a595309d5df088467581c59b2c4a79 to remote] DEBUG org.asynchttpclient.netty.request.NettyRequestSender - Using open Channel [id: 0x3fcc0913, L:/127.0.0.1:59469 - R:localhost/127.0.0.1:51236] for POST '/session/58a595309d5df088467581c59b2c4a79/element'
16:22:56.760 [AsyncHttpClient-1-4] DEBUG org.asynchttpclient.netty.handler.HttpHandler - 

Request DefaultHttpRequest(decodeResult: success, version: HTTP/1.1)
POST /session/58a595309d5df088467581c59b2c4a79/element HTTP/1.1
User-Agent: selenium/4.1.2 (java windows)
Content-Length: 81
Content-Type: application/json; charset=utf-8
host: localhost:51236
accept: */*

Response DefaultHttpResponse(decodeResult: success, version: HTTP/1.1)
HTTP/1.1 200 OK
Content-Type: application/json; charset=utf-8
cache-control: no-cache
content-length: 88

16:22:56.760 [AsyncHttpClient-1-4] DEBUG org.asynchttpclient.netty.channel.ChannelManager - Adding key: http://localhost:51236 for channel [id: 0x3fcc0913, L:/127.0.0.1:59469 - R:localhost/127.0.0.1:51236]
16:22:56.762 [Forwarding getElementTagName on session 58a595309d5df088467581c59b2c4a79 to remote] DEBUG org.asynchttpclient.netty.request.NettyRequestSender - Using pooled Channel '[id: 0x3fcc0913, L:/127.0.0.1:59469 - R:localhost/127.0.0.1:51236]' for 'GET' to 'http://localhost:51236/session/58a595309d5df088467581c59b2c4a79/element/82d21987-b83c-45b4-bd0d-61c315ba2d05/name'
16:22:56.762 [Forwarding getElementTagName on session 58a595309d5df088467581c59b2c4a79 to remote] DEBUG org.asynchttpclient.netty.request.NettyRequestSender - Using open Channel [id: 0x3fcc0913, L:/127.0.0.1:59469 - R:localhost/127.0.0.1:51236] for GET '/session/58a595309d5df088467581c59b2c4a79/element/82d21987-b83c-45b4-bd0d-61c315ba2d05/name'
16:22:56.765 [AsyncHttpClient-1-4] DEBUG org.asynchttpclient.netty.handler.HttpHandler - 

Request DefaultFullHttpRequest(decodeResult: success, version: HTTP/1.1, content: EmptyByteBufBE)
GET /session/58a595309d5df088467581c59b2c4a79/element/82d21987-b83c-45b4-bd0d-61c315ba2d05/name HTTP/1.1
User-Agent: selenium/4.1.2 (java windows)
Cache-Control: no-cache
Content-Type: application/json; charset=utf-8
host: localhost:51236
accept: */*

Response DefaultHttpResponse(decodeResult: success, version: HTTP/1.1)
HTTP/1.1 200 OK
Content-Type: application/json; charset=utf-8
cache-control: no-cache
content-length: 16

16:22:56.765 [AsyncHttpClient-1-4] DEBUG org.asynchttpclient.netty.channel.ChannelManager - Adding key: http://localhost:51236 for channel [id: 0x3fcc0913, L:/127.0.0.1:59469 - R:localhost/127.0.0.1:51236]
16:22:56.767 [Forwarding getElementTagName on session 58a595309d5df088467581c59b2c4a79 to remote] DEBUG org.asynchttpclient.netty.request.NettyRequestSender - Using pooled Channel '[id: 0x3fcc0913, L:/127.0.0.1:59469 - R:localhost/127.0.0.1:51236]' for 'GET' to 'http://localhost:51236/session/58a595309d5df088467581c59b2c4a79/element/82d21987-b83c-45b4-bd0d-61c315ba2d05/name'
16:22:56.767 [Forwarding getElementTagName on session 58a595309d5df088467581c59b2c4a79 to remote] DEBUG org.asynchttpclient.netty.request.NettyRequestSender - Using open Channel [id: 0x3fcc0913, L:/127.0.0.1:59469 - R:localhost/127.0.0.1:51236] for GET '/session/58a595309d5df088467581c59b2c4a79/element/82d21987-b83c-45b4-bd0d-61c315ba2d05/name'
16:22:56.769 [AsyncHttpClient-1-4] DEBUG org.asynchttpclient.netty.handler.HttpHandler - 

Request DefaultFullHttpRequest(decodeResult: success, version: HTTP/1.1, content: EmptyByteBufBE)
GET /session/58a595309d5df088467581c59b2c4a79/element/82d21987-b83c-45b4-bd0d-61c315ba2d05/name HTTP/1.1
User-Agent: selenium/4.1.2 (java windows)
Cache-Control: no-cache
Content-Type: application/json; charset=utf-8
host: localhost:51236
accept: */*

Response DefaultHttpResponse(decodeResult: success, version: HTTP/1.1)
HTTP/1.1 200 OK
Content-Type: application/json; charset=utf-8
cache-control: no-cache
content-length: 16

16:22:56.769 [AsyncHttpClient-1-4] DEBUG org.asynchttpclient.netty.channel.ChannelManager - Adding key: http://localhost:51236 for channel [id: 0x3fcc0913, L:/127.0.0.1:59469 - R:localhost/127.0.0.1:51236]
16:22:56.771 [Forwarding findElement on session 58a595309d5df088467581c59b2c4a79 to remote] DEBUG org.asynchttpclient.netty.request.NettyRequestSender - Using pooled Channel '[id: 0x3fcc0913, L:/127.0.0.1:59469 - R:localhost/127.0.0.1:51236]' for 'POST' to 'http://localhost:51236/session/58a595309d5df088467581c59b2c4a79/element'
16:22:56.771 [Forwarding findElement on session 58a595309d5df088467581c59b2c4a79 to remote] DEBUG org.asynchttpclient.netty.request.NettyRequestSender - Using open Channel [id: 0x3fcc0913, L:/127.0.0.1:59469 - R:localhost/127.0.0.1:51236] for POST '/session/58a595309d5df088467581c59b2c4a79/element'
16:22:56.777 [AsyncHttpClient-1-4] DEBUG org.asynchttpclient.netty.handler.HttpHandler - 

Request DefaultHttpRequest(decodeResult: success, version: HTTP/1.1)
POST /session/58a595309d5df088467581c59b2c4a79/element HTTP/1.1
User-Agent: selenium/4.1.2 (java windows)
Content-Length: 81
Content-Type: application/json; charset=utf-8
host: localhost:51236
accept: */*

Response DefaultHttpResponse(decodeResult: success, version: HTTP/1.1)
HTTP/1.1 200 OK
Content-Type: application/json; charset=utf-8
cache-control: no-cache
content-length: 88

16:22:56.777 [AsyncHttpClient-1-4] DEBUG org.asynchttpclient.netty.channel.ChannelManager - Adding key: http://localhost:51236 for channel [id: 0x3fcc0913, L:/127.0.0.1:59469 - R:localhost/127.0.0.1:51236]
16:22:56.779 [Forwarding clickElement on session 58a595309d5df088467581c59b2c4a79 to remote] DEBUG org.asynchttpclient.netty.request.NettyRequestSender - Using pooled Channel '[id: 0x3fcc0913, L:/127.0.0.1:59469 - R:localhost/127.0.0.1:51236]' for 'POST' to 'http://localhost:51236/session/58a595309d5df088467581c59b2c4a79/element/82d21987-b83c-45b4-bd0d-61c315ba2d05/click'
16:22:56.779 [Forwarding clickElement on session 58a595309d5df088467581c59b2c4a79 to remote] DEBUG org.asynchttpclient.netty.request.NettyRequestSender - Using open Channel [id: 0x3fcc0913, L:/127.0.0.1:59469 - R:localhost/127.0.0.1:51236] for POST '/session/58a595309d5df088467581c59b2c4a79/element/82d21987-b83c-45b4-bd0d-61c315ba2d05/click'
16:22:57.228 [AsyncHttpClient-1-4] DEBUG org.asynchttpclient.netty.handler.HttpHandler - 

Request DefaultHttpRequest(decodeResult: success, version: HTTP/1.1)
POST /session/58a595309d5df088467581c59b2c4a79/element/82d21987-b83c-45b4-bd0d-61c315ba2d05/click HTTP/1.1
User-Agent: selenium/4.1.2 (java windows)
Content-Length: 50
Content-Type: application/json; charset=utf-8
host: localhost:51236
accept: */*

Response DefaultHttpResponse(decodeResult: success, version: HTTP/1.1)
HTTP/1.1 200 OK
Content-Type: application/json; charset=utf-8
cache-control: no-cache
content-length: 14

16:22:57.229 [AsyncHttpClient-1-4] DEBUG org.asynchttpclient.netty.channel.ChannelManager - Adding key: http://localhost:51236 for channel [id: 0x3fcc0913, L:/127.0.0.1:59469 - R:localhost/127.0.0.1:51236]
  &amp#27;[32mThen &amp#27;[0m&amp#27;[32mI click baby on the header&amp#27;[0m &amp#27;[90m# starter.stepdefinitions.BabyStep.iClickBabyOnTheHeader()&amp#27;[0m
16:22:57.239 [Forwarding screenshot on session 58a595309d5df088467581c59b2c4a79 to remote] DEBUG org.asynchttpclient.netty.request.NettyRequestSender - Using pooled Channel '[id: 0x3fcc0913, L:/127.0.0.1:59469 - R:localhost/127.0.0.1:51236]' for 'GET' to 'http://localhost:51236/session/58a595309d5df088467581c59b2c4a79/screenshot'
16:22:57.239 [Forwarding screenshot on session 58a595309d5df088467581c59b2c4a79 to remote] DEBUG org.asynchttpclient.netty.request.NettyRequestSender - Using open Channel [id: 0x3fcc0913, L:/127.0.0.1:59469 - R:localhost/127.0.0.1:51236] for GET '/session/58a595309d5df088467581c59b2c4a79/screenshot'
16:22:57.765 [AsyncHttpClient-1-1] DEBUG org.asynchttpclient.netty.channel.DefaultChannelPool - Entry count for : http://localhost:59471 : 1
16:22:57.928 [AsyncHttpClient-1-4] DEBUG org.asynchttpclient.netty.handler.HttpHandler - 

Request DefaultFullHttpRequest(decodeResult: success, version: HTTP/1.1, content: EmptyByteBufBE)
GET /session/58a595309d5df088467581c59b2c4a79/screenshot HTTP/1.1
User-Agent: selenium/4.1.2 (java windows)
Cache-Control: no-cache
Content-Type: application/json; charset=utf-8
host: localhost:51236
accept: */*

Response DefaultHttpResponse(decodeResult: success, version: HTTP/1.1)
HTTP/1.1 200 OK
Content-Type: application/json; charset=utf-8
cache-control: no-cache
content-length: 122112

16:22:57.929 [AsyncHttpClient-1-4] DEBUG org.asynchttpclient.netty.channel.ChannelManager - Adding key: http://localhost:51236 for channel [id: 0x3fcc0913, L:/127.0.0.1:59469 - R:localhost/127.0.0.1:51236]
16:22:57.933 [main] DEBUG net.serenitybdd.core.photography.Darkroom - Send negative for processing for target\site\serenity\d3098028fc03f892886ae4da6dc48c340b20cea53900352f4db35df1fcad418c.png
16:22:57.934 [Darkroom Processing Line] DEBUG net.serenitybdd.core.photography.DarkroomProcessingLine - Processing screenshot image in /var/screenshots/screenshot-1349095424944428163
16:22:57.934 [Darkroom Processing Line] DEBUG net.serenitybdd.core.photography.DarkroomProcessingLine - Saving screenshot to target\site\serenity\d3098028fc03f892886ae4da6dc48c340b20cea53900352f4db35df1fcad418c.png
16:22:57.946 [Forwarding findElement on session 58a595309d5df088467581c59b2c4a79 to remote] DEBUG org.asynchttpclient.netty.request.NettyRequestSender - Using pooled Channel '[id: 0x3fcc0913, L:/127.0.0.1:59469 - R:localhost/127.0.0.1:51236]' for 'POST' to 'http://localhost:51236/session/58a595309d5df088467581c59b2c4a79/element'
16:22:57.946 [Forwarding findElement on session 58a595309d5df088467581c59b2c4a79 to remote] DEBUG org.asynchttpclient.netty.request.NettyRequestSender - Using open Channel [id: 0x3fcc0913, L:/127.0.0.1:59469 - R:localhost/127.0.0.1:51236] for POST '/session/58a595309d5df088467581c59b2c4a79/element'
16:22:57.995 [AsyncHttpClient-1-4] DEBUG org.asynchttpclient.netty.handler.HttpHandler - 

Request DefaultHttpRequest(decodeResult: success, version: HTTP/1.1)
POST /session/58a595309d5df088467581c59b2c4a79/element HTTP/1.1
User-Agent: selenium/4.1.2 (java windows)
Content-Length: 104
Content-Type: application/json; charset=utf-8
host: localhost:51236
accept: */*

Response DefaultHttpResponse(decodeResult: success, version: HTTP/1.1)
HTTP/1.1 200 OK
Content-Type: application/json; charset=utf-8
cache-control: no-cache
content-length: 88

16:22:57.995 [AsyncHttpClient-1-4] DEBUG org.asynchttpclient.netty.channel.ChannelManager - Adding key: http://localhost:51236 for channel [id: 0x3fcc0913, L:/127.0.0.1:59469 - R:localhost/127.0.0.1:51236]
16:22:57.998 [Forwarding getElementTagName on session 58a595309d5df088467581c59b2c4a79 to remote] DEBUG org.asynchttpclient.netty.request.NettyRequestSender - Using pooled Channel '[id: 0x3fcc0913, L:/127.0.0.1:59469 - R:localhost/127.0.0.1:51236]' for 'GET' to 'http://localhost:51236/session/58a595309d5df088467581c59b2c4a79/element/0da7015c-fb1f-40c2-843f-1e83de1686af/name'
16:22:57.999 [Forwarding getElementTagName on session 58a595309d5df088467581c59b2c4a79 to remote] DEBUG org.asynchttpclient.netty.request.NettyRequestSender - Using open Channel [id: 0x3fcc0913, L:/127.0.0.1:59469 - R:localhost/127.0.0.1:51236] for GET '/session/58a595309d5df088467581c59b2c4a79/element/0da7015c-fb1f-40c2-843f-1e83de1686af/name'
16:22:58.016 [AsyncHttpClient-1-4] DEBUG org.asynchttpclient.netty.handler.HttpHandler - 

Request DefaultFullHttpRequest(decodeResult: success, version: HTTP/1.1, content: EmptyByteBufBE)
GET /session/58a595309d5df088467581c59b2c4a79/element/0da7015c-fb1f-40c2-843f-1e83de1686af/name HTTP/1.1
User-Agent: selenium/4.1.2 (java windows)
Cache-Control: no-cache
Content-Type: application/json; charset=utf-8
host: localhost:51236
accept: */*

Response DefaultHttpResponse(decodeResult: success, version: HTTP/1.1)
HTTP/1.1 200 OK
Content-Type: application/json; charset=utf-8
cache-control: no-cache
content-length: 16

16:22:58.016 [AsyncHttpClient-1-4] DEBUG org.asynchttpclient.netty.channel.ChannelManager - Adding key: http://localhost:51236 for channel [id: 0x3fcc0913, L:/127.0.0.1:59469 - R:localhost/127.0.0.1:51236]
16:22:58.017 [Forwarding getElementTagName on session 58a595309d5df088467581c59b2c4a79 to remote] DEBUG org.asynchttpclient.netty.request.NettyRequestSender - Using pooled Channel '[id: 0x3fcc0913, L:/127.0.0.1:59469 - R:localhost/127.0.0.1:51236]' for 'GET' to 'http://localhost:51236/session/58a595309d5df088467581c59b2c4a79/element/0da7015c-fb1f-40c2-843f-1e83de1686af/name'
16:22:58.017 [Forwarding getElementTagName on session 58a595309d5df088467581c59b2c4a79 to remote] DEBUG org.asynchttpclient.netty.request.NettyRequestSender - Using open Channel [id: 0x3fcc0913, L:/127.0.0.1:59469 - R:localhost/127.0.0.1:51236] for GET '/session/58a595309d5df088467581c59b2c4a79/element/0da7015c-fb1f-40c2-843f-1e83de1686af/name'
16:22:58.021 [AsyncHttpClient-1-4] DEBUG org.asynchttpclient.netty.handler.HttpHandler - 

Request DefaultFullHttpRequest(decodeResult: success, version: HTTP/1.1, content: EmptyByteBufBE)
GET /session/58a595309d5df088467581c59b2c4a79/element/0da7015c-fb1f-40c2-843f-1e83de1686af/name HTTP/1.1
User-Agent: selenium/4.1.2 (java windows)
Cache-Control: no-cache
Content-Type: application/json; charset=utf-8
host: localhost:51236
accept: */*

Response DefaultHttpResponse(decodeResult: success, version: HTTP/1.1)
HTTP/1.1 200 OK
Content-Type: application/json; charset=utf-8
cache-control: no-cache
content-length: 16

16:22:58.022 [AsyncHttpClient-1-4] DEBUG org.asynchttpclient.netty.channel.ChannelManager - Adding key: http://localhost:51236 for channel [id: 0x3fcc0913, L:/127.0.0.1:59469 - R:localhost/127.0.0.1:51236]
16:22:58.024 [Forwarding findElement on session 58a595309d5df088467581c59b2c4a79 to remote] DEBUG org.asynchttpclient.netty.request.NettyRequestSender - Using pooled Channel '[id: 0x3fcc0913, L:/127.0.0.1:59469 - R:localhost/127.0.0.1:51236]' for 'POST' to 'http://localhost:51236/session/58a595309d5df088467581c59b2c4a79/element'
16:22:58.024 [Forwarding findElement on session 58a595309d5df088467581c59b2c4a79 to remote] DEBUG org.asynchttpclient.netty.request.NettyRequestSender - Using open Channel [id: 0x3fcc0913, L:/127.0.0.1:59469 - R:localhost/127.0.0.1:51236] for POST '/session/58a595309d5df088467581c59b2c4a79/element'
16:22:58.031 [AsyncHttpClient-1-4] DEBUG org.asynchttpclient.netty.handler.HttpHandler - 

Request DefaultHttpRequest(decodeResult: success, version: HTTP/1.1)
POST /session/58a595309d5df088467581c59b2c4a79/element HTTP/1.1
User-Agent: selenium/4.1.2 (java windows)
Content-Length: 104
Content-Type: application/json; charset=utf-8
host: localhost:51236
accept: */*

Response DefaultHttpResponse(decodeResult: success, version: HTTP/1.1)
HTTP/1.1 200 OK
Content-Type: application/json; charset=utf-8
cache-control: no-cache
content-length: 88

16:22:58.031 [AsyncHttpClient-1-4] DEBUG org.asynchttpclient.netty.channel.ChannelManager - Adding key: http://localhost:51236 for channel [id: 0x3fcc0913, L:/127.0.0.1:59469 - R:localhost/127.0.0.1:51236]
16:22:58.033 [Forwarding clickElement on session 58a595309d5df088467581c59b2c4a79 to remote] DEBUG org.asynchttpclient.netty.request.NettyRequestSender - Using pooled Channel '[id: 0x3fcc0913, L:/127.0.0.1:59469 - R:localhost/127.0.0.1:51236]' for 'POST' to 'http://localhost:51236/session/58a595309d5df088467581c59b2c4a79/element/0da7015c-fb1f-40c2-843f-1e83de1686af/click'
16:22:58.033 [Forwarding clickElement on session 58a595309d5df088467581c59b2c4a79 to remote] DEBUG org.asynchttpclient.netty.request.NettyRequestSender - Using open Channel [id: 0x3fcc0913, L:/127.0.0.1:59469 - R:localhost/127.0.0.1:51236] for POST '/session/58a595309d5df088467581c59b2c4a79/element/0da7015c-fb1f-40c2-843f-1e83de1686af/click'
16:22:58.227 [AsyncHttpClient-1-4] DEBUG org.asynchttpclient.netty.handler.HttpHandler - 

Request DefaultHttpRequest(decodeResult: success, version: HTTP/1.1)
POST /session/58a595309d5df088467581c59b2c4a79/element/0da7015c-fb1f-40c2-843f-1e83de1686af/click HTTP/1.1
User-Agent: selenium/4.1.2 (java windows)
Content-Length: 50
Content-Type: application/json; charset=utf-8
host: localhost:51236
accept: */*

Response DefaultHttpResponse(decodeResult: success, version: HTTP/1.1)
HTTP/1.1 200 OK
Content-Type: application/json; charset=utf-8
cache-control: no-cache
content-length: 14

16:22:58.228 [AsyncHttpClient-1-4] DEBUG org.asynchttpclient.netty.channel.ChannelManager - Adding key: http://localhost:51236 for channel [id: 0x3fcc0913, L:/127.0.0.1:59469 - R:localhost/127.0.0.1:51236]
  &amp#27;[32mWhen &amp#27;[0m&amp#27;[32mI will go to &amp#27;[0m&amp#27;[32m&amp#27;[1m"atasan1"&amp#27;[0m     &amp#27;[90m# starter.stepdefinitions.BabyStep.iWillGoTo(java.lang.String)&amp#27;[0m
16:22:58.234 [Forwarding screenshot on session 58a595309d5df088467581c59b2c4a79 to remote] DEBUG org.asynchttpclient.netty.request.NettyRequestSender - Using pooled Channel '[id: 0x3fcc0913, L:/127.0.0.1:59469 - R:localhost/127.0.0.1:51236]' for 'GET' to 'http://localhost:51236/session/58a595309d5df088467581c59b2c4a79/screenshot'
16:22:58.234 [Forwarding screenshot on session 58a595309d5df088467581c59b2c4a79 to remote] DEBUG org.asynchttpclient.netty.request.NettyRequestSender - Using open Channel [id: 0x3fcc0913, L:/127.0.0.1:59469 - R:localhost/127.0.0.1:51236] for GET '/session/58a595309d5df088467581c59b2c4a79/screenshot'
16:22:58.545 [AsyncHttpClient-1-4] DEBUG org.asynchttpclient.netty.handler.HttpHandler - 

Request DefaultFullHttpRequest(decodeResult: success, version: HTTP/1.1, content: EmptyByteBufBE)
GET /session/58a595309d5df088467581c59b2c4a79/screenshot HTTP/1.1
User-Agent: selenium/4.1.2 (java windows)
Cache-Control: no-cache
Content-Type: application/json; charset=utf-8
host: localhost:51236
accept: */*

Response DefaultHttpResponse(decodeResult: success, version: HTTP/1.1)
HTTP/1.1 200 OK
Content-Type: application/json; charset=utf-8
cache-control: no-cache
content-length: 81188

16:22:58.545 [AsyncHttpClient-1-4] DEBUG org.asynchttpclient.netty.channel.ChannelManager - Adding key: http://localhost:51236 for channel [id: 0x3fcc0913, L:/127.0.0.1:59469 - R:localhost/127.0.0.1:51236]
16:22:58.548 [main] DEBUG net.serenitybdd.core.photography.Darkroom - Send negative for processing for target\site\serenity\d883b006bdd279d0b1c6e2425c266eef636d47c17e031d36cd83f536e68566ee.png
16:22:58.549 [Darkroom Processing Line] DEBUG net.serenitybdd.core.photography.DarkroomProcessingLine - Processing screenshot image in /var/screenshots/screenshot-2340336280233545843
16:22:58.549 [Darkroom Processing Line] DEBUG net.serenitybdd.core.photography.DarkroomProcessingLine - Saving screenshot to target\site\serenity\d883b006bdd279d0b1c6e2425c266eef636d47c17e031d36cd83f536e68566ee.png
16:22:58.558 [Forwarding findElement on session 58a595309d5df088467581c59b2c4a79 to remote] DEBUG org.asynchttpclient.netty.request.NettyRequestSender - Using pooled Channel '[id: 0x3fcc0913, L:/127.0.0.1:59469 - R:localhost/127.0.0.1:51236]' for 'POST' to 'http://localhost:51236/session/58a595309d5df088467581c59b2c4a79/element'
16:22:58.559 [Forwarding findElement on session 58a595309d5df088467581c59b2c4a79 to remote] DEBUG org.asynchttpclient.netty.request.NettyRequestSender - Using open Channel [id: 0x3fcc0913, L:/127.0.0.1:59469 - R:localhost/127.0.0.1:51236] for POST '/session/58a595309d5df088467581c59b2c4a79/element'
16:22:58.571 [AsyncHttpClient-1-4] DEBUG org.asynchttpclient.netty.handler.HttpHandler - 

Request DefaultHttpRequest(decodeResult: success, version: HTTP/1.1)
POST /session/58a595309d5df088467581c59b2c4a79/element HTTP/1.1
User-Agent: selenium/4.1.2 (java windows)
Content-Length: 88
Content-Type: application/json; charset=utf-8
host: localhost:51236
accept: */*

Response DefaultHttpResponse(decodeResult: success, version: HTTP/1.1)
HTTP/1.1 200 OK
Content-Type: application/json; charset=utf-8
cache-control: no-cache
content-length: 88

16:22:58.572 [AsyncHttpClient-1-4] DEBUG org.asynchttpclient.netty.channel.ChannelManager - Adding key: http://localhost:51236 for channel [id: 0x3fcc0913, L:/127.0.0.1:59469 - R:localhost/127.0.0.1:51236]
16:22:58.575 [Forwarding isElementDisplayed on session 58a595309d5df088467581c59b2c4a79 to remote] DEBUG org.asynchttpclient.netty.request.NettyRequestSender - Using pooled Channel '[id: 0x3fcc0913, L:/127.0.0.1:59469 - R:localhost/127.0.0.1:51236]' for 'POST' to 'http://localhost:51236/session/58a595309d5df088467581c59b2c4a79/execute/sync'
16:22:58.575 [Forwarding isElementDisplayed on session 58a595309d5df088467581c59b2c4a79 to remote] DEBUG org.asynchttpclient.netty.request.NettyRequestSender - Using open Channel [id: 0x3fcc0913, L:/127.0.0.1:59469 - R:localhost/127.0.0.1:51236] for POST '/session/58a595309d5df088467581c59b2c4a79/execute/sync'
16:22:58.588 [AsyncHttpClient-1-4] DEBUG org.asynchttpclient.netty.handler.HttpHandler - 

Request DefaultHttpRequest(decodeResult: success, version: HTTP/1.1)
POST /session/58a595309d5df088467581c59b2c4a79/execute/sync HTTP/1.1
User-Agent: selenium/4.1.2 (java windows)
Content-Length: 48780
Content-Type: application/json; charset=utf-8
host: localhost:51236
accept: */*

Response DefaultHttpResponse(decodeResult: success, version: HTTP/1.1)
HTTP/1.1 200 OK
Content-Type: application/json; charset=utf-8
cache-control: no-cache
content-length: 14

16:22:58.588 [AsyncHttpClient-1-4] DEBUG org.asynchttpclient.netty.channel.ChannelManager - Adding key: http://localhost:51236 for channel [id: 0x3fcc0913, L:/127.0.0.1:59469 - R:localhost/127.0.0.1:51236]
  &amp#27;[32mAnd &amp#27;[0m&amp#27;[32mI &amp#27;[0m&amp#27;[32m&amp#27;[1m"txtAtasan1"&amp#27;[0m&amp#27;[32m page&amp#27;[0m         &amp#27;[90m# starter.stepdefinitions.BabyStep.iPage(java.lang.String)&amp#27;[0m
16:22:58.596 [AsyncHttpClient-1-6] DEBUG org.asynchttpclient.netty.handler.WebSocketHandler - Channel Closed: [id: 0x7424280b, L:/127.0.0.1:59479 ! R:localhost/127.0.0.1:59471] with attribute NettyResponseFuture{currentRetry=5,
	isDone=1,
	isCancelled=0,
	asyncHandler=org.asynchttpclient.ws.WebSocketUpgradeHandler@67a19364,
	nettyRequest=org.asynchttpclient.netty.request.NettyRequest@4eaa65cf,
	future=java.util.concurrent.CompletableFuture@1ffe522a[Completed normally],
	uri=ws://localhost:59471/devtools/browser/0c8eb2a3-2e6e-4b50-ae38-82bf7811061e,
	keepAlive=true,
	redirectCount=0,
	timeoutsHolder=null,
	inAuth=0,
	touch=1680859371130}
16:22:58.596 [AsyncHttpClient-1-6] DEBUG org.asynchttpclient.netty.channel.ChannelManager - Closing Channel [id: 0x7424280b, L:/127.0.0.1:59479 ! R:localhost/127.0.0.1:59471] 
16:22:58.596 [Driver Command Executor] DEBUG org.asynchttpclient.netty.request.NettyRequestSender - Using pooled Channel '[id: 0x3fcc0913, L:/127.0.0.1:59469 - R:localhost/127.0.0.1:51236]' for 'DELETE' to 'http://localhost:51236/session/58a595309d5df088467581c59b2c4a79'
16:22:58.596 [Driver Command Executor] DEBUG org.asynchttpclient.netty.request.NettyRequestSender - Using open Channel [id: 0x3fcc0913, L:/127.0.0.1:59469 - R:localhost/127.0.0.1:51236] for DELETE '/session/58a595309d5df088467581c59b2c4a79'
16:22:58.617 [AsyncHttpClient-1-5] DEBUG org.asynchttpclient.netty.handler.HttpHandler - Unexpected I/O exception on channel [id: 0x5cd76ad9, L:/127.0.0.1:59478 - R:localhost/127.0.0.1:59471]
java.net.SocketException: Connection reset
	at java.base/sun.nio.ch.SocketChannelImpl.throwConnectionReset(SocketChannelImpl.java:345)
	at java.base/sun.nio.ch.SocketChannelImpl.read(SocketChannelImpl.java:376)
	at io.netty.buffer.PooledByteBuf.setBytes(PooledByteBuf.java:258)
	at io.netty.buffer.AbstractByteBuf.writeBytes(AbstractByteBuf.java:1132)
	at io.netty.channel.socket.nio.NioSocketChannel.doReadBytes(NioSocketChannel.java:350)
	at io.netty.channel.nio.AbstractNioByteChannel$NioByteUnsafe.read(AbstractNioByteChannel.java:151)
	at io.netty.channel.nio.NioEventLoop.processSelectedKey(NioEventLoop.java:722)
	at io.netty.channel.nio.NioEventLoop.processSelectedKeysOptimized(NioEventLoop.java:658)
	at io.netty.channel.nio.NioEventLoop.processSelectedKeys(NioEventLoop.java:584)
	at io.netty.channel.nio.NioEventLoop.run(NioEventLoop.java:496)
	at io.netty.util.concurrent.SingleThreadEventExecutor$4.run(SingleThreadEventExecutor.java:986)
	at io.netty.util.internal.ThreadExecutorMap$2.run(ThreadExecutorMap.java:74)
	at io.netty.util.concurrent.FastThreadLocalRunnable.run(FastThreadLocalRunnable.java:30)
	at java.base/java.lang.Thread.run(Thread.java:830)
16:22:58.618 [AsyncHttpClient-1-5] DEBUG org.asynchttpclient.netty.channel.ChannelManager - Closing Channel [id: 0x5cd76ad9, L:/127.0.0.1:59478 - R:localhost/127.0.0.1:59471] 
16:22:58.618 [AsyncHttpClient-1-5] DEBUG org.asynchttpclient.netty.handler.HttpHandler - Channel Closed: [id: 0x5cd76ad9, L:/127.0.0.1:59478 ! R:localhost/127.0.0.1:59471] with attribute DISCARD
16:22:58.658 [AsyncHttpClient-1-4] DEBUG org.asynchttpclient.netty.handler.HttpHandler - 

Request DefaultFullHttpRequest(decodeResult: success, version: HTTP/1.1, content: EmptyByteBufBE)
DELETE /session/58a595309d5df088467581c59b2c4a79 HTTP/1.1
User-Agent: selenium/4.1.2 (java windows)
Content-Type: application/json; charset=utf-8
host: localhost:51236
accept: */*

Response DefaultHttpResponse(decodeResult: success, version: HTTP/1.1)
HTTP/1.1 200 OK
Content-Type: application/json; charset=utf-8
cache-control: no-cache
content-length: 14

16:22:58.658 [AsyncHttpClient-1-4] DEBUG org.asynchttpclient.netty.channel.ChannelManager - Adding key: http://localhost:51236 for channel [id: 0x3fcc0913, L:/127.0.0.1:59469 - R:localhost/127.0.0.1:51236]
16:22:58.741 [AsyncHttpClient-1-4] DEBUG org.asynchttpclient.netty.handler.HttpHandler - Channel Closed: [id: 0x3fcc0913, L:/127.0.0.1:59469 ! R:localhost/127.0.0.1:51236] with attribute DISCARD
16:22:58.865 [AsyncHttpClient-1-1] DEBUG org.asynchttpclient.netty.channel.DefaultChannelPool - Entry count for : http://localhost:59471 : 1
16:22:58.865 [AsyncHttpClient-1-1] DEBUG org.asynchttpclient.netty.channel.DefaultChannelPool - Entry count for : http://localhost:51236 : 1
16:22:58.865 [AsyncHttpClient-1-1] DEBUG org.asynchttpclient.netty.channel.DefaultChannelPool - Adding Candidate expired Channel [id: 0x5cd76ad9, L:/127.0.0.1:59478 ! R:localhost/127.0.0.1:59471] isIdleTimeoutExpired=false isRemotelyClosed=true isTtlExpired=false
16:22:58.865 [AsyncHttpClient-1-1] DEBUG org.asynchttpclient.netty.channel.DefaultChannelPool - Closing Idle Channel [id: 0x5cd76ad9, L:/127.0.0.1:59478 ! R:localhost/127.0.0.1:59471]
16:22:58.865 [AsyncHttpClient-1-1] DEBUG org.asynchttpclient.netty.channel.DefaultChannelPool - Adding Candidate expired Channel [id: 0x3fcc0913, L:/127.0.0.1:59469 ! R:localhost/127.0.0.1:51236] isIdleTimeoutExpired=false isRemotelyClosed=true isTtlExpired=false
16:22:58.865 [AsyncHttpClient-1-1] DEBUG org.asynchttpclient.netty.channel.DefaultChannelPool - Closing Idle Channel [id: 0x3fcc0913, L:/127.0.0.1:59469 ! R:localhost/127.0.0.1:51236]
16:22:58.865 [AsyncHttpClient-1-1] DEBUG org.asynchttpclient.netty.channel.DefaultChannelPool - Closed 2 connections out of 2 in 0 ms
]]></system-out>
    <system-err><![CDATA[Starting Microsoft Edge WebDriver 111.0.1661.62 (0a8f453929e6410c973aa529a40485ce4e3e03db) on port 51236
To submit feedback, report a bug, or suggest new features, please visit https://github.com/MicrosoftEdge/EdgeWebDriver

Only local connections are allowed.
Please see https://aka.ms/WebDriverSecurity for suggestions on keeping Microsoft Edge WebDriver safe.

Microsoft Edge WebDriver was started successfully.
Apr 07, 2023 4:22:51 PM org.openqa.selenium.remote.ProtocolHandshake createSession
INFO: Detected dialect: W3C
Apr 07, 2023 4:22:51 PM org.openqa.selenium.devtools.CdpVersionFinder findNearestMatch
WARNING: Unable to find an exact match for CDP version 111, so returning the closest version found: a no-op implementation
Apr 07, 2023 4:22:51 PM org.openqa.selenium.devtools.CdpVersionFinder findNearestMatch
INFO: Unable to find CDP implementation matching 111.
Apr 07, 2023 4:22:51 PM org.openqa.selenium.chromium.ChromiumDriver lambda$new$3
WARNING: Unable to find version of CDP to use for . You may need to include a dependency on a specific version of the CDP using something similar to `org.seleniumhq.selenium:selenium-devtools-v86:4.1.2` where the version ("v86") matches the version of the chromium-based browser you're using and the version number of the artifact is the same as Selenium's.
]]></system-err>
  </testcase>
  <testcase name="Fitur Menu Baby #8" classname="Baby" time="14.527">
    <system-out><![CDATA[
Scenario Outline: Fitur Menu Baby &amp#27;[90m# src/test/resources/features/Baby.feature:20&amp#27;[0m
16:22:59.337 [main] INFO io.cucumber.core.plugin.SerenityReporter - Running feature from file:///C:/Users/alwi/IdeaProjects/uniqloweb/src/test/resources/features/Baby.feature
16:22:59.454 [main] DEBUG io.github.bonigarcia.wdm.cache.ResolutionCache - Resolution edge=111 in cache (valid until 17:21:26 07/04/2023 WIB)
16:22:59.457 [main] DEBUG io.github.bonigarcia.wdm.cache.ResolutionCache - Resolution edge111=111.0.1661.62 in cache (valid until 15:02:35 08/04/2023 WIB)
16:22:59.458 [main] INFO io.github.bonigarcia.wdm.WebDriverManager - Using msedgedriver 111.0.1661.62 (resolved driver for Edge 111)
16:22:59.470 [main] DEBUG io.github.bonigarcia.wdm.WebDriverManager - Driver msedgedriver 111.0.1661.62 found in cache
16:22:59.471 [main] INFO io.github.bonigarcia.wdm.WebDriverManager - Exporting webdriver.edge.driver as C:\Users\alwi\.cache\selenium\msedgedriver\win64\111.0.1661.62\msedgedriver.exe
16:22:59.474 [main] DEBUG net.serenitybdd.core.webdriver.driverproviders.ProvideNewDriver - Instantiating driver
16:22:59.474 [main] DEBUG net.serenitybdd.core.webdriver.driverproviders.ProvideNewDriver - Driver capabilities: Capabilities {base.url: https://www.uniqlo.com, chrome.driver: src/test/resources/webdrive..., driver: edge, ms:edgeChromium: true, ms:edgeOptions: {}, wait.for.timeout: 6000}
16:23:00.030 [AsyncHttpClient-1-7] DEBUG org.asynchttpclient.netty.channel.NettyConnectListener - Using new Channel '[id: 0xf6206e8a, L:/127.0.0.1:59600 - R:localhost/127.0.0.1:63050]' for 'POST' to '/session'
16:23:00.633 [AsyncHttpClient-1-7] DEBUG org.asynchttpclient.netty.handler.HttpHandler - 

Request DefaultHttpRequest(decodeResult: success, version: HTTP/1.1)
POST /session HTTP/1.1
User-Agent: selenium/4.1.2 (java windows)
Content-Length: 627
Content-Type: application/json; charset=utf-8
host: localhost:63050
accept: */*

Response DefaultHttpResponse(decodeResult: success, version: HTTP/1.1)
HTTP/1.1 200 OK
Content-Type: application/json; charset=utf-8
cache-control: no-cache
content-length: 821

16:23:00.634 [AsyncHttpClient-1-7] DEBUG org.asynchttpclient.netty.channel.ChannelManager - Adding key: http://localhost:63050 for channel [id: 0xf6206e8a, L:/127.0.0.1:59600 - R:localhost/127.0.0.1:63050]
16:23:00.640 [AsyncHttpClient-1-8] DEBUG org.asynchttpclient.netty.channel.NettyConnectListener - Using new Channel '[id: 0xe27f6b66, L:/127.0.0.1:59607 - R:localhost/127.0.0.1:59601]' for 'GET' to '/json/version'
16:23:00.643 [AsyncHttpClient-1-8] DEBUG org.asynchttpclient.netty.handler.HttpHandler - 

Request DefaultFullHttpRequest(decodeResult: success, version: HTTP/1.1, content: EmptyByteBufBE)
GET /json/version HTTP/1.1
User-Agent: selenium/4.1.2 (java windows)
host: localhost:59601
accept: */*

Response DefaultHttpResponse(decodeResult: success, version: HTTP/1.1)
HTTP/1.1 200 OK
Content-Security-Policy: frame-ancestors 'none'
Content-Type: application/json; charset=UTF-8
content-length: 436

16:23:00.644 [AsyncHttpClient-1-8] DEBUG org.asynchttpclient.netty.channel.ChannelManager - Adding key: http://localhost:59601 for channel [id: 0xe27f6b66, L:/127.0.0.1:59607 - R:localhost/127.0.0.1:59601]
16:23:00.646 [AsyncHttpClient-1-9] DEBUG org.asynchttpclient.netty.channel.NettyConnectListener - Using new Channel '[id: 0x6368d120, L:/127.0.0.1:59608 - R:localhost/127.0.0.1:59601]' for 'GET' to '/devtools/browser/8c352c4d-7271-4b70-b26d-27237864b17b'
16:23:00.647 [AsyncHttpClient-1-9] DEBUG org.asynchttpclient.netty.handler.WebSocketHandler - 

Request DefaultFullHttpRequest(decodeResult: success, version: HTTP/1.1, content: EmptyByteBufBE)
GET /devtools/browser/8c352c4d-7271-4b70-b26d-27237864b17b HTTP/1.1
upgrade: websocket
connection: upgrade
sec-websocket-key: Z/m8yClwsPu+4ITgmGA+tQ==
sec-websocket-version: 13
origin: http://localhost:59601
host: localhost:59601
accept: */*
user-agent: AHC/2.1

Response DefaultHttpResponse(decodeResult: success, version: HTTP/1.1)
HTTP/1.1 101 WebSocket Protocol Handshake
Upgrade: WebSocket
Connection: Upgrade
Sec-WebSocket-Accept: WqQ7h3uA70x6wh9bcIybIk5DFac=

16:23:00.650 [Forwarding get on session d331c1621b4503d548d0d4d4c1df1087 to remote] DEBUG org.asynchttpclient.netty.request.NettyRequestSender - Using pooled Channel '[id: 0xf6206e8a, L:/127.0.0.1:59600 - R:localhost/127.0.0.1:63050]' for 'POST' to 'http://localhost:63050/session/d331c1621b4503d548d0d4d4c1df1087/url'
16:23:00.650 [Forwarding get on session d331c1621b4503d548d0d4d4c1df1087 to remote] DEBUG org.asynchttpclient.netty.request.NettyRequestSender - Using open Channel [id: 0xf6206e8a, L:/127.0.0.1:59600 - R:localhost/127.0.0.1:63050] for POST '/session/d331c1621b4503d548d0d4d4c1df1087/url'
16:23:01.065 [AsyncHttpClient-1-1] DEBUG org.asynchttpclient.netty.channel.DefaultChannelPool - Entry count for : http://localhost:59601 : 1
16:23:02.165 [AsyncHttpClient-1-1] DEBUG org.asynchttpclient.netty.channel.DefaultChannelPool - Entry count for : http://localhost:59601 : 1
16:23:03.266 [AsyncHttpClient-1-1] DEBUG org.asynchttpclient.netty.channel.DefaultChannelPool - Entry count for : http://localhost:59601 : 1
16:23:04.365 [AsyncHttpClient-1-1] DEBUG org.asynchttpclient.netty.channel.DefaultChannelPool - Entry count for : http://localhost:59601 : 1
16:23:05.466 [AsyncHttpClient-1-1] DEBUG org.asynchttpclient.netty.channel.DefaultChannelPool - Entry count for : http://localhost:59601 : 1
16:23:06.565 [AsyncHttpClient-1-1] DEBUG org.asynchttpclient.netty.channel.DefaultChannelPool - Entry count for : http://localhost:59601 : 1
16:23:07.670 [AsyncHttpClient-1-1] DEBUG org.asynchttpclient.netty.channel.DefaultChannelPool - Entry count for : http://localhost:59601 : 1
16:23:08.767 [AsyncHttpClient-1-1] DEBUG org.asynchttpclient.netty.channel.DefaultChannelPool - Entry count for : http://localhost:59601 : 1
16:23:09.866 [AsyncHttpClient-1-1] DEBUG org.asynchttpclient.netty.channel.DefaultChannelPool - Entry count for : http://localhost:59601 : 1
16:23:10.534 [AsyncHttpClient-1-7] DEBUG org.asynchttpclient.netty.handler.HttpHandler - 

Request DefaultHttpRequest(decodeResult: success, version: HTTP/1.1)
POST /session/d331c1621b4503d548d0d4d4c1df1087/url HTTP/1.1
User-Agent: selenium/4.1.2 (java windows)
Content-Length: 53
Content-Type: application/json; charset=utf-8
host: localhost:63050
accept: */*

Response DefaultHttpResponse(decodeResult: success, version: HTTP/1.1)
HTTP/1.1 200 OK
Content-Type: application/json; charset=utf-8
cache-control: no-cache
content-length: 14

16:23:10.534 [AsyncHttpClient-1-7] DEBUG org.asynchttpclient.netty.channel.ChannelManager - Adding key: http://localhost:63050 for channel [id: 0xf6206e8a, L:/127.0.0.1:59600 - R:localhost/127.0.0.1:63050]
16:23:10.536 [Forwarding setTimeout on session d331c1621b4503d548d0d4d4c1df1087 to remote] DEBUG org.asynchttpclient.netty.request.NettyRequestSender - Using pooled Channel '[id: 0xf6206e8a, L:/127.0.0.1:59600 - R:localhost/127.0.0.1:63050]' for 'POST' to 'http://localhost:63050/session/d331c1621b4503d548d0d4d4c1df1087/timeouts'
16:23:10.536 [Forwarding setTimeout on session d331c1621b4503d548d0d4d4c1df1087 to remote] DEBUG org.asynchttpclient.netty.request.NettyRequestSender - Using open Channel [id: 0xf6206e8a, L:/127.0.0.1:59600 - R:localhost/127.0.0.1:63050] for POST '/session/d331c1621b4503d548d0d4d4c1df1087/timeouts'
16:23:10.537 [AsyncHttpClient-1-7] DEBUG org.asynchttpclient.netty.handler.HttpHandler - 

Request DefaultHttpRequest(decodeResult: success, version: HTTP/1.1)
POST /session/d331c1621b4503d548d0d4d4c1df1087/timeouts HTTP/1.1
User-Agent: selenium/4.1.2 (java windows)
Content-Length: 22
Content-Type: application/json; charset=utf-8
host: localhost:63050
accept: */*

Response DefaultHttpResponse(decodeResult: success, version: HTTP/1.1)
HTTP/1.1 200 OK
Content-Type: application/json; charset=utf-8
cache-control: no-cache
content-length: 14

16:23:10.537 [AsyncHttpClient-1-7] DEBUG org.asynchttpclient.netty.channel.ChannelManager - Adding key: http://localhost:63050 for channel [id: 0xf6206e8a, L:/127.0.0.1:59600 - R:localhost/127.0.0.1:63050]
16:23:10.541 [Forwarding getCurrentUrl on session d331c1621b4503d548d0d4d4c1df1087 to remote] DEBUG org.asynchttpclient.netty.request.NettyRequestSender - Using pooled Channel '[id: 0xf6206e8a, L:/127.0.0.1:59600 - R:localhost/127.0.0.1:63050]' for 'GET' to 'http://localhost:63050/session/d331c1621b4503d548d0d4d4c1df1087/url'
16:23:10.541 [Forwarding getCurrentUrl on session d331c1621b4503d548d0d4d4c1df1087 to remote] DEBUG org.asynchttpclient.netty.request.NettyRequestSender - Using open Channel [id: 0xf6206e8a, L:/127.0.0.1:59600 - R:localhost/127.0.0.1:63050] for GET '/session/d331c1621b4503d548d0d4d4c1df1087/url'
16:23:10.545 [AsyncHttpClient-1-7] DEBUG org.asynchttpclient.netty.handler.HttpHandler - 

Request DefaultFullHttpRequest(decodeResult: success, version: HTTP/1.1, content: EmptyByteBufBE)
GET /session/d331c1621b4503d548d0d4d4c1df1087/url HTTP/1.1
User-Agent: selenium/4.1.2 (java windows)
Cache-Control: no-cache
Content-Type: application/json; charset=utf-8
host: localhost:63050
accept: */*

Response DefaultHttpResponse(decodeResult: success, version: HTTP/1.1)
HTTP/1.1 200 OK
Content-Type: application/json; charset=utf-8
cache-control: no-cache
content-length: 41

16:23:10.546 [AsyncHttpClient-1-7] DEBUG org.asynchttpclient.netty.channel.ChannelManager - Adding key: http://localhost:63050 for channel [id: 0xf6206e8a, L:/127.0.0.1:59600 - R:localhost/127.0.0.1:63050]
  &amp#27;[32mGiven &amp#27;[0m&amp#27;[32mI am on the home page&amp#27;[0m     &amp#27;[90m# starter.stepdefinitions.BabyStep.iAmOnTheHomePage()&amp#27;[0m
16:23:10.552 [Forwarding screenshot on session d331c1621b4503d548d0d4d4c1df1087 to remote] DEBUG org.asynchttpclient.netty.request.NettyRequestSender - Using pooled Channel '[id: 0xf6206e8a, L:/127.0.0.1:59600 - R:localhost/127.0.0.1:63050]' for 'GET' to 'http://localhost:63050/session/d331c1621b4503d548d0d4d4c1df1087/screenshot'
16:23:10.552 [Forwarding screenshot on session d331c1621b4503d548d0d4d4c1df1087 to remote] DEBUG org.asynchttpclient.netty.request.NettyRequestSender - Using open Channel [id: 0xf6206e8a, L:/127.0.0.1:59600 - R:localhost/127.0.0.1:63050] for GET '/session/d331c1621b4503d548d0d4d4c1df1087/screenshot'
16:23:10.859 [AsyncHttpClient-1-7] DEBUG org.asynchttpclient.netty.handler.HttpHandler - 

Request DefaultFullHttpRequest(decodeResult: success, version: HTTP/1.1, content: EmptyByteBufBE)
GET /session/d331c1621b4503d548d0d4d4c1df1087/screenshot HTTP/1.1
User-Agent: selenium/4.1.2 (java windows)
Cache-Control: no-cache
Content-Type: application/json; charset=utf-8
host: localhost:63050
accept: */*

Response DefaultHttpResponse(decodeResult: success, version: HTTP/1.1)
HTTP/1.1 200 OK
Content-Type: application/json; charset=utf-8
cache-control: no-cache
content-length: 1022316

16:23:10.863 [AsyncHttpClient-1-7] DEBUG org.asynchttpclient.netty.channel.ChannelManager - Adding key: http://localhost:63050 for channel [id: 0xf6206e8a, L:/127.0.0.1:59600 - R:localhost/127.0.0.1:63050]
16:23:10.888 [main] DEBUG net.serenitybdd.core.photography.Darkroom - Send negative for processing for target\site\serenity\b0ddf3608b8f51a6a3adc36e4acd901b7a2c5b7adc6fd42a924a7c7a6358c0ea.png
16:23:10.898 [Forwarding findElement on session d331c1621b4503d548d0d4d4c1df1087 to remote] DEBUG org.asynchttpclient.netty.request.NettyRequestSender - Using pooled Channel '[id: 0xf6206e8a, L:/127.0.0.1:59600 - R:localhost/127.0.0.1:63050]' for 'POST' to 'http://localhost:63050/session/d331c1621b4503d548d0d4d4c1df1087/element'
16:23:10.898 [Forwarding findElement on session d331c1621b4503d548d0d4d4c1df1087 to remote] DEBUG org.asynchttpclient.netty.request.NettyRequestSender - Using open Channel [id: 0xf6206e8a, L:/127.0.0.1:59600 - R:localhost/127.0.0.1:63050] for POST '/session/d331c1621b4503d548d0d4d4c1df1087/element'
16:23:10.917 [AsyncHttpClient-1-7] DEBUG org.asynchttpclient.netty.handler.HttpHandler - 

Request DefaultHttpRequest(decodeResult: success, version: HTTP/1.1)
POST /session/d331c1621b4503d548d0d4d4c1df1087/element HTTP/1.1
User-Agent: selenium/4.1.2 (java windows)
Content-Length: 81
Content-Type: application/json; charset=utf-8
host: localhost:63050
accept: */*

Response DefaultHttpResponse(decodeResult: success, version: HTTP/1.1)
HTTP/1.1 200 OK
Content-Type: application/json; charset=utf-8
cache-control: no-cache
content-length: 88

16:23:10.918 [AsyncHttpClient-1-7] DEBUG org.asynchttpclient.netty.channel.ChannelManager - Adding key: http://localhost:63050 for channel [id: 0xf6206e8a, L:/127.0.0.1:59600 - R:localhost/127.0.0.1:63050]
16:23:10.919 [Forwarding getElementTagName on session d331c1621b4503d548d0d4d4c1df1087 to remote] DEBUG org.asynchttpclient.netty.request.NettyRequestSender - Using pooled Channel '[id: 0xf6206e8a, L:/127.0.0.1:59600 - R:localhost/127.0.0.1:63050]' for 'GET' to 'http://localhost:63050/session/d331c1621b4503d548d0d4d4c1df1087/element/409647f7-9b64-4674-a27f-263650ec74f4/name'
16:23:10.920 [Forwarding getElementTagName on session d331c1621b4503d548d0d4d4c1df1087 to remote] DEBUG org.asynchttpclient.netty.request.NettyRequestSender - Using open Channel [id: 0xf6206e8a, L:/127.0.0.1:59600 - R:localhost/127.0.0.1:63050] for GET '/session/d331c1621b4503d548d0d4d4c1df1087/element/409647f7-9b64-4674-a27f-263650ec74f4/name'
16:23:10.924 [AsyncHttpClient-1-7] DEBUG org.asynchttpclient.netty.handler.HttpHandler - 

Request DefaultFullHttpRequest(decodeResult: success, version: HTTP/1.1, content: EmptyByteBufBE)
GET /session/d331c1621b4503d548d0d4d4c1df1087/element/409647f7-9b64-4674-a27f-263650ec74f4/name HTTP/1.1
User-Agent: selenium/4.1.2 (java windows)
Cache-Control: no-cache
Content-Type: application/json; charset=utf-8
host: localhost:63050
accept: */*

Response DefaultHttpResponse(decodeResult: success, version: HTTP/1.1)
HTTP/1.1 200 OK
Content-Type: application/json; charset=utf-8
cache-control: no-cache
content-length: 16

16:23:10.924 [AsyncHttpClient-1-7] DEBUG org.asynchttpclient.netty.channel.ChannelManager - Adding key: http://localhost:63050 for channel [id: 0xf6206e8a, L:/127.0.0.1:59600 - R:localhost/127.0.0.1:63050]
16:23:10.925 [Forwarding getElementTagName on session d331c1621b4503d548d0d4d4c1df1087 to remote] DEBUG org.asynchttpclient.netty.request.NettyRequestSender - Using pooled Channel '[id: 0xf6206e8a, L:/127.0.0.1:59600 - R:localhost/127.0.0.1:63050]' for 'GET' to 'http://localhost:63050/session/d331c1621b4503d548d0d4d4c1df1087/element/409647f7-9b64-4674-a27f-263650ec74f4/name'
16:23:10.925 [Forwarding getElementTagName on session d331c1621b4503d548d0d4d4c1df1087 to remote] DEBUG org.asynchttpclient.netty.request.NettyRequestSender - Using open Channel [id: 0xf6206e8a, L:/127.0.0.1:59600 - R:localhost/127.0.0.1:63050] for GET '/session/d331c1621b4503d548d0d4d4c1df1087/element/409647f7-9b64-4674-a27f-263650ec74f4/name'
16:23:10.929 [AsyncHttpClient-1-7] DEBUG org.asynchttpclient.netty.handler.HttpHandler - 

Request DefaultFullHttpRequest(decodeResult: success, version: HTTP/1.1, content: EmptyByteBufBE)
GET /session/d331c1621b4503d548d0d4d4c1df1087/element/409647f7-9b64-4674-a27f-263650ec74f4/name HTTP/1.1
User-Agent: selenium/4.1.2 (java windows)
Cache-Control: no-cache
Content-Type: application/json; charset=utf-8
host: localhost:63050
accept: */*

Response DefaultHttpResponse(decodeResult: success, version: HTTP/1.1)
HTTP/1.1 200 OK
Content-Type: application/json; charset=utf-8
cache-control: no-cache
content-length: 16

16:23:10.929 [AsyncHttpClient-1-7] DEBUG org.asynchttpclient.netty.channel.ChannelManager - Adding key: http://localhost:63050 for channel [id: 0xf6206e8a, L:/127.0.0.1:59600 - R:localhost/127.0.0.1:63050]
16:23:10.930 [Forwarding findElement on session d331c1621b4503d548d0d4d4c1df1087 to remote] DEBUG org.asynchttpclient.netty.request.NettyRequestSender - Using pooled Channel '[id: 0xf6206e8a, L:/127.0.0.1:59600 - R:localhost/127.0.0.1:63050]' for 'POST' to 'http://localhost:63050/session/d331c1621b4503d548d0d4d4c1df1087/element'
16:23:10.930 [Forwarding findElement on session d331c1621b4503d548d0d4d4c1df1087 to remote] DEBUG org.asynchttpclient.netty.request.NettyRequestSender - Using open Channel [id: 0xf6206e8a, L:/127.0.0.1:59600 - R:localhost/127.0.0.1:63050] for POST '/session/d331c1621b4503d548d0d4d4c1df1087/element'
16:23:10.937 [AsyncHttpClient-1-7] DEBUG org.asynchttpclient.netty.handler.HttpHandler - 

Request DefaultHttpRequest(decodeResult: success, version: HTTP/1.1)
POST /session/d331c1621b4503d548d0d4d4c1df1087/element HTTP/1.1
User-Agent: selenium/4.1.2 (java windows)
Content-Length: 81
Content-Type: application/json; charset=utf-8
host: localhost:63050
accept: */*

Response DefaultHttpResponse(decodeResult: success, version: HTTP/1.1)
HTTP/1.1 200 OK
Content-Type: application/json; charset=utf-8
cache-control: no-cache
content-length: 88

16:23:10.937 [AsyncHttpClient-1-7] DEBUG org.asynchttpclient.netty.channel.ChannelManager - Adding key: http://localhost:63050 for channel [id: 0xf6206e8a, L:/127.0.0.1:59600 - R:localhost/127.0.0.1:63050]
16:23:10.938 [Forwarding clickElement on session d331c1621b4503d548d0d4d4c1df1087 to remote] DEBUG org.asynchttpclient.netty.request.NettyRequestSender - Using pooled Channel '[id: 0xf6206e8a, L:/127.0.0.1:59600 - R:localhost/127.0.0.1:63050]' for 'POST' to 'http://localhost:63050/session/d331c1621b4503d548d0d4d4c1df1087/element/409647f7-9b64-4674-a27f-263650ec74f4/click'
16:23:10.938 [Forwarding clickElement on session d331c1621b4503d548d0d4d4c1df1087 to remote] DEBUG org.asynchttpclient.netty.request.NettyRequestSender - Using open Channel [id: 0xf6206e8a, L:/127.0.0.1:59600 - R:localhost/127.0.0.1:63050] for POST '/session/d331c1621b4503d548d0d4d4c1df1087/element/409647f7-9b64-4674-a27f-263650ec74f4/click'
16:23:10.969 [AsyncHttpClient-1-1] DEBUG org.asynchttpclient.netty.channel.DefaultChannelPool - Entry count for : http://localhost:59601 : 1
16:23:11.355 [AsyncHttpClient-1-7] DEBUG org.asynchttpclient.netty.handler.HttpHandler - 

Request DefaultHttpRequest(decodeResult: success, version: HTTP/1.1)
POST /session/d331c1621b4503d548d0d4d4c1df1087/element/409647f7-9b64-4674-a27f-263650ec74f4/click HTTP/1.1
User-Agent: selenium/4.1.2 (java windows)
Content-Length: 50
Content-Type: application/json; charset=utf-8
host: localhost:63050
accept: */*

Response DefaultHttpResponse(decodeResult: success, version: HTTP/1.1)
HTTP/1.1 200 OK
Content-Type: application/json; charset=utf-8
cache-control: no-cache
content-length: 14

16:23:11.356 [AsyncHttpClient-1-7] DEBUG org.asynchttpclient.netty.channel.ChannelManager - Adding key: http://localhost:63050 for channel [id: 0xf6206e8a, L:/127.0.0.1:59600 - R:localhost/127.0.0.1:63050]
  &amp#27;[32mThen &amp#27;[0m&amp#27;[32mI click baby on the header&amp#27;[0m &amp#27;[90m# starter.stepdefinitions.BabyStep.iClickBabyOnTheHeader()&amp#27;[0m
16:23:11.367 [Forwarding screenshot on session d331c1621b4503d548d0d4d4c1df1087 to remote] DEBUG org.asynchttpclient.netty.request.NettyRequestSender - Using pooled Channel '[id: 0xf6206e8a, L:/127.0.0.1:59600 - R:localhost/127.0.0.1:63050]' for 'GET' to 'http://localhost:63050/session/d331c1621b4503d548d0d4d4c1df1087/screenshot'
16:23:11.367 [Forwarding screenshot on session d331c1621b4503d548d0d4d4c1df1087 to remote] DEBUG org.asynchttpclient.netty.request.NettyRequestSender - Using open Channel [id: 0xf6206e8a, L:/127.0.0.1:59600 - R:localhost/127.0.0.1:63050] for GET '/session/d331c1621b4503d548d0d4d4c1df1087/screenshot'
16:23:12.070 [AsyncHttpClient-1-1] DEBUG org.asynchttpclient.netty.channel.DefaultChannelPool - Entry count for : http://localhost:59601 : 1
16:23:12.230 [AsyncHttpClient-1-7] DEBUG org.asynchttpclient.netty.handler.HttpHandler - 

Request DefaultFullHttpRequest(decodeResult: success, version: HTTP/1.1, content: EmptyByteBufBE)
GET /session/d331c1621b4503d548d0d4d4c1df1087/screenshot HTTP/1.1
User-Agent: selenium/4.1.2 (java windows)
Cache-Control: no-cache
Content-Type: application/json; charset=utf-8
host: localhost:63050
accept: */*

Response DefaultHttpResponse(decodeResult: success, version: HTTP/1.1)
HTTP/1.1 200 OK
Content-Type: application/json; charset=utf-8
cache-control: no-cache
content-length: 137764

16:23:12.231 [AsyncHttpClient-1-7] DEBUG org.asynchttpclient.netty.channel.ChannelManager - Adding key: http://localhost:63050 for channel [id: 0xf6206e8a, L:/127.0.0.1:59600 - R:localhost/127.0.0.1:63050]
16:23:12.239 [main] DEBUG net.serenitybdd.core.photography.Darkroom - Send negative for processing for target\site\serenity\21f629e22e8feed3644a2410ec72697bc0868e2732fd979017b0ae847a1de4ee.png
16:23:12.239 [Darkroom Processing Line] DEBUG net.serenitybdd.core.photography.DarkroomProcessingLine - Processing screenshot image in /var/screenshots/screenshot-2022232143358280989
16:23:12.239 [Darkroom Processing Line] DEBUG net.serenitybdd.core.photography.DarkroomProcessingLine - Saving screenshot to target\site\serenity\21f629e22e8feed3644a2410ec72697bc0868e2732fd979017b0ae847a1de4ee.png
16:23:12.253 [Forwarding findElement on session d331c1621b4503d548d0d4d4c1df1087 to remote] DEBUG org.asynchttpclient.netty.request.NettyRequestSender - Using pooled Channel '[id: 0xf6206e8a, L:/127.0.0.1:59600 - R:localhost/127.0.0.1:63050]' for 'POST' to 'http://localhost:63050/session/d331c1621b4503d548d0d4d4c1df1087/element'
16:23:12.253 [Forwarding findElement on session d331c1621b4503d548d0d4d4c1df1087 to remote] DEBUG org.asynchttpclient.netty.request.NettyRequestSender - Using open Channel [id: 0xf6206e8a, L:/127.0.0.1:59600 - R:localhost/127.0.0.1:63050] for POST '/session/d331c1621b4503d548d0d4d4c1df1087/element'
16:23:12.327 [AsyncHttpClient-1-7] DEBUG org.asynchttpclient.netty.handler.HttpHandler - 

Request DefaultHttpRequest(decodeResult: success, version: HTTP/1.1)
POST /session/d331c1621b4503d548d0d4d4c1df1087/element HTTP/1.1
User-Agent: selenium/4.1.2 (java windows)
Content-Length: 107
Content-Type: application/json; charset=utf-8
host: localhost:63050
accept: */*

Response DefaultHttpResponse(decodeResult: success, version: HTTP/1.1)
HTTP/1.1 200 OK
Content-Type: application/json; charset=utf-8
cache-control: no-cache
content-length: 88

16:23:12.327 [AsyncHttpClient-1-7] DEBUG org.asynchttpclient.netty.channel.ChannelManager - Adding key: http://localhost:63050 for channel [id: 0xf6206e8a, L:/127.0.0.1:59600 - R:localhost/127.0.0.1:63050]
16:23:12.328 [Forwarding getElementTagName on session d331c1621b4503d548d0d4d4c1df1087 to remote] DEBUG org.asynchttpclient.netty.request.NettyRequestSender - Using pooled Channel '[id: 0xf6206e8a, L:/127.0.0.1:59600 - R:localhost/127.0.0.1:63050]' for 'GET' to 'http://localhost:63050/session/d331c1621b4503d548d0d4d4c1df1087/element/006a65b2-6c41-492a-9596-9227899f0fa0/name'
16:23:12.329 [Forwarding getElementTagName on session d331c1621b4503d548d0d4d4c1df1087 to remote] DEBUG org.asynchttpclient.netty.request.NettyRequestSender - Using open Channel [id: 0xf6206e8a, L:/127.0.0.1:59600 - R:localhost/127.0.0.1:63050] for GET '/session/d331c1621b4503d548d0d4d4c1df1087/element/006a65b2-6c41-492a-9596-9227899f0fa0/name'
16:23:12.351 [AsyncHttpClient-1-7] DEBUG org.asynchttpclient.netty.handler.HttpHandler - 

Request DefaultFullHttpRequest(decodeResult: success, version: HTTP/1.1, content: EmptyByteBufBE)
GET /session/d331c1621b4503d548d0d4d4c1df1087/element/006a65b2-6c41-492a-9596-9227899f0fa0/name HTTP/1.1
User-Agent: selenium/4.1.2 (java windows)
Cache-Control: no-cache
Content-Type: application/json; charset=utf-8
host: localhost:63050
accept: */*

Response DefaultHttpResponse(decodeResult: success, version: HTTP/1.1)
HTTP/1.1 200 OK
Content-Type: application/json; charset=utf-8
cache-control: no-cache
content-length: 16

16:23:12.351 [AsyncHttpClient-1-7] DEBUG org.asynchttpclient.netty.channel.ChannelManager - Adding key: http://localhost:63050 for channel [id: 0xf6206e8a, L:/127.0.0.1:59600 - R:localhost/127.0.0.1:63050]
16:23:12.353 [Forwarding getElementTagName on session d331c1621b4503d548d0d4d4c1df1087 to remote] DEBUG org.asynchttpclient.netty.request.NettyRequestSender - Using pooled Channel '[id: 0xf6206e8a, L:/127.0.0.1:59600 - R:localhost/127.0.0.1:63050]' for 'GET' to 'http://localhost:63050/session/d331c1621b4503d548d0d4d4c1df1087/element/006a65b2-6c41-492a-9596-9227899f0fa0/name'
16:23:12.353 [Forwarding getElementTagName on session d331c1621b4503d548d0d4d4c1df1087 to remote] DEBUG org.asynchttpclient.netty.request.NettyRequestSender - Using open Channel [id: 0xf6206e8a, L:/127.0.0.1:59600 - R:localhost/127.0.0.1:63050] for GET '/session/d331c1621b4503d548d0d4d4c1df1087/element/006a65b2-6c41-492a-9596-9227899f0fa0/name'
16:23:12.356 [AsyncHttpClient-1-7] DEBUG org.asynchttpclient.netty.handler.HttpHandler - 

Request DefaultFullHttpRequest(decodeResult: success, version: HTTP/1.1, content: EmptyByteBufBE)
GET /session/d331c1621b4503d548d0d4d4c1df1087/element/006a65b2-6c41-492a-9596-9227899f0fa0/name HTTP/1.1
User-Agent: selenium/4.1.2 (java windows)
Cache-Control: no-cache
Content-Type: application/json; charset=utf-8
host: localhost:63050
accept: */*

Response DefaultHttpResponse(decodeResult: success, version: HTTP/1.1)
HTTP/1.1 200 OK
Content-Type: application/json; charset=utf-8
cache-control: no-cache
content-length: 16

16:23:12.356 [AsyncHttpClient-1-7] DEBUG org.asynchttpclient.netty.channel.ChannelManager - Adding key: http://localhost:63050 for channel [id: 0xf6206e8a, L:/127.0.0.1:59600 - R:localhost/127.0.0.1:63050]
16:23:12.360 [Forwarding findElement on session d331c1621b4503d548d0d4d4c1df1087 to remote] DEBUG org.asynchttpclient.netty.request.NettyRequestSender - Using pooled Channel '[id: 0xf6206e8a, L:/127.0.0.1:59600 - R:localhost/127.0.0.1:63050]' for 'POST' to 'http://localhost:63050/session/d331c1621b4503d548d0d4d4c1df1087/element'
16:23:12.360 [Forwarding findElement on session d331c1621b4503d548d0d4d4c1df1087 to remote] DEBUG org.asynchttpclient.netty.request.NettyRequestSender - Using open Channel [id: 0xf6206e8a, L:/127.0.0.1:59600 - R:localhost/127.0.0.1:63050] for POST '/session/d331c1621b4503d548d0d4d4c1df1087/element'
16:23:12.372 [AsyncHttpClient-1-7] DEBUG org.asynchttpclient.netty.handler.HttpHandler - 

Request DefaultHttpRequest(decodeResult: success, version: HTTP/1.1)
POST /session/d331c1621b4503d548d0d4d4c1df1087/element HTTP/1.1
User-Agent: selenium/4.1.2 (java windows)
Content-Length: 107
Content-Type: application/json; charset=utf-8
host: localhost:63050
accept: */*

Response DefaultHttpResponse(decodeResult: success, version: HTTP/1.1)
HTTP/1.1 200 OK
Content-Type: application/json; charset=utf-8
cache-control: no-cache
content-length: 88

16:23:12.372 [AsyncHttpClient-1-7] DEBUG org.asynchttpclient.netty.channel.ChannelManager - Adding key: http://localhost:63050 for channel [id: 0xf6206e8a, L:/127.0.0.1:59600 - R:localhost/127.0.0.1:63050]
16:23:12.374 [Forwarding clickElement on session d331c1621b4503d548d0d4d4c1df1087 to remote] DEBUG org.asynchttpclient.netty.request.NettyRequestSender - Using pooled Channel '[id: 0xf6206e8a, L:/127.0.0.1:59600 - R:localhost/127.0.0.1:63050]' for 'POST' to 'http://localhost:63050/session/d331c1621b4503d548d0d4d4c1df1087/element/006a65b2-6c41-492a-9596-9227899f0fa0/click'
16:23:12.374 [Forwarding clickElement on session d331c1621b4503d548d0d4d4c1df1087 to remote] DEBUG org.asynchttpclient.netty.request.NettyRequestSender - Using open Channel [id: 0xf6206e8a, L:/127.0.0.1:59600 - R:localhost/127.0.0.1:63050] for POST '/session/d331c1621b4503d548d0d4d4c1df1087/element/006a65b2-6c41-492a-9596-9227899f0fa0/click'
16:23:12.607 [AsyncHttpClient-1-7] DEBUG org.asynchttpclient.netty.handler.HttpHandler - 

Request DefaultHttpRequest(decodeResult: success, version: HTTP/1.1)
POST /session/d331c1621b4503d548d0d4d4c1df1087/element/006a65b2-6c41-492a-9596-9227899f0fa0/click HTTP/1.1
User-Agent: selenium/4.1.2 (java windows)
Content-Length: 50
Content-Type: application/json; charset=utf-8
host: localhost:63050
accept: */*

Response DefaultHttpResponse(decodeResult: success, version: HTTP/1.1)
HTTP/1.1 200 OK
Content-Type: application/json; charset=utf-8
cache-control: no-cache
content-length: 14

16:23:12.607 [AsyncHttpClient-1-7] DEBUG org.asynchttpclient.netty.channel.ChannelManager - Adding key: http://localhost:63050 for channel [id: 0xf6206e8a, L:/127.0.0.1:59600 - R:localhost/127.0.0.1:63050]
  &amp#27;[32mWhen &amp#27;[0m&amp#27;[32mI will go to &amp#27;[0m&amp#27;[32m&amp#27;[1m"bajuTerusan"&amp#27;[0m &amp#27;[90m# starter.stepdefinitions.BabyStep.iWillGoTo(java.lang.String)&amp#27;[0m
16:23:12.616 [Forwarding screenshot on session d331c1621b4503d548d0d4d4c1df1087 to remote] DEBUG org.asynchttpclient.netty.request.NettyRequestSender - Using pooled Channel '[id: 0xf6206e8a, L:/127.0.0.1:59600 - R:localhost/127.0.0.1:63050]' for 'GET' to 'http://localhost:63050/session/d331c1621b4503d548d0d4d4c1df1087/screenshot'
16:23:12.616 [Forwarding screenshot on session d331c1621b4503d548d0d4d4c1df1087 to remote] DEBUG org.asynchttpclient.netty.request.NettyRequestSender - Using open Channel [id: 0xf6206e8a, L:/127.0.0.1:59600 - R:localhost/127.0.0.1:63050] for GET '/session/d331c1621b4503d548d0d4d4c1df1087/screenshot'
16:23:12.926 [AsyncHttpClient-1-7] DEBUG org.asynchttpclient.netty.handler.HttpHandler - 

Request DefaultFullHttpRequest(decodeResult: success, version: HTTP/1.1, content: EmptyByteBufBE)
GET /session/d331c1621b4503d548d0d4d4c1df1087/screenshot HTTP/1.1
User-Agent: selenium/4.1.2 (java windows)
Cache-Control: no-cache
Content-Type: application/json; charset=utf-8
host: localhost:63050
accept: */*

Response DefaultHttpResponse(decodeResult: success, version: HTTP/1.1)
HTTP/1.1 200 OK
Content-Type: application/json; charset=utf-8
cache-control: no-cache
content-length: 80620

16:23:12.927 [AsyncHttpClient-1-7] DEBUG org.asynchttpclient.netty.channel.ChannelManager - Adding key: http://localhost:63050 for channel [id: 0xf6206e8a, L:/127.0.0.1:59600 - R:localhost/127.0.0.1:63050]
16:23:12.931 [main] DEBUG net.serenitybdd.core.photography.Darkroom - Send negative for processing for target\site\serenity\67c4b5832561ce4d22ba74c40ce6260a558e192bb683d9925390a0795e41a23a.png
16:23:12.931 [Darkroom Processing Line] DEBUG net.serenitybdd.core.photography.DarkroomProcessingLine - Processing screenshot image in /var/screenshots/screenshot-14257146741262292190
16:23:12.932 [Darkroom Processing Line] DEBUG net.serenitybdd.core.photography.DarkroomProcessingLine - Saving screenshot to target\site\serenity\67c4b5832561ce4d22ba74c40ce6260a558e192bb683d9925390a0795e41a23a.png
16:23:12.939 [Forwarding findElement on session d331c1621b4503d548d0d4d4c1df1087 to remote] DEBUG org.asynchttpclient.netty.request.NettyRequestSender - Using pooled Channel '[id: 0xf6206e8a, L:/127.0.0.1:59600 - R:localhost/127.0.0.1:63050]' for 'POST' to 'http://localhost:63050/session/d331c1621b4503d548d0d4d4c1df1087/element'
16:23:12.939 [Forwarding findElement on session d331c1621b4503d548d0d4d4c1df1087 to remote] DEBUG org.asynchttpclient.netty.request.NettyRequestSender - Using open Channel [id: 0xf6206e8a, L:/127.0.0.1:59600 - R:localhost/127.0.0.1:63050] for POST '/session/d331c1621b4503d548d0d4d4c1df1087/element'
16:23:12.966 [AsyncHttpClient-1-7] DEBUG org.asynchttpclient.netty.handler.HttpHandler - 

Request DefaultHttpRequest(decodeResult: success, version: HTTP/1.1)
POST /session/d331c1621b4503d548d0d4d4c1df1087/element HTTP/1.1
User-Agent: selenium/4.1.2 (java windows)
Content-Length: 94
Content-Type: application/json; charset=utf-8
host: localhost:63050
accept: */*

Response DefaultHttpResponse(decodeResult: success, version: HTTP/1.1)
HTTP/1.1 200 OK
Content-Type: application/json; charset=utf-8
cache-control: no-cache
content-length: 88

16:23:12.967 [AsyncHttpClient-1-7] DEBUG org.asynchttpclient.netty.channel.ChannelManager - Adding key: http://localhost:63050 for channel [id: 0xf6206e8a, L:/127.0.0.1:59600 - R:localhost/127.0.0.1:63050]
16:23:12.971 [Forwarding isElementDisplayed on session d331c1621b4503d548d0d4d4c1df1087 to remote] DEBUG org.asynchttpclient.netty.request.NettyRequestSender - Using pooled Channel '[id: 0xf6206e8a, L:/127.0.0.1:59600 - R:localhost/127.0.0.1:63050]' for 'POST' to 'http://localhost:63050/session/d331c1621b4503d548d0d4d4c1df1087/execute/sync'
16:23:12.971 [Forwarding isElementDisplayed on session d331c1621b4503d548d0d4d4c1df1087 to remote] DEBUG org.asynchttpclient.netty.request.NettyRequestSender - Using open Channel [id: 0xf6206e8a, L:/127.0.0.1:59600 - R:localhost/127.0.0.1:63050] for POST '/session/d331c1621b4503d548d0d4d4c1df1087/execute/sync'
16:23:12.990 [AsyncHttpClient-1-7] DEBUG org.asynchttpclient.netty.handler.HttpHandler - 

Request DefaultHttpRequest(decodeResult: success, version: HTTP/1.1)
POST /session/d331c1621b4503d548d0d4d4c1df1087/execute/sync HTTP/1.1
User-Agent: selenium/4.1.2 (java windows)
Content-Length: 48780
Content-Type: application/json; charset=utf-8
host: localhost:63050
accept: */*

Response DefaultHttpResponse(decodeResult: success, version: HTTP/1.1)
HTTP/1.1 200 OK
Content-Type: application/json; charset=utf-8
cache-control: no-cache
content-length: 14

16:23:12.990 [AsyncHttpClient-1-7] DEBUG org.asynchttpclient.netty.channel.ChannelManager - Adding key: http://localhost:63050 for channel [id: 0xf6206e8a, L:/127.0.0.1:59600 - R:localhost/127.0.0.1:63050]
  &amp#27;[32mAnd &amp#27;[0m&amp#27;[32mI &amp#27;[0m&amp#27;[32m&amp#27;[1m"txtBajuTerusan"&amp#27;[0m&amp#27;[32m page&amp#27;[0m     &amp#27;[90m# starter.stepdefinitions.BabyStep.iPage(java.lang.String)&amp#27;[0m
16:23:12.995 [Forwarding screenshot on session d331c1621b4503d548d0d4d4c1df1087 to remote] DEBUG org.asynchttpclient.netty.request.NettyRequestSender - Using pooled Channel '[id: 0xf6206e8a, L:/127.0.0.1:59600 - R:localhost/127.0.0.1:63050]' for 'GET' to 'http://localhost:63050/session/d331c1621b4503d548d0d4d4c1df1087/screenshot'
16:23:12.995 [Forwarding screenshot on session d331c1621b4503d548d0d4d4c1df1087 to remote] DEBUG org.asynchttpclient.netty.request.NettyRequestSender - Using open Channel [id: 0xf6206e8a, L:/127.0.0.1:59600 - R:localhost/127.0.0.1:63050] for GET '/session/d331c1621b4503d548d0d4d4c1df1087/screenshot'
16:23:13.110 [AsyncHttpClient-1-7] DEBUG org.asynchttpclient.netty.handler.HttpHandler - 

Request DefaultFullHttpRequest(decodeResult: success, version: HTTP/1.1, content: EmptyByteBufBE)
GET /session/d331c1621b4503d548d0d4d4c1df1087/screenshot HTTP/1.1
User-Agent: selenium/4.1.2 (java windows)
Cache-Control: no-cache
Content-Type: application/json; charset=utf-8
host: localhost:63050
accept: */*

Response DefaultHttpResponse(decodeResult: success, version: HTTP/1.1)
HTTP/1.1 200 OK
Content-Type: application/json; charset=utf-8
cache-control: no-cache
content-length: 57148

16:23:13.110 [AsyncHttpClient-1-7] DEBUG org.asynchttpclient.netty.channel.ChannelManager - Adding key: http://localhost:63050 for channel [id: 0xf6206e8a, L:/127.0.0.1:59600 - R:localhost/127.0.0.1:63050]
16:23:13.113 [main] DEBUG net.serenitybdd.core.photography.Darkroom - Send negative for processing for target\site\serenity\3653a131615d72d62c233819296292854880a55cc95e47c31da9ce4d18c54171.png
16:23:13.113 [Darkroom Processing Line] DEBUG net.serenitybdd.core.photography.DarkroomProcessingLine - Processing screenshot image in /var/screenshots/screenshot-3566511589926892464
16:23:13.113 [Darkroom Processing Line] DEBUG net.serenitybdd.core.photography.DarkroomProcessingLine - Saving screenshot to target\site\serenity\3653a131615d72d62c233819296292854880a55cc95e47c31da9ce4d18c54171.png
16:23:13.119 [AsyncHttpClient-1-9] DEBUG org.asynchttpclient.netty.handler.WebSocketHandler - Channel Closed: [id: 0x6368d120, L:/127.0.0.1:59608 ! R:localhost/127.0.0.1:59601] with attribute NettyResponseFuture{currentRetry=5,
	isDone=1,
	isCancelled=0,
	asyncHandler=org.asynchttpclient.ws.WebSocketUpgradeHandler@15c2e197,
	nettyRequest=org.asynchttpclient.netty.request.NettyRequest@43f97c67,
	future=java.util.concurrent.CompletableFuture@6d106b4d[Completed normally],
	uri=ws://localhost:59601/devtools/browser/8c352c4d-7271-4b70-b26d-27237864b17b,
	keepAlive=true,
	redirectCount=0,
	timeoutsHolder=null,
	inAuth=0,
	touch=1680859380647}
16:23:13.119 [AsyncHttpClient-1-9] DEBUG org.asynchttpclient.netty.channel.ChannelManager - Closing Channel [id: 0x6368d120, L:/127.0.0.1:59608 ! R:localhost/127.0.0.1:59601] 
16:23:13.119 [Driver Command Executor] DEBUG org.asynchttpclient.netty.request.NettyRequestSender - Using pooled Channel '[id: 0xf6206e8a, L:/127.0.0.1:59600 - R:localhost/127.0.0.1:63050]' for 'DELETE' to 'http://localhost:63050/session/d331c1621b4503d548d0d4d4c1df1087'
16:23:13.119 [Driver Command Executor] DEBUG org.asynchttpclient.netty.request.NettyRequestSender - Using open Channel [id: 0xf6206e8a, L:/127.0.0.1:59600 - R:localhost/127.0.0.1:63050] for DELETE '/session/d331c1621b4503d548d0d4d4c1df1087'
16:23:13.140 [AsyncHttpClient-1-8] DEBUG org.asynchttpclient.netty.handler.HttpHandler - Unexpected I/O exception on channel [id: 0xe27f6b66, L:/127.0.0.1:59607 - R:localhost/127.0.0.1:59601]
java.net.SocketException: Connection reset
	at java.base/sun.nio.ch.SocketChannelImpl.throwConnectionReset(SocketChannelImpl.java:345)
	at java.base/sun.nio.ch.SocketChannelImpl.read(SocketChannelImpl.java:376)
	at io.netty.buffer.PooledByteBuf.setBytes(PooledByteBuf.java:258)
	at io.netty.buffer.AbstractByteBuf.writeBytes(AbstractByteBuf.java:1132)
	at io.netty.channel.socket.nio.NioSocketChannel.doReadBytes(NioSocketChannel.java:350)
	at io.netty.channel.nio.AbstractNioByteChannel$NioByteUnsafe.read(AbstractNioByteChannel.java:151)
	at io.netty.channel.nio.NioEventLoop.processSelectedKey(NioEventLoop.java:722)
	at io.netty.channel.nio.NioEventLoop.processSelectedKeysOptimized(NioEventLoop.java:658)
	at io.netty.channel.nio.NioEventLoop.processSelectedKeys(NioEventLoop.java:584)
	at io.netty.channel.nio.NioEventLoop.run(NioEventLoop.java:496)
	at io.netty.util.concurrent.SingleThreadEventExecutor$4.run(SingleThreadEventExecutor.java:986)
	at io.netty.util.internal.ThreadExecutorMap$2.run(ThreadExecutorMap.java:74)
	at io.netty.util.concurrent.FastThreadLocalRunnable.run(FastThreadLocalRunnable.java:30)
	at java.base/java.lang.Thread.run(Thread.java:830)
16:23:13.141 [AsyncHttpClient-1-8] DEBUG org.asynchttpclient.netty.channel.ChannelManager - Closing Channel [id: 0xe27f6b66, L:/127.0.0.1:59607 - R:localhost/127.0.0.1:59601] 
16:23:13.141 [AsyncHttpClient-1-8] DEBUG org.asynchttpclient.netty.handler.HttpHandler - Channel Closed: [id: 0xe27f6b66, L:/127.0.0.1:59607 ! R:localhost/127.0.0.1:59601] with attribute DISCARD
16:23:13.166 [AsyncHttpClient-1-1] DEBUG org.asynchttpclient.netty.channel.DefaultChannelPool - Entry count for : http://localhost:59601 : 1
16:23:13.166 [AsyncHttpClient-1-1] DEBUG org.asynchttpclient.netty.channel.DefaultChannelPool - Adding Candidate expired Channel [id: 0xe27f6b66, L:/127.0.0.1:59607 ! R:localhost/127.0.0.1:59601] isIdleTimeoutExpired=false isRemotelyClosed=true isTtlExpired=false
16:23:13.166 [AsyncHttpClient-1-1] DEBUG org.asynchttpclient.netty.channel.DefaultChannelPool - Closing Idle Channel [id: 0xe27f6b66, L:/127.0.0.1:59607 ! R:localhost/127.0.0.1:59601]
16:23:13.166 [AsyncHttpClient-1-1] DEBUG org.asynchttpclient.netty.channel.DefaultChannelPool - Closed 1 connections out of 1 in 0 ms
16:23:13.169 [AsyncHttpClient-1-7] DEBUG org.asynchttpclient.netty.handler.HttpHandler - 

Request DefaultFullHttpRequest(decodeResult: success, version: HTTP/1.1, content: EmptyByteBufBE)
DELETE /session/d331c1621b4503d548d0d4d4c1df1087 HTTP/1.1
User-Agent: selenium/4.1.2 (java windows)
Content-Type: application/json; charset=utf-8
host: localhost:63050
accept: */*

Response DefaultHttpResponse(decodeResult: success, version: HTTP/1.1)
HTTP/1.1 200 OK
Content-Type: application/json; charset=utf-8
cache-control: no-cache
content-length: 14

16:23:13.170 [AsyncHttpClient-1-7] DEBUG org.asynchttpclient.netty.channel.ChannelManager - Adding key: http://localhost:63050 for channel [id: 0xf6206e8a, L:/127.0.0.1:59600 - R:localhost/127.0.0.1:63050]
16:23:13.274 [AsyncHttpClient-1-7] DEBUG org.asynchttpclient.netty.handler.HttpHandler - Channel Closed: [id: 0xf6206e8a, L:/127.0.0.1:59600 ! R:localhost/127.0.0.1:63050] with attribute DISCARD
]]></system-out>
    <system-err><![CDATA[Starting Microsoft Edge WebDriver 111.0.1661.62 (0a8f453929e6410c973aa529a40485ce4e3e03db) on port 63050
To submit feedback, report a bug, or suggest new features, please visit https://github.com/MicrosoftEdge/EdgeWebDriver

Only local connections are allowed.
Please see https://aka.ms/WebDriverSecurity for suggestions on keeping Microsoft Edge WebDriver safe.

Microsoft Edge WebDriver was started successfully.
Apr 07, 2023 4:23:00 PM org.openqa.selenium.remote.ProtocolHandshake createSession
INFO: Detected dialect: W3C
Apr 07, 2023 4:23:00 PM org.openqa.selenium.devtools.CdpVersionFinder findNearestMatch
WARNING: Unable to find an exact match for CDP version 111, so returning the closest version found: a no-op implementation
Apr 07, 2023 4:23:00 PM org.openqa.selenium.devtools.CdpVersionFinder findNearestMatch
INFO: Unable to find CDP implementation matching 111.
Apr 07, 2023 4:23:00 PM org.openqa.selenium.chromium.ChromiumDriver lambda$new$3
WARNING: Unable to find version of CDP to use for . You may need to include a dependency on a specific version of the CDP using something similar to `org.seleniumhq.selenium:selenium-devtools-v86:4.1.2` where the version ("v86") matches the version of the chromium-based browser you're using and the version number of the artifact is the same as Selenium's.
]]></system-err>
  </testcase>
  <testcase name="Fitur Menu Baby #9" classname="Baby" time="9.925">
    <system-out><![CDATA[
Scenario Outline: Fitur Menu Baby &amp#27;[90m# src/test/resources/features/Baby.feature:21&amp#27;[0m
16:23:13.864 [main] INFO io.cucumber.core.plugin.SerenityReporter - Running feature from file:///C:/Users/alwi/IdeaProjects/uniqloweb/src/test/resources/features/Baby.feature
16:23:13.978 [main] DEBUG io.github.bonigarcia.wdm.cache.ResolutionCache - Resolution edge=111 in cache (valid until 17:21:26 07/04/2023 WIB)
16:23:13.982 [main] DEBUG io.github.bonigarcia.wdm.cache.ResolutionCache - Resolution edge111=111.0.1661.62 in cache (valid until 15:02:35 08/04/2023 WIB)
16:23:13.984 [main] INFO io.github.bonigarcia.wdm.WebDriverManager - Using msedgedriver 111.0.1661.62 (resolved driver for Edge 111)
16:23:13.994 [main] DEBUG io.github.bonigarcia.wdm.WebDriverManager - Driver msedgedriver 111.0.1661.62 found in cache
16:23:13.994 [main] INFO io.github.bonigarcia.wdm.WebDriverManager - Exporting webdriver.edge.driver as C:\Users\alwi\.cache\selenium\msedgedriver\win64\111.0.1661.62\msedgedriver.exe
16:23:13.996 [main] DEBUG net.serenitybdd.core.webdriver.driverproviders.ProvideNewDriver - Instantiating driver
16:23:13.996 [main] DEBUG net.serenitybdd.core.webdriver.driverproviders.ProvideNewDriver - Driver capabilities: Capabilities {base.url: https://www.uniqlo.com, chrome.driver: src/test/resources/webdrive..., driver: edge, ms:edgeChromium: true, ms:edgeOptions: {}, wait.for.timeout: 6000}
16:23:14.265 [AsyncHttpClient-1-1] DEBUG org.asynchttpclient.netty.channel.DefaultChannelPool - Entry count for : http://localhost:63050 : 1
16:23:14.265 [AsyncHttpClient-1-1] DEBUG org.asynchttpclient.netty.channel.DefaultChannelPool - Adding Candidate expired Channel [id: 0xf6206e8a, L:/127.0.0.1:59600 ! R:localhost/127.0.0.1:63050] isIdleTimeoutExpired=false isRemotelyClosed=true isTtlExpired=false
16:23:14.265 [AsyncHttpClient-1-1] DEBUG org.asynchttpclient.netty.channel.DefaultChannelPool - Closing Idle Channel [id: 0xf6206e8a, L:/127.0.0.1:59600 ! R:localhost/127.0.0.1:63050]
16:23:14.265 [AsyncHttpClient-1-1] DEBUG org.asynchttpclient.netty.channel.DefaultChannelPool - Closed 1 connections out of 1 in 0 ms
16:23:14.531 [AsyncHttpClient-1-10] DEBUG org.asynchttpclient.netty.channel.NettyConnectListener - Using new Channel '[id: 0xf08837e8, L:/127.0.0.1:59737 - R:localhost/127.0.0.1:49591]' for 'POST' to '/session'
16:23:15.146 [AsyncHttpClient-1-10] DEBUG org.asynchttpclient.netty.handler.HttpHandler - 

Request DefaultHttpRequest(decodeResult: success, version: HTTP/1.1)
POST /session HTTP/1.1
User-Agent: selenium/4.1.2 (java windows)
Content-Length: 627
Content-Type: application/json; charset=utf-8
host: localhost:49591
accept: */*

Response DefaultHttpResponse(decodeResult: success, version: HTTP/1.1)
HTTP/1.1 200 OK
Content-Type: application/json; charset=utf-8
cache-control: no-cache
content-length: 824

16:23:15.146 [AsyncHttpClient-1-10] DEBUG org.asynchttpclient.netty.channel.ChannelManager - Adding key: http://localhost:49591 for channel [id: 0xf08837e8, L:/127.0.0.1:59737 - R:localhost/127.0.0.1:49591]
16:23:15.151 [AsyncHttpClient-1-11] DEBUG org.asynchttpclient.netty.channel.NettyConnectListener - Using new Channel '[id: 0x580da5aa, L:/127.0.0.1:59744 - R:localhost/127.0.0.1:59738]' for 'GET' to '/json/version'
16:23:15.154 [AsyncHttpClient-1-11] DEBUG org.asynchttpclient.netty.handler.HttpHandler - 

Request DefaultFullHttpRequest(decodeResult: success, version: HTTP/1.1, content: EmptyByteBufBE)
GET /json/version HTTP/1.1
User-Agent: selenium/4.1.2 (java windows)
host: localhost:59738
accept: */*

Response DefaultHttpResponse(decodeResult: success, version: HTTP/1.1)
HTTP/1.1 200 OK
Content-Security-Policy: frame-ancestors 'none'
Content-Type: application/json; charset=UTF-8
content-length: 436

16:23:15.154 [AsyncHttpClient-1-11] DEBUG org.asynchttpclient.netty.channel.ChannelManager - Adding key: http://localhost:59738 for channel [id: 0x580da5aa, L:/127.0.0.1:59744 - R:localhost/127.0.0.1:59738]
16:23:15.156 [AsyncHttpClient-1-12] DEBUG org.asynchttpclient.netty.channel.NettyConnectListener - Using new Channel '[id: 0xd3c14b69, L:/127.0.0.1:59745 - R:localhost/127.0.0.1:59738]' for 'GET' to '/devtools/browser/251ceaad-5f5d-4406-8480-761c28068103'
16:23:15.157 [AsyncHttpClient-1-12] DEBUG org.asynchttpclient.netty.handler.WebSocketHandler - 

Request DefaultFullHttpRequest(decodeResult: success, version: HTTP/1.1, content: EmptyByteBufBE)
GET /devtools/browser/251ceaad-5f5d-4406-8480-761c28068103 HTTP/1.1
upgrade: websocket
connection: upgrade
sec-websocket-key: meeDO0F1OePfxqaHRFZlUw==
sec-websocket-version: 13
origin: http://localhost:59738
host: localhost:59738
accept: */*
user-agent: AHC/2.1

Response DefaultHttpResponse(decodeResult: success, version: HTTP/1.1)
HTTP/1.1 101 WebSocket Protocol Handshake
Upgrade: WebSocket
Connection: Upgrade
Sec-WebSocket-Accept: RahXQ/2GuFQjhVHm7BZgHKSK3/8=

16:23:15.160 [Forwarding get on session 94767bd63e8612de7894919956fa1e7b to remote] DEBUG org.asynchttpclient.netty.request.NettyRequestSender - Using pooled Channel '[id: 0xf08837e8, L:/127.0.0.1:59737 - R:localhost/127.0.0.1:49591]' for 'POST' to 'http://localhost:49591/session/94767bd63e8612de7894919956fa1e7b/url'
16:23:15.160 [Forwarding get on session 94767bd63e8612de7894919956fa1e7b to remote] DEBUG org.asynchttpclient.netty.request.NettyRequestSender - Using open Channel [id: 0xf08837e8, L:/127.0.0.1:59737 - R:localhost/127.0.0.1:49591] for POST '/session/94767bd63e8612de7894919956fa1e7b/url'
16:23:15.367 [AsyncHttpClient-1-1] DEBUG org.asynchttpclient.netty.channel.DefaultChannelPool - Entry count for : http://localhost:59738 : 1
16:23:16.473 [AsyncHttpClient-1-1] DEBUG org.asynchttpclient.netty.channel.DefaultChannelPool - Entry count for : http://localhost:59738 : 1
16:23:17.566 [AsyncHttpClient-1-1] DEBUG org.asynchttpclient.netty.channel.DefaultChannelPool - Entry count for : http://localhost:59738 : 1
16:23:18.673 [AsyncHttpClient-1-1] DEBUG org.asynchttpclient.netty.channel.DefaultChannelPool - Entry count for : http://localhost:59738 : 1
16:23:19.766 [AsyncHttpClient-1-1] DEBUG org.asynchttpclient.netty.channel.DefaultChannelPool - Entry count for : http://localhost:59738 : 1
16:23:20.633 [AsyncHttpClient-1-10] DEBUG org.asynchttpclient.netty.handler.HttpHandler - 

Request DefaultHttpRequest(decodeResult: success, version: HTTP/1.1)
POST /session/94767bd63e8612de7894919956fa1e7b/url HTTP/1.1
User-Agent: selenium/4.1.2 (java windows)
Content-Length: 53
Content-Type: application/json; charset=utf-8
host: localhost:49591
accept: */*

Response DefaultHttpResponse(decodeResult: success, version: HTTP/1.1)
HTTP/1.1 200 OK
Content-Type: application/json; charset=utf-8
cache-control: no-cache
content-length: 14

16:23:20.633 [AsyncHttpClient-1-10] DEBUG org.asynchttpclient.netty.channel.ChannelManager - Adding key: http://localhost:49591 for channel [id: 0xf08837e8, L:/127.0.0.1:59737 - R:localhost/127.0.0.1:49591]
16:23:20.635 [Forwarding setTimeout on session 94767bd63e8612de7894919956fa1e7b to remote] DEBUG org.asynchttpclient.netty.request.NettyRequestSender - Using pooled Channel '[id: 0xf08837e8, L:/127.0.0.1:59737 - R:localhost/127.0.0.1:49591]' for 'POST' to 'http://localhost:49591/session/94767bd63e8612de7894919956fa1e7b/timeouts'
16:23:20.635 [Forwarding setTimeout on session 94767bd63e8612de7894919956fa1e7b to remote] DEBUG org.asynchttpclient.netty.request.NettyRequestSender - Using open Channel [id: 0xf08837e8, L:/127.0.0.1:59737 - R:localhost/127.0.0.1:49591] for POST '/session/94767bd63e8612de7894919956fa1e7b/timeouts'
16:23:20.636 [AsyncHttpClient-1-10] DEBUG org.asynchttpclient.netty.handler.HttpHandler - 

Request DefaultHttpRequest(decodeResult: success, version: HTTP/1.1)
POST /session/94767bd63e8612de7894919956fa1e7b/timeouts HTTP/1.1
User-Agent: selenium/4.1.2 (java windows)
Content-Length: 22
Content-Type: application/json; charset=utf-8
host: localhost:49591
accept: */*

Response DefaultHttpResponse(decodeResult: success, version: HTTP/1.1)
HTTP/1.1 200 OK
Content-Type: application/json; charset=utf-8
cache-control: no-cache
content-length: 14

16:23:20.636 [AsyncHttpClient-1-10] DEBUG org.asynchttpclient.netty.channel.ChannelManager - Adding key: http://localhost:49591 for channel [id: 0xf08837e8, L:/127.0.0.1:59737 - R:localhost/127.0.0.1:49591]
16:23:20.639 [Forwarding getCurrentUrl on session 94767bd63e8612de7894919956fa1e7b to remote] DEBUG org.asynchttpclient.netty.request.NettyRequestSender - Using pooled Channel '[id: 0xf08837e8, L:/127.0.0.1:59737 - R:localhost/127.0.0.1:49591]' for 'GET' to 'http://localhost:49591/session/94767bd63e8612de7894919956fa1e7b/url'
16:23:20.639 [Forwarding getCurrentUrl on session 94767bd63e8612de7894919956fa1e7b to remote] DEBUG org.asynchttpclient.netty.request.NettyRequestSender - Using open Channel [id: 0xf08837e8, L:/127.0.0.1:59737 - R:localhost/127.0.0.1:49591] for GET '/session/94767bd63e8612de7894919956fa1e7b/url'
16:23:20.644 [AsyncHttpClient-1-10] DEBUG org.asynchttpclient.netty.handler.HttpHandler - 

Request DefaultFullHttpRequest(decodeResult: success, version: HTTP/1.1, content: EmptyByteBufBE)
GET /session/94767bd63e8612de7894919956fa1e7b/url HTTP/1.1
User-Agent: selenium/4.1.2 (java windows)
Cache-Control: no-cache
Content-Type: application/json; charset=utf-8
host: localhost:49591
accept: */*

Response DefaultHttpResponse(decodeResult: success, version: HTTP/1.1)
HTTP/1.1 200 OK
Content-Type: application/json; charset=utf-8
cache-control: no-cache
content-length: 41

16:23:20.644 [AsyncHttpClient-1-10] DEBUG org.asynchttpclient.netty.channel.ChannelManager - Adding key: http://localhost:49591 for channel [id: 0xf08837e8, L:/127.0.0.1:59737 - R:localhost/127.0.0.1:49591]
  &amp#27;[32mGiven &amp#27;[0m&amp#27;[32mI am on the home page&amp#27;[0m     &amp#27;[90m# starter.stepdefinitions.BabyStep.iAmOnTheHomePage()&amp#27;[0m
16:23:20.650 [Forwarding screenshot on session 94767bd63e8612de7894919956fa1e7b to remote] DEBUG org.asynchttpclient.netty.request.NettyRequestSender - Using pooled Channel '[id: 0xf08837e8, L:/127.0.0.1:59737 - R:localhost/127.0.0.1:49591]' for 'GET' to 'http://localhost:49591/session/94767bd63e8612de7894919956fa1e7b/screenshot'
16:23:20.650 [Forwarding screenshot on session 94767bd63e8612de7894919956fa1e7b to remote] DEBUG org.asynchttpclient.netty.request.NettyRequestSender - Using open Channel [id: 0xf08837e8, L:/127.0.0.1:59737 - R:localhost/127.0.0.1:49591] for GET '/session/94767bd63e8612de7894919956fa1e7b/screenshot'
16:23:20.871 [AsyncHttpClient-1-1] DEBUG org.asynchttpclient.netty.channel.DefaultChannelPool - Entry count for : http://localhost:59738 : 1
16:23:20.958 [AsyncHttpClient-1-10] DEBUG org.asynchttpclient.netty.handler.HttpHandler - 

Request DefaultFullHttpRequest(decodeResult: success, version: HTTP/1.1, content: EmptyByteBufBE)
GET /session/94767bd63e8612de7894919956fa1e7b/screenshot HTTP/1.1
User-Agent: selenium/4.1.2 (java windows)
Cache-Control: no-cache
Content-Type: application/json; charset=utf-8
host: localhost:49591
accept: */*

Response DefaultHttpResponse(decodeResult: success, version: HTTP/1.1)
HTTP/1.1 200 OK
Content-Type: application/json; charset=utf-8
cache-control: no-cache
content-length: 1022316

16:23:20.961 [AsyncHttpClient-1-10] DEBUG org.asynchttpclient.netty.channel.ChannelManager - Adding key: http://localhost:49591 for channel [id: 0xf08837e8, L:/127.0.0.1:59737 - R:localhost/127.0.0.1:49591]
16:23:20.991 [main] DEBUG net.serenitybdd.core.photography.Darkroom - Send negative for processing for target\site\serenity\b0ddf3608b8f51a6a3adc36e4acd901b7a2c5b7adc6fd42a924a7c7a6358c0ea.png
16:23:21.002 [Forwarding findElement on session 94767bd63e8612de7894919956fa1e7b to remote] DEBUG org.asynchttpclient.netty.request.NettyRequestSender - Using pooled Channel '[id: 0xf08837e8, L:/127.0.0.1:59737 - R:localhost/127.0.0.1:49591]' for 'POST' to 'http://localhost:49591/session/94767bd63e8612de7894919956fa1e7b/element'
16:23:21.002 [Forwarding findElement on session 94767bd63e8612de7894919956fa1e7b to remote] DEBUG org.asynchttpclient.netty.request.NettyRequestSender - Using open Channel [id: 0xf08837e8, L:/127.0.0.1:59737 - R:localhost/127.0.0.1:49591] for POST '/session/94767bd63e8612de7894919956fa1e7b/element'
16:23:21.015 [AsyncHttpClient-1-10] DEBUG org.asynchttpclient.netty.handler.HttpHandler - 

Request DefaultHttpRequest(decodeResult: success, version: HTTP/1.1)
POST /session/94767bd63e8612de7894919956fa1e7b/element HTTP/1.1
User-Agent: selenium/4.1.2 (java windows)
Content-Length: 81
Content-Type: application/json; charset=utf-8
host: localhost:49591
accept: */*

Response DefaultHttpResponse(decodeResult: success, version: HTTP/1.1)
HTTP/1.1 200 OK
Content-Type: application/json; charset=utf-8
cache-control: no-cache
content-length: 88

16:23:21.015 [AsyncHttpClient-1-10] DEBUG org.asynchttpclient.netty.channel.ChannelManager - Adding key: http://localhost:49591 for channel [id: 0xf08837e8, L:/127.0.0.1:59737 - R:localhost/127.0.0.1:49591]
16:23:21.016 [Forwarding getElementTagName on session 94767bd63e8612de7894919956fa1e7b to remote] DEBUG org.asynchttpclient.netty.request.NettyRequestSender - Using pooled Channel '[id: 0xf08837e8, L:/127.0.0.1:59737 - R:localhost/127.0.0.1:49591]' for 'GET' to 'http://localhost:49591/session/94767bd63e8612de7894919956fa1e7b/element/1361aa5e-2788-48f3-b2ac-929133a86db7/name'
16:23:21.016 [Forwarding getElementTagName on session 94767bd63e8612de7894919956fa1e7b to remote] DEBUG org.asynchttpclient.netty.request.NettyRequestSender - Using open Channel [id: 0xf08837e8, L:/127.0.0.1:59737 - R:localhost/127.0.0.1:49591] for GET '/session/94767bd63e8612de7894919956fa1e7b/element/1361aa5e-2788-48f3-b2ac-929133a86db7/name'
16:23:21.021 [AsyncHttpClient-1-10] DEBUG org.asynchttpclient.netty.handler.HttpHandler - 

Request DefaultFullHttpRequest(decodeResult: success, version: HTTP/1.1, content: EmptyByteBufBE)
GET /session/94767bd63e8612de7894919956fa1e7b/element/1361aa5e-2788-48f3-b2ac-929133a86db7/name HTTP/1.1
User-Agent: selenium/4.1.2 (java windows)
Cache-Control: no-cache
Content-Type: application/json; charset=utf-8
host: localhost:49591
accept: */*

Response DefaultHttpResponse(decodeResult: success, version: HTTP/1.1)
HTTP/1.1 200 OK
Content-Type: application/json; charset=utf-8
cache-control: no-cache
content-length: 16

16:23:21.021 [AsyncHttpClient-1-10] DEBUG org.asynchttpclient.netty.channel.ChannelManager - Adding key: http://localhost:49591 for channel [id: 0xf08837e8, L:/127.0.0.1:59737 - R:localhost/127.0.0.1:49591]
16:23:21.022 [Forwarding getElementTagName on session 94767bd63e8612de7894919956fa1e7b to remote] DEBUG org.asynchttpclient.netty.request.NettyRequestSender - Using pooled Channel '[id: 0xf08837e8, L:/127.0.0.1:59737 - R:localhost/127.0.0.1:49591]' for 'GET' to 'http://localhost:49591/session/94767bd63e8612de7894919956fa1e7b/element/1361aa5e-2788-48f3-b2ac-929133a86db7/name'
16:23:21.022 [Forwarding getElementTagName on session 94767bd63e8612de7894919956fa1e7b to remote] DEBUG org.asynchttpclient.netty.request.NettyRequestSender - Using open Channel [id: 0xf08837e8, L:/127.0.0.1:59737 - R:localhost/127.0.0.1:49591] for GET '/session/94767bd63e8612de7894919956fa1e7b/element/1361aa5e-2788-48f3-b2ac-929133a86db7/name'
16:23:21.025 [AsyncHttpClient-1-10] DEBUG org.asynchttpclient.netty.handler.HttpHandler - 

Request DefaultFullHttpRequest(decodeResult: success, version: HTTP/1.1, content: EmptyByteBufBE)
GET /session/94767bd63e8612de7894919956fa1e7b/element/1361aa5e-2788-48f3-b2ac-929133a86db7/name HTTP/1.1
User-Agent: selenium/4.1.2 (java windows)
Cache-Control: no-cache
Content-Type: application/json; charset=utf-8
host: localhost:49591
accept: */*

Response DefaultHttpResponse(decodeResult: success, version: HTTP/1.1)
HTTP/1.1 200 OK
Content-Type: application/json; charset=utf-8
cache-control: no-cache
content-length: 16

16:23:21.025 [AsyncHttpClient-1-10] DEBUG org.asynchttpclient.netty.channel.ChannelManager - Adding key: http://localhost:49591 for channel [id: 0xf08837e8, L:/127.0.0.1:59737 - R:localhost/127.0.0.1:49591]
16:23:21.027 [Forwarding findElement on session 94767bd63e8612de7894919956fa1e7b to remote] DEBUG org.asynchttpclient.netty.request.NettyRequestSender - Using pooled Channel '[id: 0xf08837e8, L:/127.0.0.1:59737 - R:localhost/127.0.0.1:49591]' for 'POST' to 'http://localhost:49591/session/94767bd63e8612de7894919956fa1e7b/element'
16:23:21.027 [Forwarding findElement on session 94767bd63e8612de7894919956fa1e7b to remote] DEBUG org.asynchttpclient.netty.request.NettyRequestSender - Using open Channel [id: 0xf08837e8, L:/127.0.0.1:59737 - R:localhost/127.0.0.1:49591] for POST '/session/94767bd63e8612de7894919956fa1e7b/element'
16:23:21.035 [AsyncHttpClient-1-10] DEBUG org.asynchttpclient.netty.handler.HttpHandler - 

Request DefaultHttpRequest(decodeResult: success, version: HTTP/1.1)
POST /session/94767bd63e8612de7894919956fa1e7b/element HTTP/1.1
User-Agent: selenium/4.1.2 (java windows)
Content-Length: 81
Content-Type: application/json; charset=utf-8
host: localhost:49591
accept: */*

Response DefaultHttpResponse(decodeResult: success, version: HTTP/1.1)
HTTP/1.1 200 OK
Content-Type: application/json; charset=utf-8
cache-control: no-cache
content-length: 88

16:23:21.035 [AsyncHttpClient-1-10] DEBUG org.asynchttpclient.netty.channel.ChannelManager - Adding key: http://localhost:49591 for channel [id: 0xf08837e8, L:/127.0.0.1:59737 - R:localhost/127.0.0.1:49591]
16:23:21.036 [Forwarding clickElement on session 94767bd63e8612de7894919956fa1e7b to remote] DEBUG org.asynchttpclient.netty.request.NettyRequestSender - Using pooled Channel '[id: 0xf08837e8, L:/127.0.0.1:59737 - R:localhost/127.0.0.1:49591]' for 'POST' to 'http://localhost:49591/session/94767bd63e8612de7894919956fa1e7b/element/1361aa5e-2788-48f3-b2ac-929133a86db7/click'
16:23:21.036 [Forwarding clickElement on session 94767bd63e8612de7894919956fa1e7b to remote] DEBUG org.asynchttpclient.netty.request.NettyRequestSender - Using open Channel [id: 0xf08837e8, L:/127.0.0.1:59737 - R:localhost/127.0.0.1:49591] for POST '/session/94767bd63e8612de7894919956fa1e7b/element/1361aa5e-2788-48f3-b2ac-929133a86db7/click'
16:23:21.463 [AsyncHttpClient-1-10] DEBUG org.asynchttpclient.netty.handler.HttpHandler - 

Request DefaultHttpRequest(decodeResult: success, version: HTTP/1.1)
POST /session/94767bd63e8612de7894919956fa1e7b/element/1361aa5e-2788-48f3-b2ac-929133a86db7/click HTTP/1.1
User-Agent: selenium/4.1.2 (java windows)
Content-Length: 50
Content-Type: application/json; charset=utf-8
host: localhost:49591
accept: */*

Response DefaultHttpResponse(decodeResult: success, version: HTTP/1.1)
HTTP/1.1 200 OK
Content-Type: application/json; charset=utf-8
cache-control: no-cache
content-length: 14

16:23:21.464 [AsyncHttpClient-1-10] DEBUG org.asynchttpclient.netty.channel.ChannelManager - Adding key: http://localhost:49591 for channel [id: 0xf08837e8, L:/127.0.0.1:59737 - R:localhost/127.0.0.1:49591]
  &amp#27;[32mThen &amp#27;[0m&amp#27;[32mI click baby on the header&amp#27;[0m &amp#27;[90m# starter.stepdefinitions.BabyStep.iClickBabyOnTheHeader()&amp#27;[0m
16:23:21.475 [Forwarding screenshot on session 94767bd63e8612de7894919956fa1e7b to remote] DEBUG org.asynchttpclient.netty.request.NettyRequestSender - Using pooled Channel '[id: 0xf08837e8, L:/127.0.0.1:59737 - R:localhost/127.0.0.1:49591]' for 'GET' to 'http://localhost:49591/session/94767bd63e8612de7894919956fa1e7b/screenshot'
16:23:21.475 [Forwarding screenshot on session 94767bd63e8612de7894919956fa1e7b to remote] DEBUG org.asynchttpclient.netty.request.NettyRequestSender - Using open Channel [id: 0xf08837e8, L:/127.0.0.1:59737 - R:localhost/127.0.0.1:49591] for GET '/session/94767bd63e8612de7894919956fa1e7b/screenshot'
16:23:21.968 [AsyncHttpClient-1-1] DEBUG org.asynchttpclient.netty.channel.DefaultChannelPool - Entry count for : http://localhost:59738 : 1
16:23:22.391 [AsyncHttpClient-1-10] DEBUG org.asynchttpclient.netty.handler.HttpHandler - 

Request DefaultFullHttpRequest(decodeResult: success, version: HTTP/1.1, content: EmptyByteBufBE)
GET /session/94767bd63e8612de7894919956fa1e7b/screenshot HTTP/1.1
User-Agent: selenium/4.1.2 (java windows)
Cache-Control: no-cache
Content-Type: application/json; charset=utf-8
host: localhost:49591
accept: */*

Response DefaultHttpResponse(decodeResult: success, version: HTTP/1.1)
HTTP/1.1 200 OK
Content-Type: application/json; charset=utf-8
cache-control: no-cache
content-length: 137776

16:23:22.392 [AsyncHttpClient-1-10] DEBUG org.asynchttpclient.netty.channel.ChannelManager - Adding key: http://localhost:49591 for channel [id: 0xf08837e8, L:/127.0.0.1:59737 - R:localhost/127.0.0.1:49591]
16:23:22.397 [main] DEBUG net.serenitybdd.core.photography.Darkroom - Send negative for processing for target\site\serenity\66be97047e6167e11dbe91b68e4a22e675d657e3f92a8c80afba8fee62bd5186.png
16:23:22.404 [Forwarding findElement on session 94767bd63e8612de7894919956fa1e7b to remote] DEBUG org.asynchttpclient.netty.request.NettyRequestSender - Using pooled Channel '[id: 0xf08837e8, L:/127.0.0.1:59737 - R:localhost/127.0.0.1:49591]' for 'POST' to 'http://localhost:49591/session/94767bd63e8612de7894919956fa1e7b/element'
16:23:22.404 [Forwarding findElement on session 94767bd63e8612de7894919956fa1e7b to remote] DEBUG org.asynchttpclient.netty.request.NettyRequestSender - Using open Channel [id: 0xf08837e8, L:/127.0.0.1:59737 - R:localhost/127.0.0.1:49591] for POST '/session/94767bd63e8612de7894919956fa1e7b/element'
16:23:22.416 [AsyncHttpClient-1-10] DEBUG org.asynchttpclient.netty.handler.HttpHandler - 

Request DefaultHttpRequest(decodeResult: success, version: HTTP/1.1)
POST /session/94767bd63e8612de7894919956fa1e7b/element HTTP/1.1
User-Agent: selenium/4.1.2 (java windows)
Content-Length: 105
Content-Type: application/json; charset=utf-8
host: localhost:49591
accept: */*

Response DefaultHttpResponse(decodeResult: success, version: HTTP/1.1)
HTTP/1.1 200 OK
Content-Type: application/json; charset=utf-8
cache-control: no-cache
content-length: 88

16:23:22.416 [AsyncHttpClient-1-10] DEBUG org.asynchttpclient.netty.channel.ChannelManager - Adding key: http://localhost:49591 for channel [id: 0xf08837e8, L:/127.0.0.1:59737 - R:localhost/127.0.0.1:49591]
16:23:22.418 [Forwarding getElementTagName on session 94767bd63e8612de7894919956fa1e7b to remote] DEBUG org.asynchttpclient.netty.request.NettyRequestSender - Using pooled Channel '[id: 0xf08837e8, L:/127.0.0.1:59737 - R:localhost/127.0.0.1:49591]' for 'GET' to 'http://localhost:49591/session/94767bd63e8612de7894919956fa1e7b/element/2cf6826b-f38d-45eb-baac-433a8230ffda/name'
16:23:22.418 [Forwarding getElementTagName on session 94767bd63e8612de7894919956fa1e7b to remote] DEBUG org.asynchttpclient.netty.request.NettyRequestSender - Using open Channel [id: 0xf08837e8, L:/127.0.0.1:59737 - R:localhost/127.0.0.1:49591] for GET '/session/94767bd63e8612de7894919956fa1e7b/element/2cf6826b-f38d-45eb-baac-433a8230ffda/name'
16:23:22.421 [AsyncHttpClient-1-10] DEBUG org.asynchttpclient.netty.handler.HttpHandler - 

Request DefaultFullHttpRequest(decodeResult: success, version: HTTP/1.1, content: EmptyByteBufBE)
GET /session/94767bd63e8612de7894919956fa1e7b/element/2cf6826b-f38d-45eb-baac-433a8230ffda/name HTTP/1.1
User-Agent: selenium/4.1.2 (java windows)
Cache-Control: no-cache
Content-Type: application/json; charset=utf-8
host: localhost:49591
accept: */*

Response DefaultHttpResponse(decodeResult: success, version: HTTP/1.1)
HTTP/1.1 200 OK
Content-Type: application/json; charset=utf-8
cache-control: no-cache
content-length: 16

16:23:22.422 [AsyncHttpClient-1-10] DEBUG org.asynchttpclient.netty.channel.ChannelManager - Adding key: http://localhost:49591 for channel [id: 0xf08837e8, L:/127.0.0.1:59737 - R:localhost/127.0.0.1:49591]
16:23:22.423 [Forwarding getElementTagName on session 94767bd63e8612de7894919956fa1e7b to remote] DEBUG org.asynchttpclient.netty.request.NettyRequestSender - Using pooled Channel '[id: 0xf08837e8, L:/127.0.0.1:59737 - R:localhost/127.0.0.1:49591]' for 'GET' to 'http://localhost:49591/session/94767bd63e8612de7894919956fa1e7b/element/2cf6826b-f38d-45eb-baac-433a8230ffda/name'
16:23:22.423 [Forwarding getElementTagName on session 94767bd63e8612de7894919956fa1e7b to remote] DEBUG org.asynchttpclient.netty.request.NettyRequestSender - Using open Channel [id: 0xf08837e8, L:/127.0.0.1:59737 - R:localhost/127.0.0.1:49591] for GET '/session/94767bd63e8612de7894919956fa1e7b/element/2cf6826b-f38d-45eb-baac-433a8230ffda/name'
16:23:22.426 [AsyncHttpClient-1-10] DEBUG org.asynchttpclient.netty.handler.HttpHandler - 

Request DefaultFullHttpRequest(decodeResult: success, version: HTTP/1.1, content: EmptyByteBufBE)
GET /session/94767bd63e8612de7894919956fa1e7b/element/2cf6826b-f38d-45eb-baac-433a8230ffda/name HTTP/1.1
User-Agent: selenium/4.1.2 (java windows)
Cache-Control: no-cache
Content-Type: application/json; charset=utf-8
host: localhost:49591
accept: */*

Response DefaultHttpResponse(decodeResult: success, version: HTTP/1.1)
HTTP/1.1 200 OK
Content-Type: application/json; charset=utf-8
cache-control: no-cache
content-length: 16

16:23:22.427 [AsyncHttpClient-1-10] DEBUG org.asynchttpclient.netty.channel.ChannelManager - Adding key: http://localhost:49591 for channel [id: 0xf08837e8, L:/127.0.0.1:59737 - R:localhost/127.0.0.1:49591]
16:23:22.429 [Forwarding findElement on session 94767bd63e8612de7894919956fa1e7b to remote] DEBUG org.asynchttpclient.netty.request.NettyRequestSender - Using pooled Channel '[id: 0xf08837e8, L:/127.0.0.1:59737 - R:localhost/127.0.0.1:49591]' for 'POST' to 'http://localhost:49591/session/94767bd63e8612de7894919956fa1e7b/element'
16:23:22.429 [Forwarding findElement on session 94767bd63e8612de7894919956fa1e7b to remote] DEBUG org.asynchttpclient.netty.request.NettyRequestSender - Using open Channel [id: 0xf08837e8, L:/127.0.0.1:59737 - R:localhost/127.0.0.1:49591] for POST '/session/94767bd63e8612de7894919956fa1e7b/element'
16:23:22.437 [AsyncHttpClient-1-10] DEBUG org.asynchttpclient.netty.handler.HttpHandler - 

Request DefaultHttpRequest(decodeResult: success, version: HTTP/1.1)
POST /session/94767bd63e8612de7894919956fa1e7b/element HTTP/1.1
User-Agent: selenium/4.1.2 (java windows)
Content-Length: 105
Content-Type: application/json; charset=utf-8
host: localhost:49591
accept: */*

Response DefaultHttpResponse(decodeResult: success, version: HTTP/1.1)
HTTP/1.1 200 OK
Content-Type: application/json; charset=utf-8
cache-control: no-cache
content-length: 88

16:23:22.437 [AsyncHttpClient-1-10] DEBUG org.asynchttpclient.netty.channel.ChannelManager - Adding key: http://localhost:49591 for channel [id: 0xf08837e8, L:/127.0.0.1:59737 - R:localhost/127.0.0.1:49591]
16:23:22.439 [Forwarding clickElement on session 94767bd63e8612de7894919956fa1e7b to remote] DEBUG org.asynchttpclient.netty.request.NettyRequestSender - Using pooled Channel '[id: 0xf08837e8, L:/127.0.0.1:59737 - R:localhost/127.0.0.1:49591]' for 'POST' to 'http://localhost:49591/session/94767bd63e8612de7894919956fa1e7b/element/2cf6826b-f38d-45eb-baac-433a8230ffda/click'
16:23:22.439 [Forwarding clickElement on session 94767bd63e8612de7894919956fa1e7b to remote] DEBUG org.asynchttpclient.netty.request.NettyRequestSender - Using open Channel [id: 0xf08837e8, L:/127.0.0.1:59737 - R:localhost/127.0.0.1:49591] for POST '/session/94767bd63e8612de7894919956fa1e7b/element/2cf6826b-f38d-45eb-baac-433a8230ffda/click'
16:23:22.642 [AsyncHttpClient-1-10] DEBUG org.asynchttpclient.netty.handler.HttpHandler - 

Request DefaultHttpRequest(decodeResult: success, version: HTTP/1.1)
POST /session/94767bd63e8612de7894919956fa1e7b/element/2cf6826b-f38d-45eb-baac-433a8230ffda/click HTTP/1.1
User-Agent: selenium/4.1.2 (java windows)
Content-Length: 50
Content-Type: application/json; charset=utf-8
host: localhost:49591
accept: */*

Response DefaultHttpResponse(decodeResult: success, version: HTTP/1.1)
HTTP/1.1 200 OK
Content-Type: application/json; charset=utf-8
cache-control: no-cache
content-length: 14

16:23:22.642 [AsyncHttpClient-1-10] DEBUG org.asynchttpclient.netty.channel.ChannelManager - Adding key: http://localhost:49591 for channel [id: 0xf08837e8, L:/127.0.0.1:59737 - R:localhost/127.0.0.1:49591]
  &amp#27;[32mWhen &amp#27;[0m&amp#27;[32mI will go to &amp#27;[0m&amp#27;[32m&amp#27;[1m"legging"&amp#27;[0m     &amp#27;[90m# starter.stepdefinitions.BabyStep.iWillGoTo(java.lang.String)&amp#27;[0m
16:23:22.648 [Forwarding screenshot on session 94767bd63e8612de7894919956fa1e7b to remote] DEBUG org.asynchttpclient.netty.request.NettyRequestSender - Using pooled Channel '[id: 0xf08837e8, L:/127.0.0.1:59737 - R:localhost/127.0.0.1:49591]' for 'GET' to 'http://localhost:49591/session/94767bd63e8612de7894919956fa1e7b/screenshot'
16:23:22.648 [Forwarding screenshot on session 94767bd63e8612de7894919956fa1e7b to remote] DEBUG org.asynchttpclient.netty.request.NettyRequestSender - Using open Channel [id: 0xf08837e8, L:/127.0.0.1:59737 - R:localhost/127.0.0.1:49591] for GET '/session/94767bd63e8612de7894919956fa1e7b/screenshot'
16:23:22.950 [AsyncHttpClient-1-10] DEBUG org.asynchttpclient.netty.handler.HttpHandler - 

Request DefaultFullHttpRequest(decodeResult: success, version: HTTP/1.1, content: EmptyByteBufBE)
GET /session/94767bd63e8612de7894919956fa1e7b/screenshot HTTP/1.1
User-Agent: selenium/4.1.2 (java windows)
Cache-Control: no-cache
Content-Type: application/json; charset=utf-8
host: localhost:49591
accept: */*

Response DefaultHttpResponse(decodeResult: success, version: HTTP/1.1)
HTTP/1.1 200 OK
Content-Type: application/json; charset=utf-8
cache-control: no-cache
content-length: 88720

16:23:22.951 [AsyncHttpClient-1-10] DEBUG org.asynchttpclient.netty.channel.ChannelManager - Adding key: http://localhost:49591 for channel [id: 0xf08837e8, L:/127.0.0.1:59737 - R:localhost/127.0.0.1:49591]
16:23:22.955 [main] DEBUG net.serenitybdd.core.photography.Darkroom - Send negative for processing for target\site\serenity\79f0b8f6290648df5423aa1d9a1538c03f56b44719fca239520fdd09891e6eda.png
16:23:22.955 [Darkroom Processing Line] DEBUG net.serenitybdd.core.photography.DarkroomProcessingLine - Processing screenshot image in /var/screenshots/screenshot-6428986555819590535
16:23:22.955 [Darkroom Processing Line] DEBUG net.serenitybdd.core.photography.DarkroomProcessingLine - Saving screenshot to target\site\serenity\79f0b8f6290648df5423aa1d9a1538c03f56b44719fca239520fdd09891e6eda.png
16:23:22.961 [Forwarding findElement on session 94767bd63e8612de7894919956fa1e7b to remote] DEBUG org.asynchttpclient.netty.request.NettyRequestSender - Using pooled Channel '[id: 0xf08837e8, L:/127.0.0.1:59737 - R:localhost/127.0.0.1:49591]' for 'POST' to 'http://localhost:49591/session/94767bd63e8612de7894919956fa1e7b/element'
16:23:22.961 [Forwarding findElement on session 94767bd63e8612de7894919956fa1e7b to remote] DEBUG org.asynchttpclient.netty.request.NettyRequestSender - Using open Channel [id: 0xf08837e8, L:/127.0.0.1:59737 - R:localhost/127.0.0.1:49591] for POST '/session/94767bd63e8612de7894919956fa1e7b/element'
16:23:22.973 [AsyncHttpClient-1-10] DEBUG org.asynchttpclient.netty.handler.HttpHandler - 

Request DefaultHttpRequest(decodeResult: success, version: HTTP/1.1)
POST /session/94767bd63e8612de7894919956fa1e7b/element HTTP/1.1
User-Agent: selenium/4.1.2 (java windows)
Content-Length: 89
Content-Type: application/json; charset=utf-8
host: localhost:49591
accept: */*

Response DefaultHttpResponse(decodeResult: success, version: HTTP/1.1)
HTTP/1.1 200 OK
Content-Type: application/json; charset=utf-8
cache-control: no-cache
content-length: 88

16:23:22.973 [AsyncHttpClient-1-10] DEBUG org.asynchttpclient.netty.channel.ChannelManager - Adding key: http://localhost:49591 for channel [id: 0xf08837e8, L:/127.0.0.1:59737 - R:localhost/127.0.0.1:49591]
16:23:22.976 [Forwarding isElementDisplayed on session 94767bd63e8612de7894919956fa1e7b to remote] DEBUG org.asynchttpclient.netty.request.NettyRequestSender - Using pooled Channel '[id: 0xf08837e8, L:/127.0.0.1:59737 - R:localhost/127.0.0.1:49591]' for 'POST' to 'http://localhost:49591/session/94767bd63e8612de7894919956fa1e7b/execute/sync'
16:23:22.976 [Forwarding isElementDisplayed on session 94767bd63e8612de7894919956fa1e7b to remote] DEBUG org.asynchttpclient.netty.request.NettyRequestSender - Using open Channel [id: 0xf08837e8, L:/127.0.0.1:59737 - R:localhost/127.0.0.1:49591] for POST '/session/94767bd63e8612de7894919956fa1e7b/execute/sync'
16:23:22.991 [AsyncHttpClient-1-10] DEBUG org.asynchttpclient.netty.handler.HttpHandler - 

Request DefaultHttpRequest(decodeResult: success, version: HTTP/1.1)
POST /session/94767bd63e8612de7894919956fa1e7b/execute/sync HTTP/1.1
User-Agent: selenium/4.1.2 (java windows)
Content-Length: 48780
Content-Type: application/json; charset=utf-8
host: localhost:49591
accept: */*

Response DefaultHttpResponse(decodeResult: success, version: HTTP/1.1)
HTTP/1.1 200 OK
Content-Type: application/json; charset=utf-8
cache-control: no-cache
content-length: 14

16:23:22.991 [AsyncHttpClient-1-10] DEBUG org.asynchttpclient.netty.channel.ChannelManager - Adding key: http://localhost:49591 for channel [id: 0xf08837e8, L:/127.0.0.1:59737 - R:localhost/127.0.0.1:49591]
  &amp#27;[32mAnd &amp#27;[0m&amp#27;[32mI &amp#27;[0m&amp#27;[32m&amp#27;[1m"txtLegging"&amp#27;[0m&amp#27;[32m page&amp#27;[0m         &amp#27;[90m# starter.stepdefinitions.BabyStep.iPage(java.lang.String)&amp#27;[0m
16:23:23.001 [AsyncHttpClient-1-12] DEBUG org.asynchttpclient.netty.handler.WebSocketHandler - Channel Closed: [id: 0xd3c14b69, L:/127.0.0.1:59745 ! R:localhost/127.0.0.1:59738] with attribute NettyResponseFuture{currentRetry=5,
	isDone=1,
	isCancelled=0,
	asyncHandler=org.asynchttpclient.ws.WebSocketUpgradeHandler@29996333,
	nettyRequest=org.asynchttpclient.netty.request.NettyRequest@13c3590,
	future=java.util.concurrent.CompletableFuture@51092ce2[Completed normally],
	uri=ws://localhost:59738/devtools/browser/251ceaad-5f5d-4406-8480-761c28068103,
	keepAlive=true,
	redirectCount=0,
	timeoutsHolder=null,
	inAuth=0,
	touch=1680859395157}
16:23:23.001 [AsyncHttpClient-1-12] DEBUG org.asynchttpclient.netty.channel.ChannelManager - Closing Channel [id: 0xd3c14b69, L:/127.0.0.1:59745 ! R:localhost/127.0.0.1:59738] 
16:23:23.002 [Driver Command Executor] DEBUG org.asynchttpclient.netty.request.NettyRequestSender - Using pooled Channel '[id: 0xf08837e8, L:/127.0.0.1:59737 - R:localhost/127.0.0.1:49591]' for 'DELETE' to 'http://localhost:49591/session/94767bd63e8612de7894919956fa1e7b'
16:23:23.002 [Driver Command Executor] DEBUG org.asynchttpclient.netty.request.NettyRequestSender - Using open Channel [id: 0xf08837e8, L:/127.0.0.1:59737 - R:localhost/127.0.0.1:49591] for DELETE '/session/94767bd63e8612de7894919956fa1e7b'
16:23:23.033 [AsyncHttpClient-1-11] DEBUG org.asynchttpclient.netty.handler.HttpHandler - Unexpected I/O exception on channel [id: 0x580da5aa, L:/127.0.0.1:59744 - R:localhost/127.0.0.1:59738]
java.net.SocketException: Connection reset
	at java.base/sun.nio.ch.SocketChannelImpl.throwConnectionReset(SocketChannelImpl.java:345)
	at java.base/sun.nio.ch.SocketChannelImpl.read(SocketChannelImpl.java:376)
	at io.netty.buffer.PooledByteBuf.setBytes(PooledByteBuf.java:258)
	at io.netty.buffer.AbstractByteBuf.writeBytes(AbstractByteBuf.java:1132)
	at io.netty.channel.socket.nio.NioSocketChannel.doReadBytes(NioSocketChannel.java:350)
	at io.netty.channel.nio.AbstractNioByteChannel$NioByteUnsafe.read(AbstractNioByteChannel.java:151)
	at io.netty.channel.nio.NioEventLoop.processSelectedKey(NioEventLoop.java:722)
	at io.netty.channel.nio.NioEventLoop.processSelectedKeysOptimized(NioEventLoop.java:658)
	at io.netty.channel.nio.NioEventLoop.processSelectedKeys(NioEventLoop.java:584)
	at io.netty.channel.nio.NioEventLoop.run(NioEventLoop.java:496)
	at io.netty.util.concurrent.SingleThreadEventExecutor$4.run(SingleThreadEventExecutor.java:986)
	at io.netty.util.internal.ThreadExecutorMap$2.run(ThreadExecutorMap.java:74)
	at io.netty.util.concurrent.FastThreadLocalRunnable.run(FastThreadLocalRunnable.java:30)
	at java.base/java.lang.Thread.run(Thread.java:830)
16:23:23.033 [AsyncHttpClient-1-11] DEBUG org.asynchttpclient.netty.channel.ChannelManager - Closing Channel [id: 0x580da5aa, L:/127.0.0.1:59744 - R:localhost/127.0.0.1:59738] 
16:23:23.034 [AsyncHttpClient-1-11] DEBUG org.asynchttpclient.netty.handler.HttpHandler - Channel Closed: [id: 0x580da5aa, L:/127.0.0.1:59744 ! R:localhost/127.0.0.1:59738] with attribute DISCARD
16:23:23.064 [AsyncHttpClient-1-10] DEBUG org.asynchttpclient.netty.handler.HttpHandler - 

Request DefaultFullHttpRequest(decodeResult: success, version: HTTP/1.1, content: EmptyByteBufBE)
DELETE /session/94767bd63e8612de7894919956fa1e7b HTTP/1.1
User-Agent: selenium/4.1.2 (java windows)
Content-Type: application/json; charset=utf-8
host: localhost:49591
accept: */*

Response DefaultHttpResponse(decodeResult: success, version: HTTP/1.1)
HTTP/1.1 200 OK
Content-Type: application/json; charset=utf-8
cache-control: no-cache
content-length: 14

16:23:23.064 [AsyncHttpClient-1-10] DEBUG org.asynchttpclient.netty.channel.ChannelManager - Adding key: http://localhost:49591 for channel [id: 0xf08837e8, L:/127.0.0.1:59737 - R:localhost/127.0.0.1:49591]
16:23:23.065 [AsyncHttpClient-1-1] DEBUG org.asynchttpclient.netty.channel.DefaultChannelPool - Entry count for : http://localhost:49591 : 1
16:23:23.065 [AsyncHttpClient-1-1] DEBUG org.asynchttpclient.netty.channel.DefaultChannelPool - Entry count for : http://localhost:59738 : 1
16:23:23.065 [AsyncHttpClient-1-1] DEBUG org.asynchttpclient.netty.channel.DefaultChannelPool - Adding Candidate expired Channel [id: 0x580da5aa, L:/127.0.0.1:59744 ! R:localhost/127.0.0.1:59738] isIdleTimeoutExpired=false isRemotelyClosed=true isTtlExpired=false
16:23:23.065 [AsyncHttpClient-1-1] DEBUG org.asynchttpclient.netty.channel.DefaultChannelPool - Closing Idle Channel [id: 0x580da5aa, L:/127.0.0.1:59744 ! R:localhost/127.0.0.1:59738]
16:23:23.065 [AsyncHttpClient-1-1] DEBUG org.asynchttpclient.netty.channel.DefaultChannelPool - Closed 1 connections out of 2 in 0 ms
16:23:23.191 [AsyncHttpClient-1-10] DEBUG org.asynchttpclient.netty.handler.HttpHandler - Channel Closed: [id: 0xf08837e8, L:/127.0.0.1:59737 ! R:localhost/127.0.0.1:49591] with attribute DISCARD
]]></system-out>
    <system-err><![CDATA[Starting Microsoft Edge WebDriver 111.0.1661.62 (0a8f453929e6410c973aa529a40485ce4e3e03db) on port 49591
To submit feedback, report a bug, or suggest new features, please visit https://github.com/MicrosoftEdge/EdgeWebDriver

Only local connections are allowed.
Please see https://aka.ms/WebDriverSecurity for suggestions on keeping Microsoft Edge WebDriver safe.

Microsoft Edge WebDriver was started successfully.
Apr 07, 2023 4:23:15 PM org.openqa.selenium.remote.ProtocolHandshake createSession
INFO: Detected dialect: W3C
Apr 07, 2023 4:23:15 PM org.openqa.selenium.devtools.CdpVersionFinder findNearestMatch
WARNING: Unable to find an exact match for CDP version 111, so returning the closest version found: a no-op implementation
Apr 07, 2023 4:23:15 PM org.openqa.selenium.devtools.CdpVersionFinder findNearestMatch
INFO: Unable to find CDP implementation matching 111.
Apr 07, 2023 4:23:15 PM org.openqa.selenium.chromium.ChromiumDriver lambda$new$3
WARNING: Unable to find version of CDP to use for . You may need to include a dependency on a specific version of the CDP using something similar to `org.seleniumhq.selenium:selenium-devtools-v86:4.1.2` where the version ("v86") matches the version of the chromium-based browser you're using and the version number of the artifact is the same as Selenium's.
]]></system-err>
  </testcase>
  <testcase name="Fitur Menu Baby #10" classname="Baby" time="10.639">
    <system-out><![CDATA[
Scenario Outline: Fitur Menu Baby &amp#27;[90m# src/test/resources/features/Baby.feature:22&amp#27;[0m
16:23:23.790 [main] INFO io.cucumber.core.plugin.SerenityReporter - Running feature from file:///C:/Users/alwi/IdeaProjects/uniqloweb/src/test/resources/features/Baby.feature
16:23:23.907 [main] DEBUG io.github.bonigarcia.wdm.cache.ResolutionCache - Resolution edge=111 in cache (valid until 17:21:26 07/04/2023 WIB)
16:23:23.911 [main] DEBUG io.github.bonigarcia.wdm.cache.ResolutionCache - Resolution edge111=111.0.1661.62 in cache (valid until 15:02:35 08/04/2023 WIB)
16:23:23.913 [main] INFO io.github.bonigarcia.wdm.WebDriverManager - Using msedgedriver 111.0.1661.62 (resolved driver for Edge 111)
16:23:23.923 [main] DEBUG io.github.bonigarcia.wdm.WebDriverManager - Driver msedgedriver 111.0.1661.62 found in cache
16:23:23.924 [main] INFO io.github.bonigarcia.wdm.WebDriverManager - Exporting webdriver.edge.driver as C:\Users\alwi\.cache\selenium\msedgedriver\win64\111.0.1661.62\msedgedriver.exe
16:23:23.926 [main] DEBUG net.serenitybdd.core.webdriver.driverproviders.ProvideNewDriver - Instantiating driver
16:23:23.926 [main] DEBUG net.serenitybdd.core.webdriver.driverproviders.ProvideNewDriver - Driver capabilities: Capabilities {base.url: https://www.uniqlo.com, chrome.driver: src/test/resources/webdrive..., driver: edge, ms:edgeChromium: true, ms:edgeOptions: {}, wait.for.timeout: 6000}
16:23:24.165 [AsyncHttpClient-1-1] DEBUG org.asynchttpclient.netty.channel.DefaultChannelPool - Entry count for : http://localhost:49591 : 1
16:23:24.165 [AsyncHttpClient-1-1] DEBUG org.asynchttpclient.netty.channel.DefaultChannelPool - Adding Candidate expired Channel [id: 0xf08837e8, L:/127.0.0.1:59737 ! R:localhost/127.0.0.1:49591] isIdleTimeoutExpired=false isRemotelyClosed=true isTtlExpired=false
16:23:24.165 [AsyncHttpClient-1-1] DEBUG org.asynchttpclient.netty.channel.DefaultChannelPool - Closing Idle Channel [id: 0xf08837e8, L:/127.0.0.1:59737 ! R:localhost/127.0.0.1:49591]
16:23:24.165 [AsyncHttpClient-1-1] DEBUG org.asynchttpclient.netty.channel.DefaultChannelPool - Closed 1 connections out of 1 in 0 ms
16:23:24.451 [AsyncHttpClient-1-13] DEBUG org.asynchttpclient.netty.channel.NettyConnectListener - Using new Channel '[id: 0x72494619, L:/127.0.0.1:59830 - R:localhost/127.0.0.1:61120]' for 'POST' to '/session'
16:23:25.094 [AsyncHttpClient-1-13] DEBUG org.asynchttpclient.netty.handler.HttpHandler - 

Request DefaultHttpRequest(decodeResult: success, version: HTTP/1.1)
POST /session HTTP/1.1
User-Agent: selenium/4.1.2 (java windows)
Content-Length: 627
Content-Type: application/json; charset=utf-8
host: localhost:61120
accept: */*

Response DefaultHttpResponse(decodeResult: success, version: HTTP/1.1)
HTTP/1.1 200 OK
Content-Type: application/json; charset=utf-8
cache-control: no-cache
content-length: 823

16:23:25.094 [AsyncHttpClient-1-13] DEBUG org.asynchttpclient.netty.channel.ChannelManager - Adding key: http://localhost:61120 for channel [id: 0x72494619, L:/127.0.0.1:59830 - R:localhost/127.0.0.1:61120]
16:23:25.099 [AsyncHttpClient-1-14] DEBUG org.asynchttpclient.netty.channel.NettyConnectListener - Using new Channel '[id: 0xd1c6400c, L:/127.0.0.1:59838 - R:localhost/127.0.0.1:59831]' for 'GET' to '/json/version'
16:23:25.100 [AsyncHttpClient-1-14] DEBUG org.asynchttpclient.netty.handler.HttpHandler - 

Request DefaultFullHttpRequest(decodeResult: success, version: HTTP/1.1, content: EmptyByteBufBE)
GET /json/version HTTP/1.1
User-Agent: selenium/4.1.2 (java windows)
host: localhost:59831
accept: */*

Response DefaultHttpResponse(decodeResult: success, version: HTTP/1.1)
HTTP/1.1 200 OK
Content-Security-Policy: frame-ancestors 'none'
Content-Type: application/json; charset=UTF-8
content-length: 436

16:23:25.100 [AsyncHttpClient-1-14] DEBUG org.asynchttpclient.netty.channel.ChannelManager - Adding key: http://localhost:59831 for channel [id: 0xd1c6400c, L:/127.0.0.1:59838 - R:localhost/127.0.0.1:59831]
16:23:25.102 [AsyncHttpClient-1-15] DEBUG org.asynchttpclient.netty.channel.NettyConnectListener - Using new Channel '[id: 0xc32089a6, L:/127.0.0.1:59839 - R:localhost/127.0.0.1:59831]' for 'GET' to '/devtools/browser/2fc08e94-22a0-4e2f-966c-5bd60e6de9d4'
16:23:25.102 [AsyncHttpClient-1-15] DEBUG org.asynchttpclient.netty.handler.WebSocketHandler - 

Request DefaultFullHttpRequest(decodeResult: success, version: HTTP/1.1, content: EmptyByteBufBE)
GET /devtools/browser/2fc08e94-22a0-4e2f-966c-5bd60e6de9d4 HTTP/1.1
upgrade: websocket
connection: upgrade
sec-websocket-key: 35+zazfy5sEefvA9fA7BRw==
sec-websocket-version: 13
origin: http://localhost:59831
host: localhost:59831
accept: */*
user-agent: AHC/2.1

Response DefaultHttpResponse(decodeResult: success, version: HTTP/1.1)
HTTP/1.1 101 WebSocket Protocol Handshake
Upgrade: WebSocket
Connection: Upgrade
Sec-WebSocket-Accept: b3mC2thLw3CkGU8MNj6ZPGyOjkY=

16:23:25.107 [Forwarding get on session f006b0216d153563bb1dd288b50bfee0 to remote] DEBUG org.asynchttpclient.netty.request.NettyRequestSender - Using pooled Channel '[id: 0x72494619, L:/127.0.0.1:59830 - R:localhost/127.0.0.1:61120]' for 'POST' to 'http://localhost:61120/session/f006b0216d153563bb1dd288b50bfee0/url'
16:23:25.107 [Forwarding get on session f006b0216d153563bb1dd288b50bfee0 to remote] DEBUG org.asynchttpclient.netty.request.NettyRequestSender - Using open Channel [id: 0x72494619, L:/127.0.0.1:59830 - R:localhost/127.0.0.1:61120] for POST '/session/f006b0216d153563bb1dd288b50bfee0/url'
16:23:25.267 [AsyncHttpClient-1-1] DEBUG org.asynchttpclient.netty.channel.DefaultChannelPool - Entry count for : http://localhost:59831 : 1
16:23:26.368 [AsyncHttpClient-1-1] DEBUG org.asynchttpclient.netty.channel.DefaultChannelPool - Entry count for : http://localhost:59831 : 1
16:23:27.467 [AsyncHttpClient-1-1] DEBUG org.asynchttpclient.netty.channel.DefaultChannelPool - Entry count for : http://localhost:59831 : 1
16:23:28.570 [AsyncHttpClient-1-1] DEBUG org.asynchttpclient.netty.channel.DefaultChannelPool - Entry count for : http://localhost:59831 : 1
16:23:29.666 [AsyncHttpClient-1-1] DEBUG org.asynchttpclient.netty.channel.DefaultChannelPool - Entry count for : http://localhost:59831 : 1
16:23:30.767 [AsyncHttpClient-1-1] DEBUG org.asynchttpclient.netty.channel.DefaultChannelPool - Entry count for : http://localhost:59831 : 1
16:23:30.820 [AsyncHttpClient-1-13] DEBUG org.asynchttpclient.netty.handler.HttpHandler - 

Request DefaultHttpRequest(decodeResult: success, version: HTTP/1.1)
POST /session/f006b0216d153563bb1dd288b50bfee0/url HTTP/1.1
User-Agent: selenium/4.1.2 (java windows)
Content-Length: 53
Content-Type: application/json; charset=utf-8
host: localhost:61120
accept: */*

Response DefaultHttpResponse(decodeResult: success, version: HTTP/1.1)
HTTP/1.1 200 OK
Content-Type: application/json; charset=utf-8
cache-control: no-cache
content-length: 14

16:23:30.820 [AsyncHttpClient-1-13] DEBUG org.asynchttpclient.netty.channel.ChannelManager - Adding key: http://localhost:61120 for channel [id: 0x72494619, L:/127.0.0.1:59830 - R:localhost/127.0.0.1:61120]
16:23:30.822 [Forwarding setTimeout on session f006b0216d153563bb1dd288b50bfee0 to remote] DEBUG org.asynchttpclient.netty.request.NettyRequestSender - Using pooled Channel '[id: 0x72494619, L:/127.0.0.1:59830 - R:localhost/127.0.0.1:61120]' for 'POST' to 'http://localhost:61120/session/f006b0216d153563bb1dd288b50bfee0/timeouts'
16:23:30.822 [Forwarding setTimeout on session f006b0216d153563bb1dd288b50bfee0 to remote] DEBUG org.asynchttpclient.netty.request.NettyRequestSender - Using open Channel [id: 0x72494619, L:/127.0.0.1:59830 - R:localhost/127.0.0.1:61120] for POST '/session/f006b0216d153563bb1dd288b50bfee0/timeouts'
16:23:30.823 [AsyncHttpClient-1-13] DEBUG org.asynchttpclient.netty.handler.HttpHandler - 

Request DefaultHttpRequest(decodeResult: success, version: HTTP/1.1)
POST /session/f006b0216d153563bb1dd288b50bfee0/timeouts HTTP/1.1
User-Agent: selenium/4.1.2 (java windows)
Content-Length: 22
Content-Type: application/json; charset=utf-8
host: localhost:61120
accept: */*

Response DefaultHttpResponse(decodeResult: success, version: HTTP/1.1)
HTTP/1.1 200 OK
Content-Type: application/json; charset=utf-8
cache-control: no-cache
content-length: 14

16:23:30.823 [AsyncHttpClient-1-13] DEBUG org.asynchttpclient.netty.channel.ChannelManager - Adding key: http://localhost:61120 for channel [id: 0x72494619, L:/127.0.0.1:59830 - R:localhost/127.0.0.1:61120]
16:23:30.825 [Forwarding getCurrentUrl on session f006b0216d153563bb1dd288b50bfee0 to remote] DEBUG org.asynchttpclient.netty.request.NettyRequestSender - Using pooled Channel '[id: 0x72494619, L:/127.0.0.1:59830 - R:localhost/127.0.0.1:61120]' for 'GET' to 'http://localhost:61120/session/f006b0216d153563bb1dd288b50bfee0/url'
16:23:30.825 [Forwarding getCurrentUrl on session f006b0216d153563bb1dd288b50bfee0 to remote] DEBUG org.asynchttpclient.netty.request.NettyRequestSender - Using open Channel [id: 0x72494619, L:/127.0.0.1:59830 - R:localhost/127.0.0.1:61120] for GET '/session/f006b0216d153563bb1dd288b50bfee0/url'
16:23:30.829 [AsyncHttpClient-1-13] DEBUG org.asynchttpclient.netty.handler.HttpHandler - 

Request DefaultFullHttpRequest(decodeResult: success, version: HTTP/1.1, content: EmptyByteBufBE)
GET /session/f006b0216d153563bb1dd288b50bfee0/url HTTP/1.1
User-Agent: selenium/4.1.2 (java windows)
Cache-Control: no-cache
Content-Type: application/json; charset=utf-8
host: localhost:61120
accept: */*

Response DefaultHttpResponse(decodeResult: success, version: HTTP/1.1)
HTTP/1.1 200 OK
Content-Type: application/json; charset=utf-8
cache-control: no-cache
content-length: 41

16:23:30.829 [AsyncHttpClient-1-13] DEBUG org.asynchttpclient.netty.channel.ChannelManager - Adding key: http://localhost:61120 for channel [id: 0x72494619, L:/127.0.0.1:59830 - R:localhost/127.0.0.1:61120]
  &amp#27;[32mGiven &amp#27;[0m&amp#27;[32mI am on the home page&amp#27;[0m     &amp#27;[90m# starter.stepdefinitions.BabyStep.iAmOnTheHomePage()&amp#27;[0m
16:23:30.838 [Forwarding screenshot on session f006b0216d153563bb1dd288b50bfee0 to remote] DEBUG org.asynchttpclient.netty.request.NettyRequestSender - Using pooled Channel '[id: 0x72494619, L:/127.0.0.1:59830 - R:localhost/127.0.0.1:61120]' for 'GET' to 'http://localhost:61120/session/f006b0216d153563bb1dd288b50bfee0/screenshot'
16:23:30.838 [Forwarding screenshot on session f006b0216d153563bb1dd288b50bfee0 to remote] DEBUG org.asynchttpclient.netty.request.NettyRequestSender - Using open Channel [id: 0x72494619, L:/127.0.0.1:59830 - R:localhost/127.0.0.1:61120] for GET '/session/f006b0216d153563bb1dd288b50bfee0/screenshot'
16:23:31.161 [AsyncHttpClient-1-13] DEBUG org.asynchttpclient.netty.handler.HttpHandler - 

Request DefaultFullHttpRequest(decodeResult: success, version: HTTP/1.1, content: EmptyByteBufBE)
GET /session/f006b0216d153563bb1dd288b50bfee0/screenshot HTTP/1.1
User-Agent: selenium/4.1.2 (java windows)
Cache-Control: no-cache
Content-Type: application/json; charset=utf-8
host: localhost:61120
accept: */*

Response DefaultHttpResponse(decodeResult: success, version: HTTP/1.1)
HTTP/1.1 200 OK
Content-Type: application/json; charset=utf-8
cache-control: no-cache
content-length: 1022316

16:23:31.164 [AsyncHttpClient-1-13] DEBUG org.asynchttpclient.netty.channel.ChannelManager - Adding key: http://localhost:61120 for channel [id: 0x72494619, L:/127.0.0.1:59830 - R:localhost/127.0.0.1:61120]
16:23:31.195 [main] DEBUG net.serenitybdd.core.photography.Darkroom - Send negative for processing for target\site\serenity\b0ddf3608b8f51a6a3adc36e4acd901b7a2c5b7adc6fd42a924a7c7a6358c0ea.png
16:23:31.209 [Forwarding findElement on session f006b0216d153563bb1dd288b50bfee0 to remote] DEBUG org.asynchttpclient.netty.request.NettyRequestSender - Using pooled Channel '[id: 0x72494619, L:/127.0.0.1:59830 - R:localhost/127.0.0.1:61120]' for 'POST' to 'http://localhost:61120/session/f006b0216d153563bb1dd288b50bfee0/element'
16:23:31.209 [Forwarding findElement on session f006b0216d153563bb1dd288b50bfee0 to remote] DEBUG org.asynchttpclient.netty.request.NettyRequestSender - Using open Channel [id: 0x72494619, L:/127.0.0.1:59830 - R:localhost/127.0.0.1:61120] for POST '/session/f006b0216d153563bb1dd288b50bfee0/element'
16:23:31.223 [AsyncHttpClient-1-13] DEBUG org.asynchttpclient.netty.handler.HttpHandler - 

Request DefaultHttpRequest(decodeResult: success, version: HTTP/1.1)
POST /session/f006b0216d153563bb1dd288b50bfee0/element HTTP/1.1
User-Agent: selenium/4.1.2 (java windows)
Content-Length: 81
Content-Type: application/json; charset=utf-8
host: localhost:61120
accept: */*

Response DefaultHttpResponse(decodeResult: success, version: HTTP/1.1)
HTTP/1.1 200 OK
Content-Type: application/json; charset=utf-8
cache-control: no-cache
content-length: 88

16:23:31.223 [AsyncHttpClient-1-13] DEBUG org.asynchttpclient.netty.channel.ChannelManager - Adding key: http://localhost:61120 for channel [id: 0x72494619, L:/127.0.0.1:59830 - R:localhost/127.0.0.1:61120]
16:23:31.224 [Forwarding getElementTagName on session f006b0216d153563bb1dd288b50bfee0 to remote] DEBUG org.asynchttpclient.netty.request.NettyRequestSender - Using pooled Channel '[id: 0x72494619, L:/127.0.0.1:59830 - R:localhost/127.0.0.1:61120]' for 'GET' to 'http://localhost:61120/session/f006b0216d153563bb1dd288b50bfee0/element/82fc1ca3-36f7-4813-a938-963b1167a0b3/name'
16:23:31.224 [Forwarding getElementTagName on session f006b0216d153563bb1dd288b50bfee0 to remote] DEBUG org.asynchttpclient.netty.request.NettyRequestSender - Using open Channel [id: 0x72494619, L:/127.0.0.1:59830 - R:localhost/127.0.0.1:61120] for GET '/session/f006b0216d153563bb1dd288b50bfee0/element/82fc1ca3-36f7-4813-a938-963b1167a0b3/name'
16:23:31.228 [AsyncHttpClient-1-13] DEBUG org.asynchttpclient.netty.handler.HttpHandler - 

Request DefaultFullHttpRequest(decodeResult: success, version: HTTP/1.1, content: EmptyByteBufBE)
GET /session/f006b0216d153563bb1dd288b50bfee0/element/82fc1ca3-36f7-4813-a938-963b1167a0b3/name HTTP/1.1
User-Agent: selenium/4.1.2 (java windows)
Cache-Control: no-cache
Content-Type: application/json; charset=utf-8
host: localhost:61120
accept: */*

Response DefaultHttpResponse(decodeResult: success, version: HTTP/1.1)
HTTP/1.1 200 OK
Content-Type: application/json; charset=utf-8
cache-control: no-cache
content-length: 16

16:23:31.228 [AsyncHttpClient-1-13] DEBUG org.asynchttpclient.netty.channel.ChannelManager - Adding key: http://localhost:61120 for channel [id: 0x72494619, L:/127.0.0.1:59830 - R:localhost/127.0.0.1:61120]
16:23:31.230 [Forwarding getElementTagName on session f006b0216d153563bb1dd288b50bfee0 to remote] DEBUG org.asynchttpclient.netty.request.NettyRequestSender - Using pooled Channel '[id: 0x72494619, L:/127.0.0.1:59830 - R:localhost/127.0.0.1:61120]' for 'GET' to 'http://localhost:61120/session/f006b0216d153563bb1dd288b50bfee0/element/82fc1ca3-36f7-4813-a938-963b1167a0b3/name'
16:23:31.230 [Forwarding getElementTagName on session f006b0216d153563bb1dd288b50bfee0 to remote] DEBUG org.asynchttpclient.netty.request.NettyRequestSender - Using open Channel [id: 0x72494619, L:/127.0.0.1:59830 - R:localhost/127.0.0.1:61120] for GET '/session/f006b0216d153563bb1dd288b50bfee0/element/82fc1ca3-36f7-4813-a938-963b1167a0b3/name'
16:23:31.232 [AsyncHttpClient-1-13] DEBUG org.asynchttpclient.netty.handler.HttpHandler - 

Request DefaultFullHttpRequest(decodeResult: success, version: HTTP/1.1, content: EmptyByteBufBE)
GET /session/f006b0216d153563bb1dd288b50bfee0/element/82fc1ca3-36f7-4813-a938-963b1167a0b3/name HTTP/1.1
User-Agent: selenium/4.1.2 (java windows)
Cache-Control: no-cache
Content-Type: application/json; charset=utf-8
host: localhost:61120
accept: */*

Response DefaultHttpResponse(decodeResult: success, version: HTTP/1.1)
HTTP/1.1 200 OK
Content-Type: application/json; charset=utf-8
cache-control: no-cache
content-length: 16

16:23:31.233 [AsyncHttpClient-1-13] DEBUG org.asynchttpclient.netty.channel.ChannelManager - Adding key: http://localhost:61120 for channel [id: 0x72494619, L:/127.0.0.1:59830 - R:localhost/127.0.0.1:61120]
16:23:31.235 [Forwarding findElement on session f006b0216d153563bb1dd288b50bfee0 to remote] DEBUG org.asynchttpclient.netty.request.NettyRequestSender - Using pooled Channel '[id: 0x72494619, L:/127.0.0.1:59830 - R:localhost/127.0.0.1:61120]' for 'POST' to 'http://localhost:61120/session/f006b0216d153563bb1dd288b50bfee0/element'
16:23:31.235 [Forwarding findElement on session f006b0216d153563bb1dd288b50bfee0 to remote] DEBUG org.asynchttpclient.netty.request.NettyRequestSender - Using open Channel [id: 0x72494619, L:/127.0.0.1:59830 - R:localhost/127.0.0.1:61120] for POST '/session/f006b0216d153563bb1dd288b50bfee0/element'
16:23:31.241 [AsyncHttpClient-1-13] DEBUG org.asynchttpclient.netty.handler.HttpHandler - 

Request DefaultHttpRequest(decodeResult: success, version: HTTP/1.1)
POST /session/f006b0216d153563bb1dd288b50bfee0/element HTTP/1.1
User-Agent: selenium/4.1.2 (java windows)
Content-Length: 81
Content-Type: application/json; charset=utf-8
host: localhost:61120
accept: */*

Response DefaultHttpResponse(decodeResult: success, version: HTTP/1.1)
HTTP/1.1 200 OK
Content-Type: application/json; charset=utf-8
cache-control: no-cache
content-length: 88

16:23:31.241 [AsyncHttpClient-1-13] DEBUG org.asynchttpclient.netty.channel.ChannelManager - Adding key: http://localhost:61120 for channel [id: 0x72494619, L:/127.0.0.1:59830 - R:localhost/127.0.0.1:61120]
16:23:31.243 [Forwarding clickElement on session f006b0216d153563bb1dd288b50bfee0 to remote] DEBUG org.asynchttpclient.netty.request.NettyRequestSender - Using pooled Channel '[id: 0x72494619, L:/127.0.0.1:59830 - R:localhost/127.0.0.1:61120]' for 'POST' to 'http://localhost:61120/session/f006b0216d153563bb1dd288b50bfee0/element/82fc1ca3-36f7-4813-a938-963b1167a0b3/click'
16:23:31.243 [Forwarding clickElement on session f006b0216d153563bb1dd288b50bfee0 to remote] DEBUG org.asynchttpclient.netty.request.NettyRequestSender - Using open Channel [id: 0x72494619, L:/127.0.0.1:59830 - R:localhost/127.0.0.1:61120] for POST '/session/f006b0216d153563bb1dd288b50bfee0/element/82fc1ca3-36f7-4813-a938-963b1167a0b3/click'
16:23:31.687 [AsyncHttpClient-1-13] DEBUG org.asynchttpclient.netty.handler.HttpHandler - 

Request DefaultHttpRequest(decodeResult: success, version: HTTP/1.1)
POST /session/f006b0216d153563bb1dd288b50bfee0/element/82fc1ca3-36f7-4813-a938-963b1167a0b3/click HTTP/1.1
User-Agent: selenium/4.1.2 (java windows)
Content-Length: 50
Content-Type: application/json; charset=utf-8
host: localhost:61120
accept: */*

Response DefaultHttpResponse(decodeResult: success, version: HTTP/1.1)
HTTP/1.1 200 OK
Content-Type: application/json; charset=utf-8
cache-control: no-cache
content-length: 14

16:23:31.687 [AsyncHttpClient-1-13] DEBUG org.asynchttpclient.netty.channel.ChannelManager - Adding key: http://localhost:61120 for channel [id: 0x72494619, L:/127.0.0.1:59830 - R:localhost/127.0.0.1:61120]
  &amp#27;[32mThen &amp#27;[0m&amp#27;[32mI click baby on the header&amp#27;[0m &amp#27;[90m# starter.stepdefinitions.BabyStep.iClickBabyOnTheHeader()&amp#27;[0m
16:23:31.697 [Forwarding screenshot on session f006b0216d153563bb1dd288b50bfee0 to remote] DEBUG org.asynchttpclient.netty.request.NettyRequestSender - Using pooled Channel '[id: 0x72494619, L:/127.0.0.1:59830 - R:localhost/127.0.0.1:61120]' for 'GET' to 'http://localhost:61120/session/f006b0216d153563bb1dd288b50bfee0/screenshot'
16:23:31.697 [Forwarding screenshot on session f006b0216d153563bb1dd288b50bfee0 to remote] DEBUG org.asynchttpclient.netty.request.NettyRequestSender - Using open Channel [id: 0x72494619, L:/127.0.0.1:59830 - R:localhost/127.0.0.1:61120] for GET '/session/f006b0216d153563bb1dd288b50bfee0/screenshot'
16:23:31.865 [AsyncHttpClient-1-1] DEBUG org.asynchttpclient.netty.channel.DefaultChannelPool - Entry count for : http://localhost:59831 : 1
16:23:32.069 [AsyncHttpClient-1-13] DEBUG org.asynchttpclient.netty.handler.HttpHandler - 

Request DefaultFullHttpRequest(decodeResult: success, version: HTTP/1.1, content: EmptyByteBufBE)
GET /session/f006b0216d153563bb1dd288b50bfee0/screenshot HTTP/1.1
User-Agent: selenium/4.1.2 (java windows)
Cache-Control: no-cache
Content-Type: application/json; charset=utf-8
host: localhost:61120
accept: */*

Response DefaultHttpResponse(decodeResult: success, version: HTTP/1.1)
HTTP/1.1 200 OK
Content-Type: application/json; charset=utf-8
cache-control: no-cache
content-length: 62460

16:23:32.069 [AsyncHttpClient-1-13] DEBUG org.asynchttpclient.netty.channel.ChannelManager - Adding key: http://localhost:61120 for channel [id: 0x72494619, L:/127.0.0.1:59830 - R:localhost/127.0.0.1:61120]
16:23:32.073 [main] DEBUG net.serenitybdd.core.photography.Darkroom - Send negative for processing for target\site\serenity\8d0ec163221ebb3a2781fa99e4c9a3709c20f3cb5fda4d9fa94f2bb9f0427f64.png
16:23:32.074 [Darkroom Processing Line] DEBUG net.serenitybdd.core.photography.DarkroomProcessingLine - Processing screenshot image in /var/screenshots/screenshot-10418979532100685858
16:23:32.074 [Darkroom Processing Line] DEBUG net.serenitybdd.core.photography.DarkroomProcessingLine - Saving screenshot to target\site\serenity\8d0ec163221ebb3a2781fa99e4c9a3709c20f3cb5fda4d9fa94f2bb9f0427f64.png
16:23:32.087 [Forwarding findElement on session f006b0216d153563bb1dd288b50bfee0 to remote] DEBUG org.asynchttpclient.netty.request.NettyRequestSender - Using pooled Channel '[id: 0x72494619, L:/127.0.0.1:59830 - R:localhost/127.0.0.1:61120]' for 'POST' to 'http://localhost:61120/session/f006b0216d153563bb1dd288b50bfee0/element'
16:23:32.088 [Forwarding findElement on session f006b0216d153563bb1dd288b50bfee0 to remote] DEBUG org.asynchttpclient.netty.request.NettyRequestSender - Using open Channel [id: 0x72494619, L:/127.0.0.1:59830 - R:localhost/127.0.0.1:61120] for POST '/session/f006b0216d153563bb1dd288b50bfee0/element'
16:23:32.384 [AsyncHttpClient-1-13] DEBUG org.asynchttpclient.netty.handler.HttpHandler - 

Request DefaultHttpRequest(decodeResult: success, version: HTTP/1.1)
POST /session/f006b0216d153563bb1dd288b50bfee0/element HTTP/1.1
User-Agent: selenium/4.1.2 (java windows)
Content-Length: 117
Content-Type: application/json; charset=utf-8
host: localhost:61120
accept: */*

Response DefaultHttpResponse(decodeResult: success, version: HTTP/1.1)
HTTP/1.1 200 OK
Content-Type: application/json; charset=utf-8
cache-control: no-cache
content-length: 88

16:23:32.384 [AsyncHttpClient-1-13] DEBUG org.asynchttpclient.netty.channel.ChannelManager - Adding key: http://localhost:61120 for channel [id: 0x72494619, L:/127.0.0.1:59830 - R:localhost/127.0.0.1:61120]
16:23:32.386 [Forwarding getElementTagName on session f006b0216d153563bb1dd288b50bfee0 to remote] DEBUG org.asynchttpclient.netty.request.NettyRequestSender - Using pooled Channel '[id: 0x72494619, L:/127.0.0.1:59830 - R:localhost/127.0.0.1:61120]' for 'GET' to 'http://localhost:61120/session/f006b0216d153563bb1dd288b50bfee0/element/20d3d59a-3bc1-47e8-a25d-8d53cd0c89db/name'
16:23:32.386 [Forwarding getElementTagName on session f006b0216d153563bb1dd288b50bfee0 to remote] DEBUG org.asynchttpclient.netty.request.NettyRequestSender - Using open Channel [id: 0x72494619, L:/127.0.0.1:59830 - R:localhost/127.0.0.1:61120] for GET '/session/f006b0216d153563bb1dd288b50bfee0/element/20d3d59a-3bc1-47e8-a25d-8d53cd0c89db/name'
16:23:32.391 [AsyncHttpClient-1-13] DEBUG org.asynchttpclient.netty.handler.HttpHandler - 

Request DefaultFullHttpRequest(decodeResult: success, version: HTTP/1.1, content: EmptyByteBufBE)
GET /session/f006b0216d153563bb1dd288b50bfee0/element/20d3d59a-3bc1-47e8-a25d-8d53cd0c89db/name HTTP/1.1
User-Agent: selenium/4.1.2 (java windows)
Cache-Control: no-cache
Content-Type: application/json; charset=utf-8
host: localhost:61120
accept: */*

Response DefaultHttpResponse(decodeResult: success, version: HTTP/1.1)
HTTP/1.1 200 OK
Content-Type: application/json; charset=utf-8
cache-control: no-cache
content-length: 16

16:23:32.391 [AsyncHttpClient-1-13] DEBUG org.asynchttpclient.netty.channel.ChannelManager - Adding key: http://localhost:61120 for channel [id: 0x72494619, L:/127.0.0.1:59830 - R:localhost/127.0.0.1:61120]
16:23:32.393 [Forwarding getElementTagName on session f006b0216d153563bb1dd288b50bfee0 to remote] DEBUG org.asynchttpclient.netty.request.NettyRequestSender - Using pooled Channel '[id: 0x72494619, L:/127.0.0.1:59830 - R:localhost/127.0.0.1:61120]' for 'GET' to 'http://localhost:61120/session/f006b0216d153563bb1dd288b50bfee0/element/20d3d59a-3bc1-47e8-a25d-8d53cd0c89db/name'
16:23:32.393 [Forwarding getElementTagName on session f006b0216d153563bb1dd288b50bfee0 to remote] DEBUG org.asynchttpclient.netty.request.NettyRequestSender - Using open Channel [id: 0x72494619, L:/127.0.0.1:59830 - R:localhost/127.0.0.1:61120] for GET '/session/f006b0216d153563bb1dd288b50bfee0/element/20d3d59a-3bc1-47e8-a25d-8d53cd0c89db/name'
16:23:32.397 [AsyncHttpClient-1-13] DEBUG org.asynchttpclient.netty.handler.HttpHandler - 

Request DefaultFullHttpRequest(decodeResult: success, version: HTTP/1.1, content: EmptyByteBufBE)
GET /session/f006b0216d153563bb1dd288b50bfee0/element/20d3d59a-3bc1-47e8-a25d-8d53cd0c89db/name HTTP/1.1
User-Agent: selenium/4.1.2 (java windows)
Cache-Control: no-cache
Content-Type: application/json; charset=utf-8
host: localhost:61120
accept: */*

Response DefaultHttpResponse(decodeResult: success, version: HTTP/1.1)
HTTP/1.1 200 OK
Content-Type: application/json; charset=utf-8
cache-control: no-cache
content-length: 16

16:23:32.397 [AsyncHttpClient-1-13] DEBUG org.asynchttpclient.netty.channel.ChannelManager - Adding key: http://localhost:61120 for channel [id: 0x72494619, L:/127.0.0.1:59830 - R:localhost/127.0.0.1:61120]
16:23:32.401 [Forwarding findElement on session f006b0216d153563bb1dd288b50bfee0 to remote] DEBUG org.asynchttpclient.netty.request.NettyRequestSender - Using pooled Channel '[id: 0x72494619, L:/127.0.0.1:59830 - R:localhost/127.0.0.1:61120]' for 'POST' to 'http://localhost:61120/session/f006b0216d153563bb1dd288b50bfee0/element'
16:23:32.402 [Forwarding findElement on session f006b0216d153563bb1dd288b50bfee0 to remote] DEBUG org.asynchttpclient.netty.request.NettyRequestSender - Using open Channel [id: 0x72494619, L:/127.0.0.1:59830 - R:localhost/127.0.0.1:61120] for POST '/session/f006b0216d153563bb1dd288b50bfee0/element'
16:23:32.415 [AsyncHttpClient-1-13] DEBUG org.asynchttpclient.netty.handler.HttpHandler - 

Request DefaultHttpRequest(decodeResult: success, version: HTTP/1.1)
POST /session/f006b0216d153563bb1dd288b50bfee0/element HTTP/1.1
User-Agent: selenium/4.1.2 (java windows)
Content-Length: 117
Content-Type: application/json; charset=utf-8
host: localhost:61120
accept: */*

Response DefaultHttpResponse(decodeResult: success, version: HTTP/1.1)
HTTP/1.1 200 OK
Content-Type: application/json; charset=utf-8
cache-control: no-cache
content-length: 88

16:23:32.415 [AsyncHttpClient-1-13] DEBUG org.asynchttpclient.netty.channel.ChannelManager - Adding key: http://localhost:61120 for channel [id: 0x72494619, L:/127.0.0.1:59830 - R:localhost/127.0.0.1:61120]
16:23:32.417 [Forwarding clickElement on session f006b0216d153563bb1dd288b50bfee0 to remote] DEBUG org.asynchttpclient.netty.request.NettyRequestSender - Using pooled Channel '[id: 0x72494619, L:/127.0.0.1:59830 - R:localhost/127.0.0.1:61120]' for 'POST' to 'http://localhost:61120/session/f006b0216d153563bb1dd288b50bfee0/element/20d3d59a-3bc1-47e8-a25d-8d53cd0c89db/click'
16:23:32.417 [Forwarding clickElement on session f006b0216d153563bb1dd288b50bfee0 to remote] DEBUG org.asynchttpclient.netty.request.NettyRequestSender - Using open Channel [id: 0x72494619, L:/127.0.0.1:59830 - R:localhost/127.0.0.1:61120] for POST '/session/f006b0216d153563bb1dd288b50bfee0/element/20d3d59a-3bc1-47e8-a25d-8d53cd0c89db/click'
16:23:32.671 [AsyncHttpClient-1-13] DEBUG org.asynchttpclient.netty.handler.HttpHandler - 

Request DefaultHttpRequest(decodeResult: success, version: HTTP/1.1)
POST /session/f006b0216d153563bb1dd288b50bfee0/element/20d3d59a-3bc1-47e8-a25d-8d53cd0c89db/click HTTP/1.1
User-Agent: selenium/4.1.2 (java windows)
Content-Length: 50
Content-Type: application/json; charset=utf-8
host: localhost:61120
accept: */*

Response DefaultHttpResponse(decodeResult: success, version: HTTP/1.1)
HTTP/1.1 200 OK
Content-Type: application/json; charset=utf-8
cache-control: no-cache
content-length: 14

16:23:32.671 [AsyncHttpClient-1-13] DEBUG org.asynchttpclient.netty.channel.ChannelManager - Adding key: http://localhost:61120 for channel [id: 0x72494619, L:/127.0.0.1:59830 - R:localhost/127.0.0.1:61120]
  &amp#27;[32mWhen &amp#27;[0m&amp#27;[32mI will go to &amp#27;[0m&amp#27;[32m&amp#27;[1m"UT1"&amp#27;[0m         &amp#27;[90m# starter.stepdefinitions.BabyStep.iWillGoTo(java.lang.String)&amp#27;[0m
16:23:32.681 [Forwarding screenshot on session f006b0216d153563bb1dd288b50bfee0 to remote] DEBUG org.asynchttpclient.netty.request.NettyRequestSender - Using pooled Channel '[id: 0x72494619, L:/127.0.0.1:59830 - R:localhost/127.0.0.1:61120]' for 'GET' to 'http://localhost:61120/session/f006b0216d153563bb1dd288b50bfee0/screenshot'
16:23:32.681 [Forwarding screenshot on session f006b0216d153563bb1dd288b50bfee0 to remote] DEBUG org.asynchttpclient.netty.request.NettyRequestSender - Using open Channel [id: 0x72494619, L:/127.0.0.1:59830 - R:localhost/127.0.0.1:61120] for GET '/session/f006b0216d153563bb1dd288b50bfee0/screenshot'
16:23:32.790 [AsyncHttpClient-1-13] DEBUG org.asynchttpclient.netty.handler.HttpHandler - 

Request DefaultFullHttpRequest(decodeResult: success, version: HTTP/1.1, content: EmptyByteBufBE)
GET /session/f006b0216d153563bb1dd288b50bfee0/screenshot HTTP/1.1
User-Agent: selenium/4.1.2 (java windows)
Cache-Control: no-cache
Content-Type: application/json; charset=utf-8
host: localhost:61120
accept: */*

Response DefaultHttpResponse(decodeResult: success, version: HTTP/1.1)
HTTP/1.1 200 OK
Content-Type: application/json; charset=utf-8
cache-control: no-cache
content-length: 88772

16:23:32.791 [AsyncHttpClient-1-13] DEBUG org.asynchttpclient.netty.channel.ChannelManager - Adding key: http://localhost:61120 for channel [id: 0x72494619, L:/127.0.0.1:59830 - R:localhost/127.0.0.1:61120]
16:23:32.794 [main] DEBUG net.serenitybdd.core.photography.Darkroom - Send negative for processing for target\site\serenity\9ec1ebba88cd9b7339ae3362c4e77b904bd344a7d9f2c76377a0fb8248c4a3dd.png
16:23:32.794 [Darkroom Processing Line] DEBUG net.serenitybdd.core.photography.DarkroomProcessingLine - Processing screenshot image in /var/screenshots/screenshot-10377984283691319815
16:23:32.794 [Darkroom Processing Line] DEBUG net.serenitybdd.core.photography.DarkroomProcessingLine - Saving screenshot to target\site\serenity\9ec1ebba88cd9b7339ae3362c4e77b904bd344a7d9f2c76377a0fb8248c4a3dd.png
16:23:32.802 [Forwarding findElement on session f006b0216d153563bb1dd288b50bfee0 to remote] DEBUG org.asynchttpclient.netty.request.NettyRequestSender - Using pooled Channel '[id: 0x72494619, L:/127.0.0.1:59830 - R:localhost/127.0.0.1:61120]' for 'POST' to 'http://localhost:61120/session/f006b0216d153563bb1dd288b50bfee0/element'
16:23:32.802 [Forwarding findElement on session f006b0216d153563bb1dd288b50bfee0 to remote] DEBUG org.asynchttpclient.netty.request.NettyRequestSender - Using open Channel [id: 0x72494619, L:/127.0.0.1:59830 - R:localhost/127.0.0.1:61120] for POST '/session/f006b0216d153563bb1dd288b50bfee0/element'
16:23:32.970 [AsyncHttpClient-1-1] DEBUG org.asynchttpclient.netty.channel.DefaultChannelPool - Entry count for : http://localhost:59831 : 1
16:23:33.376 [AsyncHttpClient-1-13] DEBUG org.asynchttpclient.netty.handler.HttpHandler - 

Request DefaultHttpRequest(decodeResult: success, version: HTTP/1.1)
POST /session/f006b0216d153563bb1dd288b50bfee0/element HTTP/1.1
User-Agent: selenium/4.1.2 (java windows)
Content-Length: 101
Content-Type: application/json; charset=utf-8
host: localhost:61120
accept: */*

Response DefaultHttpResponse(decodeResult: success, version: HTTP/1.1)
HTTP/1.1 200 OK
Content-Type: application/json; charset=utf-8
cache-control: no-cache
content-length: 88

16:23:33.376 [AsyncHttpClient-1-13] DEBUG org.asynchttpclient.netty.channel.ChannelManager - Adding key: http://localhost:61120 for channel [id: 0x72494619, L:/127.0.0.1:59830 - R:localhost/127.0.0.1:61120]
16:23:33.381 [Forwarding isElementDisplayed on session f006b0216d153563bb1dd288b50bfee0 to remote] DEBUG org.asynchttpclient.netty.request.NettyRequestSender - Using pooled Channel '[id: 0x72494619, L:/127.0.0.1:59830 - R:localhost/127.0.0.1:61120]' for 'POST' to 'http://localhost:61120/session/f006b0216d153563bb1dd288b50bfee0/execute/sync'
16:23:33.381 [Forwarding isElementDisplayed on session f006b0216d153563bb1dd288b50bfee0 to remote] DEBUG org.asynchttpclient.netty.request.NettyRequestSender - Using open Channel [id: 0x72494619, L:/127.0.0.1:59830 - R:localhost/127.0.0.1:61120] for POST '/session/f006b0216d153563bb1dd288b50bfee0/execute/sync'
16:23:33.400 [AsyncHttpClient-1-13] DEBUG org.asynchttpclient.netty.handler.HttpHandler - 

Request DefaultHttpRequest(decodeResult: success, version: HTTP/1.1)
POST /session/f006b0216d153563bb1dd288b50bfee0/execute/sync HTTP/1.1
User-Agent: selenium/4.1.2 (java windows)
Content-Length: 48780
Content-Type: application/json; charset=utf-8
host: localhost:61120
accept: */*

Response DefaultHttpResponse(decodeResult: success, version: HTTP/1.1)
HTTP/1.1 200 OK
Content-Type: application/json; charset=utf-8
cache-control: no-cache
content-length: 14

16:23:33.400 [AsyncHttpClient-1-13] DEBUG org.asynchttpclient.netty.channel.ChannelManager - Adding key: http://localhost:61120 for channel [id: 0x72494619, L:/127.0.0.1:59830 - R:localhost/127.0.0.1:61120]
  &amp#27;[32mAnd &amp#27;[0m&amp#27;[32mI &amp#27;[0m&amp#27;[32m&amp#27;[1m"txtUT1"&amp#27;[0m&amp#27;[32m page&amp#27;[0m             &amp#27;[90m# starter.stepdefinitions.BabyStep.iPage(java.lang.String)&amp#27;[0m
16:23:33.409 [Forwarding screenshot on session f006b0216d153563bb1dd288b50bfee0 to remote] DEBUG org.asynchttpclient.netty.request.NettyRequestSender - Using pooled Channel '[id: 0x72494619, L:/127.0.0.1:59830 - R:localhost/127.0.0.1:61120]' for 'GET' to 'http://localhost:61120/session/f006b0216d153563bb1dd288b50bfee0/screenshot'
16:23:33.409 [Forwarding screenshot on session f006b0216d153563bb1dd288b50bfee0 to remote] DEBUG org.asynchttpclient.netty.request.NettyRequestSender - Using open Channel [id: 0x72494619, L:/127.0.0.1:59830 - R:localhost/127.0.0.1:61120] for GET '/session/f006b0216d153563bb1dd288b50bfee0/screenshot'
16:23:33.647 [AsyncHttpClient-1-13] DEBUG org.asynchttpclient.netty.handler.HttpHandler - 

Request DefaultFullHttpRequest(decodeResult: success, version: HTTP/1.1, content: EmptyByteBufBE)
GET /session/f006b0216d153563bb1dd288b50bfee0/screenshot HTTP/1.1
User-Agent: selenium/4.1.2 (java windows)
Cache-Control: no-cache
Content-Type: application/json; charset=utf-8
host: localhost:61120
accept: */*

Response DefaultHttpResponse(decodeResult: success, version: HTTP/1.1)
HTTP/1.1 200 OK
Content-Type: application/json; charset=utf-8
cache-control: no-cache
content-length: 515904

16:23:33.649 [AsyncHttpClient-1-13] DEBUG org.asynchttpclient.netty.channel.ChannelManager - Adding key: http://localhost:61120 for channel [id: 0x72494619, L:/127.0.0.1:59830 - R:localhost/127.0.0.1:61120]
16:23:33.663 [main] DEBUG net.serenitybdd.core.photography.Darkroom - Send negative for processing for target\site\serenity\0ae941077e69bce9c6c8fb6553636a04b30d9db1b8589ab070981698d225af1c.png
16:23:33.664 [Darkroom Processing Line] DEBUG net.serenitybdd.core.photography.DarkroomProcessingLine - Processing screenshot image in /var/screenshots/screenshot-6076914226639970523
16:23:33.664 [Darkroom Processing Line] DEBUG net.serenitybdd.core.photography.DarkroomProcessingLine - Saving screenshot to target\site\serenity\0ae941077e69bce9c6c8fb6553636a04b30d9db1b8589ab070981698d225af1c.png
16:23:33.670 [AsyncHttpClient-1-15] DEBUG org.asynchttpclient.netty.handler.WebSocketHandler - Channel Closed: [id: 0xc32089a6, L:/127.0.0.1:59839 ! R:localhost/127.0.0.1:59831] with attribute NettyResponseFuture{currentRetry=5,
	isDone=1,
	isCancelled=0,
	asyncHandler=org.asynchttpclient.ws.WebSocketUpgradeHandler@6f3d289f,
	nettyRequest=org.asynchttpclient.netty.request.NettyRequest@65b8d9,
	future=java.util.concurrent.CompletableFuture@172c2642[Completed normally],
	uri=ws://localhost:59831/devtools/browser/2fc08e94-22a0-4e2f-966c-5bd60e6de9d4,
	keepAlive=true,
	redirectCount=0,
	timeoutsHolder=null,
	inAuth=0,
	touch=1680859405103}
16:23:33.670 [AsyncHttpClient-1-15] DEBUG org.asynchttpclient.netty.channel.ChannelManager - Closing Channel [id: 0xc32089a6, L:/127.0.0.1:59839 ! R:localhost/127.0.0.1:59831] 
16:23:33.670 [Driver Command Executor] DEBUG org.asynchttpclient.netty.request.NettyRequestSender - Using pooled Channel '[id: 0x72494619, L:/127.0.0.1:59830 - R:localhost/127.0.0.1:61120]' for 'DELETE' to 'http://localhost:61120/session/f006b0216d153563bb1dd288b50bfee0'
16:23:33.671 [Driver Command Executor] DEBUG org.asynchttpclient.netty.request.NettyRequestSender - Using open Channel [id: 0x72494619, L:/127.0.0.1:59830 - R:localhost/127.0.0.1:61120] for DELETE '/session/f006b0216d153563bb1dd288b50bfee0'
16:23:33.700 [AsyncHttpClient-1-14] DEBUG org.asynchttpclient.netty.handler.HttpHandler - Unexpected I/O exception on channel [id: 0xd1c6400c, L:/127.0.0.1:59838 - R:localhost/127.0.0.1:59831]
java.net.SocketException: Connection reset
	at java.base/sun.nio.ch.SocketChannelImpl.throwConnectionReset(SocketChannelImpl.java:345)
	at java.base/sun.nio.ch.SocketChannelImpl.read(SocketChannelImpl.java:376)
	at io.netty.buffer.PooledByteBuf.setBytes(PooledByteBuf.java:258)
	at io.netty.buffer.AbstractByteBuf.writeBytes(AbstractByteBuf.java:1132)
	at io.netty.channel.socket.nio.NioSocketChannel.doReadBytes(NioSocketChannel.java:350)
	at io.netty.channel.nio.AbstractNioByteChannel$NioByteUnsafe.read(AbstractNioByteChannel.java:151)
	at io.netty.channel.nio.NioEventLoop.processSelectedKey(NioEventLoop.java:722)
	at io.netty.channel.nio.NioEventLoop.processSelectedKeysOptimized(NioEventLoop.java:658)
	at io.netty.channel.nio.NioEventLoop.processSelectedKeys(NioEventLoop.java:584)
	at io.netty.channel.nio.NioEventLoop.run(NioEventLoop.java:496)
	at io.netty.util.concurrent.SingleThreadEventExecutor$4.run(SingleThreadEventExecutor.java:986)
	at io.netty.util.internal.ThreadExecutorMap$2.run(ThreadExecutorMap.java:74)
	at io.netty.util.concurrent.FastThreadLocalRunnable.run(FastThreadLocalRunnable.java:30)
	at java.base/java.lang.Thread.run(Thread.java:830)
16:23:33.700 [AsyncHttpClient-1-14] DEBUG org.asynchttpclient.netty.channel.ChannelManager - Closing Channel [id: 0xd1c6400c, L:/127.0.0.1:59838 - R:localhost/127.0.0.1:59831] 
16:23:33.700 [AsyncHttpClient-1-14] DEBUG org.asynchttpclient.netty.handler.HttpHandler - Channel Closed: [id: 0xd1c6400c, L:/127.0.0.1:59838 ! R:localhost/127.0.0.1:59831] with attribute DISCARD
16:23:33.731 [AsyncHttpClient-1-13] DEBUG org.asynchttpclient.netty.handler.HttpHandler - 

Request DefaultFullHttpRequest(decodeResult: success, version: HTTP/1.1, content: EmptyByteBufBE)
DELETE /session/f006b0216d153563bb1dd288b50bfee0 HTTP/1.1
User-Agent: selenium/4.1.2 (java windows)
Content-Type: application/json; charset=utf-8
host: localhost:61120
accept: */*

Response DefaultHttpResponse(decodeResult: success, version: HTTP/1.1)
HTTP/1.1 200 OK
Content-Type: application/json; charset=utf-8
cache-control: no-cache
content-length: 14

16:23:33.731 [AsyncHttpClient-1-13] DEBUG org.asynchttpclient.netty.channel.ChannelManager - Adding key: http://localhost:61120 for channel [id: 0x72494619, L:/127.0.0.1:59830 - R:localhost/127.0.0.1:61120]
16:23:33.848 [AsyncHttpClient-1-13] DEBUG org.asynchttpclient.netty.handler.HttpHandler - Channel Closed: [id: 0x72494619, L:/127.0.0.1:59830 ! R:localhost/127.0.0.1:61120] with attribute DISCARD
16:23:34.065 [AsyncHttpClient-1-1] DEBUG org.asynchttpclient.netty.channel.DefaultChannelPool - Entry count for : http://localhost:61120 : 1
16:23:34.065 [AsyncHttpClient-1-1] DEBUG org.asynchttpclient.netty.channel.DefaultChannelPool - Entry count for : http://localhost:59831 : 1
16:23:34.065 [AsyncHttpClient-1-1] DEBUG org.asynchttpclient.netty.channel.DefaultChannelPool - Adding Candidate expired Channel [id: 0x72494619, L:/127.0.0.1:59830 ! R:localhost/127.0.0.1:61120] isIdleTimeoutExpired=false isRemotelyClosed=true isTtlExpired=false
16:23:34.065 [AsyncHttpClient-1-1] DEBUG org.asynchttpclient.netty.channel.DefaultChannelPool - Closing Idle Channel [id: 0x72494619, L:/127.0.0.1:59830 ! R:localhost/127.0.0.1:61120]
16:23:34.065 [AsyncHttpClient-1-1] DEBUG org.asynchttpclient.netty.channel.DefaultChannelPool - Adding Candidate expired Channel [id: 0xd1c6400c, L:/127.0.0.1:59838 ! R:localhost/127.0.0.1:59831] isIdleTimeoutExpired=false isRemotelyClosed=true isTtlExpired=false
16:23:34.065 [AsyncHttpClient-1-1] DEBUG org.asynchttpclient.netty.channel.DefaultChannelPool - Closing Idle Channel [id: 0xd1c6400c, L:/127.0.0.1:59838 ! R:localhost/127.0.0.1:59831]
16:23:34.065 [AsyncHttpClient-1-1] DEBUG org.asynchttpclient.netty.channel.DefaultChannelPool - Closed 2 connections out of 2 in 0 ms
]]></system-out>
    <system-err><![CDATA[Starting Microsoft Edge WebDriver 111.0.1661.62 (0a8f453929e6410c973aa529a40485ce4e3e03db) on port 61120
To submit feedback, report a bug, or suggest new features, please visit https://github.com/MicrosoftEdge/EdgeWebDriver

Only local connections are allowed.
Please see https://aka.ms/WebDriverSecurity for suggestions on keeping Microsoft Edge WebDriver safe.

Microsoft Edge WebDriver was started successfully.
Apr 07, 2023 4:23:25 PM org.openqa.selenium.remote.ProtocolHandshake createSession
INFO: Detected dialect: W3C
Apr 07, 2023 4:23:25 PM org.openqa.selenium.devtools.CdpVersionFinder findNearestMatch
WARNING: Unable to find an exact match for CDP version 111, so returning the closest version found: a no-op implementation
Apr 07, 2023 4:23:25 PM org.openqa.selenium.devtools.CdpVersionFinder findNearestMatch
INFO: Unable to find CDP implementation matching 111.
Apr 07, 2023 4:23:25 PM org.openqa.selenium.chromium.ChromiumDriver lambda$new$3
WARNING: Unable to find version of CDP to use for . You may need to include a dependency on a specific version of the CDP using something similar to `org.seleniumhq.selenium:selenium-devtools-v86:4.1.2` where the version ("v86") matches the version of the chromium-based browser you're using and the version number of the artifact is the same as Selenium's.
]]></system-err>
  </testcase>
  <testcase name="Fitur Menu Baby #11" classname="Baby" time="15.289">
    <system-out><![CDATA[
Scenario Outline: Fitur Menu Baby &amp#27;[90m# src/test/resources/features/Baby.feature:23&amp#27;[0m
16:23:34.429 [main] INFO io.cucumber.core.plugin.SerenityReporter - Running feature from file:///C:/Users/alwi/IdeaProjects/uniqloweb/src/test/resources/features/Baby.feature
16:23:34.573 [main] DEBUG io.github.bonigarcia.wdm.cache.ResolutionCache - Resolution edge=111 in cache (valid until 17:21:26 07/04/2023 WIB)
16:23:34.579 [main] DEBUG io.github.bonigarcia.wdm.cache.ResolutionCache - Resolution edge111=111.0.1661.62 in cache (valid until 15:02:35 08/04/2023 WIB)
16:23:34.580 [main] INFO io.github.bonigarcia.wdm.WebDriverManager - Using msedgedriver 111.0.1661.62 (resolved driver for Edge 111)
16:23:34.596 [main] DEBUG io.github.bonigarcia.wdm.WebDriverManager - Driver msedgedriver 111.0.1661.62 found in cache
16:23:34.596 [main] INFO io.github.bonigarcia.wdm.WebDriverManager - Exporting webdriver.edge.driver as C:\Users\alwi\.cache\selenium\msedgedriver\win64\111.0.1661.62\msedgedriver.exe
16:23:34.599 [main] DEBUG net.serenitybdd.core.webdriver.driverproviders.ProvideNewDriver - Instantiating driver
16:23:34.599 [main] DEBUG net.serenitybdd.core.webdriver.driverproviders.ProvideNewDriver - Driver capabilities: Capabilities {base.url: https://www.uniqlo.com, chrome.driver: src/test/resources/webdrive..., driver: edge, ms:edgeChromium: true, ms:edgeOptions: {}, wait.for.timeout: 6000}
16:23:35.147 [AsyncHttpClient-1-16] DEBUG org.asynchttpclient.netty.channel.NettyConnectListener - Using new Channel '[id: 0xc41b4d35, L:/127.0.0.1:59971 - R:localhost/127.0.0.1:57634]' for 'POST' to '/session'
16:23:35.769 [AsyncHttpClient-1-16] DEBUG org.asynchttpclient.netty.handler.HttpHandler - 

Request DefaultHttpRequest(decodeResult: success, version: HTTP/1.1)
POST /session HTTP/1.1
User-Agent: selenium/4.1.2 (java windows)
Content-Length: 627
Content-Type: application/json; charset=utf-8
host: localhost:57634
accept: */*

Response DefaultHttpResponse(decodeResult: success, version: HTTP/1.1)
HTTP/1.1 200 OK
Content-Type: application/json; charset=utf-8
cache-control: no-cache
content-length: 823

16:23:35.769 [AsyncHttpClient-1-16] DEBUG org.asynchttpclient.netty.channel.ChannelManager - Adding key: http://localhost:57634 for channel [id: 0xc41b4d35, L:/127.0.0.1:59971 - R:localhost/127.0.0.1:57634]
16:23:35.777 [AsyncHttpClient-1-17] DEBUG org.asynchttpclient.netty.channel.NettyConnectListener - Using new Channel '[id: 0xb9332c63, L:/127.0.0.1:59978 - R:localhost/127.0.0.1:59972]' for 'GET' to '/json/version'
16:23:35.779 [AsyncHttpClient-1-17] DEBUG org.asynchttpclient.netty.handler.HttpHandler - 

Request DefaultFullHttpRequest(decodeResult: success, version: HTTP/1.1, content: EmptyByteBufBE)
GET /json/version HTTP/1.1
User-Agent: selenium/4.1.2 (java windows)
host: localhost:59972
accept: */*

Response DefaultHttpResponse(decodeResult: success, version: HTTP/1.1)
HTTP/1.1 200 OK
Content-Security-Policy: frame-ancestors 'none'
Content-Type: application/json; charset=UTF-8
content-length: 436

16:23:35.779 [AsyncHttpClient-1-17] DEBUG org.asynchttpclient.netty.channel.ChannelManager - Adding key: http://localhost:59972 for channel [id: 0xb9332c63, L:/127.0.0.1:59978 - R:localhost/127.0.0.1:59972]
16:23:35.781 [AsyncHttpClient-1-2] DEBUG org.asynchttpclient.netty.channel.NettyConnectListener - Using new Channel '[id: 0xd69922cd, L:/127.0.0.1:59979 - R:localhost/127.0.0.1:59972]' for 'GET' to '/devtools/browser/70c76bc1-cffa-4d8a-b927-918fcb35b488'
16:23:35.782 [AsyncHttpClient-1-2] DEBUG org.asynchttpclient.netty.handler.WebSocketHandler - 

Request DefaultFullHttpRequest(decodeResult: success, version: HTTP/1.1, content: EmptyByteBufBE)
GET /devtools/browser/70c76bc1-cffa-4d8a-b927-918fcb35b488 HTTP/1.1
upgrade: websocket
connection: upgrade
sec-websocket-key: SShbp7pPag2X9AdPfBM0xQ==
sec-websocket-version: 13
origin: http://localhost:59972
host: localhost:59972
accept: */*
user-agent: AHC/2.1

Response DefaultHttpResponse(decodeResult: success, version: HTTP/1.1)
HTTP/1.1 101 WebSocket Protocol Handshake
Upgrade: WebSocket
Connection: Upgrade
Sec-WebSocket-Accept: LnaAok3BC91JIPmkmd3+ElesguE=

16:23:35.785 [Forwarding get on session ac7cd6ab18bef1c224bd3d8f1646b6e9 to remote] DEBUG org.asynchttpclient.netty.request.NettyRequestSender - Using pooled Channel '[id: 0xc41b4d35, L:/127.0.0.1:59971 - R:localhost/127.0.0.1:57634]' for 'POST' to 'http://localhost:57634/session/ac7cd6ab18bef1c224bd3d8f1646b6e9/url'
16:23:35.786 [Forwarding get on session ac7cd6ab18bef1c224bd3d8f1646b6e9 to remote] DEBUG org.asynchttpclient.netty.request.NettyRequestSender - Using open Channel [id: 0xc41b4d35, L:/127.0.0.1:59971 - R:localhost/127.0.0.1:57634] for POST '/session/ac7cd6ab18bef1c224bd3d8f1646b6e9/url'
16:23:36.271 [AsyncHttpClient-1-1] DEBUG org.asynchttpclient.netty.channel.DefaultChannelPool - Entry count for : http://localhost:59972 : 1
16:23:37.365 [AsyncHttpClient-1-1] DEBUG org.asynchttpclient.netty.channel.DefaultChannelPool - Entry count for : http://localhost:59972 : 1
16:23:38.467 [AsyncHttpClient-1-1] DEBUG org.asynchttpclient.netty.channel.DefaultChannelPool - Entry count for : http://localhost:59972 : 1
16:23:39.572 [AsyncHttpClient-1-1] DEBUG org.asynchttpclient.netty.channel.DefaultChannelPool - Entry count for : http://localhost:59972 : 1
16:23:40.671 [AsyncHttpClient-1-1] DEBUG org.asynchttpclient.netty.channel.DefaultChannelPool - Entry count for : http://localhost:59972 : 1
16:23:41.766 [AsyncHttpClient-1-1] DEBUG org.asynchttpclient.netty.channel.DefaultChannelPool - Entry count for : http://localhost:59972 : 1
16:23:42.869 [AsyncHttpClient-1-1] DEBUG org.asynchttpclient.netty.channel.DefaultChannelPool - Entry count for : http://localhost:59972 : 1
16:23:43.966 [AsyncHttpClient-1-1] DEBUG org.asynchttpclient.netty.channel.DefaultChannelPool - Entry count for : http://localhost:59972 : 1
16:23:45.065 [AsyncHttpClient-1-1] DEBUG org.asynchttpclient.netty.channel.DefaultChannelPool - Entry count for : http://localhost:59972 : 1
16:23:46.165 [AsyncHttpClient-1-1] DEBUG org.asynchttpclient.netty.channel.DefaultChannelPool - Entry count for : http://localhost:59972 : 1
16:23:46.650 [AsyncHttpClient-1-16] DEBUG org.asynchttpclient.netty.handler.HttpHandler - 

Request DefaultHttpRequest(decodeResult: success, version: HTTP/1.1)
POST /session/ac7cd6ab18bef1c224bd3d8f1646b6e9/url HTTP/1.1
User-Agent: selenium/4.1.2 (java windows)
Content-Length: 53
Content-Type: application/json; charset=utf-8
host: localhost:57634
accept: */*

Response DefaultHttpResponse(decodeResult: success, version: HTTP/1.1)
HTTP/1.1 200 OK
Content-Type: application/json; charset=utf-8
cache-control: no-cache
content-length: 14

16:23:46.650 [AsyncHttpClient-1-16] DEBUG org.asynchttpclient.netty.channel.ChannelManager - Adding key: http://localhost:57634 for channel [id: 0xc41b4d35, L:/127.0.0.1:59971 - R:localhost/127.0.0.1:57634]
16:23:46.652 [Forwarding setTimeout on session ac7cd6ab18bef1c224bd3d8f1646b6e9 to remote] DEBUG org.asynchttpclient.netty.request.NettyRequestSender - Using pooled Channel '[id: 0xc41b4d35, L:/127.0.0.1:59971 - R:localhost/127.0.0.1:57634]' for 'POST' to 'http://localhost:57634/session/ac7cd6ab18bef1c224bd3d8f1646b6e9/timeouts'
16:23:46.652 [Forwarding setTimeout on session ac7cd6ab18bef1c224bd3d8f1646b6e9 to remote] DEBUG org.asynchttpclient.netty.request.NettyRequestSender - Using open Channel [id: 0xc41b4d35, L:/127.0.0.1:59971 - R:localhost/127.0.0.1:57634] for POST '/session/ac7cd6ab18bef1c224bd3d8f1646b6e9/timeouts'
16:23:46.653 [AsyncHttpClient-1-16] DEBUG org.asynchttpclient.netty.handler.HttpHandler - 

Request DefaultHttpRequest(decodeResult: success, version: HTTP/1.1)
POST /session/ac7cd6ab18bef1c224bd3d8f1646b6e9/timeouts HTTP/1.1
User-Agent: selenium/4.1.2 (java windows)
Content-Length: 22
Content-Type: application/json; charset=utf-8
host: localhost:57634
accept: */*

Response DefaultHttpResponse(decodeResult: success, version: HTTP/1.1)
HTTP/1.1 200 OK
Content-Type: application/json; charset=utf-8
cache-control: no-cache
content-length: 14

16:23:46.653 [AsyncHttpClient-1-16] DEBUG org.asynchttpclient.netty.channel.ChannelManager - Adding key: http://localhost:57634 for channel [id: 0xc41b4d35, L:/127.0.0.1:59971 - R:localhost/127.0.0.1:57634]
16:23:46.658 [Forwarding getCurrentUrl on session ac7cd6ab18bef1c224bd3d8f1646b6e9 to remote] DEBUG org.asynchttpclient.netty.request.NettyRequestSender - Using pooled Channel '[id: 0xc41b4d35, L:/127.0.0.1:59971 - R:localhost/127.0.0.1:57634]' for 'GET' to 'http://localhost:57634/session/ac7cd6ab18bef1c224bd3d8f1646b6e9/url'
16:23:46.658 [Forwarding getCurrentUrl on session ac7cd6ab18bef1c224bd3d8f1646b6e9 to remote] DEBUG org.asynchttpclient.netty.request.NettyRequestSender - Using open Channel [id: 0xc41b4d35, L:/127.0.0.1:59971 - R:localhost/127.0.0.1:57634] for GET '/session/ac7cd6ab18bef1c224bd3d8f1646b6e9/url'
16:23:46.665 [AsyncHttpClient-1-16] DEBUG org.asynchttpclient.netty.handler.HttpHandler - 

Request DefaultFullHttpRequest(decodeResult: success, version: HTTP/1.1, content: EmptyByteBufBE)
GET /session/ac7cd6ab18bef1c224bd3d8f1646b6e9/url HTTP/1.1
User-Agent: selenium/4.1.2 (java windows)
Cache-Control: no-cache
Content-Type: application/json; charset=utf-8
host: localhost:57634
accept: */*

Response DefaultHttpResponse(decodeResult: success, version: HTTP/1.1)
HTTP/1.1 200 OK
Content-Type: application/json; charset=utf-8
cache-control: no-cache
content-length: 41

16:23:46.665 [AsyncHttpClient-1-16] DEBUG org.asynchttpclient.netty.channel.ChannelManager - Adding key: http://localhost:57634 for channel [id: 0xc41b4d35, L:/127.0.0.1:59971 - R:localhost/127.0.0.1:57634]
  &amp#27;[32mGiven &amp#27;[0m&amp#27;[32mI am on the home page&amp#27;[0m     &amp#27;[90m# starter.stepdefinitions.BabyStep.iAmOnTheHomePage()&amp#27;[0m
16:23:46.672 [Forwarding screenshot on session ac7cd6ab18bef1c224bd3d8f1646b6e9 to remote] DEBUG org.asynchttpclient.netty.request.NettyRequestSender - Using pooled Channel '[id: 0xc41b4d35, L:/127.0.0.1:59971 - R:localhost/127.0.0.1:57634]' for 'GET' to 'http://localhost:57634/session/ac7cd6ab18bef1c224bd3d8f1646b6e9/screenshot'
16:23:46.672 [Forwarding screenshot on session ac7cd6ab18bef1c224bd3d8f1646b6e9 to remote] DEBUG org.asynchttpclient.netty.request.NettyRequestSender - Using open Channel [id: 0xc41b4d35, L:/127.0.0.1:59971 - R:localhost/127.0.0.1:57634] for GET '/session/ac7cd6ab18bef1c224bd3d8f1646b6e9/screenshot'
16:23:46.988 [AsyncHttpClient-1-16] DEBUG org.asynchttpclient.netty.handler.HttpHandler - 

Request DefaultFullHttpRequest(decodeResult: success, version: HTTP/1.1, content: EmptyByteBufBE)
GET /session/ac7cd6ab18bef1c224bd3d8f1646b6e9/screenshot HTTP/1.1
User-Agent: selenium/4.1.2 (java windows)
Cache-Control: no-cache
Content-Type: application/json; charset=utf-8
host: localhost:57634
accept: */*

Response DefaultHttpResponse(decodeResult: success, version: HTTP/1.1)
HTTP/1.1 200 OK
Content-Type: application/json; charset=utf-8
cache-control: no-cache
content-length: 1022316

16:23:46.991 [AsyncHttpClient-1-16] DEBUG org.asynchttpclient.netty.channel.ChannelManager - Adding key: http://localhost:57634 for channel [id: 0xc41b4d35, L:/127.0.0.1:59971 - R:localhost/127.0.0.1:57634]
16:23:47.034 [main] DEBUG net.serenitybdd.core.photography.Darkroom - Send negative for processing for target\site\serenity\b0ddf3608b8f51a6a3adc36e4acd901b7a2c5b7adc6fd42a924a7c7a6358c0ea.png
16:23:47.047 [Forwarding findElement on session ac7cd6ab18bef1c224bd3d8f1646b6e9 to remote] DEBUG org.asynchttpclient.netty.request.NettyRequestSender - Using pooled Channel '[id: 0xc41b4d35, L:/127.0.0.1:59971 - R:localhost/127.0.0.1:57634]' for 'POST' to 'http://localhost:57634/session/ac7cd6ab18bef1c224bd3d8f1646b6e9/element'
16:23:47.047 [Forwarding findElement on session ac7cd6ab18bef1c224bd3d8f1646b6e9 to remote] DEBUG org.asynchttpclient.netty.request.NettyRequestSender - Using open Channel [id: 0xc41b4d35, L:/127.0.0.1:59971 - R:localhost/127.0.0.1:57634] for POST '/session/ac7cd6ab18bef1c224bd3d8f1646b6e9/element'
16:23:47.060 [AsyncHttpClient-1-16] DEBUG org.asynchttpclient.netty.handler.HttpHandler - 

Request DefaultHttpRequest(decodeResult: success, version: HTTP/1.1)
POST /session/ac7cd6ab18bef1c224bd3d8f1646b6e9/element HTTP/1.1
User-Agent: selenium/4.1.2 (java windows)
Content-Length: 81
Content-Type: application/json; charset=utf-8
host: localhost:57634
accept: */*

Response DefaultHttpResponse(decodeResult: success, version: HTTP/1.1)
HTTP/1.1 200 OK
Content-Type: application/json; charset=utf-8
cache-control: no-cache
content-length: 88

16:23:47.060 [AsyncHttpClient-1-16] DEBUG org.asynchttpclient.netty.channel.ChannelManager - Adding key: http://localhost:57634 for channel [id: 0xc41b4d35, L:/127.0.0.1:59971 - R:localhost/127.0.0.1:57634]
16:23:47.061 [Forwarding getElementTagName on session ac7cd6ab18bef1c224bd3d8f1646b6e9 to remote] DEBUG org.asynchttpclient.netty.request.NettyRequestSender - Using pooled Channel '[id: 0xc41b4d35, L:/127.0.0.1:59971 - R:localhost/127.0.0.1:57634]' for 'GET' to 'http://localhost:57634/session/ac7cd6ab18bef1c224bd3d8f1646b6e9/element/be428889-5fb2-49f8-a59b-74761fe1dd6a/name'
16:23:47.061 [Forwarding getElementTagName on session ac7cd6ab18bef1c224bd3d8f1646b6e9 to remote] DEBUG org.asynchttpclient.netty.request.NettyRequestSender - Using open Channel [id: 0xc41b4d35, L:/127.0.0.1:59971 - R:localhost/127.0.0.1:57634] for GET '/session/ac7cd6ab18bef1c224bd3d8f1646b6e9/element/be428889-5fb2-49f8-a59b-74761fe1dd6a/name'
16:23:47.065 [AsyncHttpClient-1-16] DEBUG org.asynchttpclient.netty.handler.HttpHandler - 

Request DefaultFullHttpRequest(decodeResult: success, version: HTTP/1.1, content: EmptyByteBufBE)
GET /session/ac7cd6ab18bef1c224bd3d8f1646b6e9/element/be428889-5fb2-49f8-a59b-74761fe1dd6a/name HTTP/1.1
User-Agent: selenium/4.1.2 (java windows)
Cache-Control: no-cache
Content-Type: application/json; charset=utf-8
host: localhost:57634
accept: */*

Response DefaultHttpResponse(decodeResult: success, version: HTTP/1.1)
HTTP/1.1 200 OK
Content-Type: application/json; charset=utf-8
cache-control: no-cache
content-length: 16

16:23:47.065 [AsyncHttpClient-1-16] DEBUG org.asynchttpclient.netty.channel.ChannelManager - Adding key: http://localhost:57634 for channel [id: 0xc41b4d35, L:/127.0.0.1:59971 - R:localhost/127.0.0.1:57634]
16:23:47.066 [Forwarding getElementTagName on session ac7cd6ab18bef1c224bd3d8f1646b6e9 to remote] DEBUG org.asynchttpclient.netty.request.NettyRequestSender - Using pooled Channel '[id: 0xc41b4d35, L:/127.0.0.1:59971 - R:localhost/127.0.0.1:57634]' for 'GET' to 'http://localhost:57634/session/ac7cd6ab18bef1c224bd3d8f1646b6e9/element/be428889-5fb2-49f8-a59b-74761fe1dd6a/name'
16:23:47.066 [Forwarding getElementTagName on session ac7cd6ab18bef1c224bd3d8f1646b6e9 to remote] DEBUG org.asynchttpclient.netty.request.NettyRequestSender - Using open Channel [id: 0xc41b4d35, L:/127.0.0.1:59971 - R:localhost/127.0.0.1:57634] for GET '/session/ac7cd6ab18bef1c224bd3d8f1646b6e9/element/be428889-5fb2-49f8-a59b-74761fe1dd6a/name'
16:23:47.069 [AsyncHttpClient-1-16] DEBUG org.asynchttpclient.netty.handler.HttpHandler - 

Request DefaultFullHttpRequest(decodeResult: success, version: HTTP/1.1, content: EmptyByteBufBE)
GET /session/ac7cd6ab18bef1c224bd3d8f1646b6e9/element/be428889-5fb2-49f8-a59b-74761fe1dd6a/name HTTP/1.1
User-Agent: selenium/4.1.2 (java windows)
Cache-Control: no-cache
Content-Type: application/json; charset=utf-8
host: localhost:57634
accept: */*

Response DefaultHttpResponse(decodeResult: success, version: HTTP/1.1)
HTTP/1.1 200 OK
Content-Type: application/json; charset=utf-8
cache-control: no-cache
content-length: 16

16:23:47.069 [AsyncHttpClient-1-16] DEBUG org.asynchttpclient.netty.channel.ChannelManager - Adding key: http://localhost:57634 for channel [id: 0xc41b4d35, L:/127.0.0.1:59971 - R:localhost/127.0.0.1:57634]
16:23:47.070 [Forwarding findElement on session ac7cd6ab18bef1c224bd3d8f1646b6e9 to remote] DEBUG org.asynchttpclient.netty.request.NettyRequestSender - Using pooled Channel '[id: 0xc41b4d35, L:/127.0.0.1:59971 - R:localhost/127.0.0.1:57634]' for 'POST' to 'http://localhost:57634/session/ac7cd6ab18bef1c224bd3d8f1646b6e9/element'
16:23:47.070 [Forwarding findElement on session ac7cd6ab18bef1c224bd3d8f1646b6e9 to remote] DEBUG org.asynchttpclient.netty.request.NettyRequestSender - Using open Channel [id: 0xc41b4d35, L:/127.0.0.1:59971 - R:localhost/127.0.0.1:57634] for POST '/session/ac7cd6ab18bef1c224bd3d8f1646b6e9/element'
16:23:47.076 [AsyncHttpClient-1-16] DEBUG org.asynchttpclient.netty.handler.HttpHandler - 

Request DefaultHttpRequest(decodeResult: success, version: HTTP/1.1)
POST /session/ac7cd6ab18bef1c224bd3d8f1646b6e9/element HTTP/1.1
User-Agent: selenium/4.1.2 (java windows)
Content-Length: 81
Content-Type: application/json; charset=utf-8
host: localhost:57634
accept: */*

Response DefaultHttpResponse(decodeResult: success, version: HTTP/1.1)
HTTP/1.1 200 OK
Content-Type: application/json; charset=utf-8
cache-control: no-cache
content-length: 88

16:23:47.077 [AsyncHttpClient-1-16] DEBUG org.asynchttpclient.netty.channel.ChannelManager - Adding key: http://localhost:57634 for channel [id: 0xc41b4d35, L:/127.0.0.1:59971 - R:localhost/127.0.0.1:57634]
16:23:47.078 [Forwarding clickElement on session ac7cd6ab18bef1c224bd3d8f1646b6e9 to remote] DEBUG org.asynchttpclient.netty.request.NettyRequestSender - Using pooled Channel '[id: 0xc41b4d35, L:/127.0.0.1:59971 - R:localhost/127.0.0.1:57634]' for 'POST' to 'http://localhost:57634/session/ac7cd6ab18bef1c224bd3d8f1646b6e9/element/be428889-5fb2-49f8-a59b-74761fe1dd6a/click'
16:23:47.078 [Forwarding clickElement on session ac7cd6ab18bef1c224bd3d8f1646b6e9 to remote] DEBUG org.asynchttpclient.netty.request.NettyRequestSender - Using open Channel [id: 0xc41b4d35, L:/127.0.0.1:59971 - R:localhost/127.0.0.1:57634] for POST '/session/ac7cd6ab18bef1c224bd3d8f1646b6e9/element/be428889-5fb2-49f8-a59b-74761fe1dd6a/click'
16:23:47.266 [AsyncHttpClient-1-1] DEBUG org.asynchttpclient.netty.channel.DefaultChannelPool - Entry count for : http://localhost:59972 : 1
16:23:47.536 [AsyncHttpClient-1-16] DEBUG org.asynchttpclient.netty.handler.HttpHandler - 

Request DefaultHttpRequest(decodeResult: success, version: HTTP/1.1)
POST /session/ac7cd6ab18bef1c224bd3d8f1646b6e9/element/be428889-5fb2-49f8-a59b-74761fe1dd6a/click HTTP/1.1
User-Agent: selenium/4.1.2 (java windows)
Content-Length: 50
Content-Type: application/json; charset=utf-8
host: localhost:57634
accept: */*

Response DefaultHttpResponse(decodeResult: success, version: HTTP/1.1)
HTTP/1.1 200 OK
Content-Type: application/json; charset=utf-8
cache-control: no-cache
content-length: 14

16:23:47.537 [AsyncHttpClient-1-16] DEBUG org.asynchttpclient.netty.channel.ChannelManager - Adding key: http://localhost:57634 for channel [id: 0xc41b4d35, L:/127.0.0.1:59971 - R:localhost/127.0.0.1:57634]
  &amp#27;[32mThen &amp#27;[0m&amp#27;[32mI click baby on the header&amp#27;[0m &amp#27;[90m# starter.stepdefinitions.BabyStep.iClickBabyOnTheHeader()&amp#27;[0m
16:23:47.548 [Forwarding screenshot on session ac7cd6ab18bef1c224bd3d8f1646b6e9 to remote] DEBUG org.asynchttpclient.netty.request.NettyRequestSender - Using pooled Channel '[id: 0xc41b4d35, L:/127.0.0.1:59971 - R:localhost/127.0.0.1:57634]' for 'GET' to 'http://localhost:57634/session/ac7cd6ab18bef1c224bd3d8f1646b6e9/screenshot'
16:23:47.548 [Forwarding screenshot on session ac7cd6ab18bef1c224bd3d8f1646b6e9 to remote] DEBUG org.asynchttpclient.netty.request.NettyRequestSender - Using open Channel [id: 0xc41b4d35, L:/127.0.0.1:59971 - R:localhost/127.0.0.1:57634] for GET '/session/ac7cd6ab18bef1c224bd3d8f1646b6e9/screenshot'
16:23:48.193 [AsyncHttpClient-1-16] DEBUG org.asynchttpclient.netty.handler.HttpHandler - 

Request DefaultFullHttpRequest(decodeResult: success, version: HTTP/1.1, content: EmptyByteBufBE)
GET /session/ac7cd6ab18bef1c224bd3d8f1646b6e9/screenshot HTTP/1.1
User-Agent: selenium/4.1.2 (java windows)
Cache-Control: no-cache
Content-Type: application/json; charset=utf-8
host: localhost:57634
accept: */*

Response DefaultHttpResponse(decodeResult: success, version: HTTP/1.1)
HTTP/1.1 200 OK
Content-Type: application/json; charset=utf-8
cache-control: no-cache
content-length: 74168

16:23:48.194 [AsyncHttpClient-1-16] DEBUG org.asynchttpclient.netty.channel.ChannelManager - Adding key: http://localhost:57634 for channel [id: 0xc41b4d35, L:/127.0.0.1:59971 - R:localhost/127.0.0.1:57634]
16:23:48.198 [main] DEBUG net.serenitybdd.core.photography.Darkroom - Send negative for processing for target\site\serenity\00fbc69bc0cc99f3cbea1bc0d6ec565fbe74411da6efa8a67e5d4e7daff5aea9.png
16:23:48.199 [Darkroom Processing Line] DEBUG net.serenitybdd.core.photography.DarkroomProcessingLine - Processing screenshot image in /var/screenshots/screenshot-13593706003268151800
16:23:48.199 [Darkroom Processing Line] DEBUG net.serenitybdd.core.photography.DarkroomProcessingLine - Saving screenshot to target\site\serenity\00fbc69bc0cc99f3cbea1bc0d6ec565fbe74411da6efa8a67e5d4e7daff5aea9.png
16:23:48.207 [Forwarding findElement on session ac7cd6ab18bef1c224bd3d8f1646b6e9 to remote] DEBUG org.asynchttpclient.netty.request.NettyRequestSender - Using pooled Channel '[id: 0xc41b4d35, L:/127.0.0.1:59971 - R:localhost/127.0.0.1:57634]' for 'POST' to 'http://localhost:57634/session/ac7cd6ab18bef1c224bd3d8f1646b6e9/element'
16:23:48.207 [Forwarding findElement on session ac7cd6ab18bef1c224bd3d8f1646b6e9 to remote] DEBUG org.asynchttpclient.netty.request.NettyRequestSender - Using open Channel [id: 0xc41b4d35, L:/127.0.0.1:59971 - R:localhost/127.0.0.1:57634] for POST '/session/ac7cd6ab18bef1c224bd3d8f1646b6e9/element'
16:23:48.243 [AsyncHttpClient-1-16] DEBUG org.asynchttpclient.netty.handler.HttpHandler - 

Request DefaultHttpRequest(decodeResult: success, version: HTTP/1.1)
POST /session/ac7cd6ab18bef1c224bd3d8f1646b6e9/element HTTP/1.1
User-Agent: selenium/4.1.2 (java windows)
Content-Length: 102
Content-Type: application/json; charset=utf-8
host: localhost:57634
accept: */*

Response DefaultHttpResponse(decodeResult: success, version: HTTP/1.1)
HTTP/1.1 200 OK
Content-Type: application/json; charset=utf-8
cache-control: no-cache
content-length: 88

16:23:48.243 [AsyncHttpClient-1-16] DEBUG org.asynchttpclient.netty.channel.ChannelManager - Adding key: http://localhost:57634 for channel [id: 0xc41b4d35, L:/127.0.0.1:59971 - R:localhost/127.0.0.1:57634]
16:23:48.244 [Forwarding getElementTagName on session ac7cd6ab18bef1c224bd3d8f1646b6e9 to remote] DEBUG org.asynchttpclient.netty.request.NettyRequestSender - Using pooled Channel '[id: 0xc41b4d35, L:/127.0.0.1:59971 - R:localhost/127.0.0.1:57634]' for 'GET' to 'http://localhost:57634/session/ac7cd6ab18bef1c224bd3d8f1646b6e9/element/c7ab0899-5a61-4f19-951e-1b5123648434/name'
16:23:48.245 [Forwarding getElementTagName on session ac7cd6ab18bef1c224bd3d8f1646b6e9 to remote] DEBUG org.asynchttpclient.netty.request.NettyRequestSender - Using open Channel [id: 0xc41b4d35, L:/127.0.0.1:59971 - R:localhost/127.0.0.1:57634] for GET '/session/ac7cd6ab18bef1c224bd3d8f1646b6e9/element/c7ab0899-5a61-4f19-951e-1b5123648434/name'
16:23:48.248 [AsyncHttpClient-1-16] DEBUG org.asynchttpclient.netty.handler.HttpHandler - 

Request DefaultFullHttpRequest(decodeResult: success, version: HTTP/1.1, content: EmptyByteBufBE)
GET /session/ac7cd6ab18bef1c224bd3d8f1646b6e9/element/c7ab0899-5a61-4f19-951e-1b5123648434/name HTTP/1.1
User-Agent: selenium/4.1.2 (java windows)
Cache-Control: no-cache
Content-Type: application/json; charset=utf-8
host: localhost:57634
accept: */*

Response DefaultHttpResponse(decodeResult: success, version: HTTP/1.1)
HTTP/1.1 200 OK
Content-Type: application/json; charset=utf-8
cache-control: no-cache
content-length: 16

16:23:48.248 [AsyncHttpClient-1-16] DEBUG org.asynchttpclient.netty.channel.ChannelManager - Adding key: http://localhost:57634 for channel [id: 0xc41b4d35, L:/127.0.0.1:59971 - R:localhost/127.0.0.1:57634]
16:23:48.250 [Forwarding getElementTagName on session ac7cd6ab18bef1c224bd3d8f1646b6e9 to remote] DEBUG org.asynchttpclient.netty.request.NettyRequestSender - Using pooled Channel '[id: 0xc41b4d35, L:/127.0.0.1:59971 - R:localhost/127.0.0.1:57634]' for 'GET' to 'http://localhost:57634/session/ac7cd6ab18bef1c224bd3d8f1646b6e9/element/c7ab0899-5a61-4f19-951e-1b5123648434/name'
16:23:48.250 [Forwarding getElementTagName on session ac7cd6ab18bef1c224bd3d8f1646b6e9 to remote] DEBUG org.asynchttpclient.netty.request.NettyRequestSender - Using open Channel [id: 0xc41b4d35, L:/127.0.0.1:59971 - R:localhost/127.0.0.1:57634] for GET '/session/ac7cd6ab18bef1c224bd3d8f1646b6e9/element/c7ab0899-5a61-4f19-951e-1b5123648434/name'
16:23:48.266 [AsyncHttpClient-1-16] DEBUG org.asynchttpclient.netty.handler.HttpHandler - 

Request DefaultFullHttpRequest(decodeResult: success, version: HTTP/1.1, content: EmptyByteBufBE)
GET /session/ac7cd6ab18bef1c224bd3d8f1646b6e9/element/c7ab0899-5a61-4f19-951e-1b5123648434/name HTTP/1.1
User-Agent: selenium/4.1.2 (java windows)
Cache-Control: no-cache
Content-Type: application/json; charset=utf-8
host: localhost:57634
accept: */*

Response DefaultHttpResponse(decodeResult: success, version: HTTP/1.1)
HTTP/1.1 200 OK
Content-Type: application/json; charset=utf-8
cache-control: no-cache
content-length: 16

16:23:48.266 [AsyncHttpClient-1-16] DEBUG org.asynchttpclient.netty.channel.ChannelManager - Adding key: http://localhost:57634 for channel [id: 0xc41b4d35, L:/127.0.0.1:59971 - R:localhost/127.0.0.1:57634]
16:23:48.269 [Forwarding findElement on session ac7cd6ab18bef1c224bd3d8f1646b6e9 to remote] DEBUG org.asynchttpclient.netty.request.NettyRequestSender - Using pooled Channel '[id: 0xc41b4d35, L:/127.0.0.1:59971 - R:localhost/127.0.0.1:57634]' for 'POST' to 'http://localhost:57634/session/ac7cd6ab18bef1c224bd3d8f1646b6e9/element'
16:23:48.269 [Forwarding findElement on session ac7cd6ab18bef1c224bd3d8f1646b6e9 to remote] DEBUG org.asynchttpclient.netty.request.NettyRequestSender - Using open Channel [id: 0xc41b4d35, L:/127.0.0.1:59971 - R:localhost/127.0.0.1:57634] for POST '/session/ac7cd6ab18bef1c224bd3d8f1646b6e9/element'
16:23:48.279 [AsyncHttpClient-1-16] DEBUG org.asynchttpclient.netty.handler.HttpHandler - 

Request DefaultHttpRequest(decodeResult: success, version: HTTP/1.1)
POST /session/ac7cd6ab18bef1c224bd3d8f1646b6e9/element HTTP/1.1
User-Agent: selenium/4.1.2 (java windows)
Content-Length: 102
Content-Type: application/json; charset=utf-8
host: localhost:57634
accept: */*

Response DefaultHttpResponse(decodeResult: success, version: HTTP/1.1)
HTTP/1.1 200 OK
Content-Type: application/json; charset=utf-8
cache-control: no-cache
content-length: 88

16:23:48.279 [AsyncHttpClient-1-16] DEBUG org.asynchttpclient.netty.channel.ChannelManager - Adding key: http://localhost:57634 for channel [id: 0xc41b4d35, L:/127.0.0.1:59971 - R:localhost/127.0.0.1:57634]
16:23:48.281 [Forwarding clickElement on session ac7cd6ab18bef1c224bd3d8f1646b6e9 to remote] DEBUG org.asynchttpclient.netty.request.NettyRequestSender - Using pooled Channel '[id: 0xc41b4d35, L:/127.0.0.1:59971 - R:localhost/127.0.0.1:57634]' for 'POST' to 'http://localhost:57634/session/ac7cd6ab18bef1c224bd3d8f1646b6e9/element/c7ab0899-5a61-4f19-951e-1b5123648434/click'
16:23:48.281 [Forwarding clickElement on session ac7cd6ab18bef1c224bd3d8f1646b6e9 to remote] DEBUG org.asynchttpclient.netty.request.NettyRequestSender - Using open Channel [id: 0xc41b4d35, L:/127.0.0.1:59971 - R:localhost/127.0.0.1:57634] for POST '/session/ac7cd6ab18bef1c224bd3d8f1646b6e9/element/c7ab0899-5a61-4f19-951e-1b5123648434/click'
16:23:48.365 [AsyncHttpClient-1-1] DEBUG org.asynchttpclient.netty.channel.DefaultChannelPool - Entry count for : http://localhost:59972 : 1
16:23:48.498 [AsyncHttpClient-1-16] DEBUG org.asynchttpclient.netty.handler.HttpHandler - 

Request DefaultHttpRequest(decodeResult: success, version: HTTP/1.1)
POST /session/ac7cd6ab18bef1c224bd3d8f1646b6e9/element/c7ab0899-5a61-4f19-951e-1b5123648434/click HTTP/1.1
User-Agent: selenium/4.1.2 (java windows)
Content-Length: 50
Content-Type: application/json; charset=utf-8
host: localhost:57634
accept: */*

Response DefaultHttpResponse(decodeResult: success, version: HTTP/1.1)
HTTP/1.1 200 OK
Content-Type: application/json; charset=utf-8
cache-control: no-cache
content-length: 14

16:23:48.498 [AsyncHttpClient-1-16] DEBUG org.asynchttpclient.netty.channel.ChannelManager - Adding key: http://localhost:57634 for channel [id: 0xc41b4d35, L:/127.0.0.1:59971 - R:localhost/127.0.0.1:57634]
  &amp#27;[32mWhen &amp#27;[0m&amp#27;[32mI will go to &amp#27;[0m&amp#27;[32m&amp#27;[1m"gaun1"&amp#27;[0m       &amp#27;[90m# starter.stepdefinitions.BabyStep.iWillGoTo(java.lang.String)&amp#27;[0m
16:23:48.510 [Forwarding screenshot on session ac7cd6ab18bef1c224bd3d8f1646b6e9 to remote] DEBUG org.asynchttpclient.netty.request.NettyRequestSender - Using pooled Channel '[id: 0xc41b4d35, L:/127.0.0.1:59971 - R:localhost/127.0.0.1:57634]' for 'GET' to 'http://localhost:57634/session/ac7cd6ab18bef1c224bd3d8f1646b6e9/screenshot'
16:23:48.510 [Forwarding screenshot on session ac7cd6ab18bef1c224bd3d8f1646b6e9 to remote] DEBUG org.asynchttpclient.netty.request.NettyRequestSender - Using open Channel [id: 0xc41b4d35, L:/127.0.0.1:59971 - R:localhost/127.0.0.1:57634] for GET '/session/ac7cd6ab18bef1c224bd3d8f1646b6e9/screenshot'
16:23:48.857 [AsyncHttpClient-1-16] DEBUG org.asynchttpclient.netty.handler.HttpHandler - 

Request DefaultFullHttpRequest(decodeResult: success, version: HTTP/1.1, content: EmptyByteBufBE)
GET /session/ac7cd6ab18bef1c224bd3d8f1646b6e9/screenshot HTTP/1.1
User-Agent: selenium/4.1.2 (java windows)
Cache-Control: no-cache
Content-Type: application/json; charset=utf-8
host: localhost:57634
accept: */*

Response DefaultHttpResponse(decodeResult: success, version: HTTP/1.1)
HTTP/1.1 200 OK
Content-Type: application/json; charset=utf-8
cache-control: no-cache
content-length: 56968

16:23:48.857 [AsyncHttpClient-1-16] DEBUG org.asynchttpclient.netty.channel.ChannelManager - Adding key: http://localhost:57634 for channel [id: 0xc41b4d35, L:/127.0.0.1:59971 - R:localhost/127.0.0.1:57634]
16:23:48.860 [main] DEBUG net.serenitybdd.core.photography.Darkroom - Send negative for processing for target\site\serenity\e96d3d8c3f7fb7d1a517346acf8aa24ad1f9f15a1a3a78773012dd04aa493508.png
16:23:48.860 [Darkroom Processing Line] DEBUG net.serenitybdd.core.photography.DarkroomProcessingLine - Processing screenshot image in /var/screenshots/screenshot-200245791992635686
16:23:48.860 [Darkroom Processing Line] DEBUG net.serenitybdd.core.photography.DarkroomProcessingLine - Saving screenshot to target\site\serenity\e96d3d8c3f7fb7d1a517346acf8aa24ad1f9f15a1a3a78773012dd04aa493508.png
16:23:48.865 [Forwarding findElement on session ac7cd6ab18bef1c224bd3d8f1646b6e9 to remote] DEBUG org.asynchttpclient.netty.request.NettyRequestSender - Using pooled Channel '[id: 0xc41b4d35, L:/127.0.0.1:59971 - R:localhost/127.0.0.1:57634]' for 'POST' to 'http://localhost:57634/session/ac7cd6ab18bef1c224bd3d8f1646b6e9/element'
16:23:48.865 [Forwarding findElement on session ac7cd6ab18bef1c224bd3d8f1646b6e9 to remote] DEBUG org.asynchttpclient.netty.request.NettyRequestSender - Using open Channel [id: 0xc41b4d35, L:/127.0.0.1:59971 - R:localhost/127.0.0.1:57634] for POST '/session/ac7cd6ab18bef1c224bd3d8f1646b6e9/element'
16:23:48.878 [AsyncHttpClient-1-16] DEBUG org.asynchttpclient.netty.handler.HttpHandler - 

Request DefaultHttpRequest(decodeResult: success, version: HTTP/1.1)
POST /session/ac7cd6ab18bef1c224bd3d8f1646b6e9/element HTTP/1.1
User-Agent: selenium/4.1.2 (java windows)
Content-Length: 86
Content-Type: application/json; charset=utf-8
host: localhost:57634
accept: */*

Response DefaultHttpResponse(decodeResult: success, version: HTTP/1.1)
HTTP/1.1 200 OK
Content-Type: application/json; charset=utf-8
cache-control: no-cache
content-length: 88

16:23:48.878 [AsyncHttpClient-1-16] DEBUG org.asynchttpclient.netty.channel.ChannelManager - Adding key: http://localhost:57634 for channel [id: 0xc41b4d35, L:/127.0.0.1:59971 - R:localhost/127.0.0.1:57634]
16:23:48.881 [Forwarding isElementDisplayed on session ac7cd6ab18bef1c224bd3d8f1646b6e9 to remote] DEBUG org.asynchttpclient.netty.request.NettyRequestSender - Using pooled Channel '[id: 0xc41b4d35, L:/127.0.0.1:59971 - R:localhost/127.0.0.1:57634]' for 'POST' to 'http://localhost:57634/session/ac7cd6ab18bef1c224bd3d8f1646b6e9/execute/sync'
16:23:48.881 [Forwarding isElementDisplayed on session ac7cd6ab18bef1c224bd3d8f1646b6e9 to remote] DEBUG org.asynchttpclient.netty.request.NettyRequestSender - Using open Channel [id: 0xc41b4d35, L:/127.0.0.1:59971 - R:localhost/127.0.0.1:57634] for POST '/session/ac7cd6ab18bef1c224bd3d8f1646b6e9/execute/sync'
16:23:48.893 [AsyncHttpClient-1-16] DEBUG org.asynchttpclient.netty.handler.HttpHandler - 

Request DefaultHttpRequest(decodeResult: success, version: HTTP/1.1)
POST /session/ac7cd6ab18bef1c224bd3d8f1646b6e9/execute/sync HTTP/1.1
User-Agent: selenium/4.1.2 (java windows)
Content-Length: 48780
Content-Type: application/json; charset=utf-8
host: localhost:57634
accept: */*

Response DefaultHttpResponse(decodeResult: success, version: HTTP/1.1)
HTTP/1.1 200 OK
Content-Type: application/json; charset=utf-8
cache-control: no-cache
content-length: 14

16:23:48.893 [AsyncHttpClient-1-16] DEBUG org.asynchttpclient.netty.channel.ChannelManager - Adding key: http://localhost:57634 for channel [id: 0xc41b4d35, L:/127.0.0.1:59971 - R:localhost/127.0.0.1:57634]
  &amp#27;[32mAnd &amp#27;[0m&amp#27;[32mI &amp#27;[0m&amp#27;[32m&amp#27;[1m"txtGaun1"&amp#27;[0m&amp#27;[32m page&amp#27;[0m           &amp#27;[90m# starter.stepdefinitions.BabyStep.iPage(java.lang.String)&amp#27;[0m
16:23:48.901 [AsyncHttpClient-1-2] DEBUG org.asynchttpclient.netty.handler.WebSocketHandler - Channel Closed: [id: 0xd69922cd, L:/127.0.0.1:59979 ! R:localhost/127.0.0.1:59972] with attribute NettyResponseFuture{currentRetry=5,
	isDone=1,
	isCancelled=0,
	asyncHandler=org.asynchttpclient.ws.WebSocketUpgradeHandler@8dee3d3,
	nettyRequest=org.asynchttpclient.netty.request.NettyRequest@2bc518b,
	future=java.util.concurrent.CompletableFuture@2b5043e0[Completed normally],
	uri=ws://localhost:59972/devtools/browser/70c76bc1-cffa-4d8a-b927-918fcb35b488,
	keepAlive=true,
	redirectCount=0,
	timeoutsHolder=null,
	inAuth=0,
	touch=1680859415782}
16:23:48.901 [AsyncHttpClient-1-2] DEBUG org.asynchttpclient.netty.channel.ChannelManager - Closing Channel [id: 0xd69922cd, L:/127.0.0.1:59979 ! R:localhost/127.0.0.1:59972] 
16:23:48.902 [Driver Command Executor] DEBUG org.asynchttpclient.netty.request.NettyRequestSender - Using pooled Channel '[id: 0xc41b4d35, L:/127.0.0.1:59971 - R:localhost/127.0.0.1:57634]' for 'DELETE' to 'http://localhost:57634/session/ac7cd6ab18bef1c224bd3d8f1646b6e9'
16:23:48.902 [Driver Command Executor] DEBUG org.asynchttpclient.netty.request.NettyRequestSender - Using open Channel [id: 0xc41b4d35, L:/127.0.0.1:59971 - R:localhost/127.0.0.1:57634] for DELETE '/session/ac7cd6ab18bef1c224bd3d8f1646b6e9'
16:23:48.921 [AsyncHttpClient-1-17] DEBUG org.asynchttpclient.netty.handler.HttpHandler - Unexpected I/O exception on channel [id: 0xb9332c63, L:/127.0.0.1:59978 - R:localhost/127.0.0.1:59972]
java.net.SocketException: Connection reset
	at java.base/sun.nio.ch.SocketChannelImpl.throwConnectionReset(SocketChannelImpl.java:345)
	at java.base/sun.nio.ch.SocketChannelImpl.read(SocketChannelImpl.java:376)
	at io.netty.buffer.PooledByteBuf.setBytes(PooledByteBuf.java:258)
	at io.netty.buffer.AbstractByteBuf.writeBytes(AbstractByteBuf.java:1132)
	at io.netty.channel.socket.nio.NioSocketChannel.doReadBytes(NioSocketChannel.java:350)
	at io.netty.channel.nio.AbstractNioByteChannel$NioByteUnsafe.read(AbstractNioByteChannel.java:151)
	at io.netty.channel.nio.NioEventLoop.processSelectedKey(NioEventLoop.java:722)
	at io.netty.channel.nio.NioEventLoop.processSelectedKeysOptimized(NioEventLoop.java:658)
	at io.netty.channel.nio.NioEventLoop.processSelectedKeys(NioEventLoop.java:584)
	at io.netty.channel.nio.NioEventLoop.run(NioEventLoop.java:496)
	at io.netty.util.concurrent.SingleThreadEventExecutor$4.run(SingleThreadEventExecutor.java:986)
	at io.netty.util.internal.ThreadExecutorMap$2.run(ThreadExecutorMap.java:74)
	at io.netty.util.concurrent.FastThreadLocalRunnable.run(FastThreadLocalRunnable.java:30)
	at java.base/java.lang.Thread.run(Thread.java:830)
16:23:48.921 [AsyncHttpClient-1-17] DEBUG org.asynchttpclient.netty.channel.ChannelManager - Closing Channel [id: 0xb9332c63, L:/127.0.0.1:59978 - R:localhost/127.0.0.1:59972] 
16:23:48.921 [AsyncHttpClient-1-17] DEBUG org.asynchttpclient.netty.handler.HttpHandler - Channel Closed: [id: 0xb9332c63, L:/127.0.0.1:59978 ! R:localhost/127.0.0.1:59972] with attribute DISCARD
16:23:48.967 [AsyncHttpClient-1-16] DEBUG org.asynchttpclient.netty.handler.HttpHandler - 

Request DefaultFullHttpRequest(decodeResult: success, version: HTTP/1.1, content: EmptyByteBufBE)
DELETE /session/ac7cd6ab18bef1c224bd3d8f1646b6e9 HTTP/1.1
User-Agent: selenium/4.1.2 (java windows)
Content-Type: application/json; charset=utf-8
host: localhost:57634
accept: */*

Response DefaultHttpResponse(decodeResult: success, version: HTTP/1.1)
HTTP/1.1 200 OK
Content-Type: application/json; charset=utf-8
cache-control: no-cache
content-length: 14

16:23:48.969 [AsyncHttpClient-1-16] DEBUG org.asynchttpclient.netty.channel.ChannelManager - Adding key: http://localhost:57634 for channel [id: 0xc41b4d35, L:/127.0.0.1:59971 - R:localhost/127.0.0.1:57634]
16:23:49.103 [AsyncHttpClient-1-16] DEBUG org.asynchttpclient.netty.handler.HttpHandler - Channel Closed: [id: 0xc41b4d35, L:/127.0.0.1:59971 ! R:localhost/127.0.0.1:57634] with attribute DISCARD
16:23:49.467 [AsyncHttpClient-1-1] DEBUG org.asynchttpclient.netty.channel.DefaultChannelPool - Entry count for : http://localhost:59972 : 1
16:23:49.467 [AsyncHttpClient-1-1] DEBUG org.asynchttpclient.netty.channel.DefaultChannelPool - Entry count for : http://localhost:57634 : 1
16:23:49.467 [AsyncHttpClient-1-1] DEBUG org.asynchttpclient.netty.channel.DefaultChannelPool - Adding Candidate expired Channel [id: 0xb9332c63, L:/127.0.0.1:59978 ! R:localhost/127.0.0.1:59972] isIdleTimeoutExpired=false isRemotelyClosed=true isTtlExpired=false
16:23:49.467 [AsyncHttpClient-1-1] DEBUG org.asynchttpclient.netty.channel.DefaultChannelPool - Closing Idle Channel [id: 0xb9332c63, L:/127.0.0.1:59978 ! R:localhost/127.0.0.1:59972]
16:23:49.467 [AsyncHttpClient-1-1] DEBUG org.asynchttpclient.netty.channel.DefaultChannelPool - Adding Candidate expired Channel [id: 0xc41b4d35, L:/127.0.0.1:59971 ! R:localhost/127.0.0.1:57634] isIdleTimeoutExpired=false isRemotelyClosed=true isTtlExpired=false
16:23:49.467 [AsyncHttpClient-1-1] DEBUG org.asynchttpclient.netty.channel.DefaultChannelPool - Closing Idle Channel [id: 0xc41b4d35, L:/127.0.0.1:59971 ! R:localhost/127.0.0.1:57634]
16:23:49.467 [AsyncHttpClient-1-1] DEBUG org.asynchttpclient.netty.channel.DefaultChannelPool - Closed 2 connections out of 2 in 0 ms
]]></system-out>
    <system-err><![CDATA[Starting Microsoft Edge WebDriver 111.0.1661.62 (0a8f453929e6410c973aa529a40485ce4e3e03db) on port 57634
To submit feedback, report a bug, or suggest new features, please visit https://github.com/MicrosoftEdge/EdgeWebDriver

Only local connections are allowed.
Please see https://aka.ms/WebDriverSecurity for suggestions on keeping Microsoft Edge WebDriver safe.

Microsoft Edge WebDriver was started successfully.
Apr 07, 2023 4:23:35 PM org.openqa.selenium.remote.ProtocolHandshake createSession
INFO: Detected dialect: W3C
Apr 07, 2023 4:23:35 PM org.openqa.selenium.devtools.CdpVersionFinder findNearestMatch
WARNING: Unable to find an exact match for CDP version 111, so returning the closest version found: a no-op implementation
Apr 07, 2023 4:23:35 PM org.openqa.selenium.devtools.CdpVersionFinder findNearestMatch
INFO: Unable to find CDP implementation matching 111.
Apr 07, 2023 4:23:35 PM org.openqa.selenium.chromium.ChromiumDriver lambda$new$3
WARNING: Unable to find version of CDP to use for . You may need to include a dependency on a specific version of the CDP using something similar to `org.seleniumhq.selenium:selenium-devtools-v86:4.1.2` where the version ("v86") matches the version of the chromium-based browser you're using and the version number of the artifact is the same as Selenium's.
]]></system-err>
  </testcase>
  <testcase name="Fitur Menu Baby #12" classname="Baby" time="16.439">
    <system-out><![CDATA[
Scenario Outline: Fitur Menu Baby &amp#27;[90m# src/test/resources/features/Baby.feature:24&amp#27;[0m
16:23:49.720 [main] INFO io.cucumber.core.plugin.SerenityReporter - Running feature from file:///C:/Users/alwi/IdeaProjects/uniqloweb/src/test/resources/features/Baby.feature
16:23:49.857 [main] DEBUG io.github.bonigarcia.wdm.cache.ResolutionCache - Resolution edge=111 in cache (valid until 17:21:26 07/04/2023 WIB)
16:23:49.860 [main] DEBUG io.github.bonigarcia.wdm.cache.ResolutionCache - Resolution edge111=111.0.1661.62 in cache (valid until 15:02:35 08/04/2023 WIB)
16:23:49.861 [main] INFO io.github.bonigarcia.wdm.WebDriverManager - Using msedgedriver 111.0.1661.62 (resolved driver for Edge 111)
16:23:49.871 [main] DEBUG io.github.bonigarcia.wdm.WebDriverManager - Driver msedgedriver 111.0.1661.62 found in cache
16:23:49.872 [main] INFO io.github.bonigarcia.wdm.WebDriverManager - Exporting webdriver.edge.driver as C:\Users\alwi\.cache\selenium\msedgedriver\win64\111.0.1661.62\msedgedriver.exe
16:23:49.873 [main] DEBUG net.serenitybdd.core.webdriver.driverproviders.ProvideNewDriver - Instantiating driver
16:23:49.873 [main] DEBUG net.serenitybdd.core.webdriver.driverproviders.ProvideNewDriver - Driver capabilities: Capabilities {base.url: https://www.uniqlo.com, chrome.driver: src/test/resources/webdrive..., driver: edge, ms:edgeChromium: true, ms:edgeOptions: {}, wait.for.timeout: 6000}
16:23:50.408 [AsyncHttpClient-1-3] DEBUG org.asynchttpclient.netty.channel.NettyConnectListener - Using new Channel '[id: 0x51f7a337, L:/127.0.0.1:60130 - R:localhost/127.0.0.1:51400]' for 'POST' to '/session'
16:23:51.021 [AsyncHttpClient-1-3] DEBUG org.asynchttpclient.netty.handler.HttpHandler - 

Request DefaultHttpRequest(decodeResult: success, version: HTTP/1.1)
POST /session HTTP/1.1
User-Agent: selenium/4.1.2 (java windows)
Content-Length: 627
Content-Type: application/json; charset=utf-8
host: localhost:51400
accept: */*

Response DefaultHttpResponse(decodeResult: success, version: HTTP/1.1)
HTTP/1.1 200 OK
Content-Type: application/json; charset=utf-8
cache-control: no-cache
content-length: 822

16:23:51.021 [AsyncHttpClient-1-3] DEBUG org.asynchttpclient.netty.channel.ChannelManager - Adding key: http://localhost:51400 for channel [id: 0x51f7a337, L:/127.0.0.1:60130 - R:localhost/127.0.0.1:51400]
16:23:51.027 [AsyncHttpClient-1-4] DEBUG org.asynchttpclient.netty.channel.NettyConnectListener - Using new Channel '[id: 0xa491d79b, L:/127.0.0.1:60138 - R:localhost/127.0.0.1:60131]' for 'GET' to '/json/version'
16:23:51.028 [AsyncHttpClient-1-4] DEBUG org.asynchttpclient.netty.handler.HttpHandler - 

Request DefaultFullHttpRequest(decodeResult: success, version: HTTP/1.1, content: EmptyByteBufBE)
GET /json/version HTTP/1.1
User-Agent: selenium/4.1.2 (java windows)
host: localhost:60131
accept: */*

Response DefaultHttpResponse(decodeResult: success, version: HTTP/1.1)
HTTP/1.1 200 OK
Content-Security-Policy: frame-ancestors 'none'
Content-Type: application/json; charset=UTF-8
content-length: 436

16:23:51.028 [AsyncHttpClient-1-4] DEBUG org.asynchttpclient.netty.channel.ChannelManager - Adding key: http://localhost:60131 for channel [id: 0xa491d79b, L:/127.0.0.1:60138 - R:localhost/127.0.0.1:60131]
16:23:51.030 [AsyncHttpClient-1-5] DEBUG org.asynchttpclient.netty.channel.NettyConnectListener - Using new Channel '[id: 0xe5f237dc, L:/127.0.0.1:60139 - R:localhost/127.0.0.1:60131]' for 'GET' to '/devtools/browser/858b6e80-922c-44a7-a13b-c47a975a41c6'
16:23:51.031 [AsyncHttpClient-1-5] DEBUG org.asynchttpclient.netty.handler.WebSocketHandler - 

Request DefaultFullHttpRequest(decodeResult: success, version: HTTP/1.1, content: EmptyByteBufBE)
GET /devtools/browser/858b6e80-922c-44a7-a13b-c47a975a41c6 HTTP/1.1
upgrade: websocket
connection: upgrade
sec-websocket-key: xSBM7+/HGZEPRzi0TPE8qg==
sec-websocket-version: 13
origin: http://localhost:60131
host: localhost:60131
accept: */*
user-agent: AHC/2.1

Response DefaultHttpResponse(decodeResult: success, version: HTTP/1.1)
HTTP/1.1 101 WebSocket Protocol Handshake
Upgrade: WebSocket
Connection: Upgrade
Sec-WebSocket-Accept: dOMZaLu0iiK3OWcTT5QxqAiJSC0=

16:23:51.034 [Forwarding get on session 3a238ea8edbeee945e0c1eea229912d7 to remote] DEBUG org.asynchttpclient.netty.request.NettyRequestSender - Using pooled Channel '[id: 0x51f7a337, L:/127.0.0.1:60130 - R:localhost/127.0.0.1:51400]' for 'POST' to 'http://localhost:51400/session/3a238ea8edbeee945e0c1eea229912d7/url'
16:23:51.034 [Forwarding get on session 3a238ea8edbeee945e0c1eea229912d7 to remote] DEBUG org.asynchttpclient.netty.request.NettyRequestSender - Using open Channel [id: 0x51f7a337, L:/127.0.0.1:60130 - R:localhost/127.0.0.1:51400] for POST '/session/3a238ea8edbeee945e0c1eea229912d7/url'
16:23:51.666 [AsyncHttpClient-1-1] DEBUG org.asynchttpclient.netty.channel.DefaultChannelPool - Entry count for : http://localhost:60131 : 1
16:23:52.766 [AsyncHttpClient-1-1] DEBUG org.asynchttpclient.netty.channel.DefaultChannelPool - Entry count for : http://localhost:60131 : 1
16:23:53.870 [AsyncHttpClient-1-1] DEBUG org.asynchttpclient.netty.channel.DefaultChannelPool - Entry count for : http://localhost:60131 : 1
16:23:54.968 [AsyncHttpClient-1-1] DEBUG org.asynchttpclient.netty.channel.DefaultChannelPool - Entry count for : http://localhost:60131 : 1
16:23:56.065 [AsyncHttpClient-1-1] DEBUG org.asynchttpclient.netty.channel.DefaultChannelPool - Entry count for : http://localhost:60131 : 1
16:23:57.165 [AsyncHttpClient-1-1] DEBUG org.asynchttpclient.netty.channel.DefaultChannelPool - Entry count for : http://localhost:60131 : 1
16:23:58.265 [AsyncHttpClient-1-1] DEBUG org.asynchttpclient.netty.channel.DefaultChannelPool - Entry count for : http://localhost:60131 : 1
16:23:59.381 [AsyncHttpClient-1-1] DEBUG org.asynchttpclient.netty.channel.DefaultChannelPool - Entry count for : http://localhost:60131 : 1
16:24:00.475 [AsyncHttpClient-1-1] DEBUG org.asynchttpclient.netty.channel.DefaultChannelPool - Entry count for : http://localhost:60131 : 1
16:24:01.566 [AsyncHttpClient-1-1] DEBUG org.asynchttpclient.netty.channel.DefaultChannelPool - Entry count for : http://localhost:60131 : 1
16:24:02.666 [AsyncHttpClient-1-1] DEBUG org.asynchttpclient.netty.channel.DefaultChannelPool - Entry count for : http://localhost:60131 : 1
16:24:02.865 [AsyncHttpClient-1-3] DEBUG org.asynchttpclient.netty.handler.HttpHandler - 

Request DefaultHttpRequest(decodeResult: success, version: HTTP/1.1)
POST /session/3a238ea8edbeee945e0c1eea229912d7/url HTTP/1.1
User-Agent: selenium/4.1.2 (java windows)
Content-Length: 53
Content-Type: application/json; charset=utf-8
host: localhost:51400
accept: */*

Response DefaultHttpResponse(decodeResult: success, version: HTTP/1.1)
HTTP/1.1 200 OK
Content-Type: application/json; charset=utf-8
cache-control: no-cache
content-length: 14

16:24:02.865 [AsyncHttpClient-1-3] DEBUG org.asynchttpclient.netty.channel.ChannelManager - Adding key: http://localhost:51400 for channel [id: 0x51f7a337, L:/127.0.0.1:60130 - R:localhost/127.0.0.1:51400]
16:24:02.866 [Forwarding setTimeout on session 3a238ea8edbeee945e0c1eea229912d7 to remote] DEBUG org.asynchttpclient.netty.request.NettyRequestSender - Using pooled Channel '[id: 0x51f7a337, L:/127.0.0.1:60130 - R:localhost/127.0.0.1:51400]' for 'POST' to 'http://localhost:51400/session/3a238ea8edbeee945e0c1eea229912d7/timeouts'
16:24:02.866 [Forwarding setTimeout on session 3a238ea8edbeee945e0c1eea229912d7 to remote] DEBUG org.asynchttpclient.netty.request.NettyRequestSender - Using open Channel [id: 0x51f7a337, L:/127.0.0.1:60130 - R:localhost/127.0.0.1:51400] for POST '/session/3a238ea8edbeee945e0c1eea229912d7/timeouts'
16:24:02.867 [AsyncHttpClient-1-3] DEBUG org.asynchttpclient.netty.handler.HttpHandler - 

Request DefaultHttpRequest(decodeResult: success, version: HTTP/1.1)
POST /session/3a238ea8edbeee945e0c1eea229912d7/timeouts HTTP/1.1
User-Agent: selenium/4.1.2 (java windows)
Content-Length: 22
Content-Type: application/json; charset=utf-8
host: localhost:51400
accept: */*

Response DefaultHttpResponse(decodeResult: success, version: HTTP/1.1)
HTTP/1.1 200 OK
Content-Type: application/json; charset=utf-8
cache-control: no-cache
content-length: 14

16:24:02.867 [AsyncHttpClient-1-3] DEBUG org.asynchttpclient.netty.channel.ChannelManager - Adding key: http://localhost:51400 for channel [id: 0x51f7a337, L:/127.0.0.1:60130 - R:localhost/127.0.0.1:51400]
16:24:02.871 [Forwarding getCurrentUrl on session 3a238ea8edbeee945e0c1eea229912d7 to remote] DEBUG org.asynchttpclient.netty.request.NettyRequestSender - Using pooled Channel '[id: 0x51f7a337, L:/127.0.0.1:60130 - R:localhost/127.0.0.1:51400]' for 'GET' to 'http://localhost:51400/session/3a238ea8edbeee945e0c1eea229912d7/url'
16:24:02.872 [Forwarding getCurrentUrl on session 3a238ea8edbeee945e0c1eea229912d7 to remote] DEBUG org.asynchttpclient.netty.request.NettyRequestSender - Using open Channel [id: 0x51f7a337, L:/127.0.0.1:60130 - R:localhost/127.0.0.1:51400] for GET '/session/3a238ea8edbeee945e0c1eea229912d7/url'
16:24:02.875 [AsyncHttpClient-1-3] DEBUG org.asynchttpclient.netty.handler.HttpHandler - 

Request DefaultFullHttpRequest(decodeResult: success, version: HTTP/1.1, content: EmptyByteBufBE)
GET /session/3a238ea8edbeee945e0c1eea229912d7/url HTTP/1.1
User-Agent: selenium/4.1.2 (java windows)
Cache-Control: no-cache
Content-Type: application/json; charset=utf-8
host: localhost:51400
accept: */*

Response DefaultHttpResponse(decodeResult: success, version: HTTP/1.1)
HTTP/1.1 200 OK
Content-Type: application/json; charset=utf-8
cache-control: no-cache
content-length: 41

16:24:02.876 [AsyncHttpClient-1-3] DEBUG org.asynchttpclient.netty.channel.ChannelManager - Adding key: http://localhost:51400 for channel [id: 0x51f7a337, L:/127.0.0.1:60130 - R:localhost/127.0.0.1:51400]
  &amp#27;[32mGiven &amp#27;[0m&amp#27;[32mI am on the home page&amp#27;[0m     &amp#27;[90m# starter.stepdefinitions.BabyStep.iAmOnTheHomePage()&amp#27;[0m
16:24:02.881 [Forwarding screenshot on session 3a238ea8edbeee945e0c1eea229912d7 to remote] DEBUG org.asynchttpclient.netty.request.NettyRequestSender - Using pooled Channel '[id: 0x51f7a337, L:/127.0.0.1:60130 - R:localhost/127.0.0.1:51400]' for 'GET' to 'http://localhost:51400/session/3a238ea8edbeee945e0c1eea229912d7/screenshot'
16:24:02.881 [Forwarding screenshot on session 3a238ea8edbeee945e0c1eea229912d7 to remote] DEBUG org.asynchttpclient.netty.request.NettyRequestSender - Using open Channel [id: 0x51f7a337, L:/127.0.0.1:60130 - R:localhost/127.0.0.1:51400] for GET '/session/3a238ea8edbeee945e0c1eea229912d7/screenshot'
16:24:03.212 [AsyncHttpClient-1-3] DEBUG org.asynchttpclient.netty.handler.HttpHandler - 

Request DefaultFullHttpRequest(decodeResult: success, version: HTTP/1.1, content: EmptyByteBufBE)
GET /session/3a238ea8edbeee945e0c1eea229912d7/screenshot HTTP/1.1
User-Agent: selenium/4.1.2 (java windows)
Cache-Control: no-cache
Content-Type: application/json; charset=utf-8
host: localhost:51400
accept: */*

Response DefaultHttpResponse(decodeResult: success, version: HTTP/1.1)
HTTP/1.1 200 OK
Content-Type: application/json; charset=utf-8
cache-control: no-cache
content-length: 1022316

16:24:03.215 [AsyncHttpClient-1-3] DEBUG org.asynchttpclient.netty.channel.ChannelManager - Adding key: http://localhost:51400 for channel [id: 0x51f7a337, L:/127.0.0.1:60130 - R:localhost/127.0.0.1:51400]
16:24:03.250 [main] DEBUG net.serenitybdd.core.photography.Darkroom - Send negative for processing for target\site\serenity\b0ddf3608b8f51a6a3adc36e4acd901b7a2c5b7adc6fd42a924a7c7a6358c0ea.png
16:24:03.261 [Forwarding findElement on session 3a238ea8edbeee945e0c1eea229912d7 to remote] DEBUG org.asynchttpclient.netty.request.NettyRequestSender - Using pooled Channel '[id: 0x51f7a337, L:/127.0.0.1:60130 - R:localhost/127.0.0.1:51400]' for 'POST' to 'http://localhost:51400/session/3a238ea8edbeee945e0c1eea229912d7/element'
16:24:03.261 [Forwarding findElement on session 3a238ea8edbeee945e0c1eea229912d7 to remote] DEBUG org.asynchttpclient.netty.request.NettyRequestSender - Using open Channel [id: 0x51f7a337, L:/127.0.0.1:60130 - R:localhost/127.0.0.1:51400] for POST '/session/3a238ea8edbeee945e0c1eea229912d7/element'
16:24:03.279 [AsyncHttpClient-1-3] DEBUG org.asynchttpclient.netty.handler.HttpHandler - 

Request DefaultHttpRequest(decodeResult: success, version: HTTP/1.1)
POST /session/3a238ea8edbeee945e0c1eea229912d7/element HTTP/1.1
User-Agent: selenium/4.1.2 (java windows)
Content-Length: 81
Content-Type: application/json; charset=utf-8
host: localhost:51400
accept: */*

Response DefaultHttpResponse(decodeResult: success, version: HTTP/1.1)
HTTP/1.1 200 OK
Content-Type: application/json; charset=utf-8
cache-control: no-cache
content-length: 88

16:24:03.279 [AsyncHttpClient-1-3] DEBUG org.asynchttpclient.netty.channel.ChannelManager - Adding key: http://localhost:51400 for channel [id: 0x51f7a337, L:/127.0.0.1:60130 - R:localhost/127.0.0.1:51400]
16:24:03.282 [Forwarding getElementTagName on session 3a238ea8edbeee945e0c1eea229912d7 to remote] DEBUG org.asynchttpclient.netty.request.NettyRequestSender - Using pooled Channel '[id: 0x51f7a337, L:/127.0.0.1:60130 - R:localhost/127.0.0.1:51400]' for 'GET' to 'http://localhost:51400/session/3a238ea8edbeee945e0c1eea229912d7/element/e94d4f59-8415-46a9-9f9d-cbbfaa0d4bb6/name'
16:24:03.282 [Forwarding getElementTagName on session 3a238ea8edbeee945e0c1eea229912d7 to remote] DEBUG org.asynchttpclient.netty.request.NettyRequestSender - Using open Channel [id: 0x51f7a337, L:/127.0.0.1:60130 - R:localhost/127.0.0.1:51400] for GET '/session/3a238ea8edbeee945e0c1eea229912d7/element/e94d4f59-8415-46a9-9f9d-cbbfaa0d4bb6/name'
16:24:03.290 [AsyncHttpClient-1-3] DEBUG org.asynchttpclient.netty.handler.HttpHandler - 

Request DefaultFullHttpRequest(decodeResult: success, version: HTTP/1.1, content: EmptyByteBufBE)
GET /session/3a238ea8edbeee945e0c1eea229912d7/element/e94d4f59-8415-46a9-9f9d-cbbfaa0d4bb6/name HTTP/1.1
User-Agent: selenium/4.1.2 (java windows)
Cache-Control: no-cache
Content-Type: application/json; charset=utf-8
host: localhost:51400
accept: */*

Response DefaultHttpResponse(decodeResult: success, version: HTTP/1.1)
HTTP/1.1 200 OK
Content-Type: application/json; charset=utf-8
cache-control: no-cache
content-length: 16

16:24:03.291 [AsyncHttpClient-1-3] DEBUG org.asynchttpclient.netty.channel.ChannelManager - Adding key: http://localhost:51400 for channel [id: 0x51f7a337, L:/127.0.0.1:60130 - R:localhost/127.0.0.1:51400]
16:24:03.292 [Forwarding getElementTagName on session 3a238ea8edbeee945e0c1eea229912d7 to remote] DEBUG org.asynchttpclient.netty.request.NettyRequestSender - Using pooled Channel '[id: 0x51f7a337, L:/127.0.0.1:60130 - R:localhost/127.0.0.1:51400]' for 'GET' to 'http://localhost:51400/session/3a238ea8edbeee945e0c1eea229912d7/element/e94d4f59-8415-46a9-9f9d-cbbfaa0d4bb6/name'
16:24:03.292 [Forwarding getElementTagName on session 3a238ea8edbeee945e0c1eea229912d7 to remote] DEBUG org.asynchttpclient.netty.request.NettyRequestSender - Using open Channel [id: 0x51f7a337, L:/127.0.0.1:60130 - R:localhost/127.0.0.1:51400] for GET '/session/3a238ea8edbeee945e0c1eea229912d7/element/e94d4f59-8415-46a9-9f9d-cbbfaa0d4bb6/name'
16:24:03.296 [AsyncHttpClient-1-3] DEBUG org.asynchttpclient.netty.handler.HttpHandler - 

Request DefaultFullHttpRequest(decodeResult: success, version: HTTP/1.1, content: EmptyByteBufBE)
GET /session/3a238ea8edbeee945e0c1eea229912d7/element/e94d4f59-8415-46a9-9f9d-cbbfaa0d4bb6/name HTTP/1.1
User-Agent: selenium/4.1.2 (java windows)
Cache-Control: no-cache
Content-Type: application/json; charset=utf-8
host: localhost:51400
accept: */*

Response DefaultHttpResponse(decodeResult: success, version: HTTP/1.1)
HTTP/1.1 200 OK
Content-Type: application/json; charset=utf-8
cache-control: no-cache
content-length: 16

16:24:03.296 [AsyncHttpClient-1-3] DEBUG org.asynchttpclient.netty.channel.ChannelManager - Adding key: http://localhost:51400 for channel [id: 0x51f7a337, L:/127.0.0.1:60130 - R:localhost/127.0.0.1:51400]
16:24:03.299 [Forwarding findElement on session 3a238ea8edbeee945e0c1eea229912d7 to remote] DEBUG org.asynchttpclient.netty.request.NettyRequestSender - Using pooled Channel '[id: 0x51f7a337, L:/127.0.0.1:60130 - R:localhost/127.0.0.1:51400]' for 'POST' to 'http://localhost:51400/session/3a238ea8edbeee945e0c1eea229912d7/element'
16:24:03.300 [Forwarding findElement on session 3a238ea8edbeee945e0c1eea229912d7 to remote] DEBUG org.asynchttpclient.netty.request.NettyRequestSender - Using open Channel [id: 0x51f7a337, L:/127.0.0.1:60130 - R:localhost/127.0.0.1:51400] for POST '/session/3a238ea8edbeee945e0c1eea229912d7/element'
16:24:03.307 [AsyncHttpClient-1-3] DEBUG org.asynchttpclient.netty.handler.HttpHandler - 

Request DefaultHttpRequest(decodeResult: success, version: HTTP/1.1)
POST /session/3a238ea8edbeee945e0c1eea229912d7/element HTTP/1.1
User-Agent: selenium/4.1.2 (java windows)
Content-Length: 81
Content-Type: application/json; charset=utf-8
host: localhost:51400
accept: */*

Response DefaultHttpResponse(decodeResult: success, version: HTTP/1.1)
HTTP/1.1 200 OK
Content-Type: application/json; charset=utf-8
cache-control: no-cache
content-length: 88

16:24:03.307 [AsyncHttpClient-1-3] DEBUG org.asynchttpclient.netty.channel.ChannelManager - Adding key: http://localhost:51400 for channel [id: 0x51f7a337, L:/127.0.0.1:60130 - R:localhost/127.0.0.1:51400]
16:24:03.309 [Forwarding clickElement on session 3a238ea8edbeee945e0c1eea229912d7 to remote] DEBUG org.asynchttpclient.netty.request.NettyRequestSender - Using pooled Channel '[id: 0x51f7a337, L:/127.0.0.1:60130 - R:localhost/127.0.0.1:51400]' for 'POST' to 'http://localhost:51400/session/3a238ea8edbeee945e0c1eea229912d7/element/e94d4f59-8415-46a9-9f9d-cbbfaa0d4bb6/click'
16:24:03.309 [Forwarding clickElement on session 3a238ea8edbeee945e0c1eea229912d7 to remote] DEBUG org.asynchttpclient.netty.request.NettyRequestSender - Using open Channel [id: 0x51f7a337, L:/127.0.0.1:60130 - R:localhost/127.0.0.1:51400] for POST '/session/3a238ea8edbeee945e0c1eea229912d7/element/e94d4f59-8415-46a9-9f9d-cbbfaa0d4bb6/click'
16:24:03.755 [AsyncHttpClient-1-3] DEBUG org.asynchttpclient.netty.handler.HttpHandler - 

Request DefaultHttpRequest(decodeResult: success, version: HTTP/1.1)
POST /session/3a238ea8edbeee945e0c1eea229912d7/element/e94d4f59-8415-46a9-9f9d-cbbfaa0d4bb6/click HTTP/1.1
User-Agent: selenium/4.1.2 (java windows)
Content-Length: 50
Content-Type: application/json; charset=utf-8
host: localhost:51400
accept: */*

Response DefaultHttpResponse(decodeResult: success, version: HTTP/1.1)
HTTP/1.1 200 OK
Content-Type: application/json; charset=utf-8
cache-control: no-cache
content-length: 14

16:24:03.755 [AsyncHttpClient-1-3] DEBUG org.asynchttpclient.netty.channel.ChannelManager - Adding key: http://localhost:51400 for channel [id: 0x51f7a337, L:/127.0.0.1:60130 - R:localhost/127.0.0.1:51400]
  &amp#27;[32mThen &amp#27;[0m&amp#27;[32mI click baby on the header&amp#27;[0m &amp#27;[90m# starter.stepdefinitions.BabyStep.iClickBabyOnTheHeader()&amp#27;[0m
16:24:03.766 [Forwarding screenshot on session 3a238ea8edbeee945e0c1eea229912d7 to remote] DEBUG org.asynchttpclient.netty.request.NettyRequestSender - Using pooled Channel '[id: 0x51f7a337, L:/127.0.0.1:60130 - R:localhost/127.0.0.1:51400]' for 'GET' to 'http://localhost:51400/session/3a238ea8edbeee945e0c1eea229912d7/screenshot'
16:24:03.766 [Forwarding screenshot on session 3a238ea8edbeee945e0c1eea229912d7 to remote] DEBUG org.asynchttpclient.netty.request.NettyRequestSender - Using open Channel [id: 0x51f7a337, L:/127.0.0.1:60130 - R:localhost/127.0.0.1:51400] for GET '/session/3a238ea8edbeee945e0c1eea229912d7/screenshot'
16:24:03.769 [AsyncHttpClient-1-1] DEBUG org.asynchttpclient.netty.channel.DefaultChannelPool - Entry count for : http://localhost:60131 : 1
16:24:04.537 [AsyncHttpClient-1-3] DEBUG org.asynchttpclient.netty.handler.HttpHandler - 

Request DefaultFullHttpRequest(decodeResult: success, version: HTTP/1.1, content: EmptyByteBufBE)
GET /session/3a238ea8edbeee945e0c1eea229912d7/screenshot HTTP/1.1
User-Agent: selenium/4.1.2 (java windows)
Cache-Control: no-cache
Content-Type: application/json; charset=utf-8
host: localhost:51400
accept: */*

Response DefaultHttpResponse(decodeResult: success, version: HTTP/1.1)
HTTP/1.1 200 OK
Content-Type: application/json; charset=utf-8
cache-control: no-cache
content-length: 140928

16:24:04.537 [AsyncHttpClient-1-3] DEBUG org.asynchttpclient.netty.channel.ChannelManager - Adding key: http://localhost:51400 for channel [id: 0x51f7a337, L:/127.0.0.1:60130 - R:localhost/127.0.0.1:51400]
16:24:04.542 [main] DEBUG net.serenitybdd.core.photography.Darkroom - Send negative for processing for target\site\serenity\786617e4ca544c18a04464c1022fd0454641cf9c24e13196ee68bc41efb1dbb8.png
16:24:04.542 [Darkroom Processing Line] DEBUG net.serenitybdd.core.photography.DarkroomProcessingLine - Processing screenshot image in /var/screenshots/screenshot-18411885856266057238
16:24:04.542 [Darkroom Processing Line] DEBUG net.serenitybdd.core.photography.DarkroomProcessingLine - Saving screenshot to target\site\serenity\786617e4ca544c18a04464c1022fd0454641cf9c24e13196ee68bc41efb1dbb8.png
16:24:04.551 [Forwarding findElement on session 3a238ea8edbeee945e0c1eea229912d7 to remote] DEBUG org.asynchttpclient.netty.request.NettyRequestSender - Using pooled Channel '[id: 0x51f7a337, L:/127.0.0.1:60130 - R:localhost/127.0.0.1:51400]' for 'POST' to 'http://localhost:51400/session/3a238ea8edbeee945e0c1eea229912d7/element'
16:24:04.552 [Forwarding findElement on session 3a238ea8edbeee945e0c1eea229912d7 to remote] DEBUG org.asynchttpclient.netty.request.NettyRequestSender - Using open Channel [id: 0x51f7a337, L:/127.0.0.1:60130 - R:localhost/127.0.0.1:51400] for POST '/session/3a238ea8edbeee945e0c1eea229912d7/element'
16:24:04.565 [AsyncHttpClient-1-3] DEBUG org.asynchttpclient.netty.handler.HttpHandler - 

Request DefaultHttpRequest(decodeResult: success, version: HTTP/1.1)
POST /session/3a238ea8edbeee945e0c1eea229912d7/element HTTP/1.1
User-Agent: selenium/4.1.2 (java windows)
Content-Length: 104
Content-Type: application/json; charset=utf-8
host: localhost:51400
accept: */*

Response DefaultHttpResponse(decodeResult: success, version: HTTP/1.1)
HTTP/1.1 200 OK
Content-Type: application/json; charset=utf-8
cache-control: no-cache
content-length: 88

16:24:04.565 [AsyncHttpClient-1-3] DEBUG org.asynchttpclient.netty.channel.ChannelManager - Adding key: http://localhost:51400 for channel [id: 0x51f7a337, L:/127.0.0.1:60130 - R:localhost/127.0.0.1:51400]
16:24:04.567 [Forwarding getElementTagName on session 3a238ea8edbeee945e0c1eea229912d7 to remote] DEBUG org.asynchttpclient.netty.request.NettyRequestSender - Using pooled Channel '[id: 0x51f7a337, L:/127.0.0.1:60130 - R:localhost/127.0.0.1:51400]' for 'GET' to 'http://localhost:51400/session/3a238ea8edbeee945e0c1eea229912d7/element/ccb60857-7b25-43bd-9c5e-773199d797f0/name'
16:24:04.567 [Forwarding getElementTagName on session 3a238ea8edbeee945e0c1eea229912d7 to remote] DEBUG org.asynchttpclient.netty.request.NettyRequestSender - Using open Channel [id: 0x51f7a337, L:/127.0.0.1:60130 - R:localhost/127.0.0.1:51400] for GET '/session/3a238ea8edbeee945e0c1eea229912d7/element/ccb60857-7b25-43bd-9c5e-773199d797f0/name'
16:24:04.570 [AsyncHttpClient-1-3] DEBUG org.asynchttpclient.netty.handler.HttpHandler - 

Request DefaultFullHttpRequest(decodeResult: success, version: HTTP/1.1, content: EmptyByteBufBE)
GET /session/3a238ea8edbeee945e0c1eea229912d7/element/ccb60857-7b25-43bd-9c5e-773199d797f0/name HTTP/1.1
User-Agent: selenium/4.1.2 (java windows)
Cache-Control: no-cache
Content-Type: application/json; charset=utf-8
host: localhost:51400
accept: */*

Response DefaultHttpResponse(decodeResult: success, version: HTTP/1.1)
HTTP/1.1 200 OK
Content-Type: application/json; charset=utf-8
cache-control: no-cache
content-length: 16

16:24:04.570 [AsyncHttpClient-1-3] DEBUG org.asynchttpclient.netty.channel.ChannelManager - Adding key: http://localhost:51400 for channel [id: 0x51f7a337, L:/127.0.0.1:60130 - R:localhost/127.0.0.1:51400]
16:24:04.571 [Forwarding getElementTagName on session 3a238ea8edbeee945e0c1eea229912d7 to remote] DEBUG org.asynchttpclient.netty.request.NettyRequestSender - Using pooled Channel '[id: 0x51f7a337, L:/127.0.0.1:60130 - R:localhost/127.0.0.1:51400]' for 'GET' to 'http://localhost:51400/session/3a238ea8edbeee945e0c1eea229912d7/element/ccb60857-7b25-43bd-9c5e-773199d797f0/name'
16:24:04.571 [Forwarding getElementTagName on session 3a238ea8edbeee945e0c1eea229912d7 to remote] DEBUG org.asynchttpclient.netty.request.NettyRequestSender - Using open Channel [id: 0x51f7a337, L:/127.0.0.1:60130 - R:localhost/127.0.0.1:51400] for GET '/session/3a238ea8edbeee945e0c1eea229912d7/element/ccb60857-7b25-43bd-9c5e-773199d797f0/name'
16:24:04.574 [AsyncHttpClient-1-3] DEBUG org.asynchttpclient.netty.handler.HttpHandler - 

Request DefaultFullHttpRequest(decodeResult: success, version: HTTP/1.1, content: EmptyByteBufBE)
GET /session/3a238ea8edbeee945e0c1eea229912d7/element/ccb60857-7b25-43bd-9c5e-773199d797f0/name HTTP/1.1
User-Agent: selenium/4.1.2 (java windows)
Cache-Control: no-cache
Content-Type: application/json; charset=utf-8
host: localhost:51400
accept: */*

Response DefaultHttpResponse(decodeResult: success, version: HTTP/1.1)
HTTP/1.1 200 OK
Content-Type: application/json; charset=utf-8
cache-control: no-cache
content-length: 16

16:24:04.574 [AsyncHttpClient-1-3] DEBUG org.asynchttpclient.netty.channel.ChannelManager - Adding key: http://localhost:51400 for channel [id: 0x51f7a337, L:/127.0.0.1:60130 - R:localhost/127.0.0.1:51400]
16:24:04.577 [Forwarding findElement on session 3a238ea8edbeee945e0c1eea229912d7 to remote] DEBUG org.asynchttpclient.netty.request.NettyRequestSender - Using pooled Channel '[id: 0x51f7a337, L:/127.0.0.1:60130 - R:localhost/127.0.0.1:51400]' for 'POST' to 'http://localhost:51400/session/3a238ea8edbeee945e0c1eea229912d7/element'
16:24:04.577 [Forwarding findElement on session 3a238ea8edbeee945e0c1eea229912d7 to remote] DEBUG org.asynchttpclient.netty.request.NettyRequestSender - Using open Channel [id: 0x51f7a337, L:/127.0.0.1:60130 - R:localhost/127.0.0.1:51400] for POST '/session/3a238ea8edbeee945e0c1eea229912d7/element'
16:24:04.585 [AsyncHttpClient-1-3] DEBUG org.asynchttpclient.netty.handler.HttpHandler - 

Request DefaultHttpRequest(decodeResult: success, version: HTTP/1.1)
POST /session/3a238ea8edbeee945e0c1eea229912d7/element HTTP/1.1
User-Agent: selenium/4.1.2 (java windows)
Content-Length: 104
Content-Type: application/json; charset=utf-8
host: localhost:51400
accept: */*

Response DefaultHttpResponse(decodeResult: success, version: HTTP/1.1)
HTTP/1.1 200 OK
Content-Type: application/json; charset=utf-8
cache-control: no-cache
content-length: 88

16:24:04.585 [AsyncHttpClient-1-3] DEBUG org.asynchttpclient.netty.channel.ChannelManager - Adding key: http://localhost:51400 for channel [id: 0x51f7a337, L:/127.0.0.1:60130 - R:localhost/127.0.0.1:51400]
16:24:04.587 [Forwarding clickElement on session 3a238ea8edbeee945e0c1eea229912d7 to remote] DEBUG org.asynchttpclient.netty.request.NettyRequestSender - Using pooled Channel '[id: 0x51f7a337, L:/127.0.0.1:60130 - R:localhost/127.0.0.1:51400]' for 'POST' to 'http://localhost:51400/session/3a238ea8edbeee945e0c1eea229912d7/element/ccb60857-7b25-43bd-9c5e-773199d797f0/click'
16:24:04.587 [Forwarding clickElement on session 3a238ea8edbeee945e0c1eea229912d7 to remote] DEBUG org.asynchttpclient.netty.request.NettyRequestSender - Using open Channel [id: 0x51f7a337, L:/127.0.0.1:60130 - R:localhost/127.0.0.1:51400] for POST '/session/3a238ea8edbeee945e0c1eea229912d7/element/ccb60857-7b25-43bd-9c5e-773199d797f0/click'
16:24:04.767 [AsyncHttpClient-1-3] DEBUG org.asynchttpclient.netty.handler.HttpHandler - 

Request DefaultHttpRequest(decodeResult: success, version: HTTP/1.1)
POST /session/3a238ea8edbeee945e0c1eea229912d7/element/ccb60857-7b25-43bd-9c5e-773199d797f0/click HTTP/1.1
User-Agent: selenium/4.1.2 (java windows)
Content-Length: 50
Content-Type: application/json; charset=utf-8
host: localhost:51400
accept: */*

Response DefaultHttpResponse(decodeResult: success, version: HTTP/1.1)
HTTP/1.1 200 OK
Content-Type: application/json; charset=utf-8
cache-control: no-cache
content-length: 14

16:24:04.767 [AsyncHttpClient-1-3] DEBUG org.asynchttpclient.netty.channel.ChannelManager - Adding key: http://localhost:51400 for channel [id: 0x51f7a337, L:/127.0.0.1:60130 - R:localhost/127.0.0.1:51400]
  &amp#27;[32mWhen &amp#27;[0m&amp#27;[32mI will go to &amp#27;[0m&amp#27;[32m&amp#27;[1m"Airism1"&amp#27;[0m     &amp#27;[90m# starter.stepdefinitions.BabyStep.iWillGoTo(java.lang.String)&amp#27;[0m
16:24:04.776 [Forwarding screenshot on session 3a238ea8edbeee945e0c1eea229912d7 to remote] DEBUG org.asynchttpclient.netty.request.NettyRequestSender - Using pooled Channel '[id: 0x51f7a337, L:/127.0.0.1:60130 - R:localhost/127.0.0.1:51400]' for 'GET' to 'http://localhost:51400/session/3a238ea8edbeee945e0c1eea229912d7/screenshot'
16:24:04.777 [Forwarding screenshot on session 3a238ea8edbeee945e0c1eea229912d7 to remote] DEBUG org.asynchttpclient.netty.request.NettyRequestSender - Using open Channel [id: 0x51f7a337, L:/127.0.0.1:60130 - R:localhost/127.0.0.1:51400] for GET '/session/3a238ea8edbeee945e0c1eea229912d7/screenshot'
16:24:04.865 [AsyncHttpClient-1-1] DEBUG org.asynchttpclient.netty.channel.DefaultChannelPool - Entry count for : http://localhost:60131 : 1
16:24:04.909 [AsyncHttpClient-1-3] DEBUG org.asynchttpclient.netty.handler.HttpHandler - 

Request DefaultFullHttpRequest(decodeResult: success, version: HTTP/1.1, content: EmptyByteBufBE)
GET /session/3a238ea8edbeee945e0c1eea229912d7/screenshot HTTP/1.1
User-Agent: selenium/4.1.2 (java windows)
Cache-Control: no-cache
Content-Type: application/json; charset=utf-8
host: localhost:51400
accept: */*

Response DefaultHttpResponse(decodeResult: success, version: HTTP/1.1)
HTTP/1.1 200 OK
Content-Type: application/json; charset=utf-8
cache-control: no-cache
content-length: 88764

16:24:04.910 [AsyncHttpClient-1-3] DEBUG org.asynchttpclient.netty.channel.ChannelManager - Adding key: http://localhost:51400 for channel [id: 0x51f7a337, L:/127.0.0.1:60130 - R:localhost/127.0.0.1:51400]
16:24:04.913 [main] DEBUG net.serenitybdd.core.photography.Darkroom - Send negative for processing for target\site\serenity\204d829786eeadaf246686a17784270c8fe9f37411b4b008325c18eda83c5023.png
16:24:04.913 [Darkroom Processing Line] DEBUG net.serenitybdd.core.photography.DarkroomProcessingLine - Processing screenshot image in /var/screenshots/screenshot-14326634001696191982
16:24:04.914 [Darkroom Processing Line] DEBUG net.serenitybdd.core.photography.DarkroomProcessingLine - Saving screenshot to target\site\serenity\204d829786eeadaf246686a17784270c8fe9f37411b4b008325c18eda83c5023.png
16:24:04.920 [Forwarding findElement on session 3a238ea8edbeee945e0c1eea229912d7 to remote] DEBUG org.asynchttpclient.netty.request.NettyRequestSender - Using pooled Channel '[id: 0x51f7a337, L:/127.0.0.1:60130 - R:localhost/127.0.0.1:51400]' for 'POST' to 'http://localhost:51400/session/3a238ea8edbeee945e0c1eea229912d7/element'
16:24:04.920 [Forwarding findElement on session 3a238ea8edbeee945e0c1eea229912d7 to remote] DEBUG org.asynchttpclient.netty.request.NettyRequestSender - Using open Channel [id: 0x51f7a337, L:/127.0.0.1:60130 - R:localhost/127.0.0.1:51400] for POST '/session/3a238ea8edbeee945e0c1eea229912d7/element'
16:24:05.170 [AsyncHttpClient-1-3] DEBUG org.asynchttpclient.netty.handler.HttpHandler - 

Request DefaultHttpRequest(decodeResult: success, version: HTTP/1.1)
POST /session/3a238ea8edbeee945e0c1eea229912d7/element HTTP/1.1
User-Agent: selenium/4.1.2 (java windows)
Content-Length: 91
Content-Type: application/json; charset=utf-8
host: localhost:51400
accept: */*

Response DefaultHttpResponse(decodeResult: success, version: HTTP/1.1)
HTTP/1.1 200 OK
Content-Type: application/json; charset=utf-8
cache-control: no-cache
content-length: 88

16:24:05.170 [AsyncHttpClient-1-3] DEBUG org.asynchttpclient.netty.channel.ChannelManager - Adding key: http://localhost:51400 for channel [id: 0x51f7a337, L:/127.0.0.1:60130 - R:localhost/127.0.0.1:51400]
16:24:05.174 [Forwarding isElementDisplayed on session 3a238ea8edbeee945e0c1eea229912d7 to remote] DEBUG org.asynchttpclient.netty.request.NettyRequestSender - Using pooled Channel '[id: 0x51f7a337, L:/127.0.0.1:60130 - R:localhost/127.0.0.1:51400]' for 'POST' to 'http://localhost:51400/session/3a238ea8edbeee945e0c1eea229912d7/execute/sync'
16:24:05.174 [Forwarding isElementDisplayed on session 3a238ea8edbeee945e0c1eea229912d7 to remote] DEBUG org.asynchttpclient.netty.request.NettyRequestSender - Using open Channel [id: 0x51f7a337, L:/127.0.0.1:60130 - R:localhost/127.0.0.1:51400] for POST '/session/3a238ea8edbeee945e0c1eea229912d7/execute/sync'
16:24:05.191 [AsyncHttpClient-1-3] DEBUG org.asynchttpclient.netty.handler.HttpHandler - 

Request DefaultHttpRequest(decodeResult: success, version: HTTP/1.1)
POST /session/3a238ea8edbeee945e0c1eea229912d7/execute/sync HTTP/1.1
User-Agent: selenium/4.1.2 (java windows)
Content-Length: 48780
Content-Type: application/json; charset=utf-8
host: localhost:51400
accept: */*

Response DefaultHttpResponse(decodeResult: success, version: HTTP/1.1)
HTTP/1.1 200 OK
Content-Type: application/json; charset=utf-8
cache-control: no-cache
content-length: 14

16:24:05.191 [AsyncHttpClient-1-3] DEBUG org.asynchttpclient.netty.channel.ChannelManager - Adding key: http://localhost:51400 for channel [id: 0x51f7a337, L:/127.0.0.1:60130 - R:localhost/127.0.0.1:51400]
  &amp#27;[32mAnd &amp#27;[0m&amp#27;[32mI &amp#27;[0m&amp#27;[32m&amp#27;[1m"txtAirism1"&amp#27;[0m&amp#27;[32m page&amp#27;[0m         &amp#27;[90m# starter.stepdefinitions.BabyStep.iPage(java.lang.String)&amp#27;[0m
16:24:05.196 [Forwarding screenshot on session 3a238ea8edbeee945e0c1eea229912d7 to remote] DEBUG org.asynchttpclient.netty.request.NettyRequestSender - Using pooled Channel '[id: 0x51f7a337, L:/127.0.0.1:60130 - R:localhost/127.0.0.1:51400]' for 'GET' to 'http://localhost:51400/session/3a238ea8edbeee945e0c1eea229912d7/screenshot'
16:24:05.196 [Forwarding screenshot on session 3a238ea8edbeee945e0c1eea229912d7 to remote] DEBUG org.asynchttpclient.netty.request.NettyRequestSender - Using open Channel [id: 0x51f7a337, L:/127.0.0.1:60130 - R:localhost/127.0.0.1:51400] for GET '/session/3a238ea8edbeee945e0c1eea229912d7/screenshot'
16:24:05.351 [AsyncHttpClient-1-3] DEBUG org.asynchttpclient.netty.handler.HttpHandler - 

Request DefaultFullHttpRequest(decodeResult: success, version: HTTP/1.1, content: EmptyByteBufBE)
GET /session/3a238ea8edbeee945e0c1eea229912d7/screenshot HTTP/1.1
User-Agent: selenium/4.1.2 (java windows)
Cache-Control: no-cache
Content-Type: application/json; charset=utf-8
host: localhost:51400
accept: */*

Response DefaultHttpResponse(decodeResult: success, version: HTTP/1.1)
HTTP/1.1 200 OK
Content-Type: application/json; charset=utf-8
cache-control: no-cache
content-length: 57044

16:24:05.351 [AsyncHttpClient-1-3] DEBUG org.asynchttpclient.netty.channel.ChannelManager - Adding key: http://localhost:51400 for channel [id: 0x51f7a337, L:/127.0.0.1:60130 - R:localhost/127.0.0.1:51400]
16:24:05.355 [main] DEBUG net.serenitybdd.core.photography.Darkroom - Send negative for processing for target\site\serenity\77115cf5b0d9ebfe269b7ade4c5b6c9380b319f770a6cd105d6beaea493ff8eb.png
16:24:05.355 [Darkroom Processing Line] DEBUG net.serenitybdd.core.photography.DarkroomProcessingLine - Processing screenshot image in /var/screenshots/screenshot-1102346018132343853
16:24:05.355 [Darkroom Processing Line] DEBUG net.serenitybdd.core.photography.DarkroomProcessingLine - Saving screenshot to target\site\serenity\77115cf5b0d9ebfe269b7ade4c5b6c9380b319f770a6cd105d6beaea493ff8eb.png
16:24:05.372 [AsyncHttpClient-1-5] DEBUG org.asynchttpclient.netty.handler.WebSocketHandler - Channel Closed: [id: 0xe5f237dc, L:/127.0.0.1:60139 ! R:localhost/127.0.0.1:60131] with attribute NettyResponseFuture{currentRetry=5,
	isDone=1,
	isCancelled=0,
	asyncHandler=org.asynchttpclient.ws.WebSocketUpgradeHandler@70181447,
	nettyRequest=org.asynchttpclient.netty.request.NettyRequest@9098603,
	future=java.util.concurrent.CompletableFuture@5bff19ab[Completed normally],
	uri=ws://localhost:60131/devtools/browser/858b6e80-922c-44a7-a13b-c47a975a41c6,
	keepAlive=true,
	redirectCount=0,
	timeoutsHolder=null,
	inAuth=0,
	touch=1680859431031}
16:24:05.372 [AsyncHttpClient-1-5] DEBUG org.asynchttpclient.netty.channel.ChannelManager - Closing Channel [id: 0xe5f237dc, L:/127.0.0.1:60139 ! R:localhost/127.0.0.1:60131] 
16:24:05.373 [Driver Command Executor] DEBUG org.asynchttpclient.netty.request.NettyRequestSender - Using pooled Channel '[id: 0x51f7a337, L:/127.0.0.1:60130 - R:localhost/127.0.0.1:51400]' for 'DELETE' to 'http://localhost:51400/session/3a238ea8edbeee945e0c1eea229912d7'
16:24:05.373 [Driver Command Executor] DEBUG org.asynchttpclient.netty.request.NettyRequestSender - Using open Channel [id: 0x51f7a337, L:/127.0.0.1:60130 - R:localhost/127.0.0.1:51400] for DELETE '/session/3a238ea8edbeee945e0c1eea229912d7'
16:24:05.428 [AsyncHttpClient-1-4] DEBUG org.asynchttpclient.netty.handler.HttpHandler - Unexpected I/O exception on channel [id: 0xa491d79b, L:/127.0.0.1:60138 - R:localhost/127.0.0.1:60131]
java.net.SocketException: Connection reset
	at java.base/sun.nio.ch.SocketChannelImpl.throwConnectionReset(SocketChannelImpl.java:345)
	at java.base/sun.nio.ch.SocketChannelImpl.read(SocketChannelImpl.java:376)
	at io.netty.buffer.PooledByteBuf.setBytes(PooledByteBuf.java:258)
	at io.netty.buffer.AbstractByteBuf.writeBytes(AbstractByteBuf.java:1132)
	at io.netty.channel.socket.nio.NioSocketChannel.doReadBytes(NioSocketChannel.java:350)
	at io.netty.channel.nio.AbstractNioByteChannel$NioByteUnsafe.read(AbstractNioByteChannel.java:151)
	at io.netty.channel.nio.NioEventLoop.processSelectedKey(NioEventLoop.java:722)
	at io.netty.channel.nio.NioEventLoop.processSelectedKeysOptimized(NioEventLoop.java:658)
	at io.netty.channel.nio.NioEventLoop.processSelectedKeys(NioEventLoop.java:584)
	at io.netty.channel.nio.NioEventLoop.run(NioEventLoop.java:496)
	at io.netty.util.concurrent.SingleThreadEventExecutor$4.run(SingleThreadEventExecutor.java:986)
	at io.netty.util.internal.ThreadExecutorMap$2.run(ThreadExecutorMap.java:74)
	at io.netty.util.concurrent.FastThreadLocalRunnable.run(FastThreadLocalRunnable.java:30)
	at java.base/java.lang.Thread.run(Thread.java:830)
16:24:05.429 [AsyncHttpClient-1-4] DEBUG org.asynchttpclient.netty.channel.ChannelManager - Closing Channel [id: 0xa491d79b, L:/127.0.0.1:60138 - R:localhost/127.0.0.1:60131] 
16:24:05.429 [AsyncHttpClient-1-4] DEBUG org.asynchttpclient.netty.handler.HttpHandler - Channel Closed: [id: 0xa491d79b, L:/127.0.0.1:60138 ! R:localhost/127.0.0.1:60131] with attribute DISCARD
16:24:05.472 [AsyncHttpClient-1-3] DEBUG org.asynchttpclient.netty.handler.HttpHandler - 

Request DefaultFullHttpRequest(decodeResult: success, version: HTTP/1.1, content: EmptyByteBufBE)
DELETE /session/3a238ea8edbeee945e0c1eea229912d7 HTTP/1.1
User-Agent: selenium/4.1.2 (java windows)
Content-Type: application/json; charset=utf-8
host: localhost:51400
accept: */*

Response DefaultHttpResponse(decodeResult: success, version: HTTP/1.1)
HTTP/1.1 200 OK
Content-Type: application/json; charset=utf-8
cache-control: no-cache
content-length: 14

16:24:05.472 [AsyncHttpClient-1-3] DEBUG org.asynchttpclient.netty.channel.ChannelManager - Adding key: http://localhost:51400 for channel [id: 0x51f7a337, L:/127.0.0.1:60130 - R:localhost/127.0.0.1:51400]
16:24:05.550 [AsyncHttpClient-1-3] DEBUG org.asynchttpclient.netty.handler.HttpHandler - Channel Closed: [id: 0x51f7a337, L:/127.0.0.1:60130 ! R:localhost/127.0.0.1:51400] with attribute DISCARD
16:24:05.976 [AsyncHttpClient-1-1] DEBUG org.asynchttpclient.netty.channel.DefaultChannelPool - Entry count for : http://localhost:60131 : 1
16:24:05.976 [AsyncHttpClient-1-1] DEBUG org.asynchttpclient.netty.channel.DefaultChannelPool - Entry count for : http://localhost:51400 : 1
16:24:05.976 [AsyncHttpClient-1-1] DEBUG org.asynchttpclient.netty.channel.DefaultChannelPool - Adding Candidate expired Channel [id: 0xa491d79b, L:/127.0.0.1:60138 ! R:localhost/127.0.0.1:60131] isIdleTimeoutExpired=false isRemotelyClosed=true isTtlExpired=false
16:24:05.976 [AsyncHttpClient-1-1] DEBUG org.asynchttpclient.netty.channel.DefaultChannelPool - Closing Idle Channel [id: 0xa491d79b, L:/127.0.0.1:60138 ! R:localhost/127.0.0.1:60131]
16:24:05.976 [AsyncHttpClient-1-1] DEBUG org.asynchttpclient.netty.channel.DefaultChannelPool - Adding Candidate expired Channel [id: 0x51f7a337, L:/127.0.0.1:60130 ! R:localhost/127.0.0.1:51400] isIdleTimeoutExpired=false isRemotelyClosed=true isTtlExpired=false
16:24:05.976 [AsyncHttpClient-1-1] DEBUG org.asynchttpclient.netty.channel.DefaultChannelPool - Closing Idle Channel [id: 0x51f7a337, L:/127.0.0.1:60130 ! R:localhost/127.0.0.1:51400]
16:24:05.976 [AsyncHttpClient-1-1] DEBUG org.asynchttpclient.netty.channel.DefaultChannelPool - Closed 2 connections out of 2 in 0 ms
]]></system-out>
    <system-err><![CDATA[Starting Microsoft Edge WebDriver 111.0.1661.62 (0a8f453929e6410c973aa529a40485ce4e3e03db) on port 51400
To submit feedback, report a bug, or suggest new features, please visit https://github.com/MicrosoftEdge/EdgeWebDriver

Only local connections are allowed.
Please see https://aka.ms/WebDriverSecurity for suggestions on keeping Microsoft Edge WebDriver safe.

Microsoft Edge WebDriver was started successfully.
Apr 07, 2023 4:23:51 PM org.openqa.selenium.remote.ProtocolHandshake createSession
INFO: Detected dialect: W3C
Apr 07, 2023 4:23:51 PM org.openqa.selenium.devtools.CdpVersionFinder findNearestMatch
WARNING: Unable to find an exact match for CDP version 111, so returning the closest version found: a no-op implementation
Apr 07, 2023 4:23:51 PM org.openqa.selenium.devtools.CdpVersionFinder findNearestMatch
INFO: Unable to find CDP implementation matching 111.
Apr 07, 2023 4:23:51 PM org.openqa.selenium.chromium.ChromiumDriver lambda$new$3
WARNING: Unable to find version of CDP to use for . You may need to include a dependency on a specific version of the CDP using something similar to `org.seleniumhq.selenium:selenium-devtools-v86:4.1.2` where the version ("v86") matches the version of the chromium-based browser you're using and the version number of the artifact is the same as Selenium's.
]]></system-err>
  </testcase>
  <testcase name="Fitur Menu Baby #13" classname="Baby" time="17.758">
    <system-out><![CDATA[
Scenario Outline: Fitur Menu Baby &amp#27;[90m# src/test/resources/features/Baby.feature:25&amp#27;[0m
16:24:06.155 [main] INFO io.cucumber.core.plugin.SerenityReporter - Running feature from file:///C:/Users/alwi/IdeaProjects/uniqloweb/src/test/resources/features/Baby.feature
16:24:06.275 [main] DEBUG io.github.bonigarcia.wdm.cache.ResolutionCache - Resolution edge=111 in cache (valid until 17:21:26 07/04/2023 WIB)
16:24:06.278 [main] DEBUG io.github.bonigarcia.wdm.cache.ResolutionCache - Resolution edge111=111.0.1661.62 in cache (valid until 15:02:35 08/04/2023 WIB)
16:24:06.280 [main] INFO io.github.bonigarcia.wdm.WebDriverManager - Using msedgedriver 111.0.1661.62 (resolved driver for Edge 111)
16:24:06.289 [main] DEBUG io.github.bonigarcia.wdm.WebDriverManager - Driver msedgedriver 111.0.1661.62 found in cache
16:24:06.290 [main] INFO io.github.bonigarcia.wdm.WebDriverManager - Exporting webdriver.edge.driver as C:\Users\alwi\.cache\selenium\msedgedriver\win64\111.0.1661.62\msedgedriver.exe
16:24:06.292 [main] DEBUG net.serenitybdd.core.webdriver.driverproviders.ProvideNewDriver - Instantiating driver
16:24:06.292 [main] DEBUG net.serenitybdd.core.webdriver.driverproviders.ProvideNewDriver - Driver capabilities: Capabilities {base.url: https://www.uniqlo.com, chrome.driver: src/test/resources/webdrive..., driver: edge, ms:edgeChromium: true, ms:edgeOptions: {}, wait.for.timeout: 6000}
16:24:06.835 [AsyncHttpClient-1-6] DEBUG org.asynchttpclient.netty.channel.NettyConnectListener - Using new Channel '[id: 0x44994244, L:/127.0.0.1:60274 - R:localhost/127.0.0.1:50692]' for 'POST' to '/session'
16:24:07.452 [AsyncHttpClient-1-6] DEBUG org.asynchttpclient.netty.handler.HttpHandler - 

Request DefaultHttpRequest(decodeResult: success, version: HTTP/1.1)
POST /session HTTP/1.1
User-Agent: selenium/4.1.2 (java windows)
Content-Length: 627
Content-Type: application/json; charset=utf-8
host: localhost:50692
accept: */*

Response DefaultHttpResponse(decodeResult: success, version: HTTP/1.1)
HTTP/1.1 200 OK
Content-Type: application/json; charset=utf-8
cache-control: no-cache
content-length: 823

16:24:07.452 [AsyncHttpClient-1-6] DEBUG org.asynchttpclient.netty.channel.ChannelManager - Adding key: http://localhost:50692 for channel [id: 0x44994244, L:/127.0.0.1:60274 - R:localhost/127.0.0.1:50692]
16:24:07.458 [AsyncHttpClient-1-7] DEBUG org.asynchttpclient.netty.channel.NettyConnectListener - Using new Channel '[id: 0x0dd3ffe0, L:/127.0.0.1:60282 - R:localhost/127.0.0.1:60275]' for 'GET' to '/json/version'
16:24:07.459 [AsyncHttpClient-1-7] DEBUG org.asynchttpclient.netty.handler.HttpHandler - 

Request DefaultFullHttpRequest(decodeResult: success, version: HTTP/1.1, content: EmptyByteBufBE)
GET /json/version HTTP/1.1
User-Agent: selenium/4.1.2 (java windows)
host: localhost:60275
accept: */*

Response DefaultHttpResponse(decodeResult: success, version: HTTP/1.1)
HTTP/1.1 200 OK
Content-Security-Policy: frame-ancestors 'none'
Content-Type: application/json; charset=UTF-8
content-length: 436

16:24:07.459 [AsyncHttpClient-1-7] DEBUG org.asynchttpclient.netty.channel.ChannelManager - Adding key: http://localhost:60275 for channel [id: 0x0dd3ffe0, L:/127.0.0.1:60282 - R:localhost/127.0.0.1:60275]
16:24:07.461 [AsyncHttpClient-1-8] DEBUG org.asynchttpclient.netty.channel.NettyConnectListener - Using new Channel '[id: 0x078d210d, L:/127.0.0.1:60283 - R:localhost/127.0.0.1:60275]' for 'GET' to '/devtools/browser/cc42ba2d-84f8-4c84-852b-602098ac9133'
16:24:07.461 [AsyncHttpClient-1-8] DEBUG org.asynchttpclient.netty.handler.WebSocketHandler - 

Request DefaultFullHttpRequest(decodeResult: success, version: HTTP/1.1, content: EmptyByteBufBE)
GET /devtools/browser/cc42ba2d-84f8-4c84-852b-602098ac9133 HTTP/1.1
upgrade: websocket
connection: upgrade
sec-websocket-key: 6eC1yw3eOh0TBrMqPchSWw==
sec-websocket-version: 13
origin: http://localhost:60275
host: localhost:60275
accept: */*
user-agent: AHC/2.1

Response DefaultHttpResponse(decodeResult: success, version: HTTP/1.1)
HTTP/1.1 101 WebSocket Protocol Handshake
Upgrade: WebSocket
Connection: Upgrade
Sec-WebSocket-Accept: wKgvgz45C6dFA8bIvXl4NRJHjxQ=

16:24:07.464 [Forwarding get on session bd962bb2c2db61990b2dcb972d18941c to remote] DEBUG org.asynchttpclient.netty.request.NettyRequestSender - Using pooled Channel '[id: 0x44994244, L:/127.0.0.1:60274 - R:localhost/127.0.0.1:50692]' for 'POST' to 'http://localhost:50692/session/bd962bb2c2db61990b2dcb972d18941c/url'
16:24:07.464 [Forwarding get on session bd962bb2c2db61990b2dcb972d18941c to remote] DEBUG org.asynchttpclient.netty.request.NettyRequestSender - Using open Channel [id: 0x44994244, L:/127.0.0.1:60274 - R:localhost/127.0.0.1:50692] for POST '/session/bd962bb2c2db61990b2dcb972d18941c/url'
16:24:08.165 [AsyncHttpClient-1-1] DEBUG org.asynchttpclient.netty.channel.DefaultChannelPool - Entry count for : http://localhost:60275 : 1
16:24:09.265 [AsyncHttpClient-1-1] DEBUG org.asynchttpclient.netty.channel.DefaultChannelPool - Entry count for : http://localhost:60275 : 1
16:24:10.365 [AsyncHttpClient-1-1] DEBUG org.asynchttpclient.netty.channel.DefaultChannelPool - Entry count for : http://localhost:60275 : 1
16:24:11.470 [AsyncHttpClient-1-1] DEBUG org.asynchttpclient.netty.channel.DefaultChannelPool - Entry count for : http://localhost:60275 : 1
16:24:12.569 [AsyncHttpClient-1-1] DEBUG org.asynchttpclient.netty.channel.DefaultChannelPool - Entry count for : http://localhost:60275 : 1
16:24:13.666 [AsyncHttpClient-1-1] DEBUG org.asynchttpclient.netty.channel.DefaultChannelPool - Entry count for : http://localhost:60275 : 1
16:24:14.765 [AsyncHttpClient-1-1] DEBUG org.asynchttpclient.netty.channel.DefaultChannelPool - Entry count for : http://localhost:60275 : 1
16:24:15.870 [AsyncHttpClient-1-1] DEBUG org.asynchttpclient.netty.channel.DefaultChannelPool - Entry count for : http://localhost:60275 : 1
16:24:16.972 [AsyncHttpClient-1-1] DEBUG org.asynchttpclient.netty.channel.DefaultChannelPool - Entry count for : http://localhost:60275 : 1
16:24:18.066 [AsyncHttpClient-1-1] DEBUG org.asynchttpclient.netty.channel.DefaultChannelPool - Entry count for : http://localhost:60275 : 1
16:24:19.165 [AsyncHttpClient-1-1] DEBUG org.asynchttpclient.netty.channel.DefaultChannelPool - Entry count for : http://localhost:60275 : 1
16:24:20.221 [AsyncHttpClient-1-6] DEBUG org.asynchttpclient.netty.handler.HttpHandler - 

Request DefaultHttpRequest(decodeResult: success, version: HTTP/1.1)
POST /session/bd962bb2c2db61990b2dcb972d18941c/url HTTP/1.1
User-Agent: selenium/4.1.2 (java windows)
Content-Length: 53
Content-Type: application/json; charset=utf-8
host: localhost:50692
accept: */*

Response DefaultHttpResponse(decodeResult: success, version: HTTP/1.1)
HTTP/1.1 200 OK
Content-Type: application/json; charset=utf-8
cache-control: no-cache
content-length: 14

16:24:20.221 [AsyncHttpClient-1-6] DEBUG org.asynchttpclient.netty.channel.ChannelManager - Adding key: http://localhost:50692 for channel [id: 0x44994244, L:/127.0.0.1:60274 - R:localhost/127.0.0.1:50692]
16:24:20.223 [Forwarding setTimeout on session bd962bb2c2db61990b2dcb972d18941c to remote] DEBUG org.asynchttpclient.netty.request.NettyRequestSender - Using pooled Channel '[id: 0x44994244, L:/127.0.0.1:60274 - R:localhost/127.0.0.1:50692]' for 'POST' to 'http://localhost:50692/session/bd962bb2c2db61990b2dcb972d18941c/timeouts'
16:24:20.224 [Forwarding setTimeout on session bd962bb2c2db61990b2dcb972d18941c to remote] DEBUG org.asynchttpclient.netty.request.NettyRequestSender - Using open Channel [id: 0x44994244, L:/127.0.0.1:60274 - R:localhost/127.0.0.1:50692] for POST '/session/bd962bb2c2db61990b2dcb972d18941c/timeouts'
16:24:20.225 [AsyncHttpClient-1-6] DEBUG org.asynchttpclient.netty.handler.HttpHandler - 

Request DefaultHttpRequest(decodeResult: success, version: HTTP/1.1)
POST /session/bd962bb2c2db61990b2dcb972d18941c/timeouts HTTP/1.1
User-Agent: selenium/4.1.2 (java windows)
Content-Length: 22
Content-Type: application/json; charset=utf-8
host: localhost:50692
accept: */*

Response DefaultHttpResponse(decodeResult: success, version: HTTP/1.1)
HTTP/1.1 200 OK
Content-Type: application/json; charset=utf-8
cache-control: no-cache
content-length: 14

16:24:20.225 [AsyncHttpClient-1-6] DEBUG org.asynchttpclient.netty.channel.ChannelManager - Adding key: http://localhost:50692 for channel [id: 0x44994244, L:/127.0.0.1:60274 - R:localhost/127.0.0.1:50692]
16:24:20.229 [Forwarding getCurrentUrl on session bd962bb2c2db61990b2dcb972d18941c to remote] DEBUG org.asynchttpclient.netty.request.NettyRequestSender - Using pooled Channel '[id: 0x44994244, L:/127.0.0.1:60274 - R:localhost/127.0.0.1:50692]' for 'GET' to 'http://localhost:50692/session/bd962bb2c2db61990b2dcb972d18941c/url'
16:24:20.229 [Forwarding getCurrentUrl on session bd962bb2c2db61990b2dcb972d18941c to remote] DEBUG org.asynchttpclient.netty.request.NettyRequestSender - Using open Channel [id: 0x44994244, L:/127.0.0.1:60274 - R:localhost/127.0.0.1:50692] for GET '/session/bd962bb2c2db61990b2dcb972d18941c/url'
16:24:20.233 [AsyncHttpClient-1-6] DEBUG org.asynchttpclient.netty.handler.HttpHandler - 

Request DefaultFullHttpRequest(decodeResult: success, version: HTTP/1.1, content: EmptyByteBufBE)
GET /session/bd962bb2c2db61990b2dcb972d18941c/url HTTP/1.1
User-Agent: selenium/4.1.2 (java windows)
Cache-Control: no-cache
Content-Type: application/json; charset=utf-8
host: localhost:50692
accept: */*

Response DefaultHttpResponse(decodeResult: success, version: HTTP/1.1)
HTTP/1.1 200 OK
Content-Type: application/json; charset=utf-8
cache-control: no-cache
content-length: 41

16:24:20.233 [AsyncHttpClient-1-6] DEBUG org.asynchttpclient.netty.channel.ChannelManager - Adding key: http://localhost:50692 for channel [id: 0x44994244, L:/127.0.0.1:60274 - R:localhost/127.0.0.1:50692]
  &amp#27;[32mGiven &amp#27;[0m&amp#27;[32mI am on the home page&amp#27;[0m     &amp#27;[90m# starter.stepdefinitions.BabyStep.iAmOnTheHomePage()&amp#27;[0m
16:24:20.240 [Forwarding screenshot on session bd962bb2c2db61990b2dcb972d18941c to remote] DEBUG org.asynchttpclient.netty.request.NettyRequestSender - Using pooled Channel '[id: 0x44994244, L:/127.0.0.1:60274 - R:localhost/127.0.0.1:50692]' for 'GET' to 'http://localhost:50692/session/bd962bb2c2db61990b2dcb972d18941c/screenshot'
16:24:20.240 [Forwarding screenshot on session bd962bb2c2db61990b2dcb972d18941c to remote] DEBUG org.asynchttpclient.netty.request.NettyRequestSender - Using open Channel [id: 0x44994244, L:/127.0.0.1:60274 - R:localhost/127.0.0.1:50692] for GET '/session/bd962bb2c2db61990b2dcb972d18941c/screenshot'
16:24:20.267 [AsyncHttpClient-1-1] DEBUG org.asynchttpclient.netty.channel.DefaultChannelPool - Entry count for : http://localhost:60275 : 1
16:24:20.569 [AsyncHttpClient-1-6] DEBUG org.asynchttpclient.netty.handler.HttpHandler - 

Request DefaultFullHttpRequest(decodeResult: success, version: HTTP/1.1, content: EmptyByteBufBE)
GET /session/bd962bb2c2db61990b2dcb972d18941c/screenshot HTTP/1.1
User-Agent: selenium/4.1.2 (java windows)
Cache-Control: no-cache
Content-Type: application/json; charset=utf-8
host: localhost:50692
accept: */*

Response DefaultHttpResponse(decodeResult: success, version: HTTP/1.1)
HTTP/1.1 200 OK
Content-Type: application/json; charset=utf-8
cache-control: no-cache
content-length: 1022316

16:24:20.571 [AsyncHttpClient-1-6] DEBUG org.asynchttpclient.netty.channel.ChannelManager - Adding key: http://localhost:50692 for channel [id: 0x44994244, L:/127.0.0.1:60274 - R:localhost/127.0.0.1:50692]
16:24:20.609 [main] DEBUG net.serenitybdd.core.photography.Darkroom - Send negative for processing for target\site\serenity\b0ddf3608b8f51a6a3adc36e4acd901b7a2c5b7adc6fd42a924a7c7a6358c0ea.png
16:24:20.627 [Forwarding findElement on session bd962bb2c2db61990b2dcb972d18941c to remote] DEBUG org.asynchttpclient.netty.request.NettyRequestSender - Using pooled Channel '[id: 0x44994244, L:/127.0.0.1:60274 - R:localhost/127.0.0.1:50692]' for 'POST' to 'http://localhost:50692/session/bd962bb2c2db61990b2dcb972d18941c/element'
16:24:20.627 [Forwarding findElement on session bd962bb2c2db61990b2dcb972d18941c to remote] DEBUG org.asynchttpclient.netty.request.NettyRequestSender - Using open Channel [id: 0x44994244, L:/127.0.0.1:60274 - R:localhost/127.0.0.1:50692] for POST '/session/bd962bb2c2db61990b2dcb972d18941c/element'
16:24:20.649 [AsyncHttpClient-1-6] DEBUG org.asynchttpclient.netty.handler.HttpHandler - 

Request DefaultHttpRequest(decodeResult: success, version: HTTP/1.1)
POST /session/bd962bb2c2db61990b2dcb972d18941c/element HTTP/1.1
User-Agent: selenium/4.1.2 (java windows)
Content-Length: 81
Content-Type: application/json; charset=utf-8
host: localhost:50692
accept: */*

Response DefaultHttpResponse(decodeResult: success, version: HTTP/1.1)
HTTP/1.1 200 OK
Content-Type: application/json; charset=utf-8
cache-control: no-cache
content-length: 88

16:24:20.649 [AsyncHttpClient-1-6] DEBUG org.asynchttpclient.netty.channel.ChannelManager - Adding key: http://localhost:50692 for channel [id: 0x44994244, L:/127.0.0.1:60274 - R:localhost/127.0.0.1:50692]
16:24:20.651 [Forwarding getElementTagName on session bd962bb2c2db61990b2dcb972d18941c to remote] DEBUG org.asynchttpclient.netty.request.NettyRequestSender - Using pooled Channel '[id: 0x44994244, L:/127.0.0.1:60274 - R:localhost/127.0.0.1:50692]' for 'GET' to 'http://localhost:50692/session/bd962bb2c2db61990b2dcb972d18941c/element/69a2b984-c7da-4675-b490-65220a20be5b/name'
16:24:20.651 [Forwarding getElementTagName on session bd962bb2c2db61990b2dcb972d18941c to remote] DEBUG org.asynchttpclient.netty.request.NettyRequestSender - Using open Channel [id: 0x44994244, L:/127.0.0.1:60274 - R:localhost/127.0.0.1:50692] for GET '/session/bd962bb2c2db61990b2dcb972d18941c/element/69a2b984-c7da-4675-b490-65220a20be5b/name'
16:24:20.655 [AsyncHttpClient-1-6] DEBUG org.asynchttpclient.netty.handler.HttpHandler - 

Request DefaultFullHttpRequest(decodeResult: success, version: HTTP/1.1, content: EmptyByteBufBE)
GET /session/bd962bb2c2db61990b2dcb972d18941c/element/69a2b984-c7da-4675-b490-65220a20be5b/name HTTP/1.1
User-Agent: selenium/4.1.2 (java windows)
Cache-Control: no-cache
Content-Type: application/json; charset=utf-8
host: localhost:50692
accept: */*

Response DefaultHttpResponse(decodeResult: success, version: HTTP/1.1)
HTTP/1.1 200 OK
Content-Type: application/json; charset=utf-8
cache-control: no-cache
content-length: 16

16:24:20.656 [AsyncHttpClient-1-6] DEBUG org.asynchttpclient.netty.channel.ChannelManager - Adding key: http://localhost:50692 for channel [id: 0x44994244, L:/127.0.0.1:60274 - R:localhost/127.0.0.1:50692]
16:24:20.657 [Forwarding getElementTagName on session bd962bb2c2db61990b2dcb972d18941c to remote] DEBUG org.asynchttpclient.netty.request.NettyRequestSender - Using pooled Channel '[id: 0x44994244, L:/127.0.0.1:60274 - R:localhost/127.0.0.1:50692]' for 'GET' to 'http://localhost:50692/session/bd962bb2c2db61990b2dcb972d18941c/element/69a2b984-c7da-4675-b490-65220a20be5b/name'
16:24:20.657 [Forwarding getElementTagName on session bd962bb2c2db61990b2dcb972d18941c to remote] DEBUG org.asynchttpclient.netty.request.NettyRequestSender - Using open Channel [id: 0x44994244, L:/127.0.0.1:60274 - R:localhost/127.0.0.1:50692] for GET '/session/bd962bb2c2db61990b2dcb972d18941c/element/69a2b984-c7da-4675-b490-65220a20be5b/name'
16:24:20.660 [AsyncHttpClient-1-6] DEBUG org.asynchttpclient.netty.handler.HttpHandler - 

Request DefaultFullHttpRequest(decodeResult: success, version: HTTP/1.1, content: EmptyByteBufBE)
GET /session/bd962bb2c2db61990b2dcb972d18941c/element/69a2b984-c7da-4675-b490-65220a20be5b/name HTTP/1.1
User-Agent: selenium/4.1.2 (java windows)
Cache-Control: no-cache
Content-Type: application/json; charset=utf-8
host: localhost:50692
accept: */*

Response DefaultHttpResponse(decodeResult: success, version: HTTP/1.1)
HTTP/1.1 200 OK
Content-Type: application/json; charset=utf-8
cache-control: no-cache
content-length: 16

16:24:20.660 [AsyncHttpClient-1-6] DEBUG org.asynchttpclient.netty.channel.ChannelManager - Adding key: http://localhost:50692 for channel [id: 0x44994244, L:/127.0.0.1:60274 - R:localhost/127.0.0.1:50692]
16:24:20.662 [Forwarding findElement on session bd962bb2c2db61990b2dcb972d18941c to remote] DEBUG org.asynchttpclient.netty.request.NettyRequestSender - Using pooled Channel '[id: 0x44994244, L:/127.0.0.1:60274 - R:localhost/127.0.0.1:50692]' for 'POST' to 'http://localhost:50692/session/bd962bb2c2db61990b2dcb972d18941c/element'
16:24:20.662 [Forwarding findElement on session bd962bb2c2db61990b2dcb972d18941c to remote] DEBUG org.asynchttpclient.netty.request.NettyRequestSender - Using open Channel [id: 0x44994244, L:/127.0.0.1:60274 - R:localhost/127.0.0.1:50692] for POST '/session/bd962bb2c2db61990b2dcb972d18941c/element'
16:24:20.668 [AsyncHttpClient-1-6] DEBUG org.asynchttpclient.netty.handler.HttpHandler - 

Request DefaultHttpRequest(decodeResult: success, version: HTTP/1.1)
POST /session/bd962bb2c2db61990b2dcb972d18941c/element HTTP/1.1
User-Agent: selenium/4.1.2 (java windows)
Content-Length: 81
Content-Type: application/json; charset=utf-8
host: localhost:50692
accept: */*

Response DefaultHttpResponse(decodeResult: success, version: HTTP/1.1)
HTTP/1.1 200 OK
Content-Type: application/json; charset=utf-8
cache-control: no-cache
content-length: 88

16:24:20.668 [AsyncHttpClient-1-6] DEBUG org.asynchttpclient.netty.channel.ChannelManager - Adding key: http://localhost:50692 for channel [id: 0x44994244, L:/127.0.0.1:60274 - R:localhost/127.0.0.1:50692]
16:24:20.669 [Forwarding clickElement on session bd962bb2c2db61990b2dcb972d18941c to remote] DEBUG org.asynchttpclient.netty.request.NettyRequestSender - Using pooled Channel '[id: 0x44994244, L:/127.0.0.1:60274 - R:localhost/127.0.0.1:50692]' for 'POST' to 'http://localhost:50692/session/bd962bb2c2db61990b2dcb972d18941c/element/69a2b984-c7da-4675-b490-65220a20be5b/click'
16:24:20.669 [Forwarding clickElement on session bd962bb2c2db61990b2dcb972d18941c to remote] DEBUG org.asynchttpclient.netty.request.NettyRequestSender - Using open Channel [id: 0x44994244, L:/127.0.0.1:60274 - R:localhost/127.0.0.1:50692] for POST '/session/bd962bb2c2db61990b2dcb972d18941c/element/69a2b984-c7da-4675-b490-65220a20be5b/click'
16:24:21.169 [AsyncHttpClient-1-6] DEBUG org.asynchttpclient.netty.handler.HttpHandler - 

Request DefaultHttpRequest(decodeResult: success, version: HTTP/1.1)
POST /session/bd962bb2c2db61990b2dcb972d18941c/element/69a2b984-c7da-4675-b490-65220a20be5b/click HTTP/1.1
User-Agent: selenium/4.1.2 (java windows)
Content-Length: 50
Content-Type: application/json; charset=utf-8
host: localhost:50692
accept: */*

Response DefaultHttpResponse(decodeResult: success, version: HTTP/1.1)
HTTP/1.1 200 OK
Content-Type: application/json; charset=utf-8
cache-control: no-cache
content-length: 14

16:24:21.169 [AsyncHttpClient-1-6] DEBUG org.asynchttpclient.netty.channel.ChannelManager - Adding key: http://localhost:50692 for channel [id: 0x44994244, L:/127.0.0.1:60274 - R:localhost/127.0.0.1:50692]
  &amp#27;[32mThen &amp#27;[0m&amp#27;[32mI click baby on the header&amp#27;[0m &amp#27;[90m# starter.stepdefinitions.BabyStep.iClickBabyOnTheHeader()&amp#27;[0m
16:24:21.180 [Forwarding screenshot on session bd962bb2c2db61990b2dcb972d18941c to remote] DEBUG org.asynchttpclient.netty.request.NettyRequestSender - Using pooled Channel '[id: 0x44994244, L:/127.0.0.1:60274 - R:localhost/127.0.0.1:50692]' for 'GET' to 'http://localhost:50692/session/bd962bb2c2db61990b2dcb972d18941c/screenshot'
16:24:21.180 [Forwarding screenshot on session bd962bb2c2db61990b2dcb972d18941c to remote] DEBUG org.asynchttpclient.netty.request.NettyRequestSender - Using open Channel [id: 0x44994244, L:/127.0.0.1:60274 - R:localhost/127.0.0.1:50692] for GET '/session/bd962bb2c2db61990b2dcb972d18941c/screenshot'
16:24:21.373 [AsyncHttpClient-1-1] DEBUG org.asynchttpclient.netty.channel.DefaultChannelPool - Entry count for : http://localhost:60275 : 1
16:24:21.953 [AsyncHttpClient-1-6] DEBUG org.asynchttpclient.netty.handler.HttpHandler - 

Request DefaultFullHttpRequest(decodeResult: success, version: HTTP/1.1, content: EmptyByteBufBE)
GET /session/bd962bb2c2db61990b2dcb972d18941c/screenshot HTTP/1.1
User-Agent: selenium/4.1.2 (java windows)
Cache-Control: no-cache
Content-Type: application/json; charset=utf-8
host: localhost:50692
accept: */*

Response DefaultHttpResponse(decodeResult: success, version: HTTP/1.1)
HTTP/1.1 200 OK
Content-Type: application/json; charset=utf-8
cache-control: no-cache
content-length: 137768

16:24:21.954 [AsyncHttpClient-1-6] DEBUG org.asynchttpclient.netty.channel.ChannelManager - Adding key: http://localhost:50692 for channel [id: 0x44994244, L:/127.0.0.1:60274 - R:localhost/127.0.0.1:50692]
16:24:21.958 [main] DEBUG net.serenitybdd.core.photography.Darkroom - Send negative for processing for target\site\serenity\c7d5c897b95e8bc069abe38a73bb4d01024e7d8a89f91ea03173bd48e3e8dd0c.png
16:24:21.959 [Darkroom Processing Line] DEBUG net.serenitybdd.core.photography.DarkroomProcessingLine - Processing screenshot image in /var/screenshots/screenshot-1979598171011589590
16:24:21.959 [Darkroom Processing Line] DEBUG net.serenitybdd.core.photography.DarkroomProcessingLine - Saving screenshot to target\site\serenity\c7d5c897b95e8bc069abe38a73bb4d01024e7d8a89f91ea03173bd48e3e8dd0c.png
16:24:21.967 [Forwarding findElement on session bd962bb2c2db61990b2dcb972d18941c to remote] DEBUG org.asynchttpclient.netty.request.NettyRequestSender - Using pooled Channel '[id: 0x44994244, L:/127.0.0.1:60274 - R:localhost/127.0.0.1:50692]' for 'POST' to 'http://localhost:50692/session/bd962bb2c2db61990b2dcb972d18941c/element'
16:24:21.967 [Forwarding findElement on session bd962bb2c2db61990b2dcb972d18941c to remote] DEBUG org.asynchttpclient.netty.request.NettyRequestSender - Using open Channel [id: 0x44994244, L:/127.0.0.1:60274 - R:localhost/127.0.0.1:50692] for POST '/session/bd962bb2c2db61990b2dcb972d18941c/element'
16:24:21.979 [AsyncHttpClient-1-6] DEBUG org.asynchttpclient.netty.handler.HttpHandler - 

Request DefaultHttpRequest(decodeResult: success, version: HTTP/1.1)
POST /session/bd962bb2c2db61990b2dcb972d18941c/element HTTP/1.1
User-Agent: selenium/4.1.2 (java windows)
Content-Length: 107
Content-Type: application/json; charset=utf-8
host: localhost:50692
accept: */*

Response DefaultHttpResponse(decodeResult: success, version: HTTP/1.1)
HTTP/1.1 200 OK
Content-Type: application/json; charset=utf-8
cache-control: no-cache
content-length: 88

16:24:21.979 [AsyncHttpClient-1-6] DEBUG org.asynchttpclient.netty.channel.ChannelManager - Adding key: http://localhost:50692 for channel [id: 0x44994244, L:/127.0.0.1:60274 - R:localhost/127.0.0.1:50692]
16:24:21.981 [Forwarding getElementTagName on session bd962bb2c2db61990b2dcb972d18941c to remote] DEBUG org.asynchttpclient.netty.request.NettyRequestSender - Using pooled Channel '[id: 0x44994244, L:/127.0.0.1:60274 - R:localhost/127.0.0.1:50692]' for 'GET' to 'http://localhost:50692/session/bd962bb2c2db61990b2dcb972d18941c/element/3a8ef756-dc99-4cc1-ba5e-37cbb0bc2702/name'
16:24:21.981 [Forwarding getElementTagName on session bd962bb2c2db61990b2dcb972d18941c to remote] DEBUG org.asynchttpclient.netty.request.NettyRequestSender - Using open Channel [id: 0x44994244, L:/127.0.0.1:60274 - R:localhost/127.0.0.1:50692] for GET '/session/bd962bb2c2db61990b2dcb972d18941c/element/3a8ef756-dc99-4cc1-ba5e-37cbb0bc2702/name'
16:24:21.984 [AsyncHttpClient-1-6] DEBUG org.asynchttpclient.netty.handler.HttpHandler - 

Request DefaultFullHttpRequest(decodeResult: success, version: HTTP/1.1, content: EmptyByteBufBE)
GET /session/bd962bb2c2db61990b2dcb972d18941c/element/3a8ef756-dc99-4cc1-ba5e-37cbb0bc2702/name HTTP/1.1
User-Agent: selenium/4.1.2 (java windows)
Cache-Control: no-cache
Content-Type: application/json; charset=utf-8
host: localhost:50692
accept: */*

Response DefaultHttpResponse(decodeResult: success, version: HTTP/1.1)
HTTP/1.1 200 OK
Content-Type: application/json; charset=utf-8
cache-control: no-cache
content-length: 16

16:24:21.984 [AsyncHttpClient-1-6] DEBUG org.asynchttpclient.netty.channel.ChannelManager - Adding key: http://localhost:50692 for channel [id: 0x44994244, L:/127.0.0.1:60274 - R:localhost/127.0.0.1:50692]
16:24:21.985 [Forwarding getElementTagName on session bd962bb2c2db61990b2dcb972d18941c to remote] DEBUG org.asynchttpclient.netty.request.NettyRequestSender - Using pooled Channel '[id: 0x44994244, L:/127.0.0.1:60274 - R:localhost/127.0.0.1:50692]' for 'GET' to 'http://localhost:50692/session/bd962bb2c2db61990b2dcb972d18941c/element/3a8ef756-dc99-4cc1-ba5e-37cbb0bc2702/name'
16:24:21.986 [Forwarding getElementTagName on session bd962bb2c2db61990b2dcb972d18941c to remote] DEBUG org.asynchttpclient.netty.request.NettyRequestSender - Using open Channel [id: 0x44994244, L:/127.0.0.1:60274 - R:localhost/127.0.0.1:50692] for GET '/session/bd962bb2c2db61990b2dcb972d18941c/element/3a8ef756-dc99-4cc1-ba5e-37cbb0bc2702/name'
16:24:21.988 [AsyncHttpClient-1-6] DEBUG org.asynchttpclient.netty.handler.HttpHandler - 

Request DefaultFullHttpRequest(decodeResult: success, version: HTTP/1.1, content: EmptyByteBufBE)
GET /session/bd962bb2c2db61990b2dcb972d18941c/element/3a8ef756-dc99-4cc1-ba5e-37cbb0bc2702/name HTTP/1.1
User-Agent: selenium/4.1.2 (java windows)
Cache-Control: no-cache
Content-Type: application/json; charset=utf-8
host: localhost:50692
accept: */*

Response DefaultHttpResponse(decodeResult: success, version: HTTP/1.1)
HTTP/1.1 200 OK
Content-Type: application/json; charset=utf-8
cache-control: no-cache
content-length: 16

16:24:21.988 [AsyncHttpClient-1-6] DEBUG org.asynchttpclient.netty.channel.ChannelManager - Adding key: http://localhost:50692 for channel [id: 0x44994244, L:/127.0.0.1:60274 - R:localhost/127.0.0.1:50692]
16:24:21.991 [Forwarding findElement on session bd962bb2c2db61990b2dcb972d18941c to remote] DEBUG org.asynchttpclient.netty.request.NettyRequestSender - Using pooled Channel '[id: 0x44994244, L:/127.0.0.1:60274 - R:localhost/127.0.0.1:50692]' for 'POST' to 'http://localhost:50692/session/bd962bb2c2db61990b2dcb972d18941c/element'
16:24:21.991 [Forwarding findElement on session bd962bb2c2db61990b2dcb972d18941c to remote] DEBUG org.asynchttpclient.netty.request.NettyRequestSender - Using open Channel [id: 0x44994244, L:/127.0.0.1:60274 - R:localhost/127.0.0.1:50692] for POST '/session/bd962bb2c2db61990b2dcb972d18941c/element'
16:24:21.998 [AsyncHttpClient-1-6] DEBUG org.asynchttpclient.netty.handler.HttpHandler - 

Request DefaultHttpRequest(decodeResult: success, version: HTTP/1.1)
POST /session/bd962bb2c2db61990b2dcb972d18941c/element HTTP/1.1
User-Agent: selenium/4.1.2 (java windows)
Content-Length: 107
Content-Type: application/json; charset=utf-8
host: localhost:50692
accept: */*

Response DefaultHttpResponse(decodeResult: success, version: HTTP/1.1)
HTTP/1.1 200 OK
Content-Type: application/json; charset=utf-8
cache-control: no-cache
content-length: 88

16:24:21.999 [AsyncHttpClient-1-6] DEBUG org.asynchttpclient.netty.channel.ChannelManager - Adding key: http://localhost:50692 for channel [id: 0x44994244, L:/127.0.0.1:60274 - R:localhost/127.0.0.1:50692]
16:24:22.000 [Forwarding clickElement on session bd962bb2c2db61990b2dcb972d18941c to remote] DEBUG org.asynchttpclient.netty.request.NettyRequestSender - Using pooled Channel '[id: 0x44994244, L:/127.0.0.1:60274 - R:localhost/127.0.0.1:50692]' for 'POST' to 'http://localhost:50692/session/bd962bb2c2db61990b2dcb972d18941c/element/3a8ef756-dc99-4cc1-ba5e-37cbb0bc2702/click'
16:24:22.000 [Forwarding clickElement on session bd962bb2c2db61990b2dcb972d18941c to remote] DEBUG org.asynchttpclient.netty.request.NettyRequestSender - Using open Channel [id: 0x44994244, L:/127.0.0.1:60274 - R:localhost/127.0.0.1:50692] for POST '/session/bd962bb2c2db61990b2dcb972d18941c/element/3a8ef756-dc99-4cc1-ba5e-37cbb0bc2702/click'
16:24:22.185 [AsyncHttpClient-1-6] DEBUG org.asynchttpclient.netty.handler.HttpHandler - 

Request DefaultHttpRequest(decodeResult: success, version: HTTP/1.1)
POST /session/bd962bb2c2db61990b2dcb972d18941c/element/3a8ef756-dc99-4cc1-ba5e-37cbb0bc2702/click HTTP/1.1
User-Agent: selenium/4.1.2 (java windows)
Content-Length: 50
Content-Type: application/json; charset=utf-8
host: localhost:50692
accept: */*

Response DefaultHttpResponse(decodeResult: success, version: HTTP/1.1)
HTTP/1.1 200 OK
Content-Type: application/json; charset=utf-8
cache-control: no-cache
content-length: 14

16:24:22.185 [AsyncHttpClient-1-6] DEBUG org.asynchttpclient.netty.channel.ChannelManager - Adding key: http://localhost:50692 for channel [id: 0x44994244, L:/127.0.0.1:60274 - R:localhost/127.0.0.1:50692]
  &amp#27;[32mWhen &amp#27;[0m&amp#27;[32mI will go to &amp#27;[0m&amp#27;[32m&amp#27;[1m"kaosKaki1"&amp#27;[0m   &amp#27;[90m# starter.stepdefinitions.BabyStep.iWillGoTo(java.lang.String)&amp#27;[0m
16:24:22.195 [Forwarding screenshot on session bd962bb2c2db61990b2dcb972d18941c to remote] DEBUG org.asynchttpclient.netty.request.NettyRequestSender - Using pooled Channel '[id: 0x44994244, L:/127.0.0.1:60274 - R:localhost/127.0.0.1:50692]' for 'GET' to 'http://localhost:50692/session/bd962bb2c2db61990b2dcb972d18941c/screenshot'
16:24:22.195 [Forwarding screenshot on session bd962bb2c2db61990b2dcb972d18941c to remote] DEBUG org.asynchttpclient.netty.request.NettyRequestSender - Using open Channel [id: 0x44994244, L:/127.0.0.1:60274 - R:localhost/127.0.0.1:50692] for GET '/session/bd962bb2c2db61990b2dcb972d18941c/screenshot'
16:24:22.324 [AsyncHttpClient-1-6] DEBUG org.asynchttpclient.netty.handler.HttpHandler - 

Request DefaultFullHttpRequest(decodeResult: success, version: HTTP/1.1, content: EmptyByteBufBE)
GET /session/bd962bb2c2db61990b2dcb972d18941c/screenshot HTTP/1.1
User-Agent: selenium/4.1.2 (java windows)
Cache-Control: no-cache
Content-Type: application/json; charset=utf-8
host: localhost:50692
accept: */*

Response DefaultHttpResponse(decodeResult: success, version: HTTP/1.1)
HTTP/1.1 200 OK
Content-Type: application/json; charset=utf-8
cache-control: no-cache
content-length: 88760

16:24:22.325 [AsyncHttpClient-1-6] DEBUG org.asynchttpclient.netty.channel.ChannelManager - Adding key: http://localhost:50692 for channel [id: 0x44994244, L:/127.0.0.1:60274 - R:localhost/127.0.0.1:50692]
16:24:22.328 [main] DEBUG net.serenitybdd.core.photography.Darkroom - Send negative for processing for target\site\serenity\7aa80b86e1db0535ad77214b3cdf6c1cd0949712ce72c5aba73f8c0dba2b9621.png
16:24:22.328 [Darkroom Processing Line] DEBUG net.serenitybdd.core.photography.DarkroomProcessingLine - Processing screenshot image in /var/screenshots/screenshot-11973084981676390127
16:24:22.328 [Darkroom Processing Line] DEBUG net.serenitybdd.core.photography.DarkroomProcessingLine - Saving screenshot to target\site\serenity\7aa80b86e1db0535ad77214b3cdf6c1cd0949712ce72c5aba73f8c0dba2b9621.png
16:24:22.338 [Forwarding findElement on session bd962bb2c2db61990b2dcb972d18941c to remote] DEBUG org.asynchttpclient.netty.request.NettyRequestSender - Using pooled Channel '[id: 0x44994244, L:/127.0.0.1:60274 - R:localhost/127.0.0.1:50692]' for 'POST' to 'http://localhost:50692/session/bd962bb2c2db61990b2dcb972d18941c/element'
16:24:22.338 [Forwarding findElement on session bd962bb2c2db61990b2dcb972d18941c to remote] DEBUG org.asynchttpclient.netty.request.NettyRequestSender - Using open Channel [id: 0x44994244, L:/127.0.0.1:60274 - R:localhost/127.0.0.1:50692] for POST '/session/bd962bb2c2db61990b2dcb972d18941c/element'
16:24:22.469 [AsyncHttpClient-1-1] DEBUG org.asynchttpclient.netty.channel.DefaultChannelPool - Entry count for : http://localhost:60275 : 1
16:24:23.025 [AsyncHttpClient-1-6] DEBUG org.asynchttpclient.netty.handler.HttpHandler - 

Request DefaultHttpRequest(decodeResult: success, version: HTTP/1.1)
POST /session/bd962bb2c2db61990b2dcb972d18941c/element HTTP/1.1
User-Agent: selenium/4.1.2 (java windows)
Content-Length: 91
Content-Type: application/json; charset=utf-8
host: localhost:50692
accept: */*

Response DefaultHttpResponse(decodeResult: success, version: HTTP/1.1)
HTTP/1.1 200 OK
Content-Type: application/json; charset=utf-8
cache-control: no-cache
content-length: 88

16:24:23.025 [AsyncHttpClient-1-6] DEBUG org.asynchttpclient.netty.channel.ChannelManager - Adding key: http://localhost:50692 for channel [id: 0x44994244, L:/127.0.0.1:60274 - R:localhost/127.0.0.1:50692]
16:24:23.029 [Forwarding isElementDisplayed on session bd962bb2c2db61990b2dcb972d18941c to remote] DEBUG org.asynchttpclient.netty.request.NettyRequestSender - Using pooled Channel '[id: 0x44994244, L:/127.0.0.1:60274 - R:localhost/127.0.0.1:50692]' for 'POST' to 'http://localhost:50692/session/bd962bb2c2db61990b2dcb972d18941c/execute/sync'
16:24:23.030 [Forwarding isElementDisplayed on session bd962bb2c2db61990b2dcb972d18941c to remote] DEBUG org.asynchttpclient.netty.request.NettyRequestSender - Using open Channel [id: 0x44994244, L:/127.0.0.1:60274 - R:localhost/127.0.0.1:50692] for POST '/session/bd962bb2c2db61990b2dcb972d18941c/execute/sync'
16:24:23.043 [AsyncHttpClient-1-6] DEBUG org.asynchttpclient.netty.handler.HttpHandler - 

Request DefaultHttpRequest(decodeResult: success, version: HTTP/1.1)
POST /session/bd962bb2c2db61990b2dcb972d18941c/execute/sync HTTP/1.1
User-Agent: selenium/4.1.2 (java windows)
Content-Length: 48780
Content-Type: application/json; charset=utf-8
host: localhost:50692
accept: */*

Response DefaultHttpResponse(decodeResult: success, version: HTTP/1.1)
HTTP/1.1 200 OK
Content-Type: application/json; charset=utf-8
cache-control: no-cache
content-length: 14

16:24:23.044 [AsyncHttpClient-1-6] DEBUG org.asynchttpclient.netty.channel.ChannelManager - Adding key: http://localhost:50692 for channel [id: 0x44994244, L:/127.0.0.1:60274 - R:localhost/127.0.0.1:50692]
  &amp#27;[32mAnd &amp#27;[0m&amp#27;[32mI &amp#27;[0m&amp#27;[32m&amp#27;[1m"txtKaosKaki1"&amp#27;[0m&amp#27;[32m page&amp#27;[0m       &amp#27;[90m# starter.stepdefinitions.BabyStep.iPage(java.lang.String)&amp#27;[0m
16:24:23.048 [Forwarding screenshot on session bd962bb2c2db61990b2dcb972d18941c to remote] DEBUG org.asynchttpclient.netty.request.NettyRequestSender - Using pooled Channel '[id: 0x44994244, L:/127.0.0.1:60274 - R:localhost/127.0.0.1:50692]' for 'GET' to 'http://localhost:50692/session/bd962bb2c2db61990b2dcb972d18941c/screenshot'
16:24:23.048 [Forwarding screenshot on session bd962bb2c2db61990b2dcb972d18941c to remote] DEBUG org.asynchttpclient.netty.request.NettyRequestSender - Using open Channel [id: 0x44994244, L:/127.0.0.1:60274 - R:localhost/127.0.0.1:50692] for GET '/session/bd962bb2c2db61990b2dcb972d18941c/screenshot'
16:24:23.170 [AsyncHttpClient-1-6] DEBUG org.asynchttpclient.netty.handler.HttpHandler - 

Request DefaultFullHttpRequest(decodeResult: success, version: HTTP/1.1, content: EmptyByteBufBE)
GET /session/bd962bb2c2db61990b2dcb972d18941c/screenshot HTTP/1.1
User-Agent: selenium/4.1.2 (java windows)
Cache-Control: no-cache
Content-Type: application/json; charset=utf-8
host: localhost:50692
accept: */*

Response DefaultHttpResponse(decodeResult: success, version: HTTP/1.1)
HTTP/1.1 200 OK
Content-Type: application/json; charset=utf-8
cache-control: no-cache
content-length: 57316

16:24:23.170 [AsyncHttpClient-1-6] DEBUG org.asynchttpclient.netty.channel.ChannelManager - Adding key: http://localhost:50692 for channel [id: 0x44994244, L:/127.0.0.1:60274 - R:localhost/127.0.0.1:50692]
16:24:23.172 [main] DEBUG net.serenitybdd.core.photography.Darkroom - Send negative for processing for target\site\serenity\06bb2d8ef0aee8e405a5709fe9e8401cd206aec5d7c587be8b908345c28f5b1b.png
16:24:23.173 [Darkroom Processing Line] DEBUG net.serenitybdd.core.photography.DarkroomProcessingLine - Processing screenshot image in /var/screenshots/screenshot-1918698444469156283
16:24:23.173 [Darkroom Processing Line] DEBUG net.serenitybdd.core.photography.DarkroomProcessingLine - Saving screenshot to target\site\serenity\06bb2d8ef0aee8e405a5709fe9e8401cd206aec5d7c587be8b908345c28f5b1b.png
16:24:23.177 [AsyncHttpClient-1-8] DEBUG org.asynchttpclient.netty.handler.WebSocketHandler - Channel Closed: [id: 0x078d210d, L:/127.0.0.1:60283 ! R:localhost/127.0.0.1:60275] with attribute NettyResponseFuture{currentRetry=5,
	isDone=1,
	isCancelled=0,
	asyncHandler=org.asynchttpclient.ws.WebSocketUpgradeHandler@10445450,
	nettyRequest=org.asynchttpclient.netty.request.NettyRequest@461e0ae,
	future=java.util.concurrent.CompletableFuture@6a728287[Completed normally],
	uri=ws://localhost:60275/devtools/browser/cc42ba2d-84f8-4c84-852b-602098ac9133,
	keepAlive=true,
	redirectCount=0,
	timeoutsHolder=null,
	inAuth=0,
	touch=1680859447462}
16:24:23.177 [AsyncHttpClient-1-8] DEBUG org.asynchttpclient.netty.channel.ChannelManager - Closing Channel [id: 0x078d210d, L:/127.0.0.1:60283 ! R:localhost/127.0.0.1:60275] 
16:24:23.177 [Driver Command Executor] DEBUG org.asynchttpclient.netty.request.NettyRequestSender - Using pooled Channel '[id: 0x44994244, L:/127.0.0.1:60274 - R:localhost/127.0.0.1:50692]' for 'DELETE' to 'http://localhost:50692/session/bd962bb2c2db61990b2dcb972d18941c'
16:24:23.177 [Driver Command Executor] DEBUG org.asynchttpclient.netty.request.NettyRequestSender - Using open Channel [id: 0x44994244, L:/127.0.0.1:60274 - R:localhost/127.0.0.1:50692] for DELETE '/session/bd962bb2c2db61990b2dcb972d18941c'
16:24:23.200 [AsyncHttpClient-1-7] DEBUG org.asynchttpclient.netty.handler.HttpHandler - Unexpected I/O exception on channel [id: 0x0dd3ffe0, L:/127.0.0.1:60282 - R:localhost/127.0.0.1:60275]
java.net.SocketException: Connection reset
	at java.base/sun.nio.ch.SocketChannelImpl.throwConnectionReset(SocketChannelImpl.java:345)
	at java.base/sun.nio.ch.SocketChannelImpl.read(SocketChannelImpl.java:376)
	at io.netty.buffer.PooledByteBuf.setBytes(PooledByteBuf.java:258)
	at io.netty.buffer.AbstractByteBuf.writeBytes(AbstractByteBuf.java:1132)
	at io.netty.channel.socket.nio.NioSocketChannel.doReadBytes(NioSocketChannel.java:350)
	at io.netty.channel.nio.AbstractNioByteChannel$NioByteUnsafe.read(AbstractNioByteChannel.java:151)
	at io.netty.channel.nio.NioEventLoop.processSelectedKey(NioEventLoop.java:722)
	at io.netty.channel.nio.NioEventLoop.processSelectedKeysOptimized(NioEventLoop.java:658)
	at io.netty.channel.nio.NioEventLoop.processSelectedKeys(NioEventLoop.java:584)
	at io.netty.channel.nio.NioEventLoop.run(NioEventLoop.java:496)
	at io.netty.util.concurrent.SingleThreadEventExecutor$4.run(SingleThreadEventExecutor.java:986)
	at io.netty.util.internal.ThreadExecutorMap$2.run(ThreadExecutorMap.java:74)
	at io.netty.util.concurrent.FastThreadLocalRunnable.run(FastThreadLocalRunnable.java:30)
	at java.base/java.lang.Thread.run(Thread.java:830)
16:24:23.200 [AsyncHttpClient-1-7] DEBUG org.asynchttpclient.netty.channel.ChannelManager - Closing Channel [id: 0x0dd3ffe0, L:/127.0.0.1:60282 - R:localhost/127.0.0.1:60275] 
16:24:23.200 [AsyncHttpClient-1-7] DEBUG org.asynchttpclient.netty.handler.HttpHandler - Channel Closed: [id: 0x0dd3ffe0, L:/127.0.0.1:60282 ! R:localhost/127.0.0.1:60275] with attribute DISCARD
16:24:23.223 [AsyncHttpClient-1-6] DEBUG org.asynchttpclient.netty.handler.HttpHandler - 

Request DefaultFullHttpRequest(decodeResult: success, version: HTTP/1.1, content: EmptyByteBufBE)
DELETE /session/bd962bb2c2db61990b2dcb972d18941c HTTP/1.1
User-Agent: selenium/4.1.2 (java windows)
Content-Type: application/json; charset=utf-8
host: localhost:50692
accept: */*

Response DefaultHttpResponse(decodeResult: success, version: HTTP/1.1)
HTTP/1.1 200 OK
Content-Type: application/json; charset=utf-8
cache-control: no-cache
content-length: 14

16:24:23.223 [AsyncHttpClient-1-6] DEBUG org.asynchttpclient.netty.channel.ChannelManager - Adding key: http://localhost:50692 for channel [id: 0x44994244, L:/127.0.0.1:60274 - R:localhost/127.0.0.1:50692]
16:24:23.322 [AsyncHttpClient-1-6] DEBUG org.asynchttpclient.netty.handler.HttpHandler - Channel Closed: [id: 0x44994244, L:/127.0.0.1:60274 ! R:localhost/127.0.0.1:50692] with attribute DISCARD
16:24:23.576 [AsyncHttpClient-1-1] DEBUG org.asynchttpclient.netty.channel.DefaultChannelPool - Entry count for : http://localhost:60275 : 1
16:24:23.576 [AsyncHttpClient-1-1] DEBUG org.asynchttpclient.netty.channel.DefaultChannelPool - Entry count for : http://localhost:50692 : 1
16:24:23.576 [AsyncHttpClient-1-1] DEBUG org.asynchttpclient.netty.channel.DefaultChannelPool - Adding Candidate expired Channel [id: 0x0dd3ffe0, L:/127.0.0.1:60282 ! R:localhost/127.0.0.1:60275] isIdleTimeoutExpired=false isRemotelyClosed=true isTtlExpired=false
16:24:23.576 [AsyncHttpClient-1-1] DEBUG org.asynchttpclient.netty.channel.DefaultChannelPool - Closing Idle Channel [id: 0x0dd3ffe0, L:/127.0.0.1:60282 ! R:localhost/127.0.0.1:60275]
16:24:23.576 [AsyncHttpClient-1-1] DEBUG org.asynchttpclient.netty.channel.DefaultChannelPool - Adding Candidate expired Channel [id: 0x44994244, L:/127.0.0.1:60274 ! R:localhost/127.0.0.1:50692] isIdleTimeoutExpired=false isRemotelyClosed=true isTtlExpired=false
16:24:23.576 [AsyncHttpClient-1-1] DEBUG org.asynchttpclient.netty.channel.DefaultChannelPool - Closing Idle Channel [id: 0x44994244, L:/127.0.0.1:60274 ! R:localhost/127.0.0.1:50692]
16:24:23.576 [AsyncHttpClient-1-1] DEBUG org.asynchttpclient.netty.channel.DefaultChannelPool - Closed 2 connections out of 2 in 0 ms
]]></system-out>
    <system-err><![CDATA[Starting Microsoft Edge WebDriver 111.0.1661.62 (0a8f453929e6410c973aa529a40485ce4e3e03db) on port 50692
To submit feedback, report a bug, or suggest new features, please visit https://github.com/MicrosoftEdge/EdgeWebDriver

Only local connections are allowed.
Please see https://aka.ms/WebDriverSecurity for suggestions on keeping Microsoft Edge WebDriver safe.

Microsoft Edge WebDriver was started successfully.
Apr 07, 2023 4:24:07 PM org.openqa.selenium.remote.ProtocolHandshake createSession
INFO: Detected dialect: W3C
Apr 07, 2023 4:24:07 PM org.openqa.selenium.devtools.CdpVersionFinder findNearestMatch
WARNING: Unable to find an exact match for CDP version 111, so returning the closest version found: a no-op implementation
Apr 07, 2023 4:24:07 PM org.openqa.selenium.devtools.CdpVersionFinder findNearestMatch
INFO: Unable to find CDP implementation matching 111.
Apr 07, 2023 4:24:07 PM org.openqa.selenium.chromium.ChromiumDriver lambda$new$3
WARNING: Unable to find version of CDP to use for . You may need to include a dependency on a specific version of the CDP using something similar to `org.seleniumhq.selenium:selenium-devtools-v86:4.1.2` where the version ("v86") matches the version of the chromium-based browser you're using and the version number of the artifact is the same as Selenium's.
]]></system-err>
  </testcase>
  <testcase name="Fitur Menu Baby #14" classname="Baby" time="22.783">
    <system-out><![CDATA[
Scenario Outline: Fitur Menu Baby &amp#27;[90m# src/test/resources/features/Baby.feature:26&amp#27;[0m
16:24:23.915 [main] INFO io.cucumber.core.plugin.SerenityReporter - Running feature from file:///C:/Users/alwi/IdeaProjects/uniqloweb/src/test/resources/features/Baby.feature
16:24:24.036 [main] DEBUG io.github.bonigarcia.wdm.cache.ResolutionCache - Resolution edge=111 in cache (valid until 17:21:26 07/04/2023 WIB)
16:24:24.039 [main] DEBUG io.github.bonigarcia.wdm.cache.ResolutionCache - Resolution edge111=111.0.1661.62 in cache (valid until 15:02:35 08/04/2023 WIB)
16:24:24.040 [main] INFO io.github.bonigarcia.wdm.WebDriverManager - Using msedgedriver 111.0.1661.62 (resolved driver for Edge 111)
16:24:24.050 [main] DEBUG io.github.bonigarcia.wdm.WebDriverManager - Driver msedgedriver 111.0.1661.62 found in cache
16:24:24.050 [main] INFO io.github.bonigarcia.wdm.WebDriverManager - Exporting webdriver.edge.driver as C:\Users\alwi\.cache\selenium\msedgedriver\win64\111.0.1661.62\msedgedriver.exe
16:24:24.052 [main] DEBUG net.serenitybdd.core.webdriver.driverproviders.ProvideNewDriver - Instantiating driver
16:24:24.052 [main] DEBUG net.serenitybdd.core.webdriver.driverproviders.ProvideNewDriver - Driver capabilities: Capabilities {base.url: https://www.uniqlo.com, chrome.driver: src/test/resources/webdrive..., driver: edge, ms:edgeChromium: true, ms:edgeOptions: {}, wait.for.timeout: 6000}
16:24:24.591 [AsyncHttpClient-1-9] DEBUG org.asynchttpclient.netty.channel.NettyConnectListener - Using new Channel '[id: 0xdf5654fc, L:/127.0.0.1:60438 - R:localhost/127.0.0.1:65357]' for 'POST' to '/session'
16:24:25.215 [AsyncHttpClient-1-9] DEBUG org.asynchttpclient.netty.handler.HttpHandler - 

Request DefaultHttpRequest(decodeResult: success, version: HTTP/1.1)
POST /session HTTP/1.1
User-Agent: selenium/4.1.2 (java windows)
Content-Length: 627
Content-Type: application/json; charset=utf-8
host: localhost:65357
accept: */*

Response DefaultHttpResponse(decodeResult: success, version: HTTP/1.1)
HTTP/1.1 200 OK
Content-Type: application/json; charset=utf-8
cache-control: no-cache
content-length: 824

16:24:25.215 [AsyncHttpClient-1-9] DEBUG org.asynchttpclient.netty.channel.ChannelManager - Adding key: http://localhost:65357 for channel [id: 0xdf5654fc, L:/127.0.0.1:60438 - R:localhost/127.0.0.1:65357]
16:24:25.220 [AsyncHttpClient-1-10] DEBUG org.asynchttpclient.netty.channel.NettyConnectListener - Using new Channel '[id: 0x52a70544, L:/127.0.0.1:60444 - R:localhost/127.0.0.1:60439]' for 'GET' to '/json/version'
16:24:25.220 [AsyncHttpClient-1-10] DEBUG org.asynchttpclient.netty.handler.HttpHandler - 

Request DefaultFullHttpRequest(decodeResult: success, version: HTTP/1.1, content: EmptyByteBufBE)
GET /json/version HTTP/1.1
User-Agent: selenium/4.1.2 (java windows)
host: localhost:60439
accept: */*

Response DefaultHttpResponse(decodeResult: success, version: HTTP/1.1)
HTTP/1.1 200 OK
Content-Security-Policy: frame-ancestors 'none'
Content-Type: application/json; charset=UTF-8
content-length: 436

16:24:25.220 [AsyncHttpClient-1-10] DEBUG org.asynchttpclient.netty.channel.ChannelManager - Adding key: http://localhost:60439 for channel [id: 0x52a70544, L:/127.0.0.1:60444 - R:localhost/127.0.0.1:60439]
16:24:25.222 [AsyncHttpClient-1-11] DEBUG org.asynchttpclient.netty.channel.NettyConnectListener - Using new Channel '[id: 0xf36262f1, L:/127.0.0.1:60445 - R:localhost/127.0.0.1:60439]' for 'GET' to '/devtools/browser/629b1a23-075f-4a35-95d1-0869f37712a6'
16:24:25.224 [AsyncHttpClient-1-11] DEBUG org.asynchttpclient.netty.handler.WebSocketHandler - 

Request DefaultFullHttpRequest(decodeResult: success, version: HTTP/1.1, content: EmptyByteBufBE)
GET /devtools/browser/629b1a23-075f-4a35-95d1-0869f37712a6 HTTP/1.1
upgrade: websocket
connection: upgrade
sec-websocket-key: ilfSoz8mRy08kcc6QEG07Q==
sec-websocket-version: 13
origin: http://localhost:60439
host: localhost:60439
accept: */*
user-agent: AHC/2.1

Response DefaultHttpResponse(decodeResult: success, version: HTTP/1.1)
HTTP/1.1 101 WebSocket Protocol Handshake
Upgrade: WebSocket
Connection: Upgrade
Sec-WebSocket-Accept: 3bsT3cy/4pSw6aam3rpHhjycRwQ=

16:24:25.228 [Forwarding get on session e45a6541a026c512d959a02b2226e3ef to remote] DEBUG org.asynchttpclient.netty.request.NettyRequestSender - Using pooled Channel '[id: 0xdf5654fc, L:/127.0.0.1:60438 - R:localhost/127.0.0.1:65357]' for 'POST' to 'http://localhost:65357/session/e45a6541a026c512d959a02b2226e3ef/url'
16:24:25.228 [Forwarding get on session e45a6541a026c512d959a02b2226e3ef to remote] DEBUG org.asynchttpclient.netty.request.NettyRequestSender - Using open Channel [id: 0xdf5654fc, L:/127.0.0.1:60438 - R:localhost/127.0.0.1:65357] for POST '/session/e45a6541a026c512d959a02b2226e3ef/url'
16:24:25.766 [AsyncHttpClient-1-1] DEBUG org.asynchttpclient.netty.channel.DefaultChannelPool - Entry count for : http://localhost:60439 : 1
16:24:26.866 [AsyncHttpClient-1-1] DEBUG org.asynchttpclient.netty.channel.DefaultChannelPool - Entry count for : http://localhost:60439 : 1
16:24:27.966 [AsyncHttpClient-1-1] DEBUG org.asynchttpclient.netty.channel.DefaultChannelPool - Entry count for : http://localhost:60439 : 1
16:24:29.065 [AsyncHttpClient-1-1] DEBUG org.asynchttpclient.netty.channel.DefaultChannelPool - Entry count for : http://localhost:60439 : 1
16:24:30.164 [AsyncHttpClient-1-1] DEBUG org.asynchttpclient.netty.channel.DefaultChannelPool - Entry count for : http://localhost:60439 : 1
16:24:31.266 [AsyncHttpClient-1-1] DEBUG org.asynchttpclient.netty.channel.DefaultChannelPool - Entry count for : http://localhost:60439 : 1
16:24:32.365 [AsyncHttpClient-1-1] DEBUG org.asynchttpclient.netty.channel.DefaultChannelPool - Entry count for : http://localhost:60439 : 1
16:24:33.473 [AsyncHttpClient-1-1] DEBUG org.asynchttpclient.netty.channel.DefaultChannelPool - Entry count for : http://localhost:60439 : 1
16:24:34.565 [AsyncHttpClient-1-1] DEBUG org.asynchttpclient.netty.channel.DefaultChannelPool - Entry count for : http://localhost:60439 : 1
16:24:35.665 [AsyncHttpClient-1-1] DEBUG org.asynchttpclient.netty.channel.DefaultChannelPool - Entry count for : http://localhost:60439 : 1
16:24:36.770 [AsyncHttpClient-1-1] DEBUG org.asynchttpclient.netty.channel.DefaultChannelPool - Entry count for : http://localhost:60439 : 1
16:24:37.873 [AsyncHttpClient-1-1] DEBUG org.asynchttpclient.netty.channel.DefaultChannelPool - Entry count for : http://localhost:60439 : 1
16:24:38.966 [AsyncHttpClient-1-1] DEBUG org.asynchttpclient.netty.channel.DefaultChannelPool - Entry count for : http://localhost:60439 : 1
16:24:40.065 [AsyncHttpClient-1-1] DEBUG org.asynchttpclient.netty.channel.DefaultChannelPool - Entry count for : http://localhost:60439 : 1
16:24:41.165 [AsyncHttpClient-1-1] DEBUG org.asynchttpclient.netty.channel.DefaultChannelPool - Entry count for : http://localhost:60439 : 1
16:24:42.266 [AsyncHttpClient-1-1] DEBUG org.asynchttpclient.netty.channel.DefaultChannelPool - Entry count for : http://localhost:60439 : 1
16:24:43.267 [AsyncHttpClient-1-9] DEBUG org.asynchttpclient.netty.handler.HttpHandler - 

Request DefaultHttpRequest(decodeResult: success, version: HTTP/1.1)
POST /session/e45a6541a026c512d959a02b2226e3ef/url HTTP/1.1
User-Agent: selenium/4.1.2 (java windows)
Content-Length: 53
Content-Type: application/json; charset=utf-8
host: localhost:65357
accept: */*

Response DefaultHttpResponse(decodeResult: success, version: HTTP/1.1)
HTTP/1.1 200 OK
Content-Type: application/json; charset=utf-8
cache-control: no-cache
content-length: 14

16:24:43.267 [AsyncHttpClient-1-9] DEBUG org.asynchttpclient.netty.channel.ChannelManager - Adding key: http://localhost:65357 for channel [id: 0xdf5654fc, L:/127.0.0.1:60438 - R:localhost/127.0.0.1:65357]
16:24:43.268 [Forwarding setTimeout on session e45a6541a026c512d959a02b2226e3ef to remote] DEBUG org.asynchttpclient.netty.request.NettyRequestSender - Using pooled Channel '[id: 0xdf5654fc, L:/127.0.0.1:60438 - R:localhost/127.0.0.1:65357]' for 'POST' to 'http://localhost:65357/session/e45a6541a026c512d959a02b2226e3ef/timeouts'
16:24:43.268 [Forwarding setTimeout on session e45a6541a026c512d959a02b2226e3ef to remote] DEBUG org.asynchttpclient.netty.request.NettyRequestSender - Using open Channel [id: 0xdf5654fc, L:/127.0.0.1:60438 - R:localhost/127.0.0.1:65357] for POST '/session/e45a6541a026c512d959a02b2226e3ef/timeouts'
16:24:43.269 [AsyncHttpClient-1-9] DEBUG org.asynchttpclient.netty.handler.HttpHandler - 

Request DefaultHttpRequest(decodeResult: success, version: HTTP/1.1)
POST /session/e45a6541a026c512d959a02b2226e3ef/timeouts HTTP/1.1
User-Agent: selenium/4.1.2 (java windows)
Content-Length: 22
Content-Type: application/json; charset=utf-8
host: localhost:65357
accept: */*

Response DefaultHttpResponse(decodeResult: success, version: HTTP/1.1)
HTTP/1.1 200 OK
Content-Type: application/json; charset=utf-8
cache-control: no-cache
content-length: 14

16:24:43.269 [AsyncHttpClient-1-9] DEBUG org.asynchttpclient.netty.channel.ChannelManager - Adding key: http://localhost:65357 for channel [id: 0xdf5654fc, L:/127.0.0.1:60438 - R:localhost/127.0.0.1:65357]
16:24:43.272 [Forwarding getCurrentUrl on session e45a6541a026c512d959a02b2226e3ef to remote] DEBUG org.asynchttpclient.netty.request.NettyRequestSender - Using pooled Channel '[id: 0xdf5654fc, L:/127.0.0.1:60438 - R:localhost/127.0.0.1:65357]' for 'GET' to 'http://localhost:65357/session/e45a6541a026c512d959a02b2226e3ef/url'
16:24:43.272 [Forwarding getCurrentUrl on session e45a6541a026c512d959a02b2226e3ef to remote] DEBUG org.asynchttpclient.netty.request.NettyRequestSender - Using open Channel [id: 0xdf5654fc, L:/127.0.0.1:60438 - R:localhost/127.0.0.1:65357] for GET '/session/e45a6541a026c512d959a02b2226e3ef/url'
16:24:43.278 [AsyncHttpClient-1-9] DEBUG org.asynchttpclient.netty.handler.HttpHandler - 

Request DefaultFullHttpRequest(decodeResult: success, version: HTTP/1.1, content: EmptyByteBufBE)
GET /session/e45a6541a026c512d959a02b2226e3ef/url HTTP/1.1
User-Agent: selenium/4.1.2 (java windows)
Cache-Control: no-cache
Content-Type: application/json; charset=utf-8
host: localhost:65357
accept: */*

Response DefaultHttpResponse(decodeResult: success, version: HTTP/1.1)
HTTP/1.1 200 OK
Content-Type: application/json; charset=utf-8
cache-control: no-cache
content-length: 41

16:24:43.278 [AsyncHttpClient-1-9] DEBUG org.asynchttpclient.netty.channel.ChannelManager - Adding key: http://localhost:65357 for channel [id: 0xdf5654fc, L:/127.0.0.1:60438 - R:localhost/127.0.0.1:65357]
  &amp#27;[32mGiven &amp#27;[0m&amp#27;[32mI am on the home page&amp#27;[0m     &amp#27;[90m# starter.stepdefinitions.BabyStep.iAmOnTheHomePage()&amp#27;[0m
16:24:43.284 [Forwarding screenshot on session e45a6541a026c512d959a02b2226e3ef to remote] DEBUG org.asynchttpclient.netty.request.NettyRequestSender - Using pooled Channel '[id: 0xdf5654fc, L:/127.0.0.1:60438 - R:localhost/127.0.0.1:65357]' for 'GET' to 'http://localhost:65357/session/e45a6541a026c512d959a02b2226e3ef/screenshot'
16:24:43.284 [Forwarding screenshot on session e45a6541a026c512d959a02b2226e3ef to remote] DEBUG org.asynchttpclient.netty.request.NettyRequestSender - Using open Channel [id: 0xdf5654fc, L:/127.0.0.1:60438 - R:localhost/127.0.0.1:65357] for GET '/session/e45a6541a026c512d959a02b2226e3ef/screenshot'
16:24:43.371 [AsyncHttpClient-1-1] DEBUG org.asynchttpclient.netty.channel.DefaultChannelPool - Entry count for : http://localhost:60439 : 1
16:24:43.582 [AsyncHttpClient-1-9] DEBUG org.asynchttpclient.netty.handler.HttpHandler - 

Request DefaultFullHttpRequest(decodeResult: success, version: HTTP/1.1, content: EmptyByteBufBE)
GET /session/e45a6541a026c512d959a02b2226e3ef/screenshot HTTP/1.1
User-Agent: selenium/4.1.2 (java windows)
Cache-Control: no-cache
Content-Type: application/json; charset=utf-8
host: localhost:65357
accept: */*

Response DefaultHttpResponse(decodeResult: success, version: HTTP/1.1)
HTTP/1.1 200 OK
Content-Type: application/json; charset=utf-8
cache-control: no-cache
content-length: 1022316

16:24:43.583 [AsyncHttpClient-1-9] DEBUG org.asynchttpclient.netty.channel.ChannelManager - Adding key: http://localhost:65357 for channel [id: 0xdf5654fc, L:/127.0.0.1:60438 - R:localhost/127.0.0.1:65357]
16:24:43.609 [main] DEBUG net.serenitybdd.core.photography.Darkroom - Send negative for processing for target\site\serenity\b0ddf3608b8f51a6a3adc36e4acd901b7a2c5b7adc6fd42a924a7c7a6358c0ea.png
16:24:43.621 [Forwarding findElement on session e45a6541a026c512d959a02b2226e3ef to remote] DEBUG org.asynchttpclient.netty.request.NettyRequestSender - Using pooled Channel '[id: 0xdf5654fc, L:/127.0.0.1:60438 - R:localhost/127.0.0.1:65357]' for 'POST' to 'http://localhost:65357/session/e45a6541a026c512d959a02b2226e3ef/element'
16:24:43.621 [Forwarding findElement on session e45a6541a026c512d959a02b2226e3ef to remote] DEBUG org.asynchttpclient.netty.request.NettyRequestSender - Using open Channel [id: 0xdf5654fc, L:/127.0.0.1:60438 - R:localhost/127.0.0.1:65357] for POST '/session/e45a6541a026c512d959a02b2226e3ef/element'
16:24:43.637 [AsyncHttpClient-1-9] DEBUG org.asynchttpclient.netty.handler.HttpHandler - 

Request DefaultHttpRequest(decodeResult: success, version: HTTP/1.1)
POST /session/e45a6541a026c512d959a02b2226e3ef/element HTTP/1.1
User-Agent: selenium/4.1.2 (java windows)
Content-Length: 81
Content-Type: application/json; charset=utf-8
host: localhost:65357
accept: */*

Response DefaultHttpResponse(decodeResult: success, version: HTTP/1.1)
HTTP/1.1 200 OK
Content-Type: application/json; charset=utf-8
cache-control: no-cache
content-length: 88

16:24:43.638 [AsyncHttpClient-1-9] DEBUG org.asynchttpclient.netty.channel.ChannelManager - Adding key: http://localhost:65357 for channel [id: 0xdf5654fc, L:/127.0.0.1:60438 - R:localhost/127.0.0.1:65357]
16:24:43.639 [Forwarding getElementTagName on session e45a6541a026c512d959a02b2226e3ef to remote] DEBUG org.asynchttpclient.netty.request.NettyRequestSender - Using pooled Channel '[id: 0xdf5654fc, L:/127.0.0.1:60438 - R:localhost/127.0.0.1:65357]' for 'GET' to 'http://localhost:65357/session/e45a6541a026c512d959a02b2226e3ef/element/3e8cc5f5-9b9b-486c-bd84-bb4447d7c96b/name'
16:24:43.639 [Forwarding getElementTagName on session e45a6541a026c512d959a02b2226e3ef to remote] DEBUG org.asynchttpclient.netty.request.NettyRequestSender - Using open Channel [id: 0xdf5654fc, L:/127.0.0.1:60438 - R:localhost/127.0.0.1:65357] for GET '/session/e45a6541a026c512d959a02b2226e3ef/element/3e8cc5f5-9b9b-486c-bd84-bb4447d7c96b/name'
16:24:43.643 [AsyncHttpClient-1-9] DEBUG org.asynchttpclient.netty.handler.HttpHandler - 

Request DefaultFullHttpRequest(decodeResult: success, version: HTTP/1.1, content: EmptyByteBufBE)
GET /session/e45a6541a026c512d959a02b2226e3ef/element/3e8cc5f5-9b9b-486c-bd84-bb4447d7c96b/name HTTP/1.1
User-Agent: selenium/4.1.2 (java windows)
Cache-Control: no-cache
Content-Type: application/json; charset=utf-8
host: localhost:65357
accept: */*

Response DefaultHttpResponse(decodeResult: success, version: HTTP/1.1)
HTTP/1.1 200 OK
Content-Type: application/json; charset=utf-8
cache-control: no-cache
content-length: 16

16:24:43.644 [AsyncHttpClient-1-9] DEBUG org.asynchttpclient.netty.channel.ChannelManager - Adding key: http://localhost:65357 for channel [id: 0xdf5654fc, L:/127.0.0.1:60438 - R:localhost/127.0.0.1:65357]
16:24:43.645 [Forwarding getElementTagName on session e45a6541a026c512d959a02b2226e3ef to remote] DEBUG org.asynchttpclient.netty.request.NettyRequestSender - Using pooled Channel '[id: 0xdf5654fc, L:/127.0.0.1:60438 - R:localhost/127.0.0.1:65357]' for 'GET' to 'http://localhost:65357/session/e45a6541a026c512d959a02b2226e3ef/element/3e8cc5f5-9b9b-486c-bd84-bb4447d7c96b/name'
16:24:43.645 [Forwarding getElementTagName on session e45a6541a026c512d959a02b2226e3ef to remote] DEBUG org.asynchttpclient.netty.request.NettyRequestSender - Using open Channel [id: 0xdf5654fc, L:/127.0.0.1:60438 - R:localhost/127.0.0.1:65357] for GET '/session/e45a6541a026c512d959a02b2226e3ef/element/3e8cc5f5-9b9b-486c-bd84-bb4447d7c96b/name'
16:24:43.647 [AsyncHttpClient-1-9] DEBUG org.asynchttpclient.netty.handler.HttpHandler - 

Request DefaultFullHttpRequest(decodeResult: success, version: HTTP/1.1, content: EmptyByteBufBE)
GET /session/e45a6541a026c512d959a02b2226e3ef/element/3e8cc5f5-9b9b-486c-bd84-bb4447d7c96b/name HTTP/1.1
User-Agent: selenium/4.1.2 (java windows)
Cache-Control: no-cache
Content-Type: application/json; charset=utf-8
host: localhost:65357
accept: */*

Response DefaultHttpResponse(decodeResult: success, version: HTTP/1.1)
HTTP/1.1 200 OK
Content-Type: application/json; charset=utf-8
cache-control: no-cache
content-length: 16

16:24:43.648 [AsyncHttpClient-1-9] DEBUG org.asynchttpclient.netty.channel.ChannelManager - Adding key: http://localhost:65357 for channel [id: 0xdf5654fc, L:/127.0.0.1:60438 - R:localhost/127.0.0.1:65357]
16:24:43.649 [Forwarding findElement on session e45a6541a026c512d959a02b2226e3ef to remote] DEBUG org.asynchttpclient.netty.request.NettyRequestSender - Using pooled Channel '[id: 0xdf5654fc, L:/127.0.0.1:60438 - R:localhost/127.0.0.1:65357]' for 'POST' to 'http://localhost:65357/session/e45a6541a026c512d959a02b2226e3ef/element'
16:24:43.649 [Forwarding findElement on session e45a6541a026c512d959a02b2226e3ef to remote] DEBUG org.asynchttpclient.netty.request.NettyRequestSender - Using open Channel [id: 0xdf5654fc, L:/127.0.0.1:60438 - R:localhost/127.0.0.1:65357] for POST '/session/e45a6541a026c512d959a02b2226e3ef/element'
16:24:43.656 [AsyncHttpClient-1-9] DEBUG org.asynchttpclient.netty.handler.HttpHandler - 

Request DefaultHttpRequest(decodeResult: success, version: HTTP/1.1)
POST /session/e45a6541a026c512d959a02b2226e3ef/element HTTP/1.1
User-Agent: selenium/4.1.2 (java windows)
Content-Length: 81
Content-Type: application/json; charset=utf-8
host: localhost:65357
accept: */*

Response DefaultHttpResponse(decodeResult: success, version: HTTP/1.1)
HTTP/1.1 200 OK
Content-Type: application/json; charset=utf-8
cache-control: no-cache
content-length: 88

16:24:43.656 [AsyncHttpClient-1-9] DEBUG org.asynchttpclient.netty.channel.ChannelManager - Adding key: http://localhost:65357 for channel [id: 0xdf5654fc, L:/127.0.0.1:60438 - R:localhost/127.0.0.1:65357]
16:24:43.657 [Forwarding clickElement on session e45a6541a026c512d959a02b2226e3ef to remote] DEBUG org.asynchttpclient.netty.request.NettyRequestSender - Using pooled Channel '[id: 0xdf5654fc, L:/127.0.0.1:60438 - R:localhost/127.0.0.1:65357]' for 'POST' to 'http://localhost:65357/session/e45a6541a026c512d959a02b2226e3ef/element/3e8cc5f5-9b9b-486c-bd84-bb4447d7c96b/click'
16:24:43.657 [Forwarding clickElement on session e45a6541a026c512d959a02b2226e3ef to remote] DEBUG org.asynchttpclient.netty.request.NettyRequestSender - Using open Channel [id: 0xdf5654fc, L:/127.0.0.1:60438 - R:localhost/127.0.0.1:65357] for POST '/session/e45a6541a026c512d959a02b2226e3ef/element/3e8cc5f5-9b9b-486c-bd84-bb4447d7c96b/click'
16:24:44.089 [AsyncHttpClient-1-9] DEBUG org.asynchttpclient.netty.handler.HttpHandler - 

Request DefaultHttpRequest(decodeResult: success, version: HTTP/1.1)
POST /session/e45a6541a026c512d959a02b2226e3ef/element/3e8cc5f5-9b9b-486c-bd84-bb4447d7c96b/click HTTP/1.1
User-Agent: selenium/4.1.2 (java windows)
Content-Length: 50
Content-Type: application/json; charset=utf-8
host: localhost:65357
accept: */*

Response DefaultHttpResponse(decodeResult: success, version: HTTP/1.1)
HTTP/1.1 200 OK
Content-Type: application/json; charset=utf-8
cache-control: no-cache
content-length: 14

16:24:44.089 [AsyncHttpClient-1-9] DEBUG org.asynchttpclient.netty.channel.ChannelManager - Adding key: http://localhost:65357 for channel [id: 0xdf5654fc, L:/127.0.0.1:60438 - R:localhost/127.0.0.1:65357]
  &amp#27;[32mThen &amp#27;[0m&amp#27;[32mI click baby on the header&amp#27;[0m &amp#27;[90m# starter.stepdefinitions.BabyStep.iClickBabyOnTheHeader()&amp#27;[0m
16:24:44.099 [Forwarding screenshot on session e45a6541a026c512d959a02b2226e3ef to remote] DEBUG org.asynchttpclient.netty.request.NettyRequestSender - Using pooled Channel '[id: 0xdf5654fc, L:/127.0.0.1:60438 - R:localhost/127.0.0.1:65357]' for 'GET' to 'http://localhost:65357/session/e45a6541a026c512d959a02b2226e3ef/screenshot'
16:24:44.099 [Forwarding screenshot on session e45a6541a026c512d959a02b2226e3ef to remote] DEBUG org.asynchttpclient.netty.request.NettyRequestSender - Using open Channel [id: 0xdf5654fc, L:/127.0.0.1:60438 - R:localhost/127.0.0.1:65357] for GET '/session/e45a6541a026c512d959a02b2226e3ef/screenshot'
16:24:44.209 [AsyncHttpClient-1-9] DEBUG org.asynchttpclient.netty.handler.HttpHandler - 

Request DefaultFullHttpRequest(decodeResult: success, version: HTTP/1.1, content: EmptyByteBufBE)
GET /session/e45a6541a026c512d959a02b2226e3ef/screenshot HTTP/1.1
User-Agent: selenium/4.1.2 (java windows)
Cache-Control: no-cache
Content-Type: application/json; charset=utf-8
host: localhost:65357
accept: */*

Response DefaultHttpResponse(decodeResult: success, version: HTTP/1.1)
HTTP/1.1 200 OK
Content-Type: application/json; charset=utf-8
cache-control: no-cache
content-length: 61816

16:24:44.209 [AsyncHttpClient-1-9] DEBUG org.asynchttpclient.netty.channel.ChannelManager - Adding key: http://localhost:65357 for channel [id: 0xdf5654fc, L:/127.0.0.1:60438 - R:localhost/127.0.0.1:65357]
16:24:44.212 [main] DEBUG net.serenitybdd.core.photography.Darkroom - Send negative for processing for target\site\serenity\5b31d5e614668d2bcda9561786ada5ef763160918f6c9d1435da003ab94fed82.png
16:24:44.218 [Forwarding findElement on session e45a6541a026c512d959a02b2226e3ef to remote] DEBUG org.asynchttpclient.netty.request.NettyRequestSender - Using pooled Channel '[id: 0xdf5654fc, L:/127.0.0.1:60438 - R:localhost/127.0.0.1:65357]' for 'POST' to 'http://localhost:65357/session/e45a6541a026c512d959a02b2226e3ef/element'
16:24:44.218 [Forwarding findElement on session e45a6541a026c512d959a02b2226e3ef to remote] DEBUG org.asynchttpclient.netty.request.NettyRequestSender - Using open Channel [id: 0xdf5654fc, L:/127.0.0.1:60438 - R:localhost/127.0.0.1:65357] for POST '/session/e45a6541a026c512d959a02b2226e3ef/element'
16:24:44.230 [AsyncHttpClient-1-9] DEBUG org.asynchttpclient.netty.handler.HttpHandler - 

Request DefaultHttpRequest(decodeResult: success, version: HTTP/1.1)
POST /session/e45a6541a026c512d959a02b2226e3ef/element HTTP/1.1
User-Agent: selenium/4.1.2 (java windows)
Content-Length: 107
Content-Type: application/json; charset=utf-8
host: localhost:65357
accept: */*

Response DefaultHttpResponse(decodeResult: success, version: HTTP/1.1)
HTTP/1.1 200 OK
Content-Type: application/json; charset=utf-8
cache-control: no-cache
content-length: 88

16:24:44.230 [AsyncHttpClient-1-9] DEBUG org.asynchttpclient.netty.channel.ChannelManager - Adding key: http://localhost:65357 for channel [id: 0xdf5654fc, L:/127.0.0.1:60438 - R:localhost/127.0.0.1:65357]
16:24:44.232 [Forwarding getElementTagName on session e45a6541a026c512d959a02b2226e3ef to remote] DEBUG org.asynchttpclient.netty.request.NettyRequestSender - Using pooled Channel '[id: 0xdf5654fc, L:/127.0.0.1:60438 - R:localhost/127.0.0.1:65357]' for 'GET' to 'http://localhost:65357/session/e45a6541a026c512d959a02b2226e3ef/element/f4831c72-4a01-400d-8288-1f9600d225cc/name'
16:24:44.232 [Forwarding getElementTagName on session e45a6541a026c512d959a02b2226e3ef to remote] DEBUG org.asynchttpclient.netty.request.NettyRequestSender - Using open Channel [id: 0xdf5654fc, L:/127.0.0.1:60438 - R:localhost/127.0.0.1:65357] for GET '/session/e45a6541a026c512d959a02b2226e3ef/element/f4831c72-4a01-400d-8288-1f9600d225cc/name'
16:24:44.235 [AsyncHttpClient-1-9] DEBUG org.asynchttpclient.netty.handler.HttpHandler - 

Request DefaultFullHttpRequest(decodeResult: success, version: HTTP/1.1, content: EmptyByteBufBE)
GET /session/e45a6541a026c512d959a02b2226e3ef/element/f4831c72-4a01-400d-8288-1f9600d225cc/name HTTP/1.1
User-Agent: selenium/4.1.2 (java windows)
Cache-Control: no-cache
Content-Type: application/json; charset=utf-8
host: localhost:65357
accept: */*

Response DefaultHttpResponse(decodeResult: success, version: HTTP/1.1)
HTTP/1.1 200 OK
Content-Type: application/json; charset=utf-8
cache-control: no-cache
content-length: 16

16:24:44.235 [AsyncHttpClient-1-9] DEBUG org.asynchttpclient.netty.channel.ChannelManager - Adding key: http://localhost:65357 for channel [id: 0xdf5654fc, L:/127.0.0.1:60438 - R:localhost/127.0.0.1:65357]
16:24:44.236 [Forwarding getElementTagName on session e45a6541a026c512d959a02b2226e3ef to remote] DEBUG org.asynchttpclient.netty.request.NettyRequestSender - Using pooled Channel '[id: 0xdf5654fc, L:/127.0.0.1:60438 - R:localhost/127.0.0.1:65357]' for 'GET' to 'http://localhost:65357/session/e45a6541a026c512d959a02b2226e3ef/element/f4831c72-4a01-400d-8288-1f9600d225cc/name'
16:24:44.236 [Forwarding getElementTagName on session e45a6541a026c512d959a02b2226e3ef to remote] DEBUG org.asynchttpclient.netty.request.NettyRequestSender - Using open Channel [id: 0xdf5654fc, L:/127.0.0.1:60438 - R:localhost/127.0.0.1:65357] for GET '/session/e45a6541a026c512d959a02b2226e3ef/element/f4831c72-4a01-400d-8288-1f9600d225cc/name'
16:24:44.239 [AsyncHttpClient-1-9] DEBUG org.asynchttpclient.netty.handler.HttpHandler - 

Request DefaultFullHttpRequest(decodeResult: success, version: HTTP/1.1, content: EmptyByteBufBE)
GET /session/e45a6541a026c512d959a02b2226e3ef/element/f4831c72-4a01-400d-8288-1f9600d225cc/name HTTP/1.1
User-Agent: selenium/4.1.2 (java windows)
Cache-Control: no-cache
Content-Type: application/json; charset=utf-8
host: localhost:65357
accept: */*

Response DefaultHttpResponse(decodeResult: success, version: HTTP/1.1)
HTTP/1.1 200 OK
Content-Type: application/json; charset=utf-8
cache-control: no-cache
content-length: 16

16:24:44.239 [AsyncHttpClient-1-9] DEBUG org.asynchttpclient.netty.channel.ChannelManager - Adding key: http://localhost:65357 for channel [id: 0xdf5654fc, L:/127.0.0.1:60438 - R:localhost/127.0.0.1:65357]
16:24:44.242 [Forwarding findElement on session e45a6541a026c512d959a02b2226e3ef to remote] DEBUG org.asynchttpclient.netty.request.NettyRequestSender - Using pooled Channel '[id: 0xdf5654fc, L:/127.0.0.1:60438 - R:localhost/127.0.0.1:65357]' for 'POST' to 'http://localhost:65357/session/e45a6541a026c512d959a02b2226e3ef/element'
16:24:44.242 [Forwarding findElement on session e45a6541a026c512d959a02b2226e3ef to remote] DEBUG org.asynchttpclient.netty.request.NettyRequestSender - Using open Channel [id: 0xdf5654fc, L:/127.0.0.1:60438 - R:localhost/127.0.0.1:65357] for POST '/session/e45a6541a026c512d959a02b2226e3ef/element'
16:24:44.249 [AsyncHttpClient-1-9] DEBUG org.asynchttpclient.netty.handler.HttpHandler - 

Request DefaultHttpRequest(decodeResult: success, version: HTTP/1.1)
POST /session/e45a6541a026c512d959a02b2226e3ef/element HTTP/1.1
User-Agent: selenium/4.1.2 (java windows)
Content-Length: 107
Content-Type: application/json; charset=utf-8
host: localhost:65357
accept: */*

Response DefaultHttpResponse(decodeResult: success, version: HTTP/1.1)
HTTP/1.1 200 OK
Content-Type: application/json; charset=utf-8
cache-control: no-cache
content-length: 88

16:24:44.249 [AsyncHttpClient-1-9] DEBUG org.asynchttpclient.netty.channel.ChannelManager - Adding key: http://localhost:65357 for channel [id: 0xdf5654fc, L:/127.0.0.1:60438 - R:localhost/127.0.0.1:65357]
16:24:44.250 [Forwarding clickElement on session e45a6541a026c512d959a02b2226e3ef to remote] DEBUG org.asynchttpclient.netty.request.NettyRequestSender - Using pooled Channel '[id: 0xdf5654fc, L:/127.0.0.1:60438 - R:localhost/127.0.0.1:65357]' for 'POST' to 'http://localhost:65357/session/e45a6541a026c512d959a02b2226e3ef/element/f4831c72-4a01-400d-8288-1f9600d225cc/click'
16:24:44.250 [Forwarding clickElement on session e45a6541a026c512d959a02b2226e3ef to remote] DEBUG org.asynchttpclient.netty.request.NettyRequestSender - Using open Channel [id: 0xdf5654fc, L:/127.0.0.1:60438 - R:localhost/127.0.0.1:65357] for POST '/session/e45a6541a026c512d959a02b2226e3ef/element/f4831c72-4a01-400d-8288-1f9600d225cc/click'
16:24:44.393 [AsyncHttpClient-1-9] DEBUG org.asynchttpclient.netty.handler.HttpHandler - 

Request DefaultHttpRequest(decodeResult: success, version: HTTP/1.1)
POST /session/e45a6541a026c512d959a02b2226e3ef/element/f4831c72-4a01-400d-8288-1f9600d225cc/click HTTP/1.1
User-Agent: selenium/4.1.2 (java windows)
Content-Length: 50
Content-Type: application/json; charset=utf-8
host: localhost:65357
accept: */*

Response DefaultHttpResponse(decodeResult: success, version: HTTP/1.1)
HTTP/1.1 200 OK
Content-Type: application/json; charset=utf-8
cache-control: no-cache
content-length: 14

16:24:44.393 [AsyncHttpClient-1-9] DEBUG org.asynchttpclient.netty.channel.ChannelManager - Adding key: http://localhost:65357 for channel [id: 0xdf5654fc, L:/127.0.0.1:60438 - R:localhost/127.0.0.1:65357]
  &amp#27;[32mWhen &amp#27;[0m&amp#27;[32mI will go to &amp#27;[0m&amp#27;[32m&amp#27;[1m"aksesoris2"&amp#27;[0m  &amp#27;[90m# starter.stepdefinitions.BabyStep.iWillGoTo(java.lang.String)&amp#27;[0m
16:24:44.403 [Forwarding screenshot on session e45a6541a026c512d959a02b2226e3ef to remote] DEBUG org.asynchttpclient.netty.request.NettyRequestSender - Using pooled Channel '[id: 0xdf5654fc, L:/127.0.0.1:60438 - R:localhost/127.0.0.1:65357]' for 'GET' to 'http://localhost:65357/session/e45a6541a026c512d959a02b2226e3ef/screenshot'
16:24:44.403 [Forwarding screenshot on session e45a6541a026c512d959a02b2226e3ef to remote] DEBUG org.asynchttpclient.netty.request.NettyRequestSender - Using open Channel [id: 0xdf5654fc, L:/127.0.0.1:60438 - R:localhost/127.0.0.1:65357] for GET '/session/e45a6541a026c512d959a02b2226e3ef/screenshot'
16:24:44.467 [AsyncHttpClient-1-1] DEBUG org.asynchttpclient.netty.channel.DefaultChannelPool - Entry count for : http://localhost:60439 : 1
16:24:44.562 [AsyncHttpClient-1-9] DEBUG org.asynchttpclient.netty.handler.HttpHandler - 

Request DefaultFullHttpRequest(decodeResult: success, version: HTTP/1.1, content: EmptyByteBufBE)
GET /session/e45a6541a026c512d959a02b2226e3ef/screenshot HTTP/1.1
User-Agent: selenium/4.1.2 (java windows)
Cache-Control: no-cache
Content-Type: application/json; charset=utf-8
host: localhost:65357
accept: */*

Response DefaultHttpResponse(decodeResult: success, version: HTTP/1.1)
HTTP/1.1 200 OK
Content-Type: application/json; charset=utf-8
cache-control: no-cache
content-length: 89600

16:24:44.562 [AsyncHttpClient-1-9] DEBUG org.asynchttpclient.netty.channel.ChannelManager - Adding key: http://localhost:65357 for channel [id: 0xdf5654fc, L:/127.0.0.1:60438 - R:localhost/127.0.0.1:65357]
16:24:44.565 [main] DEBUG net.serenitybdd.core.photography.Darkroom - Send negative for processing for target\site\serenity\7b5f4e3f6abd708d4800a9f7c03b6b57c395802f2bb288ae765085c01fa9c018.png
16:24:44.566 [Darkroom Processing Line] DEBUG net.serenitybdd.core.photography.DarkroomProcessingLine - Processing screenshot image in /var/screenshots/screenshot-6581236230091069145
16:24:44.566 [Darkroom Processing Line] DEBUG net.serenitybdd.core.photography.DarkroomProcessingLine - Saving screenshot to target\site\serenity\7b5f4e3f6abd708d4800a9f7c03b6b57c395802f2bb288ae765085c01fa9c018.png
16:24:44.572 [Forwarding findElement on session e45a6541a026c512d959a02b2226e3ef to remote] DEBUG org.asynchttpclient.netty.request.NettyRequestSender - Using pooled Channel '[id: 0xdf5654fc, L:/127.0.0.1:60438 - R:localhost/127.0.0.1:65357]' for 'POST' to 'http://localhost:65357/session/e45a6541a026c512d959a02b2226e3ef/element'
16:24:44.572 [Forwarding findElement on session e45a6541a026c512d959a02b2226e3ef to remote] DEBUG org.asynchttpclient.netty.request.NettyRequestSender - Using open Channel [id: 0xdf5654fc, L:/127.0.0.1:60438 - R:localhost/127.0.0.1:65357] for POST '/session/e45a6541a026c512d959a02b2226e3ef/element'
16:24:45.571 [AsyncHttpClient-1-1] DEBUG org.asynchttpclient.netty.channel.DefaultChannelPool - Entry count for : http://localhost:60439 : 1
16:24:45.756 [AsyncHttpClient-1-9] DEBUG org.asynchttpclient.netty.handler.HttpHandler - 

Request DefaultHttpRequest(decodeResult: success, version: HTTP/1.1)
POST /session/e45a6541a026c512d959a02b2226e3ef/element HTTP/1.1
User-Agent: selenium/4.1.2 (java windows)
Content-Length: 91
Content-Type: application/json; charset=utf-8
host: localhost:65357
accept: */*

Response DefaultHttpResponse(decodeResult: success, version: HTTP/1.1)
HTTP/1.1 200 OK
Content-Type: application/json; charset=utf-8
cache-control: no-cache
content-length: 88

16:24:45.756 [AsyncHttpClient-1-9] DEBUG org.asynchttpclient.netty.channel.ChannelManager - Adding key: http://localhost:65357 for channel [id: 0xdf5654fc, L:/127.0.0.1:60438 - R:localhost/127.0.0.1:65357]
16:24:45.759 [Forwarding isElementDisplayed on session e45a6541a026c512d959a02b2226e3ef to remote] DEBUG org.asynchttpclient.netty.request.NettyRequestSender - Using pooled Channel '[id: 0xdf5654fc, L:/127.0.0.1:60438 - R:localhost/127.0.0.1:65357]' for 'POST' to 'http://localhost:65357/session/e45a6541a026c512d959a02b2226e3ef/execute/sync'
16:24:45.759 [Forwarding isElementDisplayed on session e45a6541a026c512d959a02b2226e3ef to remote] DEBUG org.asynchttpclient.netty.request.NettyRequestSender - Using open Channel [id: 0xdf5654fc, L:/127.0.0.1:60438 - R:localhost/127.0.0.1:65357] for POST '/session/e45a6541a026c512d959a02b2226e3ef/execute/sync'
16:24:45.774 [AsyncHttpClient-1-9] DEBUG org.asynchttpclient.netty.handler.HttpHandler - 

Request DefaultHttpRequest(decodeResult: success, version: HTTP/1.1)
POST /session/e45a6541a026c512d959a02b2226e3ef/execute/sync HTTP/1.1
User-Agent: selenium/4.1.2 (java windows)
Content-Length: 48780
Content-Type: application/json; charset=utf-8
host: localhost:65357
accept: */*

Response DefaultHttpResponse(decodeResult: success, version: HTTP/1.1)
HTTP/1.1 200 OK
Content-Type: application/json; charset=utf-8
cache-control: no-cache
content-length: 14

16:24:45.775 [AsyncHttpClient-1-9] DEBUG org.asynchttpclient.netty.channel.ChannelManager - Adding key: http://localhost:65357 for channel [id: 0xdf5654fc, L:/127.0.0.1:60438 - R:localhost/127.0.0.1:65357]
  &amp#27;[32mAnd &amp#27;[0m&amp#27;[32mI &amp#27;[0m&amp#27;[32m&amp#27;[1m"txtAksesoris2"&amp#27;[0m&amp#27;[32m page&amp#27;[0m      &amp#27;[90m# starter.stepdefinitions.BabyStep.iPage(java.lang.String)&amp#27;[0m
16:24:45.779 [Forwarding screenshot on session e45a6541a026c512d959a02b2226e3ef to remote] DEBUG org.asynchttpclient.netty.request.NettyRequestSender - Using pooled Channel '[id: 0xdf5654fc, L:/127.0.0.1:60438 - R:localhost/127.0.0.1:65357]' for 'GET' to 'http://localhost:65357/session/e45a6541a026c512d959a02b2226e3ef/screenshot'
16:24:45.779 [Forwarding screenshot on session e45a6541a026c512d959a02b2226e3ef to remote] DEBUG org.asynchttpclient.netty.request.NettyRequestSender - Using open Channel [id: 0xdf5654fc, L:/127.0.0.1:60438 - R:localhost/127.0.0.1:65357] for GET '/session/e45a6541a026c512d959a02b2226e3ef/screenshot'
16:24:45.897 [AsyncHttpClient-1-9] DEBUG org.asynchttpclient.netty.handler.HttpHandler - 

Request DefaultFullHttpRequest(decodeResult: success, version: HTTP/1.1, content: EmptyByteBufBE)
GET /session/e45a6541a026c512d959a02b2226e3ef/screenshot HTTP/1.1
User-Agent: selenium/4.1.2 (java windows)
Cache-Control: no-cache
Content-Type: application/json; charset=utf-8
host: localhost:65357
accept: */*

Response DefaultHttpResponse(decodeResult: success, version: HTTP/1.1)
HTTP/1.1 200 OK
Content-Type: application/json; charset=utf-8
cache-control: no-cache
content-length: 57428

16:24:45.897 [AsyncHttpClient-1-9] DEBUG org.asynchttpclient.netty.channel.ChannelManager - Adding key: http://localhost:65357 for channel [id: 0xdf5654fc, L:/127.0.0.1:60438 - R:localhost/127.0.0.1:65357]
16:24:45.900 [main] DEBUG net.serenitybdd.core.photography.Darkroom - Send negative for processing for target\site\serenity\e551b4943b5c77728aa72ea79d5ff33608a2050fd40537751e011b49e3fd740b.png
16:24:45.900 [Darkroom Processing Line] DEBUG net.serenitybdd.core.photography.DarkroomProcessingLine - Processing screenshot image in /var/screenshots/screenshot-12549072830416259387
16:24:45.900 [Darkroom Processing Line] DEBUG net.serenitybdd.core.photography.DarkroomProcessingLine - Saving screenshot to target\site\serenity\e551b4943b5c77728aa72ea79d5ff33608a2050fd40537751e011b49e3fd740b.png
16:24:45.904 [AsyncHttpClient-1-11] DEBUG org.asynchttpclient.netty.handler.WebSocketHandler - Channel Closed: [id: 0xf36262f1, L:/127.0.0.1:60445 ! R:localhost/127.0.0.1:60439] with attribute NettyResponseFuture{currentRetry=5,
	isDone=1,
	isCancelled=0,
	asyncHandler=org.asynchttpclient.ws.WebSocketUpgradeHandler@3aa33fa3,
	nettyRequest=org.asynchttpclient.netty.request.NettyRequest@5b29ea41,
	future=java.util.concurrent.CompletableFuture@48ad0fe5[Completed normally],
	uri=ws://localhost:60439/devtools/browser/629b1a23-075f-4a35-95d1-0869f37712a6,
	keepAlive=true,
	redirectCount=0,
	timeoutsHolder=null,
	inAuth=0,
	touch=1680859465225}
16:24:45.905 [AsyncHttpClient-1-11] DEBUG org.asynchttpclient.netty.channel.ChannelManager - Closing Channel [id: 0xf36262f1, L:/127.0.0.1:60445 ! R:localhost/127.0.0.1:60439] 
16:24:45.905 [Driver Command Executor] DEBUG org.asynchttpclient.netty.request.NettyRequestSender - Using pooled Channel '[id: 0xdf5654fc, L:/127.0.0.1:60438 - R:localhost/127.0.0.1:65357]' for 'DELETE' to 'http://localhost:65357/session/e45a6541a026c512d959a02b2226e3ef'
16:24:45.905 [Driver Command Executor] DEBUG org.asynchttpclient.netty.request.NettyRequestSender - Using open Channel [id: 0xdf5654fc, L:/127.0.0.1:60438 - R:localhost/127.0.0.1:65357] for DELETE '/session/e45a6541a026c512d959a02b2226e3ef'
16:24:45.922 [AsyncHttpClient-1-10] DEBUG org.asynchttpclient.netty.handler.HttpHandler - Unexpected I/O exception on channel [id: 0x52a70544, L:/127.0.0.1:60444 - R:localhost/127.0.0.1:60439]
java.net.SocketException: Connection reset
	at java.base/sun.nio.ch.SocketChannelImpl.throwConnectionReset(SocketChannelImpl.java:345)
	at java.base/sun.nio.ch.SocketChannelImpl.read(SocketChannelImpl.java:376)
	at io.netty.buffer.PooledByteBuf.setBytes(PooledByteBuf.java:258)
	at io.netty.buffer.AbstractByteBuf.writeBytes(AbstractByteBuf.java:1132)
	at io.netty.channel.socket.nio.NioSocketChannel.doReadBytes(NioSocketChannel.java:350)
	at io.netty.channel.nio.AbstractNioByteChannel$NioByteUnsafe.read(AbstractNioByteChannel.java:151)
	at io.netty.channel.nio.NioEventLoop.processSelectedKey(NioEventLoop.java:722)
	at io.netty.channel.nio.NioEventLoop.processSelectedKeysOptimized(NioEventLoop.java:658)
	at io.netty.channel.nio.NioEventLoop.processSelectedKeys(NioEventLoop.java:584)
	at io.netty.channel.nio.NioEventLoop.run(NioEventLoop.java:496)
	at io.netty.util.concurrent.SingleThreadEventExecutor$4.run(SingleThreadEventExecutor.java:986)
	at io.netty.util.internal.ThreadExecutorMap$2.run(ThreadExecutorMap.java:74)
	at io.netty.util.concurrent.FastThreadLocalRunnable.run(FastThreadLocalRunnable.java:30)
	at java.base/java.lang.Thread.run(Thread.java:830)
16:24:45.923 [AsyncHttpClient-1-10] DEBUG org.asynchttpclient.netty.channel.ChannelManager - Closing Channel [id: 0x52a70544, L:/127.0.0.1:60444 - R:localhost/127.0.0.1:60439] 
16:24:45.923 [AsyncHttpClient-1-10] DEBUG org.asynchttpclient.netty.handler.HttpHandler - Channel Closed: [id: 0x52a70544, L:/127.0.0.1:60444 ! R:localhost/127.0.0.1:60439] with attribute DISCARD
16:24:45.959 [AsyncHttpClient-1-9] DEBUG org.asynchttpclient.netty.handler.HttpHandler - 

Request DefaultFullHttpRequest(decodeResult: success, version: HTTP/1.1, content: EmptyByteBufBE)
DELETE /session/e45a6541a026c512d959a02b2226e3ef HTTP/1.1
User-Agent: selenium/4.1.2 (java windows)
Content-Type: application/json; charset=utf-8
host: localhost:65357
accept: */*

Response DefaultHttpResponse(decodeResult: success, version: HTTP/1.1)
HTTP/1.1 200 OK
Content-Type: application/json; charset=utf-8
cache-control: no-cache
content-length: 14

16:24:45.959 [AsyncHttpClient-1-9] DEBUG org.asynchttpclient.netty.channel.ChannelManager - Adding key: http://localhost:65357 for channel [id: 0xdf5654fc, L:/127.0.0.1:60438 - R:localhost/127.0.0.1:65357]
16:24:46.070 [AsyncHttpClient-1-9] DEBUG org.asynchttpclient.netty.handler.HttpHandler - Channel Closed: [id: 0xdf5654fc, L:/127.0.0.1:60438 ! R:localhost/127.0.0.1:65357] with attribute DISCARD
16:24:46.667 [AsyncHttpClient-1-1] DEBUG org.asynchttpclient.netty.channel.DefaultChannelPool - Entry count for : http://localhost:60439 : 1
16:24:46.667 [AsyncHttpClient-1-1] DEBUG org.asynchttpclient.netty.channel.DefaultChannelPool - Entry count for : http://localhost:65357 : 1
16:24:46.667 [AsyncHttpClient-1-1] DEBUG org.asynchttpclient.netty.channel.DefaultChannelPool - Adding Candidate expired Channel [id: 0x52a70544, L:/127.0.0.1:60444 ! R:localhost/127.0.0.1:60439] isIdleTimeoutExpired=false isRemotelyClosed=true isTtlExpired=false
16:24:46.667 [AsyncHttpClient-1-1] DEBUG org.asynchttpclient.netty.channel.DefaultChannelPool - Closing Idle Channel [id: 0x52a70544, L:/127.0.0.1:60444 ! R:localhost/127.0.0.1:60439]
16:24:46.667 [AsyncHttpClient-1-1] DEBUG org.asynchttpclient.netty.channel.DefaultChannelPool - Adding Candidate expired Channel [id: 0xdf5654fc, L:/127.0.0.1:60438 ! R:localhost/127.0.0.1:65357] isIdleTimeoutExpired=false isRemotelyClosed=true isTtlExpired=false
16:24:46.667 [AsyncHttpClient-1-1] DEBUG org.asynchttpclient.netty.channel.DefaultChannelPool - Closing Idle Channel [id: 0xdf5654fc, L:/127.0.0.1:60438 ! R:localhost/127.0.0.1:65357]
16:24:46.667 [AsyncHttpClient-1-1] DEBUG org.asynchttpclient.netty.channel.DefaultChannelPool - Closed 2 connections out of 2 in 0 ms
]]></system-out>
    <system-err><![CDATA[Starting Microsoft Edge WebDriver 111.0.1661.62 (0a8f453929e6410c973aa529a40485ce4e3e03db) on port 65357
To submit feedback, report a bug, or suggest new features, please visit https://github.com/MicrosoftEdge/EdgeWebDriver

Only local connections are allowed.
Please see https://aka.ms/WebDriverSecurity for suggestions on keeping Microsoft Edge WebDriver safe.

Microsoft Edge WebDriver was started successfully.
Apr 07, 2023 4:24:25 PM org.openqa.selenium.remote.ProtocolHandshake createSession
INFO: Detected dialect: W3C
Apr 07, 2023 4:24:25 PM org.openqa.selenium.devtools.CdpVersionFinder findNearestMatch
WARNING: Unable to find an exact match for CDP version 111, so returning the closest version found: a no-op implementation
Apr 07, 2023 4:24:25 PM org.openqa.selenium.devtools.CdpVersionFinder findNearestMatch
INFO: Unable to find CDP implementation matching 111.
Apr 07, 2023 4:24:25 PM org.openqa.selenium.chromium.ChromiumDriver lambda$new$3
WARNING: Unable to find version of CDP to use for . You may need to include a dependency on a specific version of the CDP using something similar to `org.seleniumhq.selenium:selenium-devtools-v86:4.1.2` where the version ("v86") matches the version of the chromium-based browser you're using and the version number of the artifact is the same as Selenium's.
]]></system-err>
  </testcase>
  <testcase name="Fitur Menu Baby #15" classname="Baby" time="18.021">
    <system-out><![CDATA[
Scenario Outline: Fitur Menu Baby   &amp#27;[90m# src/test/resources/features/Baby.feature:27&amp#27;[0m
16:24:46.701 [main] INFO io.cucumber.core.plugin.SerenityReporter - Running feature from file:///C:/Users/alwi/IdeaProjects/uniqloweb/src/test/resources/features/Baby.feature
16:24:46.826 [main] DEBUG io.github.bonigarcia.wdm.cache.ResolutionCache - Resolution edge=111 in cache (valid until 17:21:26 07/04/2023 WIB)
16:24:46.830 [main] DEBUG io.github.bonigarcia.wdm.cache.ResolutionCache - Resolution edge111=111.0.1661.62 in cache (valid until 15:02:35 08/04/2023 WIB)
16:24:46.831 [main] INFO io.github.bonigarcia.wdm.WebDriverManager - Using msedgedriver 111.0.1661.62 (resolved driver for Edge 111)
16:24:46.841 [main] DEBUG io.github.bonigarcia.wdm.WebDriverManager - Driver msedgedriver 111.0.1661.62 found in cache
16:24:46.841 [main] INFO io.github.bonigarcia.wdm.WebDriverManager - Exporting webdriver.edge.driver as C:\Users\alwi\.cache\selenium\msedgedriver\win64\111.0.1661.62\msedgedriver.exe
16:24:46.843 [main] DEBUG net.serenitybdd.core.webdriver.driverproviders.ProvideNewDriver - Instantiating driver
16:24:46.843 [main] DEBUG net.serenitybdd.core.webdriver.driverproviders.ProvideNewDriver - Driver capabilities: Capabilities {base.url: https://www.uniqlo.com, chrome.driver: src/test/resources/webdrive..., driver: edge, ms:edgeChromium: true, ms:edgeOptions: {}, wait.for.timeout: 6000}
16:24:47.383 [AsyncHttpClient-1-12] DEBUG org.asynchttpclient.netty.channel.NettyConnectListener - Using new Channel '[id: 0x9fe2267e, L:/127.0.0.1:60579 - R:localhost/127.0.0.1:49851]' for 'POST' to '/session'
16:24:48.105 [AsyncHttpClient-1-12] DEBUG org.asynchttpclient.netty.handler.HttpHandler - 

Request DefaultHttpRequest(decodeResult: success, version: HTTP/1.1)
POST /session HTTP/1.1
User-Agent: selenium/4.1.2 (java windows)
Content-Length: 627
Content-Type: application/json; charset=utf-8
host: localhost:49851
accept: */*

Response DefaultHttpResponse(decodeResult: success, version: HTTP/1.1)
HTTP/1.1 200 OK
Content-Type: application/json; charset=utf-8
cache-control: no-cache
content-length: 824

16:24:48.105 [AsyncHttpClient-1-12] DEBUG org.asynchttpclient.netty.channel.ChannelManager - Adding key: http://localhost:49851 for channel [id: 0x9fe2267e, L:/127.0.0.1:60579 - R:localhost/127.0.0.1:49851]
16:24:48.110 [AsyncHttpClient-1-13] DEBUG org.asynchttpclient.netty.channel.NettyConnectListener - Using new Channel '[id: 0x1a7c74a3, L:/127.0.0.1:60586 - R:localhost/127.0.0.1:60581]' for 'GET' to '/json/version'
16:24:48.110 [AsyncHttpClient-1-13] DEBUG org.asynchttpclient.netty.handler.HttpHandler - 

Request DefaultFullHttpRequest(decodeResult: success, version: HTTP/1.1, content: EmptyByteBufBE)
GET /json/version HTTP/1.1
User-Agent: selenium/4.1.2 (java windows)
host: localhost:60581
accept: */*

Response DefaultHttpResponse(decodeResult: success, version: HTTP/1.1)
HTTP/1.1 200 OK
Content-Security-Policy: frame-ancestors 'none'
Content-Type: application/json; charset=UTF-8
content-length: 436

16:24:48.110 [AsyncHttpClient-1-13] DEBUG org.asynchttpclient.netty.channel.ChannelManager - Adding key: http://localhost:60581 for channel [id: 0x1a7c74a3, L:/127.0.0.1:60586 - R:localhost/127.0.0.1:60581]
16:24:48.112 [AsyncHttpClient-1-14] DEBUG org.asynchttpclient.netty.channel.NettyConnectListener - Using new Channel '[id: 0x0ff37e8a, L:/127.0.0.1:60587 - R:localhost/127.0.0.1:60581]' for 'GET' to '/devtools/browser/733930d1-8391-4b8c-b221-0dcfd32f1c6b'
16:24:48.113 [AsyncHttpClient-1-14] DEBUG org.asynchttpclient.netty.handler.WebSocketHandler - 

Request DefaultFullHttpRequest(decodeResult: success, version: HTTP/1.1, content: EmptyByteBufBE)
GET /devtools/browser/733930d1-8391-4b8c-b221-0dcfd32f1c6b HTTP/1.1
upgrade: websocket
connection: upgrade
sec-websocket-key: 6jQdjRI8qm+JyLK9mmQ9IQ==
sec-websocket-version: 13
origin: http://localhost:60581
host: localhost:60581
accept: */*
user-agent: AHC/2.1

Response DefaultHttpResponse(decodeResult: success, version: HTTP/1.1)
HTTP/1.1 101 WebSocket Protocol Handshake
Upgrade: WebSocket
Connection: Upgrade
Sec-WebSocket-Accept: 8YaXyVFVwCMJC7cHY++ZhTfjxXo=

16:24:48.116 [Forwarding get on session 5aa73ed4dc077dcd512ffae3c94908fa to remote] DEBUG org.asynchttpclient.netty.request.NettyRequestSender - Using pooled Channel '[id: 0x9fe2267e, L:/127.0.0.1:60579 - R:localhost/127.0.0.1:49851]' for 'POST' to 'http://localhost:49851/session/5aa73ed4dc077dcd512ffae3c94908fa/url'
16:24:48.117 [Forwarding get on session 5aa73ed4dc077dcd512ffae3c94908fa to remote] DEBUG org.asynchttpclient.netty.request.NettyRequestSender - Using open Channel [id: 0x9fe2267e, L:/127.0.0.1:60579 - R:localhost/127.0.0.1:49851] for POST '/session/5aa73ed4dc077dcd512ffae3c94908fa/url'
16:24:48.874 [AsyncHttpClient-1-1] DEBUG org.asynchttpclient.netty.channel.DefaultChannelPool - Entry count for : http://localhost:60581 : 1
16:24:49.966 [AsyncHttpClient-1-1] DEBUG org.asynchttpclient.netty.channel.DefaultChannelPool - Entry count for : http://localhost:60581 : 1
16:24:51.066 [AsyncHttpClient-1-1] DEBUG org.asynchttpclient.netty.channel.DefaultChannelPool - Entry count for : http://localhost:60581 : 1
16:24:52.169 [AsyncHttpClient-1-1] DEBUG org.asynchttpclient.netty.channel.DefaultChannelPool - Entry count for : http://localhost:60581 : 1
16:24:53.266 [AsyncHttpClient-1-1] DEBUG org.asynchttpclient.netty.channel.DefaultChannelPool - Entry count for : http://localhost:60581 : 1
16:24:54.366 [AsyncHttpClient-1-1] DEBUG org.asynchttpclient.netty.channel.DefaultChannelPool - Entry count for : http://localhost:60581 : 1
16:24:55.466 [AsyncHttpClient-1-1] DEBUG org.asynchttpclient.netty.channel.DefaultChannelPool - Entry count for : http://localhost:60581 : 1
16:24:56.581 [AsyncHttpClient-1-1] DEBUG org.asynchttpclient.netty.channel.DefaultChannelPool - Entry count for : http://localhost:60581 : 1
16:24:57.670 [AsyncHttpClient-1-1] DEBUG org.asynchttpclient.netty.channel.DefaultChannelPool - Entry count for : http://localhost:60581 : 1
16:24:58.767 [AsyncHttpClient-1-1] DEBUG org.asynchttpclient.netty.channel.DefaultChannelPool - Entry count for : http://localhost:60581 : 1
16:24:59.869 [AsyncHttpClient-1-1] DEBUG org.asynchttpclient.netty.channel.DefaultChannelPool - Entry count for : http://localhost:60581 : 1
16:25:00.119 [AsyncHttpClient-1-12] DEBUG org.asynchttpclient.netty.handler.HttpHandler - 

Request DefaultHttpRequest(decodeResult: success, version: HTTP/1.1)
POST /session/5aa73ed4dc077dcd512ffae3c94908fa/url HTTP/1.1
User-Agent: selenium/4.1.2 (java windows)
Content-Length: 53
Content-Type: application/json; charset=utf-8
host: localhost:49851
accept: */*

Response DefaultHttpResponse(decodeResult: success, version: HTTP/1.1)
HTTP/1.1 200 OK
Content-Type: application/json; charset=utf-8
cache-control: no-cache
content-length: 14

16:25:00.119 [AsyncHttpClient-1-12] DEBUG org.asynchttpclient.netty.channel.ChannelManager - Adding key: http://localhost:49851 for channel [id: 0x9fe2267e, L:/127.0.0.1:60579 - R:localhost/127.0.0.1:49851]
16:25:00.120 [Forwarding setTimeout on session 5aa73ed4dc077dcd512ffae3c94908fa to remote] DEBUG org.asynchttpclient.netty.request.NettyRequestSender - Using pooled Channel '[id: 0x9fe2267e, L:/127.0.0.1:60579 - R:localhost/127.0.0.1:49851]' for 'POST' to 'http://localhost:49851/session/5aa73ed4dc077dcd512ffae3c94908fa/timeouts'
16:25:00.120 [Forwarding setTimeout on session 5aa73ed4dc077dcd512ffae3c94908fa to remote] DEBUG org.asynchttpclient.netty.request.NettyRequestSender - Using open Channel [id: 0x9fe2267e, L:/127.0.0.1:60579 - R:localhost/127.0.0.1:49851] for POST '/session/5aa73ed4dc077dcd512ffae3c94908fa/timeouts'
16:25:00.121 [AsyncHttpClient-1-12] DEBUG org.asynchttpclient.netty.handler.HttpHandler - 

Request DefaultHttpRequest(decodeResult: success, version: HTTP/1.1)
POST /session/5aa73ed4dc077dcd512ffae3c94908fa/timeouts HTTP/1.1
User-Agent: selenium/4.1.2 (java windows)
Content-Length: 22
Content-Type: application/json; charset=utf-8
host: localhost:49851
accept: */*

Response DefaultHttpResponse(decodeResult: success, version: HTTP/1.1)
HTTP/1.1 200 OK
Content-Type: application/json; charset=utf-8
cache-control: no-cache
content-length: 14

16:25:00.121 [AsyncHttpClient-1-12] DEBUG org.asynchttpclient.netty.channel.ChannelManager - Adding key: http://localhost:49851 for channel [id: 0x9fe2267e, L:/127.0.0.1:60579 - R:localhost/127.0.0.1:49851]
16:25:00.124 [Forwarding getCurrentUrl on session 5aa73ed4dc077dcd512ffae3c94908fa to remote] DEBUG org.asynchttpclient.netty.request.NettyRequestSender - Using pooled Channel '[id: 0x9fe2267e, L:/127.0.0.1:60579 - R:localhost/127.0.0.1:49851]' for 'GET' to 'http://localhost:49851/session/5aa73ed4dc077dcd512ffae3c94908fa/url'
16:25:00.124 [Forwarding getCurrentUrl on session 5aa73ed4dc077dcd512ffae3c94908fa to remote] DEBUG org.asynchttpclient.netty.request.NettyRequestSender - Using open Channel [id: 0x9fe2267e, L:/127.0.0.1:60579 - R:localhost/127.0.0.1:49851] for GET '/session/5aa73ed4dc077dcd512ffae3c94908fa/url'
16:25:00.131 [AsyncHttpClient-1-12] DEBUG org.asynchttpclient.netty.handler.HttpHandler - 

Request DefaultFullHttpRequest(decodeResult: success, version: HTTP/1.1, content: EmptyByteBufBE)
GET /session/5aa73ed4dc077dcd512ffae3c94908fa/url HTTP/1.1
User-Agent: selenium/4.1.2 (java windows)
Cache-Control: no-cache
Content-Type: application/json; charset=utf-8
host: localhost:49851
accept: */*

Response DefaultHttpResponse(decodeResult: success, version: HTTP/1.1)
HTTP/1.1 200 OK
Content-Type: application/json; charset=utf-8
cache-control: no-cache
content-length: 41

16:25:00.131 [AsyncHttpClient-1-12] DEBUG org.asynchttpclient.netty.channel.ChannelManager - Adding key: http://localhost:49851 for channel [id: 0x9fe2267e, L:/127.0.0.1:60579 - R:localhost/127.0.0.1:49851]
  &amp#27;[32mGiven &amp#27;[0m&amp#27;[32mI am on the home page&amp#27;[0m       &amp#27;[90m# starter.stepdefinitions.BabyStep.iAmOnTheHomePage()&amp#27;[0m
16:25:00.136 [Forwarding screenshot on session 5aa73ed4dc077dcd512ffae3c94908fa to remote] DEBUG org.asynchttpclient.netty.request.NettyRequestSender - Using pooled Channel '[id: 0x9fe2267e, L:/127.0.0.1:60579 - R:localhost/127.0.0.1:49851]' for 'GET' to 'http://localhost:49851/session/5aa73ed4dc077dcd512ffae3c94908fa/screenshot'
16:25:00.136 [Forwarding screenshot on session 5aa73ed4dc077dcd512ffae3c94908fa to remote] DEBUG org.asynchttpclient.netty.request.NettyRequestSender - Using open Channel [id: 0x9fe2267e, L:/127.0.0.1:60579 - R:localhost/127.0.0.1:49851] for GET '/session/5aa73ed4dc077dcd512ffae3c94908fa/screenshot'
16:25:00.446 [AsyncHttpClient-1-12] DEBUG org.asynchttpclient.netty.handler.HttpHandler - 

Request DefaultFullHttpRequest(decodeResult: success, version: HTTP/1.1, content: EmptyByteBufBE)
GET /session/5aa73ed4dc077dcd512ffae3c94908fa/screenshot HTTP/1.1
User-Agent: selenium/4.1.2 (java windows)
Cache-Control: no-cache
Content-Type: application/json; charset=utf-8
host: localhost:49851
accept: */*

Response DefaultHttpResponse(decodeResult: success, version: HTTP/1.1)
HTTP/1.1 200 OK
Content-Type: application/json; charset=utf-8
cache-control: no-cache
content-length: 1022316

16:25:00.449 [AsyncHttpClient-1-12] DEBUG org.asynchttpclient.netty.channel.ChannelManager - Adding key: http://localhost:49851 for channel [id: 0x9fe2267e, L:/127.0.0.1:60579 - R:localhost/127.0.0.1:49851]
16:25:00.481 [main] DEBUG net.serenitybdd.core.photography.Darkroom - Send negative for processing for target\site\serenity\b0ddf3608b8f51a6a3adc36e4acd901b7a2c5b7adc6fd42a924a7c7a6358c0ea.png
16:25:00.491 [Forwarding findElement on session 5aa73ed4dc077dcd512ffae3c94908fa to remote] DEBUG org.asynchttpclient.netty.request.NettyRequestSender - Using pooled Channel '[id: 0x9fe2267e, L:/127.0.0.1:60579 - R:localhost/127.0.0.1:49851]' for 'POST' to 'http://localhost:49851/session/5aa73ed4dc077dcd512ffae3c94908fa/element'
16:25:00.491 [Forwarding findElement on session 5aa73ed4dc077dcd512ffae3c94908fa to remote] DEBUG org.asynchttpclient.netty.request.NettyRequestSender - Using open Channel [id: 0x9fe2267e, L:/127.0.0.1:60579 - R:localhost/127.0.0.1:49851] for POST '/session/5aa73ed4dc077dcd512ffae3c94908fa/element'
16:25:00.503 [AsyncHttpClient-1-12] DEBUG org.asynchttpclient.netty.handler.HttpHandler - 

Request DefaultHttpRequest(decodeResult: success, version: HTTP/1.1)
POST /session/5aa73ed4dc077dcd512ffae3c94908fa/element HTTP/1.1
User-Agent: selenium/4.1.2 (java windows)
Content-Length: 81
Content-Type: application/json; charset=utf-8
host: localhost:49851
accept: */*

Response DefaultHttpResponse(decodeResult: success, version: HTTP/1.1)
HTTP/1.1 200 OK
Content-Type: application/json; charset=utf-8
cache-control: no-cache
content-length: 88

16:25:00.504 [AsyncHttpClient-1-12] DEBUG org.asynchttpclient.netty.channel.ChannelManager - Adding key: http://localhost:49851 for channel [id: 0x9fe2267e, L:/127.0.0.1:60579 - R:localhost/127.0.0.1:49851]
16:25:00.505 [Forwarding getElementTagName on session 5aa73ed4dc077dcd512ffae3c94908fa to remote] DEBUG org.asynchttpclient.netty.request.NettyRequestSender - Using pooled Channel '[id: 0x9fe2267e, L:/127.0.0.1:60579 - R:localhost/127.0.0.1:49851]' for 'GET' to 'http://localhost:49851/session/5aa73ed4dc077dcd512ffae3c94908fa/element/a9c81033-1f45-47b6-8c0f-eb4a7b72de01/name'
16:25:00.505 [Forwarding getElementTagName on session 5aa73ed4dc077dcd512ffae3c94908fa to remote] DEBUG org.asynchttpclient.netty.request.NettyRequestSender - Using open Channel [id: 0x9fe2267e, L:/127.0.0.1:60579 - R:localhost/127.0.0.1:49851] for GET '/session/5aa73ed4dc077dcd512ffae3c94908fa/element/a9c81033-1f45-47b6-8c0f-eb4a7b72de01/name'
16:25:00.511 [AsyncHttpClient-1-12] DEBUG org.asynchttpclient.netty.handler.HttpHandler - 

Request DefaultFullHttpRequest(decodeResult: success, version: HTTP/1.1, content: EmptyByteBufBE)
GET /session/5aa73ed4dc077dcd512ffae3c94908fa/element/a9c81033-1f45-47b6-8c0f-eb4a7b72de01/name HTTP/1.1
User-Agent: selenium/4.1.2 (java windows)
Cache-Control: no-cache
Content-Type: application/json; charset=utf-8
host: localhost:49851
accept: */*

Response DefaultHttpResponse(decodeResult: success, version: HTTP/1.1)
HTTP/1.1 200 OK
Content-Type: application/json; charset=utf-8
cache-control: no-cache
content-length: 16

16:25:00.511 [AsyncHttpClient-1-12] DEBUG org.asynchttpclient.netty.channel.ChannelManager - Adding key: http://localhost:49851 for channel [id: 0x9fe2267e, L:/127.0.0.1:60579 - R:localhost/127.0.0.1:49851]
16:25:00.512 [Forwarding getElementTagName on session 5aa73ed4dc077dcd512ffae3c94908fa to remote] DEBUG org.asynchttpclient.netty.request.NettyRequestSender - Using pooled Channel '[id: 0x9fe2267e, L:/127.0.0.1:60579 - R:localhost/127.0.0.1:49851]' for 'GET' to 'http://localhost:49851/session/5aa73ed4dc077dcd512ffae3c94908fa/element/a9c81033-1f45-47b6-8c0f-eb4a7b72de01/name'
16:25:00.512 [Forwarding getElementTagName on session 5aa73ed4dc077dcd512ffae3c94908fa to remote] DEBUG org.asynchttpclient.netty.request.NettyRequestSender - Using open Channel [id: 0x9fe2267e, L:/127.0.0.1:60579 - R:localhost/127.0.0.1:49851] for GET '/session/5aa73ed4dc077dcd512ffae3c94908fa/element/a9c81033-1f45-47b6-8c0f-eb4a7b72de01/name'
16:25:00.515 [AsyncHttpClient-1-12] DEBUG org.asynchttpclient.netty.handler.HttpHandler - 

Request DefaultFullHttpRequest(decodeResult: success, version: HTTP/1.1, content: EmptyByteBufBE)
GET /session/5aa73ed4dc077dcd512ffae3c94908fa/element/a9c81033-1f45-47b6-8c0f-eb4a7b72de01/name HTTP/1.1
User-Agent: selenium/4.1.2 (java windows)
Cache-Control: no-cache
Content-Type: application/json; charset=utf-8
host: localhost:49851
accept: */*

Response DefaultHttpResponse(decodeResult: success, version: HTTP/1.1)
HTTP/1.1 200 OK
Content-Type: application/json; charset=utf-8
cache-control: no-cache
content-length: 16

16:25:00.515 [AsyncHttpClient-1-12] DEBUG org.asynchttpclient.netty.channel.ChannelManager - Adding key: http://localhost:49851 for channel [id: 0x9fe2267e, L:/127.0.0.1:60579 - R:localhost/127.0.0.1:49851]
16:25:00.516 [Forwarding findElement on session 5aa73ed4dc077dcd512ffae3c94908fa to remote] DEBUG org.asynchttpclient.netty.request.NettyRequestSender - Using pooled Channel '[id: 0x9fe2267e, L:/127.0.0.1:60579 - R:localhost/127.0.0.1:49851]' for 'POST' to 'http://localhost:49851/session/5aa73ed4dc077dcd512ffae3c94908fa/element'
16:25:00.517 [Forwarding findElement on session 5aa73ed4dc077dcd512ffae3c94908fa to remote] DEBUG org.asynchttpclient.netty.request.NettyRequestSender - Using open Channel [id: 0x9fe2267e, L:/127.0.0.1:60579 - R:localhost/127.0.0.1:49851] for POST '/session/5aa73ed4dc077dcd512ffae3c94908fa/element'
16:25:00.523 [AsyncHttpClient-1-12] DEBUG org.asynchttpclient.netty.handler.HttpHandler - 

Request DefaultHttpRequest(decodeResult: success, version: HTTP/1.1)
POST /session/5aa73ed4dc077dcd512ffae3c94908fa/element HTTP/1.1
User-Agent: selenium/4.1.2 (java windows)
Content-Length: 81
Content-Type: application/json; charset=utf-8
host: localhost:49851
accept: */*

Response DefaultHttpResponse(decodeResult: success, version: HTTP/1.1)
HTTP/1.1 200 OK
Content-Type: application/json; charset=utf-8
cache-control: no-cache
content-length: 88

16:25:00.523 [AsyncHttpClient-1-12] DEBUG org.asynchttpclient.netty.channel.ChannelManager - Adding key: http://localhost:49851 for channel [id: 0x9fe2267e, L:/127.0.0.1:60579 - R:localhost/127.0.0.1:49851]
16:25:00.524 [Forwarding clickElement on session 5aa73ed4dc077dcd512ffae3c94908fa to remote] DEBUG org.asynchttpclient.netty.request.NettyRequestSender - Using pooled Channel '[id: 0x9fe2267e, L:/127.0.0.1:60579 - R:localhost/127.0.0.1:49851]' for 'POST' to 'http://localhost:49851/session/5aa73ed4dc077dcd512ffae3c94908fa/element/a9c81033-1f45-47b6-8c0f-eb4a7b72de01/click'
16:25:00.524 [Forwarding clickElement on session 5aa73ed4dc077dcd512ffae3c94908fa to remote] DEBUG org.asynchttpclient.netty.request.NettyRequestSender - Using open Channel [id: 0x9fe2267e, L:/127.0.0.1:60579 - R:localhost/127.0.0.1:49851] for POST '/session/5aa73ed4dc077dcd512ffae3c94908fa/element/a9c81033-1f45-47b6-8c0f-eb4a7b72de01/click'
16:25:00.970 [AsyncHttpClient-1-1] DEBUG org.asynchttpclient.netty.channel.DefaultChannelPool - Entry count for : http://localhost:60581 : 1
16:25:01.088 [AsyncHttpClient-1-12] DEBUG org.asynchttpclient.netty.handler.HttpHandler - 

Request DefaultHttpRequest(decodeResult: success, version: HTTP/1.1)
POST /session/5aa73ed4dc077dcd512ffae3c94908fa/element/a9c81033-1f45-47b6-8c0f-eb4a7b72de01/click HTTP/1.1
User-Agent: selenium/4.1.2 (java windows)
Content-Length: 50
Content-Type: application/json; charset=utf-8
host: localhost:49851
accept: */*

Response DefaultHttpResponse(decodeResult: success, version: HTTP/1.1)
HTTP/1.1 200 OK
Content-Type: application/json; charset=utf-8
cache-control: no-cache
content-length: 14

16:25:01.088 [AsyncHttpClient-1-12] DEBUG org.asynchttpclient.netty.channel.ChannelManager - Adding key: http://localhost:49851 for channel [id: 0x9fe2267e, L:/127.0.0.1:60579 - R:localhost/127.0.0.1:49851]
  &amp#27;[32mThen &amp#27;[0m&amp#27;[32mI click baby on the header&amp#27;[0m   &amp#27;[90m# starter.stepdefinitions.BabyStep.iClickBabyOnTheHeader()&amp#27;[0m
16:25:01.104 [Forwarding screenshot on session 5aa73ed4dc077dcd512ffae3c94908fa to remote] DEBUG org.asynchttpclient.netty.request.NettyRequestSender - Using pooled Channel '[id: 0x9fe2267e, L:/127.0.0.1:60579 - R:localhost/127.0.0.1:49851]' for 'GET' to 'http://localhost:49851/session/5aa73ed4dc077dcd512ffae3c94908fa/screenshot'
16:25:01.104 [Forwarding screenshot on session 5aa73ed4dc077dcd512ffae3c94908fa to remote] DEBUG org.asynchttpclient.netty.request.NettyRequestSender - Using open Channel [id: 0x9fe2267e, L:/127.0.0.1:60579 - R:localhost/127.0.0.1:49851] for GET '/session/5aa73ed4dc077dcd512ffae3c94908fa/screenshot'
16:25:01.643 [AsyncHttpClient-1-12] DEBUG org.asynchttpclient.netty.handler.HttpHandler - 

Request DefaultFullHttpRequest(decodeResult: success, version: HTTP/1.1, content: EmptyByteBufBE)
GET /session/5aa73ed4dc077dcd512ffae3c94908fa/screenshot HTTP/1.1
User-Agent: selenium/4.1.2 (java windows)
Cache-Control: no-cache
Content-Type: application/json; charset=utf-8
host: localhost:49851
accept: */*

Response DefaultHttpResponse(decodeResult: success, version: HTTP/1.1)
HTTP/1.1 200 OK
Content-Type: application/json; charset=utf-8
cache-control: no-cache
content-length: 62364

16:25:01.643 [AsyncHttpClient-1-12] DEBUG org.asynchttpclient.netty.channel.ChannelManager - Adding key: http://localhost:49851 for channel [id: 0x9fe2267e, L:/127.0.0.1:60579 - R:localhost/127.0.0.1:49851]
16:25:01.646 [main] DEBUG net.serenitybdd.core.photography.Darkroom - Send negative for processing for target\site\serenity\c6fd5d387442e650ef02918e782c0f01779c68af90d6f973c0216976a0b662a1.png
16:25:01.646 [Darkroom Processing Line] DEBUG net.serenitybdd.core.photography.DarkroomProcessingLine - Processing screenshot image in /var/screenshots/screenshot-8204075229805734877
16:25:01.646 [Darkroom Processing Line] DEBUG net.serenitybdd.core.photography.DarkroomProcessingLine - Saving screenshot to target\site\serenity\c6fd5d387442e650ef02918e782c0f01779c68af90d6f973c0216976a0b662a1.png
16:25:01.654 [Forwarding findElement on session 5aa73ed4dc077dcd512ffae3c94908fa to remote] DEBUG org.asynchttpclient.netty.request.NettyRequestSender - Using pooled Channel '[id: 0x9fe2267e, L:/127.0.0.1:60579 - R:localhost/127.0.0.1:49851]' for 'POST' to 'http://localhost:49851/session/5aa73ed4dc077dcd512ffae3c94908fa/element'
16:25:01.654 [Forwarding findElement on session 5aa73ed4dc077dcd512ffae3c94908fa to remote] DEBUG org.asynchttpclient.netty.request.NettyRequestSender - Using open Channel [id: 0x9fe2267e, L:/127.0.0.1:60579 - R:localhost/127.0.0.1:49851] for POST '/session/5aa73ed4dc077dcd512ffae3c94908fa/element'
16:25:01.665 [AsyncHttpClient-1-12] DEBUG org.asynchttpclient.netty.handler.HttpHandler - 

Request DefaultHttpRequest(decodeResult: success, version: HTTP/1.1)
POST /session/5aa73ed4dc077dcd512ffae3c94908fa/element HTTP/1.1
User-Agent: selenium/4.1.2 (java windows)
Content-Length: 109
Content-Type: application/json; charset=utf-8
host: localhost:49851
accept: */*

Response DefaultHttpResponse(decodeResult: success, version: HTTP/1.1)
HTTP/1.1 200 OK
Content-Type: application/json; charset=utf-8
cache-control: no-cache
content-length: 88

16:25:01.665 [AsyncHttpClient-1-12] DEBUG org.asynchttpclient.netty.channel.ChannelManager - Adding key: http://localhost:49851 for channel [id: 0x9fe2267e, L:/127.0.0.1:60579 - R:localhost/127.0.0.1:49851]
16:25:01.667 [Forwarding getElementTagName on session 5aa73ed4dc077dcd512ffae3c94908fa to remote] DEBUG org.asynchttpclient.netty.request.NettyRequestSender - Using pooled Channel '[id: 0x9fe2267e, L:/127.0.0.1:60579 - R:localhost/127.0.0.1:49851]' for 'GET' to 'http://localhost:49851/session/5aa73ed4dc077dcd512ffae3c94908fa/element/c124e8c0-7b14-4ace-bddc-b75de96be7c8/name'
16:25:01.667 [Forwarding getElementTagName on session 5aa73ed4dc077dcd512ffae3c94908fa to remote] DEBUG org.asynchttpclient.netty.request.NettyRequestSender - Using open Channel [id: 0x9fe2267e, L:/127.0.0.1:60579 - R:localhost/127.0.0.1:49851] for GET '/session/5aa73ed4dc077dcd512ffae3c94908fa/element/c124e8c0-7b14-4ace-bddc-b75de96be7c8/name'
16:25:01.670 [AsyncHttpClient-1-12] DEBUG org.asynchttpclient.netty.handler.HttpHandler - 

Request DefaultFullHttpRequest(decodeResult: success, version: HTTP/1.1, content: EmptyByteBufBE)
GET /session/5aa73ed4dc077dcd512ffae3c94908fa/element/c124e8c0-7b14-4ace-bddc-b75de96be7c8/name HTTP/1.1
User-Agent: selenium/4.1.2 (java windows)
Cache-Control: no-cache
Content-Type: application/json; charset=utf-8
host: localhost:49851
accept: */*

Response DefaultHttpResponse(decodeResult: success, version: HTTP/1.1)
HTTP/1.1 200 OK
Content-Type: application/json; charset=utf-8
cache-control: no-cache
content-length: 16

16:25:01.670 [AsyncHttpClient-1-12] DEBUG org.asynchttpclient.netty.channel.ChannelManager - Adding key: http://localhost:49851 for channel [id: 0x9fe2267e, L:/127.0.0.1:60579 - R:localhost/127.0.0.1:49851]
16:25:01.671 [Forwarding getElementTagName on session 5aa73ed4dc077dcd512ffae3c94908fa to remote] DEBUG org.asynchttpclient.netty.request.NettyRequestSender - Using pooled Channel '[id: 0x9fe2267e, L:/127.0.0.1:60579 - R:localhost/127.0.0.1:49851]' for 'GET' to 'http://localhost:49851/session/5aa73ed4dc077dcd512ffae3c94908fa/element/c124e8c0-7b14-4ace-bddc-b75de96be7c8/name'
16:25:01.671 [Forwarding getElementTagName on session 5aa73ed4dc077dcd512ffae3c94908fa to remote] DEBUG org.asynchttpclient.netty.request.NettyRequestSender - Using open Channel [id: 0x9fe2267e, L:/127.0.0.1:60579 - R:localhost/127.0.0.1:49851] for GET '/session/5aa73ed4dc077dcd512ffae3c94908fa/element/c124e8c0-7b14-4ace-bddc-b75de96be7c8/name'
16:25:01.673 [AsyncHttpClient-1-12] DEBUG org.asynchttpclient.netty.handler.HttpHandler - 

Request DefaultFullHttpRequest(decodeResult: success, version: HTTP/1.1, content: EmptyByteBufBE)
GET /session/5aa73ed4dc077dcd512ffae3c94908fa/element/c124e8c0-7b14-4ace-bddc-b75de96be7c8/name HTTP/1.1
User-Agent: selenium/4.1.2 (java windows)
Cache-Control: no-cache
Content-Type: application/json; charset=utf-8
host: localhost:49851
accept: */*

Response DefaultHttpResponse(decodeResult: success, version: HTTP/1.1)
HTTP/1.1 200 OK
Content-Type: application/json; charset=utf-8
cache-control: no-cache
content-length: 16

16:25:01.673 [AsyncHttpClient-1-12] DEBUG org.asynchttpclient.netty.channel.ChannelManager - Adding key: http://localhost:49851 for channel [id: 0x9fe2267e, L:/127.0.0.1:60579 - R:localhost/127.0.0.1:49851]
16:25:01.675 [Forwarding findElement on session 5aa73ed4dc077dcd512ffae3c94908fa to remote] DEBUG org.asynchttpclient.netty.request.NettyRequestSender - Using pooled Channel '[id: 0x9fe2267e, L:/127.0.0.1:60579 - R:localhost/127.0.0.1:49851]' for 'POST' to 'http://localhost:49851/session/5aa73ed4dc077dcd512ffae3c94908fa/element'
16:25:01.675 [Forwarding findElement on session 5aa73ed4dc077dcd512ffae3c94908fa to remote] DEBUG org.asynchttpclient.netty.request.NettyRequestSender - Using open Channel [id: 0x9fe2267e, L:/127.0.0.1:60579 - R:localhost/127.0.0.1:49851] for POST '/session/5aa73ed4dc077dcd512ffae3c94908fa/element'
16:25:01.683 [AsyncHttpClient-1-12] DEBUG org.asynchttpclient.netty.handler.HttpHandler - 

Request DefaultHttpRequest(decodeResult: success, version: HTTP/1.1)
POST /session/5aa73ed4dc077dcd512ffae3c94908fa/element HTTP/1.1
User-Agent: selenium/4.1.2 (java windows)
Content-Length: 109
Content-Type: application/json; charset=utf-8
host: localhost:49851
accept: */*

Response DefaultHttpResponse(decodeResult: success, version: HTTP/1.1)
HTTP/1.1 200 OK
Content-Type: application/json; charset=utf-8
cache-control: no-cache
content-length: 88

16:25:01.683 [AsyncHttpClient-1-12] DEBUG org.asynchttpclient.netty.channel.ChannelManager - Adding key: http://localhost:49851 for channel [id: 0x9fe2267e, L:/127.0.0.1:60579 - R:localhost/127.0.0.1:49851]
16:25:01.684 [Forwarding clickElement on session 5aa73ed4dc077dcd512ffae3c94908fa to remote] DEBUG org.asynchttpclient.netty.request.NettyRequestSender - Using pooled Channel '[id: 0x9fe2267e, L:/127.0.0.1:60579 - R:localhost/127.0.0.1:49851]' for 'POST' to 'http://localhost:49851/session/5aa73ed4dc077dcd512ffae3c94908fa/element/c124e8c0-7b14-4ace-bddc-b75de96be7c8/click'
16:25:01.684 [Forwarding clickElement on session 5aa73ed4dc077dcd512ffae3c94908fa to remote] DEBUG org.asynchttpclient.netty.request.NettyRequestSender - Using open Channel [id: 0x9fe2267e, L:/127.0.0.1:60579 - R:localhost/127.0.0.1:49851] for POST '/session/5aa73ed4dc077dcd512ffae3c94908fa/element/c124e8c0-7b14-4ace-bddc-b75de96be7c8/click'
16:25:01.855 [AsyncHttpClient-1-12] DEBUG org.asynchttpclient.netty.handler.HttpHandler - 

Request DefaultHttpRequest(decodeResult: success, version: HTTP/1.1)
POST /session/5aa73ed4dc077dcd512ffae3c94908fa/element/c124e8c0-7b14-4ace-bddc-b75de96be7c8/click HTTP/1.1
User-Agent: selenium/4.1.2 (java windows)
Content-Length: 50
Content-Type: application/json; charset=utf-8
host: localhost:49851
accept: */*

Response DefaultHttpResponse(decodeResult: success, version: HTTP/1.1)
HTTP/1.1 200 OK
Content-Type: application/json; charset=utf-8
cache-control: no-cache
content-length: 14

16:25:01.856 [AsyncHttpClient-1-12] DEBUG org.asynchttpclient.netty.channel.ChannelManager - Adding key: http://localhost:49851 for channel [id: 0x9fe2267e, L:/127.0.0.1:60579 - R:localhost/127.0.0.1:49851]
  &amp#27;[32mWhen &amp#27;[0m&amp#27;[32mI will go to &amp#27;[0m&amp#27;[32m&amp#27;[1m"koleksiBalita"&amp#27;[0m &amp#27;[90m# starter.stepdefinitions.BabyStep.iWillGoTo(java.lang.String)&amp#27;[0m
16:25:01.866 [Forwarding screenshot on session 5aa73ed4dc077dcd512ffae3c94908fa to remote] DEBUG org.asynchttpclient.netty.request.NettyRequestSender - Using pooled Channel '[id: 0x9fe2267e, L:/127.0.0.1:60579 - R:localhost/127.0.0.1:49851]' for 'GET' to 'http://localhost:49851/session/5aa73ed4dc077dcd512ffae3c94908fa/screenshot'
16:25:01.866 [Forwarding screenshot on session 5aa73ed4dc077dcd512ffae3c94908fa to remote] DEBUG org.asynchttpclient.netty.request.NettyRequestSender - Using open Channel [id: 0x9fe2267e, L:/127.0.0.1:60579 - R:localhost/127.0.0.1:49851] for GET '/session/5aa73ed4dc077dcd512ffae3c94908fa/screenshot'
16:25:02.011 [AsyncHttpClient-1-12] DEBUG org.asynchttpclient.netty.handler.HttpHandler - 

Request DefaultFullHttpRequest(decodeResult: success, version: HTTP/1.1, content: EmptyByteBufBE)
GET /session/5aa73ed4dc077dcd512ffae3c94908fa/screenshot HTTP/1.1
User-Agent: selenium/4.1.2 (java windows)
Cache-Control: no-cache
Content-Type: application/json; charset=utf-8
host: localhost:49851
accept: */*

Response DefaultHttpResponse(decodeResult: success, version: HTTP/1.1)
HTTP/1.1 200 OK
Content-Type: application/json; charset=utf-8
cache-control: no-cache
content-length: 89556

16:25:02.012 [AsyncHttpClient-1-12] DEBUG org.asynchttpclient.netty.channel.ChannelManager - Adding key: http://localhost:49851 for channel [id: 0x9fe2267e, L:/127.0.0.1:60579 - R:localhost/127.0.0.1:49851]
16:25:02.015 [main] DEBUG net.serenitybdd.core.photography.Darkroom - Send negative for processing for target\site\serenity\573ecfaccbe8e8b392fe6ca78b3e26579c92358966d1799853b7f08df15f05d3.png
16:25:02.015 [Darkroom Processing Line] DEBUG net.serenitybdd.core.photography.DarkroomProcessingLine - Processing screenshot image in /var/screenshots/screenshot-1978666910467620256
16:25:02.015 [Darkroom Processing Line] DEBUG net.serenitybdd.core.photography.DarkroomProcessingLine - Saving screenshot to target\site\serenity\573ecfaccbe8e8b392fe6ca78b3e26579c92358966d1799853b7f08df15f05d3.png
16:25:02.021 [Forwarding findElement on session 5aa73ed4dc077dcd512ffae3c94908fa to remote] DEBUG org.asynchttpclient.netty.request.NettyRequestSender - Using pooled Channel '[id: 0x9fe2267e, L:/127.0.0.1:60579 - R:localhost/127.0.0.1:49851]' for 'POST' to 'http://localhost:49851/session/5aa73ed4dc077dcd512ffae3c94908fa/element'
16:25:02.021 [Forwarding findElement on session 5aa73ed4dc077dcd512ffae3c94908fa to remote] DEBUG org.asynchttpclient.netty.request.NettyRequestSender - Using open Channel [id: 0x9fe2267e, L:/127.0.0.1:60579 - R:localhost/127.0.0.1:49851] for POST '/session/5aa73ed4dc077dcd512ffae3c94908fa/element'
16:25:02.069 [AsyncHttpClient-1-1] DEBUG org.asynchttpclient.netty.channel.DefaultChannelPool - Entry count for : http://localhost:60581 : 1
16:25:03.171 [AsyncHttpClient-1-1] DEBUG org.asynchttpclient.netty.channel.DefaultChannelPool - Entry count for : http://localhost:60581 : 1
16:25:03.678 [AsyncHttpClient-1-12] DEBUG org.asynchttpclient.netty.handler.HttpHandler - 

Request DefaultHttpRequest(decodeResult: success, version: HTTP/1.1)
POST /session/5aa73ed4dc077dcd512ffae3c94908fa/element HTTP/1.1
User-Agent: selenium/4.1.2 (java windows)
Content-Length: 97
Content-Type: application/json; charset=utf-8
host: localhost:49851
accept: */*

Response DefaultHttpResponse(decodeResult: success, version: HTTP/1.1)
HTTP/1.1 200 OK
Content-Type: application/json; charset=utf-8
cache-control: no-cache
content-length: 88

16:25:03.678 [AsyncHttpClient-1-12] DEBUG org.asynchttpclient.netty.channel.ChannelManager - Adding key: http://localhost:49851 for channel [id: 0x9fe2267e, L:/127.0.0.1:60579 - R:localhost/127.0.0.1:49851]
16:25:03.682 [Forwarding isElementDisplayed on session 5aa73ed4dc077dcd512ffae3c94908fa to remote] DEBUG org.asynchttpclient.netty.request.NettyRequestSender - Using pooled Channel '[id: 0x9fe2267e, L:/127.0.0.1:60579 - R:localhost/127.0.0.1:49851]' for 'POST' to 'http://localhost:49851/session/5aa73ed4dc077dcd512ffae3c94908fa/execute/sync'
16:25:03.682 [Forwarding isElementDisplayed on session 5aa73ed4dc077dcd512ffae3c94908fa to remote] DEBUG org.asynchttpclient.netty.request.NettyRequestSender - Using open Channel [id: 0x9fe2267e, L:/127.0.0.1:60579 - R:localhost/127.0.0.1:49851] for POST '/session/5aa73ed4dc077dcd512ffae3c94908fa/execute/sync'
16:25:03.695 [AsyncHttpClient-1-12] DEBUG org.asynchttpclient.netty.handler.HttpHandler - 

Request DefaultHttpRequest(decodeResult: success, version: HTTP/1.1)
POST /session/5aa73ed4dc077dcd512ffae3c94908fa/execute/sync HTTP/1.1
User-Agent: selenium/4.1.2 (java windows)
Content-Length: 48780
Content-Type: application/json; charset=utf-8
host: localhost:49851
accept: */*

Response DefaultHttpResponse(decodeResult: success, version: HTTP/1.1)
HTTP/1.1 200 OK
Content-Type: application/json; charset=utf-8
cache-control: no-cache
content-length: 14

16:25:03.695 [AsyncHttpClient-1-12] DEBUG org.asynchttpclient.netty.channel.ChannelManager - Adding key: http://localhost:49851 for channel [id: 0x9fe2267e, L:/127.0.0.1:60579 - R:localhost/127.0.0.1:49851]
  &amp#27;[32mAnd &amp#27;[0m&amp#27;[32mI &amp#27;[0m&amp#27;[32m&amp#27;[1m"txtKoleksiBalita"&amp#27;[0m&amp#27;[32m page&amp#27;[0m     &amp#27;[90m# starter.stepdefinitions.BabyStep.iPage(java.lang.String)&amp#27;[0m
16:25:03.700 [Forwarding screenshot on session 5aa73ed4dc077dcd512ffae3c94908fa to remote] DEBUG org.asynchttpclient.netty.request.NettyRequestSender - Using pooled Channel '[id: 0x9fe2267e, L:/127.0.0.1:60579 - R:localhost/127.0.0.1:49851]' for 'GET' to 'http://localhost:49851/session/5aa73ed4dc077dcd512ffae3c94908fa/screenshot'
16:25:03.700 [Forwarding screenshot on session 5aa73ed4dc077dcd512ffae3c94908fa to remote] DEBUG org.asynchttpclient.netty.request.NettyRequestSender - Using open Channel [id: 0x9fe2267e, L:/127.0.0.1:60579 - R:localhost/127.0.0.1:49851] for GET '/session/5aa73ed4dc077dcd512ffae3c94908fa/screenshot'
16:25:03.821 [AsyncHttpClient-1-12] DEBUG org.asynchttpclient.netty.handler.HttpHandler - 

Request DefaultFullHttpRequest(decodeResult: success, version: HTTP/1.1, content: EmptyByteBufBE)
GET /session/5aa73ed4dc077dcd512ffae3c94908fa/screenshot HTTP/1.1
User-Agent: selenium/4.1.2 (java windows)
Cache-Control: no-cache
Content-Type: application/json; charset=utf-8
host: localhost:49851
accept: */*

Response DefaultHttpResponse(decodeResult: success, version: HTTP/1.1)
HTTP/1.1 200 OK
Content-Type: application/json; charset=utf-8
cache-control: no-cache
content-length: 57244

16:25:03.821 [AsyncHttpClient-1-12] DEBUG org.asynchttpclient.netty.channel.ChannelManager - Adding key: http://localhost:49851 for channel [id: 0x9fe2267e, L:/127.0.0.1:60579 - R:localhost/127.0.0.1:49851]
16:25:03.823 [main] DEBUG net.serenitybdd.core.photography.Darkroom - Send negative for processing for target\site\serenity\3fc40dcd91b6e8e32c3a66a6967c1c123663f7ef3ab07100ad5d47865772511b.png
16:25:03.824 [Darkroom Processing Line] DEBUG net.serenitybdd.core.photography.DarkroomProcessingLine - Processing screenshot image in /var/screenshots/screenshot-2286685250610938401
16:25:03.824 [Darkroom Processing Line] DEBUG net.serenitybdd.core.photography.DarkroomProcessingLine - Saving screenshot to target\site\serenity\3fc40dcd91b6e8e32c3a66a6967c1c123663f7ef3ab07100ad5d47865772511b.png
16:25:03.828 [AsyncHttpClient-1-14] DEBUG org.asynchttpclient.netty.handler.WebSocketHandler - Channel Closed: [id: 0x0ff37e8a, L:/127.0.0.1:60587 ! R:localhost/127.0.0.1:60581] with attribute NettyResponseFuture{currentRetry=5,
	isDone=1,
	isCancelled=0,
	asyncHandler=org.asynchttpclient.ws.WebSocketUpgradeHandler@1a6178c4,
	nettyRequest=org.asynchttpclient.netty.request.NettyRequest@732a828f,
	future=java.util.concurrent.CompletableFuture@4f943bf[Completed normally],
	uri=ws://localhost:60581/devtools/browser/733930d1-8391-4b8c-b221-0dcfd32f1c6b,
	keepAlive=true,
	redirectCount=0,
	timeoutsHolder=null,
	inAuth=0,
	touch=1680859488113}
16:25:03.829 [AsyncHttpClient-1-14] DEBUG org.asynchttpclient.netty.channel.ChannelManager - Closing Channel [id: 0x0ff37e8a, L:/127.0.0.1:60587 ! R:localhost/127.0.0.1:60581] 
16:25:03.829 [Driver Command Executor] DEBUG org.asynchttpclient.netty.request.NettyRequestSender - Using pooled Channel '[id: 0x9fe2267e, L:/127.0.0.1:60579 - R:localhost/127.0.0.1:49851]' for 'DELETE' to 'http://localhost:49851/session/5aa73ed4dc077dcd512ffae3c94908fa'
16:25:03.829 [Driver Command Executor] DEBUG org.asynchttpclient.netty.request.NettyRequestSender - Using open Channel [id: 0x9fe2267e, L:/127.0.0.1:60579 - R:localhost/127.0.0.1:49851] for DELETE '/session/5aa73ed4dc077dcd512ffae3c94908fa'
16:25:03.856 [AsyncHttpClient-1-13] DEBUG org.asynchttpclient.netty.handler.HttpHandler - Unexpected I/O exception on channel [id: 0x1a7c74a3, L:/127.0.0.1:60586 - R:localhost/127.0.0.1:60581]
java.net.SocketException: Connection reset
	at java.base/sun.nio.ch.SocketChannelImpl.throwConnectionReset(SocketChannelImpl.java:345)
	at java.base/sun.nio.ch.SocketChannelImpl.read(SocketChannelImpl.java:376)
	at io.netty.buffer.PooledByteBuf.setBytes(PooledByteBuf.java:258)
	at io.netty.buffer.AbstractByteBuf.writeBytes(AbstractByteBuf.java:1132)
	at io.netty.channel.socket.nio.NioSocketChannel.doReadBytes(NioSocketChannel.java:350)
	at io.netty.channel.nio.AbstractNioByteChannel$NioByteUnsafe.read(AbstractNioByteChannel.java:151)
	at io.netty.channel.nio.NioEventLoop.processSelectedKey(NioEventLoop.java:722)
	at io.netty.channel.nio.NioEventLoop.processSelectedKeysOptimized(NioEventLoop.java:658)
	at io.netty.channel.nio.NioEventLoop.processSelectedKeys(NioEventLoop.java:584)
	at io.netty.channel.nio.NioEventLoop.run(NioEventLoop.java:496)
	at io.netty.util.concurrent.SingleThreadEventExecutor$4.run(SingleThreadEventExecutor.java:986)
	at io.netty.util.internal.ThreadExecutorMap$2.run(ThreadExecutorMap.java:74)
	at io.netty.util.concurrent.FastThreadLocalRunnable.run(FastThreadLocalRunnable.java:30)
	at java.base/java.lang.Thread.run(Thread.java:830)
16:25:03.856 [AsyncHttpClient-1-13] DEBUG org.asynchttpclient.netty.channel.ChannelManager - Closing Channel [id: 0x1a7c74a3, L:/127.0.0.1:60586 - R:localhost/127.0.0.1:60581] 
16:25:03.857 [AsyncHttpClient-1-13] DEBUG org.asynchttpclient.netty.handler.HttpHandler - Channel Closed: [id: 0x1a7c74a3, L:/127.0.0.1:60586 ! R:localhost/127.0.0.1:60581] with attribute DISCARD
16:25:03.922 [AsyncHttpClient-1-12] DEBUG org.asynchttpclient.netty.handler.HttpHandler - 

Request DefaultFullHttpRequest(decodeResult: success, version: HTTP/1.1, content: EmptyByteBufBE)
DELETE /session/5aa73ed4dc077dcd512ffae3c94908fa HTTP/1.1
User-Agent: selenium/4.1.2 (java windows)
Content-Type: application/json; charset=utf-8
host: localhost:49851
accept: */*

Response DefaultHttpResponse(decodeResult: success, version: HTTP/1.1)
HTTP/1.1 200 OK
Content-Type: application/json; charset=utf-8
cache-control: no-cache
content-length: 14

16:25:03.922 [AsyncHttpClient-1-12] DEBUG org.asynchttpclient.netty.channel.ChannelManager - Adding key: http://localhost:49851 for channel [id: 0x9fe2267e, L:/127.0.0.1:60579 - R:localhost/127.0.0.1:49851]
16:25:04.063 [AsyncHttpClient-1-12] DEBUG org.asynchttpclient.netty.handler.HttpHandler - Channel Closed: [id: 0x9fe2267e, L:/127.0.0.1:60579 ! R:localhost/127.0.0.1:49851] with attribute DISCARD
16:25:04.266 [AsyncHttpClient-1-1] DEBUG org.asynchttpclient.netty.channel.DefaultChannelPool - Entry count for : http://localhost:60581 : 1
16:25:04.266 [AsyncHttpClient-1-1] DEBUG org.asynchttpclient.netty.channel.DefaultChannelPool - Entry count for : http://localhost:49851 : 1
16:25:04.266 [AsyncHttpClient-1-1] DEBUG org.asynchttpclient.netty.channel.DefaultChannelPool - Adding Candidate expired Channel [id: 0x1a7c74a3, L:/127.0.0.1:60586 ! R:localhost/127.0.0.1:60581] isIdleTimeoutExpired=false isRemotelyClosed=true isTtlExpired=false
16:25:04.266 [AsyncHttpClient-1-1] DEBUG org.asynchttpclient.netty.channel.DefaultChannelPool - Closing Idle Channel [id: 0x1a7c74a3, L:/127.0.0.1:60586 ! R:localhost/127.0.0.1:60581]
16:25:04.266 [AsyncHttpClient-1-1] DEBUG org.asynchttpclient.netty.channel.DefaultChannelPool - Adding Candidate expired Channel [id: 0x9fe2267e, L:/127.0.0.1:60579 ! R:localhost/127.0.0.1:49851] isIdleTimeoutExpired=false isRemotelyClosed=true isTtlExpired=false
16:25:04.266 [AsyncHttpClient-1-1] DEBUG org.asynchttpclient.netty.channel.DefaultChannelPool - Closing Idle Channel [id: 0x9fe2267e, L:/127.0.0.1:60579 ! R:localhost/127.0.0.1:49851]
16:25:04.266 [AsyncHttpClient-1-1] DEBUG org.asynchttpclient.netty.channel.DefaultChannelPool - Closed 2 connections out of 2 in 0 ms
]]></system-out>
    <system-err><![CDATA[Starting Microsoft Edge WebDriver 111.0.1661.62 (0a8f453929e6410c973aa529a40485ce4e3e03db) on port 49851
To submit feedback, report a bug, or suggest new features, please visit https://github.com/MicrosoftEdge/EdgeWebDriver

Only local connections are allowed.
Please see https://aka.ms/WebDriverSecurity for suggestions on keeping Microsoft Edge WebDriver safe.

Microsoft Edge WebDriver was started successfully.
Apr 07, 2023 4:24:48 PM org.openqa.selenium.remote.ProtocolHandshake createSession
INFO: Detected dialect: W3C
Apr 07, 2023 4:24:48 PM org.openqa.selenium.devtools.CdpVersionFinder findNearestMatch
WARNING: Unable to find an exact match for CDP version 111, so returning the closest version found: a no-op implementation
Apr 07, 2023 4:24:48 PM org.openqa.selenium.devtools.CdpVersionFinder findNearestMatch
INFO: Unable to find CDP implementation matching 111.
Apr 07, 2023 4:24:48 PM org.openqa.selenium.chromium.ChromiumDriver lambda$new$3
WARNING: Unable to find version of CDP to use for . You may need to include a dependency on a specific version of the CDP using something similar to `org.seleniumhq.selenium:selenium-devtools-v86:4.1.2` where the version ("v86") matches the version of the chromium-based browser you're using and the version number of the artifact is the same as Selenium's.
]]></system-err>
  </testcase>
  <testcase name="Fitur Menu Baby #16" classname="Baby" time="18.044">
    <system-out><![CDATA[
Scenario Outline: Fitur Menu Baby &amp#27;[90m# src/test/resources/features/Baby.feature:28&amp#27;[0m
16:25:04.719 [main] INFO io.cucumber.core.plugin.SerenityReporter - Running feature from file:///C:/Users/alwi/IdeaProjects/uniqloweb/src/test/resources/features/Baby.feature
16:25:04.830 [main] DEBUG io.github.bonigarcia.wdm.cache.ResolutionCache - Resolution edge=111 in cache (valid until 17:21:26 07/04/2023 WIB)
16:25:04.834 [main] DEBUG io.github.bonigarcia.wdm.cache.ResolutionCache - Resolution edge111=111.0.1661.62 in cache (valid until 15:02:35 08/04/2023 WIB)
16:25:04.835 [main] INFO io.github.bonigarcia.wdm.WebDriverManager - Using msedgedriver 111.0.1661.62 (resolved driver for Edge 111)
16:25:04.845 [main] DEBUG io.github.bonigarcia.wdm.WebDriverManager - Driver msedgedriver 111.0.1661.62 found in cache
16:25:04.845 [main] INFO io.github.bonigarcia.wdm.WebDriverManager - Exporting webdriver.edge.driver as C:\Users\alwi\.cache\selenium\msedgedriver\win64\111.0.1661.62\msedgedriver.exe
16:25:04.847 [main] DEBUG net.serenitybdd.core.webdriver.driverproviders.ProvideNewDriver - Instantiating driver
16:25:04.847 [main] DEBUG net.serenitybdd.core.webdriver.driverproviders.ProvideNewDriver - Driver capabilities: Capabilities {base.url: https://www.uniqlo.com, chrome.driver: src/test/resources/webdrive..., driver: edge, ms:edgeChromium: true, ms:edgeOptions: {}, wait.for.timeout: 6000}
16:25:05.394 [AsyncHttpClient-1-15] DEBUG org.asynchttpclient.netty.channel.NettyConnectListener - Using new Channel '[id: 0xfb3c5ed6, L:/127.0.0.1:60744 - R:localhost/127.0.0.1:49769]' for 'POST' to '/session'
16:25:06.008 [AsyncHttpClient-1-15] DEBUG org.asynchttpclient.netty.handler.HttpHandler - 

Request DefaultHttpRequest(decodeResult: success, version: HTTP/1.1)
POST /session HTTP/1.1
User-Agent: selenium/4.1.2 (java windows)
Content-Length: 627
Content-Type: application/json; charset=utf-8
host: localhost:49769
accept: */*

Response DefaultHttpResponse(decodeResult: success, version: HTTP/1.1)
HTTP/1.1 200 OK
Content-Type: application/json; charset=utf-8
cache-control: no-cache
content-length: 823

16:25:06.009 [AsyncHttpClient-1-15] DEBUG org.asynchttpclient.netty.channel.ChannelManager - Adding key: http://localhost:49769 for channel [id: 0xfb3c5ed6, L:/127.0.0.1:60744 - R:localhost/127.0.0.1:49769]
16:25:06.016 [AsyncHttpClient-1-16] DEBUG org.asynchttpclient.netty.channel.NettyConnectListener - Using new Channel '[id: 0xee28b3cb, L:/127.0.0.1:60750 - R:localhost/127.0.0.1:60745]' for 'GET' to '/json/version'
16:25:06.016 [AsyncHttpClient-1-16] DEBUG org.asynchttpclient.netty.handler.HttpHandler - 

Request DefaultFullHttpRequest(decodeResult: success, version: HTTP/1.1, content: EmptyByteBufBE)
GET /json/version HTTP/1.1
User-Agent: selenium/4.1.2 (java windows)
host: localhost:60745
accept: */*

Response DefaultHttpResponse(decodeResult: success, version: HTTP/1.1)
HTTP/1.1 200 OK
Content-Security-Policy: frame-ancestors 'none'
Content-Type: application/json; charset=UTF-8
content-length: 436

16:25:06.017 [AsyncHttpClient-1-16] DEBUG org.asynchttpclient.netty.channel.ChannelManager - Adding key: http://localhost:60745 for channel [id: 0xee28b3cb, L:/127.0.0.1:60750 - R:localhost/127.0.0.1:60745]
16:25:06.018 [AsyncHttpClient-1-17] DEBUG org.asynchttpclient.netty.channel.NettyConnectListener - Using new Channel '[id: 0x32ee8505, L:/127.0.0.1:60751 - R:localhost/127.0.0.1:60745]' for 'GET' to '/devtools/browser/b60d51d5-a863-4663-a4f8-a76a10bd3e59'
16:25:06.020 [AsyncHttpClient-1-17] DEBUG org.asynchttpclient.netty.handler.WebSocketHandler - 

Request DefaultFullHttpRequest(decodeResult: success, version: HTTP/1.1, content: EmptyByteBufBE)
GET /devtools/browser/b60d51d5-a863-4663-a4f8-a76a10bd3e59 HTTP/1.1
upgrade: websocket
connection: upgrade
sec-websocket-key: jTuzExsttGb8htT5pRY5+A==
sec-websocket-version: 13
origin: http://localhost:60745
host: localhost:60745
accept: */*
user-agent: AHC/2.1

Response DefaultHttpResponse(decodeResult: success, version: HTTP/1.1)
HTTP/1.1 101 WebSocket Protocol Handshake
Upgrade: WebSocket
Connection: Upgrade
Sec-WebSocket-Accept: z3tZwOgFIKu7SfotiePSvbc/0j0=

16:25:06.024 [Forwarding get on session cb119c60757ce729450ca500a94d9b0a to remote] DEBUG org.asynchttpclient.netty.request.NettyRequestSender - Using pooled Channel '[id: 0xfb3c5ed6, L:/127.0.0.1:60744 - R:localhost/127.0.0.1:49769]' for 'POST' to 'http://localhost:49769/session/cb119c60757ce729450ca500a94d9b0a/url'
16:25:06.024 [Forwarding get on session cb119c60757ce729450ca500a94d9b0a to remote] DEBUG org.asynchttpclient.netty.request.NettyRequestSender - Using open Channel [id: 0xfb3c5ed6, L:/127.0.0.1:60744 - R:localhost/127.0.0.1:49769] for POST '/session/cb119c60757ce729450ca500a94d9b0a/url'
16:25:06.466 [AsyncHttpClient-1-1] DEBUG org.asynchttpclient.netty.channel.DefaultChannelPool - Entry count for : http://localhost:60745 : 1
16:25:07.570 [AsyncHttpClient-1-1] DEBUG org.asynchttpclient.netty.channel.DefaultChannelPool - Entry count for : http://localhost:60745 : 1
16:25:08.666 [AsyncHttpClient-1-1] DEBUG org.asynchttpclient.netty.channel.DefaultChannelPool - Entry count for : http://localhost:60745 : 1
16:25:09.766 [AsyncHttpClient-1-1] DEBUG org.asynchttpclient.netty.channel.DefaultChannelPool - Entry count for : http://localhost:60745 : 1
16:25:10.866 [AsyncHttpClient-1-1] DEBUG org.asynchttpclient.netty.channel.DefaultChannelPool - Entry count for : http://localhost:60745 : 1
16:25:11.965 [AsyncHttpClient-1-1] DEBUG org.asynchttpclient.netty.channel.DefaultChannelPool - Entry count for : http://localhost:60745 : 1
16:25:13.065 [AsyncHttpClient-1-1] DEBUG org.asynchttpclient.netty.channel.DefaultChannelPool - Entry count for : http://localhost:60745 : 1
16:25:14.167 [AsyncHttpClient-1-1] DEBUG org.asynchttpclient.netty.channel.DefaultChannelPool - Entry count for : http://localhost:60745 : 1
16:25:15.276 [AsyncHttpClient-1-1] DEBUG org.asynchttpclient.netty.channel.DefaultChannelPool - Entry count for : http://localhost:60745 : 1
16:25:16.366 [AsyncHttpClient-1-1] DEBUG org.asynchttpclient.netty.channel.DefaultChannelPool - Entry count for : http://localhost:60745 : 1
16:25:17.466 [AsyncHttpClient-1-1] DEBUG org.asynchttpclient.netty.channel.DefaultChannelPool - Entry count for : http://localhost:60745 : 1
16:25:18.577 [AsyncHttpClient-1-1] DEBUG org.asynchttpclient.netty.channel.DefaultChannelPool - Entry count for : http://localhost:60745 : 1
16:25:19.503 [AsyncHttpClient-1-15] DEBUG org.asynchttpclient.netty.handler.HttpHandler - 

Request DefaultHttpRequest(decodeResult: success, version: HTTP/1.1)
POST /session/cb119c60757ce729450ca500a94d9b0a/url HTTP/1.1
User-Agent: selenium/4.1.2 (java windows)
Content-Length: 53
Content-Type: application/json; charset=utf-8
host: localhost:49769
accept: */*

Response DefaultHttpResponse(decodeResult: success, version: HTTP/1.1)
HTTP/1.1 200 OK
Content-Type: application/json; charset=utf-8
cache-control: no-cache
content-length: 14

16:25:19.503 [AsyncHttpClient-1-15] DEBUG org.asynchttpclient.netty.channel.ChannelManager - Adding key: http://localhost:49769 for channel [id: 0xfb3c5ed6, L:/127.0.0.1:60744 - R:localhost/127.0.0.1:49769]
16:25:19.505 [Forwarding setTimeout on session cb119c60757ce729450ca500a94d9b0a to remote] DEBUG org.asynchttpclient.netty.request.NettyRequestSender - Using pooled Channel '[id: 0xfb3c5ed6, L:/127.0.0.1:60744 - R:localhost/127.0.0.1:49769]' for 'POST' to 'http://localhost:49769/session/cb119c60757ce729450ca500a94d9b0a/timeouts'
16:25:19.505 [Forwarding setTimeout on session cb119c60757ce729450ca500a94d9b0a to remote] DEBUG org.asynchttpclient.netty.request.NettyRequestSender - Using open Channel [id: 0xfb3c5ed6, L:/127.0.0.1:60744 - R:localhost/127.0.0.1:49769] for POST '/session/cb119c60757ce729450ca500a94d9b0a/timeouts'
16:25:19.506 [AsyncHttpClient-1-15] DEBUG org.asynchttpclient.netty.handler.HttpHandler - 

Request DefaultHttpRequest(decodeResult: success, version: HTTP/1.1)
POST /session/cb119c60757ce729450ca500a94d9b0a/timeouts HTTP/1.1
User-Agent: selenium/4.1.2 (java windows)
Content-Length: 22
Content-Type: application/json; charset=utf-8
host: localhost:49769
accept: */*

Response DefaultHttpResponse(decodeResult: success, version: HTTP/1.1)
HTTP/1.1 200 OK
Content-Type: application/json; charset=utf-8
cache-control: no-cache
content-length: 14

16:25:19.506 [AsyncHttpClient-1-15] DEBUG org.asynchttpclient.netty.channel.ChannelManager - Adding key: http://localhost:49769 for channel [id: 0xfb3c5ed6, L:/127.0.0.1:60744 - R:localhost/127.0.0.1:49769]
16:25:19.510 [Forwarding getCurrentUrl on session cb119c60757ce729450ca500a94d9b0a to remote] DEBUG org.asynchttpclient.netty.request.NettyRequestSender - Using pooled Channel '[id: 0xfb3c5ed6, L:/127.0.0.1:60744 - R:localhost/127.0.0.1:49769]' for 'GET' to 'http://localhost:49769/session/cb119c60757ce729450ca500a94d9b0a/url'
16:25:19.510 [Forwarding getCurrentUrl on session cb119c60757ce729450ca500a94d9b0a to remote] DEBUG org.asynchttpclient.netty.request.NettyRequestSender - Using open Channel [id: 0xfb3c5ed6, L:/127.0.0.1:60744 - R:localhost/127.0.0.1:49769] for GET '/session/cb119c60757ce729450ca500a94d9b0a/url'
16:25:19.515 [AsyncHttpClient-1-15] DEBUG org.asynchttpclient.netty.handler.HttpHandler - 

Request DefaultFullHttpRequest(decodeResult: success, version: HTTP/1.1, content: EmptyByteBufBE)
GET /session/cb119c60757ce729450ca500a94d9b0a/url HTTP/1.1
User-Agent: selenium/4.1.2 (java windows)
Cache-Control: no-cache
Content-Type: application/json; charset=utf-8
host: localhost:49769
accept: */*

Response DefaultHttpResponse(decodeResult: success, version: HTTP/1.1)
HTTP/1.1 200 OK
Content-Type: application/json; charset=utf-8
cache-control: no-cache
content-length: 41

16:25:19.515 [AsyncHttpClient-1-15] DEBUG org.asynchttpclient.netty.channel.ChannelManager - Adding key: http://localhost:49769 for channel [id: 0xfb3c5ed6, L:/127.0.0.1:60744 - R:localhost/127.0.0.1:49769]
  &amp#27;[32mGiven &amp#27;[0m&amp#27;[32mI am on the home page&amp#27;[0m     &amp#27;[90m# starter.stepdefinitions.BabyStep.iAmOnTheHomePage()&amp#27;[0m
16:25:19.522 [Forwarding screenshot on session cb119c60757ce729450ca500a94d9b0a to remote] DEBUG org.asynchttpclient.netty.request.NettyRequestSender - Using pooled Channel '[id: 0xfb3c5ed6, L:/127.0.0.1:60744 - R:localhost/127.0.0.1:49769]' for 'GET' to 'http://localhost:49769/session/cb119c60757ce729450ca500a94d9b0a/screenshot'
16:25:19.522 [Forwarding screenshot on session cb119c60757ce729450ca500a94d9b0a to remote] DEBUG org.asynchttpclient.netty.request.NettyRequestSender - Using open Channel [id: 0xfb3c5ed6, L:/127.0.0.1:60744 - R:localhost/127.0.0.1:49769] for GET '/session/cb119c60757ce729450ca500a94d9b0a/screenshot'
16:25:19.673 [AsyncHttpClient-1-1] DEBUG org.asynchttpclient.netty.channel.DefaultChannelPool - Entry count for : http://localhost:60745 : 1
16:25:19.827 [AsyncHttpClient-1-15] DEBUG org.asynchttpclient.netty.handler.HttpHandler - 

Request DefaultFullHttpRequest(decodeResult: success, version: HTTP/1.1, content: EmptyByteBufBE)
GET /session/cb119c60757ce729450ca500a94d9b0a/screenshot HTTP/1.1
User-Agent: selenium/4.1.2 (java windows)
Cache-Control: no-cache
Content-Type: application/json; charset=utf-8
host: localhost:49769
accept: */*

Response DefaultHttpResponse(decodeResult: success, version: HTTP/1.1)
HTTP/1.1 200 OK
Content-Type: application/json; charset=utf-8
cache-control: no-cache
content-length: 1022316

16:25:19.830 [AsyncHttpClient-1-15] DEBUG org.asynchttpclient.netty.channel.ChannelManager - Adding key: http://localhost:49769 for channel [id: 0xfb3c5ed6, L:/127.0.0.1:60744 - R:localhost/127.0.0.1:49769]
16:25:19.866 [main] DEBUG net.serenitybdd.core.photography.Darkroom - Send negative for processing for target\site\serenity\b0ddf3608b8f51a6a3adc36e4acd901b7a2c5b7adc6fd42a924a7c7a6358c0ea.png
16:25:19.878 [Forwarding findElement on session cb119c60757ce729450ca500a94d9b0a to remote] DEBUG org.asynchttpclient.netty.request.NettyRequestSender - Using pooled Channel '[id: 0xfb3c5ed6, L:/127.0.0.1:60744 - R:localhost/127.0.0.1:49769]' for 'POST' to 'http://localhost:49769/session/cb119c60757ce729450ca500a94d9b0a/element'
16:25:19.878 [Forwarding findElement on session cb119c60757ce729450ca500a94d9b0a to remote] DEBUG org.asynchttpclient.netty.request.NettyRequestSender - Using open Channel [id: 0xfb3c5ed6, L:/127.0.0.1:60744 - R:localhost/127.0.0.1:49769] for POST '/session/cb119c60757ce729450ca500a94d9b0a/element'
16:25:19.909 [AsyncHttpClient-1-15] DEBUG org.asynchttpclient.netty.handler.HttpHandler - 

Request DefaultHttpRequest(decodeResult: success, version: HTTP/1.1)
POST /session/cb119c60757ce729450ca500a94d9b0a/element HTTP/1.1
User-Agent: selenium/4.1.2 (java windows)
Content-Length: 81
Content-Type: application/json; charset=utf-8
host: localhost:49769
accept: */*

Response DefaultHttpResponse(decodeResult: success, version: HTTP/1.1)
HTTP/1.1 200 OK
Content-Type: application/json; charset=utf-8
cache-control: no-cache
content-length: 88

16:25:19.909 [AsyncHttpClient-1-15] DEBUG org.asynchttpclient.netty.channel.ChannelManager - Adding key: http://localhost:49769 for channel [id: 0xfb3c5ed6, L:/127.0.0.1:60744 - R:localhost/127.0.0.1:49769]
16:25:19.910 [Forwarding getElementTagName on session cb119c60757ce729450ca500a94d9b0a to remote] DEBUG org.asynchttpclient.netty.request.NettyRequestSender - Using pooled Channel '[id: 0xfb3c5ed6, L:/127.0.0.1:60744 - R:localhost/127.0.0.1:49769]' for 'GET' to 'http://localhost:49769/session/cb119c60757ce729450ca500a94d9b0a/element/7529137b-0d49-4773-9796-87bd8efb1c6f/name'
16:25:19.910 [Forwarding getElementTagName on session cb119c60757ce729450ca500a94d9b0a to remote] DEBUG org.asynchttpclient.netty.request.NettyRequestSender - Using open Channel [id: 0xfb3c5ed6, L:/127.0.0.1:60744 - R:localhost/127.0.0.1:49769] for GET '/session/cb119c60757ce729450ca500a94d9b0a/element/7529137b-0d49-4773-9796-87bd8efb1c6f/name'
16:25:19.914 [AsyncHttpClient-1-15] DEBUG org.asynchttpclient.netty.handler.HttpHandler - 

Request DefaultFullHttpRequest(decodeResult: success, version: HTTP/1.1, content: EmptyByteBufBE)
GET /session/cb119c60757ce729450ca500a94d9b0a/element/7529137b-0d49-4773-9796-87bd8efb1c6f/name HTTP/1.1
User-Agent: selenium/4.1.2 (java windows)
Cache-Control: no-cache
Content-Type: application/json; charset=utf-8
host: localhost:49769
accept: */*

Response DefaultHttpResponse(decodeResult: success, version: HTTP/1.1)
HTTP/1.1 200 OK
Content-Type: application/json; charset=utf-8
cache-control: no-cache
content-length: 16

16:25:19.914 [AsyncHttpClient-1-15] DEBUG org.asynchttpclient.netty.channel.ChannelManager - Adding key: http://localhost:49769 for channel [id: 0xfb3c5ed6, L:/127.0.0.1:60744 - R:localhost/127.0.0.1:49769]
16:25:19.915 [Forwarding getElementTagName on session cb119c60757ce729450ca500a94d9b0a to remote] DEBUG org.asynchttpclient.netty.request.NettyRequestSender - Using pooled Channel '[id: 0xfb3c5ed6, L:/127.0.0.1:60744 - R:localhost/127.0.0.1:49769]' for 'GET' to 'http://localhost:49769/session/cb119c60757ce729450ca500a94d9b0a/element/7529137b-0d49-4773-9796-87bd8efb1c6f/name'
16:25:19.915 [Forwarding getElementTagName on session cb119c60757ce729450ca500a94d9b0a to remote] DEBUG org.asynchttpclient.netty.request.NettyRequestSender - Using open Channel [id: 0xfb3c5ed6, L:/127.0.0.1:60744 - R:localhost/127.0.0.1:49769] for GET '/session/cb119c60757ce729450ca500a94d9b0a/element/7529137b-0d49-4773-9796-87bd8efb1c6f/name'
16:25:19.917 [AsyncHttpClient-1-15] DEBUG org.asynchttpclient.netty.handler.HttpHandler - 

Request DefaultFullHttpRequest(decodeResult: success, version: HTTP/1.1, content: EmptyByteBufBE)
GET /session/cb119c60757ce729450ca500a94d9b0a/element/7529137b-0d49-4773-9796-87bd8efb1c6f/name HTTP/1.1
User-Agent: selenium/4.1.2 (java windows)
Cache-Control: no-cache
Content-Type: application/json; charset=utf-8
host: localhost:49769
accept: */*

Response DefaultHttpResponse(decodeResult: success, version: HTTP/1.1)
HTTP/1.1 200 OK
Content-Type: application/json; charset=utf-8
cache-control: no-cache
content-length: 16

16:25:19.918 [AsyncHttpClient-1-15] DEBUG org.asynchttpclient.netty.channel.ChannelManager - Adding key: http://localhost:49769 for channel [id: 0xfb3c5ed6, L:/127.0.0.1:60744 - R:localhost/127.0.0.1:49769]
16:25:19.919 [Forwarding findElement on session cb119c60757ce729450ca500a94d9b0a to remote] DEBUG org.asynchttpclient.netty.request.NettyRequestSender - Using pooled Channel '[id: 0xfb3c5ed6, L:/127.0.0.1:60744 - R:localhost/127.0.0.1:49769]' for 'POST' to 'http://localhost:49769/session/cb119c60757ce729450ca500a94d9b0a/element'
16:25:19.919 [Forwarding findElement on session cb119c60757ce729450ca500a94d9b0a to remote] DEBUG org.asynchttpclient.netty.request.NettyRequestSender - Using open Channel [id: 0xfb3c5ed6, L:/127.0.0.1:60744 - R:localhost/127.0.0.1:49769] for POST '/session/cb119c60757ce729450ca500a94d9b0a/element'
16:25:19.926 [AsyncHttpClient-1-15] DEBUG org.asynchttpclient.netty.handler.HttpHandler - 

Request DefaultHttpRequest(decodeResult: success, version: HTTP/1.1)
POST /session/cb119c60757ce729450ca500a94d9b0a/element HTTP/1.1
User-Agent: selenium/4.1.2 (java windows)
Content-Length: 81
Content-Type: application/json; charset=utf-8
host: localhost:49769
accept: */*

Response DefaultHttpResponse(decodeResult: success, version: HTTP/1.1)
HTTP/1.1 200 OK
Content-Type: application/json; charset=utf-8
cache-control: no-cache
content-length: 88

16:25:19.926 [AsyncHttpClient-1-15] DEBUG org.asynchttpclient.netty.channel.ChannelManager - Adding key: http://localhost:49769 for channel [id: 0xfb3c5ed6, L:/127.0.0.1:60744 - R:localhost/127.0.0.1:49769]
16:25:19.927 [Forwarding clickElement on session cb119c60757ce729450ca500a94d9b0a to remote] DEBUG org.asynchttpclient.netty.request.NettyRequestSender - Using pooled Channel '[id: 0xfb3c5ed6, L:/127.0.0.1:60744 - R:localhost/127.0.0.1:49769]' for 'POST' to 'http://localhost:49769/session/cb119c60757ce729450ca500a94d9b0a/element/7529137b-0d49-4773-9796-87bd8efb1c6f/click'
16:25:19.927 [Forwarding clickElement on session cb119c60757ce729450ca500a94d9b0a to remote] DEBUG org.asynchttpclient.netty.request.NettyRequestSender - Using open Channel [id: 0xfb3c5ed6, L:/127.0.0.1:60744 - R:localhost/127.0.0.1:49769] for POST '/session/cb119c60757ce729450ca500a94d9b0a/element/7529137b-0d49-4773-9796-87bd8efb1c6f/click'
16:25:20.352 [AsyncHttpClient-1-15] DEBUG org.asynchttpclient.netty.handler.HttpHandler - 

Request DefaultHttpRequest(decodeResult: success, version: HTTP/1.1)
POST /session/cb119c60757ce729450ca500a94d9b0a/element/7529137b-0d49-4773-9796-87bd8efb1c6f/click HTTP/1.1
User-Agent: selenium/4.1.2 (java windows)
Content-Length: 50
Content-Type: application/json; charset=utf-8
host: localhost:49769
accept: */*

Response DefaultHttpResponse(decodeResult: success, version: HTTP/1.1)
HTTP/1.1 200 OK
Content-Type: application/json; charset=utf-8
cache-control: no-cache
content-length: 14

16:25:20.353 [AsyncHttpClient-1-15] DEBUG org.asynchttpclient.netty.channel.ChannelManager - Adding key: http://localhost:49769 for channel [id: 0xfb3c5ed6, L:/127.0.0.1:60744 - R:localhost/127.0.0.1:49769]
  &amp#27;[32mThen &amp#27;[0m&amp#27;[32mI click baby on the header&amp#27;[0m &amp#27;[90m# starter.stepdefinitions.BabyStep.iClickBabyOnTheHeader()&amp#27;[0m
16:25:20.362 [Forwarding screenshot on session cb119c60757ce729450ca500a94d9b0a to remote] DEBUG org.asynchttpclient.netty.request.NettyRequestSender - Using pooled Channel '[id: 0xfb3c5ed6, L:/127.0.0.1:60744 - R:localhost/127.0.0.1:49769]' for 'GET' to 'http://localhost:49769/session/cb119c60757ce729450ca500a94d9b0a/screenshot'
16:25:20.362 [Forwarding screenshot on session cb119c60757ce729450ca500a94d9b0a to remote] DEBUG org.asynchttpclient.netty.request.NettyRequestSender - Using open Channel [id: 0xfb3c5ed6, L:/127.0.0.1:60744 - R:localhost/127.0.0.1:49769] for GET '/session/cb119c60757ce729450ca500a94d9b0a/screenshot'
16:25:20.771 [AsyncHttpClient-1-1] DEBUG org.asynchttpclient.netty.channel.DefaultChannelPool - Entry count for : http://localhost:60745 : 1
16:25:21.280 [AsyncHttpClient-1-15] DEBUG org.asynchttpclient.netty.handler.HttpHandler - 

Request DefaultFullHttpRequest(decodeResult: success, version: HTTP/1.1, content: EmptyByteBufBE)
GET /session/cb119c60757ce729450ca500a94d9b0a/screenshot HTTP/1.1
User-Agent: selenium/4.1.2 (java windows)
Cache-Control: no-cache
Content-Type: application/json; charset=utf-8
host: localhost:49769
accept: */*

Response DefaultHttpResponse(decodeResult: success, version: HTTP/1.1)
HTTP/1.1 200 OK
Content-Type: application/json; charset=utf-8
cache-control: no-cache
content-length: 137768

16:25:21.281 [AsyncHttpClient-1-15] DEBUG org.asynchttpclient.netty.channel.ChannelManager - Adding key: http://localhost:49769 for channel [id: 0xfb3c5ed6, L:/127.0.0.1:60744 - R:localhost/127.0.0.1:49769]
16:25:21.286 [main] DEBUG net.serenitybdd.core.photography.Darkroom - Send negative for processing for target\site\serenity\37af101072e9b6e41a69d45ddf2749772f130971aca673c38d9b6e7ce4577d51.png
16:25:21.286 [Darkroom Processing Line] DEBUG net.serenitybdd.core.photography.DarkroomProcessingLine - Processing screenshot image in /var/screenshots/screenshot-8134886562149152744
16:25:21.286 [Darkroom Processing Line] DEBUG net.serenitybdd.core.photography.DarkroomProcessingLine - Saving screenshot to target\site\serenity\37af101072e9b6e41a69d45ddf2749772f130971aca673c38d9b6e7ce4577d51.png
16:25:21.294 [Forwarding findElement on session cb119c60757ce729450ca500a94d9b0a to remote] DEBUG org.asynchttpclient.netty.request.NettyRequestSender - Using pooled Channel '[id: 0xfb3c5ed6, L:/127.0.0.1:60744 - R:localhost/127.0.0.1:49769]' for 'POST' to 'http://localhost:49769/session/cb119c60757ce729450ca500a94d9b0a/element'
16:25:21.294 [Forwarding findElement on session cb119c60757ce729450ca500a94d9b0a to remote] DEBUG org.asynchttpclient.netty.request.NettyRequestSender - Using open Channel [id: 0xfb3c5ed6, L:/127.0.0.1:60744 - R:localhost/127.0.0.1:49769] for POST '/session/cb119c60757ce729450ca500a94d9b0a/element'
16:25:21.308 [AsyncHttpClient-1-15] DEBUG org.asynchttpclient.netty.handler.HttpHandler - 

Request DefaultHttpRequest(decodeResult: success, version: HTTP/1.1)
POST /session/cb119c60757ce729450ca500a94d9b0a/element HTTP/1.1
User-Agent: selenium/4.1.2 (java windows)
Content-Length: 104
Content-Type: application/json; charset=utf-8
host: localhost:49769
accept: */*

Response DefaultHttpResponse(decodeResult: success, version: HTTP/1.1)
HTTP/1.1 200 OK
Content-Type: application/json; charset=utf-8
cache-control: no-cache
content-length: 88

16:25:21.308 [AsyncHttpClient-1-15] DEBUG org.asynchttpclient.netty.channel.ChannelManager - Adding key: http://localhost:49769 for channel [id: 0xfb3c5ed6, L:/127.0.0.1:60744 - R:localhost/127.0.0.1:49769]
16:25:21.310 [Forwarding getElementTagName on session cb119c60757ce729450ca500a94d9b0a to remote] DEBUG org.asynchttpclient.netty.request.NettyRequestSender - Using pooled Channel '[id: 0xfb3c5ed6, L:/127.0.0.1:60744 - R:localhost/127.0.0.1:49769]' for 'GET' to 'http://localhost:49769/session/cb119c60757ce729450ca500a94d9b0a/element/8cd254c1-318a-4fc3-ad57-cd705301eab2/name'
16:25:21.310 [Forwarding getElementTagName on session cb119c60757ce729450ca500a94d9b0a to remote] DEBUG org.asynchttpclient.netty.request.NettyRequestSender - Using open Channel [id: 0xfb3c5ed6, L:/127.0.0.1:60744 - R:localhost/127.0.0.1:49769] for GET '/session/cb119c60757ce729450ca500a94d9b0a/element/8cd254c1-318a-4fc3-ad57-cd705301eab2/name'
16:25:21.314 [AsyncHttpClient-1-15] DEBUG org.asynchttpclient.netty.handler.HttpHandler - 

Request DefaultFullHttpRequest(decodeResult: success, version: HTTP/1.1, content: EmptyByteBufBE)
GET /session/cb119c60757ce729450ca500a94d9b0a/element/8cd254c1-318a-4fc3-ad57-cd705301eab2/name HTTP/1.1
User-Agent: selenium/4.1.2 (java windows)
Cache-Control: no-cache
Content-Type: application/json; charset=utf-8
host: localhost:49769
accept: */*

Response DefaultHttpResponse(decodeResult: success, version: HTTP/1.1)
HTTP/1.1 200 OK
Content-Type: application/json; charset=utf-8
cache-control: no-cache
content-length: 16

16:25:21.314 [AsyncHttpClient-1-15] DEBUG org.asynchttpclient.netty.channel.ChannelManager - Adding key: http://localhost:49769 for channel [id: 0xfb3c5ed6, L:/127.0.0.1:60744 - R:localhost/127.0.0.1:49769]
16:25:21.315 [Forwarding getElementTagName on session cb119c60757ce729450ca500a94d9b0a to remote] DEBUG org.asynchttpclient.netty.request.NettyRequestSender - Using pooled Channel '[id: 0xfb3c5ed6, L:/127.0.0.1:60744 - R:localhost/127.0.0.1:49769]' for 'GET' to 'http://localhost:49769/session/cb119c60757ce729450ca500a94d9b0a/element/8cd254c1-318a-4fc3-ad57-cd705301eab2/name'
16:25:21.315 [Forwarding getElementTagName on session cb119c60757ce729450ca500a94d9b0a to remote] DEBUG org.asynchttpclient.netty.request.NettyRequestSender - Using open Channel [id: 0xfb3c5ed6, L:/127.0.0.1:60744 - R:localhost/127.0.0.1:49769] for GET '/session/cb119c60757ce729450ca500a94d9b0a/element/8cd254c1-318a-4fc3-ad57-cd705301eab2/name'
16:25:21.318 [AsyncHttpClient-1-15] DEBUG org.asynchttpclient.netty.handler.HttpHandler - 

Request DefaultFullHttpRequest(decodeResult: success, version: HTTP/1.1, content: EmptyByteBufBE)
GET /session/cb119c60757ce729450ca500a94d9b0a/element/8cd254c1-318a-4fc3-ad57-cd705301eab2/name HTTP/1.1
User-Agent: selenium/4.1.2 (java windows)
Cache-Control: no-cache
Content-Type: application/json; charset=utf-8
host: localhost:49769
accept: */*

Response DefaultHttpResponse(decodeResult: success, version: HTTP/1.1)
HTTP/1.1 200 OK
Content-Type: application/json; charset=utf-8
cache-control: no-cache
content-length: 16

16:25:21.318 [AsyncHttpClient-1-15] DEBUG org.asynchttpclient.netty.channel.ChannelManager - Adding key: http://localhost:49769 for channel [id: 0xfb3c5ed6, L:/127.0.0.1:60744 - R:localhost/127.0.0.1:49769]
16:25:21.320 [Forwarding findElement on session cb119c60757ce729450ca500a94d9b0a to remote] DEBUG org.asynchttpclient.netty.request.NettyRequestSender - Using pooled Channel '[id: 0xfb3c5ed6, L:/127.0.0.1:60744 - R:localhost/127.0.0.1:49769]' for 'POST' to 'http://localhost:49769/session/cb119c60757ce729450ca500a94d9b0a/element'
16:25:21.320 [Forwarding findElement on session cb119c60757ce729450ca500a94d9b0a to remote] DEBUG org.asynchttpclient.netty.request.NettyRequestSender - Using open Channel [id: 0xfb3c5ed6, L:/127.0.0.1:60744 - R:localhost/127.0.0.1:49769] for POST '/session/cb119c60757ce729450ca500a94d9b0a/element'
16:25:21.351 [AsyncHttpClient-1-15] DEBUG org.asynchttpclient.netty.handler.HttpHandler - 

Request DefaultHttpRequest(decodeResult: success, version: HTTP/1.1)
POST /session/cb119c60757ce729450ca500a94d9b0a/element HTTP/1.1
User-Agent: selenium/4.1.2 (java windows)
Content-Length: 104
Content-Type: application/json; charset=utf-8
host: localhost:49769
accept: */*

Response DefaultHttpResponse(decodeResult: success, version: HTTP/1.1)
HTTP/1.1 200 OK
Content-Type: application/json; charset=utf-8
cache-control: no-cache
content-length: 88

16:25:21.351 [AsyncHttpClient-1-15] DEBUG org.asynchttpclient.netty.channel.ChannelManager - Adding key: http://localhost:49769 for channel [id: 0xfb3c5ed6, L:/127.0.0.1:60744 - R:localhost/127.0.0.1:49769]
16:25:21.353 [Forwarding clickElement on session cb119c60757ce729450ca500a94d9b0a to remote] DEBUG org.asynchttpclient.netty.request.NettyRequestSender - Using pooled Channel '[id: 0xfb3c5ed6, L:/127.0.0.1:60744 - R:localhost/127.0.0.1:49769]' for 'POST' to 'http://localhost:49769/session/cb119c60757ce729450ca500a94d9b0a/element/8cd254c1-318a-4fc3-ad57-cd705301eab2/click'
16:25:21.353 [Forwarding clickElement on session cb119c60757ce729450ca500a94d9b0a to remote] DEBUG org.asynchttpclient.netty.request.NettyRequestSender - Using open Channel [id: 0xfb3c5ed6, L:/127.0.0.1:60744 - R:localhost/127.0.0.1:49769] for POST '/session/cb119c60757ce729450ca500a94d9b0a/element/8cd254c1-318a-4fc3-ad57-cd705301eab2/click'
16:25:21.558 [AsyncHttpClient-1-15] DEBUG org.asynchttpclient.netty.handler.HttpHandler - 

Request DefaultHttpRequest(decodeResult: success, version: HTTP/1.1)
POST /session/cb119c60757ce729450ca500a94d9b0a/element/8cd254c1-318a-4fc3-ad57-cd705301eab2/click HTTP/1.1
User-Agent: selenium/4.1.2 (java windows)
Content-Length: 50
Content-Type: application/json; charset=utf-8
host: localhost:49769
accept: */*

Response DefaultHttpResponse(decodeResult: success, version: HTTP/1.1)
HTTP/1.1 200 OK
Content-Type: application/json; charset=utf-8
cache-control: no-cache
content-length: 14

16:25:21.558 [AsyncHttpClient-1-15] DEBUG org.asynchttpclient.netty.channel.ChannelManager - Adding key: http://localhost:49769 for channel [id: 0xfb3c5ed6, L:/127.0.0.1:60744 - R:localhost/127.0.0.1:49769]
  &amp#27;[32mWhen &amp#27;[0m&amp#27;[32mI will go to &amp#27;[0m&amp#27;[32m&amp#27;[1m"atasan2"&amp#27;[0m     &amp#27;[90m# starter.stepdefinitions.BabyStep.iWillGoTo(java.lang.String)&amp#27;[0m
16:25:21.567 [Forwarding screenshot on session cb119c60757ce729450ca500a94d9b0a to remote] DEBUG org.asynchttpclient.netty.request.NettyRequestSender - Using pooled Channel '[id: 0xfb3c5ed6, L:/127.0.0.1:60744 - R:localhost/127.0.0.1:49769]' for 'GET' to 'http://localhost:49769/session/cb119c60757ce729450ca500a94d9b0a/screenshot'
16:25:21.567 [Forwarding screenshot on session cb119c60757ce729450ca500a94d9b0a to remote] DEBUG org.asynchttpclient.netty.request.NettyRequestSender - Using open Channel [id: 0xfb3c5ed6, L:/127.0.0.1:60744 - R:localhost/127.0.0.1:49769] for GET '/session/cb119c60757ce729450ca500a94d9b0a/screenshot'
16:25:21.868 [AsyncHttpClient-1-1] DEBUG org.asynchttpclient.netty.channel.DefaultChannelPool - Entry count for : http://localhost:60745 : 1
16:25:21.896 [AsyncHttpClient-1-15] DEBUG org.asynchttpclient.netty.handler.HttpHandler - 

Request DefaultFullHttpRequest(decodeResult: success, version: HTTP/1.1, content: EmptyByteBufBE)
GET /session/cb119c60757ce729450ca500a94d9b0a/screenshot HTTP/1.1
User-Agent: selenium/4.1.2 (java windows)
Cache-Control: no-cache
Content-Type: application/json; charset=utf-8
host: localhost:49769
accept: */*

Response DefaultHttpResponse(decodeResult: success, version: HTTP/1.1)
HTTP/1.1 200 OK
Content-Type: application/json; charset=utf-8
cache-control: no-cache
content-length: 525176

16:25:21.898 [AsyncHttpClient-1-15] DEBUG org.asynchttpclient.netty.channel.ChannelManager - Adding key: http://localhost:49769 for channel [id: 0xfb3c5ed6, L:/127.0.0.1:60744 - R:localhost/127.0.0.1:49769]
16:25:21.918 [main] DEBUG net.serenitybdd.core.photography.Darkroom - Send negative for processing for target\site\serenity\95eb4cf6059ea87a8faa971722412bcd56a59a9087546887a77ecd6884414dda.png
16:25:21.918 [Darkroom Processing Line] DEBUG net.serenitybdd.core.photography.DarkroomProcessingLine - Processing screenshot image in /var/screenshots/screenshot-18152356962962956843
16:25:21.918 [Darkroom Processing Line] DEBUG net.serenitybdd.core.photography.DarkroomProcessingLine - Saving screenshot to target\site\serenity\95eb4cf6059ea87a8faa971722412bcd56a59a9087546887a77ecd6884414dda.png
16:25:21.926 [Forwarding findElement on session cb119c60757ce729450ca500a94d9b0a to remote] DEBUG org.asynchttpclient.netty.request.NettyRequestSender - Using pooled Channel '[id: 0xfb3c5ed6, L:/127.0.0.1:60744 - R:localhost/127.0.0.1:49769]' for 'POST' to 'http://localhost:49769/session/cb119c60757ce729450ca500a94d9b0a/element'
16:25:21.926 [Forwarding findElement on session cb119c60757ce729450ca500a94d9b0a to remote] DEBUG org.asynchttpclient.netty.request.NettyRequestSender - Using open Channel [id: 0xfb3c5ed6, L:/127.0.0.1:60744 - R:localhost/127.0.0.1:49769] for POST '/session/cb119c60757ce729450ca500a94d9b0a/element'
16:25:21.942 [AsyncHttpClient-1-15] DEBUG org.asynchttpclient.netty.handler.HttpHandler - 

Request DefaultHttpRequest(decodeResult: success, version: HTTP/1.1)
POST /session/cb119c60757ce729450ca500a94d9b0a/element HTTP/1.1
User-Agent: selenium/4.1.2 (java windows)
Content-Length: 89
Content-Type: application/json; charset=utf-8
host: localhost:49769
accept: */*

Response DefaultHttpResponse(decodeResult: success, version: HTTP/1.1)
HTTP/1.1 200 OK
Content-Type: application/json; charset=utf-8
cache-control: no-cache
content-length: 88

16:25:21.942 [AsyncHttpClient-1-15] DEBUG org.asynchttpclient.netty.channel.ChannelManager - Adding key: http://localhost:49769 for channel [id: 0xfb3c5ed6, L:/127.0.0.1:60744 - R:localhost/127.0.0.1:49769]
16:25:21.945 [Forwarding isElementDisplayed on session cb119c60757ce729450ca500a94d9b0a to remote] DEBUG org.asynchttpclient.netty.request.NettyRequestSender - Using pooled Channel '[id: 0xfb3c5ed6, L:/127.0.0.1:60744 - R:localhost/127.0.0.1:49769]' for 'POST' to 'http://localhost:49769/session/cb119c60757ce729450ca500a94d9b0a/execute/sync'
16:25:21.945 [Forwarding isElementDisplayed on session cb119c60757ce729450ca500a94d9b0a to remote] DEBUG org.asynchttpclient.netty.request.NettyRequestSender - Using open Channel [id: 0xfb3c5ed6, L:/127.0.0.1:60744 - R:localhost/127.0.0.1:49769] for POST '/session/cb119c60757ce729450ca500a94d9b0a/execute/sync'
16:25:21.960 [AsyncHttpClient-1-15] DEBUG org.asynchttpclient.netty.handler.HttpHandler - 

Request DefaultHttpRequest(decodeResult: success, version: HTTP/1.1)
POST /session/cb119c60757ce729450ca500a94d9b0a/execute/sync HTTP/1.1
User-Agent: selenium/4.1.2 (java windows)
Content-Length: 48780
Content-Type: application/json; charset=utf-8
host: localhost:49769
accept: */*

Response DefaultHttpResponse(decodeResult: success, version: HTTP/1.1)
HTTP/1.1 200 OK
Content-Type: application/json; charset=utf-8
cache-control: no-cache
content-length: 14

16:25:21.960 [AsyncHttpClient-1-15] DEBUG org.asynchttpclient.netty.channel.ChannelManager - Adding key: http://localhost:49769 for channel [id: 0xfb3c5ed6, L:/127.0.0.1:60744 - R:localhost/127.0.0.1:49769]
  &amp#27;[32mAnd &amp#27;[0m&amp#27;[32mI &amp#27;[0m&amp#27;[32m&amp#27;[1m"txtAtasan2"&amp#27;[0m&amp#27;[32m page&amp#27;[0m         &amp#27;[90m# starter.stepdefinitions.BabyStep.iPage(java.lang.String)&amp#27;[0m
16:25:21.968 [AsyncHttpClient-1-17] DEBUG org.asynchttpclient.netty.handler.WebSocketHandler - Channel Closed: [id: 0x32ee8505, L:/127.0.0.1:60751 ! R:localhost/127.0.0.1:60745] with attribute NettyResponseFuture{currentRetry=5,
	isDone=1,
	isCancelled=0,
	asyncHandler=org.asynchttpclient.ws.WebSocketUpgradeHandler@6fa89ae2,
	nettyRequest=org.asynchttpclient.netty.request.NettyRequest@69ee1f78,
	future=java.util.concurrent.CompletableFuture@712ca35e[Completed normally],
	uri=ws://localhost:60745/devtools/browser/b60d51d5-a863-4663-a4f8-a76a10bd3e59,
	keepAlive=true,
	redirectCount=0,
	timeoutsHolder=null,
	inAuth=0,
	touch=1680859506020}
16:25:21.969 [AsyncHttpClient-1-17] DEBUG org.asynchttpclient.netty.channel.ChannelManager - Closing Channel [id: 0x32ee8505, L:/127.0.0.1:60751 ! R:localhost/127.0.0.1:60745] 
16:25:21.969 [Driver Command Executor] DEBUG org.asynchttpclient.netty.request.NettyRequestSender - Using pooled Channel '[id: 0xfb3c5ed6, L:/127.0.0.1:60744 - R:localhost/127.0.0.1:49769]' for 'DELETE' to 'http://localhost:49769/session/cb119c60757ce729450ca500a94d9b0a'
16:25:21.969 [Driver Command Executor] DEBUG org.asynchttpclient.netty.request.NettyRequestSender - Using open Channel [id: 0xfb3c5ed6, L:/127.0.0.1:60744 - R:localhost/127.0.0.1:49769] for DELETE '/session/cb119c60757ce729450ca500a94d9b0a'
16:25:21.989 [AsyncHttpClient-1-16] DEBUG org.asynchttpclient.netty.handler.HttpHandler - Unexpected I/O exception on channel [id: 0xee28b3cb, L:/127.0.0.1:60750 - R:localhost/127.0.0.1:60745]
java.net.SocketException: Connection reset
	at java.base/sun.nio.ch.SocketChannelImpl.throwConnectionReset(SocketChannelImpl.java:345)
	at java.base/sun.nio.ch.SocketChannelImpl.read(SocketChannelImpl.java:376)
	at io.netty.buffer.PooledByteBuf.setBytes(PooledByteBuf.java:258)
	at io.netty.buffer.AbstractByteBuf.writeBytes(AbstractByteBuf.java:1132)
	at io.netty.channel.socket.nio.NioSocketChannel.doReadBytes(NioSocketChannel.java:350)
	at io.netty.channel.nio.AbstractNioByteChannel$NioByteUnsafe.read(AbstractNioByteChannel.java:151)
	at io.netty.channel.nio.NioEventLoop.processSelectedKey(NioEventLoop.java:722)
	at io.netty.channel.nio.NioEventLoop.processSelectedKeysOptimized(NioEventLoop.java:658)
	at io.netty.channel.nio.NioEventLoop.processSelectedKeys(NioEventLoop.java:584)
	at io.netty.channel.nio.NioEventLoop.run(NioEventLoop.java:496)
	at io.netty.util.concurrent.SingleThreadEventExecutor$4.run(SingleThreadEventExecutor.java:986)
	at io.netty.util.internal.ThreadExecutorMap$2.run(ThreadExecutorMap.java:74)
	at io.netty.util.concurrent.FastThreadLocalRunnable.run(FastThreadLocalRunnable.java:30)
	at java.base/java.lang.Thread.run(Thread.java:830)
16:25:21.990 [AsyncHttpClient-1-16] DEBUG org.asynchttpclient.netty.channel.ChannelManager - Closing Channel [id: 0xee28b3cb, L:/127.0.0.1:60750 - R:localhost/127.0.0.1:60745] 
16:25:21.990 [AsyncHttpClient-1-16] DEBUG org.asynchttpclient.netty.handler.HttpHandler - Channel Closed: [id: 0xee28b3cb, L:/127.0.0.1:60750 ! R:localhost/127.0.0.1:60745] with attribute DISCARD
16:25:22.008 [AsyncHttpClient-1-15] DEBUG org.asynchttpclient.netty.handler.HttpHandler - 

Request DefaultFullHttpRequest(decodeResult: success, version: HTTP/1.1, content: EmptyByteBufBE)
DELETE /session/cb119c60757ce729450ca500a94d9b0a HTTP/1.1
User-Agent: selenium/4.1.2 (java windows)
Content-Type: application/json; charset=utf-8
host: localhost:49769
accept: */*

Response DefaultHttpResponse(decodeResult: success, version: HTTP/1.1)
HTTP/1.1 200 OK
Content-Type: application/json; charset=utf-8
cache-control: no-cache
content-length: 14

16:25:22.008 [AsyncHttpClient-1-15] DEBUG org.asynchttpclient.netty.channel.ChannelManager - Adding key: http://localhost:49769 for channel [id: 0xfb3c5ed6, L:/127.0.0.1:60744 - R:localhost/127.0.0.1:49769]
16:25:22.137 [AsyncHttpClient-1-15] DEBUG org.asynchttpclient.netty.handler.HttpHandler - Channel Closed: [id: 0xfb3c5ed6, L:/127.0.0.1:60744 ! R:localhost/127.0.0.1:49769] with attribute DISCARD
]]></system-out>
    <system-err><![CDATA[Starting Microsoft Edge WebDriver 111.0.1661.62 (0a8f453929e6410c973aa529a40485ce4e3e03db) on port 49769
To submit feedback, report a bug, or suggest new features, please visit https://github.com/MicrosoftEdge/EdgeWebDriver

Only local connections are allowed.
Please see https://aka.ms/WebDriverSecurity for suggestions on keeping Microsoft Edge WebDriver safe.

Microsoft Edge WebDriver was started successfully.
Apr 07, 2023 4:25:06 PM org.openqa.selenium.remote.ProtocolHandshake createSession
INFO: Detected dialect: W3C
Apr 07, 2023 4:25:06 PM org.openqa.selenium.devtools.CdpVersionFinder findNearestMatch
WARNING: Unable to find an exact match for CDP version 111, so returning the closest version found: a no-op implementation
Apr 07, 2023 4:25:06 PM org.openqa.selenium.devtools.CdpVersionFinder findNearestMatch
INFO: Unable to find CDP implementation matching 111.
Apr 07, 2023 4:25:06 PM org.openqa.selenium.chromium.ChromiumDriver lambda$new$3
WARNING: Unable to find version of CDP to use for . You may need to include a dependency on a specific version of the CDP using something similar to `org.seleniumhq.selenium:selenium-devtools-v86:4.1.2` where the version ("v86") matches the version of the chromium-based browser you're using and the version number of the artifact is the same as Selenium's.
]]></system-err>
  </testcase>
  <testcase name="Fitur Menu Baby #17" classname="Baby" time="18.821">
    <system-out><![CDATA[
Scenario Outline: Fitur Menu Baby &amp#27;[90m# src/test/resources/features/Baby.feature:29&amp#27;[0m
16:25:22.765 [main] INFO io.cucumber.core.plugin.SerenityReporter - Running feature from file:///C:/Users/alwi/IdeaProjects/uniqloweb/src/test/resources/features/Baby.feature
16:25:22.887 [main] DEBUG io.github.bonigarcia.wdm.cache.ResolutionCache - Resolution edge=111 in cache (valid until 17:21:26 07/04/2023 WIB)
16:25:22.890 [main] DEBUG io.github.bonigarcia.wdm.cache.ResolutionCache - Resolution edge111=111.0.1661.62 in cache (valid until 15:02:35 08/04/2023 WIB)
16:25:22.892 [main] INFO io.github.bonigarcia.wdm.WebDriverManager - Using msedgedriver 111.0.1661.62 (resolved driver for Edge 111)
16:25:22.902 [main] DEBUG io.github.bonigarcia.wdm.WebDriverManager - Driver msedgedriver 111.0.1661.62 found in cache
16:25:22.903 [main] INFO io.github.bonigarcia.wdm.WebDriverManager - Exporting webdriver.edge.driver as C:\Users\alwi\.cache\selenium\msedgedriver\win64\111.0.1661.62\msedgedriver.exe
16:25:22.905 [main] DEBUG net.serenitybdd.core.webdriver.driverproviders.ProvideNewDriver - Instantiating driver
16:25:22.905 [main] DEBUG net.serenitybdd.core.webdriver.driverproviders.ProvideNewDriver - Driver capabilities: Capabilities {base.url: https://www.uniqlo.com, chrome.driver: src/test/resources/webdrive..., driver: edge, ms:edgeChromium: true, ms:edgeOptions: {}, wait.for.timeout: 6000}
16:25:22.975 [AsyncHttpClient-1-1] DEBUG org.asynchttpclient.netty.channel.DefaultChannelPool - Entry count for : http://localhost:49769 : 1
16:25:22.975 [AsyncHttpClient-1-1] DEBUG org.asynchttpclient.netty.channel.DefaultChannelPool - Entry count for : http://localhost:60745 : 1
16:25:22.975 [AsyncHttpClient-1-1] DEBUG org.asynchttpclient.netty.channel.DefaultChannelPool - Adding Candidate expired Channel [id: 0xfb3c5ed6, L:/127.0.0.1:60744 ! R:localhost/127.0.0.1:49769] isIdleTimeoutExpired=false isRemotelyClosed=true isTtlExpired=false
16:25:22.975 [AsyncHttpClient-1-1] DEBUG org.asynchttpclient.netty.channel.DefaultChannelPool - Closing Idle Channel [id: 0xfb3c5ed6, L:/127.0.0.1:60744 ! R:localhost/127.0.0.1:49769]
16:25:22.975 [AsyncHttpClient-1-1] DEBUG org.asynchttpclient.netty.channel.DefaultChannelPool - Adding Candidate expired Channel [id: 0xee28b3cb, L:/127.0.0.1:60750 ! R:localhost/127.0.0.1:60745] isIdleTimeoutExpired=false isRemotelyClosed=true isTtlExpired=false
16:25:22.975 [AsyncHttpClient-1-1] DEBUG org.asynchttpclient.netty.channel.DefaultChannelPool - Closing Idle Channel [id: 0xee28b3cb, L:/127.0.0.1:60750 ! R:localhost/127.0.0.1:60745]
16:25:22.975 [AsyncHttpClient-1-1] DEBUG org.asynchttpclient.netty.channel.DefaultChannelPool - Closed 2 connections out of 2 in 0 ms
16:25:23.439 [AsyncHttpClient-1-2] DEBUG org.asynchttpclient.netty.channel.NettyConnectListener - Using new Channel '[id: 0x9b718e6d, L:/127.0.0.1:60889 - R:localhost/127.0.0.1:58326]' for 'POST' to '/session'
16:25:24.053 [AsyncHttpClient-1-2] DEBUG org.asynchttpclient.netty.handler.HttpHandler - 

Request DefaultHttpRequest(decodeResult: success, version: HTTP/1.1)
POST /session HTTP/1.1
User-Agent: selenium/4.1.2 (java windows)
Content-Length: 627
Content-Type: application/json; charset=utf-8
host: localhost:58326
accept: */*

Response DefaultHttpResponse(decodeResult: success, version: HTTP/1.1)
HTTP/1.1 200 OK
Content-Type: application/json; charset=utf-8
cache-control: no-cache
content-length: 823

16:25:24.054 [AsyncHttpClient-1-2] DEBUG org.asynchttpclient.netty.channel.ChannelManager - Adding key: http://localhost:58326 for channel [id: 0x9b718e6d, L:/127.0.0.1:60889 - R:localhost/127.0.0.1:58326]
16:25:24.058 [AsyncHttpClient-1-3] DEBUG org.asynchttpclient.netty.channel.NettyConnectListener - Using new Channel '[id: 0x454b69f9, L:/127.0.0.1:60897 - R:localhost/127.0.0.1:60890]' for 'GET' to '/json/version'
16:25:24.059 [AsyncHttpClient-1-3] DEBUG org.asynchttpclient.netty.handler.HttpHandler - 

Request DefaultFullHttpRequest(decodeResult: success, version: HTTP/1.1, content: EmptyByteBufBE)
GET /json/version HTTP/1.1
User-Agent: selenium/4.1.2 (java windows)
host: localhost:60890
accept: */*

Response DefaultHttpResponse(decodeResult: success, version: HTTP/1.1)
HTTP/1.1 200 OK
Content-Security-Policy: frame-ancestors 'none'
Content-Type: application/json; charset=UTF-8
content-length: 436

16:25:24.059 [AsyncHttpClient-1-3] DEBUG org.asynchttpclient.netty.channel.ChannelManager - Adding key: http://localhost:60890 for channel [id: 0x454b69f9, L:/127.0.0.1:60897 - R:localhost/127.0.0.1:60890]
16:25:24.060 [AsyncHttpClient-1-4] DEBUG org.asynchttpclient.netty.channel.NettyConnectListener - Using new Channel '[id: 0xe182b4fa, L:/127.0.0.1:60898 - R:localhost/127.0.0.1:60890]' for 'GET' to '/devtools/browser/e599a7eb-51fa-4c92-b750-a0910dd784ea'
16:25:24.061 [AsyncHttpClient-1-4] DEBUG org.asynchttpclient.netty.handler.WebSocketHandler - 

Request DefaultFullHttpRequest(decodeResult: success, version: HTTP/1.1, content: EmptyByteBufBE)
GET /devtools/browser/e599a7eb-51fa-4c92-b750-a0910dd784ea HTTP/1.1
upgrade: websocket
connection: upgrade
sec-websocket-key: 7NXSdZSSxHvTmlWKn0VA/A==
sec-websocket-version: 13
origin: http://localhost:60890
host: localhost:60890
accept: */*
user-agent: AHC/2.1

Response DefaultHttpResponse(decodeResult: success, version: HTTP/1.1)
HTTP/1.1 101 WebSocket Protocol Handshake
Upgrade: WebSocket
Connection: Upgrade
Sec-WebSocket-Accept: KMCPZ5/Vm3fwLgSPT7o9Jbwtwb8=

16:25:24.063 [Forwarding get on session 6cc8c1e5118ed6a310f15114d133de32 to remote] DEBUG org.asynchttpclient.netty.request.NettyRequestSender - Using pooled Channel '[id: 0x9b718e6d, L:/127.0.0.1:60889 - R:localhost/127.0.0.1:58326]' for 'POST' to 'http://localhost:58326/session/6cc8c1e5118ed6a310f15114d133de32/url'
16:25:24.063 [Forwarding get on session 6cc8c1e5118ed6a310f15114d133de32 to remote] DEBUG org.asynchttpclient.netty.request.NettyRequestSender - Using open Channel [id: 0x9b718e6d, L:/127.0.0.1:60889 - R:localhost/127.0.0.1:58326] for POST '/session/6cc8c1e5118ed6a310f15114d133de32/url'
16:25:24.073 [AsyncHttpClient-1-1] DEBUG org.asynchttpclient.netty.channel.DefaultChannelPool - Entry count for : http://localhost:60890 : 1
16:25:25.169 [AsyncHttpClient-1-1] DEBUG org.asynchttpclient.netty.channel.DefaultChannelPool - Entry count for : http://localhost:60890 : 1
16:25:26.268 [AsyncHttpClient-1-1] DEBUG org.asynchttpclient.netty.channel.DefaultChannelPool - Entry count for : http://localhost:60890 : 1
16:25:27.365 [AsyncHttpClient-1-1] DEBUG org.asynchttpclient.netty.channel.DefaultChannelPool - Entry count for : http://localhost:60890 : 1
16:25:28.467 [AsyncHttpClient-1-1] DEBUG org.asynchttpclient.netty.channel.DefaultChannelPool - Entry count for : http://localhost:60890 : 1
16:25:29.573 [AsyncHttpClient-1-1] DEBUG org.asynchttpclient.netty.channel.DefaultChannelPool - Entry count for : http://localhost:60890 : 1
16:25:30.665 [AsyncHttpClient-1-1] DEBUG org.asynchttpclient.netty.channel.DefaultChannelPool - Entry count for : http://localhost:60890 : 1
16:25:31.767 [AsyncHttpClient-1-1] DEBUG org.asynchttpclient.netty.channel.DefaultChannelPool - Entry count for : http://localhost:60890 : 1
16:25:32.867 [AsyncHttpClient-1-1] DEBUG org.asynchttpclient.netty.channel.DefaultChannelPool - Entry count for : http://localhost:60890 : 1
16:25:33.965 [AsyncHttpClient-1-1] DEBUG org.asynchttpclient.netty.channel.DefaultChannelPool - Entry count for : http://localhost:60890 : 1
16:25:35.074 [AsyncHttpClient-1-1] DEBUG org.asynchttpclient.netty.channel.DefaultChannelPool - Entry count for : http://localhost:60890 : 1
16:25:36.171 [AsyncHttpClient-1-1] DEBUG org.asynchttpclient.netty.channel.DefaultChannelPool - Entry count for : http://localhost:60890 : 1
16:25:37.271 [AsyncHttpClient-1-1] DEBUG org.asynchttpclient.netty.channel.DefaultChannelPool - Entry count for : http://localhost:60890 : 1
16:25:38.365 [AsyncHttpClient-1-1] DEBUG org.asynchttpclient.netty.channel.DefaultChannelPool - Entry count for : http://localhost:60890 : 1
16:25:38.786 [AsyncHttpClient-1-2] DEBUG org.asynchttpclient.netty.handler.HttpHandler - 

Request DefaultHttpRequest(decodeResult: success, version: HTTP/1.1)
POST /session/6cc8c1e5118ed6a310f15114d133de32/url HTTP/1.1
User-Agent: selenium/4.1.2 (java windows)
Content-Length: 53
Content-Type: application/json; charset=utf-8
host: localhost:58326
accept: */*

Response DefaultHttpResponse(decodeResult: success, version: HTTP/1.1)
HTTP/1.1 200 OK
Content-Type: application/json; charset=utf-8
cache-control: no-cache
content-length: 14

16:25:38.786 [AsyncHttpClient-1-2] DEBUG org.asynchttpclient.netty.channel.ChannelManager - Adding key: http://localhost:58326 for channel [id: 0x9b718e6d, L:/127.0.0.1:60889 - R:localhost/127.0.0.1:58326]
16:25:38.787 [Forwarding setTimeout on session 6cc8c1e5118ed6a310f15114d133de32 to remote] DEBUG org.asynchttpclient.netty.request.NettyRequestSender - Using pooled Channel '[id: 0x9b718e6d, L:/127.0.0.1:60889 - R:localhost/127.0.0.1:58326]' for 'POST' to 'http://localhost:58326/session/6cc8c1e5118ed6a310f15114d133de32/timeouts'
16:25:38.787 [Forwarding setTimeout on session 6cc8c1e5118ed6a310f15114d133de32 to remote] DEBUG org.asynchttpclient.netty.request.NettyRequestSender - Using open Channel [id: 0x9b718e6d, L:/127.0.0.1:60889 - R:localhost/127.0.0.1:58326] for POST '/session/6cc8c1e5118ed6a310f15114d133de32/timeouts'
16:25:38.788 [AsyncHttpClient-1-2] DEBUG org.asynchttpclient.netty.handler.HttpHandler - 

Request DefaultHttpRequest(decodeResult: success, version: HTTP/1.1)
POST /session/6cc8c1e5118ed6a310f15114d133de32/timeouts HTTP/1.1
User-Agent: selenium/4.1.2 (java windows)
Content-Length: 22
Content-Type: application/json; charset=utf-8
host: localhost:58326
accept: */*

Response DefaultHttpResponse(decodeResult: success, version: HTTP/1.1)
HTTP/1.1 200 OK
Content-Type: application/json; charset=utf-8
cache-control: no-cache
content-length: 14

16:25:38.788 [AsyncHttpClient-1-2] DEBUG org.asynchttpclient.netty.channel.ChannelManager - Adding key: http://localhost:58326 for channel [id: 0x9b718e6d, L:/127.0.0.1:60889 - R:localhost/127.0.0.1:58326]
16:25:38.792 [Forwarding getCurrentUrl on session 6cc8c1e5118ed6a310f15114d133de32 to remote] DEBUG org.asynchttpclient.netty.request.NettyRequestSender - Using pooled Channel '[id: 0x9b718e6d, L:/127.0.0.1:60889 - R:localhost/127.0.0.1:58326]' for 'GET' to 'http://localhost:58326/session/6cc8c1e5118ed6a310f15114d133de32/url'
16:25:38.792 [Forwarding getCurrentUrl on session 6cc8c1e5118ed6a310f15114d133de32 to remote] DEBUG org.asynchttpclient.netty.request.NettyRequestSender - Using open Channel [id: 0x9b718e6d, L:/127.0.0.1:60889 - R:localhost/127.0.0.1:58326] for GET '/session/6cc8c1e5118ed6a310f15114d133de32/url'
16:25:38.796 [AsyncHttpClient-1-2] DEBUG org.asynchttpclient.netty.handler.HttpHandler - 

Request DefaultFullHttpRequest(decodeResult: success, version: HTTP/1.1, content: EmptyByteBufBE)
GET /session/6cc8c1e5118ed6a310f15114d133de32/url HTTP/1.1
User-Agent: selenium/4.1.2 (java windows)
Cache-Control: no-cache
Content-Type: application/json; charset=utf-8
host: localhost:58326
accept: */*

Response DefaultHttpResponse(decodeResult: success, version: HTTP/1.1)
HTTP/1.1 200 OK
Content-Type: application/json; charset=utf-8
cache-control: no-cache
content-length: 41

16:25:38.796 [AsyncHttpClient-1-2] DEBUG org.asynchttpclient.netty.channel.ChannelManager - Adding key: http://localhost:58326 for channel [id: 0x9b718e6d, L:/127.0.0.1:60889 - R:localhost/127.0.0.1:58326]
  &amp#27;[32mGiven &amp#27;[0m&amp#27;[32mI am on the home page&amp#27;[0m     &amp#27;[90m# starter.stepdefinitions.BabyStep.iAmOnTheHomePage()&amp#27;[0m
16:25:38.803 [Forwarding screenshot on session 6cc8c1e5118ed6a310f15114d133de32 to remote] DEBUG org.asynchttpclient.netty.request.NettyRequestSender - Using pooled Channel '[id: 0x9b718e6d, L:/127.0.0.1:60889 - R:localhost/127.0.0.1:58326]' for 'GET' to 'http://localhost:58326/session/6cc8c1e5118ed6a310f15114d133de32/screenshot'
16:25:38.803 [Forwarding screenshot on session 6cc8c1e5118ed6a310f15114d133de32 to remote] DEBUG org.asynchttpclient.netty.request.NettyRequestSender - Using open Channel [id: 0x9b718e6d, L:/127.0.0.1:60889 - R:localhost/127.0.0.1:58326] for GET '/session/6cc8c1e5118ed6a310f15114d133de32/screenshot'
16:25:39.127 [AsyncHttpClient-1-2] DEBUG org.asynchttpclient.netty.handler.HttpHandler - 

Request DefaultFullHttpRequest(decodeResult: success, version: HTTP/1.1, content: EmptyByteBufBE)
GET /session/6cc8c1e5118ed6a310f15114d133de32/screenshot HTTP/1.1
User-Agent: selenium/4.1.2 (java windows)
Cache-Control: no-cache
Content-Type: application/json; charset=utf-8
host: localhost:58326
accept: */*

Response DefaultHttpResponse(decodeResult: success, version: HTTP/1.1)
HTTP/1.1 200 OK
Content-Type: application/json; charset=utf-8
cache-control: no-cache
content-length: 1022316

16:25:39.130 [AsyncHttpClient-1-2] DEBUG org.asynchttpclient.netty.channel.ChannelManager - Adding key: http://localhost:58326 for channel [id: 0x9b718e6d, L:/127.0.0.1:60889 - R:localhost/127.0.0.1:58326]
16:25:39.155 [main] DEBUG net.serenitybdd.core.photography.Darkroom - Send negative for processing for target\site\serenity\b0ddf3608b8f51a6a3adc36e4acd901b7a2c5b7adc6fd42a924a7c7a6358c0ea.png
16:25:39.165 [Forwarding findElement on session 6cc8c1e5118ed6a310f15114d133de32 to remote] DEBUG org.asynchttpclient.netty.request.NettyRequestSender - Using pooled Channel '[id: 0x9b718e6d, L:/127.0.0.1:60889 - R:localhost/127.0.0.1:58326]' for 'POST' to 'http://localhost:58326/session/6cc8c1e5118ed6a310f15114d133de32/element'
16:25:39.165 [Forwarding findElement on session 6cc8c1e5118ed6a310f15114d133de32 to remote] DEBUG org.asynchttpclient.netty.request.NettyRequestSender - Using open Channel [id: 0x9b718e6d, L:/127.0.0.1:60889 - R:localhost/127.0.0.1:58326] for POST '/session/6cc8c1e5118ed6a310f15114d133de32/element'
16:25:39.177 [AsyncHttpClient-1-2] DEBUG org.asynchttpclient.netty.handler.HttpHandler - 

Request DefaultHttpRequest(decodeResult: success, version: HTTP/1.1)
POST /session/6cc8c1e5118ed6a310f15114d133de32/element HTTP/1.1
User-Agent: selenium/4.1.2 (java windows)
Content-Length: 81
Content-Type: application/json; charset=utf-8
host: localhost:58326
accept: */*

Response DefaultHttpResponse(decodeResult: success, version: HTTP/1.1)
HTTP/1.1 200 OK
Content-Type: application/json; charset=utf-8
cache-control: no-cache
content-length: 88

16:25:39.177 [AsyncHttpClient-1-2] DEBUG org.asynchttpclient.netty.channel.ChannelManager - Adding key: http://localhost:58326 for channel [id: 0x9b718e6d, L:/127.0.0.1:60889 - R:localhost/127.0.0.1:58326]
16:25:39.179 [Forwarding getElementTagName on session 6cc8c1e5118ed6a310f15114d133de32 to remote] DEBUG org.asynchttpclient.netty.request.NettyRequestSender - Using pooled Channel '[id: 0x9b718e6d, L:/127.0.0.1:60889 - R:localhost/127.0.0.1:58326]' for 'GET' to 'http://localhost:58326/session/6cc8c1e5118ed6a310f15114d133de32/element/37372b60-dcfe-433b-885a-dff6ac312436/name'
16:25:39.179 [Forwarding getElementTagName on session 6cc8c1e5118ed6a310f15114d133de32 to remote] DEBUG org.asynchttpclient.netty.request.NettyRequestSender - Using open Channel [id: 0x9b718e6d, L:/127.0.0.1:60889 - R:localhost/127.0.0.1:58326] for GET '/session/6cc8c1e5118ed6a310f15114d133de32/element/37372b60-dcfe-433b-885a-dff6ac312436/name'
16:25:39.183 [AsyncHttpClient-1-2] DEBUG org.asynchttpclient.netty.handler.HttpHandler - 

Request DefaultFullHttpRequest(decodeResult: success, version: HTTP/1.1, content: EmptyByteBufBE)
GET /session/6cc8c1e5118ed6a310f15114d133de32/element/37372b60-dcfe-433b-885a-dff6ac312436/name HTTP/1.1
User-Agent: selenium/4.1.2 (java windows)
Cache-Control: no-cache
Content-Type: application/json; charset=utf-8
host: localhost:58326
accept: */*

Response DefaultHttpResponse(decodeResult: success, version: HTTP/1.1)
HTTP/1.1 200 OK
Content-Type: application/json; charset=utf-8
cache-control: no-cache
content-length: 16

16:25:39.183 [AsyncHttpClient-1-2] DEBUG org.asynchttpclient.netty.channel.ChannelManager - Adding key: http://localhost:58326 for channel [id: 0x9b718e6d, L:/127.0.0.1:60889 - R:localhost/127.0.0.1:58326]
16:25:39.184 [Forwarding getElementTagName on session 6cc8c1e5118ed6a310f15114d133de32 to remote] DEBUG org.asynchttpclient.netty.request.NettyRequestSender - Using pooled Channel '[id: 0x9b718e6d, L:/127.0.0.1:60889 - R:localhost/127.0.0.1:58326]' for 'GET' to 'http://localhost:58326/session/6cc8c1e5118ed6a310f15114d133de32/element/37372b60-dcfe-433b-885a-dff6ac312436/name'
16:25:39.184 [Forwarding getElementTagName on session 6cc8c1e5118ed6a310f15114d133de32 to remote] DEBUG org.asynchttpclient.netty.request.NettyRequestSender - Using open Channel [id: 0x9b718e6d, L:/127.0.0.1:60889 - R:localhost/127.0.0.1:58326] for GET '/session/6cc8c1e5118ed6a310f15114d133de32/element/37372b60-dcfe-433b-885a-dff6ac312436/name'
16:25:39.187 [AsyncHttpClient-1-2] DEBUG org.asynchttpclient.netty.handler.HttpHandler - 

Request DefaultFullHttpRequest(decodeResult: success, version: HTTP/1.1, content: EmptyByteBufBE)
GET /session/6cc8c1e5118ed6a310f15114d133de32/element/37372b60-dcfe-433b-885a-dff6ac312436/name HTTP/1.1
User-Agent: selenium/4.1.2 (java windows)
Cache-Control: no-cache
Content-Type: application/json; charset=utf-8
host: localhost:58326
accept: */*

Response DefaultHttpResponse(decodeResult: success, version: HTTP/1.1)
HTTP/1.1 200 OK
Content-Type: application/json; charset=utf-8
cache-control: no-cache
content-length: 16

16:25:39.187 [AsyncHttpClient-1-2] DEBUG org.asynchttpclient.netty.channel.ChannelManager - Adding key: http://localhost:58326 for channel [id: 0x9b718e6d, L:/127.0.0.1:60889 - R:localhost/127.0.0.1:58326]
16:25:39.188 [Forwarding findElement on session 6cc8c1e5118ed6a310f15114d133de32 to remote] DEBUG org.asynchttpclient.netty.request.NettyRequestSender - Using pooled Channel '[id: 0x9b718e6d, L:/127.0.0.1:60889 - R:localhost/127.0.0.1:58326]' for 'POST' to 'http://localhost:58326/session/6cc8c1e5118ed6a310f15114d133de32/element'
16:25:39.188 [Forwarding findElement on session 6cc8c1e5118ed6a310f15114d133de32 to remote] DEBUG org.asynchttpclient.netty.request.NettyRequestSender - Using open Channel [id: 0x9b718e6d, L:/127.0.0.1:60889 - R:localhost/127.0.0.1:58326] for POST '/session/6cc8c1e5118ed6a310f15114d133de32/element'
16:25:39.194 [AsyncHttpClient-1-2] DEBUG org.asynchttpclient.netty.handler.HttpHandler - 

Request DefaultHttpRequest(decodeResult: success, version: HTTP/1.1)
POST /session/6cc8c1e5118ed6a310f15114d133de32/element HTTP/1.1
User-Agent: selenium/4.1.2 (java windows)
Content-Length: 81
Content-Type: application/json; charset=utf-8
host: localhost:58326
accept: */*

Response DefaultHttpResponse(decodeResult: success, version: HTTP/1.1)
HTTP/1.1 200 OK
Content-Type: application/json; charset=utf-8
cache-control: no-cache
content-length: 88

16:25:39.195 [AsyncHttpClient-1-2] DEBUG org.asynchttpclient.netty.channel.ChannelManager - Adding key: http://localhost:58326 for channel [id: 0x9b718e6d, L:/127.0.0.1:60889 - R:localhost/127.0.0.1:58326]
16:25:39.196 [Forwarding clickElement on session 6cc8c1e5118ed6a310f15114d133de32 to remote] DEBUG org.asynchttpclient.netty.request.NettyRequestSender - Using pooled Channel '[id: 0x9b718e6d, L:/127.0.0.1:60889 - R:localhost/127.0.0.1:58326]' for 'POST' to 'http://localhost:58326/session/6cc8c1e5118ed6a310f15114d133de32/element/37372b60-dcfe-433b-885a-dff6ac312436/click'
16:25:39.196 [Forwarding clickElement on session 6cc8c1e5118ed6a310f15114d133de32 to remote] DEBUG org.asynchttpclient.netty.request.NettyRequestSender - Using open Channel [id: 0x9b718e6d, L:/127.0.0.1:60889 - R:localhost/127.0.0.1:58326] for POST '/session/6cc8c1e5118ed6a310f15114d133de32/element/37372b60-dcfe-433b-885a-dff6ac312436/click'
16:25:39.473 [AsyncHttpClient-1-1] DEBUG org.asynchttpclient.netty.channel.DefaultChannelPool - Entry count for : http://localhost:60890 : 1
16:25:39.627 [AsyncHttpClient-1-2] DEBUG org.asynchttpclient.netty.handler.HttpHandler - 

Request DefaultHttpRequest(decodeResult: success, version: HTTP/1.1)
POST /session/6cc8c1e5118ed6a310f15114d133de32/element/37372b60-dcfe-433b-885a-dff6ac312436/click HTTP/1.1
User-Agent: selenium/4.1.2 (java windows)
Content-Length: 50
Content-Type: application/json; charset=utf-8
host: localhost:58326
accept: */*

Response DefaultHttpResponse(decodeResult: success, version: HTTP/1.1)
HTTP/1.1 200 OK
Content-Type: application/json; charset=utf-8
cache-control: no-cache
content-length: 14

16:25:39.627 [AsyncHttpClient-1-2] DEBUG org.asynchttpclient.netty.channel.ChannelManager - Adding key: http://localhost:58326 for channel [id: 0x9b718e6d, L:/127.0.0.1:60889 - R:localhost/127.0.0.1:58326]
  &amp#27;[32mThen &amp#27;[0m&amp#27;[32mI click baby on the header&amp#27;[0m &amp#27;[90m# starter.stepdefinitions.BabyStep.iClickBabyOnTheHeader()&amp#27;[0m
16:25:39.641 [Forwarding screenshot on session 6cc8c1e5118ed6a310f15114d133de32 to remote] DEBUG org.asynchttpclient.netty.request.NettyRequestSender - Using pooled Channel '[id: 0x9b718e6d, L:/127.0.0.1:60889 - R:localhost/127.0.0.1:58326]' for 'GET' to 'http://localhost:58326/session/6cc8c1e5118ed6a310f15114d133de32/screenshot'
16:25:39.641 [Forwarding screenshot on session 6cc8c1e5118ed6a310f15114d133de32 to remote] DEBUG org.asynchttpclient.netty.request.NettyRequestSender - Using open Channel [id: 0x9b718e6d, L:/127.0.0.1:60889 - R:localhost/127.0.0.1:58326] for GET '/session/6cc8c1e5118ed6a310f15114d133de32/screenshot'
16:25:39.749 [AsyncHttpClient-1-2] DEBUG org.asynchttpclient.netty.handler.HttpHandler - 

Request DefaultFullHttpRequest(decodeResult: success, version: HTTP/1.1, content: EmptyByteBufBE)
GET /session/6cc8c1e5118ed6a310f15114d133de32/screenshot HTTP/1.1
User-Agent: selenium/4.1.2 (java windows)
Cache-Control: no-cache
Content-Type: application/json; charset=utf-8
host: localhost:58326
accept: */*

Response DefaultHttpResponse(decodeResult: success, version: HTTP/1.1)
HTTP/1.1 200 OK
Content-Type: application/json; charset=utf-8
cache-control: no-cache
content-length: 61816

16:25:39.749 [AsyncHttpClient-1-2] DEBUG org.asynchttpclient.netty.channel.ChannelManager - Adding key: http://localhost:58326 for channel [id: 0x9b718e6d, L:/127.0.0.1:60889 - R:localhost/127.0.0.1:58326]
16:25:39.752 [main] DEBUG net.serenitybdd.core.photography.Darkroom - Send negative for processing for target\site\serenity\5b31d5e614668d2bcda9561786ada5ef763160918f6c9d1435da003ab94fed82.png
16:25:39.759 [Forwarding findElement on session 6cc8c1e5118ed6a310f15114d133de32 to remote] DEBUG org.asynchttpclient.netty.request.NettyRequestSender - Using pooled Channel '[id: 0x9b718e6d, L:/127.0.0.1:60889 - R:localhost/127.0.0.1:58326]' for 'POST' to 'http://localhost:58326/session/6cc8c1e5118ed6a310f15114d133de32/element'
16:25:39.759 [Forwarding findElement on session 6cc8c1e5118ed6a310f15114d133de32 to remote] DEBUG org.asynchttpclient.netty.request.NettyRequestSender - Using open Channel [id: 0x9b718e6d, L:/127.0.0.1:60889 - R:localhost/127.0.0.1:58326] for POST '/session/6cc8c1e5118ed6a310f15114d133de32/element'
16:25:39.771 [AsyncHttpClient-1-2] DEBUG org.asynchttpclient.netty.handler.HttpHandler - 

Request DefaultHttpRequest(decodeResult: success, version: HTTP/1.1)
POST /session/6cc8c1e5118ed6a310f15114d133de32/element HTTP/1.1
User-Agent: selenium/4.1.2 (java windows)
Content-Length: 104
Content-Type: application/json; charset=utf-8
host: localhost:58326
accept: */*

Response DefaultHttpResponse(decodeResult: success, version: HTTP/1.1)
HTTP/1.1 200 OK
Content-Type: application/json; charset=utf-8
cache-control: no-cache
content-length: 88

16:25:39.771 [AsyncHttpClient-1-2] DEBUG org.asynchttpclient.netty.channel.ChannelManager - Adding key: http://localhost:58326 for channel [id: 0x9b718e6d, L:/127.0.0.1:60889 - R:localhost/127.0.0.1:58326]
16:25:39.772 [Forwarding getElementTagName on session 6cc8c1e5118ed6a310f15114d133de32 to remote] DEBUG org.asynchttpclient.netty.request.NettyRequestSender - Using pooled Channel '[id: 0x9b718e6d, L:/127.0.0.1:60889 - R:localhost/127.0.0.1:58326]' for 'GET' to 'http://localhost:58326/session/6cc8c1e5118ed6a310f15114d133de32/element/331c2622-b3c0-4174-8909-7748dfb91fd5/name'
16:25:39.772 [Forwarding getElementTagName on session 6cc8c1e5118ed6a310f15114d133de32 to remote] DEBUG org.asynchttpclient.netty.request.NettyRequestSender - Using open Channel [id: 0x9b718e6d, L:/127.0.0.1:60889 - R:localhost/127.0.0.1:58326] for GET '/session/6cc8c1e5118ed6a310f15114d133de32/element/331c2622-b3c0-4174-8909-7748dfb91fd5/name'
16:25:39.776 [AsyncHttpClient-1-2] DEBUG org.asynchttpclient.netty.handler.HttpHandler - 

Request DefaultFullHttpRequest(decodeResult: success, version: HTTP/1.1, content: EmptyByteBufBE)
GET /session/6cc8c1e5118ed6a310f15114d133de32/element/331c2622-b3c0-4174-8909-7748dfb91fd5/name HTTP/1.1
User-Agent: selenium/4.1.2 (java windows)
Cache-Control: no-cache
Content-Type: application/json; charset=utf-8
host: localhost:58326
accept: */*

Response DefaultHttpResponse(decodeResult: success, version: HTTP/1.1)
HTTP/1.1 200 OK
Content-Type: application/json; charset=utf-8
cache-control: no-cache
content-length: 16

16:25:39.776 [AsyncHttpClient-1-2] DEBUG org.asynchttpclient.netty.channel.ChannelManager - Adding key: http://localhost:58326 for channel [id: 0x9b718e6d, L:/127.0.0.1:60889 - R:localhost/127.0.0.1:58326]
16:25:39.777 [Forwarding getElementTagName on session 6cc8c1e5118ed6a310f15114d133de32 to remote] DEBUG org.asynchttpclient.netty.request.NettyRequestSender - Using pooled Channel '[id: 0x9b718e6d, L:/127.0.0.1:60889 - R:localhost/127.0.0.1:58326]' for 'GET' to 'http://localhost:58326/session/6cc8c1e5118ed6a310f15114d133de32/element/331c2622-b3c0-4174-8909-7748dfb91fd5/name'
16:25:39.777 [Forwarding getElementTagName on session 6cc8c1e5118ed6a310f15114d133de32 to remote] DEBUG org.asynchttpclient.netty.request.NettyRequestSender - Using open Channel [id: 0x9b718e6d, L:/127.0.0.1:60889 - R:localhost/127.0.0.1:58326] for GET '/session/6cc8c1e5118ed6a310f15114d133de32/element/331c2622-b3c0-4174-8909-7748dfb91fd5/name'
16:25:39.780 [AsyncHttpClient-1-2] DEBUG org.asynchttpclient.netty.handler.HttpHandler - 

Request DefaultFullHttpRequest(decodeResult: success, version: HTTP/1.1, content: EmptyByteBufBE)
GET /session/6cc8c1e5118ed6a310f15114d133de32/element/331c2622-b3c0-4174-8909-7748dfb91fd5/name HTTP/1.1
User-Agent: selenium/4.1.2 (java windows)
Cache-Control: no-cache
Content-Type: application/json; charset=utf-8
host: localhost:58326
accept: */*

Response DefaultHttpResponse(decodeResult: success, version: HTTP/1.1)
HTTP/1.1 200 OK
Content-Type: application/json; charset=utf-8
cache-control: no-cache
content-length: 16

16:25:39.780 [AsyncHttpClient-1-2] DEBUG org.asynchttpclient.netty.channel.ChannelManager - Adding key: http://localhost:58326 for channel [id: 0x9b718e6d, L:/127.0.0.1:60889 - R:localhost/127.0.0.1:58326]
16:25:39.782 [Forwarding findElement on session 6cc8c1e5118ed6a310f15114d133de32 to remote] DEBUG org.asynchttpclient.netty.request.NettyRequestSender - Using pooled Channel '[id: 0x9b718e6d, L:/127.0.0.1:60889 - R:localhost/127.0.0.1:58326]' for 'POST' to 'http://localhost:58326/session/6cc8c1e5118ed6a310f15114d133de32/element'
16:25:39.782 [Forwarding findElement on session 6cc8c1e5118ed6a310f15114d133de32 to remote] DEBUG org.asynchttpclient.netty.request.NettyRequestSender - Using open Channel [id: 0x9b718e6d, L:/127.0.0.1:60889 - R:localhost/127.0.0.1:58326] for POST '/session/6cc8c1e5118ed6a310f15114d133de32/element'
16:25:39.790 [AsyncHttpClient-1-2] DEBUG org.asynchttpclient.netty.handler.HttpHandler - 

Request DefaultHttpRequest(decodeResult: success, version: HTTP/1.1)
POST /session/6cc8c1e5118ed6a310f15114d133de32/element HTTP/1.1
User-Agent: selenium/4.1.2 (java windows)
Content-Length: 104
Content-Type: application/json; charset=utf-8
host: localhost:58326
accept: */*

Response DefaultHttpResponse(decodeResult: success, version: HTTP/1.1)
HTTP/1.1 200 OK
Content-Type: application/json; charset=utf-8
cache-control: no-cache
content-length: 88

16:25:39.790 [AsyncHttpClient-1-2] DEBUG org.asynchttpclient.netty.channel.ChannelManager - Adding key: http://localhost:58326 for channel [id: 0x9b718e6d, L:/127.0.0.1:60889 - R:localhost/127.0.0.1:58326]
16:25:39.791 [Forwarding clickElement on session 6cc8c1e5118ed6a310f15114d133de32 to remote] DEBUG org.asynchttpclient.netty.request.NettyRequestSender - Using pooled Channel '[id: 0x9b718e6d, L:/127.0.0.1:60889 - R:localhost/127.0.0.1:58326]' for 'POST' to 'http://localhost:58326/session/6cc8c1e5118ed6a310f15114d133de32/element/331c2622-b3c0-4174-8909-7748dfb91fd5/click'
16:25:39.791 [Forwarding clickElement on session 6cc8c1e5118ed6a310f15114d133de32 to remote] DEBUG org.asynchttpclient.netty.request.NettyRequestSender - Using open Channel [id: 0x9b718e6d, L:/127.0.0.1:60889 - R:localhost/127.0.0.1:58326] for POST '/session/6cc8c1e5118ed6a310f15114d133de32/element/331c2622-b3c0-4174-8909-7748dfb91fd5/click'
16:25:39.943 [AsyncHttpClient-1-2] DEBUG org.asynchttpclient.netty.handler.HttpHandler - 

Request DefaultHttpRequest(decodeResult: success, version: HTTP/1.1)
POST /session/6cc8c1e5118ed6a310f15114d133de32/element/331c2622-b3c0-4174-8909-7748dfb91fd5/click HTTP/1.1
User-Agent: selenium/4.1.2 (java windows)
Content-Length: 50
Content-Type: application/json; charset=utf-8
host: localhost:58326
accept: */*

Response DefaultHttpResponse(decodeResult: success, version: HTTP/1.1)
HTTP/1.1 200 OK
Content-Type: application/json; charset=utf-8
cache-control: no-cache
content-length: 14

16:25:39.943 [AsyncHttpClient-1-2] DEBUG org.asynchttpclient.netty.channel.ChannelManager - Adding key: http://localhost:58326 for channel [id: 0x9b718e6d, L:/127.0.0.1:60889 - R:localhost/127.0.0.1:58326]
  &amp#27;[32mWhen &amp#27;[0m&amp#27;[32mI will go to &amp#27;[0m&amp#27;[32m&amp#27;[1m"luaran2"&amp#27;[0m     &amp#27;[90m# starter.stepdefinitions.BabyStep.iWillGoTo(java.lang.String)&amp#27;[0m
16:25:39.950 [Forwarding screenshot on session 6cc8c1e5118ed6a310f15114d133de32 to remote] DEBUG org.asynchttpclient.netty.request.NettyRequestSender - Using pooled Channel '[id: 0x9b718e6d, L:/127.0.0.1:60889 - R:localhost/127.0.0.1:58326]' for 'GET' to 'http://localhost:58326/session/6cc8c1e5118ed6a310f15114d133de32/screenshot'
16:25:39.950 [Forwarding screenshot on session 6cc8c1e5118ed6a310f15114d133de32 to remote] DEBUG org.asynchttpclient.netty.request.NettyRequestSender - Using open Channel [id: 0x9b718e6d, L:/127.0.0.1:60889 - R:localhost/127.0.0.1:58326] for GET '/session/6cc8c1e5118ed6a310f15114d133de32/screenshot'
16:25:40.263 [AsyncHttpClient-1-2] DEBUG org.asynchttpclient.netty.handler.HttpHandler - 

Request DefaultFullHttpRequest(decodeResult: success, version: HTTP/1.1, content: EmptyByteBufBE)
GET /session/6cc8c1e5118ed6a310f15114d133de32/screenshot HTTP/1.1
User-Agent: selenium/4.1.2 (java windows)
Cache-Control: no-cache
Content-Type: application/json; charset=utf-8
host: localhost:58326
accept: */*

Response DefaultHttpResponse(decodeResult: success, version: HTTP/1.1)
HTTP/1.1 200 OK
Content-Type: application/json; charset=utf-8
cache-control: no-cache
content-length: 89600

16:25:40.263 [AsyncHttpClient-1-2] DEBUG org.asynchttpclient.netty.channel.ChannelManager - Adding key: http://localhost:58326 for channel [id: 0x9b718e6d, L:/127.0.0.1:60889 - R:localhost/127.0.0.1:58326]
16:25:40.267 [main] DEBUG net.serenitybdd.core.photography.Darkroom - Send negative for processing for target\site\serenity\dec15c311718c533d62d6003209ad3203feec9afe6422e7b2f14b9035107a4eb.png
16:25:40.268 [Darkroom Processing Line] DEBUG net.serenitybdd.core.photography.DarkroomProcessingLine - Processing screenshot image in /var/screenshots/screenshot-3285112438264637885
16:25:40.268 [Darkroom Processing Line] DEBUG net.serenitybdd.core.photography.DarkroomProcessingLine - Saving screenshot to target\site\serenity\dec15c311718c533d62d6003209ad3203feec9afe6422e7b2f14b9035107a4eb.png
16:25:40.277 [Forwarding findElement on session 6cc8c1e5118ed6a310f15114d133de32 to remote] DEBUG org.asynchttpclient.netty.request.NettyRequestSender - Using pooled Channel '[id: 0x9b718e6d, L:/127.0.0.1:60889 - R:localhost/127.0.0.1:58326]' for 'POST' to 'http://localhost:58326/session/6cc8c1e5118ed6a310f15114d133de32/element'
16:25:40.277 [Forwarding findElement on session 6cc8c1e5118ed6a310f15114d133de32 to remote] DEBUG org.asynchttpclient.netty.request.NettyRequestSender - Using open Channel [id: 0x9b718e6d, L:/127.0.0.1:60889 - R:localhost/127.0.0.1:58326] for POST '/session/6cc8c1e5118ed6a310f15114d133de32/element'
16:25:40.566 [AsyncHttpClient-1-1] DEBUG org.asynchttpclient.netty.channel.DefaultChannelPool - Entry count for : http://localhost:60890 : 1
16:25:40.642 [AsyncHttpClient-1-2] DEBUG org.asynchttpclient.netty.handler.HttpHandler - 

Request DefaultHttpRequest(decodeResult: success, version: HTTP/1.1)
POST /session/6cc8c1e5118ed6a310f15114d133de32/element HTTP/1.1
User-Agent: selenium/4.1.2 (java windows)
Content-Length: 89
Content-Type: application/json; charset=utf-8
host: localhost:58326
accept: */*

Response DefaultHttpResponse(decodeResult: success, version: HTTP/1.1)
HTTP/1.1 200 OK
Content-Type: application/json; charset=utf-8
cache-control: no-cache
content-length: 88

16:25:40.642 [AsyncHttpClient-1-2] DEBUG org.asynchttpclient.netty.channel.ChannelManager - Adding key: http://localhost:58326 for channel [id: 0x9b718e6d, L:/127.0.0.1:60889 - R:localhost/127.0.0.1:58326]
16:25:40.645 [Forwarding isElementDisplayed on session 6cc8c1e5118ed6a310f15114d133de32 to remote] DEBUG org.asynchttpclient.netty.request.NettyRequestSender - Using pooled Channel '[id: 0x9b718e6d, L:/127.0.0.1:60889 - R:localhost/127.0.0.1:58326]' for 'POST' to 'http://localhost:58326/session/6cc8c1e5118ed6a310f15114d133de32/execute/sync'
16:25:40.645 [Forwarding isElementDisplayed on session 6cc8c1e5118ed6a310f15114d133de32 to remote] DEBUG org.asynchttpclient.netty.request.NettyRequestSender - Using open Channel [id: 0x9b718e6d, L:/127.0.0.1:60889 - R:localhost/127.0.0.1:58326] for POST '/session/6cc8c1e5118ed6a310f15114d133de32/execute/sync'
16:25:40.664 [AsyncHttpClient-1-2] DEBUG org.asynchttpclient.netty.handler.HttpHandler - 

Request DefaultHttpRequest(decodeResult: success, version: HTTP/1.1)
POST /session/6cc8c1e5118ed6a310f15114d133de32/execute/sync HTTP/1.1
User-Agent: selenium/4.1.2 (java windows)
Content-Length: 48780
Content-Type: application/json; charset=utf-8
host: localhost:58326
accept: */*

Response DefaultHttpResponse(decodeResult: success, version: HTTP/1.1)
HTTP/1.1 200 OK
Content-Type: application/json; charset=utf-8
cache-control: no-cache
content-length: 14

16:25:40.664 [AsyncHttpClient-1-2] DEBUG org.asynchttpclient.netty.channel.ChannelManager - Adding key: http://localhost:58326 for channel [id: 0x9b718e6d, L:/127.0.0.1:60889 - R:localhost/127.0.0.1:58326]
  &amp#27;[32mAnd &amp#27;[0m&amp#27;[32mI &amp#27;[0m&amp#27;[32m&amp#27;[1m"txtLuaran2"&amp#27;[0m&amp#27;[32m page&amp#27;[0m         &amp#27;[90m# starter.stepdefinitions.BabyStep.iPage(java.lang.String)&amp#27;[0m
16:25:40.668 [Forwarding screenshot on session 6cc8c1e5118ed6a310f15114d133de32 to remote] DEBUG org.asynchttpclient.netty.request.NettyRequestSender - Using pooled Channel '[id: 0x9b718e6d, L:/127.0.0.1:60889 - R:localhost/127.0.0.1:58326]' for 'GET' to 'http://localhost:58326/session/6cc8c1e5118ed6a310f15114d133de32/screenshot'
16:25:40.668 [Forwarding screenshot on session 6cc8c1e5118ed6a310f15114d133de32 to remote] DEBUG org.asynchttpclient.netty.request.NettyRequestSender - Using open Channel [id: 0x9b718e6d, L:/127.0.0.1:60889 - R:localhost/127.0.0.1:58326] for GET '/session/6cc8c1e5118ed6a310f15114d133de32/screenshot'
16:25:40.825 [AsyncHttpClient-1-2] DEBUG org.asynchttpclient.netty.handler.HttpHandler - 

Request DefaultFullHttpRequest(decodeResult: success, version: HTTP/1.1, content: EmptyByteBufBE)
GET /session/6cc8c1e5118ed6a310f15114d133de32/screenshot HTTP/1.1
User-Agent: selenium/4.1.2 (java windows)
Cache-Control: no-cache
Content-Type: application/json; charset=utf-8
host: localhost:58326
accept: */*

Response DefaultHttpResponse(decodeResult: success, version: HTTP/1.1)
HTTP/1.1 200 OK
Content-Type: application/json; charset=utf-8
cache-control: no-cache
content-length: 54648

16:25:40.825 [AsyncHttpClient-1-2] DEBUG org.asynchttpclient.netty.channel.ChannelManager - Adding key: http://localhost:58326 for channel [id: 0x9b718e6d, L:/127.0.0.1:60889 - R:localhost/127.0.0.1:58326]
16:25:40.827 [main] DEBUG net.serenitybdd.core.photography.Darkroom - Send negative for processing for target\site\serenity\4819787d4b199e2365f0b2ec6c97b3b10762eb9db84bd1b9d3040aa2ee41db3b.png
16:25:40.828 [Darkroom Processing Line] DEBUG net.serenitybdd.core.photography.DarkroomProcessingLine - Processing screenshot image in /var/screenshots/screenshot-15345094189022243314
16:25:40.828 [Darkroom Processing Line] DEBUG net.serenitybdd.core.photography.DarkroomProcessingLine - Saving screenshot to target\site\serenity\4819787d4b199e2365f0b2ec6c97b3b10762eb9db84bd1b9d3040aa2ee41db3b.png
16:25:40.835 [AsyncHttpClient-1-4] DEBUG org.asynchttpclient.netty.handler.WebSocketHandler - Channel Closed: [id: 0xe182b4fa, L:/127.0.0.1:60898 ! R:localhost/127.0.0.1:60890] with attribute NettyResponseFuture{currentRetry=5,
	isDone=1,
	isCancelled=0,
	asyncHandler=org.asynchttpclient.ws.WebSocketUpgradeHandler@6dc82bb1,
	nettyRequest=org.asynchttpclient.netty.request.NettyRequest@50c635f9,
	future=java.util.concurrent.CompletableFuture@21182473[Completed normally],
	uri=ws://localhost:60890/devtools/browser/e599a7eb-51fa-4c92-b750-a0910dd784ea,
	keepAlive=true,
	redirectCount=0,
	timeoutsHolder=null,
	inAuth=0,
	touch=1680859524061}
16:25:40.835 [AsyncHttpClient-1-4] DEBUG org.asynchttpclient.netty.channel.ChannelManager - Closing Channel [id: 0xe182b4fa, L:/127.0.0.1:60898 ! R:localhost/127.0.0.1:60890] 
16:25:40.835 [Driver Command Executor] DEBUG org.asynchttpclient.netty.request.NettyRequestSender - Using pooled Channel '[id: 0x9b718e6d, L:/127.0.0.1:60889 - R:localhost/127.0.0.1:58326]' for 'DELETE' to 'http://localhost:58326/session/6cc8c1e5118ed6a310f15114d133de32'
16:25:40.835 [Driver Command Executor] DEBUG org.asynchttpclient.netty.request.NettyRequestSender - Using open Channel [id: 0x9b718e6d, L:/127.0.0.1:60889 - R:localhost/127.0.0.1:58326] for DELETE '/session/6cc8c1e5118ed6a310f15114d133de32'
16:25:40.858 [AsyncHttpClient-1-3] DEBUG org.asynchttpclient.netty.handler.HttpHandler - Unexpected I/O exception on channel [id: 0x454b69f9, L:/127.0.0.1:60897 - R:localhost/127.0.0.1:60890]
java.net.SocketException: Connection reset
	at java.base/sun.nio.ch.SocketChannelImpl.throwConnectionReset(SocketChannelImpl.java:345)
	at java.base/sun.nio.ch.SocketChannelImpl.read(SocketChannelImpl.java:376)
	at io.netty.buffer.PooledByteBuf.setBytes(PooledByteBuf.java:258)
	at io.netty.buffer.AbstractByteBuf.writeBytes(AbstractByteBuf.java:1132)
	at io.netty.channel.socket.nio.NioSocketChannel.doReadBytes(NioSocketChannel.java:350)
	at io.netty.channel.nio.AbstractNioByteChannel$NioByteUnsafe.read(AbstractNioByteChannel.java:151)
	at io.netty.channel.nio.NioEventLoop.processSelectedKey(NioEventLoop.java:722)
	at io.netty.channel.nio.NioEventLoop.processSelectedKeysOptimized(NioEventLoop.java:658)
	at io.netty.channel.nio.NioEventLoop.processSelectedKeys(NioEventLoop.java:584)
	at io.netty.channel.nio.NioEventLoop.run(NioEventLoop.java:496)
	at io.netty.util.concurrent.SingleThreadEventExecutor$4.run(SingleThreadEventExecutor.java:986)
	at io.netty.util.internal.ThreadExecutorMap$2.run(ThreadExecutorMap.java:74)
	at io.netty.util.concurrent.FastThreadLocalRunnable.run(FastThreadLocalRunnable.java:30)
	at java.base/java.lang.Thread.run(Thread.java:830)
16:25:40.858 [AsyncHttpClient-1-3] DEBUG org.asynchttpclient.netty.channel.ChannelManager - Closing Channel [id: 0x454b69f9, L:/127.0.0.1:60897 - R:localhost/127.0.0.1:60890] 
16:25:40.858 [AsyncHttpClient-1-3] DEBUG org.asynchttpclient.netty.handler.HttpHandler - Channel Closed: [id: 0x454b69f9, L:/127.0.0.1:60897 ! R:localhost/127.0.0.1:60890] with attribute DISCARD
16:25:40.875 [AsyncHttpClient-1-2] DEBUG org.asynchttpclient.netty.handler.HttpHandler - 

Request DefaultFullHttpRequest(decodeResult: success, version: HTTP/1.1, content: EmptyByteBufBE)
DELETE /session/6cc8c1e5118ed6a310f15114d133de32 HTTP/1.1
User-Agent: selenium/4.1.2 (java windows)
Content-Type: application/json; charset=utf-8
host: localhost:58326
accept: */*

Response DefaultHttpResponse(decodeResult: success, version: HTTP/1.1)
HTTP/1.1 200 OK
Content-Type: application/json; charset=utf-8
cache-control: no-cache
content-length: 14

16:25:40.875 [AsyncHttpClient-1-2] DEBUG org.asynchttpclient.netty.channel.ChannelManager - Adding key: http://localhost:58326 for channel [id: 0x9b718e6d, L:/127.0.0.1:60889 - R:localhost/127.0.0.1:58326]
16:25:40.987 [AsyncHttpClient-1-2] DEBUG org.asynchttpclient.netty.handler.HttpHandler - Channel Closed: [id: 0x9b718e6d, L:/127.0.0.1:60889 ! R:localhost/127.0.0.1:58326] with attribute DISCARD
]]></system-out>
    <system-err><![CDATA[Starting Microsoft Edge WebDriver 111.0.1661.62 (0a8f453929e6410c973aa529a40485ce4e3e03db) on port 58326
To submit feedback, report a bug, or suggest new features, please visit https://github.com/MicrosoftEdge/EdgeWebDriver

Only local connections are allowed.
Please see https://aka.ms/WebDriverSecurity for suggestions on keeping Microsoft Edge WebDriver safe.

Microsoft Edge WebDriver was started successfully.
Apr 07, 2023 4:25:24 PM org.openqa.selenium.remote.ProtocolHandshake createSession
INFO: Detected dialect: W3C
Apr 07, 2023 4:25:24 PM org.openqa.selenium.devtools.CdpVersionFinder findNearestMatch
WARNING: Unable to find an exact match for CDP version 111, so returning the closest version found: a no-op implementation
Apr 07, 2023 4:25:24 PM org.openqa.selenium.devtools.CdpVersionFinder findNearestMatch
INFO: Unable to find CDP implementation matching 111.
Apr 07, 2023 4:25:24 PM org.openqa.selenium.chromium.ChromiumDriver lambda$new$3
WARNING: Unable to find version of CDP to use for . You may need to include a dependency on a specific version of the CDP using something similar to `org.seleniumhq.selenium:selenium-devtools-v86:4.1.2` where the version ("v86") matches the version of the chromium-based browser you're using and the version number of the artifact is the same as Selenium's.
]]></system-err>
  </testcase>
  <testcase name="Fitur Menu Baby #18" classname="Baby" time="13.03">
    <system-out><![CDATA[
Scenario Outline: Fitur Menu Baby &amp#27;[90m# src/test/resources/features/Baby.feature:30&amp#27;[0m
16:25:41.587 [main] INFO io.cucumber.core.plugin.SerenityReporter - Running feature from file:///C:/Users/alwi/IdeaProjects/uniqloweb/src/test/resources/features/Baby.feature
16:25:41.673 [AsyncHttpClient-1-1] DEBUG org.asynchttpclient.netty.channel.DefaultChannelPool - Entry count for : http://localhost:58326 : 1
16:25:41.673 [AsyncHttpClient-1-1] DEBUG org.asynchttpclient.netty.channel.DefaultChannelPool - Entry count for : http://localhost:60890 : 1
16:25:41.673 [AsyncHttpClient-1-1] DEBUG org.asynchttpclient.netty.channel.DefaultChannelPool - Adding Candidate expired Channel [id: 0x9b718e6d, L:/127.0.0.1:60889 ! R:localhost/127.0.0.1:58326] isIdleTimeoutExpired=false isRemotelyClosed=true isTtlExpired=false
16:25:41.673 [AsyncHttpClient-1-1] DEBUG org.asynchttpclient.netty.channel.DefaultChannelPool - Closing Idle Channel [id: 0x9b718e6d, L:/127.0.0.1:60889 ! R:localhost/127.0.0.1:58326]
16:25:41.674 [AsyncHttpClient-1-1] DEBUG org.asynchttpclient.netty.channel.DefaultChannelPool - Adding Candidate expired Channel [id: 0x454b69f9, L:/127.0.0.1:60897 ! R:localhost/127.0.0.1:60890] isIdleTimeoutExpired=false isRemotelyClosed=true isTtlExpired=false
16:25:41.674 [AsyncHttpClient-1-1] DEBUG org.asynchttpclient.netty.channel.DefaultChannelPool - Closing Idle Channel [id: 0x454b69f9, L:/127.0.0.1:60897 ! R:localhost/127.0.0.1:60890]
16:25:41.674 [AsyncHttpClient-1-1] DEBUG org.asynchttpclient.netty.channel.DefaultChannelPool - Closed 2 connections out of 2 in 1 ms
16:25:41.729 [main] DEBUG io.github.bonigarcia.wdm.cache.ResolutionCache - Resolution edge=111 in cache (valid until 17:21:26 07/04/2023 WIB)
16:25:41.731 [main] DEBUG io.github.bonigarcia.wdm.cache.ResolutionCache - Resolution edge111=111.0.1661.62 in cache (valid until 15:02:35 08/04/2023 WIB)
16:25:41.733 [main] INFO io.github.bonigarcia.wdm.WebDriverManager - Using msedgedriver 111.0.1661.62 (resolved driver for Edge 111)
16:25:41.743 [main] DEBUG io.github.bonigarcia.wdm.WebDriverManager - Driver msedgedriver 111.0.1661.62 found in cache
16:25:41.744 [main] INFO io.github.bonigarcia.wdm.WebDriverManager - Exporting webdriver.edge.driver as C:\Users\alwi\.cache\selenium\msedgedriver\win64\111.0.1661.62\msedgedriver.exe
16:25:41.745 [main] DEBUG net.serenitybdd.core.webdriver.driverproviders.ProvideNewDriver - Instantiating driver
16:25:41.745 [main] DEBUG net.serenitybdd.core.webdriver.driverproviders.ProvideNewDriver - Driver capabilities: Capabilities {base.url: https://www.uniqlo.com, chrome.driver: src/test/resources/webdrive..., driver: edge, ms:edgeChromium: true, ms:edgeOptions: {}, wait.for.timeout: 6000}
16:25:42.285 [AsyncHttpClient-1-5] DEBUG org.asynchttpclient.netty.channel.NettyConnectListener - Using new Channel '[id: 0x5ef9f483, L:/127.0.0.1:61048 - R:localhost/127.0.0.1:59036]' for 'POST' to '/session'
16:25:42.905 [AsyncHttpClient-1-5] DEBUG org.asynchttpclient.netty.handler.HttpHandler - 

Request DefaultHttpRequest(decodeResult: success, version: HTTP/1.1)
POST /session HTTP/1.1
User-Agent: selenium/4.1.2 (java windows)
Content-Length: 627
Content-Type: application/json; charset=utf-8
host: localhost:59036
accept: */*

Response DefaultHttpResponse(decodeResult: success, version: HTTP/1.1)
HTTP/1.1 200 OK
Content-Type: application/json; charset=utf-8
cache-control: no-cache
content-length: 823

16:25:42.906 [AsyncHttpClient-1-5] DEBUG org.asynchttpclient.netty.channel.ChannelManager - Adding key: http://localhost:59036 for channel [id: 0x5ef9f483, L:/127.0.0.1:61048 - R:localhost/127.0.0.1:59036]
16:25:42.911 [AsyncHttpClient-1-6] DEBUG org.asynchttpclient.netty.channel.NettyConnectListener - Using new Channel '[id: 0xf9e1c7f3, L:/127.0.0.1:61055 - R:localhost/127.0.0.1:61049]' for 'GET' to '/json/version'
16:25:42.911 [AsyncHttpClient-1-6] DEBUG org.asynchttpclient.netty.handler.HttpHandler - 

Request DefaultFullHttpRequest(decodeResult: success, version: HTTP/1.1, content: EmptyByteBufBE)
GET /json/version HTTP/1.1
User-Agent: selenium/4.1.2 (java windows)
host: localhost:61049
accept: */*

Response DefaultHttpResponse(decodeResult: success, version: HTTP/1.1)
HTTP/1.1 200 OK
Content-Security-Policy: frame-ancestors 'none'
Content-Type: application/json; charset=UTF-8
content-length: 436

16:25:42.911 [AsyncHttpClient-1-6] DEBUG org.asynchttpclient.netty.channel.ChannelManager - Adding key: http://localhost:61049 for channel [id: 0xf9e1c7f3, L:/127.0.0.1:61055 - R:localhost/127.0.0.1:61049]
16:25:42.913 [AsyncHttpClient-1-7] DEBUG org.asynchttpclient.netty.channel.NettyConnectListener - Using new Channel '[id: 0x96b18647, L:/127.0.0.1:61056 - R:localhost/127.0.0.1:61049]' for 'GET' to '/devtools/browser/ded33dd2-70f5-4c14-8307-5e5a4effdd26'
16:25:42.914 [AsyncHttpClient-1-7] DEBUG org.asynchttpclient.netty.handler.WebSocketHandler - 

Request DefaultFullHttpRequest(decodeResult: success, version: HTTP/1.1, content: EmptyByteBufBE)
GET /devtools/browser/ded33dd2-70f5-4c14-8307-5e5a4effdd26 HTTP/1.1
upgrade: websocket
connection: upgrade
sec-websocket-key: qS+/UCsX+UoWNY6KvgiLfw==
sec-websocket-version: 13
origin: http://localhost:61049
host: localhost:61049
accept: */*
user-agent: AHC/2.1

Response DefaultHttpResponse(decodeResult: success, version: HTTP/1.1)
HTTP/1.1 101 WebSocket Protocol Handshake
Upgrade: WebSocket
Connection: Upgrade
Sec-WebSocket-Accept: cU5YorUYNuJpNMXrwmVnWjqLwJs=

16:25:42.916 [Forwarding get on session 962c591ffa7662f4cf23f8a727c99498 to remote] DEBUG org.asynchttpclient.netty.request.NettyRequestSender - Using pooled Channel '[id: 0x5ef9f483, L:/127.0.0.1:61048 - R:localhost/127.0.0.1:59036]' for 'POST' to 'http://localhost:59036/session/962c591ffa7662f4cf23f8a727c99498/url'
16:25:42.916 [Forwarding get on session 962c591ffa7662f4cf23f8a727c99498 to remote] DEBUG org.asynchttpclient.netty.request.NettyRequestSender - Using open Channel [id: 0x5ef9f483, L:/127.0.0.1:61048 - R:localhost/127.0.0.1:59036] for POST '/session/962c591ffa7662f4cf23f8a727c99498/url'
16:25:43.873 [AsyncHttpClient-1-1] DEBUG org.asynchttpclient.netty.channel.DefaultChannelPool - Entry count for : http://localhost:61049 : 1
16:25:44.967 [AsyncHttpClient-1-1] DEBUG org.asynchttpclient.netty.channel.DefaultChannelPool - Entry count for : http://localhost:61049 : 1
16:25:46.071 [AsyncHttpClient-1-1] DEBUG org.asynchttpclient.netty.channel.DefaultChannelPool - Entry count for : http://localhost:61049 : 1
16:25:47.165 [AsyncHttpClient-1-1] DEBUG org.asynchttpclient.netty.channel.DefaultChannelPool - Entry count for : http://localhost:61049 : 1
16:25:48.270 [AsyncHttpClient-1-1] DEBUG org.asynchttpclient.netty.channel.DefaultChannelPool - Entry count for : http://localhost:61049 : 1
16:25:49.373 [AsyncHttpClient-1-1] DEBUG org.asynchttpclient.netty.channel.DefaultChannelPool - Entry count for : http://localhost:61049 : 1
16:25:50.465 [AsyncHttpClient-1-1] DEBUG org.asynchttpclient.netty.channel.DefaultChannelPool - Entry count for : http://localhost:61049 : 1
16:25:51.191 [AsyncHttpClient-1-5] DEBUG org.asynchttpclient.netty.handler.HttpHandler - 

Request DefaultHttpRequest(decodeResult: success, version: HTTP/1.1)
POST /session/962c591ffa7662f4cf23f8a727c99498/url HTTP/1.1
User-Agent: selenium/4.1.2 (java windows)
Content-Length: 53
Content-Type: application/json; charset=utf-8
host: localhost:59036
accept: */*

Response DefaultHttpResponse(decodeResult: success, version: HTTP/1.1)
HTTP/1.1 200 OK
Content-Type: application/json; charset=utf-8
cache-control: no-cache
content-length: 14

16:25:51.191 [AsyncHttpClient-1-5] DEBUG org.asynchttpclient.netty.channel.ChannelManager - Adding key: http://localhost:59036 for channel [id: 0x5ef9f483, L:/127.0.0.1:61048 - R:localhost/127.0.0.1:59036]
16:25:51.192 [Forwarding setTimeout on session 962c591ffa7662f4cf23f8a727c99498 to remote] DEBUG org.asynchttpclient.netty.request.NettyRequestSender - Using pooled Channel '[id: 0x5ef9f483, L:/127.0.0.1:61048 - R:localhost/127.0.0.1:59036]' for 'POST' to 'http://localhost:59036/session/962c591ffa7662f4cf23f8a727c99498/timeouts'
16:25:51.192 [Forwarding setTimeout on session 962c591ffa7662f4cf23f8a727c99498 to remote] DEBUG org.asynchttpclient.netty.request.NettyRequestSender - Using open Channel [id: 0x5ef9f483, L:/127.0.0.1:61048 - R:localhost/127.0.0.1:59036] for POST '/session/962c591ffa7662f4cf23f8a727c99498/timeouts'
16:25:51.193 [AsyncHttpClient-1-5] DEBUG org.asynchttpclient.netty.handler.HttpHandler - 

Request DefaultHttpRequest(decodeResult: success, version: HTTP/1.1)
POST /session/962c591ffa7662f4cf23f8a727c99498/timeouts HTTP/1.1
User-Agent: selenium/4.1.2 (java windows)
Content-Length: 22
Content-Type: application/json; charset=utf-8
host: localhost:59036
accept: */*

Response DefaultHttpResponse(decodeResult: success, version: HTTP/1.1)
HTTP/1.1 200 OK
Content-Type: application/json; charset=utf-8
cache-control: no-cache
content-length: 14

16:25:51.194 [AsyncHttpClient-1-5] DEBUG org.asynchttpclient.netty.channel.ChannelManager - Adding key: http://localhost:59036 for channel [id: 0x5ef9f483, L:/127.0.0.1:61048 - R:localhost/127.0.0.1:59036]
16:25:51.198 [Forwarding getCurrentUrl on session 962c591ffa7662f4cf23f8a727c99498 to remote] DEBUG org.asynchttpclient.netty.request.NettyRequestSender - Using pooled Channel '[id: 0x5ef9f483, L:/127.0.0.1:61048 - R:localhost/127.0.0.1:59036]' for 'GET' to 'http://localhost:59036/session/962c591ffa7662f4cf23f8a727c99498/url'
16:25:51.198 [Forwarding getCurrentUrl on session 962c591ffa7662f4cf23f8a727c99498 to remote] DEBUG org.asynchttpclient.netty.request.NettyRequestSender - Using open Channel [id: 0x5ef9f483, L:/127.0.0.1:61048 - R:localhost/127.0.0.1:59036] for GET '/session/962c591ffa7662f4cf23f8a727c99498/url'
16:25:51.202 [AsyncHttpClient-1-5] DEBUG org.asynchttpclient.netty.handler.HttpHandler - 

Request DefaultFullHttpRequest(decodeResult: success, version: HTTP/1.1, content: EmptyByteBufBE)
GET /session/962c591ffa7662f4cf23f8a727c99498/url HTTP/1.1
User-Agent: selenium/4.1.2 (java windows)
Cache-Control: no-cache
Content-Type: application/json; charset=utf-8
host: localhost:59036
accept: */*

Response DefaultHttpResponse(decodeResult: success, version: HTTP/1.1)
HTTP/1.1 200 OK
Content-Type: application/json; charset=utf-8
cache-control: no-cache
content-length: 41

16:25:51.202 [AsyncHttpClient-1-5] DEBUG org.asynchttpclient.netty.channel.ChannelManager - Adding key: http://localhost:59036 for channel [id: 0x5ef9f483, L:/127.0.0.1:61048 - R:localhost/127.0.0.1:59036]
  &amp#27;[32mGiven &amp#27;[0m&amp#27;[32mI am on the home page&amp#27;[0m     &amp#27;[90m# starter.stepdefinitions.BabyStep.iAmOnTheHomePage()&amp#27;[0m
16:25:51.211 [Forwarding screenshot on session 962c591ffa7662f4cf23f8a727c99498 to remote] DEBUG org.asynchttpclient.netty.request.NettyRequestSender - Using pooled Channel '[id: 0x5ef9f483, L:/127.0.0.1:61048 - R:localhost/127.0.0.1:59036]' for 'GET' to 'http://localhost:59036/session/962c591ffa7662f4cf23f8a727c99498/screenshot'
16:25:51.211 [Forwarding screenshot on session 962c591ffa7662f4cf23f8a727c99498 to remote] DEBUG org.asynchttpclient.netty.request.NettyRequestSender - Using open Channel [id: 0x5ef9f483, L:/127.0.0.1:61048 - R:localhost/127.0.0.1:59036] for GET '/session/962c591ffa7662f4cf23f8a727c99498/screenshot'
16:25:51.543 [AsyncHttpClient-1-5] DEBUG org.asynchttpclient.netty.handler.HttpHandler - 

Request DefaultFullHttpRequest(decodeResult: success, version: HTTP/1.1, content: EmptyByteBufBE)
GET /session/962c591ffa7662f4cf23f8a727c99498/screenshot HTTP/1.1
User-Agent: selenium/4.1.2 (java windows)
Cache-Control: no-cache
Content-Type: application/json; charset=utf-8
host: localhost:59036
accept: */*

Response DefaultHttpResponse(decodeResult: success, version: HTTP/1.1)
HTTP/1.1 200 OK
Content-Type: application/json; charset=utf-8
cache-control: no-cache
content-length: 1022316

16:25:51.545 [AsyncHttpClient-1-5] DEBUG org.asynchttpclient.netty.channel.ChannelManager - Adding key: http://localhost:59036 for channel [id: 0x5ef9f483, L:/127.0.0.1:61048 - R:localhost/127.0.0.1:59036]
16:25:51.566 [AsyncHttpClient-1-1] DEBUG org.asynchttpclient.netty.channel.DefaultChannelPool - Entry count for : http://localhost:59036 : 1
16:25:51.566 [AsyncHttpClient-1-1] DEBUG org.asynchttpclient.netty.channel.DefaultChannelPool - Entry count for : http://localhost:61049 : 1
16:25:51.577 [main] DEBUG net.serenitybdd.core.photography.Darkroom - Send negative for processing for target\site\serenity\b0ddf3608b8f51a6a3adc36e4acd901b7a2c5b7adc6fd42a924a7c7a6358c0ea.png
16:25:51.588 [Forwarding findElement on session 962c591ffa7662f4cf23f8a727c99498 to remote] DEBUG org.asynchttpclient.netty.request.NettyRequestSender - Using pooled Channel '[id: 0x5ef9f483, L:/127.0.0.1:61048 - R:localhost/127.0.0.1:59036]' for 'POST' to 'http://localhost:59036/session/962c591ffa7662f4cf23f8a727c99498/element'
16:25:51.588 [Forwarding findElement on session 962c591ffa7662f4cf23f8a727c99498 to remote] DEBUG org.asynchttpclient.netty.request.NettyRequestSender - Using open Channel [id: 0x5ef9f483, L:/127.0.0.1:61048 - R:localhost/127.0.0.1:59036] for POST '/session/962c591ffa7662f4cf23f8a727c99498/element'
16:25:51.601 [AsyncHttpClient-1-5] DEBUG org.asynchttpclient.netty.handler.HttpHandler - 

Request DefaultHttpRequest(decodeResult: success, version: HTTP/1.1)
POST /session/962c591ffa7662f4cf23f8a727c99498/element HTTP/1.1
User-Agent: selenium/4.1.2 (java windows)
Content-Length: 81
Content-Type: application/json; charset=utf-8
host: localhost:59036
accept: */*

Response DefaultHttpResponse(decodeResult: success, version: HTTP/1.1)
HTTP/1.1 200 OK
Content-Type: application/json; charset=utf-8
cache-control: no-cache
content-length: 88

16:25:51.602 [AsyncHttpClient-1-5] DEBUG org.asynchttpclient.netty.channel.ChannelManager - Adding key: http://localhost:59036 for channel [id: 0x5ef9f483, L:/127.0.0.1:61048 - R:localhost/127.0.0.1:59036]
16:25:51.603 [Forwarding getElementTagName on session 962c591ffa7662f4cf23f8a727c99498 to remote] DEBUG org.asynchttpclient.netty.request.NettyRequestSender - Using pooled Channel '[id: 0x5ef9f483, L:/127.0.0.1:61048 - R:localhost/127.0.0.1:59036]' for 'GET' to 'http://localhost:59036/session/962c591ffa7662f4cf23f8a727c99498/element/ae9e97af-7c3e-468c-a694-0cbe936af5e6/name'
16:25:51.603 [Forwarding getElementTagName on session 962c591ffa7662f4cf23f8a727c99498 to remote] DEBUG org.asynchttpclient.netty.request.NettyRequestSender - Using open Channel [id: 0x5ef9f483, L:/127.0.0.1:61048 - R:localhost/127.0.0.1:59036] for GET '/session/962c591ffa7662f4cf23f8a727c99498/element/ae9e97af-7c3e-468c-a694-0cbe936af5e6/name'
16:25:51.608 [AsyncHttpClient-1-5] DEBUG org.asynchttpclient.netty.handler.HttpHandler - 

Request DefaultFullHttpRequest(decodeResult: success, version: HTTP/1.1, content: EmptyByteBufBE)
GET /session/962c591ffa7662f4cf23f8a727c99498/element/ae9e97af-7c3e-468c-a694-0cbe936af5e6/name HTTP/1.1
User-Agent: selenium/4.1.2 (java windows)
Cache-Control: no-cache
Content-Type: application/json; charset=utf-8
host: localhost:59036
accept: */*

Response DefaultHttpResponse(decodeResult: success, version: HTTP/1.1)
HTTP/1.1 200 OK
Content-Type: application/json; charset=utf-8
cache-control: no-cache
content-length: 16

16:25:51.608 [AsyncHttpClient-1-5] DEBUG org.asynchttpclient.netty.channel.ChannelManager - Adding key: http://localhost:59036 for channel [id: 0x5ef9f483, L:/127.0.0.1:61048 - R:localhost/127.0.0.1:59036]
16:25:51.609 [Forwarding getElementTagName on session 962c591ffa7662f4cf23f8a727c99498 to remote] DEBUG org.asynchttpclient.netty.request.NettyRequestSender - Using pooled Channel '[id: 0x5ef9f483, L:/127.0.0.1:61048 - R:localhost/127.0.0.1:59036]' for 'GET' to 'http://localhost:59036/session/962c591ffa7662f4cf23f8a727c99498/element/ae9e97af-7c3e-468c-a694-0cbe936af5e6/name'
16:25:51.609 [Forwarding getElementTagName on session 962c591ffa7662f4cf23f8a727c99498 to remote] DEBUG org.asynchttpclient.netty.request.NettyRequestSender - Using open Channel [id: 0x5ef9f483, L:/127.0.0.1:61048 - R:localhost/127.0.0.1:59036] for GET '/session/962c591ffa7662f4cf23f8a727c99498/element/ae9e97af-7c3e-468c-a694-0cbe936af5e6/name'
16:25:51.612 [AsyncHttpClient-1-5] DEBUG org.asynchttpclient.netty.handler.HttpHandler - 

Request DefaultFullHttpRequest(decodeResult: success, version: HTTP/1.1, content: EmptyByteBufBE)
GET /session/962c591ffa7662f4cf23f8a727c99498/element/ae9e97af-7c3e-468c-a694-0cbe936af5e6/name HTTP/1.1
User-Agent: selenium/4.1.2 (java windows)
Cache-Control: no-cache
Content-Type: application/json; charset=utf-8
host: localhost:59036
accept: */*

Response DefaultHttpResponse(decodeResult: success, version: HTTP/1.1)
HTTP/1.1 200 OK
Content-Type: application/json; charset=utf-8
cache-control: no-cache
content-length: 16

16:25:51.612 [AsyncHttpClient-1-5] DEBUG org.asynchttpclient.netty.channel.ChannelManager - Adding key: http://localhost:59036 for channel [id: 0x5ef9f483, L:/127.0.0.1:61048 - R:localhost/127.0.0.1:59036]
16:25:51.614 [Forwarding findElement on session 962c591ffa7662f4cf23f8a727c99498 to remote] DEBUG org.asynchttpclient.netty.request.NettyRequestSender - Using pooled Channel '[id: 0x5ef9f483, L:/127.0.0.1:61048 - R:localhost/127.0.0.1:59036]' for 'POST' to 'http://localhost:59036/session/962c591ffa7662f4cf23f8a727c99498/element'
16:25:51.614 [Forwarding findElement on session 962c591ffa7662f4cf23f8a727c99498 to remote] DEBUG org.asynchttpclient.netty.request.NettyRequestSender - Using open Channel [id: 0x5ef9f483, L:/127.0.0.1:61048 - R:localhost/127.0.0.1:59036] for POST '/session/962c591ffa7662f4cf23f8a727c99498/element'
16:25:51.621 [AsyncHttpClient-1-5] DEBUG org.asynchttpclient.netty.handler.HttpHandler - 

Request DefaultHttpRequest(decodeResult: success, version: HTTP/1.1)
POST /session/962c591ffa7662f4cf23f8a727c99498/element HTTP/1.1
User-Agent: selenium/4.1.2 (java windows)
Content-Length: 81
Content-Type: application/json; charset=utf-8
host: localhost:59036
accept: */*

Response DefaultHttpResponse(decodeResult: success, version: HTTP/1.1)
HTTP/1.1 200 OK
Content-Type: application/json; charset=utf-8
cache-control: no-cache
content-length: 88

16:25:51.621 [AsyncHttpClient-1-5] DEBUG org.asynchttpclient.netty.channel.ChannelManager - Adding key: http://localhost:59036 for channel [id: 0x5ef9f483, L:/127.0.0.1:61048 - R:localhost/127.0.0.1:59036]
16:25:51.622 [Forwarding clickElement on session 962c591ffa7662f4cf23f8a727c99498 to remote] DEBUG org.asynchttpclient.netty.request.NettyRequestSender - Using pooled Channel '[id: 0x5ef9f483, L:/127.0.0.1:61048 - R:localhost/127.0.0.1:59036]' for 'POST' to 'http://localhost:59036/session/962c591ffa7662f4cf23f8a727c99498/element/ae9e97af-7c3e-468c-a694-0cbe936af5e6/click'
16:25:51.622 [Forwarding clickElement on session 962c591ffa7662f4cf23f8a727c99498 to remote] DEBUG org.asynchttpclient.netty.request.NettyRequestSender - Using open Channel [id: 0x5ef9f483, L:/127.0.0.1:61048 - R:localhost/127.0.0.1:59036] for POST '/session/962c591ffa7662f4cf23f8a727c99498/element/ae9e97af-7c3e-468c-a694-0cbe936af5e6/click'
16:25:52.037 [AsyncHttpClient-1-5] DEBUG org.asynchttpclient.netty.handler.HttpHandler - 

Request DefaultHttpRequest(decodeResult: success, version: HTTP/1.1)
POST /session/962c591ffa7662f4cf23f8a727c99498/element/ae9e97af-7c3e-468c-a694-0cbe936af5e6/click HTTP/1.1
User-Agent: selenium/4.1.2 (java windows)
Content-Length: 50
Content-Type: application/json; charset=utf-8
host: localhost:59036
accept: */*

Response DefaultHttpResponse(decodeResult: success, version: HTTP/1.1)
HTTP/1.1 200 OK
Content-Type: application/json; charset=utf-8
cache-control: no-cache
content-length: 14

16:25:52.037 [AsyncHttpClient-1-5] DEBUG org.asynchttpclient.netty.channel.ChannelManager - Adding key: http://localhost:59036 for channel [id: 0x5ef9f483, L:/127.0.0.1:61048 - R:localhost/127.0.0.1:59036]
  &amp#27;[32mThen &amp#27;[0m&amp#27;[32mI click baby on the header&amp#27;[0m &amp#27;[90m# starter.stepdefinitions.BabyStep.iClickBabyOnTheHeader()&amp#27;[0m
16:25:52.044 [Forwarding screenshot on session 962c591ffa7662f4cf23f8a727c99498 to remote] DEBUG org.asynchttpclient.netty.request.NettyRequestSender - Using pooled Channel '[id: 0x5ef9f483, L:/127.0.0.1:61048 - R:localhost/127.0.0.1:59036]' for 'GET' to 'http://localhost:59036/session/962c591ffa7662f4cf23f8a727c99498/screenshot'
16:25:52.044 [Forwarding screenshot on session 962c591ffa7662f4cf23f8a727c99498 to remote] DEBUG org.asynchttpclient.netty.request.NettyRequestSender - Using open Channel [id: 0x5ef9f483, L:/127.0.0.1:61048 - R:localhost/127.0.0.1:59036] for GET '/session/962c591ffa7662f4cf23f8a727c99498/screenshot'
16:25:52.626 [AsyncHttpClient-1-5] DEBUG org.asynchttpclient.netty.handler.HttpHandler - 

Request DefaultFullHttpRequest(decodeResult: success, version: HTTP/1.1, content: EmptyByteBufBE)
GET /session/962c591ffa7662f4cf23f8a727c99498/screenshot HTTP/1.1
User-Agent: selenium/4.1.2 (java windows)
Cache-Control: no-cache
Content-Type: application/json; charset=utf-8
host: localhost:59036
accept: */*

Response DefaultHttpResponse(decodeResult: success, version: HTTP/1.1)
HTTP/1.1 200 OK
Content-Type: application/json; charset=utf-8
cache-control: no-cache
content-length: 100344

16:25:52.626 [AsyncHttpClient-1-5] DEBUG org.asynchttpclient.netty.channel.ChannelManager - Adding key: http://localhost:59036 for channel [id: 0x5ef9f483, L:/127.0.0.1:61048 - R:localhost/127.0.0.1:59036]
16:25:52.629 [main] DEBUG net.serenitybdd.core.photography.Darkroom - Send negative for processing for target\site\serenity\dadec65121a6c89bcecec0e33449ad94cded371291eea0f249887527af9aaa6a.png
16:25:52.629 [Darkroom Processing Line] DEBUG net.serenitybdd.core.photography.DarkroomProcessingLine - Processing screenshot image in /var/screenshots/screenshot-9790166989222605518
16:25:52.629 [Darkroom Processing Line] DEBUG net.serenitybdd.core.photography.DarkroomProcessingLine - Saving screenshot to target\site\serenity\dadec65121a6c89bcecec0e33449ad94cded371291eea0f249887527af9aaa6a.png
16:25:52.635 [Forwarding findElement on session 962c591ffa7662f4cf23f8a727c99498 to remote] DEBUG org.asynchttpclient.netty.request.NettyRequestSender - Using pooled Channel '[id: 0x5ef9f483, L:/127.0.0.1:61048 - R:localhost/127.0.0.1:59036]' for 'POST' to 'http://localhost:59036/session/962c591ffa7662f4cf23f8a727c99498/element'
16:25:52.635 [Forwarding findElement on session 962c591ffa7662f4cf23f8a727c99498 to remote] DEBUG org.asynchttpclient.netty.request.NettyRequestSender - Using open Channel [id: 0x5ef9f483, L:/127.0.0.1:61048 - R:localhost/127.0.0.1:59036] for POST '/session/962c591ffa7662f4cf23f8a727c99498/element'
16:25:52.647 [AsyncHttpClient-1-5] DEBUG org.asynchttpclient.netty.handler.HttpHandler - 

Request DefaultHttpRequest(decodeResult: success, version: HTTP/1.1)
POST /session/962c591ffa7662f4cf23f8a727c99498/element HTTP/1.1
User-Agent: selenium/4.1.2 (java windows)
Content-Length: 105
Content-Type: application/json; charset=utf-8
host: localhost:59036
accept: */*

Response DefaultHttpResponse(decodeResult: success, version: HTTP/1.1)
HTTP/1.1 200 OK
Content-Type: application/json; charset=utf-8
cache-control: no-cache
content-length: 88

16:25:52.647 [AsyncHttpClient-1-5] DEBUG org.asynchttpclient.netty.channel.ChannelManager - Adding key: http://localhost:59036 for channel [id: 0x5ef9f483, L:/127.0.0.1:61048 - R:localhost/127.0.0.1:59036]
16:25:52.648 [Forwarding getElementTagName on session 962c591ffa7662f4cf23f8a727c99498 to remote] DEBUG org.asynchttpclient.netty.request.NettyRequestSender - Using pooled Channel '[id: 0x5ef9f483, L:/127.0.0.1:61048 - R:localhost/127.0.0.1:59036]' for 'GET' to 'http://localhost:59036/session/962c591ffa7662f4cf23f8a727c99498/element/11e0900a-89e5-4542-9c80-017770be50ad/name'
16:25:52.648 [Forwarding getElementTagName on session 962c591ffa7662f4cf23f8a727c99498 to remote] DEBUG org.asynchttpclient.netty.request.NettyRequestSender - Using open Channel [id: 0x5ef9f483, L:/127.0.0.1:61048 - R:localhost/127.0.0.1:59036] for GET '/session/962c591ffa7662f4cf23f8a727c99498/element/11e0900a-89e5-4542-9c80-017770be50ad/name'
16:25:52.652 [AsyncHttpClient-1-5] DEBUG org.asynchttpclient.netty.handler.HttpHandler - 

Request DefaultFullHttpRequest(decodeResult: success, version: HTTP/1.1, content: EmptyByteBufBE)
GET /session/962c591ffa7662f4cf23f8a727c99498/element/11e0900a-89e5-4542-9c80-017770be50ad/name HTTP/1.1
User-Agent: selenium/4.1.2 (java windows)
Cache-Control: no-cache
Content-Type: application/json; charset=utf-8
host: localhost:59036
accept: */*

Response DefaultHttpResponse(decodeResult: success, version: HTTP/1.1)
HTTP/1.1 200 OK
Content-Type: application/json; charset=utf-8
cache-control: no-cache
content-length: 16

16:25:52.652 [AsyncHttpClient-1-5] DEBUG org.asynchttpclient.netty.channel.ChannelManager - Adding key: http://localhost:59036 for channel [id: 0x5ef9f483, L:/127.0.0.1:61048 - R:localhost/127.0.0.1:59036]
16:25:52.653 [Forwarding getElementTagName on session 962c591ffa7662f4cf23f8a727c99498 to remote] DEBUG org.asynchttpclient.netty.request.NettyRequestSender - Using pooled Channel '[id: 0x5ef9f483, L:/127.0.0.1:61048 - R:localhost/127.0.0.1:59036]' for 'GET' to 'http://localhost:59036/session/962c591ffa7662f4cf23f8a727c99498/element/11e0900a-89e5-4542-9c80-017770be50ad/name'
16:25:52.653 [Forwarding getElementTagName on session 962c591ffa7662f4cf23f8a727c99498 to remote] DEBUG org.asynchttpclient.netty.request.NettyRequestSender - Using open Channel [id: 0x5ef9f483, L:/127.0.0.1:61048 - R:localhost/127.0.0.1:59036] for GET '/session/962c591ffa7662f4cf23f8a727c99498/element/11e0900a-89e5-4542-9c80-017770be50ad/name'
16:25:52.656 [AsyncHttpClient-1-5] DEBUG org.asynchttpclient.netty.handler.HttpHandler - 

Request DefaultFullHttpRequest(decodeResult: success, version: HTTP/1.1, content: EmptyByteBufBE)
GET /session/962c591ffa7662f4cf23f8a727c99498/element/11e0900a-89e5-4542-9c80-017770be50ad/name HTTP/1.1
User-Agent: selenium/4.1.2 (java windows)
Cache-Control: no-cache
Content-Type: application/json; charset=utf-8
host: localhost:59036
accept: */*

Response DefaultHttpResponse(decodeResult: success, version: HTTP/1.1)
HTTP/1.1 200 OK
Content-Type: application/json; charset=utf-8
cache-control: no-cache
content-length: 16

16:25:52.656 [AsyncHttpClient-1-5] DEBUG org.asynchttpclient.netty.channel.ChannelManager - Adding key: http://localhost:59036 for channel [id: 0x5ef9f483, L:/127.0.0.1:61048 - R:localhost/127.0.0.1:59036]
16:25:52.658 [Forwarding findElement on session 962c591ffa7662f4cf23f8a727c99498 to remote] DEBUG org.asynchttpclient.netty.request.NettyRequestSender - Using pooled Channel '[id: 0x5ef9f483, L:/127.0.0.1:61048 - R:localhost/127.0.0.1:59036]' for 'POST' to 'http://localhost:59036/session/962c591ffa7662f4cf23f8a727c99498/element'
16:25:52.658 [Forwarding findElement on session 962c591ffa7662f4cf23f8a727c99498 to remote] DEBUG org.asynchttpclient.netty.request.NettyRequestSender - Using open Channel [id: 0x5ef9f483, L:/127.0.0.1:61048 - R:localhost/127.0.0.1:59036] for POST '/session/962c591ffa7662f4cf23f8a727c99498/element'
16:25:52.665 [AsyncHttpClient-1-5] DEBUG org.asynchttpclient.netty.handler.HttpHandler - 

Request DefaultHttpRequest(decodeResult: success, version: HTTP/1.1)
POST /session/962c591ffa7662f4cf23f8a727c99498/element HTTP/1.1
User-Agent: selenium/4.1.2 (java windows)
Content-Length: 105
Content-Type: application/json; charset=utf-8
host: localhost:59036
accept: */*

Response DefaultHttpResponse(decodeResult: success, version: HTTP/1.1)
HTTP/1.1 200 OK
Content-Type: application/json; charset=utf-8
cache-control: no-cache
content-length: 88

16:25:52.665 [AsyncHttpClient-1-5] DEBUG org.asynchttpclient.netty.channel.ChannelManager - Adding key: http://localhost:59036 for channel [id: 0x5ef9f483, L:/127.0.0.1:61048 - R:localhost/127.0.0.1:59036]
16:25:52.666 [Forwarding clickElement on session 962c591ffa7662f4cf23f8a727c99498 to remote] DEBUG org.asynchttpclient.netty.request.NettyRequestSender - Using pooled Channel '[id: 0x5ef9f483, L:/127.0.0.1:61048 - R:localhost/127.0.0.1:59036]' for 'POST' to 'http://localhost:59036/session/962c591ffa7662f4cf23f8a727c99498/element/11e0900a-89e5-4542-9c80-017770be50ad/click'
16:25:52.666 [Forwarding clickElement on session 962c591ffa7662f4cf23f8a727c99498 to remote] DEBUG org.asynchttpclient.netty.request.NettyRequestSender - Using open Channel [id: 0x5ef9f483, L:/127.0.0.1:61048 - R:localhost/127.0.0.1:59036] for POST '/session/962c591ffa7662f4cf23f8a727c99498/element/11e0900a-89e5-4542-9c80-017770be50ad/click'
16:25:52.670 [AsyncHttpClient-1-1] DEBUG org.asynchttpclient.netty.channel.DefaultChannelPool - Entry count for : http://localhost:61049 : 1
16:25:52.836 [AsyncHttpClient-1-5] DEBUG org.asynchttpclient.netty.handler.HttpHandler - 

Request DefaultHttpRequest(decodeResult: success, version: HTTP/1.1)
POST /session/962c591ffa7662f4cf23f8a727c99498/element/11e0900a-89e5-4542-9c80-017770be50ad/click HTTP/1.1
User-Agent: selenium/4.1.2 (java windows)
Content-Length: 50
Content-Type: application/json; charset=utf-8
host: localhost:59036
accept: */*

Response DefaultHttpResponse(decodeResult: success, version: HTTP/1.1)
HTTP/1.1 200 OK
Content-Type: application/json; charset=utf-8
cache-control: no-cache
content-length: 14

16:25:52.836 [AsyncHttpClient-1-5] DEBUG org.asynchttpclient.netty.channel.ChannelManager - Adding key: http://localhost:59036 for channel [id: 0x5ef9f483, L:/127.0.0.1:61048 - R:localhost/127.0.0.1:59036]
  &amp#27;[32mWhen &amp#27;[0m&amp#27;[32mI will go to &amp#27;[0m&amp#27;[32m&amp#27;[1m"bawahan"&amp#27;[0m     &amp#27;[90m# starter.stepdefinitions.BabyStep.iWillGoTo(java.lang.String)&amp#27;[0m
16:25:52.842 [Forwarding screenshot on session 962c591ffa7662f4cf23f8a727c99498 to remote] DEBUG org.asynchttpclient.netty.request.NettyRequestSender - Using pooled Channel '[id: 0x5ef9f483, L:/127.0.0.1:61048 - R:localhost/127.0.0.1:59036]' for 'GET' to 'http://localhost:59036/session/962c591ffa7662f4cf23f8a727c99498/screenshot'
16:25:52.842 [Forwarding screenshot on session 962c591ffa7662f4cf23f8a727c99498 to remote] DEBUG org.asynchttpclient.netty.request.NettyRequestSender - Using open Channel [id: 0x5ef9f483, L:/127.0.0.1:61048 - R:localhost/127.0.0.1:59036] for GET '/session/962c591ffa7662f4cf23f8a727c99498/screenshot'
16:25:52.965 [AsyncHttpClient-1-5] DEBUG org.asynchttpclient.netty.handler.HttpHandler - 

Request DefaultFullHttpRequest(decodeResult: success, version: HTTP/1.1, content: EmptyByteBufBE)
GET /session/962c591ffa7662f4cf23f8a727c99498/screenshot HTTP/1.1
User-Agent: selenium/4.1.2 (java windows)
Cache-Control: no-cache
Content-Type: application/json; charset=utf-8
host: localhost:59036
accept: */*

Response DefaultHttpResponse(decodeResult: success, version: HTTP/1.1)
HTTP/1.1 200 OK
Content-Type: application/json; charset=utf-8
cache-control: no-cache
content-length: 88760

16:25:52.965 [AsyncHttpClient-1-5] DEBUG org.asynchttpclient.netty.channel.ChannelManager - Adding key: http://localhost:59036 for channel [id: 0x5ef9f483, L:/127.0.0.1:61048 - R:localhost/127.0.0.1:59036]
16:25:52.968 [main] DEBUG net.serenitybdd.core.photography.Darkroom - Send negative for processing for target\site\serenity\6c2fec97171d8715601869dcb2cf12bd430f6cecfe061b2e418bb42fce6bd253.png
16:25:52.969 [Darkroom Processing Line] DEBUG net.serenitybdd.core.photography.DarkroomProcessingLine - Processing screenshot image in /var/screenshots/screenshot-14868839556765930140
16:25:52.969 [Darkroom Processing Line] DEBUG net.serenitybdd.core.photography.DarkroomProcessingLine - Saving screenshot to target\site\serenity\6c2fec97171d8715601869dcb2cf12bd430f6cecfe061b2e418bb42fce6bd253.png
16:25:52.974 [Forwarding findElement on session 962c591ffa7662f4cf23f8a727c99498 to remote] DEBUG org.asynchttpclient.netty.request.NettyRequestSender - Using pooled Channel '[id: 0x5ef9f483, L:/127.0.0.1:61048 - R:localhost/127.0.0.1:59036]' for 'POST' to 'http://localhost:59036/session/962c591ffa7662f4cf23f8a727c99498/element'
16:25:52.974 [Forwarding findElement on session 962c591ffa7662f4cf23f8a727c99498 to remote] DEBUG org.asynchttpclient.netty.request.NettyRequestSender - Using open Channel [id: 0x5ef9f483, L:/127.0.0.1:61048 - R:localhost/127.0.0.1:59036] for POST '/session/962c591ffa7662f4cf23f8a727c99498/element'
16:25:53.721 [AsyncHttpClient-1-5] DEBUG org.asynchttpclient.netty.handler.HttpHandler - 

Request DefaultHttpRequest(decodeResult: success, version: HTTP/1.1)
POST /session/962c591ffa7662f4cf23f8a727c99498/element HTTP/1.1
User-Agent: selenium/4.1.2 (java windows)
Content-Length: 90
Content-Type: application/json; charset=utf-8
host: localhost:59036
accept: */*

Response DefaultHttpResponse(decodeResult: success, version: HTTP/1.1)
HTTP/1.1 200 OK
Content-Type: application/json; charset=utf-8
cache-control: no-cache
content-length: 88

16:25:53.722 [AsyncHttpClient-1-5] DEBUG org.asynchttpclient.netty.channel.ChannelManager - Adding key: http://localhost:59036 for channel [id: 0x5ef9f483, L:/127.0.0.1:61048 - R:localhost/127.0.0.1:59036]
16:25:53.725 [Forwarding isElementDisplayed on session 962c591ffa7662f4cf23f8a727c99498 to remote] DEBUG org.asynchttpclient.netty.request.NettyRequestSender - Using pooled Channel '[id: 0x5ef9f483, L:/127.0.0.1:61048 - R:localhost/127.0.0.1:59036]' for 'POST' to 'http://localhost:59036/session/962c591ffa7662f4cf23f8a727c99498/execute/sync'
16:25:53.725 [Forwarding isElementDisplayed on session 962c591ffa7662f4cf23f8a727c99498 to remote] DEBUG org.asynchttpclient.netty.request.NettyRequestSender - Using open Channel [id: 0x5ef9f483, L:/127.0.0.1:61048 - R:localhost/127.0.0.1:59036] for POST '/session/962c591ffa7662f4cf23f8a727c99498/execute/sync'
16:25:53.740 [AsyncHttpClient-1-5] DEBUG org.asynchttpclient.netty.handler.HttpHandler - 

Request DefaultHttpRequest(decodeResult: success, version: HTTP/1.1)
POST /session/962c591ffa7662f4cf23f8a727c99498/execute/sync HTTP/1.1
User-Agent: selenium/4.1.2 (java windows)
Content-Length: 48780
Content-Type: application/json; charset=utf-8
host: localhost:59036
accept: */*

Response DefaultHttpResponse(decodeResult: success, version: HTTP/1.1)
HTTP/1.1 200 OK
Content-Type: application/json; charset=utf-8
cache-control: no-cache
content-length: 14

16:25:53.741 [AsyncHttpClient-1-5] DEBUG org.asynchttpclient.netty.channel.ChannelManager - Adding key: http://localhost:59036 for channel [id: 0x5ef9f483, L:/127.0.0.1:61048 - R:localhost/127.0.0.1:59036]
  &amp#27;[32mAnd &amp#27;[0m&amp#27;[32mI &amp#27;[0m&amp#27;[32m&amp#27;[1m"txtBawahan2"&amp#27;[0m&amp#27;[32m page&amp#27;[0m        &amp#27;[90m# starter.stepdefinitions.BabyStep.iPage(java.lang.String)&amp#27;[0m
16:25:53.745 [Forwarding screenshot on session 962c591ffa7662f4cf23f8a727c99498 to remote] DEBUG org.asynchttpclient.netty.request.NettyRequestSender - Using pooled Channel '[id: 0x5ef9f483, L:/127.0.0.1:61048 - R:localhost/127.0.0.1:59036]' for 'GET' to 'http://localhost:59036/session/962c591ffa7662f4cf23f8a727c99498/screenshot'
16:25:53.745 [Forwarding screenshot on session 962c591ffa7662f4cf23f8a727c99498 to remote] DEBUG org.asynchttpclient.netty.request.NettyRequestSender - Using open Channel [id: 0x5ef9f483, L:/127.0.0.1:61048 - R:localhost/127.0.0.1:59036] for GET '/session/962c591ffa7662f4cf23f8a727c99498/screenshot'
16:25:53.770 [AsyncHttpClient-1-1] DEBUG org.asynchttpclient.netty.channel.DefaultChannelPool - Entry count for : http://localhost:61049 : 1
16:25:53.863 [AsyncHttpClient-1-5] DEBUG org.asynchttpclient.netty.handler.HttpHandler - 

Request DefaultFullHttpRequest(decodeResult: success, version: HTTP/1.1, content: EmptyByteBufBE)
GET /session/962c591ffa7662f4cf23f8a727c99498/screenshot HTTP/1.1
User-Agent: selenium/4.1.2 (java windows)
Cache-Control: no-cache
Content-Type: application/json; charset=utf-8
host: localhost:59036
accept: */*

Response DefaultHttpResponse(decodeResult: success, version: HTTP/1.1)
HTTP/1.1 200 OK
Content-Type: application/json; charset=utf-8
cache-control: no-cache
content-length: 57524

16:25:53.863 [AsyncHttpClient-1-5] DEBUG org.asynchttpclient.netty.channel.ChannelManager - Adding key: http://localhost:59036 for channel [id: 0x5ef9f483, L:/127.0.0.1:61048 - R:localhost/127.0.0.1:59036]
16:25:53.865 [main] DEBUG net.serenitybdd.core.photography.Darkroom - Send negative for processing for target\site\serenity\537aa8618b77aeeb3a903bb3bc68d3c681576029e8a9260d5717de367a855b4d.png
16:25:53.865 [Darkroom Processing Line] DEBUG net.serenitybdd.core.photography.DarkroomProcessingLine - Processing screenshot image in /var/screenshots/screenshot-12289704115370126459
16:25:53.865 [Darkroom Processing Line] DEBUG net.serenitybdd.core.photography.DarkroomProcessingLine - Saving screenshot to target\site\serenity\537aa8618b77aeeb3a903bb3bc68d3c681576029e8a9260d5717de367a855b4d.png
16:25:53.869 [AsyncHttpClient-1-7] DEBUG org.asynchttpclient.netty.handler.WebSocketHandler - Channel Closed: [id: 0x96b18647, L:/127.0.0.1:61056 ! R:localhost/127.0.0.1:61049] with attribute NettyResponseFuture{currentRetry=5,
	isDone=1,
	isCancelled=0,
	asyncHandler=org.asynchttpclient.ws.WebSocketUpgradeHandler@446ca803,
	nettyRequest=org.asynchttpclient.netty.request.NettyRequest@c54e98e,
	future=java.util.concurrent.CompletableFuture@6b8641fe[Completed normally],
	uri=ws://localhost:61049/devtools/browser/ded33dd2-70f5-4c14-8307-5e5a4effdd26,
	keepAlive=true,
	redirectCount=0,
	timeoutsHolder=null,
	inAuth=0,
	touch=1680859542914}
16:25:53.869 [AsyncHttpClient-1-7] DEBUG org.asynchttpclient.netty.channel.ChannelManager - Closing Channel [id: 0x96b18647, L:/127.0.0.1:61056 ! R:localhost/127.0.0.1:61049] 
16:25:53.869 [Driver Command Executor] DEBUG org.asynchttpclient.netty.request.NettyRequestSender - Using pooled Channel '[id: 0x5ef9f483, L:/127.0.0.1:61048 - R:localhost/127.0.0.1:59036]' for 'DELETE' to 'http://localhost:59036/session/962c591ffa7662f4cf23f8a727c99498'
16:25:53.870 [Driver Command Executor] DEBUG org.asynchttpclient.netty.request.NettyRequestSender - Using open Channel [id: 0x5ef9f483, L:/127.0.0.1:61048 - R:localhost/127.0.0.1:59036] for DELETE '/session/962c591ffa7662f4cf23f8a727c99498'
16:25:53.890 [AsyncHttpClient-1-6] DEBUG org.asynchttpclient.netty.handler.HttpHandler - Unexpected I/O exception on channel [id: 0xf9e1c7f3, L:/127.0.0.1:61055 - R:localhost/127.0.0.1:61049]
java.net.SocketException: Connection reset
	at java.base/sun.nio.ch.SocketChannelImpl.throwConnectionReset(SocketChannelImpl.java:345)
	at java.base/sun.nio.ch.SocketChannelImpl.read(SocketChannelImpl.java:376)
	at io.netty.buffer.PooledByteBuf.setBytes(PooledByteBuf.java:258)
	at io.netty.buffer.AbstractByteBuf.writeBytes(AbstractByteBuf.java:1132)
	at io.netty.channel.socket.nio.NioSocketChannel.doReadBytes(NioSocketChannel.java:350)
	at io.netty.channel.nio.AbstractNioByteChannel$NioByteUnsafe.read(AbstractNioByteChannel.java:151)
	at io.netty.channel.nio.NioEventLoop.processSelectedKey(NioEventLoop.java:722)
	at io.netty.channel.nio.NioEventLoop.processSelectedKeysOptimized(NioEventLoop.java:658)
	at io.netty.channel.nio.NioEventLoop.processSelectedKeys(NioEventLoop.java:584)
	at io.netty.channel.nio.NioEventLoop.run(NioEventLoop.java:496)
	at io.netty.util.concurrent.SingleThreadEventExecutor$4.run(SingleThreadEventExecutor.java:986)
	at io.netty.util.internal.ThreadExecutorMap$2.run(ThreadExecutorMap.java:74)
	at io.netty.util.concurrent.FastThreadLocalRunnable.run(FastThreadLocalRunnable.java:30)
	at java.base/java.lang.Thread.run(Thread.java:830)
16:25:53.890 [AsyncHttpClient-1-6] DEBUG org.asynchttpclient.netty.channel.ChannelManager - Closing Channel [id: 0xf9e1c7f3, L:/127.0.0.1:61055 - R:localhost/127.0.0.1:61049] 
16:25:53.890 [AsyncHttpClient-1-6] DEBUG org.asynchttpclient.netty.handler.HttpHandler - Channel Closed: [id: 0xf9e1c7f3, L:/127.0.0.1:61055 ! R:localhost/127.0.0.1:61049] with attribute DISCARD
16:25:53.909 [AsyncHttpClient-1-5] DEBUG org.asynchttpclient.netty.handler.HttpHandler - 

Request DefaultFullHttpRequest(decodeResult: success, version: HTTP/1.1, content: EmptyByteBufBE)
DELETE /session/962c591ffa7662f4cf23f8a727c99498 HTTP/1.1
User-Agent: selenium/4.1.2 (java windows)
Content-Type: application/json; charset=utf-8
host: localhost:59036
accept: */*

Response DefaultHttpResponse(decodeResult: success, version: HTTP/1.1)
HTTP/1.1 200 OK
Content-Type: application/json; charset=utf-8
cache-control: no-cache
content-length: 14

16:25:53.910 [AsyncHttpClient-1-5] DEBUG org.asynchttpclient.netty.channel.ChannelManager - Adding key: http://localhost:59036 for channel [id: 0x5ef9f483, L:/127.0.0.1:61048 - R:localhost/127.0.0.1:59036]
16:25:54.021 [AsyncHttpClient-1-5] DEBUG org.asynchttpclient.netty.handler.HttpHandler - Channel Closed: [id: 0x5ef9f483, L:/127.0.0.1:61048 ! R:localhost/127.0.0.1:59036] with attribute DISCARD
]]></system-out>
    <system-err><![CDATA[Starting Microsoft Edge WebDriver 111.0.1661.62 (0a8f453929e6410c973aa529a40485ce4e3e03db) on port 59036
To submit feedback, report a bug, or suggest new features, please visit https://github.com/MicrosoftEdge/EdgeWebDriver

Only local connections are allowed.
Please see https://aka.ms/WebDriverSecurity for suggestions on keeping Microsoft Edge WebDriver safe.

Microsoft Edge WebDriver was started successfully.
Apr 07, 2023 4:25:42 PM org.openqa.selenium.remote.ProtocolHandshake createSession
INFO: Detected dialect: W3C
Apr 07, 2023 4:25:42 PM org.openqa.selenium.devtools.CdpVersionFinder findNearestMatch
WARNING: Unable to find an exact match for CDP version 111, so returning the closest version found: a no-op implementation
Apr 07, 2023 4:25:42 PM org.openqa.selenium.devtools.CdpVersionFinder findNearestMatch
INFO: Unable to find CDP implementation matching 111.
Apr 07, 2023 4:25:42 PM org.openqa.selenium.chromium.ChromiumDriver lambda$new$3
WARNING: Unable to find version of CDP to use for . You may need to include a dependency on a specific version of the CDP using something similar to `org.seleniumhq.selenium:selenium-devtools-v86:4.1.2` where the version ("v86") matches the version of the chromium-based browser you're using and the version number of the artifact is the same as Selenium's.
]]></system-err>
  </testcase>
  <testcase name="Fitur Menu Baby #19" classname="Baby" time="12.277">
    <system-out><![CDATA[
Scenario Outline: Fitur Menu Baby &amp#27;[90m# src/test/resources/features/Baby.feature:31&amp#27;[0m
16:25:54.616 [main] INFO io.cucumber.core.plugin.SerenityReporter - Running feature from file:///C:/Users/alwi/IdeaProjects/uniqloweb/src/test/resources/features/Baby.feature
16:25:54.727 [main] DEBUG io.github.bonigarcia.wdm.cache.ResolutionCache - Resolution edge=111 in cache (valid until 17:21:26 07/04/2023 WIB)
16:25:54.731 [main] DEBUG io.github.bonigarcia.wdm.cache.ResolutionCache - Resolution edge111=111.0.1661.62 in cache (valid until 15:02:35 08/04/2023 WIB)
16:25:54.733 [main] INFO io.github.bonigarcia.wdm.WebDriverManager - Using msedgedriver 111.0.1661.62 (resolved driver for Edge 111)
16:25:54.745 [main] DEBUG io.github.bonigarcia.wdm.WebDriverManager - Driver msedgedriver 111.0.1661.62 found in cache
16:25:54.746 [main] INFO io.github.bonigarcia.wdm.WebDriverManager - Exporting webdriver.edge.driver as C:\Users\alwi\.cache\selenium\msedgedriver\win64\111.0.1661.62\msedgedriver.exe
16:25:54.748 [main] DEBUG net.serenitybdd.core.webdriver.driverproviders.ProvideNewDriver - Instantiating driver
16:25:54.748 [main] DEBUG net.serenitybdd.core.webdriver.driverproviders.ProvideNewDriver - Driver capabilities: Capabilities {base.url: https://www.uniqlo.com, chrome.driver: src/test/resources/webdrive..., driver: edge, ms:edgeChromium: true, ms:edgeOptions: {}, wait.for.timeout: 6000}
16:25:54.866 [AsyncHttpClient-1-1] DEBUG org.asynchttpclient.netty.channel.DefaultChannelPool - Entry count for : http://localhost:59036 : 1
16:25:54.866 [AsyncHttpClient-1-1] DEBUG org.asynchttpclient.netty.channel.DefaultChannelPool - Entry count for : http://localhost:61049 : 1
16:25:54.866 [AsyncHttpClient-1-1] DEBUG org.asynchttpclient.netty.channel.DefaultChannelPool - Adding Candidate expired Channel [id: 0x5ef9f483, L:/127.0.0.1:61048 ! R:localhost/127.0.0.1:59036] isIdleTimeoutExpired=false isRemotelyClosed=true isTtlExpired=false
16:25:54.866 [AsyncHttpClient-1-1] DEBUG org.asynchttpclient.netty.channel.DefaultChannelPool - Closing Idle Channel [id: 0x5ef9f483, L:/127.0.0.1:61048 ! R:localhost/127.0.0.1:59036]
16:25:54.866 [AsyncHttpClient-1-1] DEBUG org.asynchttpclient.netty.channel.DefaultChannelPool - Adding Candidate expired Channel [id: 0xf9e1c7f3, L:/127.0.0.1:61055 ! R:localhost/127.0.0.1:61049] isIdleTimeoutExpired=false isRemotelyClosed=true isTtlExpired=false
16:25:54.866 [AsyncHttpClient-1-1] DEBUG org.asynchttpclient.netty.channel.DefaultChannelPool - Closing Idle Channel [id: 0xf9e1c7f3, L:/127.0.0.1:61055 ! R:localhost/127.0.0.1:61049]
16:25:54.866 [AsyncHttpClient-1-1] DEBUG org.asynchttpclient.netty.channel.DefaultChannelPool - Closed 2 connections out of 2 in 0 ms
16:25:55.286 [AsyncHttpClient-1-8] DEBUG org.asynchttpclient.netty.channel.NettyConnectListener - Using new Channel '[id: 0x2a67d4f3, L:/127.0.0.1:61199 - R:localhost/127.0.0.1:61778]' for 'POST' to '/session'
16:25:55.844 [AsyncHttpClient-1-8] DEBUG org.asynchttpclient.netty.handler.HttpHandler - 

Request DefaultHttpRequest(decodeResult: success, version: HTTP/1.1)
POST /session HTTP/1.1
User-Agent: selenium/4.1.2 (java windows)
Content-Length: 627
Content-Type: application/json; charset=utf-8
host: localhost:61778
accept: */*

Response DefaultHttpResponse(decodeResult: success, version: HTTP/1.1)
HTTP/1.1 200 OK
Content-Type: application/json; charset=utf-8
cache-control: no-cache
content-length: 824

16:25:55.844 [AsyncHttpClient-1-8] DEBUG org.asynchttpclient.netty.channel.ChannelManager - Adding key: http://localhost:61778 for channel [id: 0x2a67d4f3, L:/127.0.0.1:61199 - R:localhost/127.0.0.1:61778]
16:25:55.850 [AsyncHttpClient-1-9] DEBUG org.asynchttpclient.netty.channel.NettyConnectListener - Using new Channel '[id: 0x91c39f48, L:/127.0.0.1:61205 - R:localhost/127.0.0.1:61200]' for 'GET' to '/json/version'
16:25:55.850 [AsyncHttpClient-1-9] DEBUG org.asynchttpclient.netty.handler.HttpHandler - 

Request DefaultFullHttpRequest(decodeResult: success, version: HTTP/1.1, content: EmptyByteBufBE)
GET /json/version HTTP/1.1
User-Agent: selenium/4.1.2 (java windows)
host: localhost:61200
accept: */*

Response DefaultHttpResponse(decodeResult: success, version: HTTP/1.1)
HTTP/1.1 200 OK
Content-Security-Policy: frame-ancestors 'none'
Content-Type: application/json; charset=UTF-8
content-length: 436

16:25:55.850 [AsyncHttpClient-1-9] DEBUG org.asynchttpclient.netty.channel.ChannelManager - Adding key: http://localhost:61200 for channel [id: 0x91c39f48, L:/127.0.0.1:61205 - R:localhost/127.0.0.1:61200]
16:25:55.852 [AsyncHttpClient-1-10] DEBUG org.asynchttpclient.netty.channel.NettyConnectListener - Using new Channel '[id: 0x003466cb, L:/127.0.0.1:61206 - R:localhost/127.0.0.1:61200]' for 'GET' to '/devtools/browser/02fc8701-54ef-45d0-b27f-fbfb9e2575e0'
16:25:55.852 [AsyncHttpClient-1-10] DEBUG org.asynchttpclient.netty.handler.WebSocketHandler - 

Request DefaultFullHttpRequest(decodeResult: success, version: HTTP/1.1, content: EmptyByteBufBE)
GET /devtools/browser/02fc8701-54ef-45d0-b27f-fbfb9e2575e0 HTTP/1.1
upgrade: websocket
connection: upgrade
sec-websocket-key: 9H9dwzRY0Ptl/NLK+zZbYQ==
sec-websocket-version: 13
origin: http://localhost:61200
host: localhost:61200
accept: */*
user-agent: AHC/2.1

Response DefaultHttpResponse(decodeResult: success, version: HTTP/1.1)
HTTP/1.1 101 WebSocket Protocol Handshake
Upgrade: WebSocket
Connection: Upgrade
Sec-WebSocket-Accept: VBD3R9U4Oibup48bK975OuHxXQM=

16:25:55.855 [Forwarding get on session 285311ad3c12f797a13f3a684b55ce07 to remote] DEBUG org.asynchttpclient.netty.request.NettyRequestSender - Using pooled Channel '[id: 0x2a67d4f3, L:/127.0.0.1:61199 - R:localhost/127.0.0.1:61778]' for 'POST' to 'http://localhost:61778/session/285311ad3c12f797a13f3a684b55ce07/url'
16:25:55.855 [Forwarding get on session 285311ad3c12f797a13f3a684b55ce07 to remote] DEBUG org.asynchttpclient.netty.request.NettyRequestSender - Using open Channel [id: 0x2a67d4f3, L:/127.0.0.1:61199 - R:localhost/127.0.0.1:61778] for POST '/session/285311ad3c12f797a13f3a684b55ce07/url'
16:25:55.970 [AsyncHttpClient-1-1] DEBUG org.asynchttpclient.netty.channel.DefaultChannelPool - Entry count for : http://localhost:61200 : 1
16:25:57.065 [AsyncHttpClient-1-1] DEBUG org.asynchttpclient.netty.channel.DefaultChannelPool - Entry count for : http://localhost:61200 : 1
16:25:58.165 [AsyncHttpClient-1-1] DEBUG org.asynchttpclient.netty.channel.DefaultChannelPool - Entry count for : http://localhost:61200 : 1
16:25:59.265 [AsyncHttpClient-1-1] DEBUG org.asynchttpclient.netty.channel.DefaultChannelPool - Entry count for : http://localhost:61200 : 1
16:26:00.369 [AsyncHttpClient-1-1] DEBUG org.asynchttpclient.netty.channel.DefaultChannelPool - Entry count for : http://localhost:61200 : 1
16:26:01.465 [AsyncHttpClient-1-1] DEBUG org.asynchttpclient.netty.channel.DefaultChannelPool - Entry count for : http://localhost:61200 : 1
16:26:02.565 [AsyncHttpClient-1-1] DEBUG org.asynchttpclient.netty.channel.DefaultChannelPool - Entry count for : http://localhost:61200 : 1
16:26:03.667 [AsyncHttpClient-1-1] DEBUG org.asynchttpclient.netty.channel.DefaultChannelPool - Entry count for : http://localhost:61200 : 1
16:26:04.255 [AsyncHttpClient-1-8] DEBUG org.asynchttpclient.netty.handler.HttpHandler - 

Request DefaultHttpRequest(decodeResult: success, version: HTTP/1.1)
POST /session/285311ad3c12f797a13f3a684b55ce07/url HTTP/1.1
User-Agent: selenium/4.1.2 (java windows)
Content-Length: 53
Content-Type: application/json; charset=utf-8
host: localhost:61778
accept: */*

Response DefaultHttpResponse(decodeResult: success, version: HTTP/1.1)
HTTP/1.1 200 OK
Content-Type: application/json; charset=utf-8
cache-control: no-cache
content-length: 14

16:26:04.255 [AsyncHttpClient-1-8] DEBUG org.asynchttpclient.netty.channel.ChannelManager - Adding key: http://localhost:61778 for channel [id: 0x2a67d4f3, L:/127.0.0.1:61199 - R:localhost/127.0.0.1:61778]
16:26:04.257 [Forwarding setTimeout on session 285311ad3c12f797a13f3a684b55ce07 to remote] DEBUG org.asynchttpclient.netty.request.NettyRequestSender - Using pooled Channel '[id: 0x2a67d4f3, L:/127.0.0.1:61199 - R:localhost/127.0.0.1:61778]' for 'POST' to 'http://localhost:61778/session/285311ad3c12f797a13f3a684b55ce07/timeouts'
16:26:04.257 [Forwarding setTimeout on session 285311ad3c12f797a13f3a684b55ce07 to remote] DEBUG org.asynchttpclient.netty.request.NettyRequestSender - Using open Channel [id: 0x2a67d4f3, L:/127.0.0.1:61199 - R:localhost/127.0.0.1:61778] for POST '/session/285311ad3c12f797a13f3a684b55ce07/timeouts'
16:26:04.257 [AsyncHttpClient-1-8] DEBUG org.asynchttpclient.netty.handler.HttpHandler - 

Request DefaultHttpRequest(decodeResult: success, version: HTTP/1.1)
POST /session/285311ad3c12f797a13f3a684b55ce07/timeouts HTTP/1.1
User-Agent: selenium/4.1.2 (java windows)
Content-Length: 22
Content-Type: application/json; charset=utf-8
host: localhost:61778
accept: */*

Response DefaultHttpResponse(decodeResult: success, version: HTTP/1.1)
HTTP/1.1 200 OK
Content-Type: application/json; charset=utf-8
cache-control: no-cache
content-length: 14

16:26:04.258 [AsyncHttpClient-1-8] DEBUG org.asynchttpclient.netty.channel.ChannelManager - Adding key: http://localhost:61778 for channel [id: 0x2a67d4f3, L:/127.0.0.1:61199 - R:localhost/127.0.0.1:61778]
16:26:04.261 [Forwarding getCurrentUrl on session 285311ad3c12f797a13f3a684b55ce07 to remote] DEBUG org.asynchttpclient.netty.request.NettyRequestSender - Using pooled Channel '[id: 0x2a67d4f3, L:/127.0.0.1:61199 - R:localhost/127.0.0.1:61778]' for 'GET' to 'http://localhost:61778/session/285311ad3c12f797a13f3a684b55ce07/url'
16:26:04.261 [Forwarding getCurrentUrl on session 285311ad3c12f797a13f3a684b55ce07 to remote] DEBUG org.asynchttpclient.netty.request.NettyRequestSender - Using open Channel [id: 0x2a67d4f3, L:/127.0.0.1:61199 - R:localhost/127.0.0.1:61778] for GET '/session/285311ad3c12f797a13f3a684b55ce07/url'
16:26:04.266 [AsyncHttpClient-1-8] DEBUG org.asynchttpclient.netty.handler.HttpHandler - 

Request DefaultFullHttpRequest(decodeResult: success, version: HTTP/1.1, content: EmptyByteBufBE)
GET /session/285311ad3c12f797a13f3a684b55ce07/url HTTP/1.1
User-Agent: selenium/4.1.2 (java windows)
Cache-Control: no-cache
Content-Type: application/json; charset=utf-8
host: localhost:61778
accept: */*

Response DefaultHttpResponse(decodeResult: success, version: HTTP/1.1)
HTTP/1.1 200 OK
Content-Type: application/json; charset=utf-8
cache-control: no-cache
content-length: 41

16:26:04.266 [AsyncHttpClient-1-8] DEBUG org.asynchttpclient.netty.channel.ChannelManager - Adding key: http://localhost:61778 for channel [id: 0x2a67d4f3, L:/127.0.0.1:61199 - R:localhost/127.0.0.1:61778]
  &amp#27;[32mGiven &amp#27;[0m&amp#27;[32mI am on the home page&amp#27;[0m     &amp#27;[90m# starter.stepdefinitions.BabyStep.iAmOnTheHomePage()&amp#27;[0m
16:26:04.273 [Forwarding screenshot on session 285311ad3c12f797a13f3a684b55ce07 to remote] DEBUG org.asynchttpclient.netty.request.NettyRequestSender - Using pooled Channel '[id: 0x2a67d4f3, L:/127.0.0.1:61199 - R:localhost/127.0.0.1:61778]' for 'GET' to 'http://localhost:61778/session/285311ad3c12f797a13f3a684b55ce07/screenshot'
16:26:04.273 [Forwarding screenshot on session 285311ad3c12f797a13f3a684b55ce07 to remote] DEBUG org.asynchttpclient.netty.request.NettyRequestSender - Using open Channel [id: 0x2a67d4f3, L:/127.0.0.1:61199 - R:localhost/127.0.0.1:61778] for GET '/session/285311ad3c12f797a13f3a684b55ce07/screenshot'
16:26:04.574 [AsyncHttpClient-1-8] DEBUG org.asynchttpclient.netty.handler.HttpHandler - 

Request DefaultFullHttpRequest(decodeResult: success, version: HTTP/1.1, content: EmptyByteBufBE)
GET /session/285311ad3c12f797a13f3a684b55ce07/screenshot HTTP/1.1
User-Agent: selenium/4.1.2 (java windows)
Cache-Control: no-cache
Content-Type: application/json; charset=utf-8
host: localhost:61778
accept: */*

Response DefaultHttpResponse(decodeResult: success, version: HTTP/1.1)
HTTP/1.1 200 OK
Content-Type: application/json; charset=utf-8
cache-control: no-cache
content-length: 1022316

16:26:04.575 [AsyncHttpClient-1-8] DEBUG org.asynchttpclient.netty.channel.ChannelManager - Adding key: http://localhost:61778 for channel [id: 0x2a67d4f3, L:/127.0.0.1:61199 - R:localhost/127.0.0.1:61778]
16:26:04.601 [main] DEBUG net.serenitybdd.core.photography.Darkroom - Send negative for processing for target\site\serenity\b0ddf3608b8f51a6a3adc36e4acd901b7a2c5b7adc6fd42a924a7c7a6358c0ea.png
16:26:04.610 [Forwarding findElement on session 285311ad3c12f797a13f3a684b55ce07 to remote] DEBUG org.asynchttpclient.netty.request.NettyRequestSender - Using pooled Channel '[id: 0x2a67d4f3, L:/127.0.0.1:61199 - R:localhost/127.0.0.1:61778]' for 'POST' to 'http://localhost:61778/session/285311ad3c12f797a13f3a684b55ce07/element'
16:26:04.610 [Forwarding findElement on session 285311ad3c12f797a13f3a684b55ce07 to remote] DEBUG org.asynchttpclient.netty.request.NettyRequestSender - Using open Channel [id: 0x2a67d4f3, L:/127.0.0.1:61199 - R:localhost/127.0.0.1:61778] for POST '/session/285311ad3c12f797a13f3a684b55ce07/element'
16:26:04.625 [AsyncHttpClient-1-8] DEBUG org.asynchttpclient.netty.handler.HttpHandler - 

Request DefaultHttpRequest(decodeResult: success, version: HTTP/1.1)
POST /session/285311ad3c12f797a13f3a684b55ce07/element HTTP/1.1
User-Agent: selenium/4.1.2 (java windows)
Content-Length: 81
Content-Type: application/json; charset=utf-8
host: localhost:61778
accept: */*

Response DefaultHttpResponse(decodeResult: success, version: HTTP/1.1)
HTTP/1.1 200 OK
Content-Type: application/json; charset=utf-8
cache-control: no-cache
content-length: 88

16:26:04.625 [AsyncHttpClient-1-8] DEBUG org.asynchttpclient.netty.channel.ChannelManager - Adding key: http://localhost:61778 for channel [id: 0x2a67d4f3, L:/127.0.0.1:61199 - R:localhost/127.0.0.1:61778]
16:26:04.627 [Forwarding getElementTagName on session 285311ad3c12f797a13f3a684b55ce07 to remote] DEBUG org.asynchttpclient.netty.request.NettyRequestSender - Using pooled Channel '[id: 0x2a67d4f3, L:/127.0.0.1:61199 - R:localhost/127.0.0.1:61778]' for 'GET' to 'http://localhost:61778/session/285311ad3c12f797a13f3a684b55ce07/element/d7e0d40b-1da5-4f4e-b66c-6f7059165461/name'
16:26:04.627 [Forwarding getElementTagName on session 285311ad3c12f797a13f3a684b55ce07 to remote] DEBUG org.asynchttpclient.netty.request.NettyRequestSender - Using open Channel [id: 0x2a67d4f3, L:/127.0.0.1:61199 - R:localhost/127.0.0.1:61778] for GET '/session/285311ad3c12f797a13f3a684b55ce07/element/d7e0d40b-1da5-4f4e-b66c-6f7059165461/name'
16:26:04.631 [AsyncHttpClient-1-8] DEBUG org.asynchttpclient.netty.handler.HttpHandler - 

Request DefaultFullHttpRequest(decodeResult: success, version: HTTP/1.1, content: EmptyByteBufBE)
GET /session/285311ad3c12f797a13f3a684b55ce07/element/d7e0d40b-1da5-4f4e-b66c-6f7059165461/name HTTP/1.1
User-Agent: selenium/4.1.2 (java windows)
Cache-Control: no-cache
Content-Type: application/json; charset=utf-8
host: localhost:61778
accept: */*

Response DefaultHttpResponse(decodeResult: success, version: HTTP/1.1)
HTTP/1.1 200 OK
Content-Type: application/json; charset=utf-8
cache-control: no-cache
content-length: 16

16:26:04.631 [AsyncHttpClient-1-8] DEBUG org.asynchttpclient.netty.channel.ChannelManager - Adding key: http://localhost:61778 for channel [id: 0x2a67d4f3, L:/127.0.0.1:61199 - R:localhost/127.0.0.1:61778]
16:26:04.632 [Forwarding getElementTagName on session 285311ad3c12f797a13f3a684b55ce07 to remote] DEBUG org.asynchttpclient.netty.request.NettyRequestSender - Using pooled Channel '[id: 0x2a67d4f3, L:/127.0.0.1:61199 - R:localhost/127.0.0.1:61778]' for 'GET' to 'http://localhost:61778/session/285311ad3c12f797a13f3a684b55ce07/element/d7e0d40b-1da5-4f4e-b66c-6f7059165461/name'
16:26:04.633 [Forwarding getElementTagName on session 285311ad3c12f797a13f3a684b55ce07 to remote] DEBUG org.asynchttpclient.netty.request.NettyRequestSender - Using open Channel [id: 0x2a67d4f3, L:/127.0.0.1:61199 - R:localhost/127.0.0.1:61778] for GET '/session/285311ad3c12f797a13f3a684b55ce07/element/d7e0d40b-1da5-4f4e-b66c-6f7059165461/name'
16:26:04.660 [AsyncHttpClient-1-8] DEBUG org.asynchttpclient.netty.handler.HttpHandler - 

Request DefaultFullHttpRequest(decodeResult: success, version: HTTP/1.1, content: EmptyByteBufBE)
GET /session/285311ad3c12f797a13f3a684b55ce07/element/d7e0d40b-1da5-4f4e-b66c-6f7059165461/name HTTP/1.1
User-Agent: selenium/4.1.2 (java windows)
Cache-Control: no-cache
Content-Type: application/json; charset=utf-8
host: localhost:61778
accept: */*

Response DefaultHttpResponse(decodeResult: success, version: HTTP/1.1)
HTTP/1.1 200 OK
Content-Type: application/json; charset=utf-8
cache-control: no-cache
content-length: 16

16:26:04.660 [AsyncHttpClient-1-8] DEBUG org.asynchttpclient.netty.channel.ChannelManager - Adding key: http://localhost:61778 for channel [id: 0x2a67d4f3, L:/127.0.0.1:61199 - R:localhost/127.0.0.1:61778]
16:26:04.662 [Forwarding findElement on session 285311ad3c12f797a13f3a684b55ce07 to remote] DEBUG org.asynchttpclient.netty.request.NettyRequestSender - Using pooled Channel '[id: 0x2a67d4f3, L:/127.0.0.1:61199 - R:localhost/127.0.0.1:61778]' for 'POST' to 'http://localhost:61778/session/285311ad3c12f797a13f3a684b55ce07/element'
16:26:04.662 [Forwarding findElement on session 285311ad3c12f797a13f3a684b55ce07 to remote] DEBUG org.asynchttpclient.netty.request.NettyRequestSender - Using open Channel [id: 0x2a67d4f3, L:/127.0.0.1:61199 - R:localhost/127.0.0.1:61778] for POST '/session/285311ad3c12f797a13f3a684b55ce07/element'
16:26:04.668 [AsyncHttpClient-1-8] DEBUG org.asynchttpclient.netty.handler.HttpHandler - 

Request DefaultHttpRequest(decodeResult: success, version: HTTP/1.1)
POST /session/285311ad3c12f797a13f3a684b55ce07/element HTTP/1.1
User-Agent: selenium/4.1.2 (java windows)
Content-Length: 81
Content-Type: application/json; charset=utf-8
host: localhost:61778
accept: */*

Response DefaultHttpResponse(decodeResult: success, version: HTTP/1.1)
HTTP/1.1 200 OK
Content-Type: application/json; charset=utf-8
cache-control: no-cache
content-length: 88

16:26:04.668 [AsyncHttpClient-1-8] DEBUG org.asynchttpclient.netty.channel.ChannelManager - Adding key: http://localhost:61778 for channel [id: 0x2a67d4f3, L:/127.0.0.1:61199 - R:localhost/127.0.0.1:61778]
16:26:04.669 [Forwarding clickElement on session 285311ad3c12f797a13f3a684b55ce07 to remote] DEBUG org.asynchttpclient.netty.request.NettyRequestSender - Using pooled Channel '[id: 0x2a67d4f3, L:/127.0.0.1:61199 - R:localhost/127.0.0.1:61778]' for 'POST' to 'http://localhost:61778/session/285311ad3c12f797a13f3a684b55ce07/element/d7e0d40b-1da5-4f4e-b66c-6f7059165461/click'
16:26:04.669 [Forwarding clickElement on session 285311ad3c12f797a13f3a684b55ce07 to remote] DEBUG org.asynchttpclient.netty.request.NettyRequestSender - Using open Channel [id: 0x2a67d4f3, L:/127.0.0.1:61199 - R:localhost/127.0.0.1:61778] for POST '/session/285311ad3c12f797a13f3a684b55ce07/element/d7e0d40b-1da5-4f4e-b66c-6f7059165461/click'
16:26:04.770 [AsyncHttpClient-1-1] DEBUG org.asynchttpclient.netty.channel.DefaultChannelPool - Entry count for : http://localhost:61200 : 1
16:26:05.081 [AsyncHttpClient-1-8] DEBUG org.asynchttpclient.netty.handler.HttpHandler - 

Request DefaultHttpRequest(decodeResult: success, version: HTTP/1.1)
POST /session/285311ad3c12f797a13f3a684b55ce07/element/d7e0d40b-1da5-4f4e-b66c-6f7059165461/click HTTP/1.1
User-Agent: selenium/4.1.2 (java windows)
Content-Length: 50
Content-Type: application/json; charset=utf-8
host: localhost:61778
accept: */*

Response DefaultHttpResponse(decodeResult: success, version: HTTP/1.1)
HTTP/1.1 200 OK
Content-Type: application/json; charset=utf-8
cache-control: no-cache
content-length: 14

16:26:05.082 [AsyncHttpClient-1-8] DEBUG org.asynchttpclient.netty.channel.ChannelManager - Adding key: http://localhost:61778 for channel [id: 0x2a67d4f3, L:/127.0.0.1:61199 - R:localhost/127.0.0.1:61778]
  &amp#27;[32mThen &amp#27;[0m&amp#27;[32mI click baby on the header&amp#27;[0m &amp#27;[90m# starter.stepdefinitions.BabyStep.iClickBabyOnTheHeader()&amp#27;[0m
16:26:05.092 [Forwarding screenshot on session 285311ad3c12f797a13f3a684b55ce07 to remote] DEBUG org.asynchttpclient.netty.request.NettyRequestSender - Using pooled Channel '[id: 0x2a67d4f3, L:/127.0.0.1:61199 - R:localhost/127.0.0.1:61778]' for 'GET' to 'http://localhost:61778/session/285311ad3c12f797a13f3a684b55ce07/screenshot'
16:26:05.092 [Forwarding screenshot on session 285311ad3c12f797a13f3a684b55ce07 to remote] DEBUG org.asynchttpclient.netty.request.NettyRequestSender - Using open Channel [id: 0x2a67d4f3, L:/127.0.0.1:61199 - R:localhost/127.0.0.1:61778] for GET '/session/285311ad3c12f797a13f3a684b55ce07/screenshot'
16:26:05.201 [AsyncHttpClient-1-8] DEBUG org.asynchttpclient.netty.handler.HttpHandler - 

Request DefaultFullHttpRequest(decodeResult: success, version: HTTP/1.1, content: EmptyByteBufBE)
GET /session/285311ad3c12f797a13f3a684b55ce07/screenshot HTTP/1.1
User-Agent: selenium/4.1.2 (java windows)
Cache-Control: no-cache
Content-Type: application/json; charset=utf-8
host: localhost:61778
accept: */*

Response DefaultHttpResponse(decodeResult: success, version: HTTP/1.1)
HTTP/1.1 200 OK
Content-Type: application/json; charset=utf-8
cache-control: no-cache
content-length: 61460

16:26:05.201 [AsyncHttpClient-1-8] DEBUG org.asynchttpclient.netty.channel.ChannelManager - Adding key: http://localhost:61778 for channel [id: 0x2a67d4f3, L:/127.0.0.1:61199 - R:localhost/127.0.0.1:61778]
16:26:05.203 [main] DEBUG net.serenitybdd.core.photography.Darkroom - Send negative for processing for target\site\serenity\bd1a06db8a435a3eb5a7b998b7d7224ecc0ed23ebed484723eb499981c4c7918.png
16:26:05.204 [Darkroom Processing Line] DEBUG net.serenitybdd.core.photography.DarkroomProcessingLine - Processing screenshot image in /var/screenshots/screenshot-6376688841635410620
16:26:05.204 [Darkroom Processing Line] DEBUG net.serenitybdd.core.photography.DarkroomProcessingLine - Saving screenshot to target\site\serenity\bd1a06db8a435a3eb5a7b998b7d7224ecc0ed23ebed484723eb499981c4c7918.png
16:26:05.211 [Forwarding findElement on session 285311ad3c12f797a13f3a684b55ce07 to remote] DEBUG org.asynchttpclient.netty.request.NettyRequestSender - Using pooled Channel '[id: 0x2a67d4f3, L:/127.0.0.1:61199 - R:localhost/127.0.0.1:61778]' for 'POST' to 'http://localhost:61778/session/285311ad3c12f797a13f3a684b55ce07/element'
16:26:05.211 [Forwarding findElement on session 285311ad3c12f797a13f3a684b55ce07 to remote] DEBUG org.asynchttpclient.netty.request.NettyRequestSender - Using open Channel [id: 0x2a67d4f3, L:/127.0.0.1:61199 - R:localhost/127.0.0.1:61778] for POST '/session/285311ad3c12f797a13f3a684b55ce07/element'
16:26:05.224 [AsyncHttpClient-1-8] DEBUG org.asynchttpclient.netty.handler.HttpHandler - 

Request DefaultHttpRequest(decodeResult: success, version: HTTP/1.1)
POST /session/285311ad3c12f797a13f3a684b55ce07/element HTTP/1.1
User-Agent: selenium/4.1.2 (java windows)
Content-Length: 104
Content-Type: application/json; charset=utf-8
host: localhost:61778
accept: */*

Response DefaultHttpResponse(decodeResult: success, version: HTTP/1.1)
HTTP/1.1 200 OK
Content-Type: application/json; charset=utf-8
cache-control: no-cache
content-length: 88

16:26:05.224 [AsyncHttpClient-1-8] DEBUG org.asynchttpclient.netty.channel.ChannelManager - Adding key: http://localhost:61778 for channel [id: 0x2a67d4f3, L:/127.0.0.1:61199 - R:localhost/127.0.0.1:61778]
16:26:05.225 [Forwarding getElementTagName on session 285311ad3c12f797a13f3a684b55ce07 to remote] DEBUG org.asynchttpclient.netty.request.NettyRequestSender - Using pooled Channel '[id: 0x2a67d4f3, L:/127.0.0.1:61199 - R:localhost/127.0.0.1:61778]' for 'GET' to 'http://localhost:61778/session/285311ad3c12f797a13f3a684b55ce07/element/4670842c-1ac5-4de8-b761-11b7ab1d3ad2/name'
16:26:05.225 [Forwarding getElementTagName on session 285311ad3c12f797a13f3a684b55ce07 to remote] DEBUG org.asynchttpclient.netty.request.NettyRequestSender - Using open Channel [id: 0x2a67d4f3, L:/127.0.0.1:61199 - R:localhost/127.0.0.1:61778] for GET '/session/285311ad3c12f797a13f3a684b55ce07/element/4670842c-1ac5-4de8-b761-11b7ab1d3ad2/name'
16:26:05.229 [AsyncHttpClient-1-8] DEBUG org.asynchttpclient.netty.handler.HttpHandler - 

Request DefaultFullHttpRequest(decodeResult: success, version: HTTP/1.1, content: EmptyByteBufBE)
GET /session/285311ad3c12f797a13f3a684b55ce07/element/4670842c-1ac5-4de8-b761-11b7ab1d3ad2/name HTTP/1.1
User-Agent: selenium/4.1.2 (java windows)
Cache-Control: no-cache
Content-Type: application/json; charset=utf-8
host: localhost:61778
accept: */*

Response DefaultHttpResponse(decodeResult: success, version: HTTP/1.1)
HTTP/1.1 200 OK
Content-Type: application/json; charset=utf-8
cache-control: no-cache
content-length: 16

16:26:05.229 [AsyncHttpClient-1-8] DEBUG org.asynchttpclient.netty.channel.ChannelManager - Adding key: http://localhost:61778 for channel [id: 0x2a67d4f3, L:/127.0.0.1:61199 - R:localhost/127.0.0.1:61778]
16:26:05.230 [Forwarding getElementTagName on session 285311ad3c12f797a13f3a684b55ce07 to remote] DEBUG org.asynchttpclient.netty.request.NettyRequestSender - Using pooled Channel '[id: 0x2a67d4f3, L:/127.0.0.1:61199 - R:localhost/127.0.0.1:61778]' for 'GET' to 'http://localhost:61778/session/285311ad3c12f797a13f3a684b55ce07/element/4670842c-1ac5-4de8-b761-11b7ab1d3ad2/name'
16:26:05.230 [Forwarding getElementTagName on session 285311ad3c12f797a13f3a684b55ce07 to remote] DEBUG org.asynchttpclient.netty.request.NettyRequestSender - Using open Channel [id: 0x2a67d4f3, L:/127.0.0.1:61199 - R:localhost/127.0.0.1:61778] for GET '/session/285311ad3c12f797a13f3a684b55ce07/element/4670842c-1ac5-4de8-b761-11b7ab1d3ad2/name'
16:26:05.234 [AsyncHttpClient-1-8] DEBUG org.asynchttpclient.netty.handler.HttpHandler - 

Request DefaultFullHttpRequest(decodeResult: success, version: HTTP/1.1, content: EmptyByteBufBE)
GET /session/285311ad3c12f797a13f3a684b55ce07/element/4670842c-1ac5-4de8-b761-11b7ab1d3ad2/name HTTP/1.1
User-Agent: selenium/4.1.2 (java windows)
Cache-Control: no-cache
Content-Type: application/json; charset=utf-8
host: localhost:61778
accept: */*

Response DefaultHttpResponse(decodeResult: success, version: HTTP/1.1)
HTTP/1.1 200 OK
Content-Type: application/json; charset=utf-8
cache-control: no-cache
content-length: 16

16:26:05.235 [AsyncHttpClient-1-8] DEBUG org.asynchttpclient.netty.channel.ChannelManager - Adding key: http://localhost:61778 for channel [id: 0x2a67d4f3, L:/127.0.0.1:61199 - R:localhost/127.0.0.1:61778]
16:26:05.236 [Forwarding findElement on session 285311ad3c12f797a13f3a684b55ce07 to remote] DEBUG org.asynchttpclient.netty.request.NettyRequestSender - Using pooled Channel '[id: 0x2a67d4f3, L:/127.0.0.1:61199 - R:localhost/127.0.0.1:61778]' for 'POST' to 'http://localhost:61778/session/285311ad3c12f797a13f3a684b55ce07/element'
16:26:05.236 [Forwarding findElement on session 285311ad3c12f797a13f3a684b55ce07 to remote] DEBUG org.asynchttpclient.netty.request.NettyRequestSender - Using open Channel [id: 0x2a67d4f3, L:/127.0.0.1:61199 - R:localhost/127.0.0.1:61778] for POST '/session/285311ad3c12f797a13f3a684b55ce07/element'
16:26:05.242 [AsyncHttpClient-1-8] DEBUG org.asynchttpclient.netty.handler.HttpHandler - 

Request DefaultHttpRequest(decodeResult: success, version: HTTP/1.1)
POST /session/285311ad3c12f797a13f3a684b55ce07/element HTTP/1.1
User-Agent: selenium/4.1.2 (java windows)
Content-Length: 104
Content-Type: application/json; charset=utf-8
host: localhost:61778
accept: */*

Response DefaultHttpResponse(decodeResult: success, version: HTTP/1.1)
HTTP/1.1 200 OK
Content-Type: application/json; charset=utf-8
cache-control: no-cache
content-length: 88

16:26:05.242 [AsyncHttpClient-1-8] DEBUG org.asynchttpclient.netty.channel.ChannelManager - Adding key: http://localhost:61778 for channel [id: 0x2a67d4f3, L:/127.0.0.1:61199 - R:localhost/127.0.0.1:61778]
16:26:05.243 [Forwarding clickElement on session 285311ad3c12f797a13f3a684b55ce07 to remote] DEBUG org.asynchttpclient.netty.request.NettyRequestSender - Using pooled Channel '[id: 0x2a67d4f3, L:/127.0.0.1:61199 - R:localhost/127.0.0.1:61778]' for 'POST' to 'http://localhost:61778/session/285311ad3c12f797a13f3a684b55ce07/element/4670842c-1ac5-4de8-b761-11b7ab1d3ad2/click'
16:26:05.243 [Forwarding clickElement on session 285311ad3c12f797a13f3a684b55ce07 to remote] DEBUG org.asynchttpclient.netty.request.NettyRequestSender - Using open Channel [id: 0x2a67d4f3, L:/127.0.0.1:61199 - R:localhost/127.0.0.1:61778] for POST '/session/285311ad3c12f797a13f3a684b55ce07/element/4670842c-1ac5-4de8-b761-11b7ab1d3ad2/click'
16:26:05.399 [AsyncHttpClient-1-8] DEBUG org.asynchttpclient.netty.handler.HttpHandler - 

Request DefaultHttpRequest(decodeResult: success, version: HTTP/1.1)
POST /session/285311ad3c12f797a13f3a684b55ce07/element/4670842c-1ac5-4de8-b761-11b7ab1d3ad2/click HTTP/1.1
User-Agent: selenium/4.1.2 (java windows)
Content-Length: 50
Content-Type: application/json; charset=utf-8
host: localhost:61778
accept: */*

Response DefaultHttpResponse(decodeResult: success, version: HTTP/1.1)
HTTP/1.1 200 OK
Content-Type: application/json; charset=utf-8
cache-control: no-cache
content-length: 14

16:26:05.399 [AsyncHttpClient-1-8] DEBUG org.asynchttpclient.netty.channel.ChannelManager - Adding key: http://localhost:61778 for channel [id: 0x2a67d4f3, L:/127.0.0.1:61199 - R:localhost/127.0.0.1:61778]
  &amp#27;[32mWhen &amp#27;[0m&amp#27;[32mI will go to &amp#27;[0m&amp#27;[32m&amp#27;[1m"piyama"&amp#27;[0m      &amp#27;[90m# starter.stepdefinitions.BabyStep.iWillGoTo(java.lang.String)&amp#27;[0m
16:26:05.407 [Forwarding screenshot on session 285311ad3c12f797a13f3a684b55ce07 to remote] DEBUG org.asynchttpclient.netty.request.NettyRequestSender - Using pooled Channel '[id: 0x2a67d4f3, L:/127.0.0.1:61199 - R:localhost/127.0.0.1:61778]' for 'GET' to 'http://localhost:61778/session/285311ad3c12f797a13f3a684b55ce07/screenshot'
16:26:05.407 [Forwarding screenshot on session 285311ad3c12f797a13f3a684b55ce07 to remote] DEBUG org.asynchttpclient.netty.request.NettyRequestSender - Using open Channel [id: 0x2a67d4f3, L:/127.0.0.1:61199 - R:localhost/127.0.0.1:61778] for GET '/session/285311ad3c12f797a13f3a684b55ce07/screenshot'
16:26:05.552 [AsyncHttpClient-1-8] DEBUG org.asynchttpclient.netty.handler.HttpHandler - 

Request DefaultFullHttpRequest(decodeResult: success, version: HTTP/1.1, content: EmptyByteBufBE)
GET /session/285311ad3c12f797a13f3a684b55ce07/screenshot HTTP/1.1
User-Agent: selenium/4.1.2 (java windows)
Cache-Control: no-cache
Content-Type: application/json; charset=utf-8
host: localhost:61778
accept: */*

Response DefaultHttpResponse(decodeResult: success, version: HTTP/1.1)
HTTP/1.1 200 OK
Content-Type: application/json; charset=utf-8
cache-control: no-cache
content-length: 88796

16:26:05.552 [AsyncHttpClient-1-8] DEBUG org.asynchttpclient.netty.channel.ChannelManager - Adding key: http://localhost:61778 for channel [id: 0x2a67d4f3, L:/127.0.0.1:61199 - R:localhost/127.0.0.1:61778]
16:26:05.555 [main] DEBUG net.serenitybdd.core.photography.Darkroom - Send negative for processing for target\site\serenity\9d605164479023c2895f23aeb9beeb828d62b0600434ecf32bec54943b1f40ea.png
16:26:05.555 [Darkroom Processing Line] DEBUG net.serenitybdd.core.photography.DarkroomProcessingLine - Processing screenshot image in /var/screenshots/screenshot-11502461827913924707
16:26:05.555 [Darkroom Processing Line] DEBUG net.serenitybdd.core.photography.DarkroomProcessingLine - Saving screenshot to target\site\serenity\9d605164479023c2895f23aeb9beeb828d62b0600434ecf32bec54943b1f40ea.png
16:26:05.561 [Forwarding findElement on session 285311ad3c12f797a13f3a684b55ce07 to remote] DEBUG org.asynchttpclient.netty.request.NettyRequestSender - Using pooled Channel '[id: 0x2a67d4f3, L:/127.0.0.1:61199 - R:localhost/127.0.0.1:61778]' for 'POST' to 'http://localhost:61778/session/285311ad3c12f797a13f3a684b55ce07/element'
16:26:05.561 [Forwarding findElement on session 285311ad3c12f797a13f3a684b55ce07 to remote] DEBUG org.asynchttpclient.netty.request.NettyRequestSender - Using open Channel [id: 0x2a67d4f3, L:/127.0.0.1:61199 - R:localhost/127.0.0.1:61778] for POST '/session/285311ad3c12f797a13f3a684b55ce07/element'
16:26:05.866 [AsyncHttpClient-1-1] DEBUG org.asynchttpclient.netty.channel.DefaultChannelPool - Entry count for : http://localhost:61200 : 1
16:26:05.986 [AsyncHttpClient-1-8] DEBUG org.asynchttpclient.netty.handler.HttpHandler - 

Request DefaultHttpRequest(decodeResult: success, version: HTTP/1.1)
POST /session/285311ad3c12f797a13f3a684b55ce07/element HTTP/1.1
User-Agent: selenium/4.1.2 (java windows)
Content-Length: 89
Content-Type: application/json; charset=utf-8
host: localhost:61778
accept: */*

Response DefaultHttpResponse(decodeResult: success, version: HTTP/1.1)
HTTP/1.1 200 OK
Content-Type: application/json; charset=utf-8
cache-control: no-cache
content-length: 88

16:26:05.986 [AsyncHttpClient-1-8] DEBUG org.asynchttpclient.netty.channel.ChannelManager - Adding key: http://localhost:61778 for channel [id: 0x2a67d4f3, L:/127.0.0.1:61199 - R:localhost/127.0.0.1:61778]
16:26:05.989 [Forwarding isElementDisplayed on session 285311ad3c12f797a13f3a684b55ce07 to remote] DEBUG org.asynchttpclient.netty.request.NettyRequestSender - Using pooled Channel '[id: 0x2a67d4f3, L:/127.0.0.1:61199 - R:localhost/127.0.0.1:61778]' for 'POST' to 'http://localhost:61778/session/285311ad3c12f797a13f3a684b55ce07/execute/sync'
16:26:05.989 [Forwarding isElementDisplayed on session 285311ad3c12f797a13f3a684b55ce07 to remote] DEBUG org.asynchttpclient.netty.request.NettyRequestSender - Using open Channel [id: 0x2a67d4f3, L:/127.0.0.1:61199 - R:localhost/127.0.0.1:61778] for POST '/session/285311ad3c12f797a13f3a684b55ce07/execute/sync'
16:26:06.001 [AsyncHttpClient-1-8] DEBUG org.asynchttpclient.netty.handler.HttpHandler - 

Request DefaultHttpRequest(decodeResult: success, version: HTTP/1.1)
POST /session/285311ad3c12f797a13f3a684b55ce07/execute/sync HTTP/1.1
User-Agent: selenium/4.1.2 (java windows)
Content-Length: 48780
Content-Type: application/json; charset=utf-8
host: localhost:61778
accept: */*

Response DefaultHttpResponse(decodeResult: success, version: HTTP/1.1)
HTTP/1.1 200 OK
Content-Type: application/json; charset=utf-8
cache-control: no-cache
content-length: 14

16:26:06.001 [AsyncHttpClient-1-8] DEBUG org.asynchttpclient.netty.channel.ChannelManager - Adding key: http://localhost:61778 for channel [id: 0x2a67d4f3, L:/127.0.0.1:61199 - R:localhost/127.0.0.1:61778]
  &amp#27;[32mAnd &amp#27;[0m&amp#27;[32mI &amp#27;[0m&amp#27;[32m&amp#27;[1m"txtPiyama"&amp#27;[0m&amp#27;[32m page&amp#27;[0m          &amp#27;[90m# starter.stepdefinitions.BabyStep.iPage(java.lang.String)&amp#27;[0m
16:26:06.005 [Forwarding screenshot on session 285311ad3c12f797a13f3a684b55ce07 to remote] DEBUG org.asynchttpclient.netty.request.NettyRequestSender - Using pooled Channel '[id: 0x2a67d4f3, L:/127.0.0.1:61199 - R:localhost/127.0.0.1:61778]' for 'GET' to 'http://localhost:61778/session/285311ad3c12f797a13f3a684b55ce07/screenshot'
16:26:06.005 [Forwarding screenshot on session 285311ad3c12f797a13f3a684b55ce07 to remote] DEBUG org.asynchttpclient.netty.request.NettyRequestSender - Using open Channel [id: 0x2a67d4f3, L:/127.0.0.1:61199 - R:localhost/127.0.0.1:61778] for GET '/session/285311ad3c12f797a13f3a684b55ce07/screenshot'
16:26:06.113 [AsyncHttpClient-1-8] DEBUG org.asynchttpclient.netty.handler.HttpHandler - 

Request DefaultFullHttpRequest(decodeResult: success, version: HTTP/1.1, content: EmptyByteBufBE)
GET /session/285311ad3c12f797a13f3a684b55ce07/screenshot HTTP/1.1
User-Agent: selenium/4.1.2 (java windows)
Cache-Control: no-cache
Content-Type: application/json; charset=utf-8
host: localhost:61778
accept: */*

Response DefaultHttpResponse(decodeResult: success, version: HTTP/1.1)
HTTP/1.1 200 OK
Content-Type: application/json; charset=utf-8
cache-control: no-cache
content-length: 131388

16:26:06.114 [AsyncHttpClient-1-8] DEBUG org.asynchttpclient.netty.channel.ChannelManager - Adding key: http://localhost:61778 for channel [id: 0x2a67d4f3, L:/127.0.0.1:61199 - R:localhost/127.0.0.1:61778]
16:26:06.117 [main] DEBUG net.serenitybdd.core.photography.Darkroom - Send negative for processing for target\site\serenity\ee26b532538b05f4d58c2f7f0345ad5eae2801c027f1bce2df149c8d38e99d21.png
16:26:06.118 [Darkroom Processing Line] DEBUG net.serenitybdd.core.photography.DarkroomProcessingLine - Processing screenshot image in /var/screenshots/screenshot-1851620050352795606
16:26:06.118 [Darkroom Processing Line] DEBUG net.serenitybdd.core.photography.DarkroomProcessingLine - Saving screenshot to target\site\serenity\ee26b532538b05f4d58c2f7f0345ad5eae2801c027f1bce2df149c8d38e99d21.png
16:26:06.122 [AsyncHttpClient-1-10] DEBUG org.asynchttpclient.netty.handler.WebSocketHandler - Channel Closed: [id: 0x003466cb, L:/127.0.0.1:61206 ! R:localhost/127.0.0.1:61200] with attribute NettyResponseFuture{currentRetry=5,
	isDone=1,
	isCancelled=0,
	asyncHandler=org.asynchttpclient.ws.WebSocketUpgradeHandler@95d359a,
	nettyRequest=org.asynchttpclient.netty.request.NettyRequest@397739a5,
	future=java.util.concurrent.CompletableFuture@31104eff[Completed normally],
	uri=ws://localhost:61200/devtools/browser/02fc8701-54ef-45d0-b27f-fbfb9e2575e0,
	keepAlive=true,
	redirectCount=0,
	timeoutsHolder=null,
	inAuth=0,
	touch=1680859555853}
16:26:06.122 [AsyncHttpClient-1-10] DEBUG org.asynchttpclient.netty.channel.ChannelManager - Closing Channel [id: 0x003466cb, L:/127.0.0.1:61206 ! R:localhost/127.0.0.1:61200] 
16:26:06.122 [Driver Command Executor] DEBUG org.asynchttpclient.netty.request.NettyRequestSender - Using pooled Channel '[id: 0x2a67d4f3, L:/127.0.0.1:61199 - R:localhost/127.0.0.1:61778]' for 'DELETE' to 'http://localhost:61778/session/285311ad3c12f797a13f3a684b55ce07'
16:26:06.122 [Driver Command Executor] DEBUG org.asynchttpclient.netty.request.NettyRequestSender - Using open Channel [id: 0x2a67d4f3, L:/127.0.0.1:61199 - R:localhost/127.0.0.1:61778] for DELETE '/session/285311ad3c12f797a13f3a684b55ce07'
16:26:06.155 [AsyncHttpClient-1-9] DEBUG org.asynchttpclient.netty.handler.HttpHandler - Unexpected I/O exception on channel [id: 0x91c39f48, L:/127.0.0.1:61205 - R:localhost/127.0.0.1:61200]
java.net.SocketException: Connection reset
	at java.base/sun.nio.ch.SocketChannelImpl.throwConnectionReset(SocketChannelImpl.java:345)
	at java.base/sun.nio.ch.SocketChannelImpl.read(SocketChannelImpl.java:376)
	at io.netty.buffer.PooledByteBuf.setBytes(PooledByteBuf.java:258)
	at io.netty.buffer.AbstractByteBuf.writeBytes(AbstractByteBuf.java:1132)
	at io.netty.channel.socket.nio.NioSocketChannel.doReadBytes(NioSocketChannel.java:350)
	at io.netty.channel.nio.AbstractNioByteChannel$NioByteUnsafe.read(AbstractNioByteChannel.java:151)
	at io.netty.channel.nio.NioEventLoop.processSelectedKey(NioEventLoop.java:722)
	at io.netty.channel.nio.NioEventLoop.processSelectedKeysOptimized(NioEventLoop.java:658)
	at io.netty.channel.nio.NioEventLoop.processSelectedKeys(NioEventLoop.java:584)
	at io.netty.channel.nio.NioEventLoop.run(NioEventLoop.java:496)
	at io.netty.util.concurrent.SingleThreadEventExecutor$4.run(SingleThreadEventExecutor.java:986)
	at io.netty.util.internal.ThreadExecutorMap$2.run(ThreadExecutorMap.java:74)
	at io.netty.util.concurrent.FastThreadLocalRunnable.run(FastThreadLocalRunnable.java:30)
	at java.base/java.lang.Thread.run(Thread.java:830)
16:26:06.155 [AsyncHttpClient-1-9] DEBUG org.asynchttpclient.netty.channel.ChannelManager - Closing Channel [id: 0x91c39f48, L:/127.0.0.1:61205 - R:localhost/127.0.0.1:61200] 
16:26:06.156 [AsyncHttpClient-1-9] DEBUG org.asynchttpclient.netty.handler.HttpHandler - Channel Closed: [id: 0x91c39f48, L:/127.0.0.1:61205 ! R:localhost/127.0.0.1:61200] with attribute DISCARD
16:26:06.180 [AsyncHttpClient-1-8] DEBUG org.asynchttpclient.netty.handler.HttpHandler - 

Request DefaultFullHttpRequest(decodeResult: success, version: HTTP/1.1, content: EmptyByteBufBE)
DELETE /session/285311ad3c12f797a13f3a684b55ce07 HTTP/1.1
User-Agent: selenium/4.1.2 (java windows)
Content-Type: application/json; charset=utf-8
host: localhost:61778
accept: */*

Response DefaultHttpResponse(decodeResult: success, version: HTTP/1.1)
HTTP/1.1 200 OK
Content-Type: application/json; charset=utf-8
cache-control: no-cache
content-length: 14

16:26:06.180 [AsyncHttpClient-1-8] DEBUG org.asynchttpclient.netty.channel.ChannelManager - Adding key: http://localhost:61778 for channel [id: 0x2a67d4f3, L:/127.0.0.1:61199 - R:localhost/127.0.0.1:61778]
16:26:06.288 [AsyncHttpClient-1-8] DEBUG org.asynchttpclient.netty.handler.HttpHandler - Channel Closed: [id: 0x2a67d4f3, L:/127.0.0.1:61199 ! R:localhost/127.0.0.1:61778] with attribute DISCARD
]]></system-out>
    <system-err><![CDATA[Starting Microsoft Edge WebDriver 111.0.1661.62 (0a8f453929e6410c973aa529a40485ce4e3e03db) on port 61778
To submit feedback, report a bug, or suggest new features, please visit https://github.com/MicrosoftEdge/EdgeWebDriver

Only local connections are allowed.
Please see https://aka.ms/WebDriverSecurity for suggestions on keeping Microsoft Edge WebDriver safe.

Microsoft Edge WebDriver was started successfully.
Apr 07, 2023 4:25:55 PM org.openqa.selenium.remote.ProtocolHandshake createSession
INFO: Detected dialect: W3C
Apr 07, 2023 4:25:55 PM org.openqa.selenium.devtools.CdpVersionFinder findNearestMatch
WARNING: Unable to find an exact match for CDP version 111, so returning the closest version found: a no-op implementation
Apr 07, 2023 4:25:55 PM org.openqa.selenium.devtools.CdpVersionFinder findNearestMatch
INFO: Unable to find CDP implementation matching 111.
Apr 07, 2023 4:25:55 PM org.openqa.selenium.chromium.ChromiumDriver lambda$new$3
WARNING: Unable to find version of CDP to use for . You may need to include a dependency on a specific version of the CDP using something similar to `org.seleniumhq.selenium:selenium-devtools-v86:4.1.2` where the version ("v86") matches the version of the chromium-based browser you're using and the version number of the artifact is the same as Selenium's.
]]></system-err>
  </testcase>
  <testcase name="Fitur Menu Baby #20" classname="Baby" time="12.569">
    <system-out><![CDATA[
Scenario Outline: Fitur Menu Baby &amp#27;[90m# src/test/resources/features/Baby.feature:32&amp#27;[0m
16:26:06.894 [main] INFO io.cucumber.core.plugin.SerenityReporter - Running feature from file:///C:/Users/alwi/IdeaProjects/uniqloweb/src/test/resources/features/Baby.feature
16:26:06.967 [AsyncHttpClient-1-1] DEBUG org.asynchttpclient.netty.channel.DefaultChannelPool - Entry count for : http://localhost:61200 : 1
16:26:06.967 [AsyncHttpClient-1-1] DEBUG org.asynchttpclient.netty.channel.DefaultChannelPool - Entry count for : http://localhost:61778 : 1
16:26:06.967 [AsyncHttpClient-1-1] DEBUG org.asynchttpclient.netty.channel.DefaultChannelPool - Adding Candidate expired Channel [id: 0x91c39f48, L:/127.0.0.1:61205 ! R:localhost/127.0.0.1:61200] isIdleTimeoutExpired=false isRemotelyClosed=true isTtlExpired=false
16:26:06.967 [AsyncHttpClient-1-1] DEBUG org.asynchttpclient.netty.channel.DefaultChannelPool - Closing Idle Channel [id: 0x91c39f48, L:/127.0.0.1:61205 ! R:localhost/127.0.0.1:61200]
16:26:06.967 [AsyncHttpClient-1-1] DEBUG org.asynchttpclient.netty.channel.DefaultChannelPool - Adding Candidate expired Channel [id: 0x2a67d4f3, L:/127.0.0.1:61199 ! R:localhost/127.0.0.1:61778] isIdleTimeoutExpired=false isRemotelyClosed=true isTtlExpired=false
16:26:06.967 [AsyncHttpClient-1-1] DEBUG org.asynchttpclient.netty.channel.DefaultChannelPool - Closing Idle Channel [id: 0x2a67d4f3, L:/127.0.0.1:61199 ! R:localhost/127.0.0.1:61778]
16:26:06.967 [AsyncHttpClient-1-1] DEBUG org.asynchttpclient.netty.channel.DefaultChannelPool - Closed 2 connections out of 2 in 0 ms
16:26:07.008 [main] DEBUG io.github.bonigarcia.wdm.cache.ResolutionCache - Resolution edge=111 in cache (valid until 17:21:26 07/04/2023 WIB)
16:26:07.012 [main] DEBUG io.github.bonigarcia.wdm.cache.ResolutionCache - Resolution edge111=111.0.1661.62 in cache (valid until 15:02:35 08/04/2023 WIB)
16:26:07.014 [main] INFO io.github.bonigarcia.wdm.WebDriverManager - Using msedgedriver 111.0.1661.62 (resolved driver for Edge 111)
16:26:07.024 [main] DEBUG io.github.bonigarcia.wdm.WebDriverManager - Driver msedgedriver 111.0.1661.62 found in cache
16:26:07.024 [main] INFO io.github.bonigarcia.wdm.WebDriverManager - Exporting webdriver.edge.driver as C:\Users\alwi\.cache\selenium\msedgedriver\win64\111.0.1661.62\msedgedriver.exe
16:26:07.026 [main] DEBUG net.serenitybdd.core.webdriver.driverproviders.ProvideNewDriver - Instantiating driver
16:26:07.026 [main] DEBUG net.serenitybdd.core.webdriver.driverproviders.ProvideNewDriver - Driver capabilities: Capabilities {base.url: https://www.uniqlo.com, chrome.driver: src/test/resources/webdrive..., driver: edge, ms:edgeChromium: true, ms:edgeOptions: {}, wait.for.timeout: 6000}
16:26:07.565 [AsyncHttpClient-1-11] DEBUG org.asynchttpclient.netty.channel.NettyConnectListener - Using new Channel '[id: 0x8275c6bd, L:/127.0.0.1:61325 - R:localhost/127.0.0.1:61242]' for 'POST' to '/session'
16:26:08.120 [AsyncHttpClient-1-11] DEBUG org.asynchttpclient.netty.handler.HttpHandler - 

Request DefaultHttpRequest(decodeResult: success, version: HTTP/1.1)
POST /session HTTP/1.1
User-Agent: selenium/4.1.2 (java windows)
Content-Length: 627
Content-Type: application/json; charset=utf-8
host: localhost:61242
accept: */*

Response DefaultHttpResponse(decodeResult: success, version: HTTP/1.1)
HTTP/1.1 200 OK
Content-Type: application/json; charset=utf-8
cache-control: no-cache
content-length: 823

16:26:08.120 [AsyncHttpClient-1-11] DEBUG org.asynchttpclient.netty.channel.ChannelManager - Adding key: http://localhost:61242 for channel [id: 0x8275c6bd, L:/127.0.0.1:61325 - R:localhost/127.0.0.1:61242]
16:26:08.126 [AsyncHttpClient-1-12] DEBUG org.asynchttpclient.netty.channel.NettyConnectListener - Using new Channel '[id: 0x5bd187e4, L:/127.0.0.1:61334 - R:localhost/127.0.0.1:61327]' for 'GET' to '/json/version'
16:26:08.126 [AsyncHttpClient-1-12] DEBUG org.asynchttpclient.netty.handler.HttpHandler - 

Request DefaultFullHttpRequest(decodeResult: success, version: HTTP/1.1, content: EmptyByteBufBE)
GET /json/version HTTP/1.1
User-Agent: selenium/4.1.2 (java windows)
host: localhost:61327
accept: */*

Response DefaultHttpResponse(decodeResult: success, version: HTTP/1.1)
HTTP/1.1 200 OK
Content-Security-Policy: frame-ancestors 'none'
Content-Type: application/json; charset=UTF-8
content-length: 436

16:26:08.126 [AsyncHttpClient-1-12] DEBUG org.asynchttpclient.netty.channel.ChannelManager - Adding key: http://localhost:61327 for channel [id: 0x5bd187e4, L:/127.0.0.1:61334 - R:localhost/127.0.0.1:61327]
16:26:08.128 [AsyncHttpClient-1-13] DEBUG org.asynchttpclient.netty.channel.NettyConnectListener - Using new Channel '[id: 0x9cd89c62, L:/127.0.0.1:61335 - R:localhost/127.0.0.1:61327]' for 'GET' to '/devtools/browser/0aab0c3b-1faa-44c0-8efc-e0fa04359262'
16:26:08.128 [AsyncHttpClient-1-13] DEBUG org.asynchttpclient.netty.handler.WebSocketHandler - 

Request DefaultFullHttpRequest(decodeResult: success, version: HTTP/1.1, content: EmptyByteBufBE)
GET /devtools/browser/0aab0c3b-1faa-44c0-8efc-e0fa04359262 HTTP/1.1
upgrade: websocket
connection: upgrade
sec-websocket-key: PkZKbwQji+MYOkwDWTVUKQ==
sec-websocket-version: 13
origin: http://localhost:61327
host: localhost:61327
accept: */*
user-agent: AHC/2.1

Response DefaultHttpResponse(decodeResult: success, version: HTTP/1.1)
HTTP/1.1 101 WebSocket Protocol Handshake
Upgrade: WebSocket
Connection: Upgrade
Sec-WebSocket-Accept: W2gv1YBiRsUxfV4HHeClILZ7WhY=

16:26:08.132 [Forwarding get on session ad166ba112aaab6dd4cdb9a43b65cdb1 to remote] DEBUG org.asynchttpclient.netty.request.NettyRequestSender - Using pooled Channel '[id: 0x8275c6bd, L:/127.0.0.1:61325 - R:localhost/127.0.0.1:61242]' for 'POST' to 'http://localhost:61242/session/ad166ba112aaab6dd4cdb9a43b65cdb1/url'
16:26:08.132 [Forwarding get on session ad166ba112aaab6dd4cdb9a43b65cdb1 to remote] DEBUG org.asynchttpclient.netty.request.NettyRequestSender - Using open Channel [id: 0x8275c6bd, L:/127.0.0.1:61325 - R:localhost/127.0.0.1:61242] for POST '/session/ad166ba112aaab6dd4cdb9a43b65cdb1/url'
16:26:09.171 [AsyncHttpClient-1-1] DEBUG org.asynchttpclient.netty.channel.DefaultChannelPool - Entry count for : http://localhost:61327 : 1
16:26:10.266 [AsyncHttpClient-1-1] DEBUG org.asynchttpclient.netty.channel.DefaultChannelPool - Entry count for : http://localhost:61327 : 1
16:26:11.367 [AsyncHttpClient-1-1] DEBUG org.asynchttpclient.netty.channel.DefaultChannelPool - Entry count for : http://localhost:61327 : 1
16:26:12.465 [AsyncHttpClient-1-1] DEBUG org.asynchttpclient.netty.channel.DefaultChannelPool - Entry count for : http://localhost:61327 : 1
16:26:13.565 [AsyncHttpClient-1-1] DEBUG org.asynchttpclient.netty.channel.DefaultChannelPool - Entry count for : http://localhost:61327 : 1
16:26:14.666 [AsyncHttpClient-1-1] DEBUG org.asynchttpclient.netty.channel.DefaultChannelPool - Entry count for : http://localhost:61327 : 1
16:26:15.766 [AsyncHttpClient-1-1] DEBUG org.asynchttpclient.netty.channel.DefaultChannelPool - Entry count for : http://localhost:61327 : 1
16:26:16.865 [AsyncHttpClient-1-1] DEBUG org.asynchttpclient.netty.channel.DefaultChannelPool - Entry count for : http://localhost:61327 : 1
16:26:16.944 [AsyncHttpClient-1-11] DEBUG org.asynchttpclient.netty.handler.HttpHandler - 

Request DefaultHttpRequest(decodeResult: success, version: HTTP/1.1)
POST /session/ad166ba112aaab6dd4cdb9a43b65cdb1/url HTTP/1.1
User-Agent: selenium/4.1.2 (java windows)
Content-Length: 53
Content-Type: application/json; charset=utf-8
host: localhost:61242
accept: */*

Response DefaultHttpResponse(decodeResult: success, version: HTTP/1.1)
HTTP/1.1 200 OK
Content-Type: application/json; charset=utf-8
cache-control: no-cache
content-length: 14

16:26:16.944 [AsyncHttpClient-1-11] DEBUG org.asynchttpclient.netty.channel.ChannelManager - Adding key: http://localhost:61242 for channel [id: 0x8275c6bd, L:/127.0.0.1:61325 - R:localhost/127.0.0.1:61242]
16:26:16.946 [Forwarding setTimeout on session ad166ba112aaab6dd4cdb9a43b65cdb1 to remote] DEBUG org.asynchttpclient.netty.request.NettyRequestSender - Using pooled Channel '[id: 0x8275c6bd, L:/127.0.0.1:61325 - R:localhost/127.0.0.1:61242]' for 'POST' to 'http://localhost:61242/session/ad166ba112aaab6dd4cdb9a43b65cdb1/timeouts'
16:26:16.946 [Forwarding setTimeout on session ad166ba112aaab6dd4cdb9a43b65cdb1 to remote] DEBUG org.asynchttpclient.netty.request.NettyRequestSender - Using open Channel [id: 0x8275c6bd, L:/127.0.0.1:61325 - R:localhost/127.0.0.1:61242] for POST '/session/ad166ba112aaab6dd4cdb9a43b65cdb1/timeouts'
16:26:16.947 [AsyncHttpClient-1-11] DEBUG org.asynchttpclient.netty.handler.HttpHandler - 

Request DefaultHttpRequest(decodeResult: success, version: HTTP/1.1)
POST /session/ad166ba112aaab6dd4cdb9a43b65cdb1/timeouts HTTP/1.1
User-Agent: selenium/4.1.2 (java windows)
Content-Length: 22
Content-Type: application/json; charset=utf-8
host: localhost:61242
accept: */*

Response DefaultHttpResponse(decodeResult: success, version: HTTP/1.1)
HTTP/1.1 200 OK
Content-Type: application/json; charset=utf-8
cache-control: no-cache
content-length: 14

16:26:16.947 [AsyncHttpClient-1-11] DEBUG org.asynchttpclient.netty.channel.ChannelManager - Adding key: http://localhost:61242 for channel [id: 0x8275c6bd, L:/127.0.0.1:61325 - R:localhost/127.0.0.1:61242]
16:26:16.949 [Forwarding getCurrentUrl on session ad166ba112aaab6dd4cdb9a43b65cdb1 to remote] DEBUG org.asynchttpclient.netty.request.NettyRequestSender - Using pooled Channel '[id: 0x8275c6bd, L:/127.0.0.1:61325 - R:localhost/127.0.0.1:61242]' for 'GET' to 'http://localhost:61242/session/ad166ba112aaab6dd4cdb9a43b65cdb1/url'
16:26:16.950 [Forwarding getCurrentUrl on session ad166ba112aaab6dd4cdb9a43b65cdb1 to remote] DEBUG org.asynchttpclient.netty.request.NettyRequestSender - Using open Channel [id: 0x8275c6bd, L:/127.0.0.1:61325 - R:localhost/127.0.0.1:61242] for GET '/session/ad166ba112aaab6dd4cdb9a43b65cdb1/url'
16:26:16.954 [AsyncHttpClient-1-11] DEBUG org.asynchttpclient.netty.handler.HttpHandler - 

Request DefaultFullHttpRequest(decodeResult: success, version: HTTP/1.1, content: EmptyByteBufBE)
GET /session/ad166ba112aaab6dd4cdb9a43b65cdb1/url HTTP/1.1
User-Agent: selenium/4.1.2 (java windows)
Cache-Control: no-cache
Content-Type: application/json; charset=utf-8
host: localhost:61242
accept: */*

Response DefaultHttpResponse(decodeResult: success, version: HTTP/1.1)
HTTP/1.1 200 OK
Content-Type: application/json; charset=utf-8
cache-control: no-cache
content-length: 41

16:26:16.954 [AsyncHttpClient-1-11] DEBUG org.asynchttpclient.netty.channel.ChannelManager - Adding key: http://localhost:61242 for channel [id: 0x8275c6bd, L:/127.0.0.1:61325 - R:localhost/127.0.0.1:61242]
  &amp#27;[32mGiven &amp#27;[0m&amp#27;[32mI am on the home page&amp#27;[0m     &amp#27;[90m# starter.stepdefinitions.BabyStep.iAmOnTheHomePage()&amp#27;[0m
16:26:16.961 [Forwarding screenshot on session ad166ba112aaab6dd4cdb9a43b65cdb1 to remote] DEBUG org.asynchttpclient.netty.request.NettyRequestSender - Using pooled Channel '[id: 0x8275c6bd, L:/127.0.0.1:61325 - R:localhost/127.0.0.1:61242]' for 'GET' to 'http://localhost:61242/session/ad166ba112aaab6dd4cdb9a43b65cdb1/screenshot'
16:26:16.961 [Forwarding screenshot on session ad166ba112aaab6dd4cdb9a43b65cdb1 to remote] DEBUG org.asynchttpclient.netty.request.NettyRequestSender - Using open Channel [id: 0x8275c6bd, L:/127.0.0.1:61325 - R:localhost/127.0.0.1:61242] for GET '/session/ad166ba112aaab6dd4cdb9a43b65cdb1/screenshot'
16:26:17.267 [AsyncHttpClient-1-11] DEBUG org.asynchttpclient.netty.handler.HttpHandler - 

Request DefaultFullHttpRequest(decodeResult: success, version: HTTP/1.1, content: EmptyByteBufBE)
GET /session/ad166ba112aaab6dd4cdb9a43b65cdb1/screenshot HTTP/1.1
User-Agent: selenium/4.1.2 (java windows)
Cache-Control: no-cache
Content-Type: application/json; charset=utf-8
host: localhost:61242
accept: */*

Response DefaultHttpResponse(decodeResult: success, version: HTTP/1.1)
HTTP/1.1 200 OK
Content-Type: application/json; charset=utf-8
cache-control: no-cache
content-length: 1022316

16:26:17.269 [AsyncHttpClient-1-11] DEBUG org.asynchttpclient.netty.channel.ChannelManager - Adding key: http://localhost:61242 for channel [id: 0x8275c6bd, L:/127.0.0.1:61325 - R:localhost/127.0.0.1:61242]
16:26:17.297 [main] DEBUG net.serenitybdd.core.photography.Darkroom - Send negative for processing for target\site\serenity\b0ddf3608b8f51a6a3adc36e4acd901b7a2c5b7adc6fd42a924a7c7a6358c0ea.png
16:26:17.310 [Forwarding findElement on session ad166ba112aaab6dd4cdb9a43b65cdb1 to remote] DEBUG org.asynchttpclient.netty.request.NettyRequestSender - Using pooled Channel '[id: 0x8275c6bd, L:/127.0.0.1:61325 - R:localhost/127.0.0.1:61242]' for 'POST' to 'http://localhost:61242/session/ad166ba112aaab6dd4cdb9a43b65cdb1/element'
16:26:17.310 [Forwarding findElement on session ad166ba112aaab6dd4cdb9a43b65cdb1 to remote] DEBUG org.asynchttpclient.netty.request.NettyRequestSender - Using open Channel [id: 0x8275c6bd, L:/127.0.0.1:61325 - R:localhost/127.0.0.1:61242] for POST '/session/ad166ba112aaab6dd4cdb9a43b65cdb1/element'
16:26:17.323 [AsyncHttpClient-1-11] DEBUG org.asynchttpclient.netty.handler.HttpHandler - 

Request DefaultHttpRequest(decodeResult: success, version: HTTP/1.1)
POST /session/ad166ba112aaab6dd4cdb9a43b65cdb1/element HTTP/1.1
User-Agent: selenium/4.1.2 (java windows)
Content-Length: 81
Content-Type: application/json; charset=utf-8
host: localhost:61242
accept: */*

Response DefaultHttpResponse(decodeResult: success, version: HTTP/1.1)
HTTP/1.1 200 OK
Content-Type: application/json; charset=utf-8
cache-control: no-cache
content-length: 88

16:26:17.324 [AsyncHttpClient-1-11] DEBUG org.asynchttpclient.netty.channel.ChannelManager - Adding key: http://localhost:61242 for channel [id: 0x8275c6bd, L:/127.0.0.1:61325 - R:localhost/127.0.0.1:61242]
16:26:17.325 [Forwarding getElementTagName on session ad166ba112aaab6dd4cdb9a43b65cdb1 to remote] DEBUG org.asynchttpclient.netty.request.NettyRequestSender - Using pooled Channel '[id: 0x8275c6bd, L:/127.0.0.1:61325 - R:localhost/127.0.0.1:61242]' for 'GET' to 'http://localhost:61242/session/ad166ba112aaab6dd4cdb9a43b65cdb1/element/86d101ad-2c2f-4eb5-aefb-14e127345458/name'
16:26:17.325 [Forwarding getElementTagName on session ad166ba112aaab6dd4cdb9a43b65cdb1 to remote] DEBUG org.asynchttpclient.netty.request.NettyRequestSender - Using open Channel [id: 0x8275c6bd, L:/127.0.0.1:61325 - R:localhost/127.0.0.1:61242] for GET '/session/ad166ba112aaab6dd4cdb9a43b65cdb1/element/86d101ad-2c2f-4eb5-aefb-14e127345458/name'
16:26:17.329 [AsyncHttpClient-1-11] DEBUG org.asynchttpclient.netty.handler.HttpHandler - 

Request DefaultFullHttpRequest(decodeResult: success, version: HTTP/1.1, content: EmptyByteBufBE)
GET /session/ad166ba112aaab6dd4cdb9a43b65cdb1/element/86d101ad-2c2f-4eb5-aefb-14e127345458/name HTTP/1.1
User-Agent: selenium/4.1.2 (java windows)
Cache-Control: no-cache
Content-Type: application/json; charset=utf-8
host: localhost:61242
accept: */*

Response DefaultHttpResponse(decodeResult: success, version: HTTP/1.1)
HTTP/1.1 200 OK
Content-Type: application/json; charset=utf-8
cache-control: no-cache
content-length: 16

16:26:17.330 [AsyncHttpClient-1-11] DEBUG org.asynchttpclient.netty.channel.ChannelManager - Adding key: http://localhost:61242 for channel [id: 0x8275c6bd, L:/127.0.0.1:61325 - R:localhost/127.0.0.1:61242]
16:26:17.331 [Forwarding getElementTagName on session ad166ba112aaab6dd4cdb9a43b65cdb1 to remote] DEBUG org.asynchttpclient.netty.request.NettyRequestSender - Using pooled Channel '[id: 0x8275c6bd, L:/127.0.0.1:61325 - R:localhost/127.0.0.1:61242]' for 'GET' to 'http://localhost:61242/session/ad166ba112aaab6dd4cdb9a43b65cdb1/element/86d101ad-2c2f-4eb5-aefb-14e127345458/name'
16:26:17.331 [Forwarding getElementTagName on session ad166ba112aaab6dd4cdb9a43b65cdb1 to remote] DEBUG org.asynchttpclient.netty.request.NettyRequestSender - Using open Channel [id: 0x8275c6bd, L:/127.0.0.1:61325 - R:localhost/127.0.0.1:61242] for GET '/session/ad166ba112aaab6dd4cdb9a43b65cdb1/element/86d101ad-2c2f-4eb5-aefb-14e127345458/name'
16:26:17.334 [AsyncHttpClient-1-11] DEBUG org.asynchttpclient.netty.handler.HttpHandler - 

Request DefaultFullHttpRequest(decodeResult: success, version: HTTP/1.1, content: EmptyByteBufBE)
GET /session/ad166ba112aaab6dd4cdb9a43b65cdb1/element/86d101ad-2c2f-4eb5-aefb-14e127345458/name HTTP/1.1
User-Agent: selenium/4.1.2 (java windows)
Cache-Control: no-cache
Content-Type: application/json; charset=utf-8
host: localhost:61242
accept: */*

Response DefaultHttpResponse(decodeResult: success, version: HTTP/1.1)
HTTP/1.1 200 OK
Content-Type: application/json; charset=utf-8
cache-control: no-cache
content-length: 16

16:26:17.334 [AsyncHttpClient-1-11] DEBUG org.asynchttpclient.netty.channel.ChannelManager - Adding key: http://localhost:61242 for channel [id: 0x8275c6bd, L:/127.0.0.1:61325 - R:localhost/127.0.0.1:61242]
16:26:17.336 [Forwarding findElement on session ad166ba112aaab6dd4cdb9a43b65cdb1 to remote] DEBUG org.asynchttpclient.netty.request.NettyRequestSender - Using pooled Channel '[id: 0x8275c6bd, L:/127.0.0.1:61325 - R:localhost/127.0.0.1:61242]' for 'POST' to 'http://localhost:61242/session/ad166ba112aaab6dd4cdb9a43b65cdb1/element'
16:26:17.336 [Forwarding findElement on session ad166ba112aaab6dd4cdb9a43b65cdb1 to remote] DEBUG org.asynchttpclient.netty.request.NettyRequestSender - Using open Channel [id: 0x8275c6bd, L:/127.0.0.1:61325 - R:localhost/127.0.0.1:61242] for POST '/session/ad166ba112aaab6dd4cdb9a43b65cdb1/element'
16:26:17.343 [AsyncHttpClient-1-11] DEBUG org.asynchttpclient.netty.handler.HttpHandler - 

Request DefaultHttpRequest(decodeResult: success, version: HTTP/1.1)
POST /session/ad166ba112aaab6dd4cdb9a43b65cdb1/element HTTP/1.1
User-Agent: selenium/4.1.2 (java windows)
Content-Length: 81
Content-Type: application/json; charset=utf-8
host: localhost:61242
accept: */*

Response DefaultHttpResponse(decodeResult: success, version: HTTP/1.1)
HTTP/1.1 200 OK
Content-Type: application/json; charset=utf-8
cache-control: no-cache
content-length: 88

16:26:17.343 [AsyncHttpClient-1-11] DEBUG org.asynchttpclient.netty.channel.ChannelManager - Adding key: http://localhost:61242 for channel [id: 0x8275c6bd, L:/127.0.0.1:61325 - R:localhost/127.0.0.1:61242]
16:26:17.344 [Forwarding clickElement on session ad166ba112aaab6dd4cdb9a43b65cdb1 to remote] DEBUG org.asynchttpclient.netty.request.NettyRequestSender - Using pooled Channel '[id: 0x8275c6bd, L:/127.0.0.1:61325 - R:localhost/127.0.0.1:61242]' for 'POST' to 'http://localhost:61242/session/ad166ba112aaab6dd4cdb9a43b65cdb1/element/86d101ad-2c2f-4eb5-aefb-14e127345458/click'
16:26:17.344 [Forwarding clickElement on session ad166ba112aaab6dd4cdb9a43b65cdb1 to remote] DEBUG org.asynchttpclient.netty.request.NettyRequestSender - Using open Channel [id: 0x8275c6bd, L:/127.0.0.1:61325 - R:localhost/127.0.0.1:61242] for POST '/session/ad166ba112aaab6dd4cdb9a43b65cdb1/element/86d101ad-2c2f-4eb5-aefb-14e127345458/click'
16:26:17.773 [AsyncHttpClient-1-11] DEBUG org.asynchttpclient.netty.handler.HttpHandler - 

Request DefaultHttpRequest(decodeResult: success, version: HTTP/1.1)
POST /session/ad166ba112aaab6dd4cdb9a43b65cdb1/element/86d101ad-2c2f-4eb5-aefb-14e127345458/click HTTP/1.1
User-Agent: selenium/4.1.2 (java windows)
Content-Length: 50
Content-Type: application/json; charset=utf-8
host: localhost:61242
accept: */*

Response DefaultHttpResponse(decodeResult: success, version: HTTP/1.1)
HTTP/1.1 200 OK
Content-Type: application/json; charset=utf-8
cache-control: no-cache
content-length: 14

16:26:17.774 [AsyncHttpClient-1-11] DEBUG org.asynchttpclient.netty.channel.ChannelManager - Adding key: http://localhost:61242 for channel [id: 0x8275c6bd, L:/127.0.0.1:61325 - R:localhost/127.0.0.1:61242]
  &amp#27;[32mThen &amp#27;[0m&amp#27;[32mI click baby on the header&amp#27;[0m &amp#27;[90m# starter.stepdefinitions.BabyStep.iClickBabyOnTheHeader()&amp#27;[0m
16:26:17.781 [Forwarding screenshot on session ad166ba112aaab6dd4cdb9a43b65cdb1 to remote] DEBUG org.asynchttpclient.netty.request.NettyRequestSender - Using pooled Channel '[id: 0x8275c6bd, L:/127.0.0.1:61325 - R:localhost/127.0.0.1:61242]' for 'GET' to 'http://localhost:61242/session/ad166ba112aaab6dd4cdb9a43b65cdb1/screenshot'
16:26:17.781 [Forwarding screenshot on session ad166ba112aaab6dd4cdb9a43b65cdb1 to remote] DEBUG org.asynchttpclient.netty.request.NettyRequestSender - Using open Channel [id: 0x8275c6bd, L:/127.0.0.1:61325 - R:localhost/127.0.0.1:61242] for GET '/session/ad166ba112aaab6dd4cdb9a43b65cdb1/screenshot'
16:26:17.894 [AsyncHttpClient-1-11] DEBUG org.asynchttpclient.netty.handler.HttpHandler - 

Request DefaultFullHttpRequest(decodeResult: success, version: HTTP/1.1, content: EmptyByteBufBE)
GET /session/ad166ba112aaab6dd4cdb9a43b65cdb1/screenshot HTTP/1.1
User-Agent: selenium/4.1.2 (java windows)
Cache-Control: no-cache
Content-Type: application/json; charset=utf-8
host: localhost:61242
accept: */*

Response DefaultHttpResponse(decodeResult: success, version: HTTP/1.1)
HTTP/1.1 200 OK
Content-Type: application/json; charset=utf-8
cache-control: no-cache
content-length: 61816

16:26:17.894 [AsyncHttpClient-1-11] DEBUG org.asynchttpclient.netty.channel.ChannelManager - Adding key: http://localhost:61242 for channel [id: 0x8275c6bd, L:/127.0.0.1:61325 - R:localhost/127.0.0.1:61242]
16:26:17.896 [main] DEBUG net.serenitybdd.core.photography.Darkroom - Send negative for processing for target\site\serenity\5b31d5e614668d2bcda9561786ada5ef763160918f6c9d1435da003ab94fed82.png
16:26:17.906 [Forwarding findElement on session ad166ba112aaab6dd4cdb9a43b65cdb1 to remote] DEBUG org.asynchttpclient.netty.request.NettyRequestSender - Using pooled Channel '[id: 0x8275c6bd, L:/127.0.0.1:61325 - R:localhost/127.0.0.1:61242]' for 'POST' to 'http://localhost:61242/session/ad166ba112aaab6dd4cdb9a43b65cdb1/element'
16:26:17.907 [Forwarding findElement on session ad166ba112aaab6dd4cdb9a43b65cdb1 to remote] DEBUG org.asynchttpclient.netty.request.NettyRequestSender - Using open Channel [id: 0x8275c6bd, L:/127.0.0.1:61325 - R:localhost/127.0.0.1:61242] for POST '/session/ad166ba112aaab6dd4cdb9a43b65cdb1/element'
16:26:17.918 [AsyncHttpClient-1-11] DEBUG org.asynchttpclient.netty.handler.HttpHandler - 

Request DefaultHttpRequest(decodeResult: success, version: HTTP/1.1)
POST /session/ad166ba112aaab6dd4cdb9a43b65cdb1/element HTTP/1.1
User-Agent: selenium/4.1.2 (java windows)
Content-Length: 102
Content-Type: application/json; charset=utf-8
host: localhost:61242
accept: */*

Response DefaultHttpResponse(decodeResult: success, version: HTTP/1.1)
HTTP/1.1 200 OK
Content-Type: application/json; charset=utf-8
cache-control: no-cache
content-length: 88

16:26:17.918 [AsyncHttpClient-1-11] DEBUG org.asynchttpclient.netty.channel.ChannelManager - Adding key: http://localhost:61242 for channel [id: 0x8275c6bd, L:/127.0.0.1:61325 - R:localhost/127.0.0.1:61242]
16:26:17.919 [Forwarding getElementTagName on session ad166ba112aaab6dd4cdb9a43b65cdb1 to remote] DEBUG org.asynchttpclient.netty.request.NettyRequestSender - Using pooled Channel '[id: 0x8275c6bd, L:/127.0.0.1:61325 - R:localhost/127.0.0.1:61242]' for 'GET' to 'http://localhost:61242/session/ad166ba112aaab6dd4cdb9a43b65cdb1/element/3c3b9f3f-3029-4d94-a415-86dbda5641d4/name'
16:26:17.919 [Forwarding getElementTagName on session ad166ba112aaab6dd4cdb9a43b65cdb1 to remote] DEBUG org.asynchttpclient.netty.request.NettyRequestSender - Using open Channel [id: 0x8275c6bd, L:/127.0.0.1:61325 - R:localhost/127.0.0.1:61242] for GET '/session/ad166ba112aaab6dd4cdb9a43b65cdb1/element/3c3b9f3f-3029-4d94-a415-86dbda5641d4/name'
16:26:17.923 [AsyncHttpClient-1-11] DEBUG org.asynchttpclient.netty.handler.HttpHandler - 

Request DefaultFullHttpRequest(decodeResult: success, version: HTTP/1.1, content: EmptyByteBufBE)
GET /session/ad166ba112aaab6dd4cdb9a43b65cdb1/element/3c3b9f3f-3029-4d94-a415-86dbda5641d4/name HTTP/1.1
User-Agent: selenium/4.1.2 (java windows)
Cache-Control: no-cache
Content-Type: application/json; charset=utf-8
host: localhost:61242
accept: */*

Response DefaultHttpResponse(decodeResult: success, version: HTTP/1.1)
HTTP/1.1 200 OK
Content-Type: application/json; charset=utf-8
cache-control: no-cache
content-length: 16

16:26:17.923 [AsyncHttpClient-1-11] DEBUG org.asynchttpclient.netty.channel.ChannelManager - Adding key: http://localhost:61242 for channel [id: 0x8275c6bd, L:/127.0.0.1:61325 - R:localhost/127.0.0.1:61242]
16:26:17.924 [Forwarding getElementTagName on session ad166ba112aaab6dd4cdb9a43b65cdb1 to remote] DEBUG org.asynchttpclient.netty.request.NettyRequestSender - Using pooled Channel '[id: 0x8275c6bd, L:/127.0.0.1:61325 - R:localhost/127.0.0.1:61242]' for 'GET' to 'http://localhost:61242/session/ad166ba112aaab6dd4cdb9a43b65cdb1/element/3c3b9f3f-3029-4d94-a415-86dbda5641d4/name'
16:26:17.924 [Forwarding getElementTagName on session ad166ba112aaab6dd4cdb9a43b65cdb1 to remote] DEBUG org.asynchttpclient.netty.request.NettyRequestSender - Using open Channel [id: 0x8275c6bd, L:/127.0.0.1:61325 - R:localhost/127.0.0.1:61242] for GET '/session/ad166ba112aaab6dd4cdb9a43b65cdb1/element/3c3b9f3f-3029-4d94-a415-86dbda5641d4/name'
16:26:17.927 [AsyncHttpClient-1-11] DEBUG org.asynchttpclient.netty.handler.HttpHandler - 

Request DefaultFullHttpRequest(decodeResult: success, version: HTTP/1.1, content: EmptyByteBufBE)
GET /session/ad166ba112aaab6dd4cdb9a43b65cdb1/element/3c3b9f3f-3029-4d94-a415-86dbda5641d4/name HTTP/1.1
User-Agent: selenium/4.1.2 (java windows)
Cache-Control: no-cache
Content-Type: application/json; charset=utf-8
host: localhost:61242
accept: */*

Response DefaultHttpResponse(decodeResult: success, version: HTTP/1.1)
HTTP/1.1 200 OK
Content-Type: application/json; charset=utf-8
cache-control: no-cache
content-length: 16

16:26:17.927 [AsyncHttpClient-1-11] DEBUG org.asynchttpclient.netty.channel.ChannelManager - Adding key: http://localhost:61242 for channel [id: 0x8275c6bd, L:/127.0.0.1:61325 - R:localhost/127.0.0.1:61242]
16:26:17.929 [Forwarding findElement on session ad166ba112aaab6dd4cdb9a43b65cdb1 to remote] DEBUG org.asynchttpclient.netty.request.NettyRequestSender - Using pooled Channel '[id: 0x8275c6bd, L:/127.0.0.1:61325 - R:localhost/127.0.0.1:61242]' for 'POST' to 'http://localhost:61242/session/ad166ba112aaab6dd4cdb9a43b65cdb1/element'
16:26:17.929 [Forwarding findElement on session ad166ba112aaab6dd4cdb9a43b65cdb1 to remote] DEBUG org.asynchttpclient.netty.request.NettyRequestSender - Using open Channel [id: 0x8275c6bd, L:/127.0.0.1:61325 - R:localhost/127.0.0.1:61242] for POST '/session/ad166ba112aaab6dd4cdb9a43b65cdb1/element'
16:26:17.936 [AsyncHttpClient-1-11] DEBUG org.asynchttpclient.netty.handler.HttpHandler - 

Request DefaultHttpRequest(decodeResult: success, version: HTTP/1.1)
POST /session/ad166ba112aaab6dd4cdb9a43b65cdb1/element HTTP/1.1
User-Agent: selenium/4.1.2 (java windows)
Content-Length: 102
Content-Type: application/json; charset=utf-8
host: localhost:61242
accept: */*

Response DefaultHttpResponse(decodeResult: success, version: HTTP/1.1)
HTTP/1.1 200 OK
Content-Type: application/json; charset=utf-8
cache-control: no-cache
content-length: 88

16:26:17.936 [AsyncHttpClient-1-11] DEBUG org.asynchttpclient.netty.channel.ChannelManager - Adding key: http://localhost:61242 for channel [id: 0x8275c6bd, L:/127.0.0.1:61325 - R:localhost/127.0.0.1:61242]
16:26:17.937 [Forwarding clickElement on session ad166ba112aaab6dd4cdb9a43b65cdb1 to remote] DEBUG org.asynchttpclient.netty.request.NettyRequestSender - Using pooled Channel '[id: 0x8275c6bd, L:/127.0.0.1:61325 - R:localhost/127.0.0.1:61242]' for 'POST' to 'http://localhost:61242/session/ad166ba112aaab6dd4cdb9a43b65cdb1/element/3c3b9f3f-3029-4d94-a415-86dbda5641d4/click'
16:26:17.937 [Forwarding clickElement on session ad166ba112aaab6dd4cdb9a43b65cdb1 to remote] DEBUG org.asynchttpclient.netty.request.NettyRequestSender - Using open Channel [id: 0x8275c6bd, L:/127.0.0.1:61325 - R:localhost/127.0.0.1:61242] for POST '/session/ad166ba112aaab6dd4cdb9a43b65cdb1/element/3c3b9f3f-3029-4d94-a415-86dbda5641d4/click'
16:26:17.966 [AsyncHttpClient-1-1] DEBUG org.asynchttpclient.netty.channel.DefaultChannelPool - Entry count for : http://localhost:61327 : 1
16:26:18.081 [AsyncHttpClient-1-11] DEBUG org.asynchttpclient.netty.handler.HttpHandler - 

Request DefaultHttpRequest(decodeResult: success, version: HTTP/1.1)
POST /session/ad166ba112aaab6dd4cdb9a43b65cdb1/element/3c3b9f3f-3029-4d94-a415-86dbda5641d4/click HTTP/1.1
User-Agent: selenium/4.1.2 (java windows)
Content-Length: 50
Content-Type: application/json; charset=utf-8
host: localhost:61242
accept: */*

Response DefaultHttpResponse(decodeResult: success, version: HTTP/1.1)
HTTP/1.1 200 OK
Content-Type: application/json; charset=utf-8
cache-control: no-cache
content-length: 14

16:26:18.081 [AsyncHttpClient-1-11] DEBUG org.asynchttpclient.netty.channel.ChannelManager - Adding key: http://localhost:61242 for channel [id: 0x8275c6bd, L:/127.0.0.1:61325 - R:localhost/127.0.0.1:61242]
  &amp#27;[32mWhen &amp#27;[0m&amp#27;[32mI will go to &amp#27;[0m&amp#27;[32m&amp#27;[1m"gaun2"&amp#27;[0m       &amp#27;[90m# starter.stepdefinitions.BabyStep.iWillGoTo(java.lang.String)&amp#27;[0m
16:26:18.087 [Forwarding screenshot on session ad166ba112aaab6dd4cdb9a43b65cdb1 to remote] DEBUG org.asynchttpclient.netty.request.NettyRequestSender - Using pooled Channel '[id: 0x8275c6bd, L:/127.0.0.1:61325 - R:localhost/127.0.0.1:61242]' for 'GET' to 'http://localhost:61242/session/ad166ba112aaab6dd4cdb9a43b65cdb1/screenshot'
16:26:18.087 [Forwarding screenshot on session ad166ba112aaab6dd4cdb9a43b65cdb1 to remote] DEBUG org.asynchttpclient.netty.request.NettyRequestSender - Using open Channel [id: 0x8275c6bd, L:/127.0.0.1:61325 - R:localhost/127.0.0.1:61242] for GET '/session/ad166ba112aaab6dd4cdb9a43b65cdb1/screenshot'
16:26:18.248 [AsyncHttpClient-1-11] DEBUG org.asynchttpclient.netty.handler.HttpHandler - 

Request DefaultFullHttpRequest(decodeResult: success, version: HTTP/1.1, content: EmptyByteBufBE)
GET /session/ad166ba112aaab6dd4cdb9a43b65cdb1/screenshot HTTP/1.1
User-Agent: selenium/4.1.2 (java windows)
Cache-Control: no-cache
Content-Type: application/json; charset=utf-8
host: localhost:61242
accept: */*

Response DefaultHttpResponse(decodeResult: success, version: HTTP/1.1)
HTTP/1.1 200 OK
Content-Type: application/json; charset=utf-8
cache-control: no-cache
content-length: 89592

16:26:18.248 [AsyncHttpClient-1-11] DEBUG org.asynchttpclient.netty.channel.ChannelManager - Adding key: http://localhost:61242 for channel [id: 0x8275c6bd, L:/127.0.0.1:61325 - R:localhost/127.0.0.1:61242]
16:26:18.251 [main] DEBUG net.serenitybdd.core.photography.Darkroom - Send negative for processing for target\site\serenity\492ee102b76b87b1bb9049a706bd68b75b5b99b6a9d9b97304baeee38e03bf66.png
16:26:18.251 [Darkroom Processing Line] DEBUG net.serenitybdd.core.photography.DarkroomProcessingLine - Processing screenshot image in /var/screenshots/screenshot-11538084216219946030
16:26:18.251 [Darkroom Processing Line] DEBUG net.serenitybdd.core.photography.DarkroomProcessingLine - Saving screenshot to target\site\serenity\492ee102b76b87b1bb9049a706bd68b75b5b99b6a9d9b97304baeee38e03bf66.png
16:26:18.259 [Forwarding findElement on session ad166ba112aaab6dd4cdb9a43b65cdb1 to remote] DEBUG org.asynchttpclient.netty.request.NettyRequestSender - Using pooled Channel '[id: 0x8275c6bd, L:/127.0.0.1:61325 - R:localhost/127.0.0.1:61242]' for 'POST' to 'http://localhost:61242/session/ad166ba112aaab6dd4cdb9a43b65cdb1/element'
16:26:18.259 [Forwarding findElement on session ad166ba112aaab6dd4cdb9a43b65cdb1 to remote] DEBUG org.asynchttpclient.netty.request.NettyRequestSender - Using open Channel [id: 0x8275c6bd, L:/127.0.0.1:61325 - R:localhost/127.0.0.1:61242] for POST '/session/ad166ba112aaab6dd4cdb9a43b65cdb1/element'
16:26:18.584 [AsyncHttpClient-1-11] DEBUG org.asynchttpclient.netty.handler.HttpHandler - 

Request DefaultHttpRequest(decodeResult: success, version: HTTP/1.1)
POST /session/ad166ba112aaab6dd4cdb9a43b65cdb1/element HTTP/1.1
User-Agent: selenium/4.1.2 (java windows)
Content-Length: 87
Content-Type: application/json; charset=utf-8
host: localhost:61242
accept: */*

Response DefaultHttpResponse(decodeResult: success, version: HTTP/1.1)
HTTP/1.1 200 OK
Content-Type: application/json; charset=utf-8
cache-control: no-cache
content-length: 88

16:26:18.584 [AsyncHttpClient-1-11] DEBUG org.asynchttpclient.netty.channel.ChannelManager - Adding key: http://localhost:61242 for channel [id: 0x8275c6bd, L:/127.0.0.1:61325 - R:localhost/127.0.0.1:61242]
16:26:18.586 [Forwarding isElementDisplayed on session ad166ba112aaab6dd4cdb9a43b65cdb1 to remote] DEBUG org.asynchttpclient.netty.request.NettyRequestSender - Using pooled Channel '[id: 0x8275c6bd, L:/127.0.0.1:61325 - R:localhost/127.0.0.1:61242]' for 'POST' to 'http://localhost:61242/session/ad166ba112aaab6dd4cdb9a43b65cdb1/execute/sync'
16:26:18.586 [Forwarding isElementDisplayed on session ad166ba112aaab6dd4cdb9a43b65cdb1 to remote] DEBUG org.asynchttpclient.netty.request.NettyRequestSender - Using open Channel [id: 0x8275c6bd, L:/127.0.0.1:61325 - R:localhost/127.0.0.1:61242] for POST '/session/ad166ba112aaab6dd4cdb9a43b65cdb1/execute/sync'
16:26:18.602 [AsyncHttpClient-1-11] DEBUG org.asynchttpclient.netty.handler.HttpHandler - 

Request DefaultHttpRequest(decodeResult: success, version: HTTP/1.1)
POST /session/ad166ba112aaab6dd4cdb9a43b65cdb1/execute/sync HTTP/1.1
User-Agent: selenium/4.1.2 (java windows)
Content-Length: 48780
Content-Type: application/json; charset=utf-8
host: localhost:61242
accept: */*

Response DefaultHttpResponse(decodeResult: success, version: HTTP/1.1)
HTTP/1.1 200 OK
Content-Type: application/json; charset=utf-8
cache-control: no-cache
content-length: 14

16:26:18.602 [AsyncHttpClient-1-11] DEBUG org.asynchttpclient.netty.channel.ChannelManager - Adding key: http://localhost:61242 for channel [id: 0x8275c6bd, L:/127.0.0.1:61325 - R:localhost/127.0.0.1:61242]
  &amp#27;[32mAnd &amp#27;[0m&amp#27;[32mI &amp#27;[0m&amp#27;[32m&amp#27;[1m"txtGaun2"&amp#27;[0m&amp#27;[32m page&amp#27;[0m           &amp#27;[90m# starter.stepdefinitions.BabyStep.iPage(java.lang.String)&amp#27;[0m
16:26:18.606 [Forwarding screenshot on session ad166ba112aaab6dd4cdb9a43b65cdb1 to remote] DEBUG org.asynchttpclient.netty.request.NettyRequestSender - Using pooled Channel '[id: 0x8275c6bd, L:/127.0.0.1:61325 - R:localhost/127.0.0.1:61242]' for 'GET' to 'http://localhost:61242/session/ad166ba112aaab6dd4cdb9a43b65cdb1/screenshot'
16:26:18.606 [Forwarding screenshot on session ad166ba112aaab6dd4cdb9a43b65cdb1 to remote] DEBUG org.asynchttpclient.netty.request.NettyRequestSender - Using open Channel [id: 0x8275c6bd, L:/127.0.0.1:61325 - R:localhost/127.0.0.1:61242] for GET '/session/ad166ba112aaab6dd4cdb9a43b65cdb1/screenshot'
16:26:18.707 [AsyncHttpClient-1-11] DEBUG org.asynchttpclient.netty.handler.HttpHandler - 

Request DefaultFullHttpRequest(decodeResult: success, version: HTTP/1.1, content: EmptyByteBufBE)
GET /session/ad166ba112aaab6dd4cdb9a43b65cdb1/screenshot HTTP/1.1
User-Agent: selenium/4.1.2 (java windows)
Cache-Control: no-cache
Content-Type: application/json; charset=utf-8
host: localhost:61242
accept: */*

Response DefaultHttpResponse(decodeResult: success, version: HTTP/1.1)
HTTP/1.1 200 OK
Content-Type: application/json; charset=utf-8
cache-control: no-cache
content-length: 131388

16:26:18.707 [AsyncHttpClient-1-11] DEBUG org.asynchttpclient.netty.channel.ChannelManager - Adding key: http://localhost:61242 for channel [id: 0x8275c6bd, L:/127.0.0.1:61325 - R:localhost/127.0.0.1:61242]
16:26:18.711 [main] DEBUG net.serenitybdd.core.photography.Darkroom - Send negative for processing for target\site\serenity\ee26b532538b05f4d58c2f7f0345ad5eae2801c027f1bce2df149c8d38e99d21.png
16:26:18.716 [AsyncHttpClient-1-13] DEBUG org.asynchttpclient.netty.handler.WebSocketHandler - Channel Closed: [id: 0x9cd89c62, L:/127.0.0.1:61335 ! R:localhost/127.0.0.1:61327] with attribute NettyResponseFuture{currentRetry=5,
	isDone=1,
	isCancelled=0,
	asyncHandler=org.asynchttpclient.ws.WebSocketUpgradeHandler@1c8325fb,
	nettyRequest=org.asynchttpclient.netty.request.NettyRequest@274ab990,
	future=java.util.concurrent.CompletableFuture@6913548c[Completed normally],
	uri=ws://localhost:61327/devtools/browser/0aab0c3b-1faa-44c0-8efc-e0fa04359262,
	keepAlive=true,
	redirectCount=0,
	timeoutsHolder=null,
	inAuth=0,
	touch=1680859568128}
16:26:18.716 [AsyncHttpClient-1-13] DEBUG org.asynchttpclient.netty.channel.ChannelManager - Closing Channel [id: 0x9cd89c62, L:/127.0.0.1:61335 ! R:localhost/127.0.0.1:61327] 
16:26:18.717 [Driver Command Executor] DEBUG org.asynchttpclient.netty.request.NettyRequestSender - Using pooled Channel '[id: 0x8275c6bd, L:/127.0.0.1:61325 - R:localhost/127.0.0.1:61242]' for 'DELETE' to 'http://localhost:61242/session/ad166ba112aaab6dd4cdb9a43b65cdb1'
16:26:18.717 [Driver Command Executor] DEBUG org.asynchttpclient.netty.request.NettyRequestSender - Using open Channel [id: 0x8275c6bd, L:/127.0.0.1:61325 - R:localhost/127.0.0.1:61242] for DELETE '/session/ad166ba112aaab6dd4cdb9a43b65cdb1'
16:26:18.751 [AsyncHttpClient-1-12] DEBUG org.asynchttpclient.netty.handler.HttpHandler - Unexpected I/O exception on channel [id: 0x5bd187e4, L:/127.0.0.1:61334 - R:localhost/127.0.0.1:61327]
java.net.SocketException: Connection reset
	at java.base/sun.nio.ch.SocketChannelImpl.throwConnectionReset(SocketChannelImpl.java:345)
	at java.base/sun.nio.ch.SocketChannelImpl.read(SocketChannelImpl.java:376)
	at io.netty.buffer.PooledByteBuf.setBytes(PooledByteBuf.java:258)
	at io.netty.buffer.AbstractByteBuf.writeBytes(AbstractByteBuf.java:1132)
	at io.netty.channel.socket.nio.NioSocketChannel.doReadBytes(NioSocketChannel.java:350)
	at io.netty.channel.nio.AbstractNioByteChannel$NioByteUnsafe.read(AbstractNioByteChannel.java:151)
	at io.netty.channel.nio.NioEventLoop.processSelectedKey(NioEventLoop.java:722)
	at io.netty.channel.nio.NioEventLoop.processSelectedKeysOptimized(NioEventLoop.java:658)
	at io.netty.channel.nio.NioEventLoop.processSelectedKeys(NioEventLoop.java:584)
	at io.netty.channel.nio.NioEventLoop.run(NioEventLoop.java:496)
	at io.netty.util.concurrent.SingleThreadEventExecutor$4.run(SingleThreadEventExecutor.java:986)
	at io.netty.util.internal.ThreadExecutorMap$2.run(ThreadExecutorMap.java:74)
	at io.netty.util.concurrent.FastThreadLocalRunnable.run(FastThreadLocalRunnable.java:30)
	at java.base/java.lang.Thread.run(Thread.java:830)
16:26:18.751 [AsyncHttpClient-1-12] DEBUG org.asynchttpclient.netty.channel.ChannelManager - Closing Channel [id: 0x5bd187e4, L:/127.0.0.1:61334 - R:localhost/127.0.0.1:61327] 
16:26:18.751 [AsyncHttpClient-1-12] DEBUG org.asynchttpclient.netty.handler.HttpHandler - Channel Closed: [id: 0x5bd187e4, L:/127.0.0.1:61334 ! R:localhost/127.0.0.1:61327] with attribute DISCARD
16:26:18.779 [AsyncHttpClient-1-11] DEBUG org.asynchttpclient.netty.handler.HttpHandler - 

Request DefaultFullHttpRequest(decodeResult: success, version: HTTP/1.1, content: EmptyByteBufBE)
DELETE /session/ad166ba112aaab6dd4cdb9a43b65cdb1 HTTP/1.1
User-Agent: selenium/4.1.2 (java windows)
Content-Type: application/json; charset=utf-8
host: localhost:61242
accept: */*

Response DefaultHttpResponse(decodeResult: success, version: HTTP/1.1)
HTTP/1.1 200 OK
Content-Type: application/json; charset=utf-8
cache-control: no-cache
content-length: 14

16:26:18.779 [AsyncHttpClient-1-11] DEBUG org.asynchttpclient.netty.channel.ChannelManager - Adding key: http://localhost:61242 for channel [id: 0x8275c6bd, L:/127.0.0.1:61325 - R:localhost/127.0.0.1:61242]
16:26:18.871 [AsyncHttpClient-1-11] DEBUG org.asynchttpclient.netty.handler.HttpHandler - Channel Closed: [id: 0x8275c6bd, L:/127.0.0.1:61325 ! R:localhost/127.0.0.1:61242] with attribute DISCARD
16:26:19.077 [AsyncHttpClient-1-1] DEBUG org.asynchttpclient.netty.channel.DefaultChannelPool - Entry count for : http://localhost:61327 : 1
16:26:19.077 [AsyncHttpClient-1-1] DEBUG org.asynchttpclient.netty.channel.DefaultChannelPool - Entry count for : http://localhost:61242 : 1
16:26:19.077 [AsyncHttpClient-1-1] DEBUG org.asynchttpclient.netty.channel.DefaultChannelPool - Adding Candidate expired Channel [id: 0x5bd187e4, L:/127.0.0.1:61334 ! R:localhost/127.0.0.1:61327] isIdleTimeoutExpired=false isRemotelyClosed=true isTtlExpired=false
16:26:19.077 [AsyncHttpClient-1-1] DEBUG org.asynchttpclient.netty.channel.DefaultChannelPool - Closing Idle Channel [id: 0x5bd187e4, L:/127.0.0.1:61334 ! R:localhost/127.0.0.1:61327]
16:26:19.077 [AsyncHttpClient-1-1] DEBUG org.asynchttpclient.netty.channel.DefaultChannelPool - Adding Candidate expired Channel [id: 0x8275c6bd, L:/127.0.0.1:61325 ! R:localhost/127.0.0.1:61242] isIdleTimeoutExpired=false isRemotelyClosed=true isTtlExpired=false
16:26:19.077 [AsyncHttpClient-1-1] DEBUG org.asynchttpclient.netty.channel.DefaultChannelPool - Closing Idle Channel [id: 0x8275c6bd, L:/127.0.0.1:61325 ! R:localhost/127.0.0.1:61242]
16:26:19.077 [AsyncHttpClient-1-1] DEBUG org.asynchttpclient.netty.channel.DefaultChannelPool - Closed 2 connections out of 2 in 0 ms
]]></system-out>
    <system-err><![CDATA[Starting Microsoft Edge WebDriver 111.0.1661.62 (0a8f453929e6410c973aa529a40485ce4e3e03db) on port 61242
To submit feedback, report a bug, or suggest new features, please visit https://github.com/MicrosoftEdge/EdgeWebDriver

Only local connections are allowed.
Please see https://aka.ms/WebDriverSecurity for suggestions on keeping Microsoft Edge WebDriver safe.

Microsoft Edge WebDriver was started successfully.
Apr 07, 2023 4:26:08 PM org.openqa.selenium.remote.ProtocolHandshake createSession
INFO: Detected dialect: W3C
Apr 07, 2023 4:26:08 PM org.openqa.selenium.devtools.CdpVersionFinder findNearestMatch
WARNING: Unable to find an exact match for CDP version 111, so returning the closest version found: a no-op implementation
Apr 07, 2023 4:26:08 PM org.openqa.selenium.devtools.CdpVersionFinder findNearestMatch
INFO: Unable to find CDP implementation matching 111.
Apr 07, 2023 4:26:08 PM org.openqa.selenium.chromium.ChromiumDriver lambda$new$3
WARNING: Unable to find version of CDP to use for . You may need to include a dependency on a specific version of the CDP using something similar to `org.seleniumhq.selenium:selenium-devtools-v86:4.1.2` where the version ("v86") matches the version of the chromium-based browser you're using and the version number of the artifact is the same as Selenium's.
]]></system-err>
  </testcase>
  <testcase name="Fitur Menu Baby #21" classname="Baby" time="18.047">
    <system-out><![CDATA[
Scenario Outline: Fitur Menu Baby &amp#27;[90m# src/test/resources/features/Baby.feature:33&amp#27;[0m
16:26:19.462 [main] INFO io.cucumber.core.plugin.SerenityReporter - Running feature from file:///C:/Users/alwi/IdeaProjects/uniqloweb/src/test/resources/features/Baby.feature
16:26:19.570 [main] DEBUG io.github.bonigarcia.wdm.cache.ResolutionCache - Resolution edge=111 in cache (valid until 17:21:26 07/04/2023 WIB)
16:26:19.573 [main] DEBUG io.github.bonigarcia.wdm.cache.ResolutionCache - Resolution edge111=111.0.1661.62 in cache (valid until 15:02:35 08/04/2023 WIB)
16:26:19.574 [main] INFO io.github.bonigarcia.wdm.WebDriverManager - Using msedgedriver 111.0.1661.62 (resolved driver for Edge 111)
16:26:19.585 [main] DEBUG io.github.bonigarcia.wdm.WebDriverManager - Driver msedgedriver 111.0.1661.62 found in cache
16:26:19.585 [main] INFO io.github.bonigarcia.wdm.WebDriverManager - Exporting webdriver.edge.driver as C:\Users\alwi\.cache\selenium\msedgedriver\win64\111.0.1661.62\msedgedriver.exe
16:26:19.587 [main] DEBUG net.serenitybdd.core.webdriver.driverproviders.ProvideNewDriver - Instantiating driver
16:26:19.587 [main] DEBUG net.serenitybdd.core.webdriver.driverproviders.ProvideNewDriver - Driver capabilities: Capabilities {base.url: https://www.uniqlo.com, chrome.driver: src/test/resources/webdrive..., driver: edge, ms:edgeChromium: true, ms:edgeOptions: {}, wait.for.timeout: 6000}
16:26:20.104 [AsyncHttpClient-1-14] DEBUG org.asynchttpclient.netty.channel.NettyConnectListener - Using new Channel '[id: 0x0b6c22ef, L:/127.0.0.1:61434 - R:localhost/127.0.0.1:57397]' for 'POST' to '/session'
16:26:20.708 [AsyncHttpClient-1-14] DEBUG org.asynchttpclient.netty.handler.HttpHandler - 

Request DefaultHttpRequest(decodeResult: success, version: HTTP/1.1)
POST /session HTTP/1.1
User-Agent: selenium/4.1.2 (java windows)
Content-Length: 627
Content-Type: application/json; charset=utf-8
host: localhost:57397
accept: */*

Response DefaultHttpResponse(decodeResult: success, version: HTTP/1.1)
HTTP/1.1 200 OK
Content-Type: application/json; charset=utf-8
cache-control: no-cache
content-length: 823

16:26:20.708 [AsyncHttpClient-1-14] DEBUG org.asynchttpclient.netty.channel.ChannelManager - Adding key: http://localhost:57397 for channel [id: 0x0b6c22ef, L:/127.0.0.1:61434 - R:localhost/127.0.0.1:57397]
16:26:20.713 [AsyncHttpClient-1-15] DEBUG org.asynchttpclient.netty.channel.NettyConnectListener - Using new Channel '[id: 0xf9d1cbda, L:/127.0.0.1:61440 - R:localhost/127.0.0.1:61435]' for 'GET' to '/json/version'
16:26:20.714 [AsyncHttpClient-1-15] DEBUG org.asynchttpclient.netty.handler.HttpHandler - 

Request DefaultFullHttpRequest(decodeResult: success, version: HTTP/1.1, content: EmptyByteBufBE)
GET /json/version HTTP/1.1
User-Agent: selenium/4.1.2 (java windows)
host: localhost:61435
accept: */*

Response DefaultHttpResponse(decodeResult: success, version: HTTP/1.1)
HTTP/1.1 200 OK
Content-Security-Policy: frame-ancestors 'none'
Content-Type: application/json; charset=UTF-8
content-length: 436

16:26:20.714 [AsyncHttpClient-1-15] DEBUG org.asynchttpclient.netty.channel.ChannelManager - Adding key: http://localhost:61435 for channel [id: 0xf9d1cbda, L:/127.0.0.1:61440 - R:localhost/127.0.0.1:61435]
16:26:20.716 [AsyncHttpClient-1-16] DEBUG org.asynchttpclient.netty.channel.NettyConnectListener - Using new Channel '[id: 0x55d31bbb, L:/127.0.0.1:61441 - R:localhost/127.0.0.1:61435]' for 'GET' to '/devtools/browser/e4904720-7c7e-401c-b94d-1f02bf74b05d'
16:26:20.716 [AsyncHttpClient-1-16] DEBUG org.asynchttpclient.netty.handler.WebSocketHandler - 

Request DefaultFullHttpRequest(decodeResult: success, version: HTTP/1.1, content: EmptyByteBufBE)
GET /devtools/browser/e4904720-7c7e-401c-b94d-1f02bf74b05d HTTP/1.1
upgrade: websocket
connection: upgrade
sec-websocket-key: bZ9b8h2YT9k25SpPmRL0fA==
sec-websocket-version: 13
origin: http://localhost:61435
host: localhost:61435
accept: */*
user-agent: AHC/2.1

Response DefaultHttpResponse(decodeResult: success, version: HTTP/1.1)
HTTP/1.1 101 WebSocket Protocol Handshake
Upgrade: WebSocket
Connection: Upgrade
Sec-WebSocket-Accept: lPF4MI/VwqRZE7pDJ56U2gs7WBQ=

16:26:20.719 [Forwarding get on session b44348d3dac623b0560a0be13a1b60e7 to remote] DEBUG org.asynchttpclient.netty.request.NettyRequestSender - Using pooled Channel '[id: 0x0b6c22ef, L:/127.0.0.1:61434 - R:localhost/127.0.0.1:57397]' for 'POST' to 'http://localhost:57397/session/b44348d3dac623b0560a0be13a1b60e7/url'
16:26:20.719 [Forwarding get on session b44348d3dac623b0560a0be13a1b60e7 to remote] DEBUG org.asynchttpclient.netty.request.NettyRequestSender - Using open Channel [id: 0x0b6c22ef, L:/127.0.0.1:61434 - R:localhost/127.0.0.1:57397] for POST '/session/b44348d3dac623b0560a0be13a1b60e7/url'
16:26:21.272 [AsyncHttpClient-1-1] DEBUG org.asynchttpclient.netty.channel.DefaultChannelPool - Entry count for : http://localhost:61435 : 1
16:26:22.365 [AsyncHttpClient-1-1] DEBUG org.asynchttpclient.netty.channel.DefaultChannelPool - Entry count for : http://localhost:61435 : 1
16:26:23.471 [AsyncHttpClient-1-1] DEBUG org.asynchttpclient.netty.channel.DefaultChannelPool - Entry count for : http://localhost:61435 : 1
16:26:24.566 [AsyncHttpClient-1-1] DEBUG org.asynchttpclient.netty.channel.DefaultChannelPool - Entry count for : http://localhost:61435 : 1
16:26:25.666 [AsyncHttpClient-1-1] DEBUG org.asynchttpclient.netty.channel.DefaultChannelPool - Entry count for : http://localhost:61435 : 1
16:26:26.765 [AsyncHttpClient-1-1] DEBUG org.asynchttpclient.netty.channel.DefaultChannelPool - Entry count for : http://localhost:61435 : 1
16:26:27.867 [AsyncHttpClient-1-1] DEBUG org.asynchttpclient.netty.channel.DefaultChannelPool - Entry count for : http://localhost:61435 : 1
16:26:28.965 [AsyncHttpClient-1-1] DEBUG org.asynchttpclient.netty.channel.DefaultChannelPool - Entry count for : http://localhost:61435 : 1
16:26:30.066 [AsyncHttpClient-1-1] DEBUG org.asynchttpclient.netty.channel.DefaultChannelPool - Entry count for : http://localhost:61435 : 1
16:26:31.166 [AsyncHttpClient-1-1] DEBUG org.asynchttpclient.netty.channel.DefaultChannelPool - Entry count for : http://localhost:61435 : 1
16:26:32.265 [AsyncHttpClient-1-1] DEBUG org.asynchttpclient.netty.channel.DefaultChannelPool - Entry count for : http://localhost:61435 : 1
16:26:33.366 [AsyncHttpClient-1-1] DEBUG org.asynchttpclient.netty.channel.DefaultChannelPool - Entry count for : http://localhost:61435 : 1
16:26:34.224 [AsyncHttpClient-1-14] DEBUG org.asynchttpclient.netty.handler.HttpHandler - 

Request DefaultHttpRequest(decodeResult: success, version: HTTP/1.1)
POST /session/b44348d3dac623b0560a0be13a1b60e7/url HTTP/1.1
User-Agent: selenium/4.1.2 (java windows)
Content-Length: 53
Content-Type: application/json; charset=utf-8
host: localhost:57397
accept: */*

Response DefaultHttpResponse(decodeResult: success, version: HTTP/1.1)
HTTP/1.1 200 OK
Content-Type: application/json; charset=utf-8
cache-control: no-cache
content-length: 14

16:26:34.224 [AsyncHttpClient-1-14] DEBUG org.asynchttpclient.netty.channel.ChannelManager - Adding key: http://localhost:57397 for channel [id: 0x0b6c22ef, L:/127.0.0.1:61434 - R:localhost/127.0.0.1:57397]
16:26:34.226 [Forwarding setTimeout on session b44348d3dac623b0560a0be13a1b60e7 to remote] DEBUG org.asynchttpclient.netty.request.NettyRequestSender - Using pooled Channel '[id: 0x0b6c22ef, L:/127.0.0.1:61434 - R:localhost/127.0.0.1:57397]' for 'POST' to 'http://localhost:57397/session/b44348d3dac623b0560a0be13a1b60e7/timeouts'
16:26:34.226 [Forwarding setTimeout on session b44348d3dac623b0560a0be13a1b60e7 to remote] DEBUG org.asynchttpclient.netty.request.NettyRequestSender - Using open Channel [id: 0x0b6c22ef, L:/127.0.0.1:61434 - R:localhost/127.0.0.1:57397] for POST '/session/b44348d3dac623b0560a0be13a1b60e7/timeouts'
16:26:34.227 [AsyncHttpClient-1-14] DEBUG org.asynchttpclient.netty.handler.HttpHandler - 

Request DefaultHttpRequest(decodeResult: success, version: HTTP/1.1)
POST /session/b44348d3dac623b0560a0be13a1b60e7/timeouts HTTP/1.1
User-Agent: selenium/4.1.2 (java windows)
Content-Length: 22
Content-Type: application/json; charset=utf-8
host: localhost:57397
accept: */*

Response DefaultHttpResponse(decodeResult: success, version: HTTP/1.1)
HTTP/1.1 200 OK
Content-Type: application/json; charset=utf-8
cache-control: no-cache
content-length: 14

16:26:34.227 [AsyncHttpClient-1-14] DEBUG org.asynchttpclient.netty.channel.ChannelManager - Adding key: http://localhost:57397 for channel [id: 0x0b6c22ef, L:/127.0.0.1:61434 - R:localhost/127.0.0.1:57397]
16:26:34.230 [Forwarding getCurrentUrl on session b44348d3dac623b0560a0be13a1b60e7 to remote] DEBUG org.asynchttpclient.netty.request.NettyRequestSender - Using pooled Channel '[id: 0x0b6c22ef, L:/127.0.0.1:61434 - R:localhost/127.0.0.1:57397]' for 'GET' to 'http://localhost:57397/session/b44348d3dac623b0560a0be13a1b60e7/url'
16:26:34.230 [Forwarding getCurrentUrl on session b44348d3dac623b0560a0be13a1b60e7 to remote] DEBUG org.asynchttpclient.netty.request.NettyRequestSender - Using open Channel [id: 0x0b6c22ef, L:/127.0.0.1:61434 - R:localhost/127.0.0.1:57397] for GET '/session/b44348d3dac623b0560a0be13a1b60e7/url'
16:26:34.235 [AsyncHttpClient-1-14] DEBUG org.asynchttpclient.netty.handler.HttpHandler - 

Request DefaultFullHttpRequest(decodeResult: success, version: HTTP/1.1, content: EmptyByteBufBE)
GET /session/b44348d3dac623b0560a0be13a1b60e7/url HTTP/1.1
User-Agent: selenium/4.1.2 (java windows)
Cache-Control: no-cache
Content-Type: application/json; charset=utf-8
host: localhost:57397
accept: */*

Response DefaultHttpResponse(decodeResult: success, version: HTTP/1.1)
HTTP/1.1 200 OK
Content-Type: application/json; charset=utf-8
cache-control: no-cache
content-length: 41

16:26:34.235 [AsyncHttpClient-1-14] DEBUG org.asynchttpclient.netty.channel.ChannelManager - Adding key: http://localhost:57397 for channel [id: 0x0b6c22ef, L:/127.0.0.1:61434 - R:localhost/127.0.0.1:57397]
  &amp#27;[32mGiven &amp#27;[0m&amp#27;[32mI am on the home page&amp#27;[0m     &amp#27;[90m# starter.stepdefinitions.BabyStep.iAmOnTheHomePage()&amp#27;[0m
16:26:34.242 [Forwarding screenshot on session b44348d3dac623b0560a0be13a1b60e7 to remote] DEBUG org.asynchttpclient.netty.request.NettyRequestSender - Using pooled Channel '[id: 0x0b6c22ef, L:/127.0.0.1:61434 - R:localhost/127.0.0.1:57397]' for 'GET' to 'http://localhost:57397/session/b44348d3dac623b0560a0be13a1b60e7/screenshot'
16:26:34.242 [Forwarding screenshot on session b44348d3dac623b0560a0be13a1b60e7 to remote] DEBUG org.asynchttpclient.netty.request.NettyRequestSender - Using open Channel [id: 0x0b6c22ef, L:/127.0.0.1:61434 - R:localhost/127.0.0.1:57397] for GET '/session/b44348d3dac623b0560a0be13a1b60e7/screenshot'
16:26:34.466 [AsyncHttpClient-1-1] DEBUG org.asynchttpclient.netty.channel.DefaultChannelPool - Entry count for : http://localhost:61435 : 1
16:26:34.538 [AsyncHttpClient-1-14] DEBUG org.asynchttpclient.netty.handler.HttpHandler - 

Request DefaultFullHttpRequest(decodeResult: success, version: HTTP/1.1, content: EmptyByteBufBE)
GET /session/b44348d3dac623b0560a0be13a1b60e7/screenshot HTTP/1.1
User-Agent: selenium/4.1.2 (java windows)
Cache-Control: no-cache
Content-Type: application/json; charset=utf-8
host: localhost:57397
accept: */*

Response DefaultHttpResponse(decodeResult: success, version: HTTP/1.1)
HTTP/1.1 200 OK
Content-Type: application/json; charset=utf-8
cache-control: no-cache
content-length: 1022316

16:26:34.540 [AsyncHttpClient-1-14] DEBUG org.asynchttpclient.netty.channel.ChannelManager - Adding key: http://localhost:57397 for channel [id: 0x0b6c22ef, L:/127.0.0.1:61434 - R:localhost/127.0.0.1:57397]
16:26:34.568 [main] DEBUG net.serenitybdd.core.photography.Darkroom - Send negative for processing for target\site\serenity\b0ddf3608b8f51a6a3adc36e4acd901b7a2c5b7adc6fd42a924a7c7a6358c0ea.png
16:26:34.579 [Forwarding findElement on session b44348d3dac623b0560a0be13a1b60e7 to remote] DEBUG org.asynchttpclient.netty.request.NettyRequestSender - Using pooled Channel '[id: 0x0b6c22ef, L:/127.0.0.1:61434 - R:localhost/127.0.0.1:57397]' for 'POST' to 'http://localhost:57397/session/b44348d3dac623b0560a0be13a1b60e7/element'
16:26:34.579 [Forwarding findElement on session b44348d3dac623b0560a0be13a1b60e7 to remote] DEBUG org.asynchttpclient.netty.request.NettyRequestSender - Using open Channel [id: 0x0b6c22ef, L:/127.0.0.1:61434 - R:localhost/127.0.0.1:57397] for POST '/session/b44348d3dac623b0560a0be13a1b60e7/element'
16:26:34.592 [AsyncHttpClient-1-14] DEBUG org.asynchttpclient.netty.handler.HttpHandler - 

Request DefaultHttpRequest(decodeResult: success, version: HTTP/1.1)
POST /session/b44348d3dac623b0560a0be13a1b60e7/element HTTP/1.1
User-Agent: selenium/4.1.2 (java windows)
Content-Length: 81
Content-Type: application/json; charset=utf-8
host: localhost:57397
accept: */*

Response DefaultHttpResponse(decodeResult: success, version: HTTP/1.1)
HTTP/1.1 200 OK
Content-Type: application/json; charset=utf-8
cache-control: no-cache
content-length: 88

16:26:34.592 [AsyncHttpClient-1-14] DEBUG org.asynchttpclient.netty.channel.ChannelManager - Adding key: http://localhost:57397 for channel [id: 0x0b6c22ef, L:/127.0.0.1:61434 - R:localhost/127.0.0.1:57397]
16:26:34.593 [Forwarding getElementTagName on session b44348d3dac623b0560a0be13a1b60e7 to remote] DEBUG org.asynchttpclient.netty.request.NettyRequestSender - Using pooled Channel '[id: 0x0b6c22ef, L:/127.0.0.1:61434 - R:localhost/127.0.0.1:57397]' for 'GET' to 'http://localhost:57397/session/b44348d3dac623b0560a0be13a1b60e7/element/ab02eb17-ff36-4d7f-9211-c74168691007/name'
16:26:34.593 [Forwarding getElementTagName on session b44348d3dac623b0560a0be13a1b60e7 to remote] DEBUG org.asynchttpclient.netty.request.NettyRequestSender - Using open Channel [id: 0x0b6c22ef, L:/127.0.0.1:61434 - R:localhost/127.0.0.1:57397] for GET '/session/b44348d3dac623b0560a0be13a1b60e7/element/ab02eb17-ff36-4d7f-9211-c74168691007/name'
16:26:34.597 [AsyncHttpClient-1-14] DEBUG org.asynchttpclient.netty.handler.HttpHandler - 

Request DefaultFullHttpRequest(decodeResult: success, version: HTTP/1.1, content: EmptyByteBufBE)
GET /session/b44348d3dac623b0560a0be13a1b60e7/element/ab02eb17-ff36-4d7f-9211-c74168691007/name HTTP/1.1
User-Agent: selenium/4.1.2 (java windows)
Cache-Control: no-cache
Content-Type: application/json; charset=utf-8
host: localhost:57397
accept: */*

Response DefaultHttpResponse(decodeResult: success, version: HTTP/1.1)
HTTP/1.1 200 OK
Content-Type: application/json; charset=utf-8
cache-control: no-cache
content-length: 16

16:26:34.597 [AsyncHttpClient-1-14] DEBUG org.asynchttpclient.netty.channel.ChannelManager - Adding key: http://localhost:57397 for channel [id: 0x0b6c22ef, L:/127.0.0.1:61434 - R:localhost/127.0.0.1:57397]
16:26:34.598 [Forwarding getElementTagName on session b44348d3dac623b0560a0be13a1b60e7 to remote] DEBUG org.asynchttpclient.netty.request.NettyRequestSender - Using pooled Channel '[id: 0x0b6c22ef, L:/127.0.0.1:61434 - R:localhost/127.0.0.1:57397]' for 'GET' to 'http://localhost:57397/session/b44348d3dac623b0560a0be13a1b60e7/element/ab02eb17-ff36-4d7f-9211-c74168691007/name'
16:26:34.598 [Forwarding getElementTagName on session b44348d3dac623b0560a0be13a1b60e7 to remote] DEBUG org.asynchttpclient.netty.request.NettyRequestSender - Using open Channel [id: 0x0b6c22ef, L:/127.0.0.1:61434 - R:localhost/127.0.0.1:57397] for GET '/session/b44348d3dac623b0560a0be13a1b60e7/element/ab02eb17-ff36-4d7f-9211-c74168691007/name'
16:26:34.601 [AsyncHttpClient-1-14] DEBUG org.asynchttpclient.netty.handler.HttpHandler - 

Request DefaultFullHttpRequest(decodeResult: success, version: HTTP/1.1, content: EmptyByteBufBE)
GET /session/b44348d3dac623b0560a0be13a1b60e7/element/ab02eb17-ff36-4d7f-9211-c74168691007/name HTTP/1.1
User-Agent: selenium/4.1.2 (java windows)
Cache-Control: no-cache
Content-Type: application/json; charset=utf-8
host: localhost:57397
accept: */*

Response DefaultHttpResponse(decodeResult: success, version: HTTP/1.1)
HTTP/1.1 200 OK
Content-Type: application/json; charset=utf-8
cache-control: no-cache
content-length: 16

16:26:34.601 [AsyncHttpClient-1-14] DEBUG org.asynchttpclient.netty.channel.ChannelManager - Adding key: http://localhost:57397 for channel [id: 0x0b6c22ef, L:/127.0.0.1:61434 - R:localhost/127.0.0.1:57397]
16:26:34.602 [Forwarding findElement on session b44348d3dac623b0560a0be13a1b60e7 to remote] DEBUG org.asynchttpclient.netty.request.NettyRequestSender - Using pooled Channel '[id: 0x0b6c22ef, L:/127.0.0.1:61434 - R:localhost/127.0.0.1:57397]' for 'POST' to 'http://localhost:57397/session/b44348d3dac623b0560a0be13a1b60e7/element'
16:26:34.602 [Forwarding findElement on session b44348d3dac623b0560a0be13a1b60e7 to remote] DEBUG org.asynchttpclient.netty.request.NettyRequestSender - Using open Channel [id: 0x0b6c22ef, L:/127.0.0.1:61434 - R:localhost/127.0.0.1:57397] for POST '/session/b44348d3dac623b0560a0be13a1b60e7/element'
16:26:34.608 [AsyncHttpClient-1-14] DEBUG org.asynchttpclient.netty.handler.HttpHandler - 

Request DefaultHttpRequest(decodeResult: success, version: HTTP/1.1)
POST /session/b44348d3dac623b0560a0be13a1b60e7/element HTTP/1.1
User-Agent: selenium/4.1.2 (java windows)
Content-Length: 81
Content-Type: application/json; charset=utf-8
host: localhost:57397
accept: */*

Response DefaultHttpResponse(decodeResult: success, version: HTTP/1.1)
HTTP/1.1 200 OK
Content-Type: application/json; charset=utf-8
cache-control: no-cache
content-length: 88

16:26:34.608 [AsyncHttpClient-1-14] DEBUG org.asynchttpclient.netty.channel.ChannelManager - Adding key: http://localhost:57397 for channel [id: 0x0b6c22ef, L:/127.0.0.1:61434 - R:localhost/127.0.0.1:57397]
16:26:34.609 [Forwarding clickElement on session b44348d3dac623b0560a0be13a1b60e7 to remote] DEBUG org.asynchttpclient.netty.request.NettyRequestSender - Using pooled Channel '[id: 0x0b6c22ef, L:/127.0.0.1:61434 - R:localhost/127.0.0.1:57397]' for 'POST' to 'http://localhost:57397/session/b44348d3dac623b0560a0be13a1b60e7/element/ab02eb17-ff36-4d7f-9211-c74168691007/click'
16:26:34.609 [Forwarding clickElement on session b44348d3dac623b0560a0be13a1b60e7 to remote] DEBUG org.asynchttpclient.netty.request.NettyRequestSender - Using open Channel [id: 0x0b6c22ef, L:/127.0.0.1:61434 - R:localhost/127.0.0.1:57397] for POST '/session/b44348d3dac623b0560a0be13a1b60e7/element/ab02eb17-ff36-4d7f-9211-c74168691007/click'
16:26:35.020 [AsyncHttpClient-1-14] DEBUG org.asynchttpclient.netty.handler.HttpHandler - 

Request DefaultHttpRequest(decodeResult: success, version: HTTP/1.1)
POST /session/b44348d3dac623b0560a0be13a1b60e7/element/ab02eb17-ff36-4d7f-9211-c74168691007/click HTTP/1.1
User-Agent: selenium/4.1.2 (java windows)
Content-Length: 50
Content-Type: application/json; charset=utf-8
host: localhost:57397
accept: */*

Response DefaultHttpResponse(decodeResult: success, version: HTTP/1.1)
HTTP/1.1 200 OK
Content-Type: application/json; charset=utf-8
cache-control: no-cache
content-length: 14

16:26:35.020 [AsyncHttpClient-1-14] DEBUG org.asynchttpclient.netty.channel.ChannelManager - Adding key: http://localhost:57397 for channel [id: 0x0b6c22ef, L:/127.0.0.1:61434 - R:localhost/127.0.0.1:57397]
  &amp#27;[32mThen &amp#27;[0m&amp#27;[32mI click baby on the header&amp#27;[0m &amp#27;[90m# starter.stepdefinitions.BabyStep.iClickBabyOnTheHeader()&amp#27;[0m
16:26:35.028 [Forwarding screenshot on session b44348d3dac623b0560a0be13a1b60e7 to remote] DEBUG org.asynchttpclient.netty.request.NettyRequestSender - Using pooled Channel '[id: 0x0b6c22ef, L:/127.0.0.1:61434 - R:localhost/127.0.0.1:57397]' for 'GET' to 'http://localhost:57397/session/b44348d3dac623b0560a0be13a1b60e7/screenshot'
16:26:35.028 [Forwarding screenshot on session b44348d3dac623b0560a0be13a1b60e7 to remote] DEBUG org.asynchttpclient.netty.request.NettyRequestSender - Using open Channel [id: 0x0b6c22ef, L:/127.0.0.1:61434 - R:localhost/127.0.0.1:57397] for GET '/session/b44348d3dac623b0560a0be13a1b60e7/screenshot'
16:26:35.138 [AsyncHttpClient-1-14] DEBUG org.asynchttpclient.netty.handler.HttpHandler - 

Request DefaultFullHttpRequest(decodeResult: success, version: HTTP/1.1, content: EmptyByteBufBE)
GET /session/b44348d3dac623b0560a0be13a1b60e7/screenshot HTTP/1.1
User-Agent: selenium/4.1.2 (java windows)
Cache-Control: no-cache
Content-Type: application/json; charset=utf-8
host: localhost:57397
accept: */*

Response DefaultHttpResponse(decodeResult: success, version: HTTP/1.1)
HTTP/1.1 200 OK
Content-Type: application/json; charset=utf-8
cache-control: no-cache
content-length: 61816

16:26:35.138 [AsyncHttpClient-1-14] DEBUG org.asynchttpclient.netty.channel.ChannelManager - Adding key: http://localhost:57397 for channel [id: 0x0b6c22ef, L:/127.0.0.1:61434 - R:localhost/127.0.0.1:57397]
16:26:35.140 [main] DEBUG net.serenitybdd.core.photography.Darkroom - Send negative for processing for target\site\serenity\5b31d5e614668d2bcda9561786ada5ef763160918f6c9d1435da003ab94fed82.png
16:26:35.146 [Forwarding findElement on session b44348d3dac623b0560a0be13a1b60e7 to remote] DEBUG org.asynchttpclient.netty.request.NettyRequestSender - Using pooled Channel '[id: 0x0b6c22ef, L:/127.0.0.1:61434 - R:localhost/127.0.0.1:57397]' for 'POST' to 'http://localhost:57397/session/b44348d3dac623b0560a0be13a1b60e7/element'
16:26:35.146 [Forwarding findElement on session b44348d3dac623b0560a0be13a1b60e7 to remote] DEBUG org.asynchttpclient.netty.request.NettyRequestSender - Using open Channel [id: 0x0b6c22ef, L:/127.0.0.1:61434 - R:localhost/127.0.0.1:57397] for POST '/session/b44348d3dac623b0560a0be13a1b60e7/element'
16:26:35.158 [AsyncHttpClient-1-14] DEBUG org.asynchttpclient.netty.handler.HttpHandler - 

Request DefaultHttpRequest(decodeResult: success, version: HTTP/1.1)
POST /session/b44348d3dac623b0560a0be13a1b60e7/element HTTP/1.1
User-Agent: selenium/4.1.2 (java windows)
Content-Length: 117
Content-Type: application/json; charset=utf-8
host: localhost:57397
accept: */*

Response DefaultHttpResponse(decodeResult: success, version: HTTP/1.1)
HTTP/1.1 200 OK
Content-Type: application/json; charset=utf-8
cache-control: no-cache
content-length: 88

16:26:35.158 [AsyncHttpClient-1-14] DEBUG org.asynchttpclient.netty.channel.ChannelManager - Adding key: http://localhost:57397 for channel [id: 0x0b6c22ef, L:/127.0.0.1:61434 - R:localhost/127.0.0.1:57397]
16:26:35.158 [Forwarding getElementTagName on session b44348d3dac623b0560a0be13a1b60e7 to remote] DEBUG org.asynchttpclient.netty.request.NettyRequestSender - Using pooled Channel '[id: 0x0b6c22ef, L:/127.0.0.1:61434 - R:localhost/127.0.0.1:57397]' for 'GET' to 'http://localhost:57397/session/b44348d3dac623b0560a0be13a1b60e7/element/5ba2999a-882d-42d9-a376-92b65ad17742/name'
16:26:35.158 [Forwarding getElementTagName on session b44348d3dac623b0560a0be13a1b60e7 to remote] DEBUG org.asynchttpclient.netty.request.NettyRequestSender - Using open Channel [id: 0x0b6c22ef, L:/127.0.0.1:61434 - R:localhost/127.0.0.1:57397] for GET '/session/b44348d3dac623b0560a0be13a1b60e7/element/5ba2999a-882d-42d9-a376-92b65ad17742/name'
16:26:35.162 [AsyncHttpClient-1-14] DEBUG org.asynchttpclient.netty.handler.HttpHandler - 

Request DefaultFullHttpRequest(decodeResult: success, version: HTTP/1.1, content: EmptyByteBufBE)
GET /session/b44348d3dac623b0560a0be13a1b60e7/element/5ba2999a-882d-42d9-a376-92b65ad17742/name HTTP/1.1
User-Agent: selenium/4.1.2 (java windows)
Cache-Control: no-cache
Content-Type: application/json; charset=utf-8
host: localhost:57397
accept: */*

Response DefaultHttpResponse(decodeResult: success, version: HTTP/1.1)
HTTP/1.1 200 OK
Content-Type: application/json; charset=utf-8
cache-control: no-cache
content-length: 16

16:26:35.162 [AsyncHttpClient-1-14] DEBUG org.asynchttpclient.netty.channel.ChannelManager - Adding key: http://localhost:57397 for channel [id: 0x0b6c22ef, L:/127.0.0.1:61434 - R:localhost/127.0.0.1:57397]
16:26:35.163 [Forwarding getElementTagName on session b44348d3dac623b0560a0be13a1b60e7 to remote] DEBUG org.asynchttpclient.netty.request.NettyRequestSender - Using pooled Channel '[id: 0x0b6c22ef, L:/127.0.0.1:61434 - R:localhost/127.0.0.1:57397]' for 'GET' to 'http://localhost:57397/session/b44348d3dac623b0560a0be13a1b60e7/element/5ba2999a-882d-42d9-a376-92b65ad17742/name'
16:26:35.163 [Forwarding getElementTagName on session b44348d3dac623b0560a0be13a1b60e7 to remote] DEBUG org.asynchttpclient.netty.request.NettyRequestSender - Using open Channel [id: 0x0b6c22ef, L:/127.0.0.1:61434 - R:localhost/127.0.0.1:57397] for GET '/session/b44348d3dac623b0560a0be13a1b60e7/element/5ba2999a-882d-42d9-a376-92b65ad17742/name'
16:26:35.166 [AsyncHttpClient-1-14] DEBUG org.asynchttpclient.netty.handler.HttpHandler - 

Request DefaultFullHttpRequest(decodeResult: success, version: HTTP/1.1, content: EmptyByteBufBE)
GET /session/b44348d3dac623b0560a0be13a1b60e7/element/5ba2999a-882d-42d9-a376-92b65ad17742/name HTTP/1.1
User-Agent: selenium/4.1.2 (java windows)
Cache-Control: no-cache
Content-Type: application/json; charset=utf-8
host: localhost:57397
accept: */*

Response DefaultHttpResponse(decodeResult: success, version: HTTP/1.1)
HTTP/1.1 200 OK
Content-Type: application/json; charset=utf-8
cache-control: no-cache
content-length: 16

16:26:35.166 [AsyncHttpClient-1-14] DEBUG org.asynchttpclient.netty.channel.ChannelManager - Adding key: http://localhost:57397 for channel [id: 0x0b6c22ef, L:/127.0.0.1:61434 - R:localhost/127.0.0.1:57397]
16:26:35.167 [Forwarding findElement on session b44348d3dac623b0560a0be13a1b60e7 to remote] DEBUG org.asynchttpclient.netty.request.NettyRequestSender - Using pooled Channel '[id: 0x0b6c22ef, L:/127.0.0.1:61434 - R:localhost/127.0.0.1:57397]' for 'POST' to 'http://localhost:57397/session/b44348d3dac623b0560a0be13a1b60e7/element'
16:26:35.167 [Forwarding findElement on session b44348d3dac623b0560a0be13a1b60e7 to remote] DEBUG org.asynchttpclient.netty.request.NettyRequestSender - Using open Channel [id: 0x0b6c22ef, L:/127.0.0.1:61434 - R:localhost/127.0.0.1:57397] for POST '/session/b44348d3dac623b0560a0be13a1b60e7/element'
16:26:35.174 [AsyncHttpClient-1-14] DEBUG org.asynchttpclient.netty.handler.HttpHandler - 

Request DefaultHttpRequest(decodeResult: success, version: HTTP/1.1)
POST /session/b44348d3dac623b0560a0be13a1b60e7/element HTTP/1.1
User-Agent: selenium/4.1.2 (java windows)
Content-Length: 117
Content-Type: application/json; charset=utf-8
host: localhost:57397
accept: */*

Response DefaultHttpResponse(decodeResult: success, version: HTTP/1.1)
HTTP/1.1 200 OK
Content-Type: application/json; charset=utf-8
cache-control: no-cache
content-length: 88

16:26:35.174 [AsyncHttpClient-1-14] DEBUG org.asynchttpclient.netty.channel.ChannelManager - Adding key: http://localhost:57397 for channel [id: 0x0b6c22ef, L:/127.0.0.1:61434 - R:localhost/127.0.0.1:57397]
16:26:35.175 [Forwarding clickElement on session b44348d3dac623b0560a0be13a1b60e7 to remote] DEBUG org.asynchttpclient.netty.request.NettyRequestSender - Using pooled Channel '[id: 0x0b6c22ef, L:/127.0.0.1:61434 - R:localhost/127.0.0.1:57397]' for 'POST' to 'http://localhost:57397/session/b44348d3dac623b0560a0be13a1b60e7/element/5ba2999a-882d-42d9-a376-92b65ad17742/click'
16:26:35.175 [Forwarding clickElement on session b44348d3dac623b0560a0be13a1b60e7 to remote] DEBUG org.asynchttpclient.netty.request.NettyRequestSender - Using open Channel [id: 0x0b6c22ef, L:/127.0.0.1:61434 - R:localhost/127.0.0.1:57397] for POST '/session/b44348d3dac623b0560a0be13a1b60e7/element/5ba2999a-882d-42d9-a376-92b65ad17742/click'
16:26:35.319 [AsyncHttpClient-1-14] DEBUG org.asynchttpclient.netty.handler.HttpHandler - 

Request DefaultHttpRequest(decodeResult: success, version: HTTP/1.1)
POST /session/b44348d3dac623b0560a0be13a1b60e7/element/5ba2999a-882d-42d9-a376-92b65ad17742/click HTTP/1.1
User-Agent: selenium/4.1.2 (java windows)
Content-Length: 50
Content-Type: application/json; charset=utf-8
host: localhost:57397
accept: */*

Response DefaultHttpResponse(decodeResult: success, version: HTTP/1.1)
HTTP/1.1 200 OK
Content-Type: application/json; charset=utf-8
cache-control: no-cache
content-length: 14

16:26:35.319 [AsyncHttpClient-1-14] DEBUG org.asynchttpclient.netty.channel.ChannelManager - Adding key: http://localhost:57397 for channel [id: 0x0b6c22ef, L:/127.0.0.1:61434 - R:localhost/127.0.0.1:57397]
  &amp#27;[32mWhen &amp#27;[0m&amp#27;[32mI will go to &amp#27;[0m&amp#27;[32m&amp#27;[1m"UT2"&amp#27;[0m         &amp#27;[90m# starter.stepdefinitions.BabyStep.iWillGoTo(java.lang.String)&amp#27;[0m
16:26:35.328 [Forwarding screenshot on session b44348d3dac623b0560a0be13a1b60e7 to remote] DEBUG org.asynchttpclient.netty.request.NettyRequestSender - Using pooled Channel '[id: 0x0b6c22ef, L:/127.0.0.1:61434 - R:localhost/127.0.0.1:57397]' for 'GET' to 'http://localhost:57397/session/b44348d3dac623b0560a0be13a1b60e7/screenshot'
16:26:35.328 [Forwarding screenshot on session b44348d3dac623b0560a0be13a1b60e7 to remote] DEBUG org.asynchttpclient.netty.request.NettyRequestSender - Using open Channel [id: 0x0b6c22ef, L:/127.0.0.1:61434 - R:localhost/127.0.0.1:57397] for GET '/session/b44348d3dac623b0560a0be13a1b60e7/screenshot'
16:26:35.476 [AsyncHttpClient-1-14] DEBUG org.asynchttpclient.netty.handler.HttpHandler - 

Request DefaultFullHttpRequest(decodeResult: success, version: HTTP/1.1, content: EmptyByteBufBE)
GET /session/b44348d3dac623b0560a0be13a1b60e7/screenshot HTTP/1.1
User-Agent: selenium/4.1.2 (java windows)
Cache-Control: no-cache
Content-Type: application/json; charset=utf-8
host: localhost:57397
accept: */*

Response DefaultHttpResponse(decodeResult: success, version: HTTP/1.1)
HTTP/1.1 200 OK
Content-Type: application/json; charset=utf-8
cache-control: no-cache
content-length: 89620

16:26:35.477 [AsyncHttpClient-1-14] DEBUG org.asynchttpclient.netty.channel.ChannelManager - Adding key: http://localhost:57397 for channel [id: 0x0b6c22ef, L:/127.0.0.1:61434 - R:localhost/127.0.0.1:57397]
16:26:35.479 [main] DEBUG net.serenitybdd.core.photography.Darkroom - Send negative for processing for target\site\serenity\3c8b9f09fb73c056828f1a6c30cca9d688fa221a325e3872a45c847ff176e151.png
16:26:35.480 [Darkroom Processing Line] DEBUG net.serenitybdd.core.photography.DarkroomProcessingLine - Processing screenshot image in /var/screenshots/screenshot-8561766776830623569
16:26:35.480 [Darkroom Processing Line] DEBUG net.serenitybdd.core.photography.DarkroomProcessingLine - Saving screenshot to target\site\serenity\3c8b9f09fb73c056828f1a6c30cca9d688fa221a325e3872a45c847ff176e151.png
16:26:35.485 [Forwarding findElement on session b44348d3dac623b0560a0be13a1b60e7 to remote] DEBUG org.asynchttpclient.netty.request.NettyRequestSender - Using pooled Channel '[id: 0x0b6c22ef, L:/127.0.0.1:61434 - R:localhost/127.0.0.1:57397]' for 'POST' to 'http://localhost:57397/session/b44348d3dac623b0560a0be13a1b60e7/element'
16:26:35.485 [Forwarding findElement on session b44348d3dac623b0560a0be13a1b60e7 to remote] DEBUG org.asynchttpclient.netty.request.NettyRequestSender - Using open Channel [id: 0x0b6c22ef, L:/127.0.0.1:61434 - R:localhost/127.0.0.1:57397] for POST '/session/b44348d3dac623b0560a0be13a1b60e7/element'
16:26:35.568 [AsyncHttpClient-1-1] DEBUG org.asynchttpclient.netty.channel.DefaultChannelPool - Entry count for : http://localhost:61435 : 1
16:26:36.613 [AsyncHttpClient-1-14] DEBUG org.asynchttpclient.netty.handler.HttpHandler - 

Request DefaultHttpRequest(decodeResult: success, version: HTTP/1.1)
POST /session/b44348d3dac623b0560a0be13a1b60e7/element HTTP/1.1
User-Agent: selenium/4.1.2 (java windows)
Content-Length: 102
Content-Type: application/json; charset=utf-8
host: localhost:57397
accept: */*

Response DefaultHttpResponse(decodeResult: success, version: HTTP/1.1)
HTTP/1.1 200 OK
Content-Type: application/json; charset=utf-8
cache-control: no-cache
content-length: 88

16:26:36.613 [AsyncHttpClient-1-14] DEBUG org.asynchttpclient.netty.channel.ChannelManager - Adding key: http://localhost:57397 for channel [id: 0x0b6c22ef, L:/127.0.0.1:61434 - R:localhost/127.0.0.1:57397]
16:26:36.615 [Forwarding isElementDisplayed on session b44348d3dac623b0560a0be13a1b60e7 to remote] DEBUG org.asynchttpclient.netty.request.NettyRequestSender - Using pooled Channel '[id: 0x0b6c22ef, L:/127.0.0.1:61434 - R:localhost/127.0.0.1:57397]' for 'POST' to 'http://localhost:57397/session/b44348d3dac623b0560a0be13a1b60e7/execute/sync'
16:26:36.616 [Forwarding isElementDisplayed on session b44348d3dac623b0560a0be13a1b60e7 to remote] DEBUG org.asynchttpclient.netty.request.NettyRequestSender - Using open Channel [id: 0x0b6c22ef, L:/127.0.0.1:61434 - R:localhost/127.0.0.1:57397] for POST '/session/b44348d3dac623b0560a0be13a1b60e7/execute/sync'
16:26:36.642 [AsyncHttpClient-1-14] DEBUG org.asynchttpclient.netty.handler.HttpHandler - 

Request DefaultHttpRequest(decodeResult: success, version: HTTP/1.1)
POST /session/b44348d3dac623b0560a0be13a1b60e7/execute/sync HTTP/1.1
User-Agent: selenium/4.1.2 (java windows)
Content-Length: 48780
Content-Type: application/json; charset=utf-8
host: localhost:57397
accept: */*

Response DefaultHttpResponse(decodeResult: success, version: HTTP/1.1)
HTTP/1.1 200 OK
Content-Type: application/json; charset=utf-8
cache-control: no-cache
content-length: 14

16:26:36.642 [AsyncHttpClient-1-14] DEBUG org.asynchttpclient.netty.channel.ChannelManager - Adding key: http://localhost:57397 for channel [id: 0x0b6c22ef, L:/127.0.0.1:61434 - R:localhost/127.0.0.1:57397]
  &amp#27;[32mAnd &amp#27;[0m&amp#27;[32mI &amp#27;[0m&amp#27;[32m&amp#27;[1m"txtUT2"&amp#27;[0m&amp#27;[32m page&amp#27;[0m             &amp#27;[90m# starter.stepdefinitions.BabyStep.iPage(java.lang.String)&amp#27;[0m
16:26:36.646 [Forwarding screenshot on session b44348d3dac623b0560a0be13a1b60e7 to remote] DEBUG org.asynchttpclient.netty.request.NettyRequestSender - Using pooled Channel '[id: 0x0b6c22ef, L:/127.0.0.1:61434 - R:localhost/127.0.0.1:57397]' for 'GET' to 'http://localhost:57397/session/b44348d3dac623b0560a0be13a1b60e7/screenshot'
16:26:36.646 [Forwarding screenshot on session b44348d3dac623b0560a0be13a1b60e7 to remote] DEBUG org.asynchttpclient.netty.request.NettyRequestSender - Using open Channel [id: 0x0b6c22ef, L:/127.0.0.1:61434 - R:localhost/127.0.0.1:57397] for GET '/session/b44348d3dac623b0560a0be13a1b60e7/screenshot'
16:26:36.665 [AsyncHttpClient-1-1] DEBUG org.asynchttpclient.netty.channel.DefaultChannelPool - Entry count for : http://localhost:61435 : 1
16:26:36.764 [AsyncHttpClient-1-14] DEBUG org.asynchttpclient.netty.handler.HttpHandler - 

Request DefaultFullHttpRequest(decodeResult: success, version: HTTP/1.1, content: EmptyByteBufBE)
GET /session/b44348d3dac623b0560a0be13a1b60e7/screenshot HTTP/1.1
User-Agent: selenium/4.1.2 (java windows)
Cache-Control: no-cache
Content-Type: application/json; charset=utf-8
host: localhost:57397
accept: */*

Response DefaultHttpResponse(decodeResult: success, version: HTTP/1.1)
HTTP/1.1 200 OK
Content-Type: application/json; charset=utf-8
cache-control: no-cache
content-length: 60244

16:26:36.764 [AsyncHttpClient-1-14] DEBUG org.asynchttpclient.netty.channel.ChannelManager - Adding key: http://localhost:57397 for channel [id: 0x0b6c22ef, L:/127.0.0.1:61434 - R:localhost/127.0.0.1:57397]
16:26:36.766 [main] DEBUG net.serenitybdd.core.photography.Darkroom - Send negative for processing for target\site\serenity\f6c32ae519981720eb7d8557632bf2f8a70f3ab9bce256e065e39e0f08a00f44.png
16:26:36.766 [Darkroom Processing Line] DEBUG net.serenitybdd.core.photography.DarkroomProcessingLine - Processing screenshot image in /var/screenshots/screenshot-13971928529484101038
16:26:36.767 [Darkroom Processing Line] DEBUG net.serenitybdd.core.photography.DarkroomProcessingLine - Saving screenshot to target\site\serenity\f6c32ae519981720eb7d8557632bf2f8a70f3ab9bce256e065e39e0f08a00f44.png
16:26:36.771 [AsyncHttpClient-1-16] DEBUG org.asynchttpclient.netty.handler.WebSocketHandler - Channel Closed: [id: 0x55d31bbb, L:/127.0.0.1:61441 ! R:localhost/127.0.0.1:61435] with attribute NettyResponseFuture{currentRetry=5,
	isDone=1,
	isCancelled=0,
	asyncHandler=org.asynchttpclient.ws.WebSocketUpgradeHandler@5f670335,
	nettyRequest=org.asynchttpclient.netty.request.NettyRequest@49f14b44,
	future=java.util.concurrent.CompletableFuture@6b3a14b7[Completed normally],
	uri=ws://localhost:61435/devtools/browser/e4904720-7c7e-401c-b94d-1f02bf74b05d,
	keepAlive=true,
	redirectCount=0,
	timeoutsHolder=null,
	inAuth=0,
	touch=1680859580717}
16:26:36.771 [AsyncHttpClient-1-16] DEBUG org.asynchttpclient.netty.channel.ChannelManager - Closing Channel [id: 0x55d31bbb, L:/127.0.0.1:61441 ! R:localhost/127.0.0.1:61435] 
16:26:36.771 [Driver Command Executor] DEBUG org.asynchttpclient.netty.request.NettyRequestSender - Using pooled Channel '[id: 0x0b6c22ef, L:/127.0.0.1:61434 - R:localhost/127.0.0.1:57397]' for 'DELETE' to 'http://localhost:57397/session/b44348d3dac623b0560a0be13a1b60e7'
16:26:36.771 [Driver Command Executor] DEBUG org.asynchttpclient.netty.request.NettyRequestSender - Using open Channel [id: 0x0b6c22ef, L:/127.0.0.1:61434 - R:localhost/127.0.0.1:57397] for DELETE '/session/b44348d3dac623b0560a0be13a1b60e7'
16:26:36.800 [AsyncHttpClient-1-15] DEBUG org.asynchttpclient.netty.handler.HttpHandler - Unexpected I/O exception on channel [id: 0xf9d1cbda, L:/127.0.0.1:61440 - R:localhost/127.0.0.1:61435]
java.net.SocketException: Connection reset
	at java.base/sun.nio.ch.SocketChannelImpl.throwConnectionReset(SocketChannelImpl.java:345)
	at java.base/sun.nio.ch.SocketChannelImpl.read(SocketChannelImpl.java:376)
	at io.netty.buffer.PooledByteBuf.setBytes(PooledByteBuf.java:258)
	at io.netty.buffer.AbstractByteBuf.writeBytes(AbstractByteBuf.java:1132)
	at io.netty.channel.socket.nio.NioSocketChannel.doReadBytes(NioSocketChannel.java:350)
	at io.netty.channel.nio.AbstractNioByteChannel$NioByteUnsafe.read(AbstractNioByteChannel.java:151)
	at io.netty.channel.nio.NioEventLoop.processSelectedKey(NioEventLoop.java:722)
	at io.netty.channel.nio.NioEventLoop.processSelectedKeysOptimized(NioEventLoop.java:658)
	at io.netty.channel.nio.NioEventLoop.processSelectedKeys(NioEventLoop.java:584)
	at io.netty.channel.nio.NioEventLoop.run(NioEventLoop.java:496)
	at io.netty.util.concurrent.SingleThreadEventExecutor$4.run(SingleThreadEventExecutor.java:986)
	at io.netty.util.internal.ThreadExecutorMap$2.run(ThreadExecutorMap.java:74)
	at io.netty.util.concurrent.FastThreadLocalRunnable.run(FastThreadLocalRunnable.java:30)
	at java.base/java.lang.Thread.run(Thread.java:830)
16:26:36.800 [AsyncHttpClient-1-15] DEBUG org.asynchttpclient.netty.channel.ChannelManager - Closing Channel [id: 0xf9d1cbda, L:/127.0.0.1:61440 - R:localhost/127.0.0.1:61435] 
16:26:36.800 [AsyncHttpClient-1-15] DEBUG org.asynchttpclient.netty.handler.HttpHandler - Channel Closed: [id: 0xf9d1cbda, L:/127.0.0.1:61440 ! R:localhost/127.0.0.1:61435] with attribute DISCARD
16:26:36.818 [AsyncHttpClient-1-14] DEBUG org.asynchttpclient.netty.handler.HttpHandler - 

Request DefaultFullHttpRequest(decodeResult: success, version: HTTP/1.1, content: EmptyByteBufBE)
DELETE /session/b44348d3dac623b0560a0be13a1b60e7 HTTP/1.1
User-Agent: selenium/4.1.2 (java windows)
Content-Type: application/json; charset=utf-8
host: localhost:57397
accept: */*

Response DefaultHttpResponse(decodeResult: success, version: HTTP/1.1)
HTTP/1.1 200 OK
Content-Type: application/json; charset=utf-8
cache-control: no-cache
content-length: 14

16:26:36.818 [AsyncHttpClient-1-14] DEBUG org.asynchttpclient.netty.channel.ChannelManager - Adding key: http://localhost:57397 for channel [id: 0x0b6c22ef, L:/127.0.0.1:61434 - R:localhost/127.0.0.1:57397]
16:26:36.913 [AsyncHttpClient-1-14] DEBUG org.asynchttpclient.netty.handler.HttpHandler - Channel Closed: [id: 0x0b6c22ef, L:/127.0.0.1:61434 ! R:localhost/127.0.0.1:57397] with attribute DISCARD
]]></system-out>
    <system-err><![CDATA[Starting Microsoft Edge WebDriver 111.0.1661.62 (0a8f453929e6410c973aa529a40485ce4e3e03db) on port 57397
To submit feedback, report a bug, or suggest new features, please visit https://github.com/MicrosoftEdge/EdgeWebDriver

Only local connections are allowed.
Please see https://aka.ms/WebDriverSecurity for suggestions on keeping Microsoft Edge WebDriver safe.

Microsoft Edge WebDriver was started successfully.
Apr 07, 2023 4:26:20 PM org.openqa.selenium.remote.ProtocolHandshake createSession
INFO: Detected dialect: W3C
Apr 07, 2023 4:26:20 PM org.openqa.selenium.devtools.CdpVersionFinder findNearestMatch
WARNING: Unable to find an exact match for CDP version 111, so returning the closest version found: a no-op implementation
Apr 07, 2023 4:26:20 PM org.openqa.selenium.devtools.CdpVersionFinder findNearestMatch
INFO: Unable to find CDP implementation matching 111.
Apr 07, 2023 4:26:20 PM org.openqa.selenium.chromium.ChromiumDriver lambda$new$3
WARNING: Unable to find version of CDP to use for . You may need to include a dependency on a specific version of the CDP using something similar to `org.seleniumhq.selenium:selenium-devtools-v86:4.1.2` where the version ("v86") matches the version of the chromium-based browser you're using and the version number of the artifact is the same as Selenium's.
]]></system-err>
  </testcase>
  <testcase name="Fitur Menu Baby #22" classname="Baby" time="25.78">
    <system-out><![CDATA[
Scenario Outline: Fitur Menu Baby &amp#27;[90m# src/test/resources/features/Baby.feature:34&amp#27;[0m
16:26:37.510 [main] INFO io.cucumber.core.plugin.SerenityReporter - Running feature from file:///C:/Users/alwi/IdeaProjects/uniqloweb/src/test/resources/features/Baby.feature
16:26:37.620 [main] DEBUG io.github.bonigarcia.wdm.cache.ResolutionCache - Resolution edge=111 in cache (valid until 17:21:26 07/04/2023 WIB)
16:26:37.623 [main] DEBUG io.github.bonigarcia.wdm.cache.ResolutionCache - Resolution edge111=111.0.1661.62 in cache (valid until 15:02:35 08/04/2023 WIB)
16:26:37.624 [main] INFO io.github.bonigarcia.wdm.WebDriverManager - Using msedgedriver 111.0.1661.62 (resolved driver for Edge 111)
16:26:37.633 [main] DEBUG io.github.bonigarcia.wdm.WebDriverManager - Driver msedgedriver 111.0.1661.62 found in cache
16:26:37.634 [main] INFO io.github.bonigarcia.wdm.WebDriverManager - Exporting webdriver.edge.driver as C:\Users\alwi\.cache\selenium\msedgedriver\win64\111.0.1661.62\msedgedriver.exe
16:26:37.635 [main] DEBUG net.serenitybdd.core.webdriver.driverproviders.ProvideNewDriver - Instantiating driver
16:26:37.635 [main] DEBUG net.serenitybdd.core.webdriver.driverproviders.ProvideNewDriver - Driver capabilities: Capabilities {base.url: https://www.uniqlo.com, chrome.driver: src/test/resources/webdrive..., driver: edge, ms:edgeChromium: true, ms:edgeOptions: {}, wait.for.timeout: 6000}
16:26:37.770 [AsyncHttpClient-1-1] DEBUG org.asynchttpclient.netty.channel.DefaultChannelPool - Entry count for : http://localhost:57397 : 1
16:26:37.770 [AsyncHttpClient-1-1] DEBUG org.asynchttpclient.netty.channel.DefaultChannelPool - Entry count for : http://localhost:61435 : 1
16:26:37.770 [AsyncHttpClient-1-1] DEBUG org.asynchttpclient.netty.channel.DefaultChannelPool - Adding Candidate expired Channel [id: 0x0b6c22ef, L:/127.0.0.1:61434 ! R:localhost/127.0.0.1:57397] isIdleTimeoutExpired=false isRemotelyClosed=true isTtlExpired=false
16:26:37.770 [AsyncHttpClient-1-1] DEBUG org.asynchttpclient.netty.channel.DefaultChannelPool - Closing Idle Channel [id: 0x0b6c22ef, L:/127.0.0.1:61434 ! R:localhost/127.0.0.1:57397]
16:26:37.770 [AsyncHttpClient-1-1] DEBUG org.asynchttpclient.netty.channel.DefaultChannelPool - Adding Candidate expired Channel [id: 0xf9d1cbda, L:/127.0.0.1:61440 ! R:localhost/127.0.0.1:61435] isIdleTimeoutExpired=false isRemotelyClosed=true isTtlExpired=false
16:26:37.770 [AsyncHttpClient-1-1] DEBUG org.asynchttpclient.netty.channel.DefaultChannelPool - Closing Idle Channel [id: 0xf9d1cbda, L:/127.0.0.1:61440 ! R:localhost/127.0.0.1:61435]
16:26:37.770 [AsyncHttpClient-1-1] DEBUG org.asynchttpclient.netty.channel.DefaultChannelPool - Closed 2 connections out of 2 in 0 ms
16:26:38.186 [AsyncHttpClient-1-17] DEBUG org.asynchttpclient.netty.channel.NettyConnectListener - Using new Channel '[id: 0xd9c84cc0, L:/127.0.0.1:61567 - R:localhost/127.0.0.1:59976]' for 'POST' to '/session'
16:26:38.784 [AsyncHttpClient-1-17] DEBUG org.asynchttpclient.netty.handler.HttpHandler - 

Request DefaultHttpRequest(decodeResult: success, version: HTTP/1.1)
POST /session HTTP/1.1
User-Agent: selenium/4.1.2 (java windows)
Content-Length: 627
Content-Type: application/json; charset=utf-8
host: localhost:59976
accept: */*

Response DefaultHttpResponse(decodeResult: success, version: HTTP/1.1)
HTTP/1.1 200 OK
Content-Type: application/json; charset=utf-8
cache-control: no-cache
content-length: 823

16:26:38.784 [AsyncHttpClient-1-17] DEBUG org.asynchttpclient.netty.channel.ChannelManager - Adding key: http://localhost:59976 for channel [id: 0xd9c84cc0, L:/127.0.0.1:61567 - R:localhost/127.0.0.1:59976]
16:26:38.790 [AsyncHttpClient-1-2] DEBUG org.asynchttpclient.netty.channel.NettyConnectListener - Using new Channel '[id: 0x572724aa, L:/127.0.0.1:61575 - R:localhost/127.0.0.1:61569]' for 'GET' to '/json/version'
16:26:38.790 [AsyncHttpClient-1-2] DEBUG org.asynchttpclient.netty.handler.HttpHandler - 

Request DefaultFullHttpRequest(decodeResult: success, version: HTTP/1.1, content: EmptyByteBufBE)
GET /json/version HTTP/1.1
User-Agent: selenium/4.1.2 (java windows)
host: localhost:61569
accept: */*

Response DefaultHttpResponse(decodeResult: success, version: HTTP/1.1)
HTTP/1.1 200 OK
Content-Security-Policy: frame-ancestors 'none'
Content-Type: application/json; charset=UTF-8
content-length: 436

16:26:38.790 [AsyncHttpClient-1-2] DEBUG org.asynchttpclient.netty.channel.ChannelManager - Adding key: http://localhost:61569 for channel [id: 0x572724aa, L:/127.0.0.1:61575 - R:localhost/127.0.0.1:61569]
16:26:38.792 [AsyncHttpClient-1-3] DEBUG org.asynchttpclient.netty.channel.NettyConnectListener - Using new Channel '[id: 0xce13924b, L:/127.0.0.1:61576 - R:localhost/127.0.0.1:61569]' for 'GET' to '/devtools/browser/734b2f31-42ba-463d-9c15-30ffc96d5067'
16:26:38.793 [AsyncHttpClient-1-3] DEBUG org.asynchttpclient.netty.handler.WebSocketHandler - 

Request DefaultFullHttpRequest(decodeResult: success, version: HTTP/1.1, content: EmptyByteBufBE)
GET /devtools/browser/734b2f31-42ba-463d-9c15-30ffc96d5067 HTTP/1.1
upgrade: websocket
connection: upgrade
sec-websocket-key: OvW1uHXEQe3baUFakhp6Sg==
sec-websocket-version: 13
origin: http://localhost:61569
host: localhost:61569
accept: */*
user-agent: AHC/2.1

Response DefaultHttpResponse(decodeResult: success, version: HTTP/1.1)
HTTP/1.1 101 WebSocket Protocol Handshake
Upgrade: WebSocket
Connection: Upgrade
Sec-WebSocket-Accept: UEiQmWMT00n1272Y4MWx5f1z2Xc=

16:26:38.795 [Forwarding get on session db88754217203634767357451691c2bc to remote] DEBUG org.asynchttpclient.netty.request.NettyRequestSender - Using pooled Channel '[id: 0xd9c84cc0, L:/127.0.0.1:61567 - R:localhost/127.0.0.1:59976]' for 'POST' to 'http://localhost:59976/session/db88754217203634767357451691c2bc/url'
16:26:38.795 [Forwarding get on session db88754217203634767357451691c2bc to remote] DEBUG org.asynchttpclient.netty.request.NettyRequestSender - Using open Channel [id: 0xd9c84cc0, L:/127.0.0.1:61567 - R:localhost/127.0.0.1:59976] for POST '/session/db88754217203634767357451691c2bc/url'
16:26:38.867 [AsyncHttpClient-1-1] DEBUG org.asynchttpclient.netty.channel.DefaultChannelPool - Entry count for : http://localhost:61569 : 1
16:26:39.966 [AsyncHttpClient-1-1] DEBUG org.asynchttpclient.netty.channel.DefaultChannelPool - Entry count for : http://localhost:61569 : 1
16:26:41.071 [AsyncHttpClient-1-1] DEBUG org.asynchttpclient.netty.channel.DefaultChannelPool - Entry count for : http://localhost:61569 : 1
16:26:42.168 [AsyncHttpClient-1-1] DEBUG org.asynchttpclient.netty.channel.DefaultChannelPool - Entry count for : http://localhost:61569 : 1
16:26:43.273 [AsyncHttpClient-1-1] DEBUG org.asynchttpclient.netty.channel.DefaultChannelPool - Entry count for : http://localhost:61569 : 1
16:26:44.381 [AsyncHttpClient-1-1] DEBUG org.asynchttpclient.netty.channel.DefaultChannelPool - Entry count for : http://localhost:61569 : 1
16:26:45.465 [AsyncHttpClient-1-1] DEBUG org.asynchttpclient.netty.channel.DefaultChannelPool - Entry count for : http://localhost:61569 : 1
16:26:46.576 [AsyncHttpClient-1-1] DEBUG org.asynchttpclient.netty.channel.DefaultChannelPool - Entry count for : http://localhost:61569 : 1
16:26:47.667 [AsyncHttpClient-1-1] DEBUG org.asynchttpclient.netty.channel.DefaultChannelPool - Entry count for : http://localhost:61569 : 1
16:26:48.766 [AsyncHttpClient-1-1] DEBUG org.asynchttpclient.netty.channel.DefaultChannelPool - Entry count for : http://localhost:61569 : 1
16:26:49.866 [AsyncHttpClient-1-1] DEBUG org.asynchttpclient.netty.channel.DefaultChannelPool - Entry count for : http://localhost:61569 : 1
16:26:50.968 [AsyncHttpClient-1-1] DEBUG org.asynchttpclient.netty.channel.DefaultChannelPool - Entry count for : http://localhost:61569 : 1
16:26:52.066 [AsyncHttpClient-1-1] DEBUG org.asynchttpclient.netty.channel.DefaultChannelPool - Entry count for : http://localhost:61569 : 1
16:26:53.165 [AsyncHttpClient-1-1] DEBUG org.asynchttpclient.netty.channel.DefaultChannelPool - Entry count for : http://localhost:61569 : 1
16:26:54.266 [AsyncHttpClient-1-1] DEBUG org.asynchttpclient.netty.channel.DefaultChannelPool - Entry count for : http://localhost:61569 : 1
16:26:55.370 [AsyncHttpClient-1-1] DEBUG org.asynchttpclient.netty.channel.DefaultChannelPool - Entry count for : http://localhost:61569 : 1
16:26:56.466 [AsyncHttpClient-1-1] DEBUG org.asynchttpclient.netty.channel.DefaultChannelPool - Entry count for : http://localhost:61569 : 1
16:26:57.565 [AsyncHttpClient-1-1] DEBUG org.asynchttpclient.netty.channel.DefaultChannelPool - Entry count for : http://localhost:61569 : 1
16:26:58.670 [AsyncHttpClient-1-1] DEBUG org.asynchttpclient.netty.channel.DefaultChannelPool - Entry count for : http://localhost:61569 : 1
16:26:59.766 [AsyncHttpClient-1-1] DEBUG org.asynchttpclient.netty.channel.DefaultChannelPool - Entry count for : http://localhost:61569 : 1
16:27:00.766 [AsyncHttpClient-1-17] DEBUG org.asynchttpclient.netty.handler.HttpHandler - 

Request DefaultHttpRequest(decodeResult: success, version: HTTP/1.1)
POST /session/db88754217203634767357451691c2bc/url HTTP/1.1
User-Agent: selenium/4.1.2 (java windows)
Content-Length: 53
Content-Type: application/json; charset=utf-8
host: localhost:59976
accept: */*

Response DefaultHttpResponse(decodeResult: success, version: HTTP/1.1)
HTTP/1.1 200 OK
Content-Type: application/json; charset=utf-8
cache-control: no-cache
content-length: 14

16:27:00.766 [AsyncHttpClient-1-17] DEBUG org.asynchttpclient.netty.channel.ChannelManager - Adding key: http://localhost:59976 for channel [id: 0xd9c84cc0, L:/127.0.0.1:61567 - R:localhost/127.0.0.1:59976]
16:27:00.767 [Forwarding setTimeout on session db88754217203634767357451691c2bc to remote] DEBUG org.asynchttpclient.netty.request.NettyRequestSender - Using pooled Channel '[id: 0xd9c84cc0, L:/127.0.0.1:61567 - R:localhost/127.0.0.1:59976]' for 'POST' to 'http://localhost:59976/session/db88754217203634767357451691c2bc/timeouts'
16:27:00.767 [Forwarding setTimeout on session db88754217203634767357451691c2bc to remote] DEBUG org.asynchttpclient.netty.request.NettyRequestSender - Using open Channel [id: 0xd9c84cc0, L:/127.0.0.1:61567 - R:localhost/127.0.0.1:59976] for POST '/session/db88754217203634767357451691c2bc/timeouts'
16:27:00.768 [AsyncHttpClient-1-17] DEBUG org.asynchttpclient.netty.handler.HttpHandler - 

Request DefaultHttpRequest(decodeResult: success, version: HTTP/1.1)
POST /session/db88754217203634767357451691c2bc/timeouts HTTP/1.1
User-Agent: selenium/4.1.2 (java windows)
Content-Length: 22
Content-Type: application/json; charset=utf-8
host: localhost:59976
accept: */*

Response DefaultHttpResponse(decodeResult: success, version: HTTP/1.1)
HTTP/1.1 200 OK
Content-Type: application/json; charset=utf-8
cache-control: no-cache
content-length: 14

16:27:00.768 [AsyncHttpClient-1-17] DEBUG org.asynchttpclient.netty.channel.ChannelManager - Adding key: http://localhost:59976 for channel [id: 0xd9c84cc0, L:/127.0.0.1:61567 - R:localhost/127.0.0.1:59976]
16:27:00.771 [Forwarding getCurrentUrl on session db88754217203634767357451691c2bc to remote] DEBUG org.asynchttpclient.netty.request.NettyRequestSender - Using pooled Channel '[id: 0xd9c84cc0, L:/127.0.0.1:61567 - R:localhost/127.0.0.1:59976]' for 'GET' to 'http://localhost:59976/session/db88754217203634767357451691c2bc/url'
16:27:00.771 [Forwarding getCurrentUrl on session db88754217203634767357451691c2bc to remote] DEBUG org.asynchttpclient.netty.request.NettyRequestSender - Using open Channel [id: 0xd9c84cc0, L:/127.0.0.1:61567 - R:localhost/127.0.0.1:59976] for GET '/session/db88754217203634767357451691c2bc/url'
16:27:00.776 [AsyncHttpClient-1-17] DEBUG org.asynchttpclient.netty.handler.HttpHandler - 

Request DefaultFullHttpRequest(decodeResult: success, version: HTTP/1.1, content: EmptyByteBufBE)
GET /session/db88754217203634767357451691c2bc/url HTTP/1.1
User-Agent: selenium/4.1.2 (java windows)
Cache-Control: no-cache
Content-Type: application/json; charset=utf-8
host: localhost:59976
accept: */*

Response DefaultHttpResponse(decodeResult: success, version: HTTP/1.1)
HTTP/1.1 200 OK
Content-Type: application/json; charset=utf-8
cache-control: no-cache
content-length: 41

16:27:00.776 [AsyncHttpClient-1-17] DEBUG org.asynchttpclient.netty.channel.ChannelManager - Adding key: http://localhost:59976 for channel [id: 0xd9c84cc0, L:/127.0.0.1:61567 - R:localhost/127.0.0.1:59976]
  &amp#27;[32mGiven &amp#27;[0m&amp#27;[32mI am on the home page&amp#27;[0m     &amp#27;[90m# starter.stepdefinitions.BabyStep.iAmOnTheHomePage()&amp#27;[0m
16:27:00.780 [Forwarding screenshot on session db88754217203634767357451691c2bc to remote] DEBUG org.asynchttpclient.netty.request.NettyRequestSender - Using pooled Channel '[id: 0xd9c84cc0, L:/127.0.0.1:61567 - R:localhost/127.0.0.1:59976]' for 'GET' to 'http://localhost:59976/session/db88754217203634767357451691c2bc/screenshot'
16:27:00.780 [Forwarding screenshot on session db88754217203634767357451691c2bc to remote] DEBUG org.asynchttpclient.netty.request.NettyRequestSender - Using open Channel [id: 0xd9c84cc0, L:/127.0.0.1:61567 - R:localhost/127.0.0.1:59976] for GET '/session/db88754217203634767357451691c2bc/screenshot'
16:27:00.865 [AsyncHttpClient-1-1] DEBUG org.asynchttpclient.netty.channel.DefaultChannelPool - Entry count for : http://localhost:61569 : 1
16:27:01.113 [AsyncHttpClient-1-17] DEBUG org.asynchttpclient.netty.handler.HttpHandler - 

Request DefaultFullHttpRequest(decodeResult: success, version: HTTP/1.1, content: EmptyByteBufBE)
GET /session/db88754217203634767357451691c2bc/screenshot HTTP/1.1
User-Agent: selenium/4.1.2 (java windows)
Cache-Control: no-cache
Content-Type: application/json; charset=utf-8
host: localhost:59976
accept: */*

Response DefaultHttpResponse(decodeResult: success, version: HTTP/1.1)
HTTP/1.1 200 OK
Content-Type: application/json; charset=utf-8
cache-control: no-cache
content-length: 1022316

16:27:01.115 [AsyncHttpClient-1-17] DEBUG org.asynchttpclient.netty.channel.ChannelManager - Adding key: http://localhost:59976 for channel [id: 0xd9c84cc0, L:/127.0.0.1:61567 - R:localhost/127.0.0.1:59976]
16:27:01.153 [main] DEBUG net.serenitybdd.core.photography.Darkroom - Send negative for processing for target\site\serenity\b0ddf3608b8f51a6a3adc36e4acd901b7a2c5b7adc6fd42a924a7c7a6358c0ea.png
16:27:01.168 [Forwarding findElement on session db88754217203634767357451691c2bc to remote] DEBUG org.asynchttpclient.netty.request.NettyRequestSender - Using pooled Channel '[id: 0xd9c84cc0, L:/127.0.0.1:61567 - R:localhost/127.0.0.1:59976]' for 'POST' to 'http://localhost:59976/session/db88754217203634767357451691c2bc/element'
16:27:01.168 [Forwarding findElement on session db88754217203634767357451691c2bc to remote] DEBUG org.asynchttpclient.netty.request.NettyRequestSender - Using open Channel [id: 0xd9c84cc0, L:/127.0.0.1:61567 - R:localhost/127.0.0.1:59976] for POST '/session/db88754217203634767357451691c2bc/element'
16:27:01.179 [AsyncHttpClient-1-17] DEBUG org.asynchttpclient.netty.handler.HttpHandler - 

Request DefaultHttpRequest(decodeResult: success, version: HTTP/1.1)
POST /session/db88754217203634767357451691c2bc/element HTTP/1.1
User-Agent: selenium/4.1.2 (java windows)
Content-Length: 81
Content-Type: application/json; charset=utf-8
host: localhost:59976
accept: */*

Response DefaultHttpResponse(decodeResult: success, version: HTTP/1.1)
HTTP/1.1 200 OK
Content-Type: application/json; charset=utf-8
cache-control: no-cache
content-length: 88

16:27:01.179 [AsyncHttpClient-1-17] DEBUG org.asynchttpclient.netty.channel.ChannelManager - Adding key: http://localhost:59976 for channel [id: 0xd9c84cc0, L:/127.0.0.1:61567 - R:localhost/127.0.0.1:59976]
16:27:01.181 [Forwarding getElementTagName on session db88754217203634767357451691c2bc to remote] DEBUG org.asynchttpclient.netty.request.NettyRequestSender - Using pooled Channel '[id: 0xd9c84cc0, L:/127.0.0.1:61567 - R:localhost/127.0.0.1:59976]' for 'GET' to 'http://localhost:59976/session/db88754217203634767357451691c2bc/element/9211e8dc-ee00-4582-9c5e-55ee3cce4e87/name'
16:27:01.181 [Forwarding getElementTagName on session db88754217203634767357451691c2bc to remote] DEBUG org.asynchttpclient.netty.request.NettyRequestSender - Using open Channel [id: 0xd9c84cc0, L:/127.0.0.1:61567 - R:localhost/127.0.0.1:59976] for GET '/session/db88754217203634767357451691c2bc/element/9211e8dc-ee00-4582-9c5e-55ee3cce4e87/name'
16:27:01.183 [AsyncHttpClient-1-17] DEBUG org.asynchttpclient.netty.handler.HttpHandler - 

Request DefaultFullHttpRequest(decodeResult: success, version: HTTP/1.1, content: EmptyByteBufBE)
GET /session/db88754217203634767357451691c2bc/element/9211e8dc-ee00-4582-9c5e-55ee3cce4e87/name HTTP/1.1
User-Agent: selenium/4.1.2 (java windows)
Cache-Control: no-cache
Content-Type: application/json; charset=utf-8
host: localhost:59976
accept: */*

Response DefaultHttpResponse(decodeResult: success, version: HTTP/1.1)
HTTP/1.1 200 OK
Content-Type: application/json; charset=utf-8
cache-control: no-cache
content-length: 16

16:27:01.183 [AsyncHttpClient-1-17] DEBUG org.asynchttpclient.netty.channel.ChannelManager - Adding key: http://localhost:59976 for channel [id: 0xd9c84cc0, L:/127.0.0.1:61567 - R:localhost/127.0.0.1:59976]
16:27:01.184 [Forwarding getElementTagName on session db88754217203634767357451691c2bc to remote] DEBUG org.asynchttpclient.netty.request.NettyRequestSender - Using pooled Channel '[id: 0xd9c84cc0, L:/127.0.0.1:61567 - R:localhost/127.0.0.1:59976]' for 'GET' to 'http://localhost:59976/session/db88754217203634767357451691c2bc/element/9211e8dc-ee00-4582-9c5e-55ee3cce4e87/name'
16:27:01.184 [Forwarding getElementTagName on session db88754217203634767357451691c2bc to remote] DEBUG org.asynchttpclient.netty.request.NettyRequestSender - Using open Channel [id: 0xd9c84cc0, L:/127.0.0.1:61567 - R:localhost/127.0.0.1:59976] for GET '/session/db88754217203634767357451691c2bc/element/9211e8dc-ee00-4582-9c5e-55ee3cce4e87/name'
16:27:01.187 [AsyncHttpClient-1-17] DEBUG org.asynchttpclient.netty.handler.HttpHandler - 

Request DefaultFullHttpRequest(decodeResult: success, version: HTTP/1.1, content: EmptyByteBufBE)
GET /session/db88754217203634767357451691c2bc/element/9211e8dc-ee00-4582-9c5e-55ee3cce4e87/name HTTP/1.1
User-Agent: selenium/4.1.2 (java windows)
Cache-Control: no-cache
Content-Type: application/json; charset=utf-8
host: localhost:59976
accept: */*

Response DefaultHttpResponse(decodeResult: success, version: HTTP/1.1)
HTTP/1.1 200 OK
Content-Type: application/json; charset=utf-8
cache-control: no-cache
content-length: 16

16:27:01.187 [AsyncHttpClient-1-17] DEBUG org.asynchttpclient.netty.channel.ChannelManager - Adding key: http://localhost:59976 for channel [id: 0xd9c84cc0, L:/127.0.0.1:61567 - R:localhost/127.0.0.1:59976]
16:27:01.188 [Forwarding findElement on session db88754217203634767357451691c2bc to remote] DEBUG org.asynchttpclient.netty.request.NettyRequestSender - Using pooled Channel '[id: 0xd9c84cc0, L:/127.0.0.1:61567 - R:localhost/127.0.0.1:59976]' for 'POST' to 'http://localhost:59976/session/db88754217203634767357451691c2bc/element'
16:27:01.188 [Forwarding findElement on session db88754217203634767357451691c2bc to remote] DEBUG org.asynchttpclient.netty.request.NettyRequestSender - Using open Channel [id: 0xd9c84cc0, L:/127.0.0.1:61567 - R:localhost/127.0.0.1:59976] for POST '/session/db88754217203634767357451691c2bc/element'
16:27:01.196 [AsyncHttpClient-1-17] DEBUG org.asynchttpclient.netty.handler.HttpHandler - 

Request DefaultHttpRequest(decodeResult: success, version: HTTP/1.1)
POST /session/db88754217203634767357451691c2bc/element HTTP/1.1
User-Agent: selenium/4.1.2 (java windows)
Content-Length: 81
Content-Type: application/json; charset=utf-8
host: localhost:59976
accept: */*

Response DefaultHttpResponse(decodeResult: success, version: HTTP/1.1)
HTTP/1.1 200 OK
Content-Type: application/json; charset=utf-8
cache-control: no-cache
content-length: 88

16:27:01.196 [AsyncHttpClient-1-17] DEBUG org.asynchttpclient.netty.channel.ChannelManager - Adding key: http://localhost:59976 for channel [id: 0xd9c84cc0, L:/127.0.0.1:61567 - R:localhost/127.0.0.1:59976]
16:27:01.197 [Forwarding clickElement on session db88754217203634767357451691c2bc to remote] DEBUG org.asynchttpclient.netty.request.NettyRequestSender - Using pooled Channel '[id: 0xd9c84cc0, L:/127.0.0.1:61567 - R:localhost/127.0.0.1:59976]' for 'POST' to 'http://localhost:59976/session/db88754217203634767357451691c2bc/element/9211e8dc-ee00-4582-9c5e-55ee3cce4e87/click'
16:27:01.197 [Forwarding clickElement on session db88754217203634767357451691c2bc to remote] DEBUG org.asynchttpclient.netty.request.NettyRequestSender - Using open Channel [id: 0xd9c84cc0, L:/127.0.0.1:61567 - R:localhost/127.0.0.1:59976] for POST '/session/db88754217203634767357451691c2bc/element/9211e8dc-ee00-4582-9c5e-55ee3cce4e87/click'
16:27:01.689 [AsyncHttpClient-1-17] DEBUG org.asynchttpclient.netty.handler.HttpHandler - 

Request DefaultHttpRequest(decodeResult: success, version: HTTP/1.1)
POST /session/db88754217203634767357451691c2bc/element/9211e8dc-ee00-4582-9c5e-55ee3cce4e87/click HTTP/1.1
User-Agent: selenium/4.1.2 (java windows)
Content-Length: 50
Content-Type: application/json; charset=utf-8
host: localhost:59976
accept: */*

Response DefaultHttpResponse(decodeResult: success, version: HTTP/1.1)
HTTP/1.1 200 OK
Content-Type: application/json; charset=utf-8
cache-control: no-cache
content-length: 14

16:27:01.689 [AsyncHttpClient-1-17] DEBUG org.asynchttpclient.netty.channel.ChannelManager - Adding key: http://localhost:59976 for channel [id: 0xd9c84cc0, L:/127.0.0.1:61567 - R:localhost/127.0.0.1:59976]
  &amp#27;[32mThen &amp#27;[0m&amp#27;[32mI click baby on the header&amp#27;[0m &amp#27;[90m# starter.stepdefinitions.BabyStep.iClickBabyOnTheHeader()&amp#27;[0m
16:27:01.696 [Forwarding screenshot on session db88754217203634767357451691c2bc to remote] DEBUG org.asynchttpclient.netty.request.NettyRequestSender - Using pooled Channel '[id: 0xd9c84cc0, L:/127.0.0.1:61567 - R:localhost/127.0.0.1:59976]' for 'GET' to 'http://localhost:59976/session/db88754217203634767357451691c2bc/screenshot'
16:27:01.697 [Forwarding screenshot on session db88754217203634767357451691c2bc to remote] DEBUG org.asynchttpclient.netty.request.NettyRequestSender - Using open Channel [id: 0xd9c84cc0, L:/127.0.0.1:61567 - R:localhost/127.0.0.1:59976] for GET '/session/db88754217203634767357451691c2bc/screenshot'
16:27:01.814 [AsyncHttpClient-1-17] DEBUG org.asynchttpclient.netty.handler.HttpHandler - 

Request DefaultFullHttpRequest(decodeResult: success, version: HTTP/1.1, content: EmptyByteBufBE)
GET /session/db88754217203634767357451691c2bc/screenshot HTTP/1.1
User-Agent: selenium/4.1.2 (java windows)
Cache-Control: no-cache
Content-Type: application/json; charset=utf-8
host: localhost:59976
accept: */*

Response DefaultHttpResponse(decodeResult: success, version: HTTP/1.1)
HTTP/1.1 200 OK
Content-Type: application/json; charset=utf-8
cache-control: no-cache
content-length: 62152

16:27:01.814 [AsyncHttpClient-1-17] DEBUG org.asynchttpclient.netty.channel.ChannelManager - Adding key: http://localhost:59976 for channel [id: 0xd9c84cc0, L:/127.0.0.1:61567 - R:localhost/127.0.0.1:59976]
16:27:01.817 [main] DEBUG net.serenitybdd.core.photography.Darkroom - Send negative for processing for target\site\serenity\e24dcf0e76a3b9a3003a120159a29047ac10468dedf9e088f387d3eda27f774d.png
16:27:01.817 [Darkroom Processing Line] DEBUG net.serenitybdd.core.photography.DarkroomProcessingLine - Processing screenshot image in /var/screenshots/screenshot-10448841515648357186
16:27:01.817 [Darkroom Processing Line] DEBUG net.serenitybdd.core.photography.DarkroomProcessingLine - Saving screenshot to target\site\serenity\e24dcf0e76a3b9a3003a120159a29047ac10468dedf9e088f387d3eda27f774d.png
16:27:01.824 [Forwarding findElement on session db88754217203634767357451691c2bc to remote] DEBUG org.asynchttpclient.netty.request.NettyRequestSender - Using pooled Channel '[id: 0xd9c84cc0, L:/127.0.0.1:61567 - R:localhost/127.0.0.1:59976]' for 'POST' to 'http://localhost:59976/session/db88754217203634767357451691c2bc/element'
16:27:01.824 [Forwarding findElement on session db88754217203634767357451691c2bc to remote] DEBUG org.asynchttpclient.netty.request.NettyRequestSender - Using open Channel [id: 0xd9c84cc0, L:/127.0.0.1:61567 - R:localhost/127.0.0.1:59976] for POST '/session/db88754217203634767357451691c2bc/element'
16:27:01.836 [AsyncHttpClient-1-17] DEBUG org.asynchttpclient.netty.handler.HttpHandler - 

Request DefaultHttpRequest(decodeResult: success, version: HTTP/1.1)
POST /session/db88754217203634767357451691c2bc/element HTTP/1.1
User-Agent: selenium/4.1.2 (java windows)
Content-Length: 106
Content-Type: application/json; charset=utf-8
host: localhost:59976
accept: */*

Response DefaultHttpResponse(decodeResult: success, version: HTTP/1.1)
HTTP/1.1 200 OK
Content-Type: application/json; charset=utf-8
cache-control: no-cache
content-length: 88

16:27:01.836 [AsyncHttpClient-1-17] DEBUG org.asynchttpclient.netty.channel.ChannelManager - Adding key: http://localhost:59976 for channel [id: 0xd9c84cc0, L:/127.0.0.1:61567 - R:localhost/127.0.0.1:59976]
16:27:01.837 [Forwarding getElementTagName on session db88754217203634767357451691c2bc to remote] DEBUG org.asynchttpclient.netty.request.NettyRequestSender - Using pooled Channel '[id: 0xd9c84cc0, L:/127.0.0.1:61567 - R:localhost/127.0.0.1:59976]' for 'GET' to 'http://localhost:59976/session/db88754217203634767357451691c2bc/element/5749c2d3-4ab8-45ae-b2b0-472db6a8dd31/name'
16:27:01.837 [Forwarding getElementTagName on session db88754217203634767357451691c2bc to remote] DEBUG org.asynchttpclient.netty.request.NettyRequestSender - Using open Channel [id: 0xd9c84cc0, L:/127.0.0.1:61567 - R:localhost/127.0.0.1:59976] for GET '/session/db88754217203634767357451691c2bc/element/5749c2d3-4ab8-45ae-b2b0-472db6a8dd31/name'
16:27:01.842 [AsyncHttpClient-1-17] DEBUG org.asynchttpclient.netty.handler.HttpHandler - 

Request DefaultFullHttpRequest(decodeResult: success, version: HTTP/1.1, content: EmptyByteBufBE)
GET /session/db88754217203634767357451691c2bc/element/5749c2d3-4ab8-45ae-b2b0-472db6a8dd31/name HTTP/1.1
User-Agent: selenium/4.1.2 (java windows)
Cache-Control: no-cache
Content-Type: application/json; charset=utf-8
host: localhost:59976
accept: */*

Response DefaultHttpResponse(decodeResult: success, version: HTTP/1.1)
HTTP/1.1 200 OK
Content-Type: application/json; charset=utf-8
cache-control: no-cache
content-length: 16

16:27:01.842 [AsyncHttpClient-1-17] DEBUG org.asynchttpclient.netty.channel.ChannelManager - Adding key: http://localhost:59976 for channel [id: 0xd9c84cc0, L:/127.0.0.1:61567 - R:localhost/127.0.0.1:59976]
16:27:01.843 [Forwarding getElementTagName on session db88754217203634767357451691c2bc to remote] DEBUG org.asynchttpclient.netty.request.NettyRequestSender - Using pooled Channel '[id: 0xd9c84cc0, L:/127.0.0.1:61567 - R:localhost/127.0.0.1:59976]' for 'GET' to 'http://localhost:59976/session/db88754217203634767357451691c2bc/element/5749c2d3-4ab8-45ae-b2b0-472db6a8dd31/name'
16:27:01.844 [Forwarding getElementTagName on session db88754217203634767357451691c2bc to remote] DEBUG org.asynchttpclient.netty.request.NettyRequestSender - Using open Channel [id: 0xd9c84cc0, L:/127.0.0.1:61567 - R:localhost/127.0.0.1:59976] for GET '/session/db88754217203634767357451691c2bc/element/5749c2d3-4ab8-45ae-b2b0-472db6a8dd31/name'
16:27:01.846 [AsyncHttpClient-1-17] DEBUG org.asynchttpclient.netty.handler.HttpHandler - 

Request DefaultFullHttpRequest(decodeResult: success, version: HTTP/1.1, content: EmptyByteBufBE)
GET /session/db88754217203634767357451691c2bc/element/5749c2d3-4ab8-45ae-b2b0-472db6a8dd31/name HTTP/1.1
User-Agent: selenium/4.1.2 (java windows)
Cache-Control: no-cache
Content-Type: application/json; charset=utf-8
host: localhost:59976
accept: */*

Response DefaultHttpResponse(decodeResult: success, version: HTTP/1.1)
HTTP/1.1 200 OK
Content-Type: application/json; charset=utf-8
cache-control: no-cache
content-length: 16

16:27:01.846 [AsyncHttpClient-1-17] DEBUG org.asynchttpclient.netty.channel.ChannelManager - Adding key: http://localhost:59976 for channel [id: 0xd9c84cc0, L:/127.0.0.1:61567 - R:localhost/127.0.0.1:59976]
16:27:01.849 [Forwarding findElement on session db88754217203634767357451691c2bc to remote] DEBUG org.asynchttpclient.netty.request.NettyRequestSender - Using pooled Channel '[id: 0xd9c84cc0, L:/127.0.0.1:61567 - R:localhost/127.0.0.1:59976]' for 'POST' to 'http://localhost:59976/session/db88754217203634767357451691c2bc/element'
16:27:01.849 [Forwarding findElement on session db88754217203634767357451691c2bc to remote] DEBUG org.asynchttpclient.netty.request.NettyRequestSender - Using open Channel [id: 0xd9c84cc0, L:/127.0.0.1:61567 - R:localhost/127.0.0.1:59976] for POST '/session/db88754217203634767357451691c2bc/element'
16:27:01.856 [AsyncHttpClient-1-17] DEBUG org.asynchttpclient.netty.handler.HttpHandler - 

Request DefaultHttpRequest(decodeResult: success, version: HTTP/1.1)
POST /session/db88754217203634767357451691c2bc/element HTTP/1.1
User-Agent: selenium/4.1.2 (java windows)
Content-Length: 106
Content-Type: application/json; charset=utf-8
host: localhost:59976
accept: */*

Response DefaultHttpResponse(decodeResult: success, version: HTTP/1.1)
HTTP/1.1 200 OK
Content-Type: application/json; charset=utf-8
cache-control: no-cache
content-length: 88

16:27:01.856 [AsyncHttpClient-1-17] DEBUG org.asynchttpclient.netty.channel.ChannelManager - Adding key: http://localhost:59976 for channel [id: 0xd9c84cc0, L:/127.0.0.1:61567 - R:localhost/127.0.0.1:59976]
16:27:01.858 [Forwarding clickElement on session db88754217203634767357451691c2bc to remote] DEBUG org.asynchttpclient.netty.request.NettyRequestSender - Using pooled Channel '[id: 0xd9c84cc0, L:/127.0.0.1:61567 - R:localhost/127.0.0.1:59976]' for 'POST' to 'http://localhost:59976/session/db88754217203634767357451691c2bc/element/5749c2d3-4ab8-45ae-b2b0-472db6a8dd31/click'
16:27:01.858 [Forwarding clickElement on session db88754217203634767357451691c2bc to remote] DEBUG org.asynchttpclient.netty.request.NettyRequestSender - Using open Channel [id: 0xd9c84cc0, L:/127.0.0.1:61567 - R:localhost/127.0.0.1:59976] for POST '/session/db88754217203634767357451691c2bc/element/5749c2d3-4ab8-45ae-b2b0-472db6a8dd31/click'
16:27:01.974 [AsyncHttpClient-1-1] DEBUG org.asynchttpclient.netty.channel.DefaultChannelPool - Entry count for : http://localhost:61569 : 1
16:27:02.020 [AsyncHttpClient-1-17] DEBUG org.asynchttpclient.netty.handler.HttpHandler - 

Request DefaultHttpRequest(decodeResult: success, version: HTTP/1.1)
POST /session/db88754217203634767357451691c2bc/element/5749c2d3-4ab8-45ae-b2b0-472db6a8dd31/click HTTP/1.1
User-Agent: selenium/4.1.2 (java windows)
Content-Length: 50
Content-Type: application/json; charset=utf-8
host: localhost:59976
accept: */*

Response DefaultHttpResponse(decodeResult: success, version: HTTP/1.1)
HTTP/1.1 200 OK
Content-Type: application/json; charset=utf-8
cache-control: no-cache
content-length: 14

16:27:02.020 [AsyncHttpClient-1-17] DEBUG org.asynchttpclient.netty.channel.ChannelManager - Adding key: http://localhost:59976 for channel [id: 0xd9c84cc0, L:/127.0.0.1:61567 - R:localhost/127.0.0.1:59976]
  &amp#27;[32mWhen &amp#27;[0m&amp#27;[32mI will go to &amp#27;[0m&amp#27;[32m&amp#27;[1m"heattech"&amp#27;[0m    &amp#27;[90m# starter.stepdefinitions.BabyStep.iWillGoTo(java.lang.String)&amp#27;[0m
16:27:02.028 [Forwarding screenshot on session db88754217203634767357451691c2bc to remote] DEBUG org.asynchttpclient.netty.request.NettyRequestSender - Using pooled Channel '[id: 0xd9c84cc0, L:/127.0.0.1:61567 - R:localhost/127.0.0.1:59976]' for 'GET' to 'http://localhost:59976/session/db88754217203634767357451691c2bc/screenshot'
16:27:02.029 [Forwarding screenshot on session db88754217203634767357451691c2bc to remote] DEBUG org.asynchttpclient.netty.request.NettyRequestSender - Using open Channel [id: 0xd9c84cc0, L:/127.0.0.1:61567 - R:localhost/127.0.0.1:59976] for GET '/session/db88754217203634767357451691c2bc/screenshot'
16:27:02.469 [AsyncHttpClient-1-17] DEBUG org.asynchttpclient.netty.handler.HttpHandler - 

Request DefaultFullHttpRequest(decodeResult: success, version: HTTP/1.1, content: EmptyByteBufBE)
GET /session/db88754217203634767357451691c2bc/screenshot HTTP/1.1
User-Agent: selenium/4.1.2 (java windows)
Cache-Control: no-cache
Content-Type: application/json; charset=utf-8
host: localhost:59976
accept: */*

Response DefaultHttpResponse(decodeResult: success, version: HTTP/1.1)
HTTP/1.1 200 OK
Content-Type: application/json; charset=utf-8
cache-control: no-cache
content-length: 131388

16:27:02.469 [AsyncHttpClient-1-17] DEBUG org.asynchttpclient.netty.channel.ChannelManager - Adding key: http://localhost:59976 for channel [id: 0xd9c84cc0, L:/127.0.0.1:61567 - R:localhost/127.0.0.1:59976]
16:27:02.473 [main] DEBUG net.serenitybdd.core.photography.Darkroom - Send negative for processing for target\site\serenity\ee26b532538b05f4d58c2f7f0345ad5eae2801c027f1bce2df149c8d38e99d21.png
16:27:02.480 [Forwarding findElement on session db88754217203634767357451691c2bc to remote] DEBUG org.asynchttpclient.netty.request.NettyRequestSender - Using pooled Channel '[id: 0xd9c84cc0, L:/127.0.0.1:61567 - R:localhost/127.0.0.1:59976]' for 'POST' to 'http://localhost:59976/session/db88754217203634767357451691c2bc/element'
16:27:02.480 [Forwarding findElement on session db88754217203634767357451691c2bc to remote] DEBUG org.asynchttpclient.netty.request.NettyRequestSender - Using open Channel [id: 0xd9c84cc0, L:/127.0.0.1:61567 - R:localhost/127.0.0.1:59976] for POST '/session/db88754217203634767357451691c2bc/element'
16:27:02.491 [AsyncHttpClient-1-17] DEBUG org.asynchttpclient.netty.handler.HttpHandler - 

Request DefaultHttpRequest(decodeResult: success, version: HTTP/1.1)
POST /session/db88754217203634767357451691c2bc/element HTTP/1.1
User-Agent: selenium/4.1.2 (java windows)
Content-Length: 91
Content-Type: application/json; charset=utf-8
host: localhost:59976
accept: */*

Response DefaultHttpResponse(decodeResult: success, version: HTTP/1.1)
HTTP/1.1 200 OK
Content-Type: application/json; charset=utf-8
cache-control: no-cache
content-length: 88

16:27:02.491 [AsyncHttpClient-1-17] DEBUG org.asynchttpclient.netty.channel.ChannelManager - Adding key: http://localhost:59976 for channel [id: 0xd9c84cc0, L:/127.0.0.1:61567 - R:localhost/127.0.0.1:59976]
16:27:02.493 [Forwarding isElementDisplayed on session db88754217203634767357451691c2bc to remote] DEBUG org.asynchttpclient.netty.request.NettyRequestSender - Using pooled Channel '[id: 0xd9c84cc0, L:/127.0.0.1:61567 - R:localhost/127.0.0.1:59976]' for 'POST' to 'http://localhost:59976/session/db88754217203634767357451691c2bc/execute/sync'
16:27:02.493 [Forwarding isElementDisplayed on session db88754217203634767357451691c2bc to remote] DEBUG org.asynchttpclient.netty.request.NettyRequestSender - Using open Channel [id: 0xd9c84cc0, L:/127.0.0.1:61567 - R:localhost/127.0.0.1:59976] for POST '/session/db88754217203634767357451691c2bc/execute/sync'
16:27:02.505 [AsyncHttpClient-1-17] DEBUG org.asynchttpclient.netty.handler.HttpHandler - 

Request DefaultHttpRequest(decodeResult: success, version: HTTP/1.1)
POST /session/db88754217203634767357451691c2bc/execute/sync HTTP/1.1
User-Agent: selenium/4.1.2 (java windows)
Content-Length: 48780
Content-Type: application/json; charset=utf-8
host: localhost:59976
accept: */*

Response DefaultHttpResponse(decodeResult: success, version: HTTP/1.1)
HTTP/1.1 200 OK
Content-Type: application/json; charset=utf-8
cache-control: no-cache
content-length: 14

16:27:02.505 [AsyncHttpClient-1-17] DEBUG org.asynchttpclient.netty.channel.ChannelManager - Adding key: http://localhost:59976 for channel [id: 0xd9c84cc0, L:/127.0.0.1:61567 - R:localhost/127.0.0.1:59976]
  &amp#27;[32mAnd &amp#27;[0m&amp#27;[32mI &amp#27;[0m&amp#27;[32m&amp#27;[1m"txtHeattech"&amp#27;[0m&amp#27;[32m page&amp#27;[0m        &amp#27;[90m# starter.stepdefinitions.BabyStep.iPage(java.lang.String)&amp#27;[0m
16:27:02.513 [AsyncHttpClient-1-3] DEBUG org.asynchttpclient.netty.handler.WebSocketHandler - Channel Closed: [id: 0xce13924b, L:/127.0.0.1:61576 ! R:localhost/127.0.0.1:61569] with attribute NettyResponseFuture{currentRetry=5,
	isDone=1,
	isCancelled=0,
	asyncHandler=org.asynchttpclient.ws.WebSocketUpgradeHandler@4f6e9487,
	nettyRequest=org.asynchttpclient.netty.request.NettyRequest@4d774fae,
	future=java.util.concurrent.CompletableFuture@1a79c99a[Completed normally],
	uri=ws://localhost:61569/devtools/browser/734b2f31-42ba-463d-9c15-30ffc96d5067,
	keepAlive=true,
	redirectCount=0,
	timeoutsHolder=null,
	inAuth=0,
	touch=1680859598793}
16:27:02.513 [AsyncHttpClient-1-3] DEBUG org.asynchttpclient.netty.channel.ChannelManager - Closing Channel [id: 0xce13924b, L:/127.0.0.1:61576 ! R:localhost/127.0.0.1:61569] 
16:27:02.513 [Driver Command Executor] DEBUG org.asynchttpclient.netty.request.NettyRequestSender - Using pooled Channel '[id: 0xd9c84cc0, L:/127.0.0.1:61567 - R:localhost/127.0.0.1:59976]' for 'DELETE' to 'http://localhost:59976/session/db88754217203634767357451691c2bc'
16:27:02.513 [Driver Command Executor] DEBUG org.asynchttpclient.netty.request.NettyRequestSender - Using open Channel [id: 0xd9c84cc0, L:/127.0.0.1:61567 - R:localhost/127.0.0.1:59976] for DELETE '/session/db88754217203634767357451691c2bc'
16:27:02.544 [AsyncHttpClient-1-2] DEBUG org.asynchttpclient.netty.handler.HttpHandler - Unexpected I/O exception on channel [id: 0x572724aa, L:/127.0.0.1:61575 - R:localhost/127.0.0.1:61569]
java.net.SocketException: Connection reset
	at java.base/sun.nio.ch.SocketChannelImpl.throwConnectionReset(SocketChannelImpl.java:345)
	at java.base/sun.nio.ch.SocketChannelImpl.read(SocketChannelImpl.java:376)
	at io.netty.buffer.PooledByteBuf.setBytes(PooledByteBuf.java:258)
	at io.netty.buffer.AbstractByteBuf.writeBytes(AbstractByteBuf.java:1132)
	at io.netty.channel.socket.nio.NioSocketChannel.doReadBytes(NioSocketChannel.java:350)
	at io.netty.channel.nio.AbstractNioByteChannel$NioByteUnsafe.read(AbstractNioByteChannel.java:151)
	at io.netty.channel.nio.NioEventLoop.processSelectedKey(NioEventLoop.java:722)
	at io.netty.channel.nio.NioEventLoop.processSelectedKeysOptimized(NioEventLoop.java:658)
	at io.netty.channel.nio.NioEventLoop.processSelectedKeys(NioEventLoop.java:584)
	at io.netty.channel.nio.NioEventLoop.run(NioEventLoop.java:496)
	at io.netty.util.concurrent.SingleThreadEventExecutor$4.run(SingleThreadEventExecutor.java:986)
	at io.netty.util.internal.ThreadExecutorMap$2.run(ThreadExecutorMap.java:74)
	at io.netty.util.concurrent.FastThreadLocalRunnable.run(FastThreadLocalRunnable.java:30)
	at java.base/java.lang.Thread.run(Thread.java:830)
16:27:02.544 [AsyncHttpClient-1-2] DEBUG org.asynchttpclient.netty.channel.ChannelManager - Closing Channel [id: 0x572724aa, L:/127.0.0.1:61575 - R:localhost/127.0.0.1:61569] 
16:27:02.544 [AsyncHttpClient-1-2] DEBUG org.asynchttpclient.netty.handler.HttpHandler - Channel Closed: [id: 0x572724aa, L:/127.0.0.1:61575 ! R:localhost/127.0.0.1:61569] with attribute DISCARD
16:27:02.624 [AsyncHttpClient-1-17] DEBUG org.asynchttpclient.netty.handler.HttpHandler - 

Request DefaultFullHttpRequest(decodeResult: success, version: HTTP/1.1, content: EmptyByteBufBE)
DELETE /session/db88754217203634767357451691c2bc HTTP/1.1
User-Agent: selenium/4.1.2 (java windows)
Content-Type: application/json; charset=utf-8
host: localhost:59976
accept: */*

Response DefaultHttpResponse(decodeResult: success, version: HTTP/1.1)
HTTP/1.1 200 OK
Content-Type: application/json; charset=utf-8
cache-control: no-cache
content-length: 14

16:27:02.624 [AsyncHttpClient-1-17] DEBUG org.asynchttpclient.netty.channel.ChannelManager - Adding key: http://localhost:59976 for channel [id: 0xd9c84cc0, L:/127.0.0.1:61567 - R:localhost/127.0.0.1:59976]
16:27:02.698 [AsyncHttpClient-1-17] DEBUG org.asynchttpclient.netty.handler.HttpHandler - Channel Closed: [id: 0xd9c84cc0, L:/127.0.0.1:61567 ! R:localhost/127.0.0.1:59976] with attribute DISCARD
16:27:03.070 [AsyncHttpClient-1-1] DEBUG org.asynchttpclient.netty.channel.DefaultChannelPool - Entry count for : http://localhost:59976 : 1
16:27:03.070 [AsyncHttpClient-1-1] DEBUG org.asynchttpclient.netty.channel.DefaultChannelPool - Entry count for : http://localhost:61569 : 1
16:27:03.070 [AsyncHttpClient-1-1] DEBUG org.asynchttpclient.netty.channel.DefaultChannelPool - Adding Candidate expired Channel [id: 0xd9c84cc0, L:/127.0.0.1:61567 ! R:localhost/127.0.0.1:59976] isIdleTimeoutExpired=false isRemotelyClosed=true isTtlExpired=false
16:27:03.070 [AsyncHttpClient-1-1] DEBUG org.asynchttpclient.netty.channel.DefaultChannelPool - Closing Idle Channel [id: 0xd9c84cc0, L:/127.0.0.1:61567 ! R:localhost/127.0.0.1:59976]
16:27:03.070 [AsyncHttpClient-1-1] DEBUG org.asynchttpclient.netty.channel.DefaultChannelPool - Adding Candidate expired Channel [id: 0x572724aa, L:/127.0.0.1:61575 ! R:localhost/127.0.0.1:61569] isIdleTimeoutExpired=false isRemotelyClosed=true isTtlExpired=false
16:27:03.070 [AsyncHttpClient-1-1] DEBUG org.asynchttpclient.netty.channel.DefaultChannelPool - Closing Idle Channel [id: 0x572724aa, L:/127.0.0.1:61575 ! R:localhost/127.0.0.1:61569]
16:27:03.070 [AsyncHttpClient-1-1] DEBUG org.asynchttpclient.netty.channel.DefaultChannelPool - Closed 2 connections out of 2 in 0 ms
]]></system-out>
    <system-err><![CDATA[Starting Microsoft Edge WebDriver 111.0.1661.62 (0a8f453929e6410c973aa529a40485ce4e3e03db) on port 59976
To submit feedback, report a bug, or suggest new features, please visit https://github.com/MicrosoftEdge/EdgeWebDriver

Only local connections are allowed.
Please see https://aka.ms/WebDriverSecurity for suggestions on keeping Microsoft Edge WebDriver safe.

Microsoft Edge WebDriver was started successfully.
Apr 07, 2023 4:26:38 PM org.openqa.selenium.remote.ProtocolHandshake createSession
INFO: Detected dialect: W3C
Apr 07, 2023 4:26:38 PM org.openqa.selenium.devtools.CdpVersionFinder findNearestMatch
WARNING: Unable to find an exact match for CDP version 111, so returning the closest version found: a no-op implementation
Apr 07, 2023 4:26:38 PM org.openqa.selenium.devtools.CdpVersionFinder findNearestMatch
INFO: Unable to find CDP implementation matching 111.
Apr 07, 2023 4:26:38 PM org.openqa.selenium.chromium.ChromiumDriver lambda$new$3
WARNING: Unable to find version of CDP to use for . You may need to include a dependency on a specific version of the CDP using something similar to `org.seleniumhq.selenium:selenium-devtools-v86:4.1.2` where the version ("v86") matches the version of the chromium-based browser you're using and the version number of the artifact is the same as Selenium's.
]]></system-err>
  </testcase>
  <testcase name="Fitur Menu Baby #23" classname="Baby" time="17.217">
    <system-out><![CDATA[
Scenario Outline: Fitur Menu Baby &amp#27;[90m# src/test/resources/features/Baby.feature:35&amp#27;[0m
16:27:03.289 [main] INFO io.cucumber.core.plugin.SerenityReporter - Running feature from file:///C:/Users/alwi/IdeaProjects/uniqloweb/src/test/resources/features/Baby.feature
16:27:03.404 [main] DEBUG io.github.bonigarcia.wdm.cache.ResolutionCache - Resolution edge=111 in cache (valid until 17:21:26 07/04/2023 WIB)
16:27:03.407 [main] DEBUG io.github.bonigarcia.wdm.cache.ResolutionCache - Resolution edge111=111.0.1661.62 in cache (valid until 15:02:35 08/04/2023 WIB)
16:27:03.409 [main] INFO io.github.bonigarcia.wdm.WebDriverManager - Using msedgedriver 111.0.1661.62 (resolved driver for Edge 111)
16:27:03.419 [main] DEBUG io.github.bonigarcia.wdm.WebDriverManager - Driver msedgedriver 111.0.1661.62 found in cache
16:27:03.419 [main] INFO io.github.bonigarcia.wdm.WebDriverManager - Exporting webdriver.edge.driver as C:\Users\alwi\.cache\selenium\msedgedriver\win64\111.0.1661.62\msedgedriver.exe
16:27:03.421 [main] DEBUG net.serenitybdd.core.webdriver.driverproviders.ProvideNewDriver - Instantiating driver
16:27:03.421 [main] DEBUG net.serenitybdd.core.webdriver.driverproviders.ProvideNewDriver - Driver capabilities: Capabilities {base.url: https://www.uniqlo.com, chrome.driver: src/test/resources/webdrive..., driver: edge, ms:edgeChromium: true, ms:edgeOptions: {}, wait.for.timeout: 6000}
16:27:03.965 [AsyncHttpClient-1-4] DEBUG org.asynchttpclient.netty.channel.NettyConnectListener - Using new Channel '[id: 0x684ba08d, L:/127.0.0.1:61724 - R:localhost/127.0.0.1:49699]' for 'POST' to '/session'
16:27:04.587 [AsyncHttpClient-1-4] DEBUG org.asynchttpclient.netty.handler.HttpHandler - 

Request DefaultHttpRequest(decodeResult: success, version: HTTP/1.1)
POST /session HTTP/1.1
User-Agent: selenium/4.1.2 (java windows)
Content-Length: 627
Content-Type: application/json; charset=utf-8
host: localhost:49699
accept: */*

Response DefaultHttpResponse(decodeResult: success, version: HTTP/1.1)
HTTP/1.1 200 OK
Content-Type: application/json; charset=utf-8
cache-control: no-cache
content-length: 823

16:27:04.587 [AsyncHttpClient-1-4] DEBUG org.asynchttpclient.netty.channel.ChannelManager - Adding key: http://localhost:49699 for channel [id: 0x684ba08d, L:/127.0.0.1:61724 - R:localhost/127.0.0.1:49699]
16:27:04.594 [AsyncHttpClient-1-5] DEBUG org.asynchttpclient.netty.channel.NettyConnectListener - Using new Channel '[id: 0xf368696d, L:/127.0.0.1:61732 - R:localhost/127.0.0.1:61726]' for 'GET' to '/json/version'
16:27:04.595 [AsyncHttpClient-1-5] DEBUG org.asynchttpclient.netty.handler.HttpHandler - 

Request DefaultFullHttpRequest(decodeResult: success, version: HTTP/1.1, content: EmptyByteBufBE)
GET /json/version HTTP/1.1
User-Agent: selenium/4.1.2 (java windows)
host: localhost:61726
accept: */*

Response DefaultHttpResponse(decodeResult: success, version: HTTP/1.1)
HTTP/1.1 200 OK
Content-Security-Policy: frame-ancestors 'none'
Content-Type: application/json; charset=UTF-8
content-length: 436

16:27:04.595 [AsyncHttpClient-1-5] DEBUG org.asynchttpclient.netty.channel.ChannelManager - Adding key: http://localhost:61726 for channel [id: 0xf368696d, L:/127.0.0.1:61732 - R:localhost/127.0.0.1:61726]
16:27:04.599 [AsyncHttpClient-1-6] DEBUG org.asynchttpclient.netty.channel.NettyConnectListener - Using new Channel '[id: 0x676825ac, L:/127.0.0.1:61733 - R:localhost/127.0.0.1:61726]' for 'GET' to '/devtools/browser/e0d402c0-9b1b-4a83-b11a-baa8e8a0eddc'
16:27:04.599 [AsyncHttpClient-1-6] DEBUG org.asynchttpclient.netty.handler.WebSocketHandler - 

Request DefaultFullHttpRequest(decodeResult: success, version: HTTP/1.1, content: EmptyByteBufBE)
GET /devtools/browser/e0d402c0-9b1b-4a83-b11a-baa8e8a0eddc HTTP/1.1
upgrade: websocket
connection: upgrade
sec-websocket-key: XbDsOQefJ1/4a9cIsX/qLg==
sec-websocket-version: 13
origin: http://localhost:61726
host: localhost:61726
accept: */*
user-agent: AHC/2.1

Response DefaultHttpResponse(decodeResult: success, version: HTTP/1.1)
HTTP/1.1 101 WebSocket Protocol Handshake
Upgrade: WebSocket
Connection: Upgrade
Sec-WebSocket-Accept: 3ZeV9BlIwf/R2TwZXIzizttGC9w=

16:27:04.603 [Forwarding get on session 7a86c987e37a55f49e4e691d42ba7d99 to remote] DEBUG org.asynchttpclient.netty.request.NettyRequestSender - Using pooled Channel '[id: 0x684ba08d, L:/127.0.0.1:61724 - R:localhost/127.0.0.1:49699]' for 'POST' to 'http://localhost:49699/session/7a86c987e37a55f49e4e691d42ba7d99/url'
16:27:04.603 [Forwarding get on session 7a86c987e37a55f49e4e691d42ba7d99 to remote] DEBUG org.asynchttpclient.netty.request.NettyRequestSender - Using open Channel [id: 0x684ba08d, L:/127.0.0.1:61724 - R:localhost/127.0.0.1:49699] for POST '/session/7a86c987e37a55f49e4e691d42ba7d99/url'
16:27:05.272 [AsyncHttpClient-1-1] DEBUG org.asynchttpclient.netty.channel.DefaultChannelPool - Entry count for : http://localhost:61726 : 1
16:27:06.367 [AsyncHttpClient-1-1] DEBUG org.asynchttpclient.netty.channel.DefaultChannelPool - Entry count for : http://localhost:61726 : 1
16:27:07.465 [AsyncHttpClient-1-1] DEBUG org.asynchttpclient.netty.channel.DefaultChannelPool - Entry count for : http://localhost:61726 : 1
16:27:08.566 [AsyncHttpClient-1-1] DEBUG org.asynchttpclient.netty.channel.DefaultChannelPool - Entry count for : http://localhost:61726 : 1
16:27:09.671 [AsyncHttpClient-1-1] DEBUG org.asynchttpclient.netty.channel.DefaultChannelPool - Entry count for : http://localhost:61726 : 1
16:27:10.774 [AsyncHttpClient-1-1] DEBUG org.asynchttpclient.netty.channel.DefaultChannelPool - Entry count for : http://localhost:61726 : 1
16:27:11.865 [AsyncHttpClient-1-1] DEBUG org.asynchttpclient.netty.channel.DefaultChannelPool - Entry count for : http://localhost:61726 : 1
16:27:12.971 [AsyncHttpClient-1-1] DEBUG org.asynchttpclient.netty.channel.DefaultChannelPool - Entry count for : http://localhost:61726 : 1
16:27:14.075 [AsyncHttpClient-1-1] DEBUG org.asynchttpclient.netty.channel.DefaultChannelPool - Entry count for : http://localhost:61726 : 1
16:27:15.166 [AsyncHttpClient-1-1] DEBUG org.asynchttpclient.netty.channel.DefaultChannelPool - Entry count for : http://localhost:61726 : 1
16:27:16.272 [AsyncHttpClient-1-1] DEBUG org.asynchttpclient.netty.channel.DefaultChannelPool - Entry count for : http://localhost:61726 : 1
16:27:17.365 [AsyncHttpClient-1-1] DEBUG org.asynchttpclient.netty.channel.DefaultChannelPool - Entry count for : http://localhost:61726 : 1
16:27:17.481 [AsyncHttpClient-1-4] DEBUG org.asynchttpclient.netty.handler.HttpHandler - 

Request DefaultHttpRequest(decodeResult: success, version: HTTP/1.1)
POST /session/7a86c987e37a55f49e4e691d42ba7d99/url HTTP/1.1
User-Agent: selenium/4.1.2 (java windows)
Content-Length: 53
Content-Type: application/json; charset=utf-8
host: localhost:49699
accept: */*

Response DefaultHttpResponse(decodeResult: success, version: HTTP/1.1)
HTTP/1.1 200 OK
Content-Type: application/json; charset=utf-8
cache-control: no-cache
content-length: 14

16:27:17.481 [AsyncHttpClient-1-4] DEBUG org.asynchttpclient.netty.channel.ChannelManager - Adding key: http://localhost:49699 for channel [id: 0x684ba08d, L:/127.0.0.1:61724 - R:localhost/127.0.0.1:49699]
16:27:17.482 [Forwarding setTimeout on session 7a86c987e37a55f49e4e691d42ba7d99 to remote] DEBUG org.asynchttpclient.netty.request.NettyRequestSender - Using pooled Channel '[id: 0x684ba08d, L:/127.0.0.1:61724 - R:localhost/127.0.0.1:49699]' for 'POST' to 'http://localhost:49699/session/7a86c987e37a55f49e4e691d42ba7d99/timeouts'
16:27:17.482 [Forwarding setTimeout on session 7a86c987e37a55f49e4e691d42ba7d99 to remote] DEBUG org.asynchttpclient.netty.request.NettyRequestSender - Using open Channel [id: 0x684ba08d, L:/127.0.0.1:61724 - R:localhost/127.0.0.1:49699] for POST '/session/7a86c987e37a55f49e4e691d42ba7d99/timeouts'
16:27:17.483 [AsyncHttpClient-1-4] DEBUG org.asynchttpclient.netty.handler.HttpHandler - 

Request DefaultHttpRequest(decodeResult: success, version: HTTP/1.1)
POST /session/7a86c987e37a55f49e4e691d42ba7d99/timeouts HTTP/1.1
User-Agent: selenium/4.1.2 (java windows)
Content-Length: 22
Content-Type: application/json; charset=utf-8
host: localhost:49699
accept: */*

Response DefaultHttpResponse(decodeResult: success, version: HTTP/1.1)
HTTP/1.1 200 OK
Content-Type: application/json; charset=utf-8
cache-control: no-cache
content-length: 14

16:27:17.483 [AsyncHttpClient-1-4] DEBUG org.asynchttpclient.netty.channel.ChannelManager - Adding key: http://localhost:49699 for channel [id: 0x684ba08d, L:/127.0.0.1:61724 - R:localhost/127.0.0.1:49699]
16:27:17.485 [Forwarding getCurrentUrl on session 7a86c987e37a55f49e4e691d42ba7d99 to remote] DEBUG org.asynchttpclient.netty.request.NettyRequestSender - Using pooled Channel '[id: 0x684ba08d, L:/127.0.0.1:61724 - R:localhost/127.0.0.1:49699]' for 'GET' to 'http://localhost:49699/session/7a86c987e37a55f49e4e691d42ba7d99/url'
16:27:17.485 [Forwarding getCurrentUrl on session 7a86c987e37a55f49e4e691d42ba7d99 to remote] DEBUG org.asynchttpclient.netty.request.NettyRequestSender - Using open Channel [id: 0x684ba08d, L:/127.0.0.1:61724 - R:localhost/127.0.0.1:49699] for GET '/session/7a86c987e37a55f49e4e691d42ba7d99/url'
16:27:17.493 [AsyncHttpClient-1-4] DEBUG org.asynchttpclient.netty.handler.HttpHandler - 

Request DefaultFullHttpRequest(decodeResult: success, version: HTTP/1.1, content: EmptyByteBufBE)
GET /session/7a86c987e37a55f49e4e691d42ba7d99/url HTTP/1.1
User-Agent: selenium/4.1.2 (java windows)
Cache-Control: no-cache
Content-Type: application/json; charset=utf-8
host: localhost:49699
accept: */*

Response DefaultHttpResponse(decodeResult: success, version: HTTP/1.1)
HTTP/1.1 200 OK
Content-Type: application/json; charset=utf-8
cache-control: no-cache
content-length: 41

16:27:17.493 [AsyncHttpClient-1-4] DEBUG org.asynchttpclient.netty.channel.ChannelManager - Adding key: http://localhost:49699 for channel [id: 0x684ba08d, L:/127.0.0.1:61724 - R:localhost/127.0.0.1:49699]
  &amp#27;[32mGiven &amp#27;[0m&amp#27;[32mI am on the home page&amp#27;[0m     &amp#27;[90m# starter.stepdefinitions.BabyStep.iAmOnTheHomePage()&amp#27;[0m
16:27:17.497 [Forwarding screenshot on session 7a86c987e37a55f49e4e691d42ba7d99 to remote] DEBUG org.asynchttpclient.netty.request.NettyRequestSender - Using pooled Channel '[id: 0x684ba08d, L:/127.0.0.1:61724 - R:localhost/127.0.0.1:49699]' for 'GET' to 'http://localhost:49699/session/7a86c987e37a55f49e4e691d42ba7d99/screenshot'
16:27:17.497 [Forwarding screenshot on session 7a86c987e37a55f49e4e691d42ba7d99 to remote] DEBUG org.asynchttpclient.netty.request.NettyRequestSender - Using open Channel [id: 0x684ba08d, L:/127.0.0.1:61724 - R:localhost/127.0.0.1:49699] for GET '/session/7a86c987e37a55f49e4e691d42ba7d99/screenshot'
16:27:17.818 [AsyncHttpClient-1-4] DEBUG org.asynchttpclient.netty.handler.HttpHandler - 

Request DefaultFullHttpRequest(decodeResult: success, version: HTTP/1.1, content: EmptyByteBufBE)
GET /session/7a86c987e37a55f49e4e691d42ba7d99/screenshot HTTP/1.1
User-Agent: selenium/4.1.2 (java windows)
Cache-Control: no-cache
Content-Type: application/json; charset=utf-8
host: localhost:49699
accept: */*

Response DefaultHttpResponse(decodeResult: success, version: HTTP/1.1)
HTTP/1.1 200 OK
Content-Type: application/json; charset=utf-8
cache-control: no-cache
content-length: 1022316

16:27:17.820 [AsyncHttpClient-1-4] DEBUG org.asynchttpclient.netty.channel.ChannelManager - Adding key: http://localhost:49699 for channel [id: 0x684ba08d, L:/127.0.0.1:61724 - R:localhost/127.0.0.1:49699]
16:27:17.854 [main] DEBUG net.serenitybdd.core.photography.Darkroom - Send negative for processing for target\site\serenity\b0ddf3608b8f51a6a3adc36e4acd901b7a2c5b7adc6fd42a924a7c7a6358c0ea.png
16:27:17.867 [Forwarding findElement on session 7a86c987e37a55f49e4e691d42ba7d99 to remote] DEBUG org.asynchttpclient.netty.request.NettyRequestSender - Using pooled Channel '[id: 0x684ba08d, L:/127.0.0.1:61724 - R:localhost/127.0.0.1:49699]' for 'POST' to 'http://localhost:49699/session/7a86c987e37a55f49e4e691d42ba7d99/element'
16:27:17.867 [Forwarding findElement on session 7a86c987e37a55f49e4e691d42ba7d99 to remote] DEBUG org.asynchttpclient.netty.request.NettyRequestSender - Using open Channel [id: 0x684ba08d, L:/127.0.0.1:61724 - R:localhost/127.0.0.1:49699] for POST '/session/7a86c987e37a55f49e4e691d42ba7d99/element'
16:27:17.882 [AsyncHttpClient-1-4] DEBUG org.asynchttpclient.netty.handler.HttpHandler - 

Request DefaultHttpRequest(decodeResult: success, version: HTTP/1.1)
POST /session/7a86c987e37a55f49e4e691d42ba7d99/element HTTP/1.1
User-Agent: selenium/4.1.2 (java windows)
Content-Length: 81
Content-Type: application/json; charset=utf-8
host: localhost:49699
accept: */*

Response DefaultHttpResponse(decodeResult: success, version: HTTP/1.1)
HTTP/1.1 200 OK
Content-Type: application/json; charset=utf-8
cache-control: no-cache
content-length: 88

16:27:17.882 [AsyncHttpClient-1-4] DEBUG org.asynchttpclient.netty.channel.ChannelManager - Adding key: http://localhost:49699 for channel [id: 0x684ba08d, L:/127.0.0.1:61724 - R:localhost/127.0.0.1:49699]
16:27:17.883 [Forwarding getElementTagName on session 7a86c987e37a55f49e4e691d42ba7d99 to remote] DEBUG org.asynchttpclient.netty.request.NettyRequestSender - Using pooled Channel '[id: 0x684ba08d, L:/127.0.0.1:61724 - R:localhost/127.0.0.1:49699]' for 'GET' to 'http://localhost:49699/session/7a86c987e37a55f49e4e691d42ba7d99/element/9e200d15-5a3a-49ab-880c-37eb01ecb3a2/name'
16:27:17.883 [Forwarding getElementTagName on session 7a86c987e37a55f49e4e691d42ba7d99 to remote] DEBUG org.asynchttpclient.netty.request.NettyRequestSender - Using open Channel [id: 0x684ba08d, L:/127.0.0.1:61724 - R:localhost/127.0.0.1:49699] for GET '/session/7a86c987e37a55f49e4e691d42ba7d99/element/9e200d15-5a3a-49ab-880c-37eb01ecb3a2/name'
16:27:17.888 [AsyncHttpClient-1-4] DEBUG org.asynchttpclient.netty.handler.HttpHandler - 

Request DefaultFullHttpRequest(decodeResult: success, version: HTTP/1.1, content: EmptyByteBufBE)
GET /session/7a86c987e37a55f49e4e691d42ba7d99/element/9e200d15-5a3a-49ab-880c-37eb01ecb3a2/name HTTP/1.1
User-Agent: selenium/4.1.2 (java windows)
Cache-Control: no-cache
Content-Type: application/json; charset=utf-8
host: localhost:49699
accept: */*

Response DefaultHttpResponse(decodeResult: success, version: HTTP/1.1)
HTTP/1.1 200 OK
Content-Type: application/json; charset=utf-8
cache-control: no-cache
content-length: 16

16:27:17.888 [AsyncHttpClient-1-4] DEBUG org.asynchttpclient.netty.channel.ChannelManager - Adding key: http://localhost:49699 for channel [id: 0x684ba08d, L:/127.0.0.1:61724 - R:localhost/127.0.0.1:49699]
16:27:17.890 [Forwarding getElementTagName on session 7a86c987e37a55f49e4e691d42ba7d99 to remote] DEBUG org.asynchttpclient.netty.request.NettyRequestSender - Using pooled Channel '[id: 0x684ba08d, L:/127.0.0.1:61724 - R:localhost/127.0.0.1:49699]' for 'GET' to 'http://localhost:49699/session/7a86c987e37a55f49e4e691d42ba7d99/element/9e200d15-5a3a-49ab-880c-37eb01ecb3a2/name'
16:27:17.890 [Forwarding getElementTagName on session 7a86c987e37a55f49e4e691d42ba7d99 to remote] DEBUG org.asynchttpclient.netty.request.NettyRequestSender - Using open Channel [id: 0x684ba08d, L:/127.0.0.1:61724 - R:localhost/127.0.0.1:49699] for GET '/session/7a86c987e37a55f49e4e691d42ba7d99/element/9e200d15-5a3a-49ab-880c-37eb01ecb3a2/name'
16:27:17.893 [AsyncHttpClient-1-4] DEBUG org.asynchttpclient.netty.handler.HttpHandler - 

Request DefaultFullHttpRequest(decodeResult: success, version: HTTP/1.1, content: EmptyByteBufBE)
GET /session/7a86c987e37a55f49e4e691d42ba7d99/element/9e200d15-5a3a-49ab-880c-37eb01ecb3a2/name HTTP/1.1
User-Agent: selenium/4.1.2 (java windows)
Cache-Control: no-cache
Content-Type: application/json; charset=utf-8
host: localhost:49699
accept: */*

Response DefaultHttpResponse(decodeResult: success, version: HTTP/1.1)
HTTP/1.1 200 OK
Content-Type: application/json; charset=utf-8
cache-control: no-cache
content-length: 16

16:27:17.893 [AsyncHttpClient-1-4] DEBUG org.asynchttpclient.netty.channel.ChannelManager - Adding key: http://localhost:49699 for channel [id: 0x684ba08d, L:/127.0.0.1:61724 - R:localhost/127.0.0.1:49699]
16:27:17.894 [Forwarding findElement on session 7a86c987e37a55f49e4e691d42ba7d99 to remote] DEBUG org.asynchttpclient.netty.request.NettyRequestSender - Using pooled Channel '[id: 0x684ba08d, L:/127.0.0.1:61724 - R:localhost/127.0.0.1:49699]' for 'POST' to 'http://localhost:49699/session/7a86c987e37a55f49e4e691d42ba7d99/element'
16:27:17.894 [Forwarding findElement on session 7a86c987e37a55f49e4e691d42ba7d99 to remote] DEBUG org.asynchttpclient.netty.request.NettyRequestSender - Using open Channel [id: 0x684ba08d, L:/127.0.0.1:61724 - R:localhost/127.0.0.1:49699] for POST '/session/7a86c987e37a55f49e4e691d42ba7d99/element'
16:27:17.900 [AsyncHttpClient-1-4] DEBUG org.asynchttpclient.netty.handler.HttpHandler - 

Request DefaultHttpRequest(decodeResult: success, version: HTTP/1.1)
POST /session/7a86c987e37a55f49e4e691d42ba7d99/element HTTP/1.1
User-Agent: selenium/4.1.2 (java windows)
Content-Length: 81
Content-Type: application/json; charset=utf-8
host: localhost:49699
accept: */*

Response DefaultHttpResponse(decodeResult: success, version: HTTP/1.1)
HTTP/1.1 200 OK
Content-Type: application/json; charset=utf-8
cache-control: no-cache
content-length: 88

16:27:17.900 [AsyncHttpClient-1-4] DEBUG org.asynchttpclient.netty.channel.ChannelManager - Adding key: http://localhost:49699 for channel [id: 0x684ba08d, L:/127.0.0.1:61724 - R:localhost/127.0.0.1:49699]
16:27:17.901 [Forwarding clickElement on session 7a86c987e37a55f49e4e691d42ba7d99 to remote] DEBUG org.asynchttpclient.netty.request.NettyRequestSender - Using pooled Channel '[id: 0x684ba08d, L:/127.0.0.1:61724 - R:localhost/127.0.0.1:49699]' for 'POST' to 'http://localhost:49699/session/7a86c987e37a55f49e4e691d42ba7d99/element/9e200d15-5a3a-49ab-880c-37eb01ecb3a2/click'
16:27:17.901 [Forwarding clickElement on session 7a86c987e37a55f49e4e691d42ba7d99 to remote] DEBUG org.asynchttpclient.netty.request.NettyRequestSender - Using open Channel [id: 0x684ba08d, L:/127.0.0.1:61724 - R:localhost/127.0.0.1:49699] for POST '/session/7a86c987e37a55f49e4e691d42ba7d99/element/9e200d15-5a3a-49ab-880c-37eb01ecb3a2/click'
16:27:18.344 [AsyncHttpClient-1-4] DEBUG org.asynchttpclient.netty.handler.HttpHandler - 

Request DefaultHttpRequest(decodeResult: success, version: HTTP/1.1)
POST /session/7a86c987e37a55f49e4e691d42ba7d99/element/9e200d15-5a3a-49ab-880c-37eb01ecb3a2/click HTTP/1.1
User-Agent: selenium/4.1.2 (java windows)
Content-Length: 50
Content-Type: application/json; charset=utf-8
host: localhost:49699
accept: */*

Response DefaultHttpResponse(decodeResult: success, version: HTTP/1.1)
HTTP/1.1 200 OK
Content-Type: application/json; charset=utf-8
cache-control: no-cache
content-length: 14

16:27:18.345 [AsyncHttpClient-1-4] DEBUG org.asynchttpclient.netty.channel.ChannelManager - Adding key: http://localhost:49699 for channel [id: 0x684ba08d, L:/127.0.0.1:61724 - R:localhost/127.0.0.1:49699]
  &amp#27;[32mThen &amp#27;[0m&amp#27;[32mI click baby on the header&amp#27;[0m &amp#27;[90m# starter.stepdefinitions.BabyStep.iClickBabyOnTheHeader()&amp#27;[0m
16:27:18.353 [Forwarding screenshot on session 7a86c987e37a55f49e4e691d42ba7d99 to remote] DEBUG org.asynchttpclient.netty.request.NettyRequestSender - Using pooled Channel '[id: 0x684ba08d, L:/127.0.0.1:61724 - R:localhost/127.0.0.1:49699]' for 'GET' to 'http://localhost:49699/session/7a86c987e37a55f49e4e691d42ba7d99/screenshot'
16:27:18.354 [Forwarding screenshot on session 7a86c987e37a55f49e4e691d42ba7d99 to remote] DEBUG org.asynchttpclient.netty.request.NettyRequestSender - Using open Channel [id: 0x684ba08d, L:/127.0.0.1:61724 - R:localhost/127.0.0.1:49699] for GET '/session/7a86c987e37a55f49e4e691d42ba7d99/screenshot'
16:27:18.465 [AsyncHttpClient-1-1] DEBUG org.asynchttpclient.netty.channel.DefaultChannelPool - Entry count for : http://localhost:61726 : 1
16:27:19.167 [AsyncHttpClient-1-4] DEBUG org.asynchttpclient.netty.handler.HttpHandler - 

Request DefaultFullHttpRequest(decodeResult: success, version: HTTP/1.1, content: EmptyByteBufBE)
GET /session/7a86c987e37a55f49e4e691d42ba7d99/screenshot HTTP/1.1
User-Agent: selenium/4.1.2 (java windows)
Cache-Control: no-cache
Content-Type: application/json; charset=utf-8
host: localhost:49699
accept: */*

Response DefaultHttpResponse(decodeResult: success, version: HTTP/1.1)
HTTP/1.1 200 OK
Content-Type: application/json; charset=utf-8
cache-control: no-cache
content-length: 137776

16:27:19.167 [AsyncHttpClient-1-4] DEBUG org.asynchttpclient.netty.channel.ChannelManager - Adding key: http://localhost:49699 for channel [id: 0x684ba08d, L:/127.0.0.1:61724 - R:localhost/127.0.0.1:49699]
16:27:19.171 [main] DEBUG net.serenitybdd.core.photography.Darkroom - Send negative for processing for target\site\serenity\19175470107f05ff88b9109460ba68430c411209b16987c88912fbc301d4368e.png
16:27:19.171 [Darkroom Processing Line] DEBUG net.serenitybdd.core.photography.DarkroomProcessingLine - Processing screenshot image in /var/screenshots/screenshot-18216093893291706641
16:27:19.171 [Darkroom Processing Line] DEBUG net.serenitybdd.core.photography.DarkroomProcessingLine - Saving screenshot to target\site\serenity\19175470107f05ff88b9109460ba68430c411209b16987c88912fbc301d4368e.png
16:27:19.178 [Forwarding findElement on session 7a86c987e37a55f49e4e691d42ba7d99 to remote] DEBUG org.asynchttpclient.netty.request.NettyRequestSender - Using pooled Channel '[id: 0x684ba08d, L:/127.0.0.1:61724 - R:localhost/127.0.0.1:49699]' for 'POST' to 'http://localhost:49699/session/7a86c987e37a55f49e4e691d42ba7d99/element'
16:27:19.178 [Forwarding findElement on session 7a86c987e37a55f49e4e691d42ba7d99 to remote] DEBUG org.asynchttpclient.netty.request.NettyRequestSender - Using open Channel [id: 0x684ba08d, L:/127.0.0.1:61724 - R:localhost/127.0.0.1:49699] for POST '/session/7a86c987e37a55f49e4e691d42ba7d99/element'
16:27:19.204 [AsyncHttpClient-1-4] DEBUG org.asynchttpclient.netty.handler.HttpHandler - 

Request DefaultHttpRequest(decodeResult: success, version: HTTP/1.1)
POST /session/7a86c987e37a55f49e4e691d42ba7d99/element HTTP/1.1
User-Agent: selenium/4.1.2 (java windows)
Content-Length: 110
Content-Type: application/json; charset=utf-8
host: localhost:49699
accept: */*

Response DefaultHttpResponse(decodeResult: success, version: HTTP/1.1)
HTTP/1.1 200 OK
Content-Type: application/json; charset=utf-8
cache-control: no-cache
content-length: 88

16:27:19.204 [AsyncHttpClient-1-4] DEBUG org.asynchttpclient.netty.channel.ChannelManager - Adding key: http://localhost:49699 for channel [id: 0x684ba08d, L:/127.0.0.1:61724 - R:localhost/127.0.0.1:49699]
16:27:19.205 [Forwarding getElementTagName on session 7a86c987e37a55f49e4e691d42ba7d99 to remote] DEBUG org.asynchttpclient.netty.request.NettyRequestSender - Using pooled Channel '[id: 0x684ba08d, L:/127.0.0.1:61724 - R:localhost/127.0.0.1:49699]' for 'GET' to 'http://localhost:49699/session/7a86c987e37a55f49e4e691d42ba7d99/element/39f4f46c-86af-4699-92c8-bb1a02f624c0/name'
16:27:19.205 [Forwarding getElementTagName on session 7a86c987e37a55f49e4e691d42ba7d99 to remote] DEBUG org.asynchttpclient.netty.request.NettyRequestSender - Using open Channel [id: 0x684ba08d, L:/127.0.0.1:61724 - R:localhost/127.0.0.1:49699] for GET '/session/7a86c987e37a55f49e4e691d42ba7d99/element/39f4f46c-86af-4699-92c8-bb1a02f624c0/name'
16:27:19.208 [AsyncHttpClient-1-4] DEBUG org.asynchttpclient.netty.handler.HttpHandler - 

Request DefaultFullHttpRequest(decodeResult: success, version: HTTP/1.1, content: EmptyByteBufBE)
GET /session/7a86c987e37a55f49e4e691d42ba7d99/element/39f4f46c-86af-4699-92c8-bb1a02f624c0/name HTTP/1.1
User-Agent: selenium/4.1.2 (java windows)
Cache-Control: no-cache
Content-Type: application/json; charset=utf-8
host: localhost:49699
accept: */*

Response DefaultHttpResponse(decodeResult: success, version: HTTP/1.1)
HTTP/1.1 200 OK
Content-Type: application/json; charset=utf-8
cache-control: no-cache
content-length: 16

16:27:19.208 [AsyncHttpClient-1-4] DEBUG org.asynchttpclient.netty.channel.ChannelManager - Adding key: http://localhost:49699 for channel [id: 0x684ba08d, L:/127.0.0.1:61724 - R:localhost/127.0.0.1:49699]
16:27:19.209 [Forwarding getElementTagName on session 7a86c987e37a55f49e4e691d42ba7d99 to remote] DEBUG org.asynchttpclient.netty.request.NettyRequestSender - Using pooled Channel '[id: 0x684ba08d, L:/127.0.0.1:61724 - R:localhost/127.0.0.1:49699]' for 'GET' to 'http://localhost:49699/session/7a86c987e37a55f49e4e691d42ba7d99/element/39f4f46c-86af-4699-92c8-bb1a02f624c0/name'
16:27:19.209 [Forwarding getElementTagName on session 7a86c987e37a55f49e4e691d42ba7d99 to remote] DEBUG org.asynchttpclient.netty.request.NettyRequestSender - Using open Channel [id: 0x684ba08d, L:/127.0.0.1:61724 - R:localhost/127.0.0.1:49699] for GET '/session/7a86c987e37a55f49e4e691d42ba7d99/element/39f4f46c-86af-4699-92c8-bb1a02f624c0/name'
16:27:19.211 [AsyncHttpClient-1-4] DEBUG org.asynchttpclient.netty.handler.HttpHandler - 

Request DefaultFullHttpRequest(decodeResult: success, version: HTTP/1.1, content: EmptyByteBufBE)
GET /session/7a86c987e37a55f49e4e691d42ba7d99/element/39f4f46c-86af-4699-92c8-bb1a02f624c0/name HTTP/1.1
User-Agent: selenium/4.1.2 (java windows)
Cache-Control: no-cache
Content-Type: application/json; charset=utf-8
host: localhost:49699
accept: */*

Response DefaultHttpResponse(decodeResult: success, version: HTTP/1.1)
HTTP/1.1 200 OK
Content-Type: application/json; charset=utf-8
cache-control: no-cache
content-length: 16

16:27:19.212 [AsyncHttpClient-1-4] DEBUG org.asynchttpclient.netty.channel.ChannelManager - Adding key: http://localhost:49699 for channel [id: 0x684ba08d, L:/127.0.0.1:61724 - R:localhost/127.0.0.1:49699]
16:27:19.214 [Forwarding findElement on session 7a86c987e37a55f49e4e691d42ba7d99 to remote] DEBUG org.asynchttpclient.netty.request.NettyRequestSender - Using pooled Channel '[id: 0x684ba08d, L:/127.0.0.1:61724 - R:localhost/127.0.0.1:49699]' for 'POST' to 'http://localhost:49699/session/7a86c987e37a55f49e4e691d42ba7d99/element'
16:27:19.214 [Forwarding findElement on session 7a86c987e37a55f49e4e691d42ba7d99 to remote] DEBUG org.asynchttpclient.netty.request.NettyRequestSender - Using open Channel [id: 0x684ba08d, L:/127.0.0.1:61724 - R:localhost/127.0.0.1:49699] for POST '/session/7a86c987e37a55f49e4e691d42ba7d99/element'
16:27:19.221 [AsyncHttpClient-1-4] DEBUG org.asynchttpclient.netty.handler.HttpHandler - 

Request DefaultHttpRequest(decodeResult: success, version: HTTP/1.1)
POST /session/7a86c987e37a55f49e4e691d42ba7d99/element HTTP/1.1
User-Agent: selenium/4.1.2 (java windows)
Content-Length: 110
Content-Type: application/json; charset=utf-8
host: localhost:49699
accept: */*

Response DefaultHttpResponse(decodeResult: success, version: HTTP/1.1)
HTTP/1.1 200 OK
Content-Type: application/json; charset=utf-8
cache-control: no-cache
content-length: 88

16:27:19.221 [AsyncHttpClient-1-4] DEBUG org.asynchttpclient.netty.channel.ChannelManager - Adding key: http://localhost:49699 for channel [id: 0x684ba08d, L:/127.0.0.1:61724 - R:localhost/127.0.0.1:49699]
16:27:19.222 [Forwarding clickElement on session 7a86c987e37a55f49e4e691d42ba7d99 to remote] DEBUG org.asynchttpclient.netty.request.NettyRequestSender - Using pooled Channel '[id: 0x684ba08d, L:/127.0.0.1:61724 - R:localhost/127.0.0.1:49699]' for 'POST' to 'http://localhost:49699/session/7a86c987e37a55f49e4e691d42ba7d99/element/39f4f46c-86af-4699-92c8-bb1a02f624c0/click'
16:27:19.222 [Forwarding clickElement on session 7a86c987e37a55f49e4e691d42ba7d99 to remote] DEBUG org.asynchttpclient.netty.request.NettyRequestSender - Using open Channel [id: 0x684ba08d, L:/127.0.0.1:61724 - R:localhost/127.0.0.1:49699] for POST '/session/7a86c987e37a55f49e4e691d42ba7d99/element/39f4f46c-86af-4699-92c8-bb1a02f624c0/click'
16:27:19.414 [AsyncHttpClient-1-4] DEBUG org.asynchttpclient.netty.handler.HttpHandler - 

Request DefaultHttpRequest(decodeResult: success, version: HTTP/1.1)
POST /session/7a86c987e37a55f49e4e691d42ba7d99/element/39f4f46c-86af-4699-92c8-bb1a02f624c0/click HTTP/1.1
User-Agent: selenium/4.1.2 (java windows)
Content-Length: 50
Content-Type: application/json; charset=utf-8
host: localhost:49699
accept: */*

Response DefaultHttpResponse(decodeResult: success, version: HTTP/1.1)
HTTP/1.1 200 OK
Content-Type: application/json; charset=utf-8
cache-control: no-cache
content-length: 14

16:27:19.414 [AsyncHttpClient-1-4] DEBUG org.asynchttpclient.netty.channel.ChannelManager - Adding key: http://localhost:49699 for channel [id: 0x684ba08d, L:/127.0.0.1:61724 - R:localhost/127.0.0.1:49699]
  &amp#27;[32mWhen &amp#27;[0m&amp#27;[32mI will go to &amp#27;[0m&amp#27;[32m&amp#27;[1m"dalamanAtas"&amp#27;[0m &amp#27;[90m# starter.stepdefinitions.BabyStep.iWillGoTo(java.lang.String)&amp#27;[0m
16:27:19.420 [Forwarding screenshot on session 7a86c987e37a55f49e4e691d42ba7d99 to remote] DEBUG org.asynchttpclient.netty.request.NettyRequestSender - Using pooled Channel '[id: 0x684ba08d, L:/127.0.0.1:61724 - R:localhost/127.0.0.1:49699]' for 'GET' to 'http://localhost:49699/session/7a86c987e37a55f49e4e691d42ba7d99/screenshot'
16:27:19.420 [Forwarding screenshot on session 7a86c987e37a55f49e4e691d42ba7d99 to remote] DEBUG org.asynchttpclient.netty.request.NettyRequestSender - Using open Channel [id: 0x684ba08d, L:/127.0.0.1:61724 - R:localhost/127.0.0.1:49699] for GET '/session/7a86c987e37a55f49e4e691d42ba7d99/screenshot'
16:27:19.567 [AsyncHttpClient-1-1] DEBUG org.asynchttpclient.netty.channel.DefaultChannelPool - Entry count for : http://localhost:61726 : 1
16:27:19.728 [AsyncHttpClient-1-4] DEBUG org.asynchttpclient.netty.handler.HttpHandler - 

Request DefaultFullHttpRequest(decodeResult: success, version: HTTP/1.1, content: EmptyByteBufBE)
GET /session/7a86c987e37a55f49e4e691d42ba7d99/screenshot HTTP/1.1
User-Agent: selenium/4.1.2 (java windows)
Cache-Control: no-cache
Content-Type: application/json; charset=utf-8
host: localhost:49699
accept: */*

Response DefaultHttpResponse(decodeResult: success, version: HTTP/1.1)
HTTP/1.1 200 OK
Content-Type: application/json; charset=utf-8
cache-control: no-cache
content-length: 84684

16:27:19.728 [AsyncHttpClient-1-4] DEBUG org.asynchttpclient.netty.channel.ChannelManager - Adding key: http://localhost:49699 for channel [id: 0x684ba08d, L:/127.0.0.1:61724 - R:localhost/127.0.0.1:49699]
16:27:19.731 [main] DEBUG net.serenitybdd.core.photography.Darkroom - Send negative for processing for target\site\serenity\af47dc4f4a6e9b7d6390a80e6b46eed5df06b1e111dbbd4a5ef0ca08b6a945f7.png
16:27:19.731 [Darkroom Processing Line] DEBUG net.serenitybdd.core.photography.DarkroomProcessingLine - Processing screenshot image in /var/screenshots/screenshot-6657350570632031366
16:27:19.731 [Darkroom Processing Line] DEBUG net.serenitybdd.core.photography.DarkroomProcessingLine - Saving screenshot to target\site\serenity\af47dc4f4a6e9b7d6390a80e6b46eed5df06b1e111dbbd4a5ef0ca08b6a945f7.png
16:27:19.736 [Forwarding findElement on session 7a86c987e37a55f49e4e691d42ba7d99 to remote] DEBUG org.asynchttpclient.netty.request.NettyRequestSender - Using pooled Channel '[id: 0x684ba08d, L:/127.0.0.1:61724 - R:localhost/127.0.0.1:49699]' for 'POST' to 'http://localhost:49699/session/7a86c987e37a55f49e4e691d42ba7d99/element'
16:27:19.736 [Forwarding findElement on session 7a86c987e37a55f49e4e691d42ba7d99 to remote] DEBUG org.asynchttpclient.netty.request.NettyRequestSender - Using open Channel [id: 0x684ba08d, L:/127.0.0.1:61724 - R:localhost/127.0.0.1:49699] for POST '/session/7a86c987e37a55f49e4e691d42ba7d99/element'
16:27:19.749 [AsyncHttpClient-1-4] DEBUG org.asynchttpclient.netty.handler.HttpHandler - 

Request DefaultHttpRequest(decodeResult: success, version: HTTP/1.1)
POST /session/7a86c987e37a55f49e4e691d42ba7d99/element HTTP/1.1
User-Agent: selenium/4.1.2 (java windows)
Content-Length: 95
Content-Type: application/json; charset=utf-8
host: localhost:49699
accept: */*

Response DefaultHttpResponse(decodeResult: success, version: HTTP/1.1)
HTTP/1.1 200 OK
Content-Type: application/json; charset=utf-8
cache-control: no-cache
content-length: 88

16:27:19.749 [AsyncHttpClient-1-4] DEBUG org.asynchttpclient.netty.channel.ChannelManager - Adding key: http://localhost:49699 for channel [id: 0x684ba08d, L:/127.0.0.1:61724 - R:localhost/127.0.0.1:49699]
16:27:19.751 [Forwarding isElementDisplayed on session 7a86c987e37a55f49e4e691d42ba7d99 to remote] DEBUG org.asynchttpclient.netty.request.NettyRequestSender - Using pooled Channel '[id: 0x684ba08d, L:/127.0.0.1:61724 - R:localhost/127.0.0.1:49699]' for 'POST' to 'http://localhost:49699/session/7a86c987e37a55f49e4e691d42ba7d99/execute/sync'
16:27:19.751 [Forwarding isElementDisplayed on session 7a86c987e37a55f49e4e691d42ba7d99 to remote] DEBUG org.asynchttpclient.netty.request.NettyRequestSender - Using open Channel [id: 0x684ba08d, L:/127.0.0.1:61724 - R:localhost/127.0.0.1:49699] for POST '/session/7a86c987e37a55f49e4e691d42ba7d99/execute/sync'
16:27:19.764 [AsyncHttpClient-1-4] DEBUG org.asynchttpclient.netty.handler.HttpHandler - 

Request DefaultHttpRequest(decodeResult: success, version: HTTP/1.1)
POST /session/7a86c987e37a55f49e4e691d42ba7d99/execute/sync HTTP/1.1
User-Agent: selenium/4.1.2 (java windows)
Content-Length: 48780
Content-Type: application/json; charset=utf-8
host: localhost:49699
accept: */*

Response DefaultHttpResponse(decodeResult: success, version: HTTP/1.1)
HTTP/1.1 200 OK
Content-Type: application/json; charset=utf-8
cache-control: no-cache
content-length: 14

16:27:19.764 [AsyncHttpClient-1-4] DEBUG org.asynchttpclient.netty.channel.ChannelManager - Adding key: http://localhost:49699 for channel [id: 0x684ba08d, L:/127.0.0.1:61724 - R:localhost/127.0.0.1:49699]
  &amp#27;[32mAnd &amp#27;[0m&amp#27;[32mI &amp#27;[0m&amp#27;[32m&amp#27;[1m"txtDalamanAtas"&amp#27;[0m&amp#27;[32m page&amp#27;[0m     &amp#27;[90m# starter.stepdefinitions.BabyStep.iPage(java.lang.String)&amp#27;[0m
16:27:19.771 [AsyncHttpClient-1-6] DEBUG org.asynchttpclient.netty.handler.WebSocketHandler - Channel Closed: [id: 0x676825ac, L:/127.0.0.1:61733 ! R:localhost/127.0.0.1:61726] with attribute NettyResponseFuture{currentRetry=5,
	isDone=1,
	isCancelled=0,
	asyncHandler=org.asynchttpclient.ws.WebSocketUpgradeHandler@7500925d,
	nettyRequest=org.asynchttpclient.netty.request.NettyRequest@79dff60c,
	future=java.util.concurrent.CompletableFuture@52521235[Completed normally],
	uri=ws://localhost:61726/devtools/browser/e0d402c0-9b1b-4a83-b11a-baa8e8a0eddc,
	keepAlive=true,
	redirectCount=0,
	timeoutsHolder=null,
	inAuth=0,
	touch=1680859624599}
16:27:19.771 [Driver Command Executor] DEBUG org.asynchttpclient.netty.request.NettyRequestSender - Using pooled Channel '[id: 0x684ba08d, L:/127.0.0.1:61724 - R:localhost/127.0.0.1:49699]' for 'DELETE' to 'http://localhost:49699/session/7a86c987e37a55f49e4e691d42ba7d99'
16:27:19.771 [AsyncHttpClient-1-6] DEBUG org.asynchttpclient.netty.channel.ChannelManager - Closing Channel [id: 0x676825ac, L:/127.0.0.1:61733 ! R:localhost/127.0.0.1:61726] 
16:27:19.771 [Driver Command Executor] DEBUG org.asynchttpclient.netty.request.NettyRequestSender - Using open Channel [id: 0x684ba08d, L:/127.0.0.1:61724 - R:localhost/127.0.0.1:49699] for DELETE '/session/7a86c987e37a55f49e4e691d42ba7d99'
16:27:19.800 [AsyncHttpClient-1-5] DEBUG org.asynchttpclient.netty.handler.HttpHandler - Unexpected I/O exception on channel [id: 0xf368696d, L:/127.0.0.1:61732 - R:localhost/127.0.0.1:61726]
java.net.SocketException: Connection reset
	at java.base/sun.nio.ch.SocketChannelImpl.throwConnectionReset(SocketChannelImpl.java:345)
	at java.base/sun.nio.ch.SocketChannelImpl.read(SocketChannelImpl.java:376)
	at io.netty.buffer.PooledByteBuf.setBytes(PooledByteBuf.java:258)
	at io.netty.buffer.AbstractByteBuf.writeBytes(AbstractByteBuf.java:1132)
	at io.netty.channel.socket.nio.NioSocketChannel.doReadBytes(NioSocketChannel.java:350)
	at io.netty.channel.nio.AbstractNioByteChannel$NioByteUnsafe.read(AbstractNioByteChannel.java:151)
	at io.netty.channel.nio.NioEventLoop.processSelectedKey(NioEventLoop.java:722)
	at io.netty.channel.nio.NioEventLoop.processSelectedKeysOptimized(NioEventLoop.java:658)
	at io.netty.channel.nio.NioEventLoop.processSelectedKeys(NioEventLoop.java:584)
	at io.netty.channel.nio.NioEventLoop.run(NioEventLoop.java:496)
	at io.netty.util.concurrent.SingleThreadEventExecutor$4.run(SingleThreadEventExecutor.java:986)
	at io.netty.util.internal.ThreadExecutorMap$2.run(ThreadExecutorMap.java:74)
	at io.netty.util.concurrent.FastThreadLocalRunnable.run(FastThreadLocalRunnable.java:30)
	at java.base/java.lang.Thread.run(Thread.java:830)
16:27:19.800 [AsyncHttpClient-1-5] DEBUG org.asynchttpclient.netty.channel.ChannelManager - Closing Channel [id: 0xf368696d, L:/127.0.0.1:61732 - R:localhost/127.0.0.1:61726] 
16:27:19.800 [AsyncHttpClient-1-5] DEBUG org.asynchttpclient.netty.handler.HttpHandler - Channel Closed: [id: 0xf368696d, L:/127.0.0.1:61732 ! R:localhost/127.0.0.1:61726] with attribute DISCARD
16:27:19.828 [AsyncHttpClient-1-4] DEBUG org.asynchttpclient.netty.handler.HttpHandler - 

Request DefaultFullHttpRequest(decodeResult: success, version: HTTP/1.1, content: EmptyByteBufBE)
DELETE /session/7a86c987e37a55f49e4e691d42ba7d99 HTTP/1.1
User-Agent: selenium/4.1.2 (java windows)
Content-Type: application/json; charset=utf-8
host: localhost:49699
accept: */*

Response DefaultHttpResponse(decodeResult: success, version: HTTP/1.1)
HTTP/1.1 200 OK
Content-Type: application/json; charset=utf-8
cache-control: no-cache
content-length: 14

16:27:19.828 [AsyncHttpClient-1-4] DEBUG org.asynchttpclient.netty.channel.ChannelManager - Adding key: http://localhost:49699 for channel [id: 0x684ba08d, L:/127.0.0.1:61724 - R:localhost/127.0.0.1:49699]
16:27:19.922 [AsyncHttpClient-1-4] DEBUG org.asynchttpclient.netty.handler.HttpHandler - Channel Closed: [id: 0x684ba08d, L:/127.0.0.1:61724 ! R:localhost/127.0.0.1:49699] with attribute DISCARD
]]></system-out>
    <system-err><![CDATA[Starting Microsoft Edge WebDriver 111.0.1661.62 (0a8f453929e6410c973aa529a40485ce4e3e03db) on port 49699
To submit feedback, report a bug, or suggest new features, please visit https://github.com/MicrosoftEdge/EdgeWebDriver

Only local connections are allowed.
Please see https://aka.ms/WebDriverSecurity for suggestions on keeping Microsoft Edge WebDriver safe.

Microsoft Edge WebDriver was started successfully.
Apr 07, 2023 4:27:04 PM org.openqa.selenium.remote.ProtocolHandshake createSession
INFO: Detected dialect: W3C
Apr 07, 2023 4:27:04 PM org.openqa.selenium.devtools.CdpVersionFinder findNearestMatch
WARNING: Unable to find an exact match for CDP version 111, so returning the closest version found: a no-op implementation
Apr 07, 2023 4:27:04 PM org.openqa.selenium.devtools.CdpVersionFinder findNearestMatch
INFO: Unable to find CDP implementation matching 111.
Apr 07, 2023 4:27:04 PM org.openqa.selenium.chromium.ChromiumDriver lambda$new$3
WARNING: Unable to find version of CDP to use for . You may need to include a dependency on a specific version of the CDP using something similar to `org.seleniumhq.selenium:selenium-devtools-v86:4.1.2` where the version ("v86") matches the version of the chromium-based browser you're using and the version number of the artifact is the same as Selenium's.
]]></system-err>
  </testcase>
  <testcase name="Fitur Menu Baby #24" classname="Baby" time="11.193">
    <system-out><![CDATA[
Scenario Outline: Fitur Menu Baby &amp#27;[90m# src/test/resources/features/Baby.feature:36&amp#27;[0m
16:27:20.512 [main] INFO io.cucumber.core.plugin.SerenityReporter - Running feature from file:///C:/Users/alwi/IdeaProjects/uniqloweb/src/test/resources/features/Baby.feature
16:27:20.628 [main] DEBUG io.github.bonigarcia.wdm.cache.ResolutionCache - Resolution edge=111 in cache (valid until 17:21:26 07/04/2023 WIB)
16:27:20.631 [main] DEBUG io.github.bonigarcia.wdm.cache.ResolutionCache - Resolution edge111=111.0.1661.62 in cache (valid until 15:02:35 08/04/2023 WIB)
16:27:20.633 [main] INFO io.github.bonigarcia.wdm.WebDriverManager - Using msedgedriver 111.0.1661.62 (resolved driver for Edge 111)
16:27:20.643 [main] DEBUG io.github.bonigarcia.wdm.WebDriverManager - Driver msedgedriver 111.0.1661.62 found in cache
16:27:20.643 [main] INFO io.github.bonigarcia.wdm.WebDriverManager - Exporting webdriver.edge.driver as C:\Users\alwi\.cache\selenium\msedgedriver\win64\111.0.1661.62\msedgedriver.exe
16:27:20.645 [main] DEBUG net.serenitybdd.core.webdriver.driverproviders.ProvideNewDriver - Instantiating driver
16:27:20.645 [main] DEBUG net.serenitybdd.core.webdriver.driverproviders.ProvideNewDriver - Driver capabilities: Capabilities {base.url: https://www.uniqlo.com, chrome.driver: src/test/resources/webdrive..., driver: edge, ms:edgeChromium: true, ms:edgeOptions: {}, wait.for.timeout: 6000}
16:27:20.668 [AsyncHttpClient-1-1] DEBUG org.asynchttpclient.netty.channel.DefaultChannelPool - Entry count for : http://localhost:61726 : 1
16:27:20.668 [AsyncHttpClient-1-1] DEBUG org.asynchttpclient.netty.channel.DefaultChannelPool - Entry count for : http://localhost:49699 : 1
16:27:20.668 [AsyncHttpClient-1-1] DEBUG org.asynchttpclient.netty.channel.DefaultChannelPool - Adding Candidate expired Channel [id: 0xf368696d, L:/127.0.0.1:61732 ! R:localhost/127.0.0.1:61726] isIdleTimeoutExpired=false isRemotelyClosed=true isTtlExpired=false
16:27:20.668 [AsyncHttpClient-1-1] DEBUG org.asynchttpclient.netty.channel.DefaultChannelPool - Closing Idle Channel [id: 0xf368696d, L:/127.0.0.1:61732 ! R:localhost/127.0.0.1:61726]
16:27:20.668 [AsyncHttpClient-1-1] DEBUG org.asynchttpclient.netty.channel.DefaultChannelPool - Adding Candidate expired Channel [id: 0x684ba08d, L:/127.0.0.1:61724 ! R:localhost/127.0.0.1:49699] isIdleTimeoutExpired=false isRemotelyClosed=true isTtlExpired=false
16:27:20.668 [AsyncHttpClient-1-1] DEBUG org.asynchttpclient.netty.channel.DefaultChannelPool - Closing Idle Channel [id: 0x684ba08d, L:/127.0.0.1:61724 ! R:localhost/127.0.0.1:49699]
16:27:20.668 [AsyncHttpClient-1-1] DEBUG org.asynchttpclient.netty.channel.DefaultChannelPool - Closed 2 connections out of 2 in 0 ms
16:27:21.185 [AsyncHttpClient-1-7] DEBUG org.asynchttpclient.netty.channel.NettyConnectListener - Using new Channel '[id: 0x554e62cf, L:/127.0.0.1:61868 - R:localhost/127.0.0.1:56663]' for 'POST' to '/session'
16:27:21.795 [AsyncHttpClient-1-7] DEBUG org.asynchttpclient.netty.handler.HttpHandler - 

Request DefaultHttpRequest(decodeResult: success, version: HTTP/1.1)
POST /session HTTP/1.1
User-Agent: selenium/4.1.2 (java windows)
Content-Length: 627
Content-Type: application/json; charset=utf-8
host: localhost:56663
accept: */*

Response DefaultHttpResponse(decodeResult: success, version: HTTP/1.1)
HTTP/1.1 200 OK
Content-Type: application/json; charset=utf-8
cache-control: no-cache
content-length: 822

16:27:21.795 [AsyncHttpClient-1-7] DEBUG org.asynchttpclient.netty.channel.ChannelManager - Adding key: http://localhost:56663 for channel [id: 0x554e62cf, L:/127.0.0.1:61868 - R:localhost/127.0.0.1:56663]
16:27:21.801 [AsyncHttpClient-1-8] DEBUG org.asynchttpclient.netty.channel.NettyConnectListener - Using new Channel '[id: 0x712113b6, L:/127.0.0.1:61875 - R:localhost/127.0.0.1:61869]' for 'GET' to '/json/version'
16:27:21.802 [AsyncHttpClient-1-8] DEBUG org.asynchttpclient.netty.handler.HttpHandler - 

Request DefaultFullHttpRequest(decodeResult: success, version: HTTP/1.1, content: EmptyByteBufBE)
GET /json/version HTTP/1.1
User-Agent: selenium/4.1.2 (java windows)
host: localhost:61869
accept: */*

Response DefaultHttpResponse(decodeResult: success, version: HTTP/1.1)
HTTP/1.1 200 OK
Content-Security-Policy: frame-ancestors 'none'
Content-Type: application/json; charset=UTF-8
content-length: 436

16:27:21.802 [AsyncHttpClient-1-8] DEBUG org.asynchttpclient.netty.channel.ChannelManager - Adding key: http://localhost:61869 for channel [id: 0x712113b6, L:/127.0.0.1:61875 - R:localhost/127.0.0.1:61869]
16:27:21.803 [AsyncHttpClient-1-9] DEBUG org.asynchttpclient.netty.channel.NettyConnectListener - Using new Channel '[id: 0xeaafc861, L:/127.0.0.1:61876 - R:localhost/127.0.0.1:61869]' for 'GET' to '/devtools/browser/ff777933-a493-4483-8b04-43030f393337'
16:27:21.804 [AsyncHttpClient-1-9] DEBUG org.asynchttpclient.netty.handler.WebSocketHandler - 

Request DefaultFullHttpRequest(decodeResult: success, version: HTTP/1.1, content: EmptyByteBufBE)
GET /devtools/browser/ff777933-a493-4483-8b04-43030f393337 HTTP/1.1
upgrade: websocket
connection: upgrade
sec-websocket-key: qrHjEGWISCGgCkmfStIN1Q==
sec-websocket-version: 13
origin: http://localhost:61869
host: localhost:61869
accept: */*
user-agent: AHC/2.1

Response DefaultHttpResponse(decodeResult: success, version: HTTP/1.1)
HTTP/1.1 101 WebSocket Protocol Handshake
Upgrade: WebSocket
Connection: Upgrade
Sec-WebSocket-Accept: YhZBG49tQ8LHquoYBNrDrituQYg=

16:27:21.806 [Forwarding get on session 97ce2a96e80ff59fe8d4bfa943e7a0a1 to remote] DEBUG org.asynchttpclient.netty.request.NettyRequestSender - Using pooled Channel '[id: 0x554e62cf, L:/127.0.0.1:61868 - R:localhost/127.0.0.1:56663]' for 'POST' to 'http://localhost:56663/session/97ce2a96e80ff59fe8d4bfa943e7a0a1/url'
16:27:21.806 [Forwarding get on session 97ce2a96e80ff59fe8d4bfa943e7a0a1 to remote] DEBUG org.asynchttpclient.netty.request.NettyRequestSender - Using open Channel [id: 0x554e62cf, L:/127.0.0.1:61868 - R:localhost/127.0.0.1:56663] for POST '/session/97ce2a96e80ff59fe8d4bfa943e7a0a1/url'
16:27:22.875 [AsyncHttpClient-1-1] DEBUG org.asynchttpclient.netty.channel.DefaultChannelPool - Entry count for : http://localhost:61869 : 1
16:27:23.970 [AsyncHttpClient-1-1] DEBUG org.asynchttpclient.netty.channel.DefaultChannelPool - Entry count for : http://localhost:61869 : 1
16:27:25.075 [AsyncHttpClient-1-1] DEBUG org.asynchttpclient.netty.channel.DefaultChannelPool - Entry count for : http://localhost:61869 : 1
16:27:26.167 [AsyncHttpClient-1-1] DEBUG org.asynchttpclient.netty.channel.DefaultChannelPool - Entry count for : http://localhost:61869 : 1
16:27:27.265 [AsyncHttpClient-1-1] DEBUG org.asynchttpclient.netty.channel.DefaultChannelPool - Entry count for : http://localhost:61869 : 1
16:27:28.366 [AsyncHttpClient-1-1] DEBUG org.asynchttpclient.netty.channel.DefaultChannelPool - Entry count for : http://localhost:61869 : 1
16:27:28.401 [AsyncHttpClient-1-7] DEBUG org.asynchttpclient.netty.handler.HttpHandler - 

Request DefaultHttpRequest(decodeResult: success, version: HTTP/1.1)
POST /session/97ce2a96e80ff59fe8d4bfa943e7a0a1/url HTTP/1.1
User-Agent: selenium/4.1.2 (java windows)
Content-Length: 53
Content-Type: application/json; charset=utf-8
host: localhost:56663
accept: */*

Response DefaultHttpResponse(decodeResult: success, version: HTTP/1.1)
HTTP/1.1 200 OK
Content-Type: application/json; charset=utf-8
cache-control: no-cache
content-length: 14

16:27:28.401 [AsyncHttpClient-1-7] DEBUG org.asynchttpclient.netty.channel.ChannelManager - Adding key: http://localhost:56663 for channel [id: 0x554e62cf, L:/127.0.0.1:61868 - R:localhost/127.0.0.1:56663]
16:27:28.402 [Forwarding setTimeout on session 97ce2a96e80ff59fe8d4bfa943e7a0a1 to remote] DEBUG org.asynchttpclient.netty.request.NettyRequestSender - Using pooled Channel '[id: 0x554e62cf, L:/127.0.0.1:61868 - R:localhost/127.0.0.1:56663]' for 'POST' to 'http://localhost:56663/session/97ce2a96e80ff59fe8d4bfa943e7a0a1/timeouts'
16:27:28.402 [Forwarding setTimeout on session 97ce2a96e80ff59fe8d4bfa943e7a0a1 to remote] DEBUG org.asynchttpclient.netty.request.NettyRequestSender - Using open Channel [id: 0x554e62cf, L:/127.0.0.1:61868 - R:localhost/127.0.0.1:56663] for POST '/session/97ce2a96e80ff59fe8d4bfa943e7a0a1/timeouts'
16:27:28.403 [AsyncHttpClient-1-7] DEBUG org.asynchttpclient.netty.handler.HttpHandler - 

Request DefaultHttpRequest(decodeResult: success, version: HTTP/1.1)
POST /session/97ce2a96e80ff59fe8d4bfa943e7a0a1/timeouts HTTP/1.1
User-Agent: selenium/4.1.2 (java windows)
Content-Length: 22
Content-Type: application/json; charset=utf-8
host: localhost:56663
accept: */*

Response DefaultHttpResponse(decodeResult: success, version: HTTP/1.1)
HTTP/1.1 200 OK
Content-Type: application/json; charset=utf-8
cache-control: no-cache
content-length: 14

16:27:28.403 [AsyncHttpClient-1-7] DEBUG org.asynchttpclient.netty.channel.ChannelManager - Adding key: http://localhost:56663 for channel [id: 0x554e62cf, L:/127.0.0.1:61868 - R:localhost/127.0.0.1:56663]
16:27:28.406 [Forwarding getCurrentUrl on session 97ce2a96e80ff59fe8d4bfa943e7a0a1 to remote] DEBUG org.asynchttpclient.netty.request.NettyRequestSender - Using pooled Channel '[id: 0x554e62cf, L:/127.0.0.1:61868 - R:localhost/127.0.0.1:56663]' for 'GET' to 'http://localhost:56663/session/97ce2a96e80ff59fe8d4bfa943e7a0a1/url'
16:27:28.406 [Forwarding getCurrentUrl on session 97ce2a96e80ff59fe8d4bfa943e7a0a1 to remote] DEBUG org.asynchttpclient.netty.request.NettyRequestSender - Using open Channel [id: 0x554e62cf, L:/127.0.0.1:61868 - R:localhost/127.0.0.1:56663] for GET '/session/97ce2a96e80ff59fe8d4bfa943e7a0a1/url'
16:27:28.410 [AsyncHttpClient-1-7] DEBUG org.asynchttpclient.netty.handler.HttpHandler - 

Request DefaultFullHttpRequest(decodeResult: success, version: HTTP/1.1, content: EmptyByteBufBE)
GET /session/97ce2a96e80ff59fe8d4bfa943e7a0a1/url HTTP/1.1
User-Agent: selenium/4.1.2 (java windows)
Cache-Control: no-cache
Content-Type: application/json; charset=utf-8
host: localhost:56663
accept: */*

Response DefaultHttpResponse(decodeResult: success, version: HTTP/1.1)
HTTP/1.1 200 OK
Content-Type: application/json; charset=utf-8
cache-control: no-cache
content-length: 41

16:27:28.410 [AsyncHttpClient-1-7] DEBUG org.asynchttpclient.netty.channel.ChannelManager - Adding key: http://localhost:56663 for channel [id: 0x554e62cf, L:/127.0.0.1:61868 - R:localhost/127.0.0.1:56663]
  &amp#27;[32mGiven &amp#27;[0m&amp#27;[32mI am on the home page&amp#27;[0m     &amp#27;[90m# starter.stepdefinitions.BabyStep.iAmOnTheHomePage()&amp#27;[0m
16:27:28.414 [Forwarding screenshot on session 97ce2a96e80ff59fe8d4bfa943e7a0a1 to remote] DEBUG org.asynchttpclient.netty.request.NettyRequestSender - Using pooled Channel '[id: 0x554e62cf, L:/127.0.0.1:61868 - R:localhost/127.0.0.1:56663]' for 'GET' to 'http://localhost:56663/session/97ce2a96e80ff59fe8d4bfa943e7a0a1/screenshot'
16:27:28.414 [Forwarding screenshot on session 97ce2a96e80ff59fe8d4bfa943e7a0a1 to remote] DEBUG org.asynchttpclient.netty.request.NettyRequestSender - Using open Channel [id: 0x554e62cf, L:/127.0.0.1:61868 - R:localhost/127.0.0.1:56663] for GET '/session/97ce2a96e80ff59fe8d4bfa943e7a0a1/screenshot'
16:27:28.749 [AsyncHttpClient-1-7] DEBUG org.asynchttpclient.netty.handler.HttpHandler - 

Request DefaultFullHttpRequest(decodeResult: success, version: HTTP/1.1, content: EmptyByteBufBE)
GET /session/97ce2a96e80ff59fe8d4bfa943e7a0a1/screenshot HTTP/1.1
User-Agent: selenium/4.1.2 (java windows)
Cache-Control: no-cache
Content-Type: application/json; charset=utf-8
host: localhost:56663
accept: */*

Response DefaultHttpResponse(decodeResult: success, version: HTTP/1.1)
HTTP/1.1 200 OK
Content-Type: application/json; charset=utf-8
cache-control: no-cache
content-length: 1022316

16:27:28.751 [AsyncHttpClient-1-7] DEBUG org.asynchttpclient.netty.channel.ChannelManager - Adding key: http://localhost:56663 for channel [id: 0x554e62cf, L:/127.0.0.1:61868 - R:localhost/127.0.0.1:56663]
16:27:28.776 [main] DEBUG net.serenitybdd.core.photography.Darkroom - Send negative for processing for target\site\serenity\b0ddf3608b8f51a6a3adc36e4acd901b7a2c5b7adc6fd42a924a7c7a6358c0ea.png
16:27:28.785 [Forwarding findElement on session 97ce2a96e80ff59fe8d4bfa943e7a0a1 to remote] DEBUG org.asynchttpclient.netty.request.NettyRequestSender - Using pooled Channel '[id: 0x554e62cf, L:/127.0.0.1:61868 - R:localhost/127.0.0.1:56663]' for 'POST' to 'http://localhost:56663/session/97ce2a96e80ff59fe8d4bfa943e7a0a1/element'
16:27:28.785 [Forwarding findElement on session 97ce2a96e80ff59fe8d4bfa943e7a0a1 to remote] DEBUG org.asynchttpclient.netty.request.NettyRequestSender - Using open Channel [id: 0x554e62cf, L:/127.0.0.1:61868 - R:localhost/127.0.0.1:56663] for POST '/session/97ce2a96e80ff59fe8d4bfa943e7a0a1/element'
16:27:28.800 [AsyncHttpClient-1-7] DEBUG org.asynchttpclient.netty.handler.HttpHandler - 

Request DefaultHttpRequest(decodeResult: success, version: HTTP/1.1)
POST /session/97ce2a96e80ff59fe8d4bfa943e7a0a1/element HTTP/1.1
User-Agent: selenium/4.1.2 (java windows)
Content-Length: 81
Content-Type: application/json; charset=utf-8
host: localhost:56663
accept: */*

Response DefaultHttpResponse(decodeResult: success, version: HTTP/1.1)
HTTP/1.1 200 OK
Content-Type: application/json; charset=utf-8
cache-control: no-cache
content-length: 88

16:27:28.801 [AsyncHttpClient-1-7] DEBUG org.asynchttpclient.netty.channel.ChannelManager - Adding key: http://localhost:56663 for channel [id: 0x554e62cf, L:/127.0.0.1:61868 - R:localhost/127.0.0.1:56663]
16:27:28.802 [Forwarding getElementTagName on session 97ce2a96e80ff59fe8d4bfa943e7a0a1 to remote] DEBUG org.asynchttpclient.netty.request.NettyRequestSender - Using pooled Channel '[id: 0x554e62cf, L:/127.0.0.1:61868 - R:localhost/127.0.0.1:56663]' for 'GET' to 'http://localhost:56663/session/97ce2a96e80ff59fe8d4bfa943e7a0a1/element/6b33f5c8-3547-4d48-8164-15d0e0e93653/name'
16:27:28.802 [Forwarding getElementTagName on session 97ce2a96e80ff59fe8d4bfa943e7a0a1 to remote] DEBUG org.asynchttpclient.netty.request.NettyRequestSender - Using open Channel [id: 0x554e62cf, L:/127.0.0.1:61868 - R:localhost/127.0.0.1:56663] for GET '/session/97ce2a96e80ff59fe8d4bfa943e7a0a1/element/6b33f5c8-3547-4d48-8164-15d0e0e93653/name'
16:27:28.805 [AsyncHttpClient-1-7] DEBUG org.asynchttpclient.netty.handler.HttpHandler - 

Request DefaultFullHttpRequest(decodeResult: success, version: HTTP/1.1, content: EmptyByteBufBE)
GET /session/97ce2a96e80ff59fe8d4bfa943e7a0a1/element/6b33f5c8-3547-4d48-8164-15d0e0e93653/name HTTP/1.1
User-Agent: selenium/4.1.2 (java windows)
Cache-Control: no-cache
Content-Type: application/json; charset=utf-8
host: localhost:56663
accept: */*

Response DefaultHttpResponse(decodeResult: success, version: HTTP/1.1)
HTTP/1.1 200 OK
Content-Type: application/json; charset=utf-8
cache-control: no-cache
content-length: 16

16:27:28.805 [AsyncHttpClient-1-7] DEBUG org.asynchttpclient.netty.channel.ChannelManager - Adding key: http://localhost:56663 for channel [id: 0x554e62cf, L:/127.0.0.1:61868 - R:localhost/127.0.0.1:56663]
16:27:28.806 [Forwarding getElementTagName on session 97ce2a96e80ff59fe8d4bfa943e7a0a1 to remote] DEBUG org.asynchttpclient.netty.request.NettyRequestSender - Using pooled Channel '[id: 0x554e62cf, L:/127.0.0.1:61868 - R:localhost/127.0.0.1:56663]' for 'GET' to 'http://localhost:56663/session/97ce2a96e80ff59fe8d4bfa943e7a0a1/element/6b33f5c8-3547-4d48-8164-15d0e0e93653/name'
16:27:28.806 [Forwarding getElementTagName on session 97ce2a96e80ff59fe8d4bfa943e7a0a1 to remote] DEBUG org.asynchttpclient.netty.request.NettyRequestSender - Using open Channel [id: 0x554e62cf, L:/127.0.0.1:61868 - R:localhost/127.0.0.1:56663] for GET '/session/97ce2a96e80ff59fe8d4bfa943e7a0a1/element/6b33f5c8-3547-4d48-8164-15d0e0e93653/name'
16:27:28.810 [AsyncHttpClient-1-7] DEBUG org.asynchttpclient.netty.handler.HttpHandler - 

Request DefaultFullHttpRequest(decodeResult: success, version: HTTP/1.1, content: EmptyByteBufBE)
GET /session/97ce2a96e80ff59fe8d4bfa943e7a0a1/element/6b33f5c8-3547-4d48-8164-15d0e0e93653/name HTTP/1.1
User-Agent: selenium/4.1.2 (java windows)
Cache-Control: no-cache
Content-Type: application/json; charset=utf-8
host: localhost:56663
accept: */*

Response DefaultHttpResponse(decodeResult: success, version: HTTP/1.1)
HTTP/1.1 200 OK
Content-Type: application/json; charset=utf-8
cache-control: no-cache
content-length: 16

16:27:28.810 [AsyncHttpClient-1-7] DEBUG org.asynchttpclient.netty.channel.ChannelManager - Adding key: http://localhost:56663 for channel [id: 0x554e62cf, L:/127.0.0.1:61868 - R:localhost/127.0.0.1:56663]
16:27:28.811 [Forwarding findElement on session 97ce2a96e80ff59fe8d4bfa943e7a0a1 to remote] DEBUG org.asynchttpclient.netty.request.NettyRequestSender - Using pooled Channel '[id: 0x554e62cf, L:/127.0.0.1:61868 - R:localhost/127.0.0.1:56663]' for 'POST' to 'http://localhost:56663/session/97ce2a96e80ff59fe8d4bfa943e7a0a1/element'
16:27:28.811 [Forwarding findElement on session 97ce2a96e80ff59fe8d4bfa943e7a0a1 to remote] DEBUG org.asynchttpclient.netty.request.NettyRequestSender - Using open Channel [id: 0x554e62cf, L:/127.0.0.1:61868 - R:localhost/127.0.0.1:56663] for POST '/session/97ce2a96e80ff59fe8d4bfa943e7a0a1/element'
16:27:28.817 [AsyncHttpClient-1-7] DEBUG org.asynchttpclient.netty.handler.HttpHandler - 

Request DefaultHttpRequest(decodeResult: success, version: HTTP/1.1)
POST /session/97ce2a96e80ff59fe8d4bfa943e7a0a1/element HTTP/1.1
User-Agent: selenium/4.1.2 (java windows)
Content-Length: 81
Content-Type: application/json; charset=utf-8
host: localhost:56663
accept: */*

Response DefaultHttpResponse(decodeResult: success, version: HTTP/1.1)
HTTP/1.1 200 OK
Content-Type: application/json; charset=utf-8
cache-control: no-cache
content-length: 88

16:27:28.817 [AsyncHttpClient-1-7] DEBUG org.asynchttpclient.netty.channel.ChannelManager - Adding key: http://localhost:56663 for channel [id: 0x554e62cf, L:/127.0.0.1:61868 - R:localhost/127.0.0.1:56663]
16:27:28.818 [Forwarding clickElement on session 97ce2a96e80ff59fe8d4bfa943e7a0a1 to remote] DEBUG org.asynchttpclient.netty.request.NettyRequestSender - Using pooled Channel '[id: 0x554e62cf, L:/127.0.0.1:61868 - R:localhost/127.0.0.1:56663]' for 'POST' to 'http://localhost:56663/session/97ce2a96e80ff59fe8d4bfa943e7a0a1/element/6b33f5c8-3547-4d48-8164-15d0e0e93653/click'
16:27:28.818 [Forwarding clickElement on session 97ce2a96e80ff59fe8d4bfa943e7a0a1 to remote] DEBUG org.asynchttpclient.netty.request.NettyRequestSender - Using open Channel [id: 0x554e62cf, L:/127.0.0.1:61868 - R:localhost/127.0.0.1:56663] for POST '/session/97ce2a96e80ff59fe8d4bfa943e7a0a1/element/6b33f5c8-3547-4d48-8164-15d0e0e93653/click'
16:27:29.334 [AsyncHttpClient-1-7] DEBUG org.asynchttpclient.netty.handler.HttpHandler - 

Request DefaultHttpRequest(decodeResult: success, version: HTTP/1.1)
POST /session/97ce2a96e80ff59fe8d4bfa943e7a0a1/element/6b33f5c8-3547-4d48-8164-15d0e0e93653/click HTTP/1.1
User-Agent: selenium/4.1.2 (java windows)
Content-Length: 50
Content-Type: application/json; charset=utf-8
host: localhost:56663
accept: */*

Response DefaultHttpResponse(decodeResult: success, version: HTTP/1.1)
HTTP/1.1 200 OK
Content-Type: application/json; charset=utf-8
cache-control: no-cache
content-length: 14

16:27:29.334 [AsyncHttpClient-1-7] DEBUG org.asynchttpclient.netty.channel.ChannelManager - Adding key: http://localhost:56663 for channel [id: 0x554e62cf, L:/127.0.0.1:61868 - R:localhost/127.0.0.1:56663]
  &amp#27;[32mThen &amp#27;[0m&amp#27;[32mI click baby on the header&amp#27;[0m &amp#27;[90m# starter.stepdefinitions.BabyStep.iClickBabyOnTheHeader()&amp#27;[0m
16:27:29.347 [Forwarding screenshot on session 97ce2a96e80ff59fe8d4bfa943e7a0a1 to remote] DEBUG org.asynchttpclient.netty.request.NettyRequestSender - Using pooled Channel '[id: 0x554e62cf, L:/127.0.0.1:61868 - R:localhost/127.0.0.1:56663]' for 'GET' to 'http://localhost:56663/session/97ce2a96e80ff59fe8d4bfa943e7a0a1/screenshot'
16:27:29.347 [Forwarding screenshot on session 97ce2a96e80ff59fe8d4bfa943e7a0a1 to remote] DEBUG org.asynchttpclient.netty.request.NettyRequestSender - Using open Channel [id: 0x554e62cf, L:/127.0.0.1:61868 - R:localhost/127.0.0.1:56663] for GET '/session/97ce2a96e80ff59fe8d4bfa943e7a0a1/screenshot'
16:27:29.465 [AsyncHttpClient-1-1] DEBUG org.asynchttpclient.netty.channel.DefaultChannelPool - Entry count for : http://localhost:61869 : 1
16:27:29.939 [AsyncHttpClient-1-7] DEBUG org.asynchttpclient.netty.handler.HttpHandler - 

Request DefaultFullHttpRequest(decodeResult: success, version: HTTP/1.1, content: EmptyByteBufBE)
GET /session/97ce2a96e80ff59fe8d4bfa943e7a0a1/screenshot HTTP/1.1
User-Agent: selenium/4.1.2 (java windows)
Cache-Control: no-cache
Content-Type: application/json; charset=utf-8
host: localhost:56663
accept: */*

Response DefaultHttpResponse(decodeResult: success, version: HTTP/1.1)
HTTP/1.1 200 OK
Content-Type: application/json; charset=utf-8
cache-control: no-cache
content-length: 66484

16:27:29.939 [AsyncHttpClient-1-7] DEBUG org.asynchttpclient.netty.channel.ChannelManager - Adding key: http://localhost:56663 for channel [id: 0x554e62cf, L:/127.0.0.1:61868 - R:localhost/127.0.0.1:56663]
16:27:29.942 [main] DEBUG net.serenitybdd.core.photography.Darkroom - Send negative for processing for target\site\serenity\21c3c1e24c6eadd1fc4acb3514331f27a6b2935c0f2ba8ae10143c36dcecfca8.png
16:27:29.943 [Darkroom Processing Line] DEBUG net.serenitybdd.core.photography.DarkroomProcessingLine - Processing screenshot image in /var/screenshots/screenshot-9347220589384890889
16:27:29.943 [Darkroom Processing Line] DEBUG net.serenitybdd.core.photography.DarkroomProcessingLine - Saving screenshot to target\site\serenity\21c3c1e24c6eadd1fc4acb3514331f27a6b2935c0f2ba8ae10143c36dcecfca8.png
16:27:29.950 [Forwarding findElement on session 97ce2a96e80ff59fe8d4bfa943e7a0a1 to remote] DEBUG org.asynchttpclient.netty.request.NettyRequestSender - Using pooled Channel '[id: 0x554e62cf, L:/127.0.0.1:61868 - R:localhost/127.0.0.1:56663]' for 'POST' to 'http://localhost:56663/session/97ce2a96e80ff59fe8d4bfa943e7a0a1/element'
16:27:29.950 [Forwarding findElement on session 97ce2a96e80ff59fe8d4bfa943e7a0a1 to remote] DEBUG org.asynchttpclient.netty.request.NettyRequestSender - Using open Channel [id: 0x554e62cf, L:/127.0.0.1:61868 - R:localhost/127.0.0.1:56663] for POST '/session/97ce2a96e80ff59fe8d4bfa943e7a0a1/element'
16:27:30.079 [AsyncHttpClient-1-7] DEBUG org.asynchttpclient.netty.handler.HttpHandler - 

Request DefaultHttpRequest(decodeResult: success, version: HTTP/1.1)
POST /session/97ce2a96e80ff59fe8d4bfa943e7a0a1/element HTTP/1.1
User-Agent: selenium/4.1.2 (java windows)
Content-Length: 104
Content-Type: application/json; charset=utf-8
host: localhost:56663
accept: */*

Response DefaultHttpResponse(decodeResult: success, version: HTTP/1.1)
HTTP/1.1 200 OK
Content-Type: application/json; charset=utf-8
cache-control: no-cache
content-length: 88

16:27:30.079 [AsyncHttpClient-1-7] DEBUG org.asynchttpclient.netty.channel.ChannelManager - Adding key: http://localhost:56663 for channel [id: 0x554e62cf, L:/127.0.0.1:61868 - R:localhost/127.0.0.1:56663]
16:27:30.081 [Forwarding getElementTagName on session 97ce2a96e80ff59fe8d4bfa943e7a0a1 to remote] DEBUG org.asynchttpclient.netty.request.NettyRequestSender - Using pooled Channel '[id: 0x554e62cf, L:/127.0.0.1:61868 - R:localhost/127.0.0.1:56663]' for 'GET' to 'http://localhost:56663/session/97ce2a96e80ff59fe8d4bfa943e7a0a1/element/8fb2d8b4-c9ac-49bb-87da-0d7c1562e383/name'
16:27:30.081 [Forwarding getElementTagName on session 97ce2a96e80ff59fe8d4bfa943e7a0a1 to remote] DEBUG org.asynchttpclient.netty.request.NettyRequestSender - Using open Channel [id: 0x554e62cf, L:/127.0.0.1:61868 - R:localhost/127.0.0.1:56663] for GET '/session/97ce2a96e80ff59fe8d4bfa943e7a0a1/element/8fb2d8b4-c9ac-49bb-87da-0d7c1562e383/name'
16:27:30.154 [AsyncHttpClient-1-7] DEBUG org.asynchttpclient.netty.handler.HttpHandler - 

Request DefaultFullHttpRequest(decodeResult: success, version: HTTP/1.1, content: EmptyByteBufBE)
GET /session/97ce2a96e80ff59fe8d4bfa943e7a0a1/element/8fb2d8b4-c9ac-49bb-87da-0d7c1562e383/name HTTP/1.1
User-Agent: selenium/4.1.2 (java windows)
Cache-Control: no-cache
Content-Type: application/json; charset=utf-8
host: localhost:56663
accept: */*

Response DefaultHttpResponse(decodeResult: success, version: HTTP/1.1)
HTTP/1.1 200 OK
Content-Type: application/json; charset=utf-8
cache-control: no-cache
content-length: 16

16:27:30.154 [AsyncHttpClient-1-7] DEBUG org.asynchttpclient.netty.channel.ChannelManager - Adding key: http://localhost:56663 for channel [id: 0x554e62cf, L:/127.0.0.1:61868 - R:localhost/127.0.0.1:56663]
16:27:30.155 [Forwarding getElementTagName on session 97ce2a96e80ff59fe8d4bfa943e7a0a1 to remote] DEBUG org.asynchttpclient.netty.request.NettyRequestSender - Using pooled Channel '[id: 0x554e62cf, L:/127.0.0.1:61868 - R:localhost/127.0.0.1:56663]' for 'GET' to 'http://localhost:56663/session/97ce2a96e80ff59fe8d4bfa943e7a0a1/element/8fb2d8b4-c9ac-49bb-87da-0d7c1562e383/name'
16:27:30.155 [Forwarding getElementTagName on session 97ce2a96e80ff59fe8d4bfa943e7a0a1 to remote] DEBUG org.asynchttpclient.netty.request.NettyRequestSender - Using open Channel [id: 0x554e62cf, L:/127.0.0.1:61868 - R:localhost/127.0.0.1:56663] for GET '/session/97ce2a96e80ff59fe8d4bfa943e7a0a1/element/8fb2d8b4-c9ac-49bb-87da-0d7c1562e383/name'
16:27:30.165 [AsyncHttpClient-1-7] DEBUG org.asynchttpclient.netty.handler.HttpHandler - 

Request DefaultFullHttpRequest(decodeResult: success, version: HTTP/1.1, content: EmptyByteBufBE)
GET /session/97ce2a96e80ff59fe8d4bfa943e7a0a1/element/8fb2d8b4-c9ac-49bb-87da-0d7c1562e383/name HTTP/1.1
User-Agent: selenium/4.1.2 (java windows)
Cache-Control: no-cache
Content-Type: application/json; charset=utf-8
host: localhost:56663
accept: */*

Response DefaultHttpResponse(decodeResult: success, version: HTTP/1.1)
HTTP/1.1 200 OK
Content-Type: application/json; charset=utf-8
cache-control: no-cache
content-length: 16

16:27:30.165 [AsyncHttpClient-1-7] DEBUG org.asynchttpclient.netty.channel.ChannelManager - Adding key: http://localhost:56663 for channel [id: 0x554e62cf, L:/127.0.0.1:61868 - R:localhost/127.0.0.1:56663]
16:27:30.167 [Forwarding findElement on session 97ce2a96e80ff59fe8d4bfa943e7a0a1 to remote] DEBUG org.asynchttpclient.netty.request.NettyRequestSender - Using pooled Channel '[id: 0x554e62cf, L:/127.0.0.1:61868 - R:localhost/127.0.0.1:56663]' for 'POST' to 'http://localhost:56663/session/97ce2a96e80ff59fe8d4bfa943e7a0a1/element'
16:27:30.167 [Forwarding findElement on session 97ce2a96e80ff59fe8d4bfa943e7a0a1 to remote] DEBUG org.asynchttpclient.netty.request.NettyRequestSender - Using open Channel [id: 0x554e62cf, L:/127.0.0.1:61868 - R:localhost/127.0.0.1:56663] for POST '/session/97ce2a96e80ff59fe8d4bfa943e7a0a1/element'
16:27:30.176 [AsyncHttpClient-1-7] DEBUG org.asynchttpclient.netty.handler.HttpHandler - 

Request DefaultHttpRequest(decodeResult: success, version: HTTP/1.1)
POST /session/97ce2a96e80ff59fe8d4bfa943e7a0a1/element HTTP/1.1
User-Agent: selenium/4.1.2 (java windows)
Content-Length: 104
Content-Type: application/json; charset=utf-8
host: localhost:56663
accept: */*

Response DefaultHttpResponse(decodeResult: success, version: HTTP/1.1)
HTTP/1.1 200 OK
Content-Type: application/json; charset=utf-8
cache-control: no-cache
content-length: 88

16:27:30.176 [AsyncHttpClient-1-7] DEBUG org.asynchttpclient.netty.channel.ChannelManager - Adding key: http://localhost:56663 for channel [id: 0x554e62cf, L:/127.0.0.1:61868 - R:localhost/127.0.0.1:56663]
16:27:30.177 [Forwarding clickElement on session 97ce2a96e80ff59fe8d4bfa943e7a0a1 to remote] DEBUG org.asynchttpclient.netty.request.NettyRequestSender - Using pooled Channel '[id: 0x554e62cf, L:/127.0.0.1:61868 - R:localhost/127.0.0.1:56663]' for 'POST' to 'http://localhost:56663/session/97ce2a96e80ff59fe8d4bfa943e7a0a1/element/8fb2d8b4-c9ac-49bb-87da-0d7c1562e383/click'
16:27:30.177 [Forwarding clickElement on session 97ce2a96e80ff59fe8d4bfa943e7a0a1 to remote] DEBUG org.asynchttpclient.netty.request.NettyRequestSender - Using open Channel [id: 0x554e62cf, L:/127.0.0.1:61868 - R:localhost/127.0.0.1:56663] for POST '/session/97ce2a96e80ff59fe8d4bfa943e7a0a1/element/8fb2d8b4-c9ac-49bb-87da-0d7c1562e383/click'
16:27:30.400 [AsyncHttpClient-1-7] DEBUG org.asynchttpclient.netty.handler.HttpHandler - 

Request DefaultHttpRequest(decodeResult: success, version: HTTP/1.1)
POST /session/97ce2a96e80ff59fe8d4bfa943e7a0a1/element/8fb2d8b4-c9ac-49bb-87da-0d7c1562e383/click HTTP/1.1
User-Agent: selenium/4.1.2 (java windows)
Content-Length: 50
Content-Type: application/json; charset=utf-8
host: localhost:56663
accept: */*

Response DefaultHttpResponse(decodeResult: success, version: HTTP/1.1)
HTTP/1.1 200 OK
Content-Type: application/json; charset=utf-8
cache-control: no-cache
content-length: 14

16:27:30.400 [AsyncHttpClient-1-7] DEBUG org.asynchttpclient.netty.channel.ChannelManager - Adding key: http://localhost:56663 for channel [id: 0x554e62cf, L:/127.0.0.1:61868 - R:localhost/127.0.0.1:56663]
  &amp#27;[32mWhen &amp#27;[0m&amp#27;[32mI will go to &amp#27;[0m&amp#27;[32m&amp#27;[1m"airism2"&amp#27;[0m     &amp#27;[90m# starter.stepdefinitions.BabyStep.iWillGoTo(java.lang.String)&amp#27;[0m
16:27:30.406 [Forwarding screenshot on session 97ce2a96e80ff59fe8d4bfa943e7a0a1 to remote] DEBUG org.asynchttpclient.netty.request.NettyRequestSender - Using pooled Channel '[id: 0x554e62cf, L:/127.0.0.1:61868 - R:localhost/127.0.0.1:56663]' for 'GET' to 'http://localhost:56663/session/97ce2a96e80ff59fe8d4bfa943e7a0a1/screenshot'
16:27:30.406 [Forwarding screenshot on session 97ce2a96e80ff59fe8d4bfa943e7a0a1 to remote] DEBUG org.asynchttpclient.netty.request.NettyRequestSender - Using open Channel [id: 0x554e62cf, L:/127.0.0.1:61868 - R:localhost/127.0.0.1:56663] for GET '/session/97ce2a96e80ff59fe8d4bfa943e7a0a1/screenshot'
16:27:30.566 [AsyncHttpClient-1-1] DEBUG org.asynchttpclient.netty.channel.DefaultChannelPool - Entry count for : http://localhost:61869 : 1
16:27:30.590 [AsyncHttpClient-1-7] DEBUG org.asynchttpclient.netty.handler.HttpHandler - 

Request DefaultFullHttpRequest(decodeResult: success, version: HTTP/1.1, content: EmptyByteBufBE)
GET /session/97ce2a96e80ff59fe8d4bfa943e7a0a1/screenshot HTTP/1.1
User-Agent: selenium/4.1.2 (java windows)
Cache-Control: no-cache
Content-Type: application/json; charset=utf-8
host: localhost:56663
accept: */*

Response DefaultHttpResponse(decodeResult: success, version: HTTP/1.1)
HTTP/1.1 200 OK
Content-Type: application/json; charset=utf-8
cache-control: no-cache
content-length: 88764

16:27:30.590 [AsyncHttpClient-1-7] DEBUG org.asynchttpclient.netty.channel.ChannelManager - Adding key: http://localhost:56663 for channel [id: 0x554e62cf, L:/127.0.0.1:61868 - R:localhost/127.0.0.1:56663]
16:27:30.593 [main] DEBUG net.serenitybdd.core.photography.Darkroom - Send negative for processing for target\site\serenity\1c349c32e234e73a26ce4443ba968bbc1397d1b03082fd1d274cb51e6a1f1214.png
16:27:30.593 [Darkroom Processing Line] DEBUG net.serenitybdd.core.photography.DarkroomProcessingLine - Processing screenshot image in /var/screenshots/screenshot-8553001539919397692
16:27:30.593 [Darkroom Processing Line] DEBUG net.serenitybdd.core.photography.DarkroomProcessingLine - Saving screenshot to target\site\serenity\1c349c32e234e73a26ce4443ba968bbc1397d1b03082fd1d274cb51e6a1f1214.png
16:27:30.601 [Forwarding findElement on session 97ce2a96e80ff59fe8d4bfa943e7a0a1 to remote] DEBUG org.asynchttpclient.netty.request.NettyRequestSender - Using pooled Channel '[id: 0x554e62cf, L:/127.0.0.1:61868 - R:localhost/127.0.0.1:56663]' for 'POST' to 'http://localhost:56663/session/97ce2a96e80ff59fe8d4bfa943e7a0a1/element'
16:27:30.601 [Forwarding findElement on session 97ce2a96e80ff59fe8d4bfa943e7a0a1 to remote] DEBUG org.asynchttpclient.netty.request.NettyRequestSender - Using open Channel [id: 0x554e62cf, L:/127.0.0.1:61868 - R:localhost/127.0.0.1:56663] for POST '/session/97ce2a96e80ff59fe8d4bfa943e7a0a1/element'
16:27:30.710 [AsyncHttpClient-1-7] DEBUG org.asynchttpclient.netty.handler.HttpHandler - 

Request DefaultHttpRequest(decodeResult: success, version: HTTP/1.1)
POST /session/97ce2a96e80ff59fe8d4bfa943e7a0a1/element HTTP/1.1
User-Agent: selenium/4.1.2 (java windows)
Content-Length: 89
Content-Type: application/json; charset=utf-8
host: localhost:56663
accept: */*

Response DefaultHttpResponse(decodeResult: success, version: HTTP/1.1)
HTTP/1.1 200 OK
Content-Type: application/json; charset=utf-8
cache-control: no-cache
content-length: 88

16:27:30.710 [AsyncHttpClient-1-7] DEBUG org.asynchttpclient.netty.channel.ChannelManager - Adding key: http://localhost:56663 for channel [id: 0x554e62cf, L:/127.0.0.1:61868 - R:localhost/127.0.0.1:56663]
16:27:30.712 [Forwarding isElementDisplayed on session 97ce2a96e80ff59fe8d4bfa943e7a0a1 to remote] DEBUG org.asynchttpclient.netty.request.NettyRequestSender - Using pooled Channel '[id: 0x554e62cf, L:/127.0.0.1:61868 - R:localhost/127.0.0.1:56663]' for 'POST' to 'http://localhost:56663/session/97ce2a96e80ff59fe8d4bfa943e7a0a1/execute/sync'
16:27:30.712 [Forwarding isElementDisplayed on session 97ce2a96e80ff59fe8d4bfa943e7a0a1 to remote] DEBUG org.asynchttpclient.netty.request.NettyRequestSender - Using open Channel [id: 0x554e62cf, L:/127.0.0.1:61868 - R:localhost/127.0.0.1:56663] for POST '/session/97ce2a96e80ff59fe8d4bfa943e7a0a1/execute/sync'
16:27:30.737 [AsyncHttpClient-1-7] DEBUG org.asynchttpclient.netty.handler.HttpHandler - 

Request DefaultHttpRequest(decodeResult: success, version: HTTP/1.1)
POST /session/97ce2a96e80ff59fe8d4bfa943e7a0a1/execute/sync HTTP/1.1
User-Agent: selenium/4.1.2 (java windows)
Content-Length: 48780
Content-Type: application/json; charset=utf-8
host: localhost:56663
accept: */*

Response DefaultHttpResponse(decodeResult: success, version: HTTP/1.1)
HTTP/1.1 200 OK
Content-Type: application/json; charset=utf-8
cache-control: no-cache
content-length: 14

16:27:30.737 [AsyncHttpClient-1-7] DEBUG org.asynchttpclient.netty.channel.ChannelManager - Adding key: http://localhost:56663 for channel [id: 0x554e62cf, L:/127.0.0.1:61868 - R:localhost/127.0.0.1:56663]
  &amp#27;[32mAnd &amp#27;[0m&amp#27;[32mI &amp#27;[0m&amp#27;[32m&amp#27;[1m"txtAirism2"&amp#27;[0m&amp#27;[32m page&amp#27;[0m         &amp#27;[90m# starter.stepdefinitions.BabyStep.iPage(java.lang.String)&amp#27;[0m
16:27:30.740 [Forwarding screenshot on session 97ce2a96e80ff59fe8d4bfa943e7a0a1 to remote] DEBUG org.asynchttpclient.netty.request.NettyRequestSender - Using pooled Channel '[id: 0x554e62cf, L:/127.0.0.1:61868 - R:localhost/127.0.0.1:56663]' for 'GET' to 'http://localhost:56663/session/97ce2a96e80ff59fe8d4bfa943e7a0a1/screenshot'
16:27:30.741 [Forwarding screenshot on session 97ce2a96e80ff59fe8d4bfa943e7a0a1 to remote] DEBUG org.asynchttpclient.netty.request.NettyRequestSender - Using open Channel [id: 0x554e62cf, L:/127.0.0.1:61868 - R:localhost/127.0.0.1:56663] for GET '/session/97ce2a96e80ff59fe8d4bfa943e7a0a1/screenshot'
16:27:30.932 [AsyncHttpClient-1-7] DEBUG org.asynchttpclient.netty.handler.HttpHandler - 

Request DefaultFullHttpRequest(decodeResult: success, version: HTTP/1.1, content: EmptyByteBufBE)
GET /session/97ce2a96e80ff59fe8d4bfa943e7a0a1/screenshot HTTP/1.1
User-Agent: selenium/4.1.2 (java windows)
Cache-Control: no-cache
Content-Type: application/json; charset=utf-8
host: localhost:56663
accept: */*

Response DefaultHttpResponse(decodeResult: success, version: HTTP/1.1)
HTTP/1.1 200 OK
Content-Type: application/json; charset=utf-8
cache-control: no-cache
content-length: 392444

16:27:30.932 [AsyncHttpClient-1-7] DEBUG org.asynchttpclient.netty.channel.ChannelManager - Adding key: http://localhost:56663 for channel [id: 0x554e62cf, L:/127.0.0.1:61868 - R:localhost/127.0.0.1:56663]
16:27:30.944 [main] DEBUG net.serenitybdd.core.photography.Darkroom - Send negative for processing for target\site\serenity\81f471df34befdf49bae769377fcc901240003a493c7eb7f79b42a6982fcad0a.png
16:27:30.944 [Darkroom Processing Line] DEBUG net.serenitybdd.core.photography.DarkroomProcessingLine - Processing screenshot image in /var/screenshots/screenshot-8040907669803030579
16:27:30.944 [Darkroom Processing Line] DEBUG net.serenitybdd.core.photography.DarkroomProcessingLine - Saving screenshot to target\site\serenity\81f471df34befdf49bae769377fcc901240003a493c7eb7f79b42a6982fcad0a.png
16:27:30.950 [AsyncHttpClient-1-9] DEBUG org.asynchttpclient.netty.handler.WebSocketHandler - Channel Closed: [id: 0xeaafc861, L:/127.0.0.1:61876 ! R:localhost/127.0.0.1:61869] with attribute NettyResponseFuture{currentRetry=5,
	isDone=1,
	isCancelled=0,
	asyncHandler=org.asynchttpclient.ws.WebSocketUpgradeHandler@4fd3581e,
	nettyRequest=org.asynchttpclient.netty.request.NettyRequest@4e698fbb,
	future=java.util.concurrent.CompletableFuture@f15f524[Completed normally],
	uri=ws://localhost:61869/devtools/browser/ff777933-a493-4483-8b04-43030f393337,
	keepAlive=true,
	redirectCount=0,
	timeoutsHolder=null,
	inAuth=0,
	touch=1680859641804}
16:27:30.951 [AsyncHttpClient-1-9] DEBUG org.asynchttpclient.netty.channel.ChannelManager - Closing Channel [id: 0xeaafc861, L:/127.0.0.1:61876 ! R:localhost/127.0.0.1:61869] 
16:27:30.951 [Driver Command Executor] DEBUG org.asynchttpclient.netty.request.NettyRequestSender - Using pooled Channel '[id: 0x554e62cf, L:/127.0.0.1:61868 - R:localhost/127.0.0.1:56663]' for 'DELETE' to 'http://localhost:56663/session/97ce2a96e80ff59fe8d4bfa943e7a0a1'
16:27:30.951 [Driver Command Executor] DEBUG org.asynchttpclient.netty.request.NettyRequestSender - Using open Channel [id: 0x554e62cf, L:/127.0.0.1:61868 - R:localhost/127.0.0.1:56663] for DELETE '/session/97ce2a96e80ff59fe8d4bfa943e7a0a1'
16:27:30.998 [AsyncHttpClient-1-8] DEBUG org.asynchttpclient.netty.handler.HttpHandler - Unexpected I/O exception on channel [id: 0x712113b6, L:/127.0.0.1:61875 - R:localhost/127.0.0.1:61869]
java.net.SocketException: Connection reset
	at java.base/sun.nio.ch.SocketChannelImpl.throwConnectionReset(SocketChannelImpl.java:345)
	at java.base/sun.nio.ch.SocketChannelImpl.read(SocketChannelImpl.java:376)
	at io.netty.buffer.PooledByteBuf.setBytes(PooledByteBuf.java:258)
	at io.netty.buffer.AbstractByteBuf.writeBytes(AbstractByteBuf.java:1132)
	at io.netty.channel.socket.nio.NioSocketChannel.doReadBytes(NioSocketChannel.java:350)
	at io.netty.channel.nio.AbstractNioByteChannel$NioByteUnsafe.read(AbstractNioByteChannel.java:151)
	at io.netty.channel.nio.NioEventLoop.processSelectedKey(NioEventLoop.java:722)
	at io.netty.channel.nio.NioEventLoop.processSelectedKeysOptimized(NioEventLoop.java:658)
	at io.netty.channel.nio.NioEventLoop.processSelectedKeys(NioEventLoop.java:584)
	at io.netty.channel.nio.NioEventLoop.run(NioEventLoop.java:496)
	at io.netty.util.concurrent.SingleThreadEventExecutor$4.run(SingleThreadEventExecutor.java:986)
	at io.netty.util.internal.ThreadExecutorMap$2.run(ThreadExecutorMap.java:74)
	at io.netty.util.concurrent.FastThreadLocalRunnable.run(FastThreadLocalRunnable.java:30)
	at java.base/java.lang.Thread.run(Thread.java:830)
16:27:30.998 [AsyncHttpClient-1-8] DEBUG org.asynchttpclient.netty.channel.ChannelManager - Closing Channel [id: 0x712113b6, L:/127.0.0.1:61875 - R:localhost/127.0.0.1:61869] 
16:27:30.998 [AsyncHttpClient-1-8] DEBUG org.asynchttpclient.netty.handler.HttpHandler - Channel Closed: [id: 0x712113b6, L:/127.0.0.1:61875 ! R:localhost/127.0.0.1:61869] with attribute DISCARD
16:27:31.015 [AsyncHttpClient-1-7] DEBUG org.asynchttpclient.netty.handler.HttpHandler - 

Request DefaultFullHttpRequest(decodeResult: success, version: HTTP/1.1, content: EmptyByteBufBE)
DELETE /session/97ce2a96e80ff59fe8d4bfa943e7a0a1 HTTP/1.1
User-Agent: selenium/4.1.2 (java windows)
Content-Type: application/json; charset=utf-8
host: localhost:56663
accept: */*

Response DefaultHttpResponse(decodeResult: success, version: HTTP/1.1)
HTTP/1.1 200 OK
Content-Type: application/json; charset=utf-8
cache-control: no-cache
content-length: 14

16:27:31.015 [AsyncHttpClient-1-7] DEBUG org.asynchttpclient.netty.channel.ChannelManager - Adding key: http://localhost:56663 for channel [id: 0x554e62cf, L:/127.0.0.1:61868 - R:localhost/127.0.0.1:56663]
16:27:31.106 [AsyncHttpClient-1-7] DEBUG org.asynchttpclient.netty.handler.HttpHandler - Channel Closed: [id: 0x554e62cf, L:/127.0.0.1:61868 ! R:localhost/127.0.0.1:56663] with attribute DISCARD
16:27:31.665 [AsyncHttpClient-1-1] DEBUG org.asynchttpclient.netty.channel.DefaultChannelPool - Entry count for : http://localhost:56663 : 1
16:27:31.665 [AsyncHttpClient-1-1] DEBUG org.asynchttpclient.netty.channel.DefaultChannelPool - Entry count for : http://localhost:61869 : 1
16:27:31.665 [AsyncHttpClient-1-1] DEBUG org.asynchttpclient.netty.channel.DefaultChannelPool - Adding Candidate expired Channel [id: 0x554e62cf, L:/127.0.0.1:61868 ! R:localhost/127.0.0.1:56663] isIdleTimeoutExpired=false isRemotelyClosed=true isTtlExpired=false
16:27:31.665 [AsyncHttpClient-1-1] DEBUG org.asynchttpclient.netty.channel.DefaultChannelPool - Closing Idle Channel [id: 0x554e62cf, L:/127.0.0.1:61868 ! R:localhost/127.0.0.1:56663]
16:27:31.665 [AsyncHttpClient-1-1] DEBUG org.asynchttpclient.netty.channel.DefaultChannelPool - Adding Candidate expired Channel [id: 0x712113b6, L:/127.0.0.1:61875 ! R:localhost/127.0.0.1:61869] isIdleTimeoutExpired=false isRemotelyClosed=true isTtlExpired=false
16:27:31.665 [AsyncHttpClient-1-1] DEBUG org.asynchttpclient.netty.channel.DefaultChannelPool - Closing Idle Channel [id: 0x712113b6, L:/127.0.0.1:61875 ! R:localhost/127.0.0.1:61869]
16:27:31.665 [AsyncHttpClient-1-1] DEBUG org.asynchttpclient.netty.channel.DefaultChannelPool - Closed 2 connections out of 2 in 0 ms
]]></system-out>
    <system-err><![CDATA[Starting Microsoft Edge WebDriver 111.0.1661.62 (0a8f453929e6410c973aa529a40485ce4e3e03db) on port 56663
To submit feedback, report a bug, or suggest new features, please visit https://github.com/MicrosoftEdge/EdgeWebDriver

Only local connections are allowed.
Please see https://aka.ms/WebDriverSecurity for suggestions on keeping Microsoft Edge WebDriver safe.

Microsoft Edge WebDriver was started successfully.
Apr 07, 2023 4:27:21 PM org.openqa.selenium.remote.ProtocolHandshake createSession
INFO: Detected dialect: W3C
Apr 07, 2023 4:27:21 PM org.openqa.selenium.devtools.CdpVersionFinder findNearestMatch
WARNING: Unable to find an exact match for CDP version 111, so returning the closest version found: a no-op implementation
Apr 07, 2023 4:27:21 PM org.openqa.selenium.devtools.CdpVersionFinder findNearestMatch
INFO: Unable to find CDP implementation matching 111.
Apr 07, 2023 4:27:21 PM org.openqa.selenium.chromium.ChromiumDriver lambda$new$3
WARNING: Unable to find version of CDP to use for . You may need to include a dependency on a specific version of the CDP using something similar to `org.seleniumhq.selenium:selenium-devtools-v86:4.1.2` where the version ("v86") matches the version of the chromium-based browser you're using and the version number of the artifact is the same as Selenium's.
]]></system-err>
  </testcase>
  <testcase name="Fitur Menu Baby #25" classname="Baby" time="18.705">
    <error type="org.openqa.selenium.ElementNotInteractableException"><![CDATA[org.openqa.selenium.ElementNotInteractableException: 
element not interactable
  (Session info: MicrosoftEdge=111.0.1661.62)
Build info: version: '4.1.2', revision: '9a5a329c5a'
System info: host: 'DESKTOP-3MAQDS2', ip: '192.168.56.1', os.name: 'Windows 10', os.arch: 'amd64', os.version: '10.0', java.version: '13.0.2'
Driver info: org.openqa.selenium.edge.EdgeDriver
Command: [27eaae4267020d3c22df6296d36be3ee, clickElement {id=b4780128-b381-436f-bd1c-bf3985eb7b63}]
Capabilities {acceptInsecureCerts: false, browserName: msedge, browserVersion: 111.0.1661.62, javascriptEnabled: true, ms:edgeOptions: {debuggerAddress: localhost:61999}, msedge: {msedgedriverVersion: 111.0.1661.62 (0a8f453929e6..., userDataDir: C:\Users\alwi\AppData\Local...}, networkConnectionEnabled: false, pageLoadStrategy: normal, platform: WINDOWS, platformName: WINDOWS, proxy: Proxy(), se:cdp: ws://localhost:61999/devtoo..., se:cdpVersion: 111.0.1661.62, setWindowRect: true, strictFileInteractability: false, timeouts: {implicit: 0, pageLoad: 300000, script: 30000}, unhandledPromptBehavior: dismiss and notify, webauthn:extension:credBlob: true, webauthn:extension:largeBlob: true, webauthn:extension:minPinLength: true, webauthn:extension:prf: true, webauthn:virtualAuthenticators: true}
Element: [[EdgeDriver: msedge on WINDOWS (27eaae4267020d3c22df6296d36be3ee)] -> xpath: (//span[@class='inner'][text()[contains(.,'Kaos Kaki')]])[2]]
Session ID: 27eaae4267020d3c22df6296d36be3ee
]]></error>
    <system-out><![CDATA[
Scenario Outline: Fitur Menu Baby &amp#27;[90m# src/test/resources/features/Baby.feature:37&amp#27;[0m
16:27:31.701 [main] INFO io.cucumber.core.plugin.SerenityReporter - Running feature from file:///C:/Users/alwi/IdeaProjects/uniqloweb/src/test/resources/features/Baby.feature
16:27:31.807 [main] DEBUG io.github.bonigarcia.wdm.cache.ResolutionCache - Resolution edge=111 in cache (valid until 17:21:26 07/04/2023 WIB)
16:27:31.810 [main] DEBUG io.github.bonigarcia.wdm.cache.ResolutionCache - Resolution edge111=111.0.1661.62 in cache (valid until 15:02:35 08/04/2023 WIB)
16:27:31.812 [main] INFO io.github.bonigarcia.wdm.WebDriverManager - Using msedgedriver 111.0.1661.62 (resolved driver for Edge 111)
16:27:31.823 [main] DEBUG io.github.bonigarcia.wdm.WebDriverManager - Driver msedgedriver 111.0.1661.62 found in cache
16:27:31.823 [main] INFO io.github.bonigarcia.wdm.WebDriverManager - Exporting webdriver.edge.driver as C:\Users\alwi\.cache\selenium\msedgedriver\win64\111.0.1661.62\msedgedriver.exe
16:27:31.825 [main] DEBUG net.serenitybdd.core.webdriver.driverproviders.ProvideNewDriver - Instantiating driver
16:27:31.825 [main] DEBUG net.serenitybdd.core.webdriver.driverproviders.ProvideNewDriver - Driver capabilities: Capabilities {base.url: https://www.uniqlo.com, chrome.driver: src/test/resources/webdrive..., driver: edge, ms:edgeChromium: true, ms:edgeOptions: {}, wait.for.timeout: 6000}
16:27:32.379 [AsyncHttpClient-1-10] DEBUG org.asynchttpclient.netty.channel.NettyConnectListener - Using new Channel '[id: 0xdd9b2320, L:/127.0.0.1:61998 - R:localhost/127.0.0.1:50970]' for 'POST' to '/session'
16:27:32.906 [AsyncHttpClient-1-10] DEBUG org.asynchttpclient.netty.handler.HttpHandler - 

Request DefaultHttpRequest(decodeResult: success, version: HTTP/1.1)
POST /session HTTP/1.1
User-Agent: selenium/4.1.2 (java windows)
Content-Length: 627
Content-Type: application/json; charset=utf-8
host: localhost:50970
accept: */*

Response DefaultHttpResponse(decodeResult: success, version: HTTP/1.1)
HTTP/1.1 200 OK
Content-Type: application/json; charset=utf-8
cache-control: no-cache
content-length: 822

16:27:32.906 [AsyncHttpClient-1-10] DEBUG org.asynchttpclient.netty.channel.ChannelManager - Adding key: http://localhost:50970 for channel [id: 0xdd9b2320, L:/127.0.0.1:61998 - R:localhost/127.0.0.1:50970]
16:27:32.910 [AsyncHttpClient-1-11] DEBUG org.asynchttpclient.netty.channel.NettyConnectListener - Using new Channel '[id: 0xa18c777e, L:/127.0.0.1:62006 - R:localhost/127.0.0.1:61999]' for 'GET' to '/json/version'
16:27:32.911 [AsyncHttpClient-1-11] DEBUG org.asynchttpclient.netty.handler.HttpHandler - 

Request DefaultFullHttpRequest(decodeResult: success, version: HTTP/1.1, content: EmptyByteBufBE)
GET /json/version HTTP/1.1
User-Agent: selenium/4.1.2 (java windows)
host: localhost:61999
accept: */*

Response DefaultHttpResponse(decodeResult: success, version: HTTP/1.1)
HTTP/1.1 200 OK
Content-Security-Policy: frame-ancestors 'none'
Content-Type: application/json; charset=UTF-8
content-length: 436

16:27:32.911 [AsyncHttpClient-1-11] DEBUG org.asynchttpclient.netty.channel.ChannelManager - Adding key: http://localhost:61999 for channel [id: 0xa18c777e, L:/127.0.0.1:62006 - R:localhost/127.0.0.1:61999]
16:27:32.912 [AsyncHttpClient-1-12] DEBUG org.asynchttpclient.netty.channel.NettyConnectListener - Using new Channel '[id: 0xd2599cc2, L:/127.0.0.1:62007 - R:localhost/127.0.0.1:61999]' for 'GET' to '/devtools/browser/e03aa665-f006-44a3-b956-8cc6fd1b5eb7'
16:27:32.913 [AsyncHttpClient-1-12] DEBUG org.asynchttpclient.netty.handler.WebSocketHandler - 

Request DefaultFullHttpRequest(decodeResult: success, version: HTTP/1.1, content: EmptyByteBufBE)
GET /devtools/browser/e03aa665-f006-44a3-b956-8cc6fd1b5eb7 HTTP/1.1
upgrade: websocket
connection: upgrade
sec-websocket-key: Y7hNeRG5iys8NcKSxUuAfw==
sec-websocket-version: 13
origin: http://localhost:61999
host: localhost:61999
accept: */*
user-agent: AHC/2.1

Response DefaultHttpResponse(decodeResult: success, version: HTTP/1.1)
HTTP/1.1 101 WebSocket Protocol Handshake
Upgrade: WebSocket
Connection: Upgrade
Sec-WebSocket-Accept: 8rpZceP5k2fdgnGueiw4M1XKLdA=

16:27:32.915 [Forwarding get on session 27eaae4267020d3c22df6296d36be3ee to remote] DEBUG org.asynchttpclient.netty.request.NettyRequestSender - Using pooled Channel '[id: 0xdd9b2320, L:/127.0.0.1:61998 - R:localhost/127.0.0.1:50970]' for 'POST' to 'http://localhost:50970/session/27eaae4267020d3c22df6296d36be3ee/url'
16:27:32.915 [Forwarding get on session 27eaae4267020d3c22df6296d36be3ee to remote] DEBUG org.asynchttpclient.netty.request.NettyRequestSender - Using open Channel [id: 0xdd9b2320, L:/127.0.0.1:61998 - R:localhost/127.0.0.1:50970] for POST '/session/27eaae4267020d3c22df6296d36be3ee/url'
16:27:33.866 [AsyncHttpClient-1-1] DEBUG org.asynchttpclient.netty.channel.DefaultChannelPool - Entry count for : http://localhost:61999 : 1
16:27:34.971 [AsyncHttpClient-1-1] DEBUG org.asynchttpclient.netty.channel.DefaultChannelPool - Entry count for : http://localhost:61999 : 1
16:27:36.076 [AsyncHttpClient-1-1] DEBUG org.asynchttpclient.netty.channel.DefaultChannelPool - Entry count for : http://localhost:61999 : 1
16:27:37.167 [AsyncHttpClient-1-1] DEBUG org.asynchttpclient.netty.channel.DefaultChannelPool - Entry count for : http://localhost:61999 : 1
16:27:38.273 [AsyncHttpClient-1-1] DEBUG org.asynchttpclient.netty.channel.DefaultChannelPool - Entry count for : http://localhost:61999 : 1
16:27:39.367 [AsyncHttpClient-1-1] DEBUG org.asynchttpclient.netty.channel.DefaultChannelPool - Entry count for : http://localhost:61999 : 1
16:27:40.466 [AsyncHttpClient-1-1] DEBUG org.asynchttpclient.netty.channel.DefaultChannelPool - Entry count for : http://localhost:61999 : 1
16:27:41.570 [AsyncHttpClient-1-1] DEBUG org.asynchttpclient.netty.channel.DefaultChannelPool - Entry count for : http://localhost:61999 : 1
16:27:42.665 [AsyncHttpClient-1-1] DEBUG org.asynchttpclient.netty.channel.DefaultChannelPool - Entry count for : http://localhost:61999 : 1
16:27:43.771 [AsyncHttpClient-1-1] DEBUG org.asynchttpclient.netty.channel.DefaultChannelPool - Entry count for : http://localhost:61999 : 1
16:27:44.866 [AsyncHttpClient-1-1] DEBUG org.asynchttpclient.netty.channel.DefaultChannelPool - Entry count for : http://localhost:61999 : 1
16:27:44.948 [AsyncHttpClient-1-10] DEBUG org.asynchttpclient.netty.handler.HttpHandler - 

Request DefaultHttpRequest(decodeResult: success, version: HTTP/1.1)
POST /session/27eaae4267020d3c22df6296d36be3ee/url HTTP/1.1
User-Agent: selenium/4.1.2 (java windows)
Content-Length: 53
Content-Type: application/json; charset=utf-8
host: localhost:50970
accept: */*

Response DefaultHttpResponse(decodeResult: success, version: HTTP/1.1)
HTTP/1.1 200 OK
Content-Type: application/json; charset=utf-8
cache-control: no-cache
content-length: 14

16:27:44.948 [AsyncHttpClient-1-10] DEBUG org.asynchttpclient.netty.channel.ChannelManager - Adding key: http://localhost:50970 for channel [id: 0xdd9b2320, L:/127.0.0.1:61998 - R:localhost/127.0.0.1:50970]
16:27:44.949 [Forwarding setTimeout on session 27eaae4267020d3c22df6296d36be3ee to remote] DEBUG org.asynchttpclient.netty.request.NettyRequestSender - Using pooled Channel '[id: 0xdd9b2320, L:/127.0.0.1:61998 - R:localhost/127.0.0.1:50970]' for 'POST' to 'http://localhost:50970/session/27eaae4267020d3c22df6296d36be3ee/timeouts'
16:27:44.949 [Forwarding setTimeout on session 27eaae4267020d3c22df6296d36be3ee to remote] DEBUG org.asynchttpclient.netty.request.NettyRequestSender - Using open Channel [id: 0xdd9b2320, L:/127.0.0.1:61998 - R:localhost/127.0.0.1:50970] for POST '/session/27eaae4267020d3c22df6296d36be3ee/timeouts'
16:27:44.950 [AsyncHttpClient-1-10] DEBUG org.asynchttpclient.netty.handler.HttpHandler - 

Request DefaultHttpRequest(decodeResult: success, version: HTTP/1.1)
POST /session/27eaae4267020d3c22df6296d36be3ee/timeouts HTTP/1.1
User-Agent: selenium/4.1.2 (java windows)
Content-Length: 22
Content-Type: application/json; charset=utf-8
host: localhost:50970
accept: */*

Response DefaultHttpResponse(decodeResult: success, version: HTTP/1.1)
HTTP/1.1 200 OK
Content-Type: application/json; charset=utf-8
cache-control: no-cache
content-length: 14

16:27:44.950 [AsyncHttpClient-1-10] DEBUG org.asynchttpclient.netty.channel.ChannelManager - Adding key: http://localhost:50970 for channel [id: 0xdd9b2320, L:/127.0.0.1:61998 - R:localhost/127.0.0.1:50970]
16:27:44.954 [Forwarding getCurrentUrl on session 27eaae4267020d3c22df6296d36be3ee to remote] DEBUG org.asynchttpclient.netty.request.NettyRequestSender - Using pooled Channel '[id: 0xdd9b2320, L:/127.0.0.1:61998 - R:localhost/127.0.0.1:50970]' for 'GET' to 'http://localhost:50970/session/27eaae4267020d3c22df6296d36be3ee/url'
16:27:44.954 [Forwarding getCurrentUrl on session 27eaae4267020d3c22df6296d36be3ee to remote] DEBUG org.asynchttpclient.netty.request.NettyRequestSender - Using open Channel [id: 0xdd9b2320, L:/127.0.0.1:61998 - R:localhost/127.0.0.1:50970] for GET '/session/27eaae4267020d3c22df6296d36be3ee/url'
16:27:44.959 [AsyncHttpClient-1-10] DEBUG org.asynchttpclient.netty.handler.HttpHandler - 

Request DefaultFullHttpRequest(decodeResult: success, version: HTTP/1.1, content: EmptyByteBufBE)
GET /session/27eaae4267020d3c22df6296d36be3ee/url HTTP/1.1
User-Agent: selenium/4.1.2 (java windows)
Cache-Control: no-cache
Content-Type: application/json; charset=utf-8
host: localhost:50970
accept: */*

Response DefaultHttpResponse(decodeResult: success, version: HTTP/1.1)
HTTP/1.1 200 OK
Content-Type: application/json; charset=utf-8
cache-control: no-cache
content-length: 41

16:27:44.959 [AsyncHttpClient-1-10] DEBUG org.asynchttpclient.netty.channel.ChannelManager - Adding key: http://localhost:50970 for channel [id: 0xdd9b2320, L:/127.0.0.1:61998 - R:localhost/127.0.0.1:50970]
  &amp#27;[32mGiven &amp#27;[0m&amp#27;[32mI am on the home page&amp#27;[0m     &amp#27;[90m# starter.stepdefinitions.BabyStep.iAmOnTheHomePage()&amp#27;[0m
16:27:44.964 [Forwarding screenshot on session 27eaae4267020d3c22df6296d36be3ee to remote] DEBUG org.asynchttpclient.netty.request.NettyRequestSender - Using pooled Channel '[id: 0xdd9b2320, L:/127.0.0.1:61998 - R:localhost/127.0.0.1:50970]' for 'GET' to 'http://localhost:50970/session/27eaae4267020d3c22df6296d36be3ee/screenshot'
16:27:44.964 [Forwarding screenshot on session 27eaae4267020d3c22df6296d36be3ee to remote] DEBUG org.asynchttpclient.netty.request.NettyRequestSender - Using open Channel [id: 0xdd9b2320, L:/127.0.0.1:61998 - R:localhost/127.0.0.1:50970] for GET '/session/27eaae4267020d3c22df6296d36be3ee/screenshot'
16:27:45.275 [AsyncHttpClient-1-10] DEBUG org.asynchttpclient.netty.handler.HttpHandler - 

Request DefaultFullHttpRequest(decodeResult: success, version: HTTP/1.1, content: EmptyByteBufBE)
GET /session/27eaae4267020d3c22df6296d36be3ee/screenshot HTTP/1.1
User-Agent: selenium/4.1.2 (java windows)
Cache-Control: no-cache
Content-Type: application/json; charset=utf-8
host: localhost:50970
accept: */*

Response DefaultHttpResponse(decodeResult: success, version: HTTP/1.1)
HTTP/1.1 200 OK
Content-Type: application/json; charset=utf-8
cache-control: no-cache
content-length: 1022316

16:27:45.276 [AsyncHttpClient-1-10] DEBUG org.asynchttpclient.netty.channel.ChannelManager - Adding key: http://localhost:50970 for channel [id: 0xdd9b2320, L:/127.0.0.1:61998 - R:localhost/127.0.0.1:50970]
16:27:45.307 [main] DEBUG net.serenitybdd.core.photography.Darkroom - Send negative for processing for target\site\serenity\b0ddf3608b8f51a6a3adc36e4acd901b7a2c5b7adc6fd42a924a7c7a6358c0ea.png
16:27:45.317 [Forwarding findElement on session 27eaae4267020d3c22df6296d36be3ee to remote] DEBUG org.asynchttpclient.netty.request.NettyRequestSender - Using pooled Channel '[id: 0xdd9b2320, L:/127.0.0.1:61998 - R:localhost/127.0.0.1:50970]' for 'POST' to 'http://localhost:50970/session/27eaae4267020d3c22df6296d36be3ee/element'
16:27:45.317 [Forwarding findElement on session 27eaae4267020d3c22df6296d36be3ee to remote] DEBUG org.asynchttpclient.netty.request.NettyRequestSender - Using open Channel [id: 0xdd9b2320, L:/127.0.0.1:61998 - R:localhost/127.0.0.1:50970] for POST '/session/27eaae4267020d3c22df6296d36be3ee/element'
16:27:45.345 [AsyncHttpClient-1-10] DEBUG org.asynchttpclient.netty.handler.HttpHandler - 

Request DefaultHttpRequest(decodeResult: success, version: HTTP/1.1)
POST /session/27eaae4267020d3c22df6296d36be3ee/element HTTP/1.1
User-Agent: selenium/4.1.2 (java windows)
Content-Length: 81
Content-Type: application/json; charset=utf-8
host: localhost:50970
accept: */*

Response DefaultHttpResponse(decodeResult: success, version: HTTP/1.1)
HTTP/1.1 200 OK
Content-Type: application/json; charset=utf-8
cache-control: no-cache
content-length: 88

16:27:45.345 [AsyncHttpClient-1-10] DEBUG org.asynchttpclient.netty.channel.ChannelManager - Adding key: http://localhost:50970 for channel [id: 0xdd9b2320, L:/127.0.0.1:61998 - R:localhost/127.0.0.1:50970]
16:27:45.346 [Forwarding getElementTagName on session 27eaae4267020d3c22df6296d36be3ee to remote] DEBUG org.asynchttpclient.netty.request.NettyRequestSender - Using pooled Channel '[id: 0xdd9b2320, L:/127.0.0.1:61998 - R:localhost/127.0.0.1:50970]' for 'GET' to 'http://localhost:50970/session/27eaae4267020d3c22df6296d36be3ee/element/099938cf-1ecd-407a-9159-df016be4059d/name'
16:27:45.346 [Forwarding getElementTagName on session 27eaae4267020d3c22df6296d36be3ee to remote] DEBUG org.asynchttpclient.netty.request.NettyRequestSender - Using open Channel [id: 0xdd9b2320, L:/127.0.0.1:61998 - R:localhost/127.0.0.1:50970] for GET '/session/27eaae4267020d3c22df6296d36be3ee/element/099938cf-1ecd-407a-9159-df016be4059d/name'
16:27:45.350 [AsyncHttpClient-1-10] DEBUG org.asynchttpclient.netty.handler.HttpHandler - 

Request DefaultFullHttpRequest(decodeResult: success, version: HTTP/1.1, content: EmptyByteBufBE)
GET /session/27eaae4267020d3c22df6296d36be3ee/element/099938cf-1ecd-407a-9159-df016be4059d/name HTTP/1.1
User-Agent: selenium/4.1.2 (java windows)
Cache-Control: no-cache
Content-Type: application/json; charset=utf-8
host: localhost:50970
accept: */*

Response DefaultHttpResponse(decodeResult: success, version: HTTP/1.1)
HTTP/1.1 200 OK
Content-Type: application/json; charset=utf-8
cache-control: no-cache
content-length: 16

16:27:45.350 [AsyncHttpClient-1-10] DEBUG org.asynchttpclient.netty.channel.ChannelManager - Adding key: http://localhost:50970 for channel [id: 0xdd9b2320, L:/127.0.0.1:61998 - R:localhost/127.0.0.1:50970]
16:27:45.351 [Forwarding getElementTagName on session 27eaae4267020d3c22df6296d36be3ee to remote] DEBUG org.asynchttpclient.netty.request.NettyRequestSender - Using pooled Channel '[id: 0xdd9b2320, L:/127.0.0.1:61998 - R:localhost/127.0.0.1:50970]' for 'GET' to 'http://localhost:50970/session/27eaae4267020d3c22df6296d36be3ee/element/099938cf-1ecd-407a-9159-df016be4059d/name'
16:27:45.351 [Forwarding getElementTagName on session 27eaae4267020d3c22df6296d36be3ee to remote] DEBUG org.asynchttpclient.netty.request.NettyRequestSender - Using open Channel [id: 0xdd9b2320, L:/127.0.0.1:61998 - R:localhost/127.0.0.1:50970] for GET '/session/27eaae4267020d3c22df6296d36be3ee/element/099938cf-1ecd-407a-9159-df016be4059d/name'
16:27:45.353 [AsyncHttpClient-1-10] DEBUG org.asynchttpclient.netty.handler.HttpHandler - 

Request DefaultFullHttpRequest(decodeResult: success, version: HTTP/1.1, content: EmptyByteBufBE)
GET /session/27eaae4267020d3c22df6296d36be3ee/element/099938cf-1ecd-407a-9159-df016be4059d/name HTTP/1.1
User-Agent: selenium/4.1.2 (java windows)
Cache-Control: no-cache
Content-Type: application/json; charset=utf-8
host: localhost:50970
accept: */*

Response DefaultHttpResponse(decodeResult: success, version: HTTP/1.1)
HTTP/1.1 200 OK
Content-Type: application/json; charset=utf-8
cache-control: no-cache
content-length: 16

16:27:45.353 [AsyncHttpClient-1-10] DEBUG org.asynchttpclient.netty.channel.ChannelManager - Adding key: http://localhost:50970 for channel [id: 0xdd9b2320, L:/127.0.0.1:61998 - R:localhost/127.0.0.1:50970]
16:27:45.354 [Forwarding findElement on session 27eaae4267020d3c22df6296d36be3ee to remote] DEBUG org.asynchttpclient.netty.request.NettyRequestSender - Using pooled Channel '[id: 0xdd9b2320, L:/127.0.0.1:61998 - R:localhost/127.0.0.1:50970]' for 'POST' to 'http://localhost:50970/session/27eaae4267020d3c22df6296d36be3ee/element'
16:27:45.354 [Forwarding findElement on session 27eaae4267020d3c22df6296d36be3ee to remote] DEBUG org.asynchttpclient.netty.request.NettyRequestSender - Using open Channel [id: 0xdd9b2320, L:/127.0.0.1:61998 - R:localhost/127.0.0.1:50970] for POST '/session/27eaae4267020d3c22df6296d36be3ee/element'
16:27:45.361 [AsyncHttpClient-1-10] DEBUG org.asynchttpclient.netty.handler.HttpHandler - 

Request DefaultHttpRequest(decodeResult: success, version: HTTP/1.1)
POST /session/27eaae4267020d3c22df6296d36be3ee/element HTTP/1.1
User-Agent: selenium/4.1.2 (java windows)
Content-Length: 81
Content-Type: application/json; charset=utf-8
host: localhost:50970
accept: */*

Response DefaultHttpResponse(decodeResult: success, version: HTTP/1.1)
HTTP/1.1 200 OK
Content-Type: application/json; charset=utf-8
cache-control: no-cache
content-length: 88

16:27:45.361 [AsyncHttpClient-1-10] DEBUG org.asynchttpclient.netty.channel.ChannelManager - Adding key: http://localhost:50970 for channel [id: 0xdd9b2320, L:/127.0.0.1:61998 - R:localhost/127.0.0.1:50970]
16:27:45.362 [Forwarding clickElement on session 27eaae4267020d3c22df6296d36be3ee to remote] DEBUG org.asynchttpclient.netty.request.NettyRequestSender - Using pooled Channel '[id: 0xdd9b2320, L:/127.0.0.1:61998 - R:localhost/127.0.0.1:50970]' for 'POST' to 'http://localhost:50970/session/27eaae4267020d3c22df6296d36be3ee/element/099938cf-1ecd-407a-9159-df016be4059d/click'
16:27:45.362 [Forwarding clickElement on session 27eaae4267020d3c22df6296d36be3ee to remote] DEBUG org.asynchttpclient.netty.request.NettyRequestSender - Using open Channel [id: 0xdd9b2320, L:/127.0.0.1:61998 - R:localhost/127.0.0.1:50970] for POST '/session/27eaae4267020d3c22df6296d36be3ee/element/099938cf-1ecd-407a-9159-df016be4059d/click'
16:27:45.988 [AsyncHttpClient-1-1] DEBUG org.asynchttpclient.netty.channel.DefaultChannelPool - Entry count for : http://localhost:61999 : 1
16:27:46.099 [AsyncHttpClient-1-10] DEBUG org.asynchttpclient.netty.handler.HttpHandler - 

Request DefaultHttpRequest(decodeResult: success, version: HTTP/1.1)
POST /session/27eaae4267020d3c22df6296d36be3ee/element/099938cf-1ecd-407a-9159-df016be4059d/click HTTP/1.1
User-Agent: selenium/4.1.2 (java windows)
Content-Length: 50
Content-Type: application/json; charset=utf-8
host: localhost:50970
accept: */*

Response DefaultHttpResponse(decodeResult: success, version: HTTP/1.1)
HTTP/1.1 200 OK
Content-Type: application/json; charset=utf-8
cache-control: no-cache
content-length: 14

16:27:46.099 [AsyncHttpClient-1-10] DEBUG org.asynchttpclient.netty.channel.ChannelManager - Adding key: http://localhost:50970 for channel [id: 0xdd9b2320, L:/127.0.0.1:61998 - R:localhost/127.0.0.1:50970]
  &amp#27;[32mThen &amp#27;[0m&amp#27;[32mI click baby on the header&amp#27;[0m &amp#27;[90m# starter.stepdefinitions.BabyStep.iClickBabyOnTheHeader()&amp#27;[0m
16:27:46.109 [Forwarding screenshot on session 27eaae4267020d3c22df6296d36be3ee to remote] DEBUG org.asynchttpclient.netty.request.NettyRequestSender - Using pooled Channel '[id: 0xdd9b2320, L:/127.0.0.1:61998 - R:localhost/127.0.0.1:50970]' for 'GET' to 'http://localhost:50970/session/27eaae4267020d3c22df6296d36be3ee/screenshot'
16:27:46.109 [Forwarding screenshot on session 27eaae4267020d3c22df6296d36be3ee to remote] DEBUG org.asynchttpclient.netty.request.NettyRequestSender - Using open Channel [id: 0xdd9b2320, L:/127.0.0.1:61998 - R:localhost/127.0.0.1:50970] for GET '/session/27eaae4267020d3c22df6296d36be3ee/screenshot'
16:27:46.282 [AsyncHttpClient-1-10] DEBUG org.asynchttpclient.netty.handler.HttpHandler - 

Request DefaultFullHttpRequest(decodeResult: success, version: HTTP/1.1, content: EmptyByteBufBE)
GET /session/27eaae4267020d3c22df6296d36be3ee/screenshot HTTP/1.1
User-Agent: selenium/4.1.2 (java windows)
Cache-Control: no-cache
Content-Type: application/json; charset=utf-8
host: localhost:50970
accept: */*

Response DefaultHttpResponse(decodeResult: success, version: HTTP/1.1)
HTTP/1.1 200 OK
Content-Type: application/json; charset=utf-8
cache-control: no-cache
content-length: 63112

16:27:46.282 [AsyncHttpClient-1-10] DEBUG org.asynchttpclient.netty.channel.ChannelManager - Adding key: http://localhost:50970 for channel [id: 0xdd9b2320, L:/127.0.0.1:61998 - R:localhost/127.0.0.1:50970]
16:27:46.284 [main] DEBUG net.serenitybdd.core.photography.Darkroom - Send negative for processing for target\site\serenity\dc0c6102a32eab2a9d0b9957f034cd9ad8232566b43710a0d8bd30ad5ff4f4b0.png
16:27:46.285 [Darkroom Processing Line] DEBUG net.serenitybdd.core.photography.DarkroomProcessingLine - Processing screenshot image in /var/screenshots/screenshot-13070293795802095873
16:27:46.285 [Darkroom Processing Line] DEBUG net.serenitybdd.core.photography.DarkroomProcessingLine - Saving screenshot to target\site\serenity\dc0c6102a32eab2a9d0b9957f034cd9ad8232566b43710a0d8bd30ad5ff4f4b0.png
16:27:46.296 [Forwarding findElement on session 27eaae4267020d3c22df6296d36be3ee to remote] DEBUG org.asynchttpclient.netty.request.NettyRequestSender - Using pooled Channel '[id: 0xdd9b2320, L:/127.0.0.1:61998 - R:localhost/127.0.0.1:50970]' for 'POST' to 'http://localhost:50970/session/27eaae4267020d3c22df6296d36be3ee/element'
16:27:46.297 [Forwarding findElement on session 27eaae4267020d3c22df6296d36be3ee to remote] DEBUG org.asynchttpclient.netty.request.NettyRequestSender - Using open Channel [id: 0xdd9b2320, L:/127.0.0.1:61998 - R:localhost/127.0.0.1:50970] for POST '/session/27eaae4267020d3c22df6296d36be3ee/element'
16:27:46.308 [AsyncHttpClient-1-10] DEBUG org.asynchttpclient.netty.handler.HttpHandler - 

Request DefaultHttpRequest(decodeResult: success, version: HTTP/1.1)
POST /session/27eaae4267020d3c22df6296d36be3ee/element HTTP/1.1
User-Agent: selenium/4.1.2 (java windows)
Content-Length: 107
Content-Type: application/json; charset=utf-8
host: localhost:50970
accept: */*

Response DefaultHttpResponse(decodeResult: success, version: HTTP/1.1)
HTTP/1.1 200 OK
Content-Type: application/json; charset=utf-8
cache-control: no-cache
content-length: 88

16:27:46.308 [AsyncHttpClient-1-10] DEBUG org.asynchttpclient.netty.channel.ChannelManager - Adding key: http://localhost:50970 for channel [id: 0xdd9b2320, L:/127.0.0.1:61998 - R:localhost/127.0.0.1:50970]
16:27:46.309 [Forwarding getElementTagName on session 27eaae4267020d3c22df6296d36be3ee to remote] DEBUG org.asynchttpclient.netty.request.NettyRequestSender - Using pooled Channel '[id: 0xdd9b2320, L:/127.0.0.1:61998 - R:localhost/127.0.0.1:50970]' for 'GET' to 'http://localhost:50970/session/27eaae4267020d3c22df6296d36be3ee/element/b4780128-b381-436f-bd1c-bf3985eb7b63/name'
16:27:46.309 [Forwarding getElementTagName on session 27eaae4267020d3c22df6296d36be3ee to remote] DEBUG org.asynchttpclient.netty.request.NettyRequestSender - Using open Channel [id: 0xdd9b2320, L:/127.0.0.1:61998 - R:localhost/127.0.0.1:50970] for GET '/session/27eaae4267020d3c22df6296d36be3ee/element/b4780128-b381-436f-bd1c-bf3985eb7b63/name'
16:27:46.313 [AsyncHttpClient-1-10] DEBUG org.asynchttpclient.netty.handler.HttpHandler - 

Request DefaultFullHttpRequest(decodeResult: success, version: HTTP/1.1, content: EmptyByteBufBE)
GET /session/27eaae4267020d3c22df6296d36be3ee/element/b4780128-b381-436f-bd1c-bf3985eb7b63/name HTTP/1.1
User-Agent: selenium/4.1.2 (java windows)
Cache-Control: no-cache
Content-Type: application/json; charset=utf-8
host: localhost:50970
accept: */*

Response DefaultHttpResponse(decodeResult: success, version: HTTP/1.1)
HTTP/1.1 200 OK
Content-Type: application/json; charset=utf-8
cache-control: no-cache
content-length: 16

16:27:46.314 [AsyncHttpClient-1-10] DEBUG org.asynchttpclient.netty.channel.ChannelManager - Adding key: http://localhost:50970 for channel [id: 0xdd9b2320, L:/127.0.0.1:61998 - R:localhost/127.0.0.1:50970]
16:27:46.315 [Forwarding getElementTagName on session 27eaae4267020d3c22df6296d36be3ee to remote] DEBUG org.asynchttpclient.netty.request.NettyRequestSender - Using pooled Channel '[id: 0xdd9b2320, L:/127.0.0.1:61998 - R:localhost/127.0.0.1:50970]' for 'GET' to 'http://localhost:50970/session/27eaae4267020d3c22df6296d36be3ee/element/b4780128-b381-436f-bd1c-bf3985eb7b63/name'
16:27:46.315 [Forwarding getElementTagName on session 27eaae4267020d3c22df6296d36be3ee to remote] DEBUG org.asynchttpclient.netty.request.NettyRequestSender - Using open Channel [id: 0xdd9b2320, L:/127.0.0.1:61998 - R:localhost/127.0.0.1:50970] for GET '/session/27eaae4267020d3c22df6296d36be3ee/element/b4780128-b381-436f-bd1c-bf3985eb7b63/name'
16:27:46.317 [AsyncHttpClient-1-10] DEBUG org.asynchttpclient.netty.handler.HttpHandler - 

Request DefaultFullHttpRequest(decodeResult: success, version: HTTP/1.1, content: EmptyByteBufBE)
GET /session/27eaae4267020d3c22df6296d36be3ee/element/b4780128-b381-436f-bd1c-bf3985eb7b63/name HTTP/1.1
User-Agent: selenium/4.1.2 (java windows)
Cache-Control: no-cache
Content-Type: application/json; charset=utf-8
host: localhost:50970
accept: */*

Response DefaultHttpResponse(decodeResult: success, version: HTTP/1.1)
HTTP/1.1 200 OK
Content-Type: application/json; charset=utf-8
cache-control: no-cache
content-length: 16

16:27:46.317 [AsyncHttpClient-1-10] DEBUG org.asynchttpclient.netty.channel.ChannelManager - Adding key: http://localhost:50970 for channel [id: 0xdd9b2320, L:/127.0.0.1:61998 - R:localhost/127.0.0.1:50970]
16:27:46.319 [Forwarding findElement on session 27eaae4267020d3c22df6296d36be3ee to remote] DEBUG org.asynchttpclient.netty.request.NettyRequestSender - Using pooled Channel '[id: 0xdd9b2320, L:/127.0.0.1:61998 - R:localhost/127.0.0.1:50970]' for 'POST' to 'http://localhost:50970/session/27eaae4267020d3c22df6296d36be3ee/element'
16:27:46.319 [Forwarding findElement on session 27eaae4267020d3c22df6296d36be3ee to remote] DEBUG org.asynchttpclient.netty.request.NettyRequestSender - Using open Channel [id: 0xdd9b2320, L:/127.0.0.1:61998 - R:localhost/127.0.0.1:50970] for POST '/session/27eaae4267020d3c22df6296d36be3ee/element'
16:27:46.325 [AsyncHttpClient-1-10] DEBUG org.asynchttpclient.netty.handler.HttpHandler - 

Request DefaultHttpRequest(decodeResult: success, version: HTTP/1.1)
POST /session/27eaae4267020d3c22df6296d36be3ee/element HTTP/1.1
User-Agent: selenium/4.1.2 (java windows)
Content-Length: 107
Content-Type: application/json; charset=utf-8
host: localhost:50970
accept: */*

Response DefaultHttpResponse(decodeResult: success, version: HTTP/1.1)
HTTP/1.1 200 OK
Content-Type: application/json; charset=utf-8
cache-control: no-cache
content-length: 88

16:27:46.326 [AsyncHttpClient-1-10] DEBUG org.asynchttpclient.netty.channel.ChannelManager - Adding key: http://localhost:50970 for channel [id: 0xdd9b2320, L:/127.0.0.1:61998 - R:localhost/127.0.0.1:50970]
16:27:46.327 [Forwarding clickElement on session 27eaae4267020d3c22df6296d36be3ee to remote] DEBUG org.asynchttpclient.netty.request.NettyRequestSender - Using pooled Channel '[id: 0xdd9b2320, L:/127.0.0.1:61998 - R:localhost/127.0.0.1:50970]' for 'POST' to 'http://localhost:50970/session/27eaae4267020d3c22df6296d36be3ee/element/b4780128-b381-436f-bd1c-bf3985eb7b63/click'
16:27:46.327 [Forwarding clickElement on session 27eaae4267020d3c22df6296d36be3ee to remote] DEBUG org.asynchttpclient.netty.request.NettyRequestSender - Using open Channel [id: 0xdd9b2320, L:/127.0.0.1:61998 - R:localhost/127.0.0.1:50970] for POST '/session/27eaae4267020d3c22df6296d36be3ee/element/b4780128-b381-436f-bd1c-bf3985eb7b63/click'
16:27:47.075 [AsyncHttpClient-1-1] DEBUG org.asynchttpclient.netty.channel.DefaultChannelPool - Entry count for : http://localhost:61999 : 1
16:27:48.166 [AsyncHttpClient-1-1] DEBUG org.asynchttpclient.netty.channel.DefaultChannelPool - Entry count for : http://localhost:61999 : 1
16:27:48.344 [AsyncHttpClient-1-10] DEBUG org.asynchttpclient.netty.handler.HttpHandler - 

Request DefaultHttpRequest(decodeResult: success, version: HTTP/1.1)
POST /session/27eaae4267020d3c22df6296d36be3ee/element/b4780128-b381-436f-bd1c-bf3985eb7b63/click HTTP/1.1
User-Agent: selenium/4.1.2 (java windows)
Content-Length: 50
Content-Type: application/json; charset=utf-8
host: localhost:50970
accept: */*

Response DefaultHttpResponse(decodeResult: success, version: HTTP/1.1)
HTTP/1.1 400 Bad Request
Content-Type: application/json; charset=utf-8
cache-control: no-cache
content-length: 1690

16:27:48.344 [AsyncHttpClient-1-10] DEBUG org.asynchttpclient.netty.channel.ChannelManager - Adding key: http://localhost:50970 for channel [id: 0xdd9b2320, L:/127.0.0.1:61998 - R:localhost/127.0.0.1:50970]
16:27:48.374 [Forwarding screenshot on session 27eaae4267020d3c22df6296d36be3ee to remote] DEBUG org.asynchttpclient.netty.request.NettyRequestSender - Using pooled Channel '[id: 0xdd9b2320, L:/127.0.0.1:61998 - R:localhost/127.0.0.1:50970]' for 'GET' to 'http://localhost:50970/session/27eaae4267020d3c22df6296d36be3ee/screenshot'
16:27:48.374 [Forwarding screenshot on session 27eaae4267020d3c22df6296d36be3ee to remote] DEBUG org.asynchttpclient.netty.request.NettyRequestSender - Using open Channel [id: 0xdd9b2320, L:/127.0.0.1:61998 - R:localhost/127.0.0.1:50970] for GET '/session/27eaae4267020d3c22df6296d36be3ee/screenshot'
16:27:48.955 [AsyncHttpClient-1-10] DEBUG org.asynchttpclient.netty.handler.HttpHandler - 

Request DefaultFullHttpRequest(decodeResult: success, version: HTTP/1.1, content: EmptyByteBufBE)
GET /session/27eaae4267020d3c22df6296d36be3ee/screenshot HTTP/1.1
User-Agent: selenium/4.1.2 (java windows)
Cache-Control: no-cache
Content-Type: application/json; charset=utf-8
host: localhost:50970
accept: */*

Response DefaultHttpResponse(decodeResult: success, version: HTTP/1.1)
HTTP/1.1 200 OK
Content-Type: application/json; charset=utf-8
cache-control: no-cache
content-length: 137780

16:27:48.955 [AsyncHttpClient-1-10] DEBUG org.asynchttpclient.netty.channel.ChannelManager - Adding key: http://localhost:50970 for channel [id: 0xdd9b2320, L:/127.0.0.1:61998 - R:localhost/127.0.0.1:50970]
16:27:48.959 [main] DEBUG net.serenitybdd.core.photography.Darkroom - Send negative for processing for target\site\serenity\fc49f54f773bd13dfcb5f9ddcc7d3fc267d5bb6c19a5df1b837172c71e63382f.png
16:27:48.959 [Darkroom Processing Line] DEBUG net.serenitybdd.core.photography.DarkroomProcessingLine - Processing screenshot image in /var/screenshots/screenshot-9589886456696491768
16:27:48.959 [Darkroom Processing Line] DEBUG net.serenitybdd.core.photography.DarkroomProcessingLine - Saving screenshot to target\site\serenity\fc49f54f773bd13dfcb5f9ddcc7d3fc267d5bb6c19a5df1b837172c71e63382f.png
16:27:48.968 [Forwarding getPageSource on session 27eaae4267020d3c22df6296d36be3ee to remote] DEBUG org.asynchttpclient.netty.request.NettyRequestSender - Using pooled Channel '[id: 0xdd9b2320, L:/127.0.0.1:61998 - R:localhost/127.0.0.1:50970]' for 'POST' to 'http://localhost:50970/session/27eaae4267020d3c22df6296d36be3ee/execute/sync'
16:27:48.968 [Forwarding getPageSource on session 27eaae4267020d3c22df6296d36be3ee to remote] DEBUG org.asynchttpclient.netty.request.NettyRequestSender - Using open Channel [id: 0xdd9b2320, L:/127.0.0.1:61998 - R:localhost/127.0.0.1:50970] for POST '/session/27eaae4267020d3c22df6296d36be3ee/execute/sync'
16:27:49.052 [AsyncHttpClient-1-10] DEBUG org.asynchttpclient.netty.handler.HttpHandler - 

Request DefaultHttpRequest(decodeResult: success, version: HTTP/1.1)
POST /session/27eaae4267020d3c22df6296d36be3ee/execute/sync HTTP/1.1
User-Agent: selenium/4.1.2 (java windows)
Content-Length: 176
Content-Type: application/json; charset=utf-8
host: localhost:50970
accept: */*

Response DefaultHttpResponse(decodeResult: success, version: HTTP/1.1)
HTTP/1.1 200 OK
Content-Type: application/json; charset=utf-8
cache-control: no-cache
content-length: 949362

16:27:49.053 [AsyncHttpClient-1-10] DEBUG org.asynchttpclient.netty.channel.ChannelManager - Adding key: http://localhost:50970 for channel [id: 0xdd9b2320, L:/127.0.0.1:61998 - R:localhost/127.0.0.1:50970]
16:27:49.293 [AsyncHttpClient-1-1] DEBUG org.asynchttpclient.netty.channel.DefaultChannelPool - Entry count for : http://localhost:61999 : 1
16:27:49.293 [AsyncHttpClient-1-1] DEBUG org.asynchttpclient.netty.channel.DefaultChannelPool - Entry count for : http://localhost:50970 : 1
16:27:49.513 [Forwarding getCurrentUrl on session 27eaae4267020d3c22df6296d36be3ee to remote] DEBUG org.asynchttpclient.netty.request.NettyRequestSender - Using pooled Channel '[id: 0xdd9b2320, L:/127.0.0.1:61998 - R:localhost/127.0.0.1:50970]' for 'GET' to 'http://localhost:50970/session/27eaae4267020d3c22df6296d36be3ee/url'
16:27:49.513 [Forwarding getCurrentUrl on session 27eaae4267020d3c22df6296d36be3ee to remote] DEBUG org.asynchttpclient.netty.request.NettyRequestSender - Using open Channel [id: 0xdd9b2320, L:/127.0.0.1:61998 - R:localhost/127.0.0.1:50970] for GET '/session/27eaae4267020d3c22df6296d36be3ee/url'
16:27:49.516 [AsyncHttpClient-1-10] DEBUG org.asynchttpclient.netty.handler.HttpHandler - 

Request DefaultFullHttpRequest(decodeResult: success, version: HTTP/1.1, content: EmptyByteBufBE)
GET /session/27eaae4267020d3c22df6296d36be3ee/url HTTP/1.1
User-Agent: selenium/4.1.2 (java windows)
Cache-Control: no-cache
Content-Type: application/json; charset=utf-8
host: localhost:50970
accept: */*

Response DefaultHttpResponse(decodeResult: success, version: HTTP/1.1)
HTTP/1.1 200 OK
Content-Type: application/json; charset=utf-8
cache-control: no-cache
content-length: 45

16:27:49.516 [AsyncHttpClient-1-10] DEBUG org.asynchttpclient.netty.channel.ChannelManager - Adding key: http://localhost:50970 for channel [id: 0xdd9b2320, L:/127.0.0.1:61998 - R:localhost/127.0.0.1:50970]
  &amp#27;[31mWhen &amp#27;[0m&amp#27;[31mI will go to &amp#27;[0m&amp#27;[31m&amp#27;[1m"kaosKaki2"&amp#27;[0m   &amp#27;[90m# starter.stepdefinitions.BabyStep.iWillGoTo(java.lang.String)&amp#27;[0m
      &amp#27;[31morg.openqa.selenium.ElementNotInteractableException: element not interactable
  (Session info: MicrosoftEdge=111.0.1661.62)
Build info: version: '4.1.2', revision: '9a5a329c5a'
System info: host: 'DESKTOP-3MAQDS2', ip: '192.168.56.1', os.name: 'Windows 10', os.arch: 'amd64', os.version: '10.0', java.version: '13.0.2'
Driver info: org.openqa.selenium.edge.EdgeDriver
Command: [27eaae4267020d3c22df6296d36be3ee, clickElement {id=b4780128-b381-436f-bd1c-bf3985eb7b63}]
Capabilities {acceptInsecureCerts: false, browserName: msedge, browserVersion: 111.0.1661.62, javascriptEnabled: true, ms:edgeOptions: {debuggerAddress: localhost:61999}, msedge: {msedgedriverVersion: 111.0.1661.62 (0a8f453929e6..., userDataDir: C:\Users\alwi\AppData\Local...}, networkConnectionEnabled: false, pageLoadStrategy: normal, platform: WINDOWS, platformName: WINDOWS, proxy: Proxy(), se:cdp: ws://localhost:61999/devtoo..., se:cdpVersion: 111.0.1661.62, setWindowRect: true, strictFileInteractability: false, timeouts: {implicit: 0, pageLoad: 300000, script: 30000}, unhandledPromptBehavior: dismiss and notify, webauthn:extension:credBlob: true, webauthn:extension:largeBlob: true, webauthn:extension:minPinLength: true, webauthn:extension:prf: true, webauthn:virtualAuthenticators: true}
Element: [[EdgeDriver: msedge on WINDOWS (27eaae4267020d3c22df6296d36be3ee)] -> xpath: (//span[@class='inner'][text()[contains(.,'Kaos Kaki')]])[2]]
Session ID: 27eaae4267020d3c22df6296d36be3ee
	at java.base/jdk.internal.reflect.NativeConstructorAccessorImpl.newInstance0(Native Method)
	at java.base/jdk.internal.reflect.NativeConstructorAccessorImpl.newInstance(NativeConstructorAccessorImpl.java:62)
	at java.base/jdk.internal.reflect.DelegatingConstructorAccessorImpl.newInstance(DelegatingConstructorAccessorImpl.java:45)
	at java.base/java.lang.reflect.Constructor.newInstanceWithCaller(Constructor.java:500)
	at java.base/java.lang.reflect.Constructor.newInstance(Constructor.java:481)
	at org.openqa.selenium.remote.codec.w3c.W3CHttpResponseCodec.createException(W3CHttpResponseCodec.java:200)
	at org.openqa.selenium.remote.codec.w3c.W3CHttpResponseCodec.decode(W3CHttpResponseCodec.java:133)
	at org.openqa.selenium.remote.codec.w3c.W3CHttpResponseCodec.decode(W3CHttpResponseCodec.java:53)
	at org.openqa.selenium.remote.HttpCommandExecutor.execute(HttpCommandExecutor.java:184)
	at org.openqa.selenium.remote.service.DriverCommandExecutor.invokeExecute(DriverCommandExecutor.java:167)
	at org.openqa.selenium.remote.service.DriverCommandExecutor.execute(DriverCommandExecutor.java:142)
	at org.openqa.selenium.remote.RemoteWebDriver.execute(RemoteWebDriver.java:558)
	at org.openqa.selenium.remote.RemoteWebElement.execute(RemoteWebElement.java:251)
	at org.openqa.selenium.remote.RemoteWebElement.click(RemoteWebElement.java:77)
	at net.serenitybdd.core.pages.WebElementFacadeImpl.click(WebElementFacadeImpl.java:1192)
	at net.serenitybdd.core.pages.WebElementFacadeImpl.click(WebElementFacadeImpl.java:1201)
	at uniqloweb@1.0-SNAPSHOT/starter.pages.BabyPage.ClickKaosKakiMenu2(BabyPage.java:246)
	at uniqloweb@1.0-SNAPSHOT/starter.pages.BabyPage$ByteBuddy$9AxvjBa8.ClickKaosKakiMenu2$accessor$XVcj2efv(Unknown Source)
	at java.base/jdk.internal.reflect.NativeMethodAccessorImpl.invoke0(Native Method)
	at java.base/jdk.internal.reflect.NativeMethodAccessorImpl.invoke(NativeMethodAccessorImpl.java:62)
	at java.base/jdk.internal.reflect.DelegatingMethodAccessorImpl.invoke(DelegatingMethodAccessorImpl.java:43)
	at java.base/java.lang.reflect.Method.invoke(Method.java:567)
	at net.thucydides.core.steps.BaseMethodRunner.invokeMethod(BaseMethodRunner.java:18)
	at net.thucydides.core.steps.NormalMethodRunner.invokeMethodAndNotifyFailures(NormalMethodRunner.java:18)
	at net.thucydides.core.steps.StepInterceptor.runNormalMethod(StepInterceptor.java:406)
	at net.thucydides.core.steps.StepInterceptor.testStepResult(StepInterceptor.java:191)
	at net.thucydides.core.steps.StepInterceptor.intercept(StepInterceptor.java:84)
	at net.thucydides.core.steps.ProxyConfiguration$InterceptorDispatcher.intercept(ProxyConfiguration.java:51)
	at uniqloweb@1.0-SNAPSHOT/starter.pages.BabyPage$ByteBuddy$9AxvjBa8.ClickKaosKakiMenu2(Unknown Source)
	at uniqloweb@1.0-SNAPSHOT/starter.stepdefinitions.BabyStep.iWillGoTo(BabyStep.java:78)
	at âœ½.I will go to "kaosKaki2"(file:///C:/Users/alwi/IdeaProjects/uniqloweb/src/test/resources/features/Baby.feature:9)
&amp#27;[0m
  &amp#27;[36mAnd &amp#27;[0m&amp#27;[36mI &amp#27;[0m&amp#27;[36m&amp#27;[1m"txtKaosKaki2"&amp#27;[0m&amp#27;[36m page&amp#27;[0m       &amp#27;[90m# starter.stepdefinitions.BabyStep.iPage(java.lang.String)&amp#27;[0m
16:27:49.592 [AsyncHttpClient-1-12] DEBUG org.asynchttpclient.netty.handler.WebSocketHandler - Channel Closed: [id: 0xd2599cc2, L:/127.0.0.1:62007 ! R:localhost/127.0.0.1:61999] with attribute NettyResponseFuture{currentRetry=5,
	isDone=1,
	isCancelled=0,
	asyncHandler=org.asynchttpclient.ws.WebSocketUpgradeHandler@352d82fb,
	nettyRequest=org.asynchttpclient.netty.request.NettyRequest@118884d5,
	future=java.util.concurrent.CompletableFuture@7efbadb9[Completed normally],
	uri=ws://localhost:61999/devtools/browser/e03aa665-f006-44a3-b956-8cc6fd1b5eb7,
	keepAlive=true,
	redirectCount=0,
	timeoutsHolder=null,
	inAuth=0,
	touch=1680859652913}
16:27:49.592 [AsyncHttpClient-1-12] DEBUG org.asynchttpclient.netty.channel.ChannelManager - Closing Channel [id: 0xd2599cc2, L:/127.0.0.1:62007 ! R:localhost/127.0.0.1:61999] 
16:27:49.592 [Driver Command Executor] DEBUG org.asynchttpclient.netty.request.NettyRequestSender - Using pooled Channel '[id: 0xdd9b2320, L:/127.0.0.1:61998 - R:localhost/127.0.0.1:50970]' for 'DELETE' to 'http://localhost:50970/session/27eaae4267020d3c22df6296d36be3ee'
16:27:49.592 [Driver Command Executor] DEBUG org.asynchttpclient.netty.request.NettyRequestSender - Using open Channel [id: 0xdd9b2320, L:/127.0.0.1:61998 - R:localhost/127.0.0.1:50970] for DELETE '/session/27eaae4267020d3c22df6296d36be3ee'
16:27:49.616 [AsyncHttpClient-1-11] DEBUG org.asynchttpclient.netty.handler.HttpHandler - Unexpected I/O exception on channel [id: 0xa18c777e, L:/127.0.0.1:62006 - R:localhost/127.0.0.1:61999]
java.net.SocketException: Connection reset
	at java.base/sun.nio.ch.SocketChannelImpl.throwConnectionReset(SocketChannelImpl.java:345)
	at java.base/sun.nio.ch.SocketChannelImpl.read(SocketChannelImpl.java:376)
	at io.netty.buffer.PooledByteBuf.setBytes(PooledByteBuf.java:258)
	at io.netty.buffer.AbstractByteBuf.writeBytes(AbstractByteBuf.java:1132)
	at io.netty.channel.socket.nio.NioSocketChannel.doReadBytes(NioSocketChannel.java:350)
	at io.netty.channel.nio.AbstractNioByteChannel$NioByteUnsafe.read(AbstractNioByteChannel.java:151)
	at io.netty.channel.nio.NioEventLoop.processSelectedKey(NioEventLoop.java:722)
	at io.netty.channel.nio.NioEventLoop.processSelectedKeysOptimized(NioEventLoop.java:658)
	at io.netty.channel.nio.NioEventLoop.processSelectedKeys(NioEventLoop.java:584)
	at io.netty.channel.nio.NioEventLoop.run(NioEventLoop.java:496)
	at io.netty.util.concurrent.SingleThreadEventExecutor$4.run(SingleThreadEventExecutor.java:986)
	at io.netty.util.internal.ThreadExecutorMap$2.run(ThreadExecutorMap.java:74)
	at io.netty.util.concurrent.FastThreadLocalRunnable.run(FastThreadLocalRunnable.java:30)
	at java.base/java.lang.Thread.run(Thread.java:830)
16:27:49.617 [AsyncHttpClient-1-11] DEBUG org.asynchttpclient.netty.channel.ChannelManager - Closing Channel [id: 0xa18c777e, L:/127.0.0.1:62006 - R:localhost/127.0.0.1:61999] 
16:27:49.617 [AsyncHttpClient-1-11] DEBUG org.asynchttpclient.netty.handler.HttpHandler - Channel Closed: [id: 0xa18c777e, L:/127.0.0.1:62006 ! R:localhost/127.0.0.1:61999] with attribute DISCARD
16:27:49.696 [AsyncHttpClient-1-10] DEBUG org.asynchttpclient.netty.handler.HttpHandler - 

Request DefaultFullHttpRequest(decodeResult: success, version: HTTP/1.1, content: EmptyByteBufBE)
DELETE /session/27eaae4267020d3c22df6296d36be3ee HTTP/1.1
User-Agent: selenium/4.1.2 (java windows)
Content-Type: application/json; charset=utf-8
host: localhost:50970
accept: */*

Response DefaultHttpResponse(decodeResult: success, version: HTTP/1.1)
HTTP/1.1 200 OK
Content-Type: application/json; charset=utf-8
cache-control: no-cache
content-length: 14

16:27:49.696 [AsyncHttpClient-1-10] DEBUG org.asynchttpclient.netty.channel.ChannelManager - Adding key: http://localhost:50970 for channel [id: 0xdd9b2320, L:/127.0.0.1:61998 - R:localhost/127.0.0.1:50970]
16:27:49.806 [AsyncHttpClient-1-10] DEBUG org.asynchttpclient.netty.handler.HttpHandler - Channel Closed: [id: 0xdd9b2320, L:/127.0.0.1:61998 ! R:localhost/127.0.0.1:50970] with attribute DISCARD
16:27:50.366 [AsyncHttpClient-1-1] DEBUG org.asynchttpclient.netty.channel.DefaultChannelPool - Entry count for : http://localhost:61999 : 1
16:27:50.366 [AsyncHttpClient-1-1] DEBUG org.asynchttpclient.netty.channel.DefaultChannelPool - Entry count for : http://localhost:50970 : 1
16:27:50.366 [AsyncHttpClient-1-1] DEBUG org.asynchttpclient.netty.channel.DefaultChannelPool - Adding Candidate expired Channel [id: 0xa18c777e, L:/127.0.0.1:62006 ! R:localhost/127.0.0.1:61999] isIdleTimeoutExpired=false isRemotelyClosed=true isTtlExpired=false
16:27:50.366 [AsyncHttpClient-1-1] DEBUG org.asynchttpclient.netty.channel.DefaultChannelPool - Closing Idle Channel [id: 0xa18c777e, L:/127.0.0.1:62006 ! R:localhost/127.0.0.1:61999]
16:27:50.366 [AsyncHttpClient-1-1] DEBUG org.asynchttpclient.netty.channel.DefaultChannelPool - Adding Candidate expired Channel [id: 0xdd9b2320, L:/127.0.0.1:61998 ! R:localhost/127.0.0.1:50970] isIdleTimeoutExpired=false isRemotelyClosed=true isTtlExpired=false
16:27:50.366 [AsyncHttpClient-1-1] DEBUG org.asynchttpclient.netty.channel.DefaultChannelPool - Closing Idle Channel [id: 0xdd9b2320, L:/127.0.0.1:61998 ! R:localhost/127.0.0.1:50970]
16:27:50.366 [AsyncHttpClient-1-1] DEBUG org.asynchttpclient.netty.channel.DefaultChannelPool - Closed 2 connections out of 2 in 0 ms
]]></system-out>
    <system-err><![CDATA[Starting Microsoft Edge WebDriver 111.0.1661.62 (0a8f453929e6410c973aa529a40485ce4e3e03db) on port 50970
To submit feedback, report a bug, or suggest new features, please visit https://github.com/MicrosoftEdge/EdgeWebDriver

Only local connections are allowed.
Please see https://aka.ms/WebDriverSecurity for suggestions on keeping Microsoft Edge WebDriver safe.

Microsoft Edge WebDriver was started successfully.
Apr 07, 2023 4:27:32 PM org.openqa.selenium.remote.ProtocolHandshake createSession
INFO: Detected dialect: W3C
Apr 07, 2023 4:27:32 PM org.openqa.selenium.devtools.CdpVersionFinder findNearestMatch
WARNING: Unable to find an exact match for CDP version 111, so returning the closest version found: a no-op implementation
Apr 07, 2023 4:27:32 PM org.openqa.selenium.devtools.CdpVersionFinder findNearestMatch
INFO: Unable to find CDP implementation matching 111.
Apr 07, 2023 4:27:32 PM org.openqa.selenium.chromium.ChromiumDriver lambda$new$3
WARNING: Unable to find version of CDP to use for . You may need to include a dependency on a specific version of the CDP using something similar to `org.seleniumhq.selenium:selenium-devtools-v86:4.1.2` where the version ("v86") matches the version of the chromium-based browser you're using and the version number of the artifact is the same as Selenium's.
]]></system-err>
  </testcase>
  <testcase name="Fitur Menu Baby #26" classname="Baby" time="15.263">
    <system-out><![CDATA[
Scenario Outline: Fitur Menu Baby &amp#27;[90m# src/test/resources/features/Baby.feature:38&amp#27;[0m
16:27:50.418 [main] INFO io.cucumber.core.plugin.SerenityReporter - Running feature from file:///C:/Users/alwi/IdeaProjects/uniqloweb/src/test/resources/features/Baby.feature
16:27:50.562 [main] DEBUG io.github.bonigarcia.wdm.cache.ResolutionCache - Resolution edge=111 in cache (valid until 17:21:26 07/04/2023 WIB)
16:27:50.567 [main] DEBUG io.github.bonigarcia.wdm.cache.ResolutionCache - Resolution edge111=111.0.1661.62 in cache (valid until 15:02:35 08/04/2023 WIB)
16:27:50.573 [main] INFO io.github.bonigarcia.wdm.WebDriverManager - Using msedgedriver 111.0.1661.62 (resolved driver for Edge 111)
16:27:50.590 [main] DEBUG io.github.bonigarcia.wdm.WebDriverManager - Driver msedgedriver 111.0.1661.62 found in cache
16:27:50.590 [main] INFO io.github.bonigarcia.wdm.WebDriverManager - Exporting webdriver.edge.driver as C:\Users\alwi\.cache\selenium\msedgedriver\win64\111.0.1661.62\msedgedriver.exe
16:27:50.592 [main] DEBUG net.serenitybdd.core.webdriver.driverproviders.ProvideNewDriver - Instantiating driver
16:27:50.592 [main] DEBUG net.serenitybdd.core.webdriver.driverproviders.ProvideNewDriver - Driver capabilities: Capabilities {base.url: https://www.uniqlo.com, chrome.driver: src/test/resources/webdrive..., driver: edge, ms:edgeChromium: true, ms:edgeOptions: {}, wait.for.timeout: 6000}
16:27:51.133 [AsyncHttpClient-1-13] DEBUG org.asynchttpclient.netty.channel.NettyConnectListener - Using new Channel '[id: 0x73bc21b4, L:/127.0.0.1:62178 - R:localhost/127.0.0.1:49970]' for 'POST' to '/session'
16:27:51.784 [AsyncHttpClient-1-13] DEBUG org.asynchttpclient.netty.handler.HttpHandler - 

Request DefaultHttpRequest(decodeResult: success, version: HTTP/1.1)
POST /session HTTP/1.1
User-Agent: selenium/4.1.2 (java windows)
Content-Length: 627
Content-Type: application/json; charset=utf-8
host: localhost:49970
accept: */*

Response DefaultHttpResponse(decodeResult: success, version: HTTP/1.1)
HTTP/1.1 200 OK
Content-Type: application/json; charset=utf-8
cache-control: no-cache
content-length: 823

16:27:51.784 [AsyncHttpClient-1-13] DEBUG org.asynchttpclient.netty.channel.ChannelManager - Adding key: http://localhost:49970 for channel [id: 0x73bc21b4, L:/127.0.0.1:62178 - R:localhost/127.0.0.1:49970]
16:27:51.791 [AsyncHttpClient-1-14] DEBUG org.asynchttpclient.netty.channel.NettyConnectListener - Using new Channel '[id: 0xbb2425f9, L:/127.0.0.1:62185 - R:localhost/127.0.0.1:62179]' for 'GET' to '/json/version'
16:27:51.791 [AsyncHttpClient-1-14] DEBUG org.asynchttpclient.netty.handler.HttpHandler - 

Request DefaultFullHttpRequest(decodeResult: success, version: HTTP/1.1, content: EmptyByteBufBE)
GET /json/version HTTP/1.1
User-Agent: selenium/4.1.2 (java windows)
host: localhost:62179
accept: */*

Response DefaultHttpResponse(decodeResult: success, version: HTTP/1.1)
HTTP/1.1 200 OK
Content-Security-Policy: frame-ancestors 'none'
Content-Type: application/json; charset=UTF-8
content-length: 436

16:27:51.792 [AsyncHttpClient-1-14] DEBUG org.asynchttpclient.netty.channel.ChannelManager - Adding key: http://localhost:62179 for channel [id: 0xbb2425f9, L:/127.0.0.1:62185 - R:localhost/127.0.0.1:62179]
16:27:51.794 [AsyncHttpClient-1-15] DEBUG org.asynchttpclient.netty.channel.NettyConnectListener - Using new Channel '[id: 0x66987b42, L:/127.0.0.1:62186 - R:localhost/127.0.0.1:62179]' for 'GET' to '/devtools/browser/5457cf9d-2204-465c-be13-1b4eacd22dc0'
16:27:51.795 [AsyncHttpClient-1-15] DEBUG org.asynchttpclient.netty.handler.WebSocketHandler - 

Request DefaultFullHttpRequest(decodeResult: success, version: HTTP/1.1, content: EmptyByteBufBE)
GET /devtools/browser/5457cf9d-2204-465c-be13-1b4eacd22dc0 HTTP/1.1
upgrade: websocket
connection: upgrade
sec-websocket-key: QPcYF8A7HHdXKSuLzS9O4A==
sec-websocket-version: 13
origin: http://localhost:62179
host: localhost:62179
accept: */*
user-agent: AHC/2.1

Response DefaultHttpResponse(decodeResult: success, version: HTTP/1.1)
HTTP/1.1 101 WebSocket Protocol Handshake
Upgrade: WebSocket
Connection: Upgrade
Sec-WebSocket-Accept: si3HAOIVhv2EhcXprbPBL/Yed2Y=

16:27:51.802 [Forwarding get on session 6980b3a1cea8362b1b82377a2500ce67 to remote] DEBUG org.asynchttpclient.netty.request.NettyRequestSender - Using pooled Channel '[id: 0x73bc21b4, L:/127.0.0.1:62178 - R:localhost/127.0.0.1:49970]' for 'POST' to 'http://localhost:49970/session/6980b3a1cea8362b1b82377a2500ce67/url'
16:27:51.802 [Forwarding get on session 6980b3a1cea8362b1b82377a2500ce67 to remote] DEBUG org.asynchttpclient.netty.request.NettyRequestSender - Using open Channel [id: 0x73bc21b4, L:/127.0.0.1:62178 - R:localhost/127.0.0.1:49970] for POST '/session/6980b3a1cea8362b1b82377a2500ce67/url'
16:27:52.568 [AsyncHttpClient-1-1] DEBUG org.asynchttpclient.netty.channel.DefaultChannelPool - Entry count for : http://localhost:62179 : 1
16:27:53.665 [AsyncHttpClient-1-1] DEBUG org.asynchttpclient.netty.channel.DefaultChannelPool - Entry count for : http://localhost:62179 : 1
16:27:54.767 [AsyncHttpClient-1-1] DEBUG org.asynchttpclient.netty.channel.DefaultChannelPool - Entry count for : http://localhost:62179 : 1
16:27:55.871 [AsyncHttpClient-1-1] DEBUG org.asynchttpclient.netty.channel.DefaultChannelPool - Entry count for : http://localhost:62179 : 1
16:27:56.965 [AsyncHttpClient-1-1] DEBUG org.asynchttpclient.netty.channel.DefaultChannelPool - Entry count for : http://localhost:62179 : 1
16:27:58.066 [AsyncHttpClient-1-1] DEBUG org.asynchttpclient.netty.channel.DefaultChannelPool - Entry count for : http://localhost:62179 : 1
16:27:59.167 [AsyncHttpClient-1-1] DEBUG org.asynchttpclient.netty.channel.DefaultChannelPool - Entry count for : http://localhost:62179 : 1
16:28:00.271 [AsyncHttpClient-1-1] DEBUG org.asynchttpclient.netty.channel.DefaultChannelPool - Entry count for : http://localhost:62179 : 1
16:28:01.366 [AsyncHttpClient-1-1] DEBUG org.asynchttpclient.netty.channel.DefaultChannelPool - Entry count for : http://localhost:62179 : 1
16:28:01.930 [AsyncHttpClient-1-13] DEBUG org.asynchttpclient.netty.handler.HttpHandler - 

Request DefaultHttpRequest(decodeResult: success, version: HTTP/1.1)
POST /session/6980b3a1cea8362b1b82377a2500ce67/url HTTP/1.1
User-Agent: selenium/4.1.2 (java windows)
Content-Length: 53
Content-Type: application/json; charset=utf-8
host: localhost:49970
accept: */*

Response DefaultHttpResponse(decodeResult: success, version: HTTP/1.1)
HTTP/1.1 200 OK
Content-Type: application/json; charset=utf-8
cache-control: no-cache
content-length: 14

16:28:01.930 [AsyncHttpClient-1-13] DEBUG org.asynchttpclient.netty.channel.ChannelManager - Adding key: http://localhost:49970 for channel [id: 0x73bc21b4, L:/127.0.0.1:62178 - R:localhost/127.0.0.1:49970]
16:28:01.933 [Forwarding setTimeout on session 6980b3a1cea8362b1b82377a2500ce67 to remote] DEBUG org.asynchttpclient.netty.request.NettyRequestSender - Using pooled Channel '[id: 0x73bc21b4, L:/127.0.0.1:62178 - R:localhost/127.0.0.1:49970]' for 'POST' to 'http://localhost:49970/session/6980b3a1cea8362b1b82377a2500ce67/timeouts'
16:28:01.933 [Forwarding setTimeout on session 6980b3a1cea8362b1b82377a2500ce67 to remote] DEBUG org.asynchttpclient.netty.request.NettyRequestSender - Using open Channel [id: 0x73bc21b4, L:/127.0.0.1:62178 - R:localhost/127.0.0.1:49970] for POST '/session/6980b3a1cea8362b1b82377a2500ce67/timeouts'
16:28:01.934 [AsyncHttpClient-1-13] DEBUG org.asynchttpclient.netty.handler.HttpHandler - 

Request DefaultHttpRequest(decodeResult: success, version: HTTP/1.1)
POST /session/6980b3a1cea8362b1b82377a2500ce67/timeouts HTTP/1.1
User-Agent: selenium/4.1.2 (java windows)
Content-Length: 22
Content-Type: application/json; charset=utf-8
host: localhost:49970
accept: */*

Response DefaultHttpResponse(decodeResult: success, version: HTTP/1.1)
HTTP/1.1 200 OK
Content-Type: application/json; charset=utf-8
cache-control: no-cache
content-length: 14

16:28:01.934 [AsyncHttpClient-1-13] DEBUG org.asynchttpclient.netty.channel.ChannelManager - Adding key: http://localhost:49970 for channel [id: 0x73bc21b4, L:/127.0.0.1:62178 - R:localhost/127.0.0.1:49970]
16:28:01.938 [Forwarding getCurrentUrl on session 6980b3a1cea8362b1b82377a2500ce67 to remote] DEBUG org.asynchttpclient.netty.request.NettyRequestSender - Using pooled Channel '[id: 0x73bc21b4, L:/127.0.0.1:62178 - R:localhost/127.0.0.1:49970]' for 'GET' to 'http://localhost:49970/session/6980b3a1cea8362b1b82377a2500ce67/url'
16:28:01.938 [Forwarding getCurrentUrl on session 6980b3a1cea8362b1b82377a2500ce67 to remote] DEBUG org.asynchttpclient.netty.request.NettyRequestSender - Using open Channel [id: 0x73bc21b4, L:/127.0.0.1:62178 - R:localhost/127.0.0.1:49970] for GET '/session/6980b3a1cea8362b1b82377a2500ce67/url'
16:28:01.948 [AsyncHttpClient-1-13] DEBUG org.asynchttpclient.netty.handler.HttpHandler - 

Request DefaultFullHttpRequest(decodeResult: success, version: HTTP/1.1, content: EmptyByteBufBE)
GET /session/6980b3a1cea8362b1b82377a2500ce67/url HTTP/1.1
User-Agent: selenium/4.1.2 (java windows)
Cache-Control: no-cache
Content-Type: application/json; charset=utf-8
host: localhost:49970
accept: */*

Response DefaultHttpResponse(decodeResult: success, version: HTTP/1.1)
HTTP/1.1 200 OK
Content-Type: application/json; charset=utf-8
cache-control: no-cache
content-length: 41

16:28:01.948 [AsyncHttpClient-1-13] DEBUG org.asynchttpclient.netty.channel.ChannelManager - Adding key: http://localhost:49970 for channel [id: 0x73bc21b4, L:/127.0.0.1:62178 - R:localhost/127.0.0.1:49970]
  &amp#27;[32mGiven &amp#27;[0m&amp#27;[32mI am on the home page&amp#27;[0m     &amp#27;[90m# starter.stepdefinitions.BabyStep.iAmOnTheHomePage()&amp#27;[0m
16:28:01.951 [Forwarding screenshot on session 6980b3a1cea8362b1b82377a2500ce67 to remote] DEBUG org.asynchttpclient.netty.request.NettyRequestSender - Using pooled Channel '[id: 0x73bc21b4, L:/127.0.0.1:62178 - R:localhost/127.0.0.1:49970]' for 'GET' to 'http://localhost:49970/session/6980b3a1cea8362b1b82377a2500ce67/screenshot'
16:28:01.951 [Forwarding screenshot on session 6980b3a1cea8362b1b82377a2500ce67 to remote] DEBUG org.asynchttpclient.netty.request.NettyRequestSender - Using open Channel [id: 0x73bc21b4, L:/127.0.0.1:62178 - R:localhost/127.0.0.1:49970] for GET '/session/6980b3a1cea8362b1b82377a2500ce67/screenshot'
16:28:02.309 [AsyncHttpClient-1-13] DEBUG org.asynchttpclient.netty.handler.HttpHandler - 

Request DefaultFullHttpRequest(decodeResult: success, version: HTTP/1.1, content: EmptyByteBufBE)
GET /session/6980b3a1cea8362b1b82377a2500ce67/screenshot HTTP/1.1
User-Agent: selenium/4.1.2 (java windows)
Cache-Control: no-cache
Content-Type: application/json; charset=utf-8
host: localhost:49970
accept: */*

Response DefaultHttpResponse(decodeResult: success, version: HTTP/1.1)
HTTP/1.1 200 OK
Content-Type: application/json; charset=utf-8
cache-control: no-cache
content-length: 1022316

16:28:02.312 [AsyncHttpClient-1-13] DEBUG org.asynchttpclient.netty.channel.ChannelManager - Adding key: http://localhost:49970 for channel [id: 0x73bc21b4, L:/127.0.0.1:62178 - R:localhost/127.0.0.1:49970]
16:28:02.346 [main] DEBUG net.serenitybdd.core.photography.Darkroom - Send negative for processing for target\site\serenity\b0ddf3608b8f51a6a3adc36e4acd901b7a2c5b7adc6fd42a924a7c7a6358c0ea.png
16:28:02.365 [Forwarding findElement on session 6980b3a1cea8362b1b82377a2500ce67 to remote] DEBUG org.asynchttpclient.netty.request.NettyRequestSender - Using pooled Channel '[id: 0x73bc21b4, L:/127.0.0.1:62178 - R:localhost/127.0.0.1:49970]' for 'POST' to 'http://localhost:49970/session/6980b3a1cea8362b1b82377a2500ce67/element'
16:28:02.365 [Forwarding findElement on session 6980b3a1cea8362b1b82377a2500ce67 to remote] DEBUG org.asynchttpclient.netty.request.NettyRequestSender - Using open Channel [id: 0x73bc21b4, L:/127.0.0.1:62178 - R:localhost/127.0.0.1:49970] for POST '/session/6980b3a1cea8362b1b82377a2500ce67/element'
16:28:02.379 [AsyncHttpClient-1-13] DEBUG org.asynchttpclient.netty.handler.HttpHandler - 

Request DefaultHttpRequest(decodeResult: success, version: HTTP/1.1)
POST /session/6980b3a1cea8362b1b82377a2500ce67/element HTTP/1.1
User-Agent: selenium/4.1.2 (java windows)
Content-Length: 81
Content-Type: application/json; charset=utf-8
host: localhost:49970
accept: */*

Response DefaultHttpResponse(decodeResult: success, version: HTTP/1.1)
HTTP/1.1 200 OK
Content-Type: application/json; charset=utf-8
cache-control: no-cache
content-length: 88

16:28:02.379 [AsyncHttpClient-1-13] DEBUG org.asynchttpclient.netty.channel.ChannelManager - Adding key: http://localhost:49970 for channel [id: 0x73bc21b4, L:/127.0.0.1:62178 - R:localhost/127.0.0.1:49970]
16:28:02.381 [Forwarding getElementTagName on session 6980b3a1cea8362b1b82377a2500ce67 to remote] DEBUG org.asynchttpclient.netty.request.NettyRequestSender - Using pooled Channel '[id: 0x73bc21b4, L:/127.0.0.1:62178 - R:localhost/127.0.0.1:49970]' for 'GET' to 'http://localhost:49970/session/6980b3a1cea8362b1b82377a2500ce67/element/c8bae343-c0a6-4597-a4fa-367512542c0a/name'
16:28:02.381 [Forwarding getElementTagName on session 6980b3a1cea8362b1b82377a2500ce67 to remote] DEBUG org.asynchttpclient.netty.request.NettyRequestSender - Using open Channel [id: 0x73bc21b4, L:/127.0.0.1:62178 - R:localhost/127.0.0.1:49970] for GET '/session/6980b3a1cea8362b1b82377a2500ce67/element/c8bae343-c0a6-4597-a4fa-367512542c0a/name'
16:28:02.384 [AsyncHttpClient-1-13] DEBUG org.asynchttpclient.netty.handler.HttpHandler - 

Request DefaultFullHttpRequest(decodeResult: success, version: HTTP/1.1, content: EmptyByteBufBE)
GET /session/6980b3a1cea8362b1b82377a2500ce67/element/c8bae343-c0a6-4597-a4fa-367512542c0a/name HTTP/1.1
User-Agent: selenium/4.1.2 (java windows)
Cache-Control: no-cache
Content-Type: application/json; charset=utf-8
host: localhost:49970
accept: */*

Response DefaultHttpResponse(decodeResult: success, version: HTTP/1.1)
HTTP/1.1 200 OK
Content-Type: application/json; charset=utf-8
cache-control: no-cache
content-length: 16

16:28:02.385 [AsyncHttpClient-1-13] DEBUG org.asynchttpclient.netty.channel.ChannelManager - Adding key: http://localhost:49970 for channel [id: 0x73bc21b4, L:/127.0.0.1:62178 - R:localhost/127.0.0.1:49970]
16:28:02.386 [Forwarding getElementTagName on session 6980b3a1cea8362b1b82377a2500ce67 to remote] DEBUG org.asynchttpclient.netty.request.NettyRequestSender - Using pooled Channel '[id: 0x73bc21b4, L:/127.0.0.1:62178 - R:localhost/127.0.0.1:49970]' for 'GET' to 'http://localhost:49970/session/6980b3a1cea8362b1b82377a2500ce67/element/c8bae343-c0a6-4597-a4fa-367512542c0a/name'
16:28:02.386 [Forwarding getElementTagName on session 6980b3a1cea8362b1b82377a2500ce67 to remote] DEBUG org.asynchttpclient.netty.request.NettyRequestSender - Using open Channel [id: 0x73bc21b4, L:/127.0.0.1:62178 - R:localhost/127.0.0.1:49970] for GET '/session/6980b3a1cea8362b1b82377a2500ce67/element/c8bae343-c0a6-4597-a4fa-367512542c0a/name'
16:28:02.389 [AsyncHttpClient-1-13] DEBUG org.asynchttpclient.netty.handler.HttpHandler - 

Request DefaultFullHttpRequest(decodeResult: success, version: HTTP/1.1, content: EmptyByteBufBE)
GET /session/6980b3a1cea8362b1b82377a2500ce67/element/c8bae343-c0a6-4597-a4fa-367512542c0a/name HTTP/1.1
User-Agent: selenium/4.1.2 (java windows)
Cache-Control: no-cache
Content-Type: application/json; charset=utf-8
host: localhost:49970
accept: */*

Response DefaultHttpResponse(decodeResult: success, version: HTTP/1.1)
HTTP/1.1 200 OK
Content-Type: application/json; charset=utf-8
cache-control: no-cache
content-length: 16

16:28:02.389 [AsyncHttpClient-1-13] DEBUG org.asynchttpclient.netty.channel.ChannelManager - Adding key: http://localhost:49970 for channel [id: 0x73bc21b4, L:/127.0.0.1:62178 - R:localhost/127.0.0.1:49970]
16:28:02.390 [Forwarding findElement on session 6980b3a1cea8362b1b82377a2500ce67 to remote] DEBUG org.asynchttpclient.netty.request.NettyRequestSender - Using pooled Channel '[id: 0x73bc21b4, L:/127.0.0.1:62178 - R:localhost/127.0.0.1:49970]' for 'POST' to 'http://localhost:49970/session/6980b3a1cea8362b1b82377a2500ce67/element'
16:28:02.390 [Forwarding findElement on session 6980b3a1cea8362b1b82377a2500ce67 to remote] DEBUG org.asynchttpclient.netty.request.NettyRequestSender - Using open Channel [id: 0x73bc21b4, L:/127.0.0.1:62178 - R:localhost/127.0.0.1:49970] for POST '/session/6980b3a1cea8362b1b82377a2500ce67/element'
16:28:02.399 [AsyncHttpClient-1-13] DEBUG org.asynchttpclient.netty.handler.HttpHandler - 

Request DefaultHttpRequest(decodeResult: success, version: HTTP/1.1)
POST /session/6980b3a1cea8362b1b82377a2500ce67/element HTTP/1.1
User-Agent: selenium/4.1.2 (java windows)
Content-Length: 81
Content-Type: application/json; charset=utf-8
host: localhost:49970
accept: */*

Response DefaultHttpResponse(decodeResult: success, version: HTTP/1.1)
HTTP/1.1 200 OK
Content-Type: application/json; charset=utf-8
cache-control: no-cache
content-length: 88

16:28:02.399 [AsyncHttpClient-1-13] DEBUG org.asynchttpclient.netty.channel.ChannelManager - Adding key: http://localhost:49970 for channel [id: 0x73bc21b4, L:/127.0.0.1:62178 - R:localhost/127.0.0.1:49970]
16:28:02.400 [Forwarding clickElement on session 6980b3a1cea8362b1b82377a2500ce67 to remote] DEBUG org.asynchttpclient.netty.request.NettyRequestSender - Using pooled Channel '[id: 0x73bc21b4, L:/127.0.0.1:62178 - R:localhost/127.0.0.1:49970]' for 'POST' to 'http://localhost:49970/session/6980b3a1cea8362b1b82377a2500ce67/element/c8bae343-c0a6-4597-a4fa-367512542c0a/click'
16:28:02.400 [Forwarding clickElement on session 6980b3a1cea8362b1b82377a2500ce67 to remote] DEBUG org.asynchttpclient.netty.request.NettyRequestSender - Using open Channel [id: 0x73bc21b4, L:/127.0.0.1:62178 - R:localhost/127.0.0.1:49970] for POST '/session/6980b3a1cea8362b1b82377a2500ce67/element/c8bae343-c0a6-4597-a4fa-367512542c0a/click'
16:28:02.465 [AsyncHttpClient-1-1] DEBUG org.asynchttpclient.netty.channel.DefaultChannelPool - Entry count for : http://localhost:62179 : 1
16:28:03.028 [AsyncHttpClient-1-13] DEBUG org.asynchttpclient.netty.handler.HttpHandler - 

Request DefaultHttpRequest(decodeResult: success, version: HTTP/1.1)
POST /session/6980b3a1cea8362b1b82377a2500ce67/element/c8bae343-c0a6-4597-a4fa-367512542c0a/click HTTP/1.1
User-Agent: selenium/4.1.2 (java windows)
Content-Length: 50
Content-Type: application/json; charset=utf-8
host: localhost:49970
accept: */*

Response DefaultHttpResponse(decodeResult: success, version: HTTP/1.1)
HTTP/1.1 200 OK
Content-Type: application/json; charset=utf-8
cache-control: no-cache
content-length: 14

16:28:03.029 [AsyncHttpClient-1-13] DEBUG org.asynchttpclient.netty.channel.ChannelManager - Adding key: http://localhost:49970 for channel [id: 0x73bc21b4, L:/127.0.0.1:62178 - R:localhost/127.0.0.1:49970]
  &amp#27;[32mThen &amp#27;[0m&amp#27;[32mI click baby on the header&amp#27;[0m &amp#27;[90m# starter.stepdefinitions.BabyStep.iClickBabyOnTheHeader()&amp#27;[0m
16:28:03.040 [Forwarding screenshot on session 6980b3a1cea8362b1b82377a2500ce67 to remote] DEBUG org.asynchttpclient.netty.request.NettyRequestSender - Using pooled Channel '[id: 0x73bc21b4, L:/127.0.0.1:62178 - R:localhost/127.0.0.1:49970]' for 'GET' to 'http://localhost:49970/session/6980b3a1cea8362b1b82377a2500ce67/screenshot'
16:28:03.040 [Forwarding screenshot on session 6980b3a1cea8362b1b82377a2500ce67 to remote] DEBUG org.asynchttpclient.netty.request.NettyRequestSender - Using open Channel [id: 0x73bc21b4, L:/127.0.0.1:62178 - R:localhost/127.0.0.1:49970] for GET '/session/6980b3a1cea8362b1b82377a2500ce67/screenshot'
16:28:03.570 [AsyncHttpClient-1-1] DEBUG org.asynchttpclient.netty.channel.DefaultChannelPool - Entry count for : http://localhost:62179 : 1
16:28:03.971 [AsyncHttpClient-1-13] DEBUG org.asynchttpclient.netty.handler.HttpHandler - 

Request DefaultFullHttpRequest(decodeResult: success, version: HTTP/1.1, content: EmptyByteBufBE)
GET /session/6980b3a1cea8362b1b82377a2500ce67/screenshot HTTP/1.1
User-Agent: selenium/4.1.2 (java windows)
Cache-Control: no-cache
Content-Type: application/json; charset=utf-8
host: localhost:49970
accept: */*

Response DefaultHttpResponse(decodeResult: success, version: HTTP/1.1)
HTTP/1.1 200 OK
Content-Type: application/json; charset=utf-8
cache-control: no-cache
content-length: 137764

16:28:03.971 [AsyncHttpClient-1-13] DEBUG org.asynchttpclient.netty.channel.ChannelManager - Adding key: http://localhost:49970 for channel [id: 0x73bc21b4, L:/127.0.0.1:62178 - R:localhost/127.0.0.1:49970]
16:28:03.976 [main] DEBUG net.serenitybdd.core.photography.Darkroom - Send negative for processing for target\site\serenity\700a407787ca2223b1736872d406057e4da109e0a3ac7172c4cb2940dd8db942.png
16:28:03.976 [Darkroom Processing Line] DEBUG net.serenitybdd.core.photography.DarkroomProcessingLine - Processing screenshot image in /var/screenshots/screenshot-12056065815174923230
16:28:03.976 [Darkroom Processing Line] DEBUG net.serenitybdd.core.photography.DarkroomProcessingLine - Saving screenshot to target\site\serenity\700a407787ca2223b1736872d406057e4da109e0a3ac7172c4cb2940dd8db942.png
16:28:03.985 [Forwarding findElement on session 6980b3a1cea8362b1b82377a2500ce67 to remote] DEBUG org.asynchttpclient.netty.request.NettyRequestSender - Using pooled Channel '[id: 0x73bc21b4, L:/127.0.0.1:62178 - R:localhost/127.0.0.1:49970]' for 'POST' to 'http://localhost:49970/session/6980b3a1cea8362b1b82377a2500ce67/element'
16:28:03.985 [Forwarding findElement on session 6980b3a1cea8362b1b82377a2500ce67 to remote] DEBUG org.asynchttpclient.netty.request.NettyRequestSender - Using open Channel [id: 0x73bc21b4, L:/127.0.0.1:62178 - R:localhost/127.0.0.1:49970] for POST '/session/6980b3a1cea8362b1b82377a2500ce67/element'
16:28:04.000 [AsyncHttpClient-1-13] DEBUG org.asynchttpclient.netty.handler.HttpHandler - 

Request DefaultHttpRequest(decodeResult: success, version: HTTP/1.1)
POST /session/6980b3a1cea8362b1b82377a2500ce67/element HTTP/1.1
User-Agent: selenium/4.1.2 (java windows)
Content-Length: 107
Content-Type: application/json; charset=utf-8
host: localhost:49970
accept: */*

Response DefaultHttpResponse(decodeResult: success, version: HTTP/1.1)
HTTP/1.1 200 OK
Content-Type: application/json; charset=utf-8
cache-control: no-cache
content-length: 88

16:28:04.000 [AsyncHttpClient-1-13] DEBUG org.asynchttpclient.netty.channel.ChannelManager - Adding key: http://localhost:49970 for channel [id: 0x73bc21b4, L:/127.0.0.1:62178 - R:localhost/127.0.0.1:49970]
16:28:04.002 [Forwarding getElementTagName on session 6980b3a1cea8362b1b82377a2500ce67 to remote] DEBUG org.asynchttpclient.netty.request.NettyRequestSender - Using pooled Channel '[id: 0x73bc21b4, L:/127.0.0.1:62178 - R:localhost/127.0.0.1:49970]' for 'GET' to 'http://localhost:49970/session/6980b3a1cea8362b1b82377a2500ce67/element/4e16ea5e-f038-44fa-9b6c-429e72bf4b5e/name'
16:28:04.002 [Forwarding getElementTagName on session 6980b3a1cea8362b1b82377a2500ce67 to remote] DEBUG org.asynchttpclient.netty.request.NettyRequestSender - Using open Channel [id: 0x73bc21b4, L:/127.0.0.1:62178 - R:localhost/127.0.0.1:49970] for GET '/session/6980b3a1cea8362b1b82377a2500ce67/element/4e16ea5e-f038-44fa-9b6c-429e72bf4b5e/name'
16:28:04.005 [AsyncHttpClient-1-13] DEBUG org.asynchttpclient.netty.handler.HttpHandler - 

Request DefaultFullHttpRequest(decodeResult: success, version: HTTP/1.1, content: EmptyByteBufBE)
GET /session/6980b3a1cea8362b1b82377a2500ce67/element/4e16ea5e-f038-44fa-9b6c-429e72bf4b5e/name HTTP/1.1
User-Agent: selenium/4.1.2 (java windows)
Cache-Control: no-cache
Content-Type: application/json; charset=utf-8
host: localhost:49970
accept: */*

Response DefaultHttpResponse(decodeResult: success, version: HTTP/1.1)
HTTP/1.1 200 OK
Content-Type: application/json; charset=utf-8
cache-control: no-cache
content-length: 16

16:28:04.005 [AsyncHttpClient-1-13] DEBUG org.asynchttpclient.netty.channel.ChannelManager - Adding key: http://localhost:49970 for channel [id: 0x73bc21b4, L:/127.0.0.1:62178 - R:localhost/127.0.0.1:49970]
16:28:04.006 [Forwarding getElementTagName on session 6980b3a1cea8362b1b82377a2500ce67 to remote] DEBUG org.asynchttpclient.netty.request.NettyRequestSender - Using pooled Channel '[id: 0x73bc21b4, L:/127.0.0.1:62178 - R:localhost/127.0.0.1:49970]' for 'GET' to 'http://localhost:49970/session/6980b3a1cea8362b1b82377a2500ce67/element/4e16ea5e-f038-44fa-9b6c-429e72bf4b5e/name'
16:28:04.006 [Forwarding getElementTagName on session 6980b3a1cea8362b1b82377a2500ce67 to remote] DEBUG org.asynchttpclient.netty.request.NettyRequestSender - Using open Channel [id: 0x73bc21b4, L:/127.0.0.1:62178 - R:localhost/127.0.0.1:49970] for GET '/session/6980b3a1cea8362b1b82377a2500ce67/element/4e16ea5e-f038-44fa-9b6c-429e72bf4b5e/name'
16:28:04.010 [AsyncHttpClient-1-13] DEBUG org.asynchttpclient.netty.handler.HttpHandler - 

Request DefaultFullHttpRequest(decodeResult: success, version: HTTP/1.1, content: EmptyByteBufBE)
GET /session/6980b3a1cea8362b1b82377a2500ce67/element/4e16ea5e-f038-44fa-9b6c-429e72bf4b5e/name HTTP/1.1
User-Agent: selenium/4.1.2 (java windows)
Cache-Control: no-cache
Content-Type: application/json; charset=utf-8
host: localhost:49970
accept: */*

Response DefaultHttpResponse(decodeResult: success, version: HTTP/1.1)
HTTP/1.1 200 OK
Content-Type: application/json; charset=utf-8
cache-control: no-cache
content-length: 16

16:28:04.010 [AsyncHttpClient-1-13] DEBUG org.asynchttpclient.netty.channel.ChannelManager - Adding key: http://localhost:49970 for channel [id: 0x73bc21b4, L:/127.0.0.1:62178 - R:localhost/127.0.0.1:49970]
16:28:04.014 [Forwarding findElement on session 6980b3a1cea8362b1b82377a2500ce67 to remote] DEBUG org.asynchttpclient.netty.request.NettyRequestSender - Using pooled Channel '[id: 0x73bc21b4, L:/127.0.0.1:62178 - R:localhost/127.0.0.1:49970]' for 'POST' to 'http://localhost:49970/session/6980b3a1cea8362b1b82377a2500ce67/element'
16:28:04.014 [Forwarding findElement on session 6980b3a1cea8362b1b82377a2500ce67 to remote] DEBUG org.asynchttpclient.netty.request.NettyRequestSender - Using open Channel [id: 0x73bc21b4, L:/127.0.0.1:62178 - R:localhost/127.0.0.1:49970] for POST '/session/6980b3a1cea8362b1b82377a2500ce67/element'
16:28:04.026 [AsyncHttpClient-1-13] DEBUG org.asynchttpclient.netty.handler.HttpHandler - 

Request DefaultHttpRequest(decodeResult: success, version: HTTP/1.1)
POST /session/6980b3a1cea8362b1b82377a2500ce67/element HTTP/1.1
User-Agent: selenium/4.1.2 (java windows)
Content-Length: 107
Content-Type: application/json; charset=utf-8
host: localhost:49970
accept: */*

Response DefaultHttpResponse(decodeResult: success, version: HTTP/1.1)
HTTP/1.1 200 OK
Content-Type: application/json; charset=utf-8
cache-control: no-cache
content-length: 88

16:28:04.026 [AsyncHttpClient-1-13] DEBUG org.asynchttpclient.netty.channel.ChannelManager - Adding key: http://localhost:49970 for channel [id: 0x73bc21b4, L:/127.0.0.1:62178 - R:localhost/127.0.0.1:49970]
16:28:04.028 [Forwarding clickElement on session 6980b3a1cea8362b1b82377a2500ce67 to remote] DEBUG org.asynchttpclient.netty.request.NettyRequestSender - Using pooled Channel '[id: 0x73bc21b4, L:/127.0.0.1:62178 - R:localhost/127.0.0.1:49970]' for 'POST' to 'http://localhost:49970/session/6980b3a1cea8362b1b82377a2500ce67/element/4e16ea5e-f038-44fa-9b6c-429e72bf4b5e/click'
16:28:04.028 [Forwarding clickElement on session 6980b3a1cea8362b1b82377a2500ce67 to remote] DEBUG org.asynchttpclient.netty.request.NettyRequestSender - Using open Channel [id: 0x73bc21b4, L:/127.0.0.1:62178 - R:localhost/127.0.0.1:49970] for POST '/session/6980b3a1cea8362b1b82377a2500ce67/element/4e16ea5e-f038-44fa-9b6c-429e72bf4b5e/click'
16:28:04.325 [AsyncHttpClient-1-13] DEBUG org.asynchttpclient.netty.handler.HttpHandler - 

Request DefaultHttpRequest(decodeResult: success, version: HTTP/1.1)
POST /session/6980b3a1cea8362b1b82377a2500ce67/element/4e16ea5e-f038-44fa-9b6c-429e72bf4b5e/click HTTP/1.1
User-Agent: selenium/4.1.2 (java windows)
Content-Length: 50
Content-Type: application/json; charset=utf-8
host: localhost:49970
accept: */*

Response DefaultHttpResponse(decodeResult: success, version: HTTP/1.1)
HTTP/1.1 200 OK
Content-Type: application/json; charset=utf-8
cache-control: no-cache
content-length: 14

16:28:04.325 [AsyncHttpClient-1-13] DEBUG org.asynchttpclient.netty.channel.ChannelManager - Adding key: http://localhost:49970 for channel [id: 0x73bc21b4, L:/127.0.0.1:62178 - R:localhost/127.0.0.1:49970]
  &amp#27;[32mWhen &amp#27;[0m&amp#27;[32mI will go to &amp#27;[0m&amp#27;[32m&amp#27;[1m"aksesoris3"&amp#27;[0m  &amp#27;[90m# starter.stepdefinitions.BabyStep.iWillGoTo(java.lang.String)&amp#27;[0m
16:28:04.332 [Forwarding screenshot on session 6980b3a1cea8362b1b82377a2500ce67 to remote] DEBUG org.asynchttpclient.netty.request.NettyRequestSender - Using pooled Channel '[id: 0x73bc21b4, L:/127.0.0.1:62178 - R:localhost/127.0.0.1:49970]' for 'GET' to 'http://localhost:49970/session/6980b3a1cea8362b1b82377a2500ce67/screenshot'
16:28:04.332 [Forwarding screenshot on session 6980b3a1cea8362b1b82377a2500ce67 to remote] DEBUG org.asynchttpclient.netty.request.NettyRequestSender - Using open Channel [id: 0x73bc21b4, L:/127.0.0.1:62178 - R:localhost/127.0.0.1:49970] for GET '/session/6980b3a1cea8362b1b82377a2500ce67/screenshot'
16:28:04.666 [AsyncHttpClient-1-1] DEBUG org.asynchttpclient.netty.channel.DefaultChannelPool - Entry count for : http://localhost:62179 : 1
16:28:04.740 [AsyncHttpClient-1-13] DEBUG org.asynchttpclient.netty.handler.HttpHandler - 

Request DefaultFullHttpRequest(decodeResult: success, version: HTTP/1.1, content: EmptyByteBufBE)
GET /session/6980b3a1cea8362b1b82377a2500ce67/screenshot HTTP/1.1
User-Agent: selenium/4.1.2 (java windows)
Cache-Control: no-cache
Content-Type: application/json; charset=utf-8
host: localhost:49970
accept: */*

Response DefaultHttpResponse(decodeResult: success, version: HTTP/1.1)
HTTP/1.1 200 OK
Content-Type: application/json; charset=utf-8
cache-control: no-cache
content-length: 62628

16:28:04.740 [AsyncHttpClient-1-13] DEBUG org.asynchttpclient.netty.channel.ChannelManager - Adding key: http://localhost:49970 for channel [id: 0x73bc21b4, L:/127.0.0.1:62178 - R:localhost/127.0.0.1:49970]
16:28:04.743 [main] DEBUG net.serenitybdd.core.photography.Darkroom - Send negative for processing for target\site\serenity\5464aa0f9718c8cd0d202318c932569282586636ca456c817b1e65b3c20e7c5a.png
16:28:04.744 [Darkroom Processing Line] DEBUG net.serenitybdd.core.photography.DarkroomProcessingLine - Processing screenshot image in /var/screenshots/screenshot-17784155069547862935
16:28:04.744 [Darkroom Processing Line] DEBUG net.serenitybdd.core.photography.DarkroomProcessingLine - Saving screenshot to target\site\serenity\5464aa0f9718c8cd0d202318c932569282586636ca456c817b1e65b3c20e7c5a.png
16:28:04.753 [Forwarding findElement on session 6980b3a1cea8362b1b82377a2500ce67 to remote] DEBUG org.asynchttpclient.netty.request.NettyRequestSender - Using pooled Channel '[id: 0x73bc21b4, L:/127.0.0.1:62178 - R:localhost/127.0.0.1:49970]' for 'POST' to 'http://localhost:49970/session/6980b3a1cea8362b1b82377a2500ce67/element'
16:28:04.753 [Forwarding findElement on session 6980b3a1cea8362b1b82377a2500ce67 to remote] DEBUG org.asynchttpclient.netty.request.NettyRequestSender - Using open Channel [id: 0x73bc21b4, L:/127.0.0.1:62178 - R:localhost/127.0.0.1:49970] for POST '/session/6980b3a1cea8362b1b82377a2500ce67/element'
16:28:04.774 [AsyncHttpClient-1-13] DEBUG org.asynchttpclient.netty.handler.HttpHandler - 

Request DefaultHttpRequest(decodeResult: success, version: HTTP/1.1)
POST /session/6980b3a1cea8362b1b82377a2500ce67/element HTTP/1.1
User-Agent: selenium/4.1.2 (java windows)
Content-Length: 92
Content-Type: application/json; charset=utf-8
host: localhost:49970
accept: */*

Response DefaultHttpResponse(decodeResult: success, version: HTTP/1.1)
HTTP/1.1 200 OK
Content-Type: application/json; charset=utf-8
cache-control: no-cache
content-length: 88

16:28:04.774 [AsyncHttpClient-1-13] DEBUG org.asynchttpclient.netty.channel.ChannelManager - Adding key: http://localhost:49970 for channel [id: 0x73bc21b4, L:/127.0.0.1:62178 - R:localhost/127.0.0.1:49970]
16:28:04.777 [Forwarding isElementDisplayed on session 6980b3a1cea8362b1b82377a2500ce67 to remote] DEBUG org.asynchttpclient.netty.request.NettyRequestSender - Using pooled Channel '[id: 0x73bc21b4, L:/127.0.0.1:62178 - R:localhost/127.0.0.1:49970]' for 'POST' to 'http://localhost:49970/session/6980b3a1cea8362b1b82377a2500ce67/execute/sync'
16:28:04.777 [Forwarding isElementDisplayed on session 6980b3a1cea8362b1b82377a2500ce67 to remote] DEBUG org.asynchttpclient.netty.request.NettyRequestSender - Using open Channel [id: 0x73bc21b4, L:/127.0.0.1:62178 - R:localhost/127.0.0.1:49970] for POST '/session/6980b3a1cea8362b1b82377a2500ce67/execute/sync'
16:28:04.788 [AsyncHttpClient-1-13] DEBUG org.asynchttpclient.netty.handler.HttpHandler - 

Request DefaultHttpRequest(decodeResult: success, version: HTTP/1.1)
POST /session/6980b3a1cea8362b1b82377a2500ce67/execute/sync HTTP/1.1
User-Agent: selenium/4.1.2 (java windows)
Content-Length: 48780
Content-Type: application/json; charset=utf-8
host: localhost:49970
accept: */*

Response DefaultHttpResponse(decodeResult: success, version: HTTP/1.1)
HTTP/1.1 200 OK
Content-Type: application/json; charset=utf-8
cache-control: no-cache
content-length: 14

16:28:04.788 [AsyncHttpClient-1-13] DEBUG org.asynchttpclient.netty.channel.ChannelManager - Adding key: http://localhost:49970 for channel [id: 0x73bc21b4, L:/127.0.0.1:62178 - R:localhost/127.0.0.1:49970]
  &amp#27;[32mAnd &amp#27;[0m&amp#27;[32mI &amp#27;[0m&amp#27;[32m&amp#27;[1m"txtAksesoris3"&amp#27;[0m&amp#27;[32m page&amp#27;[0m      &amp#27;[90m# starter.stepdefinitions.BabyStep.iPage(java.lang.String)&amp#27;[0m
16:28:04.793 [Forwarding screenshot on session 6980b3a1cea8362b1b82377a2500ce67 to remote] DEBUG org.asynchttpclient.netty.request.NettyRequestSender - Using pooled Channel '[id: 0x73bc21b4, L:/127.0.0.1:62178 - R:localhost/127.0.0.1:49970]' for 'GET' to 'http://localhost:49970/session/6980b3a1cea8362b1b82377a2500ce67/screenshot'
16:28:04.793 [Forwarding screenshot on session 6980b3a1cea8362b1b82377a2500ce67 to remote] DEBUG org.asynchttpclient.netty.request.NettyRequestSender - Using open Channel [id: 0x73bc21b4, L:/127.0.0.1:62178 - R:localhost/127.0.0.1:49970] for GET '/session/6980b3a1cea8362b1b82377a2500ce67/screenshot'
16:28:04.926 [AsyncHttpClient-1-13] DEBUG org.asynchttpclient.netty.handler.HttpHandler - 

Request DefaultFullHttpRequest(decodeResult: success, version: HTTP/1.1, content: EmptyByteBufBE)
GET /session/6980b3a1cea8362b1b82377a2500ce67/screenshot HTTP/1.1
User-Agent: selenium/4.1.2 (java windows)
Cache-Control: no-cache
Content-Type: application/json; charset=utf-8
host: localhost:49970
accept: */*

Response DefaultHttpResponse(decodeResult: success, version: HTTP/1.1)
HTTP/1.1 200 OK
Content-Type: application/json; charset=utf-8
cache-control: no-cache
content-length: 62628

16:28:04.926 [AsyncHttpClient-1-13] DEBUG org.asynchttpclient.netty.channel.ChannelManager - Adding key: http://localhost:49970 for channel [id: 0x73bc21b4, L:/127.0.0.1:62178 - R:localhost/127.0.0.1:49970]
16:28:04.928 [main] DEBUG net.serenitybdd.core.photography.Darkroom - Send negative for processing for target\site\serenity\5464aa0f9718c8cd0d202318c932569282586636ca456c817b1e65b3c20e7c5a.png
16:28:04.934 [AsyncHttpClient-1-15] DEBUG org.asynchttpclient.netty.handler.WebSocketHandler - Channel Closed: [id: 0x66987b42, L:/127.0.0.1:62186 ! R:localhost/127.0.0.1:62179] with attribute NettyResponseFuture{currentRetry=5,
	isDone=1,
	isCancelled=0,
	asyncHandler=org.asynchttpclient.ws.WebSocketUpgradeHandler@ee033bf,
	nettyRequest=org.asynchttpclient.netty.request.NettyRequest@40d1c703,
	future=java.util.concurrent.CompletableFuture@6c55a534[Completed normally],
	uri=ws://localhost:62179/devtools/browser/5457cf9d-2204-465c-be13-1b4eacd22dc0,
	keepAlive=true,
	redirectCount=0,
	timeoutsHolder=null,
	inAuth=0,
	touch=1680859671795}
16:28:04.935 [AsyncHttpClient-1-15] DEBUG org.asynchttpclient.netty.channel.ChannelManager - Closing Channel [id: 0x66987b42, L:/127.0.0.1:62186 ! R:localhost/127.0.0.1:62179] 
16:28:04.935 [Driver Command Executor] DEBUG org.asynchttpclient.netty.request.NettyRequestSender - Using pooled Channel '[id: 0x73bc21b4, L:/127.0.0.1:62178 - R:localhost/127.0.0.1:49970]' for 'DELETE' to 'http://localhost:49970/session/6980b3a1cea8362b1b82377a2500ce67'
16:28:04.935 [Driver Command Executor] DEBUG org.asynchttpclient.netty.request.NettyRequestSender - Using open Channel [id: 0x73bc21b4, L:/127.0.0.1:62178 - R:localhost/127.0.0.1:49970] for DELETE '/session/6980b3a1cea8362b1b82377a2500ce67'
16:28:04.970 [AsyncHttpClient-1-14] DEBUG org.asynchttpclient.netty.handler.HttpHandler - Unexpected I/O exception on channel [id: 0xbb2425f9, L:/127.0.0.1:62185 - R:localhost/127.0.0.1:62179]
java.net.SocketException: Connection reset
	at java.base/sun.nio.ch.SocketChannelImpl.throwConnectionReset(SocketChannelImpl.java:345)
	at java.base/sun.nio.ch.SocketChannelImpl.read(SocketChannelImpl.java:376)
	at io.netty.buffer.PooledByteBuf.setBytes(PooledByteBuf.java:258)
	at io.netty.buffer.AbstractByteBuf.writeBytes(AbstractByteBuf.java:1132)
	at io.netty.channel.socket.nio.NioSocketChannel.doReadBytes(NioSocketChannel.java:350)
	at io.netty.channel.nio.AbstractNioByteChannel$NioByteUnsafe.read(AbstractNioByteChannel.java:151)
	at io.netty.channel.nio.NioEventLoop.processSelectedKey(NioEventLoop.java:722)
	at io.netty.channel.nio.NioEventLoop.processSelectedKeysOptimized(NioEventLoop.java:658)
	at io.netty.channel.nio.NioEventLoop.processSelectedKeys(NioEventLoop.java:584)
	at io.netty.channel.nio.NioEventLoop.run(NioEventLoop.java:496)
	at io.netty.util.concurrent.SingleThreadEventExecutor$4.run(SingleThreadEventExecutor.java:986)
	at io.netty.util.internal.ThreadExecutorMap$2.run(ThreadExecutorMap.java:74)
	at io.netty.util.concurrent.FastThreadLocalRunnable.run(FastThreadLocalRunnable.java:30)
	at java.base/java.lang.Thread.run(Thread.java:830)
16:28:04.970 [AsyncHttpClient-1-14] DEBUG org.asynchttpclient.netty.channel.ChannelManager - Closing Channel [id: 0xbb2425f9, L:/127.0.0.1:62185 - R:localhost/127.0.0.1:62179] 
16:28:04.970 [AsyncHttpClient-1-14] DEBUG org.asynchttpclient.netty.handler.HttpHandler - Channel Closed: [id: 0xbb2425f9, L:/127.0.0.1:62185 ! R:localhost/127.0.0.1:62179] with attribute DISCARD
16:28:04.995 [AsyncHttpClient-1-13] DEBUG org.asynchttpclient.netty.handler.HttpHandler - 

Request DefaultFullHttpRequest(decodeResult: success, version: HTTP/1.1, content: EmptyByteBufBE)
DELETE /session/6980b3a1cea8362b1b82377a2500ce67 HTTP/1.1
User-Agent: selenium/4.1.2 (java windows)
Content-Type: application/json; charset=utf-8
host: localhost:49970
accept: */*

Response DefaultHttpResponse(decodeResult: success, version: HTTP/1.1)
HTTP/1.1 200 OK
Content-Type: application/json; charset=utf-8
cache-control: no-cache
content-length: 14

16:28:04.995 [AsyncHttpClient-1-13] DEBUG org.asynchttpclient.netty.channel.ChannelManager - Adding key: http://localhost:49970 for channel [id: 0x73bc21b4, L:/127.0.0.1:62178 - R:localhost/127.0.0.1:49970]
16:28:05.077 [AsyncHttpClient-1-13] DEBUG org.asynchttpclient.netty.handler.HttpHandler - Channel Closed: [id: 0x73bc21b4, L:/127.0.0.1:62178 ! R:localhost/127.0.0.1:49970] with attribute DISCARD
]]></system-out>
    <system-err><![CDATA[Starting Microsoft Edge WebDriver 111.0.1661.62 (0a8f453929e6410c973aa529a40485ce4e3e03db) on port 49970
To submit feedback, report a bug, or suggest new features, please visit https://github.com/MicrosoftEdge/EdgeWebDriver

Only local connections are allowed.
Please see https://aka.ms/WebDriverSecurity for suggestions on keeping Microsoft Edge WebDriver safe.

Microsoft Edge WebDriver was started successfully.
Apr 07, 2023 4:27:51 PM org.openqa.selenium.remote.ProtocolHandshake createSession
INFO: Detected dialect: W3C
Apr 07, 2023 4:27:51 PM org.openqa.selenium.devtools.CdpVersionFinder findNearestMatch
WARNING: Unable to find an exact match for CDP version 111, so returning the closest version found: a no-op implementation
Apr 07, 2023 4:27:51 PM org.openqa.selenium.devtools.CdpVersionFinder findNearestMatch
INFO: Unable to find CDP implementation matching 111.
Apr 07, 2023 4:27:51 PM org.openqa.selenium.chromium.ChromiumDriver lambda$new$3
WARNING: Unable to find version of CDP to use for . You may need to include a dependency on a specific version of the CDP using something similar to `org.seleniumhq.selenium:selenium-devtools-v86:4.1.2` where the version ("v86") matches the version of the chromium-based browser you're using and the version number of the artifact is the same as Selenium's.
]]></system-err>
  </testcase>
</testsuite>