<?xml version="1.0" encoding="UTF-8"?>
<testsuite xmlns:xsi="http://www.w3.org/2001/XMLSchema-instance" xsi:noNamespaceSchemaLocation="https://maven.apache.org/surefire/maven-failsafe-plugin/xsd/failsafe-test-report-3.0.xsd" version="3.0" name="CucumberTestSuite" time="264.81" tests="27" errors="0" skipped="0" failures="0">
  <properties>
    <property name="java.specification.version" value="13"/>
    <property name="sun.cpu.isalist" value="amd64"/>
    <property name="sun.jnu.encoding" value="Cp1252"/>
    <property name="java.class.path" value="C:\Users\alwi\IdeaProjects\uniqloweb\target\test-classes;C:\Users\alwi\.m2\repository\net\serenity-bdd\serenity-core\3.2.1\serenity-core-3.2.1.jar;C:\Users\alwi\.m2\repository\net\serenity-bdd\serenity-model\3.2.1\serenity-model-3.2.1.jar;C:\Users\alwi\.m2\repository\org\apache\commons\commons-text\1.9\commons-text-1.9.jar;C:\Users\alwi\.m2\repository\commons-net\commons-net\3.8.0\commons-net-3.8.0.jar;C:\Users\alwi\.m2\repository\com\google\guava\guava\31.1-jre\guava-31.1-jre.jar;C:\Users\alwi\.m2\repository\com\google\guava\failureaccess\1.0.1\failureaccess-1.0.1.jar;C:\Users\alwi\.m2\repository\com\google\guava\listenablefuture\9999.0-empty-to-avoid-conflict-with-guava\listenablefuture-9999.0-empty-to-avoid-conflict-with-guava.jar;C:\Users\alwi\.m2\repository\com\google\code\findbugs\jsr305\3.0.2\jsr305-3.0.2.jar;C:\Users\alwi\.m2\repository\org\checkerframework\checker-qual\3.12.0\checker-qual-3.12.0.jar;C:\Users\alwi\.m2\repository\com\google\errorprone\error_prone_annotations\2.11.0\error_prone_annotations-2.11.0.jar;C:\Users\alwi\.m2\repository\com\google\j2objc\j2objc-annotations\1.3\j2objc-annotations-1.3.jar;C:\Users\alwi\.m2\repository\com\google\inject\guice\5.1.0\guice-5.1.0.jar;C:\Users\alwi\.m2\repository\javax\inject\javax.inject\1\javax.inject-1.jar;C:\Users\alwi\.m2\repository\aopalliance\aopalliance\1.0\aopalliance-1.0.jar;C:\Users\alwi\.m2\repository\org\jsoup\jsoup\1.14.3\jsoup-1.14.3.jar;C:\Users\alwi\.m2\repository\com\thoughtworks\xstream\xstream\1.4.19\xstream-1.4.19.jar;C:\Users\alwi\.m2\repository\io\github\x-stream\mxparser\1.2.2\mxparser-1.2.2.jar;C:\Users\alwi\.m2\repository\xmlpull\xmlpull\1.1.3.1\xmlpull-1.1.3.1.jar;C:\Users\alwi\.m2\repository\io\cucumber\cucumber-java\7.2.3\cucumber-java-7.2.3.jar;C:\Users\alwi\.m2\repository\com\typesafe\config\1.4.2\config-1.4.2.jar;C:\Users\alwi\.m2\repository\org\imgscalr\imgscalr-lib\4.2\imgscalr-lib-4.2.jar;C:\Users\alwi\.m2\repository\org\awaitility\awaitility\4.2.0\awaitility-4.2.0.jar;C:\Users\alwi\.m2\repository\org\freemarker\freemarker\2.3.31\freemarker-2.3.31.jar;C:\Users\alwi\.m2\repository\io\github\classgraph\classgraph\4.8.138\classgraph-4.8.138.jar;C:\Users\alwi\.m2\repository\net\sourceforge\jexcelapi\jxl\2.6.12\jxl-2.6.12.jar;C:\Users\alwi\.m2\repository\net\bytebuddy\byte-buddy\1.12.8\byte-buddy-1.12.8.jar;C:\Users\alwi\.m2\repository\net\bytebuddy\byte-buddy-agent\1.12.8\byte-buddy-agent-1.12.8.jar;C:\Users\alwi\.m2\repository\org\objenesis\objenesis\3.1\objenesis-3.1.jar;C:\Users\alwi\.m2\repository\net\serenity-bdd\serenity-reports\3.2.1\serenity-reports-3.2.1.jar;C:\Users\alwi\.m2\repository\net\serenity-bdd\serenity-stats\3.2.1\serenity-stats-3.2.1.jar;C:\Users\alwi\.m2\repository\net\serenity-bdd\serenity-reports-configuration\3.2.1\serenity-reports-configuration-3.2.1.jar;C:\Users\alwi\.m2\repository\com\vladsch\flexmark\flexmark-all\0.34.30\flexmark-all-0.34.30.jar;C:\Users\alwi\.m2\repository\com\vladsch\flexmark\flexmark\0.34.30\flexmark-0.34.30.jar;C:\Users\alwi\.m2\repository\com\vladsch\flexmark\flexmark-ext-abbreviation\0.34.30\flexmark-ext-abbreviation-0.34.30.jar;C:\Users\alwi\.m2\repository\com\vladsch\flexmark\flexmark-ext-admonition\0.34.30\flexmark-ext-admonition-0.34.30.jar;C:\Users\alwi\.m2\repository\com\vladsch\flexmark\flexmark-ext-anchorlink\0.34.30\flexmark-ext-anchorlink-0.34.30.jar;C:\Users\alwi\.m2\repository\com\vladsch\flexmark\flexmark-ext-aside\0.34.30\flexmark-ext-aside-0.34.30.jar;C:\Users\alwi\.m2\repository\com\vladsch\flexmark\flexmark-ext-attributes\0.34.30\flexmark-ext-attributes-0.34.30.jar;C:\Users\alwi\.m2\repository\com\vladsch\flexmark\flexmark-ext-autolink\0.34.30\flexmark-ext-autolink-0.34.30.jar;C:\Users\alwi\.m2\repository\org\nibor\autolink\autolink\0.6.0\autolink-0.6.0.jar;C:\Users\alwi\.m2\repository\com\vladsch\flexmark\flexmark-ext-definition\0.34.30\flexmark-ext-definition-0.34.30.jar;C:\Users\alwi\.m2\repository\com\vladsch\flexmark\flexmark-ext-emoji\0.34.30\flexmark-ext-emoji-0.34.30.jar;C:\Users\alwi\.m2\repository\com\vladsch\flexmark\flexmark-ext-enumerated-reference\0.34.30\flexmark-ext-enumerated-reference-0.34.30.jar;C:\Users\alwi\.m2\repository\com\vladsch\flexmark\flexmark-ext-escaped-character\0.34.30\flexmark-ext-escaped-character-0.34.30.jar;C:\Users\alwi\.m2\repository\com\vladsch\flexmark\flexmark-ext-footnotes\0.34.30\flexmark-ext-footnotes-0.34.30.jar;C:\Users\alwi\.m2\repository\com\vladsch\flexmark\flexmark-ext-gfm-issues\0.34.30\flexmark-ext-gfm-issues-0.34.30.jar;C:\Users\alwi\.m2\repository\com\vladsch\flexmark\flexmark-ext-gfm-strikethrough\0.34.30\flexmark-ext-gfm-strikethrough-0.34.30.jar;C:\Users\alwi\.m2\repository\com\vladsch\flexmark\flexmark-ext-gfm-tables\0.34.30\flexmark-ext-gfm-tables-0.34.30.jar;C:\Users\alwi\.m2\repository\com\vladsch\flexmark\flexmark-ext-gfm-tasklist\0.34.30\flexmark-ext-gfm-tasklist-0.34.30.jar;C:\Users\alwi\.m2\repository\com\vladsch\flexmark\flexmark-ext-gfm-users\0.34.30\flexmark-ext-gfm-users-0.34.30.jar;C:\Users\alwi\.m2\repository\com\vladsch\flexmark\flexmark-ext-gitlab\0.34.30\flexmark-ext-gitlab-0.34.30.jar;C:\Users\alwi\.m2\repository\com\vladsch\flexmark\flexmark-ext-jekyll-front-matter\0.34.30\flexmark-ext-jekyll-front-matter-0.34.30.jar;C:\Users\alwi\.m2\repository\com\vladsch\flexmark\flexmark-ext-jekyll-tag\0.34.30\flexmark-ext-jekyll-tag-0.34.30.jar;C:\Users\alwi\.m2\repository\com\vladsch\flexmark\flexmark-ext-media-tags\0.34.30\flexmark-ext-media-tags-0.34.30.jar;C:\Users\alwi\.m2\repository\com\vladsch\flexmark\flexmark-test-util\0.34.30\flexmark-test-util-0.34.30.jar;C:\Users\alwi\.m2\repository\com\vladsch\flexmark\flexmark-ext-ins\0.34.30\flexmark-ext-ins-0.34.30.jar;C:\Users\alwi\.m2\repository\com\vladsch\flexmark\flexmark-ext-xwiki-macros\0.34.30\flexmark-ext-xwiki-macros-0.34.30.jar;C:\Users\alwi\.m2\repository\com\vladsch\flexmark\flexmark-ext-superscript\0.34.30\flexmark-ext-superscript-0.34.30.jar;C:\Users\alwi\.m2\repository\com\vladsch\flexmark\flexmark-ext-tables\0.34.30\flexmark-ext-tables-0.34.30.jar;C:\Users\alwi\.m2\repository\com\vladsch\flexmark\flexmark-ext-toc\0.34.30\flexmark-ext-toc-0.34.30.jar;C:\Users\alwi\.m2\repository\com\vladsch\flexmark\flexmark-ext-typographic\0.34.30\flexmark-ext-typographic-0.34.30.jar;C:\Users\alwi\.m2\repository\com\vladsch\flexmark\flexmark-ext-wikilink\0.34.30\flexmark-ext-wikilink-0.34.30.jar;C:\Users\alwi\.m2\repository\com\vladsch\flexmark\flexmark-ext-yaml-front-matter\0.34.30\flexmark-ext-yaml-front-matter-0.34.30.jar;C:\Users\alwi\.m2\repository\com\vladsch\flexmark\flexmark-ext-youtube-embedded\0.34.30\flexmark-ext-youtube-embedded-0.34.30.jar;C:\Users\alwi\.m2\repository\com\vladsch\flexmark\flexmark-formatter\0.34.30\flexmark-formatter-0.34.30.jar;C:\Users\alwi\.m2\repository\com\vladsch\flexmark\flexmark-html-parser\0.34.30\flexmark-html-parser-0.34.30.jar;C:\Users\alwi\.m2\repository\com\vladsch\flexmark\flexmark-jira-converter\0.34.30\flexmark-jira-converter-0.34.30.jar;C:\Users\alwi\.m2\repository\com\vladsch\flexmark\flexmark-pdf-converter\0.34.30\flexmark-pdf-converter-0.34.30.jar;C:\Users\alwi\.m2\repository\com\openhtmltopdf\openhtmltopdf-core\0.0.1-RC13\openhtmltopdf-core-0.0.1-RC13.jar;C:\Users\alwi\.m2\repository\com\openhtmltopdf\openhtmltopdf-pdfbox\0.0.1-RC13\openhtmltopdf-pdfbox-0.0.1-RC13.jar;C:\Users\alwi\.m2\repository\org\apache\pdfbox\pdfbox\2.0.8\pdfbox-2.0.8.jar;C:\Users\alwi\.m2\repository\org\apache\pdfbox\fontbox\2.0.8\fontbox-2.0.8.jar;C:\Users\alwi\.m2\repository\commons-logging\commons-logging\1.2\commons-logging-1.2.jar;C:\Users\alwi\.m2\repository\org\apache\pdfbox\xmpbox\2.0.8\xmpbox-2.0.8.jar;C:\Users\alwi\.m2\repository\de\rototor\pdfbox\graphics2d\0.12\graphics2d-0.12.jar;C:\Users\alwi\.m2\repository\com\openhtmltopdf\openhtmltopdf-rtl-support\0.0.1-RC13\openhtmltopdf-rtl-support-0.0.1-RC13.jar;C:\Users\alwi\.m2\repository\com\ibm\icu\icu4j\59.1\icu4j-59.1.jar;C:\Users\alwi\.m2\repository\com\openhtmltopdf\openhtmltopdf-jsoup-dom-converter\0.0.1-RC13\openhtmltopdf-jsoup-dom-converter-0.0.1-RC13.jar;C:\Users\alwi\.m2\repository\com\vladsch\flexmark\flexmark-profile-pegdown\0.34.30\flexmark-profile-pegdown-0.34.30.jar;C:\Users\alwi\.m2\repository\com\vladsch\flexmark\flexmark-util\0.34.30\flexmark-util-0.34.30.jar;C:\Users\alwi\.m2\repository\com\vladsch\flexmark\flexmark-youtrack-converter\0.34.30\flexmark-youtrack-converter-0.34.30.jar;C:\Users\alwi\.m2\repository\es\nitaur\markdown\txtmark\0.16\txtmark-0.16.jar;C:\Users\alwi\.m2\repository\net\serenity-bdd\serenity-report-resources\3.2.1\serenity-report-resources-3.2.1.jar;C:\Users\alwi\.m2\repository\com\google\code\gson\gson\2.9.0\gson-2.9.0.jar;C:\Users\alwi\.m2\repository\com\fasterxml\jackson\core\jackson-core\2.13.2\jackson-core-2.13.2.jar;C:\Users\alwi\.m2\repository\com\fasterxml\jackson\core\jackson-databind\2.13.2\jackson-databind-2.13.2.jar;C:\Users\alwi\.m2\repository\com\fasterxml\jackson\core\jackson-annotations\2.13.2\jackson-annotations-2.13.2.jar;C:\Users\alwi\.m2\repository\commons-codec\commons-codec\1.15\commons-codec-1.15.jar;C:\Users\alwi\.m2\repository\commons-io\commons-io\2.11.0\commons-io-2.11.0.jar;C:\Users\alwi\.m2\repository\org\seleniumhq\selenium\selenium-java\4.1.2\selenium-java-4.1.2.jar;C:\Users\alwi\.m2\repository\org\seleniumhq\selenium\selenium-devtools-v85\4.1.2\selenium-devtools-v85-4.1.2.jar;C:\Users\alwi\.m2\repository\org\seleniumhq\selenium\selenium-devtools-v95\4.1.2\selenium-devtools-v95-4.1.2.jar;C:\Users\alwi\.m2\repository\org\seleniumhq\selenium\selenium-devtools-v96\4.1.2\selenium-devtools-v96-4.1.2.jar;C:\Users\alwi\.m2\repository\org\seleniumhq\selenium\selenium-devtools-v97\4.1.2\selenium-devtools-v97-4.1.2.jar;C:\Users\alwi\.m2\repository\org\seleniumhq\selenium\selenium-firefox-xpi-driver\4.1.2\selenium-firefox-xpi-driver-4.1.2.jar;C:\Users\alwi\.m2\repository\org\seleniumhq\selenium\selenium-opera-driver\4.1.2\selenium-opera-driver-4.1.2.jar;C:\Users\alwi\.m2\repository\org\seleniumhq\selenium\selenium-remote-driver\4.1.2\selenium-remote-driver-4.1.2.jar;C:\Users\alwi\.m2\repository\com\beust\jcommander\1.82\jcommander-1.82.jar;C:\Users\alwi\.m2\repository\io\netty\netty-buffer\4.1.73.Final\netty-buffer-4.1.73.Final.jar;C:\Users\alwi\.m2\repository\io\netty\netty-codec-http\4.1.73.Final\netty-codec-http-4.1.73.Final.jar;C:\Users\alwi\.m2\repository\io\netty\netty-codec\4.1.73.Final\netty-codec-4.1.73.Final.jar;C:\Users\alwi\.m2\repository\io\netty\netty-handler\4.1.73.Final\netty-handler-4.1.73.Final.jar;C:\Users\alwi\.m2\repository\io\netty\netty-tcnative-classes\2.0.46.Final\netty-tcnative-classes-2.0.46.Final.jar;C:\Users\alwi\.m2\repository\io\netty\netty-common\4.1.73.Final\netty-common-4.1.73.Final.jar;C:\Users\alwi\.m2\repository\io\netty\netty-transport-classes-epoll\4.1.73.Final\netty-transport-classes-epoll-4.1.73.Final.jar;C:\Users\alwi\.m2\repository\io\netty\netty-transport-classes-kqueue\4.1.73.Final\netty-transport-classes-kqueue-4.1.73.Final.jar;C:\Users\alwi\.m2\repository\io\netty\netty-transport-native-epoll\4.1.73.Final\netty-transport-native-epoll-4.1.73.Final.jar;C:\Users\alwi\.m2\repository\io\netty\netty-transport-native-kqueue\4.1.73.Final\netty-transport-native-kqueue-4.1.73.Final.jar;C:\Users\alwi\.m2\repository\io\netty\netty-transport-native-unix-common\4.1.73.Final\netty-transport-native-unix-common-4.1.73.Final.jar;C:\Users\alwi\.m2\repository\io\netty\netty-transport\4.1.73.Final\netty-transport-4.1.73.Final.jar;C:\Users\alwi\.m2\repository\io\netty\netty-resolver\4.1.73.Final\netty-resolver-4.1.73.Final.jar;C:\Users\alwi\.m2\repository\io\opentelemetry\opentelemetry-api\1.10.1\opentelemetry-api-1.10.1.jar;C:\Users\alwi\.m2\repository\io\opentelemetry\opentelemetry-context\1.10.1\opentelemetry-context-1.10.1.jar;C:\Users\alwi\.m2\repository\io\opentelemetry\opentelemetry-exporter-logging\1.10.1\opentelemetry-exporter-logging-1.10.1.jar;C:\Users\alwi\.m2\repository\io\opentelemetry\opentelemetry-sdk-metrics\1.10.1-alpha\opentelemetry-sdk-metrics-1.10.1-alpha.jar;C:\Users\alwi\.m2\repository\io\opentelemetry\opentelemetry-sdk-logs\1.10.1-alpha\opentelemetry-sdk-logs-1.10.1-alpha.jar;C:\Users\alwi\.m2\repository\io\opentelemetry\opentelemetry-sdk-common\1.10.1\opentelemetry-sdk-common-1.10.1.jar;C:\Users\alwi\.m2\repository\io\opentelemetry\opentelemetry-sdk-extension-autoconfigure-spi\1.10.1\opentelemetry-sdk-extension-autoconfigure-spi-1.10.1.jar;C:\Users\alwi\.m2\repository\io\opentelemetry\opentelemetry-sdk-extension-autoconfigure\1.10.1-alpha\opentelemetry-sdk-extension-autoconfigure-1.10.1-alpha.jar;C:\Users\alwi\.m2\repository\io\opentelemetry\opentelemetry-sdk-trace\1.10.1\opentelemetry-sdk-trace-1.10.1.jar;C:\Users\alwi\.m2\repository\io\opentelemetry\opentelemetry-sdk\1.10.1\opentelemetry-sdk-1.10.1.jar;C:\Users\alwi\.m2\repository\io\opentelemetry\opentelemetry-semconv\1.10.1-alpha\opentelemetry-semconv-1.10.1-alpha.jar;C:\Users\alwi\.m2\repository\io\ous\jtoml\2.0.0\jtoml-2.0.0.jar;C:\Users\alwi\.m2\repository\org\apache\commons\commons-exec\1.3\commons-exec-1.3.jar;C:\Users\alwi\.m2\repository\org\asynchttpclient\async-http-client\2.12.3\async-http-client-2.12.3.jar;C:\Users\alwi\.m2\repository\org\asynchttpclient\async-http-client-netty-utils\2.12.3\async-http-client-netty-utils-2.12.3.jar;C:\Users\alwi\.m2\repository\io\netty\netty-codec-socks\4.1.60.Final\netty-codec-socks-4.1.60.Final.jar;C:\Users\alwi\.m2\repository\io\netty\netty-handler-proxy\4.1.60.Final\netty-handler-proxy-4.1.60.Final.jar;C:\Users\alwi\.m2\repository\io\netty\netty-transport-native-epoll\4.1.60.Final\netty-transport-native-epoll-4.1.60.Final-linux-x86_64.jar;C:\Users\alwi\.m2\repository\io\netty\netty-transport-native-kqueue\4.1.60.Final\netty-transport-native-kqueue-4.1.60.Final-osx-x86_64.jar;C:\Users\alwi\.m2\repository\org\reactivestreams\reactive-streams\1.0.3\reactive-streams-1.0.3.jar;C:\Users\alwi\.m2\repository\com\typesafe\netty\netty-reactive-streams\2.0.4\netty-reactive-streams-2.0.4.jar;C:\Users\alwi\.m2\repository\org\seleniumhq\selenium\selenium-http\4.1.2\selenium-http-4.1.2.jar;C:\Users\alwi\.m2\repository\net\jodah\failsafe\2.4.4\failsafe-2.4.4.jar;C:\Users\alwi\.m2\repository\org\seleniumhq\selenium\selenium-safari-driver\4.1.2\selenium-safari-driver-4.1.2.jar;C:\Users\alwi\.m2\repository\org\seleniumhq\selenium\selenium-api\4.1.2\selenium-api-4.1.2.jar;C:\Users\alwi\.m2\repository\org\seleniumhq\selenium\selenium-support\4.1.2\selenium-support-4.1.2.jar;C:\Users\alwi\.m2\repository\com\google\auto\service\auto-service-annotations\1.0.1\auto-service-annotations-1.0.1.jar;C:\Users\alwi\.m2\repository\com\google\auto\service\auto-service\1.0.1\auto-service-1.0.1.jar;C:\Users\alwi\.m2\repository\com\google\auto\auto-common\1.2\auto-common-1.2.jar;C:\Users\alwi\.m2\repository\org\seleniumhq\selenium\selenium-json\4.1.2\selenium-json-4.1.2.jar;C:\Users\alwi\.m2\repository\org\seleniumhq\selenium\selenium-chrome-driver\4.1.2\selenium-chrome-driver-4.1.2.jar;C:\Users\alwi\.m2\repository\org\seleniumhq\selenium\selenium-chromium-driver\4.1.2\selenium-chromium-driver-4.1.2.jar;C:\Users\alwi\.m2\repository\org\seleniumhq\selenium\selenium-firefox-driver\4.1.2\selenium-firefox-driver-4.1.2.jar;C:\Users\alwi\.m2\repository\org\seleniumhq\selenium\selenium-edge-driver\4.1.2\selenium-edge-driver-4.1.2.jar;C:\Users\alwi\.m2\repository\org\seleniumhq\selenium\selenium-ie-driver\4.1.2\selenium-ie-driver-4.1.2.jar;C:\Users\alwi\.m2\repository\org\projectlombok\lombok\1.18.20\lombok-1.18.20.jar;C:\Users\alwi\.m2\repository\io\appium\java-client\8.0.0\java-client-8.0.0.jar;C:\Users\alwi\.m2\repository\commons-validator\commons-validator\1.7\commons-validator-1.7.jar;C:\Users\alwi\.m2\repository\commons-digester\commons-digester\2.1\commons-digester-2.1.jar;C:\Users\alwi\.m2\repository\org\aspectj\aspectjweaver\1.9.8\aspectjweaver-1.9.8.jar;C:\Users\alwi\.m2\repository\org\codehaus\groovy\groovy\3.0.10\groovy-3.0.10.jar;C:\Users\alwi\.m2\repository\net\sf\opencsv\opencsv\2.0\opencsv-2.0.jar;C:\Users\alwi\.m2\repository\commons-beanutils\commons-beanutils\1.9.4\commons-beanutils-1.9.4.jar;C:\Users\alwi\.m2\repository\org\apache\commons\commons-lang3\3.12.0\commons-lang3-3.12.0.jar;C:\Users\alwi\.m2\repository\commons-collections\commons-collections\3.2.2\commons-collections-3.2.2.jar;C:\Users\alwi\.m2\repository\org\fluentlenium\fluentlenium-core\0.10.2\fluentlenium-core-0.10.2.jar;C:\Users\alwi\.m2\repository\io\github\bonigarcia\webdrivermanager\5.1.0\webdrivermanager-5.1.0.jar;C:\Users\alwi\.m2\repository\com\github\docker-java\docker-java\3.2.13\docker-java-3.2.13.jar;C:\Users\alwi\.m2\repository\com\github\docker-java\docker-java-core\3.2.13\docker-java-core-3.2.13.jar;C:\Users\alwi\.m2\repository\com\github\docker-java\docker-java-api\3.2.13\docker-java-api-3.2.13.jar;C:\Users\alwi\.m2\repository\org\apache\commons\commons-compress\1.21\commons-compress-1.21.jar;C:\Users\alwi\.m2\repository\org\bouncycastle\bcpkix-jdk15on\1.64\bcpkix-jdk15on-1.64.jar;C:\Users\alwi\.m2\repository\org\bouncycastle\bcprov-jdk15on\1.64\bcprov-jdk15on-1.64.jar;C:\Users\alwi\.m2\repository\org\slf4j\jcl-over-slf4j\1.7.30\jcl-over-slf4j-1.7.30.jar;C:\Users\alwi\.m2\repository\com\github\docker-java\docker-java-transport-httpclient5\3.2.13\docker-java-transport-httpclient5-3.2.13.jar;C:\Users\alwi\.m2\repository\com\github\docker-java\docker-java-transport\3.2.13\docker-java-transport-3.2.13.jar;C:\Users\alwi\.m2\repository\org\apache\httpcomponents\client5\httpclient5\5.0.3\httpclient5-5.0.3.jar;C:\Users\alwi\.m2\repository\org\apache\httpcomponents\core5\httpcore5\5.0.2\httpcore5-5.0.2.jar;C:\Users\alwi\.m2\repository\net\java\dev\jna\jna\5.8.0\jna-5.8.0.jar;C:\Users\alwi\.m2\repository\org\brotli\dec\0.1.2\dec-0.1.2.jar;C:\Users\alwi\.m2\repository\com\jhlabs\filters\2.0.235\filters-2.0.235.jar;C:\Users\alwi\.m2\repository\com\paulhammant\ngwebdriver\1.1.6\ngwebdriver-1.1.6.jar;C:\Users\alwi\.m2\repository\joda-time\joda-time\2.8.2\joda-time-2.8.2.jar;C:\Users\alwi\.m2\repository\org\hamcrest\hamcrest\2.2\hamcrest-2.2.jar;C:\Users\alwi\.m2\repository\com\google\jimfs\jimfs\1.2\jimfs-1.2.jar;C:\Users\alwi\.m2\repository\org\mockito\mockito-core\3.3.3\mockito-core-3.3.3.jar;C:\Users\alwi\.m2\repository\javax\xml\bind\jaxb-api\2.3.1\jaxb-api-2.3.1.jar;C:\Users\alwi\.m2\repository\javax\activation\javax.activation-api\1.2.0\javax.activation-api-1.2.0.jar;C:\Users\alwi\.m2\repository\com\sun\xml\bind\jaxb-core\2.3.0.1\jaxb-core-2.3.0.1.jar;C:\Users\alwi\.m2\repository\com\sun\xml\bind\jaxb-impl\2.3.3\jaxb-impl-2.3.3.jar;C:\Users\alwi\.m2\repository\jakarta\xml\bind\jakarta.xml.bind-api\2.3.3\jakarta.xml.bind-api-2.3.3.jar;C:\Users\alwi\.m2\repository\com\sun\activation\jakarta.activation\1.2.2\jakarta.activation-1.2.2.jar;C:\Users\alwi\.m2\repository\javax\activation\activation\1.1.1\activation-1.1.1.jar;C:\Users\alwi\.m2\repository\net\serenity-bdd\serenity-cucumber\3.2.1\serenity-cucumber-3.2.1.jar;C:\Users\alwi\.m2\repository\io\cucumber\cucumber-core\7.2.3\cucumber-core-7.2.3.jar;C:\Users\alwi\.m2\repository\io\cucumber\cucumber-gherkin\7.2.3\cucumber-gherkin-7.2.3.jar;C:\Users\alwi\.m2\repository\io\cucumber\cucumber-gherkin-messages\7.2.3\cucumber-gherkin-messages-7.2.3.jar;C:\Users\alwi\.m2\repository\io\cucumber\messages\17.1.1\messages-17.1.1.jar;C:\Users\alwi\.m2\repository\io\cucumber\tag-expressions\4.1.0\tag-expressions-4.1.0.jar;C:\Users\alwi\.m2\repository\io\cucumber\cucumber-expressions\15.0.1\cucumber-expressions-15.0.1.jar;C:\Users\alwi\.m2\repository\io\cucumber\datatable\7.2.3\datatable-7.2.3.jar;C:\Users\alwi\.m2\repository\io\cucumber\cucumber-plugin\7.2.3\cucumber-plugin-7.2.3.jar;C:\Users\alwi\.m2\repository\io\cucumber\docstring\7.2.3\docstring-7.2.3.jar;C:\Users\alwi\.m2\repository\io\cucumber\html-formatter\17.0.0\html-formatter-17.0.0.jar;C:\Users\alwi\.m2\repository\io\cucumber\ci-environment\8.1.0\ci-environment-8.1.0.jar;C:\Users\alwi\.m2\repository\io\cucumber\cucumber-junit\7.2.3\cucumber-junit-7.2.3.jar;C:\Users\alwi\.m2\repository\org\apache\commons\commons-csv\1.5\commons-csv-1.5.jar;C:\Users\alwi\.m2\repository\net\serenity-bdd\serenity-screenplay\3.2.1\serenity-screenplay-3.2.1.jar;C:\Users\alwi\.m2\repository\net\serenity-bdd\serenity-screenplay-webdriver\3.2.1\serenity-screenplay-webdriver-3.2.1.jar;C:\Users\alwi\.m2\repository\net\serenity-bdd\serenity-ensure\3.2.1\serenity-ensure-3.2.1.jar;C:\Users\alwi\.m2\repository\net\serenity-bdd\serenity-junit\3.2.1\serenity-junit-3.2.1.jar;C:\Users\alwi\.m2\repository\org\jetbrains\kotlin\kotlin-stdlib\1.6.0\kotlin-stdlib-1.6.0.jar;C:\Users\alwi\.m2\repository\org\jetbrains\annotations\13.0\annotations-13.0.jar;C:\Users\alwi\.m2\repository\org\jetbrains\kotlin\kotlin-stdlib-common\1.6.0\kotlin-stdlib-common-1.6.0.jar;C:\Users\alwi\.m2\repository\org\junit\platform\junit-platform-launcher\1.8.1\junit-platform-launcher-1.8.1.jar;C:\Users\alwi\.m2\repository\org\junit\platform\junit-platform-engine\1.8.1\junit-platform-engine-1.8.1.jar;C:\Users\alwi\.m2\repository\org\opentest4j\opentest4j\1.2.0\opentest4j-1.2.0.jar;C:\Users\alwi\.m2\repository\org\junit\platform\junit-platform-commons\1.8.1\junit-platform-commons-1.8.1.jar;C:\Users\alwi\.m2\repository\org\apiguardian\apiguardian-api\1.1.2\apiguardian-api-1.1.2.jar;C:\Users\alwi\.m2\repository\org\junit\jupiter\junit-jupiter-engine\5.8.2\junit-jupiter-engine-5.8.2.jar;C:\Users\alwi\.m2\repository\org\junit\jupiter\junit-jupiter-api\5.8.2\junit-jupiter-api-5.8.2.jar;C:\Users\alwi\.m2\repository\org\junit\vintage\junit-vintage-engine\5.8.2\junit-vintage-engine-5.8.2.jar;C:\Users\alwi\.m2\repository\junit\junit\4.13.2\junit-4.13.2.jar;C:\Users\alwi\.m2\repository\org\hamcrest\hamcrest-core\1.3\hamcrest-core-1.3.jar;C:\Users\alwi\.m2\repository\ch\qos\logback\logback-classic\1.2.10\logback-classic-1.2.10.jar;C:\Users\alwi\.m2\repository\ch\qos\logback\logback-core\1.2.10\logback-core-1.2.10.jar;C:\Users\alwi\.m2\repository\org\slf4j\slf4j-api\1.7.32\slf4j-api-1.7.32.jar;C:\Users\alwi\.m2\repository\org\assertj\assertj-core\3.6.2\assertj-core-3.6.2.jar;"/>
    <property name="java.vm.vendor" value="Oracle Corporation"/>
    <property name="sun.arch.data.model" value="64"/>
    <property name="user.variant" value=""/>
    <property name="java.vendor.url" value="https://java.oracle.com/"/>
    <property name="user.timezone" value="Asia/Jakarta"/>
    <property name="log4j2.formatMsgNoLookups" value="true"/>
    <property name="user.country.format" value="ID"/>
    <property name="os.name" value="Windows 10"/>
    <property name="java.vm.specification.version" value="13"/>
    <property name="sun.java.launcher" value="SUN_STANDARD"/>
    <property name="user.country" value="US"/>
    <property name="sun.boot.library.path" value="C:\Program Files\Java\jdk-13.0.2\bin"/>
    <property name="sun.java.command" value="org.apache.maven.surefire.booter.ForkedBooter C:\Users\alwi\AppData\Local\Temp\surefire9043014908113898281 2023-04-09T19-38-02_295-jvmRun1 surefire13265658385590975935tmp surefire_0266491184106970504tmp"/>
    <property name="jdk.debug" value="release"/>
    <property name="surefire.test.class.path" value="C:\Users\alwi\IdeaProjects\uniqloweb\target\test-classes;C:\Users\alwi\.m2\repository\net\serenity-bdd\serenity-core\3.2.1\serenity-core-3.2.1.jar;C:\Users\alwi\.m2\repository\net\serenity-bdd\serenity-model\3.2.1\serenity-model-3.2.1.jar;C:\Users\alwi\.m2\repository\org\apache\commons\commons-text\1.9\commons-text-1.9.jar;C:\Users\alwi\.m2\repository\commons-net\commons-net\3.8.0\commons-net-3.8.0.jar;C:\Users\alwi\.m2\repository\com\google\guava\guava\31.1-jre\guava-31.1-jre.jar;C:\Users\alwi\.m2\repository\com\google\guava\failureaccess\1.0.1\failureaccess-1.0.1.jar;C:\Users\alwi\.m2\repository\com\google\guava\listenablefuture\9999.0-empty-to-avoid-conflict-with-guava\listenablefuture-9999.0-empty-to-avoid-conflict-with-guava.jar;C:\Users\alwi\.m2\repository\com\google\code\findbugs\jsr305\3.0.2\jsr305-3.0.2.jar;C:\Users\alwi\.m2\repository\org\checkerframework\checker-qual\3.12.0\checker-qual-3.12.0.jar;C:\Users\alwi\.m2\repository\com\google\errorprone\error_prone_annotations\2.11.0\error_prone_annotations-2.11.0.jar;C:\Users\alwi\.m2\repository\com\google\j2objc\j2objc-annotations\1.3\j2objc-annotations-1.3.jar;C:\Users\alwi\.m2\repository\com\google\inject\guice\5.1.0\guice-5.1.0.jar;C:\Users\alwi\.m2\repository\javax\inject\javax.inject\1\javax.inject-1.jar;C:\Users\alwi\.m2\repository\aopalliance\aopalliance\1.0\aopalliance-1.0.jar;C:\Users\alwi\.m2\repository\org\jsoup\jsoup\1.14.3\jsoup-1.14.3.jar;C:\Users\alwi\.m2\repository\com\thoughtworks\xstream\xstream\1.4.19\xstream-1.4.19.jar;C:\Users\alwi\.m2\repository\io\github\x-stream\mxparser\1.2.2\mxparser-1.2.2.jar;C:\Users\alwi\.m2\repository\xmlpull\xmlpull\1.1.3.1\xmlpull-1.1.3.1.jar;C:\Users\alwi\.m2\repository\io\cucumber\cucumber-java\7.2.3\cucumber-java-7.2.3.jar;C:\Users\alwi\.m2\repository\com\typesafe\config\1.4.2\config-1.4.2.jar;C:\Users\alwi\.m2\repository\org\imgscalr\imgscalr-lib\4.2\imgscalr-lib-4.2.jar;C:\Users\alwi\.m2\repository\org\awaitility\awaitility\4.2.0\awaitility-4.2.0.jar;C:\Users\alwi\.m2\repository\org\freemarker\freemarker\2.3.31\freemarker-2.3.31.jar;C:\Users\alwi\.m2\repository\io\github\classgraph\classgraph\4.8.138\classgraph-4.8.138.jar;C:\Users\alwi\.m2\repository\net\sourceforge\jexcelapi\jxl\2.6.12\jxl-2.6.12.jar;C:\Users\alwi\.m2\repository\net\bytebuddy\byte-buddy\1.12.8\byte-buddy-1.12.8.jar;C:\Users\alwi\.m2\repository\net\bytebuddy\byte-buddy-agent\1.12.8\byte-buddy-agent-1.12.8.jar;C:\Users\alwi\.m2\repository\org\objenesis\objenesis\3.1\objenesis-3.1.jar;C:\Users\alwi\.m2\repository\net\serenity-bdd\serenity-reports\3.2.1\serenity-reports-3.2.1.jar;C:\Users\alwi\.m2\repository\net\serenity-bdd\serenity-stats\3.2.1\serenity-stats-3.2.1.jar;C:\Users\alwi\.m2\repository\net\serenity-bdd\serenity-reports-configuration\3.2.1\serenity-reports-configuration-3.2.1.jar;C:\Users\alwi\.m2\repository\com\vladsch\flexmark\flexmark-all\0.34.30\flexmark-all-0.34.30.jar;C:\Users\alwi\.m2\repository\com\vladsch\flexmark\flexmark\0.34.30\flexmark-0.34.30.jar;C:\Users\alwi\.m2\repository\com\vladsch\flexmark\flexmark-ext-abbreviation\0.34.30\flexmark-ext-abbreviation-0.34.30.jar;C:\Users\alwi\.m2\repository\com\vladsch\flexmark\flexmark-ext-admonition\0.34.30\flexmark-ext-admonition-0.34.30.jar;C:\Users\alwi\.m2\repository\com\vladsch\flexmark\flexmark-ext-anchorlink\0.34.30\flexmark-ext-anchorlink-0.34.30.jar;C:\Users\alwi\.m2\repository\com\vladsch\flexmark\flexmark-ext-aside\0.34.30\flexmark-ext-aside-0.34.30.jar;C:\Users\alwi\.m2\repository\com\vladsch\flexmark\flexmark-ext-attributes\0.34.30\flexmark-ext-attributes-0.34.30.jar;C:\Users\alwi\.m2\repository\com\vladsch\flexmark\flexmark-ext-autolink\0.34.30\flexmark-ext-autolink-0.34.30.jar;C:\Users\alwi\.m2\repository\org\nibor\autolink\autolink\0.6.0\autolink-0.6.0.jar;C:\Users\alwi\.m2\repository\com\vladsch\flexmark\flexmark-ext-definition\0.34.30\flexmark-ext-definition-0.34.30.jar;C:\Users\alwi\.m2\repository\com\vladsch\flexmark\flexmark-ext-emoji\0.34.30\flexmark-ext-emoji-0.34.30.jar;C:\Users\alwi\.m2\repository\com\vladsch\flexmark\flexmark-ext-enumerated-reference\0.34.30\flexmark-ext-enumerated-reference-0.34.30.jar;C:\Users\alwi\.m2\repository\com\vladsch\flexmark\flexmark-ext-escaped-character\0.34.30\flexmark-ext-escaped-character-0.34.30.jar;C:\Users\alwi\.m2\repository\com\vladsch\flexmark\flexmark-ext-footnotes\0.34.30\flexmark-ext-footnotes-0.34.30.jar;C:\Users\alwi\.m2\repository\com\vladsch\flexmark\flexmark-ext-gfm-issues\0.34.30\flexmark-ext-gfm-issues-0.34.30.jar;C:\Users\alwi\.m2\repository\com\vladsch\flexmark\flexmark-ext-gfm-strikethrough\0.34.30\flexmark-ext-gfm-strikethrough-0.34.30.jar;C:\Users\alwi\.m2\repository\com\vladsch\flexmark\flexmark-ext-gfm-tables\0.34.30\flexmark-ext-gfm-tables-0.34.30.jar;C:\Users\alwi\.m2\repository\com\vladsch\flexmark\flexmark-ext-gfm-tasklist\0.34.30\flexmark-ext-gfm-tasklist-0.34.30.jar;C:\Users\alwi\.m2\repository\com\vladsch\flexmark\flexmark-ext-gfm-users\0.34.30\flexmark-ext-gfm-users-0.34.30.jar;C:\Users\alwi\.m2\repository\com\vladsch\flexmark\flexmark-ext-gitlab\0.34.30\flexmark-ext-gitlab-0.34.30.jar;C:\Users\alwi\.m2\repository\com\vladsch\flexmark\flexmark-ext-jekyll-front-matter\0.34.30\flexmark-ext-jekyll-front-matter-0.34.30.jar;C:\Users\alwi\.m2\repository\com\vladsch\flexmark\flexmark-ext-jekyll-tag\0.34.30\flexmark-ext-jekyll-tag-0.34.30.jar;C:\Users\alwi\.m2\repository\com\vladsch\flexmark\flexmark-ext-media-tags\0.34.30\flexmark-ext-media-tags-0.34.30.jar;C:\Users\alwi\.m2\repository\com\vladsch\flexmark\flexmark-test-util\0.34.30\flexmark-test-util-0.34.30.jar;C:\Users\alwi\.m2\repository\com\vladsch\flexmark\flexmark-ext-ins\0.34.30\flexmark-ext-ins-0.34.30.jar;C:\Users\alwi\.m2\repository\com\vladsch\flexmark\flexmark-ext-xwiki-macros\0.34.30\flexmark-ext-xwiki-macros-0.34.30.jar;C:\Users\alwi\.m2\repository\com\vladsch\flexmark\flexmark-ext-superscript\0.34.30\flexmark-ext-superscript-0.34.30.jar;C:\Users\alwi\.m2\repository\com\vladsch\flexmark\flexmark-ext-tables\0.34.30\flexmark-ext-tables-0.34.30.jar;C:\Users\alwi\.m2\repository\com\vladsch\flexmark\flexmark-ext-toc\0.34.30\flexmark-ext-toc-0.34.30.jar;C:\Users\alwi\.m2\repository\com\vladsch\flexmark\flexmark-ext-typographic\0.34.30\flexmark-ext-typographic-0.34.30.jar;C:\Users\alwi\.m2\repository\com\vladsch\flexmark\flexmark-ext-wikilink\0.34.30\flexmark-ext-wikilink-0.34.30.jar;C:\Users\alwi\.m2\repository\com\vladsch\flexmark\flexmark-ext-yaml-front-matter\0.34.30\flexmark-ext-yaml-front-matter-0.34.30.jar;C:\Users\alwi\.m2\repository\com\vladsch\flexmark\flexmark-ext-youtube-embedded\0.34.30\flexmark-ext-youtube-embedded-0.34.30.jar;C:\Users\alwi\.m2\repository\com\vladsch\flexmark\flexmark-formatter\0.34.30\flexmark-formatter-0.34.30.jar;C:\Users\alwi\.m2\repository\com\vladsch\flexmark\flexmark-html-parser\0.34.30\flexmark-html-parser-0.34.30.jar;C:\Users\alwi\.m2\repository\com\vladsch\flexmark\flexmark-jira-converter\0.34.30\flexmark-jira-converter-0.34.30.jar;C:\Users\alwi\.m2\repository\com\vladsch\flexmark\flexmark-pdf-converter\0.34.30\flexmark-pdf-converter-0.34.30.jar;C:\Users\alwi\.m2\repository\com\openhtmltopdf\openhtmltopdf-core\0.0.1-RC13\openhtmltopdf-core-0.0.1-RC13.jar;C:\Users\alwi\.m2\repository\com\openhtmltopdf\openhtmltopdf-pdfbox\0.0.1-RC13\openhtmltopdf-pdfbox-0.0.1-RC13.jar;C:\Users\alwi\.m2\repository\org\apache\pdfbox\pdfbox\2.0.8\pdfbox-2.0.8.jar;C:\Users\alwi\.m2\repository\org\apache\pdfbox\fontbox\2.0.8\fontbox-2.0.8.jar;C:\Users\alwi\.m2\repository\commons-logging\commons-logging\1.2\commons-logging-1.2.jar;C:\Users\alwi\.m2\repository\org\apache\pdfbox\xmpbox\2.0.8\xmpbox-2.0.8.jar;C:\Users\alwi\.m2\repository\de\rototor\pdfbox\graphics2d\0.12\graphics2d-0.12.jar;C:\Users\alwi\.m2\repository\com\openhtmltopdf\openhtmltopdf-rtl-support\0.0.1-RC13\openhtmltopdf-rtl-support-0.0.1-RC13.jar;C:\Users\alwi\.m2\repository\com\ibm\icu\icu4j\59.1\icu4j-59.1.jar;C:\Users\alwi\.m2\repository\com\openhtmltopdf\openhtmltopdf-jsoup-dom-converter\0.0.1-RC13\openhtmltopdf-jsoup-dom-converter-0.0.1-RC13.jar;C:\Users\alwi\.m2\repository\com\vladsch\flexmark\flexmark-profile-pegdown\0.34.30\flexmark-profile-pegdown-0.34.30.jar;C:\Users\alwi\.m2\repository\com\vladsch\flexmark\flexmark-util\0.34.30\flexmark-util-0.34.30.jar;C:\Users\alwi\.m2\repository\com\vladsch\flexmark\flexmark-youtrack-converter\0.34.30\flexmark-youtrack-converter-0.34.30.jar;C:\Users\alwi\.m2\repository\es\nitaur\markdown\txtmark\0.16\txtmark-0.16.jar;C:\Users\alwi\.m2\repository\net\serenity-bdd\serenity-report-resources\3.2.1\serenity-report-resources-3.2.1.jar;C:\Users\alwi\.m2\repository\com\google\code\gson\gson\2.9.0\gson-2.9.0.jar;C:\Users\alwi\.m2\repository\com\fasterxml\jackson\core\jackson-core\2.13.2\jackson-core-2.13.2.jar;C:\Users\alwi\.m2\repository\com\fasterxml\jackson\core\jackson-databind\2.13.2\jackson-databind-2.13.2.jar;C:\Users\alwi\.m2\repository\com\fasterxml\jackson\core\jackson-annotations\2.13.2\jackson-annotations-2.13.2.jar;C:\Users\alwi\.m2\repository\commons-codec\commons-codec\1.15\commons-codec-1.15.jar;C:\Users\alwi\.m2\repository\commons-io\commons-io\2.11.0\commons-io-2.11.0.jar;C:\Users\alwi\.m2\repository\org\seleniumhq\selenium\selenium-java\4.1.2\selenium-java-4.1.2.jar;C:\Users\alwi\.m2\repository\org\seleniumhq\selenium\selenium-devtools-v85\4.1.2\selenium-devtools-v85-4.1.2.jar;C:\Users\alwi\.m2\repository\org\seleniumhq\selenium\selenium-devtools-v95\4.1.2\selenium-devtools-v95-4.1.2.jar;C:\Users\alwi\.m2\repository\org\seleniumhq\selenium\selenium-devtools-v96\4.1.2\selenium-devtools-v96-4.1.2.jar;C:\Users\alwi\.m2\repository\org\seleniumhq\selenium\selenium-devtools-v97\4.1.2\selenium-devtools-v97-4.1.2.jar;C:\Users\alwi\.m2\repository\org\seleniumhq\selenium\selenium-firefox-xpi-driver\4.1.2\selenium-firefox-xpi-driver-4.1.2.jar;C:\Users\alwi\.m2\repository\org\seleniumhq\selenium\selenium-opera-driver\4.1.2\selenium-opera-driver-4.1.2.jar;C:\Users\alwi\.m2\repository\org\seleniumhq\selenium\selenium-remote-driver\4.1.2\selenium-remote-driver-4.1.2.jar;C:\Users\alwi\.m2\repository\com\beust\jcommander\1.82\jcommander-1.82.jar;C:\Users\alwi\.m2\repository\io\netty\netty-buffer\4.1.73.Final\netty-buffer-4.1.73.Final.jar;C:\Users\alwi\.m2\repository\io\netty\netty-codec-http\4.1.73.Final\netty-codec-http-4.1.73.Final.jar;C:\Users\alwi\.m2\repository\io\netty\netty-codec\4.1.73.Final\netty-codec-4.1.73.Final.jar;C:\Users\alwi\.m2\repository\io\netty\netty-handler\4.1.73.Final\netty-handler-4.1.73.Final.jar;C:\Users\alwi\.m2\repository\io\netty\netty-tcnative-classes\2.0.46.Final\netty-tcnative-classes-2.0.46.Final.jar;C:\Users\alwi\.m2\repository\io\netty\netty-common\4.1.73.Final\netty-common-4.1.73.Final.jar;C:\Users\alwi\.m2\repository\io\netty\netty-transport-classes-epoll\4.1.73.Final\netty-transport-classes-epoll-4.1.73.Final.jar;C:\Users\alwi\.m2\repository\io\netty\netty-transport-classes-kqueue\4.1.73.Final\netty-transport-classes-kqueue-4.1.73.Final.jar;C:\Users\alwi\.m2\repository\io\netty\netty-transport-native-epoll\4.1.73.Final\netty-transport-native-epoll-4.1.73.Final.jar;C:\Users\alwi\.m2\repository\io\netty\netty-transport-native-kqueue\4.1.73.Final\netty-transport-native-kqueue-4.1.73.Final.jar;C:\Users\alwi\.m2\repository\io\netty\netty-transport-native-unix-common\4.1.73.Final\netty-transport-native-unix-common-4.1.73.Final.jar;C:\Users\alwi\.m2\repository\io\netty\netty-transport\4.1.73.Final\netty-transport-4.1.73.Final.jar;C:\Users\alwi\.m2\repository\io\netty\netty-resolver\4.1.73.Final\netty-resolver-4.1.73.Final.jar;C:\Users\alwi\.m2\repository\io\opentelemetry\opentelemetry-api\1.10.1\opentelemetry-api-1.10.1.jar;C:\Users\alwi\.m2\repository\io\opentelemetry\opentelemetry-context\1.10.1\opentelemetry-context-1.10.1.jar;C:\Users\alwi\.m2\repository\io\opentelemetry\opentelemetry-exporter-logging\1.10.1\opentelemetry-exporter-logging-1.10.1.jar;C:\Users\alwi\.m2\repository\io\opentelemetry\opentelemetry-sdk-metrics\1.10.1-alpha\opentelemetry-sdk-metrics-1.10.1-alpha.jar;C:\Users\alwi\.m2\repository\io\opentelemetry\opentelemetry-sdk-logs\1.10.1-alpha\opentelemetry-sdk-logs-1.10.1-alpha.jar;C:\Users\alwi\.m2\repository\io\opentelemetry\opentelemetry-sdk-common\1.10.1\opentelemetry-sdk-common-1.10.1.jar;C:\Users\alwi\.m2\repository\io\opentelemetry\opentelemetry-sdk-extension-autoconfigure-spi\1.10.1\opentelemetry-sdk-extension-autoconfigure-spi-1.10.1.jar;C:\Users\alwi\.m2\repository\io\opentelemetry\opentelemetry-sdk-extension-autoconfigure\1.10.1-alpha\opentelemetry-sdk-extension-autoconfigure-1.10.1-alpha.jar;C:\Users\alwi\.m2\repository\io\opentelemetry\opentelemetry-sdk-trace\1.10.1\opentelemetry-sdk-trace-1.10.1.jar;C:\Users\alwi\.m2\repository\io\opentelemetry\opentelemetry-sdk\1.10.1\opentelemetry-sdk-1.10.1.jar;C:\Users\alwi\.m2\repository\io\opentelemetry\opentelemetry-semconv\1.10.1-alpha\opentelemetry-semconv-1.10.1-alpha.jar;C:\Users\alwi\.m2\repository\io\ous\jtoml\2.0.0\jtoml-2.0.0.jar;C:\Users\alwi\.m2\repository\org\apache\commons\commons-exec\1.3\commons-exec-1.3.jar;C:\Users\alwi\.m2\repository\org\asynchttpclient\async-http-client\2.12.3\async-http-client-2.12.3.jar;C:\Users\alwi\.m2\repository\org\asynchttpclient\async-http-client-netty-utils\2.12.3\async-http-client-netty-utils-2.12.3.jar;C:\Users\alwi\.m2\repository\io\netty\netty-codec-socks\4.1.60.Final\netty-codec-socks-4.1.60.Final.jar;C:\Users\alwi\.m2\repository\io\netty\netty-handler-proxy\4.1.60.Final\netty-handler-proxy-4.1.60.Final.jar;C:\Users\alwi\.m2\repository\io\netty\netty-transport-native-epoll\4.1.60.Final\netty-transport-native-epoll-4.1.60.Final-linux-x86_64.jar;C:\Users\alwi\.m2\repository\io\netty\netty-transport-native-kqueue\4.1.60.Final\netty-transport-native-kqueue-4.1.60.Final-osx-x86_64.jar;C:\Users\alwi\.m2\repository\org\reactivestreams\reactive-streams\1.0.3\reactive-streams-1.0.3.jar;C:\Users\alwi\.m2\repository\com\typesafe\netty\netty-reactive-streams\2.0.4\netty-reactive-streams-2.0.4.jar;C:\Users\alwi\.m2\repository\org\seleniumhq\selenium\selenium-http\4.1.2\selenium-http-4.1.2.jar;C:\Users\alwi\.m2\repository\net\jodah\failsafe\2.4.4\failsafe-2.4.4.jar;C:\Users\alwi\.m2\repository\org\seleniumhq\selenium\selenium-safari-driver\4.1.2\selenium-safari-driver-4.1.2.jar;C:\Users\alwi\.m2\repository\org\seleniumhq\selenium\selenium-api\4.1.2\selenium-api-4.1.2.jar;C:\Users\alwi\.m2\repository\org\seleniumhq\selenium\selenium-support\4.1.2\selenium-support-4.1.2.jar;C:\Users\alwi\.m2\repository\com\google\auto\service\auto-service-annotations\1.0.1\auto-service-annotations-1.0.1.jar;C:\Users\alwi\.m2\repository\com\google\auto\service\auto-service\1.0.1\auto-service-1.0.1.jar;C:\Users\alwi\.m2\repository\com\google\auto\auto-common\1.2\auto-common-1.2.jar;C:\Users\alwi\.m2\repository\org\seleniumhq\selenium\selenium-json\4.1.2\selenium-json-4.1.2.jar;C:\Users\alwi\.m2\repository\org\seleniumhq\selenium\selenium-chrome-driver\4.1.2\selenium-chrome-driver-4.1.2.jar;C:\Users\alwi\.m2\repository\org\seleniumhq\selenium\selenium-chromium-driver\4.1.2\selenium-chromium-driver-4.1.2.jar;C:\Users\alwi\.m2\repository\org\seleniumhq\selenium\selenium-firefox-driver\4.1.2\selenium-firefox-driver-4.1.2.jar;C:\Users\alwi\.m2\repository\org\seleniumhq\selenium\selenium-edge-driver\4.1.2\selenium-edge-driver-4.1.2.jar;C:\Users\alwi\.m2\repository\org\seleniumhq\selenium\selenium-ie-driver\4.1.2\selenium-ie-driver-4.1.2.jar;C:\Users\alwi\.m2\repository\org\projectlombok\lombok\1.18.20\lombok-1.18.20.jar;C:\Users\alwi\.m2\repository\io\appium\java-client\8.0.0\java-client-8.0.0.jar;C:\Users\alwi\.m2\repository\commons-validator\commons-validator\1.7\commons-validator-1.7.jar;C:\Users\alwi\.m2\repository\commons-digester\commons-digester\2.1\commons-digester-2.1.jar;C:\Users\alwi\.m2\repository\org\aspectj\aspectjweaver\1.9.8\aspectjweaver-1.9.8.jar;C:\Users\alwi\.m2\repository\org\codehaus\groovy\groovy\3.0.10\groovy-3.0.10.jar;C:\Users\alwi\.m2\repository\net\sf\opencsv\opencsv\2.0\opencsv-2.0.jar;C:\Users\alwi\.m2\repository\commons-beanutils\commons-beanutils\1.9.4\commons-beanutils-1.9.4.jar;C:\Users\alwi\.m2\repository\org\apache\commons\commons-lang3\3.12.0\commons-lang3-3.12.0.jar;C:\Users\alwi\.m2\repository\commons-collections\commons-collections\3.2.2\commons-collections-3.2.2.jar;C:\Users\alwi\.m2\repository\org\fluentlenium\fluentlenium-core\0.10.2\fluentlenium-core-0.10.2.jar;C:\Users\alwi\.m2\repository\io\github\bonigarcia\webdrivermanager\5.1.0\webdrivermanager-5.1.0.jar;C:\Users\alwi\.m2\repository\com\github\docker-java\docker-java\3.2.13\docker-java-3.2.13.jar;C:\Users\alwi\.m2\repository\com\github\docker-java\docker-java-core\3.2.13\docker-java-core-3.2.13.jar;C:\Users\alwi\.m2\repository\com\github\docker-java\docker-java-api\3.2.13\docker-java-api-3.2.13.jar;C:\Users\alwi\.m2\repository\org\apache\commons\commons-compress\1.21\commons-compress-1.21.jar;C:\Users\alwi\.m2\repository\org\bouncycastle\bcpkix-jdk15on\1.64\bcpkix-jdk15on-1.64.jar;C:\Users\alwi\.m2\repository\org\bouncycastle\bcprov-jdk15on\1.64\bcprov-jdk15on-1.64.jar;C:\Users\alwi\.m2\repository\org\slf4j\jcl-over-slf4j\1.7.30\jcl-over-slf4j-1.7.30.jar;C:\Users\alwi\.m2\repository\com\github\docker-java\docker-java-transport-httpclient5\3.2.13\docker-java-transport-httpclient5-3.2.13.jar;C:\Users\alwi\.m2\repository\com\github\docker-java\docker-java-transport\3.2.13\docker-java-transport-3.2.13.jar;C:\Users\alwi\.m2\repository\org\apache\httpcomponents\client5\httpclient5\5.0.3\httpclient5-5.0.3.jar;C:\Users\alwi\.m2\repository\org\apache\httpcomponents\core5\httpcore5\5.0.2\httpcore5-5.0.2.jar;C:\Users\alwi\.m2\repository\net\java\dev\jna\jna\5.8.0\jna-5.8.0.jar;C:\Users\alwi\.m2\repository\org\brotli\dec\0.1.2\dec-0.1.2.jar;C:\Users\alwi\.m2\repository\com\jhlabs\filters\2.0.235\filters-2.0.235.jar;C:\Users\alwi\.m2\repository\com\paulhammant\ngwebdriver\1.1.6\ngwebdriver-1.1.6.jar;C:\Users\alwi\.m2\repository\joda-time\joda-time\2.8.2\joda-time-2.8.2.jar;C:\Users\alwi\.m2\repository\org\hamcrest\hamcrest\2.2\hamcrest-2.2.jar;C:\Users\alwi\.m2\repository\com\google\jimfs\jimfs\1.2\jimfs-1.2.jar;C:\Users\alwi\.m2\repository\org\mockito\mockito-core\3.3.3\mockito-core-3.3.3.jar;C:\Users\alwi\.m2\repository\javax\xml\bind\jaxb-api\2.3.1\jaxb-api-2.3.1.jar;C:\Users\alwi\.m2\repository\javax\activation\javax.activation-api\1.2.0\javax.activation-api-1.2.0.jar;C:\Users\alwi\.m2\repository\com\sun\xml\bind\jaxb-core\2.3.0.1\jaxb-core-2.3.0.1.jar;C:\Users\alwi\.m2\repository\com\sun\xml\bind\jaxb-impl\2.3.3\jaxb-impl-2.3.3.jar;C:\Users\alwi\.m2\repository\jakarta\xml\bind\jakarta.xml.bind-api\2.3.3\jakarta.xml.bind-api-2.3.3.jar;C:\Users\alwi\.m2\repository\com\sun\activation\jakarta.activation\1.2.2\jakarta.activation-1.2.2.jar;C:\Users\alwi\.m2\repository\javax\activation\activation\1.1.1\activation-1.1.1.jar;C:\Users\alwi\.m2\repository\net\serenity-bdd\serenity-cucumber\3.2.1\serenity-cucumber-3.2.1.jar;C:\Users\alwi\.m2\repository\io\cucumber\cucumber-core\7.2.3\cucumber-core-7.2.3.jar;C:\Users\alwi\.m2\repository\io\cucumber\cucumber-gherkin\7.2.3\cucumber-gherkin-7.2.3.jar;C:\Users\alwi\.m2\repository\io\cucumber\cucumber-gherkin-messages\7.2.3\cucumber-gherkin-messages-7.2.3.jar;C:\Users\alwi\.m2\repository\io\cucumber\messages\17.1.1\messages-17.1.1.jar;C:\Users\alwi\.m2\repository\io\cucumber\tag-expressions\4.1.0\tag-expressions-4.1.0.jar;C:\Users\alwi\.m2\repository\io\cucumber\cucumber-expressions\15.0.1\cucumber-expressions-15.0.1.jar;C:\Users\alwi\.m2\repository\io\cucumber\datatable\7.2.3\datatable-7.2.3.jar;C:\Users\alwi\.m2\repository\io\cucumber\cucumber-plugin\7.2.3\cucumber-plugin-7.2.3.jar;C:\Users\alwi\.m2\repository\io\cucumber\docstring\7.2.3\docstring-7.2.3.jar;C:\Users\alwi\.m2\repository\io\cucumber\html-formatter\17.0.0\html-formatter-17.0.0.jar;C:\Users\alwi\.m2\repository\io\cucumber\ci-environment\8.1.0\ci-environment-8.1.0.jar;C:\Users\alwi\.m2\repository\io\cucumber\cucumber-junit\7.2.3\cucumber-junit-7.2.3.jar;C:\Users\alwi\.m2\repository\org\apache\commons\commons-csv\1.5\commons-csv-1.5.jar;C:\Users\alwi\.m2\repository\net\serenity-bdd\serenity-screenplay\3.2.1\serenity-screenplay-3.2.1.jar;C:\Users\alwi\.m2\repository\net\serenity-bdd\serenity-screenplay-webdriver\3.2.1\serenity-screenplay-webdriver-3.2.1.jar;C:\Users\alwi\.m2\repository\net\serenity-bdd\serenity-ensure\3.2.1\serenity-ensure-3.2.1.jar;C:\Users\alwi\.m2\repository\net\serenity-bdd\serenity-junit\3.2.1\serenity-junit-3.2.1.jar;C:\Users\alwi\.m2\repository\org\jetbrains\kotlin\kotlin-stdlib\1.6.0\kotlin-stdlib-1.6.0.jar;C:\Users\alwi\.m2\repository\org\jetbrains\annotations\13.0\annotations-13.0.jar;C:\Users\alwi\.m2\repository\org\jetbrains\kotlin\kotlin-stdlib-common\1.6.0\kotlin-stdlib-common-1.6.0.jar;C:\Users\alwi\.m2\repository\org\junit\platform\junit-platform-launcher\1.8.1\junit-platform-launcher-1.8.1.jar;C:\Users\alwi\.m2\repository\org\junit\platform\junit-platform-engine\1.8.1\junit-platform-engine-1.8.1.jar;C:\Users\alwi\.m2\repository\org\opentest4j\opentest4j\1.2.0\opentest4j-1.2.0.jar;C:\Users\alwi\.m2\repository\org\junit\platform\junit-platform-commons\1.8.1\junit-platform-commons-1.8.1.jar;C:\Users\alwi\.m2\repository\org\apiguardian\apiguardian-api\1.1.2\apiguardian-api-1.1.2.jar;C:\Users\alwi\.m2\repository\org\junit\jupiter\junit-jupiter-engine\5.8.2\junit-jupiter-engine-5.8.2.jar;C:\Users\alwi\.m2\repository\org\junit\jupiter\junit-jupiter-api\5.8.2\junit-jupiter-api-5.8.2.jar;C:\Users\alwi\.m2\repository\org\junit\vintage\junit-vintage-engine\5.8.2\junit-vintage-engine-5.8.2.jar;C:\Users\alwi\.m2\repository\junit\junit\4.13.2\junit-4.13.2.jar;C:\Users\alwi\.m2\repository\org\hamcrest\hamcrest-core\1.3\hamcrest-core-1.3.jar;C:\Users\alwi\.m2\repository\ch\qos\logback\logback-classic\1.2.10\logback-classic-1.2.10.jar;C:\Users\alwi\.m2\repository\ch\qos\logback\logback-core\1.2.10\logback-core-1.2.10.jar;C:\Users\alwi\.m2\repository\org\slf4j\slf4j-api\1.7.32\slf4j-api-1.7.32.jar;C:\Users\alwi\.m2\repository\org\assertj\assertj-core\3.6.2\assertj-core-3.6.2.jar;"/>
    <property name="sun.cpu.endian" value="little"/>
    <property name="user.home" value="C:\Users\alwi"/>
    <property name="user.language" value="en"/>
    <property name="java.specification.vendor" value="Oracle Corporation"/>
    <property name="jdk.module.path" value="C:\Users\alwi\IdeaProjects\uniqloweb\target\uniqloweb-1.0-SNAPSHOT.jar"/>
    <property name="java.version.date" value="2020-01-14"/>
    <property name="java.home" value="C:\Program Files\Java\jdk-13.0.2"/>
    <property name="file.separator" value="\"/>
    <property name="basedir" value="C:\Users\alwi\IdeaProjects\uniqloweb"/>
    <property name="java.vm.compressedOopsMode" value="Zero based"/>
    <property name="line.separator" value="&#10;"/>
    <property name="java.vm.specification.vendor" value="Oracle Corporation"/>
    <property name="java.specification.name" value="Java Platform API Specification"/>
    <property name="surefire.real.class.path" value="C:\Users\alwi\.m2\repository\org\apache\maven\surefire\surefire-booter\3.0.0-M5\surefire-booter-3.0.0-M5.jar;C:\Users\alwi\.m2\repository\org\apache\maven\surefire\surefire-api\3.0.0-M5\surefire-api-3.0.0-M5.jar;C:\Users\alwi\.m2\repository\org\apache\maven\surefire\surefire-logger-api\3.0.0-M5\surefire-logger-api-3.0.0-M5.jar;C:\Users\alwi\.m2\repository\org\apache\maven\surefire\surefire-shared-utils\3.0.0-M4\surefire-shared-utils-3.0.0-M4.jar;C:\Users\alwi\.m2\repository\org\apache\maven\surefire\surefire-extensions-spi\3.0.0-M5\surefire-extensions-spi-3.0.0-M5.jar;C:\Users\alwi\IdeaProjects\uniqloweb\target\test-classes;C:\Users\alwi\.m2\repository\net\serenity-bdd\serenity-core\3.2.1\serenity-core-3.2.1.jar;C:\Users\alwi\.m2\repository\net\serenity-bdd\serenity-model\3.2.1\serenity-model-3.2.1.jar;C:\Users\alwi\.m2\repository\org\apache\commons\commons-text\1.9\commons-text-1.9.jar;C:\Users\alwi\.m2\repository\commons-net\commons-net\3.8.0\commons-net-3.8.0.jar;C:\Users\alwi\.m2\repository\com\google\guava\guava\31.1-jre\guava-31.1-jre.jar;C:\Users\alwi\.m2\repository\com\google\guava\failureaccess\1.0.1\failureaccess-1.0.1.jar;C:\Users\alwi\.m2\repository\com\google\guava\listenablefuture\9999.0-empty-to-avoid-conflict-with-guava\listenablefuture-9999.0-empty-to-avoid-conflict-with-guava.jar;C:\Users\alwi\.m2\repository\com\google\code\findbugs\jsr305\3.0.2\jsr305-3.0.2.jar;C:\Users\alwi\.m2\repository\org\checkerframework\checker-qual\3.12.0\checker-qual-3.12.0.jar;C:\Users\alwi\.m2\repository\com\google\errorprone\error_prone_annotations\2.11.0\error_prone_annotations-2.11.0.jar;C:\Users\alwi\.m2\repository\com\google\j2objc\j2objc-annotations\1.3\j2objc-annotations-1.3.jar;C:\Users\alwi\.m2\repository\com\google\inject\guice\5.1.0\guice-5.1.0.jar;C:\Users\alwi\.m2\repository\javax\inject\javax.inject\1\javax.inject-1.jar;C:\Users\alwi\.m2\repository\aopalliance\aopalliance\1.0\aopalliance-1.0.jar;C:\Users\alwi\.m2\repository\org\jsoup\jsoup\1.14.3\jsoup-1.14.3.jar;C:\Users\alwi\.m2\repository\com\thoughtworks\xstream\xstream\1.4.19\xstream-1.4.19.jar;C:\Users\alwi\.m2\repository\io\github\x-stream\mxparser\1.2.2\mxparser-1.2.2.jar;C:\Users\alwi\.m2\repository\xmlpull\xmlpull\1.1.3.1\xmlpull-1.1.3.1.jar;C:\Users\alwi\.m2\repository\io\cucumber\cucumber-java\7.2.3\cucumber-java-7.2.3.jar;C:\Users\alwi\.m2\repository\com\typesafe\config\1.4.2\config-1.4.2.jar;C:\Users\alwi\.m2\repository\org\imgscalr\imgscalr-lib\4.2\imgscalr-lib-4.2.jar;C:\Users\alwi\.m2\repository\org\awaitility\awaitility\4.2.0\awaitility-4.2.0.jar;C:\Users\alwi\.m2\repository\org\freemarker\freemarker\2.3.31\freemarker-2.3.31.jar;C:\Users\alwi\.m2\repository\io\github\classgraph\classgraph\4.8.138\classgraph-4.8.138.jar;C:\Users\alwi\.m2\repository\net\sourceforge\jexcelapi\jxl\2.6.12\jxl-2.6.12.jar;C:\Users\alwi\.m2\repository\net\bytebuddy\byte-buddy\1.12.8\byte-buddy-1.12.8.jar;C:\Users\alwi\.m2\repository\net\bytebuddy\byte-buddy-agent\1.12.8\byte-buddy-agent-1.12.8.jar;C:\Users\alwi\.m2\repository\org\objenesis\objenesis\3.1\objenesis-3.1.jar;C:\Users\alwi\.m2\repository\net\serenity-bdd\serenity-reports\3.2.1\serenity-reports-3.2.1.jar;C:\Users\alwi\.m2\repository\net\serenity-bdd\serenity-stats\3.2.1\serenity-stats-3.2.1.jar;C:\Users\alwi\.m2\repository\net\serenity-bdd\serenity-reports-configuration\3.2.1\serenity-reports-configuration-3.2.1.jar;C:\Users\alwi\.m2\repository\com\vladsch\flexmark\flexmark-all\0.34.30\flexmark-all-0.34.30.jar;C:\Users\alwi\.m2\repository\com\vladsch\flexmark\flexmark\0.34.30\flexmark-0.34.30.jar;C:\Users\alwi\.m2\repository\com\vladsch\flexmark\flexmark-ext-abbreviation\0.34.30\flexmark-ext-abbreviation-0.34.30.jar;C:\Users\alwi\.m2\repository\com\vladsch\flexmark\flexmark-ext-admonition\0.34.30\flexmark-ext-admonition-0.34.30.jar;C:\Users\alwi\.m2\repository\com\vladsch\flexmark\flexmark-ext-anchorlink\0.34.30\flexmark-ext-anchorlink-0.34.30.jar;C:\Users\alwi\.m2\repository\com\vladsch\flexmark\flexmark-ext-aside\0.34.30\flexmark-ext-aside-0.34.30.jar;C:\Users\alwi\.m2\repository\com\vladsch\flexmark\flexmark-ext-attributes\0.34.30\flexmark-ext-attributes-0.34.30.jar;C:\Users\alwi\.m2\repository\com\vladsch\flexmark\flexmark-ext-autolink\0.34.30\flexmark-ext-autolink-0.34.30.jar;C:\Users\alwi\.m2\repository\org\nibor\autolink\autolink\0.6.0\autolink-0.6.0.jar;C:\Users\alwi\.m2\repository\com\vladsch\flexmark\flexmark-ext-definition\0.34.30\flexmark-ext-definition-0.34.30.jar;C:\Users\alwi\.m2\repository\com\vladsch\flexmark\flexmark-ext-emoji\0.34.30\flexmark-ext-emoji-0.34.30.jar;C:\Users\alwi\.m2\repository\com\vladsch\flexmark\flexmark-ext-enumerated-reference\0.34.30\flexmark-ext-enumerated-reference-0.34.30.jar;C:\Users\alwi\.m2\repository\com\vladsch\flexmark\flexmark-ext-escaped-character\0.34.30\flexmark-ext-escaped-character-0.34.30.jar;C:\Users\alwi\.m2\repository\com\vladsch\flexmark\flexmark-ext-footnotes\0.34.30\flexmark-ext-footnotes-0.34.30.jar;C:\Users\alwi\.m2\repository\com\vladsch\flexmark\flexmark-ext-gfm-issues\0.34.30\flexmark-ext-gfm-issues-0.34.30.jar;C:\Users\alwi\.m2\repository\com\vladsch\flexmark\flexmark-ext-gfm-strikethrough\0.34.30\flexmark-ext-gfm-strikethrough-0.34.30.jar;C:\Users\alwi\.m2\repository\com\vladsch\flexmark\flexmark-ext-gfm-tables\0.34.30\flexmark-ext-gfm-tables-0.34.30.jar;C:\Users\alwi\.m2\repository\com\vladsch\flexmark\flexmark-ext-gfm-tasklist\0.34.30\flexmark-ext-gfm-tasklist-0.34.30.jar;C:\Users\alwi\.m2\repository\com\vladsch\flexmark\flexmark-ext-gfm-users\0.34.30\flexmark-ext-gfm-users-0.34.30.jar;C:\Users\alwi\.m2\repository\com\vladsch\flexmark\flexmark-ext-gitlab\0.34.30\flexmark-ext-gitlab-0.34.30.jar;C:\Users\alwi\.m2\repository\com\vladsch\flexmark\flexmark-ext-jekyll-front-matter\0.34.30\flexmark-ext-jekyll-front-matter-0.34.30.jar;C:\Users\alwi\.m2\repository\com\vladsch\flexmark\flexmark-ext-jekyll-tag\0.34.30\flexmark-ext-jekyll-tag-0.34.30.jar;C:\Users\alwi\.m2\repository\com\vladsch\flexmark\flexmark-ext-media-tags\0.34.30\flexmark-ext-media-tags-0.34.30.jar;C:\Users\alwi\.m2\repository\com\vladsch\flexmark\flexmark-test-util\0.34.30\flexmark-test-util-0.34.30.jar;C:\Users\alwi\.m2\repository\com\vladsch\flexmark\flexmark-ext-ins\0.34.30\flexmark-ext-ins-0.34.30.jar;C:\Users\alwi\.m2\repository\com\vladsch\flexmark\flexmark-ext-xwiki-macros\0.34.30\flexmark-ext-xwiki-macros-0.34.30.jar;C:\Users\alwi\.m2\repository\com\vladsch\flexmark\flexmark-ext-superscript\0.34.30\flexmark-ext-superscript-0.34.30.jar;C:\Users\alwi\.m2\repository\com\vladsch\flexmark\flexmark-ext-tables\0.34.30\flexmark-ext-tables-0.34.30.jar;C:\Users\alwi\.m2\repository\com\vladsch\flexmark\flexmark-ext-toc\0.34.30\flexmark-ext-toc-0.34.30.jar;C:\Users\alwi\.m2\repository\com\vladsch\flexmark\flexmark-ext-typographic\0.34.30\flexmark-ext-typographic-0.34.30.jar;C:\Users\alwi\.m2\repository\com\vladsch\flexmark\flexmark-ext-wikilink\0.34.30\flexmark-ext-wikilink-0.34.30.jar;C:\Users\alwi\.m2\repository\com\vladsch\flexmark\flexmark-ext-yaml-front-matter\0.34.30\flexmark-ext-yaml-front-matter-0.34.30.jar;C:\Users\alwi\.m2\repository\com\vladsch\flexmark\flexmark-ext-youtube-embedded\0.34.30\flexmark-ext-youtube-embedded-0.34.30.jar;C:\Users\alwi\.m2\repository\com\vladsch\flexmark\flexmark-formatter\0.34.30\flexmark-formatter-0.34.30.jar;C:\Users\alwi\.m2\repository\com\vladsch\flexmark\flexmark-html-parser\0.34.30\flexmark-html-parser-0.34.30.jar;C:\Users\alwi\.m2\repository\com\vladsch\flexmark\flexmark-jira-converter\0.34.30\flexmark-jira-converter-0.34.30.jar;C:\Users\alwi\.m2\repository\com\vladsch\flexmark\flexmark-pdf-converter\0.34.30\flexmark-pdf-converter-0.34.30.jar;C:\Users\alwi\.m2\repository\com\openhtmltopdf\openhtmltopdf-core\0.0.1-RC13\openhtmltopdf-core-0.0.1-RC13.jar;C:\Users\alwi\.m2\repository\com\openhtmltopdf\openhtmltopdf-pdfbox\0.0.1-RC13\openhtmltopdf-pdfbox-0.0.1-RC13.jar;C:\Users\alwi\.m2\repository\org\apache\pdfbox\pdfbox\2.0.8\pdfbox-2.0.8.jar;C:\Users\alwi\.m2\repository\org\apache\pdfbox\fontbox\2.0.8\fontbox-2.0.8.jar;C:\Users\alwi\.m2\repository\commons-logging\commons-logging\1.2\commons-logging-1.2.jar;C:\Users\alwi\.m2\repository\org\apache\pdfbox\xmpbox\2.0.8\xmpbox-2.0.8.jar;C:\Users\alwi\.m2\repository\de\rototor\pdfbox\graphics2d\0.12\graphics2d-0.12.jar;C:\Users\alwi\.m2\repository\com\openhtmltopdf\openhtmltopdf-rtl-support\0.0.1-RC13\openhtmltopdf-rtl-support-0.0.1-RC13.jar;C:\Users\alwi\.m2\repository\com\ibm\icu\icu4j\59.1\icu4j-59.1.jar;C:\Users\alwi\.m2\repository\com\openhtmltopdf\openhtmltopdf-jsoup-dom-converter\0.0.1-RC13\openhtmltopdf-jsoup-dom-converter-0.0.1-RC13.jar;C:\Users\alwi\.m2\repository\com\vladsch\flexmark\flexmark-profile-pegdown\0.34.30\flexmark-profile-pegdown-0.34.30.jar;C:\Users\alwi\.m2\repository\com\vladsch\flexmark\flexmark-util\0.34.30\flexmark-util-0.34.30.jar;C:\Users\alwi\.m2\repository\com\vladsch\flexmark\flexmark-youtrack-converter\0.34.30\flexmark-youtrack-converter-0.34.30.jar;C:\Users\alwi\.m2\repository\es\nitaur\markdown\txtmark\0.16\txtmark-0.16.jar;C:\Users\alwi\.m2\repository\net\serenity-bdd\serenity-report-resources\3.2.1\serenity-report-resources-3.2.1.jar;C:\Users\alwi\.m2\repository\com\google\code\gson\gson\2.9.0\gson-2.9.0.jar;C:\Users\alwi\.m2\repository\com\fasterxml\jackson\core\jackson-core\2.13.2\jackson-core-2.13.2.jar;C:\Users\alwi\.m2\repository\com\fasterxml\jackson\core\jackson-databind\2.13.2\jackson-databind-2.13.2.jar;C:\Users\alwi\.m2\repository\com\fasterxml\jackson\core\jackson-annotations\2.13.2\jackson-annotations-2.13.2.jar;C:\Users\alwi\.m2\repository\commons-codec\commons-codec\1.15\commons-codec-1.15.jar;C:\Users\alwi\.m2\repository\commons-io\commons-io\2.11.0\commons-io-2.11.0.jar;C:\Users\alwi\.m2\repository\org\seleniumhq\selenium\selenium-java\4.1.2\selenium-java-4.1.2.jar;C:\Users\alwi\.m2\repository\org\seleniumhq\selenium\selenium-devtools-v85\4.1.2\selenium-devtools-v85-4.1.2.jar;C:\Users\alwi\.m2\repository\org\seleniumhq\selenium\selenium-devtools-v95\4.1.2\selenium-devtools-v95-4.1.2.jar;C:\Users\alwi\.m2\repository\org\seleniumhq\selenium\selenium-devtools-v96\4.1.2\selenium-devtools-v96-4.1.2.jar;C:\Users\alwi\.m2\repository\org\seleniumhq\selenium\selenium-devtools-v97\4.1.2\selenium-devtools-v97-4.1.2.jar;C:\Users\alwi\.m2\repository\org\seleniumhq\selenium\selenium-firefox-xpi-driver\4.1.2\selenium-firefox-xpi-driver-4.1.2.jar;C:\Users\alwi\.m2\repository\org\seleniumhq\selenium\selenium-opera-driver\4.1.2\selenium-opera-driver-4.1.2.jar;C:\Users\alwi\.m2\repository\org\seleniumhq\selenium\selenium-remote-driver\4.1.2\selenium-remote-driver-4.1.2.jar;C:\Users\alwi\.m2\repository\com\beust\jcommander\1.82\jcommander-1.82.jar;C:\Users\alwi\.m2\repository\io\netty\netty-buffer\4.1.73.Final\netty-buffer-4.1.73.Final.jar;C:\Users\alwi\.m2\repository\io\netty\netty-codec-http\4.1.73.Final\netty-codec-http-4.1.73.Final.jar;C:\Users\alwi\.m2\repository\io\netty\netty-codec\4.1.73.Final\netty-codec-4.1.73.Final.jar;C:\Users\alwi\.m2\repository\io\netty\netty-handler\4.1.73.Final\netty-handler-4.1.73.Final.jar;C:\Users\alwi\.m2\repository\io\netty\netty-tcnative-classes\2.0.46.Final\netty-tcnative-classes-2.0.46.Final.jar;C:\Users\alwi\.m2\repository\io\netty\netty-common\4.1.73.Final\netty-common-4.1.73.Final.jar;C:\Users\alwi\.m2\repository\io\netty\netty-transport-classes-epoll\4.1.73.Final\netty-transport-classes-epoll-4.1.73.Final.jar;C:\Users\alwi\.m2\repository\io\netty\netty-transport-classes-kqueue\4.1.73.Final\netty-transport-classes-kqueue-4.1.73.Final.jar;C:\Users\alwi\.m2\repository\io\netty\netty-transport-native-epoll\4.1.73.Final\netty-transport-native-epoll-4.1.73.Final.jar;C:\Users\alwi\.m2\repository\io\netty\netty-transport-native-kqueue\4.1.73.Final\netty-transport-native-kqueue-4.1.73.Final.jar;C:\Users\alwi\.m2\repository\io\netty\netty-transport-native-unix-common\4.1.73.Final\netty-transport-native-unix-common-4.1.73.Final.jar;C:\Users\alwi\.m2\repository\io\netty\netty-transport\4.1.73.Final\netty-transport-4.1.73.Final.jar;C:\Users\alwi\.m2\repository\io\netty\netty-resolver\4.1.73.Final\netty-resolver-4.1.73.Final.jar;C:\Users\alwi\.m2\repository\io\opentelemetry\opentelemetry-api\1.10.1\opentelemetry-api-1.10.1.jar;C:\Users\alwi\.m2\repository\io\opentelemetry\opentelemetry-context\1.10.1\opentelemetry-context-1.10.1.jar;C:\Users\alwi\.m2\repository\io\opentelemetry\opentelemetry-exporter-logging\1.10.1\opentelemetry-exporter-logging-1.10.1.jar;C:\Users\alwi\.m2\repository\io\opentelemetry\opentelemetry-sdk-metrics\1.10.1-alpha\opentelemetry-sdk-metrics-1.10.1-alpha.jar;C:\Users\alwi\.m2\repository\io\opentelemetry\opentelemetry-sdk-logs\1.10.1-alpha\opentelemetry-sdk-logs-1.10.1-alpha.jar;C:\Users\alwi\.m2\repository\io\opentelemetry\opentelemetry-sdk-common\1.10.1\opentelemetry-sdk-common-1.10.1.jar;C:\Users\alwi\.m2\repository\io\opentelemetry\opentelemetry-sdk-extension-autoconfigure-spi\1.10.1\opentelemetry-sdk-extension-autoconfigure-spi-1.10.1.jar;C:\Users\alwi\.m2\repository\io\opentelemetry\opentelemetry-sdk-extension-autoconfigure\1.10.1-alpha\opentelemetry-sdk-extension-autoconfigure-1.10.1-alpha.jar;C:\Users\alwi\.m2\repository\io\opentelemetry\opentelemetry-sdk-trace\1.10.1\opentelemetry-sdk-trace-1.10.1.jar;C:\Users\alwi\.m2\repository\io\opentelemetry\opentelemetry-sdk\1.10.1\opentelemetry-sdk-1.10.1.jar;C:\Users\alwi\.m2\repository\io\opentelemetry\opentelemetry-semconv\1.10.1-alpha\opentelemetry-semconv-1.10.1-alpha.jar;C:\Users\alwi\.m2\repository\io\ous\jtoml\2.0.0\jtoml-2.0.0.jar;C:\Users\alwi\.m2\repository\org\apache\commons\commons-exec\1.3\commons-exec-1.3.jar;C:\Users\alwi\.m2\repository\org\asynchttpclient\async-http-client\2.12.3\async-http-client-2.12.3.jar;C:\Users\alwi\.m2\repository\org\asynchttpclient\async-http-client-netty-utils\2.12.3\async-http-client-netty-utils-2.12.3.jar;C:\Users\alwi\.m2\repository\io\netty\netty-codec-socks\4.1.60.Final\netty-codec-socks-4.1.60.Final.jar;C:\Users\alwi\.m2\repository\io\netty\netty-handler-proxy\4.1.60.Final\netty-handler-proxy-4.1.60.Final.jar;C:\Users\alwi\.m2\repository\io\netty\netty-transport-native-epoll\4.1.60.Final\netty-transport-native-epoll-4.1.60.Final-linux-x86_64.jar;C:\Users\alwi\.m2\repository\io\netty\netty-transport-native-kqueue\4.1.60.Final\netty-transport-native-kqueue-4.1.60.Final-osx-x86_64.jar;C:\Users\alwi\.m2\repository\org\reactivestreams\reactive-streams\1.0.3\reactive-streams-1.0.3.jar;C:\Users\alwi\.m2\repository\com\typesafe\netty\netty-reactive-streams\2.0.4\netty-reactive-streams-2.0.4.jar;C:\Users\alwi\.m2\repository\org\seleniumhq\selenium\selenium-http\4.1.2\selenium-http-4.1.2.jar;C:\Users\alwi\.m2\repository\net\jodah\failsafe\2.4.4\failsafe-2.4.4.jar;C:\Users\alwi\.m2\repository\org\seleniumhq\selenium\selenium-safari-driver\4.1.2\selenium-safari-driver-4.1.2.jar;C:\Users\alwi\.m2\repository\org\seleniumhq\selenium\selenium-api\4.1.2\selenium-api-4.1.2.jar;C:\Users\alwi\.m2\repository\org\seleniumhq\selenium\selenium-support\4.1.2\selenium-support-4.1.2.jar;C:\Users\alwi\.m2\repository\com\google\auto\service\auto-service-annotations\1.0.1\auto-service-annotations-1.0.1.jar;C:\Users\alwi\.m2\repository\com\google\auto\service\auto-service\1.0.1\auto-service-1.0.1.jar;C:\Users\alwi\.m2\repository\com\google\auto\auto-common\1.2\auto-common-1.2.jar;C:\Users\alwi\.m2\repository\org\seleniumhq\selenium\selenium-json\4.1.2\selenium-json-4.1.2.jar;C:\Users\alwi\.m2\repository\org\seleniumhq\selenium\selenium-chrome-driver\4.1.2\selenium-chrome-driver-4.1.2.jar;C:\Users\alwi\.m2\repository\org\seleniumhq\selenium\selenium-chromium-driver\4.1.2\selenium-chromium-driver-4.1.2.jar;C:\Users\alwi\.m2\repository\org\seleniumhq\selenium\selenium-firefox-driver\4.1.2\selenium-firefox-driver-4.1.2.jar;C:\Users\alwi\.m2\repository\org\seleniumhq\selenium\selenium-edge-driver\4.1.2\selenium-edge-driver-4.1.2.jar;C:\Users\alwi\.m2\repository\org\seleniumhq\selenium\selenium-ie-driver\4.1.2\selenium-ie-driver-4.1.2.jar;C:\Users\alwi\.m2\repository\org\projectlombok\lombok\1.18.20\lombok-1.18.20.jar;C:\Users\alwi\.m2\repository\io\appium\java-client\8.0.0\java-client-8.0.0.jar;C:\Users\alwi\.m2\repository\commons-validator\commons-validator\1.7\commons-validator-1.7.jar;C:\Users\alwi\.m2\repository\commons-digester\commons-digester\2.1\commons-digester-2.1.jar;C:\Users\alwi\.m2\repository\org\aspectj\aspectjweaver\1.9.8\aspectjweaver-1.9.8.jar;C:\Users\alwi\.m2\repository\org\codehaus\groovy\groovy\3.0.10\groovy-3.0.10.jar;C:\Users\alwi\.m2\repository\net\sf\opencsv\opencsv\2.0\opencsv-2.0.jar;C:\Users\alwi\.m2\repository\commons-beanutils\commons-beanutils\1.9.4\commons-beanutils-1.9.4.jar;C:\Users\alwi\.m2\repository\org\apache\commons\commons-lang3\3.12.0\commons-lang3-3.12.0.jar;C:\Users\alwi\.m2\repository\commons-collections\commons-collections\3.2.2\commons-collections-3.2.2.jar;C:\Users\alwi\.m2\repository\org\fluentlenium\fluentlenium-core\0.10.2\fluentlenium-core-0.10.2.jar;C:\Users\alwi\.m2\repository\io\github\bonigarcia\webdrivermanager\5.1.0\webdrivermanager-5.1.0.jar;C:\Users\alwi\.m2\repository\com\github\docker-java\docker-java\3.2.13\docker-java-3.2.13.jar;C:\Users\alwi\.m2\repository\com\github\docker-java\docker-java-core\3.2.13\docker-java-core-3.2.13.jar;C:\Users\alwi\.m2\repository\com\github\docker-java\docker-java-api\3.2.13\docker-java-api-3.2.13.jar;C:\Users\alwi\.m2\repository\org\apache\commons\commons-compress\1.21\commons-compress-1.21.jar;C:\Users\alwi\.m2\repository\org\bouncycastle\bcpkix-jdk15on\1.64\bcpkix-jdk15on-1.64.jar;C:\Users\alwi\.m2\repository\org\bouncycastle\bcprov-jdk15on\1.64\bcprov-jdk15on-1.64.jar;C:\Users\alwi\.m2\repository\org\slf4j\jcl-over-slf4j\1.7.30\jcl-over-slf4j-1.7.30.jar;C:\Users\alwi\.m2\repository\com\github\docker-java\docker-java-transport-httpclient5\3.2.13\docker-java-transport-httpclient5-3.2.13.jar;C:\Users\alwi\.m2\repository\com\github\docker-java\docker-java-transport\3.2.13\docker-java-transport-3.2.13.jar;C:\Users\alwi\.m2\repository\org\apache\httpcomponents\client5\httpclient5\5.0.3\httpclient5-5.0.3.jar;C:\Users\alwi\.m2\repository\org\apache\httpcomponents\core5\httpcore5\5.0.2\httpcore5-5.0.2.jar;C:\Users\alwi\.m2\repository\net\java\dev\jna\jna\5.8.0\jna-5.8.0.jar;C:\Users\alwi\.m2\repository\org\brotli\dec\0.1.2\dec-0.1.2.jar;C:\Users\alwi\.m2\repository\com\jhlabs\filters\2.0.235\filters-2.0.235.jar;C:\Users\alwi\.m2\repository\com\paulhammant\ngwebdriver\1.1.6\ngwebdriver-1.1.6.jar;C:\Users\alwi\.m2\repository\joda-time\joda-time\2.8.2\joda-time-2.8.2.jar;C:\Users\alwi\.m2\repository\org\hamcrest\hamcrest\2.2\hamcrest-2.2.jar;C:\Users\alwi\.m2\repository\com\google\jimfs\jimfs\1.2\jimfs-1.2.jar;C:\Users\alwi\.m2\repository\org\mockito\mockito-core\3.3.3\mockito-core-3.3.3.jar;C:\Users\alwi\.m2\repository\javax\xml\bind\jaxb-api\2.3.1\jaxb-api-2.3.1.jar;C:\Users\alwi\.m2\repository\javax\activation\javax.activation-api\1.2.0\javax.activation-api-1.2.0.jar;C:\Users\alwi\.m2\repository\com\sun\xml\bind\jaxb-core\2.3.0.1\jaxb-core-2.3.0.1.jar;C:\Users\alwi\.m2\repository\com\sun\xml\bind\jaxb-impl\2.3.3\jaxb-impl-2.3.3.jar;C:\Users\alwi\.m2\repository\jakarta\xml\bind\jakarta.xml.bind-api\2.3.3\jakarta.xml.bind-api-2.3.3.jar;C:\Users\alwi\.m2\repository\com\sun\activation\jakarta.activation\1.2.2\jakarta.activation-1.2.2.jar;C:\Users\alwi\.m2\repository\javax\activation\activation\1.1.1\activation-1.1.1.jar;C:\Users\alwi\.m2\repository\net\serenity-bdd\serenity-cucumber\3.2.1\serenity-cucumber-3.2.1.jar;C:\Users\alwi\.m2\repository\io\cucumber\cucumber-core\7.2.3\cucumber-core-7.2.3.jar;C:\Users\alwi\.m2\repository\io\cucumber\cucumber-gherkin\7.2.3\cucumber-gherkin-7.2.3.jar;C:\Users\alwi\.m2\repository\io\cucumber\cucumber-gherkin-messages\7.2.3\cucumber-gherkin-messages-7.2.3.jar;C:\Users\alwi\.m2\repository\io\cucumber\messages\17.1.1\messages-17.1.1.jar;C:\Users\alwi\.m2\repository\io\cucumber\tag-expressions\4.1.0\tag-expressions-4.1.0.jar;C:\Users\alwi\.m2\repository\io\cucumber\cucumber-expressions\15.0.1\cucumber-expressions-15.0.1.jar;C:\Users\alwi\.m2\repository\io\cucumber\datatable\7.2.3\datatable-7.2.3.jar;C:\Users\alwi\.m2\repository\io\cucumber\cucumber-plugin\7.2.3\cucumber-plugin-7.2.3.jar;C:\Users\alwi\.m2\repository\io\cucumber\docstring\7.2.3\docstring-7.2.3.jar;C:\Users\alwi\.m2\repository\io\cucumber\html-formatter\17.0.0\html-formatter-17.0.0.jar;C:\Users\alwi\.m2\repository\io\cucumber\ci-environment\8.1.0\ci-environment-8.1.0.jar;C:\Users\alwi\.m2\repository\io\cucumber\cucumber-junit\7.2.3\cucumber-junit-7.2.3.jar;C:\Users\alwi\.m2\repository\org\apache\commons\commons-csv\1.5\commons-csv-1.5.jar;C:\Users\alwi\.m2\repository\net\serenity-bdd\serenity-screenplay\3.2.1\serenity-screenplay-3.2.1.jar;C:\Users\alwi\.m2\repository\net\serenity-bdd\serenity-screenplay-webdriver\3.2.1\serenity-screenplay-webdriver-3.2.1.jar;C:\Users\alwi\.m2\repository\net\serenity-bdd\serenity-ensure\3.2.1\serenity-ensure-3.2.1.jar;C:\Users\alwi\.m2\repository\net\serenity-bdd\serenity-junit\3.2.1\serenity-junit-3.2.1.jar;C:\Users\alwi\.m2\repository\org\jetbrains\kotlin\kotlin-stdlib\1.6.0\kotlin-stdlib-1.6.0.jar;C:\Users\alwi\.m2\repository\org\jetbrains\annotations\13.0\annotations-13.0.jar;C:\Users\alwi\.m2\repository\org\jetbrains\kotlin\kotlin-stdlib-common\1.6.0\kotlin-stdlib-common-1.6.0.jar;C:\Users\alwi\.m2\repository\org\junit\platform\junit-platform-launcher\1.8.1\junit-platform-launcher-1.8.1.jar;C:\Users\alwi\.m2\repository\org\junit\platform\junit-platform-engine\1.8.1\junit-platform-engine-1.8.1.jar;C:\Users\alwi\.m2\repository\org\opentest4j\opentest4j\1.2.0\opentest4j-1.2.0.jar;C:\Users\alwi\.m2\repository\org\junit\platform\junit-platform-commons\1.8.1\junit-platform-commons-1.8.1.jar;C:\Users\alwi\.m2\repository\org\apiguardian\apiguardian-api\1.1.2\apiguardian-api-1.1.2.jar;C:\Users\alwi\.m2\repository\org\junit\jupiter\junit-jupiter-engine\5.8.2\junit-jupiter-engine-5.8.2.jar;C:\Users\alwi\.m2\repository\org\junit\jupiter\junit-jupiter-api\5.8.2\junit-jupiter-api-5.8.2.jar;C:\Users\alwi\.m2\repository\org\junit\vintage\junit-vintage-engine\5.8.2\junit-vintage-engine-5.8.2.jar;C:\Users\alwi\.m2\repository\junit\junit\4.13.2\junit-4.13.2.jar;C:\Users\alwi\.m2\repository\org\hamcrest\hamcrest-core\1.3\hamcrest-core-1.3.jar;C:\Users\alwi\.m2\repository\ch\qos\logback\logback-classic\1.2.10\logback-classic-1.2.10.jar;C:\Users\alwi\.m2\repository\ch\qos\logback\logback-core\1.2.10\logback-core-1.2.10.jar;C:\Users\alwi\.m2\repository\org\slf4j\slf4j-api\1.7.32\slf4j-api-1.7.32.jar;C:\Users\alwi\.m2\repository\org\assertj\assertj-core\3.6.2\assertj-core-3.6.2.jar;C:\Users\alwi\.m2\repository\org\apache\maven\surefire\surefire-junit-platform\3.0.0-M5\surefire-junit-platform-3.0.0-M5.jar;C:\Users\alwi\.m2\repository\org\apache\maven\surefire\common-java5\3.0.0-M5\common-java5-3.0.0-M5.jar"/>
    <property name="user.script" value=""/>
    <property name="java.protocol.handler.pkgs" value="com.google.common"/>
    <property name="sun.management.compiler" value="HotSpot 64-Bit Tiered Compilers"/>
    <property name="java.runtime.version" value="13.0.2+8"/>
    <property name="user.name" value="alwi"/>
    <property name="path.separator" value=";"/>
    <property name="os.version" value="10.0"/>
    <property name="java.runtime.name" value="Java(TM) SE Runtime Environment"/>
    <property name="file.encoding" value="Cp1252"/>
    <property name="webdriver.base.url" value=""/>
    <property name="java.vm.name" value="Java HotSpot(TM) 64-Bit Server VM"/>
    <property name="localRepository" value="C:\Users\alwi\.m2\repository"/>
    <property name="java.vendor.url.bug" value="https://bugreport.java.com/bugreport/"/>
    <property name="java.io.tmpdir" value="C:\Users\alwi\AppData\Local\Temp\"/>
    <property name="java.version" value="13.0.2"/>
    <property name="user.dir" value="C:\Users\alwi\IdeaProjects\uniqloweb"/>
    <property name="os.arch" value="amd64"/>
    <property name="webdriver.gecko.driver" value="C:\Users\alwi\.cache\selenium\geckodriver\win64\0.32.2\geckodriver.exe"/>
    <property name="java.vm.specification.name" value="Java Virtual Machine Specification"/>
    <property name="user.language.format" value="id"/>
    <property name="sun.os.patch.level" value=""/>
    <property name="java.library.path" value="C:\Program Files\Java\jdk-13.0.2\bin;C:\WINDOWS\Sun\Java\bin;C:\WINDOWS\system32;C:\WINDOWS;C:\Program Files (x86)\Common Files\Oracle\Java\javapath;C:\WINDOWS\system32;C:\WINDOWS;C:\WINDOWS\System32\Wbem;C:\WINDOWS\System32\WindowsPowerShell\v1.0\;C:\Program Files\Java\jdk-13.0.2\bin\;C:\Program Files\Go\bin;C:\WINDOWS\System32\OpenSSH\;C:\Program Files\Git\cmd;C:\Program Files\nodejs\;C:\Users\alwi\AppData\Local\Android\Sdk\platform-tools;C:\Users\alwi\AppData\Local\Android\Sdk\tools;C:\Users\alwi\AppData\Local\Microsoft\WindowsApps;C:\Users\alwi\AppData\Local\Programs\Microsoft VS Code\bin;C:\Users\alwi\go\bin;C:\Users\alwi\AppData\Local\GitHubDesktop\bin;C:\Program Files (x86)\apache-maven-3.8.6\bin;C:\Users\alwi\AppData\Roaming\npm;C:\adb;C:\Users\alwi\AppData\Local\Microsoft\WindowsApps;C:\Users\alwi\AppData\Local\Programs\Microsoft VS Code\bin;C:\Users\alwi\go\bin;C:\Program Files (x86)\apache-maven-3.8.6\bin;C:\Users\alwi\AppData\Roaming\npm;."/>
    <property name="java.vm.info" value="mixed mode"/>
    <property name="java.vendor" value="Oracle Corporation"/>
    <property name="java.vm.version" value="13.0.2+8"/>
    <property name="sun.io.unicode.encoding" value="UnicodeLittle"/>
    <property name="java.class.version" value="57.0"/>
  </properties>
  <testcase name="Login user" classname="Authorized" time="20.071">
    <system-out><![CDATA[19:38:06.306 [main] INFO io.cucumber.core.plugin.SerenityReporter - Running feature from file:///C:/Users/alwi/IdeaProjects/uniqloweb/src/test/resources/features/Auth.feature
19:38:06.475 [main] INFO  - 

-------------------------------------------------------------------------------------
     _______. _______ .______       _______ .__   __.  __  .___________.____    ____ 
    /       ||   ____||   _  \     |   ____||  \ |  | |  | |           |\   \  /   / 
   |   (----`|  |__   |  |_)  |    |  |__   |   \|  | |  | `---|  |----` \   \/   /  
    \   \    |   __|  |      /     |   __|  |  . `  | |  |     |  |       \_    _/   
.----)   |   |  |____ |  |\  \----.|  |____ |  |\   | |  |     |  |         |  |     
|_______/    |_______|| _| `._____||_______||__| \__| |__|     |__|         |__|    
                                                                                     
 News and tutorials at http://www.serenity-bdd.info                                  
 Documentation at https://wakaleo.gitbooks.io/the-serenity-book/content/             
 Join the Serenity Community on Gitter: https://gitter.im/serenity-bdd/serenity-core 
 Serenity BDD Support and Training at http://serenity-bdd.info/#/trainingandsupport  
-------------------------------------------------------------------------------------

19:38:06.477 [main] DEBUG net.thucydides.core.steps.StepEventBus - Test suite started for story net.thucydides.core.model.Story@88df5295
19:38:06.481 [main] INFO  - Test Suite Started: Authorized
19:38:06.493 [main] INFO io.cucumber.core.plugin.SerenityReporter - Running feature from file:///C:/Users/alwi/IdeaProjects/uniqloweb/src/test/resources/features/Baby.feature
19:38:06.507 [main] DEBUG net.thucydides.core.steps.StepEventBus - Test suite started for story net.thucydides.core.model.Story@749543e8
19:38:06.508 [main] INFO  - Test Suite Started: Baby
19:38:06.508 [main] INFO io.cucumber.core.plugin.SerenityReporter - Running feature from file:///C:/Users/alwi/IdeaProjects/uniqloweb/src/test/resources/features/Auth.feature
19:38:06.511 [main] DEBUG net.thucydides.core.steps.StepEventBus - Test suite started for story net.thucydides.core.model.Story@88df5295
19:38:06.512 [main] INFO  - Test Suite Started: Authorized

@login
Scenario: Login user                 &amp#27;[90m# src/test/resources/features/Auth.feature:7&amp#27;[0m
19:38:06.595 [main] INFO io.cucumber.core.plugin.SerenityReporter - Running feature from file:///C:/Users/alwi/IdeaProjects/uniqloweb/src/test/resources/features/Auth.feature
19:38:06.687 [main] INFO  - 
  _____   ___   ___   _____     ___   _____     _     ___   _____   ___   ___  
 |_   _| | __| / __| |_   _|   / __| |_   _|   /_\   | _ \ |_   _| | __| |   \ 
   | |   | _|  \__ \   | |     \__ \   | |    / _ \  |   /   | |   | _|  | |) |
   |_|   |___| |___/   |_|     |___/   |_|   /_/ \_\ |_|_\   |_|   |___| |___/ 

Login user(authorized;login-user)
--------------------------------------------------------------------------------
19:38:07.590 [main] INFO net.serenitybdd.core.webdriver.driverproviders.FirefoxDriverProvider - Using automatically driver download
19:38:08.277 [main] DEBUG io.github.bonigarcia.wdm.cache.ResolutionCache - Resolution firefox=111 in cache (valid until 20:30:50 09/04/2023 WIB)
19:38:08.283 [main] DEBUG io.github.bonigarcia.wdm.cache.ResolutionCache - Resolution firefox111=0.32.2 in cache (valid until 19:30:50 10/04/2023 WIB)
19:38:08.286 [main] INFO io.github.bonigarcia.wdm.WebDriverManager - Using geckodriver 0.32.2 (resolved driver for Firefox 111)
19:38:08.307 [main] DEBUG io.github.bonigarcia.wdm.WebDriverManager - Driver geckodriver 0.32.2 found in cache
19:38:08.308 [main] INFO io.github.bonigarcia.wdm.WebDriverManager - Exporting webdriver.gecko.driver as C:\Users\alwi\.cache\selenium\geckodriver\win64\0.32.2\geckodriver.exe
19:38:08.992 [main] DEBUG net.thucydides.core.reflection.ClassFinder - Could not load class .CucumberTestSuite
19:38:08.992 [main] DEBUG net.thucydides.core.reflection.ClassFinder - Could not load class .starter.pages.BabyPage
19:38:08.993 [main] DEBUG net.thucydides.core.reflection.ClassFinder - Could not load class .starter.pages.auth.LoginPage
19:38:08.993 [main] DEBUG net.thucydides.core.reflection.ClassFinder - Could not load class .starter.stepdefinitions.AuthStep
19:38:08.993 [main] DEBUG net.thucydides.core.reflection.ClassFinder - Could not load class .starter.stepdefinitions.BabyStep
19:38:08.993 [main] DEBUG net.thucydides.core.reflection.ClassFinder - Could not load class META-INF.versions.9.com.sun.istack.logging.StackHelper
19:38:08.994 [main] DEBUG net.thucydides.core.reflection.ClassFinder - Could not load class META-INF.versions.9.com.sun.xml.bind.v2.runtime.reflect.opt.AccessorInjector
19:38:08.994 [main] DEBUG net.thucydides.core.reflection.ClassFinder - Could not load class META-INF.versions.9.com.sun.xml.bind.v2.runtime.reflect.opt.Injector
19:38:08.994 [main] DEBUG net.thucydides.core.reflection.ClassFinder - Could not load class META-INF.versions.9.com.sun.xml.bind.v2.runtime.reflect.opt.OptimizedAccessorFactory
19:38:08.995 [main] DEBUG net.thucydides.core.reflection.ClassFinder - Could not load class META-INF.versions.9.com.sun.xml.bind.v2.runtime.reflect.opt.OptimizedTransducedAccessorFactory
19:38:08.995 [main] DEBUG net.thucydides.core.reflection.ClassFinder - Could not load class META-INF.versions.9.io.opentelemetry.sdk.internal.CurrentJavaVersionSpecific
19:38:08.995 [main] DEBUG net.thucydides.core.reflection.ClassFinder - Could not load class META-INF.versions.9.io.opentelemetry.sdk.internal.Java9VersionSpecific
19:38:08.996 [main] DEBUG net.thucydides.core.reflection.ClassFinder - Could not load class META-INF.versions.9.javax.xml.bind.ModuleUtil
19:38:08.996 [main] DEBUG net.thucydides.core.reflection.ClassFinder - Could not load class META-INF.versions.9.module-info
19:38:08.997 [main] DEBUG net.thucydides.core.reflection.ClassFinder - Could not load class META-INF.versions.9.org.junit.platform.commons.util.ModuleUtils
19:38:09.316 [main] DEBUG net.thucydides.core.reflection.ClassFinder - Could not load class com.google.gson.internal.
19:38:09.499 [main] DEBUG net.thucydides.core.reflection.ClassFinder - Could not load class com.sun.xml.bind.v2.runtime.output.FastInfosetStreamWriterOutput
19:38:09.901 [main] DEBUG net.thucydides.core.reflection.ClassFinder - Could not load class module-info
19:38:12.578 [main] DEBUG io.netty.util.internal.logging.InternalLoggerFactory - Using SLF4J as the default logging framework
19:38:12.581 [main] DEBUG io.netty.util.ResourceLeakDetector - -Dio.netty.leakDetection.level: simple
19:38:12.581 [main] DEBUG io.netty.util.ResourceLeakDetector - -Dio.netty.leakDetection.targetRecords: 4
19:38:12.584 [main] DEBUG io.netty.util.ResourceLeakDetectorFactory - Loaded default ResourceLeakDetector: io.netty.util.ResourceLeakDetector@38d583cd
19:38:12.600 [main] DEBUG io.netty.util.internal.PlatformDependent0 - -Dio.netty.noUnsafe: false
19:38:12.601 [main] DEBUG io.netty.util.internal.PlatformDependent0 - Java version: 13
19:38:12.601 [main] DEBUG io.netty.util.internal.PlatformDependent0 - sun.misc.Unsafe.theUnsafe: available
19:38:12.602 [main] DEBUG io.netty.util.internal.PlatformDependent0 - sun.misc.Unsafe.copyMemory: available
19:38:12.602 [main] DEBUG io.netty.util.internal.PlatformDependent0 - java.nio.Buffer.address: available
19:38:12.603 [main] DEBUG io.netty.util.internal.PlatformDependent0 - direct buffer constructor: unavailable: Reflective setAccessible(true) disabled
19:38:12.603 [main] DEBUG io.netty.util.internal.PlatformDependent0 - java.nio.Bits.unaligned: available, true
19:38:12.604 [main] DEBUG io.netty.util.internal.PlatformDependent0 - jdk.internal.misc.Unsafe.allocateUninitializedArray(int): unavailable: class io.netty.util.internal.PlatformDependent0$6 cannot access class jdk.internal.misc.Unsafe (in module java.base) because module java.base does not export jdk.internal.misc to unnamed module @408b35bf
19:38:12.606 [main] DEBUG io.netty.util.internal.PlatformDependent0 - java.nio.DirectByteBuffer.<init>(long, int): unavailable
19:38:12.606 [main] DEBUG io.netty.util.internal.PlatformDependent - sun.misc.Unsafe: available
19:38:12.607 [main] DEBUG io.netty.util.internal.PlatformDependent - maxDirectMemory: 4288675840 bytes (maybe)
19:38:12.608 [main] DEBUG io.netty.util.internal.PlatformDependent - -Dio.netty.tmpdir: C:\Users\alwi\AppData\Local\Temp (java.io.tmpdir)
19:38:12.608 [main] DEBUG io.netty.util.internal.PlatformDependent - -Dio.netty.bitMode: 64 (sun.arch.data.model)
19:38:12.608 [main] DEBUG io.netty.util.internal.PlatformDependent - Platform: Windows
19:38:12.609 [main] DEBUG io.netty.util.internal.PlatformDependent - -Dio.netty.maxDirectMemory: -1 bytes
19:38:12.609 [main] DEBUG io.netty.util.internal.PlatformDependent - -Dio.netty.uninitializedArrayAllocationThreshold: -1
19:38:12.611 [main] DEBUG io.netty.util.internal.CleanerJava9 - java.nio.ByteBuffer.cleaner(): available
19:38:12.611 [main] DEBUG io.netty.util.internal.PlatformDependent - -Dio.netty.noPreferDirect: false
19:38:12.619 [main] DEBUG io.netty.util.internal.PlatformDependent - org.jctools-core.MpscChunkedArrayQueue: available
19:38:12.637 [main] DEBUG io.netty.util.internal.InternalThreadLocalMap - -Dio.netty.threadLocalMap.stringBuilder.initialSize: 1024
19:38:12.637 [main] DEBUG io.netty.util.internal.InternalThreadLocalMap - -Dio.netty.threadLocalMap.stringBuilder.maxSize: 4096
19:38:12.679 [main] DEBUG io.netty.handler.ssl.JdkSslContext - Default protocols (JDK): [TLSv1.3, TLSv1.2, TLSv1.1, TLSv1] 
19:38:12.679 [main] DEBUG io.netty.handler.ssl.JdkSslContext - Default cipher suites (JDK): [TLS_ECDHE_ECDSA_WITH_AES_256_GCM_SHA384, TLS_ECDHE_ECDSA_WITH_AES_128_GCM_SHA256, TLS_ECDHE_RSA_WITH_AES_128_GCM_SHA256, TLS_ECDHE_RSA_WITH_AES_256_GCM_SHA384, TLS_ECDHE_RSA_WITH_AES_128_CBC_SHA, TLS_ECDHE_RSA_WITH_AES_256_CBC_SHA, TLS_RSA_WITH_AES_128_GCM_SHA256, TLS_RSA_WITH_AES_128_CBC_SHA, TLS_RSA_WITH_AES_256_CBC_SHA, TLS_AES_128_GCM_SHA256, TLS_AES_256_GCM_SHA384]
19:38:12.711 [main] DEBUG io.netty.channel.MultithreadEventLoopGroup - -Dio.netty.eventLoopThreads: 16
19:38:12.720 [main] DEBUG io.netty.channel.nio.NioEventLoop - -Dio.netty.noKeySetOptimization: false
19:38:12.720 [main] DEBUG io.netty.channel.nio.NioEventLoop - -Dio.netty.selectorAutoRebuildThreshold: 512
19:38:13.088 [main] DEBUG io.netty.buffer.PooledByteBufAllocator - -Dio.netty.allocator.numHeapArenas: 16
19:38:13.088 [main] DEBUG io.netty.buffer.PooledByteBufAllocator - -Dio.netty.allocator.numDirectArenas: 16
19:38:13.088 [main] DEBUG io.netty.buffer.PooledByteBufAllocator - -Dio.netty.allocator.pageSize: 8192
19:38:13.088 [main] DEBUG io.netty.buffer.PooledByteBufAllocator - -Dio.netty.allocator.maxOrder: 11
19:38:13.088 [main] DEBUG io.netty.buffer.PooledByteBufAllocator - -Dio.netty.allocator.chunkSize: 16777216
19:38:13.088 [main] DEBUG io.netty.buffer.PooledByteBufAllocator - -Dio.netty.allocator.smallCacheSize: 256
19:38:13.088 [main] DEBUG io.netty.buffer.PooledByteBufAllocator - -Dio.netty.allocator.normalCacheSize: 64
19:38:13.088 [main] DEBUG io.netty.buffer.PooledByteBufAllocator - -Dio.netty.allocator.maxCachedBufferCapacity: 32768
19:38:13.088 [main] DEBUG io.netty.buffer.PooledByteBufAllocator - -Dio.netty.allocator.cacheTrimInterval: 8192
19:38:13.088 [main] DEBUG io.netty.buffer.PooledByteBufAllocator - -Dio.netty.allocator.cacheTrimIntervalMillis: 0
19:38:13.088 [main] DEBUG io.netty.buffer.PooledByteBufAllocator - -Dio.netty.allocator.useCacheForAllThreads: true
19:38:13.088 [main] DEBUG io.netty.buffer.PooledByteBufAllocator - -Dio.netty.allocator.maxCachedByteBuffersPerChunk: 1023
19:38:13.098 [main] DEBUG io.netty.buffer.ByteBufUtil - -Dio.netty.allocator.type: pooled
19:38:13.098 [main] DEBUG io.netty.buffer.ByteBufUtil - -Dio.netty.threadLocalDirectBufferSize: 0
19:38:13.098 [main] DEBUG io.netty.buffer.ByteBufUtil - -Dio.netty.maxThreadLocalCharBufferSize: 16384
19:38:13.176 [main] DEBUG net.serenitybdd.core.webdriver.driverproviders.ProvideNewDriver - Instantiating driver
19:38:13.176 [main] DEBUG net.serenitybdd.core.webdriver.driverproviders.ProvideNewDriver - Driver capabilities: Capabilities {acceptInsecureCerts: true, browserName: firefox, moz:debuggerAddress: true, moz:firefoxOptions: {args: [], profile: UEsDBBQACAgIAMSciVYAAAAAAAA...}}
19:38:13.855 [Forwarding newSession on session null to remote] DEBUG io.netty.channel.DefaultChannelId - -Dio.netty.processId: 15636 (auto-detected)
19:38:13.857 [Forwarding newSession on session null to remote] DEBUG io.netty.util.NetUtil - -Djava.net.preferIPv4Stack: false
19:38:13.857 [Forwarding newSession on session null to remote] DEBUG io.netty.util.NetUtil - -Djava.net.preferIPv6Addresses: false
19:38:14.191 [Forwarding newSession on session null to remote] DEBUG io.netty.util.NetUtilInitializations - Loopback interface: lo (Software Loopback Interface 1, 127.0.0.1)
19:38:14.192 [Forwarding newSession on session null to remote] DEBUG io.netty.util.NetUtil - Failed to get SOMAXCONN from sysctl and file \proc\sys\net\core\somaxconn. Default: 200
19:38:14.521 [Forwarding newSession on session null to remote] DEBUG io.netty.channel.DefaultChannelId - -Dio.netty.machineId: 50:3e:aa:ff:fe:ef:df:ab (auto-detected)
19:38:14.570 [AsyncHttpClient-1-2] DEBUG io.netty.buffer.AbstractByteBuf - -Dio.netty.buffer.checkAccessible: true
19:38:14.571 [AsyncHttpClient-1-2] DEBUG io.netty.buffer.AbstractByteBuf - -Dio.netty.buffer.checkBounds: true
19:38:14.571 [AsyncHttpClient-1-2] DEBUG io.netty.util.ResourceLeakDetectorFactory - Loaded default ResourceLeakDetector: io.netty.util.ResourceLeakDetector@52731795
19:38:14.583 [AsyncHttpClient-1-2] DEBUG org.asynchttpclient.netty.channel.NettyConnectListener - Using new Channel '[id: 0x0ad91924, L:/127.0.0.1:56928 - R:localhost/127.0.0.1:64237]' for 'POST' to '/session'
19:38:14.600 [AsyncHttpClient-1-2] DEBUG io.netty.util.Recycler - -Dio.netty.recycler.maxCapacityPerThread: 4096
19:38:14.600 [AsyncHttpClient-1-2] DEBUG io.netty.util.Recycler - -Dio.netty.recycler.ratio: 8
19:38:14.600 [AsyncHttpClient-1-2] DEBUG io.netty.util.Recycler - -Dio.netty.recycler.chunkSize: 32
19:38:14.600 [AsyncHttpClient-1-2] DEBUG io.netty.util.Recycler - -Dio.netty.recycler.blocking: false
19:38:17.286 [AsyncHttpClient-1-2] DEBUG io.netty.handler.codec.compression.Brotli - brotli4j not in the classpath; Brotli support will be unavailable.
19:38:17.286 [AsyncHttpClient-1-2] DEBUG org.asynchttpclient.netty.handler.HttpHandler - 

Request DefaultHttpRequest(decodeResult: success, version: HTTP/1.1)
POST /session HTTP/1.1
User-Agent: selenium/4.1.2 (java windows)
Content-Length: 3673
Content-Type: application/json; charset=utf-8
host: localhost:64237
accept: */*

Response DefaultHttpResponse(decodeResult: success, version: HTTP/1.1)
HTTP/1.1 200 OK
content-type: application/json; charset=utf-8
cache-control: no-cache
date: Sun, 09 Apr 2023 12:38:13 GMT
content-length: 790

19:38:17.296 [AsyncHttpClient-1-2] DEBUG org.asynchttpclient.netty.channel.ChannelManager - Adding key: http://localhost:64237 for channel [id: 0x0ad91924, L:/127.0.0.1:56928 - R:localhost/127.0.0.1:64237]
19:38:17.374 [AsyncHttpClient-1-3] DEBUG org.asynchttpclient.netty.channel.NettyConnectListener - Using new Channel '[id: 0x06c7918d, L:/127.0.0.1:56944 - R:/127.0.0.1:55379]' for 'GET' to '/json/version'
19:38:17.383 [AsyncHttpClient-1-3] DEBUG org.asynchttpclient.netty.handler.HttpHandler - 

Request DefaultFullHttpRequest(decodeResult: success, version: HTTP/1.1, content: EmptyByteBufBE)
GET /json/version HTTP/1.1
User-Agent: selenium/4.1.2 (java windows)
host: 127.0.0.1:55379
accept: */*

Response DefaultHttpResponse(decodeResult: success, version: HTTP/1.1)
HTTP/1.1 200 OK
content-type: application/json
connection: close
server: httpd.js
date: Sun, 09 Apr 2023 12:38:17 GMT
content-length: 311

19:38:17.383 [AsyncHttpClient-1-3] DEBUG org.asynchttpclient.netty.channel.ChannelManager - Closing Channel [id: 0x06c7918d, L:/127.0.0.1:56944 - R:/127.0.0.1:55379] 
19:38:17.385 [AsyncHttpClient-1-3] DEBUG org.asynchttpclient.netty.handler.HttpHandler - Channel Closed: [id: 0x06c7918d, L:/127.0.0.1:56944 ! R:/127.0.0.1:55379] with attribute DISCARD
19:38:18.046 [main] DEBUG net.thucydides.core.reflection.ClassFinder - Could not load class .CucumberTestSuite
19:38:18.047 [main] DEBUG net.thucydides.core.reflection.ClassFinder - Could not load class .starter.pages.BabyPage
19:38:18.047 [main] DEBUG net.thucydides.core.reflection.ClassFinder - Could not load class .starter.pages.auth.LoginPage
19:38:18.047 [main] DEBUG net.thucydides.core.reflection.ClassFinder - Could not load class .starter.stepdefinitions.AuthStep
19:38:18.047 [main] DEBUG net.thucydides.core.reflection.ClassFinder - Could not load class .starter.stepdefinitions.BabyStep
19:38:18.047 [main] DEBUG net.thucydides.core.reflection.ClassFinder - Could not load class META-INF.versions.9.com.sun.istack.logging.StackHelper
19:38:18.048 [main] DEBUG net.thucydides.core.reflection.ClassFinder - Could not load class META-INF.versions.9.com.sun.xml.bind.v2.runtime.reflect.opt.AccessorInjector
19:38:18.048 [main] DEBUG net.thucydides.core.reflection.ClassFinder - Could not load class META-INF.versions.9.com.sun.xml.bind.v2.runtime.reflect.opt.Injector
19:38:18.048 [main] DEBUG net.thucydides.core.reflection.ClassFinder - Could not load class META-INF.versions.9.com.sun.xml.bind.v2.runtime.reflect.opt.OptimizedAccessorFactory
19:38:18.049 [main] DEBUG net.thucydides.core.reflection.ClassFinder - Could not load class META-INF.versions.9.com.sun.xml.bind.v2.runtime.reflect.opt.OptimizedTransducedAccessorFactory
19:38:18.049 [main] DEBUG net.thucydides.core.reflection.ClassFinder - Could not load class META-INF.versions.9.io.opentelemetry.sdk.internal.CurrentJavaVersionSpecific
19:38:18.049 [main] DEBUG net.thucydides.core.reflection.ClassFinder - Could not load class META-INF.versions.9.io.opentelemetry.sdk.internal.Java9VersionSpecific
19:38:18.050 [main] DEBUG net.thucydides.core.reflection.ClassFinder - Could not load class META-INF.versions.9.javax.xml.bind.ModuleUtil
19:38:18.050 [main] DEBUG net.thucydides.core.reflection.ClassFinder - Could not load class META-INF.versions.9.module-info
19:38:18.050 [main] DEBUG net.thucydides.core.reflection.ClassFinder - Could not load class META-INF.versions.9.org.junit.platform.commons.util.ModuleUtils
19:38:18.052 [main] DEBUG net.thucydides.core.reflection.ClassFinder - Could not load class com.google.gson.internal.
19:38:18.053 [main] DEBUG net.thucydides.core.reflection.ClassFinder - Could not load class com.sun.xml.bind.v2.runtime.output.FastInfosetStreamWriterOutput
19:38:18.056 [main] DEBUG net.thucydides.core.reflection.ClassFinder - Could not load class module-info
19:38:18.076 [Forwarding get on session 95b68122-5bd3-4599-aea1-e2331722d8b7 to remote] DEBUG org.asynchttpclient.netty.request.NettyRequestSender - Using pooled Channel '[id: 0x0ad91924, L:/127.0.0.1:56928 - R:localhost/127.0.0.1:64237]' for 'POST' to 'http://localhost:64237/session/95b68122-5bd3-4599-aea1-e2331722d8b7/url'
19:38:18.076 [Forwarding get on session 95b68122-5bd3-4599-aea1-e2331722d8b7 to remote] DEBUG org.asynchttpclient.netty.request.NettyRequestSender - Using open Channel [id: 0x0ad91924, L:/127.0.0.1:56928 - R:localhost/127.0.0.1:64237] for POST '/session/95b68122-5bd3-4599-aea1-e2331722d8b7/url'
19:38:20.676 [AsyncHttpClient-1-2] DEBUG org.asynchttpclient.netty.handler.HttpHandler - 

Request DefaultHttpRequest(decodeResult: success, version: HTTP/1.1)
POST /session/95b68122-5bd3-4599-aea1-e2331722d8b7/url HTTP/1.1
User-Agent: selenium/4.1.2 (java windows)
Content-Length: 53
Content-Type: application/json; charset=utf-8
host: localhost:64237
accept: */*

Response DefaultHttpResponse(decodeResult: success, version: HTTP/1.1)
HTTP/1.1 200 OK
content-type: application/json; charset=utf-8
cache-control: no-cache
date: Sun, 09 Apr 2023 12:38:17 GMT
content-length: 14

19:38:20.676 [AsyncHttpClient-1-2] DEBUG org.asynchttpclient.netty.channel.ChannelManager - Adding key: http://localhost:64237 for channel [id: 0x0ad91924, L:/127.0.0.1:56928 - R:localhost/127.0.0.1:64237]
19:38:20.683 [Forwarding setTimeout on session 95b68122-5bd3-4599-aea1-e2331722d8b7 to remote] DEBUG org.asynchttpclient.netty.request.NettyRequestSender - Using pooled Channel '[id: 0x0ad91924, L:/127.0.0.1:56928 - R:localhost/127.0.0.1:64237]' for 'POST' to 'http://localhost:64237/session/95b68122-5bd3-4599-aea1-e2331722d8b7/timeouts'
19:38:20.683 [Forwarding setTimeout on session 95b68122-5bd3-4599-aea1-e2331722d8b7 to remote] DEBUG org.asynchttpclient.netty.request.NettyRequestSender - Using open Channel [id: 0x0ad91924, L:/127.0.0.1:56928 - R:localhost/127.0.0.1:64237] for POST '/session/95b68122-5bd3-4599-aea1-e2331722d8b7/timeouts'
19:38:20.693 [AsyncHttpClient-1-2] DEBUG org.asynchttpclient.netty.handler.HttpHandler - 

Request DefaultHttpRequest(decodeResult: success, version: HTTP/1.1)
POST /session/95b68122-5bd3-4599-aea1-e2331722d8b7/timeouts HTTP/1.1
User-Agent: selenium/4.1.2 (java windows)
Content-Length: 22
Content-Type: application/json; charset=utf-8
host: localhost:64237
accept: */*

Response DefaultHttpResponse(decodeResult: success, version: HTTP/1.1)
HTTP/1.1 200 OK
content-type: application/json; charset=utf-8
cache-control: no-cache
date: Sun, 09 Apr 2023 12:38:20 GMT
content-length: 14

19:38:20.693 [AsyncHttpClient-1-2] DEBUG org.asynchttpclient.netty.channel.ChannelManager - Adding key: http://localhost:64237 for channel [id: 0x0ad91924, L:/127.0.0.1:56928 - R:localhost/127.0.0.1:64237]
19:38:20.700 [Forwarding getCurrentUrl on session 95b68122-5bd3-4599-aea1-e2331722d8b7 to remote] DEBUG org.asynchttpclient.netty.request.NettyRequestSender - Using pooled Channel '[id: 0x0ad91924, L:/127.0.0.1:56928 - R:localhost/127.0.0.1:64237]' for 'GET' to 'http://localhost:64237/session/95b68122-5bd3-4599-aea1-e2331722d8b7/url'
19:38:20.700 [Forwarding getCurrentUrl on session 95b68122-5bd3-4599-aea1-e2331722d8b7 to remote] DEBUG org.asynchttpclient.netty.request.NettyRequestSender - Using open Channel [id: 0x0ad91924, L:/127.0.0.1:56928 - R:localhost/127.0.0.1:64237] for GET '/session/95b68122-5bd3-4599-aea1-e2331722d8b7/url'
19:38:20.704 [AsyncHttpClient-1-2] DEBUG org.asynchttpclient.netty.handler.HttpHandler - 

Request DefaultFullHttpRequest(decodeResult: success, version: HTTP/1.1, content: EmptyByteBufBE)
GET /session/95b68122-5bd3-4599-aea1-e2331722d8b7/url HTTP/1.1
User-Agent: selenium/4.1.2 (java windows)
Cache-Control: no-cache
Content-Type: application/json; charset=utf-8
host: localhost:64237
accept: */*

Response DefaultHttpResponse(decodeResult: success, version: HTTP/1.1)
HTTP/1.1 200 OK
content-type: application/json; charset=utf-8
cache-control: no-cache
date: Sun, 09 Apr 2023 12:38:20 GMT
content-length: 41

19:38:20.704 [AsyncHttpClient-1-2] DEBUG org.asynchttpclient.netty.channel.ChannelManager - Adding key: http://localhost:64237 for channel [id: 0x0ad91924, L:/127.0.0.1:56928 - R:localhost/127.0.0.1:64237]
  &amp#27;[32mGiven &amp#27;[0m&amp#27;[32mI am on the home page&amp#27;[0m        &amp#27;[90m# starter.stepdefinitions.BabyStep.iAmOnTheHomePage()&amp#27;[0m
19:38:20.741 [main] DEBUG net.serenitybdd.core.photography.Darkroom - Opening darkroom
19:38:20.741 [Darkroom Processing Line] DEBUG net.serenitybdd.core.photography.DarkroomProcessingLine - Darkroom processing line starting up
19:38:20.743 [Forwarding screenshot on session 95b68122-5bd3-4599-aea1-e2331722d8b7 to remote] DEBUG org.asynchttpclient.netty.request.NettyRequestSender - Using pooled Channel '[id: 0x0ad91924, L:/127.0.0.1:56928 - R:localhost/127.0.0.1:64237]' for 'GET' to 'http://localhost:64237/session/95b68122-5bd3-4599-aea1-e2331722d8b7/screenshot'
19:38:20.743 [Forwarding screenshot on session 95b68122-5bd3-4599-aea1-e2331722d8b7 to remote] DEBUG org.asynchttpclient.netty.request.NettyRequestSender - Using open Channel [id: 0x0ad91924, L:/127.0.0.1:56928 - R:localhost/127.0.0.1:64237] for GET '/session/95b68122-5bd3-4599-aea1-e2331722d8b7/screenshot'
19:38:21.383 [AsyncHttpClient-1-2] DEBUG org.asynchttpclient.netty.handler.HttpHandler - 

Request DefaultFullHttpRequest(decodeResult: success, version: HTTP/1.1, content: EmptyByteBufBE)
GET /session/95b68122-5bd3-4599-aea1-e2331722d8b7/screenshot HTTP/1.1
User-Agent: selenium/4.1.2 (java windows)
Cache-Control: no-cache
Content-Type: application/json; charset=utf-8
host: localhost:64237
accept: */*

Response DefaultHttpResponse(decodeResult: success, version: HTTP/1.1)
HTTP/1.1 200 OK
content-type: application/json; charset=utf-8
cache-control: no-cache
date: Sun, 09 Apr 2023 12:38:20 GMT
content-length: 101768

19:38:21.385 [AsyncHttpClient-1-2] DEBUG org.asynchttpclient.netty.channel.ChannelManager - Adding key: http://localhost:64237 for channel [id: 0x0ad91924, L:/127.0.0.1:56928 - R:localhost/127.0.0.1:64237]
19:38:21.425 [AsyncHttpClient-1-1] DEBUG org.asynchttpclient.netty.channel.DefaultChannelPool - Entry count for : http://localhost:64237 : 1
19:38:21.460 [main] DEBUG net.serenitybdd.core.photography.Darkroom - Send negative for processing for target\site\serenity\fba42504a5c8d2ebb1eac08006293b5580d207e80f8883e90094102e35399500.png
19:38:21.461 [Darkroom Processing Line] DEBUG net.serenitybdd.core.photography.DarkroomProcessingLine - Processing screenshot image in /var/screenshots/screenshot-15033169623613503699
19:38:21.461 [Darkroom Processing Line] DEBUG net.serenitybdd.core.photography.DarkroomProcessingLine - Saving screenshot to target\site\serenity\fba42504a5c8d2ebb1eac08006293b5580d207e80f8883e90094102e35399500.png
19:38:21.495 [Forwarding findElement on session 95b68122-5bd3-4599-aea1-e2331722d8b7 to remote] DEBUG org.asynchttpclient.netty.request.NettyRequestSender - Using pooled Channel '[id: 0x0ad91924, L:/127.0.0.1:56928 - R:localhost/127.0.0.1:64237]' for 'POST' to 'http://localhost:64237/session/95b68122-5bd3-4599-aea1-e2331722d8b7/element'
19:38:21.495 [Forwarding findElement on session 95b68122-5bd3-4599-aea1-e2331722d8b7 to remote] DEBUG org.asynchttpclient.netty.request.NettyRequestSender - Using open Channel [id: 0x0ad91924, L:/127.0.0.1:56928 - R:localhost/127.0.0.1:64237] for POST '/session/95b68122-5bd3-4599-aea1-e2331722d8b7/element'
19:38:21.515 [AsyncHttpClient-1-2] DEBUG org.asynchttpclient.netty.handler.HttpHandler - 

Request DefaultHttpRequest(decodeResult: success, version: HTTP/1.1)
POST /session/95b68122-5bd3-4599-aea1-e2331722d8b7/element HTTP/1.1
User-Agent: selenium/4.1.2 (java windows)
Content-Length: 66
Content-Type: application/json; charset=utf-8
host: localhost:64237
accept: */*

Response DefaultHttpResponse(decodeResult: success, version: HTTP/1.1)
HTTP/1.1 200 OK
content-type: application/json; charset=utf-8
cache-control: no-cache
date: Sun, 09 Apr 2023 12:38:20 GMT
content-length: 88

19:38:21.515 [AsyncHttpClient-1-2] DEBUG org.asynchttpclient.netty.channel.ChannelManager - Adding key: http://localhost:64237 for channel [id: 0x0ad91924, L:/127.0.0.1:56928 - R:localhost/127.0.0.1:64237]
19:38:21.517 [Forwarding getElementTagName on session 95b68122-5bd3-4599-aea1-e2331722d8b7 to remote] DEBUG org.asynchttpclient.netty.request.NettyRequestSender - Using pooled Channel '[id: 0x0ad91924, L:/127.0.0.1:56928 - R:localhost/127.0.0.1:64237]' for 'GET' to 'http://localhost:64237/session/95b68122-5bd3-4599-aea1-e2331722d8b7/element/af086870-5752-4c1e-96b5-e53289525d0a/name'
19:38:21.517 [Forwarding getElementTagName on session 95b68122-5bd3-4599-aea1-e2331722d8b7 to remote] DEBUG org.asynchttpclient.netty.request.NettyRequestSender - Using open Channel [id: 0x0ad91924, L:/127.0.0.1:56928 - R:localhost/127.0.0.1:64237] for GET '/session/95b68122-5bd3-4599-aea1-e2331722d8b7/element/af086870-5752-4c1e-96b5-e53289525d0a/name'
19:38:21.520 [AsyncHttpClient-1-2] DEBUG org.asynchttpclient.netty.handler.HttpHandler - 

Request DefaultFullHttpRequest(decodeResult: success, version: HTTP/1.1, content: EmptyByteBufBE)
GET /session/95b68122-5bd3-4599-aea1-e2331722d8b7/element/af086870-5752-4c1e-96b5-e53289525d0a/name HTTP/1.1
User-Agent: selenium/4.1.2 (java windows)
Cache-Control: no-cache
Content-Type: application/json; charset=utf-8
host: localhost:64237
accept: */*

Response DefaultHttpResponse(decodeResult: success, version: HTTP/1.1)
HTTP/1.1 200 OK
content-type: application/json; charset=utf-8
cache-control: no-cache
date: Sun, 09 Apr 2023 12:38:20 GMT
content-length: 13

19:38:21.521 [AsyncHttpClient-1-2] DEBUG org.asynchttpclient.netty.channel.ChannelManager - Adding key: http://localhost:64237 for channel [id: 0x0ad91924, L:/127.0.0.1:56928 - R:localhost/127.0.0.1:64237]
19:38:21.523 [Forwarding getElementTagName on session 95b68122-5bd3-4599-aea1-e2331722d8b7 to remote] DEBUG org.asynchttpclient.netty.request.NettyRequestSender - Using pooled Channel '[id: 0x0ad91924, L:/127.0.0.1:56928 - R:localhost/127.0.0.1:64237]' for 'GET' to 'http://localhost:64237/session/95b68122-5bd3-4599-aea1-e2331722d8b7/element/af086870-5752-4c1e-96b5-e53289525d0a/name'
19:38:21.523 [Forwarding getElementTagName on session 95b68122-5bd3-4599-aea1-e2331722d8b7 to remote] DEBUG org.asynchttpclient.netty.request.NettyRequestSender - Using open Channel [id: 0x0ad91924, L:/127.0.0.1:56928 - R:localhost/127.0.0.1:64237] for GET '/session/95b68122-5bd3-4599-aea1-e2331722d8b7/element/af086870-5752-4c1e-96b5-e53289525d0a/name'
19:38:21.527 [AsyncHttpClient-1-2] DEBUG org.asynchttpclient.netty.handler.HttpHandler - 

Request DefaultFullHttpRequest(decodeResult: success, version: HTTP/1.1, content: EmptyByteBufBE)
GET /session/95b68122-5bd3-4599-aea1-e2331722d8b7/element/af086870-5752-4c1e-96b5-e53289525d0a/name HTTP/1.1
User-Agent: selenium/4.1.2 (java windows)
Cache-Control: no-cache
Content-Type: application/json; charset=utf-8
host: localhost:64237
accept: */*

Response DefaultHttpResponse(decodeResult: success, version: HTTP/1.1)
HTTP/1.1 200 OK
content-type: application/json; charset=utf-8
cache-control: no-cache
date: Sun, 09 Apr 2023 12:38:20 GMT
content-length: 13

19:38:21.527 [AsyncHttpClient-1-2] DEBUG org.asynchttpclient.netty.channel.ChannelManager - Adding key: http://localhost:64237 for channel [id: 0x0ad91924, L:/127.0.0.1:56928 - R:localhost/127.0.0.1:64237]
19:38:21.531 [Forwarding findElement on session 95b68122-5bd3-4599-aea1-e2331722d8b7 to remote] DEBUG org.asynchttpclient.netty.request.NettyRequestSender - Using pooled Channel '[id: 0x0ad91924, L:/127.0.0.1:56928 - R:localhost/127.0.0.1:64237]' for 'POST' to 'http://localhost:64237/session/95b68122-5bd3-4599-aea1-e2331722d8b7/element'
19:38:21.531 [Forwarding findElement on session 95b68122-5bd3-4599-aea1-e2331722d8b7 to remote] DEBUG org.asynchttpclient.netty.request.NettyRequestSender - Using open Channel [id: 0x0ad91924, L:/127.0.0.1:56928 - R:localhost/127.0.0.1:64237] for POST '/session/95b68122-5bd3-4599-aea1-e2331722d8b7/element'
19:38:21.567 [AsyncHttpClient-1-2] DEBUG org.asynchttpclient.netty.handler.HttpHandler - 

Request DefaultHttpRequest(decodeResult: success, version: HTTP/1.1)
POST /session/95b68122-5bd3-4599-aea1-e2331722d8b7/element HTTP/1.1
User-Agent: selenium/4.1.2 (java windows)
Content-Length: 66
Content-Type: application/json; charset=utf-8
host: localhost:64237
accept: */*

Response DefaultHttpResponse(decodeResult: success, version: HTTP/1.1)
HTTP/1.1 200 OK
content-type: application/json; charset=utf-8
cache-control: no-cache
date: Sun, 09 Apr 2023 12:38:20 GMT
content-length: 88

19:38:21.568 [AsyncHttpClient-1-2] DEBUG org.asynchttpclient.netty.channel.ChannelManager - Adding key: http://localhost:64237 for channel [id: 0x0ad91924, L:/127.0.0.1:56928 - R:localhost/127.0.0.1:64237]
19:38:21.571 [Forwarding clickElement on session 95b68122-5bd3-4599-aea1-e2331722d8b7 to remote] DEBUG org.asynchttpclient.netty.request.NettyRequestSender - Using pooled Channel '[id: 0x0ad91924, L:/127.0.0.1:56928 - R:localhost/127.0.0.1:64237]' for 'POST' to 'http://localhost:64237/session/95b68122-5bd3-4599-aea1-e2331722d8b7/element/af086870-5752-4c1e-96b5-e53289525d0a/click'
19:38:21.571 [Forwarding clickElement on session 95b68122-5bd3-4599-aea1-e2331722d8b7 to remote] DEBUG org.asynchttpclient.netty.request.NettyRequestSender - Using open Channel [id: 0x0ad91924, L:/127.0.0.1:56928 - R:localhost/127.0.0.1:64237] for POST '/session/95b68122-5bd3-4599-aea1-e2331722d8b7/element/af086870-5752-4c1e-96b5-e53289525d0a/click'
19:38:22.582 [AsyncHttpClient-1-2] DEBUG org.asynchttpclient.netty.handler.HttpHandler - 

Request DefaultHttpRequest(decodeResult: success, version: HTTP/1.1)
POST /session/95b68122-5bd3-4599-aea1-e2331722d8b7/element/af086870-5752-4c1e-96b5-e53289525d0a/click HTTP/1.1
User-Agent: selenium/4.1.2 (java windows)
Content-Length: 50
Content-Type: application/json; charset=utf-8
host: localhost:64237
accept: */*

Response DefaultHttpResponse(decodeResult: success, version: HTTP/1.1)
HTTP/1.1 200 OK
content-type: application/json; charset=utf-8
cache-control: no-cache
date: Sun, 09 Apr 2023 12:38:20 GMT
content-length: 14

19:38:22.582 [AsyncHttpClient-1-2] DEBUG org.asynchttpclient.netty.channel.ChannelManager - Adding key: http://localhost:64237 for channel [id: 0x0ad91924, L:/127.0.0.1:56928 - R:localhost/127.0.0.1:64237]
  &amp#27;[32mThen &amp#27;[0m&amp#27;[32mI click account on the header&amp#27;[0m &amp#27;[90m# starter.stepdefinitions.AuthStep.iClickAccountOnTheHeader()&amp#27;[0m
19:38:22.594 [Forwarding screenshot on session 95b68122-5bd3-4599-aea1-e2331722d8b7 to remote] DEBUG org.asynchttpclient.netty.request.NettyRequestSender - Using pooled Channel '[id: 0x0ad91924, L:/127.0.0.1:56928 - R:localhost/127.0.0.1:64237]' for 'GET' to 'http://localhost:64237/session/95b68122-5bd3-4599-aea1-e2331722d8b7/screenshot'
19:38:22.594 [Forwarding screenshot on session 95b68122-5bd3-4599-aea1-e2331722d8b7 to remote] DEBUG org.asynchttpclient.netty.request.NettyRequestSender - Using open Channel [id: 0x0ad91924, L:/127.0.0.1:56928 - R:localhost/127.0.0.1:64237] for GET '/session/95b68122-5bd3-4599-aea1-e2331722d8b7/screenshot'
19:38:22.754 [AsyncHttpClient-1-2] DEBUG org.asynchttpclient.netty.handler.HttpHandler - 

Request DefaultFullHttpRequest(decodeResult: success, version: HTTP/1.1, content: EmptyByteBufBE)
GET /session/95b68122-5bd3-4599-aea1-e2331722d8b7/screenshot HTTP/1.1
User-Agent: selenium/4.1.2 (java windows)
Cache-Control: no-cache
Content-Type: application/json; charset=utf-8
host: localhost:64237
accept: */*

Response DefaultHttpResponse(decodeResult: success, version: HTTP/1.1)
HTTP/1.1 200 OK
content-type: application/json; charset=utf-8
cache-control: no-cache
date: Sun, 09 Apr 2023 12:38:22 GMT
content-length: 76028

19:38:22.756 [AsyncHttpClient-1-2] DEBUG org.asynchttpclient.netty.channel.ChannelManager - Adding key: http://localhost:64237 for channel [id: 0x0ad91924, L:/127.0.0.1:56928 - R:localhost/127.0.0.1:64237]
19:38:22.767 [main] DEBUG net.serenitybdd.core.photography.Darkroom - Send negative for processing for target\site\serenity\1be129cfb0496e81c4130beef7d3134d469ac8096acfa664bcc9089216801f30.png
19:38:22.767 [Darkroom Processing Line] DEBUG net.serenitybdd.core.photography.DarkroomProcessingLine - Processing screenshot image in /var/screenshots/screenshot-1107630717194940047
19:38:22.767 [Darkroom Processing Line] DEBUG net.serenitybdd.core.photography.DarkroomProcessingLine - Saving screenshot to target\site\serenity\1be129cfb0496e81c4130beef7d3134d469ac8096acfa664bcc9089216801f30.png
19:38:22.784 [Forwarding findElement on session 95b68122-5bd3-4599-aea1-e2331722d8b7 to remote] DEBUG org.asynchttpclient.netty.request.NettyRequestSender - Using pooled Channel '[id: 0x0ad91924, L:/127.0.0.1:56928 - R:localhost/127.0.0.1:64237]' for 'POST' to 'http://localhost:64237/session/95b68122-5bd3-4599-aea1-e2331722d8b7/element'
19:38:22.784 [Forwarding findElement on session 95b68122-5bd3-4599-aea1-e2331722d8b7 to remote] DEBUG org.asynchttpclient.netty.request.NettyRequestSender - Using open Channel [id: 0x0ad91924, L:/127.0.0.1:56928 - R:localhost/127.0.0.1:64237] for POST '/session/95b68122-5bd3-4599-aea1-e2331722d8b7/element'
19:38:22.838 [AsyncHttpClient-1-2] DEBUG org.asynchttpclient.netty.handler.HttpHandler - 

Request DefaultHttpRequest(decodeResult: success, version: HTTP/1.1)
POST /session/95b68122-5bd3-4599-aea1-e2331722d8b7/element HTTP/1.1
User-Agent: selenium/4.1.2 (java windows)
Content-Length: 72
Content-Type: application/json; charset=utf-8
host: localhost:64237
accept: */*

Response DefaultHttpResponse(decodeResult: success, version: HTTP/1.1)
HTTP/1.1 200 OK
content-type: application/json; charset=utf-8
cache-control: no-cache
date: Sun, 09 Apr 2023 12:38:22 GMT
content-length: 88

19:38:22.838 [AsyncHttpClient-1-2] DEBUG org.asynchttpclient.netty.channel.ChannelManager - Adding key: http://localhost:64237 for channel [id: 0x0ad91924, L:/127.0.0.1:56928 - R:localhost/127.0.0.1:64237]
19:38:22.840 [Forwarding clearElement on session 95b68122-5bd3-4599-aea1-e2331722d8b7 to remote] DEBUG org.asynchttpclient.netty.request.NettyRequestSender - Using pooled Channel '[id: 0x0ad91924, L:/127.0.0.1:56928 - R:localhost/127.0.0.1:64237]' for 'POST' to 'http://localhost:64237/session/95b68122-5bd3-4599-aea1-e2331722d8b7/element/537a8599-8616-4ecb-a851-e696429af1da/clear'
19:38:22.840 [Forwarding clearElement on session 95b68122-5bd3-4599-aea1-e2331722d8b7 to remote] DEBUG org.asynchttpclient.netty.request.NettyRequestSender - Using open Channel [id: 0x0ad91924, L:/127.0.0.1:56928 - R:localhost/127.0.0.1:64237] for POST '/session/95b68122-5bd3-4599-aea1-e2331722d8b7/element/537a8599-8616-4ecb-a851-e696429af1da/clear'
19:38:22.949 [AsyncHttpClient-1-2] DEBUG org.asynchttpclient.netty.handler.HttpHandler - 

Request DefaultHttpRequest(decodeResult: success, version: HTTP/1.1)
POST /session/95b68122-5bd3-4599-aea1-e2331722d8b7/element/537a8599-8616-4ecb-a851-e696429af1da/clear HTTP/1.1
User-Agent: selenium/4.1.2 (java windows)
Content-Length: 50
Content-Type: application/json; charset=utf-8
host: localhost:64237
accept: */*

Response DefaultHttpResponse(decodeResult: success, version: HTTP/1.1)
HTTP/1.1 200 OK
content-type: application/json; charset=utf-8
cache-control: no-cache
date: Sun, 09 Apr 2023 12:38:22 GMT
content-length: 14

19:38:22.950 [AsyncHttpClient-1-2] DEBUG org.asynchttpclient.netty.channel.ChannelManager - Adding key: http://localhost:64237 for channel [id: 0x0ad91924, L:/127.0.0.1:56928 - R:localhost/127.0.0.1:64237]
19:38:22.956 [Forwarding sendKeysToElement on session 95b68122-5bd3-4599-aea1-e2331722d8b7 to remote] DEBUG org.asynchttpclient.netty.request.NettyRequestSender - Using pooled Channel '[id: 0x0ad91924, L:/127.0.0.1:56928 - R:localhost/127.0.0.1:64237]' for 'POST' to 'http://localhost:64237/session/95b68122-5bd3-4599-aea1-e2331722d8b7/element/537a8599-8616-4ecb-a851-e696429af1da/value'
19:38:22.956 [Forwarding sendKeysToElement on session 95b68122-5bd3-4599-aea1-e2331722d8b7 to remote] DEBUG org.asynchttpclient.netty.request.NettyRequestSender - Using open Channel [id: 0x0ad91924, L:/127.0.0.1:56928 - R:localhost/127.0.0.1:64237] for POST '/session/95b68122-5bd3-4599-aea1-e2331722d8b7/element/537a8599-8616-4ecb-a851-e696429af1da/value'
19:38:23.090 [AsyncHttpClient-1-2] DEBUG org.asynchttpclient.netty.handler.HttpHandler - 

Request DefaultHttpRequest(decodeResult: success, version: HTTP/1.1)
POST /session/95b68122-5bd3-4599-aea1-e2331722d8b7/element/537a8599-8616-4ecb-a851-e696429af1da/value HTTP/1.1
User-Agent: selenium/4.1.2 (java windows)
Content-Length: 301
Content-Type: application/json; charset=utf-8
host: localhost:64237
accept: */*

Response DefaultHttpResponse(decodeResult: success, version: HTTP/1.1)
HTTP/1.1 200 OK
content-type: application/json; charset=utf-8
cache-control: no-cache
date: Sun, 09 Apr 2023 12:38:22 GMT
content-length: 14

19:38:23.091 [AsyncHttpClient-1-2] DEBUG org.asynchttpclient.netty.channel.ChannelManager - Adding key: http://localhost:64237 for channel [id: 0x0ad91924, L:/127.0.0.1:56928 - R:localhost/127.0.0.1:64237]
  &amp#27;[32mAnd &amp#27;[0m&amp#27;[32mI input email&amp#27;[0m                  &amp#27;[90m# starter.stepdefinitions.AuthStep.iInputEmail()&amp#27;[0m
19:38:23.103 [Forwarding screenshot on session 95b68122-5bd3-4599-aea1-e2331722d8b7 to remote] DEBUG org.asynchttpclient.netty.request.NettyRequestSender - Using pooled Channel '[id: 0x0ad91924, L:/127.0.0.1:56928 - R:localhost/127.0.0.1:64237]' for 'GET' to 'http://localhost:64237/session/95b68122-5bd3-4599-aea1-e2331722d8b7/screenshot'
19:38:23.103 [Forwarding screenshot on session 95b68122-5bd3-4599-aea1-e2331722d8b7 to remote] DEBUG org.asynchttpclient.netty.request.NettyRequestSender - Using open Channel [id: 0x0ad91924, L:/127.0.0.1:56928 - R:localhost/127.0.0.1:64237] for GET '/session/95b68122-5bd3-4599-aea1-e2331722d8b7/screenshot'
19:38:23.197 [AsyncHttpClient-1-2] DEBUG org.asynchttpclient.netty.handler.HttpHandler - 

Request DefaultFullHttpRequest(decodeResult: success, version: HTTP/1.1, content: EmptyByteBufBE)
GET /session/95b68122-5bd3-4599-aea1-e2331722d8b7/screenshot HTTP/1.1
User-Agent: selenium/4.1.2 (java windows)
Cache-Control: no-cache
Content-Type: application/json; charset=utf-8
host: localhost:64237
accept: */*

Response DefaultHttpResponse(decodeResult: success, version: HTTP/1.1)
HTTP/1.1 200 OK
content-type: application/json; charset=utf-8
cache-control: no-cache
date: Sun, 09 Apr 2023 12:38:22 GMT
content-length: 76736

19:38:23.198 [AsyncHttpClient-1-2] DEBUG org.asynchttpclient.netty.channel.ChannelManager - Adding key: http://localhost:64237 for channel [id: 0x0ad91924, L:/127.0.0.1:56928 - R:localhost/127.0.0.1:64237]
19:38:23.201 [main] DEBUG net.serenitybdd.core.photography.Darkroom - Send negative for processing for target\site\serenity\89fd696ce3396d5fc5b3ab2e5e0f8dfaa8f7ab2c372fed425d55f388c20f35ed.png
19:38:23.201 [Darkroom Processing Line] DEBUG net.serenitybdd.core.photography.DarkroomProcessingLine - Processing screenshot image in /var/screenshots/screenshot-15542281463822367777
19:38:23.201 [Darkroom Processing Line] DEBUG net.serenitybdd.core.photography.DarkroomProcessingLine - Saving screenshot to target\site\serenity\89fd696ce3396d5fc5b3ab2e5e0f8dfaa8f7ab2c372fed425d55f388c20f35ed.png
19:38:23.211 [Forwarding findElement on session 95b68122-5bd3-4599-aea1-e2331722d8b7 to remote] DEBUG org.asynchttpclient.netty.request.NettyRequestSender - Using pooled Channel '[id: 0x0ad91924, L:/127.0.0.1:56928 - R:localhost/127.0.0.1:64237]' for 'POST' to 'http://localhost:64237/session/95b68122-5bd3-4599-aea1-e2331722d8b7/element'
19:38:23.211 [Forwarding findElement on session 95b68122-5bd3-4599-aea1-e2331722d8b7 to remote] DEBUG org.asynchttpclient.netty.request.NettyRequestSender - Using open Channel [id: 0x0ad91924, L:/127.0.0.1:56928 - R:localhost/127.0.0.1:64237] for POST '/session/95b68122-5bd3-4599-aea1-e2331722d8b7/element'
19:38:23.233 [AsyncHttpClient-1-2] DEBUG org.asynchttpclient.netty.handler.HttpHandler - 

Request DefaultHttpRequest(decodeResult: success, version: HTTP/1.1)
POST /session/95b68122-5bd3-4599-aea1-e2331722d8b7/element HTTP/1.1
User-Agent: selenium/4.1.2 (java windows)
Content-Length: 72
Content-Type: application/json; charset=utf-8
host: localhost:64237
accept: */*

Response DefaultHttpResponse(decodeResult: success, version: HTTP/1.1)
HTTP/1.1 200 OK
content-type: application/json; charset=utf-8
cache-control: no-cache
date: Sun, 09 Apr 2023 12:38:22 GMT
content-length: 88

19:38:23.234 [AsyncHttpClient-1-2] DEBUG org.asynchttpclient.netty.channel.ChannelManager - Adding key: http://localhost:64237 for channel [id: 0x0ad91924, L:/127.0.0.1:56928 - R:localhost/127.0.0.1:64237]
19:38:23.235 [Forwarding clearElement on session 95b68122-5bd3-4599-aea1-e2331722d8b7 to remote] DEBUG org.asynchttpclient.netty.request.NettyRequestSender - Using pooled Channel '[id: 0x0ad91924, L:/127.0.0.1:56928 - R:localhost/127.0.0.1:64237]' for 'POST' to 'http://localhost:64237/session/95b68122-5bd3-4599-aea1-e2331722d8b7/element/318202d4-bdeb-448b-9af1-27f5452d7236/clear'
19:38:23.235 [Forwarding clearElement on session 95b68122-5bd3-4599-aea1-e2331722d8b7 to remote] DEBUG org.asynchttpclient.netty.request.NettyRequestSender - Using open Channel [id: 0x0ad91924, L:/127.0.0.1:56928 - R:localhost/127.0.0.1:64237] for POST '/session/95b68122-5bd3-4599-aea1-e2331722d8b7/element/318202d4-bdeb-448b-9af1-27f5452d7236/clear'
19:38:23.249 [AsyncHttpClient-1-2] DEBUG org.asynchttpclient.netty.handler.HttpHandler - 

Request DefaultHttpRequest(decodeResult: success, version: HTTP/1.1)
POST /session/95b68122-5bd3-4599-aea1-e2331722d8b7/element/318202d4-bdeb-448b-9af1-27f5452d7236/clear HTTP/1.1
User-Agent: selenium/4.1.2 (java windows)
Content-Length: 50
Content-Type: application/json; charset=utf-8
host: localhost:64237
accept: */*

Response DefaultHttpResponse(decodeResult: success, version: HTTP/1.1)
HTTP/1.1 200 OK
content-type: application/json; charset=utf-8
cache-control: no-cache
date: Sun, 09 Apr 2023 12:38:22 GMT
content-length: 14

19:38:23.249 [AsyncHttpClient-1-2] DEBUG org.asynchttpclient.netty.channel.ChannelManager - Adding key: http://localhost:64237 for channel [id: 0x0ad91924, L:/127.0.0.1:56928 - R:localhost/127.0.0.1:64237]
19:38:23.253 [Forwarding sendKeysToElement on session 95b68122-5bd3-4599-aea1-e2331722d8b7 to remote] DEBUG org.asynchttpclient.netty.request.NettyRequestSender - Using pooled Channel '[id: 0x0ad91924, L:/127.0.0.1:56928 - R:localhost/127.0.0.1:64237]' for 'POST' to 'http://localhost:64237/session/95b68122-5bd3-4599-aea1-e2331722d8b7/element/318202d4-bdeb-448b-9af1-27f5452d7236/value'
19:38:23.253 [Forwarding sendKeysToElement on session 95b68122-5bd3-4599-aea1-e2331722d8b7 to remote] DEBUG org.asynchttpclient.netty.request.NettyRequestSender - Using open Channel [id: 0x0ad91924, L:/127.0.0.1:56928 - R:localhost/127.0.0.1:64237] for POST '/session/95b68122-5bd3-4599-aea1-e2331722d8b7/element/318202d4-bdeb-448b-9af1-27f5452d7236/value'
19:38:23.311 [AsyncHttpClient-1-2] DEBUG org.asynchttpclient.netty.handler.HttpHandler - 

Request DefaultHttpRequest(decodeResult: success, version: HTTP/1.1)
POST /session/95b68122-5bd3-4599-aea1-e2331722d8b7/element/318202d4-bdeb-448b-9af1-27f5452d7236/value HTTP/1.1
User-Agent: selenium/4.1.2 (java windows)
Content-Length: 201
Content-Type: application/json; charset=utf-8
host: localhost:64237
accept: */*

Response DefaultHttpResponse(decodeResult: success, version: HTTP/1.1)
HTTP/1.1 200 OK
content-type: application/json; charset=utf-8
cache-control: no-cache
date: Sun, 09 Apr 2023 12:38:22 GMT
content-length: 14

19:38:23.311 [AsyncHttpClient-1-2] DEBUG org.asynchttpclient.netty.channel.ChannelManager - Adding key: http://localhost:64237 for channel [id: 0x0ad91924, L:/127.0.0.1:56928 - R:localhost/127.0.0.1:64237]
  &amp#27;[32mAnd &amp#27;[0m&amp#27;[32mI input password&amp#27;[0m               &amp#27;[90m# starter.stepdefinitions.AuthStep.iInputPassword()&amp#27;[0m
19:38:23.318 [Forwarding screenshot on session 95b68122-5bd3-4599-aea1-e2331722d8b7 to remote] DEBUG org.asynchttpclient.netty.request.NettyRequestSender - Using pooled Channel '[id: 0x0ad91924, L:/127.0.0.1:56928 - R:localhost/127.0.0.1:64237]' for 'GET' to 'http://localhost:64237/session/95b68122-5bd3-4599-aea1-e2331722d8b7/screenshot'
19:38:23.318 [Forwarding screenshot on session 95b68122-5bd3-4599-aea1-e2331722d8b7 to remote] DEBUG org.asynchttpclient.netty.request.NettyRequestSender - Using open Channel [id: 0x0ad91924, L:/127.0.0.1:56928 - R:localhost/127.0.0.1:64237] for GET '/session/95b68122-5bd3-4599-aea1-e2331722d8b7/screenshot'
19:38:23.352 [AsyncHttpClient-1-2] DEBUG org.asynchttpclient.netty.handler.HttpHandler - 

Request DefaultFullHttpRequest(decodeResult: success, version: HTTP/1.1, content: EmptyByteBufBE)
GET /session/95b68122-5bd3-4599-aea1-e2331722d8b7/screenshot HTTP/1.1
User-Agent: selenium/4.1.2 (java windows)
Cache-Control: no-cache
Content-Type: application/json; charset=utf-8
host: localhost:64237
accept: */*

Response DefaultHttpResponse(decodeResult: success, version: HTTP/1.1)
HTTP/1.1 200 OK
content-type: application/json; charset=utf-8
cache-control: no-cache
date: Sun, 09 Apr 2023 12:38:22 GMT
content-length: 76912

19:38:23.353 [AsyncHttpClient-1-2] DEBUG org.asynchttpclient.netty.channel.ChannelManager - Adding key: http://localhost:64237 for channel [id: 0x0ad91924, L:/127.0.0.1:56928 - R:localhost/127.0.0.1:64237]
19:38:23.357 [main] DEBUG net.serenitybdd.core.photography.Darkroom - Send negative for processing for target\site\serenity\72fea5683a8e370fd8b2606da4a63108a12399e28784844fa924f6815123328d.png
19:38:23.358 [Darkroom Processing Line] DEBUG net.serenitybdd.core.photography.DarkroomProcessingLine - Processing screenshot image in /var/screenshots/screenshot-16873735239959531354
19:38:23.358 [Darkroom Processing Line] DEBUG net.serenitybdd.core.photography.DarkroomProcessingLine - Saving screenshot to target\site\serenity\72fea5683a8e370fd8b2606da4a63108a12399e28784844fa924f6815123328d.png
19:38:23.369 [Forwarding findElement on session 95b68122-5bd3-4599-aea1-e2331722d8b7 to remote] DEBUG org.asynchttpclient.netty.request.NettyRequestSender - Using pooled Channel '[id: 0x0ad91924, L:/127.0.0.1:56928 - R:localhost/127.0.0.1:64237]' for 'POST' to 'http://localhost:64237/session/95b68122-5bd3-4599-aea1-e2331722d8b7/element'
19:38:23.369 [Forwarding findElement on session 95b68122-5bd3-4599-aea1-e2331722d8b7 to remote] DEBUG org.asynchttpclient.netty.request.NettyRequestSender - Using open Channel [id: 0x0ad91924, L:/127.0.0.1:56928 - R:localhost/127.0.0.1:64237] for POST '/session/95b68122-5bd3-4599-aea1-e2331722d8b7/element'
19:38:23.390 [AsyncHttpClient-1-2] DEBUG org.asynchttpclient.netty.handler.HttpHandler - 

Request DefaultHttpRequest(decodeResult: success, version: HTTP/1.1)
POST /session/95b68122-5bd3-4599-aea1-e2331722d8b7/element HTTP/1.1
User-Agent: selenium/4.1.2 (java windows)
Content-Length: 79
Content-Type: application/json; charset=utf-8
host: localhost:64237
accept: */*

Response DefaultHttpResponse(decodeResult: success, version: HTTP/1.1)
HTTP/1.1 200 OK
content-type: application/json; charset=utf-8
cache-control: no-cache
date: Sun, 09 Apr 2023 12:38:22 GMT
content-length: 88

19:38:23.390 [AsyncHttpClient-1-2] DEBUG org.asynchttpclient.netty.channel.ChannelManager - Adding key: http://localhost:64237 for channel [id: 0x0ad91924, L:/127.0.0.1:56928 - R:localhost/127.0.0.1:64237]
19:38:23.392 [Forwarding getElementTagName on session 95b68122-5bd3-4599-aea1-e2331722d8b7 to remote] DEBUG org.asynchttpclient.netty.request.NettyRequestSender - Using pooled Channel '[id: 0x0ad91924, L:/127.0.0.1:56928 - R:localhost/127.0.0.1:64237]' for 'GET' to 'http://localhost:64237/session/95b68122-5bd3-4599-aea1-e2331722d8b7/element/16cf1d97-1c67-4a52-817f-729ad447c563/name'
19:38:23.392 [Forwarding getElementTagName on session 95b68122-5bd3-4599-aea1-e2331722d8b7 to remote] DEBUG org.asynchttpclient.netty.request.NettyRequestSender - Using open Channel [id: 0x0ad91924, L:/127.0.0.1:56928 - R:localhost/127.0.0.1:64237] for GET '/session/95b68122-5bd3-4599-aea1-e2331722d8b7/element/16cf1d97-1c67-4a52-817f-729ad447c563/name'
19:38:23.394 [AsyncHttpClient-1-2] DEBUG org.asynchttpclient.netty.handler.HttpHandler - 

Request DefaultFullHttpRequest(decodeResult: success, version: HTTP/1.1, content: EmptyByteBufBE)
GET /session/95b68122-5bd3-4599-aea1-e2331722d8b7/element/16cf1d97-1c67-4a52-817f-729ad447c563/name HTTP/1.1
User-Agent: selenium/4.1.2 (java windows)
Cache-Control: no-cache
Content-Type: application/json; charset=utf-8
host: localhost:64237
accept: */*

Response DefaultHttpResponse(decodeResult: success, version: HTTP/1.1)
HTTP/1.1 200 OK
content-type: application/json; charset=utf-8
cache-control: no-cache
date: Sun, 09 Apr 2023 12:38:22 GMT
content-length: 13

19:38:23.395 [AsyncHttpClient-1-2] DEBUG org.asynchttpclient.netty.channel.ChannelManager - Adding key: http://localhost:64237 for channel [id: 0x0ad91924, L:/127.0.0.1:56928 - R:localhost/127.0.0.1:64237]
19:38:23.396 [Forwarding getElementTagName on session 95b68122-5bd3-4599-aea1-e2331722d8b7 to remote] DEBUG org.asynchttpclient.netty.request.NettyRequestSender - Using pooled Channel '[id: 0x0ad91924, L:/127.0.0.1:56928 - R:localhost/127.0.0.1:64237]' for 'GET' to 'http://localhost:64237/session/95b68122-5bd3-4599-aea1-e2331722d8b7/element/16cf1d97-1c67-4a52-817f-729ad447c563/name'
19:38:23.396 [Forwarding getElementTagName on session 95b68122-5bd3-4599-aea1-e2331722d8b7 to remote] DEBUG org.asynchttpclient.netty.request.NettyRequestSender - Using open Channel [id: 0x0ad91924, L:/127.0.0.1:56928 - R:localhost/127.0.0.1:64237] for GET '/session/95b68122-5bd3-4599-aea1-e2331722d8b7/element/16cf1d97-1c67-4a52-817f-729ad447c563/name'
19:38:23.402 [AsyncHttpClient-1-2] DEBUG org.asynchttpclient.netty.handler.HttpHandler - 

Request DefaultFullHttpRequest(decodeResult: success, version: HTTP/1.1, content: EmptyByteBufBE)
GET /session/95b68122-5bd3-4599-aea1-e2331722d8b7/element/16cf1d97-1c67-4a52-817f-729ad447c563/name HTTP/1.1
User-Agent: selenium/4.1.2 (java windows)
Cache-Control: no-cache
Content-Type: application/json; charset=utf-8
host: localhost:64237
accept: */*

Response DefaultHttpResponse(decodeResult: success, version: HTTP/1.1)
HTTP/1.1 200 OK
content-type: application/json; charset=utf-8
cache-control: no-cache
date: Sun, 09 Apr 2023 12:38:22 GMT
content-length: 13

19:38:23.403 [AsyncHttpClient-1-2] DEBUG org.asynchttpclient.netty.channel.ChannelManager - Adding key: http://localhost:64237 for channel [id: 0x0ad91924, L:/127.0.0.1:56928 - R:localhost/127.0.0.1:64237]
19:38:23.405 [Forwarding findElement on session 95b68122-5bd3-4599-aea1-e2331722d8b7 to remote] DEBUG org.asynchttpclient.netty.request.NettyRequestSender - Using pooled Channel '[id: 0x0ad91924, L:/127.0.0.1:56928 - R:localhost/127.0.0.1:64237]' for 'POST' to 'http://localhost:64237/session/95b68122-5bd3-4599-aea1-e2331722d8b7/element'
19:38:23.405 [Forwarding findElement on session 95b68122-5bd3-4599-aea1-e2331722d8b7 to remote] DEBUG org.asynchttpclient.netty.request.NettyRequestSender - Using open Channel [id: 0x0ad91924, L:/127.0.0.1:56928 - R:localhost/127.0.0.1:64237] for POST '/session/95b68122-5bd3-4599-aea1-e2331722d8b7/element'
19:38:23.407 [AsyncHttpClient-1-2] DEBUG org.asynchttpclient.netty.handler.HttpHandler - 

Request DefaultHttpRequest(decodeResult: success, version: HTTP/1.1)
POST /session/95b68122-5bd3-4599-aea1-e2331722d8b7/element HTTP/1.1
User-Agent: selenium/4.1.2 (java windows)
Content-Length: 79
Content-Type: application/json; charset=utf-8
host: localhost:64237
accept: */*

Response DefaultHttpResponse(decodeResult: success, version: HTTP/1.1)
HTTP/1.1 200 OK
content-type: application/json; charset=utf-8
cache-control: no-cache
date: Sun, 09 Apr 2023 12:38:22 GMT
content-length: 88

19:38:23.408 [AsyncHttpClient-1-2] DEBUG org.asynchttpclient.netty.channel.ChannelManager - Adding key: http://localhost:64237 for channel [id: 0x0ad91924, L:/127.0.0.1:56928 - R:localhost/127.0.0.1:64237]
19:38:23.409 [Forwarding clickElement on session 95b68122-5bd3-4599-aea1-e2331722d8b7 to remote] DEBUG org.asynchttpclient.netty.request.NettyRequestSender - Using pooled Channel '[id: 0x0ad91924, L:/127.0.0.1:56928 - R:localhost/127.0.0.1:64237]' for 'POST' to 'http://localhost:64237/session/95b68122-5bd3-4599-aea1-e2331722d8b7/element/16cf1d97-1c67-4a52-817f-729ad447c563/click'
19:38:23.409 [Forwarding clickElement on session 95b68122-5bd3-4599-aea1-e2331722d8b7 to remote] DEBUG org.asynchttpclient.netty.request.NettyRequestSender - Using open Channel [id: 0x0ad91924, L:/127.0.0.1:56928 - R:localhost/127.0.0.1:64237] for POST '/session/95b68122-5bd3-4599-aea1-e2331722d8b7/element/16cf1d97-1c67-4a52-817f-729ad447c563/click'
19:38:23.991 [AsyncHttpClient-1-2] DEBUG org.asynchttpclient.netty.handler.HttpHandler - 

Request DefaultHttpRequest(decodeResult: success, version: HTTP/1.1)
POST /session/95b68122-5bd3-4599-aea1-e2331722d8b7/element/16cf1d97-1c67-4a52-817f-729ad447c563/click HTTP/1.1
User-Agent: selenium/4.1.2 (java windows)
Content-Length: 50
Content-Type: application/json; charset=utf-8
host: localhost:64237
accept: */*

Response DefaultHttpResponse(decodeResult: success, version: HTTP/1.1)
HTTP/1.1 200 OK
content-type: application/json; charset=utf-8
cache-control: no-cache
date: Sun, 09 Apr 2023 12:38:22 GMT
content-length: 14

19:38:23.991 [AsyncHttpClient-1-2] DEBUG org.asynchttpclient.netty.channel.ChannelManager - Adding key: http://localhost:64237 for channel [id: 0x0ad91924, L:/127.0.0.1:56928 - R:localhost/127.0.0.1:64237]
  &amp#27;[32mAnd &amp#27;[0m&amp#27;[32mI click button masuk&amp#27;[0m           &amp#27;[90m# starter.stepdefinitions.AuthStep.iClickButtonMasuk()&amp#27;[0m
19:38:24.000 [Forwarding screenshot on session 95b68122-5bd3-4599-aea1-e2331722d8b7 to remote] DEBUG org.asynchttpclient.netty.request.NettyRequestSender - Using pooled Channel '[id: 0x0ad91924, L:/127.0.0.1:56928 - R:localhost/127.0.0.1:64237]' for 'GET' to 'http://localhost:64237/session/95b68122-5bd3-4599-aea1-e2331722d8b7/screenshot'
19:38:24.000 [Forwarding screenshot on session 95b68122-5bd3-4599-aea1-e2331722d8b7 to remote] DEBUG org.asynchttpclient.netty.request.NettyRequestSender - Using open Channel [id: 0x0ad91924, L:/127.0.0.1:56928 - R:localhost/127.0.0.1:64237] for GET '/session/95b68122-5bd3-4599-aea1-e2331722d8b7/screenshot'
19:38:24.031 [AsyncHttpClient-1-2] DEBUG org.asynchttpclient.netty.handler.HttpHandler - 

Request DefaultFullHttpRequest(decodeResult: success, version: HTTP/1.1, content: EmptyByteBufBE)
GET /session/95b68122-5bd3-4599-aea1-e2331722d8b7/screenshot HTTP/1.1
User-Agent: selenium/4.1.2 (java windows)
Cache-Control: no-cache
Content-Type: application/json; charset=utf-8
host: localhost:64237
accept: */*

Response DefaultHttpResponse(decodeResult: success, version: HTTP/1.1)
HTTP/1.1 200 OK
content-type: application/json; charset=utf-8
cache-control: no-cache
date: Sun, 09 Apr 2023 12:38:23 GMT
content-length: 27032

19:38:24.032 [AsyncHttpClient-1-2] DEBUG org.asynchttpclient.netty.channel.ChannelManager - Adding key: http://localhost:64237 for channel [id: 0x0ad91924, L:/127.0.0.1:56928 - R:localhost/127.0.0.1:64237]
19:38:24.034 [main] DEBUG net.serenitybdd.core.photography.Darkroom - Send negative for processing for target\site\serenity\4e6ca256ceb07ff6b2679fd0a98be5384d2aa2c466cd126bfdaa2829aba4ff51.png
19:38:24.034 [Darkroom Processing Line] DEBUG net.serenitybdd.core.photography.DarkroomProcessingLine - Processing screenshot image in /var/screenshots/screenshot-15692522811161865432
19:38:24.034 [Darkroom Processing Line] DEBUG net.serenitybdd.core.photography.DarkroomProcessingLine - Saving screenshot to target\site\serenity\4e6ca256ceb07ff6b2679fd0a98be5384d2aa2c466cd126bfdaa2829aba4ff51.png
19:38:24.041 [Forwarding get on session 95b68122-5bd3-4599-aea1-e2331722d8b7 to remote] DEBUG org.asynchttpclient.netty.request.NettyRequestSender - Using pooled Channel '[id: 0x0ad91924, L:/127.0.0.1:56928 - R:localhost/127.0.0.1:64237]' for 'POST' to 'http://localhost:64237/session/95b68122-5bd3-4599-aea1-e2331722d8b7/url'
19:38:24.041 [Forwarding get on session 95b68122-5bd3-4599-aea1-e2331722d8b7 to remote] DEBUG org.asynchttpclient.netty.request.NettyRequestSender - Using open Channel [id: 0x0ad91924, L:/127.0.0.1:56928 - R:localhost/127.0.0.1:64237] for POST '/session/95b68122-5bd3-4599-aea1-e2331722d8b7/url'
19:38:24.791 [AsyncHttpClient-1-2] DEBUG org.asynchttpclient.netty.handler.HttpHandler - 

Request DefaultHttpRequest(decodeResult: success, version: HTTP/1.1)
POST /session/95b68122-5bd3-4599-aea1-e2331722d8b7/url HTTP/1.1
User-Agent: selenium/4.1.2 (java windows)
Content-Length: 53
Content-Type: application/json; charset=utf-8
host: localhost:64237
accept: */*

Response DefaultHttpResponse(decodeResult: success, version: HTTP/1.1)
HTTP/1.1 200 OK
content-type: application/json; charset=utf-8
cache-control: no-cache
date: Sun, 09 Apr 2023 12:38:23 GMT
content-length: 14

19:38:24.791 [AsyncHttpClient-1-2] DEBUG org.asynchttpclient.netty.channel.ChannelManager - Adding key: http://localhost:64237 for channel [id: 0x0ad91924, L:/127.0.0.1:56928 - R:localhost/127.0.0.1:64237]
19:38:24.794 [Forwarding getCurrentUrl on session 95b68122-5bd3-4599-aea1-e2331722d8b7 to remote] DEBUG org.asynchttpclient.netty.request.NettyRequestSender - Using pooled Channel '[id: 0x0ad91924, L:/127.0.0.1:56928 - R:localhost/127.0.0.1:64237]' for 'GET' to 'http://localhost:64237/session/95b68122-5bd3-4599-aea1-e2331722d8b7/url'
19:38:24.794 [Forwarding getCurrentUrl on session 95b68122-5bd3-4599-aea1-e2331722d8b7 to remote] DEBUG org.asynchttpclient.netty.request.NettyRequestSender - Using open Channel [id: 0x0ad91924, L:/127.0.0.1:56928 - R:localhost/127.0.0.1:64237] for GET '/session/95b68122-5bd3-4599-aea1-e2331722d8b7/url'
19:38:24.797 [AsyncHttpClient-1-2] DEBUG org.asynchttpclient.netty.handler.HttpHandler - 

Request DefaultFullHttpRequest(decodeResult: success, version: HTTP/1.1, content: EmptyByteBufBE)
GET /session/95b68122-5bd3-4599-aea1-e2331722d8b7/url HTTP/1.1
User-Agent: selenium/4.1.2 (java windows)
Cache-Control: no-cache
Content-Type: application/json; charset=utf-8
host: localhost:64237
accept: */*

Response DefaultHttpResponse(decodeResult: success, version: HTTP/1.1)
HTTP/1.1 200 OK
content-type: application/json; charset=utf-8
cache-control: no-cache
date: Sun, 09 Apr 2023 12:38:23 GMT
content-length: 41

19:38:24.797 [AsyncHttpClient-1-2] DEBUG org.asynchttpclient.netty.channel.ChannelManager - Adding key: http://localhost:64237 for channel [id: 0x0ad91924, L:/127.0.0.1:56928 - R:localhost/127.0.0.1:64237]
  &amp#27;[32mWhen &amp#27;[0m&amp#27;[32mI will go to home page&amp#27;[0m        &amp#27;[90m# starter.stepdefinitions.AuthStep.iWillGoToHomePage()&amp#27;[0m
19:38:24.807 [Forwarding screenshot on session 95b68122-5bd3-4599-aea1-e2331722d8b7 to remote] DEBUG org.asynchttpclient.netty.request.NettyRequestSender - Using pooled Channel '[id: 0x0ad91924, L:/127.0.0.1:56928 - R:localhost/127.0.0.1:64237]' for 'GET' to 'http://localhost:64237/session/95b68122-5bd3-4599-aea1-e2331722d8b7/screenshot'
19:38:24.807 [Forwarding screenshot on session 95b68122-5bd3-4599-aea1-e2331722d8b7 to remote] DEBUG org.asynchttpclient.netty.request.NettyRequestSender - Using open Channel [id: 0x0ad91924, L:/127.0.0.1:56928 - R:localhost/127.0.0.1:64237] for GET '/session/95b68122-5bd3-4599-aea1-e2331722d8b7/screenshot'
19:38:24.853 [AsyncHttpClient-1-2] DEBUG org.asynchttpclient.netty.handler.HttpHandler - 

Request DefaultFullHttpRequest(decodeResult: success, version: HTTP/1.1, content: EmptyByteBufBE)
GET /session/95b68122-5bd3-4599-aea1-e2331722d8b7/screenshot HTTP/1.1
User-Agent: selenium/4.1.2 (java windows)
Cache-Control: no-cache
Content-Type: application/json; charset=utf-8
host: localhost:64237
accept: */*

Response DefaultHttpResponse(decodeResult: success, version: HTTP/1.1)
HTTP/1.1 200 OK
content-type: application/json; charset=utf-8
cache-control: no-cache
date: Sun, 09 Apr 2023 12:38:23 GMT
content-length: 55464

19:38:24.854 [AsyncHttpClient-1-2] DEBUG org.asynchttpclient.netty.channel.ChannelManager - Adding key: http://localhost:64237 for channel [id: 0x0ad91924, L:/127.0.0.1:56928 - R:localhost/127.0.0.1:64237]
19:38:24.860 [main] DEBUG net.serenitybdd.core.photography.Darkroom - Send negative for processing for target\site\serenity\e02788bf371152796042f456abdd1854f474c3da2ea6df23d7bc62ce1bdf8788.png
19:38:24.861 [Darkroom Processing Line] DEBUG net.serenitybdd.core.photography.DarkroomProcessingLine - Processing screenshot image in /var/screenshots/screenshot-11670735544957133336
19:38:24.861 [Darkroom Processing Line] DEBUG net.serenitybdd.core.photography.DarkroomProcessingLine - Saving screenshot to target\site\serenity\e02788bf371152796042f456abdd1854f474c3da2ea6df23d7bc62ce1bdf8788.png
19:38:24.866 [main] INFO  - 
  _____   ___   ___   _____     ___     _     ___   ___   ___   ___  
 |_   _| | __| / __| |_   _|   | _ \   /_\   / __| / __| | __| |   \ 
   | |   | _|  \__ \   | |     |  _/  / _ \  \__ \ \__ \ | _|  | |) |
   |_|   |___| |___/   |_|     |_|   /_/ \_\ |___/ |___/ |___| |___/ 

Login user
----------------------------------------------------------------------
19:38:25.018 [Driver Command Executor] DEBUG org.asynchttpclient.netty.request.NettyRequestSender - Using pooled Channel '[id: 0x0ad91924, L:/127.0.0.1:56928 - R:localhost/127.0.0.1:64237]' for 'DELETE' to 'http://localhost:64237/session/95b68122-5bd3-4599-aea1-e2331722d8b7'
19:38:25.019 [Driver Command Executor] DEBUG org.asynchttpclient.netty.request.NettyRequestSender - Using open Channel [id: 0x0ad91924, L:/127.0.0.1:56928 - R:localhost/127.0.0.1:64237] for DELETE '/session/95b68122-5bd3-4599-aea1-e2331722d8b7'
19:38:26.523 [AsyncHttpClient-1-2] DEBUG org.asynchttpclient.netty.handler.HttpHandler - 

Request DefaultFullHttpRequest(decodeResult: success, version: HTTP/1.1, content: EmptyByteBufBE)
DELETE /session/95b68122-5bd3-4599-aea1-e2331722d8b7 HTTP/1.1
User-Agent: selenium/4.1.2 (java windows)
Content-Type: application/json; charset=utf-8
host: localhost:64237
accept: */*

Response DefaultHttpResponse(decodeResult: success, version: HTTP/1.1)
HTTP/1.1 200 OK
content-type: application/json; charset=utf-8
cache-control: no-cache
date: Sun, 09 Apr 2023 12:38:25 GMT
content-length: 14

19:38:26.523 [AsyncHttpClient-1-2] DEBUG org.asynchttpclient.netty.channel.ChannelManager - Adding key: http://localhost:64237 for channel [id: 0x0ad91924, L:/127.0.0.1:56928 - R:localhost/127.0.0.1:64237]
19:38:26.528 [AsyncHttpClient-1-2] DEBUG org.asynchttpclient.netty.handler.HttpHandler - Unexpected I/O exception on channel [id: 0x0ad91924, L:/127.0.0.1:56928 - R:localhost/127.0.0.1:64237]
java.net.SocketException: Connection reset
	at java.base/sun.nio.ch.SocketChannelImpl.throwConnectionReset(SocketChannelImpl.java:345)
	at java.base/sun.nio.ch.SocketChannelImpl.read(SocketChannelImpl.java:376)
	at io.netty.buffer.PooledByteBuf.setBytes(PooledByteBuf.java:258)
	at io.netty.buffer.AbstractByteBuf.writeBytes(AbstractByteBuf.java:1132)
	at io.netty.buffer.WrappedByteBuf.writeBytes(WrappedByteBuf.java:821)
	at io.netty.channel.socket.nio.NioSocketChannel.doReadBytes(NioSocketChannel.java:350)
	at io.netty.channel.nio.AbstractNioByteChannel$NioByteUnsafe.read(AbstractNioByteChannel.java:151)
	at io.netty.channel.nio.NioEventLoop.processSelectedKey(NioEventLoop.java:722)
	at io.netty.channel.nio.NioEventLoop.processSelectedKeysOptimized(NioEventLoop.java:658)
	at io.netty.channel.nio.NioEventLoop.processSelectedKeys(NioEventLoop.java:584)
	at io.netty.channel.nio.NioEventLoop.run(NioEventLoop.java:496)
	at io.netty.util.concurrent.SingleThreadEventExecutor$4.run(SingleThreadEventExecutor.java:986)
	at io.netty.util.internal.ThreadExecutorMap$2.run(ThreadExecutorMap.java:74)
	at io.netty.util.concurrent.FastThreadLocalRunnable.run(FastThreadLocalRunnable.java:30)
	at java.base/java.lang.Thread.run(Thread.java:830)
19:38:26.528 [AsyncHttpClient-1-2] DEBUG org.asynchttpclient.netty.channel.ChannelManager - Closing Channel [id: 0x0ad91924, L:/127.0.0.1:56928 - R:localhost/127.0.0.1:64237] 
19:38:26.529 [AsyncHttpClient-1-2] DEBUG org.asynchttpclient.netty.handler.HttpHandler - Channel Closed: [id: 0x0ad91924, L:/127.0.0.1:56928 ! R:localhost/127.0.0.1:64237] with attribute DISCARD
]]></system-out>
    <system-err><![CDATA[1681043893286	geckodriver	INFO	Listening on 127.0.0.1:64237
1681043894627	mozrunner::runner	INFO	Running command: "C:\\Program Files\\Mozilla Firefox\\firefox.exe" "--marionette" "" "--remote-debugging-port" "55379" "--remote-allow-hosts" "localhost" "-no-remote" "-profile" "C:\\Users\\alwi\\AppData\\Local\\Temp\\rust_mozprofileMx6NGc"
console.warn: services.settings: Ignoring preference override of remote settings server
console.warn: services.settings: Allow by setting MOZ_REMOTE_SETTINGS_DEVTOOLS=1 in the environment
1681043894977	Marionette	INFO	Marionette enabled
Dynamically enable window occlusion 0
1681043894983	Marionette	INFO	Listening on port 56931
WebDriver BiDi listening on ws://127.0.0.1:55379
Read port: 56931
1681043895284	RemoteAgent	WARN	TLS certificate errors will be ignored for this session
console.warn: SearchSettings: "get: No settings file exists, new profile?" (new NotFoundError("Could not open the file at C:\\Users\\alwi\\AppData\\Local\\Temp\\rust_mozprofileMx6NGc\\search.json.mozlz4", (void 0)))
DevTools listening on ws://127.0.0.1:55379/devtools/browser/f4fa39ca-9503-466d-a73e-aca202c2ddc7
Apr 09, 2023 7:38:17 PM org.openqa.selenium.remote.ProtocolHandshake createSession
INFO: Detected dialect: W3C
JavaScript warning: https://www.uniqlo.com/oQfZRN8zACRR/OQ/-x_RMR-EGX/k95OLrhJQ5/OXl6GHI5AQ/PnUdVS/RrZQs, line 1: unreachable code after return statement
JavaScript warning: https://www.uniqlo.com/id/elgnisolqinu.js?async&seed=AECl_mWHAQAAhXleUcVgnU2eEowETsYZDsExG9MVfyypS8j2a8yO2N_NY-zV&x-i1ysm4mm--z=q, line 1: WEBGL_debug_renderer_info is deprecated in Firefox and will be removed. Please use RENDERER.
JavaScript warning: https://www.uniqlo.com/oQfZRN8zACRR/OQ/-x_RMR-EGX/k95OLrhJQ5/OXl6GHI5AQ/PnUdVS/RrZQs, line 1: WEBGL_debug_renderer_info is deprecated in Firefox and will be removed. Please use RENDERER.
JavaScript warning: https://www.uniqlo.com/oQfZRN8zACRR/OQ/-x_RMR-EGX/k95OLrhJQ5/OXl6GHI5AQ/PnUdVS/RrZQs, line 1: unreachable code after return statement
JavaScript warning: https://www.uniqlo.com/id/elgnisolqinu.js?async&seed=AECl_mWHAQAAhXleUcVgnU2eEowETsYZDsExG9MVfyypS8j2a8yO2N_NY-zV&x-i1ysm4mm--z=q, line 1: WEBGL_debug_renderer_info is deprecated in Firefox and will be removed. Please use RENDERER.
JavaScript warning: https://www.uniqlo.com/oQfZRN8zACRR/OQ/-x_RMR-EGX/k95OLrhJQ5/OXl6GHI5AQ/PnUdVS/RrZQs, line 1: WEBGL_debug_renderer_info is deprecated in Firefox and will be removed. Please use RENDERER.
console.warn: LoginRecipes: "Falling back to a synchronous message for: https://www.uniqlo.com."
console.warn: LoginRecipes: "Falling back to a synchronous message for: https://www.uniqlo.com."
JavaScript warning: https://www.uniqlo.com/oQfZRN8zACRR/OQ/-x_RMR-EGX/k95OLrhJQ5/OXl6GHI5AQ/PnUdVS/RrZQs, line 1: unreachable code after return statement
JavaScript warning: https://www.uniqlo.com/id/elgnisolqinu.js?async&seed=AECl_mWHAQAAhXleUcVgnU2eEowETsYZDsExG9MVfyypS8j2a8yO2N_NY-zV&x-i1ysm4mm--z=q, line 1: WEBGL_debug_renderer_info is deprecated in Firefox and will be removed. Please use RENDERER.
JavaScript warning: https://www.uniqlo.com/oQfZRN8zACRR/OQ/-x_RMR-EGX/k95OLrhJQ5/OXl6GHI5AQ/PnUdVS/RrZQs, line 1: WEBGL_debug_renderer_info is deprecated in Firefox and will be removed. Please use RENDERER.
1681043905021	Marionette	INFO	Stopped listening on port 56931
Dynamically enable window occlusion 1
WARNING: A blocker encountered an error while we were waiting.
          Blocker:  Waiting for ping task
          Phase: TelemetryController: Waiting for pending ping activity
          State: (none)
WARNING: Error: Phase "profile-before-change" is finished, it is too late to register completion condition "OS.File: flush I/O queued before profileBeforeChange"
WARNING: addBlocker@resource://gre/modules/AsyncShutdown.sys.mjs:727:15
addBlocker@resource://gre/modules/AsyncShutdown.sys.mjs:523:26
addBlocker@resource://gre/modules/AsyncShutdown.sys.mjs:458:15
setupShutdown@resource://gre/modules/osfile/osfile_async_front.jsm:1548:28
@resource://gre/modules/osfile/osfile_async_front.jsm:1568:16
@resource://gre/modules/osfile.jsm:12:30
@resource://gre/modules/TelemetryStorage.sys.mjs:10:28
_checkPendingPings@resource://gre/modules/TelemetrySend.sys.mjs:863:17
setup@resource://gre/modules/TelemetrySend.sys.mjs:803:18
setup@resource://gre/modules/TelemetrySend.sys.mjs:241:30
setupTelemetry/this._delayedInitTask<@resource://gre/modules/TelemetryControllerParent.sys.mjs:828:36
observe@resource://gre/modules/AsyncShutdown.sys.mjs:576:16

console.error: "TelemetryScheduler.shutdown - Already shut down"
WARNING: A blocker encountered an error while we were waiting.
          Blocker:  Waiting for ping task
          Phase: TelemetryController: Waiting for pending ping activity
          State: (none)
WARNING: Error: Phase "profile-before-change" is finished, it is too late to register completion condition "OS.File: flush I/O queued before profileBeforeChange"
WARNING: addBlocker@resource://gre/modules/AsyncShutdown.sys.mjs:727:15
addBlocker@resource://gre/modules/AsyncShutdown.sys.mjs:523:26
addBlocker@resource://gre/modules/AsyncShutdown.sys.mjs:458:15
setupShutdown@resource://gre/modules/osfile/osfile_async_front.jsm:1548:28
@resource://gre/modules/osfile/osfile_async_front.jsm:1568:16
@resource://gre/modules/osfile.jsm:12:30
@resource://gre/modules/TelemetryStorage.sys.mjs:10:28
_checkPendingPings@resource://gre/modules/TelemetrySend.sys.mjs:863:17
setup@resource://gre/modules/TelemetrySend.sys.mjs:803:18
setup@resource://gre/modules/TelemetrySend.sys.mjs:241:30
setupTelemetry/this._delayedInitTask<@resource://gre/modules/TelemetryControllerParent.sys.mjs:828:36
observe@resource://gre/modules/AsyncShutdown.sys.mjs:576:16

WARNING: A blocker encountered an error while we were waiting.
          Blocker:  Waiting for ping task
          Phase: TelemetryController: Waiting for pending ping activity
          State: (none)
WARNING: Error: Phase "profile-before-change" is finished, it is too late to register completion condition "OS.FJialev:a Sfclruispht  eIr/rorO:  qrueesuoeudr cbeef:o/r/eg rper/omfoidluelBeesf/oArseyCnhacnSgheu"td
oWwAnR.NsIyNsG.:m jasd,d Bllioncek e7r2@7r:es oErruorrc:e :P/ha/sger e"/pmroodfuillees-/bAesfyonrce-changSeh"u its dfoiwnnished, i.t siyss .mtjoso: 7l2a7t:e 1t5o
 ardegdiBsltoecrk ecro@mrpelseotiuornc ec:o/n/digtrioen/ m"oOdSu.lFeisl/eA:s yfnlcuSshhu tI/dOo qwune.usyesd. mbjesf:o5r2e3 pro:2fil6eB
eafdodrBelCohcaknegr@er"es
ourceJ:/a/vgarSec/rmiopdtu leersr/oAsry: nrceSshouutrdocwen:./s/ygs.rmej/s:m4o5d8u:l1e5s/A
ssyentcuSphSuhuttddoownw@rne.ssoyusr.cmej:s/,/g rlei/nmoed u7le2s7/:o sfEirlreo/ro:sfi leP_haassyen c"_pfrroofnitl.jes-mb:e1f5o4r8e:-2ch8ang
e@"r eissou rfcien:i/s/hgerde/,m oidtu liess /toosof illae/otsefi lteo_ arseygnics_tferro ncto.mjpslme:t1i568:16on
 @corendsoiutricoen: /"O/gSr.eF/ilmeod:u lfeluss/ho Is/fiOl e.qjsume:ue1d2 :b3e0fo
r@er epsrooufricleeB:e/f/ogrreeC/hmaonduglee"s
/TJeavleamScetrriypStt eorrraogre:. sreys.sourmcejs:/:/1g0r:e2/8mo
du_lcehs/eAcskyPnecnSdhinugtPdionwgns.@sryesso.mujrsc,e l:/i/neg r7e/27m:od uElrerso/rT:e lPehasmee "trpyrSoefnid.lsey-sb.emfjosr:e8-6c3h:an1g7e"
 siest ufpi@rneishseodu,r ciet: /i/sg rteo/om odullaetse/T etloe mreegtisrtyeSre ncdo.mspylse.tmijosn: 80c3o:n1d8it
iseotnu p@"rOesSo.uFricel:e/:/ gfrleus/hm oId/uOl eqsu/eTueeldem ebtreyfoSreen dp.rsoyfsi.lmejBse:f2o4r1e:C3h0an
gsee"t
uJpaTvealSecmertirpyt/ tehrirso.r_:d erleasoyuedrInciet:T/as/kg<r@er/emsooduurlcees://A/sgyrnec/Shutdown.sys.mjs, line 727: Error: Phase "profile-before-change" is finished, it is too late to register completion condition "OS.File: flush I/O queued before profileBeforeChange"
JavaScript error: resource://gre/modules/AsyncShutdown.sys.mjs, line 727: Error: Phase "profile-before-change" is finished, it is too late to register completion condition "OS.File: flush I/O queued before profileBeforeChange"
JavaScript error: resource://gre/modules/AsyncShutdown.sys.mjs, line 727: Error: Phase "profile-before-change" is finished, it is too late to register completion condition "OS.File: flush I/O queued before profileBeforeChange"
modules/TelemetryControllerParent.sys.mjs:828:36
observe@resource://gre/modules/AsyncShutdown.sys.mjs:576:16

WARNING: A blocker encountered an error while we were waiting.
          Blocker:  TelemetryController: shutting down
          Phase: profile-before-change-telemetry
          State: Error getting state: Error: Phase "profile-before-change" is finished, it is too late to register completion condition "OS.File: flush I/O queued before profileBeforeChange" at addBlocker@resource://gre/modules/AsyncShutdown.sys.mjs:727:15
addBlocker@resource://gre/modules/AsyncShutdown.sys.mjs:523:26
addBlocker@resource://gre/modules/AsyncShutdown.sys.mjs:458:15
setupShutdown@resource://gre/modules/osfile/osfile_async_front.jsm:1548:28
@resource://gre/modules/osfile/osfile_async_front.jsm:1568:16
@resource://gre/modules/osfile.jsm:12:30
@resource://gre/modules/TelemetryStorage.sys.mjs:10:28
_checkPendingPings@resource://gre/modules/TelemetrySend.sys.mjs:863:17
setup@resource://gre/modules/TelemetrySend.sys.mjs:803:18
setup@resource://gre/modules/TelemetrySend.sys.mjs:241:30
setupTelemetry/this._delayedInitTask<@resource://gre/modules/TelemetryControllerParent.sys.mjs:828:36
observe@resource://gre/modules/AsyncShutdown.sys.mjs:576:16

WARNING: Error: Phase "profile-before-change" is finished, it is too late to register completion condition "OS.File: flush I/O queued before profileBeforeChange"
WARNING: addBlocker@resource://gre/modules/AsyncShutdown.sys.mjs:727:15
addBlocker@resource://gre/modules/AsyncShutdown.sys.mjs:523:26
addBlocker@resource://gre/modules/AsyncShutdown.sys.mjs:458:15
setupShutdown@resource://gre/modules/osfile/osfile_async_front.jsm:1548:28
@resource://gre/modules/osfile/osfile_async_front.jsm:1568:16
@resource://gre/modules/osfile.jsm:12:30
@resource://gre/modules/TelemetryStorage.sys.mjs:10:28
_checkPendingPings@resource://gre/modules/TelemetrySend.sys.mjs:863:17
setup@resource://gre/modules/TelemetrySend.sys.mjs:803:18
setup@resource://gre/modules/TelemetrySend.sys.mjs:241:30
setupTelemetry/this._delayedInitTask<@resource://gre/modules/TelemetryControllerParent.sys.mjs:828:36
observe@resource://gre/modules/AsyncShutdown.sys.mjs:576:16

]]></system-err>
  </testcase>
  <testcase name="Fitur Menu Baby #1" classname="Baby" time="8.972">
    <system-out><![CDATA[19:38:26.587 [main] INFO io.cucumber.core.plugin.SerenityReporter - Running feature from file:///C:/Users/alwi/IdeaProjects/uniqloweb/src/test/resources/features/Baby.feature
19:38:26.590 [main] DEBUG net.thucydides.core.steps.StepEventBus - Test suite started for story net.thucydides.core.model.Story@749543e8
19:38:26.591 [main] INFO  - Test Suite Started: Baby

@baby
Scenario Outline: Fitur Menu Baby &amp#27;[90m# src/test/resources/features/Baby.feature:13&amp#27;[0m
19:38:26.603 [main] INFO io.cucumber.core.plugin.SerenityReporter - Running feature from file:///C:/Users/alwi/IdeaProjects/uniqloweb/src/test/resources/features/Baby.feature
19:38:26.611 [main] INFO  - 
  _____   ___   ___   _____     ___   _____     _     ___   _____   ___   ___  
 |_   _| | __| / __| |_   _|   / __| |_   _|   /_\   | _ \ |_   _| | __| |   \ 
   | |   | _|  \__ \   | |     \__ \   | |    / _ \  |   /   | |   | _|  | |) |
   |_|   |___| |___/   |_|     |___/   |_|   /_/ \_\ |_|_\   |_|   |___| |___/ 

Fitur Menu Baby(baby;fitur-menu-baby)
--------------------------------------------------------------------------------
19:38:26.650 [main] INFO net.serenitybdd.core.webdriver.driverproviders.FirefoxDriverProvider - Using automatically driver download
19:38:26.759 [main] DEBUG io.github.bonigarcia.wdm.cache.ResolutionCache - Resolution firefox=111 in cache (valid until 20:30:50 09/04/2023 WIB)
19:38:26.764 [main] DEBUG io.github.bonigarcia.wdm.cache.ResolutionCache - Resolution firefox111=0.32.2 in cache (valid until 19:30:50 10/04/2023 WIB)
19:38:26.766 [main] INFO io.github.bonigarcia.wdm.WebDriverManager - Using geckodriver 0.32.2 (resolved driver for Firefox 111)
19:38:26.787 [main] DEBUG io.github.bonigarcia.wdm.WebDriverManager - Driver geckodriver 0.32.2 found in cache
19:38:26.788 [main] INFO io.github.bonigarcia.wdm.WebDriverManager - Exporting webdriver.gecko.driver as C:\Users\alwi\.cache\selenium\geckodriver\win64\0.32.2\geckodriver.exe
19:38:26.807 [main] DEBUG net.serenitybdd.core.webdriver.driverproviders.ProvideNewDriver - Instantiating driver
19:38:26.807 [main] DEBUG net.serenitybdd.core.webdriver.driverproviders.ProvideNewDriver - Driver capabilities: Capabilities {acceptInsecureCerts: true, browserName: firefox, moz:debuggerAddress: true, moz:firefoxOptions: {args: [], profile: UEsDBBQACAgIAM2ciVYAAAAAAAA...}}
19:38:26.934 [AsyncHttpClient-1-1] DEBUG org.asynchttpclient.netty.channel.DefaultChannelPool - Entry count for : http://localhost:64237 : 1
19:38:26.934 [AsyncHttpClient-1-1] DEBUG org.asynchttpclient.netty.channel.DefaultChannelPool - Adding Candidate expired Channel [id: 0x0ad91924, L:/127.0.0.1:56928 ! R:localhost/127.0.0.1:64237] isIdleTimeoutExpired=false isRemotelyClosed=true isTtlExpired=false
19:38:26.934 [AsyncHttpClient-1-1] DEBUG org.asynchttpclient.netty.channel.DefaultChannelPool - Closing Idle Channel [id: 0x0ad91924, L:/127.0.0.1:56928 ! R:localhost/127.0.0.1:64237]
19:38:26.934 [AsyncHttpClient-1-1] DEBUG org.asynchttpclient.netty.channel.DefaultChannelPool - Closed 1 connections out of 1 in 0 ms
19:38:27.340 [AsyncHttpClient-1-4] DEBUG org.asynchttpclient.netty.channel.NettyConnectListener - Using new Channel '[id: 0xfbd09940, L:/127.0.0.1:57036 - R:localhost/127.0.0.1:51192]' for 'POST' to '/session'
19:38:29.797 [AsyncHttpClient-1-4] DEBUG org.asynchttpclient.netty.handler.HttpHandler - 

Request DefaultHttpRequest(decodeResult: success, version: HTTP/1.1)
POST /session HTTP/1.1
User-Agent: selenium/4.1.2 (java windows)
Content-Length: 3673
Content-Type: application/json; charset=utf-8
host: localhost:51192
accept: */*

Response DefaultHttpResponse(decodeResult: success, version: HTTP/1.1)
HTTP/1.1 200 OK
content-type: application/json; charset=utf-8
cache-control: no-cache
date: Sun, 09 Apr 2023 12:38:27 GMT
content-length: 790

19:38:29.798 [AsyncHttpClient-1-4] DEBUG org.asynchttpclient.netty.channel.ChannelManager - Adding key: http://localhost:51192 for channel [id: 0xfbd09940, L:/127.0.0.1:57036 - R:localhost/127.0.0.1:51192]
19:38:29.807 [AsyncHttpClient-1-5] DEBUG org.asynchttpclient.netty.channel.NettyConnectListener - Using new Channel '[id: 0x5107ef5d, L:/127.0.0.1:57056 - R:/127.0.0.1:63663]' for 'GET' to '/json/version'
19:38:29.814 [AsyncHttpClient-1-5] DEBUG org.asynchttpclient.netty.handler.HttpHandler - 

Request DefaultFullHttpRequest(decodeResult: success, version: HTTP/1.1, content: EmptyByteBufBE)
GET /json/version HTTP/1.1
User-Agent: selenium/4.1.2 (java windows)
host: 127.0.0.1:63663
accept: */*

Response DefaultHttpResponse(decodeResult: success, version: HTTP/1.1)
HTTP/1.1 200 OK
content-type: application/json
connection: close
server: httpd.js
date: Sun, 09 Apr 2023 12:38:29 GMT
content-length: 311

19:38:29.814 [AsyncHttpClient-1-5] DEBUG org.asynchttpclient.netty.channel.ChannelManager - Closing Channel [id: 0x5107ef5d, L:/127.0.0.1:57056 - R:/127.0.0.1:63663] 
19:38:29.815 [AsyncHttpClient-1-5] DEBUG org.asynchttpclient.netty.handler.HttpHandler - Channel Closed: [id: 0x5107ef5d, L:/127.0.0.1:57056 ! R:/127.0.0.1:63663] with attribute DISCARD
19:38:29.817 [Forwarding get on session 7e6d2a65-51b4-4039-9154-d1106904a011 to remote] DEBUG org.asynchttpclient.netty.request.NettyRequestSender - Using pooled Channel '[id: 0xfbd09940, L:/127.0.0.1:57036 - R:localhost/127.0.0.1:51192]' for 'POST' to 'http://localhost:51192/session/7e6d2a65-51b4-4039-9154-d1106904a011/url'
19:38:29.817 [Forwarding get on session 7e6d2a65-51b4-4039-9154-d1106904a011 to remote] DEBUG org.asynchttpclient.netty.request.NettyRequestSender - Using open Channel [id: 0xfbd09940, L:/127.0.0.1:57036 - R:localhost/127.0.0.1:51192] for POST '/session/7e6d2a65-51b4-4039-9154-d1106904a011/url'
19:38:31.630 [AsyncHttpClient-1-4] DEBUG org.asynchttpclient.netty.handler.HttpHandler - 

Request DefaultHttpRequest(decodeResult: success, version: HTTP/1.1)
POST /session/7e6d2a65-51b4-4039-9154-d1106904a011/url HTTP/1.1
User-Agent: selenium/4.1.2 (java windows)
Content-Length: 53
Content-Type: application/json; charset=utf-8
host: localhost:51192
accept: */*

Response DefaultHttpResponse(decodeResult: success, version: HTTP/1.1)
HTTP/1.1 200 OK
content-type: application/json; charset=utf-8
cache-control: no-cache
date: Sun, 09 Apr 2023 12:38:29 GMT
content-length: 14

19:38:31.630 [AsyncHttpClient-1-4] DEBUG org.asynchttpclient.netty.channel.ChannelManager - Adding key: http://localhost:51192 for channel [id: 0xfbd09940, L:/127.0.0.1:57036 - R:localhost/127.0.0.1:51192]
19:38:31.632 [Forwarding setTimeout on session 7e6d2a65-51b4-4039-9154-d1106904a011 to remote] DEBUG org.asynchttpclient.netty.request.NettyRequestSender - Using pooled Channel '[id: 0xfbd09940, L:/127.0.0.1:57036 - R:localhost/127.0.0.1:51192]' for 'POST' to 'http://localhost:51192/session/7e6d2a65-51b4-4039-9154-d1106904a011/timeouts'
19:38:31.632 [Forwarding setTimeout on session 7e6d2a65-51b4-4039-9154-d1106904a011 to remote] DEBUG org.asynchttpclient.netty.request.NettyRequestSender - Using open Channel [id: 0xfbd09940, L:/127.0.0.1:57036 - R:localhost/127.0.0.1:51192] for POST '/session/7e6d2a65-51b4-4039-9154-d1106904a011/timeouts'
19:38:31.638 [AsyncHttpClient-1-4] DEBUG org.asynchttpclient.netty.handler.HttpHandler - 

Request DefaultHttpRequest(decodeResult: success, version: HTTP/1.1)
POST /session/7e6d2a65-51b4-4039-9154-d1106904a011/timeouts HTTP/1.1
User-Agent: selenium/4.1.2 (java windows)
Content-Length: 22
Content-Type: application/json; charset=utf-8
host: localhost:51192
accept: */*

Response DefaultHttpResponse(decodeResult: success, version: HTTP/1.1)
HTTP/1.1 200 OK
content-type: application/json; charset=utf-8
cache-control: no-cache
date: Sun, 09 Apr 2023 12:38:31 GMT
content-length: 14

19:38:31.639 [AsyncHttpClient-1-4] DEBUG org.asynchttpclient.netty.channel.ChannelManager - Adding key: http://localhost:51192 for channel [id: 0xfbd09940, L:/127.0.0.1:57036 - R:localhost/127.0.0.1:51192]
19:38:31.645 [Forwarding getCurrentUrl on session 7e6d2a65-51b4-4039-9154-d1106904a011 to remote] DEBUG org.asynchttpclient.netty.request.NettyRequestSender - Using pooled Channel '[id: 0xfbd09940, L:/127.0.0.1:57036 - R:localhost/127.0.0.1:51192]' for 'GET' to 'http://localhost:51192/session/7e6d2a65-51b4-4039-9154-d1106904a011/url'
19:38:31.645 [Forwarding getCurrentUrl on session 7e6d2a65-51b4-4039-9154-d1106904a011 to remote] DEBUG org.asynchttpclient.netty.request.NettyRequestSender - Using open Channel [id: 0xfbd09940, L:/127.0.0.1:57036 - R:localhost/127.0.0.1:51192] for GET '/session/7e6d2a65-51b4-4039-9154-d1106904a011/url'
19:38:31.652 [AsyncHttpClient-1-4] DEBUG org.asynchttpclient.netty.handler.HttpHandler - 

Request DefaultFullHttpRequest(decodeResult: success, version: HTTP/1.1, content: EmptyByteBufBE)
GET /session/7e6d2a65-51b4-4039-9154-d1106904a011/url HTTP/1.1
User-Agent: selenium/4.1.2 (java windows)
Cache-Control: no-cache
Content-Type: application/json; charset=utf-8
host: localhost:51192
accept: */*

Response DefaultHttpResponse(decodeResult: success, version: HTTP/1.1)
HTTP/1.1 200 OK
content-type: application/json; charset=utf-8
cache-control: no-cache
date: Sun, 09 Apr 2023 12:38:31 GMT
content-length: 41

19:38:31.652 [AsyncHttpClient-1-4] DEBUG org.asynchttpclient.netty.channel.ChannelManager - Adding key: http://localhost:51192 for channel [id: 0xfbd09940, L:/127.0.0.1:57036 - R:localhost/127.0.0.1:51192]
  &amp#27;[32mGiven &amp#27;[0m&amp#27;[32mI am on the home page&amp#27;[0m     &amp#27;[90m# starter.stepdefinitions.BabyStep.iAmOnTheHomePage()&amp#27;[0m
19:38:31.665 [main] DEBUG net.serenitybdd.core.photography.Darkroom - Opening darkroom
19:38:31.666 [Forwarding screenshot on session 7e6d2a65-51b4-4039-9154-d1106904a011 to remote] DEBUG org.asynchttpclient.netty.request.NettyRequestSender - Using pooled Channel '[id: 0xfbd09940, L:/127.0.0.1:57036 - R:localhost/127.0.0.1:51192]' for 'GET' to 'http://localhost:51192/session/7e6d2a65-51b4-4039-9154-d1106904a011/screenshot'
19:38:31.666 [Forwarding screenshot on session 7e6d2a65-51b4-4039-9154-d1106904a011 to remote] DEBUG org.asynchttpclient.netty.request.NettyRequestSender - Using open Channel [id: 0xfbd09940, L:/127.0.0.1:57036 - R:localhost/127.0.0.1:51192] for GET '/session/7e6d2a65-51b4-4039-9154-d1106904a011/screenshot'
19:38:31.684 [Darkroom Processing Line] DEBUG net.serenitybdd.core.photography.DarkroomProcessingLine - Darkroom processing line starting up
19:38:32.554 [AsyncHttpClient-1-4] DEBUG org.asynchttpclient.netty.handler.HttpHandler - 

Request DefaultFullHttpRequest(decodeResult: success, version: HTTP/1.1, content: EmptyByteBufBE)
GET /session/7e6d2a65-51b4-4039-9154-d1106904a011/screenshot HTTP/1.1
User-Agent: selenium/4.1.2 (java windows)
Cache-Control: no-cache
Content-Type: application/json; charset=utf-8
host: localhost:51192
accept: */*

Response DefaultHttpResponse(decodeResult: success, version: HTTP/1.1)
HTTP/1.1 200 OK
content-type: application/json; charset=utf-8
cache-control: no-cache
date: Sun, 09 Apr 2023 12:38:31 GMT
content-length: 101768

19:38:32.555 [AsyncHttpClient-1-4] DEBUG org.asynchttpclient.netty.channel.ChannelManager - Adding key: http://localhost:51192 for channel [id: 0xfbd09940, L:/127.0.0.1:57036 - R:localhost/127.0.0.1:51192]
19:38:32.564 [main] DEBUG net.serenitybdd.core.photography.Darkroom - Send negative for processing for target\site\serenity\fba42504a5c8d2ebb1eac08006293b5580d207e80f8883e90094102e35399500.png
19:38:32.582 [Forwarding findElement on session 7e6d2a65-51b4-4039-9154-d1106904a011 to remote] DEBUG org.asynchttpclient.netty.request.NettyRequestSender - Using pooled Channel '[id: 0xfbd09940, L:/127.0.0.1:57036 - R:localhost/127.0.0.1:51192]' for 'POST' to 'http://localhost:51192/session/7e6d2a65-51b4-4039-9154-d1106904a011/element'
19:38:32.582 [Forwarding findElement on session 7e6d2a65-51b4-4039-9154-d1106904a011 to remote] DEBUG org.asynchttpclient.netty.request.NettyRequestSender - Using open Channel [id: 0xfbd09940, L:/127.0.0.1:57036 - R:localhost/127.0.0.1:51192] for POST '/session/7e6d2a65-51b4-4039-9154-d1106904a011/element'
19:38:32.631 [AsyncHttpClient-1-4] DEBUG org.asynchttpclient.netty.handler.HttpHandler - 

Request DefaultHttpRequest(decodeResult: success, version: HTTP/1.1)
POST /session/7e6d2a65-51b4-4039-9154-d1106904a011/element HTTP/1.1
User-Agent: selenium/4.1.2 (java windows)
Content-Length: 81
Content-Type: application/json; charset=utf-8
host: localhost:51192
accept: */*

Response DefaultHttpResponse(decodeResult: success, version: HTTP/1.1)
HTTP/1.1 200 OK
content-type: application/json; charset=utf-8
cache-control: no-cache
date: Sun, 09 Apr 2023 12:38:31 GMT
content-length: 88

19:38:32.631 [AsyncHttpClient-1-4] DEBUG org.asynchttpclient.netty.channel.ChannelManager - Adding key: http://localhost:51192 for channel [id: 0xfbd09940, L:/127.0.0.1:57036 - R:localhost/127.0.0.1:51192]
19:38:32.634 [Forwarding getElementTagName on session 7e6d2a65-51b4-4039-9154-d1106904a011 to remote] DEBUG org.asynchttpclient.netty.request.NettyRequestSender - Using pooled Channel '[id: 0xfbd09940, L:/127.0.0.1:57036 - R:localhost/127.0.0.1:51192]' for 'GET' to 'http://localhost:51192/session/7e6d2a65-51b4-4039-9154-d1106904a011/element/6797151b-66c0-4038-860e-139a9c33e241/name'
19:38:32.634 [Forwarding getElementTagName on session 7e6d2a65-51b4-4039-9154-d1106904a011 to remote] DEBUG org.asynchttpclient.netty.request.NettyRequestSender - Using open Channel [id: 0xfbd09940, L:/127.0.0.1:57036 - R:localhost/127.0.0.1:51192] for GET '/session/7e6d2a65-51b4-4039-9154-d1106904a011/element/6797151b-66c0-4038-860e-139a9c33e241/name'
19:38:32.671 [AsyncHttpClient-1-4] DEBUG org.asynchttpclient.netty.handler.HttpHandler - 

Request DefaultFullHttpRequest(decodeResult: success, version: HTTP/1.1, content: EmptyByteBufBE)
GET /session/7e6d2a65-51b4-4039-9154-d1106904a011/element/6797151b-66c0-4038-860e-139a9c33e241/name HTTP/1.1
User-Agent: selenium/4.1.2 (java windows)
Cache-Control: no-cache
Content-Type: application/json; charset=utf-8
host: localhost:51192
accept: */*

Response DefaultHttpResponse(decodeResult: success, version: HTTP/1.1)
HTTP/1.1 200 OK
content-type: application/json; charset=utf-8
cache-control: no-cache
date: Sun, 09 Apr 2023 12:38:32 GMT
content-length: 16

19:38:32.671 [AsyncHttpClient-1-4] DEBUG org.asynchttpclient.netty.channel.ChannelManager - Adding key: http://localhost:51192 for channel [id: 0xfbd09940, L:/127.0.0.1:57036 - R:localhost/127.0.0.1:51192]
19:38:32.674 [Forwarding getElementTagName on session 7e6d2a65-51b4-4039-9154-d1106904a011 to remote] DEBUG org.asynchttpclient.netty.request.NettyRequestSender - Using pooled Channel '[id: 0xfbd09940, L:/127.0.0.1:57036 - R:localhost/127.0.0.1:51192]' for 'GET' to 'http://localhost:51192/session/7e6d2a65-51b4-4039-9154-d1106904a011/element/6797151b-66c0-4038-860e-139a9c33e241/name'
19:38:32.674 [Forwarding getElementTagName on session 7e6d2a65-51b4-4039-9154-d1106904a011 to remote] DEBUG org.asynchttpclient.netty.request.NettyRequestSender - Using open Channel [id: 0xfbd09940, L:/127.0.0.1:57036 - R:localhost/127.0.0.1:51192] for GET '/session/7e6d2a65-51b4-4039-9154-d1106904a011/element/6797151b-66c0-4038-860e-139a9c33e241/name'
19:38:32.726 [AsyncHttpClient-1-4] DEBUG org.asynchttpclient.netty.handler.HttpHandler - 

Request DefaultFullHttpRequest(decodeResult: success, version: HTTP/1.1, content: EmptyByteBufBE)
GET /session/7e6d2a65-51b4-4039-9154-d1106904a011/element/6797151b-66c0-4038-860e-139a9c33e241/name HTTP/1.1
User-Agent: selenium/4.1.2 (java windows)
Cache-Control: no-cache
Content-Type: application/json; charset=utf-8
host: localhost:51192
accept: */*

Response DefaultHttpResponse(decodeResult: success, version: HTTP/1.1)
HTTP/1.1 200 OK
content-type: application/json; charset=utf-8
cache-control: no-cache
date: Sun, 09 Apr 2023 12:38:32 GMT
content-length: 16

19:38:32.726 [AsyncHttpClient-1-4] DEBUG org.asynchttpclient.netty.channel.ChannelManager - Adding key: http://localhost:51192 for channel [id: 0xfbd09940, L:/127.0.0.1:57036 - R:localhost/127.0.0.1:51192]
19:38:32.730 [Forwarding findElement on session 7e6d2a65-51b4-4039-9154-d1106904a011 to remote] DEBUG org.asynchttpclient.netty.request.NettyRequestSender - Using pooled Channel '[id: 0xfbd09940, L:/127.0.0.1:57036 - R:localhost/127.0.0.1:51192]' for 'POST' to 'http://localhost:51192/session/7e6d2a65-51b4-4039-9154-d1106904a011/element'
19:38:32.730 [Forwarding findElement on session 7e6d2a65-51b4-4039-9154-d1106904a011 to remote] DEBUG org.asynchttpclient.netty.request.NettyRequestSender - Using open Channel [id: 0xfbd09940, L:/127.0.0.1:57036 - R:localhost/127.0.0.1:51192] for POST '/session/7e6d2a65-51b4-4039-9154-d1106904a011/element'
19:38:32.751 [AsyncHttpClient-1-4] DEBUG org.asynchttpclient.netty.handler.HttpHandler - 

Request DefaultHttpRequest(decodeResult: success, version: HTTP/1.1)
POST /session/7e6d2a65-51b4-4039-9154-d1106904a011/element HTTP/1.1
User-Agent: selenium/4.1.2 (java windows)
Content-Length: 81
Content-Type: application/json; charset=utf-8
host: localhost:51192
accept: */*

Response DefaultHttpResponse(decodeResult: success, version: HTTP/1.1)
HTTP/1.1 200 OK
content-type: application/json; charset=utf-8
cache-control: no-cache
date: Sun, 09 Apr 2023 12:38:32 GMT
content-length: 88

19:38:32.752 [AsyncHttpClient-1-4] DEBUG org.asynchttpclient.netty.channel.ChannelManager - Adding key: http://localhost:51192 for channel [id: 0xfbd09940, L:/127.0.0.1:57036 - R:localhost/127.0.0.1:51192]
19:38:32.754 [Forwarding clickElement on session 7e6d2a65-51b4-4039-9154-d1106904a011 to remote] DEBUG org.asynchttpclient.netty.request.NettyRequestSender - Using pooled Channel '[id: 0xfbd09940, L:/127.0.0.1:57036 - R:localhost/127.0.0.1:51192]' for 'POST' to 'http://localhost:51192/session/7e6d2a65-51b4-4039-9154-d1106904a011/element/6797151b-66c0-4038-860e-139a9c33e241/click'
19:38:32.754 [Forwarding clickElement on session 7e6d2a65-51b4-4039-9154-d1106904a011 to remote] DEBUG org.asynchttpclient.netty.request.NettyRequestSender - Using open Channel [id: 0xfbd09940, L:/127.0.0.1:57036 - R:localhost/127.0.0.1:51192] for POST '/session/7e6d2a65-51b4-4039-9154-d1106904a011/element/6797151b-66c0-4038-860e-139a9c33e241/click'
19:38:33.628 [AsyncHttpClient-1-4] DEBUG org.asynchttpclient.netty.handler.HttpHandler - 

Request DefaultHttpRequest(decodeResult: success, version: HTTP/1.1)
POST /session/7e6d2a65-51b4-4039-9154-d1106904a011/element/6797151b-66c0-4038-860e-139a9c33e241/click HTTP/1.1
User-Agent: selenium/4.1.2 (java windows)
Content-Length: 50
Content-Type: application/json; charset=utf-8
host: localhost:51192
accept: */*

Response DefaultHttpResponse(decodeResult: success, version: HTTP/1.1)
HTTP/1.1 200 OK
content-type: application/json; charset=utf-8
cache-control: no-cache
date: Sun, 09 Apr 2023 12:38:32 GMT
content-length: 14

19:38:33.628 [AsyncHttpClient-1-4] DEBUG org.asynchttpclient.netty.channel.ChannelManager - Adding key: http://localhost:51192 for channel [id: 0xfbd09940, L:/127.0.0.1:57036 - R:localhost/127.0.0.1:51192]
  &amp#27;[32mThen &amp#27;[0m&amp#27;[32mI click baby on the header&amp#27;[0m &amp#27;[90m# starter.stepdefinitions.BabyStep.iClickBabyOnTheHeader()&amp#27;[0m
19:38:33.639 [Forwarding screenshot on session 7e6d2a65-51b4-4039-9154-d1106904a011 to remote] DEBUG org.asynchttpclient.netty.request.NettyRequestSender - Using pooled Channel '[id: 0xfbd09940, L:/127.0.0.1:57036 - R:localhost/127.0.0.1:51192]' for 'GET' to 'http://localhost:51192/session/7e6d2a65-51b4-4039-9154-d1106904a011/screenshot'
19:38:33.639 [Forwarding screenshot on session 7e6d2a65-51b4-4039-9154-d1106904a011 to remote] DEBUG org.asynchttpclient.netty.request.NettyRequestSender - Using open Channel [id: 0xfbd09940, L:/127.0.0.1:57036 - R:localhost/127.0.0.1:51192] for GET '/session/7e6d2a65-51b4-4039-9154-d1106904a011/screenshot'
19:38:33.853 [AsyncHttpClient-1-4] DEBUG org.asynchttpclient.netty.handler.HttpHandler - 

Request DefaultFullHttpRequest(decodeResult: success, version: HTTP/1.1, content: EmptyByteBufBE)
GET /session/7e6d2a65-51b4-4039-9154-d1106904a011/screenshot HTTP/1.1
User-Agent: selenium/4.1.2 (java windows)
Cache-Control: no-cache
Content-Type: application/json; charset=utf-8
host: localhost:51192
accept: */*

Response DefaultHttpResponse(decodeResult: success, version: HTTP/1.1)
HTTP/1.1 200 OK
content-type: application/json; charset=utf-8
cache-control: no-cache
date: Sun, 09 Apr 2023 12:38:33 GMT
content-length: 98024

19:38:33.854 [AsyncHttpClient-1-4] DEBUG org.asynchttpclient.netty.channel.ChannelManager - Adding key: http://localhost:51192 for channel [id: 0xfbd09940, L:/127.0.0.1:57036 - R:localhost/127.0.0.1:51192]
19:38:33.859 [main] DEBUG net.serenitybdd.core.photography.Darkroom - Send negative for processing for target\site\serenity\bcb9a8d665d2c58a930e922f816fcc3ebc2aef855b882f3d531e7c9aa320b06d.png
19:38:33.860 [Darkroom Processing Line] DEBUG net.serenitybdd.core.photography.DarkroomProcessingLine - Processing screenshot image in /var/screenshots/screenshot-7231595108929585846
19:38:33.860 [Darkroom Processing Line] DEBUG net.serenitybdd.core.photography.DarkroomProcessingLine - Saving screenshot to target\site\serenity\bcb9a8d665d2c58a930e922f816fcc3ebc2aef855b882f3d531e7c9aa320b06d.png
19:38:33.875 [Forwarding findElement on session 7e6d2a65-51b4-4039-9154-d1106904a011 to remote] DEBUG org.asynchttpclient.netty.request.NettyRequestSender - Using pooled Channel '[id: 0xfbd09940, L:/127.0.0.1:57036 - R:localhost/127.0.0.1:51192]' for 'POST' to 'http://localhost:51192/session/7e6d2a65-51b4-4039-9154-d1106904a011/element'
19:38:33.875 [Forwarding findElement on session 7e6d2a65-51b4-4039-9154-d1106904a011 to remote] DEBUG org.asynchttpclient.netty.request.NettyRequestSender - Using open Channel [id: 0xfbd09940, L:/127.0.0.1:57036 - R:localhost/127.0.0.1:51192] for POST '/session/7e6d2a65-51b4-4039-9154-d1106904a011/element'
19:38:33.879 [AsyncHttpClient-1-4] DEBUG org.asynchttpclient.netty.handler.HttpHandler - 

Request DefaultHttpRequest(decodeResult: success, version: HTTP/1.1)
POST /session/7e6d2a65-51b4-4039-9154-d1106904a011/element HTTP/1.1
User-Agent: selenium/4.1.2 (java windows)
Content-Length: 81
Content-Type: application/json; charset=utf-8
host: localhost:51192
accept: */*

Response DefaultHttpResponse(decodeResult: success, version: HTTP/1.1)
HTTP/1.1 200 OK
content-type: application/json; charset=utf-8
cache-control: no-cache
date: Sun, 09 Apr 2023 12:38:33 GMT
content-length: 88

19:38:33.879 [AsyncHttpClient-1-4] DEBUG org.asynchttpclient.netty.channel.ChannelManager - Adding key: http://localhost:51192 for channel [id: 0xfbd09940, L:/127.0.0.1:57036 - R:localhost/127.0.0.1:51192]
19:38:33.887 [Forwarding isElementDisplayed on session 7e6d2a65-51b4-4039-9154-d1106904a011 to remote] DEBUG org.asynchttpclient.netty.request.NettyRequestSender - Using pooled Channel '[id: 0xfbd09940, L:/127.0.0.1:57036 - R:localhost/127.0.0.1:51192]' for 'POST' to 'http://localhost:51192/session/7e6d2a65-51b4-4039-9154-d1106904a011/execute/sync'
19:38:33.887 [Forwarding isElementDisplayed on session 7e6d2a65-51b4-4039-9154-d1106904a011 to remote] DEBUG org.asynchttpclient.netty.request.NettyRequestSender - Using open Channel [id: 0xfbd09940, L:/127.0.0.1:57036 - R:localhost/127.0.0.1:51192] for POST '/session/7e6d2a65-51b4-4039-9154-d1106904a011/execute/sync'
19:38:33.916 [AsyncHttpClient-1-4] DEBUG org.asynchttpclient.netty.handler.HttpHandler - 

Request DefaultHttpRequest(decodeResult: success, version: HTTP/1.1)
POST /session/7e6d2a65-51b4-4039-9154-d1106904a011/execute/sync HTTP/1.1
User-Agent: selenium/4.1.2 (java windows)
Content-Length: 48780
Content-Type: application/json; charset=utf-8
host: localhost:51192
accept: */*

Response DefaultHttpResponse(decodeResult: success, version: HTTP/1.1)
HTTP/1.1 200 OK
content-type: application/json; charset=utf-8
cache-control: no-cache
date: Sun, 09 Apr 2023 12:38:33 GMT
content-length: 14

19:38:33.916 [AsyncHttpClient-1-4] DEBUG org.asynchttpclient.netty.channel.ChannelManager - Adding key: http://localhost:51192 for channel [id: 0xfbd09940, L:/127.0.0.1:57036 - R:localhost/127.0.0.1:51192]
  &amp#27;[32mWhen &amp#27;[0m&amp#27;[32mI will go to &amp#27;[0m&amp#27;[32m&amp#27;[1m"babyPage"&amp#27;[0m    &amp#27;[90m# starter.stepdefinitions.BabyStep.iWillGoTo(java.lang.String)&amp#27;[0m
19:38:33.924 [Forwarding screenshot on session 7e6d2a65-51b4-4039-9154-d1106904a011 to remote] DEBUG org.asynchttpclient.netty.request.NettyRequestSender - Using pooled Channel '[id: 0xfbd09940, L:/127.0.0.1:57036 - R:localhost/127.0.0.1:51192]' for 'GET' to 'http://localhost:51192/session/7e6d2a65-51b4-4039-9154-d1106904a011/screenshot'
19:38:33.924 [Forwarding screenshot on session 7e6d2a65-51b4-4039-9154-d1106904a011 to remote] DEBUG org.asynchttpclient.netty.request.NettyRequestSender - Using open Channel [id: 0xfbd09940, L:/127.0.0.1:57036 - R:localhost/127.0.0.1:51192] for GET '/session/7e6d2a65-51b4-4039-9154-d1106904a011/screenshot'
19:38:34.123 [AsyncHttpClient-1-4] DEBUG org.asynchttpclient.netty.handler.HttpHandler - 

Request DefaultFullHttpRequest(decodeResult: success, version: HTTP/1.1, content: EmptyByteBufBE)
GET /session/7e6d2a65-51b4-4039-9154-d1106904a011/screenshot HTTP/1.1
User-Agent: selenium/4.1.2 (java windows)
Cache-Control: no-cache
Content-Type: application/json; charset=utf-8
host: localhost:51192
accept: */*

Response DefaultHttpResponse(decodeResult: success, version: HTTP/1.1)
HTTP/1.1 200 OK
content-type: application/json; charset=utf-8
cache-control: no-cache
date: Sun, 09 Apr 2023 12:38:33 GMT
content-length: 174900

19:38:34.125 [AsyncHttpClient-1-4] DEBUG org.asynchttpclient.netty.channel.ChannelManager - Adding key: http://localhost:51192 for channel [id: 0xfbd09940, L:/127.0.0.1:57036 - R:localhost/127.0.0.1:51192]
19:38:34.136 [main] DEBUG net.serenitybdd.core.photography.Darkroom - Send negative for processing for target\site\serenity\c98964ab3d21b90233b67498cefc4514c0c4a00a411f7539acb822763c3ba88a.png
19:38:34.136 [Darkroom Processing Line] DEBUG net.serenitybdd.core.photography.DarkroomProcessingLine - Processing screenshot image in /var/screenshots/screenshot-9309424752922163850
19:38:34.137 [Darkroom Processing Line] DEBUG net.serenitybdd.core.photography.DarkroomProcessingLine - Saving screenshot to target\site\serenity\c98964ab3d21b90233b67498cefc4514c0c4a00a411f7539acb822763c3ba88a.png
19:38:34.149 [Forwarding findElement on session 7e6d2a65-51b4-4039-9154-d1106904a011 to remote] DEBUG org.asynchttpclient.netty.request.NettyRequestSender - Using pooled Channel '[id: 0xfbd09940, L:/127.0.0.1:57036 - R:localhost/127.0.0.1:51192]' for 'POST' to 'http://localhost:51192/session/7e6d2a65-51b4-4039-9154-d1106904a011/element'
19:38:34.149 [Forwarding findElement on session 7e6d2a65-51b4-4039-9154-d1106904a011 to remote] DEBUG org.asynchttpclient.netty.request.NettyRequestSender - Using open Channel [id: 0xfbd09940, L:/127.0.0.1:57036 - R:localhost/127.0.0.1:51192] for POST '/session/7e6d2a65-51b4-4039-9154-d1106904a011/element'
19:38:34.191 [AsyncHttpClient-1-4] DEBUG org.asynchttpclient.netty.handler.HttpHandler - 

Request DefaultHttpRequest(decodeResult: success, version: HTTP/1.1)
POST /session/7e6d2a65-51b4-4039-9154-d1106904a011/element HTTP/1.1
User-Agent: selenium/4.1.2 (java windows)
Content-Length: 81
Content-Type: application/json; charset=utf-8
host: localhost:51192
accept: */*

Response DefaultHttpResponse(decodeResult: success, version: HTTP/1.1)
HTTP/1.1 200 OK
content-type: application/json; charset=utf-8
cache-control: no-cache
date: Sun, 09 Apr 2023 12:38:33 GMT
content-length: 88

19:38:34.192 [AsyncHttpClient-1-4] DEBUG org.asynchttpclient.netty.channel.ChannelManager - Adding key: http://localhost:51192 for channel [id: 0xfbd09940, L:/127.0.0.1:57036 - R:localhost/127.0.0.1:51192]
19:38:34.201 [Forwarding isElementDisplayed on session 7e6d2a65-51b4-4039-9154-d1106904a011 to remote] DEBUG org.asynchttpclient.netty.request.NettyRequestSender - Using pooled Channel '[id: 0xfbd09940, L:/127.0.0.1:57036 - R:localhost/127.0.0.1:51192]' for 'POST' to 'http://localhost:51192/session/7e6d2a65-51b4-4039-9154-d1106904a011/execute/sync'
19:38:34.201 [Forwarding isElementDisplayed on session 7e6d2a65-51b4-4039-9154-d1106904a011 to remote] DEBUG org.asynchttpclient.netty.request.NettyRequestSender - Using open Channel [id: 0xfbd09940, L:/127.0.0.1:57036 - R:localhost/127.0.0.1:51192] for POST '/session/7e6d2a65-51b4-4039-9154-d1106904a011/execute/sync'
19:38:34.281 [AsyncHttpClient-1-4] DEBUG org.asynchttpclient.netty.handler.HttpHandler - 

Request DefaultHttpRequest(decodeResult: success, version: HTTP/1.1)
POST /session/7e6d2a65-51b4-4039-9154-d1106904a011/execute/sync HTTP/1.1
User-Agent: selenium/4.1.2 (java windows)
Content-Length: 48780
Content-Type: application/json; charset=utf-8
host: localhost:51192
accept: */*

Response DefaultHttpResponse(decodeResult: success, version: HTTP/1.1)
HTTP/1.1 200 OK
content-type: application/json; charset=utf-8
cache-control: no-cache
date: Sun, 09 Apr 2023 12:38:33 GMT
content-length: 14

19:38:34.281 [AsyncHttpClient-1-4] DEBUG org.asynchttpclient.netty.channel.ChannelManager - Adding key: http://localhost:51192 for channel [id: 0xfbd09940, L:/127.0.0.1:57036 - R:localhost/127.0.0.1:51192]
  &amp#27;[32mAnd &amp#27;[0m&amp#27;[32mI &amp#27;[0m&amp#27;[32m&amp#27;[1m"bayi"&amp#27;[0m&amp#27;[32m page&amp#27;[0m               &amp#27;[90m# starter.stepdefinitions.BabyStep.iPage(java.lang.String)&amp#27;[0m
19:38:34.287 [Forwarding screenshot on session 7e6d2a65-51b4-4039-9154-d1106904a011 to remote] DEBUG org.asynchttpclient.netty.request.NettyRequestSender - Using pooled Channel '[id: 0xfbd09940, L:/127.0.0.1:57036 - R:localhost/127.0.0.1:51192]' for 'GET' to 'http://localhost:51192/session/7e6d2a65-51b4-4039-9154-d1106904a011/screenshot'
19:38:34.287 [Forwarding screenshot on session 7e6d2a65-51b4-4039-9154-d1106904a011 to remote] DEBUG org.asynchttpclient.netty.request.NettyRequestSender - Using open Channel [id: 0xfbd09940, L:/127.0.0.1:57036 - R:localhost/127.0.0.1:51192] for GET '/session/7e6d2a65-51b4-4039-9154-d1106904a011/screenshot'
19:38:34.451 [AsyncHttpClient-1-4] DEBUG org.asynchttpclient.netty.handler.HttpHandler - 

Request DefaultFullHttpRequest(decodeResult: success, version: HTTP/1.1, content: EmptyByteBufBE)
GET /session/7e6d2a65-51b4-4039-9154-d1106904a011/screenshot HTTP/1.1
User-Agent: selenium/4.1.2 (java windows)
Cache-Control: no-cache
Content-Type: application/json; charset=utf-8
host: localhost:51192
accept: */*

Response DefaultHttpResponse(decodeResult: success, version: HTTP/1.1)
HTTP/1.1 200 OK
content-type: application/json; charset=utf-8
cache-control: no-cache
date: Sun, 09 Apr 2023 12:38:33 GMT
content-length: 174900

19:38:34.452 [AsyncHttpClient-1-4] DEBUG org.asynchttpclient.netty.channel.ChannelManager - Adding key: http://localhost:51192 for channel [id: 0xfbd09940, L:/127.0.0.1:57036 - R:localhost/127.0.0.1:51192]
19:38:34.465 [main] DEBUG net.serenitybdd.core.photography.Darkroom - Send negative for processing for target\site\serenity\c98964ab3d21b90233b67498cefc4514c0c4a00a411f7539acb822763c3ba88a.png
19:38:34.490 [Driver Command Executor] DEBUG org.asynchttpclient.netty.request.NettyRequestSender - Using pooled Channel '[id: 0xfbd09940, L:/127.0.0.1:57036 - R:localhost/127.0.0.1:51192]' for 'DELETE' to 'http://localhost:51192/session/7e6d2a65-51b4-4039-9154-d1106904a011'
19:38:34.490 [Driver Command Executor] DEBUG org.asynchttpclient.netty.request.NettyRequestSender - Using open Channel [id: 0xfbd09940, L:/127.0.0.1:57036 - R:localhost/127.0.0.1:51192] for DELETE '/session/7e6d2a65-51b4-4039-9154-d1106904a011'
19:38:35.510 [AsyncHttpClient-1-4] DEBUG org.asynchttpclient.netty.handler.HttpHandler - 

Request DefaultFullHttpRequest(decodeResult: success, version: HTTP/1.1, content: EmptyByteBufBE)
DELETE /session/7e6d2a65-51b4-4039-9154-d1106904a011 HTTP/1.1
User-Agent: selenium/4.1.2 (java windows)
Content-Type: application/json; charset=utf-8
host: localhost:51192
accept: */*

Response DefaultHttpResponse(decodeResult: success, version: HTTP/1.1)
HTTP/1.1 200 OK
content-type: application/json; charset=utf-8
cache-control: no-cache
date: Sun, 09 Apr 2023 12:38:33 GMT
content-length: 14

19:38:35.510 [AsyncHttpClient-1-4] DEBUG org.asynchttpclient.netty.channel.ChannelManager - Adding key: http://localhost:51192 for channel [id: 0xfbd09940, L:/127.0.0.1:57036 - R:localhost/127.0.0.1:51192]
19:38:35.513 [AsyncHttpClient-1-4] DEBUG org.asynchttpclient.netty.handler.HttpHandler - Unexpected I/O exception on channel [id: 0xfbd09940, L:/127.0.0.1:57036 - R:localhost/127.0.0.1:51192]
java.net.SocketException: Connection reset
	at java.base/sun.nio.ch.SocketChannelImpl.throwConnectionReset(SocketChannelImpl.java:345)
	at java.base/sun.nio.ch.SocketChannelImpl.read(SocketChannelImpl.java:376)
	at io.netty.buffer.PooledByteBuf.setBytes(PooledByteBuf.java:258)
	at io.netty.buffer.AbstractByteBuf.writeBytes(AbstractByteBuf.java:1132)
	at io.netty.channel.socket.nio.NioSocketChannel.doReadBytes(NioSocketChannel.java:350)
	at io.netty.channel.nio.AbstractNioByteChannel$NioByteUnsafe.read(AbstractNioByteChannel.java:151)
	at io.netty.channel.nio.NioEventLoop.processSelectedKey(NioEventLoop.java:722)
	at io.netty.channel.nio.NioEventLoop.processSelectedKeysOptimized(NioEventLoop.java:658)
	at io.netty.channel.nio.NioEventLoop.processSelectedKeys(NioEventLoop.java:584)
	at io.netty.channel.nio.NioEventLoop.run(NioEventLoop.java:496)
	at io.netty.util.concurrent.SingleThreadEventExecutor$4.run(SingleThreadEventExecutor.java:986)
	at io.netty.util.internal.ThreadExecutorMap$2.run(ThreadExecutorMap.java:74)
	at io.netty.util.concurrent.FastThreadLocalRunnable.run(FastThreadLocalRunnable.java:30)
	at java.base/java.lang.Thread.run(Thread.java:830)
19:38:35.513 [AsyncHttpClient-1-4] DEBUG org.asynchttpclient.netty.channel.ChannelManager - Closing Channel [id: 0xfbd09940, L:/127.0.0.1:57036 - R:localhost/127.0.0.1:51192] 
19:38:35.513 [AsyncHttpClient-1-4] DEBUG org.asynchttpclient.netty.handler.HttpHandler - Channel Closed: [id: 0xfbd09940, L:/127.0.0.1:57036 ! R:localhost/127.0.0.1:51192] with attribute DISCARD
19:38:35.564 [main] INFO  - 
  _____   ___   ___   _____     ___     _     ___   ___   ___   ___  
 |_   _| | __| / __| |_   _|   | _ \   /_\   / __| / __| | __| |   \ 
   | |   | _|  \__ \   | |     |  _/  / _ \  \__ \ \__ \ | _|  | |) |
   |_|   |___| |___/   |_|     |_|   /_/ \_\ |___/ |___/ |___| |___/ 

Fitur Menu Baby
----------------------------------------------------------------------
]]></system-out>
    <system-err><![CDATA[1681043906868	geckodriver	INFO	Listening on 127.0.0.1:51192
1681043907357	mozrunner::runner	INFO	Running command: "C:\\Program Files\\Mozilla Firefox\\firefox.exe" "--marionette" "" "--remote-debugging-port" "63663" "--remote-allow-hosts" "localhost" "-no-remote" "-profile" "C:\\Users\\alwi\\AppData\\Local\\Temp\\rust_mozprofileX3r25K"
console.warn: services.settings: Ignoring preference override of remote settings server
console.warn: services.settings: Allow by setting MOZ_REMOTE_SETTINGS_DEVTOOLS=1 in the environment
1681043907699	Marionette	INFO	Marionette enabled
Dynamically enable window occlusion 0
1681043907704	Marionette	INFO	Listening on port 57039
WebDriver BiDi listening on ws://127.0.0.1:63663
Read port: 57039
1681043907955	RemoteAgent	WARN	TLS certificate errors will be ignored for this session
console.warn: SearchSettings: "get: No settings file exists, new profile?" (new NotFoundError("Could not open the file at C:\\Users\\alwi\\AppData\\Local\\Temp\\rust_mozprofileX3r25K\\search.json.mozlz4", (void 0)))
DevTools listening on ws://127.0.0.1:63663/devtools/browser/c92fe0b6-df38-4699-86fa-9180be6bb25b
Apr 09, 2023 7:38:29 PM org.openqa.selenium.remote.ProtocolHandshake createSession
INFO: Detected dialect: W3C
JavaScript warning: https://www.uniqlo.com/oQfZRN8zACRR/OQ/-x_RMR-EGX/k95OLrhJQ5/OXl6GHI5AQ/PnUdVS/RrZQs, line 1: unreachable code after return statement
JavaScript warning: https://www.uniqlo.com/id/elgnisolqinu.js?async&seed=AECl_mWHAQAAhXleUcVgnU2eEowETsYZDsExG9MVfyypS8j2a8yO2N_NY-zV&x-i1ysm4mm--z=q, line 1: WEBGL_debug_renderer_info is deprecated in Firefox and will be removed. Please use RENDERER.
JavaScript warning: https://www.uniqlo.com/oQfZRN8zACRR/OQ/-x_RMR-EGX/k95OLrhJQ5/OXl6GHI5AQ/PnUdVS/RrZQs, line 1: WEBGL_debug_renderer_info is deprecated in Firefox and will be removed. Please use RENDERER.
1681043914492	Marionette	INFO	Stopped listening on port 57039
Dynamically enable window occlusion 1
[Parent 11508, IPC I/O Parent] WARNING: DuplicateHandle failed for handle 0 in TransferHandles: file /builds/worker/checkouts/gecko/ipc/chromium/src/chrome/common/ipc_channel_win.cc:777
WARNING: A blocker encountered an error while we were waiting.
          Blocker:  Waiting for ping task
          Phase: TelemetryController: Waiting for pending ping activity
          State: (none)
WARNING: Error: Phase "profile-before-change" is finished, it is too late to register completion condition "OS.File: flush I/O queued before profileBeforeChange"
WARNING: addBlocker@resource://gre/modules/AsyncShutdown.sys.mjs:727:15
addBlocker@resource://gre/modules/AsyncShutdown.sys.mjs:523:26
addBlocker@resource://gre/modules/AsyncShutdown.sys.mjs:458:15
setupShutdown@resource://gre/modules/osfile/osfile_async_front.jsm:1548:28
@resource://gre/modules/osfile/osfile_async_front.jsm:1568:16
@resource://gre/modules/osfile.jsm:12:30
@resource://gre/modules/TelemetryStorage.sys.mjs:10:28
_checkPendingPings@resource://gre/modules/TelemetrySend.sys.mjs:863:17
setup@resource://gre/modules/TelemetrySend.sys.mjs:803:18
setup@resource://gre/modules/TelemetrySend.sys.mjs:241:30
setupTelemetry/this._delayedInitTask<@resource://gre/modules/TelemetryControllerParent.sys.mjs:828:36
observe@resource://gre/modules/AsyncShutdown.sys.mjs:576:16

console.error: "TelemetryScheduler.shutdown - Already shut down"
WARNING: A blocker encountered an error while we were waiting.
          Blocker:  Waiting for ping task
          Phase: TelemetryController: Waiting for pending ping activity
          State: (none)
WARNING: Error: Phase "profile-before-change" is finished, it is too late to register completion condition "OS.File: flush I/O queued before profileBeforeChange"
WARNING: addBlocker@resource://gre/modules/AsyncShutdown.sys.mjs:727:15
addBlocker@resource://gre/modules/AsyncShutdown.sys.mjs:523:26
addBlocker@resource://gre/modules/AsyncShutdown.sys.mjs:458:15
setupShutdown@resource://gre/modules/osfile/osfile_async_front.jsm:1548:28
@resource://gre/modules/osfile/osfile_async_front.jsm:1568:16
@resource://gre/modules/osfile.jsm:12:30
@resource://gre/modules/TelemetryStorage.sys.mjs:10:28
_checkPendingPings@resource://gre/modules/TelemetrySend.sys.mjs:863:17
setup@resource://gre/modules/TelemetrySend.sys.mjs:803:18
setup@resource://gre/modules/TelemetrySend.sys.mjs:241:30
setupTelemetry/this._delayedInitTask<@resource://gre/modules/TelemetryControllerParent.sys.mjs:828:36
observe@resource://gre/modules/AsyncShutdown.sys.mjs:576:16

WARNING: A blocker encountered an error while we were waiting.
          Blocker:  Waiting for ping task
          Phase: TelemetryController: Waiting for pending ping activity
          State: (none)
WARNING: Error: Phase "profile-before-change" is finished, it is too late to register completion condition "OS.File: flush I/O queued before profileBeforeChange"
WARNING: addBlocker@resource://gre/modules/AsyncShutdown.sys.mjs:727:15
addBlocker@resource://gre/modules/AsyncShutdown.sys.mjs:523:26
addBlocker@resource://gre/modules/AsyncShutdown.sys.mjs:458:15
setupShutdown@resource://gre/modules/osfile/osfile_async_front.jsm:1548:28
@resource://gre/modules/osfile/osfile_async_front.jsm:1568:16
@resource://gre/modules/osfile.jsm:12:30
@resource://gre/modules/TelemetryStorage.sys.mjs:10:28
_checkPendingPings@resource://gre/modules/TelemetrySend.sys.mjs:863:17
setup@resource://gre/modules/TelemetrySend.sys.mjs:803:18
setup@resource://gre/modules/TelemetrySend.sys.mjs:241:30
setupTelemetry/this._delayedInitTask<@resource://gre/modules/TelemetryControllerParent.sys.mjs:828:36
observe@resource://gre/modules/AsyncShutdown.sys.mjs:576:16

WARNING: A blocker encountered an error while we were waiting.
          Blocker:  TelemetryController: shutting down
          Phase: profile-before-change-telemetry
          State: Error getting state: Error: Phase "profile-before-change" is finished, it is too late to register completion condition "OS.File: flush I/O queued before profileBeforeChange" at addBlocker@resource://gre/modules/AsyncShutdown.sys.mjs:727:15
addBlocker@resource://gre/modules/AsyncShutdown.sys.mjs:523:26
addBlocker@resource://gre/modules/AsyncShutdown.sys.mjs:458:15
setupShutdown@resource://gre/modules/osfile/osfile_async_front.jsm:1548:28
@resource://gre/modules/osfile/osfile_async_front.jsm:1568:16
@resource://gre/modules/osfile.jsm:12:30
@resource://gre/modules/TelemetryStorage.sys.mjs:10:28
_checkPendingPings@resource://gre/modules/TelemetrySend.sys.mjs:863:17
setup@resource://gre/modules/TelemetrySend.sys.mjs:803:18
setup@resource://gre/modules/TelemetrySend.sys.mjs:241:30
setupTelemetry/this._delayedInitTask<@resource://gre/modules/TelemetryControllerParent.sys.mjs:828:36
observe@resource://gre/modules/AsyncShutdown.sys.mjs:576:16

WARNING: Error: Phase "profile-before-change" is finished, it is too late to register completion condition "OS.File: flush I/O queued before profileBeforeChange"
WARNING: addBlocker@resource://gre/modules/AsyncShutdown.sys.mjs:727:15
addBlocker@resource://gre/modules/AsyncShutdown.sys.mjs:523:26
addBlocker@resource://gre/modules/AsyncShutdown.sys.mjs:458:15
setupShutdown@resource://gre/modules/osfile/osfJilea_avsaySnccr_ifptr oenrt.jrsomr::1 5resour4c8e::2/8/g
r@ree/smooudrucel:e/s//gArsey/nmcoSdhuultedso/wons.sfyilse/.omsjfsil,e _laisnyen c7_2f7r:o nEt.rjrsomr::15 6P8h:a1s6e
 @"rpesoruorfceil:e/-/bgeref/omroed-ulesc/hoasnfgiel" e.ijss mf:i1n2i:s3h0ed,
 @irte siosu rtcoe:o //lgre/amtodeu tleos /rTeelgeimsetterry Sctoomrpalgeet.isoyns .cmojns:d1i0t:i2on8 "
O_Sc.hFeiclkeP:e nfdliunsghP ingIs/@Or eqsueued before profileBeforeChange"our
ce://gre/moduJlaevsa/STelcermiepttr yeSrernodr.:s yrse.smojusrc:e8:63:1/7/
gsreteu/mpo@druelesso/uArscyen:c/S/ghurte/dmoowdnu.lseyss/.Tmejlse,m eltirnyeS e7n27d:.s yEsr.rmojrs::803 :P1h8as
es e"tpurpo@frielseo-ubrecfeo:re//-gcrhea/nmgoed"u liess /fTienliemsehterdy, Seintd .isyss .tmooj sl:a2t4e1 :t3o0 r
seegtiuspTteelre mcetormyp/ltehtiiso.n_ dceolnadyietdiIonitTaskn< @"rOS.Feisloeu:r cfel:u/s/hg rIe//Om oqduleuse/uTeelde mbetryCoenftorroe lprloefirlPeaBerfoerenCtha.syngse".m
jJsav:a8Scr2i8pt: e3r6ror:
o rbesource://gres/emorduvlee@rses/oAsuyrnccSehu:t/d/owng.rsyes/.mmjosd,u llienes /72A7s: yEnrcroSrh:u tPhdasoew n"p.rosfiyles-b.emfjorse-c:ha5n76g:1e"6 is
 fi
nished, it is too late to register completion condition "OS.File: flush I/O queued before profileBeforeChange"
JavaScript error: resource://gre/modules/AsyncShutdown.sys.mjs, line 727: Error: Phase "profile-before-change" is finished, it is too late to register completion condition "OS.File: flush I/O queued before profileBeforeChange"
JavaScript error: resource://gre/modules/AsyncShutdown.sys.mjs, line 727: Error: Phase "profile-before-change" is finished, it is too late to register completion condition "OS.File: flush I/O queued before profileBeforeChange"
JavaScript error: resource://gre/modules/AsyncShutdown.sys.mjs, line 727: Error: Phase "profile-before-change" is finished, it is too late to register completion condition "OS.File: flush I/O queued before profileBeforeChange"
]]></system-err>
  </testcase>
  <testcase name="Fitur Menu Baby #2" classname="Baby" time="9.604">
    <system-out><![CDATA[
@baby
Scenario Outline: Fitur Menu Baby     &amp#27;[90m# src/test/resources/features/Baby.feature:14&amp#27;[0m
19:38:35.571 [main] INFO io.cucumber.core.plugin.SerenityReporter - Running feature from file:///C:/Users/alwi/IdeaProjects/uniqloweb/src/test/resources/features/Baby.feature
19:38:35.591 [main] INFO net.serenitybdd.core.webdriver.driverproviders.FirefoxDriverProvider - Using automatically driver download
19:38:35.699 [main] DEBUG io.github.bonigarcia.wdm.cache.ResolutionCache - Resolution firefox=111 in cache (valid until 20:30:50 09/04/2023 WIB)
19:38:35.703 [main] DEBUG io.github.bonigarcia.wdm.cache.ResolutionCache - Resolution firefox111=0.32.2 in cache (valid until 19:30:50 10/04/2023 WIB)
19:38:35.705 [main] INFO io.github.bonigarcia.wdm.WebDriverManager - Using geckodriver 0.32.2 (resolved driver for Firefox 111)
19:38:35.724 [main] DEBUG io.github.bonigarcia.wdm.WebDriverManager - Driver geckodriver 0.32.2 found in cache
19:38:35.725 [AsyncHttpClient-1-1] DEBUG org.asynchttpclient.netty.channel.DefaultChannelPool - Entry count for : http://localhost:51192 : 1
19:38:35.725 [AsyncHttpClient-1-1] DEBUG org.asynchttpclient.netty.channel.DefaultChannelPool - Adding Candidate expired Channel [id: 0xfbd09940, L:/127.0.0.1:57036 ! R:localhost/127.0.0.1:51192] isIdleTimeoutExpired=false isRemotelyClosed=true isTtlExpired=false
19:38:35.725 [AsyncHttpClient-1-1] DEBUG org.asynchttpclient.netty.channel.DefaultChannelPool - Closing Idle Channel [id: 0xfbd09940, L:/127.0.0.1:57036 ! R:localhost/127.0.0.1:51192]
19:38:35.725 [AsyncHttpClient-1-1] DEBUG org.asynchttpclient.netty.channel.DefaultChannelPool - Closed 1 connections out of 1 in 0 ms
19:38:35.725 [main] INFO io.github.bonigarcia.wdm.WebDriverManager - Exporting webdriver.gecko.driver as C:\Users\alwi\.cache\selenium\geckodriver\win64\0.32.2\geckodriver.exe
19:38:35.739 [main] DEBUG net.serenitybdd.core.webdriver.driverproviders.ProvideNewDriver - Instantiating driver
19:38:35.739 [main] DEBUG net.serenitybdd.core.webdriver.driverproviders.ProvideNewDriver - Driver capabilities: Capabilities {acceptInsecureCerts: true, browserName: firefox, moz:debuggerAddress: true, moz:firefoxOptions: {args: [], profile: UEsDBBQACAgIANGciVYAAAAAAAA...}}
19:38:36.275 [AsyncHttpClient-1-6] DEBUG org.asynchttpclient.netty.channel.NettyConnectListener - Using new Channel '[id: 0x911245bc, L:/127.0.0.1:57132 - R:localhost/127.0.0.1:64220]' for 'POST' to '/session'
19:38:38.751 [AsyncHttpClient-1-6] DEBUG org.asynchttpclient.netty.handler.HttpHandler - 

Request DefaultHttpRequest(decodeResult: success, version: HTTP/1.1)
POST /session HTTP/1.1
User-Agent: selenium/4.1.2 (java windows)
Content-Length: 3673
Content-Type: application/json; charset=utf-8
host: localhost:64220
accept: */*

Response DefaultHttpResponse(decodeResult: success, version: HTTP/1.1)
HTTP/1.1 200 OK
content-type: application/json; charset=utf-8
cache-control: no-cache
date: Sun, 09 Apr 2023 12:38:36 GMT
content-length: 790

19:38:38.751 [AsyncHttpClient-1-6] DEBUG org.asynchttpclient.netty.channel.ChannelManager - Adding key: http://localhost:64220 for channel [id: 0x911245bc, L:/127.0.0.1:57132 - R:localhost/127.0.0.1:64220]
19:38:38.760 [AsyncHttpClient-1-7] DEBUG org.asynchttpclient.netty.channel.NettyConnectListener - Using new Channel '[id: 0x19f624c4, L:/127.0.0.1:57148 - R:/127.0.0.1:55793]' for 'GET' to '/json/version'
19:38:38.776 [AsyncHttpClient-1-7] DEBUG org.asynchttpclient.netty.handler.HttpHandler - 

Request DefaultFullHttpRequest(decodeResult: success, version: HTTP/1.1, content: EmptyByteBufBE)
GET /json/version HTTP/1.1
User-Agent: selenium/4.1.2 (java windows)
host: 127.0.0.1:55793
accept: */*

Response DefaultHttpResponse(decodeResult: success, version: HTTP/1.1)
HTTP/1.1 200 OK
content-type: application/json
connection: close
server: httpd.js
date: Sun, 09 Apr 2023 12:38:38 GMT
content-length: 311

19:38:38.777 [AsyncHttpClient-1-7] DEBUG org.asynchttpclient.netty.channel.ChannelManager - Closing Channel [id: 0x19f624c4, L:/127.0.0.1:57148 - R:/127.0.0.1:55793] 
19:38:38.777 [AsyncHttpClient-1-7] DEBUG org.asynchttpclient.netty.handler.HttpHandler - Channel Closed: [id: 0x19f624c4, L:/127.0.0.1:57148 ! R:/127.0.0.1:55793] with attribute DISCARD
19:38:38.780 [Forwarding get on session d2016832-389e-4b59-b8a2-75b1198be8be to remote] DEBUG org.asynchttpclient.netty.request.NettyRequestSender - Using pooled Channel '[id: 0x911245bc, L:/127.0.0.1:57132 - R:localhost/127.0.0.1:64220]' for 'POST' to 'http://localhost:64220/session/d2016832-389e-4b59-b8a2-75b1198be8be/url'
19:38:38.780 [Forwarding get on session d2016832-389e-4b59-b8a2-75b1198be8be to remote] DEBUG org.asynchttpclient.netty.request.NettyRequestSender - Using open Channel [id: 0x911245bc, L:/127.0.0.1:57132 - R:localhost/127.0.0.1:64220] for POST '/session/d2016832-389e-4b59-b8a2-75b1198be8be/url'
19:38:41.295 [AsyncHttpClient-1-6] DEBUG org.asynchttpclient.netty.handler.HttpHandler - 

Request DefaultHttpRequest(decodeResult: success, version: HTTP/1.1)
POST /session/d2016832-389e-4b59-b8a2-75b1198be8be/url HTTP/1.1
User-Agent: selenium/4.1.2 (java windows)
Content-Length: 53
Content-Type: application/json; charset=utf-8
host: localhost:64220
accept: */*

Response DefaultHttpResponse(decodeResult: success, version: HTTP/1.1)
HTTP/1.1 200 OK
content-type: application/json; charset=utf-8
cache-control: no-cache
date: Sun, 09 Apr 2023 12:38:38 GMT
content-length: 14

19:38:41.295 [AsyncHttpClient-1-6] DEBUG org.asynchttpclient.netty.channel.ChannelManager - Adding key: http://localhost:64220 for channel [id: 0x911245bc, L:/127.0.0.1:57132 - R:localhost/127.0.0.1:64220]
19:38:41.297 [Forwarding setTimeout on session d2016832-389e-4b59-b8a2-75b1198be8be to remote] DEBUG org.asynchttpclient.netty.request.NettyRequestSender - Using pooled Channel '[id: 0x911245bc, L:/127.0.0.1:57132 - R:localhost/127.0.0.1:64220]' for 'POST' to 'http://localhost:64220/session/d2016832-389e-4b59-b8a2-75b1198be8be/timeouts'
19:38:41.297 [Forwarding setTimeout on session d2016832-389e-4b59-b8a2-75b1198be8be to remote] DEBUG org.asynchttpclient.netty.request.NettyRequestSender - Using open Channel [id: 0x911245bc, L:/127.0.0.1:57132 - R:localhost/127.0.0.1:64220] for POST '/session/d2016832-389e-4b59-b8a2-75b1198be8be/timeouts'
19:38:41.300 [AsyncHttpClient-1-6] DEBUG org.asynchttpclient.netty.handler.HttpHandler - 

Request DefaultHttpRequest(decodeResult: success, version: HTTP/1.1)
POST /session/d2016832-389e-4b59-b8a2-75b1198be8be/timeouts HTTP/1.1
User-Agent: selenium/4.1.2 (java windows)
Content-Length: 22
Content-Type: application/json; charset=utf-8
host: localhost:64220
accept: */*

Response DefaultHttpResponse(decodeResult: success, version: HTTP/1.1)
HTTP/1.1 200 OK
content-type: application/json; charset=utf-8
cache-control: no-cache
date: Sun, 09 Apr 2023 12:38:41 GMT
content-length: 14

19:38:41.301 [AsyncHttpClient-1-6] DEBUG org.asynchttpclient.netty.channel.ChannelManager - Adding key: http://localhost:64220 for channel [id: 0x911245bc, L:/127.0.0.1:57132 - R:localhost/127.0.0.1:64220]
19:38:41.305 [Forwarding getCurrentUrl on session d2016832-389e-4b59-b8a2-75b1198be8be to remote] DEBUG org.asynchttpclient.netty.request.NettyRequestSender - Using pooled Channel '[id: 0x911245bc, L:/127.0.0.1:57132 - R:localhost/127.0.0.1:64220]' for 'GET' to 'http://localhost:64220/session/d2016832-389e-4b59-b8a2-75b1198be8be/url'
19:38:41.305 [Forwarding getCurrentUrl on session d2016832-389e-4b59-b8a2-75b1198be8be to remote] DEBUG org.asynchttpclient.netty.request.NettyRequestSender - Using open Channel [id: 0x911245bc, L:/127.0.0.1:57132 - R:localhost/127.0.0.1:64220] for GET '/session/d2016832-389e-4b59-b8a2-75b1198be8be/url'
19:38:41.313 [AsyncHttpClient-1-6] DEBUG org.asynchttpclient.netty.handler.HttpHandler - 

Request DefaultFullHttpRequest(decodeResult: success, version: HTTP/1.1, content: EmptyByteBufBE)
GET /session/d2016832-389e-4b59-b8a2-75b1198be8be/url HTTP/1.1
User-Agent: selenium/4.1.2 (java windows)
Cache-Control: no-cache
Content-Type: application/json; charset=utf-8
host: localhost:64220
accept: */*

Response DefaultHttpResponse(decodeResult: success, version: HTTP/1.1)
HTTP/1.1 200 OK
content-type: application/json; charset=utf-8
cache-control: no-cache
date: Sun, 09 Apr 2023 12:38:41 GMT
content-length: 41

19:38:41.313 [AsyncHttpClient-1-6] DEBUG org.asynchttpclient.netty.channel.ChannelManager - Adding key: http://localhost:64220 for channel [id: 0x911245bc, L:/127.0.0.1:57132 - R:localhost/127.0.0.1:64220]
  &amp#27;[32mGiven &amp#27;[0m&amp#27;[32mI am on the home page&amp#27;[0m         &amp#27;[90m# starter.stepdefinitions.BabyStep.iAmOnTheHomePage()&amp#27;[0m
19:38:41.323 [Forwarding screenshot on session d2016832-389e-4b59-b8a2-75b1198be8be to remote] DEBUG org.asynchttpclient.netty.request.NettyRequestSender - Using pooled Channel '[id: 0x911245bc, L:/127.0.0.1:57132 - R:localhost/127.0.0.1:64220]' for 'GET' to 'http://localhost:64220/session/d2016832-389e-4b59-b8a2-75b1198be8be/screenshot'
19:38:41.323 [Forwarding screenshot on session d2016832-389e-4b59-b8a2-75b1198be8be to remote] DEBUG org.asynchttpclient.netty.request.NettyRequestSender - Using open Channel [id: 0x911245bc, L:/127.0.0.1:57132 - R:localhost/127.0.0.1:64220] for GET '/session/d2016832-389e-4b59-b8a2-75b1198be8be/screenshot'
19:38:42.208 [AsyncHttpClient-1-6] DEBUG org.asynchttpclient.netty.handler.HttpHandler - 

Request DefaultFullHttpRequest(decodeResult: success, version: HTTP/1.1, content: EmptyByteBufBE)
GET /session/d2016832-389e-4b59-b8a2-75b1198be8be/screenshot HTTP/1.1
User-Agent: selenium/4.1.2 (java windows)
Cache-Control: no-cache
Content-Type: application/json; charset=utf-8
host: localhost:64220
accept: */*

Response DefaultHttpResponse(decodeResult: success, version: HTTP/1.1)
HTTP/1.1 200 OK
content-type: application/json; charset=utf-8
cache-control: no-cache
date: Sun, 09 Apr 2023 12:38:41 GMT
content-length: 101768

19:38:42.209 [AsyncHttpClient-1-6] DEBUG org.asynchttpclient.netty.channel.ChannelManager - Adding key: http://localhost:64220 for channel [id: 0x911245bc, L:/127.0.0.1:57132 - R:localhost/127.0.0.1:64220]
19:38:42.215 [main] DEBUG net.serenitybdd.core.photography.Darkroom - Send negative for processing for target\site\serenity\fba42504a5c8d2ebb1eac08006293b5580d207e80f8883e90094102e35399500.png
19:38:42.231 [Forwarding findElement on session d2016832-389e-4b59-b8a2-75b1198be8be to remote] DEBUG org.asynchttpclient.netty.request.NettyRequestSender - Using pooled Channel '[id: 0x911245bc, L:/127.0.0.1:57132 - R:localhost/127.0.0.1:64220]' for 'POST' to 'http://localhost:64220/session/d2016832-389e-4b59-b8a2-75b1198be8be/element'
19:38:42.231 [Forwarding findElement on session d2016832-389e-4b59-b8a2-75b1198be8be to remote] DEBUG org.asynchttpclient.netty.request.NettyRequestSender - Using open Channel [id: 0x911245bc, L:/127.0.0.1:57132 - R:localhost/127.0.0.1:64220] for POST '/session/d2016832-389e-4b59-b8a2-75b1198be8be/element'
19:38:42.280 [AsyncHttpClient-1-6] DEBUG org.asynchttpclient.netty.handler.HttpHandler - 

Request DefaultHttpRequest(decodeResult: success, version: HTTP/1.1)
POST /session/d2016832-389e-4b59-b8a2-75b1198be8be/element HTTP/1.1
User-Agent: selenium/4.1.2 (java windows)
Content-Length: 81
Content-Type: application/json; charset=utf-8
host: localhost:64220
accept: */*

Response DefaultHttpResponse(decodeResult: success, version: HTTP/1.1)
HTTP/1.1 200 OK
content-type: application/json; charset=utf-8
cache-control: no-cache
date: Sun, 09 Apr 2023 12:38:41 GMT
content-length: 88

19:38:42.280 [AsyncHttpClient-1-6] DEBUG org.asynchttpclient.netty.channel.ChannelManager - Adding key: http://localhost:64220 for channel [id: 0x911245bc, L:/127.0.0.1:57132 - R:localhost/127.0.0.1:64220]
19:38:42.283 [Forwarding getElementTagName on session d2016832-389e-4b59-b8a2-75b1198be8be to remote] DEBUG org.asynchttpclient.netty.request.NettyRequestSender - Using pooled Channel '[id: 0x911245bc, L:/127.0.0.1:57132 - R:localhost/127.0.0.1:64220]' for 'GET' to 'http://localhost:64220/session/d2016832-389e-4b59-b8a2-75b1198be8be/element/6db46ef4-3f5d-4298-8a43-88988ade4764/name'
19:38:42.283 [Forwarding getElementTagName on session d2016832-389e-4b59-b8a2-75b1198be8be to remote] DEBUG org.asynchttpclient.netty.request.NettyRequestSender - Using open Channel [id: 0x911245bc, L:/127.0.0.1:57132 - R:localhost/127.0.0.1:64220] for GET '/session/d2016832-389e-4b59-b8a2-75b1198be8be/element/6db46ef4-3f5d-4298-8a43-88988ade4764/name'
19:38:42.320 [AsyncHttpClient-1-6] DEBUG org.asynchttpclient.netty.handler.HttpHandler - 

Request DefaultFullHttpRequest(decodeResult: success, version: HTTP/1.1, content: EmptyByteBufBE)
GET /session/d2016832-389e-4b59-b8a2-75b1198be8be/element/6db46ef4-3f5d-4298-8a43-88988ade4764/name HTTP/1.1
User-Agent: selenium/4.1.2 (java windows)
Cache-Control: no-cache
Content-Type: application/json; charset=utf-8
host: localhost:64220
accept: */*

Response DefaultHttpResponse(decodeResult: success, version: HTTP/1.1)
HTTP/1.1 200 OK
content-type: application/json; charset=utf-8
cache-control: no-cache
date: Sun, 09 Apr 2023 12:38:41 GMT
content-length: 16

19:38:42.320 [AsyncHttpClient-1-6] DEBUG org.asynchttpclient.netty.channel.ChannelManager - Adding key: http://localhost:64220 for channel [id: 0x911245bc, L:/127.0.0.1:57132 - R:localhost/127.0.0.1:64220]
19:38:42.322 [Forwarding getElementTagName on session d2016832-389e-4b59-b8a2-75b1198be8be to remote] DEBUG org.asynchttpclient.netty.request.NettyRequestSender - Using pooled Channel '[id: 0x911245bc, L:/127.0.0.1:57132 - R:localhost/127.0.0.1:64220]' for 'GET' to 'http://localhost:64220/session/d2016832-389e-4b59-b8a2-75b1198be8be/element/6db46ef4-3f5d-4298-8a43-88988ade4764/name'
19:38:42.323 [Forwarding getElementTagName on session d2016832-389e-4b59-b8a2-75b1198be8be to remote] DEBUG org.asynchttpclient.netty.request.NettyRequestSender - Using open Channel [id: 0x911245bc, L:/127.0.0.1:57132 - R:localhost/127.0.0.1:64220] for GET '/session/d2016832-389e-4b59-b8a2-75b1198be8be/element/6db46ef4-3f5d-4298-8a43-88988ade4764/name'
19:38:42.330 [AsyncHttpClient-1-6] DEBUG org.asynchttpclient.netty.handler.HttpHandler - 

Request DefaultFullHttpRequest(decodeResult: success, version: HTTP/1.1, content: EmptyByteBufBE)
GET /session/d2016832-389e-4b59-b8a2-75b1198be8be/element/6db46ef4-3f5d-4298-8a43-88988ade4764/name HTTP/1.1
User-Agent: selenium/4.1.2 (java windows)
Cache-Control: no-cache
Content-Type: application/json; charset=utf-8
host: localhost:64220
accept: */*

Response DefaultHttpResponse(decodeResult: success, version: HTTP/1.1)
HTTP/1.1 200 OK
content-type: application/json; charset=utf-8
cache-control: no-cache
date: Sun, 09 Apr 2023 12:38:42 GMT
content-length: 16

19:38:42.330 [AsyncHttpClient-1-6] DEBUG org.asynchttpclient.netty.channel.ChannelManager - Adding key: http://localhost:64220 for channel [id: 0x911245bc, L:/127.0.0.1:57132 - R:localhost/127.0.0.1:64220]
19:38:42.333 [Forwarding findElement on session d2016832-389e-4b59-b8a2-75b1198be8be to remote] DEBUG org.asynchttpclient.netty.request.NettyRequestSender - Using pooled Channel '[id: 0x911245bc, L:/127.0.0.1:57132 - R:localhost/127.0.0.1:64220]' for 'POST' to 'http://localhost:64220/session/d2016832-389e-4b59-b8a2-75b1198be8be/element'
19:38:42.334 [Forwarding findElement on session d2016832-389e-4b59-b8a2-75b1198be8be to remote] DEBUG org.asynchttpclient.netty.request.NettyRequestSender - Using open Channel [id: 0x911245bc, L:/127.0.0.1:57132 - R:localhost/127.0.0.1:64220] for POST '/session/d2016832-389e-4b59-b8a2-75b1198be8be/element'
19:38:42.343 [AsyncHttpClient-1-6] DEBUG org.asynchttpclient.netty.handler.HttpHandler - 

Request DefaultHttpRequest(decodeResult: success, version: HTTP/1.1)
POST /session/d2016832-389e-4b59-b8a2-75b1198be8be/element HTTP/1.1
User-Agent: selenium/4.1.2 (java windows)
Content-Length: 81
Content-Type: application/json; charset=utf-8
host: localhost:64220
accept: */*

Response DefaultHttpResponse(decodeResult: success, version: HTTP/1.1)
HTTP/1.1 200 OK
content-type: application/json; charset=utf-8
cache-control: no-cache
date: Sun, 09 Apr 2023 12:38:42 GMT
content-length: 88

19:38:42.343 [AsyncHttpClient-1-6] DEBUG org.asynchttpclient.netty.channel.ChannelManager - Adding key: http://localhost:64220 for channel [id: 0x911245bc, L:/127.0.0.1:57132 - R:localhost/127.0.0.1:64220]
19:38:42.347 [Forwarding clickElement on session d2016832-389e-4b59-b8a2-75b1198be8be to remote] DEBUG org.asynchttpclient.netty.request.NettyRequestSender - Using pooled Channel '[id: 0x911245bc, L:/127.0.0.1:57132 - R:localhost/127.0.0.1:64220]' for 'POST' to 'http://localhost:64220/session/d2016832-389e-4b59-b8a2-75b1198be8be/element/6db46ef4-3f5d-4298-8a43-88988ade4764/click'
19:38:42.347 [Forwarding clickElement on session d2016832-389e-4b59-b8a2-75b1198be8be to remote] DEBUG org.asynchttpclient.netty.request.NettyRequestSender - Using open Channel [id: 0x911245bc, L:/127.0.0.1:57132 - R:localhost/127.0.0.1:64220] for POST '/session/d2016832-389e-4b59-b8a2-75b1198be8be/element/6db46ef4-3f5d-4298-8a43-88988ade4764/click'
19:38:42.955 [AsyncHttpClient-1-6] DEBUG org.asynchttpclient.netty.handler.HttpHandler - 

Request DefaultHttpRequest(decodeResult: success, version: HTTP/1.1)
POST /session/d2016832-389e-4b59-b8a2-75b1198be8be/element/6db46ef4-3f5d-4298-8a43-88988ade4764/click HTTP/1.1
User-Agent: selenium/4.1.2 (java windows)
Content-Length: 50
Content-Type: application/json; charset=utf-8
host: localhost:64220
accept: */*

Response DefaultHttpResponse(decodeResult: success, version: HTTP/1.1)
HTTP/1.1 200 OK
content-type: application/json; charset=utf-8
cache-control: no-cache
date: Sun, 09 Apr 2023 12:38:42 GMT
content-length: 14

19:38:42.955 [AsyncHttpClient-1-6] DEBUG org.asynchttpclient.netty.channel.ChannelManager - Adding key: http://localhost:64220 for channel [id: 0x911245bc, L:/127.0.0.1:57132 - R:localhost/127.0.0.1:64220]
  &amp#27;[32mThen &amp#27;[0m&amp#27;[32mI click baby on the header&amp#27;[0m     &amp#27;[90m# starter.stepdefinitions.BabyStep.iClickBabyOnTheHeader()&amp#27;[0m
19:38:42.966 [Forwarding screenshot on session d2016832-389e-4b59-b8a2-75b1198be8be to remote] DEBUG org.asynchttpclient.netty.request.NettyRequestSender - Using pooled Channel '[id: 0x911245bc, L:/127.0.0.1:57132 - R:localhost/127.0.0.1:64220]' for 'GET' to 'http://localhost:64220/session/d2016832-389e-4b59-b8a2-75b1198be8be/screenshot'
19:38:42.966 [Forwarding screenshot on session d2016832-389e-4b59-b8a2-75b1198be8be to remote] DEBUG org.asynchttpclient.netty.request.NettyRequestSender - Using open Channel [id: 0x911245bc, L:/127.0.0.1:57132 - R:localhost/127.0.0.1:64220] for GET '/session/d2016832-389e-4b59-b8a2-75b1198be8be/screenshot'
19:38:43.061 [AsyncHttpClient-1-6] DEBUG org.asynchttpclient.netty.handler.HttpHandler - 

Request DefaultFullHttpRequest(decodeResult: success, version: HTTP/1.1, content: EmptyByteBufBE)
GET /session/d2016832-389e-4b59-b8a2-75b1198be8be/screenshot HTTP/1.1
User-Agent: selenium/4.1.2 (java windows)
Cache-Control: no-cache
Content-Type: application/json; charset=utf-8
host: localhost:64220
accept: */*

Response DefaultHttpResponse(decodeResult: success, version: HTTP/1.1)
HTTP/1.1 200 OK
content-type: application/json; charset=utf-8
cache-control: no-cache
date: Sun, 09 Apr 2023 12:38:42 GMT
content-length: 97632

19:38:43.062 [AsyncHttpClient-1-6] DEBUG org.asynchttpclient.netty.channel.ChannelManager - Adding key: http://localhost:64220 for channel [id: 0x911245bc, L:/127.0.0.1:57132 - R:localhost/127.0.0.1:64220]
19:38:43.067 [main] DEBUG net.serenitybdd.core.photography.Darkroom - Send negative for processing for target\site\serenity\4c1b3d79c527c7964d97126860073a290ffb8c36574e8844fd9795e153710dbd.png
19:38:43.067 [Darkroom Processing Line] DEBUG net.serenitybdd.core.photography.DarkroomProcessingLine - Processing screenshot image in /var/screenshots/screenshot-2778930443167984299
19:38:43.067 [Darkroom Processing Line] DEBUG net.serenitybdd.core.photography.DarkroomProcessingLine - Saving screenshot to target\site\serenity\4c1b3d79c527c7964d97126860073a290ffb8c36574e8844fd9795e153710dbd.png
19:38:43.080 [Forwarding findElement on session d2016832-389e-4b59-b8a2-75b1198be8be to remote] DEBUG org.asynchttpclient.netty.request.NettyRequestSender - Using pooled Channel '[id: 0x911245bc, L:/127.0.0.1:57132 - R:localhost/127.0.0.1:64220]' for 'POST' to 'http://localhost:64220/session/d2016832-389e-4b59-b8a2-75b1198be8be/element'
19:38:43.080 [Forwarding findElement on session d2016832-389e-4b59-b8a2-75b1198be8be to remote] DEBUG org.asynchttpclient.netty.request.NettyRequestSender - Using open Channel [id: 0x911245bc, L:/127.0.0.1:57132 - R:localhost/127.0.0.1:64220] for POST '/session/d2016832-389e-4b59-b8a2-75b1198be8be/element'
19:38:43.093 [AsyncHttpClient-1-6] DEBUG org.asynchttpclient.netty.handler.HttpHandler - 

Request DefaultHttpRequest(decodeResult: success, version: HTTP/1.1)
POST /session/d2016832-389e-4b59-b8a2-75b1198be8be/element HTTP/1.1
User-Agent: selenium/4.1.2 (java windows)
Content-Length: 108
Content-Type: application/json; charset=utf-8
host: localhost:64220
accept: */*

Response DefaultHttpResponse(decodeResult: success, version: HTTP/1.1)
HTTP/1.1 200 OK
content-type: application/json; charset=utf-8
cache-control: no-cache
date: Sun, 09 Apr 2023 12:38:42 GMT
content-length: 88

19:38:43.094 [AsyncHttpClient-1-6] DEBUG org.asynchttpclient.netty.channel.ChannelManager - Adding key: http://localhost:64220 for channel [id: 0x911245bc, L:/127.0.0.1:57132 - R:localhost/127.0.0.1:64220]
19:38:43.096 [Forwarding getElementTagName on session d2016832-389e-4b59-b8a2-75b1198be8be to remote] DEBUG org.asynchttpclient.netty.request.NettyRequestSender - Using pooled Channel '[id: 0x911245bc, L:/127.0.0.1:57132 - R:localhost/127.0.0.1:64220]' for 'GET' to 'http://localhost:64220/session/d2016832-389e-4b59-b8a2-75b1198be8be/element/43532bf2-796c-4817-98b3-30cb43b9f923/name'
19:38:43.096 [Forwarding getElementTagName on session d2016832-389e-4b59-b8a2-75b1198be8be to remote] DEBUG org.asynchttpclient.netty.request.NettyRequestSender - Using open Channel [id: 0x911245bc, L:/127.0.0.1:57132 - R:localhost/127.0.0.1:64220] for GET '/session/d2016832-389e-4b59-b8a2-75b1198be8be/element/43532bf2-796c-4817-98b3-30cb43b9f923/name'
19:38:43.143 [AsyncHttpClient-1-6] DEBUG org.asynchttpclient.netty.handler.HttpHandler - 

Request DefaultFullHttpRequest(decodeResult: success, version: HTTP/1.1, content: EmptyByteBufBE)
GET /session/d2016832-389e-4b59-b8a2-75b1198be8be/element/43532bf2-796c-4817-98b3-30cb43b9f923/name HTTP/1.1
User-Agent: selenium/4.1.2 (java windows)
Cache-Control: no-cache
Content-Type: application/json; charset=utf-8
host: localhost:64220
accept: */*

Response DefaultHttpResponse(decodeResult: success, version: HTTP/1.1)
HTTP/1.1 200 OK
content-type: application/json; charset=utf-8
cache-control: no-cache
date: Sun, 09 Apr 2023 12:38:42 GMT
content-length: 16

19:38:43.144 [AsyncHttpClient-1-6] DEBUG org.asynchttpclient.netty.channel.ChannelManager - Adding key: http://localhost:64220 for channel [id: 0x911245bc, L:/127.0.0.1:57132 - R:localhost/127.0.0.1:64220]
19:38:43.145 [Forwarding getElementTagName on session d2016832-389e-4b59-b8a2-75b1198be8be to remote] DEBUG org.asynchttpclient.netty.request.NettyRequestSender - Using pooled Channel '[id: 0x911245bc, L:/127.0.0.1:57132 - R:localhost/127.0.0.1:64220]' for 'GET' to 'http://localhost:64220/session/d2016832-389e-4b59-b8a2-75b1198be8be/element/43532bf2-796c-4817-98b3-30cb43b9f923/name'
19:38:43.146 [Forwarding getElementTagName on session d2016832-389e-4b59-b8a2-75b1198be8be to remote] DEBUG org.asynchttpclient.netty.request.NettyRequestSender - Using open Channel [id: 0x911245bc, L:/127.0.0.1:57132 - R:localhost/127.0.0.1:64220] for GET '/session/d2016832-389e-4b59-b8a2-75b1198be8be/element/43532bf2-796c-4817-98b3-30cb43b9f923/name'
19:38:43.286 [AsyncHttpClient-1-6] DEBUG org.asynchttpclient.netty.handler.HttpHandler - 

Request DefaultFullHttpRequest(decodeResult: success, version: HTTP/1.1, content: EmptyByteBufBE)
GET /session/d2016832-389e-4b59-b8a2-75b1198be8be/element/43532bf2-796c-4817-98b3-30cb43b9f923/name HTTP/1.1
User-Agent: selenium/4.1.2 (java windows)
Cache-Control: no-cache
Content-Type: application/json; charset=utf-8
host: localhost:64220
accept: */*

Response DefaultHttpResponse(decodeResult: success, version: HTTP/1.1)
HTTP/1.1 200 OK
content-type: application/json; charset=utf-8
cache-control: no-cache
date: Sun, 09 Apr 2023 12:38:42 GMT
content-length: 16

19:38:43.286 [AsyncHttpClient-1-6] DEBUG org.asynchttpclient.netty.channel.ChannelManager - Adding key: http://localhost:64220 for channel [id: 0x911245bc, L:/127.0.0.1:57132 - R:localhost/127.0.0.1:64220]
19:38:43.289 [Forwarding findElement on session d2016832-389e-4b59-b8a2-75b1198be8be to remote] DEBUG org.asynchttpclient.netty.request.NettyRequestSender - Using pooled Channel '[id: 0x911245bc, L:/127.0.0.1:57132 - R:localhost/127.0.0.1:64220]' for 'POST' to 'http://localhost:64220/session/d2016832-389e-4b59-b8a2-75b1198be8be/element'
19:38:43.289 [Forwarding findElement on session d2016832-389e-4b59-b8a2-75b1198be8be to remote] DEBUG org.asynchttpclient.netty.request.NettyRequestSender - Using open Channel [id: 0x911245bc, L:/127.0.0.1:57132 - R:localhost/127.0.0.1:64220] for POST '/session/d2016832-389e-4b59-b8a2-75b1198be8be/element'
19:38:43.331 [AsyncHttpClient-1-6] DEBUG org.asynchttpclient.netty.handler.HttpHandler - 

Request DefaultHttpRequest(decodeResult: success, version: HTTP/1.1)
POST /session/d2016832-389e-4b59-b8a2-75b1198be8be/element HTTP/1.1
User-Agent: selenium/4.1.2 (java windows)
Content-Length: 108
Content-Type: application/json; charset=utf-8
host: localhost:64220
accept: */*

Response DefaultHttpResponse(decodeResult: success, version: HTTP/1.1)
HTTP/1.1 200 OK
content-type: application/json; charset=utf-8
cache-control: no-cache
date: Sun, 09 Apr 2023 12:38:42 GMT
content-length: 88

19:38:43.331 [AsyncHttpClient-1-6] DEBUG org.asynchttpclient.netty.channel.ChannelManager - Adding key: http://localhost:64220 for channel [id: 0x911245bc, L:/127.0.0.1:57132 - R:localhost/127.0.0.1:64220]
19:38:43.334 [Forwarding clickElement on session d2016832-389e-4b59-b8a2-75b1198be8be to remote] DEBUG org.asynchttpclient.netty.request.NettyRequestSender - Using pooled Channel '[id: 0x911245bc, L:/127.0.0.1:57132 - R:localhost/127.0.0.1:64220]' for 'POST' to 'http://localhost:64220/session/d2016832-389e-4b59-b8a2-75b1198be8be/element/43532bf2-796c-4817-98b3-30cb43b9f923/click'
19:38:43.334 [Forwarding clickElement on session d2016832-389e-4b59-b8a2-75b1198be8be to remote] DEBUG org.asynchttpclient.netty.request.NettyRequestSender - Using open Channel [id: 0x911245bc, L:/127.0.0.1:57132 - R:localhost/127.0.0.1:64220] for POST '/session/d2016832-389e-4b59-b8a2-75b1198be8be/element/43532bf2-796c-4817-98b3-30cb43b9f923/click'
19:38:43.740 [AsyncHttpClient-1-6] DEBUG org.asynchttpclient.netty.handler.HttpHandler - 

Request DefaultHttpRequest(decodeResult: success, version: HTTP/1.1)
POST /session/d2016832-389e-4b59-b8a2-75b1198be8be/element/43532bf2-796c-4817-98b3-30cb43b9f923/click HTTP/1.1
User-Agent: selenium/4.1.2 (java windows)
Content-Length: 50
Content-Type: application/json; charset=utf-8
host: localhost:64220
accept: */*

Response DefaultHttpResponse(decodeResult: success, version: HTTP/1.1)
HTTP/1.1 200 OK
content-type: application/json; charset=utf-8
cache-control: no-cache
date: Sun, 09 Apr 2023 12:38:43 GMT
content-length: 14

19:38:43.741 [AsyncHttpClient-1-6] DEBUG org.asynchttpclient.netty.channel.ChannelManager - Adding key: http://localhost:64220 for channel [id: 0x911245bc, L:/127.0.0.1:57132 - R:localhost/127.0.0.1:64220]
  &amp#27;[32mWhen &amp#27;[0m&amp#27;[32mI will go to &amp#27;[0m&amp#27;[32m&amp#27;[1m"pakaianNewborn1"&amp#27;[0m &amp#27;[90m# starter.stepdefinitions.BabyStep.iWillGoTo(java.lang.String)&amp#27;[0m
19:38:43.746 [Forwarding screenshot on session d2016832-389e-4b59-b8a2-75b1198be8be to remote] DEBUG org.asynchttpclient.netty.request.NettyRequestSender - Using pooled Channel '[id: 0x911245bc, L:/127.0.0.1:57132 - R:localhost/127.0.0.1:64220]' for 'GET' to 'http://localhost:64220/session/d2016832-389e-4b59-b8a2-75b1198be8be/screenshot'
19:38:43.746 [Forwarding screenshot on session d2016832-389e-4b59-b8a2-75b1198be8be to remote] DEBUG org.asynchttpclient.netty.request.NettyRequestSender - Using open Channel [id: 0x911245bc, L:/127.0.0.1:57132 - R:localhost/127.0.0.1:64220] for GET '/session/d2016832-389e-4b59-b8a2-75b1198be8be/screenshot'
19:38:43.903 [AsyncHttpClient-1-6] DEBUG org.asynchttpclient.netty.handler.HttpHandler - 

Request DefaultFullHttpRequest(decodeResult: success, version: HTTP/1.1, content: EmptyByteBufBE)
GET /session/d2016832-389e-4b59-b8a2-75b1198be8be/screenshot HTTP/1.1
User-Agent: selenium/4.1.2 (java windows)
Cache-Control: no-cache
Content-Type: application/json; charset=utf-8
host: localhost:64220
accept: */*

Response DefaultHttpResponse(decodeResult: success, version: HTTP/1.1)
HTTP/1.1 200 OK
content-type: application/json; charset=utf-8
cache-control: no-cache
date: Sun, 09 Apr 2023 12:38:43 GMT
content-length: 233852

19:38:43.905 [AsyncHttpClient-1-6] DEBUG org.asynchttpclient.netty.channel.ChannelManager - Adding key: http://localhost:64220 for channel [id: 0x911245bc, L:/127.0.0.1:57132 - R:localhost/127.0.0.1:64220]
19:38:43.913 [main] DEBUG net.serenitybdd.core.photography.Darkroom - Send negative for processing for target\site\serenity\5ac8f825011595e3ab2b433d32a22da1cc7513587c6b31e98b9ff0ec0141c1f6.png
19:38:43.914 [Darkroom Processing Line] DEBUG net.serenitybdd.core.photography.DarkroomProcessingLine - Processing screenshot image in /var/screenshots/screenshot-12844763223788021906
19:38:43.914 [Darkroom Processing Line] DEBUG net.serenitybdd.core.photography.DarkroomProcessingLine - Saving screenshot to target\site\serenity\5ac8f825011595e3ab2b433d32a22da1cc7513587c6b31e98b9ff0ec0141c1f6.png
19:38:43.924 [Forwarding findElement on session d2016832-389e-4b59-b8a2-75b1198be8be to remote] DEBUG org.asynchttpclient.netty.request.NettyRequestSender - Using pooled Channel '[id: 0x911245bc, L:/127.0.0.1:57132 - R:localhost/127.0.0.1:64220]' for 'POST' to 'http://localhost:64220/session/d2016832-389e-4b59-b8a2-75b1198be8be/element'
19:38:43.924 [Forwarding findElement on session d2016832-389e-4b59-b8a2-75b1198be8be to remote] DEBUG org.asynchttpclient.netty.request.NettyRequestSender - Using open Channel [id: 0x911245bc, L:/127.0.0.1:57132 - R:localhost/127.0.0.1:64220] for POST '/session/d2016832-389e-4b59-b8a2-75b1198be8be/element'
19:38:43.928 [AsyncHttpClient-1-6] DEBUG org.asynchttpclient.netty.handler.HttpHandler - 

Request DefaultHttpRequest(decodeResult: success, version: HTTP/1.1)
POST /session/d2016832-389e-4b59-b8a2-75b1198be8be/element HTTP/1.1
User-Agent: selenium/4.1.2 (java windows)
Content-Length: 97
Content-Type: application/json; charset=utf-8
host: localhost:64220
accept: */*

Response DefaultHttpResponse(decodeResult: success, version: HTTP/1.1)
HTTP/1.1 200 OK
content-type: application/json; charset=utf-8
cache-control: no-cache
date: Sun, 09 Apr 2023 12:38:43 GMT
content-length: 88

19:38:43.928 [AsyncHttpClient-1-6] DEBUG org.asynchttpclient.netty.channel.ChannelManager - Adding key: http://localhost:64220 for channel [id: 0x911245bc, L:/127.0.0.1:57132 - R:localhost/127.0.0.1:64220]
19:38:43.933 [Forwarding isElementDisplayed on session d2016832-389e-4b59-b8a2-75b1198be8be to remote] DEBUG org.asynchttpclient.netty.request.NettyRequestSender - Using pooled Channel '[id: 0x911245bc, L:/127.0.0.1:57132 - R:localhost/127.0.0.1:64220]' for 'POST' to 'http://localhost:64220/session/d2016832-389e-4b59-b8a2-75b1198be8be/execute/sync'
19:38:43.933 [Forwarding isElementDisplayed on session d2016832-389e-4b59-b8a2-75b1198be8be to remote] DEBUG org.asynchttpclient.netty.request.NettyRequestSender - Using open Channel [id: 0x911245bc, L:/127.0.0.1:57132 - R:localhost/127.0.0.1:64220] for POST '/session/d2016832-389e-4b59-b8a2-75b1198be8be/execute/sync'
19:38:43.954 [AsyncHttpClient-1-6] DEBUG org.asynchttpclient.netty.handler.HttpHandler - 

Request DefaultHttpRequest(decodeResult: success, version: HTTP/1.1)
POST /session/d2016832-389e-4b59-b8a2-75b1198be8be/execute/sync HTTP/1.1
User-Agent: selenium/4.1.2 (java windows)
Content-Length: 48780
Content-Type: application/json; charset=utf-8
host: localhost:64220
accept: */*

Response DefaultHttpResponse(decodeResult: success, version: HTTP/1.1)
HTTP/1.1 200 OK
content-type: application/json; charset=utf-8
cache-control: no-cache
date: Sun, 09 Apr 2023 12:38:43 GMT
content-length: 14

19:38:43.954 [AsyncHttpClient-1-6] DEBUG org.asynchttpclient.netty.channel.ChannelManager - Adding key: http://localhost:64220 for channel [id: 0x911245bc, L:/127.0.0.1:57132 - R:localhost/127.0.0.1:64220]
  &amp#27;[32mAnd &amp#27;[0m&amp#27;[32mI &amp#27;[0m&amp#27;[32m&amp#27;[1m"txtPN1"&amp#27;[0m&amp#27;[32m page&amp#27;[0m                 &amp#27;[90m# starter.stepdefinitions.BabyStep.iPage(java.lang.String)&amp#27;[0m
19:38:43.965 [Driver Command Executor] DEBUG org.asynchttpclient.netty.request.NettyRequestSender - Using pooled Channel '[id: 0x911245bc, L:/127.0.0.1:57132 - R:localhost/127.0.0.1:64220]' for 'DELETE' to 'http://localhost:64220/session/d2016832-389e-4b59-b8a2-75b1198be8be'
19:38:43.966 [Driver Command Executor] DEBUG org.asynchttpclient.netty.request.NettyRequestSender - Using open Channel [id: 0x911245bc, L:/127.0.0.1:57132 - R:localhost/127.0.0.1:64220] for DELETE '/session/d2016832-389e-4b59-b8a2-75b1198be8be'
19:38:45.112 [AsyncHttpClient-1-6] DEBUG org.asynchttpclient.netty.handler.HttpHandler - 

Request DefaultFullHttpRequest(decodeResult: success, version: HTTP/1.1, content: EmptyByteBufBE)
DELETE /session/d2016832-389e-4b59-b8a2-75b1198be8be HTTP/1.1
User-Agent: selenium/4.1.2 (java windows)
Content-Type: application/json; charset=utf-8
host: localhost:64220
accept: */*

Response DefaultHttpResponse(decodeResult: success, version: HTTP/1.1)
HTTP/1.1 200 OK
content-type: application/json; charset=utf-8
cache-control: no-cache
date: Sun, 09 Apr 2023 12:38:43 GMT
content-length: 14

19:38:45.112 [AsyncHttpClient-1-6] DEBUG org.asynchttpclient.netty.channel.ChannelManager - Adding key: http://localhost:64220 for channel [id: 0x911245bc, L:/127.0.0.1:57132 - R:localhost/127.0.0.1:64220]
19:38:45.114 [AsyncHttpClient-1-6] DEBUG org.asynchttpclient.netty.handler.HttpHandler - Unexpected I/O exception on channel [id: 0x911245bc, L:/127.0.0.1:57132 - R:localhost/127.0.0.1:64220]
java.net.SocketException: Connection reset
	at java.base/sun.nio.ch.SocketChannelImpl.throwConnectionReset(SocketChannelImpl.java:345)
	at java.base/sun.nio.ch.SocketChannelImpl.read(SocketChannelImpl.java:376)
	at io.netty.buffer.PooledByteBuf.setBytes(PooledByteBuf.java:258)
	at io.netty.buffer.AbstractByteBuf.writeBytes(AbstractByteBuf.java:1132)
	at io.netty.channel.socket.nio.NioSocketChannel.doReadBytes(NioSocketChannel.java:350)
	at io.netty.channel.nio.AbstractNioByteChannel$NioByteUnsafe.read(AbstractNioByteChannel.java:151)
	at io.netty.channel.nio.NioEventLoop.processSelectedKey(NioEventLoop.java:722)
	at io.netty.channel.nio.NioEventLoop.processSelectedKeysOptimized(NioEventLoop.java:658)
	at io.netty.channel.nio.NioEventLoop.processSelectedKeys(NioEventLoop.java:584)
	at io.netty.channel.nio.NioEventLoop.run(NioEventLoop.java:496)
	at io.netty.util.concurrent.SingleThreadEventExecutor$4.run(SingleThreadEventExecutor.java:986)
	at io.netty.util.internal.ThreadExecutorMap$2.run(ThreadExecutorMap.java:74)
	at io.netty.util.concurrent.FastThreadLocalRunnable.run(FastThreadLocalRunnable.java:30)
	at java.base/java.lang.Thread.run(Thread.java:830)
19:38:45.114 [AsyncHttpClient-1-6] DEBUG org.asynchttpclient.netty.channel.ChannelManager - Closing Channel [id: 0x911245bc, L:/127.0.0.1:57132 - R:localhost/127.0.0.1:64220] 
19:38:45.114 [AsyncHttpClient-1-6] DEBUG org.asynchttpclient.netty.handler.HttpHandler - Channel Closed: [id: 0x911245bc, L:/127.0.0.1:57132 ! R:localhost/127.0.0.1:64220] with attribute DISCARD
19:38:45.169 [main] INFO  - 
  _____   ___   ___   _____     ___     _     ___   ___   ___   ___  
 |_   _| | __| / __| |_   _|   | _ \   /_\   / __| / __| | __| |   \ 
   | |   | _|  \__ \   | |     |  _/  / _ \  \__ \ \__ \ | _|  | |) |
   |_|   |___| |___/   |_|     |_|   /_/ \_\ |___/ |___/ |___| |___/ 

Fitur Menu Baby
----------------------------------------------------------------------
]]></system-out>
    <system-err><![CDATA[1681043915794	geckodriver	INFO	Listening on 127.0.0.1:64220
1681043916304	mozrunner::runner	INFO	Running command: "C:\\Program Files\\Mozilla Firefox\\firefox.exe" "--marionette" "" "--remote-debugging-port" "55793" "--remote-allow-hosts" "localhost" "-no-remote" "-profile" "C:\\Users\\alwi\\AppData\\Local\\Temp\\rust_mozprofile0yAl6L"
console.warn: services.settings: Ignoring preference override of remote settings server
console.warn: services.settings: Allow by setting MOZ_REMOTE_SETTINGS_DEVTOOLS=1 in the environment
1681043916657	Marionette	INFO	Marionette enabled
Dynamically enable window occlusion 0
1681043916662	Marionette	INFO	Listening on port 57136
WebDriver BiDi listening on ws://127.0.0.1:55793
Read port: 57136
1681043916898	RemoteAgent	WARN	TLS certificate errors will be ignored for this session
console.warn: SearchSettings: "get: No settings file exists, new profile?" (new NotFoundError("Could not open the file at C:\\Users\\alwi\\AppData\\Local\\Temp\\rust_mozprofile0yAl6L\\search.json.mozlz4", (void 0)))
DevTools listening on ws://127.0.0.1:55793/devtools/browser/19dad375-5b7f-4fb5-82fe-1b181cea3651
Apr 09, 2023 7:38:38 PM org.openqa.selenium.remote.ProtocolHandshake createSession
INFO: Detected dialect: W3C
JavaScript warning: https://www.uniqlo.com/oQfZRN8zACRR/OQ/-x_RMR-EGX/k95OLrhJQ5/OXl6GHI5AQ/PnUdVS/RrZQs, line 1: unreachable code after return statement
JavaScript warning: https://www.uniqlo.com/id/elgnisolqinu.js?async&seed=AECl_mWHAQAAhXleUcVgnU2eEowETsYZDsExG9MVfyypS8j2a8yO2N_NY-zV&x-i1ysm4mm--z=q, line 1: WEBGL_debug_renderer_info is deprecated in Firefox and will be removed. Please use RENDERER.
JavaScript warning: https://www.uniqlo.com/oQfZRN8zACRR/OQ/-x_RMR-EGX/k95OLrhJQ5/OXl6GHI5AQ/PnUdVS/RrZQs, line 1: WEBGL_debug_renderer_info is deprecated in Firefox and will be removed. Please use RENDERER.
1681043923968	Marionette	INFO	Stopped listening on port 57136
Dynamically enable window occlusion 1
WARNING: A blocker encountered an error while we were waiting.
          Blocker:  Waiting for ping task
          Phase: TelemetryController: Waiting for pending ping activity
          State: (none)
WARNING: Error: Phase "profile-before-change" is finished, it is too late to register completion condition "OS.File: flush I/O queued before profileBeforeChange"
WARNING: addBlocker@resource://gre/modules/AsyncShutdown.sys.mjs:727:15
addBlocker@resource://gre/modules/AsyncShutdown.sys.mjs:523:26
addBlocker@resource://gre/modules/AsyncShutdown.sys.mjs:458:15
setupShutdown@resource://gre/modules/osfile/osfile_async_front.jsm:1548:28
@resource://gre/modules/osfile/osfile_async_front.jsm:1568:16
@resource://gre/modules/osfile.jsm:12:30
@resource://gre/modules/TelemetryStorage.sys.mjs:10:28
_checkPendingPings@resource://gre/modules/TelemetrySend.sys.mjs:863:17
setup@resource://gre/modules/TelemetrySend.sys.mjs:803:18
setup@resource://gre/modules/TelemetrySend.sys.mjs:241:30
setupTelemetry/this._delayedInitTask<@resource://gre/modules/TelemetryControllerParent.sys.mjs:828:36
observe@resource://gre/modules/AsyncShutdown.sys.mjs:576:16

console.error: "TelemetryScheduler.shutdown - Already shut down"
WARNING: A blocker encountered an error while we were waiting.
          Blocker:  Waiting for ping task
          Phase: TelemetryController: Waiting for pending ping activity
          State: (none)
WARNING: Error: Phase "profile-before-change" is finished, it is too late to register completion condition "OS.File: flush I/O queued before profileBeforeChange"
WARNING: addBlocker@resource://gre/modules/AsyncShutdown.sys.mjs:727:15
addBlocker@resource://gre/modules/AsyncShutdown.sys.mjs:523:26
addBlocker@resource://gre/modules/AsyncShutdown.sys.mjs:458:15
setupShutdown@resource://gre/modules/osfile/osfile_async_front.jsm:1548:28
@resource://gre/modules/osfile/osfile_async_front.jsm:1568:16
@resource://gre/modules/osfile.jsm:12:30
@resource://gre/modules/TelemetryStorage.sys.mjs:10:28
_checkPendingPings@resource://gre/modules/TelemetrySend.sys.mjs:863:17
setup@resource://gre/modules/TelemetrySend.sys.mjs:803:18
setup@resource://gre/modules/TelemetrySend.sys.mjs:241:30
setupTelemetry/this._delayedInitTask<@resource://gre/modules/TelemetryControllerParent.sys.mjs:828:36
observe@resource://gre/modules/AsyncShutdown.sys.mjs:576:16

WARNING: A blocker encountered an error while we were waiting.
          Blocker:  Waiting for ping task
          Phase: TelemetryController: Waiting for pending ping activity
          State: (none)
WARNING: Error: Phase "profile-before-change" is finished, it is too late to register completion condition "OS.File: flush I/O queued before profileBeforeChange"
WARNING: addBlocker@resource://gre/modules/AsyncShutdown.sys.mjs:727:15
addBlocker@resource://gre/modules/AsyncShutdown.sys.mjs:523:26
addBlocker@resource://gre/modules/AsyncShutdown.sys.mjs:458:15
setupShutdown@resource://gre/modules/osfile/osfile_async_front.jsm:1548:28
@resource://gre/modules/osfile/osfile_async_front.jsm:1568:16
@resource://gre/modules/osfile.jsm:12:30
@resource://gre/modules/TelemetryStorage.sys.mjs:10:28
_checkPendingPings@resource://gre/modules/TelemetrySend.sys.mjs:863:17
setup@resource://gre/modules/TelemetrySend.sys.mjs:803:18
setup@resource://gre/modules/TelemetrySend.sys.mjs:241:30
setupTelemetry/this._delayedInitTask<@resource://gre/modules/TelemetryControllerParent.sys.mjs:828:36
observe@resource://gre/modules/AsyncShutdown.sys.mjs:576:16

WARNING: A blocker encountered an error while we were waiting.
          Blocker:  TelemetryController: shutting down
          Phase: profile-before-change-telemetry
          State: Error getting state: Error: Phase "profile-before-change" is finished, it is too late toJ registear vcoampSlectiorn icopndittio ne r"rOoS.rF:i lre:e sflouusrhc I/O queueed :b/e/fgorree /pmroodfuilleBeesf/oArseyChanngce"S hautt addodwBlnock.seys.rmj@sr,es oluirncee :7//gr2e/7m:o dEulrreors:/ AsPynhcSahusted ow"np.rsyosf.mijlse:7-2b7e:1f5or
aedd-Bclohcaknerg@ere"s oiusr cfein:i//grse/hmeoddu,l esi/Ats yincsS htuotdoo wn.lasytse .tmojs :r5e23g:i2s6t
aedrdB loccokmeprl@reetsiouornc e:c/o/gnrde/imtoiduolnes/Asyn c"SOhuSt.doFwin.lsey:s .mfjsl:u4s5h8 :I1/5O 
qsueetuuepdSh ubtedfoowrne@ rpersoofuriclee:B//egrfeo/rmodules/osfile/eosCfhile_asaynncg_ef"ro
nt.jsm:1548:28
@resourJcaev:a/S/cgrriep/mto deurlreosr/:o srfeisloeu/rocsef:i/l/eg_raesyn/cm_ofdruolnets./jAssmyn:c1Sh5u6t8:d1o6wn
.@sryess.omujrsc,e ://lgiren/em 7o2d7u:l Eersro/r:o sPfhaisle e".pjrosfmi:l1e2-:30b
@efroreseo-urcchea:n/ge" i/gsr ef/imnoisdhuelde,s i/tT eilesm teotor ylSattoer atgo er.esysg.imsjtse:r1 0c:o2m8pl
e_tchieockPne ndcionngdPiitnigosn@ r"esOoSu.rcFei:l//eg:r ef/mloudsulhe sI//TeOl emqeuteruyeSden bde.fsoyrs.em jsp:r863:1of7ile
Bseeftourpe@Crehsaonurgcee:"//g
rJe/amvoaduSlcersi/pTetl eemrerotr: ryrSeesnodu.rscyes:./mjs:803:18/g
rsee/tmuopd@urleess/oAusrycen:c/S/ghruet/dmoowdnul.essy/sT.emlejmse,t rylSiennde. s7y2s7.: mEjrs:241r:o3r0: 
Psheasteu p"pTreolfeimleet-breyf/orte-hcihasng._e"d eils afyineisdhIedn,i tiTta issk <to@or leastoeu rtcoe :r/eg/igsrtee/r mcodoumlpelse/tTeiloenm ectornydCiotnitorno l"OleSr.FPialree:n tf.lsusyhs .Im/jsO: q8ue2u8:3e6d 
boebfosreer ve@rpersoofuirlecBee:for/e/Cghraen/gmeo"d
uJlavesa/SAcsriypntcS heurrtodro: resource://gwren./msoydsu.lmejss/:A5syn7cS6h:u1t6do
wn
.WsAyRsNI.NGm:j sE,r rloirn:e  P7h2a7se:  "Eprrofriolre:- bPehfaosree -"cphranogfei"l ei-sb finieshfeodr,e -icth ainsg et"o o ilsa tfe itnoi srhegeids,t eir tc oimpsl ettioono  colnadtiet itoon  r"eOgSi.Filset:e rf lcuosmhp lIe/tOi oqn uecuoendd ibteifoon r"eO S.pFrioflilee:B effloursehC hIa/nOg eq"u
eWuAeRNd IbNeGf:o raed dpBrloofcilekBeefro@rerCehsoaunrgcee":/
/Jgarvea/Smcordiuplte se/rArsoyrn:cS hruetsdoourwcne.:/s/ygsr.em/js:m7o2d7:ul1e5s
/aAdsdyBnlcoSchkuetrd@orwne.sosuyrsc.em:j/s/, glrien/em o7d2u7l:e sE/rArsoyrn:c SPhhuatsedo w"n.psryosf.imljes-:b5e23f:o2r6e
-addBlcohacnkgeer"@ riess oufricnei:s//hgerde,/ miotd uilse st/oAos ylncaSthe utto droewgni.sstyesr.m js:4c5o8m:p1l5et
isoent ucpoSnhduittdioonw n"@OrSe.sFoiulrec:e :f//lgurseh/ Im/oOd uqlueesu/eods fiblee/foosrefi plreof_ialseyBnec_frfonotre.Chjasnmg:e1"548
:J2a8va
@Srcresioputr ceer:r/o/rg:r er/meosdouulrecse/:o/s/gfriel/em/oosfdiullee_sa/sAysnycn_cfSrhounttd.joswmn:.1s5ys6.8m:j1s,6 line 727: E
r@rroers:o uPrhcea:s/e/ g"rper/omfoidluel-ebse/fosofriel-ec.hjanges" mi:12:30
@resources: //fgirne/imsohdeudl,e si/tT eilse mtoeot rlyaStteo rtaog er.seygiss.tmejsr: 10:2c8o
m_pclheetckiPoenn dcionndgiPtiionng s@"rOeSs.File: flush I/O queued befoorurcee :p/r/ogfrie/lemoBedufloerse/CThealnegmee"tr
ySend.sys.mjs:863:17
setup@resource://gre/modules/TelemetrySend.sys.mjs:803:18
setup@resource://gre/modules/TelemetrySend.sys.mjs:241:30
setupTelemetry/this._delayedInitTask<@resource://gre/modules/TelemetryControllerParent.sys.mjs:828:36
observe@resource://gre/modules/AsyncShutdown.sys.mjs:576:16

]]></system-err>
  </testcase>
  <testcase name="Fitur Menu Baby #3" classname="Baby" time="8.795">
    <system-out><![CDATA[
@baby
Scenario Outline: Fitur Menu Baby &amp#27;[90m# src/test/resources/features/Baby.feature:15&amp#27;[0m
19:38:45.175 [main] INFO io.cucumber.core.plugin.SerenityReporter - Running feature from file:///C:/Users/alwi/IdeaProjects/uniqloweb/src/test/resources/features/Baby.feature
19:38:45.189 [main] INFO net.serenitybdd.core.webdriver.driverproviders.FirefoxDriverProvider - Using automatically driver download
19:38:45.295 [main] DEBUG io.github.bonigarcia.wdm.cache.ResolutionCache - Resolution firefox=111 in cache (valid until 20:30:50 09/04/2023 WIB)
19:38:45.301 [main] DEBUG io.github.bonigarcia.wdm.cache.ResolutionCache - Resolution firefox111=0.32.2 in cache (valid until 19:30:50 10/04/2023 WIB)
19:38:45.303 [main] INFO io.github.bonigarcia.wdm.WebDriverManager - Using geckodriver 0.32.2 (resolved driver for Firefox 111)
19:38:45.328 [main] DEBUG io.github.bonigarcia.wdm.WebDriverManager - Driver geckodriver 0.32.2 found in cache
19:38:45.329 [main] INFO io.github.bonigarcia.wdm.WebDriverManager - Exporting webdriver.gecko.driver as C:\Users\alwi\.cache\selenium\geckodriver\win64\0.32.2\geckodriver.exe
19:38:45.343 [main] DEBUG net.serenitybdd.core.webdriver.driverproviders.ProvideNewDriver - Instantiating driver
19:38:45.343 [main] DEBUG net.serenitybdd.core.webdriver.driverproviders.ProvideNewDriver - Driver capabilities: Capabilities {acceptInsecureCerts: true, browserName: firefox, moz:debuggerAddress: true, moz:firefoxOptions: {args: [], profile: UEsDBBQACAgIANaciVYAAAAAAAA...}}
19:38:45.624 [AsyncHttpClient-1-1] DEBUG org.asynchttpclient.netty.channel.DefaultChannelPool - Entry count for : http://localhost:64220 : 1
19:38:45.624 [AsyncHttpClient-1-1] DEBUG org.asynchttpclient.netty.channel.DefaultChannelPool - Adding Candidate expired Channel [id: 0x911245bc, L:/127.0.0.1:57132 ! R:localhost/127.0.0.1:64220] isIdleTimeoutExpired=false isRemotelyClosed=true isTtlExpired=false
19:38:45.624 [AsyncHttpClient-1-1] DEBUG org.asynchttpclient.netty.channel.DefaultChannelPool - Closing Idle Channel [id: 0x911245bc, L:/127.0.0.1:57132 ! R:localhost/127.0.0.1:64220]
19:38:45.624 [AsyncHttpClient-1-1] DEBUG org.asynchttpclient.netty.channel.DefaultChannelPool - Closed 1 connections out of 1 in 0 ms
19:38:45.883 [AsyncHttpClient-1-8] DEBUG org.asynchttpclient.netty.channel.NettyConnectListener - Using new Channel '[id: 0xe5415d31, L:/127.0.0.1:57214 - R:localhost/127.0.0.1:54655]' for 'POST' to '/session'
19:38:48.204 [AsyncHttpClient-1-8] DEBUG org.asynchttpclient.netty.handler.HttpHandler - 

Request DefaultHttpRequest(decodeResult: success, version: HTTP/1.1)
POST /session HTTP/1.1
User-Agent: selenium/4.1.2 (java windows)
Content-Length: 3673
Content-Type: application/json; charset=utf-8
host: localhost:54655
accept: */*

Response DefaultHttpResponse(decodeResult: success, version: HTTP/1.1)
HTTP/1.1 200 OK
content-type: application/json; charset=utf-8
cache-control: no-cache
date: Sun, 09 Apr 2023 12:38:45 GMT
content-length: 790

19:38:48.204 [AsyncHttpClient-1-8] DEBUG org.asynchttpclient.netty.channel.ChannelManager - Adding key: http://localhost:54655 for channel [id: 0xe5415d31, L:/127.0.0.1:57214 - R:localhost/127.0.0.1:54655]
19:38:48.215 [AsyncHttpClient-1-9] DEBUG org.asynchttpclient.netty.channel.NettyConnectListener - Using new Channel '[id: 0x6ea4af9c, L:/127.0.0.1:57229 - R:/127.0.0.1:56746]' for 'GET' to '/json/version'
19:38:48.222 [AsyncHttpClient-1-9] DEBUG org.asynchttpclient.netty.handler.HttpHandler - 

Request DefaultFullHttpRequest(decodeResult: success, version: HTTP/1.1, content: EmptyByteBufBE)
GET /json/version HTTP/1.1
User-Agent: selenium/4.1.2 (java windows)
host: 127.0.0.1:56746
accept: */*

Response DefaultHttpResponse(decodeResult: success, version: HTTP/1.1)
HTTP/1.1 200 OK
content-type: application/json
connection: close
server: httpd.js
date: Sun, 09 Apr 2023 12:38:48 GMT
content-length: 311

19:38:48.222 [AsyncHttpClient-1-9] DEBUG org.asynchttpclient.netty.channel.ChannelManager - Closing Channel [id: 0x6ea4af9c, L:/127.0.0.1:57229 - R:/127.0.0.1:56746] 
19:38:48.222 [AsyncHttpClient-1-9] DEBUG org.asynchttpclient.netty.handler.HttpHandler - Channel Closed: [id: 0x6ea4af9c, L:/127.0.0.1:57229 ! R:/127.0.0.1:56746] with attribute DISCARD
19:38:48.224 [Forwarding get on session b820532c-f91d-4c93-91c4-b8cb10841008 to remote] DEBUG org.asynchttpclient.netty.request.NettyRequestSender - Using pooled Channel '[id: 0xe5415d31, L:/127.0.0.1:57214 - R:localhost/127.0.0.1:54655]' for 'POST' to 'http://localhost:54655/session/b820532c-f91d-4c93-91c4-b8cb10841008/url'
19:38:48.224 [Forwarding get on session b820532c-f91d-4c93-91c4-b8cb10841008 to remote] DEBUG org.asynchttpclient.netty.request.NettyRequestSender - Using open Channel [id: 0xe5415d31, L:/127.0.0.1:57214 - R:localhost/127.0.0.1:54655] for POST '/session/b820532c-f91d-4c93-91c4-b8cb10841008/url'
19:38:50.115 [AsyncHttpClient-1-8] DEBUG org.asynchttpclient.netty.handler.HttpHandler - 

Request DefaultHttpRequest(decodeResult: success, version: HTTP/1.1)
POST /session/b820532c-f91d-4c93-91c4-b8cb10841008/url HTTP/1.1
User-Agent: selenium/4.1.2 (java windows)
Content-Length: 53
Content-Type: application/json; charset=utf-8
host: localhost:54655
accept: */*

Response DefaultHttpResponse(decodeResult: success, version: HTTP/1.1)
HTTP/1.1 200 OK
content-type: application/json; charset=utf-8
cache-control: no-cache
date: Sun, 09 Apr 2023 12:38:48 GMT
content-length: 14

19:38:50.115 [AsyncHttpClient-1-8] DEBUG org.asynchttpclient.netty.channel.ChannelManager - Adding key: http://localhost:54655 for channel [id: 0xe5415d31, L:/127.0.0.1:57214 - R:localhost/127.0.0.1:54655]
19:38:50.117 [Forwarding setTimeout on session b820532c-f91d-4c93-91c4-b8cb10841008 to remote] DEBUG org.asynchttpclient.netty.request.NettyRequestSender - Using pooled Channel '[id: 0xe5415d31, L:/127.0.0.1:57214 - R:localhost/127.0.0.1:54655]' for 'POST' to 'http://localhost:54655/session/b820532c-f91d-4c93-91c4-b8cb10841008/timeouts'
19:38:50.117 [Forwarding setTimeout on session b820532c-f91d-4c93-91c4-b8cb10841008 to remote] DEBUG org.asynchttpclient.netty.request.NettyRequestSender - Using open Channel [id: 0xe5415d31, L:/127.0.0.1:57214 - R:localhost/127.0.0.1:54655] for POST '/session/b820532c-f91d-4c93-91c4-b8cb10841008/timeouts'
19:38:50.123 [AsyncHttpClient-1-8] DEBUG org.asynchttpclient.netty.handler.HttpHandler - 

Request DefaultHttpRequest(decodeResult: success, version: HTTP/1.1)
POST /session/b820532c-f91d-4c93-91c4-b8cb10841008/timeouts HTTP/1.1
User-Agent: selenium/4.1.2 (java windows)
Content-Length: 22
Content-Type: application/json; charset=utf-8
host: localhost:54655
accept: */*

Response DefaultHttpResponse(decodeResult: success, version: HTTP/1.1)
HTTP/1.1 200 OK
content-type: application/json; charset=utf-8
cache-control: no-cache
date: Sun, 09 Apr 2023 12:38:50 GMT
content-length: 14

19:38:50.123 [AsyncHttpClient-1-8] DEBUG org.asynchttpclient.netty.channel.ChannelManager - Adding key: http://localhost:54655 for channel [id: 0xe5415d31, L:/127.0.0.1:57214 - R:localhost/127.0.0.1:54655]
19:38:50.127 [Forwarding getCurrentUrl on session b820532c-f91d-4c93-91c4-b8cb10841008 to remote] DEBUG org.asynchttpclient.netty.request.NettyRequestSender - Using pooled Channel '[id: 0xe5415d31, L:/127.0.0.1:57214 - R:localhost/127.0.0.1:54655]' for 'GET' to 'http://localhost:54655/session/b820532c-f91d-4c93-91c4-b8cb10841008/url'
19:38:50.127 [Forwarding getCurrentUrl on session b820532c-f91d-4c93-91c4-b8cb10841008 to remote] DEBUG org.asynchttpclient.netty.request.NettyRequestSender - Using open Channel [id: 0xe5415d31, L:/127.0.0.1:57214 - R:localhost/127.0.0.1:54655] for GET '/session/b820532c-f91d-4c93-91c4-b8cb10841008/url'
19:38:50.135 [AsyncHttpClient-1-8] DEBUG org.asynchttpclient.netty.handler.HttpHandler - 

Request DefaultFullHttpRequest(decodeResult: success, version: HTTP/1.1, content: EmptyByteBufBE)
GET /session/b820532c-f91d-4c93-91c4-b8cb10841008/url HTTP/1.1
User-Agent: selenium/4.1.2 (java windows)
Cache-Control: no-cache
Content-Type: application/json; charset=utf-8
host: localhost:54655
accept: */*

Response DefaultHttpResponse(decodeResult: success, version: HTTP/1.1)
HTTP/1.1 200 OK
content-type: application/json; charset=utf-8
cache-control: no-cache
date: Sun, 09 Apr 2023 12:38:50 GMT
content-length: 41

19:38:50.136 [AsyncHttpClient-1-8] DEBUG org.asynchttpclient.netty.channel.ChannelManager - Adding key: http://localhost:54655 for channel [id: 0xe5415d31, L:/127.0.0.1:57214 - R:localhost/127.0.0.1:54655]
  &amp#27;[32mGiven &amp#27;[0m&amp#27;[32mI am on the home page&amp#27;[0m     &amp#27;[90m# starter.stepdefinitions.BabyStep.iAmOnTheHomePage()&amp#27;[0m
19:38:50.141 [Forwarding screenshot on session b820532c-f91d-4c93-91c4-b8cb10841008 to remote] DEBUG org.asynchttpclient.netty.request.NettyRequestSender - Using pooled Channel '[id: 0xe5415d31, L:/127.0.0.1:57214 - R:localhost/127.0.0.1:54655]' for 'GET' to 'http://localhost:54655/session/b820532c-f91d-4c93-91c4-b8cb10841008/screenshot'
19:38:50.141 [Forwarding screenshot on session b820532c-f91d-4c93-91c4-b8cb10841008 to remote] DEBUG org.asynchttpclient.netty.request.NettyRequestSender - Using open Channel [id: 0xe5415d31, L:/127.0.0.1:57214 - R:localhost/127.0.0.1:54655] for GET '/session/b820532c-f91d-4c93-91c4-b8cb10841008/screenshot'
19:38:50.906 [AsyncHttpClient-1-8] DEBUG org.asynchttpclient.netty.handler.HttpHandler - 

Request DefaultFullHttpRequest(decodeResult: success, version: HTTP/1.1, content: EmptyByteBufBE)
GET /session/b820532c-f91d-4c93-91c4-b8cb10841008/screenshot HTTP/1.1
User-Agent: selenium/4.1.2 (java windows)
Cache-Control: no-cache
Content-Type: application/json; charset=utf-8
host: localhost:54655
accept: */*

Response DefaultHttpResponse(decodeResult: success, version: HTTP/1.1)
HTTP/1.1 200 OK
content-type: application/json; charset=utf-8
cache-control: no-cache
date: Sun, 09 Apr 2023 12:38:50 GMT
content-length: 344512

19:38:50.908 [AsyncHttpClient-1-8] DEBUG org.asynchttpclient.netty.channel.ChannelManager - Adding key: http://localhost:54655 for channel [id: 0xe5415d31, L:/127.0.0.1:57214 - R:localhost/127.0.0.1:54655]
19:38:50.930 [main] DEBUG net.serenitybdd.core.photography.Darkroom - Send negative for processing for target\site\serenity\585cb797ba8dacb5b076aa9d0dd817f079f8b4e8cdab118fe3d65d72dd2aeea2.png
19:38:50.931 [Darkroom Processing Line] DEBUG net.serenitybdd.core.photography.DarkroomProcessingLine - Processing screenshot image in /var/screenshots/screenshot-18339546294328417301
19:38:50.931 [Darkroom Processing Line] DEBUG net.serenitybdd.core.photography.DarkroomProcessingLine - Saving screenshot to target\site\serenity\585cb797ba8dacb5b076aa9d0dd817f079f8b4e8cdab118fe3d65d72dd2aeea2.png
19:38:50.943 [Forwarding findElement on session b820532c-f91d-4c93-91c4-b8cb10841008 to remote] DEBUG org.asynchttpclient.netty.request.NettyRequestSender - Using pooled Channel '[id: 0xe5415d31, L:/127.0.0.1:57214 - R:localhost/127.0.0.1:54655]' for 'POST' to 'http://localhost:54655/session/b820532c-f91d-4c93-91c4-b8cb10841008/element'
19:38:50.943 [Forwarding findElement on session b820532c-f91d-4c93-91c4-b8cb10841008 to remote] DEBUG org.asynchttpclient.netty.request.NettyRequestSender - Using open Channel [id: 0xe5415d31, L:/127.0.0.1:57214 - R:localhost/127.0.0.1:54655] for POST '/session/b820532c-f91d-4c93-91c4-b8cb10841008/element'
19:38:51.053 [AsyncHttpClient-1-8] DEBUG org.asynchttpclient.netty.handler.HttpHandler - 

Request DefaultHttpRequest(decodeResult: success, version: HTTP/1.1)
POST /session/b820532c-f91d-4c93-91c4-b8cb10841008/element HTTP/1.1
User-Agent: selenium/4.1.2 (java windows)
Content-Length: 81
Content-Type: application/json; charset=utf-8
host: localhost:54655
accept: */*

Response DefaultHttpResponse(decodeResult: success, version: HTTP/1.1)
HTTP/1.1 200 OK
content-type: application/json; charset=utf-8
cache-control: no-cache
date: Sun, 09 Apr 2023 12:38:50 GMT
content-length: 88

19:38:51.053 [AsyncHttpClient-1-8] DEBUG org.asynchttpclient.netty.channel.ChannelManager - Adding key: http://localhost:54655 for channel [id: 0xe5415d31, L:/127.0.0.1:57214 - R:localhost/127.0.0.1:54655]
19:38:51.055 [Forwarding getElementTagName on session b820532c-f91d-4c93-91c4-b8cb10841008 to remote] DEBUG org.asynchttpclient.netty.request.NettyRequestSender - Using pooled Channel '[id: 0xe5415d31, L:/127.0.0.1:57214 - R:localhost/127.0.0.1:54655]' for 'GET' to 'http://localhost:54655/session/b820532c-f91d-4c93-91c4-b8cb10841008/element/fa613c57-2c64-4e8b-b71c-a0ffa128f0f1/name'
19:38:51.055 [Forwarding getElementTagName on session b820532c-f91d-4c93-91c4-b8cb10841008 to remote] DEBUG org.asynchttpclient.netty.request.NettyRequestSender - Using open Channel [id: 0xe5415d31, L:/127.0.0.1:57214 - R:localhost/127.0.0.1:54655] for GET '/session/b820532c-f91d-4c93-91c4-b8cb10841008/element/fa613c57-2c64-4e8b-b71c-a0ffa128f0f1/name'
19:38:51.103 [AsyncHttpClient-1-8] DEBUG org.asynchttpclient.netty.handler.HttpHandler - 

Request DefaultFullHttpRequest(decodeResult: success, version: HTTP/1.1, content: EmptyByteBufBE)
GET /session/b820532c-f91d-4c93-91c4-b8cb10841008/element/fa613c57-2c64-4e8b-b71c-a0ffa128f0f1/name HTTP/1.1
User-Agent: selenium/4.1.2 (java windows)
Cache-Control: no-cache
Content-Type: application/json; charset=utf-8
host: localhost:54655
accept: */*

Response DefaultHttpResponse(decodeResult: success, version: HTTP/1.1)
HTTP/1.1 200 OK
content-type: application/json; charset=utf-8
cache-control: no-cache
date: Sun, 09 Apr 2023 12:38:50 GMT
content-length: 16

19:38:51.103 [AsyncHttpClient-1-8] DEBUG org.asynchttpclient.netty.channel.ChannelManager - Adding key: http://localhost:54655 for channel [id: 0xe5415d31, L:/127.0.0.1:57214 - R:localhost/127.0.0.1:54655]
19:38:51.105 [Forwarding getElementTagName on session b820532c-f91d-4c93-91c4-b8cb10841008 to remote] DEBUG org.asynchttpclient.netty.request.NettyRequestSender - Using pooled Channel '[id: 0xe5415d31, L:/127.0.0.1:57214 - R:localhost/127.0.0.1:54655]' for 'GET' to 'http://localhost:54655/session/b820532c-f91d-4c93-91c4-b8cb10841008/element/fa613c57-2c64-4e8b-b71c-a0ffa128f0f1/name'
19:38:51.105 [Forwarding getElementTagName on session b820532c-f91d-4c93-91c4-b8cb10841008 to remote] DEBUG org.asynchttpclient.netty.request.NettyRequestSender - Using open Channel [id: 0xe5415d31, L:/127.0.0.1:57214 - R:localhost/127.0.0.1:54655] for GET '/session/b820532c-f91d-4c93-91c4-b8cb10841008/element/fa613c57-2c64-4e8b-b71c-a0ffa128f0f1/name'
19:38:51.152 [AsyncHttpClient-1-8] DEBUG org.asynchttpclient.netty.handler.HttpHandler - 

Request DefaultFullHttpRequest(decodeResult: success, version: HTTP/1.1, content: EmptyByteBufBE)
GET /session/b820532c-f91d-4c93-91c4-b8cb10841008/element/fa613c57-2c64-4e8b-b71c-a0ffa128f0f1/name HTTP/1.1
User-Agent: selenium/4.1.2 (java windows)
Cache-Control: no-cache
Content-Type: application/json; charset=utf-8
host: localhost:54655
accept: */*

Response DefaultHttpResponse(decodeResult: success, version: HTTP/1.1)
HTTP/1.1 200 OK
content-type: application/json; charset=utf-8
cache-control: no-cache
date: Sun, 09 Apr 2023 12:38:50 GMT
content-length: 16

19:38:51.152 [AsyncHttpClient-1-8] DEBUG org.asynchttpclient.netty.channel.ChannelManager - Adding key: http://localhost:54655 for channel [id: 0xe5415d31, L:/127.0.0.1:57214 - R:localhost/127.0.0.1:54655]
19:38:51.155 [Forwarding findElement on session b820532c-f91d-4c93-91c4-b8cb10841008 to remote] DEBUG org.asynchttpclient.netty.request.NettyRequestSender - Using pooled Channel '[id: 0xe5415d31, L:/127.0.0.1:57214 - R:localhost/127.0.0.1:54655]' for 'POST' to 'http://localhost:54655/session/b820532c-f91d-4c93-91c4-b8cb10841008/element'
19:38:51.155 [Forwarding findElement on session b820532c-f91d-4c93-91c4-b8cb10841008 to remote] DEBUG org.asynchttpclient.netty.request.NettyRequestSender - Using open Channel [id: 0xe5415d31, L:/127.0.0.1:57214 - R:localhost/127.0.0.1:54655] for POST '/session/b820532c-f91d-4c93-91c4-b8cb10841008/element'
19:38:51.220 [AsyncHttpClient-1-8] DEBUG org.asynchttpclient.netty.handler.HttpHandler - 

Request DefaultHttpRequest(decodeResult: success, version: HTTP/1.1)
POST /session/b820532c-f91d-4c93-91c4-b8cb10841008/element HTTP/1.1
User-Agent: selenium/4.1.2 (java windows)
Content-Length: 81
Content-Type: application/json; charset=utf-8
host: localhost:54655
accept: */*

Response DefaultHttpResponse(decodeResult: success, version: HTTP/1.1)
HTTP/1.1 200 OK
content-type: application/json; charset=utf-8
cache-control: no-cache
date: Sun, 09 Apr 2023 12:38:51 GMT
content-length: 88

19:38:51.220 [AsyncHttpClient-1-8] DEBUG org.asynchttpclient.netty.channel.ChannelManager - Adding key: http://localhost:54655 for channel [id: 0xe5415d31, L:/127.0.0.1:57214 - R:localhost/127.0.0.1:54655]
19:38:51.223 [Forwarding clickElement on session b820532c-f91d-4c93-91c4-b8cb10841008 to remote] DEBUG org.asynchttpclient.netty.request.NettyRequestSender - Using pooled Channel '[id: 0xe5415d31, L:/127.0.0.1:57214 - R:localhost/127.0.0.1:54655]' for 'POST' to 'http://localhost:54655/session/b820532c-f91d-4c93-91c4-b8cb10841008/element/fa613c57-2c64-4e8b-b71c-a0ffa128f0f1/click'
19:38:51.223 [Forwarding clickElement on session b820532c-f91d-4c93-91c4-b8cb10841008 to remote] DEBUG org.asynchttpclient.netty.request.NettyRequestSender - Using open Channel [id: 0xe5415d31, L:/127.0.0.1:57214 - R:localhost/127.0.0.1:54655] for POST '/session/b820532c-f91d-4c93-91c4-b8cb10841008/element/fa613c57-2c64-4e8b-b71c-a0ffa128f0f1/click'
19:38:51.875 [AsyncHttpClient-1-8] DEBUG org.asynchttpclient.netty.handler.HttpHandler - 

Request DefaultHttpRequest(decodeResult: success, version: HTTP/1.1)
POST /session/b820532c-f91d-4c93-91c4-b8cb10841008/element/fa613c57-2c64-4e8b-b71c-a0ffa128f0f1/click HTTP/1.1
User-Agent: selenium/4.1.2 (java windows)
Content-Length: 50
Content-Type: application/json; charset=utf-8
host: localhost:54655
accept: */*

Response DefaultHttpResponse(decodeResult: success, version: HTTP/1.1)
HTTP/1.1 200 OK
content-type: application/json; charset=utf-8
cache-control: no-cache
date: Sun, 09 Apr 2023 12:38:51 GMT
content-length: 14

19:38:51.875 [AsyncHttpClient-1-8] DEBUG org.asynchttpclient.netty.channel.ChannelManager - Adding key: http://localhost:54655 for channel [id: 0xe5415d31, L:/127.0.0.1:57214 - R:localhost/127.0.0.1:54655]
  &amp#27;[32mThen &amp#27;[0m&amp#27;[32mI click baby on the header&amp#27;[0m &amp#27;[90m# starter.stepdefinitions.BabyStep.iClickBabyOnTheHeader()&amp#27;[0m
19:38:51.886 [Forwarding screenshot on session b820532c-f91d-4c93-91c4-b8cb10841008 to remote] DEBUG org.asynchttpclient.netty.request.NettyRequestSender - Using pooled Channel '[id: 0xe5415d31, L:/127.0.0.1:57214 - R:localhost/127.0.0.1:54655]' for 'GET' to 'http://localhost:54655/session/b820532c-f91d-4c93-91c4-b8cb10841008/screenshot'
19:38:51.886 [Forwarding screenshot on session b820532c-f91d-4c93-91c4-b8cb10841008 to remote] DEBUG org.asynchttpclient.netty.request.NettyRequestSender - Using open Channel [id: 0xe5415d31, L:/127.0.0.1:57214 - R:localhost/127.0.0.1:54655] for GET '/session/b820532c-f91d-4c93-91c4-b8cb10841008/screenshot'
19:38:52.056 [AsyncHttpClient-1-8] DEBUG org.asynchttpclient.netty.handler.HttpHandler - 

Request DefaultFullHttpRequest(decodeResult: success, version: HTTP/1.1, content: EmptyByteBufBE)
GET /session/b820532c-f91d-4c93-91c4-b8cb10841008/screenshot HTTP/1.1
User-Agent: selenium/4.1.2 (java windows)
Cache-Control: no-cache
Content-Type: application/json; charset=utf-8
host: localhost:54655
accept: */*

Response DefaultHttpResponse(decodeResult: success, version: HTTP/1.1)
HTTP/1.1 200 OK
content-type: application/json; charset=utf-8
cache-control: no-cache
date: Sun, 09 Apr 2023 12:38:51 GMT
content-length: 97704

19:38:52.057 [AsyncHttpClient-1-8] DEBUG org.asynchttpclient.netty.channel.ChannelManager - Adding key: http://localhost:54655 for channel [id: 0xe5415d31, L:/127.0.0.1:57214 - R:localhost/127.0.0.1:54655]
19:38:52.067 [main] DEBUG net.serenitybdd.core.photography.Darkroom - Send negative for processing for target\site\serenity\66b6c36882ee139b37bfb4c7247c94e47a63d691adb517019fb43c32e302af44.png
19:38:52.067 [Darkroom Processing Line] DEBUG net.serenitybdd.core.photography.DarkroomProcessingLine - Processing screenshot image in /var/screenshots/screenshot-8966061515226056422
19:38:52.067 [Darkroom Processing Line] DEBUG net.serenitybdd.core.photography.DarkroomProcessingLine - Saving screenshot to target\site\serenity\66b6c36882ee139b37bfb4c7247c94e47a63d691adb517019fb43c32e302af44.png
19:38:52.085 [Forwarding findElement on session b820532c-f91d-4c93-91c4-b8cb10841008 to remote] DEBUG org.asynchttpclient.netty.request.NettyRequestSender - Using pooled Channel '[id: 0xe5415d31, L:/127.0.0.1:57214 - R:localhost/127.0.0.1:54655]' for 'POST' to 'http://localhost:54655/session/b820532c-f91d-4c93-91c4-b8cb10841008/element'
19:38:52.085 [Forwarding findElement on session b820532c-f91d-4c93-91c4-b8cb10841008 to remote] DEBUG org.asynchttpclient.netty.request.NettyRequestSender - Using open Channel [id: 0xe5415d31, L:/127.0.0.1:57214 - R:localhost/127.0.0.1:54655] for POST '/session/b820532c-f91d-4c93-91c4-b8cb10841008/element'
19:38:52.111 [AsyncHttpClient-1-8] DEBUG org.asynchttpclient.netty.handler.HttpHandler - 

Request DefaultHttpRequest(decodeResult: success, version: HTTP/1.1)
POST /session/b820532c-f91d-4c93-91c4-b8cb10841008/element HTTP/1.1
User-Agent: selenium/4.1.2 (java windows)
Content-Length: 107
Content-Type: application/json; charset=utf-8
host: localhost:54655
accept: */*

Response DefaultHttpResponse(decodeResult: success, version: HTTP/1.1)
HTTP/1.1 200 OK
content-type: application/json; charset=utf-8
cache-control: no-cache
date: Sun, 09 Apr 2023 12:38:51 GMT
content-length: 88

19:38:52.111 [AsyncHttpClient-1-8] DEBUG org.asynchttpclient.netty.channel.ChannelManager - Adding key: http://localhost:54655 for channel [id: 0xe5415d31, L:/127.0.0.1:57214 - R:localhost/127.0.0.1:54655]
19:38:52.115 [Forwarding getElementTagName on session b820532c-f91d-4c93-91c4-b8cb10841008 to remote] DEBUG org.asynchttpclient.netty.request.NettyRequestSender - Using pooled Channel '[id: 0xe5415d31, L:/127.0.0.1:57214 - R:localhost/127.0.0.1:54655]' for 'GET' to 'http://localhost:54655/session/b820532c-f91d-4c93-91c4-b8cb10841008/element/667113a1-361b-440c-a5d0-a0955fbf085c/name'
19:38:52.115 [Forwarding getElementTagName on session b820532c-f91d-4c93-91c4-b8cb10841008 to remote] DEBUG org.asynchttpclient.netty.request.NettyRequestSender - Using open Channel [id: 0xe5415d31, L:/127.0.0.1:57214 - R:localhost/127.0.0.1:54655] for GET '/session/b820532c-f91d-4c93-91c4-b8cb10841008/element/667113a1-361b-440c-a5d0-a0955fbf085c/name'
19:38:52.156 [AsyncHttpClient-1-8] DEBUG org.asynchttpclient.netty.handler.HttpHandler - 

Request DefaultFullHttpRequest(decodeResult: success, version: HTTP/1.1, content: EmptyByteBufBE)
GET /session/b820532c-f91d-4c93-91c4-b8cb10841008/element/667113a1-361b-440c-a5d0-a0955fbf085c/name HTTP/1.1
User-Agent: selenium/4.1.2 (java windows)
Cache-Control: no-cache
Content-Type: application/json; charset=utf-8
host: localhost:54655
accept: */*

Response DefaultHttpResponse(decodeResult: success, version: HTTP/1.1)
HTTP/1.1 200 OK
content-type: application/json; charset=utf-8
cache-control: no-cache
date: Sun, 09 Apr 2023 12:38:51 GMT
content-length: 16

19:38:52.156 [AsyncHttpClient-1-8] DEBUG org.asynchttpclient.netty.channel.ChannelManager - Adding key: http://localhost:54655 for channel [id: 0xe5415d31, L:/127.0.0.1:57214 - R:localhost/127.0.0.1:54655]
19:38:52.158 [Forwarding getElementTagName on session b820532c-f91d-4c93-91c4-b8cb10841008 to remote] DEBUG org.asynchttpclient.netty.request.NettyRequestSender - Using pooled Channel '[id: 0xe5415d31, L:/127.0.0.1:57214 - R:localhost/127.0.0.1:54655]' for 'GET' to 'http://localhost:54655/session/b820532c-f91d-4c93-91c4-b8cb10841008/element/667113a1-361b-440c-a5d0-a0955fbf085c/name'
19:38:52.158 [Forwarding getElementTagName on session b820532c-f91d-4c93-91c4-b8cb10841008 to remote] DEBUG org.asynchttpclient.netty.request.NettyRequestSender - Using open Channel [id: 0xe5415d31, L:/127.0.0.1:57214 - R:localhost/127.0.0.1:54655] for GET '/session/b820532c-f91d-4c93-91c4-b8cb10841008/element/667113a1-361b-440c-a5d0-a0955fbf085c/name'
19:38:52.163 [AsyncHttpClient-1-8] DEBUG org.asynchttpclient.netty.handler.HttpHandler - 

Request DefaultFullHttpRequest(decodeResult: success, version: HTTP/1.1, content: EmptyByteBufBE)
GET /session/b820532c-f91d-4c93-91c4-b8cb10841008/element/667113a1-361b-440c-a5d0-a0955fbf085c/name HTTP/1.1
User-Agent: selenium/4.1.2 (java windows)
Cache-Control: no-cache
Content-Type: application/json; charset=utf-8
host: localhost:54655
accept: */*

Response DefaultHttpResponse(decodeResult: success, version: HTTP/1.1)
HTTP/1.1 200 OK
content-type: application/json; charset=utf-8
cache-control: no-cache
date: Sun, 09 Apr 2023 12:38:52 GMT
content-length: 16

19:38:52.163 [AsyncHttpClient-1-8] DEBUG org.asynchttpclient.netty.channel.ChannelManager - Adding key: http://localhost:54655 for channel [id: 0xe5415d31, L:/127.0.0.1:57214 - R:localhost/127.0.0.1:54655]
19:38:52.166 [Forwarding findElement on session b820532c-f91d-4c93-91c4-b8cb10841008 to remote] DEBUG org.asynchttpclient.netty.request.NettyRequestSender - Using pooled Channel '[id: 0xe5415d31, L:/127.0.0.1:57214 - R:localhost/127.0.0.1:54655]' for 'POST' to 'http://localhost:54655/session/b820532c-f91d-4c93-91c4-b8cb10841008/element'
19:38:52.166 [Forwarding findElement on session b820532c-f91d-4c93-91c4-b8cb10841008 to remote] DEBUG org.asynchttpclient.netty.request.NettyRequestSender - Using open Channel [id: 0xe5415d31, L:/127.0.0.1:57214 - R:localhost/127.0.0.1:54655] for POST '/session/b820532c-f91d-4c93-91c4-b8cb10841008/element'
19:38:52.328 [AsyncHttpClient-1-8] DEBUG org.asynchttpclient.netty.handler.HttpHandler - 

Request DefaultHttpRequest(decodeResult: success, version: HTTP/1.1)
POST /session/b820532c-f91d-4c93-91c4-b8cb10841008/element HTTP/1.1
User-Agent: selenium/4.1.2 (java windows)
Content-Length: 107
Content-Type: application/json; charset=utf-8
host: localhost:54655
accept: */*

Response DefaultHttpResponse(decodeResult: success, version: HTTP/1.1)
HTTP/1.1 200 OK
content-type: application/json; charset=utf-8
cache-control: no-cache
date: Sun, 09 Apr 2023 12:38:52 GMT
content-length: 88

19:38:52.329 [AsyncHttpClient-1-8] DEBUG org.asynchttpclient.netty.channel.ChannelManager - Adding key: http://localhost:54655 for channel [id: 0xe5415d31, L:/127.0.0.1:57214 - R:localhost/127.0.0.1:54655]
19:38:52.330 [Forwarding clickElement on session b820532c-f91d-4c93-91c4-b8cb10841008 to remote] DEBUG org.asynchttpclient.netty.request.NettyRequestSender - Using pooled Channel '[id: 0xe5415d31, L:/127.0.0.1:57214 - R:localhost/127.0.0.1:54655]' for 'POST' to 'http://localhost:54655/session/b820532c-f91d-4c93-91c4-b8cb10841008/element/667113a1-361b-440c-a5d0-a0955fbf085c/click'
19:38:52.331 [Forwarding clickElement on session b820532c-f91d-4c93-91c4-b8cb10841008 to remote] DEBUG org.asynchttpclient.netty.request.NettyRequestSender - Using open Channel [id: 0xe5415d31, L:/127.0.0.1:57214 - R:localhost/127.0.0.1:54655] for POST '/session/b820532c-f91d-4c93-91c4-b8cb10841008/element/667113a1-361b-440c-a5d0-a0955fbf085c/click'
19:38:52.776 [AsyncHttpClient-1-8] DEBUG org.asynchttpclient.netty.handler.HttpHandler - 

Request DefaultHttpRequest(decodeResult: success, version: HTTP/1.1)
POST /session/b820532c-f91d-4c93-91c4-b8cb10841008/element/667113a1-361b-440c-a5d0-a0955fbf085c/click HTTP/1.1
User-Agent: selenium/4.1.2 (java windows)
Content-Length: 50
Content-Type: application/json; charset=utf-8
host: localhost:54655
accept: */*

Response DefaultHttpResponse(decodeResult: success, version: HTTP/1.1)
HTTP/1.1 200 OK
content-type: application/json; charset=utf-8
cache-control: no-cache
date: Sun, 09 Apr 2023 12:38:52 GMT
content-length: 14

19:38:52.776 [AsyncHttpClient-1-8] DEBUG org.asynchttpclient.netty.channel.ChannelManager - Adding key: http://localhost:54655 for channel [id: 0xe5415d31, L:/127.0.0.1:57214 - R:localhost/127.0.0.1:54655]
  &amp#27;[32mWhen &amp#27;[0m&amp#27;[32mI will go to &amp#27;[0m&amp#27;[32m&amp#27;[1m"aksesoris1"&amp#27;[0m  &amp#27;[90m# starter.stepdefinitions.BabyStep.iWillGoTo(java.lang.String)&amp#27;[0m
19:38:52.785 [Forwarding screenshot on session b820532c-f91d-4c93-91c4-b8cb10841008 to remote] DEBUG org.asynchttpclient.netty.request.NettyRequestSender - Using pooled Channel '[id: 0xe5415d31, L:/127.0.0.1:57214 - R:localhost/127.0.0.1:54655]' for 'GET' to 'http://localhost:54655/session/b820532c-f91d-4c93-91c4-b8cb10841008/screenshot'
19:38:52.785 [Forwarding screenshot on session b820532c-f91d-4c93-91c4-b8cb10841008 to remote] DEBUG org.asynchttpclient.netty.request.NettyRequestSender - Using open Channel [id: 0xe5415d31, L:/127.0.0.1:57214 - R:localhost/127.0.0.1:54655] for GET '/session/b820532c-f91d-4c93-91c4-b8cb10841008/screenshot'
19:38:52.952 [AsyncHttpClient-1-8] DEBUG org.asynchttpclient.netty.handler.HttpHandler - 

Request DefaultFullHttpRequest(decodeResult: success, version: HTTP/1.1, content: EmptyByteBufBE)
GET /session/b820532c-f91d-4c93-91c4-b8cb10841008/screenshot HTTP/1.1
User-Agent: selenium/4.1.2 (java windows)
Cache-Control: no-cache
Content-Type: application/json; charset=utf-8
host: localhost:54655
accept: */*

Response DefaultHttpResponse(decodeResult: success, version: HTTP/1.1)
HTTP/1.1 200 OK
content-type: application/json; charset=utf-8
cache-control: no-cache
date: Sun, 09 Apr 2023 12:38:52 GMT
content-length: 76396

19:38:52.953 [AsyncHttpClient-1-8] DEBUG org.asynchttpclient.netty.channel.ChannelManager - Adding key: http://localhost:54655 for channel [id: 0xe5415d31, L:/127.0.0.1:57214 - R:localhost/127.0.0.1:54655]
19:38:52.958 [main] DEBUG net.serenitybdd.core.photography.Darkroom - Send negative for processing for target\site\serenity\5f160c28311594d4b50c6b78065dadbb80a54c64536f54bb2603caf0d02a6f5b.png
19:38:52.958 [Darkroom Processing Line] DEBUG net.serenitybdd.core.photography.DarkroomProcessingLine - Processing screenshot image in /var/screenshots/screenshot-8627637523540226929
19:38:52.958 [Darkroom Processing Line] DEBUG net.serenitybdd.core.photography.DarkroomProcessingLine - Saving screenshot to target\site\serenity\5f160c28311594d4b50c6b78065dadbb80a54c64536f54bb2603caf0d02a6f5b.png
19:38:52.966 [Forwarding findElement on session b820532c-f91d-4c93-91c4-b8cb10841008 to remote] DEBUG org.asynchttpclient.netty.request.NettyRequestSender - Using pooled Channel '[id: 0xe5415d31, L:/127.0.0.1:57214 - R:localhost/127.0.0.1:54655]' for 'POST' to 'http://localhost:54655/session/b820532c-f91d-4c93-91c4-b8cb10841008/element'
19:38:52.966 [Forwarding findElement on session b820532c-f91d-4c93-91c4-b8cb10841008 to remote] DEBUG org.asynchttpclient.netty.request.NettyRequestSender - Using open Channel [id: 0xe5415d31, L:/127.0.0.1:57214 - R:localhost/127.0.0.1:54655] for POST '/session/b820532c-f91d-4c93-91c4-b8cb10841008/element'
19:38:52.971 [AsyncHttpClient-1-8] DEBUG org.asynchttpclient.netty.handler.HttpHandler - 

Request DefaultHttpRequest(decodeResult: success, version: HTTP/1.1)
POST /session/b820532c-f91d-4c93-91c4-b8cb10841008/element HTTP/1.1
User-Agent: selenium/4.1.2 (java windows)
Content-Length: 91
Content-Type: application/json; charset=utf-8
host: localhost:54655
accept: */*

Response DefaultHttpResponse(decodeResult: success, version: HTTP/1.1)
HTTP/1.1 200 OK
content-type: application/json; charset=utf-8
cache-control: no-cache
date: Sun, 09 Apr 2023 12:38:52 GMT
content-length: 88

19:38:52.971 [AsyncHttpClient-1-8] DEBUG org.asynchttpclient.netty.channel.ChannelManager - Adding key: http://localhost:54655 for channel [id: 0xe5415d31, L:/127.0.0.1:57214 - R:localhost/127.0.0.1:54655]
19:38:52.976 [Forwarding isElementDisplayed on session b820532c-f91d-4c93-91c4-b8cb10841008 to remote] DEBUG org.asynchttpclient.netty.request.NettyRequestSender - Using pooled Channel '[id: 0xe5415d31, L:/127.0.0.1:57214 - R:localhost/127.0.0.1:54655]' for 'POST' to 'http://localhost:54655/session/b820532c-f91d-4c93-91c4-b8cb10841008/execute/sync'
19:38:52.976 [Forwarding isElementDisplayed on session b820532c-f91d-4c93-91c4-b8cb10841008 to remote] DEBUG org.asynchttpclient.netty.request.NettyRequestSender - Using open Channel [id: 0xe5415d31, L:/127.0.0.1:57214 - R:localhost/127.0.0.1:54655] for POST '/session/b820532c-f91d-4c93-91c4-b8cb10841008/execute/sync'
19:38:52.992 [AsyncHttpClient-1-8] DEBUG org.asynchttpclient.netty.handler.HttpHandler - 

Request DefaultHttpRequest(decodeResult: success, version: HTTP/1.1)
POST /session/b820532c-f91d-4c93-91c4-b8cb10841008/execute/sync HTTP/1.1
User-Agent: selenium/4.1.2 (java windows)
Content-Length: 48780
Content-Type: application/json; charset=utf-8
host: localhost:54655
accept: */*

Response DefaultHttpResponse(decodeResult: success, version: HTTP/1.1)
HTTP/1.1 200 OK
content-type: application/json; charset=utf-8
cache-control: no-cache
date: Sun, 09 Apr 2023 12:38:52 GMT
content-length: 14

19:38:52.992 [AsyncHttpClient-1-8] DEBUG org.asynchttpclient.netty.channel.ChannelManager - Adding key: http://localhost:54655 for channel [id: 0xe5415d31, L:/127.0.0.1:57214 - R:localhost/127.0.0.1:54655]
  &amp#27;[32mAnd &amp#27;[0m&amp#27;[32mI &amp#27;[0m&amp#27;[32m&amp#27;[1m"txtAksesoris1"&amp#27;[0m&amp#27;[32m page&amp#27;[0m      &amp#27;[90m# starter.stepdefinitions.BabyStep.iPage(java.lang.String)&amp#27;[0m
19:38:53.006 [Driver Command Executor] DEBUG org.asynchttpclient.netty.request.NettyRequestSender - Using pooled Channel '[id: 0xe5415d31, L:/127.0.0.1:57214 - R:localhost/127.0.0.1:54655]' for 'DELETE' to 'http://localhost:54655/session/b820532c-f91d-4c93-91c4-b8cb10841008'
19:38:53.007 [Driver Command Executor] DEBUG org.asynchttpclient.netty.request.NettyRequestSender - Using open Channel [id: 0xe5415d31, L:/127.0.0.1:57214 - R:localhost/127.0.0.1:54655] for DELETE '/session/b820532c-f91d-4c93-91c4-b8cb10841008'
19:38:53.898 [AsyncHttpClient-1-8] DEBUG org.asynchttpclient.netty.handler.HttpHandler - 

Request DefaultFullHttpRequest(decodeResult: success, version: HTTP/1.1, content: EmptyByteBufBE)
DELETE /session/b820532c-f91d-4c93-91c4-b8cb10841008 HTTP/1.1
User-Agent: selenium/4.1.2 (java windows)
Content-Type: application/json; charset=utf-8
host: localhost:54655
accept: */*

Response DefaultHttpResponse(decodeResult: success, version: HTTP/1.1)
HTTP/1.1 200 OK
content-type: application/json; charset=utf-8
cache-control: no-cache
date: Sun, 09 Apr 2023 12:38:52 GMT
content-length: 14

19:38:53.899 [AsyncHttpClient-1-8] DEBUG org.asynchttpclient.netty.channel.ChannelManager - Adding key: http://localhost:54655 for channel [id: 0xe5415d31, L:/127.0.0.1:57214 - R:localhost/127.0.0.1:54655]
19:38:53.900 [AsyncHttpClient-1-8] DEBUG org.asynchttpclient.netty.handler.HttpHandler - Unexpected I/O exception on channel [id: 0xe5415d31, L:/127.0.0.1:57214 - R:localhost/127.0.0.1:54655]
java.net.SocketException: Connection reset
	at java.base/sun.nio.ch.SocketChannelImpl.throwConnectionReset(SocketChannelImpl.java:345)
	at java.base/sun.nio.ch.SocketChannelImpl.read(SocketChannelImpl.java:376)
	at io.netty.buffer.PooledByteBuf.setBytes(PooledByteBuf.java:258)
	at io.netty.buffer.AbstractByteBuf.writeBytes(AbstractByteBuf.java:1132)
	at io.netty.channel.socket.nio.NioSocketChannel.doReadBytes(NioSocketChannel.java:350)
	at io.netty.channel.nio.AbstractNioByteChannel$NioByteUnsafe.read(AbstractNioByteChannel.java:151)
	at io.netty.channel.nio.NioEventLoop.processSelectedKey(NioEventLoop.java:722)
	at io.netty.channel.nio.NioEventLoop.processSelectedKeysOptimized(NioEventLoop.java:658)
	at io.netty.channel.nio.NioEventLoop.processSelectedKeys(NioEventLoop.java:584)
	at io.netty.channel.nio.NioEventLoop.run(NioEventLoop.java:496)
	at io.netty.util.concurrent.SingleThreadEventExecutor$4.run(SingleThreadEventExecutor.java:986)
	at io.netty.util.internal.ThreadExecutorMap$2.run(ThreadExecutorMap.java:74)
	at io.netty.util.concurrent.FastThreadLocalRunnable.run(FastThreadLocalRunnable.java:30)
	at java.base/java.lang.Thread.run(Thread.java:830)
19:38:53.900 [AsyncHttpClient-1-8] DEBUG org.asynchttpclient.netty.channel.ChannelManager - Closing Channel [id: 0xe5415d31, L:/127.0.0.1:57214 - R:localhost/127.0.0.1:54655] 
19:38:53.901 [AsyncHttpClient-1-8] DEBUG org.asynchttpclient.netty.handler.HttpHandler - Channel Closed: [id: 0xe5415d31, L:/127.0.0.1:57214 ! R:localhost/127.0.0.1:54655] with attribute DISCARD
]]></system-out>
    <system-err><![CDATA[1681043925400	geckodriver	INFO	Listening on 127.0.0.1:54655
1681043925921	mozrunner::runner	INFO	Running command: "C:\\Program Files\\Mozilla Firefox\\firefox.exe" "--marionette" "" "--remote-debugging-port" "56746" "--remote-allow-hosts" "localhost" "-no-remote" "-profile" "C:\\Users\\alwi\\AppData\\Local\\Temp\\rust_mozprofile0Qp6cE"
console.warn: services.settings: Ignoring preference override of remote settings server
console.warn: services.settings: Allow by setting MOZ_REMOTE_SETTINGS_DEVTOOLS=1 in the environment
1681043926270	Marionette	INFO	Marionette enabled
Dynamically enable window occlusion 0
1681043926275	Marionette	INFO	Listening on port 57218
WebDriver BiDi listening on ws://127.0.0.1:56746
Read port: 57218
1681043926514	RemoteAgent	WARN	TLS certificate errors will be ignored for this session
console.warn: SearchSettings: "get: No settings file exists, new profile?" (new NotFoundError("Could not open the file at C:\\Users\\alwi\\AppData\\Local\\Temp\\rust_mozprofile0Qp6cE\\search.json.mozlz4", (void 0)))
DevTools listening on ws://127.0.0.1:56746/devtools/browser/29d8d621-3506-43b4-8736-137ac1598bab
Apr 09, 2023 7:38:48 PM org.openqa.selenium.remote.ProtocolHandshake createSession
INFO: Detected dialect: W3C
JavaScript warning: https://www.uniqlo.com/oQfZRN8zACRR/OQ/-x_RMR-EGX/k95OLrhJQ5/OXl6GHI5AQ/PnUdVS/RrZQs, line 1: unreachable code after return statement
JavaScript warning: https://www.uniqlo.com/id/elgnisolqinu.js?async&seed=AECl_mWHAQAAhXleUcVgnU2eEowETsYZDsExG9MVfyypS8j2a8yO2N_NY-zV&x-i1ysm4mm--z=q, line 1: WEBGL_debug_renderer_info is deprecated in Firefox and will be removed. Please use RENDERER.
JavaScript warning: https://www.uniqlo.com/oQfZRN8zACRR/OQ/-x_RMR-EGX/k95OLrhJQ5/OXl6GHI5AQ/PnUdVS/RrZQs, line 1: WEBGL_debug_renderer_info is deprecated in Firefox and will be removed. Please use RENDERER.
1681043933008	Marionette	INFO	Stopped listening on port 57218
Dynamically enable window occlusion 1
[Parent 13224, IPC I/O Parent] WARNING: DuplicateHandle failed for handle 0 in TransferHandles: file /builds/worker/checkouts/gecko/ipc/chromium/src/chrome/common/ipc_channel_win.cc:777
WARNING: A blocker encountered an error while we were waiting.
          Blocker:  Waiting for ping task
          Phase: TelemetryController: Waiting for pending ping activity
          State: (none)
WARNING: Error: Phase "profile-before-change" is finished, it is too late to register completion condition "OS.File: flush I/O queued before profileBeforeChange"
WARNING: addBlocker@resource://gre/modules/AsyncShutdown.sys.mjs:727:15
addBlocker@resource://gre/modules/AsyncShutdown.sys.mjs:523:26
addBlocker@resource://gre/modules/AsyncShutdown.sys.mjs:458:15
setupShutdown@resource://gre/modules/osfile/osfile_async_front.jsm:1548:28
@resource://gre/modules/osfile/osfile_async_front.jsm:1568:16
@resource://gre/modules/osfile.jsm:12:30
@resource://gre/modules/TelemetryStorage.sys.mjs:10:28
_checkPendingPings@resource://gre/modules/TelemetrySend.sys.mjs:863:17
setup@resource://gre/modules/TelemetrySend.sys.mjs:803:18
setup@resource://gre/modules/TelemetrySend.sys.mjs:241:30
setupTelemetry/this._delayedInitTask<@resource://gre/modules/TelemetryControllerParent.sys.mjs:828:36
observe@resource://gre/modules/AsyncShutdown.sys.mjs:576:16

console.error: "TelemetryScheduler.shutdown - Already shut down"
WARNING: A blocker encountered an error while we were waiting.
          Blocker:  Waiting for ping task
          Phase: TelemetryController: Waiting for pending ping activity
          State: (none)
WARNING: Error: Phase "profile-before-change" is finished, it is too late to register completion condition "OS.File: flush I/O queued before profileBeforeChange"
WARNING: addBlocker@resource://gre/modules/AsyncShutdown.sys.mjs:727:15
addBlocker@resource://gre/modules/AsyncShutdown.sys.mjs:523:26
addBlocker@resource://gre/modules/AsyncShutdown.sys.mjs:458:15
setupShutdown@resource://gre/modules/osfile/osfile_async_front.jsm:1548:28
@resource://gre/modules/osfile/osfile_async_front.jsm:1568:16
@resource://gre/modules/osfile.jsm:12:30
@resource://gre/modules/TelemetryStorage.sys.mjs:10:28
_checkPendingPings@resource://gre/modules/TelemetrySend.sys.mjs:863:17
setup@resource://gre/modules/TelemetrySend.sys.mjs:803:18
setup@resource://gre/modules/TelemetrySend.sys.mjs:241:30
setupTelemetry/this._delayedInitTask<@resource://gre/modules/TelemetryControllerParent.sys.mjs:828:36
observe@resource://gre/modules/AsyncShutdown.sys.mjs:576:16

WARNING: A blocker encountered an error while we were waiting.
          Blocker:  Waiting for ping task
          Phase: TelemetryController: Waiting for pending ping activity
          State: (none)
WARNING: Error: Phase "profile-before-change" is finished, it is too late to register completion condition "OS.File: flush I/O queued before profileBeforeChange"
WARNING: addBlocker@resource://gre/modules/AsyncShutdown.sys.mjs:727:15
addBlocker@resource://gre/modules/AsyncShutdown.sys.mjs:523:26
addBlocker@resource://gre/modules/AsyncShutdown.sys.mjs:458:15
setupShutdown@resource://gre/modules/osfile/osfile_async_front.jsm:1548:28
@resource://gre/modules/osfile/osfile_async_front.jsm:1568:16
@resource://gre/modules/osfile.jsm:12:30
@resource://gre/modules/TelemetryStorage.sys.mjs:10:28
_checkPendingPings@resource://gre/modules/TelemetrySend.sys.mjs:863:17
setup@resource://gre/modules/TelemetrySend.sys.mjs:803:18
setup@resource://gre/modules/TelemetrySend.sys.mjs:241:30
setupTelemetry/this._delayedInitTask<@resource://gre/modules/TelemetryControllerParent.sys.mjs:828:36
observe@resource://gre/modules/AsyncShutdown.sys.mjs:576:16

WARNING: A blocker encountered an error while we were waiting.
          Blocker:  TelemetryController: shutting down
          Phase: profile-before-change-telemetry
          State: Error getting state: Error: Phase "profile-before-change" is finished, it is too late to register completion condition "OS.File: flush I/O queued before profileBeforeChange" at addBlocker@resource://gre/modules/AsyncShutdown.sys.mjs:727:15
addBlocker@resource://gre/modules/AsyncShutdown.sys.mjs:523:26
addBlocker@resource://gre/modules/AsyncShutdown.sys.mjs:458:15
setupShutdown@resource://gre/modules/osfile/osfile_async_front.jsm:1548:28
@resource://gre/modules/osfile/osfile_async_front.jsm:1568:16
@resource://gre/modules/osfile.jsm:12:30
@resource://gre/modules/TelemetryStorage.sys.mjs:10:28
_checkPendingPings@resource://gre/modules/TelemetrySend.sys.mjs:863:17
setup@resource://gre/modules/TelemetrySend.sys.mjs:803:18
setup@resource://gre/modules/TelemetrySend.sys.mjs:241:30
setupTelemetry/this._delayedInitTask<@resource://gre/modules/TelemetryControllerParent.sys.mjs:828:36
observe@resource://gre/modules/AsyncShutdown.sys.mjs:576:16

WARNING: Error: Phase "profile-before-chaJnagvea" is fSicnrisihpetd e,r riotr :is  rteosoo ulractee: /t/gor er/emgoidsutleers/ AcsyonmcpSlhetuitodno wcno.nsdyist.imojns ",O Sl.iFinlee :7 2f7l:u sEhr rIo/O queuerd:  bPehfaosree " prporfoifliel-ebBeefofroer-ecChhaannggee"" i
sW AfRiNnIiNsG:h eadd,d Bitl oisc tkoeor @lratee stoou rrceeg:i//sgterre /cmoomdpluelteis/oAns ycnocnSdihtuitodno w"nO.sySs..Fmijsl:e7: 2f7l:u1s5h 
Ia/dOd Bquleuoecdk ebref@rorees opurrocfiel:e/B/egfroe/rmeoCdhaunlgee"s/
AsyncShutdown.syJsa.vmajScsr:i523:p2t6 e
rardodrB:l orceksero@urrecseo:ur/c/eg:r/e//gmrodeu/lmeos/dAuslynecsS/AhsuytndcoShwunt.dsoywsn..msyjss., lmijnes :742578:: 1E5rro
rse:t uPpShhautsdeo w"np@rroefsioluer-cbee:f/o/rger-ec/hmoadnuglee"s /ioss ffiilnei/sohsed, fiitl ei_sas ynct_foroo nlta.tjes mt:1o5 48r:e28gi
s@rteesoru rccoemp:/l/gree/tmioodnu lceosn/osdiftile/ioosnf il"eO_Sa.sFyinlce_:f rofntlus.hj smI:/1O5 68q:u16eu
@reesdo ubrecfeo:r/e/ gprreo/mfoilduelBeesf/oorsefCilhea.jnsgme:"12
:J30
a@vraeSscoruirpcte: /e/rgrre/omro:d ulreess/oTuerlecem:e/tr/yStgorrea/gmeo.dsuyless./mAjssy:n1cShutdo0w:n28.
sys.mjs, _lcihnecek Pe7nd27i:n gEPrirnogrs:@r ePshase "profile-before-ochuarncge:e"/ /igsr ef/imnoidsulhees/dT, eilemettr ySiesn dt.oo slyast.em jtso: 8r6e3gi:s1t7er 
sceotmuppl@ertieosno cuorncde:it/i/ognr e"/OmSo.dFuillese/:T eflleumsetryhSe In/dO. syqus.emujeds: 8b0e3f:o1r8e 
psreotfupi@lreesBefoourrecCeh:a/ng/egr"e/
mJoadvualSecsr/iTpetl emeertrror: yreSesnodu.rscyse.m:js/:/2g41re:/3mo0du
sleteupsT/eAslyenmceSthruty/dtohiwsn.._sdyse.lmajyse,d IlniinteT a72s7k:< @Errersooru:r cPeh:a/se/ g"rper/omofdiullee-sb/eTfeolreeme-tcrhyaCnognet" riolsl feriPnarieshnetd,. siyts .imsj st:o8o la2t8:36
e otbos errevgei@srteseourr ccoe:m/p/lgertioen/ modcuolensd/itAisoynn c"SOhSu.tFdoiwlne.:s yflsu.shm js:5I7/6O: 1q6ueu
ed
 before profileBeforeChange"
JavaScript error: resource://gre/modules/AsyncShutdown.sys.mjs, line 727: Error: Phase "profile-before-change" is finished, it is too late to register completion condition "OS.File: flush I/O queued before profileBeforeChange"
JavaScript error: resource://gre/modules/AsyncShutdown.sys.mjs, line 727: Error: Phase "profile-before-change" is finished, it is too late to register completion condition "OS.File: flush I/O queued before profileBeforeChange"
]]></system-err>
  </testcase>
  <testcase name="Fitur Menu Baby #4" classname="Baby" time="8.79">
    <system-out><![CDATA[
@baby
Scenario Outline: Fitur Menu Baby    &amp#27;[90m# src/test/resources/features/Baby.feature:16&amp#27;[0m
19:38:53.973 [main] INFO io.cucumber.core.plugin.SerenityReporter - Running feature from file:///C:/Users/alwi/IdeaProjects/uniqloweb/src/test/resources/features/Baby.feature
19:38:53.996 [main] INFO net.serenitybdd.core.webdriver.driverproviders.FirefoxDriverProvider - Using automatically driver download
19:38:54.101 [main] DEBUG io.github.bonigarcia.wdm.cache.ResolutionCache - Resolution firefox=111 in cache (valid until 20:30:50 09/04/2023 WIB)
19:38:54.105 [main] DEBUG io.github.bonigarcia.wdm.cache.ResolutionCache - Resolution firefox111=0.32.2 in cache (valid until 19:30:50 10/04/2023 WIB)
19:38:54.106 [main] INFO io.github.bonigarcia.wdm.WebDriverManager - Using geckodriver 0.32.2 (resolved driver for Firefox 111)
19:38:54.119 [main] DEBUG io.github.bonigarcia.wdm.WebDriverManager - Driver geckodriver 0.32.2 found in cache
19:38:54.119 [main] INFO io.github.bonigarcia.wdm.WebDriverManager - Exporting webdriver.gecko.driver as C:\Users\alwi\.cache\selenium\geckodriver\win64\0.32.2\geckodriver.exe
19:38:54.132 [main] DEBUG net.serenitybdd.core.webdriver.driverproviders.ProvideNewDriver - Instantiating driver
19:38:54.132 [main] DEBUG net.serenitybdd.core.webdriver.driverproviders.ProvideNewDriver - Driver capabilities: Capabilities {acceptInsecureCerts: true, browserName: firefox, moz:debuggerAddress: true, moz:firefoxOptions: {args: [], profile: UEsDBBQACAgIANuciVYAAAAAAAA...}}
19:38:54.430 [AsyncHttpClient-1-1] DEBUG org.asynchttpclient.netty.channel.DefaultChannelPool - Entry count for : http://localhost:54655 : 1
19:38:54.430 [AsyncHttpClient-1-1] DEBUG org.asynchttpclient.netty.channel.DefaultChannelPool - Adding Candidate expired Channel [id: 0xe5415d31, L:/127.0.0.1:57214 ! R:localhost/127.0.0.1:54655] isIdleTimeoutExpired=false isRemotelyClosed=true isTtlExpired=false
19:38:54.430 [AsyncHttpClient-1-1] DEBUG org.asynchttpclient.netty.channel.DefaultChannelPool - Closing Idle Channel [id: 0xe5415d31, L:/127.0.0.1:57214 ! R:localhost/127.0.0.1:54655]
19:38:54.430 [AsyncHttpClient-1-1] DEBUG org.asynchttpclient.netty.channel.DefaultChannelPool - Closed 1 connections out of 1 in 0 ms
19:38:54.673 [AsyncHttpClient-1-10] DEBUG org.asynchttpclient.netty.channel.NettyConnectListener - Using new Channel '[id: 0xd3ac22b8, L:/127.0.0.1:57313 - R:localhost/127.0.0.1:52886]' for 'POST' to '/session'
19:38:57.028 [AsyncHttpClient-1-10] DEBUG org.asynchttpclient.netty.handler.HttpHandler - 

Request DefaultHttpRequest(decodeResult: success, version: HTTP/1.1)
POST /session HTTP/1.1
User-Agent: selenium/4.1.2 (java windows)
Content-Length: 3673
Content-Type: application/json; charset=utf-8
host: localhost:52886
accept: */*

Response DefaultHttpResponse(decodeResult: success, version: HTTP/1.1)
HTTP/1.1 200 OK
content-type: application/json; charset=utf-8
cache-control: no-cache
date: Sun, 09 Apr 2023 12:38:54 GMT
content-length: 789

19:38:57.028 [AsyncHttpClient-1-10] DEBUG org.asynchttpclient.netty.channel.ChannelManager - Adding key: http://localhost:52886 for channel [id: 0xd3ac22b8, L:/127.0.0.1:57313 - R:localhost/127.0.0.1:52886]
19:38:57.035 [AsyncHttpClient-1-11] DEBUG org.asynchttpclient.netty.channel.NettyConnectListener - Using new Channel '[id: 0x2e23338c, L:/127.0.0.1:57329 - R:/127.0.0.1:63710]' for 'GET' to '/json/version'
19:38:57.041 [AsyncHttpClient-1-11] DEBUG org.asynchttpclient.netty.handler.HttpHandler - 

Request DefaultFullHttpRequest(decodeResult: success, version: HTTP/1.1, content: EmptyByteBufBE)
GET /json/version HTTP/1.1
User-Agent: selenium/4.1.2 (java windows)
host: 127.0.0.1:63710
accept: */*

Response DefaultHttpResponse(decodeResult: success, version: HTTP/1.1)
HTTP/1.1 200 OK
content-type: application/json
connection: close
server: httpd.js
date: Sun, 09 Apr 2023 12:38:57 GMT
content-length: 311

19:38:57.042 [AsyncHttpClient-1-11] DEBUG org.asynchttpclient.netty.channel.ChannelManager - Closing Channel [id: 0x2e23338c, L:/127.0.0.1:57329 - R:/127.0.0.1:63710] 
19:38:57.042 [AsyncHttpClient-1-11] DEBUG org.asynchttpclient.netty.handler.HttpHandler - Channel Closed: [id: 0x2e23338c, L:/127.0.0.1:57329 ! R:/127.0.0.1:63710] with attribute DISCARD
19:38:57.044 [Forwarding get on session 440d7ca8-d8ea-4a11-afff-25923c77d809 to remote] DEBUG org.asynchttpclient.netty.request.NettyRequestSender - Using pooled Channel '[id: 0xd3ac22b8, L:/127.0.0.1:57313 - R:localhost/127.0.0.1:52886]' for 'POST' to 'http://localhost:52886/session/440d7ca8-d8ea-4a11-afff-25923c77d809/url'
19:38:57.044 [Forwarding get on session 440d7ca8-d8ea-4a11-afff-25923c77d809 to remote] DEBUG org.asynchttpclient.netty.request.NettyRequestSender - Using open Channel [id: 0xd3ac22b8, L:/127.0.0.1:57313 - R:localhost/127.0.0.1:52886] for POST '/session/440d7ca8-d8ea-4a11-afff-25923c77d809/url'
19:38:58.564 [AsyncHttpClient-1-10] DEBUG org.asynchttpclient.netty.handler.HttpHandler - 

Request DefaultHttpRequest(decodeResult: success, version: HTTP/1.1)
POST /session/440d7ca8-d8ea-4a11-afff-25923c77d809/url HTTP/1.1
User-Agent: selenium/4.1.2 (java windows)
Content-Length: 53
Content-Type: application/json; charset=utf-8
host: localhost:52886
accept: */*

Response DefaultHttpResponse(decodeResult: success, version: HTTP/1.1)
HTTP/1.1 200 OK
content-type: application/json; charset=utf-8
cache-control: no-cache
date: Sun, 09 Apr 2023 12:38:57 GMT
content-length: 14

19:38:58.565 [AsyncHttpClient-1-10] DEBUG org.asynchttpclient.netty.channel.ChannelManager - Adding key: http://localhost:52886 for channel [id: 0xd3ac22b8, L:/127.0.0.1:57313 - R:localhost/127.0.0.1:52886]
19:38:58.567 [Forwarding setTimeout on session 440d7ca8-d8ea-4a11-afff-25923c77d809 to remote] DEBUG org.asynchttpclient.netty.request.NettyRequestSender - Using pooled Channel '[id: 0xd3ac22b8, L:/127.0.0.1:57313 - R:localhost/127.0.0.1:52886]' for 'POST' to 'http://localhost:52886/session/440d7ca8-d8ea-4a11-afff-25923c77d809/timeouts'
19:38:58.567 [Forwarding setTimeout on session 440d7ca8-d8ea-4a11-afff-25923c77d809 to remote] DEBUG org.asynchttpclient.netty.request.NettyRequestSender - Using open Channel [id: 0xd3ac22b8, L:/127.0.0.1:57313 - R:localhost/127.0.0.1:52886] for POST '/session/440d7ca8-d8ea-4a11-afff-25923c77d809/timeouts'
19:38:58.597 [AsyncHttpClient-1-10] DEBUG org.asynchttpclient.netty.handler.HttpHandler - 

Request DefaultHttpRequest(decodeResult: success, version: HTTP/1.1)
POST /session/440d7ca8-d8ea-4a11-afff-25923c77d809/timeouts HTTP/1.1
User-Agent: selenium/4.1.2 (java windows)
Content-Length: 22
Content-Type: application/json; charset=utf-8
host: localhost:52886
accept: */*

Response DefaultHttpResponse(decodeResult: success, version: HTTP/1.1)
HTTP/1.1 200 OK
content-type: application/json; charset=utf-8
cache-control: no-cache
date: Sun, 09 Apr 2023 12:38:58 GMT
content-length: 14

19:38:58.597 [AsyncHttpClient-1-10] DEBUG org.asynchttpclient.netty.channel.ChannelManager - Adding key: http://localhost:52886 for channel [id: 0xd3ac22b8, L:/127.0.0.1:57313 - R:localhost/127.0.0.1:52886]
19:38:58.601 [Forwarding getCurrentUrl on session 440d7ca8-d8ea-4a11-afff-25923c77d809 to remote] DEBUG org.asynchttpclient.netty.request.NettyRequestSender - Using pooled Channel '[id: 0xd3ac22b8, L:/127.0.0.1:57313 - R:localhost/127.0.0.1:52886]' for 'GET' to 'http://localhost:52886/session/440d7ca8-d8ea-4a11-afff-25923c77d809/url'
19:38:58.601 [Forwarding getCurrentUrl on session 440d7ca8-d8ea-4a11-afff-25923c77d809 to remote] DEBUG org.asynchttpclient.netty.request.NettyRequestSender - Using open Channel [id: 0xd3ac22b8, L:/127.0.0.1:57313 - R:localhost/127.0.0.1:52886] for GET '/session/440d7ca8-d8ea-4a11-afff-25923c77d809/url'
19:38:58.603 [AsyncHttpClient-1-10] DEBUG org.asynchttpclient.netty.handler.HttpHandler - 

Request DefaultFullHttpRequest(decodeResult: success, version: HTTP/1.1, content: EmptyByteBufBE)
GET /session/440d7ca8-d8ea-4a11-afff-25923c77d809/url HTTP/1.1
User-Agent: selenium/4.1.2 (java windows)
Cache-Control: no-cache
Content-Type: application/json; charset=utf-8
host: localhost:52886
accept: */*

Response DefaultHttpResponse(decodeResult: success, version: HTTP/1.1)
HTTP/1.1 200 OK
content-type: application/json; charset=utf-8
cache-control: no-cache
date: Sun, 09 Apr 2023 12:38:58 GMT
content-length: 41

19:38:58.603 [AsyncHttpClient-1-10] DEBUG org.asynchttpclient.netty.channel.ChannelManager - Adding key: http://localhost:52886 for channel [id: 0xd3ac22b8, L:/127.0.0.1:57313 - R:localhost/127.0.0.1:52886]
  &amp#27;[32mGiven &amp#27;[0m&amp#27;[32mI am on the home page&amp#27;[0m        &amp#27;[90m# starter.stepdefinitions.BabyStep.iAmOnTheHomePage()&amp#27;[0m
19:38:58.610 [Forwarding screenshot on session 440d7ca8-d8ea-4a11-afff-25923c77d809 to remote] DEBUG org.asynchttpclient.netty.request.NettyRequestSender - Using pooled Channel '[id: 0xd3ac22b8, L:/127.0.0.1:57313 - R:localhost/127.0.0.1:52886]' for 'GET' to 'http://localhost:52886/session/440d7ca8-d8ea-4a11-afff-25923c77d809/screenshot'
19:38:58.611 [Forwarding screenshot on session 440d7ca8-d8ea-4a11-afff-25923c77d809 to remote] DEBUG org.asynchttpclient.netty.request.NettyRequestSender - Using open Channel [id: 0xd3ac22b8, L:/127.0.0.1:57313 - R:localhost/127.0.0.1:52886] for GET '/session/440d7ca8-d8ea-4a11-afff-25923c77d809/screenshot'
19:38:58.927 [AsyncHttpClient-1-10] DEBUG org.asynchttpclient.netty.handler.HttpHandler - 

Request DefaultFullHttpRequest(decodeResult: success, version: HTTP/1.1, content: EmptyByteBufBE)
GET /session/440d7ca8-d8ea-4a11-afff-25923c77d809/screenshot HTTP/1.1
User-Agent: selenium/4.1.2 (java windows)
Cache-Control: no-cache
Content-Type: application/json; charset=utf-8
host: localhost:52886
accept: */*

Response DefaultHttpResponse(decodeResult: success, version: HTTP/1.1)
HTTP/1.1 200 OK
content-type: application/json; charset=utf-8
cache-control: no-cache
date: Sun, 09 Apr 2023 12:38:58 GMT
content-length: 94668

19:38:58.928 [AsyncHttpClient-1-10] DEBUG org.asynchttpclient.netty.channel.ChannelManager - Adding key: http://localhost:52886 for channel [id: 0xd3ac22b8, L:/127.0.0.1:57313 - R:localhost/127.0.0.1:52886]
19:38:58.934 [main] DEBUG net.serenitybdd.core.photography.Darkroom - Send negative for processing for target\site\serenity\f83510024c0f98a7ff4618f8c0c468a68f03805ef17064c063be54ba95226e0d.png
19:38:58.934 [Darkroom Processing Line] DEBUG net.serenitybdd.core.photography.DarkroomProcessingLine - Processing screenshot image in /var/screenshots/screenshot-10983830339691990209
19:38:58.934 [Darkroom Processing Line] DEBUG net.serenitybdd.core.photography.DarkroomProcessingLine - Saving screenshot to target\site\serenity\f83510024c0f98a7ff4618f8c0c468a68f03805ef17064c063be54ba95226e0d.png
19:38:58.947 [Forwarding findElement on session 440d7ca8-d8ea-4a11-afff-25923c77d809 to remote] DEBUG org.asynchttpclient.netty.request.NettyRequestSender - Using pooled Channel '[id: 0xd3ac22b8, L:/127.0.0.1:57313 - R:localhost/127.0.0.1:52886]' for 'POST' to 'http://localhost:52886/session/440d7ca8-d8ea-4a11-afff-25923c77d809/element'
19:38:58.947 [Forwarding findElement on session 440d7ca8-d8ea-4a11-afff-25923c77d809 to remote] DEBUG org.asynchttpclient.netty.request.NettyRequestSender - Using open Channel [id: 0xd3ac22b8, L:/127.0.0.1:57313 - R:localhost/127.0.0.1:52886] for POST '/session/440d7ca8-d8ea-4a11-afff-25923c77d809/element'
19:38:59.300 [AsyncHttpClient-1-10] DEBUG org.asynchttpclient.netty.handler.HttpHandler - 

Request DefaultHttpRequest(decodeResult: success, version: HTTP/1.1)
POST /session/440d7ca8-d8ea-4a11-afff-25923c77d809/element HTTP/1.1
User-Agent: selenium/4.1.2 (java windows)
Content-Length: 81
Content-Type: application/json; charset=utf-8
host: localhost:52886
accept: */*

Response DefaultHttpResponse(decodeResult: success, version: HTTP/1.1)
HTTP/1.1 200 OK
content-type: application/json; charset=utf-8
cache-control: no-cache
date: Sun, 09 Apr 2023 12:38:58 GMT
content-length: 88

19:38:59.300 [AsyncHttpClient-1-10] DEBUG org.asynchttpclient.netty.channel.ChannelManager - Adding key: http://localhost:52886 for channel [id: 0xd3ac22b8, L:/127.0.0.1:57313 - R:localhost/127.0.0.1:52886]
19:38:59.302 [Forwarding getElementTagName on session 440d7ca8-d8ea-4a11-afff-25923c77d809 to remote] DEBUG org.asynchttpclient.netty.request.NettyRequestSender - Using pooled Channel '[id: 0xd3ac22b8, L:/127.0.0.1:57313 - R:localhost/127.0.0.1:52886]' for 'GET' to 'http://localhost:52886/session/440d7ca8-d8ea-4a11-afff-25923c77d809/element/963126d8-f161-4c94-8a9a-17b85cef775d/name'
19:38:59.302 [Forwarding getElementTagName on session 440d7ca8-d8ea-4a11-afff-25923c77d809 to remote] DEBUG org.asynchttpclient.netty.request.NettyRequestSender - Using open Channel [id: 0xd3ac22b8, L:/127.0.0.1:57313 - R:localhost/127.0.0.1:52886] for GET '/session/440d7ca8-d8ea-4a11-afff-25923c77d809/element/963126d8-f161-4c94-8a9a-17b85cef775d/name'
19:38:59.393 [AsyncHttpClient-1-10] DEBUG org.asynchttpclient.netty.handler.HttpHandler - 

Request DefaultFullHttpRequest(decodeResult: success, version: HTTP/1.1, content: EmptyByteBufBE)
GET /session/440d7ca8-d8ea-4a11-afff-25923c77d809/element/963126d8-f161-4c94-8a9a-17b85cef775d/name HTTP/1.1
User-Agent: selenium/4.1.2 (java windows)
Cache-Control: no-cache
Content-Type: application/json; charset=utf-8
host: localhost:52886
accept: */*

Response DefaultHttpResponse(decodeResult: success, version: HTTP/1.1)
HTTP/1.1 200 OK
content-type: application/json; charset=utf-8
cache-control: no-cache
date: Sun, 09 Apr 2023 12:38:58 GMT
content-length: 16

19:38:59.393 [AsyncHttpClient-1-10] DEBUG org.asynchttpclient.netty.channel.ChannelManager - Adding key: http://localhost:52886 for channel [id: 0xd3ac22b8, L:/127.0.0.1:57313 - R:localhost/127.0.0.1:52886]
19:38:59.395 [Forwarding getElementTagName on session 440d7ca8-d8ea-4a11-afff-25923c77d809 to remote] DEBUG org.asynchttpclient.netty.request.NettyRequestSender - Using pooled Channel '[id: 0xd3ac22b8, L:/127.0.0.1:57313 - R:localhost/127.0.0.1:52886]' for 'GET' to 'http://localhost:52886/session/440d7ca8-d8ea-4a11-afff-25923c77d809/element/963126d8-f161-4c94-8a9a-17b85cef775d/name'
19:38:59.395 [Forwarding getElementTagName on session 440d7ca8-d8ea-4a11-afff-25923c77d809 to remote] DEBUG org.asynchttpclient.netty.request.NettyRequestSender - Using open Channel [id: 0xd3ac22b8, L:/127.0.0.1:57313 - R:localhost/127.0.0.1:52886] for GET '/session/440d7ca8-d8ea-4a11-afff-25923c77d809/element/963126d8-f161-4c94-8a9a-17b85cef775d/name'
19:38:59.510 [AsyncHttpClient-1-10] DEBUG org.asynchttpclient.netty.handler.HttpHandler - 

Request DefaultFullHttpRequest(decodeResult: success, version: HTTP/1.1, content: EmptyByteBufBE)
GET /session/440d7ca8-d8ea-4a11-afff-25923c77d809/element/963126d8-f161-4c94-8a9a-17b85cef775d/name HTTP/1.1
User-Agent: selenium/4.1.2 (java windows)
Cache-Control: no-cache
Content-Type: application/json; charset=utf-8
host: localhost:52886
accept: */*

Response DefaultHttpResponse(decodeResult: success, version: HTTP/1.1)
HTTP/1.1 200 OK
content-type: application/json; charset=utf-8
cache-control: no-cache
date: Sun, 09 Apr 2023 12:38:58 GMT
content-length: 16

19:38:59.510 [AsyncHttpClient-1-10] DEBUG org.asynchttpclient.netty.channel.ChannelManager - Adding key: http://localhost:52886 for channel [id: 0xd3ac22b8, L:/127.0.0.1:57313 - R:localhost/127.0.0.1:52886]
19:38:59.513 [Forwarding findElement on session 440d7ca8-d8ea-4a11-afff-25923c77d809 to remote] DEBUG org.asynchttpclient.netty.request.NettyRequestSender - Using pooled Channel '[id: 0xd3ac22b8, L:/127.0.0.1:57313 - R:localhost/127.0.0.1:52886]' for 'POST' to 'http://localhost:52886/session/440d7ca8-d8ea-4a11-afff-25923c77d809/element'
19:38:59.513 [Forwarding findElement on session 440d7ca8-d8ea-4a11-afff-25923c77d809 to remote] DEBUG org.asynchttpclient.netty.request.NettyRequestSender - Using open Channel [id: 0xd3ac22b8, L:/127.0.0.1:57313 - R:localhost/127.0.0.1:52886] for POST '/session/440d7ca8-d8ea-4a11-afff-25923c77d809/element'
19:38:59.551 [AsyncHttpClient-1-10] DEBUG org.asynchttpclient.netty.handler.HttpHandler - 

Request DefaultHttpRequest(decodeResult: success, version: HTTP/1.1)
POST /session/440d7ca8-d8ea-4a11-afff-25923c77d809/element HTTP/1.1
User-Agent: selenium/4.1.2 (java windows)
Content-Length: 81
Content-Type: application/json; charset=utf-8
host: localhost:52886
accept: */*

Response DefaultHttpResponse(decodeResult: success, version: HTTP/1.1)
HTTP/1.1 200 OK
content-type: application/json; charset=utf-8
cache-control: no-cache
date: Sun, 09 Apr 2023 12:38:58 GMT
content-length: 88

19:38:59.552 [AsyncHttpClient-1-10] DEBUG org.asynchttpclient.netty.channel.ChannelManager - Adding key: http://localhost:52886 for channel [id: 0xd3ac22b8, L:/127.0.0.1:57313 - R:localhost/127.0.0.1:52886]
19:38:59.554 [Forwarding clickElement on session 440d7ca8-d8ea-4a11-afff-25923c77d809 to remote] DEBUG org.asynchttpclient.netty.request.NettyRequestSender - Using pooled Channel '[id: 0xd3ac22b8, L:/127.0.0.1:57313 - R:localhost/127.0.0.1:52886]' for 'POST' to 'http://localhost:52886/session/440d7ca8-d8ea-4a11-afff-25923c77d809/element/963126d8-f161-4c94-8a9a-17b85cef775d/click'
19:38:59.554 [Forwarding clickElement on session 440d7ca8-d8ea-4a11-afff-25923c77d809 to remote] DEBUG org.asynchttpclient.netty.request.NettyRequestSender - Using open Channel [id: 0xd3ac22b8, L:/127.0.0.1:57313 - R:localhost/127.0.0.1:52886] for POST '/session/440d7ca8-d8ea-4a11-afff-25923c77d809/element/963126d8-f161-4c94-8a9a-17b85cef775d/click'
19:39:00.237 [AsyncHttpClient-1-10] DEBUG org.asynchttpclient.netty.handler.HttpHandler - 

Request DefaultHttpRequest(decodeResult: success, version: HTTP/1.1)
POST /session/440d7ca8-d8ea-4a11-afff-25923c77d809/element/963126d8-f161-4c94-8a9a-17b85cef775d/click HTTP/1.1
User-Agent: selenium/4.1.2 (java windows)
Content-Length: 50
Content-Type: application/json; charset=utf-8
host: localhost:52886
accept: */*

Response DefaultHttpResponse(decodeResult: success, version: HTTP/1.1)
HTTP/1.1 200 OK
content-type: application/json; charset=utf-8
cache-control: no-cache
date: Sun, 09 Apr 2023 12:38:58 GMT
content-length: 14

19:39:00.237 [AsyncHttpClient-1-10] DEBUG org.asynchttpclient.netty.channel.ChannelManager - Adding key: http://localhost:52886 for channel [id: 0xd3ac22b8, L:/127.0.0.1:57313 - R:localhost/127.0.0.1:52886]
  &amp#27;[32mThen &amp#27;[0m&amp#27;[32mI click baby on the header&amp#27;[0m    &amp#27;[90m# starter.stepdefinitions.BabyStep.iClickBabyOnTheHeader()&amp#27;[0m
19:39:00.243 [Forwarding screenshot on session 440d7ca8-d8ea-4a11-afff-25923c77d809 to remote] DEBUG org.asynchttpclient.netty.request.NettyRequestSender - Using pooled Channel '[id: 0xd3ac22b8, L:/127.0.0.1:57313 - R:localhost/127.0.0.1:52886]' for 'GET' to 'http://localhost:52886/session/440d7ca8-d8ea-4a11-afff-25923c77d809/screenshot'
19:39:00.243 [Forwarding screenshot on session 440d7ca8-d8ea-4a11-afff-25923c77d809 to remote] DEBUG org.asynchttpclient.netty.request.NettyRequestSender - Using open Channel [id: 0xd3ac22b8, L:/127.0.0.1:57313 - R:localhost/127.0.0.1:52886] for GET '/session/440d7ca8-d8ea-4a11-afff-25923c77d809/screenshot'
19:39:00.409 [AsyncHttpClient-1-10] DEBUG org.asynchttpclient.netty.handler.HttpHandler - 

Request DefaultFullHttpRequest(decodeResult: success, version: HTTP/1.1, content: EmptyByteBufBE)
GET /session/440d7ca8-d8ea-4a11-afff-25923c77d809/screenshot HTTP/1.1
User-Agent: selenium/4.1.2 (java windows)
Cache-Control: no-cache
Content-Type: application/json; charset=utf-8
host: localhost:52886
accept: */*

Response DefaultHttpResponse(decodeResult: success, version: HTTP/1.1)
HTTP/1.1 200 OK
content-type: application/json; charset=utf-8
cache-control: no-cache
date: Sun, 09 Apr 2023 12:39:00 GMT
content-length: 98024

19:39:00.410 [AsyncHttpClient-1-10] DEBUG org.asynchttpclient.netty.channel.ChannelManager - Adding key: http://localhost:52886 for channel [id: 0xd3ac22b8, L:/127.0.0.1:57313 - R:localhost/127.0.0.1:52886]
19:39:00.416 [main] DEBUG net.serenitybdd.core.photography.Darkroom - Send negative for processing for target\site\serenity\bcb9a8d665d2c58a930e922f816fcc3ebc2aef855b882f3d531e7c9aa320b06d.png
19:39:00.430 [Forwarding findElement on session 440d7ca8-d8ea-4a11-afff-25923c77d809 to remote] DEBUG org.asynchttpclient.netty.request.NettyRequestSender - Using pooled Channel '[id: 0xd3ac22b8, L:/127.0.0.1:57313 - R:localhost/127.0.0.1:52886]' for 'POST' to 'http://localhost:52886/session/440d7ca8-d8ea-4a11-afff-25923c77d809/element'
19:39:00.430 [Forwarding findElement on session 440d7ca8-d8ea-4a11-afff-25923c77d809 to remote] DEBUG org.asynchttpclient.netty.request.NettyRequestSender - Using open Channel [id: 0xd3ac22b8, L:/127.0.0.1:57313 - R:localhost/127.0.0.1:52886] for POST '/session/440d7ca8-d8ea-4a11-afff-25923c77d809/element'
19:39:00.487 [AsyncHttpClient-1-10] DEBUG org.asynchttpclient.netty.handler.HttpHandler - 

Request DefaultHttpRequest(decodeResult: success, version: HTTP/1.1)
POST /session/440d7ca8-d8ea-4a11-afff-25923c77d809/element HTTP/1.1
User-Agent: selenium/4.1.2 (java windows)
Content-Length: 110
Content-Type: application/json; charset=utf-8
host: localhost:52886
accept: */*

Response DefaultHttpResponse(decodeResult: success, version: HTTP/1.1)
HTTP/1.1 200 OK
content-type: application/json; charset=utf-8
cache-control: no-cache
date: Sun, 09 Apr 2023 12:39:00 GMT
content-length: 88

19:39:00.487 [AsyncHttpClient-1-10] DEBUG org.asynchttpclient.netty.channel.ChannelManager - Adding key: http://localhost:52886 for channel [id: 0xd3ac22b8, L:/127.0.0.1:57313 - R:localhost/127.0.0.1:52886]
19:39:00.491 [Forwarding getElementTagName on session 440d7ca8-d8ea-4a11-afff-25923c77d809 to remote] DEBUG org.asynchttpclient.netty.request.NettyRequestSender - Using pooled Channel '[id: 0xd3ac22b8, L:/127.0.0.1:57313 - R:localhost/127.0.0.1:52886]' for 'GET' to 'http://localhost:52886/session/440d7ca8-d8ea-4a11-afff-25923c77d809/element/a6109d38-5a56-4f41-9ab8-50939957705b/name'
19:39:00.491 [Forwarding getElementTagName on session 440d7ca8-d8ea-4a11-afff-25923c77d809 to remote] DEBUG org.asynchttpclient.netty.request.NettyRequestSender - Using open Channel [id: 0xd3ac22b8, L:/127.0.0.1:57313 - R:localhost/127.0.0.1:52886] for GET '/session/440d7ca8-d8ea-4a11-afff-25923c77d809/element/a6109d38-5a56-4f41-9ab8-50939957705b/name'
19:39:00.507 [AsyncHttpClient-1-10] DEBUG org.asynchttpclient.netty.handler.HttpHandler - 

Request DefaultFullHttpRequest(decodeResult: success, version: HTTP/1.1, content: EmptyByteBufBE)
GET /session/440d7ca8-d8ea-4a11-afff-25923c77d809/element/a6109d38-5a56-4f41-9ab8-50939957705b/name HTTP/1.1
User-Agent: selenium/4.1.2 (java windows)
Cache-Control: no-cache
Content-Type: application/json; charset=utf-8
host: localhost:52886
accept: */*

Response DefaultHttpResponse(decodeResult: success, version: HTTP/1.1)
HTTP/1.1 200 OK
content-type: application/json; charset=utf-8
cache-control: no-cache
date: Sun, 09 Apr 2023 12:39:00 GMT
content-length: 16

19:39:00.507 [AsyncHttpClient-1-10] DEBUG org.asynchttpclient.netty.channel.ChannelManager - Adding key: http://localhost:52886 for channel [id: 0xd3ac22b8, L:/127.0.0.1:57313 - R:localhost/127.0.0.1:52886]
19:39:00.510 [Forwarding getElementTagName on session 440d7ca8-d8ea-4a11-afff-25923c77d809 to remote] DEBUG org.asynchttpclient.netty.request.NettyRequestSender - Using pooled Channel '[id: 0xd3ac22b8, L:/127.0.0.1:57313 - R:localhost/127.0.0.1:52886]' for 'GET' to 'http://localhost:52886/session/440d7ca8-d8ea-4a11-afff-25923c77d809/element/a6109d38-5a56-4f41-9ab8-50939957705b/name'
19:39:00.510 [Forwarding getElementTagName on session 440d7ca8-d8ea-4a11-afff-25923c77d809 to remote] DEBUG org.asynchttpclient.netty.request.NettyRequestSender - Using open Channel [id: 0xd3ac22b8, L:/127.0.0.1:57313 - R:localhost/127.0.0.1:52886] for GET '/session/440d7ca8-d8ea-4a11-afff-25923c77d809/element/a6109d38-5a56-4f41-9ab8-50939957705b/name'
19:39:00.592 [AsyncHttpClient-1-10] DEBUG org.asynchttpclient.netty.handler.HttpHandler - 

Request DefaultFullHttpRequest(decodeResult: success, version: HTTP/1.1, content: EmptyByteBufBE)
GET /session/440d7ca8-d8ea-4a11-afff-25923c77d809/element/a6109d38-5a56-4f41-9ab8-50939957705b/name HTTP/1.1
User-Agent: selenium/4.1.2 (java windows)
Cache-Control: no-cache
Content-Type: application/json; charset=utf-8
host: localhost:52886
accept: */*

Response DefaultHttpResponse(decodeResult: success, version: HTTP/1.1)
HTTP/1.1 200 OK
content-type: application/json; charset=utf-8
cache-control: no-cache
date: Sun, 09 Apr 2023 12:39:00 GMT
content-length: 16

19:39:00.592 [AsyncHttpClient-1-10] DEBUG org.asynchttpclient.netty.channel.ChannelManager - Adding key: http://localhost:52886 for channel [id: 0xd3ac22b8, L:/127.0.0.1:57313 - R:localhost/127.0.0.1:52886]
19:39:00.597 [Forwarding findElement on session 440d7ca8-d8ea-4a11-afff-25923c77d809 to remote] DEBUG org.asynchttpclient.netty.request.NettyRequestSender - Using pooled Channel '[id: 0xd3ac22b8, L:/127.0.0.1:57313 - R:localhost/127.0.0.1:52886]' for 'POST' to 'http://localhost:52886/session/440d7ca8-d8ea-4a11-afff-25923c77d809/element'
19:39:00.597 [Forwarding findElement on session 440d7ca8-d8ea-4a11-afff-25923c77d809 to remote] DEBUG org.asynchttpclient.netty.request.NettyRequestSender - Using open Channel [id: 0xd3ac22b8, L:/127.0.0.1:57313 - R:localhost/127.0.0.1:52886] for POST '/session/440d7ca8-d8ea-4a11-afff-25923c77d809/element'
19:39:00.673 [AsyncHttpClient-1-10] DEBUG org.asynchttpclient.netty.handler.HttpHandler - 

Request DefaultHttpRequest(decodeResult: success, version: HTTP/1.1)
POST /session/440d7ca8-d8ea-4a11-afff-25923c77d809/element HTTP/1.1
User-Agent: selenium/4.1.2 (java windows)
Content-Length: 110
Content-Type: application/json; charset=utf-8
host: localhost:52886
accept: */*

Response DefaultHttpResponse(decodeResult: success, version: HTTP/1.1)
HTTP/1.1 200 OK
content-type: application/json; charset=utf-8
cache-control: no-cache
date: Sun, 09 Apr 2023 12:39:00 GMT
content-length: 88

19:39:00.673 [AsyncHttpClient-1-10] DEBUG org.asynchttpclient.netty.channel.ChannelManager - Adding key: http://localhost:52886 for channel [id: 0xd3ac22b8, L:/127.0.0.1:57313 - R:localhost/127.0.0.1:52886]
19:39:00.675 [Forwarding clickElement on session 440d7ca8-d8ea-4a11-afff-25923c77d809 to remote] DEBUG org.asynchttpclient.netty.request.NettyRequestSender - Using pooled Channel '[id: 0xd3ac22b8, L:/127.0.0.1:57313 - R:localhost/127.0.0.1:52886]' for 'POST' to 'http://localhost:52886/session/440d7ca8-d8ea-4a11-afff-25923c77d809/element/a6109d38-5a56-4f41-9ab8-50939957705b/click'
19:39:00.676 [Forwarding clickElement on session 440d7ca8-d8ea-4a11-afff-25923c77d809 to remote] DEBUG org.asynchttpclient.netty.request.NettyRequestSender - Using open Channel [id: 0xd3ac22b8, L:/127.0.0.1:57313 - R:localhost/127.0.0.1:52886] for POST '/session/440d7ca8-d8ea-4a11-afff-25923c77d809/element/a6109d38-5a56-4f41-9ab8-50939957705b/click'
19:39:01.570 [AsyncHttpClient-1-10] DEBUG org.asynchttpclient.netty.handler.HttpHandler - 

Request DefaultHttpRequest(decodeResult: success, version: HTTP/1.1)
POST /session/440d7ca8-d8ea-4a11-afff-25923c77d809/element/a6109d38-5a56-4f41-9ab8-50939957705b/click HTTP/1.1
User-Agent: selenium/4.1.2 (java windows)
Content-Length: 50
Content-Type: application/json; charset=utf-8
host: localhost:52886
accept: */*

Response DefaultHttpResponse(decodeResult: success, version: HTTP/1.1)
HTTP/1.1 200 OK
content-type: application/json; charset=utf-8
cache-control: no-cache
date: Sun, 09 Apr 2023 12:39:00 GMT
content-length: 14

19:39:01.570 [AsyncHttpClient-1-10] DEBUG org.asynchttpclient.netty.channel.ChannelManager - Adding key: http://localhost:52886 for channel [id: 0xd3ac22b8, L:/127.0.0.1:57313 - R:localhost/127.0.0.1:52886]
  &amp#27;[32mWhen &amp#27;[0m&amp#27;[32mI will go to &amp#27;[0m&amp#27;[32m&amp#27;[1m"koleksiNewborn"&amp#27;[0m &amp#27;[90m# starter.stepdefinitions.BabyStep.iWillGoTo(java.lang.String)&amp#27;[0m
19:39:01.575 [Forwarding screenshot on session 440d7ca8-d8ea-4a11-afff-25923c77d809 to remote] DEBUG org.asynchttpclient.netty.request.NettyRequestSender - Using pooled Channel '[id: 0xd3ac22b8, L:/127.0.0.1:57313 - R:localhost/127.0.0.1:52886]' for 'GET' to 'http://localhost:52886/session/440d7ca8-d8ea-4a11-afff-25923c77d809/screenshot'
19:39:01.575 [Forwarding screenshot on session 440d7ca8-d8ea-4a11-afff-25923c77d809 to remote] DEBUG org.asynchttpclient.netty.request.NettyRequestSender - Using open Channel [id: 0xd3ac22b8, L:/127.0.0.1:57313 - R:localhost/127.0.0.1:52886] for GET '/session/440d7ca8-d8ea-4a11-afff-25923c77d809/screenshot'
19:39:01.687 [AsyncHttpClient-1-10] DEBUG org.asynchttpclient.netty.handler.HttpHandler - 

Request DefaultFullHttpRequest(decodeResult: success, version: HTTP/1.1, content: EmptyByteBufBE)
GET /session/440d7ca8-d8ea-4a11-afff-25923c77d809/screenshot HTTP/1.1
User-Agent: selenium/4.1.2 (java windows)
Cache-Control: no-cache
Content-Type: application/json; charset=utf-8
host: localhost:52886
accept: */*

Response DefaultHttpResponse(decodeResult: success, version: HTTP/1.1)
HTTP/1.1 200 OK
content-type: application/json; charset=utf-8
cache-control: no-cache
date: Sun, 09 Apr 2023 12:39:01 GMT
content-length: 79564

19:39:01.688 [AsyncHttpClient-1-10] DEBUG org.asynchttpclient.netty.channel.ChannelManager - Adding key: http://localhost:52886 for channel [id: 0xd3ac22b8, L:/127.0.0.1:57313 - R:localhost/127.0.0.1:52886]
19:39:01.691 [main] DEBUG net.serenitybdd.core.photography.Darkroom - Send negative for processing for target\site\serenity\08615a6dd0f6a62e87f29c984e2904dcac6aa454cd9ad4a039109a33d774498f.png
19:39:01.691 [Darkroom Processing Line] DEBUG net.serenitybdd.core.photography.DarkroomProcessingLine - Processing screenshot image in /var/screenshots/screenshot-15928834941965605310
19:39:01.692 [Darkroom Processing Line] DEBUG net.serenitybdd.core.photography.DarkroomProcessingLine - Saving screenshot to target\site\serenity\08615a6dd0f6a62e87f29c984e2904dcac6aa454cd9ad4a039109a33d774498f.png
19:39:01.701 [Forwarding findElement on session 440d7ca8-d8ea-4a11-afff-25923c77d809 to remote] DEBUG org.asynchttpclient.netty.request.NettyRequestSender - Using pooled Channel '[id: 0xd3ac22b8, L:/127.0.0.1:57313 - R:localhost/127.0.0.1:52886]' for 'POST' to 'http://localhost:52886/session/440d7ca8-d8ea-4a11-afff-25923c77d809/element'
19:39:01.701 [Forwarding findElement on session 440d7ca8-d8ea-4a11-afff-25923c77d809 to remote] DEBUG org.asynchttpclient.netty.request.NettyRequestSender - Using open Channel [id: 0xd3ac22b8, L:/127.0.0.1:57313 - R:localhost/127.0.0.1:52886] for POST '/session/440d7ca8-d8ea-4a11-afff-25923c77d809/element'
19:39:01.707 [AsyncHttpClient-1-10] DEBUG org.asynchttpclient.netty.handler.HttpHandler - 

Request DefaultHttpRequest(decodeResult: success, version: HTTP/1.1)
POST /session/440d7ca8-d8ea-4a11-afff-25923c77d809/element HTTP/1.1
User-Agent: selenium/4.1.2 (java windows)
Content-Length: 97
Content-Type: application/json; charset=utf-8
host: localhost:52886
accept: */*

Response DefaultHttpResponse(decodeResult: success, version: HTTP/1.1)
HTTP/1.1 200 OK
content-type: application/json; charset=utf-8
cache-control: no-cache
date: Sun, 09 Apr 2023 12:39:01 GMT
content-length: 88

19:39:01.707 [AsyncHttpClient-1-10] DEBUG org.asynchttpclient.netty.channel.ChannelManager - Adding key: http://localhost:52886 for channel [id: 0xd3ac22b8, L:/127.0.0.1:57313 - R:localhost/127.0.0.1:52886]
19:39:01.711 [Forwarding isElementDisplayed on session 440d7ca8-d8ea-4a11-afff-25923c77d809 to remote] DEBUG org.asynchttpclient.netty.request.NettyRequestSender - Using pooled Channel '[id: 0xd3ac22b8, L:/127.0.0.1:57313 - R:localhost/127.0.0.1:52886]' for 'POST' to 'http://localhost:52886/session/440d7ca8-d8ea-4a11-afff-25923c77d809/execute/sync'
19:39:01.711 [Forwarding isElementDisplayed on session 440d7ca8-d8ea-4a11-afff-25923c77d809 to remote] DEBUG org.asynchttpclient.netty.request.NettyRequestSender - Using open Channel [id: 0xd3ac22b8, L:/127.0.0.1:57313 - R:localhost/127.0.0.1:52886] for POST '/session/440d7ca8-d8ea-4a11-afff-25923c77d809/execute/sync'
19:39:01.733 [AsyncHttpClient-1-10] DEBUG org.asynchttpclient.netty.handler.HttpHandler - 

Request DefaultHttpRequest(decodeResult: success, version: HTTP/1.1)
POST /session/440d7ca8-d8ea-4a11-afff-25923c77d809/execute/sync HTTP/1.1
User-Agent: selenium/4.1.2 (java windows)
Content-Length: 48780
Content-Type: application/json; charset=utf-8
host: localhost:52886
accept: */*

Response DefaultHttpResponse(decodeResult: success, version: HTTP/1.1)
HTTP/1.1 200 OK
content-type: application/json; charset=utf-8
cache-control: no-cache
date: Sun, 09 Apr 2023 12:39:01 GMT
content-length: 14

19:39:01.734 [AsyncHttpClient-1-10] DEBUG org.asynchttpclient.netty.channel.ChannelManager - Adding key: http://localhost:52886 for channel [id: 0xd3ac22b8, L:/127.0.0.1:57313 - R:localhost/127.0.0.1:52886]
  &amp#27;[32mAnd &amp#27;[0m&amp#27;[32mI &amp#27;[0m&amp#27;[32m&amp#27;[1m"txtKoleksiNewborn"&amp#27;[0m&amp#27;[32m page&amp#27;[0m     &amp#27;[90m# starter.stepdefinitions.BabyStep.iPage(java.lang.String)&amp#27;[0m
19:39:01.744 [Forwarding screenshot on session 440d7ca8-d8ea-4a11-afff-25923c77d809 to remote] DEBUG org.asynchttpclient.netty.request.NettyRequestSender - Using pooled Channel '[id: 0xd3ac22b8, L:/127.0.0.1:57313 - R:localhost/127.0.0.1:52886]' for 'GET' to 'http://localhost:52886/session/440d7ca8-d8ea-4a11-afff-25923c77d809/screenshot'
19:39:01.744 [Forwarding screenshot on session 440d7ca8-d8ea-4a11-afff-25923c77d809 to remote] DEBUG org.asynchttpclient.netty.request.NettyRequestSender - Using open Channel [id: 0xd3ac22b8, L:/127.0.0.1:57313 - R:localhost/127.0.0.1:52886] for GET '/session/440d7ca8-d8ea-4a11-afff-25923c77d809/screenshot'
19:39:01.783 [AsyncHttpClient-1-10] DEBUG org.asynchttpclient.netty.handler.HttpHandler - 

Request DefaultFullHttpRequest(decodeResult: success, version: HTTP/1.1, content: EmptyByteBufBE)
GET /session/440d7ca8-d8ea-4a11-afff-25923c77d809/screenshot HTTP/1.1
User-Agent: selenium/4.1.2 (java windows)
Cache-Control: no-cache
Content-Type: application/json; charset=utf-8
host: localhost:52886
accept: */*

Response DefaultHttpResponse(decodeResult: success, version: HTTP/1.1)
HTTP/1.1 200 OK
content-type: application/json; charset=utf-8
cache-control: no-cache
date: Sun, 09 Apr 2023 12:39:01 GMT
content-length: 79580

19:39:01.784 [AsyncHttpClient-1-10] DEBUG org.asynchttpclient.netty.channel.ChannelManager - Adding key: http://localhost:52886 for channel [id: 0xd3ac22b8, L:/127.0.0.1:57313 - R:localhost/127.0.0.1:52886]
19:39:01.789 [main] DEBUG net.serenitybdd.core.photography.Darkroom - Send negative for processing for target\site\serenity\4e0f3e7819f89d56fea7edba86ab576353e9f29c899daa244ca13fc00d934979.png
19:39:01.789 [Darkroom Processing Line] DEBUG net.serenitybdd.core.photography.DarkroomProcessingLine - Processing screenshot image in /var/screenshots/screenshot-8285689437273027186
19:39:01.789 [Darkroom Processing Line] DEBUG net.serenitybdd.core.photography.DarkroomProcessingLine - Saving screenshot to target\site\serenity\4e0f3e7819f89d56fea7edba86ab576353e9f29c899daa244ca13fc00d934979.png
19:39:01.794 [Driver Command Executor] DEBUG org.asynchttpclient.netty.request.NettyRequestSender - Using pooled Channel '[id: 0xd3ac22b8, L:/127.0.0.1:57313 - R:localhost/127.0.0.1:52886]' for 'DELETE' to 'http://localhost:52886/session/440d7ca8-d8ea-4a11-afff-25923c77d809'
19:39:01.794 [Driver Command Executor] DEBUG org.asynchttpclient.netty.request.NettyRequestSender - Using open Channel [id: 0xd3ac22b8, L:/127.0.0.1:57313 - R:localhost/127.0.0.1:52886] for DELETE '/session/440d7ca8-d8ea-4a11-afff-25923c77d809'
19:39:02.691 [AsyncHttpClient-1-10] DEBUG org.asynchttpclient.netty.handler.HttpHandler - 

Request DefaultFullHttpRequest(decodeResult: success, version: HTTP/1.1, content: EmptyByteBufBE)
DELETE /session/440d7ca8-d8ea-4a11-afff-25923c77d809 HTTP/1.1
User-Agent: selenium/4.1.2 (java windows)
Content-Type: application/json; charset=utf-8
host: localhost:52886
accept: */*

Response DefaultHttpResponse(decodeResult: success, version: HTTP/1.1)
HTTP/1.1 200 OK
content-type: application/json; charset=utf-8
cache-control: no-cache
date: Sun, 09 Apr 2023 12:39:01 GMT
content-length: 14

19:39:02.691 [AsyncHttpClient-1-10] DEBUG org.asynchttpclient.netty.channel.ChannelManager - Adding key: http://localhost:52886 for channel [id: 0xd3ac22b8, L:/127.0.0.1:57313 - R:localhost/127.0.0.1:52886]
19:39:02.694 [AsyncHttpClient-1-10] DEBUG org.asynchttpclient.netty.handler.HttpHandler - Unexpected I/O exception on channel [id: 0xd3ac22b8, L:/127.0.0.1:57313 - R:localhost/127.0.0.1:52886]
java.net.SocketException: Connection reset
	at java.base/sun.nio.ch.SocketChannelImpl.throwConnectionReset(SocketChannelImpl.java:345)
	at java.base/sun.nio.ch.SocketChannelImpl.read(SocketChannelImpl.java:376)
	at io.netty.buffer.PooledByteBuf.setBytes(PooledByteBuf.java:258)
	at io.netty.buffer.AbstractByteBuf.writeBytes(AbstractByteBuf.java:1132)
	at io.netty.channel.socket.nio.NioSocketChannel.doReadBytes(NioSocketChannel.java:350)
	at io.netty.channel.nio.AbstractNioByteChannel$NioByteUnsafe.read(AbstractNioByteChannel.java:151)
	at io.netty.channel.nio.NioEventLoop.processSelectedKey(NioEventLoop.java:722)
	at io.netty.channel.nio.NioEventLoop.processSelectedKeysOptimized(NioEventLoop.java:658)
	at io.netty.channel.nio.NioEventLoop.processSelectedKeys(NioEventLoop.java:584)
	at io.netty.channel.nio.NioEventLoop.run(NioEventLoop.java:496)
	at io.netty.util.concurrent.SingleThreadEventExecutor$4.run(SingleThreadEventExecutor.java:986)
	at io.netty.util.internal.ThreadExecutorMap$2.run(ThreadExecutorMap.java:74)
	at io.netty.util.concurrent.FastThreadLocalRunnable.run(FastThreadLocalRunnable.java:30)
	at java.base/java.lang.Thread.run(Thread.java:830)
19:39:02.694 [AsyncHttpClient-1-10] DEBUG org.asynchttpclient.netty.channel.ChannelManager - Closing Channel [id: 0xd3ac22b8, L:/127.0.0.1:57313 - R:localhost/127.0.0.1:52886] 
19:39:02.694 [AsyncHttpClient-1-10] DEBUG org.asynchttpclient.netty.handler.HttpHandler - Channel Closed: [id: 0xd3ac22b8, L:/127.0.0.1:57313 ! R:localhost/127.0.0.1:52886] with attribute DISCARD
]]></system-out>
    <system-err><![CDATA[1681043934186	geckodriver	INFO	Listening on 127.0.0.1:52886
1681043934707	mozrunner::runner	INFO	Running command: "C:\\Program Files\\Mozilla Firefox\\firefox.exe" "--marionette" "" "--remote-debugging-port" "63710" "--remote-allow-hosts" "localhost" "-no-remote" "-profile" "C:\\Users\\alwi\\AppData\\Local\\Temp\\rust_mozprofilexFcEOf"
console.warn: services.settings: Ignoring preference override of remote settings server
console.warn: services.settings: Allow by setting MOZ_REMOTE_SETTINGS_DEVTOOLS=1 in the environment
1681043935065	Marionette	INFO	Marionette enabled
Dynamically enable window occlusion 0
1681043935070	Marionette	INFO	Listening on port 57316
Read port: 57316
WebDriver BiDi listening on ws://127.0.0.1:63710
1681043935211	RemoteAgent	WARN	TLS certificate errors will be ignored for this session
console.warn: SearchSettings: "get: No settings file exists, new profile?" (new NotFoundError("Could not open the file at C:\\Users\\alwi\\AppData\\Local\\Temp\\rust_mozprofilexFcEOf\\search.json.mozlz4", (void 0)))
DevTools listening on ws://127.0.0.1:63710/devtools/browser/cce20f23-8155-496e-b738-8ba0816e1c99
Apr 09, 2023 7:38:57 PM org.openqa.selenium.remote.ProtocolHandshake createSession
INFO: Detected dialect: W3C
JavaScript warning: https://www.uniqlo.com/oQfZRN8zACRR/OQ/-x_RMR-EGX/k95OLrhJQ5/OXl6GHI5AQ/PnUdVS/RrZQs, line 1: unreachable code after return statement
JavaScript warning: https://www.uniqlo.com/id/elgnisolqinu.js?async&seed=AECl_mWHAQAAhXleUcVgnU2eEowETsYZDsExG9MVfyypS8j2a8yO2N_NY-zV&x-i1ysm4mm--z=q, line 1: WEBGL_debug_renderer_info is deprecated in Firefox and will be removed. Please use RENDERER.
JavaScript warning: https://www.uniqlo.com/oQfZRN8zACRR/OQ/-x_RMR-EGX/k95OLrhJQ5/OXl6GHI5AQ/PnUdVS/RrZQs, line 1: WEBGL_debug_renderer_info is deprecated in Firefox and will be removed. Please use RENDERER.
1681043941796	Marionette	INFO	Stopped listening on port 57316
Dynamically enable window occlusion 1
WARNING: A blocker encountered an error while we were waiting.
          Blocker:  Waiting for ping task
          Phase: TelemetryController: Waiting for pending ping activity
          State: (none)
WARNING: Error: Phase "profile-before-change" is finished, it is too late to register completion condition "OS.File: flush I/O queued before profileBeforeChange"
WARNING: addBlocker@resource://gre/modules/AsyncShutdown.sys.mjs:727:15
addBlocker@resource://gre/modules/AsyncShutdown.sys.mjs:523:26
addBlocker@resource://gre/modules/AsyncShutdown.sys.mjs:458:15
setupShutdown@resource://gre/modules/osfile/osfile_async_front.jsm:1548:28
@resource://gre/modules/osfile/osfile_async_front.jsm:1568:16
@resource://gre/modules/osfile.jsm:12:30
@resource://gre/modules/TelemetryStorage.sys.mjs:10:28
_checkPendingPings@resource://gre/modules/TelemetrySend.sys.mjs:863:17
setup@resource://gre/modules/TelemetrySend.sys.mjs:803:18
setup@resource://gre/modules/TelemetrySend.sys.mjs:241:30
setupTelemetry/this._delayedInitTask<@resource://gre/modules/TelemetryControllerParent.sys.mjs:828:36
observe@resource://gre/modules/AsyncShutdown.sys.mjs:576:16

console.error: "TelemetryScheduler.shutdown - Already shut down"
WARNING: A blocker encountered an error while we were waiting.
          Blocker:  Waiting for ping task
          Phase: TelemetryController: Waiting for pending ping activity
          State: (none)
WARNING: Error: Phase "profile-before-change" is finished, it is too late to register completion condition "OS.File: flush I/O queued before profileBeforeChange"
WARNING: addBlocker@resource://gre/modules/AsyncShutdown.sys.mjs:727:15
addBlocker@resource://gre/modules/AsyncShutdown.sys.mjs:523:26
addBlocker@resource://gre/modules/AsyncShutdown.sys.mjs:458:15
setupShutdown@resource://gre/modules/osfile/osfile_async_front.jsm:1548:28
@resource://gre/modules/osfile/osfile_async_front.jsm:1568:16
@resource://gre/modules/osfile.jsm:12:30
@resource://gre/modules/TelemetryStorage.sys.mjs:10:28
_checkPendingPings@resource://gre/modules/TelemetrySend.sys.mjs:863:17
setup@resource://gre/modules/TelemetrySend.sys.mjs:803:18
setup@resource://gre/modules/TelemetrySend.sys.mjs:241:30
setupTelemetry/this._delayedInitTask<@resource://gre/modules/TelemetryControllerParent.sys.mjs:828:36
observe@resource://gre/modules/AsyncShutdown.sys.mjs:576:16

WARNING: A blocker encountered an error while we were waiting.
          Blocker:  Waiting for ping task
          Phase: TelemetryController: Waiting for pending ping activity
          State: (none)
WARNING: Error: Phase "profile-before-change" is finished, it is too late to register completion condition "OS.File: flush I/O queued before profileBeforeChange"
WARNING: addBlocker@resource://gre/modules/AsyncShutdown.sys.mjs:727:15
addBlocker@resource://gre/modules/AsyncShutdown.sys.mjs:523:26
addBlocker@resource://gre/modules/AsyncShutdown.sys.mjs:458:15
setupShutdown@resource://gre/modules/osfile/osfile_async_front.jsm:1548:28
@resource://gre/modules/osfile/osfile_async_front.jsm:1568:16
@resource://gre/modules/osfile.jsm:12:30
@resource://gre/modules/TelemetryStorage.sys.mjs:10:28
_checkPendingPings@resource://gre/modules/TelemetrySend.sys.mjs:863:17
setup@resource://gre/modules/TelemetrySend.sys.mjs:803:18
setup@resource://gre/modules/TelemetrySend.sys.mjs:241:30
setupTelemetry/this._delayedInitTask<@resource://gre/modules/TelemetryControllerParent.sys.mjs:828:36
observe@resource://gre/modules/AsyncShutdown.sys.mjs:576:16

WARNING: A blocker encountered an error while we were waiting.
          Blocker:  TelemetryController: shutting down
          Phase: profile-before-change-telemetry
          State: Error getting state: Error: PhaJsea "vparSocfriipt ele-rbreorf:o rree-scouhracneg:e/"/ girse /fmiondiuslheeds,/ Aistyn ciSsh uttodo loawtne .tsoy sr.emgjiss,t erl icnoem p7l2e7:t iEornr ocro: nPdhiatsieo n" p"rOSo.fFiillee-:b efflourse-h changIe"/ Ois  fquienuiesdh ebde,fo riet  pirso ftioloe Belfatoree tCo hraenggies"t aetr a dcdoBmlpolcekteiro@nr ecsondoiutirocn "eO:S/./Fgilree: /fmluosdhu lIe/Os /qAuesuyedn cbeSfhoure tprdofoilweBnef.orseyChsan.gme"js
:727:15
addJaBvlaoScripckert @errreors:o urrecse:o/u/rgcree://m/ogdreu/lmeos/duAlsesy/nAscySnhcuSthdouwtnd.oswny.ss.ymsj.s:m5j2s3,: 2l6ine 7
a2d7:d BElrorcokre:r @Prhesasoeu r"cper:of/i/lger-e/bemfoodrue-lcehsa/nAgseyn"c Sihsu tfdionwins.hsedys,. mijt iss :t4o5o 8l:a1t5e 
tsoe truepSghiusttdeorw nc@ormepsloeutricoen :c/o/ngdriet/imoodnu l"eOsS/.oFsifliel:e /folsush fIi/lOe _quaesueydn cbe_fforreo nptro.fjilsemBe:f1o5r4e8Ch:a2ng8e"

J@avraSecrsioput recrero:r/:/ rgesroeu/rmcoduel:/e/sg/roe/smofduillese/As/yoncsSfhuitlde_oawsny.nscy_sfr.omnjts.,j sml:in1e5 6782:71:6 E
r@rroers:o uPrhcae:s/e/gre /"mpordofuillees-b/eofsofriel-ec.hjasnmg:e1"2 :i30s 
f@irnisehseod, iurtc eis: /too la/tgere /tmoo dulreesg/iTselemetrytSetro rcomapglee.tsioys.nm jcso:n1d0i:t2io8n 
"_cOhSe.cFikPleen:d ifnlguPsinghs @Ir/eOs oquruceeu:/e/dgr e/beformeo pdruolfeisl/eTBeelfeomreetCrySheanndg.esy"s.
mjJs:a8vaS63c:r1i7pt
se tuepr@rroers:o urcree:s/o/ugrrcee/:/m/ogdulrees//TemleomdeutlreySse/nAds.ysyns.cmjSsh:ut8d0o3w:n1.s8y
ss.emtjusp,@ lirnees o72u7r:ce :E/r/rogrr:e /Pmhoased u"plreosf/iTelleem-ebetfroyreS-ecndh.asyns.gmej"s :is2 4fi1n:i3s0h
eds, eittu piTs etloemoe tlray/tteh itos .r_edgelayeidsItneirt Tcaosmkp<l@ertesoiuorcne :c/o/ngdriet/iomnod "uOSl.eFs/iTleel:e mfeltryusCohn tIr/Oo lqlueeruPead brefeonrte. spryos.fmijlse:B8e28f:o3r6eC
hoabnsgeer"v
eJ@arveasSocurricpet: /e/rgrroer/:mo druelseosu/rAcsey:n/c/Sgrhe/umtoddouwlne.ss/yAss.ymnjcsS:h5u7t6d:o1w6n
.sy
sW.AmjRsN,I NlGi: nEer r7o2r7::  PEhrasreo r"p:r oPfhialsee- "bperfoofre-cihlean-gbeef"o rie-s chfianngiesh"e di,s  ifti niiss hetdo, oi lt aties  tto oroe gliasttee rt oc ormepglisteetri oconm pcolnedittiioonn  c"oOnSd.iFtiiloen:  "fOlSu.sFhi leI:/ Of lquusehu eId/ Obe fqoureeu epdro filbefeBeofroreChange"
WAeRN INpG:r aoddfBliolckeeBre@rfesoourrcee:/C/hgaren/gmoedu"le
s/JAsyancvSahuStcdorwin.pstys .mejrs:r72o7:15
rad:d Blroceksero@urerscouer:ce/:///ggrre/em/odmuoledsu/AlsyenscS/huAtsdoywnnc.sSyhs.umtjsd:5o23w:n26
add.Blsoyckse.r@mrejsosu,r clei:/n/gree/ mo7d2ul7e:s/ AEsryrncoSrh:ut doPwhna.ssyes.m js":4p5r8:o1f5i
sleteup-Sbhuetfdoowrn@er-ecsohaunrcge:e/"/g rei/modules/osfile/osfile_sas yfnci_nfirosnt.jhsem:d154,8 :2i8t
@ riessou rtceo://ogr el/maotdeul etso/ osrfeiglei/sostfielre_as ycnco_fmropntl.ejstmi:1o5n6 8c:16on
@driestoiuorcne :/"/gOrSe./moFdiullees/:os fiflleus.hjs mI:12/:3O0 q
u@reeuseoudr cbe:e/f/gorer/em odpurloefsi/lTeeBleemetrfyoStroreaCghe.asnygs.em"js:
10:28
_checkPendingPings@resource://gre/modules/TelemetrySend.sys.mjs:863:17
setup@resource://gre/modules/TelemetrySend.sys.mjs:803:18
setup@resource://gre/modules/TelemetrySend.sys.mjs:241:30
setupTelemetry/this._delayedInitTask<@resource://gre/modules/TelemetryControllerParent.sys.mjs:828:36
observe@resource://gre/modules/AsyncShutdown.sys.mjs:576:16

]]></system-err>
  </testcase>
  <testcase name="Fitur Menu Baby #5" classname="Baby" time="8.589">
    <system-out><![CDATA[
@baby
Scenario Outline: Fitur Menu Baby &amp#27;[90m# src/test/resources/features/Baby.feature:17&amp#27;[0m
19:39:02.761 [main] INFO io.cucumber.core.plugin.SerenityReporter - Running feature from file:///C:/Users/alwi/IdeaProjects/uniqloweb/src/test/resources/features/Baby.feature
19:39:02.778 [main] INFO net.serenitybdd.core.webdriver.driverproviders.FirefoxDriverProvider - Using automatically driver download
19:39:02.881 [main] DEBUG io.github.bonigarcia.wdm.cache.ResolutionCache - Resolution firefox=111 in cache (valid until 20:30:50 09/04/2023 WIB)
19:39:02.884 [main] DEBUG io.github.bonigarcia.wdm.cache.ResolutionCache - Resolution firefox111=0.32.2 in cache (valid until 19:30:50 10/04/2023 WIB)
19:39:02.886 [main] INFO io.github.bonigarcia.wdm.WebDriverManager - Using geckodriver 0.32.2 (resolved driver for Firefox 111)
19:39:02.903 [main] DEBUG io.github.bonigarcia.wdm.WebDriverManager - Driver geckodriver 0.32.2 found in cache
19:39:02.904 [main] INFO io.github.bonigarcia.wdm.WebDriverManager - Exporting webdriver.gecko.driver as C:\Users\alwi\.cache\selenium\geckodriver\win64\0.32.2\geckodriver.exe
19:39:02.919 [main] DEBUG net.serenitybdd.core.webdriver.driverproviders.ProvideNewDriver - Instantiating driver
19:39:02.920 [main] DEBUG net.serenitybdd.core.webdriver.driverproviders.ProvideNewDriver - Driver capabilities: Capabilities {acceptInsecureCerts: true, browserName: firefox, moz:debuggerAddress: true, moz:firefoxOptions: {args: [], profile: UEsDBBQACAgIAOGciVYAAAAAAAA...}}
19:39:03.224 [AsyncHttpClient-1-1] DEBUG org.asynchttpclient.netty.channel.DefaultChannelPool - Entry count for : http://localhost:52886 : 1
19:39:03.224 [AsyncHttpClient-1-1] DEBUG org.asynchttpclient.netty.channel.DefaultChannelPool - Adding Candidate expired Channel [id: 0xd3ac22b8, L:/127.0.0.1:57313 ! R:localhost/127.0.0.1:52886] isIdleTimeoutExpired=false isRemotelyClosed=true isTtlExpired=false
19:39:03.224 [AsyncHttpClient-1-1] DEBUG org.asynchttpclient.netty.channel.DefaultChannelPool - Closing Idle Channel [id: 0xd3ac22b8, L:/127.0.0.1:57313 ! R:localhost/127.0.0.1:52886]
19:39:03.224 [AsyncHttpClient-1-1] DEBUG org.asynchttpclient.netty.channel.DefaultChannelPool - Closed 1 connections out of 1 in 0 ms
19:39:03.447 [AsyncHttpClient-1-12] DEBUG org.asynchttpclient.netty.channel.NettyConnectListener - Using new Channel '[id: 0xe15568e6, L:/127.0.0.1:57420 - R:localhost/127.0.0.1:50811]' for 'POST' to '/session'
19:39:05.845 [AsyncHttpClient-1-12] DEBUG org.asynchttpclient.netty.handler.HttpHandler - 

Request DefaultHttpRequest(decodeResult: success, version: HTTP/1.1)
POST /session HTTP/1.1
User-Agent: selenium/4.1.2 (java windows)
Content-Length: 3673
Content-Type: application/json; charset=utf-8
host: localhost:50811
accept: */*

Response DefaultHttpResponse(decodeResult: success, version: HTTP/1.1)
HTTP/1.1 200 OK
content-type: application/json; charset=utf-8
cache-control: no-cache
date: Sun, 09 Apr 2023 12:39:03 GMT
content-length: 790

19:39:05.845 [AsyncHttpClient-1-12] DEBUG org.asynchttpclient.netty.channel.ChannelManager - Adding key: http://localhost:50811 for channel [id: 0xe15568e6, L:/127.0.0.1:57420 - R:localhost/127.0.0.1:50811]
19:39:05.851 [AsyncHttpClient-1-13] DEBUG org.asynchttpclient.netty.channel.NettyConnectListener - Using new Channel '[id: 0xffb960b0, L:/127.0.0.1:57437 - R:/127.0.0.1:55081]' for 'GET' to '/json/version'
19:39:05.856 [AsyncHttpClient-1-13] DEBUG org.asynchttpclient.netty.handler.HttpHandler - 

Request DefaultFullHttpRequest(decodeResult: success, version: HTTP/1.1, content: EmptyByteBufBE)
GET /json/version HTTP/1.1
User-Agent: selenium/4.1.2 (java windows)
host: 127.0.0.1:55081
accept: */*

Response DefaultHttpResponse(decodeResult: success, version: HTTP/1.1)
HTTP/1.1 200 OK
content-type: application/json
connection: close
server: httpd.js
date: Sun, 09 Apr 2023 12:39:05 GMT
content-length: 311

19:39:05.856 [AsyncHttpClient-1-13] DEBUG org.asynchttpclient.netty.channel.ChannelManager - Closing Channel [id: 0xffb960b0, L:/127.0.0.1:57437 - R:/127.0.0.1:55081] 
19:39:05.857 [AsyncHttpClient-1-13] DEBUG org.asynchttpclient.netty.handler.HttpHandler - Channel Closed: [id: 0xffb960b0, L:/127.0.0.1:57437 ! R:/127.0.0.1:55081] with attribute DISCARD
19:39:05.859 [Forwarding get on session 4c5eb325-3880-4258-afaf-33899f47b2e1 to remote] DEBUG org.asynchttpclient.netty.request.NettyRequestSender - Using pooled Channel '[id: 0xe15568e6, L:/127.0.0.1:57420 - R:localhost/127.0.0.1:50811]' for 'POST' to 'http://localhost:50811/session/4c5eb325-3880-4258-afaf-33899f47b2e1/url'
19:39:05.859 [Forwarding get on session 4c5eb325-3880-4258-afaf-33899f47b2e1 to remote] DEBUG org.asynchttpclient.netty.request.NettyRequestSender - Using open Channel [id: 0xe15568e6, L:/127.0.0.1:57420 - R:localhost/127.0.0.1:50811] for POST '/session/4c5eb325-3880-4258-afaf-33899f47b2e1/url'
19:39:06.733 [AsyncHttpClient-1-12] DEBUG org.asynchttpclient.netty.handler.HttpHandler - 

Request DefaultHttpRequest(decodeResult: success, version: HTTP/1.1)
POST /session/4c5eb325-3880-4258-afaf-33899f47b2e1/url HTTP/1.1
User-Agent: selenium/4.1.2 (java windows)
Content-Length: 53
Content-Type: application/json; charset=utf-8
host: localhost:50811
accept: */*

Response DefaultHttpResponse(decodeResult: success, version: HTTP/1.1)
HTTP/1.1 200 OK
content-type: application/json; charset=utf-8
cache-control: no-cache
date: Sun, 09 Apr 2023 12:39:05 GMT
content-length: 14

19:39:06.733 [AsyncHttpClient-1-12] DEBUG org.asynchttpclient.netty.channel.ChannelManager - Adding key: http://localhost:50811 for channel [id: 0xe15568e6, L:/127.0.0.1:57420 - R:localhost/127.0.0.1:50811]
19:39:06.735 [Forwarding setTimeout on session 4c5eb325-3880-4258-afaf-33899f47b2e1 to remote] DEBUG org.asynchttpclient.netty.request.NettyRequestSender - Using pooled Channel '[id: 0xe15568e6, L:/127.0.0.1:57420 - R:localhost/127.0.0.1:50811]' for 'POST' to 'http://localhost:50811/session/4c5eb325-3880-4258-afaf-33899f47b2e1/timeouts'
19:39:06.735 [Forwarding setTimeout on session 4c5eb325-3880-4258-afaf-33899f47b2e1 to remote] DEBUG org.asynchttpclient.netty.request.NettyRequestSender - Using open Channel [id: 0xe15568e6, L:/127.0.0.1:57420 - R:localhost/127.0.0.1:50811] for POST '/session/4c5eb325-3880-4258-afaf-33899f47b2e1/timeouts'
19:39:06.742 [AsyncHttpClient-1-12] DEBUG org.asynchttpclient.netty.handler.HttpHandler - 

Request DefaultHttpRequest(decodeResult: success, version: HTTP/1.1)
POST /session/4c5eb325-3880-4258-afaf-33899f47b2e1/timeouts HTTP/1.1
User-Agent: selenium/4.1.2 (java windows)
Content-Length: 22
Content-Type: application/json; charset=utf-8
host: localhost:50811
accept: */*

Response DefaultHttpResponse(decodeResult: success, version: HTTP/1.1)
HTTP/1.1 200 OK
content-type: application/json; charset=utf-8
cache-control: no-cache
date: Sun, 09 Apr 2023 12:39:05 GMT
content-length: 14

19:39:06.742 [AsyncHttpClient-1-12] DEBUG org.asynchttpclient.netty.channel.ChannelManager - Adding key: http://localhost:50811 for channel [id: 0xe15568e6, L:/127.0.0.1:57420 - R:localhost/127.0.0.1:50811]
19:39:06.747 [Forwarding getCurrentUrl on session 4c5eb325-3880-4258-afaf-33899f47b2e1 to remote] DEBUG org.asynchttpclient.netty.request.NettyRequestSender - Using pooled Channel '[id: 0xe15568e6, L:/127.0.0.1:57420 - R:localhost/127.0.0.1:50811]' for 'GET' to 'http://localhost:50811/session/4c5eb325-3880-4258-afaf-33899f47b2e1/url'
19:39:06.747 [Forwarding getCurrentUrl on session 4c5eb325-3880-4258-afaf-33899f47b2e1 to remote] DEBUG org.asynchttpclient.netty.request.NettyRequestSender - Using open Channel [id: 0xe15568e6, L:/127.0.0.1:57420 - R:localhost/127.0.0.1:50811] for GET '/session/4c5eb325-3880-4258-afaf-33899f47b2e1/url'
19:39:06.750 [AsyncHttpClient-1-12] DEBUG org.asynchttpclient.netty.handler.HttpHandler - 

Request DefaultFullHttpRequest(decodeResult: success, version: HTTP/1.1, content: EmptyByteBufBE)
GET /session/4c5eb325-3880-4258-afaf-33899f47b2e1/url HTTP/1.1
User-Agent: selenium/4.1.2 (java windows)
Cache-Control: no-cache
Content-Type: application/json; charset=utf-8
host: localhost:50811
accept: */*

Response DefaultHttpResponse(decodeResult: success, version: HTTP/1.1)
HTTP/1.1 200 OK
content-type: application/json; charset=utf-8
cache-control: no-cache
date: Sun, 09 Apr 2023 12:39:05 GMT
content-length: 41

19:39:06.751 [AsyncHttpClient-1-12] DEBUG org.asynchttpclient.netty.channel.ChannelManager - Adding key: http://localhost:50811 for channel [id: 0xe15568e6, L:/127.0.0.1:57420 - R:localhost/127.0.0.1:50811]
  &amp#27;[32mGiven &amp#27;[0m&amp#27;[32mI am on the home page&amp#27;[0m     &amp#27;[90m# starter.stepdefinitions.BabyStep.iAmOnTheHomePage()&amp#27;[0m
19:39:06.756 [Forwarding screenshot on session 4c5eb325-3880-4258-afaf-33899f47b2e1 to remote] DEBUG org.asynchttpclient.netty.request.NettyRequestSender - Using pooled Channel '[id: 0xe15568e6, L:/127.0.0.1:57420 - R:localhost/127.0.0.1:50811]' for 'GET' to 'http://localhost:50811/session/4c5eb325-3880-4258-afaf-33899f47b2e1/screenshot'
19:39:06.756 [Forwarding screenshot on session 4c5eb325-3880-4258-afaf-33899f47b2e1 to remote] DEBUG org.asynchttpclient.netty.request.NettyRequestSender - Using open Channel [id: 0xe15568e6, L:/127.0.0.1:57420 - R:localhost/127.0.0.1:50811] for GET '/session/4c5eb325-3880-4258-afaf-33899f47b2e1/screenshot'
19:39:07.436 [AsyncHttpClient-1-12] DEBUG org.asynchttpclient.netty.handler.HttpHandler - 

Request DefaultFullHttpRequest(decodeResult: success, version: HTTP/1.1, content: EmptyByteBufBE)
GET /session/4c5eb325-3880-4258-afaf-33899f47b2e1/screenshot HTTP/1.1
User-Agent: selenium/4.1.2 (java windows)
Cache-Control: no-cache
Content-Type: application/json; charset=utf-8
host: localhost:50811
accept: */*

Response DefaultHttpResponse(decodeResult: success, version: HTTP/1.1)
HTTP/1.1 200 OK
content-type: application/json; charset=utf-8
cache-control: no-cache
date: Sun, 09 Apr 2023 12:39:05 GMT
content-length: 69992

19:39:07.437 [AsyncHttpClient-1-12] DEBUG org.asynchttpclient.netty.channel.ChannelManager - Adding key: http://localhost:50811 for channel [id: 0xe15568e6, L:/127.0.0.1:57420 - R:localhost/127.0.0.1:50811]
19:39:07.442 [main] DEBUG net.serenitybdd.core.photography.Darkroom - Send negative for processing for target\site\serenity\5cf20f76f85cdfbdf01fc8bf7c450a19e5ddf5eb3e8351a9cdd1b31b51baeb72.png
19:39:07.443 [Darkroom Processing Line] DEBUG net.serenitybdd.core.photography.DarkroomProcessingLine - Processing screenshot image in /var/screenshots/screenshot-1253297870280198331
19:39:07.443 [Darkroom Processing Line] DEBUG net.serenitybdd.core.photography.DarkroomProcessingLine - Saving screenshot to target\site\serenity\5cf20f76f85cdfbdf01fc8bf7c450a19e5ddf5eb3e8351a9cdd1b31b51baeb72.png
19:39:07.456 [Forwarding findElement on session 4c5eb325-3880-4258-afaf-33899f47b2e1 to remote] DEBUG org.asynchttpclient.netty.request.NettyRequestSender - Using pooled Channel '[id: 0xe15568e6, L:/127.0.0.1:57420 - R:localhost/127.0.0.1:50811]' for 'POST' to 'http://localhost:50811/session/4c5eb325-3880-4258-afaf-33899f47b2e1/element'
19:39:07.456 [Forwarding findElement on session 4c5eb325-3880-4258-afaf-33899f47b2e1 to remote] DEBUG org.asynchttpclient.netty.request.NettyRequestSender - Using open Channel [id: 0xe15568e6, L:/127.0.0.1:57420 - R:localhost/127.0.0.1:50811] for POST '/session/4c5eb325-3880-4258-afaf-33899f47b2e1/element'
19:39:07.728 [AsyncHttpClient-1-12] DEBUG org.asynchttpclient.netty.handler.HttpHandler - 

Request DefaultHttpRequest(decodeResult: success, version: HTTP/1.1)
POST /session/4c5eb325-3880-4258-afaf-33899f47b2e1/element HTTP/1.1
User-Agent: selenium/4.1.2 (java windows)
Content-Length: 81
Content-Type: application/json; charset=utf-8
host: localhost:50811
accept: */*

Response DefaultHttpResponse(decodeResult: success, version: HTTP/1.1)
HTTP/1.1 200 OK
content-type: application/json; charset=utf-8
cache-control: no-cache
date: Sun, 09 Apr 2023 12:39:07 GMT
content-length: 88

19:39:07.728 [AsyncHttpClient-1-12] DEBUG org.asynchttpclient.netty.channel.ChannelManager - Adding key: http://localhost:50811 for channel [id: 0xe15568e6, L:/127.0.0.1:57420 - R:localhost/127.0.0.1:50811]
19:39:07.730 [Forwarding getElementTagName on session 4c5eb325-3880-4258-afaf-33899f47b2e1 to remote] DEBUG org.asynchttpclient.netty.request.NettyRequestSender - Using pooled Channel '[id: 0xe15568e6, L:/127.0.0.1:57420 - R:localhost/127.0.0.1:50811]' for 'GET' to 'http://localhost:50811/session/4c5eb325-3880-4258-afaf-33899f47b2e1/element/e29ea1c6-2e9d-49de-998d-af4b8b0d6223/name'
19:39:07.730 [Forwarding getElementTagName on session 4c5eb325-3880-4258-afaf-33899f47b2e1 to remote] DEBUG org.asynchttpclient.netty.request.NettyRequestSender - Using open Channel [id: 0xe15568e6, L:/127.0.0.1:57420 - R:localhost/127.0.0.1:50811] for GET '/session/4c5eb325-3880-4258-afaf-33899f47b2e1/element/e29ea1c6-2e9d-49de-998d-af4b8b0d6223/name'
19:39:07.742 [AsyncHttpClient-1-12] DEBUG org.asynchttpclient.netty.handler.HttpHandler - 

Request DefaultFullHttpRequest(decodeResult: success, version: HTTP/1.1, content: EmptyByteBufBE)
GET /session/4c5eb325-3880-4258-afaf-33899f47b2e1/element/e29ea1c6-2e9d-49de-998d-af4b8b0d6223/name HTTP/1.1
User-Agent: selenium/4.1.2 (java windows)
Cache-Control: no-cache
Content-Type: application/json; charset=utf-8
host: localhost:50811
accept: */*

Response DefaultHttpResponse(decodeResult: success, version: HTTP/1.1)
HTTP/1.1 200 OK
content-type: application/json; charset=utf-8
cache-control: no-cache
date: Sun, 09 Apr 2023 12:39:07 GMT
content-length: 16

19:39:07.743 [AsyncHttpClient-1-12] DEBUG org.asynchttpclient.netty.channel.ChannelManager - Adding key: http://localhost:50811 for channel [id: 0xe15568e6, L:/127.0.0.1:57420 - R:localhost/127.0.0.1:50811]
19:39:07.744 [Forwarding getElementTagName on session 4c5eb325-3880-4258-afaf-33899f47b2e1 to remote] DEBUG org.asynchttpclient.netty.request.NettyRequestSender - Using pooled Channel '[id: 0xe15568e6, L:/127.0.0.1:57420 - R:localhost/127.0.0.1:50811]' for 'GET' to 'http://localhost:50811/session/4c5eb325-3880-4258-afaf-33899f47b2e1/element/e29ea1c6-2e9d-49de-998d-af4b8b0d6223/name'
19:39:07.744 [Forwarding getElementTagName on session 4c5eb325-3880-4258-afaf-33899f47b2e1 to remote] DEBUG org.asynchttpclient.netty.request.NettyRequestSender - Using open Channel [id: 0xe15568e6, L:/127.0.0.1:57420 - R:localhost/127.0.0.1:50811] for GET '/session/4c5eb325-3880-4258-afaf-33899f47b2e1/element/e29ea1c6-2e9d-49de-998d-af4b8b0d6223/name'
19:39:07.777 [AsyncHttpClient-1-12] DEBUG org.asynchttpclient.netty.handler.HttpHandler - 

Request DefaultFullHttpRequest(decodeResult: success, version: HTTP/1.1, content: EmptyByteBufBE)
GET /session/4c5eb325-3880-4258-afaf-33899f47b2e1/element/e29ea1c6-2e9d-49de-998d-af4b8b0d6223/name HTTP/1.1
User-Agent: selenium/4.1.2 (java windows)
Cache-Control: no-cache
Content-Type: application/json; charset=utf-8
host: localhost:50811
accept: */*

Response DefaultHttpResponse(decodeResult: success, version: HTTP/1.1)
HTTP/1.1 200 OK
content-type: application/json; charset=utf-8
cache-control: no-cache
date: Sun, 09 Apr 2023 12:39:07 GMT
content-length: 16

19:39:07.777 [AsyncHttpClient-1-12] DEBUG org.asynchttpclient.netty.channel.ChannelManager - Adding key: http://localhost:50811 for channel [id: 0xe15568e6, L:/127.0.0.1:57420 - R:localhost/127.0.0.1:50811]
19:39:07.780 [Forwarding findElement on session 4c5eb325-3880-4258-afaf-33899f47b2e1 to remote] DEBUG org.asynchttpclient.netty.request.NettyRequestSender - Using pooled Channel '[id: 0xe15568e6, L:/127.0.0.1:57420 - R:localhost/127.0.0.1:50811]' for 'POST' to 'http://localhost:50811/session/4c5eb325-3880-4258-afaf-33899f47b2e1/element'
19:39:07.780 [Forwarding findElement on session 4c5eb325-3880-4258-afaf-33899f47b2e1 to remote] DEBUG org.asynchttpclient.netty.request.NettyRequestSender - Using open Channel [id: 0xe15568e6, L:/127.0.0.1:57420 - R:localhost/127.0.0.1:50811] for POST '/session/4c5eb325-3880-4258-afaf-33899f47b2e1/element'
19:39:08.158 [AsyncHttpClient-1-12] DEBUG org.asynchttpclient.netty.handler.HttpHandler - 

Request DefaultHttpRequest(decodeResult: success, version: HTTP/1.1)
POST /session/4c5eb325-3880-4258-afaf-33899f47b2e1/element HTTP/1.1
User-Agent: selenium/4.1.2 (java windows)
Content-Length: 81
Content-Type: application/json; charset=utf-8
host: localhost:50811
accept: */*

Response DefaultHttpResponse(decodeResult: success, version: HTTP/1.1)
HTTP/1.1 200 OK
content-type: application/json; charset=utf-8
cache-control: no-cache
date: Sun, 09 Apr 2023 12:39:07 GMT
content-length: 88

19:39:08.158 [AsyncHttpClient-1-12] DEBUG org.asynchttpclient.netty.channel.ChannelManager - Adding key: http://localhost:50811 for channel [id: 0xe15568e6, L:/127.0.0.1:57420 - R:localhost/127.0.0.1:50811]
19:39:08.161 [Forwarding clickElement on session 4c5eb325-3880-4258-afaf-33899f47b2e1 to remote] DEBUG org.asynchttpclient.netty.request.NettyRequestSender - Using pooled Channel '[id: 0xe15568e6, L:/127.0.0.1:57420 - R:localhost/127.0.0.1:50811]' for 'POST' to 'http://localhost:50811/session/4c5eb325-3880-4258-afaf-33899f47b2e1/element/e29ea1c6-2e9d-49de-998d-af4b8b0d6223/click'
19:39:08.161 [Forwarding clickElement on session 4c5eb325-3880-4258-afaf-33899f47b2e1 to remote] DEBUG org.asynchttpclient.netty.request.NettyRequestSender - Using open Channel [id: 0xe15568e6, L:/127.0.0.1:57420 - R:localhost/127.0.0.1:50811] for POST '/session/4c5eb325-3880-4258-afaf-33899f47b2e1/element/e29ea1c6-2e9d-49de-998d-af4b8b0d6223/click'
19:39:09.017 [AsyncHttpClient-1-12] DEBUG org.asynchttpclient.netty.handler.HttpHandler - 

Request DefaultHttpRequest(decodeResult: success, version: HTTP/1.1)
POST /session/4c5eb325-3880-4258-afaf-33899f47b2e1/element/e29ea1c6-2e9d-49de-998d-af4b8b0d6223/click HTTP/1.1
User-Agent: selenium/4.1.2 (java windows)
Content-Length: 50
Content-Type: application/json; charset=utf-8
host: localhost:50811
accept: */*

Response DefaultHttpResponse(decodeResult: success, version: HTTP/1.1)
HTTP/1.1 200 OK
content-type: application/json; charset=utf-8
cache-control: no-cache
date: Sun, 09 Apr 2023 12:39:07 GMT
content-length: 14

19:39:09.018 [AsyncHttpClient-1-12] DEBUG org.asynchttpclient.netty.channel.ChannelManager - Adding key: http://localhost:50811 for channel [id: 0xe15568e6, L:/127.0.0.1:57420 - R:localhost/127.0.0.1:50811]
  &amp#27;[32mThen &amp#27;[0m&amp#27;[32mI click baby on the header&amp#27;[0m &amp#27;[90m# starter.stepdefinitions.BabyStep.iClickBabyOnTheHeader()&amp#27;[0m
19:39:09.023 [Forwarding screenshot on session 4c5eb325-3880-4258-afaf-33899f47b2e1 to remote] DEBUG org.asynchttpclient.netty.request.NettyRequestSender - Using pooled Channel '[id: 0xe15568e6, L:/127.0.0.1:57420 - R:localhost/127.0.0.1:50811]' for 'GET' to 'http://localhost:50811/session/4c5eb325-3880-4258-afaf-33899f47b2e1/screenshot'
19:39:09.023 [Forwarding screenshot on session 4c5eb325-3880-4258-afaf-33899f47b2e1 to remote] DEBUG org.asynchttpclient.netty.request.NettyRequestSender - Using open Channel [id: 0xe15568e6, L:/127.0.0.1:57420 - R:localhost/127.0.0.1:50811] for GET '/session/4c5eb325-3880-4258-afaf-33899f47b2e1/screenshot'
19:39:09.173 [AsyncHttpClient-1-12] DEBUG org.asynchttpclient.netty.handler.HttpHandler - 

Request DefaultFullHttpRequest(decodeResult: success, version: HTTP/1.1, content: EmptyByteBufBE)
GET /session/4c5eb325-3880-4258-afaf-33899f47b2e1/screenshot HTTP/1.1
User-Agent: selenium/4.1.2 (java windows)
Cache-Control: no-cache
Content-Type: application/json; charset=utf-8
host: localhost:50811
accept: */*

Response DefaultHttpResponse(decodeResult: success, version: HTTP/1.1)
HTTP/1.1 200 OK
content-type: application/json; charset=utf-8
cache-control: no-cache
date: Sun, 09 Apr 2023 12:39:09 GMT
content-length: 98024

19:39:09.174 [AsyncHttpClient-1-12] DEBUG org.asynchttpclient.netty.channel.ChannelManager - Adding key: http://localhost:50811 for channel [id: 0xe15568e6, L:/127.0.0.1:57420 - R:localhost/127.0.0.1:50811]
19:39:09.180 [main] DEBUG net.serenitybdd.core.photography.Darkroom - Send negative for processing for target\site\serenity\bcb9a8d665d2c58a930e922f816fcc3ebc2aef855b882f3d531e7c9aa320b06d.png
19:39:09.196 [Forwarding findElement on session 4c5eb325-3880-4258-afaf-33899f47b2e1 to remote] DEBUG org.asynchttpclient.netty.request.NettyRequestSender - Using pooled Channel '[id: 0xe15568e6, L:/127.0.0.1:57420 - R:localhost/127.0.0.1:50811]' for 'POST' to 'http://localhost:50811/session/4c5eb325-3880-4258-afaf-33899f47b2e1/element'
19:39:09.196 [Forwarding findElement on session 4c5eb325-3880-4258-afaf-33899f47b2e1 to remote] DEBUG org.asynchttpclient.netty.request.NettyRequestSender - Using open Channel [id: 0xe15568e6, L:/127.0.0.1:57420 - R:localhost/127.0.0.1:50811] for POST '/session/4c5eb325-3880-4258-afaf-33899f47b2e1/element'
19:39:09.215 [AsyncHttpClient-1-12] DEBUG org.asynchttpclient.netty.handler.HttpHandler - 

Request DefaultHttpRequest(decodeResult: success, version: HTTP/1.1)
POST /session/4c5eb325-3880-4258-afaf-33899f47b2e1/element HTTP/1.1
User-Agent: selenium/4.1.2 (java windows)
Content-Length: 104
Content-Type: application/json; charset=utf-8
host: localhost:50811
accept: */*

Response DefaultHttpResponse(decodeResult: success, version: HTTP/1.1)
HTTP/1.1 200 OK
content-type: application/json; charset=utf-8
cache-control: no-cache
date: Sun, 09 Apr 2023 12:39:09 GMT
content-length: 88

19:39:09.216 [AsyncHttpClient-1-12] DEBUG org.asynchttpclient.netty.channel.ChannelManager - Adding key: http://localhost:50811 for channel [id: 0xe15568e6, L:/127.0.0.1:57420 - R:localhost/127.0.0.1:50811]
19:39:09.219 [Forwarding getElementTagName on session 4c5eb325-3880-4258-afaf-33899f47b2e1 to remote] DEBUG org.asynchttpclient.netty.request.NettyRequestSender - Using pooled Channel '[id: 0xe15568e6, L:/127.0.0.1:57420 - R:localhost/127.0.0.1:50811]' for 'GET' to 'http://localhost:50811/session/4c5eb325-3880-4258-afaf-33899f47b2e1/element/dfa07946-444a-415c-9c8e-1c84c6abb14b/name'
19:39:09.220 [Forwarding getElementTagName on session 4c5eb325-3880-4258-afaf-33899f47b2e1 to remote] DEBUG org.asynchttpclient.netty.request.NettyRequestSender - Using open Channel [id: 0xe15568e6, L:/127.0.0.1:57420 - R:localhost/127.0.0.1:50811] for GET '/session/4c5eb325-3880-4258-afaf-33899f47b2e1/element/dfa07946-444a-415c-9c8e-1c84c6abb14b/name'
19:39:09.260 [AsyncHttpClient-1-12] DEBUG org.asynchttpclient.netty.handler.HttpHandler - 

Request DefaultFullHttpRequest(decodeResult: success, version: HTTP/1.1, content: EmptyByteBufBE)
GET /session/4c5eb325-3880-4258-afaf-33899f47b2e1/element/dfa07946-444a-415c-9c8e-1c84c6abb14b/name HTTP/1.1
User-Agent: selenium/4.1.2 (java windows)
Cache-Control: no-cache
Content-Type: application/json; charset=utf-8
host: localhost:50811
accept: */*

Response DefaultHttpResponse(decodeResult: success, version: HTTP/1.1)
HTTP/1.1 200 OK
content-type: application/json; charset=utf-8
cache-control: no-cache
date: Sun, 09 Apr 2023 12:39:09 GMT
content-length: 16

19:39:09.260 [AsyncHttpClient-1-12] DEBUG org.asynchttpclient.netty.channel.ChannelManager - Adding key: http://localhost:50811 for channel [id: 0xe15568e6, L:/127.0.0.1:57420 - R:localhost/127.0.0.1:50811]
19:39:09.262 [Forwarding getElementTagName on session 4c5eb325-3880-4258-afaf-33899f47b2e1 to remote] DEBUG org.asynchttpclient.netty.request.NettyRequestSender - Using pooled Channel '[id: 0xe15568e6, L:/127.0.0.1:57420 - R:localhost/127.0.0.1:50811]' for 'GET' to 'http://localhost:50811/session/4c5eb325-3880-4258-afaf-33899f47b2e1/element/dfa07946-444a-415c-9c8e-1c84c6abb14b/name'
19:39:09.262 [Forwarding getElementTagName on session 4c5eb325-3880-4258-afaf-33899f47b2e1 to remote] DEBUG org.asynchttpclient.netty.request.NettyRequestSender - Using open Channel [id: 0xe15568e6, L:/127.0.0.1:57420 - R:localhost/127.0.0.1:50811] for GET '/session/4c5eb325-3880-4258-afaf-33899f47b2e1/element/dfa07946-444a-415c-9c8e-1c84c6abb14b/name'
19:39:09.448 [AsyncHttpClient-1-12] DEBUG org.asynchttpclient.netty.handler.HttpHandler - 

Request DefaultFullHttpRequest(decodeResult: success, version: HTTP/1.1, content: EmptyByteBufBE)
GET /session/4c5eb325-3880-4258-afaf-33899f47b2e1/element/dfa07946-444a-415c-9c8e-1c84c6abb14b/name HTTP/1.1
User-Agent: selenium/4.1.2 (java windows)
Cache-Control: no-cache
Content-Type: application/json; charset=utf-8
host: localhost:50811
accept: */*

Response DefaultHttpResponse(decodeResult: success, version: HTTP/1.1)
HTTP/1.1 200 OK
content-type: application/json; charset=utf-8
cache-control: no-cache
date: Sun, 09 Apr 2023 12:39:09 GMT
content-length: 16

19:39:09.448 [AsyncHttpClient-1-12] DEBUG org.asynchttpclient.netty.channel.ChannelManager - Adding key: http://localhost:50811 for channel [id: 0xe15568e6, L:/127.0.0.1:57420 - R:localhost/127.0.0.1:50811]
19:39:09.453 [Forwarding findElement on session 4c5eb325-3880-4258-afaf-33899f47b2e1 to remote] DEBUG org.asynchttpclient.netty.request.NettyRequestSender - Using pooled Channel '[id: 0xe15568e6, L:/127.0.0.1:57420 - R:localhost/127.0.0.1:50811]' for 'POST' to 'http://localhost:50811/session/4c5eb325-3880-4258-afaf-33899f47b2e1/element'
19:39:09.453 [Forwarding findElement on session 4c5eb325-3880-4258-afaf-33899f47b2e1 to remote] DEBUG org.asynchttpclient.netty.request.NettyRequestSender - Using open Channel [id: 0xe15568e6, L:/127.0.0.1:57420 - R:localhost/127.0.0.1:50811] for POST '/session/4c5eb325-3880-4258-afaf-33899f47b2e1/element'
19:39:09.480 [AsyncHttpClient-1-12] DEBUG org.asynchttpclient.netty.handler.HttpHandler - 

Request DefaultHttpRequest(decodeResult: success, version: HTTP/1.1)
POST /session/4c5eb325-3880-4258-afaf-33899f47b2e1/element HTTP/1.1
User-Agent: selenium/4.1.2 (java windows)
Content-Length: 104
Content-Type: application/json; charset=utf-8
host: localhost:50811
accept: */*

Response DefaultHttpResponse(decodeResult: success, version: HTTP/1.1)
HTTP/1.1 200 OK
content-type: application/json; charset=utf-8
cache-control: no-cache
date: Sun, 09 Apr 2023 12:39:09 GMT
content-length: 88

19:39:09.481 [AsyncHttpClient-1-12] DEBUG org.asynchttpclient.netty.channel.ChannelManager - Adding key: http://localhost:50811 for channel [id: 0xe15568e6, L:/127.0.0.1:57420 - R:localhost/127.0.0.1:50811]
19:39:09.482 [Forwarding clickElement on session 4c5eb325-3880-4258-afaf-33899f47b2e1 to remote] DEBUG org.asynchttpclient.netty.request.NettyRequestSender - Using pooled Channel '[id: 0xe15568e6, L:/127.0.0.1:57420 - R:localhost/127.0.0.1:50811]' for 'POST' to 'http://localhost:50811/session/4c5eb325-3880-4258-afaf-33899f47b2e1/element/dfa07946-444a-415c-9c8e-1c84c6abb14b/click'
19:39:09.483 [Forwarding clickElement on session 4c5eb325-3880-4258-afaf-33899f47b2e1 to remote] DEBUG org.asynchttpclient.netty.request.NettyRequestSender - Using open Channel [id: 0xe15568e6, L:/127.0.0.1:57420 - R:localhost/127.0.0.1:50811] for POST '/session/4c5eb325-3880-4258-afaf-33899f47b2e1/element/dfa07946-444a-415c-9c8e-1c84c6abb14b/click'
19:39:10.045 [AsyncHttpClient-1-12] DEBUG org.asynchttpclient.netty.handler.HttpHandler - 

Request DefaultHttpRequest(decodeResult: success, version: HTTP/1.1)
POST /session/4c5eb325-3880-4258-afaf-33899f47b2e1/element/dfa07946-444a-415c-9c8e-1c84c6abb14b/click HTTP/1.1
User-Agent: selenium/4.1.2 (java windows)
Content-Length: 50
Content-Type: application/json; charset=utf-8
host: localhost:50811
accept: */*

Response DefaultHttpResponse(decodeResult: success, version: HTTP/1.1)
HTTP/1.1 200 OK
content-type: application/json; charset=utf-8
cache-control: no-cache
date: Sun, 09 Apr 2023 12:39:09 GMT
content-length: 14

19:39:10.045 [AsyncHttpClient-1-12] DEBUG org.asynchttpclient.netty.channel.ChannelManager - Adding key: http://localhost:50811 for channel [id: 0xe15568e6, L:/127.0.0.1:57420 - R:localhost/127.0.0.1:50811]
  &amp#27;[32mWhen &amp#27;[0m&amp#27;[32mI will go to &amp#27;[0m&amp#27;[32m&amp#27;[1m"luaran1"&amp#27;[0m     &amp#27;[90m# starter.stepdefinitions.BabyStep.iWillGoTo(java.lang.String)&amp#27;[0m
19:39:10.052 [Forwarding screenshot on session 4c5eb325-3880-4258-afaf-33899f47b2e1 to remote] DEBUG org.asynchttpclient.netty.request.NettyRequestSender - Using pooled Channel '[id: 0xe15568e6, L:/127.0.0.1:57420 - R:localhost/127.0.0.1:50811]' for 'GET' to 'http://localhost:50811/session/4c5eb325-3880-4258-afaf-33899f47b2e1/screenshot'
19:39:10.052 [Forwarding screenshot on session 4c5eb325-3880-4258-afaf-33899f47b2e1 to remote] DEBUG org.asynchttpclient.netty.request.NettyRequestSender - Using open Channel [id: 0xe15568e6, L:/127.0.0.1:57420 - R:localhost/127.0.0.1:50811] for GET '/session/4c5eb325-3880-4258-afaf-33899f47b2e1/screenshot'
19:39:10.197 [AsyncHttpClient-1-12] DEBUG org.asynchttpclient.netty.handler.HttpHandler - 

Request DefaultFullHttpRequest(decodeResult: success, version: HTTP/1.1, content: EmptyByteBufBE)
GET /session/4c5eb325-3880-4258-afaf-33899f47b2e1/screenshot HTTP/1.1
User-Agent: selenium/4.1.2 (java windows)
Cache-Control: no-cache
Content-Type: application/json; charset=utf-8
host: localhost:50811
accept: */*

Response DefaultHttpResponse(decodeResult: success, version: HTTP/1.1)
HTTP/1.1 200 OK
content-type: application/json; charset=utf-8
cache-control: no-cache
date: Sun, 09 Apr 2023 12:39:10 GMT
content-length: 79024

19:39:10.198 [AsyncHttpClient-1-12] DEBUG org.asynchttpclient.netty.channel.ChannelManager - Adding key: http://localhost:50811 for channel [id: 0xe15568e6, L:/127.0.0.1:57420 - R:localhost/127.0.0.1:50811]
19:39:10.202 [main] DEBUG net.serenitybdd.core.photography.Darkroom - Send negative for processing for target\site\serenity\01a403c50484bc342d70a3e2e93f09efa74710b873c475fa705c28ca495fc47e.png
19:39:10.203 [Darkroom Processing Line] DEBUG net.serenitybdd.core.photography.DarkroomProcessingLine - Processing screenshot image in /var/screenshots/screenshot-16473905054425580046
19:39:10.203 [Darkroom Processing Line] DEBUG net.serenitybdd.core.photography.DarkroomProcessingLine - Saving screenshot to target\site\serenity\01a403c50484bc342d70a3e2e93f09efa74710b873c475fa705c28ca495fc47e.png
19:39:10.209 [Forwarding findElement on session 4c5eb325-3880-4258-afaf-33899f47b2e1 to remote] DEBUG org.asynchttpclient.netty.request.NettyRequestSender - Using pooled Channel '[id: 0xe15568e6, L:/127.0.0.1:57420 - R:localhost/127.0.0.1:50811]' for 'POST' to 'http://localhost:50811/session/4c5eb325-3880-4258-afaf-33899f47b2e1/element'
19:39:10.209 [Forwarding findElement on session 4c5eb325-3880-4258-afaf-33899f47b2e1 to remote] DEBUG org.asynchttpclient.netty.request.NettyRequestSender - Using open Channel [id: 0xe15568e6, L:/127.0.0.1:57420 - R:localhost/127.0.0.1:50811] for POST '/session/4c5eb325-3880-4258-afaf-33899f47b2e1/element'
19:39:10.232 [AsyncHttpClient-1-12] DEBUG org.asynchttpclient.netty.handler.HttpHandler - 

Request DefaultHttpRequest(decodeResult: success, version: HTTP/1.1)
POST /session/4c5eb325-3880-4258-afaf-33899f47b2e1/element HTTP/1.1
User-Agent: selenium/4.1.2 (java windows)
Content-Length: 88
Content-Type: application/json; charset=utf-8
host: localhost:50811
accept: */*

Response DefaultHttpResponse(decodeResult: success, version: HTTP/1.1)
HTTP/1.1 200 OK
content-type: application/json; charset=utf-8
cache-control: no-cache
date: Sun, 09 Apr 2023 12:39:10 GMT
content-length: 88

19:39:10.233 [AsyncHttpClient-1-12] DEBUG org.asynchttpclient.netty.channel.ChannelManager - Adding key: http://localhost:50811 for channel [id: 0xe15568e6, L:/127.0.0.1:57420 - R:localhost/127.0.0.1:50811]
19:39:10.236 [Forwarding isElementDisplayed on session 4c5eb325-3880-4258-afaf-33899f47b2e1 to remote] DEBUG org.asynchttpclient.netty.request.NettyRequestSender - Using pooled Channel '[id: 0xe15568e6, L:/127.0.0.1:57420 - R:localhost/127.0.0.1:50811]' for 'POST' to 'http://localhost:50811/session/4c5eb325-3880-4258-afaf-33899f47b2e1/execute/sync'
19:39:10.237 [Forwarding isElementDisplayed on session 4c5eb325-3880-4258-afaf-33899f47b2e1 to remote] DEBUG org.asynchttpclient.netty.request.NettyRequestSender - Using open Channel [id: 0xe15568e6, L:/127.0.0.1:57420 - R:localhost/127.0.0.1:50811] for POST '/session/4c5eb325-3880-4258-afaf-33899f47b2e1/execute/sync'
19:39:10.264 [AsyncHttpClient-1-12] DEBUG org.asynchttpclient.netty.handler.HttpHandler - 

Request DefaultHttpRequest(decodeResult: success, version: HTTP/1.1)
POST /session/4c5eb325-3880-4258-afaf-33899f47b2e1/execute/sync HTTP/1.1
User-Agent: selenium/4.1.2 (java windows)
Content-Length: 48780
Content-Type: application/json; charset=utf-8
host: localhost:50811
accept: */*

Response DefaultHttpResponse(decodeResult: success, version: HTTP/1.1)
HTTP/1.1 200 OK
content-type: application/json; charset=utf-8
cache-control: no-cache
date: Sun, 09 Apr 2023 12:39:10 GMT
content-length: 14

19:39:10.264 [AsyncHttpClient-1-12] DEBUG org.asynchttpclient.netty.channel.ChannelManager - Adding key: http://localhost:50811 for channel [id: 0xe15568e6, L:/127.0.0.1:57420 - R:localhost/127.0.0.1:50811]
  &amp#27;[32mAnd &amp#27;[0m&amp#27;[32mI &amp#27;[0m&amp#27;[32m&amp#27;[1m"txtLuaran1"&amp#27;[0m&amp#27;[32m page&amp#27;[0m         &amp#27;[90m# starter.stepdefinitions.BabyStep.iPage(java.lang.String)&amp#27;[0m
19:39:10.271 [Forwarding screenshot on session 4c5eb325-3880-4258-afaf-33899f47b2e1 to remote] DEBUG org.asynchttpclient.netty.request.NettyRequestSender - Using pooled Channel '[id: 0xe15568e6, L:/127.0.0.1:57420 - R:localhost/127.0.0.1:50811]' for 'GET' to 'http://localhost:50811/session/4c5eb325-3880-4258-afaf-33899f47b2e1/screenshot'
19:39:10.271 [Forwarding screenshot on session 4c5eb325-3880-4258-afaf-33899f47b2e1 to remote] DEBUG org.asynchttpclient.netty.request.NettyRequestSender - Using open Channel [id: 0xe15568e6, L:/127.0.0.1:57420 - R:localhost/127.0.0.1:50811] for GET '/session/4c5eb325-3880-4258-afaf-33899f47b2e1/screenshot'
19:39:10.310 [AsyncHttpClient-1-12] DEBUG org.asynchttpclient.netty.handler.HttpHandler - 

Request DefaultFullHttpRequest(decodeResult: success, version: HTTP/1.1, content: EmptyByteBufBE)
GET /session/4c5eb325-3880-4258-afaf-33899f47b2e1/screenshot HTTP/1.1
User-Agent: selenium/4.1.2 (java windows)
Cache-Control: no-cache
Content-Type: application/json; charset=utf-8
host: localhost:50811
accept: */*

Response DefaultHttpResponse(decodeResult: success, version: HTTP/1.1)
HTTP/1.1 200 OK
content-type: application/json; charset=utf-8
cache-control: no-cache
date: Sun, 09 Apr 2023 12:39:10 GMT
content-length: 78904

19:39:10.311 [AsyncHttpClient-1-12] DEBUG org.asynchttpclient.netty.channel.ChannelManager - Adding key: http://localhost:50811 for channel [id: 0xe15568e6, L:/127.0.0.1:57420 - R:localhost/127.0.0.1:50811]
19:39:10.317 [main] DEBUG net.serenitybdd.core.photography.Darkroom - Send negative for processing for target\site\serenity\a110a8cbfc5554a6f6b4e26bda829232e033ddfea59a02da73b5793eb72418ba.png
19:39:10.318 [Darkroom Processing Line] DEBUG net.serenitybdd.core.photography.DarkroomProcessingLine - Processing screenshot image in /var/screenshots/screenshot-3591273082728678306
19:39:10.319 [Darkroom Processing Line] DEBUG net.serenitybdd.core.photography.DarkroomProcessingLine - Saving screenshot to target\site\serenity\a110a8cbfc5554a6f6b4e26bda829232e033ddfea59a02da73b5793eb72418ba.png
19:39:10.330 [Driver Command Executor] DEBUG org.asynchttpclient.netty.request.NettyRequestSender - Using pooled Channel '[id: 0xe15568e6, L:/127.0.0.1:57420 - R:localhost/127.0.0.1:50811]' for 'DELETE' to 'http://localhost:50811/session/4c5eb325-3880-4258-afaf-33899f47b2e1'
19:39:10.330 [Driver Command Executor] DEBUG org.asynchttpclient.netty.request.NettyRequestSender - Using open Channel [id: 0xe15568e6, L:/127.0.0.1:57420 - R:localhost/127.0.0.1:50811] for DELETE '/session/4c5eb325-3880-4258-afaf-33899f47b2e1'
19:39:11.291 [AsyncHttpClient-1-12] DEBUG org.asynchttpclient.netty.handler.HttpHandler - 

Request DefaultFullHttpRequest(decodeResult: success, version: HTTP/1.1, content: EmptyByteBufBE)
DELETE /session/4c5eb325-3880-4258-afaf-33899f47b2e1 HTTP/1.1
User-Agent: selenium/4.1.2 (java windows)
Content-Type: application/json; charset=utf-8
host: localhost:50811
accept: */*

Response DefaultHttpResponse(decodeResult: success, version: HTTP/1.1)
HTTP/1.1 200 OK
content-type: application/json; charset=utf-8
cache-control: no-cache
date: Sun, 09 Apr 2023 12:39:10 GMT
content-length: 14

19:39:11.292 [AsyncHttpClient-1-12] DEBUG org.asynchttpclient.netty.channel.ChannelManager - Adding key: http://localhost:50811 for channel [id: 0xe15568e6, L:/127.0.0.1:57420 - R:localhost/127.0.0.1:50811]
19:39:11.294 [AsyncHttpClient-1-12] DEBUG org.asynchttpclient.netty.handler.HttpHandler - Unexpected I/O exception on channel [id: 0xe15568e6, L:/127.0.0.1:57420 - R:localhost/127.0.0.1:50811]
java.net.SocketException: Connection reset
	at java.base/sun.nio.ch.SocketChannelImpl.throwConnectionReset(SocketChannelImpl.java:345)
	at java.base/sun.nio.ch.SocketChannelImpl.read(SocketChannelImpl.java:376)
	at io.netty.buffer.PooledByteBuf.setBytes(PooledByteBuf.java:258)
	at io.netty.buffer.AbstractByteBuf.writeBytes(AbstractByteBuf.java:1132)
	at io.netty.channel.socket.nio.NioSocketChannel.doReadBytes(NioSocketChannel.java:350)
	at io.netty.channel.nio.AbstractNioByteChannel$NioByteUnsafe.read(AbstractNioByteChannel.java:151)
	at io.netty.channel.nio.NioEventLoop.processSelectedKey(NioEventLoop.java:722)
	at io.netty.channel.nio.NioEventLoop.processSelectedKeysOptimized(NioEventLoop.java:658)
	at io.netty.channel.nio.NioEventLoop.processSelectedKeys(NioEventLoop.java:584)
	at io.netty.channel.nio.NioEventLoop.run(NioEventLoop.java:496)
	at io.netty.util.concurrent.SingleThreadEventExecutor$4.run(SingleThreadEventExecutor.java:986)
	at io.netty.util.internal.ThreadExecutorMap$2.run(ThreadExecutorMap.java:74)
	at io.netty.util.concurrent.FastThreadLocalRunnable.run(FastThreadLocalRunnable.java:30)
	at java.base/java.lang.Thread.run(Thread.java:830)
19:39:11.294 [AsyncHttpClient-1-12] DEBUG org.asynchttpclient.netty.channel.ChannelManager - Closing Channel [id: 0xe15568e6, L:/127.0.0.1:57420 - R:localhost/127.0.0.1:50811] 
19:39:11.294 [AsyncHttpClient-1-12] DEBUG org.asynchttpclient.netty.handler.HttpHandler - Channel Closed: [id: 0xe15568e6, L:/127.0.0.1:57420 ! R:localhost/127.0.0.1:50811] with attribute DISCARD
]]></system-out>
    <system-err><![CDATA[1681043942977	geckodriver	INFO	Listening on 127.0.0.1:50811
1681043943463	mozrunner::runner	INFO	Running command: "C:\\Program Files\\Mozilla Firefox\\firefox.exe" "--marionette" "" "--remote-debugging-port" "55081" "--remote-allow-hosts" "localhost" "-no-remote" "-profile" "C:\\Users\\alwi\\AppData\\Local\\Temp\\rust_mozprofilegEgMah"
console.warn: services.settings: Ignoring preference override of remote settings server
console.warn: services.settings: Allow by setting MOZ_REMOTE_SETTINGS_DEVTOOLS=1 in the environment
1681043943811	Marionette	INFO	Marionette enabled
Dynamically enable window occlusion 0
1681043943816	Marionette	INFO	Listening on port 57423
WebDriver BiDi listening on ws://127.0.0.1:55081
Read port: 57423
1681043944049	RemoteAgent	WARN	TLS certificate errors will be ignored for this session
console.warn: SearchSettings: "get: No settings file exists, new profile?" (new NotFoundError("Could not open the file at C:\\Users\\alwi\\AppData\\Local\\Temp\\rust_mozprofilegEgMah\\search.json.mozlz4", (void 0)))
DevTools listening on ws://127.0.0.1:55081/devtools/browser/fa2ba056-61c8-4a57-9e0e-798e2b78ccc5
Apr 09, 2023 7:39:05 PM org.openqa.selenium.remote.ProtocolHandshake createSession
INFO: Detected dialect: W3C
JavaScript warning: https://www.uniqlo.com/oQfZRN8zACRR/OQ/-x_RMR-EGX/k95OLrhJQ5/OXl6GHI5AQ/PnUdVS/RrZQs, line 1: unreachable code after return statement
JavaScript warning: https://www.uniqlo.com/id/elgnisolqinu.js?async&seed=AECl_mWHAQAAhXleUcVgnU2eEowETsYZDsExG9MVfyypS8j2a8yO2N_NY-zV&x-i1ysm4mm--z=q, line 1: WEBGL_debug_renderer_info is deprecated in Firefox and will be removed. Please use RENDERER.
JavaScript warning: https://www.uniqlo.com/oQfZRN8zACRR/OQ/-x_RMR-EGX/k95OLrhJQ5/OXl6GHI5AQ/PnUdVS/RrZQs, line 1: WEBGL_debug_renderer_info is deprecated in Firefox and will be removed. Please use RENDERER.
1681043950332	Marionette	INFO	Stopped listening on port 57423
Dynamically enable window occlusion 1
WARNING: A blocker encountered an error while we were waiting.
          Blocker:  Waiting for ping task
          Phase: TelemetryController: Waiting for pending ping activity
          State: (none)
WARNING: Error: Phase "profile-before-change" is finished, it is too late to register completion condition "OS.File: flush I/O queued before profileBeforeChange"
WARNING: addBlocker@resource://gre/modules/AsyncShutdown.sys.mjs:727:15
addBlocker@resource://gre/modules/AsyncShutdown.sys.mjs:523:26
addBlocker@resource://gre/modules/AsyncShutdown.sys.mjs:458:15
setupShutdown@resource://gre/modules/osfile/osfile_async_front.jsm:1548:28
@resource://gre/modules/osfile/osfile_async_front.jsm:1568:16
@resource://gre/modules/osfile.jsm:12:30
@resource://gre/modules/TelemetryStorage.sys.mjs:10:28
_checkPendingPings@resource://gre/modules/TelemetrySend.sys.mjs:863:17
setup@resource://gre/modules/TelemetrySend.sys.mjs:803:18
setup@resource://gre/modules/TelemetrySend.sys.mjs:241:30
setupTelemetry/this._delayedInitTask<@resource://gre/modules/TelemetryControllerParent.sys.mjs:828:36
observe@resource://gre/modules/AsyncShutdown.sys.mjs:576:16

console.error: "TelemetryScheduler.shutdown - Already shut down"
WARNING: A blocker encountered an error while we were waiting.
          Blocker:  Waiting for ping task
          Phase: TelemetryController: Waiting for pending ping activity
          State: (none)
WARNING: Error: Phase "profile-before-change" is finished, it is too late to register completion condition "OS.File: flush I/O queued before profileBeforeChange"
WARNING: addBlocker@resource://gre/modules/AsyncShutdown.sys.mjs:727:15
addBlocker@resource://gre/modules/AsyncShutdown.sys.mjs:523:26
addBlocker@resource://gre/modules/AsyncShutdown.sys.mjs:458:15
setupShutdown@resource://gre/modules/osfile/osfile_async_front.jsm:1548:28
@resource://gre/modules/osfile/osfile_async_front.jsm:1568:16
@resource://gre/modules/osfile.jsm:12:30
@resource://gre/modules/TelemetryStorage.sys.mjs:10:28
_checkPendingPings@resource://gre/modules/TelemetrySend.sys.mjs:863:17
setup@resource://gre/modules/TelemetrySend.sys.mjs:803:18
setup@resource://gre/modules/TelemetrySend.sys.mjs:241:30
setupTelemetry/this._delayedInitTask<@resource://gre/modules/TelemetryControllerParent.sys.mjs:828:36
observe@resource://gre/modules/AsyncShutdown.sys.mjs:576:16

WARNING: A blocker encountered an error while we were waiting.
          Blocker:  Waiting for ping task
          Phase: TelemetryController: Waiting for pending ping activity
          State: (none)
WARNING: Error: Phase "profile-before-change" is finished, it is too late to register completion condition "OS.File: flush I/O queued before profileBeforeChange"
WARNING: addBlocker@resource://gre/modules/AsyncShutdown.sys.mjs:727:15
addBlocker@resource://gre/modules/AsyncShutdown.sys.mjs:523:26
addBlocker@resource://gre/modules/AsyncShutdown.sys.mjs:458:15
setupShutdown@resource://gre/modules/osfile/osfile_async_front.jsm:1548:28
@resource://gre/modules/osfile/osfile_async_front.jsm:1568:16
@resource://gre/modules/osfile.jsm:12:30
@resource://gre/modules/TelemetryStorage.sys.mjs:10:28
_checkPendingPings@resource://gre/modules/TelemetrySend.sys.mjs:863:17
setup@resource://gre/modules/TelemetrySend.sys.mjs:803:18
setup@resource://gre/modules/TelemetrySend.sys.mjs:241:30
setupTelemetry/this._delayedInitTask<@resource://gre/modules/TelemetryControllerParent.sys.mjs:828:36
observe@resource://gre/modules/AsyncShutdown.sys.mjs:576:16

WARNING: A blocker encountered an error while we were waiting.
          Blocker:  TelemetryController: shutting down
          Phase: profile-before-change-telemetry
          State: Error getting state: Error: Phase "profile-before-change" is finished, it is too late to register completion condition "OS.File: flush I/O queued before profileBeforeChange" at addBlocker@resource://gre/modules/AsyncShutdown.sys.mjs:727:15
addBlocker@resource://gre/modules/AsyncShutdown.sys.mjs:523:26
addBlocker@resource://gre/modules/AsyncShutdown.sys.mjs:458:15
setupShutdown@resource://gre/modules/osfile/osfile_async_front.jsm:1548:28
@resource://gre/modules/osfile/osfile_async_front.jsm:1568:16
@resource://gre/modules/osfile.jsm:12:30
@resource://gre/modules/TelemetryStorage.sys.mjs:10:28
_checkPendingPings@resource://gre/modules/TelemetrySend.sys.mjs:863:17
setup@resource://gre/modules/TelemetrySend.sys.mjs:803:18
setup@resource://gre/modules/TelemetrySend.sys.mjs:241:30
setupTelemetry/this._delayedInitTask<@resource://gre/modules/TelemetryControllerParent.sys.mjs:828:36
observe@resource://gre/modules/AsyncShutdown.sys.mjs:576:16

WARNING: Error: Phase "profile-before-change" is finished, it is too late to register completion condition "OS.File: flush I/O queued before profileBeforeChange"
WARNING: addBlocker@resource://gre/modules/AsyncShutdown.sys.mjs:727:15
addBlocker@resource://gre/modules/AsyncShutdown.sys.mjs:523:26
addBlocker@resource://gre/modules/AsyncShutdown.sys.mjs:458:15
setupShutdown@resource://gre/modules/osfile/osfile_async_front.jsm:1548:28
@resource://gre/modules/osfile/osfile_async_front.jsm:1568:16
@resource://gre/modules/osfile.jsm:12:30
@resource://gre/modules/TelemetryStorage.sys.mjs:10:28
_checkPendingPings@resource://gre/modules/TelemetrySend.sys.mjs:863:17
setup@resource://gre/modules/TelemetrySend.sys.mjs:803:18
setup@resource://gre/modules/TelemetrySend.sys.mjs:241:30
setupTelemetry/this._delayedInitTask<@resource://gre/modules/TelemetryControllerParent.sys.mjs:828:36
observe@resource://gre/modules/AsyncShutdown.sys.mjs:576:16

JavaScript error: resource://gre/modules/AsyncShutdown.sys.mjs, line 727: Error: Phase "profile-before-change" is finished, it is too late to register completion condition "OS.File: flush I/O queued before profileBeforeChange"
JavaScript error: resource://gre/modules/AsyncShutdown.sys.mjs, line 727: Error: Phase "profile-before-change" is finished, it is too late to register completion condition "OS.File: flush I/O queued before profileBeforeChange"
JavaScript error: resource://gre/modules/AsyncShutdown.sys.mjs, line 727: Error: Phase "profile-before-change" is finished, it is too late to register completion condition "OS.File: flush I/O queued before profileBeforeChange"
JavaScript error: resource://gre/modules/AsyncShutdown.sys.mjs, line 727: Error: Phase "profile-before-change" is finished, it is too late to register completion condition "OS.File: flush I/O queued before profileBeforeChange"
JavaScript error: resource://gre/modules/AsyncShutdown.sys.mjs, line 727: Error: Phase "profile-before-change" is finished, it is too late to register completion condition "OS.File: flush I/O queued before profileBeforeChange"
JavaScript error: resource://gre/modules/AsyncShutdown.sys.mjs, line 727: Error: Phase "profile-before-change" is finished, it is too late to register completion condition "OS.File: flush I/O queued before profileBeforeChange"
]]></system-err>
  </testcase>
  <testcase name="Fitur Menu Baby #6" classname="Baby" time="8.561">
    <system-out><![CDATA[
@baby
Scenario Outline: Fitur Menu Baby &amp#27;[90m# src/test/resources/features/Baby.feature:18&amp#27;[0m
19:39:11.350 [main] INFO io.cucumber.core.plugin.SerenityReporter - Running feature from file:///C:/Users/alwi/IdeaProjects/uniqloweb/src/test/resources/features/Baby.feature
19:39:11.362 [main] INFO net.serenitybdd.core.webdriver.driverproviders.FirefoxDriverProvider - Using automatically driver download
19:39:11.464 [main] DEBUG io.github.bonigarcia.wdm.cache.ResolutionCache - Resolution firefox=111 in cache (valid until 20:30:50 09/04/2023 WIB)
19:39:11.467 [main] DEBUG io.github.bonigarcia.wdm.cache.ResolutionCache - Resolution firefox111=0.32.2 in cache (valid until 19:30:50 10/04/2023 WIB)
19:39:11.469 [main] INFO io.github.bonigarcia.wdm.WebDriverManager - Using geckodriver 0.32.2 (resolved driver for Firefox 111)
19:39:11.480 [main] DEBUG io.github.bonigarcia.wdm.WebDriverManager - Driver geckodriver 0.32.2 found in cache
19:39:11.481 [main] INFO io.github.bonigarcia.wdm.WebDriverManager - Exporting webdriver.gecko.driver as C:\Users\alwi\.cache\selenium\geckodriver\win64\0.32.2\geckodriver.exe
19:39:11.494 [main] DEBUG net.serenitybdd.core.webdriver.driverproviders.ProvideNewDriver - Instantiating driver
19:39:11.494 [main] DEBUG net.serenitybdd.core.webdriver.driverproviders.ProvideNewDriver - Driver capabilities: Capabilities {acceptInsecureCerts: true, browserName: firefox, moz:debuggerAddress: true, moz:firefoxOptions: {args: [], profile: UEsDBBQACAgIAOWciVYAAAAAAAA...}}
19:39:12.022 [AsyncHttpClient-1-14] DEBUG org.asynchttpclient.netty.channel.NettyConnectListener - Using new Channel '[id: 0xdf178ddd, L:/127.0.0.1:57519 - R:localhost/127.0.0.1:65241]' for 'POST' to '/session'
19:39:12.029 [AsyncHttpClient-1-1] DEBUG org.asynchttpclient.netty.channel.DefaultChannelPool - Entry count for : http://localhost:50811 : 1
19:39:12.029 [AsyncHttpClient-1-1] DEBUG org.asynchttpclient.netty.channel.DefaultChannelPool - Adding Candidate expired Channel [id: 0xe15568e6, L:/127.0.0.1:57420 ! R:localhost/127.0.0.1:50811] isIdleTimeoutExpired=false isRemotelyClosed=true isTtlExpired=false
19:39:12.029 [AsyncHttpClient-1-1] DEBUG org.asynchttpclient.netty.channel.DefaultChannelPool - Closing Idle Channel [id: 0xe15568e6, L:/127.0.0.1:57420 ! R:localhost/127.0.0.1:50811]
19:39:12.029 [AsyncHttpClient-1-1] DEBUG org.asynchttpclient.netty.channel.DefaultChannelPool - Closed 1 connections out of 1 in 0 ms
19:39:14.283 [AsyncHttpClient-1-14] DEBUG org.asynchttpclient.netty.handler.HttpHandler - 

Request DefaultHttpRequest(decodeResult: success, version: HTTP/1.1)
POST /session HTTP/1.1
User-Agent: selenium/4.1.2 (java windows)
Content-Length: 3673
Content-Type: application/json; charset=utf-8
host: localhost:65241
accept: */*

Response DefaultHttpResponse(decodeResult: success, version: HTTP/1.1)
HTTP/1.1 200 OK
content-type: application/json; charset=utf-8
cache-control: no-cache
date: Sun, 09 Apr 2023 12:39:12 GMT
content-length: 790

19:39:14.283 [AsyncHttpClient-1-14] DEBUG org.asynchttpclient.netty.channel.ChannelManager - Adding key: http://localhost:65241 for channel [id: 0xdf178ddd, L:/127.0.0.1:57519 - R:localhost/127.0.0.1:65241]
19:39:14.292 [AsyncHttpClient-1-15] DEBUG org.asynchttpclient.netty.channel.NettyConnectListener - Using new Channel '[id: 0x1f9ea7f9, L:/127.0.0.1:57537 - R:/127.0.0.1:64111]' for 'GET' to '/json/version'
19:39:14.300 [AsyncHttpClient-1-15] DEBUG org.asynchttpclient.netty.handler.HttpHandler - 

Request DefaultFullHttpRequest(decodeResult: success, version: HTTP/1.1, content: EmptyByteBufBE)
GET /json/version HTTP/1.1
User-Agent: selenium/4.1.2 (java windows)
host: 127.0.0.1:64111
accept: */*

Response DefaultHttpResponse(decodeResult: success, version: HTTP/1.1)
HTTP/1.1 200 OK
content-type: application/json
connection: close
server: httpd.js
date: Sun, 09 Apr 2023 12:39:14 GMT
content-length: 311

19:39:14.300 [AsyncHttpClient-1-15] DEBUG org.asynchttpclient.netty.channel.ChannelManager - Closing Channel [id: 0x1f9ea7f9, L:/127.0.0.1:57537 - R:/127.0.0.1:64111] 
19:39:14.301 [AsyncHttpClient-1-15] DEBUG org.asynchttpclient.netty.handler.HttpHandler - Channel Closed: [id: 0x1f9ea7f9, L:/127.0.0.1:57537 ! R:/127.0.0.1:64111] with attribute DISCARD
19:39:14.303 [Forwarding get on session eddaef18-5197-4b39-aa9f-8c12fa521bbf to remote] DEBUG org.asynchttpclient.netty.request.NettyRequestSender - Using pooled Channel '[id: 0xdf178ddd, L:/127.0.0.1:57519 - R:localhost/127.0.0.1:65241]' for 'POST' to 'http://localhost:65241/session/eddaef18-5197-4b39-aa9f-8c12fa521bbf/url'
19:39:14.303 [Forwarding get on session eddaef18-5197-4b39-aa9f-8c12fa521bbf to remote] DEBUG org.asynchttpclient.netty.request.NettyRequestSender - Using open Channel [id: 0xdf178ddd, L:/127.0.0.1:57519 - R:localhost/127.0.0.1:65241] for POST '/session/eddaef18-5197-4b39-aa9f-8c12fa521bbf/url'
19:39:16.302 [AsyncHttpClient-1-14] DEBUG org.asynchttpclient.netty.handler.HttpHandler - 

Request DefaultHttpRequest(decodeResult: success, version: HTTP/1.1)
POST /session/eddaef18-5197-4b39-aa9f-8c12fa521bbf/url HTTP/1.1
User-Agent: selenium/4.1.2 (java windows)
Content-Length: 53
Content-Type: application/json; charset=utf-8
host: localhost:65241
accept: */*

Response DefaultHttpResponse(decodeResult: success, version: HTTP/1.1)
HTTP/1.1 200 OK
content-type: application/json; charset=utf-8
cache-control: no-cache
date: Sun, 09 Apr 2023 12:39:14 GMT
content-length: 14

19:39:16.302 [AsyncHttpClient-1-14] DEBUG org.asynchttpclient.netty.channel.ChannelManager - Adding key: http://localhost:65241 for channel [id: 0xdf178ddd, L:/127.0.0.1:57519 - R:localhost/127.0.0.1:65241]
19:39:16.303 [Forwarding setTimeout on session eddaef18-5197-4b39-aa9f-8c12fa521bbf to remote] DEBUG org.asynchttpclient.netty.request.NettyRequestSender - Using pooled Channel '[id: 0xdf178ddd, L:/127.0.0.1:57519 - R:localhost/127.0.0.1:65241]' for 'POST' to 'http://localhost:65241/session/eddaef18-5197-4b39-aa9f-8c12fa521bbf/timeouts'
19:39:16.303 [Forwarding setTimeout on session eddaef18-5197-4b39-aa9f-8c12fa521bbf to remote] DEBUG org.asynchttpclient.netty.request.NettyRequestSender - Using open Channel [id: 0xdf178ddd, L:/127.0.0.1:57519 - R:localhost/127.0.0.1:65241] for POST '/session/eddaef18-5197-4b39-aa9f-8c12fa521bbf/timeouts'
19:39:16.306 [AsyncHttpClient-1-14] DEBUG org.asynchttpclient.netty.handler.HttpHandler - 

Request DefaultHttpRequest(decodeResult: success, version: HTTP/1.1)
POST /session/eddaef18-5197-4b39-aa9f-8c12fa521bbf/timeouts HTTP/1.1
User-Agent: selenium/4.1.2 (java windows)
Content-Length: 22
Content-Type: application/json; charset=utf-8
host: localhost:65241
accept: */*

Response DefaultHttpResponse(decodeResult: success, version: HTTP/1.1)
HTTP/1.1 200 OK
content-type: application/json; charset=utf-8
cache-control: no-cache
date: Sun, 09 Apr 2023 12:39:16 GMT
content-length: 14

19:39:16.306 [AsyncHttpClient-1-14] DEBUG org.asynchttpclient.netty.channel.ChannelManager - Adding key: http://localhost:65241 for channel [id: 0xdf178ddd, L:/127.0.0.1:57519 - R:localhost/127.0.0.1:65241]
19:39:16.310 [Forwarding getCurrentUrl on session eddaef18-5197-4b39-aa9f-8c12fa521bbf to remote] DEBUG org.asynchttpclient.netty.request.NettyRequestSender - Using pooled Channel '[id: 0xdf178ddd, L:/127.0.0.1:57519 - R:localhost/127.0.0.1:65241]' for 'GET' to 'http://localhost:65241/session/eddaef18-5197-4b39-aa9f-8c12fa521bbf/url'
19:39:16.310 [Forwarding getCurrentUrl on session eddaef18-5197-4b39-aa9f-8c12fa521bbf to remote] DEBUG org.asynchttpclient.netty.request.NettyRequestSender - Using open Channel [id: 0xdf178ddd, L:/127.0.0.1:57519 - R:localhost/127.0.0.1:65241] for GET '/session/eddaef18-5197-4b39-aa9f-8c12fa521bbf/url'
19:39:16.315 [AsyncHttpClient-1-14] DEBUG org.asynchttpclient.netty.handler.HttpHandler - 

Request DefaultFullHttpRequest(decodeResult: success, version: HTTP/1.1, content: EmptyByteBufBE)
GET /session/eddaef18-5197-4b39-aa9f-8c12fa521bbf/url HTTP/1.1
User-Agent: selenium/4.1.2 (java windows)
Cache-Control: no-cache
Content-Type: application/json; charset=utf-8
host: localhost:65241
accept: */*

Response DefaultHttpResponse(decodeResult: success, version: HTTP/1.1)
HTTP/1.1 200 OK
content-type: application/json; charset=utf-8
cache-control: no-cache
date: Sun, 09 Apr 2023 12:39:16 GMT
content-length: 41

19:39:16.316 [AsyncHttpClient-1-14] DEBUG org.asynchttpclient.netty.channel.ChannelManager - Adding key: http://localhost:65241 for channel [id: 0xdf178ddd, L:/127.0.0.1:57519 - R:localhost/127.0.0.1:65241]
  &amp#27;[32mGiven &amp#27;[0m&amp#27;[32mI am on the home page&amp#27;[0m     &amp#27;[90m# starter.stepdefinitions.BabyStep.iAmOnTheHomePage()&amp#27;[0m
19:39:16.322 [Forwarding screenshot on session eddaef18-5197-4b39-aa9f-8c12fa521bbf to remote] DEBUG org.asynchttpclient.netty.request.NettyRequestSender - Using pooled Channel '[id: 0xdf178ddd, L:/127.0.0.1:57519 - R:localhost/127.0.0.1:65241]' for 'GET' to 'http://localhost:65241/session/eddaef18-5197-4b39-aa9f-8c12fa521bbf/screenshot'
19:39:16.322 [Forwarding screenshot on session eddaef18-5197-4b39-aa9f-8c12fa521bbf to remote] DEBUG org.asynchttpclient.netty.request.NettyRequestSender - Using open Channel [id: 0xdf178ddd, L:/127.0.0.1:57519 - R:localhost/127.0.0.1:65241] for GET '/session/eddaef18-5197-4b39-aa9f-8c12fa521bbf/screenshot'
19:39:16.985 [AsyncHttpClient-1-14] DEBUG org.asynchttpclient.netty.handler.HttpHandler - 

Request DefaultFullHttpRequest(decodeResult: success, version: HTTP/1.1, content: EmptyByteBufBE)
GET /session/eddaef18-5197-4b39-aa9f-8c12fa521bbf/screenshot HTTP/1.1
User-Agent: selenium/4.1.2 (java windows)
Cache-Control: no-cache
Content-Type: application/json; charset=utf-8
host: localhost:65241
accept: */*

Response DefaultHttpResponse(decodeResult: success, version: HTTP/1.1)
HTTP/1.1 200 OK
content-type: application/json; charset=utf-8
cache-control: no-cache
date: Sun, 09 Apr 2023 12:39:16 GMT
content-length: 104148

19:39:16.986 [AsyncHttpClient-1-14] DEBUG org.asynchttpclient.netty.channel.ChannelManager - Adding key: http://localhost:65241 for channel [id: 0xdf178ddd, L:/127.0.0.1:57519 - R:localhost/127.0.0.1:65241]
19:39:16.994 [main] DEBUG net.serenitybdd.core.photography.Darkroom - Send negative for processing for target\site\serenity\62161cc123036fb00f9b782e4a9078284011ad43f09e78389d96ef8037bb6794.png
19:39:16.996 [Darkroom Processing Line] DEBUG net.serenitybdd.core.photography.DarkroomProcessingLine - Processing screenshot image in /var/screenshots/screenshot-13960436394209884084
19:39:16.997 [Darkroom Processing Line] DEBUG net.serenitybdd.core.photography.DarkroomProcessingLine - Saving screenshot to target\site\serenity\62161cc123036fb00f9b782e4a9078284011ad43f09e78389d96ef8037bb6794.png
19:39:17.012 [Forwarding findElement on session eddaef18-5197-4b39-aa9f-8c12fa521bbf to remote] DEBUG org.asynchttpclient.netty.request.NettyRequestSender - Using pooled Channel '[id: 0xdf178ddd, L:/127.0.0.1:57519 - R:localhost/127.0.0.1:65241]' for 'POST' to 'http://localhost:65241/session/eddaef18-5197-4b39-aa9f-8c12fa521bbf/element'
19:39:17.012 [Forwarding findElement on session eddaef18-5197-4b39-aa9f-8c12fa521bbf to remote] DEBUG org.asynchttpclient.netty.request.NettyRequestSender - Using open Channel [id: 0xdf178ddd, L:/127.0.0.1:57519 - R:localhost/127.0.0.1:65241] for POST '/session/eddaef18-5197-4b39-aa9f-8c12fa521bbf/element'
19:39:17.135 [AsyncHttpClient-1-14] DEBUG org.asynchttpclient.netty.handler.HttpHandler - 

Request DefaultHttpRequest(decodeResult: success, version: HTTP/1.1)
POST /session/eddaef18-5197-4b39-aa9f-8c12fa521bbf/element HTTP/1.1
User-Agent: selenium/4.1.2 (java windows)
Content-Length: 81
Content-Type: application/json; charset=utf-8
host: localhost:65241
accept: */*

Response DefaultHttpResponse(decodeResult: success, version: HTTP/1.1)
HTTP/1.1 200 OK
content-type: application/json; charset=utf-8
cache-control: no-cache
date: Sun, 09 Apr 2023 12:39:16 GMT
content-length: 88

19:39:17.135 [AsyncHttpClient-1-14] DEBUG org.asynchttpclient.netty.channel.ChannelManager - Adding key: http://localhost:65241 for channel [id: 0xdf178ddd, L:/127.0.0.1:57519 - R:localhost/127.0.0.1:65241]
19:39:17.137 [Forwarding getElementTagName on session eddaef18-5197-4b39-aa9f-8c12fa521bbf to remote] DEBUG org.asynchttpclient.netty.request.NettyRequestSender - Using pooled Channel '[id: 0xdf178ddd, L:/127.0.0.1:57519 - R:localhost/127.0.0.1:65241]' for 'GET' to 'http://localhost:65241/session/eddaef18-5197-4b39-aa9f-8c12fa521bbf/element/ce12e7cd-cf12-42f2-9ae5-01699a6c8eca/name'
19:39:17.138 [Forwarding getElementTagName on session eddaef18-5197-4b39-aa9f-8c12fa521bbf to remote] DEBUG org.asynchttpclient.netty.request.NettyRequestSender - Using open Channel [id: 0xdf178ddd, L:/127.0.0.1:57519 - R:localhost/127.0.0.1:65241] for GET '/session/eddaef18-5197-4b39-aa9f-8c12fa521bbf/element/ce12e7cd-cf12-42f2-9ae5-01699a6c8eca/name'
19:39:17.211 [AsyncHttpClient-1-14] DEBUG org.asynchttpclient.netty.handler.HttpHandler - 

Request DefaultFullHttpRequest(decodeResult: success, version: HTTP/1.1, content: EmptyByteBufBE)
GET /session/eddaef18-5197-4b39-aa9f-8c12fa521bbf/element/ce12e7cd-cf12-42f2-9ae5-01699a6c8eca/name HTTP/1.1
User-Agent: selenium/4.1.2 (java windows)
Cache-Control: no-cache
Content-Type: application/json; charset=utf-8
host: localhost:65241
accept: */*

Response DefaultHttpResponse(decodeResult: success, version: HTTP/1.1)
HTTP/1.1 200 OK
content-type: application/json; charset=utf-8
cache-control: no-cache
date: Sun, 09 Apr 2023 12:39:16 GMT
content-length: 16

19:39:17.211 [AsyncHttpClient-1-14] DEBUG org.asynchttpclient.netty.channel.ChannelManager - Adding key: http://localhost:65241 for channel [id: 0xdf178ddd, L:/127.0.0.1:57519 - R:localhost/127.0.0.1:65241]
19:39:17.213 [Forwarding getElementTagName on session eddaef18-5197-4b39-aa9f-8c12fa521bbf to remote] DEBUG org.asynchttpclient.netty.request.NettyRequestSender - Using pooled Channel '[id: 0xdf178ddd, L:/127.0.0.1:57519 - R:localhost/127.0.0.1:65241]' for 'GET' to 'http://localhost:65241/session/eddaef18-5197-4b39-aa9f-8c12fa521bbf/element/ce12e7cd-cf12-42f2-9ae5-01699a6c8eca/name'
19:39:17.213 [Forwarding getElementTagName on session eddaef18-5197-4b39-aa9f-8c12fa521bbf to remote] DEBUG org.asynchttpclient.netty.request.NettyRequestSender - Using open Channel [id: 0xdf178ddd, L:/127.0.0.1:57519 - R:localhost/127.0.0.1:65241] for GET '/session/eddaef18-5197-4b39-aa9f-8c12fa521bbf/element/ce12e7cd-cf12-42f2-9ae5-01699a6c8eca/name'
19:39:17.243 [AsyncHttpClient-1-14] DEBUG org.asynchttpclient.netty.handler.HttpHandler - 

Request DefaultFullHttpRequest(decodeResult: success, version: HTTP/1.1, content: EmptyByteBufBE)
GET /session/eddaef18-5197-4b39-aa9f-8c12fa521bbf/element/ce12e7cd-cf12-42f2-9ae5-01699a6c8eca/name HTTP/1.1
User-Agent: selenium/4.1.2 (java windows)
Cache-Control: no-cache
Content-Type: application/json; charset=utf-8
host: localhost:65241
accept: */*

Response DefaultHttpResponse(decodeResult: success, version: HTTP/1.1)
HTTP/1.1 200 OK
content-type: application/json; charset=utf-8
cache-control: no-cache
date: Sun, 09 Apr 2023 12:39:16 GMT
content-length: 16

19:39:17.243 [AsyncHttpClient-1-14] DEBUG org.asynchttpclient.netty.channel.ChannelManager - Adding key: http://localhost:65241 for channel [id: 0xdf178ddd, L:/127.0.0.1:57519 - R:localhost/127.0.0.1:65241]
19:39:17.247 [Forwarding findElement on session eddaef18-5197-4b39-aa9f-8c12fa521bbf to remote] DEBUG org.asynchttpclient.netty.request.NettyRequestSender - Using pooled Channel '[id: 0xdf178ddd, L:/127.0.0.1:57519 - R:localhost/127.0.0.1:65241]' for 'POST' to 'http://localhost:65241/session/eddaef18-5197-4b39-aa9f-8c12fa521bbf/element'
19:39:17.247 [Forwarding findElement on session eddaef18-5197-4b39-aa9f-8c12fa521bbf to remote] DEBUG org.asynchttpclient.netty.request.NettyRequestSender - Using open Channel [id: 0xdf178ddd, L:/127.0.0.1:57519 - R:localhost/127.0.0.1:65241] for POST '/session/eddaef18-5197-4b39-aa9f-8c12fa521bbf/element'
19:39:17.253 [AsyncHttpClient-1-14] DEBUG org.asynchttpclient.netty.handler.HttpHandler - 

Request DefaultHttpRequest(decodeResult: success, version: HTTP/1.1)
POST /session/eddaef18-5197-4b39-aa9f-8c12fa521bbf/element HTTP/1.1
User-Agent: selenium/4.1.2 (java windows)
Content-Length: 81
Content-Type: application/json; charset=utf-8
host: localhost:65241
accept: */*

Response DefaultHttpResponse(decodeResult: success, version: HTTP/1.1)
HTTP/1.1 200 OK
content-type: application/json; charset=utf-8
cache-control: no-cache
date: Sun, 09 Apr 2023 12:39:16 GMT
content-length: 88

19:39:17.254 [AsyncHttpClient-1-14] DEBUG org.asynchttpclient.netty.channel.ChannelManager - Adding key: http://localhost:65241 for channel [id: 0xdf178ddd, L:/127.0.0.1:57519 - R:localhost/127.0.0.1:65241]
19:39:17.256 [Forwarding clickElement on session eddaef18-5197-4b39-aa9f-8c12fa521bbf to remote] DEBUG org.asynchttpclient.netty.request.NettyRequestSender - Using pooled Channel '[id: 0xdf178ddd, L:/127.0.0.1:57519 - R:localhost/127.0.0.1:65241]' for 'POST' to 'http://localhost:65241/session/eddaef18-5197-4b39-aa9f-8c12fa521bbf/element/ce12e7cd-cf12-42f2-9ae5-01699a6c8eca/click'
19:39:17.256 [Forwarding clickElement on session eddaef18-5197-4b39-aa9f-8c12fa521bbf to remote] DEBUG org.asynchttpclient.netty.request.NettyRequestSender - Using open Channel [id: 0xdf178ddd, L:/127.0.0.1:57519 - R:localhost/127.0.0.1:65241] for POST '/session/eddaef18-5197-4b39-aa9f-8c12fa521bbf/element/ce12e7cd-cf12-42f2-9ae5-01699a6c8eca/click'
19:39:17.926 [AsyncHttpClient-1-14] DEBUG org.asynchttpclient.netty.handler.HttpHandler - 

Request DefaultHttpRequest(decodeResult: success, version: HTTP/1.1)
POST /session/eddaef18-5197-4b39-aa9f-8c12fa521bbf/element/ce12e7cd-cf12-42f2-9ae5-01699a6c8eca/click HTTP/1.1
User-Agent: selenium/4.1.2 (java windows)
Content-Length: 50
Content-Type: application/json; charset=utf-8
host: localhost:65241
accept: */*

Response DefaultHttpResponse(decodeResult: success, version: HTTP/1.1)
HTTP/1.1 200 OK
content-type: application/json; charset=utf-8
cache-control: no-cache
date: Sun, 09 Apr 2023 12:39:16 GMT
content-length: 14

19:39:17.926 [AsyncHttpClient-1-14] DEBUG org.asynchttpclient.netty.channel.ChannelManager - Adding key: http://localhost:65241 for channel [id: 0xdf178ddd, L:/127.0.0.1:57519 - R:localhost/127.0.0.1:65241]
  &amp#27;[32mThen &amp#27;[0m&amp#27;[32mI click baby on the header&amp#27;[0m &amp#27;[90m# starter.stepdefinitions.BabyStep.iClickBabyOnTheHeader()&amp#27;[0m
19:39:17.933 [Forwarding screenshot on session eddaef18-5197-4b39-aa9f-8c12fa521bbf to remote] DEBUG org.asynchttpclient.netty.request.NettyRequestSender - Using pooled Channel '[id: 0xdf178ddd, L:/127.0.0.1:57519 - R:localhost/127.0.0.1:65241]' for 'GET' to 'http://localhost:65241/session/eddaef18-5197-4b39-aa9f-8c12fa521bbf/screenshot'
19:39:17.934 [Forwarding screenshot on session eddaef18-5197-4b39-aa9f-8c12fa521bbf to remote] DEBUG org.asynchttpclient.netty.request.NettyRequestSender - Using open Channel [id: 0xdf178ddd, L:/127.0.0.1:57519 - R:localhost/127.0.0.1:65241] for GET '/session/eddaef18-5197-4b39-aa9f-8c12fa521bbf/screenshot'
19:39:18.161 [AsyncHttpClient-1-14] DEBUG org.asynchttpclient.netty.handler.HttpHandler - 

Request DefaultFullHttpRequest(decodeResult: success, version: HTTP/1.1, content: EmptyByteBufBE)
GET /session/eddaef18-5197-4b39-aa9f-8c12fa521bbf/screenshot HTTP/1.1
User-Agent: selenium/4.1.2 (java windows)
Cache-Control: no-cache
Content-Type: application/json; charset=utf-8
host: localhost:65241
accept: */*

Response DefaultHttpResponse(decodeResult: success, version: HTTP/1.1)
HTTP/1.1 200 OK
content-type: application/json; charset=utf-8
cache-control: no-cache
date: Sun, 09 Apr 2023 12:39:17 GMT
content-length: 98024

19:39:18.162 [AsyncHttpClient-1-14] DEBUG org.asynchttpclient.netty.channel.ChannelManager - Adding key: http://localhost:65241 for channel [id: 0xdf178ddd, L:/127.0.0.1:57519 - R:localhost/127.0.0.1:65241]
19:39:18.167 [main] DEBUG net.serenitybdd.core.photography.Darkroom - Send negative for processing for target\site\serenity\bcb9a8d665d2c58a930e922f816fcc3ebc2aef855b882f3d531e7c9aa320b06d.png
19:39:18.184 [Forwarding findElement on session eddaef18-5197-4b39-aa9f-8c12fa521bbf to remote] DEBUG org.asynchttpclient.netty.request.NettyRequestSender - Using pooled Channel '[id: 0xdf178ddd, L:/127.0.0.1:57519 - R:localhost/127.0.0.1:65241]' for 'POST' to 'http://localhost:65241/session/eddaef18-5197-4b39-aa9f-8c12fa521bbf/element'
19:39:18.184 [Forwarding findElement on session eddaef18-5197-4b39-aa9f-8c12fa521bbf to remote] DEBUG org.asynchttpclient.netty.request.NettyRequestSender - Using open Channel [id: 0xdf178ddd, L:/127.0.0.1:57519 - R:localhost/127.0.0.1:65241] for POST '/session/eddaef18-5197-4b39-aa9f-8c12fa521bbf/element'
19:39:18.241 [AsyncHttpClient-1-14] DEBUG org.asynchttpclient.netty.handler.HttpHandler - 

Request DefaultHttpRequest(decodeResult: success, version: HTTP/1.1)
POST /session/eddaef18-5197-4b39-aa9f-8c12fa521bbf/element HTTP/1.1
User-Agent: selenium/4.1.2 (java windows)
Content-Length: 104
Content-Type: application/json; charset=utf-8
host: localhost:65241
accept: */*

Response DefaultHttpResponse(decodeResult: success, version: HTTP/1.1)
HTTP/1.1 200 OK
content-type: application/json; charset=utf-8
cache-control: no-cache
date: Sun, 09 Apr 2023 12:39:17 GMT
content-length: 88

19:39:18.241 [AsyncHttpClient-1-14] DEBUG org.asynchttpclient.netty.channel.ChannelManager - Adding key: http://localhost:65241 for channel [id: 0xdf178ddd, L:/127.0.0.1:57519 - R:localhost/127.0.0.1:65241]
19:39:18.242 [Forwarding getElementTagName on session eddaef18-5197-4b39-aa9f-8c12fa521bbf to remote] DEBUG org.asynchttpclient.netty.request.NettyRequestSender - Using pooled Channel '[id: 0xdf178ddd, L:/127.0.0.1:57519 - R:localhost/127.0.0.1:65241]' for 'GET' to 'http://localhost:65241/session/eddaef18-5197-4b39-aa9f-8c12fa521bbf/element/a2510792-49a0-4e9b-a6e1-addc674b0edc/name'
19:39:18.242 [Forwarding getElementTagName on session eddaef18-5197-4b39-aa9f-8c12fa521bbf to remote] DEBUG org.asynchttpclient.netty.request.NettyRequestSender - Using open Channel [id: 0xdf178ddd, L:/127.0.0.1:57519 - R:localhost/127.0.0.1:65241] for GET '/session/eddaef18-5197-4b39-aa9f-8c12fa521bbf/element/a2510792-49a0-4e9b-a6e1-addc674b0edc/name'
19:39:18.251 [AsyncHttpClient-1-14] DEBUG org.asynchttpclient.netty.handler.HttpHandler - 

Request DefaultFullHttpRequest(decodeResult: success, version: HTTP/1.1, content: EmptyByteBufBE)
GET /session/eddaef18-5197-4b39-aa9f-8c12fa521bbf/element/a2510792-49a0-4e9b-a6e1-addc674b0edc/name HTTP/1.1
User-Agent: selenium/4.1.2 (java windows)
Cache-Control: no-cache
Content-Type: application/json; charset=utf-8
host: localhost:65241
accept: */*

Response DefaultHttpResponse(decodeResult: success, version: HTTP/1.1)
HTTP/1.1 200 OK
content-type: application/json; charset=utf-8
cache-control: no-cache
date: Sun, 09 Apr 2023 12:39:17 GMT
content-length: 16

19:39:18.251 [AsyncHttpClient-1-14] DEBUG org.asynchttpclient.netty.channel.ChannelManager - Adding key: http://localhost:65241 for channel [id: 0xdf178ddd, L:/127.0.0.1:57519 - R:localhost/127.0.0.1:65241]
19:39:18.253 [Forwarding getElementTagName on session eddaef18-5197-4b39-aa9f-8c12fa521bbf to remote] DEBUG org.asynchttpclient.netty.request.NettyRequestSender - Using pooled Channel '[id: 0xdf178ddd, L:/127.0.0.1:57519 - R:localhost/127.0.0.1:65241]' for 'GET' to 'http://localhost:65241/session/eddaef18-5197-4b39-aa9f-8c12fa521bbf/element/a2510792-49a0-4e9b-a6e1-addc674b0edc/name'
19:39:18.253 [Forwarding getElementTagName on session eddaef18-5197-4b39-aa9f-8c12fa521bbf to remote] DEBUG org.asynchttpclient.netty.request.NettyRequestSender - Using open Channel [id: 0xdf178ddd, L:/127.0.0.1:57519 - R:localhost/127.0.0.1:65241] for GET '/session/eddaef18-5197-4b39-aa9f-8c12fa521bbf/element/a2510792-49a0-4e9b-a6e1-addc674b0edc/name'
19:39:18.335 [AsyncHttpClient-1-14] DEBUG org.asynchttpclient.netty.handler.HttpHandler - 

Request DefaultFullHttpRequest(decodeResult: success, version: HTTP/1.1, content: EmptyByteBufBE)
GET /session/eddaef18-5197-4b39-aa9f-8c12fa521bbf/element/a2510792-49a0-4e9b-a6e1-addc674b0edc/name HTTP/1.1
User-Agent: selenium/4.1.2 (java windows)
Cache-Control: no-cache
Content-Type: application/json; charset=utf-8
host: localhost:65241
accept: */*

Response DefaultHttpResponse(decodeResult: success, version: HTTP/1.1)
HTTP/1.1 200 OK
content-type: application/json; charset=utf-8
cache-control: no-cache
date: Sun, 09 Apr 2023 12:39:17 GMT
content-length: 16

19:39:18.336 [AsyncHttpClient-1-14] DEBUG org.asynchttpclient.netty.channel.ChannelManager - Adding key: http://localhost:65241 for channel [id: 0xdf178ddd, L:/127.0.0.1:57519 - R:localhost/127.0.0.1:65241]
19:39:18.339 [Forwarding findElement on session eddaef18-5197-4b39-aa9f-8c12fa521bbf to remote] DEBUG org.asynchttpclient.netty.request.NettyRequestSender - Using pooled Channel '[id: 0xdf178ddd, L:/127.0.0.1:57519 - R:localhost/127.0.0.1:65241]' for 'POST' to 'http://localhost:65241/session/eddaef18-5197-4b39-aa9f-8c12fa521bbf/element'
19:39:18.339 [Forwarding findElement on session eddaef18-5197-4b39-aa9f-8c12fa521bbf to remote] DEBUG org.asynchttpclient.netty.request.NettyRequestSender - Using open Channel [id: 0xdf178ddd, L:/127.0.0.1:57519 - R:localhost/127.0.0.1:65241] for POST '/session/eddaef18-5197-4b39-aa9f-8c12fa521bbf/element'
19:39:18.347 [AsyncHttpClient-1-14] DEBUG org.asynchttpclient.netty.handler.HttpHandler - 

Request DefaultHttpRequest(decodeResult: success, version: HTTP/1.1)
POST /session/eddaef18-5197-4b39-aa9f-8c12fa521bbf/element HTTP/1.1
User-Agent: selenium/4.1.2 (java windows)
Content-Length: 104
Content-Type: application/json; charset=utf-8
host: localhost:65241
accept: */*

Response DefaultHttpResponse(decodeResult: success, version: HTTP/1.1)
HTTP/1.1 200 OK
content-type: application/json; charset=utf-8
cache-control: no-cache
date: Sun, 09 Apr 2023 12:39:17 GMT
content-length: 88

19:39:18.347 [AsyncHttpClient-1-14] DEBUG org.asynchttpclient.netty.channel.ChannelManager - Adding key: http://localhost:65241 for channel [id: 0xdf178ddd, L:/127.0.0.1:57519 - R:localhost/127.0.0.1:65241]
19:39:18.348 [Forwarding clickElement on session eddaef18-5197-4b39-aa9f-8c12fa521bbf to remote] DEBUG org.asynchttpclient.netty.request.NettyRequestSender - Using pooled Channel '[id: 0xdf178ddd, L:/127.0.0.1:57519 - R:localhost/127.0.0.1:65241]' for 'POST' to 'http://localhost:65241/session/eddaef18-5197-4b39-aa9f-8c12fa521bbf/element/a2510792-49a0-4e9b-a6e1-addc674b0edc/click'
19:39:18.349 [Forwarding clickElement on session eddaef18-5197-4b39-aa9f-8c12fa521bbf to remote] DEBUG org.asynchttpclient.netty.request.NettyRequestSender - Using open Channel [id: 0xdf178ddd, L:/127.0.0.1:57519 - R:localhost/127.0.0.1:65241] for POST '/session/eddaef18-5197-4b39-aa9f-8c12fa521bbf/element/a2510792-49a0-4e9b-a6e1-addc674b0edc/click'
19:39:18.769 [AsyncHttpClient-1-14] DEBUG org.asynchttpclient.netty.handler.HttpHandler - 

Request DefaultHttpRequest(decodeResult: success, version: HTTP/1.1)
POST /session/eddaef18-5197-4b39-aa9f-8c12fa521bbf/element/a2510792-49a0-4e9b-a6e1-addc674b0edc/click HTTP/1.1
User-Agent: selenium/4.1.2 (java windows)
Content-Length: 50
Content-Type: application/json; charset=utf-8
host: localhost:65241
accept: */*

Response DefaultHttpResponse(decodeResult: success, version: HTTP/1.1)
HTTP/1.1 200 OK
content-type: application/json; charset=utf-8
cache-control: no-cache
date: Sun, 09 Apr 2023 12:39:17 GMT
content-length: 14

19:39:18.769 [AsyncHttpClient-1-14] DEBUG org.asynchttpclient.netty.channel.ChannelManager - Adding key: http://localhost:65241 for channel [id: 0xdf178ddd, L:/127.0.0.1:57519 - R:localhost/127.0.0.1:65241]
  &amp#27;[32mWhen &amp#27;[0m&amp#27;[32mI will go to &amp#27;[0m&amp#27;[32m&amp#27;[1m"onePiece"&amp#27;[0m    &amp#27;[90m# starter.stepdefinitions.BabyStep.iWillGoTo(java.lang.String)&amp#27;[0m
19:39:18.775 [Forwarding screenshot on session eddaef18-5197-4b39-aa9f-8c12fa521bbf to remote] DEBUG org.asynchttpclient.netty.request.NettyRequestSender - Using pooled Channel '[id: 0xdf178ddd, L:/127.0.0.1:57519 - R:localhost/127.0.0.1:65241]' for 'GET' to 'http://localhost:65241/session/eddaef18-5197-4b39-aa9f-8c12fa521bbf/screenshot'
19:39:18.776 [Forwarding screenshot on session eddaef18-5197-4b39-aa9f-8c12fa521bbf to remote] DEBUG org.asynchttpclient.netty.request.NettyRequestSender - Using open Channel [id: 0xdf178ddd, L:/127.0.0.1:57519 - R:localhost/127.0.0.1:65241] for GET '/session/eddaef18-5197-4b39-aa9f-8c12fa521bbf/screenshot'
19:39:18.975 [AsyncHttpClient-1-14] DEBUG org.asynchttpclient.netty.handler.HttpHandler - 

Request DefaultFullHttpRequest(decodeResult: success, version: HTTP/1.1, content: EmptyByteBufBE)
GET /session/eddaef18-5197-4b39-aa9f-8c12fa521bbf/screenshot HTTP/1.1
User-Agent: selenium/4.1.2 (java windows)
Cache-Control: no-cache
Content-Type: application/json; charset=utf-8
host: localhost:65241
accept: */*

Response DefaultHttpResponse(decodeResult: success, version: HTTP/1.1)
HTTP/1.1 200 OK
content-type: application/json; charset=utf-8
cache-control: no-cache
date: Sun, 09 Apr 2023 12:39:17 GMT
content-length: 79076

19:39:18.976 [AsyncHttpClient-1-14] DEBUG org.asynchttpclient.netty.channel.ChannelManager - Adding key: http://localhost:65241 for channel [id: 0xdf178ddd, L:/127.0.0.1:57519 - R:localhost/127.0.0.1:65241]
19:39:18.979 [main] DEBUG net.serenitybdd.core.photography.Darkroom - Send negative for processing for target\site\serenity\a5dfa677013f2bc46d32be2376ca154dccde9b01827d7f91c5264960af98bc0b.png
19:39:18.979 [Darkroom Processing Line] DEBUG net.serenitybdd.core.photography.DarkroomProcessingLine - Processing screenshot image in /var/screenshots/screenshot-13466298623052369158
19:39:18.979 [Darkroom Processing Line] DEBUG net.serenitybdd.core.photography.DarkroomProcessingLine - Saving screenshot to target\site\serenity\a5dfa677013f2bc46d32be2376ca154dccde9b01827d7f91c5264960af98bc0b.png
  &amp#27;[32mAnd &amp#27;[0m&amp#27;[32mI &amp#27;[0m&amp#27;[32m&amp#27;[1m"txtOnepiece"&amp#27;[0m&amp#27;[32m page&amp#27;[0m        &amp#27;[90m# starter.stepdefinitions.BabyStep.iPage(java.lang.String)&amp#27;[0m
19:39:18.990 [Driver Command Executor] DEBUG org.asynchttpclient.netty.request.NettyRequestSender - Using pooled Channel '[id: 0xdf178ddd, L:/127.0.0.1:57519 - R:localhost/127.0.0.1:65241]' for 'DELETE' to 'http://localhost:65241/session/eddaef18-5197-4b39-aa9f-8c12fa521bbf'
19:39:18.990 [Driver Command Executor] DEBUG org.asynchttpclient.netty.request.NettyRequestSender - Using open Channel [id: 0xdf178ddd, L:/127.0.0.1:57519 - R:localhost/127.0.0.1:65241] for DELETE '/session/eddaef18-5197-4b39-aa9f-8c12fa521bbf'
19:39:19.850 [AsyncHttpClient-1-14] DEBUG org.asynchttpclient.netty.handler.HttpHandler - 

Request DefaultFullHttpRequest(decodeResult: success, version: HTTP/1.1, content: EmptyByteBufBE)
DELETE /session/eddaef18-5197-4b39-aa9f-8c12fa521bbf HTTP/1.1
User-Agent: selenium/4.1.2 (java windows)
Content-Type: application/json; charset=utf-8
host: localhost:65241
accept: */*

Response DefaultHttpResponse(decodeResult: success, version: HTTP/1.1)
HTTP/1.1 200 OK
content-type: application/json; charset=utf-8
cache-control: no-cache
date: Sun, 09 Apr 2023 12:39:18 GMT
content-length: 14

19:39:19.850 [AsyncHttpClient-1-14] DEBUG org.asynchttpclient.netty.channel.ChannelManager - Adding key: http://localhost:65241 for channel [id: 0xdf178ddd, L:/127.0.0.1:57519 - R:localhost/127.0.0.1:65241]
19:39:19.852 [AsyncHttpClient-1-14] DEBUG org.asynchttpclient.netty.handler.HttpHandler - Unexpected I/O exception on channel [id: 0xdf178ddd, L:/127.0.0.1:57519 - R:localhost/127.0.0.1:65241]
java.net.SocketException: Connection reset
	at java.base/sun.nio.ch.SocketChannelImpl.throwConnectionReset(SocketChannelImpl.java:345)
	at java.base/sun.nio.ch.SocketChannelImpl.read(SocketChannelImpl.java:376)
	at io.netty.buffer.PooledByteBuf.setBytes(PooledByteBuf.java:258)
	at io.netty.buffer.AbstractByteBuf.writeBytes(AbstractByteBuf.java:1132)
	at io.netty.channel.socket.nio.NioSocketChannel.doReadBytes(NioSocketChannel.java:350)
	at io.netty.channel.nio.AbstractNioByteChannel$NioByteUnsafe.read(AbstractNioByteChannel.java:151)
	at io.netty.channel.nio.NioEventLoop.processSelectedKey(NioEventLoop.java:722)
	at io.netty.channel.nio.NioEventLoop.processSelectedKeysOptimized(NioEventLoop.java:658)
	at io.netty.channel.nio.NioEventLoop.processSelectedKeys(NioEventLoop.java:584)
	at io.netty.channel.nio.NioEventLoop.run(NioEventLoop.java:496)
	at io.netty.util.concurrent.SingleThreadEventExecutor$4.run(SingleThreadEventExecutor.java:986)
	at io.netty.util.internal.ThreadExecutorMap$2.run(ThreadExecutorMap.java:74)
	at io.netty.util.concurrent.FastThreadLocalRunnable.run(FastThreadLocalRunnable.java:30)
	at java.base/java.lang.Thread.run(Thread.java:830)
19:39:19.852 [AsyncHttpClient-1-14] DEBUG org.asynchttpclient.netty.channel.ChannelManager - Closing Channel [id: 0xdf178ddd, L:/127.0.0.1:57519 - R:localhost/127.0.0.1:65241] 
19:39:19.852 [AsyncHttpClient-1-14] DEBUG org.asynchttpclient.netty.handler.HttpHandler - Channel Closed: [id: 0xdf178ddd, L:/127.0.0.1:57519 ! R:localhost/127.0.0.1:65241] with attribute DISCARD
]]></system-out>
    <system-err><![CDATA[1681043951552	geckodriver	INFO	Listening on 127.0.0.1:65241
1681043952043	mozrunner::runner	INFO	Running command: "C:\\Program Files\\Mozilla Firefox\\firefox.exe" "--marionette" "" "--remote-debugging-port" "64111" "--remote-allow-hosts" "localhost" "-no-remote" "-profile" "C:\\Users\\alwi\\AppData\\Local\\Temp\\rust_mozprofileNqar4N"
console.warn: services.settings: Ignoring preference override of remote settings server
console.warn: services.settings: Allow by setting MOZ_REMOTE_SETTINGS_DEVTOOLS=1 in the environment
1681043952385	Marionette	INFO	Marionette enabled
Dynamically enable window occlusion 0
1681043952389	Marionette	INFO	Listening on port 57524
WebDriver BiDi listening on ws://127.0.0.1:64111
Read port: 57524
1681043952633	RemoteAgent	WARN	TLS certificate errors will be ignored for this session
console.warn: SearchSettings: "get: No settings file exists, new profile?" (new NotFoundError("Could not open the file at C:\\Users\\alwi\\AppData\\Local\\Temp\\rust_mozprofileNqar4N\\search.json.mozlz4", (void 0)))
DevTools listening on ws://127.0.0.1:64111/devtools/browser/a79dc29f-e66e-413b-9950-ff7801be0a9c
Apr 09, 2023 7:39:14 PM org.openqa.selenium.remote.ProtocolHandshake createSession
INFO: Detected dialect: W3C
JavaScript warning: https://www.uniqlo.com/oQfZRN8zACRR/OQ/-x_RMR-EGX/k95OLrhJQ5/OXl6GHI5AQ/PnUdVS/RrZQs, line 1: unreachable code after return statement
JavaScript warning: https://www.uniqlo.com/id/elgnisolqinu.js?async&seed=AECl_mWHAQAAhXleUcVgnU2eEowETsYZDsExG9MVfyypS8j2a8yO2N_NY-zV&x-i1ysm4mm--z=q, line 1: WEBGL_debug_renderer_info is deprecated in Firefox and will be removed. Please use RENDERER.
JavaScript warning: https://www.uniqlo.com/oQfZRN8zACRR/OQ/-x_RMR-EGX/k95OLrhJQ5/OXl6GHI5AQ/PnUdVS/RrZQs, line 1: WEBGL_debug_renderer_info is deprecated in Firefox and will be removed. Please use RENDERER.
1681043958991	Marionette	INFO	Stopped listening on port 57524
Dynamically enable window occlusion 1
[Parent 11304, IPC I/O Parent] WARNING: DuplicateHandle failed for handle 0 in TransferHandles: file /builds/worker/checkouts/gecko/ipc/chromium/src/chrome/common/ipc_channel_win.cc:777
WARNING: A blocker encountered an error while we were waiting.
          Blocker:  Waiting for ping task
          Phase: TelemetryController: Waiting for pending ping activity
          State: (none)
WARNING: Error: Phase "profile-before-change" is finished, it is too late to register completion condition "OS.File: flush I/O queued before profileBeforeChange"
WARNING: addBlocker@resource://gre/modules/AsyncShutdown.sys.mjs:727:15
addBlocker@resource://gre/modules/AsyncShutdown.sys.mjs:523:26
addBlocker@resource://gre/modules/AsyncShutdown.sys.mjs:458:15
setupShutdown@resource://gre/modules/osfile/osfile_async_front.jsm:1548:28
@resource://gre/modules/osfile/osfile_async_front.jsm:1568:16
@resource://gre/modules/osfile.jsm:12:30
@resource://gre/modules/TelemetryStorage.sys.mjs:10:28
_checkPendingPings@resource://gre/modules/TelemetrySend.sys.mjs:863:17
setup@resource://gre/modules/TelemetrySend.sys.mjs:803:18
setup@resource://gre/modules/TelemetrySend.sys.mjs:241:30
setupTelemetry/this._delayedInitTask<@resource://gre/modules/TelemetryControllerParent.sys.mjs:828:36
observe@resource://gre/modules/AsyncShutdown.sys.mjs:576:16

console.error: "TelemetryScheduler.shutdown - Already shut down"
WARNING: A blocker encountered an error while we were waiting.
          Blocker:  Waiting for ping task
          Phase: TelemetryController: Waiting for pending ping activity
          State: (none)
WARNING: Error: Phase "profile-before-change" is finished, it is too late to register completion condition "OS.File: flush I/O queued before profileBeforeChange"
WARNING: addBlocker@resource://gre/modules/AsyncShutdown.sys.mjs:727:15
addBlocker@resource://gre/modules/AsyncShutdown.sys.mjs:523:26
addBlocker@resource://gre/modules/AsyncShutdown.sys.mjs:458:15
setupShutdown@resource://gre/modules/osfile/osfile_async_front.jsm:1548:28
@resource://gre/modules/osfile/osfile_async_front.jsm:1568:16
@resource://gre/modules/osfile.jsm:12:30
@resource://gre/modules/TelemetryStorage.sys.mjs:10:28
_checkPendingPings@resource://gre/modules/TelemetrySend.sys.mjs:863:17
setup@resource://gre/modules/TelemetrySend.sys.mjs:803:18
setup@resource://gre/modules/TelemetrySend.sys.mjs:241:30
setupTelemetry/this._delayedInitTask<@resource://gre/modules/TelemetryControllerParent.sys.mjs:828:36
observe@resource://gre/modules/AsyncShutdown.sys.mjs:576:16

WARNING: A blocker encountered an error while we were waiting.
          Blocker:  Waiting for ping task
          Phase: TelemetryController: Waiting for pending ping activity
          State: (none)
WARNING: Error: Phase "profile-before-change" is finished, it is too late to register completion condition "OS.File: flush I/O queued before profileBeforeChange"
WARNING: addBlocker@resource://gre/modules/AsyncShutdown.sys.mjs:727:15
addBlocker@resource://gre/modules/AsyncShutdown.sys.mjs:523:26
addBlocker@resource://gre/modules/AsyncShutdown.sys.mjs:458:15
setupShutdown@resource://gre/modules/osfile/osfile_async_front.jsm:1548:28
@resource://gre/modules/osfile/osfile_async_front.jsm:1568:16
@resource://gre/modules/osfile.jsm:12:30
@resource://gre/modules/TelemetryStorage.sys.mjs:10:28
_checkPendingPings@resource://gre/modules/TelemetrySend.sys.mjs:863:17
setup@resource://gre/modules/TelemetrySend.sys.mjs:803:18
setup@resource://gre/modules/TelemetrySend.sys.mjs:241:30
setupTelemetry/this._delayedInitTask<@resource://gre/modules/TelemetryControllerParent.sys.mjs:828:36
observe@resource://gre/modules/AsyncShutdown.sys.mjs:576:16

WARNING: A blocker encountered an error while we were waiting.
          Blocker:  TelemetryController: shutting down
          Phase: profile-before-change-telemetry
          State: Error getting state: Error: Phase "profile-before-change" is finished, it is too late to register completion condition "OS.File: flush I/O queued before profileBeforeChange" at addBlocker@resource://gre/modules/AsyncShutdown.sys.mjs:727:15
addBlocker@resource://gre/modules/AsyncShutdown.sys.mjs:523:26
addBlocker@resource://gre/modules/AsyncShutdown.sys.mjs:458:15
setupShutdown@resource://gre/modules/osfile/osfile_async_front.jsm:1548:28
@resource://gre/modules/osfile/osfile_async_front.jsm:1568:16
@resource://gre/modules/osfile.jsm:12:30
@resource://gre/modules/TelemetryStorage.sys.mjs:10:28
_checkPendingPings@resource://gre/modules/TelemetrySend.sys.mjs:863:17
setup@resource://gre/modules/TelemetrySend.sys.mjs:803:18
setup@resource://gre/modules/TelemetrySend.sys.mjs:241:30
setupTelemetry/this._delayedInitTask<@resource://gre/modules/TelemetryControllerParent.sys.mjs:828:36
observe@resource://gre/modules/AsyncShutdown.sys.mjs:576:16

WARNING: Error: Phase "profile-before-change" is finished, it is too late to register completion conditiJona v"OaSS.Fcirlei:p ftl usehr Ir/oOr q:u erueeds obefuorrcee :p/r/ogfriel/emBoedfuolesr/eACshyanncSge"hu
tWdARoNwINnG.:s yasdd.Bmljosc, kleirn@er es7o2u7r:c Erer:o/r/:g rPeh/amsoe "profdiullees/-AbsyenfcoSrhuet-docwhna.nsygse."mj si:s7 27f:i1n5i
asddhBeldoc,k eir@tr esiosu rcteo:o// glrea/tmeod utles/Asoy nrcSehgutidsowtne.rsy sc.mojms:p5l23e:2t6io
nad dcBlocker@resoounrcdei:t/i/gorne /"mOoSd.ulFeisl/eA:s ynfclSuhutdsowhn .Is/ysO. mqjuse:u4e5d8: 15be
fsoerteu ppSrhutdoofwinl@ereBsoeufrcoer:/e/gCrhe/amonge"
dules/osfile/osfileJ_aasyvnacS_fcrronitp.tj semr:r15o4r8::2 8r
@erseosuorurcce:e:////ggrer/em/odmuoldesu/leossf/iAlsey/noscfSile_ashynuct_dforwonnt..sjyssm.:1m5j68s:1,6 
l@rienseo ur7ce:2/7/:gr eE/rmordourl:e s/Pohsafsilee .j"spmr:o1f2:30i
@lree-beforse-chaonge" ius frinicshed,e it i:s too/ late/ to gregirsteer com/plemtoiduolesn/T elemcetornySdtiotriagoen.s y"sO.Smj.sF:i1l0e:2:8 f
l_cuhseckhPe nId/iOn gqPuineguse@rde sbefore profileBeforeChaounrcge:e//"gre/m
odJualevs/TaelemetrSySecnd.rsiysp.mtj s:e86r3:r17o
rse:t upr@reessoourucer:/c/ger:e//mo/dulegs/rTee/lemodulemse/tArysSyenncdS.hustdys.mjs:803:1own8.s
ysse.tmujps@,r elsionuer c7e2:7//:gr e/moduElrers/Toerl:e mPehtarsyeS e"npdr.osfyiles-.mjs:241b:e3f0ore-
csheatnupTgeel"em eist rfyi/ntihsis._hdeedl,a yietd IinitsT atsoko< @lraetseo utrceo:// grreeg/imsotderu lceomsp/letioTnel ecmoetrynCdointtiroonl l"eOrPSa.rFeinlt.es:y sf.lmujss:h8 2I8:/3O6 q
uoebuseedr vbee@rfeosroeu rpcreo://gre/modfuilleesB/efAosryeCnhcaShnugted"ow
nJ.asvyas.mSjcsr:i5p7t6 e:r1r6or
: 
resource://gre/modules/AsyncShutdown.sys.mjs, line 727: Error: Phase "profile-before-change" is finished, it is too late to register completion condition "OS.File: flush I/O queued before profileBeforeChange"
JavaScript error: resource://gre/modules/AsyncShutdown.sys.mjs, line 727: Error: Phase "profile-before-change" is finished, it is too late to register completion condition "OS.File: flush I/O queued before profileBeforeChange"
JavaScript error: resource://gre/modules/AsyncShutdown.sys.mjs, line 727: Error: Phase "profile-before-change" is finished, it is too late to register completion condition "OS.File: flush I/O queued before profileBeforeChange"
]]></system-err>
  </testcase>
  <testcase name="Fitur Menu Baby #7" classname="Baby" time="8.595">
    <system-out><![CDATA[
@baby
Scenario Outline: Fitur Menu Baby &amp#27;[90m# src/test/resources/features/Baby.feature:19&amp#27;[0m
19:39:19.922 [main] INFO io.cucumber.core.plugin.SerenityReporter - Running feature from file:///C:/Users/alwi/IdeaProjects/uniqloweb/src/test/resources/features/Baby.feature
19:39:19.940 [main] INFO net.serenitybdd.core.webdriver.driverproviders.FirefoxDriverProvider - Using automatically driver download
19:39:20.038 [main] DEBUG io.github.bonigarcia.wdm.cache.ResolutionCache - Resolution firefox=111 in cache (valid until 20:30:50 09/04/2023 WIB)
19:39:20.041 [main] DEBUG io.github.bonigarcia.wdm.cache.ResolutionCache - Resolution firefox111=0.32.2 in cache (valid until 19:30:50 10/04/2023 WIB)
19:39:20.043 [main] INFO io.github.bonigarcia.wdm.WebDriverManager - Using geckodriver 0.32.2 (resolved driver for Firefox 111)
19:39:20.057 [main] DEBUG io.github.bonigarcia.wdm.WebDriverManager - Driver geckodriver 0.32.2 found in cache
19:39:20.057 [main] INFO io.github.bonigarcia.wdm.WebDriverManager - Exporting webdriver.gecko.driver as C:\Users\alwi\.cache\selenium\geckodriver\win64\0.32.2\geckodriver.exe
19:39:20.076 [main] DEBUG net.serenitybdd.core.webdriver.driverproviders.ProvideNewDriver - Instantiating driver
19:39:20.076 [main] DEBUG net.serenitybdd.core.webdriver.driverproviders.ProvideNewDriver - Driver capabilities: Capabilities {acceptInsecureCerts: true, browserName: firefox, moz:debuggerAddress: true, moz:firefoxOptions: {args: [], profile: UEsDBBQACAgIAOqciVYAAAAAAAA...}}
19:39:20.623 [AsyncHttpClient-1-16] DEBUG org.asynchttpclient.netty.channel.NettyConnectListener - Using new Channel '[id: 0x3e0dda04, L:/127.0.0.1:57619 - R:localhost/127.0.0.1:50602]' for 'POST' to '/session'
19:39:20.826 [AsyncHttpClient-1-1] DEBUG org.asynchttpclient.netty.channel.DefaultChannelPool - Entry count for : http://localhost:65241 : 1
19:39:20.826 [AsyncHttpClient-1-1] DEBUG org.asynchttpclient.netty.channel.DefaultChannelPool - Adding Candidate expired Channel [id: 0xdf178ddd, L:/127.0.0.1:57519 ! R:localhost/127.0.0.1:65241] isIdleTimeoutExpired=false isRemotelyClosed=true isTtlExpired=false
19:39:20.826 [AsyncHttpClient-1-1] DEBUG org.asynchttpclient.netty.channel.DefaultChannelPool - Closing Idle Channel [id: 0xdf178ddd, L:/127.0.0.1:57519 ! R:localhost/127.0.0.1:65241]
19:39:20.826 [AsyncHttpClient-1-1] DEBUG org.asynchttpclient.netty.channel.DefaultChannelPool - Closed 1 connections out of 1 in 0 ms
19:39:22.984 [AsyncHttpClient-1-16] DEBUG org.asynchttpclient.netty.handler.HttpHandler - 

Request DefaultHttpRequest(decodeResult: success, version: HTTP/1.1)
POST /session HTTP/1.1
User-Agent: selenium/4.1.2 (java windows)
Content-Length: 3673
Content-Type: application/json; charset=utf-8
host: localhost:50602
accept: */*

Response DefaultHttpResponse(decodeResult: success, version: HTTP/1.1)
HTTP/1.1 200 OK
content-type: application/json; charset=utf-8
cache-control: no-cache
date: Sun, 09 Apr 2023 12:39:20 GMT
content-length: 790

19:39:22.984 [AsyncHttpClient-1-16] DEBUG org.asynchttpclient.netty.channel.ChannelManager - Adding key: http://localhost:50602 for channel [id: 0x3e0dda04, L:/127.0.0.1:57619 - R:localhost/127.0.0.1:50602]
19:39:22.991 [AsyncHttpClient-1-17] DEBUG org.asynchttpclient.netty.channel.NettyConnectListener - Using new Channel '[id: 0x1fcf44b0, L:/127.0.0.1:57637 - R:/127.0.0.1:63816]' for 'GET' to '/json/version'
19:39:22.997 [AsyncHttpClient-1-17] DEBUG org.asynchttpclient.netty.handler.HttpHandler - 

Request DefaultFullHttpRequest(decodeResult: success, version: HTTP/1.1, content: EmptyByteBufBE)
GET /json/version HTTP/1.1
User-Agent: selenium/4.1.2 (java windows)
host: 127.0.0.1:63816
accept: */*

Response DefaultHttpResponse(decodeResult: success, version: HTTP/1.1)
HTTP/1.1 200 OK
content-type: application/json
connection: close
server: httpd.js
date: Sun, 09 Apr 2023 12:39:22 GMT
content-length: 311

19:39:22.997 [AsyncHttpClient-1-17] DEBUG org.asynchttpclient.netty.channel.ChannelManager - Closing Channel [id: 0x1fcf44b0, L:/127.0.0.1:57637 - R:/127.0.0.1:63816] 
19:39:22.998 [AsyncHttpClient-1-17] DEBUG org.asynchttpclient.netty.handler.HttpHandler - Channel Closed: [id: 0x1fcf44b0, L:/127.0.0.1:57637 ! R:/127.0.0.1:63816] with attribute DISCARD
19:39:22.999 [Forwarding get on session 7ec3ed50-738b-444f-9205-83d173ce8011 to remote] DEBUG org.asynchttpclient.netty.request.NettyRequestSender - Using pooled Channel '[id: 0x3e0dda04, L:/127.0.0.1:57619 - R:localhost/127.0.0.1:50602]' for 'POST' to 'http://localhost:50602/session/7ec3ed50-738b-444f-9205-83d173ce8011/url'
19:39:22.999 [Forwarding get on session 7ec3ed50-738b-444f-9205-83d173ce8011 to remote] DEBUG org.asynchttpclient.netty.request.NettyRequestSender - Using open Channel [id: 0x3e0dda04, L:/127.0.0.1:57619 - R:localhost/127.0.0.1:50602] for POST '/session/7ec3ed50-738b-444f-9205-83d173ce8011/url'
19:39:23.864 [AsyncHttpClient-1-16] DEBUG org.asynchttpclient.netty.handler.HttpHandler - 

Request DefaultHttpRequest(decodeResult: success, version: HTTP/1.1)
POST /session/7ec3ed50-738b-444f-9205-83d173ce8011/url HTTP/1.1
User-Agent: selenium/4.1.2 (java windows)
Content-Length: 53
Content-Type: application/json; charset=utf-8
host: localhost:50602
accept: */*

Response DefaultHttpResponse(decodeResult: success, version: HTTP/1.1)
HTTP/1.1 200 OK
content-type: application/json; charset=utf-8
cache-control: no-cache
date: Sun, 09 Apr 2023 12:39:22 GMT
content-length: 14

19:39:23.865 [AsyncHttpClient-1-16] DEBUG org.asynchttpclient.netty.channel.ChannelManager - Adding key: http://localhost:50602 for channel [id: 0x3e0dda04, L:/127.0.0.1:57619 - R:localhost/127.0.0.1:50602]
19:39:23.867 [Forwarding setTimeout on session 7ec3ed50-738b-444f-9205-83d173ce8011 to remote] DEBUG org.asynchttpclient.netty.request.NettyRequestSender - Using pooled Channel '[id: 0x3e0dda04, L:/127.0.0.1:57619 - R:localhost/127.0.0.1:50602]' for 'POST' to 'http://localhost:50602/session/7ec3ed50-738b-444f-9205-83d173ce8011/timeouts'
19:39:23.867 [Forwarding setTimeout on session 7ec3ed50-738b-444f-9205-83d173ce8011 to remote] DEBUG org.asynchttpclient.netty.request.NettyRequestSender - Using open Channel [id: 0x3e0dda04, L:/127.0.0.1:57619 - R:localhost/127.0.0.1:50602] for POST '/session/7ec3ed50-738b-444f-9205-83d173ce8011/timeouts'
19:39:23.901 [AsyncHttpClient-1-16] DEBUG org.asynchttpclient.netty.handler.HttpHandler - 

Request DefaultHttpRequest(decodeResult: success, version: HTTP/1.1)
POST /session/7ec3ed50-738b-444f-9205-83d173ce8011/timeouts HTTP/1.1
User-Agent: selenium/4.1.2 (java windows)
Content-Length: 22
Content-Type: application/json; charset=utf-8
host: localhost:50602
accept: */*

Response DefaultHttpResponse(decodeResult: success, version: HTTP/1.1)
HTTP/1.1 200 OK
content-type: application/json; charset=utf-8
cache-control: no-cache
date: Sun, 09 Apr 2023 12:39:22 GMT
content-length: 14

19:39:23.901 [AsyncHttpClient-1-16] DEBUG org.asynchttpclient.netty.channel.ChannelManager - Adding key: http://localhost:50602 for channel [id: 0x3e0dda04, L:/127.0.0.1:57619 - R:localhost/127.0.0.1:50602]
19:39:23.904 [Forwarding getCurrentUrl on session 7ec3ed50-738b-444f-9205-83d173ce8011 to remote] DEBUG org.asynchttpclient.netty.request.NettyRequestSender - Using pooled Channel '[id: 0x3e0dda04, L:/127.0.0.1:57619 - R:localhost/127.0.0.1:50602]' for 'GET' to 'http://localhost:50602/session/7ec3ed50-738b-444f-9205-83d173ce8011/url'
19:39:23.905 [Forwarding getCurrentUrl on session 7ec3ed50-738b-444f-9205-83d173ce8011 to remote] DEBUG org.asynchttpclient.netty.request.NettyRequestSender - Using open Channel [id: 0x3e0dda04, L:/127.0.0.1:57619 - R:localhost/127.0.0.1:50602] for GET '/session/7ec3ed50-738b-444f-9205-83d173ce8011/url'
19:39:23.908 [AsyncHttpClient-1-16] DEBUG org.asynchttpclient.netty.handler.HttpHandler - 

Request DefaultFullHttpRequest(decodeResult: success, version: HTTP/1.1, content: EmptyByteBufBE)
GET /session/7ec3ed50-738b-444f-9205-83d173ce8011/url HTTP/1.1
User-Agent: selenium/4.1.2 (java windows)
Cache-Control: no-cache
Content-Type: application/json; charset=utf-8
host: localhost:50602
accept: */*

Response DefaultHttpResponse(decodeResult: success, version: HTTP/1.1)
HTTP/1.1 200 OK
content-type: application/json; charset=utf-8
cache-control: no-cache
date: Sun, 09 Apr 2023 12:39:22 GMT
content-length: 41

19:39:23.908 [AsyncHttpClient-1-16] DEBUG org.asynchttpclient.netty.channel.ChannelManager - Adding key: http://localhost:50602 for channel [id: 0x3e0dda04, L:/127.0.0.1:57619 - R:localhost/127.0.0.1:50602]
  &amp#27;[32mGiven &amp#27;[0m&amp#27;[32mI am on the home page&amp#27;[0m     &amp#27;[90m# starter.stepdefinitions.BabyStep.iAmOnTheHomePage()&amp#27;[0m
19:39:23.915 [Forwarding screenshot on session 7ec3ed50-738b-444f-9205-83d173ce8011 to remote] DEBUG org.asynchttpclient.netty.request.NettyRequestSender - Using pooled Channel '[id: 0x3e0dda04, L:/127.0.0.1:57619 - R:localhost/127.0.0.1:50602]' for 'GET' to 'http://localhost:50602/session/7ec3ed50-738b-444f-9205-83d173ce8011/screenshot'
19:39:23.915 [Forwarding screenshot on session 7ec3ed50-738b-444f-9205-83d173ce8011 to remote] DEBUG org.asynchttpclient.netty.request.NettyRequestSender - Using open Channel [id: 0x3e0dda04, L:/127.0.0.1:57619 - R:localhost/127.0.0.1:50602] for GET '/session/7ec3ed50-738b-444f-9205-83d173ce8011/screenshot'
19:39:24.851 [AsyncHttpClient-1-16] DEBUG org.asynchttpclient.netty.handler.HttpHandler - 

Request DefaultFullHttpRequest(decodeResult: success, version: HTTP/1.1, content: EmptyByteBufBE)
GET /session/7ec3ed50-738b-444f-9205-83d173ce8011/screenshot HTTP/1.1
User-Agent: selenium/4.1.2 (java windows)
Cache-Control: no-cache
Content-Type: application/json; charset=utf-8
host: localhost:50602
accept: */*

Response DefaultHttpResponse(decodeResult: success, version: HTTP/1.1)
HTTP/1.1 200 OK
content-type: application/json; charset=utf-8
cache-control: no-cache
date: Sun, 09 Apr 2023 12:39:22 GMT
content-length: 89052

19:39:24.852 [AsyncHttpClient-1-16] DEBUG org.asynchttpclient.netty.channel.ChannelManager - Adding key: http://localhost:50602 for channel [id: 0x3e0dda04, L:/127.0.0.1:57619 - R:localhost/127.0.0.1:50602]
19:39:24.855 [main] DEBUG net.serenitybdd.core.photography.Darkroom - Send negative for processing for target\site\serenity\4721b097f9206650acd5cb43143d3e80cfaac96cf9bc0956417846ed6433be82.png
19:39:24.856 [Darkroom Processing Line] DEBUG net.serenitybdd.core.photography.DarkroomProcessingLine - Processing screenshot image in /var/screenshots/screenshot-1169573278768683227
19:39:24.856 [Darkroom Processing Line] DEBUG net.serenitybdd.core.photography.DarkroomProcessingLine - Saving screenshot to target\site\serenity\4721b097f9206650acd5cb43143d3e80cfaac96cf9bc0956417846ed6433be82.png
19:39:24.864 [Forwarding findElement on session 7ec3ed50-738b-444f-9205-83d173ce8011 to remote] DEBUG org.asynchttpclient.netty.request.NettyRequestSender - Using pooled Channel '[id: 0x3e0dda04, L:/127.0.0.1:57619 - R:localhost/127.0.0.1:50602]' for 'POST' to 'http://localhost:50602/session/7ec3ed50-738b-444f-9205-83d173ce8011/element'
19:39:24.864 [Forwarding findElement on session 7ec3ed50-738b-444f-9205-83d173ce8011 to remote] DEBUG org.asynchttpclient.netty.request.NettyRequestSender - Using open Channel [id: 0x3e0dda04, L:/127.0.0.1:57619 - R:localhost/127.0.0.1:50602] for POST '/session/7ec3ed50-738b-444f-9205-83d173ce8011/element'
19:39:24.880 [AsyncHttpClient-1-16] DEBUG org.asynchttpclient.netty.handler.HttpHandler - 

Request DefaultHttpRequest(decodeResult: success, version: HTTP/1.1)
POST /session/7ec3ed50-738b-444f-9205-83d173ce8011/element HTTP/1.1
User-Agent: selenium/4.1.2 (java windows)
Content-Length: 81
Content-Type: application/json; charset=utf-8
host: localhost:50602
accept: */*

Response DefaultHttpResponse(decodeResult: success, version: HTTP/1.1)
HTTP/1.1 200 OK
content-type: application/json; charset=utf-8
cache-control: no-cache
date: Sun, 09 Apr 2023 12:39:24 GMT
content-length: 88

19:39:24.881 [AsyncHttpClient-1-16] DEBUG org.asynchttpclient.netty.channel.ChannelManager - Adding key: http://localhost:50602 for channel [id: 0x3e0dda04, L:/127.0.0.1:57619 - R:localhost/127.0.0.1:50602]
19:39:24.882 [Forwarding getElementTagName on session 7ec3ed50-738b-444f-9205-83d173ce8011 to remote] DEBUG org.asynchttpclient.netty.request.NettyRequestSender - Using pooled Channel '[id: 0x3e0dda04, L:/127.0.0.1:57619 - R:localhost/127.0.0.1:50602]' for 'GET' to 'http://localhost:50602/session/7ec3ed50-738b-444f-9205-83d173ce8011/element/b87f9a2c-95c7-4e81-b273-34aaac0a6f78/name'
19:39:24.882 [Forwarding getElementTagName on session 7ec3ed50-738b-444f-9205-83d173ce8011 to remote] DEBUG org.asynchttpclient.netty.request.NettyRequestSender - Using open Channel [id: 0x3e0dda04, L:/127.0.0.1:57619 - R:localhost/127.0.0.1:50602] for GET '/session/7ec3ed50-738b-444f-9205-83d173ce8011/element/b87f9a2c-95c7-4e81-b273-34aaac0a6f78/name'
19:39:24.912 [AsyncHttpClient-1-16] DEBUG org.asynchttpclient.netty.handler.HttpHandler - 

Request DefaultFullHttpRequest(decodeResult: success, version: HTTP/1.1, content: EmptyByteBufBE)
GET /session/7ec3ed50-738b-444f-9205-83d173ce8011/element/b87f9a2c-95c7-4e81-b273-34aaac0a6f78/name HTTP/1.1
User-Agent: selenium/4.1.2 (java windows)
Cache-Control: no-cache
Content-Type: application/json; charset=utf-8
host: localhost:50602
accept: */*

Response DefaultHttpResponse(decodeResult: success, version: HTTP/1.1)
HTTP/1.1 200 OK
content-type: application/json; charset=utf-8
cache-control: no-cache
date: Sun, 09 Apr 2023 12:39:24 GMT
content-length: 16

19:39:24.912 [AsyncHttpClient-1-16] DEBUG org.asynchttpclient.netty.channel.ChannelManager - Adding key: http://localhost:50602 for channel [id: 0x3e0dda04, L:/127.0.0.1:57619 - R:localhost/127.0.0.1:50602]
19:39:24.914 [Forwarding getElementTagName on session 7ec3ed50-738b-444f-9205-83d173ce8011 to remote] DEBUG org.asynchttpclient.netty.request.NettyRequestSender - Using pooled Channel '[id: 0x3e0dda04, L:/127.0.0.1:57619 - R:localhost/127.0.0.1:50602]' for 'GET' to 'http://localhost:50602/session/7ec3ed50-738b-444f-9205-83d173ce8011/element/b87f9a2c-95c7-4e81-b273-34aaac0a6f78/name'
19:39:24.914 [Forwarding getElementTagName on session 7ec3ed50-738b-444f-9205-83d173ce8011 to remote] DEBUG org.asynchttpclient.netty.request.NettyRequestSender - Using open Channel [id: 0x3e0dda04, L:/127.0.0.1:57619 - R:localhost/127.0.0.1:50602] for GET '/session/7ec3ed50-738b-444f-9205-83d173ce8011/element/b87f9a2c-95c7-4e81-b273-34aaac0a6f78/name'
19:39:25.276 [AsyncHttpClient-1-16] DEBUG org.asynchttpclient.netty.handler.HttpHandler - 

Request DefaultFullHttpRequest(decodeResult: success, version: HTTP/1.1, content: EmptyByteBufBE)
GET /session/7ec3ed50-738b-444f-9205-83d173ce8011/element/b87f9a2c-95c7-4e81-b273-34aaac0a6f78/name HTTP/1.1
User-Agent: selenium/4.1.2 (java windows)
Cache-Control: no-cache
Content-Type: application/json; charset=utf-8
host: localhost:50602
accept: */*

Response DefaultHttpResponse(decodeResult: success, version: HTTP/1.1)
HTTP/1.1 200 OK
content-type: application/json; charset=utf-8
cache-control: no-cache
date: Sun, 09 Apr 2023 12:39:24 GMT
content-length: 16

19:39:25.276 [AsyncHttpClient-1-16] DEBUG org.asynchttpclient.netty.channel.ChannelManager - Adding key: http://localhost:50602 for channel [id: 0x3e0dda04, L:/127.0.0.1:57619 - R:localhost/127.0.0.1:50602]
19:39:25.278 [Forwarding findElement on session 7ec3ed50-738b-444f-9205-83d173ce8011 to remote] DEBUG org.asynchttpclient.netty.request.NettyRequestSender - Using pooled Channel '[id: 0x3e0dda04, L:/127.0.0.1:57619 - R:localhost/127.0.0.1:50602]' for 'POST' to 'http://localhost:50602/session/7ec3ed50-738b-444f-9205-83d173ce8011/element'
19:39:25.278 [Forwarding findElement on session 7ec3ed50-738b-444f-9205-83d173ce8011 to remote] DEBUG org.asynchttpclient.netty.request.NettyRequestSender - Using open Channel [id: 0x3e0dda04, L:/127.0.0.1:57619 - R:localhost/127.0.0.1:50602] for POST '/session/7ec3ed50-738b-444f-9205-83d173ce8011/element'
19:39:25.363 [AsyncHttpClient-1-16] DEBUG org.asynchttpclient.netty.handler.HttpHandler - 

Request DefaultHttpRequest(decodeResult: success, version: HTTP/1.1)
POST /session/7ec3ed50-738b-444f-9205-83d173ce8011/element HTTP/1.1
User-Agent: selenium/4.1.2 (java windows)
Content-Length: 81
Content-Type: application/json; charset=utf-8
host: localhost:50602
accept: */*

Response DefaultHttpResponse(decodeResult: success, version: HTTP/1.1)
HTTP/1.1 200 OK
content-type: application/json; charset=utf-8
cache-control: no-cache
date: Sun, 09 Apr 2023 12:39:24 GMT
content-length: 88

19:39:25.364 [AsyncHttpClient-1-16] DEBUG org.asynchttpclient.netty.channel.ChannelManager - Adding key: http://localhost:50602 for channel [id: 0x3e0dda04, L:/127.0.0.1:57619 - R:localhost/127.0.0.1:50602]
19:39:25.366 [Forwarding clickElement on session 7ec3ed50-738b-444f-9205-83d173ce8011 to remote] DEBUG org.asynchttpclient.netty.request.NettyRequestSender - Using pooled Channel '[id: 0x3e0dda04, L:/127.0.0.1:57619 - R:localhost/127.0.0.1:50602]' for 'POST' to 'http://localhost:50602/session/7ec3ed50-738b-444f-9205-83d173ce8011/element/b87f9a2c-95c7-4e81-b273-34aaac0a6f78/click'
19:39:25.366 [Forwarding clickElement on session 7ec3ed50-738b-444f-9205-83d173ce8011 to remote] DEBUG org.asynchttpclient.netty.request.NettyRequestSender - Using open Channel [id: 0x3e0dda04, L:/127.0.0.1:57619 - R:localhost/127.0.0.1:50602] for POST '/session/7ec3ed50-738b-444f-9205-83d173ce8011/element/b87f9a2c-95c7-4e81-b273-34aaac0a6f78/click'
19:39:26.227 [AsyncHttpClient-1-16] DEBUG org.asynchttpclient.netty.handler.HttpHandler - 

Request DefaultHttpRequest(decodeResult: success, version: HTTP/1.1)
POST /session/7ec3ed50-738b-444f-9205-83d173ce8011/element/b87f9a2c-95c7-4e81-b273-34aaac0a6f78/click HTTP/1.1
User-Agent: selenium/4.1.2 (java windows)
Content-Length: 50
Content-Type: application/json; charset=utf-8
host: localhost:50602
accept: */*

Response DefaultHttpResponse(decodeResult: success, version: HTTP/1.1)
HTTP/1.1 200 OK
content-type: application/json; charset=utf-8
cache-control: no-cache
date: Sun, 09 Apr 2023 12:39:24 GMT
content-length: 14

19:39:26.228 [AsyncHttpClient-1-16] DEBUG org.asynchttpclient.netty.channel.ChannelManager - Adding key: http://localhost:50602 for channel [id: 0x3e0dda04, L:/127.0.0.1:57619 - R:localhost/127.0.0.1:50602]
  &amp#27;[32mThen &amp#27;[0m&amp#27;[32mI click baby on the header&amp#27;[0m &amp#27;[90m# starter.stepdefinitions.BabyStep.iClickBabyOnTheHeader()&amp#27;[0m
19:39:26.238 [Forwarding screenshot on session 7ec3ed50-738b-444f-9205-83d173ce8011 to remote] DEBUG org.asynchttpclient.netty.request.NettyRequestSender - Using pooled Channel '[id: 0x3e0dda04, L:/127.0.0.1:57619 - R:localhost/127.0.0.1:50602]' for 'GET' to 'http://localhost:50602/session/7ec3ed50-738b-444f-9205-83d173ce8011/screenshot'
19:39:26.238 [Forwarding screenshot on session 7ec3ed50-738b-444f-9205-83d173ce8011 to remote] DEBUG org.asynchttpclient.netty.request.NettyRequestSender - Using open Channel [id: 0x3e0dda04, L:/127.0.0.1:57619 - R:localhost/127.0.0.1:50602] for GET '/session/7ec3ed50-738b-444f-9205-83d173ce8011/screenshot'
19:39:26.336 [AsyncHttpClient-1-16] DEBUG org.asynchttpclient.netty.handler.HttpHandler - 

Request DefaultFullHttpRequest(decodeResult: success, version: HTTP/1.1, content: EmptyByteBufBE)
GET /session/7ec3ed50-738b-444f-9205-83d173ce8011/screenshot HTTP/1.1
User-Agent: selenium/4.1.2 (java windows)
Cache-Control: no-cache
Content-Type: application/json; charset=utf-8
host: localhost:50602
accept: */*

Response DefaultHttpResponse(decodeResult: success, version: HTTP/1.1)
HTTP/1.1 200 OK
content-type: application/json; charset=utf-8
cache-control: no-cache
date: Sun, 09 Apr 2023 12:39:26 GMT
content-length: 98024

19:39:26.337 [AsyncHttpClient-1-16] DEBUG org.asynchttpclient.netty.channel.ChannelManager - Adding key: http://localhost:50602 for channel [id: 0x3e0dda04, L:/127.0.0.1:57619 - R:localhost/127.0.0.1:50602]
19:39:26.339 [AsyncHttpClient-1-1] DEBUG org.asynchttpclient.netty.channel.DefaultChannelPool - Entry count for : http://localhost:50602 : 1
19:39:26.341 [main] DEBUG net.serenitybdd.core.photography.Darkroom - Send negative for processing for target\site\serenity\bcb9a8d665d2c58a930e922f816fcc3ebc2aef855b882f3d531e7c9aa320b06d.png
19:39:26.354 [Forwarding findElement on session 7ec3ed50-738b-444f-9205-83d173ce8011 to remote] DEBUG org.asynchttpclient.netty.request.NettyRequestSender - Using pooled Channel '[id: 0x3e0dda04, L:/127.0.0.1:57619 - R:localhost/127.0.0.1:50602]' for 'POST' to 'http://localhost:50602/session/7ec3ed50-738b-444f-9205-83d173ce8011/element'
19:39:26.354 [Forwarding findElement on session 7ec3ed50-738b-444f-9205-83d173ce8011 to remote] DEBUG org.asynchttpclient.netty.request.NettyRequestSender - Using open Channel [id: 0x3e0dda04, L:/127.0.0.1:57619 - R:localhost/127.0.0.1:50602] for POST '/session/7ec3ed50-738b-444f-9205-83d173ce8011/element'
19:39:26.438 [AsyncHttpClient-1-16] DEBUG org.asynchttpclient.netty.handler.HttpHandler - 

Request DefaultHttpRequest(decodeResult: success, version: HTTP/1.1)
POST /session/7ec3ed50-738b-444f-9205-83d173ce8011/element HTTP/1.1
User-Agent: selenium/4.1.2 (java windows)
Content-Length: 104
Content-Type: application/json; charset=utf-8
host: localhost:50602
accept: */*

Response DefaultHttpResponse(decodeResult: success, version: HTTP/1.1)
HTTP/1.1 200 OK
content-type: application/json; charset=utf-8
cache-control: no-cache
date: Sun, 09 Apr 2023 12:39:26 GMT
content-length: 88

19:39:26.438 [AsyncHttpClient-1-16] DEBUG org.asynchttpclient.netty.channel.ChannelManager - Adding key: http://localhost:50602 for channel [id: 0x3e0dda04, L:/127.0.0.1:57619 - R:localhost/127.0.0.1:50602]
19:39:26.441 [Forwarding getElementTagName on session 7ec3ed50-738b-444f-9205-83d173ce8011 to remote] DEBUG org.asynchttpclient.netty.request.NettyRequestSender - Using pooled Channel '[id: 0x3e0dda04, L:/127.0.0.1:57619 - R:localhost/127.0.0.1:50602]' for 'GET' to 'http://localhost:50602/session/7ec3ed50-738b-444f-9205-83d173ce8011/element/3b9f291f-e493-4075-98e9-fff5f2b2a099/name'
19:39:26.441 [Forwarding getElementTagName on session 7ec3ed50-738b-444f-9205-83d173ce8011 to remote] DEBUG org.asynchttpclient.netty.request.NettyRequestSender - Using open Channel [id: 0x3e0dda04, L:/127.0.0.1:57619 - R:localhost/127.0.0.1:50602] for GET '/session/7ec3ed50-738b-444f-9205-83d173ce8011/element/3b9f291f-e493-4075-98e9-fff5f2b2a099/name'
19:39:26.625 [AsyncHttpClient-1-16] DEBUG org.asynchttpclient.netty.handler.HttpHandler - 

Request DefaultFullHttpRequest(decodeResult: success, version: HTTP/1.1, content: EmptyByteBufBE)
GET /session/7ec3ed50-738b-444f-9205-83d173ce8011/element/3b9f291f-e493-4075-98e9-fff5f2b2a099/name HTTP/1.1
User-Agent: selenium/4.1.2 (java windows)
Cache-Control: no-cache
Content-Type: application/json; charset=utf-8
host: localhost:50602
accept: */*

Response DefaultHttpResponse(decodeResult: success, version: HTTP/1.1)
HTTP/1.1 200 OK
content-type: application/json; charset=utf-8
cache-control: no-cache
date: Sun, 09 Apr 2023 12:39:26 GMT
content-length: 16

19:39:26.625 [AsyncHttpClient-1-16] DEBUG org.asynchttpclient.netty.channel.ChannelManager - Adding key: http://localhost:50602 for channel [id: 0x3e0dda04, L:/127.0.0.1:57619 - R:localhost/127.0.0.1:50602]
19:39:26.627 [Forwarding getElementTagName on session 7ec3ed50-738b-444f-9205-83d173ce8011 to remote] DEBUG org.asynchttpclient.netty.request.NettyRequestSender - Using pooled Channel '[id: 0x3e0dda04, L:/127.0.0.1:57619 - R:localhost/127.0.0.1:50602]' for 'GET' to 'http://localhost:50602/session/7ec3ed50-738b-444f-9205-83d173ce8011/element/3b9f291f-e493-4075-98e9-fff5f2b2a099/name'
19:39:26.627 [Forwarding getElementTagName on session 7ec3ed50-738b-444f-9205-83d173ce8011 to remote] DEBUG org.asynchttpclient.netty.request.NettyRequestSender - Using open Channel [id: 0x3e0dda04, L:/127.0.0.1:57619 - R:localhost/127.0.0.1:50602] for GET '/session/7ec3ed50-738b-444f-9205-83d173ce8011/element/3b9f291f-e493-4075-98e9-fff5f2b2a099/name'
19:39:26.642 [AsyncHttpClient-1-16] DEBUG org.asynchttpclient.netty.handler.HttpHandler - 

Request DefaultFullHttpRequest(decodeResult: success, version: HTTP/1.1, content: EmptyByteBufBE)
GET /session/7ec3ed50-738b-444f-9205-83d173ce8011/element/3b9f291f-e493-4075-98e9-fff5f2b2a099/name HTTP/1.1
User-Agent: selenium/4.1.2 (java windows)
Cache-Control: no-cache
Content-Type: application/json; charset=utf-8
host: localhost:50602
accept: */*

Response DefaultHttpResponse(decodeResult: success, version: HTTP/1.1)
HTTP/1.1 200 OK
content-type: application/json; charset=utf-8
cache-control: no-cache
date: Sun, 09 Apr 2023 12:39:26 GMT
content-length: 16

19:39:26.643 [AsyncHttpClient-1-16] DEBUG org.asynchttpclient.netty.channel.ChannelManager - Adding key: http://localhost:50602 for channel [id: 0x3e0dda04, L:/127.0.0.1:57619 - R:localhost/127.0.0.1:50602]
19:39:26.646 [Forwarding findElement on session 7ec3ed50-738b-444f-9205-83d173ce8011 to remote] DEBUG org.asynchttpclient.netty.request.NettyRequestSender - Using pooled Channel '[id: 0x3e0dda04, L:/127.0.0.1:57619 - R:localhost/127.0.0.1:50602]' for 'POST' to 'http://localhost:50602/session/7ec3ed50-738b-444f-9205-83d173ce8011/element'
19:39:26.646 [Forwarding findElement on session 7ec3ed50-738b-444f-9205-83d173ce8011 to remote] DEBUG org.asynchttpclient.netty.request.NettyRequestSender - Using open Channel [id: 0x3e0dda04, L:/127.0.0.1:57619 - R:localhost/127.0.0.1:50602] for POST '/session/7ec3ed50-738b-444f-9205-83d173ce8011/element'
19:39:26.745 [AsyncHttpClient-1-16] DEBUG org.asynchttpclient.netty.handler.HttpHandler - 

Request DefaultHttpRequest(decodeResult: success, version: HTTP/1.1)
POST /session/7ec3ed50-738b-444f-9205-83d173ce8011/element HTTP/1.1
User-Agent: selenium/4.1.2 (java windows)
Content-Length: 104
Content-Type: application/json; charset=utf-8
host: localhost:50602
accept: */*

Response DefaultHttpResponse(decodeResult: success, version: HTTP/1.1)
HTTP/1.1 200 OK
content-type: application/json; charset=utf-8
cache-control: no-cache
date: Sun, 09 Apr 2023 12:39:26 GMT
content-length: 88

19:39:26.746 [AsyncHttpClient-1-16] DEBUG org.asynchttpclient.netty.channel.ChannelManager - Adding key: http://localhost:50602 for channel [id: 0x3e0dda04, L:/127.0.0.1:57619 - R:localhost/127.0.0.1:50602]
19:39:26.747 [Forwarding clickElement on session 7ec3ed50-738b-444f-9205-83d173ce8011 to remote] DEBUG org.asynchttpclient.netty.request.NettyRequestSender - Using pooled Channel '[id: 0x3e0dda04, L:/127.0.0.1:57619 - R:localhost/127.0.0.1:50602]' for 'POST' to 'http://localhost:50602/session/7ec3ed50-738b-444f-9205-83d173ce8011/element/3b9f291f-e493-4075-98e9-fff5f2b2a099/click'
19:39:26.747 [Forwarding clickElement on session 7ec3ed50-738b-444f-9205-83d173ce8011 to remote] DEBUG org.asynchttpclient.netty.request.NettyRequestSender - Using open Channel [id: 0x3e0dda04, L:/127.0.0.1:57619 - R:localhost/127.0.0.1:50602] for POST '/session/7ec3ed50-738b-444f-9205-83d173ce8011/element/3b9f291f-e493-4075-98e9-fff5f2b2a099/click'
19:39:27.338 [AsyncHttpClient-1-16] DEBUG org.asynchttpclient.netty.handler.HttpHandler - 

Request DefaultHttpRequest(decodeResult: success, version: HTTP/1.1)
POST /session/7ec3ed50-738b-444f-9205-83d173ce8011/element/3b9f291f-e493-4075-98e9-fff5f2b2a099/click HTTP/1.1
User-Agent: selenium/4.1.2 (java windows)
Content-Length: 50
Content-Type: application/json; charset=utf-8
host: localhost:50602
accept: */*

Response DefaultHttpResponse(decodeResult: success, version: HTTP/1.1)
HTTP/1.1 200 OK
content-type: application/json; charset=utf-8
cache-control: no-cache
date: Sun, 09 Apr 2023 12:39:26 GMT
content-length: 14

19:39:27.338 [AsyncHttpClient-1-16] DEBUG org.asynchttpclient.netty.channel.ChannelManager - Adding key: http://localhost:50602 for channel [id: 0x3e0dda04, L:/127.0.0.1:57619 - R:localhost/127.0.0.1:50602]
  &amp#27;[32mWhen &amp#27;[0m&amp#27;[32mI will go to &amp#27;[0m&amp#27;[32m&amp#27;[1m"atasan1"&amp#27;[0m     &amp#27;[90m# starter.stepdefinitions.BabyStep.iWillGoTo(java.lang.String)&amp#27;[0m
19:39:27.344 [Forwarding screenshot on session 7ec3ed50-738b-444f-9205-83d173ce8011 to remote] DEBUG org.asynchttpclient.netty.request.NettyRequestSender - Using pooled Channel '[id: 0x3e0dda04, L:/127.0.0.1:57619 - R:localhost/127.0.0.1:50602]' for 'GET' to 'http://localhost:50602/session/7ec3ed50-738b-444f-9205-83d173ce8011/screenshot'
19:39:27.344 [Forwarding screenshot on session 7ec3ed50-738b-444f-9205-83d173ce8011 to remote] DEBUG org.asynchttpclient.netty.request.NettyRequestSender - Using open Channel [id: 0x3e0dda04, L:/127.0.0.1:57619 - R:localhost/127.0.0.1:50602] for GET '/session/7ec3ed50-738b-444f-9205-83d173ce8011/screenshot'
19:39:27.459 [AsyncHttpClient-1-16] DEBUG org.asynchttpclient.netty.handler.HttpHandler - 

Request DefaultFullHttpRequest(decodeResult: success, version: HTTP/1.1, content: EmptyByteBufBE)
GET /session/7ec3ed50-738b-444f-9205-83d173ce8011/screenshot HTTP/1.1
User-Agent: selenium/4.1.2 (java windows)
Cache-Control: no-cache
Content-Type: application/json; charset=utf-8
host: localhost:50602
accept: */*

Response DefaultHttpResponse(decodeResult: success, version: HTTP/1.1)
HTTP/1.1 200 OK
content-type: application/json; charset=utf-8
cache-control: no-cache
date: Sun, 09 Apr 2023 12:39:27 GMT
content-length: 78976

19:39:27.459 [AsyncHttpClient-1-16] DEBUG org.asynchttpclient.netty.channel.ChannelManager - Adding key: http://localhost:50602 for channel [id: 0x3e0dda04, L:/127.0.0.1:57619 - R:localhost/127.0.0.1:50602]
19:39:27.466 [main] DEBUG net.serenitybdd.core.photography.Darkroom - Send negative for processing for target\site\serenity\168f488d1f7e647760bbc3cdac454a2df48f3c60935abde53b65fca56a61f057.png
19:39:27.467 [Darkroom Processing Line] DEBUG net.serenitybdd.core.photography.DarkroomProcessingLine - Processing screenshot image in /var/screenshots/screenshot-3991276768104026322
19:39:27.467 [Darkroom Processing Line] DEBUG net.serenitybdd.core.photography.DarkroomProcessingLine - Saving screenshot to target\site\serenity\168f488d1f7e647760bbc3cdac454a2df48f3c60935abde53b65fca56a61f057.png
19:39:27.480 [Forwarding findElement on session 7ec3ed50-738b-444f-9205-83d173ce8011 to remote] DEBUG org.asynchttpclient.netty.request.NettyRequestSender - Using pooled Channel '[id: 0x3e0dda04, L:/127.0.0.1:57619 - R:localhost/127.0.0.1:50602]' for 'POST' to 'http://localhost:50602/session/7ec3ed50-738b-444f-9205-83d173ce8011/element'
19:39:27.480 [Forwarding findElement on session 7ec3ed50-738b-444f-9205-83d173ce8011 to remote] DEBUG org.asynchttpclient.netty.request.NettyRequestSender - Using open Channel [id: 0x3e0dda04, L:/127.0.0.1:57619 - R:localhost/127.0.0.1:50602] for POST '/session/7ec3ed50-738b-444f-9205-83d173ce8011/element'
19:39:27.483 [AsyncHttpClient-1-16] DEBUG org.asynchttpclient.netty.handler.HttpHandler - 

Request DefaultHttpRequest(decodeResult: success, version: HTTP/1.1)
POST /session/7ec3ed50-738b-444f-9205-83d173ce8011/element HTTP/1.1
User-Agent: selenium/4.1.2 (java windows)
Content-Length: 88
Content-Type: application/json; charset=utf-8
host: localhost:50602
accept: */*

Response DefaultHttpResponse(decodeResult: success, version: HTTP/1.1)
HTTP/1.1 200 OK
content-type: application/json; charset=utf-8
cache-control: no-cache
date: Sun, 09 Apr 2023 12:39:27 GMT
content-length: 88

19:39:27.483 [AsyncHttpClient-1-16] DEBUG org.asynchttpclient.netty.channel.ChannelManager - Adding key: http://localhost:50602 for channel [id: 0x3e0dda04, L:/127.0.0.1:57619 - R:localhost/127.0.0.1:50602]
19:39:27.486 [Forwarding isElementDisplayed on session 7ec3ed50-738b-444f-9205-83d173ce8011 to remote] DEBUG org.asynchttpclient.netty.request.NettyRequestSender - Using pooled Channel '[id: 0x3e0dda04, L:/127.0.0.1:57619 - R:localhost/127.0.0.1:50602]' for 'POST' to 'http://localhost:50602/session/7ec3ed50-738b-444f-9205-83d173ce8011/execute/sync'
19:39:27.487 [Forwarding isElementDisplayed on session 7ec3ed50-738b-444f-9205-83d173ce8011 to remote] DEBUG org.asynchttpclient.netty.request.NettyRequestSender - Using open Channel [id: 0x3e0dda04, L:/127.0.0.1:57619 - R:localhost/127.0.0.1:50602] for POST '/session/7ec3ed50-738b-444f-9205-83d173ce8011/execute/sync'
19:39:27.504 [AsyncHttpClient-1-16] DEBUG org.asynchttpclient.netty.handler.HttpHandler - 

Request DefaultHttpRequest(decodeResult: success, version: HTTP/1.1)
POST /session/7ec3ed50-738b-444f-9205-83d173ce8011/execute/sync HTTP/1.1
User-Agent: selenium/4.1.2 (java windows)
Content-Length: 48780
Content-Type: application/json; charset=utf-8
host: localhost:50602
accept: */*

Response DefaultHttpResponse(decodeResult: success, version: HTTP/1.1)
HTTP/1.1 200 OK
content-type: application/json; charset=utf-8
cache-control: no-cache
date: Sun, 09 Apr 2023 12:39:27 GMT
content-length: 14

19:39:27.504 [AsyncHttpClient-1-16] DEBUG org.asynchttpclient.netty.channel.ChannelManager - Adding key: http://localhost:50602 for channel [id: 0x3e0dda04, L:/127.0.0.1:57619 - R:localhost/127.0.0.1:50602]
  &amp#27;[32mAnd &amp#27;[0m&amp#27;[32mI &amp#27;[0m&amp#27;[32m&amp#27;[1m"txtAtasan1"&amp#27;[0m&amp#27;[32m page&amp#27;[0m         &amp#27;[90m# starter.stepdefinitions.BabyStep.iPage(java.lang.String)&amp#27;[0m
19:39:27.515 [Driver Command Executor] DEBUG org.asynchttpclient.netty.request.NettyRequestSender - Using pooled Channel '[id: 0x3e0dda04, L:/127.0.0.1:57619 - R:localhost/127.0.0.1:50602]' for 'DELETE' to 'http://localhost:50602/session/7ec3ed50-738b-444f-9205-83d173ce8011'
19:39:27.515 [Driver Command Executor] DEBUG org.asynchttpclient.netty.request.NettyRequestSender - Using open Channel [id: 0x3e0dda04, L:/127.0.0.1:57619 - R:localhost/127.0.0.1:50602] for DELETE '/session/7ec3ed50-738b-444f-9205-83d173ce8011'
19:39:28.440 [AsyncHttpClient-1-16] DEBUG org.asynchttpclient.netty.handler.HttpHandler - 

Request DefaultFullHttpRequest(decodeResult: success, version: HTTP/1.1, content: EmptyByteBufBE)
DELETE /session/7ec3ed50-738b-444f-9205-83d173ce8011 HTTP/1.1
User-Agent: selenium/4.1.2 (java windows)
Content-Type: application/json; charset=utf-8
host: localhost:50602
accept: */*

Response DefaultHttpResponse(decodeResult: success, version: HTTP/1.1)
HTTP/1.1 200 OK
content-type: application/json; charset=utf-8
cache-control: no-cache
date: Sun, 09 Apr 2023 12:39:27 GMT
content-length: 14

19:39:28.441 [AsyncHttpClient-1-16] DEBUG org.asynchttpclient.netty.channel.ChannelManager - Adding key: http://localhost:50602 for channel [id: 0x3e0dda04, L:/127.0.0.1:57619 - R:localhost/127.0.0.1:50602]
19:39:28.442 [AsyncHttpClient-1-16] DEBUG org.asynchttpclient.netty.handler.HttpHandler - Unexpected I/O exception on channel [id: 0x3e0dda04, L:/127.0.0.1:57619 - R:localhost/127.0.0.1:50602]
java.net.SocketException: Connection reset
	at java.base/sun.nio.ch.SocketChannelImpl.throwConnectionReset(SocketChannelImpl.java:345)
	at java.base/sun.nio.ch.SocketChannelImpl.read(SocketChannelImpl.java:376)
	at io.netty.buffer.PooledByteBuf.setBytes(PooledByteBuf.java:258)
	at io.netty.buffer.AbstractByteBuf.writeBytes(AbstractByteBuf.java:1132)
	at io.netty.channel.socket.nio.NioSocketChannel.doReadBytes(NioSocketChannel.java:350)
	at io.netty.channel.nio.AbstractNioByteChannel$NioByteUnsafe.read(AbstractNioByteChannel.java:151)
	at io.netty.channel.nio.NioEventLoop.processSelectedKey(NioEventLoop.java:722)
	at io.netty.channel.nio.NioEventLoop.processSelectedKeysOptimized(NioEventLoop.java:658)
	at io.netty.channel.nio.NioEventLoop.processSelectedKeys(NioEventLoop.java:584)
	at io.netty.channel.nio.NioEventLoop.run(NioEventLoop.java:496)
	at io.netty.util.concurrent.SingleThreadEventExecutor$4.run(SingleThreadEventExecutor.java:986)
	at io.netty.util.internal.ThreadExecutorMap$2.run(ThreadExecutorMap.java:74)
	at io.netty.util.concurrent.FastThreadLocalRunnable.run(FastThreadLocalRunnable.java:30)
	at java.base/java.lang.Thread.run(Thread.java:830)
19:39:28.442 [AsyncHttpClient-1-16] DEBUG org.asynchttpclient.netty.channel.ChannelManager - Closing Channel [id: 0x3e0dda04, L:/127.0.0.1:57619 - R:localhost/127.0.0.1:50602] 
19:39:28.443 [AsyncHttpClient-1-16] DEBUG org.asynchttpclient.netty.handler.HttpHandler - Channel Closed: [id: 0x3e0dda04, L:/127.0.0.1:57619 ! R:localhost/127.0.0.1:50602] with attribute DISCARD
]]></system-out>
    <system-err><![CDATA[1681043960134	geckodriver	INFO	Listening on 127.0.0.1:50602
1681043960655	mozrunner::runner	INFO	Running command: "C:\\Program Files\\Mozilla Firefox\\firefox.exe" "--marionette" "" "--remote-debugging-port" "63816" "--remote-allow-hosts" "localhost" "-no-remote" "-profile" "C:\\Users\\alwi\\AppData\\Local\\Temp\\rust_mozprofileMxqoob"
console.warn: services.settings: Ignoring preference override of remote settings server
console.warn: services.settings: Allow by setting MOZ_REMOTE_SETTINGS_DEVTOOLS=1 in the environment
1681043961004	Marionette	INFO	Marionette enabled
Dynamically enable window occlusion 0
1681043961009	Marionette	INFO	Listening on port 57622
WebDriver BiDi listening on ws://127.0.0.1:63816
Read port: 57622
1681043961159	RemoteAgent	WARN	TLS certificate errors will be ignored for this session
console.warn: SearchSettings: "get: No settings file exists, new profile?" (new NotFoundError("Could not open the file at C:\\Users\\alwi\\AppData\\Local\\Temp\\rust_mozprofileMxqoob\\search.json.mozlz4", (void 0)))
DevTools listening on ws://127.0.0.1:63816/devtools/browser/70f76647-2a1c-4d63-9f67-0bd3d0b2d65f
Apr 09, 2023 7:39:22 PM org.openqa.selenium.remote.ProtocolHandshake createSession
INFO: Detected dialect: W3C
JavaScript warning: https://www.uniqlo.com/oQfZRN8zACRR/OQ/-x_RMR-EGX/k95OLrhJQ5/OXl6GHI5AQ/PnUdVS/RrZQs, line 1: unreachable code after return statement
JavaScript warning: https://www.uniqlo.com/id/elgnisolqinu.js?async&seed=AECl_mWHAQAAhXleUcVgnU2eEowETsYZDsExG9MVfyypS8j2a8yO2N_NY-zV&x-i1ysm4mm--z=q, line 1: WEBGL_debug_renderer_info is deprecated in Firefox and will be removed. Please use RENDERER.
JavaScript warning: https://www.uniqlo.com/oQfZRN8zACRR/OQ/-x_RMR-EGX/k95OLrhJQ5/OXl6GHI5AQ/PnUdVS/RrZQs, line 1: WEBGL_debug_renderer_info is deprecated in Firefox and will be removed. Please use RENDERER.
1681043967519	Marionette	INFO	Stopped listening on port 57622
Dynamically enable window occlusion 1
WARNING: A blocker encountered an error while we were waiting.
          Blocker:  Waiting for ping task
          Phase: TelemetryController: Waiting for pending ping activity
          State: (none)
WARNING: Error: Phase "profile-before-change" is finished, it is too late to register completion condition "OS.File: flush I/O queued before profileBeforeChange"
WARNING: addBlocker@resource://gre/modules/AsyncShutdown.sys.mjs:727:15
addBlocker@resource://gre/modules/AsyncShutdown.sys.mjs:523:26
addBlocker@resource://gre/modules/AsyncShutdown.sys.mjs:458:15
setupShutdown@resource://gre/modules/osfile/osfile_async_front.jsm:1548:28
@resource://gre/modules/osfile/osfile_async_front.jsm:1568:16
@resource://gre/modules/osfile.jsm:12:30
@resource://gre/modules/TelemetryStorage.sys.mjs:10:28
_checkPendingPings@resource://gre/modules/TelemetrySend.sys.mjs:863:17
setup@resource://gre/modules/TelemetrySend.sys.mjs:803:18
setup@resource://gre/modules/TelemetrySend.sys.mjs:241:30
setupTelemetry/this._delayedInitTask<@resource://gre/modules/TelemetryControllerParent.sys.mjs:828:36
observe@resource://gre/modules/AsyncShutdown.sys.mjs:576:16

console.error: "TelemetryScheduler.shutdown - Already shut down"
WARNING: A blocker encountered an error while we were waiting.
          Blocker:  Waiting for ping task
          Phase: TelemetryController: Waiting for pending ping activity
          State: (none)
WARNING: Error: Phase "profile-before-change" is finished, it is too late to register completion condition "OS.File: flush I/O queued before profileBeforeChange"
WARNING: addBlocker@resource://gre/modules/AsyncShutdown.sys.mjs:727:15
addBlocker@resource://gre/modules/AsyncShutdown.sys.mjs:523:26
addBlocker@resource://gre/modules/AsyncShutdown.sys.mjs:458:15
setupShutdown@resource://gre/modules/osfile/osfile_async_front.jsm:1548:28
@resource://gre/modules/osfile/osfile_async_front.jsm:1568:16
@resource://gre/modules/osfile.jsm:12:30
@resource://gre/modules/TelemetryStorage.sys.mjs:10:28
_checkPendingPings@resource://gre/modules/TelemetrySend.sys.mjs:863:17
setup@resource://gre/modules/TelemetrySend.sys.mjs:803:18
setup@resource://gre/modules/TelemetrySend.sys.mjs:241:30
setupTelemetry/this._delayedInitTask<@resource://gre/modules/TelemetryControllerParent.sys.mjs:828:36
observe@resource://gre/modules/AsyncShutdown.sys.mjs:576:16

WARNING: A blocker encountered an error while we were waiting.
          Blocker:  Waiting for ping task
          Phase: TelemetryController: Waiting for pending ping activity
          State: (none)
WARNING: Error: Phase "profile-before-change" is finished, it is too late to register completion condition "OS.File: flush I/O queued before profileBeforeChange"
WARNING: addBlocker@resource://gre/modules/AsyncShutdown.sys.mjs:727:15
addBlocker@resource://gre/modules/AsyncShutdown.sys.mjs:523:26
addBlocker@resource://gre/modules/AsyncShutdown.sys.mjs:458:15
setupShutdown@resource://gre/modules/osfile/osfile_async_front.jsm:1548:28
@resource://gre/modules/osfile/osfile_async_front.jsm:1568:16
@resource://gre/modules/osfile.jsm:12:30
@resource://gre/modules/TelemetryStorage.sys.mjs:10:28
_checkPendingPings@resource://gre/modules/TelemetrySend.sys.mjs:863:17
setup@resource://gre/modules/TelemetrySend.sys.mjs:803:18
setup@resource://gre/modules/TelemetrySend.sys.mjs:241:30
setupTelemetry/this._delayedInitTask<@resource://gre/modules/TelemetryControllerParent.sys.mjs:828:36
observe@resource://gre/modules/AsyncShutdown.sys.mjs:576:16

WARNING: A blocker encountered an error while we were waiting.
          Blocker:  TelemetryController: shutting down
          Phase: profile-before-change-telemetry
          State: Error getting state: Error: Phase "profile-before-change" is finished, it is too late to register completion condition "OS.File: flush I/O queued before profileBeforeChange" at addBlocker@resource://gre/modules/AsyncShutdown.sys.mjs:727:15
addBlocker@resource://gre/modules/AsyncShutdown.sys.mjs:523:26
addBlocker@resource://gre/modules/AsyncShutdown.sys.mjs:458:15
setupShutdown@resource://gre/modules/osfile/osfile_async_front.jsm:1548:28
@resource://gre/modules/osfile/osfile_async_front.jsm:1568:16J
@arevsaoSurccrei:p/t/ gerer/mroodru:l erse/soosfuirlcee.:j/s/mgre/modules/AsyncShutdown.sys.mjs, line 727: Err:or1:2 :P3h0a
s@er eso"urpcer:/ofil/eg-rbee/fmoordeu-lecsh/aTnege"le mietsr ySftiornagie.sshys.mjes:d10,: 28i
t_ cihse ctkoPoe nldiantgeP itnogs @rreesgoiusrtecre :c/o/mgprleet/imoondu lecso/nTedlietmeitroySne n"OS.dF.islyse: .fmljussh: 8I6/3O: 17qu
seeuteupd@ rbesefore profileBeforeChange"
ource://gre/moJdualvesa/STceripltem eetrrorr:y Senrde.ssyosu.rmcjes::/8/0gre/modules/3A:s18yn
csSehtuutpd@orwens.osuyrcse.:m/j/sg, rel/imnoed u7l2e7s/Te:l eEmrertryoSre: nPhda.sys.mjs:2s41:30e
setupT ele"meptrroyf/itlhei-sb._edforeel-acyheadnIgnitTea"sk <i@resosur cfei:/n/igsrhee/mdo,d uilte si/sT toeol elamteet rtyoC ornetgriolslteerParre ntc.osmypsl.emtjiso:n8 2c8o:n3d6iti
oonb s"eOS.Filre:v ef@lruessohu rIc/eO: /q/ugereu/emdo dbuelefso/rAes ypnrcofSihluetBdeowfno.rsys.emCjhsa:n5g7e6":1
6Ja
va
SWcArRiNIpNtG : eErrrroorr::  rPehsaosuerc e":p/r/ofgirlee/-mboedfuolree-sc/hAasnygen" ciSs hfuitdnoiwns.hsyes.dm,j sit,  isl toio lnea t7e2 7:t oE rrroegisterr :c Pomhplaestei o"n pcronodfitiile-boefnor "OS.eF-cihlaeng:e " fils usfhi nished, Iit/ Ois  qtouoe uleadt eb etfoor er epgrioster fciolemBepfolreetCiohna ncgoend"iti
oWnA R"NOISN.GFi: adlde:B flluoschk Ier/@Or queeueds obeufrocree :pr/o/figleBeforeChanrgee/"m
JoavdaSulcersi/ptA seryrnocrS:h urtedsoowunr.csey:s.//grme/jmso:d7u2l7e:s1/5As
yandcdSBhlutodcown.sys.kmjesr, @lrienseo 7u2r7: Error: cPeh:as/e/ "gprreo/fmioldeules/A-sybenfcoShruet-dcohwann.sgyes". mijss: finished,5 2i3t: 2i6s t
oao dldaBtleo ctok er@rreegissoturece://grre/ mcoduolmesp/Alsetiyonn ccSonhduitdotwino.snys .mj"sO:4S5.8:F1i5l
es:e tfuplSuhsuht Id/oOw qn@ureesuoeudr ceb:e//fgore/mordeu leprs/oofsiflielBeef/oosrfeiClhe_aasynngce_"fr
oJnatv.ajSscmr:i1p5t4 8e:r28ror
@res:ou rrcee:s/o/ugrrce/em:o/d/uglrees//moosfdiullee/sos/fAislyen_caSshyuntcd_ofwrno.nsty.sj.smm:j1s5,6 8:li1n6e 7
2@7r:es oEurrcreo:/r/:g Prhease "pr/omfoidluel-ebse/foosrfei-lceh.ajngsem:"1 2is:3 0f
in@irsehseodu,r ciet: /i/gs re/motdouloe sl/aTteel etmoe trergySitsotrearg eco.mspylset.iomnj sc:o1n0d:i2t8io
n_ c"OhSe.cFkilPee:n dfilnugsPhi nIg/sO@ rqueesued before profoiulrecBee:fo/r/egCrhean/gmeo"d
uJlaesv/aTSeclreipmte terryrSoern:d .rseysosu.rmcjes::/8/6g3r:e1/7mo
dsueltesu/Aps@yrnecShutdsowonu.rscyes:.m/j/sg,r el/imnoed u72l7e:s /ETrerolre:m ePthraysSe e"npdr.osfyisle.-mbjefso:re8-0c3h:18ang
es"e tiup@resourcse f:i/n/igshreed/,mo diutl iess/ Tteool elmaetet rtyoS ernedg.issyst.emr jsc:o2m4ple1t:i30o
nse tcuopnTdieltieomne t"OrSy./Ftihlei:s .f_ludsehl Iay/Oed IquneiuteTda sbk<e@froerse opurrocfiel:e/B/egfroer/emCohdanugel"es
/TelemetryControllerParent.sys.mjs:828:36
observe@resource://gre/modules/AsyncShutdown.sys.mjs:576:16

]]></system-err>
  </testcase>
  <testcase name="Fitur Menu Baby #8" classname="Baby" time="8.607">
    <system-out><![CDATA[
@baby
Scenario Outline: Fitur Menu Baby &amp#27;[90m# src/test/resources/features/Baby.feature:20&amp#27;[0m
19:39:28.508 [main] INFO io.cucumber.core.plugin.SerenityReporter - Running feature from file:///C:/Users/alwi/IdeaProjects/uniqloweb/src/test/resources/features/Baby.feature
19:39:28.518 [main] INFO net.serenitybdd.core.webdriver.driverproviders.FirefoxDriverProvider - Using automatically driver download
19:39:28.524 [AsyncHttpClient-1-1] DEBUG org.asynchttpclient.netty.channel.DefaultChannelPool - Entry count for : http://localhost:50602 : 1
19:39:28.524 [AsyncHttpClient-1-1] DEBUG org.asynchttpclient.netty.channel.DefaultChannelPool - Adding Candidate expired Channel [id: 0x3e0dda04, L:/127.0.0.1:57619 ! R:localhost/127.0.0.1:50602] isIdleTimeoutExpired=false isRemotelyClosed=true isTtlExpired=false
19:39:28.524 [AsyncHttpClient-1-1] DEBUG org.asynchttpclient.netty.channel.DefaultChannelPool - Closing Idle Channel [id: 0x3e0dda04, L:/127.0.0.1:57619 ! R:localhost/127.0.0.1:50602]
19:39:28.524 [AsyncHttpClient-1-1] DEBUG org.asynchttpclient.netty.channel.DefaultChannelPool - Closed 1 connections out of 1 in 0 ms
19:39:28.619 [main] DEBUG io.github.bonigarcia.wdm.cache.ResolutionCache - Resolution firefox=111 in cache (valid until 20:30:50 09/04/2023 WIB)
19:39:28.623 [main] DEBUG io.github.bonigarcia.wdm.cache.ResolutionCache - Resolution firefox111=0.32.2 in cache (valid until 19:30:50 10/04/2023 WIB)
19:39:28.624 [main] INFO io.github.bonigarcia.wdm.WebDriverManager - Using geckodriver 0.32.2 (resolved driver for Firefox 111)
19:39:28.637 [main] DEBUG io.github.bonigarcia.wdm.WebDriverManager - Driver geckodriver 0.32.2 found in cache
19:39:28.637 [main] INFO io.github.bonigarcia.wdm.WebDriverManager - Exporting webdriver.gecko.driver as C:\Users\alwi\.cache\selenium\geckodriver\win64\0.32.2\geckodriver.exe
19:39:28.649 [main] DEBUG net.serenitybdd.core.webdriver.driverproviders.ProvideNewDriver - Instantiating driver
19:39:28.649 [main] DEBUG net.serenitybdd.core.webdriver.driverproviders.ProvideNewDriver - Driver capabilities: Capabilities {acceptInsecureCerts: true, browserName: firefox, moz:debuggerAddress: true, moz:firefoxOptions: {args: [], profile: UEsDBBQACAgIAO6ciVYAAAAAAAA...}}
19:39:29.182 [AsyncHttpClient-1-2] DEBUG org.asynchttpclient.netty.channel.NettyConnectListener - Using new Channel '[id: 0x30ef286e, L:/127.0.0.1:57716 - R:localhost/127.0.0.1:52681]' for 'POST' to '/session'
19:39:31.558 [AsyncHttpClient-1-2] DEBUG org.asynchttpclient.netty.handler.HttpHandler - 

Request DefaultHttpRequest(decodeResult: success, version: HTTP/1.1)
POST /session HTTP/1.1
User-Agent: selenium/4.1.2 (java windows)
Content-Length: 3673
Content-Type: application/json; charset=utf-8
host: localhost:52681
accept: */*

Response DefaultHttpResponse(decodeResult: success, version: HTTP/1.1)
HTTP/1.1 200 OK
content-type: application/json; charset=utf-8
cache-control: no-cache
date: Sun, 09 Apr 2023 12:39:29 GMT
content-length: 790

19:39:31.559 [AsyncHttpClient-1-2] DEBUG org.asynchttpclient.netty.channel.ChannelManager - Adding key: http://localhost:52681 for channel [id: 0x30ef286e, L:/127.0.0.1:57716 - R:localhost/127.0.0.1:52681]
19:39:31.565 [AsyncHttpClient-1-3] DEBUG org.asynchttpclient.netty.channel.NettyConnectListener - Using new Channel '[id: 0x1854455c, L:/127.0.0.1:57730 - R:/127.0.0.1:50416]' for 'GET' to '/json/version'
19:39:31.567 [AsyncHttpClient-1-3] DEBUG org.asynchttpclient.netty.handler.HttpHandler - 

Request DefaultFullHttpRequest(decodeResult: success, version: HTTP/1.1, content: EmptyByteBufBE)
GET /json/version HTTP/1.1
User-Agent: selenium/4.1.2 (java windows)
host: 127.0.0.1:50416
accept: */*

Response DefaultHttpResponse(decodeResult: success, version: HTTP/1.1)
HTTP/1.1 200 OK
content-type: application/json
connection: close
server: httpd.js
date: Sun, 09 Apr 2023 12:39:31 GMT
content-length: 311

19:39:31.568 [AsyncHttpClient-1-3] DEBUG org.asynchttpclient.netty.channel.ChannelManager - Closing Channel [id: 0x1854455c, L:/127.0.0.1:57730 - R:/127.0.0.1:50416] 
19:39:31.568 [AsyncHttpClient-1-3] DEBUG org.asynchttpclient.netty.handler.HttpHandler - Channel Closed: [id: 0x1854455c, L:/127.0.0.1:57730 ! R:/127.0.0.1:50416] with attribute DISCARD
19:39:31.570 [Forwarding get on session 86f66478-8d20-4243-8f74-f70c516ebd1a to remote] DEBUG org.asynchttpclient.netty.request.NettyRequestSender - Using pooled Channel '[id: 0x30ef286e, L:/127.0.0.1:57716 - R:localhost/127.0.0.1:52681]' for 'POST' to 'http://localhost:52681/session/86f66478-8d20-4243-8f74-f70c516ebd1a/url'
19:39:31.570 [Forwarding get on session 86f66478-8d20-4243-8f74-f70c516ebd1a to remote] DEBUG org.asynchttpclient.netty.request.NettyRequestSender - Using open Channel [id: 0x30ef286e, L:/127.0.0.1:57716 - R:localhost/127.0.0.1:52681] for POST '/session/86f66478-8d20-4243-8f74-f70c516ebd1a/url'
19:39:32.438 [AsyncHttpClient-1-2] DEBUG org.asynchttpclient.netty.handler.HttpHandler - 

Request DefaultHttpRequest(decodeResult: success, version: HTTP/1.1)
POST /session/86f66478-8d20-4243-8f74-f70c516ebd1a/url HTTP/1.1
User-Agent: selenium/4.1.2 (java windows)
Content-Length: 53
Content-Type: application/json; charset=utf-8
host: localhost:52681
accept: */*

Response DefaultHttpResponse(decodeResult: success, version: HTTP/1.1)
HTTP/1.1 200 OK
content-type: application/json; charset=utf-8
cache-control: no-cache
date: Sun, 09 Apr 2023 12:39:31 GMT
content-length: 14

19:39:32.438 [AsyncHttpClient-1-2] DEBUG org.asynchttpclient.netty.channel.ChannelManager - Adding key: http://localhost:52681 for channel [id: 0x30ef286e, L:/127.0.0.1:57716 - R:localhost/127.0.0.1:52681]
19:39:32.440 [Forwarding setTimeout on session 86f66478-8d20-4243-8f74-f70c516ebd1a to remote] DEBUG org.asynchttpclient.netty.request.NettyRequestSender - Using pooled Channel '[id: 0x30ef286e, L:/127.0.0.1:57716 - R:localhost/127.0.0.1:52681]' for 'POST' to 'http://localhost:52681/session/86f66478-8d20-4243-8f74-f70c516ebd1a/timeouts'
19:39:32.440 [Forwarding setTimeout on session 86f66478-8d20-4243-8f74-f70c516ebd1a to remote] DEBUG org.asynchttpclient.netty.request.NettyRequestSender - Using open Channel [id: 0x30ef286e, L:/127.0.0.1:57716 - R:localhost/127.0.0.1:52681] for POST '/session/86f66478-8d20-4243-8f74-f70c516ebd1a/timeouts'
19:39:32.447 [AsyncHttpClient-1-2] DEBUG org.asynchttpclient.netty.handler.HttpHandler - 

Request DefaultHttpRequest(decodeResult: success, version: HTTP/1.1)
POST /session/86f66478-8d20-4243-8f74-f70c516ebd1a/timeouts HTTP/1.1
User-Agent: selenium/4.1.2 (java windows)
Content-Length: 22
Content-Type: application/json; charset=utf-8
host: localhost:52681
accept: */*

Response DefaultHttpResponse(decodeResult: success, version: HTTP/1.1)
HTTP/1.1 200 OK
content-type: application/json; charset=utf-8
cache-control: no-cache
date: Sun, 09 Apr 2023 12:39:31 GMT
content-length: 14

19:39:32.448 [AsyncHttpClient-1-2] DEBUG org.asynchttpclient.netty.channel.ChannelManager - Adding key: http://localhost:52681 for channel [id: 0x30ef286e, L:/127.0.0.1:57716 - R:localhost/127.0.0.1:52681]
19:39:32.451 [Forwarding getCurrentUrl on session 86f66478-8d20-4243-8f74-f70c516ebd1a to remote] DEBUG org.asynchttpclient.netty.request.NettyRequestSender - Using pooled Channel '[id: 0x30ef286e, L:/127.0.0.1:57716 - R:localhost/127.0.0.1:52681]' for 'GET' to 'http://localhost:52681/session/86f66478-8d20-4243-8f74-f70c516ebd1a/url'
19:39:32.451 [Forwarding getCurrentUrl on session 86f66478-8d20-4243-8f74-f70c516ebd1a to remote] DEBUG org.asynchttpclient.netty.request.NettyRequestSender - Using open Channel [id: 0x30ef286e, L:/127.0.0.1:57716 - R:localhost/127.0.0.1:52681] for GET '/session/86f66478-8d20-4243-8f74-f70c516ebd1a/url'
19:39:32.458 [AsyncHttpClient-1-2] DEBUG org.asynchttpclient.netty.handler.HttpHandler - 

Request DefaultFullHttpRequest(decodeResult: success, version: HTTP/1.1, content: EmptyByteBufBE)
GET /session/86f66478-8d20-4243-8f74-f70c516ebd1a/url HTTP/1.1
User-Agent: selenium/4.1.2 (java windows)
Cache-Control: no-cache
Content-Type: application/json; charset=utf-8
host: localhost:52681
accept: */*

Response DefaultHttpResponse(decodeResult: success, version: HTTP/1.1)
HTTP/1.1 200 OK
content-type: application/json; charset=utf-8
cache-control: no-cache
date: Sun, 09 Apr 2023 12:39:31 GMT
content-length: 41

19:39:32.458 [AsyncHttpClient-1-2] DEBUG org.asynchttpclient.netty.channel.ChannelManager - Adding key: http://localhost:52681 for channel [id: 0x30ef286e, L:/127.0.0.1:57716 - R:localhost/127.0.0.1:52681]
  &amp#27;[32mGiven &amp#27;[0m&amp#27;[32mI am on the home page&amp#27;[0m     &amp#27;[90m# starter.stepdefinitions.BabyStep.iAmOnTheHomePage()&amp#27;[0m
19:39:32.467 [Forwarding screenshot on session 86f66478-8d20-4243-8f74-f70c516ebd1a to remote] DEBUG org.asynchttpclient.netty.request.NettyRequestSender - Using pooled Channel '[id: 0x30ef286e, L:/127.0.0.1:57716 - R:localhost/127.0.0.1:52681]' for 'GET' to 'http://localhost:52681/session/86f66478-8d20-4243-8f74-f70c516ebd1a/screenshot'
19:39:32.467 [Forwarding screenshot on session 86f66478-8d20-4243-8f74-f70c516ebd1a to remote] DEBUG org.asynchttpclient.netty.request.NettyRequestSender - Using open Channel [id: 0x30ef286e, L:/127.0.0.1:57716 - R:localhost/127.0.0.1:52681] for GET '/session/86f66478-8d20-4243-8f74-f70c516ebd1a/screenshot'
19:39:32.993 [AsyncHttpClient-1-2] DEBUG org.asynchttpclient.netty.handler.HttpHandler - 

Request DefaultFullHttpRequest(decodeResult: success, version: HTTP/1.1, content: EmptyByteBufBE)
GET /session/86f66478-8d20-4243-8f74-f70c516ebd1a/screenshot HTTP/1.1
User-Agent: selenium/4.1.2 (java windows)
Cache-Control: no-cache
Content-Type: application/json; charset=utf-8
host: localhost:52681
accept: */*

Response DefaultHttpResponse(decodeResult: success, version: HTTP/1.1)
HTTP/1.1 200 OK
content-type: application/json; charset=utf-8
cache-control: no-cache
date: Sun, 09 Apr 2023 12:39:31 GMT
content-length: 69992

19:39:32.994 [AsyncHttpClient-1-2] DEBUG org.asynchttpclient.netty.channel.ChannelManager - Adding key: http://localhost:52681 for channel [id: 0x30ef286e, L:/127.0.0.1:57716 - R:localhost/127.0.0.1:52681]
19:39:32.997 [main] DEBUG net.serenitybdd.core.photography.Darkroom - Send negative for processing for target\site\serenity\5cf20f76f85cdfbdf01fc8bf7c450a19e5ddf5eb3e8351a9cdd1b31b51baeb72.png
19:39:33.008 [Forwarding findElement on session 86f66478-8d20-4243-8f74-f70c516ebd1a to remote] DEBUG org.asynchttpclient.netty.request.NettyRequestSender - Using pooled Channel '[id: 0x30ef286e, L:/127.0.0.1:57716 - R:localhost/127.0.0.1:52681]' for 'POST' to 'http://localhost:52681/session/86f66478-8d20-4243-8f74-f70c516ebd1a/element'
19:39:33.008 [Forwarding findElement on session 86f66478-8d20-4243-8f74-f70c516ebd1a to remote] DEBUG org.asynchttpclient.netty.request.NettyRequestSender - Using open Channel [id: 0x30ef286e, L:/127.0.0.1:57716 - R:localhost/127.0.0.1:52681] for POST '/session/86f66478-8d20-4243-8f74-f70c516ebd1a/element'
19:39:33.245 [AsyncHttpClient-1-2] DEBUG org.asynchttpclient.netty.handler.HttpHandler - 

Request DefaultHttpRequest(decodeResult: success, version: HTTP/1.1)
POST /session/86f66478-8d20-4243-8f74-f70c516ebd1a/element HTTP/1.1
User-Agent: selenium/4.1.2 (java windows)
Content-Length: 81
Content-Type: application/json; charset=utf-8
host: localhost:52681
accept: */*

Response DefaultHttpResponse(decodeResult: success, version: HTTP/1.1)
HTTP/1.1 200 OK
content-type: application/json; charset=utf-8
cache-control: no-cache
date: Sun, 09 Apr 2023 12:39:33 GMT
content-length: 88

19:39:33.245 [AsyncHttpClient-1-2] DEBUG org.asynchttpclient.netty.channel.ChannelManager - Adding key: http://localhost:52681 for channel [id: 0x30ef286e, L:/127.0.0.1:57716 - R:localhost/127.0.0.1:52681]
19:39:33.246 [Forwarding getElementTagName on session 86f66478-8d20-4243-8f74-f70c516ebd1a to remote] DEBUG org.asynchttpclient.netty.request.NettyRequestSender - Using pooled Channel '[id: 0x30ef286e, L:/127.0.0.1:57716 - R:localhost/127.0.0.1:52681]' for 'GET' to 'http://localhost:52681/session/86f66478-8d20-4243-8f74-f70c516ebd1a/element/2edc3d39-92b9-4c99-93a0-fe7f6d4b0d8b/name'
19:39:33.246 [Forwarding getElementTagName on session 86f66478-8d20-4243-8f74-f70c516ebd1a to remote] DEBUG org.asynchttpclient.netty.request.NettyRequestSender - Using open Channel [id: 0x30ef286e, L:/127.0.0.1:57716 - R:localhost/127.0.0.1:52681] for GET '/session/86f66478-8d20-4243-8f74-f70c516ebd1a/element/2edc3d39-92b9-4c99-93a0-fe7f6d4b0d8b/name'
19:39:33.292 [AsyncHttpClient-1-2] DEBUG org.asynchttpclient.netty.handler.HttpHandler - 

Request DefaultFullHttpRequest(decodeResult: success, version: HTTP/1.1, content: EmptyByteBufBE)
GET /session/86f66478-8d20-4243-8f74-f70c516ebd1a/element/2edc3d39-92b9-4c99-93a0-fe7f6d4b0d8b/name HTTP/1.1
User-Agent: selenium/4.1.2 (java windows)
Cache-Control: no-cache
Content-Type: application/json; charset=utf-8
host: localhost:52681
accept: */*

Response DefaultHttpResponse(decodeResult: success, version: HTTP/1.1)
HTTP/1.1 200 OK
content-type: application/json; charset=utf-8
cache-control: no-cache
date: Sun, 09 Apr 2023 12:39:33 GMT
content-length: 16

19:39:33.293 [AsyncHttpClient-1-2] DEBUG org.asynchttpclient.netty.channel.ChannelManager - Adding key: http://localhost:52681 for channel [id: 0x30ef286e, L:/127.0.0.1:57716 - R:localhost/127.0.0.1:52681]
19:39:33.294 [Forwarding getElementTagName on session 86f66478-8d20-4243-8f74-f70c516ebd1a to remote] DEBUG org.asynchttpclient.netty.request.NettyRequestSender - Using pooled Channel '[id: 0x30ef286e, L:/127.0.0.1:57716 - R:localhost/127.0.0.1:52681]' for 'GET' to 'http://localhost:52681/session/86f66478-8d20-4243-8f74-f70c516ebd1a/element/2edc3d39-92b9-4c99-93a0-fe7f6d4b0d8b/name'
19:39:33.294 [Forwarding getElementTagName on session 86f66478-8d20-4243-8f74-f70c516ebd1a to remote] DEBUG org.asynchttpclient.netty.request.NettyRequestSender - Using open Channel [id: 0x30ef286e, L:/127.0.0.1:57716 - R:localhost/127.0.0.1:52681] for GET '/session/86f66478-8d20-4243-8f74-f70c516ebd1a/element/2edc3d39-92b9-4c99-93a0-fe7f6d4b0d8b/name'
19:39:33.725 [AsyncHttpClient-1-2] DEBUG org.asynchttpclient.netty.handler.HttpHandler - 

Request DefaultFullHttpRequest(decodeResult: success, version: HTTP/1.1, content: EmptyByteBufBE)
GET /session/86f66478-8d20-4243-8f74-f70c516ebd1a/element/2edc3d39-92b9-4c99-93a0-fe7f6d4b0d8b/name HTTP/1.1
User-Agent: selenium/4.1.2 (java windows)
Cache-Control: no-cache
Content-Type: application/json; charset=utf-8
host: localhost:52681
accept: */*

Response DefaultHttpResponse(decodeResult: success, version: HTTP/1.1)
HTTP/1.1 200 OK
content-type: application/json; charset=utf-8
cache-control: no-cache
date: Sun, 09 Apr 2023 12:39:33 GMT
content-length: 16

19:39:33.726 [AsyncHttpClient-1-2] DEBUG org.asynchttpclient.netty.channel.ChannelManager - Adding key: http://localhost:52681 for channel [id: 0x30ef286e, L:/127.0.0.1:57716 - R:localhost/127.0.0.1:52681]
19:39:33.727 [Forwarding findElement on session 86f66478-8d20-4243-8f74-f70c516ebd1a to remote] DEBUG org.asynchttpclient.netty.request.NettyRequestSender - Using pooled Channel '[id: 0x30ef286e, L:/127.0.0.1:57716 - R:localhost/127.0.0.1:52681]' for 'POST' to 'http://localhost:52681/session/86f66478-8d20-4243-8f74-f70c516ebd1a/element'
19:39:33.727 [Forwarding findElement on session 86f66478-8d20-4243-8f74-f70c516ebd1a to remote] DEBUG org.asynchttpclient.netty.request.NettyRequestSender - Using open Channel [id: 0x30ef286e, L:/127.0.0.1:57716 - R:localhost/127.0.0.1:52681] for POST '/session/86f66478-8d20-4243-8f74-f70c516ebd1a/element'
19:39:33.757 [AsyncHttpClient-1-2] DEBUG org.asynchttpclient.netty.handler.HttpHandler - 

Request DefaultHttpRequest(decodeResult: success, version: HTTP/1.1)
POST /session/86f66478-8d20-4243-8f74-f70c516ebd1a/element HTTP/1.1
User-Agent: selenium/4.1.2 (java windows)
Content-Length: 81
Content-Type: application/json; charset=utf-8
host: localhost:52681
accept: */*

Response DefaultHttpResponse(decodeResult: success, version: HTTP/1.1)
HTTP/1.1 200 OK
content-type: application/json; charset=utf-8
cache-control: no-cache
date: Sun, 09 Apr 2023 12:39:33 GMT
content-length: 88

19:39:33.757 [AsyncHttpClient-1-2] DEBUG org.asynchttpclient.netty.channel.ChannelManager - Adding key: http://localhost:52681 for channel [id: 0x30ef286e, L:/127.0.0.1:57716 - R:localhost/127.0.0.1:52681]
19:39:33.763 [Forwarding clickElement on session 86f66478-8d20-4243-8f74-f70c516ebd1a to remote] DEBUG org.asynchttpclient.netty.request.NettyRequestSender - Using pooled Channel '[id: 0x30ef286e, L:/127.0.0.1:57716 - R:localhost/127.0.0.1:52681]' for 'POST' to 'http://localhost:52681/session/86f66478-8d20-4243-8f74-f70c516ebd1a/element/2edc3d39-92b9-4c99-93a0-fe7f6d4b0d8b/click'
19:39:33.763 [Forwarding clickElement on session 86f66478-8d20-4243-8f74-f70c516ebd1a to remote] DEBUG org.asynchttpclient.netty.request.NettyRequestSender - Using open Channel [id: 0x30ef286e, L:/127.0.0.1:57716 - R:localhost/127.0.0.1:52681] for POST '/session/86f66478-8d20-4243-8f74-f70c516ebd1a/element/2edc3d39-92b9-4c99-93a0-fe7f6d4b0d8b/click'
19:39:34.573 [AsyncHttpClient-1-2] DEBUG org.asynchttpclient.netty.handler.HttpHandler - 

Request DefaultHttpRequest(decodeResult: success, version: HTTP/1.1)
POST /session/86f66478-8d20-4243-8f74-f70c516ebd1a/element/2edc3d39-92b9-4c99-93a0-fe7f6d4b0d8b/click HTTP/1.1
User-Agent: selenium/4.1.2 (java windows)
Content-Length: 50
Content-Type: application/json; charset=utf-8
host: localhost:52681
accept: */*

Response DefaultHttpResponse(decodeResult: success, version: HTTP/1.1)
HTTP/1.1 200 OK
content-type: application/json; charset=utf-8
cache-control: no-cache
date: Sun, 09 Apr 2023 12:39:33 GMT
content-length: 14

19:39:34.573 [AsyncHttpClient-1-2] DEBUG org.asynchttpclient.netty.channel.ChannelManager - Adding key: http://localhost:52681 for channel [id: 0x30ef286e, L:/127.0.0.1:57716 - R:localhost/127.0.0.1:52681]
  &amp#27;[32mThen &amp#27;[0m&amp#27;[32mI click baby on the header&amp#27;[0m &amp#27;[90m# starter.stepdefinitions.BabyStep.iClickBabyOnTheHeader()&amp#27;[0m
19:39:34.582 [Forwarding screenshot on session 86f66478-8d20-4243-8f74-f70c516ebd1a to remote] DEBUG org.asynchttpclient.netty.request.NettyRequestSender - Using pooled Channel '[id: 0x30ef286e, L:/127.0.0.1:57716 - R:localhost/127.0.0.1:52681]' for 'GET' to 'http://localhost:52681/session/86f66478-8d20-4243-8f74-f70c516ebd1a/screenshot'
19:39:34.582 [Forwarding screenshot on session 86f66478-8d20-4243-8f74-f70c516ebd1a to remote] DEBUG org.asynchttpclient.netty.request.NettyRequestSender - Using open Channel [id: 0x30ef286e, L:/127.0.0.1:57716 - R:localhost/127.0.0.1:52681] for GET '/session/86f66478-8d20-4243-8f74-f70c516ebd1a/screenshot'
19:39:34.804 [AsyncHttpClient-1-2] DEBUG org.asynchttpclient.netty.handler.HttpHandler - 

Request DefaultFullHttpRequest(decodeResult: success, version: HTTP/1.1, content: EmptyByteBufBE)
GET /session/86f66478-8d20-4243-8f74-f70c516ebd1a/screenshot HTTP/1.1
User-Agent: selenium/4.1.2 (java windows)
Cache-Control: no-cache
Content-Type: application/json; charset=utf-8
host: localhost:52681
accept: */*

Response DefaultHttpResponse(decodeResult: success, version: HTTP/1.1)
HTTP/1.1 200 OK
content-type: application/json; charset=utf-8
cache-control: no-cache
date: Sun, 09 Apr 2023 12:39:34 GMT
content-length: 98024

19:39:34.805 [AsyncHttpClient-1-2] DEBUG org.asynchttpclient.netty.channel.ChannelManager - Adding key: http://localhost:52681 for channel [id: 0x30ef286e, L:/127.0.0.1:57716 - R:localhost/127.0.0.1:52681]
19:39:34.810 [main] DEBUG net.serenitybdd.core.photography.Darkroom - Send negative for processing for target\site\serenity\bcb9a8d665d2c58a930e922f816fcc3ebc2aef855b882f3d531e7c9aa320b06d.png
19:39:34.822 [Forwarding findElement on session 86f66478-8d20-4243-8f74-f70c516ebd1a to remote] DEBUG org.asynchttpclient.netty.request.NettyRequestSender - Using pooled Channel '[id: 0x30ef286e, L:/127.0.0.1:57716 - R:localhost/127.0.0.1:52681]' for 'POST' to 'http://localhost:52681/session/86f66478-8d20-4243-8f74-f70c516ebd1a/element'
19:39:34.822 [Forwarding findElement on session 86f66478-8d20-4243-8f74-f70c516ebd1a to remote] DEBUG org.asynchttpclient.netty.request.NettyRequestSender - Using open Channel [id: 0x30ef286e, L:/127.0.0.1:57716 - R:localhost/127.0.0.1:52681] for POST '/session/86f66478-8d20-4243-8f74-f70c516ebd1a/element'
19:39:34.843 [AsyncHttpClient-1-2] DEBUG org.asynchttpclient.netty.handler.HttpHandler - 

Request DefaultHttpRequest(decodeResult: success, version: HTTP/1.1)
POST /session/86f66478-8d20-4243-8f74-f70c516ebd1a/element HTTP/1.1
User-Agent: selenium/4.1.2 (java windows)
Content-Length: 107
Content-Type: application/json; charset=utf-8
host: localhost:52681
accept: */*

Response DefaultHttpResponse(decodeResult: success, version: HTTP/1.1)
HTTP/1.1 200 OK
content-type: application/json; charset=utf-8
cache-control: no-cache
date: Sun, 09 Apr 2023 12:39:34 GMT
content-length: 88

19:39:34.843 [AsyncHttpClient-1-2] DEBUG org.asynchttpclient.netty.channel.ChannelManager - Adding key: http://localhost:52681 for channel [id: 0x30ef286e, L:/127.0.0.1:57716 - R:localhost/127.0.0.1:52681]
19:39:34.846 [Forwarding getElementTagName on session 86f66478-8d20-4243-8f74-f70c516ebd1a to remote] DEBUG org.asynchttpclient.netty.request.NettyRequestSender - Using pooled Channel '[id: 0x30ef286e, L:/127.0.0.1:57716 - R:localhost/127.0.0.1:52681]' for 'GET' to 'http://localhost:52681/session/86f66478-8d20-4243-8f74-f70c516ebd1a/element/0c880b8d-67ad-4869-9345-f73962f1f0e8/name'
19:39:34.846 [Forwarding getElementTagName on session 86f66478-8d20-4243-8f74-f70c516ebd1a to remote] DEBUG org.asynchttpclient.netty.request.NettyRequestSender - Using open Channel [id: 0x30ef286e, L:/127.0.0.1:57716 - R:localhost/127.0.0.1:52681] for GET '/session/86f66478-8d20-4243-8f74-f70c516ebd1a/element/0c880b8d-67ad-4869-9345-f73962f1f0e8/name'
19:39:35.021 [AsyncHttpClient-1-2] DEBUG org.asynchttpclient.netty.handler.HttpHandler - 

Request DefaultFullHttpRequest(decodeResult: success, version: HTTP/1.1, content: EmptyByteBufBE)
GET /session/86f66478-8d20-4243-8f74-f70c516ebd1a/element/0c880b8d-67ad-4869-9345-f73962f1f0e8/name HTTP/1.1
User-Agent: selenium/4.1.2 (java windows)
Cache-Control: no-cache
Content-Type: application/json; charset=utf-8
host: localhost:52681
accept: */*

Response DefaultHttpResponse(decodeResult: success, version: HTTP/1.1)
HTTP/1.1 200 OK
content-type: application/json; charset=utf-8
cache-control: no-cache
date: Sun, 09 Apr 2023 12:39:34 GMT
content-length: 16

19:39:35.021 [AsyncHttpClient-1-2] DEBUG org.asynchttpclient.netty.channel.ChannelManager - Adding key: http://localhost:52681 for channel [id: 0x30ef286e, L:/127.0.0.1:57716 - R:localhost/127.0.0.1:52681]
19:39:35.023 [Forwarding getElementTagName on session 86f66478-8d20-4243-8f74-f70c516ebd1a to remote] DEBUG org.asynchttpclient.netty.request.NettyRequestSender - Using pooled Channel '[id: 0x30ef286e, L:/127.0.0.1:57716 - R:localhost/127.0.0.1:52681]' for 'GET' to 'http://localhost:52681/session/86f66478-8d20-4243-8f74-f70c516ebd1a/element/0c880b8d-67ad-4869-9345-f73962f1f0e8/name'
19:39:35.023 [Forwarding getElementTagName on session 86f66478-8d20-4243-8f74-f70c516ebd1a to remote] DEBUG org.asynchttpclient.netty.request.NettyRequestSender - Using open Channel [id: 0x30ef286e, L:/127.0.0.1:57716 - R:localhost/127.0.0.1:52681] for GET '/session/86f66478-8d20-4243-8f74-f70c516ebd1a/element/0c880b8d-67ad-4869-9345-f73962f1f0e8/name'
19:39:35.223 [AsyncHttpClient-1-2] DEBUG org.asynchttpclient.netty.handler.HttpHandler - 

Request DefaultFullHttpRequest(decodeResult: success, version: HTTP/1.1, content: EmptyByteBufBE)
GET /session/86f66478-8d20-4243-8f74-f70c516ebd1a/element/0c880b8d-67ad-4869-9345-f73962f1f0e8/name HTTP/1.1
User-Agent: selenium/4.1.2 (java windows)
Cache-Control: no-cache
Content-Type: application/json; charset=utf-8
host: localhost:52681
accept: */*

Response DefaultHttpResponse(decodeResult: success, version: HTTP/1.1)
HTTP/1.1 200 OK
content-type: application/json; charset=utf-8
cache-control: no-cache
date: Sun, 09 Apr 2023 12:39:34 GMT
content-length: 16

19:39:35.223 [AsyncHttpClient-1-2] DEBUG org.asynchttpclient.netty.channel.ChannelManager - Adding key: http://localhost:52681 for channel [id: 0x30ef286e, L:/127.0.0.1:57716 - R:localhost/127.0.0.1:52681]
19:39:35.226 [Forwarding findElement on session 86f66478-8d20-4243-8f74-f70c516ebd1a to remote] DEBUG org.asynchttpclient.netty.request.NettyRequestSender - Using pooled Channel '[id: 0x30ef286e, L:/127.0.0.1:57716 - R:localhost/127.0.0.1:52681]' for 'POST' to 'http://localhost:52681/session/86f66478-8d20-4243-8f74-f70c516ebd1a/element'
19:39:35.227 [Forwarding findElement on session 86f66478-8d20-4243-8f74-f70c516ebd1a to remote] DEBUG org.asynchttpclient.netty.request.NettyRequestSender - Using open Channel [id: 0x30ef286e, L:/127.0.0.1:57716 - R:localhost/127.0.0.1:52681] for POST '/session/86f66478-8d20-4243-8f74-f70c516ebd1a/element'
19:39:35.258 [AsyncHttpClient-1-2] DEBUG org.asynchttpclient.netty.handler.HttpHandler - 

Request DefaultHttpRequest(decodeResult: success, version: HTTP/1.1)
POST /session/86f66478-8d20-4243-8f74-f70c516ebd1a/element HTTP/1.1
User-Agent: selenium/4.1.2 (java windows)
Content-Length: 107
Content-Type: application/json; charset=utf-8
host: localhost:52681
accept: */*

Response DefaultHttpResponse(decodeResult: success, version: HTTP/1.1)
HTTP/1.1 200 OK
content-type: application/json; charset=utf-8
cache-control: no-cache
date: Sun, 09 Apr 2023 12:39:34 GMT
content-length: 88

19:39:35.258 [AsyncHttpClient-1-2] DEBUG org.asynchttpclient.netty.channel.ChannelManager - Adding key: http://localhost:52681 for channel [id: 0x30ef286e, L:/127.0.0.1:57716 - R:localhost/127.0.0.1:52681]
19:39:35.260 [Forwarding clickElement on session 86f66478-8d20-4243-8f74-f70c516ebd1a to remote] DEBUG org.asynchttpclient.netty.request.NettyRequestSender - Using pooled Channel '[id: 0x30ef286e, L:/127.0.0.1:57716 - R:localhost/127.0.0.1:52681]' for 'POST' to 'http://localhost:52681/session/86f66478-8d20-4243-8f74-f70c516ebd1a/element/0c880b8d-67ad-4869-9345-f73962f1f0e8/click'
19:39:35.260 [Forwarding clickElement on session 86f66478-8d20-4243-8f74-f70c516ebd1a to remote] DEBUG org.asynchttpclient.netty.request.NettyRequestSender - Using open Channel [id: 0x30ef286e, L:/127.0.0.1:57716 - R:localhost/127.0.0.1:52681] for POST '/session/86f66478-8d20-4243-8f74-f70c516ebd1a/element/0c880b8d-67ad-4869-9345-f73962f1f0e8/click'
19:39:35.845 [AsyncHttpClient-1-2] DEBUG org.asynchttpclient.netty.handler.HttpHandler - 

Request DefaultHttpRequest(decodeResult: success, version: HTTP/1.1)
POST /session/86f66478-8d20-4243-8f74-f70c516ebd1a/element/0c880b8d-67ad-4869-9345-f73962f1f0e8/click HTTP/1.1
User-Agent: selenium/4.1.2 (java windows)
Content-Length: 50
Content-Type: application/json; charset=utf-8
host: localhost:52681
accept: */*

Response DefaultHttpResponse(decodeResult: success, version: HTTP/1.1)
HTTP/1.1 200 OK
content-type: application/json; charset=utf-8
cache-control: no-cache
date: Sun, 09 Apr 2023 12:39:34 GMT
content-length: 14

19:39:35.846 [AsyncHttpClient-1-2] DEBUG org.asynchttpclient.netty.channel.ChannelManager - Adding key: http://localhost:52681 for channel [id: 0x30ef286e, L:/127.0.0.1:57716 - R:localhost/127.0.0.1:52681]
  &amp#27;[32mWhen &amp#27;[0m&amp#27;[32mI will go to &amp#27;[0m&amp#27;[32m&amp#27;[1m"bajuTerusan"&amp#27;[0m &amp#27;[90m# starter.stepdefinitions.BabyStep.iWillGoTo(java.lang.String)&amp#27;[0m
19:39:35.853 [Forwarding screenshot on session 86f66478-8d20-4243-8f74-f70c516ebd1a to remote] DEBUG org.asynchttpclient.netty.request.NettyRequestSender - Using pooled Channel '[id: 0x30ef286e, L:/127.0.0.1:57716 - R:localhost/127.0.0.1:52681]' for 'GET' to 'http://localhost:52681/session/86f66478-8d20-4243-8f74-f70c516ebd1a/screenshot'
19:39:35.853 [Forwarding screenshot on session 86f66478-8d20-4243-8f74-f70c516ebd1a to remote] DEBUG org.asynchttpclient.netty.request.NettyRequestSender - Using open Channel [id: 0x30ef286e, L:/127.0.0.1:57716 - R:localhost/127.0.0.1:52681] for GET '/session/86f66478-8d20-4243-8f74-f70c516ebd1a/screenshot'
19:39:36.071 [AsyncHttpClient-1-2] DEBUG org.asynchttpclient.netty.handler.HttpHandler - 

Request DefaultFullHttpRequest(decodeResult: success, version: HTTP/1.1, content: EmptyByteBufBE)
GET /session/86f66478-8d20-4243-8f74-f70c516ebd1a/screenshot HTTP/1.1
User-Agent: selenium/4.1.2 (java windows)
Cache-Control: no-cache
Content-Type: application/json; charset=utf-8
host: localhost:52681
accept: */*

Response DefaultHttpResponse(decodeResult: success, version: HTTP/1.1)
HTTP/1.1 200 OK
content-type: application/json; charset=utf-8
cache-control: no-cache
date: Sun, 09 Apr 2023 12:39:35 GMT
content-length: 79188

19:39:36.072 [AsyncHttpClient-1-2] DEBUG org.asynchttpclient.netty.channel.ChannelManager - Adding key: http://localhost:52681 for channel [id: 0x30ef286e, L:/127.0.0.1:57716 - R:localhost/127.0.0.1:52681]
19:39:36.075 [main] DEBUG net.serenitybdd.core.photography.Darkroom - Send negative for processing for target\site\serenity\fc44e143c9eb89999c270573849f5b4a509b5b74179b836d044554319527b388.png
19:39:36.076 [Darkroom Processing Line] DEBUG net.serenitybdd.core.photography.DarkroomProcessingLine - Processing screenshot image in /var/screenshots/screenshot-9606175229431455433
19:39:36.076 [Darkroom Processing Line] DEBUG net.serenitybdd.core.photography.DarkroomProcessingLine - Saving screenshot to target\site\serenity\fc44e143c9eb89999c270573849f5b4a509b5b74179b836d044554319527b388.png
19:39:36.087 [Forwarding findElement on session 86f66478-8d20-4243-8f74-f70c516ebd1a to remote] DEBUG org.asynchttpclient.netty.request.NettyRequestSender - Using pooled Channel '[id: 0x30ef286e, L:/127.0.0.1:57716 - R:localhost/127.0.0.1:52681]' for 'POST' to 'http://localhost:52681/session/86f66478-8d20-4243-8f74-f70c516ebd1a/element'
19:39:36.087 [Forwarding findElement on session 86f66478-8d20-4243-8f74-f70c516ebd1a to remote] DEBUG org.asynchttpclient.netty.request.NettyRequestSender - Using open Channel [id: 0x30ef286e, L:/127.0.0.1:57716 - R:localhost/127.0.0.1:52681] for POST '/session/86f66478-8d20-4243-8f74-f70c516ebd1a/element'
19:39:36.091 [AsyncHttpClient-1-2] DEBUG org.asynchttpclient.netty.handler.HttpHandler - 

Request DefaultHttpRequest(decodeResult: success, version: HTTP/1.1)
POST /session/86f66478-8d20-4243-8f74-f70c516ebd1a/element HTTP/1.1
User-Agent: selenium/4.1.2 (java windows)
Content-Length: 94
Content-Type: application/json; charset=utf-8
host: localhost:52681
accept: */*

Response DefaultHttpResponse(decodeResult: success, version: HTTP/1.1)
HTTP/1.1 200 OK
content-type: application/json; charset=utf-8
cache-control: no-cache
date: Sun, 09 Apr 2023 12:39:35 GMT
content-length: 88

19:39:36.092 [AsyncHttpClient-1-2] DEBUG org.asynchttpclient.netty.channel.ChannelManager - Adding key: http://localhost:52681 for channel [id: 0x30ef286e, L:/127.0.0.1:57716 - R:localhost/127.0.0.1:52681]
19:39:36.097 [Forwarding isElementDisplayed on session 86f66478-8d20-4243-8f74-f70c516ebd1a to remote] DEBUG org.asynchttpclient.netty.request.NettyRequestSender - Using pooled Channel '[id: 0x30ef286e, L:/127.0.0.1:57716 - R:localhost/127.0.0.1:52681]' for 'POST' to 'http://localhost:52681/session/86f66478-8d20-4243-8f74-f70c516ebd1a/execute/sync'
19:39:36.098 [Forwarding isElementDisplayed on session 86f66478-8d20-4243-8f74-f70c516ebd1a to remote] DEBUG org.asynchttpclient.netty.request.NettyRequestSender - Using open Channel [id: 0x30ef286e, L:/127.0.0.1:57716 - R:localhost/127.0.0.1:52681] for POST '/session/86f66478-8d20-4243-8f74-f70c516ebd1a/execute/sync'
19:39:36.128 [AsyncHttpClient-1-2] DEBUG org.asynchttpclient.netty.handler.HttpHandler - 

Request DefaultHttpRequest(decodeResult: success, version: HTTP/1.1)
POST /session/86f66478-8d20-4243-8f74-f70c516ebd1a/execute/sync HTTP/1.1
User-Agent: selenium/4.1.2 (java windows)
Content-Length: 48780
Content-Type: application/json; charset=utf-8
host: localhost:52681
accept: */*

Response DefaultHttpResponse(decodeResult: success, version: HTTP/1.1)
HTTP/1.1 200 OK
content-type: application/json; charset=utf-8
cache-control: no-cache
date: Sun, 09 Apr 2023 12:39:35 GMT
content-length: 14

19:39:36.128 [AsyncHttpClient-1-2] DEBUG org.asynchttpclient.netty.channel.ChannelManager - Adding key: http://localhost:52681 for channel [id: 0x30ef286e, L:/127.0.0.1:57716 - R:localhost/127.0.0.1:52681]
  &amp#27;[32mAnd &amp#27;[0m&amp#27;[32mI &amp#27;[0m&amp#27;[32m&amp#27;[1m"txtBajuTerusan"&amp#27;[0m&amp#27;[32m page&amp#27;[0m     &amp#27;[90m# starter.stepdefinitions.BabyStep.iPage(java.lang.String)&amp#27;[0m
19:39:36.137 [Forwarding screenshot on session 86f66478-8d20-4243-8f74-f70c516ebd1a to remote] DEBUG org.asynchttpclient.netty.request.NettyRequestSender - Using pooled Channel '[id: 0x30ef286e, L:/127.0.0.1:57716 - R:localhost/127.0.0.1:52681]' for 'GET' to 'http://localhost:52681/session/86f66478-8d20-4243-8f74-f70c516ebd1a/screenshot'
19:39:36.137 [Forwarding screenshot on session 86f66478-8d20-4243-8f74-f70c516ebd1a to remote] DEBUG org.asynchttpclient.netty.request.NettyRequestSender - Using open Channel [id: 0x30ef286e, L:/127.0.0.1:57716 - R:localhost/127.0.0.1:52681] for GET '/session/86f66478-8d20-4243-8f74-f70c516ebd1a/screenshot'
19:39:36.195 [AsyncHttpClient-1-2] DEBUG org.asynchttpclient.netty.handler.HttpHandler - 

Request DefaultFullHttpRequest(decodeResult: success, version: HTTP/1.1, content: EmptyByteBufBE)
GET /session/86f66478-8d20-4243-8f74-f70c516ebd1a/screenshot HTTP/1.1
User-Agent: selenium/4.1.2 (java windows)
Cache-Control: no-cache
Content-Type: application/json; charset=utf-8
host: localhost:52681
accept: */*

Response DefaultHttpResponse(decodeResult: success, version: HTTP/1.1)
HTTP/1.1 200 OK
content-type: application/json; charset=utf-8
cache-control: no-cache
date: Sun, 09 Apr 2023 12:39:35 GMT
content-length: 79176

19:39:36.195 [AsyncHttpClient-1-2] DEBUG org.asynchttpclient.netty.channel.ChannelManager - Adding key: http://localhost:52681 for channel [id: 0x30ef286e, L:/127.0.0.1:57716 - R:localhost/127.0.0.1:52681]
19:39:36.200 [main] DEBUG net.serenitybdd.core.photography.Darkroom - Send negative for processing for target\site\serenity\dcf0fcd0fb94491d96d388eb978f0d1f34fb9631a06c7c04511914ab8cba4385.png
19:39:36.201 [Darkroom Processing Line] DEBUG net.serenitybdd.core.photography.DarkroomProcessingLine - Processing screenshot image in /var/screenshots/screenshot-3144622086446620254
19:39:36.201 [Darkroom Processing Line] DEBUG net.serenitybdd.core.photography.DarkroomProcessingLine - Saving screenshot to target\site\serenity\dcf0fcd0fb94491d96d388eb978f0d1f34fb9631a06c7c04511914ab8cba4385.png
19:39:36.210 [Driver Command Executor] DEBUG org.asynchttpclient.netty.request.NettyRequestSender - Using pooled Channel '[id: 0x30ef286e, L:/127.0.0.1:57716 - R:localhost/127.0.0.1:52681]' for 'DELETE' to 'http://localhost:52681/session/86f66478-8d20-4243-8f74-f70c516ebd1a'
19:39:36.210 [Driver Command Executor] DEBUG org.asynchttpclient.netty.request.NettyRequestSender - Using open Channel [id: 0x30ef286e, L:/127.0.0.1:57716 - R:localhost/127.0.0.1:52681] for DELETE '/session/86f66478-8d20-4243-8f74-f70c516ebd1a'
19:39:37.050 [AsyncHttpClient-1-2] DEBUG org.asynchttpclient.netty.handler.HttpHandler - 

Request DefaultFullHttpRequest(decodeResult: success, version: HTTP/1.1, content: EmptyByteBufBE)
DELETE /session/86f66478-8d20-4243-8f74-f70c516ebd1a HTTP/1.1
User-Agent: selenium/4.1.2 (java windows)
Content-Type: application/json; charset=utf-8
host: localhost:52681
accept: */*

Response DefaultHttpResponse(decodeResult: success, version: HTTP/1.1)
HTTP/1.1 200 OK
content-type: application/json; charset=utf-8
cache-control: no-cache
date: Sun, 09 Apr 2023 12:39:35 GMT
content-length: 14

19:39:37.050 [AsyncHttpClient-1-2] DEBUG org.asynchttpclient.netty.channel.ChannelManager - Adding key: http://localhost:52681 for channel [id: 0x30ef286e, L:/127.0.0.1:57716 - R:localhost/127.0.0.1:52681]
19:39:37.052 [AsyncHttpClient-1-2] DEBUG org.asynchttpclient.netty.handler.HttpHandler - Unexpected I/O exception on channel [id: 0x30ef286e, L:/127.0.0.1:57716 - R:localhost/127.0.0.1:52681]
java.net.SocketException: Connection reset
	at java.base/sun.nio.ch.SocketChannelImpl.throwConnectionReset(SocketChannelImpl.java:345)
	at java.base/sun.nio.ch.SocketChannelImpl.read(SocketChannelImpl.java:376)
	at io.netty.buffer.PooledByteBuf.setBytes(PooledByteBuf.java:258)
	at io.netty.buffer.AbstractByteBuf.writeBytes(AbstractByteBuf.java:1132)
	at io.netty.channel.socket.nio.NioSocketChannel.doReadBytes(NioSocketChannel.java:350)
	at io.netty.channel.nio.AbstractNioByteChannel$NioByteUnsafe.read(AbstractNioByteChannel.java:151)
	at io.netty.channel.nio.NioEventLoop.processSelectedKey(NioEventLoop.java:722)
	at io.netty.channel.nio.NioEventLoop.processSelectedKeysOptimized(NioEventLoop.java:658)
	at io.netty.channel.nio.NioEventLoop.processSelectedKeys(NioEventLoop.java:584)
	at io.netty.channel.nio.NioEventLoop.run(NioEventLoop.java:496)
	at io.netty.util.concurrent.SingleThreadEventExecutor$4.run(SingleThreadEventExecutor.java:986)
	at io.netty.util.internal.ThreadExecutorMap$2.run(ThreadExecutorMap.java:74)
	at io.netty.util.concurrent.FastThreadLocalRunnable.run(FastThreadLocalRunnable.java:30)
	at java.base/java.lang.Thread.run(Thread.java:830)
19:39:37.052 [AsyncHttpClient-1-2] DEBUG org.asynchttpclient.netty.channel.ChannelManager - Closing Channel [id: 0x30ef286e, L:/127.0.0.1:57716 - R:localhost/127.0.0.1:52681] 
19:39:37.052 [AsyncHttpClient-1-2] DEBUG org.asynchttpclient.netty.handler.HttpHandler - Channel Closed: [id: 0x30ef286e, L:/127.0.0.1:57716 ! R:localhost/127.0.0.1:52681] with attribute DISCARD
]]></system-out>
    <system-err><![CDATA[1681043968703	geckodriver	INFO	Listening on 127.0.0.1:52681
1681043969204	mozrunner::runner	INFO	Running command: "C:\\Program Files\\Mozilla Firefox\\firefox.exe" "--marionette" "" "--remote-debugging-port" "50416" "--remote-allow-hosts" "localhost" "-no-remote" "-profile" "C:\\Users\\alwi\\AppData\\Local\\Temp\\rust_mozprofileL0cJ83"
console.warn: services.settings: Ignoring preference override of remote settings server
console.warn: services.settings: Allow by setting MOZ_REMOTE_SETTINGS_DEVTOOLS=1 in the environment
1681043969549	Marionette	INFO	Marionette enabled
Dynamically enable window occlusion 0
1681043969554	Marionette	INFO	Listening on port 57719
WebDriver BiDi listening on ws://127.0.0.1:50416
Read port: 57719
1681043969793	RemoteAgent	WARN	TLS certificate errors will be ignored for this session
console.warn: SearchSettings: "get: No settings file exists, new profile?" (new NotFoundError("Could not open the file at C:\\Users\\alwi\\AppData\\Local\\Temp\\rust_mozprofileL0cJ83\\search.json.mozlz4", (void 0)))
DevTools listening on ws://127.0.0.1:50416/devtools/browser/edfe60dc-323f-4eb1-ab5f-2b0394602afe
Apr 09, 2023 7:39:31 PM org.openqa.selenium.remote.ProtocolHandshake createSession
INFO: Detected dialect: W3C
JavaScript warning: https://www.uniqlo.com/oQfZRN8zACRR/OQ/-x_RMR-EGX/k95OLrhJQ5/OXl6GHI5AQ/PnUdVS/RrZQs, line 1: unreachable code after return statement
JavaScript warning: https://www.uniqlo.com/id/elgnisolqinu.js?async&seed=AECl_mWHAQAAhXleUcVgnU2eEowETsYZDsExG9MVfyypS8j2a8yO2N_NY-zV&x-i1ysm4mm--z=q, line 1: WEBGL_debug_renderer_info is deprecated in Firefox and will be removed. Please use RENDERER.
JavaScript warning: https://www.uniqlo.com/oQfZRN8zACRR/OQ/-x_RMR-EGX/k95OLrhJQ5/OXl6GHI5AQ/PnUdVS/RrZQs, line 1: WEBGL_debug_renderer_info is deprecated in Firefox and will be removed. Please use RENDERER.
1681043976214	Marionette	INFO	Stopped listening on port 57719
Dynamically enable window occlusion 1
WARNING: A blocker encountered an error while we were waiting.
          Blocker:  Waiting for ping task
          Phase: TelemetryController: Waiting for pending ping activity
          State: (none)
WARNING: Error: Phase "profile-before-change" is finished, it is too late to register completion condition "OS.File: flush I/O queued before profileBeforeChange"
WARNING: addBlocker@resource://gre/modules/AsyncShutdown.sys.mjs:727:15
addBlocker@resource://gre/modules/AsyncShutdown.sys.mjs:523:26
addBlocker@resource://gre/modules/AsyncShutdown.sys.mjs:458:15
setupShutdown@resource://gre/modules/osfile/osfile_async_front.jsm:1548:28
@resource://gre/modules/osfile/osfile_async_front.jsm:1568:16
@resource://gre/modules/osfile.jsm:12:30
@resource://gre/modules/TelemetryStorage.sys.mjs:10:28
_checkPendingPings@resource://gre/modules/TelemetrySend.sys.mjs:863:17
setup@resource://gre/modules/TelemetrySend.sys.mjs:803:18
setup@resource://gre/modules/TelemetrySend.sys.mjs:241:30
setupTelemetry/this._delayedInitTask<@resource://gre/modules/TelemetryControllerParent.sys.mjs:828:36
observe@resource://gre/modules/AsyncShutdown.sys.mjs:576:16

console.error: "TelemetryScheduler.shutdown - Already shut down"
WARNING: A blocker encountered an error while we were waiting.
          Blocker:  Waiting for ping task
          Phase: TelemetryController: Waiting for pending ping activity
          State: (none)
WARNING: Error: Phase "profile-before-change" is finished, it is too late to register completion condition "OS.File: flush I/O queued before profileBeforeChange"
WARNING: addBlocker@resource://gre/modules/AsyncShutdown.sys.mjs:727:15
addBlocker@resource://gre/modules/AsyncShutdown.sys.mjs:523:26
addBlocker@resource://gre/modules/AsyncShutdown.sys.mjs:458:15
setupShutdown@resource://gre/modules/osfile/osfile_async_front.jsm:1548:28
@resource://gre/modules/osfile/osfile_async_front.jsm:1568:16
@resource://gre/modules/osfile.jsm:12:30
@resource://gre/modules/TelemetryStorage.sys.mjs:10:28
_checkPendingPings@resource://gre/modules/TelemetrySend.sys.mjs:863:17
setup@resource://gre/modules/TelemetrySend.sys.mjs:803:18
setup@resource://gre/modules/TelemetrySend.sys.mjs:241:30
setupTelemetry/this._delayedInitTask<@resource://gre/modules/TelemetryControllerParent.sys.mjs:828:36
observe@resource://gre/modules/AsyncShutdown.sys.mjs:576:16

WARNING: A blocker encountered an error while we were waiting.
          Blocker:  Waiting for ping task
          Phase: TelemetryController: Waiting for pending ping activity
          State: (none)
WARNING: Error: Phase "profile-before-change" is finished, it is too late to register completion condition "OS.File: flush I/O queued before profileBeforeChange"
WARNING: addBlocker@resource://gre/modules/AsyncShutdown.sys.mjs:727:15
addBlocker@resource://gre/modules/AsyncShutdown.sys.mjs:523:26
addBlocker@resource://gre/modules/AsyncShutdown.sys.mjs:458:15
setupShutdown@resource://gre/modules/osfile/osfile_async_front.jsm:1548:28
@resource://gre/modules/osfile/osfile_async_front.jsm:1568:16
@resource://gre/modules/osfile.jsm:12:30
@resource://gre/modules/TelemetryStorage.sys.mjs:10:28
_checkPendingPings@resource://gre/modules/TelemetrySend.sys.mjs:863:17
setup@resource://gre/modules/TelemetrySend.sys.mjs:803:18
setup@resource://gre/modules/TelemetrySend.sys.mjs:241:30
setupTelemetry/this._delayedInitTask<@resource://gre/modules/TelemetryControllerParent.sys.mjs:828:36
observe@resource://gre/modules/AsyncShutdown.sys.mjs:576:16

WARNING: A blocker encountered an error while we were waiting.
          Blocker:  TelemetryController: shutting down
          Phase: profile-before-change-telemetry
          State: Error getting state: Error: Phase "profile-before-change" is finished, it is too late to register completion condition "OS.File: flush I/O queued before profileBeforeChange" at addBlocker@resource://gre/modules/AsyncShutdown.sys.mjs:727:15
addBlocker@resource://gre/modules/AsyncShutdown.sys.mjs:523:26
addBlocker@resource://gre/modules/AsyncShutdown.sys.mjs:458:15
setupShutdown@resource://gre/modules/osfile/osfile_async_front.jsm:1548:28
@resource://gre/modules/osfile/osfile_async_front.jsm:1568:16
@resource://gre/modules/osfile.jsm:12:30
@resource://gre/modules/TelemetryStorage.sys.mjs:10:28
_checkPendingPings@resource://gre/modules/TelemetrySend.sys.mjs:863:17
setup@resource://gre/modules/TelemetrySend.sys.mjs:803:18
setup@resource://gre/modules/TelemetrySend.sys.mjs:241:30
setupTelemetry/this._delayedInitTask<@resource://gre/modules/TelemetryControllerParent.sys.mjs:828:36
observe@resource://gre/modules/AsyncShutdown.sys.mjs:576:16

WARNING: Error: Phase "profile-before-change" is finished, it is too late to register completion condition "OS.File: flush I/O queued before profileBeforeChange"
WARNING: addBlocker@resource://gre/modules/AsyncShutdown.sys.mjs:727:15
addBlocker@resource://gre/modules/AsyncShutdown.sys.mjs:523:26
addBlocker@resource://gre/modules/AsyncShutdown.sys.mjs:458:15
setupShutdown@resource://gre/modules/osfile/osfile_async_front.jsm:1548:28
@resource://gre/modules/osfile/osfile_async_front.jsm:1568:16
@resource://gre/modules/osfile.jsm:12:30
@resource://gre/modules/TelemetJrayvSatSocrraigpet. seyrsr.omrj:s: r1e0s:o2u8r
c_ec:h/e/cgkrPee/nmdoidnuglPeisn/gAss@yrnecsShutdown.sys.mjs, louinrcee :7/2/7g:re /Emrordoru:l ePsh/aTseel e"mpertorfyiSelned-.bseyfso.rmej-sc:h8an6g3e:1"7 i
ss eftiunpi@srhesourecde:,/ i/tg ries/ mtoodou lleast/eT etloe mertergiysSteendr. scyosm.pmljest:i8o0n3 :c1o8nd
isteitounp @"rOeSs.ourceF:il/e/:g rfelu/smho dIu/lOes /qTueeleumeedt rbyeSfeonred .psryosf.imljes:B2e4f1:o3r0eC
hsaentgeu"pT
elemetry/thJiasva.S_cdreilpaty edeIrnritoTra:s kr<e@sroeusrocuer:c/e/:g/r/ger/em/omodduulleess//ATseylnecSmheuttrdyoCwonnt.rsolleryPsar.emjnst,. slyisn.em j7s2:78:2 8E:r3r6o
ro:b sPeharsvee @"rpersoofuirlcee-:/b/egfroer/emo-cdhualnegse/"A siys nfcinSishhuetdd,o wint. issy st.omoj sl:a5t7e6 :t1o6 
re
gister completion condition "OS.File: flush I/O queued before profileBeforeChange"
JavaScript error: resource://gre/modules/AsyncShutdown.sys.mjs, line 727: Error: Phase "profile-before-change" is finished, it is too late to register completion condition "OS.File: flush I/O queued before profileBeforeChange"
JavaScript error: resource://gre/modules/AsyncShutdown.sys.mjs, line 727: Error: Phase "profile-before-change" is finished, it is too late to register completion condition "OS.File: flush I/O queued before profileBeforeChange"
JavaScript error: resource://gre/modules/AsyncShutdown.sys.mjs, line 727: Error: Phase "profile-before-change" is finished, it is too late to register completion condition "OS.File: flush I/O queued before profileBeforeChange"
JavaScript error: resource://gre/modules/AsyncShutdown.sys.mjs, line 727: Error: Phase "profile-before-change" is finished, it is too late to register completion condition "OS.File: flush I/O queued before profileBeforeChange"
]]></system-err>
  </testcase>
  <testcase name="Fitur Menu Baby #9" classname="Baby" time="8.734">
    <system-out><![CDATA[
@baby
Scenario Outline: Fitur Menu Baby &amp#27;[90m# src/test/resources/features/Baby.feature:21&amp#27;[0m
19:39:37.114 [main] INFO io.cucumber.core.plugin.SerenityReporter - Running feature from file:///C:/Users/alwi/IdeaProjects/uniqloweb/src/test/resources/features/Baby.feature
19:39:37.130 [main] INFO net.serenitybdd.core.webdriver.driverproviders.FirefoxDriverProvider - Using automatically driver download
19:39:37.243 [main] DEBUG io.github.bonigarcia.wdm.cache.ResolutionCache - Resolution firefox=111 in cache (valid until 20:30:50 09/04/2023 WIB)
19:39:37.246 [main] DEBUG io.github.bonigarcia.wdm.cache.ResolutionCache - Resolution firefox111=0.32.2 in cache (valid until 19:30:50 10/04/2023 WIB)
19:39:37.248 [main] INFO io.github.bonigarcia.wdm.WebDriverManager - Using geckodriver 0.32.2 (resolved driver for Firefox 111)
19:39:37.261 [main] DEBUG io.github.bonigarcia.wdm.WebDriverManager - Driver geckodriver 0.32.2 found in cache
19:39:37.261 [main] INFO io.github.bonigarcia.wdm.WebDriverManager - Exporting webdriver.gecko.driver as C:\Users\alwi\.cache\selenium\geckodriver\win64\0.32.2\geckodriver.exe
19:39:37.274 [main] DEBUG net.serenitybdd.core.webdriver.driverproviders.ProvideNewDriver - Instantiating driver
19:39:37.274 [main] DEBUG net.serenitybdd.core.webdriver.driverproviders.ProvideNewDriver - Driver capabilities: Capabilities {acceptInsecureCerts: true, browserName: firefox, moz:debuggerAddress: true, moz:firefoxOptions: {args: [], profile: UEsDBBQACAgIAPKciVYAAAAAAAA...}}
19:39:37.328 [AsyncHttpClient-1-1] DEBUG org.asynchttpclient.netty.channel.DefaultChannelPool - Entry count for : http://localhost:52681 : 1
19:39:37.328 [AsyncHttpClient-1-1] DEBUG org.asynchttpclient.netty.channel.DefaultChannelPool - Adding Candidate expired Channel [id: 0x30ef286e, L:/127.0.0.1:57716 ! R:localhost/127.0.0.1:52681] isIdleTimeoutExpired=false isRemotelyClosed=true isTtlExpired=false
19:39:37.328 [AsyncHttpClient-1-1] DEBUG org.asynchttpclient.netty.channel.DefaultChannelPool - Closing Idle Channel [id: 0x30ef286e, L:/127.0.0.1:57716 ! R:localhost/127.0.0.1:52681]
19:39:37.328 [AsyncHttpClient-1-1] DEBUG org.asynchttpclient.netty.channel.DefaultChannelPool - Closed 1 connections out of 1 in 0 ms
19:39:37.808 [AsyncHttpClient-1-4] DEBUG org.asynchttpclient.netty.channel.NettyConnectListener - Using new Channel '[id: 0x962315d1, L:/127.0.0.1:57817 - R:localhost/127.0.0.1:60279]' for 'POST' to '/session'
19:39:40.100 [AsyncHttpClient-1-4] DEBUG org.asynchttpclient.netty.handler.HttpHandler - 

Request DefaultHttpRequest(decodeResult: success, version: HTTP/1.1)
POST /session HTTP/1.1
User-Agent: selenium/4.1.2 (java windows)
Content-Length: 3673
Content-Type: application/json; charset=utf-8
host: localhost:60279
accept: */*

Response DefaultHttpResponse(decodeResult: success, version: HTTP/1.1)
HTTP/1.1 200 OK
content-type: application/json; charset=utf-8
cache-control: no-cache
date: Sun, 09 Apr 2023 12:39:37 GMT
content-length: 790

19:39:40.100 [AsyncHttpClient-1-4] DEBUG org.asynchttpclient.netty.channel.ChannelManager - Adding key: http://localhost:60279 for channel [id: 0x962315d1, L:/127.0.0.1:57817 - R:localhost/127.0.0.1:60279]
19:39:40.108 [AsyncHttpClient-1-5] DEBUG org.asynchttpclient.netty.channel.NettyConnectListener - Using new Channel '[id: 0x80716f4c, L:/127.0.0.1:57831 - R:/127.0.0.1:58342]' for 'GET' to '/json/version'
19:39:40.112 [AsyncHttpClient-1-5] DEBUG org.asynchttpclient.netty.handler.HttpHandler - 

Request DefaultFullHttpRequest(decodeResult: success, version: HTTP/1.1, content: EmptyByteBufBE)
GET /json/version HTTP/1.1
User-Agent: selenium/4.1.2 (java windows)
host: 127.0.0.1:58342
accept: */*

Response DefaultHttpResponse(decodeResult: success, version: HTTP/1.1)
HTTP/1.1 200 OK
content-type: application/json
connection: close
server: httpd.js
date: Sun, 09 Apr 2023 12:39:40 GMT
content-length: 311

19:39:40.112 [AsyncHttpClient-1-5] DEBUG org.asynchttpclient.netty.channel.ChannelManager - Closing Channel [id: 0x80716f4c, L:/127.0.0.1:57831 - R:/127.0.0.1:58342] 
19:39:40.112 [AsyncHttpClient-1-5] DEBUG org.asynchttpclient.netty.handler.HttpHandler - Channel Closed: [id: 0x80716f4c, L:/127.0.0.1:57831 ! R:/127.0.0.1:58342] with attribute DISCARD
19:39:40.114 [Forwarding get on session cffd393b-afea-441d-8448-067b5eaff7cc to remote] DEBUG org.asynchttpclient.netty.request.NettyRequestSender - Using pooled Channel '[id: 0x962315d1, L:/127.0.0.1:57817 - R:localhost/127.0.0.1:60279]' for 'POST' to 'http://localhost:60279/session/cffd393b-afea-441d-8448-067b5eaff7cc/url'
19:39:40.114 [Forwarding get on session cffd393b-afea-441d-8448-067b5eaff7cc to remote] DEBUG org.asynchttpclient.netty.request.NettyRequestSender - Using open Channel [id: 0x962315d1, L:/127.0.0.1:57817 - R:localhost/127.0.0.1:60279] for POST '/session/cffd393b-afea-441d-8448-067b5eaff7cc/url'
19:39:42.554 [AsyncHttpClient-1-4] DEBUG org.asynchttpclient.netty.handler.HttpHandler - 

Request DefaultHttpRequest(decodeResult: success, version: HTTP/1.1)
POST /session/cffd393b-afea-441d-8448-067b5eaff7cc/url HTTP/1.1
User-Agent: selenium/4.1.2 (java windows)
Content-Length: 53
Content-Type: application/json; charset=utf-8
host: localhost:60279
accept: */*

Response DefaultHttpResponse(decodeResult: success, version: HTTP/1.1)
HTTP/1.1 200 OK
content-type: application/json; charset=utf-8
cache-control: no-cache
date: Sun, 09 Apr 2023 12:39:40 GMT
content-length: 14

19:39:42.555 [AsyncHttpClient-1-4] DEBUG org.asynchttpclient.netty.channel.ChannelManager - Adding key: http://localhost:60279 for channel [id: 0x962315d1, L:/127.0.0.1:57817 - R:localhost/127.0.0.1:60279]
19:39:42.556 [Forwarding setTimeout on session cffd393b-afea-441d-8448-067b5eaff7cc to remote] DEBUG org.asynchttpclient.netty.request.NettyRequestSender - Using pooled Channel '[id: 0x962315d1, L:/127.0.0.1:57817 - R:localhost/127.0.0.1:60279]' for 'POST' to 'http://localhost:60279/session/cffd393b-afea-441d-8448-067b5eaff7cc/timeouts'
19:39:42.556 [Forwarding setTimeout on session cffd393b-afea-441d-8448-067b5eaff7cc to remote] DEBUG org.asynchttpclient.netty.request.NettyRequestSender - Using open Channel [id: 0x962315d1, L:/127.0.0.1:57817 - R:localhost/127.0.0.1:60279] for POST '/session/cffd393b-afea-441d-8448-067b5eaff7cc/timeouts'
19:39:42.558 [AsyncHttpClient-1-4] DEBUG org.asynchttpclient.netty.handler.HttpHandler - 

Request DefaultHttpRequest(decodeResult: success, version: HTTP/1.1)
POST /session/cffd393b-afea-441d-8448-067b5eaff7cc/timeouts HTTP/1.1
User-Agent: selenium/4.1.2 (java windows)
Content-Length: 22
Content-Type: application/json; charset=utf-8
host: localhost:60279
accept: */*

Response DefaultHttpResponse(decodeResult: success, version: HTTP/1.1)
HTTP/1.1 200 OK
content-type: application/json; charset=utf-8
cache-control: no-cache
date: Sun, 09 Apr 2023 12:39:42 GMT
content-length: 14

19:39:42.558 [AsyncHttpClient-1-4] DEBUG org.asynchttpclient.netty.channel.ChannelManager - Adding key: http://localhost:60279 for channel [id: 0x962315d1, L:/127.0.0.1:57817 - R:localhost/127.0.0.1:60279]
19:39:42.561 [Forwarding getCurrentUrl on session cffd393b-afea-441d-8448-067b5eaff7cc to remote] DEBUG org.asynchttpclient.netty.request.NettyRequestSender - Using pooled Channel '[id: 0x962315d1, L:/127.0.0.1:57817 - R:localhost/127.0.0.1:60279]' for 'GET' to 'http://localhost:60279/session/cffd393b-afea-441d-8448-067b5eaff7cc/url'
19:39:42.561 [Forwarding getCurrentUrl on session cffd393b-afea-441d-8448-067b5eaff7cc to remote] DEBUG org.asynchttpclient.netty.request.NettyRequestSender - Using open Channel [id: 0x962315d1, L:/127.0.0.1:57817 - R:localhost/127.0.0.1:60279] for GET '/session/cffd393b-afea-441d-8448-067b5eaff7cc/url'
19:39:42.562 [AsyncHttpClient-1-4] DEBUG org.asynchttpclient.netty.handler.HttpHandler - 

Request DefaultFullHttpRequest(decodeResult: success, version: HTTP/1.1, content: EmptyByteBufBE)
GET /session/cffd393b-afea-441d-8448-067b5eaff7cc/url HTTP/1.1
User-Agent: selenium/4.1.2 (java windows)
Cache-Control: no-cache
Content-Type: application/json; charset=utf-8
host: localhost:60279
accept: */*

Response DefaultHttpResponse(decodeResult: success, version: HTTP/1.1)
HTTP/1.1 200 OK
content-type: application/json; charset=utf-8
cache-control: no-cache
date: Sun, 09 Apr 2023 12:39:42 GMT
content-length: 41

19:39:42.563 [AsyncHttpClient-1-4] DEBUG org.asynchttpclient.netty.channel.ChannelManager - Adding key: http://localhost:60279 for channel [id: 0x962315d1, L:/127.0.0.1:57817 - R:localhost/127.0.0.1:60279]
  &amp#27;[32mGiven &amp#27;[0m&amp#27;[32mI am on the home page&amp#27;[0m     &amp#27;[90m# starter.stepdefinitions.BabyStep.iAmOnTheHomePage()&amp#27;[0m
19:39:42.568 [Forwarding screenshot on session cffd393b-afea-441d-8448-067b5eaff7cc to remote] DEBUG org.asynchttpclient.netty.request.NettyRequestSender - Using pooled Channel '[id: 0x962315d1, L:/127.0.0.1:57817 - R:localhost/127.0.0.1:60279]' for 'GET' to 'http://localhost:60279/session/cffd393b-afea-441d-8448-067b5eaff7cc/screenshot'
19:39:42.568 [Forwarding screenshot on session cffd393b-afea-441d-8448-067b5eaff7cc to remote] DEBUG org.asynchttpclient.netty.request.NettyRequestSender - Using open Channel [id: 0x962315d1, L:/127.0.0.1:57817 - R:localhost/127.0.0.1:60279] for GET '/session/cffd393b-afea-441d-8448-067b5eaff7cc/screenshot'
19:39:42.651 [AsyncHttpClient-1-4] DEBUG org.asynchttpclient.netty.handler.HttpHandler - 

Request DefaultFullHttpRequest(decodeResult: success, version: HTTP/1.1, content: EmptyByteBufBE)
GET /session/cffd393b-afea-441d-8448-067b5eaff7cc/screenshot HTTP/1.1
User-Agent: selenium/4.1.2 (java windows)
Cache-Control: no-cache
Content-Type: application/json; charset=utf-8
host: localhost:60279
accept: */*

Response DefaultHttpResponse(decodeResult: success, version: HTTP/1.1)
HTTP/1.1 200 OK
content-type: application/json; charset=utf-8
cache-control: no-cache
date: Sun, 09 Apr 2023 12:39:42 GMT
content-length: 72300

19:39:42.651 [AsyncHttpClient-1-4] DEBUG org.asynchttpclient.netty.channel.ChannelManager - Adding key: http://localhost:60279 for channel [id: 0x962315d1, L:/127.0.0.1:57817 - R:localhost/127.0.0.1:60279]
19:39:42.655 [main] DEBUG net.serenitybdd.core.photography.Darkroom - Send negative for processing for target\site\serenity\cd857c310d24a5a59ecce6297c55eb11d28b60199b71572b67cdaa04b87734d9.png
19:39:42.656 [Darkroom Processing Line] DEBUG net.serenitybdd.core.photography.DarkroomProcessingLine - Processing screenshot image in /var/screenshots/screenshot-9566283191201561577
19:39:42.656 [Darkroom Processing Line] DEBUG net.serenitybdd.core.photography.DarkroomProcessingLine - Saving screenshot to target\site\serenity\cd857c310d24a5a59ecce6297c55eb11d28b60199b71572b67cdaa04b87734d9.png
19:39:42.672 [Forwarding findElement on session cffd393b-afea-441d-8448-067b5eaff7cc to remote] DEBUG org.asynchttpclient.netty.request.NettyRequestSender - Using pooled Channel '[id: 0x962315d1, L:/127.0.0.1:57817 - R:localhost/127.0.0.1:60279]' for 'POST' to 'http://localhost:60279/session/cffd393b-afea-441d-8448-067b5eaff7cc/element'
19:39:42.673 [Forwarding findElement on session cffd393b-afea-441d-8448-067b5eaff7cc to remote] DEBUG org.asynchttpclient.netty.request.NettyRequestSender - Using open Channel [id: 0x962315d1, L:/127.0.0.1:57817 - R:localhost/127.0.0.1:60279] for POST '/session/cffd393b-afea-441d-8448-067b5eaff7cc/element'
19:39:43.194 [AsyncHttpClient-1-4] DEBUG org.asynchttpclient.netty.handler.HttpHandler - 

Request DefaultHttpRequest(decodeResult: success, version: HTTP/1.1)
POST /session/cffd393b-afea-441d-8448-067b5eaff7cc/element HTTP/1.1
User-Agent: selenium/4.1.2 (java windows)
Content-Length: 81
Content-Type: application/json; charset=utf-8
host: localhost:60279
accept: */*

Response DefaultHttpResponse(decodeResult: success, version: HTTP/1.1)
HTTP/1.1 200 OK
content-type: application/json; charset=utf-8
cache-control: no-cache
date: Sun, 09 Apr 2023 12:39:42 GMT
content-length: 88

19:39:43.194 [AsyncHttpClient-1-4] DEBUG org.asynchttpclient.netty.channel.ChannelManager - Adding key: http://localhost:60279 for channel [id: 0x962315d1, L:/127.0.0.1:57817 - R:localhost/127.0.0.1:60279]
19:39:43.197 [Forwarding getElementTagName on session cffd393b-afea-441d-8448-067b5eaff7cc to remote] DEBUG org.asynchttpclient.netty.request.NettyRequestSender - Using pooled Channel '[id: 0x962315d1, L:/127.0.0.1:57817 - R:localhost/127.0.0.1:60279]' for 'GET' to 'http://localhost:60279/session/cffd393b-afea-441d-8448-067b5eaff7cc/element/990e8bb7-95d4-4493-83f5-edf49a6b7d87/name'
19:39:43.197 [Forwarding getElementTagName on session cffd393b-afea-441d-8448-067b5eaff7cc to remote] DEBUG org.asynchttpclient.netty.request.NettyRequestSender - Using open Channel [id: 0x962315d1, L:/127.0.0.1:57817 - R:localhost/127.0.0.1:60279] for GET '/session/cffd393b-afea-441d-8448-067b5eaff7cc/element/990e8bb7-95d4-4493-83f5-edf49a6b7d87/name'
19:39:43.226 [AsyncHttpClient-1-4] DEBUG org.asynchttpclient.netty.handler.HttpHandler - 

Request DefaultFullHttpRequest(decodeResult: success, version: HTTP/1.1, content: EmptyByteBufBE)
GET /session/cffd393b-afea-441d-8448-067b5eaff7cc/element/990e8bb7-95d4-4493-83f5-edf49a6b7d87/name HTTP/1.1
User-Agent: selenium/4.1.2 (java windows)
Cache-Control: no-cache
Content-Type: application/json; charset=utf-8
host: localhost:60279
accept: */*

Response DefaultHttpResponse(decodeResult: success, version: HTTP/1.1)
HTTP/1.1 200 OK
content-type: application/json; charset=utf-8
cache-control: no-cache
date: Sun, 09 Apr 2023 12:39:42 GMT
content-length: 16

19:39:43.226 [AsyncHttpClient-1-4] DEBUG org.asynchttpclient.netty.channel.ChannelManager - Adding key: http://localhost:60279 for channel [id: 0x962315d1, L:/127.0.0.1:57817 - R:localhost/127.0.0.1:60279]
19:39:43.228 [Forwarding getElementTagName on session cffd393b-afea-441d-8448-067b5eaff7cc to remote] DEBUG org.asynchttpclient.netty.request.NettyRequestSender - Using pooled Channel '[id: 0x962315d1, L:/127.0.0.1:57817 - R:localhost/127.0.0.1:60279]' for 'GET' to 'http://localhost:60279/session/cffd393b-afea-441d-8448-067b5eaff7cc/element/990e8bb7-95d4-4493-83f5-edf49a6b7d87/name'
19:39:43.228 [Forwarding getElementTagName on session cffd393b-afea-441d-8448-067b5eaff7cc to remote] DEBUG org.asynchttpclient.netty.request.NettyRequestSender - Using open Channel [id: 0x962315d1, L:/127.0.0.1:57817 - R:localhost/127.0.0.1:60279] for GET '/session/cffd393b-afea-441d-8448-067b5eaff7cc/element/990e8bb7-95d4-4493-83f5-edf49a6b7d87/name'
19:39:43.295 [AsyncHttpClient-1-4] DEBUG org.asynchttpclient.netty.handler.HttpHandler - 

Request DefaultFullHttpRequest(decodeResult: success, version: HTTP/1.1, content: EmptyByteBufBE)
GET /session/cffd393b-afea-441d-8448-067b5eaff7cc/element/990e8bb7-95d4-4493-83f5-edf49a6b7d87/name HTTP/1.1
User-Agent: selenium/4.1.2 (java windows)
Cache-Control: no-cache
Content-Type: application/json; charset=utf-8
host: localhost:60279
accept: */*

Response DefaultHttpResponse(decodeResult: success, version: HTTP/1.1)
HTTP/1.1 200 OK
content-type: application/json; charset=utf-8
cache-control: no-cache
date: Sun, 09 Apr 2023 12:39:42 GMT
content-length: 16

19:39:43.296 [AsyncHttpClient-1-4] DEBUG org.asynchttpclient.netty.channel.ChannelManager - Adding key: http://localhost:60279 for channel [id: 0x962315d1, L:/127.0.0.1:57817 - R:localhost/127.0.0.1:60279]
19:39:43.297 [Forwarding findElement on session cffd393b-afea-441d-8448-067b5eaff7cc to remote] DEBUG org.asynchttpclient.netty.request.NettyRequestSender - Using pooled Channel '[id: 0x962315d1, L:/127.0.0.1:57817 - R:localhost/127.0.0.1:60279]' for 'POST' to 'http://localhost:60279/session/cffd393b-afea-441d-8448-067b5eaff7cc/element'
19:39:43.297 [Forwarding findElement on session cffd393b-afea-441d-8448-067b5eaff7cc to remote] DEBUG org.asynchttpclient.netty.request.NettyRequestSender - Using open Channel [id: 0x962315d1, L:/127.0.0.1:57817 - R:localhost/127.0.0.1:60279] for POST '/session/cffd393b-afea-441d-8448-067b5eaff7cc/element'
19:39:43.357 [AsyncHttpClient-1-4] DEBUG org.asynchttpclient.netty.handler.HttpHandler - 

Request DefaultHttpRequest(decodeResult: success, version: HTTP/1.1)
POST /session/cffd393b-afea-441d-8448-067b5eaff7cc/element HTTP/1.1
User-Agent: selenium/4.1.2 (java windows)
Content-Length: 81
Content-Type: application/json; charset=utf-8
host: localhost:60279
accept: */*

Response DefaultHttpResponse(decodeResult: success, version: HTTP/1.1)
HTTP/1.1 200 OK
content-type: application/json; charset=utf-8
cache-control: no-cache
date: Sun, 09 Apr 2023 12:39:42 GMT
content-length: 88

19:39:43.357 [AsyncHttpClient-1-4] DEBUG org.asynchttpclient.netty.channel.ChannelManager - Adding key: http://localhost:60279 for channel [id: 0x962315d1, L:/127.0.0.1:57817 - R:localhost/127.0.0.1:60279]
19:39:43.360 [Forwarding clickElement on session cffd393b-afea-441d-8448-067b5eaff7cc to remote] DEBUG org.asynchttpclient.netty.request.NettyRequestSender - Using pooled Channel '[id: 0x962315d1, L:/127.0.0.1:57817 - R:localhost/127.0.0.1:60279]' for 'POST' to 'http://localhost:60279/session/cffd393b-afea-441d-8448-067b5eaff7cc/element/990e8bb7-95d4-4493-83f5-edf49a6b7d87/click'
19:39:43.360 [Forwarding clickElement on session cffd393b-afea-441d-8448-067b5eaff7cc to remote] DEBUG org.asynchttpclient.netty.request.NettyRequestSender - Using open Channel [id: 0x962315d1, L:/127.0.0.1:57817 - R:localhost/127.0.0.1:60279] for POST '/session/cffd393b-afea-441d-8448-067b5eaff7cc/element/990e8bb7-95d4-4493-83f5-edf49a6b7d87/click'
19:39:44.089 [AsyncHttpClient-1-4] DEBUG org.asynchttpclient.netty.handler.HttpHandler - 

Request DefaultHttpRequest(decodeResult: success, version: HTTP/1.1)
POST /session/cffd393b-afea-441d-8448-067b5eaff7cc/element/990e8bb7-95d4-4493-83f5-edf49a6b7d87/click HTTP/1.1
User-Agent: selenium/4.1.2 (java windows)
Content-Length: 50
Content-Type: application/json; charset=utf-8
host: localhost:60279
accept: */*

Response DefaultHttpResponse(decodeResult: success, version: HTTP/1.1)
HTTP/1.1 200 OK
content-type: application/json; charset=utf-8
cache-control: no-cache
date: Sun, 09 Apr 2023 12:39:42 GMT
content-length: 14

19:39:44.089 [AsyncHttpClient-1-4] DEBUG org.asynchttpclient.netty.channel.ChannelManager - Adding key: http://localhost:60279 for channel [id: 0x962315d1, L:/127.0.0.1:57817 - R:localhost/127.0.0.1:60279]
  &amp#27;[32mThen &amp#27;[0m&amp#27;[32mI click baby on the header&amp#27;[0m &amp#27;[90m# starter.stepdefinitions.BabyStep.iClickBabyOnTheHeader()&amp#27;[0m
19:39:44.096 [Forwarding screenshot on session cffd393b-afea-441d-8448-067b5eaff7cc to remote] DEBUG org.asynchttpclient.netty.request.NettyRequestSender - Using pooled Channel '[id: 0x962315d1, L:/127.0.0.1:57817 - R:localhost/127.0.0.1:60279]' for 'GET' to 'http://localhost:60279/session/cffd393b-afea-441d-8448-067b5eaff7cc/screenshot'
19:39:44.096 [Forwarding screenshot on session cffd393b-afea-441d-8448-067b5eaff7cc to remote] DEBUG org.asynchttpclient.netty.request.NettyRequestSender - Using open Channel [id: 0x962315d1, L:/127.0.0.1:57817 - R:localhost/127.0.0.1:60279] for GET '/session/cffd393b-afea-441d-8448-067b5eaff7cc/screenshot'
19:39:44.193 [AsyncHttpClient-1-4] DEBUG org.asynchttpclient.netty.handler.HttpHandler - 

Request DefaultFullHttpRequest(decodeResult: success, version: HTTP/1.1, content: EmptyByteBufBE)
GET /session/cffd393b-afea-441d-8448-067b5eaff7cc/screenshot HTTP/1.1
User-Agent: selenium/4.1.2 (java windows)
Cache-Control: no-cache
Content-Type: application/json; charset=utf-8
host: localhost:60279
accept: */*

Response DefaultHttpResponse(decodeResult: success, version: HTTP/1.1)
HTTP/1.1 200 OK
content-type: application/json; charset=utf-8
cache-control: no-cache
date: Sun, 09 Apr 2023 12:39:44 GMT
content-length: 98024

19:39:44.194 [AsyncHttpClient-1-4] DEBUG org.asynchttpclient.netty.channel.ChannelManager - Adding key: http://localhost:60279 for channel [id: 0x962315d1, L:/127.0.0.1:57817 - R:localhost/127.0.0.1:60279]
19:39:44.198 [main] DEBUG net.serenitybdd.core.photography.Darkroom - Send negative for processing for target\site\serenity\bcb9a8d665d2c58a930e922f816fcc3ebc2aef855b882f3d531e7c9aa320b06d.png
19:39:44.207 [Forwarding findElement on session cffd393b-afea-441d-8448-067b5eaff7cc to remote] DEBUG org.asynchttpclient.netty.request.NettyRequestSender - Using pooled Channel '[id: 0x962315d1, L:/127.0.0.1:57817 - R:localhost/127.0.0.1:60279]' for 'POST' to 'http://localhost:60279/session/cffd393b-afea-441d-8448-067b5eaff7cc/element'
19:39:44.207 [Forwarding findElement on session cffd393b-afea-441d-8448-067b5eaff7cc to remote] DEBUG org.asynchttpclient.netty.request.NettyRequestSender - Using open Channel [id: 0x962315d1, L:/127.0.0.1:57817 - R:localhost/127.0.0.1:60279] for POST '/session/cffd393b-afea-441d-8448-067b5eaff7cc/element'
19:39:44.243 [AsyncHttpClient-1-4] DEBUG org.asynchttpclient.netty.handler.HttpHandler - 

Request DefaultHttpRequest(decodeResult: success, version: HTTP/1.1)
POST /session/cffd393b-afea-441d-8448-067b5eaff7cc/element HTTP/1.1
User-Agent: selenium/4.1.2 (java windows)
Content-Length: 105
Content-Type: application/json; charset=utf-8
host: localhost:60279
accept: */*

Response DefaultHttpResponse(decodeResult: success, version: HTTP/1.1)
HTTP/1.1 200 OK
content-type: application/json; charset=utf-8
cache-control: no-cache
date: Sun, 09 Apr 2023 12:39:44 GMT
content-length: 88

19:39:44.244 [AsyncHttpClient-1-4] DEBUG org.asynchttpclient.netty.channel.ChannelManager - Adding key: http://localhost:60279 for channel [id: 0x962315d1, L:/127.0.0.1:57817 - R:localhost/127.0.0.1:60279]
19:39:44.245 [Forwarding getElementTagName on session cffd393b-afea-441d-8448-067b5eaff7cc to remote] DEBUG org.asynchttpclient.netty.request.NettyRequestSender - Using pooled Channel '[id: 0x962315d1, L:/127.0.0.1:57817 - R:localhost/127.0.0.1:60279]' for 'GET' to 'http://localhost:60279/session/cffd393b-afea-441d-8448-067b5eaff7cc/element/bc164ca9-e082-407a-821c-75134f435170/name'
19:39:44.245 [Forwarding getElementTagName on session cffd393b-afea-441d-8448-067b5eaff7cc to remote] DEBUG org.asynchttpclient.netty.request.NettyRequestSender - Using open Channel [id: 0x962315d1, L:/127.0.0.1:57817 - R:localhost/127.0.0.1:60279] for GET '/session/cffd393b-afea-441d-8448-067b5eaff7cc/element/bc164ca9-e082-407a-821c-75134f435170/name'
19:39:44.291 [AsyncHttpClient-1-4] DEBUG org.asynchttpclient.netty.handler.HttpHandler - 

Request DefaultFullHttpRequest(decodeResult: success, version: HTTP/1.1, content: EmptyByteBufBE)
GET /session/cffd393b-afea-441d-8448-067b5eaff7cc/element/bc164ca9-e082-407a-821c-75134f435170/name HTTP/1.1
User-Agent: selenium/4.1.2 (java windows)
Cache-Control: no-cache
Content-Type: application/json; charset=utf-8
host: localhost:60279
accept: */*

Response DefaultHttpResponse(decodeResult: success, version: HTTP/1.1)
HTTP/1.1 200 OK
content-type: application/json; charset=utf-8
cache-control: no-cache
date: Sun, 09 Apr 2023 12:39:44 GMT
content-length: 16

19:39:44.291 [AsyncHttpClient-1-4] DEBUG org.asynchttpclient.netty.channel.ChannelManager - Adding key: http://localhost:60279 for channel [id: 0x962315d1, L:/127.0.0.1:57817 - R:localhost/127.0.0.1:60279]
19:39:44.292 [Forwarding getElementTagName on session cffd393b-afea-441d-8448-067b5eaff7cc to remote] DEBUG org.asynchttpclient.netty.request.NettyRequestSender - Using pooled Channel '[id: 0x962315d1, L:/127.0.0.1:57817 - R:localhost/127.0.0.1:60279]' for 'GET' to 'http://localhost:60279/session/cffd393b-afea-441d-8448-067b5eaff7cc/element/bc164ca9-e082-407a-821c-75134f435170/name'
19:39:44.292 [Forwarding getElementTagName on session cffd393b-afea-441d-8448-067b5eaff7cc to remote] DEBUG org.asynchttpclient.netty.request.NettyRequestSender - Using open Channel [id: 0x962315d1, L:/127.0.0.1:57817 - R:localhost/127.0.0.1:60279] for GET '/session/cffd393b-afea-441d-8448-067b5eaff7cc/element/bc164ca9-e082-407a-821c-75134f435170/name'
19:39:44.336 [AsyncHttpClient-1-4] DEBUG org.asynchttpclient.netty.handler.HttpHandler - 

Request DefaultFullHttpRequest(decodeResult: success, version: HTTP/1.1, content: EmptyByteBufBE)
GET /session/cffd393b-afea-441d-8448-067b5eaff7cc/element/bc164ca9-e082-407a-821c-75134f435170/name HTTP/1.1
User-Agent: selenium/4.1.2 (java windows)
Cache-Control: no-cache
Content-Type: application/json; charset=utf-8
host: localhost:60279
accept: */*

Response DefaultHttpResponse(decodeResult: success, version: HTTP/1.1)
HTTP/1.1 200 OK
content-type: application/json; charset=utf-8
cache-control: no-cache
date: Sun, 09 Apr 2023 12:39:44 GMT
content-length: 16

19:39:44.336 [AsyncHttpClient-1-4] DEBUG org.asynchttpclient.netty.channel.ChannelManager - Adding key: http://localhost:60279 for channel [id: 0x962315d1, L:/127.0.0.1:57817 - R:localhost/127.0.0.1:60279]
19:39:44.338 [Forwarding findElement on session cffd393b-afea-441d-8448-067b5eaff7cc to remote] DEBUG org.asynchttpclient.netty.request.NettyRequestSender - Using pooled Channel '[id: 0x962315d1, L:/127.0.0.1:57817 - R:localhost/127.0.0.1:60279]' for 'POST' to 'http://localhost:60279/session/cffd393b-afea-441d-8448-067b5eaff7cc/element'
19:39:44.338 [Forwarding findElement on session cffd393b-afea-441d-8448-067b5eaff7cc to remote] DEBUG org.asynchttpclient.netty.request.NettyRequestSender - Using open Channel [id: 0x962315d1, L:/127.0.0.1:57817 - R:localhost/127.0.0.1:60279] for POST '/session/cffd393b-afea-441d-8448-067b5eaff7cc/element'
19:39:44.347 [AsyncHttpClient-1-4] DEBUG org.asynchttpclient.netty.handler.HttpHandler - 

Request DefaultHttpRequest(decodeResult: success, version: HTTP/1.1)
POST /session/cffd393b-afea-441d-8448-067b5eaff7cc/element HTTP/1.1
User-Agent: selenium/4.1.2 (java windows)
Content-Length: 105
Content-Type: application/json; charset=utf-8
host: localhost:60279
accept: */*

Response DefaultHttpResponse(decodeResult: success, version: HTTP/1.1)
HTTP/1.1 200 OK
content-type: application/json; charset=utf-8
cache-control: no-cache
date: Sun, 09 Apr 2023 12:39:44 GMT
content-length: 88

19:39:44.348 [AsyncHttpClient-1-4] DEBUG org.asynchttpclient.netty.channel.ChannelManager - Adding key: http://localhost:60279 for channel [id: 0x962315d1, L:/127.0.0.1:57817 - R:localhost/127.0.0.1:60279]
19:39:44.349 [Forwarding clickElement on session cffd393b-afea-441d-8448-067b5eaff7cc to remote] DEBUG org.asynchttpclient.netty.request.NettyRequestSender - Using pooled Channel '[id: 0x962315d1, L:/127.0.0.1:57817 - R:localhost/127.0.0.1:60279]' for 'POST' to 'http://localhost:60279/session/cffd393b-afea-441d-8448-067b5eaff7cc/element/bc164ca9-e082-407a-821c-75134f435170/click'
19:39:44.349 [Forwarding clickElement on session cffd393b-afea-441d-8448-067b5eaff7cc to remote] DEBUG org.asynchttpclient.netty.request.NettyRequestSender - Using open Channel [id: 0x962315d1, L:/127.0.0.1:57817 - R:localhost/127.0.0.1:60279] for POST '/session/cffd393b-afea-441d-8448-067b5eaff7cc/element/bc164ca9-e082-407a-821c-75134f435170/click'
19:39:44.794 [AsyncHttpClient-1-4] DEBUG org.asynchttpclient.netty.handler.HttpHandler - 

Request DefaultHttpRequest(decodeResult: success, version: HTTP/1.1)
POST /session/cffd393b-afea-441d-8448-067b5eaff7cc/element/bc164ca9-e082-407a-821c-75134f435170/click HTTP/1.1
User-Agent: selenium/4.1.2 (java windows)
Content-Length: 50
Content-Type: application/json; charset=utf-8
host: localhost:60279
accept: */*

Response DefaultHttpResponse(decodeResult: success, version: HTTP/1.1)
HTTP/1.1 200 OK
content-type: application/json; charset=utf-8
cache-control: no-cache
date: Sun, 09 Apr 2023 12:39:44 GMT
content-length: 14

19:39:44.794 [AsyncHttpClient-1-4] DEBUG org.asynchttpclient.netty.channel.ChannelManager - Adding key: http://localhost:60279 for channel [id: 0x962315d1, L:/127.0.0.1:57817 - R:localhost/127.0.0.1:60279]
  &amp#27;[32mWhen &amp#27;[0m&amp#27;[32mI will go to &amp#27;[0m&amp#27;[32m&amp#27;[1m"legging"&amp#27;[0m     &amp#27;[90m# starter.stepdefinitions.BabyStep.iWillGoTo(java.lang.String)&amp#27;[0m
19:39:44.799 [Forwarding screenshot on session cffd393b-afea-441d-8448-067b5eaff7cc to remote] DEBUG org.asynchttpclient.netty.request.NettyRequestSender - Using pooled Channel '[id: 0x962315d1, L:/127.0.0.1:57817 - R:localhost/127.0.0.1:60279]' for 'GET' to 'http://localhost:60279/session/cffd393b-afea-441d-8448-067b5eaff7cc/screenshot'
19:39:44.799 [Forwarding screenshot on session cffd393b-afea-441d-8448-067b5eaff7cc to remote] DEBUG org.asynchttpclient.netty.request.NettyRequestSender - Using open Channel [id: 0x962315d1, L:/127.0.0.1:57817 - R:localhost/127.0.0.1:60279] for GET '/session/cffd393b-afea-441d-8448-067b5eaff7cc/screenshot'
19:39:44.925 [AsyncHttpClient-1-4] DEBUG org.asynchttpclient.netty.handler.HttpHandler - 

Request DefaultFullHttpRequest(decodeResult: success, version: HTTP/1.1, content: EmptyByteBufBE)
GET /session/cffd393b-afea-441d-8448-067b5eaff7cc/screenshot HTTP/1.1
User-Agent: selenium/4.1.2 (java windows)
Cache-Control: no-cache
Content-Type: application/json; charset=utf-8
host: localhost:60279
accept: */*

Response DefaultHttpResponse(decodeResult: success, version: HTTP/1.1)
HTTP/1.1 200 OK
content-type: application/json; charset=utf-8
cache-control: no-cache
date: Sun, 09 Apr 2023 12:39:44 GMT
content-length: 79628

19:39:44.925 [AsyncHttpClient-1-4] DEBUG org.asynchttpclient.netty.channel.ChannelManager - Adding key: http://localhost:60279 for channel [id: 0x962315d1, L:/127.0.0.1:57817 - R:localhost/127.0.0.1:60279]
19:39:44.930 [main] DEBUG net.serenitybdd.core.photography.Darkroom - Send negative for processing for target\site\serenity\0a42d3ca15ae3ea5e12a8d8e08a7cfc3c1246a39aa8710d6a9431862efec2508.png
19:39:44.930 [Darkroom Processing Line] DEBUG net.serenitybdd.core.photography.DarkroomProcessingLine - Processing screenshot image in /var/screenshots/screenshot-13598044329293376366
19:39:44.930 [Darkroom Processing Line] DEBUG net.serenitybdd.core.photography.DarkroomProcessingLine - Saving screenshot to target\site\serenity\0a42d3ca15ae3ea5e12a8d8e08a7cfc3c1246a39aa8710d6a9431862efec2508.png
19:39:44.937 [Forwarding findElement on session cffd393b-afea-441d-8448-067b5eaff7cc to remote] DEBUG org.asynchttpclient.netty.request.NettyRequestSender - Using pooled Channel '[id: 0x962315d1, L:/127.0.0.1:57817 - R:localhost/127.0.0.1:60279]' for 'POST' to 'http://localhost:60279/session/cffd393b-afea-441d-8448-067b5eaff7cc/element'
19:39:44.938 [Forwarding findElement on session cffd393b-afea-441d-8448-067b5eaff7cc to remote] DEBUG org.asynchttpclient.netty.request.NettyRequestSender - Using open Channel [id: 0x962315d1, L:/127.0.0.1:57817 - R:localhost/127.0.0.1:60279] for POST '/session/cffd393b-afea-441d-8448-067b5eaff7cc/element'
19:39:44.944 [AsyncHttpClient-1-4] DEBUG org.asynchttpclient.netty.handler.HttpHandler - 

Request DefaultHttpRequest(decodeResult: success, version: HTTP/1.1)
POST /session/cffd393b-afea-441d-8448-067b5eaff7cc/element HTTP/1.1
User-Agent: selenium/4.1.2 (java windows)
Content-Length: 89
Content-Type: application/json; charset=utf-8
host: localhost:60279
accept: */*

Response DefaultHttpResponse(decodeResult: success, version: HTTP/1.1)
HTTP/1.1 200 OK
content-type: application/json; charset=utf-8
cache-control: no-cache
date: Sun, 09 Apr 2023 12:39:44 GMT
content-length: 88

19:39:44.944 [AsyncHttpClient-1-4] DEBUG org.asynchttpclient.netty.channel.ChannelManager - Adding key: http://localhost:60279 for channel [id: 0x962315d1, L:/127.0.0.1:57817 - R:localhost/127.0.0.1:60279]
19:39:44.947 [Forwarding isElementDisplayed on session cffd393b-afea-441d-8448-067b5eaff7cc to remote] DEBUG org.asynchttpclient.netty.request.NettyRequestSender - Using pooled Channel '[id: 0x962315d1, L:/127.0.0.1:57817 - R:localhost/127.0.0.1:60279]' for 'POST' to 'http://localhost:60279/session/cffd393b-afea-441d-8448-067b5eaff7cc/execute/sync'
19:39:44.947 [Forwarding isElementDisplayed on session cffd393b-afea-441d-8448-067b5eaff7cc to remote] DEBUG org.asynchttpclient.netty.request.NettyRequestSender - Using open Channel [id: 0x962315d1, L:/127.0.0.1:57817 - R:localhost/127.0.0.1:60279] for POST '/session/cffd393b-afea-441d-8448-067b5eaff7cc/execute/sync'
19:39:44.966 [AsyncHttpClient-1-4] DEBUG org.asynchttpclient.netty.handler.HttpHandler - 

Request DefaultHttpRequest(decodeResult: success, version: HTTP/1.1)
POST /session/cffd393b-afea-441d-8448-067b5eaff7cc/execute/sync HTTP/1.1
User-Agent: selenium/4.1.2 (java windows)
Content-Length: 48780
Content-Type: application/json; charset=utf-8
host: localhost:60279
accept: */*

Response DefaultHttpResponse(decodeResult: success, version: HTTP/1.1)
HTTP/1.1 200 OK
content-type: application/json; charset=utf-8
cache-control: no-cache
date: Sun, 09 Apr 2023 12:39:44 GMT
content-length: 14

19:39:44.966 [AsyncHttpClient-1-4] DEBUG org.asynchttpclient.netty.channel.ChannelManager - Adding key: http://localhost:60279 for channel [id: 0x962315d1, L:/127.0.0.1:57817 - R:localhost/127.0.0.1:60279]
  &amp#27;[32mAnd &amp#27;[0m&amp#27;[32mI &amp#27;[0m&amp#27;[32m&amp#27;[1m"txtLegging"&amp#27;[0m&amp#27;[32m page&amp#27;[0m         &amp#27;[90m# starter.stepdefinitions.BabyStep.iPage(java.lang.String)&amp#27;[0m
19:39:44.978 [Driver Command Executor] DEBUG org.asynchttpclient.netty.request.NettyRequestSender - Using pooled Channel '[id: 0x962315d1, L:/127.0.0.1:57817 - R:localhost/127.0.0.1:60279]' for 'DELETE' to 'http://localhost:60279/session/cffd393b-afea-441d-8448-067b5eaff7cc'
19:39:44.978 [Driver Command Executor] DEBUG org.asynchttpclient.netty.request.NettyRequestSender - Using open Channel [id: 0x962315d1, L:/127.0.0.1:57817 - R:localhost/127.0.0.1:60279] for DELETE '/session/cffd393b-afea-441d-8448-067b5eaff7cc'
19:39:45.782 [AsyncHttpClient-1-4] DEBUG org.asynchttpclient.netty.handler.HttpHandler - 

Request DefaultFullHttpRequest(decodeResult: success, version: HTTP/1.1, content: EmptyByteBufBE)
DELETE /session/cffd393b-afea-441d-8448-067b5eaff7cc HTTP/1.1
User-Agent: selenium/4.1.2 (java windows)
Content-Type: application/json; charset=utf-8
host: localhost:60279
accept: */*

Response DefaultHttpResponse(decodeResult: success, version: HTTP/1.1)
HTTP/1.1 200 OK
content-type: application/json; charset=utf-8
cache-control: no-cache
date: Sun, 09 Apr 2023 12:39:44 GMT
content-length: 14

19:39:45.782 [AsyncHttpClient-1-4] DEBUG org.asynchttpclient.netty.channel.ChannelManager - Adding key: http://localhost:60279 for channel [id: 0x962315d1, L:/127.0.0.1:57817 - R:localhost/127.0.0.1:60279]
19:39:45.785 [AsyncHttpClient-1-4] DEBUG org.asynchttpclient.netty.handler.HttpHandler - Unexpected I/O exception on channel [id: 0x962315d1, L:/127.0.0.1:57817 - R:localhost/127.0.0.1:60279]
java.net.SocketException: Connection reset
	at java.base/sun.nio.ch.SocketChannelImpl.throwConnectionReset(SocketChannelImpl.java:345)
	at java.base/sun.nio.ch.SocketChannelImpl.read(SocketChannelImpl.java:376)
	at io.netty.buffer.PooledByteBuf.setBytes(PooledByteBuf.java:258)
	at io.netty.buffer.AbstractByteBuf.writeBytes(AbstractByteBuf.java:1132)
	at io.netty.channel.socket.nio.NioSocketChannel.doReadBytes(NioSocketChannel.java:350)
	at io.netty.channel.nio.AbstractNioByteChannel$NioByteUnsafe.read(AbstractNioByteChannel.java:151)
	at io.netty.channel.nio.NioEventLoop.processSelectedKey(NioEventLoop.java:722)
	at io.netty.channel.nio.NioEventLoop.processSelectedKeysOptimized(NioEventLoop.java:658)
	at io.netty.channel.nio.NioEventLoop.processSelectedKeys(NioEventLoop.java:584)
	at io.netty.channel.nio.NioEventLoop.run(NioEventLoop.java:496)
	at io.netty.util.concurrent.SingleThreadEventExecutor$4.run(SingleThreadEventExecutor.java:986)
	at io.netty.util.internal.ThreadExecutorMap$2.run(ThreadExecutorMap.java:74)
	at io.netty.util.concurrent.FastThreadLocalRunnable.run(FastThreadLocalRunnable.java:30)
	at java.base/java.lang.Thread.run(Thread.java:830)
19:39:45.785 [AsyncHttpClient-1-4] DEBUG org.asynchttpclient.netty.channel.ChannelManager - Closing Channel [id: 0x962315d1, L:/127.0.0.1:57817 - R:localhost/127.0.0.1:60279] 
19:39:45.785 [AsyncHttpClient-1-4] DEBUG org.asynchttpclient.netty.handler.HttpHandler - Channel Closed: [id: 0x962315d1, L:/127.0.0.1:57817 ! R:localhost/127.0.0.1:60279] with attribute DISCARD
]]></system-out>
    <system-err><![CDATA[1681043977332	geckodriver	INFO	Listening on 127.0.0.1:60279
1681043977831	mozrunner::runner	INFO	Running command: "C:\\Program Files\\Mozilla Firefox\\firefox.exe" "--marionette" "" "--remote-debugging-port" "58342" "--remote-allow-hosts" "localhost" "-no-remote" "-profile" "C:\\Users\\alwi\\AppData\\Local\\Temp\\rust_mozprofile8xp7i5"
console.warn: services.settings: Ignoring preference override of remote settings server
console.warn: services.settings: Allow by setting MOZ_REMOTE_SETTINGS_DEVTOOLS=1 in the environment
1681043978182	Marionette	INFO	Marionette enabled
Dynamically enable window occlusion 0
1681043978187	Marionette	INFO	Listening on port 57820
WebDriver BiDi listening on ws://127.0.0.1:58342
Read port: 57820
1681043978547	RemoteAgent	WARN	TLS certificate errors will be ignored for this session
console.warn: SearchSettings: "get: No settings file exists, new profile?" (new NotFoundError("Could not open the file at C:\\Users\\alwi\\AppData\\Local\\Temp\\rust_mozprofile8xp7i5\\search.json.mozlz4", (void 0)))
DevTools listening on ws://127.0.0.1:58342/devtools/browser/1fdc9ea7-5eda-4220-87eb-4a52a0222695
Apr 09, 2023 7:39:40 PM org.openqa.selenium.remote.ProtocolHandshake createSession
INFO: Detected dialect: W3C
JavaScript warning: https://www.uniqlo.com/oQfZRN8zACRR/OQ/-x_RMR-EGX/k95OLrhJQ5/OXl6GHI5AQ/PnUdVS/RrZQs, line 1: unreachable code after return statement
JavaScript warning: https://www.uniqlo.com/id/elgnisolqinu.js?async&seed=AECl_mWHAQAAhXleUcVgnU2eEowETsYZDsExG9MVfyypS8j2a8yO2N_NY-zV&x-i1ysm4mm--z=q, line 1: WEBGL_debug_renderer_info is deprecated in Firefox and will be removed. Please use RENDERER.
JavaScript warning: https://www.uniqlo.com/oQfZRN8zACRR/OQ/-x_RMR-EGX/k95OLrhJQ5/OXl6GHI5AQ/PnUdVS/RrZQs, line 1: WEBGL_debug_renderer_info is deprecated in Firefox and will be removed. Please use RENDERER.
1681043984979	Marionette	INFO	Stopped listening on port 57820
Dynamically enable window occlusion 1
[Parent 14628, IPC I/O Parent] WARNING: DuplicateHandle failed for handle 0 in TransferHandles: file /builds/worker/checkouts/gecko/ipc/chromium/src/chrome/common/ipc_channel_win.cc:777
WARNING: A blocker encountered an error while we were waiting.
          Blocker:  Waiting for ping task
          Phase: TelemetryController: Waiting for pending ping activity
          State: (none)
WARNING: Error: Phase "profile-before-change" is finished, it is too late to register completion condition "OS.File: flush I/O queued before profileBeforeChange"
WARNING: addBlocker@resource://gre/modules/AsyncShutdown.sys.mjs:727:15
addBlocker@resource://gre/modules/AsyncShutdown.sys.mjs:523:26
addBlocker@resource://gre/modules/AsyncShutdown.sys.mjs:458:15
setupShutdown@resource://gre/modules/osfile/osfile_async_front.jsm:1548:28
@resource://gre/modules/osfile/osfile_async_front.jsm:1568:16
@resource://gre/modules/osfile.jsm:12:30
@resource://gre/modules/TelemetryStorage.sys.mjs:10:28
_checkPendingPings@resource://gre/modules/TelemetrySend.sys.mjs:863:17
setup@resource://gre/modules/TelemetrySend.sys.mjs:803:18
setup@resource://gre/modules/TelemetrySend.sys.mjs:241:30
setupTelemetry/this._delayedInitTask<@resource://gre/modules/TelemetryControllerParent.sys.mjs:828:36
observe@resource://gre/modules/AsyncShutdown.sys.mjs:576:16

console.error: "TelemetryScheduler.shutdown - Already shut down"
WARNING: A blocker encountered an error while we were waiting.
          Blocker:  Waiting for ping task
          Phase: TelemetryController: Waiting for pending ping activity
          State: (none)
WARNING: Error: Phase "profile-before-change" is finished, it is too late to register completion condition "OS.File: flush I/O queued before profileBeforeChange"
WARNING: addBlocker@resource://gre/modules/AsyncShutdown.sys.mjs:727:15
addBlocker@resource://gre/modules/AsyncShutdown.sys.mjs:523:26
addBlocker@resource://gre/modules/AsyncShutdown.sys.mjs:458:15
setupShutdown@resource://gre/modules/osfile/osfile_async_front.jsm:1548:28
@resource://gre/modules/osfile/osfile_async_front.jsm:1568:16
@resource://gre/modules/osfile.jsm:12:30
@resource://gre/modules/TelemetryStorage.sys.mjs:10:28
_checkPendingPings@resource://gre/modules/TelemetrySend.sys.mjs:863:17
setup@resource://gre/modules/TelemetrySend.sys.mjs:803:18
setup@resource://gre/modules/TelemetrySend.sys.mjs:241:30
setupTelemetry/this._delayedInitTask<@resource://gre/modules/TelemetryControllerParent.sys.mjs:828:36
observe@resource://gre/modules/AsyncShutdown.sys.mjs:576:16

WARNING: A blocker encountered an error while we were waiting.
          Blocker:  Waiting for ping task
          Phase: TelemetryController: Waiting for pending ping activity
          State: (none)
WARNING: Error: Phase "profile-before-change" is finished, it is too late to register completion condition "OS.File: flush I/O queued before profileBeforeChange"
WARNING: addBlocker@resource://gre/modules/AsyncShutdown.sys.mjs:727:15
addBlocker@resource://gre/modules/AsyncShutdown.sys.mjs:523:26
addBlocker@resource://gre/modules/AsyncShutdown.sys.mjs:458:15
setupShutdown@resource://gre/modules/osfile/osfile_async_front.jsm:1548:28
@resource://gre/modules/osfile/osfile_async_front.jsm:1568:16
@resource://gre/modules/osfile.jsm:12:30
@resource://gre/modules/TelemetryStorage.sys.mjs:10:28
_checkPendingPings@resource://gre/modules/TelemetrySend.sys.mjs:863:17
setup@resource://gre/modules/TelemetrySend.sys.mjs:803:18
setup@resource://gre/modules/TelemetrySend.sys.mjs:241:30
setupTelemetry/this._delayedInitTask<@resource://gre/modules/TelemetryControllerParent.sys.mjs:828:36
observe@resource://gre/modules/AsyncShutdown.sys.mjs:576:16

WARNING: A blocker encountered an error while we were waiting.
          Blocker:  TelemetryController: shutting down
          Phase: profile-before-change-telemetry
          State: Error getting state: Error: Phase "profile-before-change" is finished, it is too late to register completion condition "OS.File: flush I/O queued before profileBeforeChange" at addBlocker@resource://gre/modules/AsyncShutdown.sys.mjs:727:15
addBlocker@resource://gre/modules/AsyncShutdown.sys.mjs:523:26
addBlocker@resource://gre/modules/AsyncShutdown.sys.mjs:458:15
setupShutdown@resource://gre/modules/osfile/osfile_async_front.jsm:1548:28
@resource://gre/modules/osfile/osfile_async_front.jsm:1568:16
@resource://gre/modules/osfile.jsm:12:30
@resource://gre/modules/TelemetryStorage.sys.mjs:10:28
_checkPendingPings@resource://gre/modules/TelemetrySend.sys.mjs:863:17
setup@resource://gre/modules/TelemetrySend.sys.mjs:803:18
setup@resource://gre/modules/TelemetrySend.sys.mjs:241:30
setupTelemetry/this._delayedInitTask<@resource://gre/modules/TelemetryControllerParent.sys.mjs:828:36
observe@resource://gre/modules/AsyncShutdown.sys.mjs:576:16

WARNING: Error: Phase "profile-before-change" is finished, it is too late to register completion condition "OS.File: flush I/O queued before profileBeforeChange"
WARNING: addBlocker@resource://gre/modules/AsyncShutdown.sys.mjs:72J7a:15v
aaSdcdriBplto cekrerro@rr:e sroeusrcoeu:r/c/e:/g/rger/em/omdoudluelse/sA/sAynscynSchShuuttddown.soywsn..msjyss.:m5j2s3,: 26li
naed d7B2l7oc:k eErr@rreosro:u rPchea:se/ /"gprroef/imolduel-ebse/AfsoynrceShutd-ownc.shyas.nmgjse": 4is5 8f:i1n5is
hseedt,u piShtu tidso wtno@or elastoeu rtcoe :r/e/ggisterr ec/omodmuplleest/ioosnf icloen/doistfiiole_asny "ncO_Sf.Friolnet: .fjlussmh: 1I5/O4 8q:u2e8ue
d@ rbeesfoourrec epr:o/f/iglreeBe/fomroeCdulehsan/goes"fi
le/osfile_asJyanvca_Sfcrroinptt. jesrm:r1o5r:6 8r:e1so6ur
c@e:r/e/sgorue/rmcoed:u/le/sgre//AmsoydnulceSsh/utodsofwinl.es.yjss.mmj:s1, 2l:i3ne0 7
2@7r:e sEorurrocre:: /P/hgarsee/ "prmoofdiluel-ebse/fToerlee-mcheantgrySet"o riasge. sfyisn.imshjesd:, 1it0 :i2s8 
t_ocoh elcakteP etnod irenggiPsitnegrs@ rceosmpletion conditionou r"cOeS.File::/ /fglrues/hm odIu/lOe sq/uTeeuleedm ebterfyoSree npdr.osfyisl.eBmejfso:r8e6C3h:a1n7
gsee"tup
@JraevsaoSucrcrei://gptr e/emordurloers:/T elremeestoruyrSceen:d/./gsryse./mmjosd:u8l0e3s:/1A8sy
ncShustedtouwpn@.rsesouyrsc.em:j/s/gr,e/mod ulliense 7/2T7e:l emEertrroyrS:e nPdh.asys.smej s":p2r4o1f:i3l0e-
bseeftoruep-Tcehleamnegter"y i/st his._fdineilsahyeedd,I niitt Tiass tko<o@ rleastoeu rtceo :/r/eggriset/emro dcuolmepsl/Teetlieomne tcornydCiotnitorno l"lOSe.rFPareinlte.:s yfluss.hm jIs/:O8 2q8u:e3u6ed
ob sbeerfvoer@e prreosfoiulrecBee:fo/r/egCrhea/nmgoed"ules/
AsyncJShautvdoawSnc.rsyisp.tm jesr:r5o76r::1 6re
so
urce://gre/modules/AsyncShutdown.sys.mjs, line 727: Error: Phase "profile-before-change" is finished, it is too late to register completion condition "OS.File: flush I/O queued before profileBeforeChange"
JavaScript error: resource://gre/modules/AsyncShutdown.sys.mjs, line 727: Error: Phase "profile-before-change" is finished, it is too late to register completion condition "OS.File: flush I/O queued before profileBeforeChange"
JavaScript error: resource://gre/modules/AsyncShutdown.sys.mjs, line 727: Error: Phase "profile-before-change" is finished, it is too late to register completion condition "OS.File: flush I/O queued before profileBeforeChange"
]]></system-err>
  </testcase>
  <testcase name="Fitur Menu Baby #10" classname="Baby" time="8.969">
    <system-out><![CDATA[
@baby
Scenario Outline: Fitur Menu Baby &amp#27;[90m# src/test/resources/features/Baby.feature:22&amp#27;[0m
19:39:45.854 [main] INFO io.cucumber.core.plugin.SerenityReporter - Running feature from file:///C:/Users/alwi/IdeaProjects/uniqloweb/src/test/resources/features/Baby.feature
19:39:45.880 [main] INFO net.serenitybdd.core.webdriver.driverproviders.FirefoxDriverProvider - Using automatically driver download
19:39:45.986 [main] DEBUG io.github.bonigarcia.wdm.cache.ResolutionCache - Resolution firefox=111 in cache (valid until 20:30:50 09/04/2023 WIB)
19:39:45.990 [main] DEBUG io.github.bonigarcia.wdm.cache.ResolutionCache - Resolution firefox111=0.32.2 in cache (valid until 19:30:50 10/04/2023 WIB)
19:39:45.992 [main] INFO io.github.bonigarcia.wdm.WebDriverManager - Using geckodriver 0.32.2 (resolved driver for Firefox 111)
19:39:46.006 [main] DEBUG io.github.bonigarcia.wdm.WebDriverManager - Driver geckodriver 0.32.2 found in cache
19:39:46.007 [main] INFO io.github.bonigarcia.wdm.WebDriverManager - Exporting webdriver.gecko.driver as C:\Users\alwi\.cache\selenium\geckodriver\win64\0.32.2\geckodriver.exe
19:39:46.028 [main] DEBUG net.serenitybdd.core.webdriver.driverproviders.ProvideNewDriver - Instantiating driver
19:39:46.028 [main] DEBUG net.serenitybdd.core.webdriver.driverproviders.ProvideNewDriver - Driver capabilities: Capabilities {acceptInsecureCerts: true, browserName: firefox, moz:debuggerAddress: true, moz:firefoxOptions: {args: [], profile: UEsDBBQACAgIAPeciVYAAAAAAAA...}}
19:39:46.125 [AsyncHttpClient-1-1] DEBUG org.asynchttpclient.netty.channel.DefaultChannelPool - Entry count for : http://localhost:60279 : 1
19:39:46.125 [AsyncHttpClient-1-1] DEBUG org.asynchttpclient.netty.channel.DefaultChannelPool - Adding Candidate expired Channel [id: 0x962315d1, L:/127.0.0.1:57817 ! R:localhost/127.0.0.1:60279] isIdleTimeoutExpired=false isRemotelyClosed=true isTtlExpired=false
19:39:46.125 [AsyncHttpClient-1-1] DEBUG org.asynchttpclient.netty.channel.DefaultChannelPool - Closing Idle Channel [id: 0x962315d1, L:/127.0.0.1:57817 ! R:localhost/127.0.0.1:60279]
19:39:46.125 [AsyncHttpClient-1-1] DEBUG org.asynchttpclient.netty.channel.DefaultChannelPool - Closed 1 connections out of 1 in 0 ms
19:39:46.572 [AsyncHttpClient-1-6] DEBUG org.asynchttpclient.netty.channel.NettyConnectListener - Using new Channel '[id: 0xd43dce24, L:/127.0.0.1:57887 - R:localhost/127.0.0.1:52969]' for 'POST' to '/session'
19:39:48.906 [AsyncHttpClient-1-6] DEBUG org.asynchttpclient.netty.handler.HttpHandler - 

Request DefaultHttpRequest(decodeResult: success, version: HTTP/1.1)
POST /session HTTP/1.1
User-Agent: selenium/4.1.2 (java windows)
Content-Length: 3673
Content-Type: application/json; charset=utf-8
host: localhost:52969
accept: */*

Response DefaultHttpResponse(decodeResult: success, version: HTTP/1.1)
HTTP/1.1 200 OK
content-type: application/json; charset=utf-8
cache-control: no-cache
date: Sun, 09 Apr 2023 12:39:46 GMT
content-length: 789

19:39:48.907 [AsyncHttpClient-1-6] DEBUG org.asynchttpclient.netty.channel.ChannelManager - Adding key: http://localhost:52969 for channel [id: 0xd43dce24, L:/127.0.0.1:57887 - R:localhost/127.0.0.1:52969]
19:39:48.916 [AsyncHttpClient-1-7] DEBUG org.asynchttpclient.netty.channel.NettyConnectListener - Using new Channel '[id: 0x4cf16553, L:/127.0.0.1:57902 - R:/127.0.0.1:53847]' for 'GET' to '/json/version'
19:39:48.920 [AsyncHttpClient-1-7] DEBUG org.asynchttpclient.netty.handler.HttpHandler - 

Request DefaultFullHttpRequest(decodeResult: success, version: HTTP/1.1, content: EmptyByteBufBE)
GET /json/version HTTP/1.1
User-Agent: selenium/4.1.2 (java windows)
host: 127.0.0.1:53847
accept: */*

Response DefaultHttpResponse(decodeResult: success, version: HTTP/1.1)
HTTP/1.1 200 OK
content-type: application/json
connection: close
server: httpd.js
date: Sun, 09 Apr 2023 12:39:48 GMT
content-length: 311

19:39:48.920 [AsyncHttpClient-1-7] DEBUG org.asynchttpclient.netty.channel.ChannelManager - Closing Channel [id: 0x4cf16553, L:/127.0.0.1:57902 - R:/127.0.0.1:53847] 
19:39:48.920 [AsyncHttpClient-1-7] DEBUG org.asynchttpclient.netty.handler.HttpHandler - Channel Closed: [id: 0x4cf16553, L:/127.0.0.1:57902 ! R:/127.0.0.1:53847] with attribute DISCARD
19:39:48.922 [Forwarding get on session 60da86a2-016f-4b86-a0bb-8c5e96c8419a to remote] DEBUG org.asynchttpclient.netty.request.NettyRequestSender - Using pooled Channel '[id: 0xd43dce24, L:/127.0.0.1:57887 - R:localhost/127.0.0.1:52969]' for 'POST' to 'http://localhost:52969/session/60da86a2-016f-4b86-a0bb-8c5e96c8419a/url'
19:39:48.922 [Forwarding get on session 60da86a2-016f-4b86-a0bb-8c5e96c8419a to remote] DEBUG org.asynchttpclient.netty.request.NettyRequestSender - Using open Channel [id: 0xd43dce24, L:/127.0.0.1:57887 - R:localhost/127.0.0.1:52969] for POST '/session/60da86a2-016f-4b86-a0bb-8c5e96c8419a/url'
19:39:50.773 [AsyncHttpClient-1-6] DEBUG org.asynchttpclient.netty.handler.HttpHandler - 

Request DefaultHttpRequest(decodeResult: success, version: HTTP/1.1)
POST /session/60da86a2-016f-4b86-a0bb-8c5e96c8419a/url HTTP/1.1
User-Agent: selenium/4.1.2 (java windows)
Content-Length: 53
Content-Type: application/json; charset=utf-8
host: localhost:52969
accept: */*

Response DefaultHttpResponse(decodeResult: success, version: HTTP/1.1)
HTTP/1.1 200 OK
content-type: application/json; charset=utf-8
cache-control: no-cache
date: Sun, 09 Apr 2023 12:39:48 GMT
content-length: 14

19:39:50.773 [AsyncHttpClient-1-6] DEBUG org.asynchttpclient.netty.channel.ChannelManager - Adding key: http://localhost:52969 for channel [id: 0xd43dce24, L:/127.0.0.1:57887 - R:localhost/127.0.0.1:52969]
19:39:50.775 [Forwarding setTimeout on session 60da86a2-016f-4b86-a0bb-8c5e96c8419a to remote] DEBUG org.asynchttpclient.netty.request.NettyRequestSender - Using pooled Channel '[id: 0xd43dce24, L:/127.0.0.1:57887 - R:localhost/127.0.0.1:52969]' for 'POST' to 'http://localhost:52969/session/60da86a2-016f-4b86-a0bb-8c5e96c8419a/timeouts'
19:39:50.775 [Forwarding setTimeout on session 60da86a2-016f-4b86-a0bb-8c5e96c8419a to remote] DEBUG org.asynchttpclient.netty.request.NettyRequestSender - Using open Channel [id: 0xd43dce24, L:/127.0.0.1:57887 - R:localhost/127.0.0.1:52969] for POST '/session/60da86a2-016f-4b86-a0bb-8c5e96c8419a/timeouts'
19:39:50.778 [AsyncHttpClient-1-6] DEBUG org.asynchttpclient.netty.handler.HttpHandler - 

Request DefaultHttpRequest(decodeResult: success, version: HTTP/1.1)
POST /session/60da86a2-016f-4b86-a0bb-8c5e96c8419a/timeouts HTTP/1.1
User-Agent: selenium/4.1.2 (java windows)
Content-Length: 22
Content-Type: application/json; charset=utf-8
host: localhost:52969
accept: */*

Response DefaultHttpResponse(decodeResult: success, version: HTTP/1.1)
HTTP/1.1 200 OK
content-type: application/json; charset=utf-8
cache-control: no-cache
date: Sun, 09 Apr 2023 12:39:50 GMT
content-length: 14

19:39:50.778 [AsyncHttpClient-1-6] DEBUG org.asynchttpclient.netty.channel.ChannelManager - Adding key: http://localhost:52969 for channel [id: 0xd43dce24, L:/127.0.0.1:57887 - R:localhost/127.0.0.1:52969]
19:39:50.782 [Forwarding getCurrentUrl on session 60da86a2-016f-4b86-a0bb-8c5e96c8419a to remote] DEBUG org.asynchttpclient.netty.request.NettyRequestSender - Using pooled Channel '[id: 0xd43dce24, L:/127.0.0.1:57887 - R:localhost/127.0.0.1:52969]' for 'GET' to 'http://localhost:52969/session/60da86a2-016f-4b86-a0bb-8c5e96c8419a/url'
19:39:50.782 [Forwarding getCurrentUrl on session 60da86a2-016f-4b86-a0bb-8c5e96c8419a to remote] DEBUG org.asynchttpclient.netty.request.NettyRequestSender - Using open Channel [id: 0xd43dce24, L:/127.0.0.1:57887 - R:localhost/127.0.0.1:52969] for GET '/session/60da86a2-016f-4b86-a0bb-8c5e96c8419a/url'
19:39:50.789 [AsyncHttpClient-1-6] DEBUG org.asynchttpclient.netty.handler.HttpHandler - 

Request DefaultFullHttpRequest(decodeResult: success, version: HTTP/1.1, content: EmptyByteBufBE)
GET /session/60da86a2-016f-4b86-a0bb-8c5e96c8419a/url HTTP/1.1
User-Agent: selenium/4.1.2 (java windows)
Cache-Control: no-cache
Content-Type: application/json; charset=utf-8
host: localhost:52969
accept: */*

Response DefaultHttpResponse(decodeResult: success, version: HTTP/1.1)
HTTP/1.1 200 OK
content-type: application/json; charset=utf-8
cache-control: no-cache
date: Sun, 09 Apr 2023 12:39:50 GMT
content-length: 41

19:39:50.789 [AsyncHttpClient-1-6] DEBUG org.asynchttpclient.netty.channel.ChannelManager - Adding key: http://localhost:52969 for channel [id: 0xd43dce24, L:/127.0.0.1:57887 - R:localhost/127.0.0.1:52969]
  &amp#27;[32mGiven &amp#27;[0m&amp#27;[32mI am on the home page&amp#27;[0m     &amp#27;[90m# starter.stepdefinitions.BabyStep.iAmOnTheHomePage()&amp#27;[0m
19:39:50.795 [Forwarding screenshot on session 60da86a2-016f-4b86-a0bb-8c5e96c8419a to remote] DEBUG org.asynchttpclient.netty.request.NettyRequestSender - Using pooled Channel '[id: 0xd43dce24, L:/127.0.0.1:57887 - R:localhost/127.0.0.1:52969]' for 'GET' to 'http://localhost:52969/session/60da86a2-016f-4b86-a0bb-8c5e96c8419a/screenshot'
19:39:50.795 [Forwarding screenshot on session 60da86a2-016f-4b86-a0bb-8c5e96c8419a to remote] DEBUG org.asynchttpclient.netty.request.NettyRequestSender - Using open Channel [id: 0xd43dce24, L:/127.0.0.1:57887 - R:localhost/127.0.0.1:52969] for GET '/session/60da86a2-016f-4b86-a0bb-8c5e96c8419a/screenshot'
19:39:51.567 [AsyncHttpClient-1-6] DEBUG org.asynchttpclient.netty.handler.HttpHandler - 

Request DefaultFullHttpRequest(decodeResult: success, version: HTTP/1.1, content: EmptyByteBufBE)
GET /session/60da86a2-016f-4b86-a0bb-8c5e96c8419a/screenshot HTTP/1.1
User-Agent: selenium/4.1.2 (java windows)
Cache-Control: no-cache
Content-Type: application/json; charset=utf-8
host: localhost:52969
accept: */*

Response DefaultHttpResponse(decodeResult: success, version: HTTP/1.1)
HTTP/1.1 200 OK
content-type: application/json; charset=utf-8
cache-control: no-cache
date: Sun, 09 Apr 2023 12:39:50 GMT
content-length: 101768

19:39:51.567 [AsyncHttpClient-1-6] DEBUG org.asynchttpclient.netty.channel.ChannelManager - Adding key: http://localhost:52969 for channel [id: 0xd43dce24, L:/127.0.0.1:57887 - R:localhost/127.0.0.1:52969]
19:39:51.571 [main] DEBUG net.serenitybdd.core.photography.Darkroom - Send negative for processing for target\site\serenity\fba42504a5c8d2ebb1eac08006293b5580d207e80f8883e90094102e35399500.png
19:39:51.580 [Forwarding findElement on session 60da86a2-016f-4b86-a0bb-8c5e96c8419a to remote] DEBUG org.asynchttpclient.netty.request.NettyRequestSender - Using pooled Channel '[id: 0xd43dce24, L:/127.0.0.1:57887 - R:localhost/127.0.0.1:52969]' for 'POST' to 'http://localhost:52969/session/60da86a2-016f-4b86-a0bb-8c5e96c8419a/element'
19:39:51.580 [Forwarding findElement on session 60da86a2-016f-4b86-a0bb-8c5e96c8419a to remote] DEBUG org.asynchttpclient.netty.request.NettyRequestSender - Using open Channel [id: 0xd43dce24, L:/127.0.0.1:57887 - R:localhost/127.0.0.1:52969] for POST '/session/60da86a2-016f-4b86-a0bb-8c5e96c8419a/element'
19:39:51.621 [AsyncHttpClient-1-6] DEBUG org.asynchttpclient.netty.handler.HttpHandler - 

Request DefaultHttpRequest(decodeResult: success, version: HTTP/1.1)
POST /session/60da86a2-016f-4b86-a0bb-8c5e96c8419a/element HTTP/1.1
User-Agent: selenium/4.1.2 (java windows)
Content-Length: 81
Content-Type: application/json; charset=utf-8
host: localhost:52969
accept: */*

Response DefaultHttpResponse(decodeResult: success, version: HTTP/1.1)
HTTP/1.1 200 OK
content-type: application/json; charset=utf-8
cache-control: no-cache
date: Sun, 09 Apr 2023 12:39:50 GMT
content-length: 88

19:39:51.621 [AsyncHttpClient-1-6] DEBUG org.asynchttpclient.netty.channel.ChannelManager - Adding key: http://localhost:52969 for channel [id: 0xd43dce24, L:/127.0.0.1:57887 - R:localhost/127.0.0.1:52969]
19:39:51.623 [Forwarding getElementTagName on session 60da86a2-016f-4b86-a0bb-8c5e96c8419a to remote] DEBUG org.asynchttpclient.netty.request.NettyRequestSender - Using pooled Channel '[id: 0xd43dce24, L:/127.0.0.1:57887 - R:localhost/127.0.0.1:52969]' for 'GET' to 'http://localhost:52969/session/60da86a2-016f-4b86-a0bb-8c5e96c8419a/element/b6997b29-f8c5-4797-aac3-81acfd6608e4/name'
19:39:51.623 [Forwarding getElementTagName on session 60da86a2-016f-4b86-a0bb-8c5e96c8419a to remote] DEBUG org.asynchttpclient.netty.request.NettyRequestSender - Using open Channel [id: 0xd43dce24, L:/127.0.0.1:57887 - R:localhost/127.0.0.1:52969] for GET '/session/60da86a2-016f-4b86-a0bb-8c5e96c8419a/element/b6997b29-f8c5-4797-aac3-81acfd6608e4/name'
19:39:51.680 [AsyncHttpClient-1-6] DEBUG org.asynchttpclient.netty.handler.HttpHandler - 

Request DefaultFullHttpRequest(decodeResult: success, version: HTTP/1.1, content: EmptyByteBufBE)
GET /session/60da86a2-016f-4b86-a0bb-8c5e96c8419a/element/b6997b29-f8c5-4797-aac3-81acfd6608e4/name HTTP/1.1
User-Agent: selenium/4.1.2 (java windows)
Cache-Control: no-cache
Content-Type: application/json; charset=utf-8
host: localhost:52969
accept: */*

Response DefaultHttpResponse(decodeResult: success, version: HTTP/1.1)
HTTP/1.1 200 OK
content-type: application/json; charset=utf-8
cache-control: no-cache
date: Sun, 09 Apr 2023 12:39:50 GMT
content-length: 16

19:39:51.680 [AsyncHttpClient-1-6] DEBUG org.asynchttpclient.netty.channel.ChannelManager - Adding key: http://localhost:52969 for channel [id: 0xd43dce24, L:/127.0.0.1:57887 - R:localhost/127.0.0.1:52969]
19:39:51.682 [Forwarding getElementTagName on session 60da86a2-016f-4b86-a0bb-8c5e96c8419a to remote] DEBUG org.asynchttpclient.netty.request.NettyRequestSender - Using pooled Channel '[id: 0xd43dce24, L:/127.0.0.1:57887 - R:localhost/127.0.0.1:52969]' for 'GET' to 'http://localhost:52969/session/60da86a2-016f-4b86-a0bb-8c5e96c8419a/element/b6997b29-f8c5-4797-aac3-81acfd6608e4/name'
19:39:51.682 [Forwarding getElementTagName on session 60da86a2-016f-4b86-a0bb-8c5e96c8419a to remote] DEBUG org.asynchttpclient.netty.request.NettyRequestSender - Using open Channel [id: 0xd43dce24, L:/127.0.0.1:57887 - R:localhost/127.0.0.1:52969] for GET '/session/60da86a2-016f-4b86-a0bb-8c5e96c8419a/element/b6997b29-f8c5-4797-aac3-81acfd6608e4/name'
19:39:51.755 [AsyncHttpClient-1-6] DEBUG org.asynchttpclient.netty.handler.HttpHandler - 

Request DefaultFullHttpRequest(decodeResult: success, version: HTTP/1.1, content: EmptyByteBufBE)
GET /session/60da86a2-016f-4b86-a0bb-8c5e96c8419a/element/b6997b29-f8c5-4797-aac3-81acfd6608e4/name HTTP/1.1
User-Agent: selenium/4.1.2 (java windows)
Cache-Control: no-cache
Content-Type: application/json; charset=utf-8
host: localhost:52969
accept: */*

Response DefaultHttpResponse(decodeResult: success, version: HTTP/1.1)
HTTP/1.1 200 OK
content-type: application/json; charset=utf-8
cache-control: no-cache
date: Sun, 09 Apr 2023 12:39:50 GMT
content-length: 16

19:39:51.755 [AsyncHttpClient-1-6] DEBUG org.asynchttpclient.netty.channel.ChannelManager - Adding key: http://localhost:52969 for channel [id: 0xd43dce24, L:/127.0.0.1:57887 - R:localhost/127.0.0.1:52969]
19:39:51.759 [Forwarding findElement on session 60da86a2-016f-4b86-a0bb-8c5e96c8419a to remote] DEBUG org.asynchttpclient.netty.request.NettyRequestSender - Using pooled Channel '[id: 0xd43dce24, L:/127.0.0.1:57887 - R:localhost/127.0.0.1:52969]' for 'POST' to 'http://localhost:52969/session/60da86a2-016f-4b86-a0bb-8c5e96c8419a/element'
19:39:51.759 [Forwarding findElement on session 60da86a2-016f-4b86-a0bb-8c5e96c8419a to remote] DEBUG org.asynchttpclient.netty.request.NettyRequestSender - Using open Channel [id: 0xd43dce24, L:/127.0.0.1:57887 - R:localhost/127.0.0.1:52969] for POST '/session/60da86a2-016f-4b86-a0bb-8c5e96c8419a/element'
19:39:51.783 [AsyncHttpClient-1-6] DEBUG org.asynchttpclient.netty.handler.HttpHandler - 

Request DefaultHttpRequest(decodeResult: success, version: HTTP/1.1)
POST /session/60da86a2-016f-4b86-a0bb-8c5e96c8419a/element HTTP/1.1
User-Agent: selenium/4.1.2 (java windows)
Content-Length: 81
Content-Type: application/json; charset=utf-8
host: localhost:52969
accept: */*

Response DefaultHttpResponse(decodeResult: success, version: HTTP/1.1)
HTTP/1.1 200 OK
content-type: application/json; charset=utf-8
cache-control: no-cache
date: Sun, 09 Apr 2023 12:39:50 GMT
content-length: 88

19:39:51.783 [AsyncHttpClient-1-6] DEBUG org.asynchttpclient.netty.channel.ChannelManager - Adding key: http://localhost:52969 for channel [id: 0xd43dce24, L:/127.0.0.1:57887 - R:localhost/127.0.0.1:52969]
19:39:51.786 [Forwarding clickElement on session 60da86a2-016f-4b86-a0bb-8c5e96c8419a to remote] DEBUG org.asynchttpclient.netty.request.NettyRequestSender - Using pooled Channel '[id: 0xd43dce24, L:/127.0.0.1:57887 - R:localhost/127.0.0.1:52969]' for 'POST' to 'http://localhost:52969/session/60da86a2-016f-4b86-a0bb-8c5e96c8419a/element/b6997b29-f8c5-4797-aac3-81acfd6608e4/click'
19:39:51.786 [Forwarding clickElement on session 60da86a2-016f-4b86-a0bb-8c5e96c8419a to remote] DEBUG org.asynchttpclient.netty.request.NettyRequestSender - Using open Channel [id: 0xd43dce24, L:/127.0.0.1:57887 - R:localhost/127.0.0.1:52969] for POST '/session/60da86a2-016f-4b86-a0bb-8c5e96c8419a/element/b6997b29-f8c5-4797-aac3-81acfd6608e4/click'
19:39:52.529 [AsyncHttpClient-1-6] DEBUG org.asynchttpclient.netty.handler.HttpHandler - 

Request DefaultHttpRequest(decodeResult: success, version: HTTP/1.1)
POST /session/60da86a2-016f-4b86-a0bb-8c5e96c8419a/element/b6997b29-f8c5-4797-aac3-81acfd6608e4/click HTTP/1.1
User-Agent: selenium/4.1.2 (java windows)
Content-Length: 50
Content-Type: application/json; charset=utf-8
host: localhost:52969
accept: */*

Response DefaultHttpResponse(decodeResult: success, version: HTTP/1.1)
HTTP/1.1 200 OK
content-type: application/json; charset=utf-8
cache-control: no-cache
date: Sun, 09 Apr 2023 12:39:51 GMT
content-length: 14

19:39:52.529 [AsyncHttpClient-1-6] DEBUG org.asynchttpclient.netty.channel.ChannelManager - Adding key: http://localhost:52969 for channel [id: 0xd43dce24, L:/127.0.0.1:57887 - R:localhost/127.0.0.1:52969]
  &amp#27;[32mThen &amp#27;[0m&amp#27;[32mI click baby on the header&amp#27;[0m &amp#27;[90m# starter.stepdefinitions.BabyStep.iClickBabyOnTheHeader()&amp#27;[0m
19:39:52.538 [Forwarding screenshot on session 60da86a2-016f-4b86-a0bb-8c5e96c8419a to remote] DEBUG org.asynchttpclient.netty.request.NettyRequestSender - Using pooled Channel '[id: 0xd43dce24, L:/127.0.0.1:57887 - R:localhost/127.0.0.1:52969]' for 'GET' to 'http://localhost:52969/session/60da86a2-016f-4b86-a0bb-8c5e96c8419a/screenshot'
19:39:52.538 [Forwarding screenshot on session 60da86a2-016f-4b86-a0bb-8c5e96c8419a to remote] DEBUG org.asynchttpclient.netty.request.NettyRequestSender - Using open Channel [id: 0xd43dce24, L:/127.0.0.1:57887 - R:localhost/127.0.0.1:52969] for GET '/session/60da86a2-016f-4b86-a0bb-8c5e96c8419a/screenshot'
19:39:52.676 [AsyncHttpClient-1-6] DEBUG org.asynchttpclient.netty.handler.HttpHandler - 

Request DefaultFullHttpRequest(decodeResult: success, version: HTTP/1.1, content: EmptyByteBufBE)
GET /session/60da86a2-016f-4b86-a0bb-8c5e96c8419a/screenshot HTTP/1.1
User-Agent: selenium/4.1.2 (java windows)
Cache-Control: no-cache
Content-Type: application/json; charset=utf-8
host: localhost:52969
accept: */*

Response DefaultHttpResponse(decodeResult: success, version: HTTP/1.1)
HTTP/1.1 200 OK
content-type: application/json; charset=utf-8
cache-control: no-cache
date: Sun, 09 Apr 2023 12:39:51 GMT
content-length: 98024

19:39:52.677 [AsyncHttpClient-1-6] DEBUG org.asynchttpclient.netty.channel.ChannelManager - Adding key: http://localhost:52969 for channel [id: 0xd43dce24, L:/127.0.0.1:57887 - R:localhost/127.0.0.1:52969]
19:39:52.686 [main] DEBUG net.serenitybdd.core.photography.Darkroom - Send negative for processing for target\site\serenity\bcb9a8d665d2c58a930e922f816fcc3ebc2aef855b882f3d531e7c9aa320b06d.png
19:39:52.705 [Forwarding findElement on session 60da86a2-016f-4b86-a0bb-8c5e96c8419a to remote] DEBUG org.asynchttpclient.netty.request.NettyRequestSender - Using pooled Channel '[id: 0xd43dce24, L:/127.0.0.1:57887 - R:localhost/127.0.0.1:52969]' for 'POST' to 'http://localhost:52969/session/60da86a2-016f-4b86-a0bb-8c5e96c8419a/element'
19:39:52.706 [Forwarding findElement on session 60da86a2-016f-4b86-a0bb-8c5e96c8419a to remote] DEBUG org.asynchttpclient.netty.request.NettyRequestSender - Using open Channel [id: 0xd43dce24, L:/127.0.0.1:57887 - R:localhost/127.0.0.1:52969] for POST '/session/60da86a2-016f-4b86-a0bb-8c5e96c8419a/element'
19:39:52.761 [AsyncHttpClient-1-6] DEBUG org.asynchttpclient.netty.handler.HttpHandler - 

Request DefaultHttpRequest(decodeResult: success, version: HTTP/1.1)
POST /session/60da86a2-016f-4b86-a0bb-8c5e96c8419a/element HTTP/1.1
User-Agent: selenium/4.1.2 (java windows)
Content-Length: 117
Content-Type: application/json; charset=utf-8
host: localhost:52969
accept: */*

Response DefaultHttpResponse(decodeResult: success, version: HTTP/1.1)
HTTP/1.1 200 OK
content-type: application/json; charset=utf-8
cache-control: no-cache
date: Sun, 09 Apr 2023 12:39:51 GMT
content-length: 88

19:39:52.761 [AsyncHttpClient-1-6] DEBUG org.asynchttpclient.netty.channel.ChannelManager - Adding key: http://localhost:52969 for channel [id: 0xd43dce24, L:/127.0.0.1:57887 - R:localhost/127.0.0.1:52969]
19:39:52.764 [Forwarding getElementTagName on session 60da86a2-016f-4b86-a0bb-8c5e96c8419a to remote] DEBUG org.asynchttpclient.netty.request.NettyRequestSender - Using pooled Channel '[id: 0xd43dce24, L:/127.0.0.1:57887 - R:localhost/127.0.0.1:52969]' for 'GET' to 'http://localhost:52969/session/60da86a2-016f-4b86-a0bb-8c5e96c8419a/element/898ecec1-5099-4462-a776-c2fa8f239408/name'
19:39:52.764 [Forwarding getElementTagName on session 60da86a2-016f-4b86-a0bb-8c5e96c8419a to remote] DEBUG org.asynchttpclient.netty.request.NettyRequestSender - Using open Channel [id: 0xd43dce24, L:/127.0.0.1:57887 - R:localhost/127.0.0.1:52969] for GET '/session/60da86a2-016f-4b86-a0bb-8c5e96c8419a/element/898ecec1-5099-4462-a776-c2fa8f239408/name'
19:39:52.795 [AsyncHttpClient-1-6] DEBUG org.asynchttpclient.netty.handler.HttpHandler - 

Request DefaultFullHttpRequest(decodeResult: success, version: HTTP/1.1, content: EmptyByteBufBE)
GET /session/60da86a2-016f-4b86-a0bb-8c5e96c8419a/element/898ecec1-5099-4462-a776-c2fa8f239408/name HTTP/1.1
User-Agent: selenium/4.1.2 (java windows)
Cache-Control: no-cache
Content-Type: application/json; charset=utf-8
host: localhost:52969
accept: */*

Response DefaultHttpResponse(decodeResult: success, version: HTTP/1.1)
HTTP/1.1 200 OK
content-type: application/json; charset=utf-8
cache-control: no-cache
date: Sun, 09 Apr 2023 12:39:51 GMT
content-length: 16

19:39:52.795 [AsyncHttpClient-1-6] DEBUG org.asynchttpclient.netty.channel.ChannelManager - Adding key: http://localhost:52969 for channel [id: 0xd43dce24, L:/127.0.0.1:57887 - R:localhost/127.0.0.1:52969]
19:39:52.796 [Forwarding getElementTagName on session 60da86a2-016f-4b86-a0bb-8c5e96c8419a to remote] DEBUG org.asynchttpclient.netty.request.NettyRequestSender - Using pooled Channel '[id: 0xd43dce24, L:/127.0.0.1:57887 - R:localhost/127.0.0.1:52969]' for 'GET' to 'http://localhost:52969/session/60da86a2-016f-4b86-a0bb-8c5e96c8419a/element/898ecec1-5099-4462-a776-c2fa8f239408/name'
19:39:52.796 [Forwarding getElementTagName on session 60da86a2-016f-4b86-a0bb-8c5e96c8419a to remote] DEBUG org.asynchttpclient.netty.request.NettyRequestSender - Using open Channel [id: 0xd43dce24, L:/127.0.0.1:57887 - R:localhost/127.0.0.1:52969] for GET '/session/60da86a2-016f-4b86-a0bb-8c5e96c8419a/element/898ecec1-5099-4462-a776-c2fa8f239408/name'
19:39:52.926 [AsyncHttpClient-1-6] DEBUG org.asynchttpclient.netty.handler.HttpHandler - 

Request DefaultFullHttpRequest(decodeResult: success, version: HTTP/1.1, content: EmptyByteBufBE)
GET /session/60da86a2-016f-4b86-a0bb-8c5e96c8419a/element/898ecec1-5099-4462-a776-c2fa8f239408/name HTTP/1.1
User-Agent: selenium/4.1.2 (java windows)
Cache-Control: no-cache
Content-Type: application/json; charset=utf-8
host: localhost:52969
accept: */*

Response DefaultHttpResponse(decodeResult: success, version: HTTP/1.1)
HTTP/1.1 200 OK
content-type: application/json; charset=utf-8
cache-control: no-cache
date: Sun, 09 Apr 2023 12:39:52 GMT
content-length: 16

19:39:52.926 [AsyncHttpClient-1-6] DEBUG org.asynchttpclient.netty.channel.ChannelManager - Adding key: http://localhost:52969 for channel [id: 0xd43dce24, L:/127.0.0.1:57887 - R:localhost/127.0.0.1:52969]
19:39:52.929 [Forwarding findElement on session 60da86a2-016f-4b86-a0bb-8c5e96c8419a to remote] DEBUG org.asynchttpclient.netty.request.NettyRequestSender - Using pooled Channel '[id: 0xd43dce24, L:/127.0.0.1:57887 - R:localhost/127.0.0.1:52969]' for 'POST' to 'http://localhost:52969/session/60da86a2-016f-4b86-a0bb-8c5e96c8419a/element'
19:39:52.929 [Forwarding findElement on session 60da86a2-016f-4b86-a0bb-8c5e96c8419a to remote] DEBUG org.asynchttpclient.netty.request.NettyRequestSender - Using open Channel [id: 0xd43dce24, L:/127.0.0.1:57887 - R:localhost/127.0.0.1:52969] for POST '/session/60da86a2-016f-4b86-a0bb-8c5e96c8419a/element'
19:39:52.951 [AsyncHttpClient-1-6] DEBUG org.asynchttpclient.netty.handler.HttpHandler - 

Request DefaultHttpRequest(decodeResult: success, version: HTTP/1.1)
POST /session/60da86a2-016f-4b86-a0bb-8c5e96c8419a/element HTTP/1.1
User-Agent: selenium/4.1.2 (java windows)
Content-Length: 117
Content-Type: application/json; charset=utf-8
host: localhost:52969
accept: */*

Response DefaultHttpResponse(decodeResult: success, version: HTTP/1.1)
HTTP/1.1 200 OK
content-type: application/json; charset=utf-8
cache-control: no-cache
date: Sun, 09 Apr 2023 12:39:52 GMT
content-length: 88

19:39:52.951 [AsyncHttpClient-1-6] DEBUG org.asynchttpclient.netty.channel.ChannelManager - Adding key: http://localhost:52969 for channel [id: 0xd43dce24, L:/127.0.0.1:57887 - R:localhost/127.0.0.1:52969]
19:39:52.953 [Forwarding clickElement on session 60da86a2-016f-4b86-a0bb-8c5e96c8419a to remote] DEBUG org.asynchttpclient.netty.request.NettyRequestSender - Using pooled Channel '[id: 0xd43dce24, L:/127.0.0.1:57887 - R:localhost/127.0.0.1:52969]' for 'POST' to 'http://localhost:52969/session/60da86a2-016f-4b86-a0bb-8c5e96c8419a/element/898ecec1-5099-4462-a776-c2fa8f239408/click'
19:39:52.954 [Forwarding clickElement on session 60da86a2-016f-4b86-a0bb-8c5e96c8419a to remote] DEBUG org.asynchttpclient.netty.request.NettyRequestSender - Using open Channel [id: 0xd43dce24, L:/127.0.0.1:57887 - R:localhost/127.0.0.1:52969] for POST '/session/60da86a2-016f-4b86-a0bb-8c5e96c8419a/element/898ecec1-5099-4462-a776-c2fa8f239408/click'
19:39:53.492 [AsyncHttpClient-1-6] DEBUG org.asynchttpclient.netty.handler.HttpHandler - 

Request DefaultHttpRequest(decodeResult: success, version: HTTP/1.1)
POST /session/60da86a2-016f-4b86-a0bb-8c5e96c8419a/element/898ecec1-5099-4462-a776-c2fa8f239408/click HTTP/1.1
User-Agent: selenium/4.1.2 (java windows)
Content-Length: 50
Content-Type: application/json; charset=utf-8
host: localhost:52969
accept: */*

Response DefaultHttpResponse(decodeResult: success, version: HTTP/1.1)
HTTP/1.1 200 OK
content-type: application/json; charset=utf-8
cache-control: no-cache
date: Sun, 09 Apr 2023 12:39:52 GMT
content-length: 14

19:39:53.492 [AsyncHttpClient-1-6] DEBUG org.asynchttpclient.netty.channel.ChannelManager - Adding key: http://localhost:52969 for channel [id: 0xd43dce24, L:/127.0.0.1:57887 - R:localhost/127.0.0.1:52969]
  &amp#27;[32mWhen &amp#27;[0m&amp#27;[32mI will go to &amp#27;[0m&amp#27;[32m&amp#27;[1m"UT1"&amp#27;[0m         &amp#27;[90m# starter.stepdefinitions.BabyStep.iWillGoTo(java.lang.String)&amp#27;[0m
19:39:53.501 [Forwarding screenshot on session 60da86a2-016f-4b86-a0bb-8c5e96c8419a to remote] DEBUG org.asynchttpclient.netty.request.NettyRequestSender - Using pooled Channel '[id: 0xd43dce24, L:/127.0.0.1:57887 - R:localhost/127.0.0.1:52969]' for 'GET' to 'http://localhost:52969/session/60da86a2-016f-4b86-a0bb-8c5e96c8419a/screenshot'
19:39:53.501 [Forwarding screenshot on session 60da86a2-016f-4b86-a0bb-8c5e96c8419a to remote] DEBUG org.asynchttpclient.netty.request.NettyRequestSender - Using open Channel [id: 0xd43dce24, L:/127.0.0.1:57887 - R:localhost/127.0.0.1:52969] for GET '/session/60da86a2-016f-4b86-a0bb-8c5e96c8419a/screenshot'
19:39:53.674 [AsyncHttpClient-1-6] DEBUG org.asynchttpclient.netty.handler.HttpHandler - 

Request DefaultFullHttpRequest(decodeResult: success, version: HTTP/1.1, content: EmptyByteBufBE)
GET /session/60da86a2-016f-4b86-a0bb-8c5e96c8419a/screenshot HTTP/1.1
User-Agent: selenium/4.1.2 (java windows)
Cache-Control: no-cache
Content-Type: application/json; charset=utf-8
host: localhost:52969
accept: */*

Response DefaultHttpResponse(decodeResult: success, version: HTTP/1.1)
HTTP/1.1 200 OK
content-type: application/json; charset=utf-8
cache-control: no-cache
date: Sun, 09 Apr 2023 12:39:52 GMT
content-length: 236004

19:39:53.676 [AsyncHttpClient-1-6] DEBUG org.asynchttpclient.netty.channel.ChannelManager - Adding key: http://localhost:52969 for channel [id: 0xd43dce24, L:/127.0.0.1:57887 - R:localhost/127.0.0.1:52969]
19:39:53.687 [main] DEBUG net.serenitybdd.core.photography.Darkroom - Send negative for processing for target\site\serenity\0b0a6171e1ab296499fe955a599a417584e3d2391d3147500867570267b978a2.png
19:39:53.688 [Darkroom Processing Line] DEBUG net.serenitybdd.core.photography.DarkroomProcessingLine - Processing screenshot image in /var/screenshots/screenshot-181693115210504154
19:39:53.688 [Darkroom Processing Line] DEBUG net.serenitybdd.core.photography.DarkroomProcessingLine - Saving screenshot to target\site\serenity\0b0a6171e1ab296499fe955a599a417584e3d2391d3147500867570267b978a2.png
19:39:53.703 [Forwarding findElement on session 60da86a2-016f-4b86-a0bb-8c5e96c8419a to remote] DEBUG org.asynchttpclient.netty.request.NettyRequestSender - Using pooled Channel '[id: 0xd43dce24, L:/127.0.0.1:57887 - R:localhost/127.0.0.1:52969]' for 'POST' to 'http://localhost:52969/session/60da86a2-016f-4b86-a0bb-8c5e96c8419a/element'
19:39:53.703 [Forwarding findElement on session 60da86a2-016f-4b86-a0bb-8c5e96c8419a to remote] DEBUG org.asynchttpclient.netty.request.NettyRequestSender - Using open Channel [id: 0xd43dce24, L:/127.0.0.1:57887 - R:localhost/127.0.0.1:52969] for POST '/session/60da86a2-016f-4b86-a0bb-8c5e96c8419a/element'
19:39:53.716 [AsyncHttpClient-1-6] DEBUG org.asynchttpclient.netty.handler.HttpHandler - 

Request DefaultHttpRequest(decodeResult: success, version: HTTP/1.1)
POST /session/60da86a2-016f-4b86-a0bb-8c5e96c8419a/element HTTP/1.1
User-Agent: selenium/4.1.2 (java windows)
Content-Length: 101
Content-Type: application/json; charset=utf-8
host: localhost:52969
accept: */*

Response DefaultHttpResponse(decodeResult: success, version: HTTP/1.1)
HTTP/1.1 200 OK
content-type: application/json; charset=utf-8
cache-control: no-cache
date: Sun, 09 Apr 2023 12:39:52 GMT
content-length: 88

19:39:53.716 [AsyncHttpClient-1-6] DEBUG org.asynchttpclient.netty.channel.ChannelManager - Adding key: http://localhost:52969 for channel [id: 0xd43dce24, L:/127.0.0.1:57887 - R:localhost/127.0.0.1:52969]
19:39:53.720 [Forwarding isElementDisplayed on session 60da86a2-016f-4b86-a0bb-8c5e96c8419a to remote] DEBUG org.asynchttpclient.netty.request.NettyRequestSender - Using pooled Channel '[id: 0xd43dce24, L:/127.0.0.1:57887 - R:localhost/127.0.0.1:52969]' for 'POST' to 'http://localhost:52969/session/60da86a2-016f-4b86-a0bb-8c5e96c8419a/execute/sync'
19:39:53.720 [Forwarding isElementDisplayed on session 60da86a2-016f-4b86-a0bb-8c5e96c8419a to remote] DEBUG org.asynchttpclient.netty.request.NettyRequestSender - Using open Channel [id: 0xd43dce24, L:/127.0.0.1:57887 - R:localhost/127.0.0.1:52969] for POST '/session/60da86a2-016f-4b86-a0bb-8c5e96c8419a/execute/sync'
19:39:53.742 [AsyncHttpClient-1-6] DEBUG org.asynchttpclient.netty.handler.HttpHandler - 

Request DefaultHttpRequest(decodeResult: success, version: HTTP/1.1)
POST /session/60da86a2-016f-4b86-a0bb-8c5e96c8419a/execute/sync HTTP/1.1
User-Agent: selenium/4.1.2 (java windows)
Content-Length: 48780
Content-Type: application/json; charset=utf-8
host: localhost:52969
accept: */*

Response DefaultHttpResponse(decodeResult: success, version: HTTP/1.1)
HTTP/1.1 200 OK
content-type: application/json; charset=utf-8
cache-control: no-cache
date: Sun, 09 Apr 2023 12:39:52 GMT
content-length: 14

19:39:53.742 [AsyncHttpClient-1-6] DEBUG org.asynchttpclient.netty.channel.ChannelManager - Adding key: http://localhost:52969 for channel [id: 0xd43dce24, L:/127.0.0.1:57887 - R:localhost/127.0.0.1:52969]
  &amp#27;[32mAnd &amp#27;[0m&amp#27;[32mI &amp#27;[0m&amp#27;[32m&amp#27;[1m"txtUT1"&amp#27;[0m&amp#27;[32m page&amp#27;[0m             &amp#27;[90m# starter.stepdefinitions.BabyStep.iPage(java.lang.String)&amp#27;[0m
19:39:53.747 [Forwarding screenshot on session 60da86a2-016f-4b86-a0bb-8c5e96c8419a to remote] DEBUG org.asynchttpclient.netty.request.NettyRequestSender - Using pooled Channel '[id: 0xd43dce24, L:/127.0.0.1:57887 - R:localhost/127.0.0.1:52969]' for 'GET' to 'http://localhost:52969/session/60da86a2-016f-4b86-a0bb-8c5e96c8419a/screenshot'
19:39:53.747 [Forwarding screenshot on session 60da86a2-016f-4b86-a0bb-8c5e96c8419a to remote] DEBUG org.asynchttpclient.netty.request.NettyRequestSender - Using open Channel [id: 0xd43dce24, L:/127.0.0.1:57887 - R:localhost/127.0.0.1:52969] for GET '/session/60da86a2-016f-4b86-a0bb-8c5e96c8419a/screenshot'
19:39:53.799 [AsyncHttpClient-1-6] DEBUG org.asynchttpclient.netty.handler.HttpHandler - 

Request DefaultFullHttpRequest(decodeResult: success, version: HTTP/1.1, content: EmptyByteBufBE)
GET /session/60da86a2-016f-4b86-a0bb-8c5e96c8419a/screenshot HTTP/1.1
User-Agent: selenium/4.1.2 (java windows)
Cache-Control: no-cache
Content-Type: application/json; charset=utf-8
host: localhost:52969
accept: */*

Response DefaultHttpResponse(decodeResult: success, version: HTTP/1.1)
HTTP/1.1 200 OK
content-type: application/json; charset=utf-8
cache-control: no-cache
date: Sun, 09 Apr 2023 12:39:52 GMT
content-length: 236004

19:39:53.800 [AsyncHttpClient-1-6] DEBUG org.asynchttpclient.netty.channel.ChannelManager - Adding key: http://localhost:52969 for channel [id: 0xd43dce24, L:/127.0.0.1:57887 - R:localhost/127.0.0.1:52969]
19:39:53.808 [main] DEBUG net.serenitybdd.core.photography.Darkroom - Send negative for processing for target\site\serenity\0b0a6171e1ab296499fe955a599a417584e3d2391d3147500867570267b978a2.png
19:39:53.813 [Driver Command Executor] DEBUG org.asynchttpclient.netty.request.NettyRequestSender - Using pooled Channel '[id: 0xd43dce24, L:/127.0.0.1:57887 - R:localhost/127.0.0.1:52969]' for 'DELETE' to 'http://localhost:52969/session/60da86a2-016f-4b86-a0bb-8c5e96c8419a'
19:39:53.814 [Driver Command Executor] DEBUG org.asynchttpclient.netty.request.NettyRequestSender - Using open Channel [id: 0xd43dce24, L:/127.0.0.1:57887 - R:localhost/127.0.0.1:52969] for DELETE '/session/60da86a2-016f-4b86-a0bb-8c5e96c8419a'
19:39:54.758 [AsyncHttpClient-1-6] DEBUG org.asynchttpclient.netty.handler.HttpHandler - 

Request DefaultFullHttpRequest(decodeResult: success, version: HTTP/1.1, content: EmptyByteBufBE)
DELETE /session/60da86a2-016f-4b86-a0bb-8c5e96c8419a HTTP/1.1
User-Agent: selenium/4.1.2 (java windows)
Content-Type: application/json; charset=utf-8
host: localhost:52969
accept: */*

Response DefaultHttpResponse(decodeResult: success, version: HTTP/1.1)
HTTP/1.1 200 OK
content-type: application/json; charset=utf-8
cache-control: no-cache
date: Sun, 09 Apr 2023 12:39:53 GMT
content-length: 14

19:39:54.758 [AsyncHttpClient-1-6] DEBUG org.asynchttpclient.netty.channel.ChannelManager - Adding key: http://localhost:52969 for channel [id: 0xd43dce24, L:/127.0.0.1:57887 - R:localhost/127.0.0.1:52969]
19:39:54.760 [AsyncHttpClient-1-6] DEBUG org.asynchttpclient.netty.handler.HttpHandler - Unexpected I/O exception on channel [id: 0xd43dce24, L:/127.0.0.1:57887 - R:localhost/127.0.0.1:52969]
java.net.SocketException: Connection reset
	at java.base/sun.nio.ch.SocketChannelImpl.throwConnectionReset(SocketChannelImpl.java:345)
	at java.base/sun.nio.ch.SocketChannelImpl.read(SocketChannelImpl.java:376)
	at io.netty.buffer.PooledByteBuf.setBytes(PooledByteBuf.java:258)
	at io.netty.buffer.AbstractByteBuf.writeBytes(AbstractByteBuf.java:1132)
	at io.netty.channel.socket.nio.NioSocketChannel.doReadBytes(NioSocketChannel.java:350)
	at io.netty.channel.nio.AbstractNioByteChannel$NioByteUnsafe.read(AbstractNioByteChannel.java:151)
	at io.netty.channel.nio.NioEventLoop.processSelectedKey(NioEventLoop.java:722)
	at io.netty.channel.nio.NioEventLoop.processSelectedKeysOptimized(NioEventLoop.java:658)
	at io.netty.channel.nio.NioEventLoop.processSelectedKeys(NioEventLoop.java:584)
	at io.netty.channel.nio.NioEventLoop.run(NioEventLoop.java:496)
	at io.netty.util.concurrent.SingleThreadEventExecutor$4.run(SingleThreadEventExecutor.java:986)
	at io.netty.util.internal.ThreadExecutorMap$2.run(ThreadExecutorMap.java:74)
	at io.netty.util.concurrent.FastThreadLocalRunnable.run(FastThreadLocalRunnable.java:30)
	at java.base/java.lang.Thread.run(Thread.java:830)
19:39:54.760 [AsyncHttpClient-1-6] DEBUG org.asynchttpclient.netty.channel.ChannelManager - Closing Channel [id: 0xd43dce24, L:/127.0.0.1:57887 - R:localhost/127.0.0.1:52969] 
19:39:54.760 [AsyncHttpClient-1-6] DEBUG org.asynchttpclient.netty.handler.HttpHandler - Channel Closed: [id: 0xd43dce24, L:/127.0.0.1:57887 ! R:localhost/127.0.0.1:52969] with attribute DISCARD
]]></system-out>
    <system-err><![CDATA[1681043986083	geckodriver	INFO	Listening on 127.0.0.1:52969
1681043986593	mozrunner::runner	INFO	Running command: "C:\\Program Files\\Mozilla Firefox\\firefox.exe" "--marionette" "" "--remote-debugging-port" "53847" "--remote-allow-hosts" "localhost" "-no-remote" "-profile" "C:\\Users\\alwi\\AppData\\Local\\Temp\\rust_mozprofile2lsjLk"
console.warn: services.settings: Ignoring preference override of remote settings server
console.warn: services.settings: Allow by setting MOZ_REMOTE_SETTINGS_DEVTOOLS=1 in the environment
1681043986949	Marionette	INFO	Marionette enabled
Dynamically enable window occlusion 0
1681043986954	Marionette	INFO	Listening on port 57890
WebDriver BiDi listening on ws://127.0.0.1:53847
Read port: 57890
1681043987188	RemoteAgent	WARN	TLS certificate errors will be ignored for this session
console.warn: SearchSettings: "get: No settings file exists, new profile?" (new NotFoundError("Could not open the file at C:\\Users\\alwi\\AppData\\Local\\Temp\\rust_mozprofile2lsjLk\\search.json.mozlz4", (void 0)))
DevTools listening on ws://127.0.0.1:53847/devtools/browser/17fa4786-44a6-4d0b-88ef-9d3b74a9d309
Apr 09, 2023 7:39:48 PM org.openqa.selenium.remote.ProtocolHandshake createSession
INFO: Detected dialect: W3C
JavaScript warning: https://www.uniqlo.com/oQfZRN8zACRR/OQ/-x_RMR-EGX/k95OLrhJQ5/OXl6GHI5AQ/PnUdVS/RrZQs, line 1: unreachable code after return statement
JavaScript warning: https://www.uniqlo.com/id/elgnisolqinu.js?async&seed=AECl_mWHAQAAhXleUcVgnU2eEowETsYZDsExG9MVfyypS8j2a8yO2N_NY-zV&x-i1ysm4mm--z=q, line 1: WEBGL_debug_renderer_info is deprecated in Firefox and will be removed. Please use RENDERER.
JavaScript warning: https://www.uniqlo.com/oQfZRN8zACRR/OQ/-x_RMR-EGX/k95OLrhJQ5/OXl6GHI5AQ/PnUdVS/RrZQs, line 1: WEBGL_debug_renderer_info is deprecated in Firefox and will be removed. Please use RENDERER.
1681043992307	Marionette	WARN	TimedPromise timed out after 500 ms: stacktrace:
TimedPromise/<@chrome://remote/content/marionette/sync.sys.mjs:219:24
TimedPromise@chrome://remote/content/marionette/sync.sys.mjs:204:10
interaction.flushEventLoop@chrome://remote/content/marionette/interaction.sys.mjs:425:10
webdriverClickElement@chrome://remote/content/marionette/interaction.sys.mjs:173:31
1681043993815	Marionette	INFO	Stopped listening on port 57890
Dynamically enable window occlusion 1
WARNING: A blocker encountered an error while we were waiting.
          Blocker:  Waiting for ping task
          Phase: TelemetryController: Waiting for pending ping activity
          State: (none)
WARNING: Error: Phase "profile-before-change" is finished, it is too late to register completion condition "OS.File: flush I/O queued before profileBeforeChange"
WARNING: addBlocker@resource://gre/modules/AsyncShutdown.sys.mjs:727:15
addBlocker@resource://gre/modules/AsyncShutdown.sys.mjs:523:26
addBlocker@resource://gre/modules/AsyncShutdown.sys.mjs:458:15
setupShutdown@resource://gre/modules/osfile/osfile_async_front.jsm:1548:28
@resource://gre/modules/osfile/osfile_async_front.jsm:1568:16
@resource://gre/modules/osfile.jsm:12:30
@resource://gre/modules/TelemetryStorage.sys.mjs:10:28
_checkPendingPings@resource://gre/modules/TelemetrySend.sys.mjs:863:17
setup@resource://gre/modules/TelemetrySend.sys.mjs:803:18
setup@resource://gre/modules/TelemetrySend.sys.mjs:241:30
setupTelemetry/this._delayedInitTask<@resource://gre/modules/TelemetryControllerParent.sys.mjs:828:36
observe@resource://gre/modules/AsyncShutdown.sys.mjs:576:16

console.error: "TelemetryScheduler.shutdown - Already shut down"
WARNING: A blocker encountered an error while we were waiting.
          Blocker:  Waiting for ping task
          Phase: TelemetryController: Waiting for pending ping activity
          State: (none)
WARNING: Error: Phase "profile-before-change" is finished, it is too late to register completion condition "OS.File: flush I/O queued before profileBeforeChange"
WARNING: addBlocker@resource://gre/modules/AsyncShutdown.sys.mjs:727:15
addBlocker@resource://gre/modules/AsyncShutdown.sys.mjs:523:26
addBlocker@resource://gre/modules/AsyncShutdown.sys.mjs:458:15
setupShutdown@resource://gre/modules/osfile/osfile_async_front.jsm:1548:28
@resource://gre/modules/osfile/osfile_async_front.jsm:1568:16
@resource://gre/modules/osfile.jsm:12:30
@resource://gre/modules/TelemetryStorage.sys.mjs:10:28
_checkPendingPings@resource://gre/modules/TelemetrySend.sys.mjs:863:17
setup@resource://gre/modules/TelemetrySend.sys.mjs:803:18
setup@resource://gre/modules/TelemetrySend.sys.mjs:241:30
setupTelemetry/this._delayedInitTask<@resource://gre/modules/TelemetryControllerParent.sys.mjs:828:36
observe@resource://gre/modules/AsyncShutdown.sys.mjs:576:16

WARNING: A blocker encountered an error while we were waiting.
          Blocker:  Waiting for ping task
          Phase: TelemetryController: Waiting for pending ping activity
          State: (none)
WARNING: Error: Phase "profile-before-change" is finished, it is too late to register completion condition "OS.File: flush I/O queued before profileBeforeChange"
WARNING: addBlocker@resource://gre/modules/AsyncSJhauvtadSocwrn.ispyt s.ermrjosr::7 27r:es15ou
racded:B/l/ogcrkee/rm@ordeusloeusr/cAes:y/n/cgSrheu/mtoddouwlne.ssy/sA.smyjnsc,S hlutidnoe w7n2.7s:ys .Emjrsr:o5r:2 3P:h2a6se
 a"dpdrBoflioclkee-rb@efreorsoeu-rchcaen:g/e/"g ries/ mfoduilniessh/eAds,y nictS hiust dtowono. slaytse. mtoj sr:e4g5i8s:t1e5r
 sceotmuppSlehuttiodno wcno@nrdeistoiuornce :"O/S/.gFreil/em:o dfulluess/ho sIfi/lOe /qousefuielde _baesfyonrce_ fprroonfti.lejsBme:f1o5r4e8C:h28a
n@gree"sou
rce:J/a/vagSrcer/impotd uelrerso/or:s frielseo/uorscfei:l/e/g_raes/ymnocd_uflreons/t.Ajssymn:cShu1td5o6w8n:.16sys.
m@jrs,e sloiunrec 72e7::/ /Egrrreo/rm:od Puhlaesse/ o"spfroilfiel.ej-sbm:e1fo2r:3e0-c
ha@nregse"o uirsc ef:i/n/igsrhee/dm,o idutl esi/sT eltemoeot rlyaStteo rtoa gree.gsiyss.temrj sc:o1m0p:l2e8t
io_nc hceocnkdPietindoinn g"POiSn.gFsi@lree:so ufrlceu:s/h/ gIr/eO/ moqudeuuleeds /bTefeolremeet rpyrSoefnidle.Bseyfso.rmejCsh:a8n6g3e:"17
J
asveatSucpr@reispt oerrour: resourrcec://gre/meodule:s//A/sgyrnecShu/tmdoowdnu.lseyss/.Tmejlse,m eltirnySee n72d7.:s Eyrsr.orm:j s:803:P1h8as
es e"tpurpo@fresourcei:l/e/gre-/bmeofdoruel-ecsh/aTnegleemetrySend.sys".m ijss :241:3f0in
sieshteudp,Tel eimtetry /itsh ist.o_od ellaayteed Iton irteTgasiks<t@erre scooumrpcleet:i/o/ng rceo/nmdoidtuiloens /"OTeSl.eFmielter: flusyhC onItr/oOl lqeurePuareedn tb.esfyso.re mpjrso:f8i2l8e:Be3f6ore
Cobhsaenrgvee@"re
sJoaurvacSec:r/i/pgt reerr/omrodul:e sre/sAosurycnec:S/h/gutrdeo/wmno.duslyess/.Amsjysn:c5Sh7u6t:d1o6wn
.s
yWsA.RmjNsI,N lGi:ne  A7 2b7l: Erorocrk:e rP ehnacsouent e"rperdo fani leer-rboefro rweh-iclhea nwge ew"e ries w faiitniing.s
h ed   ,   i t   i sB tlooock laetre: t o  Treelgiesmteetrr ycCoomnptlreotlionl ecron:d itsihount t"iOSn.gF idolwen: 
f l u sh   I / O   queue dP hbaefsoe: rpreo fpilreo-fbielfeorBee-fcohraenCghea-ntgee"le
mJeatvraySc
ri p t  e r  r o r :  Srtesaoutrec:e :Erro/r/ ggrete/modutliensg/ sAtsaytnec:S huEtrdroowrn:. Pshyass.em js",p rloifnile e-b7e2f7o: reEr-rcohra:n gPeh"ase " priosf iflei-nbiesfhoerde,- chiatn gies"  tioso  filnaitshe edt,o  iretgi sitse rt ocoo mlpaltee titoo nr ecgoisntdeirt icoon "mOpSle.tFiiolne :c ofnlduisthi onI /"OO S.qFuielue:ed  fbleufsohr eI /pOr ofiqlueeBueefdo rbeefCohraen gper"o at afdidleBBelofcokreeCrh@anregseo"ur
cJea:va/S/cgrriep/mto edrurolre:s /rAessoyunrccSeh:u//tgdroew/nmo.dsuylses/.Amsjysn:c7S2hu7t:d1o5wn
a.ddsBylosc.kmerjs@,r elisnoeu r7c2e7:: /E/rgrroer/:mo dPuhlasees/ A"spyrnocfiSlheu-tbdeofwonr.sys.em-jcsha:5n2g3e:"2 6i
addBlocker@resosur cfe:i/n/isgrhee/dm,o idutl eiss/ Atsoyon claStheut dtoo wrn.esgyiss.tmejrs c:om45p8l:et15ion
 sceotnudpiSthuitodno w"nO@Sr.Feisloe:u rcfleu:sh/ /Ig/rOe /qumeouduelde sb/eofsofriel e/porsoffile_iaslyeBnecf_ofrreoCnhta.njsgme:"154
8:28
@resource://gre/modules/osfile/osfile_async_front.jsm:1568:16
@resource://gre/modules/osfile.jsm:12:30
@resource://gre/modules/TelemetryStorage.sys.mjs:10:28
_checkPendingPings@resource://gre/modules/TelemetrySend.sys.mjs:863:17
setup@resource://gre/modules/TelemetrySend.sys.mjs:803:18
setup@resource://gre/modules/TelemetrySend.sys.mjs:241:30
setupTelemetry/this._delayedInitTask<@resource://gre/modules/TelemetryControllerParent.sys.mjs:828:36
observe@resource://gre/modules/AsyncShutdown.sys.mjs:576:16

WARNING: Error: Phase "profile-before-change" is finished, it is too late to register completion condition "OS.File: flush I/O queued before profileBeforeChange"
WARNING: addBlocker@resource://gre/modules/AsyncShutdown.sys.mjs:727:15
addBlocker@resource://gre/modules/AsyncShutdown.sys.mjs:523:26
addBlocker@resource://gre/modules/AsyncShutdown.sys.mjs:458:15
setupShutdown@resource://gre/modules/osfile/osfile_async_front.jsm:1548:28
@resource://gre/modules/osfile/osfile_async_front.jsm:1568:16
@resource://gre/modules/osfile.jsm:12:30
@resource://gre/modules/TelemetryStorage.sys.mjs:10:28
_checkPendingPings@resource://gre/modules/TelemetrySend.sys.mjs:863:17
setup@resource://gre/modules/TelemetrySend.sys.mjs:803:18
setup@resource://gre/modules/TelemetrySend.sys.mjs:241:30
setupTelemetry/this._delayedInitTask<@resource://gre/modules/TelemetryControllerParent.sys.mjs:828:36
observe@resource://gre/modules/AsyncShutdown.sys.mjs:576:16

]]></system-err>
  </testcase>
  <testcase name="Fitur Menu Baby #11" classname="Baby" time="9.793">
    <system-out><![CDATA[
@baby
Scenario Outline: Fitur Menu Baby &amp#27;[90m# src/test/resources/features/Baby.feature:23&amp#27;[0m
19:39:54.820 [main] INFO io.cucumber.core.plugin.SerenityReporter - Running feature from file:///C:/Users/alwi/IdeaProjects/uniqloweb/src/test/resources/features/Baby.feature
19:39:54.835 [main] INFO net.serenitybdd.core.webdriver.driverproviders.FirefoxDriverProvider - Using automatically driver download
19:39:54.925 [AsyncHttpClient-1-1] DEBUG org.asynchttpclient.netty.channel.DefaultChannelPool - Entry count for : http://localhost:52969 : 1
19:39:54.925 [AsyncHttpClient-1-1] DEBUG org.asynchttpclient.netty.channel.DefaultChannelPool - Adding Candidate expired Channel [id: 0xd43dce24, L:/127.0.0.1:57887 ! R:localhost/127.0.0.1:52969] isIdleTimeoutExpired=false isRemotelyClosed=true isTtlExpired=false
19:39:54.925 [AsyncHttpClient-1-1] DEBUG org.asynchttpclient.netty.channel.DefaultChannelPool - Closing Idle Channel [id: 0xd43dce24, L:/127.0.0.1:57887 ! R:localhost/127.0.0.1:52969]
19:39:54.925 [AsyncHttpClient-1-1] DEBUG org.asynchttpclient.netty.channel.DefaultChannelPool - Closed 1 connections out of 1 in 0 ms
19:39:54.941 [main] DEBUG io.github.bonigarcia.wdm.cache.ResolutionCache - Resolution firefox=111 in cache (valid until 20:30:50 09/04/2023 WIB)
19:39:54.945 [main] DEBUG io.github.bonigarcia.wdm.cache.ResolutionCache - Resolution firefox111=0.32.2 in cache (valid until 19:30:50 10/04/2023 WIB)
19:39:54.946 [main] INFO io.github.bonigarcia.wdm.WebDriverManager - Using geckodriver 0.32.2 (resolved driver for Firefox 111)
19:39:54.957 [main] DEBUG io.github.bonigarcia.wdm.WebDriverManager - Driver geckodriver 0.32.2 found in cache
19:39:54.958 [main] INFO io.github.bonigarcia.wdm.WebDriverManager - Exporting webdriver.gecko.driver as C:\Users\alwi\.cache\selenium\geckodriver\win64\0.32.2\geckodriver.exe
19:39:54.969 [main] DEBUG net.serenitybdd.core.webdriver.driverproviders.ProvideNewDriver - Instantiating driver
19:39:54.969 [main] DEBUG net.serenitybdd.core.webdriver.driverproviders.ProvideNewDriver - Driver capabilities: Capabilities {acceptInsecureCerts: true, browserName: firefox, moz:debuggerAddress: true, moz:firefoxOptions: {args: [], profile: UEsDBBQACAgIAPuciVYAAAAAAAA...}}
19:39:55.494 [AsyncHttpClient-1-8] DEBUG org.asynchttpclient.netty.channel.NettyConnectListener - Using new Channel '[id: 0xa9674987, L:/127.0.0.1:58027 - R:localhost/127.0.0.1:49790]' for 'POST' to '/session'
19:39:57.871 [AsyncHttpClient-1-8] DEBUG org.asynchttpclient.netty.handler.HttpHandler - 

Request DefaultHttpRequest(decodeResult: success, version: HTTP/1.1)
POST /session HTTP/1.1
User-Agent: selenium/4.1.2 (java windows)
Content-Length: 3673
Content-Type: application/json; charset=utf-8
host: localhost:49790
accept: */*

Response DefaultHttpResponse(decodeResult: success, version: HTTP/1.1)
HTTP/1.1 200 OK
content-type: application/json; charset=utf-8
cache-control: no-cache
date: Sun, 09 Apr 2023 12:39:55 GMT
content-length: 790

19:39:57.872 [AsyncHttpClient-1-8] DEBUG org.asynchttpclient.netty.channel.ChannelManager - Adding key: http://localhost:49790 for channel [id: 0xa9674987, L:/127.0.0.1:58027 - R:localhost/127.0.0.1:49790]
19:39:57.880 [AsyncHttpClient-1-9] DEBUG org.asynchttpclient.netty.channel.NettyConnectListener - Using new Channel '[id: 0x99034dd8, L:/127.0.0.1:58048 - R:/127.0.0.1:58362]' for 'GET' to '/json/version'
19:39:57.882 [AsyncHttpClient-1-9] DEBUG org.asynchttpclient.netty.handler.HttpHandler - 

Request DefaultFullHttpRequest(decodeResult: success, version: HTTP/1.1, content: EmptyByteBufBE)
GET /json/version HTTP/1.1
User-Agent: selenium/4.1.2 (java windows)
host: 127.0.0.1:58362
accept: */*

Response DefaultHttpResponse(decodeResult: success, version: HTTP/1.1)
HTTP/1.1 200 OK
content-type: application/json
connection: close
server: httpd.js
date: Sun, 09 Apr 2023 12:39:57 GMT
content-length: 311

19:39:57.883 [AsyncHttpClient-1-9] DEBUG org.asynchttpclient.netty.channel.ChannelManager - Closing Channel [id: 0x99034dd8, L:/127.0.0.1:58048 - R:/127.0.0.1:58362] 
19:39:57.883 [AsyncHttpClient-1-9] DEBUG org.asynchttpclient.netty.handler.HttpHandler - Channel Closed: [id: 0x99034dd8, L:/127.0.0.1:58048 ! R:/127.0.0.1:58362] with attribute DISCARD
19:39:57.884 [Forwarding get on session 99a838e8-5242-4ca6-a1e5-a5365fdf4547 to remote] DEBUG org.asynchttpclient.netty.request.NettyRequestSender - Using pooled Channel '[id: 0xa9674987, L:/127.0.0.1:58027 - R:localhost/127.0.0.1:49790]' for 'POST' to 'http://localhost:49790/session/99a838e8-5242-4ca6-a1e5-a5365fdf4547/url'
19:39:57.885 [Forwarding get on session 99a838e8-5242-4ca6-a1e5-a5365fdf4547 to remote] DEBUG org.asynchttpclient.netty.request.NettyRequestSender - Using open Channel [id: 0xa9674987, L:/127.0.0.1:58027 - R:localhost/127.0.0.1:49790] for POST '/session/99a838e8-5242-4ca6-a1e5-a5365fdf4547/url'
19:39:59.753 [AsyncHttpClient-1-8] DEBUG org.asynchttpclient.netty.handler.HttpHandler - 

Request DefaultHttpRequest(decodeResult: success, version: HTTP/1.1)
POST /session/99a838e8-5242-4ca6-a1e5-a5365fdf4547/url HTTP/1.1
User-Agent: selenium/4.1.2 (java windows)
Content-Length: 53
Content-Type: application/json; charset=utf-8
host: localhost:49790
accept: */*

Response DefaultHttpResponse(decodeResult: success, version: HTTP/1.1)
HTTP/1.1 200 OK
content-type: application/json; charset=utf-8
cache-control: no-cache
date: Sun, 09 Apr 2023 12:39:57 GMT
content-length: 14

19:39:59.753 [AsyncHttpClient-1-8] DEBUG org.asynchttpclient.netty.channel.ChannelManager - Adding key: http://localhost:49790 for channel [id: 0xa9674987, L:/127.0.0.1:58027 - R:localhost/127.0.0.1:49790]
19:39:59.754 [Forwarding setTimeout on session 99a838e8-5242-4ca6-a1e5-a5365fdf4547 to remote] DEBUG org.asynchttpclient.netty.request.NettyRequestSender - Using pooled Channel '[id: 0xa9674987, L:/127.0.0.1:58027 - R:localhost/127.0.0.1:49790]' for 'POST' to 'http://localhost:49790/session/99a838e8-5242-4ca6-a1e5-a5365fdf4547/timeouts'
19:39:59.754 [Forwarding setTimeout on session 99a838e8-5242-4ca6-a1e5-a5365fdf4547 to remote] DEBUG org.asynchttpclient.netty.request.NettyRequestSender - Using open Channel [id: 0xa9674987, L:/127.0.0.1:58027 - R:localhost/127.0.0.1:49790] for POST '/session/99a838e8-5242-4ca6-a1e5-a5365fdf4547/timeouts'
19:39:59.757 [AsyncHttpClient-1-8] DEBUG org.asynchttpclient.netty.handler.HttpHandler - 

Request DefaultHttpRequest(decodeResult: success, version: HTTP/1.1)
POST /session/99a838e8-5242-4ca6-a1e5-a5365fdf4547/timeouts HTTP/1.1
User-Agent: selenium/4.1.2 (java windows)
Content-Length: 22
Content-Type: application/json; charset=utf-8
host: localhost:49790
accept: */*

Response DefaultHttpResponse(decodeResult: success, version: HTTP/1.1)
HTTP/1.1 200 OK
content-type: application/json; charset=utf-8
cache-control: no-cache
date: Sun, 09 Apr 2023 12:39:59 GMT
content-length: 14

19:39:59.757 [AsyncHttpClient-1-8] DEBUG org.asynchttpclient.netty.channel.ChannelManager - Adding key: http://localhost:49790 for channel [id: 0xa9674987, L:/127.0.0.1:58027 - R:localhost/127.0.0.1:49790]
19:39:59.760 [Forwarding getCurrentUrl on session 99a838e8-5242-4ca6-a1e5-a5365fdf4547 to remote] DEBUG org.asynchttpclient.netty.request.NettyRequestSender - Using pooled Channel '[id: 0xa9674987, L:/127.0.0.1:58027 - R:localhost/127.0.0.1:49790]' for 'GET' to 'http://localhost:49790/session/99a838e8-5242-4ca6-a1e5-a5365fdf4547/url'
19:39:59.760 [Forwarding getCurrentUrl on session 99a838e8-5242-4ca6-a1e5-a5365fdf4547 to remote] DEBUG org.asynchttpclient.netty.request.NettyRequestSender - Using open Channel [id: 0xa9674987, L:/127.0.0.1:58027 - R:localhost/127.0.0.1:49790] for GET '/session/99a838e8-5242-4ca6-a1e5-a5365fdf4547/url'
19:39:59.761 [AsyncHttpClient-1-8] DEBUG org.asynchttpclient.netty.handler.HttpHandler - 

Request DefaultFullHttpRequest(decodeResult: success, version: HTTP/1.1, content: EmptyByteBufBE)
GET /session/99a838e8-5242-4ca6-a1e5-a5365fdf4547/url HTTP/1.1
User-Agent: selenium/4.1.2 (java windows)
Cache-Control: no-cache
Content-Type: application/json; charset=utf-8
host: localhost:49790
accept: */*

Response DefaultHttpResponse(decodeResult: success, version: HTTP/1.1)
HTTP/1.1 200 OK
content-type: application/json; charset=utf-8
cache-control: no-cache
date: Sun, 09 Apr 2023 12:39:59 GMT
content-length: 41

19:39:59.761 [AsyncHttpClient-1-8] DEBUG org.asynchttpclient.netty.channel.ChannelManager - Adding key: http://localhost:49790 for channel [id: 0xa9674987, L:/127.0.0.1:58027 - R:localhost/127.0.0.1:49790]
  &amp#27;[32mGiven &amp#27;[0m&amp#27;[32mI am on the home page&amp#27;[0m     &amp#27;[90m# starter.stepdefinitions.BabyStep.iAmOnTheHomePage()&amp#27;[0m
19:39:59.767 [Forwarding screenshot on session 99a838e8-5242-4ca6-a1e5-a5365fdf4547 to remote] DEBUG org.asynchttpclient.netty.request.NettyRequestSender - Using pooled Channel '[id: 0xa9674987, L:/127.0.0.1:58027 - R:localhost/127.0.0.1:49790]' for 'GET' to 'http://localhost:49790/session/99a838e8-5242-4ca6-a1e5-a5365fdf4547/screenshot'
19:39:59.767 [Forwarding screenshot on session 99a838e8-5242-4ca6-a1e5-a5365fdf4547 to remote] DEBUG org.asynchttpclient.netty.request.NettyRequestSender - Using open Channel [id: 0xa9674987, L:/127.0.0.1:58027 - R:localhost/127.0.0.1:49790] for GET '/session/99a838e8-5242-4ca6-a1e5-a5365fdf4547/screenshot'
19:40:00.617 [AsyncHttpClient-1-8] DEBUG org.asynchttpclient.netty.handler.HttpHandler - 

Request DefaultFullHttpRequest(decodeResult: success, version: HTTP/1.1, content: EmptyByteBufBE)
GET /session/99a838e8-5242-4ca6-a1e5-a5365fdf4547/screenshot HTTP/1.1
User-Agent: selenium/4.1.2 (java windows)
Cache-Control: no-cache
Content-Type: application/json; charset=utf-8
host: localhost:49790
accept: */*

Response DefaultHttpResponse(decodeResult: success, version: HTTP/1.1)
HTTP/1.1 200 OK
content-type: application/json; charset=utf-8
cache-control: no-cache
date: Sun, 09 Apr 2023 12:39:59 GMT
content-length: 344512

19:40:00.619 [AsyncHttpClient-1-8] DEBUG org.asynchttpclient.netty.channel.ChannelManager - Adding key: http://localhost:49790 for channel [id: 0xa9674987, L:/127.0.0.1:58027 - R:localhost/127.0.0.1:49790]
19:40:00.639 [main] DEBUG net.serenitybdd.core.photography.Darkroom - Send negative for processing for target\site\serenity\585cb797ba8dacb5b076aa9d0dd817f079f8b4e8cdab118fe3d65d72dd2aeea2.png
19:40:00.653 [Forwarding findElement on session 99a838e8-5242-4ca6-a1e5-a5365fdf4547 to remote] DEBUG org.asynchttpclient.netty.request.NettyRequestSender - Using pooled Channel '[id: 0xa9674987, L:/127.0.0.1:58027 - R:localhost/127.0.0.1:49790]' for 'POST' to 'http://localhost:49790/session/99a838e8-5242-4ca6-a1e5-a5365fdf4547/element'
19:40:00.654 [Forwarding findElement on session 99a838e8-5242-4ca6-a1e5-a5365fdf4547 to remote] DEBUG org.asynchttpclient.netty.request.NettyRequestSender - Using open Channel [id: 0xa9674987, L:/127.0.0.1:58027 - R:localhost/127.0.0.1:49790] for POST '/session/99a838e8-5242-4ca6-a1e5-a5365fdf4547/element'
19:40:00.768 [AsyncHttpClient-1-8] DEBUG org.asynchttpclient.netty.handler.HttpHandler - 

Request DefaultHttpRequest(decodeResult: success, version: HTTP/1.1)
POST /session/99a838e8-5242-4ca6-a1e5-a5365fdf4547/element HTTP/1.1
User-Agent: selenium/4.1.2 (java windows)
Content-Length: 81
Content-Type: application/json; charset=utf-8
host: localhost:49790
accept: */*

Response DefaultHttpResponse(decodeResult: success, version: HTTP/1.1)
HTTP/1.1 200 OK
content-type: application/json; charset=utf-8
cache-control: no-cache
date: Sun, 09 Apr 2023 12:39:59 GMT
content-length: 88

19:40:00.768 [AsyncHttpClient-1-8] DEBUG org.asynchttpclient.netty.channel.ChannelManager - Adding key: http://localhost:49790 for channel [id: 0xa9674987, L:/127.0.0.1:58027 - R:localhost/127.0.0.1:49790]
19:40:00.770 [Forwarding getElementTagName on session 99a838e8-5242-4ca6-a1e5-a5365fdf4547 to remote] DEBUG org.asynchttpclient.netty.request.NettyRequestSender - Using pooled Channel '[id: 0xa9674987, L:/127.0.0.1:58027 - R:localhost/127.0.0.1:49790]' for 'GET' to 'http://localhost:49790/session/99a838e8-5242-4ca6-a1e5-a5365fdf4547/element/34d0e644-9641-4f49-a003-0e3446566387/name'
19:40:00.770 [Forwarding getElementTagName on session 99a838e8-5242-4ca6-a1e5-a5365fdf4547 to remote] DEBUG org.asynchttpclient.netty.request.NettyRequestSender - Using open Channel [id: 0xa9674987, L:/127.0.0.1:58027 - R:localhost/127.0.0.1:49790] for GET '/session/99a838e8-5242-4ca6-a1e5-a5365fdf4547/element/34d0e644-9641-4f49-a003-0e3446566387/name'
19:40:01.027 [AsyncHttpClient-1-8] DEBUG org.asynchttpclient.netty.handler.HttpHandler - 

Request DefaultFullHttpRequest(decodeResult: success, version: HTTP/1.1, content: EmptyByteBufBE)
GET /session/99a838e8-5242-4ca6-a1e5-a5365fdf4547/element/34d0e644-9641-4f49-a003-0e3446566387/name HTTP/1.1
User-Agent: selenium/4.1.2 (java windows)
Cache-Control: no-cache
Content-Type: application/json; charset=utf-8
host: localhost:49790
accept: */*

Response DefaultHttpResponse(decodeResult: success, version: HTTP/1.1)
HTTP/1.1 200 OK
content-type: application/json; charset=utf-8
cache-control: no-cache
date: Sun, 09 Apr 2023 12:40:00 GMT
content-length: 16

19:40:01.027 [AsyncHttpClient-1-8] DEBUG org.asynchttpclient.netty.channel.ChannelManager - Adding key: http://localhost:49790 for channel [id: 0xa9674987, L:/127.0.0.1:58027 - R:localhost/127.0.0.1:49790]
19:40:01.030 [Forwarding getElementTagName on session 99a838e8-5242-4ca6-a1e5-a5365fdf4547 to remote] DEBUG org.asynchttpclient.netty.request.NettyRequestSender - Using pooled Channel '[id: 0xa9674987, L:/127.0.0.1:58027 - R:localhost/127.0.0.1:49790]' for 'GET' to 'http://localhost:49790/session/99a838e8-5242-4ca6-a1e5-a5365fdf4547/element/34d0e644-9641-4f49-a003-0e3446566387/name'
19:40:01.030 [Forwarding getElementTagName on session 99a838e8-5242-4ca6-a1e5-a5365fdf4547 to remote] DEBUG org.asynchttpclient.netty.request.NettyRequestSender - Using open Channel [id: 0xa9674987, L:/127.0.0.1:58027 - R:localhost/127.0.0.1:49790] for GET '/session/99a838e8-5242-4ca6-a1e5-a5365fdf4547/element/34d0e644-9641-4f49-a003-0e3446566387/name'
19:40:01.091 [AsyncHttpClient-1-8] DEBUG org.asynchttpclient.netty.handler.HttpHandler - 

Request DefaultFullHttpRequest(decodeResult: success, version: HTTP/1.1, content: EmptyByteBufBE)
GET /session/99a838e8-5242-4ca6-a1e5-a5365fdf4547/element/34d0e644-9641-4f49-a003-0e3446566387/name HTTP/1.1
User-Agent: selenium/4.1.2 (java windows)
Cache-Control: no-cache
Content-Type: application/json; charset=utf-8
host: localhost:49790
accept: */*

Response DefaultHttpResponse(decodeResult: success, version: HTTP/1.1)
HTTP/1.1 200 OK
content-type: application/json; charset=utf-8
cache-control: no-cache
date: Sun, 09 Apr 2023 12:40:00 GMT
content-length: 16

19:40:01.092 [AsyncHttpClient-1-8] DEBUG org.asynchttpclient.netty.channel.ChannelManager - Adding key: http://localhost:49790 for channel [id: 0xa9674987, L:/127.0.0.1:58027 - R:localhost/127.0.0.1:49790]
19:40:01.094 [Forwarding findElement on session 99a838e8-5242-4ca6-a1e5-a5365fdf4547 to remote] DEBUG org.asynchttpclient.netty.request.NettyRequestSender - Using pooled Channel '[id: 0xa9674987, L:/127.0.0.1:58027 - R:localhost/127.0.0.1:49790]' for 'POST' to 'http://localhost:49790/session/99a838e8-5242-4ca6-a1e5-a5365fdf4547/element'
19:40:01.094 [Forwarding findElement on session 99a838e8-5242-4ca6-a1e5-a5365fdf4547 to remote] DEBUG org.asynchttpclient.netty.request.NettyRequestSender - Using open Channel [id: 0xa9674987, L:/127.0.0.1:58027 - R:localhost/127.0.0.1:49790] for POST '/session/99a838e8-5242-4ca6-a1e5-a5365fdf4547/element'
19:40:01.122 [AsyncHttpClient-1-8] DEBUG org.asynchttpclient.netty.handler.HttpHandler - 

Request DefaultHttpRequest(decodeResult: success, version: HTTP/1.1)
POST /session/99a838e8-5242-4ca6-a1e5-a5365fdf4547/element HTTP/1.1
User-Agent: selenium/4.1.2 (java windows)
Content-Length: 81
Content-Type: application/json; charset=utf-8
host: localhost:49790
accept: */*

Response DefaultHttpResponse(decodeResult: success, version: HTTP/1.1)
HTTP/1.1 200 OK
content-type: application/json; charset=utf-8
cache-control: no-cache
date: Sun, 09 Apr 2023 12:40:00 GMT
content-length: 88

19:40:01.122 [AsyncHttpClient-1-8] DEBUG org.asynchttpclient.netty.channel.ChannelManager - Adding key: http://localhost:49790 for channel [id: 0xa9674987, L:/127.0.0.1:58027 - R:localhost/127.0.0.1:49790]
19:40:01.125 [Forwarding clickElement on session 99a838e8-5242-4ca6-a1e5-a5365fdf4547 to remote] DEBUG org.asynchttpclient.netty.request.NettyRequestSender - Using pooled Channel '[id: 0xa9674987, L:/127.0.0.1:58027 - R:localhost/127.0.0.1:49790]' for 'POST' to 'http://localhost:49790/session/99a838e8-5242-4ca6-a1e5-a5365fdf4547/element/34d0e644-9641-4f49-a003-0e3446566387/click'
19:40:01.125 [Forwarding clickElement on session 99a838e8-5242-4ca6-a1e5-a5365fdf4547 to remote] DEBUG org.asynchttpclient.netty.request.NettyRequestSender - Using open Channel [id: 0xa9674987, L:/127.0.0.1:58027 - R:localhost/127.0.0.1:49790] for POST '/session/99a838e8-5242-4ca6-a1e5-a5365fdf4547/element/34d0e644-9641-4f49-a003-0e3446566387/click'
19:40:01.879 [AsyncHttpClient-1-8] DEBUG org.asynchttpclient.netty.handler.HttpHandler - 

Request DefaultHttpRequest(decodeResult: success, version: HTTP/1.1)
POST /session/99a838e8-5242-4ca6-a1e5-a5365fdf4547/element/34d0e644-9641-4f49-a003-0e3446566387/click HTTP/1.1
User-Agent: selenium/4.1.2 (java windows)
Content-Length: 50
Content-Type: application/json; charset=utf-8
host: localhost:49790
accept: */*

Response DefaultHttpResponse(decodeResult: success, version: HTTP/1.1)
HTTP/1.1 200 OK
content-type: application/json; charset=utf-8
cache-control: no-cache
date: Sun, 09 Apr 2023 12:40:00 GMT
content-length: 14

19:40:01.880 [AsyncHttpClient-1-8] DEBUG org.asynchttpclient.netty.channel.ChannelManager - Adding key: http://localhost:49790 for channel [id: 0xa9674987, L:/127.0.0.1:58027 - R:localhost/127.0.0.1:49790]
  &amp#27;[32mThen &amp#27;[0m&amp#27;[32mI click baby on the header&amp#27;[0m &amp#27;[90m# starter.stepdefinitions.BabyStep.iClickBabyOnTheHeader()&amp#27;[0m
19:40:01.889 [Forwarding screenshot on session 99a838e8-5242-4ca6-a1e5-a5365fdf4547 to remote] DEBUG org.asynchttpclient.netty.request.NettyRequestSender - Using pooled Channel '[id: 0xa9674987, L:/127.0.0.1:58027 - R:localhost/127.0.0.1:49790]' for 'GET' to 'http://localhost:49790/session/99a838e8-5242-4ca6-a1e5-a5365fdf4547/screenshot'
19:40:01.889 [Forwarding screenshot on session 99a838e8-5242-4ca6-a1e5-a5365fdf4547 to remote] DEBUG org.asynchttpclient.netty.request.NettyRequestSender - Using open Channel [id: 0xa9674987, L:/127.0.0.1:58027 - R:localhost/127.0.0.1:49790] for GET '/session/99a838e8-5242-4ca6-a1e5-a5365fdf4547/screenshot'
19:40:02.070 [AsyncHttpClient-1-8] DEBUG org.asynchttpclient.netty.handler.HttpHandler - 

Request DefaultFullHttpRequest(decodeResult: success, version: HTTP/1.1, content: EmptyByteBufBE)
GET /session/99a838e8-5242-4ca6-a1e5-a5365fdf4547/screenshot HTTP/1.1
User-Agent: selenium/4.1.2 (java windows)
Cache-Control: no-cache
Content-Type: application/json; charset=utf-8
host: localhost:49790
accept: */*

Response DefaultHttpResponse(decodeResult: success, version: HTTP/1.1)
HTTP/1.1 200 OK
content-type: application/json; charset=utf-8
cache-control: no-cache
date: Sun, 09 Apr 2023 12:40:01 GMT
content-length: 98024

19:40:02.071 [AsyncHttpClient-1-8] DEBUG org.asynchttpclient.netty.channel.ChannelManager - Adding key: http://localhost:49790 for channel [id: 0xa9674987, L:/127.0.0.1:58027 - R:localhost/127.0.0.1:49790]
19:40:02.074 [main] DEBUG net.serenitybdd.core.photography.Darkroom - Send negative for processing for target\site\serenity\bcb9a8d665d2c58a930e922f816fcc3ebc2aef855b882f3d531e7c9aa320b06d.png
19:40:02.088 [Forwarding findElement on session 99a838e8-5242-4ca6-a1e5-a5365fdf4547 to remote] DEBUG org.asynchttpclient.netty.request.NettyRequestSender - Using pooled Channel '[id: 0xa9674987, L:/127.0.0.1:58027 - R:localhost/127.0.0.1:49790]' for 'POST' to 'http://localhost:49790/session/99a838e8-5242-4ca6-a1e5-a5365fdf4547/element'
19:40:02.088 [Forwarding findElement on session 99a838e8-5242-4ca6-a1e5-a5365fdf4547 to remote] DEBUG org.asynchttpclient.netty.request.NettyRequestSender - Using open Channel [id: 0xa9674987, L:/127.0.0.1:58027 - R:localhost/127.0.0.1:49790] for POST '/session/99a838e8-5242-4ca6-a1e5-a5365fdf4547/element'
19:40:02.217 [AsyncHttpClient-1-8] DEBUG org.asynchttpclient.netty.handler.HttpHandler - 

Request DefaultHttpRequest(decodeResult: success, version: HTTP/1.1)
POST /session/99a838e8-5242-4ca6-a1e5-a5365fdf4547/element HTTP/1.1
User-Agent: selenium/4.1.2 (java windows)
Content-Length: 102
Content-Type: application/json; charset=utf-8
host: localhost:49790
accept: */*

Response DefaultHttpResponse(decodeResult: success, version: HTTP/1.1)
HTTP/1.1 200 OK
content-type: application/json; charset=utf-8
cache-control: no-cache
date: Sun, 09 Apr 2023 12:40:01 GMT
content-length: 88

19:40:02.217 [AsyncHttpClient-1-8] DEBUG org.asynchttpclient.netty.channel.ChannelManager - Adding key: http://localhost:49790 for channel [id: 0xa9674987, L:/127.0.0.1:58027 - R:localhost/127.0.0.1:49790]
19:40:02.219 [Forwarding getElementTagName on session 99a838e8-5242-4ca6-a1e5-a5365fdf4547 to remote] DEBUG org.asynchttpclient.netty.request.NettyRequestSender - Using pooled Channel '[id: 0xa9674987, L:/127.0.0.1:58027 - R:localhost/127.0.0.1:49790]' for 'GET' to 'http://localhost:49790/session/99a838e8-5242-4ca6-a1e5-a5365fdf4547/element/d0d5d5fb-0d2f-4b7f-9be0-b3c47fd5815c/name'
19:40:02.219 [Forwarding getElementTagName on session 99a838e8-5242-4ca6-a1e5-a5365fdf4547 to remote] DEBUG org.asynchttpclient.netty.request.NettyRequestSender - Using open Channel [id: 0xa9674987, L:/127.0.0.1:58027 - R:localhost/127.0.0.1:49790] for GET '/session/99a838e8-5242-4ca6-a1e5-a5365fdf4547/element/d0d5d5fb-0d2f-4b7f-9be0-b3c47fd5815c/name'
19:40:02.245 [AsyncHttpClient-1-8] DEBUG org.asynchttpclient.netty.handler.HttpHandler - 

Request DefaultFullHttpRequest(decodeResult: success, version: HTTP/1.1, content: EmptyByteBufBE)
GET /session/99a838e8-5242-4ca6-a1e5-a5365fdf4547/element/d0d5d5fb-0d2f-4b7f-9be0-b3c47fd5815c/name HTTP/1.1
User-Agent: selenium/4.1.2 (java windows)
Cache-Control: no-cache
Content-Type: application/json; charset=utf-8
host: localhost:49790
accept: */*

Response DefaultHttpResponse(decodeResult: success, version: HTTP/1.1)
HTTP/1.1 200 OK
content-type: application/json; charset=utf-8
cache-control: no-cache
date: Sun, 09 Apr 2023 12:40:01 GMT
content-length: 16

19:40:02.246 [AsyncHttpClient-1-8] DEBUG org.asynchttpclient.netty.channel.ChannelManager - Adding key: http://localhost:49790 for channel [id: 0xa9674987, L:/127.0.0.1:58027 - R:localhost/127.0.0.1:49790]
19:40:02.248 [Forwarding getElementTagName on session 99a838e8-5242-4ca6-a1e5-a5365fdf4547 to remote] DEBUG org.asynchttpclient.netty.request.NettyRequestSender - Using pooled Channel '[id: 0xa9674987, L:/127.0.0.1:58027 - R:localhost/127.0.0.1:49790]' for 'GET' to 'http://localhost:49790/session/99a838e8-5242-4ca6-a1e5-a5365fdf4547/element/d0d5d5fb-0d2f-4b7f-9be0-b3c47fd5815c/name'
19:40:02.248 [Forwarding getElementTagName on session 99a838e8-5242-4ca6-a1e5-a5365fdf4547 to remote] DEBUG org.asynchttpclient.netty.request.NettyRequestSender - Using open Channel [id: 0xa9674987, L:/127.0.0.1:58027 - R:localhost/127.0.0.1:49790] for GET '/session/99a838e8-5242-4ca6-a1e5-a5365fdf4547/element/d0d5d5fb-0d2f-4b7f-9be0-b3c47fd5815c/name'
19:40:02.282 [AsyncHttpClient-1-8] DEBUG org.asynchttpclient.netty.handler.HttpHandler - 

Request DefaultFullHttpRequest(decodeResult: success, version: HTTP/1.1, content: EmptyByteBufBE)
GET /session/99a838e8-5242-4ca6-a1e5-a5365fdf4547/element/d0d5d5fb-0d2f-4b7f-9be0-b3c47fd5815c/name HTTP/1.1
User-Agent: selenium/4.1.2 (java windows)
Cache-Control: no-cache
Content-Type: application/json; charset=utf-8
host: localhost:49790
accept: */*

Response DefaultHttpResponse(decodeResult: success, version: HTTP/1.1)
HTTP/1.1 200 OK
content-type: application/json; charset=utf-8
cache-control: no-cache
date: Sun, 09 Apr 2023 12:40:01 GMT
content-length: 16

19:40:02.282 [AsyncHttpClient-1-8] DEBUG org.asynchttpclient.netty.channel.ChannelManager - Adding key: http://localhost:49790 for channel [id: 0xa9674987, L:/127.0.0.1:58027 - R:localhost/127.0.0.1:49790]
19:40:02.285 [Forwarding findElement on session 99a838e8-5242-4ca6-a1e5-a5365fdf4547 to remote] DEBUG org.asynchttpclient.netty.request.NettyRequestSender - Using pooled Channel '[id: 0xa9674987, L:/127.0.0.1:58027 - R:localhost/127.0.0.1:49790]' for 'POST' to 'http://localhost:49790/session/99a838e8-5242-4ca6-a1e5-a5365fdf4547/element'
19:40:02.285 [Forwarding findElement on session 99a838e8-5242-4ca6-a1e5-a5365fdf4547 to remote] DEBUG org.asynchttpclient.netty.request.NettyRequestSender - Using open Channel [id: 0xa9674987, L:/127.0.0.1:58027 - R:localhost/127.0.0.1:49790] for POST '/session/99a838e8-5242-4ca6-a1e5-a5365fdf4547/element'
19:40:02.359 [AsyncHttpClient-1-8] DEBUG org.asynchttpclient.netty.handler.HttpHandler - 

Request DefaultHttpRequest(decodeResult: success, version: HTTP/1.1)
POST /session/99a838e8-5242-4ca6-a1e5-a5365fdf4547/element HTTP/1.1
User-Agent: selenium/4.1.2 (java windows)
Content-Length: 102
Content-Type: application/json; charset=utf-8
host: localhost:49790
accept: */*

Response DefaultHttpResponse(decodeResult: success, version: HTTP/1.1)
HTTP/1.1 200 OK
content-type: application/json; charset=utf-8
cache-control: no-cache
date: Sun, 09 Apr 2023 12:40:01 GMT
content-length: 88

19:40:02.359 [AsyncHttpClient-1-8] DEBUG org.asynchttpclient.netty.channel.ChannelManager - Adding key: http://localhost:49790 for channel [id: 0xa9674987, L:/127.0.0.1:58027 - R:localhost/127.0.0.1:49790]
19:40:02.360 [Forwarding clickElement on session 99a838e8-5242-4ca6-a1e5-a5365fdf4547 to remote] DEBUG org.asynchttpclient.netty.request.NettyRequestSender - Using pooled Channel '[id: 0xa9674987, L:/127.0.0.1:58027 - R:localhost/127.0.0.1:49790]' for 'POST' to 'http://localhost:49790/session/99a838e8-5242-4ca6-a1e5-a5365fdf4547/element/d0d5d5fb-0d2f-4b7f-9be0-b3c47fd5815c/click'
19:40:02.360 [Forwarding clickElement on session 99a838e8-5242-4ca6-a1e5-a5365fdf4547 to remote] DEBUG org.asynchttpclient.netty.request.NettyRequestSender - Using open Channel [id: 0xa9674987, L:/127.0.0.1:58027 - R:localhost/127.0.0.1:49790] for POST '/session/99a838e8-5242-4ca6-a1e5-a5365fdf4547/element/d0d5d5fb-0d2f-4b7f-9be0-b3c47fd5815c/click'
19:40:02.786 [AsyncHttpClient-1-8] DEBUG org.asynchttpclient.netty.handler.HttpHandler - 

Request DefaultHttpRequest(decodeResult: success, version: HTTP/1.1)
POST /session/99a838e8-5242-4ca6-a1e5-a5365fdf4547/element/d0d5d5fb-0d2f-4b7f-9be0-b3c47fd5815c/click HTTP/1.1
User-Agent: selenium/4.1.2 (java windows)
Content-Length: 50
Content-Type: application/json; charset=utf-8
host: localhost:49790
accept: */*

Response DefaultHttpResponse(decodeResult: success, version: HTTP/1.1)
HTTP/1.1 200 OK
content-type: application/json; charset=utf-8
cache-control: no-cache
date: Sun, 09 Apr 2023 12:40:01 GMT
content-length: 14

19:40:02.786 [AsyncHttpClient-1-8] DEBUG org.asynchttpclient.netty.channel.ChannelManager - Adding key: http://localhost:49790 for channel [id: 0xa9674987, L:/127.0.0.1:58027 - R:localhost/127.0.0.1:49790]
  &amp#27;[32mWhen &amp#27;[0m&amp#27;[32mI will go to &amp#27;[0m&amp#27;[32m&amp#27;[1m"gaun1"&amp#27;[0m       &amp#27;[90m# starter.stepdefinitions.BabyStep.iWillGoTo(java.lang.String)&amp#27;[0m
19:40:02.796 [Forwarding screenshot on session 99a838e8-5242-4ca6-a1e5-a5365fdf4547 to remote] DEBUG org.asynchttpclient.netty.request.NettyRequestSender - Using pooled Channel '[id: 0xa9674987, L:/127.0.0.1:58027 - R:localhost/127.0.0.1:49790]' for 'GET' to 'http://localhost:49790/session/99a838e8-5242-4ca6-a1e5-a5365fdf4547/screenshot'
19:40:02.796 [Forwarding screenshot on session 99a838e8-5242-4ca6-a1e5-a5365fdf4547 to remote] DEBUG org.asynchttpclient.netty.request.NettyRequestSender - Using open Channel [id: 0xa9674987, L:/127.0.0.1:58027 - R:localhost/127.0.0.1:49790] for GET '/session/99a838e8-5242-4ca6-a1e5-a5365fdf4547/screenshot'
19:40:02.960 [AsyncHttpClient-1-8] DEBUG org.asynchttpclient.netty.handler.HttpHandler - 

Request DefaultFullHttpRequest(decodeResult: success, version: HTTP/1.1, content: EmptyByteBufBE)
GET /session/99a838e8-5242-4ca6-a1e5-a5365fdf4547/screenshot HTTP/1.1
User-Agent: selenium/4.1.2 (java windows)
Cache-Control: no-cache
Content-Type: application/json; charset=utf-8
host: localhost:49790
accept: */*

Response DefaultHttpResponse(decodeResult: success, version: HTTP/1.1)
HTTP/1.1 200 OK
content-type: application/json; charset=utf-8
cache-control: no-cache
date: Sun, 09 Apr 2023 12:40:01 GMT
content-length: 78896

19:40:02.961 [AsyncHttpClient-1-8] DEBUG org.asynchttpclient.netty.channel.ChannelManager - Adding key: http://localhost:49790 for channel [id: 0xa9674987, L:/127.0.0.1:58027 - R:localhost/127.0.0.1:49790]
19:40:02.964 [main] DEBUG net.serenitybdd.core.photography.Darkroom - Send negative for processing for target\site\serenity\5c8bff4a3af3a95c62c83d3b64120781b77eab6a87b6367963e9b6aefbb150d8.png
19:40:02.964 [Darkroom Processing Line] DEBUG net.serenitybdd.core.photography.DarkroomProcessingLine - Processing screenshot image in /var/screenshots/screenshot-4885941657008341808
19:40:02.964 [Darkroom Processing Line] DEBUG net.serenitybdd.core.photography.DarkroomProcessingLine - Saving screenshot to target\site\serenity\5c8bff4a3af3a95c62c83d3b64120781b77eab6a87b6367963e9b6aefbb150d8.png
19:40:02.971 [Forwarding findElement on session 99a838e8-5242-4ca6-a1e5-a5365fdf4547 to remote] DEBUG org.asynchttpclient.netty.request.NettyRequestSender - Using pooled Channel '[id: 0xa9674987, L:/127.0.0.1:58027 - R:localhost/127.0.0.1:49790]' for 'POST' to 'http://localhost:49790/session/99a838e8-5242-4ca6-a1e5-a5365fdf4547/element'
19:40:02.971 [Forwarding findElement on session 99a838e8-5242-4ca6-a1e5-a5365fdf4547 to remote] DEBUG org.asynchttpclient.netty.request.NettyRequestSender - Using open Channel [id: 0xa9674987, L:/127.0.0.1:58027 - R:localhost/127.0.0.1:49790] for POST '/session/99a838e8-5242-4ca6-a1e5-a5365fdf4547/element'
19:40:02.975 [AsyncHttpClient-1-8] DEBUG org.asynchttpclient.netty.handler.HttpHandler - 

Request DefaultHttpRequest(decodeResult: success, version: HTTP/1.1)
POST /session/99a838e8-5242-4ca6-a1e5-a5365fdf4547/element HTTP/1.1
User-Agent: selenium/4.1.2 (java windows)
Content-Length: 86
Content-Type: application/json; charset=utf-8
host: localhost:49790
accept: */*

Response DefaultHttpResponse(decodeResult: success, version: HTTP/1.1)
HTTP/1.1 200 OK
content-type: application/json; charset=utf-8
cache-control: no-cache
date: Sun, 09 Apr 2023 12:40:02 GMT
content-length: 88

19:40:02.975 [AsyncHttpClient-1-8] DEBUG org.asynchttpclient.netty.channel.ChannelManager - Adding key: http://localhost:49790 for channel [id: 0xa9674987, L:/127.0.0.1:58027 - R:localhost/127.0.0.1:49790]
19:40:02.979 [Forwarding isElementDisplayed on session 99a838e8-5242-4ca6-a1e5-a5365fdf4547 to remote] DEBUG org.asynchttpclient.netty.request.NettyRequestSender - Using pooled Channel '[id: 0xa9674987, L:/127.0.0.1:58027 - R:localhost/127.0.0.1:49790]' for 'POST' to 'http://localhost:49790/session/99a838e8-5242-4ca6-a1e5-a5365fdf4547/execute/sync'
19:40:02.979 [Forwarding isElementDisplayed on session 99a838e8-5242-4ca6-a1e5-a5365fdf4547 to remote] DEBUG org.asynchttpclient.netty.request.NettyRequestSender - Using open Channel [id: 0xa9674987, L:/127.0.0.1:58027 - R:localhost/127.0.0.1:49790] for POST '/session/99a838e8-5242-4ca6-a1e5-a5365fdf4547/execute/sync'
19:40:03.001 [AsyncHttpClient-1-8] DEBUG org.asynchttpclient.netty.handler.HttpHandler - 

Request DefaultHttpRequest(decodeResult: success, version: HTTP/1.1)
POST /session/99a838e8-5242-4ca6-a1e5-a5365fdf4547/execute/sync HTTP/1.1
User-Agent: selenium/4.1.2 (java windows)
Content-Length: 48780
Content-Type: application/json; charset=utf-8
host: localhost:49790
accept: */*

Response DefaultHttpResponse(decodeResult: success, version: HTTP/1.1)
HTTP/1.1 200 OK
content-type: application/json; charset=utf-8
cache-control: no-cache
date: Sun, 09 Apr 2023 12:40:02 GMT
content-length: 14

19:40:03.001 [AsyncHttpClient-1-8] DEBUG org.asynchttpclient.netty.channel.ChannelManager - Adding key: http://localhost:49790 for channel [id: 0xa9674987, L:/127.0.0.1:58027 - R:localhost/127.0.0.1:49790]
  &amp#27;[32mAnd &amp#27;[0m&amp#27;[32mI &amp#27;[0m&amp#27;[32m&amp#27;[1m"txtGaun1"&amp#27;[0m&amp#27;[32m page&amp#27;[0m           &amp#27;[90m# starter.stepdefinitions.BabyStep.iPage(java.lang.String)&amp#27;[0m
19:40:03.010 [Driver Command Executor] DEBUG org.asynchttpclient.netty.request.NettyRequestSender - Using pooled Channel '[id: 0xa9674987, L:/127.0.0.1:58027 - R:localhost/127.0.0.1:49790]' for 'DELETE' to 'http://localhost:49790/session/99a838e8-5242-4ca6-a1e5-a5365fdf4547'
19:40:03.010 [Driver Command Executor] DEBUG org.asynchttpclient.netty.request.NettyRequestSender - Using open Channel [id: 0xa9674987, L:/127.0.0.1:58027 - R:localhost/127.0.0.1:49790] for DELETE '/session/99a838e8-5242-4ca6-a1e5-a5365fdf4547'
19:40:04.543 [AsyncHttpClient-1-8] DEBUG org.asynchttpclient.netty.handler.HttpHandler - 

Request DefaultFullHttpRequest(decodeResult: success, version: HTTP/1.1, content: EmptyByteBufBE)
DELETE /session/99a838e8-5242-4ca6-a1e5-a5365fdf4547 HTTP/1.1
User-Agent: selenium/4.1.2 (java windows)
Content-Type: application/json; charset=utf-8
host: localhost:49790
accept: */*

Response DefaultHttpResponse(decodeResult: success, version: HTTP/1.1)
HTTP/1.1 200 OK
content-type: application/json; charset=utf-8
cache-control: no-cache
date: Sun, 09 Apr 2023 12:40:02 GMT
content-length: 14

19:40:04.543 [AsyncHttpClient-1-8] DEBUG org.asynchttpclient.netty.channel.ChannelManager - Adding key: http://localhost:49790 for channel [id: 0xa9674987, L:/127.0.0.1:58027 - R:localhost/127.0.0.1:49790]
19:40:04.545 [AsyncHttpClient-1-8] DEBUG org.asynchttpclient.netty.handler.HttpHandler - Unexpected I/O exception on channel [id: 0xa9674987, L:/127.0.0.1:58027 - R:localhost/127.0.0.1:49790]
java.net.SocketException: Connection reset
	at java.base/sun.nio.ch.SocketChannelImpl.throwConnectionReset(SocketChannelImpl.java:345)
	at java.base/sun.nio.ch.SocketChannelImpl.read(SocketChannelImpl.java:376)
	at io.netty.buffer.PooledByteBuf.setBytes(PooledByteBuf.java:258)
	at io.netty.buffer.AbstractByteBuf.writeBytes(AbstractByteBuf.java:1132)
	at io.netty.channel.socket.nio.NioSocketChannel.doReadBytes(NioSocketChannel.java:350)
	at io.netty.channel.nio.AbstractNioByteChannel$NioByteUnsafe.read(AbstractNioByteChannel.java:151)
	at io.netty.channel.nio.NioEventLoop.processSelectedKey(NioEventLoop.java:722)
	at io.netty.channel.nio.NioEventLoop.processSelectedKeysOptimized(NioEventLoop.java:658)
	at io.netty.channel.nio.NioEventLoop.processSelectedKeys(NioEventLoop.java:584)
	at io.netty.channel.nio.NioEventLoop.run(NioEventLoop.java:496)
	at io.netty.util.concurrent.SingleThreadEventExecutor$4.run(SingleThreadEventExecutor.java:986)
	at io.netty.util.internal.ThreadExecutorMap$2.run(ThreadExecutorMap.java:74)
	at io.netty.util.concurrent.FastThreadLocalRunnable.run(FastThreadLocalRunnable.java:30)
	at java.base/java.lang.Thread.run(Thread.java:830)
19:40:04.545 [AsyncHttpClient-1-8] DEBUG org.asynchttpclient.netty.channel.ChannelManager - Closing Channel [id: 0xa9674987, L:/127.0.0.1:58027 - R:localhost/127.0.0.1:49790] 
19:40:04.545 [AsyncHttpClient-1-8] DEBUG org.asynchttpclient.netty.handler.HttpHandler - Channel Closed: [id: 0xa9674987, L:/127.0.0.1:58027 ! R:localhost/127.0.0.1:49790] with attribute DISCARD
]]></system-out>
    <system-err><![CDATA[1681043995020	geckodriver	INFO	Listening on 127.0.0.1:49790
1681043995517	mozrunner::runner	INFO	Running command: "C:\\Program Files\\Mozilla Firefox\\firefox.exe" "--marionette" "" "--remote-debugging-port" "58362" "--remote-allow-hosts" "localhost" "-no-remote" "-profile" "C:\\Users\\alwi\\AppData\\Local\\Temp\\rust_mozprofileco1BtH"
console.warn: services.settings: Ignoring preference override of remote settings server
console.warn: services.settings: Allow by setting MOZ_REMOTE_SETTINGS_DEVTOOLS=1 in the environment
1681043995858	Marionette	INFO	Marionette enabled
Dynamically enable window occlusion 0
1681043995863	Marionette	INFO	Listening on port 58030
WebDriver BiDi listening on ws://127.0.0.1:58362
Read port: 58030
1681043996107	RemoteAgent	WARN	TLS certificate errors will be ignored for this session
console.warn: SearchSettings: "get: No settings file exists, new profile?" (new NotFoundError("Could not open the file at C:\\Users\\alwi\\AppData\\Local\\Temp\\rust_mozprofileco1BtH\\search.json.mozlz4", (void 0)))
DevTools listening on ws://127.0.0.1:58362/devtools/browser/043dfb48-654a-486b-9780-be99f03df310
Apr 09, 2023 7:39:57 PM org.openqa.selenium.remote.ProtocolHandshake createSession
INFO: Detected dialect: W3C
JavaScript warning: https://www.uniqlo.com/oQfZRN8zACRR/OQ/-x_RMR-EGX/k95OLrhJQ5/OXl6GHI5AQ/PnUdVS/RrZQs, line 1: unreachable code after return statement
JavaScript warning: https://www.uniqlo.com/id/elgnisolqinu.js?async&seed=AECl_mWHAQAAhXleUcVgnU2eEowETsYZDsExG9MVfyypS8j2a8yO2N_NY-zV&x-i1ysm4mm--z=q, line 1: WEBGL_debug_renderer_info is deprecated in Firefox and will be removed. Please use RENDERER.
JavaScript warning: https://www.uniqlo.com/oQfZRN8zACRR/OQ/-x_RMR-EGX/k95OLrhJQ5/OXl6GHI5AQ/PnUdVS/RrZQs, line 1: WEBGL_debug_renderer_info is deprecated in Firefox and will be removed. Please use RENDERER.
1681044003013	Marionette	INFO	Stopped listening on port 58030
Dynamically enable window occlusion 1
WARNING: A blocker encountered an error while we were waiting.
          Blocker:  Waiting for ping task
          Phase: TelemetryController: Waiting for pending ping activity
          State: (none)
WARNING: Error: Phase "profile-before-change" is finished, it is too late to register completion condition "OS.File: flush I/O queued before profileBeforeChange"
WARNING: addBlocker@resource://gre/modules/AsyncShutdown.sys.mjs:727:15
addBlocker@resource://gre/modules/AsyncShutdown.sys.mjs:523:26
addBlocker@resource://gre/modules/AsyncShutdown.sys.mjs:458:15
setupShutdown@resource://gre/modules/osfile/osfile_async_front.jsm:1548:28
@resource://gre/modules/osfile/osfile_async_front.jsm:1568:16
@resource://gre/modules/osfile.jsm:12:30
@resource://gre/modules/TelemetryStorage.sys.mjs:10:28
_checkPendingPings@resource://gre/modules/TelemetrySend.sys.mjs:863:17
setup@resource://gre/modules/TelemetrySend.sys.mjs:803:18
setup@resource://gre/modules/TelemetrySend.sys.mjs:241:30
setupTelemetry/this._delayedInitTask<@resource://gre/modules/TelemetryControllerParent.sys.mjs:828:36
observe@resource://gre/modules/AsyncShutdown.sys.mjs:576:16

console.error: "TelemetryScheduler.shutdown - Already shut down"
WARNING: A blocker encountered an error while we were waiting.
          Blocker:  Waiting for ping task
          Phase: TelemetryController: Waiting for pending ping activity
          State: (none)
WARNING: Error: Phase "profile-before-change" is finished, it is too late to register completion condition "OS.File: flush I/O queued before profileBeforeChange"
WARNING: addBlocker@resource://gre/modules/AsyncShutdown.sys.mjs:727:15
addBlocker@resource://gre/modules/AsyncShutdown.sys.mjs:523:26
addBlocker@resource://gre/modules/AsyncShutdown.sys.mjs:458:15
setupShutdown@resource://gre/modules/osfile/osfile_async_front.jsm:1548:28
@resource://gre/modules/osfile/osfile_async_front.jsm:1568:16
@resource://gre/modules/osfile.jsm:12:30
@resource://gre/modules/TelemetryStorage.sys.mjs:10:28
_checkPendingPings@resource://gre/modules/TelemetrySend.sys.mjs:863:17
setup@resource://gre/modules/TelemetrySend.sys.mjs:803:18
setup@resource://gre/modules/TelemetrySend.sys.mjs:241:30
setupTelemetry/this._delayedInitTask<@resource://gre/modules/TelemetryControllerParent.sys.mjs:828:36
observe@resource://gre/modules/AsyncShutdown.sys.mjs:576:16

WARNING: A blocker encountered an error while we were waiting.
          Blocker:  Waiting for ping task
          Phase: TelemetryController: Waiting for pending ping activity
          State: (none)
WARNING: Error: Phase "profile-before-change" is finished, it is too late to register completion condition "OS.File: flush I/O queued before profileBeforeChange"
WARNING: addBlocker@resource://gre/modules/AsyncShutdown.sys.mjs:727:15
addBlocker@resource://gre/modules/AsyncShutdown.sys.mjs:523:26
addBlocker@resource://gre/modules/AsyncShutdown.sys.mjs:458:15
setupShutdown@resource://gre/modules/osfile/osfile_async_front.jsm:1548:28
@resource://gre/modules/osfile/osfile_async_front.jsm:1568:16
@resource://gre/modules/osfile.jsm:12:30
@resource://gre/modules/TelemetryStorage.sys.mjs:10:28
_checkPendingPings@resource://gre/modules/TelemetrySend.sys.mjs:863:17
setup@resource://gre/modules/TelemetrySend.sys.mjs:803:18
setup@resource://gre/modules/TelemetrySend.sys.mjs:241:30
setupTelemetry/this._delayedInitTask<@resource://gre/modules/TelemetryControllerParent.sys.mjs:828:36
observe@resource://gre/modules/AsyncShutdown.sys.mjs:576:16

WARNING: A blocker encountered an error while we were waiting.
          Blocker:  TelemetryController: shutting down
          Phase: profile-before-change-telemetry
          State: Error getting state: Error: Phase "profile-before-change" is finished, it is too late to register completion condition "OS.File: flush I/O queued before profileBeforeChange" at addBlocker@resource://gre/modules/AsyncShutdown.sys.mjs:727:15
addBlocker@resource://gre/modules/AsyncShutdown.sys.mjs:523:26
addBlocker@resource://gre/modules/AsyncShutdown.sys.mjs:458:15
setupShutdown@resource://gre/modules/osfile/osfile_async_front.jsm:1548:28
@resource://gre/modules/osfile/osfile_async_front.jsm:1568:16
@resource://gre/modules/osfile.jsm:12:30
@resource://gre/modules/TelemetryStorage.sys.mjs:10:28
_checkPendingPings@resource://gre/modules/TelemetrySend.sys.mjs:863:17
setup@resource://gre/modules/TelemetrySend.sys.mjs:803:18
setup@resource://gre/modules/TelemetrySend.sys.mjs:241:30
setupTelemetry/this._delayedInitTask<@resource://gre/modules/TelemetryControllerParent.sys.mjs:828:36
observe@resource://gre/modules/AsyncShutdown.sys.mjs:576:16

WARNING: Error: Phase "profile-before-change" is finished, it is too late to register completion condition "OS.File: flush I/O queued before profileBeforeChange"
WARNING: addBlocker@resource://gre/modules/AsyncShutdown.sys.mjs:727:15
addBlocker@resource://gre/modules/AsyncShutdown.sys.mjs:523:26
addBlocker@resource://gre/modules/AsyncShutdown.sys.mjs:458:15
setupShutdown@resource://gre/modules/osfile/osfile_async_front.jsm:1548:28
@resource://gre/modules/osfile/osfile_async_front.jsm:1568:16
@resource://gre/modules/osfile.jsm:12:30
@resource://gre/modules/TelemetryStorage.sys.mjs:10:28
_checkPendingPings@resource://gre/modules/TelemetrySend.sys.mjs:863:17
setup@resource://gre/modules/TelemetrySend.sys.mjs:803:18
setup@resource://gre/modules/TelemetrySend.sys.mjs:241:30
setupTelemetry/this._delayedInitTask<@resource://gre/modules/TelemetryControllerParent.sys.mjs:828:36
observe@resource://gre/modules/AsyncShutdown.sys.mjs:576:16

JavaScript error: resource://gre/modules/AsyncShutdown.sys.mjs, line 727: Error: Phase "profile-before-change" is finished, it is too late to register completion condition "OS.File: flush I/O queued before profileBeforeChange"
JavaScript error: resource://gre/modules/AsyncShutdown.sys.mjs, line 727: Error: Phase "profile-before-change" is finished, it is too late to register completion condition "OS.File: flush I/O queued before profileBeforeChange"
JavaScript error: resource://gre/modules/AsyncShutdown.sys.mjs, line 727: Error: Phase "profile-before-change" is finished, it is too late to register completion condition "OS.File: flush I/O queued before profileBeforeChange"
JavaScript error: resource://gre/modules/AsyncShutdown.sys.mjs, line 727: Error: Phase "profile-before-change" is finished, it is too late to register completion condition "OS.File: flush I/O queued before profileBeforeChange"
JavaScript error: resource://gre/modules/AsyncShutdown.sys.mjs, line 727: Error: Phase "profile-before-change" is finished, it is too late to register completion condition "OS.File: flush I/O queued before profileBeforeChange"
JavaScript error: resource://gre/modules/AsyncShutdown.sys.mjs, line 727: Error: Phase "profile-before-change" is finished, it is too late to register completion condition "OS.File: flush I/O queued before profileBeforeChange"
]]></system-err>
  </testcase>
  <testcase name="Fitur Menu Baby #12" classname="Baby" time="9.289">
    <system-out><![CDATA[
@baby
Scenario Outline: Fitur Menu Baby &amp#27;[90m# src/test/resources/features/Baby.feature:24&amp#27;[0m
19:40:04.613 [main] INFO io.cucumber.core.plugin.SerenityReporter - Running feature from file:///C:/Users/alwi/IdeaProjects/uniqloweb/src/test/resources/features/Baby.feature
19:40:04.625 [main] INFO net.serenitybdd.core.webdriver.driverproviders.FirefoxDriverProvider - Using automatically driver download
19:40:04.724 [main] DEBUG io.github.bonigarcia.wdm.cache.ResolutionCache - Resolution firefox=111 in cache (valid until 20:30:50 09/04/2023 WIB)
19:40:04.728 [main] DEBUG io.github.bonigarcia.wdm.cache.ResolutionCache - Resolution firefox111=0.32.2 in cache (valid until 19:30:50 10/04/2023 WIB)
19:40:04.729 [main] INFO io.github.bonigarcia.wdm.WebDriverManager - Using geckodriver 0.32.2 (resolved driver for Firefox 111)
19:40:04.741 [main] DEBUG io.github.bonigarcia.wdm.WebDriverManager - Driver geckodriver 0.32.2 found in cache
19:40:04.741 [main] INFO io.github.bonigarcia.wdm.WebDriverManager - Exporting webdriver.gecko.driver as C:\Users\alwi\.cache\selenium\geckodriver\win64\0.32.2\geckodriver.exe
19:40:04.753 [main] DEBUG net.serenitybdd.core.webdriver.driverproviders.ProvideNewDriver - Instantiating driver
19:40:04.753 [main] DEBUG net.serenitybdd.core.webdriver.driverproviders.ProvideNewDriver - Driver capabilities: Capabilities {acceptInsecureCerts: true, browserName: firefox, moz:debuggerAddress: true, moz:firefoxOptions: {args: [], profile: UEsDBBQACAgIAAKdiVYAAAAAAAA...}}
19:40:04.827 [AsyncHttpClient-1-1] DEBUG org.asynchttpclient.netty.channel.DefaultChannelPool - Entry count for : http://localhost:49790 : 1
19:40:04.827 [AsyncHttpClient-1-1] DEBUG org.asynchttpclient.netty.channel.DefaultChannelPool - Adding Candidate expired Channel [id: 0xa9674987, L:/127.0.0.1:58027 ! R:localhost/127.0.0.1:49790] isIdleTimeoutExpired=false isRemotelyClosed=true isTtlExpired=false
19:40:04.827 [AsyncHttpClient-1-1] DEBUG org.asynchttpclient.netty.channel.DefaultChannelPool - Closing Idle Channel [id: 0xa9674987, L:/127.0.0.1:58027 ! R:localhost/127.0.0.1:49790]
19:40:04.827 [AsyncHttpClient-1-1] DEBUG org.asynchttpclient.netty.channel.DefaultChannelPool - Closed 1 connections out of 1 in 0 ms
19:40:05.273 [AsyncHttpClient-1-10] DEBUG org.asynchttpclient.netty.channel.NettyConnectListener - Using new Channel '[id: 0xf787949b, L:/127.0.0.1:58132 - R:localhost/127.0.0.1:60799]' for 'POST' to '/session'
19:40:07.739 [AsyncHttpClient-1-10] DEBUG org.asynchttpclient.netty.handler.HttpHandler - 

Request DefaultHttpRequest(decodeResult: success, version: HTTP/1.1)
POST /session HTTP/1.1
User-Agent: selenium/4.1.2 (java windows)
Content-Length: 3673
Content-Type: application/json; charset=utf-8
host: localhost:60799
accept: */*

Response DefaultHttpResponse(decodeResult: success, version: HTTP/1.1)
HTTP/1.1 200 OK
content-type: application/json; charset=utf-8
cache-control: no-cache
date: Sun, 09 Apr 2023 12:40:05 GMT
content-length: 790

19:40:07.739 [AsyncHttpClient-1-10] DEBUG org.asynchttpclient.netty.channel.ChannelManager - Adding key: http://localhost:60799 for channel [id: 0xf787949b, L:/127.0.0.1:58132 - R:localhost/127.0.0.1:60799]
19:40:07.745 [AsyncHttpClient-1-11] DEBUG org.asynchttpclient.netty.channel.NettyConnectListener - Using new Channel '[id: 0x846c30b7, L:/127.0.0.1:58147 - R:/127.0.0.1:59801]' for 'GET' to '/json/version'
19:40:07.749 [AsyncHttpClient-1-11] DEBUG org.asynchttpclient.netty.handler.HttpHandler - 

Request DefaultFullHttpRequest(decodeResult: success, version: HTTP/1.1, content: EmptyByteBufBE)
GET /json/version HTTP/1.1
User-Agent: selenium/4.1.2 (java windows)
host: 127.0.0.1:59801
accept: */*

Response DefaultHttpResponse(decodeResult: success, version: HTTP/1.1)
HTTP/1.1 200 OK
content-type: application/json
connection: close
server: httpd.js
date: Sun, 09 Apr 2023 12:40:07 GMT
content-length: 311

19:40:07.750 [AsyncHttpClient-1-11] DEBUG org.asynchttpclient.netty.channel.ChannelManager - Closing Channel [id: 0x846c30b7, L:/127.0.0.1:58147 - R:/127.0.0.1:59801] 
19:40:07.750 [AsyncHttpClient-1-11] DEBUG org.asynchttpclient.netty.handler.HttpHandler - Channel Closed: [id: 0x846c30b7, L:/127.0.0.1:58147 ! R:/127.0.0.1:59801] with attribute DISCARD
19:40:07.752 [Forwarding get on session 520dc1a3-823e-4945-8827-daecfe756391 to remote] DEBUG org.asynchttpclient.netty.request.NettyRequestSender - Using pooled Channel '[id: 0xf787949b, L:/127.0.0.1:58132 - R:localhost/127.0.0.1:60799]' for 'POST' to 'http://localhost:60799/session/520dc1a3-823e-4945-8827-daecfe756391/url'
19:40:07.752 [Forwarding get on session 520dc1a3-823e-4945-8827-daecfe756391 to remote] DEBUG org.asynchttpclient.netty.request.NettyRequestSender - Using open Channel [id: 0xf787949b, L:/127.0.0.1:58132 - R:localhost/127.0.0.1:60799] for POST '/session/520dc1a3-823e-4945-8827-daecfe756391/url'
19:40:08.875 [AsyncHttpClient-1-10] DEBUG org.asynchttpclient.netty.handler.HttpHandler - 

Request DefaultHttpRequest(decodeResult: success, version: HTTP/1.1)
POST /session/520dc1a3-823e-4945-8827-daecfe756391/url HTTP/1.1
User-Agent: selenium/4.1.2 (java windows)
Content-Length: 53
Content-Type: application/json; charset=utf-8
host: localhost:60799
accept: */*

Response DefaultHttpResponse(decodeResult: success, version: HTTP/1.1)
HTTP/1.1 200 OK
content-type: application/json; charset=utf-8
cache-control: no-cache
date: Sun, 09 Apr 2023 12:40:07 GMT
content-length: 14

19:40:08.876 [AsyncHttpClient-1-10] DEBUG org.asynchttpclient.netty.channel.ChannelManager - Adding key: http://localhost:60799 for channel [id: 0xf787949b, L:/127.0.0.1:58132 - R:localhost/127.0.0.1:60799]
19:40:08.877 [Forwarding setTimeout on session 520dc1a3-823e-4945-8827-daecfe756391 to remote] DEBUG org.asynchttpclient.netty.request.NettyRequestSender - Using pooled Channel '[id: 0xf787949b, L:/127.0.0.1:58132 - R:localhost/127.0.0.1:60799]' for 'POST' to 'http://localhost:60799/session/520dc1a3-823e-4945-8827-daecfe756391/timeouts'
19:40:08.877 [Forwarding setTimeout on session 520dc1a3-823e-4945-8827-daecfe756391 to remote] DEBUG org.asynchttpclient.netty.request.NettyRequestSender - Using open Channel [id: 0xf787949b, L:/127.0.0.1:58132 - R:localhost/127.0.0.1:60799] for POST '/session/520dc1a3-823e-4945-8827-daecfe756391/timeouts'
19:40:08.886 [AsyncHttpClient-1-10] DEBUG org.asynchttpclient.netty.handler.HttpHandler - 

Request DefaultHttpRequest(decodeResult: success, version: HTTP/1.1)
POST /session/520dc1a3-823e-4945-8827-daecfe756391/timeouts HTTP/1.1
User-Agent: selenium/4.1.2 (java windows)
Content-Length: 22
Content-Type: application/json; charset=utf-8
host: localhost:60799
accept: */*

Response DefaultHttpResponse(decodeResult: success, version: HTTP/1.1)
HTTP/1.1 200 OK
content-type: application/json; charset=utf-8
cache-control: no-cache
date: Sun, 09 Apr 2023 12:40:08 GMT
content-length: 14

19:40:08.886 [AsyncHttpClient-1-10] DEBUG org.asynchttpclient.netty.channel.ChannelManager - Adding key: http://localhost:60799 for channel [id: 0xf787949b, L:/127.0.0.1:58132 - R:localhost/127.0.0.1:60799]
19:40:08.888 [Forwarding getCurrentUrl on session 520dc1a3-823e-4945-8827-daecfe756391 to remote] DEBUG org.asynchttpclient.netty.request.NettyRequestSender - Using pooled Channel '[id: 0xf787949b, L:/127.0.0.1:58132 - R:localhost/127.0.0.1:60799]' for 'GET' to 'http://localhost:60799/session/520dc1a3-823e-4945-8827-daecfe756391/url'
19:40:08.888 [Forwarding getCurrentUrl on session 520dc1a3-823e-4945-8827-daecfe756391 to remote] DEBUG org.asynchttpclient.netty.request.NettyRequestSender - Using open Channel [id: 0xf787949b, L:/127.0.0.1:58132 - R:localhost/127.0.0.1:60799] for GET '/session/520dc1a3-823e-4945-8827-daecfe756391/url'
19:40:08.893 [AsyncHttpClient-1-10] DEBUG org.asynchttpclient.netty.handler.HttpHandler - 

Request DefaultFullHttpRequest(decodeResult: success, version: HTTP/1.1, content: EmptyByteBufBE)
GET /session/520dc1a3-823e-4945-8827-daecfe756391/url HTTP/1.1
User-Agent: selenium/4.1.2 (java windows)
Cache-Control: no-cache
Content-Type: application/json; charset=utf-8
host: localhost:60799
accept: */*

Response DefaultHttpResponse(decodeResult: success, version: HTTP/1.1)
HTTP/1.1 200 OK
content-type: application/json; charset=utf-8
cache-control: no-cache
date: Sun, 09 Apr 2023 12:40:08 GMT
content-length: 41

19:40:08.893 [AsyncHttpClient-1-10] DEBUG org.asynchttpclient.netty.channel.ChannelManager - Adding key: http://localhost:60799 for channel [id: 0xf787949b, L:/127.0.0.1:58132 - R:localhost/127.0.0.1:60799]
  &amp#27;[32mGiven &amp#27;[0m&amp#27;[32mI am on the home page&amp#27;[0m     &amp#27;[90m# starter.stepdefinitions.BabyStep.iAmOnTheHomePage()&amp#27;[0m
19:40:08.900 [Forwarding screenshot on session 520dc1a3-823e-4945-8827-daecfe756391 to remote] DEBUG org.asynchttpclient.netty.request.NettyRequestSender - Using pooled Channel '[id: 0xf787949b, L:/127.0.0.1:58132 - R:localhost/127.0.0.1:60799]' for 'GET' to 'http://localhost:60799/session/520dc1a3-823e-4945-8827-daecfe756391/screenshot'
19:40:08.900 [Forwarding screenshot on session 520dc1a3-823e-4945-8827-daecfe756391 to remote] DEBUG org.asynchttpclient.netty.request.NettyRequestSender - Using open Channel [id: 0xf787949b, L:/127.0.0.1:58132 - R:localhost/127.0.0.1:60799] for GET '/session/520dc1a3-823e-4945-8827-daecfe756391/screenshot'
19:40:09.912 [AsyncHttpClient-1-10] DEBUG org.asynchttpclient.netty.handler.HttpHandler - 

Request DefaultFullHttpRequest(decodeResult: success, version: HTTP/1.1, content: EmptyByteBufBE)
GET /session/520dc1a3-823e-4945-8827-daecfe756391/screenshot HTTP/1.1
User-Agent: selenium/4.1.2 (java windows)
Cache-Control: no-cache
Content-Type: application/json; charset=utf-8
host: localhost:60799
accept: */*

Response DefaultHttpResponse(decodeResult: success, version: HTTP/1.1)
HTTP/1.1 200 OK
content-type: application/json; charset=utf-8
cache-control: no-cache
date: Sun, 09 Apr 2023 12:40:08 GMT
content-length: 88996

19:40:09.912 [AsyncHttpClient-1-10] DEBUG org.asynchttpclient.netty.channel.ChannelManager - Adding key: http://localhost:60799 for channel [id: 0xf787949b, L:/127.0.0.1:58132 - R:localhost/127.0.0.1:60799]
19:40:09.916 [main] DEBUG net.serenitybdd.core.photography.Darkroom - Send negative for processing for target\site\serenity\67168f3b074ffb50a34349ff14eec85c838e0a36c5acbdeee5ea00f80118830c.png
19:40:09.916 [Darkroom Processing Line] DEBUG net.serenitybdd.core.photography.DarkroomProcessingLine - Processing screenshot image in /var/screenshots/screenshot-8393798453299834319
19:40:09.916 [Darkroom Processing Line] DEBUG net.serenitybdd.core.photography.DarkroomProcessingLine - Saving screenshot to target\site\serenity\67168f3b074ffb50a34349ff14eec85c838e0a36c5acbdeee5ea00f80118830c.png
19:40:09.924 [Forwarding findElement on session 520dc1a3-823e-4945-8827-daecfe756391 to remote] DEBUG org.asynchttpclient.netty.request.NettyRequestSender - Using pooled Channel '[id: 0xf787949b, L:/127.0.0.1:58132 - R:localhost/127.0.0.1:60799]' for 'POST' to 'http://localhost:60799/session/520dc1a3-823e-4945-8827-daecfe756391/element'
19:40:09.924 [Forwarding findElement on session 520dc1a3-823e-4945-8827-daecfe756391 to remote] DEBUG org.asynchttpclient.netty.request.NettyRequestSender - Using open Channel [id: 0xf787949b, L:/127.0.0.1:58132 - R:localhost/127.0.0.1:60799] for POST '/session/520dc1a3-823e-4945-8827-daecfe756391/element'
19:40:09.947 [AsyncHttpClient-1-10] DEBUG org.asynchttpclient.netty.handler.HttpHandler - 

Request DefaultHttpRequest(decodeResult: success, version: HTTP/1.1)
POST /session/520dc1a3-823e-4945-8827-daecfe756391/element HTTP/1.1
User-Agent: selenium/4.1.2 (java windows)
Content-Length: 81
Content-Type: application/json; charset=utf-8
host: localhost:60799
accept: */*

Response DefaultHttpResponse(decodeResult: success, version: HTTP/1.1)
HTTP/1.1 200 OK
content-type: application/json; charset=utf-8
cache-control: no-cache
date: Sun, 09 Apr 2023 12:40:09 GMT
content-length: 88

19:40:09.947 [AsyncHttpClient-1-10] DEBUG org.asynchttpclient.netty.channel.ChannelManager - Adding key: http://localhost:60799 for channel [id: 0xf787949b, L:/127.0.0.1:58132 - R:localhost/127.0.0.1:60799]
19:40:09.948 [Forwarding getElementTagName on session 520dc1a3-823e-4945-8827-daecfe756391 to remote] DEBUG org.asynchttpclient.netty.request.NettyRequestSender - Using pooled Channel '[id: 0xf787949b, L:/127.0.0.1:58132 - R:localhost/127.0.0.1:60799]' for 'GET' to 'http://localhost:60799/session/520dc1a3-823e-4945-8827-daecfe756391/element/c3179ae7-ea5b-4ca9-91ab-3fdd95f92f70/name'
19:40:09.949 [Forwarding getElementTagName on session 520dc1a3-823e-4945-8827-daecfe756391 to remote] DEBUG org.asynchttpclient.netty.request.NettyRequestSender - Using open Channel [id: 0xf787949b, L:/127.0.0.1:58132 - R:localhost/127.0.0.1:60799] for GET '/session/520dc1a3-823e-4945-8827-daecfe756391/element/c3179ae7-ea5b-4ca9-91ab-3fdd95f92f70/name'
19:40:09.981 [AsyncHttpClient-1-10] DEBUG org.asynchttpclient.netty.handler.HttpHandler - 

Request DefaultFullHttpRequest(decodeResult: success, version: HTTP/1.1, content: EmptyByteBufBE)
GET /session/520dc1a3-823e-4945-8827-daecfe756391/element/c3179ae7-ea5b-4ca9-91ab-3fdd95f92f70/name HTTP/1.1
User-Agent: selenium/4.1.2 (java windows)
Cache-Control: no-cache
Content-Type: application/json; charset=utf-8
host: localhost:60799
accept: */*

Response DefaultHttpResponse(decodeResult: success, version: HTTP/1.1)
HTTP/1.1 200 OK
content-type: application/json; charset=utf-8
cache-control: no-cache
date: Sun, 09 Apr 2023 12:40:09 GMT
content-length: 16

19:40:09.981 [AsyncHttpClient-1-10] DEBUG org.asynchttpclient.netty.channel.ChannelManager - Adding key: http://localhost:60799 for channel [id: 0xf787949b, L:/127.0.0.1:58132 - R:localhost/127.0.0.1:60799]
19:40:09.983 [Forwarding getElementTagName on session 520dc1a3-823e-4945-8827-daecfe756391 to remote] DEBUG org.asynchttpclient.netty.request.NettyRequestSender - Using pooled Channel '[id: 0xf787949b, L:/127.0.0.1:58132 - R:localhost/127.0.0.1:60799]' for 'GET' to 'http://localhost:60799/session/520dc1a3-823e-4945-8827-daecfe756391/element/c3179ae7-ea5b-4ca9-91ab-3fdd95f92f70/name'
19:40:09.983 [Forwarding getElementTagName on session 520dc1a3-823e-4945-8827-daecfe756391 to remote] DEBUG org.asynchttpclient.netty.request.NettyRequestSender - Using open Channel [id: 0xf787949b, L:/127.0.0.1:58132 - R:localhost/127.0.0.1:60799] for GET '/session/520dc1a3-823e-4945-8827-daecfe756391/element/c3179ae7-ea5b-4ca9-91ab-3fdd95f92f70/name'
19:40:10.405 [AsyncHttpClient-1-10] DEBUG org.asynchttpclient.netty.handler.HttpHandler - 

Request DefaultFullHttpRequest(decodeResult: success, version: HTTP/1.1, content: EmptyByteBufBE)
GET /session/520dc1a3-823e-4945-8827-daecfe756391/element/c3179ae7-ea5b-4ca9-91ab-3fdd95f92f70/name HTTP/1.1
User-Agent: selenium/4.1.2 (java windows)
Cache-Control: no-cache
Content-Type: application/json; charset=utf-8
host: localhost:60799
accept: */*

Response DefaultHttpResponse(decodeResult: success, version: HTTP/1.1)
HTTP/1.1 200 OK
content-type: application/json; charset=utf-8
cache-control: no-cache
date: Sun, 09 Apr 2023 12:40:09 GMT
content-length: 16

19:40:10.405 [AsyncHttpClient-1-10] DEBUG org.asynchttpclient.netty.channel.ChannelManager - Adding key: http://localhost:60799 for channel [id: 0xf787949b, L:/127.0.0.1:58132 - R:localhost/127.0.0.1:60799]
19:40:10.410 [Forwarding findElement on session 520dc1a3-823e-4945-8827-daecfe756391 to remote] DEBUG org.asynchttpclient.netty.request.NettyRequestSender - Using pooled Channel '[id: 0xf787949b, L:/127.0.0.1:58132 - R:localhost/127.0.0.1:60799]' for 'POST' to 'http://localhost:60799/session/520dc1a3-823e-4945-8827-daecfe756391/element'
19:40:10.411 [Forwarding findElement on session 520dc1a3-823e-4945-8827-daecfe756391 to remote] DEBUG org.asynchttpclient.netty.request.NettyRequestSender - Using open Channel [id: 0xf787949b, L:/127.0.0.1:58132 - R:localhost/127.0.0.1:60799] for POST '/session/520dc1a3-823e-4945-8827-daecfe756391/element'
19:40:10.511 [AsyncHttpClient-1-10] DEBUG org.asynchttpclient.netty.handler.HttpHandler - 

Request DefaultHttpRequest(decodeResult: success, version: HTTP/1.1)
POST /session/520dc1a3-823e-4945-8827-daecfe756391/element HTTP/1.1
User-Agent: selenium/4.1.2 (java windows)
Content-Length: 81
Content-Type: application/json; charset=utf-8
host: localhost:60799
accept: */*

Response DefaultHttpResponse(decodeResult: success, version: HTTP/1.1)
HTTP/1.1 200 OK
content-type: application/json; charset=utf-8
cache-control: no-cache
date: Sun, 09 Apr 2023 12:40:09 GMT
content-length: 88

19:40:10.511 [AsyncHttpClient-1-10] DEBUG org.asynchttpclient.netty.channel.ChannelManager - Adding key: http://localhost:60799 for channel [id: 0xf787949b, L:/127.0.0.1:58132 - R:localhost/127.0.0.1:60799]
19:40:10.514 [Forwarding clickElement on session 520dc1a3-823e-4945-8827-daecfe756391 to remote] DEBUG org.asynchttpclient.netty.request.NettyRequestSender - Using pooled Channel '[id: 0xf787949b, L:/127.0.0.1:58132 - R:localhost/127.0.0.1:60799]' for 'POST' to 'http://localhost:60799/session/520dc1a3-823e-4945-8827-daecfe756391/element/c3179ae7-ea5b-4ca9-91ab-3fdd95f92f70/click'
19:40:10.514 [Forwarding clickElement on session 520dc1a3-823e-4945-8827-daecfe756391 to remote] DEBUG org.asynchttpclient.netty.request.NettyRequestSender - Using open Channel [id: 0xf787949b, L:/127.0.0.1:58132 - R:localhost/127.0.0.1:60799] for POST '/session/520dc1a3-823e-4945-8827-daecfe756391/element/c3179ae7-ea5b-4ca9-91ab-3fdd95f92f70/click'
19:40:11.336 [AsyncHttpClient-1-10] DEBUG org.asynchttpclient.netty.handler.HttpHandler - 

Request DefaultHttpRequest(decodeResult: success, version: HTTP/1.1)
POST /session/520dc1a3-823e-4945-8827-daecfe756391/element/c3179ae7-ea5b-4ca9-91ab-3fdd95f92f70/click HTTP/1.1
User-Agent: selenium/4.1.2 (java windows)
Content-Length: 50
Content-Type: application/json; charset=utf-8
host: localhost:60799
accept: */*

Response DefaultHttpResponse(decodeResult: success, version: HTTP/1.1)
HTTP/1.1 200 OK
content-type: application/json; charset=utf-8
cache-control: no-cache
date: Sun, 09 Apr 2023 12:40:09 GMT
content-length: 14

19:40:11.336 [AsyncHttpClient-1-10] DEBUG org.asynchttpclient.netty.channel.ChannelManager - Adding key: http://localhost:60799 for channel [id: 0xf787949b, L:/127.0.0.1:58132 - R:localhost/127.0.0.1:60799]
  &amp#27;[32mThen &amp#27;[0m&amp#27;[32mI click baby on the header&amp#27;[0m &amp#27;[90m# starter.stepdefinitions.BabyStep.iClickBabyOnTheHeader()&amp#27;[0m
19:40:11.344 [Forwarding screenshot on session 520dc1a3-823e-4945-8827-daecfe756391 to remote] DEBUG org.asynchttpclient.netty.request.NettyRequestSender - Using pooled Channel '[id: 0xf787949b, L:/127.0.0.1:58132 - R:localhost/127.0.0.1:60799]' for 'GET' to 'http://localhost:60799/session/520dc1a3-823e-4945-8827-daecfe756391/screenshot'
19:40:11.344 [Forwarding screenshot on session 520dc1a3-823e-4945-8827-daecfe756391 to remote] DEBUG org.asynchttpclient.netty.request.NettyRequestSender - Using open Channel [id: 0xf787949b, L:/127.0.0.1:58132 - R:localhost/127.0.0.1:60799] for GET '/session/520dc1a3-823e-4945-8827-daecfe756391/screenshot'
19:40:11.515 [AsyncHttpClient-1-10] DEBUG org.asynchttpclient.netty.handler.HttpHandler - 

Request DefaultFullHttpRequest(decodeResult: success, version: HTTP/1.1, content: EmptyByteBufBE)
GET /session/520dc1a3-823e-4945-8827-daecfe756391/screenshot HTTP/1.1
User-Agent: selenium/4.1.2 (java windows)
Cache-Control: no-cache
Content-Type: application/json; charset=utf-8
host: localhost:60799
accept: */*

Response DefaultHttpResponse(decodeResult: success, version: HTTP/1.1)
HTTP/1.1 200 OK
content-type: application/json; charset=utf-8
cache-control: no-cache
date: Sun, 09 Apr 2023 12:40:11 GMT
content-length: 98024

19:40:11.516 [AsyncHttpClient-1-10] DEBUG org.asynchttpclient.netty.channel.ChannelManager - Adding key: http://localhost:60799 for channel [id: 0xf787949b, L:/127.0.0.1:58132 - R:localhost/127.0.0.1:60799]
19:40:11.520 [main] DEBUG net.serenitybdd.core.photography.Darkroom - Send negative for processing for target\site\serenity\bcb9a8d665d2c58a930e922f816fcc3ebc2aef855b882f3d531e7c9aa320b06d.png
19:40:11.535 [Forwarding findElement on session 520dc1a3-823e-4945-8827-daecfe756391 to remote] DEBUG org.asynchttpclient.netty.request.NettyRequestSender - Using pooled Channel '[id: 0xf787949b, L:/127.0.0.1:58132 - R:localhost/127.0.0.1:60799]' for 'POST' to 'http://localhost:60799/session/520dc1a3-823e-4945-8827-daecfe756391/element'
19:40:11.536 [Forwarding findElement on session 520dc1a3-823e-4945-8827-daecfe756391 to remote] DEBUG org.asynchttpclient.netty.request.NettyRequestSender - Using open Channel [id: 0xf787949b, L:/127.0.0.1:58132 - R:localhost/127.0.0.1:60799] for POST '/session/520dc1a3-823e-4945-8827-daecfe756391/element'
19:40:11.661 [AsyncHttpClient-1-10] DEBUG org.asynchttpclient.netty.handler.HttpHandler - 

Request DefaultHttpRequest(decodeResult: success, version: HTTP/1.1)
POST /session/520dc1a3-823e-4945-8827-daecfe756391/element HTTP/1.1
User-Agent: selenium/4.1.2 (java windows)
Content-Length: 104
Content-Type: application/json; charset=utf-8
host: localhost:60799
accept: */*

Response DefaultHttpResponse(decodeResult: success, version: HTTP/1.1)
HTTP/1.1 200 OK
content-type: application/json; charset=utf-8
cache-control: no-cache
date: Sun, 09 Apr 2023 12:40:11 GMT
content-length: 88

19:40:11.662 [AsyncHttpClient-1-10] DEBUG org.asynchttpclient.netty.channel.ChannelManager - Adding key: http://localhost:60799 for channel [id: 0xf787949b, L:/127.0.0.1:58132 - R:localhost/127.0.0.1:60799]
19:40:11.663 [Forwarding getElementTagName on session 520dc1a3-823e-4945-8827-daecfe756391 to remote] DEBUG org.asynchttpclient.netty.request.NettyRequestSender - Using pooled Channel '[id: 0xf787949b, L:/127.0.0.1:58132 - R:localhost/127.0.0.1:60799]' for 'GET' to 'http://localhost:60799/session/520dc1a3-823e-4945-8827-daecfe756391/element/03e65ed9-19a5-4e27-968c-87a2ee60ecab/name'
19:40:11.663 [Forwarding getElementTagName on session 520dc1a3-823e-4945-8827-daecfe756391 to remote] DEBUG org.asynchttpclient.netty.request.NettyRequestSender - Using open Channel [id: 0xf787949b, L:/127.0.0.1:58132 - R:localhost/127.0.0.1:60799] for GET '/session/520dc1a3-823e-4945-8827-daecfe756391/element/03e65ed9-19a5-4e27-968c-87a2ee60ecab/name'
19:40:11.780 [AsyncHttpClient-1-10] DEBUG org.asynchttpclient.netty.handler.HttpHandler - 

Request DefaultFullHttpRequest(decodeResult: success, version: HTTP/1.1, content: EmptyByteBufBE)
GET /session/520dc1a3-823e-4945-8827-daecfe756391/element/03e65ed9-19a5-4e27-968c-87a2ee60ecab/name HTTP/1.1
User-Agent: selenium/4.1.2 (java windows)
Cache-Control: no-cache
Content-Type: application/json; charset=utf-8
host: localhost:60799
accept: */*

Response DefaultHttpResponse(decodeResult: success, version: HTTP/1.1)
HTTP/1.1 200 OK
content-type: application/json; charset=utf-8
cache-control: no-cache
date: Sun, 09 Apr 2023 12:40:11 GMT
content-length: 16

19:40:11.780 [AsyncHttpClient-1-10] DEBUG org.asynchttpclient.netty.channel.ChannelManager - Adding key: http://localhost:60799 for channel [id: 0xf787949b, L:/127.0.0.1:58132 - R:localhost/127.0.0.1:60799]
19:40:11.782 [Forwarding getElementTagName on session 520dc1a3-823e-4945-8827-daecfe756391 to remote] DEBUG org.asynchttpclient.netty.request.NettyRequestSender - Using pooled Channel '[id: 0xf787949b, L:/127.0.0.1:58132 - R:localhost/127.0.0.1:60799]' for 'GET' to 'http://localhost:60799/session/520dc1a3-823e-4945-8827-daecfe756391/element/03e65ed9-19a5-4e27-968c-87a2ee60ecab/name'
19:40:11.782 [Forwarding getElementTagName on session 520dc1a3-823e-4945-8827-daecfe756391 to remote] DEBUG org.asynchttpclient.netty.request.NettyRequestSender - Using open Channel [id: 0xf787949b, L:/127.0.0.1:58132 - R:localhost/127.0.0.1:60799] for GET '/session/520dc1a3-823e-4945-8827-daecfe756391/element/03e65ed9-19a5-4e27-968c-87a2ee60ecab/name'
19:40:11.937 [AsyncHttpClient-1-10] DEBUG org.asynchttpclient.netty.handler.HttpHandler - 

Request DefaultFullHttpRequest(decodeResult: success, version: HTTP/1.1, content: EmptyByteBufBE)
GET /session/520dc1a3-823e-4945-8827-daecfe756391/element/03e65ed9-19a5-4e27-968c-87a2ee60ecab/name HTTP/1.1
User-Agent: selenium/4.1.2 (java windows)
Cache-Control: no-cache
Content-Type: application/json; charset=utf-8
host: localhost:60799
accept: */*

Response DefaultHttpResponse(decodeResult: success, version: HTTP/1.1)
HTTP/1.1 200 OK
content-type: application/json; charset=utf-8
cache-control: no-cache
date: Sun, 09 Apr 2023 12:40:11 GMT
content-length: 16

19:40:11.937 [AsyncHttpClient-1-10] DEBUG org.asynchttpclient.netty.channel.ChannelManager - Adding key: http://localhost:60799 for channel [id: 0xf787949b, L:/127.0.0.1:58132 - R:localhost/127.0.0.1:60799]
19:40:11.940 [Forwarding findElement on session 520dc1a3-823e-4945-8827-daecfe756391 to remote] DEBUG org.asynchttpclient.netty.request.NettyRequestSender - Using pooled Channel '[id: 0xf787949b, L:/127.0.0.1:58132 - R:localhost/127.0.0.1:60799]' for 'POST' to 'http://localhost:60799/session/520dc1a3-823e-4945-8827-daecfe756391/element'
19:40:11.940 [Forwarding findElement on session 520dc1a3-823e-4945-8827-daecfe756391 to remote] DEBUG org.asynchttpclient.netty.request.NettyRequestSender - Using open Channel [id: 0xf787949b, L:/127.0.0.1:58132 - R:localhost/127.0.0.1:60799] for POST '/session/520dc1a3-823e-4945-8827-daecfe756391/element'
19:40:12.033 [AsyncHttpClient-1-10] DEBUG org.asynchttpclient.netty.handler.HttpHandler - 

Request DefaultHttpRequest(decodeResult: success, version: HTTP/1.1)
POST /session/520dc1a3-823e-4945-8827-daecfe756391/element HTTP/1.1
User-Agent: selenium/4.1.2 (java windows)
Content-Length: 104
Content-Type: application/json; charset=utf-8
host: localhost:60799
accept: */*

Response DefaultHttpResponse(decodeResult: success, version: HTTP/1.1)
HTTP/1.1 200 OK
content-type: application/json; charset=utf-8
cache-control: no-cache
date: Sun, 09 Apr 2023 12:40:11 GMT
content-length: 88

19:40:12.033 [AsyncHttpClient-1-10] DEBUG org.asynchttpclient.netty.channel.ChannelManager - Adding key: http://localhost:60799 for channel [id: 0xf787949b, L:/127.0.0.1:58132 - R:localhost/127.0.0.1:60799]
19:40:12.035 [Forwarding clickElement on session 520dc1a3-823e-4945-8827-daecfe756391 to remote] DEBUG org.asynchttpclient.netty.request.NettyRequestSender - Using pooled Channel '[id: 0xf787949b, L:/127.0.0.1:58132 - R:localhost/127.0.0.1:60799]' for 'POST' to 'http://localhost:60799/session/520dc1a3-823e-4945-8827-daecfe756391/element/03e65ed9-19a5-4e27-968c-87a2ee60ecab/click'
19:40:12.035 [Forwarding clickElement on session 520dc1a3-823e-4945-8827-daecfe756391 to remote] DEBUG org.asynchttpclient.netty.request.NettyRequestSender - Using open Channel [id: 0xf787949b, L:/127.0.0.1:58132 - R:localhost/127.0.0.1:60799] for POST '/session/520dc1a3-823e-4945-8827-daecfe756391/element/03e65ed9-19a5-4e27-968c-87a2ee60ecab/click'
19:40:12.500 [AsyncHttpClient-1-10] DEBUG org.asynchttpclient.netty.handler.HttpHandler - 

Request DefaultHttpRequest(decodeResult: success, version: HTTP/1.1)
POST /session/520dc1a3-823e-4945-8827-daecfe756391/element/03e65ed9-19a5-4e27-968c-87a2ee60ecab/click HTTP/1.1
User-Agent: selenium/4.1.2 (java windows)
Content-Length: 50
Content-Type: application/json; charset=utf-8
host: localhost:60799
accept: */*

Response DefaultHttpResponse(decodeResult: success, version: HTTP/1.1)
HTTP/1.1 200 OK
content-type: application/json; charset=utf-8
cache-control: no-cache
date: Sun, 09 Apr 2023 12:40:11 GMT
content-length: 14

19:40:12.500 [AsyncHttpClient-1-10] DEBUG org.asynchttpclient.netty.channel.ChannelManager - Adding key: http://localhost:60799 for channel [id: 0xf787949b, L:/127.0.0.1:58132 - R:localhost/127.0.0.1:60799]
  &amp#27;[32mWhen &amp#27;[0m&amp#27;[32mI will go to &amp#27;[0m&amp#27;[32m&amp#27;[1m"Airism1"&amp#27;[0m     &amp#27;[90m# starter.stepdefinitions.BabyStep.iWillGoTo(java.lang.String)&amp#27;[0m
19:40:12.509 [Forwarding screenshot on session 520dc1a3-823e-4945-8827-daecfe756391 to remote] DEBUG org.asynchttpclient.netty.request.NettyRequestSender - Using pooled Channel '[id: 0xf787949b, L:/127.0.0.1:58132 - R:localhost/127.0.0.1:60799]' for 'GET' to 'http://localhost:60799/session/520dc1a3-823e-4945-8827-daecfe756391/screenshot'
19:40:12.509 [Forwarding screenshot on session 520dc1a3-823e-4945-8827-daecfe756391 to remote] DEBUG org.asynchttpclient.netty.request.NettyRequestSender - Using open Channel [id: 0xf787949b, L:/127.0.0.1:58132 - R:localhost/127.0.0.1:60799] for GET '/session/520dc1a3-823e-4945-8827-daecfe756391/screenshot'
19:40:12.643 [AsyncHttpClient-1-10] DEBUG org.asynchttpclient.netty.handler.HttpHandler - 

Request DefaultFullHttpRequest(decodeResult: success, version: HTTP/1.1, content: EmptyByteBufBE)
GET /session/520dc1a3-823e-4945-8827-daecfe756391/screenshot HTTP/1.1
User-Agent: selenium/4.1.2 (java windows)
Cache-Control: no-cache
Content-Type: application/json; charset=utf-8
host: localhost:60799
accept: */*

Response DefaultHttpResponse(decodeResult: success, version: HTTP/1.1)
HTTP/1.1 200 OK
content-type: application/json; charset=utf-8
cache-control: no-cache
date: Sun, 09 Apr 2023 12:40:12 GMT
content-length: 104096

19:40:12.644 [AsyncHttpClient-1-10] DEBUG org.asynchttpclient.netty.channel.ChannelManager - Adding key: http://localhost:60799 for channel [id: 0xf787949b, L:/127.0.0.1:58132 - R:localhost/127.0.0.1:60799]
19:40:12.647 [main] DEBUG net.serenitybdd.core.photography.Darkroom - Send negative for processing for target\site\serenity\24f000f9700f03e6012feb1b576d69dbc14378e3d9310af822c397272886ed45.png
19:40:12.647 [Darkroom Processing Line] DEBUG net.serenitybdd.core.photography.DarkroomProcessingLine - Processing screenshot image in /var/screenshots/screenshot-16787926083011944381
19:40:12.647 [Darkroom Processing Line] DEBUG net.serenitybdd.core.photography.DarkroomProcessingLine - Saving screenshot to target\site\serenity\24f000f9700f03e6012feb1b576d69dbc14378e3d9310af822c397272886ed45.png
19:40:12.653 [Forwarding findElement on session 520dc1a3-823e-4945-8827-daecfe756391 to remote] DEBUG org.asynchttpclient.netty.request.NettyRequestSender - Using pooled Channel '[id: 0xf787949b, L:/127.0.0.1:58132 - R:localhost/127.0.0.1:60799]' for 'POST' to 'http://localhost:60799/session/520dc1a3-823e-4945-8827-daecfe756391/element'
19:40:12.653 [Forwarding findElement on session 520dc1a3-823e-4945-8827-daecfe756391 to remote] DEBUG org.asynchttpclient.netty.request.NettyRequestSender - Using open Channel [id: 0xf787949b, L:/127.0.0.1:58132 - R:localhost/127.0.0.1:60799] for POST '/session/520dc1a3-823e-4945-8827-daecfe756391/element'
19:40:12.726 [AsyncHttpClient-1-10] DEBUG org.asynchttpclient.netty.handler.HttpHandler - 

Request DefaultHttpRequest(decodeResult: success, version: HTTP/1.1)
POST /session/520dc1a3-823e-4945-8827-daecfe756391/element HTTP/1.1
User-Agent: selenium/4.1.2 (java windows)
Content-Length: 91
Content-Type: application/json; charset=utf-8
host: localhost:60799
accept: */*

Response DefaultHttpResponse(decodeResult: success, version: HTTP/1.1)
HTTP/1.1 200 OK
content-type: application/json; charset=utf-8
cache-control: no-cache
date: Sun, 09 Apr 2023 12:40:12 GMT
content-length: 88

19:40:12.726 [AsyncHttpClient-1-10] DEBUG org.asynchttpclient.netty.channel.ChannelManager - Adding key: http://localhost:60799 for channel [id: 0xf787949b, L:/127.0.0.1:58132 - R:localhost/127.0.0.1:60799]
19:40:12.730 [Forwarding isElementDisplayed on session 520dc1a3-823e-4945-8827-daecfe756391 to remote] DEBUG org.asynchttpclient.netty.request.NettyRequestSender - Using pooled Channel '[id: 0xf787949b, L:/127.0.0.1:58132 - R:localhost/127.0.0.1:60799]' for 'POST' to 'http://localhost:60799/session/520dc1a3-823e-4945-8827-daecfe756391/execute/sync'
19:40:12.730 [Forwarding isElementDisplayed on session 520dc1a3-823e-4945-8827-daecfe756391 to remote] DEBUG org.asynchttpclient.netty.request.NettyRequestSender - Using open Channel [id: 0xf787949b, L:/127.0.0.1:58132 - R:localhost/127.0.0.1:60799] for POST '/session/520dc1a3-823e-4945-8827-daecfe756391/execute/sync'
19:40:12.749 [AsyncHttpClient-1-10] DEBUG org.asynchttpclient.netty.handler.HttpHandler - 

Request DefaultHttpRequest(decodeResult: success, version: HTTP/1.1)
POST /session/520dc1a3-823e-4945-8827-daecfe756391/execute/sync HTTP/1.1
User-Agent: selenium/4.1.2 (java windows)
Content-Length: 48780
Content-Type: application/json; charset=utf-8
host: localhost:60799
accept: */*

Response DefaultHttpResponse(decodeResult: success, version: HTTP/1.1)
HTTP/1.1 200 OK
content-type: application/json; charset=utf-8
cache-control: no-cache
date: Sun, 09 Apr 2023 12:40:12 GMT
content-length: 14

19:40:12.750 [AsyncHttpClient-1-10] DEBUG org.asynchttpclient.netty.channel.ChannelManager - Adding key: http://localhost:60799 for channel [id: 0xf787949b, L:/127.0.0.1:58132 - R:localhost/127.0.0.1:60799]
  &amp#27;[32mAnd &amp#27;[0m&amp#27;[32mI &amp#27;[0m&amp#27;[32m&amp#27;[1m"txtAirism1"&amp#27;[0m&amp#27;[32m page&amp#27;[0m         &amp#27;[90m# starter.stepdefinitions.BabyStep.iPage(java.lang.String)&amp#27;[0m
19:40:12.754 [Forwarding screenshot on session 520dc1a3-823e-4945-8827-daecfe756391 to remote] DEBUG org.asynchttpclient.netty.request.NettyRequestSender - Using pooled Channel '[id: 0xf787949b, L:/127.0.0.1:58132 - R:localhost/127.0.0.1:60799]' for 'GET' to 'http://localhost:60799/session/520dc1a3-823e-4945-8827-daecfe756391/screenshot'
19:40:12.754 [Forwarding screenshot on session 520dc1a3-823e-4945-8827-daecfe756391 to remote] DEBUG org.asynchttpclient.netty.request.NettyRequestSender - Using open Channel [id: 0xf787949b, L:/127.0.0.1:58132 - R:localhost/127.0.0.1:60799] for GET '/session/520dc1a3-823e-4945-8827-daecfe756391/screenshot'
19:40:12.834 [AsyncHttpClient-1-10] DEBUG org.asynchttpclient.netty.handler.HttpHandler - 

Request DefaultFullHttpRequest(decodeResult: success, version: HTTP/1.1, content: EmptyByteBufBE)
GET /session/520dc1a3-823e-4945-8827-daecfe756391/screenshot HTTP/1.1
User-Agent: selenium/4.1.2 (java windows)
Cache-Control: no-cache
Content-Type: application/json; charset=utf-8
host: localhost:60799
accept: */*

Response DefaultHttpResponse(decodeResult: success, version: HTTP/1.1)
HTTP/1.1 200 OK
content-type: application/json; charset=utf-8
cache-control: no-cache
date: Sun, 09 Apr 2023 12:40:12 GMT
content-length: 78184

19:40:12.835 [AsyncHttpClient-1-10] DEBUG org.asynchttpclient.netty.channel.ChannelManager - Adding key: http://localhost:60799 for channel [id: 0xf787949b, L:/127.0.0.1:58132 - R:localhost/127.0.0.1:60799]
19:40:12.838 [main] DEBUG net.serenitybdd.core.photography.Darkroom - Send negative for processing for target\site\serenity\b821480bb5d89744eb123e007de92b6963de238515c32b5e4c048f764e481e24.png
19:40:12.839 [Darkroom Processing Line] DEBUG net.serenitybdd.core.photography.DarkroomProcessingLine - Processing screenshot image in /var/screenshots/screenshot-14720974669829765416
19:40:12.839 [Darkroom Processing Line] DEBUG net.serenitybdd.core.photography.DarkroomProcessingLine - Saving screenshot to target\site\serenity\b821480bb5d89744eb123e007de92b6963de238515c32b5e4c048f764e481e24.png
19:40:12.843 [Driver Command Executor] DEBUG org.asynchttpclient.netty.request.NettyRequestSender - Using pooled Channel '[id: 0xf787949b, L:/127.0.0.1:58132 - R:localhost/127.0.0.1:60799]' for 'DELETE' to 'http://localhost:60799/session/520dc1a3-823e-4945-8827-daecfe756391'
19:40:12.843 [Driver Command Executor] DEBUG org.asynchttpclient.netty.request.NettyRequestSender - Using open Channel [id: 0xf787949b, L:/127.0.0.1:58132 - R:localhost/127.0.0.1:60799] for DELETE '/session/520dc1a3-823e-4945-8827-daecfe756391'
19:40:13.830 [AsyncHttpClient-1-10] DEBUG org.asynchttpclient.netty.handler.HttpHandler - 

Request DefaultFullHttpRequest(decodeResult: success, version: HTTP/1.1, content: EmptyByteBufBE)
DELETE /session/520dc1a3-823e-4945-8827-daecfe756391 HTTP/1.1
User-Agent: selenium/4.1.2 (java windows)
Content-Type: application/json; charset=utf-8
host: localhost:60799
accept: */*

Response DefaultHttpResponse(decodeResult: success, version: HTTP/1.1)
HTTP/1.1 200 OK
content-type: application/json; charset=utf-8
cache-control: no-cache
date: Sun, 09 Apr 2023 12:40:12 GMT
content-length: 14

19:40:13.830 [AsyncHttpClient-1-10] DEBUG org.asynchttpclient.netty.channel.ChannelManager - Adding key: http://localhost:60799 for channel [id: 0xf787949b, L:/127.0.0.1:58132 - R:localhost/127.0.0.1:60799]
19:40:13.833 [AsyncHttpClient-1-10] DEBUG org.asynchttpclient.netty.handler.HttpHandler - Unexpected I/O exception on channel [id: 0xf787949b, L:/127.0.0.1:58132 - R:localhost/127.0.0.1:60799]
java.net.SocketException: Connection reset
	at java.base/sun.nio.ch.SocketChannelImpl.throwConnectionReset(SocketChannelImpl.java:345)
	at java.base/sun.nio.ch.SocketChannelImpl.read(SocketChannelImpl.java:376)
	at io.netty.buffer.PooledByteBuf.setBytes(PooledByteBuf.java:258)
	at io.netty.buffer.AbstractByteBuf.writeBytes(AbstractByteBuf.java:1132)
	at io.netty.channel.socket.nio.NioSocketChannel.doReadBytes(NioSocketChannel.java:350)
	at io.netty.channel.nio.AbstractNioByteChannel$NioByteUnsafe.read(AbstractNioByteChannel.java:151)
	at io.netty.channel.nio.NioEventLoop.processSelectedKey(NioEventLoop.java:722)
	at io.netty.channel.nio.NioEventLoop.processSelectedKeysOptimized(NioEventLoop.java:658)
	at io.netty.channel.nio.NioEventLoop.processSelectedKeys(NioEventLoop.java:584)
	at io.netty.channel.nio.NioEventLoop.run(NioEventLoop.java:496)
	at io.netty.util.concurrent.SingleThreadEventExecutor$4.run(SingleThreadEventExecutor.java:986)
	at io.netty.util.internal.ThreadExecutorMap$2.run(ThreadExecutorMap.java:74)
	at io.netty.util.concurrent.FastThreadLocalRunnable.run(FastThreadLocalRunnable.java:30)
	at java.base/java.lang.Thread.run(Thread.java:830)
19:40:13.833 [AsyncHttpClient-1-10] DEBUG org.asynchttpclient.netty.channel.ChannelManager - Closing Channel [id: 0xf787949b, L:/127.0.0.1:58132 - R:localhost/127.0.0.1:60799] 
19:40:13.833 [AsyncHttpClient-1-10] DEBUG org.asynchttpclient.netty.handler.HttpHandler - Channel Closed: [id: 0xf787949b, L:/127.0.0.1:58132 ! R:localhost/127.0.0.1:60799] with attribute DISCARD
]]></system-out>
    <system-err><![CDATA[1681044004809	geckodriver	INFO	Listening on 127.0.0.1:60799
1681044005284	mozrunner::runner	INFO	Running command: "C:\\Program Files\\Mozilla Firefox\\firefox.exe" "--marionette" "" "--remote-debugging-port" "59801" "--remote-allow-hosts" "localhost" "-no-remote" "-profile" "C:\\Users\\alwi\\AppData\\Local\\Temp\\rust_mozprofileGQHZR8"
console.warn: services.settings: Ignoring preference override of remote settings server
console.warn: services.settings: Allow by setting MOZ_REMOTE_SETTINGS_DEVTOOLS=1 in the environment
1681044005634	Marionette	INFO	Marionette enabled
Dynamically enable window occlusion 0
1681044005639	Marionette	INFO	Listening on port 58135
Read port: 58135
WebDriver BiDi listening on ws://127.0.0.1:59801
1681044005799	RemoteAgent	WARN	TLS certificate errors will be ignored for this session
console.warn: SearchSettings: "get: No settings file exists, new profile?" (new NotFoundError("Could not open the file at C:\\Users\\alwi\\AppData\\Local\\Temp\\rust_mozprofileGQHZR8\\search.json.mozlz4", (void 0)))
DevTools listening on ws://127.0.0.1:59801/devtools/browser/b5fd6916-f197-4499-baf4-1f34e642c973
Apr 09, 2023 7:40:07 PM org.openqa.selenium.remote.ProtocolHandshake createSession
INFO: Detected dialect: W3C
JavaScript warning: https://www.uniqlo.com/oQfZRN8zACRR/OQ/-x_RMR-EGX/k95OLrhJQ5/OXl6GHI5AQ/PnUdVS/RrZQs, line 1: unreachable code after return statement
JavaScript warning: https://www.uniqlo.com/oQfZRN8zACRR/OQ/-x_RMR-EGX/k95OLrhJQ5/OXl6GHI5AQ/PnUdVS/RrZQs, line 1: WEBGL_debug_renderer_info is deprecated in Firefox and will be removed. Please use RENDERER.
JavaScript warning: https://www.uniqlo.com/id/elgnisolqinu.js?async&seed=AECl_mWHAQAAhXleUcVgnU2eEowETsYZDsExG9MVfyypS8j2a8yO2N_NY-zV&x-i1ysm4mm--z=q, line 1: WEBGL_debug_renderer_info is deprecated in Firefox and will be removed. Please use RENDERER.
1681044012845	Marionette	INFO	Stopped listening on port 58135
Dynamically enable window occlusion 1
WARNING: A blocker encountered an error while we were waiting.
          Blocker:  Waiting for ping task
          Phase: TelemetryController: Waiting for pending ping activity
          State: (none)
WARNING: Error: Phase "profile-before-change" is finished, it is too late to register completion condition "OS.File: flush I/O queued before profileBeforeChange"
WARNING: addBlocker@resource://gre/modules/AsyncShutdown.sys.mjs:727:15
addBlocker@resource://gre/modules/AsyncShutdown.sys.mjs:523:26
addBlocker@resource://gre/modules/AsyncShutdown.sys.mjs:458:15
setupShutdown@resource://gre/modules/osfile/osfile_async_front.jsm:1548:28
@resource://gre/modules/osfile/osfile_async_front.jsm:1568:16
@resource://gre/modules/osfile.jsm:12:30
@resource://gre/modules/TelemetryStorage.sys.mjs:10:28
_checkPendingPings@resource://gre/modules/TelemetrySend.sys.mjs:863:17
setup@resource://gre/modules/TelemetrySend.sys.mjs:803:18
setup@resource://gre/modules/TelemetrySend.sys.mjs:241:30
setupTelemetry/this._delayedInitTask<@resource://gre/modules/TelemetryControllerParent.sys.mjs:828:36
observe@resource://gre/modules/AsyncShutdown.sys.mjs:576:16

console.error: "TelemetryScheduler.shutdown - Already shut down"
WARNING: A blocker encountered an error while we were waiting.
          Blocker:  Waiting for ping task
          Phase: TelemetryController: Waiting for pending ping activity
          State: (none)
WARNING: Error: Phase "profile-before-change" is finished, it is too late to register completion condition "OS.File: flush I/O queued before profileBeforeChange"
WARNING: addBlocker@resource://gre/modules/AsyncShutdown.sys.mjs:727:15
addBlocker@resource://gre/modules/AsyncShutdown.sys.mjs:523:26
addBlocker@resource://gre/modules/AsyncShutdown.sys.mjs:458:15
setupShutdown@resource://gre/modules/osfile/osfile_async_front.jsm:1548:28
@resource://gre/modules/osfile/osfile_async_front.jsm:1568:16
@resource://gre/modules/osfile.jsm:12:30
@resource://gre/modules/TelemetryStorage.sys.mjs:10:28
_checkPendingPings@resource://gre/modules/TelemetrySend.sys.mjs:863:17
setup@resource://gre/modules/TelemetrySend.sys.mjs:803:18
setup@resource://gre/modules/TelemetrySend.sys.mjs:241:30
setupTelemetry/this._delayedInitTask<@resource://gre/modules/TelemetryControllerParent.sys.mjs:828:36
observe@resource://gre/modules/AsyncShutdown.sys.mjs:576:16

WARNING: A blocker encountered an error while we were waiting.
          Blocker:  Waiting for ping task
          Phase: TelemetryController: Waiting for pending ping activity
          State: (none)
WARNING: Error: Phase "profile-before-change" is finished, it is too late to register completion condition "OS.File: flush I/O queued before profileBeforeChange"
WARNING: addBlocker@resource://gre/modules/AsyncShutdown.sys.mjs:727:15
addBlocker@resource://gre/modules/AsyncShutdown.sys.mjs:523:26
addBlocker@resource://gre/modules/AsyncShutdown.sys.mjs:458:15
setupShutdown@resource://gre/modules/osfile/osfile_async_front.jsm:1548:28
@resource://gre/modules/osfile/osfile_async_front.jsm:1568:16
@resource://gre/modules/osfile.jsm:12:30
@resource://gre/modules/TelemetryStorage.sys.mjs:10:28
_checkPendingPings@resource://gre/modules/TelemetrySend.sys.mjs:863:17
setup@resource://gre/modules/TelemetrySend.sys.mjs:803:18
setup@resource://gre/modules/TelemetrySend.sys.mjs:241:30
setupTelemetry/this._delayedInitTask<@resource://gre/modules/TelemetryControllerParent.sys.mjs:828:36
observe@resource://gre/modules/AsyncShutdown.sys.mjs:576:16

WARNING: A blocker encountered an error while we were waiting.
          Blocker:  TelemetryController: shutting down
          Phase: profile-before-change-telemetry
          State: Error getting state: Error: Phase "profile-before-change" is finished, it is too late to register completion condition "OS.File: flush I/O queued before profileBeforeChange" at addBlocker@resource://gre/modules/AsyncShutdown.sys.mjs:727:15
addBlocker@resource://gre/modules/AsyncShutdown.sys.mjs:523:26
addBlocker@resource://gre/modules/AsyncShutdown.sys.mjs:458:15
setupShutdown@resource://gre/modules/osfile/osfile_async_front.jsm:1548:28
@resource://gre/modules/osfile/osfile_async_front.jsm:1568:16
@resource://gre/modules/osfile.jsm:12:30
@resource://gre/modules/TelemetryStorage.sys.mjs:10:28
_checkPendingPings@resource://gre/modules/TelemetrySend.sys.mjs:863:17
setup@resource://gre/modules/TelemetrySend.sys.mjs:803:18
setup@resource://gre/modules/TelemetrySend.sys.mjs:241:30
setupTelemetry/this._delayedInitTask<@resource://gre/modules/TelemetryControllerParent.sys.mjs:828:36
observe@resource://gre/modules/AsyncShutdown.sys.mjs:576:16

WARNING: Error: Phase "profile-before-change" is finished, it is too late to register completion condition "OS.File: flush I/O queued before profileBeforeChange"
WARNING: addBlocker@resource://gre/modules/AsyncShutdown.sys.mjs:727:15
addBlocker@resource://gre/modules/AsyncShutdown.sys.mjs:523:26
addBlocker@resource://gre/modules/AsyncShutdown.sys.mjs:458:15
setupShutdown@resource://gre/modules/osfile/osfile_async_front.jsm:1548:28
@resource://gre/modules/osfile/osfile_async_front.jsJavma:S1cr5i6p8t: 1e6r
r@orre:s oruerscoeu:r//cgree://m/ogrdeu/lmeosd/uolsefs/AsyinlcSeh.ujtsdmow:n1.2sy:30s.m
j@sr,e sloiunrec 7e2:7/:/ gErrreo/rm:o dPulhasees/ T"eplermoeftilrey-Sbteofraogree.sys-.mcjhs:a1nge0": 2i8s f
i_ncihsehcekdP,e nidti nigsP intgoso@ rlesate to register completiono curcoen:/d/igtrie/omno d"uOlSe.sF/ilTee:l efmleutsrh Iy/SOe nqdu.esuyesd. mjbse:8f6o3r:e1 7pro
fisleetBuepf@orreCehsaonugrec"e://gr
e/modules/TelJeamveatSrycSreinpdt. seryrso.rm:j sr:e8s0o3u:r1c8e:
/s/egrteu/p@mroedsuoulersc/eA:s/y/ncgSrheu/tmdoodwunl.seyss/Telemetr.ymSjesn,d .lsiynes .7m2j7s:: 2E4r1r:o3r0: 
Pshaesteu p"Tperleomfeitlrey-/btehfiosre._-dcehlaanygeed"I nisi fitnTiasshke<d@,r eisto uirsc et:o/o/ glartee/ mtoo druelgeisst/eTre lceommetprlyeCtoinotnro lcloenrdPiatrieonnt ."sOyS.File: flush I/Os .qmujesu:e8d2 8b:3e6fo
roeb sperrvoef@irleesBoeufrocreCeh:a/n/gger"e/
mJoadvualSes/AcsryincpSthu tedorwrnor.:s yrse.smoujrs:c5e7:/6/:g1r6e/
mo
dules/AsyncShutdown.sys.mjs, line 727: Error: Phase "profile-before-change" is finished, it is too late to register completion condition "OS.File: flush I/O queued before profileBeforeChange"
JavaScript error: resource://gre/modules/AsyncShutdown.sys.mjs, line 727: Error: Phase "profile-before-change" is finished, it is too late to register completion condition "OS.File: flush I/O queued before profileBeforeChange"
JavaScript error: resource://gre/modules/AsyncShutdown.sys.mjs, line 727: Error: Phase "profile-before-change" is finished, it is too late to register completion condition "OS.File: flush I/O queued before profileBeforeChange"
JavaScript error: resource://gre/modules/AsyncShutdown.sys.mjs, line 727: Error: Phase "profile-before-change" is finished, it is too late to register completion condition "OS.File: flush I/O queued before profileBeforeChange"
]]></system-err>
  </testcase>
  <testcase name="Fitur Menu Baby #13" classname="Baby" time="8.933">
    <system-out><![CDATA[
@baby
Scenario Outline: Fitur Menu Baby &amp#27;[90m# src/test/resources/features/Baby.feature:25&amp#27;[0m
19:40:13.904 [main] INFO io.cucumber.core.plugin.SerenityReporter - Running feature from file:///C:/Users/alwi/IdeaProjects/uniqloweb/src/test/resources/features/Baby.feature
19:40:13.915 [main] INFO net.serenitybdd.core.webdriver.driverproviders.FirefoxDriverProvider - Using automatically driver download
19:40:14.013 [main] DEBUG io.github.bonigarcia.wdm.cache.ResolutionCache - Resolution firefox=111 in cache (valid until 20:30:50 09/04/2023 WIB)
19:40:14.016 [main] DEBUG io.github.bonigarcia.wdm.cache.ResolutionCache - Resolution firefox111=0.32.2 in cache (valid until 19:30:50 10/04/2023 WIB)
19:40:14.018 [main] INFO io.github.bonigarcia.wdm.WebDriverManager - Using geckodriver 0.32.2 (resolved driver for Firefox 111)
19:40:14.030 [main] DEBUG io.github.bonigarcia.wdm.WebDriverManager - Driver geckodriver 0.32.2 found in cache
19:40:14.030 [main] INFO io.github.bonigarcia.wdm.WebDriverManager - Exporting webdriver.gecko.driver as C:\Users\alwi\.cache\selenium\geckodriver\win64\0.32.2\geckodriver.exe
19:40:14.042 [main] DEBUG net.serenitybdd.core.webdriver.driverproviders.ProvideNewDriver - Instantiating driver
19:40:14.042 [main] DEBUG net.serenitybdd.core.webdriver.driverproviders.ProvideNewDriver - Driver capabilities: Capabilities {acceptInsecureCerts: true, browserName: firefox, moz:debuggerAddress: true, moz:firefoxOptions: {args: [], profile: UEsDBBQACAgIAAediVYAAAAAAAA...}}
19:40:14.572 [AsyncHttpClient-1-12] DEBUG org.asynchttpclient.netty.channel.NettyConnectListener - Using new Channel '[id: 0x5edee705, L:/127.0.0.1:58214 - R:localhost/127.0.0.1:51636]' for 'POST' to '/session'
19:40:14.726 [AsyncHttpClient-1-1] DEBUG org.asynchttpclient.netty.channel.DefaultChannelPool - Entry count for : http://localhost:60799 : 1
19:40:14.726 [AsyncHttpClient-1-1] DEBUG org.asynchttpclient.netty.channel.DefaultChannelPool - Adding Candidate expired Channel [id: 0xf787949b, L:/127.0.0.1:58132 ! R:localhost/127.0.0.1:60799] isIdleTimeoutExpired=false isRemotelyClosed=true isTtlExpired=false
19:40:14.726 [AsyncHttpClient-1-1] DEBUG org.asynchttpclient.netty.channel.DefaultChannelPool - Closing Idle Channel [id: 0xf787949b, L:/127.0.0.1:58132 ! R:localhost/127.0.0.1:60799]
19:40:14.726 [AsyncHttpClient-1-1] DEBUG org.asynchttpclient.netty.channel.DefaultChannelPool - Closed 1 connections out of 1 in 0 ms
19:40:16.965 [AsyncHttpClient-1-12] DEBUG org.asynchttpclient.netty.handler.HttpHandler - 

Request DefaultHttpRequest(decodeResult: success, version: HTTP/1.1)
POST /session HTTP/1.1
User-Agent: selenium/4.1.2 (java windows)
Content-Length: 3673
Content-Type: application/json; charset=utf-8
host: localhost:51636
accept: */*

Response DefaultHttpResponse(decodeResult: success, version: HTTP/1.1)
HTTP/1.1 200 OK
content-type: application/json; charset=utf-8
cache-control: no-cache
date: Sun, 09 Apr 2023 12:40:14 GMT
content-length: 790

19:40:16.965 [AsyncHttpClient-1-12] DEBUG org.asynchttpclient.netty.channel.ChannelManager - Adding key: http://localhost:51636 for channel [id: 0x5edee705, L:/127.0.0.1:58214 - R:localhost/127.0.0.1:51636]
19:40:16.971 [AsyncHttpClient-1-13] DEBUG org.asynchttpclient.netty.channel.NettyConnectListener - Using new Channel '[id: 0xa5fde3e1, L:/127.0.0.1:58227 - R:/127.0.0.1:60266]' for 'GET' to '/json/version'
19:40:16.974 [AsyncHttpClient-1-13] DEBUG org.asynchttpclient.netty.handler.HttpHandler - 

Request DefaultFullHttpRequest(decodeResult: success, version: HTTP/1.1, content: EmptyByteBufBE)
GET /json/version HTTP/1.1
User-Agent: selenium/4.1.2 (java windows)
host: 127.0.0.1:60266
accept: */*

Response DefaultHttpResponse(decodeResult: success, version: HTTP/1.1)
HTTP/1.1 200 OK
content-type: application/json
connection: close
server: httpd.js
date: Sun, 09 Apr 2023 12:40:16 GMT
content-length: 311

19:40:16.974 [AsyncHttpClient-1-13] DEBUG org.asynchttpclient.netty.channel.ChannelManager - Closing Channel [id: 0xa5fde3e1, L:/127.0.0.1:58227 - R:/127.0.0.1:60266] 
19:40:16.975 [AsyncHttpClient-1-13] DEBUG org.asynchttpclient.netty.handler.HttpHandler - Channel Closed: [id: 0xa5fde3e1, L:/127.0.0.1:58227 ! R:/127.0.0.1:60266] with attribute DISCARD
19:40:16.976 [Forwarding get on session cfabad68-01eb-4eed-9816-ef3feb90c22c to remote] DEBUG org.asynchttpclient.netty.request.NettyRequestSender - Using pooled Channel '[id: 0x5edee705, L:/127.0.0.1:58214 - R:localhost/127.0.0.1:51636]' for 'POST' to 'http://localhost:51636/session/cfabad68-01eb-4eed-9816-ef3feb90c22c/url'
19:40:16.976 [Forwarding get on session cfabad68-01eb-4eed-9816-ef3feb90c22c to remote] DEBUG org.asynchttpclient.netty.request.NettyRequestSender - Using open Channel [id: 0x5edee705, L:/127.0.0.1:58214 - R:localhost/127.0.0.1:51636] for POST '/session/cfabad68-01eb-4eed-9816-ef3feb90c22c/url'
19:40:17.889 [AsyncHttpClient-1-12] DEBUG org.asynchttpclient.netty.handler.HttpHandler - 

Request DefaultHttpRequest(decodeResult: success, version: HTTP/1.1)
POST /session/cfabad68-01eb-4eed-9816-ef3feb90c22c/url HTTP/1.1
User-Agent: selenium/4.1.2 (java windows)
Content-Length: 53
Content-Type: application/json; charset=utf-8
host: localhost:51636
accept: */*

Response DefaultHttpResponse(decodeResult: success, version: HTTP/1.1)
HTTP/1.1 200 OK
content-type: application/json; charset=utf-8
cache-control: no-cache
date: Sun, 09 Apr 2023 12:40:16 GMT
content-length: 14

19:40:17.889 [AsyncHttpClient-1-12] DEBUG org.asynchttpclient.netty.channel.ChannelManager - Adding key: http://localhost:51636 for channel [id: 0x5edee705, L:/127.0.0.1:58214 - R:localhost/127.0.0.1:51636]
19:40:17.891 [Forwarding setTimeout on session cfabad68-01eb-4eed-9816-ef3feb90c22c to remote] DEBUG org.asynchttpclient.netty.request.NettyRequestSender - Using pooled Channel '[id: 0x5edee705, L:/127.0.0.1:58214 - R:localhost/127.0.0.1:51636]' for 'POST' to 'http://localhost:51636/session/cfabad68-01eb-4eed-9816-ef3feb90c22c/timeouts'
19:40:17.891 [Forwarding setTimeout on session cfabad68-01eb-4eed-9816-ef3feb90c22c to remote] DEBUG org.asynchttpclient.netty.request.NettyRequestSender - Using open Channel [id: 0x5edee705, L:/127.0.0.1:58214 - R:localhost/127.0.0.1:51636] for POST '/session/cfabad68-01eb-4eed-9816-ef3feb90c22c/timeouts'
19:40:17.922 [AsyncHttpClient-1-12] DEBUG org.asynchttpclient.netty.handler.HttpHandler - 

Request DefaultHttpRequest(decodeResult: success, version: HTTP/1.1)
POST /session/cfabad68-01eb-4eed-9816-ef3feb90c22c/timeouts HTTP/1.1
User-Agent: selenium/4.1.2 (java windows)
Content-Length: 22
Content-Type: application/json; charset=utf-8
host: localhost:51636
accept: */*

Response DefaultHttpResponse(decodeResult: success, version: HTTP/1.1)
HTTP/1.1 200 OK
content-type: application/json; charset=utf-8
cache-control: no-cache
date: Sun, 09 Apr 2023 12:40:16 GMT
content-length: 14

19:40:17.922 [AsyncHttpClient-1-12] DEBUG org.asynchttpclient.netty.channel.ChannelManager - Adding key: http://localhost:51636 for channel [id: 0x5edee705, L:/127.0.0.1:58214 - R:localhost/127.0.0.1:51636]
19:40:17.925 [Forwarding getCurrentUrl on session cfabad68-01eb-4eed-9816-ef3feb90c22c to remote] DEBUG org.asynchttpclient.netty.request.NettyRequestSender - Using pooled Channel '[id: 0x5edee705, L:/127.0.0.1:58214 - R:localhost/127.0.0.1:51636]' for 'GET' to 'http://localhost:51636/session/cfabad68-01eb-4eed-9816-ef3feb90c22c/url'
19:40:17.926 [Forwarding getCurrentUrl on session cfabad68-01eb-4eed-9816-ef3feb90c22c to remote] DEBUG org.asynchttpclient.netty.request.NettyRequestSender - Using open Channel [id: 0x5edee705, L:/127.0.0.1:58214 - R:localhost/127.0.0.1:51636] for GET '/session/cfabad68-01eb-4eed-9816-ef3feb90c22c/url'
19:40:17.929 [AsyncHttpClient-1-12] DEBUG org.asynchttpclient.netty.handler.HttpHandler - 

Request DefaultFullHttpRequest(decodeResult: success, version: HTTP/1.1, content: EmptyByteBufBE)
GET /session/cfabad68-01eb-4eed-9816-ef3feb90c22c/url HTTP/1.1
User-Agent: selenium/4.1.2 (java windows)
Cache-Control: no-cache
Content-Type: application/json; charset=utf-8
host: localhost:51636
accept: */*

Response DefaultHttpResponse(decodeResult: success, version: HTTP/1.1)
HTTP/1.1 200 OK
content-type: application/json; charset=utf-8
cache-control: no-cache
date: Sun, 09 Apr 2023 12:40:16 GMT
content-length: 41

19:40:17.929 [AsyncHttpClient-1-12] DEBUG org.asynchttpclient.netty.channel.ChannelManager - Adding key: http://localhost:51636 for channel [id: 0x5edee705, L:/127.0.0.1:58214 - R:localhost/127.0.0.1:51636]
  &amp#27;[32mGiven &amp#27;[0m&amp#27;[32mI am on the home page&amp#27;[0m     &amp#27;[90m# starter.stepdefinitions.BabyStep.iAmOnTheHomePage()&amp#27;[0m
19:40:17.935 [Forwarding screenshot on session cfabad68-01eb-4eed-9816-ef3feb90c22c to remote] DEBUG org.asynchttpclient.netty.request.NettyRequestSender - Using pooled Channel '[id: 0x5edee705, L:/127.0.0.1:58214 - R:localhost/127.0.0.1:51636]' for 'GET' to 'http://localhost:51636/session/cfabad68-01eb-4eed-9816-ef3feb90c22c/screenshot'
19:40:17.935 [Forwarding screenshot on session cfabad68-01eb-4eed-9816-ef3feb90c22c to remote] DEBUG org.asynchttpclient.netty.request.NettyRequestSender - Using open Channel [id: 0x5edee705, L:/127.0.0.1:58214 - R:localhost/127.0.0.1:51636] for GET '/session/cfabad68-01eb-4eed-9816-ef3feb90c22c/screenshot'
19:40:18.771 [AsyncHttpClient-1-12] DEBUG org.asynchttpclient.netty.handler.HttpHandler - 

Request DefaultFullHttpRequest(decodeResult: success, version: HTTP/1.1, content: EmptyByteBufBE)
GET /session/cfabad68-01eb-4eed-9816-ef3feb90c22c/screenshot HTTP/1.1
User-Agent: selenium/4.1.2 (java windows)
Cache-Control: no-cache
Content-Type: application/json; charset=utf-8
host: localhost:51636
accept: */*

Response DefaultHttpResponse(decodeResult: success, version: HTTP/1.1)
HTTP/1.1 200 OK
content-type: application/json; charset=utf-8
cache-control: no-cache
date: Sun, 09 Apr 2023 12:40:16 GMT
content-length: 89052

19:40:18.771 [AsyncHttpClient-1-12] DEBUG org.asynchttpclient.netty.channel.ChannelManager - Adding key: http://localhost:51636 for channel [id: 0x5edee705, L:/127.0.0.1:58214 - R:localhost/127.0.0.1:51636]
19:40:18.774 [main] DEBUG net.serenitybdd.core.photography.Darkroom - Send negative for processing for target\site\serenity\0c479f85a030d59fd1bd88e2865546938a98ec4664f619691fd3abec71c3adcc.png
19:40:18.775 [Darkroom Processing Line] DEBUG net.serenitybdd.core.photography.DarkroomProcessingLine - Processing screenshot image in /var/screenshots/screenshot-10126270396719847122
19:40:18.775 [Darkroom Processing Line] DEBUG net.serenitybdd.core.photography.DarkroomProcessingLine - Saving screenshot to target\site\serenity\0c479f85a030d59fd1bd88e2865546938a98ec4664f619691fd3abec71c3adcc.png
19:40:18.783 [Forwarding findElement on session cfabad68-01eb-4eed-9816-ef3feb90c22c to remote] DEBUG org.asynchttpclient.netty.request.NettyRequestSender - Using pooled Channel '[id: 0x5edee705, L:/127.0.0.1:58214 - R:localhost/127.0.0.1:51636]' for 'POST' to 'http://localhost:51636/session/cfabad68-01eb-4eed-9816-ef3feb90c22c/element'
19:40:18.784 [Forwarding findElement on session cfabad68-01eb-4eed-9816-ef3feb90c22c to remote] DEBUG org.asynchttpclient.netty.request.NettyRequestSender - Using open Channel [id: 0x5edee705, L:/127.0.0.1:58214 - R:localhost/127.0.0.1:51636] for POST '/session/cfabad68-01eb-4eed-9816-ef3feb90c22c/element'
19:40:18.909 [AsyncHttpClient-1-12] DEBUG org.asynchttpclient.netty.handler.HttpHandler - 

Request DefaultHttpRequest(decodeResult: success, version: HTTP/1.1)
POST /session/cfabad68-01eb-4eed-9816-ef3feb90c22c/element HTTP/1.1
User-Agent: selenium/4.1.2 (java windows)
Content-Length: 81
Content-Type: application/json; charset=utf-8
host: localhost:51636
accept: */*

Response DefaultHttpResponse(decodeResult: success, version: HTTP/1.1)
HTTP/1.1 200 OK
content-type: application/json; charset=utf-8
cache-control: no-cache
date: Sun, 09 Apr 2023 12:40:18 GMT
content-length: 88

19:40:18.910 [AsyncHttpClient-1-12] DEBUG org.asynchttpclient.netty.channel.ChannelManager - Adding key: http://localhost:51636 for channel [id: 0x5edee705, L:/127.0.0.1:58214 - R:localhost/127.0.0.1:51636]
19:40:18.911 [Forwarding getElementTagName on session cfabad68-01eb-4eed-9816-ef3feb90c22c to remote] DEBUG org.asynchttpclient.netty.request.NettyRequestSender - Using pooled Channel '[id: 0x5edee705, L:/127.0.0.1:58214 - R:localhost/127.0.0.1:51636]' for 'GET' to 'http://localhost:51636/session/cfabad68-01eb-4eed-9816-ef3feb90c22c/element/eb57946c-c5d1-4e6a-bcef-f4adbfbfc238/name'
19:40:18.911 [Forwarding getElementTagName on session cfabad68-01eb-4eed-9816-ef3feb90c22c to remote] DEBUG org.asynchttpclient.netty.request.NettyRequestSender - Using open Channel [id: 0x5edee705, L:/127.0.0.1:58214 - R:localhost/127.0.0.1:51636] for GET '/session/cfabad68-01eb-4eed-9816-ef3feb90c22c/element/eb57946c-c5d1-4e6a-bcef-f4adbfbfc238/name'
19:40:19.299 [AsyncHttpClient-1-12] DEBUG org.asynchttpclient.netty.handler.HttpHandler - 

Request DefaultFullHttpRequest(decodeResult: success, version: HTTP/1.1, content: EmptyByteBufBE)
GET /session/cfabad68-01eb-4eed-9816-ef3feb90c22c/element/eb57946c-c5d1-4e6a-bcef-f4adbfbfc238/name HTTP/1.1
User-Agent: selenium/4.1.2 (java windows)
Cache-Control: no-cache
Content-Type: application/json; charset=utf-8
host: localhost:51636
accept: */*

Response DefaultHttpResponse(decodeResult: success, version: HTTP/1.1)
HTTP/1.1 200 OK
content-type: application/json; charset=utf-8
cache-control: no-cache
date: Sun, 09 Apr 2023 12:40:18 GMT
content-length: 16

19:40:19.299 [AsyncHttpClient-1-12] DEBUG org.asynchttpclient.netty.channel.ChannelManager - Adding key: http://localhost:51636 for channel [id: 0x5edee705, L:/127.0.0.1:58214 - R:localhost/127.0.0.1:51636]
19:40:19.301 [Forwarding getElementTagName on session cfabad68-01eb-4eed-9816-ef3feb90c22c to remote] DEBUG org.asynchttpclient.netty.request.NettyRequestSender - Using pooled Channel '[id: 0x5edee705, L:/127.0.0.1:58214 - R:localhost/127.0.0.1:51636]' for 'GET' to 'http://localhost:51636/session/cfabad68-01eb-4eed-9816-ef3feb90c22c/element/eb57946c-c5d1-4e6a-bcef-f4adbfbfc238/name'
19:40:19.301 [Forwarding getElementTagName on session cfabad68-01eb-4eed-9816-ef3feb90c22c to remote] DEBUG org.asynchttpclient.netty.request.NettyRequestSender - Using open Channel [id: 0x5edee705, L:/127.0.0.1:58214 - R:localhost/127.0.0.1:51636] for GET '/session/cfabad68-01eb-4eed-9816-ef3feb90c22c/element/eb57946c-c5d1-4e6a-bcef-f4adbfbfc238/name'
19:40:19.348 [AsyncHttpClient-1-12] DEBUG org.asynchttpclient.netty.handler.HttpHandler - 

Request DefaultFullHttpRequest(decodeResult: success, version: HTTP/1.1, content: EmptyByteBufBE)
GET /session/cfabad68-01eb-4eed-9816-ef3feb90c22c/element/eb57946c-c5d1-4e6a-bcef-f4adbfbfc238/name HTTP/1.1
User-Agent: selenium/4.1.2 (java windows)
Cache-Control: no-cache
Content-Type: application/json; charset=utf-8
host: localhost:51636
accept: */*

Response DefaultHttpResponse(decodeResult: success, version: HTTP/1.1)
HTTP/1.1 200 OK
content-type: application/json; charset=utf-8
cache-control: no-cache
date: Sun, 09 Apr 2023 12:40:18 GMT
content-length: 16

19:40:19.348 [AsyncHttpClient-1-12] DEBUG org.asynchttpclient.netty.channel.ChannelManager - Adding key: http://localhost:51636 for channel [id: 0x5edee705, L:/127.0.0.1:58214 - R:localhost/127.0.0.1:51636]
19:40:19.351 [Forwarding findElement on session cfabad68-01eb-4eed-9816-ef3feb90c22c to remote] DEBUG org.asynchttpclient.netty.request.NettyRequestSender - Using pooled Channel '[id: 0x5edee705, L:/127.0.0.1:58214 - R:localhost/127.0.0.1:51636]' for 'POST' to 'http://localhost:51636/session/cfabad68-01eb-4eed-9816-ef3feb90c22c/element'
19:40:19.351 [Forwarding findElement on session cfabad68-01eb-4eed-9816-ef3feb90c22c to remote] DEBUG org.asynchttpclient.netty.request.NettyRequestSender - Using open Channel [id: 0x5edee705, L:/127.0.0.1:58214 - R:localhost/127.0.0.1:51636] for POST '/session/cfabad68-01eb-4eed-9816-ef3feb90c22c/element'
19:40:19.443 [AsyncHttpClient-1-12] DEBUG org.asynchttpclient.netty.handler.HttpHandler - 

Request DefaultHttpRequest(decodeResult: success, version: HTTP/1.1)
POST /session/cfabad68-01eb-4eed-9816-ef3feb90c22c/element HTTP/1.1
User-Agent: selenium/4.1.2 (java windows)
Content-Length: 81
Content-Type: application/json; charset=utf-8
host: localhost:51636
accept: */*

Response DefaultHttpResponse(decodeResult: success, version: HTTP/1.1)
HTTP/1.1 200 OK
content-type: application/json; charset=utf-8
cache-control: no-cache
date: Sun, 09 Apr 2023 12:40:18 GMT
content-length: 88

19:40:19.444 [AsyncHttpClient-1-12] DEBUG org.asynchttpclient.netty.channel.ChannelManager - Adding key: http://localhost:51636 for channel [id: 0x5edee705, L:/127.0.0.1:58214 - R:localhost/127.0.0.1:51636]
19:40:19.446 [Forwarding clickElement on session cfabad68-01eb-4eed-9816-ef3feb90c22c to remote] DEBUG org.asynchttpclient.netty.request.NettyRequestSender - Using pooled Channel '[id: 0x5edee705, L:/127.0.0.1:58214 - R:localhost/127.0.0.1:51636]' for 'POST' to 'http://localhost:51636/session/cfabad68-01eb-4eed-9816-ef3feb90c22c/element/eb57946c-c5d1-4e6a-bcef-f4adbfbfc238/click'
19:40:19.446 [Forwarding clickElement on session cfabad68-01eb-4eed-9816-ef3feb90c22c to remote] DEBUG org.asynchttpclient.netty.request.NettyRequestSender - Using open Channel [id: 0x5edee705, L:/127.0.0.1:58214 - R:localhost/127.0.0.1:51636] for POST '/session/cfabad68-01eb-4eed-9816-ef3feb90c22c/element/eb57946c-c5d1-4e6a-bcef-f4adbfbfc238/click'
19:40:20.326 [AsyncHttpClient-1-12] DEBUG org.asynchttpclient.netty.handler.HttpHandler - 

Request DefaultHttpRequest(decodeResult: success, version: HTTP/1.1)
POST /session/cfabad68-01eb-4eed-9816-ef3feb90c22c/element/eb57946c-c5d1-4e6a-bcef-f4adbfbfc238/click HTTP/1.1
User-Agent: selenium/4.1.2 (java windows)
Content-Length: 50
Content-Type: application/json; charset=utf-8
host: localhost:51636
accept: */*

Response DefaultHttpResponse(decodeResult: success, version: HTTP/1.1)
HTTP/1.1 200 OK
content-type: application/json; charset=utf-8
cache-control: no-cache
date: Sun, 09 Apr 2023 12:40:18 GMT
content-length: 14

19:40:20.326 [AsyncHttpClient-1-12] DEBUG org.asynchttpclient.netty.channel.ChannelManager - Adding key: http://localhost:51636 for channel [id: 0x5edee705, L:/127.0.0.1:58214 - R:localhost/127.0.0.1:51636]
  &amp#27;[32mThen &amp#27;[0m&amp#27;[32mI click baby on the header&amp#27;[0m &amp#27;[90m# starter.stepdefinitions.BabyStep.iClickBabyOnTheHeader()&amp#27;[0m
19:40:20.335 [Forwarding screenshot on session cfabad68-01eb-4eed-9816-ef3feb90c22c to remote] DEBUG org.asynchttpclient.netty.request.NettyRequestSender - Using pooled Channel '[id: 0x5edee705, L:/127.0.0.1:58214 - R:localhost/127.0.0.1:51636]' for 'GET' to 'http://localhost:51636/session/cfabad68-01eb-4eed-9816-ef3feb90c22c/screenshot'
19:40:20.335 [Forwarding screenshot on session cfabad68-01eb-4eed-9816-ef3feb90c22c to remote] DEBUG org.asynchttpclient.netty.request.NettyRequestSender - Using open Channel [id: 0x5edee705, L:/127.0.0.1:58214 - R:localhost/127.0.0.1:51636] for GET '/session/cfabad68-01eb-4eed-9816-ef3feb90c22c/screenshot'
19:40:20.653 [AsyncHttpClient-1-12] DEBUG org.asynchttpclient.netty.handler.HttpHandler - 

Request DefaultFullHttpRequest(decodeResult: success, version: HTTP/1.1, content: EmptyByteBufBE)
GET /session/cfabad68-01eb-4eed-9816-ef3feb90c22c/screenshot HTTP/1.1
User-Agent: selenium/4.1.2 (java windows)
Cache-Control: no-cache
Content-Type: application/json; charset=utf-8
host: localhost:51636
accept: */*

Response DefaultHttpResponse(decodeResult: success, version: HTTP/1.1)
HTTP/1.1 200 OK
content-type: application/json; charset=utf-8
cache-control: no-cache
date: Sun, 09 Apr 2023 12:40:20 GMT
content-length: 98024

19:40:20.653 [AsyncHttpClient-1-12] DEBUG org.asynchttpclient.netty.channel.ChannelManager - Adding key: http://localhost:51636 for channel [id: 0x5edee705, L:/127.0.0.1:58214 - R:localhost/127.0.0.1:51636]
19:40:20.657 [main] DEBUG net.serenitybdd.core.photography.Darkroom - Send negative for processing for target\site\serenity\bcb9a8d665d2c58a930e922f816fcc3ebc2aef855b882f3d531e7c9aa320b06d.png
19:40:20.668 [Forwarding findElement on session cfabad68-01eb-4eed-9816-ef3feb90c22c to remote] DEBUG org.asynchttpclient.netty.request.NettyRequestSender - Using pooled Channel '[id: 0x5edee705, L:/127.0.0.1:58214 - R:localhost/127.0.0.1:51636]' for 'POST' to 'http://localhost:51636/session/cfabad68-01eb-4eed-9816-ef3feb90c22c/element'
19:40:20.668 [Forwarding findElement on session cfabad68-01eb-4eed-9816-ef3feb90c22c to remote] DEBUG org.asynchttpclient.netty.request.NettyRequestSender - Using open Channel [id: 0x5edee705, L:/127.0.0.1:58214 - R:localhost/127.0.0.1:51636] for POST '/session/cfabad68-01eb-4eed-9816-ef3feb90c22c/element'
19:40:20.745 [AsyncHttpClient-1-12] DEBUG org.asynchttpclient.netty.handler.HttpHandler - 

Request DefaultHttpRequest(decodeResult: success, version: HTTP/1.1)
POST /session/cfabad68-01eb-4eed-9816-ef3feb90c22c/element HTTP/1.1
User-Agent: selenium/4.1.2 (java windows)
Content-Length: 107
Content-Type: application/json; charset=utf-8
host: localhost:51636
accept: */*

Response DefaultHttpResponse(decodeResult: success, version: HTTP/1.1)
HTTP/1.1 200 OK
content-type: application/json; charset=utf-8
cache-control: no-cache
date: Sun, 09 Apr 2023 12:40:20 GMT
content-length: 88

19:40:20.746 [AsyncHttpClient-1-12] DEBUG org.asynchttpclient.netty.channel.ChannelManager - Adding key: http://localhost:51636 for channel [id: 0x5edee705, L:/127.0.0.1:58214 - R:localhost/127.0.0.1:51636]
19:40:20.748 [Forwarding getElementTagName on session cfabad68-01eb-4eed-9816-ef3feb90c22c to remote] DEBUG org.asynchttpclient.netty.request.NettyRequestSender - Using pooled Channel '[id: 0x5edee705, L:/127.0.0.1:58214 - R:localhost/127.0.0.1:51636]' for 'GET' to 'http://localhost:51636/session/cfabad68-01eb-4eed-9816-ef3feb90c22c/element/83a1904b-f145-495b-ae04-7d6fbbc83895/name'
19:40:20.748 [Forwarding getElementTagName on session cfabad68-01eb-4eed-9816-ef3feb90c22c to remote] DEBUG org.asynchttpclient.netty.request.NettyRequestSender - Using open Channel [id: 0x5edee705, L:/127.0.0.1:58214 - R:localhost/127.0.0.1:51636] for GET '/session/cfabad68-01eb-4eed-9816-ef3feb90c22c/element/83a1904b-f145-495b-ae04-7d6fbbc83895/name'
19:40:21.082 [AsyncHttpClient-1-12] DEBUG org.asynchttpclient.netty.handler.HttpHandler - 

Request DefaultFullHttpRequest(decodeResult: success, version: HTTP/1.1, content: EmptyByteBufBE)
GET /session/cfabad68-01eb-4eed-9816-ef3feb90c22c/element/83a1904b-f145-495b-ae04-7d6fbbc83895/name HTTP/1.1
User-Agent: selenium/4.1.2 (java windows)
Cache-Control: no-cache
Content-Type: application/json; charset=utf-8
host: localhost:51636
accept: */*

Response DefaultHttpResponse(decodeResult: success, version: HTTP/1.1)
HTTP/1.1 200 OK
content-type: application/json; charset=utf-8
cache-control: no-cache
date: Sun, 09 Apr 2023 12:40:20 GMT
content-length: 16

19:40:21.082 [AsyncHttpClient-1-12] DEBUG org.asynchttpclient.netty.channel.ChannelManager - Adding key: http://localhost:51636 for channel [id: 0x5edee705, L:/127.0.0.1:58214 - R:localhost/127.0.0.1:51636]
19:40:21.083 [Forwarding getElementTagName on session cfabad68-01eb-4eed-9816-ef3feb90c22c to remote] DEBUG org.asynchttpclient.netty.request.NettyRequestSender - Using pooled Channel '[id: 0x5edee705, L:/127.0.0.1:58214 - R:localhost/127.0.0.1:51636]' for 'GET' to 'http://localhost:51636/session/cfabad68-01eb-4eed-9816-ef3feb90c22c/element/83a1904b-f145-495b-ae04-7d6fbbc83895/name'
19:40:21.083 [Forwarding getElementTagName on session cfabad68-01eb-4eed-9816-ef3feb90c22c to remote] DEBUG org.asynchttpclient.netty.request.NettyRequestSender - Using open Channel [id: 0x5edee705, L:/127.0.0.1:58214 - R:localhost/127.0.0.1:51636] for GET '/session/cfabad68-01eb-4eed-9816-ef3feb90c22c/element/83a1904b-f145-495b-ae04-7d6fbbc83895/name'
19:40:21.115 [AsyncHttpClient-1-12] DEBUG org.asynchttpclient.netty.handler.HttpHandler - 

Request DefaultFullHttpRequest(decodeResult: success, version: HTTP/1.1, content: EmptyByteBufBE)
GET /session/cfabad68-01eb-4eed-9816-ef3feb90c22c/element/83a1904b-f145-495b-ae04-7d6fbbc83895/name HTTP/1.1
User-Agent: selenium/4.1.2 (java windows)
Cache-Control: no-cache
Content-Type: application/json; charset=utf-8
host: localhost:51636
accept: */*

Response DefaultHttpResponse(decodeResult: success, version: HTTP/1.1)
HTTP/1.1 200 OK
content-type: application/json; charset=utf-8
cache-control: no-cache
date: Sun, 09 Apr 2023 12:40:20 GMT
content-length: 16

19:40:21.115 [AsyncHttpClient-1-12] DEBUG org.asynchttpclient.netty.channel.ChannelManager - Adding key: http://localhost:51636 for channel [id: 0x5edee705, L:/127.0.0.1:58214 - R:localhost/127.0.0.1:51636]
19:40:21.117 [Forwarding findElement on session cfabad68-01eb-4eed-9816-ef3feb90c22c to remote] DEBUG org.asynchttpclient.netty.request.NettyRequestSender - Using pooled Channel '[id: 0x5edee705, L:/127.0.0.1:58214 - R:localhost/127.0.0.1:51636]' for 'POST' to 'http://localhost:51636/session/cfabad68-01eb-4eed-9816-ef3feb90c22c/element'
19:40:21.117 [Forwarding findElement on session cfabad68-01eb-4eed-9816-ef3feb90c22c to remote] DEBUG org.asynchttpclient.netty.request.NettyRequestSender - Using open Channel [id: 0x5edee705, L:/127.0.0.1:58214 - R:localhost/127.0.0.1:51636] for POST '/session/cfabad68-01eb-4eed-9816-ef3feb90c22c/element'
19:40:21.124 [AsyncHttpClient-1-12] DEBUG org.asynchttpclient.netty.handler.HttpHandler - 

Request DefaultHttpRequest(decodeResult: success, version: HTTP/1.1)
POST /session/cfabad68-01eb-4eed-9816-ef3feb90c22c/element HTTP/1.1
User-Agent: selenium/4.1.2 (java windows)
Content-Length: 107
Content-Type: application/json; charset=utf-8
host: localhost:51636
accept: */*

Response DefaultHttpResponse(decodeResult: success, version: HTTP/1.1)
HTTP/1.1 200 OK
content-type: application/json; charset=utf-8
cache-control: no-cache
date: Sun, 09 Apr 2023 12:40:20 GMT
content-length: 88

19:40:21.124 [AsyncHttpClient-1-12] DEBUG org.asynchttpclient.netty.channel.ChannelManager - Adding key: http://localhost:51636 for channel [id: 0x5edee705, L:/127.0.0.1:58214 - R:localhost/127.0.0.1:51636]
19:40:21.129 [Forwarding clickElement on session cfabad68-01eb-4eed-9816-ef3feb90c22c to remote] DEBUG org.asynchttpclient.netty.request.NettyRequestSender - Using pooled Channel '[id: 0x5edee705, L:/127.0.0.1:58214 - R:localhost/127.0.0.1:51636]' for 'POST' to 'http://localhost:51636/session/cfabad68-01eb-4eed-9816-ef3feb90c22c/element/83a1904b-f145-495b-ae04-7d6fbbc83895/click'
19:40:21.129 [Forwarding clickElement on session cfabad68-01eb-4eed-9816-ef3feb90c22c to remote] DEBUG org.asynchttpclient.netty.request.NettyRequestSender - Using open Channel [id: 0x5edee705, L:/127.0.0.1:58214 - R:localhost/127.0.0.1:51636] for POST '/session/cfabad68-01eb-4eed-9816-ef3feb90c22c/element/83a1904b-f145-495b-ae04-7d6fbbc83895/click'
19:40:21.537 [AsyncHttpClient-1-12] DEBUG org.asynchttpclient.netty.handler.HttpHandler - 

Request DefaultHttpRequest(decodeResult: success, version: HTTP/1.1)
POST /session/cfabad68-01eb-4eed-9816-ef3feb90c22c/element/83a1904b-f145-495b-ae04-7d6fbbc83895/click HTTP/1.1
User-Agent: selenium/4.1.2 (java windows)
Content-Length: 50
Content-Type: application/json; charset=utf-8
host: localhost:51636
accept: */*

Response DefaultHttpResponse(decodeResult: success, version: HTTP/1.1)
HTTP/1.1 200 OK
content-type: application/json; charset=utf-8
cache-control: no-cache
date: Sun, 09 Apr 2023 12:40:20 GMT
content-length: 14

19:40:21.538 [AsyncHttpClient-1-12] DEBUG org.asynchttpclient.netty.channel.ChannelManager - Adding key: http://localhost:51636 for channel [id: 0x5edee705, L:/127.0.0.1:58214 - R:localhost/127.0.0.1:51636]
  &amp#27;[32mWhen &amp#27;[0m&amp#27;[32mI will go to &amp#27;[0m&amp#27;[32m&amp#27;[1m"kaosKaki1"&amp#27;[0m   &amp#27;[90m# starter.stepdefinitions.BabyStep.iWillGoTo(java.lang.String)&amp#27;[0m
19:40:21.544 [Forwarding screenshot on session cfabad68-01eb-4eed-9816-ef3feb90c22c to remote] DEBUG org.asynchttpclient.netty.request.NettyRequestSender - Using pooled Channel '[id: 0x5edee705, L:/127.0.0.1:58214 - R:localhost/127.0.0.1:51636]' for 'GET' to 'http://localhost:51636/session/cfabad68-01eb-4eed-9816-ef3feb90c22c/screenshot'
19:40:21.544 [Forwarding screenshot on session cfabad68-01eb-4eed-9816-ef3feb90c22c to remote] DEBUG org.asynchttpclient.netty.request.NettyRequestSender - Using open Channel [id: 0x5edee705, L:/127.0.0.1:58214 - R:localhost/127.0.0.1:51636] for GET '/session/cfabad68-01eb-4eed-9816-ef3feb90c22c/screenshot'
19:40:21.761 [AsyncHttpClient-1-12] DEBUG org.asynchttpclient.netty.handler.HttpHandler - 

Request DefaultFullHttpRequest(decodeResult: success, version: HTTP/1.1, content: EmptyByteBufBE)
GET /session/cfabad68-01eb-4eed-9816-ef3feb90c22c/screenshot HTTP/1.1
User-Agent: selenium/4.1.2 (java windows)
Cache-Control: no-cache
Content-Type: application/json; charset=utf-8
host: localhost:51636
accept: */*

Response DefaultHttpResponse(decodeResult: success, version: HTTP/1.1)
HTTP/1.1 200 OK
content-type: application/json; charset=utf-8
cache-control: no-cache
date: Sun, 09 Apr 2023 12:40:21 GMT
content-length: 79168

19:40:21.762 [AsyncHttpClient-1-12] DEBUG org.asynchttpclient.netty.channel.ChannelManager - Adding key: http://localhost:51636 for channel [id: 0x5edee705, L:/127.0.0.1:58214 - R:localhost/127.0.0.1:51636]
19:40:21.765 [main] DEBUG net.serenitybdd.core.photography.Darkroom - Send negative for processing for target\site\serenity\a8ba15847ec2d89d837adf935184c551135033f4c356c7569a48186bed9ec1f6.png
19:40:21.766 [Darkroom Processing Line] DEBUG net.serenitybdd.core.photography.DarkroomProcessingLine - Processing screenshot image in /var/screenshots/screenshot-4298407901080913582
19:40:21.766 [Darkroom Processing Line] DEBUG net.serenitybdd.core.photography.DarkroomProcessingLine - Saving screenshot to target\site\serenity\a8ba15847ec2d89d837adf935184c551135033f4c356c7569a48186bed9ec1f6.png
19:40:21.773 [Forwarding findElement on session cfabad68-01eb-4eed-9816-ef3feb90c22c to remote] DEBUG org.asynchttpclient.netty.request.NettyRequestSender - Using pooled Channel '[id: 0x5edee705, L:/127.0.0.1:58214 - R:localhost/127.0.0.1:51636]' for 'POST' to 'http://localhost:51636/session/cfabad68-01eb-4eed-9816-ef3feb90c22c/element'
19:40:21.773 [Forwarding findElement on session cfabad68-01eb-4eed-9816-ef3feb90c22c to remote] DEBUG org.asynchttpclient.netty.request.NettyRequestSender - Using open Channel [id: 0x5edee705, L:/127.0.0.1:58214 - R:localhost/127.0.0.1:51636] for POST '/session/cfabad68-01eb-4eed-9816-ef3feb90c22c/element'
19:40:21.776 [AsyncHttpClient-1-12] DEBUG org.asynchttpclient.netty.handler.HttpHandler - 

Request DefaultHttpRequest(decodeResult: success, version: HTTP/1.1)
POST /session/cfabad68-01eb-4eed-9816-ef3feb90c22c/element HTTP/1.1
User-Agent: selenium/4.1.2 (java windows)
Content-Length: 91
Content-Type: application/json; charset=utf-8
host: localhost:51636
accept: */*

Response DefaultHttpResponse(decodeResult: success, version: HTTP/1.1)
HTTP/1.1 200 OK
content-type: application/json; charset=utf-8
cache-control: no-cache
date: Sun, 09 Apr 2023 12:40:21 GMT
content-length: 88

19:40:21.776 [AsyncHttpClient-1-12] DEBUG org.asynchttpclient.netty.channel.ChannelManager - Adding key: http://localhost:51636 for channel [id: 0x5edee705, L:/127.0.0.1:58214 - R:localhost/127.0.0.1:51636]
19:40:21.778 [Forwarding isElementDisplayed on session cfabad68-01eb-4eed-9816-ef3feb90c22c to remote] DEBUG org.asynchttpclient.netty.request.NettyRequestSender - Using pooled Channel '[id: 0x5edee705, L:/127.0.0.1:58214 - R:localhost/127.0.0.1:51636]' for 'POST' to 'http://localhost:51636/session/cfabad68-01eb-4eed-9816-ef3feb90c22c/execute/sync'
19:40:21.778 [Forwarding isElementDisplayed on session cfabad68-01eb-4eed-9816-ef3feb90c22c to remote] DEBUG org.asynchttpclient.netty.request.NettyRequestSender - Using open Channel [id: 0x5edee705, L:/127.0.0.1:58214 - R:localhost/127.0.0.1:51636] for POST '/session/cfabad68-01eb-4eed-9816-ef3feb90c22c/execute/sync'
19:40:21.796 [AsyncHttpClient-1-12] DEBUG org.asynchttpclient.netty.handler.HttpHandler - 

Request DefaultHttpRequest(decodeResult: success, version: HTTP/1.1)
POST /session/cfabad68-01eb-4eed-9816-ef3feb90c22c/execute/sync HTTP/1.1
User-Agent: selenium/4.1.2 (java windows)
Content-Length: 48780
Content-Type: application/json; charset=utf-8
host: localhost:51636
accept: */*

Response DefaultHttpResponse(decodeResult: success, version: HTTP/1.1)
HTTP/1.1 200 OK
content-type: application/json; charset=utf-8
cache-control: no-cache
date: Sun, 09 Apr 2023 12:40:21 GMT
content-length: 14

19:40:21.796 [AsyncHttpClient-1-12] DEBUG org.asynchttpclient.netty.channel.ChannelManager - Adding key: http://localhost:51636 for channel [id: 0x5edee705, L:/127.0.0.1:58214 - R:localhost/127.0.0.1:51636]
  &amp#27;[32mAnd &amp#27;[0m&amp#27;[32mI &amp#27;[0m&amp#27;[32m&amp#27;[1m"txtKaosKaki1"&amp#27;[0m&amp#27;[32m page&amp#27;[0m       &amp#27;[90m# starter.stepdefinitions.BabyStep.iPage(java.lang.String)&amp#27;[0m
19:40:21.809 [Driver Command Executor] DEBUG org.asynchttpclient.netty.request.NettyRequestSender - Using pooled Channel '[id: 0x5edee705, L:/127.0.0.1:58214 - R:localhost/127.0.0.1:51636]' for 'DELETE' to 'http://localhost:51636/session/cfabad68-01eb-4eed-9816-ef3feb90c22c'
19:40:21.809 [Driver Command Executor] DEBUG org.asynchttpclient.netty.request.NettyRequestSender - Using open Channel [id: 0x5edee705, L:/127.0.0.1:58214 - R:localhost/127.0.0.1:51636] for DELETE '/session/cfabad68-01eb-4eed-9816-ef3feb90c22c'
19:40:22.770 [AsyncHttpClient-1-12] DEBUG org.asynchttpclient.netty.handler.HttpHandler - 

Request DefaultFullHttpRequest(decodeResult: success, version: HTTP/1.1, content: EmptyByteBufBE)
DELETE /session/cfabad68-01eb-4eed-9816-ef3feb90c22c HTTP/1.1
User-Agent: selenium/4.1.2 (java windows)
Content-Type: application/json; charset=utf-8
host: localhost:51636
accept: */*

Response DefaultHttpResponse(decodeResult: success, version: HTTP/1.1)
HTTP/1.1 200 OK
content-type: application/json; charset=utf-8
cache-control: no-cache
date: Sun, 09 Apr 2023 12:40:21 GMT
content-length: 14

19:40:22.770 [AsyncHttpClient-1-12] DEBUG org.asynchttpclient.netty.channel.ChannelManager - Adding key: http://localhost:51636 for channel [id: 0x5edee705, L:/127.0.0.1:58214 - R:localhost/127.0.0.1:51636]
19:40:22.772 [AsyncHttpClient-1-12] DEBUG org.asynchttpclient.netty.handler.HttpHandler - Unexpected I/O exception on channel [id: 0x5edee705, L:/127.0.0.1:58214 - R:localhost/127.0.0.1:51636]
java.net.SocketException: Connection reset
	at java.base/sun.nio.ch.SocketChannelImpl.throwConnectionReset(SocketChannelImpl.java:345)
	at java.base/sun.nio.ch.SocketChannelImpl.read(SocketChannelImpl.java:376)
	at io.netty.buffer.PooledByteBuf.setBytes(PooledByteBuf.java:258)
	at io.netty.buffer.AbstractByteBuf.writeBytes(AbstractByteBuf.java:1132)
	at io.netty.channel.socket.nio.NioSocketChannel.doReadBytes(NioSocketChannel.java:350)
	at io.netty.channel.nio.AbstractNioByteChannel$NioByteUnsafe.read(AbstractNioByteChannel.java:151)
	at io.netty.channel.nio.NioEventLoop.processSelectedKey(NioEventLoop.java:722)
	at io.netty.channel.nio.NioEventLoop.processSelectedKeysOptimized(NioEventLoop.java:658)
	at io.netty.channel.nio.NioEventLoop.processSelectedKeys(NioEventLoop.java:584)
	at io.netty.channel.nio.NioEventLoop.run(NioEventLoop.java:496)
	at io.netty.util.concurrent.SingleThreadEventExecutor$4.run(SingleThreadEventExecutor.java:986)
	at io.netty.util.internal.ThreadExecutorMap$2.run(ThreadExecutorMap.java:74)
	at io.netty.util.concurrent.FastThreadLocalRunnable.run(FastThreadLocalRunnable.java:30)
	at java.base/java.lang.Thread.run(Thread.java:830)
19:40:22.772 [AsyncHttpClient-1-12] DEBUG org.asynchttpclient.netty.channel.ChannelManager - Closing Channel [id: 0x5edee705, L:/127.0.0.1:58214 - R:localhost/127.0.0.1:51636] 
19:40:22.772 [AsyncHttpClient-1-12] DEBUG org.asynchttpclient.netty.handler.HttpHandler - Channel Closed: [id: 0x5edee705, L:/127.0.0.1:58214 ! R:localhost/127.0.0.1:51636] with attribute DISCARD
]]></system-out>
    <system-err><![CDATA[1681044014097	geckodriver	INFO	Listening on 127.0.0.1:51636
1681044014582	mozrunner::runner	INFO	Running command: "C:\\Program Files\\Mozilla Firefox\\firefox.exe" "--marionette" "" "--remote-debugging-port" "60266" "--remote-allow-hosts" "localhost" "-no-remote" "-profile" "C:\\Users\\alwi\\AppData\\Local\\Temp\\rust_mozprofileEqgmMn"
console.warn: services.settings: Ignoring preference override of remote settings server
console.warn: services.settings: Allow by setting MOZ_REMOTE_SETTINGS_DEVTOOLS=1 in the environment
1681044014923	Marionette	INFO	Marionette enabled
Dynamically enable window occlusion 0
1681044014929	Marionette	INFO	Listening on port 58217
WebDriver BiDi listening on ws://127.0.0.1:60266
Read port: 58217
1681044015178	RemoteAgent	WARN	TLS certificate errors will be ignored for this session
console.warn: SearchSettings: "get: No settings file exists, new profile?" (new NotFoundError("Could not open the file at C:\\Users\\alwi\\AppData\\Local\\Temp\\rust_mozprofileEqgmMn\\search.json.mozlz4", (void 0)))
DevTools listening on ws://127.0.0.1:60266/devtools/browser/54547b0b-61cf-40a1-b41b-95b304aaab26
Apr 09, 2023 7:40:16 PM org.openqa.selenium.remote.ProtocolHandshake createSession
INFO: Detected dialect: W3C
JavaScript warning: https://www.uniqlo.com/oQfZRN8zACRR/OQ/-x_RMR-EGX/k95OLrhJQ5/OXl6GHI5AQ/PnUdVS/RrZQs, line 1: unreachable code after return statement
JavaScript warning: https://www.uniqlo.com/id/elgnisolqinu.js?async&seed=AECl_mWHAQAAhXleUcVgnU2eEowETsYZDsExG9MVfyypS8j2a8yO2N_NY-zV&x-i1ysm4mm--z=q, line 1: WEBGL_debug_renderer_info is deprecated in Firefox and will be removed. Please use RENDERER.
JavaScript warning: https://www.uniqlo.com/oQfZRN8zACRR/OQ/-x_RMR-EGX/k95OLrhJQ5/OXl6GHI5AQ/PnUdVS/RrZQs, line 1: WEBGL_debug_renderer_info is deprecated in Firefox and will be removed. Please use RENDERER.
1681044021811	Marionette	INFO	Stopped listening on port 58217
Dynamically enable window occlusion 1
WARNING: A blocker encountered an error while we were waiting.
          Blocker:  Waiting for ping task
          Phase: TelemetryController: Waiting for pending ping activity
          State: (none)
WARNING: Error: Phase "profile-before-change" is finished, it is too late to register completion condition "OS.File: flush I/O queued before profileBeforeChange"
WARNING: addBlocker@resource://gre/modules/AsyncShutdown.sys.mjs:727:15
addBlocker@resource://gre/modules/AsyncShutdown.sys.mjs:523:26
addBlocker@resource://gre/modules/AsyncShutdown.sys.mjs:458:15
setupShutdown@resource://gre/modules/osfile/osfile_async_front.jsm:1548:28
@resource://gre/modules/osfile/osfile_async_front.jsm:1568:16
@resource://gre/modules/osfile.jsm:12:30
@resource://gre/modules/TelemetryStorage.sys.mjs:10:28
_checkPendingPings@resource://gre/modules/TelemetrySend.sys.mjs:863:17
setup@resource://gre/modules/TelemetrySend.sys.mjs:803:18
setup@resource://gre/modules/TelemetrySend.sys.mjs:241:30
setupTelemetry/this._delayedInitTask<@resource://gre/modules/TelemetryControllerParent.sys.mjs:828:36
observe@resource://gre/modules/AsyncShutdown.sys.mjs:576:16

console.error: "TelemetryScheduler.shutdown - Already shut down"
WARNING: A blocker encountered an error while we were waiting.
          Blocker:  Waiting for ping task
          Phase: TelemetryController: Waiting for pending ping activity
          State: (none)
WARNING: Error: Phase "profile-before-change" is finished, it is too late to register completion condition "OS.File: flush I/O queued before profileBeforeChange"
WARNING: addBlocker@resource://gre/modules/AsyncShutdown.sys.mjs:727:15
addBlocker@resource://gre/modules/AsyncShutdown.sys.mjs:523:26
addBlocker@resource://gre/modules/AsyncShutdown.sys.mjs:458:15
setupShutdown@resource://gre/modules/osfile/osfile_async_front.jsm:1548:28
@resource://gre/modules/osfile/osfile_async_front.jsm:1568:16
@resource://gre/modules/osfile.jsm:12:30
@resource://gre/modules/TelemetryStorage.sys.mjs:10:28
_checkPendingPings@resource://gre/modules/TelemetrySend.sys.mjs:863:17
setup@resource://gre/modules/TelemetrySend.sys.mjs:803:18
setup@resource://gre/modules/TelemetrySend.sys.mjs:241:30
setupTelemetry/this._delayedInitTask<@resource://gre/modules/TelemetryControllerParent.sys.mjs:828:36
observe@resource://gre/modules/AsyncShutdown.sys.mjs:576:16

WARNING: A blocker encountered an error while we were waiting.
          Blocker:  Waiting for ping task
          Phase: TelemetryController: Waiting for pending ping activity
          State: (none)
WARNING: Error: Phase "profile-before-change" is finished, it is too late to register completion condition "OS.File: flush I/O queued before profileBeforeChange"
WARNING: addBlocker@resource://gre/modules/AsyncShutdown.sys.mjs:727:15
addBlocker@resource://gre/modules/AsyncShutdown.sys.mjs:523:26
addBlocker@resource://gre/modules/AsyncShutdown.sys.mjs:458:15
setupShutdown@resource://gre/modules/osfile/osfile_async_front.jsm:1548:28
@resource://gre/modules/osfile/osfile_async_front.jsm:1568:16
@resource://gre/modules/osfile.jsm:12:30
@resource://gre/modules/TelemetryStorage.sys.mjs:10:28
_checkPendingPings@resource://gre/modules/TelemetrySend.sys.mjs:863:17
setup@resource://gre/modules/TelemetrySend.sys.mjs:803:18
setup@resource://gre/modules/TelemetrySend.sys.mjs:241:30
setupTelemetry/this._delayedInitTask<@resource://gre/modules/TelemetryControllerParent.sys.mjs:828:36
observe@resource://gre/modules/AsyncShutdown.sys.mjs:576:16

WARNING: A blocker encountered an error while we were waiting.
          Blocker:  TelemetryController: shutting down
          Phase: profile-before-change-telemetry
          State: Error getting state: Error: Phase "profile-before-change" is finished, it is too late to register completion condition "OS.File: flush I/O queued before profileBeforeChange" at addBlocker@resource://gre/modules/AsyncShutdown.sys.mjs:727:15
addBlocker@resource://gre/modules/AsyncShutdown.sys.mjs:523:26
addBlocker@resource://gre/modules/AsyncShutdown.sys.mjs:458:15
setupShutdown@resource://gre/modules/osfile/osfile_async_front.jsm:1548:28
@resource://gre/modules/osfile/osfile_async_front.jsm:1568:16
@resource://gre/modules/osfile.jsm:12:30
@resource://gre/modules/TelemetryStorage.sys.mjs:10:28
_checkPendingPings@resource://gre/modules/TelemetrySend.sys.mjs:863:17
setup@resource://gre/modules/TelemetrySend.sys.mjs:803:18
setup@resource://gre/modules/TelemetrySend.sys.mjs:241:30
setupTelemetry/this._delayedInitTask<@resource://gre/modules/TelemetryControllerParent.sys.mjs:828:36
observe@resource://gre/modules/AsyncShutdown.sys.mjs:576:16

WARNING: Error: Phase "profile-before-change" is finished, it is too late to register completion condition "OS.File: flush I/O queued before profileBeforeChange"
WARNING: addBlocker@resource://gre/modules/AsyncShuJtdaovwanS.csryispt. merjrso:r7:2 7r:eso15
auddrBcleo:/c/kgreer/m@orduelesso/AusryncceSh:ut/d/owgnr.sey/sm.omjdsu,l line 7e2s7/:A sEyrnrcoSr:h uPthdaoswen ."psyrosf.mjs:i52l3e:-2b6ef
oarded-Bclhange"o cikse rf@irnesiosheudr,c e:i/t/ girse /mtoood ullaetse/As ytnoc Srheugtidsotwenr.sy sc.ommjplse:t4i5o8n: c1o5nd
istieotupSnh "uOtSd.Foiwlen:@ rfelussohu rIc/eO: q//ugeruee/d mbodeufloerse/ opsrfileo/foislfeiBlee_faosryenCc_hafnrgoen"t.
jsm:1548:28
J@arveasSocurricpet: //egrrreo/rm:o druelseosu/rocsef:/i/lger/eo/smfiodulele_assy/nAcs_yfnrcoSnhtu.tjdoswmn:.s1y5s6.8m:j1s6,
 @lrienseo u7r2c7e:: E//rgrrore:/ Pmhaosdeu le"sp/roofsifliel-eb.jsme:1f2o:r3e0-c
h@arnegseo"u isrce:/ /fignries/hemodd,u liets /iTse lteomoe ltartyeS ttoor areggei.ssytse.r mcjsom:p10:2l8eti
o_nc hceocnkdPietniodni n"OgSP.iFniglse@:r eflsush I/O queued before prooufricleeB://gerfeo/rmeoCdhaunlgees"/T
JealvaScreimpett reyrrSoer:n dr.essyosur.cmej:s/:/8g6r3e:/m1o7dul
esse/tAsuypn@crSehsuotudrowcne.://sgre/ymosd.umljse,s /lTienlee m7e2t7r:y SEernrdo.rs: yPsha.smej s":p8ro0f3i:l1e8-b
efsoetruep-@crhaensgoeurc"e :i/s/gre/modu lefsi/nTeilsehmeetdr,y Sietn di.ss tooy sl.amtjes :t241o: 3r0eg
issetteurp Tceolmepmleettryi/otnh ics.o_dnedliatyionedIn it"TOasSk<.@rFeislouer: cfel:u/s/hg rIe//Om oqduuleeuse/dT ebleefmoetrrey CoprnotrfoillleeBrePfaorreenCth.asnygse.m"js:828:3
6J
aovbasSercvrei@prte seorurrocre::/ /rgrees/omuordculees://A/sgyrnec/Smhoudtudloewsn/.sAyssy.nmjcsS:h57u6t:1d6own.s
ys
.mjs, line 727: Error: Phase "profile-before-change" is finished, it is too late to register completion condition "OS.File: flush I/O queued before profileBeforeChange"
JavaScript error: resource://gre/modules/AsyncShutdown.sys.mjs, line 727: Error: Phase "profile-before-change" is finished, it is too late to register completion condition "OS.File: flush I/O queued before profileBeforeChange"
JavaScript error: resource://gre/modules/AsyncShutdown.sys.mjs, line 727: Error: Phase "profile-before-change" is finished, it is too late to register completion condition "OS.File: flush I/O queued before profileBeforeChange"
]]></system-err>
  </testcase>
  <testcase name="Fitur Menu Baby #14" classname="Baby" time="8.669">
    <system-out><![CDATA[
@baby
Scenario Outline: Fitur Menu Baby &amp#27;[90m# src/test/resources/features/Baby.feature:26&amp#27;[0m
19:40:22.836 [main] INFO io.cucumber.core.plugin.SerenityReporter - Running feature from file:///C:/Users/alwi/IdeaProjects/uniqloweb/src/test/resources/features/Baby.feature
19:40:22.847 [main] INFO net.serenitybdd.core.webdriver.driverproviders.FirefoxDriverProvider - Using automatically driver download
19:40:22.948 [main] DEBUG io.github.bonigarcia.wdm.cache.ResolutionCache - Resolution firefox=111 in cache (valid until 20:30:50 09/04/2023 WIB)
19:40:22.951 [main] DEBUG io.github.bonigarcia.wdm.cache.ResolutionCache - Resolution firefox111=0.32.2 in cache (valid until 19:30:50 10/04/2023 WIB)
19:40:22.952 [main] INFO io.github.bonigarcia.wdm.WebDriverManager - Using geckodriver 0.32.2 (resolved driver for Firefox 111)
19:40:22.964 [main] DEBUG io.github.bonigarcia.wdm.WebDriverManager - Driver geckodriver 0.32.2 found in cache
19:40:22.964 [main] INFO io.github.bonigarcia.wdm.WebDriverManager - Exporting webdriver.gecko.driver as C:\Users\alwi\.cache\selenium\geckodriver\win64\0.32.2\geckodriver.exe
19:40:22.976 [main] DEBUG net.serenitybdd.core.webdriver.driverproviders.ProvideNewDriver - Instantiating driver
19:40:22.976 [main] DEBUG net.serenitybdd.core.webdriver.driverproviders.ProvideNewDriver - Driver capabilities: Capabilities {acceptInsecureCerts: true, browserName: firefox, moz:debuggerAddress: true, moz:firefoxOptions: {args: [], profile: UEsDBBQACAgIAAudiVYAAAAAAAA...}}
19:40:23.504 [AsyncHttpClient-1-14] DEBUG org.asynchttpclient.netty.channel.NettyConnectListener - Using new Channel '[id: 0x15f4c0c8, L:/127.0.0.1:58308 - R:localhost/127.0.0.1:54490]' for 'POST' to '/session'
19:40:23.530 [AsyncHttpClient-1-1] DEBUG org.asynchttpclient.netty.channel.DefaultChannelPool - Entry count for : http://localhost:51636 : 1
19:40:23.530 [AsyncHttpClient-1-1] DEBUG org.asynchttpclient.netty.channel.DefaultChannelPool - Adding Candidate expired Channel [id: 0x5edee705, L:/127.0.0.1:58214 ! R:localhost/127.0.0.1:51636] isIdleTimeoutExpired=false isRemotelyClosed=true isTtlExpired=false
19:40:23.530 [AsyncHttpClient-1-1] DEBUG org.asynchttpclient.netty.channel.DefaultChannelPool - Closing Idle Channel [id: 0x5edee705, L:/127.0.0.1:58214 ! R:localhost/127.0.0.1:51636]
19:40:23.530 [AsyncHttpClient-1-1] DEBUG org.asynchttpclient.netty.channel.DefaultChannelPool - Closed 1 connections out of 1 in 0 ms
19:40:26.084 [AsyncHttpClient-1-14] DEBUG org.asynchttpclient.netty.handler.HttpHandler - 

Request DefaultHttpRequest(decodeResult: success, version: HTTP/1.1)
POST /session HTTP/1.1
User-Agent: selenium/4.1.2 (java windows)
Content-Length: 3673
Content-Type: application/json; charset=utf-8
host: localhost:54490
accept: */*

Response DefaultHttpResponse(decodeResult: success, version: HTTP/1.1)
HTTP/1.1 200 OK
content-type: application/json; charset=utf-8
cache-control: no-cache
date: Sun, 09 Apr 2023 12:40:23 GMT
content-length: 789

19:40:26.085 [AsyncHttpClient-1-14] DEBUG org.asynchttpclient.netty.channel.ChannelManager - Adding key: http://localhost:54490 for channel [id: 0x15f4c0c8, L:/127.0.0.1:58308 - R:localhost/127.0.0.1:54490]
19:40:26.091 [AsyncHttpClient-1-15] DEBUG org.asynchttpclient.netty.channel.NettyConnectListener - Using new Channel '[id: 0xbf0d3dbe, L:/127.0.0.1:58325 - R:/127.0.0.1:57707]' for 'GET' to '/json/version'
19:40:26.094 [AsyncHttpClient-1-15] DEBUG org.asynchttpclient.netty.handler.HttpHandler - 

Request DefaultFullHttpRequest(decodeResult: success, version: HTTP/1.1, content: EmptyByteBufBE)
GET /json/version HTTP/1.1
User-Agent: selenium/4.1.2 (java windows)
host: 127.0.0.1:57707
accept: */*

Response DefaultHttpResponse(decodeResult: success, version: HTTP/1.1)
HTTP/1.1 200 OK
content-type: application/json
connection: close
server: httpd.js
date: Sun, 09 Apr 2023 12:40:26 GMT
content-length: 311

19:40:26.094 [AsyncHttpClient-1-15] DEBUG org.asynchttpclient.netty.channel.ChannelManager - Closing Channel [id: 0xbf0d3dbe, L:/127.0.0.1:58325 - R:/127.0.0.1:57707] 
19:40:26.094 [AsyncHttpClient-1-15] DEBUG org.asynchttpclient.netty.handler.HttpHandler - Channel Closed: [id: 0xbf0d3dbe, L:/127.0.0.1:58325 ! R:/127.0.0.1:57707] with attribute DISCARD
19:40:26.095 [Forwarding get on session 0de3e11f-f085-4953-8ea4-598eefcba933 to remote] DEBUG org.asynchttpclient.netty.request.NettyRequestSender - Using pooled Channel '[id: 0x15f4c0c8, L:/127.0.0.1:58308 - R:localhost/127.0.0.1:54490]' for 'POST' to 'http://localhost:54490/session/0de3e11f-f085-4953-8ea4-598eefcba933/url'
19:40:26.095 [Forwarding get on session 0de3e11f-f085-4953-8ea4-598eefcba933 to remote] DEBUG org.asynchttpclient.netty.request.NettyRequestSender - Using open Channel [id: 0x15f4c0c8, L:/127.0.0.1:58308 - R:localhost/127.0.0.1:54490] for POST '/session/0de3e11f-f085-4953-8ea4-598eefcba933/url'
19:40:27.094 [AsyncHttpClient-1-14] DEBUG org.asynchttpclient.netty.handler.HttpHandler - 

Request DefaultHttpRequest(decodeResult: success, version: HTTP/1.1)
POST /session/0de3e11f-f085-4953-8ea4-598eefcba933/url HTTP/1.1
User-Agent: selenium/4.1.2 (java windows)
Content-Length: 53
Content-Type: application/json; charset=utf-8
host: localhost:54490
accept: */*

Response DefaultHttpResponse(decodeResult: success, version: HTTP/1.1)
HTTP/1.1 200 OK
content-type: application/json; charset=utf-8
cache-control: no-cache
date: Sun, 09 Apr 2023 12:40:26 GMT
content-length: 14

19:40:27.094 [AsyncHttpClient-1-14] DEBUG org.asynchttpclient.netty.channel.ChannelManager - Adding key: http://localhost:54490 for channel [id: 0x15f4c0c8, L:/127.0.0.1:58308 - R:localhost/127.0.0.1:54490]
19:40:27.095 [Forwarding setTimeout on session 0de3e11f-f085-4953-8ea4-598eefcba933 to remote] DEBUG org.asynchttpclient.netty.request.NettyRequestSender - Using pooled Channel '[id: 0x15f4c0c8, L:/127.0.0.1:58308 - R:localhost/127.0.0.1:54490]' for 'POST' to 'http://localhost:54490/session/0de3e11f-f085-4953-8ea4-598eefcba933/timeouts'
19:40:27.095 [Forwarding setTimeout on session 0de3e11f-f085-4953-8ea4-598eefcba933 to remote] DEBUG org.asynchttpclient.netty.request.NettyRequestSender - Using open Channel [id: 0x15f4c0c8, L:/127.0.0.1:58308 - R:localhost/127.0.0.1:54490] for POST '/session/0de3e11f-f085-4953-8ea4-598eefcba933/timeouts'
19:40:27.098 [AsyncHttpClient-1-14] DEBUG org.asynchttpclient.netty.handler.HttpHandler - 

Request DefaultHttpRequest(decodeResult: success, version: HTTP/1.1)
POST /session/0de3e11f-f085-4953-8ea4-598eefcba933/timeouts HTTP/1.1
User-Agent: selenium/4.1.2 (java windows)
Content-Length: 22
Content-Type: application/json; charset=utf-8
host: localhost:54490
accept: */*

Response DefaultHttpResponse(decodeResult: success, version: HTTP/1.1)
HTTP/1.1 200 OK
content-type: application/json; charset=utf-8
cache-control: no-cache
date: Sun, 09 Apr 2023 12:40:27 GMT
content-length: 14

19:40:27.099 [AsyncHttpClient-1-14] DEBUG org.asynchttpclient.netty.channel.ChannelManager - Adding key: http://localhost:54490 for channel [id: 0x15f4c0c8, L:/127.0.0.1:58308 - R:localhost/127.0.0.1:54490]
19:40:27.103 [Forwarding getCurrentUrl on session 0de3e11f-f085-4953-8ea4-598eefcba933 to remote] DEBUG org.asynchttpclient.netty.request.NettyRequestSender - Using pooled Channel '[id: 0x15f4c0c8, L:/127.0.0.1:58308 - R:localhost/127.0.0.1:54490]' for 'GET' to 'http://localhost:54490/session/0de3e11f-f085-4953-8ea4-598eefcba933/url'
19:40:27.103 [Forwarding getCurrentUrl on session 0de3e11f-f085-4953-8ea4-598eefcba933 to remote] DEBUG org.asynchttpclient.netty.request.NettyRequestSender - Using open Channel [id: 0x15f4c0c8, L:/127.0.0.1:58308 - R:localhost/127.0.0.1:54490] for GET '/session/0de3e11f-f085-4953-8ea4-598eefcba933/url'
19:40:27.109 [AsyncHttpClient-1-14] DEBUG org.asynchttpclient.netty.handler.HttpHandler - 

Request DefaultFullHttpRequest(decodeResult: success, version: HTTP/1.1, content: EmptyByteBufBE)
GET /session/0de3e11f-f085-4953-8ea4-598eefcba933/url HTTP/1.1
User-Agent: selenium/4.1.2 (java windows)
Cache-Control: no-cache
Content-Type: application/json; charset=utf-8
host: localhost:54490
accept: */*

Response DefaultHttpResponse(decodeResult: success, version: HTTP/1.1)
HTTP/1.1 200 OK
content-type: application/json; charset=utf-8
cache-control: no-cache
date: Sun, 09 Apr 2023 12:40:27 GMT
content-length: 41

19:40:27.110 [AsyncHttpClient-1-14] DEBUG org.asynchttpclient.netty.channel.ChannelManager - Adding key: http://localhost:54490 for channel [id: 0x15f4c0c8, L:/127.0.0.1:58308 - R:localhost/127.0.0.1:54490]
  &amp#27;[32mGiven &amp#27;[0m&amp#27;[32mI am on the home page&amp#27;[0m     &amp#27;[90m# starter.stepdefinitions.BabyStep.iAmOnTheHomePage()&amp#27;[0m
19:40:27.114 [Forwarding screenshot on session 0de3e11f-f085-4953-8ea4-598eefcba933 to remote] DEBUG org.asynchttpclient.netty.request.NettyRequestSender - Using pooled Channel '[id: 0x15f4c0c8, L:/127.0.0.1:58308 - R:localhost/127.0.0.1:54490]' for 'GET' to 'http://localhost:54490/session/0de3e11f-f085-4953-8ea4-598eefcba933/screenshot'
19:40:27.114 [Forwarding screenshot on session 0de3e11f-f085-4953-8ea4-598eefcba933 to remote] DEBUG org.asynchttpclient.netty.request.NettyRequestSender - Using open Channel [id: 0x15f4c0c8, L:/127.0.0.1:58308 - R:localhost/127.0.0.1:54490] for GET '/session/0de3e11f-f085-4953-8ea4-598eefcba933/screenshot'
19:40:27.353 [AsyncHttpClient-1-14] DEBUG org.asynchttpclient.netty.handler.HttpHandler - 

Request DefaultFullHttpRequest(decodeResult: success, version: HTTP/1.1, content: EmptyByteBufBE)
GET /session/0de3e11f-f085-4953-8ea4-598eefcba933/screenshot HTTP/1.1
User-Agent: selenium/4.1.2 (java windows)
Cache-Control: no-cache
Content-Type: application/json; charset=utf-8
host: localhost:54490
accept: */*

Response DefaultHttpResponse(decodeResult: success, version: HTTP/1.1)
HTTP/1.1 200 OK
content-type: application/json; charset=utf-8
cache-control: no-cache
date: Sun, 09 Apr 2023 12:40:27 GMT
content-length: 27032

19:40:27.354 [AsyncHttpClient-1-14] DEBUG org.asynchttpclient.netty.channel.ChannelManager - Adding key: http://localhost:54490 for channel [id: 0x15f4c0c8, L:/127.0.0.1:58308 - R:localhost/127.0.0.1:54490]
19:40:27.356 [main] DEBUG net.serenitybdd.core.photography.Darkroom - Send negative for processing for target\site\serenity\4e6ca256ceb07ff6b2679fd0a98be5384d2aa2c466cd126bfdaa2829aba4ff51.png
19:40:27.369 [Forwarding findElement on session 0de3e11f-f085-4953-8ea4-598eefcba933 to remote] DEBUG org.asynchttpclient.netty.request.NettyRequestSender - Using pooled Channel '[id: 0x15f4c0c8, L:/127.0.0.1:58308 - R:localhost/127.0.0.1:54490]' for 'POST' to 'http://localhost:54490/session/0de3e11f-f085-4953-8ea4-598eefcba933/element'
19:40:27.369 [Forwarding findElement on session 0de3e11f-f085-4953-8ea4-598eefcba933 to remote] DEBUG org.asynchttpclient.netty.request.NettyRequestSender - Using open Channel [id: 0x15f4c0c8, L:/127.0.0.1:58308 - R:localhost/127.0.0.1:54490] for POST '/session/0de3e11f-f085-4953-8ea4-598eefcba933/element'
19:40:27.876 [AsyncHttpClient-1-14] DEBUG org.asynchttpclient.netty.handler.HttpHandler - 

Request DefaultHttpRequest(decodeResult: success, version: HTTP/1.1)
POST /session/0de3e11f-f085-4953-8ea4-598eefcba933/element HTTP/1.1
User-Agent: selenium/4.1.2 (java windows)
Content-Length: 81
Content-Type: application/json; charset=utf-8
host: localhost:54490
accept: */*

Response DefaultHttpResponse(decodeResult: success, version: HTTP/1.1)
HTTP/1.1 200 OK
content-type: application/json; charset=utf-8
cache-control: no-cache
date: Sun, 09 Apr 2023 12:40:27 GMT
content-length: 88

19:40:27.876 [AsyncHttpClient-1-14] DEBUG org.asynchttpclient.netty.channel.ChannelManager - Adding key: http://localhost:54490 for channel [id: 0x15f4c0c8, L:/127.0.0.1:58308 - R:localhost/127.0.0.1:54490]
19:40:27.878 [Forwarding getElementTagName on session 0de3e11f-f085-4953-8ea4-598eefcba933 to remote] DEBUG org.asynchttpclient.netty.request.NettyRequestSender - Using pooled Channel '[id: 0x15f4c0c8, L:/127.0.0.1:58308 - R:localhost/127.0.0.1:54490]' for 'GET' to 'http://localhost:54490/session/0de3e11f-f085-4953-8ea4-598eefcba933/element/e6aa5649-9f0c-4768-a440-0f2c232e774b/name'
19:40:27.878 [Forwarding getElementTagName on session 0de3e11f-f085-4953-8ea4-598eefcba933 to remote] DEBUG org.asynchttpclient.netty.request.NettyRequestSender - Using open Channel [id: 0x15f4c0c8, L:/127.0.0.1:58308 - R:localhost/127.0.0.1:54490] for GET '/session/0de3e11f-f085-4953-8ea4-598eefcba933/element/e6aa5649-9f0c-4768-a440-0f2c232e774b/name'
19:40:27.897 [AsyncHttpClient-1-14] DEBUG org.asynchttpclient.netty.handler.HttpHandler - 

Request DefaultFullHttpRequest(decodeResult: success, version: HTTP/1.1, content: EmptyByteBufBE)
GET /session/0de3e11f-f085-4953-8ea4-598eefcba933/element/e6aa5649-9f0c-4768-a440-0f2c232e774b/name HTTP/1.1
User-Agent: selenium/4.1.2 (java windows)
Cache-Control: no-cache
Content-Type: application/json; charset=utf-8
host: localhost:54490
accept: */*

Response DefaultHttpResponse(decodeResult: success, version: HTTP/1.1)
HTTP/1.1 200 OK
content-type: application/json; charset=utf-8
cache-control: no-cache
date: Sun, 09 Apr 2023 12:40:27 GMT
content-length: 16

19:40:27.897 [AsyncHttpClient-1-14] DEBUG org.asynchttpclient.netty.channel.ChannelManager - Adding key: http://localhost:54490 for channel [id: 0x15f4c0c8, L:/127.0.0.1:58308 - R:localhost/127.0.0.1:54490]
19:40:27.898 [Forwarding getElementTagName on session 0de3e11f-f085-4953-8ea4-598eefcba933 to remote] DEBUG org.asynchttpclient.netty.request.NettyRequestSender - Using pooled Channel '[id: 0x15f4c0c8, L:/127.0.0.1:58308 - R:localhost/127.0.0.1:54490]' for 'GET' to 'http://localhost:54490/session/0de3e11f-f085-4953-8ea4-598eefcba933/element/e6aa5649-9f0c-4768-a440-0f2c232e774b/name'
19:40:27.899 [Forwarding getElementTagName on session 0de3e11f-f085-4953-8ea4-598eefcba933 to remote] DEBUG org.asynchttpclient.netty.request.NettyRequestSender - Using open Channel [id: 0x15f4c0c8, L:/127.0.0.1:58308 - R:localhost/127.0.0.1:54490] for GET '/session/0de3e11f-f085-4953-8ea4-598eefcba933/element/e6aa5649-9f0c-4768-a440-0f2c232e774b/name'
19:40:27.931 [AsyncHttpClient-1-14] DEBUG org.asynchttpclient.netty.handler.HttpHandler - 

Request DefaultFullHttpRequest(decodeResult: success, version: HTTP/1.1, content: EmptyByteBufBE)
GET /session/0de3e11f-f085-4953-8ea4-598eefcba933/element/e6aa5649-9f0c-4768-a440-0f2c232e774b/name HTTP/1.1
User-Agent: selenium/4.1.2 (java windows)
Cache-Control: no-cache
Content-Type: application/json; charset=utf-8
host: localhost:54490
accept: */*

Response DefaultHttpResponse(decodeResult: success, version: HTTP/1.1)
HTTP/1.1 200 OK
content-type: application/json; charset=utf-8
cache-control: no-cache
date: Sun, 09 Apr 2023 12:40:27 GMT
content-length: 16

19:40:27.932 [AsyncHttpClient-1-14] DEBUG org.asynchttpclient.netty.channel.ChannelManager - Adding key: http://localhost:54490 for channel [id: 0x15f4c0c8, L:/127.0.0.1:58308 - R:localhost/127.0.0.1:54490]
19:40:27.934 [Forwarding findElement on session 0de3e11f-f085-4953-8ea4-598eefcba933 to remote] DEBUG org.asynchttpclient.netty.request.NettyRequestSender - Using pooled Channel '[id: 0x15f4c0c8, L:/127.0.0.1:58308 - R:localhost/127.0.0.1:54490]' for 'POST' to 'http://localhost:54490/session/0de3e11f-f085-4953-8ea4-598eefcba933/element'
19:40:27.934 [Forwarding findElement on session 0de3e11f-f085-4953-8ea4-598eefcba933 to remote] DEBUG org.asynchttpclient.netty.request.NettyRequestSender - Using open Channel [id: 0x15f4c0c8, L:/127.0.0.1:58308 - R:localhost/127.0.0.1:54490] for POST '/session/0de3e11f-f085-4953-8ea4-598eefcba933/element'
19:40:27.976 [AsyncHttpClient-1-14] DEBUG org.asynchttpclient.netty.handler.HttpHandler - 

Request DefaultHttpRequest(decodeResult: success, version: HTTP/1.1)
POST /session/0de3e11f-f085-4953-8ea4-598eefcba933/element HTTP/1.1
User-Agent: selenium/4.1.2 (java windows)
Content-Length: 81
Content-Type: application/json; charset=utf-8
host: localhost:54490
accept: */*

Response DefaultHttpResponse(decodeResult: success, version: HTTP/1.1)
HTTP/1.1 200 OK
content-type: application/json; charset=utf-8
cache-control: no-cache
date: Sun, 09 Apr 2023 12:40:27 GMT
content-length: 88

19:40:27.976 [AsyncHttpClient-1-14] DEBUG org.asynchttpclient.netty.channel.ChannelManager - Adding key: http://localhost:54490 for channel [id: 0x15f4c0c8, L:/127.0.0.1:58308 - R:localhost/127.0.0.1:54490]
19:40:27.978 [Forwarding clickElement on session 0de3e11f-f085-4953-8ea4-598eefcba933 to remote] DEBUG org.asynchttpclient.netty.request.NettyRequestSender - Using pooled Channel '[id: 0x15f4c0c8, L:/127.0.0.1:58308 - R:localhost/127.0.0.1:54490]' for 'POST' to 'http://localhost:54490/session/0de3e11f-f085-4953-8ea4-598eefcba933/element/e6aa5649-9f0c-4768-a440-0f2c232e774b/click'
19:40:27.978 [Forwarding clickElement on session 0de3e11f-f085-4953-8ea4-598eefcba933 to remote] DEBUG org.asynchttpclient.netty.request.NettyRequestSender - Using open Channel [id: 0x15f4c0c8, L:/127.0.0.1:58308 - R:localhost/127.0.0.1:54490] for POST '/session/0de3e11f-f085-4953-8ea4-598eefcba933/element/e6aa5649-9f0c-4768-a440-0f2c232e774b/click'
19:40:29.289 [AsyncHttpClient-1-14] DEBUG org.asynchttpclient.netty.handler.HttpHandler - 

Request DefaultHttpRequest(decodeResult: success, version: HTTP/1.1)
POST /session/0de3e11f-f085-4953-8ea4-598eefcba933/element/e6aa5649-9f0c-4768-a440-0f2c232e774b/click HTTP/1.1
User-Agent: selenium/4.1.2 (java windows)
Content-Length: 50
Content-Type: application/json; charset=utf-8
host: localhost:54490
accept: */*

Response DefaultHttpResponse(decodeResult: success, version: HTTP/1.1)
HTTP/1.1 200 OK
content-type: application/json; charset=utf-8
cache-control: no-cache
date: Sun, 09 Apr 2023 12:40:27 GMT
content-length: 14

19:40:29.289 [AsyncHttpClient-1-14] DEBUG org.asynchttpclient.netty.channel.ChannelManager - Adding key: http://localhost:54490 for channel [id: 0x15f4c0c8, L:/127.0.0.1:58308 - R:localhost/127.0.0.1:54490]
  &amp#27;[32mThen &amp#27;[0m&amp#27;[32mI click baby on the header&amp#27;[0m &amp#27;[90m# starter.stepdefinitions.BabyStep.iClickBabyOnTheHeader()&amp#27;[0m
19:40:29.298 [Forwarding screenshot on session 0de3e11f-f085-4953-8ea4-598eefcba933 to remote] DEBUG org.asynchttpclient.netty.request.NettyRequestSender - Using pooled Channel '[id: 0x15f4c0c8, L:/127.0.0.1:58308 - R:localhost/127.0.0.1:54490]' for 'GET' to 'http://localhost:54490/session/0de3e11f-f085-4953-8ea4-598eefcba933/screenshot'
19:40:29.298 [Forwarding screenshot on session 0de3e11f-f085-4953-8ea4-598eefcba933 to remote] DEBUG org.asynchttpclient.netty.request.NettyRequestSender - Using open Channel [id: 0x15f4c0c8, L:/127.0.0.1:58308 - R:localhost/127.0.0.1:54490] for GET '/session/0de3e11f-f085-4953-8ea4-598eefcba933/screenshot'
19:40:29.555 [AsyncHttpClient-1-14] DEBUG org.asynchttpclient.netty.handler.HttpHandler - 

Request DefaultFullHttpRequest(decodeResult: success, version: HTTP/1.1, content: EmptyByteBufBE)
GET /session/0de3e11f-f085-4953-8ea4-598eefcba933/screenshot HTTP/1.1
User-Agent: selenium/4.1.2 (java windows)
Cache-Control: no-cache
Content-Type: application/json; charset=utf-8
host: localhost:54490
accept: */*

Response DefaultHttpResponse(decodeResult: success, version: HTTP/1.1)
HTTP/1.1 200 OK
content-type: application/json; charset=utf-8
cache-control: no-cache
date: Sun, 09 Apr 2023 12:40:29 GMT
content-length: 98024

19:40:29.555 [AsyncHttpClient-1-14] DEBUG org.asynchttpclient.netty.channel.ChannelManager - Adding key: http://localhost:54490 for channel [id: 0x15f4c0c8, L:/127.0.0.1:58308 - R:localhost/127.0.0.1:54490]
19:40:29.558 [main] DEBUG net.serenitybdd.core.photography.Darkroom - Send negative for processing for target\site\serenity\bcb9a8d665d2c58a930e922f816fcc3ebc2aef855b882f3d531e7c9aa320b06d.png
19:40:29.565 [Forwarding findElement on session 0de3e11f-f085-4953-8ea4-598eefcba933 to remote] DEBUG org.asynchttpclient.netty.request.NettyRequestSender - Using pooled Channel '[id: 0x15f4c0c8, L:/127.0.0.1:58308 - R:localhost/127.0.0.1:54490]' for 'POST' to 'http://localhost:54490/session/0de3e11f-f085-4953-8ea4-598eefcba933/element'
19:40:29.565 [Forwarding findElement on session 0de3e11f-f085-4953-8ea4-598eefcba933 to remote] DEBUG org.asynchttpclient.netty.request.NettyRequestSender - Using open Channel [id: 0x15f4c0c8, L:/127.0.0.1:58308 - R:localhost/127.0.0.1:54490] for POST '/session/0de3e11f-f085-4953-8ea4-598eefcba933/element'
19:40:29.596 [AsyncHttpClient-1-14] DEBUG org.asynchttpclient.netty.handler.HttpHandler - 

Request DefaultHttpRequest(decodeResult: success, version: HTTP/1.1)
POST /session/0de3e11f-f085-4953-8ea4-598eefcba933/element HTTP/1.1
User-Agent: selenium/4.1.2 (java windows)
Content-Length: 107
Content-Type: application/json; charset=utf-8
host: localhost:54490
accept: */*

Response DefaultHttpResponse(decodeResult: success, version: HTTP/1.1)
HTTP/1.1 200 OK
content-type: application/json; charset=utf-8
cache-control: no-cache
date: Sun, 09 Apr 2023 12:40:29 GMT
content-length: 88

19:40:29.596 [AsyncHttpClient-1-14] DEBUG org.asynchttpclient.netty.channel.ChannelManager - Adding key: http://localhost:54490 for channel [id: 0x15f4c0c8, L:/127.0.0.1:58308 - R:localhost/127.0.0.1:54490]
19:40:29.598 [Forwarding getElementTagName on session 0de3e11f-f085-4953-8ea4-598eefcba933 to remote] DEBUG org.asynchttpclient.netty.request.NettyRequestSender - Using pooled Channel '[id: 0x15f4c0c8, L:/127.0.0.1:58308 - R:localhost/127.0.0.1:54490]' for 'GET' to 'http://localhost:54490/session/0de3e11f-f085-4953-8ea4-598eefcba933/element/a720408d-74e2-4089-adf3-67c60e10d135/name'
19:40:29.598 [Forwarding getElementTagName on session 0de3e11f-f085-4953-8ea4-598eefcba933 to remote] DEBUG org.asynchttpclient.netty.request.NettyRequestSender - Using open Channel [id: 0x15f4c0c8, L:/127.0.0.1:58308 - R:localhost/127.0.0.1:54490] for GET '/session/0de3e11f-f085-4953-8ea4-598eefcba933/element/a720408d-74e2-4089-adf3-67c60e10d135/name'
19:40:29.652 [AsyncHttpClient-1-14] DEBUG org.asynchttpclient.netty.handler.HttpHandler - 

Request DefaultFullHttpRequest(decodeResult: success, version: HTTP/1.1, content: EmptyByteBufBE)
GET /session/0de3e11f-f085-4953-8ea4-598eefcba933/element/a720408d-74e2-4089-adf3-67c60e10d135/name HTTP/1.1
User-Agent: selenium/4.1.2 (java windows)
Cache-Control: no-cache
Content-Type: application/json; charset=utf-8
host: localhost:54490
accept: */*

Response DefaultHttpResponse(decodeResult: success, version: HTTP/1.1)
HTTP/1.1 200 OK
content-type: application/json; charset=utf-8
cache-control: no-cache
date: Sun, 09 Apr 2023 12:40:29 GMT
content-length: 16

19:40:29.652 [AsyncHttpClient-1-14] DEBUG org.asynchttpclient.netty.channel.ChannelManager - Adding key: http://localhost:54490 for channel [id: 0x15f4c0c8, L:/127.0.0.1:58308 - R:localhost/127.0.0.1:54490]
19:40:29.654 [Forwarding getElementTagName on session 0de3e11f-f085-4953-8ea4-598eefcba933 to remote] DEBUG org.asynchttpclient.netty.request.NettyRequestSender - Using pooled Channel '[id: 0x15f4c0c8, L:/127.0.0.1:58308 - R:localhost/127.0.0.1:54490]' for 'GET' to 'http://localhost:54490/session/0de3e11f-f085-4953-8ea4-598eefcba933/element/a720408d-74e2-4089-adf3-67c60e10d135/name'
19:40:29.654 [Forwarding getElementTagName on session 0de3e11f-f085-4953-8ea4-598eefcba933 to remote] DEBUG org.asynchttpclient.netty.request.NettyRequestSender - Using open Channel [id: 0x15f4c0c8, L:/127.0.0.1:58308 - R:localhost/127.0.0.1:54490] for GET '/session/0de3e11f-f085-4953-8ea4-598eefcba933/element/a720408d-74e2-4089-adf3-67c60e10d135/name'
19:40:29.815 [AsyncHttpClient-1-14] DEBUG org.asynchttpclient.netty.handler.HttpHandler - 

Request DefaultFullHttpRequest(decodeResult: success, version: HTTP/1.1, content: EmptyByteBufBE)
GET /session/0de3e11f-f085-4953-8ea4-598eefcba933/element/a720408d-74e2-4089-adf3-67c60e10d135/name HTTP/1.1
User-Agent: selenium/4.1.2 (java windows)
Cache-Control: no-cache
Content-Type: application/json; charset=utf-8
host: localhost:54490
accept: */*

Response DefaultHttpResponse(decodeResult: success, version: HTTP/1.1)
HTTP/1.1 200 OK
content-type: application/json; charset=utf-8
cache-control: no-cache
date: Sun, 09 Apr 2023 12:40:29 GMT
content-length: 16

19:40:29.815 [AsyncHttpClient-1-14] DEBUG org.asynchttpclient.netty.channel.ChannelManager - Adding key: http://localhost:54490 for channel [id: 0x15f4c0c8, L:/127.0.0.1:58308 - R:localhost/127.0.0.1:54490]
19:40:29.818 [Forwarding findElement on session 0de3e11f-f085-4953-8ea4-598eefcba933 to remote] DEBUG org.asynchttpclient.netty.request.NettyRequestSender - Using pooled Channel '[id: 0x15f4c0c8, L:/127.0.0.1:58308 - R:localhost/127.0.0.1:54490]' for 'POST' to 'http://localhost:54490/session/0de3e11f-f085-4953-8ea4-598eefcba933/element'
19:40:29.818 [Forwarding findElement on session 0de3e11f-f085-4953-8ea4-598eefcba933 to remote] DEBUG org.asynchttpclient.netty.request.NettyRequestSender - Using open Channel [id: 0x15f4c0c8, L:/127.0.0.1:58308 - R:localhost/127.0.0.1:54490] for POST '/session/0de3e11f-f085-4953-8ea4-598eefcba933/element'
19:40:29.833 [AsyncHttpClient-1-14] DEBUG org.asynchttpclient.netty.handler.HttpHandler - 

Request DefaultHttpRequest(decodeResult: success, version: HTTP/1.1)
POST /session/0de3e11f-f085-4953-8ea4-598eefcba933/element HTTP/1.1
User-Agent: selenium/4.1.2 (java windows)
Content-Length: 107
Content-Type: application/json; charset=utf-8
host: localhost:54490
accept: */*

Response DefaultHttpResponse(decodeResult: success, version: HTTP/1.1)
HTTP/1.1 200 OK
content-type: application/json; charset=utf-8
cache-control: no-cache
date: Sun, 09 Apr 2023 12:40:29 GMT
content-length: 88

19:40:29.833 [AsyncHttpClient-1-14] DEBUG org.asynchttpclient.netty.channel.ChannelManager - Adding key: http://localhost:54490 for channel [id: 0x15f4c0c8, L:/127.0.0.1:58308 - R:localhost/127.0.0.1:54490]
19:40:29.835 [Forwarding clickElement on session 0de3e11f-f085-4953-8ea4-598eefcba933 to remote] DEBUG org.asynchttpclient.netty.request.NettyRequestSender - Using pooled Channel '[id: 0x15f4c0c8, L:/127.0.0.1:58308 - R:localhost/127.0.0.1:54490]' for 'POST' to 'http://localhost:54490/session/0de3e11f-f085-4953-8ea4-598eefcba933/element/a720408d-74e2-4089-adf3-67c60e10d135/click'
19:40:29.835 [Forwarding clickElement on session 0de3e11f-f085-4953-8ea4-598eefcba933 to remote] DEBUG org.asynchttpclient.netty.request.NettyRequestSender - Using open Channel [id: 0x15f4c0c8, L:/127.0.0.1:58308 - R:localhost/127.0.0.1:54490] for POST '/session/0de3e11f-f085-4953-8ea4-598eefcba933/element/a720408d-74e2-4089-adf3-67c60e10d135/click'
19:40:30.344 [AsyncHttpClient-1-14] DEBUG org.asynchttpclient.netty.handler.HttpHandler - 

Request DefaultHttpRequest(decodeResult: success, version: HTTP/1.1)
POST /session/0de3e11f-f085-4953-8ea4-598eefcba933/element/a720408d-74e2-4089-adf3-67c60e10d135/click HTTP/1.1
User-Agent: selenium/4.1.2 (java windows)
Content-Length: 50
Content-Type: application/json; charset=utf-8
host: localhost:54490
accept: */*

Response DefaultHttpResponse(decodeResult: success, version: HTTP/1.1)
HTTP/1.1 200 OK
content-type: application/json; charset=utf-8
cache-control: no-cache
date: Sun, 09 Apr 2023 12:40:29 GMT
content-length: 14

19:40:30.345 [AsyncHttpClient-1-14] DEBUG org.asynchttpclient.netty.channel.ChannelManager - Adding key: http://localhost:54490 for channel [id: 0x15f4c0c8, L:/127.0.0.1:58308 - R:localhost/127.0.0.1:54490]
  &amp#27;[32mWhen &amp#27;[0m&amp#27;[32mI will go to &amp#27;[0m&amp#27;[32m&amp#27;[1m"aksesoris2"&amp#27;[0m  &amp#27;[90m# starter.stepdefinitions.BabyStep.iWillGoTo(java.lang.String)&amp#27;[0m
19:40:30.352 [Forwarding screenshot on session 0de3e11f-f085-4953-8ea4-598eefcba933 to remote] DEBUG org.asynchttpclient.netty.request.NettyRequestSender - Using pooled Channel '[id: 0x15f4c0c8, L:/127.0.0.1:58308 - R:localhost/127.0.0.1:54490]' for 'GET' to 'http://localhost:54490/session/0de3e11f-f085-4953-8ea4-598eefcba933/screenshot'
19:40:30.352 [Forwarding screenshot on session 0de3e11f-f085-4953-8ea4-598eefcba933 to remote] DEBUG org.asynchttpclient.netty.request.NettyRequestSender - Using open Channel [id: 0x15f4c0c8, L:/127.0.0.1:58308 - R:localhost/127.0.0.1:54490] for GET '/session/0de3e11f-f085-4953-8ea4-598eefcba933/screenshot'
19:40:30.548 [AsyncHttpClient-1-14] DEBUG org.asynchttpclient.netty.handler.HttpHandler - 

Request DefaultFullHttpRequest(decodeResult: success, version: HTTP/1.1, content: EmptyByteBufBE)
GET /session/0de3e11f-f085-4953-8ea4-598eefcba933/screenshot HTTP/1.1
User-Agent: selenium/4.1.2 (java windows)
Cache-Control: no-cache
Content-Type: application/json; charset=utf-8
host: localhost:54490
accept: */*

Response DefaultHttpResponse(decodeResult: success, version: HTTP/1.1)
HTTP/1.1 200 OK
content-type: application/json; charset=utf-8
cache-control: no-cache
date: Sun, 09 Apr 2023 12:40:30 GMT
content-length: 79180

19:40:30.549 [AsyncHttpClient-1-14] DEBUG org.asynchttpclient.netty.channel.ChannelManager - Adding key: http://localhost:54490 for channel [id: 0x15f4c0c8, L:/127.0.0.1:58308 - R:localhost/127.0.0.1:54490]
19:40:30.552 [main] DEBUG net.serenitybdd.core.photography.Darkroom - Send negative for processing for target\site\serenity\7c8474308ff3801d7e5b49ef8d324e1cfaa930f88d4cdfe2bb7dd43db26a2387.png
19:40:30.553 [Darkroom Processing Line] DEBUG net.serenitybdd.core.photography.DarkroomProcessingLine - Processing screenshot image in /var/screenshots/screenshot-17251093131382598752
19:40:30.553 [Darkroom Processing Line] DEBUG net.serenitybdd.core.photography.DarkroomProcessingLine - Saving screenshot to target\site\serenity\7c8474308ff3801d7e5b49ef8d324e1cfaa930f88d4cdfe2bb7dd43db26a2387.png
19:40:30.563 [Forwarding findElement on session 0de3e11f-f085-4953-8ea4-598eefcba933 to remote] DEBUG org.asynchttpclient.netty.request.NettyRequestSender - Using pooled Channel '[id: 0x15f4c0c8, L:/127.0.0.1:58308 - R:localhost/127.0.0.1:54490]' for 'POST' to 'http://localhost:54490/session/0de3e11f-f085-4953-8ea4-598eefcba933/element'
19:40:30.564 [Forwarding findElement on session 0de3e11f-f085-4953-8ea4-598eefcba933 to remote] DEBUG org.asynchttpclient.netty.request.NettyRequestSender - Using open Channel [id: 0x15f4c0c8, L:/127.0.0.1:58308 - R:localhost/127.0.0.1:54490] for POST '/session/0de3e11f-f085-4953-8ea4-598eefcba933/element'
19:40:30.568 [AsyncHttpClient-1-14] DEBUG org.asynchttpclient.netty.handler.HttpHandler - 

Request DefaultHttpRequest(decodeResult: success, version: HTTP/1.1)
POST /session/0de3e11f-f085-4953-8ea4-598eefcba933/element HTTP/1.1
User-Agent: selenium/4.1.2 (java windows)
Content-Length: 91
Content-Type: application/json; charset=utf-8
host: localhost:54490
accept: */*

Response DefaultHttpResponse(decodeResult: success, version: HTTP/1.1)
HTTP/1.1 200 OK
content-type: application/json; charset=utf-8
cache-control: no-cache
date: Sun, 09 Apr 2023 12:40:30 GMT
content-length: 88

19:40:30.568 [AsyncHttpClient-1-14] DEBUG org.asynchttpclient.netty.channel.ChannelManager - Adding key: http://localhost:54490 for channel [id: 0x15f4c0c8, L:/127.0.0.1:58308 - R:localhost/127.0.0.1:54490]
19:40:30.574 [Forwarding isElementDisplayed on session 0de3e11f-f085-4953-8ea4-598eefcba933 to remote] DEBUG org.asynchttpclient.netty.request.NettyRequestSender - Using pooled Channel '[id: 0x15f4c0c8, L:/127.0.0.1:58308 - R:localhost/127.0.0.1:54490]' for 'POST' to 'http://localhost:54490/session/0de3e11f-f085-4953-8ea4-598eefcba933/execute/sync'
19:40:30.574 [Forwarding isElementDisplayed on session 0de3e11f-f085-4953-8ea4-598eefcba933 to remote] DEBUG org.asynchttpclient.netty.request.NettyRequestSender - Using open Channel [id: 0x15f4c0c8, L:/127.0.0.1:58308 - R:localhost/127.0.0.1:54490] for POST '/session/0de3e11f-f085-4953-8ea4-598eefcba933/execute/sync'
19:40:30.588 [AsyncHttpClient-1-14] DEBUG org.asynchttpclient.netty.handler.HttpHandler - 

Request DefaultHttpRequest(decodeResult: success, version: HTTP/1.1)
POST /session/0de3e11f-f085-4953-8ea4-598eefcba933/execute/sync HTTP/1.1
User-Agent: selenium/4.1.2 (java windows)
Content-Length: 48780
Content-Type: application/json; charset=utf-8
host: localhost:54490
accept: */*

Response DefaultHttpResponse(decodeResult: success, version: HTTP/1.1)
HTTP/1.1 200 OK
content-type: application/json; charset=utf-8
cache-control: no-cache
date: Sun, 09 Apr 2023 12:40:30 GMT
content-length: 14

19:40:30.588 [AsyncHttpClient-1-14] DEBUG org.asynchttpclient.netty.channel.ChannelManager - Adding key: http://localhost:54490 for channel [id: 0x15f4c0c8, L:/127.0.0.1:58308 - R:localhost/127.0.0.1:54490]
  &amp#27;[32mAnd &amp#27;[0m&amp#27;[32mI &amp#27;[0m&amp#27;[32m&amp#27;[1m"txtAksesoris2"&amp#27;[0m&amp#27;[32m page&amp#27;[0m      &amp#27;[90m# starter.stepdefinitions.BabyStep.iPage(java.lang.String)&amp#27;[0m
19:40:30.598 [Driver Command Executor] DEBUG org.asynchttpclient.netty.request.NettyRequestSender - Using pooled Channel '[id: 0x15f4c0c8, L:/127.0.0.1:58308 - R:localhost/127.0.0.1:54490]' for 'DELETE' to 'http://localhost:54490/session/0de3e11f-f085-4953-8ea4-598eefcba933'
19:40:30.598 [Driver Command Executor] DEBUG org.asynchttpclient.netty.request.NettyRequestSender - Using open Channel [id: 0x15f4c0c8, L:/127.0.0.1:58308 - R:localhost/127.0.0.1:54490] for DELETE '/session/0de3e11f-f085-4953-8ea4-598eefcba933'
19:40:31.442 [AsyncHttpClient-1-14] DEBUG org.asynchttpclient.netty.handler.HttpHandler - 

Request DefaultFullHttpRequest(decodeResult: success, version: HTTP/1.1, content: EmptyByteBufBE)
DELETE /session/0de3e11f-f085-4953-8ea4-598eefcba933 HTTP/1.1
User-Agent: selenium/4.1.2 (java windows)
Content-Type: application/json; charset=utf-8
host: localhost:54490
accept: */*

Response DefaultHttpResponse(decodeResult: success, version: HTTP/1.1)
HTTP/1.1 200 OK
content-type: application/json; charset=utf-8
cache-control: no-cache
date: Sun, 09 Apr 2023 12:40:30 GMT
content-length: 14

19:40:31.442 [AsyncHttpClient-1-14] DEBUG org.asynchttpclient.netty.channel.ChannelManager - Adding key: http://localhost:54490 for channel [id: 0x15f4c0c8, L:/127.0.0.1:58308 - R:localhost/127.0.0.1:54490]
19:40:31.444 [AsyncHttpClient-1-14] DEBUG org.asynchttpclient.netty.handler.HttpHandler - Unexpected I/O exception on channel [id: 0x15f4c0c8, L:/127.0.0.1:58308 - R:localhost/127.0.0.1:54490]
java.net.SocketException: Connection reset
	at java.base/sun.nio.ch.SocketChannelImpl.throwConnectionReset(SocketChannelImpl.java:345)
	at java.base/sun.nio.ch.SocketChannelImpl.read(SocketChannelImpl.java:376)
	at io.netty.buffer.PooledByteBuf.setBytes(PooledByteBuf.java:258)
	at io.netty.buffer.AbstractByteBuf.writeBytes(AbstractByteBuf.java:1132)
	at io.netty.channel.socket.nio.NioSocketChannel.doReadBytes(NioSocketChannel.java:350)
	at io.netty.channel.nio.AbstractNioByteChannel$NioByteUnsafe.read(AbstractNioByteChannel.java:151)
	at io.netty.channel.nio.NioEventLoop.processSelectedKey(NioEventLoop.java:722)
	at io.netty.channel.nio.NioEventLoop.processSelectedKeysOptimized(NioEventLoop.java:658)
	at io.netty.channel.nio.NioEventLoop.processSelectedKeys(NioEventLoop.java:584)
	at io.netty.channel.nio.NioEventLoop.run(NioEventLoop.java:496)
	at io.netty.util.concurrent.SingleThreadEventExecutor$4.run(SingleThreadEventExecutor.java:986)
	at io.netty.util.internal.ThreadExecutorMap$2.run(ThreadExecutorMap.java:74)
	at io.netty.util.concurrent.FastThreadLocalRunnable.run(FastThreadLocalRunnable.java:30)
	at java.base/java.lang.Thread.run(Thread.java:830)
19:40:31.444 [AsyncHttpClient-1-14] DEBUG org.asynchttpclient.netty.channel.ChannelManager - Closing Channel [id: 0x15f4c0c8, L:/127.0.0.1:58308 - R:localhost/127.0.0.1:54490] 
19:40:31.445 [AsyncHttpClient-1-14] DEBUG org.asynchttpclient.netty.handler.HttpHandler - Channel Closed: [id: 0x15f4c0c8, L:/127.0.0.1:58308 ! R:localhost/127.0.0.1:54490] with attribute DISCARD
]]></system-out>
    <system-err><![CDATA[1681044023029	geckodriver	INFO	Listening on 127.0.0.1:54490
1681044023517	mozrunner::runner	INFO	Running command: "C:\\Program Files\\Mozilla Firefox\\firefox.exe" "--marionette" "" "--remote-debugging-port" "57707" "--remote-allow-hosts" "localhost" "-no-remote" "-profile" "C:\\Users\\alwi\\AppData\\Local\\Temp\\rust_mozprofilecLdnWG"
console.warn: services.settings: Ignoring preference override of remote settings server
console.warn: services.settings: Allow by setting MOZ_REMOTE_SETTINGS_DEVTOOLS=1 in the environment
1681044023860	Marionette	INFO	Marionette enabled
Dynamically enable window occlusion 0
1681044023866	Marionette	INFO	Listening on port 58311
WebDriver BiDi listening on ws://127.0.0.1:57707
Read port: 58311
1681044024122	RemoteAgent	WARN	TLS certificate errors will be ignored for this session
console.warn: SearchSettings: "get: No settings file exists, new profile?" (new NotFoundError("Could not open the file at C:\\Users\\alwi\\AppData\\Local\\Temp\\rust_mozprofilecLdnWG\\search.json.mozlz4", (void 0)))
DevTools listening on ws://127.0.0.1:57707/devtools/browser/ff0de68a-6ec0-4dc5-89c5-db3eca56d775
Apr 09, 2023 7:40:26 PM org.openqa.selenium.remote.ProtocolHandshake createSession
INFO: Detected dialect: W3C
JavaScript warning: https://www.uniqlo.com/oQfZRN8zACRR/OQ/-x_RMR-EGX/k95OLrhJQ5/OXl6GHI5AQ/PnUdVS/RrZQs, line 1: unreachable code after return statement
JavaScript warning: https://www.uniqlo.com/oQfZRN8zACRR/OQ/-x_RMR-EGX/k95OLrhJQ5/OXl6GHI5AQ/PnUdVS/RrZQs, line 1: WEBGL_debug_renderer_info is deprecated in Firefox and will be removed. Please use RENDERER.
JavaScript warning: https://www.uniqlo.com/id/elgnisolqinu.js?async&seed=AECl_mWHAQAAhXleUcVgnU2eEowETsYZDsExG9MVfyypS8j2a8yO2N_NY-zV&x-i1ysm4mm--z=q, line 1: WEBGL_debug_renderer_info is deprecated in Firefox and will be removed. Please use RENDERER.
1681044030600	Marionette	INFO	Stopped listening on port 58311
Dynamically enable window occlusion 1
WARNING: A blocker encountered an error while we were waiting.
          Blocker:  Waiting for ping task
          Phase: TelemetryController: Waiting for pending ping activity
          State: (none)
WARNING: Error: Phase "profile-before-change" is finished, it is too late to register completion condition "OS.File: flush I/O queued before profileBeforeChange"
WARNING: addBlocker@resource://gre/modules/AsyncShutdown.sys.mjs:727:15
addBlocker@resource://gre/modules/AsyncShutdown.sys.mjs:523:26
addBlocker@resource://gre/modules/AsyncShutdown.sys.mjs:458:15
setupShutdown@resource://gre/modules/osfile/osfile_async_front.jsm:1548:28
@resource://gre/modules/osfile/osfile_async_front.jsm:1568:16
@resource://gre/modules/osfile.jsm:12:30
@resource://gre/modules/TelemetryStorage.sys.mjs:10:28
_checkPendingPings@resource://gre/modules/TelemetrySend.sys.mjs:863:17
setup@resource://gre/modules/TelemetrySend.sys.mjs:803:18
setup@resource://gre/modules/TelemetrySend.sys.mjs:241:30
setupTelemetry/this._delayedInitTask<@resource://gre/modules/TelemetryControllerParent.sys.mjs:828:36
observe@resource://gre/modules/AsyncShutdown.sys.mjs:576:16

console.error: "TelemetryScheduler.shutdown - Already shut down"
WARNING: A blocker encountered an error while we were waiting.
          Blocker:  Waiting for ping task
          Phase: TelemetryController: Waiting for pending ping activity
          State: (none)
WARNING: Error: Phase "profile-before-change" is finished, it is too late to register completion condition "OS.File: flush I/O queued before profileBeforeChange"
WARNING: addBlocker@resource://gre/modules/AsyncShutdown.sys.mjs:727:15
addBlocker@resource://gre/modules/AsyncShutdown.sys.mjs:523:26
addBlocker@resource://gre/modules/AsyncShutdown.sys.mjs:458:15
setupShutdown@resource://gre/modules/osfile/osfile_async_front.jsm:1548:28
@resource://gre/modules/osfile/osfile_async_front.jsm:1568:16
@resource://gre/modules/osfile.jsm:12:30
@resource://gre/modules/TelemetryStorage.sys.mjs:10:28
_checkPendingPings@resource://gre/modules/TelemetrySend.sys.mjs:863:17
setup@resource://gre/modules/TelemetrySend.sys.mjs:803:18
setup@resource://gre/modules/TelemetrySend.sys.mjs:241:30
setupTelemetry/this._delayedInitTask<@resource://gre/modules/TelemetryControllerParent.sys.mjs:828:36
observe@resource://gre/modules/AsyncShutdown.sys.mjs:576:16

WARNING: A blocker encountered an error while we were waiting.
          Blocker:  Waiting for ping task
          Phase: TelemetryController: Waiting for pending ping activity
          State: (none)
WARNING: Error: Phase "profile-before-change" is finished, it is too late to register completion condition "OS.File: flush I/O queued before profileBeforeChange"
WARNING: addBlocker@resource://gre/modules/AsyncShutdown.sys.mjs:727:15
addBlocker@resource://gre/modules/AsyncShutdown.sys.mjs:523:26
addBlocker@resource://gre/modules/AsyncShutdown.sys.mjs:458:15
setupShutdown@resource://gre/modules/osfile/osfile_async_front.jsm:1548:28
@resource://gre/modules/osfile/osfile_async_front.jsm:1568:16
@resource://gre/modules/osfile.jsm:12:30
@resource://gre/modules/TelemetryStorage.sys.mjs:10:28
_checkPendingPings@resource://gre/modules/TelemetrySend.sys.mjs:863:17
setup@resource://gre/modules/TelemetrySend.sys.mjs:803:18
setup@resource://gre/modules/TelemetrySend.sys.mjs:241:30
setupTelemetry/this._delayedInitTask<@resource://gre/modules/TelemetryControllerParent.sys.mjs:828:36
observe@resource://gre/modules/AsyncShutdown.sys.mjs:576:16

WARNING: A blocker encountered an error while we were waiting.
          Blocker:  TelemetryController: shutting down
          Phase: profile-before-change-telemetry
          State: Error getting state: Error: Phase "profile-before-change" is finished, it is too late to register completion condition "OS.File: flush I/O queued before profileBeforeChange" at addBlocker@resource://gre/modules/AsyncShutdown.sys.mjs:727:15
addBlocker@resource://gre/modules/AsyncShutdown.sys.mjs:523:26
addBlocker@resource://gre/modules/AsyncShutdown.sys.mjs:458:15
setupShutdown@resource://gre/modules/osfile/osfile_async_front.jsm:1548:28
@resource://gre/modules/osfile/osfile_async_front.jsm:1568:16
@resource://gre/modules/osfile.jsm:12:30
@resource://gre/modules/TelemetryStorage.sys.mjs:10:28
_checkPendingPings@resource://gre/modules/TelemetrySend.sys.mjs:863:17
setup@resource://gre/modules/TelemetrySend.sys.mjs:803:18
setup@resource://gre/modules/TelemetrySend.sys.mjs:241:30
setupTelemetry/this._delayedInitTask<@resource://gre/modules/TelemetryControllerParent.sys.mjs:828:36
observe@resource://gre/modules/AsyncShutdown.sys.mjs:576:16

WARNING: Error: Phase "profile-before-change" is finished, it is too late to register completion condition "OS.File: flush I/O queued before profileBeforeChange"
WARNING: addBlocker@resource://gre/modules/AsyncShutdown.sys.mjs:J727a:15v
addBaloScckreirp@tr eerrosro:u rrcees:o/u/rgcree/:m/o/dgulerse//AmsoydnuclSesh/uAtsdyonwcShutdonw.ns.yssy.sm.jmsj:s5,2 3l:i2n6e 
7a2d7d:B lEorcrkoerr:@ rPehsaosuer c"ep:r/o/fgirle/em-obdeufloerse/-AscyhnacnSghe"u tdowni.ss yfsi.nimsjsh:e4d5,8 :i1t5 i
ss ettouop Slhauttedo wtn@or reesgiosutrecre :c/o/mgprlee/tmioodnu cloens/doistfiiloen/o s"fOiSle._aFislyen:c _ffrluosnht .Ij/sOm :q1u5eu4e8d: 2b8ef
o@rrees opurrocfei:l/e/Bgerfeo/rmeoCdhuanlgee"s
/osfileJ/aosvfaiSlcrei_pats yenrcr_ofrro:n tr.ejsosurmc:e1:5/6/8:1g6re
/@mroedsuoluersc/eA:s/y/ngcrSehu/mtoddouwlne.s/sosyfsi.lmej.sj,s ml:i1n2e: 3702
7@:r eEsroruorrce:: /P/hgrea/smeo d"uplreso/fTiellee-bmeeftorryeS-tcohranaggee".sys.m jiss :fi1n0:i2s8he
_dc,h eictk Piesn dtionog Pliantgse@ troe sregister completion condiotiuorn c"e:/O/Sg.rFeil/em:o dfullusehs /I/TOe qlueeued mbeetfroyrSe epnrodfi.lseByesf.omrejCsh:an8g6e3":
1J7av
aSscreipttu epr@rrore:s resouorcuer:c/e://g/rger/em/omdoudluleess//ATeslyenmceSthruytSdoewnnd..syssy.sm.jmsj:s8,0 3l:i1n8e 
7s2et7u:p @Errreosrou:r cPe:h/a/sge r"ep/mroodfuillees-/bTeefloree-cmheatnrgyeSend". siys finsi.smhjesd,: 2i4t1 :i3s0 t
osoe tluapTteel teom etrrye/gtihsitse.r_ dceolmapyleetdiIonni tcToansdki<t@iroen s"oOurcSe.:F/i/lger:e /fmloudsuhl eIs//OT eqlueemueed tberyContforroel lperroPfairleenBte.fsoyreCshan.gmej"s:
82J8a:3v6aS
corbipts eerrvreor@:r erseosuorucrec:e/:/g/r/egr/moed/umloedulses//AAssyynnccSShhuuttddoowwnn..ssyyss..mmjjss,: l57i6ne :71267:
 E
rror: Phase "profile-before-change" is finished, it is too late to register completion condition "OS.File: flush I/O queued before profileBeforeChange"
JavaScript error: resource://gre/modules/AsyncShutdown.sys.mjs, line 727: Error: Phase "profile-before-change" is finished, it is too late to register completion condition "OS.File: flush I/O queued before profileBeforeChange"
JavaScript error: resource://gre/modules/AsyncShutdown.sys.mjs, line 727: Error: Phase "profile-before-change" is finished, it is too late to register completion condition "OS.File: flush I/O queued before profileBeforeChange"
]]></system-err>
  </testcase>
  <testcase name="Fitur Menu Baby #15" classname="Baby" time="8.598">
    <system-out><![CDATA[
@baby
Scenario Outline: Fitur Menu Baby   &amp#27;[90m# src/test/resources/features/Baby.feature:27&amp#27;[0m
19:40:31.507 [main] INFO io.cucumber.core.plugin.SerenityReporter - Running feature from file:///C:/Users/alwi/IdeaProjects/uniqloweb/src/test/resources/features/Baby.feature
19:40:31.519 [main] INFO net.serenitybdd.core.webdriver.driverproviders.FirefoxDriverProvider - Using automatically driver download
19:40:31.621 [main] DEBUG io.github.bonigarcia.wdm.cache.ResolutionCache - Resolution firefox=111 in cache (valid until 20:30:50 09/04/2023 WIB)
19:40:31.625 [main] DEBUG io.github.bonigarcia.wdm.cache.ResolutionCache - Resolution firefox111=0.32.2 in cache (valid until 19:30:50 10/04/2023 WIB)
19:40:31.626 [main] INFO io.github.bonigarcia.wdm.WebDriverManager - Using geckodriver 0.32.2 (resolved driver for Firefox 111)
19:40:31.638 [main] DEBUG io.github.bonigarcia.wdm.WebDriverManager - Driver geckodriver 0.32.2 found in cache
19:40:31.638 [main] INFO io.github.bonigarcia.wdm.WebDriverManager - Exporting webdriver.gecko.driver as C:\Users\alwi\.cache\selenium\geckodriver\win64\0.32.2\geckodriver.exe
19:40:31.652 [main] DEBUG net.serenitybdd.core.webdriver.driverproviders.ProvideNewDriver - Instantiating driver
19:40:31.652 [main] DEBUG net.serenitybdd.core.webdriver.driverproviders.ProvideNewDriver - Driver capabilities: Capabilities {acceptInsecureCerts: true, browserName: firefox, moz:debuggerAddress: true, moz:firefoxOptions: {args: [], profile: UEsDBBQACAgIAA+diVYAAAAAAAA...}}
19:40:32.178 [AsyncHttpClient-1-16] DEBUG org.asynchttpclient.netty.channel.NettyConnectListener - Using new Channel '[id: 0x869a583b, L:/127.0.0.1:58410 - R:localhost/127.0.0.1:56762]' for 'POST' to '/session'
19:40:32.329 [AsyncHttpClient-1-1] DEBUG org.asynchttpclient.netty.channel.DefaultChannelPool - Entry count for : http://localhost:54490 : 1
19:40:32.329 [AsyncHttpClient-1-1] DEBUG org.asynchttpclient.netty.channel.DefaultChannelPool - Adding Candidate expired Channel [id: 0x15f4c0c8, L:/127.0.0.1:58308 ! R:localhost/127.0.0.1:54490] isIdleTimeoutExpired=false isRemotelyClosed=true isTtlExpired=false
19:40:32.329 [AsyncHttpClient-1-1] DEBUG org.asynchttpclient.netty.channel.DefaultChannelPool - Closing Idle Channel [id: 0x15f4c0c8, L:/127.0.0.1:58308 ! R:localhost/127.0.0.1:54490]
19:40:32.329 [AsyncHttpClient-1-1] DEBUG org.asynchttpclient.netty.channel.DefaultChannelPool - Closed 1 connections out of 1 in 0 ms
19:40:34.597 [AsyncHttpClient-1-16] DEBUG org.asynchttpclient.netty.handler.HttpHandler - 

Request DefaultHttpRequest(decodeResult: success, version: HTTP/1.1)
POST /session HTTP/1.1
User-Agent: selenium/4.1.2 (java windows)
Content-Length: 3673
Content-Type: application/json; charset=utf-8
host: localhost:56762
accept: */*

Response DefaultHttpResponse(decodeResult: success, version: HTTP/1.1)
HTTP/1.1 200 OK
content-type: application/json; charset=utf-8
cache-control: no-cache
date: Sun, 09 Apr 2023 12:40:32 GMT
content-length: 790

19:40:34.597 [AsyncHttpClient-1-16] DEBUG org.asynchttpclient.netty.channel.ChannelManager - Adding key: http://localhost:56762 for channel [id: 0x869a583b, L:/127.0.0.1:58410 - R:localhost/127.0.0.1:56762]
19:40:34.605 [AsyncHttpClient-1-17] DEBUG org.asynchttpclient.netty.channel.NettyConnectListener - Using new Channel '[id: 0x07d59e77, L:/127.0.0.1:58432 - R:/127.0.0.1:61562]' for 'GET' to '/json/version'
19:40:34.607 [AsyncHttpClient-1-17] DEBUG org.asynchttpclient.netty.handler.HttpHandler - 

Request DefaultFullHttpRequest(decodeResult: success, version: HTTP/1.1, content: EmptyByteBufBE)
GET /json/version HTTP/1.1
User-Agent: selenium/4.1.2 (java windows)
host: 127.0.0.1:61562
accept: */*

Response DefaultHttpResponse(decodeResult: success, version: HTTP/1.1)
HTTP/1.1 200 OK
content-type: application/json
connection: close
server: httpd.js
date: Sun, 09 Apr 2023 12:40:34 GMT
content-length: 311

19:40:34.607 [AsyncHttpClient-1-17] DEBUG org.asynchttpclient.netty.channel.ChannelManager - Closing Channel [id: 0x07d59e77, L:/127.0.0.1:58432 - R:/127.0.0.1:61562] 
19:40:34.608 [AsyncHttpClient-1-17] DEBUG org.asynchttpclient.netty.handler.HttpHandler - Channel Closed: [id: 0x07d59e77, L:/127.0.0.1:58432 ! R:/127.0.0.1:61562] with attribute DISCARD
19:40:34.610 [Forwarding get on session 5ed15768-410f-4e6c-ada9-d4a68804165d to remote] DEBUG org.asynchttpclient.netty.request.NettyRequestSender - Using pooled Channel '[id: 0x869a583b, L:/127.0.0.1:58410 - R:localhost/127.0.0.1:56762]' for 'POST' to 'http://localhost:56762/session/5ed15768-410f-4e6c-ada9-d4a68804165d/url'
19:40:34.610 [Forwarding get on session 5ed15768-410f-4e6c-ada9-d4a68804165d to remote] DEBUG org.asynchttpclient.netty.request.NettyRequestSender - Using open Channel [id: 0x869a583b, L:/127.0.0.1:58410 - R:localhost/127.0.0.1:56762] for POST '/session/5ed15768-410f-4e6c-ada9-d4a68804165d/url'
19:40:36.211 [AsyncHttpClient-1-16] DEBUG org.asynchttpclient.netty.handler.HttpHandler - 

Request DefaultHttpRequest(decodeResult: success, version: HTTP/1.1)
POST /session/5ed15768-410f-4e6c-ada9-d4a68804165d/url HTTP/1.1
User-Agent: selenium/4.1.2 (java windows)
Content-Length: 53
Content-Type: application/json; charset=utf-8
host: localhost:56762
accept: */*

Response DefaultHttpResponse(decodeResult: success, version: HTTP/1.1)
HTTP/1.1 200 OK
content-type: application/json; charset=utf-8
cache-control: no-cache
date: Sun, 09 Apr 2023 12:40:34 GMT
content-length: 14

19:40:36.211 [AsyncHttpClient-1-16] DEBUG org.asynchttpclient.netty.channel.ChannelManager - Adding key: http://localhost:56762 for channel [id: 0x869a583b, L:/127.0.0.1:58410 - R:localhost/127.0.0.1:56762]
19:40:36.213 [Forwarding setTimeout on session 5ed15768-410f-4e6c-ada9-d4a68804165d to remote] DEBUG org.asynchttpclient.netty.request.NettyRequestSender - Using pooled Channel '[id: 0x869a583b, L:/127.0.0.1:58410 - R:localhost/127.0.0.1:56762]' for 'POST' to 'http://localhost:56762/session/5ed15768-410f-4e6c-ada9-d4a68804165d/timeouts'
19:40:36.213 [Forwarding setTimeout on session 5ed15768-410f-4e6c-ada9-d4a68804165d to remote] DEBUG org.asynchttpclient.netty.request.NettyRequestSender - Using open Channel [id: 0x869a583b, L:/127.0.0.1:58410 - R:localhost/127.0.0.1:56762] for POST '/session/5ed15768-410f-4e6c-ada9-d4a68804165d/timeouts'
19:40:36.215 [AsyncHttpClient-1-16] DEBUG org.asynchttpclient.netty.handler.HttpHandler - 

Request DefaultHttpRequest(decodeResult: success, version: HTTP/1.1)
POST /session/5ed15768-410f-4e6c-ada9-d4a68804165d/timeouts HTTP/1.1
User-Agent: selenium/4.1.2 (java windows)
Content-Length: 22
Content-Type: application/json; charset=utf-8
host: localhost:56762
accept: */*

Response DefaultHttpResponse(decodeResult: success, version: HTTP/1.1)
HTTP/1.1 200 OK
content-type: application/json; charset=utf-8
cache-control: no-cache
date: Sun, 09 Apr 2023 12:40:36 GMT
content-length: 14

19:40:36.215 [AsyncHttpClient-1-16] DEBUG org.asynchttpclient.netty.channel.ChannelManager - Adding key: http://localhost:56762 for channel [id: 0x869a583b, L:/127.0.0.1:58410 - R:localhost/127.0.0.1:56762]
19:40:36.219 [Forwarding getCurrentUrl on session 5ed15768-410f-4e6c-ada9-d4a68804165d to remote] DEBUG org.asynchttpclient.netty.request.NettyRequestSender - Using pooled Channel '[id: 0x869a583b, L:/127.0.0.1:58410 - R:localhost/127.0.0.1:56762]' for 'GET' to 'http://localhost:56762/session/5ed15768-410f-4e6c-ada9-d4a68804165d/url'
19:40:36.219 [Forwarding getCurrentUrl on session 5ed15768-410f-4e6c-ada9-d4a68804165d to remote] DEBUG org.asynchttpclient.netty.request.NettyRequestSender - Using open Channel [id: 0x869a583b, L:/127.0.0.1:58410 - R:localhost/127.0.0.1:56762] for GET '/session/5ed15768-410f-4e6c-ada9-d4a68804165d/url'
19:40:36.225 [AsyncHttpClient-1-16] DEBUG org.asynchttpclient.netty.handler.HttpHandler - 

Request DefaultFullHttpRequest(decodeResult: success, version: HTTP/1.1, content: EmptyByteBufBE)
GET /session/5ed15768-410f-4e6c-ada9-d4a68804165d/url HTTP/1.1
User-Agent: selenium/4.1.2 (java windows)
Cache-Control: no-cache
Content-Type: application/json; charset=utf-8
host: localhost:56762
accept: */*

Response DefaultHttpResponse(decodeResult: success, version: HTTP/1.1)
HTTP/1.1 200 OK
content-type: application/json; charset=utf-8
cache-control: no-cache
date: Sun, 09 Apr 2023 12:40:36 GMT
content-length: 41

19:40:36.226 [AsyncHttpClient-1-16] DEBUG org.asynchttpclient.netty.channel.ChannelManager - Adding key: http://localhost:56762 for channel [id: 0x869a583b, L:/127.0.0.1:58410 - R:localhost/127.0.0.1:56762]
  &amp#27;[32mGiven &amp#27;[0m&amp#27;[32mI am on the home page&amp#27;[0m       &amp#27;[90m# starter.stepdefinitions.BabyStep.iAmOnTheHomePage()&amp#27;[0m
19:40:36.232 [Forwarding screenshot on session 5ed15768-410f-4e6c-ada9-d4a68804165d to remote] DEBUG org.asynchttpclient.netty.request.NettyRequestSender - Using pooled Channel '[id: 0x869a583b, L:/127.0.0.1:58410 - R:localhost/127.0.0.1:56762]' for 'GET' to 'http://localhost:56762/session/5ed15768-410f-4e6c-ada9-d4a68804165d/screenshot'
19:40:36.232 [Forwarding screenshot on session 5ed15768-410f-4e6c-ada9-d4a68804165d to remote] DEBUG org.asynchttpclient.netty.request.NettyRequestSender - Using open Channel [id: 0x869a583b, L:/127.0.0.1:58410 - R:localhost/127.0.0.1:56762] for GET '/session/5ed15768-410f-4e6c-ada9-d4a68804165d/screenshot'
19:40:36.335 [AsyncHttpClient-1-16] DEBUG org.asynchttpclient.netty.handler.HttpHandler - 

Request DefaultFullHttpRequest(decodeResult: success, version: HTTP/1.1, content: EmptyByteBufBE)
GET /session/5ed15768-410f-4e6c-ada9-d4a68804165d/screenshot HTTP/1.1
User-Agent: selenium/4.1.2 (java windows)
Cache-Control: no-cache
Content-Type: application/json; charset=utf-8
host: localhost:56762
accept: */*

Response DefaultHttpResponse(decodeResult: success, version: HTTP/1.1)
HTTP/1.1 200 OK
content-type: application/json; charset=utf-8
cache-control: no-cache
date: Sun, 09 Apr 2023 12:40:36 GMT
content-length: 72536

19:40:36.336 [AsyncHttpClient-1-16] DEBUG org.asynchttpclient.netty.channel.ChannelManager - Adding key: http://localhost:56762 for channel [id: 0x869a583b, L:/127.0.0.1:58410 - R:localhost/127.0.0.1:56762]
19:40:36.339 [main] DEBUG net.serenitybdd.core.photography.Darkroom - Send negative for processing for target\site\serenity\1ee2b6fa730d5dd53750967581e2110033a58797e1c8a0c9ccde65c4e920d671.png
19:40:36.339 [Darkroom Processing Line] DEBUG net.serenitybdd.core.photography.DarkroomProcessingLine - Processing screenshot image in /var/screenshots/screenshot-8363447433841365887
19:40:36.339 [Darkroom Processing Line] DEBUG net.serenitybdd.core.photography.DarkroomProcessingLine - Saving screenshot to target\site\serenity\1ee2b6fa730d5dd53750967581e2110033a58797e1c8a0c9ccde65c4e920d671.png
19:40:36.349 [Forwarding findElement on session 5ed15768-410f-4e6c-ada9-d4a68804165d to remote] DEBUG org.asynchttpclient.netty.request.NettyRequestSender - Using pooled Channel '[id: 0x869a583b, L:/127.0.0.1:58410 - R:localhost/127.0.0.1:56762]' for 'POST' to 'http://localhost:56762/session/5ed15768-410f-4e6c-ada9-d4a68804165d/element'
19:40:36.349 [Forwarding findElement on session 5ed15768-410f-4e6c-ada9-d4a68804165d to remote] DEBUG org.asynchttpclient.netty.request.NettyRequestSender - Using open Channel [id: 0x869a583b, L:/127.0.0.1:58410 - R:localhost/127.0.0.1:56762] for POST '/session/5ed15768-410f-4e6c-ada9-d4a68804165d/element'
19:40:36.977 [AsyncHttpClient-1-16] DEBUG org.asynchttpclient.netty.handler.HttpHandler - 

Request DefaultHttpRequest(decodeResult: success, version: HTTP/1.1)
POST /session/5ed15768-410f-4e6c-ada9-d4a68804165d/element HTTP/1.1
User-Agent: selenium/4.1.2 (java windows)
Content-Length: 81
Content-Type: application/json; charset=utf-8
host: localhost:56762
accept: */*

Response DefaultHttpResponse(decodeResult: success, version: HTTP/1.1)
HTTP/1.1 200 OK
content-type: application/json; charset=utf-8
cache-control: no-cache
date: Sun, 09 Apr 2023 12:40:36 GMT
content-length: 88

19:40:36.977 [AsyncHttpClient-1-16] DEBUG org.asynchttpclient.netty.channel.ChannelManager - Adding key: http://localhost:56762 for channel [id: 0x869a583b, L:/127.0.0.1:58410 - R:localhost/127.0.0.1:56762]
19:40:36.978 [Forwarding getElementTagName on session 5ed15768-410f-4e6c-ada9-d4a68804165d to remote] DEBUG org.asynchttpclient.netty.request.NettyRequestSender - Using pooled Channel '[id: 0x869a583b, L:/127.0.0.1:58410 - R:localhost/127.0.0.1:56762]' for 'GET' to 'http://localhost:56762/session/5ed15768-410f-4e6c-ada9-d4a68804165d/element/22e2f8c5-a4e1-428a-8589-1030ac1dac5f/name'
19:40:36.979 [Forwarding getElementTagName on session 5ed15768-410f-4e6c-ada9-d4a68804165d to remote] DEBUG org.asynchttpclient.netty.request.NettyRequestSender - Using open Channel [id: 0x869a583b, L:/127.0.0.1:58410 - R:localhost/127.0.0.1:56762] for GET '/session/5ed15768-410f-4e6c-ada9-d4a68804165d/element/22e2f8c5-a4e1-428a-8589-1030ac1dac5f/name'
19:40:37.098 [AsyncHttpClient-1-16] DEBUG org.asynchttpclient.netty.handler.HttpHandler - 

Request DefaultFullHttpRequest(decodeResult: success, version: HTTP/1.1, content: EmptyByteBufBE)
GET /session/5ed15768-410f-4e6c-ada9-d4a68804165d/element/22e2f8c5-a4e1-428a-8589-1030ac1dac5f/name HTTP/1.1
User-Agent: selenium/4.1.2 (java windows)
Cache-Control: no-cache
Content-Type: application/json; charset=utf-8
host: localhost:56762
accept: */*

Response DefaultHttpResponse(decodeResult: success, version: HTTP/1.1)
HTTP/1.1 200 OK
content-type: application/json; charset=utf-8
cache-control: no-cache
date: Sun, 09 Apr 2023 12:40:36 GMT
content-length: 16

19:40:37.098 [AsyncHttpClient-1-16] DEBUG org.asynchttpclient.netty.channel.ChannelManager - Adding key: http://localhost:56762 for channel [id: 0x869a583b, L:/127.0.0.1:58410 - R:localhost/127.0.0.1:56762]
19:40:37.099 [Forwarding getElementTagName on session 5ed15768-410f-4e6c-ada9-d4a68804165d to remote] DEBUG org.asynchttpclient.netty.request.NettyRequestSender - Using pooled Channel '[id: 0x869a583b, L:/127.0.0.1:58410 - R:localhost/127.0.0.1:56762]' for 'GET' to 'http://localhost:56762/session/5ed15768-410f-4e6c-ada9-d4a68804165d/element/22e2f8c5-a4e1-428a-8589-1030ac1dac5f/name'
19:40:37.099 [Forwarding getElementTagName on session 5ed15768-410f-4e6c-ada9-d4a68804165d to remote] DEBUG org.asynchttpclient.netty.request.NettyRequestSender - Using open Channel [id: 0x869a583b, L:/127.0.0.1:58410 - R:localhost/127.0.0.1:56762] for GET '/session/5ed15768-410f-4e6c-ada9-d4a68804165d/element/22e2f8c5-a4e1-428a-8589-1030ac1dac5f/name'
19:40:37.163 [AsyncHttpClient-1-16] DEBUG org.asynchttpclient.netty.handler.HttpHandler - 

Request DefaultFullHttpRequest(decodeResult: success, version: HTTP/1.1, content: EmptyByteBufBE)
GET /session/5ed15768-410f-4e6c-ada9-d4a68804165d/element/22e2f8c5-a4e1-428a-8589-1030ac1dac5f/name HTTP/1.1
User-Agent: selenium/4.1.2 (java windows)
Cache-Control: no-cache
Content-Type: application/json; charset=utf-8
host: localhost:56762
accept: */*

Response DefaultHttpResponse(decodeResult: success, version: HTTP/1.1)
HTTP/1.1 200 OK
content-type: application/json; charset=utf-8
cache-control: no-cache
date: Sun, 09 Apr 2023 12:40:36 GMT
content-length: 16

19:40:37.163 [AsyncHttpClient-1-16] DEBUG org.asynchttpclient.netty.channel.ChannelManager - Adding key: http://localhost:56762 for channel [id: 0x869a583b, L:/127.0.0.1:58410 - R:localhost/127.0.0.1:56762]
19:40:37.165 [Forwarding findElement on session 5ed15768-410f-4e6c-ada9-d4a68804165d to remote] DEBUG org.asynchttpclient.netty.request.NettyRequestSender - Using pooled Channel '[id: 0x869a583b, L:/127.0.0.1:58410 - R:localhost/127.0.0.1:56762]' for 'POST' to 'http://localhost:56762/session/5ed15768-410f-4e6c-ada9-d4a68804165d/element'
19:40:37.165 [Forwarding findElement on session 5ed15768-410f-4e6c-ada9-d4a68804165d to remote] DEBUG org.asynchttpclient.netty.request.NettyRequestSender - Using open Channel [id: 0x869a583b, L:/127.0.0.1:58410 - R:localhost/127.0.0.1:56762] for POST '/session/5ed15768-410f-4e6c-ada9-d4a68804165d/element'
19:40:37.178 [AsyncHttpClient-1-16] DEBUG org.asynchttpclient.netty.handler.HttpHandler - 

Request DefaultHttpRequest(decodeResult: success, version: HTTP/1.1)
POST /session/5ed15768-410f-4e6c-ada9-d4a68804165d/element HTTP/1.1
User-Agent: selenium/4.1.2 (java windows)
Content-Length: 81
Content-Type: application/json; charset=utf-8
host: localhost:56762
accept: */*

Response DefaultHttpResponse(decodeResult: success, version: HTTP/1.1)
HTTP/1.1 200 OK
content-type: application/json; charset=utf-8
cache-control: no-cache
date: Sun, 09 Apr 2023 12:40:36 GMT
content-length: 88

19:40:37.179 [AsyncHttpClient-1-16] DEBUG org.asynchttpclient.netty.channel.ChannelManager - Adding key: http://localhost:56762 for channel [id: 0x869a583b, L:/127.0.0.1:58410 - R:localhost/127.0.0.1:56762]
19:40:37.180 [Forwarding clickElement on session 5ed15768-410f-4e6c-ada9-d4a68804165d to remote] DEBUG org.asynchttpclient.netty.request.NettyRequestSender - Using pooled Channel '[id: 0x869a583b, L:/127.0.0.1:58410 - R:localhost/127.0.0.1:56762]' for 'POST' to 'http://localhost:56762/session/5ed15768-410f-4e6c-ada9-d4a68804165d/element/22e2f8c5-a4e1-428a-8589-1030ac1dac5f/click'
19:40:37.180 [Forwarding clickElement on session 5ed15768-410f-4e6c-ada9-d4a68804165d to remote] DEBUG org.asynchttpclient.netty.request.NettyRequestSender - Using open Channel [id: 0x869a583b, L:/127.0.0.1:58410 - R:localhost/127.0.0.1:56762] for POST '/session/5ed15768-410f-4e6c-ada9-d4a68804165d/element/22e2f8c5-a4e1-428a-8589-1030ac1dac5f/click'
19:40:37.950 [AsyncHttpClient-1-16] DEBUG org.asynchttpclient.netty.handler.HttpHandler - 

Request DefaultHttpRequest(decodeResult: success, version: HTTP/1.1)
POST /session/5ed15768-410f-4e6c-ada9-d4a68804165d/element/22e2f8c5-a4e1-428a-8589-1030ac1dac5f/click HTTP/1.1
User-Agent: selenium/4.1.2 (java windows)
Content-Length: 50
Content-Type: application/json; charset=utf-8
host: localhost:56762
accept: */*

Response DefaultHttpResponse(decodeResult: success, version: HTTP/1.1)
HTTP/1.1 200 OK
content-type: application/json; charset=utf-8
cache-control: no-cache
date: Sun, 09 Apr 2023 12:40:36 GMT
content-length: 14

19:40:37.950 [AsyncHttpClient-1-16] DEBUG org.asynchttpclient.netty.channel.ChannelManager - Adding key: http://localhost:56762 for channel [id: 0x869a583b, L:/127.0.0.1:58410 - R:localhost/127.0.0.1:56762]
  &amp#27;[32mThen &amp#27;[0m&amp#27;[32mI click baby on the header&amp#27;[0m   &amp#27;[90m# starter.stepdefinitions.BabyStep.iClickBabyOnTheHeader()&amp#27;[0m
19:40:37.965 [Forwarding screenshot on session 5ed15768-410f-4e6c-ada9-d4a68804165d to remote] DEBUG org.asynchttpclient.netty.request.NettyRequestSender - Using pooled Channel '[id: 0x869a583b, L:/127.0.0.1:58410 - R:localhost/127.0.0.1:56762]' for 'GET' to 'http://localhost:56762/session/5ed15768-410f-4e6c-ada9-d4a68804165d/screenshot'
19:40:37.965 [Forwarding screenshot on session 5ed15768-410f-4e6c-ada9-d4a68804165d to remote] DEBUG org.asynchttpclient.netty.request.NettyRequestSender - Using open Channel [id: 0x869a583b, L:/127.0.0.1:58410 - R:localhost/127.0.0.1:56762] for GET '/session/5ed15768-410f-4e6c-ada9-d4a68804165d/screenshot'
19:40:38.278 [AsyncHttpClient-1-16] DEBUG org.asynchttpclient.netty.handler.HttpHandler - 

Request DefaultFullHttpRequest(decodeResult: success, version: HTTP/1.1, content: EmptyByteBufBE)
GET /session/5ed15768-410f-4e6c-ada9-d4a68804165d/screenshot HTTP/1.1
User-Agent: selenium/4.1.2 (java windows)
Cache-Control: no-cache
Content-Type: application/json; charset=utf-8
host: localhost:56762
accept: */*

Response DefaultHttpResponse(decodeResult: success, version: HTTP/1.1)
HTTP/1.1 200 OK
content-type: application/json; charset=utf-8
cache-control: no-cache
date: Sun, 09 Apr 2023 12:40:37 GMT
content-length: 98024

19:40:38.278 [AsyncHttpClient-1-16] DEBUG org.asynchttpclient.netty.channel.ChannelManager - Adding key: http://localhost:56762 for channel [id: 0x869a583b, L:/127.0.0.1:58410 - R:localhost/127.0.0.1:56762]
19:40:38.283 [main] DEBUG net.serenitybdd.core.photography.Darkroom - Send negative for processing for target\site\serenity\bcb9a8d665d2c58a930e922f816fcc3ebc2aef855b882f3d531e7c9aa320b06d.png
19:40:38.295 [Forwarding findElement on session 5ed15768-410f-4e6c-ada9-d4a68804165d to remote] DEBUG org.asynchttpclient.netty.request.NettyRequestSender - Using pooled Channel '[id: 0x869a583b, L:/127.0.0.1:58410 - R:localhost/127.0.0.1:56762]' for 'POST' to 'http://localhost:56762/session/5ed15768-410f-4e6c-ada9-d4a68804165d/element'
19:40:38.295 [Forwarding findElement on session 5ed15768-410f-4e6c-ada9-d4a68804165d to remote] DEBUG org.asynchttpclient.netty.request.NettyRequestSender - Using open Channel [id: 0x869a583b, L:/127.0.0.1:58410 - R:localhost/127.0.0.1:56762] for POST '/session/5ed15768-410f-4e6c-ada9-d4a68804165d/element'
19:40:38.360 [AsyncHttpClient-1-16] DEBUG org.asynchttpclient.netty.handler.HttpHandler - 

Request DefaultHttpRequest(decodeResult: success, version: HTTP/1.1)
POST /session/5ed15768-410f-4e6c-ada9-d4a68804165d/element HTTP/1.1
User-Agent: selenium/4.1.2 (java windows)
Content-Length: 109
Content-Type: application/json; charset=utf-8
host: localhost:56762
accept: */*

Response DefaultHttpResponse(decodeResult: success, version: HTTP/1.1)
HTTP/1.1 200 OK
content-type: application/json; charset=utf-8
cache-control: no-cache
date: Sun, 09 Apr 2023 12:40:37 GMT
content-length: 88

19:40:38.360 [AsyncHttpClient-1-16] DEBUG org.asynchttpclient.netty.channel.ChannelManager - Adding key: http://localhost:56762 for channel [id: 0x869a583b, L:/127.0.0.1:58410 - R:localhost/127.0.0.1:56762]
19:40:38.362 [Forwarding getElementTagName on session 5ed15768-410f-4e6c-ada9-d4a68804165d to remote] DEBUG org.asynchttpclient.netty.request.NettyRequestSender - Using pooled Channel '[id: 0x869a583b, L:/127.0.0.1:58410 - R:localhost/127.0.0.1:56762]' for 'GET' to 'http://localhost:56762/session/5ed15768-410f-4e6c-ada9-d4a68804165d/element/f37db692-d0b2-458c-9eb9-fc9ebd4ba727/name'
19:40:38.362 [Forwarding getElementTagName on session 5ed15768-410f-4e6c-ada9-d4a68804165d to remote] DEBUG org.asynchttpclient.netty.request.NettyRequestSender - Using open Channel [id: 0x869a583b, L:/127.0.0.1:58410 - R:localhost/127.0.0.1:56762] for GET '/session/5ed15768-410f-4e6c-ada9-d4a68804165d/element/f37db692-d0b2-458c-9eb9-fc9ebd4ba727/name'
19:40:38.407 [AsyncHttpClient-1-16] DEBUG org.asynchttpclient.netty.handler.HttpHandler - 

Request DefaultFullHttpRequest(decodeResult: success, version: HTTP/1.1, content: EmptyByteBufBE)
GET /session/5ed15768-410f-4e6c-ada9-d4a68804165d/element/f37db692-d0b2-458c-9eb9-fc9ebd4ba727/name HTTP/1.1
User-Agent: selenium/4.1.2 (java windows)
Cache-Control: no-cache
Content-Type: application/json; charset=utf-8
host: localhost:56762
accept: */*

Response DefaultHttpResponse(decodeResult: success, version: HTTP/1.1)
HTTP/1.1 200 OK
content-type: application/json; charset=utf-8
cache-control: no-cache
date: Sun, 09 Apr 2023 12:40:37 GMT
content-length: 16

19:40:38.407 [AsyncHttpClient-1-16] DEBUG org.asynchttpclient.netty.channel.ChannelManager - Adding key: http://localhost:56762 for channel [id: 0x869a583b, L:/127.0.0.1:58410 - R:localhost/127.0.0.1:56762]
19:40:38.408 [Forwarding getElementTagName on session 5ed15768-410f-4e6c-ada9-d4a68804165d to remote] DEBUG org.asynchttpclient.netty.request.NettyRequestSender - Using pooled Channel '[id: 0x869a583b, L:/127.0.0.1:58410 - R:localhost/127.0.0.1:56762]' for 'GET' to 'http://localhost:56762/session/5ed15768-410f-4e6c-ada9-d4a68804165d/element/f37db692-d0b2-458c-9eb9-fc9ebd4ba727/name'
19:40:38.408 [Forwarding getElementTagName on session 5ed15768-410f-4e6c-ada9-d4a68804165d to remote] DEBUG org.asynchttpclient.netty.request.NettyRequestSender - Using open Channel [id: 0x869a583b, L:/127.0.0.1:58410 - R:localhost/127.0.0.1:56762] for GET '/session/5ed15768-410f-4e6c-ada9-d4a68804165d/element/f37db692-d0b2-458c-9eb9-fc9ebd4ba727/name'
19:40:38.452 [AsyncHttpClient-1-16] DEBUG org.asynchttpclient.netty.handler.HttpHandler - 

Request DefaultFullHttpRequest(decodeResult: success, version: HTTP/1.1, content: EmptyByteBufBE)
GET /session/5ed15768-410f-4e6c-ada9-d4a68804165d/element/f37db692-d0b2-458c-9eb9-fc9ebd4ba727/name HTTP/1.1
User-Agent: selenium/4.1.2 (java windows)
Cache-Control: no-cache
Content-Type: application/json; charset=utf-8
host: localhost:56762
accept: */*

Response DefaultHttpResponse(decodeResult: success, version: HTTP/1.1)
HTTP/1.1 200 OK
content-type: application/json; charset=utf-8
cache-control: no-cache
date: Sun, 09 Apr 2023 12:40:37 GMT
content-length: 16

19:40:38.452 [AsyncHttpClient-1-16] DEBUG org.asynchttpclient.netty.channel.ChannelManager - Adding key: http://localhost:56762 for channel [id: 0x869a583b, L:/127.0.0.1:58410 - R:localhost/127.0.0.1:56762]
19:40:38.455 [Forwarding findElement on session 5ed15768-410f-4e6c-ada9-d4a68804165d to remote] DEBUG org.asynchttpclient.netty.request.NettyRequestSender - Using pooled Channel '[id: 0x869a583b, L:/127.0.0.1:58410 - R:localhost/127.0.0.1:56762]' for 'POST' to 'http://localhost:56762/session/5ed15768-410f-4e6c-ada9-d4a68804165d/element'
19:40:38.455 [Forwarding findElement on session 5ed15768-410f-4e6c-ada9-d4a68804165d to remote] DEBUG org.asynchttpclient.netty.request.NettyRequestSender - Using open Channel [id: 0x869a583b, L:/127.0.0.1:58410 - R:localhost/127.0.0.1:56762] for POST '/session/5ed15768-410f-4e6c-ada9-d4a68804165d/element'
19:40:38.529 [AsyncHttpClient-1-16] DEBUG org.asynchttpclient.netty.handler.HttpHandler - 

Request DefaultHttpRequest(decodeResult: success, version: HTTP/1.1)
POST /session/5ed15768-410f-4e6c-ada9-d4a68804165d/element HTTP/1.1
User-Agent: selenium/4.1.2 (java windows)
Content-Length: 109
Content-Type: application/json; charset=utf-8
host: localhost:56762
accept: */*

Response DefaultHttpResponse(decodeResult: success, version: HTTP/1.1)
HTTP/1.1 200 OK
content-type: application/json; charset=utf-8
cache-control: no-cache
date: Sun, 09 Apr 2023 12:40:37 GMT
content-length: 88

19:40:38.529 [AsyncHttpClient-1-16] DEBUG org.asynchttpclient.netty.channel.ChannelManager - Adding key: http://localhost:56762 for channel [id: 0x869a583b, L:/127.0.0.1:58410 - R:localhost/127.0.0.1:56762]
19:40:38.530 [Forwarding clickElement on session 5ed15768-410f-4e6c-ada9-d4a68804165d to remote] DEBUG org.asynchttpclient.netty.request.NettyRequestSender - Using pooled Channel '[id: 0x869a583b, L:/127.0.0.1:58410 - R:localhost/127.0.0.1:56762]' for 'POST' to 'http://localhost:56762/session/5ed15768-410f-4e6c-ada9-d4a68804165d/element/f37db692-d0b2-458c-9eb9-fc9ebd4ba727/click'
19:40:38.530 [Forwarding clickElement on session 5ed15768-410f-4e6c-ada9-d4a68804165d to remote] DEBUG org.asynchttpclient.netty.request.NettyRequestSender - Using open Channel [id: 0x869a583b, L:/127.0.0.1:58410 - R:localhost/127.0.0.1:56762] for POST '/session/5ed15768-410f-4e6c-ada9-d4a68804165d/element/f37db692-d0b2-458c-9eb9-fc9ebd4ba727/click'
19:40:39.062 [AsyncHttpClient-1-16] DEBUG org.asynchttpclient.netty.handler.HttpHandler - 

Request DefaultHttpRequest(decodeResult: success, version: HTTP/1.1)
POST /session/5ed15768-410f-4e6c-ada9-d4a68804165d/element/f37db692-d0b2-458c-9eb9-fc9ebd4ba727/click HTTP/1.1
User-Agent: selenium/4.1.2 (java windows)
Content-Length: 50
Content-Type: application/json; charset=utf-8
host: localhost:56762
accept: */*

Response DefaultHttpResponse(decodeResult: success, version: HTTP/1.1)
HTTP/1.1 200 OK
content-type: application/json; charset=utf-8
cache-control: no-cache
date: Sun, 09 Apr 2023 12:40:37 GMT
content-length: 14

19:40:39.062 [AsyncHttpClient-1-16] DEBUG org.asynchttpclient.netty.channel.ChannelManager - Adding key: http://localhost:56762 for channel [id: 0x869a583b, L:/127.0.0.1:58410 - R:localhost/127.0.0.1:56762]
  &amp#27;[32mWhen &amp#27;[0m&amp#27;[32mI will go to &amp#27;[0m&amp#27;[32m&amp#27;[1m"koleksiBalita"&amp#27;[0m &amp#27;[90m# starter.stepdefinitions.BabyStep.iWillGoTo(java.lang.String)&amp#27;[0m
19:40:39.071 [Forwarding screenshot on session 5ed15768-410f-4e6c-ada9-d4a68804165d to remote] DEBUG org.asynchttpclient.netty.request.NettyRequestSender - Using pooled Channel '[id: 0x869a583b, L:/127.0.0.1:58410 - R:localhost/127.0.0.1:56762]' for 'GET' to 'http://localhost:56762/session/5ed15768-410f-4e6c-ada9-d4a68804165d/screenshot'
19:40:39.071 [Forwarding screenshot on session 5ed15768-410f-4e6c-ada9-d4a68804165d to remote] DEBUG org.asynchttpclient.netty.request.NettyRequestSender - Using open Channel [id: 0x869a583b, L:/127.0.0.1:58410 - R:localhost/127.0.0.1:56762] for GET '/session/5ed15768-410f-4e6c-ada9-d4a68804165d/screenshot'
19:40:39.156 [AsyncHttpClient-1-16] DEBUG org.asynchttpclient.netty.handler.HttpHandler - 

Request DefaultFullHttpRequest(decodeResult: success, version: HTTP/1.1, content: EmptyByteBufBE)
GET /session/5ed15768-410f-4e6c-ada9-d4a68804165d/screenshot HTTP/1.1
User-Agent: selenium/4.1.2 (java windows)
Cache-Control: no-cache
Content-Type: application/json; charset=utf-8
host: localhost:56762
accept: */*

Response DefaultHttpResponse(decodeResult: success, version: HTTP/1.1)
HTTP/1.1 200 OK
content-type: application/json; charset=utf-8
cache-control: no-cache
date: Sun, 09 Apr 2023 12:40:39 GMT
content-length: 97180

19:40:39.156 [AsyncHttpClient-1-16] DEBUG org.asynchttpclient.netty.channel.ChannelManager - Adding key: http://localhost:56762 for channel [id: 0x869a583b, L:/127.0.0.1:58410 - R:localhost/127.0.0.1:56762]
19:40:39.159 [main] DEBUG net.serenitybdd.core.photography.Darkroom - Send negative for processing for target\site\serenity\a3d22f17fd9b788bb504bf22d9cbd1f2a9e19666c0302c98b855fad782a55b77.png
19:40:39.159 [Darkroom Processing Line] DEBUG net.serenitybdd.core.photography.DarkroomProcessingLine - Processing screenshot image in /var/screenshots/screenshot-17749072293220892767
19:40:39.159 [Darkroom Processing Line] DEBUG net.serenitybdd.core.photography.DarkroomProcessingLine - Saving screenshot to target\site\serenity\a3d22f17fd9b788bb504bf22d9cbd1f2a9e19666c0302c98b855fad782a55b77.png
19:40:39.165 [Forwarding findElement on session 5ed15768-410f-4e6c-ada9-d4a68804165d to remote] DEBUG org.asynchttpclient.netty.request.NettyRequestSender - Using pooled Channel '[id: 0x869a583b, L:/127.0.0.1:58410 - R:localhost/127.0.0.1:56762]' for 'POST' to 'http://localhost:56762/session/5ed15768-410f-4e6c-ada9-d4a68804165d/element'
19:40:39.165 [Forwarding findElement on session 5ed15768-410f-4e6c-ada9-d4a68804165d to remote] DEBUG org.asynchttpclient.netty.request.NettyRequestSender - Using open Channel [id: 0x869a583b, L:/127.0.0.1:58410 - R:localhost/127.0.0.1:56762] for POST '/session/5ed15768-410f-4e6c-ada9-d4a68804165d/element'
19:40:39.231 [AsyncHttpClient-1-16] DEBUG org.asynchttpclient.netty.handler.HttpHandler - 

Request DefaultHttpRequest(decodeResult: success, version: HTTP/1.1)
POST /session/5ed15768-410f-4e6c-ada9-d4a68804165d/element HTTP/1.1
User-Agent: selenium/4.1.2 (java windows)
Content-Length: 97
Content-Type: application/json; charset=utf-8
host: localhost:56762
accept: */*

Response DefaultHttpResponse(decodeResult: success, version: HTTP/1.1)
HTTP/1.1 200 OK
content-type: application/json; charset=utf-8
cache-control: no-cache
date: Sun, 09 Apr 2023 12:40:39 GMT
content-length: 88

19:40:39.231 [AsyncHttpClient-1-16] DEBUG org.asynchttpclient.netty.channel.ChannelManager - Adding key: http://localhost:56762 for channel [id: 0x869a583b, L:/127.0.0.1:58410 - R:localhost/127.0.0.1:56762]
19:40:39.233 [Forwarding isElementDisplayed on session 5ed15768-410f-4e6c-ada9-d4a68804165d to remote] DEBUG org.asynchttpclient.netty.request.NettyRequestSender - Using pooled Channel '[id: 0x869a583b, L:/127.0.0.1:58410 - R:localhost/127.0.0.1:56762]' for 'POST' to 'http://localhost:56762/session/5ed15768-410f-4e6c-ada9-d4a68804165d/execute/sync'
19:40:39.233 [Forwarding isElementDisplayed on session 5ed15768-410f-4e6c-ada9-d4a68804165d to remote] DEBUG org.asynchttpclient.netty.request.NettyRequestSender - Using open Channel [id: 0x869a583b, L:/127.0.0.1:58410 - R:localhost/127.0.0.1:56762] for POST '/session/5ed15768-410f-4e6c-ada9-d4a68804165d/execute/sync'
19:40:39.247 [AsyncHttpClient-1-16] DEBUG org.asynchttpclient.netty.handler.HttpHandler - 

Request DefaultHttpRequest(decodeResult: success, version: HTTP/1.1)
POST /session/5ed15768-410f-4e6c-ada9-d4a68804165d/execute/sync HTTP/1.1
User-Agent: selenium/4.1.2 (java windows)
Content-Length: 48780
Content-Type: application/json; charset=utf-8
host: localhost:56762
accept: */*

Response DefaultHttpResponse(decodeResult: success, version: HTTP/1.1)
HTTP/1.1 200 OK
content-type: application/json; charset=utf-8
cache-control: no-cache
date: Sun, 09 Apr 2023 12:40:39 GMT
content-length: 14

19:40:39.247 [AsyncHttpClient-1-16] DEBUG org.asynchttpclient.netty.channel.ChannelManager - Adding key: http://localhost:56762 for channel [id: 0x869a583b, L:/127.0.0.1:58410 - R:localhost/127.0.0.1:56762]
  &amp#27;[32mAnd &amp#27;[0m&amp#27;[32mI &amp#27;[0m&amp#27;[32m&amp#27;[1m"txtKoleksiBalita"&amp#27;[0m&amp#27;[32m page&amp#27;[0m     &amp#27;[90m# starter.stepdefinitions.BabyStep.iPage(java.lang.String)&amp#27;[0m
19:40:39.251 [Forwarding screenshot on session 5ed15768-410f-4e6c-ada9-d4a68804165d to remote] DEBUG org.asynchttpclient.netty.request.NettyRequestSender - Using pooled Channel '[id: 0x869a583b, L:/127.0.0.1:58410 - R:localhost/127.0.0.1:56762]' for 'GET' to 'http://localhost:56762/session/5ed15768-410f-4e6c-ada9-d4a68804165d/screenshot'
19:40:39.252 [Forwarding screenshot on session 5ed15768-410f-4e6c-ada9-d4a68804165d to remote] DEBUG org.asynchttpclient.netty.request.NettyRequestSender - Using open Channel [id: 0x869a583b, L:/127.0.0.1:58410 - R:localhost/127.0.0.1:56762] for GET '/session/5ed15768-410f-4e6c-ada9-d4a68804165d/screenshot'
19:40:39.281 [AsyncHttpClient-1-16] DEBUG org.asynchttpclient.netty.handler.HttpHandler - 

Request DefaultFullHttpRequest(decodeResult: success, version: HTTP/1.1, content: EmptyByteBufBE)
GET /session/5ed15768-410f-4e6c-ada9-d4a68804165d/screenshot HTTP/1.1
User-Agent: selenium/4.1.2 (java windows)
Cache-Control: no-cache
Content-Type: application/json; charset=utf-8
host: localhost:56762
accept: */*

Response DefaultHttpResponse(decodeResult: success, version: HTTP/1.1)
HTTP/1.1 200 OK
content-type: application/json; charset=utf-8
cache-control: no-cache
date: Sun, 09 Apr 2023 12:40:39 GMT
content-length: 78452

19:40:39.281 [AsyncHttpClient-1-16] DEBUG org.asynchttpclient.netty.channel.ChannelManager - Adding key: http://localhost:56762 for channel [id: 0x869a583b, L:/127.0.0.1:58410 - R:localhost/127.0.0.1:56762]
19:40:39.283 [main] DEBUG net.serenitybdd.core.photography.Darkroom - Send negative for processing for target\site\serenity\0ad8708e8110ac8e9e8119bccd5d69fb71b2e299509a637387fa03f0d3b60eb7.png
19:40:39.284 [Darkroom Processing Line] DEBUG net.serenitybdd.core.photography.DarkroomProcessingLine - Processing screenshot image in /var/screenshots/screenshot-15036783456231093171
19:40:39.284 [Darkroom Processing Line] DEBUG net.serenitybdd.core.photography.DarkroomProcessingLine - Saving screenshot to target\site\serenity\0ad8708e8110ac8e9e8119bccd5d69fb71b2e299509a637387fa03f0d3b60eb7.png
19:40:39.288 [Driver Command Executor] DEBUG org.asynchttpclient.netty.request.NettyRequestSender - Using pooled Channel '[id: 0x869a583b, L:/127.0.0.1:58410 - R:localhost/127.0.0.1:56762]' for 'DELETE' to 'http://localhost:56762/session/5ed15768-410f-4e6c-ada9-d4a68804165d'
19:40:39.288 [Driver Command Executor] DEBUG org.asynchttpclient.netty.request.NettyRequestSender - Using open Channel [id: 0x869a583b, L:/127.0.0.1:58410 - R:localhost/127.0.0.1:56762] for DELETE '/session/5ed15768-410f-4e6c-ada9-d4a68804165d'
19:40:40.042 [AsyncHttpClient-1-16] DEBUG org.asynchttpclient.netty.handler.HttpHandler - 

Request DefaultFullHttpRequest(decodeResult: success, version: HTTP/1.1, content: EmptyByteBufBE)
DELETE /session/5ed15768-410f-4e6c-ada9-d4a68804165d HTTP/1.1
User-Agent: selenium/4.1.2 (java windows)
Content-Type: application/json; charset=utf-8
host: localhost:56762
accept: */*

Response DefaultHttpResponse(decodeResult: success, version: HTTP/1.1)
HTTP/1.1 200 OK
content-type: application/json; charset=utf-8
cache-control: no-cache
date: Sun, 09 Apr 2023 12:40:39 GMT
content-length: 14

19:40:40.042 [AsyncHttpClient-1-16] DEBUG org.asynchttpclient.netty.channel.ChannelManager - Adding key: http://localhost:56762 for channel [id: 0x869a583b, L:/127.0.0.1:58410 - R:localhost/127.0.0.1:56762]
19:40:40.045 [AsyncHttpClient-1-16] DEBUG org.asynchttpclient.netty.handler.HttpHandler - Unexpected I/O exception on channel [id: 0x869a583b, L:/127.0.0.1:58410 - R:localhost/127.0.0.1:56762]
java.net.SocketException: Connection reset
	at java.base/sun.nio.ch.SocketChannelImpl.throwConnectionReset(SocketChannelImpl.java:345)
	at java.base/sun.nio.ch.SocketChannelImpl.read(SocketChannelImpl.java:376)
	at io.netty.buffer.PooledByteBuf.setBytes(PooledByteBuf.java:258)
	at io.netty.buffer.AbstractByteBuf.writeBytes(AbstractByteBuf.java:1132)
	at io.netty.channel.socket.nio.NioSocketChannel.doReadBytes(NioSocketChannel.java:350)
	at io.netty.channel.nio.AbstractNioByteChannel$NioByteUnsafe.read(AbstractNioByteChannel.java:151)
	at io.netty.channel.nio.NioEventLoop.processSelectedKey(NioEventLoop.java:722)
	at io.netty.channel.nio.NioEventLoop.processSelectedKeysOptimized(NioEventLoop.java:658)
	at io.netty.channel.nio.NioEventLoop.processSelectedKeys(NioEventLoop.java:584)
	at io.netty.channel.nio.NioEventLoop.run(NioEventLoop.java:496)
	at io.netty.util.concurrent.SingleThreadEventExecutor$4.run(SingleThreadEventExecutor.java:986)
	at io.netty.util.internal.ThreadExecutorMap$2.run(ThreadExecutorMap.java:74)
	at io.netty.util.concurrent.FastThreadLocalRunnable.run(FastThreadLocalRunnable.java:30)
	at java.base/java.lang.Thread.run(Thread.java:830)
19:40:40.045 [AsyncHttpClient-1-16] DEBUG org.asynchttpclient.netty.channel.ChannelManager - Closing Channel [id: 0x869a583b, L:/127.0.0.1:58410 - R:localhost/127.0.0.1:56762] 
19:40:40.046 [AsyncHttpClient-1-16] DEBUG org.asynchttpclient.netty.handler.HttpHandler - Channel Closed: [id: 0x869a583b, L:/127.0.0.1:58410 ! R:localhost/127.0.0.1:56762] with attribute DISCARD
]]></system-out>
    <system-err><![CDATA[1681044031705	geckodriver	INFO	Listening on 127.0.0.1:56762
1681044032189	mozrunner::runner	INFO	Running command: "C:\\Program Files\\Mozilla Firefox\\firefox.exe" "--marionette" "" "--remote-debugging-port" "61562" "--remote-allow-hosts" "localhost" "-no-remote" "-profile" "C:\\Users\\alwi\\AppData\\Local\\Temp\\rust_mozprofileSDBZlL"
console.warn: services.settings: Ignoring preference override of remote settings server
console.warn: services.settings: Allow by setting MOZ_REMOTE_SETTINGS_DEVTOOLS=1 in the environment
1681044032534	Marionette	INFO	Marionette enabled
Dynamically enable window occlusion 0
1681044032540	Marionette	INFO	Listening on port 58413
Read port: 58413
WebDriver BiDi listening on ws://127.0.0.1:61562
1681044032711	RemoteAgent	WARN	TLS certificate errors will be ignored for this session
console.warn: SearchSettings: "get: No settings file exists, new profile?" (new NotFoundError("Could not open the file at C:\\Users\\alwi\\AppData\\Local\\Temp\\rust_mozprofileSDBZlL\\search.json.mozlz4", (void 0)))
DevTools listening on ws://127.0.0.1:61562/devtools/browser/39350ac1-9d5d-4a9c-8c06-1d853963ddf3
Apr 09, 2023 7:40:34 PM org.openqa.selenium.remote.ProtocolHandshake createSession
INFO: Detected dialect: W3C
JavaScript warning: https://www.uniqlo.com/oQfZRN8zACRR/OQ/-x_RMR-EGX/k95OLrhJQ5/OXl6GHI5AQ/PnUdVS/RrZQs, line 1: unreachable code after return statement
JavaScript warning: https://www.uniqlo.com/oQfZRN8zACRR/OQ/-x_RMR-EGX/k95OLrhJQ5/OXl6GHI5AQ/PnUdVS/RrZQs, line 1: WEBGL_debug_renderer_info is deprecated in Firefox and will be removed. Please use RENDERER.
JavaScript warning: https://www.uniqlo.com/id/elgnisolqinu.js?async&seed=AECl_mWHAQAAhXleUcVgnU2eEowETsYZDsExG9MVfyypS8j2a8yO2N_NY-zV&x-i1ysm4mm--z=q, line 1: WEBGL_debug_renderer_info is deprecated in Firefox and will be removed. Please use RENDERER.
1681044039291	Marionette	INFO	Stopped listening on port 58413
Dynamically enable window occlusion 1
WARNING: A blocker encountered an error while we were waiting.
          Blocker:  Waiting for ping task
          Phase: TelemetryController: Waiting for pending ping activity
          State: (none)
WARNING: Error: Phase "profile-before-change" is finished, it is too late to register completion condition "OS.File: flush I/O queued before profileBeforeChange"
WARNING: addBlocker@resource://gre/modules/AsyncShutdown.sys.mjs:727:15
addBlocker@resource://gre/modules/AsyncShutdown.sys.mjs:523:26
addBlocker@resource://gre/modules/AsyncShutdown.sys.mjs:458:15
setupShutdown@resource://gre/modules/osfile/osfile_async_front.jsm:1548:28
@resource://gre/modules/osfile/osfile_async_front.jsm:1568:16
@resource://gre/modules/osfile.jsm:12:30
@resource://gre/modules/TelemetryStorage.sys.mjs:10:28
_checkPendingPings@resource://gre/modules/TelemetrySend.sys.mjs:863:17
setup@resource://gre/modules/TelemetrySend.sys.mjs:803:18
setup@resource://gre/modules/TelemetrySend.sys.mjs:241:30
setupTelemetry/this._delayedInitTask<@resource://gre/modules/TelemetryControllerParent.sys.mjs:828:36
observe@resource://gre/modules/AsyncShutdown.sys.mjs:576:16

console.error: "TelemetryScheduler.shutdown - Already shut down"
WARNING: A blocker encountered an error while we were waiting.
          Blocker:  Waiting for ping task
          Phase: TelemetryController: Waiting for pending ping activity
          State: (none)
WARNING: Error: Phase "profile-before-change" is finished, it is too late to register completion condition "OS.File: flush I/O queued before profileBeforeChange"
WARNING: addBlocker@resource://gre/modules/AsyncShutdown.sys.mjs:727:15
addBlocker@resource://gre/modules/AsyncShutdown.sys.mjs:523:26
addBlocker@resource://gre/modules/AsyncShutdown.sys.mjs:458:15
setupShutdown@resource://gre/modules/osfile/osfile_async_front.jsm:1548:28
@resource://gre/modules/osfile/osfile_async_front.jsm:1568:16
@resource://gre/modules/osfile.jsm:12:30
@resource://gre/modules/TelemetryStorage.sys.mjs:10:28
_checkPendingPings@resource://gre/modules/TelemetrySend.sys.mjs:863:17
setup@resource://gre/modules/TelemetrySend.sys.mjs:803:18
setup@resource://gre/modules/TelemetrySend.sys.mjs:241:30
setupTelemetry/this._delayedInitTask<@resource://gre/modules/TelemetryControllerParent.sys.mjs:828:36
observe@resource://gre/modules/AsyncShutdown.sys.mjs:576:16

WARNING: A blocker encountered an error while we were waiting.
          Blocker:  Waiting for ping task
          Phase: TelemetryController: Waiting for pending ping activity
          State: (none)
WARNING: Error: Phase "profile-before-change" is finished, it is too late to register completion condition "OS.File: flush I/O queued before profileBeforeChange"
WARNING: addBlocker@resource://gre/modules/AsyncShutdown.sys.mjs:727:15
addBlocker@resource://gre/modules/AsyncShutdown.sys.mjs:523:26
addBlocker@resource://gre/modules/AsyncShutdown.sys.mjs:458:15
setupShutdown@resource://gre/modules/osfile/osfile_async_front.jsm:1548:28
@resource://gre/modules/osfile/osfile_async_front.jsm:1568:16
@resource://gre/modules/osfile.jsm:12:30
@resource://gre/modules/TelemetryStorage.sys.mjs:10:28
_checkPendingPings@resource://gre/modules/TelemetrySend.sys.mjs:863:17
setup@resource://gre/modules/TelemetrySend.sys.mjs:803:18
setup@resource://gre/modules/TelemetrySend.sys.mjs:241:30
setupTelemetry/this._delayedInitTask<@resource://gre/modules/TelemetryControllerParent.sys.mjs:828:36
observe@resource://gre/modules/AsyncShutdown.sys.mjs:576:16

WARNING: A blocker encountered an error while we were waiting.
          Blocker:  TelemetryController: shutting down
          Phase: profile-before-change-telemetry
          State: Error getting state: Error: Phase "profile-before-change" is finished, it is too late to register completion condition "OS.File: flush I/O queued before profileBeforeChange" at addBlocker@resource://gre/modules/AsyncShutdown.sys.mjs:727:15
addBlocker@resource://gre/modules/AsyncShutdown.sys.mjs:523:26
addBlocker@resource://gre/modules/AsyncShutdown.sys.mjs:458:15
setupShutdown@resource://gre/modules/osfile/osfile_async_front.jsm:1548:28
@resource://gre/modules/osfile/osfile_async_front.jsm:1568:16
@resource://gre/modules/osfile.jsm:12:30
@resource://gre/modules/TelemetryStorage.sys.mjs:10:28
_checkPendingPings@resource://gre/modules/TelemetrySend.sys.mjs:863:17
setup@resource://gre/modules/TelemetrySend.sys.mjs:803:18
setup@resource://gre/modules/TelemetrySend.sys.mjs:241:30
setupTelemetry/this._delayedInitTask<@resource://gre/modules/TelemetryControllerParent.sys.mjs:828:36
observe@resource://gre/modules/AsyncShutdown.sys.mjs:576:16

WARNING: Error: Phase "profile-before-change" is finished, it is too late to register completion condition "OS.File: flush I/O queued before profileBeforeChange"J
WaARvNaIScripNtG e:r raoddrB:locker@r erseosurocuer:c/e/:g/r/egr/em/omdoudluelse/sA/sAysnycnSchSuhtdouwtnd.owsny.s.smyjs.msj:s7,2 7l:i1n5e 
7a2d7d:B lEorcrker@resoourrce: P:h/a/sgere /"mpodruolfeisl/eA-sbyenfcoSrheut-dcohwann.gseys" .imsj sf:i5n2i3s:h2e6d,
 iatd diBsl otcokoe rl@arteeso utroc er:e/g/igsrtee/rm ocdoumlpelse/Atsiyonnc Schoundtidtowni.osny s".OmjsS:.45Fi8l:e1:5 f
lsuetusphS hI/O quuetuedown@dr ebseofurcoer:e/ /pgrrofei/lmeodulesB/oefsofrielCeh/aonsfgiel"e_asyn
c_front.jsm:15Ja4v8a:S2c8ri
p@tre seorurrcoe:r//:g rrees/omuorduclee:s/o/s/figlree//omsofidluel_eass/yncA_sfyrnocnSth.ujstmd:1o5w6n8.:s16
@resoyusrc.em:j/s/,g rlei/nme 7o2d7ule:s /Eorsrfoilre:.j sPmh:a1s2e:3 0
"@presrofoiulre-cbee:f//gorree/-mocdhualnegse/"T eliesm eftirySntishoerdage,. siyst. mijss :t1o0o: 2l8at
e_ cthoe ckrPeegndiisntgePri ncompletion cgosn@drietsion "OS.File: foluursche :I///Ogr eq/umoeduedule sb/efToerelem eptrrySoefnidl.seByse.fmjosr:8e6Ch3a:n1g7e"
s
eJtavuaSpc@resourricpet: /e/rrgorr:e /rmeosoudurlcee://sgr/e/Tmeoldeumetlersy/SAseynncdS.hustydosw.nm.jssy:s.8mjs,0 l3i:18
setup@resource://gre/modules/TelemetrySend.sys.mjs:241:30
setupTenlemeter y7/2th7i:s .E_rrord:e lPahyaesdeI n"iptrToafsikl<e@-rbesourcee:/f/ogre-crhea/nmgoed"u liess /fTienilsehmeed,t riytC ointsr toolol elatre Patroe nrte.gsiysst.emrj cso:m8p2l8e:36t
oibsoenr covned@irteisoonu r"cOeS:./F/iglre:e /fmloudsuhl es/IA/sOy qunecuSehdu tbedfoorwen. sproysf.imljesB:e5f7o6:16
re
Change"
JavaScript error: resource://gre/modules/AsyncShutdown.sys.mjs, line 727: Error: Phase "profile-before-change" is finished, it is too late to register completion condition "OS.File: flush I/O queued before profileBeforeChange"
JavaScript error: resource://gre/modules/AsyncShutdown.sys.mjs, line 727: Error: Phase "profile-before-change" is finished, it is too late to register completion condition "OS.File: flush I/O queued before profileBeforeChange"
JavaScript error: resource://gre/modules/AsyncShutdown.sys.mjs, line 727: Error: Phase "profile-before-change" is finished, it is too late to register completion condition "OS.File: flush I/O queued before profileBeforeChange"
]]></system-err>
  </testcase>
  <testcase name="Fitur Menu Baby #16" classname="Baby" time="8.675">
    <system-out><![CDATA[
@baby
Scenario Outline: Fitur Menu Baby &amp#27;[90m# src/test/resources/features/Baby.feature:28&amp#27;[0m
19:40:40.104 [main] INFO io.cucumber.core.plugin.SerenityReporter - Running feature from file:///C:/Users/alwi/IdeaProjects/uniqloweb/src/test/resources/features/Baby.feature
19:40:40.113 [main] INFO net.serenitybdd.core.webdriver.driverproviders.FirefoxDriverProvider - Using automatically driver download
19:40:40.207 [main] DEBUG io.github.bonigarcia.wdm.cache.ResolutionCache - Resolution firefox=111 in cache (valid until 20:30:50 09/04/2023 WIB)
19:40:40.210 [main] DEBUG io.github.bonigarcia.wdm.cache.ResolutionCache - Resolution firefox111=0.32.2 in cache (valid until 19:30:50 10/04/2023 WIB)
19:40:40.211 [main] INFO io.github.bonigarcia.wdm.WebDriverManager - Using geckodriver 0.32.2 (resolved driver for Firefox 111)
19:40:40.221 [main] DEBUG io.github.bonigarcia.wdm.WebDriverManager - Driver geckodriver 0.32.2 found in cache
19:40:40.222 [main] INFO io.github.bonigarcia.wdm.WebDriverManager - Exporting webdriver.gecko.driver as C:\Users\alwi\.cache\selenium\geckodriver\win64\0.32.2\geckodriver.exe
19:40:40.233 [main] DEBUG net.serenitybdd.core.webdriver.driverproviders.ProvideNewDriver - Instantiating driver
19:40:40.233 [main] DEBUG net.serenitybdd.core.webdriver.driverproviders.ProvideNewDriver - Driver capabilities: Capabilities {acceptInsecureCerts: true, browserName: firefox, moz:debuggerAddress: true, moz:firefoxOptions: {args: [], profile: UEsDBBQACAgIABSdiVYAAAAAAAA...}}
19:40:40.763 [AsyncHttpClient-1-2] DEBUG org.asynchttpclient.netty.channel.NettyConnectListener - Using new Channel '[id: 0x0ffdd677, L:/127.0.0.1:58518 - R:localhost/127.0.0.1:63995]' for 'POST' to '/session'
19:40:41.127 [AsyncHttpClient-1-1] DEBUG org.asynchttpclient.netty.channel.DefaultChannelPool - Entry count for : http://localhost:56762 : 1
19:40:41.127 [AsyncHttpClient-1-1] DEBUG org.asynchttpclient.netty.channel.DefaultChannelPool - Adding Candidate expired Channel [id: 0x869a583b, L:/127.0.0.1:58410 ! R:localhost/127.0.0.1:56762] isIdleTimeoutExpired=false isRemotelyClosed=true isTtlExpired=false
19:40:41.127 [AsyncHttpClient-1-1] DEBUG org.asynchttpclient.netty.channel.DefaultChannelPool - Closing Idle Channel [id: 0x869a583b, L:/127.0.0.1:58410 ! R:localhost/127.0.0.1:56762]
19:40:41.127 [AsyncHttpClient-1-1] DEBUG org.asynchttpclient.netty.channel.DefaultChannelPool - Closed 1 connections out of 1 in 0 ms
19:40:43.181 [AsyncHttpClient-1-2] DEBUG org.asynchttpclient.netty.handler.HttpHandler - 

Request DefaultHttpRequest(decodeResult: success, version: HTTP/1.1)
POST /session HTTP/1.1
User-Agent: selenium/4.1.2 (java windows)
Content-Length: 3673
Content-Type: application/json; charset=utf-8
host: localhost:63995
accept: */*

Response DefaultHttpResponse(decodeResult: success, version: HTTP/1.1)
HTTP/1.1 200 OK
content-type: application/json; charset=utf-8
cache-control: no-cache
date: Sun, 09 Apr 2023 12:40:40 GMT
content-length: 789

19:40:43.181 [AsyncHttpClient-1-2] DEBUG org.asynchttpclient.netty.channel.ChannelManager - Adding key: http://localhost:63995 for channel [id: 0x0ffdd677, L:/127.0.0.1:58518 - R:localhost/127.0.0.1:63995]
19:40:43.188 [AsyncHttpClient-1-3] DEBUG org.asynchttpclient.netty.channel.NettyConnectListener - Using new Channel '[id: 0x7bb1d06c, L:/127.0.0.1:58539 - R:/127.0.0.1:56978]' for 'GET' to '/json/version'
19:40:43.191 [AsyncHttpClient-1-3] DEBUG org.asynchttpclient.netty.handler.HttpHandler - 

Request DefaultFullHttpRequest(decodeResult: success, version: HTTP/1.1, content: EmptyByteBufBE)
GET /json/version HTTP/1.1
User-Agent: selenium/4.1.2 (java windows)
host: 127.0.0.1:56978
accept: */*

Response DefaultHttpResponse(decodeResult: success, version: HTTP/1.1)
HTTP/1.1 200 OK
content-type: application/json
connection: close
server: httpd.js
date: Sun, 09 Apr 2023 12:40:43 GMT
content-length: 311

19:40:43.192 [AsyncHttpClient-1-3] DEBUG org.asynchttpclient.netty.channel.ChannelManager - Closing Channel [id: 0x7bb1d06c, L:/127.0.0.1:58539 - R:/127.0.0.1:56978] 
19:40:43.192 [AsyncHttpClient-1-3] DEBUG org.asynchttpclient.netty.handler.HttpHandler - Channel Closed: [id: 0x7bb1d06c, L:/127.0.0.1:58539 ! R:/127.0.0.1:56978] with attribute DISCARD
19:40:43.194 [Forwarding get on session ca58171f-e71d-4f9e-8ca9-fb174bab83e3 to remote] DEBUG org.asynchttpclient.netty.request.NettyRequestSender - Using pooled Channel '[id: 0x0ffdd677, L:/127.0.0.1:58518 - R:localhost/127.0.0.1:63995]' for 'POST' to 'http://localhost:63995/session/ca58171f-e71d-4f9e-8ca9-fb174bab83e3/url'
19:40:43.194 [Forwarding get on session ca58171f-e71d-4f9e-8ca9-fb174bab83e3 to remote] DEBUG org.asynchttpclient.netty.request.NettyRequestSender - Using open Channel [id: 0x0ffdd677, L:/127.0.0.1:58518 - R:localhost/127.0.0.1:63995] for POST '/session/ca58171f-e71d-4f9e-8ca9-fb174bab83e3/url'
19:40:45.524 [AsyncHttpClient-1-2] DEBUG org.asynchttpclient.netty.handler.HttpHandler - 

Request DefaultHttpRequest(decodeResult: success, version: HTTP/1.1)
POST /session/ca58171f-e71d-4f9e-8ca9-fb174bab83e3/url HTTP/1.1
User-Agent: selenium/4.1.2 (java windows)
Content-Length: 53
Content-Type: application/json; charset=utf-8
host: localhost:63995
accept: */*

Response DefaultHttpResponse(decodeResult: success, version: HTTP/1.1)
HTTP/1.1 200 OK
content-type: application/json; charset=utf-8
cache-control: no-cache
date: Sun, 09 Apr 2023 12:40:43 GMT
content-length: 14

19:40:45.524 [AsyncHttpClient-1-2] DEBUG org.asynchttpclient.netty.channel.ChannelManager - Adding key: http://localhost:63995 for channel [id: 0x0ffdd677, L:/127.0.0.1:58518 - R:localhost/127.0.0.1:63995]
19:40:45.525 [Forwarding setTimeout on session ca58171f-e71d-4f9e-8ca9-fb174bab83e3 to remote] DEBUG org.asynchttpclient.netty.request.NettyRequestSender - Using pooled Channel '[id: 0x0ffdd677, L:/127.0.0.1:58518 - R:localhost/127.0.0.1:63995]' for 'POST' to 'http://localhost:63995/session/ca58171f-e71d-4f9e-8ca9-fb174bab83e3/timeouts'
19:40:45.525 [Forwarding setTimeout on session ca58171f-e71d-4f9e-8ca9-fb174bab83e3 to remote] DEBUG org.asynchttpclient.netty.request.NettyRequestSender - Using open Channel [id: 0x0ffdd677, L:/127.0.0.1:58518 - R:localhost/127.0.0.1:63995] for POST '/session/ca58171f-e71d-4f9e-8ca9-fb174bab83e3/timeouts'
19:40:45.534 [AsyncHttpClient-1-2] DEBUG org.asynchttpclient.netty.handler.HttpHandler - 

Request DefaultHttpRequest(decodeResult: success, version: HTTP/1.1)
POST /session/ca58171f-e71d-4f9e-8ca9-fb174bab83e3/timeouts HTTP/1.1
User-Agent: selenium/4.1.2 (java windows)
Content-Length: 22
Content-Type: application/json; charset=utf-8
host: localhost:63995
accept: */*

Response DefaultHttpResponse(decodeResult: success, version: HTTP/1.1)
HTTP/1.1 200 OK
content-type: application/json; charset=utf-8
cache-control: no-cache
date: Sun, 09 Apr 2023 12:40:45 GMT
content-length: 14

19:40:45.534 [AsyncHttpClient-1-2] DEBUG org.asynchttpclient.netty.channel.ChannelManager - Adding key: http://localhost:63995 for channel [id: 0x0ffdd677, L:/127.0.0.1:58518 - R:localhost/127.0.0.1:63995]
19:40:45.538 [Forwarding getCurrentUrl on session ca58171f-e71d-4f9e-8ca9-fb174bab83e3 to remote] DEBUG org.asynchttpclient.netty.request.NettyRequestSender - Using pooled Channel '[id: 0x0ffdd677, L:/127.0.0.1:58518 - R:localhost/127.0.0.1:63995]' for 'GET' to 'http://localhost:63995/session/ca58171f-e71d-4f9e-8ca9-fb174bab83e3/url'
19:40:45.538 [Forwarding getCurrentUrl on session ca58171f-e71d-4f9e-8ca9-fb174bab83e3 to remote] DEBUG org.asynchttpclient.netty.request.NettyRequestSender - Using open Channel [id: 0x0ffdd677, L:/127.0.0.1:58518 - R:localhost/127.0.0.1:63995] for GET '/session/ca58171f-e71d-4f9e-8ca9-fb174bab83e3/url'
19:40:45.542 [AsyncHttpClient-1-2] DEBUG org.asynchttpclient.netty.handler.HttpHandler - 

Request DefaultFullHttpRequest(decodeResult: success, version: HTTP/1.1, content: EmptyByteBufBE)
GET /session/ca58171f-e71d-4f9e-8ca9-fb174bab83e3/url HTTP/1.1
User-Agent: selenium/4.1.2 (java windows)
Cache-Control: no-cache
Content-Type: application/json; charset=utf-8
host: localhost:63995
accept: */*

Response DefaultHttpResponse(decodeResult: success, version: HTTP/1.1)
HTTP/1.1 200 OK
content-type: application/json; charset=utf-8
cache-control: no-cache
date: Sun, 09 Apr 2023 12:40:45 GMT
content-length: 41

19:40:45.542 [AsyncHttpClient-1-2] DEBUG org.asynchttpclient.netty.channel.ChannelManager - Adding key: http://localhost:63995 for channel [id: 0x0ffdd677, L:/127.0.0.1:58518 - R:localhost/127.0.0.1:63995]
  &amp#27;[32mGiven &amp#27;[0m&amp#27;[32mI am on the home page&amp#27;[0m     &amp#27;[90m# starter.stepdefinitions.BabyStep.iAmOnTheHomePage()&amp#27;[0m
19:40:45.547 [Forwarding screenshot on session ca58171f-e71d-4f9e-8ca9-fb174bab83e3 to remote] DEBUG org.asynchttpclient.netty.request.NettyRequestSender - Using pooled Channel '[id: 0x0ffdd677, L:/127.0.0.1:58518 - R:localhost/127.0.0.1:63995]' for 'GET' to 'http://localhost:63995/session/ca58171f-e71d-4f9e-8ca9-fb174bab83e3/screenshot'
19:40:45.547 [Forwarding screenshot on session ca58171f-e71d-4f9e-8ca9-fb174bab83e3 to remote] DEBUG org.asynchttpclient.netty.request.NettyRequestSender - Using open Channel [id: 0x0ffdd677, L:/127.0.0.1:58518 - R:localhost/127.0.0.1:63995] for GET '/session/ca58171f-e71d-4f9e-8ca9-fb174bab83e3/screenshot'
19:40:45.622 [AsyncHttpClient-1-2] DEBUG org.asynchttpclient.netty.handler.HttpHandler - 

Request DefaultFullHttpRequest(decodeResult: success, version: HTTP/1.1, content: EmptyByteBufBE)
GET /session/ca58171f-e71d-4f9e-8ca9-fb174bab83e3/screenshot HTTP/1.1
User-Agent: selenium/4.1.2 (java windows)
Cache-Control: no-cache
Content-Type: application/json; charset=utf-8
host: localhost:63995
accept: */*

Response DefaultHttpResponse(decodeResult: success, version: HTTP/1.1)
HTTP/1.1 200 OK
content-type: application/json; charset=utf-8
cache-control: no-cache
date: Sun, 09 Apr 2023 12:40:45 GMT
content-length: 72736

19:40:45.622 [AsyncHttpClient-1-2] DEBUG org.asynchttpclient.netty.channel.ChannelManager - Adding key: http://localhost:63995 for channel [id: 0x0ffdd677, L:/127.0.0.1:58518 - R:localhost/127.0.0.1:63995]
19:40:45.625 [main] DEBUG net.serenitybdd.core.photography.Darkroom - Send negative for processing for target\site\serenity\a487be8863078962843f8f5f918a80042c9a0769a1f69d5b02af3e3b82f042b7.png
19:40:45.625 [Darkroom Processing Line] DEBUG net.serenitybdd.core.photography.DarkroomProcessingLine - Processing screenshot image in /var/screenshots/screenshot-1794291049089874811
19:40:45.625 [Darkroom Processing Line] DEBUG net.serenitybdd.core.photography.DarkroomProcessingLine - Saving screenshot to target\site\serenity\a487be8863078962843f8f5f918a80042c9a0769a1f69d5b02af3e3b82f042b7.png
19:40:45.633 [Forwarding findElement on session ca58171f-e71d-4f9e-8ca9-fb174bab83e3 to remote] DEBUG org.asynchttpclient.netty.request.NettyRequestSender - Using pooled Channel '[id: 0x0ffdd677, L:/127.0.0.1:58518 - R:localhost/127.0.0.1:63995]' for 'POST' to 'http://localhost:63995/session/ca58171f-e71d-4f9e-8ca9-fb174bab83e3/element'
19:40:45.633 [Forwarding findElement on session ca58171f-e71d-4f9e-8ca9-fb174bab83e3 to remote] DEBUG org.asynchttpclient.netty.request.NettyRequestSender - Using open Channel [id: 0x0ffdd677, L:/127.0.0.1:58518 - R:localhost/127.0.0.1:63995] for POST '/session/ca58171f-e71d-4f9e-8ca9-fb174bab83e3/element'
19:40:46.124 [AsyncHttpClient-1-2] DEBUG org.asynchttpclient.netty.handler.HttpHandler - 

Request DefaultHttpRequest(decodeResult: success, version: HTTP/1.1)
POST /session/ca58171f-e71d-4f9e-8ca9-fb174bab83e3/element HTTP/1.1
User-Agent: selenium/4.1.2 (java windows)
Content-Length: 81
Content-Type: application/json; charset=utf-8
host: localhost:63995
accept: */*

Response DefaultHttpResponse(decodeResult: success, version: HTTP/1.1)
HTTP/1.1 200 OK
content-type: application/json; charset=utf-8
cache-control: no-cache
date: Sun, 09 Apr 2023 12:40:45 GMT
content-length: 88

19:40:46.125 [AsyncHttpClient-1-2] DEBUG org.asynchttpclient.netty.channel.ChannelManager - Adding key: http://localhost:63995 for channel [id: 0x0ffdd677, L:/127.0.0.1:58518 - R:localhost/127.0.0.1:63995]
19:40:46.126 [Forwarding getElementTagName on session ca58171f-e71d-4f9e-8ca9-fb174bab83e3 to remote] DEBUG org.asynchttpclient.netty.request.NettyRequestSender - Using pooled Channel '[id: 0x0ffdd677, L:/127.0.0.1:58518 - R:localhost/127.0.0.1:63995]' for 'GET' to 'http://localhost:63995/session/ca58171f-e71d-4f9e-8ca9-fb174bab83e3/element/010d9d4f-16e6-486e-a698-331ac46cc1d8/name'
19:40:46.126 [Forwarding getElementTagName on session ca58171f-e71d-4f9e-8ca9-fb174bab83e3 to remote] DEBUG org.asynchttpclient.netty.request.NettyRequestSender - Using open Channel [id: 0x0ffdd677, L:/127.0.0.1:58518 - R:localhost/127.0.0.1:63995] for GET '/session/ca58171f-e71d-4f9e-8ca9-fb174bab83e3/element/010d9d4f-16e6-486e-a698-331ac46cc1d8/name'
19:40:46.147 [AsyncHttpClient-1-2] DEBUG org.asynchttpclient.netty.handler.HttpHandler - 

Request DefaultFullHttpRequest(decodeResult: success, version: HTTP/1.1, content: EmptyByteBufBE)
GET /session/ca58171f-e71d-4f9e-8ca9-fb174bab83e3/element/010d9d4f-16e6-486e-a698-331ac46cc1d8/name HTTP/1.1
User-Agent: selenium/4.1.2 (java windows)
Cache-Control: no-cache
Content-Type: application/json; charset=utf-8
host: localhost:63995
accept: */*

Response DefaultHttpResponse(decodeResult: success, version: HTTP/1.1)
HTTP/1.1 200 OK
content-type: application/json; charset=utf-8
cache-control: no-cache
date: Sun, 09 Apr 2023 12:40:45 GMT
content-length: 16

19:40:46.147 [AsyncHttpClient-1-2] DEBUG org.asynchttpclient.netty.channel.ChannelManager - Adding key: http://localhost:63995 for channel [id: 0x0ffdd677, L:/127.0.0.1:58518 - R:localhost/127.0.0.1:63995]
19:40:46.149 [Forwarding getElementTagName on session ca58171f-e71d-4f9e-8ca9-fb174bab83e3 to remote] DEBUG org.asynchttpclient.netty.request.NettyRequestSender - Using pooled Channel '[id: 0x0ffdd677, L:/127.0.0.1:58518 - R:localhost/127.0.0.1:63995]' for 'GET' to 'http://localhost:63995/session/ca58171f-e71d-4f9e-8ca9-fb174bab83e3/element/010d9d4f-16e6-486e-a698-331ac46cc1d8/name'
19:40:46.149 [Forwarding getElementTagName on session ca58171f-e71d-4f9e-8ca9-fb174bab83e3 to remote] DEBUG org.asynchttpclient.netty.request.NettyRequestSender - Using open Channel [id: 0x0ffdd677, L:/127.0.0.1:58518 - R:localhost/127.0.0.1:63995] for GET '/session/ca58171f-e71d-4f9e-8ca9-fb174bab83e3/element/010d9d4f-16e6-486e-a698-331ac46cc1d8/name'
19:40:46.177 [AsyncHttpClient-1-2] DEBUG org.asynchttpclient.netty.handler.HttpHandler - 

Request DefaultFullHttpRequest(decodeResult: success, version: HTTP/1.1, content: EmptyByteBufBE)
GET /session/ca58171f-e71d-4f9e-8ca9-fb174bab83e3/element/010d9d4f-16e6-486e-a698-331ac46cc1d8/name HTTP/1.1
User-Agent: selenium/4.1.2 (java windows)
Cache-Control: no-cache
Content-Type: application/json; charset=utf-8
host: localhost:63995
accept: */*

Response DefaultHttpResponse(decodeResult: success, version: HTTP/1.1)
HTTP/1.1 200 OK
content-type: application/json; charset=utf-8
cache-control: no-cache
date: Sun, 09 Apr 2023 12:40:45 GMT
content-length: 16

19:40:46.177 [AsyncHttpClient-1-2] DEBUG org.asynchttpclient.netty.channel.ChannelManager - Adding key: http://localhost:63995 for channel [id: 0x0ffdd677, L:/127.0.0.1:58518 - R:localhost/127.0.0.1:63995]
19:40:46.183 [Forwarding findElement on session ca58171f-e71d-4f9e-8ca9-fb174bab83e3 to remote] DEBUG org.asynchttpclient.netty.request.NettyRequestSender - Using pooled Channel '[id: 0x0ffdd677, L:/127.0.0.1:58518 - R:localhost/127.0.0.1:63995]' for 'POST' to 'http://localhost:63995/session/ca58171f-e71d-4f9e-8ca9-fb174bab83e3/element'
19:40:46.183 [Forwarding findElement on session ca58171f-e71d-4f9e-8ca9-fb174bab83e3 to remote] DEBUG org.asynchttpclient.netty.request.NettyRequestSender - Using open Channel [id: 0x0ffdd677, L:/127.0.0.1:58518 - R:localhost/127.0.0.1:63995] for POST '/session/ca58171f-e71d-4f9e-8ca9-fb174bab83e3/element'
19:40:46.263 [AsyncHttpClient-1-2] DEBUG org.asynchttpclient.netty.handler.HttpHandler - 

Request DefaultHttpRequest(decodeResult: success, version: HTTP/1.1)
POST /session/ca58171f-e71d-4f9e-8ca9-fb174bab83e3/element HTTP/1.1
User-Agent: selenium/4.1.2 (java windows)
Content-Length: 81
Content-Type: application/json; charset=utf-8
host: localhost:63995
accept: */*

Response DefaultHttpResponse(decodeResult: success, version: HTTP/1.1)
HTTP/1.1 200 OK
content-type: application/json; charset=utf-8
cache-control: no-cache
date: Sun, 09 Apr 2023 12:40:45 GMT
content-length: 88

19:40:46.263 [AsyncHttpClient-1-2] DEBUG org.asynchttpclient.netty.channel.ChannelManager - Adding key: http://localhost:63995 for channel [id: 0x0ffdd677, L:/127.0.0.1:58518 - R:localhost/127.0.0.1:63995]
19:40:46.266 [Forwarding clickElement on session ca58171f-e71d-4f9e-8ca9-fb174bab83e3 to remote] DEBUG org.asynchttpclient.netty.request.NettyRequestSender - Using pooled Channel '[id: 0x0ffdd677, L:/127.0.0.1:58518 - R:localhost/127.0.0.1:63995]' for 'POST' to 'http://localhost:63995/session/ca58171f-e71d-4f9e-8ca9-fb174bab83e3/element/010d9d4f-16e6-486e-a698-331ac46cc1d8/click'
19:40:46.266 [Forwarding clickElement on session ca58171f-e71d-4f9e-8ca9-fb174bab83e3 to remote] DEBUG org.asynchttpclient.netty.request.NettyRequestSender - Using open Channel [id: 0x0ffdd677, L:/127.0.0.1:58518 - R:localhost/127.0.0.1:63995] for POST '/session/ca58171f-e71d-4f9e-8ca9-fb174bab83e3/element/010d9d4f-16e6-486e-a698-331ac46cc1d8/click'
19:40:46.902 [AsyncHttpClient-1-2] DEBUG org.asynchttpclient.netty.handler.HttpHandler - 

Request DefaultHttpRequest(decodeResult: success, version: HTTP/1.1)
POST /session/ca58171f-e71d-4f9e-8ca9-fb174bab83e3/element/010d9d4f-16e6-486e-a698-331ac46cc1d8/click HTTP/1.1
User-Agent: selenium/4.1.2 (java windows)
Content-Length: 50
Content-Type: application/json; charset=utf-8
host: localhost:63995
accept: */*

Response DefaultHttpResponse(decodeResult: success, version: HTTP/1.1)
HTTP/1.1 200 OK
content-type: application/json; charset=utf-8
cache-control: no-cache
date: Sun, 09 Apr 2023 12:40:45 GMT
content-length: 14

19:40:46.903 [AsyncHttpClient-1-2] DEBUG org.asynchttpclient.netty.channel.ChannelManager - Adding key: http://localhost:63995 for channel [id: 0x0ffdd677, L:/127.0.0.1:58518 - R:localhost/127.0.0.1:63995]
  &amp#27;[32mThen &amp#27;[0m&amp#27;[32mI click baby on the header&amp#27;[0m &amp#27;[90m# starter.stepdefinitions.BabyStep.iClickBabyOnTheHeader()&amp#27;[0m
19:40:46.909 [Forwarding screenshot on session ca58171f-e71d-4f9e-8ca9-fb174bab83e3 to remote] DEBUG org.asynchttpclient.netty.request.NettyRequestSender - Using pooled Channel '[id: 0x0ffdd677, L:/127.0.0.1:58518 - R:localhost/127.0.0.1:63995]' for 'GET' to 'http://localhost:63995/session/ca58171f-e71d-4f9e-8ca9-fb174bab83e3/screenshot'
19:40:46.909 [Forwarding screenshot on session ca58171f-e71d-4f9e-8ca9-fb174bab83e3 to remote] DEBUG org.asynchttpclient.netty.request.NettyRequestSender - Using open Channel [id: 0x0ffdd677, L:/127.0.0.1:58518 - R:localhost/127.0.0.1:63995] for GET '/session/ca58171f-e71d-4f9e-8ca9-fb174bab83e3/screenshot'
19:40:47.022 [AsyncHttpClient-1-2] DEBUG org.asynchttpclient.netty.handler.HttpHandler - 

Request DefaultFullHttpRequest(decodeResult: success, version: HTTP/1.1, content: EmptyByteBufBE)
GET /session/ca58171f-e71d-4f9e-8ca9-fb174bab83e3/screenshot HTTP/1.1
User-Agent: selenium/4.1.2 (java windows)
Cache-Control: no-cache
Content-Type: application/json; charset=utf-8
host: localhost:63995
accept: */*

Response DefaultHttpResponse(decodeResult: success, version: HTTP/1.1)
HTTP/1.1 200 OK
content-type: application/json; charset=utf-8
cache-control: no-cache
date: Sun, 09 Apr 2023 12:40:46 GMT
content-length: 97816

19:40:47.022 [AsyncHttpClient-1-2] DEBUG org.asynchttpclient.netty.channel.ChannelManager - Adding key: http://localhost:63995 for channel [id: 0x0ffdd677, L:/127.0.0.1:58518 - R:localhost/127.0.0.1:63995]
19:40:47.026 [main] DEBUG net.serenitybdd.core.photography.Darkroom - Send negative for processing for target\site\serenity\435c6f3db0c6df87c32ed1cee5dac4ede110cea4a7b50e356675198710aab646.png
19:40:47.027 [Darkroom Processing Line] DEBUG net.serenitybdd.core.photography.DarkroomProcessingLine - Processing screenshot image in /var/screenshots/screenshot-2641155516468977370
19:40:47.027 [Darkroom Processing Line] DEBUG net.serenitybdd.core.photography.DarkroomProcessingLine - Saving screenshot to target\site\serenity\435c6f3db0c6df87c32ed1cee5dac4ede110cea4a7b50e356675198710aab646.png
19:40:47.039 [Forwarding findElement on session ca58171f-e71d-4f9e-8ca9-fb174bab83e3 to remote] DEBUG org.asynchttpclient.netty.request.NettyRequestSender - Using pooled Channel '[id: 0x0ffdd677, L:/127.0.0.1:58518 - R:localhost/127.0.0.1:63995]' for 'POST' to 'http://localhost:63995/session/ca58171f-e71d-4f9e-8ca9-fb174bab83e3/element'
19:40:47.039 [Forwarding findElement on session ca58171f-e71d-4f9e-8ca9-fb174bab83e3 to remote] DEBUG org.asynchttpclient.netty.request.NettyRequestSender - Using open Channel [id: 0x0ffdd677, L:/127.0.0.1:58518 - R:localhost/127.0.0.1:63995] for POST '/session/ca58171f-e71d-4f9e-8ca9-fb174bab83e3/element'
19:40:47.108 [AsyncHttpClient-1-2] DEBUG org.asynchttpclient.netty.handler.HttpHandler - 

Request DefaultHttpRequest(decodeResult: success, version: HTTP/1.1)
POST /session/ca58171f-e71d-4f9e-8ca9-fb174bab83e3/element HTTP/1.1
User-Agent: selenium/4.1.2 (java windows)
Content-Length: 104
Content-Type: application/json; charset=utf-8
host: localhost:63995
accept: */*

Response DefaultHttpResponse(decodeResult: success, version: HTTP/1.1)
HTTP/1.1 200 OK
content-type: application/json; charset=utf-8
cache-control: no-cache
date: Sun, 09 Apr 2023 12:40:46 GMT
content-length: 88

19:40:47.108 [AsyncHttpClient-1-2] DEBUG org.asynchttpclient.netty.channel.ChannelManager - Adding key: http://localhost:63995 for channel [id: 0x0ffdd677, L:/127.0.0.1:58518 - R:localhost/127.0.0.1:63995]
19:40:47.110 [Forwarding getElementTagName on session ca58171f-e71d-4f9e-8ca9-fb174bab83e3 to remote] DEBUG org.asynchttpclient.netty.request.NettyRequestSender - Using pooled Channel '[id: 0x0ffdd677, L:/127.0.0.1:58518 - R:localhost/127.0.0.1:63995]' for 'GET' to 'http://localhost:63995/session/ca58171f-e71d-4f9e-8ca9-fb174bab83e3/element/c3a8c63f-7841-47cc-b9fd-5ae6ef3d3687/name'
19:40:47.110 [Forwarding getElementTagName on session ca58171f-e71d-4f9e-8ca9-fb174bab83e3 to remote] DEBUG org.asynchttpclient.netty.request.NettyRequestSender - Using open Channel [id: 0x0ffdd677, L:/127.0.0.1:58518 - R:localhost/127.0.0.1:63995] for GET '/session/ca58171f-e71d-4f9e-8ca9-fb174bab83e3/element/c3a8c63f-7841-47cc-b9fd-5ae6ef3d3687/name'
19:40:47.124 [AsyncHttpClient-1-2] DEBUG org.asynchttpclient.netty.handler.HttpHandler - 

Request DefaultFullHttpRequest(decodeResult: success, version: HTTP/1.1, content: EmptyByteBufBE)
GET /session/ca58171f-e71d-4f9e-8ca9-fb174bab83e3/element/c3a8c63f-7841-47cc-b9fd-5ae6ef3d3687/name HTTP/1.1
User-Agent: selenium/4.1.2 (java windows)
Cache-Control: no-cache
Content-Type: application/json; charset=utf-8
host: localhost:63995
accept: */*

Response DefaultHttpResponse(decodeResult: success, version: HTTP/1.1)
HTTP/1.1 200 OK
content-type: application/json; charset=utf-8
cache-control: no-cache
date: Sun, 09 Apr 2023 12:40:46 GMT
content-length: 16

19:40:47.124 [AsyncHttpClient-1-2] DEBUG org.asynchttpclient.netty.channel.ChannelManager - Adding key: http://localhost:63995 for channel [id: 0x0ffdd677, L:/127.0.0.1:58518 - R:localhost/127.0.0.1:63995]
19:40:47.126 [Forwarding getElementTagName on session ca58171f-e71d-4f9e-8ca9-fb174bab83e3 to remote] DEBUG org.asynchttpclient.netty.request.NettyRequestSender - Using pooled Channel '[id: 0x0ffdd677, L:/127.0.0.1:58518 - R:localhost/127.0.0.1:63995]' for 'GET' to 'http://localhost:63995/session/ca58171f-e71d-4f9e-8ca9-fb174bab83e3/element/c3a8c63f-7841-47cc-b9fd-5ae6ef3d3687/name'
19:40:47.126 [Forwarding getElementTagName on session ca58171f-e71d-4f9e-8ca9-fb174bab83e3 to remote] DEBUG org.asynchttpclient.netty.request.NettyRequestSender - Using open Channel [id: 0x0ffdd677, L:/127.0.0.1:58518 - R:localhost/127.0.0.1:63995] for GET '/session/ca58171f-e71d-4f9e-8ca9-fb174bab83e3/element/c3a8c63f-7841-47cc-b9fd-5ae6ef3d3687/name'
19:40:47.241 [AsyncHttpClient-1-2] DEBUG org.asynchttpclient.netty.handler.HttpHandler - 

Request DefaultFullHttpRequest(decodeResult: success, version: HTTP/1.1, content: EmptyByteBufBE)
GET /session/ca58171f-e71d-4f9e-8ca9-fb174bab83e3/element/c3a8c63f-7841-47cc-b9fd-5ae6ef3d3687/name HTTP/1.1
User-Agent: selenium/4.1.2 (java windows)
Cache-Control: no-cache
Content-Type: application/json; charset=utf-8
host: localhost:63995
accept: */*

Response DefaultHttpResponse(decodeResult: success, version: HTTP/1.1)
HTTP/1.1 200 OK
content-type: application/json; charset=utf-8
cache-control: no-cache
date: Sun, 09 Apr 2023 12:40:46 GMT
content-length: 16

19:40:47.241 [AsyncHttpClient-1-2] DEBUG org.asynchttpclient.netty.channel.ChannelManager - Adding key: http://localhost:63995 for channel [id: 0x0ffdd677, L:/127.0.0.1:58518 - R:localhost/127.0.0.1:63995]
19:40:47.244 [Forwarding findElement on session ca58171f-e71d-4f9e-8ca9-fb174bab83e3 to remote] DEBUG org.asynchttpclient.netty.request.NettyRequestSender - Using pooled Channel '[id: 0x0ffdd677, L:/127.0.0.1:58518 - R:localhost/127.0.0.1:63995]' for 'POST' to 'http://localhost:63995/session/ca58171f-e71d-4f9e-8ca9-fb174bab83e3/element'
19:40:47.244 [Forwarding findElement on session ca58171f-e71d-4f9e-8ca9-fb174bab83e3 to remote] DEBUG org.asynchttpclient.netty.request.NettyRequestSender - Using open Channel [id: 0x0ffdd677, L:/127.0.0.1:58518 - R:localhost/127.0.0.1:63995] for POST '/session/ca58171f-e71d-4f9e-8ca9-fb174bab83e3/element'
19:40:47.286 [AsyncHttpClient-1-2] DEBUG org.asynchttpclient.netty.handler.HttpHandler - 

Request DefaultHttpRequest(decodeResult: success, version: HTTP/1.1)
POST /session/ca58171f-e71d-4f9e-8ca9-fb174bab83e3/element HTTP/1.1
User-Agent: selenium/4.1.2 (java windows)
Content-Length: 104
Content-Type: application/json; charset=utf-8
host: localhost:63995
accept: */*

Response DefaultHttpResponse(decodeResult: success, version: HTTP/1.1)
HTTP/1.1 200 OK
content-type: application/json; charset=utf-8
cache-control: no-cache
date: Sun, 09 Apr 2023 12:40:46 GMT
content-length: 88

19:40:47.286 [AsyncHttpClient-1-2] DEBUG org.asynchttpclient.netty.channel.ChannelManager - Adding key: http://localhost:63995 for channel [id: 0x0ffdd677, L:/127.0.0.1:58518 - R:localhost/127.0.0.1:63995]
19:40:47.287 [Forwarding clickElement on session ca58171f-e71d-4f9e-8ca9-fb174bab83e3 to remote] DEBUG org.asynchttpclient.netty.request.NettyRequestSender - Using pooled Channel '[id: 0x0ffdd677, L:/127.0.0.1:58518 - R:localhost/127.0.0.1:63995]' for 'POST' to 'http://localhost:63995/session/ca58171f-e71d-4f9e-8ca9-fb174bab83e3/element/c3a8c63f-7841-47cc-b9fd-5ae6ef3d3687/click'
19:40:47.287 [Forwarding clickElement on session ca58171f-e71d-4f9e-8ca9-fb174bab83e3 to remote] DEBUG org.asynchttpclient.netty.request.NettyRequestSender - Using open Channel [id: 0x0ffdd677, L:/127.0.0.1:58518 - R:localhost/127.0.0.1:63995] for POST '/session/ca58171f-e71d-4f9e-8ca9-fb174bab83e3/element/c3a8c63f-7841-47cc-b9fd-5ae6ef3d3687/click'
19:40:47.693 [AsyncHttpClient-1-2] DEBUG org.asynchttpclient.netty.handler.HttpHandler - 

Request DefaultHttpRequest(decodeResult: success, version: HTTP/1.1)
POST /session/ca58171f-e71d-4f9e-8ca9-fb174bab83e3/element/c3a8c63f-7841-47cc-b9fd-5ae6ef3d3687/click HTTP/1.1
User-Agent: selenium/4.1.2 (java windows)
Content-Length: 50
Content-Type: application/json; charset=utf-8
host: localhost:63995
accept: */*

Response DefaultHttpResponse(decodeResult: success, version: HTTP/1.1)
HTTP/1.1 200 OK
content-type: application/json; charset=utf-8
cache-control: no-cache
date: Sun, 09 Apr 2023 12:40:46 GMT
content-length: 14

19:40:47.694 [AsyncHttpClient-1-2] DEBUG org.asynchttpclient.netty.channel.ChannelManager - Adding key: http://localhost:63995 for channel [id: 0x0ffdd677, L:/127.0.0.1:58518 - R:localhost/127.0.0.1:63995]
  &amp#27;[32mWhen &amp#27;[0m&amp#27;[32mI will go to &amp#27;[0m&amp#27;[32m&amp#27;[1m"atasan2"&amp#27;[0m     &amp#27;[90m# starter.stepdefinitions.BabyStep.iWillGoTo(java.lang.String)&amp#27;[0m
19:40:47.700 [Forwarding screenshot on session ca58171f-e71d-4f9e-8ca9-fb174bab83e3 to remote] DEBUG org.asynchttpclient.netty.request.NettyRequestSender - Using pooled Channel '[id: 0x0ffdd677, L:/127.0.0.1:58518 - R:localhost/127.0.0.1:63995]' for 'GET' to 'http://localhost:63995/session/ca58171f-e71d-4f9e-8ca9-fb174bab83e3/screenshot'
19:40:47.700 [Forwarding screenshot on session ca58171f-e71d-4f9e-8ca9-fb174bab83e3 to remote] DEBUG org.asynchttpclient.netty.request.NettyRequestSender - Using open Channel [id: 0x0ffdd677, L:/127.0.0.1:58518 - R:localhost/127.0.0.1:63995] for GET '/session/ca58171f-e71d-4f9e-8ca9-fb174bab83e3/screenshot'
19:40:47.846 [AsyncHttpClient-1-2] DEBUG org.asynchttpclient.netty.handler.HttpHandler - 

Request DefaultFullHttpRequest(decodeResult: success, version: HTTP/1.1, content: EmptyByteBufBE)
GET /session/ca58171f-e71d-4f9e-8ca9-fb174bab83e3/screenshot HTTP/1.1
User-Agent: selenium/4.1.2 (java windows)
Cache-Control: no-cache
Content-Type: application/json; charset=utf-8
host: localhost:63995
accept: */*

Response DefaultHttpResponse(decodeResult: success, version: HTTP/1.1)
HTTP/1.1 200 OK
content-type: application/json; charset=utf-8
cache-control: no-cache
date: Sun, 09 Apr 2023 12:40:46 GMT
content-length: 198188

19:40:47.847 [AsyncHttpClient-1-2] DEBUG org.asynchttpclient.netty.channel.ChannelManager - Adding key: http://localhost:63995 for channel [id: 0x0ffdd677, L:/127.0.0.1:58518 - R:localhost/127.0.0.1:63995]
19:40:47.853 [main] DEBUG net.serenitybdd.core.photography.Darkroom - Send negative for processing for target\site\serenity\0a601de961bae8d76ddae00ddb844527598b4577d6355120165e615710eb8ca1.png
19:40:47.854 [Darkroom Processing Line] DEBUG net.serenitybdd.core.photography.DarkroomProcessingLine - Processing screenshot image in /var/screenshots/screenshot-3629437651147198100
19:40:47.854 [Darkroom Processing Line] DEBUG net.serenitybdd.core.photography.DarkroomProcessingLine - Saving screenshot to target\site\serenity\0a601de961bae8d76ddae00ddb844527598b4577d6355120165e615710eb8ca1.png
19:40:47.863 [Forwarding findElement on session ca58171f-e71d-4f9e-8ca9-fb174bab83e3 to remote] DEBUG org.asynchttpclient.netty.request.NettyRequestSender - Using pooled Channel '[id: 0x0ffdd677, L:/127.0.0.1:58518 - R:localhost/127.0.0.1:63995]' for 'POST' to 'http://localhost:63995/session/ca58171f-e71d-4f9e-8ca9-fb174bab83e3/element'
19:40:47.864 [Forwarding findElement on session ca58171f-e71d-4f9e-8ca9-fb174bab83e3 to remote] DEBUG org.asynchttpclient.netty.request.NettyRequestSender - Using open Channel [id: 0x0ffdd677, L:/127.0.0.1:58518 - R:localhost/127.0.0.1:63995] for POST '/session/ca58171f-e71d-4f9e-8ca9-fb174bab83e3/element'
19:40:47.866 [AsyncHttpClient-1-2] DEBUG org.asynchttpclient.netty.handler.HttpHandler - 

Request DefaultHttpRequest(decodeResult: success, version: HTTP/1.1)
POST /session/ca58171f-e71d-4f9e-8ca9-fb174bab83e3/element HTTP/1.1
User-Agent: selenium/4.1.2 (java windows)
Content-Length: 89
Content-Type: application/json; charset=utf-8
host: localhost:63995
accept: */*

Response DefaultHttpResponse(decodeResult: success, version: HTTP/1.1)
HTTP/1.1 200 OK
content-type: application/json; charset=utf-8
cache-control: no-cache
date: Sun, 09 Apr 2023 12:40:46 GMT
content-length: 88

19:40:47.867 [AsyncHttpClient-1-2] DEBUG org.asynchttpclient.netty.channel.ChannelManager - Adding key: http://localhost:63995 for channel [id: 0x0ffdd677, L:/127.0.0.1:58518 - R:localhost/127.0.0.1:63995]
19:40:47.869 [Forwarding isElementDisplayed on session ca58171f-e71d-4f9e-8ca9-fb174bab83e3 to remote] DEBUG org.asynchttpclient.netty.request.NettyRequestSender - Using pooled Channel '[id: 0x0ffdd677, L:/127.0.0.1:58518 - R:localhost/127.0.0.1:63995]' for 'POST' to 'http://localhost:63995/session/ca58171f-e71d-4f9e-8ca9-fb174bab83e3/execute/sync'
19:40:47.869 [Forwarding isElementDisplayed on session ca58171f-e71d-4f9e-8ca9-fb174bab83e3 to remote] DEBUG org.asynchttpclient.netty.request.NettyRequestSender - Using open Channel [id: 0x0ffdd677, L:/127.0.0.1:58518 - R:localhost/127.0.0.1:63995] for POST '/session/ca58171f-e71d-4f9e-8ca9-fb174bab83e3/execute/sync'
19:40:47.886 [AsyncHttpClient-1-2] DEBUG org.asynchttpclient.netty.handler.HttpHandler - 

Request DefaultHttpRequest(decodeResult: success, version: HTTP/1.1)
POST /session/ca58171f-e71d-4f9e-8ca9-fb174bab83e3/execute/sync HTTP/1.1
User-Agent: selenium/4.1.2 (java windows)
Content-Length: 48780
Content-Type: application/json; charset=utf-8
host: localhost:63995
accept: */*

Response DefaultHttpResponse(decodeResult: success, version: HTTP/1.1)
HTTP/1.1 200 OK
content-type: application/json; charset=utf-8
cache-control: no-cache
date: Sun, 09 Apr 2023 12:40:46 GMT
content-length: 14

19:40:47.887 [AsyncHttpClient-1-2] DEBUG org.asynchttpclient.netty.channel.ChannelManager - Adding key: http://localhost:63995 for channel [id: 0x0ffdd677, L:/127.0.0.1:58518 - R:localhost/127.0.0.1:63995]
  &amp#27;[32mAnd &amp#27;[0m&amp#27;[32mI &amp#27;[0m&amp#27;[32m&amp#27;[1m"txtAtasan2"&amp#27;[0m&amp#27;[32m page&amp#27;[0m         &amp#27;[90m# starter.stepdefinitions.BabyStep.iPage(java.lang.String)&amp#27;[0m
19:40:47.894 [Driver Command Executor] DEBUG org.asynchttpclient.netty.request.NettyRequestSender - Using pooled Channel '[id: 0x0ffdd677, L:/127.0.0.1:58518 - R:localhost/127.0.0.1:63995]' for 'DELETE' to 'http://localhost:63995/session/ca58171f-e71d-4f9e-8ca9-fb174bab83e3'
19:40:47.894 [Driver Command Executor] DEBUG org.asynchttpclient.netty.request.NettyRequestSender - Using open Channel [id: 0x0ffdd677, L:/127.0.0.1:58518 - R:localhost/127.0.0.1:63995] for DELETE '/session/ca58171f-e71d-4f9e-8ca9-fb174bab83e3'
19:40:48.718 [AsyncHttpClient-1-2] DEBUG org.asynchttpclient.netty.handler.HttpHandler - 

Request DefaultFullHttpRequest(decodeResult: success, version: HTTP/1.1, content: EmptyByteBufBE)
DELETE /session/ca58171f-e71d-4f9e-8ca9-fb174bab83e3 HTTP/1.1
User-Agent: selenium/4.1.2 (java windows)
Content-Type: application/json; charset=utf-8
host: localhost:63995
accept: */*

Response DefaultHttpResponse(decodeResult: success, version: HTTP/1.1)
HTTP/1.1 200 OK
content-type: application/json; charset=utf-8
cache-control: no-cache
date: Sun, 09 Apr 2023 12:40:46 GMT
content-length: 14

19:40:48.718 [AsyncHttpClient-1-2] DEBUG org.asynchttpclient.netty.channel.ChannelManager - Adding key: http://localhost:63995 for channel [id: 0x0ffdd677, L:/127.0.0.1:58518 - R:localhost/127.0.0.1:63995]
19:40:48.720 [AsyncHttpClient-1-2] DEBUG org.asynchttpclient.netty.handler.HttpHandler - Unexpected I/O exception on channel [id: 0x0ffdd677, L:/127.0.0.1:58518 - R:localhost/127.0.0.1:63995]
java.net.SocketException: Connection reset
	at java.base/sun.nio.ch.SocketChannelImpl.throwConnectionReset(SocketChannelImpl.java:345)
	at java.base/sun.nio.ch.SocketChannelImpl.read(SocketChannelImpl.java:376)
	at io.netty.buffer.PooledByteBuf.setBytes(PooledByteBuf.java:258)
	at io.netty.buffer.AbstractByteBuf.writeBytes(AbstractByteBuf.java:1132)
	at io.netty.channel.socket.nio.NioSocketChannel.doReadBytes(NioSocketChannel.java:350)
	at io.netty.channel.nio.AbstractNioByteChannel$NioByteUnsafe.read(AbstractNioByteChannel.java:151)
	at io.netty.channel.nio.NioEventLoop.processSelectedKey(NioEventLoop.java:722)
	at io.netty.channel.nio.NioEventLoop.processSelectedKeysOptimized(NioEventLoop.java:658)
	at io.netty.channel.nio.NioEventLoop.processSelectedKeys(NioEventLoop.java:584)
	at io.netty.channel.nio.NioEventLoop.run(NioEventLoop.java:496)
	at io.netty.util.concurrent.SingleThreadEventExecutor$4.run(SingleThreadEventExecutor.java:986)
	at io.netty.util.internal.ThreadExecutorMap$2.run(ThreadExecutorMap.java:74)
	at io.netty.util.concurrent.FastThreadLocalRunnable.run(FastThreadLocalRunnable.java:30)
	at java.base/java.lang.Thread.run(Thread.java:830)
19:40:48.720 [AsyncHttpClient-1-2] DEBUG org.asynchttpclient.netty.channel.ChannelManager - Closing Channel [id: 0x0ffdd677, L:/127.0.0.1:58518 - R:localhost/127.0.0.1:63995] 
19:40:48.720 [AsyncHttpClient-1-2] DEBUG org.asynchttpclient.netty.handler.HttpHandler - Channel Closed: [id: 0x0ffdd677, L:/127.0.0.1:58518 ! R:localhost/127.0.0.1:63995] with attribute DISCARD
]]></system-out>
    <system-err><![CDATA[1681044040287	geckodriver	INFO	Listening on 127.0.0.1:63995
1681044040785	mozrunner::runner	INFO	Running command: "C:\\Program Files\\Mozilla Firefox\\firefox.exe" "--marionette" "" "--remote-debugging-port" "56978" "--remote-allow-hosts" "localhost" "-no-remote" "-profile" "C:\\Users\\alwi\\AppData\\Local\\Temp\\rust_mozprofilePkn3ra"
console.warn: services.settings: Ignoring preference override of remote settings server
console.warn: services.settings: Allow by setting MOZ_REMOTE_SETTINGS_DEVTOOLS=1 in the environment
1681044041116	Marionette	INFO	Marionette enabled
Dynamically enable window occlusion 0
1681044041121	Marionette	INFO	Listening on port 58524
WebDriver BiDi listening on ws://127.0.0.1:56978
Read port: 58524
1681044041362	RemoteAgent	WARN	TLS certificate errors will be ignored for this session
console.warn: SearchSettings: "get: No settings file exists, new profile?" (new NotFoundError("Could not open the file at C:\\Users\\alwi\\AppData\\Local\\Temp\\rust_mozprofilePkn3ra\\search.json.mozlz4", (void 0)))
DevTools listening on ws://127.0.0.1:56978/devtools/browser/d505e6d3-e31d-4858-966f-7e42a3c27c6c
Apr 09, 2023 7:40:43 PM org.openqa.selenium.remote.ProtocolHandshake createSession
INFO: Detected dialect: W3C
JavaScript warning: https://www.uniqlo.com/oQfZRN8zACRR/OQ/-x_RMR-EGX/k95OLrhJQ5/OXl6GHI5AQ/PnUdVS/RrZQs, line 1: unreachable code after return statement
JavaScript warning: https://www.uniqlo.com/id/elgnisolqinu.js?async&seed=AECl_mWHAQAAhXleUcVgnU2eEowETsYZDsExG9MVfyypS8j2a8yO2N_NY-zV&x-i1ysm4mm--z=q, line 1: WEBGL_debug_renderer_info is deprecated in Firefox and will be removed. Please use RENDERER.
JavaScript warning: https://www.uniqlo.com/oQfZRN8zACRR/OQ/-x_RMR-EGX/k95OLrhJQ5/OXl6GHI5AQ/PnUdVS/RrZQs, line 1: WEBGL_debug_renderer_info is deprecated in Firefox and will be removed. Please use RENDERER.
1681044047897	Marionette	INFO	Stopped listening on port 58524
Dynamically enable window occlusion 1
WARNING: A blocker encountered an error while we were waiting.
          Blocker:  Waiting for ping task
          Phase: TelemetryController: Waiting for pending ping activity
          State: (none)
WARNING: Error: Phase "profile-before-change" is finished, it is too late to register completion condition "OS.File: flush I/O queued before profileBeforeChange"
WARNING: addBlocker@resource://gre/modules/AsyncShutdown.sys.mjs:727:15
addBlocker@resource://gre/modules/AsyncShutdown.sys.mjs:523:26
addBlocker@resource://gre/modules/AsyncShutdown.sys.mjs:458:15
setupShutdown@resource://gre/modules/osfile/osfile_async_front.jsm:1548:28
@resource://gre/modules/osfile/osfile_async_front.jsm:1568:16
@resource://gre/modules/osfile.jsm:12:30
@resource://gre/modules/TelemetryStorage.sys.mjs:10:28
_checkPendingPings@resource://gre/modules/TelemetrySend.sys.mjs:863:17
setup@resource://gre/modules/TelemetrySend.sys.mjs:803:18
setup@resource://gre/modules/TelemetrySend.sys.mjs:241:30
setupTelemetry/this._delayedInitTask<@resource://gre/modules/TelemetryControllerParent.sys.mjs:828:36
observe@resource://gre/modules/AsyncShutdown.sys.mjs:576:16

console.error: "TelemetryScheduler.shutdown - Already shut down"
WARNING: A blocker encountered an error while we were waiting.
          Blocker:  Waiting for ping task
          Phase: TelemetryController: Waiting for pending ping activity
          State: (none)
WARNING: Error: Phase "profile-before-change" is finished, it is too late to register completion condition "OS.File: flush I/O queued before profileBeforeChange"
WARNING: addBlocker@resource://gre/modules/AsyncShutdown.sys.mjs:727:15
addBlocker@resource://gre/modules/AsyncShutdown.sys.mjs:523:26
addBlocker@resource://gre/modules/AsyncShutdown.sys.mjs:458:15
setupShutdown@resource://gre/modules/osfile/osfile_async_front.jsm:1548:28
@resource://gre/modules/osfile/osfile_async_front.jsm:1568:16
@resource://gre/modules/osfile.jsm:12:30
@resource://gre/modules/TelemetryStorage.sys.mjs:10:28
_checkPendingPings@resource://gre/modules/TelemetrySend.sys.mjs:863:17
setup@resource://gre/modules/TelemetrySend.sys.mjs:803:18
setup@resource://gre/modules/TelemetrySend.sys.mjs:241:30
setupTelemetry/this._delayedInitTask<@resource://gre/modules/TelemetryControllerParent.sys.mjs:828:36
observe@resource://gre/modules/AsyncShutdown.sys.mjs:576:16

WARNING: A blocker encountered an error while we were waiting.
          Blocker:  Waiting for ping task
          Phase: TelemetryController: Waiting for pending ping activity
          State: (none)
WARNING: Error: Phase "profile-before-change" is finished, it is too late to register completion condition "OS.File: flush I/O queued before profileBeforeChange"
WARNING: addBlocker@resource://gre/modules/AsyncShutdown.sys.mjs:727:15
addBlocker@resource://gre/modules/AsyncShutdown.sys.mjs:523:26
addBlocker@resource://gre/modules/AsyncShutdown.sys.mjs:458:15
setupShutdown@resource://gre/modules/osfile/osfile_async_front.jsm:1548:28
@resource://gre/modules/osfile/osfile_async_front.jsm:1568:16
@resource://gre/modules/osfile.jsm:12:30
@resource://gre/modules/TelemetryStorage.sys.mjs:10:28
_checkPendingPings@resource://gre/modules/TelemetrySend.sys.mjs:863:17
setup@resource://gre/modules/TelemetrySend.sys.mjs:803:18
setup@resource://gre/modules/TelemetrySend.sys.mjs:241:30
setupTelemetry/this._delayedInitTask<@resource://gre/modules/TelemetryControllerParent.sys.mjs:828:36
observe@resource://gre/modules/AsyncShutdown.sys.mjs:576:16

WARNING: A blocker encountered an error while we were waiting.
          Blocker:  TelemetryController: shutting down
          Phase: profile-before-change-telemetry
          State: Error getting state: Error: Phase "profile-before-change" is finished, it is too late to register completion condition "OS.File: flush I/O queued before profileBeforeChange" at addBlocker@resource://gre/modules/AsyncShutdown.sys.mjs:727:15
addBlocker@resource://gre/modules/AsyncShutdown.sys.mjs:523:26
addBlocker@resource://gre/modules/AsyncShutdown.sys.mjs:458:15
setupShutdown@resource://gre/modules/osfile/osfile_async_front.jsm:1548:28
@resource://gre/modules/osfile/osfile_async_front.jsm:1568:16
@resource://gre/modules/osfile.jsm:12:30
@resource://gre/modules/TelemetryStorage.sys.mjs:10:28
_checkPendingPings@resource://gre/modules/TelemetrySend.sys.mjs:863:17
setup@resource://gre/modules/TelemetrySend.sys.mjs:803:18
setup@resource://gre/modules/TelemetrySend.sys.mjs:241:30
setupTelemetry/this._delayedInitTask<@resource://gre/modules/TelemetryControllerParent.sys.mjs:828:36
observe@resource://gre/modules/AsyncShutdown.sys.mjs:576:16

WARNING: Error: Phase "profile-before-change" is finished, it is too late to register completion condition "OS.File: flush I/O queued before profileBeforeChange"
WARNING: addBlocker@resource://gre/modules/AsyncShutdown.sys.mjs:727:15
addBlocker@resource://gre/modules/AsyncShutdown.sys.mjs:523:26
addBlocker@resource://gre/modules/AsyncShutdown.sys.mjs:458:15
setupShutdown@resource://gre/modules/osfile/osfile_async_front.jsm:1548:28
@resource://gre/modules/osfile/osfile_async_front.jsm:1568:16
@resource://gre/modules/osfile.jsm:12:30
@resource://gre/modules/TelemetryStorage.sys.mjs:10:28
_checkPendingPings@resource://gre/modules/TelemetrySend.sys.mjs:863:17
setup@resource://gre/modules/TelemetrySend.sys.mjs:803:18
setup@resource://gre/modules/TelemetrySend.sys.mjs:241:30
setupTelemetry/this._delayedInitTask<@resource://gre/modules/TelemetryControllerParent.sys.mjs:828:36
observe@resource://gre/modules/AsyncShutdown.sys.mjs:576:16

JavaScript error: resource://gre/modules/AsyncShutdown.sys.mjs, line 727: Error: Phase "profile-before-change" is finished, it is too late to register completion condition "OS.File: flush I/O queued before profileBeforeChange"
JavaScript error: resource://gre/modules/AsyncShutdown.sys.mjs, line 727: Error: Phase "profile-before-change" is finished, it is too late to register completion condition "OS.File: flush I/O queued before profileBeforeChange"
JavaScript error: resource://gre/modules/AsyncShutdown.sys.mjs, line 727: Error: Phase "profile-before-change" is finished, it is too late to register completion condition "OS.File: flush I/O queued before profileBeforeChange"
JavaScript error: resource://gre/modules/AsyncShutdown.sys.mjs, line 727: Error: Phase "profile-before-change" is finished, it is too late to register completion condition "OS.File: flush I/O queued before profileBeforeChange"
JavaScript error: resource://gre/modules/AsyncShutdown.sys.mjs, line 727: Error: Phase "profile-before-change" is finished, it is too late to register completion condition "OS.File: flush I/O queued before profileBeforeChange"
JavaScript error: resource://gre/modules/AsyncShutdown.sys.mjs, line 727: Error: Phase "profile-before-change" is finished, it is too late to register completion condition "OS.File: flush I/O queued before profileBeforeChange"
]]></system-err>
  </testcase>
  <testcase name="Fitur Menu Baby #17" classname="Baby" time="8.67">
    <system-out><![CDATA[
@baby
Scenario Outline: Fitur Menu Baby &amp#27;[90m# src/test/resources/features/Baby.feature:29&amp#27;[0m
19:40:48.780 [main] INFO io.cucumber.core.plugin.SerenityReporter - Running feature from file:///C:/Users/alwi/IdeaProjects/uniqloweb/src/test/resources/features/Baby.feature
19:40:48.791 [main] INFO net.serenitybdd.core.webdriver.driverproviders.FirefoxDriverProvider - Using automatically driver download
19:40:48.825 [AsyncHttpClient-1-1] DEBUG org.asynchttpclient.netty.channel.DefaultChannelPool - Entry count for : http://localhost:63995 : 1
19:40:48.825 [AsyncHttpClient-1-1] DEBUG org.asynchttpclient.netty.channel.DefaultChannelPool - Adding Candidate expired Channel [id: 0x0ffdd677, L:/127.0.0.1:58518 ! R:localhost/127.0.0.1:63995] isIdleTimeoutExpired=false isRemotelyClosed=true isTtlExpired=false
19:40:48.825 [AsyncHttpClient-1-1] DEBUG org.asynchttpclient.netty.channel.DefaultChannelPool - Closing Idle Channel [id: 0x0ffdd677, L:/127.0.0.1:58518 ! R:localhost/127.0.0.1:63995]
19:40:48.825 [AsyncHttpClient-1-1] DEBUG org.asynchttpclient.netty.channel.DefaultChannelPool - Closed 1 connections out of 1 in 0 ms
19:40:48.890 [main] DEBUG io.github.bonigarcia.wdm.cache.ResolutionCache - Resolution firefox=111 in cache (valid until 20:30:50 09/04/2023 WIB)
19:40:48.893 [main] DEBUG io.github.bonigarcia.wdm.cache.ResolutionCache - Resolution firefox111=0.32.2 in cache (valid until 19:30:50 10/04/2023 WIB)
19:40:48.894 [main] INFO io.github.bonigarcia.wdm.WebDriverManager - Using geckodriver 0.32.2 (resolved driver for Firefox 111)
19:40:48.905 [main] DEBUG io.github.bonigarcia.wdm.WebDriverManager - Driver geckodriver 0.32.2 found in cache
19:40:48.905 [main] INFO io.github.bonigarcia.wdm.WebDriverManager - Exporting webdriver.gecko.driver as C:\Users\alwi\.cache\selenium\geckodriver\win64\0.32.2\geckodriver.exe
19:40:48.916 [main] DEBUG net.serenitybdd.core.webdriver.driverproviders.ProvideNewDriver - Instantiating driver
19:40:48.916 [main] DEBUG net.serenitybdd.core.webdriver.driverproviders.ProvideNewDriver - Driver capabilities: Capabilities {acceptInsecureCerts: true, browserName: firefox, moz:debuggerAddress: true, moz:firefoxOptions: {args: [], profile: UEsDBBQACAgIABidiVYAAAAAAAA...}}
19:40:49.441 [AsyncHttpClient-1-4] DEBUG org.asynchttpclient.netty.channel.NettyConnectListener - Using new Channel '[id: 0xebcfd797, L:/127.0.0.1:58592 - R:localhost/127.0.0.1:51163]' for 'POST' to '/session'
19:40:51.911 [AsyncHttpClient-1-4] DEBUG org.asynchttpclient.netty.handler.HttpHandler - 

Request DefaultHttpRequest(decodeResult: success, version: HTTP/1.1)
POST /session HTTP/1.1
User-Agent: selenium/4.1.2 (java windows)
Content-Length: 3673
Content-Type: application/json; charset=utf-8
host: localhost:51163
accept: */*

Response DefaultHttpResponse(decodeResult: success, version: HTTP/1.1)
HTTP/1.1 200 OK
content-type: application/json; charset=utf-8
cache-control: no-cache
date: Sun, 09 Apr 2023 12:40:49 GMT
content-length: 790

19:40:51.912 [AsyncHttpClient-1-4] DEBUG org.asynchttpclient.netty.channel.ChannelManager - Adding key: http://localhost:51163 for channel [id: 0xebcfd797, L:/127.0.0.1:58592 - R:localhost/127.0.0.1:51163]
19:40:51.917 [AsyncHttpClient-1-5] DEBUG org.asynchttpclient.netty.channel.NettyConnectListener - Using new Channel '[id: 0x983de62d, L:/127.0.0.1:58609 - R:/127.0.0.1:49689]' for 'GET' to '/json/version'
19:40:51.919 [AsyncHttpClient-1-5] DEBUG org.asynchttpclient.netty.handler.HttpHandler - 

Request DefaultFullHttpRequest(decodeResult: success, version: HTTP/1.1, content: EmptyByteBufBE)
GET /json/version HTTP/1.1
User-Agent: selenium/4.1.2 (java windows)
host: 127.0.0.1:49689
accept: */*

Response DefaultHttpResponse(decodeResult: success, version: HTTP/1.1)
HTTP/1.1 200 OK
content-type: application/json
connection: close
server: httpd.js
date: Sun, 09 Apr 2023 12:40:51 GMT
content-length: 311

19:40:51.920 [AsyncHttpClient-1-5] DEBUG org.asynchttpclient.netty.channel.ChannelManager - Closing Channel [id: 0x983de62d, L:/127.0.0.1:58609 - R:/127.0.0.1:49689] 
19:40:51.920 [AsyncHttpClient-1-5] DEBUG org.asynchttpclient.netty.handler.HttpHandler - Channel Closed: [id: 0x983de62d, L:/127.0.0.1:58609 ! R:/127.0.0.1:49689] with attribute DISCARD
19:40:51.922 [Forwarding get on session 18210c9e-40d7-4125-a5fd-91bed30a1cfc to remote] DEBUG org.asynchttpclient.netty.request.NettyRequestSender - Using pooled Channel '[id: 0xebcfd797, L:/127.0.0.1:58592 - R:localhost/127.0.0.1:51163]' for 'POST' to 'http://localhost:51163/session/18210c9e-40d7-4125-a5fd-91bed30a1cfc/url'
19:40:51.922 [Forwarding get on session 18210c9e-40d7-4125-a5fd-91bed30a1cfc to remote] DEBUG org.asynchttpclient.netty.request.NettyRequestSender - Using open Channel [id: 0xebcfd797, L:/127.0.0.1:58592 - R:localhost/127.0.0.1:51163] for POST '/session/18210c9e-40d7-4125-a5fd-91bed30a1cfc/url'
19:40:52.891 [AsyncHttpClient-1-4] DEBUG org.asynchttpclient.netty.handler.HttpHandler - 

Request DefaultHttpRequest(decodeResult: success, version: HTTP/1.1)
POST /session/18210c9e-40d7-4125-a5fd-91bed30a1cfc/url HTTP/1.1
User-Agent: selenium/4.1.2 (java windows)
Content-Length: 53
Content-Type: application/json; charset=utf-8
host: localhost:51163
accept: */*

Response DefaultHttpResponse(decodeResult: success, version: HTTP/1.1)
HTTP/1.1 200 OK
content-type: application/json; charset=utf-8
cache-control: no-cache
date: Sun, 09 Apr 2023 12:40:51 GMT
content-length: 14

19:40:52.891 [AsyncHttpClient-1-4] DEBUG org.asynchttpclient.netty.channel.ChannelManager - Adding key: http://localhost:51163 for channel [id: 0xebcfd797, L:/127.0.0.1:58592 - R:localhost/127.0.0.1:51163]
19:40:52.892 [Forwarding setTimeout on session 18210c9e-40d7-4125-a5fd-91bed30a1cfc to remote] DEBUG org.asynchttpclient.netty.request.NettyRequestSender - Using pooled Channel '[id: 0xebcfd797, L:/127.0.0.1:58592 - R:localhost/127.0.0.1:51163]' for 'POST' to 'http://localhost:51163/session/18210c9e-40d7-4125-a5fd-91bed30a1cfc/timeouts'
19:40:52.892 [Forwarding setTimeout on session 18210c9e-40d7-4125-a5fd-91bed30a1cfc to remote] DEBUG org.asynchttpclient.netty.request.NettyRequestSender - Using open Channel [id: 0xebcfd797, L:/127.0.0.1:58592 - R:localhost/127.0.0.1:51163] for POST '/session/18210c9e-40d7-4125-a5fd-91bed30a1cfc/timeouts'
19:40:52.939 [AsyncHttpClient-1-4] DEBUG org.asynchttpclient.netty.handler.HttpHandler - 

Request DefaultHttpRequest(decodeResult: success, version: HTTP/1.1)
POST /session/18210c9e-40d7-4125-a5fd-91bed30a1cfc/timeouts HTTP/1.1
User-Agent: selenium/4.1.2 (java windows)
Content-Length: 22
Content-Type: application/json; charset=utf-8
host: localhost:51163
accept: */*

Response DefaultHttpResponse(decodeResult: success, version: HTTP/1.1)
HTTP/1.1 200 OK
content-type: application/json; charset=utf-8
cache-control: no-cache
date: Sun, 09 Apr 2023 12:40:51 GMT
content-length: 14

19:40:52.940 [AsyncHttpClient-1-4] DEBUG org.asynchttpclient.netty.channel.ChannelManager - Adding key: http://localhost:51163 for channel [id: 0xebcfd797, L:/127.0.0.1:58592 - R:localhost/127.0.0.1:51163]
19:40:52.942 [Forwarding getCurrentUrl on session 18210c9e-40d7-4125-a5fd-91bed30a1cfc to remote] DEBUG org.asynchttpclient.netty.request.NettyRequestSender - Using pooled Channel '[id: 0xebcfd797, L:/127.0.0.1:58592 - R:localhost/127.0.0.1:51163]' for 'GET' to 'http://localhost:51163/session/18210c9e-40d7-4125-a5fd-91bed30a1cfc/url'
19:40:52.942 [Forwarding getCurrentUrl on session 18210c9e-40d7-4125-a5fd-91bed30a1cfc to remote] DEBUG org.asynchttpclient.netty.request.NettyRequestSender - Using open Channel [id: 0xebcfd797, L:/127.0.0.1:58592 - R:localhost/127.0.0.1:51163] for GET '/session/18210c9e-40d7-4125-a5fd-91bed30a1cfc/url'
19:40:52.944 [AsyncHttpClient-1-4] DEBUG org.asynchttpclient.netty.handler.HttpHandler - 

Request DefaultFullHttpRequest(decodeResult: success, version: HTTP/1.1, content: EmptyByteBufBE)
GET /session/18210c9e-40d7-4125-a5fd-91bed30a1cfc/url HTTP/1.1
User-Agent: selenium/4.1.2 (java windows)
Cache-Control: no-cache
Content-Type: application/json; charset=utf-8
host: localhost:51163
accept: */*

Response DefaultHttpResponse(decodeResult: success, version: HTTP/1.1)
HTTP/1.1 200 OK
content-type: application/json; charset=utf-8
cache-control: no-cache
date: Sun, 09 Apr 2023 12:40:52 GMT
content-length: 41

19:40:52.945 [AsyncHttpClient-1-4] DEBUG org.asynchttpclient.netty.channel.ChannelManager - Adding key: http://localhost:51163 for channel [id: 0xebcfd797, L:/127.0.0.1:58592 - R:localhost/127.0.0.1:51163]
  &amp#27;[32mGiven &amp#27;[0m&amp#27;[32mI am on the home page&amp#27;[0m     &amp#27;[90m# starter.stepdefinitions.BabyStep.iAmOnTheHomePage()&amp#27;[0m
19:40:52.950 [Forwarding screenshot on session 18210c9e-40d7-4125-a5fd-91bed30a1cfc to remote] DEBUG org.asynchttpclient.netty.request.NettyRequestSender - Using pooled Channel '[id: 0xebcfd797, L:/127.0.0.1:58592 - R:localhost/127.0.0.1:51163]' for 'GET' to 'http://localhost:51163/session/18210c9e-40d7-4125-a5fd-91bed30a1cfc/screenshot'
19:40:52.950 [Forwarding screenshot on session 18210c9e-40d7-4125-a5fd-91bed30a1cfc to remote] DEBUG org.asynchttpclient.netty.request.NettyRequestSender - Using open Channel [id: 0xebcfd797, L:/127.0.0.1:58592 - R:localhost/127.0.0.1:51163] for GET '/session/18210c9e-40d7-4125-a5fd-91bed30a1cfc/screenshot'
19:40:53.589 [AsyncHttpClient-1-4] DEBUG org.asynchttpclient.netty.handler.HttpHandler - 

Request DefaultFullHttpRequest(decodeResult: success, version: HTTP/1.1, content: EmptyByteBufBE)
GET /session/18210c9e-40d7-4125-a5fd-91bed30a1cfc/screenshot HTTP/1.1
User-Agent: selenium/4.1.2 (java windows)
Cache-Control: no-cache
Content-Type: application/json; charset=utf-8
host: localhost:51163
accept: */*

Response DefaultHttpResponse(decodeResult: success, version: HTTP/1.1)
HTTP/1.1 200 OK
content-type: application/json; charset=utf-8
cache-control: no-cache
date: Sun, 09 Apr 2023 12:40:52 GMT
content-length: 88988

19:40:53.589 [AsyncHttpClient-1-4] DEBUG org.asynchttpclient.netty.channel.ChannelManager - Adding key: http://localhost:51163 for channel [id: 0xebcfd797, L:/127.0.0.1:58592 - R:localhost/127.0.0.1:51163]
19:40:53.592 [main] DEBUG net.serenitybdd.core.photography.Darkroom - Send negative for processing for target\site\serenity\52bc51f143ed30c2aaa30f1e2c538a2840cd4ac62c0a80435a79e263f348fb39.png
19:40:53.593 [Darkroom Processing Line] DEBUG net.serenitybdd.core.photography.DarkroomProcessingLine - Processing screenshot image in /var/screenshots/screenshot-6868240348893215421
19:40:53.593 [Darkroom Processing Line] DEBUG net.serenitybdd.core.photography.DarkroomProcessingLine - Saving screenshot to target\site\serenity\52bc51f143ed30c2aaa30f1e2c538a2840cd4ac62c0a80435a79e263f348fb39.png
19:40:53.602 [Forwarding findElement on session 18210c9e-40d7-4125-a5fd-91bed30a1cfc to remote] DEBUG org.asynchttpclient.netty.request.NettyRequestSender - Using pooled Channel '[id: 0xebcfd797, L:/127.0.0.1:58592 - R:localhost/127.0.0.1:51163]' for 'POST' to 'http://localhost:51163/session/18210c9e-40d7-4125-a5fd-91bed30a1cfc/element'
19:40:53.603 [Forwarding findElement on session 18210c9e-40d7-4125-a5fd-91bed30a1cfc to remote] DEBUG org.asynchttpclient.netty.request.NettyRequestSender - Using open Channel [id: 0xebcfd797, L:/127.0.0.1:58592 - R:localhost/127.0.0.1:51163] for POST '/session/18210c9e-40d7-4125-a5fd-91bed30a1cfc/element'
19:40:53.633 [AsyncHttpClient-1-4] DEBUG org.asynchttpclient.netty.handler.HttpHandler - 

Request DefaultHttpRequest(decodeResult: success, version: HTTP/1.1)
POST /session/18210c9e-40d7-4125-a5fd-91bed30a1cfc/element HTTP/1.1
User-Agent: selenium/4.1.2 (java windows)
Content-Length: 81
Content-Type: application/json; charset=utf-8
host: localhost:51163
accept: */*

Response DefaultHttpResponse(decodeResult: success, version: HTTP/1.1)
HTTP/1.1 200 OK
content-type: application/json; charset=utf-8
cache-control: no-cache
date: Sun, 09 Apr 2023 12:40:52 GMT
content-length: 88

19:40:53.634 [AsyncHttpClient-1-4] DEBUG org.asynchttpclient.netty.channel.ChannelManager - Adding key: http://localhost:51163 for channel [id: 0xebcfd797, L:/127.0.0.1:58592 - R:localhost/127.0.0.1:51163]
19:40:53.636 [Forwarding getElementTagName on session 18210c9e-40d7-4125-a5fd-91bed30a1cfc to remote] DEBUG org.asynchttpclient.netty.request.NettyRequestSender - Using pooled Channel '[id: 0xebcfd797, L:/127.0.0.1:58592 - R:localhost/127.0.0.1:51163]' for 'GET' to 'http://localhost:51163/session/18210c9e-40d7-4125-a5fd-91bed30a1cfc/element/70a43ef5-3fdc-4b13-a552-e2ae108bc801/name'
19:40:53.636 [Forwarding getElementTagName on session 18210c9e-40d7-4125-a5fd-91bed30a1cfc to remote] DEBUG org.asynchttpclient.netty.request.NettyRequestSender - Using open Channel [id: 0xebcfd797, L:/127.0.0.1:58592 - R:localhost/127.0.0.1:51163] for GET '/session/18210c9e-40d7-4125-a5fd-91bed30a1cfc/element/70a43ef5-3fdc-4b13-a552-e2ae108bc801/name'
19:40:53.990 [AsyncHttpClient-1-4] DEBUG org.asynchttpclient.netty.handler.HttpHandler - 

Request DefaultFullHttpRequest(decodeResult: success, version: HTTP/1.1, content: EmptyByteBufBE)
GET /session/18210c9e-40d7-4125-a5fd-91bed30a1cfc/element/70a43ef5-3fdc-4b13-a552-e2ae108bc801/name HTTP/1.1
User-Agent: selenium/4.1.2 (java windows)
Cache-Control: no-cache
Content-Type: application/json; charset=utf-8
host: localhost:51163
accept: */*

Response DefaultHttpResponse(decodeResult: success, version: HTTP/1.1)
HTTP/1.1 200 OK
content-type: application/json; charset=utf-8
cache-control: no-cache
date: Sun, 09 Apr 2023 12:40:52 GMT
content-length: 16

19:40:53.990 [AsyncHttpClient-1-4] DEBUG org.asynchttpclient.netty.channel.ChannelManager - Adding key: http://localhost:51163 for channel [id: 0xebcfd797, L:/127.0.0.1:58592 - R:localhost/127.0.0.1:51163]
19:40:53.991 [Forwarding getElementTagName on session 18210c9e-40d7-4125-a5fd-91bed30a1cfc to remote] DEBUG org.asynchttpclient.netty.request.NettyRequestSender - Using pooled Channel '[id: 0xebcfd797, L:/127.0.0.1:58592 - R:localhost/127.0.0.1:51163]' for 'GET' to 'http://localhost:51163/session/18210c9e-40d7-4125-a5fd-91bed30a1cfc/element/70a43ef5-3fdc-4b13-a552-e2ae108bc801/name'
19:40:53.991 [Forwarding getElementTagName on session 18210c9e-40d7-4125-a5fd-91bed30a1cfc to remote] DEBUG org.asynchttpclient.netty.request.NettyRequestSender - Using open Channel [id: 0xebcfd797, L:/127.0.0.1:58592 - R:localhost/127.0.0.1:51163] for GET '/session/18210c9e-40d7-4125-a5fd-91bed30a1cfc/element/70a43ef5-3fdc-4b13-a552-e2ae108bc801/name'
19:40:54.024 [AsyncHttpClient-1-4] DEBUG org.asynchttpclient.netty.handler.HttpHandler - 

Request DefaultFullHttpRequest(decodeResult: success, version: HTTP/1.1, content: EmptyByteBufBE)
GET /session/18210c9e-40d7-4125-a5fd-91bed30a1cfc/element/70a43ef5-3fdc-4b13-a552-e2ae108bc801/name HTTP/1.1
User-Agent: selenium/4.1.2 (java windows)
Cache-Control: no-cache
Content-Type: application/json; charset=utf-8
host: localhost:51163
accept: */*

Response DefaultHttpResponse(decodeResult: success, version: HTTP/1.1)
HTTP/1.1 200 OK
content-type: application/json; charset=utf-8
cache-control: no-cache
date: Sun, 09 Apr 2023 12:40:53 GMT
content-length: 16

19:40:54.024 [AsyncHttpClient-1-4] DEBUG org.asynchttpclient.netty.channel.ChannelManager - Adding key: http://localhost:51163 for channel [id: 0xebcfd797, L:/127.0.0.1:58592 - R:localhost/127.0.0.1:51163]
19:40:54.028 [Forwarding findElement on session 18210c9e-40d7-4125-a5fd-91bed30a1cfc to remote] DEBUG org.asynchttpclient.netty.request.NettyRequestSender - Using pooled Channel '[id: 0xebcfd797, L:/127.0.0.1:58592 - R:localhost/127.0.0.1:51163]' for 'POST' to 'http://localhost:51163/session/18210c9e-40d7-4125-a5fd-91bed30a1cfc/element'
19:40:54.028 [Forwarding findElement on session 18210c9e-40d7-4125-a5fd-91bed30a1cfc to remote] DEBUG org.asynchttpclient.netty.request.NettyRequestSender - Using open Channel [id: 0xebcfd797, L:/127.0.0.1:58592 - R:localhost/127.0.0.1:51163] for POST '/session/18210c9e-40d7-4125-a5fd-91bed30a1cfc/element'
19:40:54.103 [AsyncHttpClient-1-4] DEBUG org.asynchttpclient.netty.handler.HttpHandler - 

Request DefaultHttpRequest(decodeResult: success, version: HTTP/1.1)
POST /session/18210c9e-40d7-4125-a5fd-91bed30a1cfc/element HTTP/1.1
User-Agent: selenium/4.1.2 (java windows)
Content-Length: 81
Content-Type: application/json; charset=utf-8
host: localhost:51163
accept: */*

Response DefaultHttpResponse(decodeResult: success, version: HTTP/1.1)
HTTP/1.1 200 OK
content-type: application/json; charset=utf-8
cache-control: no-cache
date: Sun, 09 Apr 2023 12:40:53 GMT
content-length: 88

19:40:54.103 [AsyncHttpClient-1-4] DEBUG org.asynchttpclient.netty.channel.ChannelManager - Adding key: http://localhost:51163 for channel [id: 0xebcfd797, L:/127.0.0.1:58592 - R:localhost/127.0.0.1:51163]
19:40:54.105 [Forwarding clickElement on session 18210c9e-40d7-4125-a5fd-91bed30a1cfc to remote] DEBUG org.asynchttpclient.netty.request.NettyRequestSender - Using pooled Channel '[id: 0xebcfd797, L:/127.0.0.1:58592 - R:localhost/127.0.0.1:51163]' for 'POST' to 'http://localhost:51163/session/18210c9e-40d7-4125-a5fd-91bed30a1cfc/element/70a43ef5-3fdc-4b13-a552-e2ae108bc801/click'
19:40:54.105 [Forwarding clickElement on session 18210c9e-40d7-4125-a5fd-91bed30a1cfc to remote] DEBUG org.asynchttpclient.netty.request.NettyRequestSender - Using open Channel [id: 0xebcfd797, L:/127.0.0.1:58592 - R:localhost/127.0.0.1:51163] for POST '/session/18210c9e-40d7-4125-a5fd-91bed30a1cfc/element/70a43ef5-3fdc-4b13-a552-e2ae108bc801/click'
19:40:54.912 [AsyncHttpClient-1-4] DEBUG org.asynchttpclient.netty.handler.HttpHandler - 

Request DefaultHttpRequest(decodeResult: success, version: HTTP/1.1)
POST /session/18210c9e-40d7-4125-a5fd-91bed30a1cfc/element/70a43ef5-3fdc-4b13-a552-e2ae108bc801/click HTTP/1.1
User-Agent: selenium/4.1.2 (java windows)
Content-Length: 50
Content-Type: application/json; charset=utf-8
host: localhost:51163
accept: */*

Response DefaultHttpResponse(decodeResult: success, version: HTTP/1.1)
HTTP/1.1 200 OK
content-type: application/json; charset=utf-8
cache-control: no-cache
date: Sun, 09 Apr 2023 12:40:53 GMT
content-length: 14

19:40:54.912 [AsyncHttpClient-1-4] DEBUG org.asynchttpclient.netty.channel.ChannelManager - Adding key: http://localhost:51163 for channel [id: 0xebcfd797, L:/127.0.0.1:58592 - R:localhost/127.0.0.1:51163]
  &amp#27;[32mThen &amp#27;[0m&amp#27;[32mI click baby on the header&amp#27;[0m &amp#27;[90m# starter.stepdefinitions.BabyStep.iClickBabyOnTheHeader()&amp#27;[0m
19:40:54.922 [Forwarding screenshot on session 18210c9e-40d7-4125-a5fd-91bed30a1cfc to remote] DEBUG org.asynchttpclient.netty.request.NettyRequestSender - Using pooled Channel '[id: 0xebcfd797, L:/127.0.0.1:58592 - R:localhost/127.0.0.1:51163]' for 'GET' to 'http://localhost:51163/session/18210c9e-40d7-4125-a5fd-91bed30a1cfc/screenshot'
19:40:54.922 [Forwarding screenshot on session 18210c9e-40d7-4125-a5fd-91bed30a1cfc to remote] DEBUG org.asynchttpclient.netty.request.NettyRequestSender - Using open Channel [id: 0xebcfd797, L:/127.0.0.1:58592 - R:localhost/127.0.0.1:51163] for GET '/session/18210c9e-40d7-4125-a5fd-91bed30a1cfc/screenshot'
19:40:55.063 [AsyncHttpClient-1-4] DEBUG org.asynchttpclient.netty.handler.HttpHandler - 

Request DefaultFullHttpRequest(decodeResult: success, version: HTTP/1.1, content: EmptyByteBufBE)
GET /session/18210c9e-40d7-4125-a5fd-91bed30a1cfc/screenshot HTTP/1.1
User-Agent: selenium/4.1.2 (java windows)
Cache-Control: no-cache
Content-Type: application/json; charset=utf-8
host: localhost:51163
accept: */*

Response DefaultHttpResponse(decodeResult: success, version: HTTP/1.1)
HTTP/1.1 200 OK
content-type: application/json; charset=utf-8
cache-control: no-cache
date: Sun, 09 Apr 2023 12:40:53 GMT
content-length: 98024

19:40:55.064 [AsyncHttpClient-1-4] DEBUG org.asynchttpclient.netty.channel.ChannelManager - Adding key: http://localhost:51163 for channel [id: 0xebcfd797, L:/127.0.0.1:58592 - R:localhost/127.0.0.1:51163]
19:40:55.068 [main] DEBUG net.serenitybdd.core.photography.Darkroom - Send negative for processing for target\site\serenity\bcb9a8d665d2c58a930e922f816fcc3ebc2aef855b882f3d531e7c9aa320b06d.png
19:40:55.081 [Forwarding findElement on session 18210c9e-40d7-4125-a5fd-91bed30a1cfc to remote] DEBUG org.asynchttpclient.netty.request.NettyRequestSender - Using pooled Channel '[id: 0xebcfd797, L:/127.0.0.1:58592 - R:localhost/127.0.0.1:51163]' for 'POST' to 'http://localhost:51163/session/18210c9e-40d7-4125-a5fd-91bed30a1cfc/element'
19:40:55.081 [Forwarding findElement on session 18210c9e-40d7-4125-a5fd-91bed30a1cfc to remote] DEBUG org.asynchttpclient.netty.request.NettyRequestSender - Using open Channel [id: 0xebcfd797, L:/127.0.0.1:58592 - R:localhost/127.0.0.1:51163] for POST '/session/18210c9e-40d7-4125-a5fd-91bed30a1cfc/element'
19:40:55.117 [AsyncHttpClient-1-4] DEBUG org.asynchttpclient.netty.handler.HttpHandler - 

Request DefaultHttpRequest(decodeResult: success, version: HTTP/1.1)
POST /session/18210c9e-40d7-4125-a5fd-91bed30a1cfc/element HTTP/1.1
User-Agent: selenium/4.1.2 (java windows)
Content-Length: 104
Content-Type: application/json; charset=utf-8
host: localhost:51163
accept: */*

Response DefaultHttpResponse(decodeResult: success, version: HTTP/1.1)
HTTP/1.1 200 OK
content-type: application/json; charset=utf-8
cache-control: no-cache
date: Sun, 09 Apr 2023 12:40:55 GMT
content-length: 88

19:40:55.117 [AsyncHttpClient-1-4] DEBUG org.asynchttpclient.netty.channel.ChannelManager - Adding key: http://localhost:51163 for channel [id: 0xebcfd797, L:/127.0.0.1:58592 - R:localhost/127.0.0.1:51163]
19:40:55.118 [Forwarding getElementTagName on session 18210c9e-40d7-4125-a5fd-91bed30a1cfc to remote] DEBUG org.asynchttpclient.netty.request.NettyRequestSender - Using pooled Channel '[id: 0xebcfd797, L:/127.0.0.1:58592 - R:localhost/127.0.0.1:51163]' for 'GET' to 'http://localhost:51163/session/18210c9e-40d7-4125-a5fd-91bed30a1cfc/element/6e6f70b4-599d-4ddc-bdda-3f9fb7970927/name'
19:40:55.119 [Forwarding getElementTagName on session 18210c9e-40d7-4125-a5fd-91bed30a1cfc to remote] DEBUG org.asynchttpclient.netty.request.NettyRequestSender - Using open Channel [id: 0xebcfd797, L:/127.0.0.1:58592 - R:localhost/127.0.0.1:51163] for GET '/session/18210c9e-40d7-4125-a5fd-91bed30a1cfc/element/6e6f70b4-599d-4ddc-bdda-3f9fb7970927/name'
19:40:55.140 [AsyncHttpClient-1-4] DEBUG org.asynchttpclient.netty.handler.HttpHandler - 

Request DefaultFullHttpRequest(decodeResult: success, version: HTTP/1.1, content: EmptyByteBufBE)
GET /session/18210c9e-40d7-4125-a5fd-91bed30a1cfc/element/6e6f70b4-599d-4ddc-bdda-3f9fb7970927/name HTTP/1.1
User-Agent: selenium/4.1.2 (java windows)
Cache-Control: no-cache
Content-Type: application/json; charset=utf-8
host: localhost:51163
accept: */*

Response DefaultHttpResponse(decodeResult: success, version: HTTP/1.1)
HTTP/1.1 200 OK
content-type: application/json; charset=utf-8
cache-control: no-cache
date: Sun, 09 Apr 2023 12:40:55 GMT
content-length: 16

19:40:55.140 [AsyncHttpClient-1-4] DEBUG org.asynchttpclient.netty.channel.ChannelManager - Adding key: http://localhost:51163 for channel [id: 0xebcfd797, L:/127.0.0.1:58592 - R:localhost/127.0.0.1:51163]
19:40:55.142 [Forwarding getElementTagName on session 18210c9e-40d7-4125-a5fd-91bed30a1cfc to remote] DEBUG org.asynchttpclient.netty.request.NettyRequestSender - Using pooled Channel '[id: 0xebcfd797, L:/127.0.0.1:58592 - R:localhost/127.0.0.1:51163]' for 'GET' to 'http://localhost:51163/session/18210c9e-40d7-4125-a5fd-91bed30a1cfc/element/6e6f70b4-599d-4ddc-bdda-3f9fb7970927/name'
19:40:55.142 [Forwarding getElementTagName on session 18210c9e-40d7-4125-a5fd-91bed30a1cfc to remote] DEBUG org.asynchttpclient.netty.request.NettyRequestSender - Using open Channel [id: 0xebcfd797, L:/127.0.0.1:58592 - R:localhost/127.0.0.1:51163] for GET '/session/18210c9e-40d7-4125-a5fd-91bed30a1cfc/element/6e6f70b4-599d-4ddc-bdda-3f9fb7970927/name'
19:40:55.270 [AsyncHttpClient-1-4] DEBUG org.asynchttpclient.netty.handler.HttpHandler - 

Request DefaultFullHttpRequest(decodeResult: success, version: HTTP/1.1, content: EmptyByteBufBE)
GET /session/18210c9e-40d7-4125-a5fd-91bed30a1cfc/element/6e6f70b4-599d-4ddc-bdda-3f9fb7970927/name HTTP/1.1
User-Agent: selenium/4.1.2 (java windows)
Cache-Control: no-cache
Content-Type: application/json; charset=utf-8
host: localhost:51163
accept: */*

Response DefaultHttpResponse(decodeResult: success, version: HTTP/1.1)
HTTP/1.1 200 OK
content-type: application/json; charset=utf-8
cache-control: no-cache
date: Sun, 09 Apr 2023 12:40:55 GMT
content-length: 16

19:40:55.271 [AsyncHttpClient-1-4] DEBUG org.asynchttpclient.netty.channel.ChannelManager - Adding key: http://localhost:51163 for channel [id: 0xebcfd797, L:/127.0.0.1:58592 - R:localhost/127.0.0.1:51163]
19:40:55.275 [Forwarding findElement on session 18210c9e-40d7-4125-a5fd-91bed30a1cfc to remote] DEBUG org.asynchttpclient.netty.request.NettyRequestSender - Using pooled Channel '[id: 0xebcfd797, L:/127.0.0.1:58592 - R:localhost/127.0.0.1:51163]' for 'POST' to 'http://localhost:51163/session/18210c9e-40d7-4125-a5fd-91bed30a1cfc/element'
19:40:55.275 [Forwarding findElement on session 18210c9e-40d7-4125-a5fd-91bed30a1cfc to remote] DEBUG org.asynchttpclient.netty.request.NettyRequestSender - Using open Channel [id: 0xebcfd797, L:/127.0.0.1:58592 - R:localhost/127.0.0.1:51163] for POST '/session/18210c9e-40d7-4125-a5fd-91bed30a1cfc/element'
19:40:55.388 [AsyncHttpClient-1-4] DEBUG org.asynchttpclient.netty.handler.HttpHandler - 

Request DefaultHttpRequest(decodeResult: success, version: HTTP/1.1)
POST /session/18210c9e-40d7-4125-a5fd-91bed30a1cfc/element HTTP/1.1
User-Agent: selenium/4.1.2 (java windows)
Content-Length: 104
Content-Type: application/json; charset=utf-8
host: localhost:51163
accept: */*

Response DefaultHttpResponse(decodeResult: success, version: HTTP/1.1)
HTTP/1.1 200 OK
content-type: application/json; charset=utf-8
cache-control: no-cache
date: Sun, 09 Apr 2023 12:40:55 GMT
content-length: 88

19:40:55.388 [AsyncHttpClient-1-4] DEBUG org.asynchttpclient.netty.channel.ChannelManager - Adding key: http://localhost:51163 for channel [id: 0xebcfd797, L:/127.0.0.1:58592 - R:localhost/127.0.0.1:51163]
19:40:55.390 [Forwarding clickElement on session 18210c9e-40d7-4125-a5fd-91bed30a1cfc to remote] DEBUG org.asynchttpclient.netty.request.NettyRequestSender - Using pooled Channel '[id: 0xebcfd797, L:/127.0.0.1:58592 - R:localhost/127.0.0.1:51163]' for 'POST' to 'http://localhost:51163/session/18210c9e-40d7-4125-a5fd-91bed30a1cfc/element/6e6f70b4-599d-4ddc-bdda-3f9fb7970927/click'
19:40:55.391 [Forwarding clickElement on session 18210c9e-40d7-4125-a5fd-91bed30a1cfc to remote] DEBUG org.asynchttpclient.netty.request.NettyRequestSender - Using open Channel [id: 0xebcfd797, L:/127.0.0.1:58592 - R:localhost/127.0.0.1:51163] for POST '/session/18210c9e-40d7-4125-a5fd-91bed30a1cfc/element/6e6f70b4-599d-4ddc-bdda-3f9fb7970927/click'
19:40:56.014 [AsyncHttpClient-1-4] DEBUG org.asynchttpclient.netty.handler.HttpHandler - 

Request DefaultHttpRequest(decodeResult: success, version: HTTP/1.1)
POST /session/18210c9e-40d7-4125-a5fd-91bed30a1cfc/element/6e6f70b4-599d-4ddc-bdda-3f9fb7970927/click HTTP/1.1
User-Agent: selenium/4.1.2 (java windows)
Content-Length: 50
Content-Type: application/json; charset=utf-8
host: localhost:51163
accept: */*

Response DefaultHttpResponse(decodeResult: success, version: HTTP/1.1)
HTTP/1.1 200 OK
content-type: application/json; charset=utf-8
cache-control: no-cache
date: Sun, 09 Apr 2023 12:40:55 GMT
content-length: 14

19:40:56.014 [AsyncHttpClient-1-4] DEBUG org.asynchttpclient.netty.channel.ChannelManager - Adding key: http://localhost:51163 for channel [id: 0xebcfd797, L:/127.0.0.1:58592 - R:localhost/127.0.0.1:51163]
  &amp#27;[32mWhen &amp#27;[0m&amp#27;[32mI will go to &amp#27;[0m&amp#27;[32m&amp#27;[1m"luaran2"&amp#27;[0m     &amp#27;[90m# starter.stepdefinitions.BabyStep.iWillGoTo(java.lang.String)&amp#27;[0m
19:40:56.019 [Forwarding screenshot on session 18210c9e-40d7-4125-a5fd-91bed30a1cfc to remote] DEBUG org.asynchttpclient.netty.request.NettyRequestSender - Using pooled Channel '[id: 0xebcfd797, L:/127.0.0.1:58592 - R:localhost/127.0.0.1:51163]' for 'GET' to 'http://localhost:51163/session/18210c9e-40d7-4125-a5fd-91bed30a1cfc/screenshot'
19:40:56.019 [Forwarding screenshot on session 18210c9e-40d7-4125-a5fd-91bed30a1cfc to remote] DEBUG org.asynchttpclient.netty.request.NettyRequestSender - Using open Channel [id: 0xebcfd797, L:/127.0.0.1:58592 - R:localhost/127.0.0.1:51163] for GET '/session/18210c9e-40d7-4125-a5fd-91bed30a1cfc/screenshot'
19:40:56.228 [AsyncHttpClient-1-4] DEBUG org.asynchttpclient.netty.handler.HttpHandler - 

Request DefaultFullHttpRequest(decodeResult: success, version: HTTP/1.1, content: EmptyByteBufBE)
GET /session/18210c9e-40d7-4125-a5fd-91bed30a1cfc/screenshot HTTP/1.1
User-Agent: selenium/4.1.2 (java windows)
Cache-Control: no-cache
Content-Type: application/json; charset=utf-8
host: localhost:51163
accept: */*

Response DefaultHttpResponse(decodeResult: success, version: HTTP/1.1)
HTTP/1.1 200 OK
content-type: application/json; charset=utf-8
cache-control: no-cache
date: Sun, 09 Apr 2023 12:40:55 GMT
content-length: 79688

19:40:56.228 [AsyncHttpClient-1-4] DEBUG org.asynchttpclient.netty.channel.ChannelManager - Adding key: http://localhost:51163 for channel [id: 0xebcfd797, L:/127.0.0.1:58592 - R:localhost/127.0.0.1:51163]
19:40:56.231 [main] DEBUG net.serenitybdd.core.photography.Darkroom - Send negative for processing for target\site\serenity\0125331b34ffbe0980d3cf91d2b200c1ed472f4909a575b816353ef568a550cc.png
19:40:56.231 [Darkroom Processing Line] DEBUG net.serenitybdd.core.photography.DarkroomProcessingLine - Processing screenshot image in /var/screenshots/screenshot-629601731428356887
19:40:56.231 [Darkroom Processing Line] DEBUG net.serenitybdd.core.photography.DarkroomProcessingLine - Saving screenshot to target\site\serenity\0125331b34ffbe0980d3cf91d2b200c1ed472f4909a575b816353ef568a550cc.png
19:40:56.240 [Forwarding findElement on session 18210c9e-40d7-4125-a5fd-91bed30a1cfc to remote] DEBUG org.asynchttpclient.netty.request.NettyRequestSender - Using pooled Channel '[id: 0xebcfd797, L:/127.0.0.1:58592 - R:localhost/127.0.0.1:51163]' for 'POST' to 'http://localhost:51163/session/18210c9e-40d7-4125-a5fd-91bed30a1cfc/element'
19:40:56.241 [Forwarding findElement on session 18210c9e-40d7-4125-a5fd-91bed30a1cfc to remote] DEBUG org.asynchttpclient.netty.request.NettyRequestSender - Using open Channel [id: 0xebcfd797, L:/127.0.0.1:58592 - R:localhost/127.0.0.1:51163] for POST '/session/18210c9e-40d7-4125-a5fd-91bed30a1cfc/element'
19:40:56.260 [AsyncHttpClient-1-4] DEBUG org.asynchttpclient.netty.handler.HttpHandler - 

Request DefaultHttpRequest(decodeResult: success, version: HTTP/1.1)
POST /session/18210c9e-40d7-4125-a5fd-91bed30a1cfc/element HTTP/1.1
User-Agent: selenium/4.1.2 (java windows)
Content-Length: 89
Content-Type: application/json; charset=utf-8
host: localhost:51163
accept: */*

Response DefaultHttpResponse(decodeResult: success, version: HTTP/1.1)
HTTP/1.1 200 OK
content-type: application/json; charset=utf-8
cache-control: no-cache
date: Sun, 09 Apr 2023 12:40:56 GMT
content-length: 88

19:40:56.260 [AsyncHttpClient-1-4] DEBUG org.asynchttpclient.netty.channel.ChannelManager - Adding key: http://localhost:51163 for channel [id: 0xebcfd797, L:/127.0.0.1:58592 - R:localhost/127.0.0.1:51163]
19:40:56.264 [Forwarding isElementDisplayed on session 18210c9e-40d7-4125-a5fd-91bed30a1cfc to remote] DEBUG org.asynchttpclient.netty.request.NettyRequestSender - Using pooled Channel '[id: 0xebcfd797, L:/127.0.0.1:58592 - R:localhost/127.0.0.1:51163]' for 'POST' to 'http://localhost:51163/session/18210c9e-40d7-4125-a5fd-91bed30a1cfc/execute/sync'
19:40:56.264 [Forwarding isElementDisplayed on session 18210c9e-40d7-4125-a5fd-91bed30a1cfc to remote] DEBUG org.asynchttpclient.netty.request.NettyRequestSender - Using open Channel [id: 0xebcfd797, L:/127.0.0.1:58592 - R:localhost/127.0.0.1:51163] for POST '/session/18210c9e-40d7-4125-a5fd-91bed30a1cfc/execute/sync'
19:40:56.280 [AsyncHttpClient-1-4] DEBUG org.asynchttpclient.netty.handler.HttpHandler - 

Request DefaultHttpRequest(decodeResult: success, version: HTTP/1.1)
POST /session/18210c9e-40d7-4125-a5fd-91bed30a1cfc/execute/sync HTTP/1.1
User-Agent: selenium/4.1.2 (java windows)
Content-Length: 48780
Content-Type: application/json; charset=utf-8
host: localhost:51163
accept: */*

Response DefaultHttpResponse(decodeResult: success, version: HTTP/1.1)
HTTP/1.1 200 OK
content-type: application/json; charset=utf-8
cache-control: no-cache
date: Sun, 09 Apr 2023 12:40:56 GMT
content-length: 14

19:40:56.280 [AsyncHttpClient-1-4] DEBUG org.asynchttpclient.netty.channel.ChannelManager - Adding key: http://localhost:51163 for channel [id: 0xebcfd797, L:/127.0.0.1:58592 - R:localhost/127.0.0.1:51163]
  &amp#27;[32mAnd &amp#27;[0m&amp#27;[32mI &amp#27;[0m&amp#27;[32m&amp#27;[1m"txtLuaran2"&amp#27;[0m&amp#27;[32m page&amp#27;[0m         &amp#27;[90m# starter.stepdefinitions.BabyStep.iPage(java.lang.String)&amp#27;[0m
19:40:56.284 [Forwarding screenshot on session 18210c9e-40d7-4125-a5fd-91bed30a1cfc to remote] DEBUG org.asynchttpclient.netty.request.NettyRequestSender - Using pooled Channel '[id: 0xebcfd797, L:/127.0.0.1:58592 - R:localhost/127.0.0.1:51163]' for 'GET' to 'http://localhost:51163/session/18210c9e-40d7-4125-a5fd-91bed30a1cfc/screenshot'
19:40:56.284 [Forwarding screenshot on session 18210c9e-40d7-4125-a5fd-91bed30a1cfc to remote] DEBUG org.asynchttpclient.netty.request.NettyRequestSender - Using open Channel [id: 0xebcfd797, L:/127.0.0.1:58592 - R:localhost/127.0.0.1:51163] for GET '/session/18210c9e-40d7-4125-a5fd-91bed30a1cfc/screenshot'
19:40:56.314 [AsyncHttpClient-1-4] DEBUG org.asynchttpclient.netty.handler.HttpHandler - 

Request DefaultFullHttpRequest(decodeResult: success, version: HTTP/1.1, content: EmptyByteBufBE)
GET /session/18210c9e-40d7-4125-a5fd-91bed30a1cfc/screenshot HTTP/1.1
User-Agent: selenium/4.1.2 (java windows)
Cache-Control: no-cache
Content-Type: application/json; charset=utf-8
host: localhost:51163
accept: */*

Response DefaultHttpResponse(decodeResult: success, version: HTTP/1.1)
HTTP/1.1 200 OK
content-type: application/json; charset=utf-8
cache-control: no-cache
date: Sun, 09 Apr 2023 12:40:56 GMT
content-length: 79720

19:40:56.314 [AsyncHttpClient-1-4] DEBUG org.asynchttpclient.netty.channel.ChannelManager - Adding key: http://localhost:51163 for channel [id: 0xebcfd797, L:/127.0.0.1:58592 - R:localhost/127.0.0.1:51163]
19:40:56.317 [main] DEBUG net.serenitybdd.core.photography.Darkroom - Send negative for processing for target\site\serenity\09513ebc3b36ed3e7b96d6ea792f270355fe2a1226045fd15ac7863d07e2d63e.png
19:40:56.317 [Darkroom Processing Line] DEBUG net.serenitybdd.core.photography.DarkroomProcessingLine - Processing screenshot image in /var/screenshots/screenshot-8177436338731960138
19:40:56.317 [Darkroom Processing Line] DEBUG net.serenitybdd.core.photography.DarkroomProcessingLine - Saving screenshot to target\site\serenity\09513ebc3b36ed3e7b96d6ea792f270355fe2a1226045fd15ac7863d07e2d63e.png
19:40:56.324 [Driver Command Executor] DEBUG org.asynchttpclient.netty.request.NettyRequestSender - Using pooled Channel '[id: 0xebcfd797, L:/127.0.0.1:58592 - R:localhost/127.0.0.1:51163]' for 'DELETE' to 'http://localhost:51163/session/18210c9e-40d7-4125-a5fd-91bed30a1cfc'
19:40:56.324 [Driver Command Executor] DEBUG org.asynchttpclient.netty.request.NettyRequestSender - Using open Channel [id: 0xebcfd797, L:/127.0.0.1:58592 - R:localhost/127.0.0.1:51163] for DELETE '/session/18210c9e-40d7-4125-a5fd-91bed30a1cfc'
19:40:57.389 [AsyncHttpClient-1-4] DEBUG org.asynchttpclient.netty.handler.HttpHandler - 

Request DefaultFullHttpRequest(decodeResult: success, version: HTTP/1.1, content: EmptyByteBufBE)
DELETE /session/18210c9e-40d7-4125-a5fd-91bed30a1cfc HTTP/1.1
User-Agent: selenium/4.1.2 (java windows)
Content-Type: application/json; charset=utf-8
host: localhost:51163
accept: */*

Response DefaultHttpResponse(decodeResult: success, version: HTTP/1.1)
HTTP/1.1 200 OK
content-type: application/json; charset=utf-8
cache-control: no-cache
date: Sun, 09 Apr 2023 12:40:56 GMT
content-length: 14

19:40:57.390 [AsyncHttpClient-1-4] DEBUG org.asynchttpclient.netty.channel.ChannelManager - Adding key: http://localhost:51163 for channel [id: 0xebcfd797, L:/127.0.0.1:58592 - R:localhost/127.0.0.1:51163]
19:40:57.391 [AsyncHttpClient-1-4] DEBUG org.asynchttpclient.netty.handler.HttpHandler - Unexpected I/O exception on channel [id: 0xebcfd797, L:/127.0.0.1:58592 - R:localhost/127.0.0.1:51163]
java.net.SocketException: Connection reset
	at java.base/sun.nio.ch.SocketChannelImpl.throwConnectionReset(SocketChannelImpl.java:345)
	at java.base/sun.nio.ch.SocketChannelImpl.read(SocketChannelImpl.java:376)
	at io.netty.buffer.PooledByteBuf.setBytes(PooledByteBuf.java:258)
	at io.netty.buffer.AbstractByteBuf.writeBytes(AbstractByteBuf.java:1132)
	at io.netty.channel.socket.nio.NioSocketChannel.doReadBytes(NioSocketChannel.java:350)
	at io.netty.channel.nio.AbstractNioByteChannel$NioByteUnsafe.read(AbstractNioByteChannel.java:151)
	at io.netty.channel.nio.NioEventLoop.processSelectedKey(NioEventLoop.java:722)
	at io.netty.channel.nio.NioEventLoop.processSelectedKeysOptimized(NioEventLoop.java:658)
	at io.netty.channel.nio.NioEventLoop.processSelectedKeys(NioEventLoop.java:584)
	at io.netty.channel.nio.NioEventLoop.run(NioEventLoop.java:496)
	at io.netty.util.concurrent.SingleThreadEventExecutor$4.run(SingleThreadEventExecutor.java:986)
	at io.netty.util.internal.ThreadExecutorMap$2.run(ThreadExecutorMap.java:74)
	at io.netty.util.concurrent.FastThreadLocalRunnable.run(FastThreadLocalRunnable.java:30)
	at java.base/java.lang.Thread.run(Thread.java:830)
19:40:57.392 [AsyncHttpClient-1-4] DEBUG org.asynchttpclient.netty.channel.ChannelManager - Closing Channel [id: 0xebcfd797, L:/127.0.0.1:58592 - R:localhost/127.0.0.1:51163] 
19:40:57.392 [AsyncHttpClient-1-4] DEBUG org.asynchttpclient.netty.handler.HttpHandler - Channel Closed: [id: 0xebcfd797, L:/127.0.0.1:58592 ! R:localhost/127.0.0.1:51163] with attribute DISCARD
]]></system-out>
    <system-err><![CDATA[1681044048972	geckodriver	INFO	Listening on 127.0.0.1:51163
1681044049462	mozrunner::runner	INFO	Running command: "C:\\Program Files\\Mozilla Firefox\\firefox.exe" "--marionette" "" "--remote-debugging-port" "49689" "--remote-allow-hosts" "localhost" "-no-remote" "-profile" "C:\\Users\\alwi\\AppData\\Local\\Temp\\rust_mozprofilecipcf0"
console.warn: services.settings: Ignoring preference override of remote settings server
console.warn: services.settings: Allow by setting MOZ_REMOTE_SETTINGS_DEVTOOLS=1 in the environment
1681044049801	Marionette	INFO	Marionette enabled
Dynamically enable window occlusion 0
1681044049806	Marionette	INFO	Listening on port 58595
WebDriver BiDi listening on ws://127.0.0.1:49689
Read port: 58595
1681044050044	RemoteAgent	WARN	TLS certificate errors will be ignored for this session
console.warn: SearchSettings: "get: No settings file exists, new profile?" (new NotFoundError("Could not open the file at C:\\Users\\alwi\\AppData\\Local\\Temp\\rust_mozprofilecipcf0\\search.json.mozlz4", (void 0)))
DevTools listening on ws://127.0.0.1:49689/devtools/browser/5aa9d1b2-0334-4a85-b1db-a98dea819680
Apr 09, 2023 7:40:51 PM org.openqa.selenium.remote.ProtocolHandshake createSession
INFO: Detected dialect: W3C
JavaScript warning: https://www.uniqlo.com/oQfZRN8zACRR/OQ/-x_RMR-EGX/k95OLrhJQ5/OXl6GHI5AQ/PnUdVS/RrZQs, line 1: unreachable code after return statement
JavaScript warning: https://www.uniqlo.com/id/elgnisolqinu.js?async&seed=AECl_mWHAQAAhXleUcVgnU2eEowETsYZDsExG9MVfyypS8j2a8yO2N_NY-zV&x-i1ysm4mm--z=q, line 1: WEBGL_debug_renderer_info is deprecated in Firefox and will be removed. Please use RENDERER.
JavaScript warning: https://www.uniqlo.com/oQfZRN8zACRR/OQ/-x_RMR-EGX/k95OLrhJQ5/OXl6GHI5AQ/PnUdVS/RrZQs, line 1: WEBGL_debug_renderer_info is deprecated in Firefox and will be removed. Please use RENDERER.
1681044056325	Marionette	INFO	Stopped listening on port 58595
Dynamically enable window occlusion 1
WARNING: A blocker encountered an error while we were waiting.
          Blocker:  Waiting for ping task
          Phase: TelemetryController: Waiting for pending ping activity
          State: (none)
WARNING: Error: Phase "profile-before-change" is finished, it is too late to register completion condition "OS.File: flush I/O queued before profileBeforeChange"
WARNING: addBlocker@resource://gre/modules/AsyncShutdown.sys.mjs:727:15
addBlocker@resource://gre/modules/AsyncShutdown.sys.mjs:523:26
addBlocker@resource://gre/modules/AsyncShutdown.sys.mjs:458:15
setupShutdown@resource://gre/modules/osfile/osfile_async_front.jsm:1548:28
@resource://gre/modules/osfile/osfile_async_front.jsm:1568:16
@resource://gre/modules/osfile.jsm:12:30
@resource://gre/modules/TelemetryStorage.sys.mjs:10:28
_checkPendingPings@resource://gre/modules/TelemetrySend.sys.mjs:863:17
setup@resource://gre/modules/TelemetrySend.sys.mjs:803:18
setup@resource://gre/modules/TelemetrySend.sys.mjs:241:30
setupTelemetry/this._delayedInitTask<@resource://gre/modules/TelemetryControllerParent.sys.mjs:828:36
observe@resource://gre/modules/AsyncShutdown.sys.mjs:576:16

console.error: "TelemetryScheduler.shutdown - Already shut down"
WARNING: A blocker encountered an error while we were waiting.
          Blocker:  Waiting for ping task
          Phase: TelemetryController: Waiting for pending ping activity
          State: (none)
WARNING: Error: Phase "profile-before-change" is finished, it is too late to register completion condition "OS.File: flush I/O queued before profileBeforeChange"
WARNING: addBlocker@resource://gre/modules/AsyncShutdown.sys.mjs:727:15
addBlocker@resource://gre/modules/AsyncShutdown.sys.mjs:523:26
addBlocker@resource://gre/modules/AsyncShutdown.sys.mjs:458:15
setupShutdown@resource://gre/modules/osfile/osfile_async_front.jsm:1548:28
@resource://gre/modules/osfile/osfile_async_front.jsm:1568:16
@resource://gre/modules/osfile.jsm:12:30
@resource://gre/modules/TelemetryStorage.sys.mjs:10:28
_checkPendingPings@resource://gre/modules/TelemetrySend.sys.mjs:863:17
setup@resource://gre/modules/TelemetrySend.sys.mjs:803:18
setup@resource://gre/modules/TelemetrySend.sys.mjs:241:30
setupTelemetry/this._delayedInitTask<@resource://gre/modules/TelemetryControllerParent.sys.mjs:828:36
observe@resource://gre/modules/AsyncShutdown.sys.mjs:576:16

WARNING: A blocker encountered an error while we were waiting.
          Blocker:  Waiting for ping task
          Phase: TelemetryController: Waiting for pending ping activity
          State: (none)
WARNING: Error: Phase "profile-before-change" is finished, it is too late to register completion condition "OS.File: flush I/O queued before profileBeforeChange"
WARNING: addBlocker@resource://gre/modules/AsyncShutdown.sys.mjs:727:15
addBlocker@resource://gre/modules/AsyncShutdown.sys.mjs:523:26
addBlocker@resource://gre/modules/AsyncShutdown.sys.mjs:458:15
setupShutdown@resource://gre/modules/osfile/osfile_async_front.jsm:1548:28
@resource://gre/modules/osfile/osfile_async_front.jsm:1568:16
@resource://gre/modules/osfile.jsm:12:30
@resource://gre/modules/TelemetryStorage.sys.mjs:10:28
_checkPendingPings@resource://gre/modules/TelemetrySend.sys.mjs:863:17
setup@resource://gre/modules/TelemetrySend.sys.mjs:803:18
setup@resource://gre/modules/TelemetrySend.sys.mjs:241:30
setupTelemetry/this._delayedInitTask<@resource://gre/modules/TelemetryControllerParent.sys.mjs:828:36
observe@resource://gre/modules/AsyncShutdown.sys.mjs:576:16

WARNING: A blocker encountered an error while we were waiting.
          Blocker:  TelemetryController: shutting down
          Phase: profile-before-change-telemetry
          State: Error getting state: Error: PhaseJ "apvraoSfcirlipet- beerfroorre:- crheasnoge"ur cise :f//ignirsehe/dm,o diutl eiss/ Astyoon clSahtuted otwon .rsyesg.imsjtse,r  lcionme 727:p Elrertoiro:n  Pchaosned i"tpiroonf i"leO-Sb.eFfiloree: -cfhlaunsghe "I /iOs  qfuienuieshde db,e forei t pirso tfoiol elBaetfeo rteoC rheagniges"t eart  caodmdpBlleotciokne rc@ornedsioturicone :"/O/Sg.rFei/lme:o dfullueshs /I/AsyOn cqSuheuuetdd obwenf.osryes .pmrjosfi:l72e7Be:f15or
eaCdhdaBnlogec"ke
r@resource:/J/agvraeSc/modruilpets /erArsoyrn:cS hruetsdoowunr.csye:s/.m/jsg:r5e2/3m:2o6du
ladedsB/lAocskyenrc@Srheusotudrocew:n/./gsryes/.mmojdsu, lleisn/e A7s2y7n:c SEhrurtodro:w nP.hassyes ."mpjros:fi45l8:e1-5bef
orsee-tcuhpSanhguet"d oiwsn f@riesnioshurecde,: /it /isg rteo/omo dluatlees /too srfeiglies/toesrf icloem_palseytnico_fn rcoonntd.ijtsiomn: 1"O5S4.8F:i2l8e:
 @resfoluursche :I///gOr eq/umeoueddu lbeefso/rosef iprleo/foislfeiBelfeo_raesCyhnacn_gfer"ont.
jJsamva:S1c5r6i8p:t1 6er
r@orre:s oruerce:s/o/ugrrec/em:o/d/uglerse//omosdfuillese/.Ajssmy:n1c2S:hu3t0down.sys
.m@rjses,o urlcine:e /727: /Egrrreo/rm:o Phadsuel e"sp/roTfeilelmee-tbreyfSotroer-acghea.nsgys.mej"s :is1 0f:2i8ni
s_hcehde,c kit Piesn dingPintgoos@ rleastoe turoc e:r/e/ggirset/emr ocduloemsp/lTeetlieomne tcronydSeintdi.soyns ."mOjsS:.8F6i3:le1:7 
flsuesthu pI@r/Oe sqouurecue:e/d/ gbreef/omroedu plreosf/iTleelBeemfeotrrySeenCdh.ansygse."mj
sJ:a8v0a3S:c1r8ipt
 seetup@rrreosro:u rrcees:o/u/rgcree://m/ogrdeu/lmesod/uTelleesm/etAsryySnceSnhdu.stydso.wmnj.ss:2y41s:.3mj0s
,s etluipnTee l7e2m7e:t rEryr/othisr.:_ dPehalsayee d"InpirtoTfaislke<-@breefsoourrec-ec:h/a/nggree"/ miodsu lfeisn/iTsehledemet,ry Ciotn tirso tloloe rlPataer etnot r.esygsi.stmejr s:co8m2p8l:e3t6io
no bcosnedrvitei@onr es"oOuSr.cFei:l/e/:g rfel/muosdhu leIs/O/ AqsuyenuecdS hbuetfdoorew np.rsoyfisl.emBjesfo:r5e7C6h:a1n6ge
"

WJaAvRaSNcIrNiGpt:  Eerrrroorr::  rPehsaosuer ce:"/p/rgorfei/lmeo-dbuelfeosr/eA-scyhnacnSgheu"t idso wfni.nsiyssh.edm,j si,t l iines  7t27o:o  Erlrate otro:  rPehgaises t"eprr ocfiolmep-lbeetfiooren- cchoanngdei"t iiosn  fi"nOSi.Fshieled: ,f iltu sihs  It/oOo  qluaetuee dt boe froregiest eprr ocfoimplleeBteifoonr ecCohnadintgieo"n 
W"AORS.NFiIleNG: :f laudsdh BIl/ocOk erqu@erueesd obuerfcore preo:fi/l/egrBee/fmoordeuClheasn/gAes"yn
JcaShvauSctrdoiwpnt.s yesr.rmorj:s :r7es2o7u:r1c5e://
gardedBlo/cmkodeurl@eresso/uArscey:n/c/gSreh/umtdoodwunl.essy/sA.smjynsc,Sh ultdionwen. sy7s2.m7j:s :Er5r2o3r::2 6Ph
aasddeBl o"cprkofeirl@er-ebesofurocree:/-/cgrhe/amnodgulee"s /AisyncShutdowsn .sfysi.nmijss:h45e8:d1,5 
isett upiSshu ttdoowon @rlesaotuer cteo: re/g/igsret/meordu lceso/mopsfleitlieo/no scofilned_aistyinco_nfr o"ntO.Sj.Fsimle:: 1fl5u4s8:28h
 @Ire/sOo urqceu:eu/e/dg rbee/fomrodeu plers/oofsfiillee/BoesfforielCe_hanagsyen"c_f
ront.jsm:1568:16
@resource://gre/modules/osfile.jsm:12:30
@resource://gre/modules/TelemetryStorage.sys.mjs:10:28
_checkPendingPings@resource://gre/modules/TelemetrySend.sys.mjs:863:17
setup@resource://gre/modules/TelemetrySend.sys.mjs:803:18
setup@resource://gre/modules/TelemetrySend.sys.mjs:241:30
setupTelemetry/this._delayedInitTask<@resource://gre/modules/TelemetryControllerParent.sys.mjs:828:36
observe@resource://gre/modules/AsyncShutdown.sys.mjs:576:16

]]></system-err>
  </testcase>
  <testcase name="Fitur Menu Baby #18" classname="Baby" time="8.49">
    <system-out><![CDATA[
@baby
Scenario Outline: Fitur Menu Baby &amp#27;[90m# src/test/resources/features/Baby.feature:30&amp#27;[0m
19:40:57.449 [main] INFO io.cucumber.core.plugin.SerenityReporter - Running feature from file:///C:/Users/alwi/IdeaProjects/uniqloweb/src/test/resources/features/Baby.feature
19:40:57.459 [main] INFO net.serenitybdd.core.webdriver.driverproviders.FirefoxDriverProvider - Using automatically driver download
19:40:57.554 [main] DEBUG io.github.bonigarcia.wdm.cache.ResolutionCache - Resolution firefox=111 in cache (valid until 20:30:50 09/04/2023 WIB)
19:40:57.557 [main] DEBUG io.github.bonigarcia.wdm.cache.ResolutionCache - Resolution firefox111=0.32.2 in cache (valid until 19:30:50 10/04/2023 WIB)
19:40:57.559 [main] INFO io.github.bonigarcia.wdm.WebDriverManager - Using geckodriver 0.32.2 (resolved driver for Firefox 111)
19:40:57.571 [main] DEBUG io.github.bonigarcia.wdm.WebDriverManager - Driver geckodriver 0.32.2 found in cache
19:40:57.572 [main] INFO io.github.bonigarcia.wdm.WebDriverManager - Exporting webdriver.gecko.driver as C:\Users\alwi\.cache\selenium\geckodriver\win64\0.32.2\geckodriver.exe
19:40:57.583 [main] DEBUG net.serenitybdd.core.webdriver.driverproviders.ProvideNewDriver - Instantiating driver
19:40:57.583 [main] DEBUG net.serenitybdd.core.webdriver.driverproviders.ProvideNewDriver - Driver capabilities: Capabilities {acceptInsecureCerts: true, browserName: firefox, moz:debuggerAddress: true, moz:firefoxOptions: {args: [], profile: UEsDBBQACAgIABydiVYAAAAAAAA...}}
19:40:57.625 [AsyncHttpClient-1-1] DEBUG org.asynchttpclient.netty.channel.DefaultChannelPool - Entry count for : http://localhost:51163 : 1
19:40:57.625 [AsyncHttpClient-1-1] DEBUG org.asynchttpclient.netty.channel.DefaultChannelPool - Adding Candidate expired Channel [id: 0xebcfd797, L:/127.0.0.1:58592 ! R:localhost/127.0.0.1:51163] isIdleTimeoutExpired=false isRemotelyClosed=true isTtlExpired=false
19:40:57.625 [AsyncHttpClient-1-1] DEBUG org.asynchttpclient.netty.channel.DefaultChannelPool - Closing Idle Channel [id: 0xebcfd797, L:/127.0.0.1:58592 ! R:localhost/127.0.0.1:51163]
19:40:57.625 [AsyncHttpClient-1-1] DEBUG org.asynchttpclient.netty.channel.DefaultChannelPool - Closed 1 connections out of 1 in 0 ms
19:40:58.125 [AsyncHttpClient-1-6] DEBUG org.asynchttpclient.netty.channel.NettyConnectListener - Using new Channel '[id: 0x55b00dd6, L:/127.0.0.1:58691 - R:localhost/127.0.0.1:58527]' for 'POST' to '/session'
19:41:00.455 [AsyncHttpClient-1-6] DEBUG org.asynchttpclient.netty.handler.HttpHandler - 

Request DefaultHttpRequest(decodeResult: success, version: HTTP/1.1)
POST /session HTTP/1.1
User-Agent: selenium/4.1.2 (java windows)
Content-Length: 3673
Content-Type: application/json; charset=utf-8
host: localhost:58527
accept: */*

Response DefaultHttpResponse(decodeResult: success, version: HTTP/1.1)
HTTP/1.1 200 OK
content-type: application/json; charset=utf-8
cache-control: no-cache
date: Sun, 09 Apr 2023 12:40:58 GMT
content-length: 789

19:41:00.455 [AsyncHttpClient-1-6] DEBUG org.asynchttpclient.netty.channel.ChannelManager - Adding key: http://localhost:58527 for channel [id: 0x55b00dd6, L:/127.0.0.1:58691 - R:localhost/127.0.0.1:58527]
19:41:00.462 [AsyncHttpClient-1-7] DEBUG org.asynchttpclient.netty.channel.NettyConnectListener - Using new Channel '[id: 0xdeab27e2, L:/127.0.0.1:58705 - R:/127.0.0.1:50261]' for 'GET' to '/json/version'
19:41:00.465 [AsyncHttpClient-1-7] DEBUG org.asynchttpclient.netty.handler.HttpHandler - 

Request DefaultFullHttpRequest(decodeResult: success, version: HTTP/1.1, content: EmptyByteBufBE)
GET /json/version HTTP/1.1
User-Agent: selenium/4.1.2 (java windows)
host: 127.0.0.1:50261
accept: */*

Response DefaultHttpResponse(decodeResult: success, version: HTTP/1.1)
HTTP/1.1 200 OK
content-type: application/json
connection: close
server: httpd.js
date: Sun, 09 Apr 2023 12:41:00 GMT
content-length: 311

19:41:00.466 [AsyncHttpClient-1-7] DEBUG org.asynchttpclient.netty.channel.ChannelManager - Closing Channel [id: 0xdeab27e2, L:/127.0.0.1:58705 - R:/127.0.0.1:50261] 
19:41:00.466 [AsyncHttpClient-1-7] DEBUG org.asynchttpclient.netty.handler.HttpHandler - Channel Closed: [id: 0xdeab27e2, L:/127.0.0.1:58705 ! R:/127.0.0.1:50261] with attribute DISCARD
19:41:00.468 [Forwarding get on session 5489bfd9-525f-430a-84d8-e7cb1620b1d7 to remote] DEBUG org.asynchttpclient.netty.request.NettyRequestSender - Using pooled Channel '[id: 0x55b00dd6, L:/127.0.0.1:58691 - R:localhost/127.0.0.1:58527]' for 'POST' to 'http://localhost:58527/session/5489bfd9-525f-430a-84d8-e7cb1620b1d7/url'
19:41:00.468 [Forwarding get on session 5489bfd9-525f-430a-84d8-e7cb1620b1d7 to remote] DEBUG org.asynchttpclient.netty.request.NettyRequestSender - Using open Channel [id: 0x55b00dd6, L:/127.0.0.1:58691 - R:localhost/127.0.0.1:58527] for POST '/session/5489bfd9-525f-430a-84d8-e7cb1620b1d7/url'
19:41:02.748 [AsyncHttpClient-1-6] DEBUG org.asynchttpclient.netty.handler.HttpHandler - 

Request DefaultHttpRequest(decodeResult: success, version: HTTP/1.1)
POST /session/5489bfd9-525f-430a-84d8-e7cb1620b1d7/url HTTP/1.1
User-Agent: selenium/4.1.2 (java windows)
Content-Length: 53
Content-Type: application/json; charset=utf-8
host: localhost:58527
accept: */*

Response DefaultHttpResponse(decodeResult: success, version: HTTP/1.1)
HTTP/1.1 200 OK
content-type: application/json; charset=utf-8
cache-control: no-cache
date: Sun, 09 Apr 2023 12:41:00 GMT
content-length: 14

19:41:02.748 [AsyncHttpClient-1-6] DEBUG org.asynchttpclient.netty.channel.ChannelManager - Adding key: http://localhost:58527 for channel [id: 0x55b00dd6, L:/127.0.0.1:58691 - R:localhost/127.0.0.1:58527]
19:41:02.750 [Forwarding setTimeout on session 5489bfd9-525f-430a-84d8-e7cb1620b1d7 to remote] DEBUG org.asynchttpclient.netty.request.NettyRequestSender - Using pooled Channel '[id: 0x55b00dd6, L:/127.0.0.1:58691 - R:localhost/127.0.0.1:58527]' for 'POST' to 'http://localhost:58527/session/5489bfd9-525f-430a-84d8-e7cb1620b1d7/timeouts'
19:41:02.751 [Forwarding setTimeout on session 5489bfd9-525f-430a-84d8-e7cb1620b1d7 to remote] DEBUG org.asynchttpclient.netty.request.NettyRequestSender - Using open Channel [id: 0x55b00dd6, L:/127.0.0.1:58691 - R:localhost/127.0.0.1:58527] for POST '/session/5489bfd9-525f-430a-84d8-e7cb1620b1d7/timeouts'
19:41:02.754 [AsyncHttpClient-1-6] DEBUG org.asynchttpclient.netty.handler.HttpHandler - 

Request DefaultHttpRequest(decodeResult: success, version: HTTP/1.1)
POST /session/5489bfd9-525f-430a-84d8-e7cb1620b1d7/timeouts HTTP/1.1
User-Agent: selenium/4.1.2 (java windows)
Content-Length: 22
Content-Type: application/json; charset=utf-8
host: localhost:58527
accept: */*

Response DefaultHttpResponse(decodeResult: success, version: HTTP/1.1)
HTTP/1.1 200 OK
content-type: application/json; charset=utf-8
cache-control: no-cache
date: Sun, 09 Apr 2023 12:41:02 GMT
content-length: 14

19:41:02.755 [AsyncHttpClient-1-6] DEBUG org.asynchttpclient.netty.channel.ChannelManager - Adding key: http://localhost:58527 for channel [id: 0x55b00dd6, L:/127.0.0.1:58691 - R:localhost/127.0.0.1:58527]
19:41:02.758 [Forwarding getCurrentUrl on session 5489bfd9-525f-430a-84d8-e7cb1620b1d7 to remote] DEBUG org.asynchttpclient.netty.request.NettyRequestSender - Using pooled Channel '[id: 0x55b00dd6, L:/127.0.0.1:58691 - R:localhost/127.0.0.1:58527]' for 'GET' to 'http://localhost:58527/session/5489bfd9-525f-430a-84d8-e7cb1620b1d7/url'
19:41:02.758 [Forwarding getCurrentUrl on session 5489bfd9-525f-430a-84d8-e7cb1620b1d7 to remote] DEBUG org.asynchttpclient.netty.request.NettyRequestSender - Using open Channel [id: 0x55b00dd6, L:/127.0.0.1:58691 - R:localhost/127.0.0.1:58527] for GET '/session/5489bfd9-525f-430a-84d8-e7cb1620b1d7/url'
19:41:02.761 [AsyncHttpClient-1-6] DEBUG org.asynchttpclient.netty.handler.HttpHandler - 

Request DefaultFullHttpRequest(decodeResult: success, version: HTTP/1.1, content: EmptyByteBufBE)
GET /session/5489bfd9-525f-430a-84d8-e7cb1620b1d7/url HTTP/1.1
User-Agent: selenium/4.1.2 (java windows)
Cache-Control: no-cache
Content-Type: application/json; charset=utf-8
host: localhost:58527
accept: */*

Response DefaultHttpResponse(decodeResult: success, version: HTTP/1.1)
HTTP/1.1 200 OK
content-type: application/json; charset=utf-8
cache-control: no-cache
date: Sun, 09 Apr 2023 12:41:02 GMT
content-length: 41

19:41:02.762 [AsyncHttpClient-1-6] DEBUG org.asynchttpclient.netty.channel.ChannelManager - Adding key: http://localhost:58527 for channel [id: 0x55b00dd6, L:/127.0.0.1:58691 - R:localhost/127.0.0.1:58527]
  &amp#27;[32mGiven &amp#27;[0m&amp#27;[32mI am on the home page&amp#27;[0m     &amp#27;[90m# starter.stepdefinitions.BabyStep.iAmOnTheHomePage()&amp#27;[0m
19:41:02.770 [Forwarding screenshot on session 5489bfd9-525f-430a-84d8-e7cb1620b1d7 to remote] DEBUG org.asynchttpclient.netty.request.NettyRequestSender - Using pooled Channel '[id: 0x55b00dd6, L:/127.0.0.1:58691 - R:localhost/127.0.0.1:58527]' for 'GET' to 'http://localhost:58527/session/5489bfd9-525f-430a-84d8-e7cb1620b1d7/screenshot'
19:41:02.770 [Forwarding screenshot on session 5489bfd9-525f-430a-84d8-e7cb1620b1d7 to remote] DEBUG org.asynchttpclient.netty.request.NettyRequestSender - Using open Channel [id: 0x55b00dd6, L:/127.0.0.1:58691 - R:localhost/127.0.0.1:58527] for GET '/session/5489bfd9-525f-430a-84d8-e7cb1620b1d7/screenshot'
19:41:03.383 [AsyncHttpClient-1-6] DEBUG org.asynchttpclient.netty.handler.HttpHandler - 

Request DefaultFullHttpRequest(decodeResult: success, version: HTTP/1.1, content: EmptyByteBufBE)
GET /session/5489bfd9-525f-430a-84d8-e7cb1620b1d7/screenshot HTTP/1.1
User-Agent: selenium/4.1.2 (java windows)
Cache-Control: no-cache
Content-Type: application/json; charset=utf-8
host: localhost:58527
accept: */*

Response DefaultHttpResponse(decodeResult: success, version: HTTP/1.1)
HTTP/1.1 200 OK
content-type: application/json; charset=utf-8
cache-control: no-cache
date: Sun, 09 Apr 2023 12:41:02 GMT
content-length: 101768

19:41:03.383 [AsyncHttpClient-1-6] DEBUG org.asynchttpclient.netty.channel.ChannelManager - Adding key: http://localhost:58527 for channel [id: 0x55b00dd6, L:/127.0.0.1:58691 - R:localhost/127.0.0.1:58527]
19:41:03.387 [main] DEBUG net.serenitybdd.core.photography.Darkroom - Send negative for processing for target\site\serenity\fba42504a5c8d2ebb1eac08006293b5580d207e80f8883e90094102e35399500.png
19:41:03.398 [Forwarding findElement on session 5489bfd9-525f-430a-84d8-e7cb1620b1d7 to remote] DEBUG org.asynchttpclient.netty.request.NettyRequestSender - Using pooled Channel '[id: 0x55b00dd6, L:/127.0.0.1:58691 - R:localhost/127.0.0.1:58527]' for 'POST' to 'http://localhost:58527/session/5489bfd9-525f-430a-84d8-e7cb1620b1d7/element'
19:41:03.398 [Forwarding findElement on session 5489bfd9-525f-430a-84d8-e7cb1620b1d7 to remote] DEBUG org.asynchttpclient.netty.request.NettyRequestSender - Using open Channel [id: 0x55b00dd6, L:/127.0.0.1:58691 - R:localhost/127.0.0.1:58527] for POST '/session/5489bfd9-525f-430a-84d8-e7cb1620b1d7/element'
19:41:03.440 [AsyncHttpClient-1-6] DEBUG org.asynchttpclient.netty.handler.HttpHandler - 

Request DefaultHttpRequest(decodeResult: success, version: HTTP/1.1)
POST /session/5489bfd9-525f-430a-84d8-e7cb1620b1d7/element HTTP/1.1
User-Agent: selenium/4.1.2 (java windows)
Content-Length: 81
Content-Type: application/json; charset=utf-8
host: localhost:58527
accept: */*

Response DefaultHttpResponse(decodeResult: success, version: HTTP/1.1)
HTTP/1.1 200 OK
content-type: application/json; charset=utf-8
cache-control: no-cache
date: Sun, 09 Apr 2023 12:41:02 GMT
content-length: 88

19:41:03.440 [AsyncHttpClient-1-6] DEBUG org.asynchttpclient.netty.channel.ChannelManager - Adding key: http://localhost:58527 for channel [id: 0x55b00dd6, L:/127.0.0.1:58691 - R:localhost/127.0.0.1:58527]
19:41:03.442 [Forwarding getElementTagName on session 5489bfd9-525f-430a-84d8-e7cb1620b1d7 to remote] DEBUG org.asynchttpclient.netty.request.NettyRequestSender - Using pooled Channel '[id: 0x55b00dd6, L:/127.0.0.1:58691 - R:localhost/127.0.0.1:58527]' for 'GET' to 'http://localhost:58527/session/5489bfd9-525f-430a-84d8-e7cb1620b1d7/element/1c263050-74e0-40a2-a699-13b272b8bd27/name'
19:41:03.442 [Forwarding getElementTagName on session 5489bfd9-525f-430a-84d8-e7cb1620b1d7 to remote] DEBUG org.asynchttpclient.netty.request.NettyRequestSender - Using open Channel [id: 0x55b00dd6, L:/127.0.0.1:58691 - R:localhost/127.0.0.1:58527] for GET '/session/5489bfd9-525f-430a-84d8-e7cb1620b1d7/element/1c263050-74e0-40a2-a699-13b272b8bd27/name'
19:41:03.458 [AsyncHttpClient-1-6] DEBUG org.asynchttpclient.netty.handler.HttpHandler - 

Request DefaultFullHttpRequest(decodeResult: success, version: HTTP/1.1, content: EmptyByteBufBE)
GET /session/5489bfd9-525f-430a-84d8-e7cb1620b1d7/element/1c263050-74e0-40a2-a699-13b272b8bd27/name HTTP/1.1
User-Agent: selenium/4.1.2 (java windows)
Cache-Control: no-cache
Content-Type: application/json; charset=utf-8
host: localhost:58527
accept: */*

Response DefaultHttpResponse(decodeResult: success, version: HTTP/1.1)
HTTP/1.1 200 OK
content-type: application/json; charset=utf-8
cache-control: no-cache
date: Sun, 09 Apr 2023 12:41:02 GMT
content-length: 16

19:41:03.458 [AsyncHttpClient-1-6] DEBUG org.asynchttpclient.netty.channel.ChannelManager - Adding key: http://localhost:58527 for channel [id: 0x55b00dd6, L:/127.0.0.1:58691 - R:localhost/127.0.0.1:58527]
19:41:03.459 [Forwarding getElementTagName on session 5489bfd9-525f-430a-84d8-e7cb1620b1d7 to remote] DEBUG org.asynchttpclient.netty.request.NettyRequestSender - Using pooled Channel '[id: 0x55b00dd6, L:/127.0.0.1:58691 - R:localhost/127.0.0.1:58527]' for 'GET' to 'http://localhost:58527/session/5489bfd9-525f-430a-84d8-e7cb1620b1d7/element/1c263050-74e0-40a2-a699-13b272b8bd27/name'
19:41:03.459 [Forwarding getElementTagName on session 5489bfd9-525f-430a-84d8-e7cb1620b1d7 to remote] DEBUG org.asynchttpclient.netty.request.NettyRequestSender - Using open Channel [id: 0x55b00dd6, L:/127.0.0.1:58691 - R:localhost/127.0.0.1:58527] for GET '/session/5489bfd9-525f-430a-84d8-e7cb1620b1d7/element/1c263050-74e0-40a2-a699-13b272b8bd27/name'
19:41:03.520 [AsyncHttpClient-1-6] DEBUG org.asynchttpclient.netty.handler.HttpHandler - 

Request DefaultFullHttpRequest(decodeResult: success, version: HTTP/1.1, content: EmptyByteBufBE)
GET /session/5489bfd9-525f-430a-84d8-e7cb1620b1d7/element/1c263050-74e0-40a2-a699-13b272b8bd27/name HTTP/1.1
User-Agent: selenium/4.1.2 (java windows)
Cache-Control: no-cache
Content-Type: application/json; charset=utf-8
host: localhost:58527
accept: */*

Response DefaultHttpResponse(decodeResult: success, version: HTTP/1.1)
HTTP/1.1 200 OK
content-type: application/json; charset=utf-8
cache-control: no-cache
date: Sun, 09 Apr 2023 12:41:02 GMT
content-length: 16

19:41:03.520 [AsyncHttpClient-1-6] DEBUG org.asynchttpclient.netty.channel.ChannelManager - Adding key: http://localhost:58527 for channel [id: 0x55b00dd6, L:/127.0.0.1:58691 - R:localhost/127.0.0.1:58527]
19:41:03.522 [Forwarding findElement on session 5489bfd9-525f-430a-84d8-e7cb1620b1d7 to remote] DEBUG org.asynchttpclient.netty.request.NettyRequestSender - Using pooled Channel '[id: 0x55b00dd6, L:/127.0.0.1:58691 - R:localhost/127.0.0.1:58527]' for 'POST' to 'http://localhost:58527/session/5489bfd9-525f-430a-84d8-e7cb1620b1d7/element'
19:41:03.522 [Forwarding findElement on session 5489bfd9-525f-430a-84d8-e7cb1620b1d7 to remote] DEBUG org.asynchttpclient.netty.request.NettyRequestSender - Using open Channel [id: 0x55b00dd6, L:/127.0.0.1:58691 - R:localhost/127.0.0.1:58527] for POST '/session/5489bfd9-525f-430a-84d8-e7cb1620b1d7/element'
19:41:03.536 [AsyncHttpClient-1-6] DEBUG org.asynchttpclient.netty.handler.HttpHandler - 

Request DefaultHttpRequest(decodeResult: success, version: HTTP/1.1)
POST /session/5489bfd9-525f-430a-84d8-e7cb1620b1d7/element HTTP/1.1
User-Agent: selenium/4.1.2 (java windows)
Content-Length: 81
Content-Type: application/json; charset=utf-8
host: localhost:58527
accept: */*

Response DefaultHttpResponse(decodeResult: success, version: HTTP/1.1)
HTTP/1.1 200 OK
content-type: application/json; charset=utf-8
cache-control: no-cache
date: Sun, 09 Apr 2023 12:41:02 GMT
content-length: 88

19:41:03.536 [AsyncHttpClient-1-6] DEBUG org.asynchttpclient.netty.channel.ChannelManager - Adding key: http://localhost:58527 for channel [id: 0x55b00dd6, L:/127.0.0.1:58691 - R:localhost/127.0.0.1:58527]
19:41:03.538 [Forwarding clickElement on session 5489bfd9-525f-430a-84d8-e7cb1620b1d7 to remote] DEBUG org.asynchttpclient.netty.request.NettyRequestSender - Using pooled Channel '[id: 0x55b00dd6, L:/127.0.0.1:58691 - R:localhost/127.0.0.1:58527]' for 'POST' to 'http://localhost:58527/session/5489bfd9-525f-430a-84d8-e7cb1620b1d7/element/1c263050-74e0-40a2-a699-13b272b8bd27/click'
19:41:03.538 [Forwarding clickElement on session 5489bfd9-525f-430a-84d8-e7cb1620b1d7 to remote] DEBUG org.asynchttpclient.netty.request.NettyRequestSender - Using open Channel [id: 0x55b00dd6, L:/127.0.0.1:58691 - R:localhost/127.0.0.1:58527] for POST '/session/5489bfd9-525f-430a-84d8-e7cb1620b1d7/element/1c263050-74e0-40a2-a699-13b272b8bd27/click'
19:41:04.186 [AsyncHttpClient-1-6] DEBUG org.asynchttpclient.netty.handler.HttpHandler - 

Request DefaultHttpRequest(decodeResult: success, version: HTTP/1.1)
POST /session/5489bfd9-525f-430a-84d8-e7cb1620b1d7/element/1c263050-74e0-40a2-a699-13b272b8bd27/click HTTP/1.1
User-Agent: selenium/4.1.2 (java windows)
Content-Length: 50
Content-Type: application/json; charset=utf-8
host: localhost:58527
accept: */*

Response DefaultHttpResponse(decodeResult: success, version: HTTP/1.1)
HTTP/1.1 200 OK
content-type: application/json; charset=utf-8
cache-control: no-cache
date: Sun, 09 Apr 2023 12:41:02 GMT
content-length: 14

19:41:04.187 [AsyncHttpClient-1-6] DEBUG org.asynchttpclient.netty.channel.ChannelManager - Adding key: http://localhost:58527 for channel [id: 0x55b00dd6, L:/127.0.0.1:58691 - R:localhost/127.0.0.1:58527]
  &amp#27;[32mThen &amp#27;[0m&amp#27;[32mI click baby on the header&amp#27;[0m &amp#27;[90m# starter.stepdefinitions.BabyStep.iClickBabyOnTheHeader()&amp#27;[0m
19:41:04.193 [Forwarding screenshot on session 5489bfd9-525f-430a-84d8-e7cb1620b1d7 to remote] DEBUG org.asynchttpclient.netty.request.NettyRequestSender - Using pooled Channel '[id: 0x55b00dd6, L:/127.0.0.1:58691 - R:localhost/127.0.0.1:58527]' for 'GET' to 'http://localhost:58527/session/5489bfd9-525f-430a-84d8-e7cb1620b1d7/screenshot'
19:41:04.193 [Forwarding screenshot on session 5489bfd9-525f-430a-84d8-e7cb1620b1d7 to remote] DEBUG org.asynchttpclient.netty.request.NettyRequestSender - Using open Channel [id: 0x55b00dd6, L:/127.0.0.1:58691 - R:localhost/127.0.0.1:58527] for GET '/session/5489bfd9-525f-430a-84d8-e7cb1620b1d7/screenshot'
19:41:04.377 [AsyncHttpClient-1-6] DEBUG org.asynchttpclient.netty.handler.HttpHandler - 

Request DefaultFullHttpRequest(decodeResult: success, version: HTTP/1.1, content: EmptyByteBufBE)
GET /session/5489bfd9-525f-430a-84d8-e7cb1620b1d7/screenshot HTTP/1.1
User-Agent: selenium/4.1.2 (java windows)
Cache-Control: no-cache
Content-Type: application/json; charset=utf-8
host: localhost:58527
accept: */*

Response DefaultHttpResponse(decodeResult: success, version: HTTP/1.1)
HTTP/1.1 200 OK
content-type: application/json; charset=utf-8
cache-control: no-cache
date: Sun, 09 Apr 2023 12:41:04 GMT
content-length: 98024

19:41:04.378 [AsyncHttpClient-1-6] DEBUG org.asynchttpclient.netty.channel.ChannelManager - Adding key: http://localhost:58527 for channel [id: 0x55b00dd6, L:/127.0.0.1:58691 - R:localhost/127.0.0.1:58527]
19:41:04.382 [main] DEBUG net.serenitybdd.core.photography.Darkroom - Send negative for processing for target\site\serenity\bcb9a8d665d2c58a930e922f816fcc3ebc2aef855b882f3d531e7c9aa320b06d.png
19:41:04.390 [Forwarding findElement on session 5489bfd9-525f-430a-84d8-e7cb1620b1d7 to remote] DEBUG org.asynchttpclient.netty.request.NettyRequestSender - Using pooled Channel '[id: 0x55b00dd6, L:/127.0.0.1:58691 - R:localhost/127.0.0.1:58527]' for 'POST' to 'http://localhost:58527/session/5489bfd9-525f-430a-84d8-e7cb1620b1d7/element'
19:41:04.390 [Forwarding findElement on session 5489bfd9-525f-430a-84d8-e7cb1620b1d7 to remote] DEBUG org.asynchttpclient.netty.request.NettyRequestSender - Using open Channel [id: 0x55b00dd6, L:/127.0.0.1:58691 - R:localhost/127.0.0.1:58527] for POST '/session/5489bfd9-525f-430a-84d8-e7cb1620b1d7/element'
19:41:04.398 [AsyncHttpClient-1-6] DEBUG org.asynchttpclient.netty.handler.HttpHandler - 

Request DefaultHttpRequest(decodeResult: success, version: HTTP/1.1)
POST /session/5489bfd9-525f-430a-84d8-e7cb1620b1d7/element HTTP/1.1
User-Agent: selenium/4.1.2 (java windows)
Content-Length: 105
Content-Type: application/json; charset=utf-8
host: localhost:58527
accept: */*

Response DefaultHttpResponse(decodeResult: success, version: HTTP/1.1)
HTTP/1.1 200 OK
content-type: application/json; charset=utf-8
cache-control: no-cache
date: Sun, 09 Apr 2023 12:41:04 GMT
content-length: 88

19:41:04.398 [AsyncHttpClient-1-6] DEBUG org.asynchttpclient.netty.channel.ChannelManager - Adding key: http://localhost:58527 for channel [id: 0x55b00dd6, L:/127.0.0.1:58691 - R:localhost/127.0.0.1:58527]
19:41:04.400 [Forwarding getElementTagName on session 5489bfd9-525f-430a-84d8-e7cb1620b1d7 to remote] DEBUG org.asynchttpclient.netty.request.NettyRequestSender - Using pooled Channel '[id: 0x55b00dd6, L:/127.0.0.1:58691 - R:localhost/127.0.0.1:58527]' for 'GET' to 'http://localhost:58527/session/5489bfd9-525f-430a-84d8-e7cb1620b1d7/element/07b8952f-3554-4cf1-8309-14dcf2738b55/name'
19:41:04.400 [Forwarding getElementTagName on session 5489bfd9-525f-430a-84d8-e7cb1620b1d7 to remote] DEBUG org.asynchttpclient.netty.request.NettyRequestSender - Using open Channel [id: 0x55b00dd6, L:/127.0.0.1:58691 - R:localhost/127.0.0.1:58527] for GET '/session/5489bfd9-525f-430a-84d8-e7cb1620b1d7/element/07b8952f-3554-4cf1-8309-14dcf2738b55/name'
19:41:04.404 [AsyncHttpClient-1-6] DEBUG org.asynchttpclient.netty.handler.HttpHandler - 

Request DefaultFullHttpRequest(decodeResult: success, version: HTTP/1.1, content: EmptyByteBufBE)
GET /session/5489bfd9-525f-430a-84d8-e7cb1620b1d7/element/07b8952f-3554-4cf1-8309-14dcf2738b55/name HTTP/1.1
User-Agent: selenium/4.1.2 (java windows)
Cache-Control: no-cache
Content-Type: application/json; charset=utf-8
host: localhost:58527
accept: */*

Response DefaultHttpResponse(decodeResult: success, version: HTTP/1.1)
HTTP/1.1 200 OK
content-type: application/json; charset=utf-8
cache-control: no-cache
date: Sun, 09 Apr 2023 12:41:04 GMT
content-length: 16

19:41:04.404 [AsyncHttpClient-1-6] DEBUG org.asynchttpclient.netty.channel.ChannelManager - Adding key: http://localhost:58527 for channel [id: 0x55b00dd6, L:/127.0.0.1:58691 - R:localhost/127.0.0.1:58527]
19:41:04.406 [Forwarding getElementTagName on session 5489bfd9-525f-430a-84d8-e7cb1620b1d7 to remote] DEBUG org.asynchttpclient.netty.request.NettyRequestSender - Using pooled Channel '[id: 0x55b00dd6, L:/127.0.0.1:58691 - R:localhost/127.0.0.1:58527]' for 'GET' to 'http://localhost:58527/session/5489bfd9-525f-430a-84d8-e7cb1620b1d7/element/07b8952f-3554-4cf1-8309-14dcf2738b55/name'
19:41:04.406 [Forwarding getElementTagName on session 5489bfd9-525f-430a-84d8-e7cb1620b1d7 to remote] DEBUG org.asynchttpclient.netty.request.NettyRequestSender - Using open Channel [id: 0x55b00dd6, L:/127.0.0.1:58691 - R:localhost/127.0.0.1:58527] for GET '/session/5489bfd9-525f-430a-84d8-e7cb1620b1d7/element/07b8952f-3554-4cf1-8309-14dcf2738b55/name'
19:41:04.409 [AsyncHttpClient-1-6] DEBUG org.asynchttpclient.netty.handler.HttpHandler - 

Request DefaultFullHttpRequest(decodeResult: success, version: HTTP/1.1, content: EmptyByteBufBE)
GET /session/5489bfd9-525f-430a-84d8-e7cb1620b1d7/element/07b8952f-3554-4cf1-8309-14dcf2738b55/name HTTP/1.1
User-Agent: selenium/4.1.2 (java windows)
Cache-Control: no-cache
Content-Type: application/json; charset=utf-8
host: localhost:58527
accept: */*

Response DefaultHttpResponse(decodeResult: success, version: HTTP/1.1)
HTTP/1.1 200 OK
content-type: application/json; charset=utf-8
cache-control: no-cache
date: Sun, 09 Apr 2023 12:41:04 GMT
content-length: 16

19:41:04.409 [AsyncHttpClient-1-6] DEBUG org.asynchttpclient.netty.channel.ChannelManager - Adding key: http://localhost:58527 for channel [id: 0x55b00dd6, L:/127.0.0.1:58691 - R:localhost/127.0.0.1:58527]
19:41:04.411 [Forwarding findElement on session 5489bfd9-525f-430a-84d8-e7cb1620b1d7 to remote] DEBUG org.asynchttpclient.netty.request.NettyRequestSender - Using pooled Channel '[id: 0x55b00dd6, L:/127.0.0.1:58691 - R:localhost/127.0.0.1:58527]' for 'POST' to 'http://localhost:58527/session/5489bfd9-525f-430a-84d8-e7cb1620b1d7/element'
19:41:04.411 [Forwarding findElement on session 5489bfd9-525f-430a-84d8-e7cb1620b1d7 to remote] DEBUG org.asynchttpclient.netty.request.NettyRequestSender - Using open Channel [id: 0x55b00dd6, L:/127.0.0.1:58691 - R:localhost/127.0.0.1:58527] for POST '/session/5489bfd9-525f-430a-84d8-e7cb1620b1d7/element'
19:41:04.414 [AsyncHttpClient-1-6] DEBUG org.asynchttpclient.netty.handler.HttpHandler - 

Request DefaultHttpRequest(decodeResult: success, version: HTTP/1.1)
POST /session/5489bfd9-525f-430a-84d8-e7cb1620b1d7/element HTTP/1.1
User-Agent: selenium/4.1.2 (java windows)
Content-Length: 105
Content-Type: application/json; charset=utf-8
host: localhost:58527
accept: */*

Response DefaultHttpResponse(decodeResult: success, version: HTTP/1.1)
HTTP/1.1 200 OK
content-type: application/json; charset=utf-8
cache-control: no-cache
date: Sun, 09 Apr 2023 12:41:04 GMT
content-length: 88

19:41:04.414 [AsyncHttpClient-1-6] DEBUG org.asynchttpclient.netty.channel.ChannelManager - Adding key: http://localhost:58527 for channel [id: 0x55b00dd6, L:/127.0.0.1:58691 - R:localhost/127.0.0.1:58527]
19:41:04.415 [Forwarding clickElement on session 5489bfd9-525f-430a-84d8-e7cb1620b1d7 to remote] DEBUG org.asynchttpclient.netty.request.NettyRequestSender - Using pooled Channel '[id: 0x55b00dd6, L:/127.0.0.1:58691 - R:localhost/127.0.0.1:58527]' for 'POST' to 'http://localhost:58527/session/5489bfd9-525f-430a-84d8-e7cb1620b1d7/element/07b8952f-3554-4cf1-8309-14dcf2738b55/click'
19:41:04.415 [Forwarding clickElement on session 5489bfd9-525f-430a-84d8-e7cb1620b1d7 to remote] DEBUG org.asynchttpclient.netty.request.NettyRequestSender - Using open Channel [id: 0x55b00dd6, L:/127.0.0.1:58691 - R:localhost/127.0.0.1:58527] for POST '/session/5489bfd9-525f-430a-84d8-e7cb1620b1d7/element/07b8952f-3554-4cf1-8309-14dcf2738b55/click'
19:41:04.751 [AsyncHttpClient-1-6] DEBUG org.asynchttpclient.netty.handler.HttpHandler - 

Request DefaultHttpRequest(decodeResult: success, version: HTTP/1.1)
POST /session/5489bfd9-525f-430a-84d8-e7cb1620b1d7/element/07b8952f-3554-4cf1-8309-14dcf2738b55/click HTTP/1.1
User-Agent: selenium/4.1.2 (java windows)
Content-Length: 50
Content-Type: application/json; charset=utf-8
host: localhost:58527
accept: */*

Response DefaultHttpResponse(decodeResult: success, version: HTTP/1.1)
HTTP/1.1 200 OK
content-type: application/json; charset=utf-8
cache-control: no-cache
date: Sun, 09 Apr 2023 12:41:04 GMT
content-length: 14

19:41:04.752 [AsyncHttpClient-1-6] DEBUG org.asynchttpclient.netty.channel.ChannelManager - Adding key: http://localhost:58527 for channel [id: 0x55b00dd6, L:/127.0.0.1:58691 - R:localhost/127.0.0.1:58527]
  &amp#27;[32mWhen &amp#27;[0m&amp#27;[32mI will go to &amp#27;[0m&amp#27;[32m&amp#27;[1m"bawahan"&amp#27;[0m     &amp#27;[90m# starter.stepdefinitions.BabyStep.iWillGoTo(java.lang.String)&amp#27;[0m
19:41:04.757 [Forwarding screenshot on session 5489bfd9-525f-430a-84d8-e7cb1620b1d7 to remote] DEBUG org.asynchttpclient.netty.request.NettyRequestSender - Using pooled Channel '[id: 0x55b00dd6, L:/127.0.0.1:58691 - R:localhost/127.0.0.1:58527]' for 'GET' to 'http://localhost:58527/session/5489bfd9-525f-430a-84d8-e7cb1620b1d7/screenshot'
19:41:04.757 [Forwarding screenshot on session 5489bfd9-525f-430a-84d8-e7cb1620b1d7 to remote] DEBUG org.asynchttpclient.netty.request.NettyRequestSender - Using open Channel [id: 0x55b00dd6, L:/127.0.0.1:58691 - R:localhost/127.0.0.1:58527] for GET '/session/5489bfd9-525f-430a-84d8-e7cb1620b1d7/screenshot'
19:41:04.892 [AsyncHttpClient-1-6] DEBUG org.asynchttpclient.netty.handler.HttpHandler - 

Request DefaultFullHttpRequest(decodeResult: success, version: HTTP/1.1, content: EmptyByteBufBE)
GET /session/5489bfd9-525f-430a-84d8-e7cb1620b1d7/screenshot HTTP/1.1
User-Agent: selenium/4.1.2 (java windows)
Cache-Control: no-cache
Content-Type: application/json; charset=utf-8
host: localhost:58527
accept: */*

Response DefaultHttpResponse(decodeResult: success, version: HTTP/1.1)
HTTP/1.1 200 OK
content-type: application/json; charset=utf-8
cache-control: no-cache
date: Sun, 09 Apr 2023 12:41:04 GMT
content-length: 97208

19:41:04.892 [AsyncHttpClient-1-6] DEBUG org.asynchttpclient.netty.channel.ChannelManager - Adding key: http://localhost:58527 for channel [id: 0x55b00dd6, L:/127.0.0.1:58691 - R:localhost/127.0.0.1:58527]
19:41:04.895 [main] DEBUG net.serenitybdd.core.photography.Darkroom - Send negative for processing for target\site\serenity\89be515c35f8d2dffafdfe5e3b34babca87f00b721daeb813235c129d348ffcf.png
19:41:04.895 [Darkroom Processing Line] DEBUG net.serenitybdd.core.photography.DarkroomProcessingLine - Processing screenshot image in /var/screenshots/screenshot-7131011244331103730
19:41:04.896 [Darkroom Processing Line] DEBUG net.serenitybdd.core.photography.DarkroomProcessingLine - Saving screenshot to target\site\serenity\89be515c35f8d2dffafdfe5e3b34babca87f00b721daeb813235c129d348ffcf.png
19:41:04.901 [Forwarding findElement on session 5489bfd9-525f-430a-84d8-e7cb1620b1d7 to remote] DEBUG org.asynchttpclient.netty.request.NettyRequestSender - Using pooled Channel '[id: 0x55b00dd6, L:/127.0.0.1:58691 - R:localhost/127.0.0.1:58527]' for 'POST' to 'http://localhost:58527/session/5489bfd9-525f-430a-84d8-e7cb1620b1d7/element'
19:41:04.901 [Forwarding findElement on session 5489bfd9-525f-430a-84d8-e7cb1620b1d7 to remote] DEBUG org.asynchttpclient.netty.request.NettyRequestSender - Using open Channel [id: 0x55b00dd6, L:/127.0.0.1:58691 - R:localhost/127.0.0.1:58527] for POST '/session/5489bfd9-525f-430a-84d8-e7cb1620b1d7/element'
19:41:04.962 [AsyncHttpClient-1-6] DEBUG org.asynchttpclient.netty.handler.HttpHandler - 

Request DefaultHttpRequest(decodeResult: success, version: HTTP/1.1)
POST /session/5489bfd9-525f-430a-84d8-e7cb1620b1d7/element HTTP/1.1
User-Agent: selenium/4.1.2 (java windows)
Content-Length: 90
Content-Type: application/json; charset=utf-8
host: localhost:58527
accept: */*

Response DefaultHttpResponse(decodeResult: success, version: HTTP/1.1)
HTTP/1.1 200 OK
content-type: application/json; charset=utf-8
cache-control: no-cache
date: Sun, 09 Apr 2023 12:41:04 GMT
content-length: 88

19:41:04.962 [AsyncHttpClient-1-6] DEBUG org.asynchttpclient.netty.channel.ChannelManager - Adding key: http://localhost:58527 for channel [id: 0x55b00dd6, L:/127.0.0.1:58691 - R:localhost/127.0.0.1:58527]
19:41:04.965 [Forwarding isElementDisplayed on session 5489bfd9-525f-430a-84d8-e7cb1620b1d7 to remote] DEBUG org.asynchttpclient.netty.request.NettyRequestSender - Using pooled Channel '[id: 0x55b00dd6, L:/127.0.0.1:58691 - R:localhost/127.0.0.1:58527]' for 'POST' to 'http://localhost:58527/session/5489bfd9-525f-430a-84d8-e7cb1620b1d7/execute/sync'
19:41:04.966 [Forwarding isElementDisplayed on session 5489bfd9-525f-430a-84d8-e7cb1620b1d7 to remote] DEBUG org.asynchttpclient.netty.request.NettyRequestSender - Using open Channel [id: 0x55b00dd6, L:/127.0.0.1:58691 - R:localhost/127.0.0.1:58527] for POST '/session/5489bfd9-525f-430a-84d8-e7cb1620b1d7/execute/sync'
19:41:04.981 [AsyncHttpClient-1-6] DEBUG org.asynchttpclient.netty.handler.HttpHandler - 

Request DefaultHttpRequest(decodeResult: success, version: HTTP/1.1)
POST /session/5489bfd9-525f-430a-84d8-e7cb1620b1d7/execute/sync HTTP/1.1
User-Agent: selenium/4.1.2 (java windows)
Content-Length: 48780
Content-Type: application/json; charset=utf-8
host: localhost:58527
accept: */*

Response DefaultHttpResponse(decodeResult: success, version: HTTP/1.1)
HTTP/1.1 200 OK
content-type: application/json; charset=utf-8
cache-control: no-cache
date: Sun, 09 Apr 2023 12:41:04 GMT
content-length: 14

19:41:04.981 [AsyncHttpClient-1-6] DEBUG org.asynchttpclient.netty.channel.ChannelManager - Adding key: http://localhost:58527 for channel [id: 0x55b00dd6, L:/127.0.0.1:58691 - R:localhost/127.0.0.1:58527]
  &amp#27;[32mAnd &amp#27;[0m&amp#27;[32mI &amp#27;[0m&amp#27;[32m&amp#27;[1m"txtBawahan2"&amp#27;[0m&amp#27;[32m page&amp#27;[0m        &amp#27;[90m# starter.stepdefinitions.BabyStep.iPage(java.lang.String)&amp#27;[0m
19:41:04.985 [Forwarding screenshot on session 5489bfd9-525f-430a-84d8-e7cb1620b1d7 to remote] DEBUG org.asynchttpclient.netty.request.NettyRequestSender - Using pooled Channel '[id: 0x55b00dd6, L:/127.0.0.1:58691 - R:localhost/127.0.0.1:58527]' for 'GET' to 'http://localhost:58527/session/5489bfd9-525f-430a-84d8-e7cb1620b1d7/screenshot'
19:41:04.985 [Forwarding screenshot on session 5489bfd9-525f-430a-84d8-e7cb1620b1d7 to remote] DEBUG org.asynchttpclient.netty.request.NettyRequestSender - Using open Channel [id: 0x55b00dd6, L:/127.0.0.1:58691 - R:localhost/127.0.0.1:58527] for GET '/session/5489bfd9-525f-430a-84d8-e7cb1620b1d7/screenshot'
19:41:05.027 [AsyncHttpClient-1-6] DEBUG org.asynchttpclient.netty.handler.HttpHandler - 

Request DefaultFullHttpRequest(decodeResult: success, version: HTTP/1.1, content: EmptyByteBufBE)
GET /session/5489bfd9-525f-430a-84d8-e7cb1620b1d7/screenshot HTTP/1.1
User-Agent: selenium/4.1.2 (java windows)
Cache-Control: no-cache
Content-Type: application/json; charset=utf-8
host: localhost:58527
accept: */*

Response DefaultHttpResponse(decodeResult: success, version: HTTP/1.1)
HTTP/1.1 200 OK
content-type: application/json; charset=utf-8
cache-control: no-cache
date: Sun, 09 Apr 2023 12:41:04 GMT
content-length: 198692

19:41:05.027 [AsyncHttpClient-1-6] DEBUG org.asynchttpclient.netty.channel.ChannelManager - Adding key: http://localhost:58527 for channel [id: 0x55b00dd6, L:/127.0.0.1:58691 - R:localhost/127.0.0.1:58527]
19:41:05.032 [main] DEBUG net.serenitybdd.core.photography.Darkroom - Send negative for processing for target\site\serenity\38b9338489b716cc8c10a4d98f5bb8fcc48c72a37e6f3b0c937f3eaa513e0ed3.png
19:41:05.032 [Darkroom Processing Line] DEBUG net.serenitybdd.core.photography.DarkroomProcessingLine - Processing screenshot image in /var/screenshots/screenshot-16076750699890890898
19:41:05.033 [Darkroom Processing Line] DEBUG net.serenitybdd.core.photography.DarkroomProcessingLine - Saving screenshot to target\site\serenity\38b9338489b716cc8c10a4d98f5bb8fcc48c72a37e6f3b0c937f3eaa513e0ed3.png
19:41:05.037 [Driver Command Executor] DEBUG org.asynchttpclient.netty.request.NettyRequestSender - Using pooled Channel '[id: 0x55b00dd6, L:/127.0.0.1:58691 - R:localhost/127.0.0.1:58527]' for 'DELETE' to 'http://localhost:58527/session/5489bfd9-525f-430a-84d8-e7cb1620b1d7'
19:41:05.037 [Driver Command Executor] DEBUG org.asynchttpclient.netty.request.NettyRequestSender - Using open Channel [id: 0x55b00dd6, L:/127.0.0.1:58691 - R:localhost/127.0.0.1:58527] for DELETE '/session/5489bfd9-525f-430a-84d8-e7cb1620b1d7'
19:41:05.869 [AsyncHttpClient-1-6] DEBUG org.asynchttpclient.netty.handler.HttpHandler - 

Request DefaultFullHttpRequest(decodeResult: success, version: HTTP/1.1, content: EmptyByteBufBE)
DELETE /session/5489bfd9-525f-430a-84d8-e7cb1620b1d7 HTTP/1.1
User-Agent: selenium/4.1.2 (java windows)
Content-Type: application/json; charset=utf-8
host: localhost:58527
accept: */*

Response DefaultHttpResponse(decodeResult: success, version: HTTP/1.1)
HTTP/1.1 200 OK
content-type: application/json; charset=utf-8
cache-control: no-cache
date: Sun, 09 Apr 2023 12:41:04 GMT
content-length: 14

19:41:05.869 [AsyncHttpClient-1-6] DEBUG org.asynchttpclient.netty.channel.ChannelManager - Adding key: http://localhost:58527 for channel [id: 0x55b00dd6, L:/127.0.0.1:58691 - R:localhost/127.0.0.1:58527]
19:41:05.871 [AsyncHttpClient-1-6] DEBUG org.asynchttpclient.netty.handler.HttpHandler - Unexpected I/O exception on channel [id: 0x55b00dd6, L:/127.0.0.1:58691 - R:localhost/127.0.0.1:58527]
java.net.SocketException: Connection reset
	at java.base/sun.nio.ch.SocketChannelImpl.throwConnectionReset(SocketChannelImpl.java:345)
	at java.base/sun.nio.ch.SocketChannelImpl.read(SocketChannelImpl.java:376)
	at io.netty.buffer.PooledByteBuf.setBytes(PooledByteBuf.java:258)
	at io.netty.buffer.AbstractByteBuf.writeBytes(AbstractByteBuf.java:1132)
	at io.netty.channel.socket.nio.NioSocketChannel.doReadBytes(NioSocketChannel.java:350)
	at io.netty.channel.nio.AbstractNioByteChannel$NioByteUnsafe.read(AbstractNioByteChannel.java:151)
	at io.netty.channel.nio.NioEventLoop.processSelectedKey(NioEventLoop.java:722)
	at io.netty.channel.nio.NioEventLoop.processSelectedKeysOptimized(NioEventLoop.java:658)
	at io.netty.channel.nio.NioEventLoop.processSelectedKeys(NioEventLoop.java:584)
	at io.netty.channel.nio.NioEventLoop.run(NioEventLoop.java:496)
	at io.netty.util.concurrent.SingleThreadEventExecutor$4.run(SingleThreadEventExecutor.java:986)
	at io.netty.util.internal.ThreadExecutorMap$2.run(ThreadExecutorMap.java:74)
	at io.netty.util.concurrent.FastThreadLocalRunnable.run(FastThreadLocalRunnable.java:30)
	at java.base/java.lang.Thread.run(Thread.java:830)
19:41:05.871 [AsyncHttpClient-1-6] DEBUG org.asynchttpclient.netty.channel.ChannelManager - Closing Channel [id: 0x55b00dd6, L:/127.0.0.1:58691 - R:localhost/127.0.0.1:58527] 
19:41:05.872 [AsyncHttpClient-1-6] DEBUG org.asynchttpclient.netty.handler.HttpHandler - Channel Closed: [id: 0x55b00dd6, L:/127.0.0.1:58691 ! R:localhost/127.0.0.1:58527] with attribute DISCARD
]]></system-out>
    <system-err><![CDATA[1681044057648	geckodriver	INFO	Listening on 127.0.0.1:58527
1681044058151	mozrunner::runner	INFO	Running command: "C:\\Program Files\\Mozilla Firefox\\firefox.exe" "--marionette" "" "--remote-debugging-port" "50261" "--remote-allow-hosts" "localhost" "-no-remote" "-profile" "C:\\Users\\alwi\\AppData\\Local\\Temp\\rust_mozprofileRb7oMb"
console.warn: services.settings: Ignoring preference override of remote settings server
console.warn: services.settings: Allow by setting MOZ_REMOTE_SETTINGS_DEVTOOLS=1 in the environment
1681044058528	Marionette	INFO	Marionette enabled
Dynamically enable window occlusion 0
1681044058532	Marionette	INFO	Listening on port 58694
Read port: 58694
WebDriver BiDi listening on ws://127.0.0.1:50261
1681044058680	RemoteAgent	WARN	TLS certificate errors will be ignored for this session
console.warn: SearchSettings: "get: No settings file exists, new profile?" (new NotFoundError("Could not open the file at C:\\Users\\alwi\\AppData\\Local\\Temp\\rust_mozprofileRb7oMb\\search.json.mozlz4", (void 0)))
DevTools listening on ws://127.0.0.1:50261/devtools/browser/baa90724-1082-4908-8e1a-b39b5add657e
Apr 09, 2023 7:41:00 PM org.openqa.selenium.remote.ProtocolHandshake createSession
INFO: Detected dialect: W3C
JavaScript warning: https://www.uniqlo.com/oQfZRN8zACRR/OQ/-x_RMR-EGX/k95OLrhJQ5/OXl6GHI5AQ/PnUdVS/RrZQs, line 1: unreachable code after return statement
JavaScript warning: https://www.uniqlo.com/id/elgnisolqinu.js?async&seed=AECl_mWHAQAAhXleUcVgnU2eEowETsYZDsExG9MVfyypS8j2a8yO2N_NY-zV&x-i1ysm4mm--z=q, line 1: WEBGL_debug_renderer_info is deprecated in Firefox and will be removed. Please use RENDERER.
JavaScript warning: https://www.uniqlo.com/oQfZRN8zACRR/OQ/-x_RMR-EGX/k95OLrhJQ5/OXl6GHI5AQ/PnUdVS/RrZQs, line 1: WEBGL_debug_renderer_info is deprecated in Firefox and will be removed. Please use RENDERER.
1681044065040	Marionette	INFO	Stopped listening on port 58694
Dynamically enable window occlusion 1
WARNING: A blocker encountered an error while we were waiting.
          Blocker:  Waiting for ping task
          Phase: TelemetryController: Waiting for pending ping activity
          State: (none)
WARNING: Error: Phase "profile-before-change" is finished, it is too late to register completion condition "OS.File: flush I/O queued before profileBeforeChange"
WARNING: addBlocker@resource://gre/modules/AsyncShutdown.sys.mjs:727:15
addBlocker@resource://gre/modules/AsyncShutdown.sys.mjs:523:26
addBlocker@resource://gre/modules/AsyncShutdown.sys.mjs:458:15
setupShutdown@resource://gre/modules/osfile/osfile_async_front.jsm:1548:28
@resource://gre/modules/osfile/osfile_async_front.jsm:1568:16
@resource://gre/modules/osfile.jsm:12:30
@resource://gre/modules/TelemetryStorage.sys.mjs:10:28
_checkPendingPings@resource://gre/modules/TelemetrySend.sys.mjs:863:17
setup@resource://gre/modules/TelemetrySend.sys.mjs:803:18
setup@resource://gre/modules/TelemetrySend.sys.mjs:241:30
setupTelemetry/this._delayedInitTask<@resource://gre/modules/TelemetryControllerParent.sys.mjs:828:36
observe@resource://gre/modules/AsyncShutdown.sys.mjs:576:16

console.error: "TelemetryScheduler.shutdown - Already shut down"
WARNING: A blocker encountered an error while we were waiting.
          Blocker:  Waiting for ping task
          Phase: TelemetryController: Waiting for pending ping activity
          State: (none)
WARNING: Error: Phase "profile-before-change" is finished, it is too late to register completion condition "OS.File: flush I/O queued before profileBeforeChange"
WARNING: addBlocker@resource://gre/modules/AsyncShutdown.sys.mjs:727:15
addBlocker@resource://gre/modules/AsyncShutdown.sys.mjs:523:26
addBlocker@resource://gre/modules/AsyncShutdown.sys.mjs:458:15
setupShutdown@resource://gre/modules/osfile/osfile_async_front.jsm:1548:28
@resource://gre/modules/osfile/osfile_async_front.jsm:1568:16
@resource://gre/modules/osfile.jsm:12:30
@resource://gre/modules/TelemetryStorage.sys.mjs:10:28
_checkPendingPings@resource://gre/modules/TelemetrySend.sys.mjs:863:17
setup@resource://gre/modules/TelemetrySend.sys.mjs:803:18
setup@resource://gre/modules/TelemetrySend.sys.mjs:241:30
setupTelemetry/this._delayedInitTask<@resource://gre/modules/TelemetryControllerParent.sys.mjs:828:36
observe@resource://gre/modules/AsyncShutdown.sys.mjs:576:16

WARNING: A blocker encountered an error while we were waiting.
          Blocker:  Waiting for ping task
          Phase: TelemetryController: Waiting for pending ping activity
          State: (none)
WARNING: Error: Phase "profile-before-change" is finished, it is too late to register completion condition "OS.File: flush I/O queued before profileBeforeChange"
WARNING: addBlocker@resource://gre/modules/AsyncShutdown.sys.mjs:727:15
addBlocker@resource://gre/modules/AsyncShutdown.sys.mjs:523:26
addBlocker@resource://gre/modules/AsyncShutdown.sys.mjs:458:15
setupShutdown@resource://gre/modules/osfile/osfile_async_front.jsm:1548:28
@resource://gre/modules/osfile/osfile_async_front.jsm:1568:16
@resource://gre/modules/osfile.jsm:12:30
@resource://gre/modules/TelemetryStorage.sys.mjs:10:28
_checkPendingPings@resource://gre/modules/TelemetrySend.sys.mjs:863:17
setup@resource://gre/modules/TelemetrySend.sys.mjs:803:18
setup@resource://gre/modules/TelemetrySend.sys.mjs:241:30
setupTelemetry/this._delayedInitTask<@resource://gre/modules/TelemetryControllerParent.sys.mjs:828:36
observe@resource://gre/modules/AsyncShutdown.sys.mjs:576:16

WARNING: A blocker encountered an error while we were waiting.
          Blocker:  TelemetryController: shutting down
          Phase: profile-before-change-telemetry
          State: Error getting state: Error: Phase "profile-before-change" is finished, it is too late to register completion condition "OS.File: flush I/O queued before profileBeforeChange" at addBlocker@resource://gre/modules/AsyncShutdown.sys.mjs:727:15
addBlocker@resource://gre/modules/AsyncShutdown.sys.mjs:523:26
addBlocker@resource://gre/modules/AsyncShutdown.sys.mjs:458:15
setupShutdown@resource://gre/modules/osfile/osfile_async_front.jsm:1548:28
@resource://gre/modules/osfile/osfile_async_front.jsm:1568:16
@resource://gre/modules/osfile.jsm:12:30
@resource://gre/modules/TelemetryStorage.sys.mjs:10:28
_checkPendingPings@resource://gre/modules/TelemetrySend.sys.mjs:863:17
setup@resource://gre/modules/TelemetrySend.sys.mjs:803:18
setup@resource://gre/modules/TelemetrySend.sys.mjs:241:30
setupTelemetry/this._delayedInitTask<@resource://gre/modules/TelemetryControllerParent.sys.mjs:828:36
observe@resource://gre/modules/AsyncShutdown.sys.mjs:576:16

WARNING: Error: Phase "profile-before-change" is finished, it is too late to register completion condition "OS.File: flush I/O queued before profileBeforeChange"
WARNING: addBlocker@resource://gre/modules/AsyncShutdown.sys.mjs:727:15
addBlocker@resource://gre/modules/AsyncShutdown.sys.mjs:523:26
addBlocker@resource://gre/modules/AsyncShutdown.sys.mjs:458:15
setupShutdown@resource://gre/modules/osfile/osfile_async_front.jsm:1548:28
@resource://gre/modules/osfile/osfile_async_front.jsm:1568:16
@resource://gre/modules/osfile.jsm:12:30
@resource://gre/modules/TelemetryStorage.sys.mjs:10:28
_checkPendingPings@rJeavsaScript error: resource://gre/moduloeusrce://gre//mAsodyunclSehustd/own.Tseysl.emjms,e ltirney S72e7:n dEr.rosry: s.mjPsha:s8e6 "3pro:f1il7e-be
fosree-tchuanpg@e"r iess ofiunirscheed,: /it/ igsr teoo /lmaotdeu tlo erseg/iTsteelr ecmometplreytiSoen ncdon.dsityions ".OmS.jFsil:e:8 0f3lu:s1h 8I/O
 qsueeuteud pb@efrorees opruofirlecBee:fo/re/Cgharneg/e"m
JaodvualSecsri/pTte lerermoert:r yrSende.ssoyusr.cmejs::/2/4g1r:e3/0mo
dsuelteusp/TAelsyemnecSthruy/tdtohwins..s_ydse.lmajyse,d IlniinteT a7s2k7<:@ rEersroourr:c eP:h/a/sger e"/pmroodfulielse/T-ebleefmoerter-cyhCaonngtreo"l liesr Pfairneinsth.esdy,s .imtj si:s8 2t8oo: 3l6at
eo btsoe rvree@griessotuerrc ec:o/mp/lgreet/imoond cuolensdi/tionA syncS"hOuSt.Fdiolwen:. sfylsu.smhj sI:/O5 7q6u:e1u6ed
 b
efore profileBeforeChange"
JavaScript error: resource://gre/modules/AsyncShutdown.sys.mjs, line 727: Error: Phase "profile-before-change" is finished, it is too late to register completion condition "OS.File: flush I/O queued before profileBeforeChange"
JavaScript error: resource://gre/modules/AsyncShutdown.sys.mjs, line 727: Error: Phase "profile-before-change" is finished, it is too late to register completion condition "OS.File: flush I/O queued before profileBeforeChange"
JavaScript error: resource://gre/modules/AsyncShutdown.sys.mjs, line 727: Error: Phase "profile-before-change" is finished, it is too late to register completion condition "OS.File: flush I/O queued before profileBeforeChange"
JavaScript error: resource://gre/modules/AsyncShutdown.sys.mjs, line 727: Error: Phase "profile-before-change" is finished, it is too late to register completion condition "OS.File: flush I/O queued before profileBeforeChange"
]]></system-err>
  </testcase>
  <testcase name="Fitur Menu Baby #19" classname="Baby" time="9.361">
    <system-out><![CDATA[
@baby
Scenario Outline: Fitur Menu Baby &amp#27;[90m# src/test/resources/features/Baby.feature:31&amp#27;[0m
19:41:05.940 [main] INFO io.cucumber.core.plugin.SerenityReporter - Running feature from file:///C:/Users/alwi/IdeaProjects/uniqloweb/src/test/resources/features/Baby.feature
19:41:05.949 [main] INFO net.serenitybdd.core.webdriver.driverproviders.FirefoxDriverProvider - Using automatically driver download
19:41:06.044 [main] DEBUG io.github.bonigarcia.wdm.cache.ResolutionCache - Resolution firefox=111 in cache (valid until 20:30:50 09/04/2023 WIB)
19:41:06.047 [main] DEBUG io.github.bonigarcia.wdm.cache.ResolutionCache - Resolution firefox111=0.32.2 in cache (valid until 19:30:50 10/04/2023 WIB)
19:41:06.048 [main] INFO io.github.bonigarcia.wdm.WebDriverManager - Using geckodriver 0.32.2 (resolved driver for Firefox 111)
19:41:06.059 [main] DEBUG io.github.bonigarcia.wdm.WebDriverManager - Driver geckodriver 0.32.2 found in cache
19:41:06.060 [main] INFO io.github.bonigarcia.wdm.WebDriverManager - Exporting webdriver.gecko.driver as C:\Users\alwi\.cache\selenium\geckodriver\win64\0.32.2\geckodriver.exe
19:41:06.073 [main] DEBUG net.serenitybdd.core.webdriver.driverproviders.ProvideNewDriver - Instantiating driver
19:41:06.074 [main] DEBUG net.serenitybdd.core.webdriver.driverproviders.ProvideNewDriver - Driver capabilities: Capabilities {acceptInsecureCerts: true, browserName: firefox, moz:debuggerAddress: true, moz:firefoxOptions: {args: [], profile: UEsDBBQACAgIACOdiVYAAAAAAAA...}}
19:41:06.433 [AsyncHttpClient-1-1] DEBUG org.asynchttpclient.netty.channel.DefaultChannelPool - Entry count for : http://localhost:58527 : 1
19:41:06.433 [AsyncHttpClient-1-1] DEBUG org.asynchttpclient.netty.channel.DefaultChannelPool - Adding Candidate expired Channel [id: 0x55b00dd6, L:/127.0.0.1:58691 ! R:localhost/127.0.0.1:58527] isIdleTimeoutExpired=false isRemotelyClosed=true isTtlExpired=false
19:41:06.433 [AsyncHttpClient-1-1] DEBUG org.asynchttpclient.netty.channel.DefaultChannelPool - Closing Idle Channel [id: 0x55b00dd6, L:/127.0.0.1:58691 ! R:localhost/127.0.0.1:58527]
19:41:06.433 [AsyncHttpClient-1-1] DEBUG org.asynchttpclient.netty.channel.DefaultChannelPool - Closed 1 connections out of 1 in 0 ms
19:41:06.599 [AsyncHttpClient-1-8] DEBUG org.asynchttpclient.netty.channel.NettyConnectListener - Using new Channel '[id: 0x011cdddb, L:/127.0.0.1:58762 - R:localhost/127.0.0.1:53957]' for 'POST' to '/session'
19:41:09.011 [AsyncHttpClient-1-8] DEBUG org.asynchttpclient.netty.handler.HttpHandler - 

Request DefaultHttpRequest(decodeResult: success, version: HTTP/1.1)
POST /session HTTP/1.1
User-Agent: selenium/4.1.2 (java windows)
Content-Length: 3673
Content-Type: application/json; charset=utf-8
host: localhost:53957
accept: */*

Response DefaultHttpResponse(decodeResult: success, version: HTTP/1.1)
HTTP/1.1 200 OK
content-type: application/json; charset=utf-8
cache-control: no-cache
date: Sun, 09 Apr 2023 12:41:06 GMT
content-length: 790

19:41:09.011 [AsyncHttpClient-1-8] DEBUG org.asynchttpclient.netty.channel.ChannelManager - Adding key: http://localhost:53957 for channel [id: 0x011cdddb, L:/127.0.0.1:58762 - R:localhost/127.0.0.1:53957]
19:41:09.017 [AsyncHttpClient-1-9] DEBUG org.asynchttpclient.netty.channel.NettyConnectListener - Using new Channel '[id: 0x74138a5c, L:/127.0.0.1:58777 - R:/127.0.0.1:50409]' for 'GET' to '/json/version'
19:41:09.019 [AsyncHttpClient-1-9] DEBUG org.asynchttpclient.netty.handler.HttpHandler - 

Request DefaultFullHttpRequest(decodeResult: success, version: HTTP/1.1, content: EmptyByteBufBE)
GET /json/version HTTP/1.1
User-Agent: selenium/4.1.2 (java windows)
host: 127.0.0.1:50409
accept: */*

Response DefaultHttpResponse(decodeResult: success, version: HTTP/1.1)
HTTP/1.1 200 OK
content-type: application/json
connection: close
server: httpd.js
date: Sun, 09 Apr 2023 12:41:09 GMT
content-length: 311

19:41:09.020 [AsyncHttpClient-1-9] DEBUG org.asynchttpclient.netty.channel.ChannelManager - Closing Channel [id: 0x74138a5c, L:/127.0.0.1:58777 - R:/127.0.0.1:50409] 
19:41:09.020 [AsyncHttpClient-1-9] DEBUG org.asynchttpclient.netty.handler.HttpHandler - Channel Closed: [id: 0x74138a5c, L:/127.0.0.1:58777 ! R:/127.0.0.1:50409] with attribute DISCARD
19:41:09.021 [Forwarding get on session 7f853e3e-11ec-4b4d-8723-ea0fec6462cd to remote] DEBUG org.asynchttpclient.netty.request.NettyRequestSender - Using pooled Channel '[id: 0x011cdddb, L:/127.0.0.1:58762 - R:localhost/127.0.0.1:53957]' for 'POST' to 'http://localhost:53957/session/7f853e3e-11ec-4b4d-8723-ea0fec6462cd/url'
19:41:09.021 [Forwarding get on session 7f853e3e-11ec-4b4d-8723-ea0fec6462cd to remote] DEBUG org.asynchttpclient.netty.request.NettyRequestSender - Using open Channel [id: 0x011cdddb, L:/127.0.0.1:58762 - R:localhost/127.0.0.1:53957] for POST '/session/7f853e3e-11ec-4b4d-8723-ea0fec6462cd/url'
19:41:10.755 [AsyncHttpClient-1-8] DEBUG org.asynchttpclient.netty.handler.HttpHandler - 

Request DefaultHttpRequest(decodeResult: success, version: HTTP/1.1)
POST /session/7f853e3e-11ec-4b4d-8723-ea0fec6462cd/url HTTP/1.1
User-Agent: selenium/4.1.2 (java windows)
Content-Length: 53
Content-Type: application/json; charset=utf-8
host: localhost:53957
accept: */*

Response DefaultHttpResponse(decodeResult: success, version: HTTP/1.1)
HTTP/1.1 200 OK
content-type: application/json; charset=utf-8
cache-control: no-cache
date: Sun, 09 Apr 2023 12:41:09 GMT
content-length: 14

19:41:10.755 [AsyncHttpClient-1-8] DEBUG org.asynchttpclient.netty.channel.ChannelManager - Adding key: http://localhost:53957 for channel [id: 0x011cdddb, L:/127.0.0.1:58762 - R:localhost/127.0.0.1:53957]
19:41:10.756 [Forwarding setTimeout on session 7f853e3e-11ec-4b4d-8723-ea0fec6462cd to remote] DEBUG org.asynchttpclient.netty.request.NettyRequestSender - Using pooled Channel '[id: 0x011cdddb, L:/127.0.0.1:58762 - R:localhost/127.0.0.1:53957]' for 'POST' to 'http://localhost:53957/session/7f853e3e-11ec-4b4d-8723-ea0fec6462cd/timeouts'
19:41:10.756 [Forwarding setTimeout on session 7f853e3e-11ec-4b4d-8723-ea0fec6462cd to remote] DEBUG org.asynchttpclient.netty.request.NettyRequestSender - Using open Channel [id: 0x011cdddb, L:/127.0.0.1:58762 - R:localhost/127.0.0.1:53957] for POST '/session/7f853e3e-11ec-4b4d-8723-ea0fec6462cd/timeouts'
19:41:10.760 [AsyncHttpClient-1-8] DEBUG org.asynchttpclient.netty.handler.HttpHandler - 

Request DefaultHttpRequest(decodeResult: success, version: HTTP/1.1)
POST /session/7f853e3e-11ec-4b4d-8723-ea0fec6462cd/timeouts HTTP/1.1
User-Agent: selenium/4.1.2 (java windows)
Content-Length: 22
Content-Type: application/json; charset=utf-8
host: localhost:53957
accept: */*

Response DefaultHttpResponse(decodeResult: success, version: HTTP/1.1)
HTTP/1.1 200 OK
content-type: application/json; charset=utf-8
cache-control: no-cache
date: Sun, 09 Apr 2023 12:41:10 GMT
content-length: 14

19:41:10.760 [AsyncHttpClient-1-8] DEBUG org.asynchttpclient.netty.channel.ChannelManager - Adding key: http://localhost:53957 for channel [id: 0x011cdddb, L:/127.0.0.1:58762 - R:localhost/127.0.0.1:53957]
19:41:10.763 [Forwarding getCurrentUrl on session 7f853e3e-11ec-4b4d-8723-ea0fec6462cd to remote] DEBUG org.asynchttpclient.netty.request.NettyRequestSender - Using pooled Channel '[id: 0x011cdddb, L:/127.0.0.1:58762 - R:localhost/127.0.0.1:53957]' for 'GET' to 'http://localhost:53957/session/7f853e3e-11ec-4b4d-8723-ea0fec6462cd/url'
19:41:10.763 [Forwarding getCurrentUrl on session 7f853e3e-11ec-4b4d-8723-ea0fec6462cd to remote] DEBUG org.asynchttpclient.netty.request.NettyRequestSender - Using open Channel [id: 0x011cdddb, L:/127.0.0.1:58762 - R:localhost/127.0.0.1:53957] for GET '/session/7f853e3e-11ec-4b4d-8723-ea0fec6462cd/url'
19:41:10.764 [AsyncHttpClient-1-8] DEBUG org.asynchttpclient.netty.handler.HttpHandler - 

Request DefaultFullHttpRequest(decodeResult: success, version: HTTP/1.1, content: EmptyByteBufBE)
GET /session/7f853e3e-11ec-4b4d-8723-ea0fec6462cd/url HTTP/1.1
User-Agent: selenium/4.1.2 (java windows)
Cache-Control: no-cache
Content-Type: application/json; charset=utf-8
host: localhost:53957
accept: */*

Response DefaultHttpResponse(decodeResult: success, version: HTTP/1.1)
HTTP/1.1 200 OK
content-type: application/json; charset=utf-8
cache-control: no-cache
date: Sun, 09 Apr 2023 12:41:10 GMT
content-length: 41

19:41:10.764 [AsyncHttpClient-1-8] DEBUG org.asynchttpclient.netty.channel.ChannelManager - Adding key: http://localhost:53957 for channel [id: 0x011cdddb, L:/127.0.0.1:58762 - R:localhost/127.0.0.1:53957]
  &amp#27;[32mGiven &amp#27;[0m&amp#27;[32mI am on the home page&amp#27;[0m     &amp#27;[90m# starter.stepdefinitions.BabyStep.iAmOnTheHomePage()&amp#27;[0m
19:41:10.772 [Forwarding screenshot on session 7f853e3e-11ec-4b4d-8723-ea0fec6462cd to remote] DEBUG org.asynchttpclient.netty.request.NettyRequestSender - Using pooled Channel '[id: 0x011cdddb, L:/127.0.0.1:58762 - R:localhost/127.0.0.1:53957]' for 'GET' to 'http://localhost:53957/session/7f853e3e-11ec-4b4d-8723-ea0fec6462cd/screenshot'
19:41:10.772 [Forwarding screenshot on session 7f853e3e-11ec-4b4d-8723-ea0fec6462cd to remote] DEBUG org.asynchttpclient.netty.request.NettyRequestSender - Using open Channel [id: 0x011cdddb, L:/127.0.0.1:58762 - R:localhost/127.0.0.1:53957] for GET '/session/7f853e3e-11ec-4b4d-8723-ea0fec6462cd/screenshot'
19:41:11.498 [AsyncHttpClient-1-8] DEBUG org.asynchttpclient.netty.handler.HttpHandler - 

Request DefaultFullHttpRequest(decodeResult: success, version: HTTP/1.1, content: EmptyByteBufBE)
GET /session/7f853e3e-11ec-4b4d-8723-ea0fec6462cd/screenshot HTTP/1.1
User-Agent: selenium/4.1.2 (java windows)
Cache-Control: no-cache
Content-Type: application/json; charset=utf-8
host: localhost:53957
accept: */*

Response DefaultHttpResponse(decodeResult: success, version: HTTP/1.1)
HTTP/1.1 200 OK
content-type: application/json; charset=utf-8
cache-control: no-cache
date: Sun, 09 Apr 2023 12:41:10 GMT
content-length: 104148

19:41:11.498 [AsyncHttpClient-1-8] DEBUG org.asynchttpclient.netty.channel.ChannelManager - Adding key: http://localhost:53957 for channel [id: 0x011cdddb, L:/127.0.0.1:58762 - R:localhost/127.0.0.1:53957]
19:41:11.504 [main] DEBUG net.serenitybdd.core.photography.Darkroom - Send negative for processing for target\site\serenity\62161cc123036fb00f9b782e4a9078284011ad43f09e78389d96ef8037bb6794.png
19:41:11.521 [Forwarding findElement on session 7f853e3e-11ec-4b4d-8723-ea0fec6462cd to remote] DEBUG org.asynchttpclient.netty.request.NettyRequestSender - Using pooled Channel '[id: 0x011cdddb, L:/127.0.0.1:58762 - R:localhost/127.0.0.1:53957]' for 'POST' to 'http://localhost:53957/session/7f853e3e-11ec-4b4d-8723-ea0fec6462cd/element'
19:41:11.521 [Forwarding findElement on session 7f853e3e-11ec-4b4d-8723-ea0fec6462cd to remote] DEBUG org.asynchttpclient.netty.request.NettyRequestSender - Using open Channel [id: 0x011cdddb, L:/127.0.0.1:58762 - R:localhost/127.0.0.1:53957] for POST '/session/7f853e3e-11ec-4b4d-8723-ea0fec6462cd/element'
19:41:11.668 [AsyncHttpClient-1-8] DEBUG org.asynchttpclient.netty.handler.HttpHandler - 

Request DefaultHttpRequest(decodeResult: success, version: HTTP/1.1)
POST /session/7f853e3e-11ec-4b4d-8723-ea0fec6462cd/element HTTP/1.1
User-Agent: selenium/4.1.2 (java windows)
Content-Length: 81
Content-Type: application/json; charset=utf-8
host: localhost:53957
accept: */*

Response DefaultHttpResponse(decodeResult: success, version: HTTP/1.1)
HTTP/1.1 200 OK
content-type: application/json; charset=utf-8
cache-control: no-cache
date: Sun, 09 Apr 2023 12:41:10 GMT
content-length: 88

19:41:11.668 [AsyncHttpClient-1-8] DEBUG org.asynchttpclient.netty.channel.ChannelManager - Adding key: http://localhost:53957 for channel [id: 0x011cdddb, L:/127.0.0.1:58762 - R:localhost/127.0.0.1:53957]
19:41:11.670 [Forwarding getElementTagName on session 7f853e3e-11ec-4b4d-8723-ea0fec6462cd to remote] DEBUG org.asynchttpclient.netty.request.NettyRequestSender - Using pooled Channel '[id: 0x011cdddb, L:/127.0.0.1:58762 - R:localhost/127.0.0.1:53957]' for 'GET' to 'http://localhost:53957/session/7f853e3e-11ec-4b4d-8723-ea0fec6462cd/element/81636035-b132-42d6-a741-669260bf5f06/name'
19:41:11.670 [Forwarding getElementTagName on session 7f853e3e-11ec-4b4d-8723-ea0fec6462cd to remote] DEBUG org.asynchttpclient.netty.request.NettyRequestSender - Using open Channel [id: 0x011cdddb, L:/127.0.0.1:58762 - R:localhost/127.0.0.1:53957] for GET '/session/7f853e3e-11ec-4b4d-8723-ea0fec6462cd/element/81636035-b132-42d6-a741-669260bf5f06/name'
19:41:11.743 [AsyncHttpClient-1-8] DEBUG org.asynchttpclient.netty.handler.HttpHandler - 

Request DefaultFullHttpRequest(decodeResult: success, version: HTTP/1.1, content: EmptyByteBufBE)
GET /session/7f853e3e-11ec-4b4d-8723-ea0fec6462cd/element/81636035-b132-42d6-a741-669260bf5f06/name HTTP/1.1
User-Agent: selenium/4.1.2 (java windows)
Cache-Control: no-cache
Content-Type: application/json; charset=utf-8
host: localhost:53957
accept: */*

Response DefaultHttpResponse(decodeResult: success, version: HTTP/1.1)
HTTP/1.1 200 OK
content-type: application/json; charset=utf-8
cache-control: no-cache
date: Sun, 09 Apr 2023 12:41:10 GMT
content-length: 16

19:41:11.743 [AsyncHttpClient-1-8] DEBUG org.asynchttpclient.netty.channel.ChannelManager - Adding key: http://localhost:53957 for channel [id: 0x011cdddb, L:/127.0.0.1:58762 - R:localhost/127.0.0.1:53957]
19:41:11.745 [Forwarding getElementTagName on session 7f853e3e-11ec-4b4d-8723-ea0fec6462cd to remote] DEBUG org.asynchttpclient.netty.request.NettyRequestSender - Using pooled Channel '[id: 0x011cdddb, L:/127.0.0.1:58762 - R:localhost/127.0.0.1:53957]' for 'GET' to 'http://localhost:53957/session/7f853e3e-11ec-4b4d-8723-ea0fec6462cd/element/81636035-b132-42d6-a741-669260bf5f06/name'
19:41:11.745 [Forwarding getElementTagName on session 7f853e3e-11ec-4b4d-8723-ea0fec6462cd to remote] DEBUG org.asynchttpclient.netty.request.NettyRequestSender - Using open Channel [id: 0x011cdddb, L:/127.0.0.1:58762 - R:localhost/127.0.0.1:53957] for GET '/session/7f853e3e-11ec-4b4d-8723-ea0fec6462cd/element/81636035-b132-42d6-a741-669260bf5f06/name'
19:41:11.821 [AsyncHttpClient-1-8] DEBUG org.asynchttpclient.netty.handler.HttpHandler - 

Request DefaultFullHttpRequest(decodeResult: success, version: HTTP/1.1, content: EmptyByteBufBE)
GET /session/7f853e3e-11ec-4b4d-8723-ea0fec6462cd/element/81636035-b132-42d6-a741-669260bf5f06/name HTTP/1.1
User-Agent: selenium/4.1.2 (java windows)
Cache-Control: no-cache
Content-Type: application/json; charset=utf-8
host: localhost:53957
accept: */*

Response DefaultHttpResponse(decodeResult: success, version: HTTP/1.1)
HTTP/1.1 200 OK
content-type: application/json; charset=utf-8
cache-control: no-cache
date: Sun, 09 Apr 2023 12:41:10 GMT
content-length: 16

19:41:11.821 [AsyncHttpClient-1-8] DEBUG org.asynchttpclient.netty.channel.ChannelManager - Adding key: http://localhost:53957 for channel [id: 0x011cdddb, L:/127.0.0.1:58762 - R:localhost/127.0.0.1:53957]
19:41:11.823 [Forwarding findElement on session 7f853e3e-11ec-4b4d-8723-ea0fec6462cd to remote] DEBUG org.asynchttpclient.netty.request.NettyRequestSender - Using pooled Channel '[id: 0x011cdddb, L:/127.0.0.1:58762 - R:localhost/127.0.0.1:53957]' for 'POST' to 'http://localhost:53957/session/7f853e3e-11ec-4b4d-8723-ea0fec6462cd/element'
19:41:11.823 [Forwarding findElement on session 7f853e3e-11ec-4b4d-8723-ea0fec6462cd to remote] DEBUG org.asynchttpclient.netty.request.NettyRequestSender - Using open Channel [id: 0x011cdddb, L:/127.0.0.1:58762 - R:localhost/127.0.0.1:53957] for POST '/session/7f853e3e-11ec-4b4d-8723-ea0fec6462cd/element'
19:41:11.846 [AsyncHttpClient-1-8] DEBUG org.asynchttpclient.netty.handler.HttpHandler - 

Request DefaultHttpRequest(decodeResult: success, version: HTTP/1.1)
POST /session/7f853e3e-11ec-4b4d-8723-ea0fec6462cd/element HTTP/1.1
User-Agent: selenium/4.1.2 (java windows)
Content-Length: 81
Content-Type: application/json; charset=utf-8
host: localhost:53957
accept: */*

Response DefaultHttpResponse(decodeResult: success, version: HTTP/1.1)
HTTP/1.1 200 OK
content-type: application/json; charset=utf-8
cache-control: no-cache
date: Sun, 09 Apr 2023 12:41:11 GMT
content-length: 88

19:41:11.847 [AsyncHttpClient-1-8] DEBUG org.asynchttpclient.netty.channel.ChannelManager - Adding key: http://localhost:53957 for channel [id: 0x011cdddb, L:/127.0.0.1:58762 - R:localhost/127.0.0.1:53957]
19:41:11.848 [Forwarding clickElement on session 7f853e3e-11ec-4b4d-8723-ea0fec6462cd to remote] DEBUG org.asynchttpclient.netty.request.NettyRequestSender - Using pooled Channel '[id: 0x011cdddb, L:/127.0.0.1:58762 - R:localhost/127.0.0.1:53957]' for 'POST' to 'http://localhost:53957/session/7f853e3e-11ec-4b4d-8723-ea0fec6462cd/element/81636035-b132-42d6-a741-669260bf5f06/click'
19:41:11.848 [Forwarding clickElement on session 7f853e3e-11ec-4b4d-8723-ea0fec6462cd to remote] DEBUG org.asynchttpclient.netty.request.NettyRequestSender - Using open Channel [id: 0x011cdddb, L:/127.0.0.1:58762 - R:localhost/127.0.0.1:53957] for POST '/session/7f853e3e-11ec-4b4d-8723-ea0fec6462cd/element/81636035-b132-42d6-a741-669260bf5f06/click'
19:41:12.523 [AsyncHttpClient-1-8] DEBUG org.asynchttpclient.netty.handler.HttpHandler - 

Request DefaultHttpRequest(decodeResult: success, version: HTTP/1.1)
POST /session/7f853e3e-11ec-4b4d-8723-ea0fec6462cd/element/81636035-b132-42d6-a741-669260bf5f06/click HTTP/1.1
User-Agent: selenium/4.1.2 (java windows)
Content-Length: 50
Content-Type: application/json; charset=utf-8
host: localhost:53957
accept: */*

Response DefaultHttpResponse(decodeResult: success, version: HTTP/1.1)
HTTP/1.1 200 OK
content-type: application/json; charset=utf-8
cache-control: no-cache
date: Sun, 09 Apr 2023 12:41:11 GMT
content-length: 14

19:41:12.523 [AsyncHttpClient-1-8] DEBUG org.asynchttpclient.netty.channel.ChannelManager - Adding key: http://localhost:53957 for channel [id: 0x011cdddb, L:/127.0.0.1:58762 - R:localhost/127.0.0.1:53957]
  &amp#27;[32mThen &amp#27;[0m&amp#27;[32mI click baby on the header&amp#27;[0m &amp#27;[90m# starter.stepdefinitions.BabyStep.iClickBabyOnTheHeader()&amp#27;[0m
19:41:12.537 [Forwarding screenshot on session 7f853e3e-11ec-4b4d-8723-ea0fec6462cd to remote] DEBUG org.asynchttpclient.netty.request.NettyRequestSender - Using pooled Channel '[id: 0x011cdddb, L:/127.0.0.1:58762 - R:localhost/127.0.0.1:53957]' for 'GET' to 'http://localhost:53957/session/7f853e3e-11ec-4b4d-8723-ea0fec6462cd/screenshot'
19:41:12.537 [Forwarding screenshot on session 7f853e3e-11ec-4b4d-8723-ea0fec6462cd to remote] DEBUG org.asynchttpclient.netty.request.NettyRequestSender - Using open Channel [id: 0x011cdddb, L:/127.0.0.1:58762 - R:localhost/127.0.0.1:53957] for GET '/session/7f853e3e-11ec-4b4d-8723-ea0fec6462cd/screenshot'
19:41:12.659 [AsyncHttpClient-1-8] DEBUG org.asynchttpclient.netty.handler.HttpHandler - 

Request DefaultFullHttpRequest(decodeResult: success, version: HTTP/1.1, content: EmptyByteBufBE)
GET /session/7f853e3e-11ec-4b4d-8723-ea0fec6462cd/screenshot HTTP/1.1
User-Agent: selenium/4.1.2 (java windows)
Cache-Control: no-cache
Content-Type: application/json; charset=utf-8
host: localhost:53957
accept: */*

Response DefaultHttpResponse(decodeResult: success, version: HTTP/1.1)
HTTP/1.1 200 OK
content-type: application/json; charset=utf-8
cache-control: no-cache
date: Sun, 09 Apr 2023 12:41:11 GMT
content-length: 98024

19:41:12.659 [AsyncHttpClient-1-8] DEBUG org.asynchttpclient.netty.channel.ChannelManager - Adding key: http://localhost:53957 for channel [id: 0x011cdddb, L:/127.0.0.1:58762 - R:localhost/127.0.0.1:53957]
19:41:12.663 [main] DEBUG net.serenitybdd.core.photography.Darkroom - Send negative for processing for target\site\serenity\bcb9a8d665d2c58a930e922f816fcc3ebc2aef855b882f3d531e7c9aa320b06d.png
19:41:12.677 [Forwarding findElement on session 7f853e3e-11ec-4b4d-8723-ea0fec6462cd to remote] DEBUG org.asynchttpclient.netty.request.NettyRequestSender - Using pooled Channel '[id: 0x011cdddb, L:/127.0.0.1:58762 - R:localhost/127.0.0.1:53957]' for 'POST' to 'http://localhost:53957/session/7f853e3e-11ec-4b4d-8723-ea0fec6462cd/element'
19:41:12.677 [Forwarding findElement on session 7f853e3e-11ec-4b4d-8723-ea0fec6462cd to remote] DEBUG org.asynchttpclient.netty.request.NettyRequestSender - Using open Channel [id: 0x011cdddb, L:/127.0.0.1:58762 - R:localhost/127.0.0.1:53957] for POST '/session/7f853e3e-11ec-4b4d-8723-ea0fec6462cd/element'
19:41:12.789 [AsyncHttpClient-1-8] DEBUG org.asynchttpclient.netty.handler.HttpHandler - 

Request DefaultHttpRequest(decodeResult: success, version: HTTP/1.1)
POST /session/7f853e3e-11ec-4b4d-8723-ea0fec6462cd/element HTTP/1.1
User-Agent: selenium/4.1.2 (java windows)
Content-Length: 104
Content-Type: application/json; charset=utf-8
host: localhost:53957
accept: */*

Response DefaultHttpResponse(decodeResult: success, version: HTTP/1.1)
HTTP/1.1 200 OK
content-type: application/json; charset=utf-8
cache-control: no-cache
date: Sun, 09 Apr 2023 12:41:11 GMT
content-length: 88

19:41:12.789 [AsyncHttpClient-1-8] DEBUG org.asynchttpclient.netty.channel.ChannelManager - Adding key: http://localhost:53957 for channel [id: 0x011cdddb, L:/127.0.0.1:58762 - R:localhost/127.0.0.1:53957]
19:41:12.791 [Forwarding getElementTagName on session 7f853e3e-11ec-4b4d-8723-ea0fec6462cd to remote] DEBUG org.asynchttpclient.netty.request.NettyRequestSender - Using pooled Channel '[id: 0x011cdddb, L:/127.0.0.1:58762 - R:localhost/127.0.0.1:53957]' for 'GET' to 'http://localhost:53957/session/7f853e3e-11ec-4b4d-8723-ea0fec6462cd/element/2a0911ba-57b8-4cb0-a846-d8de967c5883/name'
19:41:12.791 [Forwarding getElementTagName on session 7f853e3e-11ec-4b4d-8723-ea0fec6462cd to remote] DEBUG org.asynchttpclient.netty.request.NettyRequestSender - Using open Channel [id: 0x011cdddb, L:/127.0.0.1:58762 - R:localhost/127.0.0.1:53957] for GET '/session/7f853e3e-11ec-4b4d-8723-ea0fec6462cd/element/2a0911ba-57b8-4cb0-a846-d8de967c5883/name'
19:41:12.812 [AsyncHttpClient-1-8] DEBUG org.asynchttpclient.netty.handler.HttpHandler - 

Request DefaultFullHttpRequest(decodeResult: success, version: HTTP/1.1, content: EmptyByteBufBE)
GET /session/7f853e3e-11ec-4b4d-8723-ea0fec6462cd/element/2a0911ba-57b8-4cb0-a846-d8de967c5883/name HTTP/1.1
User-Agent: selenium/4.1.2 (java windows)
Cache-Control: no-cache
Content-Type: application/json; charset=utf-8
host: localhost:53957
accept: */*

Response DefaultHttpResponse(decodeResult: success, version: HTTP/1.1)
HTTP/1.1 200 OK
content-type: application/json; charset=utf-8
cache-control: no-cache
date: Sun, 09 Apr 2023 12:41:11 GMT
content-length: 16

19:41:12.813 [AsyncHttpClient-1-8] DEBUG org.asynchttpclient.netty.channel.ChannelManager - Adding key: http://localhost:53957 for channel [id: 0x011cdddb, L:/127.0.0.1:58762 - R:localhost/127.0.0.1:53957]
19:41:12.814 [Forwarding getElementTagName on session 7f853e3e-11ec-4b4d-8723-ea0fec6462cd to remote] DEBUG org.asynchttpclient.netty.request.NettyRequestSender - Using pooled Channel '[id: 0x011cdddb, L:/127.0.0.1:58762 - R:localhost/127.0.0.1:53957]' for 'GET' to 'http://localhost:53957/session/7f853e3e-11ec-4b4d-8723-ea0fec6462cd/element/2a0911ba-57b8-4cb0-a846-d8de967c5883/name'
19:41:12.814 [Forwarding getElementTagName on session 7f853e3e-11ec-4b4d-8723-ea0fec6462cd to remote] DEBUG org.asynchttpclient.netty.request.NettyRequestSender - Using open Channel [id: 0x011cdddb, L:/127.0.0.1:58762 - R:localhost/127.0.0.1:53957] for GET '/session/7f853e3e-11ec-4b4d-8723-ea0fec6462cd/element/2a0911ba-57b8-4cb0-a846-d8de967c5883/name'
19:41:12.822 [AsyncHttpClient-1-8] DEBUG org.asynchttpclient.netty.handler.HttpHandler - 

Request DefaultFullHttpRequest(decodeResult: success, version: HTTP/1.1, content: EmptyByteBufBE)
GET /session/7f853e3e-11ec-4b4d-8723-ea0fec6462cd/element/2a0911ba-57b8-4cb0-a846-d8de967c5883/name HTTP/1.1
User-Agent: selenium/4.1.2 (java windows)
Cache-Control: no-cache
Content-Type: application/json; charset=utf-8
host: localhost:53957
accept: */*

Response DefaultHttpResponse(decodeResult: success, version: HTTP/1.1)
HTTP/1.1 200 OK
content-type: application/json; charset=utf-8
cache-control: no-cache
date: Sun, 09 Apr 2023 12:41:11 GMT
content-length: 16

19:41:12.822 [AsyncHttpClient-1-8] DEBUG org.asynchttpclient.netty.channel.ChannelManager - Adding key: http://localhost:53957 for channel [id: 0x011cdddb, L:/127.0.0.1:58762 - R:localhost/127.0.0.1:53957]
19:41:12.824 [Forwarding findElement on session 7f853e3e-11ec-4b4d-8723-ea0fec6462cd to remote] DEBUG org.asynchttpclient.netty.request.NettyRequestSender - Using pooled Channel '[id: 0x011cdddb, L:/127.0.0.1:58762 - R:localhost/127.0.0.1:53957]' for 'POST' to 'http://localhost:53957/session/7f853e3e-11ec-4b4d-8723-ea0fec6462cd/element'
19:41:12.824 [Forwarding findElement on session 7f853e3e-11ec-4b4d-8723-ea0fec6462cd to remote] DEBUG org.asynchttpclient.netty.request.NettyRequestSender - Using open Channel [id: 0x011cdddb, L:/127.0.0.1:58762 - R:localhost/127.0.0.1:53957] for POST '/session/7f853e3e-11ec-4b4d-8723-ea0fec6462cd/element'
19:41:12.885 [AsyncHttpClient-1-8] DEBUG org.asynchttpclient.netty.handler.HttpHandler - 

Request DefaultHttpRequest(decodeResult: success, version: HTTP/1.1)
POST /session/7f853e3e-11ec-4b4d-8723-ea0fec6462cd/element HTTP/1.1
User-Agent: selenium/4.1.2 (java windows)
Content-Length: 104
Content-Type: application/json; charset=utf-8
host: localhost:53957
accept: */*

Response DefaultHttpResponse(decodeResult: success, version: HTTP/1.1)
HTTP/1.1 200 OK
content-type: application/json; charset=utf-8
cache-control: no-cache
date: Sun, 09 Apr 2023 12:41:12 GMT
content-length: 88

19:41:12.886 [AsyncHttpClient-1-8] DEBUG org.asynchttpclient.netty.channel.ChannelManager - Adding key: http://localhost:53957 for channel [id: 0x011cdddb, L:/127.0.0.1:58762 - R:localhost/127.0.0.1:53957]
19:41:12.887 [Forwarding clickElement on session 7f853e3e-11ec-4b4d-8723-ea0fec6462cd to remote] DEBUG org.asynchttpclient.netty.request.NettyRequestSender - Using pooled Channel '[id: 0x011cdddb, L:/127.0.0.1:58762 - R:localhost/127.0.0.1:53957]' for 'POST' to 'http://localhost:53957/session/7f853e3e-11ec-4b4d-8723-ea0fec6462cd/element/2a0911ba-57b8-4cb0-a846-d8de967c5883/click'
19:41:12.887 [Forwarding clickElement on session 7f853e3e-11ec-4b4d-8723-ea0fec6462cd to remote] DEBUG org.asynchttpclient.netty.request.NettyRequestSender - Using open Channel [id: 0x011cdddb, L:/127.0.0.1:58762 - R:localhost/127.0.0.1:53957] for POST '/session/7f853e3e-11ec-4b4d-8723-ea0fec6462cd/element/2a0911ba-57b8-4cb0-a846-d8de967c5883/click'
19:41:13.352 [AsyncHttpClient-1-8] DEBUG org.asynchttpclient.netty.handler.HttpHandler - 

Request DefaultHttpRequest(decodeResult: success, version: HTTP/1.1)
POST /session/7f853e3e-11ec-4b4d-8723-ea0fec6462cd/element/2a0911ba-57b8-4cb0-a846-d8de967c5883/click HTTP/1.1
User-Agent: selenium/4.1.2 (java windows)
Content-Length: 50
Content-Type: application/json; charset=utf-8
host: localhost:53957
accept: */*

Response DefaultHttpResponse(decodeResult: success, version: HTTP/1.1)
HTTP/1.1 200 OK
content-type: application/json; charset=utf-8
cache-control: no-cache
date: Sun, 09 Apr 2023 12:41:12 GMT
content-length: 14

19:41:13.353 [AsyncHttpClient-1-8] DEBUG org.asynchttpclient.netty.channel.ChannelManager - Adding key: http://localhost:53957 for channel [id: 0x011cdddb, L:/127.0.0.1:58762 - R:localhost/127.0.0.1:53957]
  &amp#27;[32mWhen &amp#27;[0m&amp#27;[32mI will go to &amp#27;[0m&amp#27;[32m&amp#27;[1m"piyama"&amp#27;[0m      &amp#27;[90m# starter.stepdefinitions.BabyStep.iWillGoTo(java.lang.String)&amp#27;[0m
19:41:13.358 [Forwarding screenshot on session 7f853e3e-11ec-4b4d-8723-ea0fec6462cd to remote] DEBUG org.asynchttpclient.netty.request.NettyRequestSender - Using pooled Channel '[id: 0x011cdddb, L:/127.0.0.1:58762 - R:localhost/127.0.0.1:53957]' for 'GET' to 'http://localhost:53957/session/7f853e3e-11ec-4b4d-8723-ea0fec6462cd/screenshot'
19:41:13.358 [Forwarding screenshot on session 7f853e3e-11ec-4b4d-8723-ea0fec6462cd to remote] DEBUG org.asynchttpclient.netty.request.NettyRequestSender - Using open Channel [id: 0x011cdddb, L:/127.0.0.1:58762 - R:localhost/127.0.0.1:53957] for GET '/session/7f853e3e-11ec-4b4d-8723-ea0fec6462cd/screenshot'
19:41:13.549 [AsyncHttpClient-1-8] DEBUG org.asynchttpclient.netty.handler.HttpHandler - 

Request DefaultFullHttpRequest(decodeResult: success, version: HTTP/1.1, content: EmptyByteBufBE)
GET /session/7f853e3e-11ec-4b4d-8723-ea0fec6462cd/screenshot HTTP/1.1
User-Agent: selenium/4.1.2 (java windows)
Cache-Control: no-cache
Content-Type: application/json; charset=utf-8
host: localhost:53957
accept: */*

Response DefaultHttpResponse(decodeResult: success, version: HTTP/1.1)
HTTP/1.1 200 OK
content-type: application/json; charset=utf-8
cache-control: no-cache
date: Sun, 09 Apr 2023 12:41:12 GMT
content-length: 197604

19:41:13.550 [AsyncHttpClient-1-8] DEBUG org.asynchttpclient.netty.channel.ChannelManager - Adding key: http://localhost:53957 for channel [id: 0x011cdddb, L:/127.0.0.1:58762 - R:localhost/127.0.0.1:53957]
19:41:13.557 [main] DEBUG net.serenitybdd.core.photography.Darkroom - Send negative for processing for target\site\serenity\34f319aecafaaccae3db951c7e780375d4e2309292f62e5d5a347c596182b6a7.png
19:41:13.558 [Darkroom Processing Line] DEBUG net.serenitybdd.core.photography.DarkroomProcessingLine - Processing screenshot image in /var/screenshots/screenshot-7724588771578303289
19:41:13.558 [Darkroom Processing Line] DEBUG net.serenitybdd.core.photography.DarkroomProcessingLine - Saving screenshot to target\site\serenity\34f319aecafaaccae3db951c7e780375d4e2309292f62e5d5a347c596182b6a7.png
19:41:13.566 [Forwarding findElement on session 7f853e3e-11ec-4b4d-8723-ea0fec6462cd to remote] DEBUG org.asynchttpclient.netty.request.NettyRequestSender - Using pooled Channel '[id: 0x011cdddb, L:/127.0.0.1:58762 - R:localhost/127.0.0.1:53957]' for 'POST' to 'http://localhost:53957/session/7f853e3e-11ec-4b4d-8723-ea0fec6462cd/element'
19:41:13.566 [Forwarding findElement on session 7f853e3e-11ec-4b4d-8723-ea0fec6462cd to remote] DEBUG org.asynchttpclient.netty.request.NettyRequestSender - Using open Channel [id: 0x011cdddb, L:/127.0.0.1:58762 - R:localhost/127.0.0.1:53957] for POST '/session/7f853e3e-11ec-4b4d-8723-ea0fec6462cd/element'
19:41:13.568 [AsyncHttpClient-1-8] DEBUG org.asynchttpclient.netty.handler.HttpHandler - 

Request DefaultHttpRequest(decodeResult: success, version: HTTP/1.1)
POST /session/7f853e3e-11ec-4b4d-8723-ea0fec6462cd/element HTTP/1.1
User-Agent: selenium/4.1.2 (java windows)
Content-Length: 89
Content-Type: application/json; charset=utf-8
host: localhost:53957
accept: */*

Response DefaultHttpResponse(decodeResult: success, version: HTTP/1.1)
HTTP/1.1 200 OK
content-type: application/json; charset=utf-8
cache-control: no-cache
date: Sun, 09 Apr 2023 12:41:12 GMT
content-length: 88

19:41:13.568 [AsyncHttpClient-1-8] DEBUG org.asynchttpclient.netty.channel.ChannelManager - Adding key: http://localhost:53957 for channel [id: 0x011cdddb, L:/127.0.0.1:58762 - R:localhost/127.0.0.1:53957]
19:41:13.571 [Forwarding isElementDisplayed on session 7f853e3e-11ec-4b4d-8723-ea0fec6462cd to remote] DEBUG org.asynchttpclient.netty.request.NettyRequestSender - Using pooled Channel '[id: 0x011cdddb, L:/127.0.0.1:58762 - R:localhost/127.0.0.1:53957]' for 'POST' to 'http://localhost:53957/session/7f853e3e-11ec-4b4d-8723-ea0fec6462cd/execute/sync'
19:41:13.571 [Forwarding isElementDisplayed on session 7f853e3e-11ec-4b4d-8723-ea0fec6462cd to remote] DEBUG org.asynchttpclient.netty.request.NettyRequestSender - Using open Channel [id: 0x011cdddb, L:/127.0.0.1:58762 - R:localhost/127.0.0.1:53957] for POST '/session/7f853e3e-11ec-4b4d-8723-ea0fec6462cd/execute/sync'
19:41:13.586 [AsyncHttpClient-1-8] DEBUG org.asynchttpclient.netty.handler.HttpHandler - 

Request DefaultHttpRequest(decodeResult: success, version: HTTP/1.1)
POST /session/7f853e3e-11ec-4b4d-8723-ea0fec6462cd/execute/sync HTTP/1.1
User-Agent: selenium/4.1.2 (java windows)
Content-Length: 48780
Content-Type: application/json; charset=utf-8
host: localhost:53957
accept: */*

Response DefaultHttpResponse(decodeResult: success, version: HTTP/1.1)
HTTP/1.1 200 OK
content-type: application/json; charset=utf-8
cache-control: no-cache
date: Sun, 09 Apr 2023 12:41:12 GMT
content-length: 14

19:41:13.586 [AsyncHttpClient-1-8] DEBUG org.asynchttpclient.netty.channel.ChannelManager - Adding key: http://localhost:53957 for channel [id: 0x011cdddb, L:/127.0.0.1:58762 - R:localhost/127.0.0.1:53957]
  &amp#27;[32mAnd &amp#27;[0m&amp#27;[32mI &amp#27;[0m&amp#27;[32m&amp#27;[1m"txtPiyama"&amp#27;[0m&amp#27;[32m page&amp#27;[0m          &amp#27;[90m# starter.stepdefinitions.BabyStep.iPage(java.lang.String)&amp#27;[0m
19:41:13.595 [Driver Command Executor] DEBUG org.asynchttpclient.netty.request.NettyRequestSender - Using pooled Channel '[id: 0x011cdddb, L:/127.0.0.1:58762 - R:localhost/127.0.0.1:53957]' for 'DELETE' to 'http://localhost:53957/session/7f853e3e-11ec-4b4d-8723-ea0fec6462cd'
19:41:13.595 [Driver Command Executor] DEBUG org.asynchttpclient.netty.request.NettyRequestSender - Using open Channel [id: 0x011cdddb, L:/127.0.0.1:58762 - R:localhost/127.0.0.1:53957] for DELETE '/session/7f853e3e-11ec-4b4d-8723-ea0fec6462cd'
19:41:15.229 [AsyncHttpClient-1-8] DEBUG org.asynchttpclient.netty.handler.HttpHandler - 

Request DefaultFullHttpRequest(decodeResult: success, version: HTTP/1.1, content: EmptyByteBufBE)
DELETE /session/7f853e3e-11ec-4b4d-8723-ea0fec6462cd HTTP/1.1
User-Agent: selenium/4.1.2 (java windows)
Content-Type: application/json; charset=utf-8
host: localhost:53957
accept: */*

Response DefaultHttpResponse(decodeResult: success, version: HTTP/1.1)
HTTP/1.1 200 OK
content-type: application/json; charset=utf-8
cache-control: no-cache
date: Sun, 09 Apr 2023 12:41:12 GMT
content-length: 14

19:41:15.229 [AsyncHttpClient-1-8] DEBUG org.asynchttpclient.netty.channel.ChannelManager - Adding key: http://localhost:53957 for channel [id: 0x011cdddb, L:/127.0.0.1:58762 - R:localhost/127.0.0.1:53957]
19:41:15.231 [AsyncHttpClient-1-8] DEBUG org.asynchttpclient.netty.handler.HttpHandler - Unexpected I/O exception on channel [id: 0x011cdddb, L:/127.0.0.1:58762 - R:localhost/127.0.0.1:53957]
java.net.SocketException: Connection reset
	at java.base/sun.nio.ch.SocketChannelImpl.throwConnectionReset(SocketChannelImpl.java:345)
	at java.base/sun.nio.ch.SocketChannelImpl.read(SocketChannelImpl.java:376)
	at io.netty.buffer.PooledByteBuf.setBytes(PooledByteBuf.java:258)
	at io.netty.buffer.AbstractByteBuf.writeBytes(AbstractByteBuf.java:1132)
	at io.netty.channel.socket.nio.NioSocketChannel.doReadBytes(NioSocketChannel.java:350)
	at io.netty.channel.nio.AbstractNioByteChannel$NioByteUnsafe.read(AbstractNioByteChannel.java:151)
	at io.netty.channel.nio.NioEventLoop.processSelectedKey(NioEventLoop.java:722)
	at io.netty.channel.nio.NioEventLoop.processSelectedKeysOptimized(NioEventLoop.java:658)
	at io.netty.channel.nio.NioEventLoop.processSelectedKeys(NioEventLoop.java:584)
	at io.netty.channel.nio.NioEventLoop.run(NioEventLoop.java:496)
	at io.netty.util.concurrent.SingleThreadEventExecutor$4.run(SingleThreadEventExecutor.java:986)
	at io.netty.util.internal.ThreadExecutorMap$2.run(ThreadExecutorMap.java:74)
	at io.netty.util.concurrent.FastThreadLocalRunnable.run(FastThreadLocalRunnable.java:30)
	at java.base/java.lang.Thread.run(Thread.java:830)
19:41:15.231 [AsyncHttpClient-1-8] DEBUG org.asynchttpclient.netty.channel.ChannelManager - Closing Channel [id: 0x011cdddb, L:/127.0.0.1:58762 - R:localhost/127.0.0.1:53957] 
19:41:15.231 [AsyncHttpClient-1-8] DEBUG org.asynchttpclient.netty.handler.HttpHandler - Channel Closed: [id: 0x011cdddb, L:/127.0.0.1:58762 ! R:localhost/127.0.0.1:53957] with attribute DISCARD
]]></system-out>
    <system-err><![CDATA[1681044066128	geckodriver	INFO	Listening on 127.0.0.1:53957
1681044066619	mozrunner::runner	INFO	Running command: "C:\\Program Files\\Mozilla Firefox\\firefox.exe" "--marionette" "" "--remote-debugging-port" "50409" "--remote-allow-hosts" "localhost" "-no-remote" "-profile" "C:\\Users\\alwi\\AppData\\Local\\Temp\\rust_mozprofileAjv5yO"
console.warn: services.settings: Ignoring preference override of remote settings server
console.warn: services.settings: Allow by setting MOZ_REMOTE_SETTINGS_DEVTOOLS=1 in the environment
1681044066959	Marionette	INFO	Marionette enabled
Dynamically enable window occlusion 0
1681044066964	Marionette	INFO	Listening on port 58765
WebDriver BiDi listening on ws://127.0.0.1:50409
Read port: 58765
1681044067205	RemoteAgent	WARN	TLS certificate errors will be ignored for this session
console.warn: SearchSettings: "get: No settings file exists, new profile?" (new NotFoundError("Could not open the file at C:\\Users\\alwi\\AppData\\Local\\Temp\\rust_mozprofileAjv5yO\\search.json.mozlz4", (void 0)))
DevTools listening on ws://127.0.0.1:50409/devtools/browser/414fa9ca-3080-4261-b87a-0c6c2ec03d80
Apr 09, 2023 7:41:09 PM org.openqa.selenium.remote.ProtocolHandshake createSession
INFO: Detected dialect: W3C
JavaScript warning: https://www.uniqlo.com/oQfZRN8zACRR/OQ/-x_RMR-EGX/k95OLrhJQ5/OXl6GHI5AQ/PnUdVS/RrZQs, line 1: unreachable code after return statement
JavaScript warning: https://www.uniqlo.com/id/elgnisolqinu.js?async&seed=AECl_mWHAQAAhXleUcVgnU2eEowETsYZDsExG9MVfyypS8j2a8yO2N_NY-zV&x-i1ysm4mm--z=q, line 1: WEBGL_debug_renderer_info is deprecated in Firefox and will be removed. Please use RENDERER.
JavaScript warning: https://www.uniqlo.com/oQfZRN8zACRR/OQ/-x_RMR-EGX/k95OLrhJQ5/OXl6GHI5AQ/PnUdVS/RrZQs, line 1: WEBGL_debug_renderer_info is deprecated in Firefox and will be removed. Please use RENDERER.
1681044073597	Marionette	INFO	Stopped listening on port 58765
Dynamically enable window occlusion 1
[Parent 16932, IPC I/O Parent] WARNING: DuplicateHandle failed for handle 0 in TransferHandles: file /builds/worker/checkouts/gecko/ipc/chromium/src/chrome/common/ipc_channel_win.cc:777
WARNING: A blocker encountered an error while we were waiting.
          Blocker:  Waiting for ping task
          Phase: TelemetryController: Waiting for pending ping activity
          State: (none)
WARNING: Error: Phase "profile-before-change" is finished, it is too late to register completion condition "OS.File: flush I/O queued before profileBeforeChange"
WARNING: addBlocker@resource://gre/modules/AsyncShutdown.sys.mjs:727:15
addBlocker@resource://gre/modules/AsyncShutdown.sys.mjs:523:26
addBlocker@resource://gre/modules/AsyncShutdown.sys.mjs:458:15
setupShutdown@resource://gre/modules/osfile/osfile_async_front.jsm:1548:28
@resource://gre/modules/osfile/osfile_async_front.jsm:1568:16
@resource://gre/modules/osfile.jsm:12:30
@resource://gre/modules/TelemetryStorage.sys.mjs:10:28
_checkPendingPings@resource://gre/modules/TelemetrySend.sys.mjs:863:17
setup@resource://gre/modules/TelemetrySend.sys.mjs:803:18
setup@resource://gre/modules/TelemetrySend.sys.mjs:241:30
setupTelemetry/this._delayedInitTask<@resource://gre/modules/TelemetryControllerParent.sys.mjs:828:36
observe@resource://gre/modules/AsyncShutdown.sys.mjs:576:16

console.error: "TelemetryScheduler.shutdown - Already shut down"
WARNING: A blocker encountered an error while we were waiting.
          Blocker:  Waiting for ping task
          Phase: TelemetryController: Waiting for pending ping activity
          State: (none)
WARNING: Error: Phase "profile-before-change" is finished, it is too late to register completion condition "OS.File: flush I/O queued before profileBeforeChange"
WARNING: addBlocker@resource://gre/modules/AsyncShutdown.sys.mjs:727:15
addBlocker@resource://gre/modules/AsyncShutdown.sys.mjs:523:26
addBlocker@resource://gre/modules/AsyncShutdown.sys.mjs:458:15
setupShutdown@resource://gre/modules/osfile/osfile_async_front.jsm:1548:28
@resource://gre/modules/osfile/osfile_async_front.jsm:1568:16
@resource://gre/modules/osfile.jsm:12:30
@resource://gre/modules/TelemetryStorage.sys.mjs:10:28
_checkPendingPings@resource://gre/modules/TelemetrySend.sys.mjs:863:17
setup@resource://gre/modules/TelemetrySend.sys.mjs:803:18
setup@resource://gre/modules/TelemetrySend.sys.mjs:241:30
setupTelemetry/this._delayedInitTask<@resource://gre/modules/TelemetryControllerParent.sys.mjs:828:36
observe@resource://gre/modules/AsyncShutdown.sys.mjs:576:16

WARNING: A blocker encountered an error while we were waiting.
          Blocker:  Waiting for ping task
          Phase: TelemetryController: Waiting for pending ping activity
          State: (none)
WARNING: Error: Phase "profile-before-change" is finished, it is too late to register completion condition "OS.File: flush I/O queued before profileBeforeChange"
WARNING: addBlocker@resource://gre/modules/AsyncShutdown.sys.mjs:727:15
addBlocker@resource://gre/modules/AsyncShutdown.sys.mjs:523:26
addBlocker@resource://gre/modules/AsyncShutdown.sys.mjs:458:15
setupShutdown@resource://gre/modules/osfile/osfile_async_front.jsm:1548:28
@resource://gre/modules/osfile/osfile_async_front.jsm:1568:16
@resource://gre/modules/osfile.jsm:12:30
@resource://gre/modules/TelemetryStorage.sys.mjs:10:28
_checkPendingPings@resource://gre/modules/TelemetrySend.sys.mjs:863:17
setup@resource://gre/modules/TelemetrySend.sys.mjs:803:18
setup@resource://gre/modules/TelemetrySend.sys.mjs:241:30
setupTelemetry/this._delayedInitTask<@resource://gre/modules/TelemetryControllerParent.sys.mjs:828:36
observe@resource://gre/modules/AsyncShutdown.sys.mjs:576:16

WARNING: A blocker encountered an error while we were waiting.
          Blocker:  TelemetryController: shutting down
          Phase: profile-before-change-telemetry
          State: Error getting state: Error: Phase "profile-before-change" is finished, it is too late to register completion condition "OS.File: flush I/O queued before profileBeforeChange" at addBlocker@resource://gre/modules/AsyncShutdown.sys.mjs:727:15
addBlocker@resource://gre/modules/AsyncShutdown.sys.mjs:523:26
addBlocker@resource://gre/modules/AsyncShutdown.sys.mjs:458:15
setupShutdown@resource://gre/modules/osfile/osfile_async_front.jsm:1548:28
@resource://gre/modules/osfile/osfile_async_front.jsm:1568:16
@resource://gre/modules/osfile.jsm:12:30
@resource://gre/modules/TelemetryStorage.sys.mjs:10:28
_checkPendingPings@resource://gre/modules/TelemetrySend.sys.mjs:863:17
setup@resource://gre/modules/TelemetrySend.sys.mjs:803:18
setup@resource://gre/modules/TelemetrySend.sys.mjs:241:30
setupTelemetry/this._delayedInitTask<@resource://gre/modules/TelemetryControllerParent.sys.mjs:828:36
observe@resource://gre/modules/AsyncShutdown.sys.mjs:576:16

WARNING: Error: Phase "profile-before-change" is finished, it is too late to register completion condition "OS.File: flush I/O queued before profileBeforeChange"
WARNING: addBlocker@resource://gre/modules/AsyncShutdown.sys.mjs:727:15
addBlocker@resource://gre/modules/AsyncShutdown.sys.mjs:523:26
addBlocker@resource://gre/modules/AsyncShutdown.sys.mjs:458:15
setupShutdown@resource://gre/modules/osfile/osfile_async_front.jsm:1548:28
@resource://gre/modules/osfile/osfile_async_front.jsm:1568:16
@resource://gre/modules/osfile.jsm:12:30
@resource://gre/modules/TelemetryStorage.sys.mjs:10:28
_checkPendingPings@resource://gre/modules/TelemetrySend.sys.mjs:863:17
setup@resource://gre/modules/TelemetrySend.sys.mjs:803:18
setup@resource://gre/modules/TelemetrySend.sys.mjs:241:30
setupTelemetry/this._delayedInitTask<@resource://gre/modules/TelemetryControllerParent.sys.mjs:828:36
observe@resource://gre/modules/AsyncShutdown.sys.mjs:576:16

JavaScript error: resource://gre/modules/AsyncShutdown.sys.mjs, line 727: Error: Phase "profile-before-change" is finished, it is too late to register completion condition "OS.File: flush I/O queued before profileBeforeChange"
JavaScript error: resource://gre/modules/AsyncShutdown.sys.mjs, line 727: Error: Phase "profile-before-change" is finished, it is too late to register completion condition "OS.File: flush I/O queued before profileBeforeChange"
JavaScript error: resource://gre/modules/AsyncShutdown.sys.mjs, line 727: Error: Phase "profile-before-change" is finished, it is too late to register completion condition "OS.File: flush I/O queued before profileBeforeChange"
JavaScript error: resource://gre/modules/AsyncShutdown.sys.mjs, line 727: Error: Phase "profile-before-change" is finished, it is too late to register completion condition "OS.File: flush I/O queued before profileBeforeChange"
JavaScript error: resource://gre/modules/AsyncShutdown.sys.mjs, line 727: Error: Phase "profile-before-change" is finished, it is too late to register completion condition "OS.File: flush I/O queued before profileBeforeChange"
JavaScript error: resource://gre/modules/AsyncShutdown.sys.mjs, line 727: Error: Phase "profile-before-change" is finished, it is too late to register completion condition "OS.File: flush I/O queued before profileBeforeChange"
]]></system-err>
  </testcase>
  <testcase name="Fitur Menu Baby #20" classname="Baby" time="8.457">
    <system-out><![CDATA[
@baby
Scenario Outline: Fitur Menu Baby &amp#27;[90m# src/test/resources/features/Baby.feature:32&amp#27;[0m
19:41:15.304 [main] INFO io.cucumber.core.plugin.SerenityReporter - Running feature from file:///C:/Users/alwi/IdeaProjects/uniqloweb/src/test/resources/features/Baby.feature
19:41:15.322 [main] INFO net.serenitybdd.core.webdriver.driverproviders.FirefoxDriverProvider - Using automatically driver download
19:41:15.423 [main] DEBUG io.github.bonigarcia.wdm.cache.ResolutionCache - Resolution firefox=111 in cache (valid until 20:30:50 09/04/2023 WIB)
19:41:15.426 [main] DEBUG io.github.bonigarcia.wdm.cache.ResolutionCache - Resolution firefox111=0.32.2 in cache (valid until 19:30:50 10/04/2023 WIB)
19:41:15.427 [main] INFO io.github.bonigarcia.wdm.WebDriverManager - Using geckodriver 0.32.2 (resolved driver for Firefox 111)
19:41:15.437 [main] DEBUG io.github.bonigarcia.wdm.WebDriverManager - Driver geckodriver 0.32.2 found in cache
19:41:15.438 [main] INFO io.github.bonigarcia.wdm.WebDriverManager - Exporting webdriver.gecko.driver as C:\Users\alwi\.cache\selenium\geckodriver\win64\0.32.2\geckodriver.exe
19:41:15.448 [main] DEBUG net.serenitybdd.core.webdriver.driverproviders.ProvideNewDriver - Instantiating driver
19:41:15.448 [main] DEBUG net.serenitybdd.core.webdriver.driverproviders.ProvideNewDriver - Driver capabilities: Capabilities {acceptInsecureCerts: true, browserName: firefox, moz:debuggerAddress: true, moz:firefoxOptions: {args: [], profile: UEsDBBQACAgIACediVYAAAAAAAA...}}
19:41:15.978 [AsyncHttpClient-1-10] DEBUG org.asynchttpclient.netty.channel.NettyConnectListener - Using new Channel '[id: 0x320dde43, L:/127.0.0.1:58860 - R:localhost/127.0.0.1:51644]' for 'POST' to '/session'
19:41:16.327 [AsyncHttpClient-1-1] DEBUG org.asynchttpclient.netty.channel.DefaultChannelPool - Entry count for : http://localhost:53957 : 1
19:41:16.327 [AsyncHttpClient-1-1] DEBUG org.asynchttpclient.netty.channel.DefaultChannelPool - Adding Candidate expired Channel [id: 0x011cdddb, L:/127.0.0.1:58762 ! R:localhost/127.0.0.1:53957] isIdleTimeoutExpired=false isRemotelyClosed=true isTtlExpired=false
19:41:16.327 [AsyncHttpClient-1-1] DEBUG org.asynchttpclient.netty.channel.DefaultChannelPool - Closing Idle Channel [id: 0x011cdddb, L:/127.0.0.1:58762 ! R:localhost/127.0.0.1:53957]
19:41:16.327 [AsyncHttpClient-1-1] DEBUG org.asynchttpclient.netty.channel.DefaultChannelPool - Closed 1 connections out of 1 in 0 ms
19:41:18.341 [AsyncHttpClient-1-10] DEBUG org.asynchttpclient.netty.handler.HttpHandler - 

Request DefaultHttpRequest(decodeResult: success, version: HTTP/1.1)
POST /session HTTP/1.1
User-Agent: selenium/4.1.2 (java windows)
Content-Length: 3673
Content-Type: application/json; charset=utf-8
host: localhost:51644
accept: */*

Response DefaultHttpResponse(decodeResult: success, version: HTTP/1.1)
HTTP/1.1 200 OK
content-type: application/json; charset=utf-8
cache-control: no-cache
date: Sun, 09 Apr 2023 12:41:15 GMT
content-length: 789

19:41:18.341 [AsyncHttpClient-1-10] DEBUG org.asynchttpclient.netty.channel.ChannelManager - Adding key: http://localhost:51644 for channel [id: 0x320dde43, L:/127.0.0.1:58860 - R:localhost/127.0.0.1:51644]
19:41:18.347 [AsyncHttpClient-1-11] DEBUG org.asynchttpclient.netty.channel.NettyConnectListener - Using new Channel '[id: 0xa1ba7901, L:/127.0.0.1:58878 - R:/127.0.0.1:61944]' for 'GET' to '/json/version'
19:41:18.350 [AsyncHttpClient-1-11] DEBUG org.asynchttpclient.netty.handler.HttpHandler - 

Request DefaultFullHttpRequest(decodeResult: success, version: HTTP/1.1, content: EmptyByteBufBE)
GET /json/version HTTP/1.1
User-Agent: selenium/4.1.2 (java windows)
host: 127.0.0.1:61944
accept: */*

Response DefaultHttpResponse(decodeResult: success, version: HTTP/1.1)
HTTP/1.1 200 OK
content-type: application/json
connection: close
server: httpd.js
date: Sun, 09 Apr 2023 12:41:18 GMT
content-length: 311

19:41:18.351 [AsyncHttpClient-1-11] DEBUG org.asynchttpclient.netty.channel.ChannelManager - Closing Channel [id: 0xa1ba7901, L:/127.0.0.1:58878 - R:/127.0.0.1:61944] 
19:41:18.351 [AsyncHttpClient-1-11] DEBUG org.asynchttpclient.netty.handler.HttpHandler - Channel Closed: [id: 0xa1ba7901, L:/127.0.0.1:58878 ! R:/127.0.0.1:61944] with attribute DISCARD
19:41:18.353 [Forwarding get on session a5e11825-58ff-425c-a51a-8d470ab6bb8e to remote] DEBUG org.asynchttpclient.netty.request.NettyRequestSender - Using pooled Channel '[id: 0x320dde43, L:/127.0.0.1:58860 - R:localhost/127.0.0.1:51644]' for 'POST' to 'http://localhost:51644/session/a5e11825-58ff-425c-a51a-8d470ab6bb8e/url'
19:41:18.353 [Forwarding get on session a5e11825-58ff-425c-a51a-8d470ab6bb8e to remote] DEBUG org.asynchttpclient.netty.request.NettyRequestSender - Using open Channel [id: 0x320dde43, L:/127.0.0.1:58860 - R:localhost/127.0.0.1:51644] for POST '/session/a5e11825-58ff-425c-a51a-8d470ab6bb8e/url'
19:41:20.465 [AsyncHttpClient-1-10] DEBUG org.asynchttpclient.netty.handler.HttpHandler - 

Request DefaultHttpRequest(decodeResult: success, version: HTTP/1.1)
POST /session/a5e11825-58ff-425c-a51a-8d470ab6bb8e/url HTTP/1.1
User-Agent: selenium/4.1.2 (java windows)
Content-Length: 53
Content-Type: application/json; charset=utf-8
host: localhost:51644
accept: */*

Response DefaultHttpResponse(decodeResult: success, version: HTTP/1.1)
HTTP/1.1 200 OK
content-type: application/json; charset=utf-8
cache-control: no-cache
date: Sun, 09 Apr 2023 12:41:18 GMT
content-length: 14

19:41:20.465 [AsyncHttpClient-1-10] DEBUG org.asynchttpclient.netty.channel.ChannelManager - Adding key: http://localhost:51644 for channel [id: 0x320dde43, L:/127.0.0.1:58860 - R:localhost/127.0.0.1:51644]
19:41:20.466 [Forwarding setTimeout on session a5e11825-58ff-425c-a51a-8d470ab6bb8e to remote] DEBUG org.asynchttpclient.netty.request.NettyRequestSender - Using pooled Channel '[id: 0x320dde43, L:/127.0.0.1:58860 - R:localhost/127.0.0.1:51644]' for 'POST' to 'http://localhost:51644/session/a5e11825-58ff-425c-a51a-8d470ab6bb8e/timeouts'
19:41:20.466 [Forwarding setTimeout on session a5e11825-58ff-425c-a51a-8d470ab6bb8e to remote] DEBUG org.asynchttpclient.netty.request.NettyRequestSender - Using open Channel [id: 0x320dde43, L:/127.0.0.1:58860 - R:localhost/127.0.0.1:51644] for POST '/session/a5e11825-58ff-425c-a51a-8d470ab6bb8e/timeouts'
19:41:20.479 [AsyncHttpClient-1-10] DEBUG org.asynchttpclient.netty.handler.HttpHandler - 

Request DefaultHttpRequest(decodeResult: success, version: HTTP/1.1)
POST /session/a5e11825-58ff-425c-a51a-8d470ab6bb8e/timeouts HTTP/1.1
User-Agent: selenium/4.1.2 (java windows)
Content-Length: 22
Content-Type: application/json; charset=utf-8
host: localhost:51644
accept: */*

Response DefaultHttpResponse(decodeResult: success, version: HTTP/1.1)
HTTP/1.1 200 OK
content-type: application/json; charset=utf-8
cache-control: no-cache
date: Sun, 09 Apr 2023 12:41:20 GMT
content-length: 14

19:41:20.480 [AsyncHttpClient-1-10] DEBUG org.asynchttpclient.netty.channel.ChannelManager - Adding key: http://localhost:51644 for channel [id: 0x320dde43, L:/127.0.0.1:58860 - R:localhost/127.0.0.1:51644]
19:41:20.483 [Forwarding getCurrentUrl on session a5e11825-58ff-425c-a51a-8d470ab6bb8e to remote] DEBUG org.asynchttpclient.netty.request.NettyRequestSender - Using pooled Channel '[id: 0x320dde43, L:/127.0.0.1:58860 - R:localhost/127.0.0.1:51644]' for 'GET' to 'http://localhost:51644/session/a5e11825-58ff-425c-a51a-8d470ab6bb8e/url'
19:41:20.483 [Forwarding getCurrentUrl on session a5e11825-58ff-425c-a51a-8d470ab6bb8e to remote] DEBUG org.asynchttpclient.netty.request.NettyRequestSender - Using open Channel [id: 0x320dde43, L:/127.0.0.1:58860 - R:localhost/127.0.0.1:51644] for GET '/session/a5e11825-58ff-425c-a51a-8d470ab6bb8e/url'
19:41:20.486 [AsyncHttpClient-1-10] DEBUG org.asynchttpclient.netty.handler.HttpHandler - 

Request DefaultFullHttpRequest(decodeResult: success, version: HTTP/1.1, content: EmptyByteBufBE)
GET /session/a5e11825-58ff-425c-a51a-8d470ab6bb8e/url HTTP/1.1
User-Agent: selenium/4.1.2 (java windows)
Cache-Control: no-cache
Content-Type: application/json; charset=utf-8
host: localhost:51644
accept: */*

Response DefaultHttpResponse(decodeResult: success, version: HTTP/1.1)
HTTP/1.1 200 OK
content-type: application/json; charset=utf-8
cache-control: no-cache
date: Sun, 09 Apr 2023 12:41:20 GMT
content-length: 41

19:41:20.486 [AsyncHttpClient-1-10] DEBUG org.asynchttpclient.netty.channel.ChannelManager - Adding key: http://localhost:51644 for channel [id: 0x320dde43, L:/127.0.0.1:58860 - R:localhost/127.0.0.1:51644]
  &amp#27;[32mGiven &amp#27;[0m&amp#27;[32mI am on the home page&amp#27;[0m     &amp#27;[90m# starter.stepdefinitions.BabyStep.iAmOnTheHomePage()&amp#27;[0m
19:41:20.492 [Forwarding screenshot on session a5e11825-58ff-425c-a51a-8d470ab6bb8e to remote] DEBUG org.asynchttpclient.netty.request.NettyRequestSender - Using pooled Channel '[id: 0x320dde43, L:/127.0.0.1:58860 - R:localhost/127.0.0.1:51644]' for 'GET' to 'http://localhost:51644/session/a5e11825-58ff-425c-a51a-8d470ab6bb8e/screenshot'
19:41:20.492 [Forwarding screenshot on session a5e11825-58ff-425c-a51a-8d470ab6bb8e to remote] DEBUG org.asynchttpclient.netty.request.NettyRequestSender - Using open Channel [id: 0x320dde43, L:/127.0.0.1:58860 - R:localhost/127.0.0.1:51644] for GET '/session/a5e11825-58ff-425c-a51a-8d470ab6bb8e/screenshot'
19:41:21.193 [AsyncHttpClient-1-10] DEBUG org.asynchttpclient.netty.handler.HttpHandler - 

Request DefaultFullHttpRequest(decodeResult: success, version: HTTP/1.1, content: EmptyByteBufBE)
GET /session/a5e11825-58ff-425c-a51a-8d470ab6bb8e/screenshot HTTP/1.1
User-Agent: selenium/4.1.2 (java windows)
Cache-Control: no-cache
Content-Type: application/json; charset=utf-8
host: localhost:51644
accept: */*

Response DefaultHttpResponse(decodeResult: success, version: HTTP/1.1)
HTTP/1.1 200 OK
content-type: application/json; charset=utf-8
cache-control: no-cache
date: Sun, 09 Apr 2023 12:41:20 GMT
content-length: 104148

19:41:21.194 [AsyncHttpClient-1-10] DEBUG org.asynchttpclient.netty.channel.ChannelManager - Adding key: http://localhost:51644 for channel [id: 0x320dde43, L:/127.0.0.1:58860 - R:localhost/127.0.0.1:51644]
19:41:21.197 [main] DEBUG net.serenitybdd.core.photography.Darkroom - Send negative for processing for target\site\serenity\62161cc123036fb00f9b782e4a9078284011ad43f09e78389d96ef8037bb6794.png
19:41:21.208 [Forwarding findElement on session a5e11825-58ff-425c-a51a-8d470ab6bb8e to remote] DEBUG org.asynchttpclient.netty.request.NettyRequestSender - Using pooled Channel '[id: 0x320dde43, L:/127.0.0.1:58860 - R:localhost/127.0.0.1:51644]' for 'POST' to 'http://localhost:51644/session/a5e11825-58ff-425c-a51a-8d470ab6bb8e/element'
19:41:21.208 [Forwarding findElement on session a5e11825-58ff-425c-a51a-8d470ab6bb8e to remote] DEBUG org.asynchttpclient.netty.request.NettyRequestSender - Using open Channel [id: 0x320dde43, L:/127.0.0.1:58860 - R:localhost/127.0.0.1:51644] for POST '/session/a5e11825-58ff-425c-a51a-8d470ab6bb8e/element'
19:41:21.225 [AsyncHttpClient-1-10] DEBUG org.asynchttpclient.netty.handler.HttpHandler - 

Request DefaultHttpRequest(decodeResult: success, version: HTTP/1.1)
POST /session/a5e11825-58ff-425c-a51a-8d470ab6bb8e/element HTTP/1.1
User-Agent: selenium/4.1.2 (java windows)
Content-Length: 81
Content-Type: application/json; charset=utf-8
host: localhost:51644
accept: */*

Response DefaultHttpResponse(decodeResult: success, version: HTTP/1.1)
HTTP/1.1 200 OK
content-type: application/json; charset=utf-8
cache-control: no-cache
date: Sun, 09 Apr 2023 12:41:20 GMT
content-length: 88

19:41:21.225 [AsyncHttpClient-1-10] DEBUG org.asynchttpclient.netty.channel.ChannelManager - Adding key: http://localhost:51644 for channel [id: 0x320dde43, L:/127.0.0.1:58860 - R:localhost/127.0.0.1:51644]
19:41:21.227 [Forwarding getElementTagName on session a5e11825-58ff-425c-a51a-8d470ab6bb8e to remote] DEBUG org.asynchttpclient.netty.request.NettyRequestSender - Using pooled Channel '[id: 0x320dde43, L:/127.0.0.1:58860 - R:localhost/127.0.0.1:51644]' for 'GET' to 'http://localhost:51644/session/a5e11825-58ff-425c-a51a-8d470ab6bb8e/element/0a6313f5-584f-492f-a7bb-19dd252bc432/name'
19:41:21.227 [Forwarding getElementTagName on session a5e11825-58ff-425c-a51a-8d470ab6bb8e to remote] DEBUG org.asynchttpclient.netty.request.NettyRequestSender - Using open Channel [id: 0x320dde43, L:/127.0.0.1:58860 - R:localhost/127.0.0.1:51644] for GET '/session/a5e11825-58ff-425c-a51a-8d470ab6bb8e/element/0a6313f5-584f-492f-a7bb-19dd252bc432/name'
19:41:21.243 [AsyncHttpClient-1-10] DEBUG org.asynchttpclient.netty.handler.HttpHandler - 

Request DefaultFullHttpRequest(decodeResult: success, version: HTTP/1.1, content: EmptyByteBufBE)
GET /session/a5e11825-58ff-425c-a51a-8d470ab6bb8e/element/0a6313f5-584f-492f-a7bb-19dd252bc432/name HTTP/1.1
User-Agent: selenium/4.1.2 (java windows)
Cache-Control: no-cache
Content-Type: application/json; charset=utf-8
host: localhost:51644
accept: */*

Response DefaultHttpResponse(decodeResult: success, version: HTTP/1.1)
HTTP/1.1 200 OK
content-type: application/json; charset=utf-8
cache-control: no-cache
date: Sun, 09 Apr 2023 12:41:20 GMT
content-length: 16

19:41:21.244 [AsyncHttpClient-1-10] DEBUG org.asynchttpclient.netty.channel.ChannelManager - Adding key: http://localhost:51644 for channel [id: 0x320dde43, L:/127.0.0.1:58860 - R:localhost/127.0.0.1:51644]
19:41:21.245 [Forwarding getElementTagName on session a5e11825-58ff-425c-a51a-8d470ab6bb8e to remote] DEBUG org.asynchttpclient.netty.request.NettyRequestSender - Using pooled Channel '[id: 0x320dde43, L:/127.0.0.1:58860 - R:localhost/127.0.0.1:51644]' for 'GET' to 'http://localhost:51644/session/a5e11825-58ff-425c-a51a-8d470ab6bb8e/element/0a6313f5-584f-492f-a7bb-19dd252bc432/name'
19:41:21.245 [Forwarding getElementTagName on session a5e11825-58ff-425c-a51a-8d470ab6bb8e to remote] DEBUG org.asynchttpclient.netty.request.NettyRequestSender - Using open Channel [id: 0x320dde43, L:/127.0.0.1:58860 - R:localhost/127.0.0.1:51644] for GET '/session/a5e11825-58ff-425c-a51a-8d470ab6bb8e/element/0a6313f5-584f-492f-a7bb-19dd252bc432/name'
19:41:21.321 [AsyncHttpClient-1-10] DEBUG org.asynchttpclient.netty.handler.HttpHandler - 

Request DefaultFullHttpRequest(decodeResult: success, version: HTTP/1.1, content: EmptyByteBufBE)
GET /session/a5e11825-58ff-425c-a51a-8d470ab6bb8e/element/0a6313f5-584f-492f-a7bb-19dd252bc432/name HTTP/1.1
User-Agent: selenium/4.1.2 (java windows)
Cache-Control: no-cache
Content-Type: application/json; charset=utf-8
host: localhost:51644
accept: */*

Response DefaultHttpResponse(decodeResult: success, version: HTTP/1.1)
HTTP/1.1 200 OK
content-type: application/json; charset=utf-8
cache-control: no-cache
date: Sun, 09 Apr 2023 12:41:20 GMT
content-length: 16

19:41:21.321 [AsyncHttpClient-1-10] DEBUG org.asynchttpclient.netty.channel.ChannelManager - Adding key: http://localhost:51644 for channel [id: 0x320dde43, L:/127.0.0.1:58860 - R:localhost/127.0.0.1:51644]
19:41:21.325 [Forwarding findElement on session a5e11825-58ff-425c-a51a-8d470ab6bb8e to remote] DEBUG org.asynchttpclient.netty.request.NettyRequestSender - Using pooled Channel '[id: 0x320dde43, L:/127.0.0.1:58860 - R:localhost/127.0.0.1:51644]' for 'POST' to 'http://localhost:51644/session/a5e11825-58ff-425c-a51a-8d470ab6bb8e/element'
19:41:21.325 [Forwarding findElement on session a5e11825-58ff-425c-a51a-8d470ab6bb8e to remote] DEBUG org.asynchttpclient.netty.request.NettyRequestSender - Using open Channel [id: 0x320dde43, L:/127.0.0.1:58860 - R:localhost/127.0.0.1:51644] for POST '/session/a5e11825-58ff-425c-a51a-8d470ab6bb8e/element'
19:41:21.361 [AsyncHttpClient-1-10] DEBUG org.asynchttpclient.netty.handler.HttpHandler - 

Request DefaultHttpRequest(decodeResult: success, version: HTTP/1.1)
POST /session/a5e11825-58ff-425c-a51a-8d470ab6bb8e/element HTTP/1.1
User-Agent: selenium/4.1.2 (java windows)
Content-Length: 81
Content-Type: application/json; charset=utf-8
host: localhost:51644
accept: */*

Response DefaultHttpResponse(decodeResult: success, version: HTTP/1.1)
HTTP/1.1 200 OK
content-type: application/json; charset=utf-8
cache-control: no-cache
date: Sun, 09 Apr 2023 12:41:20 GMT
content-length: 88

19:41:21.361 [AsyncHttpClient-1-10] DEBUG org.asynchttpclient.netty.channel.ChannelManager - Adding key: http://localhost:51644 for channel [id: 0x320dde43, L:/127.0.0.1:58860 - R:localhost/127.0.0.1:51644]
19:41:21.363 [Forwarding clickElement on session a5e11825-58ff-425c-a51a-8d470ab6bb8e to remote] DEBUG org.asynchttpclient.netty.request.NettyRequestSender - Using pooled Channel '[id: 0x320dde43, L:/127.0.0.1:58860 - R:localhost/127.0.0.1:51644]' for 'POST' to 'http://localhost:51644/session/a5e11825-58ff-425c-a51a-8d470ab6bb8e/element/0a6313f5-584f-492f-a7bb-19dd252bc432/click'
19:41:21.363 [Forwarding clickElement on session a5e11825-58ff-425c-a51a-8d470ab6bb8e to remote] DEBUG org.asynchttpclient.netty.request.NettyRequestSender - Using open Channel [id: 0x320dde43, L:/127.0.0.1:58860 - R:localhost/127.0.0.1:51644] for POST '/session/a5e11825-58ff-425c-a51a-8d470ab6bb8e/element/0a6313f5-584f-492f-a7bb-19dd252bc432/click'
19:41:22.056 [AsyncHttpClient-1-10] DEBUG org.asynchttpclient.netty.handler.HttpHandler - 

Request DefaultHttpRequest(decodeResult: success, version: HTTP/1.1)
POST /session/a5e11825-58ff-425c-a51a-8d470ab6bb8e/element/0a6313f5-584f-492f-a7bb-19dd252bc432/click HTTP/1.1
User-Agent: selenium/4.1.2 (java windows)
Content-Length: 50
Content-Type: application/json; charset=utf-8
host: localhost:51644
accept: */*

Response DefaultHttpResponse(decodeResult: success, version: HTTP/1.1)
HTTP/1.1 200 OK
content-type: application/json; charset=utf-8
cache-control: no-cache
date: Sun, 09 Apr 2023 12:41:20 GMT
content-length: 14

19:41:22.057 [AsyncHttpClient-1-10] DEBUG org.asynchttpclient.netty.channel.ChannelManager - Adding key: http://localhost:51644 for channel [id: 0x320dde43, L:/127.0.0.1:58860 - R:localhost/127.0.0.1:51644]
  &amp#27;[32mThen &amp#27;[0m&amp#27;[32mI click baby on the header&amp#27;[0m &amp#27;[90m# starter.stepdefinitions.BabyStep.iClickBabyOnTheHeader()&amp#27;[0m
19:41:22.064 [Forwarding screenshot on session a5e11825-58ff-425c-a51a-8d470ab6bb8e to remote] DEBUG org.asynchttpclient.netty.request.NettyRequestSender - Using pooled Channel '[id: 0x320dde43, L:/127.0.0.1:58860 - R:localhost/127.0.0.1:51644]' for 'GET' to 'http://localhost:51644/session/a5e11825-58ff-425c-a51a-8d470ab6bb8e/screenshot'
19:41:22.064 [Forwarding screenshot on session a5e11825-58ff-425c-a51a-8d470ab6bb8e to remote] DEBUG org.asynchttpclient.netty.request.NettyRequestSender - Using open Channel [id: 0x320dde43, L:/127.0.0.1:58860 - R:localhost/127.0.0.1:51644] for GET '/session/a5e11825-58ff-425c-a51a-8d470ab6bb8e/screenshot'
19:41:22.128 [AsyncHttpClient-1-10] DEBUG org.asynchttpclient.netty.handler.HttpHandler - 

Request DefaultFullHttpRequest(decodeResult: success, version: HTTP/1.1, content: EmptyByteBufBE)
GET /session/a5e11825-58ff-425c-a51a-8d470ab6bb8e/screenshot HTTP/1.1
User-Agent: selenium/4.1.2 (java windows)
Cache-Control: no-cache
Content-Type: application/json; charset=utf-8
host: localhost:51644
accept: */*

Response DefaultHttpResponse(decodeResult: success, version: HTTP/1.1)
HTTP/1.1 200 OK
content-type: application/json; charset=utf-8
cache-control: no-cache
date: Sun, 09 Apr 2023 12:41:22 GMT
content-length: 98108

19:41:22.129 [AsyncHttpClient-1-10] DEBUG org.asynchttpclient.netty.channel.ChannelManager - Adding key: http://localhost:51644 for channel [id: 0x320dde43, L:/127.0.0.1:58860 - R:localhost/127.0.0.1:51644]
19:41:22.133 [main] DEBUG net.serenitybdd.core.photography.Darkroom - Send negative for processing for target\site\serenity\da7a813e9328a5ac1554b50f9b0bc0adac4c070c40fa939fc58020fc2ce51719.png
19:41:22.133 [Darkroom Processing Line] DEBUG net.serenitybdd.core.photography.DarkroomProcessingLine - Processing screenshot image in /var/screenshots/screenshot-8316616942952091480
19:41:22.133 [Darkroom Processing Line] DEBUG net.serenitybdd.core.photography.DarkroomProcessingLine - Saving screenshot to target\site\serenity\da7a813e9328a5ac1554b50f9b0bc0adac4c070c40fa939fc58020fc2ce51719.png
19:41:22.146 [Forwarding findElement on session a5e11825-58ff-425c-a51a-8d470ab6bb8e to remote] DEBUG org.asynchttpclient.netty.request.NettyRequestSender - Using pooled Channel '[id: 0x320dde43, L:/127.0.0.1:58860 - R:localhost/127.0.0.1:51644]' for 'POST' to 'http://localhost:51644/session/a5e11825-58ff-425c-a51a-8d470ab6bb8e/element'
19:41:22.146 [Forwarding findElement on session a5e11825-58ff-425c-a51a-8d470ab6bb8e to remote] DEBUG org.asynchttpclient.netty.request.NettyRequestSender - Using open Channel [id: 0x320dde43, L:/127.0.0.1:58860 - R:localhost/127.0.0.1:51644] for POST '/session/a5e11825-58ff-425c-a51a-8d470ab6bb8e/element'
19:41:22.238 [AsyncHttpClient-1-10] DEBUG org.asynchttpclient.netty.handler.HttpHandler - 

Request DefaultHttpRequest(decodeResult: success, version: HTTP/1.1)
POST /session/a5e11825-58ff-425c-a51a-8d470ab6bb8e/element HTTP/1.1
User-Agent: selenium/4.1.2 (java windows)
Content-Length: 102
Content-Type: application/json; charset=utf-8
host: localhost:51644
accept: */*

Response DefaultHttpResponse(decodeResult: success, version: HTTP/1.1)
HTTP/1.1 200 OK
content-type: application/json; charset=utf-8
cache-control: no-cache
date: Sun, 09 Apr 2023 12:41:22 GMT
content-length: 88

19:41:22.238 [AsyncHttpClient-1-10] DEBUG org.asynchttpclient.netty.channel.ChannelManager - Adding key: http://localhost:51644 for channel [id: 0x320dde43, L:/127.0.0.1:58860 - R:localhost/127.0.0.1:51644]
19:41:22.241 [Forwarding getElementTagName on session a5e11825-58ff-425c-a51a-8d470ab6bb8e to remote] DEBUG org.asynchttpclient.netty.request.NettyRequestSender - Using pooled Channel '[id: 0x320dde43, L:/127.0.0.1:58860 - R:localhost/127.0.0.1:51644]' for 'GET' to 'http://localhost:51644/session/a5e11825-58ff-425c-a51a-8d470ab6bb8e/element/04bf019e-b749-43c8-b498-40a87568f257/name'
19:41:22.241 [Forwarding getElementTagName on session a5e11825-58ff-425c-a51a-8d470ab6bb8e to remote] DEBUG org.asynchttpclient.netty.request.NettyRequestSender - Using open Channel [id: 0x320dde43, L:/127.0.0.1:58860 - R:localhost/127.0.0.1:51644] for GET '/session/a5e11825-58ff-425c-a51a-8d470ab6bb8e/element/04bf019e-b749-43c8-b498-40a87568f257/name'
19:41:22.320 [AsyncHttpClient-1-10] DEBUG org.asynchttpclient.netty.handler.HttpHandler - 

Request DefaultFullHttpRequest(decodeResult: success, version: HTTP/1.1, content: EmptyByteBufBE)
GET /session/a5e11825-58ff-425c-a51a-8d470ab6bb8e/element/04bf019e-b749-43c8-b498-40a87568f257/name HTTP/1.1
User-Agent: selenium/4.1.2 (java windows)
Cache-Control: no-cache
Content-Type: application/json; charset=utf-8
host: localhost:51644
accept: */*

Response DefaultHttpResponse(decodeResult: success, version: HTTP/1.1)
HTTP/1.1 200 OK
content-type: application/json; charset=utf-8
cache-control: no-cache
date: Sun, 09 Apr 2023 12:41:22 GMT
content-length: 16

19:41:22.320 [AsyncHttpClient-1-10] DEBUG org.asynchttpclient.netty.channel.ChannelManager - Adding key: http://localhost:51644 for channel [id: 0x320dde43, L:/127.0.0.1:58860 - R:localhost/127.0.0.1:51644]
19:41:22.321 [Forwarding getElementTagName on session a5e11825-58ff-425c-a51a-8d470ab6bb8e to remote] DEBUG org.asynchttpclient.netty.request.NettyRequestSender - Using pooled Channel '[id: 0x320dde43, L:/127.0.0.1:58860 - R:localhost/127.0.0.1:51644]' for 'GET' to 'http://localhost:51644/session/a5e11825-58ff-425c-a51a-8d470ab6bb8e/element/04bf019e-b749-43c8-b498-40a87568f257/name'
19:41:22.321 [Forwarding getElementTagName on session a5e11825-58ff-425c-a51a-8d470ab6bb8e to remote] DEBUG org.asynchttpclient.netty.request.NettyRequestSender - Using open Channel [id: 0x320dde43, L:/127.0.0.1:58860 - R:localhost/127.0.0.1:51644] for GET '/session/a5e11825-58ff-425c-a51a-8d470ab6bb8e/element/04bf019e-b749-43c8-b498-40a87568f257/name'
19:41:22.339 [AsyncHttpClient-1-10] DEBUG org.asynchttpclient.netty.handler.HttpHandler - 

Request DefaultFullHttpRequest(decodeResult: success, version: HTTP/1.1, content: EmptyByteBufBE)
GET /session/a5e11825-58ff-425c-a51a-8d470ab6bb8e/element/04bf019e-b749-43c8-b498-40a87568f257/name HTTP/1.1
User-Agent: selenium/4.1.2 (java windows)
Cache-Control: no-cache
Content-Type: application/json; charset=utf-8
host: localhost:51644
accept: */*

Response DefaultHttpResponse(decodeResult: success, version: HTTP/1.1)
HTTP/1.1 200 OK
content-type: application/json; charset=utf-8
cache-control: no-cache
date: Sun, 09 Apr 2023 12:41:22 GMT
content-length: 16

19:41:22.340 [AsyncHttpClient-1-10] DEBUG org.asynchttpclient.netty.channel.ChannelManager - Adding key: http://localhost:51644 for channel [id: 0x320dde43, L:/127.0.0.1:58860 - R:localhost/127.0.0.1:51644]
19:41:22.341 [Forwarding findElement on session a5e11825-58ff-425c-a51a-8d470ab6bb8e to remote] DEBUG org.asynchttpclient.netty.request.NettyRequestSender - Using pooled Channel '[id: 0x320dde43, L:/127.0.0.1:58860 - R:localhost/127.0.0.1:51644]' for 'POST' to 'http://localhost:51644/session/a5e11825-58ff-425c-a51a-8d470ab6bb8e/element'
19:41:22.341 [Forwarding findElement on session a5e11825-58ff-425c-a51a-8d470ab6bb8e to remote] DEBUG org.asynchttpclient.netty.request.NettyRequestSender - Using open Channel [id: 0x320dde43, L:/127.0.0.1:58860 - R:localhost/127.0.0.1:51644] for POST '/session/a5e11825-58ff-425c-a51a-8d470ab6bb8e/element'
19:41:22.345 [AsyncHttpClient-1-10] DEBUG org.asynchttpclient.netty.handler.HttpHandler - 

Request DefaultHttpRequest(decodeResult: success, version: HTTP/1.1)
POST /session/a5e11825-58ff-425c-a51a-8d470ab6bb8e/element HTTP/1.1
User-Agent: selenium/4.1.2 (java windows)
Content-Length: 102
Content-Type: application/json; charset=utf-8
host: localhost:51644
accept: */*

Response DefaultHttpResponse(decodeResult: success, version: HTTP/1.1)
HTTP/1.1 200 OK
content-type: application/json; charset=utf-8
cache-control: no-cache
date: Sun, 09 Apr 2023 12:41:22 GMT
content-length: 88

19:41:22.345 [AsyncHttpClient-1-10] DEBUG org.asynchttpclient.netty.channel.ChannelManager - Adding key: http://localhost:51644 for channel [id: 0x320dde43, L:/127.0.0.1:58860 - R:localhost/127.0.0.1:51644]
19:41:22.347 [Forwarding clickElement on session a5e11825-58ff-425c-a51a-8d470ab6bb8e to remote] DEBUG org.asynchttpclient.netty.request.NettyRequestSender - Using pooled Channel '[id: 0x320dde43, L:/127.0.0.1:58860 - R:localhost/127.0.0.1:51644]' for 'POST' to 'http://localhost:51644/session/a5e11825-58ff-425c-a51a-8d470ab6bb8e/element/04bf019e-b749-43c8-b498-40a87568f257/click'
19:41:22.347 [Forwarding clickElement on session a5e11825-58ff-425c-a51a-8d470ab6bb8e to remote] DEBUG org.asynchttpclient.netty.request.NettyRequestSender - Using open Channel [id: 0x320dde43, L:/127.0.0.1:58860 - R:localhost/127.0.0.1:51644] for POST '/session/a5e11825-58ff-425c-a51a-8d470ab6bb8e/element/04bf019e-b749-43c8-b498-40a87568f257/click'
19:41:22.730 [AsyncHttpClient-1-10] DEBUG org.asynchttpclient.netty.handler.HttpHandler - 

Request DefaultHttpRequest(decodeResult: success, version: HTTP/1.1)
POST /session/a5e11825-58ff-425c-a51a-8d470ab6bb8e/element/04bf019e-b749-43c8-b498-40a87568f257/click HTTP/1.1
User-Agent: selenium/4.1.2 (java windows)
Content-Length: 50
Content-Type: application/json; charset=utf-8
host: localhost:51644
accept: */*

Response DefaultHttpResponse(decodeResult: success, version: HTTP/1.1)
HTTP/1.1 200 OK
content-type: application/json; charset=utf-8
cache-control: no-cache
date: Sun, 09 Apr 2023 12:41:22 GMT
content-length: 14

19:41:22.731 [AsyncHttpClient-1-10] DEBUG org.asynchttpclient.netty.channel.ChannelManager - Adding key: http://localhost:51644 for channel [id: 0x320dde43, L:/127.0.0.1:58860 - R:localhost/127.0.0.1:51644]
  &amp#27;[32mWhen &amp#27;[0m&amp#27;[32mI will go to &amp#27;[0m&amp#27;[32m&amp#27;[1m"gaun2"&amp#27;[0m       &amp#27;[90m# starter.stepdefinitions.BabyStep.iWillGoTo(java.lang.String)&amp#27;[0m
19:41:22.739 [Forwarding screenshot on session a5e11825-58ff-425c-a51a-8d470ab6bb8e to remote] DEBUG org.asynchttpclient.netty.request.NettyRequestSender - Using pooled Channel '[id: 0x320dde43, L:/127.0.0.1:58860 - R:localhost/127.0.0.1:51644]' for 'GET' to 'http://localhost:51644/session/a5e11825-58ff-425c-a51a-8d470ab6bb8e/screenshot'
19:41:22.739 [Forwarding screenshot on session a5e11825-58ff-425c-a51a-8d470ab6bb8e to remote] DEBUG org.asynchttpclient.netty.request.NettyRequestSender - Using open Channel [id: 0x320dde43, L:/127.0.0.1:58860 - R:localhost/127.0.0.1:51644] for GET '/session/a5e11825-58ff-425c-a51a-8d470ab6bb8e/screenshot'
19:41:22.871 [AsyncHttpClient-1-10] DEBUG org.asynchttpclient.netty.handler.HttpHandler - 

Request DefaultFullHttpRequest(decodeResult: success, version: HTTP/1.1, content: EmptyByteBufBE)
GET /session/a5e11825-58ff-425c-a51a-8d470ab6bb8e/screenshot HTTP/1.1
User-Agent: selenium/4.1.2 (java windows)
Cache-Control: no-cache
Content-Type: application/json; charset=utf-8
host: localhost:51644
accept: */*

Response DefaultHttpResponse(decodeResult: success, version: HTTP/1.1)
HTTP/1.1 200 OK
content-type: application/json; charset=utf-8
cache-control: no-cache
date: Sun, 09 Apr 2023 12:41:22 GMT
content-length: 78016

19:41:22.872 [AsyncHttpClient-1-10] DEBUG org.asynchttpclient.netty.channel.ChannelManager - Adding key: http://localhost:51644 for channel [id: 0x320dde43, L:/127.0.0.1:58860 - R:localhost/127.0.0.1:51644]
19:41:22.874 [main] DEBUG net.serenitybdd.core.photography.Darkroom - Send negative for processing for target\site\serenity\4a9406842fe11bc4888eb751f6c3c9896bc8ae84d32dcfc0ab6c19a3c5e6ae47.png
19:41:22.875 [Darkroom Processing Line] DEBUG net.serenitybdd.core.photography.DarkroomProcessingLine - Processing screenshot image in /var/screenshots/screenshot-12413202867664769999
19:41:22.875 [Darkroom Processing Line] DEBUG net.serenitybdd.core.photography.DarkroomProcessingLine - Saving screenshot to target\site\serenity\4a9406842fe11bc4888eb751f6c3c9896bc8ae84d32dcfc0ab6c19a3c5e6ae47.png
19:41:22.882 [Forwarding findElement on session a5e11825-58ff-425c-a51a-8d470ab6bb8e to remote] DEBUG org.asynchttpclient.netty.request.NettyRequestSender - Using pooled Channel '[id: 0x320dde43, L:/127.0.0.1:58860 - R:localhost/127.0.0.1:51644]' for 'POST' to 'http://localhost:51644/session/a5e11825-58ff-425c-a51a-8d470ab6bb8e/element'
19:41:22.882 [Forwarding findElement on session a5e11825-58ff-425c-a51a-8d470ab6bb8e to remote] DEBUG org.asynchttpclient.netty.request.NettyRequestSender - Using open Channel [id: 0x320dde43, L:/127.0.0.1:58860 - R:localhost/127.0.0.1:51644] for POST '/session/a5e11825-58ff-425c-a51a-8d470ab6bb8e/element'
19:41:22.885 [AsyncHttpClient-1-10] DEBUG org.asynchttpclient.netty.handler.HttpHandler - 

Request DefaultHttpRequest(decodeResult: success, version: HTTP/1.1)
POST /session/a5e11825-58ff-425c-a51a-8d470ab6bb8e/element HTTP/1.1
User-Agent: selenium/4.1.2 (java windows)
Content-Length: 87
Content-Type: application/json; charset=utf-8
host: localhost:51644
accept: */*

Response DefaultHttpResponse(decodeResult: success, version: HTTP/1.1)
HTTP/1.1 200 OK
content-type: application/json; charset=utf-8
cache-control: no-cache
date: Sun, 09 Apr 2023 12:41:22 GMT
content-length: 88

19:41:22.885 [AsyncHttpClient-1-10] DEBUG org.asynchttpclient.netty.channel.ChannelManager - Adding key: http://localhost:51644 for channel [id: 0x320dde43, L:/127.0.0.1:58860 - R:localhost/127.0.0.1:51644]
19:41:22.888 [Forwarding isElementDisplayed on session a5e11825-58ff-425c-a51a-8d470ab6bb8e to remote] DEBUG org.asynchttpclient.netty.request.NettyRequestSender - Using pooled Channel '[id: 0x320dde43, L:/127.0.0.1:58860 - R:localhost/127.0.0.1:51644]' for 'POST' to 'http://localhost:51644/session/a5e11825-58ff-425c-a51a-8d470ab6bb8e/execute/sync'
19:41:22.888 [Forwarding isElementDisplayed on session a5e11825-58ff-425c-a51a-8d470ab6bb8e to remote] DEBUG org.asynchttpclient.netty.request.NettyRequestSender - Using open Channel [id: 0x320dde43, L:/127.0.0.1:58860 - R:localhost/127.0.0.1:51644] for POST '/session/a5e11825-58ff-425c-a51a-8d470ab6bb8e/execute/sync'
19:41:22.904 [AsyncHttpClient-1-10] DEBUG org.asynchttpclient.netty.handler.HttpHandler - 

Request DefaultHttpRequest(decodeResult: success, version: HTTP/1.1)
POST /session/a5e11825-58ff-425c-a51a-8d470ab6bb8e/execute/sync HTTP/1.1
User-Agent: selenium/4.1.2 (java windows)
Content-Length: 48780
Content-Type: application/json; charset=utf-8
host: localhost:51644
accept: */*

Response DefaultHttpResponse(decodeResult: success, version: HTTP/1.1)
HTTP/1.1 200 OK
content-type: application/json; charset=utf-8
cache-control: no-cache
date: Sun, 09 Apr 2023 12:41:22 GMT
content-length: 14

19:41:22.905 [AsyncHttpClient-1-10] DEBUG org.asynchttpclient.netty.channel.ChannelManager - Adding key: http://localhost:51644 for channel [id: 0x320dde43, L:/127.0.0.1:58860 - R:localhost/127.0.0.1:51644]
  &amp#27;[32mAnd &amp#27;[0m&amp#27;[32mI &amp#27;[0m&amp#27;[32m&amp#27;[1m"txtGaun2"&amp#27;[0m&amp#27;[32m page&amp#27;[0m           &amp#27;[90m# starter.stepdefinitions.BabyStep.iPage(java.lang.String)&amp#27;[0m
19:41:22.914 [Driver Command Executor] DEBUG org.asynchttpclient.netty.request.NettyRequestSender - Using pooled Channel '[id: 0x320dde43, L:/127.0.0.1:58860 - R:localhost/127.0.0.1:51644]' for 'DELETE' to 'http://localhost:51644/session/a5e11825-58ff-425c-a51a-8d470ab6bb8e'
19:41:22.914 [Driver Command Executor] DEBUG org.asynchttpclient.netty.request.NettyRequestSender - Using open Channel [id: 0x320dde43, L:/127.0.0.1:58860 - R:localhost/127.0.0.1:51644] for DELETE '/session/a5e11825-58ff-425c-a51a-8d470ab6bb8e'
19:41:23.700 [AsyncHttpClient-1-10] DEBUG org.asynchttpclient.netty.handler.HttpHandler - 

Request DefaultFullHttpRequest(decodeResult: success, version: HTTP/1.1, content: EmptyByteBufBE)
DELETE /session/a5e11825-58ff-425c-a51a-8d470ab6bb8e HTTP/1.1
User-Agent: selenium/4.1.2 (java windows)
Content-Type: application/json; charset=utf-8
host: localhost:51644
accept: */*

Response DefaultHttpResponse(decodeResult: success, version: HTTP/1.1)
HTTP/1.1 200 OK
content-type: application/json; charset=utf-8
cache-control: no-cache
date: Sun, 09 Apr 2023 12:41:22 GMT
content-length: 14

19:41:23.701 [AsyncHttpClient-1-10] DEBUG org.asynchttpclient.netty.channel.ChannelManager - Adding key: http://localhost:51644 for channel [id: 0x320dde43, L:/127.0.0.1:58860 - R:localhost/127.0.0.1:51644]
19:41:23.702 [AsyncHttpClient-1-10] DEBUG org.asynchttpclient.netty.handler.HttpHandler - Unexpected I/O exception on channel [id: 0x320dde43, L:/127.0.0.1:58860 - R:localhost/127.0.0.1:51644]
java.net.SocketException: Connection reset
	at java.base/sun.nio.ch.SocketChannelImpl.throwConnectionReset(SocketChannelImpl.java:345)
	at java.base/sun.nio.ch.SocketChannelImpl.read(SocketChannelImpl.java:376)
	at io.netty.buffer.PooledByteBuf.setBytes(PooledByteBuf.java:258)
	at io.netty.buffer.AbstractByteBuf.writeBytes(AbstractByteBuf.java:1132)
	at io.netty.channel.socket.nio.NioSocketChannel.doReadBytes(NioSocketChannel.java:350)
	at io.netty.channel.nio.AbstractNioByteChannel$NioByteUnsafe.read(AbstractNioByteChannel.java:151)
	at io.netty.channel.nio.NioEventLoop.processSelectedKey(NioEventLoop.java:722)
	at io.netty.channel.nio.NioEventLoop.processSelectedKeysOptimized(NioEventLoop.java:658)
	at io.netty.channel.nio.NioEventLoop.processSelectedKeys(NioEventLoop.java:584)
	at io.netty.channel.nio.NioEventLoop.run(NioEventLoop.java:496)
	at io.netty.util.concurrent.SingleThreadEventExecutor$4.run(SingleThreadEventExecutor.java:986)
	at io.netty.util.internal.ThreadExecutorMap$2.run(ThreadExecutorMap.java:74)
	at io.netty.util.concurrent.FastThreadLocalRunnable.run(FastThreadLocalRunnable.java:30)
	at java.base/java.lang.Thread.run(Thread.java:830)
19:41:23.702 [AsyncHttpClient-1-10] DEBUG org.asynchttpclient.netty.channel.ChannelManager - Closing Channel [id: 0x320dde43, L:/127.0.0.1:58860 - R:localhost/127.0.0.1:51644] 
19:41:23.702 [AsyncHttpClient-1-10] DEBUG org.asynchttpclient.netty.handler.HttpHandler - Channel Closed: [id: 0x320dde43, L:/127.0.0.1:58860 ! R:localhost/127.0.0.1:51644] with attribute DISCARD
]]></system-out>
    <system-err><![CDATA[1681044075500	geckodriver	INFO	Listening on 127.0.0.1:51644
1681044076001	mozrunner::runner	INFO	Running command: "C:\\Program Files\\Mozilla Firefox\\firefox.exe" "--marionette" "" "--remote-debugging-port" "61944" "--remote-allow-hosts" "localhost" "-no-remote" "-profile" "C:\\Users\\alwi\\AppData\\Local\\Temp\\rust_mozprofilelAFWdj"
console.warn: services.settings: Ignoring preference override of remote settings server
console.warn: services.settings: Allow by setting MOZ_REMOTE_SETTINGS_DEVTOOLS=1 in the environment
1681044076344	Marionette	INFO	Marionette enabled
Dynamically enable window occlusion 0
1681044076349	Marionette	INFO	Listening on port 58863
WebDriver BiDi listening on ws://127.0.0.1:61944
Read port: 58863
1681044076725	RemoteAgent	WARN	TLS certificate errors will be ignored for this session
console.warn: SearchSettings: "get: No settings file exists, new profile?" (new NotFoundError("Could not open the file at C:\\Users\\alwi\\AppData\\Local\\Temp\\rust_mozprofilelAFWdj\\search.json.mozlz4", (void 0)))
DevTools listening on ws://127.0.0.1:61944/devtools/browser/1391f291-456b-4840-b88b-4cf132468254
Apr 09, 2023 7:41:18 PM org.openqa.selenium.remote.ProtocolHandshake createSession
INFO: Detected dialect: W3C
JavaScript warning: https://www.uniqlo.com/oQfZRN8zACRR/OQ/-x_RMR-EGX/k95OLrhJQ5/OXl6GHI5AQ/PnUdVS/RrZQs, line 1: unreachable code after return statement
JavaScript warning: https://www.uniqlo.com/id/elgnisolqinu.js?async&seed=AECl_mWHAQAAhXleUcVgnU2eEowETsYZDsExG9MVfyypS8j2a8yO2N_NY-zV&x-i1ysm4mm--z=q, line 1: WEBGL_debug_renderer_info is deprecated in Firefox and will be removed. Please use RENDERER.
JavaScript warning: https://www.uniqlo.com/oQfZRN8zACRR/OQ/-x_RMR-EGX/k95OLrhJQ5/OXl6GHI5AQ/PnUdVS/RrZQs, line 1: WEBGL_debug_renderer_info is deprecated in Firefox and will be removed. Please use RENDERER.
1681044082916	Marionette	INFO	Stopped listening on port 58863
Dynamically enable window occlusion 1
WARNING: A blocker encountered an error while we were waiting.
          Blocker:  Waiting for ping task
          Phase: TelemetryController: Waiting for pending ping activity
          State: (none)
WARNING: Error: Phase "profile-before-change" is finished, it is too late to register completion condition "OS.File: flush I/O queued before profileBeforeChange"
WARNING: addBlocker@resource://gre/modules/AsyncShutdown.sys.mjs:727:15
addBlocker@resource://gre/modules/AsyncShutdown.sys.mjs:523:26
addBlocker@resource://gre/modules/AsyncShutdown.sys.mjs:458:15
setupShutdown@resource://gre/modules/osfile/osfile_async_front.jsm:1548:28
@resource://gre/modules/osfile/osfile_async_front.jsm:1568:16
@resource://gre/modules/osfile.jsm:12:30
@resource://gre/modules/TelemetryStorage.sys.mjs:10:28
_checkPendingPings@resource://gre/modules/TelemetrySend.sys.mjs:863:17
setup@resource://gre/modules/TelemetrySend.sys.mjs:803:18
setup@resource://gre/modules/TelemetrySend.sys.mjs:241:30
setupTelemetry/this._delayedInitTask<@resource://gre/modules/TelemetryControllerParent.sys.mjs:828:36
observe@resource://gre/modules/AsyncShutdown.sys.mjs:576:16

console.error: "TelemetryScheduler.shutdown - Already shut down"
WARNING: A blocker encountered an error while we were waiting.
          Blocker:  Waiting for ping task
          Phase: TelemetryController: Waiting for pending ping activity
          State: (none)
WARNING: Error: Phase "profile-before-change" is finished, it is too late to register completion condition "OS.File: flush I/O queued before profileBeforeChange"
WARNING: addBlocker@resource://gre/modules/AsyncShutdown.sys.mjs:727:15
addBlocker@resource://gre/modules/AsyncShutdown.sys.mjs:523:26
addBlocker@resource://gre/modules/AsyncShutdown.sys.mjs:458:15
setupShutdown@resource://gre/modules/osfile/osfile_async_front.jsm:1548:28
@resource://gre/modules/osfile/osfile_async_front.jsm:1568:16
@resource://gre/modules/osfile.jsm:12:30
@resource://gre/modules/TelemetryStorage.sys.mjs:10:28
_checkPendingPings@resource://gre/modules/TelemetrySend.sys.mjs:863:17
setup@resource://gre/modules/TelemetrySend.sys.mjs:803:18
setup@resource://gre/modules/TelemetrySend.sys.mjs:241:30
setupTelemetry/this._delayedInitTask<@resource://gre/modules/TelemetryControllerParent.sys.mjs:828:36
observe@resource://gre/modules/AsyncShutdown.sys.mjs:576:16

WARNING: A blocker encountered an error while we were waiting.
          Blocker:  Waiting for ping task
          Phase: TelemetryController: Waiting for pending ping activity
          State: (none)
WARNING: Error: Phase "profile-before-change" is finished, it is too late to register completion condition "OS.File: flush I/O queued before profileBeforeChange"
WARNING: addBlocker@resource://gre/modules/AsyncShutdown.sys.mjs:727:15
addBlocker@resource://gre/modules/AsyncShutdown.sys.mjs:523:26
addBlocker@resource://gre/modules/AsyncShutdown.sys.mjs:458:15
setupShutdown@resource://gre/modules/osfile/osfile_async_front.jsm:1548:28
@resource://gre/modules/osfile/osfile_async_front.jsm:1568:16
@resource://gre/modules/osfile.jsm:12:30
@resource://gre/modules/TelemetryStorage.sys.mjs:10:28
_checkPendingPings@resource://gre/modules/TelemetrySend.sys.mjs:863:17
setup@resource://gre/modules/TelemetrySend.sys.mjs:803:18
setup@resource://gre/modules/TelemetrySend.sys.mjs:241:30
setupTelemetry/this._delayedInitTask<@resource://gre/modules/TelemetryControllerParent.sys.mjs:828:36
observe@resource://gre/modules/AsyncShutdown.sys.mjs:576:16

WARNING: A blocker encountered an error while we were waiting.
          Blocker:  TelemetryController: shutting down
          Phase: profile-before-change-telemetry
          State: Error getting state: Error: Phase "profile-before-change" is finished, it is too late to register completion condition "OS.File: flush I/O queued before profileBeforeChange" at addBlocker@resource://gre/modules/AsyncShutdown.sys.mjs:727:15
addBlocker@resource://gre/modules/AsyncShutdown.sys.mjs:523:26
addBlocker@resource://gre/modules/AsyncShutdown.sys.mjs:458:15
setupShutdown@resource://gre/modules/osfile/osfile_async_front.jsm:1548:28
@resource://gre/modules/osfile/osfile_async_front.jsm:1568:16
@resource://gre/modules/osfile.jsm:12:30
@resource://gre/modules/TelemetryStorage.sys.mjs:10:28
_checkPendingPings@resource://gre/modules/TelemetrySend.sys.mjs:863:17
setup@resource://gre/modules/TelemetrySend.sys.mjs:803:18
setup@resource://gre/modules/TelemetrySend.sys.mjs:241:30
setupTelemetry/this._delayedInitTask<@resource://gre/modules/TelemetryControllerParent.sys.mjs:828:36
observe@resource://gre/modules/AsyncShutdown.sys.mjs:576:16

WARNING: Error: Phase "profile-before-change" is finished, it is too late to register completion condition "OS.File: flush I/O queued before profileBeforeChange"
WARNING: addBlocker@resource://gre/modules/AsyncShutdown.sys.mjs:727:15
addBlocker@resource://gre/modules/AsyncShutdown.sys.mjs:523:26
addBlocker@resource://gre/modules/AsyncShutdown.sys.mjs:458:15
setupShutdown@resource://gre/modules/osfile/osfile_async_front.jsm:1548:28
@resource://gre/modules/osfile/osfile_async_front.jsm:1568:16
@resource://gre/modules/osfile.jsm:12:30
@resource://gre/modules/TelemetryStorage.sys.mjs:10:28
_checkPendingPings@resource://gre/modules/TelemetrySend.sys.mjs:863:17
setup@resource://gre/modules/TelemetrySend.sys.mjs:803:18
setup@resource://gre/modules/TelemetrySend.sys.mjs:241:30
setupTelemetry/this._delayedInitTask<@resource://gre/modules/TelemetryControllerParent.sys.mjs:828:36
observe@resource://gre/modules/AsyncShutdown.sys.mjs:576:16

JavaScript error: resource://gre/modules/AsyncShutdown.sys.mjs, line 727: Error: Phase "profile-before-change" is finished, it is too late to register completion condition "OS.File: flush I/O queued before profileBeforeChange"
JavaScript error: resource://gre/modules/AsyncShutdown.sys.mjs, line 727: Error: Phase "profile-before-change" is finished, it is too late to register completion condition "OS.File: flush I/O queued before profileBeforeChange"
JavaScript error: resource://gre/modules/AsyncShutdown.sys.mjs, line 727: Error: Phase "profile-before-change" is finished, it is too late to register completion condition "OS.File: flush I/O queued before profileBeforeChange"
JavaScript error: resource://gre/modules/AsyncShutdown.sys.mjs, line 727: Error: Phase "profile-before-change" is finished, it is too late to register completion condition "OS.File: flush I/O queued before profileBeforeChange"
JavaScript error: resource://gre/modules/AsyncShutdown.sys.mjs, line 727: Error: Phase "profile-before-change" is finished, it is too late to register completion condition "OS.File: flush I/O queued before profileBeforeChange"
JavaScript error: resource://gre/modules/AsyncShutdown.sys.mjs, line 727: Error: Phase "profile-before-change" is finished, it is too late to register completion condition "OS.File: flush I/O queued before profileBeforeChange"
]]></system-err>
  </testcase>
  <testcase name="Fitur Menu Baby #21" classname="Baby" time="9.088">
    <system-out><![CDATA[
@baby
Scenario Outline: Fitur Menu Baby &amp#27;[90m# src/test/resources/features/Baby.feature:33&amp#27;[0m
19:41:23.764 [main] INFO io.cucumber.core.plugin.SerenityReporter - Running feature from file:///C:/Users/alwi/IdeaProjects/uniqloweb/src/test/resources/features/Baby.feature
19:41:23.780 [main] INFO net.serenitybdd.core.webdriver.driverproviders.FirefoxDriverProvider - Using automatically driver download
19:41:23.880 [main] DEBUG io.github.bonigarcia.wdm.cache.ResolutionCache - Resolution firefox=111 in cache (valid until 20:30:50 09/04/2023 WIB)
19:41:23.883 [main] DEBUG io.github.bonigarcia.wdm.cache.ResolutionCache - Resolution firefox111=0.32.2 in cache (valid until 19:30:50 10/04/2023 WIB)
19:41:23.884 [main] INFO io.github.bonigarcia.wdm.WebDriverManager - Using geckodriver 0.32.2 (resolved driver for Firefox 111)
19:41:23.894 [main] DEBUG io.github.bonigarcia.wdm.WebDriverManager - Driver geckodriver 0.32.2 found in cache
19:41:23.895 [main] INFO io.github.bonigarcia.wdm.WebDriverManager - Exporting webdriver.gecko.driver as C:\Users\alwi\.cache\selenium\geckodriver\win64\0.32.2\geckodriver.exe
19:41:23.905 [main] DEBUG net.serenitybdd.core.webdriver.driverproviders.ProvideNewDriver - Instantiating driver
19:41:23.905 [main] DEBUG net.serenitybdd.core.webdriver.driverproviders.ProvideNewDriver - Driver capabilities: Capabilities {acceptInsecureCerts: true, browserName: firefox, moz:debuggerAddress: true, moz:firefoxOptions: {args: [], profile: UEsDBBQACAgIACudiVYAAAAAAAA...}}
19:41:24.025 [AsyncHttpClient-1-1] DEBUG org.asynchttpclient.netty.channel.DefaultChannelPool - Entry count for : http://localhost:51644 : 1
19:41:24.025 [AsyncHttpClient-1-1] DEBUG org.asynchttpclient.netty.channel.DefaultChannelPool - Adding Candidate expired Channel [id: 0x320dde43, L:/127.0.0.1:58860 ! R:localhost/127.0.0.1:51644] isIdleTimeoutExpired=false isRemotelyClosed=true isTtlExpired=false
19:41:24.025 [AsyncHttpClient-1-1] DEBUG org.asynchttpclient.netty.channel.DefaultChannelPool - Closing Idle Channel [id: 0x320dde43, L:/127.0.0.1:58860 ! R:localhost/127.0.0.1:51644]
19:41:24.025 [AsyncHttpClient-1-1] DEBUG org.asynchttpclient.netty.channel.DefaultChannelPool - Closed 1 connections out of 1 in 0 ms
19:41:24.430 [AsyncHttpClient-1-12] DEBUG org.asynchttpclient.netty.channel.NettyConnectListener - Using new Channel '[id: 0xfbcecee9, L:/127.0.0.1:58936 - R:localhost/127.0.0.1:58698]' for 'POST' to '/session'
19:41:26.720 [AsyncHttpClient-1-12] DEBUG org.asynchttpclient.netty.handler.HttpHandler - 

Request DefaultHttpRequest(decodeResult: success, version: HTTP/1.1)
POST /session HTTP/1.1
User-Agent: selenium/4.1.2 (java windows)
Content-Length: 3673
Content-Type: application/json; charset=utf-8
host: localhost:58698
accept: */*

Response DefaultHttpResponse(decodeResult: success, version: HTTP/1.1)
HTTP/1.1 200 OK
content-type: application/json; charset=utf-8
cache-control: no-cache
date: Sun, 09 Apr 2023 12:41:24 GMT
content-length: 789

19:41:26.721 [AsyncHttpClient-1-12] DEBUG org.asynchttpclient.netty.channel.ChannelManager - Adding key: http://localhost:58698 for channel [id: 0xfbcecee9, L:/127.0.0.1:58936 - R:localhost/127.0.0.1:58698]
19:41:26.729 [AsyncHttpClient-1-13] DEBUG org.asynchttpclient.netty.channel.NettyConnectListener - Using new Channel '[id: 0xaab87898, L:/127.0.0.1:58953 - R:/127.0.0.1:55976]' for 'GET' to '/json/version'
19:41:26.733 [AsyncHttpClient-1-13] DEBUG org.asynchttpclient.netty.handler.HttpHandler - 

Request DefaultFullHttpRequest(decodeResult: success, version: HTTP/1.1, content: EmptyByteBufBE)
GET /json/version HTTP/1.1
User-Agent: selenium/4.1.2 (java windows)
host: 127.0.0.1:55976
accept: */*

Response DefaultHttpResponse(decodeResult: success, version: HTTP/1.1)
HTTP/1.1 200 OK
content-type: application/json
connection: close
server: httpd.js
date: Sun, 09 Apr 2023 12:41:26 GMT
content-length: 311

19:41:26.733 [AsyncHttpClient-1-13] DEBUG org.asynchttpclient.netty.channel.ChannelManager - Closing Channel [id: 0xaab87898, L:/127.0.0.1:58953 - R:/127.0.0.1:55976] 
19:41:26.734 [AsyncHttpClient-1-13] DEBUG org.asynchttpclient.netty.handler.HttpHandler - Channel Closed: [id: 0xaab87898, L:/127.0.0.1:58953 ! R:/127.0.0.1:55976] with attribute DISCARD
19:41:26.735 [Forwarding get on session e75cad45-20a5-4a0e-a72b-272734a5d4c9 to remote] DEBUG org.asynchttpclient.netty.request.NettyRequestSender - Using pooled Channel '[id: 0xfbcecee9, L:/127.0.0.1:58936 - R:localhost/127.0.0.1:58698]' for 'POST' to 'http://localhost:58698/session/e75cad45-20a5-4a0e-a72b-272734a5d4c9/url'
19:41:26.736 [Forwarding get on session e75cad45-20a5-4a0e-a72b-272734a5d4c9 to remote] DEBUG org.asynchttpclient.netty.request.NettyRequestSender - Using open Channel [id: 0xfbcecee9, L:/127.0.0.1:58936 - R:localhost/127.0.0.1:58698] for POST '/session/e75cad45-20a5-4a0e-a72b-272734a5d4c9/url'
19:41:28.563 [AsyncHttpClient-1-12] DEBUG org.asynchttpclient.netty.handler.HttpHandler - 

Request DefaultHttpRequest(decodeResult: success, version: HTTP/1.1)
POST /session/e75cad45-20a5-4a0e-a72b-272734a5d4c9/url HTTP/1.1
User-Agent: selenium/4.1.2 (java windows)
Content-Length: 53
Content-Type: application/json; charset=utf-8
host: localhost:58698
accept: */*

Response DefaultHttpResponse(decodeResult: success, version: HTTP/1.1)
HTTP/1.1 200 OK
content-type: application/json; charset=utf-8
cache-control: no-cache
date: Sun, 09 Apr 2023 12:41:26 GMT
content-length: 14

19:41:28.564 [AsyncHttpClient-1-12] DEBUG org.asynchttpclient.netty.channel.ChannelManager - Adding key: http://localhost:58698 for channel [id: 0xfbcecee9, L:/127.0.0.1:58936 - R:localhost/127.0.0.1:58698]
19:41:28.565 [Forwarding setTimeout on session e75cad45-20a5-4a0e-a72b-272734a5d4c9 to remote] DEBUG org.asynchttpclient.netty.request.NettyRequestSender - Using pooled Channel '[id: 0xfbcecee9, L:/127.0.0.1:58936 - R:localhost/127.0.0.1:58698]' for 'POST' to 'http://localhost:58698/session/e75cad45-20a5-4a0e-a72b-272734a5d4c9/timeouts'
19:41:28.565 [Forwarding setTimeout on session e75cad45-20a5-4a0e-a72b-272734a5d4c9 to remote] DEBUG org.asynchttpclient.netty.request.NettyRequestSender - Using open Channel [id: 0xfbcecee9, L:/127.0.0.1:58936 - R:localhost/127.0.0.1:58698] for POST '/session/e75cad45-20a5-4a0e-a72b-272734a5d4c9/timeouts'
19:41:28.571 [AsyncHttpClient-1-12] DEBUG org.asynchttpclient.netty.handler.HttpHandler - 

Request DefaultHttpRequest(decodeResult: success, version: HTTP/1.1)
POST /session/e75cad45-20a5-4a0e-a72b-272734a5d4c9/timeouts HTTP/1.1
User-Agent: selenium/4.1.2 (java windows)
Content-Length: 22
Content-Type: application/json; charset=utf-8
host: localhost:58698
accept: */*

Response DefaultHttpResponse(decodeResult: success, version: HTTP/1.1)
HTTP/1.1 200 OK
content-type: application/json; charset=utf-8
cache-control: no-cache
date: Sun, 09 Apr 2023 12:41:28 GMT
content-length: 14

19:41:28.571 [AsyncHttpClient-1-12] DEBUG org.asynchttpclient.netty.channel.ChannelManager - Adding key: http://localhost:58698 for channel [id: 0xfbcecee9, L:/127.0.0.1:58936 - R:localhost/127.0.0.1:58698]
19:41:28.574 [Forwarding getCurrentUrl on session e75cad45-20a5-4a0e-a72b-272734a5d4c9 to remote] DEBUG org.asynchttpclient.netty.request.NettyRequestSender - Using pooled Channel '[id: 0xfbcecee9, L:/127.0.0.1:58936 - R:localhost/127.0.0.1:58698]' for 'GET' to 'http://localhost:58698/session/e75cad45-20a5-4a0e-a72b-272734a5d4c9/url'
19:41:28.574 [Forwarding getCurrentUrl on session e75cad45-20a5-4a0e-a72b-272734a5d4c9 to remote] DEBUG org.asynchttpclient.netty.request.NettyRequestSender - Using open Channel [id: 0xfbcecee9, L:/127.0.0.1:58936 - R:localhost/127.0.0.1:58698] for GET '/session/e75cad45-20a5-4a0e-a72b-272734a5d4c9/url'
19:41:28.577 [AsyncHttpClient-1-12] DEBUG org.asynchttpclient.netty.handler.HttpHandler - 

Request DefaultFullHttpRequest(decodeResult: success, version: HTTP/1.1, content: EmptyByteBufBE)
GET /session/e75cad45-20a5-4a0e-a72b-272734a5d4c9/url HTTP/1.1
User-Agent: selenium/4.1.2 (java windows)
Cache-Control: no-cache
Content-Type: application/json; charset=utf-8
host: localhost:58698
accept: */*

Response DefaultHttpResponse(decodeResult: success, version: HTTP/1.1)
HTTP/1.1 200 OK
content-type: application/json; charset=utf-8
cache-control: no-cache
date: Sun, 09 Apr 2023 12:41:28 GMT
content-length: 41

19:41:28.577 [AsyncHttpClient-1-12] DEBUG org.asynchttpclient.netty.channel.ChannelManager - Adding key: http://localhost:58698 for channel [id: 0xfbcecee9, L:/127.0.0.1:58936 - R:localhost/127.0.0.1:58698]
  &amp#27;[32mGiven &amp#27;[0m&amp#27;[32mI am on the home page&amp#27;[0m     &amp#27;[90m# starter.stepdefinitions.BabyStep.iAmOnTheHomePage()&amp#27;[0m
19:41:28.583 [Forwarding screenshot on session e75cad45-20a5-4a0e-a72b-272734a5d4c9 to remote] DEBUG org.asynchttpclient.netty.request.NettyRequestSender - Using pooled Channel '[id: 0xfbcecee9, L:/127.0.0.1:58936 - R:localhost/127.0.0.1:58698]' for 'GET' to 'http://localhost:58698/session/e75cad45-20a5-4a0e-a72b-272734a5d4c9/screenshot'
19:41:28.583 [Forwarding screenshot on session e75cad45-20a5-4a0e-a72b-272734a5d4c9 to remote] DEBUG org.asynchttpclient.netty.request.NettyRequestSender - Using open Channel [id: 0xfbcecee9, L:/127.0.0.1:58936 - R:localhost/127.0.0.1:58698] for GET '/session/e75cad45-20a5-4a0e-a72b-272734a5d4c9/screenshot'
19:41:28.858 [AsyncHttpClient-1-12] DEBUG org.asynchttpclient.netty.handler.HttpHandler - 

Request DefaultFullHttpRequest(decodeResult: success, version: HTTP/1.1, content: EmptyByteBufBE)
GET /session/e75cad45-20a5-4a0e-a72b-272734a5d4c9/screenshot HTTP/1.1
User-Agent: selenium/4.1.2 (java windows)
Cache-Control: no-cache
Content-Type: application/json; charset=utf-8
host: localhost:58698
accept: */*

Response DefaultHttpResponse(decodeResult: success, version: HTTP/1.1)
HTTP/1.1 200 OK
content-type: application/json; charset=utf-8
cache-control: no-cache
date: Sun, 09 Apr 2023 12:41:28 GMT
content-length: 94952

19:41:28.858 [AsyncHttpClient-1-12] DEBUG org.asynchttpclient.netty.channel.ChannelManager - Adding key: http://localhost:58698 for channel [id: 0xfbcecee9, L:/127.0.0.1:58936 - R:localhost/127.0.0.1:58698]
19:41:28.862 [main] DEBUG net.serenitybdd.core.photography.Darkroom - Send negative for processing for target\site\serenity\e4311718eacb277d670e866f40f7e33c3b4fe0239cb48e761046bfca74230eb0.png
19:41:28.862 [Darkroom Processing Line] DEBUG net.serenitybdd.core.photography.DarkroomProcessingLine - Processing screenshot image in /var/screenshots/screenshot-13798426427534729965
19:41:28.862 [Darkroom Processing Line] DEBUG net.serenitybdd.core.photography.DarkroomProcessingLine - Saving screenshot to target\site\serenity\e4311718eacb277d670e866f40f7e33c3b4fe0239cb48e761046bfca74230eb0.png
19:41:28.873 [Forwarding findElement on session e75cad45-20a5-4a0e-a72b-272734a5d4c9 to remote] DEBUG org.asynchttpclient.netty.request.NettyRequestSender - Using pooled Channel '[id: 0xfbcecee9, L:/127.0.0.1:58936 - R:localhost/127.0.0.1:58698]' for 'POST' to 'http://localhost:58698/session/e75cad45-20a5-4a0e-a72b-272734a5d4c9/element'
19:41:28.873 [Forwarding findElement on session e75cad45-20a5-4a0e-a72b-272734a5d4c9 to remote] DEBUG org.asynchttpclient.netty.request.NettyRequestSender - Using open Channel [id: 0xfbcecee9, L:/127.0.0.1:58936 - R:localhost/127.0.0.1:58698] for POST '/session/e75cad45-20a5-4a0e-a72b-272734a5d4c9/element'
19:41:29.261 [AsyncHttpClient-1-12] DEBUG org.asynchttpclient.netty.handler.HttpHandler - 

Request DefaultHttpRequest(decodeResult: success, version: HTTP/1.1)
POST /session/e75cad45-20a5-4a0e-a72b-272734a5d4c9/element HTTP/1.1
User-Agent: selenium/4.1.2 (java windows)
Content-Length: 81
Content-Type: application/json; charset=utf-8
host: localhost:58698
accept: */*

Response DefaultHttpResponse(decodeResult: success, version: HTTP/1.1)
HTTP/1.1 200 OK
content-type: application/json; charset=utf-8
cache-control: no-cache
date: Sun, 09 Apr 2023 12:41:28 GMT
content-length: 88

19:41:29.261 [AsyncHttpClient-1-12] DEBUG org.asynchttpclient.netty.channel.ChannelManager - Adding key: http://localhost:58698 for channel [id: 0xfbcecee9, L:/127.0.0.1:58936 - R:localhost/127.0.0.1:58698]
19:41:29.263 [Forwarding getElementTagName on session e75cad45-20a5-4a0e-a72b-272734a5d4c9 to remote] DEBUG org.asynchttpclient.netty.request.NettyRequestSender - Using pooled Channel '[id: 0xfbcecee9, L:/127.0.0.1:58936 - R:localhost/127.0.0.1:58698]' for 'GET' to 'http://localhost:58698/session/e75cad45-20a5-4a0e-a72b-272734a5d4c9/element/878c2c25-0b6e-4b29-8daa-abb2b15ea310/name'
19:41:29.263 [Forwarding getElementTagName on session e75cad45-20a5-4a0e-a72b-272734a5d4c9 to remote] DEBUG org.asynchttpclient.netty.request.NettyRequestSender - Using open Channel [id: 0xfbcecee9, L:/127.0.0.1:58936 - R:localhost/127.0.0.1:58698] for GET '/session/e75cad45-20a5-4a0e-a72b-272734a5d4c9/element/878c2c25-0b6e-4b29-8daa-abb2b15ea310/name'
19:41:29.331 [AsyncHttpClient-1-12] DEBUG org.asynchttpclient.netty.handler.HttpHandler - 

Request DefaultFullHttpRequest(decodeResult: success, version: HTTP/1.1, content: EmptyByteBufBE)
GET /session/e75cad45-20a5-4a0e-a72b-272734a5d4c9/element/878c2c25-0b6e-4b29-8daa-abb2b15ea310/name HTTP/1.1
User-Agent: selenium/4.1.2 (java windows)
Cache-Control: no-cache
Content-Type: application/json; charset=utf-8
host: localhost:58698
accept: */*

Response DefaultHttpResponse(decodeResult: success, version: HTTP/1.1)
HTTP/1.1 200 OK
content-type: application/json; charset=utf-8
cache-control: no-cache
date: Sun, 09 Apr 2023 12:41:28 GMT
content-length: 16

19:41:29.331 [AsyncHttpClient-1-12] DEBUG org.asynchttpclient.netty.channel.ChannelManager - Adding key: http://localhost:58698 for channel [id: 0xfbcecee9, L:/127.0.0.1:58936 - R:localhost/127.0.0.1:58698]
19:41:29.332 [Forwarding getElementTagName on session e75cad45-20a5-4a0e-a72b-272734a5d4c9 to remote] DEBUG org.asynchttpclient.netty.request.NettyRequestSender - Using pooled Channel '[id: 0xfbcecee9, L:/127.0.0.1:58936 - R:localhost/127.0.0.1:58698]' for 'GET' to 'http://localhost:58698/session/e75cad45-20a5-4a0e-a72b-272734a5d4c9/element/878c2c25-0b6e-4b29-8daa-abb2b15ea310/name'
19:41:29.333 [Forwarding getElementTagName on session e75cad45-20a5-4a0e-a72b-272734a5d4c9 to remote] DEBUG org.asynchttpclient.netty.request.NettyRequestSender - Using open Channel [id: 0xfbcecee9, L:/127.0.0.1:58936 - R:localhost/127.0.0.1:58698] for GET '/session/e75cad45-20a5-4a0e-a72b-272734a5d4c9/element/878c2c25-0b6e-4b29-8daa-abb2b15ea310/name'
19:41:29.491 [AsyncHttpClient-1-12] DEBUG org.asynchttpclient.netty.handler.HttpHandler - 

Request DefaultFullHttpRequest(decodeResult: success, version: HTTP/1.1, content: EmptyByteBufBE)
GET /session/e75cad45-20a5-4a0e-a72b-272734a5d4c9/element/878c2c25-0b6e-4b29-8daa-abb2b15ea310/name HTTP/1.1
User-Agent: selenium/4.1.2 (java windows)
Cache-Control: no-cache
Content-Type: application/json; charset=utf-8
host: localhost:58698
accept: */*

Response DefaultHttpResponse(decodeResult: success, version: HTTP/1.1)
HTTP/1.1 200 OK
content-type: application/json; charset=utf-8
cache-control: no-cache
date: Sun, 09 Apr 2023 12:41:28 GMT
content-length: 16

19:41:29.491 [AsyncHttpClient-1-12] DEBUG org.asynchttpclient.netty.channel.ChannelManager - Adding key: http://localhost:58698 for channel [id: 0xfbcecee9, L:/127.0.0.1:58936 - R:localhost/127.0.0.1:58698]
19:41:29.493 [Forwarding findElement on session e75cad45-20a5-4a0e-a72b-272734a5d4c9 to remote] DEBUG org.asynchttpclient.netty.request.NettyRequestSender - Using pooled Channel '[id: 0xfbcecee9, L:/127.0.0.1:58936 - R:localhost/127.0.0.1:58698]' for 'POST' to 'http://localhost:58698/session/e75cad45-20a5-4a0e-a72b-272734a5d4c9/element'
19:41:29.493 [Forwarding findElement on session e75cad45-20a5-4a0e-a72b-272734a5d4c9 to remote] DEBUG org.asynchttpclient.netty.request.NettyRequestSender - Using open Channel [id: 0xfbcecee9, L:/127.0.0.1:58936 - R:localhost/127.0.0.1:58698] for POST '/session/e75cad45-20a5-4a0e-a72b-272734a5d4c9/element'
19:41:29.545 [AsyncHttpClient-1-12] DEBUG org.asynchttpclient.netty.handler.HttpHandler - 

Request DefaultHttpRequest(decodeResult: success, version: HTTP/1.1)
POST /session/e75cad45-20a5-4a0e-a72b-272734a5d4c9/element HTTP/1.1
User-Agent: selenium/4.1.2 (java windows)
Content-Length: 81
Content-Type: application/json; charset=utf-8
host: localhost:58698
accept: */*

Response DefaultHttpResponse(decodeResult: success, version: HTTP/1.1)
HTTP/1.1 200 OK
content-type: application/json; charset=utf-8
cache-control: no-cache
date: Sun, 09 Apr 2023 12:41:28 GMT
content-length: 88

19:41:29.545 [AsyncHttpClient-1-12] DEBUG org.asynchttpclient.netty.channel.ChannelManager - Adding key: http://localhost:58698 for channel [id: 0xfbcecee9, L:/127.0.0.1:58936 - R:localhost/127.0.0.1:58698]
19:41:29.550 [Forwarding clickElement on session e75cad45-20a5-4a0e-a72b-272734a5d4c9 to remote] DEBUG org.asynchttpclient.netty.request.NettyRequestSender - Using pooled Channel '[id: 0xfbcecee9, L:/127.0.0.1:58936 - R:localhost/127.0.0.1:58698]' for 'POST' to 'http://localhost:58698/session/e75cad45-20a5-4a0e-a72b-272734a5d4c9/element/878c2c25-0b6e-4b29-8daa-abb2b15ea310/click'
19:41:29.550 [Forwarding clickElement on session e75cad45-20a5-4a0e-a72b-272734a5d4c9 to remote] DEBUG org.asynchttpclient.netty.request.NettyRequestSender - Using open Channel [id: 0xfbcecee9, L:/127.0.0.1:58936 - R:localhost/127.0.0.1:58698] for POST '/session/e75cad45-20a5-4a0e-a72b-272734a5d4c9/element/878c2c25-0b6e-4b29-8daa-abb2b15ea310/click'
19:41:30.296 [AsyncHttpClient-1-12] DEBUG org.asynchttpclient.netty.handler.HttpHandler - 

Request DefaultHttpRequest(decodeResult: success, version: HTTP/1.1)
POST /session/e75cad45-20a5-4a0e-a72b-272734a5d4c9/element/878c2c25-0b6e-4b29-8daa-abb2b15ea310/click HTTP/1.1
User-Agent: selenium/4.1.2 (java windows)
Content-Length: 50
Content-Type: application/json; charset=utf-8
host: localhost:58698
accept: */*

Response DefaultHttpResponse(decodeResult: success, version: HTTP/1.1)
HTTP/1.1 200 OK
content-type: application/json; charset=utf-8
cache-control: no-cache
date: Sun, 09 Apr 2023 12:41:28 GMT
content-length: 14

19:41:30.296 [AsyncHttpClient-1-12] DEBUG org.asynchttpclient.netty.channel.ChannelManager - Adding key: http://localhost:58698 for channel [id: 0xfbcecee9, L:/127.0.0.1:58936 - R:localhost/127.0.0.1:58698]
  &amp#27;[32mThen &amp#27;[0m&amp#27;[32mI click baby on the header&amp#27;[0m &amp#27;[90m# starter.stepdefinitions.BabyStep.iClickBabyOnTheHeader()&amp#27;[0m
19:41:30.302 [Forwarding screenshot on session e75cad45-20a5-4a0e-a72b-272734a5d4c9 to remote] DEBUG org.asynchttpclient.netty.request.NettyRequestSender - Using pooled Channel '[id: 0xfbcecee9, L:/127.0.0.1:58936 - R:localhost/127.0.0.1:58698]' for 'GET' to 'http://localhost:58698/session/e75cad45-20a5-4a0e-a72b-272734a5d4c9/screenshot'
19:41:30.302 [Forwarding screenshot on session e75cad45-20a5-4a0e-a72b-272734a5d4c9 to remote] DEBUG org.asynchttpclient.netty.request.NettyRequestSender - Using open Channel [id: 0xfbcecee9, L:/127.0.0.1:58936 - R:localhost/127.0.0.1:58698] for GET '/session/e75cad45-20a5-4a0e-a72b-272734a5d4c9/screenshot'
19:41:30.384 [AsyncHttpClient-1-12] DEBUG org.asynchttpclient.netty.handler.HttpHandler - 

Request DefaultFullHttpRequest(decodeResult: success, version: HTTP/1.1, content: EmptyByteBufBE)
GET /session/e75cad45-20a5-4a0e-a72b-272734a5d4c9/screenshot HTTP/1.1
User-Agent: selenium/4.1.2 (java windows)
Cache-Control: no-cache
Content-Type: application/json; charset=utf-8
host: localhost:58698
accept: */*

Response DefaultHttpResponse(decodeResult: success, version: HTTP/1.1)
HTTP/1.1 200 OK
content-type: application/json; charset=utf-8
cache-control: no-cache
date: Sun, 09 Apr 2023 12:41:30 GMT
content-length: 97964

19:41:30.385 [AsyncHttpClient-1-12] DEBUG org.asynchttpclient.netty.channel.ChannelManager - Adding key: http://localhost:58698 for channel [id: 0xfbcecee9, L:/127.0.0.1:58936 - R:localhost/127.0.0.1:58698]
19:41:30.390 [main] DEBUG net.serenitybdd.core.photography.Darkroom - Send negative for processing for target\site\serenity\411d8fe59c5b3681fff41a5a528d293b05ae72577d2371b8f99c2c267828f21d.png
19:41:30.391 [Darkroom Processing Line] DEBUG net.serenitybdd.core.photography.DarkroomProcessingLine - Processing screenshot image in /var/screenshots/screenshot-16251956636788817217
19:41:30.391 [Darkroom Processing Line] DEBUG net.serenitybdd.core.photography.DarkroomProcessingLine - Saving screenshot to target\site\serenity\411d8fe59c5b3681fff41a5a528d293b05ae72577d2371b8f99c2c267828f21d.png
19:41:30.402 [Forwarding findElement on session e75cad45-20a5-4a0e-a72b-272734a5d4c9 to remote] DEBUG org.asynchttpclient.netty.request.NettyRequestSender - Using pooled Channel '[id: 0xfbcecee9, L:/127.0.0.1:58936 - R:localhost/127.0.0.1:58698]' for 'POST' to 'http://localhost:58698/session/e75cad45-20a5-4a0e-a72b-272734a5d4c9/element'
19:41:30.402 [Forwarding findElement on session e75cad45-20a5-4a0e-a72b-272734a5d4c9 to remote] DEBUG org.asynchttpclient.netty.request.NettyRequestSender - Using open Channel [id: 0xfbcecee9, L:/127.0.0.1:58936 - R:localhost/127.0.0.1:58698] for POST '/session/e75cad45-20a5-4a0e-a72b-272734a5d4c9/element'
19:41:30.493 [AsyncHttpClient-1-12] DEBUG org.asynchttpclient.netty.handler.HttpHandler - 

Request DefaultHttpRequest(decodeResult: success, version: HTTP/1.1)
POST /session/e75cad45-20a5-4a0e-a72b-272734a5d4c9/element HTTP/1.1
User-Agent: selenium/4.1.2 (java windows)
Content-Length: 117
Content-Type: application/json; charset=utf-8
host: localhost:58698
accept: */*

Response DefaultHttpResponse(decodeResult: success, version: HTTP/1.1)
HTTP/1.1 200 OK
content-type: application/json; charset=utf-8
cache-control: no-cache
date: Sun, 09 Apr 2023 12:41:30 GMT
content-length: 88

19:41:30.493 [AsyncHttpClient-1-12] DEBUG org.asynchttpclient.netty.channel.ChannelManager - Adding key: http://localhost:58698 for channel [id: 0xfbcecee9, L:/127.0.0.1:58936 - R:localhost/127.0.0.1:58698]
19:41:30.494 [Forwarding getElementTagName on session e75cad45-20a5-4a0e-a72b-272734a5d4c9 to remote] DEBUG org.asynchttpclient.netty.request.NettyRequestSender - Using pooled Channel '[id: 0xfbcecee9, L:/127.0.0.1:58936 - R:localhost/127.0.0.1:58698]' for 'GET' to 'http://localhost:58698/session/e75cad45-20a5-4a0e-a72b-272734a5d4c9/element/3af6a7db-8933-4cbe-aaee-531e658227a0/name'
19:41:30.494 [Forwarding getElementTagName on session e75cad45-20a5-4a0e-a72b-272734a5d4c9 to remote] DEBUG org.asynchttpclient.netty.request.NettyRequestSender - Using open Channel [id: 0xfbcecee9, L:/127.0.0.1:58936 - R:localhost/127.0.0.1:58698] for GET '/session/e75cad45-20a5-4a0e-a72b-272734a5d4c9/element/3af6a7db-8933-4cbe-aaee-531e658227a0/name'
19:41:30.571 [AsyncHttpClient-1-12] DEBUG org.asynchttpclient.netty.handler.HttpHandler - 

Request DefaultFullHttpRequest(decodeResult: success, version: HTTP/1.1, content: EmptyByteBufBE)
GET /session/e75cad45-20a5-4a0e-a72b-272734a5d4c9/element/3af6a7db-8933-4cbe-aaee-531e658227a0/name HTTP/1.1
User-Agent: selenium/4.1.2 (java windows)
Cache-Control: no-cache
Content-Type: application/json; charset=utf-8
host: localhost:58698
accept: */*

Response DefaultHttpResponse(decodeResult: success, version: HTTP/1.1)
HTTP/1.1 200 OK
content-type: application/json; charset=utf-8
cache-control: no-cache
date: Sun, 09 Apr 2023 12:41:30 GMT
content-length: 16

19:41:30.571 [AsyncHttpClient-1-12] DEBUG org.asynchttpclient.netty.channel.ChannelManager - Adding key: http://localhost:58698 for channel [id: 0xfbcecee9, L:/127.0.0.1:58936 - R:localhost/127.0.0.1:58698]
19:41:30.573 [Forwarding getElementTagName on session e75cad45-20a5-4a0e-a72b-272734a5d4c9 to remote] DEBUG org.asynchttpclient.netty.request.NettyRequestSender - Using pooled Channel '[id: 0xfbcecee9, L:/127.0.0.1:58936 - R:localhost/127.0.0.1:58698]' for 'GET' to 'http://localhost:58698/session/e75cad45-20a5-4a0e-a72b-272734a5d4c9/element/3af6a7db-8933-4cbe-aaee-531e658227a0/name'
19:41:30.573 [Forwarding getElementTagName on session e75cad45-20a5-4a0e-a72b-272734a5d4c9 to remote] DEBUG org.asynchttpclient.netty.request.NettyRequestSender - Using open Channel [id: 0xfbcecee9, L:/127.0.0.1:58936 - R:localhost/127.0.0.1:58698] for GET '/session/e75cad45-20a5-4a0e-a72b-272734a5d4c9/element/3af6a7db-8933-4cbe-aaee-531e658227a0/name'
19:41:30.584 [AsyncHttpClient-1-12] DEBUG org.asynchttpclient.netty.handler.HttpHandler - 

Request DefaultFullHttpRequest(decodeResult: success, version: HTTP/1.1, content: EmptyByteBufBE)
GET /session/e75cad45-20a5-4a0e-a72b-272734a5d4c9/element/3af6a7db-8933-4cbe-aaee-531e658227a0/name HTTP/1.1
User-Agent: selenium/4.1.2 (java windows)
Cache-Control: no-cache
Content-Type: application/json; charset=utf-8
host: localhost:58698
accept: */*

Response DefaultHttpResponse(decodeResult: success, version: HTTP/1.1)
HTTP/1.1 200 OK
content-type: application/json; charset=utf-8
cache-control: no-cache
date: Sun, 09 Apr 2023 12:41:30 GMT
content-length: 16

19:41:30.584 [AsyncHttpClient-1-12] DEBUG org.asynchttpclient.netty.channel.ChannelManager - Adding key: http://localhost:58698 for channel [id: 0xfbcecee9, L:/127.0.0.1:58936 - R:localhost/127.0.0.1:58698]
19:41:30.586 [Forwarding findElement on session e75cad45-20a5-4a0e-a72b-272734a5d4c9 to remote] DEBUG org.asynchttpclient.netty.request.NettyRequestSender - Using pooled Channel '[id: 0xfbcecee9, L:/127.0.0.1:58936 - R:localhost/127.0.0.1:58698]' for 'POST' to 'http://localhost:58698/session/e75cad45-20a5-4a0e-a72b-272734a5d4c9/element'
19:41:30.586 [Forwarding findElement on session e75cad45-20a5-4a0e-a72b-272734a5d4c9 to remote] DEBUG org.asynchttpclient.netty.request.NettyRequestSender - Using open Channel [id: 0xfbcecee9, L:/127.0.0.1:58936 - R:localhost/127.0.0.1:58698] for POST '/session/e75cad45-20a5-4a0e-a72b-272734a5d4c9/element'
19:41:30.650 [AsyncHttpClient-1-12] DEBUG org.asynchttpclient.netty.handler.HttpHandler - 

Request DefaultHttpRequest(decodeResult: success, version: HTTP/1.1)
POST /session/e75cad45-20a5-4a0e-a72b-272734a5d4c9/element HTTP/1.1
User-Agent: selenium/4.1.2 (java windows)
Content-Length: 117
Content-Type: application/json; charset=utf-8
host: localhost:58698
accept: */*

Response DefaultHttpResponse(decodeResult: success, version: HTTP/1.1)
HTTP/1.1 200 OK
content-type: application/json; charset=utf-8
cache-control: no-cache
date: Sun, 09 Apr 2023 12:41:30 GMT
content-length: 88

19:41:30.650 [AsyncHttpClient-1-12] DEBUG org.asynchttpclient.netty.channel.ChannelManager - Adding key: http://localhost:58698 for channel [id: 0xfbcecee9, L:/127.0.0.1:58936 - R:localhost/127.0.0.1:58698]
19:41:30.651 [Forwarding clickElement on session e75cad45-20a5-4a0e-a72b-272734a5d4c9 to remote] DEBUG org.asynchttpclient.netty.request.NettyRequestSender - Using pooled Channel '[id: 0xfbcecee9, L:/127.0.0.1:58936 - R:localhost/127.0.0.1:58698]' for 'POST' to 'http://localhost:58698/session/e75cad45-20a5-4a0e-a72b-272734a5d4c9/element/3af6a7db-8933-4cbe-aaee-531e658227a0/click'
19:41:30.651 [Forwarding clickElement on session e75cad45-20a5-4a0e-a72b-272734a5d4c9 to remote] DEBUG org.asynchttpclient.netty.request.NettyRequestSender - Using open Channel [id: 0xfbcecee9, L:/127.0.0.1:58936 - R:localhost/127.0.0.1:58698] for POST '/session/e75cad45-20a5-4a0e-a72b-272734a5d4c9/element/3af6a7db-8933-4cbe-aaee-531e658227a0/click'
19:41:31.071 [AsyncHttpClient-1-12] DEBUG org.asynchttpclient.netty.handler.HttpHandler - 

Request DefaultHttpRequest(decodeResult: success, version: HTTP/1.1)
POST /session/e75cad45-20a5-4a0e-a72b-272734a5d4c9/element/3af6a7db-8933-4cbe-aaee-531e658227a0/click HTTP/1.1
User-Agent: selenium/4.1.2 (java windows)
Content-Length: 50
Content-Type: application/json; charset=utf-8
host: localhost:58698
accept: */*

Response DefaultHttpResponse(decodeResult: success, version: HTTP/1.1)
HTTP/1.1 200 OK
content-type: application/json; charset=utf-8
cache-control: no-cache
date: Sun, 09 Apr 2023 12:41:30 GMT
content-length: 14

19:41:31.071 [AsyncHttpClient-1-12] DEBUG org.asynchttpclient.netty.channel.ChannelManager - Adding key: http://localhost:58698 for channel [id: 0xfbcecee9, L:/127.0.0.1:58936 - R:localhost/127.0.0.1:58698]
  &amp#27;[32mWhen &amp#27;[0m&amp#27;[32mI will go to &amp#27;[0m&amp#27;[32m&amp#27;[1m"UT2"&amp#27;[0m         &amp#27;[90m# starter.stepdefinitions.BabyStep.iWillGoTo(java.lang.String)&amp#27;[0m
19:41:31.079 [Forwarding screenshot on session e75cad45-20a5-4a0e-a72b-272734a5d4c9 to remote] DEBUG org.asynchttpclient.netty.request.NettyRequestSender - Using pooled Channel '[id: 0xfbcecee9, L:/127.0.0.1:58936 - R:localhost/127.0.0.1:58698]' for 'GET' to 'http://localhost:58698/session/e75cad45-20a5-4a0e-a72b-272734a5d4c9/screenshot'
19:41:31.079 [Forwarding screenshot on session e75cad45-20a5-4a0e-a72b-272734a5d4c9 to remote] DEBUG org.asynchttpclient.netty.request.NettyRequestSender - Using open Channel [id: 0xfbcecee9, L:/127.0.0.1:58936 - R:localhost/127.0.0.1:58698] for GET '/session/e75cad45-20a5-4a0e-a72b-272734a5d4c9/screenshot'
19:41:31.261 [AsyncHttpClient-1-12] DEBUG org.asynchttpclient.netty.handler.HttpHandler - 

Request DefaultFullHttpRequest(decodeResult: success, version: HTTP/1.1, content: EmptyByteBufBE)
GET /session/e75cad45-20a5-4a0e-a72b-272734a5d4c9/screenshot HTTP/1.1
User-Agent: selenium/4.1.2 (java windows)
Cache-Control: no-cache
Content-Type: application/json; charset=utf-8
host: localhost:58698
accept: */*

Response DefaultHttpResponse(decodeResult: success, version: HTTP/1.1)
HTTP/1.1 200 OK
content-type: application/json; charset=utf-8
cache-control: no-cache
date: Sun, 09 Apr 2023 12:41:30 GMT
content-length: 201308

19:41:31.262 [AsyncHttpClient-1-12] DEBUG org.asynchttpclient.netty.channel.ChannelManager - Adding key: http://localhost:58698 for channel [id: 0xfbcecee9, L:/127.0.0.1:58936 - R:localhost/127.0.0.1:58698]
19:41:31.268 [main] DEBUG net.serenitybdd.core.photography.Darkroom - Send negative for processing for target\site\serenity\d500f4e2da73e63c0824ce4b7c2b0061a5f89edd429b436f51c7592b6dab0f0f.png
19:41:31.269 [Darkroom Processing Line] DEBUG net.serenitybdd.core.photography.DarkroomProcessingLine - Processing screenshot image in /var/screenshots/screenshot-18387088444299760935
19:41:31.269 [Darkroom Processing Line] DEBUG net.serenitybdd.core.photography.DarkroomProcessingLine - Saving screenshot to target\site\serenity\d500f4e2da73e63c0824ce4b7c2b0061a5f89edd429b436f51c7592b6dab0f0f.png
19:41:31.278 [Forwarding findElement on session e75cad45-20a5-4a0e-a72b-272734a5d4c9 to remote] DEBUG org.asynchttpclient.netty.request.NettyRequestSender - Using pooled Channel '[id: 0xfbcecee9, L:/127.0.0.1:58936 - R:localhost/127.0.0.1:58698]' for 'POST' to 'http://localhost:58698/session/e75cad45-20a5-4a0e-a72b-272734a5d4c9/element'
19:41:31.279 [Forwarding findElement on session e75cad45-20a5-4a0e-a72b-272734a5d4c9 to remote] DEBUG org.asynchttpclient.netty.request.NettyRequestSender - Using open Channel [id: 0xfbcecee9, L:/127.0.0.1:58936 - R:localhost/127.0.0.1:58698] for POST '/session/e75cad45-20a5-4a0e-a72b-272734a5d4c9/element'
19:41:31.289 [AsyncHttpClient-1-12] DEBUG org.asynchttpclient.netty.handler.HttpHandler - 

Request DefaultHttpRequest(decodeResult: success, version: HTTP/1.1)
POST /session/e75cad45-20a5-4a0e-a72b-272734a5d4c9/element HTTP/1.1
User-Agent: selenium/4.1.2 (java windows)
Content-Length: 102
Content-Type: application/json; charset=utf-8
host: localhost:58698
accept: */*

Response DefaultHttpResponse(decodeResult: success, version: HTTP/1.1)
HTTP/1.1 200 OK
content-type: application/json; charset=utf-8
cache-control: no-cache
date: Sun, 09 Apr 2023 12:41:30 GMT
content-length: 88

19:41:31.289 [AsyncHttpClient-1-12] DEBUG org.asynchttpclient.netty.channel.ChannelManager - Adding key: http://localhost:58698 for channel [id: 0xfbcecee9, L:/127.0.0.1:58936 - R:localhost/127.0.0.1:58698]
19:41:31.292 [Forwarding isElementDisplayed on session e75cad45-20a5-4a0e-a72b-272734a5d4c9 to remote] DEBUG org.asynchttpclient.netty.request.NettyRequestSender - Using pooled Channel '[id: 0xfbcecee9, L:/127.0.0.1:58936 - R:localhost/127.0.0.1:58698]' for 'POST' to 'http://localhost:58698/session/e75cad45-20a5-4a0e-a72b-272734a5d4c9/execute/sync'
19:41:31.292 [Forwarding isElementDisplayed on session e75cad45-20a5-4a0e-a72b-272734a5d4c9 to remote] DEBUG org.asynchttpclient.netty.request.NettyRequestSender - Using open Channel [id: 0xfbcecee9, L:/127.0.0.1:58936 - R:localhost/127.0.0.1:58698] for POST '/session/e75cad45-20a5-4a0e-a72b-272734a5d4c9/execute/sync'
19:41:31.312 [AsyncHttpClient-1-12] DEBUG org.asynchttpclient.netty.handler.HttpHandler - 

Request DefaultHttpRequest(decodeResult: success, version: HTTP/1.1)
POST /session/e75cad45-20a5-4a0e-a72b-272734a5d4c9/execute/sync HTTP/1.1
User-Agent: selenium/4.1.2 (java windows)
Content-Length: 48780
Content-Type: application/json; charset=utf-8
host: localhost:58698
accept: */*

Response DefaultHttpResponse(decodeResult: success, version: HTTP/1.1)
HTTP/1.1 200 OK
content-type: application/json; charset=utf-8
cache-control: no-cache
date: Sun, 09 Apr 2023 12:41:30 GMT
content-length: 14

19:41:31.313 [AsyncHttpClient-1-12] DEBUG org.asynchttpclient.netty.channel.ChannelManager - Adding key: http://localhost:58698 for channel [id: 0xfbcecee9, L:/127.0.0.1:58936 - R:localhost/127.0.0.1:58698]
  &amp#27;[32mAnd &amp#27;[0m&amp#27;[32mI &amp#27;[0m&amp#27;[32m&amp#27;[1m"txtUT2"&amp#27;[0m&amp#27;[32m page&amp#27;[0m             &amp#27;[90m# starter.stepdefinitions.BabyStep.iPage(java.lang.String)&amp#27;[0m
19:41:31.320 [Forwarding screenshot on session e75cad45-20a5-4a0e-a72b-272734a5d4c9 to remote] DEBUG org.asynchttpclient.netty.request.NettyRequestSender - Using pooled Channel '[id: 0xfbcecee9, L:/127.0.0.1:58936 - R:localhost/127.0.0.1:58698]' for 'GET' to 'http://localhost:58698/session/e75cad45-20a5-4a0e-a72b-272734a5d4c9/screenshot'
19:41:31.320 [Forwarding screenshot on session e75cad45-20a5-4a0e-a72b-272734a5d4c9 to remote] DEBUG org.asynchttpclient.netty.request.NettyRequestSender - Using open Channel [id: 0xfbcecee9, L:/127.0.0.1:58936 - R:localhost/127.0.0.1:58698] for GET '/session/e75cad45-20a5-4a0e-a72b-272734a5d4c9/screenshot'
19:41:31.373 [AsyncHttpClient-1-12] DEBUG org.asynchttpclient.netty.handler.HttpHandler - 

Request DefaultFullHttpRequest(decodeResult: success, version: HTTP/1.1, content: EmptyByteBufBE)
GET /session/e75cad45-20a5-4a0e-a72b-272734a5d4c9/screenshot HTTP/1.1
User-Agent: selenium/4.1.2 (java windows)
Cache-Control: no-cache
Content-Type: application/json; charset=utf-8
host: localhost:58698
accept: */*

Response DefaultHttpResponse(decodeResult: success, version: HTTP/1.1)
HTTP/1.1 200 OK
content-type: application/json; charset=utf-8
cache-control: no-cache
date: Sun, 09 Apr 2023 12:41:31 GMT
content-length: 201308

19:41:31.373 [AsyncHttpClient-1-12] DEBUG org.asynchttpclient.netty.channel.ChannelManager - Adding key: http://localhost:58698 for channel [id: 0xfbcecee9, L:/127.0.0.1:58936 - R:localhost/127.0.0.1:58698]
19:41:31.379 [main] DEBUG net.serenitybdd.core.photography.Darkroom - Send negative for processing for target\site\serenity\d500f4e2da73e63c0824ce4b7c2b0061a5f89edd429b436f51c7592b6dab0f0f.png
19:41:31.383 [Driver Command Executor] DEBUG org.asynchttpclient.netty.request.NettyRequestSender - Using pooled Channel '[id: 0xfbcecee9, L:/127.0.0.1:58936 - R:localhost/127.0.0.1:58698]' for 'DELETE' to 'http://localhost:58698/session/e75cad45-20a5-4a0e-a72b-272734a5d4c9'
19:41:31.383 [Driver Command Executor] DEBUG org.asynchttpclient.netty.request.NettyRequestSender - Using open Channel [id: 0xfbcecee9, L:/127.0.0.1:58936 - R:localhost/127.0.0.1:58698] for DELETE '/session/e75cad45-20a5-4a0e-a72b-272734a5d4c9'
19:41:32.781 [AsyncHttpClient-1-12] DEBUG org.asynchttpclient.netty.handler.HttpHandler - 

Request DefaultFullHttpRequest(decodeResult: success, version: HTTP/1.1, content: EmptyByteBufBE)
DELETE /session/e75cad45-20a5-4a0e-a72b-272734a5d4c9 HTTP/1.1
User-Agent: selenium/4.1.2 (java windows)
Content-Type: application/json; charset=utf-8
host: localhost:58698
accept: */*

Response DefaultHttpResponse(decodeResult: success, version: HTTP/1.1)
HTTP/1.1 200 OK
content-type: application/json; charset=utf-8
cache-control: no-cache
date: Sun, 09 Apr 2023 12:41:31 GMT
content-length: 14

19:41:32.781 [AsyncHttpClient-1-12] DEBUG org.asynchttpclient.netty.channel.ChannelManager - Adding key: http://localhost:58698 for channel [id: 0xfbcecee9, L:/127.0.0.1:58936 - R:localhost/127.0.0.1:58698]
19:41:32.783 [AsyncHttpClient-1-12] DEBUG org.asynchttpclient.netty.handler.HttpHandler - Unexpected I/O exception on channel [id: 0xfbcecee9, L:/127.0.0.1:58936 - R:localhost/127.0.0.1:58698]
java.net.SocketException: Connection reset
	at java.base/sun.nio.ch.SocketChannelImpl.throwConnectionReset(SocketChannelImpl.java:345)
	at java.base/sun.nio.ch.SocketChannelImpl.read(SocketChannelImpl.java:376)
	at io.netty.buffer.PooledByteBuf.setBytes(PooledByteBuf.java:258)
	at io.netty.buffer.AbstractByteBuf.writeBytes(AbstractByteBuf.java:1132)
	at io.netty.channel.socket.nio.NioSocketChannel.doReadBytes(NioSocketChannel.java:350)
	at io.netty.channel.nio.AbstractNioByteChannel$NioByteUnsafe.read(AbstractNioByteChannel.java:151)
	at io.netty.channel.nio.NioEventLoop.processSelectedKey(NioEventLoop.java:722)
	at io.netty.channel.nio.NioEventLoop.processSelectedKeysOptimized(NioEventLoop.java:658)
	at io.netty.channel.nio.NioEventLoop.processSelectedKeys(NioEventLoop.java:584)
	at io.netty.channel.nio.NioEventLoop.run(NioEventLoop.java:496)
	at io.netty.util.concurrent.SingleThreadEventExecutor$4.run(SingleThreadEventExecutor.java:986)
	at io.netty.util.internal.ThreadExecutorMap$2.run(ThreadExecutorMap.java:74)
	at io.netty.util.concurrent.FastThreadLocalRunnable.run(FastThreadLocalRunnable.java:30)
	at java.base/java.lang.Thread.run(Thread.java:830)
19:41:32.783 [AsyncHttpClient-1-12] DEBUG org.asynchttpclient.netty.channel.ChannelManager - Closing Channel [id: 0xfbcecee9, L:/127.0.0.1:58936 - R:localhost/127.0.0.1:58698] 
19:41:32.784 [AsyncHttpClient-1-12] DEBUG org.asynchttpclient.netty.handler.HttpHandler - Channel Closed: [id: 0xfbcecee9, L:/127.0.0.1:58936 ! R:localhost/127.0.0.1:58698] with attribute DISCARD
19:41:32.827 [AsyncHttpClient-1-1] DEBUG org.asynchttpclient.netty.channel.DefaultChannelPool - Entry count for : http://localhost:58698 : 1
19:41:32.827 [AsyncHttpClient-1-1] DEBUG org.asynchttpclient.netty.channel.DefaultChannelPool - Adding Candidate expired Channel [id: 0xfbcecee9, L:/127.0.0.1:58936 ! R:localhost/127.0.0.1:58698] isIdleTimeoutExpired=false isRemotelyClosed=true isTtlExpired=false
19:41:32.827 [AsyncHttpClient-1-1] DEBUG org.asynchttpclient.netty.channel.DefaultChannelPool - Closing Idle Channel [id: 0xfbcecee9, L:/127.0.0.1:58936 ! R:localhost/127.0.0.1:58698]
19:41:32.827 [AsyncHttpClient-1-1] DEBUG org.asynchttpclient.netty.channel.DefaultChannelPool - Closed 1 connections out of 1 in 0 ms
]]></system-out>
    <system-err><![CDATA[1681044083960	geckodriver	INFO	Listening on 127.0.0.1:58698
1681044084452	mozrunner::runner	INFO	Running command: "C:\\Program Files\\Mozilla Firefox\\firefox.exe" "--marionette" "" "--remote-debugging-port" "55976" "--remote-allow-hosts" "localhost" "-no-remote" "-profile" "C:\\Users\\alwi\\AppData\\Local\\Temp\\rust_mozprofilet1P51y"
console.warn: services.settings: Ignoring preference override of remote settings server
console.warn: services.settings: Allow by setting MOZ_REMOTE_SETTINGS_DEVTOOLS=1 in the environment
1681044084804	Marionette	INFO	Marionette enabled
Dynamically enable window occlusion 0
1681044084809	Marionette	INFO	Listening on port 58940
WebDriver BiDi listening on ws://127.0.0.1:55976
Read port: 58940
1681044085046	RemoteAgent	WARN	TLS certificate errors will be ignored for this session
console.warn: SearchSettings: "get: No settings file exists, new profile?" (new NotFoundError("Could not open the file at C:\\Users\\alwi\\AppData\\Local\\Temp\\rust_mozprofilet1P51y\\search.json.mozlz4", (void 0)))
DevTools listening on ws://127.0.0.1:55976/devtools/browser/37550e15-86e3-4a49-a2d1-5c1a0bee2053
Apr 09, 2023 7:41:26 PM org.openqa.selenium.remote.ProtocolHandshake createSession
INFO: Detected dialect: W3C
JavaScript warning: https://www.uniqlo.com/oQfZRN8zACRR/OQ/-x_RMR-EGX/k95OLrhJQ5/OXl6GHI5AQ/PnUdVS/RrZQs, line 1: unreachable code after return statement
JavaScript warning: https://www.uniqlo.com/id/elgnisolqinu.js?async&seed=AECl_mWHAQAAhXleUcVgnU2eEowETsYZDsExG9MVfyypS8j2a8yO2N_NY-zV&x-i1ysm4mm--z=q, line 1: WEBGL_debug_renderer_info is deprecated in Firefox and will be removed. Please use RENDERER.
JavaScript warning: https://www.uniqlo.com/oQfZRN8zACRR/OQ/-x_RMR-EGX/k95OLrhJQ5/OXl6GHI5AQ/PnUdVS/RrZQs, line 1: WEBGL_debug_renderer_info is deprecated in Firefox and will be removed. Please use RENDERER.
1681044091384	Marionette	INFO	Stopped listening on port 58940
Dynamically enable window occlusion 1
WARNING: A blocker encountered an error while we were waiting.
          Blocker:  Waiting for ping task
          Phase: TelemetryController: Waiting for pending ping activity
          State: (none)
WARNING: Error: Phase "profile-before-change" is finished, it is too late to register completion condition "OS.File: flush I/O queued before profileBeforeChange"
WARNING: addBlocker@resource://gre/modules/AsyncShutdown.sys.mjs:727:15
addBlocker@resource://gre/modules/AsyncShutdown.sys.mjs:523:26
addBlocker@resource://gre/modules/AsyncShutdown.sys.mjs:458:15
setupShutdown@resource://gre/modules/osfile/osfile_async_front.jsm:1548:28
@resource://gre/modules/osfile/osfile_async_front.jsm:1568:16
@resource://gre/modules/osfile.jsm:12:30
@resource://gre/modules/TelemetryStorage.sys.mjs:10:28
_checkPendingPings@resource://gre/modules/TelemetrySend.sys.mjs:863:17
setup@resource://gre/modules/TelemetrySend.sys.mjs:803:18
setup@resource://gre/modules/TelemetrySend.sys.mjs:241:30
setupTelemetry/this._delayedInitTask<@resource://gre/modules/TelemetryControllerParent.sys.mjs:828:36
observe@resource://gre/modules/AsyncShutdown.sys.mjs:576:16

console.error: "TelemetryScheduler.shutdown - Already shut down"
WARNING: A blocker encountered an error while we were waiting.
          Blocker:  Waiting for ping task
          Phase: TelemetryController: Waiting for pending ping activity
          State: (none)
WARNING: Error: Phase "profile-before-change" is finished, it is too late to register completion condition "OS.File: flush I/O queued before profileBeforeChange"
WARNING: addBlocker@resource://gre/modules/AsyncShutdown.sys.mjs:727:15
addBlocker@resource://gre/modules/AsyncShutdown.sys.mjs:523:26
addBlocker@resource://gre/modules/AsyncShutdown.sys.mjs:458:15
setupShutdown@resource://gre/modules/osfile/osfile_async_front.jsm:1548:28
@resource://gre/modules/osfile/osfile_async_front.jsm:1568:16
@resource://gre/modules/osfile.jsm:12:30
@resource://gre/modules/TelemetryStorage.sys.mjs:10:28
_checkPendingPings@resource://gre/modules/TelemetrySend.sys.mjs:863:17
setup@resource://gre/modules/TelemetrySend.sys.mjs:803:18
setup@resource://gre/modules/TelemetrySend.sys.mjs:241:30
setupTelemetry/this._delayedInitTask<@resource://gre/modules/TelemetryControllerParent.sys.mjs:828:36
observe@resource://gre/modules/AsyncShutdown.sys.mjs:576:16

WARNING: A blocker encountered an error while we were waiting.
          Blocker:  Waiting for ping task
          Phase: TelemetryController: Waiting for pending ping activity
          State: (none)
WARNING: Error: Phase "profile-before-change" is finished, it is too late to register completion condition "OS.File: flush I/O queued before profileBeforeChange"
WARNING: addBlocker@resource://gre/modules/AsyncShutdown.sys.mjs:727:15
addBlocker@resource://gre/modules/AsyncShutdown.sys.mjs:523:26
addBlocker@resource://gre/modules/AsyncShutdown.sys.mjs:458:15
setupShutdown@resource://gre/modules/osfile/osfile_async_front.jsm:1548:28
@resource://gre/modules/osfile/osfile_async_front.jsm:1568:16
@resource://gre/modules/osfile.jsm:12:30
@resource://gre/modules/TelemetryStorage.sys.mjs:10:28
_checkPendingPings@resource://gre/modules/TelemetrySend.sys.mjs:863:17
setup@resource://gre/modules/TelemetrySend.sys.mjs:803:18
setup@resource://gre/modules/TelemetrySend.sys.mjs:241:30
setupTelemetry/this._delayedInitTask<@resource://gre/modules/TelemetryControllerParent.sys.mjs:828:36
observe@resource://gre/modules/AsyncShutdown.sys.mjs:576:16

WARNING: A blocker encountered an error while we were waiting.
          Blocker:  TelemetryController: shutting down
          Phase: profile-before-change-telemetry
          State: Error getting state: Error: Phase "profile-before-change" is finished, it is too late to register completion condition "OS.File: flush I/O queued before profileBeforeChange" at addBlocker@resource://gre/modules/AsyncShutdown.sys.mjs:727:15
addBlocker@resource://gre/modules/AsyncShutdown.sys.mjs:523:26
addBlocker@resource://gre/modules/AsyncShutdown.sys.mjs:458:15
setupShutdown@resource://gre/modules/osfile/osfile_async_front.jsm:1548:28
@resource://gre/modules/osfile/osfile_async_front.jsm:1568:16
@resource://gre/modules/osfile.jsm:12:30
@resource://gre/modules/TelemetryStorage.sys.mjs:10:28
_checkPendingPings@resource://gre/modules/TelemetrySend.sys.mjs:863:17
setup@resource://gre/modules/TelemetrySend.sys.mjs:803:18
setup@resource://gre/modules/TelemetrySend.sys.mjs:241:30
setupTelemetry/this._delayedInitTask<@resource://gre/modules/TelemetryControllerParent.sys.mjs:828:36
observe@resource://gre/modules/AsyncShutdown.sys.mjs:576:16

WARNING: Error: Phase "profile-before-change" is finished, it is too late to register completion condition "OS.File: flush I/O queued before profileBeforeChange"
WARNING: addBlocker@resource://gre/modules/AsyncShutdown.sys.mjs:727:15
addBlocker@resource://gre/modules/AsyncShutdown.sys.mjs:523:26
addBlocker@resource://gre/modules/AsyncShutdown.sys.mjs:458:15
setupShutdown@resource://gre/modules/osfile/osfile_async_front.jsm:1548:28
@resource://gre/modules/osfile/osfile_async_front.jsm:1568:16
@resource://gre/modules/osfile.jsm:12:30
@resource://gre/modules/TelemetryStorage.sys.mjs:10:28
_checkPendingPings@resource://gre/modules/TelemetrySend.sys.mjs:863:17
setup@resource://gre/modules/TelemetrySend.sys.mjs:803:18
setup@resource://gre/modules/TelemetrySend.sys.mjs:241:30
setupTelemetry/this._delayedInitTask<@resource://gre/modules/TelemetryControllerParent.sys.mjs:828:36
observe@resource://gre/modules/AsyncShutdown.sys.mjs:576:16

JavaScript error: resource://gre/modules/AsyncShutdown.sys.mjs, line 727: Error: Phase "profile-before-change" is finished, it is too late to register completion condition "OS.File: flush I/O queued before profileBeforeChange"
JavaScript error: resource://gre/modules/AsyncShutdown.sys.mjs, line 727: Error: Phase "profile-before-change" is finished, it is too late to register completion condition "OS.File: flush I/O queued before profileBeforeChange"
JavaScript error: resource://gre/modules/AsyncShutdown.sys.mjs, line 727: Error: Phase "profile-before-change" is finished, it is too late to register completion condition "OS.File: flush I/O queued before profileBeforeChange"
JavaScript error: resource://gre/modules/AsyncShutdown.sys.mjs, line 727: Error: Phase "profile-before-change" is finished, it is too late to register completion condition "OS.File: flush I/O queued before profileBeforeChange"
JavaScript error: resource://gre/modules/AsyncShutdown.sys.mjs, line 727: Error: Phase "profile-before-change" is finished, it is too late to register completion condition "OS.File: flush I/O queued before profileBeforeChange"
JavaScript error: resource://gre/modules/AsyncShutdown.sys.mjs, line 727: Error: Phase "profile-before-change" is finished, it is too late to register completion condition "OS.File: flush I/O queued before profileBeforeChange"
]]></system-err>
  </testcase>
  <testcase name="Fitur Menu Baby #22" classname="Baby" time="8.433">
    <system-out><![CDATA[
@baby
Scenario Outline: Fitur Menu Baby &amp#27;[90m# src/test/resources/features/Baby.feature:34&amp#27;[0m
19:41:32.848 [main] INFO io.cucumber.core.plugin.SerenityReporter - Running feature from file:///C:/Users/alwi/IdeaProjects/uniqloweb/src/test/resources/features/Baby.feature
19:41:32.859 [main] INFO net.serenitybdd.core.webdriver.driverproviders.FirefoxDriverProvider - Using automatically driver download
19:41:32.969 [main] DEBUG io.github.bonigarcia.wdm.cache.ResolutionCache - Resolution firefox=111 in cache (valid until 20:30:50 09/04/2023 WIB)
19:41:32.972 [main] DEBUG io.github.bonigarcia.wdm.cache.ResolutionCache - Resolution firefox111=0.32.2 in cache (valid until 19:30:50 10/04/2023 WIB)
19:41:32.974 [main] INFO io.github.bonigarcia.wdm.WebDriverManager - Using geckodriver 0.32.2 (resolved driver for Firefox 111)
19:41:32.985 [main] DEBUG io.github.bonigarcia.wdm.WebDriverManager - Driver geckodriver 0.32.2 found in cache
19:41:32.985 [main] INFO io.github.bonigarcia.wdm.WebDriverManager - Exporting webdriver.gecko.driver as C:\Users\alwi\.cache\selenium\geckodriver\win64\0.32.2\geckodriver.exe
19:41:32.996 [main] DEBUG net.serenitybdd.core.webdriver.driverproviders.ProvideNewDriver - Instantiating driver
19:41:32.996 [main] DEBUG net.serenitybdd.core.webdriver.driverproviders.ProvideNewDriver - Driver capabilities: Capabilities {acceptInsecureCerts: true, browserName: firefox, moz:debuggerAddress: true, moz:firefoxOptions: {args: [], profile: UEsDBBQACAgIADCdiVYAAAAAAAA...}}
19:41:33.523 [AsyncHttpClient-1-14] DEBUG org.asynchttpclient.netty.channel.NettyConnectListener - Using new Channel '[id: 0x466acce0, L:/127.0.0.1:59035 - R:localhost/127.0.0.1:52561]' for 'POST' to '/session'
19:41:35.826 [AsyncHttpClient-1-14] DEBUG org.asynchttpclient.netty.handler.HttpHandler - 

Request DefaultHttpRequest(decodeResult: success, version: HTTP/1.1)
POST /session HTTP/1.1
User-Agent: selenium/4.1.2 (java windows)
Content-Length: 3673
Content-Type: application/json; charset=utf-8
host: localhost:52561
accept: */*

Response DefaultHttpResponse(decodeResult: success, version: HTTP/1.1)
HTTP/1.1 200 OK
content-type: application/json; charset=utf-8
cache-control: no-cache
date: Sun, 09 Apr 2023 12:41:33 GMT
content-length: 789

19:41:35.826 [AsyncHttpClient-1-14] DEBUG org.asynchttpclient.netty.channel.ChannelManager - Adding key: http://localhost:52561 for channel [id: 0x466acce0, L:/127.0.0.1:59035 - R:localhost/127.0.0.1:52561]
19:41:35.832 [AsyncHttpClient-1-15] DEBUG org.asynchttpclient.netty.channel.NettyConnectListener - Using new Channel '[id: 0x6f241a81, L:/127.0.0.1:59050 - R:/127.0.0.1:64636]' for 'GET' to '/json/version'
19:41:35.834 [AsyncHttpClient-1-15] DEBUG org.asynchttpclient.netty.handler.HttpHandler - 

Request DefaultFullHttpRequest(decodeResult: success, version: HTTP/1.1, content: EmptyByteBufBE)
GET /json/version HTTP/1.1
User-Agent: selenium/4.1.2 (java windows)
host: 127.0.0.1:64636
accept: */*

Response DefaultHttpResponse(decodeResult: success, version: HTTP/1.1)
HTTP/1.1 200 OK
content-type: application/json
connection: close
server: httpd.js
date: Sun, 09 Apr 2023 12:41:35 GMT
content-length: 311

19:41:35.835 [AsyncHttpClient-1-15] DEBUG org.asynchttpclient.netty.channel.ChannelManager - Closing Channel [id: 0x6f241a81, L:/127.0.0.1:59050 - R:/127.0.0.1:64636] 
19:41:35.835 [AsyncHttpClient-1-15] DEBUG org.asynchttpclient.netty.handler.HttpHandler - Channel Closed: [id: 0x6f241a81, L:/127.0.0.1:59050 ! R:/127.0.0.1:64636] with attribute DISCARD
19:41:35.837 [Forwarding get on session 8dcef8c0-4b77-495a-8fdb-f931d8c1d85a to remote] DEBUG org.asynchttpclient.netty.request.NettyRequestSender - Using pooled Channel '[id: 0x466acce0, L:/127.0.0.1:59035 - R:localhost/127.0.0.1:52561]' for 'POST' to 'http://localhost:52561/session/8dcef8c0-4b77-495a-8fdb-f931d8c1d85a/url'
19:41:35.837 [Forwarding get on session 8dcef8c0-4b77-495a-8fdb-f931d8c1d85a to remote] DEBUG org.asynchttpclient.netty.request.NettyRequestSender - Using open Channel [id: 0x466acce0, L:/127.0.0.1:59035 - R:localhost/127.0.0.1:52561] for POST '/session/8dcef8c0-4b77-495a-8fdb-f931d8c1d85a/url'
19:41:37.642 [AsyncHttpClient-1-14] DEBUG org.asynchttpclient.netty.handler.HttpHandler - 

Request DefaultHttpRequest(decodeResult: success, version: HTTP/1.1)
POST /session/8dcef8c0-4b77-495a-8fdb-f931d8c1d85a/url HTTP/1.1
User-Agent: selenium/4.1.2 (java windows)
Content-Length: 53
Content-Type: application/json; charset=utf-8
host: localhost:52561
accept: */*

Response DefaultHttpResponse(decodeResult: success, version: HTTP/1.1)
HTTP/1.1 200 OK
content-type: application/json; charset=utf-8
cache-control: no-cache
date: Sun, 09 Apr 2023 12:41:35 GMT
content-length: 14

19:41:37.642 [AsyncHttpClient-1-14] DEBUG org.asynchttpclient.netty.channel.ChannelManager - Adding key: http://localhost:52561 for channel [id: 0x466acce0, L:/127.0.0.1:59035 - R:localhost/127.0.0.1:52561]
19:41:37.643 [Forwarding setTimeout on session 8dcef8c0-4b77-495a-8fdb-f931d8c1d85a to remote] DEBUG org.asynchttpclient.netty.request.NettyRequestSender - Using pooled Channel '[id: 0x466acce0, L:/127.0.0.1:59035 - R:localhost/127.0.0.1:52561]' for 'POST' to 'http://localhost:52561/session/8dcef8c0-4b77-495a-8fdb-f931d8c1d85a/timeouts'
19:41:37.643 [Forwarding setTimeout on session 8dcef8c0-4b77-495a-8fdb-f931d8c1d85a to remote] DEBUG org.asynchttpclient.netty.request.NettyRequestSender - Using open Channel [id: 0x466acce0, L:/127.0.0.1:59035 - R:localhost/127.0.0.1:52561] for POST '/session/8dcef8c0-4b77-495a-8fdb-f931d8c1d85a/timeouts'
19:41:37.649 [AsyncHttpClient-1-14] DEBUG org.asynchttpclient.netty.handler.HttpHandler - 

Request DefaultHttpRequest(decodeResult: success, version: HTTP/1.1)
POST /session/8dcef8c0-4b77-495a-8fdb-f931d8c1d85a/timeouts HTTP/1.1
User-Agent: selenium/4.1.2 (java windows)
Content-Length: 22
Content-Type: application/json; charset=utf-8
host: localhost:52561
accept: */*

Response DefaultHttpResponse(decodeResult: success, version: HTTP/1.1)
HTTP/1.1 200 OK
content-type: application/json; charset=utf-8
cache-control: no-cache
date: Sun, 09 Apr 2023 12:41:37 GMT
content-length: 14

19:41:37.649 [AsyncHttpClient-1-14] DEBUG org.asynchttpclient.netty.channel.ChannelManager - Adding key: http://localhost:52561 for channel [id: 0x466acce0, L:/127.0.0.1:59035 - R:localhost/127.0.0.1:52561]
19:41:37.652 [Forwarding getCurrentUrl on session 8dcef8c0-4b77-495a-8fdb-f931d8c1d85a to remote] DEBUG org.asynchttpclient.netty.request.NettyRequestSender - Using pooled Channel '[id: 0x466acce0, L:/127.0.0.1:59035 - R:localhost/127.0.0.1:52561]' for 'GET' to 'http://localhost:52561/session/8dcef8c0-4b77-495a-8fdb-f931d8c1d85a/url'
19:41:37.652 [Forwarding getCurrentUrl on session 8dcef8c0-4b77-495a-8fdb-f931d8c1d85a to remote] DEBUG org.asynchttpclient.netty.request.NettyRequestSender - Using open Channel [id: 0x466acce0, L:/127.0.0.1:59035 - R:localhost/127.0.0.1:52561] for GET '/session/8dcef8c0-4b77-495a-8fdb-f931d8c1d85a/url'
19:41:37.657 [AsyncHttpClient-1-14] DEBUG org.asynchttpclient.netty.handler.HttpHandler - 

Request DefaultFullHttpRequest(decodeResult: success, version: HTTP/1.1, content: EmptyByteBufBE)
GET /session/8dcef8c0-4b77-495a-8fdb-f931d8c1d85a/url HTTP/1.1
User-Agent: selenium/4.1.2 (java windows)
Cache-Control: no-cache
Content-Type: application/json; charset=utf-8
host: localhost:52561
accept: */*

Response DefaultHttpResponse(decodeResult: success, version: HTTP/1.1)
HTTP/1.1 200 OK
content-type: application/json; charset=utf-8
cache-control: no-cache
date: Sun, 09 Apr 2023 12:41:37 GMT
content-length: 41

19:41:37.658 [AsyncHttpClient-1-14] DEBUG org.asynchttpclient.netty.channel.ChannelManager - Adding key: http://localhost:52561 for channel [id: 0x466acce0, L:/127.0.0.1:59035 - R:localhost/127.0.0.1:52561]
  &amp#27;[32mGiven &amp#27;[0m&amp#27;[32mI am on the home page&amp#27;[0m     &amp#27;[90m# starter.stepdefinitions.BabyStep.iAmOnTheHomePage()&amp#27;[0m
19:41:37.662 [Forwarding screenshot on session 8dcef8c0-4b77-495a-8fdb-f931d8c1d85a to remote] DEBUG org.asynchttpclient.netty.request.NettyRequestSender - Using pooled Channel '[id: 0x466acce0, L:/127.0.0.1:59035 - R:localhost/127.0.0.1:52561]' for 'GET' to 'http://localhost:52561/session/8dcef8c0-4b77-495a-8fdb-f931d8c1d85a/screenshot'
19:41:37.662 [Forwarding screenshot on session 8dcef8c0-4b77-495a-8fdb-f931d8c1d85a to remote] DEBUG org.asynchttpclient.netty.request.NettyRequestSender - Using open Channel [id: 0x466acce0, L:/127.0.0.1:59035 - R:localhost/127.0.0.1:52561] for GET '/session/8dcef8c0-4b77-495a-8fdb-f931d8c1d85a/screenshot'
19:41:38.364 [AsyncHttpClient-1-14] DEBUG org.asynchttpclient.netty.handler.HttpHandler - 

Request DefaultFullHttpRequest(decodeResult: success, version: HTTP/1.1, content: EmptyByteBufBE)
GET /session/8dcef8c0-4b77-495a-8fdb-f931d8c1d85a/screenshot HTTP/1.1
User-Agent: selenium/4.1.2 (java windows)
Cache-Control: no-cache
Content-Type: application/json; charset=utf-8
host: localhost:52561
accept: */*

Response DefaultHttpResponse(decodeResult: success, version: HTTP/1.1)
HTTP/1.1 200 OK
content-type: application/json; charset=utf-8
cache-control: no-cache
date: Sun, 09 Apr 2023 12:41:37 GMT
content-length: 101768

19:41:38.364 [AsyncHttpClient-1-14] DEBUG org.asynchttpclient.netty.channel.ChannelManager - Adding key: http://localhost:52561 for channel [id: 0x466acce0, L:/127.0.0.1:59035 - R:localhost/127.0.0.1:52561]
19:41:38.371 [main] DEBUG net.serenitybdd.core.photography.Darkroom - Send negative for processing for target\site\serenity\fba42504a5c8d2ebb1eac08006293b5580d207e80f8883e90094102e35399500.png
19:41:38.384 [Forwarding findElement on session 8dcef8c0-4b77-495a-8fdb-f931d8c1d85a to remote] DEBUG org.asynchttpclient.netty.request.NettyRequestSender - Using pooled Channel '[id: 0x466acce0, L:/127.0.0.1:59035 - R:localhost/127.0.0.1:52561]' for 'POST' to 'http://localhost:52561/session/8dcef8c0-4b77-495a-8fdb-f931d8c1d85a/element'
19:41:38.384 [Forwarding findElement on session 8dcef8c0-4b77-495a-8fdb-f931d8c1d85a to remote] DEBUG org.asynchttpclient.netty.request.NettyRequestSender - Using open Channel [id: 0x466acce0, L:/127.0.0.1:59035 - R:localhost/127.0.0.1:52561] for POST '/session/8dcef8c0-4b77-495a-8fdb-f931d8c1d85a/element'
19:41:38.456 [AsyncHttpClient-1-14] DEBUG org.asynchttpclient.netty.handler.HttpHandler - 

Request DefaultHttpRequest(decodeResult: success, version: HTTP/1.1)
POST /session/8dcef8c0-4b77-495a-8fdb-f931d8c1d85a/element HTTP/1.1
User-Agent: selenium/4.1.2 (java windows)
Content-Length: 81
Content-Type: application/json; charset=utf-8
host: localhost:52561
accept: */*

Response DefaultHttpResponse(decodeResult: success, version: HTTP/1.1)
HTTP/1.1 200 OK
content-type: application/json; charset=utf-8
cache-control: no-cache
date: Sun, 09 Apr 2023 12:41:37 GMT
content-length: 88

19:41:38.457 [AsyncHttpClient-1-14] DEBUG org.asynchttpclient.netty.channel.ChannelManager - Adding key: http://localhost:52561 for channel [id: 0x466acce0, L:/127.0.0.1:59035 - R:localhost/127.0.0.1:52561]
19:41:38.458 [Forwarding getElementTagName on session 8dcef8c0-4b77-495a-8fdb-f931d8c1d85a to remote] DEBUG org.asynchttpclient.netty.request.NettyRequestSender - Using pooled Channel '[id: 0x466acce0, L:/127.0.0.1:59035 - R:localhost/127.0.0.1:52561]' for 'GET' to 'http://localhost:52561/session/8dcef8c0-4b77-495a-8fdb-f931d8c1d85a/element/5bd6f1cf-3e2e-404f-95fe-3b62f34de3bc/name'
19:41:38.458 [Forwarding getElementTagName on session 8dcef8c0-4b77-495a-8fdb-f931d8c1d85a to remote] DEBUG org.asynchttpclient.netty.request.NettyRequestSender - Using open Channel [id: 0x466acce0, L:/127.0.0.1:59035 - R:localhost/127.0.0.1:52561] for GET '/session/8dcef8c0-4b77-495a-8fdb-f931d8c1d85a/element/5bd6f1cf-3e2e-404f-95fe-3b62f34de3bc/name'
19:41:38.504 [AsyncHttpClient-1-14] DEBUG org.asynchttpclient.netty.handler.HttpHandler - 

Request DefaultFullHttpRequest(decodeResult: success, version: HTTP/1.1, content: EmptyByteBufBE)
GET /session/8dcef8c0-4b77-495a-8fdb-f931d8c1d85a/element/5bd6f1cf-3e2e-404f-95fe-3b62f34de3bc/name HTTP/1.1
User-Agent: selenium/4.1.2 (java windows)
Cache-Control: no-cache
Content-Type: application/json; charset=utf-8
host: localhost:52561
accept: */*

Response DefaultHttpResponse(decodeResult: success, version: HTTP/1.1)
HTTP/1.1 200 OK
content-type: application/json; charset=utf-8
cache-control: no-cache
date: Sun, 09 Apr 2023 12:41:37 GMT
content-length: 16

19:41:38.504 [AsyncHttpClient-1-14] DEBUG org.asynchttpclient.netty.channel.ChannelManager - Adding key: http://localhost:52561 for channel [id: 0x466acce0, L:/127.0.0.1:59035 - R:localhost/127.0.0.1:52561]
19:41:38.506 [Forwarding getElementTagName on session 8dcef8c0-4b77-495a-8fdb-f931d8c1d85a to remote] DEBUG org.asynchttpclient.netty.request.NettyRequestSender - Using pooled Channel '[id: 0x466acce0, L:/127.0.0.1:59035 - R:localhost/127.0.0.1:52561]' for 'GET' to 'http://localhost:52561/session/8dcef8c0-4b77-495a-8fdb-f931d8c1d85a/element/5bd6f1cf-3e2e-404f-95fe-3b62f34de3bc/name'
19:41:38.506 [Forwarding getElementTagName on session 8dcef8c0-4b77-495a-8fdb-f931d8c1d85a to remote] DEBUG org.asynchttpclient.netty.request.NettyRequestSender - Using open Channel [id: 0x466acce0, L:/127.0.0.1:59035 - R:localhost/127.0.0.1:52561] for GET '/session/8dcef8c0-4b77-495a-8fdb-f931d8c1d85a/element/5bd6f1cf-3e2e-404f-95fe-3b62f34de3bc/name'
19:41:38.513 [AsyncHttpClient-1-14] DEBUG org.asynchttpclient.netty.handler.HttpHandler - 

Request DefaultFullHttpRequest(decodeResult: success, version: HTTP/1.1, content: EmptyByteBufBE)
GET /session/8dcef8c0-4b77-495a-8fdb-f931d8c1d85a/element/5bd6f1cf-3e2e-404f-95fe-3b62f34de3bc/name HTTP/1.1
User-Agent: selenium/4.1.2 (java windows)
Cache-Control: no-cache
Content-Type: application/json; charset=utf-8
host: localhost:52561
accept: */*

Response DefaultHttpResponse(decodeResult: success, version: HTTP/1.1)
HTTP/1.1 200 OK
content-type: application/json; charset=utf-8
cache-control: no-cache
date: Sun, 09 Apr 2023 12:41:37 GMT
content-length: 16

19:41:38.513 [AsyncHttpClient-1-14] DEBUG org.asynchttpclient.netty.channel.ChannelManager - Adding key: http://localhost:52561 for channel [id: 0x466acce0, L:/127.0.0.1:59035 - R:localhost/127.0.0.1:52561]
19:41:38.515 [Forwarding findElement on session 8dcef8c0-4b77-495a-8fdb-f931d8c1d85a to remote] DEBUG org.asynchttpclient.netty.request.NettyRequestSender - Using pooled Channel '[id: 0x466acce0, L:/127.0.0.1:59035 - R:localhost/127.0.0.1:52561]' for 'POST' to 'http://localhost:52561/session/8dcef8c0-4b77-495a-8fdb-f931d8c1d85a/element'
19:41:38.515 [Forwarding findElement on session 8dcef8c0-4b77-495a-8fdb-f931d8c1d85a to remote] DEBUG org.asynchttpclient.netty.request.NettyRequestSender - Using open Channel [id: 0x466acce0, L:/127.0.0.1:59035 - R:localhost/127.0.0.1:52561] for POST '/session/8dcef8c0-4b77-495a-8fdb-f931d8c1d85a/element'
19:41:38.533 [AsyncHttpClient-1-14] DEBUG org.asynchttpclient.netty.handler.HttpHandler - 

Request DefaultHttpRequest(decodeResult: success, version: HTTP/1.1)
POST /session/8dcef8c0-4b77-495a-8fdb-f931d8c1d85a/element HTTP/1.1
User-Agent: selenium/4.1.2 (java windows)
Content-Length: 81
Content-Type: application/json; charset=utf-8
host: localhost:52561
accept: */*

Response DefaultHttpResponse(decodeResult: success, version: HTTP/1.1)
HTTP/1.1 200 OK
content-type: application/json; charset=utf-8
cache-control: no-cache
date: Sun, 09 Apr 2023 12:41:37 GMT
content-length: 88

19:41:38.533 [AsyncHttpClient-1-14] DEBUG org.asynchttpclient.netty.channel.ChannelManager - Adding key: http://localhost:52561 for channel [id: 0x466acce0, L:/127.0.0.1:59035 - R:localhost/127.0.0.1:52561]
19:41:38.534 [Forwarding clickElement on session 8dcef8c0-4b77-495a-8fdb-f931d8c1d85a to remote] DEBUG org.asynchttpclient.netty.request.NettyRequestSender - Using pooled Channel '[id: 0x466acce0, L:/127.0.0.1:59035 - R:localhost/127.0.0.1:52561]' for 'POST' to 'http://localhost:52561/session/8dcef8c0-4b77-495a-8fdb-f931d8c1d85a/element/5bd6f1cf-3e2e-404f-95fe-3b62f34de3bc/click'
19:41:38.534 [Forwarding clickElement on session 8dcef8c0-4b77-495a-8fdb-f931d8c1d85a to remote] DEBUG org.asynchttpclient.netty.request.NettyRequestSender - Using open Channel [id: 0x466acce0, L:/127.0.0.1:59035 - R:localhost/127.0.0.1:52561] for POST '/session/8dcef8c0-4b77-495a-8fdb-f931d8c1d85a/element/5bd6f1cf-3e2e-404f-95fe-3b62f34de3bc/click'
19:41:39.221 [AsyncHttpClient-1-14] DEBUG org.asynchttpclient.netty.handler.HttpHandler - 

Request DefaultHttpRequest(decodeResult: success, version: HTTP/1.1)
POST /session/8dcef8c0-4b77-495a-8fdb-f931d8c1d85a/element/5bd6f1cf-3e2e-404f-95fe-3b62f34de3bc/click HTTP/1.1
User-Agent: selenium/4.1.2 (java windows)
Content-Length: 50
Content-Type: application/json; charset=utf-8
host: localhost:52561
accept: */*

Response DefaultHttpResponse(decodeResult: success, version: HTTP/1.1)
HTTP/1.1 200 OK
content-type: application/json; charset=utf-8
cache-control: no-cache
date: Sun, 09 Apr 2023 12:41:37 GMT
content-length: 14

19:41:39.221 [AsyncHttpClient-1-14] DEBUG org.asynchttpclient.netty.channel.ChannelManager - Adding key: http://localhost:52561 for channel [id: 0x466acce0, L:/127.0.0.1:59035 - R:localhost/127.0.0.1:52561]
  &amp#27;[32mThen &amp#27;[0m&amp#27;[32mI click baby on the header&amp#27;[0m &amp#27;[90m# starter.stepdefinitions.BabyStep.iClickBabyOnTheHeader()&amp#27;[0m
19:41:39.232 [Forwarding screenshot on session 8dcef8c0-4b77-495a-8fdb-f931d8c1d85a to remote] DEBUG org.asynchttpclient.netty.request.NettyRequestSender - Using pooled Channel '[id: 0x466acce0, L:/127.0.0.1:59035 - R:localhost/127.0.0.1:52561]' for 'GET' to 'http://localhost:52561/session/8dcef8c0-4b77-495a-8fdb-f931d8c1d85a/screenshot'
19:41:39.232 [Forwarding screenshot on session 8dcef8c0-4b77-495a-8fdb-f931d8c1d85a to remote] DEBUG org.asynchttpclient.netty.request.NettyRequestSender - Using open Channel [id: 0x466acce0, L:/127.0.0.1:59035 - R:localhost/127.0.0.1:52561] for GET '/session/8dcef8c0-4b77-495a-8fdb-f931d8c1d85a/screenshot'
19:41:39.395 [AsyncHttpClient-1-14] DEBUG org.asynchttpclient.netty.handler.HttpHandler - 

Request DefaultFullHttpRequest(decodeResult: success, version: HTTP/1.1, content: EmptyByteBufBE)
GET /session/8dcef8c0-4b77-495a-8fdb-f931d8c1d85a/screenshot HTTP/1.1
User-Agent: selenium/4.1.2 (java windows)
Cache-Control: no-cache
Content-Type: application/json; charset=utf-8
host: localhost:52561
accept: */*

Response DefaultHttpResponse(decodeResult: success, version: HTTP/1.1)
HTTP/1.1 200 OK
content-type: application/json; charset=utf-8
cache-control: no-cache
date: Sun, 09 Apr 2023 12:41:39 GMT
content-length: 98024

19:41:39.396 [AsyncHttpClient-1-14] DEBUG org.asynchttpclient.netty.channel.ChannelManager - Adding key: http://localhost:52561 for channel [id: 0x466acce0, L:/127.0.0.1:59035 - R:localhost/127.0.0.1:52561]
19:41:39.400 [main] DEBUG net.serenitybdd.core.photography.Darkroom - Send negative for processing for target\site\serenity\bcb9a8d665d2c58a930e922f816fcc3ebc2aef855b882f3d531e7c9aa320b06d.png
19:41:39.415 [Forwarding findElement on session 8dcef8c0-4b77-495a-8fdb-f931d8c1d85a to remote] DEBUG org.asynchttpclient.netty.request.NettyRequestSender - Using pooled Channel '[id: 0x466acce0, L:/127.0.0.1:59035 - R:localhost/127.0.0.1:52561]' for 'POST' to 'http://localhost:52561/session/8dcef8c0-4b77-495a-8fdb-f931d8c1d85a/element'
19:41:39.415 [Forwarding findElement on session 8dcef8c0-4b77-495a-8fdb-f931d8c1d85a to remote] DEBUG org.asynchttpclient.netty.request.NettyRequestSender - Using open Channel [id: 0x466acce0, L:/127.0.0.1:59035 - R:localhost/127.0.0.1:52561] for POST '/session/8dcef8c0-4b77-495a-8fdb-f931d8c1d85a/element'
19:41:39.524 [AsyncHttpClient-1-14] DEBUG org.asynchttpclient.netty.handler.HttpHandler - 

Request DefaultHttpRequest(decodeResult: success, version: HTTP/1.1)
POST /session/8dcef8c0-4b77-495a-8fdb-f931d8c1d85a/element HTTP/1.1
User-Agent: selenium/4.1.2 (java windows)
Content-Length: 106
Content-Type: application/json; charset=utf-8
host: localhost:52561
accept: */*

Response DefaultHttpResponse(decodeResult: success, version: HTTP/1.1)
HTTP/1.1 200 OK
content-type: application/json; charset=utf-8
cache-control: no-cache
date: Sun, 09 Apr 2023 12:41:39 GMT
content-length: 88

19:41:39.524 [AsyncHttpClient-1-14] DEBUG org.asynchttpclient.netty.channel.ChannelManager - Adding key: http://localhost:52561 for channel [id: 0x466acce0, L:/127.0.0.1:59035 - R:localhost/127.0.0.1:52561]
19:41:39.526 [Forwarding getElementTagName on session 8dcef8c0-4b77-495a-8fdb-f931d8c1d85a to remote] DEBUG org.asynchttpclient.netty.request.NettyRequestSender - Using pooled Channel '[id: 0x466acce0, L:/127.0.0.1:59035 - R:localhost/127.0.0.1:52561]' for 'GET' to 'http://localhost:52561/session/8dcef8c0-4b77-495a-8fdb-f931d8c1d85a/element/c3f2ba10-74b9-4fc2-8c25-5a3033511554/name'
19:41:39.526 [Forwarding getElementTagName on session 8dcef8c0-4b77-495a-8fdb-f931d8c1d85a to remote] DEBUG org.asynchttpclient.netty.request.NettyRequestSender - Using open Channel [id: 0x466acce0, L:/127.0.0.1:59035 - R:localhost/127.0.0.1:52561] for GET '/session/8dcef8c0-4b77-495a-8fdb-f931d8c1d85a/element/c3f2ba10-74b9-4fc2-8c25-5a3033511554/name'
19:41:39.601 [AsyncHttpClient-1-14] DEBUG org.asynchttpclient.netty.handler.HttpHandler - 

Request DefaultFullHttpRequest(decodeResult: success, version: HTTP/1.1, content: EmptyByteBufBE)
GET /session/8dcef8c0-4b77-495a-8fdb-f931d8c1d85a/element/c3f2ba10-74b9-4fc2-8c25-5a3033511554/name HTTP/1.1
User-Agent: selenium/4.1.2 (java windows)
Cache-Control: no-cache
Content-Type: application/json; charset=utf-8
host: localhost:52561
accept: */*

Response DefaultHttpResponse(decodeResult: success, version: HTTP/1.1)
HTTP/1.1 200 OK
content-type: application/json; charset=utf-8
cache-control: no-cache
date: Sun, 09 Apr 2023 12:41:39 GMT
content-length: 16

19:41:39.601 [AsyncHttpClient-1-14] DEBUG org.asynchttpclient.netty.channel.ChannelManager - Adding key: http://localhost:52561 for channel [id: 0x466acce0, L:/127.0.0.1:59035 - R:localhost/127.0.0.1:52561]
19:41:39.602 [Forwarding getElementTagName on session 8dcef8c0-4b77-495a-8fdb-f931d8c1d85a to remote] DEBUG org.asynchttpclient.netty.request.NettyRequestSender - Using pooled Channel '[id: 0x466acce0, L:/127.0.0.1:59035 - R:localhost/127.0.0.1:52561]' for 'GET' to 'http://localhost:52561/session/8dcef8c0-4b77-495a-8fdb-f931d8c1d85a/element/c3f2ba10-74b9-4fc2-8c25-5a3033511554/name'
19:41:39.602 [Forwarding getElementTagName on session 8dcef8c0-4b77-495a-8fdb-f931d8c1d85a to remote] DEBUG org.asynchttpclient.netty.request.NettyRequestSender - Using open Channel [id: 0x466acce0, L:/127.0.0.1:59035 - R:localhost/127.0.0.1:52561] for GET '/session/8dcef8c0-4b77-495a-8fdb-f931d8c1d85a/element/c3f2ba10-74b9-4fc2-8c25-5a3033511554/name'
19:41:39.647 [AsyncHttpClient-1-14] DEBUG org.asynchttpclient.netty.handler.HttpHandler - 

Request DefaultFullHttpRequest(decodeResult: success, version: HTTP/1.1, content: EmptyByteBufBE)
GET /session/8dcef8c0-4b77-495a-8fdb-f931d8c1d85a/element/c3f2ba10-74b9-4fc2-8c25-5a3033511554/name HTTP/1.1
User-Agent: selenium/4.1.2 (java windows)
Cache-Control: no-cache
Content-Type: application/json; charset=utf-8
host: localhost:52561
accept: */*

Response DefaultHttpResponse(decodeResult: success, version: HTTP/1.1)
HTTP/1.1 200 OK
content-type: application/json; charset=utf-8
cache-control: no-cache
date: Sun, 09 Apr 2023 12:41:39 GMT
content-length: 16

19:41:39.648 [AsyncHttpClient-1-14] DEBUG org.asynchttpclient.netty.channel.ChannelManager - Adding key: http://localhost:52561 for channel [id: 0x466acce0, L:/127.0.0.1:59035 - R:localhost/127.0.0.1:52561]
19:41:39.649 [Forwarding findElement on session 8dcef8c0-4b77-495a-8fdb-f931d8c1d85a to remote] DEBUG org.asynchttpclient.netty.request.NettyRequestSender - Using pooled Channel '[id: 0x466acce0, L:/127.0.0.1:59035 - R:localhost/127.0.0.1:52561]' for 'POST' to 'http://localhost:52561/session/8dcef8c0-4b77-495a-8fdb-f931d8c1d85a/element'
19:41:39.649 [Forwarding findElement on session 8dcef8c0-4b77-495a-8fdb-f931d8c1d85a to remote] DEBUG org.asynchttpclient.netty.request.NettyRequestSender - Using open Channel [id: 0x466acce0, L:/127.0.0.1:59035 - R:localhost/127.0.0.1:52561] for POST '/session/8dcef8c0-4b77-495a-8fdb-f931d8c1d85a/element'
19:41:39.722 [AsyncHttpClient-1-14] DEBUG org.asynchttpclient.netty.handler.HttpHandler - 

Request DefaultHttpRequest(decodeResult: success, version: HTTP/1.1)
POST /session/8dcef8c0-4b77-495a-8fdb-f931d8c1d85a/element HTTP/1.1
User-Agent: selenium/4.1.2 (java windows)
Content-Length: 106
Content-Type: application/json; charset=utf-8
host: localhost:52561
accept: */*

Response DefaultHttpResponse(decodeResult: success, version: HTTP/1.1)
HTTP/1.1 200 OK
content-type: application/json; charset=utf-8
cache-control: no-cache
date: Sun, 09 Apr 2023 12:41:39 GMT
content-length: 88

19:41:39.722 [AsyncHttpClient-1-14] DEBUG org.asynchttpclient.netty.channel.ChannelManager - Adding key: http://localhost:52561 for channel [id: 0x466acce0, L:/127.0.0.1:59035 - R:localhost/127.0.0.1:52561]
19:41:39.723 [Forwarding clickElement on session 8dcef8c0-4b77-495a-8fdb-f931d8c1d85a to remote] DEBUG org.asynchttpclient.netty.request.NettyRequestSender - Using pooled Channel '[id: 0x466acce0, L:/127.0.0.1:59035 - R:localhost/127.0.0.1:52561]' for 'POST' to 'http://localhost:52561/session/8dcef8c0-4b77-495a-8fdb-f931d8c1d85a/element/c3f2ba10-74b9-4fc2-8c25-5a3033511554/click'
19:41:39.723 [Forwarding clickElement on session 8dcef8c0-4b77-495a-8fdb-f931d8c1d85a to remote] DEBUG org.asynchttpclient.netty.request.NettyRequestSender - Using open Channel [id: 0x466acce0, L:/127.0.0.1:59035 - R:localhost/127.0.0.1:52561] for POST '/session/8dcef8c0-4b77-495a-8fdb-f931d8c1d85a/element/c3f2ba10-74b9-4fc2-8c25-5a3033511554/click'
19:41:40.102 [AsyncHttpClient-1-14] DEBUG org.asynchttpclient.netty.handler.HttpHandler - 

Request DefaultHttpRequest(decodeResult: success, version: HTTP/1.1)
POST /session/8dcef8c0-4b77-495a-8fdb-f931d8c1d85a/element/c3f2ba10-74b9-4fc2-8c25-5a3033511554/click HTTP/1.1
User-Agent: selenium/4.1.2 (java windows)
Content-Length: 50
Content-Type: application/json; charset=utf-8
host: localhost:52561
accept: */*

Response DefaultHttpResponse(decodeResult: success, version: HTTP/1.1)
HTTP/1.1 200 OK
content-type: application/json; charset=utf-8
cache-control: no-cache
date: Sun, 09 Apr 2023 12:41:39 GMT
content-length: 14

19:41:40.102 [AsyncHttpClient-1-14] DEBUG org.asynchttpclient.netty.channel.ChannelManager - Adding key: http://localhost:52561 for channel [id: 0x466acce0, L:/127.0.0.1:59035 - R:localhost/127.0.0.1:52561]
  &amp#27;[32mWhen &amp#27;[0m&amp#27;[32mI will go to &amp#27;[0m&amp#27;[32m&amp#27;[1m"heattech"&amp#27;[0m    &amp#27;[90m# starter.stepdefinitions.BabyStep.iWillGoTo(java.lang.String)&amp#27;[0m
19:41:40.110 [Forwarding screenshot on session 8dcef8c0-4b77-495a-8fdb-f931d8c1d85a to remote] DEBUG org.asynchttpclient.netty.request.NettyRequestSender - Using pooled Channel '[id: 0x466acce0, L:/127.0.0.1:59035 - R:localhost/127.0.0.1:52561]' for 'GET' to 'http://localhost:52561/session/8dcef8c0-4b77-495a-8fdb-f931d8c1d85a/screenshot'
19:41:40.110 [Forwarding screenshot on session 8dcef8c0-4b77-495a-8fdb-f931d8c1d85a to remote] DEBUG org.asynchttpclient.netty.request.NettyRequestSender - Using open Channel [id: 0x466acce0, L:/127.0.0.1:59035 - R:localhost/127.0.0.1:52561] for GET '/session/8dcef8c0-4b77-495a-8fdb-f931d8c1d85a/screenshot'
19:41:40.221 [AsyncHttpClient-1-14] DEBUG org.asynchttpclient.netty.handler.HttpHandler - 

Request DefaultFullHttpRequest(decodeResult: success, version: HTTP/1.1, content: EmptyByteBufBE)
GET /session/8dcef8c0-4b77-495a-8fdb-f931d8c1d85a/screenshot HTTP/1.1
User-Agent: selenium/4.1.2 (java windows)
Cache-Control: no-cache
Content-Type: application/json; charset=utf-8
host: localhost:52561
accept: */*

Response DefaultHttpResponse(decodeResult: success, version: HTTP/1.1)
HTTP/1.1 200 OK
content-type: application/json; charset=utf-8
cache-control: no-cache
date: Sun, 09 Apr 2023 12:41:39 GMT
content-length: 97556

19:41:40.222 [AsyncHttpClient-1-14] DEBUG org.asynchttpclient.netty.channel.ChannelManager - Adding key: http://localhost:52561 for channel [id: 0x466acce0, L:/127.0.0.1:59035 - R:localhost/127.0.0.1:52561]
19:41:40.225 [main] DEBUG net.serenitybdd.core.photography.Darkroom - Send negative for processing for target\site\serenity\a03439609a1f4dc2d5e25b036bf03b48135e5f72eca212844741e3333f95995b.png
19:41:40.225 [Darkroom Processing Line] DEBUG net.serenitybdd.core.photography.DarkroomProcessingLine - Processing screenshot image in /var/screenshots/screenshot-11204798721372736964
19:41:40.225 [Darkroom Processing Line] DEBUG net.serenitybdd.core.photography.DarkroomProcessingLine - Saving screenshot to target\site\serenity\a03439609a1f4dc2d5e25b036bf03b48135e5f72eca212844741e3333f95995b.png
19:41:40.232 [Forwarding findElement on session 8dcef8c0-4b77-495a-8fdb-f931d8c1d85a to remote] DEBUG org.asynchttpclient.netty.request.NettyRequestSender - Using pooled Channel '[id: 0x466acce0, L:/127.0.0.1:59035 - R:localhost/127.0.0.1:52561]' for 'POST' to 'http://localhost:52561/session/8dcef8c0-4b77-495a-8fdb-f931d8c1d85a/element'
19:41:40.232 [Forwarding findElement on session 8dcef8c0-4b77-495a-8fdb-f931d8c1d85a to remote] DEBUG org.asynchttpclient.netty.request.NettyRequestSender - Using open Channel [id: 0x466acce0, L:/127.0.0.1:59035 - R:localhost/127.0.0.1:52561] for POST '/session/8dcef8c0-4b77-495a-8fdb-f931d8c1d85a/element'
19:41:40.325 [AsyncHttpClient-1-14] DEBUG org.asynchttpclient.netty.handler.HttpHandler - 

Request DefaultHttpRequest(decodeResult: success, version: HTTP/1.1)
POST /session/8dcef8c0-4b77-495a-8fdb-f931d8c1d85a/element HTTP/1.1
User-Agent: selenium/4.1.2 (java windows)
Content-Length: 91
Content-Type: application/json; charset=utf-8
host: localhost:52561
accept: */*

Response DefaultHttpResponse(decodeResult: success, version: HTTP/1.1)
HTTP/1.1 200 OK
content-type: application/json; charset=utf-8
cache-control: no-cache
date: Sun, 09 Apr 2023 12:41:40 GMT
content-length: 88

19:41:40.326 [AsyncHttpClient-1-14] DEBUG org.asynchttpclient.netty.channel.ChannelManager - Adding key: http://localhost:52561 for channel [id: 0x466acce0, L:/127.0.0.1:59035 - R:localhost/127.0.0.1:52561]
19:41:40.329 [Forwarding isElementDisplayed on session 8dcef8c0-4b77-495a-8fdb-f931d8c1d85a to remote] DEBUG org.asynchttpclient.netty.request.NettyRequestSender - Using pooled Channel '[id: 0x466acce0, L:/127.0.0.1:59035 - R:localhost/127.0.0.1:52561]' for 'POST' to 'http://localhost:52561/session/8dcef8c0-4b77-495a-8fdb-f931d8c1d85a/execute/sync'
19:41:40.329 [Forwarding isElementDisplayed on session 8dcef8c0-4b77-495a-8fdb-f931d8c1d85a to remote] DEBUG org.asynchttpclient.netty.request.NettyRequestSender - Using open Channel [id: 0x466acce0, L:/127.0.0.1:59035 - R:localhost/127.0.0.1:52561] for POST '/session/8dcef8c0-4b77-495a-8fdb-f931d8c1d85a/execute/sync'
19:41:40.340 [AsyncHttpClient-1-14] DEBUG org.asynchttpclient.netty.handler.HttpHandler - 

Request DefaultHttpRequest(decodeResult: success, version: HTTP/1.1)
POST /session/8dcef8c0-4b77-495a-8fdb-f931d8c1d85a/execute/sync HTTP/1.1
User-Agent: selenium/4.1.2 (java windows)
Content-Length: 48780
Content-Type: application/json; charset=utf-8
host: localhost:52561
accept: */*

Response DefaultHttpResponse(decodeResult: success, version: HTTP/1.1)
HTTP/1.1 200 OK
content-type: application/json; charset=utf-8
cache-control: no-cache
date: Sun, 09 Apr 2023 12:41:40 GMT
content-length: 14

19:41:40.341 [AsyncHttpClient-1-14] DEBUG org.asynchttpclient.netty.channel.ChannelManager - Adding key: http://localhost:52561 for channel [id: 0x466acce0, L:/127.0.0.1:59035 - R:localhost/127.0.0.1:52561]
  &amp#27;[32mAnd &amp#27;[0m&amp#27;[32mI &amp#27;[0m&amp#27;[32m&amp#27;[1m"txtHeattech"&amp#27;[0m&amp#27;[32m page&amp#27;[0m        &amp#27;[90m# starter.stepdefinitions.BabyStep.iPage(java.lang.String)&amp#27;[0m
19:41:40.344 [Forwarding screenshot on session 8dcef8c0-4b77-495a-8fdb-f931d8c1d85a to remote] DEBUG org.asynchttpclient.netty.request.NettyRequestSender - Using pooled Channel '[id: 0x466acce0, L:/127.0.0.1:59035 - R:localhost/127.0.0.1:52561]' for 'GET' to 'http://localhost:52561/session/8dcef8c0-4b77-495a-8fdb-f931d8c1d85a/screenshot'
19:41:40.344 [Forwarding screenshot on session 8dcef8c0-4b77-495a-8fdb-f931d8c1d85a to remote] DEBUG org.asynchttpclient.netty.request.NettyRequestSender - Using open Channel [id: 0x466acce0, L:/127.0.0.1:59035 - R:localhost/127.0.0.1:52561] for GET '/session/8dcef8c0-4b77-495a-8fdb-f931d8c1d85a/screenshot'
19:41:40.374 [AsyncHttpClient-1-14] DEBUG org.asynchttpclient.netty.handler.HttpHandler - 

Request DefaultFullHttpRequest(decodeResult: success, version: HTTP/1.1, content: EmptyByteBufBE)
GET /session/8dcef8c0-4b77-495a-8fdb-f931d8c1d85a/screenshot HTTP/1.1
User-Agent: selenium/4.1.2 (java windows)
Cache-Control: no-cache
Content-Type: application/json; charset=utf-8
host: localhost:52561
accept: */*

Response DefaultHttpResponse(decodeResult: success, version: HTTP/1.1)
HTTP/1.1 200 OK
content-type: application/json; charset=utf-8
cache-control: no-cache
date: Sun, 09 Apr 2023 12:41:40 GMT
content-length: 80260

19:41:40.375 [AsyncHttpClient-1-14] DEBUG org.asynchttpclient.netty.channel.ChannelManager - Adding key: http://localhost:52561 for channel [id: 0x466acce0, L:/127.0.0.1:59035 - R:localhost/127.0.0.1:52561]
19:41:40.377 [main] DEBUG net.serenitybdd.core.photography.Darkroom - Send negative for processing for target\site\serenity\154eab105657424f10836036e1ef1aef53704ad4095c1c768af6d5290c45b5c8.png
19:41:40.378 [Darkroom Processing Line] DEBUG net.serenitybdd.core.photography.DarkroomProcessingLine - Processing screenshot image in /var/screenshots/screenshot-7477900133899504603
19:41:40.378 [Darkroom Processing Line] DEBUG net.serenitybdd.core.photography.DarkroomProcessingLine - Saving screenshot to target\site\serenity\154eab105657424f10836036e1ef1aef53704ad4095c1c768af6d5290c45b5c8.png
19:41:40.383 [Driver Command Executor] DEBUG org.asynchttpclient.netty.request.NettyRequestSender - Using pooled Channel '[id: 0x466acce0, L:/127.0.0.1:59035 - R:localhost/127.0.0.1:52561]' for 'DELETE' to 'http://localhost:52561/session/8dcef8c0-4b77-495a-8fdb-f931d8c1d85a'
19:41:40.383 [Driver Command Executor] DEBUG org.asynchttpclient.netty.request.NettyRequestSender - Using open Channel [id: 0x466acce0, L:/127.0.0.1:59035 - R:localhost/127.0.0.1:52561] for DELETE '/session/8dcef8c0-4b77-495a-8fdb-f931d8c1d85a'
19:41:41.225 [AsyncHttpClient-1-14] DEBUG org.asynchttpclient.netty.handler.HttpHandler - 

Request DefaultFullHttpRequest(decodeResult: success, version: HTTP/1.1, content: EmptyByteBufBE)
DELETE /session/8dcef8c0-4b77-495a-8fdb-f931d8c1d85a HTTP/1.1
User-Agent: selenium/4.1.2 (java windows)
Content-Type: application/json; charset=utf-8
host: localhost:52561
accept: */*

Response DefaultHttpResponse(decodeResult: success, version: HTTP/1.1)
HTTP/1.1 200 OK
content-type: application/json; charset=utf-8
cache-control: no-cache
date: Sun, 09 Apr 2023 12:41:40 GMT
content-length: 14

19:41:41.225 [AsyncHttpClient-1-14] DEBUG org.asynchttpclient.netty.channel.ChannelManager - Adding key: http://localhost:52561 for channel [id: 0x466acce0, L:/127.0.0.1:59035 - R:localhost/127.0.0.1:52561]
19:41:41.226 [AsyncHttpClient-1-14] DEBUG org.asynchttpclient.netty.handler.HttpHandler - Unexpected I/O exception on channel [id: 0x466acce0, L:/127.0.0.1:59035 - R:localhost/127.0.0.1:52561]
java.net.SocketException: Connection reset
	at java.base/sun.nio.ch.SocketChannelImpl.throwConnectionReset(SocketChannelImpl.java:345)
	at java.base/sun.nio.ch.SocketChannelImpl.read(SocketChannelImpl.java:376)
	at io.netty.buffer.PooledByteBuf.setBytes(PooledByteBuf.java:258)
	at io.netty.buffer.AbstractByteBuf.writeBytes(AbstractByteBuf.java:1132)
	at io.netty.channel.socket.nio.NioSocketChannel.doReadBytes(NioSocketChannel.java:350)
	at io.netty.channel.nio.AbstractNioByteChannel$NioByteUnsafe.read(AbstractNioByteChannel.java:151)
	at io.netty.channel.nio.NioEventLoop.processSelectedKey(NioEventLoop.java:722)
	at io.netty.channel.nio.NioEventLoop.processSelectedKeysOptimized(NioEventLoop.java:658)
	at io.netty.channel.nio.NioEventLoop.processSelectedKeys(NioEventLoop.java:584)
	at io.netty.channel.nio.NioEventLoop.run(NioEventLoop.java:496)
	at io.netty.util.concurrent.SingleThreadEventExecutor$4.run(SingleThreadEventExecutor.java:986)
	at io.netty.util.internal.ThreadExecutorMap$2.run(ThreadExecutorMap.java:74)
	at io.netty.util.concurrent.FastThreadLocalRunnable.run(FastThreadLocalRunnable.java:30)
	at java.base/java.lang.Thread.run(Thread.java:830)
19:41:41.227 [AsyncHttpClient-1-14] DEBUG org.asynchttpclient.netty.channel.ChannelManager - Closing Channel [id: 0x466acce0, L:/127.0.0.1:59035 - R:localhost/127.0.0.1:52561] 
19:41:41.227 [AsyncHttpClient-1-14] DEBUG org.asynchttpclient.netty.handler.HttpHandler - Channel Closed: [id: 0x466acce0, L:/127.0.0.1:59035 ! R:localhost/127.0.0.1:52561] with attribute DISCARD
]]></system-out>
    <system-err><![CDATA[1681044093048	geckodriver	INFO	Listening on 127.0.0.1:52561
1681044093546	mozrunner::runner	INFO	Running command: "C:\\Program Files\\Mozilla Firefox\\firefox.exe" "--marionette" "" "--remote-debugging-port" "64636" "--remote-allow-hosts" "localhost" "-no-remote" "-profile" "C:\\Users\\alwi\\AppData\\Local\\Temp\\rust_mozprofilevdS0y3"
console.warn: services.settings: Ignoring preference override of remote settings server
console.warn: services.settings: Allow by setting MOZ_REMOTE_SETTINGS_DEVTOOLS=1 in the environment
1681044093899	Marionette	INFO	Marionette enabled
Dynamically enable window occlusion 0
1681044093904	Marionette	INFO	Listening on port 59038
WebDriver BiDi listening on ws://127.0.0.1:64636
Read port: 59038
1681044094138	RemoteAgent	WARN	TLS certificate errors will be ignored for this session
console.warn: SearchSettings: "get: No settings file exists, new profile?" (new NotFoundError("Could not open the file at C:\\Users\\alwi\\AppData\\Local\\Temp\\rust_mozprofilevdS0y3\\search.json.mozlz4", (void 0)))
DevTools listening on ws://127.0.0.1:64636/devtools/browser/64cca4d2-5e5d-4f6f-a287-aeedde8c84fe
Apr 09, 2023 7:41:35 PM org.openqa.selenium.remote.ProtocolHandshake createSession
INFO: Detected dialect: W3C
JavaScript warning: https://www.uniqlo.com/oQfZRN8zACRR/OQ/-x_RMR-EGX/k95OLrhJQ5/OXl6GHI5AQ/PnUdVS/RrZQs, line 1: unreachable code after return statement
JavaScript warning: https://www.uniqlo.com/id/elgnisolqinu.js?async&seed=AECl_mWHAQAAhXleUcVgnU2eEowETsYZDsExG9MVfyypS8j2a8yO2N_NY-zV&x-i1ysm4mm--z=q, line 1: WEBGL_debug_renderer_info is deprecated in Firefox and will be removed. Please use RENDERER.
JavaScript warning: https://www.uniqlo.com/oQfZRN8zACRR/OQ/-x_RMR-EGX/k95OLrhJQ5/OXl6GHI5AQ/PnUdVS/RrZQs, line 1: WEBGL_debug_renderer_info is deprecated in Firefox and will be removed. Please use RENDERER.
1681044100385	Marionette	INFO	Stopped listening on port 59038
Dynamically enable window occlusion 1
WARNING: A blocker encountered an error while we were waiting.
          Blocker:  Waiting for ping task
          Phase: TelemetryController: Waiting for pending ping activity
          State: (none)
WARNING: Error: Phase "profile-before-change" is finished, it is too late to register completion condition "OS.File: flush I/O queued before profileBeforeChange"
WARNING: addBlocker@resource://gre/modules/AsyncShutdown.sys.mjs:727:15
addBlocker@resource://gre/modules/AsyncShutdown.sys.mjs:523:26
addBlocker@resource://gre/modules/AsyncShutdown.sys.mjs:458:15
setupShutdown@resource://gre/modules/osfile/osfile_async_front.jsm:1548:28
@resource://gre/modules/osfile/osfile_async_front.jsm:1568:16
@resource://gre/modules/osfile.jsm:12:30
@resource://gre/modules/TelemetryStorage.sys.mjs:10:28
_checkPendingPings@resource://gre/modules/TelemetrySend.sys.mjs:863:17
setup@resource://gre/modules/TelemetrySend.sys.mjs:803:18
setup@resource://gre/modules/TelemetrySend.sys.mjs:241:30
setupTelemetry/this._delayedInitTask<@resource://gre/modules/TelemetryControllerParent.sys.mjs:828:36
observe@resource://gre/modules/AsyncShutdown.sys.mjs:576:16

console.error: "TelemetryScheduler.shutdown - Already shut down"
WARNING: A blocker encountered an error while we were waiting.
          Blocker:  Waiting for ping task
          Phase: TelemetryController: Waiting for pending ping activity
          State: (none)
WARNING: Error: Phase "profile-before-change" is finished, it is too late to register completion condition "OS.File: flush I/O queued before profileBeforeChange"
WARNING: addBlocker@resource://gre/modules/AsyncShutdown.sys.mjs:727:15
addBlocker@resource://gre/modules/AsyncShutdown.sys.mjs:523:26
addBlocker@resource://gre/modules/AsyncShutdown.sys.mjs:458:15
setupShutdown@resource://gre/modules/osfile/osfile_async_front.jsm:1548:28
@resource://gre/modules/osfile/osfile_async_front.jsm:1568:16
@resource://gre/modules/osfile.jsm:12:30
@resource://gre/modules/TelemetryStorage.sys.mjs:10:28
_checkPendingPings@resource://gre/modules/TelemetrySend.sys.mjs:863:17
setup@resource://gre/modules/TelemetrySend.sys.mjs:803:18
setup@resource://gre/modules/TelemetrySend.sys.mjs:241:30
setupTelemetry/this._delayedInitTask<@resource://gre/modules/TelemetryControllerParent.sys.mjs:828:36
observe@resource://gre/modules/AsyncShutdown.sys.mjs:576:16

WARNING: A blocker encountered an error while we were waiting.
          Blocker:  Waiting for ping task
          Phase: TelemetryController: Waiting for pending ping activity
          State: (none)
WARNING: Error: Phase "profile-before-change" is finished, it is too late to register completion condition "OS.File: flush I/O queued before profileBeforeChange"
WARNING: addBlocker@resource://gre/modules/AsyncShutdown.sys.mjs:727:15
addBlocker@resource://gre/modules/AsyncShutdown.sys.mjs:523:26
addBlocker@resource://gre/modules/AsyncShutdown.sys.mjs:458:15
setupShutdown@resource://gre/modules/osfile/osfile_async_front.jsm:1548:28
@resource://gre/modules/osfile/osfile_async_front.jsm:1568:16
@resource://gre/modules/osfile.jsm:12:30
@resource://gre/modules/TelemetryStorage.sys.mjs:10:28
_checkPendingPings@resource://gre/modules/TelemetrySend.sys.mjs:863:17
setup@resource://gre/modules/TelemetrySend.sys.mjs:803:18
setup@resource://gre/modules/TelemetrySend.sys.mjs:241:30
setupTelemetry/this._delayedInitTask<@resource://gre/modules/TelemetryControllerParent.sys.mjs:828:36
observe@resource://gre/modules/AsyncShutdown.sys.mjs:576:16

WARNING: A blocker encountered an error while we were waiting.
          Blocker:  TelemetryController: shutting down
          Phase: profile-before-change-telemetry
          State: Error getting state: Error: Phase "profile-before-change" is finished, it is too late to register completion condition "OS.File: flush I/O queued before profileBeforeChange" at addBlocker@resource://gre/modules/AsyncShutdown.sys.mjs:727:15
addBlocker@resource://gre/modules/AsyncShutdown.sys.mjs:523:26
addBlocker@resource://gre/modules/AsyncShutdown.sys.mjs:458:15
setupShutdown@resource://gre/modules/osfile/osfile_async_front.jsm:1548:28
@resource://gre/modules/osfile/osfile_async_front.jsm:1568:16
@resource://gre/modules/osfile.jsm:12:30
@resource://gre/modules/TelemetryStorage.sys.mjs:10:28
_checkPendingPings@resource://gre/modules/TelemetrySend.sys.mjs:863:17
setup@resource://gre/modules/TelemetrySend.sys.mjs:803:18
setup@resource://gre/modules/TelemetrySend.sys.mjs:241:30
setupTelemetry/this._delayedInitTask<@resource://gre/modules/TelemetryControllerParent.sys.mjs:828:36
observe@resource://gre/modules/AsyncShutdown.sys.mjs:576:16

WARNING: Error: Phase "profile-before-change" is finished, it is too late to register completion condition "OS.File: flush I/O queued before profileBeforeChange"
WARNING: addBlocker@resource://gre/modules/AsyncShutdown.sys.mjs:727:15
addBlocker@resource://gre/modules/AsyncShutdown.sys.mjs:523:26
addBlocker@resource://gre/modules/AsyncShutdown.sys.mjs:458:15
setupShutdown@resource://gre/modules/osfile/osfile_async_front.jsm:1548:28
@resource://gre/modules/osfile/osfile_async_front.jsm:1568:16
@resource://gre/modules/osfile.jsm:12:30
@resource://gre/modules/TelemetryStorage.sys.mjs:10:28
_checkPendingPings@resource://gre/modules/TelemetrySend.sys.mjs:863:17
setup@resource://gre/modules/TelemetrySend.sys.mjs:803:18
setup@resource://gre/modules/TelemetrySend.sysJ.amvjasS:c2r4i1p:t30
s eetrurpoTre:l ermeestoruy/trce://gre/moduhliess./_AdseynlcaSyheudtIdnoiwtnT.assysk<.@mrjess,o ulricnee: /7/2g7r:e/m oEdrulreosr/:Te lPehmaester y"Cpornotfriollel-ebrePfaorreen-t.cshyansg.em"j si:s8 2f8i:n3i6sh
eodb,s erivte @iress otuoroc el:a/t/gree /tmood urleegsi/sAtseryn ccSohmuptledotwino.nsy sc.omnjdsi:t5i7o6n :"1O6S
.F
ile: flush I/O queued before profileBeforeChange"
JavaScript error: resource://gre/modules/AsyncShutdown.sys.mjs, line 727: Error: Phase "profile-before-change" is finished, it is too late to register completion condition "OS.File: flush I/O queued before profileBeforeChange"
JavaScript error: resource://gre/modules/AsyncShutdown.sys.mjs, line 727: Error: Phase "profile-before-change" is finished, it is too late to register completion condition "OS.File: flush I/O queued before profileBeforeChange"
JavaScript error: resource://gre/modules/AsyncShutdown.sys.mjs, line 727: Error: Phase "profile-before-change" is finished, it is too late to register completion condition "OS.File: flush I/O queued before profileBeforeChange"
JavaScript error: resource://gre/modules/AsyncShutdown.sys.mjs, line 727: Error: Phase "profile-before-change" is finished, it is too late to register completion condition "OS.File: flush I/O queued before profileBeforeChange"
JavaScript error: resource://gre/modules/AsyncShutdown.sys.mjs, line 727: Error: Phase "profile-before-change" is finished, it is too late to register completion condition "OS.File: flush I/O queued before profileBeforeChange"
]]></system-err>
  </testcase>
  <testcase name="Fitur Menu Baby #23" classname="Baby" time="8.725">
    <system-out><![CDATA[
@baby
Scenario Outline: Fitur Menu Baby &amp#27;[90m# src/test/resources/features/Baby.feature:35&amp#27;[0m
19:41:41.281 [main] INFO io.cucumber.core.plugin.SerenityReporter - Running feature from file:///C:/Users/alwi/IdeaProjects/uniqloweb/src/test/resources/features/Baby.feature
19:41:41.291 [main] INFO net.serenitybdd.core.webdriver.driverproviders.FirefoxDriverProvider - Using automatically driver download
19:41:41.389 [main] DEBUG io.github.bonigarcia.wdm.cache.ResolutionCache - Resolution firefox=111 in cache (valid until 20:30:50 09/04/2023 WIB)
19:41:41.392 [main] DEBUG io.github.bonigarcia.wdm.cache.ResolutionCache - Resolution firefox111=0.32.2 in cache (valid until 19:30:50 10/04/2023 WIB)
19:41:41.393 [main] INFO io.github.bonigarcia.wdm.WebDriverManager - Using geckodriver 0.32.2 (resolved driver for Firefox 111)
19:41:41.406 [main] DEBUG io.github.bonigarcia.wdm.WebDriverManager - Driver geckodriver 0.32.2 found in cache
19:41:41.407 [main] INFO io.github.bonigarcia.wdm.WebDriverManager - Exporting webdriver.gecko.driver as C:\Users\alwi\.cache\selenium\geckodriver\win64\0.32.2\geckodriver.exe
19:41:41.423 [main] DEBUG net.serenitybdd.core.webdriver.driverproviders.ProvideNewDriver - Instantiating driver
19:41:41.423 [main] DEBUG net.serenitybdd.core.webdriver.driverproviders.ProvideNewDriver - Driver capabilities: Capabilities {acceptInsecureCerts: true, browserName: firefox, moz:debuggerAddress: true, moz:firefoxOptions: {args: [], profile: UEsDBBQACAgIADSdiVYAAAAAAAA...}}
19:41:41.625 [AsyncHttpClient-1-1] DEBUG org.asynchttpclient.netty.channel.DefaultChannelPool - Entry count for : http://localhost:52561 : 1
19:41:41.625 [AsyncHttpClient-1-1] DEBUG org.asynchttpclient.netty.channel.DefaultChannelPool - Adding Candidate expired Channel [id: 0x466acce0, L:/127.0.0.1:59035 ! R:localhost/127.0.0.1:52561] isIdleTimeoutExpired=false isRemotelyClosed=true isTtlExpired=false
19:41:41.625 [AsyncHttpClient-1-1] DEBUG org.asynchttpclient.netty.channel.DefaultChannelPool - Closing Idle Channel [id: 0x466acce0, L:/127.0.0.1:59035 ! R:localhost/127.0.0.1:52561]
19:41:41.625 [AsyncHttpClient-1-1] DEBUG org.asynchttpclient.netty.channel.DefaultChannelPool - Closed 1 connections out of 1 in 0 ms
19:41:41.957 [AsyncHttpClient-1-16] DEBUG org.asynchttpclient.netty.channel.NettyConnectListener - Using new Channel '[id: 0xa28d3509, L:/127.0.0.1:59150 - R:localhost/127.0.0.1:52616]' for 'POST' to '/session'
19:41:44.352 [AsyncHttpClient-1-16] DEBUG org.asynchttpclient.netty.handler.HttpHandler - 

Request DefaultHttpRequest(decodeResult: success, version: HTTP/1.1)
POST /session HTTP/1.1
User-Agent: selenium/4.1.2 (java windows)
Content-Length: 3673
Content-Type: application/json; charset=utf-8
host: localhost:52616
accept: */*

Response DefaultHttpResponse(decodeResult: success, version: HTTP/1.1)
HTTP/1.1 200 OK
content-type: application/json; charset=utf-8
cache-control: no-cache
date: Sun, 09 Apr 2023 12:41:41 GMT
content-length: 790

19:41:44.352 [AsyncHttpClient-1-16] DEBUG org.asynchttpclient.netty.channel.ChannelManager - Adding key: http://localhost:52616 for channel [id: 0xa28d3509, L:/127.0.0.1:59150 - R:localhost/127.0.0.1:52616]
19:41:44.359 [AsyncHttpClient-1-17] DEBUG org.asynchttpclient.netty.channel.NettyConnectListener - Using new Channel '[id: 0xa2ffb223, L:/127.0.0.1:59166 - R:/127.0.0.1:61955]' for 'GET' to '/json/version'
19:41:44.379 [AsyncHttpClient-1-17] DEBUG org.asynchttpclient.netty.handler.HttpHandler - 

Request DefaultFullHttpRequest(decodeResult: success, version: HTTP/1.1, content: EmptyByteBufBE)
GET /json/version HTTP/1.1
User-Agent: selenium/4.1.2 (java windows)
host: 127.0.0.1:61955
accept: */*

Response DefaultHttpResponse(decodeResult: success, version: HTTP/1.1)
HTTP/1.1 200 OK
content-type: application/json
connection: close
server: httpd.js
date: Sun, 09 Apr 2023 12:41:44 GMT
content-length: 311

19:41:44.380 [AsyncHttpClient-1-17] DEBUG org.asynchttpclient.netty.channel.ChannelManager - Closing Channel [id: 0xa2ffb223, L:/127.0.0.1:59166 - R:/127.0.0.1:61955] 
19:41:44.380 [AsyncHttpClient-1-17] DEBUG org.asynchttpclient.netty.handler.HttpHandler - Channel Closed: [id: 0xa2ffb223, L:/127.0.0.1:59166 ! R:/127.0.0.1:61955] with attribute DISCARD
19:41:44.381 [Forwarding get on session ffeed1dc-d8f6-4f4b-87f9-831b73b64902 to remote] DEBUG org.asynchttpclient.netty.request.NettyRequestSender - Using pooled Channel '[id: 0xa28d3509, L:/127.0.0.1:59150 - R:localhost/127.0.0.1:52616]' for 'POST' to 'http://localhost:52616/session/ffeed1dc-d8f6-4f4b-87f9-831b73b64902/url'
19:41:44.381 [Forwarding get on session ffeed1dc-d8f6-4f4b-87f9-831b73b64902 to remote] DEBUG org.asynchttpclient.netty.request.NettyRequestSender - Using open Channel [id: 0xa28d3509, L:/127.0.0.1:59150 - R:localhost/127.0.0.1:52616] for POST '/session/ffeed1dc-d8f6-4f4b-87f9-831b73b64902/url'
19:41:45.889 [AsyncHttpClient-1-16] DEBUG org.asynchttpclient.netty.handler.HttpHandler - 

Request DefaultHttpRequest(decodeResult: success, version: HTTP/1.1)
POST /session/ffeed1dc-d8f6-4f4b-87f9-831b73b64902/url HTTP/1.1
User-Agent: selenium/4.1.2 (java windows)
Content-Length: 53
Content-Type: application/json; charset=utf-8
host: localhost:52616
accept: */*

Response DefaultHttpResponse(decodeResult: success, version: HTTP/1.1)
HTTP/1.1 200 OK
content-type: application/json; charset=utf-8
cache-control: no-cache
date: Sun, 09 Apr 2023 12:41:44 GMT
content-length: 14

19:41:45.889 [AsyncHttpClient-1-16] DEBUG org.asynchttpclient.netty.channel.ChannelManager - Adding key: http://localhost:52616 for channel [id: 0xa28d3509, L:/127.0.0.1:59150 - R:localhost/127.0.0.1:52616]
19:41:45.890 [Forwarding setTimeout on session ffeed1dc-d8f6-4f4b-87f9-831b73b64902 to remote] DEBUG org.asynchttpclient.netty.request.NettyRequestSender - Using pooled Channel '[id: 0xa28d3509, L:/127.0.0.1:59150 - R:localhost/127.0.0.1:52616]' for 'POST' to 'http://localhost:52616/session/ffeed1dc-d8f6-4f4b-87f9-831b73b64902/timeouts'
19:41:45.890 [Forwarding setTimeout on session ffeed1dc-d8f6-4f4b-87f9-831b73b64902 to remote] DEBUG org.asynchttpclient.netty.request.NettyRequestSender - Using open Channel [id: 0xa28d3509, L:/127.0.0.1:59150 - R:localhost/127.0.0.1:52616] for POST '/session/ffeed1dc-d8f6-4f4b-87f9-831b73b64902/timeouts'
19:41:45.896 [AsyncHttpClient-1-16] DEBUG org.asynchttpclient.netty.handler.HttpHandler - 

Request DefaultHttpRequest(decodeResult: success, version: HTTP/1.1)
POST /session/ffeed1dc-d8f6-4f4b-87f9-831b73b64902/timeouts HTTP/1.1
User-Agent: selenium/4.1.2 (java windows)
Content-Length: 22
Content-Type: application/json; charset=utf-8
host: localhost:52616
accept: */*

Response DefaultHttpResponse(decodeResult: success, version: HTTP/1.1)
HTTP/1.1 200 OK
content-type: application/json; charset=utf-8
cache-control: no-cache
date: Sun, 09 Apr 2023 12:41:45 GMT
content-length: 14

19:41:45.896 [AsyncHttpClient-1-16] DEBUG org.asynchttpclient.netty.channel.ChannelManager - Adding key: http://localhost:52616 for channel [id: 0xa28d3509, L:/127.0.0.1:59150 - R:localhost/127.0.0.1:52616]
19:41:45.899 [Forwarding getCurrentUrl on session ffeed1dc-d8f6-4f4b-87f9-831b73b64902 to remote] DEBUG org.asynchttpclient.netty.request.NettyRequestSender - Using pooled Channel '[id: 0xa28d3509, L:/127.0.0.1:59150 - R:localhost/127.0.0.1:52616]' for 'GET' to 'http://localhost:52616/session/ffeed1dc-d8f6-4f4b-87f9-831b73b64902/url'
19:41:45.899 [Forwarding getCurrentUrl on session ffeed1dc-d8f6-4f4b-87f9-831b73b64902 to remote] DEBUG org.asynchttpclient.netty.request.NettyRequestSender - Using open Channel [id: 0xa28d3509, L:/127.0.0.1:59150 - R:localhost/127.0.0.1:52616] for GET '/session/ffeed1dc-d8f6-4f4b-87f9-831b73b64902/url'
19:41:45.900 [AsyncHttpClient-1-16] DEBUG org.asynchttpclient.netty.handler.HttpHandler - 

Request DefaultFullHttpRequest(decodeResult: success, version: HTTP/1.1, content: EmptyByteBufBE)
GET /session/ffeed1dc-d8f6-4f4b-87f9-831b73b64902/url HTTP/1.1
User-Agent: selenium/4.1.2 (java windows)
Cache-Control: no-cache
Content-Type: application/json; charset=utf-8
host: localhost:52616
accept: */*

Response DefaultHttpResponse(decodeResult: success, version: HTTP/1.1)
HTTP/1.1 200 OK
content-type: application/json; charset=utf-8
cache-control: no-cache
date: Sun, 09 Apr 2023 12:41:45 GMT
content-length: 41

19:41:45.900 [AsyncHttpClient-1-16] DEBUG org.asynchttpclient.netty.channel.ChannelManager - Adding key: http://localhost:52616 for channel [id: 0xa28d3509, L:/127.0.0.1:59150 - R:localhost/127.0.0.1:52616]
  &amp#27;[32mGiven &amp#27;[0m&amp#27;[32mI am on the home page&amp#27;[0m     &amp#27;[90m# starter.stepdefinitions.BabyStep.iAmOnTheHomePage()&amp#27;[0m
19:41:45.905 [Forwarding screenshot on session ffeed1dc-d8f6-4f4b-87f9-831b73b64902 to remote] DEBUG org.asynchttpclient.netty.request.NettyRequestSender - Using pooled Channel '[id: 0xa28d3509, L:/127.0.0.1:59150 - R:localhost/127.0.0.1:52616]' for 'GET' to 'http://localhost:52616/session/ffeed1dc-d8f6-4f4b-87f9-831b73b64902/screenshot'
19:41:45.905 [Forwarding screenshot on session ffeed1dc-d8f6-4f4b-87f9-831b73b64902 to remote] DEBUG org.asynchttpclient.netty.request.NettyRequestSender - Using open Channel [id: 0xa28d3509, L:/127.0.0.1:59150 - R:localhost/127.0.0.1:52616] for GET '/session/ffeed1dc-d8f6-4f4b-87f9-831b73b64902/screenshot'
19:41:46.413 [AsyncHttpClient-1-16] DEBUG org.asynchttpclient.netty.handler.HttpHandler - 

Request DefaultFullHttpRequest(decodeResult: success, version: HTTP/1.1, content: EmptyByteBufBE)
GET /session/ffeed1dc-d8f6-4f4b-87f9-831b73b64902/screenshot HTTP/1.1
User-Agent: selenium/4.1.2 (java windows)
Cache-Control: no-cache
Content-Type: application/json; charset=utf-8
host: localhost:52616
accept: */*

Response DefaultHttpResponse(decodeResult: success, version: HTTP/1.1)
HTTP/1.1 200 OK
content-type: application/json; charset=utf-8
cache-control: no-cache
date: Sun, 09 Apr 2023 12:41:45 GMT
content-length: 89020

19:41:46.413 [AsyncHttpClient-1-16] DEBUG org.asynchttpclient.netty.channel.ChannelManager - Adding key: http://localhost:52616 for channel [id: 0xa28d3509, L:/127.0.0.1:59150 - R:localhost/127.0.0.1:52616]
19:41:46.416 [main] DEBUG net.serenitybdd.core.photography.Darkroom - Send negative for processing for target\site\serenity\19996c86c1101d33b661aefcb7506cf37cb0f9a7dde4dd98b5c722bad9ecb051.png
19:41:46.416 [Darkroom Processing Line] DEBUG net.serenitybdd.core.photography.DarkroomProcessingLine - Processing screenshot image in /var/screenshots/screenshot-6525598393043058980
19:41:46.416 [Darkroom Processing Line] DEBUG net.serenitybdd.core.photography.DarkroomProcessingLine - Saving screenshot to target\site\serenity\19996c86c1101d33b661aefcb7506cf37cb0f9a7dde4dd98b5c722bad9ecb051.png
19:41:46.426 [Forwarding findElement on session ffeed1dc-d8f6-4f4b-87f9-831b73b64902 to remote] DEBUG org.asynchttpclient.netty.request.NettyRequestSender - Using pooled Channel '[id: 0xa28d3509, L:/127.0.0.1:59150 - R:localhost/127.0.0.1:52616]' for 'POST' to 'http://localhost:52616/session/ffeed1dc-d8f6-4f4b-87f9-831b73b64902/element'
19:41:46.426 [Forwarding findElement on session ffeed1dc-d8f6-4f4b-87f9-831b73b64902 to remote] DEBUG org.asynchttpclient.netty.request.NettyRequestSender - Using open Channel [id: 0xa28d3509, L:/127.0.0.1:59150 - R:localhost/127.0.0.1:52616] for POST '/session/ffeed1dc-d8f6-4f4b-87f9-831b73b64902/element'
19:41:46.796 [AsyncHttpClient-1-16] DEBUG org.asynchttpclient.netty.handler.HttpHandler - 

Request DefaultHttpRequest(decodeResult: success, version: HTTP/1.1)
POST /session/ffeed1dc-d8f6-4f4b-87f9-831b73b64902/element HTTP/1.1
User-Agent: selenium/4.1.2 (java windows)
Content-Length: 81
Content-Type: application/json; charset=utf-8
host: localhost:52616
accept: */*

Response DefaultHttpResponse(decodeResult: success, version: HTTP/1.1)
HTTP/1.1 200 OK
content-type: application/json; charset=utf-8
cache-control: no-cache
date: Sun, 09 Apr 2023 12:41:45 GMT
content-length: 88

19:41:46.796 [AsyncHttpClient-1-16] DEBUG org.asynchttpclient.netty.channel.ChannelManager - Adding key: http://localhost:52616 for channel [id: 0xa28d3509, L:/127.0.0.1:59150 - R:localhost/127.0.0.1:52616]
19:41:46.798 [Forwarding getElementTagName on session ffeed1dc-d8f6-4f4b-87f9-831b73b64902 to remote] DEBUG org.asynchttpclient.netty.request.NettyRequestSender - Using pooled Channel '[id: 0xa28d3509, L:/127.0.0.1:59150 - R:localhost/127.0.0.1:52616]' for 'GET' to 'http://localhost:52616/session/ffeed1dc-d8f6-4f4b-87f9-831b73b64902/element/a05130f7-df2d-4691-974b-84e62c596b3c/name'
19:41:46.798 [Forwarding getElementTagName on session ffeed1dc-d8f6-4f4b-87f9-831b73b64902 to remote] DEBUG org.asynchttpclient.netty.request.NettyRequestSender - Using open Channel [id: 0xa28d3509, L:/127.0.0.1:59150 - R:localhost/127.0.0.1:52616] for GET '/session/ffeed1dc-d8f6-4f4b-87f9-831b73b64902/element/a05130f7-df2d-4691-974b-84e62c596b3c/name'
19:41:46.848 [AsyncHttpClient-1-16] DEBUG org.asynchttpclient.netty.handler.HttpHandler - 

Request DefaultFullHttpRequest(decodeResult: success, version: HTTP/1.1, content: EmptyByteBufBE)
GET /session/ffeed1dc-d8f6-4f4b-87f9-831b73b64902/element/a05130f7-df2d-4691-974b-84e62c596b3c/name HTTP/1.1
User-Agent: selenium/4.1.2 (java windows)
Cache-Control: no-cache
Content-Type: application/json; charset=utf-8
host: localhost:52616
accept: */*

Response DefaultHttpResponse(decodeResult: success, version: HTTP/1.1)
HTTP/1.1 200 OK
content-type: application/json; charset=utf-8
cache-control: no-cache
date: Sun, 09 Apr 2023 12:41:45 GMT
content-length: 16

19:41:46.848 [AsyncHttpClient-1-16] DEBUG org.asynchttpclient.netty.channel.ChannelManager - Adding key: http://localhost:52616 for channel [id: 0xa28d3509, L:/127.0.0.1:59150 - R:localhost/127.0.0.1:52616]
19:41:46.849 [Forwarding getElementTagName on session ffeed1dc-d8f6-4f4b-87f9-831b73b64902 to remote] DEBUG org.asynchttpclient.netty.request.NettyRequestSender - Using pooled Channel '[id: 0xa28d3509, L:/127.0.0.1:59150 - R:localhost/127.0.0.1:52616]' for 'GET' to 'http://localhost:52616/session/ffeed1dc-d8f6-4f4b-87f9-831b73b64902/element/a05130f7-df2d-4691-974b-84e62c596b3c/name'
19:41:46.849 [Forwarding getElementTagName on session ffeed1dc-d8f6-4f4b-87f9-831b73b64902 to remote] DEBUG org.asynchttpclient.netty.request.NettyRequestSender - Using open Channel [id: 0xa28d3509, L:/127.0.0.1:59150 - R:localhost/127.0.0.1:52616] for GET '/session/ffeed1dc-d8f6-4f4b-87f9-831b73b64902/element/a05130f7-df2d-4691-974b-84e62c596b3c/name'
19:41:46.857 [AsyncHttpClient-1-16] DEBUG org.asynchttpclient.netty.handler.HttpHandler - 

Request DefaultFullHttpRequest(decodeResult: success, version: HTTP/1.1, content: EmptyByteBufBE)
GET /session/ffeed1dc-d8f6-4f4b-87f9-831b73b64902/element/a05130f7-df2d-4691-974b-84e62c596b3c/name HTTP/1.1
User-Agent: selenium/4.1.2 (java windows)
Cache-Control: no-cache
Content-Type: application/json; charset=utf-8
host: localhost:52616
accept: */*

Response DefaultHttpResponse(decodeResult: success, version: HTTP/1.1)
HTTP/1.1 200 OK
content-type: application/json; charset=utf-8
cache-control: no-cache
date: Sun, 09 Apr 2023 12:41:45 GMT
content-length: 16

19:41:46.857 [AsyncHttpClient-1-16] DEBUG org.asynchttpclient.netty.channel.ChannelManager - Adding key: http://localhost:52616 for channel [id: 0xa28d3509, L:/127.0.0.1:59150 - R:localhost/127.0.0.1:52616]
19:41:46.860 [Forwarding findElement on session ffeed1dc-d8f6-4f4b-87f9-831b73b64902 to remote] DEBUG org.asynchttpclient.netty.request.NettyRequestSender - Using pooled Channel '[id: 0xa28d3509, L:/127.0.0.1:59150 - R:localhost/127.0.0.1:52616]' for 'POST' to 'http://localhost:52616/session/ffeed1dc-d8f6-4f4b-87f9-831b73b64902/element'
19:41:46.860 [Forwarding findElement on session ffeed1dc-d8f6-4f4b-87f9-831b73b64902 to remote] DEBUG org.asynchttpclient.netty.request.NettyRequestSender - Using open Channel [id: 0xa28d3509, L:/127.0.0.1:59150 - R:localhost/127.0.0.1:52616] for POST '/session/ffeed1dc-d8f6-4f4b-87f9-831b73b64902/element'
19:41:46.917 [AsyncHttpClient-1-16] DEBUG org.asynchttpclient.netty.handler.HttpHandler - 

Request DefaultHttpRequest(decodeResult: success, version: HTTP/1.1)
POST /session/ffeed1dc-d8f6-4f4b-87f9-831b73b64902/element HTTP/1.1
User-Agent: selenium/4.1.2 (java windows)
Content-Length: 81
Content-Type: application/json; charset=utf-8
host: localhost:52616
accept: */*

Response DefaultHttpResponse(decodeResult: success, version: HTTP/1.1)
HTTP/1.1 200 OK
content-type: application/json; charset=utf-8
cache-control: no-cache
date: Sun, 09 Apr 2023 12:41:45 GMT
content-length: 88

19:41:46.918 [AsyncHttpClient-1-16] DEBUG org.asynchttpclient.netty.channel.ChannelManager - Adding key: http://localhost:52616 for channel [id: 0xa28d3509, L:/127.0.0.1:59150 - R:localhost/127.0.0.1:52616]
19:41:46.919 [Forwarding clickElement on session ffeed1dc-d8f6-4f4b-87f9-831b73b64902 to remote] DEBUG org.asynchttpclient.netty.request.NettyRequestSender - Using pooled Channel '[id: 0xa28d3509, L:/127.0.0.1:59150 - R:localhost/127.0.0.1:52616]' for 'POST' to 'http://localhost:52616/session/ffeed1dc-d8f6-4f4b-87f9-831b73b64902/element/a05130f7-df2d-4691-974b-84e62c596b3c/click'
19:41:46.919 [Forwarding clickElement on session ffeed1dc-d8f6-4f4b-87f9-831b73b64902 to remote] DEBUG org.asynchttpclient.netty.request.NettyRequestSender - Using open Channel [id: 0xa28d3509, L:/127.0.0.1:59150 - R:localhost/127.0.0.1:52616] for POST '/session/ffeed1dc-d8f6-4f4b-87f9-831b73b64902/element/a05130f7-df2d-4691-974b-84e62c596b3c/click'
19:41:47.620 [AsyncHttpClient-1-16] DEBUG org.asynchttpclient.netty.handler.HttpHandler - 

Request DefaultHttpRequest(decodeResult: success, version: HTTP/1.1)
POST /session/ffeed1dc-d8f6-4f4b-87f9-831b73b64902/element/a05130f7-df2d-4691-974b-84e62c596b3c/click HTTP/1.1
User-Agent: selenium/4.1.2 (java windows)
Content-Length: 50
Content-Type: application/json; charset=utf-8
host: localhost:52616
accept: */*

Response DefaultHttpResponse(decodeResult: success, version: HTTP/1.1)
HTTP/1.1 200 OK
content-type: application/json; charset=utf-8
cache-control: no-cache
date: Sun, 09 Apr 2023 12:41:46 GMT
content-length: 14

19:41:47.620 [AsyncHttpClient-1-16] DEBUG org.asynchttpclient.netty.channel.ChannelManager - Adding key: http://localhost:52616 for channel [id: 0xa28d3509, L:/127.0.0.1:59150 - R:localhost/127.0.0.1:52616]
  &amp#27;[32mThen &amp#27;[0m&amp#27;[32mI click baby on the header&amp#27;[0m &amp#27;[90m# starter.stepdefinitions.BabyStep.iClickBabyOnTheHeader()&amp#27;[0m
19:41:47.625 [Forwarding screenshot on session ffeed1dc-d8f6-4f4b-87f9-831b73b64902 to remote] DEBUG org.asynchttpclient.netty.request.NettyRequestSender - Using pooled Channel '[id: 0xa28d3509, L:/127.0.0.1:59150 - R:localhost/127.0.0.1:52616]' for 'GET' to 'http://localhost:52616/session/ffeed1dc-d8f6-4f4b-87f9-831b73b64902/screenshot'
19:41:47.625 [Forwarding screenshot on session ffeed1dc-d8f6-4f4b-87f9-831b73b64902 to remote] DEBUG org.asynchttpclient.netty.request.NettyRequestSender - Using open Channel [id: 0xa28d3509, L:/127.0.0.1:59150 - R:localhost/127.0.0.1:52616] for GET '/session/ffeed1dc-d8f6-4f4b-87f9-831b73b64902/screenshot'
19:41:47.893 [AsyncHttpClient-1-16] DEBUG org.asynchttpclient.netty.handler.HttpHandler - 

Request DefaultFullHttpRequest(decodeResult: success, version: HTTP/1.1, content: EmptyByteBufBE)
GET /session/ffeed1dc-d8f6-4f4b-87f9-831b73b64902/screenshot HTTP/1.1
User-Agent: selenium/4.1.2 (java windows)
Cache-Control: no-cache
Content-Type: application/json; charset=utf-8
host: localhost:52616
accept: */*

Response DefaultHttpResponse(decodeResult: success, version: HTTP/1.1)
HTTP/1.1 200 OK
content-type: application/json; charset=utf-8
cache-control: no-cache
date: Sun, 09 Apr 2023 12:41:46 GMT
content-length: 98024

19:41:47.893 [AsyncHttpClient-1-16] DEBUG org.asynchttpclient.netty.channel.ChannelManager - Adding key: http://localhost:52616 for channel [id: 0xa28d3509, L:/127.0.0.1:59150 - R:localhost/127.0.0.1:52616]
19:41:47.897 [main] DEBUG net.serenitybdd.core.photography.Darkroom - Send negative for processing for target\site\serenity\bcb9a8d665d2c58a930e922f816fcc3ebc2aef855b882f3d531e7c9aa320b06d.png
19:41:47.916 [Forwarding findElement on session ffeed1dc-d8f6-4f4b-87f9-831b73b64902 to remote] DEBUG org.asynchttpclient.netty.request.NettyRequestSender - Using pooled Channel '[id: 0xa28d3509, L:/127.0.0.1:59150 - R:localhost/127.0.0.1:52616]' for 'POST' to 'http://localhost:52616/session/ffeed1dc-d8f6-4f4b-87f9-831b73b64902/element'
19:41:47.916 [Forwarding findElement on session ffeed1dc-d8f6-4f4b-87f9-831b73b64902 to remote] DEBUG org.asynchttpclient.netty.request.NettyRequestSender - Using open Channel [id: 0xa28d3509, L:/127.0.0.1:59150 - R:localhost/127.0.0.1:52616] for POST '/session/ffeed1dc-d8f6-4f4b-87f9-831b73b64902/element'
19:41:47.939 [AsyncHttpClient-1-16] DEBUG org.asynchttpclient.netty.handler.HttpHandler - 

Request DefaultHttpRequest(decodeResult: success, version: HTTP/1.1)
POST /session/ffeed1dc-d8f6-4f4b-87f9-831b73b64902/element HTTP/1.1
User-Agent: selenium/4.1.2 (java windows)
Content-Length: 110
Content-Type: application/json; charset=utf-8
host: localhost:52616
accept: */*

Response DefaultHttpResponse(decodeResult: success, version: HTTP/1.1)
HTTP/1.1 200 OK
content-type: application/json; charset=utf-8
cache-control: no-cache
date: Sun, 09 Apr 2023 12:41:46 GMT
content-length: 88

19:41:47.939 [AsyncHttpClient-1-16] DEBUG org.asynchttpclient.netty.channel.ChannelManager - Adding key: http://localhost:52616 for channel [id: 0xa28d3509, L:/127.0.0.1:59150 - R:localhost/127.0.0.1:52616]
19:41:47.941 [Forwarding getElementTagName on session ffeed1dc-d8f6-4f4b-87f9-831b73b64902 to remote] DEBUG org.asynchttpclient.netty.request.NettyRequestSender - Using pooled Channel '[id: 0xa28d3509, L:/127.0.0.1:59150 - R:localhost/127.0.0.1:52616]' for 'GET' to 'http://localhost:52616/session/ffeed1dc-d8f6-4f4b-87f9-831b73b64902/element/4efbe61f-dd22-459c-9b2d-4127b43e410b/name'
19:41:47.941 [Forwarding getElementTagName on session ffeed1dc-d8f6-4f4b-87f9-831b73b64902 to remote] DEBUG org.asynchttpclient.netty.request.NettyRequestSender - Using open Channel [id: 0xa28d3509, L:/127.0.0.1:59150 - R:localhost/127.0.0.1:52616] for GET '/session/ffeed1dc-d8f6-4f4b-87f9-831b73b64902/element/4efbe61f-dd22-459c-9b2d-4127b43e410b/name'
19:41:47.974 [AsyncHttpClient-1-16] DEBUG org.asynchttpclient.netty.handler.HttpHandler - 

Request DefaultFullHttpRequest(decodeResult: success, version: HTTP/1.1, content: EmptyByteBufBE)
GET /session/ffeed1dc-d8f6-4f4b-87f9-831b73b64902/element/4efbe61f-dd22-459c-9b2d-4127b43e410b/name HTTP/1.1
User-Agent: selenium/4.1.2 (java windows)
Cache-Control: no-cache
Content-Type: application/json; charset=utf-8
host: localhost:52616
accept: */*

Response DefaultHttpResponse(decodeResult: success, version: HTTP/1.1)
HTTP/1.1 200 OK
content-type: application/json; charset=utf-8
cache-control: no-cache
date: Sun, 09 Apr 2023 12:41:47 GMT
content-length: 16

19:41:47.974 [AsyncHttpClient-1-16] DEBUG org.asynchttpclient.netty.channel.ChannelManager - Adding key: http://localhost:52616 for channel [id: 0xa28d3509, L:/127.0.0.1:59150 - R:localhost/127.0.0.1:52616]
19:41:47.977 [Forwarding getElementTagName on session ffeed1dc-d8f6-4f4b-87f9-831b73b64902 to remote] DEBUG org.asynchttpclient.netty.request.NettyRequestSender - Using pooled Channel '[id: 0xa28d3509, L:/127.0.0.1:59150 - R:localhost/127.0.0.1:52616]' for 'GET' to 'http://localhost:52616/session/ffeed1dc-d8f6-4f4b-87f9-831b73b64902/element/4efbe61f-dd22-459c-9b2d-4127b43e410b/name'
19:41:47.977 [Forwarding getElementTagName on session ffeed1dc-d8f6-4f4b-87f9-831b73b64902 to remote] DEBUG org.asynchttpclient.netty.request.NettyRequestSender - Using open Channel [id: 0xa28d3509, L:/127.0.0.1:59150 - R:localhost/127.0.0.1:52616] for GET '/session/ffeed1dc-d8f6-4f4b-87f9-831b73b64902/element/4efbe61f-dd22-459c-9b2d-4127b43e410b/name'
19:41:48.101 [AsyncHttpClient-1-16] DEBUG org.asynchttpclient.netty.handler.HttpHandler - 

Request DefaultFullHttpRequest(decodeResult: success, version: HTTP/1.1, content: EmptyByteBufBE)
GET /session/ffeed1dc-d8f6-4f4b-87f9-831b73b64902/element/4efbe61f-dd22-459c-9b2d-4127b43e410b/name HTTP/1.1
User-Agent: selenium/4.1.2 (java windows)
Cache-Control: no-cache
Content-Type: application/json; charset=utf-8
host: localhost:52616
accept: */*

Response DefaultHttpResponse(decodeResult: success, version: HTTP/1.1)
HTTP/1.1 200 OK
content-type: application/json; charset=utf-8
cache-control: no-cache
date: Sun, 09 Apr 2023 12:41:47 GMT
content-length: 16

19:41:48.101 [AsyncHttpClient-1-16] DEBUG org.asynchttpclient.netty.channel.ChannelManager - Adding key: http://localhost:52616 for channel [id: 0xa28d3509, L:/127.0.0.1:59150 - R:localhost/127.0.0.1:52616]
19:41:48.104 [Forwarding findElement on session ffeed1dc-d8f6-4f4b-87f9-831b73b64902 to remote] DEBUG org.asynchttpclient.netty.request.NettyRequestSender - Using pooled Channel '[id: 0xa28d3509, L:/127.0.0.1:59150 - R:localhost/127.0.0.1:52616]' for 'POST' to 'http://localhost:52616/session/ffeed1dc-d8f6-4f4b-87f9-831b73b64902/element'
19:41:48.104 [Forwarding findElement on session ffeed1dc-d8f6-4f4b-87f9-831b73b64902 to remote] DEBUG org.asynchttpclient.netty.request.NettyRequestSender - Using open Channel [id: 0xa28d3509, L:/127.0.0.1:59150 - R:localhost/127.0.0.1:52616] for POST '/session/ffeed1dc-d8f6-4f4b-87f9-831b73b64902/element'
19:41:48.147 [AsyncHttpClient-1-16] DEBUG org.asynchttpclient.netty.handler.HttpHandler - 

Request DefaultHttpRequest(decodeResult: success, version: HTTP/1.1)
POST /session/ffeed1dc-d8f6-4f4b-87f9-831b73b64902/element HTTP/1.1
User-Agent: selenium/4.1.2 (java windows)
Content-Length: 110
Content-Type: application/json; charset=utf-8
host: localhost:52616
accept: */*

Response DefaultHttpResponse(decodeResult: success, version: HTTP/1.1)
HTTP/1.1 200 OK
content-type: application/json; charset=utf-8
cache-control: no-cache
date: Sun, 09 Apr 2023 12:41:47 GMT
content-length: 88

19:41:48.147 [AsyncHttpClient-1-16] DEBUG org.asynchttpclient.netty.channel.ChannelManager - Adding key: http://localhost:52616 for channel [id: 0xa28d3509, L:/127.0.0.1:59150 - R:localhost/127.0.0.1:52616]
19:41:48.148 [Forwarding clickElement on session ffeed1dc-d8f6-4f4b-87f9-831b73b64902 to remote] DEBUG org.asynchttpclient.netty.request.NettyRequestSender - Using pooled Channel '[id: 0xa28d3509, L:/127.0.0.1:59150 - R:localhost/127.0.0.1:52616]' for 'POST' to 'http://localhost:52616/session/ffeed1dc-d8f6-4f4b-87f9-831b73b64902/element/4efbe61f-dd22-459c-9b2d-4127b43e410b/click'
19:41:48.148 [Forwarding clickElement on session ffeed1dc-d8f6-4f4b-87f9-831b73b64902 to remote] DEBUG org.asynchttpclient.netty.request.NettyRequestSender - Using open Channel [id: 0xa28d3509, L:/127.0.0.1:59150 - R:localhost/127.0.0.1:52616] for POST '/session/ffeed1dc-d8f6-4f4b-87f9-831b73b64902/element/4efbe61f-dd22-459c-9b2d-4127b43e410b/click'
19:41:48.578 [AsyncHttpClient-1-16] DEBUG org.asynchttpclient.netty.handler.HttpHandler - 

Request DefaultHttpRequest(decodeResult: success, version: HTTP/1.1)
POST /session/ffeed1dc-d8f6-4f4b-87f9-831b73b64902/element/4efbe61f-dd22-459c-9b2d-4127b43e410b/click HTTP/1.1
User-Agent: selenium/4.1.2 (java windows)
Content-Length: 50
Content-Type: application/json; charset=utf-8
host: localhost:52616
accept: */*

Response DefaultHttpResponse(decodeResult: success, version: HTTP/1.1)
HTTP/1.1 200 OK
content-type: application/json; charset=utf-8
cache-control: no-cache
date: Sun, 09 Apr 2023 12:41:47 GMT
content-length: 14

19:41:48.579 [AsyncHttpClient-1-16] DEBUG org.asynchttpclient.netty.channel.ChannelManager - Adding key: http://localhost:52616 for channel [id: 0xa28d3509, L:/127.0.0.1:59150 - R:localhost/127.0.0.1:52616]
  &amp#27;[32mWhen &amp#27;[0m&amp#27;[32mI will go to &amp#27;[0m&amp#27;[32m&amp#27;[1m"dalamanAtas"&amp#27;[0m &amp#27;[90m# starter.stepdefinitions.BabyStep.iWillGoTo(java.lang.String)&amp#27;[0m
19:41:48.583 [Forwarding screenshot on session ffeed1dc-d8f6-4f4b-87f9-831b73b64902 to remote] DEBUG org.asynchttpclient.netty.request.NettyRequestSender - Using pooled Channel '[id: 0xa28d3509, L:/127.0.0.1:59150 - R:localhost/127.0.0.1:52616]' for 'GET' to 'http://localhost:52616/session/ffeed1dc-d8f6-4f4b-87f9-831b73b64902/screenshot'
19:41:48.583 [Forwarding screenshot on session ffeed1dc-d8f6-4f4b-87f9-831b73b64902 to remote] DEBUG org.asynchttpclient.netty.request.NettyRequestSender - Using open Channel [id: 0xa28d3509, L:/127.0.0.1:59150 - R:localhost/127.0.0.1:52616] for GET '/session/ffeed1dc-d8f6-4f4b-87f9-831b73b64902/screenshot'
19:41:48.712 [AsyncHttpClient-1-16] DEBUG org.asynchttpclient.netty.handler.HttpHandler - 

Request DefaultFullHttpRequest(decodeResult: success, version: HTTP/1.1, content: EmptyByteBufBE)
GET /session/ffeed1dc-d8f6-4f4b-87f9-831b73b64902/screenshot HTTP/1.1
User-Agent: selenium/4.1.2 (java windows)
Cache-Control: no-cache
Content-Type: application/json; charset=utf-8
host: localhost:52616
accept: */*

Response DefaultHttpResponse(decodeResult: success, version: HTTP/1.1)
HTTP/1.1 200 OK
content-type: application/json; charset=utf-8
cache-control: no-cache
date: Sun, 09 Apr 2023 12:41:47 GMT
content-length: 97216

19:41:48.713 [AsyncHttpClient-1-16] DEBUG org.asynchttpclient.netty.channel.ChannelManager - Adding key: http://localhost:52616 for channel [id: 0xa28d3509, L:/127.0.0.1:59150 - R:localhost/127.0.0.1:52616]
19:41:48.715 [main] DEBUG net.serenitybdd.core.photography.Darkroom - Send negative for processing for target\site\serenity\af32a398245c7303e6cdec103178ebf95c85f62a10d20c42624808177acc053f.png
19:41:48.716 [Darkroom Processing Line] DEBUG net.serenitybdd.core.photography.DarkroomProcessingLine - Processing screenshot image in /var/screenshots/screenshot-13278531103009101586
19:41:48.716 [Darkroom Processing Line] DEBUG net.serenitybdd.core.photography.DarkroomProcessingLine - Saving screenshot to target\site\serenity\af32a398245c7303e6cdec103178ebf95c85f62a10d20c42624808177acc053f.png
19:41:48.721 [Forwarding findElement on session ffeed1dc-d8f6-4f4b-87f9-831b73b64902 to remote] DEBUG org.asynchttpclient.netty.request.NettyRequestSender - Using pooled Channel '[id: 0xa28d3509, L:/127.0.0.1:59150 - R:localhost/127.0.0.1:52616]' for 'POST' to 'http://localhost:52616/session/ffeed1dc-d8f6-4f4b-87f9-831b73b64902/element'
19:41:48.721 [Forwarding findElement on session ffeed1dc-d8f6-4f4b-87f9-831b73b64902 to remote] DEBUG org.asynchttpclient.netty.request.NettyRequestSender - Using open Channel [id: 0xa28d3509, L:/127.0.0.1:59150 - R:localhost/127.0.0.1:52616] for POST '/session/ffeed1dc-d8f6-4f4b-87f9-831b73b64902/element'
19:41:49.037 [AsyncHttpClient-1-16] DEBUG org.asynchttpclient.netty.handler.HttpHandler - 

Request DefaultHttpRequest(decodeResult: success, version: HTTP/1.1)
POST /session/ffeed1dc-d8f6-4f4b-87f9-831b73b64902/element HTTP/1.1
User-Agent: selenium/4.1.2 (java windows)
Content-Length: 95
Content-Type: application/json; charset=utf-8
host: localhost:52616
accept: */*

Response DefaultHttpResponse(decodeResult: success, version: HTTP/1.1)
HTTP/1.1 200 OK
content-type: application/json; charset=utf-8
cache-control: no-cache
date: Sun, 09 Apr 2023 12:41:47 GMT
content-length: 88

19:41:49.037 [AsyncHttpClient-1-16] DEBUG org.asynchttpclient.netty.channel.ChannelManager - Adding key: http://localhost:52616 for channel [id: 0xa28d3509, L:/127.0.0.1:59150 - R:localhost/127.0.0.1:52616]
19:41:49.041 [Forwarding isElementDisplayed on session ffeed1dc-d8f6-4f4b-87f9-831b73b64902 to remote] DEBUG org.asynchttpclient.netty.request.NettyRequestSender - Using pooled Channel '[id: 0xa28d3509, L:/127.0.0.1:59150 - R:localhost/127.0.0.1:52616]' for 'POST' to 'http://localhost:52616/session/ffeed1dc-d8f6-4f4b-87f9-831b73b64902/execute/sync'
19:41:49.041 [Forwarding isElementDisplayed on session ffeed1dc-d8f6-4f4b-87f9-831b73b64902 to remote] DEBUG org.asynchttpclient.netty.request.NettyRequestSender - Using open Channel [id: 0xa28d3509, L:/127.0.0.1:59150 - R:localhost/127.0.0.1:52616] for POST '/session/ffeed1dc-d8f6-4f4b-87f9-831b73b64902/execute/sync'
19:41:49.056 [AsyncHttpClient-1-16] DEBUG org.asynchttpclient.netty.handler.HttpHandler - 

Request DefaultHttpRequest(decodeResult: success, version: HTTP/1.1)
POST /session/ffeed1dc-d8f6-4f4b-87f9-831b73b64902/execute/sync HTTP/1.1
User-Agent: selenium/4.1.2 (java windows)
Content-Length: 48780
Content-Type: application/json; charset=utf-8
host: localhost:52616
accept: */*

Response DefaultHttpResponse(decodeResult: success, version: HTTP/1.1)
HTTP/1.1 200 OK
content-type: application/json; charset=utf-8
cache-control: no-cache
date: Sun, 09 Apr 2023 12:41:49 GMT
content-length: 14

19:41:49.056 [AsyncHttpClient-1-16] DEBUG org.asynchttpclient.netty.channel.ChannelManager - Adding key: http://localhost:52616 for channel [id: 0xa28d3509, L:/127.0.0.1:59150 - R:localhost/127.0.0.1:52616]
  &amp#27;[32mAnd &amp#27;[0m&amp#27;[32mI &amp#27;[0m&amp#27;[32m&amp#27;[1m"txtDalamanAtas"&amp#27;[0m&amp#27;[32m page&amp#27;[0m     &amp#27;[90m# starter.stepdefinitions.BabyStep.iPage(java.lang.String)&amp#27;[0m
19:41:49.061 [Forwarding screenshot on session ffeed1dc-d8f6-4f4b-87f9-831b73b64902 to remote] DEBUG org.asynchttpclient.netty.request.NettyRequestSender - Using pooled Channel '[id: 0xa28d3509, L:/127.0.0.1:59150 - R:localhost/127.0.0.1:52616]' for 'GET' to 'http://localhost:52616/session/ffeed1dc-d8f6-4f4b-87f9-831b73b64902/screenshot'
19:41:49.062 [Forwarding screenshot on session ffeed1dc-d8f6-4f4b-87f9-831b73b64902 to remote] DEBUG org.asynchttpclient.netty.request.NettyRequestSender - Using open Channel [id: 0xa28d3509, L:/127.0.0.1:59150 - R:localhost/127.0.0.1:52616] for GET '/session/ffeed1dc-d8f6-4f4b-87f9-831b73b64902/screenshot'
19:41:49.095 [AsyncHttpClient-1-16] DEBUG org.asynchttpclient.netty.handler.HttpHandler - 

Request DefaultFullHttpRequest(decodeResult: success, version: HTTP/1.1, content: EmptyByteBufBE)
GET /session/ffeed1dc-d8f6-4f4b-87f9-831b73b64902/screenshot HTTP/1.1
User-Agent: selenium/4.1.2 (java windows)
Cache-Control: no-cache
Content-Type: application/json; charset=utf-8
host: localhost:52616
accept: */*

Response DefaultHttpResponse(decodeResult: success, version: HTTP/1.1)
HTTP/1.1 200 OK
content-type: application/json; charset=utf-8
cache-control: no-cache
date: Sun, 09 Apr 2023 12:41:49 GMT
content-length: 83032

19:41:49.095 [AsyncHttpClient-1-16] DEBUG org.asynchttpclient.netty.channel.ChannelManager - Adding key: http://localhost:52616 for channel [id: 0xa28d3509, L:/127.0.0.1:59150 - R:localhost/127.0.0.1:52616]
19:41:49.097 [main] DEBUG net.serenitybdd.core.photography.Darkroom - Send negative for processing for target\site\serenity\32c072b3b743ba4818183ee579780ca06c638760b521a1e92af699ffa15b051b.png
19:41:49.098 [Darkroom Processing Line] DEBUG net.serenitybdd.core.photography.DarkroomProcessingLine - Processing screenshot image in /var/screenshots/screenshot-12659590520225830863
19:41:49.098 [Darkroom Processing Line] DEBUG net.serenitybdd.core.photography.DarkroomProcessingLine - Saving screenshot to target\site\serenity\32c072b3b743ba4818183ee579780ca06c638760b521a1e92af699ffa15b051b.png
19:41:49.102 [Driver Command Executor] DEBUG org.asynchttpclient.netty.request.NettyRequestSender - Using pooled Channel '[id: 0xa28d3509, L:/127.0.0.1:59150 - R:localhost/127.0.0.1:52616]' for 'DELETE' to 'http://localhost:52616/session/ffeed1dc-d8f6-4f4b-87f9-831b73b64902'
19:41:49.102 [Driver Command Executor] DEBUG org.asynchttpclient.netty.request.NettyRequestSender - Using open Channel [id: 0xa28d3509, L:/127.0.0.1:59150 - R:localhost/127.0.0.1:52616] for DELETE '/session/ffeed1dc-d8f6-4f4b-87f9-831b73b64902'
19:41:49.936 [AsyncHttpClient-1-16] DEBUG org.asynchttpclient.netty.handler.HttpHandler - 

Request DefaultFullHttpRequest(decodeResult: success, version: HTTP/1.1, content: EmptyByteBufBE)
DELETE /session/ffeed1dc-d8f6-4f4b-87f9-831b73b64902 HTTP/1.1
User-Agent: selenium/4.1.2 (java windows)
Content-Type: application/json; charset=utf-8
host: localhost:52616
accept: */*

Response DefaultHttpResponse(decodeResult: success, version: HTTP/1.1)
HTTP/1.1 200 OK
content-type: application/json; charset=utf-8
cache-control: no-cache
date: Sun, 09 Apr 2023 12:41:49 GMT
content-length: 14

19:41:49.936 [AsyncHttpClient-1-16] DEBUG org.asynchttpclient.netty.channel.ChannelManager - Adding key: http://localhost:52616 for channel [id: 0xa28d3509, L:/127.0.0.1:59150 - R:localhost/127.0.0.1:52616]
19:41:49.938 [AsyncHttpClient-1-16] DEBUG org.asynchttpclient.netty.handler.HttpHandler - Unexpected I/O exception on channel [id: 0xa28d3509, L:/127.0.0.1:59150 - R:localhost/127.0.0.1:52616]
java.net.SocketException: Connection reset
	at java.base/sun.nio.ch.SocketChannelImpl.throwConnectionReset(SocketChannelImpl.java:345)
	at java.base/sun.nio.ch.SocketChannelImpl.read(SocketChannelImpl.java:376)
	at io.netty.buffer.PooledByteBuf.setBytes(PooledByteBuf.java:258)
	at io.netty.buffer.AbstractByteBuf.writeBytes(AbstractByteBuf.java:1132)
	at io.netty.channel.socket.nio.NioSocketChannel.doReadBytes(NioSocketChannel.java:350)
	at io.netty.channel.nio.AbstractNioByteChannel$NioByteUnsafe.read(AbstractNioByteChannel.java:151)
	at io.netty.channel.nio.NioEventLoop.processSelectedKey(NioEventLoop.java:722)
	at io.netty.channel.nio.NioEventLoop.processSelectedKeysOptimized(NioEventLoop.java:658)
	at io.netty.channel.nio.NioEventLoop.processSelectedKeys(NioEventLoop.java:584)
	at io.netty.channel.nio.NioEventLoop.run(NioEventLoop.java:496)
	at io.netty.util.concurrent.SingleThreadEventExecutor$4.run(SingleThreadEventExecutor.java:986)
	at io.netty.util.internal.ThreadExecutorMap$2.run(ThreadExecutorMap.java:74)
	at io.netty.util.concurrent.FastThreadLocalRunnable.run(FastThreadLocalRunnable.java:30)
	at java.base/java.lang.Thread.run(Thread.java:830)
19:41:49.938 [AsyncHttpClient-1-16] DEBUG org.asynchttpclient.netty.channel.ChannelManager - Closing Channel [id: 0xa28d3509, L:/127.0.0.1:59150 - R:localhost/127.0.0.1:52616] 
19:41:49.939 [AsyncHttpClient-1-16] DEBUG org.asynchttpclient.netty.handler.HttpHandler - Channel Closed: [id: 0xa28d3509, L:/127.0.0.1:59150 ! R:localhost/127.0.0.1:52616] with attribute DISCARD
]]></system-out>
    <system-err><![CDATA[1681044101487	geckodriver	INFO	Listening on 127.0.0.1:52616
1681044101983	mozrunner::runner	INFO	Running command: "C:\\Program Files\\Mozilla Firefox\\firefox.exe" "--marionette" "" "--remote-debugging-port" "61955" "--remote-allow-hosts" "localhost" "-no-remote" "-profile" "C:\\Users\\alwi\\AppData\\Local\\Temp\\rust_mozprofilev0xLc2"
console.warn: services.settings: Ignoring preference override of remote settings server
console.warn: services.settings: Allow by setting MOZ_REMOTE_SETTINGS_DEVTOOLS=1 in the environment
1681044102324	Marionette	INFO	Marionette enabled
Dynamically enable window occlusion 0
1681044102329	Marionette	INFO	Listening on port 59153
WebDriver BiDi listening on ws://127.0.0.1:61955
Read port: 59153
1681044102713	RemoteAgent	WARN	TLS certificate errors will be ignored for this session
console.warn: SearchSettings: "get: No settings file exists, new profile?" (new NotFoundError("Could not open the file at C:\\Users\\alwi\\AppData\\Local\\Temp\\rust_mozprofilev0xLc2\\search.json.mozlz4", (void 0)))
DevTools listening on ws://127.0.0.1:61955/devtools/browser/c5c51836-a1aa-4990-a409-fedfe04a0056
Apr 09, 2023 7:41:44 PM org.openqa.selenium.remote.ProtocolHandshake createSession
INFO: Detected dialect: W3C
JavaScript warning: https://www.uniqlo.com/oQfZRN8zACRR/OQ/-x_RMR-EGX/k95OLrhJQ5/OXl6GHI5AQ/PnUdVS/RrZQs, line 1: unreachable code after return statement
JavaScript warning: https://www.uniqlo.com/id/elgnisolqinu.js?async&seed=AECl_mWHAQAAhXleUcVgnU2eEowETsYZDsExG9MVfyypS8j2a8yO2N_NY-zV&x-i1ysm4mm--z=q, line 1: WEBGL_debug_renderer_info is deprecated in Firefox and will be removed. Please use RENDERER.
JavaScript warning: https://www.uniqlo.com/oQfZRN8zACRR/OQ/-x_RMR-EGX/k95OLrhJQ5/OXl6GHI5AQ/PnUdVS/RrZQs, line 1: WEBGL_debug_renderer_info is deprecated in Firefox and will be removed. Please use RENDERER.
1681044109104	Marionette	INFO	Stopped listening on port 59153
Dynamically enable window occlusion 1
WARNING: A blocker encountered an error while we were waiting.
          Blocker:  Waiting for ping task
          Phase: TelemetryController: Waiting for pending ping activity
          State: (none)
WARNING: Error: Phase "profile-before-change" is finished, it is too late to register completion condition "OS.File: flush I/O queued before profileBeforeChange"
WARNING: addBlocker@resource://gre/modules/AsyncShutdown.sys.mjs:727:15
addBlocker@resource://gre/modules/AsyncShutdown.sys.mjs:523:26
addBlocker@resource://gre/modules/AsyncShutdown.sys.mjs:458:15
setupShutdown@resource://gre/modules/osfile/osfile_async_front.jsm:1548:28
@resource://gre/modules/osfile/osfile_async_front.jsm:1568:16
@resource://gre/modules/osfile.jsm:12:30
@resource://gre/modules/TelemetryStorage.sys.mjs:10:28
_checkPendingPings@resource://gre/modules/TelemetrySend.sys.mjs:863:17
setup@resource://gre/modules/TelemetrySend.sys.mjs:803:18
setup@resource://gre/modules/TelemetrySend.sys.mjs:241:30
setupTelemetry/this._delayedInitTask<@resource://gre/modules/TelemetryControllerParent.sys.mjs:828:36
observe@resource://gre/modules/AsyncShutdown.sys.mjs:576:16

console.error: "TelemetryScheduler.shutdown - Already shut down"
WARNING: A blocker encountered an error while we were waiting.
          Blocker:  Waiting for ping task
          Phase: TelemetryController: Waiting for pending ping activity
          State: (none)
WARNING: Error: Phase "profile-before-change" is finished, it is too late to register completion condition "OS.File: flush I/O queued before profileBeforeChange"
WARNING: addBlocker@resource://gre/modules/AsyncShutdown.sys.mjs:727:15
addBlocker@resource://gre/modules/AsyncShutdown.sys.mjs:523:26
addBlocker@resource://gre/modules/AsyncShutdown.sys.mjs:458:15
setupShutdown@resource://gre/modules/osfile/osfile_async_front.jsm:1548:28
@resource://gre/modules/osfile/osfile_async_front.jsm:1568:16
@resource://gre/modules/osfile.jsm:12:30
@resource://gre/modules/TelemetryStorage.sys.mjs:10:28
_checkPendingPings@resource://gre/modules/TelemetrySend.sys.mjs:863:17
setup@resource://gre/modules/TelemetrySend.sys.mjs:803:18
setup@resource://gre/modules/TelemetrySend.sys.mjs:241:30
setupTelemetry/this._delayedInitTask<@resource://gre/modules/TelemetryControllerParent.sys.mjs:828:36
observe@resource://gre/modules/AsyncShutdown.sys.mjs:576:16

WARNING: A blocker encountered an error while we were waiting.
          Blocker:  Waiting for ping task
          Phase: TelemetryController: Waiting for pending ping activity
          State: (none)
WARNING: Error: Phase "profile-before-change" is finished, it is too late to register completion condition "OS.File: flush I/O queued before profileBeforeChange"
WARNING: addBlocker@resource://gre/modules/AsyncShutdown.sys.mjs:727:15
addBlocker@resource://gre/modules/AsyncShutdown.sys.mjs:523:26
addBlocker@resource://gre/modules/AsyncShutdown.sys.mjs:458:15
setupShutdown@resource://gre/modules/osfile/osfile_async_front.jsm:1548:28
@resource://gre/modules/osfile/osfile_async_front.jsm:1568:16
@resource://gre/modules/osfile.jsm:12:30
@resource://gre/modules/TelemetryStorage.sys.mjs:10:28
_checkPendingPings@resource://gre/modules/TelemetrySend.sys.mjs:863:17
setup@resource://gre/modules/TelemetrySend.sys.mjs:803:18
setup@resource://gre/modules/TelemetrySend.sys.mjs:241:30
setupTelemetry/this._delayedInitTask<@resource://gre/modules/TelemetryControllerParent.sys.mjs:828:36
observe@resource://gre/modules/AsyncShutdown.sys.mjs:576:16

WARNING: A blocker encountered an error while we were waiting.
          Blocker:  TelemetryController: shutting down
          Phase: profile-before-change-telemetry
          State: Error getting state: Error: Phase "profile-before-change" is finished, it is too late to register completion condition "OS.File: flush I/O queued before profileBeforeChange" at addBlocker@resource://gre/modules/AsyncShutdown.sys.mjs:727:15
addBlocker@resource://gre/modules/AsyncShutdown.sys.mjs:523:26
addBlocker@resource://gre/modules/AsyncShutdown.sys.mjs:458:15
setupShutdown@resource://gre/modules/osfile/osfile_async_front.jsm:1548:28
@resource://gre/modules/osfile/osfile_async_front.jsm:1568:16
@resource://gre/modules/osfile.jsm:12:30
@resource://gre/modules/TelemetryStorage.sys.mjs:10:28
_checkPendingPings@resource://gre/modules/TelemetrySend.sys.mjs:863:17
setup@resource://gre/modules/TelemetrySend.sys.mjs:803:18
setup@resource://gre/modules/TelemetrySend.sys.mjs:241:30
setupTelemetry/this._delayedInitTask<@resource://gre/modules/TelemetryControllerParent.sys.mjs:828:36
observe@resource://gre/modules/AsyncShutdown.sys.mjs:576:16

WARNING: Error: Phase "profile-before-change" is finished, it is too late to register completion condition "OS.File: flush I/O queued before profileBeforeChange"
WARNING: addBlocker@resource://gre/modules/AsyncShutdown.sys.mjs:727:15
addBlocker@resource://gre/modules/AsyncShutdown.sys.mjs:523:26
addBlocker@resource://gre/modules/AsyncShutdown.sys.mjs:458:15
setupShutdown@resource://gre/modules/osfile/osfile_async_front.jsm:1548:28
@resource://gre/modules/osfile/osfile_async_front.jsm:1568:16
@resource://gre/modules/osfile.jsm:12:30
@resource://gre/modules/TelemetryStorage.sys.mjs:10:28
_checkPendingPings@resource://gre/modules/TelemetrySend.sys.mjs:863:17
setup@resource://gre/modules/TelemetrySend.sys.mjs:803:18
setup@resource://gre/modules/TelemetrySend.sys.mjs:241:30
setupTelemetry/this._delayedInitTask<@resource://gre/modules/TelemetryControllerParent.sys.mjs:828:36
observe@resource://gre/modules/AsyncShutdown.sys.mjs:576:16

JavaScript error: resource://gre/modules/AsyncShutdown.sys.mjs, line 727: Error: Phase "profile-before-change" is finished, it is too late to register completion condition "OS.File: flush I/O queued before profileBeforeChange"
JavaScript error: resource://gre/modules/AsyncShutdown.sys.mjs, line 727: Error: Phase "profile-before-change" is finished, it is too late to register completion condition "OS.File: flush I/O queued before profileBeforeChange"
JavaScript error: resource://gre/modules/AsyncShutdown.sys.mjs, line 727: Error: Phase "profile-before-change" is finished, it is too late to register completion condition "OS.File: flush I/O queued before profileBeforeChange"
JavaScript error: resource://gre/modules/AsyncShutdown.sys.mjs, line 727: Error: Phase "profile-before-change" is finished, it is too late to register completion condition "OS.File: flush I/O queued before profileBeforeChange"
JavaScript error: resource://gre/modules/AsyncShutdown.sys.mjs, line 727: Error: Phase "profile-before-change" is finished, it is too late to register completion condition "OS.File: flush I/O queued before profileBeforeChange"
JavaScript error: resource://gre/modules/AsyncShutdown.sys.mjs, line 727: Error: Phase "profile-before-change" is finished, it is too late to register completion condition "OS.File: flush I/O queued before profileBeforeChange"
]]></system-err>
  </testcase>
  <testcase name="Fitur Menu Baby #24" classname="Baby" time="8.326">
    <system-out><![CDATA[
@baby
Scenario Outline: Fitur Menu Baby &amp#27;[90m# src/test/resources/features/Baby.feature:36&amp#27;[0m
19:41:50.007 [main] INFO io.cucumber.core.plugin.SerenityReporter - Running feature from file:///C:/Users/alwi/IdeaProjects/uniqloweb/src/test/resources/features/Baby.feature
19:41:50.016 [main] INFO net.serenitybdd.core.webdriver.driverproviders.FirefoxDriverProvider - Using automatically driver download
19:41:50.111 [main] DEBUG io.github.bonigarcia.wdm.cache.ResolutionCache - Resolution firefox=111 in cache (valid until 20:30:50 09/04/2023 WIB)
19:41:50.114 [main] DEBUG io.github.bonigarcia.wdm.cache.ResolutionCache - Resolution firefox111=0.32.2 in cache (valid until 19:30:50 10/04/2023 WIB)
19:41:50.116 [main] INFO io.github.bonigarcia.wdm.WebDriverManager - Using geckodriver 0.32.2 (resolved driver for Firefox 111)
19:41:50.126 [main] DEBUG io.github.bonigarcia.wdm.WebDriverManager - Driver geckodriver 0.32.2 found in cache
19:41:50.127 [main] INFO io.github.bonigarcia.wdm.WebDriverManager - Exporting webdriver.gecko.driver as C:\Users\alwi\.cache\selenium\geckodriver\win64\0.32.2\geckodriver.exe
19:41:50.138 [main] DEBUG net.serenitybdd.core.webdriver.driverproviders.ProvideNewDriver - Instantiating driver
19:41:50.138 [main] DEBUG net.serenitybdd.core.webdriver.driverproviders.ProvideNewDriver - Driver capabilities: Capabilities {acceptInsecureCerts: true, browserName: firefox, moz:debuggerAddress: true, moz:firefoxOptions: {args: [], profile: UEsDBBQACAgIADmdiVYAAAAAAAA...}}
19:41:50.424 [AsyncHttpClient-1-1] DEBUG org.asynchttpclient.netty.channel.DefaultChannelPool - Entry count for : http://localhost:52616 : 1
19:41:50.424 [AsyncHttpClient-1-1] DEBUG org.asynchttpclient.netty.channel.DefaultChannelPool - Adding Candidate expired Channel [id: 0xa28d3509, L:/127.0.0.1:59150 ! R:localhost/127.0.0.1:52616] isIdleTimeoutExpired=false isRemotelyClosed=true isTtlExpired=false
19:41:50.424 [AsyncHttpClient-1-1] DEBUG org.asynchttpclient.netty.channel.DefaultChannelPool - Closing Idle Channel [id: 0xa28d3509, L:/127.0.0.1:59150 ! R:localhost/127.0.0.1:52616]
19:41:50.424 [AsyncHttpClient-1-1] DEBUG org.asynchttpclient.netty.channel.DefaultChannelPool - Closed 1 connections out of 1 in 0 ms
19:41:50.662 [AsyncHttpClient-1-2] DEBUG org.asynchttpclient.netty.channel.NettyConnectListener - Using new Channel '[id: 0xcd316ddf, L:/127.0.0.1:59272 - R:localhost/127.0.0.1:60457]' for 'POST' to '/session'
19:41:52.964 [AsyncHttpClient-1-2] DEBUG org.asynchttpclient.netty.handler.HttpHandler - 

Request DefaultHttpRequest(decodeResult: success, version: HTTP/1.1)
POST /session HTTP/1.1
User-Agent: selenium/4.1.2 (java windows)
Content-Length: 3673
Content-Type: application/json; charset=utf-8
host: localhost:60457
accept: */*

Response DefaultHttpResponse(decodeResult: success, version: HTTP/1.1)
HTTP/1.1 200 OK
content-type: application/json; charset=utf-8
cache-control: no-cache
date: Sun, 09 Apr 2023 12:41:50 GMT
content-length: 790

19:41:52.964 [AsyncHttpClient-1-2] DEBUG org.asynchttpclient.netty.channel.ChannelManager - Adding key: http://localhost:60457 for channel [id: 0xcd316ddf, L:/127.0.0.1:59272 - R:localhost/127.0.0.1:60457]
19:41:52.972 [AsyncHttpClient-1-3] DEBUG org.asynchttpclient.netty.channel.NettyConnectListener - Using new Channel '[id: 0x09eb05ab, L:/127.0.0.1:59286 - R:/127.0.0.1:59064]' for 'GET' to '/json/version'
19:41:52.975 [AsyncHttpClient-1-3] DEBUG org.asynchttpclient.netty.handler.HttpHandler - 

Request DefaultFullHttpRequest(decodeResult: success, version: HTTP/1.1, content: EmptyByteBufBE)
GET /json/version HTTP/1.1
User-Agent: selenium/4.1.2 (java windows)
host: 127.0.0.1:59064
accept: */*

Response DefaultHttpResponse(decodeResult: success, version: HTTP/1.1)
HTTP/1.1 200 OK
content-type: application/json
connection: close
server: httpd.js
date: Sun, 09 Apr 2023 12:41:52 GMT
content-length: 311

19:41:52.976 [AsyncHttpClient-1-3] DEBUG org.asynchttpclient.netty.channel.ChannelManager - Closing Channel [id: 0x09eb05ab, L:/127.0.0.1:59286 - R:/127.0.0.1:59064] 
19:41:52.976 [AsyncHttpClient-1-3] DEBUG org.asynchttpclient.netty.handler.HttpHandler - Channel Closed: [id: 0x09eb05ab, L:/127.0.0.1:59286 ! R:/127.0.0.1:59064] with attribute DISCARD
19:41:52.979 [Forwarding get on session c82f3f43-4a56-4e46-ae6f-030867fe22e0 to remote] DEBUG org.asynchttpclient.netty.request.NettyRequestSender - Using pooled Channel '[id: 0xcd316ddf, L:/127.0.0.1:59272 - R:localhost/127.0.0.1:60457]' for 'POST' to 'http://localhost:60457/session/c82f3f43-4a56-4e46-ae6f-030867fe22e0/url'
19:41:52.979 [Forwarding get on session c82f3f43-4a56-4e46-ae6f-030867fe22e0 to remote] DEBUG org.asynchttpclient.netty.request.NettyRequestSender - Using open Channel [id: 0xcd316ddf, L:/127.0.0.1:59272 - R:localhost/127.0.0.1:60457] for POST '/session/c82f3f43-4a56-4e46-ae6f-030867fe22e0/url'
19:41:54.891 [AsyncHttpClient-1-2] DEBUG org.asynchttpclient.netty.handler.HttpHandler - 

Request DefaultHttpRequest(decodeResult: success, version: HTTP/1.1)
POST /session/c82f3f43-4a56-4e46-ae6f-030867fe22e0/url HTTP/1.1
User-Agent: selenium/4.1.2 (java windows)
Content-Length: 53
Content-Type: application/json; charset=utf-8
host: localhost:60457
accept: */*

Response DefaultHttpResponse(decodeResult: success, version: HTTP/1.1)
HTTP/1.1 200 OK
content-type: application/json; charset=utf-8
cache-control: no-cache
date: Sun, 09 Apr 2023 12:41:52 GMT
content-length: 14

19:41:54.891 [AsyncHttpClient-1-2] DEBUG org.asynchttpclient.netty.channel.ChannelManager - Adding key: http://localhost:60457 for channel [id: 0xcd316ddf, L:/127.0.0.1:59272 - R:localhost/127.0.0.1:60457]
19:41:54.892 [Forwarding setTimeout on session c82f3f43-4a56-4e46-ae6f-030867fe22e0 to remote] DEBUG org.asynchttpclient.netty.request.NettyRequestSender - Using pooled Channel '[id: 0xcd316ddf, L:/127.0.0.1:59272 - R:localhost/127.0.0.1:60457]' for 'POST' to 'http://localhost:60457/session/c82f3f43-4a56-4e46-ae6f-030867fe22e0/timeouts'
19:41:54.892 [Forwarding setTimeout on session c82f3f43-4a56-4e46-ae6f-030867fe22e0 to remote] DEBUG org.asynchttpclient.netty.request.NettyRequestSender - Using open Channel [id: 0xcd316ddf, L:/127.0.0.1:59272 - R:localhost/127.0.0.1:60457] for POST '/session/c82f3f43-4a56-4e46-ae6f-030867fe22e0/timeouts'
19:41:54.896 [AsyncHttpClient-1-2] DEBUG org.asynchttpclient.netty.handler.HttpHandler - 

Request DefaultHttpRequest(decodeResult: success, version: HTTP/1.1)
POST /session/c82f3f43-4a56-4e46-ae6f-030867fe22e0/timeouts HTTP/1.1
User-Agent: selenium/4.1.2 (java windows)
Content-Length: 22
Content-Type: application/json; charset=utf-8
host: localhost:60457
accept: */*

Response DefaultHttpResponse(decodeResult: success, version: HTTP/1.1)
HTTP/1.1 200 OK
content-type: application/json; charset=utf-8
cache-control: no-cache
date: Sun, 09 Apr 2023 12:41:54 GMT
content-length: 14

19:41:54.896 [AsyncHttpClient-1-2] DEBUG org.asynchttpclient.netty.channel.ChannelManager - Adding key: http://localhost:60457 for channel [id: 0xcd316ddf, L:/127.0.0.1:59272 - R:localhost/127.0.0.1:60457]
19:41:54.899 [Forwarding getCurrentUrl on session c82f3f43-4a56-4e46-ae6f-030867fe22e0 to remote] DEBUG org.asynchttpclient.netty.request.NettyRequestSender - Using pooled Channel '[id: 0xcd316ddf, L:/127.0.0.1:59272 - R:localhost/127.0.0.1:60457]' for 'GET' to 'http://localhost:60457/session/c82f3f43-4a56-4e46-ae6f-030867fe22e0/url'
19:41:54.899 [Forwarding getCurrentUrl on session c82f3f43-4a56-4e46-ae6f-030867fe22e0 to remote] DEBUG org.asynchttpclient.netty.request.NettyRequestSender - Using open Channel [id: 0xcd316ddf, L:/127.0.0.1:59272 - R:localhost/127.0.0.1:60457] for GET '/session/c82f3f43-4a56-4e46-ae6f-030867fe22e0/url'
19:41:54.900 [AsyncHttpClient-1-2] DEBUG org.asynchttpclient.netty.handler.HttpHandler - 

Request DefaultFullHttpRequest(decodeResult: success, version: HTTP/1.1, content: EmptyByteBufBE)
GET /session/c82f3f43-4a56-4e46-ae6f-030867fe22e0/url HTTP/1.1
User-Agent: selenium/4.1.2 (java windows)
Cache-Control: no-cache
Content-Type: application/json; charset=utf-8
host: localhost:60457
accept: */*

Response DefaultHttpResponse(decodeResult: success, version: HTTP/1.1)
HTTP/1.1 200 OK
content-type: application/json; charset=utf-8
cache-control: no-cache
date: Sun, 09 Apr 2023 12:41:54 GMT
content-length: 41

19:41:54.901 [AsyncHttpClient-1-2] DEBUG org.asynchttpclient.netty.channel.ChannelManager - Adding key: http://localhost:60457 for channel [id: 0xcd316ddf, L:/127.0.0.1:59272 - R:localhost/127.0.0.1:60457]
  &amp#27;[32mGiven &amp#27;[0m&amp#27;[32mI am on the home page&amp#27;[0m     &amp#27;[90m# starter.stepdefinitions.BabyStep.iAmOnTheHomePage()&amp#27;[0m
19:41:54.905 [Forwarding screenshot on session c82f3f43-4a56-4e46-ae6f-030867fe22e0 to remote] DEBUG org.asynchttpclient.netty.request.NettyRequestSender - Using pooled Channel '[id: 0xcd316ddf, L:/127.0.0.1:59272 - R:localhost/127.0.0.1:60457]' for 'GET' to 'http://localhost:60457/session/c82f3f43-4a56-4e46-ae6f-030867fe22e0/screenshot'
19:41:54.905 [Forwarding screenshot on session c82f3f43-4a56-4e46-ae6f-030867fe22e0 to remote] DEBUG org.asynchttpclient.netty.request.NettyRequestSender - Using open Channel [id: 0xcd316ddf, L:/127.0.0.1:59272 - R:localhost/127.0.0.1:60457] for GET '/session/c82f3f43-4a56-4e46-ae6f-030867fe22e0/screenshot'
19:41:55.054 [AsyncHttpClient-1-2] DEBUG org.asynchttpclient.netty.handler.HttpHandler - 

Request DefaultFullHttpRequest(decodeResult: success, version: HTTP/1.1, content: EmptyByteBufBE)
GET /session/c82f3f43-4a56-4e46-ae6f-030867fe22e0/screenshot HTTP/1.1
User-Agent: selenium/4.1.2 (java windows)
Cache-Control: no-cache
Content-Type: application/json; charset=utf-8
host: localhost:60457
accept: */*

Response DefaultHttpResponse(decodeResult: success, version: HTTP/1.1)
HTTP/1.1 200 OK
content-type: application/json; charset=utf-8
cache-control: no-cache
date: Sun, 09 Apr 2023 12:41:54 GMT
content-length: 97384

19:41:55.054 [AsyncHttpClient-1-2] DEBUG org.asynchttpclient.netty.channel.ChannelManager - Adding key: http://localhost:60457 for channel [id: 0xcd316ddf, L:/127.0.0.1:59272 - R:localhost/127.0.0.1:60457]
19:41:55.057 [main] DEBUG net.serenitybdd.core.photography.Darkroom - Send negative for processing for target\site\serenity\56ad871a734b57f03748ff43a279e4992ca055c510e90187a96a51c294237334.png
19:41:55.058 [Darkroom Processing Line] DEBUG net.serenitybdd.core.photography.DarkroomProcessingLine - Processing screenshot image in /var/screenshots/screenshot-14560447509414563434
19:41:55.058 [Darkroom Processing Line] DEBUG net.serenitybdd.core.photography.DarkroomProcessingLine - Saving screenshot to target\site\serenity\56ad871a734b57f03748ff43a279e4992ca055c510e90187a96a51c294237334.png
19:41:55.067 [Forwarding findElement on session c82f3f43-4a56-4e46-ae6f-030867fe22e0 to remote] DEBUG org.asynchttpclient.netty.request.NettyRequestSender - Using pooled Channel '[id: 0xcd316ddf, L:/127.0.0.1:59272 - R:localhost/127.0.0.1:60457]' for 'POST' to 'http://localhost:60457/session/c82f3f43-4a56-4e46-ae6f-030867fe22e0/element'
19:41:55.067 [Forwarding findElement on session c82f3f43-4a56-4e46-ae6f-030867fe22e0 to remote] DEBUG org.asynchttpclient.netty.request.NettyRequestSender - Using open Channel [id: 0xcd316ddf, L:/127.0.0.1:59272 - R:localhost/127.0.0.1:60457] for POST '/session/c82f3f43-4a56-4e46-ae6f-030867fe22e0/element'
19:41:55.390 [AsyncHttpClient-1-2] DEBUG org.asynchttpclient.netty.handler.HttpHandler - 

Request DefaultHttpRequest(decodeResult: success, version: HTTP/1.1)
POST /session/c82f3f43-4a56-4e46-ae6f-030867fe22e0/element HTTP/1.1
User-Agent: selenium/4.1.2 (java windows)
Content-Length: 81
Content-Type: application/json; charset=utf-8
host: localhost:60457
accept: */*

Response DefaultHttpResponse(decodeResult: success, version: HTTP/1.1)
HTTP/1.1 200 OK
content-type: application/json; charset=utf-8
cache-control: no-cache
date: Sun, 09 Apr 2023 12:41:54 GMT
content-length: 88

19:41:55.390 [AsyncHttpClient-1-2] DEBUG org.asynchttpclient.netty.channel.ChannelManager - Adding key: http://localhost:60457 for channel [id: 0xcd316ddf, L:/127.0.0.1:59272 - R:localhost/127.0.0.1:60457]
19:41:55.392 [Forwarding getElementTagName on session c82f3f43-4a56-4e46-ae6f-030867fe22e0 to remote] DEBUG org.asynchttpclient.netty.request.NettyRequestSender - Using pooled Channel '[id: 0xcd316ddf, L:/127.0.0.1:59272 - R:localhost/127.0.0.1:60457]' for 'GET' to 'http://localhost:60457/session/c82f3f43-4a56-4e46-ae6f-030867fe22e0/element/5f5a326b-5642-4352-b6de-3b0ecb11a884/name'
19:41:55.392 [Forwarding getElementTagName on session c82f3f43-4a56-4e46-ae6f-030867fe22e0 to remote] DEBUG org.asynchttpclient.netty.request.NettyRequestSender - Using open Channel [id: 0xcd316ddf, L:/127.0.0.1:59272 - R:localhost/127.0.0.1:60457] for GET '/session/c82f3f43-4a56-4e46-ae6f-030867fe22e0/element/5f5a326b-5642-4352-b6de-3b0ecb11a884/name'
19:41:55.403 [AsyncHttpClient-1-2] DEBUG org.asynchttpclient.netty.handler.HttpHandler - 

Request DefaultFullHttpRequest(decodeResult: success, version: HTTP/1.1, content: EmptyByteBufBE)
GET /session/c82f3f43-4a56-4e46-ae6f-030867fe22e0/element/5f5a326b-5642-4352-b6de-3b0ecb11a884/name HTTP/1.1
User-Agent: selenium/4.1.2 (java windows)
Cache-Control: no-cache
Content-Type: application/json; charset=utf-8
host: localhost:60457
accept: */*

Response DefaultHttpResponse(decodeResult: success, version: HTTP/1.1)
HTTP/1.1 200 OK
content-type: application/json; charset=utf-8
cache-control: no-cache
date: Sun, 09 Apr 2023 12:41:54 GMT
content-length: 16

19:41:55.404 [AsyncHttpClient-1-2] DEBUG org.asynchttpclient.netty.channel.ChannelManager - Adding key: http://localhost:60457 for channel [id: 0xcd316ddf, L:/127.0.0.1:59272 - R:localhost/127.0.0.1:60457]
19:41:55.406 [Forwarding getElementTagName on session c82f3f43-4a56-4e46-ae6f-030867fe22e0 to remote] DEBUG org.asynchttpclient.netty.request.NettyRequestSender - Using pooled Channel '[id: 0xcd316ddf, L:/127.0.0.1:59272 - R:localhost/127.0.0.1:60457]' for 'GET' to 'http://localhost:60457/session/c82f3f43-4a56-4e46-ae6f-030867fe22e0/element/5f5a326b-5642-4352-b6de-3b0ecb11a884/name'
19:41:55.406 [Forwarding getElementTagName on session c82f3f43-4a56-4e46-ae6f-030867fe22e0 to remote] DEBUG org.asynchttpclient.netty.request.NettyRequestSender - Using open Channel [id: 0xcd316ddf, L:/127.0.0.1:59272 - R:localhost/127.0.0.1:60457] for GET '/session/c82f3f43-4a56-4e46-ae6f-030867fe22e0/element/5f5a326b-5642-4352-b6de-3b0ecb11a884/name'
19:41:55.481 [AsyncHttpClient-1-2] DEBUG org.asynchttpclient.netty.handler.HttpHandler - 

Request DefaultFullHttpRequest(decodeResult: success, version: HTTP/1.1, content: EmptyByteBufBE)
GET /session/c82f3f43-4a56-4e46-ae6f-030867fe22e0/element/5f5a326b-5642-4352-b6de-3b0ecb11a884/name HTTP/1.1
User-Agent: selenium/4.1.2 (java windows)
Cache-Control: no-cache
Content-Type: application/json; charset=utf-8
host: localhost:60457
accept: */*

Response DefaultHttpResponse(decodeResult: success, version: HTTP/1.1)
HTTP/1.1 200 OK
content-type: application/json; charset=utf-8
cache-control: no-cache
date: Sun, 09 Apr 2023 12:41:54 GMT
content-length: 16

19:41:55.481 [AsyncHttpClient-1-2] DEBUG org.asynchttpclient.netty.channel.ChannelManager - Adding key: http://localhost:60457 for channel [id: 0xcd316ddf, L:/127.0.0.1:59272 - R:localhost/127.0.0.1:60457]
19:41:55.482 [Forwarding findElement on session c82f3f43-4a56-4e46-ae6f-030867fe22e0 to remote] DEBUG org.asynchttpclient.netty.request.NettyRequestSender - Using pooled Channel '[id: 0xcd316ddf, L:/127.0.0.1:59272 - R:localhost/127.0.0.1:60457]' for 'POST' to 'http://localhost:60457/session/c82f3f43-4a56-4e46-ae6f-030867fe22e0/element'
19:41:55.483 [Forwarding findElement on session c82f3f43-4a56-4e46-ae6f-030867fe22e0 to remote] DEBUG org.asynchttpclient.netty.request.NettyRequestSender - Using open Channel [id: 0xcd316ddf, L:/127.0.0.1:59272 - R:localhost/127.0.0.1:60457] for POST '/session/c82f3f43-4a56-4e46-ae6f-030867fe22e0/element'
19:41:55.488 [AsyncHttpClient-1-2] DEBUG org.asynchttpclient.netty.handler.HttpHandler - 

Request DefaultHttpRequest(decodeResult: success, version: HTTP/1.1)
POST /session/c82f3f43-4a56-4e46-ae6f-030867fe22e0/element HTTP/1.1
User-Agent: selenium/4.1.2 (java windows)
Content-Length: 81
Content-Type: application/json; charset=utf-8
host: localhost:60457
accept: */*

Response DefaultHttpResponse(decodeResult: success, version: HTTP/1.1)
HTTP/1.1 200 OK
content-type: application/json; charset=utf-8
cache-control: no-cache
date: Sun, 09 Apr 2023 12:41:54 GMT
content-length: 88

19:41:55.488 [AsyncHttpClient-1-2] DEBUG org.asynchttpclient.netty.channel.ChannelManager - Adding key: http://localhost:60457 for channel [id: 0xcd316ddf, L:/127.0.0.1:59272 - R:localhost/127.0.0.1:60457]
19:41:55.490 [Forwarding clickElement on session c82f3f43-4a56-4e46-ae6f-030867fe22e0 to remote] DEBUG org.asynchttpclient.netty.request.NettyRequestSender - Using pooled Channel '[id: 0xcd316ddf, L:/127.0.0.1:59272 - R:localhost/127.0.0.1:60457]' for 'POST' to 'http://localhost:60457/session/c82f3f43-4a56-4e46-ae6f-030867fe22e0/element/5f5a326b-5642-4352-b6de-3b0ecb11a884/click'
19:41:55.490 [Forwarding clickElement on session c82f3f43-4a56-4e46-ae6f-030867fe22e0 to remote] DEBUG org.asynchttpclient.netty.request.NettyRequestSender - Using open Channel [id: 0xcd316ddf, L:/127.0.0.1:59272 - R:localhost/127.0.0.1:60457] for POST '/session/c82f3f43-4a56-4e46-ae6f-030867fe22e0/element/5f5a326b-5642-4352-b6de-3b0ecb11a884/click'
19:41:56.173 [AsyncHttpClient-1-2] DEBUG org.asynchttpclient.netty.handler.HttpHandler - 

Request DefaultHttpRequest(decodeResult: success, version: HTTP/1.1)
POST /session/c82f3f43-4a56-4e46-ae6f-030867fe22e0/element/5f5a326b-5642-4352-b6de-3b0ecb11a884/click HTTP/1.1
User-Agent: selenium/4.1.2 (java windows)
Content-Length: 50
Content-Type: application/json; charset=utf-8
host: localhost:60457
accept: */*

Response DefaultHttpResponse(decodeResult: success, version: HTTP/1.1)
HTTP/1.1 200 OK
content-type: application/json; charset=utf-8
cache-control: no-cache
date: Sun, 09 Apr 2023 12:41:54 GMT
content-length: 14

19:41:56.173 [AsyncHttpClient-1-2] DEBUG org.asynchttpclient.netty.channel.ChannelManager - Adding key: http://localhost:60457 for channel [id: 0xcd316ddf, L:/127.0.0.1:59272 - R:localhost/127.0.0.1:60457]
  &amp#27;[32mThen &amp#27;[0m&amp#27;[32mI click baby on the header&amp#27;[0m &amp#27;[90m# starter.stepdefinitions.BabyStep.iClickBabyOnTheHeader()&amp#27;[0m
19:41:56.179 [Forwarding screenshot on session c82f3f43-4a56-4e46-ae6f-030867fe22e0 to remote] DEBUG org.asynchttpclient.netty.request.NettyRequestSender - Using pooled Channel '[id: 0xcd316ddf, L:/127.0.0.1:59272 - R:localhost/127.0.0.1:60457]' for 'GET' to 'http://localhost:60457/session/c82f3f43-4a56-4e46-ae6f-030867fe22e0/screenshot'
19:41:56.179 [Forwarding screenshot on session c82f3f43-4a56-4e46-ae6f-030867fe22e0 to remote] DEBUG org.asynchttpclient.netty.request.NettyRequestSender - Using open Channel [id: 0xcd316ddf, L:/127.0.0.1:59272 - R:localhost/127.0.0.1:60457] for GET '/session/c82f3f43-4a56-4e46-ae6f-030867fe22e0/screenshot'
19:41:56.373 [AsyncHttpClient-1-2] DEBUG org.asynchttpclient.netty.handler.HttpHandler - 

Request DefaultFullHttpRequest(decodeResult: success, version: HTTP/1.1, content: EmptyByteBufBE)
GET /session/c82f3f43-4a56-4e46-ae6f-030867fe22e0/screenshot HTTP/1.1
User-Agent: selenium/4.1.2 (java windows)
Cache-Control: no-cache
Content-Type: application/json; charset=utf-8
host: localhost:60457
accept: */*

Response DefaultHttpResponse(decodeResult: success, version: HTTP/1.1)
HTTP/1.1 200 OK
content-type: application/json; charset=utf-8
cache-control: no-cache
date: Sun, 09 Apr 2023 12:41:56 GMT
content-length: 98024

19:41:56.373 [AsyncHttpClient-1-2] DEBUG org.asynchttpclient.netty.channel.ChannelManager - Adding key: http://localhost:60457 for channel [id: 0xcd316ddf, L:/127.0.0.1:59272 - R:localhost/127.0.0.1:60457]
19:41:56.377 [main] DEBUG net.serenitybdd.core.photography.Darkroom - Send negative for processing for target\site\serenity\bcb9a8d665d2c58a930e922f816fcc3ebc2aef855b882f3d531e7c9aa320b06d.png
19:41:56.390 [Forwarding findElement on session c82f3f43-4a56-4e46-ae6f-030867fe22e0 to remote] DEBUG org.asynchttpclient.netty.request.NettyRequestSender - Using pooled Channel '[id: 0xcd316ddf, L:/127.0.0.1:59272 - R:localhost/127.0.0.1:60457]' for 'POST' to 'http://localhost:60457/session/c82f3f43-4a56-4e46-ae6f-030867fe22e0/element'
19:41:56.390 [Forwarding findElement on session c82f3f43-4a56-4e46-ae6f-030867fe22e0 to remote] DEBUG org.asynchttpclient.netty.request.NettyRequestSender - Using open Channel [id: 0xcd316ddf, L:/127.0.0.1:59272 - R:localhost/127.0.0.1:60457] for POST '/session/c82f3f43-4a56-4e46-ae6f-030867fe22e0/element'
19:41:56.451 [AsyncHttpClient-1-2] DEBUG org.asynchttpclient.netty.handler.HttpHandler - 

Request DefaultHttpRequest(decodeResult: success, version: HTTP/1.1)
POST /session/c82f3f43-4a56-4e46-ae6f-030867fe22e0/element HTTP/1.1
User-Agent: selenium/4.1.2 (java windows)
Content-Length: 104
Content-Type: application/json; charset=utf-8
host: localhost:60457
accept: */*

Response DefaultHttpResponse(decodeResult: success, version: HTTP/1.1)
HTTP/1.1 200 OK
content-type: application/json; charset=utf-8
cache-control: no-cache
date: Sun, 09 Apr 2023 12:41:56 GMT
content-length: 88

19:41:56.451 [AsyncHttpClient-1-2] DEBUG org.asynchttpclient.netty.channel.ChannelManager - Adding key: http://localhost:60457 for channel [id: 0xcd316ddf, L:/127.0.0.1:59272 - R:localhost/127.0.0.1:60457]
19:41:56.453 [Forwarding getElementTagName on session c82f3f43-4a56-4e46-ae6f-030867fe22e0 to remote] DEBUG org.asynchttpclient.netty.request.NettyRequestSender - Using pooled Channel '[id: 0xcd316ddf, L:/127.0.0.1:59272 - R:localhost/127.0.0.1:60457]' for 'GET' to 'http://localhost:60457/session/c82f3f43-4a56-4e46-ae6f-030867fe22e0/element/14bdced3-67fb-404e-9099-8ec44b897aa7/name'
19:41:56.453 [Forwarding getElementTagName on session c82f3f43-4a56-4e46-ae6f-030867fe22e0 to remote] DEBUG org.asynchttpclient.netty.request.NettyRequestSender - Using open Channel [id: 0xcd316ddf, L:/127.0.0.1:59272 - R:localhost/127.0.0.1:60457] for GET '/session/c82f3f43-4a56-4e46-ae6f-030867fe22e0/element/14bdced3-67fb-404e-9099-8ec44b897aa7/name'
19:41:56.466 [AsyncHttpClient-1-2] DEBUG org.asynchttpclient.netty.handler.HttpHandler - 

Request DefaultFullHttpRequest(decodeResult: success, version: HTTP/1.1, content: EmptyByteBufBE)
GET /session/c82f3f43-4a56-4e46-ae6f-030867fe22e0/element/14bdced3-67fb-404e-9099-8ec44b897aa7/name HTTP/1.1
User-Agent: selenium/4.1.2 (java windows)
Cache-Control: no-cache
Content-Type: application/json; charset=utf-8
host: localhost:60457
accept: */*

Response DefaultHttpResponse(decodeResult: success, version: HTTP/1.1)
HTTP/1.1 200 OK
content-type: application/json; charset=utf-8
cache-control: no-cache
date: Sun, 09 Apr 2023 12:41:56 GMT
content-length: 16

19:41:56.466 [AsyncHttpClient-1-2] DEBUG org.asynchttpclient.netty.channel.ChannelManager - Adding key: http://localhost:60457 for channel [id: 0xcd316ddf, L:/127.0.0.1:59272 - R:localhost/127.0.0.1:60457]
19:41:56.467 [Forwarding getElementTagName on session c82f3f43-4a56-4e46-ae6f-030867fe22e0 to remote] DEBUG org.asynchttpclient.netty.request.NettyRequestSender - Using pooled Channel '[id: 0xcd316ddf, L:/127.0.0.1:59272 - R:localhost/127.0.0.1:60457]' for 'GET' to 'http://localhost:60457/session/c82f3f43-4a56-4e46-ae6f-030867fe22e0/element/14bdced3-67fb-404e-9099-8ec44b897aa7/name'
19:41:56.467 [Forwarding getElementTagName on session c82f3f43-4a56-4e46-ae6f-030867fe22e0 to remote] DEBUG org.asynchttpclient.netty.request.NettyRequestSender - Using open Channel [id: 0xcd316ddf, L:/127.0.0.1:59272 - R:localhost/127.0.0.1:60457] for GET '/session/c82f3f43-4a56-4e46-ae6f-030867fe22e0/element/14bdced3-67fb-404e-9099-8ec44b897aa7/name'
19:41:56.535 [AsyncHttpClient-1-2] DEBUG org.asynchttpclient.netty.handler.HttpHandler - 

Request DefaultFullHttpRequest(decodeResult: success, version: HTTP/1.1, content: EmptyByteBufBE)
GET /session/c82f3f43-4a56-4e46-ae6f-030867fe22e0/element/14bdced3-67fb-404e-9099-8ec44b897aa7/name HTTP/1.1
User-Agent: selenium/4.1.2 (java windows)
Cache-Control: no-cache
Content-Type: application/json; charset=utf-8
host: localhost:60457
accept: */*

Response DefaultHttpResponse(decodeResult: success, version: HTTP/1.1)
HTTP/1.1 200 OK
content-type: application/json; charset=utf-8
cache-control: no-cache
date: Sun, 09 Apr 2023 12:41:56 GMT
content-length: 16

19:41:56.535 [AsyncHttpClient-1-2] DEBUG org.asynchttpclient.netty.channel.ChannelManager - Adding key: http://localhost:60457 for channel [id: 0xcd316ddf, L:/127.0.0.1:59272 - R:localhost/127.0.0.1:60457]
19:41:56.537 [Forwarding findElement on session c82f3f43-4a56-4e46-ae6f-030867fe22e0 to remote] DEBUG org.asynchttpclient.netty.request.NettyRequestSender - Using pooled Channel '[id: 0xcd316ddf, L:/127.0.0.1:59272 - R:localhost/127.0.0.1:60457]' for 'POST' to 'http://localhost:60457/session/c82f3f43-4a56-4e46-ae6f-030867fe22e0/element'
19:41:56.537 [Forwarding findElement on session c82f3f43-4a56-4e46-ae6f-030867fe22e0 to remote] DEBUG org.asynchttpclient.netty.request.NettyRequestSender - Using open Channel [id: 0xcd316ddf, L:/127.0.0.1:59272 - R:localhost/127.0.0.1:60457] for POST '/session/c82f3f43-4a56-4e46-ae6f-030867fe22e0/element'
19:41:56.600 [AsyncHttpClient-1-2] DEBUG org.asynchttpclient.netty.handler.HttpHandler - 

Request DefaultHttpRequest(decodeResult: success, version: HTTP/1.1)
POST /session/c82f3f43-4a56-4e46-ae6f-030867fe22e0/element HTTP/1.1
User-Agent: selenium/4.1.2 (java windows)
Content-Length: 104
Content-Type: application/json; charset=utf-8
host: localhost:60457
accept: */*

Response DefaultHttpResponse(decodeResult: success, version: HTTP/1.1)
HTTP/1.1 200 OK
content-type: application/json; charset=utf-8
cache-control: no-cache
date: Sun, 09 Apr 2023 12:41:56 GMT
content-length: 88

19:41:56.600 [AsyncHttpClient-1-2] DEBUG org.asynchttpclient.netty.channel.ChannelManager - Adding key: http://localhost:60457 for channel [id: 0xcd316ddf, L:/127.0.0.1:59272 - R:localhost/127.0.0.1:60457]
19:41:56.601 [Forwarding clickElement on session c82f3f43-4a56-4e46-ae6f-030867fe22e0 to remote] DEBUG org.asynchttpclient.netty.request.NettyRequestSender - Using pooled Channel '[id: 0xcd316ddf, L:/127.0.0.1:59272 - R:localhost/127.0.0.1:60457]' for 'POST' to 'http://localhost:60457/session/c82f3f43-4a56-4e46-ae6f-030867fe22e0/element/14bdced3-67fb-404e-9099-8ec44b897aa7/click'
19:41:56.601 [Forwarding clickElement on session c82f3f43-4a56-4e46-ae6f-030867fe22e0 to remote] DEBUG org.asynchttpclient.netty.request.NettyRequestSender - Using open Channel [id: 0xcd316ddf, L:/127.0.0.1:59272 - R:localhost/127.0.0.1:60457] for POST '/session/c82f3f43-4a56-4e46-ae6f-030867fe22e0/element/14bdced3-67fb-404e-9099-8ec44b897aa7/click'
19:41:57.018 [AsyncHttpClient-1-2] DEBUG org.asynchttpclient.netty.handler.HttpHandler - 

Request DefaultHttpRequest(decodeResult: success, version: HTTP/1.1)
POST /session/c82f3f43-4a56-4e46-ae6f-030867fe22e0/element/14bdced3-67fb-404e-9099-8ec44b897aa7/click HTTP/1.1
User-Agent: selenium/4.1.2 (java windows)
Content-Length: 50
Content-Type: application/json; charset=utf-8
host: localhost:60457
accept: */*

Response DefaultHttpResponse(decodeResult: success, version: HTTP/1.1)
HTTP/1.1 200 OK
content-type: application/json; charset=utf-8
cache-control: no-cache
date: Sun, 09 Apr 2023 12:41:56 GMT
content-length: 14

19:41:57.018 [AsyncHttpClient-1-2] DEBUG org.asynchttpclient.netty.channel.ChannelManager - Adding key: http://localhost:60457 for channel [id: 0xcd316ddf, L:/127.0.0.1:59272 - R:localhost/127.0.0.1:60457]
  &amp#27;[32mWhen &amp#27;[0m&amp#27;[32mI will go to &amp#27;[0m&amp#27;[32m&amp#27;[1m"airism2"&amp#27;[0m     &amp#27;[90m# starter.stepdefinitions.BabyStep.iWillGoTo(java.lang.String)&amp#27;[0m
19:41:57.026 [Forwarding screenshot on session c82f3f43-4a56-4e46-ae6f-030867fe22e0 to remote] DEBUG org.asynchttpclient.netty.request.NettyRequestSender - Using pooled Channel '[id: 0xcd316ddf, L:/127.0.0.1:59272 - R:localhost/127.0.0.1:60457]' for 'GET' to 'http://localhost:60457/session/c82f3f43-4a56-4e46-ae6f-030867fe22e0/screenshot'
19:41:57.026 [Forwarding screenshot on session c82f3f43-4a56-4e46-ae6f-030867fe22e0 to remote] DEBUG org.asynchttpclient.netty.request.NettyRequestSender - Using open Channel [id: 0xcd316ddf, L:/127.0.0.1:59272 - R:localhost/127.0.0.1:60457] for GET '/session/c82f3f43-4a56-4e46-ae6f-030867fe22e0/screenshot'
19:41:57.192 [AsyncHttpClient-1-2] DEBUG org.asynchttpclient.netty.handler.HttpHandler - 

Request DefaultFullHttpRequest(decodeResult: success, version: HTTP/1.1, content: EmptyByteBufBE)
GET /session/c82f3f43-4a56-4e46-ae6f-030867fe22e0/screenshot HTTP/1.1
User-Agent: selenium/4.1.2 (java windows)
Cache-Control: no-cache
Content-Type: application/json; charset=utf-8
host: localhost:60457
accept: */*

Response DefaultHttpResponse(decodeResult: success, version: HTTP/1.1)
HTTP/1.1 200 OK
content-type: application/json; charset=utf-8
cache-control: no-cache
date: Sun, 09 Apr 2023 12:41:56 GMT
content-length: 97216

19:41:57.192 [AsyncHttpClient-1-2] DEBUG org.asynchttpclient.netty.channel.ChannelManager - Adding key: http://localhost:60457 for channel [id: 0xcd316ddf, L:/127.0.0.1:59272 - R:localhost/127.0.0.1:60457]
19:41:57.197 [main] DEBUG net.serenitybdd.core.photography.Darkroom - Send negative for processing for target\site\serenity\f44f31103ca7786412dc57d40803ac896c5d1e15d650a17b2c8f487289f6194f.png
19:41:57.197 [Darkroom Processing Line] DEBUG net.serenitybdd.core.photography.DarkroomProcessingLine - Processing screenshot image in /var/screenshots/screenshot-7244063653582996652
19:41:57.197 [Darkroom Processing Line] DEBUG net.serenitybdd.core.photography.DarkroomProcessingLine - Saving screenshot to target\site\serenity\f44f31103ca7786412dc57d40803ac896c5d1e15d650a17b2c8f487289f6194f.png
19:41:57.203 [Forwarding findElement on session c82f3f43-4a56-4e46-ae6f-030867fe22e0 to remote] DEBUG org.asynchttpclient.netty.request.NettyRequestSender - Using pooled Channel '[id: 0xcd316ddf, L:/127.0.0.1:59272 - R:localhost/127.0.0.1:60457]' for 'POST' to 'http://localhost:60457/session/c82f3f43-4a56-4e46-ae6f-030867fe22e0/element'
19:41:57.203 [Forwarding findElement on session c82f3f43-4a56-4e46-ae6f-030867fe22e0 to remote] DEBUG org.asynchttpclient.netty.request.NettyRequestSender - Using open Channel [id: 0xcd316ddf, L:/127.0.0.1:59272 - R:localhost/127.0.0.1:60457] for POST '/session/c82f3f43-4a56-4e46-ae6f-030867fe22e0/element'
19:41:57.356 [AsyncHttpClient-1-2] DEBUG org.asynchttpclient.netty.handler.HttpHandler - 

Request DefaultHttpRequest(decodeResult: success, version: HTTP/1.1)
POST /session/c82f3f43-4a56-4e46-ae6f-030867fe22e0/element HTTP/1.1
User-Agent: selenium/4.1.2 (java windows)
Content-Length: 89
Content-Type: application/json; charset=utf-8
host: localhost:60457
accept: */*

Response DefaultHttpResponse(decodeResult: success, version: HTTP/1.1)
HTTP/1.1 200 OK
content-type: application/json; charset=utf-8
cache-control: no-cache
date: Sun, 09 Apr 2023 12:41:57 GMT
content-length: 88

19:41:57.356 [AsyncHttpClient-1-2] DEBUG org.asynchttpclient.netty.channel.ChannelManager - Adding key: http://localhost:60457 for channel [id: 0xcd316ddf, L:/127.0.0.1:59272 - R:localhost/127.0.0.1:60457]
19:41:57.360 [Forwarding isElementDisplayed on session c82f3f43-4a56-4e46-ae6f-030867fe22e0 to remote] DEBUG org.asynchttpclient.netty.request.NettyRequestSender - Using pooled Channel '[id: 0xcd316ddf, L:/127.0.0.1:59272 - R:localhost/127.0.0.1:60457]' for 'POST' to 'http://localhost:60457/session/c82f3f43-4a56-4e46-ae6f-030867fe22e0/execute/sync'
19:41:57.360 [Forwarding isElementDisplayed on session c82f3f43-4a56-4e46-ae6f-030867fe22e0 to remote] DEBUG org.asynchttpclient.netty.request.NettyRequestSender - Using open Channel [id: 0xcd316ddf, L:/127.0.0.1:59272 - R:localhost/127.0.0.1:60457] for POST '/session/c82f3f43-4a56-4e46-ae6f-030867fe22e0/execute/sync'
19:41:57.382 [AsyncHttpClient-1-2] DEBUG org.asynchttpclient.netty.handler.HttpHandler - 

Request DefaultHttpRequest(decodeResult: success, version: HTTP/1.1)
POST /session/c82f3f43-4a56-4e46-ae6f-030867fe22e0/execute/sync HTTP/1.1
User-Agent: selenium/4.1.2 (java windows)
Content-Length: 48780
Content-Type: application/json; charset=utf-8
host: localhost:60457
accept: */*

Response DefaultHttpResponse(decodeResult: success, version: HTTP/1.1)
HTTP/1.1 200 OK
content-type: application/json; charset=utf-8
cache-control: no-cache
date: Sun, 09 Apr 2023 12:41:57 GMT
content-length: 14

19:41:57.382 [AsyncHttpClient-1-2] DEBUG org.asynchttpclient.netty.channel.ChannelManager - Adding key: http://localhost:60457 for channel [id: 0xcd316ddf, L:/127.0.0.1:59272 - R:localhost/127.0.0.1:60457]
  &amp#27;[32mAnd &amp#27;[0m&amp#27;[32mI &amp#27;[0m&amp#27;[32m&amp#27;[1m"txtAirism2"&amp#27;[0m&amp#27;[32m page&amp#27;[0m         &amp#27;[90m# starter.stepdefinitions.BabyStep.iPage(java.lang.String)&amp#27;[0m
19:41:57.388 [Forwarding screenshot on session c82f3f43-4a56-4e46-ae6f-030867fe22e0 to remote] DEBUG org.asynchttpclient.netty.request.NettyRequestSender - Using pooled Channel '[id: 0xcd316ddf, L:/127.0.0.1:59272 - R:localhost/127.0.0.1:60457]' for 'GET' to 'http://localhost:60457/session/c82f3f43-4a56-4e46-ae6f-030867fe22e0/screenshot'
19:41:57.388 [Forwarding screenshot on session c82f3f43-4a56-4e46-ae6f-030867fe22e0 to remote] DEBUG org.asynchttpclient.netty.request.NettyRequestSender - Using open Channel [id: 0xcd316ddf, L:/127.0.0.1:59272 - R:localhost/127.0.0.1:60457] for GET '/session/c82f3f43-4a56-4e46-ae6f-030867fe22e0/screenshot'
19:41:57.436 [AsyncHttpClient-1-2] DEBUG org.asynchttpclient.netty.handler.HttpHandler - 

Request DefaultFullHttpRequest(decodeResult: success, version: HTTP/1.1, content: EmptyByteBufBE)
GET /session/c82f3f43-4a56-4e46-ae6f-030867fe22e0/screenshot HTTP/1.1
User-Agent: selenium/4.1.2 (java windows)
Cache-Control: no-cache
Content-Type: application/json; charset=utf-8
host: localhost:60457
accept: */*

Response DefaultHttpResponse(decodeResult: success, version: HTTP/1.1)
HTTP/1.1 200 OK
content-type: application/json; charset=utf-8
cache-control: no-cache
date: Sun, 09 Apr 2023 12:41:57 GMT
content-length: 75596

19:41:57.436 [AsyncHttpClient-1-2] DEBUG org.asynchttpclient.netty.channel.ChannelManager - Adding key: http://localhost:60457 for channel [id: 0xcd316ddf, L:/127.0.0.1:59272 - R:localhost/127.0.0.1:60457]
19:41:57.439 [main] DEBUG net.serenitybdd.core.photography.Darkroom - Send negative for processing for target\site\serenity\ac4a46b99bedf400fcde52dd309c2e061313742c2cc491e6ed41f343ed6b15a6.png
19:41:57.440 [Darkroom Processing Line] DEBUG net.serenitybdd.core.photography.DarkroomProcessingLine - Processing screenshot image in /var/screenshots/screenshot-69961539422256150
19:41:57.440 [Darkroom Processing Line] DEBUG net.serenitybdd.core.photography.DarkroomProcessingLine - Saving screenshot to target\site\serenity\ac4a46b99bedf400fcde52dd309c2e061313742c2cc491e6ed41f343ed6b15a6.png
19:41:57.446 [Driver Command Executor] DEBUG org.asynchttpclient.netty.request.NettyRequestSender - Using pooled Channel '[id: 0xcd316ddf, L:/127.0.0.1:59272 - R:localhost/127.0.0.1:60457]' for 'DELETE' to 'http://localhost:60457/session/c82f3f43-4a56-4e46-ae6f-030867fe22e0'
19:41:57.446 [Driver Command Executor] DEBUG org.asynchttpclient.netty.request.NettyRequestSender - Using open Channel [id: 0xcd316ddf, L:/127.0.0.1:59272 - R:localhost/127.0.0.1:60457] for DELETE '/session/c82f3f43-4a56-4e46-ae6f-030867fe22e0'
19:41:58.270 [AsyncHttpClient-1-2] DEBUG org.asynchttpclient.netty.handler.HttpHandler - 

Request DefaultFullHttpRequest(decodeResult: success, version: HTTP/1.1, content: EmptyByteBufBE)
DELETE /session/c82f3f43-4a56-4e46-ae6f-030867fe22e0 HTTP/1.1
User-Agent: selenium/4.1.2 (java windows)
Content-Type: application/json; charset=utf-8
host: localhost:60457
accept: */*

Response DefaultHttpResponse(decodeResult: success, version: HTTP/1.1)
HTTP/1.1 200 OK
content-type: application/json; charset=utf-8
cache-control: no-cache
date: Sun, 09 Apr 2023 12:41:57 GMT
content-length: 14

19:41:58.270 [AsyncHttpClient-1-2] DEBUG org.asynchttpclient.netty.channel.ChannelManager - Adding key: http://localhost:60457 for channel [id: 0xcd316ddf, L:/127.0.0.1:59272 - R:localhost/127.0.0.1:60457]
19:41:58.271 [AsyncHttpClient-1-2] DEBUG org.asynchttpclient.netty.handler.HttpHandler - Unexpected I/O exception on channel [id: 0xcd316ddf, L:/127.0.0.1:59272 - R:localhost/127.0.0.1:60457]
java.net.SocketException: Connection reset
	at java.base/sun.nio.ch.SocketChannelImpl.throwConnectionReset(SocketChannelImpl.java:345)
	at java.base/sun.nio.ch.SocketChannelImpl.read(SocketChannelImpl.java:376)
	at io.netty.buffer.PooledByteBuf.setBytes(PooledByteBuf.java:258)
	at io.netty.buffer.AbstractByteBuf.writeBytes(AbstractByteBuf.java:1132)
	at io.netty.channel.socket.nio.NioSocketChannel.doReadBytes(NioSocketChannel.java:350)
	at io.netty.channel.nio.AbstractNioByteChannel$NioByteUnsafe.read(AbstractNioByteChannel.java:151)
	at io.netty.channel.nio.NioEventLoop.processSelectedKey(NioEventLoop.java:722)
	at io.netty.channel.nio.NioEventLoop.processSelectedKeysOptimized(NioEventLoop.java:658)
	at io.netty.channel.nio.NioEventLoop.processSelectedKeys(NioEventLoop.java:584)
	at io.netty.channel.nio.NioEventLoop.run(NioEventLoop.java:496)
	at io.netty.util.concurrent.SingleThreadEventExecutor$4.run(SingleThreadEventExecutor.java:986)
	at io.netty.util.internal.ThreadExecutorMap$2.run(ThreadExecutorMap.java:74)
	at io.netty.util.concurrent.FastThreadLocalRunnable.run(FastThreadLocalRunnable.java:30)
	at java.base/java.lang.Thread.run(Thread.java:830)
19:41:58.272 [AsyncHttpClient-1-2] DEBUG org.asynchttpclient.netty.channel.ChannelManager - Closing Channel [id: 0xcd316ddf, L:/127.0.0.1:59272 - R:localhost/127.0.0.1:60457] 
19:41:58.272 [AsyncHttpClient-1-2] DEBUG org.asynchttpclient.netty.handler.HttpHandler - Channel Closed: [id: 0xcd316ddf, L:/127.0.0.1:59272 ! R:localhost/127.0.0.1:60457] with attribute DISCARD
]]></system-out>
    <system-err><![CDATA[1681044110196	geckodriver	INFO	Listening on 127.0.0.1:60457
1681044110687	mozrunner::runner	INFO	Running command: "C:\\Program Files\\Mozilla Firefox\\firefox.exe" "--marionette" "" "--remote-debugging-port" "59064" "--remote-allow-hosts" "localhost" "-no-remote" "-profile" "C:\\Users\\alwi\\AppData\\Local\\Temp\\rust_mozprofile4sM751"
console.warn: services.settings: Ignoring preference override of remote settings server
console.warn: services.settings: Allow by setting MOZ_REMOTE_SETTINGS_DEVTOOLS=1 in the environment
1681044111026	Marionette	INFO	Marionette enabled
Dynamically enable window occlusion 0
1681044111033	Marionette	INFO	Listening on port 59275
WebDriver BiDi listening on ws://127.0.0.1:59064
Read port: 59275
1681044111277	RemoteAgent	WARN	TLS certificate errors will be ignored for this session
console.warn: SearchSettings: "get: No settings file exists, new profile?" (new NotFoundError("Could not open the file at C:\\Users\\alwi\\AppData\\Local\\Temp\\rust_mozprofile4sM751\\search.json.mozlz4", (void 0)))
DevTools listening on ws://127.0.0.1:59064/devtools/browser/e9a9eaf4-f537-4e5d-aff7-1ccb2d2651fe
Apr 09, 2023 7:41:52 PM org.openqa.selenium.remote.ProtocolHandshake createSession
INFO: Detected dialect: W3C
JavaScript warning: https://www.uniqlo.com/oQfZRN8zACRR/OQ/-x_RMR-EGX/k95OLrhJQ5/OXl6GHI5AQ/PnUdVS/RrZQs, line 1: unreachable code after return statement
JavaScript warning: https://www.uniqlo.com/id/elgnisolqinu.js?async&seed=AECl_mWHAQAAhXleUcVgnU2eEowETsYZDsExG9MVfyypS8j2a8yO2N_NY-zV&x-i1ysm4mm--z=q, line 1: WEBGL_debug_renderer_info is deprecated in Firefox and will be removed. Please use RENDERER.
JavaScript warning: https://www.uniqlo.com/oQfZRN8zACRR/OQ/-x_RMR-EGX/k95OLrhJQ5/OXl6GHI5AQ/PnUdVS/RrZQs, line 1: WEBGL_debug_renderer_info is deprecated in Firefox and will be removed. Please use RENDERER.
1681044117448	Marionette	INFO	Stopped listening on port 59275
Dynamically enable window occlusion 1
[Parent 17284, IPC I/O Parent] WARNING: DuplicateHandle failed for handle 0 in TransferHandles: file /builds/worker/checkouts/gecko/ipc/chromium/src/chrome/common/ipc_channel_win.cc:777
WARNING: A blocker encountered an error while we were waiting.
          Blocker:  Waiting for ping task
          Phase: TelemetryController: Waiting for pending ping activity
          State: (none)
WARNING: Error: Phase "profile-before-change" is finished, it is too late to register completion condition "OS.File: flush I/O queued before profileBeforeChange"
WARNING: addBlocker@resource://gre/modules/AsyncShutdown.sys.mjs:727:15
addBlocker@resource://gre/modules/AsyncShutdown.sys.mjs:523:26
addBlocker@resource://gre/modules/AsyncShutdown.sys.mjs:458:15
setupShutdown@resource://gre/modules/osfile/osfile_async_front.jsm:1548:28
@resource://gre/modules/osfile/osfile_async_front.jsm:1568:16
@resource://gre/modules/osfile.jsm:12:30
@resource://gre/modules/TelemetryStorage.sys.mjs:10:28
_checkPendingPings@resource://gre/modules/TelemetrySend.sys.mjs:863:17
setup@resource://gre/modules/TelemetrySend.sys.mjs:803:18
setup@resource://gre/modules/TelemetrySend.sys.mjs:241:30
setupTelemetry/this._delayedInitTask<@resource://gre/modules/TelemetryControllerParent.sys.mjs:828:36
observe@resource://gre/modules/AsyncShutdown.sys.mjs:576:16

console.error: "TelemetryScheduler.shutdown - Already shut down"
WARNING: A blocker encountered an error while we were waiting.
          Blocker:  Waiting for ping task
          Phase: TelemetryController: Waiting for pending ping activity
          State: (none)
WARNING: Error: Phase "profile-before-change" is finished, it is too late to register completion condition "OS.File: flush I/O queued before profileBeforeChange"
WARNING: addBlocker@resource://gre/modules/AsyncShutdown.sys.mjs:727:15
addBlocker@resource://gre/modules/AsyncShutdown.sys.mjs:523:26
addBlocker@resource://gre/modules/AsyncShutdown.sys.mjs:458:15
setupShutdown@resource://gre/modules/osfile/osfile_async_front.jsm:1548:28
@resource://gre/modules/osfile/osfile_async_front.jsm:1568:16
@resource://gre/modules/osfile.jsm:12:30
@resource://gre/modules/TelemetryStorage.sys.mjs:10:28
_checkPendingPings@resource://gre/modules/TelemetrySend.sys.mjs:863:17
setup@resource://gre/modules/TelemetrySend.sys.mjs:803:18
setup@resource://gre/modules/TelemetrySend.sys.mjs:241:30
setupTelemetry/this._delayedInitTask<@resource://gre/modules/TelemetryControllerParent.sys.mjs:828:36
observe@resource://gre/modules/AsyncShutdown.sys.mjs:576:16

WARNING: A blocker encountered an error while we were waiting.
          Blocker:  Waiting for ping task
          Phase: TelemetryController: Waiting for pending ping activity
          State: (none)
WARNING: Error: Phase "profile-before-change" is finished, it is too late to register completion condition "OS.File: flush I/O queued before profileBeforeChange"
WARNING: addBlocker@resource://gre/modules/AsyncShutdown.sys.mjs:727:15
addBlocker@resource://gre/modules/AsyncShutdown.sys.mjs:523:26
addBlocker@resource://gre/modules/AsyncShutdown.sys.mjs:458:15
setupShutdown@resource://gre/modules/osfile/osfile_async_front.jsm:1548:28
@resource://gre/modules/osfile/osfile_async_front.jsm:1568:16
@resource://gre/modules/osfile.jsm:12:30
@resource://gre/modules/TelemetryStorage.sys.mjs:10:28
_checkPendingPings@resource://gre/modules/TelemetrySend.sys.mjs:863:17
setup@resource://gre/modules/TelemetrySend.sys.mjs:803:18
setup@resource://gre/modules/TelemetrySend.sys.mjs:241:30
setupTelemetry/this._delayedInitTask<@resource://gre/modules/TelemetryControllerParent.sys.mjs:828:36
observe@resource://gre/modules/AsyncShutdown.sys.mjs:576:16

WARNING: A blocker encountered an error while we were waiting.
          Blocker:  TelemetryController: shutting down
          Phase: profile-before-change-telemetry
          State: Error getting state: Error: Phase "profile-before-change" is finished, it is too late to register completion condition "OS.File: flush I/O queued before profileBeforeChange" at addBlocker@resource://gre/modules/AsyncShutdown.sys.mjs:727:15
addBlocker@resource://gre/modules/AsyncShutdown.sys.mjs:523:26
addBlocker@resource://gre/modules/AsyncShutdown.sys.mjs:458:15
setupShutdown@resource://gre/modules/osfile/osfile_async_front.jsm:1548:28
@resource://gre/modules/osfile/osfile_async_front.jsm:1568:16
@resource://gre/modules/osfile.jsm:12:30
@resource://gre/modules/TelemetryStorage.sys.mjs:10:28
_checkPendingPings@resource://gre/modules/TelemetrySend.sys.mjs:863:17
setup@resource://gre/modules/TelemetrySend.sys.mjs:803:18
setup@resource://gre/modules/TelemetrySend.sys.mjs:241:30
setupTelemetry/this._delayedInitTask<@resource://gre/modules/TelemetryControllerParent.sys.mjs:828:36
observe@resource://gre/modules/AsyncShutJdowan.vsaySs.cmrjisp:t error5:7 6r:e1s6ou

WArRcNeI:N/G/:g rEer/rmoord:u lPehsa/sAes y"nprcoSfile-befohruted-ocwhna.nsgyes". mijss ,f ilniinseh e7d2, 7i:t  Eirsr otro:o  Plhaatsee  t"op rroefgiilsete-beforr ec-ocmhpalnegtei"o ni sc ofnidnitiisohne d", OiSt. Fiisl et:o of lluasthe I /tOo q ureeugeids tbeerf ocroem pplreotfiiolne BecfoonreCdhiatnigoen" "
OWSA.RFNiIlNeG: : faldudsBhl oIc/kOe rq@ureeuseodu rbceef:o/r/eg rper/omfoidlueles/ABsyenfcoSrheCuhtadnogwen".s
ys.mjs:727:15
addBloJcakvearS@crriepsoutr ceer:r/o/rg:r er/emsooduurlcees://A/sgryen/cShumtoddouwlne.ss/yAss.ymnjcSs:h5u2td3ow:n2.6sy
asd.dmBljosc,k elri@nree s7o2u7r:c Eer:r/o/rg:r e/Pmhoadsuel e"sp/rAosfyinclSeh-ubeforted-owcnh.asnygse."m jiss: f4i5n8is:h1ed5, 
ist eits utpooS hluatted toow rne@grisetsero ucrocmpel:e/t/igon conrdei/timoon d"uOlSe.Fsi/loes: ffillues/ho sI/fOi qlueeue_ad sbyefnocre_ pfrrofoinlteB.ejfosremC:h1a5ng4e8":
2J8avaScri
p@t reersroourr: cree:so/u/rgcree://m/ogdreu/lmoedusle/so/sAfsiynlceS/houtsdfoiwln.esy_sa.smjysn,c _lifnre 727o: nEtrr.ojrs:m P:ha1s5e6 "8pr:o1f6ile
-@breefsooreu-rchangece": /i/sgr ef/imnoidsuhleeds,/ oistf iilse .tojosm:12:3 0la
@tree stouor cree:g/is/tgerre /cmomodpulleest/iToenl ecmeotrnydSittiono r"agOeS..sFyisl.em:js: 1f0l:u28sh
 _Ic/hO queecukPeedn dbiengfPoirneg s@prreosfileBeforeChange"
JavaScroiuprtc eer:r/o/rg:r e/rmeosdouulesr/cTee:l/e/mgertery/moduSlesen/dA.ssyyns.cmSjsh:u8t6d3:o1w7n.
sseyts.mujps@r,e sloiunrec e:7/2/g7r: eE/rmordourl:e sPh/aTselee m"eptrroySfeind.sylse.-mbjefso:r8e03-:c1h8a
nsgeet"up @irse sfoiunrceis:h/e/dg,r ei/tm oidsu lteoso/ Tlealteem ettor yregiSsetnedr. sycso.mmpjlse:2t4i1o:n3 0c
osentdiutpiToenl e"mOetSr.yF/itlheis:. _fdleulsayhe dII/nOi tqTuaesku<e@dr esbeofuorrcee :p/r/ofigrle/emBoedufloerse/CThealnegmee"try
CJoanvatrSoclrleirpPta reernrto.rs:ys .rmejsso:u8r2c8e::3/6/g
orbsereve/@mroedsoulurecse/:A/s/ygrnec/Smhoudutldeso/wAns.yncsSyhsut.dmojwsn.,s yls.imnjes :752776::1 6Er
ro
r: Phase "profile-before-change" is finished, it is too late to register completion condition "OS.File: flush I/O queued before profileBeforeChange"
JavaScript error: resource://gre/modules/AsyncShutdown.sys.mjs, line 727: Error: Phase "profile-before-change" is finished, it is too late to register completion condition "OS.File: flush I/O queued before profileBeforeChange"
]]></system-err>
  </testcase>
  <testcase name="Fitur Menu Baby #25" classname="Baby" time="9.078">
    <system-out><![CDATA[
@baby
Scenario Outline: Fitur Menu Baby &amp#27;[90m# src/test/resources/features/Baby.feature:37&amp#27;[0m
19:41:58.333 [main] INFO io.cucumber.core.plugin.SerenityReporter - Running feature from file:///C:/Users/alwi/IdeaProjects/uniqloweb/src/test/resources/features/Baby.feature
19:41:58.344 [main] INFO net.serenitybdd.core.webdriver.driverproviders.FirefoxDriverProvider - Using automatically driver download
19:41:58.438 [main] DEBUG io.github.bonigarcia.wdm.cache.ResolutionCache - Resolution firefox=111 in cache (valid until 20:30:50 09/04/2023 WIB)
19:41:58.441 [main] DEBUG io.github.bonigarcia.wdm.cache.ResolutionCache - Resolution firefox111=0.32.2 in cache (valid until 19:30:50 10/04/2023 WIB)
19:41:58.442 [main] INFO io.github.bonigarcia.wdm.WebDriverManager - Using geckodriver 0.32.2 (resolved driver for Firefox 111)
19:41:58.453 [main] DEBUG io.github.bonigarcia.wdm.WebDriverManager - Driver geckodriver 0.32.2 found in cache
19:41:58.453 [main] INFO io.github.bonigarcia.wdm.WebDriverManager - Exporting webdriver.gecko.driver as C:\Users\alwi\.cache\selenium\geckodriver\win64\0.32.2\geckodriver.exe
19:41:58.464 [main] DEBUG net.serenitybdd.core.webdriver.driverproviders.ProvideNewDriver - Instantiating driver
19:41:58.464 [main] DEBUG net.serenitybdd.core.webdriver.driverproviders.ProvideNewDriver - Driver capabilities: Capabilities {acceptInsecureCerts: true, browserName: firefox, moz:debuggerAddress: true, moz:firefoxOptions: {args: [], profile: UEsDBBQACAgIAD2diVYAAAAAAAA...}}
19:41:58.996 [AsyncHttpClient-1-4] DEBUG org.asynchttpclient.netty.channel.NettyConnectListener - Using new Channel '[id: 0xbc2e80a9, L:/127.0.0.1:59381 - R:localhost/127.0.0.1:55132]' for 'POST' to '/session'
19:41:59.225 [AsyncHttpClient-1-1] DEBUG org.asynchttpclient.netty.channel.DefaultChannelPool - Entry count for : http://localhost:60457 : 1
19:41:59.225 [AsyncHttpClient-1-1] DEBUG org.asynchttpclient.netty.channel.DefaultChannelPool - Adding Candidate expired Channel [id: 0xcd316ddf, L:/127.0.0.1:59272 ! R:localhost/127.0.0.1:60457] isIdleTimeoutExpired=false isRemotelyClosed=true isTtlExpired=false
19:41:59.225 [AsyncHttpClient-1-1] DEBUG org.asynchttpclient.netty.channel.DefaultChannelPool - Closing Idle Channel [id: 0xcd316ddf, L:/127.0.0.1:59272 ! R:localhost/127.0.0.1:60457]
19:41:59.225 [AsyncHttpClient-1-1] DEBUG org.asynchttpclient.netty.channel.DefaultChannelPool - Closed 1 connections out of 1 in 0 ms
19:42:01.517 [AsyncHttpClient-1-4] DEBUG org.asynchttpclient.netty.handler.HttpHandler - 

Request DefaultHttpRequest(decodeResult: success, version: HTTP/1.1)
POST /session HTTP/1.1
User-Agent: selenium/4.1.2 (java windows)
Content-Length: 3673
Content-Type: application/json; charset=utf-8
host: localhost:55132
accept: */*

Response DefaultHttpResponse(decodeResult: success, version: HTTP/1.1)
HTTP/1.1 200 OK
content-type: application/json; charset=utf-8
cache-control: no-cache
date: Sun, 09 Apr 2023 12:41:58 GMT
content-length: 790

19:42:01.517 [AsyncHttpClient-1-4] DEBUG org.asynchttpclient.netty.channel.ChannelManager - Adding key: http://localhost:55132 for channel [id: 0xbc2e80a9, L:/127.0.0.1:59381 - R:localhost/127.0.0.1:55132]
19:42:01.522 [AsyncHttpClient-1-5] DEBUG org.asynchttpclient.netty.channel.NettyConnectListener - Using new Channel '[id: 0x7fdd2c0a, L:/127.0.0.1:59398 - R:/127.0.0.1:51528]' for 'GET' to '/json/version'
19:42:01.525 [AsyncHttpClient-1-5] DEBUG org.asynchttpclient.netty.handler.HttpHandler - 

Request DefaultFullHttpRequest(decodeResult: success, version: HTTP/1.1, content: EmptyByteBufBE)
GET /json/version HTTP/1.1
User-Agent: selenium/4.1.2 (java windows)
host: 127.0.0.1:51528
accept: */*

Response DefaultHttpResponse(decodeResult: success, version: HTTP/1.1)
HTTP/1.1 200 OK
content-type: application/json
connection: close
server: httpd.js
date: Sun, 09 Apr 2023 12:42:01 GMT
content-length: 311

19:42:01.526 [AsyncHttpClient-1-5] DEBUG org.asynchttpclient.netty.channel.ChannelManager - Closing Channel [id: 0x7fdd2c0a, L:/127.0.0.1:59398 - R:/127.0.0.1:51528] 
19:42:01.526 [AsyncHttpClient-1-5] DEBUG org.asynchttpclient.netty.handler.HttpHandler - Channel Closed: [id: 0x7fdd2c0a, L:/127.0.0.1:59398 ! R:/127.0.0.1:51528] with attribute DISCARD
19:42:01.528 [Forwarding get on session c0690086-df2a-4e1b-b33a-4499819a6022 to remote] DEBUG org.asynchttpclient.netty.request.NettyRequestSender - Using pooled Channel '[id: 0xbc2e80a9, L:/127.0.0.1:59381 - R:localhost/127.0.0.1:55132]' for 'POST' to 'http://localhost:55132/session/c0690086-df2a-4e1b-b33a-4499819a6022/url'
19:42:01.528 [Forwarding get on session c0690086-df2a-4e1b-b33a-4499819a6022 to remote] DEBUG org.asynchttpclient.netty.request.NettyRequestSender - Using open Channel [id: 0xbc2e80a9, L:/127.0.0.1:59381 - R:localhost/127.0.0.1:55132] for POST '/session/c0690086-df2a-4e1b-b33a-4499819a6022/url'
19:42:02.849 [AsyncHttpClient-1-4] DEBUG org.asynchttpclient.netty.handler.HttpHandler - 

Request DefaultHttpRequest(decodeResult: success, version: HTTP/1.1)
POST /session/c0690086-df2a-4e1b-b33a-4499819a6022/url HTTP/1.1
User-Agent: selenium/4.1.2 (java windows)
Content-Length: 53
Content-Type: application/json; charset=utf-8
host: localhost:55132
accept: */*

Response DefaultHttpResponse(decodeResult: success, version: HTTP/1.1)
HTTP/1.1 200 OK
content-type: application/json; charset=utf-8
cache-control: no-cache
date: Sun, 09 Apr 2023 12:42:01 GMT
content-length: 14

19:42:02.849 [AsyncHttpClient-1-4] DEBUG org.asynchttpclient.netty.channel.ChannelManager - Adding key: http://localhost:55132 for channel [id: 0xbc2e80a9, L:/127.0.0.1:59381 - R:localhost/127.0.0.1:55132]
19:42:02.851 [Forwarding setTimeout on session c0690086-df2a-4e1b-b33a-4499819a6022 to remote] DEBUG org.asynchttpclient.netty.request.NettyRequestSender - Using pooled Channel '[id: 0xbc2e80a9, L:/127.0.0.1:59381 - R:localhost/127.0.0.1:55132]' for 'POST' to 'http://localhost:55132/session/c0690086-df2a-4e1b-b33a-4499819a6022/timeouts'
19:42:02.851 [Forwarding setTimeout on session c0690086-df2a-4e1b-b33a-4499819a6022 to remote] DEBUG org.asynchttpclient.netty.request.NettyRequestSender - Using open Channel [id: 0xbc2e80a9, L:/127.0.0.1:59381 - R:localhost/127.0.0.1:55132] for POST '/session/c0690086-df2a-4e1b-b33a-4499819a6022/timeouts'
19:42:03.045 [AsyncHttpClient-1-4] DEBUG org.asynchttpclient.netty.handler.HttpHandler - 

Request DefaultHttpRequest(decodeResult: success, version: HTTP/1.1)
POST /session/c0690086-df2a-4e1b-b33a-4499819a6022/timeouts HTTP/1.1
User-Agent: selenium/4.1.2 (java windows)
Content-Length: 22
Content-Type: application/json; charset=utf-8
host: localhost:55132
accept: */*

Response DefaultHttpResponse(decodeResult: success, version: HTTP/1.1)
HTTP/1.1 200 OK
content-type: application/json; charset=utf-8
cache-control: no-cache
date: Sun, 09 Apr 2023 12:42:02 GMT
content-length: 14

19:42:03.045 [AsyncHttpClient-1-4] DEBUG org.asynchttpclient.netty.channel.ChannelManager - Adding key: http://localhost:55132 for channel [id: 0xbc2e80a9, L:/127.0.0.1:59381 - R:localhost/127.0.0.1:55132]
19:42:03.048 [Forwarding getCurrentUrl on session c0690086-df2a-4e1b-b33a-4499819a6022 to remote] DEBUG org.asynchttpclient.netty.request.NettyRequestSender - Using pooled Channel '[id: 0xbc2e80a9, L:/127.0.0.1:59381 - R:localhost/127.0.0.1:55132]' for 'GET' to 'http://localhost:55132/session/c0690086-df2a-4e1b-b33a-4499819a6022/url'
19:42:03.049 [Forwarding getCurrentUrl on session c0690086-df2a-4e1b-b33a-4499819a6022 to remote] DEBUG org.asynchttpclient.netty.request.NettyRequestSender - Using open Channel [id: 0xbc2e80a9, L:/127.0.0.1:59381 - R:localhost/127.0.0.1:55132] for GET '/session/c0690086-df2a-4e1b-b33a-4499819a6022/url'
19:42:03.055 [AsyncHttpClient-1-4] DEBUG org.asynchttpclient.netty.handler.HttpHandler - 

Request DefaultFullHttpRequest(decodeResult: success, version: HTTP/1.1, content: EmptyByteBufBE)
GET /session/c0690086-df2a-4e1b-b33a-4499819a6022/url HTTP/1.1
User-Agent: selenium/4.1.2 (java windows)
Cache-Control: no-cache
Content-Type: application/json; charset=utf-8
host: localhost:55132
accept: */*

Response DefaultHttpResponse(decodeResult: success, version: HTTP/1.1)
HTTP/1.1 200 OK
content-type: application/json; charset=utf-8
cache-control: no-cache
date: Sun, 09 Apr 2023 12:42:02 GMT
content-length: 41

19:42:03.056 [AsyncHttpClient-1-4] DEBUG org.asynchttpclient.netty.channel.ChannelManager - Adding key: http://localhost:55132 for channel [id: 0xbc2e80a9, L:/127.0.0.1:59381 - R:localhost/127.0.0.1:55132]
  &amp#27;[32mGiven &amp#27;[0m&amp#27;[32mI am on the home page&amp#27;[0m     &amp#27;[90m# starter.stepdefinitions.BabyStep.iAmOnTheHomePage()&amp#27;[0m
19:42:03.062 [Forwarding screenshot on session c0690086-df2a-4e1b-b33a-4499819a6022 to remote] DEBUG org.asynchttpclient.netty.request.NettyRequestSender - Using pooled Channel '[id: 0xbc2e80a9, L:/127.0.0.1:59381 - R:localhost/127.0.0.1:55132]' for 'GET' to 'http://localhost:55132/session/c0690086-df2a-4e1b-b33a-4499819a6022/screenshot'
19:42:03.062 [Forwarding screenshot on session c0690086-df2a-4e1b-b33a-4499819a6022 to remote] DEBUG org.asynchttpclient.netty.request.NettyRequestSender - Using open Channel [id: 0xbc2e80a9, L:/127.0.0.1:59381 - R:localhost/127.0.0.1:55132] for GET '/session/c0690086-df2a-4e1b-b33a-4499819a6022/screenshot'
19:42:03.765 [AsyncHttpClient-1-4] DEBUG org.asynchttpclient.netty.handler.HttpHandler - 

Request DefaultFullHttpRequest(decodeResult: success, version: HTTP/1.1, content: EmptyByteBufBE)
GET /session/c0690086-df2a-4e1b-b33a-4499819a6022/screenshot HTTP/1.1
User-Agent: selenium/4.1.2 (java windows)
Cache-Control: no-cache
Content-Type: application/json; charset=utf-8
host: localhost:55132
accept: */*

Response DefaultHttpResponse(decodeResult: success, version: HTTP/1.1)
HTTP/1.1 200 OK
content-type: application/json; charset=utf-8
cache-control: no-cache
date: Sun, 09 Apr 2023 12:42:02 GMT
content-length: 89016

19:42:03.765 [AsyncHttpClient-1-4] DEBUG org.asynchttpclient.netty.channel.ChannelManager - Adding key: http://localhost:55132 for channel [id: 0xbc2e80a9, L:/127.0.0.1:59381 - R:localhost/127.0.0.1:55132]
19:42:03.768 [main] DEBUG net.serenitybdd.core.photography.Darkroom - Send negative for processing for target\site\serenity\77b5609b738f080e5e39143254207597727e60152094d8facc76fcf57af4ef0a.png
19:42:03.769 [Darkroom Processing Line] DEBUG net.serenitybdd.core.photography.DarkroomProcessingLine - Processing screenshot image in /var/screenshots/screenshot-1942714058701357215
19:42:03.769 [Darkroom Processing Line] DEBUG net.serenitybdd.core.photography.DarkroomProcessingLine - Saving screenshot to target\site\serenity\77b5609b738f080e5e39143254207597727e60152094d8facc76fcf57af4ef0a.png
19:42:03.777 [Forwarding findElement on session c0690086-df2a-4e1b-b33a-4499819a6022 to remote] DEBUG org.asynchttpclient.netty.request.NettyRequestSender - Using pooled Channel '[id: 0xbc2e80a9, L:/127.0.0.1:59381 - R:localhost/127.0.0.1:55132]' for 'POST' to 'http://localhost:55132/session/c0690086-df2a-4e1b-b33a-4499819a6022/element'
19:42:03.777 [Forwarding findElement on session c0690086-df2a-4e1b-b33a-4499819a6022 to remote] DEBUG org.asynchttpclient.netty.request.NettyRequestSender - Using open Channel [id: 0xbc2e80a9, L:/127.0.0.1:59381 - R:localhost/127.0.0.1:55132] for POST '/session/c0690086-df2a-4e1b-b33a-4499819a6022/element'
19:42:03.797 [AsyncHttpClient-1-4] DEBUG org.asynchttpclient.netty.handler.HttpHandler - 

Request DefaultHttpRequest(decodeResult: success, version: HTTP/1.1)
POST /session/c0690086-df2a-4e1b-b33a-4499819a6022/element HTTP/1.1
User-Agent: selenium/4.1.2 (java windows)
Content-Length: 81
Content-Type: application/json; charset=utf-8
host: localhost:55132
accept: */*

Response DefaultHttpResponse(decodeResult: success, version: HTTP/1.1)
HTTP/1.1 200 OK
content-type: application/json; charset=utf-8
cache-control: no-cache
date: Sun, 09 Apr 2023 12:42:02 GMT
content-length: 88

19:42:03.797 [AsyncHttpClient-1-4] DEBUG org.asynchttpclient.netty.channel.ChannelManager - Adding key: http://localhost:55132 for channel [id: 0xbc2e80a9, L:/127.0.0.1:59381 - R:localhost/127.0.0.1:55132]
19:42:03.799 [Forwarding getElementTagName on session c0690086-df2a-4e1b-b33a-4499819a6022 to remote] DEBUG org.asynchttpclient.netty.request.NettyRequestSender - Using pooled Channel '[id: 0xbc2e80a9, L:/127.0.0.1:59381 - R:localhost/127.0.0.1:55132]' for 'GET' to 'http://localhost:55132/session/c0690086-df2a-4e1b-b33a-4499819a6022/element/5deb7c5a-9c78-4390-917c-3487a7f6968b/name'
19:42:03.799 [Forwarding getElementTagName on session c0690086-df2a-4e1b-b33a-4499819a6022 to remote] DEBUG org.asynchttpclient.netty.request.NettyRequestSender - Using open Channel [id: 0xbc2e80a9, L:/127.0.0.1:59381 - R:localhost/127.0.0.1:55132] for GET '/session/c0690086-df2a-4e1b-b33a-4499819a6022/element/5deb7c5a-9c78-4390-917c-3487a7f6968b/name'
19:42:04.203 [AsyncHttpClient-1-4] DEBUG org.asynchttpclient.netty.handler.HttpHandler - 

Request DefaultFullHttpRequest(decodeResult: success, version: HTTP/1.1, content: EmptyByteBufBE)
GET /session/c0690086-df2a-4e1b-b33a-4499819a6022/element/5deb7c5a-9c78-4390-917c-3487a7f6968b/name HTTP/1.1
User-Agent: selenium/4.1.2 (java windows)
Cache-Control: no-cache
Content-Type: application/json; charset=utf-8
host: localhost:55132
accept: */*

Response DefaultHttpResponse(decodeResult: success, version: HTTP/1.1)
HTTP/1.1 200 OK
content-type: application/json; charset=utf-8
cache-control: no-cache
date: Sun, 09 Apr 2023 12:42:02 GMT
content-length: 16

19:42:04.203 [AsyncHttpClient-1-4] DEBUG org.asynchttpclient.netty.channel.ChannelManager - Adding key: http://localhost:55132 for channel [id: 0xbc2e80a9, L:/127.0.0.1:59381 - R:localhost/127.0.0.1:55132]
19:42:04.205 [Forwarding getElementTagName on session c0690086-df2a-4e1b-b33a-4499819a6022 to remote] DEBUG org.asynchttpclient.netty.request.NettyRequestSender - Using pooled Channel '[id: 0xbc2e80a9, L:/127.0.0.1:59381 - R:localhost/127.0.0.1:55132]' for 'GET' to 'http://localhost:55132/session/c0690086-df2a-4e1b-b33a-4499819a6022/element/5deb7c5a-9c78-4390-917c-3487a7f6968b/name'
19:42:04.205 [Forwarding getElementTagName on session c0690086-df2a-4e1b-b33a-4499819a6022 to remote] DEBUG org.asynchttpclient.netty.request.NettyRequestSender - Using open Channel [id: 0xbc2e80a9, L:/127.0.0.1:59381 - R:localhost/127.0.0.1:55132] for GET '/session/c0690086-df2a-4e1b-b33a-4499819a6022/element/5deb7c5a-9c78-4390-917c-3487a7f6968b/name'
19:42:04.290 [AsyncHttpClient-1-4] DEBUG org.asynchttpclient.netty.handler.HttpHandler - 

Request DefaultFullHttpRequest(decodeResult: success, version: HTTP/1.1, content: EmptyByteBufBE)
GET /session/c0690086-df2a-4e1b-b33a-4499819a6022/element/5deb7c5a-9c78-4390-917c-3487a7f6968b/name HTTP/1.1
User-Agent: selenium/4.1.2 (java windows)
Cache-Control: no-cache
Content-Type: application/json; charset=utf-8
host: localhost:55132
accept: */*

Response DefaultHttpResponse(decodeResult: success, version: HTTP/1.1)
HTTP/1.1 200 OK
content-type: application/json; charset=utf-8
cache-control: no-cache
date: Sun, 09 Apr 2023 12:42:04 GMT
content-length: 16

19:42:04.290 [AsyncHttpClient-1-4] DEBUG org.asynchttpclient.netty.channel.ChannelManager - Adding key: http://localhost:55132 for channel [id: 0xbc2e80a9, L:/127.0.0.1:59381 - R:localhost/127.0.0.1:55132]
19:42:04.293 [Forwarding findElement on session c0690086-df2a-4e1b-b33a-4499819a6022 to remote] DEBUG org.asynchttpclient.netty.request.NettyRequestSender - Using pooled Channel '[id: 0xbc2e80a9, L:/127.0.0.1:59381 - R:localhost/127.0.0.1:55132]' for 'POST' to 'http://localhost:55132/session/c0690086-df2a-4e1b-b33a-4499819a6022/element'
19:42:04.293 [Forwarding findElement on session c0690086-df2a-4e1b-b33a-4499819a6022 to remote] DEBUG org.asynchttpclient.netty.request.NettyRequestSender - Using open Channel [id: 0xbc2e80a9, L:/127.0.0.1:59381 - R:localhost/127.0.0.1:55132] for POST '/session/c0690086-df2a-4e1b-b33a-4499819a6022/element'
19:42:04.314 [AsyncHttpClient-1-4] DEBUG org.asynchttpclient.netty.handler.HttpHandler - 

Request DefaultHttpRequest(decodeResult: success, version: HTTP/1.1)
POST /session/c0690086-df2a-4e1b-b33a-4499819a6022/element HTTP/1.1
User-Agent: selenium/4.1.2 (java windows)
Content-Length: 81
Content-Type: application/json; charset=utf-8
host: localhost:55132
accept: */*

Response DefaultHttpResponse(decodeResult: success, version: HTTP/1.1)
HTTP/1.1 200 OK
content-type: application/json; charset=utf-8
cache-control: no-cache
date: Sun, 09 Apr 2023 12:42:04 GMT
content-length: 88

19:42:04.314 [AsyncHttpClient-1-4] DEBUG org.asynchttpclient.netty.channel.ChannelManager - Adding key: http://localhost:55132 for channel [id: 0xbc2e80a9, L:/127.0.0.1:59381 - R:localhost/127.0.0.1:55132]
19:42:04.315 [Forwarding clickElement on session c0690086-df2a-4e1b-b33a-4499819a6022 to remote] DEBUG org.asynchttpclient.netty.request.NettyRequestSender - Using pooled Channel '[id: 0xbc2e80a9, L:/127.0.0.1:59381 - R:localhost/127.0.0.1:55132]' for 'POST' to 'http://localhost:55132/session/c0690086-df2a-4e1b-b33a-4499819a6022/element/5deb7c5a-9c78-4390-917c-3487a7f6968b/click'
19:42:04.315 [Forwarding clickElement on session c0690086-df2a-4e1b-b33a-4499819a6022 to remote] DEBUG org.asynchttpclient.netty.request.NettyRequestSender - Using open Channel [id: 0xbc2e80a9, L:/127.0.0.1:59381 - R:localhost/127.0.0.1:55132] for POST '/session/c0690086-df2a-4e1b-b33a-4499819a6022/element/5deb7c5a-9c78-4390-917c-3487a7f6968b/click'
19:42:05.076 [AsyncHttpClient-1-4] DEBUG org.asynchttpclient.netty.handler.HttpHandler - 

Request DefaultHttpRequest(decodeResult: success, version: HTTP/1.1)
POST /session/c0690086-df2a-4e1b-b33a-4499819a6022/element/5deb7c5a-9c78-4390-917c-3487a7f6968b/click HTTP/1.1
User-Agent: selenium/4.1.2 (java windows)
Content-Length: 50
Content-Type: application/json; charset=utf-8
host: localhost:55132
accept: */*

Response DefaultHttpResponse(decodeResult: success, version: HTTP/1.1)
HTTP/1.1 200 OK
content-type: application/json; charset=utf-8
cache-control: no-cache
date: Sun, 09 Apr 2023 12:42:04 GMT
content-length: 14

19:42:05.076 [AsyncHttpClient-1-4] DEBUG org.asynchttpclient.netty.channel.ChannelManager - Adding key: http://localhost:55132 for channel [id: 0xbc2e80a9, L:/127.0.0.1:59381 - R:localhost/127.0.0.1:55132]
  &amp#27;[32mThen &amp#27;[0m&amp#27;[32mI click baby on the header&amp#27;[0m &amp#27;[90m# starter.stepdefinitions.BabyStep.iClickBabyOnTheHeader()&amp#27;[0m
19:42:05.085 [Forwarding screenshot on session c0690086-df2a-4e1b-b33a-4499819a6022 to remote] DEBUG org.asynchttpclient.netty.request.NettyRequestSender - Using pooled Channel '[id: 0xbc2e80a9, L:/127.0.0.1:59381 - R:localhost/127.0.0.1:55132]' for 'GET' to 'http://localhost:55132/session/c0690086-df2a-4e1b-b33a-4499819a6022/screenshot'
19:42:05.085 [Forwarding screenshot on session c0690086-df2a-4e1b-b33a-4499819a6022 to remote] DEBUG org.asynchttpclient.netty.request.NettyRequestSender - Using open Channel [id: 0xbc2e80a9, L:/127.0.0.1:59381 - R:localhost/127.0.0.1:55132] for GET '/session/c0690086-df2a-4e1b-b33a-4499819a6022/screenshot'
19:42:05.208 [AsyncHttpClient-1-4] DEBUG org.asynchttpclient.netty.handler.HttpHandler - 

Request DefaultFullHttpRequest(decodeResult: success, version: HTTP/1.1, content: EmptyByteBufBE)
GET /session/c0690086-df2a-4e1b-b33a-4499819a6022/screenshot HTTP/1.1
User-Agent: selenium/4.1.2 (java windows)
Cache-Control: no-cache
Content-Type: application/json; charset=utf-8
host: localhost:55132
accept: */*

Response DefaultHttpResponse(decodeResult: success, version: HTTP/1.1)
HTTP/1.1 200 OK
content-type: application/json; charset=utf-8
cache-control: no-cache
date: Sun, 09 Apr 2023 12:42:04 GMT
content-length: 97672

19:42:05.208 [AsyncHttpClient-1-4] DEBUG org.asynchttpclient.netty.channel.ChannelManager - Adding key: http://localhost:55132 for channel [id: 0xbc2e80a9, L:/127.0.0.1:59381 - R:localhost/127.0.0.1:55132]
19:42:05.212 [main] DEBUG net.serenitybdd.core.photography.Darkroom - Send negative for processing for target\site\serenity\4a00b925cb895bed2b9bd8534074525280971db68f1efea6402fa12379775d4e.png
19:42:05.212 [Darkroom Processing Line] DEBUG net.serenitybdd.core.photography.DarkroomProcessingLine - Processing screenshot image in /var/screenshots/screenshot-7976572145469548180
19:42:05.212 [Darkroom Processing Line] DEBUG net.serenitybdd.core.photography.DarkroomProcessingLine - Saving screenshot to target\site\serenity\4a00b925cb895bed2b9bd8534074525280971db68f1efea6402fa12379775d4e.png
19:42:05.224 [Forwarding findElement on session c0690086-df2a-4e1b-b33a-4499819a6022 to remote] DEBUG org.asynchttpclient.netty.request.NettyRequestSender - Using pooled Channel '[id: 0xbc2e80a9, L:/127.0.0.1:59381 - R:localhost/127.0.0.1:55132]' for 'POST' to 'http://localhost:55132/session/c0690086-df2a-4e1b-b33a-4499819a6022/element'
19:42:05.224 [Forwarding findElement on session c0690086-df2a-4e1b-b33a-4499819a6022 to remote] DEBUG org.asynchttpclient.netty.request.NettyRequestSender - Using open Channel [id: 0xbc2e80a9, L:/127.0.0.1:59381 - R:localhost/127.0.0.1:55132] for POST '/session/c0690086-df2a-4e1b-b33a-4499819a6022/element'
19:42:05.387 [AsyncHttpClient-1-4] DEBUG org.asynchttpclient.netty.handler.HttpHandler - 

Request DefaultHttpRequest(decodeResult: success, version: HTTP/1.1)
POST /session/c0690086-df2a-4e1b-b33a-4499819a6022/element HTTP/1.1
User-Agent: selenium/4.1.2 (java windows)
Content-Length: 107
Content-Type: application/json; charset=utf-8
host: localhost:55132
accept: */*

Response DefaultHttpResponse(decodeResult: success, version: HTTP/1.1)
HTTP/1.1 200 OK
content-type: application/json; charset=utf-8
cache-control: no-cache
date: Sun, 09 Apr 2023 12:42:05 GMT
content-length: 88

19:42:05.387 [AsyncHttpClient-1-4] DEBUG org.asynchttpclient.netty.channel.ChannelManager - Adding key: http://localhost:55132 for channel [id: 0xbc2e80a9, L:/127.0.0.1:59381 - R:localhost/127.0.0.1:55132]
19:42:05.389 [Forwarding getElementTagName on session c0690086-df2a-4e1b-b33a-4499819a6022 to remote] DEBUG org.asynchttpclient.netty.request.NettyRequestSender - Using pooled Channel '[id: 0xbc2e80a9, L:/127.0.0.1:59381 - R:localhost/127.0.0.1:55132]' for 'GET' to 'http://localhost:55132/session/c0690086-df2a-4e1b-b33a-4499819a6022/element/e3cae4a2-ff50-4194-870e-d535d6087041/name'
19:42:05.389 [Forwarding getElementTagName on session c0690086-df2a-4e1b-b33a-4499819a6022 to remote] DEBUG org.asynchttpclient.netty.request.NettyRequestSender - Using open Channel [id: 0xbc2e80a9, L:/127.0.0.1:59381 - R:localhost/127.0.0.1:55132] for GET '/session/c0690086-df2a-4e1b-b33a-4499819a6022/element/e3cae4a2-ff50-4194-870e-d535d6087041/name'
19:42:05.421 [AsyncHttpClient-1-4] DEBUG org.asynchttpclient.netty.handler.HttpHandler - 

Request DefaultFullHttpRequest(decodeResult: success, version: HTTP/1.1, content: EmptyByteBufBE)
GET /session/c0690086-df2a-4e1b-b33a-4499819a6022/element/e3cae4a2-ff50-4194-870e-d535d6087041/name HTTP/1.1
User-Agent: selenium/4.1.2 (java windows)
Cache-Control: no-cache
Content-Type: application/json; charset=utf-8
host: localhost:55132
accept: */*

Response DefaultHttpResponse(decodeResult: success, version: HTTP/1.1)
HTTP/1.1 200 OK
content-type: application/json; charset=utf-8
cache-control: no-cache
date: Sun, 09 Apr 2023 12:42:05 GMT
content-length: 16

19:42:05.422 [AsyncHttpClient-1-4] DEBUG org.asynchttpclient.netty.channel.ChannelManager - Adding key: http://localhost:55132 for channel [id: 0xbc2e80a9, L:/127.0.0.1:59381 - R:localhost/127.0.0.1:55132]
19:42:05.423 [Forwarding getElementTagName on session c0690086-df2a-4e1b-b33a-4499819a6022 to remote] DEBUG org.asynchttpclient.netty.request.NettyRequestSender - Using pooled Channel '[id: 0xbc2e80a9, L:/127.0.0.1:59381 - R:localhost/127.0.0.1:55132]' for 'GET' to 'http://localhost:55132/session/c0690086-df2a-4e1b-b33a-4499819a6022/element/e3cae4a2-ff50-4194-870e-d535d6087041/name'
19:42:05.424 [Forwarding getElementTagName on session c0690086-df2a-4e1b-b33a-4499819a6022 to remote] DEBUG org.asynchttpclient.netty.request.NettyRequestSender - Using open Channel [id: 0xbc2e80a9, L:/127.0.0.1:59381 - R:localhost/127.0.0.1:55132] for GET '/session/c0690086-df2a-4e1b-b33a-4499819a6022/element/e3cae4a2-ff50-4194-870e-d535d6087041/name'
19:42:05.460 [AsyncHttpClient-1-4] DEBUG org.asynchttpclient.netty.handler.HttpHandler - 

Request DefaultFullHttpRequest(decodeResult: success, version: HTTP/1.1, content: EmptyByteBufBE)
GET /session/c0690086-df2a-4e1b-b33a-4499819a6022/element/e3cae4a2-ff50-4194-870e-d535d6087041/name HTTP/1.1
User-Agent: selenium/4.1.2 (java windows)
Cache-Control: no-cache
Content-Type: application/json; charset=utf-8
host: localhost:55132
accept: */*

Response DefaultHttpResponse(decodeResult: success, version: HTTP/1.1)
HTTP/1.1 200 OK
content-type: application/json; charset=utf-8
cache-control: no-cache
date: Sun, 09 Apr 2023 12:42:05 GMT
content-length: 16

19:42:05.460 [AsyncHttpClient-1-4] DEBUG org.asynchttpclient.netty.channel.ChannelManager - Adding key: http://localhost:55132 for channel [id: 0xbc2e80a9, L:/127.0.0.1:59381 - R:localhost/127.0.0.1:55132]
19:42:05.463 [Forwarding findElement on session c0690086-df2a-4e1b-b33a-4499819a6022 to remote] DEBUG org.asynchttpclient.netty.request.NettyRequestSender - Using pooled Channel '[id: 0xbc2e80a9, L:/127.0.0.1:59381 - R:localhost/127.0.0.1:55132]' for 'POST' to 'http://localhost:55132/session/c0690086-df2a-4e1b-b33a-4499819a6022/element'
19:42:05.463 [Forwarding findElement on session c0690086-df2a-4e1b-b33a-4499819a6022 to remote] DEBUG org.asynchttpclient.netty.request.NettyRequestSender - Using open Channel [id: 0xbc2e80a9, L:/127.0.0.1:59381 - R:localhost/127.0.0.1:55132] for POST '/session/c0690086-df2a-4e1b-b33a-4499819a6022/element'
19:42:05.590 [AsyncHttpClient-1-4] DEBUG org.asynchttpclient.netty.handler.HttpHandler - 

Request DefaultHttpRequest(decodeResult: success, version: HTTP/1.1)
POST /session/c0690086-df2a-4e1b-b33a-4499819a6022/element HTTP/1.1
User-Agent: selenium/4.1.2 (java windows)
Content-Length: 107
Content-Type: application/json; charset=utf-8
host: localhost:55132
accept: */*

Response DefaultHttpResponse(decodeResult: success, version: HTTP/1.1)
HTTP/1.1 200 OK
content-type: application/json; charset=utf-8
cache-control: no-cache
date: Sun, 09 Apr 2023 12:42:05 GMT
content-length: 88

19:42:05.591 [AsyncHttpClient-1-4] DEBUG org.asynchttpclient.netty.channel.ChannelManager - Adding key: http://localhost:55132 for channel [id: 0xbc2e80a9, L:/127.0.0.1:59381 - R:localhost/127.0.0.1:55132]
19:42:05.592 [Forwarding clickElement on session c0690086-df2a-4e1b-b33a-4499819a6022 to remote] DEBUG org.asynchttpclient.netty.request.NettyRequestSender - Using pooled Channel '[id: 0xbc2e80a9, L:/127.0.0.1:59381 - R:localhost/127.0.0.1:55132]' for 'POST' to 'http://localhost:55132/session/c0690086-df2a-4e1b-b33a-4499819a6022/element/e3cae4a2-ff50-4194-870e-d535d6087041/click'
19:42:05.592 [Forwarding clickElement on session c0690086-df2a-4e1b-b33a-4499819a6022 to remote] DEBUG org.asynchttpclient.netty.request.NettyRequestSender - Using open Channel [id: 0xbc2e80a9, L:/127.0.0.1:59381 - R:localhost/127.0.0.1:55132] for POST '/session/c0690086-df2a-4e1b-b33a-4499819a6022/element/e3cae4a2-ff50-4194-870e-d535d6087041/click'
19:42:06.164 [AsyncHttpClient-1-4] DEBUG org.asynchttpclient.netty.handler.HttpHandler - 

Request DefaultHttpRequest(decodeResult: success, version: HTTP/1.1)
POST /session/c0690086-df2a-4e1b-b33a-4499819a6022/element/e3cae4a2-ff50-4194-870e-d535d6087041/click HTTP/1.1
User-Agent: selenium/4.1.2 (java windows)
Content-Length: 50
Content-Type: application/json; charset=utf-8
host: localhost:55132
accept: */*

Response DefaultHttpResponse(decodeResult: success, version: HTTP/1.1)
HTTP/1.1 200 OK
content-type: application/json; charset=utf-8
cache-control: no-cache
date: Sun, 09 Apr 2023 12:42:05 GMT
content-length: 14

19:42:06.165 [AsyncHttpClient-1-4] DEBUG org.asynchttpclient.netty.channel.ChannelManager - Adding key: http://localhost:55132 for channel [id: 0xbc2e80a9, L:/127.0.0.1:59381 - R:localhost/127.0.0.1:55132]
  &amp#27;[32mWhen &amp#27;[0m&amp#27;[32mI will go to &amp#27;[0m&amp#27;[32m&amp#27;[1m"kaosKaki2"&amp#27;[0m   &amp#27;[90m# starter.stepdefinitions.BabyStep.iWillGoTo(java.lang.String)&amp#27;[0m
19:42:06.173 [Forwarding screenshot on session c0690086-df2a-4e1b-b33a-4499819a6022 to remote] DEBUG org.asynchttpclient.netty.request.NettyRequestSender - Using pooled Channel '[id: 0xbc2e80a9, L:/127.0.0.1:59381 - R:localhost/127.0.0.1:55132]' for 'GET' to 'http://localhost:55132/session/c0690086-df2a-4e1b-b33a-4499819a6022/screenshot'
19:42:06.173 [Forwarding screenshot on session c0690086-df2a-4e1b-b33a-4499819a6022 to remote] DEBUG org.asynchttpclient.netty.request.NettyRequestSender - Using open Channel [id: 0xbc2e80a9, L:/127.0.0.1:59381 - R:localhost/127.0.0.1:55132] for GET '/session/c0690086-df2a-4e1b-b33a-4499819a6022/screenshot'
19:42:06.414 [AsyncHttpClient-1-4] DEBUG org.asynchttpclient.netty.handler.HttpHandler - 

Request DefaultFullHttpRequest(decodeResult: success, version: HTTP/1.1, content: EmptyByteBufBE)
GET /session/c0690086-df2a-4e1b-b33a-4499819a6022/screenshot HTTP/1.1
User-Agent: selenium/4.1.2 (java windows)
Cache-Control: no-cache
Content-Type: application/json; charset=utf-8
host: localhost:55132
accept: */*

Response DefaultHttpResponse(decodeResult: success, version: HTTP/1.1)
HTTP/1.1 200 OK
content-type: application/json; charset=utf-8
cache-control: no-cache
date: Sun, 09 Apr 2023 12:42:05 GMT
content-length: 81512

19:42:06.414 [AsyncHttpClient-1-4] DEBUG org.asynchttpclient.netty.channel.ChannelManager - Adding key: http://localhost:55132 for channel [id: 0xbc2e80a9, L:/127.0.0.1:59381 - R:localhost/127.0.0.1:55132]
19:42:06.418 [main] DEBUG net.serenitybdd.core.photography.Darkroom - Send negative for processing for target\site\serenity\766adc5566d9aa1dd51a2494e91099cf1999030535f030a39ea1b6cfb2e674b8.png
19:42:06.418 [Darkroom Processing Line] DEBUG net.serenitybdd.core.photography.DarkroomProcessingLine - Processing screenshot image in /var/screenshots/screenshot-17721254435510536990
19:42:06.418 [Darkroom Processing Line] DEBUG net.serenitybdd.core.photography.DarkroomProcessingLine - Saving screenshot to target\site\serenity\766adc5566d9aa1dd51a2494e91099cf1999030535f030a39ea1b6cfb2e674b8.png
19:42:06.427 [Forwarding findElement on session c0690086-df2a-4e1b-b33a-4499819a6022 to remote] DEBUG org.asynchttpclient.netty.request.NettyRequestSender - Using pooled Channel '[id: 0xbc2e80a9, L:/127.0.0.1:59381 - R:localhost/127.0.0.1:55132]' for 'POST' to 'http://localhost:55132/session/c0690086-df2a-4e1b-b33a-4499819a6022/element'
19:42:06.427 [Forwarding findElement on session c0690086-df2a-4e1b-b33a-4499819a6022 to remote] DEBUG org.asynchttpclient.netty.request.NettyRequestSender - Using open Channel [id: 0xbc2e80a9, L:/127.0.0.1:59381 - R:localhost/127.0.0.1:55132] for POST '/session/c0690086-df2a-4e1b-b33a-4499819a6022/element'
19:42:06.430 [AsyncHttpClient-1-4] DEBUG org.asynchttpclient.netty.handler.HttpHandler - 

Request DefaultHttpRequest(decodeResult: success, version: HTTP/1.1)
POST /session/c0690086-df2a-4e1b-b33a-4499819a6022/element HTTP/1.1
User-Agent: selenium/4.1.2 (java windows)
Content-Length: 92
Content-Type: application/json; charset=utf-8
host: localhost:55132
accept: */*

Response DefaultHttpResponse(decodeResult: success, version: HTTP/1.1)
HTTP/1.1 200 OK
content-type: application/json; charset=utf-8
cache-control: no-cache
date: Sun, 09 Apr 2023 12:42:06 GMT
content-length: 88

19:42:06.430 [AsyncHttpClient-1-4] DEBUG org.asynchttpclient.netty.channel.ChannelManager - Adding key: http://localhost:55132 for channel [id: 0xbc2e80a9, L:/127.0.0.1:59381 - R:localhost/127.0.0.1:55132]
19:42:06.432 [Forwarding isElementDisplayed on session c0690086-df2a-4e1b-b33a-4499819a6022 to remote] DEBUG org.asynchttpclient.netty.request.NettyRequestSender - Using pooled Channel '[id: 0xbc2e80a9, L:/127.0.0.1:59381 - R:localhost/127.0.0.1:55132]' for 'POST' to 'http://localhost:55132/session/c0690086-df2a-4e1b-b33a-4499819a6022/execute/sync'
19:42:06.432 [Forwarding isElementDisplayed on session c0690086-df2a-4e1b-b33a-4499819a6022 to remote] DEBUG org.asynchttpclient.netty.request.NettyRequestSender - Using open Channel [id: 0xbc2e80a9, L:/127.0.0.1:59381 - R:localhost/127.0.0.1:55132] for POST '/session/c0690086-df2a-4e1b-b33a-4499819a6022/execute/sync'
19:42:06.448 [AsyncHttpClient-1-4] DEBUG org.asynchttpclient.netty.handler.HttpHandler - 

Request DefaultHttpRequest(decodeResult: success, version: HTTP/1.1)
POST /session/c0690086-df2a-4e1b-b33a-4499819a6022/execute/sync HTTP/1.1
User-Agent: selenium/4.1.2 (java windows)
Content-Length: 48780
Content-Type: application/json; charset=utf-8
host: localhost:55132
accept: */*

Response DefaultHttpResponse(decodeResult: success, version: HTTP/1.1)
HTTP/1.1 200 OK
content-type: application/json; charset=utf-8
cache-control: no-cache
date: Sun, 09 Apr 2023 12:42:06 GMT
content-length: 14

19:42:06.448 [AsyncHttpClient-1-4] DEBUG org.asynchttpclient.netty.channel.ChannelManager - Adding key: http://localhost:55132 for channel [id: 0xbc2e80a9, L:/127.0.0.1:59381 - R:localhost/127.0.0.1:55132]
  &amp#27;[32mAnd &amp#27;[0m&amp#27;[32mI &amp#27;[0m&amp#27;[32m&amp#27;[1m"txtKaosKaki2"&amp#27;[0m&amp#27;[32m page&amp#27;[0m       &amp#27;[90m# starter.stepdefinitions.BabyStep.iPage(java.lang.String)&amp#27;[0m
19:42:06.457 [Driver Command Executor] DEBUG org.asynchttpclient.netty.request.NettyRequestSender - Using pooled Channel '[id: 0xbc2e80a9, L:/127.0.0.1:59381 - R:localhost/127.0.0.1:55132]' for 'DELETE' to 'http://localhost:55132/session/c0690086-df2a-4e1b-b33a-4499819a6022'
19:42:06.457 [Driver Command Executor] DEBUG org.asynchttpclient.netty.request.NettyRequestSender - Using open Channel [id: 0xbc2e80a9, L:/127.0.0.1:59381 - R:localhost/127.0.0.1:55132] for DELETE '/session/c0690086-df2a-4e1b-b33a-4499819a6022'
19:42:07.353 [AsyncHttpClient-1-4] DEBUG org.asynchttpclient.netty.handler.HttpHandler - 

Request DefaultFullHttpRequest(decodeResult: success, version: HTTP/1.1, content: EmptyByteBufBE)
DELETE /session/c0690086-df2a-4e1b-b33a-4499819a6022 HTTP/1.1
User-Agent: selenium/4.1.2 (java windows)
Content-Type: application/json; charset=utf-8
host: localhost:55132
accept: */*

Response DefaultHttpResponse(decodeResult: success, version: HTTP/1.1)
HTTP/1.1 200 OK
content-type: application/json; charset=utf-8
cache-control: no-cache
date: Sun, 09 Apr 2023 12:42:06 GMT
content-length: 14

19:42:07.353 [AsyncHttpClient-1-4] DEBUG org.asynchttpclient.netty.channel.ChannelManager - Adding key: http://localhost:55132 for channel [id: 0xbc2e80a9, L:/127.0.0.1:59381 - R:localhost/127.0.0.1:55132]
19:42:07.355 [AsyncHttpClient-1-4] DEBUG org.asynchttpclient.netty.handler.HttpHandler - Unexpected I/O exception on channel [id: 0xbc2e80a9, L:/127.0.0.1:59381 - R:localhost/127.0.0.1:55132]
java.net.SocketException: Connection reset
	at java.base/sun.nio.ch.SocketChannelImpl.throwConnectionReset(SocketChannelImpl.java:345)
	at java.base/sun.nio.ch.SocketChannelImpl.read(SocketChannelImpl.java:376)
	at io.netty.buffer.PooledByteBuf.setBytes(PooledByteBuf.java:258)
	at io.netty.buffer.AbstractByteBuf.writeBytes(AbstractByteBuf.java:1132)
	at io.netty.channel.socket.nio.NioSocketChannel.doReadBytes(NioSocketChannel.java:350)
	at io.netty.channel.nio.AbstractNioByteChannel$NioByteUnsafe.read(AbstractNioByteChannel.java:151)
	at io.netty.channel.nio.NioEventLoop.processSelectedKey(NioEventLoop.java:722)
	at io.netty.channel.nio.NioEventLoop.processSelectedKeysOptimized(NioEventLoop.java:658)
	at io.netty.channel.nio.NioEventLoop.processSelectedKeys(NioEventLoop.java:584)
	at io.netty.channel.nio.NioEventLoop.run(NioEventLoop.java:496)
	at io.netty.util.concurrent.SingleThreadEventExecutor$4.run(SingleThreadEventExecutor.java:986)
	at io.netty.util.internal.ThreadExecutorMap$2.run(ThreadExecutorMap.java:74)
	at io.netty.util.concurrent.FastThreadLocalRunnable.run(FastThreadLocalRunnable.java:30)
	at java.base/java.lang.Thread.run(Thread.java:830)
19:42:07.355 [AsyncHttpClient-1-4] DEBUG org.asynchttpclient.netty.channel.ChannelManager - Closing Channel [id: 0xbc2e80a9, L:/127.0.0.1:59381 - R:localhost/127.0.0.1:55132] 
19:42:07.355 [AsyncHttpClient-1-4] DEBUG org.asynchttpclient.netty.handler.HttpHandler - Channel Closed: [id: 0xbc2e80a9, L:/127.0.0.1:59381 ! R:localhost/127.0.0.1:55132] with attribute DISCARD
]]></system-out>
    <system-err><![CDATA[1681044118518	geckodriver	INFO	Listening on 127.0.0.1:55132
1681044119018	mozrunner::runner	INFO	Running command: "C:\\Program Files\\Mozilla Firefox\\firefox.exe" "--marionette" "" "--remote-debugging-port" "51528" "--remote-allow-hosts" "localhost" "-no-remote" "-profile" "C:\\Users\\alwi\\AppData\\Local\\Temp\\rust_mozprofileSUmxVh"
console.warn: services.settings: Ignoring preference override of remote settings server
console.warn: services.settings: Allow by setting MOZ_REMOTE_SETTINGS_DEVTOOLS=1 in the environment
1681044119358	Marionette	INFO	Marionette enabled
Dynamically enable window occlusion 0
1681044119363	Marionette	INFO	Listening on port 59385
WebDriver BiDi listening on ws://127.0.0.1:51528
Read port: 59385
1681044119598	RemoteAgent	WARN	TLS certificate errors will be ignored for this session
console.warn: SearchSettings: "get: No settings file exists, new profile?" (new NotFoundError("Could not open the file at C:\\Users\\alwi\\AppData\\Local\\Temp\\rust_mozprofileSUmxVh\\search.json.mozlz4", (void 0)))
DevTools listening on ws://127.0.0.1:51528/devtools/browser/26a7f0b6-daba-456a-9d1c-da6969446eef
Apr 09, 2023 7:42:01 PM org.openqa.selenium.remote.ProtocolHandshake createSession
INFO: Detected dialect: W3C
JavaScript warning: https://www.uniqlo.com/oQfZRN8zACRR/OQ/-x_RMR-EGX/k95OLrhJQ5/OXl6GHI5AQ/PnUdVS/RrZQs, line 1: unreachable code after return statement
JavaScript warning: https://www.uniqlo.com/id/elgnisolqinu.js?async&seed=AECl_mWHAQAAhXleUcVgnU2eEowETsYZDsExG9MVfyypS8j2a8yO2N_NY-zV&x-i1ysm4mm--z=q, line 1: WEBGL_debug_renderer_info is deprecated in Firefox and will be removed. Please use RENDERER.
JavaScript warning: https://www.uniqlo.com/oQfZRN8zACRR/OQ/-x_RMR-EGX/k95OLrhJQ5/OXl6GHI5AQ/PnUdVS/RrZQs, line 1: WEBGL_debug_renderer_info is deprecated in Firefox and will be removed. Please use RENDERER.
1681044126459	Marionette	INFO	Stopped listening on port 59385
Dynamically enable window occlusion 1
WARNING: A blocker encountered an error while we were waiting.
          Blocker:  Waiting for ping task
          Phase: TelemetryController: Waiting for pending ping activity
          State: (none)
WARNING: Error: Phase "profile-before-change" is finished, it is too late to register completion condition "OS.File: flush I/O queued before profileBeforeChange"
WARNING: addBlocker@resource://gre/modules/AsyncShutdown.sys.mjs:727:15
addBlocker@resource://gre/modules/AsyncShutdown.sys.mjs:523:26
addBlocker@resource://gre/modules/AsyncShutdown.sys.mjs:458:15
setupShutdown@resource://gre/modules/osfile/osfile_async_front.jsm:1548:28
@resource://gre/modules/osfile/osfile_async_front.jsm:1568:16
@resource://gre/modules/osfile.jsm:12:30
@resource://gre/modules/TelemetryStorage.sys.mjs:10:28
_checkPendingPings@resource://gre/modules/TelemetrySend.sys.mjs:863:17
setup@resource://gre/modules/TelemetrySend.sys.mjs:803:18
setup@resource://gre/modules/TelemetrySend.sys.mjs:241:30
setupTelemetry/this._delayedInitTask<@resource://gre/modules/TelemetryControllerParent.sys.mjs:828:36
observe@resource://gre/modules/AsyncShutdown.sys.mjs:576:16

console.error: "TelemetryScheduler.shutdown - Already shut down"
WARNING: A blocker encountered an error while we were waiting.
          Blocker:  Waiting for ping task
          Phase: TelemetryController: Waiting for pending ping activity
          State: (none)
WARNING: Error: Phase "profile-before-change" is finished, it is too late to register completion condition "OS.File: flush I/O queued before profileBeforeChange"
WARNING: addBlocker@resource://gre/modules/AsyncShutdown.sys.mjs:727:15
addBlocker@resource://gre/modules/AsyncShutdown.sys.mjs:523:26
addBlocker@resource://gre/modules/AsyncShutdown.sys.mjs:458:15
setupShutdown@resource://gre/modules/osfile/osfile_async_front.jsm:1548:28
@resource://gre/modules/osfile/osfile_async_front.jsm:1568:16
@resource://gre/modules/osfile.jsm:12:30
@resource://gre/modules/TelemetryStorage.sys.mjs:10:28
_checkPendingPings@resource://gre/modules/TelemetrySend.sys.mjs:863:17
setup@resource://gre/modules/TelemetrySend.sys.mjs:803:18
setup@resource://gre/modules/TelemetrySend.sys.mjs:241:30
setupTelemetry/this._delayedInitTask<@resource://gre/modules/TelemetryControllerParent.sys.mjs:828:36
observe@resource://gre/modules/AsyncShutdown.sys.mjs:576:16

WARNING: A blocker encountered an error while we were waiting.
          Blocker:  Waiting for ping task
          Phase: TelemetryController: Waiting for pending ping activity
          State: (none)
WARNING: Error: Phase "profile-before-change" is finished, it is too late to register completion condition "OS.File: flush I/O queued before profileBeforeChange"
WARNING: addBlocker@resource://gre/modules/AsyncShutdown.sys.mjs:727:15
addBlocker@resource://gre/modules/AsyncShutdown.sys.mjs:523:26
addBlocker@resource://gre/modules/AsyncShutdown.sys.mjs:458:15
setupShutdown@resource://gre/modules/osfile/osfile_async_front.jsm:1548:28
@resource://gre/modules/osfile/osfile_async_front.jsm:1568:16
@resource://gre/modules/osfile.jsm:12:30
@resource://gre/modules/TelemetryStorage.sys.mjs:10:28
_checkPendingPings@resource://gre/modules/TelemetrySend.sys.mjs:863:17
setup@resource://gre/modules/TelemetrySend.sys.mjs:803:18
setup@resource://gre/modules/TelemetrySend.sys.mjs:241:30
setupTelemetry/this._delayedInitTask<@resource://gre/modules/TelemetryControllerParent.sys.mjs:828:36
observe@resource://gre/modules/AsyncShutdown.sys.mjs:576:16

WARNING: A blocker encountered an error while we were waiting.
          Blocker:  TelemetryController: shutting down
          Phase: profile-before-change-telemetry
          State: Error getting state: Error: Phase "profile-before-change" is finished, it is too late to register completion condition "OS.File: flush I/O queued before profileBeforeChange" at addBlocker@resource://gre/modules/AsyncShutdown.sys.mjs:727:15
addBlocker@resource://gre/modules/AsyncShutdown.sys.mjs:523:26
addBlocker@resource://gre/modules/AsyncShutdown.sys.mjs:458:15
setupShutdown@resource://gre/modules/osfile/osfile_async_front.jsm:1548:28
@resource://gre/modules/osfile/osfile_async_front.jsm:1568:16
@resource://gre/modules/osfile.jsm:12:30
@resource://gre/modules/TelemetryStorage.sys.mjs:10:28
_checkPendingPings@resource://gre/modules/TelemetrySend.sys.mjs:863:17
setup@resource://gre/modules/TelemetrySend.sys.mjs:803:18
setup@resource://gre/modules/TelemetrySend.sys.mjs:241:30
setupTelemetry/this._delayedInitTask<@resource://gre/modules/TelemetryControllerParent.sys.mjs:828:36
observe@resource://gre/modules/AsyncShutdown.sys.mjs:576:16

WARNING: Error: Phase "profile-before-change" is finished, it is too late to register completion condition "OS.File: flush I/O queued before profileBeforeChange"
WARNING: addBlocker@resource://gre/moduleJs/aAvsyanScript ecrSrohru:t dresoowunr.csey:/s./mgjrse:/7m2od7u:l1e5s/
AasydndBclShouctdkoewrn@.rseysso.umrjcse:,/ /lgirnee/ m7o27:d uElrerso/rA:s yPnhcaSsheu t"dporwonf.isylse.-mbjesf:o5re2-3c:h2an6ge
"a didBsl focikneisr@herdes,o uirtc eis: t/o/og lrea/tmeo dtuol erse/gAissytnecrS hcutodmoplwent.isoyn sc.omnjdsit:i45o8n: 1"5OS
.sFeitluep:S hfultudsoh Iw/nO@ qrueesuoedur cbee:f//ogrree /pmroodfuilleeBse/foosrfeiCle/osfile_async_front.jsm:1h5a4n8g:e"28

@resource://grJavaSec/rmiodputle se/rorsofri: lree/soosufriclee_:a/s/gyrne/cm_ofdurleosn/tA.jsysnmc:S1h5u6t8d:o1w6n.s
y@sr.emsjs, oliunre c7e2:7/:/ gErer/rmoord: ulPehsas/oe s"fpiroflei.lej-sbemf:o1re-2ch:a3n0ge
@"r eisso ufricnei:s/h/egdr,e /itm is toodou lleatse/ Tteol reemgeitsrtyeSrt coormapglee.tsiys.mjso:n 1c0o:n2d8iti
o_nc h"eOcSk.PeFnidlei: nfglPusihn Ig/sO q@ureeused before profileBeforeChanogue"r
cJe:a//vgarSecri/pmto derurloers: r/esTouerlcee:m/e/gtrrey/Smeondd.sysu.lmejss/As:y8n6c3S:hu1t7do
wsne.stysu.pm@jrse, slioneu r7c27:e :E/r/rgorre:/ mPhase "profile-before-change" is finisheod, it dis utlooe lsa/teT teol emetrryeSgiesntde.rs ycso.mmpjlset:i80on3: 1con8d
isteitounp @"reOsSo.urFciel:e/:/g flushr eI//mOo dqulueesu/eTedl ebmeeftorryeS epnrdo.sfyisl.emBejfso:r2e4C1h:a3n0g
es"etu
pJTaevlaeSmcetrirpyt/ tehrirso._derl:a yreedsIonuitrcTeas:k/</@grerseou/rmcodeu:l/e/s/gArsyen/cmSohduultedso/wTnel.esmyestr.ymjCso,n tlrione 7l2l7e:r PEarrernotr.s:y sP.mhjass:e8 2"8p:r3o6fil
eo-bbseerve@rfeosroeu-rcchean:ge/"/ gisr fei/nmiosdhuedl,e si/tA siysn tocoS hluattdeo tow nr.esgyis.smtjesr:5 7c6om:p1l6eti
on
 condition "OS.File: flush I/O queued before profileBeforeChange"
JavaScript error: resource://gre/modules/AsyncShutdown.sys.mjs, line 727: Error: Phase "profile-before-change" is finished, it is too late to register completion condition "OS.File: flush I/O queued before profileBeforeChange"
JavaScript error: resource://gre/modules/AsyncShutdown.sys.mjs, line 727: Error: Phase "profile-before-change" is finished, it is too late to register completion condition "OS.File: flush I/O queued before profileBeforeChange"
]]></system-err>
  </testcase>
  <testcase name="Fitur Menu Baby #26" classname="Baby" time="9.825">
    <system-out><![CDATA[
@baby
Scenario Outline: Fitur Menu Baby &amp#27;[90m# src/test/resources/features/Baby.feature:38&amp#27;[0m
19:42:07.413 [main] INFO io.cucumber.core.plugin.SerenityReporter - Running feature from file:///C:/Users/alwi/IdeaProjects/uniqloweb/src/test/resources/features/Baby.feature
19:42:07.426 [main] INFO net.serenitybdd.core.webdriver.driverproviders.FirefoxDriverProvider - Using automatically driver download
19:42:07.540 [main] DEBUG io.github.bonigarcia.wdm.cache.ResolutionCache - Resolution firefox=111 in cache (valid until 20:30:50 09/04/2023 WIB)
19:42:07.543 [main] DEBUG io.github.bonigarcia.wdm.cache.ResolutionCache - Resolution firefox111=0.32.2 in cache (valid until 19:30:50 10/04/2023 WIB)
19:42:07.545 [main] INFO io.github.bonigarcia.wdm.WebDriverManager - Using geckodriver 0.32.2 (resolved driver for Firefox 111)
19:42:07.555 [main] DEBUG io.github.bonigarcia.wdm.WebDriverManager - Driver geckodriver 0.32.2 found in cache
19:42:07.556 [main] INFO io.github.bonigarcia.wdm.WebDriverManager - Exporting webdriver.gecko.driver as C:\Users\alwi\.cache\selenium\geckodriver\win64\0.32.2\geckodriver.exe
19:42:07.566 [main] DEBUG net.serenitybdd.core.webdriver.driverproviders.ProvideNewDriver - Instantiating driver
19:42:07.566 [main] DEBUG net.serenitybdd.core.webdriver.driverproviders.ProvideNewDriver - Driver capabilities: Capabilities {acceptInsecureCerts: true, browserName: firefox, moz:debuggerAddress: true, moz:firefoxOptions: {args: [], profile: UEsDBBQACAgIAEOdiVYAAAAAAAA...}}
19:42:08.024 [AsyncHttpClient-1-1] DEBUG org.asynchttpclient.netty.channel.DefaultChannelPool - Entry count for : http://localhost:55132 : 1
19:42:08.024 [AsyncHttpClient-1-1] DEBUG org.asynchttpclient.netty.channel.DefaultChannelPool - Adding Candidate expired Channel [id: 0xbc2e80a9, L:/127.0.0.1:59381 ! R:localhost/127.0.0.1:55132] isIdleTimeoutExpired=false isRemotelyClosed=true isTtlExpired=false
19:42:08.024 [AsyncHttpClient-1-1] DEBUG org.asynchttpclient.netty.channel.DefaultChannelPool - Closing Idle Channel [id: 0xbc2e80a9, L:/127.0.0.1:59381 ! R:localhost/127.0.0.1:55132]
19:42:08.024 [AsyncHttpClient-1-1] DEBUG org.asynchttpclient.netty.channel.DefaultChannelPool - Closed 1 connections out of 1 in 0 ms
19:42:08.084 [AsyncHttpClient-1-6] DEBUG org.asynchttpclient.netty.channel.NettyConnectListener - Using new Channel '[id: 0xeb4f0424, L:/127.0.0.1:59460 - R:localhost/127.0.0.1:55820]' for 'POST' to '/session'
19:42:10.516 [AsyncHttpClient-1-6] DEBUG org.asynchttpclient.netty.handler.HttpHandler - 

Request DefaultHttpRequest(decodeResult: success, version: HTTP/1.1)
POST /session HTTP/1.1
User-Agent: selenium/4.1.2 (java windows)
Content-Length: 3673
Content-Type: application/json; charset=utf-8
host: localhost:55820
accept: */*

Response DefaultHttpResponse(decodeResult: success, version: HTTP/1.1)
HTTP/1.1 200 OK
content-type: application/json; charset=utf-8
cache-control: no-cache
date: Sun, 09 Apr 2023 12:42:08 GMT
content-length: 789

19:42:10.516 [AsyncHttpClient-1-6] DEBUG org.asynchttpclient.netty.channel.ChannelManager - Adding key: http://localhost:55820 for channel [id: 0xeb4f0424, L:/127.0.0.1:59460 - R:localhost/127.0.0.1:55820]
19:42:10.523 [AsyncHttpClient-1-7] DEBUG org.asynchttpclient.netty.channel.NettyConnectListener - Using new Channel '[id: 0xa818e4b7, L:/127.0.0.1:59482 - R:/127.0.0.1:56856]' for 'GET' to '/json/version'
19:42:10.531 [AsyncHttpClient-1-7] DEBUG org.asynchttpclient.netty.handler.HttpHandler - 

Request DefaultFullHttpRequest(decodeResult: success, version: HTTP/1.1, content: EmptyByteBufBE)
GET /json/version HTTP/1.1
User-Agent: selenium/4.1.2 (java windows)
host: 127.0.0.1:56856
accept: */*

Response DefaultHttpResponse(decodeResult: success, version: HTTP/1.1)
HTTP/1.1 200 OK
content-type: application/json
connection: close
server: httpd.js
date: Sun, 09 Apr 2023 12:42:10 GMT
content-length: 311

19:42:10.531 [AsyncHttpClient-1-7] DEBUG org.asynchttpclient.netty.channel.ChannelManager - Closing Channel [id: 0xa818e4b7, L:/127.0.0.1:59482 - R:/127.0.0.1:56856] 
19:42:10.532 [AsyncHttpClient-1-7] DEBUG org.asynchttpclient.netty.handler.HttpHandler - Channel Closed: [id: 0xa818e4b7, L:/127.0.0.1:59482 ! R:/127.0.0.1:56856] with attribute DISCARD
19:42:10.533 [Forwarding get on session 10c7ea9d-01b1-491b-82ae-09847c221ea7 to remote] DEBUG org.asynchttpclient.netty.request.NettyRequestSender - Using pooled Channel '[id: 0xeb4f0424, L:/127.0.0.1:59460 - R:localhost/127.0.0.1:55820]' for 'POST' to 'http://localhost:55820/session/10c7ea9d-01b1-491b-82ae-09847c221ea7/url'
19:42:10.533 [Forwarding get on session 10c7ea9d-01b1-491b-82ae-09847c221ea7 to remote] DEBUG org.asynchttpclient.netty.request.NettyRequestSender - Using open Channel [id: 0xeb4f0424, L:/127.0.0.1:59460 - R:localhost/127.0.0.1:55820] for POST '/session/10c7ea9d-01b1-491b-82ae-09847c221ea7/url'
19:42:13.220 [AsyncHttpClient-1-6] DEBUG org.asynchttpclient.netty.handler.HttpHandler - 

Request DefaultHttpRequest(decodeResult: success, version: HTTP/1.1)
POST /session/10c7ea9d-01b1-491b-82ae-09847c221ea7/url HTTP/1.1
User-Agent: selenium/4.1.2 (java windows)
Content-Length: 53
Content-Type: application/json; charset=utf-8
host: localhost:55820
accept: */*

Response DefaultHttpResponse(decodeResult: success, version: HTTP/1.1)
HTTP/1.1 200 OK
content-type: application/json; charset=utf-8
cache-control: no-cache
date: Sun, 09 Apr 2023 12:42:10 GMT
content-length: 14

19:42:13.221 [AsyncHttpClient-1-6] DEBUG org.asynchttpclient.netty.channel.ChannelManager - Adding key: http://localhost:55820 for channel [id: 0xeb4f0424, L:/127.0.0.1:59460 - R:localhost/127.0.0.1:55820]
19:42:13.222 [Forwarding setTimeout on session 10c7ea9d-01b1-491b-82ae-09847c221ea7 to remote] DEBUG org.asynchttpclient.netty.request.NettyRequestSender - Using pooled Channel '[id: 0xeb4f0424, L:/127.0.0.1:59460 - R:localhost/127.0.0.1:55820]' for 'POST' to 'http://localhost:55820/session/10c7ea9d-01b1-491b-82ae-09847c221ea7/timeouts'
19:42:13.222 [Forwarding setTimeout on session 10c7ea9d-01b1-491b-82ae-09847c221ea7 to remote] DEBUG org.asynchttpclient.netty.request.NettyRequestSender - Using open Channel [id: 0xeb4f0424, L:/127.0.0.1:59460 - R:localhost/127.0.0.1:55820] for POST '/session/10c7ea9d-01b1-491b-82ae-09847c221ea7/timeouts'
19:42:13.229 [AsyncHttpClient-1-6] DEBUG org.asynchttpclient.netty.handler.HttpHandler - 

Request DefaultHttpRequest(decodeResult: success, version: HTTP/1.1)
POST /session/10c7ea9d-01b1-491b-82ae-09847c221ea7/timeouts HTTP/1.1
User-Agent: selenium/4.1.2 (java windows)
Content-Length: 22
Content-Type: application/json; charset=utf-8
host: localhost:55820
accept: */*

Response DefaultHttpResponse(decodeResult: success, version: HTTP/1.1)
HTTP/1.1 200 OK
content-type: application/json; charset=utf-8
cache-control: no-cache
date: Sun, 09 Apr 2023 12:42:13 GMT
content-length: 14

19:42:13.229 [AsyncHttpClient-1-6] DEBUG org.asynchttpclient.netty.channel.ChannelManager - Adding key: http://localhost:55820 for channel [id: 0xeb4f0424, L:/127.0.0.1:59460 - R:localhost/127.0.0.1:55820]
19:42:13.232 [Forwarding getCurrentUrl on session 10c7ea9d-01b1-491b-82ae-09847c221ea7 to remote] DEBUG org.asynchttpclient.netty.request.NettyRequestSender - Using pooled Channel '[id: 0xeb4f0424, L:/127.0.0.1:59460 - R:localhost/127.0.0.1:55820]' for 'GET' to 'http://localhost:55820/session/10c7ea9d-01b1-491b-82ae-09847c221ea7/url'
19:42:13.232 [Forwarding getCurrentUrl on session 10c7ea9d-01b1-491b-82ae-09847c221ea7 to remote] DEBUG org.asynchttpclient.netty.request.NettyRequestSender - Using open Channel [id: 0xeb4f0424, L:/127.0.0.1:59460 - R:localhost/127.0.0.1:55820] for GET '/session/10c7ea9d-01b1-491b-82ae-09847c221ea7/url'
19:42:13.234 [AsyncHttpClient-1-6] DEBUG org.asynchttpclient.netty.handler.HttpHandler - 

Request DefaultFullHttpRequest(decodeResult: success, version: HTTP/1.1, content: EmptyByteBufBE)
GET /session/10c7ea9d-01b1-491b-82ae-09847c221ea7/url HTTP/1.1
User-Agent: selenium/4.1.2 (java windows)
Cache-Control: no-cache
Content-Type: application/json; charset=utf-8
host: localhost:55820
accept: */*

Response DefaultHttpResponse(decodeResult: success, version: HTTP/1.1)
HTTP/1.1 200 OK
content-type: application/json; charset=utf-8
cache-control: no-cache
date: Sun, 09 Apr 2023 12:42:13 GMT
content-length: 41

19:42:13.234 [AsyncHttpClient-1-6] DEBUG org.asynchttpclient.netty.channel.ChannelManager - Adding key: http://localhost:55820 for channel [id: 0xeb4f0424, L:/127.0.0.1:59460 - R:localhost/127.0.0.1:55820]
  &amp#27;[32mGiven &amp#27;[0m&amp#27;[32mI am on the home page&amp#27;[0m     &amp#27;[90m# starter.stepdefinitions.BabyStep.iAmOnTheHomePage()&amp#27;[0m
19:42:13.240 [Forwarding screenshot on session 10c7ea9d-01b1-491b-82ae-09847c221ea7 to remote] DEBUG org.asynchttpclient.netty.request.NettyRequestSender - Using pooled Channel '[id: 0xeb4f0424, L:/127.0.0.1:59460 - R:localhost/127.0.0.1:55820]' for 'GET' to 'http://localhost:55820/session/10c7ea9d-01b1-491b-82ae-09847c221ea7/screenshot'
19:42:13.240 [Forwarding screenshot on session 10c7ea9d-01b1-491b-82ae-09847c221ea7 to remote] DEBUG org.asynchttpclient.netty.request.NettyRequestSender - Using open Channel [id: 0xeb4f0424, L:/127.0.0.1:59460 - R:localhost/127.0.0.1:55820] for GET '/session/10c7ea9d-01b1-491b-82ae-09847c221ea7/screenshot'
19:42:13.998 [AsyncHttpClient-1-6] DEBUG org.asynchttpclient.netty.handler.HttpHandler - 

Request DefaultFullHttpRequest(decodeResult: success, version: HTTP/1.1, content: EmptyByteBufBE)
GET /session/10c7ea9d-01b1-491b-82ae-09847c221ea7/screenshot HTTP/1.1
User-Agent: selenium/4.1.2 (java windows)
Cache-Control: no-cache
Content-Type: application/json; charset=utf-8
host: localhost:55820
accept: */*

Response DefaultHttpResponse(decodeResult: success, version: HTTP/1.1)
HTTP/1.1 200 OK
content-type: application/json; charset=utf-8
cache-control: no-cache
date: Sun, 09 Apr 2023 12:42:13 GMT
content-length: 101768

19:42:13.998 [AsyncHttpClient-1-6] DEBUG org.asynchttpclient.netty.channel.ChannelManager - Adding key: http://localhost:55820 for channel [id: 0xeb4f0424, L:/127.0.0.1:59460 - R:localhost/127.0.0.1:55820]
19:42:14.003 [main] DEBUG net.serenitybdd.core.photography.Darkroom - Send negative for processing for target\site\serenity\fba42504a5c8d2ebb1eac08006293b5580d207e80f8883e90094102e35399500.png
19:42:14.016 [Forwarding findElement on session 10c7ea9d-01b1-491b-82ae-09847c221ea7 to remote] DEBUG org.asynchttpclient.netty.request.NettyRequestSender - Using pooled Channel '[id: 0xeb4f0424, L:/127.0.0.1:59460 - R:localhost/127.0.0.1:55820]' for 'POST' to 'http://localhost:55820/session/10c7ea9d-01b1-491b-82ae-09847c221ea7/element'
19:42:14.017 [Forwarding findElement on session 10c7ea9d-01b1-491b-82ae-09847c221ea7 to remote] DEBUG org.asynchttpclient.netty.request.NettyRequestSender - Using open Channel [id: 0xeb4f0424, L:/127.0.0.1:59460 - R:localhost/127.0.0.1:55820] for POST '/session/10c7ea9d-01b1-491b-82ae-09847c221ea7/element'
19:42:14.056 [AsyncHttpClient-1-6] DEBUG org.asynchttpclient.netty.handler.HttpHandler - 

Request DefaultHttpRequest(decodeResult: success, version: HTTP/1.1)
POST /session/10c7ea9d-01b1-491b-82ae-09847c221ea7/element HTTP/1.1
User-Agent: selenium/4.1.2 (java windows)
Content-Length: 81
Content-Type: application/json; charset=utf-8
host: localhost:55820
accept: */*

Response DefaultHttpResponse(decodeResult: success, version: HTTP/1.1)
HTTP/1.1 200 OK
content-type: application/json; charset=utf-8
cache-control: no-cache
date: Sun, 09 Apr 2023 12:42:13 GMT
content-length: 88

19:42:14.057 [AsyncHttpClient-1-6] DEBUG org.asynchttpclient.netty.channel.ChannelManager - Adding key: http://localhost:55820 for channel [id: 0xeb4f0424, L:/127.0.0.1:59460 - R:localhost/127.0.0.1:55820]
19:42:14.058 [Forwarding getElementTagName on session 10c7ea9d-01b1-491b-82ae-09847c221ea7 to remote] DEBUG org.asynchttpclient.netty.request.NettyRequestSender - Using pooled Channel '[id: 0xeb4f0424, L:/127.0.0.1:59460 - R:localhost/127.0.0.1:55820]' for 'GET' to 'http://localhost:55820/session/10c7ea9d-01b1-491b-82ae-09847c221ea7/element/8286c40b-051f-4d0e-8c6c-e02b924876e2/name'
19:42:14.058 [Forwarding getElementTagName on session 10c7ea9d-01b1-491b-82ae-09847c221ea7 to remote] DEBUG org.asynchttpclient.netty.request.NettyRequestSender - Using open Channel [id: 0xeb4f0424, L:/127.0.0.1:59460 - R:localhost/127.0.0.1:55820] for GET '/session/10c7ea9d-01b1-491b-82ae-09847c221ea7/element/8286c40b-051f-4d0e-8c6c-e02b924876e2/name'
19:42:14.077 [AsyncHttpClient-1-6] DEBUG org.asynchttpclient.netty.handler.HttpHandler - 

Request DefaultFullHttpRequest(decodeResult: success, version: HTTP/1.1, content: EmptyByteBufBE)
GET /session/10c7ea9d-01b1-491b-82ae-09847c221ea7/element/8286c40b-051f-4d0e-8c6c-e02b924876e2/name HTTP/1.1
User-Agent: selenium/4.1.2 (java windows)
Cache-Control: no-cache
Content-Type: application/json; charset=utf-8
host: localhost:55820
accept: */*

Response DefaultHttpResponse(decodeResult: success, version: HTTP/1.1)
HTTP/1.1 200 OK
content-type: application/json; charset=utf-8
cache-control: no-cache
date: Sun, 09 Apr 2023 12:42:13 GMT
content-length: 16

19:42:14.077 [AsyncHttpClient-1-6] DEBUG org.asynchttpclient.netty.channel.ChannelManager - Adding key: http://localhost:55820 for channel [id: 0xeb4f0424, L:/127.0.0.1:59460 - R:localhost/127.0.0.1:55820]
19:42:14.079 [Forwarding getElementTagName on session 10c7ea9d-01b1-491b-82ae-09847c221ea7 to remote] DEBUG org.asynchttpclient.netty.request.NettyRequestSender - Using pooled Channel '[id: 0xeb4f0424, L:/127.0.0.1:59460 - R:localhost/127.0.0.1:55820]' for 'GET' to 'http://localhost:55820/session/10c7ea9d-01b1-491b-82ae-09847c221ea7/element/8286c40b-051f-4d0e-8c6c-e02b924876e2/name'
19:42:14.079 [Forwarding getElementTagName on session 10c7ea9d-01b1-491b-82ae-09847c221ea7 to remote] DEBUG org.asynchttpclient.netty.request.NettyRequestSender - Using open Channel [id: 0xeb4f0424, L:/127.0.0.1:59460 - R:localhost/127.0.0.1:55820] for GET '/session/10c7ea9d-01b1-491b-82ae-09847c221ea7/element/8286c40b-051f-4d0e-8c6c-e02b924876e2/name'
19:42:14.091 [AsyncHttpClient-1-6] DEBUG org.asynchttpclient.netty.handler.HttpHandler - 

Request DefaultFullHttpRequest(decodeResult: success, version: HTTP/1.1, content: EmptyByteBufBE)
GET /session/10c7ea9d-01b1-491b-82ae-09847c221ea7/element/8286c40b-051f-4d0e-8c6c-e02b924876e2/name HTTP/1.1
User-Agent: selenium/4.1.2 (java windows)
Cache-Control: no-cache
Content-Type: application/json; charset=utf-8
host: localhost:55820
accept: */*

Response DefaultHttpResponse(decodeResult: success, version: HTTP/1.1)
HTTP/1.1 200 OK
content-type: application/json; charset=utf-8
cache-control: no-cache
date: Sun, 09 Apr 2023 12:42:13 GMT
content-length: 16

19:42:14.092 [AsyncHttpClient-1-6] DEBUG org.asynchttpclient.netty.channel.ChannelManager - Adding key: http://localhost:55820 for channel [id: 0xeb4f0424, L:/127.0.0.1:59460 - R:localhost/127.0.0.1:55820]
19:42:14.094 [Forwarding findElement on session 10c7ea9d-01b1-491b-82ae-09847c221ea7 to remote] DEBUG org.asynchttpclient.netty.request.NettyRequestSender - Using pooled Channel '[id: 0xeb4f0424, L:/127.0.0.1:59460 - R:localhost/127.0.0.1:55820]' for 'POST' to 'http://localhost:55820/session/10c7ea9d-01b1-491b-82ae-09847c221ea7/element'
19:42:14.094 [Forwarding findElement on session 10c7ea9d-01b1-491b-82ae-09847c221ea7 to remote] DEBUG org.asynchttpclient.netty.request.NettyRequestSender - Using open Channel [id: 0xeb4f0424, L:/127.0.0.1:59460 - R:localhost/127.0.0.1:55820] for POST '/session/10c7ea9d-01b1-491b-82ae-09847c221ea7/element'
19:42:14.099 [AsyncHttpClient-1-6] DEBUG org.asynchttpclient.netty.handler.HttpHandler - 

Request DefaultHttpRequest(decodeResult: success, version: HTTP/1.1)
POST /session/10c7ea9d-01b1-491b-82ae-09847c221ea7/element HTTP/1.1
User-Agent: selenium/4.1.2 (java windows)
Content-Length: 81
Content-Type: application/json; charset=utf-8
host: localhost:55820
accept: */*

Response DefaultHttpResponse(decodeResult: success, version: HTTP/1.1)
HTTP/1.1 200 OK
content-type: application/json; charset=utf-8
cache-control: no-cache
date: Sun, 09 Apr 2023 12:42:13 GMT
content-length: 88

19:42:14.099 [AsyncHttpClient-1-6] DEBUG org.asynchttpclient.netty.channel.ChannelManager - Adding key: http://localhost:55820 for channel [id: 0xeb4f0424, L:/127.0.0.1:59460 - R:localhost/127.0.0.1:55820]
19:42:14.101 [Forwarding clickElement on session 10c7ea9d-01b1-491b-82ae-09847c221ea7 to remote] DEBUG org.asynchttpclient.netty.request.NettyRequestSender - Using pooled Channel '[id: 0xeb4f0424, L:/127.0.0.1:59460 - R:localhost/127.0.0.1:55820]' for 'POST' to 'http://localhost:55820/session/10c7ea9d-01b1-491b-82ae-09847c221ea7/element/8286c40b-051f-4d0e-8c6c-e02b924876e2/click'
19:42:14.101 [Forwarding clickElement on session 10c7ea9d-01b1-491b-82ae-09847c221ea7 to remote] DEBUG org.asynchttpclient.netty.request.NettyRequestSender - Using open Channel [id: 0xeb4f0424, L:/127.0.0.1:59460 - R:localhost/127.0.0.1:55820] for POST '/session/10c7ea9d-01b1-491b-82ae-09847c221ea7/element/8286c40b-051f-4d0e-8c6c-e02b924876e2/click'
19:42:14.684 [AsyncHttpClient-1-6] DEBUG org.asynchttpclient.netty.handler.HttpHandler - 

Request DefaultHttpRequest(decodeResult: success, version: HTTP/1.1)
POST /session/10c7ea9d-01b1-491b-82ae-09847c221ea7/element/8286c40b-051f-4d0e-8c6c-e02b924876e2/click HTTP/1.1
User-Agent: selenium/4.1.2 (java windows)
Content-Length: 50
Content-Type: application/json; charset=utf-8
host: localhost:55820
accept: */*

Response DefaultHttpResponse(decodeResult: success, version: HTTP/1.1)
HTTP/1.1 200 OK
content-type: application/json; charset=utf-8
cache-control: no-cache
date: Sun, 09 Apr 2023 12:42:13 GMT
content-length: 14

19:42:14.684 [AsyncHttpClient-1-6] DEBUG org.asynchttpclient.netty.channel.ChannelManager - Adding key: http://localhost:55820 for channel [id: 0xeb4f0424, L:/127.0.0.1:59460 - R:localhost/127.0.0.1:55820]
  &amp#27;[32mThen &amp#27;[0m&amp#27;[32mI click baby on the header&amp#27;[0m &amp#27;[90m# starter.stepdefinitions.BabyStep.iClickBabyOnTheHeader()&amp#27;[0m
19:42:14.689 [Forwarding screenshot on session 10c7ea9d-01b1-491b-82ae-09847c221ea7 to remote] DEBUG org.asynchttpclient.netty.request.NettyRequestSender - Using pooled Channel '[id: 0xeb4f0424, L:/127.0.0.1:59460 - R:localhost/127.0.0.1:55820]' for 'GET' to 'http://localhost:55820/session/10c7ea9d-01b1-491b-82ae-09847c221ea7/screenshot'
19:42:14.689 [Forwarding screenshot on session 10c7ea9d-01b1-491b-82ae-09847c221ea7 to remote] DEBUG org.asynchttpclient.netty.request.NettyRequestSender - Using open Channel [id: 0xeb4f0424, L:/127.0.0.1:59460 - R:localhost/127.0.0.1:55820] for GET '/session/10c7ea9d-01b1-491b-82ae-09847c221ea7/screenshot'
19:42:14.907 [AsyncHttpClient-1-6] DEBUG org.asynchttpclient.netty.handler.HttpHandler - 

Request DefaultFullHttpRequest(decodeResult: success, version: HTTP/1.1, content: EmptyByteBufBE)
GET /session/10c7ea9d-01b1-491b-82ae-09847c221ea7/screenshot HTTP/1.1
User-Agent: selenium/4.1.2 (java windows)
Cache-Control: no-cache
Content-Type: application/json; charset=utf-8
host: localhost:55820
accept: */*

Response DefaultHttpResponse(decodeResult: success, version: HTTP/1.1)
HTTP/1.1 200 OK
content-type: application/json; charset=utf-8
cache-control: no-cache
date: Sun, 09 Apr 2023 12:42:14 GMT
content-length: 98024

19:42:14.908 [AsyncHttpClient-1-6] DEBUG org.asynchttpclient.netty.channel.ChannelManager - Adding key: http://localhost:55820 for channel [id: 0xeb4f0424, L:/127.0.0.1:59460 - R:localhost/127.0.0.1:55820]
19:42:14.911 [main] DEBUG net.serenitybdd.core.photography.Darkroom - Send negative for processing for target\site\serenity\bcb9a8d665d2c58a930e922f816fcc3ebc2aef855b882f3d531e7c9aa320b06d.png
19:42:14.926 [Forwarding findElement on session 10c7ea9d-01b1-491b-82ae-09847c221ea7 to remote] DEBUG org.asynchttpclient.netty.request.NettyRequestSender - Using pooled Channel '[id: 0xeb4f0424, L:/127.0.0.1:59460 - R:localhost/127.0.0.1:55820]' for 'POST' to 'http://localhost:55820/session/10c7ea9d-01b1-491b-82ae-09847c221ea7/element'
19:42:14.927 [Forwarding findElement on session 10c7ea9d-01b1-491b-82ae-09847c221ea7 to remote] DEBUG org.asynchttpclient.netty.request.NettyRequestSender - Using open Channel [id: 0xeb4f0424, L:/127.0.0.1:59460 - R:localhost/127.0.0.1:55820] for POST '/session/10c7ea9d-01b1-491b-82ae-09847c221ea7/element'
19:42:15.007 [AsyncHttpClient-1-6] DEBUG org.asynchttpclient.netty.handler.HttpHandler - 

Request DefaultHttpRequest(decodeResult: success, version: HTTP/1.1)
POST /session/10c7ea9d-01b1-491b-82ae-09847c221ea7/element HTTP/1.1
User-Agent: selenium/4.1.2 (java windows)
Content-Length: 107
Content-Type: application/json; charset=utf-8
host: localhost:55820
accept: */*

Response DefaultHttpResponse(decodeResult: success, version: HTTP/1.1)
HTTP/1.1 200 OK
content-type: application/json; charset=utf-8
cache-control: no-cache
date: Sun, 09 Apr 2023 12:42:14 GMT
content-length: 88

19:42:15.007 [AsyncHttpClient-1-6] DEBUG org.asynchttpclient.netty.channel.ChannelManager - Adding key: http://localhost:55820 for channel [id: 0xeb4f0424, L:/127.0.0.1:59460 - R:localhost/127.0.0.1:55820]
19:42:15.009 [Forwarding getElementTagName on session 10c7ea9d-01b1-491b-82ae-09847c221ea7 to remote] DEBUG org.asynchttpclient.netty.request.NettyRequestSender - Using pooled Channel '[id: 0xeb4f0424, L:/127.0.0.1:59460 - R:localhost/127.0.0.1:55820]' for 'GET' to 'http://localhost:55820/session/10c7ea9d-01b1-491b-82ae-09847c221ea7/element/65cd04f5-4026-4c4d-8ba2-232515257f1e/name'
19:42:15.009 [Forwarding getElementTagName on session 10c7ea9d-01b1-491b-82ae-09847c221ea7 to remote] DEBUG org.asynchttpclient.netty.request.NettyRequestSender - Using open Channel [id: 0xeb4f0424, L:/127.0.0.1:59460 - R:localhost/127.0.0.1:55820] for GET '/session/10c7ea9d-01b1-491b-82ae-09847c221ea7/element/65cd04f5-4026-4c4d-8ba2-232515257f1e/name'
19:42:15.075 [AsyncHttpClient-1-6] DEBUG org.asynchttpclient.netty.handler.HttpHandler - 

Request DefaultFullHttpRequest(decodeResult: success, version: HTTP/1.1, content: EmptyByteBufBE)
GET /session/10c7ea9d-01b1-491b-82ae-09847c221ea7/element/65cd04f5-4026-4c4d-8ba2-232515257f1e/name HTTP/1.1
User-Agent: selenium/4.1.2 (java windows)
Cache-Control: no-cache
Content-Type: application/json; charset=utf-8
host: localhost:55820
accept: */*

Response DefaultHttpResponse(decodeResult: success, version: HTTP/1.1)
HTTP/1.1 200 OK
content-type: application/json; charset=utf-8
cache-control: no-cache
date: Sun, 09 Apr 2023 12:42:14 GMT
content-length: 16

19:42:15.075 [AsyncHttpClient-1-6] DEBUG org.asynchttpclient.netty.channel.ChannelManager - Adding key: http://localhost:55820 for channel [id: 0xeb4f0424, L:/127.0.0.1:59460 - R:localhost/127.0.0.1:55820]
19:42:15.076 [Forwarding getElementTagName on session 10c7ea9d-01b1-491b-82ae-09847c221ea7 to remote] DEBUG org.asynchttpclient.netty.request.NettyRequestSender - Using pooled Channel '[id: 0xeb4f0424, L:/127.0.0.1:59460 - R:localhost/127.0.0.1:55820]' for 'GET' to 'http://localhost:55820/session/10c7ea9d-01b1-491b-82ae-09847c221ea7/element/65cd04f5-4026-4c4d-8ba2-232515257f1e/name'
19:42:15.076 [Forwarding getElementTagName on session 10c7ea9d-01b1-491b-82ae-09847c221ea7 to remote] DEBUG org.asynchttpclient.netty.request.NettyRequestSender - Using open Channel [id: 0xeb4f0424, L:/127.0.0.1:59460 - R:localhost/127.0.0.1:55820] for GET '/session/10c7ea9d-01b1-491b-82ae-09847c221ea7/element/65cd04f5-4026-4c4d-8ba2-232515257f1e/name'
19:42:15.202 [AsyncHttpClient-1-6] DEBUG org.asynchttpclient.netty.handler.HttpHandler - 

Request DefaultFullHttpRequest(decodeResult: success, version: HTTP/1.1, content: EmptyByteBufBE)
GET /session/10c7ea9d-01b1-491b-82ae-09847c221ea7/element/65cd04f5-4026-4c4d-8ba2-232515257f1e/name HTTP/1.1
User-Agent: selenium/4.1.2 (java windows)
Cache-Control: no-cache
Content-Type: application/json; charset=utf-8
host: localhost:55820
accept: */*

Response DefaultHttpResponse(decodeResult: success, version: HTTP/1.1)
HTTP/1.1 200 OK
content-type: application/json; charset=utf-8
cache-control: no-cache
date: Sun, 09 Apr 2023 12:42:14 GMT
content-length: 16

19:42:15.202 [AsyncHttpClient-1-6] DEBUG org.asynchttpclient.netty.channel.ChannelManager - Adding key: http://localhost:55820 for channel [id: 0xeb4f0424, L:/127.0.0.1:59460 - R:localhost/127.0.0.1:55820]
19:42:15.205 [Forwarding findElement on session 10c7ea9d-01b1-491b-82ae-09847c221ea7 to remote] DEBUG org.asynchttpclient.netty.request.NettyRequestSender - Using pooled Channel '[id: 0xeb4f0424, L:/127.0.0.1:59460 - R:localhost/127.0.0.1:55820]' for 'POST' to 'http://localhost:55820/session/10c7ea9d-01b1-491b-82ae-09847c221ea7/element'
19:42:15.205 [Forwarding findElement on session 10c7ea9d-01b1-491b-82ae-09847c221ea7 to remote] DEBUG org.asynchttpclient.netty.request.NettyRequestSender - Using open Channel [id: 0xeb4f0424, L:/127.0.0.1:59460 - R:localhost/127.0.0.1:55820] for POST '/session/10c7ea9d-01b1-491b-82ae-09847c221ea7/element'
19:42:15.222 [AsyncHttpClient-1-6] DEBUG org.asynchttpclient.netty.handler.HttpHandler - 

Request DefaultHttpRequest(decodeResult: success, version: HTTP/1.1)
POST /session/10c7ea9d-01b1-491b-82ae-09847c221ea7/element HTTP/1.1
User-Agent: selenium/4.1.2 (java windows)
Content-Length: 107
Content-Type: application/json; charset=utf-8
host: localhost:55820
accept: */*

Response DefaultHttpResponse(decodeResult: success, version: HTTP/1.1)
HTTP/1.1 200 OK
content-type: application/json; charset=utf-8
cache-control: no-cache
date: Sun, 09 Apr 2023 12:42:14 GMT
content-length: 88

19:42:15.222 [AsyncHttpClient-1-6] DEBUG org.asynchttpclient.netty.channel.ChannelManager - Adding key: http://localhost:55820 for channel [id: 0xeb4f0424, L:/127.0.0.1:59460 - R:localhost/127.0.0.1:55820]
19:42:15.223 [Forwarding clickElement on session 10c7ea9d-01b1-491b-82ae-09847c221ea7 to remote] DEBUG org.asynchttpclient.netty.request.NettyRequestSender - Using pooled Channel '[id: 0xeb4f0424, L:/127.0.0.1:59460 - R:localhost/127.0.0.1:55820]' for 'POST' to 'http://localhost:55820/session/10c7ea9d-01b1-491b-82ae-09847c221ea7/element/65cd04f5-4026-4c4d-8ba2-232515257f1e/click'
19:42:15.224 [Forwarding clickElement on session 10c7ea9d-01b1-491b-82ae-09847c221ea7 to remote] DEBUG org.asynchttpclient.netty.request.NettyRequestSender - Using open Channel [id: 0xeb4f0424, L:/127.0.0.1:59460 - R:localhost/127.0.0.1:55820] for POST '/session/10c7ea9d-01b1-491b-82ae-09847c221ea7/element/65cd04f5-4026-4c4d-8ba2-232515257f1e/click'
19:42:15.689 [AsyncHttpClient-1-6] DEBUG org.asynchttpclient.netty.handler.HttpHandler - 

Request DefaultHttpRequest(decodeResult: success, version: HTTP/1.1)
POST /session/10c7ea9d-01b1-491b-82ae-09847c221ea7/element/65cd04f5-4026-4c4d-8ba2-232515257f1e/click HTTP/1.1
User-Agent: selenium/4.1.2 (java windows)
Content-Length: 50
Content-Type: application/json; charset=utf-8
host: localhost:55820
accept: */*

Response DefaultHttpResponse(decodeResult: success, version: HTTP/1.1)
HTTP/1.1 200 OK
content-type: application/json; charset=utf-8
cache-control: no-cache
date: Sun, 09 Apr 2023 12:42:14 GMT
content-length: 14

19:42:15.689 [AsyncHttpClient-1-6] DEBUG org.asynchttpclient.netty.channel.ChannelManager - Adding key: http://localhost:55820 for channel [id: 0xeb4f0424, L:/127.0.0.1:59460 - R:localhost/127.0.0.1:55820]
  &amp#27;[32mWhen &amp#27;[0m&amp#27;[32mI will go to &amp#27;[0m&amp#27;[32m&amp#27;[1m"aksesoris3"&amp#27;[0m  &amp#27;[90m# starter.stepdefinitions.BabyStep.iWillGoTo(java.lang.String)&amp#27;[0m
19:42:15.698 [Forwarding screenshot on session 10c7ea9d-01b1-491b-82ae-09847c221ea7 to remote] DEBUG org.asynchttpclient.netty.request.NettyRequestSender - Using pooled Channel '[id: 0xeb4f0424, L:/127.0.0.1:59460 - R:localhost/127.0.0.1:55820]' for 'GET' to 'http://localhost:55820/session/10c7ea9d-01b1-491b-82ae-09847c221ea7/screenshot'
19:42:15.698 [Forwarding screenshot on session 10c7ea9d-01b1-491b-82ae-09847c221ea7 to remote] DEBUG org.asynchttpclient.netty.request.NettyRequestSender - Using open Channel [id: 0xeb4f0424, L:/127.0.0.1:59460 - R:localhost/127.0.0.1:55820] for GET '/session/10c7ea9d-01b1-491b-82ae-09847c221ea7/screenshot'
19:42:15.952 [AsyncHttpClient-1-6] DEBUG org.asynchttpclient.netty.handler.HttpHandler - 

Request DefaultFullHttpRequest(decodeResult: success, version: HTTP/1.1, content: EmptyByteBufBE)
GET /session/10c7ea9d-01b1-491b-82ae-09847c221ea7/screenshot HTTP/1.1
User-Agent: selenium/4.1.2 (java windows)
Cache-Control: no-cache
Content-Type: application/json; charset=utf-8
host: localhost:55820
accept: */*

Response DefaultHttpResponse(decodeResult: success, version: HTTP/1.1)
HTTP/1.1 200 OK
content-type: application/json; charset=utf-8
cache-control: no-cache
date: Sun, 09 Apr 2023 12:42:15 GMT
content-length: 84516

19:42:15.952 [AsyncHttpClient-1-6] DEBUG org.asynchttpclient.netty.channel.ChannelManager - Adding key: http://localhost:55820 for channel [id: 0xeb4f0424, L:/127.0.0.1:59460 - R:localhost/127.0.0.1:55820]
19:42:15.957 [main] DEBUG net.serenitybdd.core.photography.Darkroom - Send negative for processing for target\site\serenity\7fa32aa2ad71ef0eb4b85616315827a35c4e4f9718013908aaa2d3b172801c72.png
19:42:15.957 [Darkroom Processing Line] DEBUG net.serenitybdd.core.photography.DarkroomProcessingLine - Processing screenshot image in /var/screenshots/screenshot-1563024423400737285
19:42:15.957 [Darkroom Processing Line] DEBUG net.serenitybdd.core.photography.DarkroomProcessingLine - Saving screenshot to target\site\serenity\7fa32aa2ad71ef0eb4b85616315827a35c4e4f9718013908aaa2d3b172801c72.png
19:42:15.970 [Forwarding findElement on session 10c7ea9d-01b1-491b-82ae-09847c221ea7 to remote] DEBUG org.asynchttpclient.netty.request.NettyRequestSender - Using pooled Channel '[id: 0xeb4f0424, L:/127.0.0.1:59460 - R:localhost/127.0.0.1:55820]' for 'POST' to 'http://localhost:55820/session/10c7ea9d-01b1-491b-82ae-09847c221ea7/element'
19:42:15.970 [Forwarding findElement on session 10c7ea9d-01b1-491b-82ae-09847c221ea7 to remote] DEBUG org.asynchttpclient.netty.request.NettyRequestSender - Using open Channel [id: 0xeb4f0424, L:/127.0.0.1:59460 - R:localhost/127.0.0.1:55820] for POST '/session/10c7ea9d-01b1-491b-82ae-09847c221ea7/element'
19:42:16.033 [AsyncHttpClient-1-6] DEBUG org.asynchttpclient.netty.handler.HttpHandler - 

Request DefaultHttpRequest(decodeResult: success, version: HTTP/1.1)
POST /session/10c7ea9d-01b1-491b-82ae-09847c221ea7/element HTTP/1.1
User-Agent: selenium/4.1.2 (java windows)
Content-Length: 92
Content-Type: application/json; charset=utf-8
host: localhost:55820
accept: */*

Response DefaultHttpResponse(decodeResult: success, version: HTTP/1.1)
HTTP/1.1 200 OK
content-type: application/json; charset=utf-8
cache-control: no-cache
date: Sun, 09 Apr 2023 12:42:15 GMT
content-length: 88

19:42:16.034 [AsyncHttpClient-1-6] DEBUG org.asynchttpclient.netty.channel.ChannelManager - Adding key: http://localhost:55820 for channel [id: 0xeb4f0424, L:/127.0.0.1:59460 - R:localhost/127.0.0.1:55820]
19:42:16.038 [Forwarding isElementDisplayed on session 10c7ea9d-01b1-491b-82ae-09847c221ea7 to remote] DEBUG org.asynchttpclient.netty.request.NettyRequestSender - Using pooled Channel '[id: 0xeb4f0424, L:/127.0.0.1:59460 - R:localhost/127.0.0.1:55820]' for 'POST' to 'http://localhost:55820/session/10c7ea9d-01b1-491b-82ae-09847c221ea7/execute/sync'
19:42:16.038 [Forwarding isElementDisplayed on session 10c7ea9d-01b1-491b-82ae-09847c221ea7 to remote] DEBUG org.asynchttpclient.netty.request.NettyRequestSender - Using open Channel [id: 0xeb4f0424, L:/127.0.0.1:59460 - R:localhost/127.0.0.1:55820] for POST '/session/10c7ea9d-01b1-491b-82ae-09847c221ea7/execute/sync'
19:42:16.097 [AsyncHttpClient-1-6] DEBUG org.asynchttpclient.netty.handler.HttpHandler - 

Request DefaultHttpRequest(decodeResult: success, version: HTTP/1.1)
POST /session/10c7ea9d-01b1-491b-82ae-09847c221ea7/execute/sync HTTP/1.1
User-Agent: selenium/4.1.2 (java windows)
Content-Length: 48780
Content-Type: application/json; charset=utf-8
host: localhost:55820
accept: */*

Response DefaultHttpResponse(decodeResult: success, version: HTTP/1.1)
HTTP/1.1 200 OK
content-type: application/json; charset=utf-8
cache-control: no-cache
date: Sun, 09 Apr 2023 12:42:15 GMT
content-length: 14

19:42:16.097 [AsyncHttpClient-1-6] DEBUG org.asynchttpclient.netty.channel.ChannelManager - Adding key: http://localhost:55820 for channel [id: 0xeb4f0424, L:/127.0.0.1:59460 - R:localhost/127.0.0.1:55820]
  &amp#27;[32mAnd &amp#27;[0m&amp#27;[32mI &amp#27;[0m&amp#27;[32m&amp#27;[1m"txtAksesoris3"&amp#27;[0m&amp#27;[32m page&amp#27;[0m      &amp#27;[90m# starter.stepdefinitions.BabyStep.iPage(java.lang.String)&amp#27;[0m
19:42:16.106 [Forwarding screenshot on session 10c7ea9d-01b1-491b-82ae-09847c221ea7 to remote] DEBUG org.asynchttpclient.netty.request.NettyRequestSender - Using pooled Channel '[id: 0xeb4f0424, L:/127.0.0.1:59460 - R:localhost/127.0.0.1:55820]' for 'GET' to 'http://localhost:55820/session/10c7ea9d-01b1-491b-82ae-09847c221ea7/screenshot'
19:42:16.107 [Forwarding screenshot on session 10c7ea9d-01b1-491b-82ae-09847c221ea7 to remote] DEBUG org.asynchttpclient.netty.request.NettyRequestSender - Using open Channel [id: 0xeb4f0424, L:/127.0.0.1:59460 - R:localhost/127.0.0.1:55820] for GET '/session/10c7ea9d-01b1-491b-82ae-09847c221ea7/screenshot'
19:42:16.200 [AsyncHttpClient-1-6] DEBUG org.asynchttpclient.netty.handler.HttpHandler - 

Request DefaultFullHttpRequest(decodeResult: success, version: HTTP/1.1, content: EmptyByteBufBE)
GET /session/10c7ea9d-01b1-491b-82ae-09847c221ea7/screenshot HTTP/1.1
User-Agent: selenium/4.1.2 (java windows)
Cache-Control: no-cache
Content-Type: application/json; charset=utf-8
host: localhost:55820
accept: */*

Response DefaultHttpResponse(decodeResult: success, version: HTTP/1.1)
HTTP/1.1 200 OK
content-type: application/json; charset=utf-8
cache-control: no-cache
date: Sun, 09 Apr 2023 12:42:15 GMT
content-length: 83272

19:42:16.201 [AsyncHttpClient-1-6] DEBUG org.asynchttpclient.netty.channel.ChannelManager - Adding key: http://localhost:55820 for channel [id: 0xeb4f0424, L:/127.0.0.1:59460 - R:localhost/127.0.0.1:55820]
19:42:16.204 [main] DEBUG net.serenitybdd.core.photography.Darkroom - Send negative for processing for target\site\serenity\52aafba8680abb80e62dc807ab13571aee72557dc7d7ac58309f610f97a6f40d.png
19:42:16.205 [Darkroom Processing Line] DEBUG net.serenitybdd.core.photography.DarkroomProcessingLine - Processing screenshot image in /var/screenshots/screenshot-13388408562546946871
19:42:16.205 [Darkroom Processing Line] DEBUG net.serenitybdd.core.photography.DarkroomProcessingLine - Saving screenshot to target\site\serenity\52aafba8680abb80e62dc807ab13571aee72557dc7d7ac58309f610f97a6f40d.png
19:42:16.214 [Driver Command Executor] DEBUG org.asynchttpclient.netty.request.NettyRequestSender - Using pooled Channel '[id: 0xeb4f0424, L:/127.0.0.1:59460 - R:localhost/127.0.0.1:55820]' for 'DELETE' to 'http://localhost:55820/session/10c7ea9d-01b1-491b-82ae-09847c221ea7'
19:42:16.214 [Driver Command Executor] DEBUG org.asynchttpclient.netty.request.NettyRequestSender - Using open Channel [id: 0xeb4f0424, L:/127.0.0.1:59460 - R:localhost/127.0.0.1:55820] for DELETE '/session/10c7ea9d-01b1-491b-82ae-09847c221ea7'
19:42:17.180 [AsyncHttpClient-1-6] DEBUG org.asynchttpclient.netty.handler.HttpHandler - 

Request DefaultFullHttpRequest(decodeResult: success, version: HTTP/1.1, content: EmptyByteBufBE)
DELETE /session/10c7ea9d-01b1-491b-82ae-09847c221ea7 HTTP/1.1
User-Agent: selenium/4.1.2 (java windows)
Content-Type: application/json; charset=utf-8
host: localhost:55820
accept: */*

Response DefaultHttpResponse(decodeResult: success, version: HTTP/1.1)
HTTP/1.1 200 OK
content-type: application/json; charset=utf-8
cache-control: no-cache
date: Sun, 09 Apr 2023 12:42:15 GMT
content-length: 14

19:42:17.180 [AsyncHttpClient-1-6] DEBUG org.asynchttpclient.netty.channel.ChannelManager - Adding key: http://localhost:55820 for channel [id: 0xeb4f0424, L:/127.0.0.1:59460 - R:localhost/127.0.0.1:55820]
19:42:17.182 [AsyncHttpClient-1-6] DEBUG org.asynchttpclient.netty.handler.HttpHandler - Unexpected I/O exception on channel [id: 0xeb4f0424, L:/127.0.0.1:59460 - R:localhost/127.0.0.1:55820]
java.net.SocketException: Connection reset
	at java.base/sun.nio.ch.SocketChannelImpl.throwConnectionReset(SocketChannelImpl.java:345)
	at java.base/sun.nio.ch.SocketChannelImpl.read(SocketChannelImpl.java:376)
	at io.netty.buffer.PooledByteBuf.setBytes(PooledByteBuf.java:258)
	at io.netty.buffer.AbstractByteBuf.writeBytes(AbstractByteBuf.java:1132)
	at io.netty.channel.socket.nio.NioSocketChannel.doReadBytes(NioSocketChannel.java:350)
	at io.netty.channel.nio.AbstractNioByteChannel$NioByteUnsafe.read(AbstractNioByteChannel.java:151)
	at io.netty.channel.nio.NioEventLoop.processSelectedKey(NioEventLoop.java:722)
	at io.netty.channel.nio.NioEventLoop.processSelectedKeysOptimized(NioEventLoop.java:658)
	at io.netty.channel.nio.NioEventLoop.processSelectedKeys(NioEventLoop.java:584)
	at io.netty.channel.nio.NioEventLoop.run(NioEventLoop.java:496)
	at io.netty.util.concurrent.SingleThreadEventExecutor$4.run(SingleThreadEventExecutor.java:986)
	at io.netty.util.internal.ThreadExecutorMap$2.run(ThreadExecutorMap.java:74)
	at io.netty.util.concurrent.FastThreadLocalRunnable.run(FastThreadLocalRunnable.java:30)
	at java.base/java.lang.Thread.run(Thread.java:830)
19:42:17.182 [AsyncHttpClient-1-6] DEBUG org.asynchttpclient.netty.channel.ChannelManager - Closing Channel [id: 0xeb4f0424, L:/127.0.0.1:59460 - R:localhost/127.0.0.1:55820] 
19:42:17.182 [AsyncHttpClient-1-6] DEBUG org.asynchttpclient.netty.handler.HttpHandler - Channel Closed: [id: 0xeb4f0424, L:/127.0.0.1:59460 ! R:localhost/127.0.0.1:55820] with attribute DISCARD
]]></system-out>
    <system-err><![CDATA[1681044127617	geckodriver	INFO	Listening on 127.0.0.1:55820
1681044128097	mozrunner::runner	INFO	Running command: "C:\\Program Files\\Mozilla Firefox\\firefox.exe" "--marionette" "" "--remote-debugging-port" "56856" "--remote-allow-hosts" "localhost" "-no-remote" "-profile" "C:\\Users\\alwi\\AppData\\Local\\Temp\\rust_mozprofilefMsIQ7"
console.warn: services.settings: Ignoring preference override of remote settings server
console.warn: services.settings: Allow by setting MOZ_REMOTE_SETTINGS_DEVTOOLS=1 in the environment
1681044128448	Marionette	INFO	Marionette enabled
Dynamically enable window occlusion 0
1681044128453	Marionette	INFO	Listening on port 59464
Read port: 59464
WebDriver BiDi listening on ws://127.0.0.1:56856
1681044128607	RemoteAgent	WARN	TLS certificate errors will be ignored for this session
console.warn: SearchSettings: "get: No settings file exists, new profile?" (new NotFoundError("Could not open the file at C:\\Users\\alwi\\AppData\\Local\\Temp\\rust_mozprofilefMsIQ7\\search.json.mozlz4", (void 0)))
DevTools listening on ws://127.0.0.1:56856/devtools/browser/2bf2dd9b-d587-4872-931a-b2957b90c60f
Apr 09, 2023 7:42:10 PM org.openqa.selenium.remote.ProtocolHandshake createSession
INFO: Detected dialect: W3C
JavaScript warning: https://www.uniqlo.com/oQfZRN8zACRR/OQ/-x_RMR-EGX/k95OLrhJQ5/OXl6GHI5AQ/PnUdVS/RrZQs, line 1: unreachable code after return statement
JavaScript warning: https://www.uniqlo.com/oQfZRN8zACRR/OQ/-x_RMR-EGX/k95OLrhJQ5/OXl6GHI5AQ/PnUdVS/RrZQs, line 1: WEBGL_debug_renderer_info is deprecated in Firefox and will be removed. Please use RENDERER.
JavaScript warning: https://www.uniqlo.com/id/elgnisolqinu.js?async&seed=AECl_mWHAQAAhXleUcVgnU2eEowETsYZDsExG9MVfyypS8j2a8yO2N_NY-zV&x-i1ysm4mm--z=q, line 1: WEBGL_debug_renderer_info is deprecated in Firefox and will be removed. Please use RENDERER.
1681044136245	Marionette	INFO	Stopped listening on port 59464
Dynamically enable window occlusion 1
WARNING: A blocker encountered an error while we were waiting.
          Blocker:  Waiting for ping task
          Phase: TelemetryController: Waiting for pending ping activity
          State: (none)
WARNING: Error: Phase "profile-before-change" is finished, it is too late to register completion condition "OS.File: flush I/O queued before profileBeforeChange"
WARNING: addBlocker@resource://gre/modules/AsyncShutdown.sys.mjs:727:15
addBlocker@resource://gre/modules/AsyncShutdown.sys.mjs:523:26
addBlocker@resource://gre/modules/AsyncShutdown.sys.mjs:458:15
setupShutdown@resource://gre/modules/osfile/osfile_async_front.jsm:1548:28
@resource://gre/modules/osfile/osfile_async_front.jsm:1568:16
@resource://gre/modules/osfile.jsm:12:30
@resource://gre/modules/TelemetryStorage.sys.mjs:10:28
_checkPendingPings@resource://gre/modules/TelemetrySend.sys.mjs:863:17
setup@resource://gre/modules/TelemetrySend.sys.mjs:803:18
setup@resource://gre/modules/TelemetrySend.sys.mjs:241:30
setupTelemetry/this._delayedInitTask<@resource://gre/modules/TelemetryControllerParent.sys.mjs:828:36
observe@resource://gre/modules/AsyncShutdown.sys.mjs:576:16

console.error: "TelemetryScheduler.shutdown - Already shut down"
WARNING: A blocker encountered an error while we were waiting.
          Blocker:  Waiting for ping task
          Phase: TelemetryController: Waiting for pending ping activity
          State: (none)
WARNING: Error: Phase "profile-before-change" is finished, it is too late to register completion condition "OS.File: flush I/O queued before profileBeforeChange"
WARNING: addBlocker@resource://gre/modules/AsyncShutdown.sys.mjs:727:15
addBlocker@resource://gre/modules/AsyncShutdown.sys.mjs:523:26
addBlocker@resource://gre/modules/AsyncShutdown.sys.mjs:458:15
setupShutdown@resource://gre/modules/osfile/osfile_async_front.jsm:1548:28
@resource://gre/modules/osfile/osfile_async_front.jsm:1568:16
@resource://gre/modules/osfile.jsm:12:30
@resource://gre/modules/TelemetryStorage.sys.mjs:10:28
_checkPendingPings@resource://gre/modules/TelemetrySend.sys.mjs:863:17
setup@resource://gre/modules/TelemetrySend.sys.mjs:803:18
setup@resource://gre/modules/TelemetrySend.sys.mjs:241:30
setupTelemetry/this._delayedInitTask<@resource://gre/modules/TelemetryControllerParent.sys.mjs:828:36
observe@resource://gre/modules/AsyncShutdown.sys.mjs:576:16

WARNING: A blocker encountered an error while we were waiting.
          Blocker:  Waiting for ping task
          Phase: TelemetryController: Waiting for pending ping activity
          State: (none)
WARNING: Error: Phase "profile-before-change" is finished, it is too late to register completion condition "OS.File: flush I/O queued before profileBeforeChange"
WARNING: addBlocker@resource://gre/modules/AsyncShutdown.sys.mjs:727:15
addBlocker@resource://gre/modules/AsyncShutdown.sys.mjs:523:26
addBlocker@resource://gre/modules/AsyncShutdown.sys.mjs:458:15
setupShutdown@resource://gre/modules/osfile/osfile_async_front.jsm:1548:28
@resource://gre/modules/osfile/osfile_async_front.jsm:1568:16
@resource://gre/modules/osfile.jsm:12:30
@resource://gre/modules/TelemetryStorage.sys.mjs:10:28
_checkPendingPings@resource://gre/modules/TelemetrySend.sys.mjs:863:17
setup@resource://gre/modules/TelemetrySend.sys.mjs:803:18
setup@resource://gre/modules/TelemetrySend.sys.mjs:241:30
setupTelemetry/this._delayedInitTask<@resource://gre/modules/TelemetryControllerParent.sys.mjs:828:36
observe@resource://gre/modules/AsyncShutdown.sys.mjs:576:16

WARNING: A blocker encountered an error while we were waiting.
          Blocker:  TelemetryController: shutting down
          Phase: profile-before-change-telemetry
          State: Error getting state: Error: Phase "profile-before-change" is finished, it is too late to register completion condition "OS.File: flush I/O queued before profileBeforeChange" at addBlocker@resource://gre/modules/AsyncShutdown.sys.mjs:727:15
addBlocker@resource://gre/modules/AsyncShutdown.sys.mjs:523:26
addBlocker@resource://gre/modules/AsyncShutdown.sys.mjs:458:15
setupShutdown@resource://gre/modules/osfile/osfile_async_front.jsm:1548:28
@resource://gre/modules/osfile/osfile_async_front.jsm:1568:16
@resource://gre/modules/osfile.jsm:12:30
@resource://gre/modules/TelemetryStorage.sys.mjs:10:28
_checkPendingPings@resource://gre/modules/TelemetrySend.sys.mjs:863:17
setup@resource://gre/modules/TelemetrySend.sys.mjs:803:18
setup@resource://gre/modules/TelemetrySend.sys.mjs:241:30
setupTelemetry/this._delayedInitTask<@resource://gre/modules/TelemetryControllerParent.sys.mjs:828:36
observe@resource://gre/modules/AsyncShutdown.sys.mjs:576:16

WARNING: Error: Phase "profile-before-change" is finished, it is too late to register completion condition "OS.File: flush I/O queued before profileBeforeChange"
WARNING: addBlocker@resource://gre/modules/AsyncShutdown.sys.mjs:727:15
addBlocker@resource://gre/modules/AsyncShutdown.sys.mjs:523:26
addBlocker@resource://gre/modules/AsyncShutdown.sys.mjs:458:15
setupShutdown@resource://gre/modules/osfile/osfile_async_front.jsm:1548:28
@resource://gre/modules/osfile/osfile_async_front.jsm:1568:16
@resource://gre/modules/osfile.jsm:12:30
@resource://gre/modules/TelemetryStorage.sys.mjs:10:28
_checkPendingPings@resource://gre/modules/TelemetrySend.sys.mjs:863:17
setup@resource://gre/modules/TelemetrySend.sys.mjs:803:18
setup@resource://gre/modules/TelemetrySend.sys.mjs:241:30
setupTelemetry/this._delayedInitTask<@resource://gre/modules/TelemetryControllerParent.sys.mjs:828:36
observe@resource://gre/modules/AsyncShutdown.sys.mjs:576:16

JavaScript error: resource://gre/modules/AsyncShutdown.sys.mjs, line 727: Error: Phase "profile-before-change" is finished, it is too late to register completion condition "OS.File: flush I/O queued before profileBeforeChange"
JavaScript error: resource://gre/modules/AsyncShutdown.sys.mjs, line 727: Error: Phase "profile-before-change" is finished, it is too late to register completion condition "OS.File: flush I/O queued before profileBeforeChange"
JavaScript error: resource://gre/modules/AsyncShutdown.sys.mjs, line 727: Error: Phase "profile-before-change" is finished, it is too late to register completion condition "OS.File: flush I/O queued before profileBeforeChange"
JavaScript error: resource://gre/modules/AsyncShutdown.sys.mjs, line 727: Error: Phase "profile-before-change" is finished, it is too late to register completion condition "OS.File: flush I/O queued before profileBeforeChange"
JavaScript error: resource://gre/modules/AsyncShutdown.sys.mjs, line 727: Error: Phase "profile-before-change" is finished, it is too late to register completion condition "OS.File: flush I/O queued before profileBeforeChange"
JavaScript error: resource://gre/modules/AsyncShutdown.sys.mjs, line 727: Error: Phase "profile-before-change" is finished, it is too late to register completion condition "OS.File: flush I/O queued before profileBeforeChange"
]]></system-err>
  </testcase>
</testsuite>