<?xml version="1.0" encoding="UTF-8"?>
<testsuite xmlns:xsi="http://www.w3.org/2001/XMLSchema-instance" xsi:noNamespaceSchemaLocation="https://maven.apache.org/surefire/maven-failsafe-plugin/xsd/failsafe-test-report-3.0.xsd" version="3.0" name="CucumberTestSuite" time="267.103" tests="14" errors="0" skipped="0" failures="0">
  <properties>
    <property name="java.specification.version" value="13"/>
    <property name="sun.cpu.isalist" value="amd64"/>
    <property name="sun.jnu.encoding" value="Cp1252"/>
    <property name="java.class.path" value="C:\Users\alwi\IdeaProjects\uniqloweb\target\test-classes;C:\Users\alwi\.m2\repository\net\serenity-bdd\serenity-core\3.2.1\serenity-core-3.2.1.jar;C:\Users\alwi\.m2\repository\net\serenity-bdd\serenity-model\3.2.1\serenity-model-3.2.1.jar;C:\Users\alwi\.m2\repository\org\apache\commons\commons-text\1.9\commons-text-1.9.jar;C:\Users\alwi\.m2\repository\commons-net\commons-net\3.8.0\commons-net-3.8.0.jar;C:\Users\alwi\.m2\repository\com\google\guava\guava\31.1-jre\guava-31.1-jre.jar;C:\Users\alwi\.m2\repository\com\google\guava\failureaccess\1.0.1\failureaccess-1.0.1.jar;C:\Users\alwi\.m2\repository\com\google\guava\listenablefuture\9999.0-empty-to-avoid-conflict-with-guava\listenablefuture-9999.0-empty-to-avoid-conflict-with-guava.jar;C:\Users\alwi\.m2\repository\com\google\code\findbugs\jsr305\3.0.2\jsr305-3.0.2.jar;C:\Users\alwi\.m2\repository\org\checkerframework\checker-qual\3.12.0\checker-qual-3.12.0.jar;C:\Users\alwi\.m2\repository\com\google\errorprone\error_prone_annotations\2.11.0\error_prone_annotations-2.11.0.jar;C:\Users\alwi\.m2\repository\com\google\j2objc\j2objc-annotations\1.3\j2objc-annotations-1.3.jar;C:\Users\alwi\.m2\repository\com\google\inject\guice\5.1.0\guice-5.1.0.jar;C:\Users\alwi\.m2\repository\javax\inject\javax.inject\1\javax.inject-1.jar;C:\Users\alwi\.m2\repository\aopalliance\aopalliance\1.0\aopalliance-1.0.jar;C:\Users\alwi\.m2\repository\org\jsoup\jsoup\1.14.3\jsoup-1.14.3.jar;C:\Users\alwi\.m2\repository\com\thoughtworks\xstream\xstream\1.4.19\xstream-1.4.19.jar;C:\Users\alwi\.m2\repository\io\github\x-stream\mxparser\1.2.2\mxparser-1.2.2.jar;C:\Users\alwi\.m2\repository\xmlpull\xmlpull\1.1.3.1\xmlpull-1.1.3.1.jar;C:\Users\alwi\.m2\repository\io\cucumber\cucumber-java\7.2.3\cucumber-java-7.2.3.jar;C:\Users\alwi\.m2\repository\com\typesafe\config\1.4.2\config-1.4.2.jar;C:\Users\alwi\.m2\repository\org\imgscalr\imgscalr-lib\4.2\imgscalr-lib-4.2.jar;C:\Users\alwi\.m2\repository\org\awaitility\awaitility\4.2.0\awaitility-4.2.0.jar;C:\Users\alwi\.m2\repository\org\freemarker\freemarker\2.3.31\freemarker-2.3.31.jar;C:\Users\alwi\.m2\repository\io\github\classgraph\classgraph\4.8.138\classgraph-4.8.138.jar;C:\Users\alwi\.m2\repository\net\sourceforge\jexcelapi\jxl\2.6.12\jxl-2.6.12.jar;C:\Users\alwi\.m2\repository\net\bytebuddy\byte-buddy\1.12.8\byte-buddy-1.12.8.jar;C:\Users\alwi\.m2\repository\net\bytebuddy\byte-buddy-agent\1.12.8\byte-buddy-agent-1.12.8.jar;C:\Users\alwi\.m2\repository\org\objenesis\objenesis\3.1\objenesis-3.1.jar;C:\Users\alwi\.m2\repository\net\serenity-bdd\serenity-reports\3.2.1\serenity-reports-3.2.1.jar;C:\Users\alwi\.m2\repository\net\serenity-bdd\serenity-stats\3.2.1\serenity-stats-3.2.1.jar;C:\Users\alwi\.m2\repository\net\serenity-bdd\serenity-reports-configuration\3.2.1\serenity-reports-configuration-3.2.1.jar;C:\Users\alwi\.m2\repository\com\vladsch\flexmark\flexmark-all\0.34.30\flexmark-all-0.34.30.jar;C:\Users\alwi\.m2\repository\com\vladsch\flexmark\flexmark\0.34.30\flexmark-0.34.30.jar;C:\Users\alwi\.m2\repository\com\vladsch\flexmark\flexmark-ext-abbreviation\0.34.30\flexmark-ext-abbreviation-0.34.30.jar;C:\Users\alwi\.m2\repository\com\vladsch\flexmark\flexmark-ext-admonition\0.34.30\flexmark-ext-admonition-0.34.30.jar;C:\Users\alwi\.m2\repository\com\vladsch\flexmark\flexmark-ext-anchorlink\0.34.30\flexmark-ext-anchorlink-0.34.30.jar;C:\Users\alwi\.m2\repository\com\vladsch\flexmark\flexmark-ext-aside\0.34.30\flexmark-ext-aside-0.34.30.jar;C:\Users\alwi\.m2\repository\com\vladsch\flexmark\flexmark-ext-attributes\0.34.30\flexmark-ext-attributes-0.34.30.jar;C:\Users\alwi\.m2\repository\com\vladsch\flexmark\flexmark-ext-autolink\0.34.30\flexmark-ext-autolink-0.34.30.jar;C:\Users\alwi\.m2\repository\org\nibor\autolink\autolink\0.6.0\autolink-0.6.0.jar;C:\Users\alwi\.m2\repository\com\vladsch\flexmark\flexmark-ext-definition\0.34.30\flexmark-ext-definition-0.34.30.jar;C:\Users\alwi\.m2\repository\com\vladsch\flexmark\flexmark-ext-emoji\0.34.30\flexmark-ext-emoji-0.34.30.jar;C:\Users\alwi\.m2\repository\com\vladsch\flexmark\flexmark-ext-enumerated-reference\0.34.30\flexmark-ext-enumerated-reference-0.34.30.jar;C:\Users\alwi\.m2\repository\com\vladsch\flexmark\flexmark-ext-escaped-character\0.34.30\flexmark-ext-escaped-character-0.34.30.jar;C:\Users\alwi\.m2\repository\com\vladsch\flexmark\flexmark-ext-footnotes\0.34.30\flexmark-ext-footnotes-0.34.30.jar;C:\Users\alwi\.m2\repository\com\vladsch\flexmark\flexmark-ext-gfm-issues\0.34.30\flexmark-ext-gfm-issues-0.34.30.jar;C:\Users\alwi\.m2\repository\com\vladsch\flexmark\flexmark-ext-gfm-strikethrough\0.34.30\flexmark-ext-gfm-strikethrough-0.34.30.jar;C:\Users\alwi\.m2\repository\com\vladsch\flexmark\flexmark-ext-gfm-tables\0.34.30\flexmark-ext-gfm-tables-0.34.30.jar;C:\Users\alwi\.m2\repository\com\vladsch\flexmark\flexmark-ext-gfm-tasklist\0.34.30\flexmark-ext-gfm-tasklist-0.34.30.jar;C:\Users\alwi\.m2\repository\com\vladsch\flexmark\flexmark-ext-gfm-users\0.34.30\flexmark-ext-gfm-users-0.34.30.jar;C:\Users\alwi\.m2\repository\com\vladsch\flexmark\flexmark-ext-gitlab\0.34.30\flexmark-ext-gitlab-0.34.30.jar;C:\Users\alwi\.m2\repository\com\vladsch\flexmark\flexmark-ext-jekyll-front-matter\0.34.30\flexmark-ext-jekyll-front-matter-0.34.30.jar;C:\Users\alwi\.m2\repository\com\vladsch\flexmark\flexmark-ext-jekyll-tag\0.34.30\flexmark-ext-jekyll-tag-0.34.30.jar;C:\Users\alwi\.m2\repository\com\vladsch\flexmark\flexmark-ext-media-tags\0.34.30\flexmark-ext-media-tags-0.34.30.jar;C:\Users\alwi\.m2\repository\com\vladsch\flexmark\flexmark-test-util\0.34.30\flexmark-test-util-0.34.30.jar;C:\Users\alwi\.m2\repository\com\vladsch\flexmark\flexmark-ext-ins\0.34.30\flexmark-ext-ins-0.34.30.jar;C:\Users\alwi\.m2\repository\com\vladsch\flexmark\flexmark-ext-xwiki-macros\0.34.30\flexmark-ext-xwiki-macros-0.34.30.jar;C:\Users\alwi\.m2\repository\com\vladsch\flexmark\flexmark-ext-superscript\0.34.30\flexmark-ext-superscript-0.34.30.jar;C:\Users\alwi\.m2\repository\com\vladsch\flexmark\flexmark-ext-tables\0.34.30\flexmark-ext-tables-0.34.30.jar;C:\Users\alwi\.m2\repository\com\vladsch\flexmark\flexmark-ext-toc\0.34.30\flexmark-ext-toc-0.34.30.jar;C:\Users\alwi\.m2\repository\com\vladsch\flexmark\flexmark-ext-typographic\0.34.30\flexmark-ext-typographic-0.34.30.jar;C:\Users\alwi\.m2\repository\com\vladsch\flexmark\flexmark-ext-wikilink\0.34.30\flexmark-ext-wikilink-0.34.30.jar;C:\Users\alwi\.m2\repository\com\vladsch\flexmark\flexmark-ext-yaml-front-matter\0.34.30\flexmark-ext-yaml-front-matter-0.34.30.jar;C:\Users\alwi\.m2\repository\com\vladsch\flexmark\flexmark-ext-youtube-embedded\0.34.30\flexmark-ext-youtube-embedded-0.34.30.jar;C:\Users\alwi\.m2\repository\com\vladsch\flexmark\flexmark-formatter\0.34.30\flexmark-formatter-0.34.30.jar;C:\Users\alwi\.m2\repository\com\vladsch\flexmark\flexmark-html-parser\0.34.30\flexmark-html-parser-0.34.30.jar;C:\Users\alwi\.m2\repository\com\vladsch\flexmark\flexmark-jira-converter\0.34.30\flexmark-jira-converter-0.34.30.jar;C:\Users\alwi\.m2\repository\com\vladsch\flexmark\flexmark-pdf-converter\0.34.30\flexmark-pdf-converter-0.34.30.jar;C:\Users\alwi\.m2\repository\com\openhtmltopdf\openhtmltopdf-core\0.0.1-RC13\openhtmltopdf-core-0.0.1-RC13.jar;C:\Users\alwi\.m2\repository\com\openhtmltopdf\openhtmltopdf-pdfbox\0.0.1-RC13\openhtmltopdf-pdfbox-0.0.1-RC13.jar;C:\Users\alwi\.m2\repository\org\apache\pdfbox\pdfbox\2.0.8\pdfbox-2.0.8.jar;C:\Users\alwi\.m2\repository\org\apache\pdfbox\fontbox\2.0.8\fontbox-2.0.8.jar;C:\Users\alwi\.m2\repository\commons-logging\commons-logging\1.2\commons-logging-1.2.jar;C:\Users\alwi\.m2\repository\org\apache\pdfbox\xmpbox\2.0.8\xmpbox-2.0.8.jar;C:\Users\alwi\.m2\repository\de\rototor\pdfbox\graphics2d\0.12\graphics2d-0.12.jar;C:\Users\alwi\.m2\repository\com\openhtmltopdf\openhtmltopdf-rtl-support\0.0.1-RC13\openhtmltopdf-rtl-support-0.0.1-RC13.jar;C:\Users\alwi\.m2\repository\com\ibm\icu\icu4j\59.1\icu4j-59.1.jar;C:\Users\alwi\.m2\repository\com\openhtmltopdf\openhtmltopdf-jsoup-dom-converter\0.0.1-RC13\openhtmltopdf-jsoup-dom-converter-0.0.1-RC13.jar;C:\Users\alwi\.m2\repository\com\vladsch\flexmark\flexmark-profile-pegdown\0.34.30\flexmark-profile-pegdown-0.34.30.jar;C:\Users\alwi\.m2\repository\com\vladsch\flexmark\flexmark-util\0.34.30\flexmark-util-0.34.30.jar;C:\Users\alwi\.m2\repository\com\vladsch\flexmark\flexmark-youtrack-converter\0.34.30\flexmark-youtrack-converter-0.34.30.jar;C:\Users\alwi\.m2\repository\es\nitaur\markdown\txtmark\0.16\txtmark-0.16.jar;C:\Users\alwi\.m2\repository\net\serenity-bdd\serenity-report-resources\3.2.1\serenity-report-resources-3.2.1.jar;C:\Users\alwi\.m2\repository\com\google\code\gson\gson\2.9.0\gson-2.9.0.jar;C:\Users\alwi\.m2\repository\com\fasterxml\jackson\core\jackson-core\2.13.2\jackson-core-2.13.2.jar;C:\Users\alwi\.m2\repository\com\fasterxml\jackson\core\jackson-databind\2.13.2\jackson-databind-2.13.2.jar;C:\Users\alwi\.m2\repository\com\fasterxml\jackson\core\jackson-annotations\2.13.2\jackson-annotations-2.13.2.jar;C:\Users\alwi\.m2\repository\commons-codec\commons-codec\1.15\commons-codec-1.15.jar;C:\Users\alwi\.m2\repository\commons-io\commons-io\2.11.0\commons-io-2.11.0.jar;C:\Users\alwi\.m2\repository\org\seleniumhq\selenium\selenium-java\4.1.2\selenium-java-4.1.2.jar;C:\Users\alwi\.m2\repository\org\seleniumhq\selenium\selenium-devtools-v85\4.1.2\selenium-devtools-v85-4.1.2.jar;C:\Users\alwi\.m2\repository\org\seleniumhq\selenium\selenium-devtools-v95\4.1.2\selenium-devtools-v95-4.1.2.jar;C:\Users\alwi\.m2\repository\org\seleniumhq\selenium\selenium-devtools-v96\4.1.2\selenium-devtools-v96-4.1.2.jar;C:\Users\alwi\.m2\repository\org\seleniumhq\selenium\selenium-devtools-v97\4.1.2\selenium-devtools-v97-4.1.2.jar;C:\Users\alwi\.m2\repository\org\seleniumhq\selenium\selenium-firefox-xpi-driver\4.1.2\selenium-firefox-xpi-driver-4.1.2.jar;C:\Users\alwi\.m2\repository\org\seleniumhq\selenium\selenium-opera-driver\4.1.2\selenium-opera-driver-4.1.2.jar;C:\Users\alwi\.m2\repository\org\seleniumhq\selenium\selenium-remote-driver\4.1.2\selenium-remote-driver-4.1.2.jar;C:\Users\alwi\.m2\repository\com\beust\jcommander\1.82\jcommander-1.82.jar;C:\Users\alwi\.m2\repository\io\netty\netty-buffer\4.1.73.Final\netty-buffer-4.1.73.Final.jar;C:\Users\alwi\.m2\repository\io\netty\netty-codec-http\4.1.73.Final\netty-codec-http-4.1.73.Final.jar;C:\Users\alwi\.m2\repository\io\netty\netty-codec\4.1.73.Final\netty-codec-4.1.73.Final.jar;C:\Users\alwi\.m2\repository\io\netty\netty-handler\4.1.73.Final\netty-handler-4.1.73.Final.jar;C:\Users\alwi\.m2\repository\io\netty\netty-tcnative-classes\2.0.46.Final\netty-tcnative-classes-2.0.46.Final.jar;C:\Users\alwi\.m2\repository\io\netty\netty-common\4.1.73.Final\netty-common-4.1.73.Final.jar;C:\Users\alwi\.m2\repository\io\netty\netty-transport-classes-epoll\4.1.73.Final\netty-transport-classes-epoll-4.1.73.Final.jar;C:\Users\alwi\.m2\repository\io\netty\netty-transport-classes-kqueue\4.1.73.Final\netty-transport-classes-kqueue-4.1.73.Final.jar;C:\Users\alwi\.m2\repository\io\netty\netty-transport-native-epoll\4.1.73.Final\netty-transport-native-epoll-4.1.73.Final.jar;C:\Users\alwi\.m2\repository\io\netty\netty-transport-native-kqueue\4.1.73.Final\netty-transport-native-kqueue-4.1.73.Final.jar;C:\Users\alwi\.m2\repository\io\netty\netty-transport-native-unix-common\4.1.73.Final\netty-transport-native-unix-common-4.1.73.Final.jar;C:\Users\alwi\.m2\repository\io\netty\netty-transport\4.1.73.Final\netty-transport-4.1.73.Final.jar;C:\Users\alwi\.m2\repository\io\netty\netty-resolver\4.1.73.Final\netty-resolver-4.1.73.Final.jar;C:\Users\alwi\.m2\repository\io\opentelemetry\opentelemetry-api\1.10.1\opentelemetry-api-1.10.1.jar;C:\Users\alwi\.m2\repository\io\opentelemetry\opentelemetry-context\1.10.1\opentelemetry-context-1.10.1.jar;C:\Users\alwi\.m2\repository\io\opentelemetry\opentelemetry-exporter-logging\1.10.1\opentelemetry-exporter-logging-1.10.1.jar;C:\Users\alwi\.m2\repository\io\opentelemetry\opentelemetry-sdk-metrics\1.10.1-alpha\opentelemetry-sdk-metrics-1.10.1-alpha.jar;C:\Users\alwi\.m2\repository\io\opentelemetry\opentelemetry-sdk-logs\1.10.1-alpha\opentelemetry-sdk-logs-1.10.1-alpha.jar;C:\Users\alwi\.m2\repository\io\opentelemetry\opentelemetry-sdk-common\1.10.1\opentelemetry-sdk-common-1.10.1.jar;C:\Users\alwi\.m2\repository\io\opentelemetry\opentelemetry-sdk-extension-autoconfigure-spi\1.10.1\opentelemetry-sdk-extension-autoconfigure-spi-1.10.1.jar;C:\Users\alwi\.m2\repository\io\opentelemetry\opentelemetry-sdk-extension-autoconfigure\1.10.1-alpha\opentelemetry-sdk-extension-autoconfigure-1.10.1-alpha.jar;C:\Users\alwi\.m2\repository\io\opentelemetry\opentelemetry-sdk-trace\1.10.1\opentelemetry-sdk-trace-1.10.1.jar;C:\Users\alwi\.m2\repository\io\opentelemetry\opentelemetry-sdk\1.10.1\opentelemetry-sdk-1.10.1.jar;C:\Users\alwi\.m2\repository\io\opentelemetry\opentelemetry-semconv\1.10.1-alpha\opentelemetry-semconv-1.10.1-alpha.jar;C:\Users\alwi\.m2\repository\io\ous\jtoml\2.0.0\jtoml-2.0.0.jar;C:\Users\alwi\.m2\repository\org\apache\commons\commons-exec\1.3\commons-exec-1.3.jar;C:\Users\alwi\.m2\repository\org\asynchttpclient\async-http-client\2.12.3\async-http-client-2.12.3.jar;C:\Users\alwi\.m2\repository\org\asynchttpclient\async-http-client-netty-utils\2.12.3\async-http-client-netty-utils-2.12.3.jar;C:\Users\alwi\.m2\repository\io\netty\netty-codec-socks\4.1.60.Final\netty-codec-socks-4.1.60.Final.jar;C:\Users\alwi\.m2\repository\io\netty\netty-handler-proxy\4.1.60.Final\netty-handler-proxy-4.1.60.Final.jar;C:\Users\alwi\.m2\repository\io\netty\netty-transport-native-epoll\4.1.60.Final\netty-transport-native-epoll-4.1.60.Final-linux-x86_64.jar;C:\Users\alwi\.m2\repository\io\netty\netty-transport-native-kqueue\4.1.60.Final\netty-transport-native-kqueue-4.1.60.Final-osx-x86_64.jar;C:\Users\alwi\.m2\repository\org\reactivestreams\reactive-streams\1.0.3\reactive-streams-1.0.3.jar;C:\Users\alwi\.m2\repository\com\typesafe\netty\netty-reactive-streams\2.0.4\netty-reactive-streams-2.0.4.jar;C:\Users\alwi\.m2\repository\org\seleniumhq\selenium\selenium-http\4.1.2\selenium-http-4.1.2.jar;C:\Users\alwi\.m2\repository\net\jodah\failsafe\2.4.4\failsafe-2.4.4.jar;C:\Users\alwi\.m2\repository\org\seleniumhq\selenium\selenium-safari-driver\4.1.2\selenium-safari-driver-4.1.2.jar;C:\Users\alwi\.m2\repository\org\seleniumhq\selenium\selenium-api\4.1.2\selenium-api-4.1.2.jar;C:\Users\alwi\.m2\repository\org\seleniumhq\selenium\selenium-support\4.1.2\selenium-support-4.1.2.jar;C:\Users\alwi\.m2\repository\com\google\auto\service\auto-service-annotations\1.0.1\auto-service-annotations-1.0.1.jar;C:\Users\alwi\.m2\repository\com\google\auto\service\auto-service\1.0.1\auto-service-1.0.1.jar;C:\Users\alwi\.m2\repository\com\google\auto\auto-common\1.2\auto-common-1.2.jar;C:\Users\alwi\.m2\repository\org\seleniumhq\selenium\selenium-json\4.1.2\selenium-json-4.1.2.jar;C:\Users\alwi\.m2\repository\org\seleniumhq\selenium\selenium-chrome-driver\4.1.2\selenium-chrome-driver-4.1.2.jar;C:\Users\alwi\.m2\repository\org\seleniumhq\selenium\selenium-chromium-driver\4.1.2\selenium-chromium-driver-4.1.2.jar;C:\Users\alwi\.m2\repository\org\seleniumhq\selenium\selenium-firefox-driver\4.1.2\selenium-firefox-driver-4.1.2.jar;C:\Users\alwi\.m2\repository\org\seleniumhq\selenium\selenium-edge-driver\4.1.2\selenium-edge-driver-4.1.2.jar;C:\Users\alwi\.m2\repository\org\seleniumhq\selenium\selenium-ie-driver\4.1.2\selenium-ie-driver-4.1.2.jar;C:\Users\alwi\.m2\repository\org\projectlombok\lombok\1.18.20\lombok-1.18.20.jar;C:\Users\alwi\.m2\repository\io\appium\java-client\8.0.0\java-client-8.0.0.jar;C:\Users\alwi\.m2\repository\commons-validator\commons-validator\1.7\commons-validator-1.7.jar;C:\Users\alwi\.m2\repository\commons-digester\commons-digester\2.1\commons-digester-2.1.jar;C:\Users\alwi\.m2\repository\org\aspectj\aspectjweaver\1.9.8\aspectjweaver-1.9.8.jar;C:\Users\alwi\.m2\repository\org\codehaus\groovy\groovy\3.0.10\groovy-3.0.10.jar;C:\Users\alwi\.m2\repository\net\sf\opencsv\opencsv\2.0\opencsv-2.0.jar;C:\Users\alwi\.m2\repository\commons-beanutils\commons-beanutils\1.9.4\commons-beanutils-1.9.4.jar;C:\Users\alwi\.m2\repository\org\apache\commons\commons-lang3\3.12.0\commons-lang3-3.12.0.jar;C:\Users\alwi\.m2\repository\commons-collections\commons-collections\3.2.2\commons-collections-3.2.2.jar;C:\Users\alwi\.m2\repository\org\fluentlenium\fluentlenium-core\0.10.2\fluentlenium-core-0.10.2.jar;C:\Users\alwi\.m2\repository\io\github\bonigarcia\webdrivermanager\5.1.0\webdrivermanager-5.1.0.jar;C:\Users\alwi\.m2\repository\com\github\docker-java\docker-java\3.2.13\docker-java-3.2.13.jar;C:\Users\alwi\.m2\repository\com\github\docker-java\docker-java-core\3.2.13\docker-java-core-3.2.13.jar;C:\Users\alwi\.m2\repository\com\github\docker-java\docker-java-api\3.2.13\docker-java-api-3.2.13.jar;C:\Users\alwi\.m2\repository\org\apache\commons\commons-compress\1.21\commons-compress-1.21.jar;C:\Users\alwi\.m2\repository\org\bouncycastle\bcpkix-jdk15on\1.64\bcpkix-jdk15on-1.64.jar;C:\Users\alwi\.m2\repository\org\bouncycastle\bcprov-jdk15on\1.64\bcprov-jdk15on-1.64.jar;C:\Users\alwi\.m2\repository\org\slf4j\jcl-over-slf4j\1.7.30\jcl-over-slf4j-1.7.30.jar;C:\Users\alwi\.m2\repository\com\github\docker-java\docker-java-transport-httpclient5\3.2.13\docker-java-transport-httpclient5-3.2.13.jar;C:\Users\alwi\.m2\repository\com\github\docker-java\docker-java-transport\3.2.13\docker-java-transport-3.2.13.jar;C:\Users\alwi\.m2\repository\org\apache\httpcomponents\client5\httpclient5\5.0.3\httpclient5-5.0.3.jar;C:\Users\alwi\.m2\repository\org\apache\httpcomponents\core5\httpcore5\5.0.2\httpcore5-5.0.2.jar;C:\Users\alwi\.m2\repository\net\java\dev\jna\jna\5.8.0\jna-5.8.0.jar;C:\Users\alwi\.m2\repository\org\brotli\dec\0.1.2\dec-0.1.2.jar;C:\Users\alwi\.m2\repository\com\jhlabs\filters\2.0.235\filters-2.0.235.jar;C:\Users\alwi\.m2\repository\com\paulhammant\ngwebdriver\1.1.6\ngwebdriver-1.1.6.jar;C:\Users\alwi\.m2\repository\joda-time\joda-time\2.8.2\joda-time-2.8.2.jar;C:\Users\alwi\.m2\repository\org\hamcrest\hamcrest\2.2\hamcrest-2.2.jar;C:\Users\alwi\.m2\repository\com\google\jimfs\jimfs\1.2\jimfs-1.2.jar;C:\Users\alwi\.m2\repository\org\mockito\mockito-core\3.3.3\mockito-core-3.3.3.jar;C:\Users\alwi\.m2\repository\javax\xml\bind\jaxb-api\2.3.1\jaxb-api-2.3.1.jar;C:\Users\alwi\.m2\repository\javax\activation\javax.activation-api\1.2.0\javax.activation-api-1.2.0.jar;C:\Users\alwi\.m2\repository\com\sun\xml\bind\jaxb-core\2.3.0.1\jaxb-core-2.3.0.1.jar;C:\Users\alwi\.m2\repository\com\sun\xml\bind\jaxb-impl\2.3.3\jaxb-impl-2.3.3.jar;C:\Users\alwi\.m2\repository\jakarta\xml\bind\jakarta.xml.bind-api\2.3.3\jakarta.xml.bind-api-2.3.3.jar;C:\Users\alwi\.m2\repository\com\sun\activation\jakarta.activation\1.2.2\jakarta.activation-1.2.2.jar;C:\Users\alwi\.m2\repository\javax\activation\activation\1.1.1\activation-1.1.1.jar;C:\Users\alwi\.m2\repository\net\serenity-bdd\serenity-cucumber\3.2.1\serenity-cucumber-3.2.1.jar;C:\Users\alwi\.m2\repository\io\cucumber\cucumber-core\7.2.3\cucumber-core-7.2.3.jar;C:\Users\alwi\.m2\repository\io\cucumber\cucumber-gherkin\7.2.3\cucumber-gherkin-7.2.3.jar;C:\Users\alwi\.m2\repository\io\cucumber\cucumber-gherkin-messages\7.2.3\cucumber-gherkin-messages-7.2.3.jar;C:\Users\alwi\.m2\repository\io\cucumber\messages\17.1.1\messages-17.1.1.jar;C:\Users\alwi\.m2\repository\io\cucumber\tag-expressions\4.1.0\tag-expressions-4.1.0.jar;C:\Users\alwi\.m2\repository\io\cucumber\cucumber-expressions\15.0.1\cucumber-expressions-15.0.1.jar;C:\Users\alwi\.m2\repository\io\cucumber\datatable\7.2.3\datatable-7.2.3.jar;C:\Users\alwi\.m2\repository\io\cucumber\cucumber-plugin\7.2.3\cucumber-plugin-7.2.3.jar;C:\Users\alwi\.m2\repository\io\cucumber\docstring\7.2.3\docstring-7.2.3.jar;C:\Users\alwi\.m2\repository\io\cucumber\html-formatter\17.0.0\html-formatter-17.0.0.jar;C:\Users\alwi\.m2\repository\io\cucumber\ci-environment\8.1.0\ci-environment-8.1.0.jar;C:\Users\alwi\.m2\repository\io\cucumber\cucumber-junit\7.2.3\cucumber-junit-7.2.3.jar;C:\Users\alwi\.m2\repository\org\apache\commons\commons-csv\1.5\commons-csv-1.5.jar;C:\Users\alwi\.m2\repository\net\serenity-bdd\serenity-screenplay\3.2.1\serenity-screenplay-3.2.1.jar;C:\Users\alwi\.m2\repository\net\serenity-bdd\serenity-screenplay-webdriver\3.2.1\serenity-screenplay-webdriver-3.2.1.jar;C:\Users\alwi\.m2\repository\net\serenity-bdd\serenity-ensure\3.2.1\serenity-ensure-3.2.1.jar;C:\Users\alwi\.m2\repository\net\serenity-bdd\serenity-junit\3.2.1\serenity-junit-3.2.1.jar;C:\Users\alwi\.m2\repository\org\jetbrains\kotlin\kotlin-stdlib\1.6.0\kotlin-stdlib-1.6.0.jar;C:\Users\alwi\.m2\repository\org\jetbrains\annotations\13.0\annotations-13.0.jar;C:\Users\alwi\.m2\repository\org\jetbrains\kotlin\kotlin-stdlib-common\1.6.0\kotlin-stdlib-common-1.6.0.jar;C:\Users\alwi\.m2\repository\org\junit\platform\junit-platform-launcher\1.8.1\junit-platform-launcher-1.8.1.jar;C:\Users\alwi\.m2\repository\org\junit\platform\junit-platform-engine\1.8.1\junit-platform-engine-1.8.1.jar;C:\Users\alwi\.m2\repository\org\opentest4j\opentest4j\1.2.0\opentest4j-1.2.0.jar;C:\Users\alwi\.m2\repository\org\junit\platform\junit-platform-commons\1.8.1\junit-platform-commons-1.8.1.jar;C:\Users\alwi\.m2\repository\org\apiguardian\apiguardian-api\1.1.2\apiguardian-api-1.1.2.jar;C:\Users\alwi\.m2\repository\org\junit\jupiter\junit-jupiter-engine\5.8.2\junit-jupiter-engine-5.8.2.jar;C:\Users\alwi\.m2\repository\org\junit\jupiter\junit-jupiter-api\5.8.2\junit-jupiter-api-5.8.2.jar;C:\Users\alwi\.m2\repository\org\junit\vintage\junit-vintage-engine\5.8.2\junit-vintage-engine-5.8.2.jar;C:\Users\alwi\.m2\repository\junit\junit\4.13.2\junit-4.13.2.jar;C:\Users\alwi\.m2\repository\org\hamcrest\hamcrest-core\1.3\hamcrest-core-1.3.jar;C:\Users\alwi\.m2\repository\ch\qos\logback\logback-classic\1.2.10\logback-classic-1.2.10.jar;C:\Users\alwi\.m2\repository\ch\qos\logback\logback-core\1.2.10\logback-core-1.2.10.jar;C:\Users\alwi\.m2\repository\org\slf4j\slf4j-api\1.7.32\slf4j-api-1.7.32.jar;C:\Users\alwi\.m2\repository\org\assertj\assertj-core\3.6.2\assertj-core-3.6.2.jar;"/>
    <property name="java.vm.vendor" value="Oracle Corporation"/>
    <property name="sun.arch.data.model" value="64"/>
    <property name="user.variant" value=""/>
    <property name="java.vendor.url" value="https://java.oracle.com/"/>
    <property name="user.timezone" value="Asia/Jakarta"/>
    <property name="log4j2.formatMsgNoLookups" value="true"/>
    <property name="user.country.format" value="ID"/>
    <property name="os.name" value="Windows 10"/>
    <property name="java.vm.specification.version" value="13"/>
    <property name="sun.java.launcher" value="SUN_STANDARD"/>
    <property name="user.country" value="US"/>
    <property name="sun.boot.library.path" value="C:\Program Files\Java\jdk-13.0.2\bin"/>
    <property name="sun.java.command" value="org.apache.maven.surefire.booter.ForkedBooter C:\Users\alwi\AppData\Local\Temp\surefire18165980803180769580 2023-04-03T23-10-04_418-jvmRun1 surefire7417092256540668379tmp surefire_010649509904069601705tmp"/>
    <property name="jdk.debug" value="release"/>
    <property name="surefire.test.class.path" value="C:\Users\alwi\IdeaProjects\uniqloweb\target\test-classes;C:\Users\alwi\.m2\repository\net\serenity-bdd\serenity-core\3.2.1\serenity-core-3.2.1.jar;C:\Users\alwi\.m2\repository\net\serenity-bdd\serenity-model\3.2.1\serenity-model-3.2.1.jar;C:\Users\alwi\.m2\repository\org\apache\commons\commons-text\1.9\commons-text-1.9.jar;C:\Users\alwi\.m2\repository\commons-net\commons-net\3.8.0\commons-net-3.8.0.jar;C:\Users\alwi\.m2\repository\com\google\guava\guava\31.1-jre\guava-31.1-jre.jar;C:\Users\alwi\.m2\repository\com\google\guava\failureaccess\1.0.1\failureaccess-1.0.1.jar;C:\Users\alwi\.m2\repository\com\google\guava\listenablefuture\9999.0-empty-to-avoid-conflict-with-guava\listenablefuture-9999.0-empty-to-avoid-conflict-with-guava.jar;C:\Users\alwi\.m2\repository\com\google\code\findbugs\jsr305\3.0.2\jsr305-3.0.2.jar;C:\Users\alwi\.m2\repository\org\checkerframework\checker-qual\3.12.0\checker-qual-3.12.0.jar;C:\Users\alwi\.m2\repository\com\google\errorprone\error_prone_annotations\2.11.0\error_prone_annotations-2.11.0.jar;C:\Users\alwi\.m2\repository\com\google\j2objc\j2objc-annotations\1.3\j2objc-annotations-1.3.jar;C:\Users\alwi\.m2\repository\com\google\inject\guice\5.1.0\guice-5.1.0.jar;C:\Users\alwi\.m2\repository\javax\inject\javax.inject\1\javax.inject-1.jar;C:\Users\alwi\.m2\repository\aopalliance\aopalliance\1.0\aopalliance-1.0.jar;C:\Users\alwi\.m2\repository\org\jsoup\jsoup\1.14.3\jsoup-1.14.3.jar;C:\Users\alwi\.m2\repository\com\thoughtworks\xstream\xstream\1.4.19\xstream-1.4.19.jar;C:\Users\alwi\.m2\repository\io\github\x-stream\mxparser\1.2.2\mxparser-1.2.2.jar;C:\Users\alwi\.m2\repository\xmlpull\xmlpull\1.1.3.1\xmlpull-1.1.3.1.jar;C:\Users\alwi\.m2\repository\io\cucumber\cucumber-java\7.2.3\cucumber-java-7.2.3.jar;C:\Users\alwi\.m2\repository\com\typesafe\config\1.4.2\config-1.4.2.jar;C:\Users\alwi\.m2\repository\org\imgscalr\imgscalr-lib\4.2\imgscalr-lib-4.2.jar;C:\Users\alwi\.m2\repository\org\awaitility\awaitility\4.2.0\awaitility-4.2.0.jar;C:\Users\alwi\.m2\repository\org\freemarker\freemarker\2.3.31\freemarker-2.3.31.jar;C:\Users\alwi\.m2\repository\io\github\classgraph\classgraph\4.8.138\classgraph-4.8.138.jar;C:\Users\alwi\.m2\repository\net\sourceforge\jexcelapi\jxl\2.6.12\jxl-2.6.12.jar;C:\Users\alwi\.m2\repository\net\bytebuddy\byte-buddy\1.12.8\byte-buddy-1.12.8.jar;C:\Users\alwi\.m2\repository\net\bytebuddy\byte-buddy-agent\1.12.8\byte-buddy-agent-1.12.8.jar;C:\Users\alwi\.m2\repository\org\objenesis\objenesis\3.1\objenesis-3.1.jar;C:\Users\alwi\.m2\repository\net\serenity-bdd\serenity-reports\3.2.1\serenity-reports-3.2.1.jar;C:\Users\alwi\.m2\repository\net\serenity-bdd\serenity-stats\3.2.1\serenity-stats-3.2.1.jar;C:\Users\alwi\.m2\repository\net\serenity-bdd\serenity-reports-configuration\3.2.1\serenity-reports-configuration-3.2.1.jar;C:\Users\alwi\.m2\repository\com\vladsch\flexmark\flexmark-all\0.34.30\flexmark-all-0.34.30.jar;C:\Users\alwi\.m2\repository\com\vladsch\flexmark\flexmark\0.34.30\flexmark-0.34.30.jar;C:\Users\alwi\.m2\repository\com\vladsch\flexmark\flexmark-ext-abbreviation\0.34.30\flexmark-ext-abbreviation-0.34.30.jar;C:\Users\alwi\.m2\repository\com\vladsch\flexmark\flexmark-ext-admonition\0.34.30\flexmark-ext-admonition-0.34.30.jar;C:\Users\alwi\.m2\repository\com\vladsch\flexmark\flexmark-ext-anchorlink\0.34.30\flexmark-ext-anchorlink-0.34.30.jar;C:\Users\alwi\.m2\repository\com\vladsch\flexmark\flexmark-ext-aside\0.34.30\flexmark-ext-aside-0.34.30.jar;C:\Users\alwi\.m2\repository\com\vladsch\flexmark\flexmark-ext-attributes\0.34.30\flexmark-ext-attributes-0.34.30.jar;C:\Users\alwi\.m2\repository\com\vladsch\flexmark\flexmark-ext-autolink\0.34.30\flexmark-ext-autolink-0.34.30.jar;C:\Users\alwi\.m2\repository\org\nibor\autolink\autolink\0.6.0\autolink-0.6.0.jar;C:\Users\alwi\.m2\repository\com\vladsch\flexmark\flexmark-ext-definition\0.34.30\flexmark-ext-definition-0.34.30.jar;C:\Users\alwi\.m2\repository\com\vladsch\flexmark\flexmark-ext-emoji\0.34.30\flexmark-ext-emoji-0.34.30.jar;C:\Users\alwi\.m2\repository\com\vladsch\flexmark\flexmark-ext-enumerated-reference\0.34.30\flexmark-ext-enumerated-reference-0.34.30.jar;C:\Users\alwi\.m2\repository\com\vladsch\flexmark\flexmark-ext-escaped-character\0.34.30\flexmark-ext-escaped-character-0.34.30.jar;C:\Users\alwi\.m2\repository\com\vladsch\flexmark\flexmark-ext-footnotes\0.34.30\flexmark-ext-footnotes-0.34.30.jar;C:\Users\alwi\.m2\repository\com\vladsch\flexmark\flexmark-ext-gfm-issues\0.34.30\flexmark-ext-gfm-issues-0.34.30.jar;C:\Users\alwi\.m2\repository\com\vladsch\flexmark\flexmark-ext-gfm-strikethrough\0.34.30\flexmark-ext-gfm-strikethrough-0.34.30.jar;C:\Users\alwi\.m2\repository\com\vladsch\flexmark\flexmark-ext-gfm-tables\0.34.30\flexmark-ext-gfm-tables-0.34.30.jar;C:\Users\alwi\.m2\repository\com\vladsch\flexmark\flexmark-ext-gfm-tasklist\0.34.30\flexmark-ext-gfm-tasklist-0.34.30.jar;C:\Users\alwi\.m2\repository\com\vladsch\flexmark\flexmark-ext-gfm-users\0.34.30\flexmark-ext-gfm-users-0.34.30.jar;C:\Users\alwi\.m2\repository\com\vladsch\flexmark\flexmark-ext-gitlab\0.34.30\flexmark-ext-gitlab-0.34.30.jar;C:\Users\alwi\.m2\repository\com\vladsch\flexmark\flexmark-ext-jekyll-front-matter\0.34.30\flexmark-ext-jekyll-front-matter-0.34.30.jar;C:\Users\alwi\.m2\repository\com\vladsch\flexmark\flexmark-ext-jekyll-tag\0.34.30\flexmark-ext-jekyll-tag-0.34.30.jar;C:\Users\alwi\.m2\repository\com\vladsch\flexmark\flexmark-ext-media-tags\0.34.30\flexmark-ext-media-tags-0.34.30.jar;C:\Users\alwi\.m2\repository\com\vladsch\flexmark\flexmark-test-util\0.34.30\flexmark-test-util-0.34.30.jar;C:\Users\alwi\.m2\repository\com\vladsch\flexmark\flexmark-ext-ins\0.34.30\flexmark-ext-ins-0.34.30.jar;C:\Users\alwi\.m2\repository\com\vladsch\flexmark\flexmark-ext-xwiki-macros\0.34.30\flexmark-ext-xwiki-macros-0.34.30.jar;C:\Users\alwi\.m2\repository\com\vladsch\flexmark\flexmark-ext-superscript\0.34.30\flexmark-ext-superscript-0.34.30.jar;C:\Users\alwi\.m2\repository\com\vladsch\flexmark\flexmark-ext-tables\0.34.30\flexmark-ext-tables-0.34.30.jar;C:\Users\alwi\.m2\repository\com\vladsch\flexmark\flexmark-ext-toc\0.34.30\flexmark-ext-toc-0.34.30.jar;C:\Users\alwi\.m2\repository\com\vladsch\flexmark\flexmark-ext-typographic\0.34.30\flexmark-ext-typographic-0.34.30.jar;C:\Users\alwi\.m2\repository\com\vladsch\flexmark\flexmark-ext-wikilink\0.34.30\flexmark-ext-wikilink-0.34.30.jar;C:\Users\alwi\.m2\repository\com\vladsch\flexmark\flexmark-ext-yaml-front-matter\0.34.30\flexmark-ext-yaml-front-matter-0.34.30.jar;C:\Users\alwi\.m2\repository\com\vladsch\flexmark\flexmark-ext-youtube-embedded\0.34.30\flexmark-ext-youtube-embedded-0.34.30.jar;C:\Users\alwi\.m2\repository\com\vladsch\flexmark\flexmark-formatter\0.34.30\flexmark-formatter-0.34.30.jar;C:\Users\alwi\.m2\repository\com\vladsch\flexmark\flexmark-html-parser\0.34.30\flexmark-html-parser-0.34.30.jar;C:\Users\alwi\.m2\repository\com\vladsch\flexmark\flexmark-jira-converter\0.34.30\flexmark-jira-converter-0.34.30.jar;C:\Users\alwi\.m2\repository\com\vladsch\flexmark\flexmark-pdf-converter\0.34.30\flexmark-pdf-converter-0.34.30.jar;C:\Users\alwi\.m2\repository\com\openhtmltopdf\openhtmltopdf-core\0.0.1-RC13\openhtmltopdf-core-0.0.1-RC13.jar;C:\Users\alwi\.m2\repository\com\openhtmltopdf\openhtmltopdf-pdfbox\0.0.1-RC13\openhtmltopdf-pdfbox-0.0.1-RC13.jar;C:\Users\alwi\.m2\repository\org\apache\pdfbox\pdfbox\2.0.8\pdfbox-2.0.8.jar;C:\Users\alwi\.m2\repository\org\apache\pdfbox\fontbox\2.0.8\fontbox-2.0.8.jar;C:\Users\alwi\.m2\repository\commons-logging\commons-logging\1.2\commons-logging-1.2.jar;C:\Users\alwi\.m2\repository\org\apache\pdfbox\xmpbox\2.0.8\xmpbox-2.0.8.jar;C:\Users\alwi\.m2\repository\de\rototor\pdfbox\graphics2d\0.12\graphics2d-0.12.jar;C:\Users\alwi\.m2\repository\com\openhtmltopdf\openhtmltopdf-rtl-support\0.0.1-RC13\openhtmltopdf-rtl-support-0.0.1-RC13.jar;C:\Users\alwi\.m2\repository\com\ibm\icu\icu4j\59.1\icu4j-59.1.jar;C:\Users\alwi\.m2\repository\com\openhtmltopdf\openhtmltopdf-jsoup-dom-converter\0.0.1-RC13\openhtmltopdf-jsoup-dom-converter-0.0.1-RC13.jar;C:\Users\alwi\.m2\repository\com\vladsch\flexmark\flexmark-profile-pegdown\0.34.30\flexmark-profile-pegdown-0.34.30.jar;C:\Users\alwi\.m2\repository\com\vladsch\flexmark\flexmark-util\0.34.30\flexmark-util-0.34.30.jar;C:\Users\alwi\.m2\repository\com\vladsch\flexmark\flexmark-youtrack-converter\0.34.30\flexmark-youtrack-converter-0.34.30.jar;C:\Users\alwi\.m2\repository\es\nitaur\markdown\txtmark\0.16\txtmark-0.16.jar;C:\Users\alwi\.m2\repository\net\serenity-bdd\serenity-report-resources\3.2.1\serenity-report-resources-3.2.1.jar;C:\Users\alwi\.m2\repository\com\google\code\gson\gson\2.9.0\gson-2.9.0.jar;C:\Users\alwi\.m2\repository\com\fasterxml\jackson\core\jackson-core\2.13.2\jackson-core-2.13.2.jar;C:\Users\alwi\.m2\repository\com\fasterxml\jackson\core\jackson-databind\2.13.2\jackson-databind-2.13.2.jar;C:\Users\alwi\.m2\repository\com\fasterxml\jackson\core\jackson-annotations\2.13.2\jackson-annotations-2.13.2.jar;C:\Users\alwi\.m2\repository\commons-codec\commons-codec\1.15\commons-codec-1.15.jar;C:\Users\alwi\.m2\repository\commons-io\commons-io\2.11.0\commons-io-2.11.0.jar;C:\Users\alwi\.m2\repository\org\seleniumhq\selenium\selenium-java\4.1.2\selenium-java-4.1.2.jar;C:\Users\alwi\.m2\repository\org\seleniumhq\selenium\selenium-devtools-v85\4.1.2\selenium-devtools-v85-4.1.2.jar;C:\Users\alwi\.m2\repository\org\seleniumhq\selenium\selenium-devtools-v95\4.1.2\selenium-devtools-v95-4.1.2.jar;C:\Users\alwi\.m2\repository\org\seleniumhq\selenium\selenium-devtools-v96\4.1.2\selenium-devtools-v96-4.1.2.jar;C:\Users\alwi\.m2\repository\org\seleniumhq\selenium\selenium-devtools-v97\4.1.2\selenium-devtools-v97-4.1.2.jar;C:\Users\alwi\.m2\repository\org\seleniumhq\selenium\selenium-firefox-xpi-driver\4.1.2\selenium-firefox-xpi-driver-4.1.2.jar;C:\Users\alwi\.m2\repository\org\seleniumhq\selenium\selenium-opera-driver\4.1.2\selenium-opera-driver-4.1.2.jar;C:\Users\alwi\.m2\repository\org\seleniumhq\selenium\selenium-remote-driver\4.1.2\selenium-remote-driver-4.1.2.jar;C:\Users\alwi\.m2\repository\com\beust\jcommander\1.82\jcommander-1.82.jar;C:\Users\alwi\.m2\repository\io\netty\netty-buffer\4.1.73.Final\netty-buffer-4.1.73.Final.jar;C:\Users\alwi\.m2\repository\io\netty\netty-codec-http\4.1.73.Final\netty-codec-http-4.1.73.Final.jar;C:\Users\alwi\.m2\repository\io\netty\netty-codec\4.1.73.Final\netty-codec-4.1.73.Final.jar;C:\Users\alwi\.m2\repository\io\netty\netty-handler\4.1.73.Final\netty-handler-4.1.73.Final.jar;C:\Users\alwi\.m2\repository\io\netty\netty-tcnative-classes\2.0.46.Final\netty-tcnative-classes-2.0.46.Final.jar;C:\Users\alwi\.m2\repository\io\netty\netty-common\4.1.73.Final\netty-common-4.1.73.Final.jar;C:\Users\alwi\.m2\repository\io\netty\netty-transport-classes-epoll\4.1.73.Final\netty-transport-classes-epoll-4.1.73.Final.jar;C:\Users\alwi\.m2\repository\io\netty\netty-transport-classes-kqueue\4.1.73.Final\netty-transport-classes-kqueue-4.1.73.Final.jar;C:\Users\alwi\.m2\repository\io\netty\netty-transport-native-epoll\4.1.73.Final\netty-transport-native-epoll-4.1.73.Final.jar;C:\Users\alwi\.m2\repository\io\netty\netty-transport-native-kqueue\4.1.73.Final\netty-transport-native-kqueue-4.1.73.Final.jar;C:\Users\alwi\.m2\repository\io\netty\netty-transport-native-unix-common\4.1.73.Final\netty-transport-native-unix-common-4.1.73.Final.jar;C:\Users\alwi\.m2\repository\io\netty\netty-transport\4.1.73.Final\netty-transport-4.1.73.Final.jar;C:\Users\alwi\.m2\repository\io\netty\netty-resolver\4.1.73.Final\netty-resolver-4.1.73.Final.jar;C:\Users\alwi\.m2\repository\io\opentelemetry\opentelemetry-api\1.10.1\opentelemetry-api-1.10.1.jar;C:\Users\alwi\.m2\repository\io\opentelemetry\opentelemetry-context\1.10.1\opentelemetry-context-1.10.1.jar;C:\Users\alwi\.m2\repository\io\opentelemetry\opentelemetry-exporter-logging\1.10.1\opentelemetry-exporter-logging-1.10.1.jar;C:\Users\alwi\.m2\repository\io\opentelemetry\opentelemetry-sdk-metrics\1.10.1-alpha\opentelemetry-sdk-metrics-1.10.1-alpha.jar;C:\Users\alwi\.m2\repository\io\opentelemetry\opentelemetry-sdk-logs\1.10.1-alpha\opentelemetry-sdk-logs-1.10.1-alpha.jar;C:\Users\alwi\.m2\repository\io\opentelemetry\opentelemetry-sdk-common\1.10.1\opentelemetry-sdk-common-1.10.1.jar;C:\Users\alwi\.m2\repository\io\opentelemetry\opentelemetry-sdk-extension-autoconfigure-spi\1.10.1\opentelemetry-sdk-extension-autoconfigure-spi-1.10.1.jar;C:\Users\alwi\.m2\repository\io\opentelemetry\opentelemetry-sdk-extension-autoconfigure\1.10.1-alpha\opentelemetry-sdk-extension-autoconfigure-1.10.1-alpha.jar;C:\Users\alwi\.m2\repository\io\opentelemetry\opentelemetry-sdk-trace\1.10.1\opentelemetry-sdk-trace-1.10.1.jar;C:\Users\alwi\.m2\repository\io\opentelemetry\opentelemetry-sdk\1.10.1\opentelemetry-sdk-1.10.1.jar;C:\Users\alwi\.m2\repository\io\opentelemetry\opentelemetry-semconv\1.10.1-alpha\opentelemetry-semconv-1.10.1-alpha.jar;C:\Users\alwi\.m2\repository\io\ous\jtoml\2.0.0\jtoml-2.0.0.jar;C:\Users\alwi\.m2\repository\org\apache\commons\commons-exec\1.3\commons-exec-1.3.jar;C:\Users\alwi\.m2\repository\org\asynchttpclient\async-http-client\2.12.3\async-http-client-2.12.3.jar;C:\Users\alwi\.m2\repository\org\asynchttpclient\async-http-client-netty-utils\2.12.3\async-http-client-netty-utils-2.12.3.jar;C:\Users\alwi\.m2\repository\io\netty\netty-codec-socks\4.1.60.Final\netty-codec-socks-4.1.60.Final.jar;C:\Users\alwi\.m2\repository\io\netty\netty-handler-proxy\4.1.60.Final\netty-handler-proxy-4.1.60.Final.jar;C:\Users\alwi\.m2\repository\io\netty\netty-transport-native-epoll\4.1.60.Final\netty-transport-native-epoll-4.1.60.Final-linux-x86_64.jar;C:\Users\alwi\.m2\repository\io\netty\netty-transport-native-kqueue\4.1.60.Final\netty-transport-native-kqueue-4.1.60.Final-osx-x86_64.jar;C:\Users\alwi\.m2\repository\org\reactivestreams\reactive-streams\1.0.3\reactive-streams-1.0.3.jar;C:\Users\alwi\.m2\repository\com\typesafe\netty\netty-reactive-streams\2.0.4\netty-reactive-streams-2.0.4.jar;C:\Users\alwi\.m2\repository\org\seleniumhq\selenium\selenium-http\4.1.2\selenium-http-4.1.2.jar;C:\Users\alwi\.m2\repository\net\jodah\failsafe\2.4.4\failsafe-2.4.4.jar;C:\Users\alwi\.m2\repository\org\seleniumhq\selenium\selenium-safari-driver\4.1.2\selenium-safari-driver-4.1.2.jar;C:\Users\alwi\.m2\repository\org\seleniumhq\selenium\selenium-api\4.1.2\selenium-api-4.1.2.jar;C:\Users\alwi\.m2\repository\org\seleniumhq\selenium\selenium-support\4.1.2\selenium-support-4.1.2.jar;C:\Users\alwi\.m2\repository\com\google\auto\service\auto-service-annotations\1.0.1\auto-service-annotations-1.0.1.jar;C:\Users\alwi\.m2\repository\com\google\auto\service\auto-service\1.0.1\auto-service-1.0.1.jar;C:\Users\alwi\.m2\repository\com\google\auto\auto-common\1.2\auto-common-1.2.jar;C:\Users\alwi\.m2\repository\org\seleniumhq\selenium\selenium-json\4.1.2\selenium-json-4.1.2.jar;C:\Users\alwi\.m2\repository\org\seleniumhq\selenium\selenium-chrome-driver\4.1.2\selenium-chrome-driver-4.1.2.jar;C:\Users\alwi\.m2\repository\org\seleniumhq\selenium\selenium-chromium-driver\4.1.2\selenium-chromium-driver-4.1.2.jar;C:\Users\alwi\.m2\repository\org\seleniumhq\selenium\selenium-firefox-driver\4.1.2\selenium-firefox-driver-4.1.2.jar;C:\Users\alwi\.m2\repository\org\seleniumhq\selenium\selenium-edge-driver\4.1.2\selenium-edge-driver-4.1.2.jar;C:\Users\alwi\.m2\repository\org\seleniumhq\selenium\selenium-ie-driver\4.1.2\selenium-ie-driver-4.1.2.jar;C:\Users\alwi\.m2\repository\org\projectlombok\lombok\1.18.20\lombok-1.18.20.jar;C:\Users\alwi\.m2\repository\io\appium\java-client\8.0.0\java-client-8.0.0.jar;C:\Users\alwi\.m2\repository\commons-validator\commons-validator\1.7\commons-validator-1.7.jar;C:\Users\alwi\.m2\repository\commons-digester\commons-digester\2.1\commons-digester-2.1.jar;C:\Users\alwi\.m2\repository\org\aspectj\aspectjweaver\1.9.8\aspectjweaver-1.9.8.jar;C:\Users\alwi\.m2\repository\org\codehaus\groovy\groovy\3.0.10\groovy-3.0.10.jar;C:\Users\alwi\.m2\repository\net\sf\opencsv\opencsv\2.0\opencsv-2.0.jar;C:\Users\alwi\.m2\repository\commons-beanutils\commons-beanutils\1.9.4\commons-beanutils-1.9.4.jar;C:\Users\alwi\.m2\repository\org\apache\commons\commons-lang3\3.12.0\commons-lang3-3.12.0.jar;C:\Users\alwi\.m2\repository\commons-collections\commons-collections\3.2.2\commons-collections-3.2.2.jar;C:\Users\alwi\.m2\repository\org\fluentlenium\fluentlenium-core\0.10.2\fluentlenium-core-0.10.2.jar;C:\Users\alwi\.m2\repository\io\github\bonigarcia\webdrivermanager\5.1.0\webdrivermanager-5.1.0.jar;C:\Users\alwi\.m2\repository\com\github\docker-java\docker-java\3.2.13\docker-java-3.2.13.jar;C:\Users\alwi\.m2\repository\com\github\docker-java\docker-java-core\3.2.13\docker-java-core-3.2.13.jar;C:\Users\alwi\.m2\repository\com\github\docker-java\docker-java-api\3.2.13\docker-java-api-3.2.13.jar;C:\Users\alwi\.m2\repository\org\apache\commons\commons-compress\1.21\commons-compress-1.21.jar;C:\Users\alwi\.m2\repository\org\bouncycastle\bcpkix-jdk15on\1.64\bcpkix-jdk15on-1.64.jar;C:\Users\alwi\.m2\repository\org\bouncycastle\bcprov-jdk15on\1.64\bcprov-jdk15on-1.64.jar;C:\Users\alwi\.m2\repository\org\slf4j\jcl-over-slf4j\1.7.30\jcl-over-slf4j-1.7.30.jar;C:\Users\alwi\.m2\repository\com\github\docker-java\docker-java-transport-httpclient5\3.2.13\docker-java-transport-httpclient5-3.2.13.jar;C:\Users\alwi\.m2\repository\com\github\docker-java\docker-java-transport\3.2.13\docker-java-transport-3.2.13.jar;C:\Users\alwi\.m2\repository\org\apache\httpcomponents\client5\httpclient5\5.0.3\httpclient5-5.0.3.jar;C:\Users\alwi\.m2\repository\org\apache\httpcomponents\core5\httpcore5\5.0.2\httpcore5-5.0.2.jar;C:\Users\alwi\.m2\repository\net\java\dev\jna\jna\5.8.0\jna-5.8.0.jar;C:\Users\alwi\.m2\repository\org\brotli\dec\0.1.2\dec-0.1.2.jar;C:\Users\alwi\.m2\repository\com\jhlabs\filters\2.0.235\filters-2.0.235.jar;C:\Users\alwi\.m2\repository\com\paulhammant\ngwebdriver\1.1.6\ngwebdriver-1.1.6.jar;C:\Users\alwi\.m2\repository\joda-time\joda-time\2.8.2\joda-time-2.8.2.jar;C:\Users\alwi\.m2\repository\org\hamcrest\hamcrest\2.2\hamcrest-2.2.jar;C:\Users\alwi\.m2\repository\com\google\jimfs\jimfs\1.2\jimfs-1.2.jar;C:\Users\alwi\.m2\repository\org\mockito\mockito-core\3.3.3\mockito-core-3.3.3.jar;C:\Users\alwi\.m2\repository\javax\xml\bind\jaxb-api\2.3.1\jaxb-api-2.3.1.jar;C:\Users\alwi\.m2\repository\javax\activation\javax.activation-api\1.2.0\javax.activation-api-1.2.0.jar;C:\Users\alwi\.m2\repository\com\sun\xml\bind\jaxb-core\2.3.0.1\jaxb-core-2.3.0.1.jar;C:\Users\alwi\.m2\repository\com\sun\xml\bind\jaxb-impl\2.3.3\jaxb-impl-2.3.3.jar;C:\Users\alwi\.m2\repository\jakarta\xml\bind\jakarta.xml.bind-api\2.3.3\jakarta.xml.bind-api-2.3.3.jar;C:\Users\alwi\.m2\repository\com\sun\activation\jakarta.activation\1.2.2\jakarta.activation-1.2.2.jar;C:\Users\alwi\.m2\repository\javax\activation\activation\1.1.1\activation-1.1.1.jar;C:\Users\alwi\.m2\repository\net\serenity-bdd\serenity-cucumber\3.2.1\serenity-cucumber-3.2.1.jar;C:\Users\alwi\.m2\repository\io\cucumber\cucumber-core\7.2.3\cucumber-core-7.2.3.jar;C:\Users\alwi\.m2\repository\io\cucumber\cucumber-gherkin\7.2.3\cucumber-gherkin-7.2.3.jar;C:\Users\alwi\.m2\repository\io\cucumber\cucumber-gherkin-messages\7.2.3\cucumber-gherkin-messages-7.2.3.jar;C:\Users\alwi\.m2\repository\io\cucumber\messages\17.1.1\messages-17.1.1.jar;C:\Users\alwi\.m2\repository\io\cucumber\tag-expressions\4.1.0\tag-expressions-4.1.0.jar;C:\Users\alwi\.m2\repository\io\cucumber\cucumber-expressions\15.0.1\cucumber-expressions-15.0.1.jar;C:\Users\alwi\.m2\repository\io\cucumber\datatable\7.2.3\datatable-7.2.3.jar;C:\Users\alwi\.m2\repository\io\cucumber\cucumber-plugin\7.2.3\cucumber-plugin-7.2.3.jar;C:\Users\alwi\.m2\repository\io\cucumber\docstring\7.2.3\docstring-7.2.3.jar;C:\Users\alwi\.m2\repository\io\cucumber\html-formatter\17.0.0\html-formatter-17.0.0.jar;C:\Users\alwi\.m2\repository\io\cucumber\ci-environment\8.1.0\ci-environment-8.1.0.jar;C:\Users\alwi\.m2\repository\io\cucumber\cucumber-junit\7.2.3\cucumber-junit-7.2.3.jar;C:\Users\alwi\.m2\repository\org\apache\commons\commons-csv\1.5\commons-csv-1.5.jar;C:\Users\alwi\.m2\repository\net\serenity-bdd\serenity-screenplay\3.2.1\serenity-screenplay-3.2.1.jar;C:\Users\alwi\.m2\repository\net\serenity-bdd\serenity-screenplay-webdriver\3.2.1\serenity-screenplay-webdriver-3.2.1.jar;C:\Users\alwi\.m2\repository\net\serenity-bdd\serenity-ensure\3.2.1\serenity-ensure-3.2.1.jar;C:\Users\alwi\.m2\repository\net\serenity-bdd\serenity-junit\3.2.1\serenity-junit-3.2.1.jar;C:\Users\alwi\.m2\repository\org\jetbrains\kotlin\kotlin-stdlib\1.6.0\kotlin-stdlib-1.6.0.jar;C:\Users\alwi\.m2\repository\org\jetbrains\annotations\13.0\annotations-13.0.jar;C:\Users\alwi\.m2\repository\org\jetbrains\kotlin\kotlin-stdlib-common\1.6.0\kotlin-stdlib-common-1.6.0.jar;C:\Users\alwi\.m2\repository\org\junit\platform\junit-platform-launcher\1.8.1\junit-platform-launcher-1.8.1.jar;C:\Users\alwi\.m2\repository\org\junit\platform\junit-platform-engine\1.8.1\junit-platform-engine-1.8.1.jar;C:\Users\alwi\.m2\repository\org\opentest4j\opentest4j\1.2.0\opentest4j-1.2.0.jar;C:\Users\alwi\.m2\repository\org\junit\platform\junit-platform-commons\1.8.1\junit-platform-commons-1.8.1.jar;C:\Users\alwi\.m2\repository\org\apiguardian\apiguardian-api\1.1.2\apiguardian-api-1.1.2.jar;C:\Users\alwi\.m2\repository\org\junit\jupiter\junit-jupiter-engine\5.8.2\junit-jupiter-engine-5.8.2.jar;C:\Users\alwi\.m2\repository\org\junit\jupiter\junit-jupiter-api\5.8.2\junit-jupiter-api-5.8.2.jar;C:\Users\alwi\.m2\repository\org\junit\vintage\junit-vintage-engine\5.8.2\junit-vintage-engine-5.8.2.jar;C:\Users\alwi\.m2\repository\junit\junit\4.13.2\junit-4.13.2.jar;C:\Users\alwi\.m2\repository\org\hamcrest\hamcrest-core\1.3\hamcrest-core-1.3.jar;C:\Users\alwi\.m2\repository\ch\qos\logback\logback-classic\1.2.10\logback-classic-1.2.10.jar;C:\Users\alwi\.m2\repository\ch\qos\logback\logback-core\1.2.10\logback-core-1.2.10.jar;C:\Users\alwi\.m2\repository\org\slf4j\slf4j-api\1.7.32\slf4j-api-1.7.32.jar;C:\Users\alwi\.m2\repository\org\assertj\assertj-core\3.6.2\assertj-core-3.6.2.jar;"/>
    <property name="sun.cpu.endian" value="little"/>
    <property name="user.home" value="C:\Users\alwi"/>
    <property name="user.language" value="en"/>
    <property name="java.specification.vendor" value="Oracle Corporation"/>
    <property name="jdk.module.path" value="C:\Users\alwi\IdeaProjects\uniqloweb\target\uniqloweb-1.0-SNAPSHOT.jar"/>
    <property name="java.version.date" value="2020-01-14"/>
    <property name="java.home" value="C:\Program Files\Java\jdk-13.0.2"/>
    <property name="file.separator" value="\"/>
    <property name="basedir" value="C:\Users\alwi\IdeaProjects\uniqloweb"/>
    <property name="java.vm.compressedOopsMode" value="Zero based"/>
    <property name="line.separator" value="&#10;"/>
    <property name="java.vm.specification.vendor" value="Oracle Corporation"/>
    <property name="java.specification.name" value="Java Platform API Specification"/>
    <property name="surefire.real.class.path" value="C:\Users\alwi\.m2\repository\org\apache\maven\surefire\surefire-booter\3.0.0-M5\surefire-booter-3.0.0-M5.jar;C:\Users\alwi\.m2\repository\org\apache\maven\surefire\surefire-api\3.0.0-M5\surefire-api-3.0.0-M5.jar;C:\Users\alwi\.m2\repository\org\apache\maven\surefire\surefire-logger-api\3.0.0-M5\surefire-logger-api-3.0.0-M5.jar;C:\Users\alwi\.m2\repository\org\apache\maven\surefire\surefire-shared-utils\3.0.0-M4\surefire-shared-utils-3.0.0-M4.jar;C:\Users\alwi\.m2\repository\org\apache\maven\surefire\surefire-extensions-spi\3.0.0-M5\surefire-extensions-spi-3.0.0-M5.jar;C:\Users\alwi\IdeaProjects\uniqloweb\target\test-classes;C:\Users\alwi\.m2\repository\net\serenity-bdd\serenity-core\3.2.1\serenity-core-3.2.1.jar;C:\Users\alwi\.m2\repository\net\serenity-bdd\serenity-model\3.2.1\serenity-model-3.2.1.jar;C:\Users\alwi\.m2\repository\org\apache\commons\commons-text\1.9\commons-text-1.9.jar;C:\Users\alwi\.m2\repository\commons-net\commons-net\3.8.0\commons-net-3.8.0.jar;C:\Users\alwi\.m2\repository\com\google\guava\guava\31.1-jre\guava-31.1-jre.jar;C:\Users\alwi\.m2\repository\com\google\guava\failureaccess\1.0.1\failureaccess-1.0.1.jar;C:\Users\alwi\.m2\repository\com\google\guava\listenablefuture\9999.0-empty-to-avoid-conflict-with-guava\listenablefuture-9999.0-empty-to-avoid-conflict-with-guava.jar;C:\Users\alwi\.m2\repository\com\google\code\findbugs\jsr305\3.0.2\jsr305-3.0.2.jar;C:\Users\alwi\.m2\repository\org\checkerframework\checker-qual\3.12.0\checker-qual-3.12.0.jar;C:\Users\alwi\.m2\repository\com\google\errorprone\error_prone_annotations\2.11.0\error_prone_annotations-2.11.0.jar;C:\Users\alwi\.m2\repository\com\google\j2objc\j2objc-annotations\1.3\j2objc-annotations-1.3.jar;C:\Users\alwi\.m2\repository\com\google\inject\guice\5.1.0\guice-5.1.0.jar;C:\Users\alwi\.m2\repository\javax\inject\javax.inject\1\javax.inject-1.jar;C:\Users\alwi\.m2\repository\aopalliance\aopalliance\1.0\aopalliance-1.0.jar;C:\Users\alwi\.m2\repository\org\jsoup\jsoup\1.14.3\jsoup-1.14.3.jar;C:\Users\alwi\.m2\repository\com\thoughtworks\xstream\xstream\1.4.19\xstream-1.4.19.jar;C:\Users\alwi\.m2\repository\io\github\x-stream\mxparser\1.2.2\mxparser-1.2.2.jar;C:\Users\alwi\.m2\repository\xmlpull\xmlpull\1.1.3.1\xmlpull-1.1.3.1.jar;C:\Users\alwi\.m2\repository\io\cucumber\cucumber-java\7.2.3\cucumber-java-7.2.3.jar;C:\Users\alwi\.m2\repository\com\typesafe\config\1.4.2\config-1.4.2.jar;C:\Users\alwi\.m2\repository\org\imgscalr\imgscalr-lib\4.2\imgscalr-lib-4.2.jar;C:\Users\alwi\.m2\repository\org\awaitility\awaitility\4.2.0\awaitility-4.2.0.jar;C:\Users\alwi\.m2\repository\org\freemarker\freemarker\2.3.31\freemarker-2.3.31.jar;C:\Users\alwi\.m2\repository\io\github\classgraph\classgraph\4.8.138\classgraph-4.8.138.jar;C:\Users\alwi\.m2\repository\net\sourceforge\jexcelapi\jxl\2.6.12\jxl-2.6.12.jar;C:\Users\alwi\.m2\repository\net\bytebuddy\byte-buddy\1.12.8\byte-buddy-1.12.8.jar;C:\Users\alwi\.m2\repository\net\bytebuddy\byte-buddy-agent\1.12.8\byte-buddy-agent-1.12.8.jar;C:\Users\alwi\.m2\repository\org\objenesis\objenesis\3.1\objenesis-3.1.jar;C:\Users\alwi\.m2\repository\net\serenity-bdd\serenity-reports\3.2.1\serenity-reports-3.2.1.jar;C:\Users\alwi\.m2\repository\net\serenity-bdd\serenity-stats\3.2.1\serenity-stats-3.2.1.jar;C:\Users\alwi\.m2\repository\net\serenity-bdd\serenity-reports-configuration\3.2.1\serenity-reports-configuration-3.2.1.jar;C:\Users\alwi\.m2\repository\com\vladsch\flexmark\flexmark-all\0.34.30\flexmark-all-0.34.30.jar;C:\Users\alwi\.m2\repository\com\vladsch\flexmark\flexmark\0.34.30\flexmark-0.34.30.jar;C:\Users\alwi\.m2\repository\com\vladsch\flexmark\flexmark-ext-abbreviation\0.34.30\flexmark-ext-abbreviation-0.34.30.jar;C:\Users\alwi\.m2\repository\com\vladsch\flexmark\flexmark-ext-admonition\0.34.30\flexmark-ext-admonition-0.34.30.jar;C:\Users\alwi\.m2\repository\com\vladsch\flexmark\flexmark-ext-anchorlink\0.34.30\flexmark-ext-anchorlink-0.34.30.jar;C:\Users\alwi\.m2\repository\com\vladsch\flexmark\flexmark-ext-aside\0.34.30\flexmark-ext-aside-0.34.30.jar;C:\Users\alwi\.m2\repository\com\vladsch\flexmark\flexmark-ext-attributes\0.34.30\flexmark-ext-attributes-0.34.30.jar;C:\Users\alwi\.m2\repository\com\vladsch\flexmark\flexmark-ext-autolink\0.34.30\flexmark-ext-autolink-0.34.30.jar;C:\Users\alwi\.m2\repository\org\nibor\autolink\autolink\0.6.0\autolink-0.6.0.jar;C:\Users\alwi\.m2\repository\com\vladsch\flexmark\flexmark-ext-definition\0.34.30\flexmark-ext-definition-0.34.30.jar;C:\Users\alwi\.m2\repository\com\vladsch\flexmark\flexmark-ext-emoji\0.34.30\flexmark-ext-emoji-0.34.30.jar;C:\Users\alwi\.m2\repository\com\vladsch\flexmark\flexmark-ext-enumerated-reference\0.34.30\flexmark-ext-enumerated-reference-0.34.30.jar;C:\Users\alwi\.m2\repository\com\vladsch\flexmark\flexmark-ext-escaped-character\0.34.30\flexmark-ext-escaped-character-0.34.30.jar;C:\Users\alwi\.m2\repository\com\vladsch\flexmark\flexmark-ext-footnotes\0.34.30\flexmark-ext-footnotes-0.34.30.jar;C:\Users\alwi\.m2\repository\com\vladsch\flexmark\flexmark-ext-gfm-issues\0.34.30\flexmark-ext-gfm-issues-0.34.30.jar;C:\Users\alwi\.m2\repository\com\vladsch\flexmark\flexmark-ext-gfm-strikethrough\0.34.30\flexmark-ext-gfm-strikethrough-0.34.30.jar;C:\Users\alwi\.m2\repository\com\vladsch\flexmark\flexmark-ext-gfm-tables\0.34.30\flexmark-ext-gfm-tables-0.34.30.jar;C:\Users\alwi\.m2\repository\com\vladsch\flexmark\flexmark-ext-gfm-tasklist\0.34.30\flexmark-ext-gfm-tasklist-0.34.30.jar;C:\Users\alwi\.m2\repository\com\vladsch\flexmark\flexmark-ext-gfm-users\0.34.30\flexmark-ext-gfm-users-0.34.30.jar;C:\Users\alwi\.m2\repository\com\vladsch\flexmark\flexmark-ext-gitlab\0.34.30\flexmark-ext-gitlab-0.34.30.jar;C:\Users\alwi\.m2\repository\com\vladsch\flexmark\flexmark-ext-jekyll-front-matter\0.34.30\flexmark-ext-jekyll-front-matter-0.34.30.jar;C:\Users\alwi\.m2\repository\com\vladsch\flexmark\flexmark-ext-jekyll-tag\0.34.30\flexmark-ext-jekyll-tag-0.34.30.jar;C:\Users\alwi\.m2\repository\com\vladsch\flexmark\flexmark-ext-media-tags\0.34.30\flexmark-ext-media-tags-0.34.30.jar;C:\Users\alwi\.m2\repository\com\vladsch\flexmark\flexmark-test-util\0.34.30\flexmark-test-util-0.34.30.jar;C:\Users\alwi\.m2\repository\com\vladsch\flexmark\flexmark-ext-ins\0.34.30\flexmark-ext-ins-0.34.30.jar;C:\Users\alwi\.m2\repository\com\vladsch\flexmark\flexmark-ext-xwiki-macros\0.34.30\flexmark-ext-xwiki-macros-0.34.30.jar;C:\Users\alwi\.m2\repository\com\vladsch\flexmark\flexmark-ext-superscript\0.34.30\flexmark-ext-superscript-0.34.30.jar;C:\Users\alwi\.m2\repository\com\vladsch\flexmark\flexmark-ext-tables\0.34.30\flexmark-ext-tables-0.34.30.jar;C:\Users\alwi\.m2\repository\com\vladsch\flexmark\flexmark-ext-toc\0.34.30\flexmark-ext-toc-0.34.30.jar;C:\Users\alwi\.m2\repository\com\vladsch\flexmark\flexmark-ext-typographic\0.34.30\flexmark-ext-typographic-0.34.30.jar;C:\Users\alwi\.m2\repository\com\vladsch\flexmark\flexmark-ext-wikilink\0.34.30\flexmark-ext-wikilink-0.34.30.jar;C:\Users\alwi\.m2\repository\com\vladsch\flexmark\flexmark-ext-yaml-front-matter\0.34.30\flexmark-ext-yaml-front-matter-0.34.30.jar;C:\Users\alwi\.m2\repository\com\vladsch\flexmark\flexmark-ext-youtube-embedded\0.34.30\flexmark-ext-youtube-embedded-0.34.30.jar;C:\Users\alwi\.m2\repository\com\vladsch\flexmark\flexmark-formatter\0.34.30\flexmark-formatter-0.34.30.jar;C:\Users\alwi\.m2\repository\com\vladsch\flexmark\flexmark-html-parser\0.34.30\flexmark-html-parser-0.34.30.jar;C:\Users\alwi\.m2\repository\com\vladsch\flexmark\flexmark-jira-converter\0.34.30\flexmark-jira-converter-0.34.30.jar;C:\Users\alwi\.m2\repository\com\vladsch\flexmark\flexmark-pdf-converter\0.34.30\flexmark-pdf-converter-0.34.30.jar;C:\Users\alwi\.m2\repository\com\openhtmltopdf\openhtmltopdf-core\0.0.1-RC13\openhtmltopdf-core-0.0.1-RC13.jar;C:\Users\alwi\.m2\repository\com\openhtmltopdf\openhtmltopdf-pdfbox\0.0.1-RC13\openhtmltopdf-pdfbox-0.0.1-RC13.jar;C:\Users\alwi\.m2\repository\org\apache\pdfbox\pdfbox\2.0.8\pdfbox-2.0.8.jar;C:\Users\alwi\.m2\repository\org\apache\pdfbox\fontbox\2.0.8\fontbox-2.0.8.jar;C:\Users\alwi\.m2\repository\commons-logging\commons-logging\1.2\commons-logging-1.2.jar;C:\Users\alwi\.m2\repository\org\apache\pdfbox\xmpbox\2.0.8\xmpbox-2.0.8.jar;C:\Users\alwi\.m2\repository\de\rototor\pdfbox\graphics2d\0.12\graphics2d-0.12.jar;C:\Users\alwi\.m2\repository\com\openhtmltopdf\openhtmltopdf-rtl-support\0.0.1-RC13\openhtmltopdf-rtl-support-0.0.1-RC13.jar;C:\Users\alwi\.m2\repository\com\ibm\icu\icu4j\59.1\icu4j-59.1.jar;C:\Users\alwi\.m2\repository\com\openhtmltopdf\openhtmltopdf-jsoup-dom-converter\0.0.1-RC13\openhtmltopdf-jsoup-dom-converter-0.0.1-RC13.jar;C:\Users\alwi\.m2\repository\com\vladsch\flexmark\flexmark-profile-pegdown\0.34.30\flexmark-profile-pegdown-0.34.30.jar;C:\Users\alwi\.m2\repository\com\vladsch\flexmark\flexmark-util\0.34.30\flexmark-util-0.34.30.jar;C:\Users\alwi\.m2\repository\com\vladsch\flexmark\flexmark-youtrack-converter\0.34.30\flexmark-youtrack-converter-0.34.30.jar;C:\Users\alwi\.m2\repository\es\nitaur\markdown\txtmark\0.16\txtmark-0.16.jar;C:\Users\alwi\.m2\repository\net\serenity-bdd\serenity-report-resources\3.2.1\serenity-report-resources-3.2.1.jar;C:\Users\alwi\.m2\repository\com\google\code\gson\gson\2.9.0\gson-2.9.0.jar;C:\Users\alwi\.m2\repository\com\fasterxml\jackson\core\jackson-core\2.13.2\jackson-core-2.13.2.jar;C:\Users\alwi\.m2\repository\com\fasterxml\jackson\core\jackson-databind\2.13.2\jackson-databind-2.13.2.jar;C:\Users\alwi\.m2\repository\com\fasterxml\jackson\core\jackson-annotations\2.13.2\jackson-annotations-2.13.2.jar;C:\Users\alwi\.m2\repository\commons-codec\commons-codec\1.15\commons-codec-1.15.jar;C:\Users\alwi\.m2\repository\commons-io\commons-io\2.11.0\commons-io-2.11.0.jar;C:\Users\alwi\.m2\repository\org\seleniumhq\selenium\selenium-java\4.1.2\selenium-java-4.1.2.jar;C:\Users\alwi\.m2\repository\org\seleniumhq\selenium\selenium-devtools-v85\4.1.2\selenium-devtools-v85-4.1.2.jar;C:\Users\alwi\.m2\repository\org\seleniumhq\selenium\selenium-devtools-v95\4.1.2\selenium-devtools-v95-4.1.2.jar;C:\Users\alwi\.m2\repository\org\seleniumhq\selenium\selenium-devtools-v96\4.1.2\selenium-devtools-v96-4.1.2.jar;C:\Users\alwi\.m2\repository\org\seleniumhq\selenium\selenium-devtools-v97\4.1.2\selenium-devtools-v97-4.1.2.jar;C:\Users\alwi\.m2\repository\org\seleniumhq\selenium\selenium-firefox-xpi-driver\4.1.2\selenium-firefox-xpi-driver-4.1.2.jar;C:\Users\alwi\.m2\repository\org\seleniumhq\selenium\selenium-opera-driver\4.1.2\selenium-opera-driver-4.1.2.jar;C:\Users\alwi\.m2\repository\org\seleniumhq\selenium\selenium-remote-driver\4.1.2\selenium-remote-driver-4.1.2.jar;C:\Users\alwi\.m2\repository\com\beust\jcommander\1.82\jcommander-1.82.jar;C:\Users\alwi\.m2\repository\io\netty\netty-buffer\4.1.73.Final\netty-buffer-4.1.73.Final.jar;C:\Users\alwi\.m2\repository\io\netty\netty-codec-http\4.1.73.Final\netty-codec-http-4.1.73.Final.jar;C:\Users\alwi\.m2\repository\io\netty\netty-codec\4.1.73.Final\netty-codec-4.1.73.Final.jar;C:\Users\alwi\.m2\repository\io\netty\netty-handler\4.1.73.Final\netty-handler-4.1.73.Final.jar;C:\Users\alwi\.m2\repository\io\netty\netty-tcnative-classes\2.0.46.Final\netty-tcnative-classes-2.0.46.Final.jar;C:\Users\alwi\.m2\repository\io\netty\netty-common\4.1.73.Final\netty-common-4.1.73.Final.jar;C:\Users\alwi\.m2\repository\io\netty\netty-transport-classes-epoll\4.1.73.Final\netty-transport-classes-epoll-4.1.73.Final.jar;C:\Users\alwi\.m2\repository\io\netty\netty-transport-classes-kqueue\4.1.73.Final\netty-transport-classes-kqueue-4.1.73.Final.jar;C:\Users\alwi\.m2\repository\io\netty\netty-transport-native-epoll\4.1.73.Final\netty-transport-native-epoll-4.1.73.Final.jar;C:\Users\alwi\.m2\repository\io\netty\netty-transport-native-kqueue\4.1.73.Final\netty-transport-native-kqueue-4.1.73.Final.jar;C:\Users\alwi\.m2\repository\io\netty\netty-transport-native-unix-common\4.1.73.Final\netty-transport-native-unix-common-4.1.73.Final.jar;C:\Users\alwi\.m2\repository\io\netty\netty-transport\4.1.73.Final\netty-transport-4.1.73.Final.jar;C:\Users\alwi\.m2\repository\io\netty\netty-resolver\4.1.73.Final\netty-resolver-4.1.73.Final.jar;C:\Users\alwi\.m2\repository\io\opentelemetry\opentelemetry-api\1.10.1\opentelemetry-api-1.10.1.jar;C:\Users\alwi\.m2\repository\io\opentelemetry\opentelemetry-context\1.10.1\opentelemetry-context-1.10.1.jar;C:\Users\alwi\.m2\repository\io\opentelemetry\opentelemetry-exporter-logging\1.10.1\opentelemetry-exporter-logging-1.10.1.jar;C:\Users\alwi\.m2\repository\io\opentelemetry\opentelemetry-sdk-metrics\1.10.1-alpha\opentelemetry-sdk-metrics-1.10.1-alpha.jar;C:\Users\alwi\.m2\repository\io\opentelemetry\opentelemetry-sdk-logs\1.10.1-alpha\opentelemetry-sdk-logs-1.10.1-alpha.jar;C:\Users\alwi\.m2\repository\io\opentelemetry\opentelemetry-sdk-common\1.10.1\opentelemetry-sdk-common-1.10.1.jar;C:\Users\alwi\.m2\repository\io\opentelemetry\opentelemetry-sdk-extension-autoconfigure-spi\1.10.1\opentelemetry-sdk-extension-autoconfigure-spi-1.10.1.jar;C:\Users\alwi\.m2\repository\io\opentelemetry\opentelemetry-sdk-extension-autoconfigure\1.10.1-alpha\opentelemetry-sdk-extension-autoconfigure-1.10.1-alpha.jar;C:\Users\alwi\.m2\repository\io\opentelemetry\opentelemetry-sdk-trace\1.10.1\opentelemetry-sdk-trace-1.10.1.jar;C:\Users\alwi\.m2\repository\io\opentelemetry\opentelemetry-sdk\1.10.1\opentelemetry-sdk-1.10.1.jar;C:\Users\alwi\.m2\repository\io\opentelemetry\opentelemetry-semconv\1.10.1-alpha\opentelemetry-semconv-1.10.1-alpha.jar;C:\Users\alwi\.m2\repository\io\ous\jtoml\2.0.0\jtoml-2.0.0.jar;C:\Users\alwi\.m2\repository\org\apache\commons\commons-exec\1.3\commons-exec-1.3.jar;C:\Users\alwi\.m2\repository\org\asynchttpclient\async-http-client\2.12.3\async-http-client-2.12.3.jar;C:\Users\alwi\.m2\repository\org\asynchttpclient\async-http-client-netty-utils\2.12.3\async-http-client-netty-utils-2.12.3.jar;C:\Users\alwi\.m2\repository\io\netty\netty-codec-socks\4.1.60.Final\netty-codec-socks-4.1.60.Final.jar;C:\Users\alwi\.m2\repository\io\netty\netty-handler-proxy\4.1.60.Final\netty-handler-proxy-4.1.60.Final.jar;C:\Users\alwi\.m2\repository\io\netty\netty-transport-native-epoll\4.1.60.Final\netty-transport-native-epoll-4.1.60.Final-linux-x86_64.jar;C:\Users\alwi\.m2\repository\io\netty\netty-transport-native-kqueue\4.1.60.Final\netty-transport-native-kqueue-4.1.60.Final-osx-x86_64.jar;C:\Users\alwi\.m2\repository\org\reactivestreams\reactive-streams\1.0.3\reactive-streams-1.0.3.jar;C:\Users\alwi\.m2\repository\com\typesafe\netty\netty-reactive-streams\2.0.4\netty-reactive-streams-2.0.4.jar;C:\Users\alwi\.m2\repository\org\seleniumhq\selenium\selenium-http\4.1.2\selenium-http-4.1.2.jar;C:\Users\alwi\.m2\repository\net\jodah\failsafe\2.4.4\failsafe-2.4.4.jar;C:\Users\alwi\.m2\repository\org\seleniumhq\selenium\selenium-safari-driver\4.1.2\selenium-safari-driver-4.1.2.jar;C:\Users\alwi\.m2\repository\org\seleniumhq\selenium\selenium-api\4.1.2\selenium-api-4.1.2.jar;C:\Users\alwi\.m2\repository\org\seleniumhq\selenium\selenium-support\4.1.2\selenium-support-4.1.2.jar;C:\Users\alwi\.m2\repository\com\google\auto\service\auto-service-annotations\1.0.1\auto-service-annotations-1.0.1.jar;C:\Users\alwi\.m2\repository\com\google\auto\service\auto-service\1.0.1\auto-service-1.0.1.jar;C:\Users\alwi\.m2\repository\com\google\auto\auto-common\1.2\auto-common-1.2.jar;C:\Users\alwi\.m2\repository\org\seleniumhq\selenium\selenium-json\4.1.2\selenium-json-4.1.2.jar;C:\Users\alwi\.m2\repository\org\seleniumhq\selenium\selenium-chrome-driver\4.1.2\selenium-chrome-driver-4.1.2.jar;C:\Users\alwi\.m2\repository\org\seleniumhq\selenium\selenium-chromium-driver\4.1.2\selenium-chromium-driver-4.1.2.jar;C:\Users\alwi\.m2\repository\org\seleniumhq\selenium\selenium-firefox-driver\4.1.2\selenium-firefox-driver-4.1.2.jar;C:\Users\alwi\.m2\repository\org\seleniumhq\selenium\selenium-edge-driver\4.1.2\selenium-edge-driver-4.1.2.jar;C:\Users\alwi\.m2\repository\org\seleniumhq\selenium\selenium-ie-driver\4.1.2\selenium-ie-driver-4.1.2.jar;C:\Users\alwi\.m2\repository\org\projectlombok\lombok\1.18.20\lombok-1.18.20.jar;C:\Users\alwi\.m2\repository\io\appium\java-client\8.0.0\java-client-8.0.0.jar;C:\Users\alwi\.m2\repository\commons-validator\commons-validator\1.7\commons-validator-1.7.jar;C:\Users\alwi\.m2\repository\commons-digester\commons-digester\2.1\commons-digester-2.1.jar;C:\Users\alwi\.m2\repository\org\aspectj\aspectjweaver\1.9.8\aspectjweaver-1.9.8.jar;C:\Users\alwi\.m2\repository\org\codehaus\groovy\groovy\3.0.10\groovy-3.0.10.jar;C:\Users\alwi\.m2\repository\net\sf\opencsv\opencsv\2.0\opencsv-2.0.jar;C:\Users\alwi\.m2\repository\commons-beanutils\commons-beanutils\1.9.4\commons-beanutils-1.9.4.jar;C:\Users\alwi\.m2\repository\org\apache\commons\commons-lang3\3.12.0\commons-lang3-3.12.0.jar;C:\Users\alwi\.m2\repository\commons-collections\commons-collections\3.2.2\commons-collections-3.2.2.jar;C:\Users\alwi\.m2\repository\org\fluentlenium\fluentlenium-core\0.10.2\fluentlenium-core-0.10.2.jar;C:\Users\alwi\.m2\repository\io\github\bonigarcia\webdrivermanager\5.1.0\webdrivermanager-5.1.0.jar;C:\Users\alwi\.m2\repository\com\github\docker-java\docker-java\3.2.13\docker-java-3.2.13.jar;C:\Users\alwi\.m2\repository\com\github\docker-java\docker-java-core\3.2.13\docker-java-core-3.2.13.jar;C:\Users\alwi\.m2\repository\com\github\docker-java\docker-java-api\3.2.13\docker-java-api-3.2.13.jar;C:\Users\alwi\.m2\repository\org\apache\commons\commons-compress\1.21\commons-compress-1.21.jar;C:\Users\alwi\.m2\repository\org\bouncycastle\bcpkix-jdk15on\1.64\bcpkix-jdk15on-1.64.jar;C:\Users\alwi\.m2\repository\org\bouncycastle\bcprov-jdk15on\1.64\bcprov-jdk15on-1.64.jar;C:\Users\alwi\.m2\repository\org\slf4j\jcl-over-slf4j\1.7.30\jcl-over-slf4j-1.7.30.jar;C:\Users\alwi\.m2\repository\com\github\docker-java\docker-java-transport-httpclient5\3.2.13\docker-java-transport-httpclient5-3.2.13.jar;C:\Users\alwi\.m2\repository\com\github\docker-java\docker-java-transport\3.2.13\docker-java-transport-3.2.13.jar;C:\Users\alwi\.m2\repository\org\apache\httpcomponents\client5\httpclient5\5.0.3\httpclient5-5.0.3.jar;C:\Users\alwi\.m2\repository\org\apache\httpcomponents\core5\httpcore5\5.0.2\httpcore5-5.0.2.jar;C:\Users\alwi\.m2\repository\net\java\dev\jna\jna\5.8.0\jna-5.8.0.jar;C:\Users\alwi\.m2\repository\org\brotli\dec\0.1.2\dec-0.1.2.jar;C:\Users\alwi\.m2\repository\com\jhlabs\filters\2.0.235\filters-2.0.235.jar;C:\Users\alwi\.m2\repository\com\paulhammant\ngwebdriver\1.1.6\ngwebdriver-1.1.6.jar;C:\Users\alwi\.m2\repository\joda-time\joda-time\2.8.2\joda-time-2.8.2.jar;C:\Users\alwi\.m2\repository\org\hamcrest\hamcrest\2.2\hamcrest-2.2.jar;C:\Users\alwi\.m2\repository\com\google\jimfs\jimfs\1.2\jimfs-1.2.jar;C:\Users\alwi\.m2\repository\org\mockito\mockito-core\3.3.3\mockito-core-3.3.3.jar;C:\Users\alwi\.m2\repository\javax\xml\bind\jaxb-api\2.3.1\jaxb-api-2.3.1.jar;C:\Users\alwi\.m2\repository\javax\activation\javax.activation-api\1.2.0\javax.activation-api-1.2.0.jar;C:\Users\alwi\.m2\repository\com\sun\xml\bind\jaxb-core\2.3.0.1\jaxb-core-2.3.0.1.jar;C:\Users\alwi\.m2\repository\com\sun\xml\bind\jaxb-impl\2.3.3\jaxb-impl-2.3.3.jar;C:\Users\alwi\.m2\repository\jakarta\xml\bind\jakarta.xml.bind-api\2.3.3\jakarta.xml.bind-api-2.3.3.jar;C:\Users\alwi\.m2\repository\com\sun\activation\jakarta.activation\1.2.2\jakarta.activation-1.2.2.jar;C:\Users\alwi\.m2\repository\javax\activation\activation\1.1.1\activation-1.1.1.jar;C:\Users\alwi\.m2\repository\net\serenity-bdd\serenity-cucumber\3.2.1\serenity-cucumber-3.2.1.jar;C:\Users\alwi\.m2\repository\io\cucumber\cucumber-core\7.2.3\cucumber-core-7.2.3.jar;C:\Users\alwi\.m2\repository\io\cucumber\cucumber-gherkin\7.2.3\cucumber-gherkin-7.2.3.jar;C:\Users\alwi\.m2\repository\io\cucumber\cucumber-gherkin-messages\7.2.3\cucumber-gherkin-messages-7.2.3.jar;C:\Users\alwi\.m2\repository\io\cucumber\messages\17.1.1\messages-17.1.1.jar;C:\Users\alwi\.m2\repository\io\cucumber\tag-expressions\4.1.0\tag-expressions-4.1.0.jar;C:\Users\alwi\.m2\repository\io\cucumber\cucumber-expressions\15.0.1\cucumber-expressions-15.0.1.jar;C:\Users\alwi\.m2\repository\io\cucumber\datatable\7.2.3\datatable-7.2.3.jar;C:\Users\alwi\.m2\repository\io\cucumber\cucumber-plugin\7.2.3\cucumber-plugin-7.2.3.jar;C:\Users\alwi\.m2\repository\io\cucumber\docstring\7.2.3\docstring-7.2.3.jar;C:\Users\alwi\.m2\repository\io\cucumber\html-formatter\17.0.0\html-formatter-17.0.0.jar;C:\Users\alwi\.m2\repository\io\cucumber\ci-environment\8.1.0\ci-environment-8.1.0.jar;C:\Users\alwi\.m2\repository\io\cucumber\cucumber-junit\7.2.3\cucumber-junit-7.2.3.jar;C:\Users\alwi\.m2\repository\org\apache\commons\commons-csv\1.5\commons-csv-1.5.jar;C:\Users\alwi\.m2\repository\net\serenity-bdd\serenity-screenplay\3.2.1\serenity-screenplay-3.2.1.jar;C:\Users\alwi\.m2\repository\net\serenity-bdd\serenity-screenplay-webdriver\3.2.1\serenity-screenplay-webdriver-3.2.1.jar;C:\Users\alwi\.m2\repository\net\serenity-bdd\serenity-ensure\3.2.1\serenity-ensure-3.2.1.jar;C:\Users\alwi\.m2\repository\net\serenity-bdd\serenity-junit\3.2.1\serenity-junit-3.2.1.jar;C:\Users\alwi\.m2\repository\org\jetbrains\kotlin\kotlin-stdlib\1.6.0\kotlin-stdlib-1.6.0.jar;C:\Users\alwi\.m2\repository\org\jetbrains\annotations\13.0\annotations-13.0.jar;C:\Users\alwi\.m2\repository\org\jetbrains\kotlin\kotlin-stdlib-common\1.6.0\kotlin-stdlib-common-1.6.0.jar;C:\Users\alwi\.m2\repository\org\junit\platform\junit-platform-launcher\1.8.1\junit-platform-launcher-1.8.1.jar;C:\Users\alwi\.m2\repository\org\junit\platform\junit-platform-engine\1.8.1\junit-platform-engine-1.8.1.jar;C:\Users\alwi\.m2\repository\org\opentest4j\opentest4j\1.2.0\opentest4j-1.2.0.jar;C:\Users\alwi\.m2\repository\org\junit\platform\junit-platform-commons\1.8.1\junit-platform-commons-1.8.1.jar;C:\Users\alwi\.m2\repository\org\apiguardian\apiguardian-api\1.1.2\apiguardian-api-1.1.2.jar;C:\Users\alwi\.m2\repository\org\junit\jupiter\junit-jupiter-engine\5.8.2\junit-jupiter-engine-5.8.2.jar;C:\Users\alwi\.m2\repository\org\junit\jupiter\junit-jupiter-api\5.8.2\junit-jupiter-api-5.8.2.jar;C:\Users\alwi\.m2\repository\org\junit\vintage\junit-vintage-engine\5.8.2\junit-vintage-engine-5.8.2.jar;C:\Users\alwi\.m2\repository\junit\junit\4.13.2\junit-4.13.2.jar;C:\Users\alwi\.m2\repository\org\hamcrest\hamcrest-core\1.3\hamcrest-core-1.3.jar;C:\Users\alwi\.m2\repository\ch\qos\logback\logback-classic\1.2.10\logback-classic-1.2.10.jar;C:\Users\alwi\.m2\repository\ch\qos\logback\logback-core\1.2.10\logback-core-1.2.10.jar;C:\Users\alwi\.m2\repository\org\slf4j\slf4j-api\1.7.32\slf4j-api-1.7.32.jar;C:\Users\alwi\.m2\repository\org\assertj\assertj-core\3.6.2\assertj-core-3.6.2.jar;C:\Users\alwi\.m2\repository\org\apache\maven\surefire\surefire-junit-platform\3.0.0-M5\surefire-junit-platform-3.0.0-M5.jar;C:\Users\alwi\.m2\repository\org\apache\maven\surefire\common-java5\3.0.0-M5\common-java5-3.0.0-M5.jar"/>
    <property name="user.script" value=""/>
    <property name="java.protocol.handler.pkgs" value="com.google.common"/>
    <property name="sun.management.compiler" value="HotSpot 64-Bit Tiered Compilers"/>
    <property name="java.runtime.version" value="13.0.2+8"/>
    <property name="webdriver.edge.driver" value="C:\Users\alwi\.cache\selenium\msedgedriver\win64\111.0.1661.62\msedgedriver.exe"/>
    <property name="user.name" value="alwi"/>
    <property name="path.separator" value=";"/>
    <property name="os.version" value="10.0"/>
    <property name="java.runtime.name" value="Java(TM) SE Runtime Environment"/>
    <property name="file.encoding" value="Cp1252"/>
    <property name="webdriver.base.url" value=""/>
    <property name="java.vm.name" value="Java HotSpot(TM) 64-Bit Server VM"/>
    <property name="localRepository" value="C:\Users\alwi\.m2\repository"/>
    <property name="java.vendor.url.bug" value="https://bugreport.java.com/bugreport/"/>
    <property name="java.io.tmpdir" value="C:\Users\alwi\AppData\Local\Temp\"/>
    <property name="java.version" value="13.0.2"/>
    <property name="user.dir" value="C:\Users\alwi\IdeaProjects\uniqloweb"/>
    <property name="os.arch" value="amd64"/>
    <property name="java.vm.specification.name" value="Java Virtual Machine Specification"/>
    <property name="user.language.format" value="id"/>
    <property name="sun.os.patch.level" value=""/>
    <property name="java.library.path" value="C:\Program Files\Java\jdk-13.0.2\bin;C:\WINDOWS\Sun\Java\bin;C:\WINDOWS\system32;C:\WINDOWS;C:\Program Files (x86)\Common Files\Oracle\Java\javapath;C:\WINDOWS\system32;C:\WINDOWS;C:\WINDOWS\System32\Wbem;C:\WINDOWS\System32\WindowsPowerShell\v1.0\;C:\Program Files\Java\jdk-13.0.2\bin\;C:\Program Files\Go\bin;C:\WINDOWS\System32\OpenSSH\;C:\Program Files\Git\cmd;C:\Program Files\nodejs\;C:\Users\alwi\AppData\Local\Android\Sdk\platform-tools;C:\Users\alwi\AppData\Local\Android\Sdk\tools;C:\Users\alwi\AppData\Local\Microsoft\WindowsApps;C:\Users\alwi\AppData\Local\Programs\Microsoft VS Code\bin;C:\Users\alwi\go\bin;C:\Users\alwi\AppData\Local\GitHubDesktop\bin;C:\Program Files (x86)\apache-maven-3.8.6\bin;C:\Users\alwi\AppData\Roaming\npm;C:\adb;C:\Users\alwi\AppData\Local\Microsoft\WindowsApps;C:\Users\alwi\AppData\Local\Programs\Microsoft VS Code\bin;C:\Users\alwi\go\bin;C:\Program Files (x86)\apache-maven-3.8.6\bin;C:\Users\alwi\AppData\Roaming\npm;."/>
    <property name="java.vm.info" value="mixed mode"/>
    <property name="java.vendor" value="Oracle Corporation"/>
    <property name="java.vm.version" value="13.0.2+8"/>
    <property name="sun.io.unicode.encoding" value="UnicodeLittle"/>
    <property name="java.class.version" value="57.0"/>
  </properties>
  <testcase name="Go to baby page" classname="Baby" time="20.374">
    <system-out><![CDATA[23:10:08.416 [main] INFO io.cucumber.core.plugin.SerenityReporter - Running feature from file:///C:/Users/alwi/IdeaProjects/uniqloweb/src/test/resources/features/Baby.feature
23:10:08.585 [main] INFO  - 

-------------------------------------------------------------------------------------
     _______. _______ .______       _______ .__   __.  __  .___________.____    ____ 
    /       ||   ____||   _  \     |   ____||  \ |  | |  | |           |\   \  /   / 
   |   (----`|  |__   |  |_)  |    |  |__   |   \|  | |  | `---|  |----` \   \/   /  
    \   \    |   __|  |      /     |   __|  |  . `  | |  |     |  |       \_    _/   
.----)   |   |  |____ |  |\  \----.|  |____ |  |\   | |  |     |  |         |  |     
|_______/    |_______|| _| `._____||_______||__| \__| |__|     |__|         |__|    
                                                                                     
 News and tutorials at http://www.serenity-bdd.info                                  
 Documentation at https://wakaleo.gitbooks.io/the-serenity-book/content/             
 Join the Serenity Community on Gitter: https://gitter.im/serenity-bdd/serenity-core 
 Serenity BDD Support and Training at http://serenity-bdd.info/#/trainingandsupport  
-------------------------------------------------------------------------------------

23:10:08.588 [main] DEBUG net.thucydides.core.steps.StepEventBus - Test suite started for story net.thucydides.core.model.Story@749543e8
23:10:08.593 [main] INFO  - Test Suite Started: Baby
23:10:08.606 [main] INFO io.cucumber.core.plugin.SerenityReporter - Running feature from file:///C:/Users/alwi/IdeaProjects/uniqloweb/src/test/resources/features/Baby.feature
23:10:08.609 [main] DEBUG net.thucydides.core.steps.StepEventBus - Test suite started for story net.thucydides.core.model.Story@749543e8
23:10:08.610 [main] INFO  - Test Suite Started: Baby

Scenario: Go to baby page         &amp#27;[90m# src/test/resources/features/Baby.feature:6&amp#27;[0m
23:10:08.703 [main] INFO io.cucumber.core.plugin.SerenityReporter - Running feature from file:///C:/Users/alwi/IdeaProjects/uniqloweb/src/test/resources/features/Baby.feature
23:10:08.793 [main] INFO  - 
  _____   ___   ___   _____     ___   _____     _     ___   _____   ___   ___  
 |_   _| | __| / __| |_   _|   / __| |_   _|   /_\   | _ \ |_   _| | __| |   \ 
   | |   | _|  \__ \   | |     \__ \   | |    / _ \  |   /   | |   | _|  | |) |
   |_|   |___| |___/   |_|     |___/   |_|   /_/ \_\ |_|_\   |_|   |___| |___/ 

Go to baby page(baby;go-to-baby-page)
--------------------------------------------------------------------------------
23:10:10.256 [main] DEBUG io.github.bonigarcia.wdm.cache.ResolutionCache - Resolution edge=111 in cache (valid until 23:36:32 03/04/2023 WIB)
23:10:10.263 [main] DEBUG io.github.bonigarcia.wdm.cache.ResolutionCache - Resolution edge111=111.0.1661.62 in cache (valid until 12:22:00 04/04/2023 WIB)
23:10:10.267 [main] INFO io.github.bonigarcia.wdm.WebDriverManager - Using msedgedriver 111.0.1661.62 (resolved driver for Edge 111)
23:10:10.287 [main] DEBUG io.github.bonigarcia.wdm.WebDriverManager - Driver msedgedriver 111.0.1661.62 found in cache
23:10:10.289 [main] INFO io.github.bonigarcia.wdm.WebDriverManager - Exporting webdriver.edge.driver as C:\Users\alwi\.cache\selenium\msedgedriver\win64\111.0.1661.62\msedgedriver.exe
23:10:10.895 [main] DEBUG net.thucydides.core.reflection.ClassFinder - Could not load class .CucumberTestSuite
23:10:10.895 [main] DEBUG net.thucydides.core.reflection.ClassFinder - Could not load class .starter.pages.BabyPage
23:10:10.895 [main] DEBUG net.thucydides.core.reflection.ClassFinder - Could not load class .starter.stepdefinitions.BabyStep
23:10:10.896 [main] DEBUG net.thucydides.core.reflection.ClassFinder - Could not load class META-INF.versions.9.com.sun.istack.logging.StackHelper
23:10:10.896 [main] DEBUG net.thucydides.core.reflection.ClassFinder - Could not load class META-INF.versions.9.com.sun.xml.bind.v2.runtime.reflect.opt.AccessorInjector
23:10:10.897 [main] DEBUG net.thucydides.core.reflection.ClassFinder - Could not load class META-INF.versions.9.com.sun.xml.bind.v2.runtime.reflect.opt.Injector
23:10:10.897 [main] DEBUG net.thucydides.core.reflection.ClassFinder - Could not load class META-INF.versions.9.com.sun.xml.bind.v2.runtime.reflect.opt.OptimizedAccessorFactory
23:10:10.897 [main] DEBUG net.thucydides.core.reflection.ClassFinder - Could not load class META-INF.versions.9.com.sun.xml.bind.v2.runtime.reflect.opt.OptimizedTransducedAccessorFactory
23:10:10.898 [main] DEBUG net.thucydides.core.reflection.ClassFinder - Could not load class META-INF.versions.9.io.opentelemetry.sdk.internal.CurrentJavaVersionSpecific
23:10:10.898 [main] DEBUG net.thucydides.core.reflection.ClassFinder - Could not load class META-INF.versions.9.io.opentelemetry.sdk.internal.Java9VersionSpecific
23:10:10.898 [main] DEBUG net.thucydides.core.reflection.ClassFinder - Could not load class META-INF.versions.9.javax.xml.bind.ModuleUtil
23:10:10.899 [main] DEBUG net.thucydides.core.reflection.ClassFinder - Could not load class META-INF.versions.9.module-info
23:10:10.899 [main] DEBUG net.thucydides.core.reflection.ClassFinder - Could not load class META-INF.versions.9.org.junit.platform.commons.util.ModuleUtils
23:10:11.209 [main] DEBUG net.thucydides.core.reflection.ClassFinder - Could not load class com.google.gson.internal.
23:10:11.378 [main] DEBUG net.thucydides.core.reflection.ClassFinder - Could not load class com.sun.xml.bind.v2.runtime.output.FastInfosetStreamWriterOutput
23:10:11.790 [main] DEBUG net.thucydides.core.reflection.ClassFinder - Could not load class module-info
23:10:14.474 [main] DEBUG io.netty.util.internal.logging.InternalLoggerFactory - Using SLF4J as the default logging framework
23:10:14.477 [main] DEBUG io.netty.util.ResourceLeakDetector - -Dio.netty.leakDetection.level: simple
23:10:14.477 [main] DEBUG io.netty.util.ResourceLeakDetector - -Dio.netty.leakDetection.targetRecords: 4
23:10:14.481 [main] DEBUG io.netty.util.ResourceLeakDetectorFactory - Loaded default ResourceLeakDetector: io.netty.util.ResourceLeakDetector@54a0ada1
23:10:14.498 [main] DEBUG io.netty.util.internal.PlatformDependent0 - -Dio.netty.noUnsafe: false
23:10:14.498 [main] DEBUG io.netty.util.internal.PlatformDependent0 - Java version: 13
23:10:14.499 [main] DEBUG io.netty.util.internal.PlatformDependent0 - sun.misc.Unsafe.theUnsafe: available
23:10:14.499 [main] DEBUG io.netty.util.internal.PlatformDependent0 - sun.misc.Unsafe.copyMemory: available
23:10:14.500 [main] DEBUG io.netty.util.internal.PlatformDependent0 - java.nio.Buffer.address: available
23:10:14.500 [main] DEBUG io.netty.util.internal.PlatformDependent0 - direct buffer constructor: unavailable: Reflective setAccessible(true) disabled
23:10:14.501 [main] DEBUG io.netty.util.internal.PlatformDependent0 - java.nio.Bits.unaligned: available, true
23:10:14.502 [main] DEBUG io.netty.util.internal.PlatformDependent0 - jdk.internal.misc.Unsafe.allocateUninitializedArray(int): unavailable: class io.netty.util.internal.PlatformDependent0$6 cannot access class jdk.internal.misc.Unsafe (in module java.base) because module java.base does not export jdk.internal.misc to unnamed module @26b894bd
23:10:14.503 [main] DEBUG io.netty.util.internal.PlatformDependent0 - java.nio.DirectByteBuffer.<init>(long, int): unavailable
23:10:14.503 [main] DEBUG io.netty.util.internal.PlatformDependent - sun.misc.Unsafe: available
23:10:14.505 [main] DEBUG io.netty.util.internal.PlatformDependent - maxDirectMemory: 4288675840 bytes (maybe)
23:10:14.505 [main] DEBUG io.netty.util.internal.PlatformDependent - -Dio.netty.tmpdir: C:\Users\alwi\AppData\Local\Temp (java.io.tmpdir)
23:10:14.505 [main] DEBUG io.netty.util.internal.PlatformDependent - -Dio.netty.bitMode: 64 (sun.arch.data.model)
23:10:14.505 [main] DEBUG io.netty.util.internal.PlatformDependent - Platform: Windows
23:10:14.506 [main] DEBUG io.netty.util.internal.PlatformDependent - -Dio.netty.maxDirectMemory: -1 bytes
23:10:14.506 [main] DEBUG io.netty.util.internal.PlatformDependent - -Dio.netty.uninitializedArrayAllocationThreshold: -1
23:10:14.507 [main] DEBUG io.netty.util.internal.CleanerJava9 - java.nio.ByteBuffer.cleaner(): available
23:10:14.507 [main] DEBUG io.netty.util.internal.PlatformDependent - -Dio.netty.noPreferDirect: false
23:10:14.515 [main] DEBUG io.netty.util.internal.PlatformDependent - org.jctools-core.MpscChunkedArrayQueue: available
23:10:14.533 [main] DEBUG io.netty.util.internal.InternalThreadLocalMap - -Dio.netty.threadLocalMap.stringBuilder.initialSize: 1024
23:10:14.533 [main] DEBUG io.netty.util.internal.InternalThreadLocalMap - -Dio.netty.threadLocalMap.stringBuilder.maxSize: 4096
23:10:14.567 [main] DEBUG io.netty.handler.ssl.JdkSslContext - Default protocols (JDK): [TLSv1.3, TLSv1.2, TLSv1.1, TLSv1] 
23:10:14.567 [main] DEBUG io.netty.handler.ssl.JdkSslContext - Default cipher suites (JDK): [TLS_ECDHE_ECDSA_WITH_AES_256_GCM_SHA384, TLS_ECDHE_ECDSA_WITH_AES_128_GCM_SHA256, TLS_ECDHE_RSA_WITH_AES_128_GCM_SHA256, TLS_ECDHE_RSA_WITH_AES_256_GCM_SHA384, TLS_ECDHE_RSA_WITH_AES_128_CBC_SHA, TLS_ECDHE_RSA_WITH_AES_256_CBC_SHA, TLS_RSA_WITH_AES_128_GCM_SHA256, TLS_RSA_WITH_AES_128_CBC_SHA, TLS_RSA_WITH_AES_256_CBC_SHA, TLS_AES_128_GCM_SHA256, TLS_AES_256_GCM_SHA384]
23:10:14.594 [main] DEBUG io.netty.channel.MultithreadEventLoopGroup - -Dio.netty.eventLoopThreads: 16
23:10:14.603 [main] DEBUG io.netty.channel.nio.NioEventLoop - -Dio.netty.noKeySetOptimization: false
23:10:14.603 [main] DEBUG io.netty.channel.nio.NioEventLoop - -Dio.netty.selectorAutoRebuildThreshold: 512
23:10:14.950 [main] DEBUG io.netty.buffer.PooledByteBufAllocator - -Dio.netty.allocator.numHeapArenas: 16
23:10:14.950 [main] DEBUG io.netty.buffer.PooledByteBufAllocator - -Dio.netty.allocator.numDirectArenas: 16
23:10:14.950 [main] DEBUG io.netty.buffer.PooledByteBufAllocator - -Dio.netty.allocator.pageSize: 8192
23:10:14.950 [main] DEBUG io.netty.buffer.PooledByteBufAllocator - -Dio.netty.allocator.maxOrder: 11
23:10:14.950 [main] DEBUG io.netty.buffer.PooledByteBufAllocator - -Dio.netty.allocator.chunkSize: 16777216
23:10:14.950 [main] DEBUG io.netty.buffer.PooledByteBufAllocator - -Dio.netty.allocator.smallCacheSize: 256
23:10:14.950 [main] DEBUG io.netty.buffer.PooledByteBufAllocator - -Dio.netty.allocator.normalCacheSize: 64
23:10:14.950 [main] DEBUG io.netty.buffer.PooledByteBufAllocator - -Dio.netty.allocator.maxCachedBufferCapacity: 32768
23:10:14.950 [main] DEBUG io.netty.buffer.PooledByteBufAllocator - -Dio.netty.allocator.cacheTrimInterval: 8192
23:10:14.951 [main] DEBUG io.netty.buffer.PooledByteBufAllocator - -Dio.netty.allocator.cacheTrimIntervalMillis: 0
23:10:14.951 [main] DEBUG io.netty.buffer.PooledByteBufAllocator - -Dio.netty.allocator.useCacheForAllThreads: true
23:10:14.951 [main] DEBUG io.netty.buffer.PooledByteBufAllocator - -Dio.netty.allocator.maxCachedByteBuffersPerChunk: 1023
23:10:14.961 [main] DEBUG io.netty.buffer.ByteBufUtil - -Dio.netty.allocator.type: pooled
23:10:14.961 [main] DEBUG io.netty.buffer.ByteBufUtil - -Dio.netty.threadLocalDirectBufferSize: 0
23:10:14.961 [main] DEBUG io.netty.buffer.ByteBufUtil - -Dio.netty.maxThreadLocalCharBufferSize: 16384
23:10:15.042 [main] DEBUG net.serenitybdd.core.webdriver.driverproviders.ProvideNewDriver - Instantiating driver
23:10:15.043 [main] DEBUG net.serenitybdd.core.webdriver.driverproviders.ProvideNewDriver - Driver capabilities: Capabilities {base.url: https://www.uniqlo.com, chrome.driver: src/test/resources/webdrive..., driver: edge, ms:edgeChromium: true, ms:edgeOptions: {}, wait.for.timeout: 6000}
23:10:15.714 [Forwarding newSession on session null to remote] DEBUG io.netty.channel.DefaultChannelId - -Dio.netty.processId: 1716 (auto-detected)
23:10:15.716 [Forwarding newSession on session null to remote] DEBUG io.netty.util.NetUtil - -Djava.net.preferIPv4Stack: false
23:10:15.716 [Forwarding newSession on session null to remote] DEBUG io.netty.util.NetUtil - -Djava.net.preferIPv6Addresses: false
23:10:16.024 [Forwarding newSession on session null to remote] DEBUG io.netty.util.NetUtilInitializations - Loopback interface: lo (Software Loopback Interface 1, 127.0.0.1)
23:10:16.025 [Forwarding newSession on session null to remote] DEBUG io.netty.util.NetUtil - Failed to get SOMAXCONN from sysctl and file \proc\sys\net\core\somaxconn. Default: 200
23:10:16.355 [Forwarding newSession on session null to remote] DEBUG io.netty.channel.DefaultChannelId - -Dio.netty.machineId: 50:3e:aa:ff:fe:ef:df:ab (auto-detected)
23:10:16.401 [AsyncHttpClient-1-2] DEBUG io.netty.buffer.AbstractByteBuf - -Dio.netty.buffer.checkAccessible: true
23:10:16.401 [AsyncHttpClient-1-2] DEBUG io.netty.buffer.AbstractByteBuf - -Dio.netty.buffer.checkBounds: true
23:10:16.401 [AsyncHttpClient-1-2] DEBUG io.netty.util.ResourceLeakDetectorFactory - Loaded default ResourceLeakDetector: io.netty.util.ResourceLeakDetector@4b276e6
23:10:16.426 [AsyncHttpClient-1-2] DEBUG org.asynchttpclient.netty.channel.NettyConnectListener - Using new Channel '[id: 0xdda4fac6, L:/127.0.0.1:61328 - R:localhost/127.0.0.1:63422]' for 'POST' to '/session'
23:10:16.444 [AsyncHttpClient-1-2] DEBUG io.netty.util.Recycler - -Dio.netty.recycler.maxCapacityPerThread: 4096
23:10:16.444 [AsyncHttpClient-1-2] DEBUG io.netty.util.Recycler - -Dio.netty.recycler.ratio: 8
23:10:16.444 [AsyncHttpClient-1-2] DEBUG io.netty.util.Recycler - -Dio.netty.recycler.chunkSize: 32
23:10:16.444 [AsyncHttpClient-1-2] DEBUG io.netty.util.Recycler - -Dio.netty.recycler.blocking: false
23:10:17.058 [AsyncHttpClient-1-2] DEBUG io.netty.handler.codec.compression.Brotli - brotli4j not in the classpath; Brotli support will be unavailable.
23:10:17.058 [AsyncHttpClient-1-2] DEBUG org.asynchttpclient.netty.handler.HttpHandler - 

Request DefaultHttpRequest(decodeResult: success, version: HTTP/1.1)
POST /session HTTP/1.1
User-Agent: selenium/4.1.2 (java windows)
Content-Length: 627
Content-Type: application/json; charset=utf-8
host: localhost:63422
accept: */*

Response DefaultHttpResponse(decodeResult: success, version: HTTP/1.1)
HTTP/1.1 200 OK
Content-Type: application/json; charset=utf-8
cache-control: no-cache
content-length: 823

23:10:17.070 [AsyncHttpClient-1-2] DEBUG org.asynchttpclient.netty.channel.ChannelManager - Adding key: http://localhost:63422 for channel [id: 0xdda4fac6, L:/127.0.0.1:61328 - R:localhost/127.0.0.1:63422]
23:10:17.142 [AsyncHttpClient-1-3] DEBUG org.asynchttpclient.netty.channel.NettyConnectListener - Using new Channel '[id: 0xc1225904, L:/127.0.0.1:61335 - R:localhost/127.0.0.1:61329]' for 'GET' to '/json/version'
23:10:17.148 [AsyncHttpClient-1-3] DEBUG org.asynchttpclient.netty.handler.HttpHandler - 

Request DefaultFullHttpRequest(decodeResult: success, version: HTTP/1.1, content: EmptyByteBufBE)
GET /json/version HTTP/1.1
User-Agent: selenium/4.1.2 (java windows)
host: localhost:61329
accept: */*

Response DefaultHttpResponse(decodeResult: success, version: HTTP/1.1)
HTTP/1.1 200 OK
Content-Security-Policy: frame-ancestors 'none'
Content-Type: application/json; charset=UTF-8
content-length: 436

23:10:17.148 [AsyncHttpClient-1-3] DEBUG org.asynchttpclient.netty.channel.ChannelManager - Adding key: http://localhost:61329 for channel [id: 0xc1225904, L:/127.0.0.1:61335 - R:localhost/127.0.0.1:61329]
23:10:17.156 [main] DEBUG io.netty.util.internal.ThreadLocalRandom - -Dio.netty.initialSeedUniquifier: 0x04d865028ed89819
23:10:17.162 [AsyncHttpClient-1-4] DEBUG org.asynchttpclient.netty.channel.NettyConnectListener - Using new Channel '[id: 0x41d0317f, L:/127.0.0.1:61336 - R:localhost/127.0.0.1:61329]' for 'GET' to '/devtools/browser/7df7d75c-76e9-497c-ae1f-cffae5579079'
23:10:17.168 [AsyncHttpClient-1-4] DEBUG org.asynchttpclient.netty.handler.WebSocketHandler - 

Request DefaultFullHttpRequest(decodeResult: success, version: HTTP/1.1, content: EmptyByteBufBE)
GET /devtools/browser/7df7d75c-76e9-497c-ae1f-cffae5579079 HTTP/1.1
upgrade: websocket
connection: upgrade
sec-websocket-key: bqTFJR2vRJ8WewtbB2rTnw==
sec-websocket-version: 13
origin: http://localhost:61329
host: localhost:61329
accept: */*
user-agent: AHC/2.1

Response DefaultHttpResponse(decodeResult: success, version: HTTP/1.1)
HTTP/1.1 101 WebSocket Protocol Handshake
Upgrade: WebSocket
Connection: Upgrade
Sec-WebSocket-Accept: EYc/PKJB0eQOFJ74U4vtCq4yB5g=

23:10:17.821 [AsyncHttpClient-1-1] DEBUG org.asynchttpclient.netty.channel.DefaultChannelPool - Entry count for : http://localhost:63422 : 1
23:10:17.821 [AsyncHttpClient-1-1] DEBUG org.asynchttpclient.netty.channel.DefaultChannelPool - Entry count for : http://localhost:61329 : 1
23:10:18.035 [main] DEBUG net.thucydides.core.reflection.ClassFinder - Could not load class .CucumberTestSuite
23:10:18.035 [main] DEBUG net.thucydides.core.reflection.ClassFinder - Could not load class .starter.pages.BabyPage
23:10:18.035 [main] DEBUG net.thucydides.core.reflection.ClassFinder - Could not load class .starter.stepdefinitions.BabyStep
23:10:18.035 [main] DEBUG net.thucydides.core.reflection.ClassFinder - Could not load class META-INF.versions.9.com.sun.istack.logging.StackHelper
23:10:18.036 [main] DEBUG net.thucydides.core.reflection.ClassFinder - Could not load class META-INF.versions.9.com.sun.xml.bind.v2.runtime.reflect.opt.AccessorInjector
23:10:18.036 [main] DEBUG net.thucydides.core.reflection.ClassFinder - Could not load class META-INF.versions.9.com.sun.xml.bind.v2.runtime.reflect.opt.Injector
23:10:18.036 [main] DEBUG net.thucydides.core.reflection.ClassFinder - Could not load class META-INF.versions.9.com.sun.xml.bind.v2.runtime.reflect.opt.OptimizedAccessorFactory
23:10:18.036 [main] DEBUG net.thucydides.core.reflection.ClassFinder - Could not load class META-INF.versions.9.com.sun.xml.bind.v2.runtime.reflect.opt.OptimizedTransducedAccessorFactory
23:10:18.037 [main] DEBUG net.thucydides.core.reflection.ClassFinder - Could not load class META-INF.versions.9.io.opentelemetry.sdk.internal.CurrentJavaVersionSpecific
23:10:18.037 [main] DEBUG net.thucydides.core.reflection.ClassFinder - Could not load class META-INF.versions.9.io.opentelemetry.sdk.internal.Java9VersionSpecific
23:10:18.037 [main] DEBUG net.thucydides.core.reflection.ClassFinder - Could not load class META-INF.versions.9.javax.xml.bind.ModuleUtil
23:10:18.038 [main] DEBUG net.thucydides.core.reflection.ClassFinder - Could not load class META-INF.versions.9.module-info
23:10:18.038 [main] DEBUG net.thucydides.core.reflection.ClassFinder - Could not load class META-INF.versions.9.org.junit.platform.commons.util.ModuleUtils
23:10:18.040 [main] DEBUG net.thucydides.core.reflection.ClassFinder - Could not load class com.google.gson.internal.
23:10:18.041 [main] DEBUG net.thucydides.core.reflection.ClassFinder - Could not load class com.sun.xml.bind.v2.runtime.output.FastInfosetStreamWriterOutput
23:10:18.044 [main] DEBUG net.thucydides.core.reflection.ClassFinder - Could not load class module-info
23:10:18.066 [Forwarding get on session 911f7231302d98f39a56b23cb56f7729 to remote] DEBUG org.asynchttpclient.netty.request.NettyRequestSender - Using pooled Channel '[id: 0xdda4fac6, L:/127.0.0.1:61328 - R:localhost/127.0.0.1:63422]' for 'POST' to 'http://localhost:63422/session/911f7231302d98f39a56b23cb56f7729/url'
23:10:18.066 [Forwarding get on session 911f7231302d98f39a56b23cb56f7729 to remote] DEBUG org.asynchttpclient.netty.request.NettyRequestSender - Using open Channel [id: 0xdda4fac6, L:/127.0.0.1:61328 - R:localhost/127.0.0.1:63422] for POST '/session/911f7231302d98f39a56b23cb56f7729/url'
23:10:18.924 [AsyncHttpClient-1-1] DEBUG org.asynchttpclient.netty.channel.DefaultChannelPool - Entry count for : http://localhost:61329 : 1
23:10:20.019 [AsyncHttpClient-1-1] DEBUG org.asynchttpclient.netty.channel.DefaultChannelPool - Entry count for : http://localhost:61329 : 1
23:10:21.120 [AsyncHttpClient-1-1] DEBUG org.asynchttpclient.netty.channel.DefaultChannelPool - Entry count for : http://localhost:61329 : 1
23:10:22.226 [AsyncHttpClient-1-1] DEBUG org.asynchttpclient.netty.channel.DefaultChannelPool - Entry count for : http://localhost:61329 : 1
23:10:23.319 [AsyncHttpClient-1-1] DEBUG org.asynchttpclient.netty.channel.DefaultChannelPool - Entry count for : http://localhost:61329 : 1
23:10:24.427 [AsyncHttpClient-1-1] DEBUG org.asynchttpclient.netty.channel.DefaultChannelPool - Entry count for : http://localhost:61329 : 1
23:10:25.520 [AsyncHttpClient-1-1] DEBUG org.asynchttpclient.netty.channel.DefaultChannelPool - Entry count for : http://localhost:61329 : 1
23:10:26.144 [AsyncHttpClient-1-2] DEBUG org.asynchttpclient.netty.handler.HttpHandler - 

Request DefaultHttpRequest(decodeResult: success, version: HTTP/1.1)
POST /session/911f7231302d98f39a56b23cb56f7729/url HTTP/1.1
User-Agent: selenium/4.1.2 (java windows)
Content-Length: 53
Content-Type: application/json; charset=utf-8
host: localhost:63422
accept: */*

Response DefaultHttpResponse(decodeResult: success, version: HTTP/1.1)
HTTP/1.1 200 OK
Content-Type: application/json; charset=utf-8
cache-control: no-cache
content-length: 14

23:10:26.145 [AsyncHttpClient-1-2] DEBUG org.asynchttpclient.netty.channel.ChannelManager - Adding key: http://localhost:63422 for channel [id: 0xdda4fac6, L:/127.0.0.1:61328 - R:localhost/127.0.0.1:63422]
23:10:26.152 [Forwarding setTimeout on session 911f7231302d98f39a56b23cb56f7729 to remote] DEBUG org.asynchttpclient.netty.request.NettyRequestSender - Using pooled Channel '[id: 0xdda4fac6, L:/127.0.0.1:61328 - R:localhost/127.0.0.1:63422]' for 'POST' to 'http://localhost:63422/session/911f7231302d98f39a56b23cb56f7729/timeouts'
23:10:26.152 [Forwarding setTimeout on session 911f7231302d98f39a56b23cb56f7729 to remote] DEBUG org.asynchttpclient.netty.request.NettyRequestSender - Using open Channel [id: 0xdda4fac6, L:/127.0.0.1:61328 - R:localhost/127.0.0.1:63422] for POST '/session/911f7231302d98f39a56b23cb56f7729/timeouts'
23:10:26.154 [AsyncHttpClient-1-2] DEBUG org.asynchttpclient.netty.handler.HttpHandler - 

Request DefaultHttpRequest(decodeResult: success, version: HTTP/1.1)
POST /session/911f7231302d98f39a56b23cb56f7729/timeouts HTTP/1.1
User-Agent: selenium/4.1.2 (java windows)
Content-Length: 22
Content-Type: application/json; charset=utf-8
host: localhost:63422
accept: */*

Response DefaultHttpResponse(decodeResult: success, version: HTTP/1.1)
HTTP/1.1 200 OK
Content-Type: application/json; charset=utf-8
cache-control: no-cache
content-length: 14

23:10:26.155 [AsyncHttpClient-1-2] DEBUG org.asynchttpclient.netty.channel.ChannelManager - Adding key: http://localhost:63422 for channel [id: 0xdda4fac6, L:/127.0.0.1:61328 - R:localhost/127.0.0.1:63422]
23:10:26.161 [Forwarding getCurrentUrl on session 911f7231302d98f39a56b23cb56f7729 to remote] DEBUG org.asynchttpclient.netty.request.NettyRequestSender - Using pooled Channel '[id: 0xdda4fac6, L:/127.0.0.1:61328 - R:localhost/127.0.0.1:63422]' for 'GET' to 'http://localhost:63422/session/911f7231302d98f39a56b23cb56f7729/url'
23:10:26.161 [Forwarding getCurrentUrl on session 911f7231302d98f39a56b23cb56f7729 to remote] DEBUG org.asynchttpclient.netty.request.NettyRequestSender - Using open Channel [id: 0xdda4fac6, L:/127.0.0.1:61328 - R:localhost/127.0.0.1:63422] for GET '/session/911f7231302d98f39a56b23cb56f7729/url'
23:10:26.167 [AsyncHttpClient-1-2] DEBUG org.asynchttpclient.netty.handler.HttpHandler - 

Request DefaultFullHttpRequest(decodeResult: success, version: HTTP/1.1, content: EmptyByteBufBE)
GET /session/911f7231302d98f39a56b23cb56f7729/url HTTP/1.1
User-Agent: selenium/4.1.2 (java windows)
Cache-Control: no-cache
Content-Type: application/json; charset=utf-8
host: localhost:63422
accept: */*

Response DefaultHttpResponse(decodeResult: success, version: HTTP/1.1)
HTTP/1.1 200 OK
Content-Type: application/json; charset=utf-8
cache-control: no-cache
content-length: 41

23:10:26.167 [AsyncHttpClient-1-2] DEBUG org.asynchttpclient.netty.channel.ChannelManager - Adding key: http://localhost:63422 for channel [id: 0xdda4fac6, L:/127.0.0.1:61328 - R:localhost/127.0.0.1:63422]
  &amp#27;[32mGiven &amp#27;[0m&amp#27;[32mI am on the home page&amp#27;[0m     &amp#27;[90m# starter.stepdefinitions.BabyStep.iAmOnTheHomePage()&amp#27;[0m
23:10:26.189 [main] DEBUG net.serenitybdd.core.photography.Darkroom - Opening darkroom
23:10:26.189 [Darkroom Processing Line] DEBUG net.serenitybdd.core.photography.DarkroomProcessingLine - Darkroom processing line starting up
23:10:26.190 [Forwarding screenshot on session 911f7231302d98f39a56b23cb56f7729 to remote] DEBUG org.asynchttpclient.netty.request.NettyRequestSender - Using pooled Channel '[id: 0xdda4fac6, L:/127.0.0.1:61328 - R:localhost/127.0.0.1:63422]' for 'GET' to 'http://localhost:63422/session/911f7231302d98f39a56b23cb56f7729/screenshot'
23:10:26.190 [Forwarding screenshot on session 911f7231302d98f39a56b23cb56f7729 to remote] DEBUG org.asynchttpclient.netty.request.NettyRequestSender - Using open Channel [id: 0xdda4fac6, L:/127.0.0.1:61328 - R:localhost/127.0.0.1:63422] for GET '/session/911f7231302d98f39a56b23cb56f7729/screenshot'
23:10:26.541 [AsyncHttpClient-1-2] DEBUG org.asynchttpclient.netty.handler.HttpHandler - 

Request DefaultFullHttpRequest(decodeResult: success, version: HTTP/1.1, content: EmptyByteBufBE)
GET /session/911f7231302d98f39a56b23cb56f7729/screenshot HTTP/1.1
User-Agent: selenium/4.1.2 (java windows)
Cache-Control: no-cache
Content-Type: application/json; charset=utf-8
host: localhost:63422
accept: */*

Response DefaultHttpResponse(decodeResult: success, version: HTTP/1.1)
HTTP/1.1 200 OK
Content-Type: application/json; charset=utf-8
cache-control: no-cache
content-length: 1119968

23:10:26.550 [AsyncHttpClient-1-2] DEBUG org.asynchttpclient.netty.channel.ChannelManager - Adding key: http://localhost:63422 for channel [id: 0xdda4fac6, L:/127.0.0.1:61328 - R:localhost/127.0.0.1:63422]
23:10:26.620 [AsyncHttpClient-1-1] DEBUG org.asynchttpclient.netty.channel.DefaultChannelPool - Entry count for : http://localhost:63422 : 1
23:10:26.620 [AsyncHttpClient-1-1] DEBUG org.asynchttpclient.netty.channel.DefaultChannelPool - Entry count for : http://localhost:61329 : 1
23:10:26.654 [main] DEBUG net.serenitybdd.core.photography.Darkroom - Send negative for processing for target\site\serenity\3d1b19ad31921c0beae4332facd941fcc81467ad5802877977ec6c100df601ce.png
23:10:26.655 [Darkroom Processing Line] DEBUG net.serenitybdd.core.photography.DarkroomProcessingLine - Processing screenshot image in /var/screenshots/screenshot-10349020451239829553
23:10:26.655 [Darkroom Processing Line] DEBUG net.serenitybdd.core.photography.DarkroomProcessingLine - Saving screenshot to target\site\serenity\3d1b19ad31921c0beae4332facd941fcc81467ad5802877977ec6c100df601ce.png
23:10:26.672 [Forwarding findElement on session 911f7231302d98f39a56b23cb56f7729 to remote] DEBUG org.asynchttpclient.netty.request.NettyRequestSender - Using pooled Channel '[id: 0xdda4fac6, L:/127.0.0.1:61328 - R:localhost/127.0.0.1:63422]' for 'POST' to 'http://localhost:63422/session/911f7231302d98f39a56b23cb56f7729/element'
23:10:26.672 [Forwarding findElement on session 911f7231302d98f39a56b23cb56f7729 to remote] DEBUG org.asynchttpclient.netty.request.NettyRequestSender - Using open Channel [id: 0xdda4fac6, L:/127.0.0.1:61328 - R:localhost/127.0.0.1:63422] for POST '/session/911f7231302d98f39a56b23cb56f7729/element'
23:10:26.684 [AsyncHttpClient-1-2] DEBUG org.asynchttpclient.netty.handler.HttpHandler - 

Request DefaultHttpRequest(decodeResult: success, version: HTTP/1.1)
POST /session/911f7231302d98f39a56b23cb56f7729/element HTTP/1.1
User-Agent: selenium/4.1.2 (java windows)
Content-Length: 81
Content-Type: application/json; charset=utf-8
host: localhost:63422
accept: */*

Response DefaultHttpResponse(decodeResult: success, version: HTTP/1.1)
HTTP/1.1 200 OK
Content-Type: application/json; charset=utf-8
cache-control: no-cache
content-length: 88

23:10:26.684 [AsyncHttpClient-1-2] DEBUG org.asynchttpclient.netty.channel.ChannelManager - Adding key: http://localhost:63422 for channel [id: 0xdda4fac6, L:/127.0.0.1:61328 - R:localhost/127.0.0.1:63422]
23:10:26.687 [Forwarding getElementTagName on session 911f7231302d98f39a56b23cb56f7729 to remote] DEBUG org.asynchttpclient.netty.request.NettyRequestSender - Using pooled Channel '[id: 0xdda4fac6, L:/127.0.0.1:61328 - R:localhost/127.0.0.1:63422]' for 'GET' to 'http://localhost:63422/session/911f7231302d98f39a56b23cb56f7729/element/990fe3f6-fa8f-4e2c-87ae-54af49407b93/name'
23:10:26.687 [Forwarding getElementTagName on session 911f7231302d98f39a56b23cb56f7729 to remote] DEBUG org.asynchttpclient.netty.request.NettyRequestSender - Using open Channel [id: 0xdda4fac6, L:/127.0.0.1:61328 - R:localhost/127.0.0.1:63422] for GET '/session/911f7231302d98f39a56b23cb56f7729/element/990fe3f6-fa8f-4e2c-87ae-54af49407b93/name'
23:10:26.691 [AsyncHttpClient-1-2] DEBUG org.asynchttpclient.netty.handler.HttpHandler - 

Request DefaultFullHttpRequest(decodeResult: success, version: HTTP/1.1, content: EmptyByteBufBE)
GET /session/911f7231302d98f39a56b23cb56f7729/element/990fe3f6-fa8f-4e2c-87ae-54af49407b93/name HTTP/1.1
User-Agent: selenium/4.1.2 (java windows)
Cache-Control: no-cache
Content-Type: application/json; charset=utf-8
host: localhost:63422
accept: */*

Response DefaultHttpResponse(decodeResult: success, version: HTTP/1.1)
HTTP/1.1 200 OK
Content-Type: application/json; charset=utf-8
cache-control: no-cache
content-length: 16

23:10:26.691 [AsyncHttpClient-1-2] DEBUG org.asynchttpclient.netty.channel.ChannelManager - Adding key: http://localhost:63422 for channel [id: 0xdda4fac6, L:/127.0.0.1:61328 - R:localhost/127.0.0.1:63422]
23:10:26.693 [Forwarding getElementTagName on session 911f7231302d98f39a56b23cb56f7729 to remote] DEBUG org.asynchttpclient.netty.request.NettyRequestSender - Using pooled Channel '[id: 0xdda4fac6, L:/127.0.0.1:61328 - R:localhost/127.0.0.1:63422]' for 'GET' to 'http://localhost:63422/session/911f7231302d98f39a56b23cb56f7729/element/990fe3f6-fa8f-4e2c-87ae-54af49407b93/name'
23:10:26.693 [Forwarding getElementTagName on session 911f7231302d98f39a56b23cb56f7729 to remote] DEBUG org.asynchttpclient.netty.request.NettyRequestSender - Using open Channel [id: 0xdda4fac6, L:/127.0.0.1:61328 - R:localhost/127.0.0.1:63422] for GET '/session/911f7231302d98f39a56b23cb56f7729/element/990fe3f6-fa8f-4e2c-87ae-54af49407b93/name'
23:10:26.697 [AsyncHttpClient-1-2] DEBUG org.asynchttpclient.netty.handler.HttpHandler - 

Request DefaultFullHttpRequest(decodeResult: success, version: HTTP/1.1, content: EmptyByteBufBE)
GET /session/911f7231302d98f39a56b23cb56f7729/element/990fe3f6-fa8f-4e2c-87ae-54af49407b93/name HTTP/1.1
User-Agent: selenium/4.1.2 (java windows)
Cache-Control: no-cache
Content-Type: application/json; charset=utf-8
host: localhost:63422
accept: */*

Response DefaultHttpResponse(decodeResult: success, version: HTTP/1.1)
HTTP/1.1 200 OK
Content-Type: application/json; charset=utf-8
cache-control: no-cache
content-length: 16

23:10:26.697 [AsyncHttpClient-1-2] DEBUG org.asynchttpclient.netty.channel.ChannelManager - Adding key: http://localhost:63422 for channel [id: 0xdda4fac6, L:/127.0.0.1:61328 - R:localhost/127.0.0.1:63422]
23:10:26.699 [Forwarding findElement on session 911f7231302d98f39a56b23cb56f7729 to remote] DEBUG org.asynchttpclient.netty.request.NettyRequestSender - Using pooled Channel '[id: 0xdda4fac6, L:/127.0.0.1:61328 - R:localhost/127.0.0.1:63422]' for 'POST' to 'http://localhost:63422/session/911f7231302d98f39a56b23cb56f7729/element'
23:10:26.699 [Forwarding findElement on session 911f7231302d98f39a56b23cb56f7729 to remote] DEBUG org.asynchttpclient.netty.request.NettyRequestSender - Using open Channel [id: 0xdda4fac6, L:/127.0.0.1:61328 - R:localhost/127.0.0.1:63422] for POST '/session/911f7231302d98f39a56b23cb56f7729/element'
23:10:26.707 [AsyncHttpClient-1-2] DEBUG org.asynchttpclient.netty.handler.HttpHandler - 

Request DefaultHttpRequest(decodeResult: success, version: HTTP/1.1)
POST /session/911f7231302d98f39a56b23cb56f7729/element HTTP/1.1
User-Agent: selenium/4.1.2 (java windows)
Content-Length: 81
Content-Type: application/json; charset=utf-8
host: localhost:63422
accept: */*

Response DefaultHttpResponse(decodeResult: success, version: HTTP/1.1)
HTTP/1.1 200 OK
Content-Type: application/json; charset=utf-8
cache-control: no-cache
content-length: 88

23:10:26.707 [AsyncHttpClient-1-2] DEBUG org.asynchttpclient.netty.channel.ChannelManager - Adding key: http://localhost:63422 for channel [id: 0xdda4fac6, L:/127.0.0.1:61328 - R:localhost/127.0.0.1:63422]
23:10:26.707 [Forwarding clickElement on session 911f7231302d98f39a56b23cb56f7729 to remote] DEBUG org.asynchttpclient.netty.request.NettyRequestSender - Using pooled Channel '[id: 0xdda4fac6, L:/127.0.0.1:61328 - R:localhost/127.0.0.1:63422]' for 'POST' to 'http://localhost:63422/session/911f7231302d98f39a56b23cb56f7729/element/990fe3f6-fa8f-4e2c-87ae-54af49407b93/click'
23:10:26.707 [Forwarding clickElement on session 911f7231302d98f39a56b23cb56f7729 to remote] DEBUG org.asynchttpclient.netty.request.NettyRequestSender - Using open Channel [id: 0xdda4fac6, L:/127.0.0.1:61328 - R:localhost/127.0.0.1:63422] for POST '/session/911f7231302d98f39a56b23cb56f7729/element/990fe3f6-fa8f-4e2c-87ae-54af49407b93/click'
23:10:27.130 [AsyncHttpClient-1-2] DEBUG org.asynchttpclient.netty.handler.HttpHandler - 

Request DefaultHttpRequest(decodeResult: success, version: HTTP/1.1)
POST /session/911f7231302d98f39a56b23cb56f7729/element/990fe3f6-fa8f-4e2c-87ae-54af49407b93/click HTTP/1.1
User-Agent: selenium/4.1.2 (java windows)
Content-Length: 50
Content-Type: application/json; charset=utf-8
host: localhost:63422
accept: */*

Response DefaultHttpResponse(decodeResult: success, version: HTTP/1.1)
HTTP/1.1 200 OK
Content-Type: application/json; charset=utf-8
cache-control: no-cache
content-length: 14

23:10:27.130 [AsyncHttpClient-1-2] DEBUG org.asynchttpclient.netty.channel.ChannelManager - Adding key: http://localhost:63422 for channel [id: 0xdda4fac6, L:/127.0.0.1:61328 - R:localhost/127.0.0.1:63422]
  &amp#27;[32mThen &amp#27;[0m&amp#27;[32mI click baby on the header&amp#27;[0m &amp#27;[90m# starter.stepdefinitions.BabyStep.iClickBabyOnTheHeader()&amp#27;[0m
23:10:27.145 [Forwarding screenshot on session 911f7231302d98f39a56b23cb56f7729 to remote] DEBUG org.asynchttpclient.netty.request.NettyRequestSender - Using pooled Channel '[id: 0xdda4fac6, L:/127.0.0.1:61328 - R:localhost/127.0.0.1:63422]' for 'GET' to 'http://localhost:63422/session/911f7231302d98f39a56b23cb56f7729/screenshot'
23:10:27.145 [Forwarding screenshot on session 911f7231302d98f39a56b23cb56f7729 to remote] DEBUG org.asynchttpclient.netty.request.NettyRequestSender - Using open Channel [id: 0xdda4fac6, L:/127.0.0.1:61328 - R:localhost/127.0.0.1:63422] for GET '/session/911f7231302d98f39a56b23cb56f7729/screenshot'
23:10:27.727 [AsyncHttpClient-1-1] DEBUG org.asynchttpclient.netty.channel.DefaultChannelPool - Entry count for : http://localhost:61329 : 1
23:10:27.894 [AsyncHttpClient-1-2] DEBUG org.asynchttpclient.netty.handler.HttpHandler - 

Request DefaultFullHttpRequest(decodeResult: success, version: HTTP/1.1, content: EmptyByteBufBE)
GET /session/911f7231302d98f39a56b23cb56f7729/screenshot HTTP/1.1
User-Agent: selenium/4.1.2 (java windows)
Cache-Control: no-cache
Content-Type: application/json; charset=utf-8
host: localhost:63422
accept: */*

Response DefaultHttpResponse(decodeResult: success, version: HTTP/1.1)
HTTP/1.1 200 OK
Content-Type: application/json; charset=utf-8
cache-control: no-cache
content-length: 62408

23:10:27.895 [AsyncHttpClient-1-2] DEBUG org.asynchttpclient.netty.channel.ChannelManager - Adding key: http://localhost:63422 for channel [id: 0xdda4fac6, L:/127.0.0.1:61328 - R:localhost/127.0.0.1:63422]
23:10:27.899 [main] DEBUG net.serenitybdd.core.photography.Darkroom - Send negative for processing for target\site\serenity\878fb3e3da79b7690d11da31f94003b13878e16284860a9b7be8930cdbb5fd84.png
23:10:27.899 [Darkroom Processing Line] DEBUG net.serenitybdd.core.photography.DarkroomProcessingLine - Processing screenshot image in /var/screenshots/screenshot-7179253915776253001
23:10:27.899 [Darkroom Processing Line] DEBUG net.serenitybdd.core.photography.DarkroomProcessingLine - Saving screenshot to target\site\serenity\878fb3e3da79b7690d11da31f94003b13878e16284860a9b7be8930cdbb5fd84.png
23:10:27.911 [Forwarding findElement on session 911f7231302d98f39a56b23cb56f7729 to remote] DEBUG org.asynchttpclient.netty.request.NettyRequestSender - Using pooled Channel '[id: 0xdda4fac6, L:/127.0.0.1:61328 - R:localhost/127.0.0.1:63422]' for 'POST' to 'http://localhost:63422/session/911f7231302d98f39a56b23cb56f7729/element'
23:10:27.912 [Forwarding findElement on session 911f7231302d98f39a56b23cb56f7729 to remote] DEBUG org.asynchttpclient.netty.request.NettyRequestSender - Using open Channel [id: 0xdda4fac6, L:/127.0.0.1:61328 - R:localhost/127.0.0.1:63422] for POST '/session/911f7231302d98f39a56b23cb56f7729/element'
23:10:27.930 [AsyncHttpClient-1-2] DEBUG org.asynchttpclient.netty.handler.HttpHandler - 

Request DefaultHttpRequest(decodeResult: success, version: HTTP/1.1)
POST /session/911f7231302d98f39a56b23cb56f7729/element HTTP/1.1
User-Agent: selenium/4.1.2 (java windows)
Content-Length: 81
Content-Type: application/json; charset=utf-8
host: localhost:63422
accept: */*

Response DefaultHttpResponse(decodeResult: success, version: HTTP/1.1)
HTTP/1.1 200 OK
Content-Type: application/json; charset=utf-8
cache-control: no-cache
content-length: 88

23:10:27.930 [AsyncHttpClient-1-2] DEBUG org.asynchttpclient.netty.channel.ChannelManager - Adding key: http://localhost:63422 for channel [id: 0xdda4fac6, L:/127.0.0.1:61328 - R:localhost/127.0.0.1:63422]
23:10:27.938 [Forwarding isElementDisplayed on session 911f7231302d98f39a56b23cb56f7729 to remote] DEBUG org.asynchttpclient.netty.request.NettyRequestSender - Using pooled Channel '[id: 0xdda4fac6, L:/127.0.0.1:61328 - R:localhost/127.0.0.1:63422]' for 'POST' to 'http://localhost:63422/session/911f7231302d98f39a56b23cb56f7729/execute/sync'
23:10:27.938 [Forwarding isElementDisplayed on session 911f7231302d98f39a56b23cb56f7729 to remote] DEBUG org.asynchttpclient.netty.request.NettyRequestSender - Using open Channel [id: 0xdda4fac6, L:/127.0.0.1:61328 - R:localhost/127.0.0.1:63422] for POST '/session/911f7231302d98f39a56b23cb56f7729/execute/sync'
23:10:27.950 [AsyncHttpClient-1-2] DEBUG org.asynchttpclient.netty.handler.HttpHandler - 

Request DefaultHttpRequest(decodeResult: success, version: HTTP/1.1)
POST /session/911f7231302d98f39a56b23cb56f7729/execute/sync HTTP/1.1
User-Agent: selenium/4.1.2 (java windows)
Content-Length: 48780
Content-Type: application/json; charset=utf-8
host: localhost:63422
accept: */*

Response DefaultHttpResponse(decodeResult: success, version: HTTP/1.1)
HTTP/1.1 200 OK
Content-Type: application/json; charset=utf-8
cache-control: no-cache
content-length: 14

23:10:27.950 [AsyncHttpClient-1-2] DEBUG org.asynchttpclient.netty.channel.ChannelManager - Adding key: http://localhost:63422 for channel [id: 0xdda4fac6, L:/127.0.0.1:61328 - R:localhost/127.0.0.1:63422]
  &amp#27;[32mWhen &amp#27;[0m&amp#27;[32mI will go to baby page&amp#27;[0m     &amp#27;[90m# starter.stepdefinitions.BabyStep.iWillGoToBabyPage()&amp#27;[0m
23:10:27.956 [Forwarding screenshot on session 911f7231302d98f39a56b23cb56f7729 to remote] DEBUG org.asynchttpclient.netty.request.NettyRequestSender - Using pooled Channel '[id: 0xdda4fac6, L:/127.0.0.1:61328 - R:localhost/127.0.0.1:63422]' for 'GET' to 'http://localhost:63422/session/911f7231302d98f39a56b23cb56f7729/screenshot'
23:10:27.956 [Forwarding screenshot on session 911f7231302d98f39a56b23cb56f7729 to remote] DEBUG org.asynchttpclient.netty.request.NettyRequestSender - Using open Channel [id: 0xdda4fac6, L:/127.0.0.1:61328 - R:localhost/127.0.0.1:63422] for GET '/session/911f7231302d98f39a56b23cb56f7729/screenshot'
23:10:28.032 [AsyncHttpClient-1-2] DEBUG org.asynchttpclient.netty.handler.HttpHandler - 

Request DefaultFullHttpRequest(decodeResult: success, version: HTTP/1.1, content: EmptyByteBufBE)
GET /session/911f7231302d98f39a56b23cb56f7729/screenshot HTTP/1.1
User-Agent: selenium/4.1.2 (java windows)
Cache-Control: no-cache
Content-Type: application/json; charset=utf-8
host: localhost:63422
accept: */*

Response DefaultHttpResponse(decodeResult: success, version: HTTP/1.1)
HTTP/1.1 200 OK
Content-Type: application/json; charset=utf-8
cache-control: no-cache
content-length: 62380

23:10:28.033 [AsyncHttpClient-1-2] DEBUG org.asynchttpclient.netty.channel.ChannelManager - Adding key: http://localhost:63422 for channel [id: 0xdda4fac6, L:/127.0.0.1:61328 - R:localhost/127.0.0.1:63422]
23:10:28.038 [main] DEBUG net.serenitybdd.core.photography.Darkroom - Send negative for processing for target\site\serenity\91cfd468a5192e46857c98a681316ea597b5ae94d863b4bdbe0950b3f7500200.png
23:10:28.038 [Darkroom Processing Line] DEBUG net.serenitybdd.core.photography.DarkroomProcessingLine - Processing screenshot image in /var/screenshots/screenshot-1963020840024397142
23:10:28.038 [Darkroom Processing Line] DEBUG net.serenitybdd.core.photography.DarkroomProcessingLine - Saving screenshot to target\site\serenity\91cfd468a5192e46857c98a681316ea597b5ae94d863b4bdbe0950b3f7500200.png
23:10:28.042 [main] INFO  - 
  _____   ___   ___   _____     ___     _     ___   ___   ___   ___  
 |_   _| | __| / __| |_   _|   | _ \   /_\   / __| / __| | __| |   \ 
   | |   | _|  \__ \   | |     |  _/  / _ \  \__ \ \__ \ | _|  | |) |
   |_|   |___| |___/   |_|     |_|   /_/ \_\ |___/ |___/ |___| |___/ 

Go to baby page
----------------------------------------------------------------------
23:10:28.143 [Driver Command Executor] DEBUG org.asynchttpclient.netty.request.NettyRequestSender - Using pooled Channel '[id: 0xdda4fac6, L:/127.0.0.1:61328 - R:localhost/127.0.0.1:63422]' for 'DELETE' to 'http://localhost:63422/session/911f7231302d98f39a56b23cb56f7729'
23:10:28.144 [Driver Command Executor] DEBUG org.asynchttpclient.netty.request.NettyRequestSender - Using open Channel [id: 0xdda4fac6, L:/127.0.0.1:61328 - R:localhost/127.0.0.1:63422] for DELETE '/session/911f7231302d98f39a56b23cb56f7729'
23:10:28.145 [AsyncHttpClient-1-4] DEBUG org.asynchttpclient.netty.handler.WebSocketHandler - Channel Closed: [id: 0x41d0317f, L:/127.0.0.1:61336 ! R:localhost/127.0.0.1:61329] with attribute NettyResponseFuture{currentRetry=5,
	isDone=1,
	isCancelled=0,
	asyncHandler=org.asynchttpclient.ws.WebSocketUpgradeHandler@5b0f14e3,
	nettyRequest=org.asynchttpclient.netty.request.NettyRequest@292a90a0,
	future=java.util.concurrent.CompletableFuture@d1d2cc5[Completed normally],
	uri=ws://localhost:61329/devtools/browser/7df7d75c-76e9-497c-ae1f-cffae5579079,
	keepAlive=true,
	redirectCount=0,
	timeoutsHolder=null,
	inAuth=0,
	touch=1680538217184}
23:10:28.145 [AsyncHttpClient-1-4] DEBUG org.asynchttpclient.netty.channel.ChannelManager - Closing Channel [id: 0x41d0317f, L:/127.0.0.1:61336 ! R:localhost/127.0.0.1:61329] 
23:10:28.176 [AsyncHttpClient-1-3] DEBUG org.asynchttpclient.netty.handler.HttpHandler - Unexpected I/O exception on channel [id: 0xc1225904, L:/127.0.0.1:61335 - R:localhost/127.0.0.1:61329]
java.net.SocketException: Connection reset
	at java.base/sun.nio.ch.SocketChannelImpl.throwConnectionReset(SocketChannelImpl.java:345)
	at java.base/sun.nio.ch.SocketChannelImpl.read(SocketChannelImpl.java:376)
	at io.netty.buffer.PooledByteBuf.setBytes(PooledByteBuf.java:258)
	at io.netty.buffer.AbstractByteBuf.writeBytes(AbstractByteBuf.java:1132)
	at io.netty.channel.socket.nio.NioSocketChannel.doReadBytes(NioSocketChannel.java:350)
	at io.netty.channel.nio.AbstractNioByteChannel$NioByteUnsafe.read(AbstractNioByteChannel.java:151)
	at io.netty.channel.nio.NioEventLoop.processSelectedKey(NioEventLoop.java:722)
	at io.netty.channel.nio.NioEventLoop.processSelectedKeysOptimized(NioEventLoop.java:658)
	at io.netty.channel.nio.NioEventLoop.processSelectedKeys(NioEventLoop.java:584)
	at io.netty.channel.nio.NioEventLoop.run(NioEventLoop.java:496)
	at io.netty.util.concurrent.SingleThreadEventExecutor$4.run(SingleThreadEventExecutor.java:986)
	at io.netty.util.internal.ThreadExecutorMap$2.run(ThreadExecutorMap.java:74)
	at io.netty.util.concurrent.FastThreadLocalRunnable.run(FastThreadLocalRunnable.java:30)
	at java.base/java.lang.Thread.run(Thread.java:830)
23:10:28.176 [AsyncHttpClient-1-3] DEBUG org.asynchttpclient.netty.channel.ChannelManager - Closing Channel [id: 0xc1225904, L:/127.0.0.1:61335 - R:localhost/127.0.0.1:61329] 
23:10:28.176 [AsyncHttpClient-1-3] DEBUG org.asynchttpclient.netty.handler.HttpHandler - Channel Closed: [id: 0xc1225904, L:/127.0.0.1:61335 ! R:localhost/127.0.0.1:61329] with attribute DISCARD
23:10:28.191 [AsyncHttpClient-1-2] DEBUG org.asynchttpclient.netty.handler.HttpHandler - 

Request DefaultFullHttpRequest(decodeResult: success, version: HTTP/1.1, content: EmptyByteBufBE)
DELETE /session/911f7231302d98f39a56b23cb56f7729 HTTP/1.1
User-Agent: selenium/4.1.2 (java windows)
Content-Type: application/json; charset=utf-8
host: localhost:63422
accept: */*

Response DefaultHttpResponse(decodeResult: success, version: HTTP/1.1)
HTTP/1.1 200 OK
Content-Type: application/json; charset=utf-8
cache-control: no-cache
content-length: 14

23:10:28.191 [AsyncHttpClient-1-2] DEBUG org.asynchttpclient.netty.channel.ChannelManager - Adding key: http://localhost:63422 for channel [id: 0xdda4fac6, L:/127.0.0.1:61328 - R:localhost/127.0.0.1:63422]
23:10:28.350 [AsyncHttpClient-1-2] DEBUG org.asynchttpclient.netty.handler.HttpHandler - Channel Closed: [id: 0xdda4fac6, L:/127.0.0.1:61328 ! R:localhost/127.0.0.1:63422] with attribute DISCARD
23:10:28.860 [AsyncHttpClient-1-1] DEBUG org.asynchttpclient.netty.channel.DefaultChannelPool - Entry count for : http://localhost:63422 : 1
23:10:28.860 [AsyncHttpClient-1-1] DEBUG org.asynchttpclient.netty.channel.DefaultChannelPool - Entry count for : http://localhost:61329 : 1
23:10:28.860 [AsyncHttpClient-1-1] DEBUG org.asynchttpclient.netty.channel.DefaultChannelPool - Adding Candidate expired Channel [id: 0xdda4fac6, L:/127.0.0.1:61328 ! R:localhost/127.0.0.1:63422] isIdleTimeoutExpired=false isRemotelyClosed=true isTtlExpired=false
23:10:28.860 [AsyncHttpClient-1-1] DEBUG org.asynchttpclient.netty.channel.DefaultChannelPool - Closing Idle Channel [id: 0xdda4fac6, L:/127.0.0.1:61328 ! R:localhost/127.0.0.1:63422]
23:10:28.860 [AsyncHttpClient-1-1] DEBUG org.asynchttpclient.netty.channel.DefaultChannelPool - Adding Candidate expired Channel [id: 0xc1225904, L:/127.0.0.1:61335 ! R:localhost/127.0.0.1:61329] isIdleTimeoutExpired=false isRemotelyClosed=true isTtlExpired=false
23:10:28.860 [AsyncHttpClient-1-1] DEBUG org.asynchttpclient.netty.channel.DefaultChannelPool - Closing Idle Channel [id: 0xc1225904, L:/127.0.0.1:61335 ! R:localhost/127.0.0.1:61329]
23:10:28.860 [AsyncHttpClient-1-1] DEBUG org.asynchttpclient.netty.channel.DefaultChannelPool - Closed 2 connections out of 2 in 0 ms
]]></system-out>
    <system-err><![CDATA[Starting Microsoft Edge WebDriver 111.0.1661.62 (0a8f453929e6410c973aa529a40485ce4e3e03db) on port 63422
To submit feedback, report a bug, or suggest new features, please visit https://github.com/MicrosoftEdge/EdgeWebDriver

Only local connections are allowed.
Please see https://aka.ms/WebDriverSecurity for suggestions on keeping Microsoft Edge WebDriver safe.

Microsoft Edge WebDriver was started successfully.
Apr 03, 2023 11:10:17 PM org.openqa.selenium.remote.ProtocolHandshake createSession
INFO: Detected dialect: W3C
Apr 03, 2023 11:10:17 PM org.openqa.selenium.devtools.CdpVersionFinder findNearestMatch
WARNING: Unable to find an exact match for CDP version 111, so returning the closest version found: a no-op implementation
Apr 03, 2023 11:10:17 PM org.openqa.selenium.devtools.CdpVersionFinder findNearestMatch
INFO: Unable to find CDP implementation matching 111.
Apr 03, 2023 11:10:17 PM org.openqa.selenium.chromium.ChromiumDriver lambda$new$3
WARNING: Unable to find version of CDP to use for . You may need to include a dependency on a specific version of the CDP using something similar to `org.seleniumhq.selenium:selenium-devtools-v86:4.1.2` where the version ("v86") matches the version of the chromium-based browser you're using and the version number of the artifact is the same as Selenium's.
]]></system-err>
  </testcase>
  <testcase name="Menu Pakaian Newboarn Bayi" classname="Baby" time="11.495">
    <system-out><![CDATA[
Scenario: Menu Pakaian Newboarn Bayi      &amp#27;[90m# src/test/resources/features/Baby.feature:11&amp#27;[0m
23:10:29.004 [main] INFO io.cucumber.core.plugin.SerenityReporter - Running feature from file:///C:/Users/alwi/IdeaProjects/uniqloweb/src/test/resources/features/Baby.feature
23:10:29.004 [main] INFO  - 
  _____   ___   ___   _____     ___   _____     _     ___   _____   ___   ___  
 |_   _| | __| / __| |_   _|   / __| |_   _|   /_\   | _ \ |_   _| | __| |   \ 
   | |   | _|  \__ \   | |     \__ \   | |    / _ \  |   /   | |   | _|  | |) |
   |_|   |___| |___/   |_|     |___/   |_|   /_/ \_\ |_|_\   |_|   |___| |___/ 

Menu Pakaian Newboarn Bayi(baby;menu-pakaian-newboarn-bayi)
--------------------------------------------------------------------------------
23:10:29.163 [main] DEBUG io.github.bonigarcia.wdm.cache.ResolutionCache - Resolution edge=111 in cache (valid until 23:36:32 03/04/2023 WIB)
23:10:29.168 [main] DEBUG io.github.bonigarcia.wdm.cache.ResolutionCache - Resolution edge111=111.0.1661.62 in cache (valid until 12:22:00 04/04/2023 WIB)
23:10:29.170 [main] INFO io.github.bonigarcia.wdm.WebDriverManager - Using msedgedriver 111.0.1661.62 (resolved driver for Edge 111)
23:10:29.191 [main] DEBUG io.github.bonigarcia.wdm.WebDriverManager - Driver msedgedriver 111.0.1661.62 found in cache
23:10:29.191 [main] INFO io.github.bonigarcia.wdm.WebDriverManager - Exporting webdriver.edge.driver as C:\Users\alwi\.cache\selenium\msedgedriver\win64\111.0.1661.62\msedgedriver.exe
23:10:29.191 [main] DEBUG net.serenitybdd.core.webdriver.driverproviders.ProvideNewDriver - Instantiating driver
23:10:29.191 [main] DEBUG net.serenitybdd.core.webdriver.driverproviders.ProvideNewDriver - Driver capabilities: Capabilities {base.url: https://www.uniqlo.com, chrome.driver: src/test/resources/webdrive..., driver: edge, ms:edgeChromium: true, ms:edgeOptions: {}, wait.for.timeout: 6000}
23:10:29.733 [AsyncHttpClient-1-5] DEBUG org.asynchttpclient.netty.channel.NettyConnectListener - Using new Channel '[id: 0x9a87fc17, L:/127.0.0.1:61464 - R:localhost/127.0.0.1:55402]' for 'POST' to '/session'
23:10:30.346 [AsyncHttpClient-1-5] DEBUG org.asynchttpclient.netty.handler.HttpHandler - 

Request DefaultHttpRequest(decodeResult: success, version: HTTP/1.1)
POST /session HTTP/1.1
User-Agent: selenium/4.1.2 (java windows)
Content-Length: 627
Content-Type: application/json; charset=utf-8
host: localhost:55402
accept: */*

Response DefaultHttpResponse(decodeResult: success, version: HTTP/1.1)
HTTP/1.1 200 OK
Content-Type: application/json; charset=utf-8
cache-control: no-cache
content-length: 822

23:10:30.346 [AsyncHttpClient-1-5] DEBUG org.asynchttpclient.netty.channel.ChannelManager - Adding key: http://localhost:55402 for channel [id: 0x9a87fc17, L:/127.0.0.1:61464 - R:localhost/127.0.0.1:55402]
23:10:30.346 [AsyncHttpClient-1-6] DEBUG org.asynchttpclient.netty.channel.NettyConnectListener - Using new Channel '[id: 0xc812b74e, L:/127.0.0.1:61472 - R:localhost/127.0.0.1:61465]' for 'GET' to '/json/version'
23:10:30.362 [AsyncHttpClient-1-6] DEBUG org.asynchttpclient.netty.handler.HttpHandler - 

Request DefaultFullHttpRequest(decodeResult: success, version: HTTP/1.1, content: EmptyByteBufBE)
GET /json/version HTTP/1.1
User-Agent: selenium/4.1.2 (java windows)
host: localhost:61465
accept: */*

Response DefaultHttpResponse(decodeResult: success, version: HTTP/1.1)
HTTP/1.1 200 OK
Content-Security-Policy: frame-ancestors 'none'
Content-Type: application/json; charset=UTF-8
content-length: 436

23:10:30.362 [AsyncHttpClient-1-6] DEBUG org.asynchttpclient.netty.channel.ChannelManager - Adding key: http://localhost:61465 for channel [id: 0xc812b74e, L:/127.0.0.1:61472 - R:localhost/127.0.0.1:61465]
23:10:30.362 [AsyncHttpClient-1-7] DEBUG org.asynchttpclient.netty.channel.NettyConnectListener - Using new Channel '[id: 0xa1ed3cc4, L:/127.0.0.1:61473 - R:localhost/127.0.0.1:61465]' for 'GET' to '/devtools/browser/444e8daa-6f8d-46a7-bb37-cbf691870e3a'
23:10:30.372 [AsyncHttpClient-1-7] DEBUG org.asynchttpclient.netty.handler.WebSocketHandler - 

Request DefaultFullHttpRequest(decodeResult: success, version: HTTP/1.1, content: EmptyByteBufBE)
GET /devtools/browser/444e8daa-6f8d-46a7-bb37-cbf691870e3a HTTP/1.1
upgrade: websocket
connection: upgrade
sec-websocket-key: OQ5iwguti/Wchkynt8CL7g==
sec-websocket-version: 13
origin: http://localhost:61465
host: localhost:61465
accept: */*
user-agent: AHC/2.1

Response DefaultHttpResponse(decodeResult: success, version: HTTP/1.1)
HTTP/1.1 101 WebSocket Protocol Handshake
Upgrade: WebSocket
Connection: Upgrade
Sec-WebSocket-Accept: YBqOzzuOJgTNErLxtrcNAhmkVWQ=

23:10:30.372 [Forwarding get on session 137e970622f36dcea166d581b7678ad7 to remote] DEBUG org.asynchttpclient.netty.request.NettyRequestSender - Using pooled Channel '[id: 0x9a87fc17, L:/127.0.0.1:61464 - R:localhost/127.0.0.1:55402]' for 'POST' to 'http://localhost:55402/session/137e970622f36dcea166d581b7678ad7/url'
23:10:30.372 [Forwarding get on session 137e970622f36dcea166d581b7678ad7 to remote] DEBUG org.asynchttpclient.netty.request.NettyRequestSender - Using open Channel [id: 0x9a87fc17, L:/127.0.0.1:61464 - R:localhost/127.0.0.1:55402] for POST '/session/137e970622f36dcea166d581b7678ad7/url'
23:10:31.025 [AsyncHttpClient-1-1] DEBUG org.asynchttpclient.netty.channel.DefaultChannelPool - Entry count for : http://localhost:61465 : 1
23:10:32.119 [AsyncHttpClient-1-1] DEBUG org.asynchttpclient.netty.channel.DefaultChannelPool - Entry count for : http://localhost:61465 : 1
23:10:33.220 [AsyncHttpClient-1-1] DEBUG org.asynchttpclient.netty.channel.DefaultChannelPool - Entry count for : http://localhost:61465 : 1
23:10:34.326 [AsyncHttpClient-1-1] DEBUG org.asynchttpclient.netty.channel.DefaultChannelPool - Entry count for : http://localhost:61465 : 1
23:10:35.420 [AsyncHttpClient-1-1] DEBUG org.asynchttpclient.netty.channel.DefaultChannelPool - Entry count for : http://localhost:61465 : 1
23:10:36.526 [AsyncHttpClient-1-1] DEBUG org.asynchttpclient.netty.channel.DefaultChannelPool - Entry count for : http://localhost:61465 : 1
23:10:37.541 [AsyncHttpClient-1-5] DEBUG org.asynchttpclient.netty.handler.HttpHandler - 

Request DefaultHttpRequest(decodeResult: success, version: HTTP/1.1)
POST /session/137e970622f36dcea166d581b7678ad7/url HTTP/1.1
User-Agent: selenium/4.1.2 (java windows)
Content-Length: 53
Content-Type: application/json; charset=utf-8
host: localhost:55402
accept: */*

Response DefaultHttpResponse(decodeResult: success, version: HTTP/1.1)
HTTP/1.1 200 OK
Content-Type: application/json; charset=utf-8
cache-control: no-cache
content-length: 14

23:10:37.542 [AsyncHttpClient-1-5] DEBUG org.asynchttpclient.netty.channel.ChannelManager - Adding key: http://localhost:55402 for channel [id: 0x9a87fc17, L:/127.0.0.1:61464 - R:localhost/127.0.0.1:55402]
23:10:37.545 [Forwarding setTimeout on session 137e970622f36dcea166d581b7678ad7 to remote] DEBUG org.asynchttpclient.netty.request.NettyRequestSender - Using pooled Channel '[id: 0x9a87fc17, L:/127.0.0.1:61464 - R:localhost/127.0.0.1:55402]' for 'POST' to 'http://localhost:55402/session/137e970622f36dcea166d581b7678ad7/timeouts'
23:10:37.546 [Forwarding setTimeout on session 137e970622f36dcea166d581b7678ad7 to remote] DEBUG org.asynchttpclient.netty.request.NettyRequestSender - Using open Channel [id: 0x9a87fc17, L:/127.0.0.1:61464 - R:localhost/127.0.0.1:55402] for POST '/session/137e970622f36dcea166d581b7678ad7/timeouts'
23:10:37.548 [AsyncHttpClient-1-5] DEBUG org.asynchttpclient.netty.handler.HttpHandler - 

Request DefaultHttpRequest(decodeResult: success, version: HTTP/1.1)
POST /session/137e970622f36dcea166d581b7678ad7/timeouts HTTP/1.1
User-Agent: selenium/4.1.2 (java windows)
Content-Length: 22
Content-Type: application/json; charset=utf-8
host: localhost:55402
accept: */*

Response DefaultHttpResponse(decodeResult: success, version: HTTP/1.1)
HTTP/1.1 200 OK
Content-Type: application/json; charset=utf-8
cache-control: no-cache
content-length: 14

23:10:37.548 [AsyncHttpClient-1-5] DEBUG org.asynchttpclient.netty.channel.ChannelManager - Adding key: http://localhost:55402 for channel [id: 0x9a87fc17, L:/127.0.0.1:61464 - R:localhost/127.0.0.1:55402]
23:10:37.553 [Forwarding getCurrentUrl on session 137e970622f36dcea166d581b7678ad7 to remote] DEBUG org.asynchttpclient.netty.request.NettyRequestSender - Using pooled Channel '[id: 0x9a87fc17, L:/127.0.0.1:61464 - R:localhost/127.0.0.1:55402]' for 'GET' to 'http://localhost:55402/session/137e970622f36dcea166d581b7678ad7/url'
23:10:37.553 [Forwarding getCurrentUrl on session 137e970622f36dcea166d581b7678ad7 to remote] DEBUG org.asynchttpclient.netty.request.NettyRequestSender - Using open Channel [id: 0x9a87fc17, L:/127.0.0.1:61464 - R:localhost/127.0.0.1:55402] for GET '/session/137e970622f36dcea166d581b7678ad7/url'
23:10:37.558 [AsyncHttpClient-1-5] DEBUG org.asynchttpclient.netty.handler.HttpHandler - 

Request DefaultFullHttpRequest(decodeResult: success, version: HTTP/1.1, content: EmptyByteBufBE)
GET /session/137e970622f36dcea166d581b7678ad7/url HTTP/1.1
User-Agent: selenium/4.1.2 (java windows)
Cache-Control: no-cache
Content-Type: application/json; charset=utf-8
host: localhost:55402
accept: */*

Response DefaultHttpResponse(decodeResult: success, version: HTTP/1.1)
HTTP/1.1 200 OK
Content-Type: application/json; charset=utf-8
cache-control: no-cache
content-length: 41

23:10:37.559 [AsyncHttpClient-1-5] DEBUG org.asynchttpclient.netty.channel.ChannelManager - Adding key: http://localhost:55402 for channel [id: 0x9a87fc17, L:/127.0.0.1:61464 - R:localhost/127.0.0.1:55402]
  &amp#27;[32mGiven &amp#27;[0m&amp#27;[32mI am on the home page&amp#27;[0m             &amp#27;[90m# starter.stepdefinitions.BabyStep.iAmOnTheHomePage()&amp#27;[0m
23:10:37.566 [Forwarding screenshot on session 137e970622f36dcea166d581b7678ad7 to remote] DEBUG org.asynchttpclient.netty.request.NettyRequestSender - Using pooled Channel '[id: 0x9a87fc17, L:/127.0.0.1:61464 - R:localhost/127.0.0.1:55402]' for 'GET' to 'http://localhost:55402/session/137e970622f36dcea166d581b7678ad7/screenshot'
23:10:37.566 [Forwarding screenshot on session 137e970622f36dcea166d581b7678ad7 to remote] DEBUG org.asynchttpclient.netty.request.NettyRequestSender - Using open Channel [id: 0x9a87fc17, L:/127.0.0.1:61464 - R:localhost/127.0.0.1:55402] for GET '/session/137e970622f36dcea166d581b7678ad7/screenshot'
23:10:37.620 [AsyncHttpClient-1-1] DEBUG org.asynchttpclient.netty.channel.DefaultChannelPool - Entry count for : http://localhost:61465 : 1
23:10:37.892 [AsyncHttpClient-1-5] DEBUG org.asynchttpclient.netty.handler.HttpHandler - 

Request DefaultFullHttpRequest(decodeResult: success, version: HTTP/1.1, content: EmptyByteBufBE)
GET /session/137e970622f36dcea166d581b7678ad7/screenshot HTTP/1.1
User-Agent: selenium/4.1.2 (java windows)
Cache-Control: no-cache
Content-Type: application/json; charset=utf-8
host: localhost:55402
accept: */*

Response DefaultHttpResponse(decodeResult: success, version: HTTP/1.1)
HTTP/1.1 200 OK
Content-Type: application/json; charset=utf-8
cache-control: no-cache
content-length: 1119968

23:10:37.899 [AsyncHttpClient-1-5] DEBUG org.asynchttpclient.netty.channel.ChannelManager - Adding key: http://localhost:55402 for channel [id: 0x9a87fc17, L:/127.0.0.1:61464 - R:localhost/127.0.0.1:55402]
23:10:37.944 [main] DEBUG net.serenitybdd.core.photography.Darkroom - Send negative for processing for target\site\serenity\3d1b19ad31921c0beae4332facd941fcc81467ad5802877977ec6c100df601ce.png
23:10:37.952 [Forwarding findElement on session 137e970622f36dcea166d581b7678ad7 to remote] DEBUG org.asynchttpclient.netty.request.NettyRequestSender - Using pooled Channel '[id: 0x9a87fc17, L:/127.0.0.1:61464 - R:localhost/127.0.0.1:55402]' for 'POST' to 'http://localhost:55402/session/137e970622f36dcea166d581b7678ad7/element'
23:10:37.952 [Forwarding findElement on session 137e970622f36dcea166d581b7678ad7 to remote] DEBUG org.asynchttpclient.netty.request.NettyRequestSender - Using open Channel [id: 0x9a87fc17, L:/127.0.0.1:61464 - R:localhost/127.0.0.1:55402] for POST '/session/137e970622f36dcea166d581b7678ad7/element'
23:10:37.966 [AsyncHttpClient-1-5] DEBUG org.asynchttpclient.netty.handler.HttpHandler - 

Request DefaultHttpRequest(decodeResult: success, version: HTTP/1.1)
POST /session/137e970622f36dcea166d581b7678ad7/element HTTP/1.1
User-Agent: selenium/4.1.2 (java windows)
Content-Length: 81
Content-Type: application/json; charset=utf-8
host: localhost:55402
accept: */*

Response DefaultHttpResponse(decodeResult: success, version: HTTP/1.1)
HTTP/1.1 200 OK
Content-Type: application/json; charset=utf-8
cache-control: no-cache
content-length: 88

23:10:37.966 [AsyncHttpClient-1-5] DEBUG org.asynchttpclient.netty.channel.ChannelManager - Adding key: http://localhost:55402 for channel [id: 0x9a87fc17, L:/127.0.0.1:61464 - R:localhost/127.0.0.1:55402]
23:10:37.969 [Forwarding getElementTagName on session 137e970622f36dcea166d581b7678ad7 to remote] DEBUG org.asynchttpclient.netty.request.NettyRequestSender - Using pooled Channel '[id: 0x9a87fc17, L:/127.0.0.1:61464 - R:localhost/127.0.0.1:55402]' for 'GET' to 'http://localhost:55402/session/137e970622f36dcea166d581b7678ad7/element/284109c9-d292-4c36-93d6-d4f3637ffd83/name'
23:10:37.969 [Forwarding getElementTagName on session 137e970622f36dcea166d581b7678ad7 to remote] DEBUG org.asynchttpclient.netty.request.NettyRequestSender - Using open Channel [id: 0x9a87fc17, L:/127.0.0.1:61464 - R:localhost/127.0.0.1:55402] for GET '/session/137e970622f36dcea166d581b7678ad7/element/284109c9-d292-4c36-93d6-d4f3637ffd83/name'
23:10:37.973 [AsyncHttpClient-1-5] DEBUG org.asynchttpclient.netty.handler.HttpHandler - 

Request DefaultFullHttpRequest(decodeResult: success, version: HTTP/1.1, content: EmptyByteBufBE)
GET /session/137e970622f36dcea166d581b7678ad7/element/284109c9-d292-4c36-93d6-d4f3637ffd83/name HTTP/1.1
User-Agent: selenium/4.1.2 (java windows)
Cache-Control: no-cache
Content-Type: application/json; charset=utf-8
host: localhost:55402
accept: */*

Response DefaultHttpResponse(decodeResult: success, version: HTTP/1.1)
HTTP/1.1 200 OK
Content-Type: application/json; charset=utf-8
cache-control: no-cache
content-length: 16

23:10:37.974 [AsyncHttpClient-1-5] DEBUG org.asynchttpclient.netty.channel.ChannelManager - Adding key: http://localhost:55402 for channel [id: 0x9a87fc17, L:/127.0.0.1:61464 - R:localhost/127.0.0.1:55402]
23:10:37.975 [Forwarding getElementTagName on session 137e970622f36dcea166d581b7678ad7 to remote] DEBUG org.asynchttpclient.netty.request.NettyRequestSender - Using pooled Channel '[id: 0x9a87fc17, L:/127.0.0.1:61464 - R:localhost/127.0.0.1:55402]' for 'GET' to 'http://localhost:55402/session/137e970622f36dcea166d581b7678ad7/element/284109c9-d292-4c36-93d6-d4f3637ffd83/name'
23:10:37.975 [Forwarding getElementTagName on session 137e970622f36dcea166d581b7678ad7 to remote] DEBUG org.asynchttpclient.netty.request.NettyRequestSender - Using open Channel [id: 0x9a87fc17, L:/127.0.0.1:61464 - R:localhost/127.0.0.1:55402] for GET '/session/137e970622f36dcea166d581b7678ad7/element/284109c9-d292-4c36-93d6-d4f3637ffd83/name'
23:10:37.979 [AsyncHttpClient-1-5] DEBUG org.asynchttpclient.netty.handler.HttpHandler - 

Request DefaultFullHttpRequest(decodeResult: success, version: HTTP/1.1, content: EmptyByteBufBE)
GET /session/137e970622f36dcea166d581b7678ad7/element/284109c9-d292-4c36-93d6-d4f3637ffd83/name HTTP/1.1
User-Agent: selenium/4.1.2 (java windows)
Cache-Control: no-cache
Content-Type: application/json; charset=utf-8
host: localhost:55402
accept: */*

Response DefaultHttpResponse(decodeResult: success, version: HTTP/1.1)
HTTP/1.1 200 OK
Content-Type: application/json; charset=utf-8
cache-control: no-cache
content-length: 16

23:10:37.979 [AsyncHttpClient-1-5] DEBUG org.asynchttpclient.netty.channel.ChannelManager - Adding key: http://localhost:55402 for channel [id: 0x9a87fc17, L:/127.0.0.1:61464 - R:localhost/127.0.0.1:55402]
23:10:37.981 [Forwarding findElement on session 137e970622f36dcea166d581b7678ad7 to remote] DEBUG org.asynchttpclient.netty.request.NettyRequestSender - Using pooled Channel '[id: 0x9a87fc17, L:/127.0.0.1:61464 - R:localhost/127.0.0.1:55402]' for 'POST' to 'http://localhost:55402/session/137e970622f36dcea166d581b7678ad7/element'
23:10:37.981 [Forwarding findElement on session 137e970622f36dcea166d581b7678ad7 to remote] DEBUG org.asynchttpclient.netty.request.NettyRequestSender - Using open Channel [id: 0x9a87fc17, L:/127.0.0.1:61464 - R:localhost/127.0.0.1:55402] for POST '/session/137e970622f36dcea166d581b7678ad7/element'
23:10:37.988 [AsyncHttpClient-1-5] DEBUG org.asynchttpclient.netty.handler.HttpHandler - 

Request DefaultHttpRequest(decodeResult: success, version: HTTP/1.1)
POST /session/137e970622f36dcea166d581b7678ad7/element HTTP/1.1
User-Agent: selenium/4.1.2 (java windows)
Content-Length: 81
Content-Type: application/json; charset=utf-8
host: localhost:55402
accept: */*

Response DefaultHttpResponse(decodeResult: success, version: HTTP/1.1)
HTTP/1.1 200 OK
Content-Type: application/json; charset=utf-8
cache-control: no-cache
content-length: 88

23:10:37.988 [AsyncHttpClient-1-5] DEBUG org.asynchttpclient.netty.channel.ChannelManager - Adding key: http://localhost:55402 for channel [id: 0x9a87fc17, L:/127.0.0.1:61464 - R:localhost/127.0.0.1:55402]
23:10:37.990 [Forwarding clickElement on session 137e970622f36dcea166d581b7678ad7 to remote] DEBUG org.asynchttpclient.netty.request.NettyRequestSender - Using pooled Channel '[id: 0x9a87fc17, L:/127.0.0.1:61464 - R:localhost/127.0.0.1:55402]' for 'POST' to 'http://localhost:55402/session/137e970622f36dcea166d581b7678ad7/element/284109c9-d292-4c36-93d6-d4f3637ffd83/click'
23:10:37.990 [Forwarding clickElement on session 137e970622f36dcea166d581b7678ad7 to remote] DEBUG org.asynchttpclient.netty.request.NettyRequestSender - Using open Channel [id: 0x9a87fc17, L:/127.0.0.1:61464 - R:localhost/127.0.0.1:55402] for POST '/session/137e970622f36dcea166d581b7678ad7/element/284109c9-d292-4c36-93d6-d4f3637ffd83/click'
23:10:38.389 [AsyncHttpClient-1-5] DEBUG org.asynchttpclient.netty.handler.HttpHandler - 

Request DefaultHttpRequest(decodeResult: success, version: HTTP/1.1)
POST /session/137e970622f36dcea166d581b7678ad7/element/284109c9-d292-4c36-93d6-d4f3637ffd83/click HTTP/1.1
User-Agent: selenium/4.1.2 (java windows)
Content-Length: 50
Content-Type: application/json; charset=utf-8
host: localhost:55402
accept: */*

Response DefaultHttpResponse(decodeResult: success, version: HTTP/1.1)
HTTP/1.1 200 OK
Content-Type: application/json; charset=utf-8
cache-control: no-cache
content-length: 14

23:10:38.389 [AsyncHttpClient-1-5] DEBUG org.asynchttpclient.netty.channel.ChannelManager - Adding key: http://localhost:55402 for channel [id: 0x9a87fc17, L:/127.0.0.1:61464 - R:localhost/127.0.0.1:55402]
  &amp#27;[32mThen &amp#27;[0m&amp#27;[32mI click baby on the header&amp#27;[0m         &amp#27;[90m# starter.stepdefinitions.BabyStep.iClickBabyOnTheHeader()&amp#27;[0m
23:10:38.402 [Forwarding screenshot on session 137e970622f36dcea166d581b7678ad7 to remote] DEBUG org.asynchttpclient.netty.request.NettyRequestSender - Using pooled Channel '[id: 0x9a87fc17, L:/127.0.0.1:61464 - R:localhost/127.0.0.1:55402]' for 'GET' to 'http://localhost:55402/session/137e970622f36dcea166d581b7678ad7/screenshot'
23:10:38.402 [Forwarding screenshot on session 137e970622f36dcea166d581b7678ad7 to remote] DEBUG org.asynchttpclient.netty.request.NettyRequestSender - Using open Channel [id: 0x9a87fc17, L:/127.0.0.1:61464 - R:localhost/127.0.0.1:55402] for GET '/session/137e970622f36dcea166d581b7678ad7/screenshot'
23:10:38.722 [AsyncHttpClient-1-1] DEBUG org.asynchttpclient.netty.channel.DefaultChannelPool - Entry count for : http://localhost:61465 : 1
23:10:39.113 [AsyncHttpClient-1-5] DEBUG org.asynchttpclient.netty.handler.HttpHandler - 

Request DefaultFullHttpRequest(decodeResult: success, version: HTTP/1.1, content: EmptyByteBufBE)
GET /session/137e970622f36dcea166d581b7678ad7/screenshot HTTP/1.1
User-Agent: selenium/4.1.2 (java windows)
Cache-Control: no-cache
Content-Type: application/json; charset=utf-8
host: localhost:55402
accept: */*

Response DefaultHttpResponse(decodeResult: success, version: HTTP/1.1)
HTTP/1.1 200 OK
Content-Type: application/json; charset=utf-8
cache-control: no-cache
content-length: 137776

23:10:39.114 [AsyncHttpClient-1-5] DEBUG org.asynchttpclient.netty.channel.ChannelManager - Adding key: http://localhost:55402 for channel [id: 0x9a87fc17, L:/127.0.0.1:61464 - R:localhost/127.0.0.1:55402]
23:10:39.120 [main] DEBUG net.serenitybdd.core.photography.Darkroom - Send negative for processing for target\site\serenity\66be97047e6167e11dbe91b68e4a22e675d657e3f92a8c80afba8fee62bd5186.png
23:10:39.120 [Darkroom Processing Line] DEBUG net.serenitybdd.core.photography.DarkroomProcessingLine - Processing screenshot image in /var/screenshots/screenshot-529203161494309958
23:10:39.120 [Darkroom Processing Line] DEBUG net.serenitybdd.core.photography.DarkroomProcessingLine - Saving screenshot to target\site\serenity\66be97047e6167e11dbe91b68e4a22e675d657e3f92a8c80afba8fee62bd5186.png
23:10:39.132 [Forwarding findElement on session 137e970622f36dcea166d581b7678ad7 to remote] DEBUG org.asynchttpclient.netty.request.NettyRequestSender - Using pooled Channel '[id: 0x9a87fc17, L:/127.0.0.1:61464 - R:localhost/127.0.0.1:55402]' for 'POST' to 'http://localhost:55402/session/137e970622f36dcea166d581b7678ad7/element'
23:10:39.132 [Forwarding findElement on session 137e970622f36dcea166d581b7678ad7 to remote] DEBUG org.asynchttpclient.netty.request.NettyRequestSender - Using open Channel [id: 0x9a87fc17, L:/127.0.0.1:61464 - R:localhost/127.0.0.1:55402] for POST '/session/137e970622f36dcea166d581b7678ad7/element'
23:10:39.145 [AsyncHttpClient-1-5] DEBUG org.asynchttpclient.netty.handler.HttpHandler - 

Request DefaultHttpRequest(decodeResult: success, version: HTTP/1.1)
POST /session/137e970622f36dcea166d581b7678ad7/element HTTP/1.1
User-Agent: selenium/4.1.2 (java windows)
Content-Length: 108
Content-Type: application/json; charset=utf-8
host: localhost:55402
accept: */*

Response DefaultHttpResponse(decodeResult: success, version: HTTP/1.1)
HTTP/1.1 200 OK
Content-Type: application/json; charset=utf-8
cache-control: no-cache
content-length: 88

23:10:39.145 [AsyncHttpClient-1-5] DEBUG org.asynchttpclient.netty.channel.ChannelManager - Adding key: http://localhost:55402 for channel [id: 0x9a87fc17, L:/127.0.0.1:61464 - R:localhost/127.0.0.1:55402]
23:10:39.147 [Forwarding getElementTagName on session 137e970622f36dcea166d581b7678ad7 to remote] DEBUG org.asynchttpclient.netty.request.NettyRequestSender - Using pooled Channel '[id: 0x9a87fc17, L:/127.0.0.1:61464 - R:localhost/127.0.0.1:55402]' for 'GET' to 'http://localhost:55402/session/137e970622f36dcea166d581b7678ad7/element/19ccc296-bf75-4dcc-a1b1-e5a5ecd373e0/name'
23:10:39.147 [Forwarding getElementTagName on session 137e970622f36dcea166d581b7678ad7 to remote] DEBUG org.asynchttpclient.netty.request.NettyRequestSender - Using open Channel [id: 0x9a87fc17, L:/127.0.0.1:61464 - R:localhost/127.0.0.1:55402] for GET '/session/137e970622f36dcea166d581b7678ad7/element/19ccc296-bf75-4dcc-a1b1-e5a5ecd373e0/name'
23:10:39.152 [AsyncHttpClient-1-5] DEBUG org.asynchttpclient.netty.handler.HttpHandler - 

Request DefaultFullHttpRequest(decodeResult: success, version: HTTP/1.1, content: EmptyByteBufBE)
GET /session/137e970622f36dcea166d581b7678ad7/element/19ccc296-bf75-4dcc-a1b1-e5a5ecd373e0/name HTTP/1.1
User-Agent: selenium/4.1.2 (java windows)
Cache-Control: no-cache
Content-Type: application/json; charset=utf-8
host: localhost:55402
accept: */*

Response DefaultHttpResponse(decodeResult: success, version: HTTP/1.1)
HTTP/1.1 200 OK
Content-Type: application/json; charset=utf-8
cache-control: no-cache
content-length: 16

23:10:39.152 [AsyncHttpClient-1-5] DEBUG org.asynchttpclient.netty.channel.ChannelManager - Adding key: http://localhost:55402 for channel [id: 0x9a87fc17, L:/127.0.0.1:61464 - R:localhost/127.0.0.1:55402]
23:10:39.154 [Forwarding getElementTagName on session 137e970622f36dcea166d581b7678ad7 to remote] DEBUG org.asynchttpclient.netty.request.NettyRequestSender - Using pooled Channel '[id: 0x9a87fc17, L:/127.0.0.1:61464 - R:localhost/127.0.0.1:55402]' for 'GET' to 'http://localhost:55402/session/137e970622f36dcea166d581b7678ad7/element/19ccc296-bf75-4dcc-a1b1-e5a5ecd373e0/name'
23:10:39.154 [Forwarding getElementTagName on session 137e970622f36dcea166d581b7678ad7 to remote] DEBUG org.asynchttpclient.netty.request.NettyRequestSender - Using open Channel [id: 0x9a87fc17, L:/127.0.0.1:61464 - R:localhost/127.0.0.1:55402] for GET '/session/137e970622f36dcea166d581b7678ad7/element/19ccc296-bf75-4dcc-a1b1-e5a5ecd373e0/name'
23:10:39.157 [AsyncHttpClient-1-5] DEBUG org.asynchttpclient.netty.handler.HttpHandler - 

Request DefaultFullHttpRequest(decodeResult: success, version: HTTP/1.1, content: EmptyByteBufBE)
GET /session/137e970622f36dcea166d581b7678ad7/element/19ccc296-bf75-4dcc-a1b1-e5a5ecd373e0/name HTTP/1.1
User-Agent: selenium/4.1.2 (java windows)
Cache-Control: no-cache
Content-Type: application/json; charset=utf-8
host: localhost:55402
accept: */*

Response DefaultHttpResponse(decodeResult: success, version: HTTP/1.1)
HTTP/1.1 200 OK
Content-Type: application/json; charset=utf-8
cache-control: no-cache
content-length: 16

23:10:39.157 [AsyncHttpClient-1-5] DEBUG org.asynchttpclient.netty.channel.ChannelManager - Adding key: http://localhost:55402 for channel [id: 0x9a87fc17, L:/127.0.0.1:61464 - R:localhost/127.0.0.1:55402]
23:10:39.160 [Forwarding findElement on session 137e970622f36dcea166d581b7678ad7 to remote] DEBUG org.asynchttpclient.netty.request.NettyRequestSender - Using pooled Channel '[id: 0x9a87fc17, L:/127.0.0.1:61464 - R:localhost/127.0.0.1:55402]' for 'POST' to 'http://localhost:55402/session/137e970622f36dcea166d581b7678ad7/element'
23:10:39.160 [Forwarding findElement on session 137e970622f36dcea166d581b7678ad7 to remote] DEBUG org.asynchttpclient.netty.request.NettyRequestSender - Using open Channel [id: 0x9a87fc17, L:/127.0.0.1:61464 - R:localhost/127.0.0.1:55402] for POST '/session/137e970622f36dcea166d581b7678ad7/element'
23:10:39.172 [AsyncHttpClient-1-5] DEBUG org.asynchttpclient.netty.handler.HttpHandler - 

Request DefaultHttpRequest(decodeResult: success, version: HTTP/1.1)
POST /session/137e970622f36dcea166d581b7678ad7/element HTTP/1.1
User-Agent: selenium/4.1.2 (java windows)
Content-Length: 108
Content-Type: application/json; charset=utf-8
host: localhost:55402
accept: */*

Response DefaultHttpResponse(decodeResult: success, version: HTTP/1.1)
HTTP/1.1 200 OK
Content-Type: application/json; charset=utf-8
cache-control: no-cache
content-length: 88

23:10:39.173 [AsyncHttpClient-1-5] DEBUG org.asynchttpclient.netty.channel.ChannelManager - Adding key: http://localhost:55402 for channel [id: 0x9a87fc17, L:/127.0.0.1:61464 - R:localhost/127.0.0.1:55402]
23:10:39.175 [Forwarding clickElement on session 137e970622f36dcea166d581b7678ad7 to remote] DEBUG org.asynchttpclient.netty.request.NettyRequestSender - Using pooled Channel '[id: 0x9a87fc17, L:/127.0.0.1:61464 - R:localhost/127.0.0.1:55402]' for 'POST' to 'http://localhost:55402/session/137e970622f36dcea166d581b7678ad7/element/19ccc296-bf75-4dcc-a1b1-e5a5ecd373e0/click'
23:10:39.175 [Forwarding clickElement on session 137e970622f36dcea166d581b7678ad7 to remote] DEBUG org.asynchttpclient.netty.request.NettyRequestSender - Using open Channel [id: 0x9a87fc17, L:/127.0.0.1:61464 - R:localhost/127.0.0.1:55402] for POST '/session/137e970622f36dcea166d581b7678ad7/element/19ccc296-bf75-4dcc-a1b1-e5a5ecd373e0/click'
23:10:39.381 [AsyncHttpClient-1-5] DEBUG org.asynchttpclient.netty.handler.HttpHandler - 

Request DefaultHttpRequest(decodeResult: success, version: HTTP/1.1)
POST /session/137e970622f36dcea166d581b7678ad7/element/19ccc296-bf75-4dcc-a1b1-e5a5ecd373e0/click HTTP/1.1
User-Agent: selenium/4.1.2 (java windows)
Content-Length: 50
Content-Type: application/json; charset=utf-8
host: localhost:55402
accept: */*

Response DefaultHttpResponse(decodeResult: success, version: HTTP/1.1)
HTTP/1.1 200 OK
Content-Type: application/json; charset=utf-8
cache-control: no-cache
content-length: 14

23:10:39.381 [AsyncHttpClient-1-5] DEBUG org.asynchttpclient.netty.channel.ChannelManager - Adding key: http://localhost:55402 for channel [id: 0x9a87fc17, L:/127.0.0.1:61464 - R:localhost/127.0.0.1:55402]
  &amp#27;[32mWhen &amp#27;[0m&amp#27;[32mI will go to pakaian newboarn bayi&amp#27;[0m &amp#27;[90m# starter.stepdefinitions.BabyStep.iWillGoToPakaianNewboarnBayi()&amp#27;[0m
23:10:39.388 [Forwarding screenshot on session 137e970622f36dcea166d581b7678ad7 to remote] DEBUG org.asynchttpclient.netty.request.NettyRequestSender - Using pooled Channel '[id: 0x9a87fc17, L:/127.0.0.1:61464 - R:localhost/127.0.0.1:55402]' for 'GET' to 'http://localhost:55402/session/137e970622f36dcea166d581b7678ad7/screenshot'
23:10:39.388 [Forwarding screenshot on session 137e970622f36dcea166d581b7678ad7 to remote] DEBUG org.asynchttpclient.netty.request.NettyRequestSender - Using open Channel [id: 0x9a87fc17, L:/127.0.0.1:61464 - R:localhost/127.0.0.1:55402] for GET '/session/137e970622f36dcea166d581b7678ad7/screenshot'
23:10:39.693 [AsyncHttpClient-1-5] DEBUG org.asynchttpclient.netty.handler.HttpHandler - 

Request DefaultFullHttpRequest(decodeResult: success, version: HTTP/1.1, content: EmptyByteBufBE)
GET /session/137e970622f36dcea166d581b7678ad7/screenshot HTTP/1.1
User-Agent: selenium/4.1.2 (java windows)
Cache-Control: no-cache
Content-Type: application/json; charset=utf-8
host: localhost:55402
accept: */*

Response DefaultHttpResponse(decodeResult: success, version: HTTP/1.1)
HTTP/1.1 200 OK
Content-Type: application/json; charset=utf-8
cache-control: no-cache
content-length: 276204

23:10:39.695 [AsyncHttpClient-1-5] DEBUG org.asynchttpclient.netty.channel.ChannelManager - Adding key: http://localhost:55402 for channel [id: 0x9a87fc17, L:/127.0.0.1:61464 - R:localhost/127.0.0.1:55402]
23:10:39.711 [main] DEBUG net.serenitybdd.core.photography.Darkroom - Send negative for processing for target\site\serenity\b14f1a2d31321aaecb549cbe27957dcfd9285798979a6d0c77d8bab6530b321c.png
23:10:39.711 [Darkroom Processing Line] DEBUG net.serenitybdd.core.photography.DarkroomProcessingLine - Processing screenshot image in /var/screenshots/screenshot-1362870860799749318
23:10:39.711 [Darkroom Processing Line] DEBUG net.serenitybdd.core.photography.DarkroomProcessingLine - Saving screenshot to target\site\serenity\b14f1a2d31321aaecb549cbe27957dcfd9285798979a6d0c77d8bab6530b321c.png
23:10:39.713 [main] INFO  - 
  _____   ___   ___   _____     ___     _     ___   ___   ___   ___  
 |_   _| | __| / __| |_   _|   | _ \   /_\   / __| / __| | __| |   \ 
   | |   | _|  \__ \   | |     |  _/  / _ \  \__ \ \__ \ | _|  | |) |
   |_|   |___| |___/   |_|     |_|   /_/ \_\ |___/ |___/ |___| |___/ 

Menu Pakaian Newboarn Bayi
----------------------------------------------------------------------
23:10:39.714 [AsyncHttpClient-1-7] DEBUG org.asynchttpclient.netty.handler.WebSocketHandler - Channel Closed: [id: 0xa1ed3cc4, L:/127.0.0.1:61473 ! R:localhost/127.0.0.1:61465] with attribute NettyResponseFuture{currentRetry=5,
	isDone=1,
	isCancelled=0,
	asyncHandler=org.asynchttpclient.ws.WebSocketUpgradeHandler@542fbab7,
	nettyRequest=org.asynchttpclient.netty.request.NettyRequest@112d3e56,
	future=java.util.concurrent.CompletableFuture@71148c5d[Completed normally],
	uri=ws://localhost:61465/devtools/browser/444e8daa-6f8d-46a7-bb37-cbf691870e3a,
	keepAlive=true,
	redirectCount=0,
	timeoutsHolder=null,
	inAuth=0,
	touch=1680538230372}
23:10:39.714 [AsyncHttpClient-1-7] DEBUG org.asynchttpclient.netty.channel.ChannelManager - Closing Channel [id: 0xa1ed3cc4, L:/127.0.0.1:61473 ! R:localhost/127.0.0.1:61465] 
23:10:39.715 [Driver Command Executor] DEBUG org.asynchttpclient.netty.request.NettyRequestSender - Using pooled Channel '[id: 0x9a87fc17, L:/127.0.0.1:61464 - R:localhost/127.0.0.1:55402]' for 'DELETE' to 'http://localhost:55402/session/137e970622f36dcea166d581b7678ad7'
23:10:39.715 [Driver Command Executor] DEBUG org.asynchttpclient.netty.request.NettyRequestSender - Using open Channel [id: 0x9a87fc17, L:/127.0.0.1:61464 - R:localhost/127.0.0.1:55402] for DELETE '/session/137e970622f36dcea166d581b7678ad7'
23:10:39.759 [AsyncHttpClient-1-6] DEBUG org.asynchttpclient.netty.handler.HttpHandler - Unexpected I/O exception on channel [id: 0xc812b74e, L:/127.0.0.1:61472 - R:localhost/127.0.0.1:61465]
java.net.SocketException: Connection reset
	at java.base/sun.nio.ch.SocketChannelImpl.throwConnectionReset(SocketChannelImpl.java:345)
	at java.base/sun.nio.ch.SocketChannelImpl.read(SocketChannelImpl.java:376)
	at io.netty.buffer.PooledByteBuf.setBytes(PooledByteBuf.java:258)
	at io.netty.buffer.AbstractByteBuf.writeBytes(AbstractByteBuf.java:1132)
	at io.netty.channel.socket.nio.NioSocketChannel.doReadBytes(NioSocketChannel.java:350)
	at io.netty.channel.nio.AbstractNioByteChannel$NioByteUnsafe.read(AbstractNioByteChannel.java:151)
	at io.netty.channel.nio.NioEventLoop.processSelectedKey(NioEventLoop.java:722)
	at io.netty.channel.nio.NioEventLoop.processSelectedKeysOptimized(NioEventLoop.java:658)
	at io.netty.channel.nio.NioEventLoop.processSelectedKeys(NioEventLoop.java:584)
	at io.netty.channel.nio.NioEventLoop.run(NioEventLoop.java:496)
	at io.netty.util.concurrent.SingleThreadEventExecutor$4.run(SingleThreadEventExecutor.java:986)
	at io.netty.util.internal.ThreadExecutorMap$2.run(ThreadExecutorMap.java:74)
	at io.netty.util.concurrent.FastThreadLocalRunnable.run(FastThreadLocalRunnable.java:30)
	at java.base/java.lang.Thread.run(Thread.java:830)
23:10:39.759 [AsyncHttpClient-1-6] DEBUG org.asynchttpclient.netty.channel.ChannelManager - Closing Channel [id: 0xc812b74e, L:/127.0.0.1:61472 - R:localhost/127.0.0.1:61465] 
23:10:39.760 [AsyncHttpClient-1-6] DEBUG org.asynchttpclient.netty.handler.HttpHandler - Channel Closed: [id: 0xc812b74e, L:/127.0.0.1:61472 ! R:localhost/127.0.0.1:61465] with attribute DISCARD
23:10:39.781 [AsyncHttpClient-1-5] DEBUG org.asynchttpclient.netty.handler.HttpHandler - 

Request DefaultFullHttpRequest(decodeResult: success, version: HTTP/1.1, content: EmptyByteBufBE)
DELETE /session/137e970622f36dcea166d581b7678ad7 HTTP/1.1
User-Agent: selenium/4.1.2 (java windows)
Content-Type: application/json; charset=utf-8
host: localhost:55402
accept: */*

Response DefaultHttpResponse(decodeResult: success, version: HTTP/1.1)
HTTP/1.1 200 OK
Content-Type: application/json; charset=utf-8
cache-control: no-cache
content-length: 14

23:10:39.782 [AsyncHttpClient-1-5] DEBUG org.asynchttpclient.netty.channel.ChannelManager - Adding key: http://localhost:55402 for channel [id: 0x9a87fc17, L:/127.0.0.1:61464 - R:localhost/127.0.0.1:55402]
23:10:39.819 [AsyncHttpClient-1-1] DEBUG org.asynchttpclient.netty.channel.DefaultChannelPool - Entry count for : http://localhost:61465 : 1
23:10:39.819 [AsyncHttpClient-1-1] DEBUG org.asynchttpclient.netty.channel.DefaultChannelPool - Entry count for : http://localhost:55402 : 1
23:10:39.819 [AsyncHttpClient-1-1] DEBUG org.asynchttpclient.netty.channel.DefaultChannelPool - Adding Candidate expired Channel [id: 0xc812b74e, L:/127.0.0.1:61472 ! R:localhost/127.0.0.1:61465] isIdleTimeoutExpired=false isRemotelyClosed=true isTtlExpired=false
23:10:39.819 [AsyncHttpClient-1-1] DEBUG org.asynchttpclient.netty.channel.DefaultChannelPool - Closing Idle Channel [id: 0xc812b74e, L:/127.0.0.1:61472 ! R:localhost/127.0.0.1:61465]
23:10:39.819 [AsyncHttpClient-1-1] DEBUG org.asynchttpclient.netty.channel.DefaultChannelPool - Closed 1 connections out of 2 in 0 ms
23:10:39.895 [AsyncHttpClient-1-5] DEBUG org.asynchttpclient.netty.handler.HttpHandler - Channel Closed: [id: 0x9a87fc17, L:/127.0.0.1:61464 ! R:localhost/127.0.0.1:55402] with attribute DISCARD
]]></system-out>
    <system-err><![CDATA[Starting Microsoft Edge WebDriver 111.0.1661.62 (0a8f453929e6410c973aa529a40485ce4e3e03db) on port 55402
To submit feedback, report a bug, or suggest new features, please visit https://github.com/MicrosoftEdge/EdgeWebDriver

Only local connections are allowed.
Please see https://aka.ms/WebDriverSecurity for suggestions on keeping Microsoft Edge WebDriver safe.

Microsoft Edge WebDriver was started successfully.
Apr 03, 2023 11:10:30 PM org.openqa.selenium.remote.ProtocolHandshake createSession
INFO: Detected dialect: W3C
Apr 03, 2023 11:10:30 PM org.openqa.selenium.devtools.CdpVersionFinder findNearestMatch
WARNING: Unable to find an exact match for CDP version 111, so returning the closest version found: a no-op implementation
Apr 03, 2023 11:10:30 PM org.openqa.selenium.devtools.CdpVersionFinder findNearestMatch
INFO: Unable to find CDP implementation matching 111.
Apr 03, 2023 11:10:30 PM org.openqa.selenium.chromium.ChromiumDriver lambda$new$3
WARNING: Unable to find version of CDP to use for . You may need to include a dependency on a specific version of the CDP using something similar to `org.seleniumhq.selenium:selenium-devtools-v86:4.1.2` where the version ("v86") matches the version of the chromium-based browser you're using and the version number of the artifact is the same as Selenium's.
]]></system-err>
  </testcase>
  <testcase name="Menu Aksesoris bayi 1" classname="Baby" time="11.707">
    <system-out><![CDATA[
Scenario: Menu Aksesoris bayi 1         &amp#27;[90m# src/test/resources/features/Baby.feature:16&amp#27;[0m
23:10:40.496 [main] INFO io.cucumber.core.plugin.SerenityReporter - Running feature from file:///C:/Users/alwi/IdeaProjects/uniqloweb/src/test/resources/features/Baby.feature
23:10:40.499 [main] INFO  - 
  _____   ___   ___   _____     ___   _____     _     ___   _____   ___   ___  
 |_   _| | __| / __| |_   _|   / __| |_   _|   /_\   | _ \ |_   _| | __| |   \ 
   | |   | _|  \__ \   | |     \__ \   | |    / _ \  |   /   | |   | _|  | |) |
   |_|   |___| |___/   |_|     |___/   |_|   /_/ \_\ |_|_\   |_|   |___| |___/ 

Menu Aksesoris bayi 1(baby;menu-aksesoris-bayi-1)
--------------------------------------------------------------------------------
23:10:40.623 [main] DEBUG io.github.bonigarcia.wdm.cache.ResolutionCache - Resolution edge=111 in cache (valid until 23:36:32 03/04/2023 WIB)
23:10:40.628 [main] DEBUG io.github.bonigarcia.wdm.cache.ResolutionCache - Resolution edge111=111.0.1661.62 in cache (valid until 12:22:00 04/04/2023 WIB)
23:10:40.631 [main] INFO io.github.bonigarcia.wdm.WebDriverManager - Using msedgedriver 111.0.1661.62 (resolved driver for Edge 111)
23:10:40.651 [main] DEBUG io.github.bonigarcia.wdm.WebDriverManager - Driver msedgedriver 111.0.1661.62 found in cache
23:10:40.652 [main] INFO io.github.bonigarcia.wdm.WebDriverManager - Exporting webdriver.edge.driver as C:\Users\alwi\.cache\selenium\msedgedriver\win64\111.0.1661.62\msedgedriver.exe
23:10:40.654 [main] DEBUG net.serenitybdd.core.webdriver.driverproviders.ProvideNewDriver - Instantiating driver
23:10:40.654 [main] DEBUG net.serenitybdd.core.webdriver.driverproviders.ProvideNewDriver - Driver capabilities: Capabilities {base.url: https://www.uniqlo.com, chrome.driver: src/test/resources/webdrive..., driver: edge, ms:edgeChromium: true, ms:edgeOptions: {}, wait.for.timeout: 6000}
23:10:40.920 [AsyncHttpClient-1-1] DEBUG org.asynchttpclient.netty.channel.DefaultChannelPool - Entry count for : http://localhost:55402 : 1
23:10:40.920 [AsyncHttpClient-1-1] DEBUG org.asynchttpclient.netty.channel.DefaultChannelPool - Adding Candidate expired Channel [id: 0x9a87fc17, L:/127.0.0.1:61464 ! R:localhost/127.0.0.1:55402] isIdleTimeoutExpired=false isRemotelyClosed=true isTtlExpired=false
23:10:40.920 [AsyncHttpClient-1-1] DEBUG org.asynchttpclient.netty.channel.DefaultChannelPool - Closing Idle Channel [id: 0x9a87fc17, L:/127.0.0.1:61464 ! R:localhost/127.0.0.1:55402]
23:10:40.920 [AsyncHttpClient-1-1] DEBUG org.asynchttpclient.netty.channel.DefaultChannelPool - Closed 1 connections out of 1 in 0 ms
23:10:41.182 [AsyncHttpClient-1-8] DEBUG org.asynchttpclient.netty.channel.NettyConnectListener - Using new Channel '[id: 0x1153feaa, L:/127.0.0.1:61592 - R:localhost/127.0.0.1:55357]' for 'POST' to '/session'
23:10:41.725 [AsyncHttpClient-1-8] DEBUG org.asynchttpclient.netty.handler.HttpHandler - 

Request DefaultHttpRequest(decodeResult: success, version: HTTP/1.1)
POST /session HTTP/1.1
User-Agent: selenium/4.1.2 (java windows)
Content-Length: 627
Content-Type: application/json; charset=utf-8
host: localhost:55357
accept: */*

Response DefaultHttpResponse(decodeResult: success, version: HTTP/1.1)
HTTP/1.1 200 OK
Content-Type: application/json; charset=utf-8
cache-control: no-cache
content-length: 823

23:10:41.726 [AsyncHttpClient-1-8] DEBUG org.asynchttpclient.netty.channel.ChannelManager - Adding key: http://localhost:55357 for channel [id: 0x1153feaa, L:/127.0.0.1:61592 - R:localhost/127.0.0.1:55357]
23:10:41.735 [AsyncHttpClient-1-9] DEBUG org.asynchttpclient.netty.channel.NettyConnectListener - Using new Channel '[id: 0xf376b0b8, L:/127.0.0.1:61601 - R:localhost/127.0.0.1:61594]' for 'GET' to '/json/version'
23:10:41.739 [AsyncHttpClient-1-9] DEBUG org.asynchttpclient.netty.handler.HttpHandler - 

Request DefaultFullHttpRequest(decodeResult: success, version: HTTP/1.1, content: EmptyByteBufBE)
GET /json/version HTTP/1.1
User-Agent: selenium/4.1.2 (java windows)
host: localhost:61594
accept: */*

Response DefaultHttpResponse(decodeResult: success, version: HTTP/1.1)
HTTP/1.1 200 OK
Content-Security-Policy: frame-ancestors 'none'
Content-Type: application/json; charset=UTF-8
content-length: 436

23:10:41.740 [AsyncHttpClient-1-9] DEBUG org.asynchttpclient.netty.channel.ChannelManager - Adding key: http://localhost:61594 for channel [id: 0xf376b0b8, L:/127.0.0.1:61601 - R:localhost/127.0.0.1:61594]
23:10:41.743 [AsyncHttpClient-1-10] DEBUG org.asynchttpclient.netty.channel.NettyConnectListener - Using new Channel '[id: 0x2268e2d4, L:/127.0.0.1:61602 - R:localhost/127.0.0.1:61594]' for 'GET' to '/devtools/browser/58c1aec4-23c7-4c0d-9b0e-a01db0d26c33'
23:10:41.747 [AsyncHttpClient-1-10] DEBUG org.asynchttpclient.netty.handler.WebSocketHandler - 

Request DefaultFullHttpRequest(decodeResult: success, version: HTTP/1.1, content: EmptyByteBufBE)
GET /devtools/browser/58c1aec4-23c7-4c0d-9b0e-a01db0d26c33 HTTP/1.1
upgrade: websocket
connection: upgrade
sec-websocket-key: 5ZKH3G6dFDhGYGT4nmJk7g==
sec-websocket-version: 13
origin: http://localhost:61594
host: localhost:61594
accept: */*
user-agent: AHC/2.1

Response DefaultHttpResponse(decodeResult: success, version: HTTP/1.1)
HTTP/1.1 101 WebSocket Protocol Handshake
Upgrade: WebSocket
Connection: Upgrade
Sec-WebSocket-Accept: 3E5Wsb64ZfivSvmHyvb60ADV6Jw=

23:10:41.752 [Forwarding get on session 59ee54cf880153fc7de9c506f9afdf63 to remote] DEBUG org.asynchttpclient.netty.request.NettyRequestSender - Using pooled Channel '[id: 0x1153feaa, L:/127.0.0.1:61592 - R:localhost/127.0.0.1:55357]' for 'POST' to 'http://localhost:55357/session/59ee54cf880153fc7de9c506f9afdf63/url'
23:10:41.752 [Forwarding get on session 59ee54cf880153fc7de9c506f9afdf63 to remote] DEBUG org.asynchttpclient.netty.request.NettyRequestSender - Using open Channel [id: 0x1153feaa, L:/127.0.0.1:61592 - R:localhost/127.0.0.1:55357] for POST '/session/59ee54cf880153fc7de9c506f9afdf63/url'
23:10:42.027 [AsyncHttpClient-1-1] DEBUG org.asynchttpclient.netty.channel.DefaultChannelPool - Entry count for : http://localhost:61594 : 1
23:10:43.127 [AsyncHttpClient-1-1] DEBUG org.asynchttpclient.netty.channel.DefaultChannelPool - Entry count for : http://localhost:61594 : 1
23:10:44.228 [AsyncHttpClient-1-1] DEBUG org.asynchttpclient.netty.channel.DefaultChannelPool - Entry count for : http://localhost:61594 : 1
23:10:45.320 [AsyncHttpClient-1-1] DEBUG org.asynchttpclient.netty.channel.DefaultChannelPool - Entry count for : http://localhost:61594 : 1
23:10:46.422 [AsyncHttpClient-1-1] DEBUG org.asynchttpclient.netty.channel.DefaultChannelPool - Entry count for : http://localhost:61594 : 1
23:10:47.528 [AsyncHttpClient-1-1] DEBUG org.asynchttpclient.netty.channel.DefaultChannelPool - Entry count for : http://localhost:61594 : 1
23:10:48.620 [AsyncHttpClient-1-1] DEBUG org.asynchttpclient.netty.channel.DefaultChannelPool - Entry count for : http://localhost:61594 : 1
23:10:49.720 [AsyncHttpClient-1-1] DEBUG org.asynchttpclient.netty.channel.DefaultChannelPool - Entry count for : http://localhost:61594 : 1
23:10:49.815 [AsyncHttpClient-1-8] DEBUG org.asynchttpclient.netty.handler.HttpHandler - 

Request DefaultHttpRequest(decodeResult: success, version: HTTP/1.1)
POST /session/59ee54cf880153fc7de9c506f9afdf63/url HTTP/1.1
User-Agent: selenium/4.1.2 (java windows)
Content-Length: 53
Content-Type: application/json; charset=utf-8
host: localhost:55357
accept: */*

Response DefaultHttpResponse(decodeResult: success, version: HTTP/1.1)
HTTP/1.1 200 OK
Content-Type: application/json; charset=utf-8
cache-control: no-cache
content-length: 14

23:10:49.816 [AsyncHttpClient-1-8] DEBUG org.asynchttpclient.netty.channel.ChannelManager - Adding key: http://localhost:55357 for channel [id: 0x1153feaa, L:/127.0.0.1:61592 - R:localhost/127.0.0.1:55357]
23:10:49.819 [Forwarding setTimeout on session 59ee54cf880153fc7de9c506f9afdf63 to remote] DEBUG org.asynchttpclient.netty.request.NettyRequestSender - Using pooled Channel '[id: 0x1153feaa, L:/127.0.0.1:61592 - R:localhost/127.0.0.1:55357]' for 'POST' to 'http://localhost:55357/session/59ee54cf880153fc7de9c506f9afdf63/timeouts'
23:10:49.819 [Forwarding setTimeout on session 59ee54cf880153fc7de9c506f9afdf63 to remote] DEBUG org.asynchttpclient.netty.request.NettyRequestSender - Using open Channel [id: 0x1153feaa, L:/127.0.0.1:61592 - R:localhost/127.0.0.1:55357] for POST '/session/59ee54cf880153fc7de9c506f9afdf63/timeouts'
23:10:49.821 [AsyncHttpClient-1-8] DEBUG org.asynchttpclient.netty.handler.HttpHandler - 

Request DefaultHttpRequest(decodeResult: success, version: HTTP/1.1)
POST /session/59ee54cf880153fc7de9c506f9afdf63/timeouts HTTP/1.1
User-Agent: selenium/4.1.2 (java windows)
Content-Length: 22
Content-Type: application/json; charset=utf-8
host: localhost:55357
accept: */*

Response DefaultHttpResponse(decodeResult: success, version: HTTP/1.1)
HTTP/1.1 200 OK
Content-Type: application/json; charset=utf-8
cache-control: no-cache
content-length: 14

23:10:49.821 [AsyncHttpClient-1-8] DEBUG org.asynchttpclient.netty.channel.ChannelManager - Adding key: http://localhost:55357 for channel [id: 0x1153feaa, L:/127.0.0.1:61592 - R:localhost/127.0.0.1:55357]
23:10:49.825 [Forwarding getCurrentUrl on session 59ee54cf880153fc7de9c506f9afdf63 to remote] DEBUG org.asynchttpclient.netty.request.NettyRequestSender - Using pooled Channel '[id: 0x1153feaa, L:/127.0.0.1:61592 - R:localhost/127.0.0.1:55357]' for 'GET' to 'http://localhost:55357/session/59ee54cf880153fc7de9c506f9afdf63/url'
23:10:49.825 [Forwarding getCurrentUrl on session 59ee54cf880153fc7de9c506f9afdf63 to remote] DEBUG org.asynchttpclient.netty.request.NettyRequestSender - Using open Channel [id: 0x1153feaa, L:/127.0.0.1:61592 - R:localhost/127.0.0.1:55357] for GET '/session/59ee54cf880153fc7de9c506f9afdf63/url'
23:10:49.831 [AsyncHttpClient-1-8] DEBUG org.asynchttpclient.netty.handler.HttpHandler - 

Request DefaultFullHttpRequest(decodeResult: success, version: HTTP/1.1, content: EmptyByteBufBE)
GET /session/59ee54cf880153fc7de9c506f9afdf63/url HTTP/1.1
User-Agent: selenium/4.1.2 (java windows)
Cache-Control: no-cache
Content-Type: application/json; charset=utf-8
host: localhost:55357
accept: */*

Response DefaultHttpResponse(decodeResult: success, version: HTTP/1.1)
HTTP/1.1 200 OK
Content-Type: application/json; charset=utf-8
cache-control: no-cache
content-length: 41

23:10:49.832 [AsyncHttpClient-1-8] DEBUG org.asynchttpclient.netty.channel.ChannelManager - Adding key: http://localhost:55357 for channel [id: 0x1153feaa, L:/127.0.0.1:61592 - R:localhost/127.0.0.1:55357]
  &amp#27;[32mGiven &amp#27;[0m&amp#27;[32mI am on the home page&amp#27;[0m           &amp#27;[90m# starter.stepdefinitions.BabyStep.iAmOnTheHomePage()&amp#27;[0m
23:10:49.839 [Forwarding screenshot on session 59ee54cf880153fc7de9c506f9afdf63 to remote] DEBUG org.asynchttpclient.netty.request.NettyRequestSender - Using pooled Channel '[id: 0x1153feaa, L:/127.0.0.1:61592 - R:localhost/127.0.0.1:55357]' for 'GET' to 'http://localhost:55357/session/59ee54cf880153fc7de9c506f9afdf63/screenshot'
23:10:49.839 [Forwarding screenshot on session 59ee54cf880153fc7de9c506f9afdf63 to remote] DEBUG org.asynchttpclient.netty.request.NettyRequestSender - Using open Channel [id: 0x1153feaa, L:/127.0.0.1:61592 - R:localhost/127.0.0.1:55357] for GET '/session/59ee54cf880153fc7de9c506f9afdf63/screenshot'
23:10:50.159 [AsyncHttpClient-1-8] DEBUG org.asynchttpclient.netty.handler.HttpHandler - 

Request DefaultFullHttpRequest(decodeResult: success, version: HTTP/1.1, content: EmptyByteBufBE)
GET /session/59ee54cf880153fc7de9c506f9afdf63/screenshot HTTP/1.1
User-Agent: selenium/4.1.2 (java windows)
Cache-Control: no-cache
Content-Type: application/json; charset=utf-8
host: localhost:55357
accept: */*

Response DefaultHttpResponse(decodeResult: success, version: HTTP/1.1)
HTTP/1.1 200 OK
Content-Type: application/json; charset=utf-8
cache-control: no-cache
content-length: 1119968

23:10:50.163 [AsyncHttpClient-1-8] DEBUG org.asynchttpclient.netty.channel.ChannelManager - Adding key: http://localhost:55357 for channel [id: 0x1153feaa, L:/127.0.0.1:61592 - R:localhost/127.0.0.1:55357]
23:10:50.200 [main] DEBUG net.serenitybdd.core.photography.Darkroom - Send negative for processing for target\site\serenity\3d1b19ad31921c0beae4332facd941fcc81467ad5802877977ec6c100df601ce.png
23:10:50.208 [Forwarding findElement on session 59ee54cf880153fc7de9c506f9afdf63 to remote] DEBUG org.asynchttpclient.netty.request.NettyRequestSender - Using pooled Channel '[id: 0x1153feaa, L:/127.0.0.1:61592 - R:localhost/127.0.0.1:55357]' for 'POST' to 'http://localhost:55357/session/59ee54cf880153fc7de9c506f9afdf63/element'
23:10:50.208 [Forwarding findElement on session 59ee54cf880153fc7de9c506f9afdf63 to remote] DEBUG org.asynchttpclient.netty.request.NettyRequestSender - Using open Channel [id: 0x1153feaa, L:/127.0.0.1:61592 - R:localhost/127.0.0.1:55357] for POST '/session/59ee54cf880153fc7de9c506f9afdf63/element'
23:10:50.221 [AsyncHttpClient-1-8] DEBUG org.asynchttpclient.netty.handler.HttpHandler - 

Request DefaultHttpRequest(decodeResult: success, version: HTTP/1.1)
POST /session/59ee54cf880153fc7de9c506f9afdf63/element HTTP/1.1
User-Agent: selenium/4.1.2 (java windows)
Content-Length: 81
Content-Type: application/json; charset=utf-8
host: localhost:55357
accept: */*

Response DefaultHttpResponse(decodeResult: success, version: HTTP/1.1)
HTTP/1.1 200 OK
Content-Type: application/json; charset=utf-8
cache-control: no-cache
content-length: 88

23:10:50.221 [AsyncHttpClient-1-8] DEBUG org.asynchttpclient.netty.channel.ChannelManager - Adding key: http://localhost:55357 for channel [id: 0x1153feaa, L:/127.0.0.1:61592 - R:localhost/127.0.0.1:55357]
23:10:50.223 [Forwarding getElementTagName on session 59ee54cf880153fc7de9c506f9afdf63 to remote] DEBUG org.asynchttpclient.netty.request.NettyRequestSender - Using pooled Channel '[id: 0x1153feaa, L:/127.0.0.1:61592 - R:localhost/127.0.0.1:55357]' for 'GET' to 'http://localhost:55357/session/59ee54cf880153fc7de9c506f9afdf63/element/c9fd4032-dda9-41d2-a85a-e764250b725a/name'
23:10:50.223 [Forwarding getElementTagName on session 59ee54cf880153fc7de9c506f9afdf63 to remote] DEBUG org.asynchttpclient.netty.request.NettyRequestSender - Using open Channel [id: 0x1153feaa, L:/127.0.0.1:61592 - R:localhost/127.0.0.1:55357] for GET '/session/59ee54cf880153fc7de9c506f9afdf63/element/c9fd4032-dda9-41d2-a85a-e764250b725a/name'
23:10:50.227 [AsyncHttpClient-1-8] DEBUG org.asynchttpclient.netty.handler.HttpHandler - 

Request DefaultFullHttpRequest(decodeResult: success, version: HTTP/1.1, content: EmptyByteBufBE)
GET /session/59ee54cf880153fc7de9c506f9afdf63/element/c9fd4032-dda9-41d2-a85a-e764250b725a/name HTTP/1.1
User-Agent: selenium/4.1.2 (java windows)
Cache-Control: no-cache
Content-Type: application/json; charset=utf-8
host: localhost:55357
accept: */*

Response DefaultHttpResponse(decodeResult: success, version: HTTP/1.1)
HTTP/1.1 200 OK
Content-Type: application/json; charset=utf-8
cache-control: no-cache
content-length: 16

23:10:50.228 [AsyncHttpClient-1-8] DEBUG org.asynchttpclient.netty.channel.ChannelManager - Adding key: http://localhost:55357 for channel [id: 0x1153feaa, L:/127.0.0.1:61592 - R:localhost/127.0.0.1:55357]
23:10:50.229 [Forwarding getElementTagName on session 59ee54cf880153fc7de9c506f9afdf63 to remote] DEBUG org.asynchttpclient.netty.request.NettyRequestSender - Using pooled Channel '[id: 0x1153feaa, L:/127.0.0.1:61592 - R:localhost/127.0.0.1:55357]' for 'GET' to 'http://localhost:55357/session/59ee54cf880153fc7de9c506f9afdf63/element/c9fd4032-dda9-41d2-a85a-e764250b725a/name'
23:10:50.229 [Forwarding getElementTagName on session 59ee54cf880153fc7de9c506f9afdf63 to remote] DEBUG org.asynchttpclient.netty.request.NettyRequestSender - Using open Channel [id: 0x1153feaa, L:/127.0.0.1:61592 - R:localhost/127.0.0.1:55357] for GET '/session/59ee54cf880153fc7de9c506f9afdf63/element/c9fd4032-dda9-41d2-a85a-e764250b725a/name'
23:10:50.232 [AsyncHttpClient-1-8] DEBUG org.asynchttpclient.netty.handler.HttpHandler - 

Request DefaultFullHttpRequest(decodeResult: success, version: HTTP/1.1, content: EmptyByteBufBE)
GET /session/59ee54cf880153fc7de9c506f9afdf63/element/c9fd4032-dda9-41d2-a85a-e764250b725a/name HTTP/1.1
User-Agent: selenium/4.1.2 (java windows)
Cache-Control: no-cache
Content-Type: application/json; charset=utf-8
host: localhost:55357
accept: */*

Response DefaultHttpResponse(decodeResult: success, version: HTTP/1.1)
HTTP/1.1 200 OK
Content-Type: application/json; charset=utf-8
cache-control: no-cache
content-length: 16

23:10:50.233 [AsyncHttpClient-1-8] DEBUG org.asynchttpclient.netty.channel.ChannelManager - Adding key: http://localhost:55357 for channel [id: 0x1153feaa, L:/127.0.0.1:61592 - R:localhost/127.0.0.1:55357]
23:10:50.235 [Forwarding findElement on session 59ee54cf880153fc7de9c506f9afdf63 to remote] DEBUG org.asynchttpclient.netty.request.NettyRequestSender - Using pooled Channel '[id: 0x1153feaa, L:/127.0.0.1:61592 - R:localhost/127.0.0.1:55357]' for 'POST' to 'http://localhost:55357/session/59ee54cf880153fc7de9c506f9afdf63/element'
23:10:50.235 [Forwarding findElement on session 59ee54cf880153fc7de9c506f9afdf63 to remote] DEBUG org.asynchttpclient.netty.request.NettyRequestSender - Using open Channel [id: 0x1153feaa, L:/127.0.0.1:61592 - R:localhost/127.0.0.1:55357] for POST '/session/59ee54cf880153fc7de9c506f9afdf63/element'
23:10:50.242 [AsyncHttpClient-1-8] DEBUG org.asynchttpclient.netty.handler.HttpHandler - 

Request DefaultHttpRequest(decodeResult: success, version: HTTP/1.1)
POST /session/59ee54cf880153fc7de9c506f9afdf63/element HTTP/1.1
User-Agent: selenium/4.1.2 (java windows)
Content-Length: 81
Content-Type: application/json; charset=utf-8
host: localhost:55357
accept: */*

Response DefaultHttpResponse(decodeResult: success, version: HTTP/1.1)
HTTP/1.1 200 OK
Content-Type: application/json; charset=utf-8
cache-control: no-cache
content-length: 88

23:10:50.242 [AsyncHttpClient-1-8] DEBUG org.asynchttpclient.netty.channel.ChannelManager - Adding key: http://localhost:55357 for channel [id: 0x1153feaa, L:/127.0.0.1:61592 - R:localhost/127.0.0.1:55357]
23:10:50.243 [Forwarding clickElement on session 59ee54cf880153fc7de9c506f9afdf63 to remote] DEBUG org.asynchttpclient.netty.request.NettyRequestSender - Using pooled Channel '[id: 0x1153feaa, L:/127.0.0.1:61592 - R:localhost/127.0.0.1:55357]' for 'POST' to 'http://localhost:55357/session/59ee54cf880153fc7de9c506f9afdf63/element/c9fd4032-dda9-41d2-a85a-e764250b725a/click'
23:10:50.244 [Forwarding clickElement on session 59ee54cf880153fc7de9c506f9afdf63 to remote] DEBUG org.asynchttpclient.netty.request.NettyRequestSender - Using open Channel [id: 0x1153feaa, L:/127.0.0.1:61592 - R:localhost/127.0.0.1:55357] for POST '/session/59ee54cf880153fc7de9c506f9afdf63/element/c9fd4032-dda9-41d2-a85a-e764250b725a/click'
23:10:50.651 [AsyncHttpClient-1-8] DEBUG org.asynchttpclient.netty.handler.HttpHandler - 

Request DefaultHttpRequest(decodeResult: success, version: HTTP/1.1)
POST /session/59ee54cf880153fc7de9c506f9afdf63/element/c9fd4032-dda9-41d2-a85a-e764250b725a/click HTTP/1.1
User-Agent: selenium/4.1.2 (java windows)
Content-Length: 50
Content-Type: application/json; charset=utf-8
host: localhost:55357
accept: */*

Response DefaultHttpResponse(decodeResult: success, version: HTTP/1.1)
HTTP/1.1 200 OK
Content-Type: application/json; charset=utf-8
cache-control: no-cache
content-length: 14

23:10:50.651 [AsyncHttpClient-1-8] DEBUG org.asynchttpclient.netty.channel.ChannelManager - Adding key: http://localhost:55357 for channel [id: 0x1153feaa, L:/127.0.0.1:61592 - R:localhost/127.0.0.1:55357]
  &amp#27;[32mThen &amp#27;[0m&amp#27;[32mI click baby on the header&amp#27;[0m       &amp#27;[90m# starter.stepdefinitions.BabyStep.iClickBabyOnTheHeader()&amp#27;[0m
23:10:50.663 [Forwarding screenshot on session 59ee54cf880153fc7de9c506f9afdf63 to remote] DEBUG org.asynchttpclient.netty.request.NettyRequestSender - Using pooled Channel '[id: 0x1153feaa, L:/127.0.0.1:61592 - R:localhost/127.0.0.1:55357]' for 'GET' to 'http://localhost:55357/session/59ee54cf880153fc7de9c506f9afdf63/screenshot'
23:10:50.663 [Forwarding screenshot on session 59ee54cf880153fc7de9c506f9afdf63 to remote] DEBUG org.asynchttpclient.netty.request.NettyRequestSender - Using open Channel [id: 0x1153feaa, L:/127.0.0.1:61592 - R:localhost/127.0.0.1:55357] for GET '/session/59ee54cf880153fc7de9c506f9afdf63/screenshot'
23:10:50.820 [AsyncHttpClient-1-1] DEBUG org.asynchttpclient.netty.channel.DefaultChannelPool - Entry count for : http://localhost:61594 : 1
23:10:51.015 [AsyncHttpClient-1-8] DEBUG org.asynchttpclient.netty.handler.HttpHandler - 

Request DefaultFullHttpRequest(decodeResult: success, version: HTTP/1.1, content: EmptyByteBufBE)
GET /session/59ee54cf880153fc7de9c506f9afdf63/screenshot HTTP/1.1
User-Agent: selenium/4.1.2 (java windows)
Cache-Control: no-cache
Content-Type: application/json; charset=utf-8
host: localhost:55357
accept: */*

Response DefaultHttpResponse(decodeResult: success, version: HTTP/1.1)
HTTP/1.1 200 OK
Content-Type: application/json; charset=utf-8
cache-control: no-cache
content-length: 62380

23:10:51.016 [AsyncHttpClient-1-8] DEBUG org.asynchttpclient.netty.channel.ChannelManager - Adding key: http://localhost:55357 for channel [id: 0x1153feaa, L:/127.0.0.1:61592 - R:localhost/127.0.0.1:55357]
23:10:51.018 [main] DEBUG net.serenitybdd.core.photography.Darkroom - Send negative for processing for target\site\serenity\591e32855168849e8206f5112ebc46321f164d544b599475838af1130bb73c0e.png
23:10:51.019 [Darkroom Processing Line] DEBUG net.serenitybdd.core.photography.DarkroomProcessingLine - Processing screenshot image in /var/screenshots/screenshot-2663397174627299333
23:10:51.019 [Darkroom Processing Line] DEBUG net.serenitybdd.core.photography.DarkroomProcessingLine - Saving screenshot to target\site\serenity\591e32855168849e8206f5112ebc46321f164d544b599475838af1130bb73c0e.png
23:10:51.031 [Forwarding findElement on session 59ee54cf880153fc7de9c506f9afdf63 to remote] DEBUG org.asynchttpclient.netty.request.NettyRequestSender - Using pooled Channel '[id: 0x1153feaa, L:/127.0.0.1:61592 - R:localhost/127.0.0.1:55357]' for 'POST' to 'http://localhost:55357/session/59ee54cf880153fc7de9c506f9afdf63/element'
23:10:51.032 [Forwarding findElement on session 59ee54cf880153fc7de9c506f9afdf63 to remote] DEBUG org.asynchttpclient.netty.request.NettyRequestSender - Using open Channel [id: 0x1153feaa, L:/127.0.0.1:61592 - R:localhost/127.0.0.1:55357] for POST '/session/59ee54cf880153fc7de9c506f9afdf63/element'
23:10:51.044 [AsyncHttpClient-1-8] DEBUG org.asynchttpclient.netty.handler.HttpHandler - 

Request DefaultHttpRequest(decodeResult: success, version: HTTP/1.1)
POST /session/59ee54cf880153fc7de9c506f9afdf63/element HTTP/1.1
User-Agent: selenium/4.1.2 (java windows)
Content-Length: 107
Content-Type: application/json; charset=utf-8
host: localhost:55357
accept: */*

Response DefaultHttpResponse(decodeResult: success, version: HTTP/1.1)
HTTP/1.1 200 OK
Content-Type: application/json; charset=utf-8
cache-control: no-cache
content-length: 88

23:10:51.044 [AsyncHttpClient-1-8] DEBUG org.asynchttpclient.netty.channel.ChannelManager - Adding key: http://localhost:55357 for channel [id: 0x1153feaa, L:/127.0.0.1:61592 - R:localhost/127.0.0.1:55357]
23:10:51.046 [Forwarding getElementTagName on session 59ee54cf880153fc7de9c506f9afdf63 to remote] DEBUG org.asynchttpclient.netty.request.NettyRequestSender - Using pooled Channel '[id: 0x1153feaa, L:/127.0.0.1:61592 - R:localhost/127.0.0.1:55357]' for 'GET' to 'http://localhost:55357/session/59ee54cf880153fc7de9c506f9afdf63/element/7a764a0d-5261-45ac-9c65-6e1fe4e0f3f3/name'
23:10:51.046 [Forwarding getElementTagName on session 59ee54cf880153fc7de9c506f9afdf63 to remote] DEBUG org.asynchttpclient.netty.request.NettyRequestSender - Using open Channel [id: 0x1153feaa, L:/127.0.0.1:61592 - R:localhost/127.0.0.1:55357] for GET '/session/59ee54cf880153fc7de9c506f9afdf63/element/7a764a0d-5261-45ac-9c65-6e1fe4e0f3f3/name'
23:10:51.051 [AsyncHttpClient-1-8] DEBUG org.asynchttpclient.netty.handler.HttpHandler - 

Request DefaultFullHttpRequest(decodeResult: success, version: HTTP/1.1, content: EmptyByteBufBE)
GET /session/59ee54cf880153fc7de9c506f9afdf63/element/7a764a0d-5261-45ac-9c65-6e1fe4e0f3f3/name HTTP/1.1
User-Agent: selenium/4.1.2 (java windows)
Cache-Control: no-cache
Content-Type: application/json; charset=utf-8
host: localhost:55357
accept: */*

Response DefaultHttpResponse(decodeResult: success, version: HTTP/1.1)
HTTP/1.1 200 OK
Content-Type: application/json; charset=utf-8
cache-control: no-cache
content-length: 16

23:10:51.051 [AsyncHttpClient-1-8] DEBUG org.asynchttpclient.netty.channel.ChannelManager - Adding key: http://localhost:55357 for channel [id: 0x1153feaa, L:/127.0.0.1:61592 - R:localhost/127.0.0.1:55357]
23:10:51.053 [Forwarding getElementTagName on session 59ee54cf880153fc7de9c506f9afdf63 to remote] DEBUG org.asynchttpclient.netty.request.NettyRequestSender - Using pooled Channel '[id: 0x1153feaa, L:/127.0.0.1:61592 - R:localhost/127.0.0.1:55357]' for 'GET' to 'http://localhost:55357/session/59ee54cf880153fc7de9c506f9afdf63/element/7a764a0d-5261-45ac-9c65-6e1fe4e0f3f3/name'
23:10:51.053 [Forwarding getElementTagName on session 59ee54cf880153fc7de9c506f9afdf63 to remote] DEBUG org.asynchttpclient.netty.request.NettyRequestSender - Using open Channel [id: 0x1153feaa, L:/127.0.0.1:61592 - R:localhost/127.0.0.1:55357] for GET '/session/59ee54cf880153fc7de9c506f9afdf63/element/7a764a0d-5261-45ac-9c65-6e1fe4e0f3f3/name'
23:10:51.060 [AsyncHttpClient-1-8] DEBUG org.asynchttpclient.netty.handler.HttpHandler - 

Request DefaultFullHttpRequest(decodeResult: success, version: HTTP/1.1, content: EmptyByteBufBE)
GET /session/59ee54cf880153fc7de9c506f9afdf63/element/7a764a0d-5261-45ac-9c65-6e1fe4e0f3f3/name HTTP/1.1
User-Agent: selenium/4.1.2 (java windows)
Cache-Control: no-cache
Content-Type: application/json; charset=utf-8
host: localhost:55357
accept: */*

Response DefaultHttpResponse(decodeResult: success, version: HTTP/1.1)
HTTP/1.1 200 OK
Content-Type: application/json; charset=utf-8
cache-control: no-cache
content-length: 16

23:10:51.061 [AsyncHttpClient-1-8] DEBUG org.asynchttpclient.netty.channel.ChannelManager - Adding key: http://localhost:55357 for channel [id: 0x1153feaa, L:/127.0.0.1:61592 - R:localhost/127.0.0.1:55357]
23:10:51.065 [Forwarding findElement on session 59ee54cf880153fc7de9c506f9afdf63 to remote] DEBUG org.asynchttpclient.netty.request.NettyRequestSender - Using pooled Channel '[id: 0x1153feaa, L:/127.0.0.1:61592 - R:localhost/127.0.0.1:55357]' for 'POST' to 'http://localhost:55357/session/59ee54cf880153fc7de9c506f9afdf63/element'
23:10:51.065 [Forwarding findElement on session 59ee54cf880153fc7de9c506f9afdf63 to remote] DEBUG org.asynchttpclient.netty.request.NettyRequestSender - Using open Channel [id: 0x1153feaa, L:/127.0.0.1:61592 - R:localhost/127.0.0.1:55357] for POST '/session/59ee54cf880153fc7de9c506f9afdf63/element'
23:10:51.084 [AsyncHttpClient-1-8] DEBUG org.asynchttpclient.netty.handler.HttpHandler - 

Request DefaultHttpRequest(decodeResult: success, version: HTTP/1.1)
POST /session/59ee54cf880153fc7de9c506f9afdf63/element HTTP/1.1
User-Agent: selenium/4.1.2 (java windows)
Content-Length: 107
Content-Type: application/json; charset=utf-8
host: localhost:55357
accept: */*

Response DefaultHttpResponse(decodeResult: success, version: HTTP/1.1)
HTTP/1.1 200 OK
Content-Type: application/json; charset=utf-8
cache-control: no-cache
content-length: 88

23:10:51.084 [AsyncHttpClient-1-8] DEBUG org.asynchttpclient.netty.channel.ChannelManager - Adding key: http://localhost:55357 for channel [id: 0x1153feaa, L:/127.0.0.1:61592 - R:localhost/127.0.0.1:55357]
23:10:51.086 [Forwarding clickElement on session 59ee54cf880153fc7de9c506f9afdf63 to remote] DEBUG org.asynchttpclient.netty.request.NettyRequestSender - Using pooled Channel '[id: 0x1153feaa, L:/127.0.0.1:61592 - R:localhost/127.0.0.1:55357]' for 'POST' to 'http://localhost:55357/session/59ee54cf880153fc7de9c506f9afdf63/element/7a764a0d-5261-45ac-9c65-6e1fe4e0f3f3/click'
23:10:51.086 [Forwarding clickElement on session 59ee54cf880153fc7de9c506f9afdf63 to remote] DEBUG org.asynchttpclient.netty.request.NettyRequestSender - Using open Channel [id: 0x1153feaa, L:/127.0.0.1:61592 - R:localhost/127.0.0.1:55357] for POST '/session/59ee54cf880153fc7de9c506f9afdf63/element/7a764a0d-5261-45ac-9c65-6e1fe4e0f3f3/click'
23:10:51.281 [AsyncHttpClient-1-8] DEBUG org.asynchttpclient.netty.handler.HttpHandler - 

Request DefaultHttpRequest(decodeResult: success, version: HTTP/1.1)
POST /session/59ee54cf880153fc7de9c506f9afdf63/element/7a764a0d-5261-45ac-9c65-6e1fe4e0f3f3/click HTTP/1.1
User-Agent: selenium/4.1.2 (java windows)
Content-Length: 50
Content-Type: application/json; charset=utf-8
host: localhost:55357
accept: */*

Response DefaultHttpResponse(decodeResult: success, version: HTTP/1.1)
HTTP/1.1 200 OK
Content-Type: application/json; charset=utf-8
cache-control: no-cache
content-length: 14

23:10:51.282 [AsyncHttpClient-1-8] DEBUG org.asynchttpclient.netty.channel.ChannelManager - Adding key: http://localhost:55357 for channel [id: 0x1153feaa, L:/127.0.0.1:61592 - R:localhost/127.0.0.1:55357]
  &amp#27;[32mWhen &amp#27;[0m&amp#27;[32mI will go to aksesoris bayi satu&amp#27;[0m &amp#27;[90m# starter.stepdefinitions.BabyStep.iWillGoToAksesorisBayiSatu()&amp#27;[0m
23:10:51.291 [Forwarding screenshot on session 59ee54cf880153fc7de9c506f9afdf63 to remote] DEBUG org.asynchttpclient.netty.request.NettyRequestSender - Using pooled Channel '[id: 0x1153feaa, L:/127.0.0.1:61592 - R:localhost/127.0.0.1:55357]' for 'GET' to 'http://localhost:55357/session/59ee54cf880153fc7de9c506f9afdf63/screenshot'
23:10:51.291 [Forwarding screenshot on session 59ee54cf880153fc7de9c506f9afdf63 to remote] DEBUG org.asynchttpclient.netty.request.NettyRequestSender - Using open Channel [id: 0x1153feaa, L:/127.0.0.1:61592 - R:localhost/127.0.0.1:55357] for GET '/session/59ee54cf880153fc7de9c506f9afdf63/screenshot'
23:10:51.409 [AsyncHttpClient-1-8] DEBUG org.asynchttpclient.netty.handler.HttpHandler - 

Request DefaultFullHttpRequest(decodeResult: success, version: HTTP/1.1, content: EmptyByteBufBE)
GET /session/59ee54cf880153fc7de9c506f9afdf63/screenshot HTTP/1.1
User-Agent: selenium/4.1.2 (java windows)
Cache-Control: no-cache
Content-Type: application/json; charset=utf-8
host: localhost:55357
accept: */*

Response DefaultHttpResponse(decodeResult: success, version: HTTP/1.1)
HTTP/1.1 200 OK
Content-Type: application/json; charset=utf-8
cache-control: no-cache
content-length: 88728

23:10:51.410 [AsyncHttpClient-1-8] DEBUG org.asynchttpclient.netty.channel.ChannelManager - Adding key: http://localhost:55357 for channel [id: 0x1153feaa, L:/127.0.0.1:61592 - R:localhost/127.0.0.1:55357]
23:10:51.415 [main] DEBUG net.serenitybdd.core.photography.Darkroom - Send negative for processing for target\site\serenity\8a483a1ff5f3e8e1280eb90cf801069aefd28029c03ea3e15cbc607833bb1307.png
23:10:51.415 [Darkroom Processing Line] DEBUG net.serenitybdd.core.photography.DarkroomProcessingLine - Processing screenshot image in /var/screenshots/screenshot-13804677639908276553
23:10:51.415 [Darkroom Processing Line] DEBUG net.serenitybdd.core.photography.DarkroomProcessingLine - Saving screenshot to target\site\serenity\8a483a1ff5f3e8e1280eb90cf801069aefd28029c03ea3e15cbc607833bb1307.png
23:10:51.416 [main] INFO  - 
  _____   ___   ___   _____     ___     _     ___   ___   ___   ___  
 |_   _| | __| / __| |_   _|   | _ \   /_\   / __| / __| | __| |   \ 
   | |   | _|  \__ \   | |     |  _/  / _ \  \__ \ \__ \ | _|  | |) |
   |_|   |___| |___/   |_|     |_|   /_/ \_\ |___/ |___/ |___| |___/ 

Menu Aksesoris bayi 1
----------------------------------------------------------------------
23:10:51.418 [AsyncHttpClient-1-10] DEBUG org.asynchttpclient.netty.handler.WebSocketHandler - Channel Closed: [id: 0x2268e2d4, L:/127.0.0.1:61602 ! R:localhost/127.0.0.1:61594] with attribute NettyResponseFuture{currentRetry=5,
	isDone=1,
	isCancelled=0,
	asyncHandler=org.asynchttpclient.ws.WebSocketUpgradeHandler@5ca8b643,
	nettyRequest=org.asynchttpclient.netty.request.NettyRequest@19aa23b2,
	future=java.util.concurrent.CompletableFuture@49c3ccf1[Completed normally],
	uri=ws://localhost:61594/devtools/browser/58c1aec4-23c7-4c0d-9b0e-a01db0d26c33,
	keepAlive=true,
	redirectCount=0,
	timeoutsHolder=null,
	inAuth=0,
	touch=1680538241748}
23:10:51.418 [Driver Command Executor] DEBUG org.asynchttpclient.netty.request.NettyRequestSender - Using pooled Channel '[id: 0x1153feaa, L:/127.0.0.1:61592 - R:localhost/127.0.0.1:55357]' for 'DELETE' to 'http://localhost:55357/session/59ee54cf880153fc7de9c506f9afdf63'
23:10:51.418 [AsyncHttpClient-1-10] DEBUG org.asynchttpclient.netty.channel.ChannelManager - Closing Channel [id: 0x2268e2d4, L:/127.0.0.1:61602 ! R:localhost/127.0.0.1:61594] 
23:10:51.418 [Driver Command Executor] DEBUG org.asynchttpclient.netty.request.NettyRequestSender - Using open Channel [id: 0x1153feaa, L:/127.0.0.1:61592 - R:localhost/127.0.0.1:55357] for DELETE '/session/59ee54cf880153fc7de9c506f9afdf63'
23:10:51.442 [AsyncHttpClient-1-9] DEBUG org.asynchttpclient.netty.handler.HttpHandler - Unexpected I/O exception on channel [id: 0xf376b0b8, L:/127.0.0.1:61601 - R:localhost/127.0.0.1:61594]
java.net.SocketException: Connection reset
	at java.base/sun.nio.ch.SocketChannelImpl.throwConnectionReset(SocketChannelImpl.java:345)
	at java.base/sun.nio.ch.SocketChannelImpl.read(SocketChannelImpl.java:376)
	at io.netty.buffer.PooledByteBuf.setBytes(PooledByteBuf.java:258)
	at io.netty.buffer.AbstractByteBuf.writeBytes(AbstractByteBuf.java:1132)
	at io.netty.channel.socket.nio.NioSocketChannel.doReadBytes(NioSocketChannel.java:350)
	at io.netty.channel.nio.AbstractNioByteChannel$NioByteUnsafe.read(AbstractNioByteChannel.java:151)
	at io.netty.channel.nio.NioEventLoop.processSelectedKey(NioEventLoop.java:722)
	at io.netty.channel.nio.NioEventLoop.processSelectedKeysOptimized(NioEventLoop.java:658)
	at io.netty.channel.nio.NioEventLoop.processSelectedKeys(NioEventLoop.java:584)
	at io.netty.channel.nio.NioEventLoop.run(NioEventLoop.java:496)
	at io.netty.util.concurrent.SingleThreadEventExecutor$4.run(SingleThreadEventExecutor.java:986)
	at io.netty.util.internal.ThreadExecutorMap$2.run(ThreadExecutorMap.java:74)
	at io.netty.util.concurrent.FastThreadLocalRunnable.run(FastThreadLocalRunnable.java:30)
	at java.base/java.lang.Thread.run(Thread.java:830)
23:10:51.443 [AsyncHttpClient-1-9] DEBUG org.asynchttpclient.netty.channel.ChannelManager - Closing Channel [id: 0xf376b0b8, L:/127.0.0.1:61601 - R:localhost/127.0.0.1:61594] 
23:10:51.443 [AsyncHttpClient-1-9] DEBUG org.asynchttpclient.netty.handler.HttpHandler - Channel Closed: [id: 0xf376b0b8, L:/127.0.0.1:61601 ! R:localhost/127.0.0.1:61594] with attribute DISCARD
23:10:51.460 [AsyncHttpClient-1-8] DEBUG org.asynchttpclient.netty.handler.HttpHandler - 

Request DefaultFullHttpRequest(decodeResult: success, version: HTTP/1.1, content: EmptyByteBufBE)
DELETE /session/59ee54cf880153fc7de9c506f9afdf63 HTTP/1.1
User-Agent: selenium/4.1.2 (java windows)
Content-Type: application/json; charset=utf-8
host: localhost:55357
accept: */*

Response DefaultHttpResponse(decodeResult: success, version: HTTP/1.1)
HTTP/1.1 200 OK
Content-Type: application/json; charset=utf-8
cache-control: no-cache
content-length: 14

23:10:51.460 [AsyncHttpClient-1-8] DEBUG org.asynchttpclient.netty.channel.ChannelManager - Adding key: http://localhost:55357 for channel [id: 0x1153feaa, L:/127.0.0.1:61592 - R:localhost/127.0.0.1:55357]
23:10:51.596 [AsyncHttpClient-1-8] DEBUG org.asynchttpclient.netty.handler.HttpHandler - Channel Closed: [id: 0x1153feaa, L:/127.0.0.1:61592 ! R:localhost/127.0.0.1:55357] with attribute DISCARD
23:10:51.921 [AsyncHttpClient-1-1] DEBUG org.asynchttpclient.netty.channel.DefaultChannelPool - Entry count for : http://localhost:61594 : 1
23:10:51.921 [AsyncHttpClient-1-1] DEBUG org.asynchttpclient.netty.channel.DefaultChannelPool - Entry count for : http://localhost:55357 : 1
23:10:51.921 [AsyncHttpClient-1-1] DEBUG org.asynchttpclient.netty.channel.DefaultChannelPool - Adding Candidate expired Channel [id: 0xf376b0b8, L:/127.0.0.1:61601 ! R:localhost/127.0.0.1:61594] isIdleTimeoutExpired=false isRemotelyClosed=true isTtlExpired=false
23:10:51.921 [AsyncHttpClient-1-1] DEBUG org.asynchttpclient.netty.channel.DefaultChannelPool - Closing Idle Channel [id: 0xf376b0b8, L:/127.0.0.1:61601 ! R:localhost/127.0.0.1:61594]
23:10:51.921 [AsyncHttpClient-1-1] DEBUG org.asynchttpclient.netty.channel.DefaultChannelPool - Adding Candidate expired Channel [id: 0x1153feaa, L:/127.0.0.1:61592 ! R:localhost/127.0.0.1:55357] isIdleTimeoutExpired=false isRemotelyClosed=true isTtlExpired=false
23:10:51.921 [AsyncHttpClient-1-1] DEBUG org.asynchttpclient.netty.channel.DefaultChannelPool - Closing Idle Channel [id: 0x1153feaa, L:/127.0.0.1:61592 ! R:localhost/127.0.0.1:55357]
23:10:51.921 [AsyncHttpClient-1-1] DEBUG org.asynchttpclient.netty.channel.DefaultChannelPool - Closed 2 connections out of 2 in 0 ms
]]></system-out>
    <system-err><![CDATA[Starting Microsoft Edge WebDriver 111.0.1661.62 (0a8f453929e6410c973aa529a40485ce4e3e03db) on port 55357
To submit feedback, report a bug, or suggest new features, please visit https://github.com/MicrosoftEdge/EdgeWebDriver

Only local connections are allowed.
Please see https://aka.ms/WebDriverSecurity for suggestions on keeping Microsoft Edge WebDriver safe.

Microsoft Edge WebDriver was started successfully.
Apr 03, 2023 11:10:41 PM org.openqa.selenium.remote.ProtocolHandshake createSession
INFO: Detected dialect: W3C
Apr 03, 2023 11:10:41 PM org.openqa.selenium.devtools.CdpVersionFinder findNearestMatch
WARNING: Unable to find an exact match for CDP version 111, so returning the closest version found: a no-op implementation
Apr 03, 2023 11:10:41 PM org.openqa.selenium.devtools.CdpVersionFinder findNearestMatch
INFO: Unable to find CDP implementation matching 111.
Apr 03, 2023 11:10:41 PM org.openqa.selenium.chromium.ChromiumDriver lambda$new$3
WARNING: Unable to find version of CDP to use for . You may need to include a dependency on a specific version of the CDP using something similar to `org.seleniumhq.selenium:selenium-devtools-v86:4.1.2` where the version ("v86") matches the version of the chromium-based browser you're using and the version number of the artifact is the same as Selenium's.
]]></system-err>
  </testcase>
  <testcase name="Menu Koleksi Newborn" classname="Baby" time="11.384">
    <system-out><![CDATA[
Scenario: Menu Koleksi Newborn      &amp#27;[90m# src/test/resources/features/Baby.feature:21&amp#27;[0m
23:10:52.210 [main] INFO io.cucumber.core.plugin.SerenityReporter - Running feature from file:///C:/Users/alwi/IdeaProjects/uniqloweb/src/test/resources/features/Baby.feature
23:10:52.216 [main] INFO  - 
  _____   ___   ___   _____     ___   _____     _     ___   _____   ___   ___  
 |_   _| | __| / __| |_   _|   / __| |_   _|   /_\   | _ \ |_   _| | __| |   \ 
   | |   | _|  \__ \   | |     \__ \   | |    / _ \  |   /   | |   | _|  | |) |
   |_|   |___| |___/   |_|     |___/   |_|   /_/ \_\ |_|_\   |_|   |___| |___/ 

Menu Koleksi Newborn(baby;menu-koleksi-newborn)
--------------------------------------------------------------------------------
23:10:52.341 [main] DEBUG io.github.bonigarcia.wdm.cache.ResolutionCache - Resolution edge=111 in cache (valid until 23:36:32 03/04/2023 WIB)
23:10:52.345 [main] DEBUG io.github.bonigarcia.wdm.cache.ResolutionCache - Resolution edge111=111.0.1661.62 in cache (valid until 12:22:00 04/04/2023 WIB)
23:10:52.347 [main] INFO io.github.bonigarcia.wdm.WebDriverManager - Using msedgedriver 111.0.1661.62 (resolved driver for Edge 111)
23:10:52.359 [main] DEBUG io.github.bonigarcia.wdm.WebDriverManager - Driver msedgedriver 111.0.1661.62 found in cache
23:10:52.359 [main] INFO io.github.bonigarcia.wdm.WebDriverManager - Exporting webdriver.edge.driver as C:\Users\alwi\.cache\selenium\msedgedriver\win64\111.0.1661.62\msedgedriver.exe
23:10:52.362 [main] DEBUG net.serenitybdd.core.webdriver.driverproviders.ProvideNewDriver - Instantiating driver
23:10:52.362 [main] DEBUG net.serenitybdd.core.webdriver.driverproviders.ProvideNewDriver - Driver capabilities: Capabilities {base.url: https://www.uniqlo.com, chrome.driver: src/test/resources/webdrive..., driver: edge, ms:edgeChromium: true, ms:edgeOptions: {}, wait.for.timeout: 6000}
23:10:52.903 [AsyncHttpClient-1-11] DEBUG org.asynchttpclient.netty.channel.NettyConnectListener - Using new Channel '[id: 0x1b7ab6e5, L:/127.0.0.1:61736 - R:localhost/127.0.0.1:58166]' for 'POST' to '/session'
23:10:53.481 [AsyncHttpClient-1-11] DEBUG org.asynchttpclient.netty.handler.HttpHandler - 

Request DefaultHttpRequest(decodeResult: success, version: HTTP/1.1)
POST /session HTTP/1.1
User-Agent: selenium/4.1.2 (java windows)
Content-Length: 627
Content-Type: application/json; charset=utf-8
host: localhost:58166
accept: */*

Response DefaultHttpResponse(decodeResult: success, version: HTTP/1.1)
HTTP/1.1 200 OK
Content-Type: application/json; charset=utf-8
cache-control: no-cache
content-length: 824

23:10:53.481 [AsyncHttpClient-1-11] DEBUG org.asynchttpclient.netty.channel.ChannelManager - Adding key: http://localhost:58166 for channel [id: 0x1b7ab6e5, L:/127.0.0.1:61736 - R:localhost/127.0.0.1:58166]
23:10:53.489 [AsyncHttpClient-1-12] DEBUG org.asynchttpclient.netty.channel.NettyConnectListener - Using new Channel '[id: 0x9b20c9c0, L:/127.0.0.1:61744 - R:localhost/127.0.0.1:61737]' for 'GET' to '/json/version'
23:10:53.492 [AsyncHttpClient-1-12] DEBUG org.asynchttpclient.netty.handler.HttpHandler - 

Request DefaultFullHttpRequest(decodeResult: success, version: HTTP/1.1, content: EmptyByteBufBE)
GET /json/version HTTP/1.1
User-Agent: selenium/4.1.2 (java windows)
host: localhost:61737
accept: */*

Response DefaultHttpResponse(decodeResult: success, version: HTTP/1.1)
HTTP/1.1 200 OK
Content-Security-Policy: frame-ancestors 'none'
Content-Type: application/json; charset=UTF-8
content-length: 436

23:10:53.493 [AsyncHttpClient-1-12] DEBUG org.asynchttpclient.netty.channel.ChannelManager - Adding key: http://localhost:61737 for channel [id: 0x9b20c9c0, L:/127.0.0.1:61744 - R:localhost/127.0.0.1:61737]
23:10:53.496 [AsyncHttpClient-1-13] DEBUG org.asynchttpclient.netty.channel.NettyConnectListener - Using new Channel '[id: 0xb2dc6434, L:/127.0.0.1:61745 - R:localhost/127.0.0.1:61737]' for 'GET' to '/devtools/browser/11ffa113-bbb2-471c-a952-d09411b797f7'
23:10:53.500 [AsyncHttpClient-1-13] DEBUG org.asynchttpclient.netty.handler.WebSocketHandler - 

Request DefaultFullHttpRequest(decodeResult: success, version: HTTP/1.1, content: EmptyByteBufBE)
GET /devtools/browser/11ffa113-bbb2-471c-a952-d09411b797f7 HTTP/1.1
upgrade: websocket
connection: upgrade
sec-websocket-key: K05QPEYjRawvPdmXJfWuEQ==
sec-websocket-version: 13
origin: http://localhost:61737
host: localhost:61737
accept: */*
user-agent: AHC/2.1

Response DefaultHttpResponse(decodeResult: success, version: HTTP/1.1)
HTTP/1.1 101 WebSocket Protocol Handshake
Upgrade: WebSocket
Connection: Upgrade
Sec-WebSocket-Accept: +nPSg7lgQDTJSrnuY5R0d4dQUvI=

23:10:53.506 [Forwarding get on session 37b1b056fd6ab617a7e7304651ece88b to remote] DEBUG org.asynchttpclient.netty.request.NettyRequestSender - Using pooled Channel '[id: 0x1b7ab6e5, L:/127.0.0.1:61736 - R:localhost/127.0.0.1:58166]' for 'POST' to 'http://localhost:58166/session/37b1b056fd6ab617a7e7304651ece88b/url'
23:10:53.506 [Forwarding get on session 37b1b056fd6ab617a7e7304651ece88b to remote] DEBUG org.asynchttpclient.netty.request.NettyRequestSender - Using open Channel [id: 0x1b7ab6e5, L:/127.0.0.1:61736 - R:localhost/127.0.0.1:58166] for POST '/session/37b1b056fd6ab617a7e7304651ece88b/url'
23:10:54.122 [AsyncHttpClient-1-1] DEBUG org.asynchttpclient.netty.channel.DefaultChannelPool - Entry count for : http://localhost:61737 : 1
23:10:55.219 [AsyncHttpClient-1-1] DEBUG org.asynchttpclient.netty.channel.DefaultChannelPool - Entry count for : http://localhost:61737 : 1
23:10:56.326 [AsyncHttpClient-1-1] DEBUG org.asynchttpclient.netty.channel.DefaultChannelPool - Entry count for : http://localhost:61737 : 1
23:10:57.419 [AsyncHttpClient-1-1] DEBUG org.asynchttpclient.netty.channel.DefaultChannelPool - Entry count for : http://localhost:61737 : 1
23:10:58.525 [AsyncHttpClient-1-1] DEBUG org.asynchttpclient.netty.channel.DefaultChannelPool - Entry count for : http://localhost:61737 : 1
23:10:59.619 [AsyncHttpClient-1-1] DEBUG org.asynchttpclient.netty.channel.DefaultChannelPool - Entry count for : http://localhost:61737 : 1
23:11:00.385 [AsyncHttpClient-1-11] DEBUG org.asynchttpclient.netty.handler.HttpHandler - 

Request DefaultHttpRequest(decodeResult: success, version: HTTP/1.1)
POST /session/37b1b056fd6ab617a7e7304651ece88b/url HTTP/1.1
User-Agent: selenium/4.1.2 (java windows)
Content-Length: 53
Content-Type: application/json; charset=utf-8
host: localhost:58166
accept: */*

Response DefaultHttpResponse(decodeResult: success, version: HTTP/1.1)
HTTP/1.1 200 OK
Content-Type: application/json; charset=utf-8
cache-control: no-cache
content-length: 14

23:11:00.385 [AsyncHttpClient-1-11] DEBUG org.asynchttpclient.netty.channel.ChannelManager - Adding key: http://localhost:58166 for channel [id: 0x1b7ab6e5, L:/127.0.0.1:61736 - R:localhost/127.0.0.1:58166]
23:11:00.387 [Forwarding setTimeout on session 37b1b056fd6ab617a7e7304651ece88b to remote] DEBUG org.asynchttpclient.netty.request.NettyRequestSender - Using pooled Channel '[id: 0x1b7ab6e5, L:/127.0.0.1:61736 - R:localhost/127.0.0.1:58166]' for 'POST' to 'http://localhost:58166/session/37b1b056fd6ab617a7e7304651ece88b/timeouts'
23:11:00.387 [Forwarding setTimeout on session 37b1b056fd6ab617a7e7304651ece88b to remote] DEBUG org.asynchttpclient.netty.request.NettyRequestSender - Using open Channel [id: 0x1b7ab6e5, L:/127.0.0.1:61736 - R:localhost/127.0.0.1:58166] for POST '/session/37b1b056fd6ab617a7e7304651ece88b/timeouts'
23:11:00.389 [AsyncHttpClient-1-11] DEBUG org.asynchttpclient.netty.handler.HttpHandler - 

Request DefaultHttpRequest(decodeResult: success, version: HTTP/1.1)
POST /session/37b1b056fd6ab617a7e7304651ece88b/timeouts HTTP/1.1
User-Agent: selenium/4.1.2 (java windows)
Content-Length: 22
Content-Type: application/json; charset=utf-8
host: localhost:58166
accept: */*

Response DefaultHttpResponse(decodeResult: success, version: HTTP/1.1)
HTTP/1.1 200 OK
Content-Type: application/json; charset=utf-8
cache-control: no-cache
content-length: 14

23:11:00.389 [AsyncHttpClient-1-11] DEBUG org.asynchttpclient.netty.channel.ChannelManager - Adding key: http://localhost:58166 for channel [id: 0x1b7ab6e5, L:/127.0.0.1:61736 - R:localhost/127.0.0.1:58166]
23:11:00.393 [Forwarding getCurrentUrl on session 37b1b056fd6ab617a7e7304651ece88b to remote] DEBUG org.asynchttpclient.netty.request.NettyRequestSender - Using pooled Channel '[id: 0x1b7ab6e5, L:/127.0.0.1:61736 - R:localhost/127.0.0.1:58166]' for 'GET' to 'http://localhost:58166/session/37b1b056fd6ab617a7e7304651ece88b/url'
23:11:00.393 [Forwarding getCurrentUrl on session 37b1b056fd6ab617a7e7304651ece88b to remote] DEBUG org.asynchttpclient.netty.request.NettyRequestSender - Using open Channel [id: 0x1b7ab6e5, L:/127.0.0.1:61736 - R:localhost/127.0.0.1:58166] for GET '/session/37b1b056fd6ab617a7e7304651ece88b/url'
23:11:00.398 [AsyncHttpClient-1-11] DEBUG org.asynchttpclient.netty.handler.HttpHandler - 

Request DefaultFullHttpRequest(decodeResult: success, version: HTTP/1.1, content: EmptyByteBufBE)
GET /session/37b1b056fd6ab617a7e7304651ece88b/url HTTP/1.1
User-Agent: selenium/4.1.2 (java windows)
Cache-Control: no-cache
Content-Type: application/json; charset=utf-8
host: localhost:58166
accept: */*

Response DefaultHttpResponse(decodeResult: success, version: HTTP/1.1)
HTTP/1.1 200 OK
Content-Type: application/json; charset=utf-8
cache-control: no-cache
content-length: 41

23:11:00.399 [AsyncHttpClient-1-11] DEBUG org.asynchttpclient.netty.channel.ChannelManager - Adding key: http://localhost:58166 for channel [id: 0x1b7ab6e5, L:/127.0.0.1:61736 - R:localhost/127.0.0.1:58166]
  &amp#27;[32mGiven &amp#27;[0m&amp#27;[32mI am on the home page&amp#27;[0m       &amp#27;[90m# starter.stepdefinitions.BabyStep.iAmOnTheHomePage()&amp#27;[0m
23:11:00.407 [Forwarding screenshot on session 37b1b056fd6ab617a7e7304651ece88b to remote] DEBUG org.asynchttpclient.netty.request.NettyRequestSender - Using pooled Channel '[id: 0x1b7ab6e5, L:/127.0.0.1:61736 - R:localhost/127.0.0.1:58166]' for 'GET' to 'http://localhost:58166/session/37b1b056fd6ab617a7e7304651ece88b/screenshot'
23:11:00.407 [Forwarding screenshot on session 37b1b056fd6ab617a7e7304651ece88b to remote] DEBUG org.asynchttpclient.netty.request.NettyRequestSender - Using open Channel [id: 0x1b7ab6e5, L:/127.0.0.1:61736 - R:localhost/127.0.0.1:58166] for GET '/session/37b1b056fd6ab617a7e7304651ece88b/screenshot'
23:11:00.721 [AsyncHttpClient-1-1] DEBUG org.asynchttpclient.netty.channel.DefaultChannelPool - Entry count for : http://localhost:61737 : 1
23:11:00.749 [AsyncHttpClient-1-11] DEBUG org.asynchttpclient.netty.handler.HttpHandler - 

Request DefaultFullHttpRequest(decodeResult: success, version: HTTP/1.1, content: EmptyByteBufBE)
GET /session/37b1b056fd6ab617a7e7304651ece88b/screenshot HTTP/1.1
User-Agent: selenium/4.1.2 (java windows)
Cache-Control: no-cache
Content-Type: application/json; charset=utf-8
host: localhost:58166
accept: */*

Response DefaultHttpResponse(decodeResult: success, version: HTTP/1.1)
HTTP/1.1 200 OK
Content-Type: application/json; charset=utf-8
cache-control: no-cache
content-length: 1119968

23:11:00.756 [AsyncHttpClient-1-11] DEBUG org.asynchttpclient.netty.channel.ChannelManager - Adding key: http://localhost:58166 for channel [id: 0x1b7ab6e5, L:/127.0.0.1:61736 - R:localhost/127.0.0.1:58166]
23:11:00.800 [main] DEBUG net.serenitybdd.core.photography.Darkroom - Send negative for processing for target\site\serenity\3d1b19ad31921c0beae4332facd941fcc81467ad5802877977ec6c100df601ce.png
23:11:00.820 [Forwarding findElement on session 37b1b056fd6ab617a7e7304651ece88b to remote] DEBUG org.asynchttpclient.netty.request.NettyRequestSender - Using pooled Channel '[id: 0x1b7ab6e5, L:/127.0.0.1:61736 - R:localhost/127.0.0.1:58166]' for 'POST' to 'http://localhost:58166/session/37b1b056fd6ab617a7e7304651ece88b/element'
23:11:00.820 [Forwarding findElement on session 37b1b056fd6ab617a7e7304651ece88b to remote] DEBUG org.asynchttpclient.netty.request.NettyRequestSender - Using open Channel [id: 0x1b7ab6e5, L:/127.0.0.1:61736 - R:localhost/127.0.0.1:58166] for POST '/session/37b1b056fd6ab617a7e7304651ece88b/element'
23:11:00.837 [AsyncHttpClient-1-11] DEBUG org.asynchttpclient.netty.handler.HttpHandler - 

Request DefaultHttpRequest(decodeResult: success, version: HTTP/1.1)
POST /session/37b1b056fd6ab617a7e7304651ece88b/element HTTP/1.1
User-Agent: selenium/4.1.2 (java windows)
Content-Length: 81
Content-Type: application/json; charset=utf-8
host: localhost:58166
accept: */*

Response DefaultHttpResponse(decodeResult: success, version: HTTP/1.1)
HTTP/1.1 200 OK
Content-Type: application/json; charset=utf-8
cache-control: no-cache
content-length: 88

23:11:00.837 [AsyncHttpClient-1-11] DEBUG org.asynchttpclient.netty.channel.ChannelManager - Adding key: http://localhost:58166 for channel [id: 0x1b7ab6e5, L:/127.0.0.1:61736 - R:localhost/127.0.0.1:58166]
23:11:00.840 [Forwarding getElementTagName on session 37b1b056fd6ab617a7e7304651ece88b to remote] DEBUG org.asynchttpclient.netty.request.NettyRequestSender - Using pooled Channel '[id: 0x1b7ab6e5, L:/127.0.0.1:61736 - R:localhost/127.0.0.1:58166]' for 'GET' to 'http://localhost:58166/session/37b1b056fd6ab617a7e7304651ece88b/element/bf8497d2-fcd6-48b2-b07b-413eac1c94a9/name'
23:11:00.840 [Forwarding getElementTagName on session 37b1b056fd6ab617a7e7304651ece88b to remote] DEBUG org.asynchttpclient.netty.request.NettyRequestSender - Using open Channel [id: 0x1b7ab6e5, L:/127.0.0.1:61736 - R:localhost/127.0.0.1:58166] for GET '/session/37b1b056fd6ab617a7e7304651ece88b/element/bf8497d2-fcd6-48b2-b07b-413eac1c94a9/name'
23:11:00.843 [AsyncHttpClient-1-11] DEBUG org.asynchttpclient.netty.handler.HttpHandler - 

Request DefaultFullHttpRequest(decodeResult: success, version: HTTP/1.1, content: EmptyByteBufBE)
GET /session/37b1b056fd6ab617a7e7304651ece88b/element/bf8497d2-fcd6-48b2-b07b-413eac1c94a9/name HTTP/1.1
User-Agent: selenium/4.1.2 (java windows)
Cache-Control: no-cache
Content-Type: application/json; charset=utf-8
host: localhost:58166
accept: */*

Response DefaultHttpResponse(decodeResult: success, version: HTTP/1.1)
HTTP/1.1 200 OK
Content-Type: application/json; charset=utf-8
cache-control: no-cache
content-length: 16

23:11:00.844 [AsyncHttpClient-1-11] DEBUG org.asynchttpclient.netty.channel.ChannelManager - Adding key: http://localhost:58166 for channel [id: 0x1b7ab6e5, L:/127.0.0.1:61736 - R:localhost/127.0.0.1:58166]
23:11:00.846 [Forwarding getElementTagName on session 37b1b056fd6ab617a7e7304651ece88b to remote] DEBUG org.asynchttpclient.netty.request.NettyRequestSender - Using pooled Channel '[id: 0x1b7ab6e5, L:/127.0.0.1:61736 - R:localhost/127.0.0.1:58166]' for 'GET' to 'http://localhost:58166/session/37b1b056fd6ab617a7e7304651ece88b/element/bf8497d2-fcd6-48b2-b07b-413eac1c94a9/name'
23:11:00.846 [Forwarding getElementTagName on session 37b1b056fd6ab617a7e7304651ece88b to remote] DEBUG org.asynchttpclient.netty.request.NettyRequestSender - Using open Channel [id: 0x1b7ab6e5, L:/127.0.0.1:61736 - R:localhost/127.0.0.1:58166] for GET '/session/37b1b056fd6ab617a7e7304651ece88b/element/bf8497d2-fcd6-48b2-b07b-413eac1c94a9/name'
23:11:00.849 [AsyncHttpClient-1-11] DEBUG org.asynchttpclient.netty.handler.HttpHandler - 

Request DefaultFullHttpRequest(decodeResult: success, version: HTTP/1.1, content: EmptyByteBufBE)
GET /session/37b1b056fd6ab617a7e7304651ece88b/element/bf8497d2-fcd6-48b2-b07b-413eac1c94a9/name HTTP/1.1
User-Agent: selenium/4.1.2 (java windows)
Cache-Control: no-cache
Content-Type: application/json; charset=utf-8
host: localhost:58166
accept: */*

Response DefaultHttpResponse(decodeResult: success, version: HTTP/1.1)
HTTP/1.1 200 OK
Content-Type: application/json; charset=utf-8
cache-control: no-cache
content-length: 16

23:11:00.849 [AsyncHttpClient-1-11] DEBUG org.asynchttpclient.netty.channel.ChannelManager - Adding key: http://localhost:58166 for channel [id: 0x1b7ab6e5, L:/127.0.0.1:61736 - R:localhost/127.0.0.1:58166]
23:11:00.853 [Forwarding findElement on session 37b1b056fd6ab617a7e7304651ece88b to remote] DEBUG org.asynchttpclient.netty.request.NettyRequestSender - Using pooled Channel '[id: 0x1b7ab6e5, L:/127.0.0.1:61736 - R:localhost/127.0.0.1:58166]' for 'POST' to 'http://localhost:58166/session/37b1b056fd6ab617a7e7304651ece88b/element'
23:11:00.853 [Forwarding findElement on session 37b1b056fd6ab617a7e7304651ece88b to remote] DEBUG org.asynchttpclient.netty.request.NettyRequestSender - Using open Channel [id: 0x1b7ab6e5, L:/127.0.0.1:61736 - R:localhost/127.0.0.1:58166] for POST '/session/37b1b056fd6ab617a7e7304651ece88b/element'
23:11:00.860 [AsyncHttpClient-1-11] DEBUG org.asynchttpclient.netty.handler.HttpHandler - 

Request DefaultHttpRequest(decodeResult: success, version: HTTP/1.1)
POST /session/37b1b056fd6ab617a7e7304651ece88b/element HTTP/1.1
User-Agent: selenium/4.1.2 (java windows)
Content-Length: 81
Content-Type: application/json; charset=utf-8
host: localhost:58166
accept: */*

Response DefaultHttpResponse(decodeResult: success, version: HTTP/1.1)
HTTP/1.1 200 OK
Content-Type: application/json; charset=utf-8
cache-control: no-cache
content-length: 88

23:11:00.860 [AsyncHttpClient-1-11] DEBUG org.asynchttpclient.netty.channel.ChannelManager - Adding key: http://localhost:58166 for channel [id: 0x1b7ab6e5, L:/127.0.0.1:61736 - R:localhost/127.0.0.1:58166]
23:11:00.862 [Forwarding clickElement on session 37b1b056fd6ab617a7e7304651ece88b to remote] DEBUG org.asynchttpclient.netty.request.NettyRequestSender - Using pooled Channel '[id: 0x1b7ab6e5, L:/127.0.0.1:61736 - R:localhost/127.0.0.1:58166]' for 'POST' to 'http://localhost:58166/session/37b1b056fd6ab617a7e7304651ece88b/element/bf8497d2-fcd6-48b2-b07b-413eac1c94a9/click'
23:11:00.862 [Forwarding clickElement on session 37b1b056fd6ab617a7e7304651ece88b to remote] DEBUG org.asynchttpclient.netty.request.NettyRequestSender - Using open Channel [id: 0x1b7ab6e5, L:/127.0.0.1:61736 - R:localhost/127.0.0.1:58166] for POST '/session/37b1b056fd6ab617a7e7304651ece88b/element/bf8497d2-fcd6-48b2-b07b-413eac1c94a9/click'
23:11:01.358 [AsyncHttpClient-1-11] DEBUG org.asynchttpclient.netty.handler.HttpHandler - 

Request DefaultHttpRequest(decodeResult: success, version: HTTP/1.1)
POST /session/37b1b056fd6ab617a7e7304651ece88b/element/bf8497d2-fcd6-48b2-b07b-413eac1c94a9/click HTTP/1.1
User-Agent: selenium/4.1.2 (java windows)
Content-Length: 50
Content-Type: application/json; charset=utf-8
host: localhost:58166
accept: */*

Response DefaultHttpResponse(decodeResult: success, version: HTTP/1.1)
HTTP/1.1 200 OK
Content-Type: application/json; charset=utf-8
cache-control: no-cache
content-length: 14

23:11:01.359 [AsyncHttpClient-1-11] DEBUG org.asynchttpclient.netty.channel.ChannelManager - Adding key: http://localhost:58166 for channel [id: 0x1b7ab6e5, L:/127.0.0.1:61736 - R:localhost/127.0.0.1:58166]
  &amp#27;[32mThen &amp#27;[0m&amp#27;[32mI click baby on the header&amp#27;[0m   &amp#27;[90m# starter.stepdefinitions.BabyStep.iClickBabyOnTheHeader()&amp#27;[0m
23:11:01.371 [Forwarding screenshot on session 37b1b056fd6ab617a7e7304651ece88b to remote] DEBUG org.asynchttpclient.netty.request.NettyRequestSender - Using pooled Channel '[id: 0x1b7ab6e5, L:/127.0.0.1:61736 - R:localhost/127.0.0.1:58166]' for 'GET' to 'http://localhost:58166/session/37b1b056fd6ab617a7e7304651ece88b/screenshot'
23:11:01.371 [Forwarding screenshot on session 37b1b056fd6ab617a7e7304651ece88b to remote] DEBUG org.asynchttpclient.netty.request.NettyRequestSender - Using open Channel [id: 0x1b7ab6e5, L:/127.0.0.1:61736 - R:localhost/127.0.0.1:58166] for GET '/session/37b1b056fd6ab617a7e7304651ece88b/screenshot'
23:11:01.819 [AsyncHttpClient-1-1] DEBUG org.asynchttpclient.netty.channel.DefaultChannelPool - Entry count for : http://localhost:61737 : 1
23:11:02.105 [AsyncHttpClient-1-11] DEBUG org.asynchttpclient.netty.handler.HttpHandler - 

Request DefaultFullHttpRequest(decodeResult: success, version: HTTP/1.1, content: EmptyByteBufBE)
GET /session/37b1b056fd6ab617a7e7304651ece88b/screenshot HTTP/1.1
User-Agent: selenium/4.1.2 (java windows)
Cache-Control: no-cache
Content-Type: application/json; charset=utf-8
host: localhost:58166
accept: */*

Response DefaultHttpResponse(decodeResult: success, version: HTTP/1.1)
HTTP/1.1 200 OK
Content-Type: application/json; charset=utf-8
cache-control: no-cache
content-length: 62380

23:11:02.105 [AsyncHttpClient-1-11] DEBUG org.asynchttpclient.netty.channel.ChannelManager - Adding key: http://localhost:58166 for channel [id: 0x1b7ab6e5, L:/127.0.0.1:61736 - R:localhost/127.0.0.1:58166]
23:11:02.108 [main] DEBUG net.serenitybdd.core.photography.Darkroom - Send negative for processing for target\site\serenity\591e32855168849e8206f5112ebc46321f164d544b599475838af1130bb73c0e.png
23:11:02.117 [Forwarding findElement on session 37b1b056fd6ab617a7e7304651ece88b to remote] DEBUG org.asynchttpclient.netty.request.NettyRequestSender - Using pooled Channel '[id: 0x1b7ab6e5, L:/127.0.0.1:61736 - R:localhost/127.0.0.1:58166]' for 'POST' to 'http://localhost:58166/session/37b1b056fd6ab617a7e7304651ece88b/element'
23:11:02.117 [Forwarding findElement on session 37b1b056fd6ab617a7e7304651ece88b to remote] DEBUG org.asynchttpclient.netty.request.NettyRequestSender - Using open Channel [id: 0x1b7ab6e5, L:/127.0.0.1:61736 - R:localhost/127.0.0.1:58166] for POST '/session/37b1b056fd6ab617a7e7304651ece88b/element'
23:11:02.221 [AsyncHttpClient-1-11] DEBUG org.asynchttpclient.netty.handler.HttpHandler - 

Request DefaultHttpRequest(decodeResult: success, version: HTTP/1.1)
POST /session/37b1b056fd6ab617a7e7304651ece88b/element HTTP/1.1
User-Agent: selenium/4.1.2 (java windows)
Content-Length: 110
Content-Type: application/json; charset=utf-8
host: localhost:58166
accept: */*

Response DefaultHttpResponse(decodeResult: success, version: HTTP/1.1)
HTTP/1.1 200 OK
Content-Type: application/json; charset=utf-8
cache-control: no-cache
content-length: 88

23:11:02.222 [AsyncHttpClient-1-11] DEBUG org.asynchttpclient.netty.channel.ChannelManager - Adding key: http://localhost:58166 for channel [id: 0x1b7ab6e5, L:/127.0.0.1:61736 - R:localhost/127.0.0.1:58166]
23:11:02.224 [Forwarding getElementTagName on session 37b1b056fd6ab617a7e7304651ece88b to remote] DEBUG org.asynchttpclient.netty.request.NettyRequestSender - Using pooled Channel '[id: 0x1b7ab6e5, L:/127.0.0.1:61736 - R:localhost/127.0.0.1:58166]' for 'GET' to 'http://localhost:58166/session/37b1b056fd6ab617a7e7304651ece88b/element/f8401ac3-b2d8-48c1-8833-9f8da974964e/name'
23:11:02.224 [Forwarding getElementTagName on session 37b1b056fd6ab617a7e7304651ece88b to remote] DEBUG org.asynchttpclient.netty.request.NettyRequestSender - Using open Channel [id: 0x1b7ab6e5, L:/127.0.0.1:61736 - R:localhost/127.0.0.1:58166] for GET '/session/37b1b056fd6ab617a7e7304651ece88b/element/f8401ac3-b2d8-48c1-8833-9f8da974964e/name'
23:11:02.248 [AsyncHttpClient-1-11] DEBUG org.asynchttpclient.netty.handler.HttpHandler - 

Request DefaultFullHttpRequest(decodeResult: success, version: HTTP/1.1, content: EmptyByteBufBE)
GET /session/37b1b056fd6ab617a7e7304651ece88b/element/f8401ac3-b2d8-48c1-8833-9f8da974964e/name HTTP/1.1
User-Agent: selenium/4.1.2 (java windows)
Cache-Control: no-cache
Content-Type: application/json; charset=utf-8
host: localhost:58166
accept: */*

Response DefaultHttpResponse(decodeResult: success, version: HTTP/1.1)
HTTP/1.1 200 OK
Content-Type: application/json; charset=utf-8
cache-control: no-cache
content-length: 16

23:11:02.248 [AsyncHttpClient-1-11] DEBUG org.asynchttpclient.netty.channel.ChannelManager - Adding key: http://localhost:58166 for channel [id: 0x1b7ab6e5, L:/127.0.0.1:61736 - R:localhost/127.0.0.1:58166]
23:11:02.250 [Forwarding getElementTagName on session 37b1b056fd6ab617a7e7304651ece88b to remote] DEBUG org.asynchttpclient.netty.request.NettyRequestSender - Using pooled Channel '[id: 0x1b7ab6e5, L:/127.0.0.1:61736 - R:localhost/127.0.0.1:58166]' for 'GET' to 'http://localhost:58166/session/37b1b056fd6ab617a7e7304651ece88b/element/f8401ac3-b2d8-48c1-8833-9f8da974964e/name'
23:11:02.250 [Forwarding getElementTagName on session 37b1b056fd6ab617a7e7304651ece88b to remote] DEBUG org.asynchttpclient.netty.request.NettyRequestSender - Using open Channel [id: 0x1b7ab6e5, L:/127.0.0.1:61736 - R:localhost/127.0.0.1:58166] for GET '/session/37b1b056fd6ab617a7e7304651ece88b/element/f8401ac3-b2d8-48c1-8833-9f8da974964e/name'
23:11:02.256 [AsyncHttpClient-1-11] DEBUG org.asynchttpclient.netty.handler.HttpHandler - 

Request DefaultFullHttpRequest(decodeResult: success, version: HTTP/1.1, content: EmptyByteBufBE)
GET /session/37b1b056fd6ab617a7e7304651ece88b/element/f8401ac3-b2d8-48c1-8833-9f8da974964e/name HTTP/1.1
User-Agent: selenium/4.1.2 (java windows)
Cache-Control: no-cache
Content-Type: application/json; charset=utf-8
host: localhost:58166
accept: */*

Response DefaultHttpResponse(decodeResult: success, version: HTTP/1.1)
HTTP/1.1 200 OK
Content-Type: application/json; charset=utf-8
cache-control: no-cache
content-length: 16

23:11:02.256 [AsyncHttpClient-1-11] DEBUG org.asynchttpclient.netty.channel.ChannelManager - Adding key: http://localhost:58166 for channel [id: 0x1b7ab6e5, L:/127.0.0.1:61736 - R:localhost/127.0.0.1:58166]
23:11:02.258 [Forwarding findElement on session 37b1b056fd6ab617a7e7304651ece88b to remote] DEBUG org.asynchttpclient.netty.request.NettyRequestSender - Using pooled Channel '[id: 0x1b7ab6e5, L:/127.0.0.1:61736 - R:localhost/127.0.0.1:58166]' for 'POST' to 'http://localhost:58166/session/37b1b056fd6ab617a7e7304651ece88b/element'
23:11:02.259 [Forwarding findElement on session 37b1b056fd6ab617a7e7304651ece88b to remote] DEBUG org.asynchttpclient.netty.request.NettyRequestSender - Using open Channel [id: 0x1b7ab6e5, L:/127.0.0.1:61736 - R:localhost/127.0.0.1:58166] for POST '/session/37b1b056fd6ab617a7e7304651ece88b/element'
23:11:02.270 [AsyncHttpClient-1-11] DEBUG org.asynchttpclient.netty.handler.HttpHandler - 

Request DefaultHttpRequest(decodeResult: success, version: HTTP/1.1)
POST /session/37b1b056fd6ab617a7e7304651ece88b/element HTTP/1.1
User-Agent: selenium/4.1.2 (java windows)
Content-Length: 110
Content-Type: application/json; charset=utf-8
host: localhost:58166
accept: */*

Response DefaultHttpResponse(decodeResult: success, version: HTTP/1.1)
HTTP/1.1 200 OK
Content-Type: application/json; charset=utf-8
cache-control: no-cache
content-length: 88

23:11:02.270 [AsyncHttpClient-1-11] DEBUG org.asynchttpclient.netty.channel.ChannelManager - Adding key: http://localhost:58166 for channel [id: 0x1b7ab6e5, L:/127.0.0.1:61736 - R:localhost/127.0.0.1:58166]
23:11:02.272 [Forwarding clickElement on session 37b1b056fd6ab617a7e7304651ece88b to remote] DEBUG org.asynchttpclient.netty.request.NettyRequestSender - Using pooled Channel '[id: 0x1b7ab6e5, L:/127.0.0.1:61736 - R:localhost/127.0.0.1:58166]' for 'POST' to 'http://localhost:58166/session/37b1b056fd6ab617a7e7304651ece88b/element/f8401ac3-b2d8-48c1-8833-9f8da974964e/click'
23:11:02.272 [Forwarding clickElement on session 37b1b056fd6ab617a7e7304651ece88b to remote] DEBUG org.asynchttpclient.netty.request.NettyRequestSender - Using open Channel [id: 0x1b7ab6e5, L:/127.0.0.1:61736 - R:localhost/127.0.0.1:58166] for POST '/session/37b1b056fd6ab617a7e7304651ece88b/element/f8401ac3-b2d8-48c1-8833-9f8da974964e/click'
23:11:02.456 [AsyncHttpClient-1-11] DEBUG org.asynchttpclient.netty.handler.HttpHandler - 

Request DefaultHttpRequest(decodeResult: success, version: HTTP/1.1)
POST /session/37b1b056fd6ab617a7e7304651ece88b/element/f8401ac3-b2d8-48c1-8833-9f8da974964e/click HTTP/1.1
User-Agent: selenium/4.1.2 (java windows)
Content-Length: 50
Content-Type: application/json; charset=utf-8
host: localhost:58166
accept: */*

Response DefaultHttpResponse(decodeResult: success, version: HTTP/1.1)
HTTP/1.1 200 OK
Content-Type: application/json; charset=utf-8
cache-control: no-cache
content-length: 14

23:11:02.456 [AsyncHttpClient-1-11] DEBUG org.asynchttpclient.netty.channel.ChannelManager - Adding key: http://localhost:58166 for channel [id: 0x1b7ab6e5, L:/127.0.0.1:61736 - R:localhost/127.0.0.1:58166]
  &amp#27;[32mWhen &amp#27;[0m&amp#27;[32mI will go to koleksi newborn&amp#27;[0m &amp#27;[90m# starter.stepdefinitions.BabyStep.iWillGoToKoleksiNewborn()&amp#27;[0m
23:11:02.465 [Forwarding screenshot on session 37b1b056fd6ab617a7e7304651ece88b to remote] DEBUG org.asynchttpclient.netty.request.NettyRequestSender - Using pooled Channel '[id: 0x1b7ab6e5, L:/127.0.0.1:61736 - R:localhost/127.0.0.1:58166]' for 'GET' to 'http://localhost:58166/session/37b1b056fd6ab617a7e7304651ece88b/screenshot'
23:11:02.465 [Forwarding screenshot on session 37b1b056fd6ab617a7e7304651ece88b to remote] DEBUG org.asynchttpclient.netty.request.NettyRequestSender - Using open Channel [id: 0x1b7ab6e5, L:/127.0.0.1:61736 - R:localhost/127.0.0.1:58166] for GET '/session/37b1b056fd6ab617a7e7304651ece88b/screenshot'
23:11:02.787 [AsyncHttpClient-1-11] DEBUG org.asynchttpclient.netty.handler.HttpHandler - 

Request DefaultFullHttpRequest(decodeResult: success, version: HTTP/1.1, content: EmptyByteBufBE)
GET /session/37b1b056fd6ab617a7e7304651ece88b/screenshot HTTP/1.1
User-Agent: selenium/4.1.2 (java windows)
Cache-Control: no-cache
Content-Type: application/json; charset=utf-8
host: localhost:58166
accept: */*

Response DefaultHttpResponse(decodeResult: success, version: HTTP/1.1)
HTTP/1.1 200 OK
Content-Type: application/json; charset=utf-8
cache-control: no-cache
content-length: 81940

23:11:02.787 [AsyncHttpClient-1-11] DEBUG org.asynchttpclient.netty.channel.ChannelManager - Adding key: http://localhost:58166 for channel [id: 0x1b7ab6e5, L:/127.0.0.1:61736 - R:localhost/127.0.0.1:58166]
23:11:02.791 [main] DEBUG net.serenitybdd.core.photography.Darkroom - Send negative for processing for target\site\serenity\7f5766a060739da981f1353daa452c323822b4035aa5d4a7eae21c74c775b2b3.png
23:11:02.791 [Darkroom Processing Line] DEBUG net.serenitybdd.core.photography.DarkroomProcessingLine - Processing screenshot image in /var/screenshots/screenshot-6291420950834957586
23:11:02.791 [Darkroom Processing Line] DEBUG net.serenitybdd.core.photography.DarkroomProcessingLine - Saving screenshot to target\site\serenity\7f5766a060739da981f1353daa452c323822b4035aa5d4a7eae21c74c775b2b3.png
23:11:02.792 [main] INFO  - 
  _____   ___   ___   _____     ___     _     ___   ___   ___   ___  
 |_   _| | __| / __| |_   _|   | _ \   /_\   / __| / __| | __| |   \ 
   | |   | _|  \__ \   | |     |  _/  / _ \  \__ \ \__ \ | _|  | |) |
   |_|   |___| |___/   |_|     |_|   /_/ \_\ |___/ |___/ |___| |___/ 

Menu Koleksi Newborn
----------------------------------------------------------------------
23:11:02.793 [AsyncHttpClient-1-13] DEBUG org.asynchttpclient.netty.handler.WebSocketHandler - Channel Closed: [id: 0xb2dc6434, L:/127.0.0.1:61745 ! R:localhost/127.0.0.1:61737] with attribute NettyResponseFuture{currentRetry=5,
	isDone=1,
	isCancelled=0,
	asyncHandler=org.asynchttpclient.ws.WebSocketUpgradeHandler@1cdc2f3c,
	nettyRequest=org.asynchttpclient.netty.request.NettyRequest@59dea2c3,
	future=java.util.concurrent.CompletableFuture@6d6c8b90[Completed normally],
	uri=ws://localhost:61737/devtools/browser/11ffa113-bbb2-471c-a952-d09411b797f7,
	keepAlive=true,
	redirectCount=0,
	timeoutsHolder=null,
	inAuth=0,
	touch=1680538253501}
23:11:02.793 [AsyncHttpClient-1-13] DEBUG org.asynchttpclient.netty.channel.ChannelManager - Closing Channel [id: 0xb2dc6434, L:/127.0.0.1:61745 ! R:localhost/127.0.0.1:61737] 
23:11:02.793 [Driver Command Executor] DEBUG org.asynchttpclient.netty.request.NettyRequestSender - Using pooled Channel '[id: 0x1b7ab6e5, L:/127.0.0.1:61736 - R:localhost/127.0.0.1:58166]' for 'DELETE' to 'http://localhost:58166/session/37b1b056fd6ab617a7e7304651ece88b'
23:11:02.794 [Driver Command Executor] DEBUG org.asynchttpclient.netty.request.NettyRequestSender - Using open Channel [id: 0x1b7ab6e5, L:/127.0.0.1:61736 - R:localhost/127.0.0.1:58166] for DELETE '/session/37b1b056fd6ab617a7e7304651ece88b'
23:11:02.817 [AsyncHttpClient-1-12] DEBUG org.asynchttpclient.netty.handler.HttpHandler - Unexpected I/O exception on channel [id: 0x9b20c9c0, L:/127.0.0.1:61744 - R:localhost/127.0.0.1:61737]
java.net.SocketException: Connection reset
	at java.base/sun.nio.ch.SocketChannelImpl.throwConnectionReset(SocketChannelImpl.java:345)
	at java.base/sun.nio.ch.SocketChannelImpl.read(SocketChannelImpl.java:376)
	at io.netty.buffer.PooledByteBuf.setBytes(PooledByteBuf.java:258)
	at io.netty.buffer.AbstractByteBuf.writeBytes(AbstractByteBuf.java:1132)
	at io.netty.channel.socket.nio.NioSocketChannel.doReadBytes(NioSocketChannel.java:350)
	at io.netty.channel.nio.AbstractNioByteChannel$NioByteUnsafe.read(AbstractNioByteChannel.java:151)
	at io.netty.channel.nio.NioEventLoop.processSelectedKey(NioEventLoop.java:722)
	at io.netty.channel.nio.NioEventLoop.processSelectedKeysOptimized(NioEventLoop.java:658)
	at io.netty.channel.nio.NioEventLoop.processSelectedKeys(NioEventLoop.java:584)
	at io.netty.channel.nio.NioEventLoop.run(NioEventLoop.java:496)
	at io.netty.util.concurrent.SingleThreadEventExecutor$4.run(SingleThreadEventExecutor.java:986)
	at io.netty.util.internal.ThreadExecutorMap$2.run(ThreadExecutorMap.java:74)
	at io.netty.util.concurrent.FastThreadLocalRunnable.run(FastThreadLocalRunnable.java:30)
	at java.base/java.lang.Thread.run(Thread.java:830)
23:11:02.817 [AsyncHttpClient-1-12] DEBUG org.asynchttpclient.netty.channel.ChannelManager - Closing Channel [id: 0x9b20c9c0, L:/127.0.0.1:61744 - R:localhost/127.0.0.1:61737] 
23:11:02.817 [AsyncHttpClient-1-12] DEBUG org.asynchttpclient.netty.handler.HttpHandler - Channel Closed: [id: 0x9b20c9c0, L:/127.0.0.1:61744 ! R:localhost/127.0.0.1:61737] with attribute DISCARD
23:11:02.839 [AsyncHttpClient-1-11] DEBUG org.asynchttpclient.netty.handler.HttpHandler - 

Request DefaultFullHttpRequest(decodeResult: success, version: HTTP/1.1, content: EmptyByteBufBE)
DELETE /session/37b1b056fd6ab617a7e7304651ece88b HTTP/1.1
User-Agent: selenium/4.1.2 (java windows)
Content-Type: application/json; charset=utf-8
host: localhost:58166
accept: */*

Response DefaultHttpResponse(decodeResult: success, version: HTTP/1.1)
HTTP/1.1 200 OK
Content-Type: application/json; charset=utf-8
cache-control: no-cache
content-length: 14

23:11:02.840 [AsyncHttpClient-1-11] DEBUG org.asynchttpclient.netty.channel.ChannelManager - Adding key: http://localhost:58166 for channel [id: 0x1b7ab6e5, L:/127.0.0.1:61736 - R:localhost/127.0.0.1:58166]
23:11:02.923 [AsyncHttpClient-1-1] DEBUG org.asynchttpclient.netty.channel.DefaultChannelPool - Entry count for : http://localhost:58166 : 1
23:11:02.923 [AsyncHttpClient-1-1] DEBUG org.asynchttpclient.netty.channel.DefaultChannelPool - Entry count for : http://localhost:61737 : 1
23:11:02.923 [AsyncHttpClient-1-1] DEBUG org.asynchttpclient.netty.channel.DefaultChannelPool - Adding Candidate expired Channel [id: 0x9b20c9c0, L:/127.0.0.1:61744 ! R:localhost/127.0.0.1:61737] isIdleTimeoutExpired=false isRemotelyClosed=true isTtlExpired=false
23:11:02.923 [AsyncHttpClient-1-1] DEBUG org.asynchttpclient.netty.channel.DefaultChannelPool - Closing Idle Channel [id: 0x9b20c9c0, L:/127.0.0.1:61744 ! R:localhost/127.0.0.1:61737]
23:11:02.923 [AsyncHttpClient-1-1] DEBUG org.asynchttpclient.netty.channel.DefaultChannelPool - Closed 1 connections out of 2 in 0 ms
23:11:02.985 [AsyncHttpClient-1-11] DEBUG org.asynchttpclient.netty.handler.HttpHandler - Channel Closed: [id: 0x1b7ab6e5, L:/127.0.0.1:61736 ! R:localhost/127.0.0.1:58166] with attribute DISCARD
]]></system-out>
    <system-err><![CDATA[Starting Microsoft Edge WebDriver 111.0.1661.62 (0a8f453929e6410c973aa529a40485ce4e3e03db) on port 58166
To submit feedback, report a bug, or suggest new features, please visit https://github.com/MicrosoftEdge/EdgeWebDriver

Only local connections are allowed.
Please see https://aka.ms/WebDriverSecurity for suggestions on keeping Microsoft Edge WebDriver safe.

Microsoft Edge WebDriver was started successfully.
Apr 03, 2023 11:10:53 PM org.openqa.selenium.remote.ProtocolHandshake createSession
INFO: Detected dialect: W3C
Apr 03, 2023 11:10:53 PM org.openqa.selenium.devtools.CdpVersionFinder findNearestMatch
WARNING: Unable to find an exact match for CDP version 111, so returning the closest version found: a no-op implementation
Apr 03, 2023 11:10:53 PM org.openqa.selenium.devtools.CdpVersionFinder findNearestMatch
INFO: Unable to find CDP implementation matching 111.
Apr 03, 2023 11:10:53 PM org.openqa.selenium.chromium.ChromiumDriver lambda$new$3
WARNING: Unable to find version of CDP to use for . You may need to include a dependency on a specific version of the CDP using something similar to `org.seleniumhq.selenium:selenium-devtools-v86:4.1.2` where the version ("v86") matches the version of the chromium-based browser you're using and the version number of the artifact is the same as Selenium's.
]]></system-err>
  </testcase>
  <testcase name="Menu Luaran 1" classname="Baby" time="9.706">
    <system-out><![CDATA[
Scenario: Menu Luaran 1           &amp#27;[90m# src/test/resources/features/Baby.feature:26&amp#27;[0m
23:11:03.585 [main] INFO io.cucumber.core.plugin.SerenityReporter - Running feature from file:///C:/Users/alwi/IdeaProjects/uniqloweb/src/test/resources/features/Baby.feature
23:11:03.587 [main] INFO  - 
  _____   ___   ___   _____     ___   _____     _     ___   _____   ___   ___  
 |_   _| | __| / __| |_   _|   / __| |_   _|   /_\   | _ \ |_   _| | __| |   \ 
   | |   | _|  \__ \   | |     \__ \   | |    / _ \  |   /   | |   | _|  | |) |
   |_|   |___| |___/   |_|     |___/   |_|   /_/ \_\ |_|_\   |_|   |___| |___/ 

Menu Luaran 1(baby;menu-luaran-1)
--------------------------------------------------------------------------------
23:11:03.698 [main] DEBUG io.github.bonigarcia.wdm.cache.ResolutionCache - Resolution edge=111 in cache (valid until 23:36:32 03/04/2023 WIB)
23:11:03.702 [main] DEBUG io.github.bonigarcia.wdm.cache.ResolutionCache - Resolution edge111=111.0.1661.62 in cache (valid until 12:22:00 04/04/2023 WIB)
23:11:03.703 [main] INFO io.github.bonigarcia.wdm.WebDriverManager - Using msedgedriver 111.0.1661.62 (resolved driver for Edge 111)
23:11:03.719 [main] DEBUG io.github.bonigarcia.wdm.WebDriverManager - Driver msedgedriver 111.0.1661.62 found in cache
23:11:03.720 [main] INFO io.github.bonigarcia.wdm.WebDriverManager - Exporting webdriver.edge.driver as C:\Users\alwi\.cache\selenium\msedgedriver\win64\111.0.1661.62\msedgedriver.exe
23:11:03.722 [main] DEBUG net.serenitybdd.core.webdriver.driverproviders.ProvideNewDriver - Instantiating driver
23:11:03.723 [main] DEBUG net.serenitybdd.core.webdriver.driverproviders.ProvideNewDriver - Driver capabilities: Capabilities {base.url: https://www.uniqlo.com, chrome.driver: src/test/resources/webdrive..., driver: edge, ms:edgeChromium: true, ms:edgeOptions: {}, wait.for.timeout: 6000}
23:11:04.019 [AsyncHttpClient-1-1] DEBUG org.asynchttpclient.netty.channel.DefaultChannelPool - Entry count for : http://localhost:58166 : 1
23:11:04.019 [AsyncHttpClient-1-1] DEBUG org.asynchttpclient.netty.channel.DefaultChannelPool - Adding Candidate expired Channel [id: 0x1b7ab6e5, L:/127.0.0.1:61736 ! R:localhost/127.0.0.1:58166] isIdleTimeoutExpired=false isRemotelyClosed=true isTtlExpired=false
23:11:04.019 [AsyncHttpClient-1-1] DEBUG org.asynchttpclient.netty.channel.DefaultChannelPool - Closing Idle Channel [id: 0x1b7ab6e5, L:/127.0.0.1:61736 ! R:localhost/127.0.0.1:58166]
23:11:04.019 [AsyncHttpClient-1-1] DEBUG org.asynchttpclient.netty.channel.DefaultChannelPool - Closed 1 connections out of 1 in 0 ms
23:11:04.277 [AsyncHttpClient-1-14] DEBUG org.asynchttpclient.netty.channel.NettyConnectListener - Using new Channel '[id: 0x8061a9d1, L:/127.0.0.1:61872 - R:localhost/127.0.0.1:64324]' for 'POST' to '/session'
23:11:04.823 [AsyncHttpClient-1-14] DEBUG org.asynchttpclient.netty.handler.HttpHandler - 

Request DefaultHttpRequest(decodeResult: success, version: HTTP/1.1)
POST /session HTTP/1.1
User-Agent: selenium/4.1.2 (java windows)
Content-Length: 627
Content-Type: application/json; charset=utf-8
host: localhost:64324
accept: */*

Response DefaultHttpResponse(decodeResult: success, version: HTTP/1.1)
HTTP/1.1 200 OK
Content-Type: application/json; charset=utf-8
cache-control: no-cache
content-length: 824

23:11:04.823 [AsyncHttpClient-1-14] DEBUG org.asynchttpclient.netty.channel.ChannelManager - Adding key: http://localhost:64324 for channel [id: 0x8061a9d1, L:/127.0.0.1:61872 - R:localhost/127.0.0.1:64324]
23:11:04.831 [AsyncHttpClient-1-15] DEBUG org.asynchttpclient.netty.channel.NettyConnectListener - Using new Channel '[id: 0xd3651f9f, L:/127.0.0.1:61883 - R:localhost/127.0.0.1:61874]' for 'GET' to '/json/version'
23:11:04.835 [AsyncHttpClient-1-15] DEBUG org.asynchttpclient.netty.handler.HttpHandler - 

Request DefaultFullHttpRequest(decodeResult: success, version: HTTP/1.1, content: EmptyByteBufBE)
GET /json/version HTTP/1.1
User-Agent: selenium/4.1.2 (java windows)
host: localhost:61874
accept: */*

Response DefaultHttpResponse(decodeResult: success, version: HTTP/1.1)
HTTP/1.1 200 OK
Content-Security-Policy: frame-ancestors 'none'
Content-Type: application/json; charset=UTF-8
content-length: 436

23:11:04.835 [AsyncHttpClient-1-15] DEBUG org.asynchttpclient.netty.channel.ChannelManager - Adding key: http://localhost:61874 for channel [id: 0xd3651f9f, L:/127.0.0.1:61883 - R:localhost/127.0.0.1:61874]
23:11:04.838 [AsyncHttpClient-1-16] DEBUG org.asynchttpclient.netty.channel.NettyConnectListener - Using new Channel '[id: 0x4eaa2b0f, L:/127.0.0.1:61884 - R:localhost/127.0.0.1:61874]' for 'GET' to '/devtools/browser/0b891365-7010-4fe0-b08d-e0c18d64c8cf'
23:11:04.844 [AsyncHttpClient-1-16] DEBUG org.asynchttpclient.netty.handler.WebSocketHandler - 

Request DefaultFullHttpRequest(decodeResult: success, version: HTTP/1.1, content: EmptyByteBufBE)
GET /devtools/browser/0b891365-7010-4fe0-b08d-e0c18d64c8cf HTTP/1.1
upgrade: websocket
connection: upgrade
sec-websocket-key: HAYvRJbRKrSmh/FAyIopvQ==
sec-websocket-version: 13
origin: http://localhost:61874
host: localhost:61874
accept: */*
user-agent: AHC/2.1

Response DefaultHttpResponse(decodeResult: success, version: HTTP/1.1)
HTTP/1.1 101 WebSocket Protocol Handshake
Upgrade: WebSocket
Connection: Upgrade
Sec-WebSocket-Accept: /dSTrAyXu4b3j5p8Gm6sQUy49Ks=

23:11:04.848 [Forwarding get on session 39d0e12cbd00c305dd3ee943326f1b5f to remote] DEBUG org.asynchttpclient.netty.request.NettyRequestSender - Using pooled Channel '[id: 0x8061a9d1, L:/127.0.0.1:61872 - R:localhost/127.0.0.1:64324]' for 'POST' to 'http://localhost:64324/session/39d0e12cbd00c305dd3ee943326f1b5f/url'
23:11:04.849 [Forwarding get on session 39d0e12cbd00c305dd3ee943326f1b5f to remote] DEBUG org.asynchttpclient.netty.request.NettyRequestSender - Using open Channel [id: 0x8061a9d1, L:/127.0.0.1:61872 - R:localhost/127.0.0.1:64324] for POST '/session/39d0e12cbd00c305dd3ee943326f1b5f/url'
23:11:05.120 [AsyncHttpClient-1-1] DEBUG org.asynchttpclient.netty.channel.DefaultChannelPool - Entry count for : http://localhost:61874 : 1
23:11:06.225 [AsyncHttpClient-1-1] DEBUG org.asynchttpclient.netty.channel.DefaultChannelPool - Entry count for : http://localhost:61874 : 1
23:11:07.320 [AsyncHttpClient-1-1] DEBUG org.asynchttpclient.netty.channel.DefaultChannelPool - Entry count for : http://localhost:61874 : 1
23:11:08.419 [AsyncHttpClient-1-1] DEBUG org.asynchttpclient.netty.channel.DefaultChannelPool - Entry count for : http://localhost:61874 : 1
23:11:09.523 [AsyncHttpClient-1-1] DEBUG org.asynchttpclient.netty.channel.DefaultChannelPool - Entry count for : http://localhost:61874 : 1
23:11:10.488 [AsyncHttpClient-1-14] DEBUG org.asynchttpclient.netty.handler.HttpHandler - 

Request DefaultHttpRequest(decodeResult: success, version: HTTP/1.1)
POST /session/39d0e12cbd00c305dd3ee943326f1b5f/url HTTP/1.1
User-Agent: selenium/4.1.2 (java windows)
Content-Length: 53
Content-Type: application/json; charset=utf-8
host: localhost:64324
accept: */*

Response DefaultHttpResponse(decodeResult: success, version: HTTP/1.1)
HTTP/1.1 200 OK
Content-Type: application/json; charset=utf-8
cache-control: no-cache
content-length: 14

23:11:10.489 [AsyncHttpClient-1-14] DEBUG org.asynchttpclient.netty.channel.ChannelManager - Adding key: http://localhost:64324 for channel [id: 0x8061a9d1, L:/127.0.0.1:61872 - R:localhost/127.0.0.1:64324]
23:11:10.491 [Forwarding setTimeout on session 39d0e12cbd00c305dd3ee943326f1b5f to remote] DEBUG org.asynchttpclient.netty.request.NettyRequestSender - Using pooled Channel '[id: 0x8061a9d1, L:/127.0.0.1:61872 - R:localhost/127.0.0.1:64324]' for 'POST' to 'http://localhost:64324/session/39d0e12cbd00c305dd3ee943326f1b5f/timeouts'
23:11:10.491 [Forwarding setTimeout on session 39d0e12cbd00c305dd3ee943326f1b5f to remote] DEBUG org.asynchttpclient.netty.request.NettyRequestSender - Using open Channel [id: 0x8061a9d1, L:/127.0.0.1:61872 - R:localhost/127.0.0.1:64324] for POST '/session/39d0e12cbd00c305dd3ee943326f1b5f/timeouts'
23:11:10.492 [AsyncHttpClient-1-14] DEBUG org.asynchttpclient.netty.handler.HttpHandler - 

Request DefaultHttpRequest(decodeResult: success, version: HTTP/1.1)
POST /session/39d0e12cbd00c305dd3ee943326f1b5f/timeouts HTTP/1.1
User-Agent: selenium/4.1.2 (java windows)
Content-Length: 22
Content-Type: application/json; charset=utf-8
host: localhost:64324
accept: */*

Response DefaultHttpResponse(decodeResult: success, version: HTTP/1.1)
HTTP/1.1 200 OK
Content-Type: application/json; charset=utf-8
cache-control: no-cache
content-length: 14

23:11:10.492 [AsyncHttpClient-1-14] DEBUG org.asynchttpclient.netty.channel.ChannelManager - Adding key: http://localhost:64324 for channel [id: 0x8061a9d1, L:/127.0.0.1:61872 - R:localhost/127.0.0.1:64324]
23:11:10.495 [Forwarding getCurrentUrl on session 39d0e12cbd00c305dd3ee943326f1b5f to remote] DEBUG org.asynchttpclient.netty.request.NettyRequestSender - Using pooled Channel '[id: 0x8061a9d1, L:/127.0.0.1:61872 - R:localhost/127.0.0.1:64324]' for 'GET' to 'http://localhost:64324/session/39d0e12cbd00c305dd3ee943326f1b5f/url'
23:11:10.495 [Forwarding getCurrentUrl on session 39d0e12cbd00c305dd3ee943326f1b5f to remote] DEBUG org.asynchttpclient.netty.request.NettyRequestSender - Using open Channel [id: 0x8061a9d1, L:/127.0.0.1:61872 - R:localhost/127.0.0.1:64324] for GET '/session/39d0e12cbd00c305dd3ee943326f1b5f/url'
23:11:10.499 [AsyncHttpClient-1-14] DEBUG org.asynchttpclient.netty.handler.HttpHandler - 

Request DefaultFullHttpRequest(decodeResult: success, version: HTTP/1.1, content: EmptyByteBufBE)
GET /session/39d0e12cbd00c305dd3ee943326f1b5f/url HTTP/1.1
User-Agent: selenium/4.1.2 (java windows)
Cache-Control: no-cache
Content-Type: application/json; charset=utf-8
host: localhost:64324
accept: */*

Response DefaultHttpResponse(decodeResult: success, version: HTTP/1.1)
HTTP/1.1 200 OK
Content-Type: application/json; charset=utf-8
cache-control: no-cache
content-length: 41

23:11:10.500 [AsyncHttpClient-1-14] DEBUG org.asynchttpclient.netty.channel.ChannelManager - Adding key: http://localhost:64324 for channel [id: 0x8061a9d1, L:/127.0.0.1:61872 - R:localhost/127.0.0.1:64324]
  &amp#27;[32mGiven &amp#27;[0m&amp#27;[32mI am on the home page&amp#27;[0m     &amp#27;[90m# starter.stepdefinitions.BabyStep.iAmOnTheHomePage()&amp#27;[0m
23:11:10.508 [Forwarding screenshot on session 39d0e12cbd00c305dd3ee943326f1b5f to remote] DEBUG org.asynchttpclient.netty.request.NettyRequestSender - Using pooled Channel '[id: 0x8061a9d1, L:/127.0.0.1:61872 - R:localhost/127.0.0.1:64324]' for 'GET' to 'http://localhost:64324/session/39d0e12cbd00c305dd3ee943326f1b5f/screenshot'
23:11:10.508 [Forwarding screenshot on session 39d0e12cbd00c305dd3ee943326f1b5f to remote] DEBUG org.asynchttpclient.netty.request.NettyRequestSender - Using open Channel [id: 0x8061a9d1, L:/127.0.0.1:61872 - R:localhost/127.0.0.1:64324] for GET '/session/39d0e12cbd00c305dd3ee943326f1b5f/screenshot'
23:11:10.620 [AsyncHttpClient-1-1] DEBUG org.asynchttpclient.netty.channel.DefaultChannelPool - Entry count for : http://localhost:61874 : 1
23:11:10.826 [AsyncHttpClient-1-14] DEBUG org.asynchttpclient.netty.handler.HttpHandler - 

Request DefaultFullHttpRequest(decodeResult: success, version: HTTP/1.1, content: EmptyByteBufBE)
GET /session/39d0e12cbd00c305dd3ee943326f1b5f/screenshot HTTP/1.1
User-Agent: selenium/4.1.2 (java windows)
Cache-Control: no-cache
Content-Type: application/json; charset=utf-8
host: localhost:64324
accept: */*

Response DefaultHttpResponse(decodeResult: success, version: HTTP/1.1)
HTTP/1.1 200 OK
Content-Type: application/json; charset=utf-8
cache-control: no-cache
content-length: 1119968

23:11:10.830 [AsyncHttpClient-1-14] DEBUG org.asynchttpclient.netty.channel.ChannelManager - Adding key: http://localhost:64324 for channel [id: 0x8061a9d1, L:/127.0.0.1:61872 - R:localhost/127.0.0.1:64324]
23:11:10.865 [main] DEBUG net.serenitybdd.core.photography.Darkroom - Send negative for processing for target\site\serenity\3d1b19ad31921c0beae4332facd941fcc81467ad5802877977ec6c100df601ce.png
23:11:10.877 [Forwarding findElement on session 39d0e12cbd00c305dd3ee943326f1b5f to remote] DEBUG org.asynchttpclient.netty.request.NettyRequestSender - Using pooled Channel '[id: 0x8061a9d1, L:/127.0.0.1:61872 - R:localhost/127.0.0.1:64324]' for 'POST' to 'http://localhost:64324/session/39d0e12cbd00c305dd3ee943326f1b5f/element'
23:11:10.877 [Forwarding findElement on session 39d0e12cbd00c305dd3ee943326f1b5f to remote] DEBUG org.asynchttpclient.netty.request.NettyRequestSender - Using open Channel [id: 0x8061a9d1, L:/127.0.0.1:61872 - R:localhost/127.0.0.1:64324] for POST '/session/39d0e12cbd00c305dd3ee943326f1b5f/element'
23:11:10.889 [AsyncHttpClient-1-14] DEBUG org.asynchttpclient.netty.handler.HttpHandler - 

Request DefaultHttpRequest(decodeResult: success, version: HTTP/1.1)
POST /session/39d0e12cbd00c305dd3ee943326f1b5f/element HTTP/1.1
User-Agent: selenium/4.1.2 (java windows)
Content-Length: 81
Content-Type: application/json; charset=utf-8
host: localhost:64324
accept: */*

Response DefaultHttpResponse(decodeResult: success, version: HTTP/1.1)
HTTP/1.1 200 OK
Content-Type: application/json; charset=utf-8
cache-control: no-cache
content-length: 88

23:11:10.889 [AsyncHttpClient-1-14] DEBUG org.asynchttpclient.netty.channel.ChannelManager - Adding key: http://localhost:64324 for channel [id: 0x8061a9d1, L:/127.0.0.1:61872 - R:localhost/127.0.0.1:64324]
23:11:10.891 [Forwarding getElementTagName on session 39d0e12cbd00c305dd3ee943326f1b5f to remote] DEBUG org.asynchttpclient.netty.request.NettyRequestSender - Using pooled Channel '[id: 0x8061a9d1, L:/127.0.0.1:61872 - R:localhost/127.0.0.1:64324]' for 'GET' to 'http://localhost:64324/session/39d0e12cbd00c305dd3ee943326f1b5f/element/4fd2b451-fcf6-4786-b2ff-49303fc903ac/name'
23:11:10.891 [Forwarding getElementTagName on session 39d0e12cbd00c305dd3ee943326f1b5f to remote] DEBUG org.asynchttpclient.netty.request.NettyRequestSender - Using open Channel [id: 0x8061a9d1, L:/127.0.0.1:61872 - R:localhost/127.0.0.1:64324] for GET '/session/39d0e12cbd00c305dd3ee943326f1b5f/element/4fd2b451-fcf6-4786-b2ff-49303fc903ac/name'
23:11:10.895 [AsyncHttpClient-1-14] DEBUG org.asynchttpclient.netty.handler.HttpHandler - 

Request DefaultFullHttpRequest(decodeResult: success, version: HTTP/1.1, content: EmptyByteBufBE)
GET /session/39d0e12cbd00c305dd3ee943326f1b5f/element/4fd2b451-fcf6-4786-b2ff-49303fc903ac/name HTTP/1.1
User-Agent: selenium/4.1.2 (java windows)
Cache-Control: no-cache
Content-Type: application/json; charset=utf-8
host: localhost:64324
accept: */*

Response DefaultHttpResponse(decodeResult: success, version: HTTP/1.1)
HTTP/1.1 200 OK
Content-Type: application/json; charset=utf-8
cache-control: no-cache
content-length: 16

23:11:10.895 [AsyncHttpClient-1-14] DEBUG org.asynchttpclient.netty.channel.ChannelManager - Adding key: http://localhost:64324 for channel [id: 0x8061a9d1, L:/127.0.0.1:61872 - R:localhost/127.0.0.1:64324]
23:11:10.896 [Forwarding getElementTagName on session 39d0e12cbd00c305dd3ee943326f1b5f to remote] DEBUG org.asynchttpclient.netty.request.NettyRequestSender - Using pooled Channel '[id: 0x8061a9d1, L:/127.0.0.1:61872 - R:localhost/127.0.0.1:64324]' for 'GET' to 'http://localhost:64324/session/39d0e12cbd00c305dd3ee943326f1b5f/element/4fd2b451-fcf6-4786-b2ff-49303fc903ac/name'
23:11:10.896 [Forwarding getElementTagName on session 39d0e12cbd00c305dd3ee943326f1b5f to remote] DEBUG org.asynchttpclient.netty.request.NettyRequestSender - Using open Channel [id: 0x8061a9d1, L:/127.0.0.1:61872 - R:localhost/127.0.0.1:64324] for GET '/session/39d0e12cbd00c305dd3ee943326f1b5f/element/4fd2b451-fcf6-4786-b2ff-49303fc903ac/name'
23:11:10.899 [AsyncHttpClient-1-14] DEBUG org.asynchttpclient.netty.handler.HttpHandler - 

Request DefaultFullHttpRequest(decodeResult: success, version: HTTP/1.1, content: EmptyByteBufBE)
GET /session/39d0e12cbd00c305dd3ee943326f1b5f/element/4fd2b451-fcf6-4786-b2ff-49303fc903ac/name HTTP/1.1
User-Agent: selenium/4.1.2 (java windows)
Cache-Control: no-cache
Content-Type: application/json; charset=utf-8
host: localhost:64324
accept: */*

Response DefaultHttpResponse(decodeResult: success, version: HTTP/1.1)
HTTP/1.1 200 OK
Content-Type: application/json; charset=utf-8
cache-control: no-cache
content-length: 16

23:11:10.899 [AsyncHttpClient-1-14] DEBUG org.asynchttpclient.netty.channel.ChannelManager - Adding key: http://localhost:64324 for channel [id: 0x8061a9d1, L:/127.0.0.1:61872 - R:localhost/127.0.0.1:64324]
23:11:10.901 [Forwarding findElement on session 39d0e12cbd00c305dd3ee943326f1b5f to remote] DEBUG org.asynchttpclient.netty.request.NettyRequestSender - Using pooled Channel '[id: 0x8061a9d1, L:/127.0.0.1:61872 - R:localhost/127.0.0.1:64324]' for 'POST' to 'http://localhost:64324/session/39d0e12cbd00c305dd3ee943326f1b5f/element'
23:11:10.901 [Forwarding findElement on session 39d0e12cbd00c305dd3ee943326f1b5f to remote] DEBUG org.asynchttpclient.netty.request.NettyRequestSender - Using open Channel [id: 0x8061a9d1, L:/127.0.0.1:61872 - R:localhost/127.0.0.1:64324] for POST '/session/39d0e12cbd00c305dd3ee943326f1b5f/element'
23:11:10.907 [AsyncHttpClient-1-14] DEBUG org.asynchttpclient.netty.handler.HttpHandler - 

Request DefaultHttpRequest(decodeResult: success, version: HTTP/1.1)
POST /session/39d0e12cbd00c305dd3ee943326f1b5f/element HTTP/1.1
User-Agent: selenium/4.1.2 (java windows)
Content-Length: 81
Content-Type: application/json; charset=utf-8
host: localhost:64324
accept: */*

Response DefaultHttpResponse(decodeResult: success, version: HTTP/1.1)
HTTP/1.1 200 OK
Content-Type: application/json; charset=utf-8
cache-control: no-cache
content-length: 88

23:11:10.907 [AsyncHttpClient-1-14] DEBUG org.asynchttpclient.netty.channel.ChannelManager - Adding key: http://localhost:64324 for channel [id: 0x8061a9d1, L:/127.0.0.1:61872 - R:localhost/127.0.0.1:64324]
23:11:10.909 [Forwarding clickElement on session 39d0e12cbd00c305dd3ee943326f1b5f to remote] DEBUG org.asynchttpclient.netty.request.NettyRequestSender - Using pooled Channel '[id: 0x8061a9d1, L:/127.0.0.1:61872 - R:localhost/127.0.0.1:64324]' for 'POST' to 'http://localhost:64324/session/39d0e12cbd00c305dd3ee943326f1b5f/element/4fd2b451-fcf6-4786-b2ff-49303fc903ac/click'
23:11:10.909 [Forwarding clickElement on session 39d0e12cbd00c305dd3ee943326f1b5f to remote] DEBUG org.asynchttpclient.netty.request.NettyRequestSender - Using open Channel [id: 0x8061a9d1, L:/127.0.0.1:61872 - R:localhost/127.0.0.1:64324] for POST '/session/39d0e12cbd00c305dd3ee943326f1b5f/element/4fd2b451-fcf6-4786-b2ff-49303fc903ac/click'
23:11:11.310 [AsyncHttpClient-1-14] DEBUG org.asynchttpclient.netty.handler.HttpHandler - 

Request DefaultHttpRequest(decodeResult: success, version: HTTP/1.1)
POST /session/39d0e12cbd00c305dd3ee943326f1b5f/element/4fd2b451-fcf6-4786-b2ff-49303fc903ac/click HTTP/1.1
User-Agent: selenium/4.1.2 (java windows)
Content-Length: 50
Content-Type: application/json; charset=utf-8
host: localhost:64324
accept: */*

Response DefaultHttpResponse(decodeResult: success, version: HTTP/1.1)
HTTP/1.1 200 OK
Content-Type: application/json; charset=utf-8
cache-control: no-cache
content-length: 14

23:11:11.311 [AsyncHttpClient-1-14] DEBUG org.asynchttpclient.netty.channel.ChannelManager - Adding key: http://localhost:64324 for channel [id: 0x8061a9d1, L:/127.0.0.1:61872 - R:localhost/127.0.0.1:64324]
  &amp#27;[32mThen &amp#27;[0m&amp#27;[32mI click baby on the header&amp#27;[0m &amp#27;[90m# starter.stepdefinitions.BabyStep.iClickBabyOnTheHeader()&amp#27;[0m
23:11:11.320 [Forwarding screenshot on session 39d0e12cbd00c305dd3ee943326f1b5f to remote] DEBUG org.asynchttpclient.netty.request.NettyRequestSender - Using pooled Channel '[id: 0x8061a9d1, L:/127.0.0.1:61872 - R:localhost/127.0.0.1:64324]' for 'GET' to 'http://localhost:64324/session/39d0e12cbd00c305dd3ee943326f1b5f/screenshot'
23:11:11.320 [Forwarding screenshot on session 39d0e12cbd00c305dd3ee943326f1b5f to remote] DEBUG org.asynchttpclient.netty.request.NettyRequestSender - Using open Channel [id: 0x8061a9d1, L:/127.0.0.1:61872 - R:localhost/127.0.0.1:64324] for GET '/session/39d0e12cbd00c305dd3ee943326f1b5f/screenshot'
23:11:11.722 [AsyncHttpClient-1-1] DEBUG org.asynchttpclient.netty.channel.DefaultChannelPool - Entry count for : http://localhost:61874 : 1
23:11:11.994 [AsyncHttpClient-1-14] DEBUG org.asynchttpclient.netty.handler.HttpHandler - 

Request DefaultFullHttpRequest(decodeResult: success, version: HTTP/1.1, content: EmptyByteBufBE)
GET /session/39d0e12cbd00c305dd3ee943326f1b5f/screenshot HTTP/1.1
User-Agent: selenium/4.1.2 (java windows)
Cache-Control: no-cache
Content-Type: application/json; charset=utf-8
host: localhost:64324
accept: */*

Response DefaultHttpResponse(decodeResult: success, version: HTTP/1.1)
HTTP/1.1 200 OK
Content-Type: application/json; charset=utf-8
cache-control: no-cache
content-length: 137764

23:11:11.994 [AsyncHttpClient-1-14] DEBUG org.asynchttpclient.netty.channel.ChannelManager - Adding key: http://localhost:64324 for channel [id: 0x8061a9d1, L:/127.0.0.1:61872 - R:localhost/127.0.0.1:64324]
23:11:12.002 [main] DEBUG net.serenitybdd.core.photography.Darkroom - Send negative for processing for target\site\serenity\f2da34ea19d04f80498901b682977b748d984c96bb23296c51c612f865c5ad23.png
23:11:12.002 [Darkroom Processing Line] DEBUG net.serenitybdd.core.photography.DarkroomProcessingLine - Processing screenshot image in /var/screenshots/screenshot-4182627181104363139
23:11:12.002 [Darkroom Processing Line] DEBUG net.serenitybdd.core.photography.DarkroomProcessingLine - Saving screenshot to target\site\serenity\f2da34ea19d04f80498901b682977b748d984c96bb23296c51c612f865c5ad23.png
23:11:12.012 [Forwarding findElement on session 39d0e12cbd00c305dd3ee943326f1b5f to remote] DEBUG org.asynchttpclient.netty.request.NettyRequestSender - Using pooled Channel '[id: 0x8061a9d1, L:/127.0.0.1:61872 - R:localhost/127.0.0.1:64324]' for 'POST' to 'http://localhost:64324/session/39d0e12cbd00c305dd3ee943326f1b5f/element'
23:11:12.012 [Forwarding findElement on session 39d0e12cbd00c305dd3ee943326f1b5f to remote] DEBUG org.asynchttpclient.netty.request.NettyRequestSender - Using open Channel [id: 0x8061a9d1, L:/127.0.0.1:61872 - R:localhost/127.0.0.1:64324] for POST '/session/39d0e12cbd00c305dd3ee943326f1b5f/element'
23:11:12.039 [AsyncHttpClient-1-14] DEBUG org.asynchttpclient.netty.handler.HttpHandler - 

Request DefaultHttpRequest(decodeResult: success, version: HTTP/1.1)
POST /session/39d0e12cbd00c305dd3ee943326f1b5f/element HTTP/1.1
User-Agent: selenium/4.1.2 (java windows)
Content-Length: 104
Content-Type: application/json; charset=utf-8
host: localhost:64324
accept: */*

Response DefaultHttpResponse(decodeResult: success, version: HTTP/1.1)
HTTP/1.1 200 OK
Content-Type: application/json; charset=utf-8
cache-control: no-cache
content-length: 88

23:11:12.039 [AsyncHttpClient-1-14] DEBUG org.asynchttpclient.netty.channel.ChannelManager - Adding key: http://localhost:64324 for channel [id: 0x8061a9d1, L:/127.0.0.1:61872 - R:localhost/127.0.0.1:64324]
23:11:12.041 [Forwarding getElementTagName on session 39d0e12cbd00c305dd3ee943326f1b5f to remote] DEBUG org.asynchttpclient.netty.request.NettyRequestSender - Using pooled Channel '[id: 0x8061a9d1, L:/127.0.0.1:61872 - R:localhost/127.0.0.1:64324]' for 'GET' to 'http://localhost:64324/session/39d0e12cbd00c305dd3ee943326f1b5f/element/9a32f9fc-497d-4a96-bf13-36c418ca675e/name'
23:11:12.041 [Forwarding getElementTagName on session 39d0e12cbd00c305dd3ee943326f1b5f to remote] DEBUG org.asynchttpclient.netty.request.NettyRequestSender - Using open Channel [id: 0x8061a9d1, L:/127.0.0.1:61872 - R:localhost/127.0.0.1:64324] for GET '/session/39d0e12cbd00c305dd3ee943326f1b5f/element/9a32f9fc-497d-4a96-bf13-36c418ca675e/name'
23:11:12.044 [AsyncHttpClient-1-14] DEBUG org.asynchttpclient.netty.handler.HttpHandler - 

Request DefaultFullHttpRequest(decodeResult: success, version: HTTP/1.1, content: EmptyByteBufBE)
GET /session/39d0e12cbd00c305dd3ee943326f1b5f/element/9a32f9fc-497d-4a96-bf13-36c418ca675e/name HTTP/1.1
User-Agent: selenium/4.1.2 (java windows)
Cache-Control: no-cache
Content-Type: application/json; charset=utf-8
host: localhost:64324
accept: */*

Response DefaultHttpResponse(decodeResult: success, version: HTTP/1.1)
HTTP/1.1 200 OK
Content-Type: application/json; charset=utf-8
cache-control: no-cache
content-length: 16

23:11:12.045 [AsyncHttpClient-1-14] DEBUG org.asynchttpclient.netty.channel.ChannelManager - Adding key: http://localhost:64324 for channel [id: 0x8061a9d1, L:/127.0.0.1:61872 - R:localhost/127.0.0.1:64324]
23:11:12.046 [Forwarding getElementTagName on session 39d0e12cbd00c305dd3ee943326f1b5f to remote] DEBUG org.asynchttpclient.netty.request.NettyRequestSender - Using pooled Channel '[id: 0x8061a9d1, L:/127.0.0.1:61872 - R:localhost/127.0.0.1:64324]' for 'GET' to 'http://localhost:64324/session/39d0e12cbd00c305dd3ee943326f1b5f/element/9a32f9fc-497d-4a96-bf13-36c418ca675e/name'
23:11:12.046 [Forwarding getElementTagName on session 39d0e12cbd00c305dd3ee943326f1b5f to remote] DEBUG org.asynchttpclient.netty.request.NettyRequestSender - Using open Channel [id: 0x8061a9d1, L:/127.0.0.1:61872 - R:localhost/127.0.0.1:64324] for GET '/session/39d0e12cbd00c305dd3ee943326f1b5f/element/9a32f9fc-497d-4a96-bf13-36c418ca675e/name'
23:11:12.049 [AsyncHttpClient-1-14] DEBUG org.asynchttpclient.netty.handler.HttpHandler - 

Request DefaultFullHttpRequest(decodeResult: success, version: HTTP/1.1, content: EmptyByteBufBE)
GET /session/39d0e12cbd00c305dd3ee943326f1b5f/element/9a32f9fc-497d-4a96-bf13-36c418ca675e/name HTTP/1.1
User-Agent: selenium/4.1.2 (java windows)
Cache-Control: no-cache
Content-Type: application/json; charset=utf-8
host: localhost:64324
accept: */*

Response DefaultHttpResponse(decodeResult: success, version: HTTP/1.1)
HTTP/1.1 200 OK
Content-Type: application/json; charset=utf-8
cache-control: no-cache
content-length: 16

23:11:12.050 [AsyncHttpClient-1-14] DEBUG org.asynchttpclient.netty.channel.ChannelManager - Adding key: http://localhost:64324 for channel [id: 0x8061a9d1, L:/127.0.0.1:61872 - R:localhost/127.0.0.1:64324]
23:11:12.053 [Forwarding findElement on session 39d0e12cbd00c305dd3ee943326f1b5f to remote] DEBUG org.asynchttpclient.netty.request.NettyRequestSender - Using pooled Channel '[id: 0x8061a9d1, L:/127.0.0.1:61872 - R:localhost/127.0.0.1:64324]' for 'POST' to 'http://localhost:64324/session/39d0e12cbd00c305dd3ee943326f1b5f/element'
23:11:12.053 [Forwarding findElement on session 39d0e12cbd00c305dd3ee943326f1b5f to remote] DEBUG org.asynchttpclient.netty.request.NettyRequestSender - Using open Channel [id: 0x8061a9d1, L:/127.0.0.1:61872 - R:localhost/127.0.0.1:64324] for POST '/session/39d0e12cbd00c305dd3ee943326f1b5f/element'
23:11:12.061 [AsyncHttpClient-1-14] DEBUG org.asynchttpclient.netty.handler.HttpHandler - 

Request DefaultHttpRequest(decodeResult: success, version: HTTP/1.1)
POST /session/39d0e12cbd00c305dd3ee943326f1b5f/element HTTP/1.1
User-Agent: selenium/4.1.2 (java windows)
Content-Length: 104
Content-Type: application/json; charset=utf-8
host: localhost:64324
accept: */*

Response DefaultHttpResponse(decodeResult: success, version: HTTP/1.1)
HTTP/1.1 200 OK
Content-Type: application/json; charset=utf-8
cache-control: no-cache
content-length: 88

23:11:12.061 [AsyncHttpClient-1-14] DEBUG org.asynchttpclient.netty.channel.ChannelManager - Adding key: http://localhost:64324 for channel [id: 0x8061a9d1, L:/127.0.0.1:61872 - R:localhost/127.0.0.1:64324]
23:11:12.062 [Forwarding clickElement on session 39d0e12cbd00c305dd3ee943326f1b5f to remote] DEBUG org.asynchttpclient.netty.request.NettyRequestSender - Using pooled Channel '[id: 0x8061a9d1, L:/127.0.0.1:61872 - R:localhost/127.0.0.1:64324]' for 'POST' to 'http://localhost:64324/session/39d0e12cbd00c305dd3ee943326f1b5f/element/9a32f9fc-497d-4a96-bf13-36c418ca675e/click'
23:11:12.063 [Forwarding clickElement on session 39d0e12cbd00c305dd3ee943326f1b5f to remote] DEBUG org.asynchttpclient.netty.request.NettyRequestSender - Using open Channel [id: 0x8061a9d1, L:/127.0.0.1:61872 - R:localhost/127.0.0.1:64324] for POST '/session/39d0e12cbd00c305dd3ee943326f1b5f/element/9a32f9fc-497d-4a96-bf13-36c418ca675e/click'
23:11:12.233 [AsyncHttpClient-1-14] DEBUG org.asynchttpclient.netty.handler.HttpHandler - 

Request DefaultHttpRequest(decodeResult: success, version: HTTP/1.1)
POST /session/39d0e12cbd00c305dd3ee943326f1b5f/element/9a32f9fc-497d-4a96-bf13-36c418ca675e/click HTTP/1.1
User-Agent: selenium/4.1.2 (java windows)
Content-Length: 50
Content-Type: application/json; charset=utf-8
host: localhost:64324
accept: */*

Response DefaultHttpResponse(decodeResult: success, version: HTTP/1.1)
HTTP/1.1 200 OK
Content-Type: application/json; charset=utf-8
cache-control: no-cache
content-length: 14

23:11:12.234 [AsyncHttpClient-1-14] DEBUG org.asynchttpclient.netty.channel.ChannelManager - Adding key: http://localhost:64324 for channel [id: 0x8061a9d1, L:/127.0.0.1:61872 - R:localhost/127.0.0.1:64324]
  &amp#27;[32mWhen &amp#27;[0m&amp#27;[32mI will go to luaran &amp#27;[0m&amp#27;[32m&amp#27;[1m1&amp#27;[0m      &amp#27;[90m# starter.stepdefinitions.BabyStep.iWillGoToLuaran(int)&amp#27;[0m
23:11:12.243 [Forwarding screenshot on session 39d0e12cbd00c305dd3ee943326f1b5f to remote] DEBUG org.asynchttpclient.netty.request.NettyRequestSender - Using pooled Channel '[id: 0x8061a9d1, L:/127.0.0.1:61872 - R:localhost/127.0.0.1:64324]' for 'GET' to 'http://localhost:64324/session/39d0e12cbd00c305dd3ee943326f1b5f/screenshot'
23:11:12.243 [Forwarding screenshot on session 39d0e12cbd00c305dd3ee943326f1b5f to remote] DEBUG org.asynchttpclient.netty.request.NettyRequestSender - Using open Channel [id: 0x8061a9d1, L:/127.0.0.1:61872 - R:localhost/127.0.0.1:64324] for GET '/session/39d0e12cbd00c305dd3ee943326f1b5f/screenshot'
23:11:12.431 [AsyncHttpClient-1-14] DEBUG org.asynchttpclient.netty.handler.HttpHandler - 

Request DefaultFullHttpRequest(decodeResult: success, version: HTTP/1.1, content: EmptyByteBufBE)
GET /session/39d0e12cbd00c305dd3ee943326f1b5f/screenshot HTTP/1.1
User-Agent: selenium/4.1.2 (java windows)
Cache-Control: no-cache
Content-Type: application/json; charset=utf-8
host: localhost:64324
accept: */*

Response DefaultHttpResponse(decodeResult: success, version: HTTP/1.1)
HTTP/1.1 200 OK
Content-Type: application/json; charset=utf-8
cache-control: no-cache
content-length: 83208

23:11:12.432 [AsyncHttpClient-1-14] DEBUG org.asynchttpclient.netty.channel.ChannelManager - Adding key: http://localhost:64324 for channel [id: 0x8061a9d1, L:/127.0.0.1:61872 - R:localhost/127.0.0.1:64324]
23:11:12.435 [main] DEBUG net.serenitybdd.core.photography.Darkroom - Send negative for processing for target\site\serenity\7a6f9d1bead8279a84fe6d807e87cab98e46262631d28d6a2cf874cfa69f3195.png
23:11:12.435 [Darkroom Processing Line] DEBUG net.serenitybdd.core.photography.DarkroomProcessingLine - Processing screenshot image in /var/screenshots/screenshot-17471551107008716333
23:11:12.435 [Darkroom Processing Line] DEBUG net.serenitybdd.core.photography.DarkroomProcessingLine - Saving screenshot to target\site\serenity\7a6f9d1bead8279a84fe6d807e87cab98e46262631d28d6a2cf874cfa69f3195.png
23:11:12.437 [main] INFO  - 
  _____   ___   ___   _____     ___     _     ___   ___   ___   ___  
 |_   _| | __| / __| |_   _|   | _ \   /_\   / __| / __| | __| |   \ 
   | |   | _|  \__ \   | |     |  _/  / _ \  \__ \ \__ \ | _|  | |) |
   |_|   |___| |___/   |_|     |_|   /_/ \_\ |___/ |___/ |___| |___/ 

Menu Luaran 1
----------------------------------------------------------------------
23:11:12.438 [AsyncHttpClient-1-16] DEBUG org.asynchttpclient.netty.handler.WebSocketHandler - Channel Closed: [id: 0x4eaa2b0f, L:/127.0.0.1:61884 ! R:localhost/127.0.0.1:61874] with attribute NettyResponseFuture{currentRetry=5,
	isDone=1,
	isCancelled=0,
	asyncHandler=org.asynchttpclient.ws.WebSocketUpgradeHandler@16cacf96,
	nettyRequest=org.asynchttpclient.netty.request.NettyRequest@53c8532b,
	future=java.util.concurrent.CompletableFuture@5a54c820[Completed normally],
	uri=ws://localhost:61874/devtools/browser/0b891365-7010-4fe0-b08d-e0c18d64c8cf,
	keepAlive=true,
	redirectCount=0,
	timeoutsHolder=null,
	inAuth=0,
	touch=1680538264845}
23:11:12.439 [AsyncHttpClient-1-16] DEBUG org.asynchttpclient.netty.channel.ChannelManager - Closing Channel [id: 0x4eaa2b0f, L:/127.0.0.1:61884 ! R:localhost/127.0.0.1:61874] 
23:11:12.439 [Driver Command Executor] DEBUG org.asynchttpclient.netty.request.NettyRequestSender - Using pooled Channel '[id: 0x8061a9d1, L:/127.0.0.1:61872 - R:localhost/127.0.0.1:64324]' for 'DELETE' to 'http://localhost:64324/session/39d0e12cbd00c305dd3ee943326f1b5f'
23:11:12.439 [Driver Command Executor] DEBUG org.asynchttpclient.netty.request.NettyRequestSender - Using open Channel [id: 0x8061a9d1, L:/127.0.0.1:61872 - R:localhost/127.0.0.1:64324] for DELETE '/session/39d0e12cbd00c305dd3ee943326f1b5f'
23:11:12.477 [AsyncHttpClient-1-15] DEBUG org.asynchttpclient.netty.handler.HttpHandler - Unexpected I/O exception on channel [id: 0xd3651f9f, L:/127.0.0.1:61883 - R:localhost/127.0.0.1:61874]
java.net.SocketException: Connection reset
	at java.base/sun.nio.ch.SocketChannelImpl.throwConnectionReset(SocketChannelImpl.java:345)
	at java.base/sun.nio.ch.SocketChannelImpl.read(SocketChannelImpl.java:376)
	at io.netty.buffer.PooledByteBuf.setBytes(PooledByteBuf.java:258)
	at io.netty.buffer.AbstractByteBuf.writeBytes(AbstractByteBuf.java:1132)
	at io.netty.channel.socket.nio.NioSocketChannel.doReadBytes(NioSocketChannel.java:350)
	at io.netty.channel.nio.AbstractNioByteChannel$NioByteUnsafe.read(AbstractNioByteChannel.java:151)
	at io.netty.channel.nio.NioEventLoop.processSelectedKey(NioEventLoop.java:722)
	at io.netty.channel.nio.NioEventLoop.processSelectedKeysOptimized(NioEventLoop.java:658)
	at io.netty.channel.nio.NioEventLoop.processSelectedKeys(NioEventLoop.java:584)
	at io.netty.channel.nio.NioEventLoop.run(NioEventLoop.java:496)
	at io.netty.util.concurrent.SingleThreadEventExecutor$4.run(SingleThreadEventExecutor.java:986)
	at io.netty.util.internal.ThreadExecutorMap$2.run(ThreadExecutorMap.java:74)
	at io.netty.util.concurrent.FastThreadLocalRunnable.run(FastThreadLocalRunnable.java:30)
	at java.base/java.lang.Thread.run(Thread.java:830)
23:11:12.477 [AsyncHttpClient-1-15] DEBUG org.asynchttpclient.netty.channel.ChannelManager - Closing Channel [id: 0xd3651f9f, L:/127.0.0.1:61883 - R:localhost/127.0.0.1:61874] 
23:11:12.478 [AsyncHttpClient-1-15] DEBUG org.asynchttpclient.netty.handler.HttpHandler - Channel Closed: [id: 0xd3651f9f, L:/127.0.0.1:61883 ! R:localhost/127.0.0.1:61874] with attribute DISCARD
23:11:12.495 [AsyncHttpClient-1-14] DEBUG org.asynchttpclient.netty.handler.HttpHandler - 

Request DefaultFullHttpRequest(decodeResult: success, version: HTTP/1.1, content: EmptyByteBufBE)
DELETE /session/39d0e12cbd00c305dd3ee943326f1b5f HTTP/1.1
User-Agent: selenium/4.1.2 (java windows)
Content-Type: application/json; charset=utf-8
host: localhost:64324
accept: */*

Response DefaultHttpResponse(decodeResult: success, version: HTTP/1.1)
HTTP/1.1 200 OK
Content-Type: application/json; charset=utf-8
cache-control: no-cache
content-length: 14

23:11:12.496 [AsyncHttpClient-1-14] DEBUG org.asynchttpclient.netty.channel.ChannelManager - Adding key: http://localhost:64324 for channel [id: 0x8061a9d1, L:/127.0.0.1:61872 - R:localhost/127.0.0.1:64324]
23:11:12.706 [AsyncHttpClient-1-14] DEBUG org.asynchttpclient.netty.handler.HttpHandler - Channel Closed: [id: 0x8061a9d1, L:/127.0.0.1:61872 ! R:localhost/127.0.0.1:64324] with attribute DISCARD
23:11:12.819 [AsyncHttpClient-1-1] DEBUG org.asynchttpclient.netty.channel.DefaultChannelPool - Entry count for : http://localhost:64324 : 1
23:11:12.819 [AsyncHttpClient-1-1] DEBUG org.asynchttpclient.netty.channel.DefaultChannelPool - Entry count for : http://localhost:61874 : 1
23:11:12.819 [AsyncHttpClient-1-1] DEBUG org.asynchttpclient.netty.channel.DefaultChannelPool - Adding Candidate expired Channel [id: 0x8061a9d1, L:/127.0.0.1:61872 ! R:localhost/127.0.0.1:64324] isIdleTimeoutExpired=false isRemotelyClosed=true isTtlExpired=false
23:11:12.819 [AsyncHttpClient-1-1] DEBUG org.asynchttpclient.netty.channel.DefaultChannelPool - Closing Idle Channel [id: 0x8061a9d1, L:/127.0.0.1:61872 ! R:localhost/127.0.0.1:64324]
23:11:12.819 [AsyncHttpClient-1-1] DEBUG org.asynchttpclient.netty.channel.DefaultChannelPool - Adding Candidate expired Channel [id: 0xd3651f9f, L:/127.0.0.1:61883 ! R:localhost/127.0.0.1:61874] isIdleTimeoutExpired=false isRemotelyClosed=true isTtlExpired=false
23:11:12.819 [AsyncHttpClient-1-1] DEBUG org.asynchttpclient.netty.channel.DefaultChannelPool - Closing Idle Channel [id: 0xd3651f9f, L:/127.0.0.1:61883 ! R:localhost/127.0.0.1:61874]
23:11:12.819 [AsyncHttpClient-1-1] DEBUG org.asynchttpclient.netty.channel.DefaultChannelPool - Closed 2 connections out of 2 in 0 ms
]]></system-out>
    <system-err><![CDATA[Starting Microsoft Edge WebDriver 111.0.1661.62 (0a8f453929e6410c973aa529a40485ce4e3e03db) on port 64324
To submit feedback, report a bug, or suggest new features, please visit https://github.com/MicrosoftEdge/EdgeWebDriver

Only local connections are allowed.
Please see https://aka.ms/WebDriverSecurity for suggestions on keeping Microsoft Edge WebDriver safe.

Microsoft Edge WebDriver was started successfully.
Apr 03, 2023 11:11:04 PM org.openqa.selenium.remote.ProtocolHandshake createSession
INFO: Detected dialect: W3C
Apr 03, 2023 11:11:04 PM org.openqa.selenium.devtools.CdpVersionFinder findNearestMatch
WARNING: Unable to find an exact match for CDP version 111, so returning the closest version found: a no-op implementation
Apr 03, 2023 11:11:04 PM org.openqa.selenium.devtools.CdpVersionFinder findNearestMatch
INFO: Unable to find CDP implementation matching 111.
Apr 03, 2023 11:11:04 PM org.openqa.selenium.chromium.ChromiumDriver lambda$new$3
WARNING: Unable to find version of CDP to use for . You may need to include a dependency on a specific version of the CDP using something similar to `org.seleniumhq.selenium:selenium-devtools-v86:4.1.2` where the version ("v86") matches the version of the chromium-based browser you're using and the version number of the artifact is the same as Selenium's.
]]></system-err>
  </testcase>
  <testcase name="Menu One Piece" classname="Baby" time="12.442">
    <system-out><![CDATA[
Scenario: Menu One Piece          &amp#27;[90m# src/test/resources/features/Baby.feature:31&amp#27;[0m
23:11:13.290 [main] INFO io.cucumber.core.plugin.SerenityReporter - Running feature from file:///C:/Users/alwi/IdeaProjects/uniqloweb/src/test/resources/features/Baby.feature
23:11:13.292 [main] INFO  - 
  _____   ___   ___   _____     ___   _____     _     ___   _____   ___   ___  
 |_   _| | __| / __| |_   _|   / __| |_   _|   /_\   | _ \ |_   _| | __| |   \ 
   | |   | _|  \__ \   | |     \__ \   | |    / _ \  |   /   | |   | _|  | |) |
   |_|   |___| |___/   |_|     |___/   |_|   /_/ \_\ |_|_\   |_|   |___| |___/ 

Menu One Piece(baby;menu-one-piece)
--------------------------------------------------------------------------------
23:11:13.422 [main] DEBUG io.github.bonigarcia.wdm.cache.ResolutionCache - Resolution edge=111 in cache (valid until 23:36:32 03/04/2023 WIB)
23:11:13.426 [main] DEBUG io.github.bonigarcia.wdm.cache.ResolutionCache - Resolution edge111=111.0.1661.62 in cache (valid until 12:22:00 04/04/2023 WIB)
23:11:13.427 [main] INFO io.github.bonigarcia.wdm.WebDriverManager - Using msedgedriver 111.0.1661.62 (resolved driver for Edge 111)
23:11:13.445 [main] DEBUG io.github.bonigarcia.wdm.WebDriverManager - Driver msedgedriver 111.0.1661.62 found in cache
23:11:13.446 [main] INFO io.github.bonigarcia.wdm.WebDriverManager - Exporting webdriver.edge.driver as C:\Users\alwi\.cache\selenium\msedgedriver\win64\111.0.1661.62\msedgedriver.exe
23:11:13.449 [main] DEBUG net.serenitybdd.core.webdriver.driverproviders.ProvideNewDriver - Instantiating driver
23:11:13.449 [main] DEBUG net.serenitybdd.core.webdriver.driverproviders.ProvideNewDriver - Driver capabilities: Capabilities {base.url: https://www.uniqlo.com, chrome.driver: src/test/resources/webdrive..., driver: edge, ms:edgeChromium: true, ms:edgeOptions: {}, wait.for.timeout: 6000}
23:11:13.995 [AsyncHttpClient-1-17] DEBUG org.asynchttpclient.netty.channel.NettyConnectListener - Using new Channel '[id: 0xcea554c5, L:/127.0.0.1:62006 - R:localhost/127.0.0.1:52052]' for 'POST' to '/session'
23:11:14.535 [AsyncHttpClient-1-17] DEBUG org.asynchttpclient.netty.handler.HttpHandler - 

Request DefaultHttpRequest(decodeResult: success, version: HTTP/1.1)
POST /session HTTP/1.1
User-Agent: selenium/4.1.2 (java windows)
Content-Length: 627
Content-Type: application/json; charset=utf-8
host: localhost:52052
accept: */*

Response DefaultHttpResponse(decodeResult: success, version: HTTP/1.1)
HTTP/1.1 200 OK
Content-Type: application/json; charset=utf-8
cache-control: no-cache
content-length: 823

23:11:14.535 [AsyncHttpClient-1-17] DEBUG org.asynchttpclient.netty.channel.ChannelManager - Adding key: http://localhost:52052 for channel [id: 0xcea554c5, L:/127.0.0.1:62006 - R:localhost/127.0.0.1:52052]
23:11:14.541 [AsyncHttpClient-1-2] DEBUG org.asynchttpclient.netty.channel.NettyConnectListener - Using new Channel '[id: 0x3fd5e01e, L:/127.0.0.1:62014 - R:localhost/127.0.0.1:62007]' for 'GET' to '/json/version'
23:11:14.544 [AsyncHttpClient-1-2] DEBUG org.asynchttpclient.netty.handler.HttpHandler - 

Request DefaultFullHttpRequest(decodeResult: success, version: HTTP/1.1, content: EmptyByteBufBE)
GET /json/version HTTP/1.1
User-Agent: selenium/4.1.2 (java windows)
host: localhost:62007
accept: */*

Response DefaultHttpResponse(decodeResult: success, version: HTTP/1.1)
HTTP/1.1 200 OK
Content-Security-Policy: frame-ancestors 'none'
Content-Type: application/json; charset=UTF-8
content-length: 436

23:11:14.544 [AsyncHttpClient-1-2] DEBUG org.asynchttpclient.netty.channel.ChannelManager - Adding key: http://localhost:62007 for channel [id: 0x3fd5e01e, L:/127.0.0.1:62014 - R:localhost/127.0.0.1:62007]
23:11:14.546 [AsyncHttpClient-1-3] DEBUG org.asynchttpclient.netty.channel.NettyConnectListener - Using new Channel '[id: 0x545ddba4, L:/127.0.0.1:62015 - R:localhost/127.0.0.1:62007]' for 'GET' to '/devtools/browser/877f62e8-8ae0-47f1-93ea-e3c2fecde3ff'
23:11:14.547 [AsyncHttpClient-1-3] DEBUG org.asynchttpclient.netty.handler.WebSocketHandler - 

Request DefaultFullHttpRequest(decodeResult: success, version: HTTP/1.1, content: EmptyByteBufBE)
GET /devtools/browser/877f62e8-8ae0-47f1-93ea-e3c2fecde3ff HTTP/1.1
upgrade: websocket
connection: upgrade
sec-websocket-key: czy4dPyxd40xb2q2g/tiiw==
sec-websocket-version: 13
origin: http://localhost:62007
host: localhost:62007
accept: */*
user-agent: AHC/2.1

Response DefaultHttpResponse(decodeResult: success, version: HTTP/1.1)
HTTP/1.1 101 WebSocket Protocol Handshake
Upgrade: WebSocket
Connection: Upgrade
Sec-WebSocket-Accept: 7+O7CTI/vpIsR5ZC5QxbOyjZoxU=

23:11:14.551 [Forwarding get on session 0634fad04679ac5d0280ab68ce4928fc to remote] DEBUG org.asynchttpclient.netty.request.NettyRequestSender - Using pooled Channel '[id: 0xcea554c5, L:/127.0.0.1:62006 - R:localhost/127.0.0.1:52052]' for 'POST' to 'http://localhost:52052/session/0634fad04679ac5d0280ab68ce4928fc/url'
23:11:14.551 [Forwarding get on session 0634fad04679ac5d0280ab68ce4928fc to remote] DEBUG org.asynchttpclient.netty.request.NettyRequestSender - Using open Channel [id: 0xcea554c5, L:/127.0.0.1:62006 - R:localhost/127.0.0.1:52052] for POST '/session/0634fad04679ac5d0280ab68ce4928fc/url'
23:11:15.033 [AsyncHttpClient-1-1] DEBUG org.asynchttpclient.netty.channel.DefaultChannelPool - Entry count for : http://localhost:62007 : 1
23:11:16.120 [AsyncHttpClient-1-1] DEBUG org.asynchttpclient.netty.channel.DefaultChannelPool - Entry count for : http://localhost:62007 : 1
23:11:17.219 [AsyncHttpClient-1-1] DEBUG org.asynchttpclient.netty.channel.DefaultChannelPool - Entry count for : http://localhost:62007 : 1
23:11:18.322 [AsyncHttpClient-1-1] DEBUG org.asynchttpclient.netty.channel.DefaultChannelPool - Entry count for : http://localhost:62007 : 1
23:11:19.420 [AsyncHttpClient-1-1] DEBUG org.asynchttpclient.netty.channel.DefaultChannelPool - Entry count for : http://localhost:62007 : 1
23:11:20.528 [AsyncHttpClient-1-1] DEBUG org.asynchttpclient.netty.channel.DefaultChannelPool - Entry count for : http://localhost:62007 : 1
23:11:21.619 [AsyncHttpClient-1-1] DEBUG org.asynchttpclient.netty.channel.DefaultChannelPool - Entry count for : http://localhost:62007 : 1
23:11:22.719 [AsyncHttpClient-1-1] DEBUG org.asynchttpclient.netty.channel.DefaultChannelPool - Entry count for : http://localhost:62007 : 1
23:11:22.789 [AsyncHttpClient-1-17] DEBUG org.asynchttpclient.netty.handler.HttpHandler - 

Request DefaultHttpRequest(decodeResult: success, version: HTTP/1.1)
POST /session/0634fad04679ac5d0280ab68ce4928fc/url HTTP/1.1
User-Agent: selenium/4.1.2 (java windows)
Content-Length: 53
Content-Type: application/json; charset=utf-8
host: localhost:52052
accept: */*

Response DefaultHttpResponse(decodeResult: success, version: HTTP/1.1)
HTTP/1.1 200 OK
Content-Type: application/json; charset=utf-8
cache-control: no-cache
content-length: 14

23:11:22.789 [AsyncHttpClient-1-17] DEBUG org.asynchttpclient.netty.channel.ChannelManager - Adding key: http://localhost:52052 for channel [id: 0xcea554c5, L:/127.0.0.1:62006 - R:localhost/127.0.0.1:52052]
23:11:22.791 [Forwarding setTimeout on session 0634fad04679ac5d0280ab68ce4928fc to remote] DEBUG org.asynchttpclient.netty.request.NettyRequestSender - Using pooled Channel '[id: 0xcea554c5, L:/127.0.0.1:62006 - R:localhost/127.0.0.1:52052]' for 'POST' to 'http://localhost:52052/session/0634fad04679ac5d0280ab68ce4928fc/timeouts'
23:11:22.791 [Forwarding setTimeout on session 0634fad04679ac5d0280ab68ce4928fc to remote] DEBUG org.asynchttpclient.netty.request.NettyRequestSender - Using open Channel [id: 0xcea554c5, L:/127.0.0.1:62006 - R:localhost/127.0.0.1:52052] for POST '/session/0634fad04679ac5d0280ab68ce4928fc/timeouts'
23:11:22.792 [AsyncHttpClient-1-17] DEBUG org.asynchttpclient.netty.handler.HttpHandler - 

Request DefaultHttpRequest(decodeResult: success, version: HTTP/1.1)
POST /session/0634fad04679ac5d0280ab68ce4928fc/timeouts HTTP/1.1
User-Agent: selenium/4.1.2 (java windows)
Content-Length: 22
Content-Type: application/json; charset=utf-8
host: localhost:52052
accept: */*

Response DefaultHttpResponse(decodeResult: success, version: HTTP/1.1)
HTTP/1.1 200 OK
Content-Type: application/json; charset=utf-8
cache-control: no-cache
content-length: 14

23:11:22.793 [AsyncHttpClient-1-17] DEBUG org.asynchttpclient.netty.channel.ChannelManager - Adding key: http://localhost:52052 for channel [id: 0xcea554c5, L:/127.0.0.1:62006 - R:localhost/127.0.0.1:52052]
23:11:22.795 [Forwarding getCurrentUrl on session 0634fad04679ac5d0280ab68ce4928fc to remote] DEBUG org.asynchttpclient.netty.request.NettyRequestSender - Using pooled Channel '[id: 0xcea554c5, L:/127.0.0.1:62006 - R:localhost/127.0.0.1:52052]' for 'GET' to 'http://localhost:52052/session/0634fad04679ac5d0280ab68ce4928fc/url'
23:11:22.795 [Forwarding getCurrentUrl on session 0634fad04679ac5d0280ab68ce4928fc to remote] DEBUG org.asynchttpclient.netty.request.NettyRequestSender - Using open Channel [id: 0xcea554c5, L:/127.0.0.1:62006 - R:localhost/127.0.0.1:52052] for GET '/session/0634fad04679ac5d0280ab68ce4928fc/url'
23:11:22.813 [AsyncHttpClient-1-17] DEBUG org.asynchttpclient.netty.handler.HttpHandler - 

Request DefaultFullHttpRequest(decodeResult: success, version: HTTP/1.1, content: EmptyByteBufBE)
GET /session/0634fad04679ac5d0280ab68ce4928fc/url HTTP/1.1
User-Agent: selenium/4.1.2 (java windows)
Cache-Control: no-cache
Content-Type: application/json; charset=utf-8
host: localhost:52052
accept: */*

Response DefaultHttpResponse(decodeResult: success, version: HTTP/1.1)
HTTP/1.1 200 OK
Content-Type: application/json; charset=utf-8
cache-control: no-cache
content-length: 41

23:11:22.813 [AsyncHttpClient-1-17] DEBUG org.asynchttpclient.netty.channel.ChannelManager - Adding key: http://localhost:52052 for channel [id: 0xcea554c5, L:/127.0.0.1:62006 - R:localhost/127.0.0.1:52052]
  &amp#27;[32mGiven &amp#27;[0m&amp#27;[32mI am on the home page&amp#27;[0m     &amp#27;[90m# starter.stepdefinitions.BabyStep.iAmOnTheHomePage()&amp#27;[0m
23:11:22.821 [Forwarding screenshot on session 0634fad04679ac5d0280ab68ce4928fc to remote] DEBUG org.asynchttpclient.netty.request.NettyRequestSender - Using pooled Channel '[id: 0xcea554c5, L:/127.0.0.1:62006 - R:localhost/127.0.0.1:52052]' for 'GET' to 'http://localhost:52052/session/0634fad04679ac5d0280ab68ce4928fc/screenshot'
23:11:22.821 [Forwarding screenshot on session 0634fad04679ac5d0280ab68ce4928fc to remote] DEBUG org.asynchttpclient.netty.request.NettyRequestSender - Using open Channel [id: 0xcea554c5, L:/127.0.0.1:62006 - R:localhost/127.0.0.1:52052] for GET '/session/0634fad04679ac5d0280ab68ce4928fc/screenshot'
23:11:23.159 [AsyncHttpClient-1-17] DEBUG org.asynchttpclient.netty.handler.HttpHandler - 

Request DefaultFullHttpRequest(decodeResult: success, version: HTTP/1.1, content: EmptyByteBufBE)
GET /session/0634fad04679ac5d0280ab68ce4928fc/screenshot HTTP/1.1
User-Agent: selenium/4.1.2 (java windows)
Cache-Control: no-cache
Content-Type: application/json; charset=utf-8
host: localhost:52052
accept: */*

Response DefaultHttpResponse(decodeResult: success, version: HTTP/1.1)
HTTP/1.1 200 OK
Content-Type: application/json; charset=utf-8
cache-control: no-cache
content-length: 1119968

23:11:23.163 [AsyncHttpClient-1-17] DEBUG org.asynchttpclient.netty.channel.ChannelManager - Adding key: http://localhost:52052 for channel [id: 0xcea554c5, L:/127.0.0.1:62006 - R:localhost/127.0.0.1:52052]
23:11:23.195 [main] DEBUG net.serenitybdd.core.photography.Darkroom - Send negative for processing for target\site\serenity\3d1b19ad31921c0beae4332facd941fcc81467ad5802877977ec6c100df601ce.png
23:11:23.209 [Forwarding findElement on session 0634fad04679ac5d0280ab68ce4928fc to remote] DEBUG org.asynchttpclient.netty.request.NettyRequestSender - Using pooled Channel '[id: 0xcea554c5, L:/127.0.0.1:62006 - R:localhost/127.0.0.1:52052]' for 'POST' to 'http://localhost:52052/session/0634fad04679ac5d0280ab68ce4928fc/element'
23:11:23.209 [Forwarding findElement on session 0634fad04679ac5d0280ab68ce4928fc to remote] DEBUG org.asynchttpclient.netty.request.NettyRequestSender - Using open Channel [id: 0xcea554c5, L:/127.0.0.1:62006 - R:localhost/127.0.0.1:52052] for POST '/session/0634fad04679ac5d0280ab68ce4928fc/element'
23:11:23.223 [AsyncHttpClient-1-17] DEBUG org.asynchttpclient.netty.handler.HttpHandler - 

Request DefaultHttpRequest(decodeResult: success, version: HTTP/1.1)
POST /session/0634fad04679ac5d0280ab68ce4928fc/element HTTP/1.1
User-Agent: selenium/4.1.2 (java windows)
Content-Length: 81
Content-Type: application/json; charset=utf-8
host: localhost:52052
accept: */*

Response DefaultHttpResponse(decodeResult: success, version: HTTP/1.1)
HTTP/1.1 200 OK
Content-Type: application/json; charset=utf-8
cache-control: no-cache
content-length: 88

23:11:23.223 [AsyncHttpClient-1-17] DEBUG org.asynchttpclient.netty.channel.ChannelManager - Adding key: http://localhost:52052 for channel [id: 0xcea554c5, L:/127.0.0.1:62006 - R:localhost/127.0.0.1:52052]
23:11:23.225 [Forwarding getElementTagName on session 0634fad04679ac5d0280ab68ce4928fc to remote] DEBUG org.asynchttpclient.netty.request.NettyRequestSender - Using pooled Channel '[id: 0xcea554c5, L:/127.0.0.1:62006 - R:localhost/127.0.0.1:52052]' for 'GET' to 'http://localhost:52052/session/0634fad04679ac5d0280ab68ce4928fc/element/7351ece7-427a-445c-a1a3-014d6effcbbb/name'
23:11:23.225 [Forwarding getElementTagName on session 0634fad04679ac5d0280ab68ce4928fc to remote] DEBUG org.asynchttpclient.netty.request.NettyRequestSender - Using open Channel [id: 0xcea554c5, L:/127.0.0.1:62006 - R:localhost/127.0.0.1:52052] for GET '/session/0634fad04679ac5d0280ab68ce4928fc/element/7351ece7-427a-445c-a1a3-014d6effcbbb/name'
23:11:23.230 [AsyncHttpClient-1-17] DEBUG org.asynchttpclient.netty.handler.HttpHandler - 

Request DefaultFullHttpRequest(decodeResult: success, version: HTTP/1.1, content: EmptyByteBufBE)
GET /session/0634fad04679ac5d0280ab68ce4928fc/element/7351ece7-427a-445c-a1a3-014d6effcbbb/name HTTP/1.1
User-Agent: selenium/4.1.2 (java windows)
Cache-Control: no-cache
Content-Type: application/json; charset=utf-8
host: localhost:52052
accept: */*

Response DefaultHttpResponse(decodeResult: success, version: HTTP/1.1)
HTTP/1.1 200 OK
Content-Type: application/json; charset=utf-8
cache-control: no-cache
content-length: 16

23:11:23.230 [AsyncHttpClient-1-17] DEBUG org.asynchttpclient.netty.channel.ChannelManager - Adding key: http://localhost:52052 for channel [id: 0xcea554c5, L:/127.0.0.1:62006 - R:localhost/127.0.0.1:52052]
23:11:23.232 [Forwarding getElementTagName on session 0634fad04679ac5d0280ab68ce4928fc to remote] DEBUG org.asynchttpclient.netty.request.NettyRequestSender - Using pooled Channel '[id: 0xcea554c5, L:/127.0.0.1:62006 - R:localhost/127.0.0.1:52052]' for 'GET' to 'http://localhost:52052/session/0634fad04679ac5d0280ab68ce4928fc/element/7351ece7-427a-445c-a1a3-014d6effcbbb/name'
23:11:23.232 [Forwarding getElementTagName on session 0634fad04679ac5d0280ab68ce4928fc to remote] DEBUG org.asynchttpclient.netty.request.NettyRequestSender - Using open Channel [id: 0xcea554c5, L:/127.0.0.1:62006 - R:localhost/127.0.0.1:52052] for GET '/session/0634fad04679ac5d0280ab68ce4928fc/element/7351ece7-427a-445c-a1a3-014d6effcbbb/name'
23:11:23.235 [AsyncHttpClient-1-17] DEBUG org.asynchttpclient.netty.handler.HttpHandler - 

Request DefaultFullHttpRequest(decodeResult: success, version: HTTP/1.1, content: EmptyByteBufBE)
GET /session/0634fad04679ac5d0280ab68ce4928fc/element/7351ece7-427a-445c-a1a3-014d6effcbbb/name HTTP/1.1
User-Agent: selenium/4.1.2 (java windows)
Cache-Control: no-cache
Content-Type: application/json; charset=utf-8
host: localhost:52052
accept: */*

Response DefaultHttpResponse(decodeResult: success, version: HTTP/1.1)
HTTP/1.1 200 OK
Content-Type: application/json; charset=utf-8
cache-control: no-cache
content-length: 16

23:11:23.235 [AsyncHttpClient-1-17] DEBUG org.asynchttpclient.netty.channel.ChannelManager - Adding key: http://localhost:52052 for channel [id: 0xcea554c5, L:/127.0.0.1:62006 - R:localhost/127.0.0.1:52052]
23:11:23.237 [Forwarding findElement on session 0634fad04679ac5d0280ab68ce4928fc to remote] DEBUG org.asynchttpclient.netty.request.NettyRequestSender - Using pooled Channel '[id: 0xcea554c5, L:/127.0.0.1:62006 - R:localhost/127.0.0.1:52052]' for 'POST' to 'http://localhost:52052/session/0634fad04679ac5d0280ab68ce4928fc/element'
23:11:23.237 [Forwarding findElement on session 0634fad04679ac5d0280ab68ce4928fc to remote] DEBUG org.asynchttpclient.netty.request.NettyRequestSender - Using open Channel [id: 0xcea554c5, L:/127.0.0.1:62006 - R:localhost/127.0.0.1:52052] for POST '/session/0634fad04679ac5d0280ab68ce4928fc/element'
23:11:23.246 [AsyncHttpClient-1-17] DEBUG org.asynchttpclient.netty.handler.HttpHandler - 

Request DefaultHttpRequest(decodeResult: success, version: HTTP/1.1)
POST /session/0634fad04679ac5d0280ab68ce4928fc/element HTTP/1.1
User-Agent: selenium/4.1.2 (java windows)
Content-Length: 81
Content-Type: application/json; charset=utf-8
host: localhost:52052
accept: */*

Response DefaultHttpResponse(decodeResult: success, version: HTTP/1.1)
HTTP/1.1 200 OK
Content-Type: application/json; charset=utf-8
cache-control: no-cache
content-length: 88

23:11:23.246 [AsyncHttpClient-1-17] DEBUG org.asynchttpclient.netty.channel.ChannelManager - Adding key: http://localhost:52052 for channel [id: 0xcea554c5, L:/127.0.0.1:62006 - R:localhost/127.0.0.1:52052]
23:11:23.247 [Forwarding clickElement on session 0634fad04679ac5d0280ab68ce4928fc to remote] DEBUG org.asynchttpclient.netty.request.NettyRequestSender - Using pooled Channel '[id: 0xcea554c5, L:/127.0.0.1:62006 - R:localhost/127.0.0.1:52052]' for 'POST' to 'http://localhost:52052/session/0634fad04679ac5d0280ab68ce4928fc/element/7351ece7-427a-445c-a1a3-014d6effcbbb/click'
23:11:23.247 [Forwarding clickElement on session 0634fad04679ac5d0280ab68ce4928fc to remote] DEBUG org.asynchttpclient.netty.request.NettyRequestSender - Using open Channel [id: 0xcea554c5, L:/127.0.0.1:62006 - R:localhost/127.0.0.1:52052] for POST '/session/0634fad04679ac5d0280ab68ce4928fc/element/7351ece7-427a-445c-a1a3-014d6effcbbb/click'
23:11:23.657 [AsyncHttpClient-1-17] DEBUG org.asynchttpclient.netty.handler.HttpHandler - 

Request DefaultHttpRequest(decodeResult: success, version: HTTP/1.1)
POST /session/0634fad04679ac5d0280ab68ce4928fc/element/7351ece7-427a-445c-a1a3-014d6effcbbb/click HTTP/1.1
User-Agent: selenium/4.1.2 (java windows)
Content-Length: 50
Content-Type: application/json; charset=utf-8
host: localhost:52052
accept: */*

Response DefaultHttpResponse(decodeResult: success, version: HTTP/1.1)
HTTP/1.1 200 OK
Content-Type: application/json; charset=utf-8
cache-control: no-cache
content-length: 14

23:11:23.657 [AsyncHttpClient-1-17] DEBUG org.asynchttpclient.netty.channel.ChannelManager - Adding key: http://localhost:52052 for channel [id: 0xcea554c5, L:/127.0.0.1:62006 - R:localhost/127.0.0.1:52052]
  &amp#27;[32mThen &amp#27;[0m&amp#27;[32mI click baby on the header&amp#27;[0m &amp#27;[90m# starter.stepdefinitions.BabyStep.iClickBabyOnTheHeader()&amp#27;[0m
23:11:23.668 [Forwarding screenshot on session 0634fad04679ac5d0280ab68ce4928fc to remote] DEBUG org.asynchttpclient.netty.request.NettyRequestSender - Using pooled Channel '[id: 0xcea554c5, L:/127.0.0.1:62006 - R:localhost/127.0.0.1:52052]' for 'GET' to 'http://localhost:52052/session/0634fad04679ac5d0280ab68ce4928fc/screenshot'
23:11:23.668 [Forwarding screenshot on session 0634fad04679ac5d0280ab68ce4928fc to remote] DEBUG org.asynchttpclient.netty.request.NettyRequestSender - Using open Channel [id: 0xcea554c5, L:/127.0.0.1:62006 - R:localhost/127.0.0.1:52052] for GET '/session/0634fad04679ac5d0280ab68ce4928fc/screenshot'
23:11:23.821 [AsyncHttpClient-1-1] DEBUG org.asynchttpclient.netty.channel.DefaultChannelPool - Entry count for : http://localhost:62007 : 1
23:11:24.235 [AsyncHttpClient-1-17] DEBUG org.asynchttpclient.netty.handler.HttpHandler - 

Request DefaultFullHttpRequest(decodeResult: success, version: HTTP/1.1, content: EmptyByteBufBE)
GET /session/0634fad04679ac5d0280ab68ce4928fc/screenshot HTTP/1.1
User-Agent: selenium/4.1.2 (java windows)
Cache-Control: no-cache
Content-Type: application/json; charset=utf-8
host: localhost:52052
accept: */*

Response DefaultHttpResponse(decodeResult: success, version: HTTP/1.1)
HTTP/1.1 200 OK
Content-Type: application/json; charset=utf-8
cache-control: no-cache
content-length: 96528

23:11:24.236 [AsyncHttpClient-1-17] DEBUG org.asynchttpclient.netty.channel.ChannelManager - Adding key: http://localhost:52052 for channel [id: 0xcea554c5, L:/127.0.0.1:62006 - R:localhost/127.0.0.1:52052]
23:11:24.240 [main] DEBUG net.serenitybdd.core.photography.Darkroom - Send negative for processing for target\site\serenity\e9a7254aec217472f8ff8bebdcd4b8f6e51696386cad91f3de187e0d92c24b9d.png
23:11:24.241 [Darkroom Processing Line] DEBUG net.serenitybdd.core.photography.DarkroomProcessingLine - Processing screenshot image in /var/screenshots/screenshot-2399835342290675300
23:11:24.241 [Darkroom Processing Line] DEBUG net.serenitybdd.core.photography.DarkroomProcessingLine - Saving screenshot to target\site\serenity\e9a7254aec217472f8ff8bebdcd4b8f6e51696386cad91f3de187e0d92c24b9d.png
23:11:24.252 [Forwarding findElement on session 0634fad04679ac5d0280ab68ce4928fc to remote] DEBUG org.asynchttpclient.netty.request.NettyRequestSender - Using pooled Channel '[id: 0xcea554c5, L:/127.0.0.1:62006 - R:localhost/127.0.0.1:52052]' for 'POST' to 'http://localhost:52052/session/0634fad04679ac5d0280ab68ce4928fc/element'
23:11:24.252 [Forwarding findElement on session 0634fad04679ac5d0280ab68ce4928fc to remote] DEBUG org.asynchttpclient.netty.request.NettyRequestSender - Using open Channel [id: 0xcea554c5, L:/127.0.0.1:62006 - R:localhost/127.0.0.1:52052] for POST '/session/0634fad04679ac5d0280ab68ce4928fc/element'
23:11:24.397 [AsyncHttpClient-1-17] DEBUG org.asynchttpclient.netty.handler.HttpHandler - 

Request DefaultHttpRequest(decodeResult: success, version: HTTP/1.1)
POST /session/0634fad04679ac5d0280ab68ce4928fc/element HTTP/1.1
User-Agent: selenium/4.1.2 (java windows)
Content-Length: 104
Content-Type: application/json; charset=utf-8
host: localhost:52052
accept: */*

Response DefaultHttpResponse(decodeResult: success, version: HTTP/1.1)
HTTP/1.1 200 OK
Content-Type: application/json; charset=utf-8
cache-control: no-cache
content-length: 88

23:11:24.397 [AsyncHttpClient-1-17] DEBUG org.asynchttpclient.netty.channel.ChannelManager - Adding key: http://localhost:52052 for channel [id: 0xcea554c5, L:/127.0.0.1:62006 - R:localhost/127.0.0.1:52052]
23:11:24.399 [Forwarding getElementTagName on session 0634fad04679ac5d0280ab68ce4928fc to remote] DEBUG org.asynchttpclient.netty.request.NettyRequestSender - Using pooled Channel '[id: 0xcea554c5, L:/127.0.0.1:62006 - R:localhost/127.0.0.1:52052]' for 'GET' to 'http://localhost:52052/session/0634fad04679ac5d0280ab68ce4928fc/element/71150886-8a93-4107-8382-194888a532ca/name'
23:11:24.399 [Forwarding getElementTagName on session 0634fad04679ac5d0280ab68ce4928fc to remote] DEBUG org.asynchttpclient.netty.request.NettyRequestSender - Using open Channel [id: 0xcea554c5, L:/127.0.0.1:62006 - R:localhost/127.0.0.1:52052] for GET '/session/0634fad04679ac5d0280ab68ce4928fc/element/71150886-8a93-4107-8382-194888a532ca/name'
23:11:24.403 [AsyncHttpClient-1-17] DEBUG org.asynchttpclient.netty.handler.HttpHandler - 

Request DefaultFullHttpRequest(decodeResult: success, version: HTTP/1.1, content: EmptyByteBufBE)
GET /session/0634fad04679ac5d0280ab68ce4928fc/element/71150886-8a93-4107-8382-194888a532ca/name HTTP/1.1
User-Agent: selenium/4.1.2 (java windows)
Cache-Control: no-cache
Content-Type: application/json; charset=utf-8
host: localhost:52052
accept: */*

Response DefaultHttpResponse(decodeResult: success, version: HTTP/1.1)
HTTP/1.1 200 OK
Content-Type: application/json; charset=utf-8
cache-control: no-cache
content-length: 16

23:11:24.403 [AsyncHttpClient-1-17] DEBUG org.asynchttpclient.netty.channel.ChannelManager - Adding key: http://localhost:52052 for channel [id: 0xcea554c5, L:/127.0.0.1:62006 - R:localhost/127.0.0.1:52052]
23:11:24.405 [Forwarding getElementTagName on session 0634fad04679ac5d0280ab68ce4928fc to remote] DEBUG org.asynchttpclient.netty.request.NettyRequestSender - Using pooled Channel '[id: 0xcea554c5, L:/127.0.0.1:62006 - R:localhost/127.0.0.1:52052]' for 'GET' to 'http://localhost:52052/session/0634fad04679ac5d0280ab68ce4928fc/element/71150886-8a93-4107-8382-194888a532ca/name'
23:11:24.405 [Forwarding getElementTagName on session 0634fad04679ac5d0280ab68ce4928fc to remote] DEBUG org.asynchttpclient.netty.request.NettyRequestSender - Using open Channel [id: 0xcea554c5, L:/127.0.0.1:62006 - R:localhost/127.0.0.1:52052] for GET '/session/0634fad04679ac5d0280ab68ce4928fc/element/71150886-8a93-4107-8382-194888a532ca/name'
23:11:24.408 [AsyncHttpClient-1-17] DEBUG org.asynchttpclient.netty.handler.HttpHandler - 

Request DefaultFullHttpRequest(decodeResult: success, version: HTTP/1.1, content: EmptyByteBufBE)
GET /session/0634fad04679ac5d0280ab68ce4928fc/element/71150886-8a93-4107-8382-194888a532ca/name HTTP/1.1
User-Agent: selenium/4.1.2 (java windows)
Cache-Control: no-cache
Content-Type: application/json; charset=utf-8
host: localhost:52052
accept: */*

Response DefaultHttpResponse(decodeResult: success, version: HTTP/1.1)
HTTP/1.1 200 OK
Content-Type: application/json; charset=utf-8
cache-control: no-cache
content-length: 16

23:11:24.409 [AsyncHttpClient-1-17] DEBUG org.asynchttpclient.netty.channel.ChannelManager - Adding key: http://localhost:52052 for channel [id: 0xcea554c5, L:/127.0.0.1:62006 - R:localhost/127.0.0.1:52052]
23:11:24.412 [Forwarding findElement on session 0634fad04679ac5d0280ab68ce4928fc to remote] DEBUG org.asynchttpclient.netty.request.NettyRequestSender - Using pooled Channel '[id: 0xcea554c5, L:/127.0.0.1:62006 - R:localhost/127.0.0.1:52052]' for 'POST' to 'http://localhost:52052/session/0634fad04679ac5d0280ab68ce4928fc/element'
23:11:24.412 [Forwarding findElement on session 0634fad04679ac5d0280ab68ce4928fc to remote] DEBUG org.asynchttpclient.netty.request.NettyRequestSender - Using open Channel [id: 0xcea554c5, L:/127.0.0.1:62006 - R:localhost/127.0.0.1:52052] for POST '/session/0634fad04679ac5d0280ab68ce4928fc/element'
23:11:24.431 [AsyncHttpClient-1-17] DEBUG org.asynchttpclient.netty.handler.HttpHandler - 

Request DefaultHttpRequest(decodeResult: success, version: HTTP/1.1)
POST /session/0634fad04679ac5d0280ab68ce4928fc/element HTTP/1.1
User-Agent: selenium/4.1.2 (java windows)
Content-Length: 104
Content-Type: application/json; charset=utf-8
host: localhost:52052
accept: */*

Response DefaultHttpResponse(decodeResult: success, version: HTTP/1.1)
HTTP/1.1 200 OK
Content-Type: application/json; charset=utf-8
cache-control: no-cache
content-length: 88

23:11:24.431 [AsyncHttpClient-1-17] DEBUG org.asynchttpclient.netty.channel.ChannelManager - Adding key: http://localhost:52052 for channel [id: 0xcea554c5, L:/127.0.0.1:62006 - R:localhost/127.0.0.1:52052]
23:11:24.433 [Forwarding clickElement on session 0634fad04679ac5d0280ab68ce4928fc to remote] DEBUG org.asynchttpclient.netty.request.NettyRequestSender - Using pooled Channel '[id: 0xcea554c5, L:/127.0.0.1:62006 - R:localhost/127.0.0.1:52052]' for 'POST' to 'http://localhost:52052/session/0634fad04679ac5d0280ab68ce4928fc/element/71150886-8a93-4107-8382-194888a532ca/click'
23:11:24.433 [Forwarding clickElement on session 0634fad04679ac5d0280ab68ce4928fc to remote] DEBUG org.asynchttpclient.netty.request.NettyRequestSender - Using open Channel [id: 0xcea554c5, L:/127.0.0.1:62006 - R:localhost/127.0.0.1:52052] for POST '/session/0634fad04679ac5d0280ab68ce4928fc/element/71150886-8a93-4107-8382-194888a532ca/click'
23:11:24.630 [AsyncHttpClient-1-17] DEBUG org.asynchttpclient.netty.handler.HttpHandler - 

Request DefaultHttpRequest(decodeResult: success, version: HTTP/1.1)
POST /session/0634fad04679ac5d0280ab68ce4928fc/element/71150886-8a93-4107-8382-194888a532ca/click HTTP/1.1
User-Agent: selenium/4.1.2 (java windows)
Content-Length: 50
Content-Type: application/json; charset=utf-8
host: localhost:52052
accept: */*

Response DefaultHttpResponse(decodeResult: success, version: HTTP/1.1)
HTTP/1.1 200 OK
Content-Type: application/json; charset=utf-8
cache-control: no-cache
content-length: 14

23:11:24.630 [AsyncHttpClient-1-17] DEBUG org.asynchttpclient.netty.channel.ChannelManager - Adding key: http://localhost:52052 for channel [id: 0xcea554c5, L:/127.0.0.1:62006 - R:localhost/127.0.0.1:52052]
  &amp#27;[32mWhen &amp#27;[0m&amp#27;[32mI will go to one piece&amp#27;[0m     &amp#27;[90m# starter.stepdefinitions.BabyStep.iWillGoToOnePiece()&amp#27;[0m
23:11:24.639 [Forwarding screenshot on session 0634fad04679ac5d0280ab68ce4928fc to remote] DEBUG org.asynchttpclient.netty.request.NettyRequestSender - Using pooled Channel '[id: 0xcea554c5, L:/127.0.0.1:62006 - R:localhost/127.0.0.1:52052]' for 'GET' to 'http://localhost:52052/session/0634fad04679ac5d0280ab68ce4928fc/screenshot'
23:11:24.639 [Forwarding screenshot on session 0634fad04679ac5d0280ab68ce4928fc to remote] DEBUG org.asynchttpclient.netty.request.NettyRequestSender - Using open Channel [id: 0xcea554c5, L:/127.0.0.1:62006 - R:localhost/127.0.0.1:52052] for GET '/session/0634fad04679ac5d0280ab68ce4928fc/screenshot'
23:11:24.920 [AsyncHttpClient-1-1] DEBUG org.asynchttpclient.netty.channel.DefaultChannelPool - Entry count for : http://localhost:62007 : 1
23:11:24.934 [AsyncHttpClient-1-17] DEBUG org.asynchttpclient.netty.handler.HttpHandler - 

Request DefaultFullHttpRequest(decodeResult: success, version: HTTP/1.1, content: EmptyByteBufBE)
GET /session/0634fad04679ac5d0280ab68ce4928fc/screenshot HTTP/1.1
User-Agent: selenium/4.1.2 (java windows)
Cache-Control: no-cache
Content-Type: application/json; charset=utf-8
host: localhost:52052
accept: */*

Response DefaultHttpResponse(decodeResult: success, version: HTTP/1.1)
HTTP/1.1 200 OK
Content-Type: application/json; charset=utf-8
cache-control: no-cache
content-length: 86712

23:11:24.934 [AsyncHttpClient-1-17] DEBUG org.asynchttpclient.netty.channel.ChannelManager - Adding key: http://localhost:52052 for channel [id: 0xcea554c5, L:/127.0.0.1:62006 - R:localhost/127.0.0.1:52052]
23:11:24.939 [main] DEBUG net.serenitybdd.core.photography.Darkroom - Send negative for processing for target\site\serenity\1ca79b3dad3b66f02cdcea8fd9f58404917a3e5edff89c113f3858d16327efe5.png
23:11:24.939 [Darkroom Processing Line] DEBUG net.serenitybdd.core.photography.DarkroomProcessingLine - Processing screenshot image in /var/screenshots/screenshot-5000204829439656862
23:11:24.939 [Darkroom Processing Line] DEBUG net.serenitybdd.core.photography.DarkroomProcessingLine - Saving screenshot to target\site\serenity\1ca79b3dad3b66f02cdcea8fd9f58404917a3e5edff89c113f3858d16327efe5.png
23:11:24.941 [main] INFO  - 
  _____   ___   ___   _____     ___     _     ___   ___   ___   ___  
 |_   _| | __| / __| |_   _|   | _ \   /_\   / __| / __| | __| |   \ 
   | |   | _|  \__ \   | |     |  _/  / _ \  \__ \ \__ \ | _|  | |) |
   |_|   |___| |___/   |_|     |_|   /_/ \_\ |___/ |___/ |___| |___/ 

Menu One Piece
----------------------------------------------------------------------
23:11:24.942 [AsyncHttpClient-1-3] DEBUG org.asynchttpclient.netty.handler.WebSocketHandler - Channel Closed: [id: 0x545ddba4, L:/127.0.0.1:62015 ! R:localhost/127.0.0.1:62007] with attribute NettyResponseFuture{currentRetry=5,
	isDone=1,
	isCancelled=0,
	asyncHandler=org.asynchttpclient.ws.WebSocketUpgradeHandler@233d5848,
	nettyRequest=org.asynchttpclient.netty.request.NettyRequest@3d50b24e,
	future=java.util.concurrent.CompletableFuture@2c3980d0[Completed normally],
	uri=ws://localhost:62007/devtools/browser/877f62e8-8ae0-47f1-93ea-e3c2fecde3ff,
	keepAlive=true,
	redirectCount=0,
	timeoutsHolder=null,
	inAuth=0,
	touch=1680538274547}
23:11:24.942 [AsyncHttpClient-1-3] DEBUG org.asynchttpclient.netty.channel.ChannelManager - Closing Channel [id: 0x545ddba4, L:/127.0.0.1:62015 ! R:localhost/127.0.0.1:62007] 
23:11:24.943 [Driver Command Executor] DEBUG org.asynchttpclient.netty.request.NettyRequestSender - Using pooled Channel '[id: 0xcea554c5, L:/127.0.0.1:62006 - R:localhost/127.0.0.1:52052]' for 'DELETE' to 'http://localhost:52052/session/0634fad04679ac5d0280ab68ce4928fc'
23:11:24.943 [Driver Command Executor] DEBUG org.asynchttpclient.netty.request.NettyRequestSender - Using open Channel [id: 0xcea554c5, L:/127.0.0.1:62006 - R:localhost/127.0.0.1:52052] for DELETE '/session/0634fad04679ac5d0280ab68ce4928fc'
23:11:24.971 [AsyncHttpClient-1-2] DEBUG org.asynchttpclient.netty.handler.HttpHandler - Unexpected I/O exception on channel [id: 0x3fd5e01e, L:/127.0.0.1:62014 - R:localhost/127.0.0.1:62007]
java.net.SocketException: Connection reset
	at java.base/sun.nio.ch.SocketChannelImpl.throwConnectionReset(SocketChannelImpl.java:345)
	at java.base/sun.nio.ch.SocketChannelImpl.read(SocketChannelImpl.java:376)
	at io.netty.buffer.PooledByteBuf.setBytes(PooledByteBuf.java:258)
	at io.netty.buffer.AbstractByteBuf.writeBytes(AbstractByteBuf.java:1132)
	at io.netty.channel.socket.nio.NioSocketChannel.doReadBytes(NioSocketChannel.java:350)
	at io.netty.channel.nio.AbstractNioByteChannel$NioByteUnsafe.read(AbstractNioByteChannel.java:151)
	at io.netty.channel.nio.NioEventLoop.processSelectedKey(NioEventLoop.java:722)
	at io.netty.channel.nio.NioEventLoop.processSelectedKeysOptimized(NioEventLoop.java:658)
	at io.netty.channel.nio.NioEventLoop.processSelectedKeys(NioEventLoop.java:584)
	at io.netty.channel.nio.NioEventLoop.run(NioEventLoop.java:496)
	at io.netty.util.concurrent.SingleThreadEventExecutor$4.run(SingleThreadEventExecutor.java:986)
	at io.netty.util.internal.ThreadExecutorMap$2.run(ThreadExecutorMap.java:74)
	at io.netty.util.concurrent.FastThreadLocalRunnable.run(FastThreadLocalRunnable.java:30)
	at java.base/java.lang.Thread.run(Thread.java:830)
23:11:24.972 [AsyncHttpClient-1-2] DEBUG org.asynchttpclient.netty.channel.ChannelManager - Closing Channel [id: 0x3fd5e01e, L:/127.0.0.1:62014 - R:localhost/127.0.0.1:62007] 
23:11:24.972 [AsyncHttpClient-1-2] DEBUG org.asynchttpclient.netty.handler.HttpHandler - Channel Closed: [id: 0x3fd5e01e, L:/127.0.0.1:62014 ! R:localhost/127.0.0.1:62007] with attribute DISCARD
23:11:24.990 [AsyncHttpClient-1-17] DEBUG org.asynchttpclient.netty.handler.HttpHandler - 

Request DefaultFullHttpRequest(decodeResult: success, version: HTTP/1.1, content: EmptyByteBufBE)
DELETE /session/0634fad04679ac5d0280ab68ce4928fc HTTP/1.1
User-Agent: selenium/4.1.2 (java windows)
Content-Type: application/json; charset=utf-8
host: localhost:52052
accept: */*

Response DefaultHttpResponse(decodeResult: success, version: HTTP/1.1)
HTTP/1.1 200 OK
Content-Type: application/json; charset=utf-8
cache-control: no-cache
content-length: 14

23:11:24.990 [AsyncHttpClient-1-17] DEBUG org.asynchttpclient.netty.channel.ChannelManager - Adding key: http://localhost:52052 for channel [id: 0xcea554c5, L:/127.0.0.1:62006 - R:localhost/127.0.0.1:52052]
23:11:25.134 [AsyncHttpClient-1-17] DEBUG org.asynchttpclient.netty.handler.HttpHandler - Channel Closed: [id: 0xcea554c5, L:/127.0.0.1:62006 ! R:localhost/127.0.0.1:52052] with attribute DISCARD
]]></system-out>
    <system-err><![CDATA[Starting Microsoft Edge WebDriver 111.0.1661.62 (0a8f453929e6410c973aa529a40485ce4e3e03db) on port 52052
To submit feedback, report a bug, or suggest new features, please visit https://github.com/MicrosoftEdge/EdgeWebDriver

Only local connections are allowed.
Please see https://aka.ms/WebDriverSecurity for suggestions on keeping Microsoft Edge WebDriver safe.

Microsoft Edge WebDriver was started successfully.
Apr 03, 2023 11:11:14 PM org.openqa.selenium.remote.ProtocolHandshake createSession
INFO: Detected dialect: W3C
Apr 03, 2023 11:11:14 PM org.openqa.selenium.devtools.CdpVersionFinder findNearestMatch
WARNING: Unable to find an exact match for CDP version 111, so returning the closest version found: a no-op implementation
Apr 03, 2023 11:11:14 PM org.openqa.selenium.devtools.CdpVersionFinder findNearestMatch
INFO: Unable to find CDP implementation matching 111.
Apr 03, 2023 11:11:14 PM org.openqa.selenium.chromium.ChromiumDriver lambda$new$3
WARNING: Unable to find version of CDP to use for . You may need to include a dependency on a specific version of the CDP using something similar to `org.seleniumhq.selenium:selenium-devtools-v86:4.1.2` where the version ("v86") matches the version of the chromium-based browser you're using and the version number of the artifact is the same as Selenium's.
]]></system-err>
  </testcase>
  <testcase name="Menu Atasan 1" classname="Baby" time="14.744">
    <system-out><![CDATA[
Scenario: Menu Atasan 1           &amp#27;[90m# src/test/resources/features/Baby.feature:36&amp#27;[0m
23:11:25.733 [main] INFO io.cucumber.core.plugin.SerenityReporter - Running feature from file:///C:/Users/alwi/IdeaProjects/uniqloweb/src/test/resources/features/Baby.feature
23:11:25.735 [main] INFO  - 
  _____   ___   ___   _____     ___   _____     _     ___   _____   ___   ___  
 |_   _| | __| / __| |_   _|   / __| |_   _|   /_\   | _ \ |_   _| | __| |   \ 
   | |   | _|  \__ \   | |     \__ \   | |    / _ \  |   /   | |   | _|  | |) |
   |_|   |___| |___/   |_|     |___/   |_|   /_/ \_\ |_|_\   |_|   |___| |___/ 

Menu Atasan 1(baby;menu-atasan-1)
--------------------------------------------------------------------------------
23:11:25.851 [main] DEBUG io.github.bonigarcia.wdm.cache.ResolutionCache - Resolution edge=111 in cache (valid until 23:36:32 03/04/2023 WIB)
23:11:25.855 [main] DEBUG io.github.bonigarcia.wdm.cache.ResolutionCache - Resolution edge111=111.0.1661.62 in cache (valid until 12:22:00 04/04/2023 WIB)
23:11:25.856 [main] INFO io.github.bonigarcia.wdm.WebDriverManager - Using msedgedriver 111.0.1661.62 (resolved driver for Edge 111)
23:11:25.867 [main] DEBUG io.github.bonigarcia.wdm.WebDriverManager - Driver msedgedriver 111.0.1661.62 found in cache
23:11:25.867 [main] INFO io.github.bonigarcia.wdm.WebDriverManager - Exporting webdriver.edge.driver as C:\Users\alwi\.cache\selenium\msedgedriver\win64\111.0.1661.62\msedgedriver.exe
23:11:25.869 [main] DEBUG net.serenitybdd.core.webdriver.driverproviders.ProvideNewDriver - Instantiating driver
23:11:25.869 [main] DEBUG net.serenitybdd.core.webdriver.driverproviders.ProvideNewDriver - Driver capabilities: Capabilities {base.url: https://www.uniqlo.com, chrome.driver: src/test/resources/webdrive..., driver: edge, ms:edgeChromium: true, ms:edgeOptions: {}, wait.for.timeout: 6000}
23:11:26.019 [AsyncHttpClient-1-1] DEBUG org.asynchttpclient.netty.channel.DefaultChannelPool - Entry count for : http://localhost:52052 : 1
23:11:26.019 [AsyncHttpClient-1-1] DEBUG org.asynchttpclient.netty.channel.DefaultChannelPool - Entry count for : http://localhost:62007 : 1
23:11:26.019 [AsyncHttpClient-1-1] DEBUG org.asynchttpclient.netty.channel.DefaultChannelPool - Adding Candidate expired Channel [id: 0xcea554c5, L:/127.0.0.1:62006 ! R:localhost/127.0.0.1:52052] isIdleTimeoutExpired=false isRemotelyClosed=true isTtlExpired=false
23:11:26.019 [AsyncHttpClient-1-1] DEBUG org.asynchttpclient.netty.channel.DefaultChannelPool - Closing Idle Channel [id: 0xcea554c5, L:/127.0.0.1:62006 ! R:localhost/127.0.0.1:52052]
23:11:26.019 [AsyncHttpClient-1-1] DEBUG org.asynchttpclient.netty.channel.DefaultChannelPool - Adding Candidate expired Channel [id: 0x3fd5e01e, L:/127.0.0.1:62014 ! R:localhost/127.0.0.1:62007] isIdleTimeoutExpired=false isRemotelyClosed=true isTtlExpired=false
23:11:26.019 [AsyncHttpClient-1-1] DEBUG org.asynchttpclient.netty.channel.DefaultChannelPool - Closing Idle Channel [id: 0x3fd5e01e, L:/127.0.0.1:62014 ! R:localhost/127.0.0.1:62007]
23:11:26.019 [AsyncHttpClient-1-1] DEBUG org.asynchttpclient.netty.channel.DefaultChannelPool - Closed 2 connections out of 2 in 0 ms
23:11:26.420 [AsyncHttpClient-1-4] DEBUG org.asynchttpclient.netty.channel.NettyConnectListener - Using new Channel '[id: 0x3af45691, L:/127.0.0.1:62133 - R:localhost/127.0.0.1:59164]' for 'POST' to '/session'
23:11:27.038 [AsyncHttpClient-1-4] DEBUG org.asynchttpclient.netty.handler.HttpHandler - 

Request DefaultHttpRequest(decodeResult: success, version: HTTP/1.1)
POST /session HTTP/1.1
User-Agent: selenium/4.1.2 (java windows)
Content-Length: 627
Content-Type: application/json; charset=utf-8
host: localhost:59164
accept: */*

Response DefaultHttpResponse(decodeResult: success, version: HTTP/1.1)
HTTP/1.1 200 OK
Content-Type: application/json; charset=utf-8
cache-control: no-cache
content-length: 824

23:11:27.038 [AsyncHttpClient-1-4] DEBUG org.asynchttpclient.netty.channel.ChannelManager - Adding key: http://localhost:59164 for channel [id: 0x3af45691, L:/127.0.0.1:62133 - R:localhost/127.0.0.1:59164]
23:11:27.044 [AsyncHttpClient-1-5] DEBUG org.asynchttpclient.netty.channel.NettyConnectListener - Using new Channel '[id: 0xac8cfe89, L:/127.0.0.1:62143 - R:localhost/127.0.0.1:62134]' for 'GET' to '/json/version'
23:11:27.044 [AsyncHttpClient-1-5] DEBUG org.asynchttpclient.netty.handler.HttpHandler - 

Request DefaultFullHttpRequest(decodeResult: success, version: HTTP/1.1, content: EmptyByteBufBE)
GET /json/version HTTP/1.1
User-Agent: selenium/4.1.2 (java windows)
host: localhost:62134
accept: */*

Response DefaultHttpResponse(decodeResult: success, version: HTTP/1.1)
HTTP/1.1 200 OK
Content-Security-Policy: frame-ancestors 'none'
Content-Type: application/json; charset=UTF-8
content-length: 436

23:11:27.044 [AsyncHttpClient-1-5] DEBUG org.asynchttpclient.netty.channel.ChannelManager - Adding key: http://localhost:62134 for channel [id: 0xac8cfe89, L:/127.0.0.1:62143 - R:localhost/127.0.0.1:62134]
23:11:27.047 [AsyncHttpClient-1-6] DEBUG org.asynchttpclient.netty.channel.NettyConnectListener - Using new Channel '[id: 0x73ad4136, L:/127.0.0.1:62144 - R:localhost/127.0.0.1:62134]' for 'GET' to '/devtools/browser/7c6c8b3a-06e6-4b18-ad38-4841876fc560'
23:11:27.047 [AsyncHttpClient-1-6] DEBUG org.asynchttpclient.netty.handler.WebSocketHandler - 

Request DefaultFullHttpRequest(decodeResult: success, version: HTTP/1.1, content: EmptyByteBufBE)
GET /devtools/browser/7c6c8b3a-06e6-4b18-ad38-4841876fc560 HTTP/1.1
upgrade: websocket
connection: upgrade
sec-websocket-key: tqTV8XB1AxSo93CsUpsyqA==
sec-websocket-version: 13
origin: http://localhost:62134
host: localhost:62134
accept: */*
user-agent: AHC/2.1

Response DefaultHttpResponse(decodeResult: success, version: HTTP/1.1)
HTTP/1.1 101 WebSocket Protocol Handshake
Upgrade: WebSocket
Connection: Upgrade
Sec-WebSocket-Accept: vo03NQqUEAjdGNHcDiNBtlY60Tg=

23:11:27.053 [Forwarding get on session 09c360b3aa0c7b1cc1c892db7a5fb991 to remote] DEBUG org.asynchttpclient.netty.request.NettyRequestSender - Using pooled Channel '[id: 0x3af45691, L:/127.0.0.1:62133 - R:localhost/127.0.0.1:59164]' for 'POST' to 'http://localhost:59164/session/09c360b3aa0c7b1cc1c892db7a5fb991/url'
23:11:27.053 [Forwarding get on session 09c360b3aa0c7b1cc1c892db7a5fb991 to remote] DEBUG org.asynchttpclient.netty.request.NettyRequestSender - Using open Channel [id: 0x3af45691, L:/127.0.0.1:62133 - R:localhost/127.0.0.1:59164] for POST '/session/09c360b3aa0c7b1cc1c892db7a5fb991/url'
23:11:27.119 [AsyncHttpClient-1-1] DEBUG org.asynchttpclient.netty.channel.DefaultChannelPool - Entry count for : http://localhost:62134 : 1
23:11:28.221 [AsyncHttpClient-1-1] DEBUG org.asynchttpclient.netty.channel.DefaultChannelPool - Entry count for : http://localhost:62134 : 1
23:11:29.319 [AsyncHttpClient-1-1] DEBUG org.asynchttpclient.netty.channel.DefaultChannelPool - Entry count for : http://localhost:62134 : 1
23:11:30.421 [AsyncHttpClient-1-1] DEBUG org.asynchttpclient.netty.channel.DefaultChannelPool - Entry count for : http://localhost:62134 : 1
23:11:31.519 [AsyncHttpClient-1-1] DEBUG org.asynchttpclient.netty.channel.DefaultChannelPool - Entry count for : http://localhost:62134 : 1
23:11:32.623 [AsyncHttpClient-1-1] DEBUG org.asynchttpclient.netty.channel.DefaultChannelPool - Entry count for : http://localhost:62134 : 1
23:11:33.720 [AsyncHttpClient-1-1] DEBUG org.asynchttpclient.netty.channel.DefaultChannelPool - Entry count for : http://localhost:62134 : 1
23:11:34.821 [AsyncHttpClient-1-1] DEBUG org.asynchttpclient.netty.channel.DefaultChannelPool - Entry count for : http://localhost:62134 : 1
23:11:35.928 [AsyncHttpClient-1-1] DEBUG org.asynchttpclient.netty.channel.DefaultChannelPool - Entry count for : http://localhost:62134 : 1
23:11:37.022 [AsyncHttpClient-1-1] DEBUG org.asynchttpclient.netty.channel.DefaultChannelPool - Entry count for : http://localhost:62134 : 1
23:11:38.120 [AsyncHttpClient-1-1] DEBUG org.asynchttpclient.netty.channel.DefaultChannelPool - Entry count for : http://localhost:62134 : 1
23:11:38.416 [AsyncHttpClient-1-4] DEBUG org.asynchttpclient.netty.handler.HttpHandler - 

Request DefaultHttpRequest(decodeResult: success, version: HTTP/1.1)
POST /session/09c360b3aa0c7b1cc1c892db7a5fb991/url HTTP/1.1
User-Agent: selenium/4.1.2 (java windows)
Content-Length: 53
Content-Type: application/json; charset=utf-8
host: localhost:59164
accept: */*

Response DefaultHttpResponse(decodeResult: success, version: HTTP/1.1)
HTTP/1.1 200 OK
Content-Type: application/json; charset=utf-8
cache-control: no-cache
content-length: 14

23:11:38.417 [AsyncHttpClient-1-4] DEBUG org.asynchttpclient.netty.channel.ChannelManager - Adding key: http://localhost:59164 for channel [id: 0x3af45691, L:/127.0.0.1:62133 - R:localhost/127.0.0.1:59164]
23:11:38.421 [Forwarding setTimeout on session 09c360b3aa0c7b1cc1c892db7a5fb991 to remote] DEBUG org.asynchttpclient.netty.request.NettyRequestSender - Using pooled Channel '[id: 0x3af45691, L:/127.0.0.1:62133 - R:localhost/127.0.0.1:59164]' for 'POST' to 'http://localhost:59164/session/09c360b3aa0c7b1cc1c892db7a5fb991/timeouts'
23:11:38.421 [Forwarding setTimeout on session 09c360b3aa0c7b1cc1c892db7a5fb991 to remote] DEBUG org.asynchttpclient.netty.request.NettyRequestSender - Using open Channel [id: 0x3af45691, L:/127.0.0.1:62133 - R:localhost/127.0.0.1:59164] for POST '/session/09c360b3aa0c7b1cc1c892db7a5fb991/timeouts'
23:11:38.422 [AsyncHttpClient-1-4] DEBUG org.asynchttpclient.netty.handler.HttpHandler - 

Request DefaultHttpRequest(decodeResult: success, version: HTTP/1.1)
POST /session/09c360b3aa0c7b1cc1c892db7a5fb991/timeouts HTTP/1.1
User-Agent: selenium/4.1.2 (java windows)
Content-Length: 22
Content-Type: application/json; charset=utf-8
host: localhost:59164
accept: */*

Response DefaultHttpResponse(decodeResult: success, version: HTTP/1.1)
HTTP/1.1 200 OK
Content-Type: application/json; charset=utf-8
cache-control: no-cache
content-length: 14

23:11:38.422 [AsyncHttpClient-1-4] DEBUG org.asynchttpclient.netty.channel.ChannelManager - Adding key: http://localhost:59164 for channel [id: 0x3af45691, L:/127.0.0.1:62133 - R:localhost/127.0.0.1:59164]
23:11:38.425 [Forwarding getCurrentUrl on session 09c360b3aa0c7b1cc1c892db7a5fb991 to remote] DEBUG org.asynchttpclient.netty.request.NettyRequestSender - Using pooled Channel '[id: 0x3af45691, L:/127.0.0.1:62133 - R:localhost/127.0.0.1:59164]' for 'GET' to 'http://localhost:59164/session/09c360b3aa0c7b1cc1c892db7a5fb991/url'
23:11:38.425 [Forwarding getCurrentUrl on session 09c360b3aa0c7b1cc1c892db7a5fb991 to remote] DEBUG org.asynchttpclient.netty.request.NettyRequestSender - Using open Channel [id: 0x3af45691, L:/127.0.0.1:62133 - R:localhost/127.0.0.1:59164] for GET '/session/09c360b3aa0c7b1cc1c892db7a5fb991/url'
23:11:38.432 [AsyncHttpClient-1-4] DEBUG org.asynchttpclient.netty.handler.HttpHandler - 

Request DefaultFullHttpRequest(decodeResult: success, version: HTTP/1.1, content: EmptyByteBufBE)
GET /session/09c360b3aa0c7b1cc1c892db7a5fb991/url HTTP/1.1
User-Agent: selenium/4.1.2 (java windows)
Cache-Control: no-cache
Content-Type: application/json; charset=utf-8
host: localhost:59164
accept: */*

Response DefaultHttpResponse(decodeResult: success, version: HTTP/1.1)
HTTP/1.1 200 OK
Content-Type: application/json; charset=utf-8
cache-control: no-cache
content-length: 41

23:11:38.432 [AsyncHttpClient-1-4] DEBUG org.asynchttpclient.netty.channel.ChannelManager - Adding key: http://localhost:59164 for channel [id: 0x3af45691, L:/127.0.0.1:62133 - R:localhost/127.0.0.1:59164]
  &amp#27;[32mGiven &amp#27;[0m&amp#27;[32mI am on the home page&amp#27;[0m     &amp#27;[90m# starter.stepdefinitions.BabyStep.iAmOnTheHomePage()&amp#27;[0m
23:11:38.438 [Forwarding screenshot on session 09c360b3aa0c7b1cc1c892db7a5fb991 to remote] DEBUG org.asynchttpclient.netty.request.NettyRequestSender - Using pooled Channel '[id: 0x3af45691, L:/127.0.0.1:62133 - R:localhost/127.0.0.1:59164]' for 'GET' to 'http://localhost:59164/session/09c360b3aa0c7b1cc1c892db7a5fb991/screenshot'
23:11:38.438 [Forwarding screenshot on session 09c360b3aa0c7b1cc1c892db7a5fb991 to remote] DEBUG org.asynchttpclient.netty.request.NettyRequestSender - Using open Channel [id: 0x3af45691, L:/127.0.0.1:62133 - R:localhost/127.0.0.1:59164] for GET '/session/09c360b3aa0c7b1cc1c892db7a5fb991/screenshot'
23:11:38.757 [AsyncHttpClient-1-4] DEBUG org.asynchttpclient.netty.handler.HttpHandler - 

Request DefaultFullHttpRequest(decodeResult: success, version: HTTP/1.1, content: EmptyByteBufBE)
GET /session/09c360b3aa0c7b1cc1c892db7a5fb991/screenshot HTTP/1.1
User-Agent: selenium/4.1.2 (java windows)
Cache-Control: no-cache
Content-Type: application/json; charset=utf-8
host: localhost:59164
accept: */*

Response DefaultHttpResponse(decodeResult: success, version: HTTP/1.1)
HTTP/1.1 200 OK
Content-Type: application/json; charset=utf-8
cache-control: no-cache
content-length: 1119968

23:11:38.760 [AsyncHttpClient-1-4] DEBUG org.asynchttpclient.netty.channel.ChannelManager - Adding key: http://localhost:59164 for channel [id: 0x3af45691, L:/127.0.0.1:62133 - R:localhost/127.0.0.1:59164]
23:11:38.790 [main] DEBUG net.serenitybdd.core.photography.Darkroom - Send negative for processing for target\site\serenity\3d1b19ad31921c0beae4332facd941fcc81467ad5802877977ec6c100df601ce.png
23:11:38.797 [Forwarding findElement on session 09c360b3aa0c7b1cc1c892db7a5fb991 to remote] DEBUG org.asynchttpclient.netty.request.NettyRequestSender - Using pooled Channel '[id: 0x3af45691, L:/127.0.0.1:62133 - R:localhost/127.0.0.1:59164]' for 'POST' to 'http://localhost:59164/session/09c360b3aa0c7b1cc1c892db7a5fb991/element'
23:11:38.797 [Forwarding findElement on session 09c360b3aa0c7b1cc1c892db7a5fb991 to remote] DEBUG org.asynchttpclient.netty.request.NettyRequestSender - Using open Channel [id: 0x3af45691, L:/127.0.0.1:62133 - R:localhost/127.0.0.1:59164] for POST '/session/09c360b3aa0c7b1cc1c892db7a5fb991/element'
23:11:38.810 [AsyncHttpClient-1-4] DEBUG org.asynchttpclient.netty.handler.HttpHandler - 

Request DefaultHttpRequest(decodeResult: success, version: HTTP/1.1)
POST /session/09c360b3aa0c7b1cc1c892db7a5fb991/element HTTP/1.1
User-Agent: selenium/4.1.2 (java windows)
Content-Length: 81
Content-Type: application/json; charset=utf-8
host: localhost:59164
accept: */*

Response DefaultHttpResponse(decodeResult: success, version: HTTP/1.1)
HTTP/1.1 200 OK
Content-Type: application/json; charset=utf-8
cache-control: no-cache
content-length: 88

23:11:38.810 [AsyncHttpClient-1-4] DEBUG org.asynchttpclient.netty.channel.ChannelManager - Adding key: http://localhost:59164 for channel [id: 0x3af45691, L:/127.0.0.1:62133 - R:localhost/127.0.0.1:59164]
23:11:38.811 [Forwarding getElementTagName on session 09c360b3aa0c7b1cc1c892db7a5fb991 to remote] DEBUG org.asynchttpclient.netty.request.NettyRequestSender - Using pooled Channel '[id: 0x3af45691, L:/127.0.0.1:62133 - R:localhost/127.0.0.1:59164]' for 'GET' to 'http://localhost:59164/session/09c360b3aa0c7b1cc1c892db7a5fb991/element/75d26363-a440-4ca2-97a9-f9b1e68442b5/name'
23:11:38.811 [Forwarding getElementTagName on session 09c360b3aa0c7b1cc1c892db7a5fb991 to remote] DEBUG org.asynchttpclient.netty.request.NettyRequestSender - Using open Channel [id: 0x3af45691, L:/127.0.0.1:62133 - R:localhost/127.0.0.1:59164] for GET '/session/09c360b3aa0c7b1cc1c892db7a5fb991/element/75d26363-a440-4ca2-97a9-f9b1e68442b5/name'
23:11:38.815 [AsyncHttpClient-1-4] DEBUG org.asynchttpclient.netty.handler.HttpHandler - 

Request DefaultFullHttpRequest(decodeResult: success, version: HTTP/1.1, content: EmptyByteBufBE)
GET /session/09c360b3aa0c7b1cc1c892db7a5fb991/element/75d26363-a440-4ca2-97a9-f9b1e68442b5/name HTTP/1.1
User-Agent: selenium/4.1.2 (java windows)
Cache-Control: no-cache
Content-Type: application/json; charset=utf-8
host: localhost:59164
accept: */*

Response DefaultHttpResponse(decodeResult: success, version: HTTP/1.1)
HTTP/1.1 200 OK
Content-Type: application/json; charset=utf-8
cache-control: no-cache
content-length: 16

23:11:38.815 [AsyncHttpClient-1-4] DEBUG org.asynchttpclient.netty.channel.ChannelManager - Adding key: http://localhost:59164 for channel [id: 0x3af45691, L:/127.0.0.1:62133 - R:localhost/127.0.0.1:59164]
23:11:38.816 [Forwarding getElementTagName on session 09c360b3aa0c7b1cc1c892db7a5fb991 to remote] DEBUG org.asynchttpclient.netty.request.NettyRequestSender - Using pooled Channel '[id: 0x3af45691, L:/127.0.0.1:62133 - R:localhost/127.0.0.1:59164]' for 'GET' to 'http://localhost:59164/session/09c360b3aa0c7b1cc1c892db7a5fb991/element/75d26363-a440-4ca2-97a9-f9b1e68442b5/name'
23:11:38.816 [Forwarding getElementTagName on session 09c360b3aa0c7b1cc1c892db7a5fb991 to remote] DEBUG org.asynchttpclient.netty.request.NettyRequestSender - Using open Channel [id: 0x3af45691, L:/127.0.0.1:62133 - R:localhost/127.0.0.1:59164] for GET '/session/09c360b3aa0c7b1cc1c892db7a5fb991/element/75d26363-a440-4ca2-97a9-f9b1e68442b5/name'
23:11:38.819 [AsyncHttpClient-1-4] DEBUG org.asynchttpclient.netty.handler.HttpHandler - 

Request DefaultFullHttpRequest(decodeResult: success, version: HTTP/1.1, content: EmptyByteBufBE)
GET /session/09c360b3aa0c7b1cc1c892db7a5fb991/element/75d26363-a440-4ca2-97a9-f9b1e68442b5/name HTTP/1.1
User-Agent: selenium/4.1.2 (java windows)
Cache-Control: no-cache
Content-Type: application/json; charset=utf-8
host: localhost:59164
accept: */*

Response DefaultHttpResponse(decodeResult: success, version: HTTP/1.1)
HTTP/1.1 200 OK
Content-Type: application/json; charset=utf-8
cache-control: no-cache
content-length: 16

23:11:38.819 [AsyncHttpClient-1-4] DEBUG org.asynchttpclient.netty.channel.ChannelManager - Adding key: http://localhost:59164 for channel [id: 0x3af45691, L:/127.0.0.1:62133 - R:localhost/127.0.0.1:59164]
23:11:38.820 [Forwarding findElement on session 09c360b3aa0c7b1cc1c892db7a5fb991 to remote] DEBUG org.asynchttpclient.netty.request.NettyRequestSender - Using pooled Channel '[id: 0x3af45691, L:/127.0.0.1:62133 - R:localhost/127.0.0.1:59164]' for 'POST' to 'http://localhost:59164/session/09c360b3aa0c7b1cc1c892db7a5fb991/element'
23:11:38.821 [Forwarding findElement on session 09c360b3aa0c7b1cc1c892db7a5fb991 to remote] DEBUG org.asynchttpclient.netty.request.NettyRequestSender - Using open Channel [id: 0x3af45691, L:/127.0.0.1:62133 - R:localhost/127.0.0.1:59164] for POST '/session/09c360b3aa0c7b1cc1c892db7a5fb991/element'
23:11:38.827 [AsyncHttpClient-1-4] DEBUG org.asynchttpclient.netty.handler.HttpHandler - 

Request DefaultHttpRequest(decodeResult: success, version: HTTP/1.1)
POST /session/09c360b3aa0c7b1cc1c892db7a5fb991/element HTTP/1.1
User-Agent: selenium/4.1.2 (java windows)
Content-Length: 81
Content-Type: application/json; charset=utf-8
host: localhost:59164
accept: */*

Response DefaultHttpResponse(decodeResult: success, version: HTTP/1.1)
HTTP/1.1 200 OK
Content-Type: application/json; charset=utf-8
cache-control: no-cache
content-length: 88

23:11:38.827 [AsyncHttpClient-1-4] DEBUG org.asynchttpclient.netty.channel.ChannelManager - Adding key: http://localhost:59164 for channel [id: 0x3af45691, L:/127.0.0.1:62133 - R:localhost/127.0.0.1:59164]
23:11:38.829 [Forwarding clickElement on session 09c360b3aa0c7b1cc1c892db7a5fb991 to remote] DEBUG org.asynchttpclient.netty.request.NettyRequestSender - Using pooled Channel '[id: 0x3af45691, L:/127.0.0.1:62133 - R:localhost/127.0.0.1:59164]' for 'POST' to 'http://localhost:59164/session/09c360b3aa0c7b1cc1c892db7a5fb991/element/75d26363-a440-4ca2-97a9-f9b1e68442b5/click'
23:11:38.829 [Forwarding clickElement on session 09c360b3aa0c7b1cc1c892db7a5fb991 to remote] DEBUG org.asynchttpclient.netty.request.NettyRequestSender - Using open Channel [id: 0x3af45691, L:/127.0.0.1:62133 - R:localhost/127.0.0.1:59164] for POST '/session/09c360b3aa0c7b1cc1c892db7a5fb991/element/75d26363-a440-4ca2-97a9-f9b1e68442b5/click'
23:11:39.215 [AsyncHttpClient-1-4] DEBUG org.asynchttpclient.netty.handler.HttpHandler - 

Request DefaultHttpRequest(decodeResult: success, version: HTTP/1.1)
POST /session/09c360b3aa0c7b1cc1c892db7a5fb991/element/75d26363-a440-4ca2-97a9-f9b1e68442b5/click HTTP/1.1
User-Agent: selenium/4.1.2 (java windows)
Content-Length: 50
Content-Type: application/json; charset=utf-8
host: localhost:59164
accept: */*

Response DefaultHttpResponse(decodeResult: success, version: HTTP/1.1)
HTTP/1.1 200 OK
Content-Type: application/json; charset=utf-8
cache-control: no-cache
content-length: 14

23:11:39.215 [AsyncHttpClient-1-4] DEBUG org.asynchttpclient.netty.channel.ChannelManager - Adding key: http://localhost:59164 for channel [id: 0x3af45691, L:/127.0.0.1:62133 - R:localhost/127.0.0.1:59164]
  &amp#27;[32mThen &amp#27;[0m&amp#27;[32mI click baby on the header&amp#27;[0m &amp#27;[90m# starter.stepdefinitions.BabyStep.iClickBabyOnTheHeader()&amp#27;[0m
23:11:39.220 [AsyncHttpClient-1-1] DEBUG org.asynchttpclient.netty.channel.DefaultChannelPool - Entry count for : http://localhost:62134 : 1
23:11:39.220 [AsyncHttpClient-1-1] DEBUG org.asynchttpclient.netty.channel.DefaultChannelPool - Entry count for : http://localhost:59164 : 1
23:11:39.225 [Forwarding screenshot on session 09c360b3aa0c7b1cc1c892db7a5fb991 to remote] DEBUG org.asynchttpclient.netty.request.NettyRequestSender - Using pooled Channel '[id: 0x3af45691, L:/127.0.0.1:62133 - R:localhost/127.0.0.1:59164]' for 'GET' to 'http://localhost:59164/session/09c360b3aa0c7b1cc1c892db7a5fb991/screenshot'
23:11:39.225 [Forwarding screenshot on session 09c360b3aa0c7b1cc1c892db7a5fb991 to remote] DEBUG org.asynchttpclient.netty.request.NettyRequestSender - Using open Channel [id: 0x3af45691, L:/127.0.0.1:62133 - R:localhost/127.0.0.1:59164] for GET '/session/09c360b3aa0c7b1cc1c892db7a5fb991/screenshot'
23:11:39.339 [AsyncHttpClient-1-4] DEBUG org.asynchttpclient.netty.handler.HttpHandler - 

Request DefaultFullHttpRequest(decodeResult: success, version: HTTP/1.1, content: EmptyByteBufBE)
GET /session/09c360b3aa0c7b1cc1c892db7a5fb991/screenshot HTTP/1.1
User-Agent: selenium/4.1.2 (java windows)
Cache-Control: no-cache
Content-Type: application/json; charset=utf-8
host: localhost:59164
accept: */*

Response DefaultHttpResponse(decodeResult: success, version: HTTP/1.1)
HTTP/1.1 200 OK
Content-Type: application/json; charset=utf-8
cache-control: no-cache
content-length: 61816

23:11:39.340 [AsyncHttpClient-1-4] DEBUG org.asynchttpclient.netty.channel.ChannelManager - Adding key: http://localhost:59164 for channel [id: 0x3af45691, L:/127.0.0.1:62133 - R:localhost/127.0.0.1:59164]
23:11:39.342 [main] DEBUG net.serenitybdd.core.photography.Darkroom - Send negative for processing for target\site\serenity\5b31d5e614668d2bcda9561786ada5ef763160918f6c9d1435da003ab94fed82.png
23:11:39.343 [Darkroom Processing Line] DEBUG net.serenitybdd.core.photography.DarkroomProcessingLine - Processing screenshot image in /var/screenshots/screenshot-12780410048763434319
23:11:39.343 [Darkroom Processing Line] DEBUG net.serenitybdd.core.photography.DarkroomProcessingLine - Saving screenshot to target\site\serenity\5b31d5e614668d2bcda9561786ada5ef763160918f6c9d1435da003ab94fed82.png
23:11:39.350 [Forwarding findElement on session 09c360b3aa0c7b1cc1c892db7a5fb991 to remote] DEBUG org.asynchttpclient.netty.request.NettyRequestSender - Using pooled Channel '[id: 0x3af45691, L:/127.0.0.1:62133 - R:localhost/127.0.0.1:59164]' for 'POST' to 'http://localhost:59164/session/09c360b3aa0c7b1cc1c892db7a5fb991/element'
23:11:39.350 [Forwarding findElement on session 09c360b3aa0c7b1cc1c892db7a5fb991 to remote] DEBUG org.asynchttpclient.netty.request.NettyRequestSender - Using open Channel [id: 0x3af45691, L:/127.0.0.1:62133 - R:localhost/127.0.0.1:59164] for POST '/session/09c360b3aa0c7b1cc1c892db7a5fb991/element'
23:11:39.362 [AsyncHttpClient-1-4] DEBUG org.asynchttpclient.netty.handler.HttpHandler - 

Request DefaultHttpRequest(decodeResult: success, version: HTTP/1.1)
POST /session/09c360b3aa0c7b1cc1c892db7a5fb991/element HTTP/1.1
User-Agent: selenium/4.1.2 (java windows)
Content-Length: 104
Content-Type: application/json; charset=utf-8
host: localhost:59164
accept: */*

Response DefaultHttpResponse(decodeResult: success, version: HTTP/1.1)
HTTP/1.1 200 OK
Content-Type: application/json; charset=utf-8
cache-control: no-cache
content-length: 88

23:11:39.362 [AsyncHttpClient-1-4] DEBUG org.asynchttpclient.netty.channel.ChannelManager - Adding key: http://localhost:59164 for channel [id: 0x3af45691, L:/127.0.0.1:62133 - R:localhost/127.0.0.1:59164]
23:11:39.364 [Forwarding getElementTagName on session 09c360b3aa0c7b1cc1c892db7a5fb991 to remote] DEBUG org.asynchttpclient.netty.request.NettyRequestSender - Using pooled Channel '[id: 0x3af45691, L:/127.0.0.1:62133 - R:localhost/127.0.0.1:59164]' for 'GET' to 'http://localhost:59164/session/09c360b3aa0c7b1cc1c892db7a5fb991/element/3728a245-31e5-4ee4-bc25-8656129aaf80/name'
23:11:39.364 [Forwarding getElementTagName on session 09c360b3aa0c7b1cc1c892db7a5fb991 to remote] DEBUG org.asynchttpclient.netty.request.NettyRequestSender - Using open Channel [id: 0x3af45691, L:/127.0.0.1:62133 - R:localhost/127.0.0.1:59164] for GET '/session/09c360b3aa0c7b1cc1c892db7a5fb991/element/3728a245-31e5-4ee4-bc25-8656129aaf80/name'
23:11:39.367 [AsyncHttpClient-1-4] DEBUG org.asynchttpclient.netty.handler.HttpHandler - 

Request DefaultFullHttpRequest(decodeResult: success, version: HTTP/1.1, content: EmptyByteBufBE)
GET /session/09c360b3aa0c7b1cc1c892db7a5fb991/element/3728a245-31e5-4ee4-bc25-8656129aaf80/name HTTP/1.1
User-Agent: selenium/4.1.2 (java windows)
Cache-Control: no-cache
Content-Type: application/json; charset=utf-8
host: localhost:59164
accept: */*

Response DefaultHttpResponse(decodeResult: success, version: HTTP/1.1)
HTTP/1.1 200 OK
Content-Type: application/json; charset=utf-8
cache-control: no-cache
content-length: 16

23:11:39.368 [AsyncHttpClient-1-4] DEBUG org.asynchttpclient.netty.channel.ChannelManager - Adding key: http://localhost:59164 for channel [id: 0x3af45691, L:/127.0.0.1:62133 - R:localhost/127.0.0.1:59164]
23:11:39.370 [Forwarding getElementTagName on session 09c360b3aa0c7b1cc1c892db7a5fb991 to remote] DEBUG org.asynchttpclient.netty.request.NettyRequestSender - Using pooled Channel '[id: 0x3af45691, L:/127.0.0.1:62133 - R:localhost/127.0.0.1:59164]' for 'GET' to 'http://localhost:59164/session/09c360b3aa0c7b1cc1c892db7a5fb991/element/3728a245-31e5-4ee4-bc25-8656129aaf80/name'
23:11:39.370 [Forwarding getElementTagName on session 09c360b3aa0c7b1cc1c892db7a5fb991 to remote] DEBUG org.asynchttpclient.netty.request.NettyRequestSender - Using open Channel [id: 0x3af45691, L:/127.0.0.1:62133 - R:localhost/127.0.0.1:59164] for GET '/session/09c360b3aa0c7b1cc1c892db7a5fb991/element/3728a245-31e5-4ee4-bc25-8656129aaf80/name'
23:11:39.373 [AsyncHttpClient-1-4] DEBUG org.asynchttpclient.netty.handler.HttpHandler - 

Request DefaultFullHttpRequest(decodeResult: success, version: HTTP/1.1, content: EmptyByteBufBE)
GET /session/09c360b3aa0c7b1cc1c892db7a5fb991/element/3728a245-31e5-4ee4-bc25-8656129aaf80/name HTTP/1.1
User-Agent: selenium/4.1.2 (java windows)
Cache-Control: no-cache
Content-Type: application/json; charset=utf-8
host: localhost:59164
accept: */*

Response DefaultHttpResponse(decodeResult: success, version: HTTP/1.1)
HTTP/1.1 200 OK
Content-Type: application/json; charset=utf-8
cache-control: no-cache
content-length: 16

23:11:39.373 [AsyncHttpClient-1-4] DEBUG org.asynchttpclient.netty.channel.ChannelManager - Adding key: http://localhost:59164 for channel [id: 0x3af45691, L:/127.0.0.1:62133 - R:localhost/127.0.0.1:59164]
23:11:39.375 [Forwarding findElement on session 09c360b3aa0c7b1cc1c892db7a5fb991 to remote] DEBUG org.asynchttpclient.netty.request.NettyRequestSender - Using pooled Channel '[id: 0x3af45691, L:/127.0.0.1:62133 - R:localhost/127.0.0.1:59164]' for 'POST' to 'http://localhost:59164/session/09c360b3aa0c7b1cc1c892db7a5fb991/element'
23:11:39.376 [Forwarding findElement on session 09c360b3aa0c7b1cc1c892db7a5fb991 to remote] DEBUG org.asynchttpclient.netty.request.NettyRequestSender - Using open Channel [id: 0x3af45691, L:/127.0.0.1:62133 - R:localhost/127.0.0.1:59164] for POST '/session/09c360b3aa0c7b1cc1c892db7a5fb991/element'
23:11:39.402 [AsyncHttpClient-1-4] DEBUG org.asynchttpclient.netty.handler.HttpHandler - 

Request DefaultHttpRequest(decodeResult: success, version: HTTP/1.1)
POST /session/09c360b3aa0c7b1cc1c892db7a5fb991/element HTTP/1.1
User-Agent: selenium/4.1.2 (java windows)
Content-Length: 104
Content-Type: application/json; charset=utf-8
host: localhost:59164
accept: */*

Response DefaultHttpResponse(decodeResult: success, version: HTTP/1.1)
HTTP/1.1 200 OK
Content-Type: application/json; charset=utf-8
cache-control: no-cache
content-length: 88

23:11:39.402 [AsyncHttpClient-1-4] DEBUG org.asynchttpclient.netty.channel.ChannelManager - Adding key: http://localhost:59164 for channel [id: 0x3af45691, L:/127.0.0.1:62133 - R:localhost/127.0.0.1:59164]
23:11:39.404 [Forwarding clickElement on session 09c360b3aa0c7b1cc1c892db7a5fb991 to remote] DEBUG org.asynchttpclient.netty.request.NettyRequestSender - Using pooled Channel '[id: 0x3af45691, L:/127.0.0.1:62133 - R:localhost/127.0.0.1:59164]' for 'POST' to 'http://localhost:59164/session/09c360b3aa0c7b1cc1c892db7a5fb991/element/3728a245-31e5-4ee4-bc25-8656129aaf80/click'
23:11:39.404 [Forwarding clickElement on session 09c360b3aa0c7b1cc1c892db7a5fb991 to remote] DEBUG org.asynchttpclient.netty.request.NettyRequestSender - Using open Channel [id: 0x3af45691, L:/127.0.0.1:62133 - R:localhost/127.0.0.1:59164] for POST '/session/09c360b3aa0c7b1cc1c892db7a5fb991/element/3728a245-31e5-4ee4-bc25-8656129aaf80/click'
23:11:39.540 [AsyncHttpClient-1-4] DEBUG org.asynchttpclient.netty.handler.HttpHandler - 

Request DefaultHttpRequest(decodeResult: success, version: HTTP/1.1)
POST /session/09c360b3aa0c7b1cc1c892db7a5fb991/element/3728a245-31e5-4ee4-bc25-8656129aaf80/click HTTP/1.1
User-Agent: selenium/4.1.2 (java windows)
Content-Length: 50
Content-Type: application/json; charset=utf-8
host: localhost:59164
accept: */*

Response DefaultHttpResponse(decodeResult: success, version: HTTP/1.1)
HTTP/1.1 200 OK
Content-Type: application/json; charset=utf-8
cache-control: no-cache
content-length: 14

23:11:39.540 [AsyncHttpClient-1-4] DEBUG org.asynchttpclient.netty.channel.ChannelManager - Adding key: http://localhost:59164 for channel [id: 0x3af45691, L:/127.0.0.1:62133 - R:localhost/127.0.0.1:59164]
  &amp#27;[32mWhen &amp#27;[0m&amp#27;[32mI will go to atasan &amp#27;[0m&amp#27;[32m&amp#27;[1m1&amp#27;[0m      &amp#27;[90m# starter.stepdefinitions.BabyStep.iWillGoToAtasan(int)&amp#27;[0m
23:11:39.549 [Forwarding screenshot on session 09c360b3aa0c7b1cc1c892db7a5fb991 to remote] DEBUG org.asynchttpclient.netty.request.NettyRequestSender - Using pooled Channel '[id: 0x3af45691, L:/127.0.0.1:62133 - R:localhost/127.0.0.1:59164]' for 'GET' to 'http://localhost:59164/session/09c360b3aa0c7b1cc1c892db7a5fb991/screenshot'
23:11:39.549 [Forwarding screenshot on session 09c360b3aa0c7b1cc1c892db7a5fb991 to remote] DEBUG org.asynchttpclient.netty.request.NettyRequestSender - Using open Channel [id: 0x3af45691, L:/127.0.0.1:62133 - R:localhost/127.0.0.1:59164] for GET '/session/09c360b3aa0c7b1cc1c892db7a5fb991/screenshot'
23:11:39.710 [AsyncHttpClient-1-4] DEBUG org.asynchttpclient.netty.handler.HttpHandler - 

Request DefaultFullHttpRequest(decodeResult: success, version: HTTP/1.1, content: EmptyByteBufBE)
GET /session/09c360b3aa0c7b1cc1c892db7a5fb991/screenshot HTTP/1.1
User-Agent: selenium/4.1.2 (java windows)
Cache-Control: no-cache
Content-Type: application/json; charset=utf-8
host: localhost:59164
accept: */*

Response DefaultHttpResponse(decodeResult: success, version: HTTP/1.1)
HTTP/1.1 200 OK
Content-Type: application/json; charset=utf-8
cache-control: no-cache
content-length: 89600

23:11:39.711 [AsyncHttpClient-1-4] DEBUG org.asynchttpclient.netty.channel.ChannelManager - Adding key: http://localhost:59164 for channel [id: 0x3af45691, L:/127.0.0.1:62133 - R:localhost/127.0.0.1:59164]
23:11:39.714 [main] DEBUG net.serenitybdd.core.photography.Darkroom - Send negative for processing for target\site\serenity\6073764d1c47ff7501b32b35742ad9c4f85a7aca52342fd6db5134072f6f2f8e.png
23:11:39.715 [Darkroom Processing Line] DEBUG net.serenitybdd.core.photography.DarkroomProcessingLine - Processing screenshot image in /var/screenshots/screenshot-12655695225176921202
23:11:39.715 [Darkroom Processing Line] DEBUG net.serenitybdd.core.photography.DarkroomProcessingLine - Saving screenshot to target\site\serenity\6073764d1c47ff7501b32b35742ad9c4f85a7aca52342fd6db5134072f6f2f8e.png
23:11:39.716 [main] INFO  - 
  _____   ___   ___   _____     ___     _     ___   ___   ___   ___  
 |_   _| | __| / __| |_   _|   | _ \   /_\   / __| / __| | __| |   \ 
   | |   | _|  \__ \   | |     |  _/  / _ \  \__ \ \__ \ | _|  | |) |
   |_|   |___| |___/   |_|     |_|   /_/ \_\ |___/ |___/ |___| |___/ 

Menu Atasan 1
----------------------------------------------------------------------
23:11:39.717 [AsyncHttpClient-1-6] DEBUG org.asynchttpclient.netty.handler.WebSocketHandler - Channel Closed: [id: 0x73ad4136, L:/127.0.0.1:62144 ! R:localhost/127.0.0.1:62134] with attribute NettyResponseFuture{currentRetry=5,
	isDone=1,
	isCancelled=0,
	asyncHandler=org.asynchttpclient.ws.WebSocketUpgradeHandler@39be192f,
	nettyRequest=org.asynchttpclient.netty.request.NettyRequest@16f9f6bd,
	future=java.util.concurrent.CompletableFuture@4139832a[Completed normally],
	uri=ws://localhost:62134/devtools/browser/7c6c8b3a-06e6-4b18-ad38-4841876fc560,
	keepAlive=true,
	redirectCount=0,
	timeoutsHolder=null,
	inAuth=0,
	touch=1680538287047}
23:11:39.717 [AsyncHttpClient-1-6] DEBUG org.asynchttpclient.netty.channel.ChannelManager - Closing Channel [id: 0x73ad4136, L:/127.0.0.1:62144 ! R:localhost/127.0.0.1:62134] 
23:11:39.717 [Driver Command Executor] DEBUG org.asynchttpclient.netty.request.NettyRequestSender - Using pooled Channel '[id: 0x3af45691, L:/127.0.0.1:62133 - R:localhost/127.0.0.1:59164]' for 'DELETE' to 'http://localhost:59164/session/09c360b3aa0c7b1cc1c892db7a5fb991'
23:11:39.717 [Driver Command Executor] DEBUG org.asynchttpclient.netty.request.NettyRequestSender - Using open Channel [id: 0x3af45691, L:/127.0.0.1:62133 - R:localhost/127.0.0.1:59164] for DELETE '/session/09c360b3aa0c7b1cc1c892db7a5fb991'
23:11:39.753 [AsyncHttpClient-1-5] DEBUG org.asynchttpclient.netty.handler.HttpHandler - Unexpected I/O exception on channel [id: 0xac8cfe89, L:/127.0.0.1:62143 - R:localhost/127.0.0.1:62134]
java.net.SocketException: Connection reset
	at java.base/sun.nio.ch.SocketChannelImpl.throwConnectionReset(SocketChannelImpl.java:345)
	at java.base/sun.nio.ch.SocketChannelImpl.read(SocketChannelImpl.java:376)
	at io.netty.buffer.PooledByteBuf.setBytes(PooledByteBuf.java:258)
	at io.netty.buffer.AbstractByteBuf.writeBytes(AbstractByteBuf.java:1132)
	at io.netty.channel.socket.nio.NioSocketChannel.doReadBytes(NioSocketChannel.java:350)
	at io.netty.channel.nio.AbstractNioByteChannel$NioByteUnsafe.read(AbstractNioByteChannel.java:151)
	at io.netty.channel.nio.NioEventLoop.processSelectedKey(NioEventLoop.java:722)
	at io.netty.channel.nio.NioEventLoop.processSelectedKeysOptimized(NioEventLoop.java:658)
	at io.netty.channel.nio.NioEventLoop.processSelectedKeys(NioEventLoop.java:584)
	at io.netty.channel.nio.NioEventLoop.run(NioEventLoop.java:496)
	at io.netty.util.concurrent.SingleThreadEventExecutor$4.run(SingleThreadEventExecutor.java:986)
	at io.netty.util.internal.ThreadExecutorMap$2.run(ThreadExecutorMap.java:74)
	at io.netty.util.concurrent.FastThreadLocalRunnable.run(FastThreadLocalRunnable.java:30)
	at java.base/java.lang.Thread.run(Thread.java:830)
23:11:39.753 [AsyncHttpClient-1-5] DEBUG org.asynchttpclient.netty.channel.ChannelManager - Closing Channel [id: 0xac8cfe89, L:/127.0.0.1:62143 - R:localhost/127.0.0.1:62134] 
23:11:39.754 [AsyncHttpClient-1-5] DEBUG org.asynchttpclient.netty.handler.HttpHandler - Channel Closed: [id: 0xac8cfe89, L:/127.0.0.1:62143 ! R:localhost/127.0.0.1:62134] with attribute DISCARD
23:11:39.771 [AsyncHttpClient-1-4] DEBUG org.asynchttpclient.netty.handler.HttpHandler - 

Request DefaultFullHttpRequest(decodeResult: success, version: HTTP/1.1, content: EmptyByteBufBE)
DELETE /session/09c360b3aa0c7b1cc1c892db7a5fb991 HTTP/1.1
User-Agent: selenium/4.1.2 (java windows)
Content-Type: application/json; charset=utf-8
host: localhost:59164
accept: */*

Response DefaultHttpResponse(decodeResult: success, version: HTTP/1.1)
HTTP/1.1 200 OK
Content-Type: application/json; charset=utf-8
cache-control: no-cache
content-length: 14

23:11:39.772 [AsyncHttpClient-1-4] DEBUG org.asynchttpclient.netty.channel.ChannelManager - Adding key: http://localhost:59164 for channel [id: 0x3af45691, L:/127.0.0.1:62133 - R:localhost/127.0.0.1:59164]
23:11:39.902 [AsyncHttpClient-1-4] DEBUG org.asynchttpclient.netty.handler.HttpHandler - Channel Closed: [id: 0x3af45691, L:/127.0.0.1:62133 ! R:localhost/127.0.0.1:59164] with attribute DISCARD
23:11:40.320 [AsyncHttpClient-1-1] DEBUG org.asynchttpclient.netty.channel.DefaultChannelPool - Entry count for : http://localhost:62134 : 1
23:11:40.320 [AsyncHttpClient-1-1] DEBUG org.asynchttpclient.netty.channel.DefaultChannelPool - Entry count for : http://localhost:59164 : 1
23:11:40.320 [AsyncHttpClient-1-1] DEBUG org.asynchttpclient.netty.channel.DefaultChannelPool - Adding Candidate expired Channel [id: 0xac8cfe89, L:/127.0.0.1:62143 ! R:localhost/127.0.0.1:62134] isIdleTimeoutExpired=false isRemotelyClosed=true isTtlExpired=false
23:11:40.320 [AsyncHttpClient-1-1] DEBUG org.asynchttpclient.netty.channel.DefaultChannelPool - Closing Idle Channel [id: 0xac8cfe89, L:/127.0.0.1:62143 ! R:localhost/127.0.0.1:62134]
23:11:40.320 [AsyncHttpClient-1-1] DEBUG org.asynchttpclient.netty.channel.DefaultChannelPool - Adding Candidate expired Channel [id: 0x3af45691, L:/127.0.0.1:62133 ! R:localhost/127.0.0.1:59164] isIdleTimeoutExpired=false isRemotelyClosed=true isTtlExpired=false
23:11:40.320 [AsyncHttpClient-1-1] DEBUG org.asynchttpclient.netty.channel.DefaultChannelPool - Closing Idle Channel [id: 0x3af45691, L:/127.0.0.1:62133 ! R:localhost/127.0.0.1:59164]
23:11:40.320 [AsyncHttpClient-1-1] DEBUG org.asynchttpclient.netty.channel.DefaultChannelPool - Closed 2 connections out of 2 in 0 ms
]]></system-out>
    <system-err><![CDATA[Starting Microsoft Edge WebDriver 111.0.1661.62 (0a8f453929e6410c973aa529a40485ce4e3e03db) on port 59164
To submit feedback, report a bug, or suggest new features, please visit https://github.com/MicrosoftEdge/EdgeWebDriver

Only local connections are allowed.
Please see https://aka.ms/WebDriverSecurity for suggestions on keeping Microsoft Edge WebDriver safe.

Microsoft Edge WebDriver was started successfully.
Apr 03, 2023 11:11:27 PM org.openqa.selenium.remote.ProtocolHandshake createSession
INFO: Detected dialect: W3C
Apr 03, 2023 11:11:27 PM org.openqa.selenium.devtools.CdpVersionFinder findNearestMatch
WARNING: Unable to find an exact match for CDP version 111, so returning the closest version found: a no-op implementation
Apr 03, 2023 11:11:27 PM org.openqa.selenium.devtools.CdpVersionFinder findNearestMatch
INFO: Unable to find CDP implementation matching 111.
Apr 03, 2023 11:11:27 PM org.openqa.selenium.chromium.ChromiumDriver lambda$new$3
WARNING: Unable to find version of CDP to use for . You may need to include a dependency on a specific version of the CDP using something similar to `org.seleniumhq.selenium:selenium-devtools-v86:4.1.2` where the version ("v86") matches the version of the chromium-based browser you're using and the version number of the artifact is the same as Selenium's.
]]></system-err>
  </testcase>
  <testcase name="Menu Baju Terusan" classname="Baby" time="16.144">
    <system-out><![CDATA[
Scenario: Menu Baju Terusan       &amp#27;[90m# src/test/resources/features/Baby.feature:41&amp#27;[0m
23:11:40.484 [main] INFO io.cucumber.core.plugin.SerenityReporter - Running feature from file:///C:/Users/alwi/IdeaProjects/uniqloweb/src/test/resources/features/Baby.feature
23:11:40.488 [main] INFO  - 
  _____   ___   ___   _____     ___   _____     _     ___   _____   ___   ___  
 |_   _| | __| / __| |_   _|   / __| |_   _|   /_\   | _ \ |_   _| | __| |   \ 
   | |   | _|  \__ \   | |     \__ \   | |    / _ \  |   /   | |   | _|  | |) |
   |_|   |___| |___/   |_|     |___/   |_|   /_/ \_\ |_|_\   |_|   |___| |___/ 

Menu Baju Terusan(baby;menu-baju-terusan)
--------------------------------------------------------------------------------
23:11:40.604 [main] DEBUG io.github.bonigarcia.wdm.cache.ResolutionCache - Resolution edge=111 in cache (valid until 23:36:32 03/04/2023 WIB)
23:11:40.607 [main] DEBUG io.github.bonigarcia.wdm.cache.ResolutionCache - Resolution edge111=111.0.1661.62 in cache (valid until 12:22:00 04/04/2023 WIB)
23:11:40.609 [main] INFO io.github.bonigarcia.wdm.WebDriverManager - Using msedgedriver 111.0.1661.62 (resolved driver for Edge 111)
23:11:40.620 [main] DEBUG io.github.bonigarcia.wdm.WebDriverManager - Driver msedgedriver 111.0.1661.62 found in cache
23:11:40.620 [main] INFO io.github.bonigarcia.wdm.WebDriverManager - Exporting webdriver.edge.driver as C:\Users\alwi\.cache\selenium\msedgedriver\win64\111.0.1661.62\msedgedriver.exe
23:11:40.622 [main] DEBUG net.serenitybdd.core.webdriver.driverproviders.ProvideNewDriver - Instantiating driver
23:11:40.623 [main] DEBUG net.serenitybdd.core.webdriver.driverproviders.ProvideNewDriver - Driver capabilities: Capabilities {base.url: https://www.uniqlo.com, chrome.driver: src/test/resources/webdrive..., driver: edge, ms:edgeChromium: true, ms:edgeOptions: {}, wait.for.timeout: 6000}
23:11:41.174 [AsyncHttpClient-1-7] DEBUG org.asynchttpclient.netty.channel.NettyConnectListener - Using new Channel '[id: 0x87c3e421, L:/127.0.0.1:62249 - R:localhost/127.0.0.1:49495]' for 'POST' to '/session'
23:11:41.788 [AsyncHttpClient-1-7] DEBUG org.asynchttpclient.netty.handler.HttpHandler - 

Request DefaultHttpRequest(decodeResult: success, version: HTTP/1.1)
POST /session HTTP/1.1
User-Agent: selenium/4.1.2 (java windows)
Content-Length: 627
Content-Type: application/json; charset=utf-8
host: localhost:49495
accept: */*

Response DefaultHttpResponse(decodeResult: success, version: HTTP/1.1)
HTTP/1.1 200 OK
Content-Type: application/json; charset=utf-8
cache-control: no-cache
content-length: 823

23:11:41.788 [AsyncHttpClient-1-7] DEBUG org.asynchttpclient.netty.channel.ChannelManager - Adding key: http://localhost:49495 for channel [id: 0x87c3e421, L:/127.0.0.1:62249 - R:localhost/127.0.0.1:49495]
23:11:41.796 [AsyncHttpClient-1-8] DEBUG org.asynchttpclient.netty.channel.NettyConnectListener - Using new Channel '[id: 0xc9b2c1f1, L:/127.0.0.1:62260 - R:localhost/127.0.0.1:62251]' for 'GET' to '/json/version'
23:11:41.797 [AsyncHttpClient-1-8] DEBUG org.asynchttpclient.netty.handler.HttpHandler - 

Request DefaultFullHttpRequest(decodeResult: success, version: HTTP/1.1, content: EmptyByteBufBE)
GET /json/version HTTP/1.1
User-Agent: selenium/4.1.2 (java windows)
host: localhost:62251
accept: */*

Response DefaultHttpResponse(decodeResult: success, version: HTTP/1.1)
HTTP/1.1 200 OK
Content-Security-Policy: frame-ancestors 'none'
Content-Type: application/json; charset=UTF-8
content-length: 436

23:11:41.798 [AsyncHttpClient-1-8] DEBUG org.asynchttpclient.netty.channel.ChannelManager - Adding key: http://localhost:62251 for channel [id: 0xc9b2c1f1, L:/127.0.0.1:62260 - R:localhost/127.0.0.1:62251]
23:11:41.801 [AsyncHttpClient-1-9] DEBUG org.asynchttpclient.netty.channel.NettyConnectListener - Using new Channel '[id: 0xf45754ca, L:/127.0.0.1:62261 - R:localhost/127.0.0.1:62251]' for 'GET' to '/devtools/browser/da539bd3-5547-474f-979a-0a238882c63b'
23:11:41.802 [AsyncHttpClient-1-9] DEBUG org.asynchttpclient.netty.handler.WebSocketHandler - 

Request DefaultFullHttpRequest(decodeResult: success, version: HTTP/1.1, content: EmptyByteBufBE)
GET /devtools/browser/da539bd3-5547-474f-979a-0a238882c63b HTTP/1.1
upgrade: websocket
connection: upgrade
sec-websocket-key: mstsyOMhbuuOcnriMSfd1w==
sec-websocket-version: 13
origin: http://localhost:62251
host: localhost:62251
accept: */*
user-agent: AHC/2.1

Response DefaultHttpResponse(decodeResult: success, version: HTTP/1.1)
HTTP/1.1 101 WebSocket Protocol Handshake
Upgrade: WebSocket
Connection: Upgrade
Sec-WebSocket-Accept: cRXjzZJw+PcpMNVul4ETKvINuw0=

23:11:41.809 [Forwarding get on session fb17a757578ca8effad2f6e8b62c5bde to remote] DEBUG org.asynchttpclient.netty.request.NettyRequestSender - Using pooled Channel '[id: 0x87c3e421, L:/127.0.0.1:62249 - R:localhost/127.0.0.1:49495]' for 'POST' to 'http://localhost:49495/session/fb17a757578ca8effad2f6e8b62c5bde/url'
23:11:41.809 [Forwarding get on session fb17a757578ca8effad2f6e8b62c5bde to remote] DEBUG org.asynchttpclient.netty.request.NettyRequestSender - Using open Channel [id: 0x87c3e421, L:/127.0.0.1:62249 - R:localhost/127.0.0.1:49495] for POST '/session/fb17a757578ca8effad2f6e8b62c5bde/url'
23:11:42.520 [AsyncHttpClient-1-1] DEBUG org.asynchttpclient.netty.channel.DefaultChannelPool - Entry count for : http://localhost:62251 : 1
23:11:43.619 [AsyncHttpClient-1-1] DEBUG org.asynchttpclient.netty.channel.DefaultChannelPool - Entry count for : http://localhost:62251 : 1
23:11:44.720 [AsyncHttpClient-1-1] DEBUG org.asynchttpclient.netty.channel.DefaultChannelPool - Entry count for : http://localhost:62251 : 1
23:11:45.822 [AsyncHttpClient-1-1] DEBUG org.asynchttpclient.netty.channel.DefaultChannelPool - Entry count for : http://localhost:62251 : 1
23:11:46.919 [AsyncHttpClient-1-1] DEBUG org.asynchttpclient.netty.channel.DefaultChannelPool - Entry count for : http://localhost:62251 : 1
23:11:48.021 [AsyncHttpClient-1-1] DEBUG org.asynchttpclient.netty.channel.DefaultChannelPool - Entry count for : http://localhost:62251 : 1
23:11:49.119 [AsyncHttpClient-1-1] DEBUG org.asynchttpclient.netty.channel.DefaultChannelPool - Entry count for : http://localhost:62251 : 1
23:11:50.224 [AsyncHttpClient-1-1] DEBUG org.asynchttpclient.netty.channel.DefaultChannelPool - Entry count for : http://localhost:62251 : 1
23:11:51.320 [AsyncHttpClient-1-1] DEBUG org.asynchttpclient.netty.channel.DefaultChannelPool - Entry count for : http://localhost:62251 : 1
23:11:52.428 [AsyncHttpClient-1-1] DEBUG org.asynchttpclient.netty.channel.DefaultChannelPool - Entry count for : http://localhost:62251 : 1
23:11:53.520 [AsyncHttpClient-1-1] DEBUG org.asynchttpclient.netty.channel.DefaultChannelPool - Entry count for : http://localhost:62251 : 1
23:11:53.970 [AsyncHttpClient-1-7] DEBUG org.asynchttpclient.netty.handler.HttpHandler - 

Request DefaultHttpRequest(decodeResult: success, version: HTTP/1.1)
POST /session/fb17a757578ca8effad2f6e8b62c5bde/url HTTP/1.1
User-Agent: selenium/4.1.2 (java windows)
Content-Length: 53
Content-Type: application/json; charset=utf-8
host: localhost:49495
accept: */*

Response DefaultHttpResponse(decodeResult: success, version: HTTP/1.1)
HTTP/1.1 200 OK
Content-Type: application/json; charset=utf-8
cache-control: no-cache
content-length: 14

23:11:53.970 [AsyncHttpClient-1-7] DEBUG org.asynchttpclient.netty.channel.ChannelManager - Adding key: http://localhost:49495 for channel [id: 0x87c3e421, L:/127.0.0.1:62249 - R:localhost/127.0.0.1:49495]
23:11:53.971 [Forwarding setTimeout on session fb17a757578ca8effad2f6e8b62c5bde to remote] DEBUG org.asynchttpclient.netty.request.NettyRequestSender - Using pooled Channel '[id: 0x87c3e421, L:/127.0.0.1:62249 - R:localhost/127.0.0.1:49495]' for 'POST' to 'http://localhost:49495/session/fb17a757578ca8effad2f6e8b62c5bde/timeouts'
23:11:53.972 [Forwarding setTimeout on session fb17a757578ca8effad2f6e8b62c5bde to remote] DEBUG org.asynchttpclient.netty.request.NettyRequestSender - Using open Channel [id: 0x87c3e421, L:/127.0.0.1:62249 - R:localhost/127.0.0.1:49495] for POST '/session/fb17a757578ca8effad2f6e8b62c5bde/timeouts'
23:11:53.972 [AsyncHttpClient-1-7] DEBUG org.asynchttpclient.netty.handler.HttpHandler - 

Request DefaultHttpRequest(decodeResult: success, version: HTTP/1.1)
POST /session/fb17a757578ca8effad2f6e8b62c5bde/timeouts HTTP/1.1
User-Agent: selenium/4.1.2 (java windows)
Content-Length: 22
Content-Type: application/json; charset=utf-8
host: localhost:49495
accept: */*

Response DefaultHttpResponse(decodeResult: success, version: HTTP/1.1)
HTTP/1.1 200 OK
Content-Type: application/json; charset=utf-8
cache-control: no-cache
content-length: 14

23:11:53.973 [AsyncHttpClient-1-7] DEBUG org.asynchttpclient.netty.channel.ChannelManager - Adding key: http://localhost:49495 for channel [id: 0x87c3e421, L:/127.0.0.1:62249 - R:localhost/127.0.0.1:49495]
23:11:53.976 [Forwarding getCurrentUrl on session fb17a757578ca8effad2f6e8b62c5bde to remote] DEBUG org.asynchttpclient.netty.request.NettyRequestSender - Using pooled Channel '[id: 0x87c3e421, L:/127.0.0.1:62249 - R:localhost/127.0.0.1:49495]' for 'GET' to 'http://localhost:49495/session/fb17a757578ca8effad2f6e8b62c5bde/url'
23:11:53.976 [Forwarding getCurrentUrl on session fb17a757578ca8effad2f6e8b62c5bde to remote] DEBUG org.asynchttpclient.netty.request.NettyRequestSender - Using open Channel [id: 0x87c3e421, L:/127.0.0.1:62249 - R:localhost/127.0.0.1:49495] for GET '/session/fb17a757578ca8effad2f6e8b62c5bde/url'
23:11:53.980 [AsyncHttpClient-1-7] DEBUG org.asynchttpclient.netty.handler.HttpHandler - 

Request DefaultFullHttpRequest(decodeResult: success, version: HTTP/1.1, content: EmptyByteBufBE)
GET /session/fb17a757578ca8effad2f6e8b62c5bde/url HTTP/1.1
User-Agent: selenium/4.1.2 (java windows)
Cache-Control: no-cache
Content-Type: application/json; charset=utf-8
host: localhost:49495
accept: */*

Response DefaultHttpResponse(decodeResult: success, version: HTTP/1.1)
HTTP/1.1 200 OK
Content-Type: application/json; charset=utf-8
cache-control: no-cache
content-length: 41

23:11:53.981 [AsyncHttpClient-1-7] DEBUG org.asynchttpclient.netty.channel.ChannelManager - Adding key: http://localhost:49495 for channel [id: 0x87c3e421, L:/127.0.0.1:62249 - R:localhost/127.0.0.1:49495]
  &amp#27;[32mGiven &amp#27;[0m&amp#27;[32mI am on the home page&amp#27;[0m     &amp#27;[90m# starter.stepdefinitions.BabyStep.iAmOnTheHomePage()&amp#27;[0m
23:11:53.987 [Forwarding screenshot on session fb17a757578ca8effad2f6e8b62c5bde to remote] DEBUG org.asynchttpclient.netty.request.NettyRequestSender - Using pooled Channel '[id: 0x87c3e421, L:/127.0.0.1:62249 - R:localhost/127.0.0.1:49495]' for 'GET' to 'http://localhost:49495/session/fb17a757578ca8effad2f6e8b62c5bde/screenshot'
23:11:53.987 [Forwarding screenshot on session fb17a757578ca8effad2f6e8b62c5bde to remote] DEBUG org.asynchttpclient.netty.request.NettyRequestSender - Using open Channel [id: 0x87c3e421, L:/127.0.0.1:62249 - R:localhost/127.0.0.1:49495] for GET '/session/fb17a757578ca8effad2f6e8b62c5bde/screenshot'
23:11:54.302 [AsyncHttpClient-1-7] DEBUG org.asynchttpclient.netty.handler.HttpHandler - 

Request DefaultFullHttpRequest(decodeResult: success, version: HTTP/1.1, content: EmptyByteBufBE)
GET /session/fb17a757578ca8effad2f6e8b62c5bde/screenshot HTTP/1.1
User-Agent: selenium/4.1.2 (java windows)
Cache-Control: no-cache
Content-Type: application/json; charset=utf-8
host: localhost:49495
accept: */*

Response DefaultHttpResponse(decodeResult: success, version: HTTP/1.1)
HTTP/1.1 200 OK
Content-Type: application/json; charset=utf-8
cache-control: no-cache
content-length: 1119968

23:11:54.305 [AsyncHttpClient-1-7] DEBUG org.asynchttpclient.netty.channel.ChannelManager - Adding key: http://localhost:49495 for channel [id: 0x87c3e421, L:/127.0.0.1:62249 - R:localhost/127.0.0.1:49495]
23:11:54.339 [main] DEBUG net.serenitybdd.core.photography.Darkroom - Send negative for processing for target\site\serenity\3d1b19ad31921c0beae4332facd941fcc81467ad5802877977ec6c100df601ce.png
23:11:54.346 [Forwarding findElement on session fb17a757578ca8effad2f6e8b62c5bde to remote] DEBUG org.asynchttpclient.netty.request.NettyRequestSender - Using pooled Channel '[id: 0x87c3e421, L:/127.0.0.1:62249 - R:localhost/127.0.0.1:49495]' for 'POST' to 'http://localhost:49495/session/fb17a757578ca8effad2f6e8b62c5bde/element'
23:11:54.346 [Forwarding findElement on session fb17a757578ca8effad2f6e8b62c5bde to remote] DEBUG org.asynchttpclient.netty.request.NettyRequestSender - Using open Channel [id: 0x87c3e421, L:/127.0.0.1:62249 - R:localhost/127.0.0.1:49495] for POST '/session/fb17a757578ca8effad2f6e8b62c5bde/element'
23:11:54.359 [AsyncHttpClient-1-7] DEBUG org.asynchttpclient.netty.handler.HttpHandler - 

Request DefaultHttpRequest(decodeResult: success, version: HTTP/1.1)
POST /session/fb17a757578ca8effad2f6e8b62c5bde/element HTTP/1.1
User-Agent: selenium/4.1.2 (java windows)
Content-Length: 81
Content-Type: application/json; charset=utf-8
host: localhost:49495
accept: */*

Response DefaultHttpResponse(decodeResult: success, version: HTTP/1.1)
HTTP/1.1 200 OK
Content-Type: application/json; charset=utf-8
cache-control: no-cache
content-length: 88

23:11:54.359 [AsyncHttpClient-1-7] DEBUG org.asynchttpclient.netty.channel.ChannelManager - Adding key: http://localhost:49495 for channel [id: 0x87c3e421, L:/127.0.0.1:62249 - R:localhost/127.0.0.1:49495]
23:11:54.360 [Forwarding getElementTagName on session fb17a757578ca8effad2f6e8b62c5bde to remote] DEBUG org.asynchttpclient.netty.request.NettyRequestSender - Using pooled Channel '[id: 0x87c3e421, L:/127.0.0.1:62249 - R:localhost/127.0.0.1:49495]' for 'GET' to 'http://localhost:49495/session/fb17a757578ca8effad2f6e8b62c5bde/element/51097b54-d8d2-435d-982f-d9e1bacf43aa/name'
23:11:54.361 [Forwarding getElementTagName on session fb17a757578ca8effad2f6e8b62c5bde to remote] DEBUG org.asynchttpclient.netty.request.NettyRequestSender - Using open Channel [id: 0x87c3e421, L:/127.0.0.1:62249 - R:localhost/127.0.0.1:49495] for GET '/session/fb17a757578ca8effad2f6e8b62c5bde/element/51097b54-d8d2-435d-982f-d9e1bacf43aa/name'
23:11:54.365 [AsyncHttpClient-1-7] DEBUG org.asynchttpclient.netty.handler.HttpHandler - 

Request DefaultFullHttpRequest(decodeResult: success, version: HTTP/1.1, content: EmptyByteBufBE)
GET /session/fb17a757578ca8effad2f6e8b62c5bde/element/51097b54-d8d2-435d-982f-d9e1bacf43aa/name HTTP/1.1
User-Agent: selenium/4.1.2 (java windows)
Cache-Control: no-cache
Content-Type: application/json; charset=utf-8
host: localhost:49495
accept: */*

Response DefaultHttpResponse(decodeResult: success, version: HTTP/1.1)
HTTP/1.1 200 OK
Content-Type: application/json; charset=utf-8
cache-control: no-cache
content-length: 16

23:11:54.365 [AsyncHttpClient-1-7] DEBUG org.asynchttpclient.netty.channel.ChannelManager - Adding key: http://localhost:49495 for channel [id: 0x87c3e421, L:/127.0.0.1:62249 - R:localhost/127.0.0.1:49495]
23:11:54.366 [Forwarding getElementTagName on session fb17a757578ca8effad2f6e8b62c5bde to remote] DEBUG org.asynchttpclient.netty.request.NettyRequestSender - Using pooled Channel '[id: 0x87c3e421, L:/127.0.0.1:62249 - R:localhost/127.0.0.1:49495]' for 'GET' to 'http://localhost:49495/session/fb17a757578ca8effad2f6e8b62c5bde/element/51097b54-d8d2-435d-982f-d9e1bacf43aa/name'
23:11:54.366 [Forwarding getElementTagName on session fb17a757578ca8effad2f6e8b62c5bde to remote] DEBUG org.asynchttpclient.netty.request.NettyRequestSender - Using open Channel [id: 0x87c3e421, L:/127.0.0.1:62249 - R:localhost/127.0.0.1:49495] for GET '/session/fb17a757578ca8effad2f6e8b62c5bde/element/51097b54-d8d2-435d-982f-d9e1bacf43aa/name'
23:11:54.369 [AsyncHttpClient-1-7] DEBUG org.asynchttpclient.netty.handler.HttpHandler - 

Request DefaultFullHttpRequest(decodeResult: success, version: HTTP/1.1, content: EmptyByteBufBE)
GET /session/fb17a757578ca8effad2f6e8b62c5bde/element/51097b54-d8d2-435d-982f-d9e1bacf43aa/name HTTP/1.1
User-Agent: selenium/4.1.2 (java windows)
Cache-Control: no-cache
Content-Type: application/json; charset=utf-8
host: localhost:49495
accept: */*

Response DefaultHttpResponse(decodeResult: success, version: HTTP/1.1)
HTTP/1.1 200 OK
Content-Type: application/json; charset=utf-8
cache-control: no-cache
content-length: 16

23:11:54.370 [AsyncHttpClient-1-7] DEBUG org.asynchttpclient.netty.channel.ChannelManager - Adding key: http://localhost:49495 for channel [id: 0x87c3e421, L:/127.0.0.1:62249 - R:localhost/127.0.0.1:49495]
23:11:54.371 [Forwarding findElement on session fb17a757578ca8effad2f6e8b62c5bde to remote] DEBUG org.asynchttpclient.netty.request.NettyRequestSender - Using pooled Channel '[id: 0x87c3e421, L:/127.0.0.1:62249 - R:localhost/127.0.0.1:49495]' for 'POST' to 'http://localhost:49495/session/fb17a757578ca8effad2f6e8b62c5bde/element'
23:11:54.371 [Forwarding findElement on session fb17a757578ca8effad2f6e8b62c5bde to remote] DEBUG org.asynchttpclient.netty.request.NettyRequestSender - Using open Channel [id: 0x87c3e421, L:/127.0.0.1:62249 - R:localhost/127.0.0.1:49495] for POST '/session/fb17a757578ca8effad2f6e8b62c5bde/element'
23:11:54.378 [AsyncHttpClient-1-7] DEBUG org.asynchttpclient.netty.handler.HttpHandler - 

Request DefaultHttpRequest(decodeResult: success, version: HTTP/1.1)
POST /session/fb17a757578ca8effad2f6e8b62c5bde/element HTTP/1.1
User-Agent: selenium/4.1.2 (java windows)
Content-Length: 81
Content-Type: application/json; charset=utf-8
host: localhost:49495
accept: */*

Response DefaultHttpResponse(decodeResult: success, version: HTTP/1.1)
HTTP/1.1 200 OK
Content-Type: application/json; charset=utf-8
cache-control: no-cache
content-length: 88

23:11:54.378 [AsyncHttpClient-1-7] DEBUG org.asynchttpclient.netty.channel.ChannelManager - Adding key: http://localhost:49495 for channel [id: 0x87c3e421, L:/127.0.0.1:62249 - R:localhost/127.0.0.1:49495]
23:11:54.379 [Forwarding clickElement on session fb17a757578ca8effad2f6e8b62c5bde to remote] DEBUG org.asynchttpclient.netty.request.NettyRequestSender - Using pooled Channel '[id: 0x87c3e421, L:/127.0.0.1:62249 - R:localhost/127.0.0.1:49495]' for 'POST' to 'http://localhost:49495/session/fb17a757578ca8effad2f6e8b62c5bde/element/51097b54-d8d2-435d-982f-d9e1bacf43aa/click'
23:11:54.379 [Forwarding clickElement on session fb17a757578ca8effad2f6e8b62c5bde to remote] DEBUG org.asynchttpclient.netty.request.NettyRequestSender - Using open Channel [id: 0x87c3e421, L:/127.0.0.1:62249 - R:localhost/127.0.0.1:49495] for POST '/session/fb17a757578ca8effad2f6e8b62c5bde/element/51097b54-d8d2-435d-982f-d9e1bacf43aa/click'
23:11:54.621 [AsyncHttpClient-1-1] DEBUG org.asynchttpclient.netty.channel.DefaultChannelPool - Entry count for : http://localhost:62251 : 1
23:11:54.817 [AsyncHttpClient-1-7] DEBUG org.asynchttpclient.netty.handler.HttpHandler - 

Request DefaultHttpRequest(decodeResult: success, version: HTTP/1.1)
POST /session/fb17a757578ca8effad2f6e8b62c5bde/element/51097b54-d8d2-435d-982f-d9e1bacf43aa/click HTTP/1.1
User-Agent: selenium/4.1.2 (java windows)
Content-Length: 50
Content-Type: application/json; charset=utf-8
host: localhost:49495
accept: */*

Response DefaultHttpResponse(decodeResult: success, version: HTTP/1.1)
HTTP/1.1 200 OK
Content-Type: application/json; charset=utf-8
cache-control: no-cache
content-length: 14

23:11:54.817 [AsyncHttpClient-1-7] DEBUG org.asynchttpclient.netty.channel.ChannelManager - Adding key: http://localhost:49495 for channel [id: 0x87c3e421, L:/127.0.0.1:62249 - R:localhost/127.0.0.1:49495]
  &amp#27;[32mThen &amp#27;[0m&amp#27;[32mI click baby on the header&amp#27;[0m &amp#27;[90m# starter.stepdefinitions.BabyStep.iClickBabyOnTheHeader()&amp#27;[0m
23:11:54.826 [Forwarding screenshot on session fb17a757578ca8effad2f6e8b62c5bde to remote] DEBUG org.asynchttpclient.netty.request.NettyRequestSender - Using pooled Channel '[id: 0x87c3e421, L:/127.0.0.1:62249 - R:localhost/127.0.0.1:49495]' for 'GET' to 'http://localhost:49495/session/fb17a757578ca8effad2f6e8b62c5bde/screenshot'
23:11:54.826 [Forwarding screenshot on session fb17a757578ca8effad2f6e8b62c5bde to remote] DEBUG org.asynchttpclient.netty.request.NettyRequestSender - Using open Channel [id: 0x87c3e421, L:/127.0.0.1:62249 - R:localhost/127.0.0.1:49495] for GET '/session/fb17a757578ca8effad2f6e8b62c5bde/screenshot'
23:11:55.389 [AsyncHttpClient-1-7] DEBUG org.asynchttpclient.netty.handler.HttpHandler - 

Request DefaultFullHttpRequest(decodeResult: success, version: HTTP/1.1, content: EmptyByteBufBE)
GET /session/fb17a757578ca8effad2f6e8b62c5bde/screenshot HTTP/1.1
User-Agent: selenium/4.1.2 (java windows)
Cache-Control: no-cache
Content-Type: application/json; charset=utf-8
host: localhost:49495
accept: */*

Response DefaultHttpResponse(decodeResult: success, version: HTTP/1.1)
HTTP/1.1 200 OK
Content-Type: application/json; charset=utf-8
cache-control: no-cache
content-length: 62376

23:11:55.389 [AsyncHttpClient-1-7] DEBUG org.asynchttpclient.netty.channel.ChannelManager - Adding key: http://localhost:49495 for channel [id: 0x87c3e421, L:/127.0.0.1:62249 - R:localhost/127.0.0.1:49495]
23:11:55.393 [main] DEBUG net.serenitybdd.core.photography.Darkroom - Send negative for processing for target\site\serenity\2c968f43965e2e3b544d7bb9c64fe6129504aa221ab5e16f658de9c66d343094.png
23:11:55.401 [Darkroom Processing Line] DEBUG net.serenitybdd.core.photography.DarkroomProcessingLine - Processing screenshot image in /var/screenshots/screenshot-10627757721632141136
23:11:55.401 [Darkroom Processing Line] DEBUG net.serenitybdd.core.photography.DarkroomProcessingLine - Saving screenshot to target\site\serenity\2c968f43965e2e3b544d7bb9c64fe6129504aa221ab5e16f658de9c66d343094.png
23:11:55.408 [Forwarding findElement on session fb17a757578ca8effad2f6e8b62c5bde to remote] DEBUG org.asynchttpclient.netty.request.NettyRequestSender - Using pooled Channel '[id: 0x87c3e421, L:/127.0.0.1:62249 - R:localhost/127.0.0.1:49495]' for 'POST' to 'http://localhost:49495/session/fb17a757578ca8effad2f6e8b62c5bde/element'
23:11:55.408 [Forwarding findElement on session fb17a757578ca8effad2f6e8b62c5bde to remote] DEBUG org.asynchttpclient.netty.request.NettyRequestSender - Using open Channel [id: 0x87c3e421, L:/127.0.0.1:62249 - R:localhost/127.0.0.1:49495] for POST '/session/fb17a757578ca8effad2f6e8b62c5bde/element'
23:11:55.446 [AsyncHttpClient-1-7] DEBUG org.asynchttpclient.netty.handler.HttpHandler - 

Request DefaultHttpRequest(decodeResult: success, version: HTTP/1.1)
POST /session/fb17a757578ca8effad2f6e8b62c5bde/element HTTP/1.1
User-Agent: selenium/4.1.2 (java windows)
Content-Length: 107
Content-Type: application/json; charset=utf-8
host: localhost:49495
accept: */*

Response DefaultHttpResponse(decodeResult: success, version: HTTP/1.1)
HTTP/1.1 200 OK
Content-Type: application/json; charset=utf-8
cache-control: no-cache
content-length: 88

23:11:55.446 [AsyncHttpClient-1-7] DEBUG org.asynchttpclient.netty.channel.ChannelManager - Adding key: http://localhost:49495 for channel [id: 0x87c3e421, L:/127.0.0.1:62249 - R:localhost/127.0.0.1:49495]
23:11:55.448 [Forwarding getElementTagName on session fb17a757578ca8effad2f6e8b62c5bde to remote] DEBUG org.asynchttpclient.netty.request.NettyRequestSender - Using pooled Channel '[id: 0x87c3e421, L:/127.0.0.1:62249 - R:localhost/127.0.0.1:49495]' for 'GET' to 'http://localhost:49495/session/fb17a757578ca8effad2f6e8b62c5bde/element/14c1accd-983f-42ae-94aa-e5986bc0aae8/name'
23:11:55.448 [Forwarding getElementTagName on session fb17a757578ca8effad2f6e8b62c5bde to remote] DEBUG org.asynchttpclient.netty.request.NettyRequestSender - Using open Channel [id: 0x87c3e421, L:/127.0.0.1:62249 - R:localhost/127.0.0.1:49495] for GET '/session/fb17a757578ca8effad2f6e8b62c5bde/element/14c1accd-983f-42ae-94aa-e5986bc0aae8/name'
23:11:55.455 [AsyncHttpClient-1-7] DEBUG org.asynchttpclient.netty.handler.HttpHandler - 

Request DefaultFullHttpRequest(decodeResult: success, version: HTTP/1.1, content: EmptyByteBufBE)
GET /session/fb17a757578ca8effad2f6e8b62c5bde/element/14c1accd-983f-42ae-94aa-e5986bc0aae8/name HTTP/1.1
User-Agent: selenium/4.1.2 (java windows)
Cache-Control: no-cache
Content-Type: application/json; charset=utf-8
host: localhost:49495
accept: */*

Response DefaultHttpResponse(decodeResult: success, version: HTTP/1.1)
HTTP/1.1 200 OK
Content-Type: application/json; charset=utf-8
cache-control: no-cache
content-length: 16

23:11:55.455 [AsyncHttpClient-1-7] DEBUG org.asynchttpclient.netty.channel.ChannelManager - Adding key: http://localhost:49495 for channel [id: 0x87c3e421, L:/127.0.0.1:62249 - R:localhost/127.0.0.1:49495]
23:11:55.457 [Forwarding getElementTagName on session fb17a757578ca8effad2f6e8b62c5bde to remote] DEBUG org.asynchttpclient.netty.request.NettyRequestSender - Using pooled Channel '[id: 0x87c3e421, L:/127.0.0.1:62249 - R:localhost/127.0.0.1:49495]' for 'GET' to 'http://localhost:49495/session/fb17a757578ca8effad2f6e8b62c5bde/element/14c1accd-983f-42ae-94aa-e5986bc0aae8/name'
23:11:55.457 [Forwarding getElementTagName on session fb17a757578ca8effad2f6e8b62c5bde to remote] DEBUG org.asynchttpclient.netty.request.NettyRequestSender - Using open Channel [id: 0x87c3e421, L:/127.0.0.1:62249 - R:localhost/127.0.0.1:49495] for GET '/session/fb17a757578ca8effad2f6e8b62c5bde/element/14c1accd-983f-42ae-94aa-e5986bc0aae8/name'
23:11:55.459 [AsyncHttpClient-1-7] DEBUG org.asynchttpclient.netty.handler.HttpHandler - 

Request DefaultFullHttpRequest(decodeResult: success, version: HTTP/1.1, content: EmptyByteBufBE)
GET /session/fb17a757578ca8effad2f6e8b62c5bde/element/14c1accd-983f-42ae-94aa-e5986bc0aae8/name HTTP/1.1
User-Agent: selenium/4.1.2 (java windows)
Cache-Control: no-cache
Content-Type: application/json; charset=utf-8
host: localhost:49495
accept: */*

Response DefaultHttpResponse(decodeResult: success, version: HTTP/1.1)
HTTP/1.1 200 OK
Content-Type: application/json; charset=utf-8
cache-control: no-cache
content-length: 16

23:11:55.460 [AsyncHttpClient-1-7] DEBUG org.asynchttpclient.netty.channel.ChannelManager - Adding key: http://localhost:49495 for channel [id: 0x87c3e421, L:/127.0.0.1:62249 - R:localhost/127.0.0.1:49495]
23:11:55.461 [Forwarding findElement on session fb17a757578ca8effad2f6e8b62c5bde to remote] DEBUG org.asynchttpclient.netty.request.NettyRequestSender - Using pooled Channel '[id: 0x87c3e421, L:/127.0.0.1:62249 - R:localhost/127.0.0.1:49495]' for 'POST' to 'http://localhost:49495/session/fb17a757578ca8effad2f6e8b62c5bde/element'
23:11:55.462 [Forwarding findElement on session fb17a757578ca8effad2f6e8b62c5bde to remote] DEBUG org.asynchttpclient.netty.request.NettyRequestSender - Using open Channel [id: 0x87c3e421, L:/127.0.0.1:62249 - R:localhost/127.0.0.1:49495] for POST '/session/fb17a757578ca8effad2f6e8b62c5bde/element'
23:11:55.468 [AsyncHttpClient-1-7] DEBUG org.asynchttpclient.netty.handler.HttpHandler - 

Request DefaultHttpRequest(decodeResult: success, version: HTTP/1.1)
POST /session/fb17a757578ca8effad2f6e8b62c5bde/element HTTP/1.1
User-Agent: selenium/4.1.2 (java windows)
Content-Length: 107
Content-Type: application/json; charset=utf-8
host: localhost:49495
accept: */*

Response DefaultHttpResponse(decodeResult: success, version: HTTP/1.1)
HTTP/1.1 200 OK
Content-Type: application/json; charset=utf-8
cache-control: no-cache
content-length: 88

23:11:55.469 [AsyncHttpClient-1-7] DEBUG org.asynchttpclient.netty.channel.ChannelManager - Adding key: http://localhost:49495 for channel [id: 0x87c3e421, L:/127.0.0.1:62249 - R:localhost/127.0.0.1:49495]
23:11:55.470 [Forwarding clickElement on session fb17a757578ca8effad2f6e8b62c5bde to remote] DEBUG org.asynchttpclient.netty.request.NettyRequestSender - Using pooled Channel '[id: 0x87c3e421, L:/127.0.0.1:62249 - R:localhost/127.0.0.1:49495]' for 'POST' to 'http://localhost:49495/session/fb17a757578ca8effad2f6e8b62c5bde/element/14c1accd-983f-42ae-94aa-e5986bc0aae8/click'
23:11:55.470 [Forwarding clickElement on session fb17a757578ca8effad2f6e8b62c5bde to remote] DEBUG org.asynchttpclient.netty.request.NettyRequestSender - Using open Channel [id: 0x87c3e421, L:/127.0.0.1:62249 - R:localhost/127.0.0.1:49495] for POST '/session/fb17a757578ca8effad2f6e8b62c5bde/element/14c1accd-983f-42ae-94aa-e5986bc0aae8/click'
23:11:55.633 [AsyncHttpClient-1-7] DEBUG org.asynchttpclient.netty.handler.HttpHandler - 

Request DefaultHttpRequest(decodeResult: success, version: HTTP/1.1)
POST /session/fb17a757578ca8effad2f6e8b62c5bde/element/14c1accd-983f-42ae-94aa-e5986bc0aae8/click HTTP/1.1
User-Agent: selenium/4.1.2 (java windows)
Content-Length: 50
Content-Type: application/json; charset=utf-8
host: localhost:49495
accept: */*

Response DefaultHttpResponse(decodeResult: success, version: HTTP/1.1)
HTTP/1.1 200 OK
Content-Type: application/json; charset=utf-8
cache-control: no-cache
content-length: 14

23:11:55.633 [AsyncHttpClient-1-7] DEBUG org.asynchttpclient.netty.channel.ChannelManager - Adding key: http://localhost:49495 for channel [id: 0x87c3e421, L:/127.0.0.1:62249 - R:localhost/127.0.0.1:49495]
  &amp#27;[32mWhen &amp#27;[0m&amp#27;[32mI will go to baju terusan&amp#27;[0m  &amp#27;[90m# starter.stepdefinitions.BabyStep.iWillGoToBajuTerusan()&amp#27;[0m
23:11:55.645 [Forwarding screenshot on session fb17a757578ca8effad2f6e8b62c5bde to remote] DEBUG org.asynchttpclient.netty.request.NettyRequestSender - Using pooled Channel '[id: 0x87c3e421, L:/127.0.0.1:62249 - R:localhost/127.0.0.1:49495]' for 'GET' to 'http://localhost:49495/session/fb17a757578ca8effad2f6e8b62c5bde/screenshot'
23:11:55.645 [Forwarding screenshot on session fb17a757578ca8effad2f6e8b62c5bde to remote] DEBUG org.asynchttpclient.netty.request.NettyRequestSender - Using open Channel [id: 0x87c3e421, L:/127.0.0.1:62249 - R:localhost/127.0.0.1:49495] for GET '/session/fb17a757578ca8effad2f6e8b62c5bde/screenshot'
23:11:55.720 [AsyncHttpClient-1-1] DEBUG org.asynchttpclient.netty.channel.DefaultChannelPool - Entry count for : http://localhost:62251 : 1
23:11:55.848 [AsyncHttpClient-1-7] DEBUG org.asynchttpclient.netty.handler.HttpHandler - 

Request DefaultFullHttpRequest(decodeResult: success, version: HTTP/1.1, content: EmptyByteBufBE)
GET /session/fb17a757578ca8effad2f6e8b62c5bde/screenshot HTTP/1.1
User-Agent: selenium/4.1.2 (java windows)
Cache-Control: no-cache
Content-Type: application/json; charset=utf-8
host: localhost:49495
accept: */*

Response DefaultHttpResponse(decodeResult: success, version: HTTP/1.1)
HTTP/1.1 200 OK
Content-Type: application/json; charset=utf-8
cache-control: no-cache
content-length: 88760

23:11:55.849 [AsyncHttpClient-1-7] DEBUG org.asynchttpclient.netty.channel.ChannelManager - Adding key: http://localhost:49495 for channel [id: 0x87c3e421, L:/127.0.0.1:62249 - R:localhost/127.0.0.1:49495]
23:11:55.853 [main] DEBUG net.serenitybdd.core.photography.Darkroom - Send negative for processing for target\site\serenity\8f83b6f71e37e59fcc6684852f391b82761f9ae95ec995a58e32202e583ed940.png
23:11:55.853 [Darkroom Processing Line] DEBUG net.serenitybdd.core.photography.DarkroomProcessingLine - Processing screenshot image in /var/screenshots/screenshot-16861921336902846993
23:11:55.853 [Darkroom Processing Line] DEBUG net.serenitybdd.core.photography.DarkroomProcessingLine - Saving screenshot to target\site\serenity\8f83b6f71e37e59fcc6684852f391b82761f9ae95ec995a58e32202e583ed940.png
23:11:55.854 [main] INFO  - 
  _____   ___   ___   _____     ___     _     ___   ___   ___   ___  
 |_   _| | __| / __| |_   _|   | _ \   /_\   / __| / __| | __| |   \ 
   | |   | _|  \__ \   | |     |  _/  / _ \  \__ \ \__ \ | _|  | |) |
   |_|   |___| |___/   |_|     |_|   /_/ \_\ |___/ |___/ |___| |___/ 

Menu Baju Terusan
----------------------------------------------------------------------
23:11:55.856 [AsyncHttpClient-1-9] DEBUG org.asynchttpclient.netty.handler.WebSocketHandler - Channel Closed: [id: 0xf45754ca, L:/127.0.0.1:62261 ! R:localhost/127.0.0.1:62251] with attribute NettyResponseFuture{currentRetry=5,
	isDone=1,
	isCancelled=0,
	asyncHandler=org.asynchttpclient.ws.WebSocketUpgradeHandler@3129047a,
	nettyRequest=org.asynchttpclient.netty.request.NettyRequest@25bba7bf,
	future=java.util.concurrent.CompletableFuture@491dcc9d[Completed normally],
	uri=ws://localhost:62251/devtools/browser/da539bd3-5547-474f-979a-0a238882c63b,
	keepAlive=true,
	redirectCount=0,
	timeoutsHolder=null,
	inAuth=0,
	touch=1680538301803}
23:11:55.856 [AsyncHttpClient-1-9] DEBUG org.asynchttpclient.netty.channel.ChannelManager - Closing Channel [id: 0xf45754ca, L:/127.0.0.1:62261 ! R:localhost/127.0.0.1:62251] 
23:11:55.856 [Driver Command Executor] DEBUG org.asynchttpclient.netty.request.NettyRequestSender - Using pooled Channel '[id: 0x87c3e421, L:/127.0.0.1:62249 - R:localhost/127.0.0.1:49495]' for 'DELETE' to 'http://localhost:49495/session/fb17a757578ca8effad2f6e8b62c5bde'
23:11:55.856 [Driver Command Executor] DEBUG org.asynchttpclient.netty.request.NettyRequestSender - Using open Channel [id: 0x87c3e421, L:/127.0.0.1:62249 - R:localhost/127.0.0.1:49495] for DELETE '/session/fb17a757578ca8effad2f6e8b62c5bde'
23:11:55.880 [AsyncHttpClient-1-8] DEBUG org.asynchttpclient.netty.handler.HttpHandler - Unexpected I/O exception on channel [id: 0xc9b2c1f1, L:/127.0.0.1:62260 - R:localhost/127.0.0.1:62251]
java.net.SocketException: Connection reset
	at java.base/sun.nio.ch.SocketChannelImpl.throwConnectionReset(SocketChannelImpl.java:345)
	at java.base/sun.nio.ch.SocketChannelImpl.read(SocketChannelImpl.java:376)
	at io.netty.buffer.PooledByteBuf.setBytes(PooledByteBuf.java:258)
	at io.netty.buffer.AbstractByteBuf.writeBytes(AbstractByteBuf.java:1132)
	at io.netty.channel.socket.nio.NioSocketChannel.doReadBytes(NioSocketChannel.java:350)
	at io.netty.channel.nio.AbstractNioByteChannel$NioByteUnsafe.read(AbstractNioByteChannel.java:151)
	at io.netty.channel.nio.NioEventLoop.processSelectedKey(NioEventLoop.java:722)
	at io.netty.channel.nio.NioEventLoop.processSelectedKeysOptimized(NioEventLoop.java:658)
	at io.netty.channel.nio.NioEventLoop.processSelectedKeys(NioEventLoop.java:584)
	at io.netty.channel.nio.NioEventLoop.run(NioEventLoop.java:496)
	at io.netty.util.concurrent.SingleThreadEventExecutor$4.run(SingleThreadEventExecutor.java:986)
	at io.netty.util.internal.ThreadExecutorMap$2.run(ThreadExecutorMap.java:74)
	at io.netty.util.concurrent.FastThreadLocalRunnable.run(FastThreadLocalRunnable.java:30)
	at java.base/java.lang.Thread.run(Thread.java:830)
23:11:55.880 [AsyncHttpClient-1-8] DEBUG org.asynchttpclient.netty.channel.ChannelManager - Closing Channel [id: 0xc9b2c1f1, L:/127.0.0.1:62260 - R:localhost/127.0.0.1:62251] 
23:11:55.880 [AsyncHttpClient-1-8] DEBUG org.asynchttpclient.netty.handler.HttpHandler - Channel Closed: [id: 0xc9b2c1f1, L:/127.0.0.1:62260 ! R:localhost/127.0.0.1:62251] with attribute DISCARD
23:11:55.927 [AsyncHttpClient-1-7] DEBUG org.asynchttpclient.netty.handler.HttpHandler - 

Request DefaultFullHttpRequest(decodeResult: success, version: HTTP/1.1, content: EmptyByteBufBE)
DELETE /session/fb17a757578ca8effad2f6e8b62c5bde HTTP/1.1
User-Agent: selenium/4.1.2 (java windows)
Content-Type: application/json; charset=utf-8
host: localhost:49495
accept: */*

Response DefaultHttpResponse(decodeResult: success, version: HTTP/1.1)
HTTP/1.1 200 OK
Content-Type: application/json; charset=utf-8
cache-control: no-cache
content-length: 14

23:11:55.927 [AsyncHttpClient-1-7] DEBUG org.asynchttpclient.netty.channel.ChannelManager - Adding key: http://localhost:49495 for channel [id: 0x87c3e421, L:/127.0.0.1:62249 - R:localhost/127.0.0.1:49495]
23:11:56.034 [AsyncHttpClient-1-7] DEBUG org.asynchttpclient.netty.handler.HttpHandler - Channel Closed: [id: 0x87c3e421, L:/127.0.0.1:62249 ! R:localhost/127.0.0.1:49495] with attribute DISCARD
]]></system-out>
    <system-err><![CDATA[Starting Microsoft Edge WebDriver 111.0.1661.62 (0a8f453929e6410c973aa529a40485ce4e3e03db) on port 49495
To submit feedback, report a bug, or suggest new features, please visit https://github.com/MicrosoftEdge/EdgeWebDriver

Only local connections are allowed.
Please see https://aka.ms/WebDriverSecurity for suggestions on keeping Microsoft Edge WebDriver safe.

Microsoft Edge WebDriver was started successfully.
Apr 03, 2023 11:11:41 PM org.openqa.selenium.remote.ProtocolHandshake createSession
INFO: Detected dialect: W3C
Apr 03, 2023 11:11:41 PM org.openqa.selenium.devtools.CdpVersionFinder findNearestMatch
WARNING: Unable to find an exact match for CDP version 111, so returning the closest version found: a no-op implementation
Apr 03, 2023 11:11:41 PM org.openqa.selenium.devtools.CdpVersionFinder findNearestMatch
INFO: Unable to find CDP implementation matching 111.
Apr 03, 2023 11:11:41 PM org.openqa.selenium.chromium.ChromiumDriver lambda$new$3
WARNING: Unable to find version of CDP to use for . You may need to include a dependency on a specific version of the CDP using something similar to `org.seleniumhq.selenium:selenium-devtools-v86:4.1.2` where the version ("v86") matches the version of the chromium-based browser you're using and the version number of the artifact is the same as Selenium's.
]]></system-err>
  </testcase>
  <testcase name="Menu Legging" classname="Baby" time="30.575">
    <system-out><![CDATA[
Scenario: Menu Legging            &amp#27;[90m# src/test/resources/features/Baby.feature:46&amp#27;[0m
23:11:56.625 [main] INFO io.cucumber.core.plugin.SerenityReporter - Running feature from file:///C:/Users/alwi/IdeaProjects/uniqloweb/src/test/resources/features/Baby.feature
23:11:56.628 [main] INFO  - 
  _____   ___   ___   _____     ___   _____     _     ___   _____   ___   ___  
 |_   _| | __| / __| |_   _|   / __| |_   _|   /_\   | _ \ |_   _| | __| |   \ 
   | |   | _|  \__ \   | |     \__ \   | |    / _ \  |   /   | |   | _|  | |) |
   |_|   |___| |___/   |_|     |___/   |_|   /_/ \_\ |_|_\   |_|   |___| |___/ 

Menu Legging(baby;menu-legging)
--------------------------------------------------------------------------------
23:11:56.738 [main] DEBUG io.github.bonigarcia.wdm.cache.ResolutionCache - Resolution edge=111 in cache (valid until 23:36:32 03/04/2023 WIB)
23:11:56.738 [main] DEBUG io.github.bonigarcia.wdm.cache.ResolutionCache - Resolution edge111=111.0.1661.62 in cache (valid until 12:22:00 04/04/2023 WIB)
23:11:56.738 [main] INFO io.github.bonigarcia.wdm.WebDriverManager - Using msedgedriver 111.0.1661.62 (resolved driver for Edge 111)
23:11:56.764 [main] DEBUG io.github.bonigarcia.wdm.WebDriverManager - Driver msedgedriver 111.0.1661.62 found in cache
23:11:56.764 [main] INFO io.github.bonigarcia.wdm.WebDriverManager - Exporting webdriver.edge.driver as C:\Users\alwi\.cache\selenium\msedgedriver\win64\111.0.1661.62\msedgedriver.exe
23:11:56.767 [main] DEBUG net.serenitybdd.core.webdriver.driverproviders.ProvideNewDriver - Instantiating driver
23:11:56.767 [main] DEBUG net.serenitybdd.core.webdriver.driverproviders.ProvideNewDriver - Driver capabilities: Capabilities {base.url: https://www.uniqlo.com, chrome.driver: src/test/resources/webdrive..., driver: edge, ms:edgeChromium: true, ms:edgeOptions: {}, wait.for.timeout: 6000}
23:11:56.819 [AsyncHttpClient-1-1] DEBUG org.asynchttpclient.netty.channel.DefaultChannelPool - Entry count for : http://localhost:62251 : 1
23:11:56.819 [AsyncHttpClient-1-1] DEBUG org.asynchttpclient.netty.channel.DefaultChannelPool - Entry count for : http://localhost:49495 : 1
23:11:56.819 [AsyncHttpClient-1-1] DEBUG org.asynchttpclient.netty.channel.DefaultChannelPool - Adding Candidate expired Channel [id: 0xc9b2c1f1, L:/127.0.0.1:62260 ! R:localhost/127.0.0.1:62251] isIdleTimeoutExpired=false isRemotelyClosed=true isTtlExpired=false
23:11:56.819 [AsyncHttpClient-1-1] DEBUG org.asynchttpclient.netty.channel.DefaultChannelPool - Closing Idle Channel [id: 0xc9b2c1f1, L:/127.0.0.1:62260 ! R:localhost/127.0.0.1:62251]
23:11:56.819 [AsyncHttpClient-1-1] DEBUG org.asynchttpclient.netty.channel.DefaultChannelPool - Adding Candidate expired Channel [id: 0x87c3e421, L:/127.0.0.1:62249 ! R:localhost/127.0.0.1:49495] isIdleTimeoutExpired=false isRemotelyClosed=true isTtlExpired=false
23:11:56.819 [AsyncHttpClient-1-1] DEBUG org.asynchttpclient.netty.channel.DefaultChannelPool - Closing Idle Channel [id: 0x87c3e421, L:/127.0.0.1:62249 ! R:localhost/127.0.0.1:49495]
23:11:56.819 [AsyncHttpClient-1-1] DEBUG org.asynchttpclient.netty.channel.DefaultChannelPool - Closed 2 connections out of 2 in 0 ms
23:11:57.301 [AsyncHttpClient-1-10] DEBUG org.asynchttpclient.netty.channel.NettyConnectListener - Using new Channel '[id: 0xc9641c42, L:/127.0.0.1:62401 - R:localhost/127.0.0.1:58071]' for 'POST' to '/session'
23:11:57.925 [AsyncHttpClient-1-10] DEBUG org.asynchttpclient.netty.handler.HttpHandler - 

Request DefaultHttpRequest(decodeResult: success, version: HTTP/1.1)
POST /session HTTP/1.1
User-Agent: selenium/4.1.2 (java windows)
Content-Length: 627
Content-Type: application/json; charset=utf-8
host: localhost:58071
accept: */*

Response DefaultHttpResponse(decodeResult: success, version: HTTP/1.1)
HTTP/1.1 200 OK
Content-Type: application/json; charset=utf-8
cache-control: no-cache
content-length: 823

23:11:57.925 [AsyncHttpClient-1-10] DEBUG org.asynchttpclient.netty.channel.ChannelManager - Adding key: http://localhost:58071 for channel [id: 0xc9641c42, L:/127.0.0.1:62401 - R:localhost/127.0.0.1:58071]
23:11:57.931 [AsyncHttpClient-1-11] DEBUG org.asynchttpclient.netty.channel.NettyConnectListener - Using new Channel '[id: 0x8f1ca601, L:/127.0.0.1:62409 - R:localhost/127.0.0.1:62402]' for 'GET' to '/json/version'
23:11:57.931 [AsyncHttpClient-1-11] DEBUG org.asynchttpclient.netty.handler.HttpHandler - 

Request DefaultFullHttpRequest(decodeResult: success, version: HTTP/1.1, content: EmptyByteBufBE)
GET /json/version HTTP/1.1
User-Agent: selenium/4.1.2 (java windows)
host: localhost:62402
accept: */*

Response DefaultHttpResponse(decodeResult: success, version: HTTP/1.1)
HTTP/1.1 200 OK
Content-Security-Policy: frame-ancestors 'none'
Content-Type: application/json; charset=UTF-8
content-length: 436

23:11:57.932 [AsyncHttpClient-1-11] DEBUG org.asynchttpclient.netty.channel.ChannelManager - Adding key: http://localhost:62402 for channel [id: 0x8f1ca601, L:/127.0.0.1:62409 - R:localhost/127.0.0.1:62402]
23:11:57.934 [AsyncHttpClient-1-12] DEBUG org.asynchttpclient.netty.channel.NettyConnectListener - Using new Channel '[id: 0xd7e652ab, L:/127.0.0.1:62410 - R:localhost/127.0.0.1:62402]' for 'GET' to '/devtools/browser/6a80a729-e6f3-4c90-b717-f4a7ebe4474a'
23:11:57.935 [AsyncHttpClient-1-12] DEBUG org.asynchttpclient.netty.handler.WebSocketHandler - 

Request DefaultFullHttpRequest(decodeResult: success, version: HTTP/1.1, content: EmptyByteBufBE)
GET /devtools/browser/6a80a729-e6f3-4c90-b717-f4a7ebe4474a HTTP/1.1
upgrade: websocket
connection: upgrade
sec-websocket-key: YPao6chTI2/5peKQPj18mw==
sec-websocket-version: 13
origin: http://localhost:62402
host: localhost:62402
accept: */*
user-agent: AHC/2.1

Response DefaultHttpResponse(decodeResult: success, version: HTTP/1.1)
HTTP/1.1 101 WebSocket Protocol Handshake
Upgrade: WebSocket
Connection: Upgrade
Sec-WebSocket-Accept: ZxjaZyjzKlA6j1UCirnsSzUHPjg=

23:11:57.941 [Forwarding get on session 71cf813f6f04898f6110a89d90b8d79f to remote] DEBUG org.asynchttpclient.netty.request.NettyRequestSender - Using pooled Channel '[id: 0xc9641c42, L:/127.0.0.1:62401 - R:localhost/127.0.0.1:58071]' for 'POST' to 'http://localhost:58071/session/71cf813f6f04898f6110a89d90b8d79f/url'
23:11:57.941 [Forwarding get on session 71cf813f6f04898f6110a89d90b8d79f to remote] DEBUG org.asynchttpclient.netty.request.NettyRequestSender - Using open Channel [id: 0xc9641c42, L:/127.0.0.1:62401 - R:localhost/127.0.0.1:58071] for POST '/session/71cf813f6f04898f6110a89d90b8d79f/url'
23:11:59.020 [AsyncHttpClient-1-1] DEBUG org.asynchttpclient.netty.channel.DefaultChannelPool - Entry count for : http://localhost:62402 : 1
23:12:00.120 [AsyncHttpClient-1-1] DEBUG org.asynchttpclient.netty.channel.DefaultChannelPool - Entry count for : http://localhost:62402 : 1
23:12:01.221 [AsyncHttpClient-1-1] DEBUG org.asynchttpclient.netty.channel.DefaultChannelPool - Entry count for : http://localhost:62402 : 1
23:12:02.329 [AsyncHttpClient-1-1] DEBUG org.asynchttpclient.netty.channel.DefaultChannelPool - Entry count for : http://localhost:62402 : 1
23:12:03.421 [AsyncHttpClient-1-1] DEBUG org.asynchttpclient.netty.channel.DefaultChannelPool - Entry count for : http://localhost:62402 : 1
23:12:04.527 [AsyncHttpClient-1-1] DEBUG org.asynchttpclient.netty.channel.DefaultChannelPool - Entry count for : http://localhost:62402 : 1
23:12:05.623 [AsyncHttpClient-1-1] DEBUG org.asynchttpclient.netty.channel.DefaultChannelPool - Entry count for : http://localhost:62402 : 1
23:12:06.721 [AsyncHttpClient-1-1] DEBUG org.asynchttpclient.netty.channel.DefaultChannelPool - Entry count for : http://localhost:62402 : 1
23:12:07.819 [AsyncHttpClient-1-1] DEBUG org.asynchttpclient.netty.channel.DefaultChannelPool - Entry count for : http://localhost:62402 : 1
23:12:08.924 [AsyncHttpClient-1-1] DEBUG org.asynchttpclient.netty.channel.DefaultChannelPool - Entry count for : http://localhost:62402 : 1
23:12:10.019 [AsyncHttpClient-1-1] DEBUG org.asynchttpclient.netty.channel.DefaultChannelPool - Entry count for : http://localhost:62402 : 1
23:12:11.131 [AsyncHttpClient-1-1] DEBUG org.asynchttpclient.netty.channel.DefaultChannelPool - Entry count for : http://localhost:62402 : 1
23:12:12.219 [AsyncHttpClient-1-1] DEBUG org.asynchttpclient.netty.channel.DefaultChannelPool - Entry count for : http://localhost:62402 : 1
23:12:13.323 [AsyncHttpClient-1-1] DEBUG org.asynchttpclient.netty.channel.DefaultChannelPool - Entry count for : http://localhost:62402 : 1
23:12:14.420 [AsyncHttpClient-1-1] DEBUG org.asynchttpclient.netty.channel.DefaultChannelPool - Entry count for : http://localhost:62402 : 1
23:12:15.519 [AsyncHttpClient-1-1] DEBUG org.asynchttpclient.netty.channel.DefaultChannelPool - Entry count for : http://localhost:62402 : 1
23:12:16.620 [AsyncHttpClient-1-1] DEBUG org.asynchttpclient.netty.channel.DefaultChannelPool - Entry count for : http://localhost:62402 : 1
23:12:17.725 [AsyncHttpClient-1-1] DEBUG org.asynchttpclient.netty.channel.DefaultChannelPool - Entry count for : http://localhost:62402 : 1
23:12:18.819 [AsyncHttpClient-1-1] DEBUG org.asynchttpclient.netty.channel.DefaultChannelPool - Entry count for : http://localhost:62402 : 1
23:12:19.924 [AsyncHttpClient-1-1] DEBUG org.asynchttpclient.netty.channel.DefaultChannelPool - Entry count for : http://localhost:62402 : 1
23:12:21.019 [AsyncHttpClient-1-1] DEBUG org.asynchttpclient.netty.channel.DefaultChannelPool - Entry count for : http://localhost:62402 : 1
23:12:22.120 [AsyncHttpClient-1-1] DEBUG org.asynchttpclient.netty.channel.DefaultChannelPool - Entry count for : http://localhost:62402 : 1
23:12:23.225 [AsyncHttpClient-1-1] DEBUG org.asynchttpclient.netty.channel.DefaultChannelPool - Entry count for : http://localhost:62402 : 1
23:12:24.324 [AsyncHttpClient-1-1] DEBUG org.asynchttpclient.netty.channel.DefaultChannelPool - Entry count for : http://localhost:62402 : 1
23:12:25.137 [AsyncHttpClient-1-10] DEBUG org.asynchttpclient.netty.handler.HttpHandler - 

Request DefaultHttpRequest(decodeResult: success, version: HTTP/1.1)
POST /session/71cf813f6f04898f6110a89d90b8d79f/url HTTP/1.1
User-Agent: selenium/4.1.2 (java windows)
Content-Length: 53
Content-Type: application/json; charset=utf-8
host: localhost:58071
accept: */*

Response DefaultHttpResponse(decodeResult: success, version: HTTP/1.1)
HTTP/1.1 200 OK
Content-Type: application/json; charset=utf-8
cache-control: no-cache
content-length: 14

23:12:25.137 [AsyncHttpClient-1-10] DEBUG org.asynchttpclient.netty.channel.ChannelManager - Adding key: http://localhost:58071 for channel [id: 0xc9641c42, L:/127.0.0.1:62401 - R:localhost/127.0.0.1:58071]
23:12:25.139 [Forwarding setTimeout on session 71cf813f6f04898f6110a89d90b8d79f to remote] DEBUG org.asynchttpclient.netty.request.NettyRequestSender - Using pooled Channel '[id: 0xc9641c42, L:/127.0.0.1:62401 - R:localhost/127.0.0.1:58071]' for 'POST' to 'http://localhost:58071/session/71cf813f6f04898f6110a89d90b8d79f/timeouts'
23:12:25.139 [Forwarding setTimeout on session 71cf813f6f04898f6110a89d90b8d79f to remote] DEBUG org.asynchttpclient.netty.request.NettyRequestSender - Using open Channel [id: 0xc9641c42, L:/127.0.0.1:62401 - R:localhost/127.0.0.1:58071] for POST '/session/71cf813f6f04898f6110a89d90b8d79f/timeouts'
23:12:25.140 [AsyncHttpClient-1-10] DEBUG org.asynchttpclient.netty.handler.HttpHandler - 

Request DefaultHttpRequest(decodeResult: success, version: HTTP/1.1)
POST /session/71cf813f6f04898f6110a89d90b8d79f/timeouts HTTP/1.1
User-Agent: selenium/4.1.2 (java windows)
Content-Length: 22
Content-Type: application/json; charset=utf-8
host: localhost:58071
accept: */*

Response DefaultHttpResponse(decodeResult: success, version: HTTP/1.1)
HTTP/1.1 200 OK
Content-Type: application/json; charset=utf-8
cache-control: no-cache
content-length: 14

23:12:25.140 [AsyncHttpClient-1-10] DEBUG org.asynchttpclient.netty.channel.ChannelManager - Adding key: http://localhost:58071 for channel [id: 0xc9641c42, L:/127.0.0.1:62401 - R:localhost/127.0.0.1:58071]
23:12:25.143 [Forwarding getCurrentUrl on session 71cf813f6f04898f6110a89d90b8d79f to remote] DEBUG org.asynchttpclient.netty.request.NettyRequestSender - Using pooled Channel '[id: 0xc9641c42, L:/127.0.0.1:62401 - R:localhost/127.0.0.1:58071]' for 'GET' to 'http://localhost:58071/session/71cf813f6f04898f6110a89d90b8d79f/url'
23:12:25.143 [Forwarding getCurrentUrl on session 71cf813f6f04898f6110a89d90b8d79f to remote] DEBUG org.asynchttpclient.netty.request.NettyRequestSender - Using open Channel [id: 0xc9641c42, L:/127.0.0.1:62401 - R:localhost/127.0.0.1:58071] for GET '/session/71cf813f6f04898f6110a89d90b8d79f/url'
23:12:25.147 [AsyncHttpClient-1-10] DEBUG org.asynchttpclient.netty.handler.HttpHandler - 

Request DefaultFullHttpRequest(decodeResult: success, version: HTTP/1.1, content: EmptyByteBufBE)
GET /session/71cf813f6f04898f6110a89d90b8d79f/url HTTP/1.1
User-Agent: selenium/4.1.2 (java windows)
Cache-Control: no-cache
Content-Type: application/json; charset=utf-8
host: localhost:58071
accept: */*

Response DefaultHttpResponse(decodeResult: success, version: HTTP/1.1)
HTTP/1.1 200 OK
Content-Type: application/json; charset=utf-8
cache-control: no-cache
content-length: 41

23:12:25.147 [AsyncHttpClient-1-10] DEBUG org.asynchttpclient.netty.channel.ChannelManager - Adding key: http://localhost:58071 for channel [id: 0xc9641c42, L:/127.0.0.1:62401 - R:localhost/127.0.0.1:58071]
  &amp#27;[32mGiven &amp#27;[0m&amp#27;[32mI am on the home page&amp#27;[0m     &amp#27;[90m# starter.stepdefinitions.BabyStep.iAmOnTheHomePage()&amp#27;[0m
23:12:25.153 [Forwarding screenshot on session 71cf813f6f04898f6110a89d90b8d79f to remote] DEBUG org.asynchttpclient.netty.request.NettyRequestSender - Using pooled Channel '[id: 0xc9641c42, L:/127.0.0.1:62401 - R:localhost/127.0.0.1:58071]' for 'GET' to 'http://localhost:58071/session/71cf813f6f04898f6110a89d90b8d79f/screenshot'
23:12:25.153 [Forwarding screenshot on session 71cf813f6f04898f6110a89d90b8d79f to remote] DEBUG org.asynchttpclient.netty.request.NettyRequestSender - Using open Channel [id: 0xc9641c42, L:/127.0.0.1:62401 - R:localhost/127.0.0.1:58071] for GET '/session/71cf813f6f04898f6110a89d90b8d79f/screenshot'
23:12:25.422 [AsyncHttpClient-1-1] DEBUG org.asynchttpclient.netty.channel.DefaultChannelPool - Entry count for : http://localhost:62402 : 1
23:12:25.468 [AsyncHttpClient-1-10] DEBUG org.asynchttpclient.netty.handler.HttpHandler - 

Request DefaultFullHttpRequest(decodeResult: success, version: HTTP/1.1, content: EmptyByteBufBE)
GET /session/71cf813f6f04898f6110a89d90b8d79f/screenshot HTTP/1.1
User-Agent: selenium/4.1.2 (java windows)
Cache-Control: no-cache
Content-Type: application/json; charset=utf-8
host: localhost:58071
accept: */*

Response DefaultHttpResponse(decodeResult: success, version: HTTP/1.1)
HTTP/1.1 200 OK
Content-Type: application/json; charset=utf-8
cache-control: no-cache
content-length: 1119968

23:12:25.472 [AsyncHttpClient-1-10] DEBUG org.asynchttpclient.netty.channel.ChannelManager - Adding key: http://localhost:58071 for channel [id: 0xc9641c42, L:/127.0.0.1:62401 - R:localhost/127.0.0.1:58071]
23:12:25.506 [main] DEBUG net.serenitybdd.core.photography.Darkroom - Send negative for processing for target\site\serenity\3d1b19ad31921c0beae4332facd941fcc81467ad5802877977ec6c100df601ce.png
23:12:25.514 [Forwarding findElement on session 71cf813f6f04898f6110a89d90b8d79f to remote] DEBUG org.asynchttpclient.netty.request.NettyRequestSender - Using pooled Channel '[id: 0xc9641c42, L:/127.0.0.1:62401 - R:localhost/127.0.0.1:58071]' for 'POST' to 'http://localhost:58071/session/71cf813f6f04898f6110a89d90b8d79f/element'
23:12:25.514 [Forwarding findElement on session 71cf813f6f04898f6110a89d90b8d79f to remote] DEBUG org.asynchttpclient.netty.request.NettyRequestSender - Using open Channel [id: 0xc9641c42, L:/127.0.0.1:62401 - R:localhost/127.0.0.1:58071] for POST '/session/71cf813f6f04898f6110a89d90b8d79f/element'
23:12:25.541 [AsyncHttpClient-1-10] DEBUG org.asynchttpclient.netty.handler.HttpHandler - 

Request DefaultHttpRequest(decodeResult: success, version: HTTP/1.1)
POST /session/71cf813f6f04898f6110a89d90b8d79f/element HTTP/1.1
User-Agent: selenium/4.1.2 (java windows)
Content-Length: 81
Content-Type: application/json; charset=utf-8
host: localhost:58071
accept: */*

Response DefaultHttpResponse(decodeResult: success, version: HTTP/1.1)
HTTP/1.1 200 OK
Content-Type: application/json; charset=utf-8
cache-control: no-cache
content-length: 88

23:12:25.541 [AsyncHttpClient-1-10] DEBUG org.asynchttpclient.netty.channel.ChannelManager - Adding key: http://localhost:58071 for channel [id: 0xc9641c42, L:/127.0.0.1:62401 - R:localhost/127.0.0.1:58071]
23:12:25.543 [Forwarding getElementTagName on session 71cf813f6f04898f6110a89d90b8d79f to remote] DEBUG org.asynchttpclient.netty.request.NettyRequestSender - Using pooled Channel '[id: 0xc9641c42, L:/127.0.0.1:62401 - R:localhost/127.0.0.1:58071]' for 'GET' to 'http://localhost:58071/session/71cf813f6f04898f6110a89d90b8d79f/element/83e008b2-3bc4-4b71-b1fc-442199d12807/name'
23:12:25.543 [Forwarding getElementTagName on session 71cf813f6f04898f6110a89d90b8d79f to remote] DEBUG org.asynchttpclient.netty.request.NettyRequestSender - Using open Channel [id: 0xc9641c42, L:/127.0.0.1:62401 - R:localhost/127.0.0.1:58071] for GET '/session/71cf813f6f04898f6110a89d90b8d79f/element/83e008b2-3bc4-4b71-b1fc-442199d12807/name'
23:12:25.547 [AsyncHttpClient-1-10] DEBUG org.asynchttpclient.netty.handler.HttpHandler - 

Request DefaultFullHttpRequest(decodeResult: success, version: HTTP/1.1, content: EmptyByteBufBE)
GET /session/71cf813f6f04898f6110a89d90b8d79f/element/83e008b2-3bc4-4b71-b1fc-442199d12807/name HTTP/1.1
User-Agent: selenium/4.1.2 (java windows)
Cache-Control: no-cache
Content-Type: application/json; charset=utf-8
host: localhost:58071
accept: */*

Response DefaultHttpResponse(decodeResult: success, version: HTTP/1.1)
HTTP/1.1 200 OK
Content-Type: application/json; charset=utf-8
cache-control: no-cache
content-length: 16

23:12:25.547 [AsyncHttpClient-1-10] DEBUG org.asynchttpclient.netty.channel.ChannelManager - Adding key: http://localhost:58071 for channel [id: 0xc9641c42, L:/127.0.0.1:62401 - R:localhost/127.0.0.1:58071]
23:12:25.548 [Forwarding getElementTagName on session 71cf813f6f04898f6110a89d90b8d79f to remote] DEBUG org.asynchttpclient.netty.request.NettyRequestSender - Using pooled Channel '[id: 0xc9641c42, L:/127.0.0.1:62401 - R:localhost/127.0.0.1:58071]' for 'GET' to 'http://localhost:58071/session/71cf813f6f04898f6110a89d90b8d79f/element/83e008b2-3bc4-4b71-b1fc-442199d12807/name'
23:12:25.548 [Forwarding getElementTagName on session 71cf813f6f04898f6110a89d90b8d79f to remote] DEBUG org.asynchttpclient.netty.request.NettyRequestSender - Using open Channel [id: 0xc9641c42, L:/127.0.0.1:62401 - R:localhost/127.0.0.1:58071] for GET '/session/71cf813f6f04898f6110a89d90b8d79f/element/83e008b2-3bc4-4b71-b1fc-442199d12807/name'
23:12:25.551 [AsyncHttpClient-1-10] DEBUG org.asynchttpclient.netty.handler.HttpHandler - 

Request DefaultFullHttpRequest(decodeResult: success, version: HTTP/1.1, content: EmptyByteBufBE)
GET /session/71cf813f6f04898f6110a89d90b8d79f/element/83e008b2-3bc4-4b71-b1fc-442199d12807/name HTTP/1.1
User-Agent: selenium/4.1.2 (java windows)
Cache-Control: no-cache
Content-Type: application/json; charset=utf-8
host: localhost:58071
accept: */*

Response DefaultHttpResponse(decodeResult: success, version: HTTP/1.1)
HTTP/1.1 200 OK
Content-Type: application/json; charset=utf-8
cache-control: no-cache
content-length: 16

23:12:25.551 [AsyncHttpClient-1-10] DEBUG org.asynchttpclient.netty.channel.ChannelManager - Adding key: http://localhost:58071 for channel [id: 0xc9641c42, L:/127.0.0.1:62401 - R:localhost/127.0.0.1:58071]
23:12:25.553 [Forwarding findElement on session 71cf813f6f04898f6110a89d90b8d79f to remote] DEBUG org.asynchttpclient.netty.request.NettyRequestSender - Using pooled Channel '[id: 0xc9641c42, L:/127.0.0.1:62401 - R:localhost/127.0.0.1:58071]' for 'POST' to 'http://localhost:58071/session/71cf813f6f04898f6110a89d90b8d79f/element'
23:12:25.553 [Forwarding findElement on session 71cf813f6f04898f6110a89d90b8d79f to remote] DEBUG org.asynchttpclient.netty.request.NettyRequestSender - Using open Channel [id: 0xc9641c42, L:/127.0.0.1:62401 - R:localhost/127.0.0.1:58071] for POST '/session/71cf813f6f04898f6110a89d90b8d79f/element'
23:12:25.559 [AsyncHttpClient-1-10] DEBUG org.asynchttpclient.netty.handler.HttpHandler - 

Request DefaultHttpRequest(decodeResult: success, version: HTTP/1.1)
POST /session/71cf813f6f04898f6110a89d90b8d79f/element HTTP/1.1
User-Agent: selenium/4.1.2 (java windows)
Content-Length: 81
Content-Type: application/json; charset=utf-8
host: localhost:58071
accept: */*

Response DefaultHttpResponse(decodeResult: success, version: HTTP/1.1)
HTTP/1.1 200 OK
Content-Type: application/json; charset=utf-8
cache-control: no-cache
content-length: 88

23:12:25.559 [AsyncHttpClient-1-10] DEBUG org.asynchttpclient.netty.channel.ChannelManager - Adding key: http://localhost:58071 for channel [id: 0xc9641c42, L:/127.0.0.1:62401 - R:localhost/127.0.0.1:58071]
23:12:25.560 [Forwarding clickElement on session 71cf813f6f04898f6110a89d90b8d79f to remote] DEBUG org.asynchttpclient.netty.request.NettyRequestSender - Using pooled Channel '[id: 0xc9641c42, L:/127.0.0.1:62401 - R:localhost/127.0.0.1:58071]' for 'POST' to 'http://localhost:58071/session/71cf813f6f04898f6110a89d90b8d79f/element/83e008b2-3bc4-4b71-b1fc-442199d12807/click'
23:12:25.560 [Forwarding clickElement on session 71cf813f6f04898f6110a89d90b8d79f to remote] DEBUG org.asynchttpclient.netty.request.NettyRequestSender - Using open Channel [id: 0xc9641c42, L:/127.0.0.1:62401 - R:localhost/127.0.0.1:58071] for POST '/session/71cf813f6f04898f6110a89d90b8d79f/element/83e008b2-3bc4-4b71-b1fc-442199d12807/click'
23:12:25.994 [AsyncHttpClient-1-10] DEBUG org.asynchttpclient.netty.handler.HttpHandler - 

Request DefaultHttpRequest(decodeResult: success, version: HTTP/1.1)
POST /session/71cf813f6f04898f6110a89d90b8d79f/element/83e008b2-3bc4-4b71-b1fc-442199d12807/click HTTP/1.1
User-Agent: selenium/4.1.2 (java windows)
Content-Length: 50
Content-Type: application/json; charset=utf-8
host: localhost:58071
accept: */*

Response DefaultHttpResponse(decodeResult: success, version: HTTP/1.1)
HTTP/1.1 200 OK
Content-Type: application/json; charset=utf-8
cache-control: no-cache
content-length: 14

23:12:25.995 [AsyncHttpClient-1-10] DEBUG org.asynchttpclient.netty.channel.ChannelManager - Adding key: http://localhost:58071 for channel [id: 0xc9641c42, L:/127.0.0.1:62401 - R:localhost/127.0.0.1:58071]
  &amp#27;[32mThen &amp#27;[0m&amp#27;[32mI click baby on the header&amp#27;[0m &amp#27;[90m# starter.stepdefinitions.BabyStep.iClickBabyOnTheHeader()&amp#27;[0m
23:12:26.018 [Forwarding screenshot on session 71cf813f6f04898f6110a89d90b8d79f to remote] DEBUG org.asynchttpclient.netty.request.NettyRequestSender - Using pooled Channel '[id: 0xc9641c42, L:/127.0.0.1:62401 - R:localhost/127.0.0.1:58071]' for 'GET' to 'http://localhost:58071/session/71cf813f6f04898f6110a89d90b8d79f/screenshot'
23:12:26.018 [Forwarding screenshot on session 71cf813f6f04898f6110a89d90b8d79f to remote] DEBUG org.asynchttpclient.netty.request.NettyRequestSender - Using open Channel [id: 0xc9641c42, L:/127.0.0.1:62401 - R:localhost/127.0.0.1:58071] for GET '/session/71cf813f6f04898f6110a89d90b8d79f/screenshot'
23:12:26.116 [AsyncHttpClient-1-10] DEBUG org.asynchttpclient.netty.handler.HttpHandler - 

Request DefaultFullHttpRequest(decodeResult: success, version: HTTP/1.1, content: EmptyByteBufBE)
GET /session/71cf813f6f04898f6110a89d90b8d79f/screenshot HTTP/1.1
User-Agent: selenium/4.1.2 (java windows)
Cache-Control: no-cache
Content-Type: application/json; charset=utf-8
host: localhost:58071
accept: */*

Response DefaultHttpResponse(decodeResult: success, version: HTTP/1.1)
HTTP/1.1 200 OK
Content-Type: application/json; charset=utf-8
cache-control: no-cache
content-length: 61816

23:12:26.117 [AsyncHttpClient-1-10] DEBUG org.asynchttpclient.netty.channel.ChannelManager - Adding key: http://localhost:58071 for channel [id: 0xc9641c42, L:/127.0.0.1:62401 - R:localhost/127.0.0.1:58071]
23:12:26.119 [main] DEBUG net.serenitybdd.core.photography.Darkroom - Send negative for processing for target\site\serenity\5b31d5e614668d2bcda9561786ada5ef763160918f6c9d1435da003ab94fed82.png
23:12:26.127 [Forwarding findElement on session 71cf813f6f04898f6110a89d90b8d79f to remote] DEBUG org.asynchttpclient.netty.request.NettyRequestSender - Using pooled Channel '[id: 0xc9641c42, L:/127.0.0.1:62401 - R:localhost/127.0.0.1:58071]' for 'POST' to 'http://localhost:58071/session/71cf813f6f04898f6110a89d90b8d79f/element'
23:12:26.127 [Forwarding findElement on session 71cf813f6f04898f6110a89d90b8d79f to remote] DEBUG org.asynchttpclient.netty.request.NettyRequestSender - Using open Channel [id: 0xc9641c42, L:/127.0.0.1:62401 - R:localhost/127.0.0.1:58071] for POST '/session/71cf813f6f04898f6110a89d90b8d79f/element'
23:12:26.140 [AsyncHttpClient-1-10] DEBUG org.asynchttpclient.netty.handler.HttpHandler - 

Request DefaultHttpRequest(decodeResult: success, version: HTTP/1.1)
POST /session/71cf813f6f04898f6110a89d90b8d79f/element HTTP/1.1
User-Agent: selenium/4.1.2 (java windows)
Content-Length: 105
Content-Type: application/json; charset=utf-8
host: localhost:58071
accept: */*

Response DefaultHttpResponse(decodeResult: success, version: HTTP/1.1)
HTTP/1.1 200 OK
Content-Type: application/json; charset=utf-8
cache-control: no-cache
content-length: 88

23:12:26.140 [AsyncHttpClient-1-10] DEBUG org.asynchttpclient.netty.channel.ChannelManager - Adding key: http://localhost:58071 for channel [id: 0xc9641c42, L:/127.0.0.1:62401 - R:localhost/127.0.0.1:58071]
23:12:26.142 [Forwarding getElementTagName on session 71cf813f6f04898f6110a89d90b8d79f to remote] DEBUG org.asynchttpclient.netty.request.NettyRequestSender - Using pooled Channel '[id: 0xc9641c42, L:/127.0.0.1:62401 - R:localhost/127.0.0.1:58071]' for 'GET' to 'http://localhost:58071/session/71cf813f6f04898f6110a89d90b8d79f/element/b6e11a8d-2e33-4223-925a-895c5d6ee504/name'
23:12:26.142 [Forwarding getElementTagName on session 71cf813f6f04898f6110a89d90b8d79f to remote] DEBUG org.asynchttpclient.netty.request.NettyRequestSender - Using open Channel [id: 0xc9641c42, L:/127.0.0.1:62401 - R:localhost/127.0.0.1:58071] for GET '/session/71cf813f6f04898f6110a89d90b8d79f/element/b6e11a8d-2e33-4223-925a-895c5d6ee504/name'
23:12:26.145 [AsyncHttpClient-1-10] DEBUG org.asynchttpclient.netty.handler.HttpHandler - 

Request DefaultFullHttpRequest(decodeResult: success, version: HTTP/1.1, content: EmptyByteBufBE)
GET /session/71cf813f6f04898f6110a89d90b8d79f/element/b6e11a8d-2e33-4223-925a-895c5d6ee504/name HTTP/1.1
User-Agent: selenium/4.1.2 (java windows)
Cache-Control: no-cache
Content-Type: application/json; charset=utf-8
host: localhost:58071
accept: */*

Response DefaultHttpResponse(decodeResult: success, version: HTTP/1.1)
HTTP/1.1 200 OK
Content-Type: application/json; charset=utf-8
cache-control: no-cache
content-length: 16

23:12:26.145 [AsyncHttpClient-1-10] DEBUG org.asynchttpclient.netty.channel.ChannelManager - Adding key: http://localhost:58071 for channel [id: 0xc9641c42, L:/127.0.0.1:62401 - R:localhost/127.0.0.1:58071]
23:12:26.147 [Forwarding getElementTagName on session 71cf813f6f04898f6110a89d90b8d79f to remote] DEBUG org.asynchttpclient.netty.request.NettyRequestSender - Using pooled Channel '[id: 0xc9641c42, L:/127.0.0.1:62401 - R:localhost/127.0.0.1:58071]' for 'GET' to 'http://localhost:58071/session/71cf813f6f04898f6110a89d90b8d79f/element/b6e11a8d-2e33-4223-925a-895c5d6ee504/name'
23:12:26.148 [Forwarding getElementTagName on session 71cf813f6f04898f6110a89d90b8d79f to remote] DEBUG org.asynchttpclient.netty.request.NettyRequestSender - Using open Channel [id: 0xc9641c42, L:/127.0.0.1:62401 - R:localhost/127.0.0.1:58071] for GET '/session/71cf813f6f04898f6110a89d90b8d79f/element/b6e11a8d-2e33-4223-925a-895c5d6ee504/name'
23:12:26.151 [AsyncHttpClient-1-10] DEBUG org.asynchttpclient.netty.handler.HttpHandler - 

Request DefaultFullHttpRequest(decodeResult: success, version: HTTP/1.1, content: EmptyByteBufBE)
GET /session/71cf813f6f04898f6110a89d90b8d79f/element/b6e11a8d-2e33-4223-925a-895c5d6ee504/name HTTP/1.1
User-Agent: selenium/4.1.2 (java windows)
Cache-Control: no-cache
Content-Type: application/json; charset=utf-8
host: localhost:58071
accept: */*

Response DefaultHttpResponse(decodeResult: success, version: HTTP/1.1)
HTTP/1.1 200 OK
Content-Type: application/json; charset=utf-8
cache-control: no-cache
content-length: 16

23:12:26.152 [AsyncHttpClient-1-10] DEBUG org.asynchttpclient.netty.channel.ChannelManager - Adding key: http://localhost:58071 for channel [id: 0xc9641c42, L:/127.0.0.1:62401 - R:localhost/127.0.0.1:58071]
23:12:26.153 [Forwarding findElement on session 71cf813f6f04898f6110a89d90b8d79f to remote] DEBUG org.asynchttpclient.netty.request.NettyRequestSender - Using pooled Channel '[id: 0xc9641c42, L:/127.0.0.1:62401 - R:localhost/127.0.0.1:58071]' for 'POST' to 'http://localhost:58071/session/71cf813f6f04898f6110a89d90b8d79f/element'
23:12:26.153 [Forwarding findElement on session 71cf813f6f04898f6110a89d90b8d79f to remote] DEBUG org.asynchttpclient.netty.request.NettyRequestSender - Using open Channel [id: 0xc9641c42, L:/127.0.0.1:62401 - R:localhost/127.0.0.1:58071] for POST '/session/71cf813f6f04898f6110a89d90b8d79f/element'
23:12:26.162 [AsyncHttpClient-1-10] DEBUG org.asynchttpclient.netty.handler.HttpHandler - 

Request DefaultHttpRequest(decodeResult: success, version: HTTP/1.1)
POST /session/71cf813f6f04898f6110a89d90b8d79f/element HTTP/1.1
User-Agent: selenium/4.1.2 (java windows)
Content-Length: 105
Content-Type: application/json; charset=utf-8
host: localhost:58071
accept: */*

Response DefaultHttpResponse(decodeResult: success, version: HTTP/1.1)
HTTP/1.1 200 OK
Content-Type: application/json; charset=utf-8
cache-control: no-cache
content-length: 88

23:12:26.162 [AsyncHttpClient-1-10] DEBUG org.asynchttpclient.netty.channel.ChannelManager - Adding key: http://localhost:58071 for channel [id: 0xc9641c42, L:/127.0.0.1:62401 - R:localhost/127.0.0.1:58071]
23:12:26.165 [Forwarding clickElement on session 71cf813f6f04898f6110a89d90b8d79f to remote] DEBUG org.asynchttpclient.netty.request.NettyRequestSender - Using pooled Channel '[id: 0xc9641c42, L:/127.0.0.1:62401 - R:localhost/127.0.0.1:58071]' for 'POST' to 'http://localhost:58071/session/71cf813f6f04898f6110a89d90b8d79f/element/b6e11a8d-2e33-4223-925a-895c5d6ee504/click'
23:12:26.165 [Forwarding clickElement on session 71cf813f6f04898f6110a89d90b8d79f to remote] DEBUG org.asynchttpclient.netty.request.NettyRequestSender - Using open Channel [id: 0xc9641c42, L:/127.0.0.1:62401 - R:localhost/127.0.0.1:58071] for POST '/session/71cf813f6f04898f6110a89d90b8d79f/element/b6e11a8d-2e33-4223-925a-895c5d6ee504/click'
23:12:26.345 [AsyncHttpClient-1-10] DEBUG org.asynchttpclient.netty.handler.HttpHandler - 

Request DefaultHttpRequest(decodeResult: success, version: HTTP/1.1)
POST /session/71cf813f6f04898f6110a89d90b8d79f/element/b6e11a8d-2e33-4223-925a-895c5d6ee504/click HTTP/1.1
User-Agent: selenium/4.1.2 (java windows)
Content-Length: 50
Content-Type: application/json; charset=utf-8
host: localhost:58071
accept: */*

Response DefaultHttpResponse(decodeResult: success, version: HTTP/1.1)
HTTP/1.1 200 OK
Content-Type: application/json; charset=utf-8
cache-control: no-cache
content-length: 14

23:12:26.345 [AsyncHttpClient-1-10] DEBUG org.asynchttpclient.netty.channel.ChannelManager - Adding key: http://localhost:58071 for channel [id: 0xc9641c42, L:/127.0.0.1:62401 - R:localhost/127.0.0.1:58071]
  &amp#27;[32mWhen &amp#27;[0m&amp#27;[32mI will go to legging&amp#27;[0m       &amp#27;[90m# starter.stepdefinitions.BabyStep.iWillGoToLegging()&amp#27;[0m
23:12:26.355 [Forwarding screenshot on session 71cf813f6f04898f6110a89d90b8d79f to remote] DEBUG org.asynchttpclient.netty.request.NettyRequestSender - Using pooled Channel '[id: 0xc9641c42, L:/127.0.0.1:62401 - R:localhost/127.0.0.1:58071]' for 'GET' to 'http://localhost:58071/session/71cf813f6f04898f6110a89d90b8d79f/screenshot'
23:12:26.355 [Forwarding screenshot on session 71cf813f6f04898f6110a89d90b8d79f to remote] DEBUG org.asynchttpclient.netty.request.NettyRequestSender - Using open Channel [id: 0xc9641c42, L:/127.0.0.1:62401 - R:localhost/127.0.0.1:58071] for GET '/session/71cf813f6f04898f6110a89d90b8d79f/screenshot'
23:12:26.485 [AsyncHttpClient-1-10] DEBUG org.asynchttpclient.netty.handler.HttpHandler - 

Request DefaultFullHttpRequest(decodeResult: success, version: HTTP/1.1, content: EmptyByteBufBE)
GET /session/71cf813f6f04898f6110a89d90b8d79f/screenshot HTTP/1.1
User-Agent: selenium/4.1.2 (java windows)
Cache-Control: no-cache
Content-Type: application/json; charset=utf-8
host: localhost:58071
accept: */*

Response DefaultHttpResponse(decodeResult: success, version: HTTP/1.1)
HTTP/1.1 200 OK
Content-Type: application/json; charset=utf-8
cache-control: no-cache
content-length: 88792

23:12:26.485 [AsyncHttpClient-1-10] DEBUG org.asynchttpclient.netty.channel.ChannelManager - Adding key: http://localhost:58071 for channel [id: 0xc9641c42, L:/127.0.0.1:62401 - R:localhost/127.0.0.1:58071]
23:12:26.489 [main] DEBUG net.serenitybdd.core.photography.Darkroom - Send negative for processing for target\site\serenity\b84e4172b442f5f68b6d8febe5ea22e3697da2326d4a5a619e8496671ba7d23c.png
23:12:26.489 [Darkroom Processing Line] DEBUG net.serenitybdd.core.photography.DarkroomProcessingLine - Processing screenshot image in /var/screenshots/screenshot-15240414365125413400
23:12:26.489 [Darkroom Processing Line] DEBUG net.serenitybdd.core.photography.DarkroomProcessingLine - Saving screenshot to target\site\serenity\b84e4172b442f5f68b6d8febe5ea22e3697da2326d4a5a619e8496671ba7d23c.png
23:12:26.490 [main] INFO  - 
  _____   ___   ___   _____     ___     _     ___   ___   ___   ___  
 |_   _| | __| / __| |_   _|   | _ \   /_\   / __| / __| | __| |   \ 
   | |   | _|  \__ \   | |     |  _/  / _ \  \__ \ \__ \ | _|  | |) |
   |_|   |___| |___/   |_|     |_|   /_/ \_\ |___/ |___/ |___| |___/ 

Menu Legging
----------------------------------------------------------------------
23:12:26.491 [AsyncHttpClient-1-12] DEBUG org.asynchttpclient.netty.handler.WebSocketHandler - Channel Closed: [id: 0xd7e652ab, L:/127.0.0.1:62410 ! R:localhost/127.0.0.1:62402] with attribute NettyResponseFuture{currentRetry=5,
	isDone=1,
	isCancelled=0,
	asyncHandler=org.asynchttpclient.ws.WebSocketUpgradeHandler@1ac3b9cc,
	nettyRequest=org.asynchttpclient.netty.request.NettyRequest@140f6b6d,
	future=java.util.concurrent.CompletableFuture@62c6c5d6[Completed normally],
	uri=ws://localhost:62402/devtools/browser/6a80a729-e6f3-4c90-b717-f4a7ebe4474a,
	keepAlive=true,
	redirectCount=0,
	timeoutsHolder=null,
	inAuth=0,
	touch=1680538317935}
23:12:26.491 [AsyncHttpClient-1-12] DEBUG org.asynchttpclient.netty.channel.ChannelManager - Closing Channel [id: 0xd7e652ab, L:/127.0.0.1:62410 ! R:localhost/127.0.0.1:62402] 
23:12:26.492 [Driver Command Executor] DEBUG org.asynchttpclient.netty.request.NettyRequestSender - Using pooled Channel '[id: 0xc9641c42, L:/127.0.0.1:62401 - R:localhost/127.0.0.1:58071]' for 'DELETE' to 'http://localhost:58071/session/71cf813f6f04898f6110a89d90b8d79f'
23:12:26.492 [Driver Command Executor] DEBUG org.asynchttpclient.netty.request.NettyRequestSender - Using open Channel [id: 0xc9641c42, L:/127.0.0.1:62401 - R:localhost/127.0.0.1:58071] for DELETE '/session/71cf813f6f04898f6110a89d90b8d79f'
23:12:26.520 [AsyncHttpClient-1-1] DEBUG org.asynchttpclient.netty.channel.DefaultChannelPool - Entry count for : http://localhost:62402 : 1
23:12:26.524 [AsyncHttpClient-1-11] DEBUG org.asynchttpclient.netty.handler.HttpHandler - Unexpected I/O exception on channel [id: 0x8f1ca601, L:/127.0.0.1:62409 - R:localhost/127.0.0.1:62402]
java.net.SocketException: Connection reset
	at java.base/sun.nio.ch.SocketChannelImpl.throwConnectionReset(SocketChannelImpl.java:345)
	at java.base/sun.nio.ch.SocketChannelImpl.read(SocketChannelImpl.java:376)
	at io.netty.buffer.PooledByteBuf.setBytes(PooledByteBuf.java:258)
	at io.netty.buffer.AbstractByteBuf.writeBytes(AbstractByteBuf.java:1132)
	at io.netty.channel.socket.nio.NioSocketChannel.doReadBytes(NioSocketChannel.java:350)
	at io.netty.channel.nio.AbstractNioByteChannel$NioByteUnsafe.read(AbstractNioByteChannel.java:151)
	at io.netty.channel.nio.NioEventLoop.processSelectedKey(NioEventLoop.java:722)
	at io.netty.channel.nio.NioEventLoop.processSelectedKeysOptimized(NioEventLoop.java:658)
	at io.netty.channel.nio.NioEventLoop.processSelectedKeys(NioEventLoop.java:584)
	at io.netty.channel.nio.NioEventLoop.run(NioEventLoop.java:496)
	at io.netty.util.concurrent.SingleThreadEventExecutor$4.run(SingleThreadEventExecutor.java:986)
	at io.netty.util.internal.ThreadExecutorMap$2.run(ThreadExecutorMap.java:74)
	at io.netty.util.concurrent.FastThreadLocalRunnable.run(FastThreadLocalRunnable.java:30)
	at java.base/java.lang.Thread.run(Thread.java:830)
23:12:26.524 [AsyncHttpClient-1-11] DEBUG org.asynchttpclient.netty.channel.ChannelManager - Closing Channel [id: 0x8f1ca601, L:/127.0.0.1:62409 - R:localhost/127.0.0.1:62402] 
23:12:26.525 [AsyncHttpClient-1-11] DEBUG org.asynchttpclient.netty.handler.HttpHandler - Channel Closed: [id: 0x8f1ca601, L:/127.0.0.1:62409 ! R:localhost/127.0.0.1:62402] with attribute DISCARD
23:12:26.541 [AsyncHttpClient-1-10] DEBUG org.asynchttpclient.netty.handler.HttpHandler - 

Request DefaultFullHttpRequest(decodeResult: success, version: HTTP/1.1, content: EmptyByteBufBE)
DELETE /session/71cf813f6f04898f6110a89d90b8d79f HTTP/1.1
User-Agent: selenium/4.1.2 (java windows)
Content-Type: application/json; charset=utf-8
host: localhost:58071
accept: */*

Response DefaultHttpResponse(decodeResult: success, version: HTTP/1.1)
HTTP/1.1 200 OK
Content-Type: application/json; charset=utf-8
cache-control: no-cache
content-length: 14

23:12:26.542 [AsyncHttpClient-1-10] DEBUG org.asynchttpclient.netty.channel.ChannelManager - Adding key: http://localhost:58071 for channel [id: 0xc9641c42, L:/127.0.0.1:62401 - R:localhost/127.0.0.1:58071]
23:12:26.613 [AsyncHttpClient-1-10] DEBUG org.asynchttpclient.netty.handler.HttpHandler - Channel Closed: [id: 0xc9641c42, L:/127.0.0.1:62401 ! R:localhost/127.0.0.1:58071] with attribute DISCARD
]]></system-out>
    <system-err><![CDATA[Starting Microsoft Edge WebDriver 111.0.1661.62 (0a8f453929e6410c973aa529a40485ce4e3e03db) on port 58071
To submit feedback, report a bug, or suggest new features, please visit https://github.com/MicrosoftEdge/EdgeWebDriver

Only local connections are allowed.
Please see https://aka.ms/WebDriverSecurity for suggestions on keeping Microsoft Edge WebDriver safe.

Microsoft Edge WebDriver was started successfully.
Apr 03, 2023 11:11:57 PM org.openqa.selenium.remote.ProtocolHandshake createSession
INFO: Detected dialect: W3C
Apr 03, 2023 11:11:57 PM org.openqa.selenium.devtools.CdpVersionFinder findNearestMatch
WARNING: Unable to find an exact match for CDP version 111, so returning the closest version found: a no-op implementation
Apr 03, 2023 11:11:57 PM org.openqa.selenium.devtools.CdpVersionFinder findNearestMatch
INFO: Unable to find CDP implementation matching 111.
Apr 03, 2023 11:11:57 PM org.openqa.selenium.chromium.ChromiumDriver lambda$new$3
WARNING: Unable to find version of CDP to use for . You may need to include a dependency on a specific version of the CDP using something similar to `org.seleniumhq.selenium:selenium-devtools-v86:4.1.2` where the version ("v86") matches the version of the chromium-based browser you're using and the version number of the artifact is the same as Selenium's.
]]></system-err>
  </testcase>
  <testcase name="Menu UT 1" classname="Baby" time="41.104">
    <system-out><![CDATA[
Scenario: Menu UT 1               &amp#27;[90m# src/test/resources/features/Baby.feature:51&amp#27;[0m
23:12:27.198 [main] INFO io.cucumber.core.plugin.SerenityReporter - Running feature from file:///C:/Users/alwi/IdeaProjects/uniqloweb/src/test/resources/features/Baby.feature
23:12:27.201 [main] INFO  - 
  _____   ___   ___   _____     ___   _____     _     ___   _____   ___   ___  
 |_   _| | __| / __| |_   _|   / __| |_   _|   /_\   | _ \ |_   _| | __| |   \ 
   | |   | _|  \__ \   | |     \__ \   | |    / _ \  |   /   | |   | _|  | |) |
   |_|   |___| |___/   |_|     |___/   |_|   /_/ \_\ |_|_\   |_|   |___| |___/ 

Menu UT 1(baby;menu-ut-1)
--------------------------------------------------------------------------------
23:12:27.328 [main] DEBUG io.github.bonigarcia.wdm.cache.ResolutionCache - Resolution edge=111 in cache (valid until 23:36:32 03/04/2023 WIB)
23:12:27.332 [main] DEBUG io.github.bonigarcia.wdm.cache.ResolutionCache - Resolution edge111=111.0.1661.62 in cache (valid until 12:22:00 04/04/2023 WIB)
23:12:27.334 [main] INFO io.github.bonigarcia.wdm.WebDriverManager - Using msedgedriver 111.0.1661.62 (resolved driver for Edge 111)
23:12:27.344 [main] DEBUG io.github.bonigarcia.wdm.WebDriverManager - Driver msedgedriver 111.0.1661.62 found in cache
23:12:27.345 [main] INFO io.github.bonigarcia.wdm.WebDriverManager - Exporting webdriver.edge.driver as C:\Users\alwi\.cache\selenium\msedgedriver\win64\111.0.1661.62\msedgedriver.exe
23:12:27.347 [main] DEBUG net.serenitybdd.core.webdriver.driverproviders.ProvideNewDriver - Instantiating driver
23:12:27.347 [main] DEBUG net.serenitybdd.core.webdriver.driverproviders.ProvideNewDriver - Driver capabilities: Capabilities {base.url: https://www.uniqlo.com, chrome.driver: src/test/resources/webdrive..., driver: edge, ms:edgeChromium: true, ms:edgeOptions: {}, wait.for.timeout: 6000}
23:12:27.619 [AsyncHttpClient-1-1] DEBUG org.asynchttpclient.netty.channel.DefaultChannelPool - Entry count for : http://localhost:58071 : 1
23:12:27.619 [AsyncHttpClient-1-1] DEBUG org.asynchttpclient.netty.channel.DefaultChannelPool - Entry count for : http://localhost:62402 : 1
23:12:27.619 [AsyncHttpClient-1-1] DEBUG org.asynchttpclient.netty.channel.DefaultChannelPool - Adding Candidate expired Channel [id: 0xc9641c42, L:/127.0.0.1:62401 ! R:localhost/127.0.0.1:58071] isIdleTimeoutExpired=false isRemotelyClosed=true isTtlExpired=false
23:12:27.619 [AsyncHttpClient-1-1] DEBUG org.asynchttpclient.netty.channel.DefaultChannelPool - Closing Idle Channel [id: 0xc9641c42, L:/127.0.0.1:62401 ! R:localhost/127.0.0.1:58071]
23:12:27.619 [AsyncHttpClient-1-1] DEBUG org.asynchttpclient.netty.channel.DefaultChannelPool - Adding Candidate expired Channel [id: 0x8f1ca601, L:/127.0.0.1:62409 ! R:localhost/127.0.0.1:62402] isIdleTimeoutExpired=false isRemotelyClosed=true isTtlExpired=false
23:12:27.619 [AsyncHttpClient-1-1] DEBUG org.asynchttpclient.netty.channel.DefaultChannelPool - Closing Idle Channel [id: 0x8f1ca601, L:/127.0.0.1:62409 ! R:localhost/127.0.0.1:62402]
23:12:27.619 [AsyncHttpClient-1-1] DEBUG org.asynchttpclient.netty.channel.DefaultChannelPool - Closed 2 connections out of 2 in 0 ms
23:12:27.881 [AsyncHttpClient-1-13] DEBUG org.asynchttpclient.netty.channel.NettyConnectListener - Using new Channel '[id: 0x4aaa9cf9, L:/127.0.0.1:62558 - R:localhost/127.0.0.1:56324]' for 'POST' to '/session'
23:12:28.482 [AsyncHttpClient-1-13] DEBUG org.asynchttpclient.netty.handler.HttpHandler - 

Request DefaultHttpRequest(decodeResult: success, version: HTTP/1.1)
POST /session HTTP/1.1
User-Agent: selenium/4.1.2 (java windows)
Content-Length: 627
Content-Type: application/json; charset=utf-8
host: localhost:56324
accept: */*

Response DefaultHttpResponse(decodeResult: success, version: HTTP/1.1)
HTTP/1.1 200 OK
Content-Type: application/json; charset=utf-8
cache-control: no-cache
content-length: 823

23:12:28.483 [AsyncHttpClient-1-13] DEBUG org.asynchttpclient.netty.channel.ChannelManager - Adding key: http://localhost:56324 for channel [id: 0x4aaa9cf9, L:/127.0.0.1:62558 - R:localhost/127.0.0.1:56324]
23:12:28.490 [AsyncHttpClient-1-14] DEBUG org.asynchttpclient.netty.channel.NettyConnectListener - Using new Channel '[id: 0xf89b2c20, L:/127.0.0.1:62565 - R:localhost/127.0.0.1:62559]' for 'GET' to '/json/version'
23:12:28.490 [AsyncHttpClient-1-14] DEBUG org.asynchttpclient.netty.handler.HttpHandler - 

Request DefaultFullHttpRequest(decodeResult: success, version: HTTP/1.1, content: EmptyByteBufBE)
GET /json/version HTTP/1.1
User-Agent: selenium/4.1.2 (java windows)
host: localhost:62559
accept: */*

Response DefaultHttpResponse(decodeResult: success, version: HTTP/1.1)
HTTP/1.1 200 OK
Content-Security-Policy: frame-ancestors 'none'
Content-Type: application/json; charset=UTF-8
content-length: 436

23:12:28.490 [AsyncHttpClient-1-14] DEBUG org.asynchttpclient.netty.channel.ChannelManager - Adding key: http://localhost:62559 for channel [id: 0xf89b2c20, L:/127.0.0.1:62565 - R:localhost/127.0.0.1:62559]
23:12:28.492 [AsyncHttpClient-1-15] DEBUG org.asynchttpclient.netty.channel.NettyConnectListener - Using new Channel '[id: 0xb9def0d7, L:/127.0.0.1:62566 - R:localhost/127.0.0.1:62559]' for 'GET' to '/devtools/browser/e401e04b-03d6-4940-869d-122e5ab78e88'
23:12:28.493 [AsyncHttpClient-1-15] DEBUG org.asynchttpclient.netty.handler.WebSocketHandler - 

Request DefaultFullHttpRequest(decodeResult: success, version: HTTP/1.1, content: EmptyByteBufBE)
GET /devtools/browser/e401e04b-03d6-4940-869d-122e5ab78e88 HTTP/1.1
upgrade: websocket
connection: upgrade
sec-websocket-key: KpxlFs6J4mKU81hu7d2SmQ==
sec-websocket-version: 13
origin: http://localhost:62559
host: localhost:62559
accept: */*
user-agent: AHC/2.1

Response DefaultHttpResponse(decodeResult: success, version: HTTP/1.1)
HTTP/1.1 101 WebSocket Protocol Handshake
Upgrade: WebSocket
Connection: Upgrade
Sec-WebSocket-Accept: 9Q4ZEAvtcWAQkvJAl8iL/oqOK70=

23:12:28.497 [Forwarding get on session e5b92782c1694d1a4cd0b06de631625d to remote] DEBUG org.asynchttpclient.netty.request.NettyRequestSender - Using pooled Channel '[id: 0x4aaa9cf9, L:/127.0.0.1:62558 - R:localhost/127.0.0.1:56324]' for 'POST' to 'http://localhost:56324/session/e5b92782c1694d1a4cd0b06de631625d/url'
23:12:28.497 [Forwarding get on session e5b92782c1694d1a4cd0b06de631625d to remote] DEBUG org.asynchttpclient.netty.request.NettyRequestSender - Using open Channel [id: 0x4aaa9cf9, L:/127.0.0.1:62558 - R:localhost/127.0.0.1:56324] for POST '/session/e5b92782c1694d1a4cd0b06de631625d/url'
23:12:28.721 [AsyncHttpClient-1-1] DEBUG org.asynchttpclient.netty.channel.DefaultChannelPool - Entry count for : http://localhost:62559 : 1
23:12:29.819 [AsyncHttpClient-1-1] DEBUG org.asynchttpclient.netty.channel.DefaultChannelPool - Entry count for : http://localhost:62559 : 1
23:12:30.919 [AsyncHttpClient-1-1] DEBUG org.asynchttpclient.netty.channel.DefaultChannelPool - Entry count for : http://localhost:62559 : 1
23:12:32.023 [AsyncHttpClient-1-1] DEBUG org.asynchttpclient.netty.channel.DefaultChannelPool - Entry count for : http://localhost:62559 : 1
23:12:33.119 [AsyncHttpClient-1-1] DEBUG org.asynchttpclient.netty.channel.DefaultChannelPool - Entry count for : http://localhost:62559 : 1
23:12:34.224 [AsyncHttpClient-1-1] DEBUG org.asynchttpclient.netty.channel.DefaultChannelPool - Entry count for : http://localhost:62559 : 1
23:12:35.328 [AsyncHttpClient-1-1] DEBUG org.asynchttpclient.netty.channel.DefaultChannelPool - Entry count for : http://localhost:62559 : 1
23:12:36.425 [AsyncHttpClient-1-1] DEBUG org.asynchttpclient.netty.channel.DefaultChannelPool - Entry count for : http://localhost:62559 : 1
23:12:37.519 [AsyncHttpClient-1-1] DEBUG org.asynchttpclient.netty.channel.DefaultChannelPool - Entry count for : http://localhost:62559 : 1
23:12:38.629 [AsyncHttpClient-1-1] DEBUG org.asynchttpclient.netty.channel.DefaultChannelPool - Entry count for : http://localhost:62559 : 1
23:12:39.723 [AsyncHttpClient-1-1] DEBUG org.asynchttpclient.netty.channel.DefaultChannelPool - Entry count for : http://localhost:62559 : 1
23:12:40.820 [AsyncHttpClient-1-1] DEBUG org.asynchttpclient.netty.channel.DefaultChannelPool - Entry count for : http://localhost:62559 : 1
23:12:41.921 [AsyncHttpClient-1-1] DEBUG org.asynchttpclient.netty.channel.DefaultChannelPool - Entry count for : http://localhost:62559 : 1
23:12:43.027 [AsyncHttpClient-1-1] DEBUG org.asynchttpclient.netty.channel.DefaultChannelPool - Entry count for : http://localhost:62559 : 1
23:12:44.119 [AsyncHttpClient-1-1] DEBUG org.asynchttpclient.netty.channel.DefaultChannelPool - Entry count for : http://localhost:62559 : 1
23:12:45.223 [AsyncHttpClient-1-1] DEBUG org.asynchttpclient.netty.channel.DefaultChannelPool - Entry count for : http://localhost:62559 : 1
23:12:46.328 [AsyncHttpClient-1-1] DEBUG org.asynchttpclient.netty.channel.DefaultChannelPool - Entry count for : http://localhost:62559 : 1
23:12:47.419 [AsyncHttpClient-1-1] DEBUG org.asynchttpclient.netty.channel.DefaultChannelPool - Entry count for : http://localhost:62559 : 1
23:12:48.525 [AsyncHttpClient-1-1] DEBUG org.asynchttpclient.netty.channel.DefaultChannelPool - Entry count for : http://localhost:62559 : 1
23:12:49.623 [AsyncHttpClient-1-1] DEBUG org.asynchttpclient.netty.channel.DefaultChannelPool - Entry count for : http://localhost:62559 : 1
23:12:50.719 [AsyncHttpClient-1-1] DEBUG org.asynchttpclient.netty.channel.DefaultChannelPool - Entry count for : http://localhost:62559 : 1
23:12:51.819 [AsyncHttpClient-1-1] DEBUG org.asynchttpclient.netty.channel.DefaultChannelPool - Entry count for : http://localhost:62559 : 1
23:12:52.919 [AsyncHttpClient-1-1] DEBUG org.asynchttpclient.netty.channel.DefaultChannelPool - Entry count for : http://localhost:62559 : 1
23:12:54.020 [AsyncHttpClient-1-1] DEBUG org.asynchttpclient.netty.channel.DefaultChannelPool - Entry count for : http://localhost:62559 : 1
23:12:55.121 [AsyncHttpClient-1-1] DEBUG org.asynchttpclient.netty.channel.DefaultChannelPool - Entry count for : http://localhost:62559 : 1
23:12:56.219 [AsyncHttpClient-1-1] DEBUG org.asynchttpclient.netty.channel.DefaultChannelPool - Entry count for : http://localhost:62559 : 1
23:12:57.319 [AsyncHttpClient-1-1] DEBUG org.asynchttpclient.netty.channel.DefaultChannelPool - Entry count for : http://localhost:62559 : 1
23:12:58.425 [AsyncHttpClient-1-1] DEBUG org.asynchttpclient.netty.channel.DefaultChannelPool - Entry count for : http://localhost:62559 : 1
23:12:59.519 [AsyncHttpClient-1-1] DEBUG org.asynchttpclient.netty.channel.DefaultChannelPool - Entry count for : http://localhost:62559 : 1
23:13:00.624 [AsyncHttpClient-1-1] DEBUG org.asynchttpclient.netty.channel.DefaultChannelPool - Entry count for : http://localhost:62559 : 1
23:13:01.721 [AsyncHttpClient-1-1] DEBUG org.asynchttpclient.netty.channel.DefaultChannelPool - Entry count for : http://localhost:62559 : 1
23:13:02.829 [AsyncHttpClient-1-1] DEBUG org.asynchttpclient.netty.channel.DefaultChannelPool - Entry count for : http://localhost:62559 : 1
23:13:03.919 [AsyncHttpClient-1-1] DEBUG org.asynchttpclient.netty.channel.DefaultChannelPool - Entry count for : http://localhost:62559 : 1
23:13:05.023 [AsyncHttpClient-1-1] DEBUG org.asynchttpclient.netty.channel.DefaultChannelPool - Entry count for : http://localhost:62559 : 1
23:13:06.120 [AsyncHttpClient-1-1] DEBUG org.asynchttpclient.netty.channel.DefaultChannelPool - Entry count for : http://localhost:62559 : 1
23:13:06.190 [AsyncHttpClient-1-13] DEBUG org.asynchttpclient.netty.handler.HttpHandler - 

Request DefaultHttpRequest(decodeResult: success, version: HTTP/1.1)
POST /session/e5b92782c1694d1a4cd0b06de631625d/url HTTP/1.1
User-Agent: selenium/4.1.2 (java windows)
Content-Length: 53
Content-Type: application/json; charset=utf-8
host: localhost:56324
accept: */*

Response DefaultHttpResponse(decodeResult: success, version: HTTP/1.1)
HTTP/1.1 200 OK
Content-Type: application/json; charset=utf-8
cache-control: no-cache
content-length: 14

23:13:06.191 [AsyncHttpClient-1-13] DEBUG org.asynchttpclient.netty.channel.ChannelManager - Adding key: http://localhost:56324 for channel [id: 0x4aaa9cf9, L:/127.0.0.1:62558 - R:localhost/127.0.0.1:56324]
23:13:06.192 [Forwarding setTimeout on session e5b92782c1694d1a4cd0b06de631625d to remote] DEBUG org.asynchttpclient.netty.request.NettyRequestSender - Using pooled Channel '[id: 0x4aaa9cf9, L:/127.0.0.1:62558 - R:localhost/127.0.0.1:56324]' for 'POST' to 'http://localhost:56324/session/e5b92782c1694d1a4cd0b06de631625d/timeouts'
23:13:06.192 [Forwarding setTimeout on session e5b92782c1694d1a4cd0b06de631625d to remote] DEBUG org.asynchttpclient.netty.request.NettyRequestSender - Using open Channel [id: 0x4aaa9cf9, L:/127.0.0.1:62558 - R:localhost/127.0.0.1:56324] for POST '/session/e5b92782c1694d1a4cd0b06de631625d/timeouts'
23:13:06.193 [AsyncHttpClient-1-13] DEBUG org.asynchttpclient.netty.handler.HttpHandler - 

Request DefaultHttpRequest(decodeResult: success, version: HTTP/1.1)
POST /session/e5b92782c1694d1a4cd0b06de631625d/timeouts HTTP/1.1
User-Agent: selenium/4.1.2 (java windows)
Content-Length: 22
Content-Type: application/json; charset=utf-8
host: localhost:56324
accept: */*

Response DefaultHttpResponse(decodeResult: success, version: HTTP/1.1)
HTTP/1.1 200 OK
Content-Type: application/json; charset=utf-8
cache-control: no-cache
content-length: 14

23:13:06.193 [AsyncHttpClient-1-13] DEBUG org.asynchttpclient.netty.channel.ChannelManager - Adding key: http://localhost:56324 for channel [id: 0x4aaa9cf9, L:/127.0.0.1:62558 - R:localhost/127.0.0.1:56324]
23:13:06.197 [Forwarding getCurrentUrl on session e5b92782c1694d1a4cd0b06de631625d to remote] DEBUG org.asynchttpclient.netty.request.NettyRequestSender - Using pooled Channel '[id: 0x4aaa9cf9, L:/127.0.0.1:62558 - R:localhost/127.0.0.1:56324]' for 'GET' to 'http://localhost:56324/session/e5b92782c1694d1a4cd0b06de631625d/url'
23:13:06.197 [Forwarding getCurrentUrl on session e5b92782c1694d1a4cd0b06de631625d to remote] DEBUG org.asynchttpclient.netty.request.NettyRequestSender - Using open Channel [id: 0x4aaa9cf9, L:/127.0.0.1:62558 - R:localhost/127.0.0.1:56324] for GET '/session/e5b92782c1694d1a4cd0b06de631625d/url'
23:13:06.200 [AsyncHttpClient-1-13] DEBUG org.asynchttpclient.netty.handler.HttpHandler - 

Request DefaultFullHttpRequest(decodeResult: success, version: HTTP/1.1, content: EmptyByteBufBE)
GET /session/e5b92782c1694d1a4cd0b06de631625d/url HTTP/1.1
User-Agent: selenium/4.1.2 (java windows)
Cache-Control: no-cache
Content-Type: application/json; charset=utf-8
host: localhost:56324
accept: */*

Response DefaultHttpResponse(decodeResult: success, version: HTTP/1.1)
HTTP/1.1 200 OK
Content-Type: application/json; charset=utf-8
cache-control: no-cache
content-length: 41

23:13:06.201 [AsyncHttpClient-1-13] DEBUG org.asynchttpclient.netty.channel.ChannelManager - Adding key: http://localhost:56324 for channel [id: 0x4aaa9cf9, L:/127.0.0.1:62558 - R:localhost/127.0.0.1:56324]
  &amp#27;[32mGiven &amp#27;[0m&amp#27;[32mI am on the home page&amp#27;[0m     &amp#27;[90m# starter.stepdefinitions.BabyStep.iAmOnTheHomePage()&amp#27;[0m
23:13:06.206 [Forwarding screenshot on session e5b92782c1694d1a4cd0b06de631625d to remote] DEBUG org.asynchttpclient.netty.request.NettyRequestSender - Using pooled Channel '[id: 0x4aaa9cf9, L:/127.0.0.1:62558 - R:localhost/127.0.0.1:56324]' for 'GET' to 'http://localhost:56324/session/e5b92782c1694d1a4cd0b06de631625d/screenshot'
23:13:06.206 [Forwarding screenshot on session e5b92782c1694d1a4cd0b06de631625d to remote] DEBUG org.asynchttpclient.netty.request.NettyRequestSender - Using open Channel [id: 0x4aaa9cf9, L:/127.0.0.1:62558 - R:localhost/127.0.0.1:56324] for GET '/session/e5b92782c1694d1a4cd0b06de631625d/screenshot'
23:13:06.527 [AsyncHttpClient-1-13] DEBUG org.asynchttpclient.netty.handler.HttpHandler - 

Request DefaultFullHttpRequest(decodeResult: success, version: HTTP/1.1, content: EmptyByteBufBE)
GET /session/e5b92782c1694d1a4cd0b06de631625d/screenshot HTTP/1.1
User-Agent: selenium/4.1.2 (java windows)
Cache-Control: no-cache
Content-Type: application/json; charset=utf-8
host: localhost:56324
accept: */*

Response DefaultHttpResponse(decodeResult: success, version: HTTP/1.1)
HTTP/1.1 200 OK
Content-Type: application/json; charset=utf-8
cache-control: no-cache
content-length: 1119968

23:13:06.530 [AsyncHttpClient-1-13] DEBUG org.asynchttpclient.netty.channel.ChannelManager - Adding key: http://localhost:56324 for channel [id: 0x4aaa9cf9, L:/127.0.0.1:62558 - R:localhost/127.0.0.1:56324]
23:13:06.560 [main] DEBUG net.serenitybdd.core.photography.Darkroom - Send negative for processing for target\site\serenity\3d1b19ad31921c0beae4332facd941fcc81467ad5802877977ec6c100df601ce.png
23:13:06.567 [Forwarding findElement on session e5b92782c1694d1a4cd0b06de631625d to remote] DEBUG org.asynchttpclient.netty.request.NettyRequestSender - Using pooled Channel '[id: 0x4aaa9cf9, L:/127.0.0.1:62558 - R:localhost/127.0.0.1:56324]' for 'POST' to 'http://localhost:56324/session/e5b92782c1694d1a4cd0b06de631625d/element'
23:13:06.567 [Forwarding findElement on session e5b92782c1694d1a4cd0b06de631625d to remote] DEBUG org.asynchttpclient.netty.request.NettyRequestSender - Using open Channel [id: 0x4aaa9cf9, L:/127.0.0.1:62558 - R:localhost/127.0.0.1:56324] for POST '/session/e5b92782c1694d1a4cd0b06de631625d/element'
23:13:06.579 [AsyncHttpClient-1-13] DEBUG org.asynchttpclient.netty.handler.HttpHandler - 

Request DefaultHttpRequest(decodeResult: success, version: HTTP/1.1)
POST /session/e5b92782c1694d1a4cd0b06de631625d/element HTTP/1.1
User-Agent: selenium/4.1.2 (java windows)
Content-Length: 81
Content-Type: application/json; charset=utf-8
host: localhost:56324
accept: */*

Response DefaultHttpResponse(decodeResult: success, version: HTTP/1.1)
HTTP/1.1 200 OK
Content-Type: application/json; charset=utf-8
cache-control: no-cache
content-length: 88

23:13:06.579 [AsyncHttpClient-1-13] DEBUG org.asynchttpclient.netty.channel.ChannelManager - Adding key: http://localhost:56324 for channel [id: 0x4aaa9cf9, L:/127.0.0.1:62558 - R:localhost/127.0.0.1:56324]
23:13:06.580 [Forwarding getElementTagName on session e5b92782c1694d1a4cd0b06de631625d to remote] DEBUG org.asynchttpclient.netty.request.NettyRequestSender - Using pooled Channel '[id: 0x4aaa9cf9, L:/127.0.0.1:62558 - R:localhost/127.0.0.1:56324]' for 'GET' to 'http://localhost:56324/session/e5b92782c1694d1a4cd0b06de631625d/element/6d798ffa-f9c3-44b0-9b89-e70bf7705471/name'
23:13:06.580 [Forwarding getElementTagName on session e5b92782c1694d1a4cd0b06de631625d to remote] DEBUG org.asynchttpclient.netty.request.NettyRequestSender - Using open Channel [id: 0x4aaa9cf9, L:/127.0.0.1:62558 - R:localhost/127.0.0.1:56324] for GET '/session/e5b92782c1694d1a4cd0b06de631625d/element/6d798ffa-f9c3-44b0-9b89-e70bf7705471/name'
23:13:06.585 [AsyncHttpClient-1-13] DEBUG org.asynchttpclient.netty.handler.HttpHandler - 

Request DefaultFullHttpRequest(decodeResult: success, version: HTTP/1.1, content: EmptyByteBufBE)
GET /session/e5b92782c1694d1a4cd0b06de631625d/element/6d798ffa-f9c3-44b0-9b89-e70bf7705471/name HTTP/1.1
User-Agent: selenium/4.1.2 (java windows)
Cache-Control: no-cache
Content-Type: application/json; charset=utf-8
host: localhost:56324
accept: */*

Response DefaultHttpResponse(decodeResult: success, version: HTTP/1.1)
HTTP/1.1 200 OK
Content-Type: application/json; charset=utf-8
cache-control: no-cache
content-length: 16

23:13:06.585 [AsyncHttpClient-1-13] DEBUG org.asynchttpclient.netty.channel.ChannelManager - Adding key: http://localhost:56324 for channel [id: 0x4aaa9cf9, L:/127.0.0.1:62558 - R:localhost/127.0.0.1:56324]
23:13:06.586 [Forwarding getElementTagName on session e5b92782c1694d1a4cd0b06de631625d to remote] DEBUG org.asynchttpclient.netty.request.NettyRequestSender - Using pooled Channel '[id: 0x4aaa9cf9, L:/127.0.0.1:62558 - R:localhost/127.0.0.1:56324]' for 'GET' to 'http://localhost:56324/session/e5b92782c1694d1a4cd0b06de631625d/element/6d798ffa-f9c3-44b0-9b89-e70bf7705471/name'
23:13:06.586 [Forwarding getElementTagName on session e5b92782c1694d1a4cd0b06de631625d to remote] DEBUG org.asynchttpclient.netty.request.NettyRequestSender - Using open Channel [id: 0x4aaa9cf9, L:/127.0.0.1:62558 - R:localhost/127.0.0.1:56324] for GET '/session/e5b92782c1694d1a4cd0b06de631625d/element/6d798ffa-f9c3-44b0-9b89-e70bf7705471/name'
23:13:06.590 [AsyncHttpClient-1-13] DEBUG org.asynchttpclient.netty.handler.HttpHandler - 

Request DefaultFullHttpRequest(decodeResult: success, version: HTTP/1.1, content: EmptyByteBufBE)
GET /session/e5b92782c1694d1a4cd0b06de631625d/element/6d798ffa-f9c3-44b0-9b89-e70bf7705471/name HTTP/1.1
User-Agent: selenium/4.1.2 (java windows)
Cache-Control: no-cache
Content-Type: application/json; charset=utf-8
host: localhost:56324
accept: */*

Response DefaultHttpResponse(decodeResult: success, version: HTTP/1.1)
HTTP/1.1 200 OK
Content-Type: application/json; charset=utf-8
cache-control: no-cache
content-length: 16

23:13:06.590 [AsyncHttpClient-1-13] DEBUG org.asynchttpclient.netty.channel.ChannelManager - Adding key: http://localhost:56324 for channel [id: 0x4aaa9cf9, L:/127.0.0.1:62558 - R:localhost/127.0.0.1:56324]
23:13:06.592 [Forwarding findElement on session e5b92782c1694d1a4cd0b06de631625d to remote] DEBUG org.asynchttpclient.netty.request.NettyRequestSender - Using pooled Channel '[id: 0x4aaa9cf9, L:/127.0.0.1:62558 - R:localhost/127.0.0.1:56324]' for 'POST' to 'http://localhost:56324/session/e5b92782c1694d1a4cd0b06de631625d/element'
23:13:06.592 [Forwarding findElement on session e5b92782c1694d1a4cd0b06de631625d to remote] DEBUG org.asynchttpclient.netty.request.NettyRequestSender - Using open Channel [id: 0x4aaa9cf9, L:/127.0.0.1:62558 - R:localhost/127.0.0.1:56324] for POST '/session/e5b92782c1694d1a4cd0b06de631625d/element'
23:13:06.598 [AsyncHttpClient-1-13] DEBUG org.asynchttpclient.netty.handler.HttpHandler - 

Request DefaultHttpRequest(decodeResult: success, version: HTTP/1.1)
POST /session/e5b92782c1694d1a4cd0b06de631625d/element HTTP/1.1
User-Agent: selenium/4.1.2 (java windows)
Content-Length: 81
Content-Type: application/json; charset=utf-8
host: localhost:56324
accept: */*

Response DefaultHttpResponse(decodeResult: success, version: HTTP/1.1)
HTTP/1.1 200 OK
Content-Type: application/json; charset=utf-8
cache-control: no-cache
content-length: 88

23:13:06.598 [AsyncHttpClient-1-13] DEBUG org.asynchttpclient.netty.channel.ChannelManager - Adding key: http://localhost:56324 for channel [id: 0x4aaa9cf9, L:/127.0.0.1:62558 - R:localhost/127.0.0.1:56324]
23:13:06.599 [Forwarding clickElement on session e5b92782c1694d1a4cd0b06de631625d to remote] DEBUG org.asynchttpclient.netty.request.NettyRequestSender - Using pooled Channel '[id: 0x4aaa9cf9, L:/127.0.0.1:62558 - R:localhost/127.0.0.1:56324]' for 'POST' to 'http://localhost:56324/session/e5b92782c1694d1a4cd0b06de631625d/element/6d798ffa-f9c3-44b0-9b89-e70bf7705471/click'
23:13:06.599 [Forwarding clickElement on session e5b92782c1694d1a4cd0b06de631625d to remote] DEBUG org.asynchttpclient.netty.request.NettyRequestSender - Using open Channel [id: 0x4aaa9cf9, L:/127.0.0.1:62558 - R:localhost/127.0.0.1:56324] for POST '/session/e5b92782c1694d1a4cd0b06de631625d/element/6d798ffa-f9c3-44b0-9b89-e70bf7705471/click'
23:13:07.029 [AsyncHttpClient-1-13] DEBUG org.asynchttpclient.netty.handler.HttpHandler - 

Request DefaultHttpRequest(decodeResult: success, version: HTTP/1.1)
POST /session/e5b92782c1694d1a4cd0b06de631625d/element/6d798ffa-f9c3-44b0-9b89-e70bf7705471/click HTTP/1.1
User-Agent: selenium/4.1.2 (java windows)
Content-Length: 50
Content-Type: application/json; charset=utf-8
host: localhost:56324
accept: */*

Response DefaultHttpResponse(decodeResult: success, version: HTTP/1.1)
HTTP/1.1 200 OK
Content-Type: application/json; charset=utf-8
cache-control: no-cache
content-length: 14

23:13:07.029 [AsyncHttpClient-1-13] DEBUG org.asynchttpclient.netty.channel.ChannelManager - Adding key: http://localhost:56324 for channel [id: 0x4aaa9cf9, L:/127.0.0.1:62558 - R:localhost/127.0.0.1:56324]
  &amp#27;[32mThen &amp#27;[0m&amp#27;[32mI click baby on the header&amp#27;[0m &amp#27;[90m# starter.stepdefinitions.BabyStep.iClickBabyOnTheHeader()&amp#27;[0m
23:13:07.040 [Forwarding screenshot on session e5b92782c1694d1a4cd0b06de631625d to remote] DEBUG org.asynchttpclient.netty.request.NettyRequestSender - Using pooled Channel '[id: 0x4aaa9cf9, L:/127.0.0.1:62558 - R:localhost/127.0.0.1:56324]' for 'GET' to 'http://localhost:56324/session/e5b92782c1694d1a4cd0b06de631625d/screenshot'
23:13:07.040 [Forwarding screenshot on session e5b92782c1694d1a4cd0b06de631625d to remote] DEBUG org.asynchttpclient.netty.request.NettyRequestSender - Using open Channel [id: 0x4aaa9cf9, L:/127.0.0.1:62558 - R:localhost/127.0.0.1:56324] for GET '/session/e5b92782c1694d1a4cd0b06de631625d/screenshot'
23:13:07.170 [AsyncHttpClient-1-13] DEBUG org.asynchttpclient.netty.handler.HttpHandler - 

Request DefaultFullHttpRequest(decodeResult: success, version: HTTP/1.1, content: EmptyByteBufBE)
GET /session/e5b92782c1694d1a4cd0b06de631625d/screenshot HTTP/1.1
User-Agent: selenium/4.1.2 (java windows)
Cache-Control: no-cache
Content-Type: application/json; charset=utf-8
host: localhost:56324
accept: */*

Response DefaultHttpResponse(decodeResult: success, version: HTTP/1.1)
HTTP/1.1 200 OK
Content-Type: application/json; charset=utf-8
cache-control: no-cache
content-length: 62152

23:13:07.170 [AsyncHttpClient-1-13] DEBUG org.asynchttpclient.netty.channel.ChannelManager - Adding key: http://localhost:56324 for channel [id: 0x4aaa9cf9, L:/127.0.0.1:62558 - R:localhost/127.0.0.1:56324]
23:13:07.173 [main] DEBUG net.serenitybdd.core.photography.Darkroom - Send negative for processing for target\site\serenity\e24dcf0e76a3b9a3003a120159a29047ac10468dedf9e088f387d3eda27f774d.png
23:13:07.173 [Darkroom Processing Line] DEBUG net.serenitybdd.core.photography.DarkroomProcessingLine - Processing screenshot image in /var/screenshots/screenshot-15175933706104615619
23:13:07.173 [Darkroom Processing Line] DEBUG net.serenitybdd.core.photography.DarkroomProcessingLine - Saving screenshot to target\site\serenity\e24dcf0e76a3b9a3003a120159a29047ac10468dedf9e088f387d3eda27f774d.png
23:13:07.181 [Forwarding findElement on session e5b92782c1694d1a4cd0b06de631625d to remote] DEBUG org.asynchttpclient.netty.request.NettyRequestSender - Using pooled Channel '[id: 0x4aaa9cf9, L:/127.0.0.1:62558 - R:localhost/127.0.0.1:56324]' for 'POST' to 'http://localhost:56324/session/e5b92782c1694d1a4cd0b06de631625d/element'
23:13:07.181 [Forwarding findElement on session e5b92782c1694d1a4cd0b06de631625d to remote] DEBUG org.asynchttpclient.netty.request.NettyRequestSender - Using open Channel [id: 0x4aaa9cf9, L:/127.0.0.1:62558 - R:localhost/127.0.0.1:56324] for POST '/session/e5b92782c1694d1a4cd0b06de631625d/element'
23:13:07.196 [AsyncHttpClient-1-13] DEBUG org.asynchttpclient.netty.handler.HttpHandler - 

Request DefaultHttpRequest(decodeResult: success, version: HTTP/1.1)
POST /session/e5b92782c1694d1a4cd0b06de631625d/element HTTP/1.1
User-Agent: selenium/4.1.2 (java windows)
Content-Length: 117
Content-Type: application/json; charset=utf-8
host: localhost:56324
accept: */*

Response DefaultHttpResponse(decodeResult: success, version: HTTP/1.1)
HTTP/1.1 200 OK
Content-Type: application/json; charset=utf-8
cache-control: no-cache
content-length: 88

23:13:07.196 [AsyncHttpClient-1-13] DEBUG org.asynchttpclient.netty.channel.ChannelManager - Adding key: http://localhost:56324 for channel [id: 0x4aaa9cf9, L:/127.0.0.1:62558 - R:localhost/127.0.0.1:56324]
23:13:07.198 [Forwarding getElementTagName on session e5b92782c1694d1a4cd0b06de631625d to remote] DEBUG org.asynchttpclient.netty.request.NettyRequestSender - Using pooled Channel '[id: 0x4aaa9cf9, L:/127.0.0.1:62558 - R:localhost/127.0.0.1:56324]' for 'GET' to 'http://localhost:56324/session/e5b92782c1694d1a4cd0b06de631625d/element/fce6220b-2955-40e1-9254-fcb104b1421f/name'
23:13:07.199 [Forwarding getElementTagName on session e5b92782c1694d1a4cd0b06de631625d to remote] DEBUG org.asynchttpclient.netty.request.NettyRequestSender - Using open Channel [id: 0x4aaa9cf9, L:/127.0.0.1:62558 - R:localhost/127.0.0.1:56324] for GET '/session/e5b92782c1694d1a4cd0b06de631625d/element/fce6220b-2955-40e1-9254-fcb104b1421f/name'
23:13:07.205 [AsyncHttpClient-1-13] DEBUG org.asynchttpclient.netty.handler.HttpHandler - 

Request DefaultFullHttpRequest(decodeResult: success, version: HTTP/1.1, content: EmptyByteBufBE)
GET /session/e5b92782c1694d1a4cd0b06de631625d/element/fce6220b-2955-40e1-9254-fcb104b1421f/name HTTP/1.1
User-Agent: selenium/4.1.2 (java windows)
Cache-Control: no-cache
Content-Type: application/json; charset=utf-8
host: localhost:56324
accept: */*

Response DefaultHttpResponse(decodeResult: success, version: HTTP/1.1)
HTTP/1.1 200 OK
Content-Type: application/json; charset=utf-8
cache-control: no-cache
content-length: 16

23:13:07.206 [AsyncHttpClient-1-13] DEBUG org.asynchttpclient.netty.channel.ChannelManager - Adding key: http://localhost:56324 for channel [id: 0x4aaa9cf9, L:/127.0.0.1:62558 - R:localhost/127.0.0.1:56324]
23:13:07.208 [Forwarding getElementTagName on session e5b92782c1694d1a4cd0b06de631625d to remote] DEBUG org.asynchttpclient.netty.request.NettyRequestSender - Using pooled Channel '[id: 0x4aaa9cf9, L:/127.0.0.1:62558 - R:localhost/127.0.0.1:56324]' for 'GET' to 'http://localhost:56324/session/e5b92782c1694d1a4cd0b06de631625d/element/fce6220b-2955-40e1-9254-fcb104b1421f/name'
23:13:07.208 [Forwarding getElementTagName on session e5b92782c1694d1a4cd0b06de631625d to remote] DEBUG org.asynchttpclient.netty.request.NettyRequestSender - Using open Channel [id: 0x4aaa9cf9, L:/127.0.0.1:62558 - R:localhost/127.0.0.1:56324] for GET '/session/e5b92782c1694d1a4cd0b06de631625d/element/fce6220b-2955-40e1-9254-fcb104b1421f/name'
23:13:07.219 [AsyncHttpClient-1-13] DEBUG org.asynchttpclient.netty.handler.HttpHandler - 

Request DefaultFullHttpRequest(decodeResult: success, version: HTTP/1.1, content: EmptyByteBufBE)
GET /session/e5b92782c1694d1a4cd0b06de631625d/element/fce6220b-2955-40e1-9254-fcb104b1421f/name HTTP/1.1
User-Agent: selenium/4.1.2 (java windows)
Cache-Control: no-cache
Content-Type: application/json; charset=utf-8
host: localhost:56324
accept: */*

Response DefaultHttpResponse(decodeResult: success, version: HTTP/1.1)
HTTP/1.1 200 OK
Content-Type: application/json; charset=utf-8
cache-control: no-cache
content-length: 16

23:13:07.219 [AsyncHttpClient-1-13] DEBUG org.asynchttpclient.netty.channel.ChannelManager - Adding key: http://localhost:56324 for channel [id: 0x4aaa9cf9, L:/127.0.0.1:62558 - R:localhost/127.0.0.1:56324]
23:13:07.221 [AsyncHttpClient-1-1] DEBUG org.asynchttpclient.netty.channel.DefaultChannelPool - Entry count for : http://localhost:56324 : 1
23:13:07.221 [AsyncHttpClient-1-1] DEBUG org.asynchttpclient.netty.channel.DefaultChannelPool - Entry count for : http://localhost:62559 : 1
23:13:07.223 [Forwarding findElement on session e5b92782c1694d1a4cd0b06de631625d to remote] DEBUG org.asynchttpclient.netty.request.NettyRequestSender - Using pooled Channel '[id: 0x4aaa9cf9, L:/127.0.0.1:62558 - R:localhost/127.0.0.1:56324]' for 'POST' to 'http://localhost:56324/session/e5b92782c1694d1a4cd0b06de631625d/element'
23:13:07.223 [Forwarding findElement on session e5b92782c1694d1a4cd0b06de631625d to remote] DEBUG org.asynchttpclient.netty.request.NettyRequestSender - Using open Channel [id: 0x4aaa9cf9, L:/127.0.0.1:62558 - R:localhost/127.0.0.1:56324] for POST '/session/e5b92782c1694d1a4cd0b06de631625d/element'
23:13:07.235 [AsyncHttpClient-1-13] DEBUG org.asynchttpclient.netty.handler.HttpHandler - 

Request DefaultHttpRequest(decodeResult: success, version: HTTP/1.1)
POST /session/e5b92782c1694d1a4cd0b06de631625d/element HTTP/1.1
User-Agent: selenium/4.1.2 (java windows)
Content-Length: 117
Content-Type: application/json; charset=utf-8
host: localhost:56324
accept: */*

Response DefaultHttpResponse(decodeResult: success, version: HTTP/1.1)
HTTP/1.1 200 OK
Content-Type: application/json; charset=utf-8
cache-control: no-cache
content-length: 88

23:13:07.235 [AsyncHttpClient-1-13] DEBUG org.asynchttpclient.netty.channel.ChannelManager - Adding key: http://localhost:56324 for channel [id: 0x4aaa9cf9, L:/127.0.0.1:62558 - R:localhost/127.0.0.1:56324]
23:13:07.237 [Forwarding clickElement on session e5b92782c1694d1a4cd0b06de631625d to remote] DEBUG org.asynchttpclient.netty.request.NettyRequestSender - Using pooled Channel '[id: 0x4aaa9cf9, L:/127.0.0.1:62558 - R:localhost/127.0.0.1:56324]' for 'POST' to 'http://localhost:56324/session/e5b92782c1694d1a4cd0b06de631625d/element/fce6220b-2955-40e1-9254-fcb104b1421f/click'
23:13:07.237 [Forwarding clickElement on session e5b92782c1694d1a4cd0b06de631625d to remote] DEBUG org.asynchttpclient.netty.request.NettyRequestSender - Using open Channel [id: 0x4aaa9cf9, L:/127.0.0.1:62558 - R:localhost/127.0.0.1:56324] for POST '/session/e5b92782c1694d1a4cd0b06de631625d/element/fce6220b-2955-40e1-9254-fcb104b1421f/click'
23:13:07.398 [AsyncHttpClient-1-13] DEBUG org.asynchttpclient.netty.handler.HttpHandler - 

Request DefaultHttpRequest(decodeResult: success, version: HTTP/1.1)
POST /session/e5b92782c1694d1a4cd0b06de631625d/element/fce6220b-2955-40e1-9254-fcb104b1421f/click HTTP/1.1
User-Agent: selenium/4.1.2 (java windows)
Content-Length: 50
Content-Type: application/json; charset=utf-8
host: localhost:56324
accept: */*

Response DefaultHttpResponse(decodeResult: success, version: HTTP/1.1)
HTTP/1.1 200 OK
Content-Type: application/json; charset=utf-8
cache-control: no-cache
content-length: 14

23:13:07.398 [AsyncHttpClient-1-13] DEBUG org.asynchttpclient.netty.channel.ChannelManager - Adding key: http://localhost:56324 for channel [id: 0x4aaa9cf9, L:/127.0.0.1:62558 - R:localhost/127.0.0.1:56324]
  &amp#27;[32mWhen &amp#27;[0m&amp#27;[32mI will go to ut &amp#27;[0m&amp#27;[32m&amp#27;[1m1&amp#27;[0m          &amp#27;[90m# starter.stepdefinitions.BabyStep.iWillGoToUt(int)&amp#27;[0m
23:13:07.407 [Forwarding screenshot on session e5b92782c1694d1a4cd0b06de631625d to remote] DEBUG org.asynchttpclient.netty.request.NettyRequestSender - Using pooled Channel '[id: 0x4aaa9cf9, L:/127.0.0.1:62558 - R:localhost/127.0.0.1:56324]' for 'GET' to 'http://localhost:56324/session/e5b92782c1694d1a4cd0b06de631625d/screenshot'
23:13:07.407 [Forwarding screenshot on session e5b92782c1694d1a4cd0b06de631625d to remote] DEBUG org.asynchttpclient.netty.request.NettyRequestSender - Using open Channel [id: 0x4aaa9cf9, L:/127.0.0.1:62558 - R:localhost/127.0.0.1:56324] for GET '/session/e5b92782c1694d1a4cd0b06de631625d/screenshot'
23:13:07.533 [AsyncHttpClient-1-13] DEBUG org.asynchttpclient.netty.handler.HttpHandler - 

Request DefaultFullHttpRequest(decodeResult: success, version: HTTP/1.1, content: EmptyByteBufBE)
GET /session/e5b92782c1694d1a4cd0b06de631625d/screenshot HTTP/1.1
User-Agent: selenium/4.1.2 (java windows)
Cache-Control: no-cache
Content-Type: application/json; charset=utf-8
host: localhost:56324
accept: */*

Response DefaultHttpResponse(decodeResult: success, version: HTTP/1.1)
HTTP/1.1 200 OK
Content-Type: application/json; charset=utf-8
cache-control: no-cache
content-length: 89764

23:13:07.534 [AsyncHttpClient-1-13] DEBUG org.asynchttpclient.netty.channel.ChannelManager - Adding key: http://localhost:56324 for channel [id: 0x4aaa9cf9, L:/127.0.0.1:62558 - R:localhost/127.0.0.1:56324]
23:13:07.537 [main] DEBUG net.serenitybdd.core.photography.Darkroom - Send negative for processing for target\site\serenity\c3e31560708a246db25b72c9db8c52ca57e2bb309789a1b8c3248faf82f24320.png
23:13:07.537 [Darkroom Processing Line] DEBUG net.serenitybdd.core.photography.DarkroomProcessingLine - Processing screenshot image in /var/screenshots/screenshot-15470663985586131063
23:13:07.537 [Darkroom Processing Line] DEBUG net.serenitybdd.core.photography.DarkroomProcessingLine - Saving screenshot to target\site\serenity\c3e31560708a246db25b72c9db8c52ca57e2bb309789a1b8c3248faf82f24320.png
23:13:07.549 [main] INFO  - 
  _____   ___   ___   _____     ___     _     ___   ___   ___   ___  
 |_   _| | __| / __| |_   _|   | _ \   /_\   / __| / __| | __| |   \ 
   | |   | _|  \__ \   | |     |  _/  / _ \  \__ \ \__ \ | _|  | |) |
   |_|   |___| |___/   |_|     |_|   /_/ \_\ |___/ |___/ |___| |___/ 

Menu UT 1
----------------------------------------------------------------------
23:13:07.550 [AsyncHttpClient-1-15] DEBUG org.asynchttpclient.netty.handler.WebSocketHandler - Channel Closed: [id: 0xb9def0d7, L:/127.0.0.1:62566 ! R:localhost/127.0.0.1:62559] with attribute NettyResponseFuture{currentRetry=5,
	isDone=1,
	isCancelled=0,
	asyncHandler=org.asynchttpclient.ws.WebSocketUpgradeHandler@1f404c87,
	nettyRequest=org.asynchttpclient.netty.request.NettyRequest@f944013,
	future=java.util.concurrent.CompletableFuture@67deab2d[Completed normally],
	uri=ws://localhost:62559/devtools/browser/e401e04b-03d6-4940-869d-122e5ab78e88,
	keepAlive=true,
	redirectCount=0,
	timeoutsHolder=null,
	inAuth=0,
	touch=1680538348493}
23:13:07.550 [AsyncHttpClient-1-15] DEBUG org.asynchttpclient.netty.channel.ChannelManager - Closing Channel [id: 0xb9def0d7, L:/127.0.0.1:62566 ! R:localhost/127.0.0.1:62559] 
23:13:07.550 [Driver Command Executor] DEBUG org.asynchttpclient.netty.request.NettyRequestSender - Using pooled Channel '[id: 0x4aaa9cf9, L:/127.0.0.1:62558 - R:localhost/127.0.0.1:56324]' for 'DELETE' to 'http://localhost:56324/session/e5b92782c1694d1a4cd0b06de631625d'
23:13:07.550 [Driver Command Executor] DEBUG org.asynchttpclient.netty.request.NettyRequestSender - Using open Channel [id: 0x4aaa9cf9, L:/127.0.0.1:62558 - R:localhost/127.0.0.1:56324] for DELETE '/session/e5b92782c1694d1a4cd0b06de631625d'
23:13:07.575 [AsyncHttpClient-1-14] DEBUG org.asynchttpclient.netty.handler.HttpHandler - Unexpected I/O exception on channel [id: 0xf89b2c20, L:/127.0.0.1:62565 - R:localhost/127.0.0.1:62559]
java.net.SocketException: Connection reset
	at java.base/sun.nio.ch.SocketChannelImpl.throwConnectionReset(SocketChannelImpl.java:345)
	at java.base/sun.nio.ch.SocketChannelImpl.read(SocketChannelImpl.java:376)
	at io.netty.buffer.PooledByteBuf.setBytes(PooledByteBuf.java:258)
	at io.netty.buffer.AbstractByteBuf.writeBytes(AbstractByteBuf.java:1132)
	at io.netty.channel.socket.nio.NioSocketChannel.doReadBytes(NioSocketChannel.java:350)
	at io.netty.channel.nio.AbstractNioByteChannel$NioByteUnsafe.read(AbstractNioByteChannel.java:151)
	at io.netty.channel.nio.NioEventLoop.processSelectedKey(NioEventLoop.java:722)
	at io.netty.channel.nio.NioEventLoop.processSelectedKeysOptimized(NioEventLoop.java:658)
	at io.netty.channel.nio.NioEventLoop.processSelectedKeys(NioEventLoop.java:584)
	at io.netty.channel.nio.NioEventLoop.run(NioEventLoop.java:496)
	at io.netty.util.concurrent.SingleThreadEventExecutor$4.run(SingleThreadEventExecutor.java:986)
	at io.netty.util.internal.ThreadExecutorMap$2.run(ThreadExecutorMap.java:74)
	at io.netty.util.concurrent.FastThreadLocalRunnable.run(FastThreadLocalRunnable.java:30)
	at java.base/java.lang.Thread.run(Thread.java:830)
23:13:07.575 [AsyncHttpClient-1-14] DEBUG org.asynchttpclient.netty.channel.ChannelManager - Closing Channel [id: 0xf89b2c20, L:/127.0.0.1:62565 - R:localhost/127.0.0.1:62559] 
23:13:07.576 [AsyncHttpClient-1-14] DEBUG org.asynchttpclient.netty.handler.HttpHandler - Channel Closed: [id: 0xf89b2c20, L:/127.0.0.1:62565 ! R:localhost/127.0.0.1:62559] with attribute DISCARD
23:13:07.607 [AsyncHttpClient-1-13] DEBUG org.asynchttpclient.netty.handler.HttpHandler - 

Request DefaultFullHttpRequest(decodeResult: success, version: HTTP/1.1, content: EmptyByteBufBE)
DELETE /session/e5b92782c1694d1a4cd0b06de631625d HTTP/1.1
User-Agent: selenium/4.1.2 (java windows)
Content-Type: application/json; charset=utf-8
host: localhost:56324
accept: */*

Response DefaultHttpResponse(decodeResult: success, version: HTTP/1.1)
HTTP/1.1 200 OK
Content-Type: application/json; charset=utf-8
cache-control: no-cache
content-length: 14

23:13:07.607 [AsyncHttpClient-1-13] DEBUG org.asynchttpclient.netty.channel.ChannelManager - Adding key: http://localhost:56324 for channel [id: 0x4aaa9cf9, L:/127.0.0.1:62558 - R:localhost/127.0.0.1:56324]
23:13:07.709 [AsyncHttpClient-1-13] DEBUG org.asynchttpclient.netty.handler.HttpHandler - Channel Closed: [id: 0x4aaa9cf9, L:/127.0.0.1:62558 ! R:localhost/127.0.0.1:56324] with attribute DISCARD
]]></system-out>
    <system-err><![CDATA[Starting Microsoft Edge WebDriver 111.0.1661.62 (0a8f453929e6410c973aa529a40485ce4e3e03db) on port 56324
To submit feedback, report a bug, or suggest new features, please visit https://github.com/MicrosoftEdge/EdgeWebDriver

Only local connections are allowed.
Please see https://aka.ms/WebDriverSecurity for suggestions on keeping Microsoft Edge WebDriver safe.

Microsoft Edge WebDriver was started successfully.
Apr 03, 2023 11:12:28 PM org.openqa.selenium.remote.ProtocolHandshake createSession
INFO: Detected dialect: W3C
Apr 03, 2023 11:12:28 PM org.openqa.selenium.devtools.CdpVersionFinder findNearestMatch
WARNING: Unable to find an exact match for CDP version 111, so returning the closest version found: a no-op implementation
Apr 03, 2023 11:12:28 PM org.openqa.selenium.devtools.CdpVersionFinder findNearestMatch
INFO: Unable to find CDP implementation matching 111.
Apr 03, 2023 11:12:28 PM org.openqa.selenium.chromium.ChromiumDriver lambda$new$3
WARNING: Unable to find version of CDP to use for . You may need to include a dependency on a specific version of the CDP using something similar to `org.seleniumhq.selenium:selenium-devtools-v86:4.1.2` where the version ("v86") matches the version of the chromium-based browser you're using and the version number of the artifact is the same as Selenium's.
]]></system-err>
  </testcase>
  <testcase name="Menu Gaun 1" classname="Baby" time="9.646">
    <system-out><![CDATA[
Scenario: Menu Gaun 1             &amp#27;[90m# src/test/resources/features/Baby.feature:56&amp#27;[0m
23:13:08.301 [main] INFO io.cucumber.core.plugin.SerenityReporter - Running feature from file:///C:/Users/alwi/IdeaProjects/uniqloweb/src/test/resources/features/Baby.feature
23:13:08.303 [main] INFO  - 
  _____   ___   ___   _____     ___   _____     _     ___   _____   ___   ___  
 |_   _| | __| / __| |_   _|   / __| |_   _|   /_\   | _ \ |_   _| | __| |   \ 
   | |   | _|  \__ \   | |     \__ \   | |    / _ \  |   /   | |   | _|  | |) |
   |_|   |___| |___/   |_|     |___/   |_|   /_/ \_\ |_|_\   |_|   |___| |___/ 

Menu Gaun 1(baby;menu-gaun-1)
--------------------------------------------------------------------------------
23:13:08.326 [AsyncHttpClient-1-1] DEBUG org.asynchttpclient.netty.channel.DefaultChannelPool - Entry count for : http://localhost:56324 : 1
23:13:08.326 [AsyncHttpClient-1-1] DEBUG org.asynchttpclient.netty.channel.DefaultChannelPool - Entry count for : http://localhost:62559 : 1
23:13:08.326 [AsyncHttpClient-1-1] DEBUG org.asynchttpclient.netty.channel.DefaultChannelPool - Adding Candidate expired Channel [id: 0x4aaa9cf9, L:/127.0.0.1:62558 ! R:localhost/127.0.0.1:56324] isIdleTimeoutExpired=false isRemotelyClosed=true isTtlExpired=false
23:13:08.326 [AsyncHttpClient-1-1] DEBUG org.asynchttpclient.netty.channel.DefaultChannelPool - Closing Idle Channel [id: 0x4aaa9cf9, L:/127.0.0.1:62558 ! R:localhost/127.0.0.1:56324]
23:13:08.326 [AsyncHttpClient-1-1] DEBUG org.asynchttpclient.netty.channel.DefaultChannelPool - Adding Candidate expired Channel [id: 0xf89b2c20, L:/127.0.0.1:62565 ! R:localhost/127.0.0.1:62559] isIdleTimeoutExpired=false isRemotelyClosed=true isTtlExpired=false
23:13:08.326 [AsyncHttpClient-1-1] DEBUG org.asynchttpclient.netty.channel.DefaultChannelPool - Closing Idle Channel [id: 0xf89b2c20, L:/127.0.0.1:62565 ! R:localhost/127.0.0.1:62559]
23:13:08.326 [AsyncHttpClient-1-1] DEBUG org.asynchttpclient.netty.channel.DefaultChannelPool - Closed 2 connections out of 2 in 0 ms
23:13:08.414 [main] DEBUG io.github.bonigarcia.wdm.cache.ResolutionCache - Resolution edge=111 in cache (valid until 23:36:32 03/04/2023 WIB)
23:13:08.418 [main] DEBUG io.github.bonigarcia.wdm.cache.ResolutionCache - Resolution edge111=111.0.1661.62 in cache (valid until 12:22:00 04/04/2023 WIB)
23:13:08.420 [main] INFO io.github.bonigarcia.wdm.WebDriverManager - Using msedgedriver 111.0.1661.62 (resolved driver for Edge 111)
23:13:08.431 [main] DEBUG io.github.bonigarcia.wdm.WebDriverManager - Driver msedgedriver 111.0.1661.62 found in cache
23:13:08.431 [main] INFO io.github.bonigarcia.wdm.WebDriverManager - Exporting webdriver.edge.driver as C:\Users\alwi\.cache\selenium\msedgedriver\win64\111.0.1661.62\msedgedriver.exe
23:13:08.433 [main] DEBUG net.serenitybdd.core.webdriver.driverproviders.ProvideNewDriver - Instantiating driver
23:13:08.433 [main] DEBUG net.serenitybdd.core.webdriver.driverproviders.ProvideNewDriver - Driver capabilities: Capabilities {base.url: https://www.uniqlo.com, chrome.driver: src/test/resources/webdrive..., driver: edge, ms:edgeChromium: true, ms:edgeOptions: {}, wait.for.timeout: 6000}
23:13:08.975 [AsyncHttpClient-1-16] DEBUG org.asynchttpclient.netty.channel.NettyConnectListener - Using new Channel '[id: 0x189da0d8, L:/127.0.0.1:62739 - R:localhost/127.0.0.1:61727]' for 'POST' to '/session'
23:13:09.540 [AsyncHttpClient-1-16] DEBUG org.asynchttpclient.netty.handler.HttpHandler - 

Request DefaultHttpRequest(decodeResult: success, version: HTTP/1.1)
POST /session HTTP/1.1
User-Agent: selenium/4.1.2 (java windows)
Content-Length: 627
Content-Type: application/json; charset=utf-8
host: localhost:61727
accept: */*

Response DefaultHttpResponse(decodeResult: success, version: HTTP/1.1)
HTTP/1.1 200 OK
Content-Type: application/json; charset=utf-8
cache-control: no-cache
content-length: 824

23:13:09.540 [AsyncHttpClient-1-16] DEBUG org.asynchttpclient.netty.channel.ChannelManager - Adding key: http://localhost:61727 for channel [id: 0x189da0d8, L:/127.0.0.1:62739 - R:localhost/127.0.0.1:61727]
23:13:09.545 [AsyncHttpClient-1-17] DEBUG org.asynchttpclient.netty.channel.NettyConnectListener - Using new Channel '[id: 0x25c28dc8, L:/127.0.0.1:62747 - R:localhost/127.0.0.1:62740]' for 'GET' to '/json/version'
23:13:09.546 [AsyncHttpClient-1-17] DEBUG org.asynchttpclient.netty.handler.HttpHandler - 

Request DefaultFullHttpRequest(decodeResult: success, version: HTTP/1.1, content: EmptyByteBufBE)
GET /json/version HTTP/1.1
User-Agent: selenium/4.1.2 (java windows)
host: localhost:62740
accept: */*

Response DefaultHttpResponse(decodeResult: success, version: HTTP/1.1)
HTTP/1.1 200 OK
Content-Security-Policy: frame-ancestors 'none'
Content-Type: application/json; charset=UTF-8
content-length: 436

23:13:09.546 [AsyncHttpClient-1-17] DEBUG org.asynchttpclient.netty.channel.ChannelManager - Adding key: http://localhost:62740 for channel [id: 0x25c28dc8, L:/127.0.0.1:62747 - R:localhost/127.0.0.1:62740]
23:13:09.549 [AsyncHttpClient-1-2] DEBUG org.asynchttpclient.netty.channel.NettyConnectListener - Using new Channel '[id: 0x02fbe5b0, L:/127.0.0.1:62748 - R:localhost/127.0.0.1:62740]' for 'GET' to '/devtools/browser/1740441c-4d7d-461b-9601-4a71b8836ab4'
23:13:09.550 [AsyncHttpClient-1-2] DEBUG org.asynchttpclient.netty.handler.WebSocketHandler - 

Request DefaultFullHttpRequest(decodeResult: success, version: HTTP/1.1, content: EmptyByteBufBE)
GET /devtools/browser/1740441c-4d7d-461b-9601-4a71b8836ab4 HTTP/1.1
upgrade: websocket
connection: upgrade
sec-websocket-key: Z/qCMkwOb0GbU40AWq4LNw==
sec-websocket-version: 13
origin: http://localhost:62740
host: localhost:62740
accept: */*
user-agent: AHC/2.1

Response DefaultHttpResponse(decodeResult: success, version: HTTP/1.1)
HTTP/1.1 101 WebSocket Protocol Handshake
Upgrade: WebSocket
Connection: Upgrade
Sec-WebSocket-Accept: RNTiNzIyy0PtfhBJabx9Jl0+RS8=

23:13:09.553 [Forwarding get on session 578d612dbd08d96e16990d9f9ebf3411 to remote] DEBUG org.asynchttpclient.netty.request.NettyRequestSender - Using pooled Channel '[id: 0x189da0d8, L:/127.0.0.1:62739 - R:localhost/127.0.0.1:61727]' for 'POST' to 'http://localhost:61727/session/578d612dbd08d96e16990d9f9ebf3411/url'
23:13:09.553 [Forwarding get on session 578d612dbd08d96e16990d9f9ebf3411 to remote] DEBUG org.asynchttpclient.netty.request.NettyRequestSender - Using open Channel [id: 0x189da0d8, L:/127.0.0.1:62739 - R:localhost/127.0.0.1:61727] for POST '/session/578d612dbd08d96e16990d9f9ebf3411/url'
23:13:10.526 [AsyncHttpClient-1-1] DEBUG org.asynchttpclient.netty.channel.DefaultChannelPool - Entry count for : http://localhost:62740 : 1
23:13:11.622 [AsyncHttpClient-1-1] DEBUG org.asynchttpclient.netty.channel.DefaultChannelPool - Entry count for : http://localhost:62740 : 1
23:13:12.719 [AsyncHttpClient-1-1] DEBUG org.asynchttpclient.netty.channel.DefaultChannelPool - Entry count for : http://localhost:62740 : 1
23:13:13.819 [AsyncHttpClient-1-1] DEBUG org.asynchttpclient.netty.channel.DefaultChannelPool - Entry count for : http://localhost:62740 : 1
23:13:14.919 [AsyncHttpClient-1-1] DEBUG org.asynchttpclient.netty.channel.DefaultChannelPool - Entry count for : http://localhost:62740 : 1
23:13:15.753 [AsyncHttpClient-1-16] DEBUG org.asynchttpclient.netty.handler.HttpHandler - 

Request DefaultHttpRequest(decodeResult: success, version: HTTP/1.1)
POST /session/578d612dbd08d96e16990d9f9ebf3411/url HTTP/1.1
User-Agent: selenium/4.1.2 (java windows)
Content-Length: 53
Content-Type: application/json; charset=utf-8
host: localhost:61727
accept: */*

Response DefaultHttpResponse(decodeResult: success, version: HTTP/1.1)
HTTP/1.1 200 OK
Content-Type: application/json; charset=utf-8
cache-control: no-cache
content-length: 14

23:13:15.753 [AsyncHttpClient-1-16] DEBUG org.asynchttpclient.netty.channel.ChannelManager - Adding key: http://localhost:61727 for channel [id: 0x189da0d8, L:/127.0.0.1:62739 - R:localhost/127.0.0.1:61727]
23:13:15.754 [Forwarding setTimeout on session 578d612dbd08d96e16990d9f9ebf3411 to remote] DEBUG org.asynchttpclient.netty.request.NettyRequestSender - Using pooled Channel '[id: 0x189da0d8, L:/127.0.0.1:62739 - R:localhost/127.0.0.1:61727]' for 'POST' to 'http://localhost:61727/session/578d612dbd08d96e16990d9f9ebf3411/timeouts'
23:13:15.754 [Forwarding setTimeout on session 578d612dbd08d96e16990d9f9ebf3411 to remote] DEBUG org.asynchttpclient.netty.request.NettyRequestSender - Using open Channel [id: 0x189da0d8, L:/127.0.0.1:62739 - R:localhost/127.0.0.1:61727] for POST '/session/578d612dbd08d96e16990d9f9ebf3411/timeouts'
23:13:15.755 [AsyncHttpClient-1-16] DEBUG org.asynchttpclient.netty.handler.HttpHandler - 

Request DefaultHttpRequest(decodeResult: success, version: HTTP/1.1)
POST /session/578d612dbd08d96e16990d9f9ebf3411/timeouts HTTP/1.1
User-Agent: selenium/4.1.2 (java windows)
Content-Length: 22
Content-Type: application/json; charset=utf-8
host: localhost:61727
accept: */*

Response DefaultHttpResponse(decodeResult: success, version: HTTP/1.1)
HTTP/1.1 200 OK
Content-Type: application/json; charset=utf-8
cache-control: no-cache
content-length: 14

23:13:15.755 [AsyncHttpClient-1-16] DEBUG org.asynchttpclient.netty.channel.ChannelManager - Adding key: http://localhost:61727 for channel [id: 0x189da0d8, L:/127.0.0.1:62739 - R:localhost/127.0.0.1:61727]
23:13:15.758 [Forwarding getCurrentUrl on session 578d612dbd08d96e16990d9f9ebf3411 to remote] DEBUG org.asynchttpclient.netty.request.NettyRequestSender - Using pooled Channel '[id: 0x189da0d8, L:/127.0.0.1:62739 - R:localhost/127.0.0.1:61727]' for 'GET' to 'http://localhost:61727/session/578d612dbd08d96e16990d9f9ebf3411/url'
23:13:15.758 [Forwarding getCurrentUrl on session 578d612dbd08d96e16990d9f9ebf3411 to remote] DEBUG org.asynchttpclient.netty.request.NettyRequestSender - Using open Channel [id: 0x189da0d8, L:/127.0.0.1:62739 - R:localhost/127.0.0.1:61727] for GET '/session/578d612dbd08d96e16990d9f9ebf3411/url'
23:13:15.765 [AsyncHttpClient-1-16] DEBUG org.asynchttpclient.netty.handler.HttpHandler - 

Request DefaultFullHttpRequest(decodeResult: success, version: HTTP/1.1, content: EmptyByteBufBE)
GET /session/578d612dbd08d96e16990d9f9ebf3411/url HTTP/1.1
User-Agent: selenium/4.1.2 (java windows)
Cache-Control: no-cache
Content-Type: application/json; charset=utf-8
host: localhost:61727
accept: */*

Response DefaultHttpResponse(decodeResult: success, version: HTTP/1.1)
HTTP/1.1 200 OK
Content-Type: application/json; charset=utf-8
cache-control: no-cache
content-length: 41

23:13:15.765 [AsyncHttpClient-1-16] DEBUG org.asynchttpclient.netty.channel.ChannelManager - Adding key: http://localhost:61727 for channel [id: 0x189da0d8, L:/127.0.0.1:62739 - R:localhost/127.0.0.1:61727]
  &amp#27;[32mGiven &amp#27;[0m&amp#27;[32mI am on the home page&amp#27;[0m     &amp#27;[90m# starter.stepdefinitions.BabyStep.iAmOnTheHomePage()&amp#27;[0m
23:13:15.770 [Forwarding screenshot on session 578d612dbd08d96e16990d9f9ebf3411 to remote] DEBUG org.asynchttpclient.netty.request.NettyRequestSender - Using pooled Channel '[id: 0x189da0d8, L:/127.0.0.1:62739 - R:localhost/127.0.0.1:61727]' for 'GET' to 'http://localhost:61727/session/578d612dbd08d96e16990d9f9ebf3411/screenshot'
23:13:15.770 [Forwarding screenshot on session 578d612dbd08d96e16990d9f9ebf3411 to remote] DEBUG org.asynchttpclient.netty.request.NettyRequestSender - Using open Channel [id: 0x189da0d8, L:/127.0.0.1:62739 - R:localhost/127.0.0.1:61727] for GET '/session/578d612dbd08d96e16990d9f9ebf3411/screenshot'
23:13:16.020 [AsyncHttpClient-1-1] DEBUG org.asynchttpclient.netty.channel.DefaultChannelPool - Entry count for : http://localhost:62740 : 1
23:13:16.096 [AsyncHttpClient-1-16] DEBUG org.asynchttpclient.netty.handler.HttpHandler - 

Request DefaultFullHttpRequest(decodeResult: success, version: HTTP/1.1, content: EmptyByteBufBE)
GET /session/578d612dbd08d96e16990d9f9ebf3411/screenshot HTTP/1.1
User-Agent: selenium/4.1.2 (java windows)
Cache-Control: no-cache
Content-Type: application/json; charset=utf-8
host: localhost:61727
accept: */*

Response DefaultHttpResponse(decodeResult: success, version: HTTP/1.1)
HTTP/1.1 200 OK
Content-Type: application/json; charset=utf-8
cache-control: no-cache
content-length: 1119968

23:13:16.099 [AsyncHttpClient-1-16] DEBUG org.asynchttpclient.netty.channel.ChannelManager - Adding key: http://localhost:61727 for channel [id: 0x189da0d8, L:/127.0.0.1:62739 - R:localhost/127.0.0.1:61727]
23:13:16.130 [main] DEBUG net.serenitybdd.core.photography.Darkroom - Send negative for processing for target\site\serenity\3d1b19ad31921c0beae4332facd941fcc81467ad5802877977ec6c100df601ce.png
23:13:16.141 [Forwarding findElement on session 578d612dbd08d96e16990d9f9ebf3411 to remote] DEBUG org.asynchttpclient.netty.request.NettyRequestSender - Using pooled Channel '[id: 0x189da0d8, L:/127.0.0.1:62739 - R:localhost/127.0.0.1:61727]' for 'POST' to 'http://localhost:61727/session/578d612dbd08d96e16990d9f9ebf3411/element'
23:13:16.141 [Forwarding findElement on session 578d612dbd08d96e16990d9f9ebf3411 to remote] DEBUG org.asynchttpclient.netty.request.NettyRequestSender - Using open Channel [id: 0x189da0d8, L:/127.0.0.1:62739 - R:localhost/127.0.0.1:61727] for POST '/session/578d612dbd08d96e16990d9f9ebf3411/element'
23:13:16.155 [AsyncHttpClient-1-16] DEBUG org.asynchttpclient.netty.handler.HttpHandler - 

Request DefaultHttpRequest(decodeResult: success, version: HTTP/1.1)
POST /session/578d612dbd08d96e16990d9f9ebf3411/element HTTP/1.1
User-Agent: selenium/4.1.2 (java windows)
Content-Length: 81
Content-Type: application/json; charset=utf-8
host: localhost:61727
accept: */*

Response DefaultHttpResponse(decodeResult: success, version: HTTP/1.1)
HTTP/1.1 200 OK
Content-Type: application/json; charset=utf-8
cache-control: no-cache
content-length: 88

23:13:16.155 [AsyncHttpClient-1-16] DEBUG org.asynchttpclient.netty.channel.ChannelManager - Adding key: http://localhost:61727 for channel [id: 0x189da0d8, L:/127.0.0.1:62739 - R:localhost/127.0.0.1:61727]
23:13:16.156 [Forwarding getElementTagName on session 578d612dbd08d96e16990d9f9ebf3411 to remote] DEBUG org.asynchttpclient.netty.request.NettyRequestSender - Using pooled Channel '[id: 0x189da0d8, L:/127.0.0.1:62739 - R:localhost/127.0.0.1:61727]' for 'GET' to 'http://localhost:61727/session/578d612dbd08d96e16990d9f9ebf3411/element/e89c5ff2-fc3f-4bd8-9799-8bc0be9a2bfc/name'
23:13:16.156 [Forwarding getElementTagName on session 578d612dbd08d96e16990d9f9ebf3411 to remote] DEBUG org.asynchttpclient.netty.request.NettyRequestSender - Using open Channel [id: 0x189da0d8, L:/127.0.0.1:62739 - R:localhost/127.0.0.1:61727] for GET '/session/578d612dbd08d96e16990d9f9ebf3411/element/e89c5ff2-fc3f-4bd8-9799-8bc0be9a2bfc/name'
23:13:16.160 [AsyncHttpClient-1-16] DEBUG org.asynchttpclient.netty.handler.HttpHandler - 

Request DefaultFullHttpRequest(decodeResult: success, version: HTTP/1.1, content: EmptyByteBufBE)
GET /session/578d612dbd08d96e16990d9f9ebf3411/element/e89c5ff2-fc3f-4bd8-9799-8bc0be9a2bfc/name HTTP/1.1
User-Agent: selenium/4.1.2 (java windows)
Cache-Control: no-cache
Content-Type: application/json; charset=utf-8
host: localhost:61727
accept: */*

Response DefaultHttpResponse(decodeResult: success, version: HTTP/1.1)
HTTP/1.1 200 OK
Content-Type: application/json; charset=utf-8
cache-control: no-cache
content-length: 16

23:13:16.160 [AsyncHttpClient-1-16] DEBUG org.asynchttpclient.netty.channel.ChannelManager - Adding key: http://localhost:61727 for channel [id: 0x189da0d8, L:/127.0.0.1:62739 - R:localhost/127.0.0.1:61727]
23:13:16.161 [Forwarding getElementTagName on session 578d612dbd08d96e16990d9f9ebf3411 to remote] DEBUG org.asynchttpclient.netty.request.NettyRequestSender - Using pooled Channel '[id: 0x189da0d8, L:/127.0.0.1:62739 - R:localhost/127.0.0.1:61727]' for 'GET' to 'http://localhost:61727/session/578d612dbd08d96e16990d9f9ebf3411/element/e89c5ff2-fc3f-4bd8-9799-8bc0be9a2bfc/name'
23:13:16.161 [Forwarding getElementTagName on session 578d612dbd08d96e16990d9f9ebf3411 to remote] DEBUG org.asynchttpclient.netty.request.NettyRequestSender - Using open Channel [id: 0x189da0d8, L:/127.0.0.1:62739 - R:localhost/127.0.0.1:61727] for GET '/session/578d612dbd08d96e16990d9f9ebf3411/element/e89c5ff2-fc3f-4bd8-9799-8bc0be9a2bfc/name'
23:13:16.164 [AsyncHttpClient-1-16] DEBUG org.asynchttpclient.netty.handler.HttpHandler - 

Request DefaultFullHttpRequest(decodeResult: success, version: HTTP/1.1, content: EmptyByteBufBE)
GET /session/578d612dbd08d96e16990d9f9ebf3411/element/e89c5ff2-fc3f-4bd8-9799-8bc0be9a2bfc/name HTTP/1.1
User-Agent: selenium/4.1.2 (java windows)
Cache-Control: no-cache
Content-Type: application/json; charset=utf-8
host: localhost:61727
accept: */*

Response DefaultHttpResponse(decodeResult: success, version: HTTP/1.1)
HTTP/1.1 200 OK
Content-Type: application/json; charset=utf-8
cache-control: no-cache
content-length: 16

23:13:16.164 [AsyncHttpClient-1-16] DEBUG org.asynchttpclient.netty.channel.ChannelManager - Adding key: http://localhost:61727 for channel [id: 0x189da0d8, L:/127.0.0.1:62739 - R:localhost/127.0.0.1:61727]
23:13:16.166 [Forwarding findElement on session 578d612dbd08d96e16990d9f9ebf3411 to remote] DEBUG org.asynchttpclient.netty.request.NettyRequestSender - Using pooled Channel '[id: 0x189da0d8, L:/127.0.0.1:62739 - R:localhost/127.0.0.1:61727]' for 'POST' to 'http://localhost:61727/session/578d612dbd08d96e16990d9f9ebf3411/element'
23:13:16.166 [Forwarding findElement on session 578d612dbd08d96e16990d9f9ebf3411 to remote] DEBUG org.asynchttpclient.netty.request.NettyRequestSender - Using open Channel [id: 0x189da0d8, L:/127.0.0.1:62739 - R:localhost/127.0.0.1:61727] for POST '/session/578d612dbd08d96e16990d9f9ebf3411/element'
23:13:16.172 [AsyncHttpClient-1-16] DEBUG org.asynchttpclient.netty.handler.HttpHandler - 

Request DefaultHttpRequest(decodeResult: success, version: HTTP/1.1)
POST /session/578d612dbd08d96e16990d9f9ebf3411/element HTTP/1.1
User-Agent: selenium/4.1.2 (java windows)
Content-Length: 81
Content-Type: application/json; charset=utf-8
host: localhost:61727
accept: */*

Response DefaultHttpResponse(decodeResult: success, version: HTTP/1.1)
HTTP/1.1 200 OK
Content-Type: application/json; charset=utf-8
cache-control: no-cache
content-length: 88

23:13:16.172 [AsyncHttpClient-1-16] DEBUG org.asynchttpclient.netty.channel.ChannelManager - Adding key: http://localhost:61727 for channel [id: 0x189da0d8, L:/127.0.0.1:62739 - R:localhost/127.0.0.1:61727]
23:13:16.173 [Forwarding clickElement on session 578d612dbd08d96e16990d9f9ebf3411 to remote] DEBUG org.asynchttpclient.netty.request.NettyRequestSender - Using pooled Channel '[id: 0x189da0d8, L:/127.0.0.1:62739 - R:localhost/127.0.0.1:61727]' for 'POST' to 'http://localhost:61727/session/578d612dbd08d96e16990d9f9ebf3411/element/e89c5ff2-fc3f-4bd8-9799-8bc0be9a2bfc/click'
23:13:16.173 [Forwarding clickElement on session 578d612dbd08d96e16990d9f9ebf3411 to remote] DEBUG org.asynchttpclient.netty.request.NettyRequestSender - Using open Channel [id: 0x189da0d8, L:/127.0.0.1:62739 - R:localhost/127.0.0.1:61727] for POST '/session/578d612dbd08d96e16990d9f9ebf3411/element/e89c5ff2-fc3f-4bd8-9799-8bc0be9a2bfc/click'
23:13:16.578 [AsyncHttpClient-1-16] DEBUG org.asynchttpclient.netty.handler.HttpHandler - 

Request DefaultHttpRequest(decodeResult: success, version: HTTP/1.1)
POST /session/578d612dbd08d96e16990d9f9ebf3411/element/e89c5ff2-fc3f-4bd8-9799-8bc0be9a2bfc/click HTTP/1.1
User-Agent: selenium/4.1.2 (java windows)
Content-Length: 50
Content-Type: application/json; charset=utf-8
host: localhost:61727
accept: */*

Response DefaultHttpResponse(decodeResult: success, version: HTTP/1.1)
HTTP/1.1 200 OK
Content-Type: application/json; charset=utf-8
cache-control: no-cache
content-length: 14

23:13:16.578 [AsyncHttpClient-1-16] DEBUG org.asynchttpclient.netty.channel.ChannelManager - Adding key: http://localhost:61727 for channel [id: 0x189da0d8, L:/127.0.0.1:62739 - R:localhost/127.0.0.1:61727]
  &amp#27;[32mThen &amp#27;[0m&amp#27;[32mI click baby on the header&amp#27;[0m &amp#27;[90m# starter.stepdefinitions.BabyStep.iClickBabyOnTheHeader()&amp#27;[0m
23:13:16.583 [Forwarding screenshot on session 578d612dbd08d96e16990d9f9ebf3411 to remote] DEBUG org.asynchttpclient.netty.request.NettyRequestSender - Using pooled Channel '[id: 0x189da0d8, L:/127.0.0.1:62739 - R:localhost/127.0.0.1:61727]' for 'GET' to 'http://localhost:61727/session/578d612dbd08d96e16990d9f9ebf3411/screenshot'
23:13:16.583 [Forwarding screenshot on session 578d612dbd08d96e16990d9f9ebf3411 to remote] DEBUG org.asynchttpclient.netty.request.NettyRequestSender - Using open Channel [id: 0x189da0d8, L:/127.0.0.1:62739 - R:localhost/127.0.0.1:61727] for GET '/session/578d612dbd08d96e16990d9f9ebf3411/screenshot'
23:13:16.697 [AsyncHttpClient-1-16] DEBUG org.asynchttpclient.netty.handler.HttpHandler - 

Request DefaultFullHttpRequest(decodeResult: success, version: HTTP/1.1, content: EmptyByteBufBE)
GET /session/578d612dbd08d96e16990d9f9ebf3411/screenshot HTTP/1.1
User-Agent: selenium/4.1.2 (java windows)
Cache-Control: no-cache
Content-Type: application/json; charset=utf-8
host: localhost:61727
accept: */*

Response DefaultHttpResponse(decodeResult: success, version: HTTP/1.1)
HTTP/1.1 200 OK
Content-Type: application/json; charset=utf-8
cache-control: no-cache
content-length: 61460

23:13:16.697 [AsyncHttpClient-1-16] DEBUG org.asynchttpclient.netty.channel.ChannelManager - Adding key: http://localhost:61727 for channel [id: 0x189da0d8, L:/127.0.0.1:62739 - R:localhost/127.0.0.1:61727]
23:13:16.699 [main] DEBUG net.serenitybdd.core.photography.Darkroom - Send negative for processing for target\site\serenity\bd1a06db8a435a3eb5a7b998b7d7224ecc0ed23ebed484723eb499981c4c7918.png
23:13:16.700 [Darkroom Processing Line] DEBUG net.serenitybdd.core.photography.DarkroomProcessingLine - Processing screenshot image in /var/screenshots/screenshot-13183797173203607344
23:13:16.700 [Darkroom Processing Line] DEBUG net.serenitybdd.core.photography.DarkroomProcessingLine - Saving screenshot to target\site\serenity\bd1a06db8a435a3eb5a7b998b7d7224ecc0ed23ebed484723eb499981c4c7918.png
23:13:16.706 [Forwarding findElement on session 578d612dbd08d96e16990d9f9ebf3411 to remote] DEBUG org.asynchttpclient.netty.request.NettyRequestSender - Using pooled Channel '[id: 0x189da0d8, L:/127.0.0.1:62739 - R:localhost/127.0.0.1:61727]' for 'POST' to 'http://localhost:61727/session/578d612dbd08d96e16990d9f9ebf3411/element'
23:13:16.706 [Forwarding findElement on session 578d612dbd08d96e16990d9f9ebf3411 to remote] DEBUG org.asynchttpclient.netty.request.NettyRequestSender - Using open Channel [id: 0x189da0d8, L:/127.0.0.1:62739 - R:localhost/127.0.0.1:61727] for POST '/session/578d612dbd08d96e16990d9f9ebf3411/element'
23:13:16.712 [AsyncHttpClient-1-16] DEBUG org.asynchttpclient.netty.handler.HttpHandler - 

Request DefaultHttpRequest(decodeResult: success, version: HTTP/1.1)
POST /session/578d612dbd08d96e16990d9f9ebf3411/element HTTP/1.1
User-Agent: selenium/4.1.2 (java windows)
Content-Length: 102
Content-Type: application/json; charset=utf-8
host: localhost:61727
accept: */*

Response DefaultHttpResponse(decodeResult: success, version: HTTP/1.1)
HTTP/1.1 200 OK
Content-Type: application/json; charset=utf-8
cache-control: no-cache
content-length: 88

23:13:16.712 [AsyncHttpClient-1-16] DEBUG org.asynchttpclient.netty.channel.ChannelManager - Adding key: http://localhost:61727 for channel [id: 0x189da0d8, L:/127.0.0.1:62739 - R:localhost/127.0.0.1:61727]
23:13:16.712 [Forwarding getElementTagName on session 578d612dbd08d96e16990d9f9ebf3411 to remote] DEBUG org.asynchttpclient.netty.request.NettyRequestSender - Using pooled Channel '[id: 0x189da0d8, L:/127.0.0.1:62739 - R:localhost/127.0.0.1:61727]' for 'GET' to 'http://localhost:61727/session/578d612dbd08d96e16990d9f9ebf3411/element/ad35d5c5-0d18-45eb-8a19-b875bf3c1e41/name'
23:13:16.712 [Forwarding getElementTagName on session 578d612dbd08d96e16990d9f9ebf3411 to remote] DEBUG org.asynchttpclient.netty.request.NettyRequestSender - Using open Channel [id: 0x189da0d8, L:/127.0.0.1:62739 - R:localhost/127.0.0.1:61727] for GET '/session/578d612dbd08d96e16990d9f9ebf3411/element/ad35d5c5-0d18-45eb-8a19-b875bf3c1e41/name'
23:13:16.712 [AsyncHttpClient-1-16] DEBUG org.asynchttpclient.netty.handler.HttpHandler - 

Request DefaultFullHttpRequest(decodeResult: success, version: HTTP/1.1, content: EmptyByteBufBE)
GET /session/578d612dbd08d96e16990d9f9ebf3411/element/ad35d5c5-0d18-45eb-8a19-b875bf3c1e41/name HTTP/1.1
User-Agent: selenium/4.1.2 (java windows)
Cache-Control: no-cache
Content-Type: application/json; charset=utf-8
host: localhost:61727
accept: */*

Response DefaultHttpResponse(decodeResult: success, version: HTTP/1.1)
HTTP/1.1 200 OK
Content-Type: application/json; charset=utf-8
cache-control: no-cache
content-length: 16

23:13:16.712 [AsyncHttpClient-1-16] DEBUG org.asynchttpclient.netty.channel.ChannelManager - Adding key: http://localhost:61727 for channel [id: 0x189da0d8, L:/127.0.0.1:62739 - R:localhost/127.0.0.1:61727]
23:13:16.712 [Forwarding getElementTagName on session 578d612dbd08d96e16990d9f9ebf3411 to remote] DEBUG org.asynchttpclient.netty.request.NettyRequestSender - Using pooled Channel '[id: 0x189da0d8, L:/127.0.0.1:62739 - R:localhost/127.0.0.1:61727]' for 'GET' to 'http://localhost:61727/session/578d612dbd08d96e16990d9f9ebf3411/element/ad35d5c5-0d18-45eb-8a19-b875bf3c1e41/name'
23:13:16.712 [Forwarding getElementTagName on session 578d612dbd08d96e16990d9f9ebf3411 to remote] DEBUG org.asynchttpclient.netty.request.NettyRequestSender - Using open Channel [id: 0x189da0d8, L:/127.0.0.1:62739 - R:localhost/127.0.0.1:61727] for GET '/session/578d612dbd08d96e16990d9f9ebf3411/element/ad35d5c5-0d18-45eb-8a19-b875bf3c1e41/name'
23:13:16.728 [AsyncHttpClient-1-16] DEBUG org.asynchttpclient.netty.handler.HttpHandler - 

Request DefaultFullHttpRequest(decodeResult: success, version: HTTP/1.1, content: EmptyByteBufBE)
GET /session/578d612dbd08d96e16990d9f9ebf3411/element/ad35d5c5-0d18-45eb-8a19-b875bf3c1e41/name HTTP/1.1
User-Agent: selenium/4.1.2 (java windows)
Cache-Control: no-cache
Content-Type: application/json; charset=utf-8
host: localhost:61727
accept: */*

Response DefaultHttpResponse(decodeResult: success, version: HTTP/1.1)
HTTP/1.1 200 OK
Content-Type: application/json; charset=utf-8
cache-control: no-cache
content-length: 16

23:13:16.729 [AsyncHttpClient-1-16] DEBUG org.asynchttpclient.netty.channel.ChannelManager - Adding key: http://localhost:61727 for channel [id: 0x189da0d8, L:/127.0.0.1:62739 - R:localhost/127.0.0.1:61727]
23:13:16.729 [Forwarding findElement on session 578d612dbd08d96e16990d9f9ebf3411 to remote] DEBUG org.asynchttpclient.netty.request.NettyRequestSender - Using pooled Channel '[id: 0x189da0d8, L:/127.0.0.1:62739 - R:localhost/127.0.0.1:61727]' for 'POST' to 'http://localhost:61727/session/578d612dbd08d96e16990d9f9ebf3411/element'
23:13:16.729 [Forwarding findElement on session 578d612dbd08d96e16990d9f9ebf3411 to remote] DEBUG org.asynchttpclient.netty.request.NettyRequestSender - Using open Channel [id: 0x189da0d8, L:/127.0.0.1:62739 - R:localhost/127.0.0.1:61727] for POST '/session/578d612dbd08d96e16990d9f9ebf3411/element'
23:13:16.729 [AsyncHttpClient-1-16] DEBUG org.asynchttpclient.netty.handler.HttpHandler - 

Request DefaultHttpRequest(decodeResult: success, version: HTTP/1.1)
POST /session/578d612dbd08d96e16990d9f9ebf3411/element HTTP/1.1
User-Agent: selenium/4.1.2 (java windows)
Content-Length: 102
Content-Type: application/json; charset=utf-8
host: localhost:61727
accept: */*

Response DefaultHttpResponse(decodeResult: success, version: HTTP/1.1)
HTTP/1.1 200 OK
Content-Type: application/json; charset=utf-8
cache-control: no-cache
content-length: 88

23:13:16.729 [AsyncHttpClient-1-16] DEBUG org.asynchttpclient.netty.channel.ChannelManager - Adding key: http://localhost:61727 for channel [id: 0x189da0d8, L:/127.0.0.1:62739 - R:localhost/127.0.0.1:61727]
23:13:16.729 [Forwarding clickElement on session 578d612dbd08d96e16990d9f9ebf3411 to remote] DEBUG org.asynchttpclient.netty.request.NettyRequestSender - Using pooled Channel '[id: 0x189da0d8, L:/127.0.0.1:62739 - R:localhost/127.0.0.1:61727]' for 'POST' to 'http://localhost:61727/session/578d612dbd08d96e16990d9f9ebf3411/element/ad35d5c5-0d18-45eb-8a19-b875bf3c1e41/click'
23:13:16.729 [Forwarding clickElement on session 578d612dbd08d96e16990d9f9ebf3411 to remote] DEBUG org.asynchttpclient.netty.request.NettyRequestSender - Using open Channel [id: 0x189da0d8, L:/127.0.0.1:62739 - R:localhost/127.0.0.1:61727] for POST '/session/578d612dbd08d96e16990d9f9ebf3411/element/ad35d5c5-0d18-45eb-8a19-b875bf3c1e41/click'
23:13:16.875 [AsyncHttpClient-1-16] DEBUG org.asynchttpclient.netty.handler.HttpHandler - 

Request DefaultHttpRequest(decodeResult: success, version: HTTP/1.1)
POST /session/578d612dbd08d96e16990d9f9ebf3411/element/ad35d5c5-0d18-45eb-8a19-b875bf3c1e41/click HTTP/1.1
User-Agent: selenium/4.1.2 (java windows)
Content-Length: 50
Content-Type: application/json; charset=utf-8
host: localhost:61727
accept: */*

Response DefaultHttpResponse(decodeResult: success, version: HTTP/1.1)
HTTP/1.1 200 OK
Content-Type: application/json; charset=utf-8
cache-control: no-cache
content-length: 14

23:13:16.875 [AsyncHttpClient-1-16] DEBUG org.asynchttpclient.netty.channel.ChannelManager - Adding key: http://localhost:61727 for channel [id: 0x189da0d8, L:/127.0.0.1:62739 - R:localhost/127.0.0.1:61727]
  &amp#27;[32mWhen &amp#27;[0m&amp#27;[32mI will go to gaun &amp#27;[0m&amp#27;[32m&amp#27;[1m1&amp#27;[0m        &amp#27;[90m# starter.stepdefinitions.BabyStep.iWillGoToGaun(int)&amp#27;[0m
23:13:16.878 [Forwarding screenshot on session 578d612dbd08d96e16990d9f9ebf3411 to remote] DEBUG org.asynchttpclient.netty.request.NettyRequestSender - Using pooled Channel '[id: 0x189da0d8, L:/127.0.0.1:62739 - R:localhost/127.0.0.1:61727]' for 'GET' to 'http://localhost:61727/session/578d612dbd08d96e16990d9f9ebf3411/screenshot'
23:13:16.878 [Forwarding screenshot on session 578d612dbd08d96e16990d9f9ebf3411 to remote] DEBUG org.asynchttpclient.netty.request.NettyRequestSender - Using open Channel [id: 0x189da0d8, L:/127.0.0.1:62739 - R:localhost/127.0.0.1:61727] for GET '/session/578d612dbd08d96e16990d9f9ebf3411/screenshot'
23:13:17.121 [AsyncHttpClient-1-1] DEBUG org.asynchttpclient.netty.channel.DefaultChannelPool - Entry count for : http://localhost:62740 : 1
23:13:17.164 [AsyncHttpClient-1-16] DEBUG org.asynchttpclient.netty.handler.HttpHandler - 

Request DefaultFullHttpRequest(decodeResult: success, version: HTTP/1.1, content: EmptyByteBufBE)
GET /session/578d612dbd08d96e16990d9f9ebf3411/screenshot HTTP/1.1
User-Agent: selenium/4.1.2 (java windows)
Cache-Control: no-cache
Content-Type: application/json; charset=utf-8
host: localhost:61727
accept: */*

Response DefaultHttpResponse(decodeResult: success, version: HTTP/1.1)
HTTP/1.1 200 OK
Content-Type: application/json; charset=utf-8
cache-control: no-cache
content-length: 89124

23:13:17.165 [AsyncHttpClient-1-16] DEBUG org.asynchttpclient.netty.channel.ChannelManager - Adding key: http://localhost:61727 for channel [id: 0x189da0d8, L:/127.0.0.1:62739 - R:localhost/127.0.0.1:61727]
23:13:17.169 [main] DEBUG net.serenitybdd.core.photography.Darkroom - Send negative for processing for target\site\serenity\7f9b5cde1b0a6ddf8ee64a709f76d27a4fcd95acb1254aafffce13dc041c7d00.png
23:13:17.170 [Darkroom Processing Line] DEBUG net.serenitybdd.core.photography.DarkroomProcessingLine - Processing screenshot image in /var/screenshots/screenshot-3637438600730589187
23:13:17.170 [Darkroom Processing Line] DEBUG net.serenitybdd.core.photography.DarkroomProcessingLine - Saving screenshot to target\site\serenity\7f9b5cde1b0a6ddf8ee64a709f76d27a4fcd95acb1254aafffce13dc041c7d00.png
23:13:17.171 [main] INFO  - 
  _____   ___   ___   _____     ___     _     ___   ___   ___   ___  
 |_   _| | __| / __| |_   _|   | _ \   /_\   / __| / __| | __| |   \ 
   | |   | _|  \__ \   | |     |  _/  / _ \  \__ \ \__ \ | _|  | |) |
   |_|   |___| |___/   |_|     |_|   /_/ \_\ |___/ |___/ |___| |___/ 

Menu Gaun 1
----------------------------------------------------------------------
23:13:17.172 [AsyncHttpClient-1-2] DEBUG org.asynchttpclient.netty.handler.WebSocketHandler - Channel Closed: [id: 0x02fbe5b0, L:/127.0.0.1:62748 ! R:localhost/127.0.0.1:62740] with attribute NettyResponseFuture{currentRetry=5,
	isDone=1,
	isCancelled=0,
	asyncHandler=org.asynchttpclient.ws.WebSocketUpgradeHandler@7c001ebf,
	nettyRequest=org.asynchttpclient.netty.request.NettyRequest@217a241d,
	future=java.util.concurrent.CompletableFuture@63fcc89d[Completed normally],
	uri=ws://localhost:62740/devtools/browser/1740441c-4d7d-461b-9601-4a71b8836ab4,
	keepAlive=true,
	redirectCount=0,
	timeoutsHolder=null,
	inAuth=0,
	touch=1680538389550}
23:13:17.172 [AsyncHttpClient-1-2] DEBUG org.asynchttpclient.netty.channel.ChannelManager - Closing Channel [id: 0x02fbe5b0, L:/127.0.0.1:62748 ! R:localhost/127.0.0.1:62740] 
23:13:17.172 [Driver Command Executor] DEBUG org.asynchttpclient.netty.request.NettyRequestSender - Using pooled Channel '[id: 0x189da0d8, L:/127.0.0.1:62739 - R:localhost/127.0.0.1:61727]' for 'DELETE' to 'http://localhost:61727/session/578d612dbd08d96e16990d9f9ebf3411'
23:13:17.172 [Driver Command Executor] DEBUG org.asynchttpclient.netty.request.NettyRequestSender - Using open Channel [id: 0x189da0d8, L:/127.0.0.1:62739 - R:localhost/127.0.0.1:61727] for DELETE '/session/578d612dbd08d96e16990d9f9ebf3411'
23:13:17.206 [AsyncHttpClient-1-17] DEBUG org.asynchttpclient.netty.handler.HttpHandler - Unexpected I/O exception on channel [id: 0x25c28dc8, L:/127.0.0.1:62747 - R:localhost/127.0.0.1:62740]
java.net.SocketException: Connection reset
	at java.base/sun.nio.ch.SocketChannelImpl.throwConnectionReset(SocketChannelImpl.java:345)
	at java.base/sun.nio.ch.SocketChannelImpl.read(SocketChannelImpl.java:376)
	at io.netty.buffer.PooledByteBuf.setBytes(PooledByteBuf.java:258)
	at io.netty.buffer.AbstractByteBuf.writeBytes(AbstractByteBuf.java:1132)
	at io.netty.channel.socket.nio.NioSocketChannel.doReadBytes(NioSocketChannel.java:350)
	at io.netty.channel.nio.AbstractNioByteChannel$NioByteUnsafe.read(AbstractNioByteChannel.java:151)
	at io.netty.channel.nio.NioEventLoop.processSelectedKey(NioEventLoop.java:722)
	at io.netty.channel.nio.NioEventLoop.processSelectedKeysOptimized(NioEventLoop.java:658)
	at io.netty.channel.nio.NioEventLoop.processSelectedKeys(NioEventLoop.java:584)
	at io.netty.channel.nio.NioEventLoop.run(NioEventLoop.java:496)
	at io.netty.util.concurrent.SingleThreadEventExecutor$4.run(SingleThreadEventExecutor.java:986)
	at io.netty.util.internal.ThreadExecutorMap$2.run(ThreadExecutorMap.java:74)
	at io.netty.util.concurrent.FastThreadLocalRunnable.run(FastThreadLocalRunnable.java:30)
	at java.base/java.lang.Thread.run(Thread.java:830)
23:13:17.206 [AsyncHttpClient-1-17] DEBUG org.asynchttpclient.netty.channel.ChannelManager - Closing Channel [id: 0x25c28dc8, L:/127.0.0.1:62747 - R:localhost/127.0.0.1:62740] 
23:13:17.206 [AsyncHttpClient-1-17] DEBUG org.asynchttpclient.netty.handler.HttpHandler - Channel Closed: [id: 0x25c28dc8, L:/127.0.0.1:62747 ! R:localhost/127.0.0.1:62740] with attribute DISCARD
23:13:17.222 [AsyncHttpClient-1-16] DEBUG org.asynchttpclient.netty.handler.HttpHandler - 

Request DefaultFullHttpRequest(decodeResult: success, version: HTTP/1.1, content: EmptyByteBufBE)
DELETE /session/578d612dbd08d96e16990d9f9ebf3411 HTTP/1.1
User-Agent: selenium/4.1.2 (java windows)
Content-Type: application/json; charset=utf-8
host: localhost:61727
accept: */*

Response DefaultHttpResponse(decodeResult: success, version: HTTP/1.1)
HTTP/1.1 200 OK
Content-Type: application/json; charset=utf-8
cache-control: no-cache
content-length: 14

23:13:17.222 [AsyncHttpClient-1-16] DEBUG org.asynchttpclient.netty.channel.ChannelManager - Adding key: http://localhost:61727 for channel [id: 0x189da0d8, L:/127.0.0.1:62739 - R:localhost/127.0.0.1:61727]
23:13:17.350 [AsyncHttpClient-1-16] DEBUG org.asynchttpclient.netty.handler.HttpHandler - Channel Closed: [id: 0x189da0d8, L:/127.0.0.1:62739 ! R:localhost/127.0.0.1:61727] with attribute DISCARD
]]></system-out>
    <system-err><![CDATA[Starting Microsoft Edge WebDriver 111.0.1661.62 (0a8f453929e6410c973aa529a40485ce4e3e03db) on port 61727
To submit feedback, report a bug, or suggest new features, please visit https://github.com/MicrosoftEdge/EdgeWebDriver

Only local connections are allowed.
Please see https://aka.ms/WebDriverSecurity for suggestions on keeping Microsoft Edge WebDriver safe.

Microsoft Edge WebDriver was started successfully.
Apr 03, 2023 11:13:09 PM org.openqa.selenium.remote.ProtocolHandshake createSession
INFO: Detected dialect: W3C
Apr 03, 2023 11:13:09 PM org.openqa.selenium.devtools.CdpVersionFinder findNearestMatch
WARNING: Unable to find an exact match for CDP version 111, so returning the closest version found: a no-op implementation
Apr 03, 2023 11:13:09 PM org.openqa.selenium.devtools.CdpVersionFinder findNearestMatch
INFO: Unable to find CDP implementation matching 111.
Apr 03, 2023 11:13:09 PM org.openqa.selenium.chromium.ChromiumDriver lambda$new$3
WARNING: Unable to find version of CDP to use for . You may need to include a dependency on a specific version of the CDP using something similar to `org.seleniumhq.selenium:selenium-devtools-v86:4.1.2` where the version ("v86") matches the version of the chromium-based browser you're using and the version number of the artifact is the same as Selenium's.
]]></system-err>
  </testcase>
  <testcase name="Menu AIRism 1" classname="Baby" time="23.073">
    <system-out><![CDATA[
Scenario: Menu AIRism 1           &amp#27;[90m# src/test/resources/features/Baby.feature:61&amp#27;[0m
23:13:17.942 [main] INFO io.cucumber.core.plugin.SerenityReporter - Running feature from file:///C:/Users/alwi/IdeaProjects/uniqloweb/src/test/resources/features/Baby.feature
23:13:17.942 [main] INFO  - 
  _____   ___   ___   _____     ___   _____     _     ___   _____   ___   ___  
 |_   _| | __| / __| |_   _|   / __| |_   _|   /_\   | _ \ |_   _| | __| |   \ 
   | |   | _|  \__ \   | |     \__ \   | |    / _ \  |   /   | |   | _|  | |) |
   |_|   |___| |___/   |_|     |___/   |_|   /_/ \_\ |_|_\   |_|   |___| |___/ 

Menu AIRism 1(baby;menu-airism-1)
--------------------------------------------------------------------------------
23:13:18.051 [main] DEBUG io.github.bonigarcia.wdm.cache.ResolutionCache - Resolution edge=111 in cache (valid until 23:36:32 03/04/2023 WIB)
23:13:18.051 [main] DEBUG io.github.bonigarcia.wdm.cache.ResolutionCache - Resolution edge111=111.0.1661.62 in cache (valid until 12:22:00 04/04/2023 WIB)
23:13:18.066 [main] INFO io.github.bonigarcia.wdm.WebDriverManager - Using msedgedriver 111.0.1661.62 (resolved driver for Edge 111)
23:13:18.070 [main] DEBUG io.github.bonigarcia.wdm.WebDriverManager - Driver msedgedriver 111.0.1661.62 found in cache
23:13:18.070 [main] INFO io.github.bonigarcia.wdm.WebDriverManager - Exporting webdriver.edge.driver as C:\Users\alwi\.cache\selenium\msedgedriver\win64\111.0.1661.62\msedgedriver.exe
23:13:18.070 [main] DEBUG net.serenitybdd.core.webdriver.driverproviders.ProvideNewDriver - Instantiating driver
23:13:18.070 [main] DEBUG net.serenitybdd.core.webdriver.driverproviders.ProvideNewDriver - Driver capabilities: Capabilities {base.url: https://www.uniqlo.com, chrome.driver: src/test/resources/webdrive..., driver: edge, ms:edgeChromium: true, ms:edgeOptions: {}, wait.for.timeout: 6000}
23:13:18.222 [AsyncHttpClient-1-1] DEBUG org.asynchttpclient.netty.channel.DefaultChannelPool - Entry count for : http://localhost:62740 : 1
23:13:18.222 [AsyncHttpClient-1-1] DEBUG org.asynchttpclient.netty.channel.DefaultChannelPool - Entry count for : http://localhost:61727 : 1
23:13:18.222 [AsyncHttpClient-1-1] DEBUG org.asynchttpclient.netty.channel.DefaultChannelPool - Adding Candidate expired Channel [id: 0x25c28dc8, L:/127.0.0.1:62747 ! R:localhost/127.0.0.1:62740] isIdleTimeoutExpired=false isRemotelyClosed=true isTtlExpired=false
23:13:18.222 [AsyncHttpClient-1-1] DEBUG org.asynchttpclient.netty.channel.DefaultChannelPool - Closing Idle Channel [id: 0x25c28dc8, L:/127.0.0.1:62747 ! R:localhost/127.0.0.1:62740]
23:13:18.222 [AsyncHttpClient-1-1] DEBUG org.asynchttpclient.netty.channel.DefaultChannelPool - Adding Candidate expired Channel [id: 0x189da0d8, L:/127.0.0.1:62739 ! R:localhost/127.0.0.1:61727] isIdleTimeoutExpired=false isRemotelyClosed=true isTtlExpired=false
23:13:18.222 [AsyncHttpClient-1-1] DEBUG org.asynchttpclient.netty.channel.DefaultChannelPool - Closing Idle Channel [id: 0x189da0d8, L:/127.0.0.1:62739 ! R:localhost/127.0.0.1:61727]
23:13:18.222 [AsyncHttpClient-1-1] DEBUG org.asynchttpclient.netty.channel.DefaultChannelPool - Closed 2 connections out of 2 in 0 ms
23:13:18.641 [AsyncHttpClient-1-3] DEBUG org.asynchttpclient.netty.channel.NettyConnectListener - Using new Channel '[id: 0x329afee6, L:/127.0.0.1:62863 - R:localhost/127.0.0.1:51211]' for 'POST' to '/session'
23:13:19.236 [AsyncHttpClient-1-3] DEBUG org.asynchttpclient.netty.handler.HttpHandler - 

Request DefaultHttpRequest(decodeResult: success, version: HTTP/1.1)
POST /session HTTP/1.1
User-Agent: selenium/4.1.2 (java windows)
Content-Length: 627
Content-Type: application/json; charset=utf-8
host: localhost:51211
accept: */*

Response DefaultHttpResponse(decodeResult: success, version: HTTP/1.1)
HTTP/1.1 200 OK
Content-Type: application/json; charset=utf-8
cache-control: no-cache
content-length: 824

23:13:19.236 [AsyncHttpClient-1-3] DEBUG org.asynchttpclient.netty.channel.ChannelManager - Adding key: http://localhost:51211 for channel [id: 0x329afee6, L:/127.0.0.1:62863 - R:localhost/127.0.0.1:51211]
23:13:19.252 [AsyncHttpClient-1-4] DEBUG org.asynchttpclient.netty.channel.NettyConnectListener - Using new Channel '[id: 0xfb078ae0, L:/127.0.0.1:62870 - R:localhost/127.0.0.1:62864]' for 'GET' to '/json/version'
23:13:19.252 [AsyncHttpClient-1-4] DEBUG org.asynchttpclient.netty.handler.HttpHandler - 

Request DefaultFullHttpRequest(decodeResult: success, version: HTTP/1.1, content: EmptyByteBufBE)
GET /json/version HTTP/1.1
User-Agent: selenium/4.1.2 (java windows)
host: localhost:62864
accept: */*

Response DefaultHttpResponse(decodeResult: success, version: HTTP/1.1)
HTTP/1.1 200 OK
Content-Security-Policy: frame-ancestors 'none'
Content-Type: application/json; charset=UTF-8
content-length: 436

23:13:19.252 [AsyncHttpClient-1-4] DEBUG org.asynchttpclient.netty.channel.ChannelManager - Adding key: http://localhost:62864 for channel [id: 0xfb078ae0, L:/127.0.0.1:62870 - R:localhost/127.0.0.1:62864]
23:13:19.252 [AsyncHttpClient-1-5] DEBUG org.asynchttpclient.netty.channel.NettyConnectListener - Using new Channel '[id: 0x01f2c5ad, L:/127.0.0.1:62871 - R:localhost/127.0.0.1:62864]' for 'GET' to '/devtools/browser/4f6e5230-9ae3-4cad-a1fd-623bacd37171'
23:13:19.252 [AsyncHttpClient-1-5] DEBUG org.asynchttpclient.netty.handler.WebSocketHandler - 

Request DefaultFullHttpRequest(decodeResult: success, version: HTTP/1.1, content: EmptyByteBufBE)
GET /devtools/browser/4f6e5230-9ae3-4cad-a1fd-623bacd37171 HTTP/1.1
upgrade: websocket
connection: upgrade
sec-websocket-key: 5KINuiBbN5Lo9rH3QRYBAA==
sec-websocket-version: 13
origin: http://localhost:62864
host: localhost:62864
accept: */*
user-agent: AHC/2.1

Response DefaultHttpResponse(decodeResult: success, version: HTTP/1.1)
HTTP/1.1 101 WebSocket Protocol Handshake
Upgrade: WebSocket
Connection: Upgrade
Sec-WebSocket-Accept: tbW7M/QplGSsAqrn6U8AznE3mGA=

23:13:19.252 [Forwarding get on session ef58ad2d6e4f6b42b760cced3853b193 to remote] DEBUG org.asynchttpclient.netty.request.NettyRequestSender - Using pooled Channel '[id: 0x329afee6, L:/127.0.0.1:62863 - R:localhost/127.0.0.1:51211]' for 'POST' to 'http://localhost:51211/session/ef58ad2d6e4f6b42b760cced3853b193/url'
23:13:19.252 [Forwarding get on session ef58ad2d6e4f6b42b760cced3853b193 to remote] DEBUG org.asynchttpclient.netty.request.NettyRequestSender - Using open Channel [id: 0x329afee6, L:/127.0.0.1:62863 - R:localhost/127.0.0.1:51211] for POST '/session/ef58ad2d6e4f6b42b760cced3853b193/url'
23:13:19.319 [AsyncHttpClient-1-1] DEBUG org.asynchttpclient.netty.channel.DefaultChannelPool - Entry count for : http://localhost:62864 : 1
23:13:20.426 [AsyncHttpClient-1-1] DEBUG org.asynchttpclient.netty.channel.DefaultChannelPool - Entry count for : http://localhost:62864 : 1
23:13:21.523 [AsyncHttpClient-1-1] DEBUG org.asynchttpclient.netty.channel.DefaultChannelPool - Entry count for : http://localhost:62864 : 1
23:13:22.620 [AsyncHttpClient-1-1] DEBUG org.asynchttpclient.netty.channel.DefaultChannelPool - Entry count for : http://localhost:62864 : 1
23:13:23.722 [AsyncHttpClient-1-1] DEBUG org.asynchttpclient.netty.channel.DefaultChannelPool - Entry count for : http://localhost:62864 : 1
23:13:24.820 [AsyncHttpClient-1-1] DEBUG org.asynchttpclient.netty.channel.DefaultChannelPool - Entry count for : http://localhost:62864 : 1
23:13:25.921 [AsyncHttpClient-1-1] DEBUG org.asynchttpclient.netty.channel.DefaultChannelPool - Entry count for : http://localhost:62864 : 1
23:13:27.020 [AsyncHttpClient-1-1] DEBUG org.asynchttpclient.netty.channel.DefaultChannelPool - Entry count for : http://localhost:62864 : 1
23:13:28.121 [AsyncHttpClient-1-1] DEBUG org.asynchttpclient.netty.channel.DefaultChannelPool - Entry count for : http://localhost:62864 : 1
23:13:29.226 [AsyncHttpClient-1-1] DEBUG org.asynchttpclient.netty.channel.DefaultChannelPool - Entry count for : http://localhost:62864 : 1
23:13:30.319 [AsyncHttpClient-1-1] DEBUG org.asynchttpclient.netty.channel.DefaultChannelPool - Entry count for : http://localhost:62864 : 1
23:13:31.423 [AsyncHttpClient-1-1] DEBUG org.asynchttpclient.netty.channel.DefaultChannelPool - Entry count for : http://localhost:62864 : 1
23:13:32.519 [AsyncHttpClient-1-1] DEBUG org.asynchttpclient.netty.channel.DefaultChannelPool - Entry count for : http://localhost:62864 : 1
23:13:33.619 [AsyncHttpClient-1-1] DEBUG org.asynchttpclient.netty.channel.DefaultChannelPool - Entry count for : http://localhost:62864 : 1
23:13:34.719 [AsyncHttpClient-1-1] DEBUG org.asynchttpclient.netty.channel.DefaultChannelPool - Entry count for : http://localhost:62864 : 1
23:13:35.819 [AsyncHttpClient-1-1] DEBUG org.asynchttpclient.netty.channel.DefaultChannelPool - Entry count for : http://localhost:62864 : 1
23:13:36.922 [AsyncHttpClient-1-1] DEBUG org.asynchttpclient.netty.channel.DefaultChannelPool - Entry count for : http://localhost:62864 : 1
23:13:38.026 [AsyncHttpClient-1-1] DEBUG org.asynchttpclient.netty.channel.DefaultChannelPool - Entry count for : http://localhost:62864 : 1
23:13:38.683 [AsyncHttpClient-1-3] DEBUG org.asynchttpclient.netty.handler.HttpHandler - 

Request DefaultHttpRequest(decodeResult: success, version: HTTP/1.1)
POST /session/ef58ad2d6e4f6b42b760cced3853b193/url HTTP/1.1
User-Agent: selenium/4.1.2 (java windows)
Content-Length: 53
Content-Type: application/json; charset=utf-8
host: localhost:51211
accept: */*

Response DefaultHttpResponse(decodeResult: success, version: HTTP/1.1)
HTTP/1.1 200 OK
Content-Type: application/json; charset=utf-8
cache-control: no-cache
content-length: 14

23:13:38.683 [AsyncHttpClient-1-3] DEBUG org.asynchttpclient.netty.channel.ChannelManager - Adding key: http://localhost:51211 for channel [id: 0x329afee6, L:/127.0.0.1:62863 - R:localhost/127.0.0.1:51211]
23:13:38.684 [Forwarding setTimeout on session ef58ad2d6e4f6b42b760cced3853b193 to remote] DEBUG org.asynchttpclient.netty.request.NettyRequestSender - Using pooled Channel '[id: 0x329afee6, L:/127.0.0.1:62863 - R:localhost/127.0.0.1:51211]' for 'POST' to 'http://localhost:51211/session/ef58ad2d6e4f6b42b760cced3853b193/timeouts'
23:13:38.684 [Forwarding setTimeout on session ef58ad2d6e4f6b42b760cced3853b193 to remote] DEBUG org.asynchttpclient.netty.request.NettyRequestSender - Using open Channel [id: 0x329afee6, L:/127.0.0.1:62863 - R:localhost/127.0.0.1:51211] for POST '/session/ef58ad2d6e4f6b42b760cced3853b193/timeouts'
23:13:38.685 [AsyncHttpClient-1-3] DEBUG org.asynchttpclient.netty.handler.HttpHandler - 

Request DefaultHttpRequest(decodeResult: success, version: HTTP/1.1)
POST /session/ef58ad2d6e4f6b42b760cced3853b193/timeouts HTTP/1.1
User-Agent: selenium/4.1.2 (java windows)
Content-Length: 22
Content-Type: application/json; charset=utf-8
host: localhost:51211
accept: */*

Response DefaultHttpResponse(decodeResult: success, version: HTTP/1.1)
HTTP/1.1 200 OK
Content-Type: application/json; charset=utf-8
cache-control: no-cache
content-length: 14

23:13:38.685 [AsyncHttpClient-1-3] DEBUG org.asynchttpclient.netty.channel.ChannelManager - Adding key: http://localhost:51211 for channel [id: 0x329afee6, L:/127.0.0.1:62863 - R:localhost/127.0.0.1:51211]
23:13:38.688 [Forwarding getCurrentUrl on session ef58ad2d6e4f6b42b760cced3853b193 to remote] DEBUG org.asynchttpclient.netty.request.NettyRequestSender - Using pooled Channel '[id: 0x329afee6, L:/127.0.0.1:62863 - R:localhost/127.0.0.1:51211]' for 'GET' to 'http://localhost:51211/session/ef58ad2d6e4f6b42b760cced3853b193/url'
23:13:38.688 [Forwarding getCurrentUrl on session ef58ad2d6e4f6b42b760cced3853b193 to remote] DEBUG org.asynchttpclient.netty.request.NettyRequestSender - Using open Channel [id: 0x329afee6, L:/127.0.0.1:62863 - R:localhost/127.0.0.1:51211] for GET '/session/ef58ad2d6e4f6b42b760cced3853b193/url'
23:13:38.693 [AsyncHttpClient-1-3] DEBUG org.asynchttpclient.netty.handler.HttpHandler - 

Request DefaultFullHttpRequest(decodeResult: success, version: HTTP/1.1, content: EmptyByteBufBE)
GET /session/ef58ad2d6e4f6b42b760cced3853b193/url HTTP/1.1
User-Agent: selenium/4.1.2 (java windows)
Cache-Control: no-cache
Content-Type: application/json; charset=utf-8
host: localhost:51211
accept: */*

Response DefaultHttpResponse(decodeResult: success, version: HTTP/1.1)
HTTP/1.1 200 OK
Content-Type: application/json; charset=utf-8
cache-control: no-cache
content-length: 41

23:13:38.693 [AsyncHttpClient-1-3] DEBUG org.asynchttpclient.netty.channel.ChannelManager - Adding key: http://localhost:51211 for channel [id: 0x329afee6, L:/127.0.0.1:62863 - R:localhost/127.0.0.1:51211]
  &amp#27;[32mGiven &amp#27;[0m&amp#27;[32mI am on the home page&amp#27;[0m     &amp#27;[90m# starter.stepdefinitions.BabyStep.iAmOnTheHomePage()&amp#27;[0m
23:13:38.698 [Forwarding screenshot on session ef58ad2d6e4f6b42b760cced3853b193 to remote] DEBUG org.asynchttpclient.netty.request.NettyRequestSender - Using pooled Channel '[id: 0x329afee6, L:/127.0.0.1:62863 - R:localhost/127.0.0.1:51211]' for 'GET' to 'http://localhost:51211/session/ef58ad2d6e4f6b42b760cced3853b193/screenshot'
23:13:38.698 [Forwarding screenshot on session ef58ad2d6e4f6b42b760cced3853b193 to remote] DEBUG org.asynchttpclient.netty.request.NettyRequestSender - Using open Channel [id: 0x329afee6, L:/127.0.0.1:62863 - R:localhost/127.0.0.1:51211] for GET '/session/ef58ad2d6e4f6b42b760cced3853b193/screenshot'
23:13:39.021 [AsyncHttpClient-1-3] DEBUG org.asynchttpclient.netty.handler.HttpHandler - 

Request DefaultFullHttpRequest(decodeResult: success, version: HTTP/1.1, content: EmptyByteBufBE)
GET /session/ef58ad2d6e4f6b42b760cced3853b193/screenshot HTTP/1.1
User-Agent: selenium/4.1.2 (java windows)
Cache-Control: no-cache
Content-Type: application/json; charset=utf-8
host: localhost:51211
accept: */*

Response DefaultHttpResponse(decodeResult: success, version: HTTP/1.1)
HTTP/1.1 200 OK
Content-Type: application/json; charset=utf-8
cache-control: no-cache
content-length: 1119968

23:13:39.024 [AsyncHttpClient-1-3] DEBUG org.asynchttpclient.netty.channel.ChannelManager - Adding key: http://localhost:51211 for channel [id: 0x329afee6, L:/127.0.0.1:62863 - R:localhost/127.0.0.1:51211]
23:13:39.054 [main] DEBUG net.serenitybdd.core.photography.Darkroom - Send negative for processing for target\site\serenity\3d1b19ad31921c0beae4332facd941fcc81467ad5802877977ec6c100df601ce.png
23:13:39.062 [Forwarding findElement on session ef58ad2d6e4f6b42b760cced3853b193 to remote] DEBUG org.asynchttpclient.netty.request.NettyRequestSender - Using pooled Channel '[id: 0x329afee6, L:/127.0.0.1:62863 - R:localhost/127.0.0.1:51211]' for 'POST' to 'http://localhost:51211/session/ef58ad2d6e4f6b42b760cced3853b193/element'
23:13:39.062 [Forwarding findElement on session ef58ad2d6e4f6b42b760cced3853b193 to remote] DEBUG org.asynchttpclient.netty.request.NettyRequestSender - Using open Channel [id: 0x329afee6, L:/127.0.0.1:62863 - R:localhost/127.0.0.1:51211] for POST '/session/ef58ad2d6e4f6b42b760cced3853b193/element'
23:13:39.074 [AsyncHttpClient-1-3] DEBUG org.asynchttpclient.netty.handler.HttpHandler - 

Request DefaultHttpRequest(decodeResult: success, version: HTTP/1.1)
POST /session/ef58ad2d6e4f6b42b760cced3853b193/element HTTP/1.1
User-Agent: selenium/4.1.2 (java windows)
Content-Length: 81
Content-Type: application/json; charset=utf-8
host: localhost:51211
accept: */*

Response DefaultHttpResponse(decodeResult: success, version: HTTP/1.1)
HTTP/1.1 200 OK
Content-Type: application/json; charset=utf-8
cache-control: no-cache
content-length: 88

23:13:39.074 [AsyncHttpClient-1-3] DEBUG org.asynchttpclient.netty.channel.ChannelManager - Adding key: http://localhost:51211 for channel [id: 0x329afee6, L:/127.0.0.1:62863 - R:localhost/127.0.0.1:51211]
23:13:39.076 [Forwarding getElementTagName on session ef58ad2d6e4f6b42b760cced3853b193 to remote] DEBUG org.asynchttpclient.netty.request.NettyRequestSender - Using pooled Channel '[id: 0x329afee6, L:/127.0.0.1:62863 - R:localhost/127.0.0.1:51211]' for 'GET' to 'http://localhost:51211/session/ef58ad2d6e4f6b42b760cced3853b193/element/9123528b-61bc-4aa5-b1cd-409f3abf14d3/name'
23:13:39.076 [Forwarding getElementTagName on session ef58ad2d6e4f6b42b760cced3853b193 to remote] DEBUG org.asynchttpclient.netty.request.NettyRequestSender - Using open Channel [id: 0x329afee6, L:/127.0.0.1:62863 - R:localhost/127.0.0.1:51211] for GET '/session/ef58ad2d6e4f6b42b760cced3853b193/element/9123528b-61bc-4aa5-b1cd-409f3abf14d3/name'
23:13:39.080 [AsyncHttpClient-1-3] DEBUG org.asynchttpclient.netty.handler.HttpHandler - 

Request DefaultFullHttpRequest(decodeResult: success, version: HTTP/1.1, content: EmptyByteBufBE)
GET /session/ef58ad2d6e4f6b42b760cced3853b193/element/9123528b-61bc-4aa5-b1cd-409f3abf14d3/name HTTP/1.1
User-Agent: selenium/4.1.2 (java windows)
Cache-Control: no-cache
Content-Type: application/json; charset=utf-8
host: localhost:51211
accept: */*

Response DefaultHttpResponse(decodeResult: success, version: HTTP/1.1)
HTTP/1.1 200 OK
Content-Type: application/json; charset=utf-8
cache-control: no-cache
content-length: 16

23:13:39.080 [AsyncHttpClient-1-3] DEBUG org.asynchttpclient.netty.channel.ChannelManager - Adding key: http://localhost:51211 for channel [id: 0x329afee6, L:/127.0.0.1:62863 - R:localhost/127.0.0.1:51211]
23:13:39.081 [Forwarding getElementTagName on session ef58ad2d6e4f6b42b760cced3853b193 to remote] DEBUG org.asynchttpclient.netty.request.NettyRequestSender - Using pooled Channel '[id: 0x329afee6, L:/127.0.0.1:62863 - R:localhost/127.0.0.1:51211]' for 'GET' to 'http://localhost:51211/session/ef58ad2d6e4f6b42b760cced3853b193/element/9123528b-61bc-4aa5-b1cd-409f3abf14d3/name'
23:13:39.081 [Forwarding getElementTagName on session ef58ad2d6e4f6b42b760cced3853b193 to remote] DEBUG org.asynchttpclient.netty.request.NettyRequestSender - Using open Channel [id: 0x329afee6, L:/127.0.0.1:62863 - R:localhost/127.0.0.1:51211] for GET '/session/ef58ad2d6e4f6b42b760cced3853b193/element/9123528b-61bc-4aa5-b1cd-409f3abf14d3/name'
23:13:39.084 [AsyncHttpClient-1-3] DEBUG org.asynchttpclient.netty.handler.HttpHandler - 

Request DefaultFullHttpRequest(decodeResult: success, version: HTTP/1.1, content: EmptyByteBufBE)
GET /session/ef58ad2d6e4f6b42b760cced3853b193/element/9123528b-61bc-4aa5-b1cd-409f3abf14d3/name HTTP/1.1
User-Agent: selenium/4.1.2 (java windows)
Cache-Control: no-cache
Content-Type: application/json; charset=utf-8
host: localhost:51211
accept: */*

Response DefaultHttpResponse(decodeResult: success, version: HTTP/1.1)
HTTP/1.1 200 OK
Content-Type: application/json; charset=utf-8
cache-control: no-cache
content-length: 16

23:13:39.084 [AsyncHttpClient-1-3] DEBUG org.asynchttpclient.netty.channel.ChannelManager - Adding key: http://localhost:51211 for channel [id: 0x329afee6, L:/127.0.0.1:62863 - R:localhost/127.0.0.1:51211]
23:13:39.085 [Forwarding findElement on session ef58ad2d6e4f6b42b760cced3853b193 to remote] DEBUG org.asynchttpclient.netty.request.NettyRequestSender - Using pooled Channel '[id: 0x329afee6, L:/127.0.0.1:62863 - R:localhost/127.0.0.1:51211]' for 'POST' to 'http://localhost:51211/session/ef58ad2d6e4f6b42b760cced3853b193/element'
23:13:39.085 [Forwarding findElement on session ef58ad2d6e4f6b42b760cced3853b193 to remote] DEBUG org.asynchttpclient.netty.request.NettyRequestSender - Using open Channel [id: 0x329afee6, L:/127.0.0.1:62863 - R:localhost/127.0.0.1:51211] for POST '/session/ef58ad2d6e4f6b42b760cced3853b193/element'
23:13:39.091 [AsyncHttpClient-1-3] DEBUG org.asynchttpclient.netty.handler.HttpHandler - 

Request DefaultHttpRequest(decodeResult: success, version: HTTP/1.1)
POST /session/ef58ad2d6e4f6b42b760cced3853b193/element HTTP/1.1
User-Agent: selenium/4.1.2 (java windows)
Content-Length: 81
Content-Type: application/json; charset=utf-8
host: localhost:51211
accept: */*

Response DefaultHttpResponse(decodeResult: success, version: HTTP/1.1)
HTTP/1.1 200 OK
Content-Type: application/json; charset=utf-8
cache-control: no-cache
content-length: 88

23:13:39.092 [AsyncHttpClient-1-3] DEBUG org.asynchttpclient.netty.channel.ChannelManager - Adding key: http://localhost:51211 for channel [id: 0x329afee6, L:/127.0.0.1:62863 - R:localhost/127.0.0.1:51211]
23:13:39.093 [Forwarding clickElement on session ef58ad2d6e4f6b42b760cced3853b193 to remote] DEBUG org.asynchttpclient.netty.request.NettyRequestSender - Using pooled Channel '[id: 0x329afee6, L:/127.0.0.1:62863 - R:localhost/127.0.0.1:51211]' for 'POST' to 'http://localhost:51211/session/ef58ad2d6e4f6b42b760cced3853b193/element/9123528b-61bc-4aa5-b1cd-409f3abf14d3/click'
23:13:39.093 [Forwarding clickElement on session ef58ad2d6e4f6b42b760cced3853b193 to remote] DEBUG org.asynchttpclient.netty.request.NettyRequestSender - Using open Channel [id: 0x329afee6, L:/127.0.0.1:62863 - R:localhost/127.0.0.1:51211] for POST '/session/ef58ad2d6e4f6b42b760cced3853b193/element/9123528b-61bc-4aa5-b1cd-409f3abf14d3/click'
23:13:39.119 [AsyncHttpClient-1-1] DEBUG org.asynchttpclient.netty.channel.DefaultChannelPool - Entry count for : http://localhost:62864 : 1
23:13:39.522 [AsyncHttpClient-1-3] DEBUG org.asynchttpclient.netty.handler.HttpHandler - 

Request DefaultHttpRequest(decodeResult: success, version: HTTP/1.1)
POST /session/ef58ad2d6e4f6b42b760cced3853b193/element/9123528b-61bc-4aa5-b1cd-409f3abf14d3/click HTTP/1.1
User-Agent: selenium/4.1.2 (java windows)
Content-Length: 50
Content-Type: application/json; charset=utf-8
host: localhost:51211
accept: */*

Response DefaultHttpResponse(decodeResult: success, version: HTTP/1.1)
HTTP/1.1 200 OK
Content-Type: application/json; charset=utf-8
cache-control: no-cache
content-length: 14

23:13:39.522 [AsyncHttpClient-1-3] DEBUG org.asynchttpclient.netty.channel.ChannelManager - Adding key: http://localhost:51211 for channel [id: 0x329afee6, L:/127.0.0.1:62863 - R:localhost/127.0.0.1:51211]
  &amp#27;[32mThen &amp#27;[0m&amp#27;[32mI click baby on the header&amp#27;[0m &amp#27;[90m# starter.stepdefinitions.BabyStep.iClickBabyOnTheHeader()&amp#27;[0m
23:13:39.531 [Forwarding screenshot on session ef58ad2d6e4f6b42b760cced3853b193 to remote] DEBUG org.asynchttpclient.netty.request.NettyRequestSender - Using pooled Channel '[id: 0x329afee6, L:/127.0.0.1:62863 - R:localhost/127.0.0.1:51211]' for 'GET' to 'http://localhost:51211/session/ef58ad2d6e4f6b42b760cced3853b193/screenshot'
23:13:39.531 [Forwarding screenshot on session ef58ad2d6e4f6b42b760cced3853b193 to remote] DEBUG org.asynchttpclient.netty.request.NettyRequestSender - Using open Channel [id: 0x329afee6, L:/127.0.0.1:62863 - R:localhost/127.0.0.1:51211] for GET '/session/ef58ad2d6e4f6b42b760cced3853b193/screenshot'
23:13:39.648 [AsyncHttpClient-1-3] DEBUG org.asynchttpclient.netty.handler.HttpHandler - 

Request DefaultFullHttpRequest(decodeResult: success, version: HTTP/1.1, content: EmptyByteBufBE)
GET /session/ef58ad2d6e4f6b42b760cced3853b193/screenshot HTTP/1.1
User-Agent: selenium/4.1.2 (java windows)
Cache-Control: no-cache
Content-Type: application/json; charset=utf-8
host: localhost:51211
accept: */*

Response DefaultHttpResponse(decodeResult: success, version: HTTP/1.1)
HTTP/1.1 200 OK
Content-Type: application/json; charset=utf-8
cache-control: no-cache
content-length: 61816

23:13:39.648 [AsyncHttpClient-1-3] DEBUG org.asynchttpclient.netty.channel.ChannelManager - Adding key: http://localhost:51211 for channel [id: 0x329afee6, L:/127.0.0.1:62863 - R:localhost/127.0.0.1:51211]
23:13:39.651 [main] DEBUG net.serenitybdd.core.photography.Darkroom - Send negative for processing for target\site\serenity\5b31d5e614668d2bcda9561786ada5ef763160918f6c9d1435da003ab94fed82.png
23:13:39.658 [Forwarding findElement on session ef58ad2d6e4f6b42b760cced3853b193 to remote] DEBUG org.asynchttpclient.netty.request.NettyRequestSender - Using pooled Channel '[id: 0x329afee6, L:/127.0.0.1:62863 - R:localhost/127.0.0.1:51211]' for 'POST' to 'http://localhost:51211/session/ef58ad2d6e4f6b42b760cced3853b193/element'
23:13:39.658 [Forwarding findElement on session ef58ad2d6e4f6b42b760cced3853b193 to remote] DEBUG org.asynchttpclient.netty.request.NettyRequestSender - Using open Channel [id: 0x329afee6, L:/127.0.0.1:62863 - R:localhost/127.0.0.1:51211] for POST '/session/ef58ad2d6e4f6b42b760cced3853b193/element'
23:13:39.669 [AsyncHttpClient-1-3] DEBUG org.asynchttpclient.netty.handler.HttpHandler - 

Request DefaultHttpRequest(decodeResult: success, version: HTTP/1.1)
POST /session/ef58ad2d6e4f6b42b760cced3853b193/element HTTP/1.1
User-Agent: selenium/4.1.2 (java windows)
Content-Length: 104
Content-Type: application/json; charset=utf-8
host: localhost:51211
accept: */*

Response DefaultHttpResponse(decodeResult: success, version: HTTP/1.1)
HTTP/1.1 200 OK
Content-Type: application/json; charset=utf-8
cache-control: no-cache
content-length: 88

23:13:39.669 [AsyncHttpClient-1-3] DEBUG org.asynchttpclient.netty.channel.ChannelManager - Adding key: http://localhost:51211 for channel [id: 0x329afee6, L:/127.0.0.1:62863 - R:localhost/127.0.0.1:51211]
23:13:39.671 [Forwarding getElementTagName on session ef58ad2d6e4f6b42b760cced3853b193 to remote] DEBUG org.asynchttpclient.netty.request.NettyRequestSender - Using pooled Channel '[id: 0x329afee6, L:/127.0.0.1:62863 - R:localhost/127.0.0.1:51211]' for 'GET' to 'http://localhost:51211/session/ef58ad2d6e4f6b42b760cced3853b193/element/e278a533-0572-465e-a74c-fdce7aaad312/name'
23:13:39.671 [Forwarding getElementTagName on session ef58ad2d6e4f6b42b760cced3853b193 to remote] DEBUG org.asynchttpclient.netty.request.NettyRequestSender - Using open Channel [id: 0x329afee6, L:/127.0.0.1:62863 - R:localhost/127.0.0.1:51211] for GET '/session/ef58ad2d6e4f6b42b760cced3853b193/element/e278a533-0572-465e-a74c-fdce7aaad312/name'
23:13:39.677 [AsyncHttpClient-1-3] DEBUG org.asynchttpclient.netty.handler.HttpHandler - 

Request DefaultFullHttpRequest(decodeResult: success, version: HTTP/1.1, content: EmptyByteBufBE)
GET /session/ef58ad2d6e4f6b42b760cced3853b193/element/e278a533-0572-465e-a74c-fdce7aaad312/name HTTP/1.1
User-Agent: selenium/4.1.2 (java windows)
Cache-Control: no-cache
Content-Type: application/json; charset=utf-8
host: localhost:51211
accept: */*

Response DefaultHttpResponse(decodeResult: success, version: HTTP/1.1)
HTTP/1.1 200 OK
Content-Type: application/json; charset=utf-8
cache-control: no-cache
content-length: 16

23:13:39.677 [AsyncHttpClient-1-3] DEBUG org.asynchttpclient.netty.channel.ChannelManager - Adding key: http://localhost:51211 for channel [id: 0x329afee6, L:/127.0.0.1:62863 - R:localhost/127.0.0.1:51211]
23:13:39.679 [Forwarding getElementTagName on session ef58ad2d6e4f6b42b760cced3853b193 to remote] DEBUG org.asynchttpclient.netty.request.NettyRequestSender - Using pooled Channel '[id: 0x329afee6, L:/127.0.0.1:62863 - R:localhost/127.0.0.1:51211]' for 'GET' to 'http://localhost:51211/session/ef58ad2d6e4f6b42b760cced3853b193/element/e278a533-0572-465e-a74c-fdce7aaad312/name'
23:13:39.679 [Forwarding getElementTagName on session ef58ad2d6e4f6b42b760cced3853b193 to remote] DEBUG org.asynchttpclient.netty.request.NettyRequestSender - Using open Channel [id: 0x329afee6, L:/127.0.0.1:62863 - R:localhost/127.0.0.1:51211] for GET '/session/ef58ad2d6e4f6b42b760cced3853b193/element/e278a533-0572-465e-a74c-fdce7aaad312/name'
23:13:39.682 [AsyncHttpClient-1-3] DEBUG org.asynchttpclient.netty.handler.HttpHandler - 

Request DefaultFullHttpRequest(decodeResult: success, version: HTTP/1.1, content: EmptyByteBufBE)
GET /session/ef58ad2d6e4f6b42b760cced3853b193/element/e278a533-0572-465e-a74c-fdce7aaad312/name HTTP/1.1
User-Agent: selenium/4.1.2 (java windows)
Cache-Control: no-cache
Content-Type: application/json; charset=utf-8
host: localhost:51211
accept: */*

Response DefaultHttpResponse(decodeResult: success, version: HTTP/1.1)
HTTP/1.1 200 OK
Content-Type: application/json; charset=utf-8
cache-control: no-cache
content-length: 16

23:13:39.682 [AsyncHttpClient-1-3] DEBUG org.asynchttpclient.netty.channel.ChannelManager - Adding key: http://localhost:51211 for channel [id: 0x329afee6, L:/127.0.0.1:62863 - R:localhost/127.0.0.1:51211]
23:13:39.684 [Forwarding findElement on session ef58ad2d6e4f6b42b760cced3853b193 to remote] DEBUG org.asynchttpclient.netty.request.NettyRequestSender - Using pooled Channel '[id: 0x329afee6, L:/127.0.0.1:62863 - R:localhost/127.0.0.1:51211]' for 'POST' to 'http://localhost:51211/session/ef58ad2d6e4f6b42b760cced3853b193/element'
23:13:39.684 [Forwarding findElement on session ef58ad2d6e4f6b42b760cced3853b193 to remote] DEBUG org.asynchttpclient.netty.request.NettyRequestSender - Using open Channel [id: 0x329afee6, L:/127.0.0.1:62863 - R:localhost/127.0.0.1:51211] for POST '/session/ef58ad2d6e4f6b42b760cced3853b193/element'
23:13:39.692 [AsyncHttpClient-1-3] DEBUG org.asynchttpclient.netty.handler.HttpHandler - 

Request DefaultHttpRequest(decodeResult: success, version: HTTP/1.1)
POST /session/ef58ad2d6e4f6b42b760cced3853b193/element HTTP/1.1
User-Agent: selenium/4.1.2 (java windows)
Content-Length: 104
Content-Type: application/json; charset=utf-8
host: localhost:51211
accept: */*

Response DefaultHttpResponse(decodeResult: success, version: HTTP/1.1)
HTTP/1.1 200 OK
Content-Type: application/json; charset=utf-8
cache-control: no-cache
content-length: 88

23:13:39.692 [AsyncHttpClient-1-3] DEBUG org.asynchttpclient.netty.channel.ChannelManager - Adding key: http://localhost:51211 for channel [id: 0x329afee6, L:/127.0.0.1:62863 - R:localhost/127.0.0.1:51211]
23:13:39.694 [Forwarding clickElement on session ef58ad2d6e4f6b42b760cced3853b193 to remote] DEBUG org.asynchttpclient.netty.request.NettyRequestSender - Using pooled Channel '[id: 0x329afee6, L:/127.0.0.1:62863 - R:localhost/127.0.0.1:51211]' for 'POST' to 'http://localhost:51211/session/ef58ad2d6e4f6b42b760cced3853b193/element/e278a533-0572-465e-a74c-fdce7aaad312/click'
23:13:39.694 [Forwarding clickElement on session ef58ad2d6e4f6b42b760cced3853b193 to remote] DEBUG org.asynchttpclient.netty.request.NettyRequestSender - Using open Channel [id: 0x329afee6, L:/127.0.0.1:62863 - R:localhost/127.0.0.1:51211] for POST '/session/ef58ad2d6e4f6b42b760cced3853b193/element/e278a533-0572-465e-a74c-fdce7aaad312/click'
23:13:39.874 [AsyncHttpClient-1-3] DEBUG org.asynchttpclient.netty.handler.HttpHandler - 

Request DefaultHttpRequest(decodeResult: success, version: HTTP/1.1)
POST /session/ef58ad2d6e4f6b42b760cced3853b193/element/e278a533-0572-465e-a74c-fdce7aaad312/click HTTP/1.1
User-Agent: selenium/4.1.2 (java windows)
Content-Length: 50
Content-Type: application/json; charset=utf-8
host: localhost:51211
accept: */*

Response DefaultHttpResponse(decodeResult: success, version: HTTP/1.1)
HTTP/1.1 200 OK
Content-Type: application/json; charset=utf-8
cache-control: no-cache
content-length: 14

23:13:39.874 [AsyncHttpClient-1-3] DEBUG org.asynchttpclient.netty.channel.ChannelManager - Adding key: http://localhost:51211 for channel [id: 0x329afee6, L:/127.0.0.1:62863 - R:localhost/127.0.0.1:51211]
  &amp#27;[32mWhen &amp#27;[0m&amp#27;[32mI will go to airism &amp#27;[0m&amp#27;[32m&amp#27;[1m1&amp#27;[0m      &amp#27;[90m# starter.stepdefinitions.BabyStep.iWillGoToAirism(int)&amp#27;[0m
23:13:39.884 [Forwarding screenshot on session ef58ad2d6e4f6b42b760cced3853b193 to remote] DEBUG org.asynchttpclient.netty.request.NettyRequestSender - Using pooled Channel '[id: 0x329afee6, L:/127.0.0.1:62863 - R:localhost/127.0.0.1:51211]' for 'GET' to 'http://localhost:51211/session/ef58ad2d6e4f6b42b760cced3853b193/screenshot'
23:13:39.884 [Forwarding screenshot on session ef58ad2d6e4f6b42b760cced3853b193 to remote] DEBUG org.asynchttpclient.netty.request.NettyRequestSender - Using open Channel [id: 0x329afee6, L:/127.0.0.1:62863 - R:localhost/127.0.0.1:51211] for GET '/session/ef58ad2d6e4f6b42b760cced3853b193/screenshot'
23:13:40.228 [AsyncHttpClient-1-1] DEBUG org.asynchttpclient.netty.channel.DefaultChannelPool - Entry count for : http://localhost:62864 : 1
23:13:40.260 [AsyncHttpClient-1-3] DEBUG org.asynchttpclient.netty.handler.HttpHandler - 

Request DefaultFullHttpRequest(decodeResult: success, version: HTTP/1.1, content: EmptyByteBufBE)
GET /session/ef58ad2d6e4f6b42b760cced3853b193/screenshot HTTP/1.1
User-Agent: selenium/4.1.2 (java windows)
Cache-Control: no-cache
Content-Type: application/json; charset=utf-8
host: localhost:51211
accept: */*

Response DefaultHttpResponse(decodeResult: success, version: HTTP/1.1)
HTTP/1.1 200 OK
Content-Type: application/json; charset=utf-8
cache-control: no-cache
content-length: 81164

23:13:40.260 [AsyncHttpClient-1-3] DEBUG org.asynchttpclient.netty.channel.ChannelManager - Adding key: http://localhost:51211 for channel [id: 0x329afee6, L:/127.0.0.1:62863 - R:localhost/127.0.0.1:51211]
23:13:40.263 [main] DEBUG net.serenitybdd.core.photography.Darkroom - Send negative for processing for target\site\serenity\247a635e2ac3e027c631a079c1cc717ac752125b1b15fa74dd22786dbd8a7549.png
23:13:40.264 [Darkroom Processing Line] DEBUG net.serenitybdd.core.photography.DarkroomProcessingLine - Processing screenshot image in /var/screenshots/screenshot-13521378478036996920
23:13:40.264 [Darkroom Processing Line] DEBUG net.serenitybdd.core.photography.DarkroomProcessingLine - Saving screenshot to target\site\serenity\247a635e2ac3e027c631a079c1cc717ac752125b1b15fa74dd22786dbd8a7549.png
23:13:40.265 [main] INFO  - 
  _____   ___   ___   _____     ___     _     ___   ___   ___   ___  
 |_   _| | __| / __| |_   _|   | _ \   /_\   / __| / __| | __| |   \ 
   | |   | _|  \__ \   | |     |  _/  / _ \  \__ \ \__ \ | _|  | |) |
   |_|   |___| |___/   |_|     |_|   /_/ \_\ |___/ |___/ |___| |___/ 

Menu AIRism 1
----------------------------------------------------------------------
23:13:40.266 [AsyncHttpClient-1-5] DEBUG org.asynchttpclient.netty.handler.WebSocketHandler - Channel Closed: [id: 0x01f2c5ad, L:/127.0.0.1:62871 ! R:localhost/127.0.0.1:62864] with attribute NettyResponseFuture{currentRetry=5,
	isDone=1,
	isCancelled=0,
	asyncHandler=org.asynchttpclient.ws.WebSocketUpgradeHandler@35d6de0,
	nettyRequest=org.asynchttpclient.netty.request.NettyRequest@4bbb7ea3,
	future=java.util.concurrent.CompletableFuture@4593f901[Completed normally],
	uri=ws://localhost:62864/devtools/browser/4f6e5230-9ae3-4cad-a1fd-623bacd37171,
	keepAlive=true,
	redirectCount=0,
	timeoutsHolder=null,
	inAuth=0,
	touch=1680538399252}
23:13:40.266 [AsyncHttpClient-1-5] DEBUG org.asynchttpclient.netty.channel.ChannelManager - Closing Channel [id: 0x01f2c5ad, L:/127.0.0.1:62871 ! R:localhost/127.0.0.1:62864] 
23:13:40.267 [Driver Command Executor] DEBUG org.asynchttpclient.netty.request.NettyRequestSender - Using pooled Channel '[id: 0x329afee6, L:/127.0.0.1:62863 - R:localhost/127.0.0.1:51211]' for 'DELETE' to 'http://localhost:51211/session/ef58ad2d6e4f6b42b760cced3853b193'
23:13:40.267 [Driver Command Executor] DEBUG org.asynchttpclient.netty.request.NettyRequestSender - Using open Channel [id: 0x329afee6, L:/127.0.0.1:62863 - R:localhost/127.0.0.1:51211] for DELETE '/session/ef58ad2d6e4f6b42b760cced3853b193'
23:13:40.305 [AsyncHttpClient-1-4] DEBUG org.asynchttpclient.netty.handler.HttpHandler - Unexpected I/O exception on channel [id: 0xfb078ae0, L:/127.0.0.1:62870 - R:localhost/127.0.0.1:62864]
java.net.SocketException: Connection reset
	at java.base/sun.nio.ch.SocketChannelImpl.throwConnectionReset(SocketChannelImpl.java:345)
	at java.base/sun.nio.ch.SocketChannelImpl.read(SocketChannelImpl.java:376)
	at io.netty.buffer.PooledByteBuf.setBytes(PooledByteBuf.java:258)
	at io.netty.buffer.AbstractByteBuf.writeBytes(AbstractByteBuf.java:1132)
	at io.netty.channel.socket.nio.NioSocketChannel.doReadBytes(NioSocketChannel.java:350)
	at io.netty.channel.nio.AbstractNioByteChannel$NioByteUnsafe.read(AbstractNioByteChannel.java:151)
	at io.netty.channel.nio.NioEventLoop.processSelectedKey(NioEventLoop.java:722)
	at io.netty.channel.nio.NioEventLoop.processSelectedKeysOptimized(NioEventLoop.java:658)
	at io.netty.channel.nio.NioEventLoop.processSelectedKeys(NioEventLoop.java:584)
	at io.netty.channel.nio.NioEventLoop.run(NioEventLoop.java:496)
	at io.netty.util.concurrent.SingleThreadEventExecutor$4.run(SingleThreadEventExecutor.java:986)
	at io.netty.util.internal.ThreadExecutorMap$2.run(ThreadExecutorMap.java:74)
	at io.netty.util.concurrent.FastThreadLocalRunnable.run(FastThreadLocalRunnable.java:30)
	at java.base/java.lang.Thread.run(Thread.java:830)
23:13:40.305 [AsyncHttpClient-1-4] DEBUG org.asynchttpclient.netty.channel.ChannelManager - Closing Channel [id: 0xfb078ae0, L:/127.0.0.1:62870 - R:localhost/127.0.0.1:62864] 
23:13:40.305 [AsyncHttpClient-1-4] DEBUG org.asynchttpclient.netty.handler.HttpHandler - Channel Closed: [id: 0xfb078ae0, L:/127.0.0.1:62870 ! R:localhost/127.0.0.1:62864] with attribute DISCARD
23:13:40.358 [AsyncHttpClient-1-3] DEBUG org.asynchttpclient.netty.handler.HttpHandler - 

Request DefaultFullHttpRequest(decodeResult: success, version: HTTP/1.1, content: EmptyByteBufBE)
DELETE /session/ef58ad2d6e4f6b42b760cced3853b193 HTTP/1.1
User-Agent: selenium/4.1.2 (java windows)
Content-Type: application/json; charset=utf-8
host: localhost:51211
accept: */*

Response DefaultHttpResponse(decodeResult: success, version: HTTP/1.1)
HTTP/1.1 200 OK
Content-Type: application/json; charset=utf-8
cache-control: no-cache
content-length: 14

23:13:40.358 [AsyncHttpClient-1-3] DEBUG org.asynchttpclient.netty.channel.ChannelManager - Adding key: http://localhost:51211 for channel [id: 0x329afee6, L:/127.0.0.1:62863 - R:localhost/127.0.0.1:51211]
23:13:40.433 [AsyncHttpClient-1-3] DEBUG org.asynchttpclient.netty.handler.HttpHandler - Channel Closed: [id: 0x329afee6, L:/127.0.0.1:62863 ! R:localhost/127.0.0.1:51211] with attribute DISCARD
]]></system-out>
    <system-err><![CDATA[Starting Microsoft Edge WebDriver 111.0.1661.62 (0a8f453929e6410c973aa529a40485ce4e3e03db) on port 51211
To submit feedback, report a bug, or suggest new features, please visit https://github.com/MicrosoftEdge/EdgeWebDriver

Only local connections are allowed.
Please see https://aka.ms/WebDriverSecurity for suggestions on keeping Microsoft Edge WebDriver safe.

Microsoft Edge WebDriver was started successfully.
Apr 03, 2023 11:13:19 PM org.openqa.selenium.remote.ProtocolHandshake createSession
INFO: Detected dialect: W3C
Apr 03, 2023 11:13:19 PM org.openqa.selenium.devtools.CdpVersionFinder findNearestMatch
WARNING: Unable to find an exact match for CDP version 111, so returning the closest version found: a no-op implementation
Apr 03, 2023 11:13:19 PM org.openqa.selenium.devtools.CdpVersionFinder findNearestMatch
INFO: Unable to find CDP implementation matching 111.
Apr 03, 2023 11:13:19 PM org.openqa.selenium.chromium.ChromiumDriver lambda$new$3
WARNING: Unable to find version of CDP to use for . You may need to include a dependency on a specific version of the CDP using something similar to `org.seleniumhq.selenium:selenium-devtools-v86:4.1.2` where the version ("v86") matches the version of the chromium-based browser you're using and the version number of the artifact is the same as Selenium's.
]]></system-err>
  </testcase>
  <testcase name="Menu Kaos Kaki 1" classname="Baby" time="21.065">
    <system-out><![CDATA[
Scenario: Menu Kaos Kaki 1        &amp#27;[90m# src/test/resources/features/Baby.feature:66&amp#27;[0m
23:13:41.019 [main] INFO io.cucumber.core.plugin.SerenityReporter - Running feature from file:///C:/Users/alwi/IdeaProjects/uniqloweb/src/test/resources/features/Baby.feature
23:13:41.021 [main] INFO  - 
  _____   ___   ___   _____     ___   _____     _     ___   _____   ___   ___  
 |_   _| | __| / __| |_   _|   / __| |_   _|   /_\   | _ \ |_   _| | __| |   \ 
   | |   | _|  \__ \   | |     \__ \   | |    / _ \  |   /   | |   | _|  | |) |
   |_|   |___| |___/   |_|     |___/   |_|   /_/ \_\ |_|_\   |_|   |___| |___/ 

Menu Kaos Kaki 1(baby;menu-kaos-kaki-1)
--------------------------------------------------------------------------------
23:13:41.143 [main] DEBUG io.github.bonigarcia.wdm.cache.ResolutionCache - Resolution edge=111 in cache (valid until 23:36:32 03/04/2023 WIB)
23:13:41.146 [main] DEBUG io.github.bonigarcia.wdm.cache.ResolutionCache - Resolution edge111=111.0.1661.62 in cache (valid until 12:22:00 04/04/2023 WIB)
23:13:41.148 [main] INFO io.github.bonigarcia.wdm.WebDriverManager - Using msedgedriver 111.0.1661.62 (resolved driver for Edge 111)
23:13:41.158 [main] DEBUG io.github.bonigarcia.wdm.WebDriverManager - Driver msedgedriver 111.0.1661.62 found in cache
23:13:41.158 [main] INFO io.github.bonigarcia.wdm.WebDriverManager - Exporting webdriver.edge.driver as C:\Users\alwi\.cache\selenium\msedgedriver\win64\111.0.1661.62\msedgedriver.exe
23:13:41.160 [main] DEBUG net.serenitybdd.core.webdriver.driverproviders.ProvideNewDriver - Instantiating driver
23:13:41.160 [main] DEBUG net.serenitybdd.core.webdriver.driverproviders.ProvideNewDriver - Driver capabilities: Capabilities {base.url: https://www.uniqlo.com, chrome.driver: src/test/resources/webdrive..., driver: edge, ms:edgeChromium: true, ms:edgeOptions: {}, wait.for.timeout: 6000}
23:13:41.327 [AsyncHttpClient-1-1] DEBUG org.asynchttpclient.netty.channel.DefaultChannelPool - Entry count for : http://localhost:51211 : 1
23:13:41.327 [AsyncHttpClient-1-1] DEBUG org.asynchttpclient.netty.channel.DefaultChannelPool - Entry count for : http://localhost:62864 : 1
23:13:41.327 [AsyncHttpClient-1-1] DEBUG org.asynchttpclient.netty.channel.DefaultChannelPool - Adding Candidate expired Channel [id: 0x329afee6, L:/127.0.0.1:62863 ! R:localhost/127.0.0.1:51211] isIdleTimeoutExpired=false isRemotelyClosed=true isTtlExpired=false
23:13:41.327 [AsyncHttpClient-1-1] DEBUG org.asynchttpclient.netty.channel.DefaultChannelPool - Closing Idle Channel [id: 0x329afee6, L:/127.0.0.1:62863 ! R:localhost/127.0.0.1:51211]
23:13:41.327 [AsyncHttpClient-1-1] DEBUG org.asynchttpclient.netty.channel.DefaultChannelPool - Adding Candidate expired Channel [id: 0xfb078ae0, L:/127.0.0.1:62870 ! R:localhost/127.0.0.1:62864] isIdleTimeoutExpired=false isRemotelyClosed=true isTtlExpired=false
23:13:41.327 [AsyncHttpClient-1-1] DEBUG org.asynchttpclient.netty.channel.DefaultChannelPool - Closing Idle Channel [id: 0xfb078ae0, L:/127.0.0.1:62870 ! R:localhost/127.0.0.1:62864]
23:13:41.327 [AsyncHttpClient-1-1] DEBUG org.asynchttpclient.netty.channel.DefaultChannelPool - Closed 2 connections out of 2 in 0 ms
23:13:41.693 [AsyncHttpClient-1-6] DEBUG org.asynchttpclient.netty.channel.NettyConnectListener - Using new Channel '[id: 0x5aa61af5, L:/127.0.0.1:63006 - R:localhost/127.0.0.1:64600]' for 'POST' to '/session'
23:13:42.246 [AsyncHttpClient-1-6] DEBUG org.asynchttpclient.netty.handler.HttpHandler - 

Request DefaultHttpRequest(decodeResult: success, version: HTTP/1.1)
POST /session HTTP/1.1
User-Agent: selenium/4.1.2 (java windows)
Content-Length: 627
Content-Type: application/json; charset=utf-8
host: localhost:64600
accept: */*

Response DefaultHttpResponse(decodeResult: success, version: HTTP/1.1)
HTTP/1.1 200 OK
Content-Type: application/json; charset=utf-8
cache-control: no-cache
content-length: 823

23:13:42.246 [AsyncHttpClient-1-6] DEBUG org.asynchttpclient.netty.channel.ChannelManager - Adding key: http://localhost:64600 for channel [id: 0x5aa61af5, L:/127.0.0.1:63006 - R:localhost/127.0.0.1:64600]
23:13:42.252 [AsyncHttpClient-1-7] DEBUG org.asynchttpclient.netty.channel.NettyConnectListener - Using new Channel '[id: 0x32852f0c, L:/127.0.0.1:63013 - R:localhost/127.0.0.1:63007]' for 'GET' to '/json/version'
23:13:42.253 [AsyncHttpClient-1-7] DEBUG org.asynchttpclient.netty.handler.HttpHandler - 

Request DefaultFullHttpRequest(decodeResult: success, version: HTTP/1.1, content: EmptyByteBufBE)
GET /json/version HTTP/1.1
User-Agent: selenium/4.1.2 (java windows)
host: localhost:63007
accept: */*

Response DefaultHttpResponse(decodeResult: success, version: HTTP/1.1)
HTTP/1.1 200 OK
Content-Security-Policy: frame-ancestors 'none'
Content-Type: application/json; charset=UTF-8
content-length: 436

23:13:42.253 [AsyncHttpClient-1-7] DEBUG org.asynchttpclient.netty.channel.ChannelManager - Adding key: http://localhost:63007 for channel [id: 0x32852f0c, L:/127.0.0.1:63013 - R:localhost/127.0.0.1:63007]
23:13:42.255 [AsyncHttpClient-1-8] DEBUG org.asynchttpclient.netty.channel.NettyConnectListener - Using new Channel '[id: 0x659b41cf, L:/127.0.0.1:63014 - R:localhost/127.0.0.1:63007]' for 'GET' to '/devtools/browser/f3ba0aaf-5c76-4197-b909-bd9cc1db0859'
23:13:42.256 [AsyncHttpClient-1-8] DEBUG org.asynchttpclient.netty.handler.WebSocketHandler - 

Request DefaultFullHttpRequest(decodeResult: success, version: HTTP/1.1, content: EmptyByteBufBE)
GET /devtools/browser/f3ba0aaf-5c76-4197-b909-bd9cc1db0859 HTTP/1.1
upgrade: websocket
connection: upgrade
sec-websocket-key: IgWOVRgu6L5Z0Ka+G1ICWQ==
sec-websocket-version: 13
origin: http://localhost:63007
host: localhost:63007
accept: */*
user-agent: AHC/2.1

Response DefaultHttpResponse(decodeResult: success, version: HTTP/1.1)
HTTP/1.1 101 WebSocket Protocol Handshake
Upgrade: WebSocket
Connection: Upgrade
Sec-WebSocket-Accept: hn6v88NtQgBLqDM7ZnjoGyuLqkI=

23:13:42.259 [Forwarding get on session 60b8136c52ef14d1de530a83ce5b818e to remote] DEBUG org.asynchttpclient.netty.request.NettyRequestSender - Using pooled Channel '[id: 0x5aa61af5, L:/127.0.0.1:63006 - R:localhost/127.0.0.1:64600]' for 'POST' to 'http://localhost:64600/session/60b8136c52ef14d1de530a83ce5b818e/url'
23:13:42.259 [Forwarding get on session 60b8136c52ef14d1de530a83ce5b818e to remote] DEBUG org.asynchttpclient.netty.request.NettyRequestSender - Using open Channel [id: 0x5aa61af5, L:/127.0.0.1:63006 - R:localhost/127.0.0.1:64600] for POST '/session/60b8136c52ef14d1de530a83ce5b818e/url'
23:13:42.419 [AsyncHttpClient-1-1] DEBUG org.asynchttpclient.netty.channel.DefaultChannelPool - Entry count for : http://localhost:63007 : 1
23:13:43.523 [AsyncHttpClient-1-1] DEBUG org.asynchttpclient.netty.channel.DefaultChannelPool - Entry count for : http://localhost:63007 : 1
23:13:44.620 [AsyncHttpClient-1-1] DEBUG org.asynchttpclient.netty.channel.DefaultChannelPool - Entry count for : http://localhost:63007 : 1
23:13:45.720 [AsyncHttpClient-1-1] DEBUG org.asynchttpclient.netty.channel.DefaultChannelPool - Entry count for : http://localhost:63007 : 1
23:13:46.825 [AsyncHttpClient-1-1] DEBUG org.asynchttpclient.netty.channel.DefaultChannelPool - Entry count for : http://localhost:63007 : 1
23:13:47.919 [AsyncHttpClient-1-1] DEBUG org.asynchttpclient.netty.channel.DefaultChannelPool - Entry count for : http://localhost:63007 : 1
23:13:49.026 [AsyncHttpClient-1-1] DEBUG org.asynchttpclient.netty.channel.DefaultChannelPool - Entry count for : http://localhost:63007 : 1
23:13:50.119 [AsyncHttpClient-1-1] DEBUG org.asynchttpclient.netty.channel.DefaultChannelPool - Entry count for : http://localhost:63007 : 1
23:13:51.220 [AsyncHttpClient-1-1] DEBUG org.asynchttpclient.netty.channel.DefaultChannelPool - Entry count for : http://localhost:63007 : 1
23:13:52.322 [AsyncHttpClient-1-1] DEBUG org.asynchttpclient.netty.channel.DefaultChannelPool - Entry count for : http://localhost:63007 : 1
23:13:53.430 [AsyncHttpClient-1-1] DEBUG org.asynchttpclient.netty.channel.DefaultChannelPool - Entry count for : http://localhost:63007 : 1
23:13:54.520 [AsyncHttpClient-1-1] DEBUG org.asynchttpclient.netty.channel.DefaultChannelPool - Entry count for : http://localhost:63007 : 1
23:13:55.619 [AsyncHttpClient-1-1] DEBUG org.asynchttpclient.netty.channel.DefaultChannelPool - Entry count for : http://localhost:63007 : 1
23:13:56.719 [AsyncHttpClient-1-1] DEBUG org.asynchttpclient.netty.channel.DefaultChannelPool - Entry count for : http://localhost:63007 : 1
23:13:57.819 [AsyncHttpClient-1-1] DEBUG org.asynchttpclient.netty.channel.DefaultChannelPool - Entry count for : http://localhost:63007 : 1
23:13:58.922 [AsyncHttpClient-1-1] DEBUG org.asynchttpclient.netty.channel.DefaultChannelPool - Entry count for : http://localhost:63007 : 1
23:13:59.640 [AsyncHttpClient-1-6] DEBUG org.asynchttpclient.netty.handler.HttpHandler - 

Request DefaultHttpRequest(decodeResult: success, version: HTTP/1.1)
POST /session/60b8136c52ef14d1de530a83ce5b818e/url HTTP/1.1
User-Agent: selenium/4.1.2 (java windows)
Content-Length: 53
Content-Type: application/json; charset=utf-8
host: localhost:64600
accept: */*

Response DefaultHttpResponse(decodeResult: success, version: HTTP/1.1)
HTTP/1.1 200 OK
Content-Type: application/json; charset=utf-8
cache-control: no-cache
content-length: 14

23:13:59.640 [AsyncHttpClient-1-6] DEBUG org.asynchttpclient.netty.channel.ChannelManager - Adding key: http://localhost:64600 for channel [id: 0x5aa61af5, L:/127.0.0.1:63006 - R:localhost/127.0.0.1:64600]
23:13:59.643 [Forwarding setTimeout on session 60b8136c52ef14d1de530a83ce5b818e to remote] DEBUG org.asynchttpclient.netty.request.NettyRequestSender - Using pooled Channel '[id: 0x5aa61af5, L:/127.0.0.1:63006 - R:localhost/127.0.0.1:64600]' for 'POST' to 'http://localhost:64600/session/60b8136c52ef14d1de530a83ce5b818e/timeouts'
23:13:59.643 [Forwarding setTimeout on session 60b8136c52ef14d1de530a83ce5b818e to remote] DEBUG org.asynchttpclient.netty.request.NettyRequestSender - Using open Channel [id: 0x5aa61af5, L:/127.0.0.1:63006 - R:localhost/127.0.0.1:64600] for POST '/session/60b8136c52ef14d1de530a83ce5b818e/timeouts'
23:13:59.644 [AsyncHttpClient-1-6] DEBUG org.asynchttpclient.netty.handler.HttpHandler - 

Request DefaultHttpRequest(decodeResult: success, version: HTTP/1.1)
POST /session/60b8136c52ef14d1de530a83ce5b818e/timeouts HTTP/1.1
User-Agent: selenium/4.1.2 (java windows)
Content-Length: 22
Content-Type: application/json; charset=utf-8
host: localhost:64600
accept: */*

Response DefaultHttpResponse(decodeResult: success, version: HTTP/1.1)
HTTP/1.1 200 OK
Content-Type: application/json; charset=utf-8
cache-control: no-cache
content-length: 14

23:13:59.644 [AsyncHttpClient-1-6] DEBUG org.asynchttpclient.netty.channel.ChannelManager - Adding key: http://localhost:64600 for channel [id: 0x5aa61af5, L:/127.0.0.1:63006 - R:localhost/127.0.0.1:64600]
23:13:59.648 [Forwarding getCurrentUrl on session 60b8136c52ef14d1de530a83ce5b818e to remote] DEBUG org.asynchttpclient.netty.request.NettyRequestSender - Using pooled Channel '[id: 0x5aa61af5, L:/127.0.0.1:63006 - R:localhost/127.0.0.1:64600]' for 'GET' to 'http://localhost:64600/session/60b8136c52ef14d1de530a83ce5b818e/url'
23:13:59.648 [Forwarding getCurrentUrl on session 60b8136c52ef14d1de530a83ce5b818e to remote] DEBUG org.asynchttpclient.netty.request.NettyRequestSender - Using open Channel [id: 0x5aa61af5, L:/127.0.0.1:63006 - R:localhost/127.0.0.1:64600] for GET '/session/60b8136c52ef14d1de530a83ce5b818e/url'
23:13:59.653 [AsyncHttpClient-1-6] DEBUG org.asynchttpclient.netty.handler.HttpHandler - 

Request DefaultFullHttpRequest(decodeResult: success, version: HTTP/1.1, content: EmptyByteBufBE)
GET /session/60b8136c52ef14d1de530a83ce5b818e/url HTTP/1.1
User-Agent: selenium/4.1.2 (java windows)
Cache-Control: no-cache
Content-Type: application/json; charset=utf-8
host: localhost:64600
accept: */*

Response DefaultHttpResponse(decodeResult: success, version: HTTP/1.1)
HTTP/1.1 200 OK
Content-Type: application/json; charset=utf-8
cache-control: no-cache
content-length: 41

23:13:59.653 [AsyncHttpClient-1-6] DEBUG org.asynchttpclient.netty.channel.ChannelManager - Adding key: http://localhost:64600 for channel [id: 0x5aa61af5, L:/127.0.0.1:63006 - R:localhost/127.0.0.1:64600]
  &amp#27;[32mGiven &amp#27;[0m&amp#27;[32mI am on the home page&amp#27;[0m     &amp#27;[90m# starter.stepdefinitions.BabyStep.iAmOnTheHomePage()&amp#27;[0m
23:13:59.659 [Forwarding screenshot on session 60b8136c52ef14d1de530a83ce5b818e to remote] DEBUG org.asynchttpclient.netty.request.NettyRequestSender - Using pooled Channel '[id: 0x5aa61af5, L:/127.0.0.1:63006 - R:localhost/127.0.0.1:64600]' for 'GET' to 'http://localhost:64600/session/60b8136c52ef14d1de530a83ce5b818e/screenshot'
23:13:59.659 [Forwarding screenshot on session 60b8136c52ef14d1de530a83ce5b818e to remote] DEBUG org.asynchttpclient.netty.request.NettyRequestSender - Using open Channel [id: 0x5aa61af5, L:/127.0.0.1:63006 - R:localhost/127.0.0.1:64600] for GET '/session/60b8136c52ef14d1de530a83ce5b818e/screenshot'
23:14:00.008 [AsyncHttpClient-1-6] DEBUG org.asynchttpclient.netty.handler.HttpHandler - 

Request DefaultFullHttpRequest(decodeResult: success, version: HTTP/1.1, content: EmptyByteBufBE)
GET /session/60b8136c52ef14d1de530a83ce5b818e/screenshot HTTP/1.1
User-Agent: selenium/4.1.2 (java windows)
Cache-Control: no-cache
Content-Type: application/json; charset=utf-8
host: localhost:64600
accept: */*

Response DefaultHttpResponse(decodeResult: success, version: HTTP/1.1)
HTTP/1.1 200 OK
Content-Type: application/json; charset=utf-8
cache-control: no-cache
content-length: 1119968

23:14:00.010 [AsyncHttpClient-1-6] DEBUG org.asynchttpclient.netty.channel.ChannelManager - Adding key: http://localhost:64600 for channel [id: 0x5aa61af5, L:/127.0.0.1:63006 - R:localhost/127.0.0.1:64600]
23:14:00.019 [AsyncHttpClient-1-1] DEBUG org.asynchttpclient.netty.channel.DefaultChannelPool - Entry count for : http://localhost:63007 : 1
23:14:00.019 [AsyncHttpClient-1-1] DEBUG org.asynchttpclient.netty.channel.DefaultChannelPool - Entry count for : http://localhost:64600 : 1
23:14:00.039 [main] DEBUG net.serenitybdd.core.photography.Darkroom - Send negative for processing for target\site\serenity\3d1b19ad31921c0beae4332facd941fcc81467ad5802877977ec6c100df601ce.png
23:14:00.045 [Forwarding findElement on session 60b8136c52ef14d1de530a83ce5b818e to remote] DEBUG org.asynchttpclient.netty.request.NettyRequestSender - Using pooled Channel '[id: 0x5aa61af5, L:/127.0.0.1:63006 - R:localhost/127.0.0.1:64600]' for 'POST' to 'http://localhost:64600/session/60b8136c52ef14d1de530a83ce5b818e/element'
23:14:00.045 [Forwarding findElement on session 60b8136c52ef14d1de530a83ce5b818e to remote] DEBUG org.asynchttpclient.netty.request.NettyRequestSender - Using open Channel [id: 0x5aa61af5, L:/127.0.0.1:63006 - R:localhost/127.0.0.1:64600] for POST '/session/60b8136c52ef14d1de530a83ce5b818e/element'
23:14:00.059 [AsyncHttpClient-1-6] DEBUG org.asynchttpclient.netty.handler.HttpHandler - 

Request DefaultHttpRequest(decodeResult: success, version: HTTP/1.1)
POST /session/60b8136c52ef14d1de530a83ce5b818e/element HTTP/1.1
User-Agent: selenium/4.1.2 (java windows)
Content-Length: 81
Content-Type: application/json; charset=utf-8
host: localhost:64600
accept: */*

Response DefaultHttpResponse(decodeResult: success, version: HTTP/1.1)
HTTP/1.1 200 OK
Content-Type: application/json; charset=utf-8
cache-control: no-cache
content-length: 88

23:14:00.059 [AsyncHttpClient-1-6] DEBUG org.asynchttpclient.netty.channel.ChannelManager - Adding key: http://localhost:64600 for channel [id: 0x5aa61af5, L:/127.0.0.1:63006 - R:localhost/127.0.0.1:64600]
23:14:00.061 [Forwarding getElementTagName on session 60b8136c52ef14d1de530a83ce5b818e to remote] DEBUG org.asynchttpclient.netty.request.NettyRequestSender - Using pooled Channel '[id: 0x5aa61af5, L:/127.0.0.1:63006 - R:localhost/127.0.0.1:64600]' for 'GET' to 'http://localhost:64600/session/60b8136c52ef14d1de530a83ce5b818e/element/8a9149ea-6335-4012-b225-8e89387654b1/name'
23:14:00.061 [Forwarding getElementTagName on session 60b8136c52ef14d1de530a83ce5b818e to remote] DEBUG org.asynchttpclient.netty.request.NettyRequestSender - Using open Channel [id: 0x5aa61af5, L:/127.0.0.1:63006 - R:localhost/127.0.0.1:64600] for GET '/session/60b8136c52ef14d1de530a83ce5b818e/element/8a9149ea-6335-4012-b225-8e89387654b1/name'
23:14:00.065 [AsyncHttpClient-1-6] DEBUG org.asynchttpclient.netty.handler.HttpHandler - 

Request DefaultFullHttpRequest(decodeResult: success, version: HTTP/1.1, content: EmptyByteBufBE)
GET /session/60b8136c52ef14d1de530a83ce5b818e/element/8a9149ea-6335-4012-b225-8e89387654b1/name HTTP/1.1
User-Agent: selenium/4.1.2 (java windows)
Cache-Control: no-cache
Content-Type: application/json; charset=utf-8
host: localhost:64600
accept: */*

Response DefaultHttpResponse(decodeResult: success, version: HTTP/1.1)
HTTP/1.1 200 OK
Content-Type: application/json; charset=utf-8
cache-control: no-cache
content-length: 16

23:14:00.065 [AsyncHttpClient-1-6] DEBUG org.asynchttpclient.netty.channel.ChannelManager - Adding key: http://localhost:64600 for channel [id: 0x5aa61af5, L:/127.0.0.1:63006 - R:localhost/127.0.0.1:64600]
23:14:00.066 [Forwarding getElementTagName on session 60b8136c52ef14d1de530a83ce5b818e to remote] DEBUG org.asynchttpclient.netty.request.NettyRequestSender - Using pooled Channel '[id: 0x5aa61af5, L:/127.0.0.1:63006 - R:localhost/127.0.0.1:64600]' for 'GET' to 'http://localhost:64600/session/60b8136c52ef14d1de530a83ce5b818e/element/8a9149ea-6335-4012-b225-8e89387654b1/name'
23:14:00.066 [Forwarding getElementTagName on session 60b8136c52ef14d1de530a83ce5b818e to remote] DEBUG org.asynchttpclient.netty.request.NettyRequestSender - Using open Channel [id: 0x5aa61af5, L:/127.0.0.1:63006 - R:localhost/127.0.0.1:64600] for GET '/session/60b8136c52ef14d1de530a83ce5b818e/element/8a9149ea-6335-4012-b225-8e89387654b1/name'
23:14:00.070 [AsyncHttpClient-1-6] DEBUG org.asynchttpclient.netty.handler.HttpHandler - 

Request DefaultFullHttpRequest(decodeResult: success, version: HTTP/1.1, content: EmptyByteBufBE)
GET /session/60b8136c52ef14d1de530a83ce5b818e/element/8a9149ea-6335-4012-b225-8e89387654b1/name HTTP/1.1
User-Agent: selenium/4.1.2 (java windows)
Cache-Control: no-cache
Content-Type: application/json; charset=utf-8
host: localhost:64600
accept: */*

Response DefaultHttpResponse(decodeResult: success, version: HTTP/1.1)
HTTP/1.1 200 OK
Content-Type: application/json; charset=utf-8
cache-control: no-cache
content-length: 16

23:14:00.070 [AsyncHttpClient-1-6] DEBUG org.asynchttpclient.netty.channel.ChannelManager - Adding key: http://localhost:64600 for channel [id: 0x5aa61af5, L:/127.0.0.1:63006 - R:localhost/127.0.0.1:64600]
23:14:00.072 [Forwarding findElement on session 60b8136c52ef14d1de530a83ce5b818e to remote] DEBUG org.asynchttpclient.netty.request.NettyRequestSender - Using pooled Channel '[id: 0x5aa61af5, L:/127.0.0.1:63006 - R:localhost/127.0.0.1:64600]' for 'POST' to 'http://localhost:64600/session/60b8136c52ef14d1de530a83ce5b818e/element'
23:14:00.072 [Forwarding findElement on session 60b8136c52ef14d1de530a83ce5b818e to remote] DEBUG org.asynchttpclient.netty.request.NettyRequestSender - Using open Channel [id: 0x5aa61af5, L:/127.0.0.1:63006 - R:localhost/127.0.0.1:64600] for POST '/session/60b8136c52ef14d1de530a83ce5b818e/element'
23:14:00.078 [AsyncHttpClient-1-6] DEBUG org.asynchttpclient.netty.handler.HttpHandler - 

Request DefaultHttpRequest(decodeResult: success, version: HTTP/1.1)
POST /session/60b8136c52ef14d1de530a83ce5b818e/element HTTP/1.1
User-Agent: selenium/4.1.2 (java windows)
Content-Length: 81
Content-Type: application/json; charset=utf-8
host: localhost:64600
accept: */*

Response DefaultHttpResponse(decodeResult: success, version: HTTP/1.1)
HTTP/1.1 200 OK
Content-Type: application/json; charset=utf-8
cache-control: no-cache
content-length: 88

23:14:00.078 [AsyncHttpClient-1-6] DEBUG org.asynchttpclient.netty.channel.ChannelManager - Adding key: http://localhost:64600 for channel [id: 0x5aa61af5, L:/127.0.0.1:63006 - R:localhost/127.0.0.1:64600]
23:14:00.080 [Forwarding clickElement on session 60b8136c52ef14d1de530a83ce5b818e to remote] DEBUG org.asynchttpclient.netty.request.NettyRequestSender - Using pooled Channel '[id: 0x5aa61af5, L:/127.0.0.1:63006 - R:localhost/127.0.0.1:64600]' for 'POST' to 'http://localhost:64600/session/60b8136c52ef14d1de530a83ce5b818e/element/8a9149ea-6335-4012-b225-8e89387654b1/click'
23:14:00.080 [Forwarding clickElement on session 60b8136c52ef14d1de530a83ce5b818e to remote] DEBUG org.asynchttpclient.netty.request.NettyRequestSender - Using open Channel [id: 0x5aa61af5, L:/127.0.0.1:63006 - R:localhost/127.0.0.1:64600] for POST '/session/60b8136c52ef14d1de530a83ce5b818e/element/8a9149ea-6335-4012-b225-8e89387654b1/click'
23:14:00.529 [AsyncHttpClient-1-6] DEBUG org.asynchttpclient.netty.handler.HttpHandler - 

Request DefaultHttpRequest(decodeResult: success, version: HTTP/1.1)
POST /session/60b8136c52ef14d1de530a83ce5b818e/element/8a9149ea-6335-4012-b225-8e89387654b1/click HTTP/1.1
User-Agent: selenium/4.1.2 (java windows)
Content-Length: 50
Content-Type: application/json; charset=utf-8
host: localhost:64600
accept: */*

Response DefaultHttpResponse(decodeResult: success, version: HTTP/1.1)
HTTP/1.1 200 OK
Content-Type: application/json; charset=utf-8
cache-control: no-cache
content-length: 14

23:14:00.529 [AsyncHttpClient-1-6] DEBUG org.asynchttpclient.netty.channel.ChannelManager - Adding key: http://localhost:64600 for channel [id: 0x5aa61af5, L:/127.0.0.1:63006 - R:localhost/127.0.0.1:64600]
  &amp#27;[32mThen &amp#27;[0m&amp#27;[32mI click baby on the header&amp#27;[0m &amp#27;[90m# starter.stepdefinitions.BabyStep.iClickBabyOnTheHeader()&amp#27;[0m
23:14:00.539 [Forwarding screenshot on session 60b8136c52ef14d1de530a83ce5b818e to remote] DEBUG org.asynchttpclient.netty.request.NettyRequestSender - Using pooled Channel '[id: 0x5aa61af5, L:/127.0.0.1:63006 - R:localhost/127.0.0.1:64600]' for 'GET' to 'http://localhost:64600/session/60b8136c52ef14d1de530a83ce5b818e/screenshot'
23:14:00.539 [Forwarding screenshot on session 60b8136c52ef14d1de530a83ce5b818e to remote] DEBUG org.asynchttpclient.netty.request.NettyRequestSender - Using open Channel [id: 0x5aa61af5, L:/127.0.0.1:63006 - R:localhost/127.0.0.1:64600] for GET '/session/60b8136c52ef14d1de530a83ce5b818e/screenshot'
23:14:00.914 [AsyncHttpClient-1-6] DEBUG org.asynchttpclient.netty.handler.HttpHandler - 

Request DefaultFullHttpRequest(decodeResult: success, version: HTTP/1.1, content: EmptyByteBufBE)
GET /session/60b8136c52ef14d1de530a83ce5b818e/screenshot HTTP/1.1
User-Agent: selenium/4.1.2 (java windows)
Cache-Control: no-cache
Content-Type: application/json; charset=utf-8
host: localhost:64600
accept: */*

Response DefaultHttpResponse(decodeResult: success, version: HTTP/1.1)
HTTP/1.1 200 OK
Content-Type: application/json; charset=utf-8
cache-control: no-cache
content-length: 62380

23:14:00.914 [AsyncHttpClient-1-6] DEBUG org.asynchttpclient.netty.channel.ChannelManager - Adding key: http://localhost:64600 for channel [id: 0x5aa61af5, L:/127.0.0.1:63006 - R:localhost/127.0.0.1:64600]
23:14:00.916 [main] DEBUG net.serenitybdd.core.photography.Darkroom - Send negative for processing for target\site\serenity\591e32855168849e8206f5112ebc46321f164d544b599475838af1130bb73c0e.png
23:14:00.923 [Forwarding findElement on session 60b8136c52ef14d1de530a83ce5b818e to remote] DEBUG org.asynchttpclient.netty.request.NettyRequestSender - Using pooled Channel '[id: 0x5aa61af5, L:/127.0.0.1:63006 - R:localhost/127.0.0.1:64600]' for 'POST' to 'http://localhost:64600/session/60b8136c52ef14d1de530a83ce5b818e/element'
23:14:00.923 [Forwarding findElement on session 60b8136c52ef14d1de530a83ce5b818e to remote] DEBUG org.asynchttpclient.netty.request.NettyRequestSender - Using open Channel [id: 0x5aa61af5, L:/127.0.0.1:63006 - R:localhost/127.0.0.1:64600] for POST '/session/60b8136c52ef14d1de530a83ce5b818e/element'
23:14:00.934 [AsyncHttpClient-1-6] DEBUG org.asynchttpclient.netty.handler.HttpHandler - 

Request DefaultHttpRequest(decodeResult: success, version: HTTP/1.1)
POST /session/60b8136c52ef14d1de530a83ce5b818e/element HTTP/1.1
User-Agent: selenium/4.1.2 (java windows)
Content-Length: 107
Content-Type: application/json; charset=utf-8
host: localhost:64600
accept: */*

Response DefaultHttpResponse(decodeResult: success, version: HTTP/1.1)
HTTP/1.1 200 OK
Content-Type: application/json; charset=utf-8
cache-control: no-cache
content-length: 88

23:14:00.935 [AsyncHttpClient-1-6] DEBUG org.asynchttpclient.netty.channel.ChannelManager - Adding key: http://localhost:64600 for channel [id: 0x5aa61af5, L:/127.0.0.1:63006 - R:localhost/127.0.0.1:64600]
23:14:00.936 [Forwarding getElementTagName on session 60b8136c52ef14d1de530a83ce5b818e to remote] DEBUG org.asynchttpclient.netty.request.NettyRequestSender - Using pooled Channel '[id: 0x5aa61af5, L:/127.0.0.1:63006 - R:localhost/127.0.0.1:64600]' for 'GET' to 'http://localhost:64600/session/60b8136c52ef14d1de530a83ce5b818e/element/41b2335d-5446-4bf7-8ba9-18c4a2879b55/name'
23:14:00.936 [Forwarding getElementTagName on session 60b8136c52ef14d1de530a83ce5b818e to remote] DEBUG org.asynchttpclient.netty.request.NettyRequestSender - Using open Channel [id: 0x5aa61af5, L:/127.0.0.1:63006 - R:localhost/127.0.0.1:64600] for GET '/session/60b8136c52ef14d1de530a83ce5b818e/element/41b2335d-5446-4bf7-8ba9-18c4a2879b55/name'
23:14:00.940 [AsyncHttpClient-1-6] DEBUG org.asynchttpclient.netty.handler.HttpHandler - 

Request DefaultFullHttpRequest(decodeResult: success, version: HTTP/1.1, content: EmptyByteBufBE)
GET /session/60b8136c52ef14d1de530a83ce5b818e/element/41b2335d-5446-4bf7-8ba9-18c4a2879b55/name HTTP/1.1
User-Agent: selenium/4.1.2 (java windows)
Cache-Control: no-cache
Content-Type: application/json; charset=utf-8
host: localhost:64600
accept: */*

Response DefaultHttpResponse(decodeResult: success, version: HTTP/1.1)
HTTP/1.1 200 OK
Content-Type: application/json; charset=utf-8
cache-control: no-cache
content-length: 16

23:14:00.940 [AsyncHttpClient-1-6] DEBUG org.asynchttpclient.netty.channel.ChannelManager - Adding key: http://localhost:64600 for channel [id: 0x5aa61af5, L:/127.0.0.1:63006 - R:localhost/127.0.0.1:64600]
23:14:00.941 [Forwarding getElementTagName on session 60b8136c52ef14d1de530a83ce5b818e to remote] DEBUG org.asynchttpclient.netty.request.NettyRequestSender - Using pooled Channel '[id: 0x5aa61af5, L:/127.0.0.1:63006 - R:localhost/127.0.0.1:64600]' for 'GET' to 'http://localhost:64600/session/60b8136c52ef14d1de530a83ce5b818e/element/41b2335d-5446-4bf7-8ba9-18c4a2879b55/name'
23:14:00.941 [Forwarding getElementTagName on session 60b8136c52ef14d1de530a83ce5b818e to remote] DEBUG org.asynchttpclient.netty.request.NettyRequestSender - Using open Channel [id: 0x5aa61af5, L:/127.0.0.1:63006 - R:localhost/127.0.0.1:64600] for GET '/session/60b8136c52ef14d1de530a83ce5b818e/element/41b2335d-5446-4bf7-8ba9-18c4a2879b55/name'
23:14:00.944 [AsyncHttpClient-1-6] DEBUG org.asynchttpclient.netty.handler.HttpHandler - 

Request DefaultFullHttpRequest(decodeResult: success, version: HTTP/1.1, content: EmptyByteBufBE)
GET /session/60b8136c52ef14d1de530a83ce5b818e/element/41b2335d-5446-4bf7-8ba9-18c4a2879b55/name HTTP/1.1
User-Agent: selenium/4.1.2 (java windows)
Cache-Control: no-cache
Content-Type: application/json; charset=utf-8
host: localhost:64600
accept: */*

Response DefaultHttpResponse(decodeResult: success, version: HTTP/1.1)
HTTP/1.1 200 OK
Content-Type: application/json; charset=utf-8
cache-control: no-cache
content-length: 16

23:14:00.945 [AsyncHttpClient-1-6] DEBUG org.asynchttpclient.netty.channel.ChannelManager - Adding key: http://localhost:64600 for channel [id: 0x5aa61af5, L:/127.0.0.1:63006 - R:localhost/127.0.0.1:64600]
23:14:00.947 [Forwarding findElement on session 60b8136c52ef14d1de530a83ce5b818e to remote] DEBUG org.asynchttpclient.netty.request.NettyRequestSender - Using pooled Channel '[id: 0x5aa61af5, L:/127.0.0.1:63006 - R:localhost/127.0.0.1:64600]' for 'POST' to 'http://localhost:64600/session/60b8136c52ef14d1de530a83ce5b818e/element'
23:14:00.947 [Forwarding findElement on session 60b8136c52ef14d1de530a83ce5b818e to remote] DEBUG org.asynchttpclient.netty.request.NettyRequestSender - Using open Channel [id: 0x5aa61af5, L:/127.0.0.1:63006 - R:localhost/127.0.0.1:64600] for POST '/session/60b8136c52ef14d1de530a83ce5b818e/element'
23:14:00.954 [AsyncHttpClient-1-6] DEBUG org.asynchttpclient.netty.handler.HttpHandler - 

Request DefaultHttpRequest(decodeResult: success, version: HTTP/1.1)
POST /session/60b8136c52ef14d1de530a83ce5b818e/element HTTP/1.1
User-Agent: selenium/4.1.2 (java windows)
Content-Length: 107
Content-Type: application/json; charset=utf-8
host: localhost:64600
accept: */*

Response DefaultHttpResponse(decodeResult: success, version: HTTP/1.1)
HTTP/1.1 200 OK
Content-Type: application/json; charset=utf-8
cache-control: no-cache
content-length: 88

23:14:00.954 [AsyncHttpClient-1-6] DEBUG org.asynchttpclient.netty.channel.ChannelManager - Adding key: http://localhost:64600 for channel [id: 0x5aa61af5, L:/127.0.0.1:63006 - R:localhost/127.0.0.1:64600]
23:14:00.955 [Forwarding clickElement on session 60b8136c52ef14d1de530a83ce5b818e to remote] DEBUG org.asynchttpclient.netty.request.NettyRequestSender - Using pooled Channel '[id: 0x5aa61af5, L:/127.0.0.1:63006 - R:localhost/127.0.0.1:64600]' for 'POST' to 'http://localhost:64600/session/60b8136c52ef14d1de530a83ce5b818e/element/41b2335d-5446-4bf7-8ba9-18c4a2879b55/click'
23:14:00.955 [Forwarding clickElement on session 60b8136c52ef14d1de530a83ce5b818e to remote] DEBUG org.asynchttpclient.netty.request.NettyRequestSender - Using open Channel [id: 0x5aa61af5, L:/127.0.0.1:63006 - R:localhost/127.0.0.1:64600] for POST '/session/60b8136c52ef14d1de530a83ce5b818e/element/41b2335d-5446-4bf7-8ba9-18c4a2879b55/click'
23:14:01.126 [AsyncHttpClient-1-1] DEBUG org.asynchttpclient.netty.channel.DefaultChannelPool - Entry count for : http://localhost:63007 : 1
23:14:01.165 [AsyncHttpClient-1-6] DEBUG org.asynchttpclient.netty.handler.HttpHandler - 

Request DefaultHttpRequest(decodeResult: success, version: HTTP/1.1)
POST /session/60b8136c52ef14d1de530a83ce5b818e/element/41b2335d-5446-4bf7-8ba9-18c4a2879b55/click HTTP/1.1
User-Agent: selenium/4.1.2 (java windows)
Content-Length: 50
Content-Type: application/json; charset=utf-8
host: localhost:64600
accept: */*

Response DefaultHttpResponse(decodeResult: success, version: HTTP/1.1)
HTTP/1.1 200 OK
Content-Type: application/json; charset=utf-8
cache-control: no-cache
content-length: 14

23:14:01.165 [AsyncHttpClient-1-6] DEBUG org.asynchttpclient.netty.channel.ChannelManager - Adding key: http://localhost:64600 for channel [id: 0x5aa61af5, L:/127.0.0.1:63006 - R:localhost/127.0.0.1:64600]
  &amp#27;[32mWhen &amp#27;[0m&amp#27;[32mI will go to kaos kaki &amp#27;[0m&amp#27;[32m&amp#27;[1m1&amp#27;[0m   &amp#27;[90m# starter.stepdefinitions.BabyStep.iWillGoToKaosKaki(int)&amp#27;[0m
23:14:01.174 [Forwarding screenshot on session 60b8136c52ef14d1de530a83ce5b818e to remote] DEBUG org.asynchttpclient.netty.request.NettyRequestSender - Using pooled Channel '[id: 0x5aa61af5, L:/127.0.0.1:63006 - R:localhost/127.0.0.1:64600]' for 'GET' to 'http://localhost:64600/session/60b8136c52ef14d1de530a83ce5b818e/screenshot'
23:14:01.174 [Forwarding screenshot on session 60b8136c52ef14d1de530a83ce5b818e to remote] DEBUG org.asynchttpclient.netty.request.NettyRequestSender - Using open Channel [id: 0x5aa61af5, L:/127.0.0.1:63006 - R:localhost/127.0.0.1:64600] for GET '/session/60b8136c52ef14d1de530a83ce5b818e/screenshot'
23:14:01.327 [AsyncHttpClient-1-6] DEBUG org.asynchttpclient.netty.handler.HttpHandler - 

Request DefaultFullHttpRequest(decodeResult: success, version: HTTP/1.1, content: EmptyByteBufBE)
GET /session/60b8136c52ef14d1de530a83ce5b818e/screenshot HTTP/1.1
User-Agent: selenium/4.1.2 (java windows)
Cache-Control: no-cache
Content-Type: application/json; charset=utf-8
host: localhost:64600
accept: */*

Response DefaultHttpResponse(decodeResult: success, version: HTTP/1.1)
HTTP/1.1 200 OK
Content-Type: application/json; charset=utf-8
cache-control: no-cache
content-length: 88996

23:14:01.327 [AsyncHttpClient-1-6] DEBUG org.asynchttpclient.netty.channel.ChannelManager - Adding key: http://localhost:64600 for channel [id: 0x5aa61af5, L:/127.0.0.1:63006 - R:localhost/127.0.0.1:64600]
23:14:01.330 [main] DEBUG net.serenitybdd.core.photography.Darkroom - Send negative for processing for target\site\serenity\d8c41575258607368739d4d7910c60e78691a25a5f93a5d48b27fdb56ff6e2df.png
23:14:01.331 [Darkroom Processing Line] DEBUG net.serenitybdd.core.photography.DarkroomProcessingLine - Processing screenshot image in /var/screenshots/screenshot-9816406278650890826
23:14:01.331 [Darkroom Processing Line] DEBUG net.serenitybdd.core.photography.DarkroomProcessingLine - Saving screenshot to target\site\serenity\d8c41575258607368739d4d7910c60e78691a25a5f93a5d48b27fdb56ff6e2df.png
23:14:01.332 [main] INFO  - 
  _____   ___   ___   _____     ___     _     ___   ___   ___   ___  
 |_   _| | __| / __| |_   _|   | _ \   /_\   / __| / __| | __| |   \ 
   | |   | _|  \__ \   | |     |  _/  / _ \  \__ \ \__ \ | _|  | |) |
   |_|   |___| |___/   |_|     |_|   /_/ \_\ |___/ |___/ |___| |___/ 

Menu Kaos Kaki 1
----------------------------------------------------------------------
23:14:01.333 [AsyncHttpClient-1-8] DEBUG org.asynchttpclient.netty.handler.WebSocketHandler - Channel Closed: [id: 0x659b41cf, L:/127.0.0.1:63014 ! R:localhost/127.0.0.1:63007] with attribute NettyResponseFuture{currentRetry=5,
	isDone=1,
	isCancelled=0,
	asyncHandler=org.asynchttpclient.ws.WebSocketUpgradeHandler@5378709,
	nettyRequest=org.asynchttpclient.netty.request.NettyRequest@381fc51,
	future=java.util.concurrent.CompletableFuture@4578d57[Completed normally],
	uri=ws://localhost:63007/devtools/browser/f3ba0aaf-5c76-4197-b909-bd9cc1db0859,
	keepAlive=true,
	redirectCount=0,
	timeoutsHolder=null,
	inAuth=0,
	touch=1680538422256}
23:14:01.333 [AsyncHttpClient-1-8] DEBUG org.asynchttpclient.netty.channel.ChannelManager - Closing Channel [id: 0x659b41cf, L:/127.0.0.1:63014 ! R:localhost/127.0.0.1:63007] 
23:14:01.334 [Driver Command Executor] DEBUG org.asynchttpclient.netty.request.NettyRequestSender - Using pooled Channel '[id: 0x5aa61af5, L:/127.0.0.1:63006 - R:localhost/127.0.0.1:64600]' for 'DELETE' to 'http://localhost:64600/session/60b8136c52ef14d1de530a83ce5b818e'
23:14:01.334 [Driver Command Executor] DEBUG org.asynchttpclient.netty.request.NettyRequestSender - Using open Channel [id: 0x5aa61af5, L:/127.0.0.1:63006 - R:localhost/127.0.0.1:64600] for DELETE '/session/60b8136c52ef14d1de530a83ce5b818e'
23:14:01.391 [AsyncHttpClient-1-7] DEBUG org.asynchttpclient.netty.handler.HttpHandler - Unexpected I/O exception on channel [id: 0x32852f0c, L:/127.0.0.1:63013 - R:localhost/127.0.0.1:63007]
java.net.SocketException: Connection reset
	at java.base/sun.nio.ch.SocketChannelImpl.throwConnectionReset(SocketChannelImpl.java:345)
	at java.base/sun.nio.ch.SocketChannelImpl.read(SocketChannelImpl.java:376)
	at io.netty.buffer.PooledByteBuf.setBytes(PooledByteBuf.java:258)
	at io.netty.buffer.AbstractByteBuf.writeBytes(AbstractByteBuf.java:1132)
	at io.netty.channel.socket.nio.NioSocketChannel.doReadBytes(NioSocketChannel.java:350)
	at io.netty.channel.nio.AbstractNioByteChannel$NioByteUnsafe.read(AbstractNioByteChannel.java:151)
	at io.netty.channel.nio.NioEventLoop.processSelectedKey(NioEventLoop.java:722)
	at io.netty.channel.nio.NioEventLoop.processSelectedKeysOptimized(NioEventLoop.java:658)
	at io.netty.channel.nio.NioEventLoop.processSelectedKeys(NioEventLoop.java:584)
	at io.netty.channel.nio.NioEventLoop.run(NioEventLoop.java:496)
	at io.netty.util.concurrent.SingleThreadEventExecutor$4.run(SingleThreadEventExecutor.java:986)
	at io.netty.util.internal.ThreadExecutorMap$2.run(ThreadExecutorMap.java:74)
	at io.netty.util.concurrent.FastThreadLocalRunnable.run(FastThreadLocalRunnable.java:30)
	at java.base/java.lang.Thread.run(Thread.java:830)
23:14:01.392 [AsyncHttpClient-1-7] DEBUG org.asynchttpclient.netty.channel.ChannelManager - Closing Channel [id: 0x32852f0c, L:/127.0.0.1:63013 - R:localhost/127.0.0.1:63007] 
23:14:01.392 [AsyncHttpClient-1-7] DEBUG org.asynchttpclient.netty.handler.HttpHandler - Channel Closed: [id: 0x32852f0c, L:/127.0.0.1:63013 ! R:localhost/127.0.0.1:63007] with attribute DISCARD
23:14:01.420 [AsyncHttpClient-1-6] DEBUG org.asynchttpclient.netty.handler.HttpHandler - 

Request DefaultFullHttpRequest(decodeResult: success, version: HTTP/1.1, content: EmptyByteBufBE)
DELETE /session/60b8136c52ef14d1de530a83ce5b818e HTTP/1.1
User-Agent: selenium/4.1.2 (java windows)
Content-Type: application/json; charset=utf-8
host: localhost:64600
accept: */*

Response DefaultHttpResponse(decodeResult: success, version: HTTP/1.1)
HTTP/1.1 200 OK
Content-Type: application/json; charset=utf-8
cache-control: no-cache
content-length: 14

23:14:01.420 [AsyncHttpClient-1-6] DEBUG org.asynchttpclient.netty.channel.ChannelManager - Adding key: http://localhost:64600 for channel [id: 0x5aa61af5, L:/127.0.0.1:63006 - R:localhost/127.0.0.1:64600]
23:14:01.500 [AsyncHttpClient-1-6] DEBUG org.asynchttpclient.netty.handler.HttpHandler - Channel Closed: [id: 0x5aa61af5, L:/127.0.0.1:63006 ! R:localhost/127.0.0.1:64600] with attribute DISCARD
]]></system-out>
    <system-err><![CDATA[Starting Microsoft Edge WebDriver 111.0.1661.62 (0a8f453929e6410c973aa529a40485ce4e3e03db) on port 64600
To submit feedback, report a bug, or suggest new features, please visit https://github.com/MicrosoftEdge/EdgeWebDriver

Only local connections are allowed.
Please see https://aka.ms/WebDriverSecurity for suggestions on keeping Microsoft Edge WebDriver safe.

Microsoft Edge WebDriver was started successfully.
Apr 03, 2023 11:13:42 PM org.openqa.selenium.remote.ProtocolHandshake createSession
INFO: Detected dialect: W3C
Apr 03, 2023 11:13:42 PM org.openqa.selenium.devtools.CdpVersionFinder findNearestMatch
WARNING: Unable to find an exact match for CDP version 111, so returning the closest version found: a no-op implementation
Apr 03, 2023 11:13:42 PM org.openqa.selenium.devtools.CdpVersionFinder findNearestMatch
INFO: Unable to find CDP implementation matching 111.
Apr 03, 2023 11:13:42 PM org.openqa.selenium.chromium.ChromiumDriver lambda$new$3
WARNING: Unable to find version of CDP to use for . You may need to include a dependency on a specific version of the CDP using something similar to `org.seleniumhq.selenium:selenium-devtools-v86:4.1.2` where the version ("v86") matches the version of the chromium-based browser you're using and the version number of the artifact is the same as Selenium's.
]]></system-err>
  </testcase>
  <testcase name="Menu Aksesoris 2" classname="Baby" time="26.925">
    <system-out><![CDATA[
Scenario: Menu Aksesoris 2             &amp#27;[90m# src/test/resources/features/Baby.feature:71&amp#27;[0m
23:14:02.085 [main] INFO io.cucumber.core.plugin.SerenityReporter - Running feature from file:///C:/Users/alwi/IdeaProjects/uniqloweb/src/test/resources/features/Baby.feature
23:14:02.087 [main] INFO  - 
  _____   ___   ___   _____     ___   _____     _     ___   _____   ___   ___  
 |_   _| | __| / __| |_   _|   / __| |_   _|   /_\   | _ \ |_   _| | __| |   \ 
   | |   | _|  \__ \   | |     \__ \   | |    / _ \  |   /   | |   | _|  | |) |
   |_|   |___| |___/   |_|     |___/   |_|   /_/ \_\ |_|_\   |_|   |___| |___/ 

Menu Aksesoris 2(baby;menu-aksesoris-2)
--------------------------------------------------------------------------------
23:14:02.211 [main] DEBUG io.github.bonigarcia.wdm.cache.ResolutionCache - Resolution edge=111 in cache (valid until 23:36:32 03/04/2023 WIB)
23:14:02.214 [main] DEBUG io.github.bonigarcia.wdm.cache.ResolutionCache - Resolution edge111=111.0.1661.62 in cache (valid until 12:22:00 04/04/2023 WIB)
23:14:02.216 [main] INFO io.github.bonigarcia.wdm.WebDriverManager - Using msedgedriver 111.0.1661.62 (resolved driver for Edge 111)
23:14:02.219 [AsyncHttpClient-1-1] DEBUG org.asynchttpclient.netty.channel.DefaultChannelPool - Entry count for : http://localhost:63007 : 1
23:14:02.219 [AsyncHttpClient-1-1] DEBUG org.asynchttpclient.netty.channel.DefaultChannelPool - Entry count for : http://localhost:64600 : 1
23:14:02.219 [AsyncHttpClient-1-1] DEBUG org.asynchttpclient.netty.channel.DefaultChannelPool - Adding Candidate expired Channel [id: 0x32852f0c, L:/127.0.0.1:63013 ! R:localhost/127.0.0.1:63007] isIdleTimeoutExpired=false isRemotelyClosed=true isTtlExpired=false
23:14:02.219 [AsyncHttpClient-1-1] DEBUG org.asynchttpclient.netty.channel.DefaultChannelPool - Closing Idle Channel [id: 0x32852f0c, L:/127.0.0.1:63013 ! R:localhost/127.0.0.1:63007]
23:14:02.219 [AsyncHttpClient-1-1] DEBUG org.asynchttpclient.netty.channel.DefaultChannelPool - Adding Candidate expired Channel [id: 0x5aa61af5, L:/127.0.0.1:63006 ! R:localhost/127.0.0.1:64600] isIdleTimeoutExpired=false isRemotelyClosed=true isTtlExpired=false
23:14:02.219 [AsyncHttpClient-1-1] DEBUG org.asynchttpclient.netty.channel.DefaultChannelPool - Closing Idle Channel [id: 0x5aa61af5, L:/127.0.0.1:63006 ! R:localhost/127.0.0.1:64600]
23:14:02.219 [AsyncHttpClient-1-1] DEBUG org.asynchttpclient.netty.channel.DefaultChannelPool - Closed 2 connections out of 2 in 0 ms
23:14:02.226 [main] DEBUG io.github.bonigarcia.wdm.WebDriverManager - Driver msedgedriver 111.0.1661.62 found in cache
23:14:02.227 [main] INFO io.github.bonigarcia.wdm.WebDriverManager - Exporting webdriver.edge.driver as C:\Users\alwi\.cache\selenium\msedgedriver\win64\111.0.1661.62\msedgedriver.exe
23:14:02.229 [main] DEBUG net.serenitybdd.core.webdriver.driverproviders.ProvideNewDriver - Instantiating driver
23:14:02.229 [main] DEBUG net.serenitybdd.core.webdriver.driverproviders.ProvideNewDriver - Driver capabilities: Capabilities {base.url: https://www.uniqlo.com, chrome.driver: src/test/resources/webdrive..., driver: edge, ms:edgeChromium: true, ms:edgeOptions: {}, wait.for.timeout: 6000}
23:14:02.774 [AsyncHttpClient-1-9] DEBUG org.asynchttpclient.netty.channel.NettyConnectListener - Using new Channel '[id: 0x3cd03b87, L:/127.0.0.1:63137 - R:localhost/127.0.0.1:59077]' for 'POST' to '/session'
23:14:03.326 [AsyncHttpClient-1-9] DEBUG org.asynchttpclient.netty.handler.HttpHandler - 

Request DefaultHttpRequest(decodeResult: success, version: HTTP/1.1)
POST /session HTTP/1.1
User-Agent: selenium/4.1.2 (java windows)
Content-Length: 627
Content-Type: application/json; charset=utf-8
host: localhost:59077
accept: */*

Response DefaultHttpResponse(decodeResult: success, version: HTTP/1.1)
HTTP/1.1 200 OK
Content-Type: application/json; charset=utf-8
cache-control: no-cache
content-length: 824

23:14:03.326 [AsyncHttpClient-1-9] DEBUG org.asynchttpclient.netty.channel.ChannelManager - Adding key: http://localhost:59077 for channel [id: 0x3cd03b87, L:/127.0.0.1:63137 - R:localhost/127.0.0.1:59077]
23:14:03.331 [AsyncHttpClient-1-10] DEBUG org.asynchttpclient.netty.channel.NettyConnectListener - Using new Channel '[id: 0xb7e1008c, L:/127.0.0.1:63146 - R:localhost/127.0.0.1:63139]' for 'GET' to '/json/version'
23:14:03.331 [AsyncHttpClient-1-10] DEBUG org.asynchttpclient.netty.handler.HttpHandler - 

Request DefaultFullHttpRequest(decodeResult: success, version: HTTP/1.1, content: EmptyByteBufBE)
GET /json/version HTTP/1.1
User-Agent: selenium/4.1.2 (java windows)
host: localhost:63139
accept: */*

Response DefaultHttpResponse(decodeResult: success, version: HTTP/1.1)
HTTP/1.1 200 OK
Content-Security-Policy: frame-ancestors 'none'
Content-Type: application/json; charset=UTF-8
content-length: 436

23:14:03.331 [AsyncHttpClient-1-10] DEBUG org.asynchttpclient.netty.channel.ChannelManager - Adding key: http://localhost:63139 for channel [id: 0xb7e1008c, L:/127.0.0.1:63146 - R:localhost/127.0.0.1:63139]
23:14:03.333 [AsyncHttpClient-1-11] DEBUG org.asynchttpclient.netty.channel.NettyConnectListener - Using new Channel '[id: 0x57dcd071, L:/127.0.0.1:63147 - R:localhost/127.0.0.1:63139]' for 'GET' to '/devtools/browser/19ee203f-0a96-4d0f-a6d3-84a027060e36'
23:14:03.333 [AsyncHttpClient-1-11] DEBUG org.asynchttpclient.netty.handler.WebSocketHandler - 

Request DefaultFullHttpRequest(decodeResult: success, version: HTTP/1.1, content: EmptyByteBufBE)
GET /devtools/browser/19ee203f-0a96-4d0f-a6d3-84a027060e36 HTTP/1.1
upgrade: websocket
connection: upgrade
sec-websocket-key: 91fmthKOXCYvewOUaCW/jQ==
sec-websocket-version: 13
origin: http://localhost:63139
host: localhost:63139
accept: */*
user-agent: AHC/2.1

Response DefaultHttpResponse(decodeResult: success, version: HTTP/1.1)
HTTP/1.1 101 WebSocket Protocol Handshake
Upgrade: WebSocket
Connection: Upgrade
Sec-WebSocket-Accept: ix31gN+DzupvAbdK6KffAE24Ll0=

23:14:03.338 [Forwarding get on session 68679e25a8a786b2bc80daca86bc9d59 to remote] DEBUG org.asynchttpclient.netty.request.NettyRequestSender - Using pooled Channel '[id: 0x3cd03b87, L:/127.0.0.1:63137 - R:localhost/127.0.0.1:59077]' for 'POST' to 'http://localhost:59077/session/68679e25a8a786b2bc80daca86bc9d59/url'
23:14:03.338 [Forwarding get on session 68679e25a8a786b2bc80daca86bc9d59 to remote] DEBUG org.asynchttpclient.netty.request.NettyRequestSender - Using open Channel [id: 0x3cd03b87, L:/127.0.0.1:63137 - R:localhost/127.0.0.1:59077] for POST '/session/68679e25a8a786b2bc80daca86bc9d59/url'
23:14:04.421 [AsyncHttpClient-1-1] DEBUG org.asynchttpclient.netty.channel.DefaultChannelPool - Entry count for : http://localhost:63139 : 1
23:14:05.519 [AsyncHttpClient-1-1] DEBUG org.asynchttpclient.netty.channel.DefaultChannelPool - Entry count for : http://localhost:63139 : 1
23:14:06.620 [AsyncHttpClient-1-1] DEBUG org.asynchttpclient.netty.channel.DefaultChannelPool - Entry count for : http://localhost:63139 : 1
23:14:07.720 [AsyncHttpClient-1-1] DEBUG org.asynchttpclient.netty.channel.DefaultChannelPool - Entry count for : http://localhost:63139 : 1
23:14:08.824 [AsyncHttpClient-1-1] DEBUG org.asynchttpclient.netty.channel.DefaultChannelPool - Entry count for : http://localhost:63139 : 1
23:14:09.929 [AsyncHttpClient-1-1] DEBUG org.asynchttpclient.netty.channel.DefaultChannelPool - Entry count for : http://localhost:63139 : 1
23:14:11.026 [AsyncHttpClient-1-1] DEBUG org.asynchttpclient.netty.channel.DefaultChannelPool - Entry count for : http://localhost:63139 : 1
23:14:12.124 [AsyncHttpClient-1-1] DEBUG org.asynchttpclient.netty.channel.DefaultChannelPool - Entry count for : http://localhost:63139 : 1
23:14:13.229 [AsyncHttpClient-1-1] DEBUG org.asynchttpclient.netty.channel.DefaultChannelPool - Entry count for : http://localhost:63139 : 1
23:14:14.320 [AsyncHttpClient-1-1] DEBUG org.asynchttpclient.netty.channel.DefaultChannelPool - Entry count for : http://localhost:63139 : 1
23:14:15.419 [AsyncHttpClient-1-1] DEBUG org.asynchttpclient.netty.channel.DefaultChannelPool - Entry count for : http://localhost:63139 : 1
23:14:16.520 [AsyncHttpClient-1-1] DEBUG org.asynchttpclient.netty.channel.DefaultChannelPool - Entry count for : http://localhost:63139 : 1
23:14:17.626 [AsyncHttpClient-1-1] DEBUG org.asynchttpclient.netty.channel.DefaultChannelPool - Entry count for : http://localhost:63139 : 1
23:14:18.730 [AsyncHttpClient-1-1] DEBUG org.asynchttpclient.netty.channel.DefaultChannelPool - Entry count for : http://localhost:63139 : 1
23:14:19.819 [AsyncHttpClient-1-1] DEBUG org.asynchttpclient.netty.channel.DefaultChannelPool - Entry count for : http://localhost:63139 : 1
23:14:20.930 [AsyncHttpClient-1-1] DEBUG org.asynchttpclient.netty.channel.DefaultChannelPool - Entry count for : http://localhost:63139 : 1
23:14:22.020 [AsyncHttpClient-1-1] DEBUG org.asynchttpclient.netty.channel.DefaultChannelPool - Entry count for : http://localhost:63139 : 1
23:14:23.123 [AsyncHttpClient-1-1] DEBUG org.asynchttpclient.netty.channel.DefaultChannelPool - Entry count for : http://localhost:63139 : 1
23:14:24.221 [AsyncHttpClient-1-1] DEBUG org.asynchttpclient.netty.channel.DefaultChannelPool - Entry count for : http://localhost:63139 : 1
23:14:25.320 [AsyncHttpClient-1-1] DEBUG org.asynchttpclient.netty.channel.DefaultChannelPool - Entry count for : http://localhost:63139 : 1
23:14:26.425 [AsyncHttpClient-1-1] DEBUG org.asynchttpclient.netty.channel.DefaultChannelPool - Entry count for : http://localhost:63139 : 1
23:14:26.566 [AsyncHttpClient-1-9] DEBUG org.asynchttpclient.netty.handler.HttpHandler - 

Request DefaultHttpRequest(decodeResult: success, version: HTTP/1.1)
POST /session/68679e25a8a786b2bc80daca86bc9d59/url HTTP/1.1
User-Agent: selenium/4.1.2 (java windows)
Content-Length: 53
Content-Type: application/json; charset=utf-8
host: localhost:59077
accept: */*

Response DefaultHttpResponse(decodeResult: success, version: HTTP/1.1)
HTTP/1.1 200 OK
Content-Type: application/json; charset=utf-8
cache-control: no-cache
content-length: 14

23:14:26.567 [AsyncHttpClient-1-9] DEBUG org.asynchttpclient.netty.channel.ChannelManager - Adding key: http://localhost:59077 for channel [id: 0x3cd03b87, L:/127.0.0.1:63137 - R:localhost/127.0.0.1:59077]
23:14:26.568 [Forwarding setTimeout on session 68679e25a8a786b2bc80daca86bc9d59 to remote] DEBUG org.asynchttpclient.netty.request.NettyRequestSender - Using pooled Channel '[id: 0x3cd03b87, L:/127.0.0.1:63137 - R:localhost/127.0.0.1:59077]' for 'POST' to 'http://localhost:59077/session/68679e25a8a786b2bc80daca86bc9d59/timeouts'
23:14:26.569 [Forwarding setTimeout on session 68679e25a8a786b2bc80daca86bc9d59 to remote] DEBUG org.asynchttpclient.netty.request.NettyRequestSender - Using open Channel [id: 0x3cd03b87, L:/127.0.0.1:63137 - R:localhost/127.0.0.1:59077] for POST '/session/68679e25a8a786b2bc80daca86bc9d59/timeouts'
23:14:26.570 [AsyncHttpClient-1-9] DEBUG org.asynchttpclient.netty.handler.HttpHandler - 

Request DefaultHttpRequest(decodeResult: success, version: HTTP/1.1)
POST /session/68679e25a8a786b2bc80daca86bc9d59/timeouts HTTP/1.1
User-Agent: selenium/4.1.2 (java windows)
Content-Length: 22
Content-Type: application/json; charset=utf-8
host: localhost:59077
accept: */*

Response DefaultHttpResponse(decodeResult: success, version: HTTP/1.1)
HTTP/1.1 200 OK
Content-Type: application/json; charset=utf-8
cache-control: no-cache
content-length: 14

23:14:26.570 [AsyncHttpClient-1-9] DEBUG org.asynchttpclient.netty.channel.ChannelManager - Adding key: http://localhost:59077 for channel [id: 0x3cd03b87, L:/127.0.0.1:63137 - R:localhost/127.0.0.1:59077]
23:14:26.573 [Forwarding getCurrentUrl on session 68679e25a8a786b2bc80daca86bc9d59 to remote] DEBUG org.asynchttpclient.netty.request.NettyRequestSender - Using pooled Channel '[id: 0x3cd03b87, L:/127.0.0.1:63137 - R:localhost/127.0.0.1:59077]' for 'GET' to 'http://localhost:59077/session/68679e25a8a786b2bc80daca86bc9d59/url'
23:14:26.573 [Forwarding getCurrentUrl on session 68679e25a8a786b2bc80daca86bc9d59 to remote] DEBUG org.asynchttpclient.netty.request.NettyRequestSender - Using open Channel [id: 0x3cd03b87, L:/127.0.0.1:63137 - R:localhost/127.0.0.1:59077] for GET '/session/68679e25a8a786b2bc80daca86bc9d59/url'
23:14:26.578 [AsyncHttpClient-1-9] DEBUG org.asynchttpclient.netty.handler.HttpHandler - 

Request DefaultFullHttpRequest(decodeResult: success, version: HTTP/1.1, content: EmptyByteBufBE)
GET /session/68679e25a8a786b2bc80daca86bc9d59/url HTTP/1.1
User-Agent: selenium/4.1.2 (java windows)
Cache-Control: no-cache
Content-Type: application/json; charset=utf-8
host: localhost:59077
accept: */*

Response DefaultHttpResponse(decodeResult: success, version: HTTP/1.1)
HTTP/1.1 200 OK
Content-Type: application/json; charset=utf-8
cache-control: no-cache
content-length: 41

23:14:26.578 [AsyncHttpClient-1-9] DEBUG org.asynchttpclient.netty.channel.ChannelManager - Adding key: http://localhost:59077 for channel [id: 0x3cd03b87, L:/127.0.0.1:63137 - R:localhost/127.0.0.1:59077]
  &amp#27;[32mGiven &amp#27;[0m&amp#27;[32mI am on the home page&amp#27;[0m          &amp#27;[90m# starter.stepdefinitions.BabyStep.iAmOnTheHomePage()&amp#27;[0m
23:14:26.584 [Forwarding screenshot on session 68679e25a8a786b2bc80daca86bc9d59 to remote] DEBUG org.asynchttpclient.netty.request.NettyRequestSender - Using pooled Channel '[id: 0x3cd03b87, L:/127.0.0.1:63137 - R:localhost/127.0.0.1:59077]' for 'GET' to 'http://localhost:59077/session/68679e25a8a786b2bc80daca86bc9d59/screenshot'
23:14:26.584 [Forwarding screenshot on session 68679e25a8a786b2bc80daca86bc9d59 to remote] DEBUG org.asynchttpclient.netty.request.NettyRequestSender - Using open Channel [id: 0x3cd03b87, L:/127.0.0.1:63137 - R:localhost/127.0.0.1:59077] for GET '/session/68679e25a8a786b2bc80daca86bc9d59/screenshot'
23:14:26.909 [AsyncHttpClient-1-9] DEBUG org.asynchttpclient.netty.handler.HttpHandler - 

Request DefaultFullHttpRequest(decodeResult: success, version: HTTP/1.1, content: EmptyByteBufBE)
GET /session/68679e25a8a786b2bc80daca86bc9d59/screenshot HTTP/1.1
User-Agent: selenium/4.1.2 (java windows)
Cache-Control: no-cache
Content-Type: application/json; charset=utf-8
host: localhost:59077
accept: */*

Response DefaultHttpResponse(decodeResult: success, version: HTTP/1.1)
HTTP/1.1 200 OK
Content-Type: application/json; charset=utf-8
cache-control: no-cache
content-length: 1119968

23:14:26.911 [AsyncHttpClient-1-9] DEBUG org.asynchttpclient.netty.channel.ChannelManager - Adding key: http://localhost:59077 for channel [id: 0x3cd03b87, L:/127.0.0.1:63137 - R:localhost/127.0.0.1:59077]
23:14:26.956 [main] DEBUG net.serenitybdd.core.photography.Darkroom - Send negative for processing for target\site\serenity\3d1b19ad31921c0beae4332facd941fcc81467ad5802877977ec6c100df601ce.png
23:14:26.966 [Forwarding findElement on session 68679e25a8a786b2bc80daca86bc9d59 to remote] DEBUG org.asynchttpclient.netty.request.NettyRequestSender - Using pooled Channel '[id: 0x3cd03b87, L:/127.0.0.1:63137 - R:localhost/127.0.0.1:59077]' for 'POST' to 'http://localhost:59077/session/68679e25a8a786b2bc80daca86bc9d59/element'
23:14:26.966 [Forwarding findElement on session 68679e25a8a786b2bc80daca86bc9d59 to remote] DEBUG org.asynchttpclient.netty.request.NettyRequestSender - Using open Channel [id: 0x3cd03b87, L:/127.0.0.1:63137 - R:localhost/127.0.0.1:59077] for POST '/session/68679e25a8a786b2bc80daca86bc9d59/element'
23:14:26.979 [AsyncHttpClient-1-9] DEBUG org.asynchttpclient.netty.handler.HttpHandler - 

Request DefaultHttpRequest(decodeResult: success, version: HTTP/1.1)
POST /session/68679e25a8a786b2bc80daca86bc9d59/element HTTP/1.1
User-Agent: selenium/4.1.2 (java windows)
Content-Length: 81
Content-Type: application/json; charset=utf-8
host: localhost:59077
accept: */*

Response DefaultHttpResponse(decodeResult: success, version: HTTP/1.1)
HTTP/1.1 200 OK
Content-Type: application/json; charset=utf-8
cache-control: no-cache
content-length: 88

23:14:26.979 [AsyncHttpClient-1-9] DEBUG org.asynchttpclient.netty.channel.ChannelManager - Adding key: http://localhost:59077 for channel [id: 0x3cd03b87, L:/127.0.0.1:63137 - R:localhost/127.0.0.1:59077]
23:14:26.981 [Forwarding getElementTagName on session 68679e25a8a786b2bc80daca86bc9d59 to remote] DEBUG org.asynchttpclient.netty.request.NettyRequestSender - Using pooled Channel '[id: 0x3cd03b87, L:/127.0.0.1:63137 - R:localhost/127.0.0.1:59077]' for 'GET' to 'http://localhost:59077/session/68679e25a8a786b2bc80daca86bc9d59/element/55cb6b04-2d3e-4f56-916b-8991a329d40b/name'
23:14:26.981 [Forwarding getElementTagName on session 68679e25a8a786b2bc80daca86bc9d59 to remote] DEBUG org.asynchttpclient.netty.request.NettyRequestSender - Using open Channel [id: 0x3cd03b87, L:/127.0.0.1:63137 - R:localhost/127.0.0.1:59077] for GET '/session/68679e25a8a786b2bc80daca86bc9d59/element/55cb6b04-2d3e-4f56-916b-8991a329d40b/name'
23:14:26.984 [AsyncHttpClient-1-9] DEBUG org.asynchttpclient.netty.handler.HttpHandler - 

Request DefaultFullHttpRequest(decodeResult: success, version: HTTP/1.1, content: EmptyByteBufBE)
GET /session/68679e25a8a786b2bc80daca86bc9d59/element/55cb6b04-2d3e-4f56-916b-8991a329d40b/name HTTP/1.1
User-Agent: selenium/4.1.2 (java windows)
Cache-Control: no-cache
Content-Type: application/json; charset=utf-8
host: localhost:59077
accept: */*

Response DefaultHttpResponse(decodeResult: success, version: HTTP/1.1)
HTTP/1.1 200 OK
Content-Type: application/json; charset=utf-8
cache-control: no-cache
content-length: 16

23:14:26.984 [AsyncHttpClient-1-9] DEBUG org.asynchttpclient.netty.channel.ChannelManager - Adding key: http://localhost:59077 for channel [id: 0x3cd03b87, L:/127.0.0.1:63137 - R:localhost/127.0.0.1:59077]
23:14:26.985 [Forwarding getElementTagName on session 68679e25a8a786b2bc80daca86bc9d59 to remote] DEBUG org.asynchttpclient.netty.request.NettyRequestSender - Using pooled Channel '[id: 0x3cd03b87, L:/127.0.0.1:63137 - R:localhost/127.0.0.1:59077]' for 'GET' to 'http://localhost:59077/session/68679e25a8a786b2bc80daca86bc9d59/element/55cb6b04-2d3e-4f56-916b-8991a329d40b/name'
23:14:26.985 [Forwarding getElementTagName on session 68679e25a8a786b2bc80daca86bc9d59 to remote] DEBUG org.asynchttpclient.netty.request.NettyRequestSender - Using open Channel [id: 0x3cd03b87, L:/127.0.0.1:63137 - R:localhost/127.0.0.1:59077] for GET '/session/68679e25a8a786b2bc80daca86bc9d59/element/55cb6b04-2d3e-4f56-916b-8991a329d40b/name'
23:14:26.987 [AsyncHttpClient-1-9] DEBUG org.asynchttpclient.netty.handler.HttpHandler - 

Request DefaultFullHttpRequest(decodeResult: success, version: HTTP/1.1, content: EmptyByteBufBE)
GET /session/68679e25a8a786b2bc80daca86bc9d59/element/55cb6b04-2d3e-4f56-916b-8991a329d40b/name HTTP/1.1
User-Agent: selenium/4.1.2 (java windows)
Cache-Control: no-cache
Content-Type: application/json; charset=utf-8
host: localhost:59077
accept: */*

Response DefaultHttpResponse(decodeResult: success, version: HTTP/1.1)
HTTP/1.1 200 OK
Content-Type: application/json; charset=utf-8
cache-control: no-cache
content-length: 16

23:14:26.987 [AsyncHttpClient-1-9] DEBUG org.asynchttpclient.netty.channel.ChannelManager - Adding key: http://localhost:59077 for channel [id: 0x3cd03b87, L:/127.0.0.1:63137 - R:localhost/127.0.0.1:59077]
23:14:26.988 [Forwarding findElement on session 68679e25a8a786b2bc80daca86bc9d59 to remote] DEBUG org.asynchttpclient.netty.request.NettyRequestSender - Using pooled Channel '[id: 0x3cd03b87, L:/127.0.0.1:63137 - R:localhost/127.0.0.1:59077]' for 'POST' to 'http://localhost:59077/session/68679e25a8a786b2bc80daca86bc9d59/element'
23:14:26.988 [Forwarding findElement on session 68679e25a8a786b2bc80daca86bc9d59 to remote] DEBUG org.asynchttpclient.netty.request.NettyRequestSender - Using open Channel [id: 0x3cd03b87, L:/127.0.0.1:63137 - R:localhost/127.0.0.1:59077] for POST '/session/68679e25a8a786b2bc80daca86bc9d59/element'
23:14:26.994 [AsyncHttpClient-1-9] DEBUG org.asynchttpclient.netty.handler.HttpHandler - 

Request DefaultHttpRequest(decodeResult: success, version: HTTP/1.1)
POST /session/68679e25a8a786b2bc80daca86bc9d59/element HTTP/1.1
User-Agent: selenium/4.1.2 (java windows)
Content-Length: 81
Content-Type: application/json; charset=utf-8
host: localhost:59077
accept: */*

Response DefaultHttpResponse(decodeResult: success, version: HTTP/1.1)
HTTP/1.1 200 OK
Content-Type: application/json; charset=utf-8
cache-control: no-cache
content-length: 88

23:14:26.995 [AsyncHttpClient-1-9] DEBUG org.asynchttpclient.netty.channel.ChannelManager - Adding key: http://localhost:59077 for channel [id: 0x3cd03b87, L:/127.0.0.1:63137 - R:localhost/127.0.0.1:59077]
23:14:26.996 [Forwarding clickElement on session 68679e25a8a786b2bc80daca86bc9d59 to remote] DEBUG org.asynchttpclient.netty.request.NettyRequestSender - Using pooled Channel '[id: 0x3cd03b87, L:/127.0.0.1:63137 - R:localhost/127.0.0.1:59077]' for 'POST' to 'http://localhost:59077/session/68679e25a8a786b2bc80daca86bc9d59/element/55cb6b04-2d3e-4f56-916b-8991a329d40b/click'
23:14:26.997 [Forwarding clickElement on session 68679e25a8a786b2bc80daca86bc9d59 to remote] DEBUG org.asynchttpclient.netty.request.NettyRequestSender - Using open Channel [id: 0x3cd03b87, L:/127.0.0.1:63137 - R:localhost/127.0.0.1:59077] for POST '/session/68679e25a8a786b2bc80daca86bc9d59/element/55cb6b04-2d3e-4f56-916b-8991a329d40b/click'
23:14:27.501 [AsyncHttpClient-1-9] DEBUG org.asynchttpclient.netty.handler.HttpHandler - 

Request DefaultHttpRequest(decodeResult: success, version: HTTP/1.1)
POST /session/68679e25a8a786b2bc80daca86bc9d59/element/55cb6b04-2d3e-4f56-916b-8991a329d40b/click HTTP/1.1
User-Agent: selenium/4.1.2 (java windows)
Content-Length: 50
Content-Type: application/json; charset=utf-8
host: localhost:59077
accept: */*

Response DefaultHttpResponse(decodeResult: success, version: HTTP/1.1)
HTTP/1.1 200 OK
Content-Type: application/json; charset=utf-8
cache-control: no-cache
content-length: 14

23:14:27.501 [AsyncHttpClient-1-9] DEBUG org.asynchttpclient.netty.channel.ChannelManager - Adding key: http://localhost:59077 for channel [id: 0x3cd03b87, L:/127.0.0.1:63137 - R:localhost/127.0.0.1:59077]
  &amp#27;[32mThen &amp#27;[0m&amp#27;[32mI click baby on the header&amp#27;[0m      &amp#27;[90m# starter.stepdefinitions.BabyStep.iClickBabyOnTheHeader()&amp#27;[0m
23:14:27.509 [Forwarding screenshot on session 68679e25a8a786b2bc80daca86bc9d59 to remote] DEBUG org.asynchttpclient.netty.request.NettyRequestSender - Using pooled Channel '[id: 0x3cd03b87, L:/127.0.0.1:63137 - R:localhost/127.0.0.1:59077]' for 'GET' to 'http://localhost:59077/session/68679e25a8a786b2bc80daca86bc9d59/screenshot'
23:14:27.509 [Forwarding screenshot on session 68679e25a8a786b2bc80daca86bc9d59 to remote] DEBUG org.asynchttpclient.netty.request.NettyRequestSender - Using open Channel [id: 0x3cd03b87, L:/127.0.0.1:63137 - R:localhost/127.0.0.1:59077] for GET '/session/68679e25a8a786b2bc80daca86bc9d59/screenshot'
23:14:27.529 [AsyncHttpClient-1-1] DEBUG org.asynchttpclient.netty.channel.DefaultChannelPool - Entry count for : http://localhost:63139 : 1
23:14:27.636 [AsyncHttpClient-1-9] DEBUG org.asynchttpclient.netty.handler.HttpHandler - 

Request DefaultFullHttpRequest(decodeResult: success, version: HTTP/1.1, content: EmptyByteBufBE)
GET /session/68679e25a8a786b2bc80daca86bc9d59/screenshot HTTP/1.1
User-Agent: selenium/4.1.2 (java windows)
Cache-Control: no-cache
Content-Type: application/json; charset=utf-8
host: localhost:59077
accept: */*

Response DefaultHttpResponse(decodeResult: success, version: HTTP/1.1)
HTTP/1.1 200 OK
Content-Type: application/json; charset=utf-8
cache-control: no-cache
content-length: 62152

23:14:27.637 [AsyncHttpClient-1-9] DEBUG org.asynchttpclient.netty.channel.ChannelManager - Adding key: http://localhost:59077 for channel [id: 0x3cd03b87, L:/127.0.0.1:63137 - R:localhost/127.0.0.1:59077]
23:14:27.639 [main] DEBUG net.serenitybdd.core.photography.Darkroom - Send negative for processing for target\site\serenity\e24dcf0e76a3b9a3003a120159a29047ac10468dedf9e088f387d3eda27f774d.png
23:14:27.646 [Forwarding findElement on session 68679e25a8a786b2bc80daca86bc9d59 to remote] DEBUG org.asynchttpclient.netty.request.NettyRequestSender - Using pooled Channel '[id: 0x3cd03b87, L:/127.0.0.1:63137 - R:localhost/127.0.0.1:59077]' for 'POST' to 'http://localhost:59077/session/68679e25a8a786b2bc80daca86bc9d59/element'
23:14:27.646 [Forwarding findElement on session 68679e25a8a786b2bc80daca86bc9d59 to remote] DEBUG org.asynchttpclient.netty.request.NettyRequestSender - Using open Channel [id: 0x3cd03b87, L:/127.0.0.1:63137 - R:localhost/127.0.0.1:59077] for POST '/session/68679e25a8a786b2bc80daca86bc9d59/element'
23:14:27.658 [AsyncHttpClient-1-9] DEBUG org.asynchttpclient.netty.handler.HttpHandler - 

Request DefaultHttpRequest(decodeResult: success, version: HTTP/1.1)
POST /session/68679e25a8a786b2bc80daca86bc9d59/element HTTP/1.1
User-Agent: selenium/4.1.2 (java windows)
Content-Length: 107
Content-Type: application/json; charset=utf-8
host: localhost:59077
accept: */*

Response DefaultHttpResponse(decodeResult: success, version: HTTP/1.1)
HTTP/1.1 200 OK
Content-Type: application/json; charset=utf-8
cache-control: no-cache
content-length: 88

23:14:27.658 [AsyncHttpClient-1-9] DEBUG org.asynchttpclient.netty.channel.ChannelManager - Adding key: http://localhost:59077 for channel [id: 0x3cd03b87, L:/127.0.0.1:63137 - R:localhost/127.0.0.1:59077]
23:14:27.659 [Forwarding getElementTagName on session 68679e25a8a786b2bc80daca86bc9d59 to remote] DEBUG org.asynchttpclient.netty.request.NettyRequestSender - Using pooled Channel '[id: 0x3cd03b87, L:/127.0.0.1:63137 - R:localhost/127.0.0.1:59077]' for 'GET' to 'http://localhost:59077/session/68679e25a8a786b2bc80daca86bc9d59/element/019d84dc-707a-4829-8f01-d54b74ee7100/name'
23:14:27.660 [Forwarding getElementTagName on session 68679e25a8a786b2bc80daca86bc9d59 to remote] DEBUG org.asynchttpclient.netty.request.NettyRequestSender - Using open Channel [id: 0x3cd03b87, L:/127.0.0.1:63137 - R:localhost/127.0.0.1:59077] for GET '/session/68679e25a8a786b2bc80daca86bc9d59/element/019d84dc-707a-4829-8f01-d54b74ee7100/name'
23:14:27.663 [AsyncHttpClient-1-9] DEBUG org.asynchttpclient.netty.handler.HttpHandler - 

Request DefaultFullHttpRequest(decodeResult: success, version: HTTP/1.1, content: EmptyByteBufBE)
GET /session/68679e25a8a786b2bc80daca86bc9d59/element/019d84dc-707a-4829-8f01-d54b74ee7100/name HTTP/1.1
User-Agent: selenium/4.1.2 (java windows)
Cache-Control: no-cache
Content-Type: application/json; charset=utf-8
host: localhost:59077
accept: */*

Response DefaultHttpResponse(decodeResult: success, version: HTTP/1.1)
HTTP/1.1 200 OK
Content-Type: application/json; charset=utf-8
cache-control: no-cache
content-length: 16

23:14:27.664 [AsyncHttpClient-1-9] DEBUG org.asynchttpclient.netty.channel.ChannelManager - Adding key: http://localhost:59077 for channel [id: 0x3cd03b87, L:/127.0.0.1:63137 - R:localhost/127.0.0.1:59077]
23:14:27.665 [Forwarding getElementTagName on session 68679e25a8a786b2bc80daca86bc9d59 to remote] DEBUG org.asynchttpclient.netty.request.NettyRequestSender - Using pooled Channel '[id: 0x3cd03b87, L:/127.0.0.1:63137 - R:localhost/127.0.0.1:59077]' for 'GET' to 'http://localhost:59077/session/68679e25a8a786b2bc80daca86bc9d59/element/019d84dc-707a-4829-8f01-d54b74ee7100/name'
23:14:27.665 [Forwarding getElementTagName on session 68679e25a8a786b2bc80daca86bc9d59 to remote] DEBUG org.asynchttpclient.netty.request.NettyRequestSender - Using open Channel [id: 0x3cd03b87, L:/127.0.0.1:63137 - R:localhost/127.0.0.1:59077] for GET '/session/68679e25a8a786b2bc80daca86bc9d59/element/019d84dc-707a-4829-8f01-d54b74ee7100/name'
23:14:27.669 [AsyncHttpClient-1-9] DEBUG org.asynchttpclient.netty.handler.HttpHandler - 

Request DefaultFullHttpRequest(decodeResult: success, version: HTTP/1.1, content: EmptyByteBufBE)
GET /session/68679e25a8a786b2bc80daca86bc9d59/element/019d84dc-707a-4829-8f01-d54b74ee7100/name HTTP/1.1
User-Agent: selenium/4.1.2 (java windows)
Cache-Control: no-cache
Content-Type: application/json; charset=utf-8
host: localhost:59077
accept: */*

Response DefaultHttpResponse(decodeResult: success, version: HTTP/1.1)
HTTP/1.1 200 OK
Content-Type: application/json; charset=utf-8
cache-control: no-cache
content-length: 16

23:14:27.669 [AsyncHttpClient-1-9] DEBUG org.asynchttpclient.netty.channel.ChannelManager - Adding key: http://localhost:59077 for channel [id: 0x3cd03b87, L:/127.0.0.1:63137 - R:localhost/127.0.0.1:59077]
23:14:27.670 [Forwarding findElement on session 68679e25a8a786b2bc80daca86bc9d59 to remote] DEBUG org.asynchttpclient.netty.request.NettyRequestSender - Using pooled Channel '[id: 0x3cd03b87, L:/127.0.0.1:63137 - R:localhost/127.0.0.1:59077]' for 'POST' to 'http://localhost:59077/session/68679e25a8a786b2bc80daca86bc9d59/element'
23:14:27.670 [Forwarding findElement on session 68679e25a8a786b2bc80daca86bc9d59 to remote] DEBUG org.asynchttpclient.netty.request.NettyRequestSender - Using open Channel [id: 0x3cd03b87, L:/127.0.0.1:63137 - R:localhost/127.0.0.1:59077] for POST '/session/68679e25a8a786b2bc80daca86bc9d59/element'
23:14:27.679 [AsyncHttpClient-1-9] DEBUG org.asynchttpclient.netty.handler.HttpHandler - 

Request DefaultHttpRequest(decodeResult: success, version: HTTP/1.1)
POST /session/68679e25a8a786b2bc80daca86bc9d59/element HTTP/1.1
User-Agent: selenium/4.1.2 (java windows)
Content-Length: 107
Content-Type: application/json; charset=utf-8
host: localhost:59077
accept: */*

Response DefaultHttpResponse(decodeResult: success, version: HTTP/1.1)
HTTP/1.1 200 OK
Content-Type: application/json; charset=utf-8
cache-control: no-cache
content-length: 88

23:14:27.679 [AsyncHttpClient-1-9] DEBUG org.asynchttpclient.netty.channel.ChannelManager - Adding key: http://localhost:59077 for channel [id: 0x3cd03b87, L:/127.0.0.1:63137 - R:localhost/127.0.0.1:59077]
23:14:27.680 [Forwarding clickElement on session 68679e25a8a786b2bc80daca86bc9d59 to remote] DEBUG org.asynchttpclient.netty.request.NettyRequestSender - Using pooled Channel '[id: 0x3cd03b87, L:/127.0.0.1:63137 - R:localhost/127.0.0.1:59077]' for 'POST' to 'http://localhost:59077/session/68679e25a8a786b2bc80daca86bc9d59/element/019d84dc-707a-4829-8f01-d54b74ee7100/click'
23:14:27.680 [Forwarding clickElement on session 68679e25a8a786b2bc80daca86bc9d59 to remote] DEBUG org.asynchttpclient.netty.request.NettyRequestSender - Using open Channel [id: 0x3cd03b87, L:/127.0.0.1:63137 - R:localhost/127.0.0.1:59077] for POST '/session/68679e25a8a786b2bc80daca86bc9d59/element/019d84dc-707a-4829-8f01-d54b74ee7100/click'
23:14:27.842 [AsyncHttpClient-1-9] DEBUG org.asynchttpclient.netty.handler.HttpHandler - 

Request DefaultHttpRequest(decodeResult: success, version: HTTP/1.1)
POST /session/68679e25a8a786b2bc80daca86bc9d59/element/019d84dc-707a-4829-8f01-d54b74ee7100/click HTTP/1.1
User-Agent: selenium/4.1.2 (java windows)
Content-Length: 50
Content-Type: application/json; charset=utf-8
host: localhost:59077
accept: */*

Response DefaultHttpResponse(decodeResult: success, version: HTTP/1.1)
HTTP/1.1 200 OK
Content-Type: application/json; charset=utf-8
cache-control: no-cache
content-length: 14

23:14:27.842 [AsyncHttpClient-1-9] DEBUG org.asynchttpclient.netty.channel.ChannelManager - Adding key: http://localhost:59077 for channel [id: 0x3cd03b87, L:/127.0.0.1:63137 - R:localhost/127.0.0.1:59077]
  &amp#27;[32mWhen &amp#27;[0m&amp#27;[32mI will go to aksesoris bayi dua&amp#27;[0m &amp#27;[90m# starter.stepdefinitions.BabyStep.iWillGoToAksesorisBayiDua()&amp#27;[0m
23:14:27.852 [Forwarding screenshot on session 68679e25a8a786b2bc80daca86bc9d59 to remote] DEBUG org.asynchttpclient.netty.request.NettyRequestSender - Using pooled Channel '[id: 0x3cd03b87, L:/127.0.0.1:63137 - R:localhost/127.0.0.1:59077]' for 'GET' to 'http://localhost:59077/session/68679e25a8a786b2bc80daca86bc9d59/screenshot'
23:14:27.852 [Forwarding screenshot on session 68679e25a8a786b2bc80daca86bc9d59 to remote] DEBUG org.asynchttpclient.netty.request.NettyRequestSender - Using open Channel [id: 0x3cd03b87, L:/127.0.0.1:63137 - R:localhost/127.0.0.1:59077] for GET '/session/68679e25a8a786b2bc80daca86bc9d59/screenshot'
23:14:28.280 [AsyncHttpClient-1-9] DEBUG org.asynchttpclient.netty.handler.HttpHandler - 

Request DefaultFullHttpRequest(decodeResult: success, version: HTTP/1.1, content: EmptyByteBufBE)
GET /session/68679e25a8a786b2bc80daca86bc9d59/screenshot HTTP/1.1
User-Agent: selenium/4.1.2 (java windows)
Cache-Control: no-cache
Content-Type: application/json; charset=utf-8
host: localhost:59077
accept: */*

Response DefaultHttpResponse(decodeResult: success, version: HTTP/1.1)
HTTP/1.1 200 OK
Content-Type: application/json; charset=utf-8
cache-control: no-cache
content-length: 131400

23:14:28.280 [AsyncHttpClient-1-9] DEBUG org.asynchttpclient.netty.channel.ChannelManager - Adding key: http://localhost:59077 for channel [id: 0x3cd03b87, L:/127.0.0.1:63137 - R:localhost/127.0.0.1:59077]
23:14:28.287 [main] DEBUG net.serenitybdd.core.photography.Darkroom - Send negative for processing for target\site\serenity\7fdde613a55d4f6cfd05142b3594120a1b08dca546f57f944b72711b65787ded.png
23:14:28.287 [Darkroom Processing Line] DEBUG net.serenitybdd.core.photography.DarkroomProcessingLine - Processing screenshot image in /var/screenshots/screenshot-8228064734656584311
23:14:28.287 [Darkroom Processing Line] DEBUG net.serenitybdd.core.photography.DarkroomProcessingLine - Saving screenshot to target\site\serenity\7fdde613a55d4f6cfd05142b3594120a1b08dca546f57f944b72711b65787ded.png
23:14:28.288 [main] INFO  - 
  _____   ___   ___   _____     ___     _     ___   ___   ___   ___  
 |_   _| | __| / __| |_   _|   | _ \   /_\   / __| / __| | __| |   \ 
   | |   | _|  \__ \   | |     |  _/  / _ \  \__ \ \__ \ | _|  | |) |
   |_|   |___| |___/   |_|     |_|   /_/ \_\ |___/ |___/ |___| |___/ 

Menu Aksesoris 2
----------------------------------------------------------------------
23:14:28.289 [AsyncHttpClient-1-11] DEBUG org.asynchttpclient.netty.handler.WebSocketHandler - Channel Closed: [id: 0x57dcd071, L:/127.0.0.1:63147 ! R:localhost/127.0.0.1:63139] with attribute NettyResponseFuture{currentRetry=5,
	isDone=1,
	isCancelled=0,
	asyncHandler=org.asynchttpclient.ws.WebSocketUpgradeHandler@52265eea,
	nettyRequest=org.asynchttpclient.netty.request.NettyRequest@6ab8d84c,
	future=java.util.concurrent.CompletableFuture@5e3aea05[Completed normally],
	uri=ws://localhost:63139/devtools/browser/19ee203f-0a96-4d0f-a6d3-84a027060e36,
	keepAlive=true,
	redirectCount=0,
	timeoutsHolder=null,
	inAuth=0,
	touch=1680538443334}
23:14:28.289 [AsyncHttpClient-1-11] DEBUG org.asynchttpclient.netty.channel.ChannelManager - Closing Channel [id: 0x57dcd071, L:/127.0.0.1:63147 ! R:localhost/127.0.0.1:63139] 
23:14:28.289 [Driver Command Executor] DEBUG org.asynchttpclient.netty.request.NettyRequestSender - Using pooled Channel '[id: 0x3cd03b87, L:/127.0.0.1:63137 - R:localhost/127.0.0.1:59077]' for 'DELETE' to 'http://localhost:59077/session/68679e25a8a786b2bc80daca86bc9d59'
23:14:28.289 [Driver Command Executor] DEBUG org.asynchttpclient.netty.request.NettyRequestSender - Using open Channel [id: 0x3cd03b87, L:/127.0.0.1:63137 - R:localhost/127.0.0.1:59077] for DELETE '/session/68679e25a8a786b2bc80daca86bc9d59'
23:14:28.322 [AsyncHttpClient-1-10] DEBUG org.asynchttpclient.netty.handler.HttpHandler - Unexpected I/O exception on channel [id: 0xb7e1008c, L:/127.0.0.1:63146 - R:localhost/127.0.0.1:63139]
java.net.SocketException: Connection reset
	at java.base/sun.nio.ch.SocketChannelImpl.throwConnectionReset(SocketChannelImpl.java:345)
	at java.base/sun.nio.ch.SocketChannelImpl.read(SocketChannelImpl.java:376)
	at io.netty.buffer.PooledByteBuf.setBytes(PooledByteBuf.java:258)
	at io.netty.buffer.AbstractByteBuf.writeBytes(AbstractByteBuf.java:1132)
	at io.netty.channel.socket.nio.NioSocketChannel.doReadBytes(NioSocketChannel.java:350)
	at io.netty.channel.nio.AbstractNioByteChannel$NioByteUnsafe.read(AbstractNioByteChannel.java:151)
	at io.netty.channel.nio.NioEventLoop.processSelectedKey(NioEventLoop.java:722)
	at io.netty.channel.nio.NioEventLoop.processSelectedKeysOptimized(NioEventLoop.java:658)
	at io.netty.channel.nio.NioEventLoop.processSelectedKeys(NioEventLoop.java:584)
	at io.netty.channel.nio.NioEventLoop.run(NioEventLoop.java:496)
	at io.netty.util.concurrent.SingleThreadEventExecutor$4.run(SingleThreadEventExecutor.java:986)
	at io.netty.util.internal.ThreadExecutorMap$2.run(ThreadExecutorMap.java:74)
	at io.netty.util.concurrent.FastThreadLocalRunnable.run(FastThreadLocalRunnable.java:30)
	at java.base/java.lang.Thread.run(Thread.java:830)
23:14:28.322 [AsyncHttpClient-1-10] DEBUG org.asynchttpclient.netty.channel.ChannelManager - Closing Channel [id: 0xb7e1008c, L:/127.0.0.1:63146 - R:localhost/127.0.0.1:63139] 
23:14:28.323 [AsyncHttpClient-1-10] DEBUG org.asynchttpclient.netty.handler.HttpHandler - Channel Closed: [id: 0xb7e1008c, L:/127.0.0.1:63146 ! R:localhost/127.0.0.1:63139] with attribute DISCARD
23:14:28.342 [AsyncHttpClient-1-9] DEBUG org.asynchttpclient.netty.handler.HttpHandler - 

Request DefaultFullHttpRequest(decodeResult: success, version: HTTP/1.1, content: EmptyByteBufBE)
DELETE /session/68679e25a8a786b2bc80daca86bc9d59 HTTP/1.1
User-Agent: selenium/4.1.2 (java windows)
Content-Type: application/json; charset=utf-8
host: localhost:59077
accept: */*

Response DefaultHttpResponse(decodeResult: success, version: HTTP/1.1)
HTTP/1.1 200 OK
Content-Type: application/json; charset=utf-8
cache-control: no-cache
content-length: 14

23:14:28.342 [AsyncHttpClient-1-9] DEBUG org.asynchttpclient.netty.channel.ChannelManager - Adding key: http://localhost:59077 for channel [id: 0x3cd03b87, L:/127.0.0.1:63137 - R:localhost/127.0.0.1:59077]
23:14:28.423 [AsyncHttpClient-1-9] DEBUG org.asynchttpclient.netty.handler.HttpHandler - Channel Closed: [id: 0x3cd03b87, L:/127.0.0.1:63137 ! R:localhost/127.0.0.1:59077] with attribute DISCARD
23:14:28.624 [AsyncHttpClient-1-1] DEBUG org.asynchttpclient.netty.channel.DefaultChannelPool - Entry count for : http://localhost:59077 : 1
23:14:28.624 [AsyncHttpClient-1-1] DEBUG org.asynchttpclient.netty.channel.DefaultChannelPool - Entry count for : http://localhost:63139 : 1
23:14:28.624 [AsyncHttpClient-1-1] DEBUG org.asynchttpclient.netty.channel.DefaultChannelPool - Adding Candidate expired Channel [id: 0x3cd03b87, L:/127.0.0.1:63137 ! R:localhost/127.0.0.1:59077] isIdleTimeoutExpired=false isRemotelyClosed=true isTtlExpired=false
23:14:28.624 [AsyncHttpClient-1-1] DEBUG org.asynchttpclient.netty.channel.DefaultChannelPool - Closing Idle Channel [id: 0x3cd03b87, L:/127.0.0.1:63137 ! R:localhost/127.0.0.1:59077]
23:14:28.624 [AsyncHttpClient-1-1] DEBUG org.asynchttpclient.netty.channel.DefaultChannelPool - Adding Candidate expired Channel [id: 0xb7e1008c, L:/127.0.0.1:63146 ! R:localhost/127.0.0.1:63139] isIdleTimeoutExpired=false isRemotelyClosed=true isTtlExpired=false
23:14:28.624 [AsyncHttpClient-1-1] DEBUG org.asynchttpclient.netty.channel.DefaultChannelPool - Closing Idle Channel [id: 0xb7e1008c, L:/127.0.0.1:63146 ! R:localhost/127.0.0.1:63139]
23:14:28.624 [AsyncHttpClient-1-1] DEBUG org.asynchttpclient.netty.channel.DefaultChannelPool - Closed 2 connections out of 2 in 0 ms
]]></system-out>
    <system-err><![CDATA[Starting Microsoft Edge WebDriver 111.0.1661.62 (0a8f453929e6410c973aa529a40485ce4e3e03db) on port 59077
To submit feedback, report a bug, or suggest new features, please visit https://github.com/MicrosoftEdge/EdgeWebDriver

Only local connections are allowed.
Please see https://aka.ms/WebDriverSecurity for suggestions on keeping Microsoft Edge WebDriver safe.

Microsoft Edge WebDriver was started successfully.
Apr 03, 2023 11:14:03 PM org.openqa.selenium.remote.ProtocolHandshake createSession
INFO: Detected dialect: W3C
Apr 03, 2023 11:14:03 PM org.openqa.selenium.devtools.CdpVersionFinder findNearestMatch
WARNING: Unable to find an exact match for CDP version 111, so returning the closest version found: a no-op implementation
Apr 03, 2023 11:14:03 PM org.openqa.selenium.devtools.CdpVersionFinder findNearestMatch
INFO: Unable to find CDP implementation matching 111.
Apr 03, 2023 11:14:03 PM org.openqa.selenium.chromium.ChromiumDriver lambda$new$3
WARNING: Unable to find version of CDP to use for . You may need to include a dependency on a specific version of the CDP using something similar to `org.seleniumhq.selenium:selenium-devtools-v86:4.1.2` where the version ("v86") matches the version of the chromium-based browser you're using and the version number of the artifact is the same as Selenium's.
]]></system-err>
  </testcase>
</testsuite>