<?xml version="1.0" encoding="UTF-8"?>
<testsuite xmlns:xsi="http://www.w3.org/2001/XMLSchema-instance" xsi:noNamespaceSchemaLocation="https://maven.apache.org/surefire/maven-failsafe-plugin/xsd/failsafe-test-report-3.0.xsd" version="3.0" name="CucumberTestSuite" time="168.321" tests="14" errors="0" skipped="0" failures="0">
  <properties>
    <property name="java.specification.version" value="13"/>
    <property name="sun.cpu.isalist" value="amd64"/>
    <property name="sun.jnu.encoding" value="Cp1252"/>
    <property name="java.class.path" value="C:\Users\alwi\IdeaProjects\uniqloweb\target\test-classes;C:\Users\alwi\.m2\repository\net\serenity-bdd\serenity-core\3.2.1\serenity-core-3.2.1.jar;C:\Users\alwi\.m2\repository\net\serenity-bdd\serenity-model\3.2.1\serenity-model-3.2.1.jar;C:\Users\alwi\.m2\repository\org\apache\commons\commons-text\1.9\commons-text-1.9.jar;C:\Users\alwi\.m2\repository\commons-net\commons-net\3.8.0\commons-net-3.8.0.jar;C:\Users\alwi\.m2\repository\com\google\guava\guava\31.1-jre\guava-31.1-jre.jar;C:\Users\alwi\.m2\repository\com\google\guava\failureaccess\1.0.1\failureaccess-1.0.1.jar;C:\Users\alwi\.m2\repository\com\google\guava\listenablefuture\9999.0-empty-to-avoid-conflict-with-guava\listenablefuture-9999.0-empty-to-avoid-conflict-with-guava.jar;C:\Users\alwi\.m2\repository\com\google\code\findbugs\jsr305\3.0.2\jsr305-3.0.2.jar;C:\Users\alwi\.m2\repository\org\checkerframework\checker-qual\3.12.0\checker-qual-3.12.0.jar;C:\Users\alwi\.m2\repository\com\google\errorprone\error_prone_annotations\2.11.0\error_prone_annotations-2.11.0.jar;C:\Users\alwi\.m2\repository\com\google\j2objc\j2objc-annotations\1.3\j2objc-annotations-1.3.jar;C:\Users\alwi\.m2\repository\com\google\inject\guice\5.1.0\guice-5.1.0.jar;C:\Users\alwi\.m2\repository\javax\inject\javax.inject\1\javax.inject-1.jar;C:\Users\alwi\.m2\repository\aopalliance\aopalliance\1.0\aopalliance-1.0.jar;C:\Users\alwi\.m2\repository\org\jsoup\jsoup\1.14.3\jsoup-1.14.3.jar;C:\Users\alwi\.m2\repository\com\thoughtworks\xstream\xstream\1.4.19\xstream-1.4.19.jar;C:\Users\alwi\.m2\repository\io\github\x-stream\mxparser\1.2.2\mxparser-1.2.2.jar;C:\Users\alwi\.m2\repository\xmlpull\xmlpull\1.1.3.1\xmlpull-1.1.3.1.jar;C:\Users\alwi\.m2\repository\io\cucumber\cucumber-java\7.2.3\cucumber-java-7.2.3.jar;C:\Users\alwi\.m2\repository\com\typesafe\config\1.4.2\config-1.4.2.jar;C:\Users\alwi\.m2\repository\org\imgscalr\imgscalr-lib\4.2\imgscalr-lib-4.2.jar;C:\Users\alwi\.m2\repository\org\awaitility\awaitility\4.2.0\awaitility-4.2.0.jar;C:\Users\alwi\.m2\repository\org\freemarker\freemarker\2.3.31\freemarker-2.3.31.jar;C:\Users\alwi\.m2\repository\io\github\classgraph\classgraph\4.8.138\classgraph-4.8.138.jar;C:\Users\alwi\.m2\repository\net\sourceforge\jexcelapi\jxl\2.6.12\jxl-2.6.12.jar;C:\Users\alwi\.m2\repository\net\bytebuddy\byte-buddy\1.12.8\byte-buddy-1.12.8.jar;C:\Users\alwi\.m2\repository\net\bytebuddy\byte-buddy-agent\1.12.8\byte-buddy-agent-1.12.8.jar;C:\Users\alwi\.m2\repository\org\objenesis\objenesis\3.1\objenesis-3.1.jar;C:\Users\alwi\.m2\repository\net\serenity-bdd\serenity-reports\3.2.1\serenity-reports-3.2.1.jar;C:\Users\alwi\.m2\repository\net\serenity-bdd\serenity-stats\3.2.1\serenity-stats-3.2.1.jar;C:\Users\alwi\.m2\repository\net\serenity-bdd\serenity-reports-configuration\3.2.1\serenity-reports-configuration-3.2.1.jar;C:\Users\alwi\.m2\repository\com\vladsch\flexmark\flexmark-all\0.34.30\flexmark-all-0.34.30.jar;C:\Users\alwi\.m2\repository\com\vladsch\flexmark\flexmark\0.34.30\flexmark-0.34.30.jar;C:\Users\alwi\.m2\repository\com\vladsch\flexmark\flexmark-ext-abbreviation\0.34.30\flexmark-ext-abbreviation-0.34.30.jar;C:\Users\alwi\.m2\repository\com\vladsch\flexmark\flexmark-ext-admonition\0.34.30\flexmark-ext-admonition-0.34.30.jar;C:\Users\alwi\.m2\repository\com\vladsch\flexmark\flexmark-ext-anchorlink\0.34.30\flexmark-ext-anchorlink-0.34.30.jar;C:\Users\alwi\.m2\repository\com\vladsch\flexmark\flexmark-ext-aside\0.34.30\flexmark-ext-aside-0.34.30.jar;C:\Users\alwi\.m2\repository\com\vladsch\flexmark\flexmark-ext-attributes\0.34.30\flexmark-ext-attributes-0.34.30.jar;C:\Users\alwi\.m2\repository\com\vladsch\flexmark\flexmark-ext-autolink\0.34.30\flexmark-ext-autolink-0.34.30.jar;C:\Users\alwi\.m2\repository\org\nibor\autolink\autolink\0.6.0\autolink-0.6.0.jar;C:\Users\alwi\.m2\repository\com\vladsch\flexmark\flexmark-ext-definition\0.34.30\flexmark-ext-definition-0.34.30.jar;C:\Users\alwi\.m2\repository\com\vladsch\flexmark\flexmark-ext-emoji\0.34.30\flexmark-ext-emoji-0.34.30.jar;C:\Users\alwi\.m2\repository\com\vladsch\flexmark\flexmark-ext-enumerated-reference\0.34.30\flexmark-ext-enumerated-reference-0.34.30.jar;C:\Users\alwi\.m2\repository\com\vladsch\flexmark\flexmark-ext-escaped-character\0.34.30\flexmark-ext-escaped-character-0.34.30.jar;C:\Users\alwi\.m2\repository\com\vladsch\flexmark\flexmark-ext-footnotes\0.34.30\flexmark-ext-footnotes-0.34.30.jar;C:\Users\alwi\.m2\repository\com\vladsch\flexmark\flexmark-ext-gfm-issues\0.34.30\flexmark-ext-gfm-issues-0.34.30.jar;C:\Users\alwi\.m2\repository\com\vladsch\flexmark\flexmark-ext-gfm-strikethrough\0.34.30\flexmark-ext-gfm-strikethrough-0.34.30.jar;C:\Users\alwi\.m2\repository\com\vladsch\flexmark\flexmark-ext-gfm-tables\0.34.30\flexmark-ext-gfm-tables-0.34.30.jar;C:\Users\alwi\.m2\repository\com\vladsch\flexmark\flexmark-ext-gfm-tasklist\0.34.30\flexmark-ext-gfm-tasklist-0.34.30.jar;C:\Users\alwi\.m2\repository\com\vladsch\flexmark\flexmark-ext-gfm-users\0.34.30\flexmark-ext-gfm-users-0.34.30.jar;C:\Users\alwi\.m2\repository\com\vladsch\flexmark\flexmark-ext-gitlab\0.34.30\flexmark-ext-gitlab-0.34.30.jar;C:\Users\alwi\.m2\repository\com\vladsch\flexmark\flexmark-ext-jekyll-front-matter\0.34.30\flexmark-ext-jekyll-front-matter-0.34.30.jar;C:\Users\alwi\.m2\repository\com\vladsch\flexmark\flexmark-ext-jekyll-tag\0.34.30\flexmark-ext-jekyll-tag-0.34.30.jar;C:\Users\alwi\.m2\repository\com\vladsch\flexmark\flexmark-ext-media-tags\0.34.30\flexmark-ext-media-tags-0.34.30.jar;C:\Users\alwi\.m2\repository\com\vladsch\flexmark\flexmark-test-util\0.34.30\flexmark-test-util-0.34.30.jar;C:\Users\alwi\.m2\repository\com\vladsch\flexmark\flexmark-ext-ins\0.34.30\flexmark-ext-ins-0.34.30.jar;C:\Users\alwi\.m2\repository\com\vladsch\flexmark\flexmark-ext-xwiki-macros\0.34.30\flexmark-ext-xwiki-macros-0.34.30.jar;C:\Users\alwi\.m2\repository\com\vladsch\flexmark\flexmark-ext-superscript\0.34.30\flexmark-ext-superscript-0.34.30.jar;C:\Users\alwi\.m2\repository\com\vladsch\flexmark\flexmark-ext-tables\0.34.30\flexmark-ext-tables-0.34.30.jar;C:\Users\alwi\.m2\repository\com\vladsch\flexmark\flexmark-ext-toc\0.34.30\flexmark-ext-toc-0.34.30.jar;C:\Users\alwi\.m2\repository\com\vladsch\flexmark\flexmark-ext-typographic\0.34.30\flexmark-ext-typographic-0.34.30.jar;C:\Users\alwi\.m2\repository\com\vladsch\flexmark\flexmark-ext-wikilink\0.34.30\flexmark-ext-wikilink-0.34.30.jar;C:\Users\alwi\.m2\repository\com\vladsch\flexmark\flexmark-ext-yaml-front-matter\0.34.30\flexmark-ext-yaml-front-matter-0.34.30.jar;C:\Users\alwi\.m2\repository\com\vladsch\flexmark\flexmark-ext-youtube-embedded\0.34.30\flexmark-ext-youtube-embedded-0.34.30.jar;C:\Users\alwi\.m2\repository\com\vladsch\flexmark\flexmark-formatter\0.34.30\flexmark-formatter-0.34.30.jar;C:\Users\alwi\.m2\repository\com\vladsch\flexmark\flexmark-html-parser\0.34.30\flexmark-html-parser-0.34.30.jar;C:\Users\alwi\.m2\repository\com\vladsch\flexmark\flexmark-jira-converter\0.34.30\flexmark-jira-converter-0.34.30.jar;C:\Users\alwi\.m2\repository\com\vladsch\flexmark\flexmark-pdf-converter\0.34.30\flexmark-pdf-converter-0.34.30.jar;C:\Users\alwi\.m2\repository\com\openhtmltopdf\openhtmltopdf-core\0.0.1-RC13\openhtmltopdf-core-0.0.1-RC13.jar;C:\Users\alwi\.m2\repository\com\openhtmltopdf\openhtmltopdf-pdfbox\0.0.1-RC13\openhtmltopdf-pdfbox-0.0.1-RC13.jar;C:\Users\alwi\.m2\repository\org\apache\pdfbox\pdfbox\2.0.8\pdfbox-2.0.8.jar;C:\Users\alwi\.m2\repository\org\apache\pdfbox\fontbox\2.0.8\fontbox-2.0.8.jar;C:\Users\alwi\.m2\repository\commons-logging\commons-logging\1.2\commons-logging-1.2.jar;C:\Users\alwi\.m2\repository\org\apache\pdfbox\xmpbox\2.0.8\xmpbox-2.0.8.jar;C:\Users\alwi\.m2\repository\de\rototor\pdfbox\graphics2d\0.12\graphics2d-0.12.jar;C:\Users\alwi\.m2\repository\com\openhtmltopdf\openhtmltopdf-rtl-support\0.0.1-RC13\openhtmltopdf-rtl-support-0.0.1-RC13.jar;C:\Users\alwi\.m2\repository\com\ibm\icu\icu4j\59.1\icu4j-59.1.jar;C:\Users\alwi\.m2\repository\com\openhtmltopdf\openhtmltopdf-jsoup-dom-converter\0.0.1-RC13\openhtmltopdf-jsoup-dom-converter-0.0.1-RC13.jar;C:\Users\alwi\.m2\repository\com\vladsch\flexmark\flexmark-profile-pegdown\0.34.30\flexmark-profile-pegdown-0.34.30.jar;C:\Users\alwi\.m2\repository\com\vladsch\flexmark\flexmark-util\0.34.30\flexmark-util-0.34.30.jar;C:\Users\alwi\.m2\repository\com\vladsch\flexmark\flexmark-youtrack-converter\0.34.30\flexmark-youtrack-converter-0.34.30.jar;C:\Users\alwi\.m2\repository\es\nitaur\markdown\txtmark\0.16\txtmark-0.16.jar;C:\Users\alwi\.m2\repository\net\serenity-bdd\serenity-report-resources\3.2.1\serenity-report-resources-3.2.1.jar;C:\Users\alwi\.m2\repository\com\google\code\gson\gson\2.9.0\gson-2.9.0.jar;C:\Users\alwi\.m2\repository\com\fasterxml\jackson\core\jackson-core\2.13.2\jackson-core-2.13.2.jar;C:\Users\alwi\.m2\repository\com\fasterxml\jackson\core\jackson-databind\2.13.2\jackson-databind-2.13.2.jar;C:\Users\alwi\.m2\repository\com\fasterxml\jackson\core\jackson-annotations\2.13.2\jackson-annotations-2.13.2.jar;C:\Users\alwi\.m2\repository\commons-codec\commons-codec\1.15\commons-codec-1.15.jar;C:\Users\alwi\.m2\repository\commons-io\commons-io\2.11.0\commons-io-2.11.0.jar;C:\Users\alwi\.m2\repository\org\seleniumhq\selenium\selenium-java\4.1.2\selenium-java-4.1.2.jar;C:\Users\alwi\.m2\repository\org\seleniumhq\selenium\selenium-devtools-v85\4.1.2\selenium-devtools-v85-4.1.2.jar;C:\Users\alwi\.m2\repository\org\seleniumhq\selenium\selenium-devtools-v95\4.1.2\selenium-devtools-v95-4.1.2.jar;C:\Users\alwi\.m2\repository\org\seleniumhq\selenium\selenium-devtools-v96\4.1.2\selenium-devtools-v96-4.1.2.jar;C:\Users\alwi\.m2\repository\org\seleniumhq\selenium\selenium-devtools-v97\4.1.2\selenium-devtools-v97-4.1.2.jar;C:\Users\alwi\.m2\repository\org\seleniumhq\selenium\selenium-firefox-xpi-driver\4.1.2\selenium-firefox-xpi-driver-4.1.2.jar;C:\Users\alwi\.m2\repository\org\seleniumhq\selenium\selenium-opera-driver\4.1.2\selenium-opera-driver-4.1.2.jar;C:\Users\alwi\.m2\repository\org\seleniumhq\selenium\selenium-remote-driver\4.1.2\selenium-remote-driver-4.1.2.jar;C:\Users\alwi\.m2\repository\com\beust\jcommander\1.82\jcommander-1.82.jar;C:\Users\alwi\.m2\repository\io\netty\netty-buffer\4.1.73.Final\netty-buffer-4.1.73.Final.jar;C:\Users\alwi\.m2\repository\io\netty\netty-codec-http\4.1.73.Final\netty-codec-http-4.1.73.Final.jar;C:\Users\alwi\.m2\repository\io\netty\netty-codec\4.1.73.Final\netty-codec-4.1.73.Final.jar;C:\Users\alwi\.m2\repository\io\netty\netty-handler\4.1.73.Final\netty-handler-4.1.73.Final.jar;C:\Users\alwi\.m2\repository\io\netty\netty-tcnative-classes\2.0.46.Final\netty-tcnative-classes-2.0.46.Final.jar;C:\Users\alwi\.m2\repository\io\netty\netty-common\4.1.73.Final\netty-common-4.1.73.Final.jar;C:\Users\alwi\.m2\repository\io\netty\netty-transport-classes-epoll\4.1.73.Final\netty-transport-classes-epoll-4.1.73.Final.jar;C:\Users\alwi\.m2\repository\io\netty\netty-transport-classes-kqueue\4.1.73.Final\netty-transport-classes-kqueue-4.1.73.Final.jar;C:\Users\alwi\.m2\repository\io\netty\netty-transport-native-epoll\4.1.73.Final\netty-transport-native-epoll-4.1.73.Final.jar;C:\Users\alwi\.m2\repository\io\netty\netty-transport-native-kqueue\4.1.73.Final\netty-transport-native-kqueue-4.1.73.Final.jar;C:\Users\alwi\.m2\repository\io\netty\netty-transport-native-unix-common\4.1.73.Final\netty-transport-native-unix-common-4.1.73.Final.jar;C:\Users\alwi\.m2\repository\io\netty\netty-transport\4.1.73.Final\netty-transport-4.1.73.Final.jar;C:\Users\alwi\.m2\repository\io\netty\netty-resolver\4.1.73.Final\netty-resolver-4.1.73.Final.jar;C:\Users\alwi\.m2\repository\io\opentelemetry\opentelemetry-api\1.10.1\opentelemetry-api-1.10.1.jar;C:\Users\alwi\.m2\repository\io\opentelemetry\opentelemetry-context\1.10.1\opentelemetry-context-1.10.1.jar;C:\Users\alwi\.m2\repository\io\opentelemetry\opentelemetry-exporter-logging\1.10.1\opentelemetry-exporter-logging-1.10.1.jar;C:\Users\alwi\.m2\repository\io\opentelemetry\opentelemetry-sdk-metrics\1.10.1-alpha\opentelemetry-sdk-metrics-1.10.1-alpha.jar;C:\Users\alwi\.m2\repository\io\opentelemetry\opentelemetry-sdk-logs\1.10.1-alpha\opentelemetry-sdk-logs-1.10.1-alpha.jar;C:\Users\alwi\.m2\repository\io\opentelemetry\opentelemetry-sdk-common\1.10.1\opentelemetry-sdk-common-1.10.1.jar;C:\Users\alwi\.m2\repository\io\opentelemetry\opentelemetry-sdk-extension-autoconfigure-spi\1.10.1\opentelemetry-sdk-extension-autoconfigure-spi-1.10.1.jar;C:\Users\alwi\.m2\repository\io\opentelemetry\opentelemetry-sdk-extension-autoconfigure\1.10.1-alpha\opentelemetry-sdk-extension-autoconfigure-1.10.1-alpha.jar;C:\Users\alwi\.m2\repository\io\opentelemetry\opentelemetry-sdk-trace\1.10.1\opentelemetry-sdk-trace-1.10.1.jar;C:\Users\alwi\.m2\repository\io\opentelemetry\opentelemetry-sdk\1.10.1\opentelemetry-sdk-1.10.1.jar;C:\Users\alwi\.m2\repository\io\opentelemetry\opentelemetry-semconv\1.10.1-alpha\opentelemetry-semconv-1.10.1-alpha.jar;C:\Users\alwi\.m2\repository\io\ous\jtoml\2.0.0\jtoml-2.0.0.jar;C:\Users\alwi\.m2\repository\org\apache\commons\commons-exec\1.3\commons-exec-1.3.jar;C:\Users\alwi\.m2\repository\org\asynchttpclient\async-http-client\2.12.3\async-http-client-2.12.3.jar;C:\Users\alwi\.m2\repository\org\asynchttpclient\async-http-client-netty-utils\2.12.3\async-http-client-netty-utils-2.12.3.jar;C:\Users\alwi\.m2\repository\io\netty\netty-codec-socks\4.1.60.Final\netty-codec-socks-4.1.60.Final.jar;C:\Users\alwi\.m2\repository\io\netty\netty-handler-proxy\4.1.60.Final\netty-handler-proxy-4.1.60.Final.jar;C:\Users\alwi\.m2\repository\io\netty\netty-transport-native-epoll\4.1.60.Final\netty-transport-native-epoll-4.1.60.Final-linux-x86_64.jar;C:\Users\alwi\.m2\repository\io\netty\netty-transport-native-kqueue\4.1.60.Final\netty-transport-native-kqueue-4.1.60.Final-osx-x86_64.jar;C:\Users\alwi\.m2\repository\org\reactivestreams\reactive-streams\1.0.3\reactive-streams-1.0.3.jar;C:\Users\alwi\.m2\repository\com\typesafe\netty\netty-reactive-streams\2.0.4\netty-reactive-streams-2.0.4.jar;C:\Users\alwi\.m2\repository\org\seleniumhq\selenium\selenium-http\4.1.2\selenium-http-4.1.2.jar;C:\Users\alwi\.m2\repository\net\jodah\failsafe\2.4.4\failsafe-2.4.4.jar;C:\Users\alwi\.m2\repository\org\seleniumhq\selenium\selenium-safari-driver\4.1.2\selenium-safari-driver-4.1.2.jar;C:\Users\alwi\.m2\repository\org\seleniumhq\selenium\selenium-api\4.1.2\selenium-api-4.1.2.jar;C:\Users\alwi\.m2\repository\org\seleniumhq\selenium\selenium-support\4.1.2\selenium-support-4.1.2.jar;C:\Users\alwi\.m2\repository\com\google\auto\service\auto-service-annotations\1.0.1\auto-service-annotations-1.0.1.jar;C:\Users\alwi\.m2\repository\com\google\auto\service\auto-service\1.0.1\auto-service-1.0.1.jar;C:\Users\alwi\.m2\repository\com\google\auto\auto-common\1.2\auto-common-1.2.jar;C:\Users\alwi\.m2\repository\org\seleniumhq\selenium\selenium-json\4.1.2\selenium-json-4.1.2.jar;C:\Users\alwi\.m2\repository\org\seleniumhq\selenium\selenium-chrome-driver\4.1.2\selenium-chrome-driver-4.1.2.jar;C:\Users\alwi\.m2\repository\org\seleniumhq\selenium\selenium-chromium-driver\4.1.2\selenium-chromium-driver-4.1.2.jar;C:\Users\alwi\.m2\repository\org\seleniumhq\selenium\selenium-firefox-driver\4.1.2\selenium-firefox-driver-4.1.2.jar;C:\Users\alwi\.m2\repository\org\seleniumhq\selenium\selenium-edge-driver\4.1.2\selenium-edge-driver-4.1.2.jar;C:\Users\alwi\.m2\repository\org\seleniumhq\selenium\selenium-ie-driver\4.1.2\selenium-ie-driver-4.1.2.jar;C:\Users\alwi\.m2\repository\org\projectlombok\lombok\1.18.20\lombok-1.18.20.jar;C:\Users\alwi\.m2\repository\io\appium\java-client\8.0.0\java-client-8.0.0.jar;C:\Users\alwi\.m2\repository\commons-validator\commons-validator\1.7\commons-validator-1.7.jar;C:\Users\alwi\.m2\repository\commons-digester\commons-digester\2.1\commons-digester-2.1.jar;C:\Users\alwi\.m2\repository\org\aspectj\aspectjweaver\1.9.8\aspectjweaver-1.9.8.jar;C:\Users\alwi\.m2\repository\org\codehaus\groovy\groovy\3.0.10\groovy-3.0.10.jar;C:\Users\alwi\.m2\repository\net\sf\opencsv\opencsv\2.0\opencsv-2.0.jar;C:\Users\alwi\.m2\repository\commons-beanutils\commons-beanutils\1.9.4\commons-beanutils-1.9.4.jar;C:\Users\alwi\.m2\repository\org\apache\commons\commons-lang3\3.12.0\commons-lang3-3.12.0.jar;C:\Users\alwi\.m2\repository\commons-collections\commons-collections\3.2.2\commons-collections-3.2.2.jar;C:\Users\alwi\.m2\repository\org\fluentlenium\fluentlenium-core\0.10.2\fluentlenium-core-0.10.2.jar;C:\Users\alwi\.m2\repository\io\github\bonigarcia\webdrivermanager\5.1.0\webdrivermanager-5.1.0.jar;C:\Users\alwi\.m2\repository\com\github\docker-java\docker-java\3.2.13\docker-java-3.2.13.jar;C:\Users\alwi\.m2\repository\com\github\docker-java\docker-java-core\3.2.13\docker-java-core-3.2.13.jar;C:\Users\alwi\.m2\repository\com\github\docker-java\docker-java-api\3.2.13\docker-java-api-3.2.13.jar;C:\Users\alwi\.m2\repository\org\apache\commons\commons-compress\1.21\commons-compress-1.21.jar;C:\Users\alwi\.m2\repository\org\bouncycastle\bcpkix-jdk15on\1.64\bcpkix-jdk15on-1.64.jar;C:\Users\alwi\.m2\repository\org\bouncycastle\bcprov-jdk15on\1.64\bcprov-jdk15on-1.64.jar;C:\Users\alwi\.m2\repository\org\slf4j\jcl-over-slf4j\1.7.30\jcl-over-slf4j-1.7.30.jar;C:\Users\alwi\.m2\repository\com\github\docker-java\docker-java-transport-httpclient5\3.2.13\docker-java-transport-httpclient5-3.2.13.jar;C:\Users\alwi\.m2\repository\com\github\docker-java\docker-java-transport\3.2.13\docker-java-transport-3.2.13.jar;C:\Users\alwi\.m2\repository\org\apache\httpcomponents\client5\httpclient5\5.0.3\httpclient5-5.0.3.jar;C:\Users\alwi\.m2\repository\org\apache\httpcomponents\core5\httpcore5\5.0.2\httpcore5-5.0.2.jar;C:\Users\alwi\.m2\repository\net\java\dev\jna\jna\5.8.0\jna-5.8.0.jar;C:\Users\alwi\.m2\repository\org\brotli\dec\0.1.2\dec-0.1.2.jar;C:\Users\alwi\.m2\repository\com\jhlabs\filters\2.0.235\filters-2.0.235.jar;C:\Users\alwi\.m2\repository\com\paulhammant\ngwebdriver\1.1.6\ngwebdriver-1.1.6.jar;C:\Users\alwi\.m2\repository\joda-time\joda-time\2.8.2\joda-time-2.8.2.jar;C:\Users\alwi\.m2\repository\org\hamcrest\hamcrest\2.2\hamcrest-2.2.jar;C:\Users\alwi\.m2\repository\com\google\jimfs\jimfs\1.2\jimfs-1.2.jar;C:\Users\alwi\.m2\repository\org\mockito\mockito-core\3.3.3\mockito-core-3.3.3.jar;C:\Users\alwi\.m2\repository\javax\xml\bind\jaxb-api\2.3.1\jaxb-api-2.3.1.jar;C:\Users\alwi\.m2\repository\javax\activation\javax.activation-api\1.2.0\javax.activation-api-1.2.0.jar;C:\Users\alwi\.m2\repository\com\sun\xml\bind\jaxb-core\2.3.0.1\jaxb-core-2.3.0.1.jar;C:\Users\alwi\.m2\repository\com\sun\xml\bind\jaxb-impl\2.3.3\jaxb-impl-2.3.3.jar;C:\Users\alwi\.m2\repository\jakarta\xml\bind\jakarta.xml.bind-api\2.3.3\jakarta.xml.bind-api-2.3.3.jar;C:\Users\alwi\.m2\repository\com\sun\activation\jakarta.activation\1.2.2\jakarta.activation-1.2.2.jar;C:\Users\alwi\.m2\repository\javax\activation\activation\1.1.1\activation-1.1.1.jar;C:\Users\alwi\.m2\repository\net\serenity-bdd\serenity-cucumber\3.2.1\serenity-cucumber-3.2.1.jar;C:\Users\alwi\.m2\repository\io\cucumber\cucumber-core\7.2.3\cucumber-core-7.2.3.jar;C:\Users\alwi\.m2\repository\io\cucumber\cucumber-gherkin\7.2.3\cucumber-gherkin-7.2.3.jar;C:\Users\alwi\.m2\repository\io\cucumber\cucumber-gherkin-messages\7.2.3\cucumber-gherkin-messages-7.2.3.jar;C:\Users\alwi\.m2\repository\io\cucumber\messages\17.1.1\messages-17.1.1.jar;C:\Users\alwi\.m2\repository\io\cucumber\tag-expressions\4.1.0\tag-expressions-4.1.0.jar;C:\Users\alwi\.m2\repository\io\cucumber\cucumber-expressions\15.0.1\cucumber-expressions-15.0.1.jar;C:\Users\alwi\.m2\repository\io\cucumber\datatable\7.2.3\datatable-7.2.3.jar;C:\Users\alwi\.m2\repository\io\cucumber\cucumber-plugin\7.2.3\cucumber-plugin-7.2.3.jar;C:\Users\alwi\.m2\repository\io\cucumber\docstring\7.2.3\docstring-7.2.3.jar;C:\Users\alwi\.m2\repository\io\cucumber\html-formatter\17.0.0\html-formatter-17.0.0.jar;C:\Users\alwi\.m2\repository\io\cucumber\ci-environment\8.1.0\ci-environment-8.1.0.jar;C:\Users\alwi\.m2\repository\io\cucumber\cucumber-junit\7.2.3\cucumber-junit-7.2.3.jar;C:\Users\alwi\.m2\repository\org\apache\commons\commons-csv\1.5\commons-csv-1.5.jar;C:\Users\alwi\.m2\repository\net\serenity-bdd\serenity-screenplay\3.2.1\serenity-screenplay-3.2.1.jar;C:\Users\alwi\.m2\repository\net\serenity-bdd\serenity-screenplay-webdriver\3.2.1\serenity-screenplay-webdriver-3.2.1.jar;C:\Users\alwi\.m2\repository\net\serenity-bdd\serenity-ensure\3.2.1\serenity-ensure-3.2.1.jar;C:\Users\alwi\.m2\repository\net\serenity-bdd\serenity-junit\3.2.1\serenity-junit-3.2.1.jar;C:\Users\alwi\.m2\repository\org\jetbrains\kotlin\kotlin-stdlib\1.6.0\kotlin-stdlib-1.6.0.jar;C:\Users\alwi\.m2\repository\org\jetbrains\annotations\13.0\annotations-13.0.jar;C:\Users\alwi\.m2\repository\org\jetbrains\kotlin\kotlin-stdlib-common\1.6.0\kotlin-stdlib-common-1.6.0.jar;C:\Users\alwi\.m2\repository\org\junit\platform\junit-platform-launcher\1.8.1\junit-platform-launcher-1.8.1.jar;C:\Users\alwi\.m2\repository\org\junit\platform\junit-platform-engine\1.8.1\junit-platform-engine-1.8.1.jar;C:\Users\alwi\.m2\repository\org\opentest4j\opentest4j\1.2.0\opentest4j-1.2.0.jar;C:\Users\alwi\.m2\repository\org\junit\platform\junit-platform-commons\1.8.1\junit-platform-commons-1.8.1.jar;C:\Users\alwi\.m2\repository\org\apiguardian\apiguardian-api\1.1.2\apiguardian-api-1.1.2.jar;C:\Users\alwi\.m2\repository\org\junit\jupiter\junit-jupiter-engine\5.8.2\junit-jupiter-engine-5.8.2.jar;C:\Users\alwi\.m2\repository\org\junit\jupiter\junit-jupiter-api\5.8.2\junit-jupiter-api-5.8.2.jar;C:\Users\alwi\.m2\repository\org\junit\vintage\junit-vintage-engine\5.8.2\junit-vintage-engine-5.8.2.jar;C:\Users\alwi\.m2\repository\junit\junit\4.13.2\junit-4.13.2.jar;C:\Users\alwi\.m2\repository\org\hamcrest\hamcrest-core\1.3\hamcrest-core-1.3.jar;C:\Users\alwi\.m2\repository\ch\qos\logback\logback-classic\1.2.10\logback-classic-1.2.10.jar;C:\Users\alwi\.m2\repository\ch\qos\logback\logback-core\1.2.10\logback-core-1.2.10.jar;C:\Users\alwi\.m2\repository\org\slf4j\slf4j-api\1.7.32\slf4j-api-1.7.32.jar;C:\Users\alwi\.m2\repository\org\assertj\assertj-core\3.6.2\assertj-core-3.6.2.jar;"/>
    <property name="java.vm.vendor" value="Oracle Corporation"/>
    <property name="sun.arch.data.model" value="64"/>
    <property name="user.variant" value=""/>
    <property name="java.vendor.url" value="https://java.oracle.com/"/>
    <property name="user.timezone" value="Asia/Jakarta"/>
    <property name="log4j2.formatMsgNoLookups" value="true"/>
    <property name="user.country.format" value="ID"/>
    <property name="os.name" value="Windows 10"/>
    <property name="java.vm.specification.version" value="13"/>
    <property name="sun.java.launcher" value="SUN_STANDARD"/>
    <property name="user.country" value="US"/>
    <property name="sun.boot.library.path" value="C:\Program Files\Java\jdk-13.0.2\bin"/>
    <property name="sun.java.command" value="org.apache.maven.surefire.booter.ForkedBooter C:\Users\alwi\AppData\Local\Temp\surefire13156454988685042325 2023-04-05T15-36-12_468-jvmRun1 surefire3766131184615057815tmp surefire_012651955022737867288tmp"/>
    <property name="jdk.debug" value="release"/>
    <property name="surefire.test.class.path" value="C:\Users\alwi\IdeaProjects\uniqloweb\target\test-classes;C:\Users\alwi\.m2\repository\net\serenity-bdd\serenity-core\3.2.1\serenity-core-3.2.1.jar;C:\Users\alwi\.m2\repository\net\serenity-bdd\serenity-model\3.2.1\serenity-model-3.2.1.jar;C:\Users\alwi\.m2\repository\org\apache\commons\commons-text\1.9\commons-text-1.9.jar;C:\Users\alwi\.m2\repository\commons-net\commons-net\3.8.0\commons-net-3.8.0.jar;C:\Users\alwi\.m2\repository\com\google\guava\guava\31.1-jre\guava-31.1-jre.jar;C:\Users\alwi\.m2\repository\com\google\guava\failureaccess\1.0.1\failureaccess-1.0.1.jar;C:\Users\alwi\.m2\repository\com\google\guava\listenablefuture\9999.0-empty-to-avoid-conflict-with-guava\listenablefuture-9999.0-empty-to-avoid-conflict-with-guava.jar;C:\Users\alwi\.m2\repository\com\google\code\findbugs\jsr305\3.0.2\jsr305-3.0.2.jar;C:\Users\alwi\.m2\repository\org\checkerframework\checker-qual\3.12.0\checker-qual-3.12.0.jar;C:\Users\alwi\.m2\repository\com\google\errorprone\error_prone_annotations\2.11.0\error_prone_annotations-2.11.0.jar;C:\Users\alwi\.m2\repository\com\google\j2objc\j2objc-annotations\1.3\j2objc-annotations-1.3.jar;C:\Users\alwi\.m2\repository\com\google\inject\guice\5.1.0\guice-5.1.0.jar;C:\Users\alwi\.m2\repository\javax\inject\javax.inject\1\javax.inject-1.jar;C:\Users\alwi\.m2\repository\aopalliance\aopalliance\1.0\aopalliance-1.0.jar;C:\Users\alwi\.m2\repository\org\jsoup\jsoup\1.14.3\jsoup-1.14.3.jar;C:\Users\alwi\.m2\repository\com\thoughtworks\xstream\xstream\1.4.19\xstream-1.4.19.jar;C:\Users\alwi\.m2\repository\io\github\x-stream\mxparser\1.2.2\mxparser-1.2.2.jar;C:\Users\alwi\.m2\repository\xmlpull\xmlpull\1.1.3.1\xmlpull-1.1.3.1.jar;C:\Users\alwi\.m2\repository\io\cucumber\cucumber-java\7.2.3\cucumber-java-7.2.3.jar;C:\Users\alwi\.m2\repository\com\typesafe\config\1.4.2\config-1.4.2.jar;C:\Users\alwi\.m2\repository\org\imgscalr\imgscalr-lib\4.2\imgscalr-lib-4.2.jar;C:\Users\alwi\.m2\repository\org\awaitility\awaitility\4.2.0\awaitility-4.2.0.jar;C:\Users\alwi\.m2\repository\org\freemarker\freemarker\2.3.31\freemarker-2.3.31.jar;C:\Users\alwi\.m2\repository\io\github\classgraph\classgraph\4.8.138\classgraph-4.8.138.jar;C:\Users\alwi\.m2\repository\net\sourceforge\jexcelapi\jxl\2.6.12\jxl-2.6.12.jar;C:\Users\alwi\.m2\repository\net\bytebuddy\byte-buddy\1.12.8\byte-buddy-1.12.8.jar;C:\Users\alwi\.m2\repository\net\bytebuddy\byte-buddy-agent\1.12.8\byte-buddy-agent-1.12.8.jar;C:\Users\alwi\.m2\repository\org\objenesis\objenesis\3.1\objenesis-3.1.jar;C:\Users\alwi\.m2\repository\net\serenity-bdd\serenity-reports\3.2.1\serenity-reports-3.2.1.jar;C:\Users\alwi\.m2\repository\net\serenity-bdd\serenity-stats\3.2.1\serenity-stats-3.2.1.jar;C:\Users\alwi\.m2\repository\net\serenity-bdd\serenity-reports-configuration\3.2.1\serenity-reports-configuration-3.2.1.jar;C:\Users\alwi\.m2\repository\com\vladsch\flexmark\flexmark-all\0.34.30\flexmark-all-0.34.30.jar;C:\Users\alwi\.m2\repository\com\vladsch\flexmark\flexmark\0.34.30\flexmark-0.34.30.jar;C:\Users\alwi\.m2\repository\com\vladsch\flexmark\flexmark-ext-abbreviation\0.34.30\flexmark-ext-abbreviation-0.34.30.jar;C:\Users\alwi\.m2\repository\com\vladsch\flexmark\flexmark-ext-admonition\0.34.30\flexmark-ext-admonition-0.34.30.jar;C:\Users\alwi\.m2\repository\com\vladsch\flexmark\flexmark-ext-anchorlink\0.34.30\flexmark-ext-anchorlink-0.34.30.jar;C:\Users\alwi\.m2\repository\com\vladsch\flexmark\flexmark-ext-aside\0.34.30\flexmark-ext-aside-0.34.30.jar;C:\Users\alwi\.m2\repository\com\vladsch\flexmark\flexmark-ext-attributes\0.34.30\flexmark-ext-attributes-0.34.30.jar;C:\Users\alwi\.m2\repository\com\vladsch\flexmark\flexmark-ext-autolink\0.34.30\flexmark-ext-autolink-0.34.30.jar;C:\Users\alwi\.m2\repository\org\nibor\autolink\autolink\0.6.0\autolink-0.6.0.jar;C:\Users\alwi\.m2\repository\com\vladsch\flexmark\flexmark-ext-definition\0.34.30\flexmark-ext-definition-0.34.30.jar;C:\Users\alwi\.m2\repository\com\vladsch\flexmark\flexmark-ext-emoji\0.34.30\flexmark-ext-emoji-0.34.30.jar;C:\Users\alwi\.m2\repository\com\vladsch\flexmark\flexmark-ext-enumerated-reference\0.34.30\flexmark-ext-enumerated-reference-0.34.30.jar;C:\Users\alwi\.m2\repository\com\vladsch\flexmark\flexmark-ext-escaped-character\0.34.30\flexmark-ext-escaped-character-0.34.30.jar;C:\Users\alwi\.m2\repository\com\vladsch\flexmark\flexmark-ext-footnotes\0.34.30\flexmark-ext-footnotes-0.34.30.jar;C:\Users\alwi\.m2\repository\com\vladsch\flexmark\flexmark-ext-gfm-issues\0.34.30\flexmark-ext-gfm-issues-0.34.30.jar;C:\Users\alwi\.m2\repository\com\vladsch\flexmark\flexmark-ext-gfm-strikethrough\0.34.30\flexmark-ext-gfm-strikethrough-0.34.30.jar;C:\Users\alwi\.m2\repository\com\vladsch\flexmark\flexmark-ext-gfm-tables\0.34.30\flexmark-ext-gfm-tables-0.34.30.jar;C:\Users\alwi\.m2\repository\com\vladsch\flexmark\flexmark-ext-gfm-tasklist\0.34.30\flexmark-ext-gfm-tasklist-0.34.30.jar;C:\Users\alwi\.m2\repository\com\vladsch\flexmark\flexmark-ext-gfm-users\0.34.30\flexmark-ext-gfm-users-0.34.30.jar;C:\Users\alwi\.m2\repository\com\vladsch\flexmark\flexmark-ext-gitlab\0.34.30\flexmark-ext-gitlab-0.34.30.jar;C:\Users\alwi\.m2\repository\com\vladsch\flexmark\flexmark-ext-jekyll-front-matter\0.34.30\flexmark-ext-jekyll-front-matter-0.34.30.jar;C:\Users\alwi\.m2\repository\com\vladsch\flexmark\flexmark-ext-jekyll-tag\0.34.30\flexmark-ext-jekyll-tag-0.34.30.jar;C:\Users\alwi\.m2\repository\com\vladsch\flexmark\flexmark-ext-media-tags\0.34.30\flexmark-ext-media-tags-0.34.30.jar;C:\Users\alwi\.m2\repository\com\vladsch\flexmark\flexmark-test-util\0.34.30\flexmark-test-util-0.34.30.jar;C:\Users\alwi\.m2\repository\com\vladsch\flexmark\flexmark-ext-ins\0.34.30\flexmark-ext-ins-0.34.30.jar;C:\Users\alwi\.m2\repository\com\vladsch\flexmark\flexmark-ext-xwiki-macros\0.34.30\flexmark-ext-xwiki-macros-0.34.30.jar;C:\Users\alwi\.m2\repository\com\vladsch\flexmark\flexmark-ext-superscript\0.34.30\flexmark-ext-superscript-0.34.30.jar;C:\Users\alwi\.m2\repository\com\vladsch\flexmark\flexmark-ext-tables\0.34.30\flexmark-ext-tables-0.34.30.jar;C:\Users\alwi\.m2\repository\com\vladsch\flexmark\flexmark-ext-toc\0.34.30\flexmark-ext-toc-0.34.30.jar;C:\Users\alwi\.m2\repository\com\vladsch\flexmark\flexmark-ext-typographic\0.34.30\flexmark-ext-typographic-0.34.30.jar;C:\Users\alwi\.m2\repository\com\vladsch\flexmark\flexmark-ext-wikilink\0.34.30\flexmark-ext-wikilink-0.34.30.jar;C:\Users\alwi\.m2\repository\com\vladsch\flexmark\flexmark-ext-yaml-front-matter\0.34.30\flexmark-ext-yaml-front-matter-0.34.30.jar;C:\Users\alwi\.m2\repository\com\vladsch\flexmark\flexmark-ext-youtube-embedded\0.34.30\flexmark-ext-youtube-embedded-0.34.30.jar;C:\Users\alwi\.m2\repository\com\vladsch\flexmark\flexmark-formatter\0.34.30\flexmark-formatter-0.34.30.jar;C:\Users\alwi\.m2\repository\com\vladsch\flexmark\flexmark-html-parser\0.34.30\flexmark-html-parser-0.34.30.jar;C:\Users\alwi\.m2\repository\com\vladsch\flexmark\flexmark-jira-converter\0.34.30\flexmark-jira-converter-0.34.30.jar;C:\Users\alwi\.m2\repository\com\vladsch\flexmark\flexmark-pdf-converter\0.34.30\flexmark-pdf-converter-0.34.30.jar;C:\Users\alwi\.m2\repository\com\openhtmltopdf\openhtmltopdf-core\0.0.1-RC13\openhtmltopdf-core-0.0.1-RC13.jar;C:\Users\alwi\.m2\repository\com\openhtmltopdf\openhtmltopdf-pdfbox\0.0.1-RC13\openhtmltopdf-pdfbox-0.0.1-RC13.jar;C:\Users\alwi\.m2\repository\org\apache\pdfbox\pdfbox\2.0.8\pdfbox-2.0.8.jar;C:\Users\alwi\.m2\repository\org\apache\pdfbox\fontbox\2.0.8\fontbox-2.0.8.jar;C:\Users\alwi\.m2\repository\commons-logging\commons-logging\1.2\commons-logging-1.2.jar;C:\Users\alwi\.m2\repository\org\apache\pdfbox\xmpbox\2.0.8\xmpbox-2.0.8.jar;C:\Users\alwi\.m2\repository\de\rototor\pdfbox\graphics2d\0.12\graphics2d-0.12.jar;C:\Users\alwi\.m2\repository\com\openhtmltopdf\openhtmltopdf-rtl-support\0.0.1-RC13\openhtmltopdf-rtl-support-0.0.1-RC13.jar;C:\Users\alwi\.m2\repository\com\ibm\icu\icu4j\59.1\icu4j-59.1.jar;C:\Users\alwi\.m2\repository\com\openhtmltopdf\openhtmltopdf-jsoup-dom-converter\0.0.1-RC13\openhtmltopdf-jsoup-dom-converter-0.0.1-RC13.jar;C:\Users\alwi\.m2\repository\com\vladsch\flexmark\flexmark-profile-pegdown\0.34.30\flexmark-profile-pegdown-0.34.30.jar;C:\Users\alwi\.m2\repository\com\vladsch\flexmark\flexmark-util\0.34.30\flexmark-util-0.34.30.jar;C:\Users\alwi\.m2\repository\com\vladsch\flexmark\flexmark-youtrack-converter\0.34.30\flexmark-youtrack-converter-0.34.30.jar;C:\Users\alwi\.m2\repository\es\nitaur\markdown\txtmark\0.16\txtmark-0.16.jar;C:\Users\alwi\.m2\repository\net\serenity-bdd\serenity-report-resources\3.2.1\serenity-report-resources-3.2.1.jar;C:\Users\alwi\.m2\repository\com\google\code\gson\gson\2.9.0\gson-2.9.0.jar;C:\Users\alwi\.m2\repository\com\fasterxml\jackson\core\jackson-core\2.13.2\jackson-core-2.13.2.jar;C:\Users\alwi\.m2\repository\com\fasterxml\jackson\core\jackson-databind\2.13.2\jackson-databind-2.13.2.jar;C:\Users\alwi\.m2\repository\com\fasterxml\jackson\core\jackson-annotations\2.13.2\jackson-annotations-2.13.2.jar;C:\Users\alwi\.m2\repository\commons-codec\commons-codec\1.15\commons-codec-1.15.jar;C:\Users\alwi\.m2\repository\commons-io\commons-io\2.11.0\commons-io-2.11.0.jar;C:\Users\alwi\.m2\repository\org\seleniumhq\selenium\selenium-java\4.1.2\selenium-java-4.1.2.jar;C:\Users\alwi\.m2\repository\org\seleniumhq\selenium\selenium-devtools-v85\4.1.2\selenium-devtools-v85-4.1.2.jar;C:\Users\alwi\.m2\repository\org\seleniumhq\selenium\selenium-devtools-v95\4.1.2\selenium-devtools-v95-4.1.2.jar;C:\Users\alwi\.m2\repository\org\seleniumhq\selenium\selenium-devtools-v96\4.1.2\selenium-devtools-v96-4.1.2.jar;C:\Users\alwi\.m2\repository\org\seleniumhq\selenium\selenium-devtools-v97\4.1.2\selenium-devtools-v97-4.1.2.jar;C:\Users\alwi\.m2\repository\org\seleniumhq\selenium\selenium-firefox-xpi-driver\4.1.2\selenium-firefox-xpi-driver-4.1.2.jar;C:\Users\alwi\.m2\repository\org\seleniumhq\selenium\selenium-opera-driver\4.1.2\selenium-opera-driver-4.1.2.jar;C:\Users\alwi\.m2\repository\org\seleniumhq\selenium\selenium-remote-driver\4.1.2\selenium-remote-driver-4.1.2.jar;C:\Users\alwi\.m2\repository\com\beust\jcommander\1.82\jcommander-1.82.jar;C:\Users\alwi\.m2\repository\io\netty\netty-buffer\4.1.73.Final\netty-buffer-4.1.73.Final.jar;C:\Users\alwi\.m2\repository\io\netty\netty-codec-http\4.1.73.Final\netty-codec-http-4.1.73.Final.jar;C:\Users\alwi\.m2\repository\io\netty\netty-codec\4.1.73.Final\netty-codec-4.1.73.Final.jar;C:\Users\alwi\.m2\repository\io\netty\netty-handler\4.1.73.Final\netty-handler-4.1.73.Final.jar;C:\Users\alwi\.m2\repository\io\netty\netty-tcnative-classes\2.0.46.Final\netty-tcnative-classes-2.0.46.Final.jar;C:\Users\alwi\.m2\repository\io\netty\netty-common\4.1.73.Final\netty-common-4.1.73.Final.jar;C:\Users\alwi\.m2\repository\io\netty\netty-transport-classes-epoll\4.1.73.Final\netty-transport-classes-epoll-4.1.73.Final.jar;C:\Users\alwi\.m2\repository\io\netty\netty-transport-classes-kqueue\4.1.73.Final\netty-transport-classes-kqueue-4.1.73.Final.jar;C:\Users\alwi\.m2\repository\io\netty\netty-transport-native-epoll\4.1.73.Final\netty-transport-native-epoll-4.1.73.Final.jar;C:\Users\alwi\.m2\repository\io\netty\netty-transport-native-kqueue\4.1.73.Final\netty-transport-native-kqueue-4.1.73.Final.jar;C:\Users\alwi\.m2\repository\io\netty\netty-transport-native-unix-common\4.1.73.Final\netty-transport-native-unix-common-4.1.73.Final.jar;C:\Users\alwi\.m2\repository\io\netty\netty-transport\4.1.73.Final\netty-transport-4.1.73.Final.jar;C:\Users\alwi\.m2\repository\io\netty\netty-resolver\4.1.73.Final\netty-resolver-4.1.73.Final.jar;C:\Users\alwi\.m2\repository\io\opentelemetry\opentelemetry-api\1.10.1\opentelemetry-api-1.10.1.jar;C:\Users\alwi\.m2\repository\io\opentelemetry\opentelemetry-context\1.10.1\opentelemetry-context-1.10.1.jar;C:\Users\alwi\.m2\repository\io\opentelemetry\opentelemetry-exporter-logging\1.10.1\opentelemetry-exporter-logging-1.10.1.jar;C:\Users\alwi\.m2\repository\io\opentelemetry\opentelemetry-sdk-metrics\1.10.1-alpha\opentelemetry-sdk-metrics-1.10.1-alpha.jar;C:\Users\alwi\.m2\repository\io\opentelemetry\opentelemetry-sdk-logs\1.10.1-alpha\opentelemetry-sdk-logs-1.10.1-alpha.jar;C:\Users\alwi\.m2\repository\io\opentelemetry\opentelemetry-sdk-common\1.10.1\opentelemetry-sdk-common-1.10.1.jar;C:\Users\alwi\.m2\repository\io\opentelemetry\opentelemetry-sdk-extension-autoconfigure-spi\1.10.1\opentelemetry-sdk-extension-autoconfigure-spi-1.10.1.jar;C:\Users\alwi\.m2\repository\io\opentelemetry\opentelemetry-sdk-extension-autoconfigure\1.10.1-alpha\opentelemetry-sdk-extension-autoconfigure-1.10.1-alpha.jar;C:\Users\alwi\.m2\repository\io\opentelemetry\opentelemetry-sdk-trace\1.10.1\opentelemetry-sdk-trace-1.10.1.jar;C:\Users\alwi\.m2\repository\io\opentelemetry\opentelemetry-sdk\1.10.1\opentelemetry-sdk-1.10.1.jar;C:\Users\alwi\.m2\repository\io\opentelemetry\opentelemetry-semconv\1.10.1-alpha\opentelemetry-semconv-1.10.1-alpha.jar;C:\Users\alwi\.m2\repository\io\ous\jtoml\2.0.0\jtoml-2.0.0.jar;C:\Users\alwi\.m2\repository\org\apache\commons\commons-exec\1.3\commons-exec-1.3.jar;C:\Users\alwi\.m2\repository\org\asynchttpclient\async-http-client\2.12.3\async-http-client-2.12.3.jar;C:\Users\alwi\.m2\repository\org\asynchttpclient\async-http-client-netty-utils\2.12.3\async-http-client-netty-utils-2.12.3.jar;C:\Users\alwi\.m2\repository\io\netty\netty-codec-socks\4.1.60.Final\netty-codec-socks-4.1.60.Final.jar;C:\Users\alwi\.m2\repository\io\netty\netty-handler-proxy\4.1.60.Final\netty-handler-proxy-4.1.60.Final.jar;C:\Users\alwi\.m2\repository\io\netty\netty-transport-native-epoll\4.1.60.Final\netty-transport-native-epoll-4.1.60.Final-linux-x86_64.jar;C:\Users\alwi\.m2\repository\io\netty\netty-transport-native-kqueue\4.1.60.Final\netty-transport-native-kqueue-4.1.60.Final-osx-x86_64.jar;C:\Users\alwi\.m2\repository\org\reactivestreams\reactive-streams\1.0.3\reactive-streams-1.0.3.jar;C:\Users\alwi\.m2\repository\com\typesafe\netty\netty-reactive-streams\2.0.4\netty-reactive-streams-2.0.4.jar;C:\Users\alwi\.m2\repository\org\seleniumhq\selenium\selenium-http\4.1.2\selenium-http-4.1.2.jar;C:\Users\alwi\.m2\repository\net\jodah\failsafe\2.4.4\failsafe-2.4.4.jar;C:\Users\alwi\.m2\repository\org\seleniumhq\selenium\selenium-safari-driver\4.1.2\selenium-safari-driver-4.1.2.jar;C:\Users\alwi\.m2\repository\org\seleniumhq\selenium\selenium-api\4.1.2\selenium-api-4.1.2.jar;C:\Users\alwi\.m2\repository\org\seleniumhq\selenium\selenium-support\4.1.2\selenium-support-4.1.2.jar;C:\Users\alwi\.m2\repository\com\google\auto\service\auto-service-annotations\1.0.1\auto-service-annotations-1.0.1.jar;C:\Users\alwi\.m2\repository\com\google\auto\service\auto-service\1.0.1\auto-service-1.0.1.jar;C:\Users\alwi\.m2\repository\com\google\auto\auto-common\1.2\auto-common-1.2.jar;C:\Users\alwi\.m2\repository\org\seleniumhq\selenium\selenium-json\4.1.2\selenium-json-4.1.2.jar;C:\Users\alwi\.m2\repository\org\seleniumhq\selenium\selenium-chrome-driver\4.1.2\selenium-chrome-driver-4.1.2.jar;C:\Users\alwi\.m2\repository\org\seleniumhq\selenium\selenium-chromium-driver\4.1.2\selenium-chromium-driver-4.1.2.jar;C:\Users\alwi\.m2\repository\org\seleniumhq\selenium\selenium-firefox-driver\4.1.2\selenium-firefox-driver-4.1.2.jar;C:\Users\alwi\.m2\repository\org\seleniumhq\selenium\selenium-edge-driver\4.1.2\selenium-edge-driver-4.1.2.jar;C:\Users\alwi\.m2\repository\org\seleniumhq\selenium\selenium-ie-driver\4.1.2\selenium-ie-driver-4.1.2.jar;C:\Users\alwi\.m2\repository\org\projectlombok\lombok\1.18.20\lombok-1.18.20.jar;C:\Users\alwi\.m2\repository\io\appium\java-client\8.0.0\java-client-8.0.0.jar;C:\Users\alwi\.m2\repository\commons-validator\commons-validator\1.7\commons-validator-1.7.jar;C:\Users\alwi\.m2\repository\commons-digester\commons-digester\2.1\commons-digester-2.1.jar;C:\Users\alwi\.m2\repository\org\aspectj\aspectjweaver\1.9.8\aspectjweaver-1.9.8.jar;C:\Users\alwi\.m2\repository\org\codehaus\groovy\groovy\3.0.10\groovy-3.0.10.jar;C:\Users\alwi\.m2\repository\net\sf\opencsv\opencsv\2.0\opencsv-2.0.jar;C:\Users\alwi\.m2\repository\commons-beanutils\commons-beanutils\1.9.4\commons-beanutils-1.9.4.jar;C:\Users\alwi\.m2\repository\org\apache\commons\commons-lang3\3.12.0\commons-lang3-3.12.0.jar;C:\Users\alwi\.m2\repository\commons-collections\commons-collections\3.2.2\commons-collections-3.2.2.jar;C:\Users\alwi\.m2\repository\org\fluentlenium\fluentlenium-core\0.10.2\fluentlenium-core-0.10.2.jar;C:\Users\alwi\.m2\repository\io\github\bonigarcia\webdrivermanager\5.1.0\webdrivermanager-5.1.0.jar;C:\Users\alwi\.m2\repository\com\github\docker-java\docker-java\3.2.13\docker-java-3.2.13.jar;C:\Users\alwi\.m2\repository\com\github\docker-java\docker-java-core\3.2.13\docker-java-core-3.2.13.jar;C:\Users\alwi\.m2\repository\com\github\docker-java\docker-java-api\3.2.13\docker-java-api-3.2.13.jar;C:\Users\alwi\.m2\repository\org\apache\commons\commons-compress\1.21\commons-compress-1.21.jar;C:\Users\alwi\.m2\repository\org\bouncycastle\bcpkix-jdk15on\1.64\bcpkix-jdk15on-1.64.jar;C:\Users\alwi\.m2\repository\org\bouncycastle\bcprov-jdk15on\1.64\bcprov-jdk15on-1.64.jar;C:\Users\alwi\.m2\repository\org\slf4j\jcl-over-slf4j\1.7.30\jcl-over-slf4j-1.7.30.jar;C:\Users\alwi\.m2\repository\com\github\docker-java\docker-java-transport-httpclient5\3.2.13\docker-java-transport-httpclient5-3.2.13.jar;C:\Users\alwi\.m2\repository\com\github\docker-java\docker-java-transport\3.2.13\docker-java-transport-3.2.13.jar;C:\Users\alwi\.m2\repository\org\apache\httpcomponents\client5\httpclient5\5.0.3\httpclient5-5.0.3.jar;C:\Users\alwi\.m2\repository\org\apache\httpcomponents\core5\httpcore5\5.0.2\httpcore5-5.0.2.jar;C:\Users\alwi\.m2\repository\net\java\dev\jna\jna\5.8.0\jna-5.8.0.jar;C:\Users\alwi\.m2\repository\org\brotli\dec\0.1.2\dec-0.1.2.jar;C:\Users\alwi\.m2\repository\com\jhlabs\filters\2.0.235\filters-2.0.235.jar;C:\Users\alwi\.m2\repository\com\paulhammant\ngwebdriver\1.1.6\ngwebdriver-1.1.6.jar;C:\Users\alwi\.m2\repository\joda-time\joda-time\2.8.2\joda-time-2.8.2.jar;C:\Users\alwi\.m2\repository\org\hamcrest\hamcrest\2.2\hamcrest-2.2.jar;C:\Users\alwi\.m2\repository\com\google\jimfs\jimfs\1.2\jimfs-1.2.jar;C:\Users\alwi\.m2\repository\org\mockito\mockito-core\3.3.3\mockito-core-3.3.3.jar;C:\Users\alwi\.m2\repository\javax\xml\bind\jaxb-api\2.3.1\jaxb-api-2.3.1.jar;C:\Users\alwi\.m2\repository\javax\activation\javax.activation-api\1.2.0\javax.activation-api-1.2.0.jar;C:\Users\alwi\.m2\repository\com\sun\xml\bind\jaxb-core\2.3.0.1\jaxb-core-2.3.0.1.jar;C:\Users\alwi\.m2\repository\com\sun\xml\bind\jaxb-impl\2.3.3\jaxb-impl-2.3.3.jar;C:\Users\alwi\.m2\repository\jakarta\xml\bind\jakarta.xml.bind-api\2.3.3\jakarta.xml.bind-api-2.3.3.jar;C:\Users\alwi\.m2\repository\com\sun\activation\jakarta.activation\1.2.2\jakarta.activation-1.2.2.jar;C:\Users\alwi\.m2\repository\javax\activation\activation\1.1.1\activation-1.1.1.jar;C:\Users\alwi\.m2\repository\net\serenity-bdd\serenity-cucumber\3.2.1\serenity-cucumber-3.2.1.jar;C:\Users\alwi\.m2\repository\io\cucumber\cucumber-core\7.2.3\cucumber-core-7.2.3.jar;C:\Users\alwi\.m2\repository\io\cucumber\cucumber-gherkin\7.2.3\cucumber-gherkin-7.2.3.jar;C:\Users\alwi\.m2\repository\io\cucumber\cucumber-gherkin-messages\7.2.3\cucumber-gherkin-messages-7.2.3.jar;C:\Users\alwi\.m2\repository\io\cucumber\messages\17.1.1\messages-17.1.1.jar;C:\Users\alwi\.m2\repository\io\cucumber\tag-expressions\4.1.0\tag-expressions-4.1.0.jar;C:\Users\alwi\.m2\repository\io\cucumber\cucumber-expressions\15.0.1\cucumber-expressions-15.0.1.jar;C:\Users\alwi\.m2\repository\io\cucumber\datatable\7.2.3\datatable-7.2.3.jar;C:\Users\alwi\.m2\repository\io\cucumber\cucumber-plugin\7.2.3\cucumber-plugin-7.2.3.jar;C:\Users\alwi\.m2\repository\io\cucumber\docstring\7.2.3\docstring-7.2.3.jar;C:\Users\alwi\.m2\repository\io\cucumber\html-formatter\17.0.0\html-formatter-17.0.0.jar;C:\Users\alwi\.m2\repository\io\cucumber\ci-environment\8.1.0\ci-environment-8.1.0.jar;C:\Users\alwi\.m2\repository\io\cucumber\cucumber-junit\7.2.3\cucumber-junit-7.2.3.jar;C:\Users\alwi\.m2\repository\org\apache\commons\commons-csv\1.5\commons-csv-1.5.jar;C:\Users\alwi\.m2\repository\net\serenity-bdd\serenity-screenplay\3.2.1\serenity-screenplay-3.2.1.jar;C:\Users\alwi\.m2\repository\net\serenity-bdd\serenity-screenplay-webdriver\3.2.1\serenity-screenplay-webdriver-3.2.1.jar;C:\Users\alwi\.m2\repository\net\serenity-bdd\serenity-ensure\3.2.1\serenity-ensure-3.2.1.jar;C:\Users\alwi\.m2\repository\net\serenity-bdd\serenity-junit\3.2.1\serenity-junit-3.2.1.jar;C:\Users\alwi\.m2\repository\org\jetbrains\kotlin\kotlin-stdlib\1.6.0\kotlin-stdlib-1.6.0.jar;C:\Users\alwi\.m2\repository\org\jetbrains\annotations\13.0\annotations-13.0.jar;C:\Users\alwi\.m2\repository\org\jetbrains\kotlin\kotlin-stdlib-common\1.6.0\kotlin-stdlib-common-1.6.0.jar;C:\Users\alwi\.m2\repository\org\junit\platform\junit-platform-launcher\1.8.1\junit-platform-launcher-1.8.1.jar;C:\Users\alwi\.m2\repository\org\junit\platform\junit-platform-engine\1.8.1\junit-platform-engine-1.8.1.jar;C:\Users\alwi\.m2\repository\org\opentest4j\opentest4j\1.2.0\opentest4j-1.2.0.jar;C:\Users\alwi\.m2\repository\org\junit\platform\junit-platform-commons\1.8.1\junit-platform-commons-1.8.1.jar;C:\Users\alwi\.m2\repository\org\apiguardian\apiguardian-api\1.1.2\apiguardian-api-1.1.2.jar;C:\Users\alwi\.m2\repository\org\junit\jupiter\junit-jupiter-engine\5.8.2\junit-jupiter-engine-5.8.2.jar;C:\Users\alwi\.m2\repository\org\junit\jupiter\junit-jupiter-api\5.8.2\junit-jupiter-api-5.8.2.jar;C:\Users\alwi\.m2\repository\org\junit\vintage\junit-vintage-engine\5.8.2\junit-vintage-engine-5.8.2.jar;C:\Users\alwi\.m2\repository\junit\junit\4.13.2\junit-4.13.2.jar;C:\Users\alwi\.m2\repository\org\hamcrest\hamcrest-core\1.3\hamcrest-core-1.3.jar;C:\Users\alwi\.m2\repository\ch\qos\logback\logback-classic\1.2.10\logback-classic-1.2.10.jar;C:\Users\alwi\.m2\repository\ch\qos\logback\logback-core\1.2.10\logback-core-1.2.10.jar;C:\Users\alwi\.m2\repository\org\slf4j\slf4j-api\1.7.32\slf4j-api-1.7.32.jar;C:\Users\alwi\.m2\repository\org\assertj\assertj-core\3.6.2\assertj-core-3.6.2.jar;"/>
    <property name="sun.cpu.endian" value="little"/>
    <property name="user.home" value="C:\Users\alwi"/>
    <property name="user.language" value="en"/>
    <property name="java.specification.vendor" value="Oracle Corporation"/>
    <property name="jdk.module.path" value="C:\Users\alwi\IdeaProjects\uniqloweb\target\uniqloweb-1.0-SNAPSHOT.jar"/>
    <property name="java.version.date" value="2020-01-14"/>
    <property name="java.home" value="C:\Program Files\Java\jdk-13.0.2"/>
    <property name="file.separator" value="\"/>
    <property name="basedir" value="C:\Users\alwi\IdeaProjects\uniqloweb"/>
    <property name="java.vm.compressedOopsMode" value="Zero based"/>
    <property name="line.separator" value="&#10;"/>
    <property name="java.vm.specification.vendor" value="Oracle Corporation"/>
    <property name="java.specification.name" value="Java Platform API Specification"/>
    <property name="surefire.real.class.path" value="C:\Users\alwi\.m2\repository\org\apache\maven\surefire\surefire-booter\3.0.0-M5\surefire-booter-3.0.0-M5.jar;C:\Users\alwi\.m2\repository\org\apache\maven\surefire\surefire-api\3.0.0-M5\surefire-api-3.0.0-M5.jar;C:\Users\alwi\.m2\repository\org\apache\maven\surefire\surefire-logger-api\3.0.0-M5\surefire-logger-api-3.0.0-M5.jar;C:\Users\alwi\.m2\repository\org\apache\maven\surefire\surefire-shared-utils\3.0.0-M4\surefire-shared-utils-3.0.0-M4.jar;C:\Users\alwi\.m2\repository\org\apache\maven\surefire\surefire-extensions-spi\3.0.0-M5\surefire-extensions-spi-3.0.0-M5.jar;C:\Users\alwi\IdeaProjects\uniqloweb\target\test-classes;C:\Users\alwi\.m2\repository\net\serenity-bdd\serenity-core\3.2.1\serenity-core-3.2.1.jar;C:\Users\alwi\.m2\repository\net\serenity-bdd\serenity-model\3.2.1\serenity-model-3.2.1.jar;C:\Users\alwi\.m2\repository\org\apache\commons\commons-text\1.9\commons-text-1.9.jar;C:\Users\alwi\.m2\repository\commons-net\commons-net\3.8.0\commons-net-3.8.0.jar;C:\Users\alwi\.m2\repository\com\google\guava\guava\31.1-jre\guava-31.1-jre.jar;C:\Users\alwi\.m2\repository\com\google\guava\failureaccess\1.0.1\failureaccess-1.0.1.jar;C:\Users\alwi\.m2\repository\com\google\guava\listenablefuture\9999.0-empty-to-avoid-conflict-with-guava\listenablefuture-9999.0-empty-to-avoid-conflict-with-guava.jar;C:\Users\alwi\.m2\repository\com\google\code\findbugs\jsr305\3.0.2\jsr305-3.0.2.jar;C:\Users\alwi\.m2\repository\org\checkerframework\checker-qual\3.12.0\checker-qual-3.12.0.jar;C:\Users\alwi\.m2\repository\com\google\errorprone\error_prone_annotations\2.11.0\error_prone_annotations-2.11.0.jar;C:\Users\alwi\.m2\repository\com\google\j2objc\j2objc-annotations\1.3\j2objc-annotations-1.3.jar;C:\Users\alwi\.m2\repository\com\google\inject\guice\5.1.0\guice-5.1.0.jar;C:\Users\alwi\.m2\repository\javax\inject\javax.inject\1\javax.inject-1.jar;C:\Users\alwi\.m2\repository\aopalliance\aopalliance\1.0\aopalliance-1.0.jar;C:\Users\alwi\.m2\repository\org\jsoup\jsoup\1.14.3\jsoup-1.14.3.jar;C:\Users\alwi\.m2\repository\com\thoughtworks\xstream\xstream\1.4.19\xstream-1.4.19.jar;C:\Users\alwi\.m2\repository\io\github\x-stream\mxparser\1.2.2\mxparser-1.2.2.jar;C:\Users\alwi\.m2\repository\xmlpull\xmlpull\1.1.3.1\xmlpull-1.1.3.1.jar;C:\Users\alwi\.m2\repository\io\cucumber\cucumber-java\7.2.3\cucumber-java-7.2.3.jar;C:\Users\alwi\.m2\repository\com\typesafe\config\1.4.2\config-1.4.2.jar;C:\Users\alwi\.m2\repository\org\imgscalr\imgscalr-lib\4.2\imgscalr-lib-4.2.jar;C:\Users\alwi\.m2\repository\org\awaitility\awaitility\4.2.0\awaitility-4.2.0.jar;C:\Users\alwi\.m2\repository\org\freemarker\freemarker\2.3.31\freemarker-2.3.31.jar;C:\Users\alwi\.m2\repository\io\github\classgraph\classgraph\4.8.138\classgraph-4.8.138.jar;C:\Users\alwi\.m2\repository\net\sourceforge\jexcelapi\jxl\2.6.12\jxl-2.6.12.jar;C:\Users\alwi\.m2\repository\net\bytebuddy\byte-buddy\1.12.8\byte-buddy-1.12.8.jar;C:\Users\alwi\.m2\repository\net\bytebuddy\byte-buddy-agent\1.12.8\byte-buddy-agent-1.12.8.jar;C:\Users\alwi\.m2\repository\org\objenesis\objenesis\3.1\objenesis-3.1.jar;C:\Users\alwi\.m2\repository\net\serenity-bdd\serenity-reports\3.2.1\serenity-reports-3.2.1.jar;C:\Users\alwi\.m2\repository\net\serenity-bdd\serenity-stats\3.2.1\serenity-stats-3.2.1.jar;C:\Users\alwi\.m2\repository\net\serenity-bdd\serenity-reports-configuration\3.2.1\serenity-reports-configuration-3.2.1.jar;C:\Users\alwi\.m2\repository\com\vladsch\flexmark\flexmark-all\0.34.30\flexmark-all-0.34.30.jar;C:\Users\alwi\.m2\repository\com\vladsch\flexmark\flexmark\0.34.30\flexmark-0.34.30.jar;C:\Users\alwi\.m2\repository\com\vladsch\flexmark\flexmark-ext-abbreviation\0.34.30\flexmark-ext-abbreviation-0.34.30.jar;C:\Users\alwi\.m2\repository\com\vladsch\flexmark\flexmark-ext-admonition\0.34.30\flexmark-ext-admonition-0.34.30.jar;C:\Users\alwi\.m2\repository\com\vladsch\flexmark\flexmark-ext-anchorlink\0.34.30\flexmark-ext-anchorlink-0.34.30.jar;C:\Users\alwi\.m2\repository\com\vladsch\flexmark\flexmark-ext-aside\0.34.30\flexmark-ext-aside-0.34.30.jar;C:\Users\alwi\.m2\repository\com\vladsch\flexmark\flexmark-ext-attributes\0.34.30\flexmark-ext-attributes-0.34.30.jar;C:\Users\alwi\.m2\repository\com\vladsch\flexmark\flexmark-ext-autolink\0.34.30\flexmark-ext-autolink-0.34.30.jar;C:\Users\alwi\.m2\repository\org\nibor\autolink\autolink\0.6.0\autolink-0.6.0.jar;C:\Users\alwi\.m2\repository\com\vladsch\flexmark\flexmark-ext-definition\0.34.30\flexmark-ext-definition-0.34.30.jar;C:\Users\alwi\.m2\repository\com\vladsch\flexmark\flexmark-ext-emoji\0.34.30\flexmark-ext-emoji-0.34.30.jar;C:\Users\alwi\.m2\repository\com\vladsch\flexmark\flexmark-ext-enumerated-reference\0.34.30\flexmark-ext-enumerated-reference-0.34.30.jar;C:\Users\alwi\.m2\repository\com\vladsch\flexmark\flexmark-ext-escaped-character\0.34.30\flexmark-ext-escaped-character-0.34.30.jar;C:\Users\alwi\.m2\repository\com\vladsch\flexmark\flexmark-ext-footnotes\0.34.30\flexmark-ext-footnotes-0.34.30.jar;C:\Users\alwi\.m2\repository\com\vladsch\flexmark\flexmark-ext-gfm-issues\0.34.30\flexmark-ext-gfm-issues-0.34.30.jar;C:\Users\alwi\.m2\repository\com\vladsch\flexmark\flexmark-ext-gfm-strikethrough\0.34.30\flexmark-ext-gfm-strikethrough-0.34.30.jar;C:\Users\alwi\.m2\repository\com\vladsch\flexmark\flexmark-ext-gfm-tables\0.34.30\flexmark-ext-gfm-tables-0.34.30.jar;C:\Users\alwi\.m2\repository\com\vladsch\flexmark\flexmark-ext-gfm-tasklist\0.34.30\flexmark-ext-gfm-tasklist-0.34.30.jar;C:\Users\alwi\.m2\repository\com\vladsch\flexmark\flexmark-ext-gfm-users\0.34.30\flexmark-ext-gfm-users-0.34.30.jar;C:\Users\alwi\.m2\repository\com\vladsch\flexmark\flexmark-ext-gitlab\0.34.30\flexmark-ext-gitlab-0.34.30.jar;C:\Users\alwi\.m2\repository\com\vladsch\flexmark\flexmark-ext-jekyll-front-matter\0.34.30\flexmark-ext-jekyll-front-matter-0.34.30.jar;C:\Users\alwi\.m2\repository\com\vladsch\flexmark\flexmark-ext-jekyll-tag\0.34.30\flexmark-ext-jekyll-tag-0.34.30.jar;C:\Users\alwi\.m2\repository\com\vladsch\flexmark\flexmark-ext-media-tags\0.34.30\flexmark-ext-media-tags-0.34.30.jar;C:\Users\alwi\.m2\repository\com\vladsch\flexmark\flexmark-test-util\0.34.30\flexmark-test-util-0.34.30.jar;C:\Users\alwi\.m2\repository\com\vladsch\flexmark\flexmark-ext-ins\0.34.30\flexmark-ext-ins-0.34.30.jar;C:\Users\alwi\.m2\repository\com\vladsch\flexmark\flexmark-ext-xwiki-macros\0.34.30\flexmark-ext-xwiki-macros-0.34.30.jar;C:\Users\alwi\.m2\repository\com\vladsch\flexmark\flexmark-ext-superscript\0.34.30\flexmark-ext-superscript-0.34.30.jar;C:\Users\alwi\.m2\repository\com\vladsch\flexmark\flexmark-ext-tables\0.34.30\flexmark-ext-tables-0.34.30.jar;C:\Users\alwi\.m2\repository\com\vladsch\flexmark\flexmark-ext-toc\0.34.30\flexmark-ext-toc-0.34.30.jar;C:\Users\alwi\.m2\repository\com\vladsch\flexmark\flexmark-ext-typographic\0.34.30\flexmark-ext-typographic-0.34.30.jar;C:\Users\alwi\.m2\repository\com\vladsch\flexmark\flexmark-ext-wikilink\0.34.30\flexmark-ext-wikilink-0.34.30.jar;C:\Users\alwi\.m2\repository\com\vladsch\flexmark\flexmark-ext-yaml-front-matter\0.34.30\flexmark-ext-yaml-front-matter-0.34.30.jar;C:\Users\alwi\.m2\repository\com\vladsch\flexmark\flexmark-ext-youtube-embedded\0.34.30\flexmark-ext-youtube-embedded-0.34.30.jar;C:\Users\alwi\.m2\repository\com\vladsch\flexmark\flexmark-formatter\0.34.30\flexmark-formatter-0.34.30.jar;C:\Users\alwi\.m2\repository\com\vladsch\flexmark\flexmark-html-parser\0.34.30\flexmark-html-parser-0.34.30.jar;C:\Users\alwi\.m2\repository\com\vladsch\flexmark\flexmark-jira-converter\0.34.30\flexmark-jira-converter-0.34.30.jar;C:\Users\alwi\.m2\repository\com\vladsch\flexmark\flexmark-pdf-converter\0.34.30\flexmark-pdf-converter-0.34.30.jar;C:\Users\alwi\.m2\repository\com\openhtmltopdf\openhtmltopdf-core\0.0.1-RC13\openhtmltopdf-core-0.0.1-RC13.jar;C:\Users\alwi\.m2\repository\com\openhtmltopdf\openhtmltopdf-pdfbox\0.0.1-RC13\openhtmltopdf-pdfbox-0.0.1-RC13.jar;C:\Users\alwi\.m2\repository\org\apache\pdfbox\pdfbox\2.0.8\pdfbox-2.0.8.jar;C:\Users\alwi\.m2\repository\org\apache\pdfbox\fontbox\2.0.8\fontbox-2.0.8.jar;C:\Users\alwi\.m2\repository\commons-logging\commons-logging\1.2\commons-logging-1.2.jar;C:\Users\alwi\.m2\repository\org\apache\pdfbox\xmpbox\2.0.8\xmpbox-2.0.8.jar;C:\Users\alwi\.m2\repository\de\rototor\pdfbox\graphics2d\0.12\graphics2d-0.12.jar;C:\Users\alwi\.m2\repository\com\openhtmltopdf\openhtmltopdf-rtl-support\0.0.1-RC13\openhtmltopdf-rtl-support-0.0.1-RC13.jar;C:\Users\alwi\.m2\repository\com\ibm\icu\icu4j\59.1\icu4j-59.1.jar;C:\Users\alwi\.m2\repository\com\openhtmltopdf\openhtmltopdf-jsoup-dom-converter\0.0.1-RC13\openhtmltopdf-jsoup-dom-converter-0.0.1-RC13.jar;C:\Users\alwi\.m2\repository\com\vladsch\flexmark\flexmark-profile-pegdown\0.34.30\flexmark-profile-pegdown-0.34.30.jar;C:\Users\alwi\.m2\repository\com\vladsch\flexmark\flexmark-util\0.34.30\flexmark-util-0.34.30.jar;C:\Users\alwi\.m2\repository\com\vladsch\flexmark\flexmark-youtrack-converter\0.34.30\flexmark-youtrack-converter-0.34.30.jar;C:\Users\alwi\.m2\repository\es\nitaur\markdown\txtmark\0.16\txtmark-0.16.jar;C:\Users\alwi\.m2\repository\net\serenity-bdd\serenity-report-resources\3.2.1\serenity-report-resources-3.2.1.jar;C:\Users\alwi\.m2\repository\com\google\code\gson\gson\2.9.0\gson-2.9.0.jar;C:\Users\alwi\.m2\repository\com\fasterxml\jackson\core\jackson-core\2.13.2\jackson-core-2.13.2.jar;C:\Users\alwi\.m2\repository\com\fasterxml\jackson\core\jackson-databind\2.13.2\jackson-databind-2.13.2.jar;C:\Users\alwi\.m2\repository\com\fasterxml\jackson\core\jackson-annotations\2.13.2\jackson-annotations-2.13.2.jar;C:\Users\alwi\.m2\repository\commons-codec\commons-codec\1.15\commons-codec-1.15.jar;C:\Users\alwi\.m2\repository\commons-io\commons-io\2.11.0\commons-io-2.11.0.jar;C:\Users\alwi\.m2\repository\org\seleniumhq\selenium\selenium-java\4.1.2\selenium-java-4.1.2.jar;C:\Users\alwi\.m2\repository\org\seleniumhq\selenium\selenium-devtools-v85\4.1.2\selenium-devtools-v85-4.1.2.jar;C:\Users\alwi\.m2\repository\org\seleniumhq\selenium\selenium-devtools-v95\4.1.2\selenium-devtools-v95-4.1.2.jar;C:\Users\alwi\.m2\repository\org\seleniumhq\selenium\selenium-devtools-v96\4.1.2\selenium-devtools-v96-4.1.2.jar;C:\Users\alwi\.m2\repository\org\seleniumhq\selenium\selenium-devtools-v97\4.1.2\selenium-devtools-v97-4.1.2.jar;C:\Users\alwi\.m2\repository\org\seleniumhq\selenium\selenium-firefox-xpi-driver\4.1.2\selenium-firefox-xpi-driver-4.1.2.jar;C:\Users\alwi\.m2\repository\org\seleniumhq\selenium\selenium-opera-driver\4.1.2\selenium-opera-driver-4.1.2.jar;C:\Users\alwi\.m2\repository\org\seleniumhq\selenium\selenium-remote-driver\4.1.2\selenium-remote-driver-4.1.2.jar;C:\Users\alwi\.m2\repository\com\beust\jcommander\1.82\jcommander-1.82.jar;C:\Users\alwi\.m2\repository\io\netty\netty-buffer\4.1.73.Final\netty-buffer-4.1.73.Final.jar;C:\Users\alwi\.m2\repository\io\netty\netty-codec-http\4.1.73.Final\netty-codec-http-4.1.73.Final.jar;C:\Users\alwi\.m2\repository\io\netty\netty-codec\4.1.73.Final\netty-codec-4.1.73.Final.jar;C:\Users\alwi\.m2\repository\io\netty\netty-handler\4.1.73.Final\netty-handler-4.1.73.Final.jar;C:\Users\alwi\.m2\repository\io\netty\netty-tcnative-classes\2.0.46.Final\netty-tcnative-classes-2.0.46.Final.jar;C:\Users\alwi\.m2\repository\io\netty\netty-common\4.1.73.Final\netty-common-4.1.73.Final.jar;C:\Users\alwi\.m2\repository\io\netty\netty-transport-classes-epoll\4.1.73.Final\netty-transport-classes-epoll-4.1.73.Final.jar;C:\Users\alwi\.m2\repository\io\netty\netty-transport-classes-kqueue\4.1.73.Final\netty-transport-classes-kqueue-4.1.73.Final.jar;C:\Users\alwi\.m2\repository\io\netty\netty-transport-native-epoll\4.1.73.Final\netty-transport-native-epoll-4.1.73.Final.jar;C:\Users\alwi\.m2\repository\io\netty\netty-transport-native-kqueue\4.1.73.Final\netty-transport-native-kqueue-4.1.73.Final.jar;C:\Users\alwi\.m2\repository\io\netty\netty-transport-native-unix-common\4.1.73.Final\netty-transport-native-unix-common-4.1.73.Final.jar;C:\Users\alwi\.m2\repository\io\netty\netty-transport\4.1.73.Final\netty-transport-4.1.73.Final.jar;C:\Users\alwi\.m2\repository\io\netty\netty-resolver\4.1.73.Final\netty-resolver-4.1.73.Final.jar;C:\Users\alwi\.m2\repository\io\opentelemetry\opentelemetry-api\1.10.1\opentelemetry-api-1.10.1.jar;C:\Users\alwi\.m2\repository\io\opentelemetry\opentelemetry-context\1.10.1\opentelemetry-context-1.10.1.jar;C:\Users\alwi\.m2\repository\io\opentelemetry\opentelemetry-exporter-logging\1.10.1\opentelemetry-exporter-logging-1.10.1.jar;C:\Users\alwi\.m2\repository\io\opentelemetry\opentelemetry-sdk-metrics\1.10.1-alpha\opentelemetry-sdk-metrics-1.10.1-alpha.jar;C:\Users\alwi\.m2\repository\io\opentelemetry\opentelemetry-sdk-logs\1.10.1-alpha\opentelemetry-sdk-logs-1.10.1-alpha.jar;C:\Users\alwi\.m2\repository\io\opentelemetry\opentelemetry-sdk-common\1.10.1\opentelemetry-sdk-common-1.10.1.jar;C:\Users\alwi\.m2\repository\io\opentelemetry\opentelemetry-sdk-extension-autoconfigure-spi\1.10.1\opentelemetry-sdk-extension-autoconfigure-spi-1.10.1.jar;C:\Users\alwi\.m2\repository\io\opentelemetry\opentelemetry-sdk-extension-autoconfigure\1.10.1-alpha\opentelemetry-sdk-extension-autoconfigure-1.10.1-alpha.jar;C:\Users\alwi\.m2\repository\io\opentelemetry\opentelemetry-sdk-trace\1.10.1\opentelemetry-sdk-trace-1.10.1.jar;C:\Users\alwi\.m2\repository\io\opentelemetry\opentelemetry-sdk\1.10.1\opentelemetry-sdk-1.10.1.jar;C:\Users\alwi\.m2\repository\io\opentelemetry\opentelemetry-semconv\1.10.1-alpha\opentelemetry-semconv-1.10.1-alpha.jar;C:\Users\alwi\.m2\repository\io\ous\jtoml\2.0.0\jtoml-2.0.0.jar;C:\Users\alwi\.m2\repository\org\apache\commons\commons-exec\1.3\commons-exec-1.3.jar;C:\Users\alwi\.m2\repository\org\asynchttpclient\async-http-client\2.12.3\async-http-client-2.12.3.jar;C:\Users\alwi\.m2\repository\org\asynchttpclient\async-http-client-netty-utils\2.12.3\async-http-client-netty-utils-2.12.3.jar;C:\Users\alwi\.m2\repository\io\netty\netty-codec-socks\4.1.60.Final\netty-codec-socks-4.1.60.Final.jar;C:\Users\alwi\.m2\repository\io\netty\netty-handler-proxy\4.1.60.Final\netty-handler-proxy-4.1.60.Final.jar;C:\Users\alwi\.m2\repository\io\netty\netty-transport-native-epoll\4.1.60.Final\netty-transport-native-epoll-4.1.60.Final-linux-x86_64.jar;C:\Users\alwi\.m2\repository\io\netty\netty-transport-native-kqueue\4.1.60.Final\netty-transport-native-kqueue-4.1.60.Final-osx-x86_64.jar;C:\Users\alwi\.m2\repository\org\reactivestreams\reactive-streams\1.0.3\reactive-streams-1.0.3.jar;C:\Users\alwi\.m2\repository\com\typesafe\netty\netty-reactive-streams\2.0.4\netty-reactive-streams-2.0.4.jar;C:\Users\alwi\.m2\repository\org\seleniumhq\selenium\selenium-http\4.1.2\selenium-http-4.1.2.jar;C:\Users\alwi\.m2\repository\net\jodah\failsafe\2.4.4\failsafe-2.4.4.jar;C:\Users\alwi\.m2\repository\org\seleniumhq\selenium\selenium-safari-driver\4.1.2\selenium-safari-driver-4.1.2.jar;C:\Users\alwi\.m2\repository\org\seleniumhq\selenium\selenium-api\4.1.2\selenium-api-4.1.2.jar;C:\Users\alwi\.m2\repository\org\seleniumhq\selenium\selenium-support\4.1.2\selenium-support-4.1.2.jar;C:\Users\alwi\.m2\repository\com\google\auto\service\auto-service-annotations\1.0.1\auto-service-annotations-1.0.1.jar;C:\Users\alwi\.m2\repository\com\google\auto\service\auto-service\1.0.1\auto-service-1.0.1.jar;C:\Users\alwi\.m2\repository\com\google\auto\auto-common\1.2\auto-common-1.2.jar;C:\Users\alwi\.m2\repository\org\seleniumhq\selenium\selenium-json\4.1.2\selenium-json-4.1.2.jar;C:\Users\alwi\.m2\repository\org\seleniumhq\selenium\selenium-chrome-driver\4.1.2\selenium-chrome-driver-4.1.2.jar;C:\Users\alwi\.m2\repository\org\seleniumhq\selenium\selenium-chromium-driver\4.1.2\selenium-chromium-driver-4.1.2.jar;C:\Users\alwi\.m2\repository\org\seleniumhq\selenium\selenium-firefox-driver\4.1.2\selenium-firefox-driver-4.1.2.jar;C:\Users\alwi\.m2\repository\org\seleniumhq\selenium\selenium-edge-driver\4.1.2\selenium-edge-driver-4.1.2.jar;C:\Users\alwi\.m2\repository\org\seleniumhq\selenium\selenium-ie-driver\4.1.2\selenium-ie-driver-4.1.2.jar;C:\Users\alwi\.m2\repository\org\projectlombok\lombok\1.18.20\lombok-1.18.20.jar;C:\Users\alwi\.m2\repository\io\appium\java-client\8.0.0\java-client-8.0.0.jar;C:\Users\alwi\.m2\repository\commons-validator\commons-validator\1.7\commons-validator-1.7.jar;C:\Users\alwi\.m2\repository\commons-digester\commons-digester\2.1\commons-digester-2.1.jar;C:\Users\alwi\.m2\repository\org\aspectj\aspectjweaver\1.9.8\aspectjweaver-1.9.8.jar;C:\Users\alwi\.m2\repository\org\codehaus\groovy\groovy\3.0.10\groovy-3.0.10.jar;C:\Users\alwi\.m2\repository\net\sf\opencsv\opencsv\2.0\opencsv-2.0.jar;C:\Users\alwi\.m2\repository\commons-beanutils\commons-beanutils\1.9.4\commons-beanutils-1.9.4.jar;C:\Users\alwi\.m2\repository\org\apache\commons\commons-lang3\3.12.0\commons-lang3-3.12.0.jar;C:\Users\alwi\.m2\repository\commons-collections\commons-collections\3.2.2\commons-collections-3.2.2.jar;C:\Users\alwi\.m2\repository\org\fluentlenium\fluentlenium-core\0.10.2\fluentlenium-core-0.10.2.jar;C:\Users\alwi\.m2\repository\io\github\bonigarcia\webdrivermanager\5.1.0\webdrivermanager-5.1.0.jar;C:\Users\alwi\.m2\repository\com\github\docker-java\docker-java\3.2.13\docker-java-3.2.13.jar;C:\Users\alwi\.m2\repository\com\github\docker-java\docker-java-core\3.2.13\docker-java-core-3.2.13.jar;C:\Users\alwi\.m2\repository\com\github\docker-java\docker-java-api\3.2.13\docker-java-api-3.2.13.jar;C:\Users\alwi\.m2\repository\org\apache\commons\commons-compress\1.21\commons-compress-1.21.jar;C:\Users\alwi\.m2\repository\org\bouncycastle\bcpkix-jdk15on\1.64\bcpkix-jdk15on-1.64.jar;C:\Users\alwi\.m2\repository\org\bouncycastle\bcprov-jdk15on\1.64\bcprov-jdk15on-1.64.jar;C:\Users\alwi\.m2\repository\org\slf4j\jcl-over-slf4j\1.7.30\jcl-over-slf4j-1.7.30.jar;C:\Users\alwi\.m2\repository\com\github\docker-java\docker-java-transport-httpclient5\3.2.13\docker-java-transport-httpclient5-3.2.13.jar;C:\Users\alwi\.m2\repository\com\github\docker-java\docker-java-transport\3.2.13\docker-java-transport-3.2.13.jar;C:\Users\alwi\.m2\repository\org\apache\httpcomponents\client5\httpclient5\5.0.3\httpclient5-5.0.3.jar;C:\Users\alwi\.m2\repository\org\apache\httpcomponents\core5\httpcore5\5.0.2\httpcore5-5.0.2.jar;C:\Users\alwi\.m2\repository\net\java\dev\jna\jna\5.8.0\jna-5.8.0.jar;C:\Users\alwi\.m2\repository\org\brotli\dec\0.1.2\dec-0.1.2.jar;C:\Users\alwi\.m2\repository\com\jhlabs\filters\2.0.235\filters-2.0.235.jar;C:\Users\alwi\.m2\repository\com\paulhammant\ngwebdriver\1.1.6\ngwebdriver-1.1.6.jar;C:\Users\alwi\.m2\repository\joda-time\joda-time\2.8.2\joda-time-2.8.2.jar;C:\Users\alwi\.m2\repository\org\hamcrest\hamcrest\2.2\hamcrest-2.2.jar;C:\Users\alwi\.m2\repository\com\google\jimfs\jimfs\1.2\jimfs-1.2.jar;C:\Users\alwi\.m2\repository\org\mockito\mockito-core\3.3.3\mockito-core-3.3.3.jar;C:\Users\alwi\.m2\repository\javax\xml\bind\jaxb-api\2.3.1\jaxb-api-2.3.1.jar;C:\Users\alwi\.m2\repository\javax\activation\javax.activation-api\1.2.0\javax.activation-api-1.2.0.jar;C:\Users\alwi\.m2\repository\com\sun\xml\bind\jaxb-core\2.3.0.1\jaxb-core-2.3.0.1.jar;C:\Users\alwi\.m2\repository\com\sun\xml\bind\jaxb-impl\2.3.3\jaxb-impl-2.3.3.jar;C:\Users\alwi\.m2\repository\jakarta\xml\bind\jakarta.xml.bind-api\2.3.3\jakarta.xml.bind-api-2.3.3.jar;C:\Users\alwi\.m2\repository\com\sun\activation\jakarta.activation\1.2.2\jakarta.activation-1.2.2.jar;C:\Users\alwi\.m2\repository\javax\activation\activation\1.1.1\activation-1.1.1.jar;C:\Users\alwi\.m2\repository\net\serenity-bdd\serenity-cucumber\3.2.1\serenity-cucumber-3.2.1.jar;C:\Users\alwi\.m2\repository\io\cucumber\cucumber-core\7.2.3\cucumber-core-7.2.3.jar;C:\Users\alwi\.m2\repository\io\cucumber\cucumber-gherkin\7.2.3\cucumber-gherkin-7.2.3.jar;C:\Users\alwi\.m2\repository\io\cucumber\cucumber-gherkin-messages\7.2.3\cucumber-gherkin-messages-7.2.3.jar;C:\Users\alwi\.m2\repository\io\cucumber\messages\17.1.1\messages-17.1.1.jar;C:\Users\alwi\.m2\repository\io\cucumber\tag-expressions\4.1.0\tag-expressions-4.1.0.jar;C:\Users\alwi\.m2\repository\io\cucumber\cucumber-expressions\15.0.1\cucumber-expressions-15.0.1.jar;C:\Users\alwi\.m2\repository\io\cucumber\datatable\7.2.3\datatable-7.2.3.jar;C:\Users\alwi\.m2\repository\io\cucumber\cucumber-plugin\7.2.3\cucumber-plugin-7.2.3.jar;C:\Users\alwi\.m2\repository\io\cucumber\docstring\7.2.3\docstring-7.2.3.jar;C:\Users\alwi\.m2\repository\io\cucumber\html-formatter\17.0.0\html-formatter-17.0.0.jar;C:\Users\alwi\.m2\repository\io\cucumber\ci-environment\8.1.0\ci-environment-8.1.0.jar;C:\Users\alwi\.m2\repository\io\cucumber\cucumber-junit\7.2.3\cucumber-junit-7.2.3.jar;C:\Users\alwi\.m2\repository\org\apache\commons\commons-csv\1.5\commons-csv-1.5.jar;C:\Users\alwi\.m2\repository\net\serenity-bdd\serenity-screenplay\3.2.1\serenity-screenplay-3.2.1.jar;C:\Users\alwi\.m2\repository\net\serenity-bdd\serenity-screenplay-webdriver\3.2.1\serenity-screenplay-webdriver-3.2.1.jar;C:\Users\alwi\.m2\repository\net\serenity-bdd\serenity-ensure\3.2.1\serenity-ensure-3.2.1.jar;C:\Users\alwi\.m2\repository\net\serenity-bdd\serenity-junit\3.2.1\serenity-junit-3.2.1.jar;C:\Users\alwi\.m2\repository\org\jetbrains\kotlin\kotlin-stdlib\1.6.0\kotlin-stdlib-1.6.0.jar;C:\Users\alwi\.m2\repository\org\jetbrains\annotations\13.0\annotations-13.0.jar;C:\Users\alwi\.m2\repository\org\jetbrains\kotlin\kotlin-stdlib-common\1.6.0\kotlin-stdlib-common-1.6.0.jar;C:\Users\alwi\.m2\repository\org\junit\platform\junit-platform-launcher\1.8.1\junit-platform-launcher-1.8.1.jar;C:\Users\alwi\.m2\repository\org\junit\platform\junit-platform-engine\1.8.1\junit-platform-engine-1.8.1.jar;C:\Users\alwi\.m2\repository\org\opentest4j\opentest4j\1.2.0\opentest4j-1.2.0.jar;C:\Users\alwi\.m2\repository\org\junit\platform\junit-platform-commons\1.8.1\junit-platform-commons-1.8.1.jar;C:\Users\alwi\.m2\repository\org\apiguardian\apiguardian-api\1.1.2\apiguardian-api-1.1.2.jar;C:\Users\alwi\.m2\repository\org\junit\jupiter\junit-jupiter-engine\5.8.2\junit-jupiter-engine-5.8.2.jar;C:\Users\alwi\.m2\repository\org\junit\jupiter\junit-jupiter-api\5.8.2\junit-jupiter-api-5.8.2.jar;C:\Users\alwi\.m2\repository\org\junit\vintage\junit-vintage-engine\5.8.2\junit-vintage-engine-5.8.2.jar;C:\Users\alwi\.m2\repository\junit\junit\4.13.2\junit-4.13.2.jar;C:\Users\alwi\.m2\repository\org\hamcrest\hamcrest-core\1.3\hamcrest-core-1.3.jar;C:\Users\alwi\.m2\repository\ch\qos\logback\logback-classic\1.2.10\logback-classic-1.2.10.jar;C:\Users\alwi\.m2\repository\ch\qos\logback\logback-core\1.2.10\logback-core-1.2.10.jar;C:\Users\alwi\.m2\repository\org\slf4j\slf4j-api\1.7.32\slf4j-api-1.7.32.jar;C:\Users\alwi\.m2\repository\org\assertj\assertj-core\3.6.2\assertj-core-3.6.2.jar;C:\Users\alwi\.m2\repository\org\apache\maven\surefire\surefire-junit-platform\3.0.0-M5\surefire-junit-platform-3.0.0-M5.jar;C:\Users\alwi\.m2\repository\org\apache\maven\surefire\common-java5\3.0.0-M5\common-java5-3.0.0-M5.jar"/>
    <property name="user.script" value=""/>
    <property name="java.protocol.handler.pkgs" value="com.google.common"/>
    <property name="sun.management.compiler" value="HotSpot 64-Bit Tiered Compilers"/>
    <property name="java.runtime.version" value="13.0.2+8"/>
    <property name="webdriver.edge.driver" value="C:\Users\alwi\.cache\selenium\msedgedriver\win64\111.0.1661.62\msedgedriver.exe"/>
    <property name="user.name" value="alwi"/>
    <property name="path.separator" value=";"/>
    <property name="os.version" value="10.0"/>
    <property name="java.runtime.name" value="Java(TM) SE Runtime Environment"/>
    <property name="file.encoding" value="Cp1252"/>
    <property name="webdriver.base.url" value=""/>
    <property name="java.vm.name" value="Java HotSpot(TM) 64-Bit Server VM"/>
    <property name="localRepository" value="C:\Users\alwi\.m2\repository"/>
    <property name="java.vendor.url.bug" value="https://bugreport.java.com/bugreport/"/>
    <property name="java.io.tmpdir" value="C:\Users\alwi\AppData\Local\Temp\"/>
    <property name="java.version" value="13.0.2"/>
    <property name="user.dir" value="C:\Users\alwi\IdeaProjects\uniqloweb"/>
    <property name="os.arch" value="amd64"/>
    <property name="java.vm.specification.name" value="Java Virtual Machine Specification"/>
    <property name="user.language.format" value="id"/>
    <property name="sun.os.patch.level" value=""/>
    <property name="java.library.path" value="C:\Program Files\Java\jdk-13.0.2\bin;C:\WINDOWS\Sun\Java\bin;C:\WINDOWS\system32;C:\WINDOWS;C:\Program Files (x86)\Common Files\Oracle\Java\javapath;C:\WINDOWS\system32;C:\WINDOWS;C:\WINDOWS\System32\Wbem;C:\WINDOWS\System32\WindowsPowerShell\v1.0\;C:\Program Files\Java\jdk-13.0.2\bin\;C:\Program Files\Go\bin;C:\WINDOWS\System32\OpenSSH\;C:\Program Files\Git\cmd;C:\Program Files\nodejs\;C:\Users\alwi\AppData\Local\Android\Sdk\platform-tools;C:\Users\alwi\AppData\Local\Android\Sdk\tools;C:\Users\alwi\AppData\Local\Microsoft\WindowsApps;C:\Users\alwi\AppData\Local\Programs\Microsoft VS Code\bin;C:\Users\alwi\go\bin;C:\Users\alwi\AppData\Local\GitHubDesktop\bin;C:\Program Files (x86)\apache-maven-3.8.6\bin;C:\Users\alwi\AppData\Roaming\npm;C:\adb;C:\Users\alwi\AppData\Local\Microsoft\WindowsApps;C:\Users\alwi\AppData\Local\Programs\Microsoft VS Code\bin;C:\Users\alwi\go\bin;C:\Program Files (x86)\apache-maven-3.8.6\bin;C:\Users\alwi\AppData\Roaming\npm;."/>
    <property name="java.vm.info" value="mixed mode"/>
    <property name="java.vendor" value="Oracle Corporation"/>
    <property name="java.vm.version" value="13.0.2+8"/>
    <property name="sun.io.unicode.encoding" value="UnicodeLittle"/>
    <property name="java.class.version" value="57.0"/>
  </properties>
  <testcase name="Fitur Menu Baby #1" classname="Baby" time="19.518">
    <system-out><![CDATA[15:36:17.034 [main] INFO io.cucumber.core.plugin.SerenityReporter - Running feature from file:///C:/Users/alwi/IdeaProjects/uniqloweb/src/test/resources/features/Baby.feature
15:36:17.238 [main] INFO  - 

-------------------------------------------------------------------------------------
     _______. _______ .______       _______ .__   __.  __  .___________.____    ____ 
    /       ||   ____||   _  \     |   ____||  \ |  | |  | |           |\   \  /   / 
   |   (----`|  |__   |  |_)  |    |  |__   |   \|  | |  | `---|  |----` \   \/   /  
    \   \    |   __|  |      /     |   __|  |  . `  | |  |     |  |       \_    _/   
.----)   |   |  |____ |  |\  \----.|  |____ |  |\   | |  |     |  |         |  |     
|_______/    |_______|| _| `._____||_______||__| \__| |__|     |__|         |__|    
                                                                                     
 News and tutorials at http://www.serenity-bdd.info                                  
 Documentation at https://wakaleo.gitbooks.io/the-serenity-book/content/             
 Join the Serenity Community on Gitter: https://gitter.im/serenity-bdd/serenity-core 
 Serenity BDD Support and Training at http://serenity-bdd.info/#/trainingandsupport  
-------------------------------------------------------------------------------------

15:36:17.241 [main] DEBUG net.thucydides.core.steps.StepEventBus - Test suite started for story net.thucydides.core.model.Story@749543e8
15:36:17.246 [main] INFO  - Test Suite Started: Baby
15:36:17.259 [main] INFO io.cucumber.core.plugin.SerenityReporter - Running feature from file:///C:/Users/alwi/IdeaProjects/uniqloweb/src/test/resources/features/Baby.feature
15:36:17.263 [main] DEBUG net.thucydides.core.steps.StepEventBus - Test suite started for story net.thucydides.core.model.Story@749543e8
15:36:17.263 [main] INFO  - Test Suite Started: Baby

Scenario Outline: Fitur Menu Baby &amp#27;[90m# src/test/resources/features/Baby.feature:93&amp#27;[0m
15:36:17.355 [main] INFO io.cucumber.core.plugin.SerenityReporter - Running feature from file:///C:/Users/alwi/IdeaProjects/uniqloweb/src/test/resources/features/Baby.feature
15:36:17.457 [main] INFO  - 
  _____   ___   ___   _____     ___   _____     _     ___   _____   ___   ___  
 |_   _| | __| / __| |_   _|   / __| |_   _|   /_\   | _ \ |_   _| | __| |   \ 
   | |   | _|  \__ \   | |     \__ \   | |    / _ \  |   /   | |   | _|  | |) |
   |_|   |___| |___/   |_|     |___/   |_|   /_/ \_\ |_|_\   |_|   |___| |___/ 

Fitur Menu Baby(baby;fitur-menu-baby)
--------------------------------------------------------------------------------
15:36:19.118 [main] DEBUG io.github.bonigarcia.wdm.cache.ResolutionCache - Resolution edge=111 in cache (valid until 16:17:30 05/04/2023 WIB)
15:36:19.125 [main] DEBUG io.github.bonigarcia.wdm.cache.ResolutionCache - Resolution edge111=111.0.1661.62 in cache (valid until 15:17:30 06/04/2023 WIB)
15:36:19.128 [main] INFO io.github.bonigarcia.wdm.WebDriverManager - Using msedgedriver 111.0.1661.62 (resolved driver for Edge 111)
15:36:19.150 [main] DEBUG io.github.bonigarcia.wdm.WebDriverManager - Driver msedgedriver 111.0.1661.62 found in cache
15:36:19.151 [main] INFO io.github.bonigarcia.wdm.WebDriverManager - Exporting webdriver.edge.driver as C:\Users\alwi\.cache\selenium\msedgedriver\win64\111.0.1661.62\msedgedriver.exe
15:36:19.816 [main] DEBUG net.thucydides.core.reflection.ClassFinder - Could not load class .CucumberTestSuite
15:36:19.816 [main] DEBUG net.thucydides.core.reflection.ClassFinder - Could not load class .starter.pages.BabyPage
15:36:19.816 [main] DEBUG net.thucydides.core.reflection.ClassFinder - Could not load class .starter.stepdefinitions.BabyStep
15:36:19.817 [main] DEBUG net.thucydides.core.reflection.ClassFinder - Could not load class META-INF.versions.9.com.sun.istack.logging.StackHelper
15:36:19.817 [main] DEBUG net.thucydides.core.reflection.ClassFinder - Could not load class META-INF.versions.9.com.sun.xml.bind.v2.runtime.reflect.opt.AccessorInjector
15:36:19.818 [main] DEBUG net.thucydides.core.reflection.ClassFinder - Could not load class META-INF.versions.9.com.sun.xml.bind.v2.runtime.reflect.opt.Injector
15:36:19.818 [main] DEBUG net.thucydides.core.reflection.ClassFinder - Could not load class META-INF.versions.9.com.sun.xml.bind.v2.runtime.reflect.opt.OptimizedAccessorFactory
15:36:19.818 [main] DEBUG net.thucydides.core.reflection.ClassFinder - Could not load class META-INF.versions.9.com.sun.xml.bind.v2.runtime.reflect.opt.OptimizedTransducedAccessorFactory
15:36:19.819 [main] DEBUG net.thucydides.core.reflection.ClassFinder - Could not load class META-INF.versions.9.io.opentelemetry.sdk.internal.CurrentJavaVersionSpecific
15:36:19.819 [main] DEBUG net.thucydides.core.reflection.ClassFinder - Could not load class META-INF.versions.9.io.opentelemetry.sdk.internal.Java9VersionSpecific
15:36:19.819 [main] DEBUG net.thucydides.core.reflection.ClassFinder - Could not load class META-INF.versions.9.javax.xml.bind.ModuleUtil
15:36:19.820 [main] DEBUG net.thucydides.core.reflection.ClassFinder - Could not load class META-INF.versions.9.module-info
15:36:19.820 [main] DEBUG net.thucydides.core.reflection.ClassFinder - Could not load class META-INF.versions.9.org.junit.platform.commons.util.ModuleUtils
15:36:20.176 [main] DEBUG net.thucydides.core.reflection.ClassFinder - Could not load class com.google.gson.internal.
15:36:20.396 [main] DEBUG net.thucydides.core.reflection.ClassFinder - Could not load class com.sun.xml.bind.v2.runtime.output.FastInfosetStreamWriterOutput
15:36:20.888 [main] DEBUG net.thucydides.core.reflection.ClassFinder - Could not load class module-info
15:36:23.860 [main] DEBUG io.netty.util.internal.logging.InternalLoggerFactory - Using SLF4J as the default logging framework
15:36:23.863 [main] DEBUG io.netty.util.ResourceLeakDetector - -Dio.netty.leakDetection.level: simple
15:36:23.863 [main] DEBUG io.netty.util.ResourceLeakDetector - -Dio.netty.leakDetection.targetRecords: 4
15:36:23.867 [main] DEBUG io.netty.util.ResourceLeakDetectorFactory - Loaded default ResourceLeakDetector: io.netty.util.ResourceLeakDetector@689f60ea
15:36:23.886 [main] DEBUG io.netty.util.internal.PlatformDependent0 - -Dio.netty.noUnsafe: false
15:36:23.886 [main] DEBUG io.netty.util.internal.PlatformDependent0 - Java version: 13
15:36:23.887 [main] DEBUG io.netty.util.internal.PlatformDependent0 - sun.misc.Unsafe.theUnsafe: available
15:36:23.888 [main] DEBUG io.netty.util.internal.PlatformDependent0 - sun.misc.Unsafe.copyMemory: available
15:36:23.888 [main] DEBUG io.netty.util.internal.PlatformDependent0 - java.nio.Buffer.address: available
15:36:23.889 [main] DEBUG io.netty.util.internal.PlatformDependent0 - direct buffer constructor: unavailable: Reflective setAccessible(true) disabled
15:36:23.891 [main] DEBUG io.netty.util.internal.PlatformDependent0 - java.nio.Bits.unaligned: available, true
15:36:23.892 [main] DEBUG io.netty.util.internal.PlatformDependent0 - jdk.internal.misc.Unsafe.allocateUninitializedArray(int): unavailable: class io.netty.util.internal.PlatformDependent0$6 cannot access class jdk.internal.misc.Unsafe (in module java.base) because module java.base does not export jdk.internal.misc to unnamed module @70e29e14
15:36:23.894 [main] DEBUG io.netty.util.internal.PlatformDependent0 - java.nio.DirectByteBuffer.<init>(long, int): unavailable
15:36:23.894 [main] DEBUG io.netty.util.internal.PlatformDependent - sun.misc.Unsafe: available
15:36:23.895 [main] DEBUG io.netty.util.internal.PlatformDependent - maxDirectMemory: 4288675840 bytes (maybe)
15:36:23.896 [main] DEBUG io.netty.util.internal.PlatformDependent - -Dio.netty.tmpdir: C:\Users\alwi\AppData\Local\Temp (java.io.tmpdir)
15:36:23.896 [main] DEBUG io.netty.util.internal.PlatformDependent - -Dio.netty.bitMode: 64 (sun.arch.data.model)
15:36:23.896 [main] DEBUG io.netty.util.internal.PlatformDependent - Platform: Windows
15:36:23.897 [main] DEBUG io.netty.util.internal.PlatformDependent - -Dio.netty.maxDirectMemory: -1 bytes
15:36:23.897 [main] DEBUG io.netty.util.internal.PlatformDependent - -Dio.netty.uninitializedArrayAllocationThreshold: -1
15:36:23.898 [main] DEBUG io.netty.util.internal.CleanerJava9 - java.nio.ByteBuffer.cleaner(): available
15:36:23.898 [main] DEBUG io.netty.util.internal.PlatformDependent - -Dio.netty.noPreferDirect: false
15:36:23.909 [main] DEBUG io.netty.util.internal.PlatformDependent - org.jctools-core.MpscChunkedArrayQueue: available
15:36:23.931 [main] DEBUG io.netty.util.internal.InternalThreadLocalMap - -Dio.netty.threadLocalMap.stringBuilder.initialSize: 1024
15:36:23.931 [main] DEBUG io.netty.util.internal.InternalThreadLocalMap - -Dio.netty.threadLocalMap.stringBuilder.maxSize: 4096
15:36:23.977 [main] DEBUG io.netty.handler.ssl.JdkSslContext - Default protocols (JDK): [TLSv1.3, TLSv1.2, TLSv1.1, TLSv1] 
15:36:23.977 [main] DEBUG io.netty.handler.ssl.JdkSslContext - Default cipher suites (JDK): [TLS_ECDHE_ECDSA_WITH_AES_256_GCM_SHA384, TLS_ECDHE_ECDSA_WITH_AES_128_GCM_SHA256, TLS_ECDHE_RSA_WITH_AES_128_GCM_SHA256, TLS_ECDHE_RSA_WITH_AES_256_GCM_SHA384, TLS_ECDHE_RSA_WITH_AES_128_CBC_SHA, TLS_ECDHE_RSA_WITH_AES_256_CBC_SHA, TLS_RSA_WITH_AES_128_GCM_SHA256, TLS_RSA_WITH_AES_128_CBC_SHA, TLS_RSA_WITH_AES_256_CBC_SHA, TLS_AES_128_GCM_SHA256, TLS_AES_256_GCM_SHA384]
15:36:24.005 [main] DEBUG io.netty.channel.MultithreadEventLoopGroup - -Dio.netty.eventLoopThreads: 16
15:36:24.015 [main] DEBUG io.netty.channel.nio.NioEventLoop - -Dio.netty.noKeySetOptimization: false
15:36:24.015 [main] DEBUG io.netty.channel.nio.NioEventLoop - -Dio.netty.selectorAutoRebuildThreshold: 512
15:36:24.423 [main] DEBUG io.netty.buffer.PooledByteBufAllocator - -Dio.netty.allocator.numHeapArenas: 16
15:36:24.423 [main] DEBUG io.netty.buffer.PooledByteBufAllocator - -Dio.netty.allocator.numDirectArenas: 16
15:36:24.423 [main] DEBUG io.netty.buffer.PooledByteBufAllocator - -Dio.netty.allocator.pageSize: 8192
15:36:24.423 [main] DEBUG io.netty.buffer.PooledByteBufAllocator - -Dio.netty.allocator.maxOrder: 11
15:36:24.423 [main] DEBUG io.netty.buffer.PooledByteBufAllocator - -Dio.netty.allocator.chunkSize: 16777216
15:36:24.423 [main] DEBUG io.netty.buffer.PooledByteBufAllocator - -Dio.netty.allocator.smallCacheSize: 256
15:36:24.423 [main] DEBUG io.netty.buffer.PooledByteBufAllocator - -Dio.netty.allocator.normalCacheSize: 64
15:36:24.423 [main] DEBUG io.netty.buffer.PooledByteBufAllocator - -Dio.netty.allocator.maxCachedBufferCapacity: 32768
15:36:24.423 [main] DEBUG io.netty.buffer.PooledByteBufAllocator - -Dio.netty.allocator.cacheTrimInterval: 8192
15:36:24.424 [main] DEBUG io.netty.buffer.PooledByteBufAllocator - -Dio.netty.allocator.cacheTrimIntervalMillis: 0
15:36:24.424 [main] DEBUG io.netty.buffer.PooledByteBufAllocator - -Dio.netty.allocator.useCacheForAllThreads: true
15:36:24.424 [main] DEBUG io.netty.buffer.PooledByteBufAllocator - -Dio.netty.allocator.maxCachedByteBuffersPerChunk: 1023
15:36:24.435 [main] DEBUG io.netty.buffer.ByteBufUtil - -Dio.netty.allocator.type: pooled
15:36:24.436 [main] DEBUG io.netty.buffer.ByteBufUtil - -Dio.netty.threadLocalDirectBufferSize: 0
15:36:24.436 [main] DEBUG io.netty.buffer.ByteBufUtil - -Dio.netty.maxThreadLocalCharBufferSize: 16384
15:36:24.534 [main] DEBUG net.serenitybdd.core.webdriver.driverproviders.ProvideNewDriver - Instantiating driver
15:36:24.534 [main] DEBUG net.serenitybdd.core.webdriver.driverproviders.ProvideNewDriver - Driver capabilities: Capabilities {base.url: https://www.uniqlo.com, chrome.driver: src/test/resources/webdrive..., driver: edge, ms:edgeChromium: true, ms:edgeOptions: {}, wait.for.timeout: 6000}
15:36:25.226 [Forwarding newSession on session null to remote] DEBUG io.netty.channel.DefaultChannelId - -Dio.netty.processId: 1908 (auto-detected)
15:36:25.228 [Forwarding newSession on session null to remote] DEBUG io.netty.util.NetUtil - -Djava.net.preferIPv4Stack: false
15:36:25.228 [Forwarding newSession on session null to remote] DEBUG io.netty.util.NetUtil - -Djava.net.preferIPv6Addresses: false
15:36:25.555 [Forwarding newSession on session null to remote] DEBUG io.netty.util.NetUtilInitializations - Loopback interface: lo (Software Loopback Interface 1, 127.0.0.1)
15:36:25.556 [Forwarding newSession on session null to remote] DEBUG io.netty.util.NetUtil - Failed to get SOMAXCONN from sysctl and file \proc\sys\net\core\somaxconn. Default: 200
15:36:25.894 [Forwarding newSession on session null to remote] DEBUG io.netty.channel.DefaultChannelId - -Dio.netty.machineId: 50:3e:aa:ff:fe:ef:df:ab (auto-detected)
15:36:25.960 [AsyncHttpClient-1-2] DEBUG io.netty.buffer.AbstractByteBuf - -Dio.netty.buffer.checkAccessible: true
15:36:25.960 [AsyncHttpClient-1-2] DEBUG io.netty.buffer.AbstractByteBuf - -Dio.netty.buffer.checkBounds: true
15:36:25.960 [AsyncHttpClient-1-2] DEBUG io.netty.util.ResourceLeakDetectorFactory - Loaded default ResourceLeakDetector: io.netty.util.ResourceLeakDetector@542806d7
15:36:25.977 [AsyncHttpClient-1-2] DEBUG org.asynchttpclient.netty.channel.NettyConnectListener - Using new Channel '[id: 0x0299e496, L:/127.0.0.1:57603 - R:localhost/127.0.0.1:61800]' for 'POST' to '/session'
15:36:25.999 [AsyncHttpClient-1-2] DEBUG io.netty.util.Recycler - -Dio.netty.recycler.maxCapacityPerThread: 4096
15:36:25.999 [AsyncHttpClient-1-2] DEBUG io.netty.util.Recycler - -Dio.netty.recycler.ratio: 8
15:36:25.999 [AsyncHttpClient-1-2] DEBUG io.netty.util.Recycler - -Dio.netty.recycler.chunkSize: 32
15:36:25.999 [AsyncHttpClient-1-2] DEBUG io.netty.util.Recycler - -Dio.netty.recycler.blocking: false
15:36:26.625 [AsyncHttpClient-1-2] DEBUG io.netty.handler.codec.compression.Brotli - brotli4j not in the classpath; Brotli support will be unavailable.
15:36:26.625 [AsyncHttpClient-1-2] DEBUG org.asynchttpclient.netty.handler.HttpHandler - 

Request DefaultHttpRequest(decodeResult: success, version: HTTP/1.1)
POST /session HTTP/1.1
User-Agent: selenium/4.1.2 (java windows)
Content-Length: 627
Content-Type: application/json; charset=utf-8
host: localhost:61800
accept: */*

Response DefaultHttpResponse(decodeResult: success, version: HTTP/1.1)
HTTP/1.1 200 OK
Content-Type: application/json; charset=utf-8
cache-control: no-cache
content-length: 824

15:36:26.639 [AsyncHttpClient-1-2] DEBUG org.asynchttpclient.netty.channel.ChannelManager - Adding key: http://localhost:61800 for channel [id: 0x0299e496, L:/127.0.0.1:57603 - R:localhost/127.0.0.1:61800]
15:36:26.717 [AsyncHttpClient-1-3] DEBUG org.asynchttpclient.netty.channel.NettyConnectListener - Using new Channel '[id: 0xbd46e331, L:/127.0.0.1:57615 - R:localhost/127.0.0.1:57606]' for 'GET' to '/json/version'
15:36:26.723 [AsyncHttpClient-1-3] DEBUG org.asynchttpclient.netty.handler.HttpHandler - 

Request DefaultFullHttpRequest(decodeResult: success, version: HTTP/1.1, content: EmptyByteBufBE)
GET /json/version HTTP/1.1
User-Agent: selenium/4.1.2 (java windows)
host: localhost:57606
accept: */*

Response DefaultHttpResponse(decodeResult: success, version: HTTP/1.1)
HTTP/1.1 200 OK
Content-Security-Policy: frame-ancestors 'none'
Content-Type: application/json; charset=UTF-8
content-length: 436

15:36:26.723 [AsyncHttpClient-1-3] DEBUG org.asynchttpclient.netty.channel.ChannelManager - Adding key: http://localhost:57606 for channel [id: 0xbd46e331, L:/127.0.0.1:57615 - R:localhost/127.0.0.1:57606]
15:36:26.736 [main] DEBUG io.netty.util.internal.ThreadLocalRandom - -Dio.netty.initialSeedUniquifier: 0x6fab9e5ae6fd887d
15:36:26.742 [AsyncHttpClient-1-4] DEBUG org.asynchttpclient.netty.channel.NettyConnectListener - Using new Channel '[id: 0x30bcf04c, L:/127.0.0.1:57616 - R:localhost/127.0.0.1:57606]' for 'GET' to '/devtools/browser/d6a00240-b19b-40e4-a922-e197996eadbf'
15:36:26.749 [AsyncHttpClient-1-4] DEBUG org.asynchttpclient.netty.handler.WebSocketHandler - 

Request DefaultFullHttpRequest(decodeResult: success, version: HTTP/1.1, content: EmptyByteBufBE)
GET /devtools/browser/d6a00240-b19b-40e4-a922-e197996eadbf HTTP/1.1
upgrade: websocket
connection: upgrade
sec-websocket-key: SfkH2sroAWa7mfWCnCq93w==
sec-websocket-version: 13
origin: http://localhost:57606
host: localhost:57606
accept: */*
user-agent: AHC/2.1

Response DefaultHttpResponse(decodeResult: success, version: HTTP/1.1)
HTTP/1.1 101 WebSocket Protocol Handshake
Upgrade: WebSocket
Connection: Upgrade
Sec-WebSocket-Accept: 4M1eTyY6KZDdnf20gd+wF4W0c6U=

15:36:27.216 [AsyncHttpClient-1-1] DEBUG org.asynchttpclient.netty.channel.DefaultChannelPool - Entry count for : http://localhost:57606 : 1
15:36:27.216 [AsyncHttpClient-1-1] DEBUG org.asynchttpclient.netty.channel.DefaultChannelPool - Entry count for : http://localhost:61800 : 1
15:36:27.602 [main] DEBUG net.thucydides.core.reflection.ClassFinder - Could not load class .CucumberTestSuite
15:36:27.602 [main] DEBUG net.thucydides.core.reflection.ClassFinder - Could not load class .starter.pages.BabyPage
15:36:27.602 [main] DEBUG net.thucydides.core.reflection.ClassFinder - Could not load class .starter.stepdefinitions.BabyStep
15:36:27.603 [main] DEBUG net.thucydides.core.reflection.ClassFinder - Could not load class META-INF.versions.9.com.sun.istack.logging.StackHelper
15:36:27.603 [main] DEBUG net.thucydides.core.reflection.ClassFinder - Could not load class META-INF.versions.9.com.sun.xml.bind.v2.runtime.reflect.opt.AccessorInjector
15:36:27.604 [main] DEBUG net.thucydides.core.reflection.ClassFinder - Could not load class META-INF.versions.9.com.sun.xml.bind.v2.runtime.reflect.opt.Injector
15:36:27.604 [main] DEBUG net.thucydides.core.reflection.ClassFinder - Could not load class META-INF.versions.9.com.sun.xml.bind.v2.runtime.reflect.opt.OptimizedAccessorFactory
15:36:27.604 [main] DEBUG net.thucydides.core.reflection.ClassFinder - Could not load class META-INF.versions.9.com.sun.xml.bind.v2.runtime.reflect.opt.OptimizedTransducedAccessorFactory
15:36:27.604 [main] DEBUG net.thucydides.core.reflection.ClassFinder - Could not load class META-INF.versions.9.io.opentelemetry.sdk.internal.CurrentJavaVersionSpecific
15:36:27.605 [main] DEBUG net.thucydides.core.reflection.ClassFinder - Could not load class META-INF.versions.9.io.opentelemetry.sdk.internal.Java9VersionSpecific
15:36:27.605 [main] DEBUG net.thucydides.core.reflection.ClassFinder - Could not load class META-INF.versions.9.javax.xml.bind.ModuleUtil
15:36:27.605 [main] DEBUG net.thucydides.core.reflection.ClassFinder - Could not load class META-INF.versions.9.module-info
15:36:27.606 [main] DEBUG net.thucydides.core.reflection.ClassFinder - Could not load class META-INF.versions.9.org.junit.platform.commons.util.ModuleUtils
15:36:27.607 [main] DEBUG net.thucydides.core.reflection.ClassFinder - Could not load class com.google.gson.internal.
15:36:27.608 [main] DEBUG net.thucydides.core.reflection.ClassFinder - Could not load class com.sun.xml.bind.v2.runtime.output.FastInfosetStreamWriterOutput
15:36:27.611 [main] DEBUG net.thucydides.core.reflection.ClassFinder - Could not load class module-info
15:36:27.631 [Forwarding get on session 0726e2f863175e7e0cf329d96533a320 to remote] DEBUG org.asynchttpclient.netty.request.NettyRequestSender - Using pooled Channel '[id: 0x0299e496, L:/127.0.0.1:57603 - R:localhost/127.0.0.1:61800]' for 'POST' to 'http://localhost:61800/session/0726e2f863175e7e0cf329d96533a320/url'
15:36:27.631 [Forwarding get on session 0726e2f863175e7e0cf329d96533a320 to remote] DEBUG org.asynchttpclient.netty.request.NettyRequestSender - Using open Channel [id: 0x0299e496, L:/127.0.0.1:57603 - R:localhost/127.0.0.1:61800] for POST '/session/0726e2f863175e7e0cf329d96533a320/url'
15:36:28.316 [AsyncHttpClient-1-1] DEBUG org.asynchttpclient.netty.channel.DefaultChannelPool - Entry count for : http://localhost:57606 : 1
15:36:29.423 [AsyncHttpClient-1-1] DEBUG org.asynchttpclient.netty.channel.DefaultChannelPool - Entry count for : http://localhost:57606 : 1
15:36:30.515 [AsyncHttpClient-1-1] DEBUG org.asynchttpclient.netty.channel.DefaultChannelPool - Entry count for : http://localhost:57606 : 1
15:36:31.617 [AsyncHttpClient-1-1] DEBUG org.asynchttpclient.netty.channel.DefaultChannelPool - Entry count for : http://localhost:57606 : 1
15:36:32.720 [AsyncHttpClient-1-1] DEBUG org.asynchttpclient.netty.channel.DefaultChannelPool - Entry count for : http://localhost:57606 : 1
15:36:33.496 [AsyncHttpClient-1-2] DEBUG org.asynchttpclient.netty.handler.HttpHandler - 

Request DefaultHttpRequest(decodeResult: success, version: HTTP/1.1)
POST /session/0726e2f863175e7e0cf329d96533a320/url HTTP/1.1
User-Agent: selenium/4.1.2 (java windows)
Content-Length: 53
Content-Type: application/json; charset=utf-8
host: localhost:61800
accept: */*

Response DefaultHttpResponse(decodeResult: success, version: HTTP/1.1)
HTTP/1.1 200 OK
Content-Type: application/json; charset=utf-8
cache-control: no-cache
content-length: 14

15:36:33.496 [AsyncHttpClient-1-2] DEBUG org.asynchttpclient.netty.channel.ChannelManager - Adding key: http://localhost:61800 for channel [id: 0x0299e496, L:/127.0.0.1:57603 - R:localhost/127.0.0.1:61800]
15:36:33.504 [Forwarding setTimeout on session 0726e2f863175e7e0cf329d96533a320 to remote] DEBUG org.asynchttpclient.netty.request.NettyRequestSender - Using pooled Channel '[id: 0x0299e496, L:/127.0.0.1:57603 - R:localhost/127.0.0.1:61800]' for 'POST' to 'http://localhost:61800/session/0726e2f863175e7e0cf329d96533a320/timeouts'
15:36:33.504 [Forwarding setTimeout on session 0726e2f863175e7e0cf329d96533a320 to remote] DEBUG org.asynchttpclient.netty.request.NettyRequestSender - Using open Channel [id: 0x0299e496, L:/127.0.0.1:57603 - R:localhost/127.0.0.1:61800] for POST '/session/0726e2f863175e7e0cf329d96533a320/timeouts'
15:36:33.506 [AsyncHttpClient-1-2] DEBUG org.asynchttpclient.netty.handler.HttpHandler - 

Request DefaultHttpRequest(decodeResult: success, version: HTTP/1.1)
POST /session/0726e2f863175e7e0cf329d96533a320/timeouts HTTP/1.1
User-Agent: selenium/4.1.2 (java windows)
Content-Length: 22
Content-Type: application/json; charset=utf-8
host: localhost:61800
accept: */*

Response DefaultHttpResponse(decodeResult: success, version: HTTP/1.1)
HTTP/1.1 200 OK
Content-Type: application/json; charset=utf-8
cache-control: no-cache
content-length: 14

15:36:33.506 [AsyncHttpClient-1-2] DEBUG org.asynchttpclient.netty.channel.ChannelManager - Adding key: http://localhost:61800 for channel [id: 0x0299e496, L:/127.0.0.1:57603 - R:localhost/127.0.0.1:61800]
15:36:33.516 [Forwarding getCurrentUrl on session 0726e2f863175e7e0cf329d96533a320 to remote] DEBUG org.asynchttpclient.netty.request.NettyRequestSender - Using pooled Channel '[id: 0x0299e496, L:/127.0.0.1:57603 - R:localhost/127.0.0.1:61800]' for 'GET' to 'http://localhost:61800/session/0726e2f863175e7e0cf329d96533a320/url'
15:36:33.516 [Forwarding getCurrentUrl on session 0726e2f863175e7e0cf329d96533a320 to remote] DEBUG org.asynchttpclient.netty.request.NettyRequestSender - Using open Channel [id: 0x0299e496, L:/127.0.0.1:57603 - R:localhost/127.0.0.1:61800] for GET '/session/0726e2f863175e7e0cf329d96533a320/url'
15:36:33.521 [AsyncHttpClient-1-2] DEBUG org.asynchttpclient.netty.handler.HttpHandler - 

Request DefaultFullHttpRequest(decodeResult: success, version: HTTP/1.1, content: EmptyByteBufBE)
GET /session/0726e2f863175e7e0cf329d96533a320/url HTTP/1.1
User-Agent: selenium/4.1.2 (java windows)
Cache-Control: no-cache
Content-Type: application/json; charset=utf-8
host: localhost:61800
accept: */*

Response DefaultHttpResponse(decodeResult: success, version: HTTP/1.1)
HTTP/1.1 200 OK
Content-Type: application/json; charset=utf-8
cache-control: no-cache
content-length: 41

15:36:33.521 [AsyncHttpClient-1-2] DEBUG org.asynchttpclient.netty.channel.ChannelManager - Adding key: http://localhost:61800 for channel [id: 0x0299e496, L:/127.0.0.1:57603 - R:localhost/127.0.0.1:61800]
  &amp#27;[32mGiven &amp#27;[0m&amp#27;[32mI am on the home page&amp#27;[0m     &amp#27;[90m# starter.stepdefinitions.BabyStep.iAmOnTheHomePage()&amp#27;[0m
15:36:33.558 [main] DEBUG net.serenitybdd.core.photography.Darkroom - Opening darkroom
15:36:33.559 [Darkroom Processing Line] DEBUG net.serenitybdd.core.photography.DarkroomProcessingLine - Darkroom processing line starting up
15:36:33.560 [Forwarding screenshot on session 0726e2f863175e7e0cf329d96533a320 to remote] DEBUG org.asynchttpclient.netty.request.NettyRequestSender - Using pooled Channel '[id: 0x0299e496, L:/127.0.0.1:57603 - R:localhost/127.0.0.1:61800]' for 'GET' to 'http://localhost:61800/session/0726e2f863175e7e0cf329d96533a320/screenshot'
15:36:33.560 [Forwarding screenshot on session 0726e2f863175e7e0cf329d96533a320 to remote] DEBUG org.asynchttpclient.netty.request.NettyRequestSender - Using open Channel [id: 0x0299e496, L:/127.0.0.1:57603 - R:localhost/127.0.0.1:61800] for GET '/session/0726e2f863175e7e0cf329d96533a320/screenshot'
15:36:33.817 [AsyncHttpClient-1-1] DEBUG org.asynchttpclient.netty.channel.DefaultChannelPool - Entry count for : http://localhost:57606 : 1
15:36:33.965 [AsyncHttpClient-1-2] DEBUG org.asynchttpclient.netty.handler.HttpHandler - 

Request DefaultFullHttpRequest(decodeResult: success, version: HTTP/1.1, content: EmptyByteBufBE)
GET /session/0726e2f863175e7e0cf329d96533a320/screenshot HTTP/1.1
User-Agent: selenium/4.1.2 (java windows)
Cache-Control: no-cache
Content-Type: application/json; charset=utf-8
host: localhost:61800
accept: */*

Response DefaultHttpResponse(decodeResult: success, version: HTTP/1.1)
HTTP/1.1 200 OK
Content-Type: application/json; charset=utf-8
cache-control: no-cache
content-length: 1119968

15:36:33.975 [AsyncHttpClient-1-2] DEBUG org.asynchttpclient.netty.channel.ChannelManager - Adding key: http://localhost:61800 for channel [id: 0x0299e496, L:/127.0.0.1:57603 - R:localhost/127.0.0.1:61800]
15:36:34.133 [main] DEBUG net.serenitybdd.core.photography.Darkroom - Send negative for processing for target\site\serenity\3d1b19ad31921c0beae4332facd941fcc81467ad5802877977ec6c100df601ce.png
15:36:34.133 [Darkroom Processing Line] DEBUG net.serenitybdd.core.photography.DarkroomProcessingLine - Processing screenshot image in /var/screenshots/screenshot-3445769969252109662
15:36:34.133 [Darkroom Processing Line] DEBUG net.serenitybdd.core.photography.DarkroomProcessingLine - Saving screenshot to target\site\serenity\3d1b19ad31921c0beae4332facd941fcc81467ad5802877977ec6c100df601ce.png
15:36:34.161 [Forwarding findElement on session 0726e2f863175e7e0cf329d96533a320 to remote] DEBUG org.asynchttpclient.netty.request.NettyRequestSender - Using pooled Channel '[id: 0x0299e496, L:/127.0.0.1:57603 - R:localhost/127.0.0.1:61800]' for 'POST' to 'http://localhost:61800/session/0726e2f863175e7e0cf329d96533a320/element'
15:36:34.161 [Forwarding findElement on session 0726e2f863175e7e0cf329d96533a320 to remote] DEBUG org.asynchttpclient.netty.request.NettyRequestSender - Using open Channel [id: 0x0299e496, L:/127.0.0.1:57603 - R:localhost/127.0.0.1:61800] for POST '/session/0726e2f863175e7e0cf329d96533a320/element'
15:36:34.179 [AsyncHttpClient-1-2] DEBUG org.asynchttpclient.netty.handler.HttpHandler - 

Request DefaultHttpRequest(decodeResult: success, version: HTTP/1.1)
POST /session/0726e2f863175e7e0cf329d96533a320/element HTTP/1.1
User-Agent: selenium/4.1.2 (java windows)
Content-Length: 81
Content-Type: application/json; charset=utf-8
host: localhost:61800
accept: */*

Response DefaultHttpResponse(decodeResult: success, version: HTTP/1.1)
HTTP/1.1 200 OK
Content-Type: application/json; charset=utf-8
cache-control: no-cache
content-length: 88

15:36:34.179 [AsyncHttpClient-1-2] DEBUG org.asynchttpclient.netty.channel.ChannelManager - Adding key: http://localhost:61800 for channel [id: 0x0299e496, L:/127.0.0.1:57603 - R:localhost/127.0.0.1:61800]
15:36:34.182 [Forwarding getElementTagName on session 0726e2f863175e7e0cf329d96533a320 to remote] DEBUG org.asynchttpclient.netty.request.NettyRequestSender - Using pooled Channel '[id: 0x0299e496, L:/127.0.0.1:57603 - R:localhost/127.0.0.1:61800]' for 'GET' to 'http://localhost:61800/session/0726e2f863175e7e0cf329d96533a320/element/02a7e529-4542-46e8-9b0c-d90a502135b0/name'
15:36:34.182 [Forwarding getElementTagName on session 0726e2f863175e7e0cf329d96533a320 to remote] DEBUG org.asynchttpclient.netty.request.NettyRequestSender - Using open Channel [id: 0x0299e496, L:/127.0.0.1:57603 - R:localhost/127.0.0.1:61800] for GET '/session/0726e2f863175e7e0cf329d96533a320/element/02a7e529-4542-46e8-9b0c-d90a502135b0/name'
15:36:34.187 [AsyncHttpClient-1-2] DEBUG org.asynchttpclient.netty.handler.HttpHandler - 

Request DefaultFullHttpRequest(decodeResult: success, version: HTTP/1.1, content: EmptyByteBufBE)
GET /session/0726e2f863175e7e0cf329d96533a320/element/02a7e529-4542-46e8-9b0c-d90a502135b0/name HTTP/1.1
User-Agent: selenium/4.1.2 (java windows)
Cache-Control: no-cache
Content-Type: application/json; charset=utf-8
host: localhost:61800
accept: */*

Response DefaultHttpResponse(decodeResult: success, version: HTTP/1.1)
HTTP/1.1 200 OK
Content-Type: application/json; charset=utf-8
cache-control: no-cache
content-length: 16

15:36:34.188 [AsyncHttpClient-1-2] DEBUG org.asynchttpclient.netty.channel.ChannelManager - Adding key: http://localhost:61800 for channel [id: 0x0299e496, L:/127.0.0.1:57603 - R:localhost/127.0.0.1:61800]
15:36:34.191 [Forwarding getElementTagName on session 0726e2f863175e7e0cf329d96533a320 to remote] DEBUG org.asynchttpclient.netty.request.NettyRequestSender - Using pooled Channel '[id: 0x0299e496, L:/127.0.0.1:57603 - R:localhost/127.0.0.1:61800]' for 'GET' to 'http://localhost:61800/session/0726e2f863175e7e0cf329d96533a320/element/02a7e529-4542-46e8-9b0c-d90a502135b0/name'
15:36:34.191 [Forwarding getElementTagName on session 0726e2f863175e7e0cf329d96533a320 to remote] DEBUG org.asynchttpclient.netty.request.NettyRequestSender - Using open Channel [id: 0x0299e496, L:/127.0.0.1:57603 - R:localhost/127.0.0.1:61800] for GET '/session/0726e2f863175e7e0cf329d96533a320/element/02a7e529-4542-46e8-9b0c-d90a502135b0/name'
15:36:34.198 [AsyncHttpClient-1-2] DEBUG org.asynchttpclient.netty.handler.HttpHandler - 

Request DefaultFullHttpRequest(decodeResult: success, version: HTTP/1.1, content: EmptyByteBufBE)
GET /session/0726e2f863175e7e0cf329d96533a320/element/02a7e529-4542-46e8-9b0c-d90a502135b0/name HTTP/1.1
User-Agent: selenium/4.1.2 (java windows)
Cache-Control: no-cache
Content-Type: application/json; charset=utf-8
host: localhost:61800
accept: */*

Response DefaultHttpResponse(decodeResult: success, version: HTTP/1.1)
HTTP/1.1 200 OK
Content-Type: application/json; charset=utf-8
cache-control: no-cache
content-length: 16

15:36:34.198 [AsyncHttpClient-1-2] DEBUG org.asynchttpclient.netty.channel.ChannelManager - Adding key: http://localhost:61800 for channel [id: 0x0299e496, L:/127.0.0.1:57603 - R:localhost/127.0.0.1:61800]
15:36:34.203 [Forwarding findElement on session 0726e2f863175e7e0cf329d96533a320 to remote] DEBUG org.asynchttpclient.netty.request.NettyRequestSender - Using pooled Channel '[id: 0x0299e496, L:/127.0.0.1:57603 - R:localhost/127.0.0.1:61800]' for 'POST' to 'http://localhost:61800/session/0726e2f863175e7e0cf329d96533a320/element'
15:36:34.203 [Forwarding findElement on session 0726e2f863175e7e0cf329d96533a320 to remote] DEBUG org.asynchttpclient.netty.request.NettyRequestSender - Using open Channel [id: 0x0299e496, L:/127.0.0.1:57603 - R:localhost/127.0.0.1:61800] for POST '/session/0726e2f863175e7e0cf329d96533a320/element'
15:36:34.212 [AsyncHttpClient-1-2] DEBUG org.asynchttpclient.netty.handler.HttpHandler - 

Request DefaultHttpRequest(decodeResult: success, version: HTTP/1.1)
POST /session/0726e2f863175e7e0cf329d96533a320/element HTTP/1.1
User-Agent: selenium/4.1.2 (java windows)
Content-Length: 81
Content-Type: application/json; charset=utf-8
host: localhost:61800
accept: */*

Response DefaultHttpResponse(decodeResult: success, version: HTTP/1.1)
HTTP/1.1 200 OK
Content-Type: application/json; charset=utf-8
cache-control: no-cache
content-length: 88

15:36:34.212 [AsyncHttpClient-1-2] DEBUG org.asynchttpclient.netty.channel.ChannelManager - Adding key: http://localhost:61800 for channel [id: 0x0299e496, L:/127.0.0.1:57603 - R:localhost/127.0.0.1:61800]
15:36:34.214 [Forwarding clickElement on session 0726e2f863175e7e0cf329d96533a320 to remote] DEBUG org.asynchttpclient.netty.request.NettyRequestSender - Using pooled Channel '[id: 0x0299e496, L:/127.0.0.1:57603 - R:localhost/127.0.0.1:61800]' for 'POST' to 'http://localhost:61800/session/0726e2f863175e7e0cf329d96533a320/element/02a7e529-4542-46e8-9b0c-d90a502135b0/click'
15:36:34.214 [Forwarding clickElement on session 0726e2f863175e7e0cf329d96533a320 to remote] DEBUG org.asynchttpclient.netty.request.NettyRequestSender - Using open Channel [id: 0x0299e496, L:/127.0.0.1:57603 - R:localhost/127.0.0.1:61800] for POST '/session/0726e2f863175e7e0cf329d96533a320/element/02a7e529-4542-46e8-9b0c-d90a502135b0/click'
15:36:34.673 [AsyncHttpClient-1-2] DEBUG org.asynchttpclient.netty.handler.HttpHandler - 

Request DefaultHttpRequest(decodeResult: success, version: HTTP/1.1)
POST /session/0726e2f863175e7e0cf329d96533a320/element/02a7e529-4542-46e8-9b0c-d90a502135b0/click HTTP/1.1
User-Agent: selenium/4.1.2 (java windows)
Content-Length: 50
Content-Type: application/json; charset=utf-8
host: localhost:61800
accept: */*

Response DefaultHttpResponse(decodeResult: success, version: HTTP/1.1)
HTTP/1.1 200 OK
Content-Type: application/json; charset=utf-8
cache-control: no-cache
content-length: 14

15:36:34.673 [AsyncHttpClient-1-2] DEBUG org.asynchttpclient.netty.channel.ChannelManager - Adding key: http://localhost:61800 for channel [id: 0x0299e496, L:/127.0.0.1:57603 - R:localhost/127.0.0.1:61800]
  &amp#27;[32mThen &amp#27;[0m&amp#27;[32mI click baby on the header&amp#27;[0m &amp#27;[90m# starter.stepdefinitions.BabyStep.iClickBabyOnTheHeader()&amp#27;[0m
15:36:34.690 [Forwarding screenshot on session 0726e2f863175e7e0cf329d96533a320 to remote] DEBUG org.asynchttpclient.netty.request.NettyRequestSender - Using pooled Channel '[id: 0x0299e496, L:/127.0.0.1:57603 - R:localhost/127.0.0.1:61800]' for 'GET' to 'http://localhost:61800/session/0726e2f863175e7e0cf329d96533a320/screenshot'
15:36:34.690 [Forwarding screenshot on session 0726e2f863175e7e0cf329d96533a320 to remote] DEBUG org.asynchttpclient.netty.request.NettyRequestSender - Using open Channel [id: 0x0299e496, L:/127.0.0.1:57603 - R:localhost/127.0.0.1:61800] for GET '/session/0726e2f863175e7e0cf329d96533a320/screenshot'
15:36:34.916 [AsyncHttpClient-1-1] DEBUG org.asynchttpclient.netty.channel.DefaultChannelPool - Entry count for : http://localhost:57606 : 1
15:36:35.609 [AsyncHttpClient-1-2] DEBUG org.asynchttpclient.netty.handler.HttpHandler - 

Request DefaultFullHttpRequest(decodeResult: success, version: HTTP/1.1, content: EmptyByteBufBE)
GET /session/0726e2f863175e7e0cf329d96533a320/screenshot HTTP/1.1
User-Agent: selenium/4.1.2 (java windows)
Cache-Control: no-cache
Content-Type: application/json; charset=utf-8
host: localhost:61800
accept: */*

Response DefaultHttpResponse(decodeResult: success, version: HTTP/1.1)
HTTP/1.1 200 OK
Content-Type: application/json; charset=utf-8
cache-control: no-cache
content-length: 118928

15:36:35.610 [AsyncHttpClient-1-2] DEBUG org.asynchttpclient.netty.channel.ChannelManager - Adding key: http://localhost:61800 for channel [id: 0x0299e496, L:/127.0.0.1:57603 - R:localhost/127.0.0.1:61800]
15:36:35.617 [main] DEBUG net.serenitybdd.core.photography.Darkroom - Send negative for processing for target\site\serenity\d21d60ba8c736db7b23036f8c9f853b1ee5ade3706640ac4710b5025e8587e9f.png
15:36:35.617 [Darkroom Processing Line] DEBUG net.serenitybdd.core.photography.DarkroomProcessingLine - Processing screenshot image in /var/screenshots/screenshot-123007346270736416
15:36:35.617 [Darkroom Processing Line] DEBUG net.serenitybdd.core.photography.DarkroomProcessingLine - Saving screenshot to target\site\serenity\d21d60ba8c736db7b23036f8c9f853b1ee5ade3706640ac4710b5025e8587e9f.png
15:36:35.629 [Forwarding findElement on session 0726e2f863175e7e0cf329d96533a320 to remote] DEBUG org.asynchttpclient.netty.request.NettyRequestSender - Using pooled Channel '[id: 0x0299e496, L:/127.0.0.1:57603 - R:localhost/127.0.0.1:61800]' for 'POST' to 'http://localhost:61800/session/0726e2f863175e7e0cf329d96533a320/element'
15:36:35.629 [Forwarding findElement on session 0726e2f863175e7e0cf329d96533a320 to remote] DEBUG org.asynchttpclient.netty.request.NettyRequestSender - Using open Channel [id: 0x0299e496, L:/127.0.0.1:57603 - R:localhost/127.0.0.1:61800] for POST '/session/0726e2f863175e7e0cf329d96533a320/element'
15:36:35.656 [AsyncHttpClient-1-2] DEBUG org.asynchttpclient.netty.handler.HttpHandler - 

Request DefaultHttpRequest(decodeResult: success, version: HTTP/1.1)
POST /session/0726e2f863175e7e0cf329d96533a320/element HTTP/1.1
User-Agent: selenium/4.1.2 (java windows)
Content-Length: 81
Content-Type: application/json; charset=utf-8
host: localhost:61800
accept: */*

Response DefaultHttpResponse(decodeResult: success, version: HTTP/1.1)
HTTP/1.1 200 OK
Content-Type: application/json; charset=utf-8
cache-control: no-cache
content-length: 88

15:36:35.657 [AsyncHttpClient-1-2] DEBUG org.asynchttpclient.netty.channel.ChannelManager - Adding key: http://localhost:61800 for channel [id: 0x0299e496, L:/127.0.0.1:57603 - R:localhost/127.0.0.1:61800]
15:36:35.667 [Forwarding isElementDisplayed on session 0726e2f863175e7e0cf329d96533a320 to remote] DEBUG org.asynchttpclient.netty.request.NettyRequestSender - Using pooled Channel '[id: 0x0299e496, L:/127.0.0.1:57603 - R:localhost/127.0.0.1:61800]' for 'POST' to 'http://localhost:61800/session/0726e2f863175e7e0cf329d96533a320/execute/sync'
15:36:35.667 [Forwarding isElementDisplayed on session 0726e2f863175e7e0cf329d96533a320 to remote] DEBUG org.asynchttpclient.netty.request.NettyRequestSender - Using open Channel [id: 0x0299e496, L:/127.0.0.1:57603 - R:localhost/127.0.0.1:61800] for POST '/session/0726e2f863175e7e0cf329d96533a320/execute/sync'
15:36:35.681 [AsyncHttpClient-1-2] DEBUG org.asynchttpclient.netty.handler.HttpHandler - 

Request DefaultHttpRequest(decodeResult: success, version: HTTP/1.1)
POST /session/0726e2f863175e7e0cf329d96533a320/execute/sync HTTP/1.1
User-Agent: selenium/4.1.2 (java windows)
Content-Length: 48780
Content-Type: application/json; charset=utf-8
host: localhost:61800
accept: */*

Response DefaultHttpResponse(decodeResult: success, version: HTTP/1.1)
HTTP/1.1 200 OK
Content-Type: application/json; charset=utf-8
cache-control: no-cache
content-length: 14

15:36:35.681 [AsyncHttpClient-1-2] DEBUG org.asynchttpclient.netty.channel.ChannelManager - Adding key: http://localhost:61800 for channel [id: 0x0299e496, L:/127.0.0.1:57603 - R:localhost/127.0.0.1:61800]
  &amp#27;[32mWhen &amp#27;[0m&amp#27;[32mI will go to &amp#27;[0m&amp#27;[32m&amp#27;[1m"babyPage"&amp#27;[0m    &amp#27;[90m# starter.stepdefinitions.BabyStep.iWillGoTo(java.lang.String)&amp#27;[0m
15:36:35.690 [Forwarding screenshot on session 0726e2f863175e7e0cf329d96533a320 to remote] DEBUG org.asynchttpclient.netty.request.NettyRequestSender - Using pooled Channel '[id: 0x0299e496, L:/127.0.0.1:57603 - R:localhost/127.0.0.1:61800]' for 'GET' to 'http://localhost:61800/session/0726e2f863175e7e0cf329d96533a320/screenshot'
15:36:35.690 [Forwarding screenshot on session 0726e2f863175e7e0cf329d96533a320 to remote] DEBUG org.asynchttpclient.netty.request.NettyRequestSender - Using open Channel [id: 0x0299e496, L:/127.0.0.1:57603 - R:localhost/127.0.0.1:61800] for GET '/session/0726e2f863175e7e0cf329d96533a320/screenshot'
15:36:35.796 [AsyncHttpClient-1-2] DEBUG org.asynchttpclient.netty.handler.HttpHandler - 

Request DefaultFullHttpRequest(decodeResult: success, version: HTTP/1.1, content: EmptyByteBufBE)
GET /session/0726e2f863175e7e0cf329d96533a320/screenshot HTTP/1.1
User-Agent: selenium/4.1.2 (java windows)
Cache-Control: no-cache
Content-Type: application/json; charset=utf-8
host: localhost:61800
accept: */*

Response DefaultHttpResponse(decodeResult: success, version: HTTP/1.1)
HTTP/1.1 200 OK
Content-Type: application/json; charset=utf-8
cache-control: no-cache
content-length: 137776

15:36:35.796 [AsyncHttpClient-1-2] DEBUG org.asynchttpclient.netty.channel.ChannelManager - Adding key: http://localhost:61800 for channel [id: 0x0299e496, L:/127.0.0.1:57603 - R:localhost/127.0.0.1:61800]
15:36:35.805 [main] DEBUG net.serenitybdd.core.photography.Darkroom - Send negative for processing for target\site\serenity\66be97047e6167e11dbe91b68e4a22e675d657e3f92a8c80afba8fee62bd5186.png
15:36:35.806 [Darkroom Processing Line] DEBUG net.serenitybdd.core.photography.DarkroomProcessingLine - Processing screenshot image in /var/screenshots/screenshot-5217975209545627738
15:36:35.806 [Darkroom Processing Line] DEBUG net.serenitybdd.core.photography.DarkroomProcessingLine - Saving screenshot to target\site\serenity\66be97047e6167e11dbe91b68e4a22e675d657e3f92a8c80afba8fee62bd5186.png
15:36:35.813 [Forwarding findElement on session 0726e2f863175e7e0cf329d96533a320 to remote] DEBUG org.asynchttpclient.netty.request.NettyRequestSender - Using pooled Channel '[id: 0x0299e496, L:/127.0.0.1:57603 - R:localhost/127.0.0.1:61800]' for 'POST' to 'http://localhost:61800/session/0726e2f863175e7e0cf329d96533a320/element'
15:36:35.814 [Forwarding findElement on session 0726e2f863175e7e0cf329d96533a320 to remote] DEBUG org.asynchttpclient.netty.request.NettyRequestSender - Using open Channel [id: 0x0299e496, L:/127.0.0.1:57603 - R:localhost/127.0.0.1:61800] for POST '/session/0726e2f863175e7e0cf329d96533a320/element'
15:36:35.822 [AsyncHttpClient-1-2] DEBUG org.asynchttpclient.netty.handler.HttpHandler - 

Request DefaultHttpRequest(decodeResult: success, version: HTTP/1.1)
POST /session/0726e2f863175e7e0cf329d96533a320/element HTTP/1.1
User-Agent: selenium/4.1.2 (java windows)
Content-Length: 81
Content-Type: application/json; charset=utf-8
host: localhost:61800
accept: */*

Response DefaultHttpResponse(decodeResult: success, version: HTTP/1.1)
HTTP/1.1 200 OK
Content-Type: application/json; charset=utf-8
cache-control: no-cache
content-length: 88

15:36:35.822 [AsyncHttpClient-1-2] DEBUG org.asynchttpclient.netty.channel.ChannelManager - Adding key: http://localhost:61800 for channel [id: 0x0299e496, L:/127.0.0.1:57603 - R:localhost/127.0.0.1:61800]
15:36:35.828 [Forwarding isElementDisplayed on session 0726e2f863175e7e0cf329d96533a320 to remote] DEBUG org.asynchttpclient.netty.request.NettyRequestSender - Using pooled Channel '[id: 0x0299e496, L:/127.0.0.1:57603 - R:localhost/127.0.0.1:61800]' for 'POST' to 'http://localhost:61800/session/0726e2f863175e7e0cf329d96533a320/execute/sync'
15:36:35.829 [Forwarding isElementDisplayed on session 0726e2f863175e7e0cf329d96533a320 to remote] DEBUG org.asynchttpclient.netty.request.NettyRequestSender - Using open Channel [id: 0x0299e496, L:/127.0.0.1:57603 - R:localhost/127.0.0.1:61800] for POST '/session/0726e2f863175e7e0cf329d96533a320/execute/sync'
15:36:35.841 [AsyncHttpClient-1-2] DEBUG org.asynchttpclient.netty.handler.HttpHandler - 

Request DefaultHttpRequest(decodeResult: success, version: HTTP/1.1)
POST /session/0726e2f863175e7e0cf329d96533a320/execute/sync HTTP/1.1
User-Agent: selenium/4.1.2 (java windows)
Content-Length: 48780
Content-Type: application/json; charset=utf-8
host: localhost:61800
accept: */*

Response DefaultHttpResponse(decodeResult: success, version: HTTP/1.1)
HTTP/1.1 200 OK
Content-Type: application/json; charset=utf-8
cache-control: no-cache
content-length: 14

15:36:35.841 [AsyncHttpClient-1-2] DEBUG org.asynchttpclient.netty.channel.ChannelManager - Adding key: http://localhost:61800 for channel [id: 0x0299e496, L:/127.0.0.1:57603 - R:localhost/127.0.0.1:61800]
  &amp#27;[32mAnd &amp#27;[0m&amp#27;[32mI &amp#27;[0m&amp#27;[32m&amp#27;[1m"bayi"&amp#27;[0m&amp#27;[32m page&amp#27;[0m               &amp#27;[90m# starter.stepdefinitions.BabyStep.iPage(java.lang.String)&amp#27;[0m
15:36:35.954 [Driver Command Executor] DEBUG org.asynchttpclient.netty.request.NettyRequestSender - Using pooled Channel '[id: 0x0299e496, L:/127.0.0.1:57603 - R:localhost/127.0.0.1:61800]' for 'DELETE' to 'http://localhost:61800/session/0726e2f863175e7e0cf329d96533a320'
15:36:35.954 [Driver Command Executor] DEBUG org.asynchttpclient.netty.request.NettyRequestSender - Using open Channel [id: 0x0299e496, L:/127.0.0.1:57603 - R:localhost/127.0.0.1:61800] for DELETE '/session/0726e2f863175e7e0cf329d96533a320'
15:36:35.955 [AsyncHttpClient-1-4] DEBUG org.asynchttpclient.netty.handler.WebSocketHandler - Channel Closed: [id: 0x30bcf04c, L:/127.0.0.1:57616 ! R:localhost/127.0.0.1:57606] with attribute NettyResponseFuture{currentRetry=5,
	isDone=1,
	isCancelled=0,
	asyncHandler=org.asynchttpclient.ws.WebSocketUpgradeHandler@27d7f36,
	nettyRequest=org.asynchttpclient.netty.request.NettyRequest@a3797a2,
	future=java.util.concurrent.CompletableFuture@c2fd826[Completed normally],
	uri=ws://localhost:57606/devtools/browser/d6a00240-b19b-40e4-a922-e197996eadbf,
	keepAlive=true,
	redirectCount=0,
	timeoutsHolder=null,
	inAuth=0,
	touch=1680683786763}
15:36:35.956 [AsyncHttpClient-1-4] DEBUG org.asynchttpclient.netty.channel.ChannelManager - Closing Channel [id: 0x30bcf04c, L:/127.0.0.1:57616 ! R:localhost/127.0.0.1:57606] 
15:36:35.991 [AsyncHttpClient-1-3] DEBUG org.asynchttpclient.netty.handler.HttpHandler - Unexpected I/O exception on channel [id: 0xbd46e331, L:/127.0.0.1:57615 - R:localhost/127.0.0.1:57606]
java.net.SocketException: Connection reset
	at java.base/sun.nio.ch.SocketChannelImpl.throwConnectionReset(SocketChannelImpl.java:345)
	at java.base/sun.nio.ch.SocketChannelImpl.read(SocketChannelImpl.java:376)
	at io.netty.buffer.PooledByteBuf.setBytes(PooledByteBuf.java:258)
	at io.netty.buffer.AbstractByteBuf.writeBytes(AbstractByteBuf.java:1132)
	at io.netty.channel.socket.nio.NioSocketChannel.doReadBytes(NioSocketChannel.java:350)
	at io.netty.channel.nio.AbstractNioByteChannel$NioByteUnsafe.read(AbstractNioByteChannel.java:151)
	at io.netty.channel.nio.NioEventLoop.processSelectedKey(NioEventLoop.java:722)
	at io.netty.channel.nio.NioEventLoop.processSelectedKeysOptimized(NioEventLoop.java:658)
	at io.netty.channel.nio.NioEventLoop.processSelectedKeys(NioEventLoop.java:584)
	at io.netty.channel.nio.NioEventLoop.run(NioEventLoop.java:496)
	at io.netty.util.concurrent.SingleThreadEventExecutor$4.run(SingleThreadEventExecutor.java:986)
	at io.netty.util.internal.ThreadExecutorMap$2.run(ThreadExecutorMap.java:74)
	at io.netty.util.concurrent.FastThreadLocalRunnable.run(FastThreadLocalRunnable.java:30)
	at java.base/java.lang.Thread.run(Thread.java:830)
15:36:35.991 [AsyncHttpClient-1-3] DEBUG org.asynchttpclient.netty.channel.ChannelManager - Closing Channel [id: 0xbd46e331, L:/127.0.0.1:57615 - R:localhost/127.0.0.1:57606] 
15:36:35.993 [AsyncHttpClient-1-3] DEBUG org.asynchttpclient.netty.handler.HttpHandler - Channel Closed: [id: 0xbd46e331, L:/127.0.0.1:57615 ! R:localhost/127.0.0.1:57606] with attribute DISCARD
15:36:36.015 [AsyncHttpClient-1-1] DEBUG org.asynchttpclient.netty.channel.DefaultChannelPool - Entry count for : http://localhost:57606 : 1
15:36:36.015 [AsyncHttpClient-1-1] DEBUG org.asynchttpclient.netty.channel.DefaultChannelPool - Adding Candidate expired Channel [id: 0xbd46e331, L:/127.0.0.1:57615 ! R:localhost/127.0.0.1:57606] isIdleTimeoutExpired=false isRemotelyClosed=true isTtlExpired=false
15:36:36.015 [AsyncHttpClient-1-1] DEBUG org.asynchttpclient.netty.channel.DefaultChannelPool - Closing Idle Channel [id: 0xbd46e331, L:/127.0.0.1:57615 ! R:localhost/127.0.0.1:57606]
15:36:36.016 [AsyncHttpClient-1-1] DEBUG org.asynchttpclient.netty.channel.DefaultChannelPool - Closed 1 connections out of 1 in 1 ms
15:36:36.032 [AsyncHttpClient-1-2] DEBUG org.asynchttpclient.netty.handler.HttpHandler - 

Request DefaultFullHttpRequest(decodeResult: success, version: HTTP/1.1, content: EmptyByteBufBE)
DELETE /session/0726e2f863175e7e0cf329d96533a320 HTTP/1.1
User-Agent: selenium/4.1.2 (java windows)
Content-Type: application/json; charset=utf-8
host: localhost:61800
accept: */*

Response DefaultHttpResponse(decodeResult: success, version: HTTP/1.1)
HTTP/1.1 200 OK
Content-Type: application/json; charset=utf-8
cache-control: no-cache
content-length: 14

15:36:36.033 [AsyncHttpClient-1-2] DEBUG org.asynchttpclient.netty.channel.ChannelManager - Adding key: http://localhost:61800 for channel [id: 0x0299e496, L:/127.0.0.1:57603 - R:localhost/127.0.0.1:61800]
15:36:36.198 [AsyncHttpClient-1-2] DEBUG org.asynchttpclient.netty.handler.HttpHandler - Channel Closed: [id: 0x0299e496, L:/127.0.0.1:57603 ! R:localhost/127.0.0.1:61800] with attribute DISCARD
15:36:36.781 [main] INFO  - 
  _____   ___   ___   _____     ___     _     ___   ___   ___   ___  
 |_   _| | __| / __| |_   _|   | _ \   /_\   / __| / __| | __| |   \ 
   | |   | _|  \__ \   | |     |  _/  / _ \  \__ \ \__ \ | _|  | |) |
   |_|   |___| |___/   |_|     |_|   /_/ \_\ |___/ |___/ |___| |___/ 

Fitur Menu Baby
----------------------------------------------------------------------
]]></system-out>
    <system-err><![CDATA[Starting Microsoft Edge WebDriver 111.0.1661.62 (0a8f453929e6410c973aa529a40485ce4e3e03db) on port 61800
To submit feedback, report a bug, or suggest new features, please visit https://github.com/MicrosoftEdge/EdgeWebDriver

Only local connections are allowed.
Please see https://aka.ms/WebDriverSecurity for suggestions on keeping Microsoft Edge WebDriver safe.

Microsoft Edge WebDriver was started successfully.
Apr 05, 2023 3:36:26 PM org.openqa.selenium.remote.ProtocolHandshake createSession
INFO: Detected dialect: W3C
Apr 05, 2023 3:36:26 PM org.openqa.selenium.devtools.CdpVersionFinder findNearestMatch
WARNING: Unable to find an exact match for CDP version 111, so returning the closest version found: a no-op implementation
Apr 05, 2023 3:36:26 PM org.openqa.selenium.devtools.CdpVersionFinder findNearestMatch
INFO: Unable to find CDP implementation matching 111.
Apr 05, 2023 3:36:26 PM org.openqa.selenium.chromium.ChromiumDriver lambda$new$3
WARNING: Unable to find version of CDP to use for . You may need to include a dependency on a specific version of the CDP using something similar to `org.seleniumhq.selenium:selenium-devtools-v86:4.1.2` where the version ("v86") matches the version of the chromium-based browser you're using and the version number of the artifact is the same as Selenium's.
]]></system-err>
  </testcase>
  <testcase name="Fitur Menu Baby #2" classname="Baby" time="9.742">
    <system-out><![CDATA[
Scenario Outline: Fitur Menu Baby     &amp#27;[90m# src/test/resources/features/Baby.feature:94&amp#27;[0m
15:36:36.791 [main] INFO io.cucumber.core.plugin.SerenityReporter - Running feature from file:///C:/Users/alwi/IdeaProjects/uniqloweb/src/test/resources/features/Baby.feature
15:36:36.943 [main] DEBUG io.github.bonigarcia.wdm.cache.ResolutionCache - Resolution edge=111 in cache (valid until 16:17:30 05/04/2023 WIB)
15:36:36.947 [main] DEBUG io.github.bonigarcia.wdm.cache.ResolutionCache - Resolution edge111=111.0.1661.62 in cache (valid until 15:17:30 06/04/2023 WIB)
15:36:36.950 [main] INFO io.github.bonigarcia.wdm.WebDriverManager - Using msedgedriver 111.0.1661.62 (resolved driver for Edge 111)
15:36:36.964 [main] DEBUG io.github.bonigarcia.wdm.WebDriverManager - Driver msedgedriver 111.0.1661.62 found in cache
15:36:36.965 [main] INFO io.github.bonigarcia.wdm.WebDriverManager - Exporting webdriver.edge.driver as C:\Users\alwi\.cache\selenium\msedgedriver\win64\111.0.1661.62\msedgedriver.exe
15:36:36.968 [main] DEBUG net.serenitybdd.core.webdriver.driverproviders.ProvideNewDriver - Instantiating driver
15:36:36.968 [main] DEBUG net.serenitybdd.core.webdriver.driverproviders.ProvideNewDriver - Driver capabilities: Capabilities {base.url: https://www.uniqlo.com, chrome.driver: src/test/resources/webdrive..., driver: edge, ms:edgeChromium: true, ms:edgeOptions: {}, wait.for.timeout: 6000}
15:36:37.116 [AsyncHttpClient-1-1] DEBUG org.asynchttpclient.netty.channel.DefaultChannelPool - Entry count for : http://localhost:61800 : 1
15:36:37.116 [AsyncHttpClient-1-1] DEBUG org.asynchttpclient.netty.channel.DefaultChannelPool - Adding Candidate expired Channel [id: 0x0299e496, L:/127.0.0.1:57603 ! R:localhost/127.0.0.1:61800] isIdleTimeoutExpired=false isRemotelyClosed=true isTtlExpired=false
15:36:37.116 [AsyncHttpClient-1-1] DEBUG org.asynchttpclient.netty.channel.DefaultChannelPool - Closing Idle Channel [id: 0x0299e496, L:/127.0.0.1:57603 ! R:localhost/127.0.0.1:61800]
15:36:37.116 [AsyncHttpClient-1-1] DEBUG org.asynchttpclient.netty.channel.DefaultChannelPool - Closed 1 connections out of 1 in 0 ms
15:36:37.510 [AsyncHttpClient-1-5] DEBUG org.asynchttpclient.netty.channel.NettyConnectListener - Using new Channel '[id: 0xc5f99abe, L:/127.0.0.1:57745 - R:localhost/127.0.0.1:52831]' for 'POST' to '/session'
15:36:38.125 [AsyncHttpClient-1-5] DEBUG org.asynchttpclient.netty.handler.HttpHandler - 

Request DefaultHttpRequest(decodeResult: success, version: HTTP/1.1)
POST /session HTTP/1.1
User-Agent: selenium/4.1.2 (java windows)
Content-Length: 627
Content-Type: application/json; charset=utf-8
host: localhost:52831
accept: */*

Response DefaultHttpResponse(decodeResult: success, version: HTTP/1.1)
HTTP/1.1 200 OK
Content-Type: application/json; charset=utf-8
cache-control: no-cache
content-length: 824

15:36:38.125 [AsyncHttpClient-1-5] DEBUG org.asynchttpclient.netty.channel.ChannelManager - Adding key: http://localhost:52831 for channel [id: 0xc5f99abe, L:/127.0.0.1:57745 - R:localhost/127.0.0.1:52831]
15:36:38.133 [AsyncHttpClient-1-6] DEBUG org.asynchttpclient.netty.channel.NettyConnectListener - Using new Channel '[id: 0x4d7d525b, L:/127.0.0.1:57756 - R:localhost/127.0.0.1:57748]' for 'GET' to '/json/version'
15:36:38.137 [AsyncHttpClient-1-6] DEBUG org.asynchttpclient.netty.handler.HttpHandler - 

Request DefaultFullHttpRequest(decodeResult: success, version: HTTP/1.1, content: EmptyByteBufBE)
GET /json/version HTTP/1.1
User-Agent: selenium/4.1.2 (java windows)
host: localhost:57748
accept: */*

Response DefaultHttpResponse(decodeResult: success, version: HTTP/1.1)
HTTP/1.1 200 OK
Content-Security-Policy: frame-ancestors 'none'
Content-Type: application/json; charset=UTF-8
content-length: 436

15:36:38.138 [AsyncHttpClient-1-6] DEBUG org.asynchttpclient.netty.channel.ChannelManager - Adding key: http://localhost:57748 for channel [id: 0x4d7d525b, L:/127.0.0.1:57756 - R:localhost/127.0.0.1:57748]
15:36:38.141 [AsyncHttpClient-1-7] DEBUG org.asynchttpclient.netty.channel.NettyConnectListener - Using new Channel '[id: 0x96c6f89c, L:/127.0.0.1:57757 - R:localhost/127.0.0.1:57748]' for 'GET' to '/devtools/browser/388768c9-09a2-45b3-86a4-b4af311b147a'
15:36:38.145 [AsyncHttpClient-1-7] DEBUG org.asynchttpclient.netty.handler.WebSocketHandler - 

Request DefaultFullHttpRequest(decodeResult: success, version: HTTP/1.1, content: EmptyByteBufBE)
GET /devtools/browser/388768c9-09a2-45b3-86a4-b4af311b147a HTTP/1.1
upgrade: websocket
connection: upgrade
sec-websocket-key: rb7eyI94fR3gUIHGj8umAw==
sec-websocket-version: 13
origin: http://localhost:57748
host: localhost:57748
accept: */*
user-agent: AHC/2.1

Response DefaultHttpResponse(decodeResult: success, version: HTTP/1.1)
HTTP/1.1 101 WebSocket Protocol Handshake
Upgrade: WebSocket
Connection: Upgrade
Sec-WebSocket-Accept: Qut8bOAP8H1Mm1ZtJasqy715br0=

15:36:38.150 [Forwarding get on session 87cab5756bb0dfc5ba103b2f1b2c951a to remote] DEBUG org.asynchttpclient.netty.request.NettyRequestSender - Using pooled Channel '[id: 0xc5f99abe, L:/127.0.0.1:57745 - R:localhost/127.0.0.1:52831]' for 'POST' to 'http://localhost:52831/session/87cab5756bb0dfc5ba103b2f1b2c951a/url'
15:36:38.150 [Forwarding get on session 87cab5756bb0dfc5ba103b2f1b2c951a to remote] DEBUG org.asynchttpclient.netty.request.NettyRequestSender - Using open Channel [id: 0xc5f99abe, L:/127.0.0.1:57745 - R:localhost/127.0.0.1:52831] for POST '/session/87cab5756bb0dfc5ba103b2f1b2c951a/url'
15:36:38.220 [AsyncHttpClient-1-1] DEBUG org.asynchttpclient.netty.channel.DefaultChannelPool - Entry count for : http://localhost:57748 : 1
15:36:39.325 [AsyncHttpClient-1-1] DEBUG org.asynchttpclient.netty.channel.DefaultChannelPool - Entry count for : http://localhost:57748 : 1
15:36:40.416 [AsyncHttpClient-1-1] DEBUG org.asynchttpclient.netty.channel.DefaultChannelPool - Entry count for : http://localhost:57748 : 1
15:36:41.516 [AsyncHttpClient-1-1] DEBUG org.asynchttpclient.netty.channel.DefaultChannelPool - Entry count for : http://localhost:57748 : 1
15:36:42.622 [AsyncHttpClient-1-1] DEBUG org.asynchttpclient.netty.channel.DefaultChannelPool - Entry count for : http://localhost:57748 : 1
15:36:43.289 [AsyncHttpClient-1-5] DEBUG org.asynchttpclient.netty.handler.HttpHandler - 

Request DefaultHttpRequest(decodeResult: success, version: HTTP/1.1)
POST /session/87cab5756bb0dfc5ba103b2f1b2c951a/url HTTP/1.1
User-Agent: selenium/4.1.2 (java windows)
Content-Length: 53
Content-Type: application/json; charset=utf-8
host: localhost:52831
accept: */*

Response DefaultHttpResponse(decodeResult: success, version: HTTP/1.1)
HTTP/1.1 200 OK
Content-Type: application/json; charset=utf-8
cache-control: no-cache
content-length: 14

15:36:43.290 [AsyncHttpClient-1-5] DEBUG org.asynchttpclient.netty.channel.ChannelManager - Adding key: http://localhost:52831 for channel [id: 0xc5f99abe, L:/127.0.0.1:57745 - R:localhost/127.0.0.1:52831]
15:36:43.293 [Forwarding setTimeout on session 87cab5756bb0dfc5ba103b2f1b2c951a to remote] DEBUG org.asynchttpclient.netty.request.NettyRequestSender - Using pooled Channel '[id: 0xc5f99abe, L:/127.0.0.1:57745 - R:localhost/127.0.0.1:52831]' for 'POST' to 'http://localhost:52831/session/87cab5756bb0dfc5ba103b2f1b2c951a/timeouts'
15:36:43.293 [Forwarding setTimeout on session 87cab5756bb0dfc5ba103b2f1b2c951a to remote] DEBUG org.asynchttpclient.netty.request.NettyRequestSender - Using open Channel [id: 0xc5f99abe, L:/127.0.0.1:57745 - R:localhost/127.0.0.1:52831] for POST '/session/87cab5756bb0dfc5ba103b2f1b2c951a/timeouts'
15:36:43.295 [AsyncHttpClient-1-5] DEBUG org.asynchttpclient.netty.handler.HttpHandler - 

Request DefaultHttpRequest(decodeResult: success, version: HTTP/1.1)
POST /session/87cab5756bb0dfc5ba103b2f1b2c951a/timeouts HTTP/1.1
User-Agent: selenium/4.1.2 (java windows)
Content-Length: 22
Content-Type: application/json; charset=utf-8
host: localhost:52831
accept: */*

Response DefaultHttpResponse(decodeResult: success, version: HTTP/1.1)
HTTP/1.1 200 OK
Content-Type: application/json; charset=utf-8
cache-control: no-cache
content-length: 14

15:36:43.296 [AsyncHttpClient-1-5] DEBUG org.asynchttpclient.netty.channel.ChannelManager - Adding key: http://localhost:52831 for channel [id: 0xc5f99abe, L:/127.0.0.1:57745 - R:localhost/127.0.0.1:52831]
15:36:43.299 [Forwarding getCurrentUrl on session 87cab5756bb0dfc5ba103b2f1b2c951a to remote] DEBUG org.asynchttpclient.netty.request.NettyRequestSender - Using pooled Channel '[id: 0xc5f99abe, L:/127.0.0.1:57745 - R:localhost/127.0.0.1:52831]' for 'GET' to 'http://localhost:52831/session/87cab5756bb0dfc5ba103b2f1b2c951a/url'
15:36:43.299 [Forwarding getCurrentUrl on session 87cab5756bb0dfc5ba103b2f1b2c951a to remote] DEBUG org.asynchttpclient.netty.request.NettyRequestSender - Using open Channel [id: 0xc5f99abe, L:/127.0.0.1:57745 - R:localhost/127.0.0.1:52831] for GET '/session/87cab5756bb0dfc5ba103b2f1b2c951a/url'
15:36:43.304 [AsyncHttpClient-1-5] DEBUG org.asynchttpclient.netty.handler.HttpHandler - 

Request DefaultFullHttpRequest(decodeResult: success, version: HTTP/1.1, content: EmptyByteBufBE)
GET /session/87cab5756bb0dfc5ba103b2f1b2c951a/url HTTP/1.1
User-Agent: selenium/4.1.2 (java windows)
Cache-Control: no-cache
Content-Type: application/json; charset=utf-8
host: localhost:52831
accept: */*

Response DefaultHttpResponse(decodeResult: success, version: HTTP/1.1)
HTTP/1.1 200 OK
Content-Type: application/json; charset=utf-8
cache-control: no-cache
content-length: 41

15:36:43.304 [AsyncHttpClient-1-5] DEBUG org.asynchttpclient.netty.channel.ChannelManager - Adding key: http://localhost:52831 for channel [id: 0xc5f99abe, L:/127.0.0.1:57745 - R:localhost/127.0.0.1:52831]
  &amp#27;[32mGiven &amp#27;[0m&amp#27;[32mI am on the home page&amp#27;[0m         &amp#27;[90m# starter.stepdefinitions.BabyStep.iAmOnTheHomePage()&amp#27;[0m
15:36:43.313 [Forwarding screenshot on session 87cab5756bb0dfc5ba103b2f1b2c951a to remote] DEBUG org.asynchttpclient.netty.request.NettyRequestSender - Using pooled Channel '[id: 0xc5f99abe, L:/127.0.0.1:57745 - R:localhost/127.0.0.1:52831]' for 'GET' to 'http://localhost:52831/session/87cab5756bb0dfc5ba103b2f1b2c951a/screenshot'
15:36:43.313 [Forwarding screenshot on session 87cab5756bb0dfc5ba103b2f1b2c951a to remote] DEBUG org.asynchttpclient.netty.request.NettyRequestSender - Using open Channel [id: 0xc5f99abe, L:/127.0.0.1:57745 - R:localhost/127.0.0.1:52831] for GET '/session/87cab5756bb0dfc5ba103b2f1b2c951a/screenshot'
15:36:43.684 [AsyncHttpClient-1-5] DEBUG org.asynchttpclient.netty.handler.HttpHandler - 

Request DefaultFullHttpRequest(decodeResult: success, version: HTTP/1.1, content: EmptyByteBufBE)
GET /session/87cab5756bb0dfc5ba103b2f1b2c951a/screenshot HTTP/1.1
User-Agent: selenium/4.1.2 (java windows)
Cache-Control: no-cache
Content-Type: application/json; charset=utf-8
host: localhost:52831
accept: */*

Response DefaultHttpResponse(decodeResult: success, version: HTTP/1.1)
HTTP/1.1 200 OK
Content-Type: application/json; charset=utf-8
cache-control: no-cache
content-length: 1119968

15:36:43.691 [AsyncHttpClient-1-5] DEBUG org.asynchttpclient.netty.channel.ChannelManager - Adding key: http://localhost:52831 for channel [id: 0xc5f99abe, L:/127.0.0.1:57745 - R:localhost/127.0.0.1:52831]
15:36:43.716 [AsyncHttpClient-1-1] DEBUG org.asynchttpclient.netty.channel.DefaultChannelPool - Entry count for : http://localhost:52831 : 1
15:36:43.716 [AsyncHttpClient-1-1] DEBUG org.asynchttpclient.netty.channel.DefaultChannelPool - Entry count for : http://localhost:57748 : 1
15:36:43.746 [main] DEBUG net.serenitybdd.core.photography.Darkroom - Send negative for processing for target\site\serenity\3d1b19ad31921c0beae4332facd941fcc81467ad5802877977ec6c100df601ce.png
15:36:43.756 [Forwarding findElement on session 87cab5756bb0dfc5ba103b2f1b2c951a to remote] DEBUG org.asynchttpclient.netty.request.NettyRequestSender - Using pooled Channel '[id: 0xc5f99abe, L:/127.0.0.1:57745 - R:localhost/127.0.0.1:52831]' for 'POST' to 'http://localhost:52831/session/87cab5756bb0dfc5ba103b2f1b2c951a/element'
15:36:43.756 [Forwarding findElement on session 87cab5756bb0dfc5ba103b2f1b2c951a to remote] DEBUG org.asynchttpclient.netty.request.NettyRequestSender - Using open Channel [id: 0xc5f99abe, L:/127.0.0.1:57745 - R:localhost/127.0.0.1:52831] for POST '/session/87cab5756bb0dfc5ba103b2f1b2c951a/element'
15:36:43.772 [AsyncHttpClient-1-5] DEBUG org.asynchttpclient.netty.handler.HttpHandler - 

Request DefaultHttpRequest(decodeResult: success, version: HTTP/1.1)
POST /session/87cab5756bb0dfc5ba103b2f1b2c951a/element HTTP/1.1
User-Agent: selenium/4.1.2 (java windows)
Content-Length: 81
Content-Type: application/json; charset=utf-8
host: localhost:52831
accept: */*

Response DefaultHttpResponse(decodeResult: success, version: HTTP/1.1)
HTTP/1.1 200 OK
Content-Type: application/json; charset=utf-8
cache-control: no-cache
content-length: 88

15:36:43.772 [AsyncHttpClient-1-5] DEBUG org.asynchttpclient.netty.channel.ChannelManager - Adding key: http://localhost:52831 for channel [id: 0xc5f99abe, L:/127.0.0.1:57745 - R:localhost/127.0.0.1:52831]
15:36:43.774 [Forwarding getElementTagName on session 87cab5756bb0dfc5ba103b2f1b2c951a to remote] DEBUG org.asynchttpclient.netty.request.NettyRequestSender - Using pooled Channel '[id: 0xc5f99abe, L:/127.0.0.1:57745 - R:localhost/127.0.0.1:52831]' for 'GET' to 'http://localhost:52831/session/87cab5756bb0dfc5ba103b2f1b2c951a/element/16ba0a8a-72e8-43e6-afd4-f0ec4900cfd3/name'
15:36:43.775 [Forwarding getElementTagName on session 87cab5756bb0dfc5ba103b2f1b2c951a to remote] DEBUG org.asynchttpclient.netty.request.NettyRequestSender - Using open Channel [id: 0xc5f99abe, L:/127.0.0.1:57745 - R:localhost/127.0.0.1:52831] for GET '/session/87cab5756bb0dfc5ba103b2f1b2c951a/element/16ba0a8a-72e8-43e6-afd4-f0ec4900cfd3/name'
15:36:43.778 [AsyncHttpClient-1-5] DEBUG org.asynchttpclient.netty.handler.HttpHandler - 

Request DefaultFullHttpRequest(decodeResult: success, version: HTTP/1.1, content: EmptyByteBufBE)
GET /session/87cab5756bb0dfc5ba103b2f1b2c951a/element/16ba0a8a-72e8-43e6-afd4-f0ec4900cfd3/name HTTP/1.1
User-Agent: selenium/4.1.2 (java windows)
Cache-Control: no-cache
Content-Type: application/json; charset=utf-8
host: localhost:52831
accept: */*

Response DefaultHttpResponse(decodeResult: success, version: HTTP/1.1)
HTTP/1.1 200 OK
Content-Type: application/json; charset=utf-8
cache-control: no-cache
content-length: 16

15:36:43.779 [AsyncHttpClient-1-5] DEBUG org.asynchttpclient.netty.channel.ChannelManager - Adding key: http://localhost:52831 for channel [id: 0xc5f99abe, L:/127.0.0.1:57745 - R:localhost/127.0.0.1:52831]
15:36:43.781 [Forwarding getElementTagName on session 87cab5756bb0dfc5ba103b2f1b2c951a to remote] DEBUG org.asynchttpclient.netty.request.NettyRequestSender - Using pooled Channel '[id: 0xc5f99abe, L:/127.0.0.1:57745 - R:localhost/127.0.0.1:52831]' for 'GET' to 'http://localhost:52831/session/87cab5756bb0dfc5ba103b2f1b2c951a/element/16ba0a8a-72e8-43e6-afd4-f0ec4900cfd3/name'
15:36:43.781 [Forwarding getElementTagName on session 87cab5756bb0dfc5ba103b2f1b2c951a to remote] DEBUG org.asynchttpclient.netty.request.NettyRequestSender - Using open Channel [id: 0xc5f99abe, L:/127.0.0.1:57745 - R:localhost/127.0.0.1:52831] for GET '/session/87cab5756bb0dfc5ba103b2f1b2c951a/element/16ba0a8a-72e8-43e6-afd4-f0ec4900cfd3/name'
15:36:43.784 [AsyncHttpClient-1-5] DEBUG org.asynchttpclient.netty.handler.HttpHandler - 

Request DefaultFullHttpRequest(decodeResult: success, version: HTTP/1.1, content: EmptyByteBufBE)
GET /session/87cab5756bb0dfc5ba103b2f1b2c951a/element/16ba0a8a-72e8-43e6-afd4-f0ec4900cfd3/name HTTP/1.1
User-Agent: selenium/4.1.2 (java windows)
Cache-Control: no-cache
Content-Type: application/json; charset=utf-8
host: localhost:52831
accept: */*

Response DefaultHttpResponse(decodeResult: success, version: HTTP/1.1)
HTTP/1.1 200 OK
Content-Type: application/json; charset=utf-8
cache-control: no-cache
content-length: 16

15:36:43.784 [AsyncHttpClient-1-5] DEBUG org.asynchttpclient.netty.channel.ChannelManager - Adding key: http://localhost:52831 for channel [id: 0xc5f99abe, L:/127.0.0.1:57745 - R:localhost/127.0.0.1:52831]
15:36:43.786 [Forwarding findElement on session 87cab5756bb0dfc5ba103b2f1b2c951a to remote] DEBUG org.asynchttpclient.netty.request.NettyRequestSender - Using pooled Channel '[id: 0xc5f99abe, L:/127.0.0.1:57745 - R:localhost/127.0.0.1:52831]' for 'POST' to 'http://localhost:52831/session/87cab5756bb0dfc5ba103b2f1b2c951a/element'
15:36:43.786 [Forwarding findElement on session 87cab5756bb0dfc5ba103b2f1b2c951a to remote] DEBUG org.asynchttpclient.netty.request.NettyRequestSender - Using open Channel [id: 0xc5f99abe, L:/127.0.0.1:57745 - R:localhost/127.0.0.1:52831] for POST '/session/87cab5756bb0dfc5ba103b2f1b2c951a/element'
15:36:43.807 [AsyncHttpClient-1-5] DEBUG org.asynchttpclient.netty.handler.HttpHandler - 

Request DefaultHttpRequest(decodeResult: success, version: HTTP/1.1)
POST /session/87cab5756bb0dfc5ba103b2f1b2c951a/element HTTP/1.1
User-Agent: selenium/4.1.2 (java windows)
Content-Length: 81
Content-Type: application/json; charset=utf-8
host: localhost:52831
accept: */*

Response DefaultHttpResponse(decodeResult: success, version: HTTP/1.1)
HTTP/1.1 200 OK
Content-Type: application/json; charset=utf-8
cache-control: no-cache
content-length: 88

15:36:43.808 [AsyncHttpClient-1-5] DEBUG org.asynchttpclient.netty.channel.ChannelManager - Adding key: http://localhost:52831 for channel [id: 0xc5f99abe, L:/127.0.0.1:57745 - R:localhost/127.0.0.1:52831]
15:36:43.809 [Forwarding clickElement on session 87cab5756bb0dfc5ba103b2f1b2c951a to remote] DEBUG org.asynchttpclient.netty.request.NettyRequestSender - Using pooled Channel '[id: 0xc5f99abe, L:/127.0.0.1:57745 - R:localhost/127.0.0.1:52831]' for 'POST' to 'http://localhost:52831/session/87cab5756bb0dfc5ba103b2f1b2c951a/element/16ba0a8a-72e8-43e6-afd4-f0ec4900cfd3/click'
15:36:43.809 [Forwarding clickElement on session 87cab5756bb0dfc5ba103b2f1b2c951a to remote] DEBUG org.asynchttpclient.netty.request.NettyRequestSender - Using open Channel [id: 0xc5f99abe, L:/127.0.0.1:57745 - R:localhost/127.0.0.1:52831] for POST '/session/87cab5756bb0dfc5ba103b2f1b2c951a/element/16ba0a8a-72e8-43e6-afd4-f0ec4900cfd3/click'
15:36:44.290 [AsyncHttpClient-1-5] DEBUG org.asynchttpclient.netty.handler.HttpHandler - 

Request DefaultHttpRequest(decodeResult: success, version: HTTP/1.1)
POST /session/87cab5756bb0dfc5ba103b2f1b2c951a/element/16ba0a8a-72e8-43e6-afd4-f0ec4900cfd3/click HTTP/1.1
User-Agent: selenium/4.1.2 (java windows)
Content-Length: 50
Content-Type: application/json; charset=utf-8
host: localhost:52831
accept: */*

Response DefaultHttpResponse(decodeResult: success, version: HTTP/1.1)
HTTP/1.1 200 OK
Content-Type: application/json; charset=utf-8
cache-control: no-cache
content-length: 14

15:36:44.291 [AsyncHttpClient-1-5] DEBUG org.asynchttpclient.netty.channel.ChannelManager - Adding key: http://localhost:52831 for channel [id: 0xc5f99abe, L:/127.0.0.1:57745 - R:localhost/127.0.0.1:52831]
  &amp#27;[32mThen &amp#27;[0m&amp#27;[32mI click baby on the header&amp#27;[0m     &amp#27;[90m# starter.stepdefinitions.BabyStep.iClickBabyOnTheHeader()&amp#27;[0m
15:36:44.305 [Forwarding screenshot on session 87cab5756bb0dfc5ba103b2f1b2c951a to remote] DEBUG org.asynchttpclient.netty.request.NettyRequestSender - Using pooled Channel '[id: 0xc5f99abe, L:/127.0.0.1:57745 - R:localhost/127.0.0.1:52831]' for 'GET' to 'http://localhost:52831/session/87cab5756bb0dfc5ba103b2f1b2c951a/screenshot'
15:36:44.305 [Forwarding screenshot on session 87cab5756bb0dfc5ba103b2f1b2c951a to remote] DEBUG org.asynchttpclient.netty.request.NettyRequestSender - Using open Channel [id: 0xc5f99abe, L:/127.0.0.1:57745 - R:localhost/127.0.0.1:52831] for GET '/session/87cab5756bb0dfc5ba103b2f1b2c951a/screenshot'
15:36:44.823 [AsyncHttpClient-1-1] DEBUG org.asynchttpclient.netty.channel.DefaultChannelPool - Entry count for : http://localhost:57748 : 1
15:36:45.096 [AsyncHttpClient-1-5] DEBUG org.asynchttpclient.netty.handler.HttpHandler - 

Request DefaultFullHttpRequest(decodeResult: success, version: HTTP/1.1, content: EmptyByteBufBE)
GET /session/87cab5756bb0dfc5ba103b2f1b2c951a/screenshot HTTP/1.1
User-Agent: selenium/4.1.2 (java windows)
Cache-Control: no-cache
Content-Type: application/json; charset=utf-8
host: localhost:52831
accept: */*

Response DefaultHttpResponse(decodeResult: success, version: HTTP/1.1)
HTTP/1.1 200 OK
Content-Type: application/json; charset=utf-8
cache-control: no-cache
content-length: 137776

15:36:45.097 [AsyncHttpClient-1-5] DEBUG org.asynchttpclient.netty.channel.ChannelManager - Adding key: http://localhost:52831 for channel [id: 0xc5f99abe, L:/127.0.0.1:57745 - R:localhost/127.0.0.1:52831]
15:36:45.103 [main] DEBUG net.serenitybdd.core.photography.Darkroom - Send negative for processing for target\site\serenity\66be97047e6167e11dbe91b68e4a22e675d657e3f92a8c80afba8fee62bd5186.png
15:36:45.112 [Forwarding findElement on session 87cab5756bb0dfc5ba103b2f1b2c951a to remote] DEBUG org.asynchttpclient.netty.request.NettyRequestSender - Using pooled Channel '[id: 0xc5f99abe, L:/127.0.0.1:57745 - R:localhost/127.0.0.1:52831]' for 'POST' to 'http://localhost:52831/session/87cab5756bb0dfc5ba103b2f1b2c951a/element'
15:36:45.112 [Forwarding findElement on session 87cab5756bb0dfc5ba103b2f1b2c951a to remote] DEBUG org.asynchttpclient.netty.request.NettyRequestSender - Using open Channel [id: 0xc5f99abe, L:/127.0.0.1:57745 - R:localhost/127.0.0.1:52831] for POST '/session/87cab5756bb0dfc5ba103b2f1b2c951a/element'
15:36:45.124 [AsyncHttpClient-1-5] DEBUG org.asynchttpclient.netty.handler.HttpHandler - 

Request DefaultHttpRequest(decodeResult: success, version: HTTP/1.1)
POST /session/87cab5756bb0dfc5ba103b2f1b2c951a/element HTTP/1.1
User-Agent: selenium/4.1.2 (java windows)
Content-Length: 108
Content-Type: application/json; charset=utf-8
host: localhost:52831
accept: */*

Response DefaultHttpResponse(decodeResult: success, version: HTTP/1.1)
HTTP/1.1 200 OK
Content-Type: application/json; charset=utf-8
cache-control: no-cache
content-length: 88

15:36:45.125 [AsyncHttpClient-1-5] DEBUG org.asynchttpclient.netty.channel.ChannelManager - Adding key: http://localhost:52831 for channel [id: 0xc5f99abe, L:/127.0.0.1:57745 - R:localhost/127.0.0.1:52831]
15:36:45.126 [Forwarding getElementTagName on session 87cab5756bb0dfc5ba103b2f1b2c951a to remote] DEBUG org.asynchttpclient.netty.request.NettyRequestSender - Using pooled Channel '[id: 0xc5f99abe, L:/127.0.0.1:57745 - R:localhost/127.0.0.1:52831]' for 'GET' to 'http://localhost:52831/session/87cab5756bb0dfc5ba103b2f1b2c951a/element/cf69f0e5-2048-4eec-a1eb-b080c4d326c3/name'
15:36:45.126 [Forwarding getElementTagName on session 87cab5756bb0dfc5ba103b2f1b2c951a to remote] DEBUG org.asynchttpclient.netty.request.NettyRequestSender - Using open Channel [id: 0xc5f99abe, L:/127.0.0.1:57745 - R:localhost/127.0.0.1:52831] for GET '/session/87cab5756bb0dfc5ba103b2f1b2c951a/element/cf69f0e5-2048-4eec-a1eb-b080c4d326c3/name'
15:36:45.130 [AsyncHttpClient-1-5] DEBUG org.asynchttpclient.netty.handler.HttpHandler - 

Request DefaultFullHttpRequest(decodeResult: success, version: HTTP/1.1, content: EmptyByteBufBE)
GET /session/87cab5756bb0dfc5ba103b2f1b2c951a/element/cf69f0e5-2048-4eec-a1eb-b080c4d326c3/name HTTP/1.1
User-Agent: selenium/4.1.2 (java windows)
Cache-Control: no-cache
Content-Type: application/json; charset=utf-8
host: localhost:52831
accept: */*

Response DefaultHttpResponse(decodeResult: success, version: HTTP/1.1)
HTTP/1.1 200 OK
Content-Type: application/json; charset=utf-8
cache-control: no-cache
content-length: 16

15:36:45.131 [AsyncHttpClient-1-5] DEBUG org.asynchttpclient.netty.channel.ChannelManager - Adding key: http://localhost:52831 for channel [id: 0xc5f99abe, L:/127.0.0.1:57745 - R:localhost/127.0.0.1:52831]
15:36:45.133 [Forwarding getElementTagName on session 87cab5756bb0dfc5ba103b2f1b2c951a to remote] DEBUG org.asynchttpclient.netty.request.NettyRequestSender - Using pooled Channel '[id: 0xc5f99abe, L:/127.0.0.1:57745 - R:localhost/127.0.0.1:52831]' for 'GET' to 'http://localhost:52831/session/87cab5756bb0dfc5ba103b2f1b2c951a/element/cf69f0e5-2048-4eec-a1eb-b080c4d326c3/name'
15:36:45.133 [Forwarding getElementTagName on session 87cab5756bb0dfc5ba103b2f1b2c951a to remote] DEBUG org.asynchttpclient.netty.request.NettyRequestSender - Using open Channel [id: 0xc5f99abe, L:/127.0.0.1:57745 - R:localhost/127.0.0.1:52831] for GET '/session/87cab5756bb0dfc5ba103b2f1b2c951a/element/cf69f0e5-2048-4eec-a1eb-b080c4d326c3/name'
15:36:45.137 [AsyncHttpClient-1-5] DEBUG org.asynchttpclient.netty.handler.HttpHandler - 

Request DefaultFullHttpRequest(decodeResult: success, version: HTTP/1.1, content: EmptyByteBufBE)
GET /session/87cab5756bb0dfc5ba103b2f1b2c951a/element/cf69f0e5-2048-4eec-a1eb-b080c4d326c3/name HTTP/1.1
User-Agent: selenium/4.1.2 (java windows)
Cache-Control: no-cache
Content-Type: application/json; charset=utf-8
host: localhost:52831
accept: */*

Response DefaultHttpResponse(decodeResult: success, version: HTTP/1.1)
HTTP/1.1 200 OK
Content-Type: application/json; charset=utf-8
cache-control: no-cache
content-length: 16

15:36:45.137 [AsyncHttpClient-1-5] DEBUG org.asynchttpclient.netty.channel.ChannelManager - Adding key: http://localhost:52831 for channel [id: 0xc5f99abe, L:/127.0.0.1:57745 - R:localhost/127.0.0.1:52831]
15:36:45.140 [Forwarding findElement on session 87cab5756bb0dfc5ba103b2f1b2c951a to remote] DEBUG org.asynchttpclient.netty.request.NettyRequestSender - Using pooled Channel '[id: 0xc5f99abe, L:/127.0.0.1:57745 - R:localhost/127.0.0.1:52831]' for 'POST' to 'http://localhost:52831/session/87cab5756bb0dfc5ba103b2f1b2c951a/element'
15:36:45.140 [Forwarding findElement on session 87cab5756bb0dfc5ba103b2f1b2c951a to remote] DEBUG org.asynchttpclient.netty.request.NettyRequestSender - Using open Channel [id: 0xc5f99abe, L:/127.0.0.1:57745 - R:localhost/127.0.0.1:52831] for POST '/session/87cab5756bb0dfc5ba103b2f1b2c951a/element'
15:36:45.149 [AsyncHttpClient-1-5] DEBUG org.asynchttpclient.netty.handler.HttpHandler - 

Request DefaultHttpRequest(decodeResult: success, version: HTTP/1.1)
POST /session/87cab5756bb0dfc5ba103b2f1b2c951a/element HTTP/1.1
User-Agent: selenium/4.1.2 (java windows)
Content-Length: 108
Content-Type: application/json; charset=utf-8
host: localhost:52831
accept: */*

Response DefaultHttpResponse(decodeResult: success, version: HTTP/1.1)
HTTP/1.1 200 OK
Content-Type: application/json; charset=utf-8
cache-control: no-cache
content-length: 88

15:36:45.149 [AsyncHttpClient-1-5] DEBUG org.asynchttpclient.netty.channel.ChannelManager - Adding key: http://localhost:52831 for channel [id: 0xc5f99abe, L:/127.0.0.1:57745 - R:localhost/127.0.0.1:52831]
15:36:45.151 [Forwarding clickElement on session 87cab5756bb0dfc5ba103b2f1b2c951a to remote] DEBUG org.asynchttpclient.netty.request.NettyRequestSender - Using pooled Channel '[id: 0xc5f99abe, L:/127.0.0.1:57745 - R:localhost/127.0.0.1:52831]' for 'POST' to 'http://localhost:52831/session/87cab5756bb0dfc5ba103b2f1b2c951a/element/cf69f0e5-2048-4eec-a1eb-b080c4d326c3/click'
15:36:45.151 [Forwarding clickElement on session 87cab5756bb0dfc5ba103b2f1b2c951a to remote] DEBUG org.asynchttpclient.netty.request.NettyRequestSender - Using open Channel [id: 0xc5f99abe, L:/127.0.0.1:57745 - R:localhost/127.0.0.1:52831] for POST '/session/87cab5756bb0dfc5ba103b2f1b2c951a/element/cf69f0e5-2048-4eec-a1eb-b080c4d326c3/click'
15:36:45.351 [AsyncHttpClient-1-5] DEBUG org.asynchttpclient.netty.handler.HttpHandler - 

Request DefaultHttpRequest(decodeResult: success, version: HTTP/1.1)
POST /session/87cab5756bb0dfc5ba103b2f1b2c951a/element/cf69f0e5-2048-4eec-a1eb-b080c4d326c3/click HTTP/1.1
User-Agent: selenium/4.1.2 (java windows)
Content-Length: 50
Content-Type: application/json; charset=utf-8
host: localhost:52831
accept: */*

Response DefaultHttpResponse(decodeResult: success, version: HTTP/1.1)
HTTP/1.1 200 OK
Content-Type: application/json; charset=utf-8
cache-control: no-cache
content-length: 14

15:36:45.352 [AsyncHttpClient-1-5] DEBUG org.asynchttpclient.netty.channel.ChannelManager - Adding key: http://localhost:52831 for channel [id: 0xc5f99abe, L:/127.0.0.1:57745 - R:localhost/127.0.0.1:52831]
  &amp#27;[32mWhen &amp#27;[0m&amp#27;[32mI will go to &amp#27;[0m&amp#27;[32m&amp#27;[1m"pakaianNewborn1"&amp#27;[0m &amp#27;[90m# starter.stepdefinitions.BabyStep.iWillGoTo(java.lang.String)&amp#27;[0m
15:36:45.362 [Forwarding screenshot on session 87cab5756bb0dfc5ba103b2f1b2c951a to remote] DEBUG org.asynchttpclient.netty.request.NettyRequestSender - Using pooled Channel '[id: 0xc5f99abe, L:/127.0.0.1:57745 - R:localhost/127.0.0.1:52831]' for 'GET' to 'http://localhost:52831/session/87cab5756bb0dfc5ba103b2f1b2c951a/screenshot'
15:36:45.362 [Forwarding screenshot on session 87cab5756bb0dfc5ba103b2f1b2c951a to remote] DEBUG org.asynchttpclient.netty.request.NettyRequestSender - Using open Channel [id: 0xc5f99abe, L:/127.0.0.1:57745 - R:localhost/127.0.0.1:52831] for GET '/session/87cab5756bb0dfc5ba103b2f1b2c951a/screenshot'
15:36:45.682 [AsyncHttpClient-1-5] DEBUG org.asynchttpclient.netty.handler.HttpHandler - 

Request DefaultFullHttpRequest(decodeResult: success, version: HTTP/1.1, content: EmptyByteBufBE)
GET /session/87cab5756bb0dfc5ba103b2f1b2c951a/screenshot HTTP/1.1
User-Agent: selenium/4.1.2 (java windows)
Cache-Control: no-cache
Content-Type: application/json; charset=utf-8
host: localhost:52831
accept: */*

Response DefaultHttpResponse(decodeResult: success, version: HTTP/1.1)
HTTP/1.1 200 OK
Content-Type: application/json; charset=utf-8
cache-control: no-cache
content-length: 276672

15:36:45.684 [AsyncHttpClient-1-5] DEBUG org.asynchttpclient.netty.channel.ChannelManager - Adding key: http://localhost:52831 for channel [id: 0xc5f99abe, L:/127.0.0.1:57745 - R:localhost/127.0.0.1:52831]
15:36:45.703 [main] DEBUG net.serenitybdd.core.photography.Darkroom - Send negative for processing for target\site\serenity\c157384d1af7a1d4d702f4446bc7b240acfd77b5953a7f135e6cf3268e96d866.png
15:36:45.704 [Darkroom Processing Line] DEBUG net.serenitybdd.core.photography.DarkroomProcessingLine - Processing screenshot image in /var/screenshots/screenshot-8762714777143892548
15:36:45.704 [Darkroom Processing Line] DEBUG net.serenitybdd.core.photography.DarkroomProcessingLine - Saving screenshot to target\site\serenity\c157384d1af7a1d4d702f4446bc7b240acfd77b5953a7f135e6cf3268e96d866.png
  &amp#27;[32mAnd &amp#27;[0m&amp#27;[32mI &amp#27;[0m&amp#27;[32m&amp#27;[1m""&amp#27;[0m&amp#27;[32m page&amp#27;[0m                       &amp#27;[90m# starter.stepdefinitions.BabyStep.iPage(java.lang.String)&amp#27;[0m
15:36:45.724 [AsyncHttpClient-1-7] DEBUG org.asynchttpclient.netty.handler.WebSocketHandler - Channel Closed: [id: 0x96c6f89c, L:/127.0.0.1:57757 ! R:localhost/127.0.0.1:57748] with attribute NettyResponseFuture{currentRetry=5,
	isDone=1,
	isCancelled=0,
	asyncHandler=org.asynchttpclient.ws.WebSocketUpgradeHandler@54a6ebe,
	nettyRequest=org.asynchttpclient.netty.request.NettyRequest@4048f073,
	future=java.util.concurrent.CompletableFuture@5f4b01c1[Completed normally],
	uri=ws://localhost:57748/devtools/browser/388768c9-09a2-45b3-86a4-b4af311b147a,
	keepAlive=true,
	redirectCount=0,
	timeoutsHolder=null,
	inAuth=0,
	touch=1680683798145}
15:36:45.724 [AsyncHttpClient-1-7] DEBUG org.asynchttpclient.netty.channel.ChannelManager - Closing Channel [id: 0x96c6f89c, L:/127.0.0.1:57757 ! R:localhost/127.0.0.1:57748] 
15:36:45.724 [Driver Command Executor] DEBUG org.asynchttpclient.netty.request.NettyRequestSender - Using pooled Channel '[id: 0xc5f99abe, L:/127.0.0.1:57745 - R:localhost/127.0.0.1:52831]' for 'DELETE' to 'http://localhost:52831/session/87cab5756bb0dfc5ba103b2f1b2c951a'
15:36:45.724 [Driver Command Executor] DEBUG org.asynchttpclient.netty.request.NettyRequestSender - Using open Channel [id: 0xc5f99abe, L:/127.0.0.1:57745 - R:localhost/127.0.0.1:52831] for DELETE '/session/87cab5756bb0dfc5ba103b2f1b2c951a'
15:36:45.763 [AsyncHttpClient-1-6] DEBUG org.asynchttpclient.netty.handler.HttpHandler - Unexpected I/O exception on channel [id: 0x4d7d525b, L:/127.0.0.1:57756 - R:localhost/127.0.0.1:57748]
java.net.SocketException: Connection reset
	at java.base/sun.nio.ch.SocketChannelImpl.throwConnectionReset(SocketChannelImpl.java:345)
	at java.base/sun.nio.ch.SocketChannelImpl.read(SocketChannelImpl.java:376)
	at io.netty.buffer.PooledByteBuf.setBytes(PooledByteBuf.java:258)
	at io.netty.buffer.AbstractByteBuf.writeBytes(AbstractByteBuf.java:1132)
	at io.netty.channel.socket.nio.NioSocketChannel.doReadBytes(NioSocketChannel.java:350)
	at io.netty.channel.nio.AbstractNioByteChannel$NioByteUnsafe.read(AbstractNioByteChannel.java:151)
	at io.netty.channel.nio.NioEventLoop.processSelectedKey(NioEventLoop.java:722)
	at io.netty.channel.nio.NioEventLoop.processSelectedKeysOptimized(NioEventLoop.java:658)
	at io.netty.channel.nio.NioEventLoop.processSelectedKeys(NioEventLoop.java:584)
	at io.netty.channel.nio.NioEventLoop.run(NioEventLoop.java:496)
	at io.netty.util.concurrent.SingleThreadEventExecutor$4.run(SingleThreadEventExecutor.java:986)
	at io.netty.util.internal.ThreadExecutorMap$2.run(ThreadExecutorMap.java:74)
	at io.netty.util.concurrent.FastThreadLocalRunnable.run(FastThreadLocalRunnable.java:30)
	at java.base/java.lang.Thread.run(Thread.java:830)
15:36:45.764 [AsyncHttpClient-1-6] DEBUG org.asynchttpclient.netty.channel.ChannelManager - Closing Channel [id: 0x4d7d525b, L:/127.0.0.1:57756 - R:localhost/127.0.0.1:57748] 
15:36:45.764 [AsyncHttpClient-1-6] DEBUG org.asynchttpclient.netty.handler.HttpHandler - Channel Closed: [id: 0x4d7d525b, L:/127.0.0.1:57756 ! R:localhost/127.0.0.1:57748] with attribute DISCARD
15:36:45.797 [AsyncHttpClient-1-5] DEBUG org.asynchttpclient.netty.handler.HttpHandler - 

Request DefaultFullHttpRequest(decodeResult: success, version: HTTP/1.1, content: EmptyByteBufBE)
DELETE /session/87cab5756bb0dfc5ba103b2f1b2c951a HTTP/1.1
User-Agent: selenium/4.1.2 (java windows)
Content-Type: application/json; charset=utf-8
host: localhost:52831
accept: */*

Response DefaultHttpResponse(decodeResult: success, version: HTTP/1.1)
HTTP/1.1 200 OK
Content-Type: application/json; charset=utf-8
cache-control: no-cache
content-length: 14

15:36:45.797 [AsyncHttpClient-1-5] DEBUG org.asynchttpclient.netty.channel.ChannelManager - Adding key: http://localhost:52831 for channel [id: 0xc5f99abe, L:/127.0.0.1:57745 - R:localhost/127.0.0.1:52831]
15:36:45.915 [AsyncHttpClient-1-1] DEBUG org.asynchttpclient.netty.channel.DefaultChannelPool - Entry count for : http://localhost:52831 : 1
15:36:45.915 [AsyncHttpClient-1-1] DEBUG org.asynchttpclient.netty.channel.DefaultChannelPool - Entry count for : http://localhost:57748 : 1
15:36:45.915 [AsyncHttpClient-1-1] DEBUG org.asynchttpclient.netty.channel.DefaultChannelPool - Adding Candidate expired Channel [id: 0x4d7d525b, L:/127.0.0.1:57756 ! R:localhost/127.0.0.1:57748] isIdleTimeoutExpired=false isRemotelyClosed=true isTtlExpired=false
15:36:45.915 [AsyncHttpClient-1-1] DEBUG org.asynchttpclient.netty.channel.DefaultChannelPool - Closing Idle Channel [id: 0x4d7d525b, L:/127.0.0.1:57756 ! R:localhost/127.0.0.1:57748]
15:36:45.915 [AsyncHttpClient-1-1] DEBUG org.asynchttpclient.netty.channel.DefaultChannelPool - Closed 1 connections out of 2 in 0 ms
15:36:45.916 [AsyncHttpClient-1-5] DEBUG org.asynchttpclient.netty.handler.HttpHandler - Channel Closed: [id: 0xc5f99abe, L:/127.0.0.1:57745 ! R:localhost/127.0.0.1:52831] with attribute DISCARD
15:36:46.527 [main] INFO  - 
  _____   ___   ___   _____     ___     _     ___   ___   ___   ___  
 |_   _| | __| / __| |_   _|   | _ \   /_\   / __| / __| | __| |   \ 
   | |   | _|  \__ \   | |     |  _/  / _ \  \__ \ \__ \ | _|  | |) |
   |_|   |___| |___/   |_|     |_|   /_/ \_\ |___/ |___/ |___| |___/ 

Fitur Menu Baby
----------------------------------------------------------------------
]]></system-out>
    <system-err><![CDATA[Starting Microsoft Edge WebDriver 111.0.1661.62 (0a8f453929e6410c973aa529a40485ce4e3e03db) on port 52831
To submit feedback, report a bug, or suggest new features, please visit https://github.com/MicrosoftEdge/EdgeWebDriver

Only local connections are allowed.
Please see https://aka.ms/WebDriverSecurity for suggestions on keeping Microsoft Edge WebDriver safe.

Microsoft Edge WebDriver was started successfully.
Apr 05, 2023 3:36:38 PM org.openqa.selenium.remote.ProtocolHandshake createSession
INFO: Detected dialect: W3C
Apr 05, 2023 3:36:38 PM org.openqa.selenium.devtools.CdpVersionFinder findNearestMatch
WARNING: Unable to find an exact match for CDP version 111, so returning the closest version found: a no-op implementation
Apr 05, 2023 3:36:38 PM org.openqa.selenium.devtools.CdpVersionFinder findNearestMatch
INFO: Unable to find CDP implementation matching 111.
Apr 05, 2023 3:36:38 PM org.openqa.selenium.chromium.ChromiumDriver lambda$new$3
WARNING: Unable to find version of CDP to use for . You may need to include a dependency on a specific version of the CDP using something similar to `org.seleniumhq.selenium:selenium-devtools-v86:4.1.2` where the version ("v86") matches the version of the chromium-based browser you're using and the version number of the artifact is the same as Selenium's.
]]></system-err>
  </testcase>
  <testcase name="Fitur Menu Baby #3" classname="Baby" time="9.512">
    <system-out><![CDATA[
Scenario Outline: Fitur Menu Baby &amp#27;[90m# src/test/resources/features/Baby.feature:95&amp#27;[0m
15:36:46.540 [main] INFO io.cucumber.core.plugin.SerenityReporter - Running feature from file:///C:/Users/alwi/IdeaProjects/uniqloweb/src/test/resources/features/Baby.feature
15:36:46.678 [main] DEBUG io.github.bonigarcia.wdm.cache.ResolutionCache - Resolution edge=111 in cache (valid until 16:17:30 05/04/2023 WIB)
15:36:46.683 [main] DEBUG io.github.bonigarcia.wdm.cache.ResolutionCache - Resolution edge111=111.0.1661.62 in cache (valid until 15:17:30 06/04/2023 WIB)
15:36:46.686 [main] INFO io.github.bonigarcia.wdm.WebDriverManager - Using msedgedriver 111.0.1661.62 (resolved driver for Edge 111)
15:36:46.708 [main] DEBUG io.github.bonigarcia.wdm.WebDriverManager - Driver msedgedriver 111.0.1661.62 found in cache
15:36:46.708 [main] INFO io.github.bonigarcia.wdm.WebDriverManager - Exporting webdriver.edge.driver as C:\Users\alwi\.cache\selenium\msedgedriver\win64\111.0.1661.62\msedgedriver.exe
15:36:46.711 [main] DEBUG net.serenitybdd.core.webdriver.driverproviders.ProvideNewDriver - Instantiating driver
15:36:46.711 [main] DEBUG net.serenitybdd.core.webdriver.driverproviders.ProvideNewDriver - Driver capabilities: Capabilities {base.url: https://www.uniqlo.com, chrome.driver: src/test/resources/webdrive..., driver: edge, ms:edgeChromium: true, ms:edgeOptions: {}, wait.for.timeout: 6000}
15:36:47.015 [AsyncHttpClient-1-1] DEBUG org.asynchttpclient.netty.channel.DefaultChannelPool - Entry count for : http://localhost:52831 : 1
15:36:47.015 [AsyncHttpClient-1-1] DEBUG org.asynchttpclient.netty.channel.DefaultChannelPool - Adding Candidate expired Channel [id: 0xc5f99abe, L:/127.0.0.1:57745 ! R:localhost/127.0.0.1:52831] isIdleTimeoutExpired=false isRemotelyClosed=true isTtlExpired=false
15:36:47.015 [AsyncHttpClient-1-1] DEBUG org.asynchttpclient.netty.channel.DefaultChannelPool - Closing Idle Channel [id: 0xc5f99abe, L:/127.0.0.1:57745 ! R:localhost/127.0.0.1:52831]
15:36:47.015 [AsyncHttpClient-1-1] DEBUG org.asynchttpclient.netty.channel.DefaultChannelPool - Closed 1 connections out of 1 in 0 ms
15:36:47.236 [AsyncHttpClient-1-8] DEBUG org.asynchttpclient.netty.channel.NettyConnectListener - Using new Channel '[id: 0x704dde07, L:/127.0.0.1:57873 - R:localhost/127.0.0.1:57221]' for 'POST' to '/session'
15:36:47.851 [AsyncHttpClient-1-8] DEBUG org.asynchttpclient.netty.handler.HttpHandler - 

Request DefaultHttpRequest(decodeResult: success, version: HTTP/1.1)
POST /session HTTP/1.1
User-Agent: selenium/4.1.2 (java windows)
Content-Length: 627
Content-Type: application/json; charset=utf-8
host: localhost:57221
accept: */*

Response DefaultHttpResponse(decodeResult: success, version: HTTP/1.1)
HTTP/1.1 200 OK
Content-Type: application/json; charset=utf-8
cache-control: no-cache
content-length: 823

15:36:47.852 [AsyncHttpClient-1-8] DEBUG org.asynchttpclient.netty.channel.ChannelManager - Adding key: http://localhost:57221 for channel [id: 0x704dde07, L:/127.0.0.1:57873 - R:localhost/127.0.0.1:57221]
15:36:47.861 [AsyncHttpClient-1-9] DEBUG org.asynchttpclient.netty.channel.NettyConnectListener - Using new Channel '[id: 0x2c089873, L:/127.0.0.1:57883 - R:localhost/127.0.0.1:57874]' for 'GET' to '/json/version'
15:36:47.864 [AsyncHttpClient-1-9] DEBUG org.asynchttpclient.netty.handler.HttpHandler - 

Request DefaultFullHttpRequest(decodeResult: success, version: HTTP/1.1, content: EmptyByteBufBE)
GET /json/version HTTP/1.1
User-Agent: selenium/4.1.2 (java windows)
host: localhost:57874
accept: */*

Response DefaultHttpResponse(decodeResult: success, version: HTTP/1.1)
HTTP/1.1 200 OK
Content-Security-Policy: frame-ancestors 'none'
Content-Type: application/json; charset=UTF-8
content-length: 436

15:36:47.864 [AsyncHttpClient-1-9] DEBUG org.asynchttpclient.netty.channel.ChannelManager - Adding key: http://localhost:57874 for channel [id: 0x2c089873, L:/127.0.0.1:57883 - R:localhost/127.0.0.1:57874]
15:36:47.867 [AsyncHttpClient-1-10] DEBUG org.asynchttpclient.netty.channel.NettyConnectListener - Using new Channel '[id: 0x5c0a6d8d, L:/127.0.0.1:57884 - R:localhost/127.0.0.1:57874]' for 'GET' to '/devtools/browser/59eb86ea-d486-45da-8a32-218c22c83202'
15:36:47.874 [AsyncHttpClient-1-10] DEBUG org.asynchttpclient.netty.handler.WebSocketHandler - 

Request DefaultFullHttpRequest(decodeResult: success, version: HTTP/1.1, content: EmptyByteBufBE)
GET /devtools/browser/59eb86ea-d486-45da-8a32-218c22c83202 HTTP/1.1
upgrade: websocket
connection: upgrade
sec-websocket-key: JkFsiT8BytEZC0n8GXnuCw==
sec-websocket-version: 13
origin: http://localhost:57874
host: localhost:57874
accept: */*
user-agent: AHC/2.1

Response DefaultHttpResponse(decodeResult: success, version: HTTP/1.1)
HTTP/1.1 101 WebSocket Protocol Handshake
Upgrade: WebSocket
Connection: Upgrade
Sec-WebSocket-Accept: jjmPQmydD+vZiyt1Xcl941bIuLI=

15:36:47.879 [Forwarding get on session 061d9e32d5709ac756f4d7b239e34773 to remote] DEBUG org.asynchttpclient.netty.request.NettyRequestSender - Using pooled Channel '[id: 0x704dde07, L:/127.0.0.1:57873 - R:localhost/127.0.0.1:57221]' for 'POST' to 'http://localhost:57221/session/061d9e32d5709ac756f4d7b239e34773/url'
15:36:47.879 [Forwarding get on session 061d9e32d5709ac756f4d7b239e34773 to remote] DEBUG org.asynchttpclient.netty.request.NettyRequestSender - Using open Channel [id: 0x704dde07, L:/127.0.0.1:57873 - R:localhost/127.0.0.1:57221] for POST '/session/061d9e32d5709ac756f4d7b239e34773/url'
15:36:48.117 [AsyncHttpClient-1-1] DEBUG org.asynchttpclient.netty.channel.DefaultChannelPool - Entry count for : http://localhost:57874 : 1
15:36:49.217 [AsyncHttpClient-1-1] DEBUG org.asynchttpclient.netty.channel.DefaultChannelPool - Entry count for : http://localhost:57874 : 1
15:36:50.322 [AsyncHttpClient-1-1] DEBUG org.asynchttpclient.netty.channel.DefaultChannelPool - Entry count for : http://localhost:57874 : 1
15:36:51.416 [AsyncHttpClient-1-1] DEBUG org.asynchttpclient.netty.channel.DefaultChannelPool - Entry count for : http://localhost:57874 : 1
15:36:52.515 [AsyncHttpClient-1-1] DEBUG org.asynchttpclient.netty.channel.DefaultChannelPool - Entry count for : http://localhost:57874 : 1
15:36:52.866 [AsyncHttpClient-1-8] DEBUG org.asynchttpclient.netty.handler.HttpHandler - 

Request DefaultHttpRequest(decodeResult: success, version: HTTP/1.1)
POST /session/061d9e32d5709ac756f4d7b239e34773/url HTTP/1.1
User-Agent: selenium/4.1.2 (java windows)
Content-Length: 53
Content-Type: application/json; charset=utf-8
host: localhost:57221
accept: */*

Response DefaultHttpResponse(decodeResult: success, version: HTTP/1.1)
HTTP/1.1 200 OK
Content-Type: application/json; charset=utf-8
cache-control: no-cache
content-length: 14

15:36:52.866 [AsyncHttpClient-1-8] DEBUG org.asynchttpclient.netty.channel.ChannelManager - Adding key: http://localhost:57221 for channel [id: 0x704dde07, L:/127.0.0.1:57873 - R:localhost/127.0.0.1:57221]
15:36:52.868 [Forwarding setTimeout on session 061d9e32d5709ac756f4d7b239e34773 to remote] DEBUG org.asynchttpclient.netty.request.NettyRequestSender - Using pooled Channel '[id: 0x704dde07, L:/127.0.0.1:57873 - R:localhost/127.0.0.1:57221]' for 'POST' to 'http://localhost:57221/session/061d9e32d5709ac756f4d7b239e34773/timeouts'
15:36:52.868 [Forwarding setTimeout on session 061d9e32d5709ac756f4d7b239e34773 to remote] DEBUG org.asynchttpclient.netty.request.NettyRequestSender - Using open Channel [id: 0x704dde07, L:/127.0.0.1:57873 - R:localhost/127.0.0.1:57221] for POST '/session/061d9e32d5709ac756f4d7b239e34773/timeouts'
15:36:52.870 [AsyncHttpClient-1-8] DEBUG org.asynchttpclient.netty.handler.HttpHandler - 

Request DefaultHttpRequest(decodeResult: success, version: HTTP/1.1)
POST /session/061d9e32d5709ac756f4d7b239e34773/timeouts HTTP/1.1
User-Agent: selenium/4.1.2 (java windows)
Content-Length: 22
Content-Type: application/json; charset=utf-8
host: localhost:57221
accept: */*

Response DefaultHttpResponse(decodeResult: success, version: HTTP/1.1)
HTTP/1.1 200 OK
Content-Type: application/json; charset=utf-8
cache-control: no-cache
content-length: 14

15:36:52.870 [AsyncHttpClient-1-8] DEBUG org.asynchttpclient.netty.channel.ChannelManager - Adding key: http://localhost:57221 for channel [id: 0x704dde07, L:/127.0.0.1:57873 - R:localhost/127.0.0.1:57221]
15:36:52.874 [Forwarding getCurrentUrl on session 061d9e32d5709ac756f4d7b239e34773 to remote] DEBUG org.asynchttpclient.netty.request.NettyRequestSender - Using pooled Channel '[id: 0x704dde07, L:/127.0.0.1:57873 - R:localhost/127.0.0.1:57221]' for 'GET' to 'http://localhost:57221/session/061d9e32d5709ac756f4d7b239e34773/url'
15:36:52.874 [Forwarding getCurrentUrl on session 061d9e32d5709ac756f4d7b239e34773 to remote] DEBUG org.asynchttpclient.netty.request.NettyRequestSender - Using open Channel [id: 0x704dde07, L:/127.0.0.1:57873 - R:localhost/127.0.0.1:57221] for GET '/session/061d9e32d5709ac756f4d7b239e34773/url'
15:36:52.879 [AsyncHttpClient-1-8] DEBUG org.asynchttpclient.netty.handler.HttpHandler - 

Request DefaultFullHttpRequest(decodeResult: success, version: HTTP/1.1, content: EmptyByteBufBE)
GET /session/061d9e32d5709ac756f4d7b239e34773/url HTTP/1.1
User-Agent: selenium/4.1.2 (java windows)
Cache-Control: no-cache
Content-Type: application/json; charset=utf-8
host: localhost:57221
accept: */*

Response DefaultHttpResponse(decodeResult: success, version: HTTP/1.1)
HTTP/1.1 200 OK
Content-Type: application/json; charset=utf-8
cache-control: no-cache
content-length: 41

15:36:52.880 [AsyncHttpClient-1-8] DEBUG org.asynchttpclient.netty.channel.ChannelManager - Adding key: http://localhost:57221 for channel [id: 0x704dde07, L:/127.0.0.1:57873 - R:localhost/127.0.0.1:57221]
  &amp#27;[32mGiven &amp#27;[0m&amp#27;[32mI am on the home page&amp#27;[0m     &amp#27;[90m# starter.stepdefinitions.BabyStep.iAmOnTheHomePage()&amp#27;[0m
15:36:52.888 [Forwarding screenshot on session 061d9e32d5709ac756f4d7b239e34773 to remote] DEBUG org.asynchttpclient.netty.request.NettyRequestSender - Using pooled Channel '[id: 0x704dde07, L:/127.0.0.1:57873 - R:localhost/127.0.0.1:57221]' for 'GET' to 'http://localhost:57221/session/061d9e32d5709ac756f4d7b239e34773/screenshot'
15:36:52.888 [Forwarding screenshot on session 061d9e32d5709ac756f4d7b239e34773 to remote] DEBUG org.asynchttpclient.netty.request.NettyRequestSender - Using open Channel [id: 0x704dde07, L:/127.0.0.1:57873 - R:localhost/127.0.0.1:57221] for GET '/session/061d9e32d5709ac756f4d7b239e34773/screenshot'
15:36:53.230 [AsyncHttpClient-1-8] DEBUG org.asynchttpclient.netty.handler.HttpHandler - 

Request DefaultFullHttpRequest(decodeResult: success, version: HTTP/1.1, content: EmptyByteBufBE)
GET /session/061d9e32d5709ac756f4d7b239e34773/screenshot HTTP/1.1
User-Agent: selenium/4.1.2 (java windows)
Cache-Control: no-cache
Content-Type: application/json; charset=utf-8
host: localhost:57221
accept: */*

Response DefaultHttpResponse(decodeResult: success, version: HTTP/1.1)
HTTP/1.1 200 OK
Content-Type: application/json; charset=utf-8
cache-control: no-cache
content-length: 1119968

15:36:53.235 [AsyncHttpClient-1-8] DEBUG org.asynchttpclient.netty.channel.ChannelManager - Adding key: http://localhost:57221 for channel [id: 0x704dde07, L:/127.0.0.1:57873 - R:localhost/127.0.0.1:57221]
15:36:53.279 [main] DEBUG net.serenitybdd.core.photography.Darkroom - Send negative for processing for target\site\serenity\3d1b19ad31921c0beae4332facd941fcc81467ad5802877977ec6c100df601ce.png
15:36:53.293 [Forwarding findElement on session 061d9e32d5709ac756f4d7b239e34773 to remote] DEBUG org.asynchttpclient.netty.request.NettyRequestSender - Using pooled Channel '[id: 0x704dde07, L:/127.0.0.1:57873 - R:localhost/127.0.0.1:57221]' for 'POST' to 'http://localhost:57221/session/061d9e32d5709ac756f4d7b239e34773/element'
15:36:53.293 [Forwarding findElement on session 061d9e32d5709ac756f4d7b239e34773 to remote] DEBUG org.asynchttpclient.netty.request.NettyRequestSender - Using open Channel [id: 0x704dde07, L:/127.0.0.1:57873 - R:localhost/127.0.0.1:57221] for POST '/session/061d9e32d5709ac756f4d7b239e34773/element'
15:36:53.316 [AsyncHttpClient-1-8] DEBUG org.asynchttpclient.netty.handler.HttpHandler - 

Request DefaultHttpRequest(decodeResult: success, version: HTTP/1.1)
POST /session/061d9e32d5709ac756f4d7b239e34773/element HTTP/1.1
User-Agent: selenium/4.1.2 (java windows)
Content-Length: 81
Content-Type: application/json; charset=utf-8
host: localhost:57221
accept: */*

Response DefaultHttpResponse(decodeResult: success, version: HTTP/1.1)
HTTP/1.1 200 OK
Content-Type: application/json; charset=utf-8
cache-control: no-cache
content-length: 88

15:36:53.316 [AsyncHttpClient-1-8] DEBUG org.asynchttpclient.netty.channel.ChannelManager - Adding key: http://localhost:57221 for channel [id: 0x704dde07, L:/127.0.0.1:57873 - R:localhost/127.0.0.1:57221]
15:36:53.319 [Forwarding getElementTagName on session 061d9e32d5709ac756f4d7b239e34773 to remote] DEBUG org.asynchttpclient.netty.request.NettyRequestSender - Using pooled Channel '[id: 0x704dde07, L:/127.0.0.1:57873 - R:localhost/127.0.0.1:57221]' for 'GET' to 'http://localhost:57221/session/061d9e32d5709ac756f4d7b239e34773/element/a85be062-efb6-479d-9a20-9cf08762c124/name'
15:36:53.319 [Forwarding getElementTagName on session 061d9e32d5709ac756f4d7b239e34773 to remote] DEBUG org.asynchttpclient.netty.request.NettyRequestSender - Using open Channel [id: 0x704dde07, L:/127.0.0.1:57873 - R:localhost/127.0.0.1:57221] for GET '/session/061d9e32d5709ac756f4d7b239e34773/element/a85be062-efb6-479d-9a20-9cf08762c124/name'
15:36:53.326 [AsyncHttpClient-1-8] DEBUG org.asynchttpclient.netty.handler.HttpHandler - 

Request DefaultFullHttpRequest(decodeResult: success, version: HTTP/1.1, content: EmptyByteBufBE)
GET /session/061d9e32d5709ac756f4d7b239e34773/element/a85be062-efb6-479d-9a20-9cf08762c124/name HTTP/1.1
User-Agent: selenium/4.1.2 (java windows)
Cache-Control: no-cache
Content-Type: application/json; charset=utf-8
host: localhost:57221
accept: */*

Response DefaultHttpResponse(decodeResult: success, version: HTTP/1.1)
HTTP/1.1 200 OK
Content-Type: application/json; charset=utf-8
cache-control: no-cache
content-length: 16

15:36:53.326 [AsyncHttpClient-1-8] DEBUG org.asynchttpclient.netty.channel.ChannelManager - Adding key: http://localhost:57221 for channel [id: 0x704dde07, L:/127.0.0.1:57873 - R:localhost/127.0.0.1:57221]
15:36:53.328 [Forwarding getElementTagName on session 061d9e32d5709ac756f4d7b239e34773 to remote] DEBUG org.asynchttpclient.netty.request.NettyRequestSender - Using pooled Channel '[id: 0x704dde07, L:/127.0.0.1:57873 - R:localhost/127.0.0.1:57221]' for 'GET' to 'http://localhost:57221/session/061d9e32d5709ac756f4d7b239e34773/element/a85be062-efb6-479d-9a20-9cf08762c124/name'
15:36:53.329 [Forwarding getElementTagName on session 061d9e32d5709ac756f4d7b239e34773 to remote] DEBUG org.asynchttpclient.netty.request.NettyRequestSender - Using open Channel [id: 0x704dde07, L:/127.0.0.1:57873 - R:localhost/127.0.0.1:57221] for GET '/session/061d9e32d5709ac756f4d7b239e34773/element/a85be062-efb6-479d-9a20-9cf08762c124/name'
15:36:53.335 [AsyncHttpClient-1-8] DEBUG org.asynchttpclient.netty.handler.HttpHandler - 

Request DefaultFullHttpRequest(decodeResult: success, version: HTTP/1.1, content: EmptyByteBufBE)
GET /session/061d9e32d5709ac756f4d7b239e34773/element/a85be062-efb6-479d-9a20-9cf08762c124/name HTTP/1.1
User-Agent: selenium/4.1.2 (java windows)
Cache-Control: no-cache
Content-Type: application/json; charset=utf-8
host: localhost:57221
accept: */*

Response DefaultHttpResponse(decodeResult: success, version: HTTP/1.1)
HTTP/1.1 200 OK
Content-Type: application/json; charset=utf-8
cache-control: no-cache
content-length: 16

15:36:53.335 [AsyncHttpClient-1-8] DEBUG org.asynchttpclient.netty.channel.ChannelManager - Adding key: http://localhost:57221 for channel [id: 0x704dde07, L:/127.0.0.1:57873 - R:localhost/127.0.0.1:57221]
15:36:53.339 [Forwarding findElement on session 061d9e32d5709ac756f4d7b239e34773 to remote] DEBUG org.asynchttpclient.netty.request.NettyRequestSender - Using pooled Channel '[id: 0x704dde07, L:/127.0.0.1:57873 - R:localhost/127.0.0.1:57221]' for 'POST' to 'http://localhost:57221/session/061d9e32d5709ac756f4d7b239e34773/element'
15:36:53.339 [Forwarding findElement on session 061d9e32d5709ac756f4d7b239e34773 to remote] DEBUG org.asynchttpclient.netty.request.NettyRequestSender - Using open Channel [id: 0x704dde07, L:/127.0.0.1:57873 - R:localhost/127.0.0.1:57221] for POST '/session/061d9e32d5709ac756f4d7b239e34773/element'
15:36:53.348 [AsyncHttpClient-1-8] DEBUG org.asynchttpclient.netty.handler.HttpHandler - 

Request DefaultHttpRequest(decodeResult: success, version: HTTP/1.1)
POST /session/061d9e32d5709ac756f4d7b239e34773/element HTTP/1.1
User-Agent: selenium/4.1.2 (java windows)
Content-Length: 81
Content-Type: application/json; charset=utf-8
host: localhost:57221
accept: */*

Response DefaultHttpResponse(decodeResult: success, version: HTTP/1.1)
HTTP/1.1 200 OK
Content-Type: application/json; charset=utf-8
cache-control: no-cache
content-length: 88

15:36:53.348 [AsyncHttpClient-1-8] DEBUG org.asynchttpclient.netty.channel.ChannelManager - Adding key: http://localhost:57221 for channel [id: 0x704dde07, L:/127.0.0.1:57873 - R:localhost/127.0.0.1:57221]
15:36:53.351 [Forwarding clickElement on session 061d9e32d5709ac756f4d7b239e34773 to remote] DEBUG org.asynchttpclient.netty.request.NettyRequestSender - Using pooled Channel '[id: 0x704dde07, L:/127.0.0.1:57873 - R:localhost/127.0.0.1:57221]' for 'POST' to 'http://localhost:57221/session/061d9e32d5709ac756f4d7b239e34773/element/a85be062-efb6-479d-9a20-9cf08762c124/click'
15:36:53.351 [Forwarding clickElement on session 061d9e32d5709ac756f4d7b239e34773 to remote] DEBUG org.asynchttpclient.netty.request.NettyRequestSender - Using open Channel [id: 0x704dde07, L:/127.0.0.1:57873 - R:localhost/127.0.0.1:57221] for POST '/session/061d9e32d5709ac756f4d7b239e34773/element/a85be062-efb6-479d-9a20-9cf08762c124/click'
15:36:53.620 [AsyncHttpClient-1-1] DEBUG org.asynchttpclient.netty.channel.DefaultChannelPool - Entry count for : http://localhost:57874 : 1
15:36:53.801 [AsyncHttpClient-1-8] DEBUG org.asynchttpclient.netty.handler.HttpHandler - 

Request DefaultHttpRequest(decodeResult: success, version: HTTP/1.1)
POST /session/061d9e32d5709ac756f4d7b239e34773/element/a85be062-efb6-479d-9a20-9cf08762c124/click HTTP/1.1
User-Agent: selenium/4.1.2 (java windows)
Content-Length: 50
Content-Type: application/json; charset=utf-8
host: localhost:57221
accept: */*

Response DefaultHttpResponse(decodeResult: success, version: HTTP/1.1)
HTTP/1.1 200 OK
Content-Type: application/json; charset=utf-8
cache-control: no-cache
content-length: 14

15:36:53.801 [AsyncHttpClient-1-8] DEBUG org.asynchttpclient.netty.channel.ChannelManager - Adding key: http://localhost:57221 for channel [id: 0x704dde07, L:/127.0.0.1:57873 - R:localhost/127.0.0.1:57221]
  &amp#27;[32mThen &amp#27;[0m&amp#27;[32mI click baby on the header&amp#27;[0m &amp#27;[90m# starter.stepdefinitions.BabyStep.iClickBabyOnTheHeader()&amp#27;[0m
15:36:53.817 [Forwarding screenshot on session 061d9e32d5709ac756f4d7b239e34773 to remote] DEBUG org.asynchttpclient.netty.request.NettyRequestSender - Using pooled Channel '[id: 0x704dde07, L:/127.0.0.1:57873 - R:localhost/127.0.0.1:57221]' for 'GET' to 'http://localhost:57221/session/061d9e32d5709ac756f4d7b239e34773/screenshot'
15:36:53.817 [Forwarding screenshot on session 061d9e32d5709ac756f4d7b239e34773 to remote] DEBUG org.asynchttpclient.netty.request.NettyRequestSender - Using open Channel [id: 0x704dde07, L:/127.0.0.1:57873 - R:localhost/127.0.0.1:57221] for GET '/session/061d9e32d5709ac756f4d7b239e34773/screenshot'
15:36:54.575 [AsyncHttpClient-1-8] DEBUG org.asynchttpclient.netty.handler.HttpHandler - 

Request DefaultFullHttpRequest(decodeResult: success, version: HTTP/1.1, content: EmptyByteBufBE)
GET /session/061d9e32d5709ac756f4d7b239e34773/screenshot HTTP/1.1
User-Agent: selenium/4.1.2 (java windows)
Cache-Control: no-cache
Content-Type: application/json; charset=utf-8
host: localhost:57221
accept: */*

Response DefaultHttpResponse(decodeResult: success, version: HTTP/1.1)
HTTP/1.1 200 OK
Content-Type: application/json; charset=utf-8
cache-control: no-cache
content-length: 137772

15:36:54.576 [AsyncHttpClient-1-8] DEBUG org.asynchttpclient.netty.channel.ChannelManager - Adding key: http://localhost:57221 for channel [id: 0x704dde07, L:/127.0.0.1:57873 - R:localhost/127.0.0.1:57221]
15:36:54.581 [main] DEBUG net.serenitybdd.core.photography.Darkroom - Send negative for processing for target\site\serenity\c6e6a5faa1ae9ae5d5ce542b2cba9b1cd642da9e91eee3cadfbb4f9ca72324a1.png
15:36:54.582 [Darkroom Processing Line] DEBUG net.serenitybdd.core.photography.DarkroomProcessingLine - Processing screenshot image in /var/screenshots/screenshot-12720231083732946539
15:36:54.582 [Darkroom Processing Line] DEBUG net.serenitybdd.core.photography.DarkroomProcessingLine - Saving screenshot to target\site\serenity\c6e6a5faa1ae9ae5d5ce542b2cba9b1cd642da9e91eee3cadfbb4f9ca72324a1.png
15:36:54.593 [Forwarding findElement on session 061d9e32d5709ac756f4d7b239e34773 to remote] DEBUG org.asynchttpclient.netty.request.NettyRequestSender - Using pooled Channel '[id: 0x704dde07, L:/127.0.0.1:57873 - R:localhost/127.0.0.1:57221]' for 'POST' to 'http://localhost:57221/session/061d9e32d5709ac756f4d7b239e34773/element'
15:36:54.593 [Forwarding findElement on session 061d9e32d5709ac756f4d7b239e34773 to remote] DEBUG org.asynchttpclient.netty.request.NettyRequestSender - Using open Channel [id: 0x704dde07, L:/127.0.0.1:57873 - R:localhost/127.0.0.1:57221] for POST '/session/061d9e32d5709ac756f4d7b239e34773/element'
15:36:54.608 [AsyncHttpClient-1-8] DEBUG org.asynchttpclient.netty.handler.HttpHandler - 

Request DefaultHttpRequest(decodeResult: success, version: HTTP/1.1)
POST /session/061d9e32d5709ac756f4d7b239e34773/element HTTP/1.1
User-Agent: selenium/4.1.2 (java windows)
Content-Length: 107
Content-Type: application/json; charset=utf-8
host: localhost:57221
accept: */*

Response DefaultHttpResponse(decodeResult: success, version: HTTP/1.1)
HTTP/1.1 200 OK
Content-Type: application/json; charset=utf-8
cache-control: no-cache
content-length: 88

15:36:54.608 [AsyncHttpClient-1-8] DEBUG org.asynchttpclient.netty.channel.ChannelManager - Adding key: http://localhost:57221 for channel [id: 0x704dde07, L:/127.0.0.1:57873 - R:localhost/127.0.0.1:57221]
15:36:54.610 [Forwarding getElementTagName on session 061d9e32d5709ac756f4d7b239e34773 to remote] DEBUG org.asynchttpclient.netty.request.NettyRequestSender - Using pooled Channel '[id: 0x704dde07, L:/127.0.0.1:57873 - R:localhost/127.0.0.1:57221]' for 'GET' to 'http://localhost:57221/session/061d9e32d5709ac756f4d7b239e34773/element/649f7cd4-9439-4368-a9a6-f46bb8ba54b3/name'
15:36:54.610 [Forwarding getElementTagName on session 061d9e32d5709ac756f4d7b239e34773 to remote] DEBUG org.asynchttpclient.netty.request.NettyRequestSender - Using open Channel [id: 0x704dde07, L:/127.0.0.1:57873 - R:localhost/127.0.0.1:57221] for GET '/session/061d9e32d5709ac756f4d7b239e34773/element/649f7cd4-9439-4368-a9a6-f46bb8ba54b3/name'
15:36:54.614 [AsyncHttpClient-1-8] DEBUG org.asynchttpclient.netty.handler.HttpHandler - 

Request DefaultFullHttpRequest(decodeResult: success, version: HTTP/1.1, content: EmptyByteBufBE)
GET /session/061d9e32d5709ac756f4d7b239e34773/element/649f7cd4-9439-4368-a9a6-f46bb8ba54b3/name HTTP/1.1
User-Agent: selenium/4.1.2 (java windows)
Cache-Control: no-cache
Content-Type: application/json; charset=utf-8
host: localhost:57221
accept: */*

Response DefaultHttpResponse(decodeResult: success, version: HTTP/1.1)
HTTP/1.1 200 OK
Content-Type: application/json; charset=utf-8
cache-control: no-cache
content-length: 16

15:36:54.614 [AsyncHttpClient-1-8] DEBUG org.asynchttpclient.netty.channel.ChannelManager - Adding key: http://localhost:57221 for channel [id: 0x704dde07, L:/127.0.0.1:57873 - R:localhost/127.0.0.1:57221]
15:36:54.616 [Forwarding getElementTagName on session 061d9e32d5709ac756f4d7b239e34773 to remote] DEBUG org.asynchttpclient.netty.request.NettyRequestSender - Using pooled Channel '[id: 0x704dde07, L:/127.0.0.1:57873 - R:localhost/127.0.0.1:57221]' for 'GET' to 'http://localhost:57221/session/061d9e32d5709ac756f4d7b239e34773/element/649f7cd4-9439-4368-a9a6-f46bb8ba54b3/name'
15:36:54.616 [Forwarding getElementTagName on session 061d9e32d5709ac756f4d7b239e34773 to remote] DEBUG org.asynchttpclient.netty.request.NettyRequestSender - Using open Channel [id: 0x704dde07, L:/127.0.0.1:57873 - R:localhost/127.0.0.1:57221] for GET '/session/061d9e32d5709ac756f4d7b239e34773/element/649f7cd4-9439-4368-a9a6-f46bb8ba54b3/name'
15:36:54.618 [AsyncHttpClient-1-8] DEBUG org.asynchttpclient.netty.handler.HttpHandler - 

Request DefaultFullHttpRequest(decodeResult: success, version: HTTP/1.1, content: EmptyByteBufBE)
GET /session/061d9e32d5709ac756f4d7b239e34773/element/649f7cd4-9439-4368-a9a6-f46bb8ba54b3/name HTTP/1.1
User-Agent: selenium/4.1.2 (java windows)
Cache-Control: no-cache
Content-Type: application/json; charset=utf-8
host: localhost:57221
accept: */*

Response DefaultHttpResponse(decodeResult: success, version: HTTP/1.1)
HTTP/1.1 200 OK
Content-Type: application/json; charset=utf-8
cache-control: no-cache
content-length: 16

15:36:54.619 [AsyncHttpClient-1-8] DEBUG org.asynchttpclient.netty.channel.ChannelManager - Adding key: http://localhost:57221 for channel [id: 0x704dde07, L:/127.0.0.1:57873 - R:localhost/127.0.0.1:57221]
15:36:54.623 [Forwarding findElement on session 061d9e32d5709ac756f4d7b239e34773 to remote] DEBUG org.asynchttpclient.netty.request.NettyRequestSender - Using pooled Channel '[id: 0x704dde07, L:/127.0.0.1:57873 - R:localhost/127.0.0.1:57221]' for 'POST' to 'http://localhost:57221/session/061d9e32d5709ac756f4d7b239e34773/element'
15:36:54.623 [Forwarding findElement on session 061d9e32d5709ac756f4d7b239e34773 to remote] DEBUG org.asynchttpclient.netty.request.NettyRequestSender - Using open Channel [id: 0x704dde07, L:/127.0.0.1:57873 - R:localhost/127.0.0.1:57221] for POST '/session/061d9e32d5709ac756f4d7b239e34773/element'
15:36:54.631 [AsyncHttpClient-1-8] DEBUG org.asynchttpclient.netty.handler.HttpHandler - 

Request DefaultHttpRequest(decodeResult: success, version: HTTP/1.1)
POST /session/061d9e32d5709ac756f4d7b239e34773/element HTTP/1.1
User-Agent: selenium/4.1.2 (java windows)
Content-Length: 107
Content-Type: application/json; charset=utf-8
host: localhost:57221
accept: */*

Response DefaultHttpResponse(decodeResult: success, version: HTTP/1.1)
HTTP/1.1 200 OK
Content-Type: application/json; charset=utf-8
cache-control: no-cache
content-length: 88

15:36:54.631 [AsyncHttpClient-1-8] DEBUG org.asynchttpclient.netty.channel.ChannelManager - Adding key: http://localhost:57221 for channel [id: 0x704dde07, L:/127.0.0.1:57873 - R:localhost/127.0.0.1:57221]
15:36:54.634 [Forwarding clickElement on session 061d9e32d5709ac756f4d7b239e34773 to remote] DEBUG org.asynchttpclient.netty.request.NettyRequestSender - Using pooled Channel '[id: 0x704dde07, L:/127.0.0.1:57873 - R:localhost/127.0.0.1:57221]' for 'POST' to 'http://localhost:57221/session/061d9e32d5709ac756f4d7b239e34773/element/649f7cd4-9439-4368-a9a6-f46bb8ba54b3/click'
15:36:54.634 [Forwarding clickElement on session 061d9e32d5709ac756f4d7b239e34773 to remote] DEBUG org.asynchttpclient.netty.request.NettyRequestSender - Using open Channel [id: 0x704dde07, L:/127.0.0.1:57873 - R:localhost/127.0.0.1:57221] for POST '/session/061d9e32d5709ac756f4d7b239e34773/element/649f7cd4-9439-4368-a9a6-f46bb8ba54b3/click'
15:36:54.723 [AsyncHttpClient-1-1] DEBUG org.asynchttpclient.netty.channel.DefaultChannelPool - Entry count for : http://localhost:57874 : 1
15:36:54.870 [AsyncHttpClient-1-8] DEBUG org.asynchttpclient.netty.handler.HttpHandler - 

Request DefaultHttpRequest(decodeResult: success, version: HTTP/1.1)
POST /session/061d9e32d5709ac756f4d7b239e34773/element/649f7cd4-9439-4368-a9a6-f46bb8ba54b3/click HTTP/1.1
User-Agent: selenium/4.1.2 (java windows)
Content-Length: 50
Content-Type: application/json; charset=utf-8
host: localhost:57221
accept: */*

Response DefaultHttpResponse(decodeResult: success, version: HTTP/1.1)
HTTP/1.1 200 OK
Content-Type: application/json; charset=utf-8
cache-control: no-cache
content-length: 14

15:36:54.870 [AsyncHttpClient-1-8] DEBUG org.asynchttpclient.netty.channel.ChannelManager - Adding key: http://localhost:57221 for channel [id: 0x704dde07, L:/127.0.0.1:57873 - R:localhost/127.0.0.1:57221]
  &amp#27;[32mWhen &amp#27;[0m&amp#27;[32mI will go to &amp#27;[0m&amp#27;[32m&amp#27;[1m"aksesoris1"&amp#27;[0m  &amp#27;[90m# starter.stepdefinitions.BabyStep.iWillGoTo(java.lang.String)&amp#27;[0m
15:36:54.881 [Forwarding screenshot on session 061d9e32d5709ac756f4d7b239e34773 to remote] DEBUG org.asynchttpclient.netty.request.NettyRequestSender - Using pooled Channel '[id: 0x704dde07, L:/127.0.0.1:57873 - R:localhost/127.0.0.1:57221]' for 'GET' to 'http://localhost:57221/session/061d9e32d5709ac756f4d7b239e34773/screenshot'
15:36:54.881 [Forwarding screenshot on session 061d9e32d5709ac756f4d7b239e34773 to remote] DEBUG org.asynchttpclient.netty.request.NettyRequestSender - Using open Channel [id: 0x704dde07, L:/127.0.0.1:57873 - R:localhost/127.0.0.1:57221] for GET '/session/061d9e32d5709ac756f4d7b239e34773/screenshot'
15:36:55.225 [AsyncHttpClient-1-8] DEBUG org.asynchttpclient.netty.handler.HttpHandler - 

Request DefaultFullHttpRequest(decodeResult: success, version: HTTP/1.1, content: EmptyByteBufBE)
GET /session/061d9e32d5709ac756f4d7b239e34773/screenshot HTTP/1.1
User-Agent: selenium/4.1.2 (java windows)
Cache-Control: no-cache
Content-Type: application/json; charset=utf-8
host: localhost:57221
accept: */*

Response DefaultHttpResponse(decodeResult: success, version: HTTP/1.1)
HTTP/1.1 200 OK
Content-Type: application/json; charset=utf-8
cache-control: no-cache
content-length: 54280

15:36:55.226 [AsyncHttpClient-1-8] DEBUG org.asynchttpclient.netty.channel.ChannelManager - Adding key: http://localhost:57221 for channel [id: 0x704dde07, L:/127.0.0.1:57873 - R:localhost/127.0.0.1:57221]
15:36:55.228 [main] DEBUG net.serenitybdd.core.photography.Darkroom - Send negative for processing for target\site\serenity\43adf71b66d9ec3549af6eaf2bec49c97ce3097d10d4689d7929d97f02f4fc4a.png
15:36:55.228 [Darkroom Processing Line] DEBUG net.serenitybdd.core.photography.DarkroomProcessingLine - Processing screenshot image in /var/screenshots/screenshot-3505644822340158471
15:36:55.229 [Darkroom Processing Line] DEBUG net.serenitybdd.core.photography.DarkroomProcessingLine - Saving screenshot to target\site\serenity\43adf71b66d9ec3549af6eaf2bec49c97ce3097d10d4689d7929d97f02f4fc4a.png
  &amp#27;[32mAnd &amp#27;[0m&amp#27;[32mI &amp#27;[0m&amp#27;[32m&amp#27;[1m""&amp#27;[0m&amp#27;[32m page&amp#27;[0m                   &amp#27;[90m# starter.stepdefinitions.BabyStep.iPage(java.lang.String)&amp#27;[0m
15:36:55.246 [AsyncHttpClient-1-10] DEBUG org.asynchttpclient.netty.handler.WebSocketHandler - Channel Closed: [id: 0x5c0a6d8d, L:/127.0.0.1:57884 ! R:localhost/127.0.0.1:57874] with attribute NettyResponseFuture{currentRetry=5,
	isDone=1,
	isCancelled=0,
	asyncHandler=org.asynchttpclient.ws.WebSocketUpgradeHandler@26e4a6a9,
	nettyRequest=org.asynchttpclient.netty.request.NettyRequest@63e63c11,
	future=java.util.concurrent.CompletableFuture@295e57b1[Completed normally],
	uri=ws://localhost:57874/devtools/browser/59eb86ea-d486-45da-8a32-218c22c83202,
	keepAlive=true,
	redirectCount=0,
	timeoutsHolder=null,
	inAuth=0,
	touch=1680683807874}
15:36:55.246 [AsyncHttpClient-1-10] DEBUG org.asynchttpclient.netty.channel.ChannelManager - Closing Channel [id: 0x5c0a6d8d, L:/127.0.0.1:57884 ! R:localhost/127.0.0.1:57874] 
15:36:55.246 [Driver Command Executor] DEBUG org.asynchttpclient.netty.request.NettyRequestSender - Using pooled Channel '[id: 0x704dde07, L:/127.0.0.1:57873 - R:localhost/127.0.0.1:57221]' for 'DELETE' to 'http://localhost:57221/session/061d9e32d5709ac756f4d7b239e34773'
15:36:55.247 [Driver Command Executor] DEBUG org.asynchttpclient.netty.request.NettyRequestSender - Using open Channel [id: 0x704dde07, L:/127.0.0.1:57873 - R:localhost/127.0.0.1:57221] for DELETE '/session/061d9e32d5709ac756f4d7b239e34773'
15:36:55.271 [AsyncHttpClient-1-9] DEBUG org.asynchttpclient.netty.handler.HttpHandler - Unexpected I/O exception on channel [id: 0x2c089873, L:/127.0.0.1:57883 - R:localhost/127.0.0.1:57874]
java.net.SocketException: Connection reset
	at java.base/sun.nio.ch.SocketChannelImpl.throwConnectionReset(SocketChannelImpl.java:345)
	at java.base/sun.nio.ch.SocketChannelImpl.read(SocketChannelImpl.java:376)
	at io.netty.buffer.PooledByteBuf.setBytes(PooledByteBuf.java:258)
	at io.netty.buffer.AbstractByteBuf.writeBytes(AbstractByteBuf.java:1132)
	at io.netty.channel.socket.nio.NioSocketChannel.doReadBytes(NioSocketChannel.java:350)
	at io.netty.channel.nio.AbstractNioByteChannel$NioByteUnsafe.read(AbstractNioByteChannel.java:151)
	at io.netty.channel.nio.NioEventLoop.processSelectedKey(NioEventLoop.java:722)
	at io.netty.channel.nio.NioEventLoop.processSelectedKeysOptimized(NioEventLoop.java:658)
	at io.netty.channel.nio.NioEventLoop.processSelectedKeys(NioEventLoop.java:584)
	at io.netty.channel.nio.NioEventLoop.run(NioEventLoop.java:496)
	at io.netty.util.concurrent.SingleThreadEventExecutor$4.run(SingleThreadEventExecutor.java:986)
	at io.netty.util.internal.ThreadExecutorMap$2.run(ThreadExecutorMap.java:74)
	at io.netty.util.concurrent.FastThreadLocalRunnable.run(FastThreadLocalRunnable.java:30)
	at java.base/java.lang.Thread.run(Thread.java:830)
15:36:55.272 [AsyncHttpClient-1-9] DEBUG org.asynchttpclient.netty.channel.ChannelManager - Closing Channel [id: 0x2c089873, L:/127.0.0.1:57883 - R:localhost/127.0.0.1:57874] 
15:36:55.272 [AsyncHttpClient-1-9] DEBUG org.asynchttpclient.netty.handler.HttpHandler - Channel Closed: [id: 0x2c089873, L:/127.0.0.1:57883 ! R:localhost/127.0.0.1:57874] with attribute DISCARD
15:36:55.291 [AsyncHttpClient-1-8] DEBUG org.asynchttpclient.netty.handler.HttpHandler - 

Request DefaultFullHttpRequest(decodeResult: success, version: HTTP/1.1, content: EmptyByteBufBE)
DELETE /session/061d9e32d5709ac756f4d7b239e34773 HTTP/1.1
User-Agent: selenium/4.1.2 (java windows)
Content-Type: application/json; charset=utf-8
host: localhost:57221
accept: */*

Response DefaultHttpResponse(decodeResult: success, version: HTTP/1.1)
HTTP/1.1 200 OK
Content-Type: application/json; charset=utf-8
cache-control: no-cache
content-length: 14

15:36:55.291 [AsyncHttpClient-1-8] DEBUG org.asynchttpclient.netty.channel.ChannelManager - Adding key: http://localhost:57221 for channel [id: 0x704dde07, L:/127.0.0.1:57873 - R:localhost/127.0.0.1:57221]
15:36:55.459 [AsyncHttpClient-1-8] DEBUG org.asynchttpclient.netty.handler.HttpHandler - Channel Closed: [id: 0x704dde07, L:/127.0.0.1:57873 ! R:localhost/127.0.0.1:57221] with attribute DISCARD
15:36:55.818 [AsyncHttpClient-1-1] DEBUG org.asynchttpclient.netty.channel.DefaultChannelPool - Entry count for : http://localhost:57221 : 1
15:36:55.818 [AsyncHttpClient-1-1] DEBUG org.asynchttpclient.netty.channel.DefaultChannelPool - Entry count for : http://localhost:57874 : 1
15:36:55.818 [AsyncHttpClient-1-1] DEBUG org.asynchttpclient.netty.channel.DefaultChannelPool - Adding Candidate expired Channel [id: 0x704dde07, L:/127.0.0.1:57873 ! R:localhost/127.0.0.1:57221] isIdleTimeoutExpired=false isRemotelyClosed=true isTtlExpired=false
15:36:55.818 [AsyncHttpClient-1-1] DEBUG org.asynchttpclient.netty.channel.DefaultChannelPool - Closing Idle Channel [id: 0x704dde07, L:/127.0.0.1:57873 ! R:localhost/127.0.0.1:57221]
15:36:55.818 [AsyncHttpClient-1-1] DEBUG org.asynchttpclient.netty.channel.DefaultChannelPool - Adding Candidate expired Channel [id: 0x2c089873, L:/127.0.0.1:57883 ! R:localhost/127.0.0.1:57874] isIdleTimeoutExpired=false isRemotelyClosed=true isTtlExpired=false
15:36:55.818 [AsyncHttpClient-1-1] DEBUG org.asynchttpclient.netty.channel.DefaultChannelPool - Closing Idle Channel [id: 0x2c089873, L:/127.0.0.1:57883 ! R:localhost/127.0.0.1:57874]
15:36:55.818 [AsyncHttpClient-1-1] DEBUG org.asynchttpclient.netty.channel.DefaultChannelPool - Closed 2 connections out of 2 in 0 ms
]]></system-out>
    <system-err><![CDATA[Starting Microsoft Edge WebDriver 111.0.1661.62 (0a8f453929e6410c973aa529a40485ce4e3e03db) on port 57221
To submit feedback, report a bug, or suggest new features, please visit https://github.com/MicrosoftEdge/EdgeWebDriver

Only local connections are allowed.
Please see https://aka.ms/WebDriverSecurity for suggestions on keeping Microsoft Edge WebDriver safe.

Microsoft Edge WebDriver was started successfully.
Apr 05, 2023 3:36:47 PM org.openqa.selenium.remote.ProtocolHandshake createSession
INFO: Detected dialect: W3C
Apr 05, 2023 3:36:47 PM org.openqa.selenium.devtools.CdpVersionFinder findNearestMatch
WARNING: Unable to find an exact match for CDP version 111, so returning the closest version found: a no-op implementation
Apr 05, 2023 3:36:47 PM org.openqa.selenium.devtools.CdpVersionFinder findNearestMatch
INFO: Unable to find CDP implementation matching 111.
Apr 05, 2023 3:36:47 PM org.openqa.selenium.chromium.ChromiumDriver lambda$new$3
WARNING: Unable to find version of CDP to use for . You may need to include a dependency on a specific version of the CDP using something similar to `org.seleniumhq.selenium:selenium-devtools-v86:4.1.2` where the version ("v86") matches the version of the chromium-based browser you're using and the version number of the artifact is the same as Selenium's.
]]></system-err>
  </testcase>
  <testcase name="Fitur Menu Baby #4" classname="Baby" time="9.869">
    <system-out><![CDATA[
Scenario Outline: Fitur Menu Baby    &amp#27;[90m# src/test/resources/features/Baby.feature:96&amp#27;[0m
15:36:56.047 [main] INFO io.cucumber.core.plugin.SerenityReporter - Running feature from file:///C:/Users/alwi/IdeaProjects/uniqloweb/src/test/resources/features/Baby.feature
15:36:56.184 [main] DEBUG io.github.bonigarcia.wdm.cache.ResolutionCache - Resolution edge=111 in cache (valid until 16:17:30 05/04/2023 WIB)
15:36:56.188 [main] DEBUG io.github.bonigarcia.wdm.cache.ResolutionCache - Resolution edge111=111.0.1661.62 in cache (valid until 15:17:30 06/04/2023 WIB)
15:36:56.190 [main] INFO io.github.bonigarcia.wdm.WebDriverManager - Using msedgedriver 111.0.1661.62 (resolved driver for Edge 111)
15:36:56.205 [main] DEBUG io.github.bonigarcia.wdm.WebDriverManager - Driver msedgedriver 111.0.1661.62 found in cache
15:36:56.205 [main] INFO io.github.bonigarcia.wdm.WebDriverManager - Exporting webdriver.edge.driver as C:\Users\alwi\.cache\selenium\msedgedriver\win64\111.0.1661.62\msedgedriver.exe
15:36:56.207 [main] DEBUG net.serenitybdd.core.webdriver.driverproviders.ProvideNewDriver - Instantiating driver
15:36:56.207 [main] DEBUG net.serenitybdd.core.webdriver.driverproviders.ProvideNewDriver - Driver capabilities: Capabilities {base.url: https://www.uniqlo.com, chrome.driver: src/test/resources/webdrive..., driver: edge, ms:edgeChromium: true, ms:edgeOptions: {}, wait.for.timeout: 6000}
15:36:56.758 [AsyncHttpClient-1-11] DEBUG org.asynchttpclient.netty.channel.NettyConnectListener - Using new Channel '[id: 0x10a631fb, L:/127.0.0.1:58001 - R:localhost/127.0.0.1:57117]' for 'POST' to '/session'
15:36:57.401 [AsyncHttpClient-1-11] DEBUG org.asynchttpclient.netty.handler.HttpHandler - 

Request DefaultHttpRequest(decodeResult: success, version: HTTP/1.1)
POST /session HTTP/1.1
User-Agent: selenium/4.1.2 (java windows)
Content-Length: 627
Content-Type: application/json; charset=utf-8
host: localhost:57117
accept: */*

Response DefaultHttpResponse(decodeResult: success, version: HTTP/1.1)
HTTP/1.1 200 OK
Content-Type: application/json; charset=utf-8
cache-control: no-cache
content-length: 824

15:36:57.402 [AsyncHttpClient-1-11] DEBUG org.asynchttpclient.netty.channel.ChannelManager - Adding key: http://localhost:57117 for channel [id: 0x10a631fb, L:/127.0.0.1:58001 - R:localhost/127.0.0.1:57117]
15:36:57.411 [AsyncHttpClient-1-12] DEBUG org.asynchttpclient.netty.channel.NettyConnectListener - Using new Channel '[id: 0xbd16129c, L:/127.0.0.1:58008 - R:localhost/127.0.0.1:58002]' for 'GET' to '/json/version'
15:36:57.414 [AsyncHttpClient-1-12] DEBUG org.asynchttpclient.netty.handler.HttpHandler - 

Request DefaultFullHttpRequest(decodeResult: success, version: HTTP/1.1, content: EmptyByteBufBE)
GET /json/version HTTP/1.1
User-Agent: selenium/4.1.2 (java windows)
host: localhost:58002
accept: */*

Response DefaultHttpResponse(decodeResult: success, version: HTTP/1.1)
HTTP/1.1 200 OK
Content-Security-Policy: frame-ancestors 'none'
Content-Type: application/json; charset=UTF-8
content-length: 436

15:36:57.415 [AsyncHttpClient-1-12] DEBUG org.asynchttpclient.netty.channel.ChannelManager - Adding key: http://localhost:58002 for channel [id: 0xbd16129c, L:/127.0.0.1:58008 - R:localhost/127.0.0.1:58002]
15:36:57.418 [AsyncHttpClient-1-13] DEBUG org.asynchttpclient.netty.channel.NettyConnectListener - Using new Channel '[id: 0x4b9d1186, L:/127.0.0.1:58009 - R:localhost/127.0.0.1:58002]' for 'GET' to '/devtools/browser/3e7acd3d-1b39-4ba2-944b-61bfd0f81e01'
15:36:57.425 [AsyncHttpClient-1-13] DEBUG org.asynchttpclient.netty.handler.WebSocketHandler - 

Request DefaultFullHttpRequest(decodeResult: success, version: HTTP/1.1, content: EmptyByteBufBE)
GET /devtools/browser/3e7acd3d-1b39-4ba2-944b-61bfd0f81e01 HTTP/1.1
upgrade: websocket
connection: upgrade
sec-websocket-key: E3oQw7oMUBKrRoprS4ZbaA==
sec-websocket-version: 13
origin: http://localhost:58002
host: localhost:58002
accept: */*
user-agent: AHC/2.1

Response DefaultHttpResponse(decodeResult: success, version: HTTP/1.1)
HTTP/1.1 101 WebSocket Protocol Handshake
Upgrade: WebSocket
Connection: Upgrade
Sec-WebSocket-Accept: W8BevuAMe9YgHLvQY+AxAsdBCh0=

15:36:57.430 [Forwarding get on session d156bcf4d1b1dd2e734fa203a6217d0d to remote] DEBUG org.asynchttpclient.netty.request.NettyRequestSender - Using pooled Channel '[id: 0x10a631fb, L:/127.0.0.1:58001 - R:localhost/127.0.0.1:57117]' for 'POST' to 'http://localhost:57117/session/d156bcf4d1b1dd2e734fa203a6217d0d/url'
15:36:57.430 [Forwarding get on session d156bcf4d1b1dd2e734fa203a6217d0d to remote] DEBUG org.asynchttpclient.netty.request.NettyRequestSender - Using open Channel [id: 0x10a631fb, L:/127.0.0.1:58001 - R:localhost/127.0.0.1:57117] for POST '/session/d156bcf4d1b1dd2e734fa203a6217d0d/url'
15:36:58.016 [AsyncHttpClient-1-1] DEBUG org.asynchttpclient.netty.channel.DefaultChannelPool - Entry count for : http://localhost:58002 : 1
15:36:59.120 [AsyncHttpClient-1-1] DEBUG org.asynchttpclient.netty.channel.DefaultChannelPool - Entry count for : http://localhost:58002 : 1
15:37:00.216 [AsyncHttpClient-1-1] DEBUG org.asynchttpclient.netty.channel.DefaultChannelPool - Entry count for : http://localhost:58002 : 1
15:37:01.316 [AsyncHttpClient-1-1] DEBUG org.asynchttpclient.netty.channel.DefaultChannelPool - Entry count for : http://localhost:58002 : 1
15:37:02.418 [AsyncHttpClient-1-1] DEBUG org.asynchttpclient.netty.channel.DefaultChannelPool - Entry count for : http://localhost:58002 : 1
15:37:02.797 [AsyncHttpClient-1-11] DEBUG org.asynchttpclient.netty.handler.HttpHandler - 

Request DefaultHttpRequest(decodeResult: success, version: HTTP/1.1)
POST /session/d156bcf4d1b1dd2e734fa203a6217d0d/url HTTP/1.1
User-Agent: selenium/4.1.2 (java windows)
Content-Length: 53
Content-Type: application/json; charset=utf-8
host: localhost:57117
accept: */*

Response DefaultHttpResponse(decodeResult: success, version: HTTP/1.1)
HTTP/1.1 200 OK
Content-Type: application/json; charset=utf-8
cache-control: no-cache
content-length: 14

15:37:02.797 [AsyncHttpClient-1-11] DEBUG org.asynchttpclient.netty.channel.ChannelManager - Adding key: http://localhost:57117 for channel [id: 0x10a631fb, L:/127.0.0.1:58001 - R:localhost/127.0.0.1:57117]
15:37:02.800 [Forwarding setTimeout on session d156bcf4d1b1dd2e734fa203a6217d0d to remote] DEBUG org.asynchttpclient.netty.request.NettyRequestSender - Using pooled Channel '[id: 0x10a631fb, L:/127.0.0.1:58001 - R:localhost/127.0.0.1:57117]' for 'POST' to 'http://localhost:57117/session/d156bcf4d1b1dd2e734fa203a6217d0d/timeouts'
15:37:02.800 [Forwarding setTimeout on session d156bcf4d1b1dd2e734fa203a6217d0d to remote] DEBUG org.asynchttpclient.netty.request.NettyRequestSender - Using open Channel [id: 0x10a631fb, L:/127.0.0.1:58001 - R:localhost/127.0.0.1:57117] for POST '/session/d156bcf4d1b1dd2e734fa203a6217d0d/timeouts'
15:37:02.802 [AsyncHttpClient-1-11] DEBUG org.asynchttpclient.netty.handler.HttpHandler - 

Request DefaultHttpRequest(decodeResult: success, version: HTTP/1.1)
POST /session/d156bcf4d1b1dd2e734fa203a6217d0d/timeouts HTTP/1.1
User-Agent: selenium/4.1.2 (java windows)
Content-Length: 22
Content-Type: application/json; charset=utf-8
host: localhost:57117
accept: */*

Response DefaultHttpResponse(decodeResult: success, version: HTTP/1.1)
HTTP/1.1 200 OK
Content-Type: application/json; charset=utf-8
cache-control: no-cache
content-length: 14

15:37:02.802 [AsyncHttpClient-1-11] DEBUG org.asynchttpclient.netty.channel.ChannelManager - Adding key: http://localhost:57117 for channel [id: 0x10a631fb, L:/127.0.0.1:58001 - R:localhost/127.0.0.1:57117]
15:37:02.806 [Forwarding getCurrentUrl on session d156bcf4d1b1dd2e734fa203a6217d0d to remote] DEBUG org.asynchttpclient.netty.request.NettyRequestSender - Using pooled Channel '[id: 0x10a631fb, L:/127.0.0.1:58001 - R:localhost/127.0.0.1:57117]' for 'GET' to 'http://localhost:57117/session/d156bcf4d1b1dd2e734fa203a6217d0d/url'
15:37:02.806 [Forwarding getCurrentUrl on session d156bcf4d1b1dd2e734fa203a6217d0d to remote] DEBUG org.asynchttpclient.netty.request.NettyRequestSender - Using open Channel [id: 0x10a631fb, L:/127.0.0.1:58001 - R:localhost/127.0.0.1:57117] for GET '/session/d156bcf4d1b1dd2e734fa203a6217d0d/url'
15:37:02.810 [AsyncHttpClient-1-11] DEBUG org.asynchttpclient.netty.handler.HttpHandler - 

Request DefaultFullHttpRequest(decodeResult: success, version: HTTP/1.1, content: EmptyByteBufBE)
GET /session/d156bcf4d1b1dd2e734fa203a6217d0d/url HTTP/1.1
User-Agent: selenium/4.1.2 (java windows)
Cache-Control: no-cache
Content-Type: application/json; charset=utf-8
host: localhost:57117
accept: */*

Response DefaultHttpResponse(decodeResult: success, version: HTTP/1.1)
HTTP/1.1 200 OK
Content-Type: application/json; charset=utf-8
cache-control: no-cache
content-length: 41

15:37:02.810 [AsyncHttpClient-1-11] DEBUG org.asynchttpclient.netty.channel.ChannelManager - Adding key: http://localhost:57117 for channel [id: 0x10a631fb, L:/127.0.0.1:58001 - R:localhost/127.0.0.1:57117]
  &amp#27;[32mGiven &amp#27;[0m&amp#27;[32mI am on the home page&amp#27;[0m        &amp#27;[90m# starter.stepdefinitions.BabyStep.iAmOnTheHomePage()&amp#27;[0m
15:37:02.818 [Forwarding screenshot on session d156bcf4d1b1dd2e734fa203a6217d0d to remote] DEBUG org.asynchttpclient.netty.request.NettyRequestSender - Using pooled Channel '[id: 0x10a631fb, L:/127.0.0.1:58001 - R:localhost/127.0.0.1:57117]' for 'GET' to 'http://localhost:57117/session/d156bcf4d1b1dd2e734fa203a6217d0d/screenshot'
15:37:02.819 [Forwarding screenshot on session d156bcf4d1b1dd2e734fa203a6217d0d to remote] DEBUG org.asynchttpclient.netty.request.NettyRequestSender - Using open Channel [id: 0x10a631fb, L:/127.0.0.1:58001 - R:localhost/127.0.0.1:57117] for GET '/session/d156bcf4d1b1dd2e734fa203a6217d0d/screenshot'
15:37:03.175 [AsyncHttpClient-1-11] DEBUG org.asynchttpclient.netty.handler.HttpHandler - 

Request DefaultFullHttpRequest(decodeResult: success, version: HTTP/1.1, content: EmptyByteBufBE)
GET /session/d156bcf4d1b1dd2e734fa203a6217d0d/screenshot HTTP/1.1
User-Agent: selenium/4.1.2 (java windows)
Cache-Control: no-cache
Content-Type: application/json; charset=utf-8
host: localhost:57117
accept: */*

Response DefaultHttpResponse(decodeResult: success, version: HTTP/1.1)
HTTP/1.1 200 OK
Content-Type: application/json; charset=utf-8
cache-control: no-cache
content-length: 1119968

15:37:03.180 [AsyncHttpClient-1-11] DEBUG org.asynchttpclient.netty.channel.ChannelManager - Adding key: http://localhost:57117 for channel [id: 0x10a631fb, L:/127.0.0.1:58001 - R:localhost/127.0.0.1:57117]
15:37:03.238 [main] DEBUG net.serenitybdd.core.photography.Darkroom - Send negative for processing for target\site\serenity\3d1b19ad31921c0beae4332facd941fcc81467ad5802877977ec6c100df601ce.png
15:37:03.248 [Forwarding findElement on session d156bcf4d1b1dd2e734fa203a6217d0d to remote] DEBUG org.asynchttpclient.netty.request.NettyRequestSender - Using pooled Channel '[id: 0x10a631fb, L:/127.0.0.1:58001 - R:localhost/127.0.0.1:57117]' for 'POST' to 'http://localhost:57117/session/d156bcf4d1b1dd2e734fa203a6217d0d/element'
15:37:03.249 [Forwarding findElement on session d156bcf4d1b1dd2e734fa203a6217d0d to remote] DEBUG org.asynchttpclient.netty.request.NettyRequestSender - Using open Channel [id: 0x10a631fb, L:/127.0.0.1:58001 - R:localhost/127.0.0.1:57117] for POST '/session/d156bcf4d1b1dd2e734fa203a6217d0d/element'
15:37:03.264 [AsyncHttpClient-1-11] DEBUG org.asynchttpclient.netty.handler.HttpHandler - 

Request DefaultHttpRequest(decodeResult: success, version: HTTP/1.1)
POST /session/d156bcf4d1b1dd2e734fa203a6217d0d/element HTTP/1.1
User-Agent: selenium/4.1.2 (java windows)
Content-Length: 81
Content-Type: application/json; charset=utf-8
host: localhost:57117
accept: */*

Response DefaultHttpResponse(decodeResult: success, version: HTTP/1.1)
HTTP/1.1 200 OK
Content-Type: application/json; charset=utf-8
cache-control: no-cache
content-length: 88

15:37:03.264 [AsyncHttpClient-1-11] DEBUG org.asynchttpclient.netty.channel.ChannelManager - Adding key: http://localhost:57117 for channel [id: 0x10a631fb, L:/127.0.0.1:58001 - R:localhost/127.0.0.1:57117]
15:37:03.266 [Forwarding getElementTagName on session d156bcf4d1b1dd2e734fa203a6217d0d to remote] DEBUG org.asynchttpclient.netty.request.NettyRequestSender - Using pooled Channel '[id: 0x10a631fb, L:/127.0.0.1:58001 - R:localhost/127.0.0.1:57117]' for 'GET' to 'http://localhost:57117/session/d156bcf4d1b1dd2e734fa203a6217d0d/element/b9bb4d08-8992-4e95-90cd-803b2eaae9f1/name'
15:37:03.266 [Forwarding getElementTagName on session d156bcf4d1b1dd2e734fa203a6217d0d to remote] DEBUG org.asynchttpclient.netty.request.NettyRequestSender - Using open Channel [id: 0x10a631fb, L:/127.0.0.1:58001 - R:localhost/127.0.0.1:57117] for GET '/session/d156bcf4d1b1dd2e734fa203a6217d0d/element/b9bb4d08-8992-4e95-90cd-803b2eaae9f1/name'
15:37:03.270 [AsyncHttpClient-1-11] DEBUG org.asynchttpclient.netty.handler.HttpHandler - 

Request DefaultFullHttpRequest(decodeResult: success, version: HTTP/1.1, content: EmptyByteBufBE)
GET /session/d156bcf4d1b1dd2e734fa203a6217d0d/element/b9bb4d08-8992-4e95-90cd-803b2eaae9f1/name HTTP/1.1
User-Agent: selenium/4.1.2 (java windows)
Cache-Control: no-cache
Content-Type: application/json; charset=utf-8
host: localhost:57117
accept: */*

Response DefaultHttpResponse(decodeResult: success, version: HTTP/1.1)
HTTP/1.1 200 OK
Content-Type: application/json; charset=utf-8
cache-control: no-cache
content-length: 16

15:37:03.271 [AsyncHttpClient-1-11] DEBUG org.asynchttpclient.netty.channel.ChannelManager - Adding key: http://localhost:57117 for channel [id: 0x10a631fb, L:/127.0.0.1:58001 - R:localhost/127.0.0.1:57117]
15:37:03.272 [Forwarding getElementTagName on session d156bcf4d1b1dd2e734fa203a6217d0d to remote] DEBUG org.asynchttpclient.netty.request.NettyRequestSender - Using pooled Channel '[id: 0x10a631fb, L:/127.0.0.1:58001 - R:localhost/127.0.0.1:57117]' for 'GET' to 'http://localhost:57117/session/d156bcf4d1b1dd2e734fa203a6217d0d/element/b9bb4d08-8992-4e95-90cd-803b2eaae9f1/name'
15:37:03.272 [Forwarding getElementTagName on session d156bcf4d1b1dd2e734fa203a6217d0d to remote] DEBUG org.asynchttpclient.netty.request.NettyRequestSender - Using open Channel [id: 0x10a631fb, L:/127.0.0.1:58001 - R:localhost/127.0.0.1:57117] for GET '/session/d156bcf4d1b1dd2e734fa203a6217d0d/element/b9bb4d08-8992-4e95-90cd-803b2eaae9f1/name'
15:37:03.275 [AsyncHttpClient-1-11] DEBUG org.asynchttpclient.netty.handler.HttpHandler - 

Request DefaultFullHttpRequest(decodeResult: success, version: HTTP/1.1, content: EmptyByteBufBE)
GET /session/d156bcf4d1b1dd2e734fa203a6217d0d/element/b9bb4d08-8992-4e95-90cd-803b2eaae9f1/name HTTP/1.1
User-Agent: selenium/4.1.2 (java windows)
Cache-Control: no-cache
Content-Type: application/json; charset=utf-8
host: localhost:57117
accept: */*

Response DefaultHttpResponse(decodeResult: success, version: HTTP/1.1)
HTTP/1.1 200 OK
Content-Type: application/json; charset=utf-8
cache-control: no-cache
content-length: 16

15:37:03.275 [AsyncHttpClient-1-11] DEBUG org.asynchttpclient.netty.channel.ChannelManager - Adding key: http://localhost:57117 for channel [id: 0x10a631fb, L:/127.0.0.1:58001 - R:localhost/127.0.0.1:57117]
15:37:03.277 [Forwarding findElement on session d156bcf4d1b1dd2e734fa203a6217d0d to remote] DEBUG org.asynchttpclient.netty.request.NettyRequestSender - Using pooled Channel '[id: 0x10a631fb, L:/127.0.0.1:58001 - R:localhost/127.0.0.1:57117]' for 'POST' to 'http://localhost:57117/session/d156bcf4d1b1dd2e734fa203a6217d0d/element'
15:37:03.277 [Forwarding findElement on session d156bcf4d1b1dd2e734fa203a6217d0d to remote] DEBUG org.asynchttpclient.netty.request.NettyRequestSender - Using open Channel [id: 0x10a631fb, L:/127.0.0.1:58001 - R:localhost/127.0.0.1:57117] for POST '/session/d156bcf4d1b1dd2e734fa203a6217d0d/element'
15:37:03.284 [AsyncHttpClient-1-11] DEBUG org.asynchttpclient.netty.handler.HttpHandler - 

Request DefaultHttpRequest(decodeResult: success, version: HTTP/1.1)
POST /session/d156bcf4d1b1dd2e734fa203a6217d0d/element HTTP/1.1
User-Agent: selenium/4.1.2 (java windows)
Content-Length: 81
Content-Type: application/json; charset=utf-8
host: localhost:57117
accept: */*

Response DefaultHttpResponse(decodeResult: success, version: HTTP/1.1)
HTTP/1.1 200 OK
Content-Type: application/json; charset=utf-8
cache-control: no-cache
content-length: 88

15:37:03.284 [AsyncHttpClient-1-11] DEBUG org.asynchttpclient.netty.channel.ChannelManager - Adding key: http://localhost:57117 for channel [id: 0x10a631fb, L:/127.0.0.1:58001 - R:localhost/127.0.0.1:57117]
15:37:03.286 [Forwarding clickElement on session d156bcf4d1b1dd2e734fa203a6217d0d to remote] DEBUG org.asynchttpclient.netty.request.NettyRequestSender - Using pooled Channel '[id: 0x10a631fb, L:/127.0.0.1:58001 - R:localhost/127.0.0.1:57117]' for 'POST' to 'http://localhost:57117/session/d156bcf4d1b1dd2e734fa203a6217d0d/element/b9bb4d08-8992-4e95-90cd-803b2eaae9f1/click'
15:37:03.286 [Forwarding clickElement on session d156bcf4d1b1dd2e734fa203a6217d0d to remote] DEBUG org.asynchttpclient.netty.request.NettyRequestSender - Using open Channel [id: 0x10a631fb, L:/127.0.0.1:58001 - R:localhost/127.0.0.1:57117] for POST '/session/d156bcf4d1b1dd2e734fa203a6217d0d/element/b9bb4d08-8992-4e95-90cd-803b2eaae9f1/click'
15:37:03.515 [AsyncHttpClient-1-1] DEBUG org.asynchttpclient.netty.channel.DefaultChannelPool - Entry count for : http://localhost:58002 : 1
15:37:03.744 [AsyncHttpClient-1-11] DEBUG org.asynchttpclient.netty.handler.HttpHandler - 

Request DefaultHttpRequest(decodeResult: success, version: HTTP/1.1)
POST /session/d156bcf4d1b1dd2e734fa203a6217d0d/element/b9bb4d08-8992-4e95-90cd-803b2eaae9f1/click HTTP/1.1
User-Agent: selenium/4.1.2 (java windows)
Content-Length: 50
Content-Type: application/json; charset=utf-8
host: localhost:57117
accept: */*

Response DefaultHttpResponse(decodeResult: success, version: HTTP/1.1)
HTTP/1.1 200 OK
Content-Type: application/json; charset=utf-8
cache-control: no-cache
content-length: 14

15:37:03.745 [AsyncHttpClient-1-11] DEBUG org.asynchttpclient.netty.channel.ChannelManager - Adding key: http://localhost:57117 for channel [id: 0x10a631fb, L:/127.0.0.1:58001 - R:localhost/127.0.0.1:57117]
  &amp#27;[32mThen &amp#27;[0m&amp#27;[32mI click baby on the header&amp#27;[0m    &amp#27;[90m# starter.stepdefinitions.BabyStep.iClickBabyOnTheHeader()&amp#27;[0m
15:37:03.756 [Forwarding screenshot on session d156bcf4d1b1dd2e734fa203a6217d0d to remote] DEBUG org.asynchttpclient.netty.request.NettyRequestSender - Using pooled Channel '[id: 0x10a631fb, L:/127.0.0.1:58001 - R:localhost/127.0.0.1:57117]' for 'GET' to 'http://localhost:57117/session/d156bcf4d1b1dd2e734fa203a6217d0d/screenshot'
15:37:03.756 [Forwarding screenshot on session d156bcf4d1b1dd2e734fa203a6217d0d to remote] DEBUG org.asynchttpclient.netty.request.NettyRequestSender - Using open Channel [id: 0x10a631fb, L:/127.0.0.1:58001 - R:localhost/127.0.0.1:57117] for GET '/session/d156bcf4d1b1dd2e734fa203a6217d0d/screenshot'
15:37:04.558 [AsyncHttpClient-1-11] DEBUG org.asynchttpclient.netty.handler.HttpHandler - 

Request DefaultFullHttpRequest(decodeResult: success, version: HTTP/1.1, content: EmptyByteBufBE)
GET /session/d156bcf4d1b1dd2e734fa203a6217d0d/screenshot HTTP/1.1
User-Agent: selenium/4.1.2 (java windows)
Cache-Control: no-cache
Content-Type: application/json; charset=utf-8
host: localhost:57117
accept: */*

Response DefaultHttpResponse(decodeResult: success, version: HTTP/1.1)
HTTP/1.1 200 OK
Content-Type: application/json; charset=utf-8
cache-control: no-cache
content-length: 137764

15:37:04.559 [AsyncHttpClient-1-11] DEBUG org.asynchttpclient.netty.channel.ChannelManager - Adding key: http://localhost:57117 for channel [id: 0x10a631fb, L:/127.0.0.1:58001 - R:localhost/127.0.0.1:57117]
15:37:04.564 [main] DEBUG net.serenitybdd.core.photography.Darkroom - Send negative for processing for target\site\serenity\585681ad0276587eea986df18185b9b817e38dbab4a67acb7d855325cd06f6fa.png
15:37:04.565 [Darkroom Processing Line] DEBUG net.serenitybdd.core.photography.DarkroomProcessingLine - Processing screenshot image in /var/screenshots/screenshot-1173115238521053458
15:37:04.565 [Darkroom Processing Line] DEBUG net.serenitybdd.core.photography.DarkroomProcessingLine - Saving screenshot to target\site\serenity\585681ad0276587eea986df18185b9b817e38dbab4a67acb7d855325cd06f6fa.png
15:37:04.572 [Forwarding findElement on session d156bcf4d1b1dd2e734fa203a6217d0d to remote] DEBUG org.asynchttpclient.netty.request.NettyRequestSender - Using pooled Channel '[id: 0x10a631fb, L:/127.0.0.1:58001 - R:localhost/127.0.0.1:57117]' for 'POST' to 'http://localhost:57117/session/d156bcf4d1b1dd2e734fa203a6217d0d/element'
15:37:04.573 [Forwarding findElement on session d156bcf4d1b1dd2e734fa203a6217d0d to remote] DEBUG org.asynchttpclient.netty.request.NettyRequestSender - Using open Channel [id: 0x10a631fb, L:/127.0.0.1:58001 - R:localhost/127.0.0.1:57117] for POST '/session/d156bcf4d1b1dd2e734fa203a6217d0d/element'
15:37:04.584 [AsyncHttpClient-1-11] DEBUG org.asynchttpclient.netty.handler.HttpHandler - 

Request DefaultHttpRequest(decodeResult: success, version: HTTP/1.1)
POST /session/d156bcf4d1b1dd2e734fa203a6217d0d/element HTTP/1.1
User-Agent: selenium/4.1.2 (java windows)
Content-Length: 110
Content-Type: application/json; charset=utf-8
host: localhost:57117
accept: */*

Response DefaultHttpResponse(decodeResult: success, version: HTTP/1.1)
HTTP/1.1 200 OK
Content-Type: application/json; charset=utf-8
cache-control: no-cache
content-length: 88

15:37:04.584 [AsyncHttpClient-1-11] DEBUG org.asynchttpclient.netty.channel.ChannelManager - Adding key: http://localhost:57117 for channel [id: 0x10a631fb, L:/127.0.0.1:58001 - R:localhost/127.0.0.1:57117]
15:37:04.586 [Forwarding getElementTagName on session d156bcf4d1b1dd2e734fa203a6217d0d to remote] DEBUG org.asynchttpclient.netty.request.NettyRequestSender - Using pooled Channel '[id: 0x10a631fb, L:/127.0.0.1:58001 - R:localhost/127.0.0.1:57117]' for 'GET' to 'http://localhost:57117/session/d156bcf4d1b1dd2e734fa203a6217d0d/element/0a49d99f-5b81-4406-a2b3-c8bee8e30890/name'
15:37:04.586 [Forwarding getElementTagName on session d156bcf4d1b1dd2e734fa203a6217d0d to remote] DEBUG org.asynchttpclient.netty.request.NettyRequestSender - Using open Channel [id: 0x10a631fb, L:/127.0.0.1:58001 - R:localhost/127.0.0.1:57117] for GET '/session/d156bcf4d1b1dd2e734fa203a6217d0d/element/0a49d99f-5b81-4406-a2b3-c8bee8e30890/name'
15:37:04.590 [AsyncHttpClient-1-11] DEBUG org.asynchttpclient.netty.handler.HttpHandler - 

Request DefaultFullHttpRequest(decodeResult: success, version: HTTP/1.1, content: EmptyByteBufBE)
GET /session/d156bcf4d1b1dd2e734fa203a6217d0d/element/0a49d99f-5b81-4406-a2b3-c8bee8e30890/name HTTP/1.1
User-Agent: selenium/4.1.2 (java windows)
Cache-Control: no-cache
Content-Type: application/json; charset=utf-8
host: localhost:57117
accept: */*

Response DefaultHttpResponse(decodeResult: success, version: HTTP/1.1)
HTTP/1.1 200 OK
Content-Type: application/json; charset=utf-8
cache-control: no-cache
content-length: 16

15:37:04.590 [AsyncHttpClient-1-11] DEBUG org.asynchttpclient.netty.channel.ChannelManager - Adding key: http://localhost:57117 for channel [id: 0x10a631fb, L:/127.0.0.1:58001 - R:localhost/127.0.0.1:57117]
15:37:04.592 [Forwarding getElementTagName on session d156bcf4d1b1dd2e734fa203a6217d0d to remote] DEBUG org.asynchttpclient.netty.request.NettyRequestSender - Using pooled Channel '[id: 0x10a631fb, L:/127.0.0.1:58001 - R:localhost/127.0.0.1:57117]' for 'GET' to 'http://localhost:57117/session/d156bcf4d1b1dd2e734fa203a6217d0d/element/0a49d99f-5b81-4406-a2b3-c8bee8e30890/name'
15:37:04.592 [Forwarding getElementTagName on session d156bcf4d1b1dd2e734fa203a6217d0d to remote] DEBUG org.asynchttpclient.netty.request.NettyRequestSender - Using open Channel [id: 0x10a631fb, L:/127.0.0.1:58001 - R:localhost/127.0.0.1:57117] for GET '/session/d156bcf4d1b1dd2e734fa203a6217d0d/element/0a49d99f-5b81-4406-a2b3-c8bee8e30890/name'
15:37:04.595 [AsyncHttpClient-1-11] DEBUG org.asynchttpclient.netty.handler.HttpHandler - 

Request DefaultFullHttpRequest(decodeResult: success, version: HTTP/1.1, content: EmptyByteBufBE)
GET /session/d156bcf4d1b1dd2e734fa203a6217d0d/element/0a49d99f-5b81-4406-a2b3-c8bee8e30890/name HTTP/1.1
User-Agent: selenium/4.1.2 (java windows)
Cache-Control: no-cache
Content-Type: application/json; charset=utf-8
host: localhost:57117
accept: */*

Response DefaultHttpResponse(decodeResult: success, version: HTTP/1.1)
HTTP/1.1 200 OK
Content-Type: application/json; charset=utf-8
cache-control: no-cache
content-length: 16

15:37:04.595 [AsyncHttpClient-1-11] DEBUG org.asynchttpclient.netty.channel.ChannelManager - Adding key: http://localhost:57117 for channel [id: 0x10a631fb, L:/127.0.0.1:58001 - R:localhost/127.0.0.1:57117]
15:37:04.597 [Forwarding findElement on session d156bcf4d1b1dd2e734fa203a6217d0d to remote] DEBUG org.asynchttpclient.netty.request.NettyRequestSender - Using pooled Channel '[id: 0x10a631fb, L:/127.0.0.1:58001 - R:localhost/127.0.0.1:57117]' for 'POST' to 'http://localhost:57117/session/d156bcf4d1b1dd2e734fa203a6217d0d/element'
15:37:04.597 [Forwarding findElement on session d156bcf4d1b1dd2e734fa203a6217d0d to remote] DEBUG org.asynchttpclient.netty.request.NettyRequestSender - Using open Channel [id: 0x10a631fb, L:/127.0.0.1:58001 - R:localhost/127.0.0.1:57117] for POST '/session/d156bcf4d1b1dd2e734fa203a6217d0d/element'
15:37:04.605 [AsyncHttpClient-1-11] DEBUG org.asynchttpclient.netty.handler.HttpHandler - 

Request DefaultHttpRequest(decodeResult: success, version: HTTP/1.1)
POST /session/d156bcf4d1b1dd2e734fa203a6217d0d/element HTTP/1.1
User-Agent: selenium/4.1.2 (java windows)
Content-Length: 110
Content-Type: application/json; charset=utf-8
host: localhost:57117
accept: */*

Response DefaultHttpResponse(decodeResult: success, version: HTTP/1.1)
HTTP/1.1 200 OK
Content-Type: application/json; charset=utf-8
cache-control: no-cache
content-length: 88

15:37:04.605 [AsyncHttpClient-1-11] DEBUG org.asynchttpclient.netty.channel.ChannelManager - Adding key: http://localhost:57117 for channel [id: 0x10a631fb, L:/127.0.0.1:58001 - R:localhost/127.0.0.1:57117]
15:37:04.607 [Forwarding clickElement on session d156bcf4d1b1dd2e734fa203a6217d0d to remote] DEBUG org.asynchttpclient.netty.request.NettyRequestSender - Using pooled Channel '[id: 0x10a631fb, L:/127.0.0.1:58001 - R:localhost/127.0.0.1:57117]' for 'POST' to 'http://localhost:57117/session/d156bcf4d1b1dd2e734fa203a6217d0d/element/0a49d99f-5b81-4406-a2b3-c8bee8e30890/click'
15:37:04.607 [Forwarding clickElement on session d156bcf4d1b1dd2e734fa203a6217d0d to remote] DEBUG org.asynchttpclient.netty.request.NettyRequestSender - Using open Channel [id: 0x10a631fb, L:/127.0.0.1:58001 - R:localhost/127.0.0.1:57117] for POST '/session/d156bcf4d1b1dd2e734fa203a6217d0d/element/0a49d99f-5b81-4406-a2b3-c8bee8e30890/click'
15:37:04.615 [AsyncHttpClient-1-1] DEBUG org.asynchttpclient.netty.channel.DefaultChannelPool - Entry count for : http://localhost:58002 : 1
15:37:04.793 [AsyncHttpClient-1-11] DEBUG org.asynchttpclient.netty.handler.HttpHandler - 

Request DefaultHttpRequest(decodeResult: success, version: HTTP/1.1)
POST /session/d156bcf4d1b1dd2e734fa203a6217d0d/element/0a49d99f-5b81-4406-a2b3-c8bee8e30890/click HTTP/1.1
User-Agent: selenium/4.1.2 (java windows)
Content-Length: 50
Content-Type: application/json; charset=utf-8
host: localhost:57117
accept: */*

Response DefaultHttpResponse(decodeResult: success, version: HTTP/1.1)
HTTP/1.1 200 OK
Content-Type: application/json; charset=utf-8
cache-control: no-cache
content-length: 14

15:37:04.793 [AsyncHttpClient-1-11] DEBUG org.asynchttpclient.netty.channel.ChannelManager - Adding key: http://localhost:57117 for channel [id: 0x10a631fb, L:/127.0.0.1:58001 - R:localhost/127.0.0.1:57117]
  &amp#27;[32mWhen &amp#27;[0m&amp#27;[32mI will go to &amp#27;[0m&amp#27;[32m&amp#27;[1m"koleksiNewborn"&amp#27;[0m &amp#27;[90m# starter.stepdefinitions.BabyStep.iWillGoTo(java.lang.String)&amp#27;[0m
15:37:04.804 [Forwarding screenshot on session d156bcf4d1b1dd2e734fa203a6217d0d to remote] DEBUG org.asynchttpclient.netty.request.NettyRequestSender - Using pooled Channel '[id: 0x10a631fb, L:/127.0.0.1:58001 - R:localhost/127.0.0.1:57117]' for 'GET' to 'http://localhost:57117/session/d156bcf4d1b1dd2e734fa203a6217d0d/screenshot'
15:37:04.804 [Forwarding screenshot on session d156bcf4d1b1dd2e734fa203a6217d0d to remote] DEBUG org.asynchttpclient.netty.request.NettyRequestSender - Using open Channel [id: 0x10a631fb, L:/127.0.0.1:58001 - R:localhost/127.0.0.1:57117] for GET '/session/d156bcf4d1b1dd2e734fa203a6217d0d/screenshot'
15:37:05.117 [AsyncHttpClient-1-11] DEBUG org.asynchttpclient.netty.handler.HttpHandler - 

Request DefaultFullHttpRequest(decodeResult: success, version: HTTP/1.1, content: EmptyByteBufBE)
GET /session/d156bcf4d1b1dd2e734fa203a6217d0d/screenshot HTTP/1.1
User-Agent: selenium/4.1.2 (java windows)
Cache-Control: no-cache
Content-Type: application/json; charset=utf-8
host: localhost:57117
accept: */*

Response DefaultHttpResponse(decodeResult: success, version: HTTP/1.1)
HTTP/1.1 200 OK
Content-Type: application/json; charset=utf-8
cache-control: no-cache
content-length: 80904

15:37:05.118 [AsyncHttpClient-1-11] DEBUG org.asynchttpclient.netty.channel.ChannelManager - Adding key: http://localhost:57117 for channel [id: 0x10a631fb, L:/127.0.0.1:58001 - R:localhost/127.0.0.1:57117]
15:37:05.122 [main] DEBUG net.serenitybdd.core.photography.Darkroom - Send negative for processing for target\site\serenity\bc6b1b7418909f9fe905ceb41af3e9f9f814bbf13ae4efab34704452ea01df62.png
15:37:05.123 [Darkroom Processing Line] DEBUG net.serenitybdd.core.photography.DarkroomProcessingLine - Processing screenshot image in /var/screenshots/screenshot-4627055778733925762
15:37:05.123 [Darkroom Processing Line] DEBUG net.serenitybdd.core.photography.DarkroomProcessingLine - Saving screenshot to target\site\serenity\bc6b1b7418909f9fe905ceb41af3e9f9f814bbf13ae4efab34704452ea01df62.png
  &amp#27;[32mAnd &amp#27;[0m&amp#27;[32mI &amp#27;[0m&amp#27;[32m&amp#27;[1m""&amp#27;[0m&amp#27;[32m page&amp#27;[0m                      &amp#27;[90m# starter.stepdefinitions.BabyStep.iPage(java.lang.String)&amp#27;[0m
15:37:05.137 [AsyncHttpClient-1-13] DEBUG org.asynchttpclient.netty.handler.WebSocketHandler - Channel Closed: [id: 0x4b9d1186, L:/127.0.0.1:58009 ! R:localhost/127.0.0.1:58002] with attribute NettyResponseFuture{currentRetry=5,
	isDone=1,
	isCancelled=0,
	asyncHandler=org.asynchttpclient.ws.WebSocketUpgradeHandler@28267c23,
	nettyRequest=org.asynchttpclient.netty.request.NettyRequest@6d24f743,
	future=java.util.concurrent.CompletableFuture@3f12113b[Completed normally],
	uri=ws://localhost:58002/devtools/browser/3e7acd3d-1b39-4ba2-944b-61bfd0f81e01,
	keepAlive=true,
	redirectCount=0,
	timeoutsHolder=null,
	inAuth=0,
	touch=1680683817426}
15:37:05.137 [AsyncHttpClient-1-13] DEBUG org.asynchttpclient.netty.channel.ChannelManager - Closing Channel [id: 0x4b9d1186, L:/127.0.0.1:58009 ! R:localhost/127.0.0.1:58002] 
15:37:05.138 [Driver Command Executor] DEBUG org.asynchttpclient.netty.request.NettyRequestSender - Using pooled Channel '[id: 0x10a631fb, L:/127.0.0.1:58001 - R:localhost/127.0.0.1:57117]' for 'DELETE' to 'http://localhost:57117/session/d156bcf4d1b1dd2e734fa203a6217d0d'
15:37:05.138 [Driver Command Executor] DEBUG org.asynchttpclient.netty.request.NettyRequestSender - Using open Channel [id: 0x10a631fb, L:/127.0.0.1:58001 - R:localhost/127.0.0.1:57117] for DELETE '/session/d156bcf4d1b1dd2e734fa203a6217d0d'
15:37:05.159 [AsyncHttpClient-1-12] DEBUG org.asynchttpclient.netty.handler.HttpHandler - Unexpected I/O exception on channel [id: 0xbd16129c, L:/127.0.0.1:58008 - R:localhost/127.0.0.1:58002]
java.net.SocketException: Connection reset
	at java.base/sun.nio.ch.SocketChannelImpl.throwConnectionReset(SocketChannelImpl.java:345)
	at java.base/sun.nio.ch.SocketChannelImpl.read(SocketChannelImpl.java:376)
	at io.netty.buffer.PooledByteBuf.setBytes(PooledByteBuf.java:258)
	at io.netty.buffer.AbstractByteBuf.writeBytes(AbstractByteBuf.java:1132)
	at io.netty.channel.socket.nio.NioSocketChannel.doReadBytes(NioSocketChannel.java:350)
	at io.netty.channel.nio.AbstractNioByteChannel$NioByteUnsafe.read(AbstractNioByteChannel.java:151)
	at io.netty.channel.nio.NioEventLoop.processSelectedKey(NioEventLoop.java:722)
	at io.netty.channel.nio.NioEventLoop.processSelectedKeysOptimized(NioEventLoop.java:658)
	at io.netty.channel.nio.NioEventLoop.processSelectedKeys(NioEventLoop.java:584)
	at io.netty.channel.nio.NioEventLoop.run(NioEventLoop.java:496)
	at io.netty.util.concurrent.SingleThreadEventExecutor$4.run(SingleThreadEventExecutor.java:986)
	at io.netty.util.internal.ThreadExecutorMap$2.run(ThreadExecutorMap.java:74)
	at io.netty.util.concurrent.FastThreadLocalRunnable.run(FastThreadLocalRunnable.java:30)
	at java.base/java.lang.Thread.run(Thread.java:830)
15:37:05.160 [AsyncHttpClient-1-12] DEBUG org.asynchttpclient.netty.channel.ChannelManager - Closing Channel [id: 0xbd16129c, L:/127.0.0.1:58008 - R:localhost/127.0.0.1:58002] 
15:37:05.160 [AsyncHttpClient-1-12] DEBUG org.asynchttpclient.netty.handler.HttpHandler - Channel Closed: [id: 0xbd16129c, L:/127.0.0.1:58008 ! R:localhost/127.0.0.1:58002] with attribute DISCARD
15:37:05.181 [AsyncHttpClient-1-11] DEBUG org.asynchttpclient.netty.handler.HttpHandler - 

Request DefaultFullHttpRequest(decodeResult: success, version: HTTP/1.1, content: EmptyByteBufBE)
DELETE /session/d156bcf4d1b1dd2e734fa203a6217d0d HTTP/1.1
User-Agent: selenium/4.1.2 (java windows)
Content-Type: application/json; charset=utf-8
host: localhost:57117
accept: */*

Response DefaultHttpResponse(decodeResult: success, version: HTTP/1.1)
HTTP/1.1 200 OK
Content-Type: application/json; charset=utf-8
cache-control: no-cache
content-length: 14

15:37:05.181 [AsyncHttpClient-1-11] DEBUG org.asynchttpclient.netty.channel.ChannelManager - Adding key: http://localhost:57117 for channel [id: 0x10a631fb, L:/127.0.0.1:58001 - R:localhost/127.0.0.1:57117]
15:37:05.329 [AsyncHttpClient-1-11] DEBUG org.asynchttpclient.netty.handler.HttpHandler - Channel Closed: [id: 0x10a631fb, L:/127.0.0.1:58001 ! R:localhost/127.0.0.1:57117] with attribute DISCARD
15:37:05.721 [AsyncHttpClient-1-1] DEBUG org.asynchttpclient.netty.channel.DefaultChannelPool - Entry count for : http://localhost:58002 : 1
15:37:05.721 [AsyncHttpClient-1-1] DEBUG org.asynchttpclient.netty.channel.DefaultChannelPool - Entry count for : http://localhost:57117 : 1
15:37:05.721 [AsyncHttpClient-1-1] DEBUG org.asynchttpclient.netty.channel.DefaultChannelPool - Adding Candidate expired Channel [id: 0xbd16129c, L:/127.0.0.1:58008 ! R:localhost/127.0.0.1:58002] isIdleTimeoutExpired=false isRemotelyClosed=true isTtlExpired=false
15:37:05.721 [AsyncHttpClient-1-1] DEBUG org.asynchttpclient.netty.channel.DefaultChannelPool - Closing Idle Channel [id: 0xbd16129c, L:/127.0.0.1:58008 ! R:localhost/127.0.0.1:58002]
15:37:05.721 [AsyncHttpClient-1-1] DEBUG org.asynchttpclient.netty.channel.DefaultChannelPool - Adding Candidate expired Channel [id: 0x10a631fb, L:/127.0.0.1:58001 ! R:localhost/127.0.0.1:57117] isIdleTimeoutExpired=false isRemotelyClosed=true isTtlExpired=false
15:37:05.721 [AsyncHttpClient-1-1] DEBUG org.asynchttpclient.netty.channel.DefaultChannelPool - Closing Idle Channel [id: 0x10a631fb, L:/127.0.0.1:58001 ! R:localhost/127.0.0.1:57117]
15:37:05.721 [AsyncHttpClient-1-1] DEBUG org.asynchttpclient.netty.channel.DefaultChannelPool - Closed 2 connections out of 2 in 0 ms
]]></system-out>
    <system-err><![CDATA[Starting Microsoft Edge WebDriver 111.0.1661.62 (0a8f453929e6410c973aa529a40485ce4e3e03db) on port 57117
To submit feedback, report a bug, or suggest new features, please visit https://github.com/MicrosoftEdge/EdgeWebDriver

Only local connections are allowed.
Please see https://aka.ms/WebDriverSecurity for suggestions on keeping Microsoft Edge WebDriver safe.

Microsoft Edge WebDriver was started successfully.
Apr 05, 2023 3:36:57 PM org.openqa.selenium.remote.ProtocolHandshake createSession
INFO: Detected dialect: W3C
Apr 05, 2023 3:36:57 PM org.openqa.selenium.devtools.CdpVersionFinder findNearestMatch
WARNING: Unable to find an exact match for CDP version 111, so returning the closest version found: a no-op implementation
Apr 05, 2023 3:36:57 PM org.openqa.selenium.devtools.CdpVersionFinder findNearestMatch
INFO: Unable to find CDP implementation matching 111.
Apr 05, 2023 3:36:57 PM org.openqa.selenium.chromium.ChromiumDriver lambda$new$3
WARNING: Unable to find version of CDP to use for . You may need to include a dependency on a specific version of the CDP using something similar to `org.seleniumhq.selenium:selenium-devtools-v86:4.1.2` where the version ("v86") matches the version of the chromium-based browser you're using and the version number of the artifact is the same as Selenium's.
]]></system-err>
  </testcase>
  <testcase name="Fitur Menu Baby #5" classname="Baby" time="10.103">
    <system-out><![CDATA[
Scenario Outline: Fitur Menu Baby &amp#27;[90m# src/test/resources/features/Baby.feature:97&amp#27;[0m
15:37:05.917 [main] INFO io.cucumber.core.plugin.SerenityReporter - Running feature from file:///C:/Users/alwi/IdeaProjects/uniqloweb/src/test/resources/features/Baby.feature
15:37:06.039 [main] DEBUG io.github.bonigarcia.wdm.cache.ResolutionCache - Resolution edge=111 in cache (valid until 16:17:30 05/04/2023 WIB)
15:37:06.044 [main] DEBUG io.github.bonigarcia.wdm.cache.ResolutionCache - Resolution edge111=111.0.1661.62 in cache (valid until 15:17:30 06/04/2023 WIB)
15:37:06.045 [main] INFO io.github.bonigarcia.wdm.WebDriverManager - Using msedgedriver 111.0.1661.62 (resolved driver for Edge 111)
15:37:06.064 [main] DEBUG io.github.bonigarcia.wdm.WebDriverManager - Driver msedgedriver 111.0.1661.62 found in cache
15:37:06.064 [main] INFO io.github.bonigarcia.wdm.WebDriverManager - Exporting webdriver.edge.driver as C:\Users\alwi\.cache\selenium\msedgedriver\win64\111.0.1661.62\msedgedriver.exe
15:37:06.066 [main] DEBUG net.serenitybdd.core.webdriver.driverproviders.ProvideNewDriver - Instantiating driver
15:37:06.066 [main] DEBUG net.serenitybdd.core.webdriver.driverproviders.ProvideNewDriver - Driver capabilities: Capabilities {base.url: https://www.uniqlo.com, chrome.driver: src/test/resources/webdrive..., driver: edge, ms:edgeChromium: true, ms:edgeOptions: {}, wait.for.timeout: 6000}
15:37:06.609 [AsyncHttpClient-1-14] DEBUG org.asynchttpclient.netty.channel.NettyConnectListener - Using new Channel '[id: 0x71141e2d, L:/127.0.0.1:58131 - R:localhost/127.0.0.1:55764]' for 'POST' to '/session'
15:37:07.230 [AsyncHttpClient-1-14] DEBUG org.asynchttpclient.netty.handler.HttpHandler - 

Request DefaultHttpRequest(decodeResult: success, version: HTTP/1.1)
POST /session HTTP/1.1
User-Agent: selenium/4.1.2 (java windows)
Content-Length: 627
Content-Type: application/json; charset=utf-8
host: localhost:55764
accept: */*

Response DefaultHttpResponse(decodeResult: success, version: HTTP/1.1)
HTTP/1.1 200 OK
Content-Type: application/json; charset=utf-8
cache-control: no-cache
content-length: 822

15:37:07.231 [AsyncHttpClient-1-14] DEBUG org.asynchttpclient.netty.channel.ChannelManager - Adding key: http://localhost:55764 for channel [id: 0x71141e2d, L:/127.0.0.1:58131 - R:localhost/127.0.0.1:55764]
15:37:07.237 [AsyncHttpClient-1-15] DEBUG org.asynchttpclient.netty.channel.NettyConnectListener - Using new Channel '[id: 0xffbd63e4, L:/127.0.0.1:58139 - R:localhost/127.0.0.1:58133]' for 'GET' to '/json/version'
15:37:07.244 [AsyncHttpClient-1-15] DEBUG org.asynchttpclient.netty.handler.HttpHandler - 

Request DefaultFullHttpRequest(decodeResult: success, version: HTTP/1.1, content: EmptyByteBufBE)
GET /json/version HTTP/1.1
User-Agent: selenium/4.1.2 (java windows)
host: localhost:58133
accept: */*

Response DefaultHttpResponse(decodeResult: success, version: HTTP/1.1)
HTTP/1.1 200 OK
Content-Security-Policy: frame-ancestors 'none'
Content-Type: application/json; charset=UTF-8
content-length: 436

15:37:07.244 [AsyncHttpClient-1-15] DEBUG org.asynchttpclient.netty.channel.ChannelManager - Adding key: http://localhost:58133 for channel [id: 0xffbd63e4, L:/127.0.0.1:58139 - R:localhost/127.0.0.1:58133]
15:37:07.247 [AsyncHttpClient-1-16] DEBUG org.asynchttpclient.netty.channel.NettyConnectListener - Using new Channel '[id: 0x2a8746d2, L:/127.0.0.1:58140 - R:localhost/127.0.0.1:58133]' for 'GET' to '/devtools/browser/722e09fa-c982-4355-bfe3-bac2064f246d'
15:37:07.251 [AsyncHttpClient-1-16] DEBUG org.asynchttpclient.netty.handler.WebSocketHandler - 

Request DefaultFullHttpRequest(decodeResult: success, version: HTTP/1.1, content: EmptyByteBufBE)
GET /devtools/browser/722e09fa-c982-4355-bfe3-bac2064f246d HTTP/1.1
upgrade: websocket
connection: upgrade
sec-websocket-key: 9jjnQijf903DBh4QtMhFrA==
sec-websocket-version: 13
origin: http://localhost:58133
host: localhost:58133
accept: */*
user-agent: AHC/2.1

Response DefaultHttpResponse(decodeResult: success, version: HTTP/1.1)
HTTP/1.1 101 WebSocket Protocol Handshake
Upgrade: WebSocket
Connection: Upgrade
Sec-WebSocket-Accept: 0u+W+0IF9pxcUvZhNw0lAlMwO2w=

15:37:07.255 [Forwarding get on session c9fb417880f8319f66dc8fc96edd1c2a to remote] DEBUG org.asynchttpclient.netty.request.NettyRequestSender - Using pooled Channel '[id: 0x71141e2d, L:/127.0.0.1:58131 - R:localhost/127.0.0.1:55764]' for 'POST' to 'http://localhost:55764/session/c9fb417880f8319f66dc8fc96edd1c2a/url'
15:37:07.255 [Forwarding get on session c9fb417880f8319f66dc8fc96edd1c2a to remote] DEBUG org.asynchttpclient.netty.request.NettyRequestSender - Using open Channel [id: 0x71141e2d, L:/127.0.0.1:58131 - R:localhost/127.0.0.1:55764] for POST '/session/c9fb417880f8319f66dc8fc96edd1c2a/url'
15:37:07.919 [AsyncHttpClient-1-1] DEBUG org.asynchttpclient.netty.channel.DefaultChannelPool - Entry count for : http://localhost:58133 : 1
15:37:09.015 [AsyncHttpClient-1-1] DEBUG org.asynchttpclient.netty.channel.DefaultChannelPool - Entry count for : http://localhost:58133 : 1
15:37:10.118 [AsyncHttpClient-1-1] DEBUG org.asynchttpclient.netty.channel.DefaultChannelPool - Entry count for : http://localhost:58133 : 1
15:37:11.215 [AsyncHttpClient-1-1] DEBUG org.asynchttpclient.netty.channel.DefaultChannelPool - Entry count for : http://localhost:58133 : 1
15:37:12.315 [AsyncHttpClient-1-1] DEBUG org.asynchttpclient.netty.channel.DefaultChannelPool - Entry count for : http://localhost:58133 : 1
15:37:12.787 [AsyncHttpClient-1-14] DEBUG org.asynchttpclient.netty.handler.HttpHandler - 

Request DefaultHttpRequest(decodeResult: success, version: HTTP/1.1)
POST /session/c9fb417880f8319f66dc8fc96edd1c2a/url HTTP/1.1
User-Agent: selenium/4.1.2 (java windows)
Content-Length: 53
Content-Type: application/json; charset=utf-8
host: localhost:55764
accept: */*

Response DefaultHttpResponse(decodeResult: success, version: HTTP/1.1)
HTTP/1.1 200 OK
Content-Type: application/json; charset=utf-8
cache-control: no-cache
content-length: 14

15:37:12.787 [AsyncHttpClient-1-14] DEBUG org.asynchttpclient.netty.channel.ChannelManager - Adding key: http://localhost:55764 for channel [id: 0x71141e2d, L:/127.0.0.1:58131 - R:localhost/127.0.0.1:55764]
15:37:12.789 [Forwarding setTimeout on session c9fb417880f8319f66dc8fc96edd1c2a to remote] DEBUG org.asynchttpclient.netty.request.NettyRequestSender - Using pooled Channel '[id: 0x71141e2d, L:/127.0.0.1:58131 - R:localhost/127.0.0.1:55764]' for 'POST' to 'http://localhost:55764/session/c9fb417880f8319f66dc8fc96edd1c2a/timeouts'
15:37:12.789 [Forwarding setTimeout on session c9fb417880f8319f66dc8fc96edd1c2a to remote] DEBUG org.asynchttpclient.netty.request.NettyRequestSender - Using open Channel [id: 0x71141e2d, L:/127.0.0.1:58131 - R:localhost/127.0.0.1:55764] for POST '/session/c9fb417880f8319f66dc8fc96edd1c2a/timeouts'
15:37:12.790 [AsyncHttpClient-1-14] DEBUG org.asynchttpclient.netty.handler.HttpHandler - 

Request DefaultHttpRequest(decodeResult: success, version: HTTP/1.1)
POST /session/c9fb417880f8319f66dc8fc96edd1c2a/timeouts HTTP/1.1
User-Agent: selenium/4.1.2 (java windows)
Content-Length: 22
Content-Type: application/json; charset=utf-8
host: localhost:55764
accept: */*

Response DefaultHttpResponse(decodeResult: success, version: HTTP/1.1)
HTTP/1.1 200 OK
Content-Type: application/json; charset=utf-8
cache-control: no-cache
content-length: 14

15:37:12.790 [AsyncHttpClient-1-14] DEBUG org.asynchttpclient.netty.channel.ChannelManager - Adding key: http://localhost:55764 for channel [id: 0x71141e2d, L:/127.0.0.1:58131 - R:localhost/127.0.0.1:55764]
15:37:12.793 [Forwarding getCurrentUrl on session c9fb417880f8319f66dc8fc96edd1c2a to remote] DEBUG org.asynchttpclient.netty.request.NettyRequestSender - Using pooled Channel '[id: 0x71141e2d, L:/127.0.0.1:58131 - R:localhost/127.0.0.1:55764]' for 'GET' to 'http://localhost:55764/session/c9fb417880f8319f66dc8fc96edd1c2a/url'
15:37:12.793 [Forwarding getCurrentUrl on session c9fb417880f8319f66dc8fc96edd1c2a to remote] DEBUG org.asynchttpclient.netty.request.NettyRequestSender - Using open Channel [id: 0x71141e2d, L:/127.0.0.1:58131 - R:localhost/127.0.0.1:55764] for GET '/session/c9fb417880f8319f66dc8fc96edd1c2a/url'
15:37:12.797 [AsyncHttpClient-1-14] DEBUG org.asynchttpclient.netty.handler.HttpHandler - 

Request DefaultFullHttpRequest(decodeResult: success, version: HTTP/1.1, content: EmptyByteBufBE)
GET /session/c9fb417880f8319f66dc8fc96edd1c2a/url HTTP/1.1
User-Agent: selenium/4.1.2 (java windows)
Cache-Control: no-cache
Content-Type: application/json; charset=utf-8
host: localhost:55764
accept: */*

Response DefaultHttpResponse(decodeResult: success, version: HTTP/1.1)
HTTP/1.1 200 OK
Content-Type: application/json; charset=utf-8
cache-control: no-cache
content-length: 41

15:37:12.798 [AsyncHttpClient-1-14] DEBUG org.asynchttpclient.netty.channel.ChannelManager - Adding key: http://localhost:55764 for channel [id: 0x71141e2d, L:/127.0.0.1:58131 - R:localhost/127.0.0.1:55764]
  &amp#27;[32mGiven &amp#27;[0m&amp#27;[32mI am on the home page&amp#27;[0m     &amp#27;[90m# starter.stepdefinitions.BabyStep.iAmOnTheHomePage()&amp#27;[0m
15:37:12.807 [Forwarding screenshot on session c9fb417880f8319f66dc8fc96edd1c2a to remote] DEBUG org.asynchttpclient.netty.request.NettyRequestSender - Using pooled Channel '[id: 0x71141e2d, L:/127.0.0.1:58131 - R:localhost/127.0.0.1:55764]' for 'GET' to 'http://localhost:55764/session/c9fb417880f8319f66dc8fc96edd1c2a/screenshot'
15:37:12.807 [Forwarding screenshot on session c9fb417880f8319f66dc8fc96edd1c2a to remote] DEBUG org.asynchttpclient.netty.request.NettyRequestSender - Using open Channel [id: 0x71141e2d, L:/127.0.0.1:58131 - R:localhost/127.0.0.1:55764] for GET '/session/c9fb417880f8319f66dc8fc96edd1c2a/screenshot'
15:37:13.138 [AsyncHttpClient-1-14] DEBUG org.asynchttpclient.netty.handler.HttpHandler - 

Request DefaultFullHttpRequest(decodeResult: success, version: HTTP/1.1, content: EmptyByteBufBE)
GET /session/c9fb417880f8319f66dc8fc96edd1c2a/screenshot HTTP/1.1
User-Agent: selenium/4.1.2 (java windows)
Cache-Control: no-cache
Content-Type: application/json; charset=utf-8
host: localhost:55764
accept: */*

Response DefaultHttpResponse(decodeResult: success, version: HTTP/1.1)
HTTP/1.1 200 OK
Content-Type: application/json; charset=utf-8
cache-control: no-cache
content-length: 1119968

15:37:13.141 [AsyncHttpClient-1-14] DEBUG org.asynchttpclient.netty.channel.ChannelManager - Adding key: http://localhost:55764 for channel [id: 0x71141e2d, L:/127.0.0.1:58131 - R:localhost/127.0.0.1:55764]
15:37:13.176 [main] DEBUG net.serenitybdd.core.photography.Darkroom - Send negative for processing for target\site\serenity\3d1b19ad31921c0beae4332facd941fcc81467ad5802877977ec6c100df601ce.png
15:37:13.187 [Forwarding findElement on session c9fb417880f8319f66dc8fc96edd1c2a to remote] DEBUG org.asynchttpclient.netty.request.NettyRequestSender - Using pooled Channel '[id: 0x71141e2d, L:/127.0.0.1:58131 - R:localhost/127.0.0.1:55764]' for 'POST' to 'http://localhost:55764/session/c9fb417880f8319f66dc8fc96edd1c2a/element'
15:37:13.187 [Forwarding findElement on session c9fb417880f8319f66dc8fc96edd1c2a to remote] DEBUG org.asynchttpclient.netty.request.NettyRequestSender - Using open Channel [id: 0x71141e2d, L:/127.0.0.1:58131 - R:localhost/127.0.0.1:55764] for POST '/session/c9fb417880f8319f66dc8fc96edd1c2a/element'
15:37:13.202 [AsyncHttpClient-1-14] DEBUG org.asynchttpclient.netty.handler.HttpHandler - 

Request DefaultHttpRequest(decodeResult: success, version: HTTP/1.1)
POST /session/c9fb417880f8319f66dc8fc96edd1c2a/element HTTP/1.1
User-Agent: selenium/4.1.2 (java windows)
Content-Length: 81
Content-Type: application/json; charset=utf-8
host: localhost:55764
accept: */*

Response DefaultHttpResponse(decodeResult: success, version: HTTP/1.1)
HTTP/1.1 200 OK
Content-Type: application/json; charset=utf-8
cache-control: no-cache
content-length: 88

15:37:13.202 [AsyncHttpClient-1-14] DEBUG org.asynchttpclient.netty.channel.ChannelManager - Adding key: http://localhost:55764 for channel [id: 0x71141e2d, L:/127.0.0.1:58131 - R:localhost/127.0.0.1:55764]
15:37:13.205 [Forwarding getElementTagName on session c9fb417880f8319f66dc8fc96edd1c2a to remote] DEBUG org.asynchttpclient.netty.request.NettyRequestSender - Using pooled Channel '[id: 0x71141e2d, L:/127.0.0.1:58131 - R:localhost/127.0.0.1:55764]' for 'GET' to 'http://localhost:55764/session/c9fb417880f8319f66dc8fc96edd1c2a/element/1f99cac9-953d-40fc-832d-49dbc51b465a/name'
15:37:13.205 [Forwarding getElementTagName on session c9fb417880f8319f66dc8fc96edd1c2a to remote] DEBUG org.asynchttpclient.netty.request.NettyRequestSender - Using open Channel [id: 0x71141e2d, L:/127.0.0.1:58131 - R:localhost/127.0.0.1:55764] for GET '/session/c9fb417880f8319f66dc8fc96edd1c2a/element/1f99cac9-953d-40fc-832d-49dbc51b465a/name'
15:37:13.209 [AsyncHttpClient-1-14] DEBUG org.asynchttpclient.netty.handler.HttpHandler - 

Request DefaultFullHttpRequest(decodeResult: success, version: HTTP/1.1, content: EmptyByteBufBE)
GET /session/c9fb417880f8319f66dc8fc96edd1c2a/element/1f99cac9-953d-40fc-832d-49dbc51b465a/name HTTP/1.1
User-Agent: selenium/4.1.2 (java windows)
Cache-Control: no-cache
Content-Type: application/json; charset=utf-8
host: localhost:55764
accept: */*

Response DefaultHttpResponse(decodeResult: success, version: HTTP/1.1)
HTTP/1.1 200 OK
Content-Type: application/json; charset=utf-8
cache-control: no-cache
content-length: 16

15:37:13.209 [AsyncHttpClient-1-14] DEBUG org.asynchttpclient.netty.channel.ChannelManager - Adding key: http://localhost:55764 for channel [id: 0x71141e2d, L:/127.0.0.1:58131 - R:localhost/127.0.0.1:55764]
15:37:13.211 [Forwarding getElementTagName on session c9fb417880f8319f66dc8fc96edd1c2a to remote] DEBUG org.asynchttpclient.netty.request.NettyRequestSender - Using pooled Channel '[id: 0x71141e2d, L:/127.0.0.1:58131 - R:localhost/127.0.0.1:55764]' for 'GET' to 'http://localhost:55764/session/c9fb417880f8319f66dc8fc96edd1c2a/element/1f99cac9-953d-40fc-832d-49dbc51b465a/name'
15:37:13.211 [Forwarding getElementTagName on session c9fb417880f8319f66dc8fc96edd1c2a to remote] DEBUG org.asynchttpclient.netty.request.NettyRequestSender - Using open Channel [id: 0x71141e2d, L:/127.0.0.1:58131 - R:localhost/127.0.0.1:55764] for GET '/session/c9fb417880f8319f66dc8fc96edd1c2a/element/1f99cac9-953d-40fc-832d-49dbc51b465a/name'
15:37:13.213 [AsyncHttpClient-1-14] DEBUG org.asynchttpclient.netty.handler.HttpHandler - 

Request DefaultFullHttpRequest(decodeResult: success, version: HTTP/1.1, content: EmptyByteBufBE)
GET /session/c9fb417880f8319f66dc8fc96edd1c2a/element/1f99cac9-953d-40fc-832d-49dbc51b465a/name HTTP/1.1
User-Agent: selenium/4.1.2 (java windows)
Cache-Control: no-cache
Content-Type: application/json; charset=utf-8
host: localhost:55764
accept: */*

Response DefaultHttpResponse(decodeResult: success, version: HTTP/1.1)
HTTP/1.1 200 OK
Content-Type: application/json; charset=utf-8
cache-control: no-cache
content-length: 16

15:37:13.213 [AsyncHttpClient-1-14] DEBUG org.asynchttpclient.netty.channel.ChannelManager - Adding key: http://localhost:55764 for channel [id: 0x71141e2d, L:/127.0.0.1:58131 - R:localhost/127.0.0.1:55764]
15:37:13.215 [Forwarding findElement on session c9fb417880f8319f66dc8fc96edd1c2a to remote] DEBUG org.asynchttpclient.netty.request.NettyRequestSender - Using pooled Channel '[id: 0x71141e2d, L:/127.0.0.1:58131 - R:localhost/127.0.0.1:55764]' for 'POST' to 'http://localhost:55764/session/c9fb417880f8319f66dc8fc96edd1c2a/element'
15:37:13.215 [Forwarding findElement on session c9fb417880f8319f66dc8fc96edd1c2a to remote] DEBUG org.asynchttpclient.netty.request.NettyRequestSender - Using open Channel [id: 0x71141e2d, L:/127.0.0.1:58131 - R:localhost/127.0.0.1:55764] for POST '/session/c9fb417880f8319f66dc8fc96edd1c2a/element'
15:37:13.224 [AsyncHttpClient-1-14] DEBUG org.asynchttpclient.netty.handler.HttpHandler - 

Request DefaultHttpRequest(decodeResult: success, version: HTTP/1.1)
POST /session/c9fb417880f8319f66dc8fc96edd1c2a/element HTTP/1.1
User-Agent: selenium/4.1.2 (java windows)
Content-Length: 81
Content-Type: application/json; charset=utf-8
host: localhost:55764
accept: */*

Response DefaultHttpResponse(decodeResult: success, version: HTTP/1.1)
HTTP/1.1 200 OK
Content-Type: application/json; charset=utf-8
cache-control: no-cache
content-length: 88

15:37:13.224 [AsyncHttpClient-1-14] DEBUG org.asynchttpclient.netty.channel.ChannelManager - Adding key: http://localhost:55764 for channel [id: 0x71141e2d, L:/127.0.0.1:58131 - R:localhost/127.0.0.1:55764]
15:37:13.226 [Forwarding clickElement on session c9fb417880f8319f66dc8fc96edd1c2a to remote] DEBUG org.asynchttpclient.netty.request.NettyRequestSender - Using pooled Channel '[id: 0x71141e2d, L:/127.0.0.1:58131 - R:localhost/127.0.0.1:55764]' for 'POST' to 'http://localhost:55764/session/c9fb417880f8319f66dc8fc96edd1c2a/element/1f99cac9-953d-40fc-832d-49dbc51b465a/click'
15:37:13.226 [Forwarding clickElement on session c9fb417880f8319f66dc8fc96edd1c2a to remote] DEBUG org.asynchttpclient.netty.request.NettyRequestSender - Using open Channel [id: 0x71141e2d, L:/127.0.0.1:58131 - R:localhost/127.0.0.1:55764] for POST '/session/c9fb417880f8319f66dc8fc96edd1c2a/element/1f99cac9-953d-40fc-832d-49dbc51b465a/click'
15:37:13.415 [AsyncHttpClient-1-1] DEBUG org.asynchttpclient.netty.channel.DefaultChannelPool - Entry count for : http://localhost:58133 : 1
15:37:13.711 [AsyncHttpClient-1-14] DEBUG org.asynchttpclient.netty.handler.HttpHandler - 

Request DefaultHttpRequest(decodeResult: success, version: HTTP/1.1)
POST /session/c9fb417880f8319f66dc8fc96edd1c2a/element/1f99cac9-953d-40fc-832d-49dbc51b465a/click HTTP/1.1
User-Agent: selenium/4.1.2 (java windows)
Content-Length: 50
Content-Type: application/json; charset=utf-8
host: localhost:55764
accept: */*

Response DefaultHttpResponse(decodeResult: success, version: HTTP/1.1)
HTTP/1.1 200 OK
Content-Type: application/json; charset=utf-8
cache-control: no-cache
content-length: 14

15:37:13.711 [AsyncHttpClient-1-14] DEBUG org.asynchttpclient.netty.channel.ChannelManager - Adding key: http://localhost:55764 for channel [id: 0x71141e2d, L:/127.0.0.1:58131 - R:localhost/127.0.0.1:55764]
  &amp#27;[32mThen &amp#27;[0m&amp#27;[32mI click baby on the header&amp#27;[0m &amp#27;[90m# starter.stepdefinitions.BabyStep.iClickBabyOnTheHeader()&amp#27;[0m
15:37:13.725 [Forwarding screenshot on session c9fb417880f8319f66dc8fc96edd1c2a to remote] DEBUG org.asynchttpclient.netty.request.NettyRequestSender - Using pooled Channel '[id: 0x71141e2d, L:/127.0.0.1:58131 - R:localhost/127.0.0.1:55764]' for 'GET' to 'http://localhost:55764/session/c9fb417880f8319f66dc8fc96edd1c2a/screenshot'
15:37:13.725 [Forwarding screenshot on session c9fb417880f8319f66dc8fc96edd1c2a to remote] DEBUG org.asynchttpclient.netty.request.NettyRequestSender - Using open Channel [id: 0x71141e2d, L:/127.0.0.1:58131 - R:localhost/127.0.0.1:55764] for GET '/session/c9fb417880f8319f66dc8fc96edd1c2a/screenshot'
15:37:14.516 [AsyncHttpClient-1-1] DEBUG org.asynchttpclient.netty.channel.DefaultChannelPool - Entry count for : http://localhost:58133 : 1
15:37:14.583 [AsyncHttpClient-1-14] DEBUG org.asynchttpclient.netty.handler.HttpHandler - 

Request DefaultFullHttpRequest(decodeResult: success, version: HTTP/1.1, content: EmptyByteBufBE)
GET /session/c9fb417880f8319f66dc8fc96edd1c2a/screenshot HTTP/1.1
User-Agent: selenium/4.1.2 (java windows)
Cache-Control: no-cache
Content-Type: application/json; charset=utf-8
host: localhost:55764
accept: */*

Response DefaultHttpResponse(decodeResult: success, version: HTTP/1.1)
HTTP/1.1 200 OK
Content-Type: application/json; charset=utf-8
cache-control: no-cache
content-length: 137764

15:37:14.583 [AsyncHttpClient-1-14] DEBUG org.asynchttpclient.netty.channel.ChannelManager - Adding key: http://localhost:55764 for channel [id: 0x71141e2d, L:/127.0.0.1:58131 - R:localhost/127.0.0.1:55764]
15:37:14.590 [main] DEBUG net.serenitybdd.core.photography.Darkroom - Send negative for processing for target\site\serenity\0be983da6af67cf6610257f6939cb093aa0bb702c0e247bbd92a0fb853a68a36.png
15:37:14.591 [Darkroom Processing Line] DEBUG net.serenitybdd.core.photography.DarkroomProcessingLine - Processing screenshot image in /var/screenshots/screenshot-16888450078383664544
15:37:14.591 [Darkroom Processing Line] DEBUG net.serenitybdd.core.photography.DarkroomProcessingLine - Saving screenshot to target\site\serenity\0be983da6af67cf6610257f6939cb093aa0bb702c0e247bbd92a0fb853a68a36.png
15:37:14.600 [Forwarding findElement on session c9fb417880f8319f66dc8fc96edd1c2a to remote] DEBUG org.asynchttpclient.netty.request.NettyRequestSender - Using pooled Channel '[id: 0x71141e2d, L:/127.0.0.1:58131 - R:localhost/127.0.0.1:55764]' for 'POST' to 'http://localhost:55764/session/c9fb417880f8319f66dc8fc96edd1c2a/element'
15:37:14.600 [Forwarding findElement on session c9fb417880f8319f66dc8fc96edd1c2a to remote] DEBUG org.asynchttpclient.netty.request.NettyRequestSender - Using open Channel [id: 0x71141e2d, L:/127.0.0.1:58131 - R:localhost/127.0.0.1:55764] for POST '/session/c9fb417880f8319f66dc8fc96edd1c2a/element'
15:37:14.612 [AsyncHttpClient-1-14] DEBUG org.asynchttpclient.netty.handler.HttpHandler - 

Request DefaultHttpRequest(decodeResult: success, version: HTTP/1.1)
POST /session/c9fb417880f8319f66dc8fc96edd1c2a/element HTTP/1.1
User-Agent: selenium/4.1.2 (java windows)
Content-Length: 104
Content-Type: application/json; charset=utf-8
host: localhost:55764
accept: */*

Response DefaultHttpResponse(decodeResult: success, version: HTTP/1.1)
HTTP/1.1 200 OK
Content-Type: application/json; charset=utf-8
cache-control: no-cache
content-length: 88

15:37:14.613 [AsyncHttpClient-1-14] DEBUG org.asynchttpclient.netty.channel.ChannelManager - Adding key: http://localhost:55764 for channel [id: 0x71141e2d, L:/127.0.0.1:58131 - R:localhost/127.0.0.1:55764]
15:37:14.614 [Forwarding getElementTagName on session c9fb417880f8319f66dc8fc96edd1c2a to remote] DEBUG org.asynchttpclient.netty.request.NettyRequestSender - Using pooled Channel '[id: 0x71141e2d, L:/127.0.0.1:58131 - R:localhost/127.0.0.1:55764]' for 'GET' to 'http://localhost:55764/session/c9fb417880f8319f66dc8fc96edd1c2a/element/563d13bb-9d55-4101-a855-52d4e9ce9409/name'
15:37:14.614 [Forwarding getElementTagName on session c9fb417880f8319f66dc8fc96edd1c2a to remote] DEBUG org.asynchttpclient.netty.request.NettyRequestSender - Using open Channel [id: 0x71141e2d, L:/127.0.0.1:58131 - R:localhost/127.0.0.1:55764] for GET '/session/c9fb417880f8319f66dc8fc96edd1c2a/element/563d13bb-9d55-4101-a855-52d4e9ce9409/name'
15:37:14.619 [AsyncHttpClient-1-14] DEBUG org.asynchttpclient.netty.handler.HttpHandler - 

Request DefaultFullHttpRequest(decodeResult: success, version: HTTP/1.1, content: EmptyByteBufBE)
GET /session/c9fb417880f8319f66dc8fc96edd1c2a/element/563d13bb-9d55-4101-a855-52d4e9ce9409/name HTTP/1.1
User-Agent: selenium/4.1.2 (java windows)
Cache-Control: no-cache
Content-Type: application/json; charset=utf-8
host: localhost:55764
accept: */*

Response DefaultHttpResponse(decodeResult: success, version: HTTP/1.1)
HTTP/1.1 200 OK
Content-Type: application/json; charset=utf-8
cache-control: no-cache
content-length: 16

15:37:14.619 [AsyncHttpClient-1-14] DEBUG org.asynchttpclient.netty.channel.ChannelManager - Adding key: http://localhost:55764 for channel [id: 0x71141e2d, L:/127.0.0.1:58131 - R:localhost/127.0.0.1:55764]
15:37:14.620 [Forwarding getElementTagName on session c9fb417880f8319f66dc8fc96edd1c2a to remote] DEBUG org.asynchttpclient.netty.request.NettyRequestSender - Using pooled Channel '[id: 0x71141e2d, L:/127.0.0.1:58131 - R:localhost/127.0.0.1:55764]' for 'GET' to 'http://localhost:55764/session/c9fb417880f8319f66dc8fc96edd1c2a/element/563d13bb-9d55-4101-a855-52d4e9ce9409/name'
15:37:14.620 [Forwarding getElementTagName on session c9fb417880f8319f66dc8fc96edd1c2a to remote] DEBUG org.asynchttpclient.netty.request.NettyRequestSender - Using open Channel [id: 0x71141e2d, L:/127.0.0.1:58131 - R:localhost/127.0.0.1:55764] for GET '/session/c9fb417880f8319f66dc8fc96edd1c2a/element/563d13bb-9d55-4101-a855-52d4e9ce9409/name'
15:37:14.624 [AsyncHttpClient-1-14] DEBUG org.asynchttpclient.netty.handler.HttpHandler - 

Request DefaultFullHttpRequest(decodeResult: success, version: HTTP/1.1, content: EmptyByteBufBE)
GET /session/c9fb417880f8319f66dc8fc96edd1c2a/element/563d13bb-9d55-4101-a855-52d4e9ce9409/name HTTP/1.1
User-Agent: selenium/4.1.2 (java windows)
Cache-Control: no-cache
Content-Type: application/json; charset=utf-8
host: localhost:55764
accept: */*

Response DefaultHttpResponse(decodeResult: success, version: HTTP/1.1)
HTTP/1.1 200 OK
Content-Type: application/json; charset=utf-8
cache-control: no-cache
content-length: 16

15:37:14.624 [AsyncHttpClient-1-14] DEBUG org.asynchttpclient.netty.channel.ChannelManager - Adding key: http://localhost:55764 for channel [id: 0x71141e2d, L:/127.0.0.1:58131 - R:localhost/127.0.0.1:55764]
15:37:14.626 [Forwarding findElement on session c9fb417880f8319f66dc8fc96edd1c2a to remote] DEBUG org.asynchttpclient.netty.request.NettyRequestSender - Using pooled Channel '[id: 0x71141e2d, L:/127.0.0.1:58131 - R:localhost/127.0.0.1:55764]' for 'POST' to 'http://localhost:55764/session/c9fb417880f8319f66dc8fc96edd1c2a/element'
15:37:14.626 [Forwarding findElement on session c9fb417880f8319f66dc8fc96edd1c2a to remote] DEBUG org.asynchttpclient.netty.request.NettyRequestSender - Using open Channel [id: 0x71141e2d, L:/127.0.0.1:58131 - R:localhost/127.0.0.1:55764] for POST '/session/c9fb417880f8319f66dc8fc96edd1c2a/element'
15:37:14.635 [AsyncHttpClient-1-14] DEBUG org.asynchttpclient.netty.handler.HttpHandler - 

Request DefaultHttpRequest(decodeResult: success, version: HTTP/1.1)
POST /session/c9fb417880f8319f66dc8fc96edd1c2a/element HTTP/1.1
User-Agent: selenium/4.1.2 (java windows)
Content-Length: 104
Content-Type: application/json; charset=utf-8
host: localhost:55764
accept: */*

Response DefaultHttpResponse(decodeResult: success, version: HTTP/1.1)
HTTP/1.1 200 OK
Content-Type: application/json; charset=utf-8
cache-control: no-cache
content-length: 88

15:37:14.635 [AsyncHttpClient-1-14] DEBUG org.asynchttpclient.netty.channel.ChannelManager - Adding key: http://localhost:55764 for channel [id: 0x71141e2d, L:/127.0.0.1:58131 - R:localhost/127.0.0.1:55764]
15:37:14.636 [Forwarding clickElement on session c9fb417880f8319f66dc8fc96edd1c2a to remote] DEBUG org.asynchttpclient.netty.request.NettyRequestSender - Using pooled Channel '[id: 0x71141e2d, L:/127.0.0.1:58131 - R:localhost/127.0.0.1:55764]' for 'POST' to 'http://localhost:55764/session/c9fb417880f8319f66dc8fc96edd1c2a/element/563d13bb-9d55-4101-a855-52d4e9ce9409/click'
15:37:14.636 [Forwarding clickElement on session c9fb417880f8319f66dc8fc96edd1c2a to remote] DEBUG org.asynchttpclient.netty.request.NettyRequestSender - Using open Channel [id: 0x71141e2d, L:/127.0.0.1:58131 - R:localhost/127.0.0.1:55764] for POST '/session/c9fb417880f8319f66dc8fc96edd1c2a/element/563d13bb-9d55-4101-a855-52d4e9ce9409/click'
15:37:14.823 [AsyncHttpClient-1-14] DEBUG org.asynchttpclient.netty.handler.HttpHandler - 

Request DefaultHttpRequest(decodeResult: success, version: HTTP/1.1)
POST /session/c9fb417880f8319f66dc8fc96edd1c2a/element/563d13bb-9d55-4101-a855-52d4e9ce9409/click HTTP/1.1
User-Agent: selenium/4.1.2 (java windows)
Content-Length: 50
Content-Type: application/json; charset=utf-8
host: localhost:55764
accept: */*

Response DefaultHttpResponse(decodeResult: success, version: HTTP/1.1)
HTTP/1.1 200 OK
Content-Type: application/json; charset=utf-8
cache-control: no-cache
content-length: 14

15:37:14.824 [AsyncHttpClient-1-14] DEBUG org.asynchttpclient.netty.channel.ChannelManager - Adding key: http://localhost:55764 for channel [id: 0x71141e2d, L:/127.0.0.1:58131 - R:localhost/127.0.0.1:55764]
  &amp#27;[32mWhen &amp#27;[0m&amp#27;[32mI will go to &amp#27;[0m&amp#27;[32m&amp#27;[1m"luaran1"&amp#27;[0m     &amp#27;[90m# starter.stepdefinitions.BabyStep.iWillGoTo(java.lang.String)&amp#27;[0m
15:37:14.833 [Forwarding screenshot on session c9fb417880f8319f66dc8fc96edd1c2a to remote] DEBUG org.asynchttpclient.netty.request.NettyRequestSender - Using pooled Channel '[id: 0x71141e2d, L:/127.0.0.1:58131 - R:localhost/127.0.0.1:55764]' for 'GET' to 'http://localhost:55764/session/c9fb417880f8319f66dc8fc96edd1c2a/screenshot'
15:37:14.833 [Forwarding screenshot on session c9fb417880f8319f66dc8fc96edd1c2a to remote] DEBUG org.asynchttpclient.netty.request.NettyRequestSender - Using open Channel [id: 0x71141e2d, L:/127.0.0.1:58131 - R:localhost/127.0.0.1:55764] for GET '/session/c9fb417880f8319f66dc8fc96edd1c2a/screenshot'
15:37:15.209 [AsyncHttpClient-1-14] DEBUG org.asynchttpclient.netty.handler.HttpHandler - 

Request DefaultFullHttpRequest(decodeResult: success, version: HTTP/1.1, content: EmptyByteBufBE)
GET /session/c9fb417880f8319f66dc8fc96edd1c2a/screenshot HTTP/1.1
User-Agent: selenium/4.1.2 (java windows)
Cache-Control: no-cache
Content-Type: application/json; charset=utf-8
host: localhost:55764
accept: */*

Response DefaultHttpResponse(decodeResult: success, version: HTTP/1.1)
HTTP/1.1 200 OK
Content-Type: application/json; charset=utf-8
cache-control: no-cache
content-length: 79532

15:37:15.210 [AsyncHttpClient-1-14] DEBUG org.asynchttpclient.netty.channel.ChannelManager - Adding key: http://localhost:55764 for channel [id: 0x71141e2d, L:/127.0.0.1:58131 - R:localhost/127.0.0.1:55764]
15:37:15.213 [main] DEBUG net.serenitybdd.core.photography.Darkroom - Send negative for processing for target\site\serenity\f216256068c9a7f96cdd1d93a8439e43b980d023bc94c77f315ca34bb7d65399.png
15:37:15.214 [Darkroom Processing Line] DEBUG net.serenitybdd.core.photography.DarkroomProcessingLine - Processing screenshot image in /var/screenshots/screenshot-9413505346249894194
15:37:15.214 [Darkroom Processing Line] DEBUG net.serenitybdd.core.photography.DarkroomProcessingLine - Saving screenshot to target\site\serenity\f216256068c9a7f96cdd1d93a8439e43b980d023bc94c77f315ca34bb7d65399.png
  &amp#27;[32mAnd &amp#27;[0m&amp#27;[32mI &amp#27;[0m&amp#27;[32m&amp#27;[1m""&amp#27;[0m&amp#27;[32m page&amp#27;[0m                   &amp#27;[90m# starter.stepdefinitions.BabyStep.iPage(java.lang.String)&amp#27;[0m
15:37:15.231 [AsyncHttpClient-1-16] DEBUG org.asynchttpclient.netty.handler.WebSocketHandler - Channel Closed: [id: 0x2a8746d2, L:/127.0.0.1:58140 ! R:localhost/127.0.0.1:58133] with attribute NettyResponseFuture{currentRetry=5,
	isDone=1,
	isCancelled=0,
	asyncHandler=org.asynchttpclient.ws.WebSocketUpgradeHandler@184343db,
	nettyRequest=org.asynchttpclient.netty.request.NettyRequest@5d41ceb7,
	future=java.util.concurrent.CompletableFuture@16f44bc4[Completed normally],
	uri=ws://localhost:58133/devtools/browser/722e09fa-c982-4355-bfe3-bac2064f246d,
	keepAlive=true,
	redirectCount=0,
	timeoutsHolder=null,
	inAuth=0,
	touch=1680683827251}
15:37:15.231 [AsyncHttpClient-1-16] DEBUG org.asynchttpclient.netty.channel.ChannelManager - Closing Channel [id: 0x2a8746d2, L:/127.0.0.1:58140 ! R:localhost/127.0.0.1:58133] 
15:37:15.231 [Driver Command Executor] DEBUG org.asynchttpclient.netty.request.NettyRequestSender - Using pooled Channel '[id: 0x71141e2d, L:/127.0.0.1:58131 - R:localhost/127.0.0.1:55764]' for 'DELETE' to 'http://localhost:55764/session/c9fb417880f8319f66dc8fc96edd1c2a'
15:37:15.231 [Driver Command Executor] DEBUG org.asynchttpclient.netty.request.NettyRequestSender - Using open Channel [id: 0x71141e2d, L:/127.0.0.1:58131 - R:localhost/127.0.0.1:55764] for DELETE '/session/c9fb417880f8319f66dc8fc96edd1c2a'
15:37:15.266 [AsyncHttpClient-1-15] DEBUG org.asynchttpclient.netty.handler.HttpHandler - Unexpected I/O exception on channel [id: 0xffbd63e4, L:/127.0.0.1:58139 - R:localhost/127.0.0.1:58133]
java.net.SocketException: Connection reset
	at java.base/sun.nio.ch.SocketChannelImpl.throwConnectionReset(SocketChannelImpl.java:345)
	at java.base/sun.nio.ch.SocketChannelImpl.read(SocketChannelImpl.java:376)
	at io.netty.buffer.PooledByteBuf.setBytes(PooledByteBuf.java:258)
	at io.netty.buffer.AbstractByteBuf.writeBytes(AbstractByteBuf.java:1132)
	at io.netty.channel.socket.nio.NioSocketChannel.doReadBytes(NioSocketChannel.java:350)
	at io.netty.channel.nio.AbstractNioByteChannel$NioByteUnsafe.read(AbstractNioByteChannel.java:151)
	at io.netty.channel.nio.NioEventLoop.processSelectedKey(NioEventLoop.java:722)
	at io.netty.channel.nio.NioEventLoop.processSelectedKeysOptimized(NioEventLoop.java:658)
	at io.netty.channel.nio.NioEventLoop.processSelectedKeys(NioEventLoop.java:584)
	at io.netty.channel.nio.NioEventLoop.run(NioEventLoop.java:496)
	at io.netty.util.concurrent.SingleThreadEventExecutor$4.run(SingleThreadEventExecutor.java:986)
	at io.netty.util.internal.ThreadExecutorMap$2.run(ThreadExecutorMap.java:74)
	at io.netty.util.concurrent.FastThreadLocalRunnable.run(FastThreadLocalRunnable.java:30)
	at java.base/java.lang.Thread.run(Thread.java:830)
15:37:15.266 [AsyncHttpClient-1-15] DEBUG org.asynchttpclient.netty.channel.ChannelManager - Closing Channel [id: 0xffbd63e4, L:/127.0.0.1:58139 - R:localhost/127.0.0.1:58133] 
15:37:15.267 [AsyncHttpClient-1-15] DEBUG org.asynchttpclient.netty.handler.HttpHandler - Channel Closed: [id: 0xffbd63e4, L:/127.0.0.1:58139 ! R:localhost/127.0.0.1:58133] with attribute DISCARD
15:37:15.288 [AsyncHttpClient-1-14] DEBUG org.asynchttpclient.netty.handler.HttpHandler - 

Request DefaultFullHttpRequest(decodeResult: success, version: HTTP/1.1, content: EmptyByteBufBE)
DELETE /session/c9fb417880f8319f66dc8fc96edd1c2a HTTP/1.1
User-Agent: selenium/4.1.2 (java windows)
Content-Type: application/json; charset=utf-8
host: localhost:55764
accept: */*

Response DefaultHttpResponse(decodeResult: success, version: HTTP/1.1)
HTTP/1.1 200 OK
Content-Type: application/json; charset=utf-8
cache-control: no-cache
content-length: 14

15:37:15.288 [AsyncHttpClient-1-14] DEBUG org.asynchttpclient.netty.channel.ChannelManager - Adding key: http://localhost:55764 for channel [id: 0x71141e2d, L:/127.0.0.1:58131 - R:localhost/127.0.0.1:55764]
15:37:15.433 [AsyncHttpClient-1-14] DEBUG org.asynchttpclient.netty.handler.HttpHandler - Channel Closed: [id: 0x71141e2d, L:/127.0.0.1:58131 ! R:localhost/127.0.0.1:55764] with attribute DISCARD
15:37:15.618 [AsyncHttpClient-1-1] DEBUG org.asynchttpclient.netty.channel.DefaultChannelPool - Entry count for : http://localhost:58133 : 1
15:37:15.618 [AsyncHttpClient-1-1] DEBUG org.asynchttpclient.netty.channel.DefaultChannelPool - Entry count for : http://localhost:55764 : 1
15:37:15.618 [AsyncHttpClient-1-1] DEBUG org.asynchttpclient.netty.channel.DefaultChannelPool - Adding Candidate expired Channel [id: 0xffbd63e4, L:/127.0.0.1:58139 ! R:localhost/127.0.0.1:58133] isIdleTimeoutExpired=false isRemotelyClosed=true isTtlExpired=false
15:37:15.618 [AsyncHttpClient-1-1] DEBUG org.asynchttpclient.netty.channel.DefaultChannelPool - Closing Idle Channel [id: 0xffbd63e4, L:/127.0.0.1:58139 ! R:localhost/127.0.0.1:58133]
15:37:15.618 [AsyncHttpClient-1-1] DEBUG org.asynchttpclient.netty.channel.DefaultChannelPool - Adding Candidate expired Channel [id: 0x71141e2d, L:/127.0.0.1:58131 ! R:localhost/127.0.0.1:55764] isIdleTimeoutExpired=false isRemotelyClosed=true isTtlExpired=false
15:37:15.618 [AsyncHttpClient-1-1] DEBUG org.asynchttpclient.netty.channel.DefaultChannelPool - Closing Idle Channel [id: 0x71141e2d, L:/127.0.0.1:58131 ! R:localhost/127.0.0.1:55764]
15:37:15.618 [AsyncHttpClient-1-1] DEBUG org.asynchttpclient.netty.channel.DefaultChannelPool - Closed 2 connections out of 2 in 0 ms
]]></system-out>
    <system-err><![CDATA[Starting Microsoft Edge WebDriver 111.0.1661.62 (0a8f453929e6410c973aa529a40485ce4e3e03db) on port 55764
To submit feedback, report a bug, or suggest new features, please visit https://github.com/MicrosoftEdge/EdgeWebDriver

Only local connections are allowed.
Please see https://aka.ms/WebDriverSecurity for suggestions on keeping Microsoft Edge WebDriver safe.

Microsoft Edge WebDriver was started successfully.
Apr 05, 2023 3:37:07 PM org.openqa.selenium.remote.ProtocolHandshake createSession
INFO: Detected dialect: W3C
Apr 05, 2023 3:37:07 PM org.openqa.selenium.devtools.CdpVersionFinder findNearestMatch
WARNING: Unable to find an exact match for CDP version 111, so returning the closest version found: a no-op implementation
Apr 05, 2023 3:37:07 PM org.openqa.selenium.devtools.CdpVersionFinder findNearestMatch
INFO: Unable to find CDP implementation matching 111.
Apr 05, 2023 3:37:07 PM org.openqa.selenium.chromium.ChromiumDriver lambda$new$3
WARNING: Unable to find version of CDP to use for . You may need to include a dependency on a specific version of the CDP using something similar to `org.seleniumhq.selenium:selenium-devtools-v86:4.1.2` where the version ("v86") matches the version of the chromium-based browser you're using and the version number of the artifact is the same as Selenium's.
]]></system-err>
  </testcase>
  <testcase name="Fitur Menu Baby #6" classname="Baby" time="11.195">
    <system-out><![CDATA[
Scenario Outline: Fitur Menu Baby &amp#27;[90m# src/test/resources/features/Baby.feature:98&amp#27;[0m
15:37:16.021 [main] INFO io.cucumber.core.plugin.SerenityReporter - Running feature from file:///C:/Users/alwi/IdeaProjects/uniqloweb/src/test/resources/features/Baby.feature
15:37:16.135 [main] DEBUG io.github.bonigarcia.wdm.cache.ResolutionCache - Resolution edge=111 in cache (valid until 16:17:30 05/04/2023 WIB)
15:37:16.139 [main] DEBUG io.github.bonigarcia.wdm.cache.ResolutionCache - Resolution edge111=111.0.1661.62 in cache (valid until 15:17:30 06/04/2023 WIB)
15:37:16.141 [main] INFO io.github.bonigarcia.wdm.WebDriverManager - Using msedgedriver 111.0.1661.62 (resolved driver for Edge 111)
15:37:16.154 [main] DEBUG io.github.bonigarcia.wdm.WebDriverManager - Driver msedgedriver 111.0.1661.62 found in cache
15:37:16.154 [main] INFO io.github.bonigarcia.wdm.WebDriverManager - Exporting webdriver.edge.driver as C:\Users\alwi\.cache\selenium\msedgedriver\win64\111.0.1661.62\msedgedriver.exe
15:37:16.156 [main] DEBUG net.serenitybdd.core.webdriver.driverproviders.ProvideNewDriver - Instantiating driver
15:37:16.156 [main] DEBUG net.serenitybdd.core.webdriver.driverproviders.ProvideNewDriver - Driver capabilities: Capabilities {base.url: https://www.uniqlo.com, chrome.driver: src/test/resources/webdrive..., driver: edge, ms:edgeChromium: true, ms:edgeOptions: {}, wait.for.timeout: 6000}
15:37:16.709 [AsyncHttpClient-1-17] DEBUG org.asynchttpclient.netty.channel.NettyConnectListener - Using new Channel '[id: 0xe95fdc12, L:/127.0.0.1:58258 - R:localhost/127.0.0.1:51506]' for 'POST' to '/session'
15:37:17.291 [AsyncHttpClient-1-17] DEBUG org.asynchttpclient.netty.handler.HttpHandler - 

Request DefaultHttpRequest(decodeResult: success, version: HTTP/1.1)
POST /session HTTP/1.1
User-Agent: selenium/4.1.2 (java windows)
Content-Length: 627
Content-Type: application/json; charset=utf-8
host: localhost:51506
accept: */*

Response DefaultHttpResponse(decodeResult: success, version: HTTP/1.1)
HTTP/1.1 200 OK
Content-Type: application/json; charset=utf-8
cache-control: no-cache
content-length: 823

15:37:17.291 [AsyncHttpClient-1-17] DEBUG org.asynchttpclient.netty.channel.ChannelManager - Adding key: http://localhost:51506 for channel [id: 0xe95fdc12, L:/127.0.0.1:58258 - R:localhost/127.0.0.1:51506]
15:37:17.298 [AsyncHttpClient-1-2] DEBUG org.asynchttpclient.netty.channel.NettyConnectListener - Using new Channel '[id: 0xa76303c7, L:/127.0.0.1:58264 - R:localhost/127.0.0.1:58259]' for 'GET' to '/json/version'
15:37:17.299 [AsyncHttpClient-1-2] DEBUG org.asynchttpclient.netty.handler.HttpHandler - 

Request DefaultFullHttpRequest(decodeResult: success, version: HTTP/1.1, content: EmptyByteBufBE)
GET /json/version HTTP/1.1
User-Agent: selenium/4.1.2 (java windows)
host: localhost:58259
accept: */*

Response DefaultHttpResponse(decodeResult: success, version: HTTP/1.1)
HTTP/1.1 200 OK
Content-Security-Policy: frame-ancestors 'none'
Content-Type: application/json; charset=UTF-8
content-length: 436

15:37:17.299 [AsyncHttpClient-1-2] DEBUG org.asynchttpclient.netty.channel.ChannelManager - Adding key: http://localhost:58259 for channel [id: 0xa76303c7, L:/127.0.0.1:58264 - R:localhost/127.0.0.1:58259]
15:37:17.301 [AsyncHttpClient-1-3] DEBUG org.asynchttpclient.netty.channel.NettyConnectListener - Using new Channel '[id: 0xd6f08ac7, L:/127.0.0.1:58265 - R:localhost/127.0.0.1:58259]' for 'GET' to '/devtools/browser/49b0414a-abb9-438f-b760-6aa7fa6b6a71'
15:37:17.302 [AsyncHttpClient-1-3] DEBUG org.asynchttpclient.netty.handler.WebSocketHandler - 

Request DefaultFullHttpRequest(decodeResult: success, version: HTTP/1.1, content: EmptyByteBufBE)
GET /devtools/browser/49b0414a-abb9-438f-b760-6aa7fa6b6a71 HTTP/1.1
upgrade: websocket
connection: upgrade
sec-websocket-key: pS7gitkyL4Scxaq/t9jQyQ==
sec-websocket-version: 13
origin: http://localhost:58259
host: localhost:58259
accept: */*
user-agent: AHC/2.1

Response DefaultHttpResponse(decodeResult: success, version: HTTP/1.1)
HTTP/1.1 101 WebSocket Protocol Handshake
Upgrade: WebSocket
Connection: Upgrade
Sec-WebSocket-Accept: iN0M8VecJh2P+Sj0BE8IUOyZKFM=

15:37:17.307 [Forwarding get on session bfc47893eac3a90204d2ee98c3420eb5 to remote] DEBUG org.asynchttpclient.netty.request.NettyRequestSender - Using pooled Channel '[id: 0xe95fdc12, L:/127.0.0.1:58258 - R:localhost/127.0.0.1:51506]' for 'POST' to 'http://localhost:51506/session/bfc47893eac3a90204d2ee98c3420eb5/url'
15:37:17.307 [Forwarding get on session bfc47893eac3a90204d2ee98c3420eb5 to remote] DEBUG org.asynchttpclient.netty.request.NettyRequestSender - Using open Channel [id: 0xe95fdc12, L:/127.0.0.1:58258 - R:localhost/127.0.0.1:51506] for POST '/session/bfc47893eac3a90204d2ee98c3420eb5/url'
15:37:17.815 [AsyncHttpClient-1-1] DEBUG org.asynchttpclient.netty.channel.DefaultChannelPool - Entry count for : http://localhost:58259 : 1
15:37:18.919 [AsyncHttpClient-1-1] DEBUG org.asynchttpclient.netty.channel.DefaultChannelPool - Entry count for : http://localhost:58259 : 1
15:37:20.016 [AsyncHttpClient-1-1] DEBUG org.asynchttpclient.netty.channel.DefaultChannelPool - Entry count for : http://localhost:58259 : 1
15:37:21.120 [AsyncHttpClient-1-1] DEBUG org.asynchttpclient.netty.channel.DefaultChannelPool - Entry count for : http://localhost:58259 : 1
15:37:22.218 [AsyncHttpClient-1-1] DEBUG org.asynchttpclient.netty.channel.DefaultChannelPool - Entry count for : http://localhost:58259 : 1
15:37:22.885 [AsyncHttpClient-1-17] DEBUG org.asynchttpclient.netty.handler.HttpHandler - 

Request DefaultHttpRequest(decodeResult: success, version: HTTP/1.1)
POST /session/bfc47893eac3a90204d2ee98c3420eb5/url HTTP/1.1
User-Agent: selenium/4.1.2 (java windows)
Content-Length: 53
Content-Type: application/json; charset=utf-8
host: localhost:51506
accept: */*

Response DefaultHttpResponse(decodeResult: success, version: HTTP/1.1)
HTTP/1.1 200 OK
Content-Type: application/json; charset=utf-8
cache-control: no-cache
content-length: 14

15:37:22.886 [AsyncHttpClient-1-17] DEBUG org.asynchttpclient.netty.channel.ChannelManager - Adding key: http://localhost:51506 for channel [id: 0xe95fdc12, L:/127.0.0.1:58258 - R:localhost/127.0.0.1:51506]
15:37:22.888 [Forwarding setTimeout on session bfc47893eac3a90204d2ee98c3420eb5 to remote] DEBUG org.asynchttpclient.netty.request.NettyRequestSender - Using pooled Channel '[id: 0xe95fdc12, L:/127.0.0.1:58258 - R:localhost/127.0.0.1:51506]' for 'POST' to 'http://localhost:51506/session/bfc47893eac3a90204d2ee98c3420eb5/timeouts'
15:37:22.888 [Forwarding setTimeout on session bfc47893eac3a90204d2ee98c3420eb5 to remote] DEBUG org.asynchttpclient.netty.request.NettyRequestSender - Using open Channel [id: 0xe95fdc12, L:/127.0.0.1:58258 - R:localhost/127.0.0.1:51506] for POST '/session/bfc47893eac3a90204d2ee98c3420eb5/timeouts'
15:37:22.890 [AsyncHttpClient-1-17] DEBUG org.asynchttpclient.netty.handler.HttpHandler - 

Request DefaultHttpRequest(decodeResult: success, version: HTTP/1.1)
POST /session/bfc47893eac3a90204d2ee98c3420eb5/timeouts HTTP/1.1
User-Agent: selenium/4.1.2 (java windows)
Content-Length: 22
Content-Type: application/json; charset=utf-8
host: localhost:51506
accept: */*

Response DefaultHttpResponse(decodeResult: success, version: HTTP/1.1)
HTTP/1.1 200 OK
Content-Type: application/json; charset=utf-8
cache-control: no-cache
content-length: 14

15:37:22.890 [AsyncHttpClient-1-17] DEBUG org.asynchttpclient.netty.channel.ChannelManager - Adding key: http://localhost:51506 for channel [id: 0xe95fdc12, L:/127.0.0.1:58258 - R:localhost/127.0.0.1:51506]
15:37:22.894 [Forwarding getCurrentUrl on session bfc47893eac3a90204d2ee98c3420eb5 to remote] DEBUG org.asynchttpclient.netty.request.NettyRequestSender - Using pooled Channel '[id: 0xe95fdc12, L:/127.0.0.1:58258 - R:localhost/127.0.0.1:51506]' for 'GET' to 'http://localhost:51506/session/bfc47893eac3a90204d2ee98c3420eb5/url'
15:37:22.894 [Forwarding getCurrentUrl on session bfc47893eac3a90204d2ee98c3420eb5 to remote] DEBUG org.asynchttpclient.netty.request.NettyRequestSender - Using open Channel [id: 0xe95fdc12, L:/127.0.0.1:58258 - R:localhost/127.0.0.1:51506] for GET '/session/bfc47893eac3a90204d2ee98c3420eb5/url'
15:37:22.921 [AsyncHttpClient-1-17] DEBUG org.asynchttpclient.netty.handler.HttpHandler - 

Request DefaultFullHttpRequest(decodeResult: success, version: HTTP/1.1, content: EmptyByteBufBE)
GET /session/bfc47893eac3a90204d2ee98c3420eb5/url HTTP/1.1
User-Agent: selenium/4.1.2 (java windows)
Cache-Control: no-cache
Content-Type: application/json; charset=utf-8
host: localhost:51506
accept: */*

Response DefaultHttpResponse(decodeResult: success, version: HTTP/1.1)
HTTP/1.1 200 OK
Content-Type: application/json; charset=utf-8
cache-control: no-cache
content-length: 41

15:37:22.921 [AsyncHttpClient-1-17] DEBUG org.asynchttpclient.netty.channel.ChannelManager - Adding key: http://localhost:51506 for channel [id: 0xe95fdc12, L:/127.0.0.1:58258 - R:localhost/127.0.0.1:51506]
  &amp#27;[32mGiven &amp#27;[0m&amp#27;[32mI am on the home page&amp#27;[0m     &amp#27;[90m# starter.stepdefinitions.BabyStep.iAmOnTheHomePage()&amp#27;[0m
15:37:22.930 [Forwarding screenshot on session bfc47893eac3a90204d2ee98c3420eb5 to remote] DEBUG org.asynchttpclient.netty.request.NettyRequestSender - Using pooled Channel '[id: 0xe95fdc12, L:/127.0.0.1:58258 - R:localhost/127.0.0.1:51506]' for 'GET' to 'http://localhost:51506/session/bfc47893eac3a90204d2ee98c3420eb5/screenshot'
15:37:22.931 [Forwarding screenshot on session bfc47893eac3a90204d2ee98c3420eb5 to remote] DEBUG org.asynchttpclient.netty.request.NettyRequestSender - Using open Channel [id: 0xe95fdc12, L:/127.0.0.1:58258 - R:localhost/127.0.0.1:51506] for GET '/session/bfc47893eac3a90204d2ee98c3420eb5/screenshot'
15:37:23.298 [AsyncHttpClient-1-17] DEBUG org.asynchttpclient.netty.handler.HttpHandler - 

Request DefaultFullHttpRequest(decodeResult: success, version: HTTP/1.1, content: EmptyByteBufBE)
GET /session/bfc47893eac3a90204d2ee98c3420eb5/screenshot HTTP/1.1
User-Agent: selenium/4.1.2 (java windows)
Cache-Control: no-cache
Content-Type: application/json; charset=utf-8
host: localhost:51506
accept: */*

Response DefaultHttpResponse(decodeResult: success, version: HTTP/1.1)
HTTP/1.1 200 OK
Content-Type: application/json; charset=utf-8
cache-control: no-cache
content-length: 1119968

15:37:23.303 [AsyncHttpClient-1-17] DEBUG org.asynchttpclient.netty.channel.ChannelManager - Adding key: http://localhost:51506 for channel [id: 0xe95fdc12, L:/127.0.0.1:58258 - R:localhost/127.0.0.1:51506]
15:37:23.323 [AsyncHttpClient-1-1] DEBUG org.asynchttpclient.netty.channel.DefaultChannelPool - Entry count for : http://localhost:58259 : 1
15:37:23.324 [AsyncHttpClient-1-1] DEBUG org.asynchttpclient.netty.channel.DefaultChannelPool - Entry count for : http://localhost:51506 : 1
15:37:23.347 [main] DEBUG net.serenitybdd.core.photography.Darkroom - Send negative for processing for target\site\serenity\3d1b19ad31921c0beae4332facd941fcc81467ad5802877977ec6c100df601ce.png
15:37:23.363 [Forwarding findElement on session bfc47893eac3a90204d2ee98c3420eb5 to remote] DEBUG org.asynchttpclient.netty.request.NettyRequestSender - Using pooled Channel '[id: 0xe95fdc12, L:/127.0.0.1:58258 - R:localhost/127.0.0.1:51506]' for 'POST' to 'http://localhost:51506/session/bfc47893eac3a90204d2ee98c3420eb5/element'
15:37:23.364 [Forwarding findElement on session bfc47893eac3a90204d2ee98c3420eb5 to remote] DEBUG org.asynchttpclient.netty.request.NettyRequestSender - Using open Channel [id: 0xe95fdc12, L:/127.0.0.1:58258 - R:localhost/127.0.0.1:51506] for POST '/session/bfc47893eac3a90204d2ee98c3420eb5/element'
15:37:23.379 [AsyncHttpClient-1-17] DEBUG org.asynchttpclient.netty.handler.HttpHandler - 

Request DefaultHttpRequest(decodeResult: success, version: HTTP/1.1)
POST /session/bfc47893eac3a90204d2ee98c3420eb5/element HTTP/1.1
User-Agent: selenium/4.1.2 (java windows)
Content-Length: 81
Content-Type: application/json; charset=utf-8
host: localhost:51506
accept: */*

Response DefaultHttpResponse(decodeResult: success, version: HTTP/1.1)
HTTP/1.1 200 OK
Content-Type: application/json; charset=utf-8
cache-control: no-cache
content-length: 88

15:37:23.379 [AsyncHttpClient-1-17] DEBUG org.asynchttpclient.netty.channel.ChannelManager - Adding key: http://localhost:51506 for channel [id: 0xe95fdc12, L:/127.0.0.1:58258 - R:localhost/127.0.0.1:51506]
15:37:23.381 [Forwarding getElementTagName on session bfc47893eac3a90204d2ee98c3420eb5 to remote] DEBUG org.asynchttpclient.netty.request.NettyRequestSender - Using pooled Channel '[id: 0xe95fdc12, L:/127.0.0.1:58258 - R:localhost/127.0.0.1:51506]' for 'GET' to 'http://localhost:51506/session/bfc47893eac3a90204d2ee98c3420eb5/element/928577cf-4a1d-4d04-bea6-32e58f04b569/name'
15:37:23.381 [Forwarding getElementTagName on session bfc47893eac3a90204d2ee98c3420eb5 to remote] DEBUG org.asynchttpclient.netty.request.NettyRequestSender - Using open Channel [id: 0xe95fdc12, L:/127.0.0.1:58258 - R:localhost/127.0.0.1:51506] for GET '/session/bfc47893eac3a90204d2ee98c3420eb5/element/928577cf-4a1d-4d04-bea6-32e58f04b569/name'
15:37:23.385 [AsyncHttpClient-1-17] DEBUG org.asynchttpclient.netty.handler.HttpHandler - 

Request DefaultFullHttpRequest(decodeResult: success, version: HTTP/1.1, content: EmptyByteBufBE)
GET /session/bfc47893eac3a90204d2ee98c3420eb5/element/928577cf-4a1d-4d04-bea6-32e58f04b569/name HTTP/1.1
User-Agent: selenium/4.1.2 (java windows)
Cache-Control: no-cache
Content-Type: application/json; charset=utf-8
host: localhost:51506
accept: */*

Response DefaultHttpResponse(decodeResult: success, version: HTTP/1.1)
HTTP/1.1 200 OK
Content-Type: application/json; charset=utf-8
cache-control: no-cache
content-length: 16

15:37:23.385 [AsyncHttpClient-1-17] DEBUG org.asynchttpclient.netty.channel.ChannelManager - Adding key: http://localhost:51506 for channel [id: 0xe95fdc12, L:/127.0.0.1:58258 - R:localhost/127.0.0.1:51506]
15:37:23.387 [Forwarding getElementTagName on session bfc47893eac3a90204d2ee98c3420eb5 to remote] DEBUG org.asynchttpclient.netty.request.NettyRequestSender - Using pooled Channel '[id: 0xe95fdc12, L:/127.0.0.1:58258 - R:localhost/127.0.0.1:51506]' for 'GET' to 'http://localhost:51506/session/bfc47893eac3a90204d2ee98c3420eb5/element/928577cf-4a1d-4d04-bea6-32e58f04b569/name'
15:37:23.387 [Forwarding getElementTagName on session bfc47893eac3a90204d2ee98c3420eb5 to remote] DEBUG org.asynchttpclient.netty.request.NettyRequestSender - Using open Channel [id: 0xe95fdc12, L:/127.0.0.1:58258 - R:localhost/127.0.0.1:51506] for GET '/session/bfc47893eac3a90204d2ee98c3420eb5/element/928577cf-4a1d-4d04-bea6-32e58f04b569/name'
15:37:23.390 [AsyncHttpClient-1-17] DEBUG org.asynchttpclient.netty.handler.HttpHandler - 

Request DefaultFullHttpRequest(decodeResult: success, version: HTTP/1.1, content: EmptyByteBufBE)
GET /session/bfc47893eac3a90204d2ee98c3420eb5/element/928577cf-4a1d-4d04-bea6-32e58f04b569/name HTTP/1.1
User-Agent: selenium/4.1.2 (java windows)
Cache-Control: no-cache
Content-Type: application/json; charset=utf-8
host: localhost:51506
accept: */*

Response DefaultHttpResponse(decodeResult: success, version: HTTP/1.1)
HTTP/1.1 200 OK
Content-Type: application/json; charset=utf-8
cache-control: no-cache
content-length: 16

15:37:23.390 [AsyncHttpClient-1-17] DEBUG org.asynchttpclient.netty.channel.ChannelManager - Adding key: http://localhost:51506 for channel [id: 0xe95fdc12, L:/127.0.0.1:58258 - R:localhost/127.0.0.1:51506]
15:37:23.393 [Forwarding findElement on session bfc47893eac3a90204d2ee98c3420eb5 to remote] DEBUG org.asynchttpclient.netty.request.NettyRequestSender - Using pooled Channel '[id: 0xe95fdc12, L:/127.0.0.1:58258 - R:localhost/127.0.0.1:51506]' for 'POST' to 'http://localhost:51506/session/bfc47893eac3a90204d2ee98c3420eb5/element'
15:37:23.393 [Forwarding findElement on session bfc47893eac3a90204d2ee98c3420eb5 to remote] DEBUG org.asynchttpclient.netty.request.NettyRequestSender - Using open Channel [id: 0xe95fdc12, L:/127.0.0.1:58258 - R:localhost/127.0.0.1:51506] for POST '/session/bfc47893eac3a90204d2ee98c3420eb5/element'
15:37:23.400 [AsyncHttpClient-1-17] DEBUG org.asynchttpclient.netty.handler.HttpHandler - 

Request DefaultHttpRequest(decodeResult: success, version: HTTP/1.1)
POST /session/bfc47893eac3a90204d2ee98c3420eb5/element HTTP/1.1
User-Agent: selenium/4.1.2 (java windows)
Content-Length: 81
Content-Type: application/json; charset=utf-8
host: localhost:51506
accept: */*

Response DefaultHttpResponse(decodeResult: success, version: HTTP/1.1)
HTTP/1.1 200 OK
Content-Type: application/json; charset=utf-8
cache-control: no-cache
content-length: 88

15:37:23.400 [AsyncHttpClient-1-17] DEBUG org.asynchttpclient.netty.channel.ChannelManager - Adding key: http://localhost:51506 for channel [id: 0xe95fdc12, L:/127.0.0.1:58258 - R:localhost/127.0.0.1:51506]
15:37:23.402 [Forwarding clickElement on session bfc47893eac3a90204d2ee98c3420eb5 to remote] DEBUG org.asynchttpclient.netty.request.NettyRequestSender - Using pooled Channel '[id: 0xe95fdc12, L:/127.0.0.1:58258 - R:localhost/127.0.0.1:51506]' for 'POST' to 'http://localhost:51506/session/bfc47893eac3a90204d2ee98c3420eb5/element/928577cf-4a1d-4d04-bea6-32e58f04b569/click'
15:37:23.402 [Forwarding clickElement on session bfc47893eac3a90204d2ee98c3420eb5 to remote] DEBUG org.asynchttpclient.netty.request.NettyRequestSender - Using open Channel [id: 0xe95fdc12, L:/127.0.0.1:58258 - R:localhost/127.0.0.1:51506] for POST '/session/bfc47893eac3a90204d2ee98c3420eb5/element/928577cf-4a1d-4d04-bea6-32e58f04b569/click'
15:37:24.063 [AsyncHttpClient-1-17] DEBUG org.asynchttpclient.netty.handler.HttpHandler - 

Request DefaultHttpRequest(decodeResult: success, version: HTTP/1.1)
POST /session/bfc47893eac3a90204d2ee98c3420eb5/element/928577cf-4a1d-4d04-bea6-32e58f04b569/click HTTP/1.1
User-Agent: selenium/4.1.2 (java windows)
Content-Length: 50
Content-Type: application/json; charset=utf-8
host: localhost:51506
accept: */*

Response DefaultHttpResponse(decodeResult: success, version: HTTP/1.1)
HTTP/1.1 200 OK
Content-Type: application/json; charset=utf-8
cache-control: no-cache
content-length: 14

15:37:24.063 [AsyncHttpClient-1-17] DEBUG org.asynchttpclient.netty.channel.ChannelManager - Adding key: http://localhost:51506 for channel [id: 0xe95fdc12, L:/127.0.0.1:58258 - R:localhost/127.0.0.1:51506]
  &amp#27;[32mThen &amp#27;[0m&amp#27;[32mI click baby on the header&amp#27;[0m &amp#27;[90m# starter.stepdefinitions.BabyStep.iClickBabyOnTheHeader()&amp#27;[0m
15:37:24.080 [Forwarding screenshot on session bfc47893eac3a90204d2ee98c3420eb5 to remote] DEBUG org.asynchttpclient.netty.request.NettyRequestSender - Using pooled Channel '[id: 0xe95fdc12, L:/127.0.0.1:58258 - R:localhost/127.0.0.1:51506]' for 'GET' to 'http://localhost:51506/session/bfc47893eac3a90204d2ee98c3420eb5/screenshot'
15:37:24.080 [Forwarding screenshot on session bfc47893eac3a90204d2ee98c3420eb5 to remote] DEBUG org.asynchttpclient.netty.request.NettyRequestSender - Using open Channel [id: 0xe95fdc12, L:/127.0.0.1:58258 - R:localhost/127.0.0.1:51506] for GET '/session/bfc47893eac3a90204d2ee98c3420eb5/screenshot'
15:37:24.421 [AsyncHttpClient-1-1] DEBUG org.asynchttpclient.netty.channel.DefaultChannelPool - Entry count for : http://localhost:58259 : 1
15:37:25.467 [AsyncHttpClient-1-17] DEBUG org.asynchttpclient.netty.handler.HttpHandler - 

Request DefaultFullHttpRequest(decodeResult: success, version: HTTP/1.1, content: EmptyByteBufBE)
GET /session/bfc47893eac3a90204d2ee98c3420eb5/screenshot HTTP/1.1
User-Agent: selenium/4.1.2 (java windows)
Cache-Control: no-cache
Content-Type: application/json; charset=utf-8
host: localhost:51506
accept: */*

Response DefaultHttpResponse(decodeResult: success, version: HTTP/1.1)
HTTP/1.1 200 OK
Content-Type: application/json; charset=utf-8
cache-control: no-cache
content-length: 137764

15:37:25.467 [AsyncHttpClient-1-17] DEBUG org.asynchttpclient.netty.channel.ChannelManager - Adding key: http://localhost:51506 for channel [id: 0xe95fdc12, L:/127.0.0.1:58258 - R:localhost/127.0.0.1:51506]
15:37:25.472 [main] DEBUG net.serenitybdd.core.photography.Darkroom - Send negative for processing for target\site\serenity\585681ad0276587eea986df18185b9b817e38dbab4a67acb7d855325cd06f6fa.png
15:37:25.482 [Forwarding findElement on session bfc47893eac3a90204d2ee98c3420eb5 to remote] DEBUG org.asynchttpclient.netty.request.NettyRequestSender - Using pooled Channel '[id: 0xe95fdc12, L:/127.0.0.1:58258 - R:localhost/127.0.0.1:51506]' for 'POST' to 'http://localhost:51506/session/bfc47893eac3a90204d2ee98c3420eb5/element'
15:37:25.482 [Forwarding findElement on session bfc47893eac3a90204d2ee98c3420eb5 to remote] DEBUG org.asynchttpclient.netty.request.NettyRequestSender - Using open Channel [id: 0xe95fdc12, L:/127.0.0.1:58258 - R:localhost/127.0.0.1:51506] for POST '/session/bfc47893eac3a90204d2ee98c3420eb5/element'
15:37:25.498 [AsyncHttpClient-1-17] DEBUG org.asynchttpclient.netty.handler.HttpHandler - 

Request DefaultHttpRequest(decodeResult: success, version: HTTP/1.1)
POST /session/bfc47893eac3a90204d2ee98c3420eb5/element HTTP/1.1
User-Agent: selenium/4.1.2 (java windows)
Content-Length: 104
Content-Type: application/json; charset=utf-8
host: localhost:51506
accept: */*

Response DefaultHttpResponse(decodeResult: success, version: HTTP/1.1)
HTTP/1.1 200 OK
Content-Type: application/json; charset=utf-8
cache-control: no-cache
content-length: 88

15:37:25.499 [AsyncHttpClient-1-17] DEBUG org.asynchttpclient.netty.channel.ChannelManager - Adding key: http://localhost:51506 for channel [id: 0xe95fdc12, L:/127.0.0.1:58258 - R:localhost/127.0.0.1:51506]
15:37:25.500 [Forwarding getElementTagName on session bfc47893eac3a90204d2ee98c3420eb5 to remote] DEBUG org.asynchttpclient.netty.request.NettyRequestSender - Using pooled Channel '[id: 0xe95fdc12, L:/127.0.0.1:58258 - R:localhost/127.0.0.1:51506]' for 'GET' to 'http://localhost:51506/session/bfc47893eac3a90204d2ee98c3420eb5/element/98c3b2a9-0f60-4254-b3be-c1b918544372/name'
15:37:25.500 [Forwarding getElementTagName on session bfc47893eac3a90204d2ee98c3420eb5 to remote] DEBUG org.asynchttpclient.netty.request.NettyRequestSender - Using open Channel [id: 0xe95fdc12, L:/127.0.0.1:58258 - R:localhost/127.0.0.1:51506] for GET '/session/bfc47893eac3a90204d2ee98c3420eb5/element/98c3b2a9-0f60-4254-b3be-c1b918544372/name'
15:37:25.504 [AsyncHttpClient-1-17] DEBUG org.asynchttpclient.netty.handler.HttpHandler - 

Request DefaultFullHttpRequest(decodeResult: success, version: HTTP/1.1, content: EmptyByteBufBE)
GET /session/bfc47893eac3a90204d2ee98c3420eb5/element/98c3b2a9-0f60-4254-b3be-c1b918544372/name HTTP/1.1
User-Agent: selenium/4.1.2 (java windows)
Cache-Control: no-cache
Content-Type: application/json; charset=utf-8
host: localhost:51506
accept: */*

Response DefaultHttpResponse(decodeResult: success, version: HTTP/1.1)
HTTP/1.1 200 OK
Content-Type: application/json; charset=utf-8
cache-control: no-cache
content-length: 16

15:37:25.504 [AsyncHttpClient-1-17] DEBUG org.asynchttpclient.netty.channel.ChannelManager - Adding key: http://localhost:51506 for channel [id: 0xe95fdc12, L:/127.0.0.1:58258 - R:localhost/127.0.0.1:51506]
15:37:25.505 [Forwarding getElementTagName on session bfc47893eac3a90204d2ee98c3420eb5 to remote] DEBUG org.asynchttpclient.netty.request.NettyRequestSender - Using pooled Channel '[id: 0xe95fdc12, L:/127.0.0.1:58258 - R:localhost/127.0.0.1:51506]' for 'GET' to 'http://localhost:51506/session/bfc47893eac3a90204d2ee98c3420eb5/element/98c3b2a9-0f60-4254-b3be-c1b918544372/name'
15:37:25.505 [Forwarding getElementTagName on session bfc47893eac3a90204d2ee98c3420eb5 to remote] DEBUG org.asynchttpclient.netty.request.NettyRequestSender - Using open Channel [id: 0xe95fdc12, L:/127.0.0.1:58258 - R:localhost/127.0.0.1:51506] for GET '/session/bfc47893eac3a90204d2ee98c3420eb5/element/98c3b2a9-0f60-4254-b3be-c1b918544372/name'
15:37:25.507 [AsyncHttpClient-1-17] DEBUG org.asynchttpclient.netty.handler.HttpHandler - 

Request DefaultFullHttpRequest(decodeResult: success, version: HTTP/1.1, content: EmptyByteBufBE)
GET /session/bfc47893eac3a90204d2ee98c3420eb5/element/98c3b2a9-0f60-4254-b3be-c1b918544372/name HTTP/1.1
User-Agent: selenium/4.1.2 (java windows)
Cache-Control: no-cache
Content-Type: application/json; charset=utf-8
host: localhost:51506
accept: */*

Response DefaultHttpResponse(decodeResult: success, version: HTTP/1.1)
HTTP/1.1 200 OK
Content-Type: application/json; charset=utf-8
cache-control: no-cache
content-length: 16

15:37:25.508 [AsyncHttpClient-1-17] DEBUG org.asynchttpclient.netty.channel.ChannelManager - Adding key: http://localhost:51506 for channel [id: 0xe95fdc12, L:/127.0.0.1:58258 - R:localhost/127.0.0.1:51506]
15:37:25.510 [Forwarding findElement on session bfc47893eac3a90204d2ee98c3420eb5 to remote] DEBUG org.asynchttpclient.netty.request.NettyRequestSender - Using pooled Channel '[id: 0xe95fdc12, L:/127.0.0.1:58258 - R:localhost/127.0.0.1:51506]' for 'POST' to 'http://localhost:51506/session/bfc47893eac3a90204d2ee98c3420eb5/element'
15:37:25.510 [Forwarding findElement on session bfc47893eac3a90204d2ee98c3420eb5 to remote] DEBUG org.asynchttpclient.netty.request.NettyRequestSender - Using open Channel [id: 0xe95fdc12, L:/127.0.0.1:58258 - R:localhost/127.0.0.1:51506] for POST '/session/bfc47893eac3a90204d2ee98c3420eb5/element'
15:37:25.516 [AsyncHttpClient-1-1] DEBUG org.asynchttpclient.netty.channel.DefaultChannelPool - Entry count for : http://localhost:58259 : 1
15:37:25.518 [AsyncHttpClient-1-17] DEBUG org.asynchttpclient.netty.handler.HttpHandler - 

Request DefaultHttpRequest(decodeResult: success, version: HTTP/1.1)
POST /session/bfc47893eac3a90204d2ee98c3420eb5/element HTTP/1.1
User-Agent: selenium/4.1.2 (java windows)
Content-Length: 104
Content-Type: application/json; charset=utf-8
host: localhost:51506
accept: */*

Response DefaultHttpResponse(decodeResult: success, version: HTTP/1.1)
HTTP/1.1 200 OK
Content-Type: application/json; charset=utf-8
cache-control: no-cache
content-length: 88

15:37:25.519 [AsyncHttpClient-1-17] DEBUG org.asynchttpclient.netty.channel.ChannelManager - Adding key: http://localhost:51506 for channel [id: 0xe95fdc12, L:/127.0.0.1:58258 - R:localhost/127.0.0.1:51506]
15:37:25.520 [Forwarding clickElement on session bfc47893eac3a90204d2ee98c3420eb5 to remote] DEBUG org.asynchttpclient.netty.request.NettyRequestSender - Using pooled Channel '[id: 0xe95fdc12, L:/127.0.0.1:58258 - R:localhost/127.0.0.1:51506]' for 'POST' to 'http://localhost:51506/session/bfc47893eac3a90204d2ee98c3420eb5/element/98c3b2a9-0f60-4254-b3be-c1b918544372/click'
15:37:25.520 [Forwarding clickElement on session bfc47893eac3a90204d2ee98c3420eb5 to remote] DEBUG org.asynchttpclient.netty.request.NettyRequestSender - Using open Channel [id: 0xe95fdc12, L:/127.0.0.1:58258 - R:localhost/127.0.0.1:51506] for POST '/session/bfc47893eac3a90204d2ee98c3420eb5/element/98c3b2a9-0f60-4254-b3be-c1b918544372/click'
15:37:25.783 [AsyncHttpClient-1-17] DEBUG org.asynchttpclient.netty.handler.HttpHandler - 

Request DefaultHttpRequest(decodeResult: success, version: HTTP/1.1)
POST /session/bfc47893eac3a90204d2ee98c3420eb5/element/98c3b2a9-0f60-4254-b3be-c1b918544372/click HTTP/1.1
User-Agent: selenium/4.1.2 (java windows)
Content-Length: 50
Content-Type: application/json; charset=utf-8
host: localhost:51506
accept: */*

Response DefaultHttpResponse(decodeResult: success, version: HTTP/1.1)
HTTP/1.1 200 OK
Content-Type: application/json; charset=utf-8
cache-control: no-cache
content-length: 14

15:37:25.784 [AsyncHttpClient-1-17] DEBUG org.asynchttpclient.netty.channel.ChannelManager - Adding key: http://localhost:51506 for channel [id: 0xe95fdc12, L:/127.0.0.1:58258 - R:localhost/127.0.0.1:51506]
  &amp#27;[32mWhen &amp#27;[0m&amp#27;[32mI will go to &amp#27;[0m&amp#27;[32m&amp#27;[1m"onePiece"&amp#27;[0m    &amp#27;[90m# starter.stepdefinitions.BabyStep.iWillGoTo(java.lang.String)&amp#27;[0m
15:37:25.796 [Forwarding screenshot on session bfc47893eac3a90204d2ee98c3420eb5 to remote] DEBUG org.asynchttpclient.netty.request.NettyRequestSender - Using pooled Channel '[id: 0xe95fdc12, L:/127.0.0.1:58258 - R:localhost/127.0.0.1:51506]' for 'GET' to 'http://localhost:51506/session/bfc47893eac3a90204d2ee98c3420eb5/screenshot'
15:37:25.796 [Forwarding screenshot on session bfc47893eac3a90204d2ee98c3420eb5 to remote] DEBUG org.asynchttpclient.netty.request.NettyRequestSender - Using open Channel [id: 0xe95fdc12, L:/127.0.0.1:58258 - R:localhost/127.0.0.1:51506] for GET '/session/bfc47893eac3a90204d2ee98c3420eb5/screenshot'
15:37:26.344 [AsyncHttpClient-1-17] DEBUG org.asynchttpclient.netty.handler.HttpHandler - 

Request DefaultFullHttpRequest(decodeResult: success, version: HTTP/1.1, content: EmptyByteBufBE)
GET /session/bfc47893eac3a90204d2ee98c3420eb5/screenshot HTTP/1.1
User-Agent: selenium/4.1.2 (java windows)
Cache-Control: no-cache
Content-Type: application/json; charset=utf-8
host: localhost:51506
accept: */*

Response DefaultHttpResponse(decodeResult: success, version: HTTP/1.1)
HTTP/1.1 200 OK
Content-Type: application/json; charset=utf-8
cache-control: no-cache
content-length: 57172

15:37:26.344 [AsyncHttpClient-1-17] DEBUG org.asynchttpclient.netty.channel.ChannelManager - Adding key: http://localhost:51506 for channel [id: 0xe95fdc12, L:/127.0.0.1:58258 - R:localhost/127.0.0.1:51506]
15:37:26.347 [main] DEBUG net.serenitybdd.core.photography.Darkroom - Send negative for processing for target\site\serenity\cbb5bb345919d8edd06814faea2b4e9c06b2d2bda88d3cb2eb3680d07d6b8364.png
15:37:26.348 [Darkroom Processing Line] DEBUG net.serenitybdd.core.photography.DarkroomProcessingLine - Processing screenshot image in /var/screenshots/screenshot-5498846523931972390
15:37:26.348 [Darkroom Processing Line] DEBUG net.serenitybdd.core.photography.DarkroomProcessingLine - Saving screenshot to target\site\serenity\cbb5bb345919d8edd06814faea2b4e9c06b2d2bda88d3cb2eb3680d07d6b8364.png
  &amp#27;[32mAnd &amp#27;[0m&amp#27;[32mI &amp#27;[0m&amp#27;[32m&amp#27;[1m""&amp#27;[0m&amp#27;[32m page&amp#27;[0m                   &amp#27;[90m# starter.stepdefinitions.BabyStep.iPage(java.lang.String)&amp#27;[0m
15:37:26.366 [AsyncHttpClient-1-3] DEBUG org.asynchttpclient.netty.handler.WebSocketHandler - Channel Closed: [id: 0xd6f08ac7, L:/127.0.0.1:58265 ! R:localhost/127.0.0.1:58259] with attribute NettyResponseFuture{currentRetry=5,
	isDone=1,
	isCancelled=0,
	asyncHandler=org.asynchttpclient.ws.WebSocketUpgradeHandler@2f556830,
	nettyRequest=org.asynchttpclient.netty.request.NettyRequest@3cb0922,
	future=java.util.concurrent.CompletableFuture@12972a21[Completed normally],
	uri=ws://localhost:58259/devtools/browser/49b0414a-abb9-438f-b760-6aa7fa6b6a71,
	keepAlive=true,
	redirectCount=0,
	timeoutsHolder=null,
	inAuth=0,
	touch=1680683837302}
15:37:26.366 [AsyncHttpClient-1-3] DEBUG org.asynchttpclient.netty.channel.ChannelManager - Closing Channel [id: 0xd6f08ac7, L:/127.0.0.1:58265 ! R:localhost/127.0.0.1:58259] 
15:37:26.366 [Driver Command Executor] DEBUG org.asynchttpclient.netty.request.NettyRequestSender - Using pooled Channel '[id: 0xe95fdc12, L:/127.0.0.1:58258 - R:localhost/127.0.0.1:51506]' for 'DELETE' to 'http://localhost:51506/session/bfc47893eac3a90204d2ee98c3420eb5'
15:37:26.366 [Driver Command Executor] DEBUG org.asynchttpclient.netty.request.NettyRequestSender - Using open Channel [id: 0xe95fdc12, L:/127.0.0.1:58258 - R:localhost/127.0.0.1:51506] for DELETE '/session/bfc47893eac3a90204d2ee98c3420eb5'
15:37:26.404 [AsyncHttpClient-1-2] DEBUG org.asynchttpclient.netty.handler.HttpHandler - Unexpected I/O exception on channel [id: 0xa76303c7, L:/127.0.0.1:58264 - R:localhost/127.0.0.1:58259]
java.net.SocketException: Connection reset
	at java.base/sun.nio.ch.SocketChannelImpl.throwConnectionReset(SocketChannelImpl.java:345)
	at java.base/sun.nio.ch.SocketChannelImpl.read(SocketChannelImpl.java:376)
	at io.netty.buffer.PooledByteBuf.setBytes(PooledByteBuf.java:258)
	at io.netty.buffer.AbstractByteBuf.writeBytes(AbstractByteBuf.java:1132)
	at io.netty.channel.socket.nio.NioSocketChannel.doReadBytes(NioSocketChannel.java:350)
	at io.netty.channel.nio.AbstractNioByteChannel$NioByteUnsafe.read(AbstractNioByteChannel.java:151)
	at io.netty.channel.nio.NioEventLoop.processSelectedKey(NioEventLoop.java:722)
	at io.netty.channel.nio.NioEventLoop.processSelectedKeysOptimized(NioEventLoop.java:658)
	at io.netty.channel.nio.NioEventLoop.processSelectedKeys(NioEventLoop.java:584)
	at io.netty.channel.nio.NioEventLoop.run(NioEventLoop.java:496)
	at io.netty.util.concurrent.SingleThreadEventExecutor$4.run(SingleThreadEventExecutor.java:986)
	at io.netty.util.internal.ThreadExecutorMap$2.run(ThreadExecutorMap.java:74)
	at io.netty.util.concurrent.FastThreadLocalRunnable.run(FastThreadLocalRunnable.java:30)
	at java.base/java.lang.Thread.run(Thread.java:830)
15:37:26.404 [AsyncHttpClient-1-2] DEBUG org.asynchttpclient.netty.channel.ChannelManager - Closing Channel [id: 0xa76303c7, L:/127.0.0.1:58264 - R:localhost/127.0.0.1:58259] 
15:37:26.404 [AsyncHttpClient-1-2] DEBUG org.asynchttpclient.netty.handler.HttpHandler - Channel Closed: [id: 0xa76303c7, L:/127.0.0.1:58264 ! R:localhost/127.0.0.1:58259] with attribute DISCARD
15:37:26.532 [AsyncHttpClient-1-17] DEBUG org.asynchttpclient.netty.handler.HttpHandler - 

Request DefaultFullHttpRequest(decodeResult: success, version: HTTP/1.1, content: EmptyByteBufBE)
DELETE /session/bfc47893eac3a90204d2ee98c3420eb5 HTTP/1.1
User-Agent: selenium/4.1.2 (java windows)
Content-Type: application/json; charset=utf-8
host: localhost:51506
accept: */*

Response DefaultHttpResponse(decodeResult: success, version: HTTP/1.1)
HTTP/1.1 200 OK
Content-Type: application/json; charset=utf-8
cache-control: no-cache
content-length: 14

15:37:26.532 [AsyncHttpClient-1-17] DEBUG org.asynchttpclient.netty.channel.ChannelManager - Adding key: http://localhost:51506 for channel [id: 0xe95fdc12, L:/127.0.0.1:58258 - R:localhost/127.0.0.1:51506]
15:37:26.607 [AsyncHttpClient-1-17] DEBUG org.asynchttpclient.netty.handler.HttpHandler - Channel Closed: [id: 0xe95fdc12, L:/127.0.0.1:58258 ! R:localhost/127.0.0.1:51506] with attribute DISCARD
15:37:26.621 [AsyncHttpClient-1-1] DEBUG org.asynchttpclient.netty.channel.DefaultChannelPool - Entry count for : http://localhost:58259 : 1
15:37:26.621 [AsyncHttpClient-1-1] DEBUG org.asynchttpclient.netty.channel.DefaultChannelPool - Entry count for : http://localhost:51506 : 1
15:37:26.621 [AsyncHttpClient-1-1] DEBUG org.asynchttpclient.netty.channel.DefaultChannelPool - Adding Candidate expired Channel [id: 0xa76303c7, L:/127.0.0.1:58264 ! R:localhost/127.0.0.1:58259] isIdleTimeoutExpired=false isRemotelyClosed=true isTtlExpired=false
15:37:26.621 [AsyncHttpClient-1-1] DEBUG org.asynchttpclient.netty.channel.DefaultChannelPool - Closing Idle Channel [id: 0xa76303c7, L:/127.0.0.1:58264 ! R:localhost/127.0.0.1:58259]
15:37:26.621 [AsyncHttpClient-1-1] DEBUG org.asynchttpclient.netty.channel.DefaultChannelPool - Adding Candidate expired Channel [id: 0xe95fdc12, L:/127.0.0.1:58258 ! R:localhost/127.0.0.1:51506] isIdleTimeoutExpired=false isRemotelyClosed=true isTtlExpired=false
15:37:26.621 [AsyncHttpClient-1-1] DEBUG org.asynchttpclient.netty.channel.DefaultChannelPool - Closing Idle Channel [id: 0xe95fdc12, L:/127.0.0.1:58258 ! R:localhost/127.0.0.1:51506]
15:37:26.621 [AsyncHttpClient-1-1] DEBUG org.asynchttpclient.netty.channel.DefaultChannelPool - Closed 2 connections out of 2 in 0 ms
]]></system-out>
    <system-err><![CDATA[Starting Microsoft Edge WebDriver 111.0.1661.62 (0a8f453929e6410c973aa529a40485ce4e3e03db) on port 51506
To submit feedback, report a bug, or suggest new features, please visit https://github.com/MicrosoftEdge/EdgeWebDriver

Only local connections are allowed.
Please see https://aka.ms/WebDriverSecurity for suggestions on keeping Microsoft Edge WebDriver safe.

Microsoft Edge WebDriver was started successfully.
Apr 05, 2023 3:37:17 PM org.openqa.selenium.remote.ProtocolHandshake createSession
INFO: Detected dialect: W3C
Apr 05, 2023 3:37:17 PM org.openqa.selenium.devtools.CdpVersionFinder findNearestMatch
WARNING: Unable to find an exact match for CDP version 111, so returning the closest version found: a no-op implementation
Apr 05, 2023 3:37:17 PM org.openqa.selenium.devtools.CdpVersionFinder findNearestMatch
INFO: Unable to find CDP implementation matching 111.
Apr 05, 2023 3:37:17 PM org.openqa.selenium.chromium.ChromiumDriver lambda$new$3
WARNING: Unable to find version of CDP to use for . You may need to include a dependency on a specific version of the CDP using something similar to `org.seleniumhq.selenium:selenium-devtools-v86:4.1.2` where the version ("v86") matches the version of the chromium-based browser you're using and the version number of the artifact is the same as Selenium's.
]]></system-err>
  </testcase>
  <testcase name="Fitur Menu Baby #7" classname="Baby" time="11.331">
    <system-out><![CDATA[
Scenario Outline: Fitur Menu Baby &amp#27;[90m# src/test/resources/features/Baby.feature:99&amp#27;[0m
15:37:27.220 [main] INFO io.cucumber.core.plugin.SerenityReporter - Running feature from file:///C:/Users/alwi/IdeaProjects/uniqloweb/src/test/resources/features/Baby.feature
15:37:27.374 [main] DEBUG io.github.bonigarcia.wdm.cache.ResolutionCache - Resolution edge=111 in cache (valid until 16:17:30 05/04/2023 WIB)
15:37:27.378 [main] DEBUG io.github.bonigarcia.wdm.cache.ResolutionCache - Resolution edge111=111.0.1661.62 in cache (valid until 15:17:30 06/04/2023 WIB)
15:37:27.381 [main] INFO io.github.bonigarcia.wdm.WebDriverManager - Using msedgedriver 111.0.1661.62 (resolved driver for Edge 111)
15:37:27.393 [main] DEBUG io.github.bonigarcia.wdm.WebDriverManager - Driver msedgedriver 111.0.1661.62 found in cache
15:37:27.394 [main] INFO io.github.bonigarcia.wdm.WebDriverManager - Exporting webdriver.edge.driver as C:\Users\alwi\.cache\selenium\msedgedriver\win64\111.0.1661.62\msedgedriver.exe
15:37:27.396 [main] DEBUG net.serenitybdd.core.webdriver.driverproviders.ProvideNewDriver - Instantiating driver
15:37:27.396 [main] DEBUG net.serenitybdd.core.webdriver.driverproviders.ProvideNewDriver - Driver capabilities: Capabilities {base.url: https://www.uniqlo.com, chrome.driver: src/test/resources/webdrive..., driver: edge, ms:edgeChromium: true, ms:edgeOptions: {}, wait.for.timeout: 6000}
15:37:27.931 [AsyncHttpClient-1-4] DEBUG org.asynchttpclient.netty.channel.NettyConnectListener - Using new Channel '[id: 0xef63d899, L:/127.0.0.1:58398 - R:localhost/127.0.0.1:52431]' for 'POST' to '/session'
15:37:28.657 [AsyncHttpClient-1-4] DEBUG org.asynchttpclient.netty.handler.HttpHandler - 

Request DefaultHttpRequest(decodeResult: success, version: HTTP/1.1)
POST /session HTTP/1.1
User-Agent: selenium/4.1.2 (java windows)
Content-Length: 627
Content-Type: application/json; charset=utf-8
host: localhost:52431
accept: */*

Response DefaultHttpResponse(decodeResult: success, version: HTTP/1.1)
HTTP/1.1 200 OK
Content-Type: application/json; charset=utf-8
cache-control: no-cache
content-length: 823

15:37:28.658 [AsyncHttpClient-1-4] DEBUG org.asynchttpclient.netty.channel.ChannelManager - Adding key: http://localhost:52431 for channel [id: 0xef63d899, L:/127.0.0.1:58398 - R:localhost/127.0.0.1:52431]
15:37:28.668 [AsyncHttpClient-1-5] DEBUG org.asynchttpclient.netty.channel.NettyConnectListener - Using new Channel '[id: 0xa38855f8, L:/127.0.0.1:58407 - R:localhost/127.0.0.1:58401]' for 'GET' to '/json/version'
15:37:28.668 [AsyncHttpClient-1-5] DEBUG org.asynchttpclient.netty.handler.HttpHandler - 

Request DefaultFullHttpRequest(decodeResult: success, version: HTTP/1.1, content: EmptyByteBufBE)
GET /json/version HTTP/1.1
User-Agent: selenium/4.1.2 (java windows)
host: localhost:58401
accept: */*

Response DefaultHttpResponse(decodeResult: success, version: HTTP/1.1)
HTTP/1.1 200 OK
Content-Security-Policy: frame-ancestors 'none'
Content-Type: application/json; charset=UTF-8
content-length: 436

15:37:28.670 [AsyncHttpClient-1-5] DEBUG org.asynchttpclient.netty.channel.ChannelManager - Adding key: http://localhost:58401 for channel [id: 0xa38855f8, L:/127.0.0.1:58407 - R:localhost/127.0.0.1:58401]
15:37:28.673 [AsyncHttpClient-1-6] DEBUG org.asynchttpclient.netty.channel.NettyConnectListener - Using new Channel '[id: 0xb72b3d82, L:/127.0.0.1:58408 - R:localhost/127.0.0.1:58401]' for 'GET' to '/devtools/browser/a2066997-e4ad-4d63-88fd-baeea6bbc8ac'
15:37:28.674 [AsyncHttpClient-1-6] DEBUG org.asynchttpclient.netty.handler.WebSocketHandler - 

Request DefaultFullHttpRequest(decodeResult: success, version: HTTP/1.1, content: EmptyByteBufBE)
GET /devtools/browser/a2066997-e4ad-4d63-88fd-baeea6bbc8ac HTTP/1.1
upgrade: websocket
connection: upgrade
sec-websocket-key: Nj9w9PQC96hg7eVHYTJ0NA==
sec-websocket-version: 13
origin: http://localhost:58401
host: localhost:58401
accept: */*
user-agent: AHC/2.1

Response DefaultHttpResponse(decodeResult: success, version: HTTP/1.1)
HTTP/1.1 101 WebSocket Protocol Handshake
Upgrade: WebSocket
Connection: Upgrade
Sec-WebSocket-Accept: h8Z4F33EiU1vwYYoMrqI36A6VvQ=

15:37:28.679 [Forwarding get on session 52db016429ce8fcbaeebc95d981f24cb to remote] DEBUG org.asynchttpclient.netty.request.NettyRequestSender - Using pooled Channel '[id: 0xef63d899, L:/127.0.0.1:58398 - R:localhost/127.0.0.1:52431]' for 'POST' to 'http://localhost:52431/session/52db016429ce8fcbaeebc95d981f24cb/url'
15:37:28.679 [Forwarding get on session 52db016429ce8fcbaeebc95d981f24cb to remote] DEBUG org.asynchttpclient.netty.request.NettyRequestSender - Using open Channel [id: 0xef63d899, L:/127.0.0.1:58398 - R:localhost/127.0.0.1:52431] for POST '/session/52db016429ce8fcbaeebc95d981f24cb/url'
15:37:28.823 [AsyncHttpClient-1-1] DEBUG org.asynchttpclient.netty.channel.DefaultChannelPool - Entry count for : http://localhost:58401 : 1
15:37:29.921 [AsyncHttpClient-1-1] DEBUG org.asynchttpclient.netty.channel.DefaultChannelPool - Entry count for : http://localhost:58401 : 1
15:37:31.014 [AsyncHttpClient-1-1] DEBUG org.asynchttpclient.netty.channel.DefaultChannelPool - Entry count for : http://localhost:58401 : 1
15:37:32.118 [AsyncHttpClient-1-1] DEBUG org.asynchttpclient.netty.channel.DefaultChannelPool - Entry count for : http://localhost:58401 : 1
15:37:33.228 [AsyncHttpClient-1-1] DEBUG org.asynchttpclient.netty.channel.DefaultChannelPool - Entry count for : http://localhost:58401 : 1
15:37:34.325 [AsyncHttpClient-1-1] DEBUG org.asynchttpclient.netty.channel.DefaultChannelPool - Entry count for : http://localhost:58401 : 1
15:37:35.255 [AsyncHttpClient-1-4] DEBUG org.asynchttpclient.netty.handler.HttpHandler - 

Request DefaultHttpRequest(decodeResult: success, version: HTTP/1.1)
POST /session/52db016429ce8fcbaeebc95d981f24cb/url HTTP/1.1
User-Agent: selenium/4.1.2 (java windows)
Content-Length: 53
Content-Type: application/json; charset=utf-8
host: localhost:52431
accept: */*

Response DefaultHttpResponse(decodeResult: success, version: HTTP/1.1)
HTTP/1.1 200 OK
Content-Type: application/json; charset=utf-8
cache-control: no-cache
content-length: 14

15:37:35.256 [AsyncHttpClient-1-4] DEBUG org.asynchttpclient.netty.channel.ChannelManager - Adding key: http://localhost:52431 for channel [id: 0xef63d899, L:/127.0.0.1:58398 - R:localhost/127.0.0.1:52431]
15:37:35.258 [Forwarding setTimeout on session 52db016429ce8fcbaeebc95d981f24cb to remote] DEBUG org.asynchttpclient.netty.request.NettyRequestSender - Using pooled Channel '[id: 0xef63d899, L:/127.0.0.1:58398 - R:localhost/127.0.0.1:52431]' for 'POST' to 'http://localhost:52431/session/52db016429ce8fcbaeebc95d981f24cb/timeouts'
15:37:35.258 [Forwarding setTimeout on session 52db016429ce8fcbaeebc95d981f24cb to remote] DEBUG org.asynchttpclient.netty.request.NettyRequestSender - Using open Channel [id: 0xef63d899, L:/127.0.0.1:58398 - R:localhost/127.0.0.1:52431] for POST '/session/52db016429ce8fcbaeebc95d981f24cb/timeouts'
15:37:35.260 [AsyncHttpClient-1-4] DEBUG org.asynchttpclient.netty.handler.HttpHandler - 

Request DefaultHttpRequest(decodeResult: success, version: HTTP/1.1)
POST /session/52db016429ce8fcbaeebc95d981f24cb/timeouts HTTP/1.1
User-Agent: selenium/4.1.2 (java windows)
Content-Length: 22
Content-Type: application/json; charset=utf-8
host: localhost:52431
accept: */*

Response DefaultHttpResponse(decodeResult: success, version: HTTP/1.1)
HTTP/1.1 200 OK
Content-Type: application/json; charset=utf-8
cache-control: no-cache
content-length: 14

15:37:35.260 [AsyncHttpClient-1-4] DEBUG org.asynchttpclient.netty.channel.ChannelManager - Adding key: http://localhost:52431 for channel [id: 0xef63d899, L:/127.0.0.1:58398 - R:localhost/127.0.0.1:52431]
15:37:35.265 [Forwarding getCurrentUrl on session 52db016429ce8fcbaeebc95d981f24cb to remote] DEBUG org.asynchttpclient.netty.request.NettyRequestSender - Using pooled Channel '[id: 0xef63d899, L:/127.0.0.1:58398 - R:localhost/127.0.0.1:52431]' for 'GET' to 'http://localhost:52431/session/52db016429ce8fcbaeebc95d981f24cb/url'
15:37:35.265 [Forwarding getCurrentUrl on session 52db016429ce8fcbaeebc95d981f24cb to remote] DEBUG org.asynchttpclient.netty.request.NettyRequestSender - Using open Channel [id: 0xef63d899, L:/127.0.0.1:58398 - R:localhost/127.0.0.1:52431] for GET '/session/52db016429ce8fcbaeebc95d981f24cb/url'
15:37:35.269 [AsyncHttpClient-1-4] DEBUG org.asynchttpclient.netty.handler.HttpHandler - 

Request DefaultFullHttpRequest(decodeResult: success, version: HTTP/1.1, content: EmptyByteBufBE)
GET /session/52db016429ce8fcbaeebc95d981f24cb/url HTTP/1.1
User-Agent: selenium/4.1.2 (java windows)
Cache-Control: no-cache
Content-Type: application/json; charset=utf-8
host: localhost:52431
accept: */*

Response DefaultHttpResponse(decodeResult: success, version: HTTP/1.1)
HTTP/1.1 200 OK
Content-Type: application/json; charset=utf-8
cache-control: no-cache
content-length: 41

15:37:35.270 [AsyncHttpClient-1-4] DEBUG org.asynchttpclient.netty.channel.ChannelManager - Adding key: http://localhost:52431 for channel [id: 0xef63d899, L:/127.0.0.1:58398 - R:localhost/127.0.0.1:52431]
  &amp#27;[32mGiven &amp#27;[0m&amp#27;[32mI am on the home page&amp#27;[0m     &amp#27;[90m# starter.stepdefinitions.BabyStep.iAmOnTheHomePage()&amp#27;[0m
15:37:35.276 [Forwarding screenshot on session 52db016429ce8fcbaeebc95d981f24cb to remote] DEBUG org.asynchttpclient.netty.request.NettyRequestSender - Using pooled Channel '[id: 0xef63d899, L:/127.0.0.1:58398 - R:localhost/127.0.0.1:52431]' for 'GET' to 'http://localhost:52431/session/52db016429ce8fcbaeebc95d981f24cb/screenshot'
15:37:35.276 [Forwarding screenshot on session 52db016429ce8fcbaeebc95d981f24cb to remote] DEBUG org.asynchttpclient.netty.request.NettyRequestSender - Using open Channel [id: 0xef63d899, L:/127.0.0.1:58398 - R:localhost/127.0.0.1:52431] for GET '/session/52db016429ce8fcbaeebc95d981f24cb/screenshot'
15:37:35.416 [AsyncHttpClient-1-1] DEBUG org.asynchttpclient.netty.channel.DefaultChannelPool - Entry count for : http://localhost:58401 : 1
15:37:35.643 [AsyncHttpClient-1-4] DEBUG org.asynchttpclient.netty.handler.HttpHandler - 

Request DefaultFullHttpRequest(decodeResult: success, version: HTTP/1.1, content: EmptyByteBufBE)
GET /session/52db016429ce8fcbaeebc95d981f24cb/screenshot HTTP/1.1
User-Agent: selenium/4.1.2 (java windows)
Cache-Control: no-cache
Content-Type: application/json; charset=utf-8
host: localhost:52431
accept: */*

Response DefaultHttpResponse(decodeResult: success, version: HTTP/1.1)
HTTP/1.1 200 OK
Content-Type: application/json; charset=utf-8
cache-control: no-cache
content-length: 1119968

15:37:35.647 [AsyncHttpClient-1-4] DEBUG org.asynchttpclient.netty.channel.ChannelManager - Adding key: http://localhost:52431 for channel [id: 0xef63d899, L:/127.0.0.1:58398 - R:localhost/127.0.0.1:52431]
15:37:35.698 [main] DEBUG net.serenitybdd.core.photography.Darkroom - Send negative for processing for target\site\serenity\3d1b19ad31921c0beae4332facd941fcc81467ad5802877977ec6c100df601ce.png
15:37:35.706 [Forwarding findElement on session 52db016429ce8fcbaeebc95d981f24cb to remote] DEBUG org.asynchttpclient.netty.request.NettyRequestSender - Using pooled Channel '[id: 0xef63d899, L:/127.0.0.1:58398 - R:localhost/127.0.0.1:52431]' for 'POST' to 'http://localhost:52431/session/52db016429ce8fcbaeebc95d981f24cb/element'
15:37:35.706 [Forwarding findElement on session 52db016429ce8fcbaeebc95d981f24cb to remote] DEBUG org.asynchttpclient.netty.request.NettyRequestSender - Using open Channel [id: 0xef63d899, L:/127.0.0.1:58398 - R:localhost/127.0.0.1:52431] for POST '/session/52db016429ce8fcbaeebc95d981f24cb/element'
15:37:35.718 [AsyncHttpClient-1-4] DEBUG org.asynchttpclient.netty.handler.HttpHandler - 

Request DefaultHttpRequest(decodeResult: success, version: HTTP/1.1)
POST /session/52db016429ce8fcbaeebc95d981f24cb/element HTTP/1.1
User-Agent: selenium/4.1.2 (java windows)
Content-Length: 81
Content-Type: application/json; charset=utf-8
host: localhost:52431
accept: */*

Response DefaultHttpResponse(decodeResult: success, version: HTTP/1.1)
HTTP/1.1 200 OK
Content-Type: application/json; charset=utf-8
cache-control: no-cache
content-length: 88

15:37:35.718 [AsyncHttpClient-1-4] DEBUG org.asynchttpclient.netty.channel.ChannelManager - Adding key: http://localhost:52431 for channel [id: 0xef63d899, L:/127.0.0.1:58398 - R:localhost/127.0.0.1:52431]
15:37:35.720 [Forwarding getElementTagName on session 52db016429ce8fcbaeebc95d981f24cb to remote] DEBUG org.asynchttpclient.netty.request.NettyRequestSender - Using pooled Channel '[id: 0xef63d899, L:/127.0.0.1:58398 - R:localhost/127.0.0.1:52431]' for 'GET' to 'http://localhost:52431/session/52db016429ce8fcbaeebc95d981f24cb/element/a74316f5-ccca-4dd3-8c90-d6ee65838888/name'
15:37:35.720 [Forwarding getElementTagName on session 52db016429ce8fcbaeebc95d981f24cb to remote] DEBUG org.asynchttpclient.netty.request.NettyRequestSender - Using open Channel [id: 0xef63d899, L:/127.0.0.1:58398 - R:localhost/127.0.0.1:52431] for GET '/session/52db016429ce8fcbaeebc95d981f24cb/element/a74316f5-ccca-4dd3-8c90-d6ee65838888/name'
15:37:35.724 [AsyncHttpClient-1-4] DEBUG org.asynchttpclient.netty.handler.HttpHandler - 

Request DefaultFullHttpRequest(decodeResult: success, version: HTTP/1.1, content: EmptyByteBufBE)
GET /session/52db016429ce8fcbaeebc95d981f24cb/element/a74316f5-ccca-4dd3-8c90-d6ee65838888/name HTTP/1.1
User-Agent: selenium/4.1.2 (java windows)
Cache-Control: no-cache
Content-Type: application/json; charset=utf-8
host: localhost:52431
accept: */*

Response DefaultHttpResponse(decodeResult: success, version: HTTP/1.1)
HTTP/1.1 200 OK
Content-Type: application/json; charset=utf-8
cache-control: no-cache
content-length: 16

15:37:35.724 [AsyncHttpClient-1-4] DEBUG org.asynchttpclient.netty.channel.ChannelManager - Adding key: http://localhost:52431 for channel [id: 0xef63d899, L:/127.0.0.1:58398 - R:localhost/127.0.0.1:52431]
15:37:35.725 [Forwarding getElementTagName on session 52db016429ce8fcbaeebc95d981f24cb to remote] DEBUG org.asynchttpclient.netty.request.NettyRequestSender - Using pooled Channel '[id: 0xef63d899, L:/127.0.0.1:58398 - R:localhost/127.0.0.1:52431]' for 'GET' to 'http://localhost:52431/session/52db016429ce8fcbaeebc95d981f24cb/element/a74316f5-ccca-4dd3-8c90-d6ee65838888/name'
15:37:35.725 [Forwarding getElementTagName on session 52db016429ce8fcbaeebc95d981f24cb to remote] DEBUG org.asynchttpclient.netty.request.NettyRequestSender - Using open Channel [id: 0xef63d899, L:/127.0.0.1:58398 - R:localhost/127.0.0.1:52431] for GET '/session/52db016429ce8fcbaeebc95d981f24cb/element/a74316f5-ccca-4dd3-8c90-d6ee65838888/name'
15:37:35.728 [AsyncHttpClient-1-4] DEBUG org.asynchttpclient.netty.handler.HttpHandler - 

Request DefaultFullHttpRequest(decodeResult: success, version: HTTP/1.1, content: EmptyByteBufBE)
GET /session/52db016429ce8fcbaeebc95d981f24cb/element/a74316f5-ccca-4dd3-8c90-d6ee65838888/name HTTP/1.1
User-Agent: selenium/4.1.2 (java windows)
Cache-Control: no-cache
Content-Type: application/json; charset=utf-8
host: localhost:52431
accept: */*

Response DefaultHttpResponse(decodeResult: success, version: HTTP/1.1)
HTTP/1.1 200 OK
Content-Type: application/json; charset=utf-8
cache-control: no-cache
content-length: 16

15:37:35.728 [AsyncHttpClient-1-4] DEBUG org.asynchttpclient.netty.channel.ChannelManager - Adding key: http://localhost:52431 for channel [id: 0xef63d899, L:/127.0.0.1:58398 - R:localhost/127.0.0.1:52431]
15:37:35.731 [Forwarding findElement on session 52db016429ce8fcbaeebc95d981f24cb to remote] DEBUG org.asynchttpclient.netty.request.NettyRequestSender - Using pooled Channel '[id: 0xef63d899, L:/127.0.0.1:58398 - R:localhost/127.0.0.1:52431]' for 'POST' to 'http://localhost:52431/session/52db016429ce8fcbaeebc95d981f24cb/element'
15:37:35.731 [Forwarding findElement on session 52db016429ce8fcbaeebc95d981f24cb to remote] DEBUG org.asynchttpclient.netty.request.NettyRequestSender - Using open Channel [id: 0xef63d899, L:/127.0.0.1:58398 - R:localhost/127.0.0.1:52431] for POST '/session/52db016429ce8fcbaeebc95d981f24cb/element'
15:37:35.737 [AsyncHttpClient-1-4] DEBUG org.asynchttpclient.netty.handler.HttpHandler - 

Request DefaultHttpRequest(decodeResult: success, version: HTTP/1.1)
POST /session/52db016429ce8fcbaeebc95d981f24cb/element HTTP/1.1
User-Agent: selenium/4.1.2 (java windows)
Content-Length: 81
Content-Type: application/json; charset=utf-8
host: localhost:52431
accept: */*

Response DefaultHttpResponse(decodeResult: success, version: HTTP/1.1)
HTTP/1.1 200 OK
Content-Type: application/json; charset=utf-8
cache-control: no-cache
content-length: 88

15:37:35.738 [AsyncHttpClient-1-4] DEBUG org.asynchttpclient.netty.channel.ChannelManager - Adding key: http://localhost:52431 for channel [id: 0xef63d899, L:/127.0.0.1:58398 - R:localhost/127.0.0.1:52431]
15:37:35.739 [Forwarding clickElement on session 52db016429ce8fcbaeebc95d981f24cb to remote] DEBUG org.asynchttpclient.netty.request.NettyRequestSender - Using pooled Channel '[id: 0xef63d899, L:/127.0.0.1:58398 - R:localhost/127.0.0.1:52431]' for 'POST' to 'http://localhost:52431/session/52db016429ce8fcbaeebc95d981f24cb/element/a74316f5-ccca-4dd3-8c90-d6ee65838888/click'
15:37:35.739 [Forwarding clickElement on session 52db016429ce8fcbaeebc95d981f24cb to remote] DEBUG org.asynchttpclient.netty.request.NettyRequestSender - Using open Channel [id: 0xef63d899, L:/127.0.0.1:58398 - R:localhost/127.0.0.1:52431] for POST '/session/52db016429ce8fcbaeebc95d981f24cb/element/a74316f5-ccca-4dd3-8c90-d6ee65838888/click'
15:37:36.200 [AsyncHttpClient-1-4] DEBUG org.asynchttpclient.netty.handler.HttpHandler - 

Request DefaultHttpRequest(decodeResult: success, version: HTTP/1.1)
POST /session/52db016429ce8fcbaeebc95d981f24cb/element/a74316f5-ccca-4dd3-8c90-d6ee65838888/click HTTP/1.1
User-Agent: selenium/4.1.2 (java windows)
Content-Length: 50
Content-Type: application/json; charset=utf-8
host: localhost:52431
accept: */*

Response DefaultHttpResponse(decodeResult: success, version: HTTP/1.1)
HTTP/1.1 200 OK
Content-Type: application/json; charset=utf-8
cache-control: no-cache
content-length: 14

15:37:36.200 [AsyncHttpClient-1-4] DEBUG org.asynchttpclient.netty.channel.ChannelManager - Adding key: http://localhost:52431 for channel [id: 0xef63d899, L:/127.0.0.1:58398 - R:localhost/127.0.0.1:52431]
  &amp#27;[32mThen &amp#27;[0m&amp#27;[32mI click baby on the header&amp#27;[0m &amp#27;[90m# starter.stepdefinitions.BabyStep.iClickBabyOnTheHeader()&amp#27;[0m
15:37:36.214 [Forwarding screenshot on session 52db016429ce8fcbaeebc95d981f24cb to remote] DEBUG org.asynchttpclient.netty.request.NettyRequestSender - Using pooled Channel '[id: 0xef63d899, L:/127.0.0.1:58398 - R:localhost/127.0.0.1:52431]' for 'GET' to 'http://localhost:52431/session/52db016429ce8fcbaeebc95d981f24cb/screenshot'
15:37:36.215 [Forwarding screenshot on session 52db016429ce8fcbaeebc95d981f24cb to remote] DEBUG org.asynchttpclient.netty.request.NettyRequestSender - Using open Channel [id: 0xef63d899, L:/127.0.0.1:58398 - R:localhost/127.0.0.1:52431] for GET '/session/52db016429ce8fcbaeebc95d981f24cb/screenshot'
15:37:36.519 [AsyncHttpClient-1-1] DEBUG org.asynchttpclient.netty.channel.DefaultChannelPool - Entry count for : http://localhost:58401 : 1
15:37:37.172 [AsyncHttpClient-1-4] DEBUG org.asynchttpclient.netty.handler.HttpHandler - 

Request DefaultFullHttpRequest(decodeResult: success, version: HTTP/1.1, content: EmptyByteBufBE)
GET /session/52db016429ce8fcbaeebc95d981f24cb/screenshot HTTP/1.1
User-Agent: selenium/4.1.2 (java windows)
Cache-Control: no-cache
Content-Type: application/json; charset=utf-8
host: localhost:52431
accept: */*

Response DefaultHttpResponse(decodeResult: success, version: HTTP/1.1)
HTTP/1.1 200 OK
Content-Type: application/json; charset=utf-8
cache-control: no-cache
content-length: 122148

15:37:37.172 [AsyncHttpClient-1-4] DEBUG org.asynchttpclient.netty.channel.ChannelManager - Adding key: http://localhost:52431 for channel [id: 0xef63d899, L:/127.0.0.1:58398 - R:localhost/127.0.0.1:52431]
15:37:37.177 [main] DEBUG net.serenitybdd.core.photography.Darkroom - Send negative for processing for target\site\serenity\3a273f3c0819d06a49a8033105547a0d89e3f44c0aa6a8d59110359dffc7ae9c.png
15:37:37.178 [Darkroom Processing Line] DEBUG net.serenitybdd.core.photography.DarkroomProcessingLine - Processing screenshot image in /var/screenshots/screenshot-886744285534624269
15:37:37.178 [Darkroom Processing Line] DEBUG net.serenitybdd.core.photography.DarkroomProcessingLine - Saving screenshot to target\site\serenity\3a273f3c0819d06a49a8033105547a0d89e3f44c0aa6a8d59110359dffc7ae9c.png
15:37:37.189 [Forwarding findElement on session 52db016429ce8fcbaeebc95d981f24cb to remote] DEBUG org.asynchttpclient.netty.request.NettyRequestSender - Using pooled Channel '[id: 0xef63d899, L:/127.0.0.1:58398 - R:localhost/127.0.0.1:52431]' for 'POST' to 'http://localhost:52431/session/52db016429ce8fcbaeebc95d981f24cb/element'
15:37:37.190 [Forwarding findElement on session 52db016429ce8fcbaeebc95d981f24cb to remote] DEBUG org.asynchttpclient.netty.request.NettyRequestSender - Using open Channel [id: 0xef63d899, L:/127.0.0.1:58398 - R:localhost/127.0.0.1:52431] for POST '/session/52db016429ce8fcbaeebc95d981f24cb/element'
15:37:37.212 [AsyncHttpClient-1-4] DEBUG org.asynchttpclient.netty.handler.HttpHandler - 

Request DefaultHttpRequest(decodeResult: success, version: HTTP/1.1)
POST /session/52db016429ce8fcbaeebc95d981f24cb/element HTTP/1.1
User-Agent: selenium/4.1.2 (java windows)
Content-Length: 104
Content-Type: application/json; charset=utf-8
host: localhost:52431
accept: */*

Response DefaultHttpResponse(decodeResult: success, version: HTTP/1.1)
HTTP/1.1 200 OK
Content-Type: application/json; charset=utf-8
cache-control: no-cache
content-length: 88

15:37:37.212 [AsyncHttpClient-1-4] DEBUG org.asynchttpclient.netty.channel.ChannelManager - Adding key: http://localhost:52431 for channel [id: 0xef63d899, L:/127.0.0.1:58398 - R:localhost/127.0.0.1:52431]
15:37:37.214 [Forwarding getElementTagName on session 52db016429ce8fcbaeebc95d981f24cb to remote] DEBUG org.asynchttpclient.netty.request.NettyRequestSender - Using pooled Channel '[id: 0xef63d899, L:/127.0.0.1:58398 - R:localhost/127.0.0.1:52431]' for 'GET' to 'http://localhost:52431/session/52db016429ce8fcbaeebc95d981f24cb/element/934dd115-e063-4c77-bed3-60b483be0d27/name'
15:37:37.214 [Forwarding getElementTagName on session 52db016429ce8fcbaeebc95d981f24cb to remote] DEBUG org.asynchttpclient.netty.request.NettyRequestSender - Using open Channel [id: 0xef63d899, L:/127.0.0.1:58398 - R:localhost/127.0.0.1:52431] for GET '/session/52db016429ce8fcbaeebc95d981f24cb/element/934dd115-e063-4c77-bed3-60b483be0d27/name'
15:37:37.218 [AsyncHttpClient-1-4] DEBUG org.asynchttpclient.netty.handler.HttpHandler - 

Request DefaultFullHttpRequest(decodeResult: success, version: HTTP/1.1, content: EmptyByteBufBE)
GET /session/52db016429ce8fcbaeebc95d981f24cb/element/934dd115-e063-4c77-bed3-60b483be0d27/name HTTP/1.1
User-Agent: selenium/4.1.2 (java windows)
Cache-Control: no-cache
Content-Type: application/json; charset=utf-8
host: localhost:52431
accept: */*

Response DefaultHttpResponse(decodeResult: success, version: HTTP/1.1)
HTTP/1.1 200 OK
Content-Type: application/json; charset=utf-8
cache-control: no-cache
content-length: 16

15:37:37.218 [AsyncHttpClient-1-4] DEBUG org.asynchttpclient.netty.channel.ChannelManager - Adding key: http://localhost:52431 for channel [id: 0xef63d899, L:/127.0.0.1:58398 - R:localhost/127.0.0.1:52431]
15:37:37.220 [Forwarding getElementTagName on session 52db016429ce8fcbaeebc95d981f24cb to remote] DEBUG org.asynchttpclient.netty.request.NettyRequestSender - Using pooled Channel '[id: 0xef63d899, L:/127.0.0.1:58398 - R:localhost/127.0.0.1:52431]' for 'GET' to 'http://localhost:52431/session/52db016429ce8fcbaeebc95d981f24cb/element/934dd115-e063-4c77-bed3-60b483be0d27/name'
15:37:37.220 [Forwarding getElementTagName on session 52db016429ce8fcbaeebc95d981f24cb to remote] DEBUG org.asynchttpclient.netty.request.NettyRequestSender - Using open Channel [id: 0xef63d899, L:/127.0.0.1:58398 - R:localhost/127.0.0.1:52431] for GET '/session/52db016429ce8fcbaeebc95d981f24cb/element/934dd115-e063-4c77-bed3-60b483be0d27/name'
15:37:37.223 [AsyncHttpClient-1-4] DEBUG org.asynchttpclient.netty.handler.HttpHandler - 

Request DefaultFullHttpRequest(decodeResult: success, version: HTTP/1.1, content: EmptyByteBufBE)
GET /session/52db016429ce8fcbaeebc95d981f24cb/element/934dd115-e063-4c77-bed3-60b483be0d27/name HTTP/1.1
User-Agent: selenium/4.1.2 (java windows)
Cache-Control: no-cache
Content-Type: application/json; charset=utf-8
host: localhost:52431
accept: */*

Response DefaultHttpResponse(decodeResult: success, version: HTTP/1.1)
HTTP/1.1 200 OK
Content-Type: application/json; charset=utf-8
cache-control: no-cache
content-length: 16

15:37:37.223 [AsyncHttpClient-1-4] DEBUG org.asynchttpclient.netty.channel.ChannelManager - Adding key: http://localhost:52431 for channel [id: 0xef63d899, L:/127.0.0.1:58398 - R:localhost/127.0.0.1:52431]
15:37:37.225 [Forwarding findElement on session 52db016429ce8fcbaeebc95d981f24cb to remote] DEBUG org.asynchttpclient.netty.request.NettyRequestSender - Using pooled Channel '[id: 0xef63d899, L:/127.0.0.1:58398 - R:localhost/127.0.0.1:52431]' for 'POST' to 'http://localhost:52431/session/52db016429ce8fcbaeebc95d981f24cb/element'
15:37:37.225 [Forwarding findElement on session 52db016429ce8fcbaeebc95d981f24cb to remote] DEBUG org.asynchttpclient.netty.request.NettyRequestSender - Using open Channel [id: 0xef63d899, L:/127.0.0.1:58398 - R:localhost/127.0.0.1:52431] for POST '/session/52db016429ce8fcbaeebc95d981f24cb/element'
15:37:37.235 [AsyncHttpClient-1-4] DEBUG org.asynchttpclient.netty.handler.HttpHandler - 

Request DefaultHttpRequest(decodeResult: success, version: HTTP/1.1)
POST /session/52db016429ce8fcbaeebc95d981f24cb/element HTTP/1.1
User-Agent: selenium/4.1.2 (java windows)
Content-Length: 104
Content-Type: application/json; charset=utf-8
host: localhost:52431
accept: */*

Response DefaultHttpResponse(decodeResult: success, version: HTTP/1.1)
HTTP/1.1 200 OK
Content-Type: application/json; charset=utf-8
cache-control: no-cache
content-length: 88

15:37:37.236 [AsyncHttpClient-1-4] DEBUG org.asynchttpclient.netty.channel.ChannelManager - Adding key: http://localhost:52431 for channel [id: 0xef63d899, L:/127.0.0.1:58398 - R:localhost/127.0.0.1:52431]
15:37:37.237 [Forwarding clickElement on session 52db016429ce8fcbaeebc95d981f24cb to remote] DEBUG org.asynchttpclient.netty.request.NettyRequestSender - Using pooled Channel '[id: 0xef63d899, L:/127.0.0.1:58398 - R:localhost/127.0.0.1:52431]' for 'POST' to 'http://localhost:52431/session/52db016429ce8fcbaeebc95d981f24cb/element/934dd115-e063-4c77-bed3-60b483be0d27/click'
15:37:37.237 [Forwarding clickElement on session 52db016429ce8fcbaeebc95d981f24cb to remote] DEBUG org.asynchttpclient.netty.request.NettyRequestSender - Using open Channel [id: 0xef63d899, L:/127.0.0.1:58398 - R:localhost/127.0.0.1:52431] for POST '/session/52db016429ce8fcbaeebc95d981f24cb/element/934dd115-e063-4c77-bed3-60b483be0d27/click'
15:37:37.428 [AsyncHttpClient-1-4] DEBUG org.asynchttpclient.netty.handler.HttpHandler - 

Request DefaultHttpRequest(decodeResult: success, version: HTTP/1.1)
POST /session/52db016429ce8fcbaeebc95d981f24cb/element/934dd115-e063-4c77-bed3-60b483be0d27/click HTTP/1.1
User-Agent: selenium/4.1.2 (java windows)
Content-Length: 50
Content-Type: application/json; charset=utf-8
host: localhost:52431
accept: */*

Response DefaultHttpResponse(decodeResult: success, version: HTTP/1.1)
HTTP/1.1 200 OK
Content-Type: application/json; charset=utf-8
cache-control: no-cache
content-length: 14

15:37:37.428 [AsyncHttpClient-1-4] DEBUG org.asynchttpclient.netty.channel.ChannelManager - Adding key: http://localhost:52431 for channel [id: 0xef63d899, L:/127.0.0.1:58398 - R:localhost/127.0.0.1:52431]
  &amp#27;[32mWhen &amp#27;[0m&amp#27;[32mI will go to &amp#27;[0m&amp#27;[32m&amp#27;[1m"atasan1"&amp#27;[0m     &amp#27;[90m# starter.stepdefinitions.BabyStep.iWillGoTo(java.lang.String)&amp#27;[0m
15:37:37.438 [Forwarding screenshot on session 52db016429ce8fcbaeebc95d981f24cb to remote] DEBUG org.asynchttpclient.netty.request.NettyRequestSender - Using pooled Channel '[id: 0xef63d899, L:/127.0.0.1:58398 - R:localhost/127.0.0.1:52431]' for 'GET' to 'http://localhost:52431/session/52db016429ce8fcbaeebc95d981f24cb/screenshot'
15:37:37.438 [Forwarding screenshot on session 52db016429ce8fcbaeebc95d981f24cb to remote] DEBUG org.asynchttpclient.netty.request.NettyRequestSender - Using open Channel [id: 0xef63d899, L:/127.0.0.1:58398 - R:localhost/127.0.0.1:52431] for GET '/session/52db016429ce8fcbaeebc95d981f24cb/screenshot'
15:37:37.615 [AsyncHttpClient-1-1] DEBUG org.asynchttpclient.netty.channel.DefaultChannelPool - Entry count for : http://localhost:58401 : 1
15:37:37.749 [AsyncHttpClient-1-4] DEBUG org.asynchttpclient.netty.handler.HttpHandler - 

Request DefaultFullHttpRequest(decodeResult: success, version: HTTP/1.1, content: EmptyByteBufBE)
GET /session/52db016429ce8fcbaeebc95d981f24cb/screenshot HTTP/1.1
User-Agent: selenium/4.1.2 (java windows)
Cache-Control: no-cache
Content-Type: application/json; charset=utf-8
host: localhost:52431
accept: */*

Response DefaultHttpResponse(decodeResult: success, version: HTTP/1.1)
HTTP/1.1 200 OK
Content-Type: application/json; charset=utf-8
cache-control: no-cache
content-length: 88720

15:37:37.750 [AsyncHttpClient-1-4] DEBUG org.asynchttpclient.netty.channel.ChannelManager - Adding key: http://localhost:52431 for channel [id: 0xef63d899, L:/127.0.0.1:58398 - R:localhost/127.0.0.1:52431]
15:37:37.754 [main] DEBUG net.serenitybdd.core.photography.Darkroom - Send negative for processing for target\site\serenity\be600888aa53c70fcdf70bcdc0c1d40a01b34d934e359b42c612517513901e54.png
15:37:37.754 [Darkroom Processing Line] DEBUG net.serenitybdd.core.photography.DarkroomProcessingLine - Processing screenshot image in /var/screenshots/screenshot-9040692816397088760
15:37:37.754 [Darkroom Processing Line] DEBUG net.serenitybdd.core.photography.DarkroomProcessingLine - Saving screenshot to target\site\serenity\be600888aa53c70fcdf70bcdc0c1d40a01b34d934e359b42c612517513901e54.png
  &amp#27;[32mAnd &amp#27;[0m&amp#27;[32mI &amp#27;[0m&amp#27;[32m&amp#27;[1m""&amp#27;[0m&amp#27;[32m page&amp#27;[0m                   &amp#27;[90m# starter.stepdefinitions.BabyStep.iPage(java.lang.String)&amp#27;[0m
15:37:37.768 [AsyncHttpClient-1-6] DEBUG org.asynchttpclient.netty.handler.WebSocketHandler - Channel Closed: [id: 0xb72b3d82, L:/127.0.0.1:58408 ! R:localhost/127.0.0.1:58401] with attribute NettyResponseFuture{currentRetry=5,
	isDone=1,
	isCancelled=0,
	asyncHandler=org.asynchttpclient.ws.WebSocketUpgradeHandler@418184ea,
	nettyRequest=org.asynchttpclient.netty.request.NettyRequest@3bfbf4e9,
	future=java.util.concurrent.CompletableFuture@39ab1440[Completed normally],
	uri=ws://localhost:58401/devtools/browser/a2066997-e4ad-4d63-88fd-baeea6bbc8ac,
	keepAlive=true,
	redirectCount=0,
	timeoutsHolder=null,
	inAuth=0,
	touch=1680683848675}
15:37:37.768 [AsyncHttpClient-1-6] DEBUG org.asynchttpclient.netty.channel.ChannelManager - Closing Channel [id: 0xb72b3d82, L:/127.0.0.1:58408 ! R:localhost/127.0.0.1:58401] 
15:37:37.768 [Driver Command Executor] DEBUG org.asynchttpclient.netty.request.NettyRequestSender - Using pooled Channel '[id: 0xef63d899, L:/127.0.0.1:58398 - R:localhost/127.0.0.1:52431]' for 'DELETE' to 'http://localhost:52431/session/52db016429ce8fcbaeebc95d981f24cb'
15:37:37.768 [Driver Command Executor] DEBUG org.asynchttpclient.netty.request.NettyRequestSender - Using open Channel [id: 0xef63d899, L:/127.0.0.1:58398 - R:localhost/127.0.0.1:52431] for DELETE '/session/52db016429ce8fcbaeebc95d981f24cb'
15:37:37.808 [AsyncHttpClient-1-5] DEBUG org.asynchttpclient.netty.handler.HttpHandler - Unexpected I/O exception on channel [id: 0xa38855f8, L:/127.0.0.1:58407 - R:localhost/127.0.0.1:58401]
java.net.SocketException: Connection reset
	at java.base/sun.nio.ch.SocketChannelImpl.throwConnectionReset(SocketChannelImpl.java:345)
	at java.base/sun.nio.ch.SocketChannelImpl.read(SocketChannelImpl.java:376)
	at io.netty.buffer.PooledByteBuf.setBytes(PooledByteBuf.java:258)
	at io.netty.buffer.AbstractByteBuf.writeBytes(AbstractByteBuf.java:1132)
	at io.netty.channel.socket.nio.NioSocketChannel.doReadBytes(NioSocketChannel.java:350)
	at io.netty.channel.nio.AbstractNioByteChannel$NioByteUnsafe.read(AbstractNioByteChannel.java:151)
	at io.netty.channel.nio.NioEventLoop.processSelectedKey(NioEventLoop.java:722)
	at io.netty.channel.nio.NioEventLoop.processSelectedKeysOptimized(NioEventLoop.java:658)
	at io.netty.channel.nio.NioEventLoop.processSelectedKeys(NioEventLoop.java:584)
	at io.netty.channel.nio.NioEventLoop.run(NioEventLoop.java:496)
	at io.netty.util.concurrent.SingleThreadEventExecutor$4.run(SingleThreadEventExecutor.java:986)
	at io.netty.util.internal.ThreadExecutorMap$2.run(ThreadExecutorMap.java:74)
	at io.netty.util.concurrent.FastThreadLocalRunnable.run(FastThreadLocalRunnable.java:30)
	at java.base/java.lang.Thread.run(Thread.java:830)
15:37:37.809 [AsyncHttpClient-1-5] DEBUG org.asynchttpclient.netty.channel.ChannelManager - Closing Channel [id: 0xa38855f8, L:/127.0.0.1:58407 - R:localhost/127.0.0.1:58401] 
15:37:37.809 [AsyncHttpClient-1-5] DEBUG org.asynchttpclient.netty.handler.HttpHandler - Channel Closed: [id: 0xa38855f8, L:/127.0.0.1:58407 ! R:localhost/127.0.0.1:58401] with attribute DISCARD
15:37:37.835 [AsyncHttpClient-1-4] DEBUG org.asynchttpclient.netty.handler.HttpHandler - 

Request DefaultFullHttpRequest(decodeResult: success, version: HTTP/1.1, content: EmptyByteBufBE)
DELETE /session/52db016429ce8fcbaeebc95d981f24cb HTTP/1.1
User-Agent: selenium/4.1.2 (java windows)
Content-Type: application/json; charset=utf-8
host: localhost:52431
accept: */*

Response DefaultHttpResponse(decodeResult: success, version: HTTP/1.1)
HTTP/1.1 200 OK
Content-Type: application/json; charset=utf-8
cache-control: no-cache
content-length: 14

15:37:37.835 [AsyncHttpClient-1-4] DEBUG org.asynchttpclient.netty.channel.ChannelManager - Adding key: http://localhost:52431 for channel [id: 0xef63d899, L:/127.0.0.1:58398 - R:localhost/127.0.0.1:52431]
15:37:37.967 [AsyncHttpClient-1-4] DEBUG org.asynchttpclient.netty.handler.HttpHandler - Channel Closed: [id: 0xef63d899, L:/127.0.0.1:58398 ! R:localhost/127.0.0.1:52431] with attribute DISCARD
]]></system-out>
    <system-err><![CDATA[Starting Microsoft Edge WebDriver 111.0.1661.62 (0a8f453929e6410c973aa529a40485ce4e3e03db) on port 52431
To submit feedback, report a bug, or suggest new features, please visit https://github.com/MicrosoftEdge/EdgeWebDriver

Only local connections are allowed.
Please see https://aka.ms/WebDriverSecurity for suggestions on keeping Microsoft Edge WebDriver safe.

Microsoft Edge WebDriver was started successfully.
Apr 05, 2023 3:37:28 PM org.openqa.selenium.remote.ProtocolHandshake createSession
INFO: Detected dialect: W3C
Apr 05, 2023 3:37:28 PM org.openqa.selenium.devtools.CdpVersionFinder findNearestMatch
WARNING: Unable to find an exact match for CDP version 111, so returning the closest version found: a no-op implementation
Apr 05, 2023 3:37:28 PM org.openqa.selenium.devtools.CdpVersionFinder findNearestMatch
INFO: Unable to find CDP implementation matching 111.
Apr 05, 2023 3:37:28 PM org.openqa.selenium.chromium.ChromiumDriver lambda$new$3
WARNING: Unable to find version of CDP to use for . You may need to include a dependency on a specific version of the CDP using something similar to `org.seleniumhq.selenium:selenium-devtools-v86:4.1.2` where the version ("v86") matches the version of the chromium-based browser you're using and the version number of the artifact is the same as Selenium's.
]]></system-err>
  </testcase>
  <testcase name="Fitur Menu Baby #8" classname="Baby" time="12.077">
    <system-out><![CDATA[
Scenario Outline: Fitur Menu Baby &amp#27;[90m# src/test/resources/features/Baby.feature:100&amp#27;[0m
15:37:38.548 [main] INFO io.cucumber.core.plugin.SerenityReporter - Running feature from file:///C:/Users/alwi/IdeaProjects/uniqloweb/src/test/resources/features/Baby.feature
15:37:38.677 [main] DEBUG io.github.bonigarcia.wdm.cache.ResolutionCache - Resolution edge=111 in cache (valid until 16:17:30 05/04/2023 WIB)
15:37:38.681 [main] DEBUG io.github.bonigarcia.wdm.cache.ResolutionCache - Resolution edge111=111.0.1661.62 in cache (valid until 15:17:30 06/04/2023 WIB)
15:37:38.683 [main] INFO io.github.bonigarcia.wdm.WebDriverManager - Using msedgedriver 111.0.1661.62 (resolved driver for Edge 111)
15:37:38.696 [main] DEBUG io.github.bonigarcia.wdm.WebDriverManager - Driver msedgedriver 111.0.1661.62 found in cache
15:37:38.696 [main] INFO io.github.bonigarcia.wdm.WebDriverManager - Exporting webdriver.edge.driver as C:\Users\alwi\.cache\selenium\msedgedriver\win64\111.0.1661.62\msedgedriver.exe
15:37:38.698 [main] DEBUG net.serenitybdd.core.webdriver.driverproviders.ProvideNewDriver - Instantiating driver
15:37:38.698 [main] DEBUG net.serenitybdd.core.webdriver.driverproviders.ProvideNewDriver - Driver capabilities: Capabilities {base.url: https://www.uniqlo.com, chrome.driver: src/test/resources/webdrive..., driver: edge, ms:edgeChromium: true, ms:edgeOptions: {}, wait.for.timeout: 6000}
15:37:38.716 [AsyncHttpClient-1-1] DEBUG org.asynchttpclient.netty.channel.DefaultChannelPool - Entry count for : http://localhost:58401 : 1
15:37:38.716 [AsyncHttpClient-1-1] DEBUG org.asynchttpclient.netty.channel.DefaultChannelPool - Entry count for : http://localhost:52431 : 1
15:37:38.716 [AsyncHttpClient-1-1] DEBUG org.asynchttpclient.netty.channel.DefaultChannelPool - Adding Candidate expired Channel [id: 0xa38855f8, L:/127.0.0.1:58407 ! R:localhost/127.0.0.1:58401] isIdleTimeoutExpired=false isRemotelyClosed=true isTtlExpired=false
15:37:38.716 [AsyncHttpClient-1-1] DEBUG org.asynchttpclient.netty.channel.DefaultChannelPool - Closing Idle Channel [id: 0xa38855f8, L:/127.0.0.1:58407 ! R:localhost/127.0.0.1:58401]
15:37:38.716 [AsyncHttpClient-1-1] DEBUG org.asynchttpclient.netty.channel.DefaultChannelPool - Adding Candidate expired Channel [id: 0xef63d899, L:/127.0.0.1:58398 ! R:localhost/127.0.0.1:52431] isIdleTimeoutExpired=false isRemotelyClosed=true isTtlExpired=false
15:37:38.716 [AsyncHttpClient-1-1] DEBUG org.asynchttpclient.netty.channel.DefaultChannelPool - Closing Idle Channel [id: 0xef63d899, L:/127.0.0.1:58398 ! R:localhost/127.0.0.1:52431]
15:37:38.716 [AsyncHttpClient-1-1] DEBUG org.asynchttpclient.netty.channel.DefaultChannelPool - Closed 2 connections out of 2 in 0 ms
15:37:39.232 [AsyncHttpClient-1-7] DEBUG org.asynchttpclient.netty.channel.NettyConnectListener - Using new Channel '[id: 0x283aa7a9, L:/127.0.0.1:58546 - R:localhost/127.0.0.1:60720]' for 'POST' to '/session'
15:37:39.838 [AsyncHttpClient-1-7] DEBUG org.asynchttpclient.netty.handler.HttpHandler - 

Request DefaultHttpRequest(decodeResult: success, version: HTTP/1.1)
POST /session HTTP/1.1
User-Agent: selenium/4.1.2 (java windows)
Content-Length: 627
Content-Type: application/json; charset=utf-8
host: localhost:60720
accept: */*

Response DefaultHttpResponse(decodeResult: success, version: HTTP/1.1)
HTTP/1.1 200 OK
Content-Type: application/json; charset=utf-8
cache-control: no-cache
content-length: 823

15:37:39.839 [AsyncHttpClient-1-7] DEBUG org.asynchttpclient.netty.channel.ChannelManager - Adding key: http://localhost:60720 for channel [id: 0x283aa7a9, L:/127.0.0.1:58546 - R:localhost/127.0.0.1:60720]
15:37:39.844 [AsyncHttpClient-1-8] DEBUG org.asynchttpclient.netty.channel.NettyConnectListener - Using new Channel '[id: 0x0bdfd738, L:/127.0.0.1:58554 - R:localhost/127.0.0.1:58548]' for 'GET' to '/json/version'
15:37:39.845 [AsyncHttpClient-1-8] DEBUG org.asynchttpclient.netty.handler.HttpHandler - 

Request DefaultFullHttpRequest(decodeResult: success, version: HTTP/1.1, content: EmptyByteBufBE)
GET /json/version HTTP/1.1
User-Agent: selenium/4.1.2 (java windows)
host: localhost:58548
accept: */*

Response DefaultHttpResponse(decodeResult: success, version: HTTP/1.1)
HTTP/1.1 200 OK
Content-Security-Policy: frame-ancestors 'none'
Content-Type: application/json; charset=UTF-8
content-length: 436

15:37:39.845 [AsyncHttpClient-1-8] DEBUG org.asynchttpclient.netty.channel.ChannelManager - Adding key: http://localhost:58548 for channel [id: 0x0bdfd738, L:/127.0.0.1:58554 - R:localhost/127.0.0.1:58548]
15:37:39.847 [AsyncHttpClient-1-9] DEBUG org.asynchttpclient.netty.channel.NettyConnectListener - Using new Channel '[id: 0x9a5e8f06, L:/127.0.0.1:58555 - R:localhost/127.0.0.1:58548]' for 'GET' to '/devtools/browser/db310162-976d-4fa0-9c41-091b24ea7ec7'
15:37:39.847 [AsyncHttpClient-1-9] DEBUG org.asynchttpclient.netty.handler.WebSocketHandler - 

Request DefaultFullHttpRequest(decodeResult: success, version: HTTP/1.1, content: EmptyByteBufBE)
GET /devtools/browser/db310162-976d-4fa0-9c41-091b24ea7ec7 HTTP/1.1
upgrade: websocket
connection: upgrade
sec-websocket-key: Wy8kYBGN1TsEA9e6VHWKow==
sec-websocket-version: 13
origin: http://localhost:58548
host: localhost:58548
accept: */*
user-agent: AHC/2.1

Response DefaultHttpResponse(decodeResult: success, version: HTTP/1.1)
HTTP/1.1 101 WebSocket Protocol Handshake
Upgrade: WebSocket
Connection: Upgrade
Sec-WebSocket-Accept: /z1iZnxT7wmc3Hi7pTyB03hF9CI=

15:37:39.850 [Forwarding get on session b621f5c866b2d13d986a06f16e86d864 to remote] DEBUG org.asynchttpclient.netty.request.NettyRequestSender - Using pooled Channel '[id: 0x283aa7a9, L:/127.0.0.1:58546 - R:localhost/127.0.0.1:60720]' for 'POST' to 'http://localhost:60720/session/b621f5c866b2d13d986a06f16e86d864/url'
15:37:39.850 [Forwarding get on session b621f5c866b2d13d986a06f16e86d864 to remote] DEBUG org.asynchttpclient.netty.request.NettyRequestSender - Using open Channel [id: 0x283aa7a9, L:/127.0.0.1:58546 - R:localhost/127.0.0.1:60720] for POST '/session/b621f5c866b2d13d986a06f16e86d864/url'
15:37:40.919 [AsyncHttpClient-1-1] DEBUG org.asynchttpclient.netty.channel.DefaultChannelPool - Entry count for : http://localhost:58548 : 1
15:37:42.017 [AsyncHttpClient-1-1] DEBUG org.asynchttpclient.netty.channel.DefaultChannelPool - Entry count for : http://localhost:58548 : 1
15:37:43.115 [AsyncHttpClient-1-1] DEBUG org.asynchttpclient.netty.channel.DefaultChannelPool - Entry count for : http://localhost:58548 : 1
15:37:44.216 [AsyncHttpClient-1-1] DEBUG org.asynchttpclient.netty.channel.DefaultChannelPool - Entry count for : http://localhost:58548 : 1
15:37:45.315 [AsyncHttpClient-1-1] DEBUG org.asynchttpclient.netty.channel.DefaultChannelPool - Entry count for : http://localhost:58548 : 1
15:37:46.416 [AsyncHttpClient-1-1] DEBUG org.asynchttpclient.netty.channel.DefaultChannelPool - Entry count for : http://localhost:58548 : 1
15:37:47.425 [AsyncHttpClient-1-7] DEBUG org.asynchttpclient.netty.handler.HttpHandler - 

Request DefaultHttpRequest(decodeResult: success, version: HTTP/1.1)
POST /session/b621f5c866b2d13d986a06f16e86d864/url HTTP/1.1
User-Agent: selenium/4.1.2 (java windows)
Content-Length: 53
Content-Type: application/json; charset=utf-8
host: localhost:60720
accept: */*

Response DefaultHttpResponse(decodeResult: success, version: HTTP/1.1)
HTTP/1.1 200 OK
Content-Type: application/json; charset=utf-8
cache-control: no-cache
content-length: 14

15:37:47.426 [AsyncHttpClient-1-7] DEBUG org.asynchttpclient.netty.channel.ChannelManager - Adding key: http://localhost:60720 for channel [id: 0x283aa7a9, L:/127.0.0.1:58546 - R:localhost/127.0.0.1:60720]
15:37:47.427 [Forwarding setTimeout on session b621f5c866b2d13d986a06f16e86d864 to remote] DEBUG org.asynchttpclient.netty.request.NettyRequestSender - Using pooled Channel '[id: 0x283aa7a9, L:/127.0.0.1:58546 - R:localhost/127.0.0.1:60720]' for 'POST' to 'http://localhost:60720/session/b621f5c866b2d13d986a06f16e86d864/timeouts'
15:37:47.427 [Forwarding setTimeout on session b621f5c866b2d13d986a06f16e86d864 to remote] DEBUG org.asynchttpclient.netty.request.NettyRequestSender - Using open Channel [id: 0x283aa7a9, L:/127.0.0.1:58546 - R:localhost/127.0.0.1:60720] for POST '/session/b621f5c866b2d13d986a06f16e86d864/timeouts'
15:37:47.428 [AsyncHttpClient-1-7] DEBUG org.asynchttpclient.netty.handler.HttpHandler - 

Request DefaultHttpRequest(decodeResult: success, version: HTTP/1.1)
POST /session/b621f5c866b2d13d986a06f16e86d864/timeouts HTTP/1.1
User-Agent: selenium/4.1.2 (java windows)
Content-Length: 22
Content-Type: application/json; charset=utf-8
host: localhost:60720
accept: */*

Response DefaultHttpResponse(decodeResult: success, version: HTTP/1.1)
HTTP/1.1 200 OK
Content-Type: application/json; charset=utf-8
cache-control: no-cache
content-length: 14

15:37:47.428 [AsyncHttpClient-1-7] DEBUG org.asynchttpclient.netty.channel.ChannelManager - Adding key: http://localhost:60720 for channel [id: 0x283aa7a9, L:/127.0.0.1:58546 - R:localhost/127.0.0.1:60720]
15:37:47.432 [Forwarding getCurrentUrl on session b621f5c866b2d13d986a06f16e86d864 to remote] DEBUG org.asynchttpclient.netty.request.NettyRequestSender - Using pooled Channel '[id: 0x283aa7a9, L:/127.0.0.1:58546 - R:localhost/127.0.0.1:60720]' for 'GET' to 'http://localhost:60720/session/b621f5c866b2d13d986a06f16e86d864/url'
15:37:47.432 [Forwarding getCurrentUrl on session b621f5c866b2d13d986a06f16e86d864 to remote] DEBUG org.asynchttpclient.netty.request.NettyRequestSender - Using open Channel [id: 0x283aa7a9, L:/127.0.0.1:58546 - R:localhost/127.0.0.1:60720] for GET '/session/b621f5c866b2d13d986a06f16e86d864/url'
15:37:47.439 [AsyncHttpClient-1-7] DEBUG org.asynchttpclient.netty.handler.HttpHandler - 

Request DefaultFullHttpRequest(decodeResult: success, version: HTTP/1.1, content: EmptyByteBufBE)
GET /session/b621f5c866b2d13d986a06f16e86d864/url HTTP/1.1
User-Agent: selenium/4.1.2 (java windows)
Cache-Control: no-cache
Content-Type: application/json; charset=utf-8
host: localhost:60720
accept: */*

Response DefaultHttpResponse(decodeResult: success, version: HTTP/1.1)
HTTP/1.1 200 OK
Content-Type: application/json; charset=utf-8
cache-control: no-cache
content-length: 41

15:37:47.439 [AsyncHttpClient-1-7] DEBUG org.asynchttpclient.netty.channel.ChannelManager - Adding key: http://localhost:60720 for channel [id: 0x283aa7a9, L:/127.0.0.1:58546 - R:localhost/127.0.0.1:60720]
  &amp#27;[32mGiven &amp#27;[0m&amp#27;[32mI am on the home page&amp#27;[0m     &amp#27;[90m# starter.stepdefinitions.BabyStep.iAmOnTheHomePage()&amp#27;[0m
15:37:47.446 [Forwarding screenshot on session b621f5c866b2d13d986a06f16e86d864 to remote] DEBUG org.asynchttpclient.netty.request.NettyRequestSender - Using pooled Channel '[id: 0x283aa7a9, L:/127.0.0.1:58546 - R:localhost/127.0.0.1:60720]' for 'GET' to 'http://localhost:60720/session/b621f5c866b2d13d986a06f16e86d864/screenshot'
15:37:47.446 [Forwarding screenshot on session b621f5c866b2d13d986a06f16e86d864 to remote] DEBUG org.asynchttpclient.netty.request.NettyRequestSender - Using open Channel [id: 0x283aa7a9, L:/127.0.0.1:58546 - R:localhost/127.0.0.1:60720] for GET '/session/b621f5c866b2d13d986a06f16e86d864/screenshot'
15:37:47.515 [AsyncHttpClient-1-1] DEBUG org.asynchttpclient.netty.channel.DefaultChannelPool - Entry count for : http://localhost:58548 : 1
15:37:47.789 [AsyncHttpClient-1-7] DEBUG org.asynchttpclient.netty.handler.HttpHandler - 

Request DefaultFullHttpRequest(decodeResult: success, version: HTTP/1.1, content: EmptyByteBufBE)
GET /session/b621f5c866b2d13d986a06f16e86d864/screenshot HTTP/1.1
User-Agent: selenium/4.1.2 (java windows)
Cache-Control: no-cache
Content-Type: application/json; charset=utf-8
host: localhost:60720
accept: */*

Response DefaultHttpResponse(decodeResult: success, version: HTTP/1.1)
HTTP/1.1 200 OK
Content-Type: application/json; charset=utf-8
cache-control: no-cache
content-length: 1119968

15:37:47.794 [AsyncHttpClient-1-7] DEBUG org.asynchttpclient.netty.channel.ChannelManager - Adding key: http://localhost:60720 for channel [id: 0x283aa7a9, L:/127.0.0.1:58546 - R:localhost/127.0.0.1:60720]
15:37:47.827 [main] DEBUG net.serenitybdd.core.photography.Darkroom - Send negative for processing for target\site\serenity\3d1b19ad31921c0beae4332facd941fcc81467ad5802877977ec6c100df601ce.png
15:37:47.838 [Forwarding findElement on session b621f5c866b2d13d986a06f16e86d864 to remote] DEBUG org.asynchttpclient.netty.request.NettyRequestSender - Using pooled Channel '[id: 0x283aa7a9, L:/127.0.0.1:58546 - R:localhost/127.0.0.1:60720]' for 'POST' to 'http://localhost:60720/session/b621f5c866b2d13d986a06f16e86d864/element'
15:37:47.839 [Forwarding findElement on session b621f5c866b2d13d986a06f16e86d864 to remote] DEBUG org.asynchttpclient.netty.request.NettyRequestSender - Using open Channel [id: 0x283aa7a9, L:/127.0.0.1:58546 - R:localhost/127.0.0.1:60720] for POST '/session/b621f5c866b2d13d986a06f16e86d864/element'
15:37:47.850 [AsyncHttpClient-1-7] DEBUG org.asynchttpclient.netty.handler.HttpHandler - 

Request DefaultHttpRequest(decodeResult: success, version: HTTP/1.1)
POST /session/b621f5c866b2d13d986a06f16e86d864/element HTTP/1.1
User-Agent: selenium/4.1.2 (java windows)
Content-Length: 81
Content-Type: application/json; charset=utf-8
host: localhost:60720
accept: */*

Response DefaultHttpResponse(decodeResult: success, version: HTTP/1.1)
HTTP/1.1 200 OK
Content-Type: application/json; charset=utf-8
cache-control: no-cache
content-length: 88

15:37:47.851 [AsyncHttpClient-1-7] DEBUG org.asynchttpclient.netty.channel.ChannelManager - Adding key: http://localhost:60720 for channel [id: 0x283aa7a9, L:/127.0.0.1:58546 - R:localhost/127.0.0.1:60720]
15:37:47.853 [Forwarding getElementTagName on session b621f5c866b2d13d986a06f16e86d864 to remote] DEBUG org.asynchttpclient.netty.request.NettyRequestSender - Using pooled Channel '[id: 0x283aa7a9, L:/127.0.0.1:58546 - R:localhost/127.0.0.1:60720]' for 'GET' to 'http://localhost:60720/session/b621f5c866b2d13d986a06f16e86d864/element/1998c6bb-70a5-495d-86d9-1c9a28237fb3/name'
15:37:47.853 [Forwarding getElementTagName on session b621f5c866b2d13d986a06f16e86d864 to remote] DEBUG org.asynchttpclient.netty.request.NettyRequestSender - Using open Channel [id: 0x283aa7a9, L:/127.0.0.1:58546 - R:localhost/127.0.0.1:60720] for GET '/session/b621f5c866b2d13d986a06f16e86d864/element/1998c6bb-70a5-495d-86d9-1c9a28237fb3/name'
15:37:47.857 [AsyncHttpClient-1-7] DEBUG org.asynchttpclient.netty.handler.HttpHandler - 

Request DefaultFullHttpRequest(decodeResult: success, version: HTTP/1.1, content: EmptyByteBufBE)
GET /session/b621f5c866b2d13d986a06f16e86d864/element/1998c6bb-70a5-495d-86d9-1c9a28237fb3/name HTTP/1.1
User-Agent: selenium/4.1.2 (java windows)
Cache-Control: no-cache
Content-Type: application/json; charset=utf-8
host: localhost:60720
accept: */*

Response DefaultHttpResponse(decodeResult: success, version: HTTP/1.1)
HTTP/1.1 200 OK
Content-Type: application/json; charset=utf-8
cache-control: no-cache
content-length: 16

15:37:47.857 [AsyncHttpClient-1-7] DEBUG org.asynchttpclient.netty.channel.ChannelManager - Adding key: http://localhost:60720 for channel [id: 0x283aa7a9, L:/127.0.0.1:58546 - R:localhost/127.0.0.1:60720]
15:37:47.858 [Forwarding getElementTagName on session b621f5c866b2d13d986a06f16e86d864 to remote] DEBUG org.asynchttpclient.netty.request.NettyRequestSender - Using pooled Channel '[id: 0x283aa7a9, L:/127.0.0.1:58546 - R:localhost/127.0.0.1:60720]' for 'GET' to 'http://localhost:60720/session/b621f5c866b2d13d986a06f16e86d864/element/1998c6bb-70a5-495d-86d9-1c9a28237fb3/name'
15:37:47.858 [Forwarding getElementTagName on session b621f5c866b2d13d986a06f16e86d864 to remote] DEBUG org.asynchttpclient.netty.request.NettyRequestSender - Using open Channel [id: 0x283aa7a9, L:/127.0.0.1:58546 - R:localhost/127.0.0.1:60720] for GET '/session/b621f5c866b2d13d986a06f16e86d864/element/1998c6bb-70a5-495d-86d9-1c9a28237fb3/name'
15:37:47.861 [AsyncHttpClient-1-7] DEBUG org.asynchttpclient.netty.handler.HttpHandler - 

Request DefaultFullHttpRequest(decodeResult: success, version: HTTP/1.1, content: EmptyByteBufBE)
GET /session/b621f5c866b2d13d986a06f16e86d864/element/1998c6bb-70a5-495d-86d9-1c9a28237fb3/name HTTP/1.1
User-Agent: selenium/4.1.2 (java windows)
Cache-Control: no-cache
Content-Type: application/json; charset=utf-8
host: localhost:60720
accept: */*

Response DefaultHttpResponse(decodeResult: success, version: HTTP/1.1)
HTTP/1.1 200 OK
Content-Type: application/json; charset=utf-8
cache-control: no-cache
content-length: 16

15:37:47.861 [AsyncHttpClient-1-7] DEBUG org.asynchttpclient.netty.channel.ChannelManager - Adding key: http://localhost:60720 for channel [id: 0x283aa7a9, L:/127.0.0.1:58546 - R:localhost/127.0.0.1:60720]
15:37:47.863 [Forwarding findElement on session b621f5c866b2d13d986a06f16e86d864 to remote] DEBUG org.asynchttpclient.netty.request.NettyRequestSender - Using pooled Channel '[id: 0x283aa7a9, L:/127.0.0.1:58546 - R:localhost/127.0.0.1:60720]' for 'POST' to 'http://localhost:60720/session/b621f5c866b2d13d986a06f16e86d864/element'
15:37:47.863 [Forwarding findElement on session b621f5c866b2d13d986a06f16e86d864 to remote] DEBUG org.asynchttpclient.netty.request.NettyRequestSender - Using open Channel [id: 0x283aa7a9, L:/127.0.0.1:58546 - R:localhost/127.0.0.1:60720] for POST '/session/b621f5c866b2d13d986a06f16e86d864/element'
15:37:47.869 [AsyncHttpClient-1-7] DEBUG org.asynchttpclient.netty.handler.HttpHandler - 

Request DefaultHttpRequest(decodeResult: success, version: HTTP/1.1)
POST /session/b621f5c866b2d13d986a06f16e86d864/element HTTP/1.1
User-Agent: selenium/4.1.2 (java windows)
Content-Length: 81
Content-Type: application/json; charset=utf-8
host: localhost:60720
accept: */*

Response DefaultHttpResponse(decodeResult: success, version: HTTP/1.1)
HTTP/1.1 200 OK
Content-Type: application/json; charset=utf-8
cache-control: no-cache
content-length: 88

15:37:47.870 [AsyncHttpClient-1-7] DEBUG org.asynchttpclient.netty.channel.ChannelManager - Adding key: http://localhost:60720 for channel [id: 0x283aa7a9, L:/127.0.0.1:58546 - R:localhost/127.0.0.1:60720]
15:37:47.872 [Forwarding clickElement on session b621f5c866b2d13d986a06f16e86d864 to remote] DEBUG org.asynchttpclient.netty.request.NettyRequestSender - Using pooled Channel '[id: 0x283aa7a9, L:/127.0.0.1:58546 - R:localhost/127.0.0.1:60720]' for 'POST' to 'http://localhost:60720/session/b621f5c866b2d13d986a06f16e86d864/element/1998c6bb-70a5-495d-86d9-1c9a28237fb3/click'
15:37:47.872 [Forwarding clickElement on session b621f5c866b2d13d986a06f16e86d864 to remote] DEBUG org.asynchttpclient.netty.request.NettyRequestSender - Using open Channel [id: 0x283aa7a9, L:/127.0.0.1:58546 - R:localhost/127.0.0.1:60720] for POST '/session/b621f5c866b2d13d986a06f16e86d864/element/1998c6bb-70a5-495d-86d9-1c9a28237fb3/click'
15:37:48.327 [AsyncHttpClient-1-7] DEBUG org.asynchttpclient.netty.handler.HttpHandler - 

Request DefaultHttpRequest(decodeResult: success, version: HTTP/1.1)
POST /session/b621f5c866b2d13d986a06f16e86d864/element/1998c6bb-70a5-495d-86d9-1c9a28237fb3/click HTTP/1.1
User-Agent: selenium/4.1.2 (java windows)
Content-Length: 50
Content-Type: application/json; charset=utf-8
host: localhost:60720
accept: */*

Response DefaultHttpResponse(decodeResult: success, version: HTTP/1.1)
HTTP/1.1 200 OK
Content-Type: application/json; charset=utf-8
cache-control: no-cache
content-length: 14

15:37:48.327 [AsyncHttpClient-1-7] DEBUG org.asynchttpclient.netty.channel.ChannelManager - Adding key: http://localhost:60720 for channel [id: 0x283aa7a9, L:/127.0.0.1:58546 - R:localhost/127.0.0.1:60720]
  &amp#27;[32mThen &amp#27;[0m&amp#27;[32mI click baby on the header&amp#27;[0m &amp#27;[90m# starter.stepdefinitions.BabyStep.iClickBabyOnTheHeader()&amp#27;[0m
15:37:48.342 [Forwarding screenshot on session b621f5c866b2d13d986a06f16e86d864 to remote] DEBUG org.asynchttpclient.netty.request.NettyRequestSender - Using pooled Channel '[id: 0x283aa7a9, L:/127.0.0.1:58546 - R:localhost/127.0.0.1:60720]' for 'GET' to 'http://localhost:60720/session/b621f5c866b2d13d986a06f16e86d864/screenshot'
15:37:48.342 [Forwarding screenshot on session b621f5c866b2d13d986a06f16e86d864 to remote] DEBUG org.asynchttpclient.netty.request.NettyRequestSender - Using open Channel [id: 0x283aa7a9, L:/127.0.0.1:58546 - R:localhost/127.0.0.1:60720] for GET '/session/b621f5c866b2d13d986a06f16e86d864/screenshot'
15:37:48.617 [AsyncHttpClient-1-1] DEBUG org.asynchttpclient.netty.channel.DefaultChannelPool - Entry count for : http://localhost:58548 : 1
15:37:48.999 [AsyncHttpClient-1-7] DEBUG org.asynchttpclient.netty.handler.HttpHandler - 

Request DefaultFullHttpRequest(decodeResult: success, version: HTTP/1.1, content: EmptyByteBufBE)
GET /session/b621f5c866b2d13d986a06f16e86d864/screenshot HTTP/1.1
User-Agent: selenium/4.1.2 (java windows)
Cache-Control: no-cache
Content-Type: application/json; charset=utf-8
host: localhost:60720
accept: */*

Response DefaultHttpResponse(decodeResult: success, version: HTTP/1.1)
HTTP/1.1 200 OK
Content-Type: application/json; charset=utf-8
cache-control: no-cache
content-length: 62392

15:37:49.000 [AsyncHttpClient-1-7] DEBUG org.asynchttpclient.netty.channel.ChannelManager - Adding key: http://localhost:60720 for channel [id: 0x283aa7a9, L:/127.0.0.1:58546 - R:localhost/127.0.0.1:60720]
15:37:49.003 [main] DEBUG net.serenitybdd.core.photography.Darkroom - Send negative for processing for target\site\serenity\1a95740109cc0b80154a75db76c87493e9da4c678031f12d684473d711071284.png
15:37:49.004 [Darkroom Processing Line] DEBUG net.serenitybdd.core.photography.DarkroomProcessingLine - Processing screenshot image in /var/screenshots/screenshot-16934664502711370944
15:37:49.004 [Darkroom Processing Line] DEBUG net.serenitybdd.core.photography.DarkroomProcessingLine - Saving screenshot to target\site\serenity\1a95740109cc0b80154a75db76c87493e9da4c678031f12d684473d711071284.png
15:37:49.015 [Forwarding findElement on session b621f5c866b2d13d986a06f16e86d864 to remote] DEBUG org.asynchttpclient.netty.request.NettyRequestSender - Using pooled Channel '[id: 0x283aa7a9, L:/127.0.0.1:58546 - R:localhost/127.0.0.1:60720]' for 'POST' to 'http://localhost:60720/session/b621f5c866b2d13d986a06f16e86d864/element'
15:37:49.015 [Forwarding findElement on session b621f5c866b2d13d986a06f16e86d864 to remote] DEBUG org.asynchttpclient.netty.request.NettyRequestSender - Using open Channel [id: 0x283aa7a9, L:/127.0.0.1:58546 - R:localhost/127.0.0.1:60720] for POST '/session/b621f5c866b2d13d986a06f16e86d864/element'
15:37:49.119 [AsyncHttpClient-1-7] DEBUG org.asynchttpclient.netty.handler.HttpHandler - 

Request DefaultHttpRequest(decodeResult: success, version: HTTP/1.1)
POST /session/b621f5c866b2d13d986a06f16e86d864/element HTTP/1.1
User-Agent: selenium/4.1.2 (java windows)
Content-Length: 107
Content-Type: application/json; charset=utf-8
host: localhost:60720
accept: */*

Response DefaultHttpResponse(decodeResult: success, version: HTTP/1.1)
HTTP/1.1 200 OK
Content-Type: application/json; charset=utf-8
cache-control: no-cache
content-length: 88

15:37:49.119 [AsyncHttpClient-1-7] DEBUG org.asynchttpclient.netty.channel.ChannelManager - Adding key: http://localhost:60720 for channel [id: 0x283aa7a9, L:/127.0.0.1:58546 - R:localhost/127.0.0.1:60720]
15:37:49.122 [Forwarding getElementTagName on session b621f5c866b2d13d986a06f16e86d864 to remote] DEBUG org.asynchttpclient.netty.request.NettyRequestSender - Using pooled Channel '[id: 0x283aa7a9, L:/127.0.0.1:58546 - R:localhost/127.0.0.1:60720]' for 'GET' to 'http://localhost:60720/session/b621f5c866b2d13d986a06f16e86d864/element/1c694fb4-cbc4-472d-878e-d19436c81f54/name'
15:37:49.122 [Forwarding getElementTagName on session b621f5c866b2d13d986a06f16e86d864 to remote] DEBUG org.asynchttpclient.netty.request.NettyRequestSender - Using open Channel [id: 0x283aa7a9, L:/127.0.0.1:58546 - R:localhost/127.0.0.1:60720] for GET '/session/b621f5c866b2d13d986a06f16e86d864/element/1c694fb4-cbc4-472d-878e-d19436c81f54/name'
15:37:49.129 [AsyncHttpClient-1-7] DEBUG org.asynchttpclient.netty.handler.HttpHandler - 

Request DefaultFullHttpRequest(decodeResult: success, version: HTTP/1.1, content: EmptyByteBufBE)
GET /session/b621f5c866b2d13d986a06f16e86d864/element/1c694fb4-cbc4-472d-878e-d19436c81f54/name HTTP/1.1
User-Agent: selenium/4.1.2 (java windows)
Cache-Control: no-cache
Content-Type: application/json; charset=utf-8
host: localhost:60720
accept: */*

Response DefaultHttpResponse(decodeResult: success, version: HTTP/1.1)
HTTP/1.1 200 OK
Content-Type: application/json; charset=utf-8
cache-control: no-cache
content-length: 16

15:37:49.129 [AsyncHttpClient-1-7] DEBUG org.asynchttpclient.netty.channel.ChannelManager - Adding key: http://localhost:60720 for channel [id: 0x283aa7a9, L:/127.0.0.1:58546 - R:localhost/127.0.0.1:60720]
15:37:49.131 [Forwarding getElementTagName on session b621f5c866b2d13d986a06f16e86d864 to remote] DEBUG org.asynchttpclient.netty.request.NettyRequestSender - Using pooled Channel '[id: 0x283aa7a9, L:/127.0.0.1:58546 - R:localhost/127.0.0.1:60720]' for 'GET' to 'http://localhost:60720/session/b621f5c866b2d13d986a06f16e86d864/element/1c694fb4-cbc4-472d-878e-d19436c81f54/name'
15:37:49.131 [Forwarding getElementTagName on session b621f5c866b2d13d986a06f16e86d864 to remote] DEBUG org.asynchttpclient.netty.request.NettyRequestSender - Using open Channel [id: 0x283aa7a9, L:/127.0.0.1:58546 - R:localhost/127.0.0.1:60720] for GET '/session/b621f5c866b2d13d986a06f16e86d864/element/1c694fb4-cbc4-472d-878e-d19436c81f54/name'
15:37:49.134 [AsyncHttpClient-1-7] DEBUG org.asynchttpclient.netty.handler.HttpHandler - 

Request DefaultFullHttpRequest(decodeResult: success, version: HTTP/1.1, content: EmptyByteBufBE)
GET /session/b621f5c866b2d13d986a06f16e86d864/element/1c694fb4-cbc4-472d-878e-d19436c81f54/name HTTP/1.1
User-Agent: selenium/4.1.2 (java windows)
Cache-Control: no-cache
Content-Type: application/json; charset=utf-8
host: localhost:60720
accept: */*

Response DefaultHttpResponse(decodeResult: success, version: HTTP/1.1)
HTTP/1.1 200 OK
Content-Type: application/json; charset=utf-8
cache-control: no-cache
content-length: 16

15:37:49.135 [AsyncHttpClient-1-7] DEBUG org.asynchttpclient.netty.channel.ChannelManager - Adding key: http://localhost:60720 for channel [id: 0x283aa7a9, L:/127.0.0.1:58546 - R:localhost/127.0.0.1:60720]
15:37:49.137 [Forwarding findElement on session b621f5c866b2d13d986a06f16e86d864 to remote] DEBUG org.asynchttpclient.netty.request.NettyRequestSender - Using pooled Channel '[id: 0x283aa7a9, L:/127.0.0.1:58546 - R:localhost/127.0.0.1:60720]' for 'POST' to 'http://localhost:60720/session/b621f5c866b2d13d986a06f16e86d864/element'
15:37:49.137 [Forwarding findElement on session b621f5c866b2d13d986a06f16e86d864 to remote] DEBUG org.asynchttpclient.netty.request.NettyRequestSender - Using open Channel [id: 0x283aa7a9, L:/127.0.0.1:58546 - R:localhost/127.0.0.1:60720] for POST '/session/b621f5c866b2d13d986a06f16e86d864/element'
15:37:49.146 [AsyncHttpClient-1-7] DEBUG org.asynchttpclient.netty.handler.HttpHandler - 

Request DefaultHttpRequest(decodeResult: success, version: HTTP/1.1)
POST /session/b621f5c866b2d13d986a06f16e86d864/element HTTP/1.1
User-Agent: selenium/4.1.2 (java windows)
Content-Length: 107
Content-Type: application/json; charset=utf-8
host: localhost:60720
accept: */*

Response DefaultHttpResponse(decodeResult: success, version: HTTP/1.1)
HTTP/1.1 200 OK
Content-Type: application/json; charset=utf-8
cache-control: no-cache
content-length: 88

15:37:49.147 [AsyncHttpClient-1-7] DEBUG org.asynchttpclient.netty.channel.ChannelManager - Adding key: http://localhost:60720 for channel [id: 0x283aa7a9, L:/127.0.0.1:58546 - R:localhost/127.0.0.1:60720]
15:37:49.148 [Forwarding clickElement on session b621f5c866b2d13d986a06f16e86d864 to remote] DEBUG org.asynchttpclient.netty.request.NettyRequestSender - Using pooled Channel '[id: 0x283aa7a9, L:/127.0.0.1:58546 - R:localhost/127.0.0.1:60720]' for 'POST' to 'http://localhost:60720/session/b621f5c866b2d13d986a06f16e86d864/element/1c694fb4-cbc4-472d-878e-d19436c81f54/click'
15:37:49.148 [Forwarding clickElement on session b621f5c866b2d13d986a06f16e86d864 to remote] DEBUG org.asynchttpclient.netty.request.NettyRequestSender - Using open Channel [id: 0x283aa7a9, L:/127.0.0.1:58546 - R:localhost/127.0.0.1:60720] for POST '/session/b621f5c866b2d13d986a06f16e86d864/element/1c694fb4-cbc4-472d-878e-d19436c81f54/click'
15:37:49.479 [AsyncHttpClient-1-7] DEBUG org.asynchttpclient.netty.handler.HttpHandler - 

Request DefaultHttpRequest(decodeResult: success, version: HTTP/1.1)
POST /session/b621f5c866b2d13d986a06f16e86d864/element/1c694fb4-cbc4-472d-878e-d19436c81f54/click HTTP/1.1
User-Agent: selenium/4.1.2 (java windows)
Content-Length: 50
Content-Type: application/json; charset=utf-8
host: localhost:60720
accept: */*

Response DefaultHttpResponse(decodeResult: success, version: HTTP/1.1)
HTTP/1.1 200 OK
Content-Type: application/json; charset=utf-8
cache-control: no-cache
content-length: 14

15:37:49.479 [AsyncHttpClient-1-7] DEBUG org.asynchttpclient.netty.channel.ChannelManager - Adding key: http://localhost:60720 for channel [id: 0x283aa7a9, L:/127.0.0.1:58546 - R:localhost/127.0.0.1:60720]
  &amp#27;[32mWhen &amp#27;[0m&amp#27;[32mI will go to &amp#27;[0m&amp#27;[32m&amp#27;[1m"bajuTerusan"&amp#27;[0m &amp#27;[90m# starter.stepdefinitions.BabyStep.iWillGoTo(java.lang.String)&amp#27;[0m
15:37:49.489 [Forwarding screenshot on session b621f5c866b2d13d986a06f16e86d864 to remote] DEBUG org.asynchttpclient.netty.request.NettyRequestSender - Using pooled Channel '[id: 0x283aa7a9, L:/127.0.0.1:58546 - R:localhost/127.0.0.1:60720]' for 'GET' to 'http://localhost:60720/session/b621f5c866b2d13d986a06f16e86d864/screenshot'
15:37:49.489 [Forwarding screenshot on session b621f5c866b2d13d986a06f16e86d864 to remote] DEBUG org.asynchttpclient.netty.request.NettyRequestSender - Using open Channel [id: 0x283aa7a9, L:/127.0.0.1:58546 - R:localhost/127.0.0.1:60720] for GET '/session/b621f5c866b2d13d986a06f16e86d864/screenshot'
15:37:49.716 [AsyncHttpClient-1-1] DEBUG org.asynchttpclient.netty.channel.DefaultChannelPool - Entry count for : http://localhost:58548 : 1
15:37:49.830 [AsyncHttpClient-1-7] DEBUG org.asynchttpclient.netty.handler.HttpHandler - 

Request DefaultFullHttpRequest(decodeResult: success, version: HTTP/1.1, content: EmptyByteBufBE)
GET /session/b621f5c866b2d13d986a06f16e86d864/screenshot HTTP/1.1
User-Agent: selenium/4.1.2 (java windows)
Cache-Control: no-cache
Content-Type: application/json; charset=utf-8
host: localhost:60720
accept: */*

Response DefaultHttpResponse(decodeResult: success, version: HTTP/1.1)
HTTP/1.1 200 OK
Content-Type: application/json; charset=utf-8
cache-control: no-cache
content-length: 57148

15:37:49.830 [AsyncHttpClient-1-7] DEBUG org.asynchttpclient.netty.channel.ChannelManager - Adding key: http://localhost:60720 for channel [id: 0x283aa7a9, L:/127.0.0.1:58546 - R:localhost/127.0.0.1:60720]
15:37:49.833 [main] DEBUG net.serenitybdd.core.photography.Darkroom - Send negative for processing for target\site\serenity\3653a131615d72d62c233819296292854880a55cc95e47c31da9ce4d18c54171.png
15:37:49.833 [Darkroom Processing Line] DEBUG net.serenitybdd.core.photography.DarkroomProcessingLine - Processing screenshot image in /var/screenshots/screenshot-15535385988990020218
15:37:49.833 [Darkroom Processing Line] DEBUG net.serenitybdd.core.photography.DarkroomProcessingLine - Saving screenshot to target\site\serenity\3653a131615d72d62c233819296292854880a55cc95e47c31da9ce4d18c54171.png
  &amp#27;[32mAnd &amp#27;[0m&amp#27;[32mI &amp#27;[0m&amp#27;[32m&amp#27;[1m""&amp#27;[0m&amp#27;[32m page&amp#27;[0m                   &amp#27;[90m# starter.stepdefinitions.BabyStep.iPage(java.lang.String)&amp#27;[0m
15:37:49.847 [AsyncHttpClient-1-9] DEBUG org.asynchttpclient.netty.handler.WebSocketHandler - Channel Closed: [id: 0x9a5e8f06, L:/127.0.0.1:58555 ! R:localhost/127.0.0.1:58548] with attribute NettyResponseFuture{currentRetry=5,
	isDone=1,
	isCancelled=0,
	asyncHandler=org.asynchttpclient.ws.WebSocketUpgradeHandler@329cc12c,
	nettyRequest=org.asynchttpclient.netty.request.NettyRequest@26680247,
	future=java.util.concurrent.CompletableFuture@4a2bcaed[Completed normally],
	uri=ws://localhost:58548/devtools/browser/db310162-976d-4fa0-9c41-091b24ea7ec7,
	keepAlive=true,
	redirectCount=0,
	timeoutsHolder=null,
	inAuth=0,
	touch=1680683859847}
15:37:49.848 [AsyncHttpClient-1-9] DEBUG org.asynchttpclient.netty.channel.ChannelManager - Closing Channel [id: 0x9a5e8f06, L:/127.0.0.1:58555 ! R:localhost/127.0.0.1:58548] 
15:37:49.848 [Driver Command Executor] DEBUG org.asynchttpclient.netty.request.NettyRequestSender - Using pooled Channel '[id: 0x283aa7a9, L:/127.0.0.1:58546 - R:localhost/127.0.0.1:60720]' for 'DELETE' to 'http://localhost:60720/session/b621f5c866b2d13d986a06f16e86d864'
15:37:49.848 [Driver Command Executor] DEBUG org.asynchttpclient.netty.request.NettyRequestSender - Using open Channel [id: 0x283aa7a9, L:/127.0.0.1:58546 - R:localhost/127.0.0.1:60720] for DELETE '/session/b621f5c866b2d13d986a06f16e86d864'
15:37:49.887 [AsyncHttpClient-1-8] DEBUG org.asynchttpclient.netty.handler.HttpHandler - Unexpected I/O exception on channel [id: 0x0bdfd738, L:/127.0.0.1:58554 - R:localhost/127.0.0.1:58548]
java.net.SocketException: Connection reset
	at java.base/sun.nio.ch.SocketChannelImpl.throwConnectionReset(SocketChannelImpl.java:345)
	at java.base/sun.nio.ch.SocketChannelImpl.read(SocketChannelImpl.java:376)
	at io.netty.buffer.PooledByteBuf.setBytes(PooledByteBuf.java:258)
	at io.netty.buffer.AbstractByteBuf.writeBytes(AbstractByteBuf.java:1132)
	at io.netty.channel.socket.nio.NioSocketChannel.doReadBytes(NioSocketChannel.java:350)
	at io.netty.channel.nio.AbstractNioByteChannel$NioByteUnsafe.read(AbstractNioByteChannel.java:151)
	at io.netty.channel.nio.NioEventLoop.processSelectedKey(NioEventLoop.java:722)
	at io.netty.channel.nio.NioEventLoop.processSelectedKeysOptimized(NioEventLoop.java:658)
	at io.netty.channel.nio.NioEventLoop.processSelectedKeys(NioEventLoop.java:584)
	at io.netty.channel.nio.NioEventLoop.run(NioEventLoop.java:496)
	at io.netty.util.concurrent.SingleThreadEventExecutor$4.run(SingleThreadEventExecutor.java:986)
	at io.netty.util.internal.ThreadExecutorMap$2.run(ThreadExecutorMap.java:74)
	at io.netty.util.concurrent.FastThreadLocalRunnable.run(FastThreadLocalRunnable.java:30)
	at java.base/java.lang.Thread.run(Thread.java:830)
15:37:49.887 [AsyncHttpClient-1-8] DEBUG org.asynchttpclient.netty.channel.ChannelManager - Closing Channel [id: 0x0bdfd738, L:/127.0.0.1:58554 - R:localhost/127.0.0.1:58548] 
15:37:49.887 [AsyncHttpClient-1-8] DEBUG org.asynchttpclient.netty.handler.HttpHandler - Channel Closed: [id: 0x0bdfd738, L:/127.0.0.1:58554 ! R:localhost/127.0.0.1:58548] with attribute DISCARD
15:37:49.910 [AsyncHttpClient-1-7] DEBUG org.asynchttpclient.netty.handler.HttpHandler - 

Request DefaultFullHttpRequest(decodeResult: success, version: HTTP/1.1, content: EmptyByteBufBE)
DELETE /session/b621f5c866b2d13d986a06f16e86d864 HTTP/1.1
User-Agent: selenium/4.1.2 (java windows)
Content-Type: application/json; charset=utf-8
host: localhost:60720
accept: */*

Response DefaultHttpResponse(decodeResult: success, version: HTTP/1.1)
HTTP/1.1 200 OK
Content-Type: application/json; charset=utf-8
cache-control: no-cache
content-length: 14

15:37:49.911 [AsyncHttpClient-1-7] DEBUG org.asynchttpclient.netty.channel.ChannelManager - Adding key: http://localhost:60720 for channel [id: 0x283aa7a9, L:/127.0.0.1:58546 - R:localhost/127.0.0.1:60720]
15:37:50.043 [AsyncHttpClient-1-7] DEBUG org.asynchttpclient.netty.handler.HttpHandler - Channel Closed: [id: 0x283aa7a9, L:/127.0.0.1:58546 ! R:localhost/127.0.0.1:60720] with attribute DISCARD
]]></system-out>
    <system-err><![CDATA[Starting Microsoft Edge WebDriver 111.0.1661.62 (0a8f453929e6410c973aa529a40485ce4e3e03db) on port 60720
To submit feedback, report a bug, or suggest new features, please visit https://github.com/MicrosoftEdge/EdgeWebDriver

Only local connections are allowed.
Please see https://aka.ms/WebDriverSecurity for suggestions on keeping Microsoft Edge WebDriver safe.

Microsoft Edge WebDriver was started successfully.
Apr 05, 2023 3:37:39 PM org.openqa.selenium.remote.ProtocolHandshake createSession
INFO: Detected dialect: W3C
Apr 05, 2023 3:37:39 PM org.openqa.selenium.devtools.CdpVersionFinder findNearestMatch
WARNING: Unable to find an exact match for CDP version 111, so returning the closest version found: a no-op implementation
Apr 05, 2023 3:37:39 PM org.openqa.selenium.devtools.CdpVersionFinder findNearestMatch
INFO: Unable to find CDP implementation matching 111.
Apr 05, 2023 3:37:39 PM org.openqa.selenium.chromium.ChromiumDriver lambda$new$3
WARNING: Unable to find version of CDP to use for . You may need to include a dependency on a specific version of the CDP using something similar to `org.seleniumhq.selenium:selenium-devtools-v86:4.1.2` where the version ("v86") matches the version of the chromium-based browser you're using and the version number of the artifact is the same as Selenium's.
]]></system-err>
  </testcase>
  <testcase name="Fitur Menu Baby #9" classname="Baby" time="11.063">
    <system-out><![CDATA[
Scenario Outline: Fitur Menu Baby &amp#27;[90m# src/test/resources/features/Baby.feature:101&amp#27;[0m
15:37:50.629 [main] INFO io.cucumber.core.plugin.SerenityReporter - Running feature from file:///C:/Users/alwi/IdeaProjects/uniqloweb/src/test/resources/features/Baby.feature
15:37:50.748 [main] DEBUG io.github.bonigarcia.wdm.cache.ResolutionCache - Resolution edge=111 in cache (valid until 16:17:30 05/04/2023 WIB)
15:37:50.752 [main] DEBUG io.github.bonigarcia.wdm.cache.ResolutionCache - Resolution edge111=111.0.1661.62 in cache (valid until 15:17:30 06/04/2023 WIB)
15:37:50.754 [main] INFO io.github.bonigarcia.wdm.WebDriverManager - Using msedgedriver 111.0.1661.62 (resolved driver for Edge 111)
15:37:50.771 [main] DEBUG io.github.bonigarcia.wdm.WebDriverManager - Driver msedgedriver 111.0.1661.62 found in cache
15:37:50.772 [main] INFO io.github.bonigarcia.wdm.WebDriverManager - Exporting webdriver.edge.driver as C:\Users\alwi\.cache\selenium\msedgedriver\win64\111.0.1661.62\msedgedriver.exe
15:37:50.774 [main] DEBUG net.serenitybdd.core.webdriver.driverproviders.ProvideNewDriver - Instantiating driver
15:37:50.774 [main] DEBUG net.serenitybdd.core.webdriver.driverproviders.ProvideNewDriver - Driver capabilities: Capabilities {base.url: https://www.uniqlo.com, chrome.driver: src/test/resources/webdrive..., driver: edge, ms:edgeChromium: true, ms:edgeOptions: {}, wait.for.timeout: 6000}
15:37:50.825 [AsyncHttpClient-1-1] DEBUG org.asynchttpclient.netty.channel.DefaultChannelPool - Entry count for : http://localhost:58548 : 1
15:37:50.825 [AsyncHttpClient-1-1] DEBUG org.asynchttpclient.netty.channel.DefaultChannelPool - Entry count for : http://localhost:60720 : 1
15:37:50.825 [AsyncHttpClient-1-1] DEBUG org.asynchttpclient.netty.channel.DefaultChannelPool - Adding Candidate expired Channel [id: 0x0bdfd738, L:/127.0.0.1:58554 ! R:localhost/127.0.0.1:58548] isIdleTimeoutExpired=false isRemotelyClosed=true isTtlExpired=false
15:37:50.825 [AsyncHttpClient-1-1] DEBUG org.asynchttpclient.netty.channel.DefaultChannelPool - Closing Idle Channel [id: 0x0bdfd738, L:/127.0.0.1:58554 ! R:localhost/127.0.0.1:58548]
15:37:50.825 [AsyncHttpClient-1-1] DEBUG org.asynchttpclient.netty.channel.DefaultChannelPool - Adding Candidate expired Channel [id: 0x283aa7a9, L:/127.0.0.1:58546 ! R:localhost/127.0.0.1:60720] isIdleTimeoutExpired=false isRemotelyClosed=true isTtlExpired=false
15:37:50.825 [AsyncHttpClient-1-1] DEBUG org.asynchttpclient.netty.channel.DefaultChannelPool - Closing Idle Channel [id: 0x283aa7a9, L:/127.0.0.1:58546 ! R:localhost/127.0.0.1:60720]
15:37:50.825 [AsyncHttpClient-1-1] DEBUG org.asynchttpclient.netty.channel.DefaultChannelPool - Closed 2 connections out of 2 in 0 ms
15:37:51.348 [AsyncHttpClient-1-10] DEBUG org.asynchttpclient.netty.channel.NettyConnectListener - Using new Channel '[id: 0x04bbc990, L:/127.0.0.1:58700 - R:localhost/127.0.0.1:53005]' for 'POST' to '/session'
15:37:51.970 [AsyncHttpClient-1-10] DEBUG org.asynchttpclient.netty.handler.HttpHandler - 

Request DefaultHttpRequest(decodeResult: success, version: HTTP/1.1)
POST /session HTTP/1.1
User-Agent: selenium/4.1.2 (java windows)
Content-Length: 627
Content-Type: application/json; charset=utf-8
host: localhost:53005
accept: */*

Response DefaultHttpResponse(decodeResult: success, version: HTTP/1.1)
HTTP/1.1 200 OK
Content-Type: application/json; charset=utf-8
cache-control: no-cache
content-length: 824

15:37:51.970 [AsyncHttpClient-1-10] DEBUG org.asynchttpclient.netty.channel.ChannelManager - Adding key: http://localhost:53005 for channel [id: 0x04bbc990, L:/127.0.0.1:58700 - R:localhost/127.0.0.1:53005]
15:37:51.974 [AsyncHttpClient-1-11] DEBUG org.asynchttpclient.netty.channel.NettyConnectListener - Using new Channel '[id: 0xa299ff48, L:/127.0.0.1:58709 - R:localhost/127.0.0.1:58702]' for 'GET' to '/json/version'
15:37:51.975 [AsyncHttpClient-1-11] DEBUG org.asynchttpclient.netty.handler.HttpHandler - 

Request DefaultFullHttpRequest(decodeResult: success, version: HTTP/1.1, content: EmptyByteBufBE)
GET /json/version HTTP/1.1
User-Agent: selenium/4.1.2 (java windows)
host: localhost:58702
accept: */*

Response DefaultHttpResponse(decodeResult: success, version: HTTP/1.1)
HTTP/1.1 200 OK
Content-Security-Policy: frame-ancestors 'none'
Content-Type: application/json; charset=UTF-8
content-length: 436

15:37:51.975 [AsyncHttpClient-1-11] DEBUG org.asynchttpclient.netty.channel.ChannelManager - Adding key: http://localhost:58702 for channel [id: 0xa299ff48, L:/127.0.0.1:58709 - R:localhost/127.0.0.1:58702]
15:37:51.977 [AsyncHttpClient-1-12] DEBUG org.asynchttpclient.netty.channel.NettyConnectListener - Using new Channel '[id: 0x406d3953, L:/127.0.0.1:58710 - R:localhost/127.0.0.1:58702]' for 'GET' to '/devtools/browser/cdc0b0c0-1455-4023-835f-8694ae7c9be7'
15:37:51.980 [AsyncHttpClient-1-12] DEBUG org.asynchttpclient.netty.handler.WebSocketHandler - 

Request DefaultFullHttpRequest(decodeResult: success, version: HTTP/1.1, content: EmptyByteBufBE)
GET /devtools/browser/cdc0b0c0-1455-4023-835f-8694ae7c9be7 HTTP/1.1
upgrade: websocket
connection: upgrade
sec-websocket-key: Ku6SrPX0K93ABSwvskS9Qw==
sec-websocket-version: 13
origin: http://localhost:58702
host: localhost:58702
accept: */*
user-agent: AHC/2.1

Response DefaultHttpResponse(decodeResult: success, version: HTTP/1.1)
HTTP/1.1 101 WebSocket Protocol Handshake
Upgrade: WebSocket
Connection: Upgrade
Sec-WebSocket-Accept: xtQFYDdA48SnI+SZ+tyzTG9ecw8=

15:37:51.986 [Forwarding get on session 226183241e9e44516992b63a59b124ae to remote] DEBUG org.asynchttpclient.netty.request.NettyRequestSender - Using pooled Channel '[id: 0x04bbc990, L:/127.0.0.1:58700 - R:localhost/127.0.0.1:53005]' for 'POST' to 'http://localhost:53005/session/226183241e9e44516992b63a59b124ae/url'
15:37:51.986 [Forwarding get on session 226183241e9e44516992b63a59b124ae to remote] DEBUG org.asynchttpclient.netty.request.NettyRequestSender - Using open Channel [id: 0x04bbc990, L:/127.0.0.1:58700 - R:localhost/127.0.0.1:53005] for POST '/session/226183241e9e44516992b63a59b124ae/url'
15:37:53.015 [AsyncHttpClient-1-1] DEBUG org.asynchttpclient.netty.channel.DefaultChannelPool - Entry count for : http://localhost:58702 : 1
15:37:54.123 [AsyncHttpClient-1-1] DEBUG org.asynchttpclient.netty.channel.DefaultChannelPool - Entry count for : http://localhost:58702 : 1
15:37:55.216 [AsyncHttpClient-1-1] DEBUG org.asynchttpclient.netty.channel.DefaultChannelPool - Entry count for : http://localhost:58702 : 1
15:37:56.316 [AsyncHttpClient-1-1] DEBUG org.asynchttpclient.netty.channel.DefaultChannelPool - Entry count for : http://localhost:58702 : 1
15:37:57.421 [AsyncHttpClient-1-1] DEBUG org.asynchttpclient.netty.channel.DefaultChannelPool - Entry count for : http://localhost:58702 : 1
15:37:58.421 [AsyncHttpClient-1-10] DEBUG org.asynchttpclient.netty.handler.HttpHandler - 

Request DefaultHttpRequest(decodeResult: success, version: HTTP/1.1)
POST /session/226183241e9e44516992b63a59b124ae/url HTTP/1.1
User-Agent: selenium/4.1.2 (java windows)
Content-Length: 53
Content-Type: application/json; charset=utf-8
host: localhost:53005
accept: */*

Response DefaultHttpResponse(decodeResult: success, version: HTTP/1.1)
HTTP/1.1 200 OK
Content-Type: application/json; charset=utf-8
cache-control: no-cache
content-length: 14

15:37:58.421 [AsyncHttpClient-1-10] DEBUG org.asynchttpclient.netty.channel.ChannelManager - Adding key: http://localhost:53005 for channel [id: 0x04bbc990, L:/127.0.0.1:58700 - R:localhost/127.0.0.1:53005]
15:37:58.425 [Forwarding setTimeout on session 226183241e9e44516992b63a59b124ae to remote] DEBUG org.asynchttpclient.netty.request.NettyRequestSender - Using pooled Channel '[id: 0x04bbc990, L:/127.0.0.1:58700 - R:localhost/127.0.0.1:53005]' for 'POST' to 'http://localhost:53005/session/226183241e9e44516992b63a59b124ae/timeouts'
15:37:58.425 [Forwarding setTimeout on session 226183241e9e44516992b63a59b124ae to remote] DEBUG org.asynchttpclient.netty.request.NettyRequestSender - Using open Channel [id: 0x04bbc990, L:/127.0.0.1:58700 - R:localhost/127.0.0.1:53005] for POST '/session/226183241e9e44516992b63a59b124ae/timeouts'
15:37:58.426 [AsyncHttpClient-1-10] DEBUG org.asynchttpclient.netty.handler.HttpHandler - 

Request DefaultHttpRequest(decodeResult: success, version: HTTP/1.1)
POST /session/226183241e9e44516992b63a59b124ae/timeouts HTTP/1.1
User-Agent: selenium/4.1.2 (java windows)
Content-Length: 22
Content-Type: application/json; charset=utf-8
host: localhost:53005
accept: */*

Response DefaultHttpResponse(decodeResult: success, version: HTTP/1.1)
HTTP/1.1 200 OK
Content-Type: application/json; charset=utf-8
cache-control: no-cache
content-length: 14

15:37:58.426 [AsyncHttpClient-1-10] DEBUG org.asynchttpclient.netty.channel.ChannelManager - Adding key: http://localhost:53005 for channel [id: 0x04bbc990, L:/127.0.0.1:58700 - R:localhost/127.0.0.1:53005]
15:37:58.431 [Forwarding getCurrentUrl on session 226183241e9e44516992b63a59b124ae to remote] DEBUG org.asynchttpclient.netty.request.NettyRequestSender - Using pooled Channel '[id: 0x04bbc990, L:/127.0.0.1:58700 - R:localhost/127.0.0.1:53005]' for 'GET' to 'http://localhost:53005/session/226183241e9e44516992b63a59b124ae/url'
15:37:58.431 [Forwarding getCurrentUrl on session 226183241e9e44516992b63a59b124ae to remote] DEBUG org.asynchttpclient.netty.request.NettyRequestSender - Using open Channel [id: 0x04bbc990, L:/127.0.0.1:58700 - R:localhost/127.0.0.1:53005] for GET '/session/226183241e9e44516992b63a59b124ae/url'
15:37:58.435 [AsyncHttpClient-1-10] DEBUG org.asynchttpclient.netty.handler.HttpHandler - 

Request DefaultFullHttpRequest(decodeResult: success, version: HTTP/1.1, content: EmptyByteBufBE)
GET /session/226183241e9e44516992b63a59b124ae/url HTTP/1.1
User-Agent: selenium/4.1.2 (java windows)
Cache-Control: no-cache
Content-Type: application/json; charset=utf-8
host: localhost:53005
accept: */*

Response DefaultHttpResponse(decodeResult: success, version: HTTP/1.1)
HTTP/1.1 200 OK
Content-Type: application/json; charset=utf-8
cache-control: no-cache
content-length: 41

15:37:58.436 [AsyncHttpClient-1-10] DEBUG org.asynchttpclient.netty.channel.ChannelManager - Adding key: http://localhost:53005 for channel [id: 0x04bbc990, L:/127.0.0.1:58700 - R:localhost/127.0.0.1:53005]
  &amp#27;[32mGiven &amp#27;[0m&amp#27;[32mI am on the home page&amp#27;[0m     &amp#27;[90m# starter.stepdefinitions.BabyStep.iAmOnTheHomePage()&amp#27;[0m
15:37:58.441 [Forwarding screenshot on session 226183241e9e44516992b63a59b124ae to remote] DEBUG org.asynchttpclient.netty.request.NettyRequestSender - Using pooled Channel '[id: 0x04bbc990, L:/127.0.0.1:58700 - R:localhost/127.0.0.1:53005]' for 'GET' to 'http://localhost:53005/session/226183241e9e44516992b63a59b124ae/screenshot'
15:37:58.441 [Forwarding screenshot on session 226183241e9e44516992b63a59b124ae to remote] DEBUG org.asynchttpclient.netty.request.NettyRequestSender - Using open Channel [id: 0x04bbc990, L:/127.0.0.1:58700 - R:localhost/127.0.0.1:53005] for GET '/session/226183241e9e44516992b63a59b124ae/screenshot'
15:37:58.516 [AsyncHttpClient-1-1] DEBUG org.asynchttpclient.netty.channel.DefaultChannelPool - Entry count for : http://localhost:58702 : 1
15:37:58.784 [AsyncHttpClient-1-10] DEBUG org.asynchttpclient.netty.handler.HttpHandler - 

Request DefaultFullHttpRequest(decodeResult: success, version: HTTP/1.1, content: EmptyByteBufBE)
GET /session/226183241e9e44516992b63a59b124ae/screenshot HTTP/1.1
User-Agent: selenium/4.1.2 (java windows)
Cache-Control: no-cache
Content-Type: application/json; charset=utf-8
host: localhost:53005
accept: */*

Response DefaultHttpResponse(decodeResult: success, version: HTTP/1.1)
HTTP/1.1 200 OK
Content-Type: application/json; charset=utf-8
cache-control: no-cache
content-length: 1119968

15:37:58.788 [AsyncHttpClient-1-10] DEBUG org.asynchttpclient.netty.channel.ChannelManager - Adding key: http://localhost:53005 for channel [id: 0x04bbc990, L:/127.0.0.1:58700 - R:localhost/127.0.0.1:53005]
15:37:58.834 [main] DEBUG net.serenitybdd.core.photography.Darkroom - Send negative for processing for target\site\serenity\3d1b19ad31921c0beae4332facd941fcc81467ad5802877977ec6c100df601ce.png
15:37:58.846 [Forwarding findElement on session 226183241e9e44516992b63a59b124ae to remote] DEBUG org.asynchttpclient.netty.request.NettyRequestSender - Using pooled Channel '[id: 0x04bbc990, L:/127.0.0.1:58700 - R:localhost/127.0.0.1:53005]' for 'POST' to 'http://localhost:53005/session/226183241e9e44516992b63a59b124ae/element'
15:37:58.846 [Forwarding findElement on session 226183241e9e44516992b63a59b124ae to remote] DEBUG org.asynchttpclient.netty.request.NettyRequestSender - Using open Channel [id: 0x04bbc990, L:/127.0.0.1:58700 - R:localhost/127.0.0.1:53005] for POST '/session/226183241e9e44516992b63a59b124ae/element'
15:37:58.859 [AsyncHttpClient-1-10] DEBUG org.asynchttpclient.netty.handler.HttpHandler - 

Request DefaultHttpRequest(decodeResult: success, version: HTTP/1.1)
POST /session/226183241e9e44516992b63a59b124ae/element HTTP/1.1
User-Agent: selenium/4.1.2 (java windows)
Content-Length: 81
Content-Type: application/json; charset=utf-8
host: localhost:53005
accept: */*

Response DefaultHttpResponse(decodeResult: success, version: HTTP/1.1)
HTTP/1.1 200 OK
Content-Type: application/json; charset=utf-8
cache-control: no-cache
content-length: 88

15:37:58.859 [AsyncHttpClient-1-10] DEBUG org.asynchttpclient.netty.channel.ChannelManager - Adding key: http://localhost:53005 for channel [id: 0x04bbc990, L:/127.0.0.1:58700 - R:localhost/127.0.0.1:53005]
15:37:58.861 [Forwarding getElementTagName on session 226183241e9e44516992b63a59b124ae to remote] DEBUG org.asynchttpclient.netty.request.NettyRequestSender - Using pooled Channel '[id: 0x04bbc990, L:/127.0.0.1:58700 - R:localhost/127.0.0.1:53005]' for 'GET' to 'http://localhost:53005/session/226183241e9e44516992b63a59b124ae/element/7be3b56f-afa5-41c1-8288-202117469aa1/name'
15:37:58.861 [Forwarding getElementTagName on session 226183241e9e44516992b63a59b124ae to remote] DEBUG org.asynchttpclient.netty.request.NettyRequestSender - Using open Channel [id: 0x04bbc990, L:/127.0.0.1:58700 - R:localhost/127.0.0.1:53005] for GET '/session/226183241e9e44516992b63a59b124ae/element/7be3b56f-afa5-41c1-8288-202117469aa1/name'
15:37:58.864 [AsyncHttpClient-1-10] DEBUG org.asynchttpclient.netty.handler.HttpHandler - 

Request DefaultFullHttpRequest(decodeResult: success, version: HTTP/1.1, content: EmptyByteBufBE)
GET /session/226183241e9e44516992b63a59b124ae/element/7be3b56f-afa5-41c1-8288-202117469aa1/name HTTP/1.1
User-Agent: selenium/4.1.2 (java windows)
Cache-Control: no-cache
Content-Type: application/json; charset=utf-8
host: localhost:53005
accept: */*

Response DefaultHttpResponse(decodeResult: success, version: HTTP/1.1)
HTTP/1.1 200 OK
Content-Type: application/json; charset=utf-8
cache-control: no-cache
content-length: 16

15:37:58.865 [AsyncHttpClient-1-10] DEBUG org.asynchttpclient.netty.channel.ChannelManager - Adding key: http://localhost:53005 for channel [id: 0x04bbc990, L:/127.0.0.1:58700 - R:localhost/127.0.0.1:53005]
15:37:58.866 [Forwarding getElementTagName on session 226183241e9e44516992b63a59b124ae to remote] DEBUG org.asynchttpclient.netty.request.NettyRequestSender - Using pooled Channel '[id: 0x04bbc990, L:/127.0.0.1:58700 - R:localhost/127.0.0.1:53005]' for 'GET' to 'http://localhost:53005/session/226183241e9e44516992b63a59b124ae/element/7be3b56f-afa5-41c1-8288-202117469aa1/name'
15:37:58.866 [Forwarding getElementTagName on session 226183241e9e44516992b63a59b124ae to remote] DEBUG org.asynchttpclient.netty.request.NettyRequestSender - Using open Channel [id: 0x04bbc990, L:/127.0.0.1:58700 - R:localhost/127.0.0.1:53005] for GET '/session/226183241e9e44516992b63a59b124ae/element/7be3b56f-afa5-41c1-8288-202117469aa1/name'
15:37:58.868 [AsyncHttpClient-1-10] DEBUG org.asynchttpclient.netty.handler.HttpHandler - 

Request DefaultFullHttpRequest(decodeResult: success, version: HTTP/1.1, content: EmptyByteBufBE)
GET /session/226183241e9e44516992b63a59b124ae/element/7be3b56f-afa5-41c1-8288-202117469aa1/name HTTP/1.1
User-Agent: selenium/4.1.2 (java windows)
Cache-Control: no-cache
Content-Type: application/json; charset=utf-8
host: localhost:53005
accept: */*

Response DefaultHttpResponse(decodeResult: success, version: HTTP/1.1)
HTTP/1.1 200 OK
Content-Type: application/json; charset=utf-8
cache-control: no-cache
content-length: 16

15:37:58.868 [AsyncHttpClient-1-10] DEBUG org.asynchttpclient.netty.channel.ChannelManager - Adding key: http://localhost:53005 for channel [id: 0x04bbc990, L:/127.0.0.1:58700 - R:localhost/127.0.0.1:53005]
15:37:58.871 [Forwarding findElement on session 226183241e9e44516992b63a59b124ae to remote] DEBUG org.asynchttpclient.netty.request.NettyRequestSender - Using pooled Channel '[id: 0x04bbc990, L:/127.0.0.1:58700 - R:localhost/127.0.0.1:53005]' for 'POST' to 'http://localhost:53005/session/226183241e9e44516992b63a59b124ae/element'
15:37:58.871 [Forwarding findElement on session 226183241e9e44516992b63a59b124ae to remote] DEBUG org.asynchttpclient.netty.request.NettyRequestSender - Using open Channel [id: 0x04bbc990, L:/127.0.0.1:58700 - R:localhost/127.0.0.1:53005] for POST '/session/226183241e9e44516992b63a59b124ae/element'
15:37:58.878 [AsyncHttpClient-1-10] DEBUG org.asynchttpclient.netty.handler.HttpHandler - 

Request DefaultHttpRequest(decodeResult: success, version: HTTP/1.1)
POST /session/226183241e9e44516992b63a59b124ae/element HTTP/1.1
User-Agent: selenium/4.1.2 (java windows)
Content-Length: 81
Content-Type: application/json; charset=utf-8
host: localhost:53005
accept: */*

Response DefaultHttpResponse(decodeResult: success, version: HTTP/1.1)
HTTP/1.1 200 OK
Content-Type: application/json; charset=utf-8
cache-control: no-cache
content-length: 88

15:37:58.878 [AsyncHttpClient-1-10] DEBUG org.asynchttpclient.netty.channel.ChannelManager - Adding key: http://localhost:53005 for channel [id: 0x04bbc990, L:/127.0.0.1:58700 - R:localhost/127.0.0.1:53005]
15:37:58.880 [Forwarding clickElement on session 226183241e9e44516992b63a59b124ae to remote] DEBUG org.asynchttpclient.netty.request.NettyRequestSender - Using pooled Channel '[id: 0x04bbc990, L:/127.0.0.1:58700 - R:localhost/127.0.0.1:53005]' for 'POST' to 'http://localhost:53005/session/226183241e9e44516992b63a59b124ae/element/7be3b56f-afa5-41c1-8288-202117469aa1/click'
15:37:58.880 [Forwarding clickElement on session 226183241e9e44516992b63a59b124ae to remote] DEBUG org.asynchttpclient.netty.request.NettyRequestSender - Using open Channel [id: 0x04bbc990, L:/127.0.0.1:58700 - R:localhost/127.0.0.1:53005] for POST '/session/226183241e9e44516992b63a59b124ae/element/7be3b56f-afa5-41c1-8288-202117469aa1/click'
15:37:59.323 [AsyncHttpClient-1-10] DEBUG org.asynchttpclient.netty.handler.HttpHandler - 

Request DefaultHttpRequest(decodeResult: success, version: HTTP/1.1)
POST /session/226183241e9e44516992b63a59b124ae/element/7be3b56f-afa5-41c1-8288-202117469aa1/click HTTP/1.1
User-Agent: selenium/4.1.2 (java windows)
Content-Length: 50
Content-Type: application/json; charset=utf-8
host: localhost:53005
accept: */*

Response DefaultHttpResponse(decodeResult: success, version: HTTP/1.1)
HTTP/1.1 200 OK
Content-Type: application/json; charset=utf-8
cache-control: no-cache
content-length: 14

15:37:59.323 [AsyncHttpClient-1-10] DEBUG org.asynchttpclient.netty.channel.ChannelManager - Adding key: http://localhost:53005 for channel [id: 0x04bbc990, L:/127.0.0.1:58700 - R:localhost/127.0.0.1:53005]
  &amp#27;[32mThen &amp#27;[0m&amp#27;[32mI click baby on the header&amp#27;[0m &amp#27;[90m# starter.stepdefinitions.BabyStep.iClickBabyOnTheHeader()&amp#27;[0m
15:37:59.334 [Forwarding screenshot on session 226183241e9e44516992b63a59b124ae to remote] DEBUG org.asynchttpclient.netty.request.NettyRequestSender - Using pooled Channel '[id: 0x04bbc990, L:/127.0.0.1:58700 - R:localhost/127.0.0.1:53005]' for 'GET' to 'http://localhost:53005/session/226183241e9e44516992b63a59b124ae/screenshot'
15:37:59.334 [Forwarding screenshot on session 226183241e9e44516992b63a59b124ae to remote] DEBUG org.asynchttpclient.netty.request.NettyRequestSender - Using open Channel [id: 0x04bbc990, L:/127.0.0.1:58700 - R:localhost/127.0.0.1:53005] for GET '/session/226183241e9e44516992b63a59b124ae/screenshot'
15:37:59.625 [AsyncHttpClient-1-1] DEBUG org.asynchttpclient.netty.channel.DefaultChannelPool - Entry count for : http://localhost:58702 : 1
15:38:00.241 [AsyncHttpClient-1-10] DEBUG org.asynchttpclient.netty.handler.HttpHandler - 

Request DefaultFullHttpRequest(decodeResult: success, version: HTTP/1.1, content: EmptyByteBufBE)
GET /session/226183241e9e44516992b63a59b124ae/screenshot HTTP/1.1
User-Agent: selenium/4.1.2 (java windows)
Cache-Control: no-cache
Content-Type: application/json; charset=utf-8
host: localhost:53005
accept: */*

Response DefaultHttpResponse(decodeResult: success, version: HTTP/1.1)
HTTP/1.1 200 OK
Content-Type: application/json; charset=utf-8
cache-control: no-cache
content-length: 137764

15:38:00.242 [AsyncHttpClient-1-10] DEBUG org.asynchttpclient.netty.channel.ChannelManager - Adding key: http://localhost:53005 for channel [id: 0x04bbc990, L:/127.0.0.1:58700 - R:localhost/127.0.0.1:53005]
15:38:00.247 [main] DEBUG net.serenitybdd.core.photography.Darkroom - Send negative for processing for target\site\serenity\585681ad0276587eea986df18185b9b817e38dbab4a67acb7d855325cd06f6fa.png
15:38:00.255 [Forwarding findElement on session 226183241e9e44516992b63a59b124ae to remote] DEBUG org.asynchttpclient.netty.request.NettyRequestSender - Using pooled Channel '[id: 0x04bbc990, L:/127.0.0.1:58700 - R:localhost/127.0.0.1:53005]' for 'POST' to 'http://localhost:53005/session/226183241e9e44516992b63a59b124ae/element'
15:38:00.255 [Forwarding findElement on session 226183241e9e44516992b63a59b124ae to remote] DEBUG org.asynchttpclient.netty.request.NettyRequestSender - Using open Channel [id: 0x04bbc990, L:/127.0.0.1:58700 - R:localhost/127.0.0.1:53005] for POST '/session/226183241e9e44516992b63a59b124ae/element'
15:38:00.266 [AsyncHttpClient-1-10] DEBUG org.asynchttpclient.netty.handler.HttpHandler - 

Request DefaultHttpRequest(decodeResult: success, version: HTTP/1.1)
POST /session/226183241e9e44516992b63a59b124ae/element HTTP/1.1
User-Agent: selenium/4.1.2 (java windows)
Content-Length: 105
Content-Type: application/json; charset=utf-8
host: localhost:53005
accept: */*

Response DefaultHttpResponse(decodeResult: success, version: HTTP/1.1)
HTTP/1.1 200 OK
Content-Type: application/json; charset=utf-8
cache-control: no-cache
content-length: 88

15:38:00.266 [AsyncHttpClient-1-10] DEBUG org.asynchttpclient.netty.channel.ChannelManager - Adding key: http://localhost:53005 for channel [id: 0x04bbc990, L:/127.0.0.1:58700 - R:localhost/127.0.0.1:53005]
15:38:00.268 [Forwarding getElementTagName on session 226183241e9e44516992b63a59b124ae to remote] DEBUG org.asynchttpclient.netty.request.NettyRequestSender - Using pooled Channel '[id: 0x04bbc990, L:/127.0.0.1:58700 - R:localhost/127.0.0.1:53005]' for 'GET' to 'http://localhost:53005/session/226183241e9e44516992b63a59b124ae/element/a0b0dee5-1756-4ea5-bcb6-7c85d644b762/name'
15:38:00.268 [Forwarding getElementTagName on session 226183241e9e44516992b63a59b124ae to remote] DEBUG org.asynchttpclient.netty.request.NettyRequestSender - Using open Channel [id: 0x04bbc990, L:/127.0.0.1:58700 - R:localhost/127.0.0.1:53005] for GET '/session/226183241e9e44516992b63a59b124ae/element/a0b0dee5-1756-4ea5-bcb6-7c85d644b762/name'
15:38:00.271 [AsyncHttpClient-1-10] DEBUG org.asynchttpclient.netty.handler.HttpHandler - 

Request DefaultFullHttpRequest(decodeResult: success, version: HTTP/1.1, content: EmptyByteBufBE)
GET /session/226183241e9e44516992b63a59b124ae/element/a0b0dee5-1756-4ea5-bcb6-7c85d644b762/name HTTP/1.1
User-Agent: selenium/4.1.2 (java windows)
Cache-Control: no-cache
Content-Type: application/json; charset=utf-8
host: localhost:53005
accept: */*

Response DefaultHttpResponse(decodeResult: success, version: HTTP/1.1)
HTTP/1.1 200 OK
Content-Type: application/json; charset=utf-8
cache-control: no-cache
content-length: 16

15:38:00.271 [AsyncHttpClient-1-10] DEBUG org.asynchttpclient.netty.channel.ChannelManager - Adding key: http://localhost:53005 for channel [id: 0x04bbc990, L:/127.0.0.1:58700 - R:localhost/127.0.0.1:53005]
15:38:00.272 [Forwarding getElementTagName on session 226183241e9e44516992b63a59b124ae to remote] DEBUG org.asynchttpclient.netty.request.NettyRequestSender - Using pooled Channel '[id: 0x04bbc990, L:/127.0.0.1:58700 - R:localhost/127.0.0.1:53005]' for 'GET' to 'http://localhost:53005/session/226183241e9e44516992b63a59b124ae/element/a0b0dee5-1756-4ea5-bcb6-7c85d644b762/name'
15:38:00.272 [Forwarding getElementTagName on session 226183241e9e44516992b63a59b124ae to remote] DEBUG org.asynchttpclient.netty.request.NettyRequestSender - Using open Channel [id: 0x04bbc990, L:/127.0.0.1:58700 - R:localhost/127.0.0.1:53005] for GET '/session/226183241e9e44516992b63a59b124ae/element/a0b0dee5-1756-4ea5-bcb6-7c85d644b762/name'
15:38:00.274 [AsyncHttpClient-1-10] DEBUG org.asynchttpclient.netty.handler.HttpHandler - 

Request DefaultFullHttpRequest(decodeResult: success, version: HTTP/1.1, content: EmptyByteBufBE)
GET /session/226183241e9e44516992b63a59b124ae/element/a0b0dee5-1756-4ea5-bcb6-7c85d644b762/name HTTP/1.1
User-Agent: selenium/4.1.2 (java windows)
Cache-Control: no-cache
Content-Type: application/json; charset=utf-8
host: localhost:53005
accept: */*

Response DefaultHttpResponse(decodeResult: success, version: HTTP/1.1)
HTTP/1.1 200 OK
Content-Type: application/json; charset=utf-8
cache-control: no-cache
content-length: 16

15:38:00.275 [AsyncHttpClient-1-10] DEBUG org.asynchttpclient.netty.channel.ChannelManager - Adding key: http://localhost:53005 for channel [id: 0x04bbc990, L:/127.0.0.1:58700 - R:localhost/127.0.0.1:53005]
15:38:00.277 [Forwarding findElement on session 226183241e9e44516992b63a59b124ae to remote] DEBUG org.asynchttpclient.netty.request.NettyRequestSender - Using pooled Channel '[id: 0x04bbc990, L:/127.0.0.1:58700 - R:localhost/127.0.0.1:53005]' for 'POST' to 'http://localhost:53005/session/226183241e9e44516992b63a59b124ae/element'
15:38:00.277 [Forwarding findElement on session 226183241e9e44516992b63a59b124ae to remote] DEBUG org.asynchttpclient.netty.request.NettyRequestSender - Using open Channel [id: 0x04bbc990, L:/127.0.0.1:58700 - R:localhost/127.0.0.1:53005] for POST '/session/226183241e9e44516992b63a59b124ae/element'
15:38:00.285 [AsyncHttpClient-1-10] DEBUG org.asynchttpclient.netty.handler.HttpHandler - 

Request DefaultHttpRequest(decodeResult: success, version: HTTP/1.1)
POST /session/226183241e9e44516992b63a59b124ae/element HTTP/1.1
User-Agent: selenium/4.1.2 (java windows)
Content-Length: 105
Content-Type: application/json; charset=utf-8
host: localhost:53005
accept: */*

Response DefaultHttpResponse(decodeResult: success, version: HTTP/1.1)
HTTP/1.1 200 OK
Content-Type: application/json; charset=utf-8
cache-control: no-cache
content-length: 88

15:38:00.285 [AsyncHttpClient-1-10] DEBUG org.asynchttpclient.netty.channel.ChannelManager - Adding key: http://localhost:53005 for channel [id: 0x04bbc990, L:/127.0.0.1:58700 - R:localhost/127.0.0.1:53005]
15:38:00.286 [Forwarding clickElement on session 226183241e9e44516992b63a59b124ae to remote] DEBUG org.asynchttpclient.netty.request.NettyRequestSender - Using pooled Channel '[id: 0x04bbc990, L:/127.0.0.1:58700 - R:localhost/127.0.0.1:53005]' for 'POST' to 'http://localhost:53005/session/226183241e9e44516992b63a59b124ae/element/a0b0dee5-1756-4ea5-bcb6-7c85d644b762/click'
15:38:00.286 [Forwarding clickElement on session 226183241e9e44516992b63a59b124ae to remote] DEBUG org.asynchttpclient.netty.request.NettyRequestSender - Using open Channel [id: 0x04bbc990, L:/127.0.0.1:58700 - R:localhost/127.0.0.1:53005] for POST '/session/226183241e9e44516992b63a59b124ae/element/a0b0dee5-1756-4ea5-bcb6-7c85d644b762/click'
15:38:00.474 [AsyncHttpClient-1-10] DEBUG org.asynchttpclient.netty.handler.HttpHandler - 

Request DefaultHttpRequest(decodeResult: success, version: HTTP/1.1)
POST /session/226183241e9e44516992b63a59b124ae/element/a0b0dee5-1756-4ea5-bcb6-7c85d644b762/click HTTP/1.1
User-Agent: selenium/4.1.2 (java windows)
Content-Length: 50
Content-Type: application/json; charset=utf-8
host: localhost:53005
accept: */*

Response DefaultHttpResponse(decodeResult: success, version: HTTP/1.1)
HTTP/1.1 200 OK
Content-Type: application/json; charset=utf-8
cache-control: no-cache
content-length: 14

15:38:00.474 [AsyncHttpClient-1-10] DEBUG org.asynchttpclient.netty.channel.ChannelManager - Adding key: http://localhost:53005 for channel [id: 0x04bbc990, L:/127.0.0.1:58700 - R:localhost/127.0.0.1:53005]
  &amp#27;[32mWhen &amp#27;[0m&amp#27;[32mI will go to &amp#27;[0m&amp#27;[32m&amp#27;[1m"legging"&amp#27;[0m     &amp#27;[90m# starter.stepdefinitions.BabyStep.iWillGoTo(java.lang.String)&amp#27;[0m
15:38:00.483 [Forwarding screenshot on session 226183241e9e44516992b63a59b124ae to remote] DEBUG org.asynchttpclient.netty.request.NettyRequestSender - Using pooled Channel '[id: 0x04bbc990, L:/127.0.0.1:58700 - R:localhost/127.0.0.1:53005]' for 'GET' to 'http://localhost:53005/session/226183241e9e44516992b63a59b124ae/screenshot'
15:38:00.483 [Forwarding screenshot on session 226183241e9e44516992b63a59b124ae to remote] DEBUG org.asynchttpclient.netty.request.NettyRequestSender - Using open Channel [id: 0x04bbc990, L:/127.0.0.1:58700 - R:localhost/127.0.0.1:53005] for GET '/session/226183241e9e44516992b63a59b124ae/screenshot'
15:38:00.715 [AsyncHttpClient-1-1] DEBUG org.asynchttpclient.netty.channel.DefaultChannelPool - Entry count for : http://localhost:58702 : 1
15:38:00.839 [AsyncHttpClient-1-10] DEBUG org.asynchttpclient.netty.handler.HttpHandler - 

Request DefaultFullHttpRequest(decodeResult: success, version: HTTP/1.1, content: EmptyByteBufBE)
GET /session/226183241e9e44516992b63a59b124ae/screenshot HTTP/1.1
User-Agent: selenium/4.1.2 (java windows)
Cache-Control: no-cache
Content-Type: application/json; charset=utf-8
host: localhost:53005
accept: */*

Response DefaultHttpResponse(decodeResult: success, version: HTTP/1.1)
HTTP/1.1 200 OK
Content-Type: application/json; charset=utf-8
cache-control: no-cache
content-length: 78924

15:38:00.840 [AsyncHttpClient-1-10] DEBUG org.asynchttpclient.netty.channel.ChannelManager - Adding key: http://localhost:53005 for channel [id: 0x04bbc990, L:/127.0.0.1:58700 - R:localhost/127.0.0.1:53005]
15:38:00.844 [main] DEBUG net.serenitybdd.core.photography.Darkroom - Send negative for processing for target\site\serenity\25bef91c87fc62cdbf6e6031b2341f5a5804d43a23745c17e31d0342e1d06f65.png
15:38:00.845 [Darkroom Processing Line] DEBUG net.serenitybdd.core.photography.DarkroomProcessingLine - Processing screenshot image in /var/screenshots/screenshot-7582483793763339975
15:38:00.845 [Darkroom Processing Line] DEBUG net.serenitybdd.core.photography.DarkroomProcessingLine - Saving screenshot to target\site\serenity\25bef91c87fc62cdbf6e6031b2341f5a5804d43a23745c17e31d0342e1d06f65.png
  &amp#27;[32mAnd &amp#27;[0m&amp#27;[32mI &amp#27;[0m&amp#27;[32m&amp#27;[1m""&amp#27;[0m&amp#27;[32m page&amp#27;[0m                   &amp#27;[90m# starter.stepdefinitions.BabyStep.iPage(java.lang.String)&amp#27;[0m
15:38:00.864 [AsyncHttpClient-1-12] DEBUG org.asynchttpclient.netty.handler.WebSocketHandler - Channel Closed: [id: 0x406d3953, L:/127.0.0.1:58710 ! R:localhost/127.0.0.1:58702] with attribute NettyResponseFuture{currentRetry=5,
	isDone=1,
	isCancelled=0,
	asyncHandler=org.asynchttpclient.ws.WebSocketUpgradeHandler@233b1481,
	nettyRequest=org.asynchttpclient.netty.request.NettyRequest@3f93cf5f,
	future=java.util.concurrent.CompletableFuture@5b95e494[Completed normally],
	uri=ws://localhost:58702/devtools/browser/cdc0b0c0-1455-4023-835f-8694ae7c9be7,
	keepAlive=true,
	redirectCount=0,
	timeoutsHolder=null,
	inAuth=0,
	touch=1680683871981}
15:38:00.865 [AsyncHttpClient-1-12] DEBUG org.asynchttpclient.netty.channel.ChannelManager - Closing Channel [id: 0x406d3953, L:/127.0.0.1:58710 ! R:localhost/127.0.0.1:58702] 
15:38:00.865 [Driver Command Executor] DEBUG org.asynchttpclient.netty.request.NettyRequestSender - Using pooled Channel '[id: 0x04bbc990, L:/127.0.0.1:58700 - R:localhost/127.0.0.1:53005]' for 'DELETE' to 'http://localhost:53005/session/226183241e9e44516992b63a59b124ae'
15:38:00.865 [Driver Command Executor] DEBUG org.asynchttpclient.netty.request.NettyRequestSender - Using open Channel [id: 0x04bbc990, L:/127.0.0.1:58700 - R:localhost/127.0.0.1:53005] for DELETE '/session/226183241e9e44516992b63a59b124ae'
15:38:00.929 [AsyncHttpClient-1-11] DEBUG org.asynchttpclient.netty.handler.HttpHandler - Unexpected I/O exception on channel [id: 0xa299ff48, L:/127.0.0.1:58709 - R:localhost/127.0.0.1:58702]
java.net.SocketException: Connection reset
	at java.base/sun.nio.ch.SocketChannelImpl.throwConnectionReset(SocketChannelImpl.java:345)
	at java.base/sun.nio.ch.SocketChannelImpl.read(SocketChannelImpl.java:376)
	at io.netty.buffer.PooledByteBuf.setBytes(PooledByteBuf.java:258)
	at io.netty.buffer.AbstractByteBuf.writeBytes(AbstractByteBuf.java:1132)
	at io.netty.channel.socket.nio.NioSocketChannel.doReadBytes(NioSocketChannel.java:350)
	at io.netty.channel.nio.AbstractNioByteChannel$NioByteUnsafe.read(AbstractNioByteChannel.java:151)
	at io.netty.channel.nio.NioEventLoop.processSelectedKey(NioEventLoop.java:722)
	at io.netty.channel.nio.NioEventLoop.processSelectedKeysOptimized(NioEventLoop.java:658)
	at io.netty.channel.nio.NioEventLoop.processSelectedKeys(NioEventLoop.java:584)
	at io.netty.channel.nio.NioEventLoop.run(NioEventLoop.java:496)
	at io.netty.util.concurrent.SingleThreadEventExecutor$4.run(SingleThreadEventExecutor.java:986)
	at io.netty.util.internal.ThreadExecutorMap$2.run(ThreadExecutorMap.java:74)
	at io.netty.util.concurrent.FastThreadLocalRunnable.run(FastThreadLocalRunnable.java:30)
	at java.base/java.lang.Thread.run(Thread.java:830)
15:38:00.929 [AsyncHttpClient-1-11] DEBUG org.asynchttpclient.netty.channel.ChannelManager - Closing Channel [id: 0xa299ff48, L:/127.0.0.1:58709 - R:localhost/127.0.0.1:58702] 
15:38:00.930 [AsyncHttpClient-1-11] DEBUG org.asynchttpclient.netty.handler.HttpHandler - Channel Closed: [id: 0xa299ff48, L:/127.0.0.1:58709 ! R:localhost/127.0.0.1:58702] with attribute DISCARD
15:38:00.964 [AsyncHttpClient-1-10] DEBUG org.asynchttpclient.netty.handler.HttpHandler - 

Request DefaultFullHttpRequest(decodeResult: success, version: HTTP/1.1, content: EmptyByteBufBE)
DELETE /session/226183241e9e44516992b63a59b124ae HTTP/1.1
User-Agent: selenium/4.1.2 (java windows)
Content-Type: application/json; charset=utf-8
host: localhost:53005
accept: */*

Response DefaultHttpResponse(decodeResult: success, version: HTTP/1.1)
HTTP/1.1 200 OK
Content-Type: application/json; charset=utf-8
cache-control: no-cache
content-length: 14

15:38:00.964 [AsyncHttpClient-1-10] DEBUG org.asynchttpclient.netty.channel.ChannelManager - Adding key: http://localhost:53005 for channel [id: 0x04bbc990, L:/127.0.0.1:58700 - R:localhost/127.0.0.1:53005]
15:38:01.108 [AsyncHttpClient-1-10] DEBUG org.asynchttpclient.netty.handler.HttpHandler - Channel Closed: [id: 0x04bbc990, L:/127.0.0.1:58700 ! R:localhost/127.0.0.1:53005] with attribute DISCARD
]]></system-out>
    <system-err><![CDATA[Starting Microsoft Edge WebDriver 111.0.1661.62 (0a8f453929e6410c973aa529a40485ce4e3e03db) on port 53005
To submit feedback, report a bug, or suggest new features, please visit https://github.com/MicrosoftEdge/EdgeWebDriver

Only local connections are allowed.
Please see https://aka.ms/WebDriverSecurity for suggestions on keeping Microsoft Edge WebDriver safe.

Microsoft Edge WebDriver was started successfully.
Apr 05, 2023 3:37:51 PM org.openqa.selenium.remote.ProtocolHandshake createSession
INFO: Detected dialect: W3C
Apr 05, 2023 3:37:51 PM org.openqa.selenium.devtools.CdpVersionFinder findNearestMatch
WARNING: Unable to find an exact match for CDP version 111, so returning the closest version found: a no-op implementation
Apr 05, 2023 3:37:51 PM org.openqa.selenium.devtools.CdpVersionFinder findNearestMatch
INFO: Unable to find CDP implementation matching 111.
Apr 05, 2023 3:37:51 PM org.openqa.selenium.chromium.ChromiumDriver lambda$new$3
WARNING: Unable to find version of CDP to use for . You may need to include a dependency on a specific version of the CDP using something similar to `org.seleniumhq.selenium:selenium-devtools-v86:4.1.2` where the version ("v86") matches the version of the chromium-based browser you're using and the version number of the artifact is the same as Selenium's.
]]></system-err>
  </testcase>
  <testcase name="Fitur Menu Baby #10" classname="Baby" time="10.721">
    <system-out><![CDATA[
Scenario Outline: Fitur Menu Baby &amp#27;[90m# src/test/resources/features/Baby.feature:102&amp#27;[0m
15:38:01.690 [main] INFO io.cucumber.core.plugin.SerenityReporter - Running feature from file:///C:/Users/alwi/IdeaProjects/uniqloweb/src/test/resources/features/Baby.feature
15:38:01.816 [AsyncHttpClient-1-1] DEBUG org.asynchttpclient.netty.channel.DefaultChannelPool - Entry count for : http://localhost:58702 : 1
15:38:01.816 [AsyncHttpClient-1-1] DEBUG org.asynchttpclient.netty.channel.DefaultChannelPool - Entry count for : http://localhost:53005 : 1
15:38:01.816 [AsyncHttpClient-1-1] DEBUG org.asynchttpclient.netty.channel.DefaultChannelPool - Adding Candidate expired Channel [id: 0xa299ff48, L:/127.0.0.1:58709 ! R:localhost/127.0.0.1:58702] isIdleTimeoutExpired=false isRemotelyClosed=true isTtlExpired=false
15:38:01.816 [AsyncHttpClient-1-1] DEBUG org.asynchttpclient.netty.channel.DefaultChannelPool - Closing Idle Channel [id: 0xa299ff48, L:/127.0.0.1:58709 ! R:localhost/127.0.0.1:58702]
15:38:01.816 [AsyncHttpClient-1-1] DEBUG org.asynchttpclient.netty.channel.DefaultChannelPool - Adding Candidate expired Channel [id: 0x04bbc990, L:/127.0.0.1:58700 ! R:localhost/127.0.0.1:53005] isIdleTimeoutExpired=false isRemotelyClosed=true isTtlExpired=false
15:38:01.816 [AsyncHttpClient-1-1] DEBUG org.asynchttpclient.netty.channel.DefaultChannelPool - Closing Idle Channel [id: 0x04bbc990, L:/127.0.0.1:58700 ! R:localhost/127.0.0.1:53005]
15:38:01.816 [AsyncHttpClient-1-1] DEBUG org.asynchttpclient.netty.channel.DefaultChannelPool - Closed 2 connections out of 2 in 0 ms
15:38:01.866 [main] DEBUG io.github.bonigarcia.wdm.cache.ResolutionCache - Resolution edge=111 in cache (valid until 16:17:30 05/04/2023 WIB)
15:38:01.870 [main] DEBUG io.github.bonigarcia.wdm.cache.ResolutionCache - Resolution edge111=111.0.1661.62 in cache (valid until 15:17:30 06/04/2023 WIB)
15:38:01.872 [main] INFO io.github.bonigarcia.wdm.WebDriverManager - Using msedgedriver 111.0.1661.62 (resolved driver for Edge 111)
15:38:01.884 [main] DEBUG io.github.bonigarcia.wdm.WebDriverManager - Driver msedgedriver 111.0.1661.62 found in cache
15:38:01.884 [main] INFO io.github.bonigarcia.wdm.WebDriverManager - Exporting webdriver.edge.driver as C:\Users\alwi\.cache\selenium\msedgedriver\win64\111.0.1661.62\msedgedriver.exe
15:38:01.887 [main] DEBUG net.serenitybdd.core.webdriver.driverproviders.ProvideNewDriver - Instantiating driver
15:38:01.887 [main] DEBUG net.serenitybdd.core.webdriver.driverproviders.ProvideNewDriver - Driver capabilities: Capabilities {base.url: https://www.uniqlo.com, chrome.driver: src/test/resources/webdrive..., driver: edge, ms:edgeChromium: true, ms:edgeOptions: {}, wait.for.timeout: 6000}
15:38:02.428 [AsyncHttpClient-1-13] DEBUG org.asynchttpclient.netty.channel.NettyConnectListener - Using new Channel '[id: 0x752bea86, L:/127.0.0.1:58837 - R:localhost/127.0.0.1:55950]' for 'POST' to '/session'
15:38:03.074 [AsyncHttpClient-1-13] DEBUG org.asynchttpclient.netty.handler.HttpHandler - 

Request DefaultHttpRequest(decodeResult: success, version: HTTP/1.1)
POST /session HTTP/1.1
User-Agent: selenium/4.1.2 (java windows)
Content-Length: 627
Content-Type: application/json; charset=utf-8
host: localhost:55950
accept: */*

Response DefaultHttpResponse(decodeResult: success, version: HTTP/1.1)
HTTP/1.1 200 OK
Content-Type: application/json; charset=utf-8
cache-control: no-cache
content-length: 824

15:38:03.074 [AsyncHttpClient-1-13] DEBUG org.asynchttpclient.netty.channel.ChannelManager - Adding key: http://localhost:55950 for channel [id: 0x752bea86, L:/127.0.0.1:58837 - R:localhost/127.0.0.1:55950]
15:38:03.080 [AsyncHttpClient-1-14] DEBUG org.asynchttpclient.netty.channel.NettyConnectListener - Using new Channel '[id: 0xde615873, L:/127.0.0.1:58849 - R:localhost/127.0.0.1:58838]' for 'GET' to '/json/version'
15:38:03.080 [AsyncHttpClient-1-14] DEBUG org.asynchttpclient.netty.handler.HttpHandler - 

Request DefaultFullHttpRequest(decodeResult: success, version: HTTP/1.1, content: EmptyByteBufBE)
GET /json/version HTTP/1.1
User-Agent: selenium/4.1.2 (java windows)
host: localhost:58838
accept: */*

Response DefaultHttpResponse(decodeResult: success, version: HTTP/1.1)
HTTP/1.1 200 OK
Content-Security-Policy: frame-ancestors 'none'
Content-Type: application/json; charset=UTF-8
content-length: 436

15:38:03.081 [AsyncHttpClient-1-14] DEBUG org.asynchttpclient.netty.channel.ChannelManager - Adding key: http://localhost:58838 for channel [id: 0xde615873, L:/127.0.0.1:58849 - R:localhost/127.0.0.1:58838]
15:38:03.083 [AsyncHttpClient-1-15] DEBUG org.asynchttpclient.netty.channel.NettyConnectListener - Using new Channel '[id: 0x2551ed12, L:/127.0.0.1:58850 - R:localhost/127.0.0.1:58838]' for 'GET' to '/devtools/browser/43caa84a-f441-4976-b86d-e9af7b0cb10e'
15:38:03.086 [AsyncHttpClient-1-15] DEBUG org.asynchttpclient.netty.handler.WebSocketHandler - 

Request DefaultFullHttpRequest(decodeResult: success, version: HTTP/1.1, content: EmptyByteBufBE)
GET /devtools/browser/43caa84a-f441-4976-b86d-e9af7b0cb10e HTTP/1.1
upgrade: websocket
connection: upgrade
sec-websocket-key: fSxja/0LWvX6m/GjOoOflw==
sec-websocket-version: 13
origin: http://localhost:58838
host: localhost:58838
accept: */*
user-agent: AHC/2.1

Response DefaultHttpResponse(decodeResult: success, version: HTTP/1.1)
HTTP/1.1 101 WebSocket Protocol Handshake
Upgrade: WebSocket
Connection: Upgrade
Sec-WebSocket-Accept: Pcj9Z6YaE4HBmtIzO5yNEkgnApE=

15:38:03.090 [Forwarding get on session 63879c43398af11df23bc46c63169673 to remote] DEBUG org.asynchttpclient.netty.request.NettyRequestSender - Using pooled Channel '[id: 0x752bea86, L:/127.0.0.1:58837 - R:localhost/127.0.0.1:55950]' for 'POST' to 'http://localhost:55950/session/63879c43398af11df23bc46c63169673/url'
15:38:03.091 [Forwarding get on session 63879c43398af11df23bc46c63169673 to remote] DEBUG org.asynchttpclient.netty.request.NettyRequestSender - Using open Channel [id: 0x752bea86, L:/127.0.0.1:58837 - R:localhost/127.0.0.1:55950] for POST '/session/63879c43398af11df23bc46c63169673/url'
15:38:04.033 [AsyncHttpClient-1-1] DEBUG org.asynchttpclient.netty.channel.DefaultChannelPool - Entry count for : http://localhost:58838 : 1
15:38:05.115 [AsyncHttpClient-1-1] DEBUG org.asynchttpclient.netty.channel.DefaultChannelPool - Entry count for : http://localhost:58838 : 1
15:38:06.216 [AsyncHttpClient-1-1] DEBUG org.asynchttpclient.netty.channel.DefaultChannelPool - Entry count for : http://localhost:58838 : 1
15:38:07.322 [AsyncHttpClient-1-1] DEBUG org.asynchttpclient.netty.channel.DefaultChannelPool - Entry count for : http://localhost:58838 : 1
15:38:08.419 [AsyncHttpClient-1-1] DEBUG org.asynchttpclient.netty.channel.DefaultChannelPool - Entry count for : http://localhost:58838 : 1
15:38:08.940 [AsyncHttpClient-1-13] DEBUG org.asynchttpclient.netty.handler.HttpHandler - 

Request DefaultHttpRequest(decodeResult: success, version: HTTP/1.1)
POST /session/63879c43398af11df23bc46c63169673/url HTTP/1.1
User-Agent: selenium/4.1.2 (java windows)
Content-Length: 53
Content-Type: application/json; charset=utf-8
host: localhost:55950
accept: */*

Response DefaultHttpResponse(decodeResult: success, version: HTTP/1.1)
HTTP/1.1 200 OK
Content-Type: application/json; charset=utf-8
cache-control: no-cache
content-length: 14

15:38:08.940 [AsyncHttpClient-1-13] DEBUG org.asynchttpclient.netty.channel.ChannelManager - Adding key: http://localhost:55950 for channel [id: 0x752bea86, L:/127.0.0.1:58837 - R:localhost/127.0.0.1:55950]
15:38:08.942 [Forwarding setTimeout on session 63879c43398af11df23bc46c63169673 to remote] DEBUG org.asynchttpclient.netty.request.NettyRequestSender - Using pooled Channel '[id: 0x752bea86, L:/127.0.0.1:58837 - R:localhost/127.0.0.1:55950]' for 'POST' to 'http://localhost:55950/session/63879c43398af11df23bc46c63169673/timeouts'
15:38:08.942 [Forwarding setTimeout on session 63879c43398af11df23bc46c63169673 to remote] DEBUG org.asynchttpclient.netty.request.NettyRequestSender - Using open Channel [id: 0x752bea86, L:/127.0.0.1:58837 - R:localhost/127.0.0.1:55950] for POST '/session/63879c43398af11df23bc46c63169673/timeouts'
15:38:08.944 [AsyncHttpClient-1-13] DEBUG org.asynchttpclient.netty.handler.HttpHandler - 

Request DefaultHttpRequest(decodeResult: success, version: HTTP/1.1)
POST /session/63879c43398af11df23bc46c63169673/timeouts HTTP/1.1
User-Agent: selenium/4.1.2 (java windows)
Content-Length: 22
Content-Type: application/json; charset=utf-8
host: localhost:55950
accept: */*

Response DefaultHttpResponse(decodeResult: success, version: HTTP/1.1)
HTTP/1.1 200 OK
Content-Type: application/json; charset=utf-8
cache-control: no-cache
content-length: 14

15:38:08.944 [AsyncHttpClient-1-13] DEBUG org.asynchttpclient.netty.channel.ChannelManager - Adding key: http://localhost:55950 for channel [id: 0x752bea86, L:/127.0.0.1:58837 - R:localhost/127.0.0.1:55950]
15:38:08.948 [Forwarding getCurrentUrl on session 63879c43398af11df23bc46c63169673 to remote] DEBUG org.asynchttpclient.netty.request.NettyRequestSender - Using pooled Channel '[id: 0x752bea86, L:/127.0.0.1:58837 - R:localhost/127.0.0.1:55950]' for 'GET' to 'http://localhost:55950/session/63879c43398af11df23bc46c63169673/url'
15:38:08.948 [Forwarding getCurrentUrl on session 63879c43398af11df23bc46c63169673 to remote] DEBUG org.asynchttpclient.netty.request.NettyRequestSender - Using open Channel [id: 0x752bea86, L:/127.0.0.1:58837 - R:localhost/127.0.0.1:55950] for GET '/session/63879c43398af11df23bc46c63169673/url'
15:38:08.953 [AsyncHttpClient-1-13] DEBUG org.asynchttpclient.netty.handler.HttpHandler - 

Request DefaultFullHttpRequest(decodeResult: success, version: HTTP/1.1, content: EmptyByteBufBE)
GET /session/63879c43398af11df23bc46c63169673/url HTTP/1.1
User-Agent: selenium/4.1.2 (java windows)
Cache-Control: no-cache
Content-Type: application/json; charset=utf-8
host: localhost:55950
accept: */*

Response DefaultHttpResponse(decodeResult: success, version: HTTP/1.1)
HTTP/1.1 200 OK
Content-Type: application/json; charset=utf-8
cache-control: no-cache
content-length: 41

15:38:08.953 [AsyncHttpClient-1-13] DEBUG org.asynchttpclient.netty.channel.ChannelManager - Adding key: http://localhost:55950 for channel [id: 0x752bea86, L:/127.0.0.1:58837 - R:localhost/127.0.0.1:55950]
  &amp#27;[32mGiven &amp#27;[0m&amp#27;[32mI am on the home page&amp#27;[0m     &amp#27;[90m# starter.stepdefinitions.BabyStep.iAmOnTheHomePage()&amp#27;[0m
15:38:08.960 [Forwarding screenshot on session 63879c43398af11df23bc46c63169673 to remote] DEBUG org.asynchttpclient.netty.request.NettyRequestSender - Using pooled Channel '[id: 0x752bea86, L:/127.0.0.1:58837 - R:localhost/127.0.0.1:55950]' for 'GET' to 'http://localhost:55950/session/63879c43398af11df23bc46c63169673/screenshot'
15:38:08.960 [Forwarding screenshot on session 63879c43398af11df23bc46c63169673 to remote] DEBUG org.asynchttpclient.netty.request.NettyRequestSender - Using open Channel [id: 0x752bea86, L:/127.0.0.1:58837 - R:localhost/127.0.0.1:55950] for GET '/session/63879c43398af11df23bc46c63169673/screenshot'
15:38:09.342 [AsyncHttpClient-1-13] DEBUG org.asynchttpclient.netty.handler.HttpHandler - 

Request DefaultFullHttpRequest(decodeResult: success, version: HTTP/1.1, content: EmptyByteBufBE)
GET /session/63879c43398af11df23bc46c63169673/screenshot HTTP/1.1
User-Agent: selenium/4.1.2 (java windows)
Cache-Control: no-cache
Content-Type: application/json; charset=utf-8
host: localhost:55950
accept: */*

Response DefaultHttpResponse(decodeResult: success, version: HTTP/1.1)
HTTP/1.1 200 OK
Content-Type: application/json; charset=utf-8
cache-control: no-cache
content-length: 1119968

15:38:09.345 [AsyncHttpClient-1-13] DEBUG org.asynchttpclient.netty.channel.ChannelManager - Adding key: http://localhost:55950 for channel [id: 0x752bea86, L:/127.0.0.1:58837 - R:localhost/127.0.0.1:55950]
15:38:09.390 [main] DEBUG net.serenitybdd.core.photography.Darkroom - Send negative for processing for target\site\serenity\3d1b19ad31921c0beae4332facd941fcc81467ad5802877977ec6c100df601ce.png
15:38:09.403 [Forwarding findElement on session 63879c43398af11df23bc46c63169673 to remote] DEBUG org.asynchttpclient.netty.request.NettyRequestSender - Using pooled Channel '[id: 0x752bea86, L:/127.0.0.1:58837 - R:localhost/127.0.0.1:55950]' for 'POST' to 'http://localhost:55950/session/63879c43398af11df23bc46c63169673/element'
15:38:09.403 [Forwarding findElement on session 63879c43398af11df23bc46c63169673 to remote] DEBUG org.asynchttpclient.netty.request.NettyRequestSender - Using open Channel [id: 0x752bea86, L:/127.0.0.1:58837 - R:localhost/127.0.0.1:55950] for POST '/session/63879c43398af11df23bc46c63169673/element'
15:38:09.417 [AsyncHttpClient-1-13] DEBUG org.asynchttpclient.netty.handler.HttpHandler - 

Request DefaultHttpRequest(decodeResult: success, version: HTTP/1.1)
POST /session/63879c43398af11df23bc46c63169673/element HTTP/1.1
User-Agent: selenium/4.1.2 (java windows)
Content-Length: 81
Content-Type: application/json; charset=utf-8
host: localhost:55950
accept: */*

Response DefaultHttpResponse(decodeResult: success, version: HTTP/1.1)
HTTP/1.1 200 OK
Content-Type: application/json; charset=utf-8
cache-control: no-cache
content-length: 88

15:38:09.417 [AsyncHttpClient-1-13] DEBUG org.asynchttpclient.netty.channel.ChannelManager - Adding key: http://localhost:55950 for channel [id: 0x752bea86, L:/127.0.0.1:58837 - R:localhost/127.0.0.1:55950]
15:38:09.419 [Forwarding getElementTagName on session 63879c43398af11df23bc46c63169673 to remote] DEBUG org.asynchttpclient.netty.request.NettyRequestSender - Using pooled Channel '[id: 0x752bea86, L:/127.0.0.1:58837 - R:localhost/127.0.0.1:55950]' for 'GET' to 'http://localhost:55950/session/63879c43398af11df23bc46c63169673/element/896cb04f-1300-4eb8-b9ab-f040c7c5c180/name'
15:38:09.419 [Forwarding getElementTagName on session 63879c43398af11df23bc46c63169673 to remote] DEBUG org.asynchttpclient.netty.request.NettyRequestSender - Using open Channel [id: 0x752bea86, L:/127.0.0.1:58837 - R:localhost/127.0.0.1:55950] for GET '/session/63879c43398af11df23bc46c63169673/element/896cb04f-1300-4eb8-b9ab-f040c7c5c180/name'
15:38:09.423 [AsyncHttpClient-1-13] DEBUG org.asynchttpclient.netty.handler.HttpHandler - 

Request DefaultFullHttpRequest(decodeResult: success, version: HTTP/1.1, content: EmptyByteBufBE)
GET /session/63879c43398af11df23bc46c63169673/element/896cb04f-1300-4eb8-b9ab-f040c7c5c180/name HTTP/1.1
User-Agent: selenium/4.1.2 (java windows)
Cache-Control: no-cache
Content-Type: application/json; charset=utf-8
host: localhost:55950
accept: */*

Response DefaultHttpResponse(decodeResult: success, version: HTTP/1.1)
HTTP/1.1 200 OK
Content-Type: application/json; charset=utf-8
cache-control: no-cache
content-length: 16

15:38:09.423 [AsyncHttpClient-1-13] DEBUG org.asynchttpclient.netty.channel.ChannelManager - Adding key: http://localhost:55950 for channel [id: 0x752bea86, L:/127.0.0.1:58837 - R:localhost/127.0.0.1:55950]
15:38:09.424 [Forwarding getElementTagName on session 63879c43398af11df23bc46c63169673 to remote] DEBUG org.asynchttpclient.netty.request.NettyRequestSender - Using pooled Channel '[id: 0x752bea86, L:/127.0.0.1:58837 - R:localhost/127.0.0.1:55950]' for 'GET' to 'http://localhost:55950/session/63879c43398af11df23bc46c63169673/element/896cb04f-1300-4eb8-b9ab-f040c7c5c180/name'
15:38:09.424 [Forwarding getElementTagName on session 63879c43398af11df23bc46c63169673 to remote] DEBUG org.asynchttpclient.netty.request.NettyRequestSender - Using open Channel [id: 0x752bea86, L:/127.0.0.1:58837 - R:localhost/127.0.0.1:55950] for GET '/session/63879c43398af11df23bc46c63169673/element/896cb04f-1300-4eb8-b9ab-f040c7c5c180/name'
15:38:09.427 [AsyncHttpClient-1-13] DEBUG org.asynchttpclient.netty.handler.HttpHandler - 

Request DefaultFullHttpRequest(decodeResult: success, version: HTTP/1.1, content: EmptyByteBufBE)
GET /session/63879c43398af11df23bc46c63169673/element/896cb04f-1300-4eb8-b9ab-f040c7c5c180/name HTTP/1.1
User-Agent: selenium/4.1.2 (java windows)
Cache-Control: no-cache
Content-Type: application/json; charset=utf-8
host: localhost:55950
accept: */*

Response DefaultHttpResponse(decodeResult: success, version: HTTP/1.1)
HTTP/1.1 200 OK
Content-Type: application/json; charset=utf-8
cache-control: no-cache
content-length: 16

15:38:09.427 [AsyncHttpClient-1-13] DEBUG org.asynchttpclient.netty.channel.ChannelManager - Adding key: http://localhost:55950 for channel [id: 0x752bea86, L:/127.0.0.1:58837 - R:localhost/127.0.0.1:55950]
15:38:09.429 [Forwarding findElement on session 63879c43398af11df23bc46c63169673 to remote] DEBUG org.asynchttpclient.netty.request.NettyRequestSender - Using pooled Channel '[id: 0x752bea86, L:/127.0.0.1:58837 - R:localhost/127.0.0.1:55950]' for 'POST' to 'http://localhost:55950/session/63879c43398af11df23bc46c63169673/element'
15:38:09.429 [Forwarding findElement on session 63879c43398af11df23bc46c63169673 to remote] DEBUG org.asynchttpclient.netty.request.NettyRequestSender - Using open Channel [id: 0x752bea86, L:/127.0.0.1:58837 - R:localhost/127.0.0.1:55950] for POST '/session/63879c43398af11df23bc46c63169673/element'
15:38:09.435 [AsyncHttpClient-1-13] DEBUG org.asynchttpclient.netty.handler.HttpHandler - 

Request DefaultHttpRequest(decodeResult: success, version: HTTP/1.1)
POST /session/63879c43398af11df23bc46c63169673/element HTTP/1.1
User-Agent: selenium/4.1.2 (java windows)
Content-Length: 81
Content-Type: application/json; charset=utf-8
host: localhost:55950
accept: */*

Response DefaultHttpResponse(decodeResult: success, version: HTTP/1.1)
HTTP/1.1 200 OK
Content-Type: application/json; charset=utf-8
cache-control: no-cache
content-length: 88

15:38:09.436 [AsyncHttpClient-1-13] DEBUG org.asynchttpclient.netty.channel.ChannelManager - Adding key: http://localhost:55950 for channel [id: 0x752bea86, L:/127.0.0.1:58837 - R:localhost/127.0.0.1:55950]
15:38:09.437 [Forwarding clickElement on session 63879c43398af11df23bc46c63169673 to remote] DEBUG org.asynchttpclient.netty.request.NettyRequestSender - Using pooled Channel '[id: 0x752bea86, L:/127.0.0.1:58837 - R:localhost/127.0.0.1:55950]' for 'POST' to 'http://localhost:55950/session/63879c43398af11df23bc46c63169673/element/896cb04f-1300-4eb8-b9ab-f040c7c5c180/click'
15:38:09.437 [Forwarding clickElement on session 63879c43398af11df23bc46c63169673 to remote] DEBUG org.asynchttpclient.netty.request.NettyRequestSender - Using open Channel [id: 0x752bea86, L:/127.0.0.1:58837 - R:localhost/127.0.0.1:55950] for POST '/session/63879c43398af11df23bc46c63169673/element/896cb04f-1300-4eb8-b9ab-f040c7c5c180/click'
15:38:09.521 [AsyncHttpClient-1-1] DEBUG org.asynchttpclient.netty.channel.DefaultChannelPool - Entry count for : http://localhost:58838 : 1
15:38:09.904 [AsyncHttpClient-1-13] DEBUG org.asynchttpclient.netty.handler.HttpHandler - 

Request DefaultHttpRequest(decodeResult: success, version: HTTP/1.1)
POST /session/63879c43398af11df23bc46c63169673/element/896cb04f-1300-4eb8-b9ab-f040c7c5c180/click HTTP/1.1
User-Agent: selenium/4.1.2 (java windows)
Content-Length: 50
Content-Type: application/json; charset=utf-8
host: localhost:55950
accept: */*

Response DefaultHttpResponse(decodeResult: success, version: HTTP/1.1)
HTTP/1.1 200 OK
Content-Type: application/json; charset=utf-8
cache-control: no-cache
content-length: 14

15:38:09.905 [AsyncHttpClient-1-13] DEBUG org.asynchttpclient.netty.channel.ChannelManager - Adding key: http://localhost:55950 for channel [id: 0x752bea86, L:/127.0.0.1:58837 - R:localhost/127.0.0.1:55950]
  &amp#27;[32mThen &amp#27;[0m&amp#27;[32mI click baby on the header&amp#27;[0m &amp#27;[90m# starter.stepdefinitions.BabyStep.iClickBabyOnTheHeader()&amp#27;[0m
15:38:09.916 [Forwarding screenshot on session 63879c43398af11df23bc46c63169673 to remote] DEBUG org.asynchttpclient.netty.request.NettyRequestSender - Using pooled Channel '[id: 0x752bea86, L:/127.0.0.1:58837 - R:localhost/127.0.0.1:55950]' for 'GET' to 'http://localhost:55950/session/63879c43398af11df23bc46c63169673/screenshot'
15:38:09.917 [Forwarding screenshot on session 63879c43398af11df23bc46c63169673 to remote] DEBUG org.asynchttpclient.netty.request.NettyRequestSender - Using open Channel [id: 0x752bea86, L:/127.0.0.1:58837 - R:localhost/127.0.0.1:55950] for GET '/session/63879c43398af11df23bc46c63169673/screenshot'
15:38:10.616 [AsyncHttpClient-1-1] DEBUG org.asynchttpclient.netty.channel.DefaultChannelPool - Entry count for : http://localhost:58838 : 1
15:38:10.879 [AsyncHttpClient-1-13] DEBUG org.asynchttpclient.netty.handler.HttpHandler - 

Request DefaultFullHttpRequest(decodeResult: success, version: HTTP/1.1, content: EmptyByteBufBE)
GET /session/63879c43398af11df23bc46c63169673/screenshot HTTP/1.1
User-Agent: selenium/4.1.2 (java windows)
Cache-Control: no-cache
Content-Type: application/json; charset=utf-8
host: localhost:55950
accept: */*

Response DefaultHttpResponse(decodeResult: success, version: HTTP/1.1)
HTTP/1.1 200 OK
Content-Type: application/json; charset=utf-8
cache-control: no-cache
content-length: 122124

15:38:10.880 [AsyncHttpClient-1-13] DEBUG org.asynchttpclient.netty.channel.ChannelManager - Adding key: http://localhost:55950 for channel [id: 0x752bea86, L:/127.0.0.1:58837 - R:localhost/127.0.0.1:55950]
15:38:10.885 [main] DEBUG net.serenitybdd.core.photography.Darkroom - Send negative for processing for target\site\serenity\f15f9ec8de765ea6b20677aec7a84414e08ebc9ec4cc93cd6b41479801f322bd.png
15:38:10.885 [Darkroom Processing Line] DEBUG net.serenitybdd.core.photography.DarkroomProcessingLine - Processing screenshot image in /var/screenshots/screenshot-13766253751782373261
15:38:10.885 [Darkroom Processing Line] DEBUG net.serenitybdd.core.photography.DarkroomProcessingLine - Saving screenshot to target\site\serenity\f15f9ec8de765ea6b20677aec7a84414e08ebc9ec4cc93cd6b41479801f322bd.png
15:38:10.895 [Forwarding findElement on session 63879c43398af11df23bc46c63169673 to remote] DEBUG org.asynchttpclient.netty.request.NettyRequestSender - Using pooled Channel '[id: 0x752bea86, L:/127.0.0.1:58837 - R:localhost/127.0.0.1:55950]' for 'POST' to 'http://localhost:55950/session/63879c43398af11df23bc46c63169673/element'
15:38:10.895 [Forwarding findElement on session 63879c43398af11df23bc46c63169673 to remote] DEBUG org.asynchttpclient.netty.request.NettyRequestSender - Using open Channel [id: 0x752bea86, L:/127.0.0.1:58837 - R:localhost/127.0.0.1:55950] for POST '/session/63879c43398af11df23bc46c63169673/element'
15:38:10.921 [AsyncHttpClient-1-13] DEBUG org.asynchttpclient.netty.handler.HttpHandler - 

Request DefaultHttpRequest(decodeResult: success, version: HTTP/1.1)
POST /session/63879c43398af11df23bc46c63169673/element HTTP/1.1
User-Agent: selenium/4.1.2 (java windows)
Content-Length: 117
Content-Type: application/json; charset=utf-8
host: localhost:55950
accept: */*

Response DefaultHttpResponse(decodeResult: success, version: HTTP/1.1)
HTTP/1.1 200 OK
Content-Type: application/json; charset=utf-8
cache-control: no-cache
content-length: 88

15:38:10.922 [AsyncHttpClient-1-13] DEBUG org.asynchttpclient.netty.channel.ChannelManager - Adding key: http://localhost:55950 for channel [id: 0x752bea86, L:/127.0.0.1:58837 - R:localhost/127.0.0.1:55950]
15:38:10.923 [Forwarding getElementTagName on session 63879c43398af11df23bc46c63169673 to remote] DEBUG org.asynchttpclient.netty.request.NettyRequestSender - Using pooled Channel '[id: 0x752bea86, L:/127.0.0.1:58837 - R:localhost/127.0.0.1:55950]' for 'GET' to 'http://localhost:55950/session/63879c43398af11df23bc46c63169673/element/af62d334-0186-4d75-8379-c5726b99051d/name'
15:38:10.923 [Forwarding getElementTagName on session 63879c43398af11df23bc46c63169673 to remote] DEBUG org.asynchttpclient.netty.request.NettyRequestSender - Using open Channel [id: 0x752bea86, L:/127.0.0.1:58837 - R:localhost/127.0.0.1:55950] for GET '/session/63879c43398af11df23bc46c63169673/element/af62d334-0186-4d75-8379-c5726b99051d/name'
15:38:10.926 [AsyncHttpClient-1-13] DEBUG org.asynchttpclient.netty.handler.HttpHandler - 

Request DefaultFullHttpRequest(decodeResult: success, version: HTTP/1.1, content: EmptyByteBufBE)
GET /session/63879c43398af11df23bc46c63169673/element/af62d334-0186-4d75-8379-c5726b99051d/name HTTP/1.1
User-Agent: selenium/4.1.2 (java windows)
Cache-Control: no-cache
Content-Type: application/json; charset=utf-8
host: localhost:55950
accept: */*

Response DefaultHttpResponse(decodeResult: success, version: HTTP/1.1)
HTTP/1.1 200 OK
Content-Type: application/json; charset=utf-8
cache-control: no-cache
content-length: 16

15:38:10.926 [AsyncHttpClient-1-13] DEBUG org.asynchttpclient.netty.channel.ChannelManager - Adding key: http://localhost:55950 for channel [id: 0x752bea86, L:/127.0.0.1:58837 - R:localhost/127.0.0.1:55950]
15:38:10.927 [Forwarding getElementTagName on session 63879c43398af11df23bc46c63169673 to remote] DEBUG org.asynchttpclient.netty.request.NettyRequestSender - Using pooled Channel '[id: 0x752bea86, L:/127.0.0.1:58837 - R:localhost/127.0.0.1:55950]' for 'GET' to 'http://localhost:55950/session/63879c43398af11df23bc46c63169673/element/af62d334-0186-4d75-8379-c5726b99051d/name'
15:38:10.927 [Forwarding getElementTagName on session 63879c43398af11df23bc46c63169673 to remote] DEBUG org.asynchttpclient.netty.request.NettyRequestSender - Using open Channel [id: 0x752bea86, L:/127.0.0.1:58837 - R:localhost/127.0.0.1:55950] for GET '/session/63879c43398af11df23bc46c63169673/element/af62d334-0186-4d75-8379-c5726b99051d/name'
15:38:10.931 [AsyncHttpClient-1-13] DEBUG org.asynchttpclient.netty.handler.HttpHandler - 

Request DefaultFullHttpRequest(decodeResult: success, version: HTTP/1.1, content: EmptyByteBufBE)
GET /session/63879c43398af11df23bc46c63169673/element/af62d334-0186-4d75-8379-c5726b99051d/name HTTP/1.1
User-Agent: selenium/4.1.2 (java windows)
Cache-Control: no-cache
Content-Type: application/json; charset=utf-8
host: localhost:55950
accept: */*

Response DefaultHttpResponse(decodeResult: success, version: HTTP/1.1)
HTTP/1.1 200 OK
Content-Type: application/json; charset=utf-8
cache-control: no-cache
content-length: 16

15:38:10.931 [AsyncHttpClient-1-13] DEBUG org.asynchttpclient.netty.channel.ChannelManager - Adding key: http://localhost:55950 for channel [id: 0x752bea86, L:/127.0.0.1:58837 - R:localhost/127.0.0.1:55950]
15:38:10.934 [Forwarding findElement on session 63879c43398af11df23bc46c63169673 to remote] DEBUG org.asynchttpclient.netty.request.NettyRequestSender - Using pooled Channel '[id: 0x752bea86, L:/127.0.0.1:58837 - R:localhost/127.0.0.1:55950]' for 'POST' to 'http://localhost:55950/session/63879c43398af11df23bc46c63169673/element'
15:38:10.934 [Forwarding findElement on session 63879c43398af11df23bc46c63169673 to remote] DEBUG org.asynchttpclient.netty.request.NettyRequestSender - Using open Channel [id: 0x752bea86, L:/127.0.0.1:58837 - R:localhost/127.0.0.1:55950] for POST '/session/63879c43398af11df23bc46c63169673/element'
15:38:10.945 [AsyncHttpClient-1-13] DEBUG org.asynchttpclient.netty.handler.HttpHandler - 

Request DefaultHttpRequest(decodeResult: success, version: HTTP/1.1)
POST /session/63879c43398af11df23bc46c63169673/element HTTP/1.1
User-Agent: selenium/4.1.2 (java windows)
Content-Length: 117
Content-Type: application/json; charset=utf-8
host: localhost:55950
accept: */*

Response DefaultHttpResponse(decodeResult: success, version: HTTP/1.1)
HTTP/1.1 200 OK
Content-Type: application/json; charset=utf-8
cache-control: no-cache
content-length: 88

15:38:10.945 [AsyncHttpClient-1-13] DEBUG org.asynchttpclient.netty.channel.ChannelManager - Adding key: http://localhost:55950 for channel [id: 0x752bea86, L:/127.0.0.1:58837 - R:localhost/127.0.0.1:55950]
15:38:10.947 [Forwarding clickElement on session 63879c43398af11df23bc46c63169673 to remote] DEBUG org.asynchttpclient.netty.request.NettyRequestSender - Using pooled Channel '[id: 0x752bea86, L:/127.0.0.1:58837 - R:localhost/127.0.0.1:55950]' for 'POST' to 'http://localhost:55950/session/63879c43398af11df23bc46c63169673/element/af62d334-0186-4d75-8379-c5726b99051d/click'
15:38:10.947 [Forwarding clickElement on session 63879c43398af11df23bc46c63169673 to remote] DEBUG org.asynchttpclient.netty.request.NettyRequestSender - Using open Channel [id: 0x752bea86, L:/127.0.0.1:58837 - R:localhost/127.0.0.1:55950] for POST '/session/63879c43398af11df23bc46c63169673/element/af62d334-0186-4d75-8379-c5726b99051d/click'
15:38:11.151 [AsyncHttpClient-1-13] DEBUG org.asynchttpclient.netty.handler.HttpHandler - 

Request DefaultHttpRequest(decodeResult: success, version: HTTP/1.1)
POST /session/63879c43398af11df23bc46c63169673/element/af62d334-0186-4d75-8379-c5726b99051d/click HTTP/1.1
User-Agent: selenium/4.1.2 (java windows)
Content-Length: 50
Content-Type: application/json; charset=utf-8
host: localhost:55950
accept: */*

Response DefaultHttpResponse(decodeResult: success, version: HTTP/1.1)
HTTP/1.1 200 OK
Content-Type: application/json; charset=utf-8
cache-control: no-cache
content-length: 14

15:38:11.152 [AsyncHttpClient-1-13] DEBUG org.asynchttpclient.netty.channel.ChannelManager - Adding key: http://localhost:55950 for channel [id: 0x752bea86, L:/127.0.0.1:58837 - R:localhost/127.0.0.1:55950]
  &amp#27;[32mWhen &amp#27;[0m&amp#27;[32mI will go to &amp#27;[0m&amp#27;[32m&amp#27;[1m"UT1"&amp#27;[0m         &amp#27;[90m# starter.stepdefinitions.BabyStep.iWillGoTo(java.lang.String)&amp#27;[0m
15:38:11.161 [Forwarding screenshot on session 63879c43398af11df23bc46c63169673 to remote] DEBUG org.asynchttpclient.netty.request.NettyRequestSender - Using pooled Channel '[id: 0x752bea86, L:/127.0.0.1:58837 - R:localhost/127.0.0.1:55950]' for 'GET' to 'http://localhost:55950/session/63879c43398af11df23bc46c63169673/screenshot'
15:38:11.161 [Forwarding screenshot on session 63879c43398af11df23bc46c63169673 to remote] DEBUG org.asynchttpclient.netty.request.NettyRequestSender - Using open Channel [id: 0x752bea86, L:/127.0.0.1:58837 - R:localhost/127.0.0.1:55950] for GET '/session/63879c43398af11df23bc46c63169673/screenshot'
15:38:11.535 [AsyncHttpClient-1-13] DEBUG org.asynchttpclient.netty.handler.HttpHandler - 

Request DefaultFullHttpRequest(decodeResult: success, version: HTTP/1.1, content: EmptyByteBufBE)
GET /session/63879c43398af11df23bc46c63169673/screenshot HTTP/1.1
User-Agent: selenium/4.1.2 (java windows)
Cache-Control: no-cache
Content-Type: application/json; charset=utf-8
host: localhost:55950
accept: */*

Response DefaultHttpResponse(decodeResult: success, version: HTTP/1.1)
HTTP/1.1 200 OK
Content-Type: application/json; charset=utf-8
cache-control: no-cache
content-length: 569668

15:38:11.537 [AsyncHttpClient-1-13] DEBUG org.asynchttpclient.netty.channel.ChannelManager - Adding key: http://localhost:55950 for channel [id: 0x752bea86, L:/127.0.0.1:58837 - R:localhost/127.0.0.1:55950]
15:38:11.556 [main] DEBUG net.serenitybdd.core.photography.Darkroom - Send negative for processing for target\site\serenity\8f6919a8c1ebd664e20196300f7eb4ab87b75ce1e9e0e7c6272edb20cae2bd51.png
15:38:11.557 [Darkroom Processing Line] DEBUG net.serenitybdd.core.photography.DarkroomProcessingLine - Processing screenshot image in /var/screenshots/screenshot-2528756571402350599
15:38:11.557 [Darkroom Processing Line] DEBUG net.serenitybdd.core.photography.DarkroomProcessingLine - Saving screenshot to target\site\serenity\8f6919a8c1ebd664e20196300f7eb4ab87b75ce1e9e0e7c6272edb20cae2bd51.png
  &amp#27;[32mAnd &amp#27;[0m&amp#27;[32mI &amp#27;[0m&amp#27;[32m&amp#27;[1m""&amp#27;[0m&amp#27;[32m page&amp#27;[0m                   &amp#27;[90m# starter.stepdefinitions.BabyStep.iPage(java.lang.String)&amp#27;[0m
15:38:11.573 [AsyncHttpClient-1-15] DEBUG org.asynchttpclient.netty.handler.WebSocketHandler - Channel Closed: [id: 0x2551ed12, L:/127.0.0.1:58850 ! R:localhost/127.0.0.1:58838] with attribute NettyResponseFuture{currentRetry=5,
	isDone=1,
	isCancelled=0,
	asyncHandler=org.asynchttpclient.ws.WebSocketUpgradeHandler@2d5ec55a,
	nettyRequest=org.asynchttpclient.netty.request.NettyRequest@4c21b0a4,
	future=java.util.concurrent.CompletableFuture@550387c3[Completed normally],
	uri=ws://localhost:58838/devtools/browser/43caa84a-f441-4976-b86d-e9af7b0cb10e,
	keepAlive=true,
	redirectCount=0,
	timeoutsHolder=null,
	inAuth=0,
	touch=1680683883086}
15:38:11.573 [AsyncHttpClient-1-15] DEBUG org.asynchttpclient.netty.channel.ChannelManager - Closing Channel [id: 0x2551ed12, L:/127.0.0.1:58850 ! R:localhost/127.0.0.1:58838] 
15:38:11.574 [Driver Command Executor] DEBUG org.asynchttpclient.netty.request.NettyRequestSender - Using pooled Channel '[id: 0x752bea86, L:/127.0.0.1:58837 - R:localhost/127.0.0.1:55950]' for 'DELETE' to 'http://localhost:55950/session/63879c43398af11df23bc46c63169673'
15:38:11.574 [Driver Command Executor] DEBUG org.asynchttpclient.netty.request.NettyRequestSender - Using open Channel [id: 0x752bea86, L:/127.0.0.1:58837 - R:localhost/127.0.0.1:55950] for DELETE '/session/63879c43398af11df23bc46c63169673'
15:38:11.601 [AsyncHttpClient-1-14] DEBUG org.asynchttpclient.netty.handler.HttpHandler - Unexpected I/O exception on channel [id: 0xde615873, L:/127.0.0.1:58849 - R:localhost/127.0.0.1:58838]
java.net.SocketException: Connection reset
	at java.base/sun.nio.ch.SocketChannelImpl.throwConnectionReset(SocketChannelImpl.java:345)
	at java.base/sun.nio.ch.SocketChannelImpl.read(SocketChannelImpl.java:376)
	at io.netty.buffer.PooledByteBuf.setBytes(PooledByteBuf.java:258)
	at io.netty.buffer.AbstractByteBuf.writeBytes(AbstractByteBuf.java:1132)
	at io.netty.channel.socket.nio.NioSocketChannel.doReadBytes(NioSocketChannel.java:350)
	at io.netty.channel.nio.AbstractNioByteChannel$NioByteUnsafe.read(AbstractNioByteChannel.java:151)
	at io.netty.channel.nio.NioEventLoop.processSelectedKey(NioEventLoop.java:722)
	at io.netty.channel.nio.NioEventLoop.processSelectedKeysOptimized(NioEventLoop.java:658)
	at io.netty.channel.nio.NioEventLoop.processSelectedKeys(NioEventLoop.java:584)
	at io.netty.channel.nio.NioEventLoop.run(NioEventLoop.java:496)
	at io.netty.util.concurrent.SingleThreadEventExecutor$4.run(SingleThreadEventExecutor.java:986)
	at io.netty.util.internal.ThreadExecutorMap$2.run(ThreadExecutorMap.java:74)
	at io.netty.util.concurrent.FastThreadLocalRunnable.run(FastThreadLocalRunnable.java:30)
	at java.base/java.lang.Thread.run(Thread.java:830)
15:38:11.602 [AsyncHttpClient-1-14] DEBUG org.asynchttpclient.netty.channel.ChannelManager - Closing Channel [id: 0xde615873, L:/127.0.0.1:58849 - R:localhost/127.0.0.1:58838] 
15:38:11.602 [AsyncHttpClient-1-14] DEBUG org.asynchttpclient.netty.handler.HttpHandler - Channel Closed: [id: 0xde615873, L:/127.0.0.1:58849 ! R:localhost/127.0.0.1:58838] with attribute DISCARD
15:38:11.632 [AsyncHttpClient-1-13] DEBUG org.asynchttpclient.netty.handler.HttpHandler - 

Request DefaultFullHttpRequest(decodeResult: success, version: HTTP/1.1, content: EmptyByteBufBE)
DELETE /session/63879c43398af11df23bc46c63169673 HTTP/1.1
User-Agent: selenium/4.1.2 (java windows)
Content-Type: application/json; charset=utf-8
host: localhost:55950
accept: */*

Response DefaultHttpResponse(decodeResult: success, version: HTTP/1.1)
HTTP/1.1 200 OK
Content-Type: application/json; charset=utf-8
cache-control: no-cache
content-length: 14

15:38:11.633 [AsyncHttpClient-1-13] DEBUG org.asynchttpclient.netty.channel.ChannelManager - Adding key: http://localhost:55950 for channel [id: 0x752bea86, L:/127.0.0.1:58837 - R:localhost/127.0.0.1:55950]
15:38:11.716 [AsyncHttpClient-1-1] DEBUG org.asynchttpclient.netty.channel.DefaultChannelPool - Entry count for : http://localhost:55950 : 1
15:38:11.716 [AsyncHttpClient-1-1] DEBUG org.asynchttpclient.netty.channel.DefaultChannelPool - Entry count for : http://localhost:58838 : 1
15:38:11.716 [AsyncHttpClient-1-1] DEBUG org.asynchttpclient.netty.channel.DefaultChannelPool - Adding Candidate expired Channel [id: 0xde615873, L:/127.0.0.1:58849 ! R:localhost/127.0.0.1:58838] isIdleTimeoutExpired=false isRemotelyClosed=true isTtlExpired=false
15:38:11.716 [AsyncHttpClient-1-1] DEBUG org.asynchttpclient.netty.channel.DefaultChannelPool - Closing Idle Channel [id: 0xde615873, L:/127.0.0.1:58849 ! R:localhost/127.0.0.1:58838]
15:38:11.716 [AsyncHttpClient-1-1] DEBUG org.asynchttpclient.netty.channel.DefaultChannelPool - Closed 1 connections out of 2 in 0 ms
15:38:11.826 [AsyncHttpClient-1-13] DEBUG org.asynchttpclient.netty.handler.HttpHandler - Channel Closed: [id: 0x752bea86, L:/127.0.0.1:58837 ! R:localhost/127.0.0.1:55950] with attribute DISCARD
]]></system-out>
    <system-err><![CDATA[Starting Microsoft Edge WebDriver 111.0.1661.62 (0a8f453929e6410c973aa529a40485ce4e3e03db) on port 55950
To submit feedback, report a bug, or suggest new features, please visit https://github.com/MicrosoftEdge/EdgeWebDriver

Only local connections are allowed.
Please see https://aka.ms/WebDriverSecurity for suggestions on keeping Microsoft Edge WebDriver safe.

Microsoft Edge WebDriver was started successfully.
Apr 05, 2023 3:38:03 PM org.openqa.selenium.remote.ProtocolHandshake createSession
INFO: Detected dialect: W3C
Apr 05, 2023 3:38:03 PM org.openqa.selenium.devtools.CdpVersionFinder findNearestMatch
WARNING: Unable to find an exact match for CDP version 111, so returning the closest version found: a no-op implementation
Apr 05, 2023 3:38:03 PM org.openqa.selenium.devtools.CdpVersionFinder findNearestMatch
INFO: Unable to find CDP implementation matching 111.
Apr 05, 2023 3:38:03 PM org.openqa.selenium.chromium.ChromiumDriver lambda$new$3
WARNING: Unable to find version of CDP to use for . You may need to include a dependency on a specific version of the CDP using something similar to `org.seleniumhq.selenium:selenium-devtools-v86:4.1.2` where the version ("v86") matches the version of the chromium-based browser you're using and the version number of the artifact is the same as Selenium's.
]]></system-err>
  </testcase>
  <testcase name="Fitur Menu Baby #11" classname="Baby" time="11.112">
    <system-out><![CDATA[
Scenario Outline: Fitur Menu Baby &amp#27;[90m# src/test/resources/features/Baby.feature:103&amp#27;[0m
15:38:12.409 [main] INFO io.cucumber.core.plugin.SerenityReporter - Running feature from file:///C:/Users/alwi/IdeaProjects/uniqloweb/src/test/resources/features/Baby.feature
15:38:12.569 [main] DEBUG io.github.bonigarcia.wdm.cache.ResolutionCache - Resolution edge=111 in cache (valid until 16:17:30 05/04/2023 WIB)
15:38:12.573 [main] DEBUG io.github.bonigarcia.wdm.cache.ResolutionCache - Resolution edge111=111.0.1661.62 in cache (valid until 15:17:30 06/04/2023 WIB)
15:38:12.575 [main] INFO io.github.bonigarcia.wdm.WebDriverManager - Using msedgedriver 111.0.1661.62 (resolved driver for Edge 111)
15:38:12.586 [main] DEBUG io.github.bonigarcia.wdm.WebDriverManager - Driver msedgedriver 111.0.1661.62 found in cache
15:38:12.587 [main] INFO io.github.bonigarcia.wdm.WebDriverManager - Exporting webdriver.edge.driver as C:\Users\alwi\.cache\selenium\msedgedriver\win64\111.0.1661.62\msedgedriver.exe
15:38:12.589 [main] DEBUG net.serenitybdd.core.webdriver.driverproviders.ProvideNewDriver - Instantiating driver
15:38:12.589 [main] DEBUG net.serenitybdd.core.webdriver.driverproviders.ProvideNewDriver - Driver capabilities: Capabilities {base.url: https://www.uniqlo.com, chrome.driver: src/test/resources/webdrive..., driver: edge, ms:edgeChromium: true, ms:edgeOptions: {}, wait.for.timeout: 6000}
15:38:12.816 [AsyncHttpClient-1-1] DEBUG org.asynchttpclient.netty.channel.DefaultChannelPool - Entry count for : http://localhost:55950 : 1
15:38:12.816 [AsyncHttpClient-1-1] DEBUG org.asynchttpclient.netty.channel.DefaultChannelPool - Adding Candidate expired Channel [id: 0x752bea86, L:/127.0.0.1:58837 ! R:localhost/127.0.0.1:55950] isIdleTimeoutExpired=false isRemotelyClosed=true isTtlExpired=false
15:38:12.816 [AsyncHttpClient-1-1] DEBUG org.asynchttpclient.netty.channel.DefaultChannelPool - Closing Idle Channel [id: 0x752bea86, L:/127.0.0.1:58837 ! R:localhost/127.0.0.1:55950]
15:38:12.816 [AsyncHttpClient-1-1] DEBUG org.asynchttpclient.netty.channel.DefaultChannelPool - Closed 1 connections out of 1 in 0 ms
15:38:13.126 [AsyncHttpClient-1-16] DEBUG org.asynchttpclient.netty.channel.NettyConnectListener - Using new Channel '[id: 0xcc30e42e, L:/127.0.0.1:58960 - R:localhost/127.0.0.1:54862]' for 'POST' to '/session'
15:38:13.751 [AsyncHttpClient-1-16] DEBUG org.asynchttpclient.netty.handler.HttpHandler - 

Request DefaultHttpRequest(decodeResult: success, version: HTTP/1.1)
POST /session HTTP/1.1
User-Agent: selenium/4.1.2 (java windows)
Content-Length: 627
Content-Type: application/json; charset=utf-8
host: localhost:54862
accept: */*

Response DefaultHttpResponse(decodeResult: success, version: HTTP/1.1)
HTTP/1.1 200 OK
Content-Type: application/json; charset=utf-8
cache-control: no-cache
content-length: 823

15:38:13.751 [AsyncHttpClient-1-16] DEBUG org.asynchttpclient.netty.channel.ChannelManager - Adding key: http://localhost:54862 for channel [id: 0xcc30e42e, L:/127.0.0.1:58960 - R:localhost/127.0.0.1:54862]
15:38:13.760 [AsyncHttpClient-1-17] DEBUG org.asynchttpclient.netty.channel.NettyConnectListener - Using new Channel '[id: 0x4427f4bd, L:/127.0.0.1:58968 - R:localhost/127.0.0.1:58961]' for 'GET' to '/json/version'
15:38:13.761 [AsyncHttpClient-1-17] DEBUG org.asynchttpclient.netty.handler.HttpHandler - 

Request DefaultFullHttpRequest(decodeResult: success, version: HTTP/1.1, content: EmptyByteBufBE)
GET /json/version HTTP/1.1
User-Agent: selenium/4.1.2 (java windows)
host: localhost:58961
accept: */*

Response DefaultHttpResponse(decodeResult: success, version: HTTP/1.1)
HTTP/1.1 200 OK
Content-Security-Policy: frame-ancestors 'none'
Content-Type: application/json; charset=UTF-8
content-length: 436

15:38:13.761 [AsyncHttpClient-1-17] DEBUG org.asynchttpclient.netty.channel.ChannelManager - Adding key: http://localhost:58961 for channel [id: 0x4427f4bd, L:/127.0.0.1:58968 - R:localhost/127.0.0.1:58961]
15:38:13.763 [AsyncHttpClient-1-2] DEBUG org.asynchttpclient.netty.channel.NettyConnectListener - Using new Channel '[id: 0x0eb4d88d, L:/127.0.0.1:58969 - R:localhost/127.0.0.1:58961]' for 'GET' to '/devtools/browser/f46a6dd1-396a-499d-9680-f36f8e8f6e36'
15:38:13.764 [AsyncHttpClient-1-2] DEBUG org.asynchttpclient.netty.handler.WebSocketHandler - 

Request DefaultFullHttpRequest(decodeResult: success, version: HTTP/1.1, content: EmptyByteBufBE)
GET /devtools/browser/f46a6dd1-396a-499d-9680-f36f8e8f6e36 HTTP/1.1
upgrade: websocket
connection: upgrade
sec-websocket-key: ZetzmvJFmKGtGmW53fq3Xw==
sec-websocket-version: 13
origin: http://localhost:58961
host: localhost:58961
accept: */*
user-agent: AHC/2.1

Response DefaultHttpResponse(decodeResult: success, version: HTTP/1.1)
HTTP/1.1 101 WebSocket Protocol Handshake
Upgrade: WebSocket
Connection: Upgrade
Sec-WebSocket-Accept: srmioBljTX6RXghI/gHYlpVAQWk=

15:38:13.768 [Forwarding get on session dc93091d70d26aa0a70b8c9d342c22f9 to remote] DEBUG org.asynchttpclient.netty.request.NettyRequestSender - Using pooled Channel '[id: 0xcc30e42e, L:/127.0.0.1:58960 - R:localhost/127.0.0.1:54862]' for 'POST' to 'http://localhost:54862/session/dc93091d70d26aa0a70b8c9d342c22f9/url'
15:38:13.768 [Forwarding get on session dc93091d70d26aa0a70b8c9d342c22f9 to remote] DEBUG org.asynchttpclient.netty.request.NettyRequestSender - Using open Channel [id: 0xcc30e42e, L:/127.0.0.1:58960 - R:localhost/127.0.0.1:54862] for POST '/session/dc93091d70d26aa0a70b8c9d342c22f9/url'
15:38:13.918 [AsyncHttpClient-1-1] DEBUG org.asynchttpclient.netty.channel.DefaultChannelPool - Entry count for : http://localhost:58961 : 1
15:38:15.017 [AsyncHttpClient-1-1] DEBUG org.asynchttpclient.netty.channel.DefaultChannelPool - Entry count for : http://localhost:58961 : 1
15:38:16.120 [AsyncHttpClient-1-1] DEBUG org.asynchttpclient.netty.channel.DefaultChannelPool - Entry count for : http://localhost:58961 : 1
15:38:17.215 [AsyncHttpClient-1-1] DEBUG org.asynchttpclient.netty.channel.DefaultChannelPool - Entry count for : http://localhost:58961 : 1
15:38:18.315 [AsyncHttpClient-1-1] DEBUG org.asynchttpclient.netty.channel.DefaultChannelPool - Entry count for : http://localhost:58961 : 1
15:38:19.419 [AsyncHttpClient-1-1] DEBUG org.asynchttpclient.netty.channel.DefaultChannelPool - Entry count for : http://localhost:58961 : 1
15:38:20.096 [AsyncHttpClient-1-16] DEBUG org.asynchttpclient.netty.handler.HttpHandler - 

Request DefaultHttpRequest(decodeResult: success, version: HTTP/1.1)
POST /session/dc93091d70d26aa0a70b8c9d342c22f9/url HTTP/1.1
User-Agent: selenium/4.1.2 (java windows)
Content-Length: 53
Content-Type: application/json; charset=utf-8
host: localhost:54862
accept: */*

Response DefaultHttpResponse(decodeResult: success, version: HTTP/1.1)
HTTP/1.1 200 OK
Content-Type: application/json; charset=utf-8
cache-control: no-cache
content-length: 14

15:38:20.096 [AsyncHttpClient-1-16] DEBUG org.asynchttpclient.netty.channel.ChannelManager - Adding key: http://localhost:54862 for channel [id: 0xcc30e42e, L:/127.0.0.1:58960 - R:localhost/127.0.0.1:54862]
15:38:20.098 [Forwarding setTimeout on session dc93091d70d26aa0a70b8c9d342c22f9 to remote] DEBUG org.asynchttpclient.netty.request.NettyRequestSender - Using pooled Channel '[id: 0xcc30e42e, L:/127.0.0.1:58960 - R:localhost/127.0.0.1:54862]' for 'POST' to 'http://localhost:54862/session/dc93091d70d26aa0a70b8c9d342c22f9/timeouts'
15:38:20.098 [Forwarding setTimeout on session dc93091d70d26aa0a70b8c9d342c22f9 to remote] DEBUG org.asynchttpclient.netty.request.NettyRequestSender - Using open Channel [id: 0xcc30e42e, L:/127.0.0.1:58960 - R:localhost/127.0.0.1:54862] for POST '/session/dc93091d70d26aa0a70b8c9d342c22f9/timeouts'
15:38:20.099 [AsyncHttpClient-1-16] DEBUG org.asynchttpclient.netty.handler.HttpHandler - 

Request DefaultHttpRequest(decodeResult: success, version: HTTP/1.1)
POST /session/dc93091d70d26aa0a70b8c9d342c22f9/timeouts HTTP/1.1
User-Agent: selenium/4.1.2 (java windows)
Content-Length: 22
Content-Type: application/json; charset=utf-8
host: localhost:54862
accept: */*

Response DefaultHttpResponse(decodeResult: success, version: HTTP/1.1)
HTTP/1.1 200 OK
Content-Type: application/json; charset=utf-8
cache-control: no-cache
content-length: 14

15:38:20.100 [AsyncHttpClient-1-16] DEBUG org.asynchttpclient.netty.channel.ChannelManager - Adding key: http://localhost:54862 for channel [id: 0xcc30e42e, L:/127.0.0.1:58960 - R:localhost/127.0.0.1:54862]
15:38:20.104 [Forwarding getCurrentUrl on session dc93091d70d26aa0a70b8c9d342c22f9 to remote] DEBUG org.asynchttpclient.netty.request.NettyRequestSender - Using pooled Channel '[id: 0xcc30e42e, L:/127.0.0.1:58960 - R:localhost/127.0.0.1:54862]' for 'GET' to 'http://localhost:54862/session/dc93091d70d26aa0a70b8c9d342c22f9/url'
15:38:20.104 [Forwarding getCurrentUrl on session dc93091d70d26aa0a70b8c9d342c22f9 to remote] DEBUG org.asynchttpclient.netty.request.NettyRequestSender - Using open Channel [id: 0xcc30e42e, L:/127.0.0.1:58960 - R:localhost/127.0.0.1:54862] for GET '/session/dc93091d70d26aa0a70b8c9d342c22f9/url'
15:38:20.108 [AsyncHttpClient-1-16] DEBUG org.asynchttpclient.netty.handler.HttpHandler - 

Request DefaultFullHttpRequest(decodeResult: success, version: HTTP/1.1, content: EmptyByteBufBE)
GET /session/dc93091d70d26aa0a70b8c9d342c22f9/url HTTP/1.1
User-Agent: selenium/4.1.2 (java windows)
Cache-Control: no-cache
Content-Type: application/json; charset=utf-8
host: localhost:54862
accept: */*

Response DefaultHttpResponse(decodeResult: success, version: HTTP/1.1)
HTTP/1.1 200 OK
Content-Type: application/json; charset=utf-8
cache-control: no-cache
content-length: 41

15:38:20.108 [AsyncHttpClient-1-16] DEBUG org.asynchttpclient.netty.channel.ChannelManager - Adding key: http://localhost:54862 for channel [id: 0xcc30e42e, L:/127.0.0.1:58960 - R:localhost/127.0.0.1:54862]
  &amp#27;[32mGiven &amp#27;[0m&amp#27;[32mI am on the home page&amp#27;[0m     &amp#27;[90m# starter.stepdefinitions.BabyStep.iAmOnTheHomePage()&amp#27;[0m
15:38:20.116 [Forwarding screenshot on session dc93091d70d26aa0a70b8c9d342c22f9 to remote] DEBUG org.asynchttpclient.netty.request.NettyRequestSender - Using pooled Channel '[id: 0xcc30e42e, L:/127.0.0.1:58960 - R:localhost/127.0.0.1:54862]' for 'GET' to 'http://localhost:54862/session/dc93091d70d26aa0a70b8c9d342c22f9/screenshot'
15:38:20.116 [Forwarding screenshot on session dc93091d70d26aa0a70b8c9d342c22f9 to remote] DEBUG org.asynchttpclient.netty.request.NettyRequestSender - Using open Channel [id: 0xcc30e42e, L:/127.0.0.1:58960 - R:localhost/127.0.0.1:54862] for GET '/session/dc93091d70d26aa0a70b8c9d342c22f9/screenshot'
15:38:20.479 [AsyncHttpClient-1-16] DEBUG org.asynchttpclient.netty.handler.HttpHandler - 

Request DefaultFullHttpRequest(decodeResult: success, version: HTTP/1.1, content: EmptyByteBufBE)
GET /session/dc93091d70d26aa0a70b8c9d342c22f9/screenshot HTTP/1.1
User-Agent: selenium/4.1.2 (java windows)
Cache-Control: no-cache
Content-Type: application/json; charset=utf-8
host: localhost:54862
accept: */*

Response DefaultHttpResponse(decodeResult: success, version: HTTP/1.1)
HTTP/1.1 200 OK
Content-Type: application/json; charset=utf-8
cache-control: no-cache
content-length: 1119968

15:38:20.482 [AsyncHttpClient-1-16] DEBUG org.asynchttpclient.netty.channel.ChannelManager - Adding key: http://localhost:54862 for channel [id: 0xcc30e42e, L:/127.0.0.1:58960 - R:localhost/127.0.0.1:54862]
15:38:20.516 [AsyncHttpClient-1-1] DEBUG org.asynchttpclient.netty.channel.DefaultChannelPool - Entry count for : http://localhost:58961 : 1
15:38:20.517 [AsyncHttpClient-1-1] DEBUG org.asynchttpclient.netty.channel.DefaultChannelPool - Entry count for : http://localhost:54862 : 1
15:38:20.521 [main] DEBUG net.serenitybdd.core.photography.Darkroom - Send negative for processing for target\site\serenity\3d1b19ad31921c0beae4332facd941fcc81467ad5802877977ec6c100df601ce.png
15:38:20.536 [Forwarding findElement on session dc93091d70d26aa0a70b8c9d342c22f9 to remote] DEBUG org.asynchttpclient.netty.request.NettyRequestSender - Using pooled Channel '[id: 0xcc30e42e, L:/127.0.0.1:58960 - R:localhost/127.0.0.1:54862]' for 'POST' to 'http://localhost:54862/session/dc93091d70d26aa0a70b8c9d342c22f9/element'
15:38:20.536 [Forwarding findElement on session dc93091d70d26aa0a70b8c9d342c22f9 to remote] DEBUG org.asynchttpclient.netty.request.NettyRequestSender - Using open Channel [id: 0xcc30e42e, L:/127.0.0.1:58960 - R:localhost/127.0.0.1:54862] for POST '/session/dc93091d70d26aa0a70b8c9d342c22f9/element'
15:38:20.549 [AsyncHttpClient-1-16] DEBUG org.asynchttpclient.netty.handler.HttpHandler - 

Request DefaultHttpRequest(decodeResult: success, version: HTTP/1.1)
POST /session/dc93091d70d26aa0a70b8c9d342c22f9/element HTTP/1.1
User-Agent: selenium/4.1.2 (java windows)
Content-Length: 81
Content-Type: application/json; charset=utf-8
host: localhost:54862
accept: */*

Response DefaultHttpResponse(decodeResult: success, version: HTTP/1.1)
HTTP/1.1 200 OK
Content-Type: application/json; charset=utf-8
cache-control: no-cache
content-length: 88

15:38:20.549 [AsyncHttpClient-1-16] DEBUG org.asynchttpclient.netty.channel.ChannelManager - Adding key: http://localhost:54862 for channel [id: 0xcc30e42e, L:/127.0.0.1:58960 - R:localhost/127.0.0.1:54862]
15:38:20.551 [Forwarding getElementTagName on session dc93091d70d26aa0a70b8c9d342c22f9 to remote] DEBUG org.asynchttpclient.netty.request.NettyRequestSender - Using pooled Channel '[id: 0xcc30e42e, L:/127.0.0.1:58960 - R:localhost/127.0.0.1:54862]' for 'GET' to 'http://localhost:54862/session/dc93091d70d26aa0a70b8c9d342c22f9/element/aa95c93f-d219-4b99-b6e1-6491e54ca3e4/name'
15:38:20.551 [Forwarding getElementTagName on session dc93091d70d26aa0a70b8c9d342c22f9 to remote] DEBUG org.asynchttpclient.netty.request.NettyRequestSender - Using open Channel [id: 0xcc30e42e, L:/127.0.0.1:58960 - R:localhost/127.0.0.1:54862] for GET '/session/dc93091d70d26aa0a70b8c9d342c22f9/element/aa95c93f-d219-4b99-b6e1-6491e54ca3e4/name'
15:38:20.555 [AsyncHttpClient-1-16] DEBUG org.asynchttpclient.netty.handler.HttpHandler - 

Request DefaultFullHttpRequest(decodeResult: success, version: HTTP/1.1, content: EmptyByteBufBE)
GET /session/dc93091d70d26aa0a70b8c9d342c22f9/element/aa95c93f-d219-4b99-b6e1-6491e54ca3e4/name HTTP/1.1
User-Agent: selenium/4.1.2 (java windows)
Cache-Control: no-cache
Content-Type: application/json; charset=utf-8
host: localhost:54862
accept: */*

Response DefaultHttpResponse(decodeResult: success, version: HTTP/1.1)
HTTP/1.1 200 OK
Content-Type: application/json; charset=utf-8
cache-control: no-cache
content-length: 16

15:38:20.556 [AsyncHttpClient-1-16] DEBUG org.asynchttpclient.netty.channel.ChannelManager - Adding key: http://localhost:54862 for channel [id: 0xcc30e42e, L:/127.0.0.1:58960 - R:localhost/127.0.0.1:54862]
15:38:20.557 [Forwarding getElementTagName on session dc93091d70d26aa0a70b8c9d342c22f9 to remote] DEBUG org.asynchttpclient.netty.request.NettyRequestSender - Using pooled Channel '[id: 0xcc30e42e, L:/127.0.0.1:58960 - R:localhost/127.0.0.1:54862]' for 'GET' to 'http://localhost:54862/session/dc93091d70d26aa0a70b8c9d342c22f9/element/aa95c93f-d219-4b99-b6e1-6491e54ca3e4/name'
15:38:20.557 [Forwarding getElementTagName on session dc93091d70d26aa0a70b8c9d342c22f9 to remote] DEBUG org.asynchttpclient.netty.request.NettyRequestSender - Using open Channel [id: 0xcc30e42e, L:/127.0.0.1:58960 - R:localhost/127.0.0.1:54862] for GET '/session/dc93091d70d26aa0a70b8c9d342c22f9/element/aa95c93f-d219-4b99-b6e1-6491e54ca3e4/name'
15:38:20.560 [AsyncHttpClient-1-16] DEBUG org.asynchttpclient.netty.handler.HttpHandler - 

Request DefaultFullHttpRequest(decodeResult: success, version: HTTP/1.1, content: EmptyByteBufBE)
GET /session/dc93091d70d26aa0a70b8c9d342c22f9/element/aa95c93f-d219-4b99-b6e1-6491e54ca3e4/name HTTP/1.1
User-Agent: selenium/4.1.2 (java windows)
Cache-Control: no-cache
Content-Type: application/json; charset=utf-8
host: localhost:54862
accept: */*

Response DefaultHttpResponse(decodeResult: success, version: HTTP/1.1)
HTTP/1.1 200 OK
Content-Type: application/json; charset=utf-8
cache-control: no-cache
content-length: 16

15:38:20.560 [AsyncHttpClient-1-16] DEBUG org.asynchttpclient.netty.channel.ChannelManager - Adding key: http://localhost:54862 for channel [id: 0xcc30e42e, L:/127.0.0.1:58960 - R:localhost/127.0.0.1:54862]
15:38:20.562 [Forwarding findElement on session dc93091d70d26aa0a70b8c9d342c22f9 to remote] DEBUG org.asynchttpclient.netty.request.NettyRequestSender - Using pooled Channel '[id: 0xcc30e42e, L:/127.0.0.1:58960 - R:localhost/127.0.0.1:54862]' for 'POST' to 'http://localhost:54862/session/dc93091d70d26aa0a70b8c9d342c22f9/element'
15:38:20.562 [Forwarding findElement on session dc93091d70d26aa0a70b8c9d342c22f9 to remote] DEBUG org.asynchttpclient.netty.request.NettyRequestSender - Using open Channel [id: 0xcc30e42e, L:/127.0.0.1:58960 - R:localhost/127.0.0.1:54862] for POST '/session/dc93091d70d26aa0a70b8c9d342c22f9/element'
15:38:20.568 [AsyncHttpClient-1-16] DEBUG org.asynchttpclient.netty.handler.HttpHandler - 

Request DefaultHttpRequest(decodeResult: success, version: HTTP/1.1)
POST /session/dc93091d70d26aa0a70b8c9d342c22f9/element HTTP/1.1
User-Agent: selenium/4.1.2 (java windows)
Content-Length: 81
Content-Type: application/json; charset=utf-8
host: localhost:54862
accept: */*

Response DefaultHttpResponse(decodeResult: success, version: HTTP/1.1)
HTTP/1.1 200 OK
Content-Type: application/json; charset=utf-8
cache-control: no-cache
content-length: 88

15:38:20.568 [AsyncHttpClient-1-16] DEBUG org.asynchttpclient.netty.channel.ChannelManager - Adding key: http://localhost:54862 for channel [id: 0xcc30e42e, L:/127.0.0.1:58960 - R:localhost/127.0.0.1:54862]
15:38:20.569 [Forwarding clickElement on session dc93091d70d26aa0a70b8c9d342c22f9 to remote] DEBUG org.asynchttpclient.netty.request.NettyRequestSender - Using pooled Channel '[id: 0xcc30e42e, L:/127.0.0.1:58960 - R:localhost/127.0.0.1:54862]' for 'POST' to 'http://localhost:54862/session/dc93091d70d26aa0a70b8c9d342c22f9/element/aa95c93f-d219-4b99-b6e1-6491e54ca3e4/click'
15:38:20.569 [Forwarding clickElement on session dc93091d70d26aa0a70b8c9d342c22f9 to remote] DEBUG org.asynchttpclient.netty.request.NettyRequestSender - Using open Channel [id: 0xcc30e42e, L:/127.0.0.1:58960 - R:localhost/127.0.0.1:54862] for POST '/session/dc93091d70d26aa0a70b8c9d342c22f9/element/aa95c93f-d219-4b99-b6e1-6491e54ca3e4/click'
15:38:21.087 [AsyncHttpClient-1-16] DEBUG org.asynchttpclient.netty.handler.HttpHandler - 

Request DefaultHttpRequest(decodeResult: success, version: HTTP/1.1)
POST /session/dc93091d70d26aa0a70b8c9d342c22f9/element/aa95c93f-d219-4b99-b6e1-6491e54ca3e4/click HTTP/1.1
User-Agent: selenium/4.1.2 (java windows)
Content-Length: 50
Content-Type: application/json; charset=utf-8
host: localhost:54862
accept: */*

Response DefaultHttpResponse(decodeResult: success, version: HTTP/1.1)
HTTP/1.1 200 OK
Content-Type: application/json; charset=utf-8
cache-control: no-cache
content-length: 14

15:38:21.087 [AsyncHttpClient-1-16] DEBUG org.asynchttpclient.netty.channel.ChannelManager - Adding key: http://localhost:54862 for channel [id: 0xcc30e42e, L:/127.0.0.1:58960 - R:localhost/127.0.0.1:54862]
  &amp#27;[32mThen &amp#27;[0m&amp#27;[32mI click baby on the header&amp#27;[0m &amp#27;[90m# starter.stepdefinitions.BabyStep.iClickBabyOnTheHeader()&amp#27;[0m
15:38:21.100 [Forwarding screenshot on session dc93091d70d26aa0a70b8c9d342c22f9 to remote] DEBUG org.asynchttpclient.netty.request.NettyRequestSender - Using pooled Channel '[id: 0xcc30e42e, L:/127.0.0.1:58960 - R:localhost/127.0.0.1:54862]' for 'GET' to 'http://localhost:54862/session/dc93091d70d26aa0a70b8c9d342c22f9/screenshot'
15:38:21.100 [Forwarding screenshot on session dc93091d70d26aa0a70b8c9d342c22f9 to remote] DEBUG org.asynchttpclient.netty.request.NettyRequestSender - Using open Channel [id: 0xcc30e42e, L:/127.0.0.1:58960 - R:localhost/127.0.0.1:54862] for GET '/session/dc93091d70d26aa0a70b8c9d342c22f9/screenshot'
15:38:21.621 [AsyncHttpClient-1-1] DEBUG org.asynchttpclient.netty.channel.DefaultChannelPool - Entry count for : http://localhost:58961 : 1
15:38:22.075 [AsyncHttpClient-1-16] DEBUG org.asynchttpclient.netty.handler.HttpHandler - 

Request DefaultFullHttpRequest(decodeResult: success, version: HTTP/1.1, content: EmptyByteBufBE)
GET /session/dc93091d70d26aa0a70b8c9d342c22f9/screenshot HTTP/1.1
User-Agent: selenium/4.1.2 (java windows)
Cache-Control: no-cache
Content-Type: application/json; charset=utf-8
host: localhost:54862
accept: */*

Response DefaultHttpResponse(decodeResult: success, version: HTTP/1.1)
HTTP/1.1 200 OK
Content-Type: application/json; charset=utf-8
cache-control: no-cache
content-length: 122084

15:38:22.076 [AsyncHttpClient-1-16] DEBUG org.asynchttpclient.netty.channel.ChannelManager - Adding key: http://localhost:54862 for channel [id: 0xcc30e42e, L:/127.0.0.1:58960 - R:localhost/127.0.0.1:54862]
15:38:22.082 [main] DEBUG net.serenitybdd.core.photography.Darkroom - Send negative for processing for target\site\serenity\240d29e32a8aca49fa47fb151469afbe5d32df07757be90f66df4bb81bfc9185.png
15:38:22.082 [Darkroom Processing Line] DEBUG net.serenitybdd.core.photography.DarkroomProcessingLine - Processing screenshot image in /var/screenshots/screenshot-6261884674405216777
15:38:22.082 [Darkroom Processing Line] DEBUG net.serenitybdd.core.photography.DarkroomProcessingLine - Saving screenshot to target\site\serenity\240d29e32a8aca49fa47fb151469afbe5d32df07757be90f66df4bb81bfc9185.png
15:38:22.094 [Forwarding findElement on session dc93091d70d26aa0a70b8c9d342c22f9 to remote] DEBUG org.asynchttpclient.netty.request.NettyRequestSender - Using pooled Channel '[id: 0xcc30e42e, L:/127.0.0.1:58960 - R:localhost/127.0.0.1:54862]' for 'POST' to 'http://localhost:54862/session/dc93091d70d26aa0a70b8c9d342c22f9/element'
15:38:22.094 [Forwarding findElement on session dc93091d70d26aa0a70b8c9d342c22f9 to remote] DEBUG org.asynchttpclient.netty.request.NettyRequestSender - Using open Channel [id: 0xcc30e42e, L:/127.0.0.1:58960 - R:localhost/127.0.0.1:54862] for POST '/session/dc93091d70d26aa0a70b8c9d342c22f9/element'
15:38:22.126 [AsyncHttpClient-1-16] DEBUG org.asynchttpclient.netty.handler.HttpHandler - 

Request DefaultHttpRequest(decodeResult: success, version: HTTP/1.1)
POST /session/dc93091d70d26aa0a70b8c9d342c22f9/element HTTP/1.1
User-Agent: selenium/4.1.2 (java windows)
Content-Length: 102
Content-Type: application/json; charset=utf-8
host: localhost:54862
accept: */*

Response DefaultHttpResponse(decodeResult: success, version: HTTP/1.1)
HTTP/1.1 200 OK
Content-Type: application/json; charset=utf-8
cache-control: no-cache
content-length: 88

15:38:22.126 [AsyncHttpClient-1-16] DEBUG org.asynchttpclient.netty.channel.ChannelManager - Adding key: http://localhost:54862 for channel [id: 0xcc30e42e, L:/127.0.0.1:58960 - R:localhost/127.0.0.1:54862]
15:38:22.128 [Forwarding getElementTagName on session dc93091d70d26aa0a70b8c9d342c22f9 to remote] DEBUG org.asynchttpclient.netty.request.NettyRequestSender - Using pooled Channel '[id: 0xcc30e42e, L:/127.0.0.1:58960 - R:localhost/127.0.0.1:54862]' for 'GET' to 'http://localhost:54862/session/dc93091d70d26aa0a70b8c9d342c22f9/element/14b2ec63-97f9-4e9f-a827-c7880a1ed325/name'
15:38:22.128 [Forwarding getElementTagName on session dc93091d70d26aa0a70b8c9d342c22f9 to remote] DEBUG org.asynchttpclient.netty.request.NettyRequestSender - Using open Channel [id: 0xcc30e42e, L:/127.0.0.1:58960 - R:localhost/127.0.0.1:54862] for GET '/session/dc93091d70d26aa0a70b8c9d342c22f9/element/14b2ec63-97f9-4e9f-a827-c7880a1ed325/name'
15:38:22.131 [AsyncHttpClient-1-16] DEBUG org.asynchttpclient.netty.handler.HttpHandler - 

Request DefaultFullHttpRequest(decodeResult: success, version: HTTP/1.1, content: EmptyByteBufBE)
GET /session/dc93091d70d26aa0a70b8c9d342c22f9/element/14b2ec63-97f9-4e9f-a827-c7880a1ed325/name HTTP/1.1
User-Agent: selenium/4.1.2 (java windows)
Cache-Control: no-cache
Content-Type: application/json; charset=utf-8
host: localhost:54862
accept: */*

Response DefaultHttpResponse(decodeResult: success, version: HTTP/1.1)
HTTP/1.1 200 OK
Content-Type: application/json; charset=utf-8
cache-control: no-cache
content-length: 16

15:38:22.131 [AsyncHttpClient-1-16] DEBUG org.asynchttpclient.netty.channel.ChannelManager - Adding key: http://localhost:54862 for channel [id: 0xcc30e42e, L:/127.0.0.1:58960 - R:localhost/127.0.0.1:54862]
15:38:22.132 [Forwarding getElementTagName on session dc93091d70d26aa0a70b8c9d342c22f9 to remote] DEBUG org.asynchttpclient.netty.request.NettyRequestSender - Using pooled Channel '[id: 0xcc30e42e, L:/127.0.0.1:58960 - R:localhost/127.0.0.1:54862]' for 'GET' to 'http://localhost:54862/session/dc93091d70d26aa0a70b8c9d342c22f9/element/14b2ec63-97f9-4e9f-a827-c7880a1ed325/name'
15:38:22.132 [Forwarding getElementTagName on session dc93091d70d26aa0a70b8c9d342c22f9 to remote] DEBUG org.asynchttpclient.netty.request.NettyRequestSender - Using open Channel [id: 0xcc30e42e, L:/127.0.0.1:58960 - R:localhost/127.0.0.1:54862] for GET '/session/dc93091d70d26aa0a70b8c9d342c22f9/element/14b2ec63-97f9-4e9f-a827-c7880a1ed325/name'
15:38:22.137 [AsyncHttpClient-1-16] DEBUG org.asynchttpclient.netty.handler.HttpHandler - 

Request DefaultFullHttpRequest(decodeResult: success, version: HTTP/1.1, content: EmptyByteBufBE)
GET /session/dc93091d70d26aa0a70b8c9d342c22f9/element/14b2ec63-97f9-4e9f-a827-c7880a1ed325/name HTTP/1.1
User-Agent: selenium/4.1.2 (java windows)
Cache-Control: no-cache
Content-Type: application/json; charset=utf-8
host: localhost:54862
accept: */*

Response DefaultHttpResponse(decodeResult: success, version: HTTP/1.1)
HTTP/1.1 200 OK
Content-Type: application/json; charset=utf-8
cache-control: no-cache
content-length: 16

15:38:22.138 [AsyncHttpClient-1-16] DEBUG org.asynchttpclient.netty.channel.ChannelManager - Adding key: http://localhost:54862 for channel [id: 0xcc30e42e, L:/127.0.0.1:58960 - R:localhost/127.0.0.1:54862]
15:38:22.141 [Forwarding findElement on session dc93091d70d26aa0a70b8c9d342c22f9 to remote] DEBUG org.asynchttpclient.netty.request.NettyRequestSender - Using pooled Channel '[id: 0xcc30e42e, L:/127.0.0.1:58960 - R:localhost/127.0.0.1:54862]' for 'POST' to 'http://localhost:54862/session/dc93091d70d26aa0a70b8c9d342c22f9/element'
15:38:22.141 [Forwarding findElement on session dc93091d70d26aa0a70b8c9d342c22f9 to remote] DEBUG org.asynchttpclient.netty.request.NettyRequestSender - Using open Channel [id: 0xcc30e42e, L:/127.0.0.1:58960 - R:localhost/127.0.0.1:54862] for POST '/session/dc93091d70d26aa0a70b8c9d342c22f9/element'
15:38:22.152 [AsyncHttpClient-1-16] DEBUG org.asynchttpclient.netty.handler.HttpHandler - 

Request DefaultHttpRequest(decodeResult: success, version: HTTP/1.1)
POST /session/dc93091d70d26aa0a70b8c9d342c22f9/element HTTP/1.1
User-Agent: selenium/4.1.2 (java windows)
Content-Length: 102
Content-Type: application/json; charset=utf-8
host: localhost:54862
accept: */*

Response DefaultHttpResponse(decodeResult: success, version: HTTP/1.1)
HTTP/1.1 200 OK
Content-Type: application/json; charset=utf-8
cache-control: no-cache
content-length: 88

15:38:22.152 [AsyncHttpClient-1-16] DEBUG org.asynchttpclient.netty.channel.ChannelManager - Adding key: http://localhost:54862 for channel [id: 0xcc30e42e, L:/127.0.0.1:58960 - R:localhost/127.0.0.1:54862]
15:38:22.154 [Forwarding clickElement on session dc93091d70d26aa0a70b8c9d342c22f9 to remote] DEBUG org.asynchttpclient.netty.request.NettyRequestSender - Using pooled Channel '[id: 0xcc30e42e, L:/127.0.0.1:58960 - R:localhost/127.0.0.1:54862]' for 'POST' to 'http://localhost:54862/session/dc93091d70d26aa0a70b8c9d342c22f9/element/14b2ec63-97f9-4e9f-a827-c7880a1ed325/click'
15:38:22.154 [Forwarding clickElement on session dc93091d70d26aa0a70b8c9d342c22f9 to remote] DEBUG org.asynchttpclient.netty.request.NettyRequestSender - Using open Channel [id: 0xcc30e42e, L:/127.0.0.1:58960 - R:localhost/127.0.0.1:54862] for POST '/session/dc93091d70d26aa0a70b8c9d342c22f9/element/14b2ec63-97f9-4e9f-a827-c7880a1ed325/click'
15:38:22.398 [AsyncHttpClient-1-16] DEBUG org.asynchttpclient.netty.handler.HttpHandler - 

Request DefaultHttpRequest(decodeResult: success, version: HTTP/1.1)
POST /session/dc93091d70d26aa0a70b8c9d342c22f9/element/14b2ec63-97f9-4e9f-a827-c7880a1ed325/click HTTP/1.1
User-Agent: selenium/4.1.2 (java windows)
Content-Length: 50
Content-Type: application/json; charset=utf-8
host: localhost:54862
accept: */*

Response DefaultHttpResponse(decodeResult: success, version: HTTP/1.1)
HTTP/1.1 200 OK
Content-Type: application/json; charset=utf-8
cache-control: no-cache
content-length: 14

15:38:22.398 [AsyncHttpClient-1-16] DEBUG org.asynchttpclient.netty.channel.ChannelManager - Adding key: http://localhost:54862 for channel [id: 0xcc30e42e, L:/127.0.0.1:58960 - R:localhost/127.0.0.1:54862]
  &amp#27;[32mWhen &amp#27;[0m&amp#27;[32mI will go to &amp#27;[0m&amp#27;[32m&amp#27;[1m"gaun1"&amp#27;[0m       &amp#27;[90m# starter.stepdefinitions.BabyStep.iWillGoTo(java.lang.String)&amp#27;[0m
15:38:22.405 [Forwarding screenshot on session dc93091d70d26aa0a70b8c9d342c22f9 to remote] DEBUG org.asynchttpclient.netty.request.NettyRequestSender - Using pooled Channel '[id: 0xcc30e42e, L:/127.0.0.1:58960 - R:localhost/127.0.0.1:54862]' for 'GET' to 'http://localhost:54862/session/dc93091d70d26aa0a70b8c9d342c22f9/screenshot'
15:38:22.405 [Forwarding screenshot on session dc93091d70d26aa0a70b8c9d342c22f9 to remote] DEBUG org.asynchttpclient.netty.request.NettyRequestSender - Using open Channel [id: 0xcc30e42e, L:/127.0.0.1:58960 - R:localhost/127.0.0.1:54862] for GET '/session/dc93091d70d26aa0a70b8c9d342c22f9/screenshot'
15:38:22.714 [AsyncHttpClient-1-16] DEBUG org.asynchttpclient.netty.handler.HttpHandler - 

Request DefaultFullHttpRequest(decodeResult: success, version: HTTP/1.1, content: EmptyByteBufBE)
GET /session/dc93091d70d26aa0a70b8c9d342c22f9/screenshot HTTP/1.1
User-Agent: selenium/4.1.2 (java windows)
Cache-Control: no-cache
Content-Type: application/json; charset=utf-8
host: localhost:54862
accept: */*

Response DefaultHttpResponse(decodeResult: success, version: HTTP/1.1)
HTTP/1.1 200 OK
Content-Type: application/json; charset=utf-8
cache-control: no-cache
content-length: 81116

15:38:22.715 [AsyncHttpClient-1-1] DEBUG org.asynchttpclient.netty.channel.DefaultChannelPool - Entry count for : http://localhost:58961 : 1
15:38:22.715 [AsyncHttpClient-1-16] DEBUG org.asynchttpclient.netty.channel.ChannelManager - Adding key: http://localhost:54862 for channel [id: 0xcc30e42e, L:/127.0.0.1:58960 - R:localhost/127.0.0.1:54862]
15:38:22.718 [main] DEBUG net.serenitybdd.core.photography.Darkroom - Send negative for processing for target\site\serenity\9f2d655c43646768a2526bda42408276bc520d1c1d69c9202f0560575469ccc4.png
15:38:22.718 [Darkroom Processing Line] DEBUG net.serenitybdd.core.photography.DarkroomProcessingLine - Processing screenshot image in /var/screenshots/screenshot-2671206905613799084
15:38:22.718 [Darkroom Processing Line] DEBUG net.serenitybdd.core.photography.DarkroomProcessingLine - Saving screenshot to target\site\serenity\9f2d655c43646768a2526bda42408276bc520d1c1d69c9202f0560575469ccc4.png
  &amp#27;[32mAnd &amp#27;[0m&amp#27;[32mI &amp#27;[0m&amp#27;[32m&amp#27;[1m""&amp#27;[0m&amp#27;[32m page&amp#27;[0m                   &amp#27;[90m# starter.stepdefinitions.BabyStep.iPage(java.lang.String)&amp#27;[0m
15:38:22.732 [AsyncHttpClient-1-2] DEBUG org.asynchttpclient.netty.handler.WebSocketHandler - Channel Closed: [id: 0x0eb4d88d, L:/127.0.0.1:58969 ! R:localhost/127.0.0.1:58961] with attribute NettyResponseFuture{currentRetry=5,
	isDone=1,
	isCancelled=0,
	asyncHandler=org.asynchttpclient.ws.WebSocketUpgradeHandler@1779e905,
	nettyRequest=org.asynchttpclient.netty.request.NettyRequest@79d47c83,
	future=java.util.concurrent.CompletableFuture@6d968054[Completed normally],
	uri=ws://localhost:58961/devtools/browser/f46a6dd1-396a-499d-9680-f36f8e8f6e36,
	keepAlive=true,
	redirectCount=0,
	timeoutsHolder=null,
	inAuth=0,
	touch=1680683893764}
15:38:22.732 [AsyncHttpClient-1-2] DEBUG org.asynchttpclient.netty.channel.ChannelManager - Closing Channel [id: 0x0eb4d88d, L:/127.0.0.1:58969 ! R:localhost/127.0.0.1:58961] 
15:38:22.733 [Driver Command Executor] DEBUG org.asynchttpclient.netty.request.NettyRequestSender - Using pooled Channel '[id: 0xcc30e42e, L:/127.0.0.1:58960 - R:localhost/127.0.0.1:54862]' for 'DELETE' to 'http://localhost:54862/session/dc93091d70d26aa0a70b8c9d342c22f9'
15:38:22.733 [Driver Command Executor] DEBUG org.asynchttpclient.netty.request.NettyRequestSender - Using open Channel [id: 0xcc30e42e, L:/127.0.0.1:58960 - R:localhost/127.0.0.1:54862] for DELETE '/session/dc93091d70d26aa0a70b8c9d342c22f9'
15:38:22.768 [AsyncHttpClient-1-17] DEBUG org.asynchttpclient.netty.handler.HttpHandler - Unexpected I/O exception on channel [id: 0x4427f4bd, L:/127.0.0.1:58968 - R:localhost/127.0.0.1:58961]
java.net.SocketException: Connection reset
	at java.base/sun.nio.ch.SocketChannelImpl.throwConnectionReset(SocketChannelImpl.java:345)
	at java.base/sun.nio.ch.SocketChannelImpl.read(SocketChannelImpl.java:376)
	at io.netty.buffer.PooledByteBuf.setBytes(PooledByteBuf.java:258)
	at io.netty.buffer.AbstractByteBuf.writeBytes(AbstractByteBuf.java:1132)
	at io.netty.channel.socket.nio.NioSocketChannel.doReadBytes(NioSocketChannel.java:350)
	at io.netty.channel.nio.AbstractNioByteChannel$NioByteUnsafe.read(AbstractNioByteChannel.java:151)
	at io.netty.channel.nio.NioEventLoop.processSelectedKey(NioEventLoop.java:722)
	at io.netty.channel.nio.NioEventLoop.processSelectedKeysOptimized(NioEventLoop.java:658)
	at io.netty.channel.nio.NioEventLoop.processSelectedKeys(NioEventLoop.java:584)
	at io.netty.channel.nio.NioEventLoop.run(NioEventLoop.java:496)
	at io.netty.util.concurrent.SingleThreadEventExecutor$4.run(SingleThreadEventExecutor.java:986)
	at io.netty.util.internal.ThreadExecutorMap$2.run(ThreadExecutorMap.java:74)
	at io.netty.util.concurrent.FastThreadLocalRunnable.run(FastThreadLocalRunnable.java:30)
	at java.base/java.lang.Thread.run(Thread.java:830)
15:38:22.768 [AsyncHttpClient-1-17] DEBUG org.asynchttpclient.netty.channel.ChannelManager - Closing Channel [id: 0x4427f4bd, L:/127.0.0.1:58968 - R:localhost/127.0.0.1:58961] 
15:38:22.769 [AsyncHttpClient-1-17] DEBUG org.asynchttpclient.netty.handler.HttpHandler - Channel Closed: [id: 0x4427f4bd, L:/127.0.0.1:58968 ! R:localhost/127.0.0.1:58961] with attribute DISCARD
15:38:22.795 [AsyncHttpClient-1-16] DEBUG org.asynchttpclient.netty.handler.HttpHandler - 

Request DefaultFullHttpRequest(decodeResult: success, version: HTTP/1.1, content: EmptyByteBufBE)
DELETE /session/dc93091d70d26aa0a70b8c9d342c22f9 HTTP/1.1
User-Agent: selenium/4.1.2 (java windows)
Content-Type: application/json; charset=utf-8
host: localhost:54862
accept: */*

Response DefaultHttpResponse(decodeResult: success, version: HTTP/1.1)
HTTP/1.1 200 OK
Content-Type: application/json; charset=utf-8
cache-control: no-cache
content-length: 14

15:38:22.795 [AsyncHttpClient-1-16] DEBUG org.asynchttpclient.netty.channel.ChannelManager - Adding key: http://localhost:54862 for channel [id: 0xcc30e42e, L:/127.0.0.1:58960 - R:localhost/127.0.0.1:54862]
15:38:22.931 [AsyncHttpClient-1-16] DEBUG org.asynchttpclient.netty.handler.HttpHandler - Channel Closed: [id: 0xcc30e42e, L:/127.0.0.1:58960 ! R:localhost/127.0.0.1:54862] with attribute DISCARD
]]></system-out>
    <system-err><![CDATA[Starting Microsoft Edge WebDriver 111.0.1661.62 (0a8f453929e6410c973aa529a40485ce4e3e03db) on port 54862
To submit feedback, report a bug, or suggest new features, please visit https://github.com/MicrosoftEdge/EdgeWebDriver

Only local connections are allowed.
Please see https://aka.ms/WebDriverSecurity for suggestions on keeping Microsoft Edge WebDriver safe.

Microsoft Edge WebDriver was started successfully.
Apr 05, 2023 3:38:13 PM org.openqa.selenium.remote.ProtocolHandshake createSession
INFO: Detected dialect: W3C
Apr 05, 2023 3:38:13 PM org.openqa.selenium.devtools.CdpVersionFinder findNearestMatch
WARNING: Unable to find an exact match for CDP version 111, so returning the closest version found: a no-op implementation
Apr 05, 2023 3:38:13 PM org.openqa.selenium.devtools.CdpVersionFinder findNearestMatch
INFO: Unable to find CDP implementation matching 111.
Apr 05, 2023 3:38:13 PM org.openqa.selenium.chromium.ChromiumDriver lambda$new$3
WARNING: Unable to find version of CDP to use for . You may need to include a dependency on a specific version of the CDP using something similar to `org.seleniumhq.selenium:selenium-devtools-v86:4.1.2` where the version ("v86") matches the version of the chromium-based browser you're using and the version number of the artifact is the same as Selenium's.
]]></system-err>
  </testcase>
  <testcase name="Fitur Menu Baby #12" classname="Baby" time="11.934">
    <system-out><![CDATA[
Scenario Outline: Fitur Menu Baby &amp#27;[90m# src/test/resources/features/Baby.feature:104&amp#27;[0m
15:38:23.523 [main] INFO io.cucumber.core.plugin.SerenityReporter - Running feature from file:///C:/Users/alwi/IdeaProjects/uniqloweb/src/test/resources/features/Baby.feature
15:38:23.638 [main] DEBUG io.github.bonigarcia.wdm.cache.ResolutionCache - Resolution edge=111 in cache (valid until 16:17:30 05/04/2023 WIB)
15:38:23.642 [main] DEBUG io.github.bonigarcia.wdm.cache.ResolutionCache - Resolution edge111=111.0.1661.62 in cache (valid until 15:17:30 06/04/2023 WIB)
15:38:23.644 [main] INFO io.github.bonigarcia.wdm.WebDriverManager - Using msedgedriver 111.0.1661.62 (resolved driver for Edge 111)
15:38:23.654 [main] DEBUG io.github.bonigarcia.wdm.WebDriverManager - Driver msedgedriver 111.0.1661.62 found in cache
15:38:23.654 [main] INFO io.github.bonigarcia.wdm.WebDriverManager - Exporting webdriver.edge.driver as C:\Users\alwi\.cache\selenium\msedgedriver\win64\111.0.1661.62\msedgedriver.exe
15:38:23.656 [main] DEBUG net.serenitybdd.core.webdriver.driverproviders.ProvideNewDriver - Instantiating driver
15:38:23.656 [main] DEBUG net.serenitybdd.core.webdriver.driverproviders.ProvideNewDriver - Driver capabilities: Capabilities {base.url: https://www.uniqlo.com, chrome.driver: src/test/resources/webdrive..., driver: edge, ms:edgeChromium: true, ms:edgeOptions: {}, wait.for.timeout: 6000}
15:38:23.817 [AsyncHttpClient-1-1] DEBUG org.asynchttpclient.netty.channel.DefaultChannelPool - Entry count for : http://localhost:58961 : 1
15:38:23.817 [AsyncHttpClient-1-1] DEBUG org.asynchttpclient.netty.channel.DefaultChannelPool - Entry count for : http://localhost:54862 : 1
15:38:23.817 [AsyncHttpClient-1-1] DEBUG org.asynchttpclient.netty.channel.DefaultChannelPool - Adding Candidate expired Channel [id: 0x4427f4bd, L:/127.0.0.1:58968 ! R:localhost/127.0.0.1:58961] isIdleTimeoutExpired=false isRemotelyClosed=true isTtlExpired=false
15:38:23.817 [AsyncHttpClient-1-1] DEBUG org.asynchttpclient.netty.channel.DefaultChannelPool - Closing Idle Channel [id: 0x4427f4bd, L:/127.0.0.1:58968 ! R:localhost/127.0.0.1:58961]
15:38:23.817 [AsyncHttpClient-1-1] DEBUG org.asynchttpclient.netty.channel.DefaultChannelPool - Adding Candidate expired Channel [id: 0xcc30e42e, L:/127.0.0.1:58960 ! R:localhost/127.0.0.1:54862] isIdleTimeoutExpired=false isRemotelyClosed=true isTtlExpired=false
15:38:23.817 [AsyncHttpClient-1-1] DEBUG org.asynchttpclient.netty.channel.DefaultChannelPool - Closing Idle Channel [id: 0xcc30e42e, L:/127.0.0.1:58960 ! R:localhost/127.0.0.1:54862]
15:38:23.817 [AsyncHttpClient-1-1] DEBUG org.asynchttpclient.netty.channel.DefaultChannelPool - Closed 2 connections out of 2 in 0 ms
15:38:24.190 [AsyncHttpClient-1-3] DEBUG org.asynchttpclient.netty.channel.NettyConnectListener - Using new Channel '[id: 0xe8d17167, L:/127.0.0.1:59095 - R:localhost/127.0.0.1:63571]' for 'POST' to '/session'
15:38:24.955 [AsyncHttpClient-1-3] DEBUG org.asynchttpclient.netty.handler.HttpHandler - 

Request DefaultHttpRequest(decodeResult: success, version: HTTP/1.1)
POST /session HTTP/1.1
User-Agent: selenium/4.1.2 (java windows)
Content-Length: 627
Content-Type: application/json; charset=utf-8
host: localhost:63571
accept: */*

Response DefaultHttpResponse(decodeResult: success, version: HTTP/1.1)
HTTP/1.1 200 OK
Content-Type: application/json; charset=utf-8
cache-control: no-cache
content-length: 821

15:38:24.955 [AsyncHttpClient-1-3] DEBUG org.asynchttpclient.netty.channel.ChannelManager - Adding key: http://localhost:63571 for channel [id: 0xe8d17167, L:/127.0.0.1:59095 - R:localhost/127.0.0.1:63571]
15:38:24.963 [AsyncHttpClient-1-4] DEBUG org.asynchttpclient.netty.channel.NettyConnectListener - Using new Channel '[id: 0x1316a0e9, L:/127.0.0.1:59102 - R:localhost/127.0.0.1:59096]' for 'GET' to '/json/version'
15:38:24.964 [AsyncHttpClient-1-4] DEBUG org.asynchttpclient.netty.handler.HttpHandler - 

Request DefaultFullHttpRequest(decodeResult: success, version: HTTP/1.1, content: EmptyByteBufBE)
GET /json/version HTTP/1.1
User-Agent: selenium/4.1.2 (java windows)
host: localhost:59096
accept: */*

Response DefaultHttpResponse(decodeResult: success, version: HTTP/1.1)
HTTP/1.1 200 OK
Content-Security-Policy: frame-ancestors 'none'
Content-Type: application/json; charset=UTF-8
content-length: 436

15:38:24.964 [AsyncHttpClient-1-4] DEBUG org.asynchttpclient.netty.channel.ChannelManager - Adding key: http://localhost:59096 for channel [id: 0x1316a0e9, L:/127.0.0.1:59102 - R:localhost/127.0.0.1:59096]
15:38:24.967 [AsyncHttpClient-1-5] DEBUG org.asynchttpclient.netty.channel.NettyConnectListener - Using new Channel '[id: 0xec5ed150, L:/127.0.0.1:59103 - R:localhost/127.0.0.1:59096]' for 'GET' to '/devtools/browser/ac6ed89e-8ba8-418f-b81b-6081be0ff25e'
15:38:24.968 [AsyncHttpClient-1-5] DEBUG org.asynchttpclient.netty.handler.WebSocketHandler - 

Request DefaultFullHttpRequest(decodeResult: success, version: HTTP/1.1, content: EmptyByteBufBE)
GET /devtools/browser/ac6ed89e-8ba8-418f-b81b-6081be0ff25e HTTP/1.1
upgrade: websocket
connection: upgrade
sec-websocket-key: ZDdCQVvfcIKyf6+SlJvQPw==
sec-websocket-version: 13
origin: http://localhost:59096
host: localhost:59096
accept: */*
user-agent: AHC/2.1

Response DefaultHttpResponse(decodeResult: success, version: HTTP/1.1)
HTTP/1.1 101 WebSocket Protocol Handshake
Upgrade: WebSocket
Connection: Upgrade
Sec-WebSocket-Accept: jcUzBE2AawCOwHPJK49wnEqdpRo=

15:38:24.972 [Forwarding get on session 23dc399a6bc335b7b5374c8aec110f9f to remote] DEBUG org.asynchttpclient.netty.request.NettyRequestSender - Using pooled Channel '[id: 0xe8d17167, L:/127.0.0.1:59095 - R:localhost/127.0.0.1:63571]' for 'POST' to 'http://localhost:63571/session/23dc399a6bc335b7b5374c8aec110f9f/url'
15:38:24.972 [Forwarding get on session 23dc399a6bc335b7b5374c8aec110f9f to remote] DEBUG org.asynchttpclient.netty.request.NettyRequestSender - Using open Channel [id: 0xe8d17167, L:/127.0.0.1:59095 - R:localhost/127.0.0.1:63571] for POST '/session/23dc399a6bc335b7b5374c8aec110f9f/url'
15:38:26.018 [AsyncHttpClient-1-1] DEBUG org.asynchttpclient.netty.channel.DefaultChannelPool - Entry count for : http://localhost:59096 : 1
15:38:27.119 [AsyncHttpClient-1-1] DEBUG org.asynchttpclient.netty.channel.DefaultChannelPool - Entry count for : http://localhost:59096 : 1
15:38:28.224 [AsyncHttpClient-1-1] DEBUG org.asynchttpclient.netty.channel.DefaultChannelPool - Entry count for : http://localhost:59096 : 1
15:38:29.315 [AsyncHttpClient-1-1] DEBUG org.asynchttpclient.netty.channel.DefaultChannelPool - Entry count for : http://localhost:59096 : 1
15:38:30.419 [AsyncHttpClient-1-1] DEBUG org.asynchttpclient.netty.channel.DefaultChannelPool - Entry count for : http://localhost:59096 : 1
15:38:31.516 [AsyncHttpClient-1-1] DEBUG org.asynchttpclient.netty.channel.DefaultChannelPool - Entry count for : http://localhost:59096 : 1
15:38:31.919 [AsyncHttpClient-1-3] DEBUG org.asynchttpclient.netty.handler.HttpHandler - 

Request DefaultHttpRequest(decodeResult: success, version: HTTP/1.1)
POST /session/23dc399a6bc335b7b5374c8aec110f9f/url HTTP/1.1
User-Agent: selenium/4.1.2 (java windows)
Content-Length: 53
Content-Type: application/json; charset=utf-8
host: localhost:63571
accept: */*

Response DefaultHttpResponse(decodeResult: success, version: HTTP/1.1)
HTTP/1.1 200 OK
Content-Type: application/json; charset=utf-8
cache-control: no-cache
content-length: 14

15:38:31.919 [AsyncHttpClient-1-3] DEBUG org.asynchttpclient.netty.channel.ChannelManager - Adding key: http://localhost:63571 for channel [id: 0xe8d17167, L:/127.0.0.1:59095 - R:localhost/127.0.0.1:63571]
15:38:31.922 [Forwarding setTimeout on session 23dc399a6bc335b7b5374c8aec110f9f to remote] DEBUG org.asynchttpclient.netty.request.NettyRequestSender - Using pooled Channel '[id: 0xe8d17167, L:/127.0.0.1:59095 - R:localhost/127.0.0.1:63571]' for 'POST' to 'http://localhost:63571/session/23dc399a6bc335b7b5374c8aec110f9f/timeouts'
15:38:31.922 [Forwarding setTimeout on session 23dc399a6bc335b7b5374c8aec110f9f to remote] DEBUG org.asynchttpclient.netty.request.NettyRequestSender - Using open Channel [id: 0xe8d17167, L:/127.0.0.1:59095 - R:localhost/127.0.0.1:63571] for POST '/session/23dc399a6bc335b7b5374c8aec110f9f/timeouts'
15:38:31.923 [AsyncHttpClient-1-3] DEBUG org.asynchttpclient.netty.handler.HttpHandler - 

Request DefaultHttpRequest(decodeResult: success, version: HTTP/1.1)
POST /session/23dc399a6bc335b7b5374c8aec110f9f/timeouts HTTP/1.1
User-Agent: selenium/4.1.2 (java windows)
Content-Length: 22
Content-Type: application/json; charset=utf-8
host: localhost:63571
accept: */*

Response DefaultHttpResponse(decodeResult: success, version: HTTP/1.1)
HTTP/1.1 200 OK
Content-Type: application/json; charset=utf-8
cache-control: no-cache
content-length: 14

15:38:31.923 [AsyncHttpClient-1-3] DEBUG org.asynchttpclient.netty.channel.ChannelManager - Adding key: http://localhost:63571 for channel [id: 0xe8d17167, L:/127.0.0.1:59095 - R:localhost/127.0.0.1:63571]
15:38:31.927 [Forwarding getCurrentUrl on session 23dc399a6bc335b7b5374c8aec110f9f to remote] DEBUG org.asynchttpclient.netty.request.NettyRequestSender - Using pooled Channel '[id: 0xe8d17167, L:/127.0.0.1:59095 - R:localhost/127.0.0.1:63571]' for 'GET' to 'http://localhost:63571/session/23dc399a6bc335b7b5374c8aec110f9f/url'
15:38:31.927 [Forwarding getCurrentUrl on session 23dc399a6bc335b7b5374c8aec110f9f to remote] DEBUG org.asynchttpclient.netty.request.NettyRequestSender - Using open Channel [id: 0xe8d17167, L:/127.0.0.1:59095 - R:localhost/127.0.0.1:63571] for GET '/session/23dc399a6bc335b7b5374c8aec110f9f/url'
15:38:31.931 [AsyncHttpClient-1-3] DEBUG org.asynchttpclient.netty.handler.HttpHandler - 

Request DefaultFullHttpRequest(decodeResult: success, version: HTTP/1.1, content: EmptyByteBufBE)
GET /session/23dc399a6bc335b7b5374c8aec110f9f/url HTTP/1.1
User-Agent: selenium/4.1.2 (java windows)
Cache-Control: no-cache
Content-Type: application/json; charset=utf-8
host: localhost:63571
accept: */*

Response DefaultHttpResponse(decodeResult: success, version: HTTP/1.1)
HTTP/1.1 200 OK
Content-Type: application/json; charset=utf-8
cache-control: no-cache
content-length: 41

15:38:31.931 [AsyncHttpClient-1-3] DEBUG org.asynchttpclient.netty.channel.ChannelManager - Adding key: http://localhost:63571 for channel [id: 0xe8d17167, L:/127.0.0.1:59095 - R:localhost/127.0.0.1:63571]
  &amp#27;[32mGiven &amp#27;[0m&amp#27;[32mI am on the home page&amp#27;[0m     &amp#27;[90m# starter.stepdefinitions.BabyStep.iAmOnTheHomePage()&amp#27;[0m
15:38:31.940 [Forwarding screenshot on session 23dc399a6bc335b7b5374c8aec110f9f to remote] DEBUG org.asynchttpclient.netty.request.NettyRequestSender - Using pooled Channel '[id: 0xe8d17167, L:/127.0.0.1:59095 - R:localhost/127.0.0.1:63571]' for 'GET' to 'http://localhost:63571/session/23dc399a6bc335b7b5374c8aec110f9f/screenshot'
15:38:31.940 [Forwarding screenshot on session 23dc399a6bc335b7b5374c8aec110f9f to remote] DEBUG org.asynchttpclient.netty.request.NettyRequestSender - Using open Channel [id: 0xe8d17167, L:/127.0.0.1:59095 - R:localhost/127.0.0.1:63571] for GET '/session/23dc399a6bc335b7b5374c8aec110f9f/screenshot'
15:38:32.307 [AsyncHttpClient-1-3] DEBUG org.asynchttpclient.netty.handler.HttpHandler - 

Request DefaultFullHttpRequest(decodeResult: success, version: HTTP/1.1, content: EmptyByteBufBE)
GET /session/23dc399a6bc335b7b5374c8aec110f9f/screenshot HTTP/1.1
User-Agent: selenium/4.1.2 (java windows)
Cache-Control: no-cache
Content-Type: application/json; charset=utf-8
host: localhost:63571
accept: */*

Response DefaultHttpResponse(decodeResult: success, version: HTTP/1.1)
HTTP/1.1 200 OK
Content-Type: application/json; charset=utf-8
cache-control: no-cache
content-length: 1119968

15:38:32.313 [AsyncHttpClient-1-3] DEBUG org.asynchttpclient.netty.channel.ChannelManager - Adding key: http://localhost:63571 for channel [id: 0xe8d17167, L:/127.0.0.1:59095 - R:localhost/127.0.0.1:63571]
15:38:32.350 [main] DEBUG net.serenitybdd.core.photography.Darkroom - Send negative for processing for target\site\serenity\3d1b19ad31921c0beae4332facd941fcc81467ad5802877977ec6c100df601ce.png
15:38:32.362 [Forwarding findElement on session 23dc399a6bc335b7b5374c8aec110f9f to remote] DEBUG org.asynchttpclient.netty.request.NettyRequestSender - Using pooled Channel '[id: 0xe8d17167, L:/127.0.0.1:59095 - R:localhost/127.0.0.1:63571]' for 'POST' to 'http://localhost:63571/session/23dc399a6bc335b7b5374c8aec110f9f/element'
15:38:32.362 [Forwarding findElement on session 23dc399a6bc335b7b5374c8aec110f9f to remote] DEBUG org.asynchttpclient.netty.request.NettyRequestSender - Using open Channel [id: 0xe8d17167, L:/127.0.0.1:59095 - R:localhost/127.0.0.1:63571] for POST '/session/23dc399a6bc335b7b5374c8aec110f9f/element'
15:38:32.377 [AsyncHttpClient-1-3] DEBUG org.asynchttpclient.netty.handler.HttpHandler - 

Request DefaultHttpRequest(decodeResult: success, version: HTTP/1.1)
POST /session/23dc399a6bc335b7b5374c8aec110f9f/element HTTP/1.1
User-Agent: selenium/4.1.2 (java windows)
Content-Length: 81
Content-Type: application/json; charset=utf-8
host: localhost:63571
accept: */*

Response DefaultHttpResponse(decodeResult: success, version: HTTP/1.1)
HTTP/1.1 200 OK
Content-Type: application/json; charset=utf-8
cache-control: no-cache
content-length: 88

15:38:32.378 [AsyncHttpClient-1-3] DEBUG org.asynchttpclient.netty.channel.ChannelManager - Adding key: http://localhost:63571 for channel [id: 0xe8d17167, L:/127.0.0.1:59095 - R:localhost/127.0.0.1:63571]
15:38:32.379 [Forwarding getElementTagName on session 23dc399a6bc335b7b5374c8aec110f9f to remote] DEBUG org.asynchttpclient.netty.request.NettyRequestSender - Using pooled Channel '[id: 0xe8d17167, L:/127.0.0.1:59095 - R:localhost/127.0.0.1:63571]' for 'GET' to 'http://localhost:63571/session/23dc399a6bc335b7b5374c8aec110f9f/element/96653c32-cd98-4baa-b504-c60208a46079/name'
15:38:32.379 [Forwarding getElementTagName on session 23dc399a6bc335b7b5374c8aec110f9f to remote] DEBUG org.asynchttpclient.netty.request.NettyRequestSender - Using open Channel [id: 0xe8d17167, L:/127.0.0.1:59095 - R:localhost/127.0.0.1:63571] for GET '/session/23dc399a6bc335b7b5374c8aec110f9f/element/96653c32-cd98-4baa-b504-c60208a46079/name'
15:38:32.390 [AsyncHttpClient-1-3] DEBUG org.asynchttpclient.netty.handler.HttpHandler - 

Request DefaultFullHttpRequest(decodeResult: success, version: HTTP/1.1, content: EmptyByteBufBE)
GET /session/23dc399a6bc335b7b5374c8aec110f9f/element/96653c32-cd98-4baa-b504-c60208a46079/name HTTP/1.1
User-Agent: selenium/4.1.2 (java windows)
Cache-Control: no-cache
Content-Type: application/json; charset=utf-8
host: localhost:63571
accept: */*

Response DefaultHttpResponse(decodeResult: success, version: HTTP/1.1)
HTTP/1.1 200 OK
Content-Type: application/json; charset=utf-8
cache-control: no-cache
content-length: 16

15:38:32.390 [AsyncHttpClient-1-3] DEBUG org.asynchttpclient.netty.channel.ChannelManager - Adding key: http://localhost:63571 for channel [id: 0xe8d17167, L:/127.0.0.1:59095 - R:localhost/127.0.0.1:63571]
15:38:32.392 [Forwarding getElementTagName on session 23dc399a6bc335b7b5374c8aec110f9f to remote] DEBUG org.asynchttpclient.netty.request.NettyRequestSender - Using pooled Channel '[id: 0xe8d17167, L:/127.0.0.1:59095 - R:localhost/127.0.0.1:63571]' for 'GET' to 'http://localhost:63571/session/23dc399a6bc335b7b5374c8aec110f9f/element/96653c32-cd98-4baa-b504-c60208a46079/name'
15:38:32.392 [Forwarding getElementTagName on session 23dc399a6bc335b7b5374c8aec110f9f to remote] DEBUG org.asynchttpclient.netty.request.NettyRequestSender - Using open Channel [id: 0xe8d17167, L:/127.0.0.1:59095 - R:localhost/127.0.0.1:63571] for GET '/session/23dc399a6bc335b7b5374c8aec110f9f/element/96653c32-cd98-4baa-b504-c60208a46079/name'
15:38:32.395 [AsyncHttpClient-1-3] DEBUG org.asynchttpclient.netty.handler.HttpHandler - 

Request DefaultFullHttpRequest(decodeResult: success, version: HTTP/1.1, content: EmptyByteBufBE)
GET /session/23dc399a6bc335b7b5374c8aec110f9f/element/96653c32-cd98-4baa-b504-c60208a46079/name HTTP/1.1
User-Agent: selenium/4.1.2 (java windows)
Cache-Control: no-cache
Content-Type: application/json; charset=utf-8
host: localhost:63571
accept: */*

Response DefaultHttpResponse(decodeResult: success, version: HTTP/1.1)
HTTP/1.1 200 OK
Content-Type: application/json; charset=utf-8
cache-control: no-cache
content-length: 16

15:38:32.395 [AsyncHttpClient-1-3] DEBUG org.asynchttpclient.netty.channel.ChannelManager - Adding key: http://localhost:63571 for channel [id: 0xe8d17167, L:/127.0.0.1:59095 - R:localhost/127.0.0.1:63571]
15:38:32.397 [Forwarding findElement on session 23dc399a6bc335b7b5374c8aec110f9f to remote] DEBUG org.asynchttpclient.netty.request.NettyRequestSender - Using pooled Channel '[id: 0xe8d17167, L:/127.0.0.1:59095 - R:localhost/127.0.0.1:63571]' for 'POST' to 'http://localhost:63571/session/23dc399a6bc335b7b5374c8aec110f9f/element'
15:38:32.397 [Forwarding findElement on session 23dc399a6bc335b7b5374c8aec110f9f to remote] DEBUG org.asynchttpclient.netty.request.NettyRequestSender - Using open Channel [id: 0xe8d17167, L:/127.0.0.1:59095 - R:localhost/127.0.0.1:63571] for POST '/session/23dc399a6bc335b7b5374c8aec110f9f/element'
15:38:32.422 [AsyncHttpClient-1-3] DEBUG org.asynchttpclient.netty.handler.HttpHandler - 

Request DefaultHttpRequest(decodeResult: success, version: HTTP/1.1)
POST /session/23dc399a6bc335b7b5374c8aec110f9f/element HTTP/1.1
User-Agent: selenium/4.1.2 (java windows)
Content-Length: 81
Content-Type: application/json; charset=utf-8
host: localhost:63571
accept: */*

Response DefaultHttpResponse(decodeResult: success, version: HTTP/1.1)
HTTP/1.1 200 OK
Content-Type: application/json; charset=utf-8
cache-control: no-cache
content-length: 88

15:38:32.422 [AsyncHttpClient-1-3] DEBUG org.asynchttpclient.netty.channel.ChannelManager - Adding key: http://localhost:63571 for channel [id: 0xe8d17167, L:/127.0.0.1:59095 - R:localhost/127.0.0.1:63571]
15:38:32.423 [Forwarding clickElement on session 23dc399a6bc335b7b5374c8aec110f9f to remote] DEBUG org.asynchttpclient.netty.request.NettyRequestSender - Using pooled Channel '[id: 0xe8d17167, L:/127.0.0.1:59095 - R:localhost/127.0.0.1:63571]' for 'POST' to 'http://localhost:63571/session/23dc399a6bc335b7b5374c8aec110f9f/element/96653c32-cd98-4baa-b504-c60208a46079/click'
15:38:32.423 [Forwarding clickElement on session 23dc399a6bc335b7b5374c8aec110f9f to remote] DEBUG org.asynchttpclient.netty.request.NettyRequestSender - Using open Channel [id: 0xe8d17167, L:/127.0.0.1:59095 - R:localhost/127.0.0.1:63571] for POST '/session/23dc399a6bc335b7b5374c8aec110f9f/element/96653c32-cd98-4baa-b504-c60208a46079/click'
15:38:32.617 [AsyncHttpClient-1-1] DEBUG org.asynchttpclient.netty.channel.DefaultChannelPool - Entry count for : http://localhost:59096 : 1
15:38:32.922 [AsyncHttpClient-1-3] DEBUG org.asynchttpclient.netty.handler.HttpHandler - 

Request DefaultHttpRequest(decodeResult: success, version: HTTP/1.1)
POST /session/23dc399a6bc335b7b5374c8aec110f9f/element/96653c32-cd98-4baa-b504-c60208a46079/click HTTP/1.1
User-Agent: selenium/4.1.2 (java windows)
Content-Length: 50
Content-Type: application/json; charset=utf-8
host: localhost:63571
accept: */*

Response DefaultHttpResponse(decodeResult: success, version: HTTP/1.1)
HTTP/1.1 200 OK
Content-Type: application/json; charset=utf-8
cache-control: no-cache
content-length: 14

15:38:32.923 [AsyncHttpClient-1-3] DEBUG org.asynchttpclient.netty.channel.ChannelManager - Adding key: http://localhost:63571 for channel [id: 0xe8d17167, L:/127.0.0.1:59095 - R:localhost/127.0.0.1:63571]
  &amp#27;[32mThen &amp#27;[0m&amp#27;[32mI click baby on the header&amp#27;[0m &amp#27;[90m# starter.stepdefinitions.BabyStep.iClickBabyOnTheHeader()&amp#27;[0m
15:38:32.934 [Forwarding screenshot on session 23dc399a6bc335b7b5374c8aec110f9f to remote] DEBUG org.asynchttpclient.netty.request.NettyRequestSender - Using pooled Channel '[id: 0xe8d17167, L:/127.0.0.1:59095 - R:localhost/127.0.0.1:63571]' for 'GET' to 'http://localhost:63571/session/23dc399a6bc335b7b5374c8aec110f9f/screenshot'
15:38:32.934 [Forwarding screenshot on session 23dc399a6bc335b7b5374c8aec110f9f to remote] DEBUG org.asynchttpclient.netty.request.NettyRequestSender - Using open Channel [id: 0xe8d17167, L:/127.0.0.1:59095 - R:localhost/127.0.0.1:63571] for GET '/session/23dc399a6bc335b7b5374c8aec110f9f/screenshot'
15:38:33.715 [AsyncHttpClient-1-1] DEBUG org.asynchttpclient.netty.channel.DefaultChannelPool - Entry count for : http://localhost:59096 : 1
15:38:33.922 [AsyncHttpClient-1-3] DEBUG org.asynchttpclient.netty.handler.HttpHandler - 

Request DefaultFullHttpRequest(decodeResult: success, version: HTTP/1.1, content: EmptyByteBufBE)
GET /session/23dc399a6bc335b7b5374c8aec110f9f/screenshot HTTP/1.1
User-Agent: selenium/4.1.2 (java windows)
Cache-Control: no-cache
Content-Type: application/json; charset=utf-8
host: localhost:63571
accept: */*

Response DefaultHttpResponse(decodeResult: success, version: HTTP/1.1)
HTTP/1.1 200 OK
Content-Type: application/json; charset=utf-8
cache-control: no-cache
content-length: 137768

15:38:33.923 [AsyncHttpClient-1-3] DEBUG org.asynchttpclient.netty.channel.ChannelManager - Adding key: http://localhost:63571 for channel [id: 0xe8d17167, L:/127.0.0.1:59095 - R:localhost/127.0.0.1:63571]
15:38:33.929 [main] DEBUG net.serenitybdd.core.photography.Darkroom - Send negative for processing for target\site\serenity\37af101072e9b6e41a69d45ddf2749772f130971aca673c38d9b6e7ce4577d51.png
15:38:33.930 [Darkroom Processing Line] DEBUG net.serenitybdd.core.photography.DarkroomProcessingLine - Processing screenshot image in /var/screenshots/screenshot-1715071448453884617
15:38:33.930 [Darkroom Processing Line] DEBUG net.serenitybdd.core.photography.DarkroomProcessingLine - Saving screenshot to target\site\serenity\37af101072e9b6e41a69d45ddf2749772f130971aca673c38d9b6e7ce4577d51.png
15:38:33.937 [Forwarding findElement on session 23dc399a6bc335b7b5374c8aec110f9f to remote] DEBUG org.asynchttpclient.netty.request.NettyRequestSender - Using pooled Channel '[id: 0xe8d17167, L:/127.0.0.1:59095 - R:localhost/127.0.0.1:63571]' for 'POST' to 'http://localhost:63571/session/23dc399a6bc335b7b5374c8aec110f9f/element'
15:38:33.937 [Forwarding findElement on session 23dc399a6bc335b7b5374c8aec110f9f to remote] DEBUG org.asynchttpclient.netty.request.NettyRequestSender - Using open Channel [id: 0xe8d17167, L:/127.0.0.1:59095 - R:localhost/127.0.0.1:63571] for POST '/session/23dc399a6bc335b7b5374c8aec110f9f/element'
15:38:33.948 [AsyncHttpClient-1-3] DEBUG org.asynchttpclient.netty.handler.HttpHandler - 

Request DefaultHttpRequest(decodeResult: success, version: HTTP/1.1)
POST /session/23dc399a6bc335b7b5374c8aec110f9f/element HTTP/1.1
User-Agent: selenium/4.1.2 (java windows)
Content-Length: 104
Content-Type: application/json; charset=utf-8
host: localhost:63571
accept: */*

Response DefaultHttpResponse(decodeResult: success, version: HTTP/1.1)
HTTP/1.1 200 OK
Content-Type: application/json; charset=utf-8
cache-control: no-cache
content-length: 88

15:38:33.948 [AsyncHttpClient-1-3] DEBUG org.asynchttpclient.netty.channel.ChannelManager - Adding key: http://localhost:63571 for channel [id: 0xe8d17167, L:/127.0.0.1:59095 - R:localhost/127.0.0.1:63571]
15:38:33.950 [Forwarding getElementTagName on session 23dc399a6bc335b7b5374c8aec110f9f to remote] DEBUG org.asynchttpclient.netty.request.NettyRequestSender - Using pooled Channel '[id: 0xe8d17167, L:/127.0.0.1:59095 - R:localhost/127.0.0.1:63571]' for 'GET' to 'http://localhost:63571/session/23dc399a6bc335b7b5374c8aec110f9f/element/21637ef6-ebb6-4f76-b887-5d70bcd661c9/name'
15:38:33.950 [Forwarding getElementTagName on session 23dc399a6bc335b7b5374c8aec110f9f to remote] DEBUG org.asynchttpclient.netty.request.NettyRequestSender - Using open Channel [id: 0xe8d17167, L:/127.0.0.1:59095 - R:localhost/127.0.0.1:63571] for GET '/session/23dc399a6bc335b7b5374c8aec110f9f/element/21637ef6-ebb6-4f76-b887-5d70bcd661c9/name'
15:38:33.953 [AsyncHttpClient-1-3] DEBUG org.asynchttpclient.netty.handler.HttpHandler - 

Request DefaultFullHttpRequest(decodeResult: success, version: HTTP/1.1, content: EmptyByteBufBE)
GET /session/23dc399a6bc335b7b5374c8aec110f9f/element/21637ef6-ebb6-4f76-b887-5d70bcd661c9/name HTTP/1.1
User-Agent: selenium/4.1.2 (java windows)
Cache-Control: no-cache
Content-Type: application/json; charset=utf-8
host: localhost:63571
accept: */*

Response DefaultHttpResponse(decodeResult: success, version: HTTP/1.1)
HTTP/1.1 200 OK
Content-Type: application/json; charset=utf-8
cache-control: no-cache
content-length: 16

15:38:33.953 [AsyncHttpClient-1-3] DEBUG org.asynchttpclient.netty.channel.ChannelManager - Adding key: http://localhost:63571 for channel [id: 0xe8d17167, L:/127.0.0.1:59095 - R:localhost/127.0.0.1:63571]
15:38:33.955 [Forwarding getElementTagName on session 23dc399a6bc335b7b5374c8aec110f9f to remote] DEBUG org.asynchttpclient.netty.request.NettyRequestSender - Using pooled Channel '[id: 0xe8d17167, L:/127.0.0.1:59095 - R:localhost/127.0.0.1:63571]' for 'GET' to 'http://localhost:63571/session/23dc399a6bc335b7b5374c8aec110f9f/element/21637ef6-ebb6-4f76-b887-5d70bcd661c9/name'
15:38:33.955 [Forwarding getElementTagName on session 23dc399a6bc335b7b5374c8aec110f9f to remote] DEBUG org.asynchttpclient.netty.request.NettyRequestSender - Using open Channel [id: 0xe8d17167, L:/127.0.0.1:59095 - R:localhost/127.0.0.1:63571] for GET '/session/23dc399a6bc335b7b5374c8aec110f9f/element/21637ef6-ebb6-4f76-b887-5d70bcd661c9/name'
15:38:33.958 [AsyncHttpClient-1-3] DEBUG org.asynchttpclient.netty.handler.HttpHandler - 

Request DefaultFullHttpRequest(decodeResult: success, version: HTTP/1.1, content: EmptyByteBufBE)
GET /session/23dc399a6bc335b7b5374c8aec110f9f/element/21637ef6-ebb6-4f76-b887-5d70bcd661c9/name HTTP/1.1
User-Agent: selenium/4.1.2 (java windows)
Cache-Control: no-cache
Content-Type: application/json; charset=utf-8
host: localhost:63571
accept: */*

Response DefaultHttpResponse(decodeResult: success, version: HTTP/1.1)
HTTP/1.1 200 OK
Content-Type: application/json; charset=utf-8
cache-control: no-cache
content-length: 16

15:38:33.958 [AsyncHttpClient-1-3] DEBUG org.asynchttpclient.netty.channel.ChannelManager - Adding key: http://localhost:63571 for channel [id: 0xe8d17167, L:/127.0.0.1:59095 - R:localhost/127.0.0.1:63571]
15:38:33.961 [Forwarding findElement on session 23dc399a6bc335b7b5374c8aec110f9f to remote] DEBUG org.asynchttpclient.netty.request.NettyRequestSender - Using pooled Channel '[id: 0xe8d17167, L:/127.0.0.1:59095 - R:localhost/127.0.0.1:63571]' for 'POST' to 'http://localhost:63571/session/23dc399a6bc335b7b5374c8aec110f9f/element'
15:38:33.961 [Forwarding findElement on session 23dc399a6bc335b7b5374c8aec110f9f to remote] DEBUG org.asynchttpclient.netty.request.NettyRequestSender - Using open Channel [id: 0xe8d17167, L:/127.0.0.1:59095 - R:localhost/127.0.0.1:63571] for POST '/session/23dc399a6bc335b7b5374c8aec110f9f/element'
15:38:33.969 [AsyncHttpClient-1-3] DEBUG org.asynchttpclient.netty.handler.HttpHandler - 

Request DefaultHttpRequest(decodeResult: success, version: HTTP/1.1)
POST /session/23dc399a6bc335b7b5374c8aec110f9f/element HTTP/1.1
User-Agent: selenium/4.1.2 (java windows)
Content-Length: 104
Content-Type: application/json; charset=utf-8
host: localhost:63571
accept: */*

Response DefaultHttpResponse(decodeResult: success, version: HTTP/1.1)
HTTP/1.1 200 OK
Content-Type: application/json; charset=utf-8
cache-control: no-cache
content-length: 88

15:38:33.969 [AsyncHttpClient-1-3] DEBUG org.asynchttpclient.netty.channel.ChannelManager - Adding key: http://localhost:63571 for channel [id: 0xe8d17167, L:/127.0.0.1:59095 - R:localhost/127.0.0.1:63571]
15:38:33.971 [Forwarding clickElement on session 23dc399a6bc335b7b5374c8aec110f9f to remote] DEBUG org.asynchttpclient.netty.request.NettyRequestSender - Using pooled Channel '[id: 0xe8d17167, L:/127.0.0.1:59095 - R:localhost/127.0.0.1:63571]' for 'POST' to 'http://localhost:63571/session/23dc399a6bc335b7b5374c8aec110f9f/element/21637ef6-ebb6-4f76-b887-5d70bcd661c9/click'
15:38:33.971 [Forwarding clickElement on session 23dc399a6bc335b7b5374c8aec110f9f to remote] DEBUG org.asynchttpclient.netty.request.NettyRequestSender - Using open Channel [id: 0xe8d17167, L:/127.0.0.1:59095 - R:localhost/127.0.0.1:63571] for POST '/session/23dc399a6bc335b7b5374c8aec110f9f/element/21637ef6-ebb6-4f76-b887-5d70bcd661c9/click'
15:38:34.197 [AsyncHttpClient-1-3] DEBUG org.asynchttpclient.netty.handler.HttpHandler - 

Request DefaultHttpRequest(decodeResult: success, version: HTTP/1.1)
POST /session/23dc399a6bc335b7b5374c8aec110f9f/element/21637ef6-ebb6-4f76-b887-5d70bcd661c9/click HTTP/1.1
User-Agent: selenium/4.1.2 (java windows)
Content-Length: 50
Content-Type: application/json; charset=utf-8
host: localhost:63571
accept: */*

Response DefaultHttpResponse(decodeResult: success, version: HTTP/1.1)
HTTP/1.1 200 OK
Content-Type: application/json; charset=utf-8
cache-control: no-cache
content-length: 14

15:38:34.197 [AsyncHttpClient-1-3] DEBUG org.asynchttpclient.netty.channel.ChannelManager - Adding key: http://localhost:63571 for channel [id: 0xe8d17167, L:/127.0.0.1:59095 - R:localhost/127.0.0.1:63571]
  &amp#27;[32mWhen &amp#27;[0m&amp#27;[32mI will go to &amp#27;[0m&amp#27;[32m&amp#27;[1m"Airism1"&amp#27;[0m     &amp#27;[90m# starter.stepdefinitions.BabyStep.iWillGoTo(java.lang.String)&amp#27;[0m
15:38:34.207 [Forwarding screenshot on session 23dc399a6bc335b7b5374c8aec110f9f to remote] DEBUG org.asynchttpclient.netty.request.NettyRequestSender - Using pooled Channel '[id: 0xe8d17167, L:/127.0.0.1:59095 - R:localhost/127.0.0.1:63571]' for 'GET' to 'http://localhost:63571/session/23dc399a6bc335b7b5374c8aec110f9f/screenshot'
15:38:34.207 [Forwarding screenshot on session 23dc399a6bc335b7b5374c8aec110f9f to remote] DEBUG org.asynchttpclient.netty.request.NettyRequestSender - Using open Channel [id: 0xe8d17167, L:/127.0.0.1:59095 - R:localhost/127.0.0.1:63571] for GET '/session/23dc399a6bc335b7b5374c8aec110f9f/screenshot'
15:38:34.630 [AsyncHttpClient-1-3] DEBUG org.asynchttpclient.netty.handler.HttpHandler - 

Request DefaultFullHttpRequest(decodeResult: success, version: HTTP/1.1, content: EmptyByteBufBE)
GET /session/23dc399a6bc335b7b5374c8aec110f9f/screenshot HTTP/1.1
User-Agent: selenium/4.1.2 (java windows)
Cache-Control: no-cache
Content-Type: application/json; charset=utf-8
host: localhost:63571
accept: */*

Response DefaultHttpResponse(decodeResult: success, version: HTTP/1.1)
HTTP/1.1 200 OK
Content-Type: application/json; charset=utf-8
cache-control: no-cache
content-length: 57044

15:38:34.630 [AsyncHttpClient-1-3] DEBUG org.asynchttpclient.netty.channel.ChannelManager - Adding key: http://localhost:63571 for channel [id: 0xe8d17167, L:/127.0.0.1:59095 - R:localhost/127.0.0.1:63571]
15:38:34.634 [main] DEBUG net.serenitybdd.core.photography.Darkroom - Send negative for processing for target\site\serenity\77115cf5b0d9ebfe269b7ade4c5b6c9380b319f770a6cd105d6beaea493ff8eb.png
15:38:34.635 [Darkroom Processing Line] DEBUG net.serenitybdd.core.photography.DarkroomProcessingLine - Processing screenshot image in /var/screenshots/screenshot-15628485831099784808
15:38:34.635 [Darkroom Processing Line] DEBUG net.serenitybdd.core.photography.DarkroomProcessingLine - Saving screenshot to target\site\serenity\77115cf5b0d9ebfe269b7ade4c5b6c9380b319f770a6cd105d6beaea493ff8eb.png
  &amp#27;[32mAnd &amp#27;[0m&amp#27;[32mI &amp#27;[0m&amp#27;[32m&amp#27;[1m""&amp#27;[0m&amp#27;[32m page&amp#27;[0m                   &amp#27;[90m# starter.stepdefinitions.BabyStep.iPage(java.lang.String)&amp#27;[0m
15:38:34.657 [AsyncHttpClient-1-5] DEBUG org.asynchttpclient.netty.handler.WebSocketHandler - Channel Closed: [id: 0xec5ed150, L:/127.0.0.1:59103 ! R:localhost/127.0.0.1:59096] with attribute NettyResponseFuture{currentRetry=5,
	isDone=1,
	isCancelled=0,
	asyncHandler=org.asynchttpclient.ws.WebSocketUpgradeHandler@537b025c,
	nettyRequest=org.asynchttpclient.netty.request.NettyRequest@6639836f,
	future=java.util.concurrent.CompletableFuture@247a0dae[Completed normally],
	uri=ws://localhost:59096/devtools/browser/ac6ed89e-8ba8-418f-b81b-6081be0ff25e,
	keepAlive=true,
	redirectCount=0,
	timeoutsHolder=null,
	inAuth=0,
	touch=1680683904968}
15:38:34.657 [AsyncHttpClient-1-5] DEBUG org.asynchttpclient.netty.channel.ChannelManager - Closing Channel [id: 0xec5ed150, L:/127.0.0.1:59103 ! R:localhost/127.0.0.1:59096] 
15:38:34.657 [Driver Command Executor] DEBUG org.asynchttpclient.netty.request.NettyRequestSender - Using pooled Channel '[id: 0xe8d17167, L:/127.0.0.1:59095 - R:localhost/127.0.0.1:63571]' for 'DELETE' to 'http://localhost:63571/session/23dc399a6bc335b7b5374c8aec110f9f'
15:38:34.657 [Driver Command Executor] DEBUG org.asynchttpclient.netty.request.NettyRequestSender - Using open Channel [id: 0xe8d17167, L:/127.0.0.1:59095 - R:localhost/127.0.0.1:63571] for DELETE '/session/23dc399a6bc335b7b5374c8aec110f9f'
15:38:34.699 [AsyncHttpClient-1-4] DEBUG org.asynchttpclient.netty.handler.HttpHandler - Unexpected I/O exception on channel [id: 0x1316a0e9, L:/127.0.0.1:59102 - R:localhost/127.0.0.1:59096]
java.net.SocketException: Connection reset
	at java.base/sun.nio.ch.SocketChannelImpl.throwConnectionReset(SocketChannelImpl.java:345)
	at java.base/sun.nio.ch.SocketChannelImpl.read(SocketChannelImpl.java:376)
	at io.netty.buffer.PooledByteBuf.setBytes(PooledByteBuf.java:258)
	at io.netty.buffer.AbstractByteBuf.writeBytes(AbstractByteBuf.java:1132)
	at io.netty.channel.socket.nio.NioSocketChannel.doReadBytes(NioSocketChannel.java:350)
	at io.netty.channel.nio.AbstractNioByteChannel$NioByteUnsafe.read(AbstractNioByteChannel.java:151)
	at io.netty.channel.nio.NioEventLoop.processSelectedKey(NioEventLoop.java:722)
	at io.netty.channel.nio.NioEventLoop.processSelectedKeysOptimized(NioEventLoop.java:658)
	at io.netty.channel.nio.NioEventLoop.processSelectedKeys(NioEventLoop.java:584)
	at io.netty.channel.nio.NioEventLoop.run(NioEventLoop.java:496)
	at io.netty.util.concurrent.SingleThreadEventExecutor$4.run(SingleThreadEventExecutor.java:986)
	at io.netty.util.internal.ThreadExecutorMap$2.run(ThreadExecutorMap.java:74)
	at io.netty.util.concurrent.FastThreadLocalRunnable.run(FastThreadLocalRunnable.java:30)
	at java.base/java.lang.Thread.run(Thread.java:830)
15:38:34.700 [AsyncHttpClient-1-4] DEBUG org.asynchttpclient.netty.channel.ChannelManager - Closing Channel [id: 0x1316a0e9, L:/127.0.0.1:59102 - R:localhost/127.0.0.1:59096] 
15:38:34.700 [AsyncHttpClient-1-4] DEBUG org.asynchttpclient.netty.handler.HttpHandler - Channel Closed: [id: 0x1316a0e9, L:/127.0.0.1:59102 ! R:localhost/127.0.0.1:59096] with attribute DISCARD
15:38:34.731 [AsyncHttpClient-1-3] DEBUG org.asynchttpclient.netty.handler.HttpHandler - 

Request DefaultFullHttpRequest(decodeResult: success, version: HTTP/1.1, content: EmptyByteBufBE)
DELETE /session/23dc399a6bc335b7b5374c8aec110f9f HTTP/1.1
User-Agent: selenium/4.1.2 (java windows)
Content-Type: application/json; charset=utf-8
host: localhost:63571
accept: */*

Response DefaultHttpResponse(decodeResult: success, version: HTTP/1.1)
HTTP/1.1 200 OK
Content-Type: application/json; charset=utf-8
cache-control: no-cache
content-length: 14

15:38:34.731 [AsyncHttpClient-1-3] DEBUG org.asynchttpclient.netty.channel.ChannelManager - Adding key: http://localhost:63571 for channel [id: 0xe8d17167, L:/127.0.0.1:59095 - R:localhost/127.0.0.1:63571]
15:38:34.819 [AsyncHttpClient-1-1] DEBUG org.asynchttpclient.netty.channel.DefaultChannelPool - Entry count for : http://localhost:59096 : 1
15:38:34.819 [AsyncHttpClient-1-1] DEBUG org.asynchttpclient.netty.channel.DefaultChannelPool - Entry count for : http://localhost:63571 : 1
15:38:34.819 [AsyncHttpClient-1-1] DEBUG org.asynchttpclient.netty.channel.DefaultChannelPool - Adding Candidate expired Channel [id: 0x1316a0e9, L:/127.0.0.1:59102 ! R:localhost/127.0.0.1:59096] isIdleTimeoutExpired=false isRemotelyClosed=true isTtlExpired=false
15:38:34.819 [AsyncHttpClient-1-1] DEBUG org.asynchttpclient.netty.channel.DefaultChannelPool - Closing Idle Channel [id: 0x1316a0e9, L:/127.0.0.1:59102 ! R:localhost/127.0.0.1:59096]
15:38:34.819 [AsyncHttpClient-1-1] DEBUG org.asynchttpclient.netty.channel.DefaultChannelPool - Closed 1 connections out of 2 in 0 ms
15:38:34.869 [AsyncHttpClient-1-3] DEBUG org.asynchttpclient.netty.handler.HttpHandler - Channel Closed: [id: 0xe8d17167, L:/127.0.0.1:59095 ! R:localhost/127.0.0.1:63571] with attribute DISCARD
]]></system-out>
    <system-err><![CDATA[Starting Microsoft Edge WebDriver 111.0.1661.62 (0a8f453929e6410c973aa529a40485ce4e3e03db) on port 63571
To submit feedback, report a bug, or suggest new features, please visit https://github.com/MicrosoftEdge/EdgeWebDriver

Only local connections are allowed.
Please see https://aka.ms/WebDriverSecurity for suggestions on keeping Microsoft Edge WebDriver safe.

Microsoft Edge WebDriver was started successfully.
Apr 05, 2023 3:38:24 PM org.openqa.selenium.remote.ProtocolHandshake createSession
INFO: Detected dialect: W3C
Apr 05, 2023 3:38:24 PM org.openqa.selenium.devtools.CdpVersionFinder findNearestMatch
WARNING: Unable to find an exact match for CDP version 111, so returning the closest version found: a no-op implementation
Apr 05, 2023 3:38:24 PM org.openqa.selenium.devtools.CdpVersionFinder findNearestMatch
INFO: Unable to find CDP implementation matching 111.
Apr 05, 2023 3:38:24 PM org.openqa.selenium.chromium.ChromiumDriver lambda$new$3
WARNING: Unable to find version of CDP to use for . You may need to include a dependency on a specific version of the CDP using something similar to `org.seleniumhq.selenium:selenium-devtools-v86:4.1.2` where the version ("v86") matches the version of the chromium-based browser you're using and the version number of the artifact is the same as Selenium's.
]]></system-err>
  </testcase>
  <testcase name="Fitur Menu Baby #13" classname="Baby" time="11.535">
    <system-out><![CDATA[
Scenario Outline: Fitur Menu Baby &amp#27;[90m# src/test/resources/features/Baby.feature:105&amp#27;[0m
15:38:35.456 [main] INFO io.cucumber.core.plugin.SerenityReporter - Running feature from file:///C:/Users/alwi/IdeaProjects/uniqloweb/src/test/resources/features/Baby.feature
15:38:35.598 [main] DEBUG io.github.bonigarcia.wdm.cache.ResolutionCache - Resolution edge=111 in cache (valid until 16:17:30 05/04/2023 WIB)
15:38:35.602 [main] DEBUG io.github.bonigarcia.wdm.cache.ResolutionCache - Resolution edge111=111.0.1661.62 in cache (valid until 15:17:30 06/04/2023 WIB)
15:38:35.603 [main] INFO io.github.bonigarcia.wdm.WebDriverManager - Using msedgedriver 111.0.1661.62 (resolved driver for Edge 111)
15:38:35.615 [main] DEBUG io.github.bonigarcia.wdm.WebDriverManager - Driver msedgedriver 111.0.1661.62 found in cache
15:38:35.615 [main] INFO io.github.bonigarcia.wdm.WebDriverManager - Exporting webdriver.edge.driver as C:\Users\alwi\.cache\selenium\msedgedriver\win64\111.0.1661.62\msedgedriver.exe
15:38:35.617 [main] DEBUG net.serenitybdd.core.webdriver.driverproviders.ProvideNewDriver - Instantiating driver
15:38:35.617 [main] DEBUG net.serenitybdd.core.webdriver.driverproviders.ProvideNewDriver - Driver capabilities: Capabilities {base.url: https://www.uniqlo.com, chrome.driver: src/test/resources/webdrive..., driver: edge, ms:edgeChromium: true, ms:edgeOptions: {}, wait.for.timeout: 6000}
15:38:35.915 [AsyncHttpClient-1-1] DEBUG org.asynchttpclient.netty.channel.DefaultChannelPool - Entry count for : http://localhost:63571 : 1
15:38:35.915 [AsyncHttpClient-1-1] DEBUG org.asynchttpclient.netty.channel.DefaultChannelPool - Adding Candidate expired Channel [id: 0xe8d17167, L:/127.0.0.1:59095 ! R:localhost/127.0.0.1:63571] isIdleTimeoutExpired=false isRemotelyClosed=true isTtlExpired=false
15:38:35.915 [AsyncHttpClient-1-1] DEBUG org.asynchttpclient.netty.channel.DefaultChannelPool - Closing Idle Channel [id: 0xe8d17167, L:/127.0.0.1:59095 ! R:localhost/127.0.0.1:63571]
15:38:35.915 [AsyncHttpClient-1-1] DEBUG org.asynchttpclient.netty.channel.DefaultChannelPool - Closed 1 connections out of 1 in 0 ms
15:38:36.150 [AsyncHttpClient-1-6] DEBUG org.asynchttpclient.netty.channel.NettyConnectListener - Using new Channel '[id: 0x8dd847fa, L:/127.0.0.1:59226 - R:localhost/127.0.0.1:49334]' for 'POST' to '/session'
15:38:36.783 [AsyncHttpClient-1-6] DEBUG org.asynchttpclient.netty.handler.HttpHandler - 

Request DefaultHttpRequest(decodeResult: success, version: HTTP/1.1)
POST /session HTTP/1.1
User-Agent: selenium/4.1.2 (java windows)
Content-Length: 627
Content-Type: application/json; charset=utf-8
host: localhost:49334
accept: */*

Response DefaultHttpResponse(decodeResult: success, version: HTTP/1.1)
HTTP/1.1 200 OK
Content-Type: application/json; charset=utf-8
cache-control: no-cache
content-length: 823

15:38:36.784 [AsyncHttpClient-1-6] DEBUG org.asynchttpclient.netty.channel.ChannelManager - Adding key: http://localhost:49334 for channel [id: 0x8dd847fa, L:/127.0.0.1:59226 - R:localhost/127.0.0.1:49334]
15:38:36.788 [AsyncHttpClient-1-7] DEBUG org.asynchttpclient.netty.channel.NettyConnectListener - Using new Channel '[id: 0x4f0bbd7f, L:/127.0.0.1:59234 - R:localhost/127.0.0.1:59228]' for 'GET' to '/json/version'
15:38:36.789 [AsyncHttpClient-1-7] DEBUG org.asynchttpclient.netty.handler.HttpHandler - 

Request DefaultFullHttpRequest(decodeResult: success, version: HTTP/1.1, content: EmptyByteBufBE)
GET /json/version HTTP/1.1
User-Agent: selenium/4.1.2 (java windows)
host: localhost:59228
accept: */*

Response DefaultHttpResponse(decodeResult: success, version: HTTP/1.1)
HTTP/1.1 200 OK
Content-Security-Policy: frame-ancestors 'none'
Content-Type: application/json; charset=UTF-8
content-length: 436

15:38:36.789 [AsyncHttpClient-1-7] DEBUG org.asynchttpclient.netty.channel.ChannelManager - Adding key: http://localhost:59228 for channel [id: 0x4f0bbd7f, L:/127.0.0.1:59234 - R:localhost/127.0.0.1:59228]
15:38:36.791 [AsyncHttpClient-1-8] DEBUG org.asynchttpclient.netty.channel.NettyConnectListener - Using new Channel '[id: 0x7deb3251, L:/127.0.0.1:59235 - R:localhost/127.0.0.1:59228]' for 'GET' to '/devtools/browser/ff3894c0-027b-4dde-acae-031f17504113'
15:38:36.791 [AsyncHttpClient-1-8] DEBUG org.asynchttpclient.netty.handler.WebSocketHandler - 

Request DefaultFullHttpRequest(decodeResult: success, version: HTTP/1.1, content: EmptyByteBufBE)
GET /devtools/browser/ff3894c0-027b-4dde-acae-031f17504113 HTTP/1.1
upgrade: websocket
connection: upgrade
sec-websocket-key: YkM2RoefSTJv2Jz2QelaAA==
sec-websocket-version: 13
origin: http://localhost:59228
host: localhost:59228
accept: */*
user-agent: AHC/2.1

Response DefaultHttpResponse(decodeResult: success, version: HTTP/1.1)
HTTP/1.1 101 WebSocket Protocol Handshake
Upgrade: WebSocket
Connection: Upgrade
Sec-WebSocket-Accept: d3Hp9DuXtpRp2mjHqOm5q56+s1c=

15:38:36.795 [Forwarding get on session 8e309f2d752683c88cfb1a2e7eb731bd to remote] DEBUG org.asynchttpclient.netty.request.NettyRequestSender - Using pooled Channel '[id: 0x8dd847fa, L:/127.0.0.1:59226 - R:localhost/127.0.0.1:49334]' for 'POST' to 'http://localhost:49334/session/8e309f2d752683c88cfb1a2e7eb731bd/url'
15:38:36.795 [Forwarding get on session 8e309f2d752683c88cfb1a2e7eb731bd to remote] DEBUG org.asynchttpclient.netty.request.NettyRequestSender - Using open Channel [id: 0x8dd847fa, L:/127.0.0.1:59226 - R:localhost/127.0.0.1:49334] for POST '/session/8e309f2d752683c88cfb1a2e7eb731bd/url'
15:38:37.016 [AsyncHttpClient-1-1] DEBUG org.asynchttpclient.netty.channel.DefaultChannelPool - Entry count for : http://localhost:59228 : 1
15:38:38.116 [AsyncHttpClient-1-1] DEBUG org.asynchttpclient.netty.channel.DefaultChannelPool - Entry count for : http://localhost:59228 : 1
15:38:39.215 [AsyncHttpClient-1-1] DEBUG org.asynchttpclient.netty.channel.DefaultChannelPool - Entry count for : http://localhost:59228 : 1
15:38:40.316 [AsyncHttpClient-1-1] DEBUG org.asynchttpclient.netty.channel.DefaultChannelPool - Entry count for : http://localhost:59228 : 1
15:38:41.415 [AsyncHttpClient-1-1] DEBUG org.asynchttpclient.netty.channel.DefaultChannelPool - Entry count for : http://localhost:59228 : 1
15:38:42.519 [AsyncHttpClient-1-1] DEBUG org.asynchttpclient.netty.channel.DefaultChannelPool - Entry count for : http://localhost:59228 : 1
15:38:43.616 [AsyncHttpClient-1-1] DEBUG org.asynchttpclient.netty.channel.DefaultChannelPool - Entry count for : http://localhost:59228 : 1
15:38:43.837 [AsyncHttpClient-1-6] DEBUG org.asynchttpclient.netty.handler.HttpHandler - 

Request DefaultHttpRequest(decodeResult: success, version: HTTP/1.1)
POST /session/8e309f2d752683c88cfb1a2e7eb731bd/url HTTP/1.1
User-Agent: selenium/4.1.2 (java windows)
Content-Length: 53
Content-Type: application/json; charset=utf-8
host: localhost:49334
accept: */*

Response DefaultHttpResponse(decodeResult: success, version: HTTP/1.1)
HTTP/1.1 200 OK
Content-Type: application/json; charset=utf-8
cache-control: no-cache
content-length: 14

15:38:43.837 [AsyncHttpClient-1-6] DEBUG org.asynchttpclient.netty.channel.ChannelManager - Adding key: http://localhost:49334 for channel [id: 0x8dd847fa, L:/127.0.0.1:59226 - R:localhost/127.0.0.1:49334]
15:38:43.838 [Forwarding setTimeout on session 8e309f2d752683c88cfb1a2e7eb731bd to remote] DEBUG org.asynchttpclient.netty.request.NettyRequestSender - Using pooled Channel '[id: 0x8dd847fa, L:/127.0.0.1:59226 - R:localhost/127.0.0.1:49334]' for 'POST' to 'http://localhost:49334/session/8e309f2d752683c88cfb1a2e7eb731bd/timeouts'
15:38:43.838 [Forwarding setTimeout on session 8e309f2d752683c88cfb1a2e7eb731bd to remote] DEBUG org.asynchttpclient.netty.request.NettyRequestSender - Using open Channel [id: 0x8dd847fa, L:/127.0.0.1:59226 - R:localhost/127.0.0.1:49334] for POST '/session/8e309f2d752683c88cfb1a2e7eb731bd/timeouts'
15:38:43.839 [AsyncHttpClient-1-6] DEBUG org.asynchttpclient.netty.handler.HttpHandler - 

Request DefaultHttpRequest(decodeResult: success, version: HTTP/1.1)
POST /session/8e309f2d752683c88cfb1a2e7eb731bd/timeouts HTTP/1.1
User-Agent: selenium/4.1.2 (java windows)
Content-Length: 22
Content-Type: application/json; charset=utf-8
host: localhost:49334
accept: */*

Response DefaultHttpResponse(decodeResult: success, version: HTTP/1.1)
HTTP/1.1 200 OK
Content-Type: application/json; charset=utf-8
cache-control: no-cache
content-length: 14

15:38:43.840 [AsyncHttpClient-1-6] DEBUG org.asynchttpclient.netty.channel.ChannelManager - Adding key: http://localhost:49334 for channel [id: 0x8dd847fa, L:/127.0.0.1:59226 - R:localhost/127.0.0.1:49334]
15:38:43.843 [Forwarding getCurrentUrl on session 8e309f2d752683c88cfb1a2e7eb731bd to remote] DEBUG org.asynchttpclient.netty.request.NettyRequestSender - Using pooled Channel '[id: 0x8dd847fa, L:/127.0.0.1:59226 - R:localhost/127.0.0.1:49334]' for 'GET' to 'http://localhost:49334/session/8e309f2d752683c88cfb1a2e7eb731bd/url'
15:38:43.843 [Forwarding getCurrentUrl on session 8e309f2d752683c88cfb1a2e7eb731bd to remote] DEBUG org.asynchttpclient.netty.request.NettyRequestSender - Using open Channel [id: 0x8dd847fa, L:/127.0.0.1:59226 - R:localhost/127.0.0.1:49334] for GET '/session/8e309f2d752683c88cfb1a2e7eb731bd/url'
15:38:43.849 [AsyncHttpClient-1-6] DEBUG org.asynchttpclient.netty.handler.HttpHandler - 

Request DefaultFullHttpRequest(decodeResult: success, version: HTTP/1.1, content: EmptyByteBufBE)
GET /session/8e309f2d752683c88cfb1a2e7eb731bd/url HTTP/1.1
User-Agent: selenium/4.1.2 (java windows)
Cache-Control: no-cache
Content-Type: application/json; charset=utf-8
host: localhost:49334
accept: */*

Response DefaultHttpResponse(decodeResult: success, version: HTTP/1.1)
HTTP/1.1 200 OK
Content-Type: application/json; charset=utf-8
cache-control: no-cache
content-length: 41

15:38:43.849 [AsyncHttpClient-1-6] DEBUG org.asynchttpclient.netty.channel.ChannelManager - Adding key: http://localhost:49334 for channel [id: 0x8dd847fa, L:/127.0.0.1:59226 - R:localhost/127.0.0.1:49334]
  &amp#27;[32mGiven &amp#27;[0m&amp#27;[32mI am on the home page&amp#27;[0m     &amp#27;[90m# starter.stepdefinitions.BabyStep.iAmOnTheHomePage()&amp#27;[0m
15:38:43.854 [Forwarding screenshot on session 8e309f2d752683c88cfb1a2e7eb731bd to remote] DEBUG org.asynchttpclient.netty.request.NettyRequestSender - Using pooled Channel '[id: 0x8dd847fa, L:/127.0.0.1:59226 - R:localhost/127.0.0.1:49334]' for 'GET' to 'http://localhost:49334/session/8e309f2d752683c88cfb1a2e7eb731bd/screenshot'
15:38:43.854 [Forwarding screenshot on session 8e309f2d752683c88cfb1a2e7eb731bd to remote] DEBUG org.asynchttpclient.netty.request.NettyRequestSender - Using open Channel [id: 0x8dd847fa, L:/127.0.0.1:59226 - R:localhost/127.0.0.1:49334] for GET '/session/8e309f2d752683c88cfb1a2e7eb731bd/screenshot'
15:38:44.195 [AsyncHttpClient-1-6] DEBUG org.asynchttpclient.netty.handler.HttpHandler - 

Request DefaultFullHttpRequest(decodeResult: success, version: HTTP/1.1, content: EmptyByteBufBE)
GET /session/8e309f2d752683c88cfb1a2e7eb731bd/screenshot HTTP/1.1
User-Agent: selenium/4.1.2 (java windows)
Cache-Control: no-cache
Content-Type: application/json; charset=utf-8
host: localhost:49334
accept: */*

Response DefaultHttpResponse(decodeResult: success, version: HTTP/1.1)
HTTP/1.1 200 OK
Content-Type: application/json; charset=utf-8
cache-control: no-cache
content-length: 1119968

15:38:44.198 [AsyncHttpClient-1-6] DEBUG org.asynchttpclient.netty.channel.ChannelManager - Adding key: http://localhost:49334 for channel [id: 0x8dd847fa, L:/127.0.0.1:59226 - R:localhost/127.0.0.1:49334]
15:38:44.233 [main] DEBUG net.serenitybdd.core.photography.Darkroom - Send negative for processing for target\site\serenity\3d1b19ad31921c0beae4332facd941fcc81467ad5802877977ec6c100df601ce.png
15:38:44.247 [Forwarding findElement on session 8e309f2d752683c88cfb1a2e7eb731bd to remote] DEBUG org.asynchttpclient.netty.request.NettyRequestSender - Using pooled Channel '[id: 0x8dd847fa, L:/127.0.0.1:59226 - R:localhost/127.0.0.1:49334]' for 'POST' to 'http://localhost:49334/session/8e309f2d752683c88cfb1a2e7eb731bd/element'
15:38:44.247 [Forwarding findElement on session 8e309f2d752683c88cfb1a2e7eb731bd to remote] DEBUG org.asynchttpclient.netty.request.NettyRequestSender - Using open Channel [id: 0x8dd847fa, L:/127.0.0.1:59226 - R:localhost/127.0.0.1:49334] for POST '/session/8e309f2d752683c88cfb1a2e7eb731bd/element'
15:38:44.266 [AsyncHttpClient-1-6] DEBUG org.asynchttpclient.netty.handler.HttpHandler - 

Request DefaultHttpRequest(decodeResult: success, version: HTTP/1.1)
POST /session/8e309f2d752683c88cfb1a2e7eb731bd/element HTTP/1.1
User-Agent: selenium/4.1.2 (java windows)
Content-Length: 81
Content-Type: application/json; charset=utf-8
host: localhost:49334
accept: */*

Response DefaultHttpResponse(decodeResult: success, version: HTTP/1.1)
HTTP/1.1 200 OK
Content-Type: application/json; charset=utf-8
cache-control: no-cache
content-length: 88

15:38:44.266 [AsyncHttpClient-1-6] DEBUG org.asynchttpclient.netty.channel.ChannelManager - Adding key: http://localhost:49334 for channel [id: 0x8dd847fa, L:/127.0.0.1:59226 - R:localhost/127.0.0.1:49334]
15:38:44.268 [Forwarding getElementTagName on session 8e309f2d752683c88cfb1a2e7eb731bd to remote] DEBUG org.asynchttpclient.netty.request.NettyRequestSender - Using pooled Channel '[id: 0x8dd847fa, L:/127.0.0.1:59226 - R:localhost/127.0.0.1:49334]' for 'GET' to 'http://localhost:49334/session/8e309f2d752683c88cfb1a2e7eb731bd/element/65b741e3-235d-4a2c-831b-4180e7328318/name'
15:38:44.268 [Forwarding getElementTagName on session 8e309f2d752683c88cfb1a2e7eb731bd to remote] DEBUG org.asynchttpclient.netty.request.NettyRequestSender - Using open Channel [id: 0x8dd847fa, L:/127.0.0.1:59226 - R:localhost/127.0.0.1:49334] for GET '/session/8e309f2d752683c88cfb1a2e7eb731bd/element/65b741e3-235d-4a2c-831b-4180e7328318/name'
15:38:44.271 [AsyncHttpClient-1-6] DEBUG org.asynchttpclient.netty.handler.HttpHandler - 

Request DefaultFullHttpRequest(decodeResult: success, version: HTTP/1.1, content: EmptyByteBufBE)
GET /session/8e309f2d752683c88cfb1a2e7eb731bd/element/65b741e3-235d-4a2c-831b-4180e7328318/name HTTP/1.1
User-Agent: selenium/4.1.2 (java windows)
Cache-Control: no-cache
Content-Type: application/json; charset=utf-8
host: localhost:49334
accept: */*

Response DefaultHttpResponse(decodeResult: success, version: HTTP/1.1)
HTTP/1.1 200 OK
Content-Type: application/json; charset=utf-8
cache-control: no-cache
content-length: 16

15:38:44.271 [AsyncHttpClient-1-6] DEBUG org.asynchttpclient.netty.channel.ChannelManager - Adding key: http://localhost:49334 for channel [id: 0x8dd847fa, L:/127.0.0.1:59226 - R:localhost/127.0.0.1:49334]
15:38:44.273 [Forwarding getElementTagName on session 8e309f2d752683c88cfb1a2e7eb731bd to remote] DEBUG org.asynchttpclient.netty.request.NettyRequestSender - Using pooled Channel '[id: 0x8dd847fa, L:/127.0.0.1:59226 - R:localhost/127.0.0.1:49334]' for 'GET' to 'http://localhost:49334/session/8e309f2d752683c88cfb1a2e7eb731bd/element/65b741e3-235d-4a2c-831b-4180e7328318/name'
15:38:44.273 [Forwarding getElementTagName on session 8e309f2d752683c88cfb1a2e7eb731bd to remote] DEBUG org.asynchttpclient.netty.request.NettyRequestSender - Using open Channel [id: 0x8dd847fa, L:/127.0.0.1:59226 - R:localhost/127.0.0.1:49334] for GET '/session/8e309f2d752683c88cfb1a2e7eb731bd/element/65b741e3-235d-4a2c-831b-4180e7328318/name'
15:38:44.275 [AsyncHttpClient-1-6] DEBUG org.asynchttpclient.netty.handler.HttpHandler - 

Request DefaultFullHttpRequest(decodeResult: success, version: HTTP/1.1, content: EmptyByteBufBE)
GET /session/8e309f2d752683c88cfb1a2e7eb731bd/element/65b741e3-235d-4a2c-831b-4180e7328318/name HTTP/1.1
User-Agent: selenium/4.1.2 (java windows)
Cache-Control: no-cache
Content-Type: application/json; charset=utf-8
host: localhost:49334
accept: */*

Response DefaultHttpResponse(decodeResult: success, version: HTTP/1.1)
HTTP/1.1 200 OK
Content-Type: application/json; charset=utf-8
cache-control: no-cache
content-length: 16

15:38:44.275 [AsyncHttpClient-1-6] DEBUG org.asynchttpclient.netty.channel.ChannelManager - Adding key: http://localhost:49334 for channel [id: 0x8dd847fa, L:/127.0.0.1:59226 - R:localhost/127.0.0.1:49334]
15:38:44.277 [Forwarding findElement on session 8e309f2d752683c88cfb1a2e7eb731bd to remote] DEBUG org.asynchttpclient.netty.request.NettyRequestSender - Using pooled Channel '[id: 0x8dd847fa, L:/127.0.0.1:59226 - R:localhost/127.0.0.1:49334]' for 'POST' to 'http://localhost:49334/session/8e309f2d752683c88cfb1a2e7eb731bd/element'
15:38:44.277 [Forwarding findElement on session 8e309f2d752683c88cfb1a2e7eb731bd to remote] DEBUG org.asynchttpclient.netty.request.NettyRequestSender - Using open Channel [id: 0x8dd847fa, L:/127.0.0.1:59226 - R:localhost/127.0.0.1:49334] for POST '/session/8e309f2d752683c88cfb1a2e7eb731bd/element'
15:38:44.284 [AsyncHttpClient-1-6] DEBUG org.asynchttpclient.netty.handler.HttpHandler - 

Request DefaultHttpRequest(decodeResult: success, version: HTTP/1.1)
POST /session/8e309f2d752683c88cfb1a2e7eb731bd/element HTTP/1.1
User-Agent: selenium/4.1.2 (java windows)
Content-Length: 81
Content-Type: application/json; charset=utf-8
host: localhost:49334
accept: */*

Response DefaultHttpResponse(decodeResult: success, version: HTTP/1.1)
HTTP/1.1 200 OK
Content-Type: application/json; charset=utf-8
cache-control: no-cache
content-length: 88

15:38:44.284 [AsyncHttpClient-1-6] DEBUG org.asynchttpclient.netty.channel.ChannelManager - Adding key: http://localhost:49334 for channel [id: 0x8dd847fa, L:/127.0.0.1:59226 - R:localhost/127.0.0.1:49334]
15:38:44.285 [Forwarding clickElement on session 8e309f2d752683c88cfb1a2e7eb731bd to remote] DEBUG org.asynchttpclient.netty.request.NettyRequestSender - Using pooled Channel '[id: 0x8dd847fa, L:/127.0.0.1:59226 - R:localhost/127.0.0.1:49334]' for 'POST' to 'http://localhost:49334/session/8e309f2d752683c88cfb1a2e7eb731bd/element/65b741e3-235d-4a2c-831b-4180e7328318/click'
15:38:44.286 [Forwarding clickElement on session 8e309f2d752683c88cfb1a2e7eb731bd to remote] DEBUG org.asynchttpclient.netty.request.NettyRequestSender - Using open Channel [id: 0x8dd847fa, L:/127.0.0.1:59226 - R:localhost/127.0.0.1:49334] for POST '/session/8e309f2d752683c88cfb1a2e7eb731bd/element/65b741e3-235d-4a2c-831b-4180e7328318/click'
15:38:44.717 [AsyncHttpClient-1-1] DEBUG org.asynchttpclient.netty.channel.DefaultChannelPool - Entry count for : http://localhost:59228 : 1
15:38:44.730 [AsyncHttpClient-1-6] DEBUG org.asynchttpclient.netty.handler.HttpHandler - 

Request DefaultHttpRequest(decodeResult: success, version: HTTP/1.1)
POST /session/8e309f2d752683c88cfb1a2e7eb731bd/element/65b741e3-235d-4a2c-831b-4180e7328318/click HTTP/1.1
User-Agent: selenium/4.1.2 (java windows)
Content-Length: 50
Content-Type: application/json; charset=utf-8
host: localhost:49334
accept: */*

Response DefaultHttpResponse(decodeResult: success, version: HTTP/1.1)
HTTP/1.1 200 OK
Content-Type: application/json; charset=utf-8
cache-control: no-cache
content-length: 14

15:38:44.730 [AsyncHttpClient-1-6] DEBUG org.asynchttpclient.netty.channel.ChannelManager - Adding key: http://localhost:49334 for channel [id: 0x8dd847fa, L:/127.0.0.1:59226 - R:localhost/127.0.0.1:49334]
  &amp#27;[32mThen &amp#27;[0m&amp#27;[32mI click baby on the header&amp#27;[0m &amp#27;[90m# starter.stepdefinitions.BabyStep.iClickBabyOnTheHeader()&amp#27;[0m
15:38:44.738 [Forwarding screenshot on session 8e309f2d752683c88cfb1a2e7eb731bd to remote] DEBUG org.asynchttpclient.netty.request.NettyRequestSender - Using pooled Channel '[id: 0x8dd847fa, L:/127.0.0.1:59226 - R:localhost/127.0.0.1:49334]' for 'GET' to 'http://localhost:49334/session/8e309f2d752683c88cfb1a2e7eb731bd/screenshot'
15:38:44.738 [Forwarding screenshot on session 8e309f2d752683c88cfb1a2e7eb731bd to remote] DEBUG org.asynchttpclient.netty.request.NettyRequestSender - Using open Channel [id: 0x8dd847fa, L:/127.0.0.1:59226 - R:localhost/127.0.0.1:49334] for GET '/session/8e309f2d752683c88cfb1a2e7eb731bd/screenshot'
15:38:45.439 [AsyncHttpClient-1-6] DEBUG org.asynchttpclient.netty.handler.HttpHandler - 

Request DefaultFullHttpRequest(decodeResult: success, version: HTTP/1.1, content: EmptyByteBufBE)
GET /session/8e309f2d752683c88cfb1a2e7eb731bd/screenshot HTTP/1.1
User-Agent: selenium/4.1.2 (java windows)
Cache-Control: no-cache
Content-Type: application/json; charset=utf-8
host: localhost:49334
accept: */*

Response DefaultHttpResponse(decodeResult: success, version: HTTP/1.1)
HTTP/1.1 200 OK
Content-Type: application/json; charset=utf-8
cache-control: no-cache
content-length: 96512

15:38:45.439 [AsyncHttpClient-1-6] DEBUG org.asynchttpclient.netty.channel.ChannelManager - Adding key: http://localhost:49334 for channel [id: 0x8dd847fa, L:/127.0.0.1:59226 - R:localhost/127.0.0.1:49334]
15:38:45.444 [main] DEBUG net.serenitybdd.core.photography.Darkroom - Send negative for processing for target\site\serenity\c506e79ca16b9af1844495a937f01dd40ed7a8070ccf016aa43be679424f3025.png
15:38:45.445 [Darkroom Processing Line] DEBUG net.serenitybdd.core.photography.DarkroomProcessingLine - Processing screenshot image in /var/screenshots/screenshot-5894843090200167204
15:38:45.445 [Darkroom Processing Line] DEBUG net.serenitybdd.core.photography.DarkroomProcessingLine - Saving screenshot to target\site\serenity\c506e79ca16b9af1844495a937f01dd40ed7a8070ccf016aa43be679424f3025.png
15:38:45.456 [Forwarding findElement on session 8e309f2d752683c88cfb1a2e7eb731bd to remote] DEBUG org.asynchttpclient.netty.request.NettyRequestSender - Using pooled Channel '[id: 0x8dd847fa, L:/127.0.0.1:59226 - R:localhost/127.0.0.1:49334]' for 'POST' to 'http://localhost:49334/session/8e309f2d752683c88cfb1a2e7eb731bd/element'
15:38:45.456 [Forwarding findElement on session 8e309f2d752683c88cfb1a2e7eb731bd to remote] DEBUG org.asynchttpclient.netty.request.NettyRequestSender - Using open Channel [id: 0x8dd847fa, L:/127.0.0.1:59226 - R:localhost/127.0.0.1:49334] for POST '/session/8e309f2d752683c88cfb1a2e7eb731bd/element'
15:38:45.503 [AsyncHttpClient-1-6] DEBUG org.asynchttpclient.netty.handler.HttpHandler - 

Request DefaultHttpRequest(decodeResult: success, version: HTTP/1.1)
POST /session/8e309f2d752683c88cfb1a2e7eb731bd/element HTTP/1.1
User-Agent: selenium/4.1.2 (java windows)
Content-Length: 107
Content-Type: application/json; charset=utf-8
host: localhost:49334
accept: */*

Response DefaultHttpResponse(decodeResult: success, version: HTTP/1.1)
HTTP/1.1 200 OK
Content-Type: application/json; charset=utf-8
cache-control: no-cache
content-length: 88

15:38:45.503 [AsyncHttpClient-1-6] DEBUG org.asynchttpclient.netty.channel.ChannelManager - Adding key: http://localhost:49334 for channel [id: 0x8dd847fa, L:/127.0.0.1:59226 - R:localhost/127.0.0.1:49334]
15:38:45.504 [Forwarding getElementTagName on session 8e309f2d752683c88cfb1a2e7eb731bd to remote] DEBUG org.asynchttpclient.netty.request.NettyRequestSender - Using pooled Channel '[id: 0x8dd847fa, L:/127.0.0.1:59226 - R:localhost/127.0.0.1:49334]' for 'GET' to 'http://localhost:49334/session/8e309f2d752683c88cfb1a2e7eb731bd/element/efaf8876-ff66-4fbb-9291-5b4212eaf0ae/name'
15:38:45.504 [Forwarding getElementTagName on session 8e309f2d752683c88cfb1a2e7eb731bd to remote] DEBUG org.asynchttpclient.netty.request.NettyRequestSender - Using open Channel [id: 0x8dd847fa, L:/127.0.0.1:59226 - R:localhost/127.0.0.1:49334] for GET '/session/8e309f2d752683c88cfb1a2e7eb731bd/element/efaf8876-ff66-4fbb-9291-5b4212eaf0ae/name'
15:38:45.508 [AsyncHttpClient-1-6] DEBUG org.asynchttpclient.netty.handler.HttpHandler - 

Request DefaultFullHttpRequest(decodeResult: success, version: HTTP/1.1, content: EmptyByteBufBE)
GET /session/8e309f2d752683c88cfb1a2e7eb731bd/element/efaf8876-ff66-4fbb-9291-5b4212eaf0ae/name HTTP/1.1
User-Agent: selenium/4.1.2 (java windows)
Cache-Control: no-cache
Content-Type: application/json; charset=utf-8
host: localhost:49334
accept: */*

Response DefaultHttpResponse(decodeResult: success, version: HTTP/1.1)
HTTP/1.1 200 OK
Content-Type: application/json; charset=utf-8
cache-control: no-cache
content-length: 16

15:38:45.509 [AsyncHttpClient-1-6] DEBUG org.asynchttpclient.netty.channel.ChannelManager - Adding key: http://localhost:49334 for channel [id: 0x8dd847fa, L:/127.0.0.1:59226 - R:localhost/127.0.0.1:49334]
15:38:45.510 [Forwarding getElementTagName on session 8e309f2d752683c88cfb1a2e7eb731bd to remote] DEBUG org.asynchttpclient.netty.request.NettyRequestSender - Using pooled Channel '[id: 0x8dd847fa, L:/127.0.0.1:59226 - R:localhost/127.0.0.1:49334]' for 'GET' to 'http://localhost:49334/session/8e309f2d752683c88cfb1a2e7eb731bd/element/efaf8876-ff66-4fbb-9291-5b4212eaf0ae/name'
15:38:45.510 [Forwarding getElementTagName on session 8e309f2d752683c88cfb1a2e7eb731bd to remote] DEBUG org.asynchttpclient.netty.request.NettyRequestSender - Using open Channel [id: 0x8dd847fa, L:/127.0.0.1:59226 - R:localhost/127.0.0.1:49334] for GET '/session/8e309f2d752683c88cfb1a2e7eb731bd/element/efaf8876-ff66-4fbb-9291-5b4212eaf0ae/name'
15:38:45.513 [AsyncHttpClient-1-6] DEBUG org.asynchttpclient.netty.handler.HttpHandler - 

Request DefaultFullHttpRequest(decodeResult: success, version: HTTP/1.1, content: EmptyByteBufBE)
GET /session/8e309f2d752683c88cfb1a2e7eb731bd/element/efaf8876-ff66-4fbb-9291-5b4212eaf0ae/name HTTP/1.1
User-Agent: selenium/4.1.2 (java windows)
Cache-Control: no-cache
Content-Type: application/json; charset=utf-8
host: localhost:49334
accept: */*

Response DefaultHttpResponse(decodeResult: success, version: HTTP/1.1)
HTTP/1.1 200 OK
Content-Type: application/json; charset=utf-8
cache-control: no-cache
content-length: 16

15:38:45.514 [AsyncHttpClient-1-6] DEBUG org.asynchttpclient.netty.channel.ChannelManager - Adding key: http://localhost:49334 for channel [id: 0x8dd847fa, L:/127.0.0.1:59226 - R:localhost/127.0.0.1:49334]
15:38:45.517 [Forwarding findElement on session 8e309f2d752683c88cfb1a2e7eb731bd to remote] DEBUG org.asynchttpclient.netty.request.NettyRequestSender - Using pooled Channel '[id: 0x8dd847fa, L:/127.0.0.1:59226 - R:localhost/127.0.0.1:49334]' for 'POST' to 'http://localhost:49334/session/8e309f2d752683c88cfb1a2e7eb731bd/element'
15:38:45.517 [Forwarding findElement on session 8e309f2d752683c88cfb1a2e7eb731bd to remote] DEBUG org.asynchttpclient.netty.request.NettyRequestSender - Using open Channel [id: 0x8dd847fa, L:/127.0.0.1:59226 - R:localhost/127.0.0.1:49334] for POST '/session/8e309f2d752683c88cfb1a2e7eb731bd/element'
15:38:45.629 [AsyncHttpClient-1-6] DEBUG org.asynchttpclient.netty.handler.HttpHandler - 

Request DefaultHttpRequest(decodeResult: success, version: HTTP/1.1)
POST /session/8e309f2d752683c88cfb1a2e7eb731bd/element HTTP/1.1
User-Agent: selenium/4.1.2 (java windows)
Content-Length: 107
Content-Type: application/json; charset=utf-8
host: localhost:49334
accept: */*

Response DefaultHttpResponse(decodeResult: success, version: HTTP/1.1)
HTTP/1.1 200 OK
Content-Type: application/json; charset=utf-8
cache-control: no-cache
content-length: 88

15:38:45.629 [AsyncHttpClient-1-6] DEBUG org.asynchttpclient.netty.channel.ChannelManager - Adding key: http://localhost:49334 for channel [id: 0x8dd847fa, L:/127.0.0.1:59226 - R:localhost/127.0.0.1:49334]
15:38:45.631 [Forwarding clickElement on session 8e309f2d752683c88cfb1a2e7eb731bd to remote] DEBUG org.asynchttpclient.netty.request.NettyRequestSender - Using pooled Channel '[id: 0x8dd847fa, L:/127.0.0.1:59226 - R:localhost/127.0.0.1:49334]' for 'POST' to 'http://localhost:49334/session/8e309f2d752683c88cfb1a2e7eb731bd/element/efaf8876-ff66-4fbb-9291-5b4212eaf0ae/click'
15:38:45.631 [Forwarding clickElement on session 8e309f2d752683c88cfb1a2e7eb731bd to remote] DEBUG org.asynchttpclient.netty.request.NettyRequestSender - Using open Channel [id: 0x8dd847fa, L:/127.0.0.1:59226 - R:localhost/127.0.0.1:49334] for POST '/session/8e309f2d752683c88cfb1a2e7eb731bd/element/efaf8876-ff66-4fbb-9291-5b4212eaf0ae/click'
15:38:45.824 [AsyncHttpClient-1-1] DEBUG org.asynchttpclient.netty.channel.DefaultChannelPool - Entry count for : http://localhost:59228 : 1
15:38:45.926 [AsyncHttpClient-1-6] DEBUG org.asynchttpclient.netty.handler.HttpHandler - 

Request DefaultHttpRequest(decodeResult: success, version: HTTP/1.1)
POST /session/8e309f2d752683c88cfb1a2e7eb731bd/element/efaf8876-ff66-4fbb-9291-5b4212eaf0ae/click HTTP/1.1
User-Agent: selenium/4.1.2 (java windows)
Content-Length: 50
Content-Type: application/json; charset=utf-8
host: localhost:49334
accept: */*

Response DefaultHttpResponse(decodeResult: success, version: HTTP/1.1)
HTTP/1.1 200 OK
Content-Type: application/json; charset=utf-8
cache-control: no-cache
content-length: 14

15:38:45.926 [AsyncHttpClient-1-6] DEBUG org.asynchttpclient.netty.channel.ChannelManager - Adding key: http://localhost:49334 for channel [id: 0x8dd847fa, L:/127.0.0.1:59226 - R:localhost/127.0.0.1:49334]
  &amp#27;[32mWhen &amp#27;[0m&amp#27;[32mI will go to &amp#27;[0m&amp#27;[32m&amp#27;[1m"kaosKaki1"&amp#27;[0m   &amp#27;[90m# starter.stepdefinitions.BabyStep.iWillGoTo(java.lang.String)&amp#27;[0m
15:38:45.937 [Forwarding screenshot on session 8e309f2d752683c88cfb1a2e7eb731bd to remote] DEBUG org.asynchttpclient.netty.request.NettyRequestSender - Using pooled Channel '[id: 0x8dd847fa, L:/127.0.0.1:59226 - R:localhost/127.0.0.1:49334]' for 'GET' to 'http://localhost:49334/session/8e309f2d752683c88cfb1a2e7eb731bd/screenshot'
15:38:45.937 [Forwarding screenshot on session 8e309f2d752683c88cfb1a2e7eb731bd to remote] DEBUG org.asynchttpclient.netty.request.NettyRequestSender - Using open Channel [id: 0x8dd847fa, L:/127.0.0.1:59226 - R:localhost/127.0.0.1:49334] for GET '/session/8e309f2d752683c88cfb1a2e7eb731bd/screenshot'
15:38:46.163 [AsyncHttpClient-1-6] DEBUG org.asynchttpclient.netty.handler.HttpHandler - 

Request DefaultFullHttpRequest(decodeResult: success, version: HTTP/1.1, content: EmptyByteBufBE)
GET /session/8e309f2d752683c88cfb1a2e7eb731bd/screenshot HTTP/1.1
User-Agent: selenium/4.1.2 (java windows)
Cache-Control: no-cache
Content-Type: application/json; charset=utf-8
host: localhost:49334
accept: */*

Response DefaultHttpResponse(decodeResult: success, version: HTTP/1.1)
HTTP/1.1 200 OK
Content-Type: application/json; charset=utf-8
cache-control: no-cache
content-length: 88564

15:38:46.163 [AsyncHttpClient-1-6] DEBUG org.asynchttpclient.netty.channel.ChannelManager - Adding key: http://localhost:49334 for channel [id: 0x8dd847fa, L:/127.0.0.1:59226 - R:localhost/127.0.0.1:49334]
15:38:46.168 [main] DEBUG net.serenitybdd.core.photography.Darkroom - Send negative for processing for target\site\serenity\2ffb1a0dd088acc46d2c4884f69dd2d9eadb789ce1ce04935839e41ea6a28698.png
15:38:46.169 [Darkroom Processing Line] DEBUG net.serenitybdd.core.photography.DarkroomProcessingLine - Processing screenshot image in /var/screenshots/screenshot-10655285541233944758
15:38:46.169 [Darkroom Processing Line] DEBUG net.serenitybdd.core.photography.DarkroomProcessingLine - Saving screenshot to target\site\serenity\2ffb1a0dd088acc46d2c4884f69dd2d9eadb789ce1ce04935839e41ea6a28698.png
  &amp#27;[32mAnd &amp#27;[0m&amp#27;[32mI &amp#27;[0m&amp#27;[32m&amp#27;[1m""&amp#27;[0m&amp#27;[32m page&amp#27;[0m                   &amp#27;[90m# starter.stepdefinitions.BabyStep.iPage(java.lang.String)&amp#27;[0m
15:38:46.183 [AsyncHttpClient-1-8] DEBUG org.asynchttpclient.netty.handler.WebSocketHandler - Channel Closed: [id: 0x7deb3251, L:/127.0.0.1:59235 ! R:localhost/127.0.0.1:59228] with attribute NettyResponseFuture{currentRetry=5,
	isDone=1,
	isCancelled=0,
	asyncHandler=org.asynchttpclient.ws.WebSocketUpgradeHandler@494b666,
	nettyRequest=org.asynchttpclient.netty.request.NettyRequest@9f021a0,
	future=java.util.concurrent.CompletableFuture@736774b[Completed normally],
	uri=ws://localhost:59228/devtools/browser/ff3894c0-027b-4dde-acae-031f17504113,
	keepAlive=true,
	redirectCount=0,
	timeoutsHolder=null,
	inAuth=0,
	touch=1680683916792}
15:38:46.184 [AsyncHttpClient-1-8] DEBUG org.asynchttpclient.netty.channel.ChannelManager - Closing Channel [id: 0x7deb3251, L:/127.0.0.1:59235 ! R:localhost/127.0.0.1:59228] 
15:38:46.184 [Driver Command Executor] DEBUG org.asynchttpclient.netty.request.NettyRequestSender - Using pooled Channel '[id: 0x8dd847fa, L:/127.0.0.1:59226 - R:localhost/127.0.0.1:49334]' for 'DELETE' to 'http://localhost:49334/session/8e309f2d752683c88cfb1a2e7eb731bd'
15:38:46.184 [Driver Command Executor] DEBUG org.asynchttpclient.netty.request.NettyRequestSender - Using open Channel [id: 0x8dd847fa, L:/127.0.0.1:59226 - R:localhost/127.0.0.1:49334] for DELETE '/session/8e309f2d752683c88cfb1a2e7eb731bd'
15:38:46.227 [AsyncHttpClient-1-7] DEBUG org.asynchttpclient.netty.handler.HttpHandler - Unexpected I/O exception on channel [id: 0x4f0bbd7f, L:/127.0.0.1:59234 - R:localhost/127.0.0.1:59228]
java.net.SocketException: Connection reset
	at java.base/sun.nio.ch.SocketChannelImpl.throwConnectionReset(SocketChannelImpl.java:345)
	at java.base/sun.nio.ch.SocketChannelImpl.read(SocketChannelImpl.java:376)
	at io.netty.buffer.PooledByteBuf.setBytes(PooledByteBuf.java:258)
	at io.netty.buffer.AbstractByteBuf.writeBytes(AbstractByteBuf.java:1132)
	at io.netty.channel.socket.nio.NioSocketChannel.doReadBytes(NioSocketChannel.java:350)
	at io.netty.channel.nio.AbstractNioByteChannel$NioByteUnsafe.read(AbstractNioByteChannel.java:151)
	at io.netty.channel.nio.NioEventLoop.processSelectedKey(NioEventLoop.java:722)
	at io.netty.channel.nio.NioEventLoop.processSelectedKeysOptimized(NioEventLoop.java:658)
	at io.netty.channel.nio.NioEventLoop.processSelectedKeys(NioEventLoop.java:584)
	at io.netty.channel.nio.NioEventLoop.run(NioEventLoop.java:496)
	at io.netty.util.concurrent.SingleThreadEventExecutor$4.run(SingleThreadEventExecutor.java:986)
	at io.netty.util.internal.ThreadExecutorMap$2.run(ThreadExecutorMap.java:74)
	at io.netty.util.concurrent.FastThreadLocalRunnable.run(FastThreadLocalRunnable.java:30)
	at java.base/java.lang.Thread.run(Thread.java:830)
15:38:46.227 [AsyncHttpClient-1-7] DEBUG org.asynchttpclient.netty.channel.ChannelManager - Closing Channel [id: 0x4f0bbd7f, L:/127.0.0.1:59234 - R:localhost/127.0.0.1:59228] 
15:38:46.227 [AsyncHttpClient-1-7] DEBUG org.asynchttpclient.netty.handler.HttpHandler - Channel Closed: [id: 0x4f0bbd7f, L:/127.0.0.1:59234 ! R:localhost/127.0.0.1:59228] with attribute DISCARD
15:38:46.252 [AsyncHttpClient-1-6] DEBUG org.asynchttpclient.netty.handler.HttpHandler - 

Request DefaultFullHttpRequest(decodeResult: success, version: HTTP/1.1, content: EmptyByteBufBE)
DELETE /session/8e309f2d752683c88cfb1a2e7eb731bd HTTP/1.1
User-Agent: selenium/4.1.2 (java windows)
Content-Type: application/json; charset=utf-8
host: localhost:49334
accept: */*

Response DefaultHttpResponse(decodeResult: success, version: HTTP/1.1)
HTTP/1.1 200 OK
Content-Type: application/json; charset=utf-8
cache-control: no-cache
content-length: 14

15:38:46.252 [AsyncHttpClient-1-6] DEBUG org.asynchttpclient.netty.channel.ChannelManager - Adding key: http://localhost:49334 for channel [id: 0x8dd847fa, L:/127.0.0.1:59226 - R:localhost/127.0.0.1:49334]
15:38:46.387 [AsyncHttpClient-1-6] DEBUG org.asynchttpclient.netty.handler.HttpHandler - Channel Closed: [id: 0x8dd847fa, L:/127.0.0.1:59226 ! R:localhost/127.0.0.1:49334] with attribute DISCARD
15:38:46.920 [AsyncHttpClient-1-1] DEBUG org.asynchttpclient.netty.channel.DefaultChannelPool - Entry count for : http://localhost:49334 : 1
15:38:46.920 [AsyncHttpClient-1-1] DEBUG org.asynchttpclient.netty.channel.DefaultChannelPool - Entry count for : http://localhost:59228 : 1
15:38:46.920 [AsyncHttpClient-1-1] DEBUG org.asynchttpclient.netty.channel.DefaultChannelPool - Adding Candidate expired Channel [id: 0x8dd847fa, L:/127.0.0.1:59226 ! R:localhost/127.0.0.1:49334] isIdleTimeoutExpired=false isRemotelyClosed=true isTtlExpired=false
15:38:46.920 [AsyncHttpClient-1-1] DEBUG org.asynchttpclient.netty.channel.DefaultChannelPool - Closing Idle Channel [id: 0x8dd847fa, L:/127.0.0.1:59226 ! R:localhost/127.0.0.1:49334]
15:38:46.920 [AsyncHttpClient-1-1] DEBUG org.asynchttpclient.netty.channel.DefaultChannelPool - Adding Candidate expired Channel [id: 0x4f0bbd7f, L:/127.0.0.1:59234 ! R:localhost/127.0.0.1:59228] isIdleTimeoutExpired=false isRemotelyClosed=true isTtlExpired=false
15:38:46.920 [AsyncHttpClient-1-1] DEBUG org.asynchttpclient.netty.channel.DefaultChannelPool - Closing Idle Channel [id: 0x4f0bbd7f, L:/127.0.0.1:59234 ! R:localhost/127.0.0.1:59228]
15:38:46.920 [AsyncHttpClient-1-1] DEBUG org.asynchttpclient.netty.channel.DefaultChannelPool - Closed 2 connections out of 2 in 0 ms
]]></system-out>
    <system-err><![CDATA[Starting Microsoft Edge WebDriver 111.0.1661.62 (0a8f453929e6410c973aa529a40485ce4e3e03db) on port 49334
To submit feedback, report a bug, or suggest new features, please visit https://github.com/MicrosoftEdge/EdgeWebDriver

Only local connections are allowed.
Please see https://aka.ms/WebDriverSecurity for suggestions on keeping Microsoft Edge WebDriver safe.

Microsoft Edge WebDriver was started successfully.
Apr 05, 2023 3:38:36 PM org.openqa.selenium.remote.ProtocolHandshake createSession
INFO: Detected dialect: W3C
Apr 05, 2023 3:38:36 PM org.openqa.selenium.devtools.CdpVersionFinder findNearestMatch
WARNING: Unable to find an exact match for CDP version 111, so returning the closest version found: a no-op implementation
Apr 05, 2023 3:38:36 PM org.openqa.selenium.devtools.CdpVersionFinder findNearestMatch
INFO: Unable to find CDP implementation matching 111.
Apr 05, 2023 3:38:36 PM org.openqa.selenium.chromium.ChromiumDriver lambda$new$3
WARNING: Unable to find version of CDP to use for . You may need to include a dependency on a specific version of the CDP using something similar to `org.seleniumhq.selenium:selenium-devtools-v86:4.1.2` where the version ("v86") matches the version of the chromium-based browser you're using and the version number of the artifact is the same as Selenium's.
]]></system-err>
  </testcase>
  <testcase name="Fitur Menu Baby #14" classname="Baby" time="10.234">
    <system-out><![CDATA[
Scenario Outline: Fitur Menu Baby &amp#27;[90m# src/test/resources/features/Baby.feature:106&amp#27;[0m
15:38:46.991 [main] INFO io.cucumber.core.plugin.SerenityReporter - Running feature from file:///C:/Users/alwi/IdeaProjects/uniqloweb/src/test/resources/features/Baby.feature
15:38:47.112 [main] DEBUG io.github.bonigarcia.wdm.cache.ResolutionCache - Resolution edge=111 in cache (valid until 16:17:30 05/04/2023 WIB)
15:38:47.115 [main] DEBUG io.github.bonigarcia.wdm.cache.ResolutionCache - Resolution edge111=111.0.1661.62 in cache (valid until 15:17:30 06/04/2023 WIB)
15:38:47.117 [main] INFO io.github.bonigarcia.wdm.WebDriverManager - Using msedgedriver 111.0.1661.62 (resolved driver for Edge 111)
15:38:47.128 [main] DEBUG io.github.bonigarcia.wdm.WebDriverManager - Driver msedgedriver 111.0.1661.62 found in cache
15:38:47.129 [main] INFO io.github.bonigarcia.wdm.WebDriverManager - Exporting webdriver.edge.driver as C:\Users\alwi\.cache\selenium\msedgedriver\win64\111.0.1661.62\msedgedriver.exe
15:38:47.131 [main] DEBUG net.serenitybdd.core.webdriver.driverproviders.ProvideNewDriver - Instantiating driver
15:38:47.131 [main] DEBUG net.serenitybdd.core.webdriver.driverproviders.ProvideNewDriver - Driver capabilities: Capabilities {base.url: https://www.uniqlo.com, chrome.driver: src/test/resources/webdrive..., driver: edge, ms:edgeChromium: true, ms:edgeOptions: {}, wait.for.timeout: 6000}
15:38:47.675 [AsyncHttpClient-1-9] DEBUG org.asynchttpclient.netty.channel.NettyConnectListener - Using new Channel '[id: 0x16e298e1, L:/127.0.0.1:59358 - R:localhost/127.0.0.1:50340]' for 'POST' to '/session'
15:38:48.295 [AsyncHttpClient-1-9] DEBUG org.asynchttpclient.netty.handler.HttpHandler - 

Request DefaultHttpRequest(decodeResult: success, version: HTTP/1.1)
POST /session HTTP/1.1
User-Agent: selenium/4.1.2 (java windows)
Content-Length: 627
Content-Type: application/json; charset=utf-8
host: localhost:50340
accept: */*

Response DefaultHttpResponse(decodeResult: success, version: HTTP/1.1)
HTTP/1.1 200 OK
Content-Type: application/json; charset=utf-8
cache-control: no-cache
content-length: 824

15:38:48.295 [AsyncHttpClient-1-9] DEBUG org.asynchttpclient.netty.channel.ChannelManager - Adding key: http://localhost:50340 for channel [id: 0x16e298e1, L:/127.0.0.1:59358 - R:localhost/127.0.0.1:50340]
15:38:48.301 [AsyncHttpClient-1-10] DEBUG org.asynchttpclient.netty.channel.NettyConnectListener - Using new Channel '[id: 0x81bcec9d, L:/127.0.0.1:59366 - R:localhost/127.0.0.1:59360]' for 'GET' to '/json/version'
15:38:48.301 [AsyncHttpClient-1-10] DEBUG org.asynchttpclient.netty.handler.HttpHandler - 

Request DefaultFullHttpRequest(decodeResult: success, version: HTTP/1.1, content: EmptyByteBufBE)
GET /json/version HTTP/1.1
User-Agent: selenium/4.1.2 (java windows)
host: localhost:59360
accept: */*

Response DefaultHttpResponse(decodeResult: success, version: HTTP/1.1)
HTTP/1.1 200 OK
Content-Security-Policy: frame-ancestors 'none'
Content-Type: application/json; charset=UTF-8
content-length: 436

15:38:48.301 [AsyncHttpClient-1-10] DEBUG org.asynchttpclient.netty.channel.ChannelManager - Adding key: http://localhost:59360 for channel [id: 0x81bcec9d, L:/127.0.0.1:59366 - R:localhost/127.0.0.1:59360]
15:38:48.304 [AsyncHttpClient-1-11] DEBUG org.asynchttpclient.netty.channel.NettyConnectListener - Using new Channel '[id: 0xdb9795fa, L:/127.0.0.1:59367 - R:localhost/127.0.0.1:59360]' for 'GET' to '/devtools/browser/6a379085-8c48-44cf-966f-38aabf05ad66'
15:38:48.306 [AsyncHttpClient-1-11] DEBUG org.asynchttpclient.netty.handler.WebSocketHandler - 

Request DefaultFullHttpRequest(decodeResult: success, version: HTTP/1.1, content: EmptyByteBufBE)
GET /devtools/browser/6a379085-8c48-44cf-966f-38aabf05ad66 HTTP/1.1
upgrade: websocket
connection: upgrade
sec-websocket-key: jpBw5NDUf2DKzcGAzEclng==
sec-websocket-version: 13
origin: http://localhost:59360
host: localhost:59360
accept: */*
user-agent: AHC/2.1

Response DefaultHttpResponse(decodeResult: success, version: HTTP/1.1)
HTTP/1.1 101 WebSocket Protocol Handshake
Upgrade: WebSocket
Connection: Upgrade
Sec-WebSocket-Accept: MuFMdLoKSWPK8YdFQ+8BVaz1CkY=

15:38:48.311 [Forwarding get on session 26079f167df7c71a30170f51efee8486 to remote] DEBUG org.asynchttpclient.netty.request.NettyRequestSender - Using pooled Channel '[id: 0x16e298e1, L:/127.0.0.1:59358 - R:localhost/127.0.0.1:50340]' for 'POST' to 'http://localhost:50340/session/26079f167df7c71a30170f51efee8486/url'
15:38:48.311 [Forwarding get on session 26079f167df7c71a30170f51efee8486 to remote] DEBUG org.asynchttpclient.netty.request.NettyRequestSender - Using open Channel [id: 0x16e298e1, L:/127.0.0.1:59358 - R:localhost/127.0.0.1:50340] for POST '/session/26079f167df7c71a30170f51efee8486/url'
15:38:49.124 [AsyncHttpClient-1-1] DEBUG org.asynchttpclient.netty.channel.DefaultChannelPool - Entry count for : http://localhost:59360 : 1
15:38:50.218 [AsyncHttpClient-1-1] DEBUG org.asynchttpclient.netty.channel.DefaultChannelPool - Entry count for : http://localhost:59360 : 1
15:38:51.327 [AsyncHttpClient-1-1] DEBUG org.asynchttpclient.netty.channel.DefaultChannelPool - Entry count for : http://localhost:59360 : 1
15:38:52.416 [AsyncHttpClient-1-1] DEBUG org.asynchttpclient.netty.channel.DefaultChannelPool - Entry count for : http://localhost:59360 : 1
15:38:53.516 [AsyncHttpClient-1-1] DEBUG org.asynchttpclient.netty.channel.DefaultChannelPool - Entry count for : http://localhost:59360 : 1
15:38:53.986 [AsyncHttpClient-1-9] DEBUG org.asynchttpclient.netty.handler.HttpHandler - 

Request DefaultHttpRequest(decodeResult: success, version: HTTP/1.1)
POST /session/26079f167df7c71a30170f51efee8486/url HTTP/1.1
User-Agent: selenium/4.1.2 (java windows)
Content-Length: 53
Content-Type: application/json; charset=utf-8
host: localhost:50340
accept: */*

Response DefaultHttpResponse(decodeResult: success, version: HTTP/1.1)
HTTP/1.1 200 OK
Content-Type: application/json; charset=utf-8
cache-control: no-cache
content-length: 14

15:38:53.986 [AsyncHttpClient-1-9] DEBUG org.asynchttpclient.netty.channel.ChannelManager - Adding key: http://localhost:50340 for channel [id: 0x16e298e1, L:/127.0.0.1:59358 - R:localhost/127.0.0.1:50340]
15:38:53.988 [Forwarding setTimeout on session 26079f167df7c71a30170f51efee8486 to remote] DEBUG org.asynchttpclient.netty.request.NettyRequestSender - Using pooled Channel '[id: 0x16e298e1, L:/127.0.0.1:59358 - R:localhost/127.0.0.1:50340]' for 'POST' to 'http://localhost:50340/session/26079f167df7c71a30170f51efee8486/timeouts'
15:38:53.988 [Forwarding setTimeout on session 26079f167df7c71a30170f51efee8486 to remote] DEBUG org.asynchttpclient.netty.request.NettyRequestSender - Using open Channel [id: 0x16e298e1, L:/127.0.0.1:59358 - R:localhost/127.0.0.1:50340] for POST '/session/26079f167df7c71a30170f51efee8486/timeouts'
15:38:53.989 [AsyncHttpClient-1-9] DEBUG org.asynchttpclient.netty.handler.HttpHandler - 

Request DefaultHttpRequest(decodeResult: success, version: HTTP/1.1)
POST /session/26079f167df7c71a30170f51efee8486/timeouts HTTP/1.1
User-Agent: selenium/4.1.2 (java windows)
Content-Length: 22
Content-Type: application/json; charset=utf-8
host: localhost:50340
accept: */*

Response DefaultHttpResponse(decodeResult: success, version: HTTP/1.1)
HTTP/1.1 200 OK
Content-Type: application/json; charset=utf-8
cache-control: no-cache
content-length: 14

15:38:53.990 [AsyncHttpClient-1-9] DEBUG org.asynchttpclient.netty.channel.ChannelManager - Adding key: http://localhost:50340 for channel [id: 0x16e298e1, L:/127.0.0.1:59358 - R:localhost/127.0.0.1:50340]
15:38:53.992 [Forwarding getCurrentUrl on session 26079f167df7c71a30170f51efee8486 to remote] DEBUG org.asynchttpclient.netty.request.NettyRequestSender - Using pooled Channel '[id: 0x16e298e1, L:/127.0.0.1:59358 - R:localhost/127.0.0.1:50340]' for 'GET' to 'http://localhost:50340/session/26079f167df7c71a30170f51efee8486/url'
15:38:53.992 [Forwarding getCurrentUrl on session 26079f167df7c71a30170f51efee8486 to remote] DEBUG org.asynchttpclient.netty.request.NettyRequestSender - Using open Channel [id: 0x16e298e1, L:/127.0.0.1:59358 - R:localhost/127.0.0.1:50340] for GET '/session/26079f167df7c71a30170f51efee8486/url'
15:38:53.998 [AsyncHttpClient-1-9] DEBUG org.asynchttpclient.netty.handler.HttpHandler - 

Request DefaultFullHttpRequest(decodeResult: success, version: HTTP/1.1, content: EmptyByteBufBE)
GET /session/26079f167df7c71a30170f51efee8486/url HTTP/1.1
User-Agent: selenium/4.1.2 (java windows)
Cache-Control: no-cache
Content-Type: application/json; charset=utf-8
host: localhost:50340
accept: */*

Response DefaultHttpResponse(decodeResult: success, version: HTTP/1.1)
HTTP/1.1 200 OK
Content-Type: application/json; charset=utf-8
cache-control: no-cache
content-length: 41

15:38:53.999 [AsyncHttpClient-1-9] DEBUG org.asynchttpclient.netty.channel.ChannelManager - Adding key: http://localhost:50340 for channel [id: 0x16e298e1, L:/127.0.0.1:59358 - R:localhost/127.0.0.1:50340]
  &amp#27;[32mGiven &amp#27;[0m&amp#27;[32mI am on the home page&amp#27;[0m     &amp#27;[90m# starter.stepdefinitions.BabyStep.iAmOnTheHomePage()&amp#27;[0m
15:38:54.007 [Forwarding screenshot on session 26079f167df7c71a30170f51efee8486 to remote] DEBUG org.asynchttpclient.netty.request.NettyRequestSender - Using pooled Channel '[id: 0x16e298e1, L:/127.0.0.1:59358 - R:localhost/127.0.0.1:50340]' for 'GET' to 'http://localhost:50340/session/26079f167df7c71a30170f51efee8486/screenshot'
15:38:54.007 [Forwarding screenshot on session 26079f167df7c71a30170f51efee8486 to remote] DEBUG org.asynchttpclient.netty.request.NettyRequestSender - Using open Channel [id: 0x16e298e1, L:/127.0.0.1:59358 - R:localhost/127.0.0.1:50340] for GET '/session/26079f167df7c71a30170f51efee8486/screenshot'
15:38:54.341 [AsyncHttpClient-1-9] DEBUG org.asynchttpclient.netty.handler.HttpHandler - 

Request DefaultFullHttpRequest(decodeResult: success, version: HTTP/1.1, content: EmptyByteBufBE)
GET /session/26079f167df7c71a30170f51efee8486/screenshot HTTP/1.1
User-Agent: selenium/4.1.2 (java windows)
Cache-Control: no-cache
Content-Type: application/json; charset=utf-8
host: localhost:50340
accept: */*

Response DefaultHttpResponse(decodeResult: success, version: HTTP/1.1)
HTTP/1.1 200 OK
Content-Type: application/json; charset=utf-8
cache-control: no-cache
content-length: 1119968

15:38:54.343 [AsyncHttpClient-1-9] DEBUG org.asynchttpclient.netty.channel.ChannelManager - Adding key: http://localhost:50340 for channel [id: 0x16e298e1, L:/127.0.0.1:59358 - R:localhost/127.0.0.1:50340]
15:38:54.382 [main] DEBUG net.serenitybdd.core.photography.Darkroom - Send negative for processing for target\site\serenity\3d1b19ad31921c0beae4332facd941fcc81467ad5802877977ec6c100df601ce.png
15:38:54.400 [Forwarding findElement on session 26079f167df7c71a30170f51efee8486 to remote] DEBUG org.asynchttpclient.netty.request.NettyRequestSender - Using pooled Channel '[id: 0x16e298e1, L:/127.0.0.1:59358 - R:localhost/127.0.0.1:50340]' for 'POST' to 'http://localhost:50340/session/26079f167df7c71a30170f51efee8486/element'
15:38:54.400 [Forwarding findElement on session 26079f167df7c71a30170f51efee8486 to remote] DEBUG org.asynchttpclient.netty.request.NettyRequestSender - Using open Channel [id: 0x16e298e1, L:/127.0.0.1:59358 - R:localhost/127.0.0.1:50340] for POST '/session/26079f167df7c71a30170f51efee8486/element'
15:38:54.416 [AsyncHttpClient-1-9] DEBUG org.asynchttpclient.netty.handler.HttpHandler - 

Request DefaultHttpRequest(decodeResult: success, version: HTTP/1.1)
POST /session/26079f167df7c71a30170f51efee8486/element HTTP/1.1
User-Agent: selenium/4.1.2 (java windows)
Content-Length: 81
Content-Type: application/json; charset=utf-8
host: localhost:50340
accept: */*

Response DefaultHttpResponse(decodeResult: success, version: HTTP/1.1)
HTTP/1.1 200 OK
Content-Type: application/json; charset=utf-8
cache-control: no-cache
content-length: 88

15:38:54.416 [AsyncHttpClient-1-9] DEBUG org.asynchttpclient.netty.channel.ChannelManager - Adding key: http://localhost:50340 for channel [id: 0x16e298e1, L:/127.0.0.1:59358 - R:localhost/127.0.0.1:50340]
15:38:54.418 [Forwarding getElementTagName on session 26079f167df7c71a30170f51efee8486 to remote] DEBUG org.asynchttpclient.netty.request.NettyRequestSender - Using pooled Channel '[id: 0x16e298e1, L:/127.0.0.1:59358 - R:localhost/127.0.0.1:50340]' for 'GET' to 'http://localhost:50340/session/26079f167df7c71a30170f51efee8486/element/0e4d12a1-9f80-4799-b58e-3784491b1e81/name'
15:38:54.418 [Forwarding getElementTagName on session 26079f167df7c71a30170f51efee8486 to remote] DEBUG org.asynchttpclient.netty.request.NettyRequestSender - Using open Channel [id: 0x16e298e1, L:/127.0.0.1:59358 - R:localhost/127.0.0.1:50340] for GET '/session/26079f167df7c71a30170f51efee8486/element/0e4d12a1-9f80-4799-b58e-3784491b1e81/name'
15:38:54.421 [AsyncHttpClient-1-9] DEBUG org.asynchttpclient.netty.handler.HttpHandler - 

Request DefaultFullHttpRequest(decodeResult: success, version: HTTP/1.1, content: EmptyByteBufBE)
GET /session/26079f167df7c71a30170f51efee8486/element/0e4d12a1-9f80-4799-b58e-3784491b1e81/name HTTP/1.1
User-Agent: selenium/4.1.2 (java windows)
Cache-Control: no-cache
Content-Type: application/json; charset=utf-8
host: localhost:50340
accept: */*

Response DefaultHttpResponse(decodeResult: success, version: HTTP/1.1)
HTTP/1.1 200 OK
Content-Type: application/json; charset=utf-8
cache-control: no-cache
content-length: 16

15:38:54.421 [AsyncHttpClient-1-9] DEBUG org.asynchttpclient.netty.channel.ChannelManager - Adding key: http://localhost:50340 for channel [id: 0x16e298e1, L:/127.0.0.1:59358 - R:localhost/127.0.0.1:50340]
15:38:54.423 [Forwarding getElementTagName on session 26079f167df7c71a30170f51efee8486 to remote] DEBUG org.asynchttpclient.netty.request.NettyRequestSender - Using pooled Channel '[id: 0x16e298e1, L:/127.0.0.1:59358 - R:localhost/127.0.0.1:50340]' for 'GET' to 'http://localhost:50340/session/26079f167df7c71a30170f51efee8486/element/0e4d12a1-9f80-4799-b58e-3784491b1e81/name'
15:38:54.423 [Forwarding getElementTagName on session 26079f167df7c71a30170f51efee8486 to remote] DEBUG org.asynchttpclient.netty.request.NettyRequestSender - Using open Channel [id: 0x16e298e1, L:/127.0.0.1:59358 - R:localhost/127.0.0.1:50340] for GET '/session/26079f167df7c71a30170f51efee8486/element/0e4d12a1-9f80-4799-b58e-3784491b1e81/name'
15:38:54.426 [AsyncHttpClient-1-9] DEBUG org.asynchttpclient.netty.handler.HttpHandler - 

Request DefaultFullHttpRequest(decodeResult: success, version: HTTP/1.1, content: EmptyByteBufBE)
GET /session/26079f167df7c71a30170f51efee8486/element/0e4d12a1-9f80-4799-b58e-3784491b1e81/name HTTP/1.1
User-Agent: selenium/4.1.2 (java windows)
Cache-Control: no-cache
Content-Type: application/json; charset=utf-8
host: localhost:50340
accept: */*

Response DefaultHttpResponse(decodeResult: success, version: HTTP/1.1)
HTTP/1.1 200 OK
Content-Type: application/json; charset=utf-8
cache-control: no-cache
content-length: 16

15:38:54.426 [AsyncHttpClient-1-9] DEBUG org.asynchttpclient.netty.channel.ChannelManager - Adding key: http://localhost:50340 for channel [id: 0x16e298e1, L:/127.0.0.1:59358 - R:localhost/127.0.0.1:50340]
15:38:54.427 [Forwarding findElement on session 26079f167df7c71a30170f51efee8486 to remote] DEBUG org.asynchttpclient.netty.request.NettyRequestSender - Using pooled Channel '[id: 0x16e298e1, L:/127.0.0.1:59358 - R:localhost/127.0.0.1:50340]' for 'POST' to 'http://localhost:50340/session/26079f167df7c71a30170f51efee8486/element'
15:38:54.427 [Forwarding findElement on session 26079f167df7c71a30170f51efee8486 to remote] DEBUG org.asynchttpclient.netty.request.NettyRequestSender - Using open Channel [id: 0x16e298e1, L:/127.0.0.1:59358 - R:localhost/127.0.0.1:50340] for POST '/session/26079f167df7c71a30170f51efee8486/element'
15:38:54.434 [AsyncHttpClient-1-9] DEBUG org.asynchttpclient.netty.handler.HttpHandler - 

Request DefaultHttpRequest(decodeResult: success, version: HTTP/1.1)
POST /session/26079f167df7c71a30170f51efee8486/element HTTP/1.1
User-Agent: selenium/4.1.2 (java windows)
Content-Length: 81
Content-Type: application/json; charset=utf-8
host: localhost:50340
accept: */*

Response DefaultHttpResponse(decodeResult: success, version: HTTP/1.1)
HTTP/1.1 200 OK
Content-Type: application/json; charset=utf-8
cache-control: no-cache
content-length: 88

15:38:54.435 [AsyncHttpClient-1-9] DEBUG org.asynchttpclient.netty.channel.ChannelManager - Adding key: http://localhost:50340 for channel [id: 0x16e298e1, L:/127.0.0.1:59358 - R:localhost/127.0.0.1:50340]
15:38:54.436 [Forwarding clickElement on session 26079f167df7c71a30170f51efee8486 to remote] DEBUG org.asynchttpclient.netty.request.NettyRequestSender - Using pooled Channel '[id: 0x16e298e1, L:/127.0.0.1:59358 - R:localhost/127.0.0.1:50340]' for 'POST' to 'http://localhost:50340/session/26079f167df7c71a30170f51efee8486/element/0e4d12a1-9f80-4799-b58e-3784491b1e81/click'
15:38:54.436 [Forwarding clickElement on session 26079f167df7c71a30170f51efee8486 to remote] DEBUG org.asynchttpclient.netty.request.NettyRequestSender - Using open Channel [id: 0x16e298e1, L:/127.0.0.1:59358 - R:localhost/127.0.0.1:50340] for POST '/session/26079f167df7c71a30170f51efee8486/element/0e4d12a1-9f80-4799-b58e-3784491b1e81/click'
15:38:54.630 [AsyncHttpClient-1-1] DEBUG org.asynchttpclient.netty.channel.DefaultChannelPool - Entry count for : http://localhost:59360 : 1
15:38:54.916 [AsyncHttpClient-1-9] DEBUG org.asynchttpclient.netty.handler.HttpHandler - 

Request DefaultHttpRequest(decodeResult: success, version: HTTP/1.1)
POST /session/26079f167df7c71a30170f51efee8486/element/0e4d12a1-9f80-4799-b58e-3784491b1e81/click HTTP/1.1
User-Agent: selenium/4.1.2 (java windows)
Content-Length: 50
Content-Type: application/json; charset=utf-8
host: localhost:50340
accept: */*

Response DefaultHttpResponse(decodeResult: success, version: HTTP/1.1)
HTTP/1.1 200 OK
Content-Type: application/json; charset=utf-8
cache-control: no-cache
content-length: 14

15:38:54.916 [AsyncHttpClient-1-9] DEBUG org.asynchttpclient.netty.channel.ChannelManager - Adding key: http://localhost:50340 for channel [id: 0x16e298e1, L:/127.0.0.1:59358 - R:localhost/127.0.0.1:50340]
  &amp#27;[32mThen &amp#27;[0m&amp#27;[32mI click baby on the header&amp#27;[0m &amp#27;[90m# starter.stepdefinitions.BabyStep.iClickBabyOnTheHeader()&amp#27;[0m
15:38:54.929 [Forwarding screenshot on session 26079f167df7c71a30170f51efee8486 to remote] DEBUG org.asynchttpclient.netty.request.NettyRequestSender - Using pooled Channel '[id: 0x16e298e1, L:/127.0.0.1:59358 - R:localhost/127.0.0.1:50340]' for 'GET' to 'http://localhost:50340/session/26079f167df7c71a30170f51efee8486/screenshot'
15:38:54.930 [Forwarding screenshot on session 26079f167df7c71a30170f51efee8486 to remote] DEBUG org.asynchttpclient.netty.request.NettyRequestSender - Using open Channel [id: 0x16e298e1, L:/127.0.0.1:59358 - R:localhost/127.0.0.1:50340] for GET '/session/26079f167df7c71a30170f51efee8486/screenshot'
15:38:55.718 [AsyncHttpClient-1-1] DEBUG org.asynchttpclient.netty.channel.DefaultChannelPool - Entry count for : http://localhost:59360 : 1
15:38:55.862 [AsyncHttpClient-1-9] DEBUG org.asynchttpclient.netty.handler.HttpHandler - 

Request DefaultFullHttpRequest(decodeResult: success, version: HTTP/1.1, content: EmptyByteBufBE)
GET /session/26079f167df7c71a30170f51efee8486/screenshot HTTP/1.1
User-Agent: selenium/4.1.2 (java windows)
Cache-Control: no-cache
Content-Type: application/json; charset=utf-8
host: localhost:50340
accept: */*

Response DefaultHttpResponse(decodeResult: success, version: HTTP/1.1)
HTTP/1.1 200 OK
Content-Type: application/json; charset=utf-8
cache-control: no-cache
content-length: 137776

15:38:55.862 [AsyncHttpClient-1-9] DEBUG org.asynchttpclient.netty.channel.ChannelManager - Adding key: http://localhost:50340 for channel [id: 0x16e298e1, L:/127.0.0.1:59358 - R:localhost/127.0.0.1:50340]
15:38:55.867 [main] DEBUG net.serenitybdd.core.photography.Darkroom - Send negative for processing for target\site\serenity\66be97047e6167e11dbe91b68e4a22e675d657e3f92a8c80afba8fee62bd5186.png
15:38:55.874 [Forwarding findElement on session 26079f167df7c71a30170f51efee8486 to remote] DEBUG org.asynchttpclient.netty.request.NettyRequestSender - Using pooled Channel '[id: 0x16e298e1, L:/127.0.0.1:59358 - R:localhost/127.0.0.1:50340]' for 'POST' to 'http://localhost:50340/session/26079f167df7c71a30170f51efee8486/element'
15:38:55.874 [Forwarding findElement on session 26079f167df7c71a30170f51efee8486 to remote] DEBUG org.asynchttpclient.netty.request.NettyRequestSender - Using open Channel [id: 0x16e298e1, L:/127.0.0.1:59358 - R:localhost/127.0.0.1:50340] for POST '/session/26079f167df7c71a30170f51efee8486/element'
15:38:55.885 [AsyncHttpClient-1-9] DEBUG org.asynchttpclient.netty.handler.HttpHandler - 

Request DefaultHttpRequest(decodeResult: success, version: HTTP/1.1)
POST /session/26079f167df7c71a30170f51efee8486/element HTTP/1.1
User-Agent: selenium/4.1.2 (java windows)
Content-Length: 107
Content-Type: application/json; charset=utf-8
host: localhost:50340
accept: */*

Response DefaultHttpResponse(decodeResult: success, version: HTTP/1.1)
HTTP/1.1 200 OK
Content-Type: application/json; charset=utf-8
cache-control: no-cache
content-length: 88

15:38:55.886 [AsyncHttpClient-1-9] DEBUG org.asynchttpclient.netty.channel.ChannelManager - Adding key: http://localhost:50340 for channel [id: 0x16e298e1, L:/127.0.0.1:59358 - R:localhost/127.0.0.1:50340]
15:38:55.887 [Forwarding getElementTagName on session 26079f167df7c71a30170f51efee8486 to remote] DEBUG org.asynchttpclient.netty.request.NettyRequestSender - Using pooled Channel '[id: 0x16e298e1, L:/127.0.0.1:59358 - R:localhost/127.0.0.1:50340]' for 'GET' to 'http://localhost:50340/session/26079f167df7c71a30170f51efee8486/element/135152dc-8a6a-4297-825b-30211d45139a/name'
15:38:55.887 [Forwarding getElementTagName on session 26079f167df7c71a30170f51efee8486 to remote] DEBUG org.asynchttpclient.netty.request.NettyRequestSender - Using open Channel [id: 0x16e298e1, L:/127.0.0.1:59358 - R:localhost/127.0.0.1:50340] for GET '/session/26079f167df7c71a30170f51efee8486/element/135152dc-8a6a-4297-825b-30211d45139a/name'
15:38:55.891 [AsyncHttpClient-1-9] DEBUG org.asynchttpclient.netty.handler.HttpHandler - 

Request DefaultFullHttpRequest(decodeResult: success, version: HTTP/1.1, content: EmptyByteBufBE)
GET /session/26079f167df7c71a30170f51efee8486/element/135152dc-8a6a-4297-825b-30211d45139a/name HTTP/1.1
User-Agent: selenium/4.1.2 (java windows)
Cache-Control: no-cache
Content-Type: application/json; charset=utf-8
host: localhost:50340
accept: */*

Response DefaultHttpResponse(decodeResult: success, version: HTTP/1.1)
HTTP/1.1 200 OK
Content-Type: application/json; charset=utf-8
cache-control: no-cache
content-length: 16

15:38:55.891 [AsyncHttpClient-1-9] DEBUG org.asynchttpclient.netty.channel.ChannelManager - Adding key: http://localhost:50340 for channel [id: 0x16e298e1, L:/127.0.0.1:59358 - R:localhost/127.0.0.1:50340]
15:38:55.892 [Forwarding getElementTagName on session 26079f167df7c71a30170f51efee8486 to remote] DEBUG org.asynchttpclient.netty.request.NettyRequestSender - Using pooled Channel '[id: 0x16e298e1, L:/127.0.0.1:59358 - R:localhost/127.0.0.1:50340]' for 'GET' to 'http://localhost:50340/session/26079f167df7c71a30170f51efee8486/element/135152dc-8a6a-4297-825b-30211d45139a/name'
15:38:55.892 [Forwarding getElementTagName on session 26079f167df7c71a30170f51efee8486 to remote] DEBUG org.asynchttpclient.netty.request.NettyRequestSender - Using open Channel [id: 0x16e298e1, L:/127.0.0.1:59358 - R:localhost/127.0.0.1:50340] for GET '/session/26079f167df7c71a30170f51efee8486/element/135152dc-8a6a-4297-825b-30211d45139a/name'
15:38:55.895 [AsyncHttpClient-1-9] DEBUG org.asynchttpclient.netty.handler.HttpHandler - 

Request DefaultFullHttpRequest(decodeResult: success, version: HTTP/1.1, content: EmptyByteBufBE)
GET /session/26079f167df7c71a30170f51efee8486/element/135152dc-8a6a-4297-825b-30211d45139a/name HTTP/1.1
User-Agent: selenium/4.1.2 (java windows)
Cache-Control: no-cache
Content-Type: application/json; charset=utf-8
host: localhost:50340
accept: */*

Response DefaultHttpResponse(decodeResult: success, version: HTTP/1.1)
HTTP/1.1 200 OK
Content-Type: application/json; charset=utf-8
cache-control: no-cache
content-length: 16

15:38:55.895 [AsyncHttpClient-1-9] DEBUG org.asynchttpclient.netty.channel.ChannelManager - Adding key: http://localhost:50340 for channel [id: 0x16e298e1, L:/127.0.0.1:59358 - R:localhost/127.0.0.1:50340]
15:38:55.896 [Forwarding findElement on session 26079f167df7c71a30170f51efee8486 to remote] DEBUG org.asynchttpclient.netty.request.NettyRequestSender - Using pooled Channel '[id: 0x16e298e1, L:/127.0.0.1:59358 - R:localhost/127.0.0.1:50340]' for 'POST' to 'http://localhost:50340/session/26079f167df7c71a30170f51efee8486/element'
15:38:55.896 [Forwarding findElement on session 26079f167df7c71a30170f51efee8486 to remote] DEBUG org.asynchttpclient.netty.request.NettyRequestSender - Using open Channel [id: 0x16e298e1, L:/127.0.0.1:59358 - R:localhost/127.0.0.1:50340] for POST '/session/26079f167df7c71a30170f51efee8486/element'
15:38:55.904 [AsyncHttpClient-1-9] DEBUG org.asynchttpclient.netty.handler.HttpHandler - 

Request DefaultHttpRequest(decodeResult: success, version: HTTP/1.1)
POST /session/26079f167df7c71a30170f51efee8486/element HTTP/1.1
User-Agent: selenium/4.1.2 (java windows)
Content-Length: 107
Content-Type: application/json; charset=utf-8
host: localhost:50340
accept: */*

Response DefaultHttpResponse(decodeResult: success, version: HTTP/1.1)
HTTP/1.1 200 OK
Content-Type: application/json; charset=utf-8
cache-control: no-cache
content-length: 88

15:38:55.904 [AsyncHttpClient-1-9] DEBUG org.asynchttpclient.netty.channel.ChannelManager - Adding key: http://localhost:50340 for channel [id: 0x16e298e1, L:/127.0.0.1:59358 - R:localhost/127.0.0.1:50340]
15:38:55.906 [Forwarding clickElement on session 26079f167df7c71a30170f51efee8486 to remote] DEBUG org.asynchttpclient.netty.request.NettyRequestSender - Using pooled Channel '[id: 0x16e298e1, L:/127.0.0.1:59358 - R:localhost/127.0.0.1:50340]' for 'POST' to 'http://localhost:50340/session/26079f167df7c71a30170f51efee8486/element/135152dc-8a6a-4297-825b-30211d45139a/click'
15:38:55.906 [Forwarding clickElement on session 26079f167df7c71a30170f51efee8486 to remote] DEBUG org.asynchttpclient.netty.request.NettyRequestSender - Using open Channel [id: 0x16e298e1, L:/127.0.0.1:59358 - R:localhost/127.0.0.1:50340] for POST '/session/26079f167df7c71a30170f51efee8486/element/135152dc-8a6a-4297-825b-30211d45139a/click'
15:38:56.088 [AsyncHttpClient-1-9] DEBUG org.asynchttpclient.netty.handler.HttpHandler - 

Request DefaultHttpRequest(decodeResult: success, version: HTTP/1.1)
POST /session/26079f167df7c71a30170f51efee8486/element/135152dc-8a6a-4297-825b-30211d45139a/click HTTP/1.1
User-Agent: selenium/4.1.2 (java windows)
Content-Length: 50
Content-Type: application/json; charset=utf-8
host: localhost:50340
accept: */*

Response DefaultHttpResponse(decodeResult: success, version: HTTP/1.1)
HTTP/1.1 200 OK
Content-Type: application/json; charset=utf-8
cache-control: no-cache
content-length: 14

15:38:56.088 [AsyncHttpClient-1-9] DEBUG org.asynchttpclient.netty.channel.ChannelManager - Adding key: http://localhost:50340 for channel [id: 0x16e298e1, L:/127.0.0.1:59358 - R:localhost/127.0.0.1:50340]
  &amp#27;[32mWhen &amp#27;[0m&amp#27;[32mI will go to &amp#27;[0m&amp#27;[32m&amp#27;[1m"aksesoris2"&amp#27;[0m  &amp#27;[90m# starter.stepdefinitions.BabyStep.iWillGoTo(java.lang.String)&amp#27;[0m
15:38:56.096 [Forwarding screenshot on session 26079f167df7c71a30170f51efee8486 to remote] DEBUG org.asynchttpclient.netty.request.NettyRequestSender - Using pooled Channel '[id: 0x16e298e1, L:/127.0.0.1:59358 - R:localhost/127.0.0.1:50340]' for 'GET' to 'http://localhost:50340/session/26079f167df7c71a30170f51efee8486/screenshot'
15:38:56.096 [Forwarding screenshot on session 26079f167df7c71a30170f51efee8486 to remote] DEBUG org.asynchttpclient.netty.request.NettyRequestSender - Using open Channel [id: 0x16e298e1, L:/127.0.0.1:59358 - R:localhost/127.0.0.1:50340] for GET '/session/26079f167df7c71a30170f51efee8486/screenshot'
15:38:56.419 [AsyncHttpClient-1-9] DEBUG org.asynchttpclient.netty.handler.HttpHandler - 

Request DefaultFullHttpRequest(decodeResult: success, version: HTTP/1.1, content: EmptyByteBufBE)
GET /session/26079f167df7c71a30170f51efee8486/screenshot HTTP/1.1
User-Agent: selenium/4.1.2 (java windows)
Cache-Control: no-cache
Content-Type: application/json; charset=utf-8
host: localhost:50340
accept: */*

Response DefaultHttpResponse(decodeResult: success, version: HTTP/1.1)
HTTP/1.1 200 OK
Content-Type: application/json; charset=utf-8
cache-control: no-cache
content-length: 82600

15:38:56.420 [AsyncHttpClient-1-9] DEBUG org.asynchttpclient.netty.channel.ChannelManager - Adding key: http://localhost:50340 for channel [id: 0x16e298e1, L:/127.0.0.1:59358 - R:localhost/127.0.0.1:50340]
15:38:56.424 [main] DEBUG net.serenitybdd.core.photography.Darkroom - Send negative for processing for target\site\serenity\cc4f8adf80f27b4ec0420c88e90477eeed4d195e7d39e470076c3eaf51f79f83.png
15:38:56.425 [Darkroom Processing Line] DEBUG net.serenitybdd.core.photography.DarkroomProcessingLine - Processing screenshot image in /var/screenshots/screenshot-1476504103373248880
15:38:56.425 [Darkroom Processing Line] DEBUG net.serenitybdd.core.photography.DarkroomProcessingLine - Saving screenshot to target\site\serenity\cc4f8adf80f27b4ec0420c88e90477eeed4d195e7d39e470076c3eaf51f79f83.png
  &amp#27;[32mAnd &amp#27;[0m&amp#27;[32mI &amp#27;[0m&amp#27;[32m&amp#27;[1m""&amp#27;[0m&amp#27;[32m page&amp#27;[0m                   &amp#27;[90m# starter.stepdefinitions.BabyStep.iPage(java.lang.String)&amp#27;[0m
15:38:56.437 [AsyncHttpClient-1-11] DEBUG org.asynchttpclient.netty.handler.WebSocketHandler - Channel Closed: [id: 0xdb9795fa, L:/127.0.0.1:59367 ! R:localhost/127.0.0.1:59360] with attribute NettyResponseFuture{currentRetry=5,
	isDone=1,
	isCancelled=0,
	asyncHandler=org.asynchttpclient.ws.WebSocketUpgradeHandler@2dba27f6,
	nettyRequest=org.asynchttpclient.netty.request.NettyRequest@7af66fd,
	future=java.util.concurrent.CompletableFuture@2cf0ebbd[Completed normally],
	uri=ws://localhost:59360/devtools/browser/6a379085-8c48-44cf-966f-38aabf05ad66,
	keepAlive=true,
	redirectCount=0,
	timeoutsHolder=null,
	inAuth=0,
	touch=1680683928307}
15:38:56.437 [AsyncHttpClient-1-11] DEBUG org.asynchttpclient.netty.channel.ChannelManager - Closing Channel [id: 0xdb9795fa, L:/127.0.0.1:59367 ! R:localhost/127.0.0.1:59360] 
15:38:56.437 [Driver Command Executor] DEBUG org.asynchttpclient.netty.request.NettyRequestSender - Using pooled Channel '[id: 0x16e298e1, L:/127.0.0.1:59358 - R:localhost/127.0.0.1:50340]' for 'DELETE' to 'http://localhost:50340/session/26079f167df7c71a30170f51efee8486'
15:38:56.437 [Driver Command Executor] DEBUG org.asynchttpclient.netty.request.NettyRequestSender - Using open Channel [id: 0x16e298e1, L:/127.0.0.1:59358 - R:localhost/127.0.0.1:50340] for DELETE '/session/26079f167df7c71a30170f51efee8486'
15:38:56.464 [AsyncHttpClient-1-10] DEBUG org.asynchttpclient.netty.handler.HttpHandler - Unexpected I/O exception on channel [id: 0x81bcec9d, L:/127.0.0.1:59366 - R:localhost/127.0.0.1:59360]
java.net.SocketException: Connection reset
	at java.base/sun.nio.ch.SocketChannelImpl.throwConnectionReset(SocketChannelImpl.java:345)
	at java.base/sun.nio.ch.SocketChannelImpl.read(SocketChannelImpl.java:376)
	at io.netty.buffer.PooledByteBuf.setBytes(PooledByteBuf.java:258)
	at io.netty.buffer.AbstractByteBuf.writeBytes(AbstractByteBuf.java:1132)
	at io.netty.channel.socket.nio.NioSocketChannel.doReadBytes(NioSocketChannel.java:350)
	at io.netty.channel.nio.AbstractNioByteChannel$NioByteUnsafe.read(AbstractNioByteChannel.java:151)
	at io.netty.channel.nio.NioEventLoop.processSelectedKey(NioEventLoop.java:722)
	at io.netty.channel.nio.NioEventLoop.processSelectedKeysOptimized(NioEventLoop.java:658)
	at io.netty.channel.nio.NioEventLoop.processSelectedKeys(NioEventLoop.java:584)
	at io.netty.channel.nio.NioEventLoop.run(NioEventLoop.java:496)
	at io.netty.util.concurrent.SingleThreadEventExecutor$4.run(SingleThreadEventExecutor.java:986)
	at io.netty.util.internal.ThreadExecutorMap$2.run(ThreadExecutorMap.java:74)
	at io.netty.util.concurrent.FastThreadLocalRunnable.run(FastThreadLocalRunnable.java:30)
	at java.base/java.lang.Thread.run(Thread.java:830)
15:38:56.464 [AsyncHttpClient-1-10] DEBUG org.asynchttpclient.netty.channel.ChannelManager - Closing Channel [id: 0x81bcec9d, L:/127.0.0.1:59366 - R:localhost/127.0.0.1:59360] 
15:38:56.464 [AsyncHttpClient-1-10] DEBUG org.asynchttpclient.netty.handler.HttpHandler - Channel Closed: [id: 0x81bcec9d, L:/127.0.0.1:59366 ! R:localhost/127.0.0.1:59360] with attribute DISCARD
15:38:56.510 [AsyncHttpClient-1-9] DEBUG org.asynchttpclient.netty.handler.HttpHandler - 

Request DefaultFullHttpRequest(decodeResult: success, version: HTTP/1.1, content: EmptyByteBufBE)
DELETE /session/26079f167df7c71a30170f51efee8486 HTTP/1.1
User-Agent: selenium/4.1.2 (java windows)
Content-Type: application/json; charset=utf-8
host: localhost:50340
accept: */*

Response DefaultHttpResponse(decodeResult: success, version: HTTP/1.1)
HTTP/1.1 200 OK
Content-Type: application/json; charset=utf-8
cache-control: no-cache
content-length: 14

15:38:56.511 [AsyncHttpClient-1-9] DEBUG org.asynchttpclient.netty.channel.ChannelManager - Adding key: http://localhost:50340 for channel [id: 0x16e298e1, L:/127.0.0.1:59358 - R:localhost/127.0.0.1:50340]
15:38:56.625 [AsyncHttpClient-1-9] DEBUG org.asynchttpclient.netty.handler.HttpHandler - Channel Closed: [id: 0x16e298e1, L:/127.0.0.1:59358 ! R:localhost/127.0.0.1:50340] with attribute DISCARD
15:38:56.816 [AsyncHttpClient-1-1] DEBUG org.asynchttpclient.netty.channel.DefaultChannelPool - Entry count for : http://localhost:50340 : 1
15:38:56.816 [AsyncHttpClient-1-1] DEBUG org.asynchttpclient.netty.channel.DefaultChannelPool - Entry count for : http://localhost:59360 : 1
15:38:56.816 [AsyncHttpClient-1-1] DEBUG org.asynchttpclient.netty.channel.DefaultChannelPool - Adding Candidate expired Channel [id: 0x16e298e1, L:/127.0.0.1:59358 ! R:localhost/127.0.0.1:50340] isIdleTimeoutExpired=false isRemotelyClosed=true isTtlExpired=false
15:38:56.816 [AsyncHttpClient-1-1] DEBUG org.asynchttpclient.netty.channel.DefaultChannelPool - Closing Idle Channel [id: 0x16e298e1, L:/127.0.0.1:59358 ! R:localhost/127.0.0.1:50340]
15:38:56.816 [AsyncHttpClient-1-1] DEBUG org.asynchttpclient.netty.channel.DefaultChannelPool - Adding Candidate expired Channel [id: 0x81bcec9d, L:/127.0.0.1:59366 ! R:localhost/127.0.0.1:59360] isIdleTimeoutExpired=false isRemotelyClosed=true isTtlExpired=false
15:38:56.816 [AsyncHttpClient-1-1] DEBUG org.asynchttpclient.netty.channel.DefaultChannelPool - Closing Idle Channel [id: 0x81bcec9d, L:/127.0.0.1:59366 ! R:localhost/127.0.0.1:59360]
15:38:56.816 [AsyncHttpClient-1-1] DEBUG org.asynchttpclient.netty.channel.DefaultChannelPool - Closed 2 connections out of 2 in 0 ms
]]></system-out>
    <system-err><![CDATA[Starting Microsoft Edge WebDriver 111.0.1661.62 (0a8f453929e6410c973aa529a40485ce4e3e03db) on port 50340
To submit feedback, report a bug, or suggest new features, please visit https://github.com/MicrosoftEdge/EdgeWebDriver

Only local connections are allowed.
Please see https://aka.ms/WebDriverSecurity for suggestions on keeping Microsoft Edge WebDriver safe.

Microsoft Edge WebDriver was started successfully.
Apr 05, 2023 3:38:48 PM org.openqa.selenium.remote.ProtocolHandshake createSession
INFO: Detected dialect: W3C
Apr 05, 2023 3:38:48 PM org.openqa.selenium.devtools.CdpVersionFinder findNearestMatch
WARNING: Unable to find an exact match for CDP version 111, so returning the closest version found: a no-op implementation
Apr 05, 2023 3:38:48 PM org.openqa.selenium.devtools.CdpVersionFinder findNearestMatch
INFO: Unable to find CDP implementation matching 111.
Apr 05, 2023 3:38:48 PM org.openqa.selenium.chromium.ChromiumDriver lambda$new$3
WARNING: Unable to find version of CDP to use for . You may need to include a dependency on a specific version of the CDP using something similar to `org.seleniumhq.selenium:selenium-devtools-v86:4.1.2` where the version ("v86") matches the version of the chromium-based browser you're using and the version number of the artifact is the same as Selenium's.
]]></system-err>
  </testcase>
</testsuite>