<?xml version="1.0" encoding="UTF-8"?>
<testsuite xmlns:xsi="http://www.w3.org/2001/XMLSchema-instance" xsi:noNamespaceSchemaLocation="https://maven.apache.org/surefire/maven-failsafe-plugin/xsd/failsafe-test-report-3.0.xsd" version="3.0" name="CucumberTestSuite" time="396.325" tests="26" errors="0" skipped="0" failures="0">
  <properties>
    <property name="java.specification.version" value="13"/>
    <property name="sun.cpu.isalist" value="amd64"/>
    <property name="sun.jnu.encoding" value="Cp1252"/>
    <property name="java.class.path" value="C:\Users\alwi\IdeaProjects\uniqloweb\target\test-classes;C:\Users\alwi\.m2\repository\net\serenity-bdd\serenity-core\3.2.1\serenity-core-3.2.1.jar;C:\Users\alwi\.m2\repository\net\serenity-bdd\serenity-model\3.2.1\serenity-model-3.2.1.jar;C:\Users\alwi\.m2\repository\org\apache\commons\commons-text\1.9\commons-text-1.9.jar;C:\Users\alwi\.m2\repository\commons-net\commons-net\3.8.0\commons-net-3.8.0.jar;C:\Users\alwi\.m2\repository\com\google\guava\guava\31.1-jre\guava-31.1-jre.jar;C:\Users\alwi\.m2\repository\com\google\guava\failureaccess\1.0.1\failureaccess-1.0.1.jar;C:\Users\alwi\.m2\repository\com\google\guava\listenablefuture\9999.0-empty-to-avoid-conflict-with-guava\listenablefuture-9999.0-empty-to-avoid-conflict-with-guava.jar;C:\Users\alwi\.m2\repository\com\google\code\findbugs\jsr305\3.0.2\jsr305-3.0.2.jar;C:\Users\alwi\.m2\repository\org\checkerframework\checker-qual\3.12.0\checker-qual-3.12.0.jar;C:\Users\alwi\.m2\repository\com\google\errorprone\error_prone_annotations\2.11.0\error_prone_annotations-2.11.0.jar;C:\Users\alwi\.m2\repository\com\google\j2objc\j2objc-annotations\1.3\j2objc-annotations-1.3.jar;C:\Users\alwi\.m2\repository\com\google\inject\guice\5.1.0\guice-5.1.0.jar;C:\Users\alwi\.m2\repository\javax\inject\javax.inject\1\javax.inject-1.jar;C:\Users\alwi\.m2\repository\aopalliance\aopalliance\1.0\aopalliance-1.0.jar;C:\Users\alwi\.m2\repository\org\jsoup\jsoup\1.14.3\jsoup-1.14.3.jar;C:\Users\alwi\.m2\repository\com\thoughtworks\xstream\xstream\1.4.19\xstream-1.4.19.jar;C:\Users\alwi\.m2\repository\io\github\x-stream\mxparser\1.2.2\mxparser-1.2.2.jar;C:\Users\alwi\.m2\repository\xmlpull\xmlpull\1.1.3.1\xmlpull-1.1.3.1.jar;C:\Users\alwi\.m2\repository\io\cucumber\cucumber-java\7.2.3\cucumber-java-7.2.3.jar;C:\Users\alwi\.m2\repository\com\typesafe\config\1.4.2\config-1.4.2.jar;C:\Users\alwi\.m2\repository\org\imgscalr\imgscalr-lib\4.2\imgscalr-lib-4.2.jar;C:\Users\alwi\.m2\repository\org\awaitility\awaitility\4.2.0\awaitility-4.2.0.jar;C:\Users\alwi\.m2\repository\org\freemarker\freemarker\2.3.31\freemarker-2.3.31.jar;C:\Users\alwi\.m2\repository\io\github\classgraph\classgraph\4.8.138\classgraph-4.8.138.jar;C:\Users\alwi\.m2\repository\net\sourceforge\jexcelapi\jxl\2.6.12\jxl-2.6.12.jar;C:\Users\alwi\.m2\repository\net\bytebuddy\byte-buddy\1.12.8\byte-buddy-1.12.8.jar;C:\Users\alwi\.m2\repository\net\bytebuddy\byte-buddy-agent\1.12.8\byte-buddy-agent-1.12.8.jar;C:\Users\alwi\.m2\repository\org\objenesis\objenesis\3.1\objenesis-3.1.jar;C:\Users\alwi\.m2\repository\net\serenity-bdd\serenity-reports\3.2.1\serenity-reports-3.2.1.jar;C:\Users\alwi\.m2\repository\net\serenity-bdd\serenity-stats\3.2.1\serenity-stats-3.2.1.jar;C:\Users\alwi\.m2\repository\net\serenity-bdd\serenity-reports-configuration\3.2.1\serenity-reports-configuration-3.2.1.jar;C:\Users\alwi\.m2\repository\com\vladsch\flexmark\flexmark-all\0.34.30\flexmark-all-0.34.30.jar;C:\Users\alwi\.m2\repository\com\vladsch\flexmark\flexmark\0.34.30\flexmark-0.34.30.jar;C:\Users\alwi\.m2\repository\com\vladsch\flexmark\flexmark-ext-abbreviation\0.34.30\flexmark-ext-abbreviation-0.34.30.jar;C:\Users\alwi\.m2\repository\com\vladsch\flexmark\flexmark-ext-admonition\0.34.30\flexmark-ext-admonition-0.34.30.jar;C:\Users\alwi\.m2\repository\com\vladsch\flexmark\flexmark-ext-anchorlink\0.34.30\flexmark-ext-anchorlink-0.34.30.jar;C:\Users\alwi\.m2\repository\com\vladsch\flexmark\flexmark-ext-aside\0.34.30\flexmark-ext-aside-0.34.30.jar;C:\Users\alwi\.m2\repository\com\vladsch\flexmark\flexmark-ext-attributes\0.34.30\flexmark-ext-attributes-0.34.30.jar;C:\Users\alwi\.m2\repository\com\vladsch\flexmark\flexmark-ext-autolink\0.34.30\flexmark-ext-autolink-0.34.30.jar;C:\Users\alwi\.m2\repository\org\nibor\autolink\autolink\0.6.0\autolink-0.6.0.jar;C:\Users\alwi\.m2\repository\com\vladsch\flexmark\flexmark-ext-definition\0.34.30\flexmark-ext-definition-0.34.30.jar;C:\Users\alwi\.m2\repository\com\vladsch\flexmark\flexmark-ext-emoji\0.34.30\flexmark-ext-emoji-0.34.30.jar;C:\Users\alwi\.m2\repository\com\vladsch\flexmark\flexmark-ext-enumerated-reference\0.34.30\flexmark-ext-enumerated-reference-0.34.30.jar;C:\Users\alwi\.m2\repository\com\vladsch\flexmark\flexmark-ext-escaped-character\0.34.30\flexmark-ext-escaped-character-0.34.30.jar;C:\Users\alwi\.m2\repository\com\vladsch\flexmark\flexmark-ext-footnotes\0.34.30\flexmark-ext-footnotes-0.34.30.jar;C:\Users\alwi\.m2\repository\com\vladsch\flexmark\flexmark-ext-gfm-issues\0.34.30\flexmark-ext-gfm-issues-0.34.30.jar;C:\Users\alwi\.m2\repository\com\vladsch\flexmark\flexmark-ext-gfm-strikethrough\0.34.30\flexmark-ext-gfm-strikethrough-0.34.30.jar;C:\Users\alwi\.m2\repository\com\vladsch\flexmark\flexmark-ext-gfm-tables\0.34.30\flexmark-ext-gfm-tables-0.34.30.jar;C:\Users\alwi\.m2\repository\com\vladsch\flexmark\flexmark-ext-gfm-tasklist\0.34.30\flexmark-ext-gfm-tasklist-0.34.30.jar;C:\Users\alwi\.m2\repository\com\vladsch\flexmark\flexmark-ext-gfm-users\0.34.30\flexmark-ext-gfm-users-0.34.30.jar;C:\Users\alwi\.m2\repository\com\vladsch\flexmark\flexmark-ext-gitlab\0.34.30\flexmark-ext-gitlab-0.34.30.jar;C:\Users\alwi\.m2\repository\com\vladsch\flexmark\flexmark-ext-jekyll-front-matter\0.34.30\flexmark-ext-jekyll-front-matter-0.34.30.jar;C:\Users\alwi\.m2\repository\com\vladsch\flexmark\flexmark-ext-jekyll-tag\0.34.30\flexmark-ext-jekyll-tag-0.34.30.jar;C:\Users\alwi\.m2\repository\com\vladsch\flexmark\flexmark-ext-media-tags\0.34.30\flexmark-ext-media-tags-0.34.30.jar;C:\Users\alwi\.m2\repository\com\vladsch\flexmark\flexmark-test-util\0.34.30\flexmark-test-util-0.34.30.jar;C:\Users\alwi\.m2\repository\com\vladsch\flexmark\flexmark-ext-ins\0.34.30\flexmark-ext-ins-0.34.30.jar;C:\Users\alwi\.m2\repository\com\vladsch\flexmark\flexmark-ext-xwiki-macros\0.34.30\flexmark-ext-xwiki-macros-0.34.30.jar;C:\Users\alwi\.m2\repository\com\vladsch\flexmark\flexmark-ext-superscript\0.34.30\flexmark-ext-superscript-0.34.30.jar;C:\Users\alwi\.m2\repository\com\vladsch\flexmark\flexmark-ext-tables\0.34.30\flexmark-ext-tables-0.34.30.jar;C:\Users\alwi\.m2\repository\com\vladsch\flexmark\flexmark-ext-toc\0.34.30\flexmark-ext-toc-0.34.30.jar;C:\Users\alwi\.m2\repository\com\vladsch\flexmark\flexmark-ext-typographic\0.34.30\flexmark-ext-typographic-0.34.30.jar;C:\Users\alwi\.m2\repository\com\vladsch\flexmark\flexmark-ext-wikilink\0.34.30\flexmark-ext-wikilink-0.34.30.jar;C:\Users\alwi\.m2\repository\com\vladsch\flexmark\flexmark-ext-yaml-front-matter\0.34.30\flexmark-ext-yaml-front-matter-0.34.30.jar;C:\Users\alwi\.m2\repository\com\vladsch\flexmark\flexmark-ext-youtube-embedded\0.34.30\flexmark-ext-youtube-embedded-0.34.30.jar;C:\Users\alwi\.m2\repository\com\vladsch\flexmark\flexmark-formatter\0.34.30\flexmark-formatter-0.34.30.jar;C:\Users\alwi\.m2\repository\com\vladsch\flexmark\flexmark-html-parser\0.34.30\flexmark-html-parser-0.34.30.jar;C:\Users\alwi\.m2\repository\com\vladsch\flexmark\flexmark-jira-converter\0.34.30\flexmark-jira-converter-0.34.30.jar;C:\Users\alwi\.m2\repository\com\vladsch\flexmark\flexmark-pdf-converter\0.34.30\flexmark-pdf-converter-0.34.30.jar;C:\Users\alwi\.m2\repository\com\openhtmltopdf\openhtmltopdf-core\0.0.1-RC13\openhtmltopdf-core-0.0.1-RC13.jar;C:\Users\alwi\.m2\repository\com\openhtmltopdf\openhtmltopdf-pdfbox\0.0.1-RC13\openhtmltopdf-pdfbox-0.0.1-RC13.jar;C:\Users\alwi\.m2\repository\org\apache\pdfbox\pdfbox\2.0.8\pdfbox-2.0.8.jar;C:\Users\alwi\.m2\repository\org\apache\pdfbox\fontbox\2.0.8\fontbox-2.0.8.jar;C:\Users\alwi\.m2\repository\commons-logging\commons-logging\1.2\commons-logging-1.2.jar;C:\Users\alwi\.m2\repository\org\apache\pdfbox\xmpbox\2.0.8\xmpbox-2.0.8.jar;C:\Users\alwi\.m2\repository\de\rototor\pdfbox\graphics2d\0.12\graphics2d-0.12.jar;C:\Users\alwi\.m2\repository\com\openhtmltopdf\openhtmltopdf-rtl-support\0.0.1-RC13\openhtmltopdf-rtl-support-0.0.1-RC13.jar;C:\Users\alwi\.m2\repository\com\ibm\icu\icu4j\59.1\icu4j-59.1.jar;C:\Users\alwi\.m2\repository\com\openhtmltopdf\openhtmltopdf-jsoup-dom-converter\0.0.1-RC13\openhtmltopdf-jsoup-dom-converter-0.0.1-RC13.jar;C:\Users\alwi\.m2\repository\com\vladsch\flexmark\flexmark-profile-pegdown\0.34.30\flexmark-profile-pegdown-0.34.30.jar;C:\Users\alwi\.m2\repository\com\vladsch\flexmark\flexmark-util\0.34.30\flexmark-util-0.34.30.jar;C:\Users\alwi\.m2\repository\com\vladsch\flexmark\flexmark-youtrack-converter\0.34.30\flexmark-youtrack-converter-0.34.30.jar;C:\Users\alwi\.m2\repository\es\nitaur\markdown\txtmark\0.16\txtmark-0.16.jar;C:\Users\alwi\.m2\repository\net\serenity-bdd\serenity-report-resources\3.2.1\serenity-report-resources-3.2.1.jar;C:\Users\alwi\.m2\repository\com\google\code\gson\gson\2.9.0\gson-2.9.0.jar;C:\Users\alwi\.m2\repository\com\fasterxml\jackson\core\jackson-core\2.13.2\jackson-core-2.13.2.jar;C:\Users\alwi\.m2\repository\com\fasterxml\jackson\core\jackson-databind\2.13.2\jackson-databind-2.13.2.jar;C:\Users\alwi\.m2\repository\com\fasterxml\jackson\core\jackson-annotations\2.13.2\jackson-annotations-2.13.2.jar;C:\Users\alwi\.m2\repository\commons-codec\commons-codec\1.15\commons-codec-1.15.jar;C:\Users\alwi\.m2\repository\commons-io\commons-io\2.11.0\commons-io-2.11.0.jar;C:\Users\alwi\.m2\repository\org\seleniumhq\selenium\selenium-java\4.1.2\selenium-java-4.1.2.jar;C:\Users\alwi\.m2\repository\org\seleniumhq\selenium\selenium-devtools-v85\4.1.2\selenium-devtools-v85-4.1.2.jar;C:\Users\alwi\.m2\repository\org\seleniumhq\selenium\selenium-devtools-v95\4.1.2\selenium-devtools-v95-4.1.2.jar;C:\Users\alwi\.m2\repository\org\seleniumhq\selenium\selenium-devtools-v96\4.1.2\selenium-devtools-v96-4.1.2.jar;C:\Users\alwi\.m2\repository\org\seleniumhq\selenium\selenium-devtools-v97\4.1.2\selenium-devtools-v97-4.1.2.jar;C:\Users\alwi\.m2\repository\org\seleniumhq\selenium\selenium-firefox-xpi-driver\4.1.2\selenium-firefox-xpi-driver-4.1.2.jar;C:\Users\alwi\.m2\repository\org\seleniumhq\selenium\selenium-opera-driver\4.1.2\selenium-opera-driver-4.1.2.jar;C:\Users\alwi\.m2\repository\org\seleniumhq\selenium\selenium-remote-driver\4.1.2\selenium-remote-driver-4.1.2.jar;C:\Users\alwi\.m2\repository\com\beust\jcommander\1.82\jcommander-1.82.jar;C:\Users\alwi\.m2\repository\io\netty\netty-buffer\4.1.73.Final\netty-buffer-4.1.73.Final.jar;C:\Users\alwi\.m2\repository\io\netty\netty-codec-http\4.1.73.Final\netty-codec-http-4.1.73.Final.jar;C:\Users\alwi\.m2\repository\io\netty\netty-codec\4.1.73.Final\netty-codec-4.1.73.Final.jar;C:\Users\alwi\.m2\repository\io\netty\netty-handler\4.1.73.Final\netty-handler-4.1.73.Final.jar;C:\Users\alwi\.m2\repository\io\netty\netty-tcnative-classes\2.0.46.Final\netty-tcnative-classes-2.0.46.Final.jar;C:\Users\alwi\.m2\repository\io\netty\netty-common\4.1.73.Final\netty-common-4.1.73.Final.jar;C:\Users\alwi\.m2\repository\io\netty\netty-transport-classes-epoll\4.1.73.Final\netty-transport-classes-epoll-4.1.73.Final.jar;C:\Users\alwi\.m2\repository\io\netty\netty-transport-classes-kqueue\4.1.73.Final\netty-transport-classes-kqueue-4.1.73.Final.jar;C:\Users\alwi\.m2\repository\io\netty\netty-transport-native-epoll\4.1.73.Final\netty-transport-native-epoll-4.1.73.Final.jar;C:\Users\alwi\.m2\repository\io\netty\netty-transport-native-kqueue\4.1.73.Final\netty-transport-native-kqueue-4.1.73.Final.jar;C:\Users\alwi\.m2\repository\io\netty\netty-transport-native-unix-common\4.1.73.Final\netty-transport-native-unix-common-4.1.73.Final.jar;C:\Users\alwi\.m2\repository\io\netty\netty-transport\4.1.73.Final\netty-transport-4.1.73.Final.jar;C:\Users\alwi\.m2\repository\io\netty\netty-resolver\4.1.73.Final\netty-resolver-4.1.73.Final.jar;C:\Users\alwi\.m2\repository\io\opentelemetry\opentelemetry-api\1.10.1\opentelemetry-api-1.10.1.jar;C:\Users\alwi\.m2\repository\io\opentelemetry\opentelemetry-context\1.10.1\opentelemetry-context-1.10.1.jar;C:\Users\alwi\.m2\repository\io\opentelemetry\opentelemetry-exporter-logging\1.10.1\opentelemetry-exporter-logging-1.10.1.jar;C:\Users\alwi\.m2\repository\io\opentelemetry\opentelemetry-sdk-metrics\1.10.1-alpha\opentelemetry-sdk-metrics-1.10.1-alpha.jar;C:\Users\alwi\.m2\repository\io\opentelemetry\opentelemetry-sdk-logs\1.10.1-alpha\opentelemetry-sdk-logs-1.10.1-alpha.jar;C:\Users\alwi\.m2\repository\io\opentelemetry\opentelemetry-sdk-common\1.10.1\opentelemetry-sdk-common-1.10.1.jar;C:\Users\alwi\.m2\repository\io\opentelemetry\opentelemetry-sdk-extension-autoconfigure-spi\1.10.1\opentelemetry-sdk-extension-autoconfigure-spi-1.10.1.jar;C:\Users\alwi\.m2\repository\io\opentelemetry\opentelemetry-sdk-extension-autoconfigure\1.10.1-alpha\opentelemetry-sdk-extension-autoconfigure-1.10.1-alpha.jar;C:\Users\alwi\.m2\repository\io\opentelemetry\opentelemetry-sdk-trace\1.10.1\opentelemetry-sdk-trace-1.10.1.jar;C:\Users\alwi\.m2\repository\io\opentelemetry\opentelemetry-sdk\1.10.1\opentelemetry-sdk-1.10.1.jar;C:\Users\alwi\.m2\repository\io\opentelemetry\opentelemetry-semconv\1.10.1-alpha\opentelemetry-semconv-1.10.1-alpha.jar;C:\Users\alwi\.m2\repository\io\ous\jtoml\2.0.0\jtoml-2.0.0.jar;C:\Users\alwi\.m2\repository\org\apache\commons\commons-exec\1.3\commons-exec-1.3.jar;C:\Users\alwi\.m2\repository\org\asynchttpclient\async-http-client\2.12.3\async-http-client-2.12.3.jar;C:\Users\alwi\.m2\repository\org\asynchttpclient\async-http-client-netty-utils\2.12.3\async-http-client-netty-utils-2.12.3.jar;C:\Users\alwi\.m2\repository\io\netty\netty-codec-socks\4.1.60.Final\netty-codec-socks-4.1.60.Final.jar;C:\Users\alwi\.m2\repository\io\netty\netty-handler-proxy\4.1.60.Final\netty-handler-proxy-4.1.60.Final.jar;C:\Users\alwi\.m2\repository\io\netty\netty-transport-native-epoll\4.1.60.Final\netty-transport-native-epoll-4.1.60.Final-linux-x86_64.jar;C:\Users\alwi\.m2\repository\io\netty\netty-transport-native-kqueue\4.1.60.Final\netty-transport-native-kqueue-4.1.60.Final-osx-x86_64.jar;C:\Users\alwi\.m2\repository\org\reactivestreams\reactive-streams\1.0.3\reactive-streams-1.0.3.jar;C:\Users\alwi\.m2\repository\com\typesafe\netty\netty-reactive-streams\2.0.4\netty-reactive-streams-2.0.4.jar;C:\Users\alwi\.m2\repository\org\seleniumhq\selenium\selenium-http\4.1.2\selenium-http-4.1.2.jar;C:\Users\alwi\.m2\repository\net\jodah\failsafe\2.4.4\failsafe-2.4.4.jar;C:\Users\alwi\.m2\repository\org\seleniumhq\selenium\selenium-safari-driver\4.1.2\selenium-safari-driver-4.1.2.jar;C:\Users\alwi\.m2\repository\org\seleniumhq\selenium\selenium-api\4.1.2\selenium-api-4.1.2.jar;C:\Users\alwi\.m2\repository\org\seleniumhq\selenium\selenium-support\4.1.2\selenium-support-4.1.2.jar;C:\Users\alwi\.m2\repository\com\google\auto\service\auto-service-annotations\1.0.1\auto-service-annotations-1.0.1.jar;C:\Users\alwi\.m2\repository\com\google\auto\service\auto-service\1.0.1\auto-service-1.0.1.jar;C:\Users\alwi\.m2\repository\com\google\auto\auto-common\1.2\auto-common-1.2.jar;C:\Users\alwi\.m2\repository\org\seleniumhq\selenium\selenium-json\4.1.2\selenium-json-4.1.2.jar;C:\Users\alwi\.m2\repository\org\seleniumhq\selenium\selenium-chrome-driver\4.1.2\selenium-chrome-driver-4.1.2.jar;C:\Users\alwi\.m2\repository\org\seleniumhq\selenium\selenium-chromium-driver\4.1.2\selenium-chromium-driver-4.1.2.jar;C:\Users\alwi\.m2\repository\org\seleniumhq\selenium\selenium-firefox-driver\4.1.2\selenium-firefox-driver-4.1.2.jar;C:\Users\alwi\.m2\repository\org\seleniumhq\selenium\selenium-edge-driver\4.1.2\selenium-edge-driver-4.1.2.jar;C:\Users\alwi\.m2\repository\org\seleniumhq\selenium\selenium-ie-driver\4.1.2\selenium-ie-driver-4.1.2.jar;C:\Users\alwi\.m2\repository\org\projectlombok\lombok\1.18.20\lombok-1.18.20.jar;C:\Users\alwi\.m2\repository\io\appium\java-client\8.0.0\java-client-8.0.0.jar;C:\Users\alwi\.m2\repository\commons-validator\commons-validator\1.7\commons-validator-1.7.jar;C:\Users\alwi\.m2\repository\commons-digester\commons-digester\2.1\commons-digester-2.1.jar;C:\Users\alwi\.m2\repository\org\aspectj\aspectjweaver\1.9.8\aspectjweaver-1.9.8.jar;C:\Users\alwi\.m2\repository\org\codehaus\groovy\groovy\3.0.10\groovy-3.0.10.jar;C:\Users\alwi\.m2\repository\net\sf\opencsv\opencsv\2.0\opencsv-2.0.jar;C:\Users\alwi\.m2\repository\commons-beanutils\commons-beanutils\1.9.4\commons-beanutils-1.9.4.jar;C:\Users\alwi\.m2\repository\org\apache\commons\commons-lang3\3.12.0\commons-lang3-3.12.0.jar;C:\Users\alwi\.m2\repository\commons-collections\commons-collections\3.2.2\commons-collections-3.2.2.jar;C:\Users\alwi\.m2\repository\org\fluentlenium\fluentlenium-core\0.10.2\fluentlenium-core-0.10.2.jar;C:\Users\alwi\.m2\repository\io\github\bonigarcia\webdrivermanager\5.1.0\webdrivermanager-5.1.0.jar;C:\Users\alwi\.m2\repository\com\github\docker-java\docker-java\3.2.13\docker-java-3.2.13.jar;C:\Users\alwi\.m2\repository\com\github\docker-java\docker-java-core\3.2.13\docker-java-core-3.2.13.jar;C:\Users\alwi\.m2\repository\com\github\docker-java\docker-java-api\3.2.13\docker-java-api-3.2.13.jar;C:\Users\alwi\.m2\repository\org\apache\commons\commons-compress\1.21\commons-compress-1.21.jar;C:\Users\alwi\.m2\repository\org\bouncycastle\bcpkix-jdk15on\1.64\bcpkix-jdk15on-1.64.jar;C:\Users\alwi\.m2\repository\org\bouncycastle\bcprov-jdk15on\1.64\bcprov-jdk15on-1.64.jar;C:\Users\alwi\.m2\repository\org\slf4j\jcl-over-slf4j\1.7.30\jcl-over-slf4j-1.7.30.jar;C:\Users\alwi\.m2\repository\com\github\docker-java\docker-java-transport-httpclient5\3.2.13\docker-java-transport-httpclient5-3.2.13.jar;C:\Users\alwi\.m2\repository\com\github\docker-java\docker-java-transport\3.2.13\docker-java-transport-3.2.13.jar;C:\Users\alwi\.m2\repository\org\apache\httpcomponents\client5\httpclient5\5.0.3\httpclient5-5.0.3.jar;C:\Users\alwi\.m2\repository\org\apache\httpcomponents\core5\httpcore5\5.0.2\httpcore5-5.0.2.jar;C:\Users\alwi\.m2\repository\net\java\dev\jna\jna\5.8.0\jna-5.8.0.jar;C:\Users\alwi\.m2\repository\org\brotli\dec\0.1.2\dec-0.1.2.jar;C:\Users\alwi\.m2\repository\com\jhlabs\filters\2.0.235\filters-2.0.235.jar;C:\Users\alwi\.m2\repository\com\paulhammant\ngwebdriver\1.1.6\ngwebdriver-1.1.6.jar;C:\Users\alwi\.m2\repository\joda-time\joda-time\2.8.2\joda-time-2.8.2.jar;C:\Users\alwi\.m2\repository\org\hamcrest\hamcrest\2.2\hamcrest-2.2.jar;C:\Users\alwi\.m2\repository\com\google\jimfs\jimfs\1.2\jimfs-1.2.jar;C:\Users\alwi\.m2\repository\org\mockito\mockito-core\3.3.3\mockito-core-3.3.3.jar;C:\Users\alwi\.m2\repository\javax\xml\bind\jaxb-api\2.3.1\jaxb-api-2.3.1.jar;C:\Users\alwi\.m2\repository\javax\activation\javax.activation-api\1.2.0\javax.activation-api-1.2.0.jar;C:\Users\alwi\.m2\repository\com\sun\xml\bind\jaxb-core\2.3.0.1\jaxb-core-2.3.0.1.jar;C:\Users\alwi\.m2\repository\com\sun\xml\bind\jaxb-impl\2.3.3\jaxb-impl-2.3.3.jar;C:\Users\alwi\.m2\repository\jakarta\xml\bind\jakarta.xml.bind-api\2.3.3\jakarta.xml.bind-api-2.3.3.jar;C:\Users\alwi\.m2\repository\com\sun\activation\jakarta.activation\1.2.2\jakarta.activation-1.2.2.jar;C:\Users\alwi\.m2\repository\javax\activation\activation\1.1.1\activation-1.1.1.jar;C:\Users\alwi\.m2\repository\net\serenity-bdd\serenity-cucumber\3.2.1\serenity-cucumber-3.2.1.jar;C:\Users\alwi\.m2\repository\io\cucumber\cucumber-core\7.2.3\cucumber-core-7.2.3.jar;C:\Users\alwi\.m2\repository\io\cucumber\cucumber-gherkin\7.2.3\cucumber-gherkin-7.2.3.jar;C:\Users\alwi\.m2\repository\io\cucumber\cucumber-gherkin-messages\7.2.3\cucumber-gherkin-messages-7.2.3.jar;C:\Users\alwi\.m2\repository\io\cucumber\messages\17.1.1\messages-17.1.1.jar;C:\Users\alwi\.m2\repository\io\cucumber\tag-expressions\4.1.0\tag-expressions-4.1.0.jar;C:\Users\alwi\.m2\repository\io\cucumber\cucumber-expressions\15.0.1\cucumber-expressions-15.0.1.jar;C:\Users\alwi\.m2\repository\io\cucumber\datatable\7.2.3\datatable-7.2.3.jar;C:\Users\alwi\.m2\repository\io\cucumber\cucumber-plugin\7.2.3\cucumber-plugin-7.2.3.jar;C:\Users\alwi\.m2\repository\io\cucumber\docstring\7.2.3\docstring-7.2.3.jar;C:\Users\alwi\.m2\repository\io\cucumber\html-formatter\17.0.0\html-formatter-17.0.0.jar;C:\Users\alwi\.m2\repository\io\cucumber\ci-environment\8.1.0\ci-environment-8.1.0.jar;C:\Users\alwi\.m2\repository\io\cucumber\cucumber-junit\7.2.3\cucumber-junit-7.2.3.jar;C:\Users\alwi\.m2\repository\org\apache\commons\commons-csv\1.5\commons-csv-1.5.jar;C:\Users\alwi\.m2\repository\net\serenity-bdd\serenity-screenplay\3.2.1\serenity-screenplay-3.2.1.jar;C:\Users\alwi\.m2\repository\net\serenity-bdd\serenity-screenplay-webdriver\3.2.1\serenity-screenplay-webdriver-3.2.1.jar;C:\Users\alwi\.m2\repository\net\serenity-bdd\serenity-ensure\3.2.1\serenity-ensure-3.2.1.jar;C:\Users\alwi\.m2\repository\net\serenity-bdd\serenity-junit\3.2.1\serenity-junit-3.2.1.jar;C:\Users\alwi\.m2\repository\org\jetbrains\kotlin\kotlin-stdlib\1.6.0\kotlin-stdlib-1.6.0.jar;C:\Users\alwi\.m2\repository\org\jetbrains\annotations\13.0\annotations-13.0.jar;C:\Users\alwi\.m2\repository\org\jetbrains\kotlin\kotlin-stdlib-common\1.6.0\kotlin-stdlib-common-1.6.0.jar;C:\Users\alwi\.m2\repository\org\junit\platform\junit-platform-launcher\1.8.1\junit-platform-launcher-1.8.1.jar;C:\Users\alwi\.m2\repository\org\junit\platform\junit-platform-engine\1.8.1\junit-platform-engine-1.8.1.jar;C:\Users\alwi\.m2\repository\org\opentest4j\opentest4j\1.2.0\opentest4j-1.2.0.jar;C:\Users\alwi\.m2\repository\org\junit\platform\junit-platform-commons\1.8.1\junit-platform-commons-1.8.1.jar;C:\Users\alwi\.m2\repository\org\apiguardian\apiguardian-api\1.1.2\apiguardian-api-1.1.2.jar;C:\Users\alwi\.m2\repository\org\junit\jupiter\junit-jupiter-engine\5.8.2\junit-jupiter-engine-5.8.2.jar;C:\Users\alwi\.m2\repository\org\junit\jupiter\junit-jupiter-api\5.8.2\junit-jupiter-api-5.8.2.jar;C:\Users\alwi\.m2\repository\org\junit\vintage\junit-vintage-engine\5.8.2\junit-vintage-engine-5.8.2.jar;C:\Users\alwi\.m2\repository\junit\junit\4.13.2\junit-4.13.2.jar;C:\Users\alwi\.m2\repository\org\hamcrest\hamcrest-core\1.3\hamcrest-core-1.3.jar;C:\Users\alwi\.m2\repository\ch\qos\logback\logback-classic\1.2.10\logback-classic-1.2.10.jar;C:\Users\alwi\.m2\repository\ch\qos\logback\logback-core\1.2.10\logback-core-1.2.10.jar;C:\Users\alwi\.m2\repository\org\slf4j\slf4j-api\1.7.32\slf4j-api-1.7.32.jar;C:\Users\alwi\.m2\repository\org\assertj\assertj-core\3.6.2\assertj-core-3.6.2.jar;"/>
    <property name="java.vm.vendor" value="Oracle Corporation"/>
    <property name="sun.arch.data.model" value="64"/>
    <property name="user.variant" value=""/>
    <property name="java.vendor.url" value="https://java.oracle.com/"/>
    <property name="user.timezone" value="Asia/Jakarta"/>
    <property name="log4j2.formatMsgNoLookups" value="true"/>
    <property name="user.country.format" value="ID"/>
    <property name="os.name" value="Windows 10"/>
    <property name="java.vm.specification.version" value="13"/>
    <property name="sun.java.launcher" value="SUN_STANDARD"/>
    <property name="user.country" value="US"/>
    <property name="sun.boot.library.path" value="C:\Program Files\Java\jdk-13.0.2\bin"/>
    <property name="sun.java.command" value="org.apache.maven.surefire.booter.ForkedBooter C:\Users\alwi\AppData\Local\Temp\surefire7657074014192491928 2023-04-05T22-09-42_799-jvmRun1 surefire9450193556787553503tmp surefire_018003754130191522481tmp"/>
    <property name="jdk.debug" value="release"/>
    <property name="surefire.test.class.path" value="C:\Users\alwi\IdeaProjects\uniqloweb\target\test-classes;C:\Users\alwi\.m2\repository\net\serenity-bdd\serenity-core\3.2.1\serenity-core-3.2.1.jar;C:\Users\alwi\.m2\repository\net\serenity-bdd\serenity-model\3.2.1\serenity-model-3.2.1.jar;C:\Users\alwi\.m2\repository\org\apache\commons\commons-text\1.9\commons-text-1.9.jar;C:\Users\alwi\.m2\repository\commons-net\commons-net\3.8.0\commons-net-3.8.0.jar;C:\Users\alwi\.m2\repository\com\google\guava\guava\31.1-jre\guava-31.1-jre.jar;C:\Users\alwi\.m2\repository\com\google\guava\failureaccess\1.0.1\failureaccess-1.0.1.jar;C:\Users\alwi\.m2\repository\com\google\guava\listenablefuture\9999.0-empty-to-avoid-conflict-with-guava\listenablefuture-9999.0-empty-to-avoid-conflict-with-guava.jar;C:\Users\alwi\.m2\repository\com\google\code\findbugs\jsr305\3.0.2\jsr305-3.0.2.jar;C:\Users\alwi\.m2\repository\org\checkerframework\checker-qual\3.12.0\checker-qual-3.12.0.jar;C:\Users\alwi\.m2\repository\com\google\errorprone\error_prone_annotations\2.11.0\error_prone_annotations-2.11.0.jar;C:\Users\alwi\.m2\repository\com\google\j2objc\j2objc-annotations\1.3\j2objc-annotations-1.3.jar;C:\Users\alwi\.m2\repository\com\google\inject\guice\5.1.0\guice-5.1.0.jar;C:\Users\alwi\.m2\repository\javax\inject\javax.inject\1\javax.inject-1.jar;C:\Users\alwi\.m2\repository\aopalliance\aopalliance\1.0\aopalliance-1.0.jar;C:\Users\alwi\.m2\repository\org\jsoup\jsoup\1.14.3\jsoup-1.14.3.jar;C:\Users\alwi\.m2\repository\com\thoughtworks\xstream\xstream\1.4.19\xstream-1.4.19.jar;C:\Users\alwi\.m2\repository\io\github\x-stream\mxparser\1.2.2\mxparser-1.2.2.jar;C:\Users\alwi\.m2\repository\xmlpull\xmlpull\1.1.3.1\xmlpull-1.1.3.1.jar;C:\Users\alwi\.m2\repository\io\cucumber\cucumber-java\7.2.3\cucumber-java-7.2.3.jar;C:\Users\alwi\.m2\repository\com\typesafe\config\1.4.2\config-1.4.2.jar;C:\Users\alwi\.m2\repository\org\imgscalr\imgscalr-lib\4.2\imgscalr-lib-4.2.jar;C:\Users\alwi\.m2\repository\org\awaitility\awaitility\4.2.0\awaitility-4.2.0.jar;C:\Users\alwi\.m2\repository\org\freemarker\freemarker\2.3.31\freemarker-2.3.31.jar;C:\Users\alwi\.m2\repository\io\github\classgraph\classgraph\4.8.138\classgraph-4.8.138.jar;C:\Users\alwi\.m2\repository\net\sourceforge\jexcelapi\jxl\2.6.12\jxl-2.6.12.jar;C:\Users\alwi\.m2\repository\net\bytebuddy\byte-buddy\1.12.8\byte-buddy-1.12.8.jar;C:\Users\alwi\.m2\repository\net\bytebuddy\byte-buddy-agent\1.12.8\byte-buddy-agent-1.12.8.jar;C:\Users\alwi\.m2\repository\org\objenesis\objenesis\3.1\objenesis-3.1.jar;C:\Users\alwi\.m2\repository\net\serenity-bdd\serenity-reports\3.2.1\serenity-reports-3.2.1.jar;C:\Users\alwi\.m2\repository\net\serenity-bdd\serenity-stats\3.2.1\serenity-stats-3.2.1.jar;C:\Users\alwi\.m2\repository\net\serenity-bdd\serenity-reports-configuration\3.2.1\serenity-reports-configuration-3.2.1.jar;C:\Users\alwi\.m2\repository\com\vladsch\flexmark\flexmark-all\0.34.30\flexmark-all-0.34.30.jar;C:\Users\alwi\.m2\repository\com\vladsch\flexmark\flexmark\0.34.30\flexmark-0.34.30.jar;C:\Users\alwi\.m2\repository\com\vladsch\flexmark\flexmark-ext-abbreviation\0.34.30\flexmark-ext-abbreviation-0.34.30.jar;C:\Users\alwi\.m2\repository\com\vladsch\flexmark\flexmark-ext-admonition\0.34.30\flexmark-ext-admonition-0.34.30.jar;C:\Users\alwi\.m2\repository\com\vladsch\flexmark\flexmark-ext-anchorlink\0.34.30\flexmark-ext-anchorlink-0.34.30.jar;C:\Users\alwi\.m2\repository\com\vladsch\flexmark\flexmark-ext-aside\0.34.30\flexmark-ext-aside-0.34.30.jar;C:\Users\alwi\.m2\repository\com\vladsch\flexmark\flexmark-ext-attributes\0.34.30\flexmark-ext-attributes-0.34.30.jar;C:\Users\alwi\.m2\repository\com\vladsch\flexmark\flexmark-ext-autolink\0.34.30\flexmark-ext-autolink-0.34.30.jar;C:\Users\alwi\.m2\repository\org\nibor\autolink\autolink\0.6.0\autolink-0.6.0.jar;C:\Users\alwi\.m2\repository\com\vladsch\flexmark\flexmark-ext-definition\0.34.30\flexmark-ext-definition-0.34.30.jar;C:\Users\alwi\.m2\repository\com\vladsch\flexmark\flexmark-ext-emoji\0.34.30\flexmark-ext-emoji-0.34.30.jar;C:\Users\alwi\.m2\repository\com\vladsch\flexmark\flexmark-ext-enumerated-reference\0.34.30\flexmark-ext-enumerated-reference-0.34.30.jar;C:\Users\alwi\.m2\repository\com\vladsch\flexmark\flexmark-ext-escaped-character\0.34.30\flexmark-ext-escaped-character-0.34.30.jar;C:\Users\alwi\.m2\repository\com\vladsch\flexmark\flexmark-ext-footnotes\0.34.30\flexmark-ext-footnotes-0.34.30.jar;C:\Users\alwi\.m2\repository\com\vladsch\flexmark\flexmark-ext-gfm-issues\0.34.30\flexmark-ext-gfm-issues-0.34.30.jar;C:\Users\alwi\.m2\repository\com\vladsch\flexmark\flexmark-ext-gfm-strikethrough\0.34.30\flexmark-ext-gfm-strikethrough-0.34.30.jar;C:\Users\alwi\.m2\repository\com\vladsch\flexmark\flexmark-ext-gfm-tables\0.34.30\flexmark-ext-gfm-tables-0.34.30.jar;C:\Users\alwi\.m2\repository\com\vladsch\flexmark\flexmark-ext-gfm-tasklist\0.34.30\flexmark-ext-gfm-tasklist-0.34.30.jar;C:\Users\alwi\.m2\repository\com\vladsch\flexmark\flexmark-ext-gfm-users\0.34.30\flexmark-ext-gfm-users-0.34.30.jar;C:\Users\alwi\.m2\repository\com\vladsch\flexmark\flexmark-ext-gitlab\0.34.30\flexmark-ext-gitlab-0.34.30.jar;C:\Users\alwi\.m2\repository\com\vladsch\flexmark\flexmark-ext-jekyll-front-matter\0.34.30\flexmark-ext-jekyll-front-matter-0.34.30.jar;C:\Users\alwi\.m2\repository\com\vladsch\flexmark\flexmark-ext-jekyll-tag\0.34.30\flexmark-ext-jekyll-tag-0.34.30.jar;C:\Users\alwi\.m2\repository\com\vladsch\flexmark\flexmark-ext-media-tags\0.34.30\flexmark-ext-media-tags-0.34.30.jar;C:\Users\alwi\.m2\repository\com\vladsch\flexmark\flexmark-test-util\0.34.30\flexmark-test-util-0.34.30.jar;C:\Users\alwi\.m2\repository\com\vladsch\flexmark\flexmark-ext-ins\0.34.30\flexmark-ext-ins-0.34.30.jar;C:\Users\alwi\.m2\repository\com\vladsch\flexmark\flexmark-ext-xwiki-macros\0.34.30\flexmark-ext-xwiki-macros-0.34.30.jar;C:\Users\alwi\.m2\repository\com\vladsch\flexmark\flexmark-ext-superscript\0.34.30\flexmark-ext-superscript-0.34.30.jar;C:\Users\alwi\.m2\repository\com\vladsch\flexmark\flexmark-ext-tables\0.34.30\flexmark-ext-tables-0.34.30.jar;C:\Users\alwi\.m2\repository\com\vladsch\flexmark\flexmark-ext-toc\0.34.30\flexmark-ext-toc-0.34.30.jar;C:\Users\alwi\.m2\repository\com\vladsch\flexmark\flexmark-ext-typographic\0.34.30\flexmark-ext-typographic-0.34.30.jar;C:\Users\alwi\.m2\repository\com\vladsch\flexmark\flexmark-ext-wikilink\0.34.30\flexmark-ext-wikilink-0.34.30.jar;C:\Users\alwi\.m2\repository\com\vladsch\flexmark\flexmark-ext-yaml-front-matter\0.34.30\flexmark-ext-yaml-front-matter-0.34.30.jar;C:\Users\alwi\.m2\repository\com\vladsch\flexmark\flexmark-ext-youtube-embedded\0.34.30\flexmark-ext-youtube-embedded-0.34.30.jar;C:\Users\alwi\.m2\repository\com\vladsch\flexmark\flexmark-formatter\0.34.30\flexmark-formatter-0.34.30.jar;C:\Users\alwi\.m2\repository\com\vladsch\flexmark\flexmark-html-parser\0.34.30\flexmark-html-parser-0.34.30.jar;C:\Users\alwi\.m2\repository\com\vladsch\flexmark\flexmark-jira-converter\0.34.30\flexmark-jira-converter-0.34.30.jar;C:\Users\alwi\.m2\repository\com\vladsch\flexmark\flexmark-pdf-converter\0.34.30\flexmark-pdf-converter-0.34.30.jar;C:\Users\alwi\.m2\repository\com\openhtmltopdf\openhtmltopdf-core\0.0.1-RC13\openhtmltopdf-core-0.0.1-RC13.jar;C:\Users\alwi\.m2\repository\com\openhtmltopdf\openhtmltopdf-pdfbox\0.0.1-RC13\openhtmltopdf-pdfbox-0.0.1-RC13.jar;C:\Users\alwi\.m2\repository\org\apache\pdfbox\pdfbox\2.0.8\pdfbox-2.0.8.jar;C:\Users\alwi\.m2\repository\org\apache\pdfbox\fontbox\2.0.8\fontbox-2.0.8.jar;C:\Users\alwi\.m2\repository\commons-logging\commons-logging\1.2\commons-logging-1.2.jar;C:\Users\alwi\.m2\repository\org\apache\pdfbox\xmpbox\2.0.8\xmpbox-2.0.8.jar;C:\Users\alwi\.m2\repository\de\rototor\pdfbox\graphics2d\0.12\graphics2d-0.12.jar;C:\Users\alwi\.m2\repository\com\openhtmltopdf\openhtmltopdf-rtl-support\0.0.1-RC13\openhtmltopdf-rtl-support-0.0.1-RC13.jar;C:\Users\alwi\.m2\repository\com\ibm\icu\icu4j\59.1\icu4j-59.1.jar;C:\Users\alwi\.m2\repository\com\openhtmltopdf\openhtmltopdf-jsoup-dom-converter\0.0.1-RC13\openhtmltopdf-jsoup-dom-converter-0.0.1-RC13.jar;C:\Users\alwi\.m2\repository\com\vladsch\flexmark\flexmark-profile-pegdown\0.34.30\flexmark-profile-pegdown-0.34.30.jar;C:\Users\alwi\.m2\repository\com\vladsch\flexmark\flexmark-util\0.34.30\flexmark-util-0.34.30.jar;C:\Users\alwi\.m2\repository\com\vladsch\flexmark\flexmark-youtrack-converter\0.34.30\flexmark-youtrack-converter-0.34.30.jar;C:\Users\alwi\.m2\repository\es\nitaur\markdown\txtmark\0.16\txtmark-0.16.jar;C:\Users\alwi\.m2\repository\net\serenity-bdd\serenity-report-resources\3.2.1\serenity-report-resources-3.2.1.jar;C:\Users\alwi\.m2\repository\com\google\code\gson\gson\2.9.0\gson-2.9.0.jar;C:\Users\alwi\.m2\repository\com\fasterxml\jackson\core\jackson-core\2.13.2\jackson-core-2.13.2.jar;C:\Users\alwi\.m2\repository\com\fasterxml\jackson\core\jackson-databind\2.13.2\jackson-databind-2.13.2.jar;C:\Users\alwi\.m2\repository\com\fasterxml\jackson\core\jackson-annotations\2.13.2\jackson-annotations-2.13.2.jar;C:\Users\alwi\.m2\repository\commons-codec\commons-codec\1.15\commons-codec-1.15.jar;C:\Users\alwi\.m2\repository\commons-io\commons-io\2.11.0\commons-io-2.11.0.jar;C:\Users\alwi\.m2\repository\org\seleniumhq\selenium\selenium-java\4.1.2\selenium-java-4.1.2.jar;C:\Users\alwi\.m2\repository\org\seleniumhq\selenium\selenium-devtools-v85\4.1.2\selenium-devtools-v85-4.1.2.jar;C:\Users\alwi\.m2\repository\org\seleniumhq\selenium\selenium-devtools-v95\4.1.2\selenium-devtools-v95-4.1.2.jar;C:\Users\alwi\.m2\repository\org\seleniumhq\selenium\selenium-devtools-v96\4.1.2\selenium-devtools-v96-4.1.2.jar;C:\Users\alwi\.m2\repository\org\seleniumhq\selenium\selenium-devtools-v97\4.1.2\selenium-devtools-v97-4.1.2.jar;C:\Users\alwi\.m2\repository\org\seleniumhq\selenium\selenium-firefox-xpi-driver\4.1.2\selenium-firefox-xpi-driver-4.1.2.jar;C:\Users\alwi\.m2\repository\org\seleniumhq\selenium\selenium-opera-driver\4.1.2\selenium-opera-driver-4.1.2.jar;C:\Users\alwi\.m2\repository\org\seleniumhq\selenium\selenium-remote-driver\4.1.2\selenium-remote-driver-4.1.2.jar;C:\Users\alwi\.m2\repository\com\beust\jcommander\1.82\jcommander-1.82.jar;C:\Users\alwi\.m2\repository\io\netty\netty-buffer\4.1.73.Final\netty-buffer-4.1.73.Final.jar;C:\Users\alwi\.m2\repository\io\netty\netty-codec-http\4.1.73.Final\netty-codec-http-4.1.73.Final.jar;C:\Users\alwi\.m2\repository\io\netty\netty-codec\4.1.73.Final\netty-codec-4.1.73.Final.jar;C:\Users\alwi\.m2\repository\io\netty\netty-handler\4.1.73.Final\netty-handler-4.1.73.Final.jar;C:\Users\alwi\.m2\repository\io\netty\netty-tcnative-classes\2.0.46.Final\netty-tcnative-classes-2.0.46.Final.jar;C:\Users\alwi\.m2\repository\io\netty\netty-common\4.1.73.Final\netty-common-4.1.73.Final.jar;C:\Users\alwi\.m2\repository\io\netty\netty-transport-classes-epoll\4.1.73.Final\netty-transport-classes-epoll-4.1.73.Final.jar;C:\Users\alwi\.m2\repository\io\netty\netty-transport-classes-kqueue\4.1.73.Final\netty-transport-classes-kqueue-4.1.73.Final.jar;C:\Users\alwi\.m2\repository\io\netty\netty-transport-native-epoll\4.1.73.Final\netty-transport-native-epoll-4.1.73.Final.jar;C:\Users\alwi\.m2\repository\io\netty\netty-transport-native-kqueue\4.1.73.Final\netty-transport-native-kqueue-4.1.73.Final.jar;C:\Users\alwi\.m2\repository\io\netty\netty-transport-native-unix-common\4.1.73.Final\netty-transport-native-unix-common-4.1.73.Final.jar;C:\Users\alwi\.m2\repository\io\netty\netty-transport\4.1.73.Final\netty-transport-4.1.73.Final.jar;C:\Users\alwi\.m2\repository\io\netty\netty-resolver\4.1.73.Final\netty-resolver-4.1.73.Final.jar;C:\Users\alwi\.m2\repository\io\opentelemetry\opentelemetry-api\1.10.1\opentelemetry-api-1.10.1.jar;C:\Users\alwi\.m2\repository\io\opentelemetry\opentelemetry-context\1.10.1\opentelemetry-context-1.10.1.jar;C:\Users\alwi\.m2\repository\io\opentelemetry\opentelemetry-exporter-logging\1.10.1\opentelemetry-exporter-logging-1.10.1.jar;C:\Users\alwi\.m2\repository\io\opentelemetry\opentelemetry-sdk-metrics\1.10.1-alpha\opentelemetry-sdk-metrics-1.10.1-alpha.jar;C:\Users\alwi\.m2\repository\io\opentelemetry\opentelemetry-sdk-logs\1.10.1-alpha\opentelemetry-sdk-logs-1.10.1-alpha.jar;C:\Users\alwi\.m2\repository\io\opentelemetry\opentelemetry-sdk-common\1.10.1\opentelemetry-sdk-common-1.10.1.jar;C:\Users\alwi\.m2\repository\io\opentelemetry\opentelemetry-sdk-extension-autoconfigure-spi\1.10.1\opentelemetry-sdk-extension-autoconfigure-spi-1.10.1.jar;C:\Users\alwi\.m2\repository\io\opentelemetry\opentelemetry-sdk-extension-autoconfigure\1.10.1-alpha\opentelemetry-sdk-extension-autoconfigure-1.10.1-alpha.jar;C:\Users\alwi\.m2\repository\io\opentelemetry\opentelemetry-sdk-trace\1.10.1\opentelemetry-sdk-trace-1.10.1.jar;C:\Users\alwi\.m2\repository\io\opentelemetry\opentelemetry-sdk\1.10.1\opentelemetry-sdk-1.10.1.jar;C:\Users\alwi\.m2\repository\io\opentelemetry\opentelemetry-semconv\1.10.1-alpha\opentelemetry-semconv-1.10.1-alpha.jar;C:\Users\alwi\.m2\repository\io\ous\jtoml\2.0.0\jtoml-2.0.0.jar;C:\Users\alwi\.m2\repository\org\apache\commons\commons-exec\1.3\commons-exec-1.3.jar;C:\Users\alwi\.m2\repository\org\asynchttpclient\async-http-client\2.12.3\async-http-client-2.12.3.jar;C:\Users\alwi\.m2\repository\org\asynchttpclient\async-http-client-netty-utils\2.12.3\async-http-client-netty-utils-2.12.3.jar;C:\Users\alwi\.m2\repository\io\netty\netty-codec-socks\4.1.60.Final\netty-codec-socks-4.1.60.Final.jar;C:\Users\alwi\.m2\repository\io\netty\netty-handler-proxy\4.1.60.Final\netty-handler-proxy-4.1.60.Final.jar;C:\Users\alwi\.m2\repository\io\netty\netty-transport-native-epoll\4.1.60.Final\netty-transport-native-epoll-4.1.60.Final-linux-x86_64.jar;C:\Users\alwi\.m2\repository\io\netty\netty-transport-native-kqueue\4.1.60.Final\netty-transport-native-kqueue-4.1.60.Final-osx-x86_64.jar;C:\Users\alwi\.m2\repository\org\reactivestreams\reactive-streams\1.0.3\reactive-streams-1.0.3.jar;C:\Users\alwi\.m2\repository\com\typesafe\netty\netty-reactive-streams\2.0.4\netty-reactive-streams-2.0.4.jar;C:\Users\alwi\.m2\repository\org\seleniumhq\selenium\selenium-http\4.1.2\selenium-http-4.1.2.jar;C:\Users\alwi\.m2\repository\net\jodah\failsafe\2.4.4\failsafe-2.4.4.jar;C:\Users\alwi\.m2\repository\org\seleniumhq\selenium\selenium-safari-driver\4.1.2\selenium-safari-driver-4.1.2.jar;C:\Users\alwi\.m2\repository\org\seleniumhq\selenium\selenium-api\4.1.2\selenium-api-4.1.2.jar;C:\Users\alwi\.m2\repository\org\seleniumhq\selenium\selenium-support\4.1.2\selenium-support-4.1.2.jar;C:\Users\alwi\.m2\repository\com\google\auto\service\auto-service-annotations\1.0.1\auto-service-annotations-1.0.1.jar;C:\Users\alwi\.m2\repository\com\google\auto\service\auto-service\1.0.1\auto-service-1.0.1.jar;C:\Users\alwi\.m2\repository\com\google\auto\auto-common\1.2\auto-common-1.2.jar;C:\Users\alwi\.m2\repository\org\seleniumhq\selenium\selenium-json\4.1.2\selenium-json-4.1.2.jar;C:\Users\alwi\.m2\repository\org\seleniumhq\selenium\selenium-chrome-driver\4.1.2\selenium-chrome-driver-4.1.2.jar;C:\Users\alwi\.m2\repository\org\seleniumhq\selenium\selenium-chromium-driver\4.1.2\selenium-chromium-driver-4.1.2.jar;C:\Users\alwi\.m2\repository\org\seleniumhq\selenium\selenium-firefox-driver\4.1.2\selenium-firefox-driver-4.1.2.jar;C:\Users\alwi\.m2\repository\org\seleniumhq\selenium\selenium-edge-driver\4.1.2\selenium-edge-driver-4.1.2.jar;C:\Users\alwi\.m2\repository\org\seleniumhq\selenium\selenium-ie-driver\4.1.2\selenium-ie-driver-4.1.2.jar;C:\Users\alwi\.m2\repository\org\projectlombok\lombok\1.18.20\lombok-1.18.20.jar;C:\Users\alwi\.m2\repository\io\appium\java-client\8.0.0\java-client-8.0.0.jar;C:\Users\alwi\.m2\repository\commons-validator\commons-validator\1.7\commons-validator-1.7.jar;C:\Users\alwi\.m2\repository\commons-digester\commons-digester\2.1\commons-digester-2.1.jar;C:\Users\alwi\.m2\repository\org\aspectj\aspectjweaver\1.9.8\aspectjweaver-1.9.8.jar;C:\Users\alwi\.m2\repository\org\codehaus\groovy\groovy\3.0.10\groovy-3.0.10.jar;C:\Users\alwi\.m2\repository\net\sf\opencsv\opencsv\2.0\opencsv-2.0.jar;C:\Users\alwi\.m2\repository\commons-beanutils\commons-beanutils\1.9.4\commons-beanutils-1.9.4.jar;C:\Users\alwi\.m2\repository\org\apache\commons\commons-lang3\3.12.0\commons-lang3-3.12.0.jar;C:\Users\alwi\.m2\repository\commons-collections\commons-collections\3.2.2\commons-collections-3.2.2.jar;C:\Users\alwi\.m2\repository\org\fluentlenium\fluentlenium-core\0.10.2\fluentlenium-core-0.10.2.jar;C:\Users\alwi\.m2\repository\io\github\bonigarcia\webdrivermanager\5.1.0\webdrivermanager-5.1.0.jar;C:\Users\alwi\.m2\repository\com\github\docker-java\docker-java\3.2.13\docker-java-3.2.13.jar;C:\Users\alwi\.m2\repository\com\github\docker-java\docker-java-core\3.2.13\docker-java-core-3.2.13.jar;C:\Users\alwi\.m2\repository\com\github\docker-java\docker-java-api\3.2.13\docker-java-api-3.2.13.jar;C:\Users\alwi\.m2\repository\org\apache\commons\commons-compress\1.21\commons-compress-1.21.jar;C:\Users\alwi\.m2\repository\org\bouncycastle\bcpkix-jdk15on\1.64\bcpkix-jdk15on-1.64.jar;C:\Users\alwi\.m2\repository\org\bouncycastle\bcprov-jdk15on\1.64\bcprov-jdk15on-1.64.jar;C:\Users\alwi\.m2\repository\org\slf4j\jcl-over-slf4j\1.7.30\jcl-over-slf4j-1.7.30.jar;C:\Users\alwi\.m2\repository\com\github\docker-java\docker-java-transport-httpclient5\3.2.13\docker-java-transport-httpclient5-3.2.13.jar;C:\Users\alwi\.m2\repository\com\github\docker-java\docker-java-transport\3.2.13\docker-java-transport-3.2.13.jar;C:\Users\alwi\.m2\repository\org\apache\httpcomponents\client5\httpclient5\5.0.3\httpclient5-5.0.3.jar;C:\Users\alwi\.m2\repository\org\apache\httpcomponents\core5\httpcore5\5.0.2\httpcore5-5.0.2.jar;C:\Users\alwi\.m2\repository\net\java\dev\jna\jna\5.8.0\jna-5.8.0.jar;C:\Users\alwi\.m2\repository\org\brotli\dec\0.1.2\dec-0.1.2.jar;C:\Users\alwi\.m2\repository\com\jhlabs\filters\2.0.235\filters-2.0.235.jar;C:\Users\alwi\.m2\repository\com\paulhammant\ngwebdriver\1.1.6\ngwebdriver-1.1.6.jar;C:\Users\alwi\.m2\repository\joda-time\joda-time\2.8.2\joda-time-2.8.2.jar;C:\Users\alwi\.m2\repository\org\hamcrest\hamcrest\2.2\hamcrest-2.2.jar;C:\Users\alwi\.m2\repository\com\google\jimfs\jimfs\1.2\jimfs-1.2.jar;C:\Users\alwi\.m2\repository\org\mockito\mockito-core\3.3.3\mockito-core-3.3.3.jar;C:\Users\alwi\.m2\repository\javax\xml\bind\jaxb-api\2.3.1\jaxb-api-2.3.1.jar;C:\Users\alwi\.m2\repository\javax\activation\javax.activation-api\1.2.0\javax.activation-api-1.2.0.jar;C:\Users\alwi\.m2\repository\com\sun\xml\bind\jaxb-core\2.3.0.1\jaxb-core-2.3.0.1.jar;C:\Users\alwi\.m2\repository\com\sun\xml\bind\jaxb-impl\2.3.3\jaxb-impl-2.3.3.jar;C:\Users\alwi\.m2\repository\jakarta\xml\bind\jakarta.xml.bind-api\2.3.3\jakarta.xml.bind-api-2.3.3.jar;C:\Users\alwi\.m2\repository\com\sun\activation\jakarta.activation\1.2.2\jakarta.activation-1.2.2.jar;C:\Users\alwi\.m2\repository\javax\activation\activation\1.1.1\activation-1.1.1.jar;C:\Users\alwi\.m2\repository\net\serenity-bdd\serenity-cucumber\3.2.1\serenity-cucumber-3.2.1.jar;C:\Users\alwi\.m2\repository\io\cucumber\cucumber-core\7.2.3\cucumber-core-7.2.3.jar;C:\Users\alwi\.m2\repository\io\cucumber\cucumber-gherkin\7.2.3\cucumber-gherkin-7.2.3.jar;C:\Users\alwi\.m2\repository\io\cucumber\cucumber-gherkin-messages\7.2.3\cucumber-gherkin-messages-7.2.3.jar;C:\Users\alwi\.m2\repository\io\cucumber\messages\17.1.1\messages-17.1.1.jar;C:\Users\alwi\.m2\repository\io\cucumber\tag-expressions\4.1.0\tag-expressions-4.1.0.jar;C:\Users\alwi\.m2\repository\io\cucumber\cucumber-expressions\15.0.1\cucumber-expressions-15.0.1.jar;C:\Users\alwi\.m2\repository\io\cucumber\datatable\7.2.3\datatable-7.2.3.jar;C:\Users\alwi\.m2\repository\io\cucumber\cucumber-plugin\7.2.3\cucumber-plugin-7.2.3.jar;C:\Users\alwi\.m2\repository\io\cucumber\docstring\7.2.3\docstring-7.2.3.jar;C:\Users\alwi\.m2\repository\io\cucumber\html-formatter\17.0.0\html-formatter-17.0.0.jar;C:\Users\alwi\.m2\repository\io\cucumber\ci-environment\8.1.0\ci-environment-8.1.0.jar;C:\Users\alwi\.m2\repository\io\cucumber\cucumber-junit\7.2.3\cucumber-junit-7.2.3.jar;C:\Users\alwi\.m2\repository\org\apache\commons\commons-csv\1.5\commons-csv-1.5.jar;C:\Users\alwi\.m2\repository\net\serenity-bdd\serenity-screenplay\3.2.1\serenity-screenplay-3.2.1.jar;C:\Users\alwi\.m2\repository\net\serenity-bdd\serenity-screenplay-webdriver\3.2.1\serenity-screenplay-webdriver-3.2.1.jar;C:\Users\alwi\.m2\repository\net\serenity-bdd\serenity-ensure\3.2.1\serenity-ensure-3.2.1.jar;C:\Users\alwi\.m2\repository\net\serenity-bdd\serenity-junit\3.2.1\serenity-junit-3.2.1.jar;C:\Users\alwi\.m2\repository\org\jetbrains\kotlin\kotlin-stdlib\1.6.0\kotlin-stdlib-1.6.0.jar;C:\Users\alwi\.m2\repository\org\jetbrains\annotations\13.0\annotations-13.0.jar;C:\Users\alwi\.m2\repository\org\jetbrains\kotlin\kotlin-stdlib-common\1.6.0\kotlin-stdlib-common-1.6.0.jar;C:\Users\alwi\.m2\repository\org\junit\platform\junit-platform-launcher\1.8.1\junit-platform-launcher-1.8.1.jar;C:\Users\alwi\.m2\repository\org\junit\platform\junit-platform-engine\1.8.1\junit-platform-engine-1.8.1.jar;C:\Users\alwi\.m2\repository\org\opentest4j\opentest4j\1.2.0\opentest4j-1.2.0.jar;C:\Users\alwi\.m2\repository\org\junit\platform\junit-platform-commons\1.8.1\junit-platform-commons-1.8.1.jar;C:\Users\alwi\.m2\repository\org\apiguardian\apiguardian-api\1.1.2\apiguardian-api-1.1.2.jar;C:\Users\alwi\.m2\repository\org\junit\jupiter\junit-jupiter-engine\5.8.2\junit-jupiter-engine-5.8.2.jar;C:\Users\alwi\.m2\repository\org\junit\jupiter\junit-jupiter-api\5.8.2\junit-jupiter-api-5.8.2.jar;C:\Users\alwi\.m2\repository\org\junit\vintage\junit-vintage-engine\5.8.2\junit-vintage-engine-5.8.2.jar;C:\Users\alwi\.m2\repository\junit\junit\4.13.2\junit-4.13.2.jar;C:\Users\alwi\.m2\repository\org\hamcrest\hamcrest-core\1.3\hamcrest-core-1.3.jar;C:\Users\alwi\.m2\repository\ch\qos\logback\logback-classic\1.2.10\logback-classic-1.2.10.jar;C:\Users\alwi\.m2\repository\ch\qos\logback\logback-core\1.2.10\logback-core-1.2.10.jar;C:\Users\alwi\.m2\repository\org\slf4j\slf4j-api\1.7.32\slf4j-api-1.7.32.jar;C:\Users\alwi\.m2\repository\org\assertj\assertj-core\3.6.2\assertj-core-3.6.2.jar;"/>
    <property name="sun.cpu.endian" value="little"/>
    <property name="user.home" value="C:\Users\alwi"/>
    <property name="user.language" value="en"/>
    <property name="java.specification.vendor" value="Oracle Corporation"/>
    <property name="jdk.module.path" value="C:\Users\alwi\IdeaProjects\uniqloweb\target\uniqloweb-1.0-SNAPSHOT.jar"/>
    <property name="java.version.date" value="2020-01-14"/>
    <property name="java.home" value="C:\Program Files\Java\jdk-13.0.2"/>
    <property name="file.separator" value="\"/>
    <property name="basedir" value="C:\Users\alwi\IdeaProjects\uniqloweb"/>
    <property name="java.vm.compressedOopsMode" value="Zero based"/>
    <property name="line.separator" value="&#10;"/>
    <property name="java.vm.specification.vendor" value="Oracle Corporation"/>
    <property name="java.specification.name" value="Java Platform API Specification"/>
    <property name="surefire.real.class.path" value="C:\Users\alwi\.m2\repository\org\apache\maven\surefire\surefire-booter\3.0.0-M5\surefire-booter-3.0.0-M5.jar;C:\Users\alwi\.m2\repository\org\apache\maven\surefire\surefire-api\3.0.0-M5\surefire-api-3.0.0-M5.jar;C:\Users\alwi\.m2\repository\org\apache\maven\surefire\surefire-logger-api\3.0.0-M5\surefire-logger-api-3.0.0-M5.jar;C:\Users\alwi\.m2\repository\org\apache\maven\surefire\surefire-shared-utils\3.0.0-M4\surefire-shared-utils-3.0.0-M4.jar;C:\Users\alwi\.m2\repository\org\apache\maven\surefire\surefire-extensions-spi\3.0.0-M5\surefire-extensions-spi-3.0.0-M5.jar;C:\Users\alwi\IdeaProjects\uniqloweb\target\test-classes;C:\Users\alwi\.m2\repository\net\serenity-bdd\serenity-core\3.2.1\serenity-core-3.2.1.jar;C:\Users\alwi\.m2\repository\net\serenity-bdd\serenity-model\3.2.1\serenity-model-3.2.1.jar;C:\Users\alwi\.m2\repository\org\apache\commons\commons-text\1.9\commons-text-1.9.jar;C:\Users\alwi\.m2\repository\commons-net\commons-net\3.8.0\commons-net-3.8.0.jar;C:\Users\alwi\.m2\repository\com\google\guava\guava\31.1-jre\guava-31.1-jre.jar;C:\Users\alwi\.m2\repository\com\google\guava\failureaccess\1.0.1\failureaccess-1.0.1.jar;C:\Users\alwi\.m2\repository\com\google\guava\listenablefuture\9999.0-empty-to-avoid-conflict-with-guava\listenablefuture-9999.0-empty-to-avoid-conflict-with-guava.jar;C:\Users\alwi\.m2\repository\com\google\code\findbugs\jsr305\3.0.2\jsr305-3.0.2.jar;C:\Users\alwi\.m2\repository\org\checkerframework\checker-qual\3.12.0\checker-qual-3.12.0.jar;C:\Users\alwi\.m2\repository\com\google\errorprone\error_prone_annotations\2.11.0\error_prone_annotations-2.11.0.jar;C:\Users\alwi\.m2\repository\com\google\j2objc\j2objc-annotations\1.3\j2objc-annotations-1.3.jar;C:\Users\alwi\.m2\repository\com\google\inject\guice\5.1.0\guice-5.1.0.jar;C:\Users\alwi\.m2\repository\javax\inject\javax.inject\1\javax.inject-1.jar;C:\Users\alwi\.m2\repository\aopalliance\aopalliance\1.0\aopalliance-1.0.jar;C:\Users\alwi\.m2\repository\org\jsoup\jsoup\1.14.3\jsoup-1.14.3.jar;C:\Users\alwi\.m2\repository\com\thoughtworks\xstream\xstream\1.4.19\xstream-1.4.19.jar;C:\Users\alwi\.m2\repository\io\github\x-stream\mxparser\1.2.2\mxparser-1.2.2.jar;C:\Users\alwi\.m2\repository\xmlpull\xmlpull\1.1.3.1\xmlpull-1.1.3.1.jar;C:\Users\alwi\.m2\repository\io\cucumber\cucumber-java\7.2.3\cucumber-java-7.2.3.jar;C:\Users\alwi\.m2\repository\com\typesafe\config\1.4.2\config-1.4.2.jar;C:\Users\alwi\.m2\repository\org\imgscalr\imgscalr-lib\4.2\imgscalr-lib-4.2.jar;C:\Users\alwi\.m2\repository\org\awaitility\awaitility\4.2.0\awaitility-4.2.0.jar;C:\Users\alwi\.m2\repository\org\freemarker\freemarker\2.3.31\freemarker-2.3.31.jar;C:\Users\alwi\.m2\repository\io\github\classgraph\classgraph\4.8.138\classgraph-4.8.138.jar;C:\Users\alwi\.m2\repository\net\sourceforge\jexcelapi\jxl\2.6.12\jxl-2.6.12.jar;C:\Users\alwi\.m2\repository\net\bytebuddy\byte-buddy\1.12.8\byte-buddy-1.12.8.jar;C:\Users\alwi\.m2\repository\net\bytebuddy\byte-buddy-agent\1.12.8\byte-buddy-agent-1.12.8.jar;C:\Users\alwi\.m2\repository\org\objenesis\objenesis\3.1\objenesis-3.1.jar;C:\Users\alwi\.m2\repository\net\serenity-bdd\serenity-reports\3.2.1\serenity-reports-3.2.1.jar;C:\Users\alwi\.m2\repository\net\serenity-bdd\serenity-stats\3.2.1\serenity-stats-3.2.1.jar;C:\Users\alwi\.m2\repository\net\serenity-bdd\serenity-reports-configuration\3.2.1\serenity-reports-configuration-3.2.1.jar;C:\Users\alwi\.m2\repository\com\vladsch\flexmark\flexmark-all\0.34.30\flexmark-all-0.34.30.jar;C:\Users\alwi\.m2\repository\com\vladsch\flexmark\flexmark\0.34.30\flexmark-0.34.30.jar;C:\Users\alwi\.m2\repository\com\vladsch\flexmark\flexmark-ext-abbreviation\0.34.30\flexmark-ext-abbreviation-0.34.30.jar;C:\Users\alwi\.m2\repository\com\vladsch\flexmark\flexmark-ext-admonition\0.34.30\flexmark-ext-admonition-0.34.30.jar;C:\Users\alwi\.m2\repository\com\vladsch\flexmark\flexmark-ext-anchorlink\0.34.30\flexmark-ext-anchorlink-0.34.30.jar;C:\Users\alwi\.m2\repository\com\vladsch\flexmark\flexmark-ext-aside\0.34.30\flexmark-ext-aside-0.34.30.jar;C:\Users\alwi\.m2\repository\com\vladsch\flexmark\flexmark-ext-attributes\0.34.30\flexmark-ext-attributes-0.34.30.jar;C:\Users\alwi\.m2\repository\com\vladsch\flexmark\flexmark-ext-autolink\0.34.30\flexmark-ext-autolink-0.34.30.jar;C:\Users\alwi\.m2\repository\org\nibor\autolink\autolink\0.6.0\autolink-0.6.0.jar;C:\Users\alwi\.m2\repository\com\vladsch\flexmark\flexmark-ext-definition\0.34.30\flexmark-ext-definition-0.34.30.jar;C:\Users\alwi\.m2\repository\com\vladsch\flexmark\flexmark-ext-emoji\0.34.30\flexmark-ext-emoji-0.34.30.jar;C:\Users\alwi\.m2\repository\com\vladsch\flexmark\flexmark-ext-enumerated-reference\0.34.30\flexmark-ext-enumerated-reference-0.34.30.jar;C:\Users\alwi\.m2\repository\com\vladsch\flexmark\flexmark-ext-escaped-character\0.34.30\flexmark-ext-escaped-character-0.34.30.jar;C:\Users\alwi\.m2\repository\com\vladsch\flexmark\flexmark-ext-footnotes\0.34.30\flexmark-ext-footnotes-0.34.30.jar;C:\Users\alwi\.m2\repository\com\vladsch\flexmark\flexmark-ext-gfm-issues\0.34.30\flexmark-ext-gfm-issues-0.34.30.jar;C:\Users\alwi\.m2\repository\com\vladsch\flexmark\flexmark-ext-gfm-strikethrough\0.34.30\flexmark-ext-gfm-strikethrough-0.34.30.jar;C:\Users\alwi\.m2\repository\com\vladsch\flexmark\flexmark-ext-gfm-tables\0.34.30\flexmark-ext-gfm-tables-0.34.30.jar;C:\Users\alwi\.m2\repository\com\vladsch\flexmark\flexmark-ext-gfm-tasklist\0.34.30\flexmark-ext-gfm-tasklist-0.34.30.jar;C:\Users\alwi\.m2\repository\com\vladsch\flexmark\flexmark-ext-gfm-users\0.34.30\flexmark-ext-gfm-users-0.34.30.jar;C:\Users\alwi\.m2\repository\com\vladsch\flexmark\flexmark-ext-gitlab\0.34.30\flexmark-ext-gitlab-0.34.30.jar;C:\Users\alwi\.m2\repository\com\vladsch\flexmark\flexmark-ext-jekyll-front-matter\0.34.30\flexmark-ext-jekyll-front-matter-0.34.30.jar;C:\Users\alwi\.m2\repository\com\vladsch\flexmark\flexmark-ext-jekyll-tag\0.34.30\flexmark-ext-jekyll-tag-0.34.30.jar;C:\Users\alwi\.m2\repository\com\vladsch\flexmark\flexmark-ext-media-tags\0.34.30\flexmark-ext-media-tags-0.34.30.jar;C:\Users\alwi\.m2\repository\com\vladsch\flexmark\flexmark-test-util\0.34.30\flexmark-test-util-0.34.30.jar;C:\Users\alwi\.m2\repository\com\vladsch\flexmark\flexmark-ext-ins\0.34.30\flexmark-ext-ins-0.34.30.jar;C:\Users\alwi\.m2\repository\com\vladsch\flexmark\flexmark-ext-xwiki-macros\0.34.30\flexmark-ext-xwiki-macros-0.34.30.jar;C:\Users\alwi\.m2\repository\com\vladsch\flexmark\flexmark-ext-superscript\0.34.30\flexmark-ext-superscript-0.34.30.jar;C:\Users\alwi\.m2\repository\com\vladsch\flexmark\flexmark-ext-tables\0.34.30\flexmark-ext-tables-0.34.30.jar;C:\Users\alwi\.m2\repository\com\vladsch\flexmark\flexmark-ext-toc\0.34.30\flexmark-ext-toc-0.34.30.jar;C:\Users\alwi\.m2\repository\com\vladsch\flexmark\flexmark-ext-typographic\0.34.30\flexmark-ext-typographic-0.34.30.jar;C:\Users\alwi\.m2\repository\com\vladsch\flexmark\flexmark-ext-wikilink\0.34.30\flexmark-ext-wikilink-0.34.30.jar;C:\Users\alwi\.m2\repository\com\vladsch\flexmark\flexmark-ext-yaml-front-matter\0.34.30\flexmark-ext-yaml-front-matter-0.34.30.jar;C:\Users\alwi\.m2\repository\com\vladsch\flexmark\flexmark-ext-youtube-embedded\0.34.30\flexmark-ext-youtube-embedded-0.34.30.jar;C:\Users\alwi\.m2\repository\com\vladsch\flexmark\flexmark-formatter\0.34.30\flexmark-formatter-0.34.30.jar;C:\Users\alwi\.m2\repository\com\vladsch\flexmark\flexmark-html-parser\0.34.30\flexmark-html-parser-0.34.30.jar;C:\Users\alwi\.m2\repository\com\vladsch\flexmark\flexmark-jira-converter\0.34.30\flexmark-jira-converter-0.34.30.jar;C:\Users\alwi\.m2\repository\com\vladsch\flexmark\flexmark-pdf-converter\0.34.30\flexmark-pdf-converter-0.34.30.jar;C:\Users\alwi\.m2\repository\com\openhtmltopdf\openhtmltopdf-core\0.0.1-RC13\openhtmltopdf-core-0.0.1-RC13.jar;C:\Users\alwi\.m2\repository\com\openhtmltopdf\openhtmltopdf-pdfbox\0.0.1-RC13\openhtmltopdf-pdfbox-0.0.1-RC13.jar;C:\Users\alwi\.m2\repository\org\apache\pdfbox\pdfbox\2.0.8\pdfbox-2.0.8.jar;C:\Users\alwi\.m2\repository\org\apache\pdfbox\fontbox\2.0.8\fontbox-2.0.8.jar;C:\Users\alwi\.m2\repository\commons-logging\commons-logging\1.2\commons-logging-1.2.jar;C:\Users\alwi\.m2\repository\org\apache\pdfbox\xmpbox\2.0.8\xmpbox-2.0.8.jar;C:\Users\alwi\.m2\repository\de\rototor\pdfbox\graphics2d\0.12\graphics2d-0.12.jar;C:\Users\alwi\.m2\repository\com\openhtmltopdf\openhtmltopdf-rtl-support\0.0.1-RC13\openhtmltopdf-rtl-support-0.0.1-RC13.jar;C:\Users\alwi\.m2\repository\com\ibm\icu\icu4j\59.1\icu4j-59.1.jar;C:\Users\alwi\.m2\repository\com\openhtmltopdf\openhtmltopdf-jsoup-dom-converter\0.0.1-RC13\openhtmltopdf-jsoup-dom-converter-0.0.1-RC13.jar;C:\Users\alwi\.m2\repository\com\vladsch\flexmark\flexmark-profile-pegdown\0.34.30\flexmark-profile-pegdown-0.34.30.jar;C:\Users\alwi\.m2\repository\com\vladsch\flexmark\flexmark-util\0.34.30\flexmark-util-0.34.30.jar;C:\Users\alwi\.m2\repository\com\vladsch\flexmark\flexmark-youtrack-converter\0.34.30\flexmark-youtrack-converter-0.34.30.jar;C:\Users\alwi\.m2\repository\es\nitaur\markdown\txtmark\0.16\txtmark-0.16.jar;C:\Users\alwi\.m2\repository\net\serenity-bdd\serenity-report-resources\3.2.1\serenity-report-resources-3.2.1.jar;C:\Users\alwi\.m2\repository\com\google\code\gson\gson\2.9.0\gson-2.9.0.jar;C:\Users\alwi\.m2\repository\com\fasterxml\jackson\core\jackson-core\2.13.2\jackson-core-2.13.2.jar;C:\Users\alwi\.m2\repository\com\fasterxml\jackson\core\jackson-databind\2.13.2\jackson-databind-2.13.2.jar;C:\Users\alwi\.m2\repository\com\fasterxml\jackson\core\jackson-annotations\2.13.2\jackson-annotations-2.13.2.jar;C:\Users\alwi\.m2\repository\commons-codec\commons-codec\1.15\commons-codec-1.15.jar;C:\Users\alwi\.m2\repository\commons-io\commons-io\2.11.0\commons-io-2.11.0.jar;C:\Users\alwi\.m2\repository\org\seleniumhq\selenium\selenium-java\4.1.2\selenium-java-4.1.2.jar;C:\Users\alwi\.m2\repository\org\seleniumhq\selenium\selenium-devtools-v85\4.1.2\selenium-devtools-v85-4.1.2.jar;C:\Users\alwi\.m2\repository\org\seleniumhq\selenium\selenium-devtools-v95\4.1.2\selenium-devtools-v95-4.1.2.jar;C:\Users\alwi\.m2\repository\org\seleniumhq\selenium\selenium-devtools-v96\4.1.2\selenium-devtools-v96-4.1.2.jar;C:\Users\alwi\.m2\repository\org\seleniumhq\selenium\selenium-devtools-v97\4.1.2\selenium-devtools-v97-4.1.2.jar;C:\Users\alwi\.m2\repository\org\seleniumhq\selenium\selenium-firefox-xpi-driver\4.1.2\selenium-firefox-xpi-driver-4.1.2.jar;C:\Users\alwi\.m2\repository\org\seleniumhq\selenium\selenium-opera-driver\4.1.2\selenium-opera-driver-4.1.2.jar;C:\Users\alwi\.m2\repository\org\seleniumhq\selenium\selenium-remote-driver\4.1.2\selenium-remote-driver-4.1.2.jar;C:\Users\alwi\.m2\repository\com\beust\jcommander\1.82\jcommander-1.82.jar;C:\Users\alwi\.m2\repository\io\netty\netty-buffer\4.1.73.Final\netty-buffer-4.1.73.Final.jar;C:\Users\alwi\.m2\repository\io\netty\netty-codec-http\4.1.73.Final\netty-codec-http-4.1.73.Final.jar;C:\Users\alwi\.m2\repository\io\netty\netty-codec\4.1.73.Final\netty-codec-4.1.73.Final.jar;C:\Users\alwi\.m2\repository\io\netty\netty-handler\4.1.73.Final\netty-handler-4.1.73.Final.jar;C:\Users\alwi\.m2\repository\io\netty\netty-tcnative-classes\2.0.46.Final\netty-tcnative-classes-2.0.46.Final.jar;C:\Users\alwi\.m2\repository\io\netty\netty-common\4.1.73.Final\netty-common-4.1.73.Final.jar;C:\Users\alwi\.m2\repository\io\netty\netty-transport-classes-epoll\4.1.73.Final\netty-transport-classes-epoll-4.1.73.Final.jar;C:\Users\alwi\.m2\repository\io\netty\netty-transport-classes-kqueue\4.1.73.Final\netty-transport-classes-kqueue-4.1.73.Final.jar;C:\Users\alwi\.m2\repository\io\netty\netty-transport-native-epoll\4.1.73.Final\netty-transport-native-epoll-4.1.73.Final.jar;C:\Users\alwi\.m2\repository\io\netty\netty-transport-native-kqueue\4.1.73.Final\netty-transport-native-kqueue-4.1.73.Final.jar;C:\Users\alwi\.m2\repository\io\netty\netty-transport-native-unix-common\4.1.73.Final\netty-transport-native-unix-common-4.1.73.Final.jar;C:\Users\alwi\.m2\repository\io\netty\netty-transport\4.1.73.Final\netty-transport-4.1.73.Final.jar;C:\Users\alwi\.m2\repository\io\netty\netty-resolver\4.1.73.Final\netty-resolver-4.1.73.Final.jar;C:\Users\alwi\.m2\repository\io\opentelemetry\opentelemetry-api\1.10.1\opentelemetry-api-1.10.1.jar;C:\Users\alwi\.m2\repository\io\opentelemetry\opentelemetry-context\1.10.1\opentelemetry-context-1.10.1.jar;C:\Users\alwi\.m2\repository\io\opentelemetry\opentelemetry-exporter-logging\1.10.1\opentelemetry-exporter-logging-1.10.1.jar;C:\Users\alwi\.m2\repository\io\opentelemetry\opentelemetry-sdk-metrics\1.10.1-alpha\opentelemetry-sdk-metrics-1.10.1-alpha.jar;C:\Users\alwi\.m2\repository\io\opentelemetry\opentelemetry-sdk-logs\1.10.1-alpha\opentelemetry-sdk-logs-1.10.1-alpha.jar;C:\Users\alwi\.m2\repository\io\opentelemetry\opentelemetry-sdk-common\1.10.1\opentelemetry-sdk-common-1.10.1.jar;C:\Users\alwi\.m2\repository\io\opentelemetry\opentelemetry-sdk-extension-autoconfigure-spi\1.10.1\opentelemetry-sdk-extension-autoconfigure-spi-1.10.1.jar;C:\Users\alwi\.m2\repository\io\opentelemetry\opentelemetry-sdk-extension-autoconfigure\1.10.1-alpha\opentelemetry-sdk-extension-autoconfigure-1.10.1-alpha.jar;C:\Users\alwi\.m2\repository\io\opentelemetry\opentelemetry-sdk-trace\1.10.1\opentelemetry-sdk-trace-1.10.1.jar;C:\Users\alwi\.m2\repository\io\opentelemetry\opentelemetry-sdk\1.10.1\opentelemetry-sdk-1.10.1.jar;C:\Users\alwi\.m2\repository\io\opentelemetry\opentelemetry-semconv\1.10.1-alpha\opentelemetry-semconv-1.10.1-alpha.jar;C:\Users\alwi\.m2\repository\io\ous\jtoml\2.0.0\jtoml-2.0.0.jar;C:\Users\alwi\.m2\repository\org\apache\commons\commons-exec\1.3\commons-exec-1.3.jar;C:\Users\alwi\.m2\repository\org\asynchttpclient\async-http-client\2.12.3\async-http-client-2.12.3.jar;C:\Users\alwi\.m2\repository\org\asynchttpclient\async-http-client-netty-utils\2.12.3\async-http-client-netty-utils-2.12.3.jar;C:\Users\alwi\.m2\repository\io\netty\netty-codec-socks\4.1.60.Final\netty-codec-socks-4.1.60.Final.jar;C:\Users\alwi\.m2\repository\io\netty\netty-handler-proxy\4.1.60.Final\netty-handler-proxy-4.1.60.Final.jar;C:\Users\alwi\.m2\repository\io\netty\netty-transport-native-epoll\4.1.60.Final\netty-transport-native-epoll-4.1.60.Final-linux-x86_64.jar;C:\Users\alwi\.m2\repository\io\netty\netty-transport-native-kqueue\4.1.60.Final\netty-transport-native-kqueue-4.1.60.Final-osx-x86_64.jar;C:\Users\alwi\.m2\repository\org\reactivestreams\reactive-streams\1.0.3\reactive-streams-1.0.3.jar;C:\Users\alwi\.m2\repository\com\typesafe\netty\netty-reactive-streams\2.0.4\netty-reactive-streams-2.0.4.jar;C:\Users\alwi\.m2\repository\org\seleniumhq\selenium\selenium-http\4.1.2\selenium-http-4.1.2.jar;C:\Users\alwi\.m2\repository\net\jodah\failsafe\2.4.4\failsafe-2.4.4.jar;C:\Users\alwi\.m2\repository\org\seleniumhq\selenium\selenium-safari-driver\4.1.2\selenium-safari-driver-4.1.2.jar;C:\Users\alwi\.m2\repository\org\seleniumhq\selenium\selenium-api\4.1.2\selenium-api-4.1.2.jar;C:\Users\alwi\.m2\repository\org\seleniumhq\selenium\selenium-support\4.1.2\selenium-support-4.1.2.jar;C:\Users\alwi\.m2\repository\com\google\auto\service\auto-service-annotations\1.0.1\auto-service-annotations-1.0.1.jar;C:\Users\alwi\.m2\repository\com\google\auto\service\auto-service\1.0.1\auto-service-1.0.1.jar;C:\Users\alwi\.m2\repository\com\google\auto\auto-common\1.2\auto-common-1.2.jar;C:\Users\alwi\.m2\repository\org\seleniumhq\selenium\selenium-json\4.1.2\selenium-json-4.1.2.jar;C:\Users\alwi\.m2\repository\org\seleniumhq\selenium\selenium-chrome-driver\4.1.2\selenium-chrome-driver-4.1.2.jar;C:\Users\alwi\.m2\repository\org\seleniumhq\selenium\selenium-chromium-driver\4.1.2\selenium-chromium-driver-4.1.2.jar;C:\Users\alwi\.m2\repository\org\seleniumhq\selenium\selenium-firefox-driver\4.1.2\selenium-firefox-driver-4.1.2.jar;C:\Users\alwi\.m2\repository\org\seleniumhq\selenium\selenium-edge-driver\4.1.2\selenium-edge-driver-4.1.2.jar;C:\Users\alwi\.m2\repository\org\seleniumhq\selenium\selenium-ie-driver\4.1.2\selenium-ie-driver-4.1.2.jar;C:\Users\alwi\.m2\repository\org\projectlombok\lombok\1.18.20\lombok-1.18.20.jar;C:\Users\alwi\.m2\repository\io\appium\java-client\8.0.0\java-client-8.0.0.jar;C:\Users\alwi\.m2\repository\commons-validator\commons-validator\1.7\commons-validator-1.7.jar;C:\Users\alwi\.m2\repository\commons-digester\commons-digester\2.1\commons-digester-2.1.jar;C:\Users\alwi\.m2\repository\org\aspectj\aspectjweaver\1.9.8\aspectjweaver-1.9.8.jar;C:\Users\alwi\.m2\repository\org\codehaus\groovy\groovy\3.0.10\groovy-3.0.10.jar;C:\Users\alwi\.m2\repository\net\sf\opencsv\opencsv\2.0\opencsv-2.0.jar;C:\Users\alwi\.m2\repository\commons-beanutils\commons-beanutils\1.9.4\commons-beanutils-1.9.4.jar;C:\Users\alwi\.m2\repository\org\apache\commons\commons-lang3\3.12.0\commons-lang3-3.12.0.jar;C:\Users\alwi\.m2\repository\commons-collections\commons-collections\3.2.2\commons-collections-3.2.2.jar;C:\Users\alwi\.m2\repository\org\fluentlenium\fluentlenium-core\0.10.2\fluentlenium-core-0.10.2.jar;C:\Users\alwi\.m2\repository\io\github\bonigarcia\webdrivermanager\5.1.0\webdrivermanager-5.1.0.jar;C:\Users\alwi\.m2\repository\com\github\docker-java\docker-java\3.2.13\docker-java-3.2.13.jar;C:\Users\alwi\.m2\repository\com\github\docker-java\docker-java-core\3.2.13\docker-java-core-3.2.13.jar;C:\Users\alwi\.m2\repository\com\github\docker-java\docker-java-api\3.2.13\docker-java-api-3.2.13.jar;C:\Users\alwi\.m2\repository\org\apache\commons\commons-compress\1.21\commons-compress-1.21.jar;C:\Users\alwi\.m2\repository\org\bouncycastle\bcpkix-jdk15on\1.64\bcpkix-jdk15on-1.64.jar;C:\Users\alwi\.m2\repository\org\bouncycastle\bcprov-jdk15on\1.64\bcprov-jdk15on-1.64.jar;C:\Users\alwi\.m2\repository\org\slf4j\jcl-over-slf4j\1.7.30\jcl-over-slf4j-1.7.30.jar;C:\Users\alwi\.m2\repository\com\github\docker-java\docker-java-transport-httpclient5\3.2.13\docker-java-transport-httpclient5-3.2.13.jar;C:\Users\alwi\.m2\repository\com\github\docker-java\docker-java-transport\3.2.13\docker-java-transport-3.2.13.jar;C:\Users\alwi\.m2\repository\org\apache\httpcomponents\client5\httpclient5\5.0.3\httpclient5-5.0.3.jar;C:\Users\alwi\.m2\repository\org\apache\httpcomponents\core5\httpcore5\5.0.2\httpcore5-5.0.2.jar;C:\Users\alwi\.m2\repository\net\java\dev\jna\jna\5.8.0\jna-5.8.0.jar;C:\Users\alwi\.m2\repository\org\brotli\dec\0.1.2\dec-0.1.2.jar;C:\Users\alwi\.m2\repository\com\jhlabs\filters\2.0.235\filters-2.0.235.jar;C:\Users\alwi\.m2\repository\com\paulhammant\ngwebdriver\1.1.6\ngwebdriver-1.1.6.jar;C:\Users\alwi\.m2\repository\joda-time\joda-time\2.8.2\joda-time-2.8.2.jar;C:\Users\alwi\.m2\repository\org\hamcrest\hamcrest\2.2\hamcrest-2.2.jar;C:\Users\alwi\.m2\repository\com\google\jimfs\jimfs\1.2\jimfs-1.2.jar;C:\Users\alwi\.m2\repository\org\mockito\mockito-core\3.3.3\mockito-core-3.3.3.jar;C:\Users\alwi\.m2\repository\javax\xml\bind\jaxb-api\2.3.1\jaxb-api-2.3.1.jar;C:\Users\alwi\.m2\repository\javax\activation\javax.activation-api\1.2.0\javax.activation-api-1.2.0.jar;C:\Users\alwi\.m2\repository\com\sun\xml\bind\jaxb-core\2.3.0.1\jaxb-core-2.3.0.1.jar;C:\Users\alwi\.m2\repository\com\sun\xml\bind\jaxb-impl\2.3.3\jaxb-impl-2.3.3.jar;C:\Users\alwi\.m2\repository\jakarta\xml\bind\jakarta.xml.bind-api\2.3.3\jakarta.xml.bind-api-2.3.3.jar;C:\Users\alwi\.m2\repository\com\sun\activation\jakarta.activation\1.2.2\jakarta.activation-1.2.2.jar;C:\Users\alwi\.m2\repository\javax\activation\activation\1.1.1\activation-1.1.1.jar;C:\Users\alwi\.m2\repository\net\serenity-bdd\serenity-cucumber\3.2.1\serenity-cucumber-3.2.1.jar;C:\Users\alwi\.m2\repository\io\cucumber\cucumber-core\7.2.3\cucumber-core-7.2.3.jar;C:\Users\alwi\.m2\repository\io\cucumber\cucumber-gherkin\7.2.3\cucumber-gherkin-7.2.3.jar;C:\Users\alwi\.m2\repository\io\cucumber\cucumber-gherkin-messages\7.2.3\cucumber-gherkin-messages-7.2.3.jar;C:\Users\alwi\.m2\repository\io\cucumber\messages\17.1.1\messages-17.1.1.jar;C:\Users\alwi\.m2\repository\io\cucumber\tag-expressions\4.1.0\tag-expressions-4.1.0.jar;C:\Users\alwi\.m2\repository\io\cucumber\cucumber-expressions\15.0.1\cucumber-expressions-15.0.1.jar;C:\Users\alwi\.m2\repository\io\cucumber\datatable\7.2.3\datatable-7.2.3.jar;C:\Users\alwi\.m2\repository\io\cucumber\cucumber-plugin\7.2.3\cucumber-plugin-7.2.3.jar;C:\Users\alwi\.m2\repository\io\cucumber\docstring\7.2.3\docstring-7.2.3.jar;C:\Users\alwi\.m2\repository\io\cucumber\html-formatter\17.0.0\html-formatter-17.0.0.jar;C:\Users\alwi\.m2\repository\io\cucumber\ci-environment\8.1.0\ci-environment-8.1.0.jar;C:\Users\alwi\.m2\repository\io\cucumber\cucumber-junit\7.2.3\cucumber-junit-7.2.3.jar;C:\Users\alwi\.m2\repository\org\apache\commons\commons-csv\1.5\commons-csv-1.5.jar;C:\Users\alwi\.m2\repository\net\serenity-bdd\serenity-screenplay\3.2.1\serenity-screenplay-3.2.1.jar;C:\Users\alwi\.m2\repository\net\serenity-bdd\serenity-screenplay-webdriver\3.2.1\serenity-screenplay-webdriver-3.2.1.jar;C:\Users\alwi\.m2\repository\net\serenity-bdd\serenity-ensure\3.2.1\serenity-ensure-3.2.1.jar;C:\Users\alwi\.m2\repository\net\serenity-bdd\serenity-junit\3.2.1\serenity-junit-3.2.1.jar;C:\Users\alwi\.m2\repository\org\jetbrains\kotlin\kotlin-stdlib\1.6.0\kotlin-stdlib-1.6.0.jar;C:\Users\alwi\.m2\repository\org\jetbrains\annotations\13.0\annotations-13.0.jar;C:\Users\alwi\.m2\repository\org\jetbrains\kotlin\kotlin-stdlib-common\1.6.0\kotlin-stdlib-common-1.6.0.jar;C:\Users\alwi\.m2\repository\org\junit\platform\junit-platform-launcher\1.8.1\junit-platform-launcher-1.8.1.jar;C:\Users\alwi\.m2\repository\org\junit\platform\junit-platform-engine\1.8.1\junit-platform-engine-1.8.1.jar;C:\Users\alwi\.m2\repository\org\opentest4j\opentest4j\1.2.0\opentest4j-1.2.0.jar;C:\Users\alwi\.m2\repository\org\junit\platform\junit-platform-commons\1.8.1\junit-platform-commons-1.8.1.jar;C:\Users\alwi\.m2\repository\org\apiguardian\apiguardian-api\1.1.2\apiguardian-api-1.1.2.jar;C:\Users\alwi\.m2\repository\org\junit\jupiter\junit-jupiter-engine\5.8.2\junit-jupiter-engine-5.8.2.jar;C:\Users\alwi\.m2\repository\org\junit\jupiter\junit-jupiter-api\5.8.2\junit-jupiter-api-5.8.2.jar;C:\Users\alwi\.m2\repository\org\junit\vintage\junit-vintage-engine\5.8.2\junit-vintage-engine-5.8.2.jar;C:\Users\alwi\.m2\repository\junit\junit\4.13.2\junit-4.13.2.jar;C:\Users\alwi\.m2\repository\org\hamcrest\hamcrest-core\1.3\hamcrest-core-1.3.jar;C:\Users\alwi\.m2\repository\ch\qos\logback\logback-classic\1.2.10\logback-classic-1.2.10.jar;C:\Users\alwi\.m2\repository\ch\qos\logback\logback-core\1.2.10\logback-core-1.2.10.jar;C:\Users\alwi\.m2\repository\org\slf4j\slf4j-api\1.7.32\slf4j-api-1.7.32.jar;C:\Users\alwi\.m2\repository\org\assertj\assertj-core\3.6.2\assertj-core-3.6.2.jar;C:\Users\alwi\.m2\repository\org\apache\maven\surefire\surefire-junit-platform\3.0.0-M5\surefire-junit-platform-3.0.0-M5.jar;C:\Users\alwi\.m2\repository\org\apache\maven\surefire\common-java5\3.0.0-M5\common-java5-3.0.0-M5.jar"/>
    <property name="user.script" value=""/>
    <property name="java.protocol.handler.pkgs" value="com.google.common"/>
    <property name="sun.management.compiler" value="HotSpot 64-Bit Tiered Compilers"/>
    <property name="java.runtime.version" value="13.0.2+8"/>
    <property name="webdriver.edge.driver" value="C:\Users\alwi\.cache\selenium\msedgedriver\win64\111.0.1661.62\msedgedriver.exe"/>
    <property name="user.name" value="alwi"/>
    <property name="path.separator" value=";"/>
    <property name="os.version" value="10.0"/>
    <property name="java.runtime.name" value="Java(TM) SE Runtime Environment"/>
    <property name="file.encoding" value="Cp1252"/>
    <property name="webdriver.base.url" value=""/>
    <property name="java.vm.name" value="Java HotSpot(TM) 64-Bit Server VM"/>
    <property name="localRepository" value="C:\Users\alwi\.m2\repository"/>
    <property name="java.vendor.url.bug" value="https://bugreport.java.com/bugreport/"/>
    <property name="java.io.tmpdir" value="C:\Users\alwi\AppData\Local\Temp\"/>
    <property name="java.version" value="13.0.2"/>
    <property name="user.dir" value="C:\Users\alwi\IdeaProjects\uniqloweb"/>
    <property name="os.arch" value="amd64"/>
    <property name="java.vm.specification.name" value="Java Virtual Machine Specification"/>
    <property name="user.language.format" value="id"/>
    <property name="sun.os.patch.level" value=""/>
    <property name="java.library.path" value="C:\Program Files\Java\jdk-13.0.2\bin;C:\WINDOWS\Sun\Java\bin;C:\WINDOWS\system32;C:\WINDOWS;C:\Program Files (x86)\Common Files\Oracle\Java\javapath;C:\WINDOWS\system32;C:\WINDOWS;C:\WINDOWS\System32\Wbem;C:\WINDOWS\System32\WindowsPowerShell\v1.0\;C:\Program Files\Java\jdk-13.0.2\bin\;C:\Program Files\Go\bin;C:\WINDOWS\System32\OpenSSH\;C:\Program Files\Git\cmd;C:\Program Files\nodejs\;C:\Users\alwi\AppData\Local\Android\Sdk\platform-tools;C:\Users\alwi\AppData\Local\Android\Sdk\tools;C:\Users\alwi\AppData\Local\Microsoft\WindowsApps;C:\Users\alwi\AppData\Local\Programs\Microsoft VS Code\bin;C:\Users\alwi\go\bin;C:\Users\alwi\AppData\Local\GitHubDesktop\bin;C:\Program Files (x86)\apache-maven-3.8.6\bin;C:\Users\alwi\AppData\Roaming\npm;C:\adb;C:\Users\alwi\AppData\Local\Microsoft\WindowsApps;C:\Users\alwi\AppData\Local\Programs\Microsoft VS Code\bin;C:\Users\alwi\go\bin;C:\Program Files (x86)\apache-maven-3.8.6\bin;C:\Users\alwi\AppData\Roaming\npm;."/>
    <property name="java.vm.info" value="mixed mode"/>
    <property name="java.vendor" value="Oracle Corporation"/>
    <property name="java.vm.version" value="13.0.2+8"/>
    <property name="sun.io.unicode.encoding" value="UnicodeLittle"/>
    <property name="java.class.version" value="57.0"/>
  </properties>
  <testcase name="Fitur Menu Baby #1" classname="Baby" time="30.352">
    <system-out><![CDATA[22:09:46.981 [main] INFO io.cucumber.core.plugin.SerenityReporter - Running feature from file:///C:/Users/alwi/IdeaProjects/uniqloweb/src/test/resources/features/Baby.feature
22:09:47.163 [main] INFO  - 

-------------------------------------------------------------------------------------
     _______. _______ .______       _______ .__   __.  __  .___________.____    ____ 
    /       ||   ____||   _  \     |   ____||  \ |  | |  | |           |\   \  /   / 
   |   (----`|  |__   |  |_)  |    |  |__   |   \|  | |  | `---|  |----` \   \/   /  
    \   \    |   __|  |      /     |   __|  |  . `  | |  |     |  |       \_    _/   
.----)   |   |  |____ |  |\  \----.|  |____ |  |\   | |  |     |  |         |  |     
|_______/    |_______|| _| `._____||_______||__| \__| |__|     |__|         |__|    
                                                                                     
 News and tutorials at http://www.serenity-bdd.info                                  
 Documentation at https://wakaleo.gitbooks.io/the-serenity-book/content/             
 Join the Serenity Community on Gitter: https://gitter.im/serenity-bdd/serenity-core 
 Serenity BDD Support and Training at http://serenity-bdd.info/#/trainingandsupport  
-------------------------------------------------------------------------------------

22:09:47.166 [main] DEBUG net.thucydides.core.steps.StepEventBus - Test suite started for story net.thucydides.core.model.Story@749543e8
22:09:47.170 [main] INFO  - Test Suite Started: Baby
22:09:47.188 [main] INFO io.cucumber.core.plugin.SerenityReporter - Running feature from file:///C:/Users/alwi/IdeaProjects/uniqloweb/src/test/resources/features/Baby.feature
22:09:47.190 [main] DEBUG net.thucydides.core.steps.StepEventBus - Test suite started for story net.thucydides.core.model.Story@749543e8
22:09:47.191 [main] INFO  - Test Suite Started: Baby

Scenario Outline: Fitur Menu Baby &amp#27;[90m# src/test/resources/features/Baby.feature:93&amp#27;[0m
22:09:47.276 [main] INFO io.cucumber.core.plugin.SerenityReporter - Running feature from file:///C:/Users/alwi/IdeaProjects/uniqloweb/src/test/resources/features/Baby.feature
22:09:47.402 [main] INFO  - 
  _____   ___   ___   _____     ___   _____     _     ___   _____   ___   ___  
 |_   _| | __| / __| |_   _|   / __| |_   _|   /_\   | _ \ |_   _| | __| |   \ 
   | |   | _|  \__ \   | |     \__ \   | |    / _ \  |   /   | |   | _|  | |) |
   |_|   |___| |___/   |_|     |___/   |_|   /_/ \_\ |_|_\   |_|   |___| |___/ 

Fitur Menu Baby(baby;fitur-menu-baby)
--------------------------------------------------------------------------------
22:09:48.983 [main] DEBUG io.github.bonigarcia.wdm.cache.ResolutionCache - Removing resolution edge=111 from cache (expired on Wed Apr 05 16:17:30 WIB 2023)
22:09:49.008 [main] DEBUG org.apache.hc.client5.http.impl.classic.InternalHttpClient - ex-00000001: preparing request execution
22:09:49.014 [main] DEBUG org.apache.hc.client5.http.protocol.RequestAddCookies - Cookie spec selected: strict
22:09:49.022 [main] DEBUG org.apache.hc.client5.http.protocol.RequestAuthCache - Auth cache not set in the context
22:09:49.022 [main] DEBUG org.apache.hc.client5.http.impl.classic.ProtocolExec - ex-00000001: target auth state: UNCHALLENGED
22:09:49.022 [main] DEBUG org.apache.hc.client5.http.impl.classic.ProtocolExec - ex-00000001: proxy auth state: UNCHALLENGED
22:09:49.023 [main] DEBUG org.apache.hc.client5.http.impl.classic.ConnectExec - ex-00000001: acquiring connection with route {s}->https://raw.githubusercontent.com:443
22:09:49.023 [main] DEBUG org.apache.hc.client5.http.impl.classic.InternalHttpClient - ex-00000001: acquiring endpoint (3 MINUTES)
22:09:49.024 [main] DEBUG org.apache.hc.client5.http.impl.io.PoolingHttpClientConnectionManager - ex-00000001: endpoint lease request (3 MINUTES) [route: {s}->https://raw.githubusercontent.com:443][total available: 0; route allocated: 0 of 5; total allocated: 0 of 25]
22:09:49.029 [main] DEBUG org.apache.hc.client5.http.impl.io.PoolingHttpClientConnectionManager - ex-00000001: endpoint leased [route: {s}->https://raw.githubusercontent.com:443][total available: 0; route allocated: 1 of 5; total allocated: 1 of 25]
22:09:49.042 [main] DEBUG org.apache.hc.client5.http.impl.io.PoolingHttpClientConnectionManager - ex-00000001: acquired ep-00000000
22:09:49.042 [main] DEBUG org.apache.hc.client5.http.impl.classic.InternalHttpClient - ex-00000001: acquired endpoint ep-00000000
22:09:49.042 [main] DEBUG org.apache.hc.client5.http.impl.classic.ConnectExec - ex-00000001: opening connection {s}->https://raw.githubusercontent.com:443
22:09:49.043 [main] DEBUG org.apache.hc.client5.http.impl.classic.InternalHttpClient - ep-00000000: connecting endpoint (30 SECONDS)
22:09:49.044 [main] DEBUG org.apache.hc.client5.http.impl.io.PoolingHttpClientConnectionManager - ep-00000000: connecting endpoint to https://raw.githubusercontent.com:443 (30 SECONDS)
22:09:49.079 [main] DEBUG org.apache.hc.client5.http.impl.io.DefaultHttpClientConnectionOperator - http-outgoing-0: connecting to raw.githubusercontent.com/185.199.108.133:443
22:09:49.080 [main] DEBUG org.apache.hc.client5.http.ssl.SSLConnectionSocketFactory - Connecting socket to raw.githubusercontent.com/185.199.108.133:443 with timeout 30 SECONDS
22:09:49.167 [main] DEBUG org.apache.hc.client5.http.ssl.SSLConnectionSocketFactory - Enabled protocols: [TLSv1.3, TLSv1.2]
22:09:49.167 [main] DEBUG org.apache.hc.client5.http.ssl.SSLConnectionSocketFactory - Enabled cipher suites: [TLS_AES_256_GCM_SHA384, TLS_AES_128_GCM_SHA256, TLS_CHACHA20_POLY1305_SHA256, TLS_ECDHE_ECDSA_WITH_AES_256_GCM_SHA384, TLS_ECDHE_ECDSA_WITH_AES_128_GCM_SHA256, TLS_ECDHE_ECDSA_WITH_CHACHA20_POLY1305_SHA256, TLS_ECDHE_RSA_WITH_AES_256_GCM_SHA384, TLS_ECDHE_RSA_WITH_CHACHA20_POLY1305_SHA256, TLS_ECDHE_RSA_WITH_AES_128_GCM_SHA256, TLS_DHE_RSA_WITH_AES_256_GCM_SHA384, TLS_DHE_RSA_WITH_CHACHA20_POLY1305_SHA256, TLS_DHE_DSS_WITH_AES_256_GCM_SHA384, TLS_DHE_RSA_WITH_AES_128_GCM_SHA256, TLS_DHE_DSS_WITH_AES_128_GCM_SHA256, TLS_ECDHE_ECDSA_WITH_AES_256_CBC_SHA384, TLS_ECDHE_RSA_WITH_AES_256_CBC_SHA384, TLS_ECDHE_ECDSA_WITH_AES_128_CBC_SHA256, TLS_ECDHE_RSA_WITH_AES_128_CBC_SHA256, TLS_DHE_RSA_WITH_AES_256_CBC_SHA256, TLS_DHE_DSS_WITH_AES_256_CBC_SHA256, TLS_DHE_RSA_WITH_AES_128_CBC_SHA256, TLS_DHE_DSS_WITH_AES_128_CBC_SHA256, TLS_ECDH_ECDSA_WITH_AES_256_GCM_SHA384, TLS_ECDH_RSA_WITH_AES_256_GCM_SHA384, TLS_ECDH_ECDSA_WITH_AES_128_GCM_SHA256, TLS_ECDH_RSA_WITH_AES_128_GCM_SHA256, TLS_ECDH_ECDSA_WITH_AES_256_CBC_SHA384, TLS_ECDH_RSA_WITH_AES_256_CBC_SHA384, TLS_ECDH_ECDSA_WITH_AES_128_CBC_SHA256, TLS_ECDH_RSA_WITH_AES_128_CBC_SHA256, TLS_ECDHE_ECDSA_WITH_AES_256_CBC_SHA, TLS_ECDHE_RSA_WITH_AES_256_CBC_SHA, TLS_ECDHE_ECDSA_WITH_AES_128_CBC_SHA, TLS_ECDHE_RSA_WITH_AES_128_CBC_SHA, TLS_DHE_RSA_WITH_AES_256_CBC_SHA, TLS_DHE_DSS_WITH_AES_256_CBC_SHA, TLS_DHE_RSA_WITH_AES_128_CBC_SHA, TLS_DHE_DSS_WITH_AES_128_CBC_SHA, TLS_ECDH_ECDSA_WITH_AES_256_CBC_SHA, TLS_ECDH_RSA_WITH_AES_256_CBC_SHA, TLS_ECDH_ECDSA_WITH_AES_128_CBC_SHA, TLS_ECDH_RSA_WITH_AES_128_CBC_SHA, TLS_RSA_WITH_AES_256_GCM_SHA384, TLS_RSA_WITH_AES_128_GCM_SHA256, TLS_RSA_WITH_AES_256_CBC_SHA256, TLS_RSA_WITH_AES_128_CBC_SHA256, TLS_RSA_WITH_AES_256_CBC_SHA, TLS_RSA_WITH_AES_128_CBC_SHA, TLS_EMPTY_RENEGOTIATION_INFO_SCSV]
22:09:49.168 [main] DEBUG org.apache.hc.client5.http.ssl.SSLConnectionSocketFactory - Starting handshake
22:09:49.319 [main] DEBUG org.apache.hc.client5.http.ssl.SSLConnectionSocketFactory - Secure session established
22:09:49.319 [main] DEBUG org.apache.hc.client5.http.ssl.SSLConnectionSocketFactory -  negotiated protocol: TLSv1.3
22:09:49.319 [main] DEBUG org.apache.hc.client5.http.ssl.SSLConnectionSocketFactory -  negotiated cipher suite: TLS_AES_128_GCM_SHA256
22:09:49.320 [main] DEBUG org.apache.hc.client5.http.ssl.SSLConnectionSocketFactory -  peer principal: CN=*.github.io, O="GitHub, Inc.", L=San Francisco, ST=California, C=US
22:09:49.321 [main] DEBUG org.apache.hc.client5.http.ssl.SSLConnectionSocketFactory -  peer alternative names: [*.github.io, github.io, *.github.com, github.com, www.github.com, *.githubusercontent.com, githubusercontent.com]
22:09:49.321 [main] DEBUG org.apache.hc.client5.http.ssl.SSLConnectionSocketFactory -  issuer principal: CN=DigiCert TLS RSA SHA256 2020 CA1, O=DigiCert Inc, C=US
22:09:49.322 [main] DEBUG org.apache.hc.client5.http.impl.io.DefaultHttpClientConnectionOperator - http-outgoing-0: connection established 192.168.1.8:60891<->185.199.108.133:443
22:09:49.323 [main] DEBUG org.apache.hc.client5.http.impl.io.PoolingHttpClientConnectionManager - ep-00000000: connected http-outgoing-0
22:09:49.323 [main] DEBUG org.apache.hc.client5.http.impl.classic.InternalHttpClient - ep-00000000: endpoint connected
22:09:49.323 [main] DEBUG org.apache.hc.client5.http.impl.classic.MainClientExec - ex-00000001: executing GET /bonigarcia/webdrivermanager/master/src/main/resources/commands.properties HTTP/1.1
22:09:49.324 [main] DEBUG org.apache.hc.client5.http.impl.classic.InternalHttpClient - ep-00000000: start execution ex-00000001
22:09:49.324 [main] DEBUG org.apache.hc.client5.http.impl.io.PoolingHttpClientConnectionManager - ep-00000000: executing exchange ex-00000001 over http-outgoing-0
22:09:49.324 [main] DEBUG org.apache.hc.client5.http.headers - http-outgoing-0 >> GET /bonigarcia/webdrivermanager/master/src/main/resources/commands.properties HTTP/1.1
22:09:49.324 [main] DEBUG org.apache.hc.client5.http.headers - http-outgoing-0 >> user-agent: Apache-HttpClient/5.0
22:09:49.324 [main] DEBUG org.apache.hc.client5.http.headers - http-outgoing-0 >> accept-encoding: gzip, deflate, br
22:09:49.324 [main] DEBUG org.apache.hc.client5.http.headers - http-outgoing-0 >> cache-control: max-age=0
22:09:49.324 [main] DEBUG org.apache.hc.client5.http.headers - http-outgoing-0 >> connection: keep-alive
22:09:49.325 [main] DEBUG org.apache.hc.client5.http.headers - http-outgoing-0 >> Host: raw.githubusercontent.com
22:09:49.325 [main] DEBUG org.apache.hc.client5.http.wire - http-outgoing-0 >> "GET /bonigarcia/webdrivermanager/master/src/main/resources/commands.properties HTTP/1.1[\r][\n]"
22:09:49.325 [main] DEBUG org.apache.hc.client5.http.wire - http-outgoing-0 >> "user-agent: Apache-HttpClient/5.0[\r][\n]"
22:09:49.325 [main] DEBUG org.apache.hc.client5.http.wire - http-outgoing-0 >> "accept-encoding: gzip, deflate, br[\r][\n]"
22:09:49.325 [main] DEBUG org.apache.hc.client5.http.wire - http-outgoing-0 >> "cache-control: max-age=0[\r][\n]"
22:09:49.325 [main] DEBUG org.apache.hc.client5.http.wire - http-outgoing-0 >> "connection: keep-alive[\r][\n]"
22:09:49.325 [main] DEBUG org.apache.hc.client5.http.wire - http-outgoing-0 >> "Host: raw.githubusercontent.com[\r][\n]"
22:09:49.325 [main] DEBUG org.apache.hc.client5.http.wire - http-outgoing-0 >> "[\r][\n]"
22:09:49.352 [main] DEBUG org.apache.hc.client5.http.wire - http-outgoing-0 << "HTTP/1.1 200 OK[\r][\n]"
22:09:49.352 [main] DEBUG org.apache.hc.client5.http.wire - http-outgoing-0 << "Connection: keep-alive[\r][\n]"
22:09:49.352 [main] DEBUG org.apache.hc.client5.http.wire - http-outgoing-0 << "Content-Length: 723[\r][\n]"
22:09:49.353 [main] DEBUG org.apache.hc.client5.http.wire - http-outgoing-0 << "Cache-Control: max-age=300[\r][\n]"
22:09:49.353 [main] DEBUG org.apache.hc.client5.http.wire - http-outgoing-0 << "Content-Security-Policy: default-src 'none'; style-src 'unsafe-inline'; sandbox[\r][\n]"
22:09:49.353 [main] DEBUG org.apache.hc.client5.http.wire - http-outgoing-0 << "Content-Type: text/plain; charset=utf-8[\r][\n]"
22:09:49.353 [main] DEBUG org.apache.hc.client5.http.wire - http-outgoing-0 << "ETag: W/"e82b438271e9e8680c688b0b680efd0bdd22faa6d6f0a32fc1fd8accc486b67e"[\r][\n]"
22:09:49.353 [main] DEBUG org.apache.hc.client5.http.wire - http-outgoing-0 << "Strict-Transport-Security: max-age=31536000[\r][\n]"
22:09:49.353 [main] DEBUG org.apache.hc.client5.http.wire - http-outgoing-0 << "X-Content-Type-Options: nosniff[\r][\n]"
22:09:49.353 [main] DEBUG org.apache.hc.client5.http.wire - http-outgoing-0 << "X-Frame-Options: deny[\r][\n]"
22:09:49.353 [main] DEBUG org.apache.hc.client5.http.wire - http-outgoing-0 << "X-XSS-Protection: 1; mode=block[\r][\n]"
22:09:49.353 [main] DEBUG org.apache.hc.client5.http.wire - http-outgoing-0 << "X-GitHub-Request-Id: C9D0:4DC9:32625:3FD1D:642B7FF3[\r][\n]"
22:09:49.353 [main] DEBUG org.apache.hc.client5.http.wire - http-outgoing-0 << "Content-Encoding: gzip[\r][\n]"
22:09:49.353 [main] DEBUG org.apache.hc.client5.http.wire - http-outgoing-0 << "Accept-Ranges: bytes[\r][\n]"
22:09:49.353 [main] DEBUG org.apache.hc.client5.http.wire - http-outgoing-0 << "Date: Wed, 05 Apr 2023 15:09:49 GMT[\r][\n]"
22:09:49.353 [main] DEBUG org.apache.hc.client5.http.wire - http-outgoing-0 << "Via: 1.1 varnish[\r][\n]"
22:09:49.353 [main] DEBUG org.apache.hc.client5.http.wire - http-outgoing-0 << "X-Served-By: cache-qpg1267-QPG[\r][\n]"
22:09:49.353 [main] DEBUG org.apache.hc.client5.http.wire - http-outgoing-0 << "X-Cache: HIT[\r][\n]"
22:09:49.353 [main] DEBUG org.apache.hc.client5.http.wire - http-outgoing-0 << "X-Cache-Hits: 1[\r][\n]"
22:09:49.353 [main] DEBUG org.apache.hc.client5.http.wire - http-outgoing-0 << "X-Timer: S1680707389.437577,VS0,VE1[\r][\n]"
22:09:49.353 [main] DEBUG org.apache.hc.client5.http.wire - http-outgoing-0 << "Vary: Authorization,Accept-Encoding,Origin[\r][\n]"
22:09:49.353 [main] DEBUG org.apache.hc.client5.http.wire - http-outgoing-0 << "Access-Control-Allow-Origin: *[\r][\n]"
22:09:49.353 [main] DEBUG org.apache.hc.client5.http.wire - http-outgoing-0 << "X-Fastly-Request-ID: 40ba41994b6f01dc0e25dfef5fc7961f1813d090[\r][\n]"
22:09:49.353 [main] DEBUG org.apache.hc.client5.http.wire - http-outgoing-0 << "Expires: Wed, 05 Apr 2023 15:14:49 GMT[\r][\n]"
22:09:49.353 [main] DEBUG org.apache.hc.client5.http.wire - http-outgoing-0 << "Source-Age: 189[\r][\n]"
22:09:49.353 [main] DEBUG org.apache.hc.client5.http.wire - http-outgoing-0 << "[\r][\n]"
22:09:49.356 [main] DEBUG org.apache.hc.client5.http.headers - http-outgoing-0 << HTTP/1.1 200 OK
22:09:49.356 [main] DEBUG org.apache.hc.client5.http.headers - http-outgoing-0 << Connection: keep-alive
22:09:49.356 [main] DEBUG org.apache.hc.client5.http.headers - http-outgoing-0 << Content-Length: 723
22:09:49.356 [main] DEBUG org.apache.hc.client5.http.headers - http-outgoing-0 << Cache-Control: max-age=300
22:09:49.356 [main] DEBUG org.apache.hc.client5.http.headers - http-outgoing-0 << Content-Security-Policy: default-src 'none'; style-src 'unsafe-inline'; sandbox
22:09:49.356 [main] DEBUG org.apache.hc.client5.http.headers - http-outgoing-0 << Content-Type: text/plain; charset=utf-8
22:09:49.356 [main] DEBUG org.apache.hc.client5.http.headers - http-outgoing-0 << ETag: W/"e82b438271e9e8680c688b0b680efd0bdd22faa6d6f0a32fc1fd8accc486b67e"
22:09:49.356 [main] DEBUG org.apache.hc.client5.http.headers - http-outgoing-0 << Strict-Transport-Security: max-age=31536000
22:09:49.356 [main] DEBUG org.apache.hc.client5.http.headers - http-outgoing-0 << X-Content-Type-Options: nosniff
22:09:49.356 [main] DEBUG org.apache.hc.client5.http.headers - http-outgoing-0 << X-Frame-Options: deny
22:09:49.356 [main] DEBUG org.apache.hc.client5.http.headers - http-outgoing-0 << X-XSS-Protection: 1; mode=block
22:09:49.356 [main] DEBUG org.apache.hc.client5.http.headers - http-outgoing-0 << X-GitHub-Request-Id: C9D0:4DC9:32625:3FD1D:642B7FF3
22:09:49.357 [main] DEBUG org.apache.hc.client5.http.headers - http-outgoing-0 << Content-Encoding: gzip
22:09:49.357 [main] DEBUG org.apache.hc.client5.http.headers - http-outgoing-0 << Accept-Ranges: bytes
22:09:49.357 [main] DEBUG org.apache.hc.client5.http.headers - http-outgoing-0 << Date: Wed, 05 Apr 2023 15:09:49 GMT
22:09:49.357 [main] DEBUG org.apache.hc.client5.http.headers - http-outgoing-0 << Via: 1.1 varnish
22:09:49.357 [main] DEBUG org.apache.hc.client5.http.headers - http-outgoing-0 << X-Served-By: cache-qpg1267-QPG
22:09:49.357 [main] DEBUG org.apache.hc.client5.http.headers - http-outgoing-0 << X-Cache: HIT
22:09:49.357 [main] DEBUG org.apache.hc.client5.http.headers - http-outgoing-0 << X-Cache-Hits: 1
22:09:49.357 [main] DEBUG org.apache.hc.client5.http.headers - http-outgoing-0 << X-Timer: S1680707389.437577,VS0,VE1
22:09:49.357 [main] DEBUG org.apache.hc.client5.http.headers - http-outgoing-0 << Vary: Authorization,Accept-Encoding,Origin
22:09:49.357 [main] DEBUG org.apache.hc.client5.http.headers - http-outgoing-0 << Access-Control-Allow-Origin: *
22:09:49.357 [main] DEBUG org.apache.hc.client5.http.headers - http-outgoing-0 << X-Fastly-Request-ID: 40ba41994b6f01dc0e25dfef5fc7961f1813d090
22:09:49.357 [main] DEBUG org.apache.hc.client5.http.headers - http-outgoing-0 << Expires: Wed, 05 Apr 2023 15:14:49 GMT
22:09:49.357 [main] DEBUG org.apache.hc.client5.http.headers - http-outgoing-0 << Source-Age: 189
22:09:49.360 [main] DEBUG org.apache.hc.client5.http.impl.classic.MainClientExec - ex-00000001: connection can be kept alive for 3 MINUTES
22:09:49.364 [main] DEBUG org.apache.hc.client5.http.wire - http-outgoing-0 << "[0x1f][0xffffff8b][0x8][0x0][0x0][0x0][0x0][0x0][0x0][0x3][0xffffffb5]V]o[0xffffffda]0[0x14]}[0xffffffe7]W\[0xffffff81]*[0xffffffb5][0x12][0x1f][[M[0xffffffd3]$[0x1e]hF[0xffffffbb]i [0x18][0xffffffb4][0xffffffdd]&[0xfffffff9][0xffffffc5]$7[0xffffffc1]R[0x12]#;[0xffffff94]v[0xffffffbf]~[0xffffffb6][0xfffffff3]1[0xffffff92][0xffffff9a][0xffffffc1][0x1a]x[0xffffffcb][0xffffffb5][0xffffffaf][0xffffffcf]9[0xffffffbe][0xfffffff7]8v[0xb][0x1c][0x1e]E4[0xfffffff6]$x4[0xffffffa1][0xb]*[0xffffffb1][0xffffffd1][0xffffff82][0xfffffffb]%[0xffffff93][0xffffffe0][0xffffffb3][0x10][0xffffffc1][0xffffffe5]qBY,!Y[0xffffffea] KM8,[0x10][0xfffffff0][0x19][0xffffffdd]u[0xffffff82][0x1e][0xffffffb0][0xffffffd8]L[0xffffffcb]%[0xffffff86][0xffffffa1][0xe][0xffffffb8][0xfffffff0]P[0xffffffe8]$[0xf][0x13]t[0x13]3[0xfffffff9][0xffffff84]B2[0xffffffae][0xffffffe6]|@[0xfffffff5][0x1d][0x8][0xffffffc4][0x18][0x16][0xffffff82]o[0xffffffa4][0xffffff9a]P[0xffffff94][0xffffffe7][0xffffffce]R[0xfffffff0][0x8][0xffffffdb]p[0xffffffcb][0x4][0xfffffffa][0xfffffffc][0xffffffb9][\r][0xffffff93][0x15][\n]"
22:09:49.365 [main] DEBUG org.apache.hc.client5.http.wire - http-outgoing-0 << "[0xffffffda][0xffffff86][0xffffffa1][0x17][0xffffffa8]Q3[0xffffffcb][0xffffffd6][0xffffffd1][0xffffff85][0xffffffc6][0xfffffff7][0xffffff98][0xffffffef][0xffffffa3][0xffffffc0]8[0x1][0xffffffae]s[0x12][0x16][0x7] _d[0xffffff82][0xffffff91][0xffffff84][0xfffffff3][0x1f],[0xfffffff6][0x14]j[0x1b]F,^+[0xffffff98]1ua2[0xffffffbf]h([0xffffff8e][0xffffff94][0xffffffa2][0xffffff91]m[0xffffffa3][0xffffffeb][0xffffff9a][0xffffffb0][0xffffffbb]I[0x17]t[0xffffffdf][0xffffffbd][0xffffffef][0xffffffbb][0xffffff91][0xffffffd7]U[0xffffffbb][0xffffff82][0xffffff9e][0x3][0xffffff9b][0xffffff88][0xffffffb9][0xffffffa6]$[0xffffffa6][0xc][0xffffff9b][0xffffffa5][0xffffffe2][0xffffff83][0xffffff98]F[0xffffffd8]o[0xffffff9e]Mg[0xffffff93][0xffffffbb][0xffffffd9]`|[0xfffffffb]u4[0xffffff9c][0x7f]"}B[0xffffffce][0x8][0xffffffb9][0xffffffe3]<[0x8][0xffffff91][0xffffff90][0xffffff94][0xffffff82][0xffffff90][0xffffffc1]j[0x15]2WI[0xffffffe3]1![0x19][0xffffff91]BnB[0xffffff80][0x9]<f[0xffffffb5][0xffffffe8]=[0xffffffd1]p[0xffffffbd][[0xffffffcf][0xffffffe5][0x1b][0xfffffff4][0xffffff9c][0xffffffff][0xfffffffc][0xfffffff8][0xffffffe1][0xffffffe2][0xffffff94][0xffffffa2][0xffffffae][0xe][0x14]5[0xffffff9a]8[0xffffff83][0xffffffd1]`:[0xfffffffd]<[0xffffffb8][0x1f][0xffffff9c]R[0xffffffcf]u[0x7f]6[0xffffffbc][0xffffff83][0xffffffef][0xf][0xffffffc3][0xffffffd9]/[0xfffffff8][0xfffffff2][0xffffffcd]y s[0xffffffee]'[0x1b]*0g[0xffffffcb][0xffffffc8]nF7H][0xffffff83][0xffffff97]{[0xffffffb1]Q[0x5][\r][0xffffffb5]c[0xffffffb4][0xf][0x2][0xffffffb3][0xffffffb4][0xffffff93][0xe]C[0xffffffa7][0xffffffb3]kAD][0xffffff9d][0xffffffde][0xffffffdb][0xffffffda][0xffffff88][0xffffffec][0xffffffa5][0xffffffbc][0xffffff99][0xffffffd9][0xffffffba]t[0xffffffb5][0xffffffea]9[0xffffffea][0x10])[0xffffffb7][0xffffffca][0xffffff9e][0xfffffff2][0xffffffe2]d^N[0xffffffd8]FW[0x16][0xffffffcd][0xffffffdc]_[0x10][0xfffffff9]i|[0x1c][0xffffff93][0xffffff8e][0xfffffff9]o[0x16][0xffffff86]4'!$G[0xffffffdf]W[0xfffffff4]W*j[[0xfffffff3]xR[0xffffffae][0xffffffb6][0xc][0xffffffd0],; #[0xffffffa9][0xffffff92]5[0xffffffb5][0x7][0xffffff9c][0xffffffb5][0xffffffd0][0x7f][0xffffff90][0xffffffc7]jgs[0xfffffffc][0xffffffc2][0xb][0xffffffd9][0x0]t[0xffffff9e]^'Y[0xfffffffb][0xffffff9f][0xffffffb1][0xffffffd8]:[0xffffffbf][0xffffff8d][0xffffffa5][0xffffff9a][0xffffffad][0x7f]m[0x5]&[0xffffffaa][0xffffffa0]^[0xffffff9b][0xffffffcb][0x5]f[0xffffffae][0xffffffe0]RU[0xffffff82][0x10]MS9l[0xffffff91]4t[0xfffffffb][0xffffff8a]][0xffffffd6][0xfffffff4][0xffffff96][0xffffffa6][0xffffff9f]P[0xffffffce][0xffffffd5][0xffffffce][0xffffff93][0xffffffff][0xffffff97][0xffffffcc]p[0xfffffffd][0xfffffff3][0xffffffe8][0x1b][0xffffffcc][0xffffffa2][0xffffffd9]Q[0xffffffbe][0xffffffb2][0xffffffa3][0xffffffc7]m'[0xffffffdf][0xffffffe4][[0xfffffffb]^[0xffffffb0][0xffffff9a][0xffffffbe][0xffffffda][0xffffffda]_[0xffffffce][0xffffff80][0xffffffd2][0xffffffc1]7[0xffffffb7]][0xffffffc1]b[0xffffffee][0xffffffb5][0xffffffff]w[0xffffff83][0xffffffed][0xffffffa7];[0x15]<[0x10]4[0xffffff92][0xffffff84][0x18][\n]"
22:09:49.365 [main] DEBUG org.apache.hc.client5.http.wire - http-outgoing-0 << "BB[0xffffffba][0xffffff8e]][0xffffffb5]jo[0xffffffb9]+"[0xffffffea][0xffffffb4][0xffffffff]h"[0xffffffea]\?5[0xffffffa9][0xffffffaf]k[0xffffffec][0xffffffff]P[0xffffffea][\n]"
22:09:49.365 [main] DEBUG org.apache.hc.client5.http.wire - http-outgoing-0 << "w[0xffffffe1]K[0x13][0xffffffda][0xffffffec][0xffffff98][0xffffffe6]Y[0xfffffffd]h8m6[0xffffff9c]T[0xffffffc1][0xfffffff2][0xffffffa7][0xffffff91]z_[0xffffff95]o85p[0x1c][0x13][0xffffffe6][0xfffffff0]5[0xffffffee][0xfffffffc][0xffffff92][0xffffff96][0xffffffda][0xfffffff7][0xffffffcf][0xffffffb1][0x5][0x1d][0xffffffea]K[0xffffff9b]9[0xffffff8e][0xffffffad]e[0xfffffff7][0xffffff93][0xffffffa8]`[0xffffffda][0xffffffff][0x1a][0xffffffd2][0xffffff88][0xffffff85][0xfffffffd][0xfffffff2][0xffffff91]N[0xfffffff6]`[0xffffffdf]2[0xffffffcf][0xffffffae]E[0xffffff97][0xffffffc5][0xffffffa2][0xffffff9d][0xffffffef]'[0xffffff9d]mun.[0xffffffd3]f^[0xffffffc7][0xffffff82][0xffffffda][0xffffff82]9[0xfffffff5][0xffffffa9]`[0x5][0xffffffbc]4[0xffffffa1][0x1d]<M[0xffffffb5]A[0xffffffa7]3[[0xffffffc0][0x7f][0x0][0xffffffc1][0xffffffd0]$[0xffffff85][0x1d][\r][0x0][0x0]"
22:09:49.366 [main] DEBUG org.apache.hc.client5.http.impl.classic.InternalHttpClient - ep-00000000: releasing valid endpoint
22:09:49.366 [main] DEBUG org.apache.hc.client5.http.impl.io.PoolingHttpClientConnectionManager - ep-00000000: releasing endpoint
22:09:49.366 [main] DEBUG org.apache.hc.client5.http.impl.io.PoolingHttpClientConnectionManager - ep-00000000: connection http-outgoing-0 can be kept alive for 3 MINUTES
22:09:49.367 [main] DEBUG org.apache.hc.client5.http.impl.io.PoolingHttpClientConnectionManager - ep-00000000: connection released [route: {s}->https://raw.githubusercontent.com:443][total available: 1; route allocated: 1 of 5; total allocated: 1 of 25]
22:09:49.367 [main] DEBUG io.github.bonigarcia.wdm.versions.VersionDetector - Detecting edge version using online commands.properties
22:09:49.370 [main] DEBUG io.github.bonigarcia.wdm.versions.Shell - Running command on the shell: [cmd.exe, /C, wmic, datafile, where, name="%PROGRAMFILES(X86):\=\\%\\Microsoft\\Edge\\Application\\msedge.exe", get, Version, /value]
22:09:49.532 [main] DEBUG io.github.bonigarcia.wdm.versions.Shell - Result: Version=111.0.1661.62
22:09:49.535 [main] DEBUG io.github.bonigarcia.wdm.cache.ResolutionCache - Resolution edge111=111.0.1661.62 in cache (valid until 15:17:30 06/04/2023 WIB)
22:09:49.537 [main] INFO io.github.bonigarcia.wdm.WebDriverManager - Using msedgedriver 111.0.1661.62 (resolved driver for Edge 111)
22:09:49.543 [main] DEBUG io.github.bonigarcia.wdm.cache.ResolutionCache - Storing resolution edge=111 in cache (valid until 23:09:49 05/04/2023 WIB)
22:09:49.559 [main] DEBUG io.github.bonigarcia.wdm.WebDriverManager - Driver msedgedriver 111.0.1661.62 found in cache
22:09:49.560 [main] INFO io.github.bonigarcia.wdm.WebDriverManager - Exporting webdriver.edge.driver as C:\Users\alwi\.cache\selenium\msedgedriver\win64\111.0.1661.62\msedgedriver.exe
22:09:50.206 [main] DEBUG net.thucydides.core.reflection.ClassFinder - Could not load class .CucumberTestSuite
22:09:50.206 [main] DEBUG net.thucydides.core.reflection.ClassFinder - Could not load class .starter.pages.BabyPage
22:09:50.206 [main] DEBUG net.thucydides.core.reflection.ClassFinder - Could not load class .starter.stepdefinitions.BabyStep
22:09:50.207 [main] DEBUG net.thucydides.core.reflection.ClassFinder - Could not load class META-INF.versions.9.com.sun.istack.logging.StackHelper
22:09:50.207 [main] DEBUG net.thucydides.core.reflection.ClassFinder - Could not load class META-INF.versions.9.com.sun.xml.bind.v2.runtime.reflect.opt.AccessorInjector
22:09:50.208 [main] DEBUG net.thucydides.core.reflection.ClassFinder - Could not load class META-INF.versions.9.com.sun.xml.bind.v2.runtime.reflect.opt.Injector
22:09:50.208 [main] DEBUG net.thucydides.core.reflection.ClassFinder - Could not load class META-INF.versions.9.com.sun.xml.bind.v2.runtime.reflect.opt.OptimizedAccessorFactory
22:09:50.208 [main] DEBUG net.thucydides.core.reflection.ClassFinder - Could not load class META-INF.versions.9.com.sun.xml.bind.v2.runtime.reflect.opt.OptimizedTransducedAccessorFactory
22:09:50.209 [main] DEBUG net.thucydides.core.reflection.ClassFinder - Could not load class META-INF.versions.9.io.opentelemetry.sdk.internal.CurrentJavaVersionSpecific
22:09:50.209 [main] DEBUG net.thucydides.core.reflection.ClassFinder - Could not load class META-INF.versions.9.io.opentelemetry.sdk.internal.Java9VersionSpecific
22:09:50.209 [main] DEBUG net.thucydides.core.reflection.ClassFinder - Could not load class META-INF.versions.9.javax.xml.bind.ModuleUtil
22:09:50.210 [main] DEBUG net.thucydides.core.reflection.ClassFinder - Could not load class META-INF.versions.9.module-info
22:09:50.210 [main] DEBUG net.thucydides.core.reflection.ClassFinder - Could not load class META-INF.versions.9.org.junit.platform.commons.util.ModuleUtils
22:09:50.549 [main] DEBUG net.thucydides.core.reflection.ClassFinder - Could not load class com.google.gson.internal.
22:09:50.737 [main] DEBUG net.thucydides.core.reflection.ClassFinder - Could not load class com.sun.xml.bind.v2.runtime.output.FastInfosetStreamWriterOutput
22:09:51.153 [main] DEBUG net.thucydides.core.reflection.ClassFinder - Could not load class module-info
22:09:53.978 [main] DEBUG io.netty.util.internal.logging.InternalLoggerFactory - Using SLF4J as the default logging framework
22:09:53.983 [main] DEBUG io.netty.util.ResourceLeakDetector - -Dio.netty.leakDetection.level: simple
22:09:53.985 [main] DEBUG io.netty.util.ResourceLeakDetector - -Dio.netty.leakDetection.targetRecords: 4
22:09:53.989 [main] DEBUG io.netty.util.ResourceLeakDetectorFactory - Loaded default ResourceLeakDetector: io.netty.util.ResourceLeakDetector@6fefaeba
22:09:54.010 [main] DEBUG io.netty.util.internal.PlatformDependent0 - -Dio.netty.noUnsafe: false
22:09:54.010 [main] DEBUG io.netty.util.internal.PlatformDependent0 - Java version: 13
22:09:54.011 [main] DEBUG io.netty.util.internal.PlatformDependent0 - sun.misc.Unsafe.theUnsafe: available
22:09:54.012 [main] DEBUG io.netty.util.internal.PlatformDependent0 - sun.misc.Unsafe.copyMemory: available
22:09:54.013 [main] DEBUG io.netty.util.internal.PlatformDependent0 - java.nio.Buffer.address: available
22:09:54.013 [main] DEBUG io.netty.util.internal.PlatformDependent0 - direct buffer constructor: unavailable: Reflective setAccessible(true) disabled
22:09:54.014 [main] DEBUG io.netty.util.internal.PlatformDependent0 - java.nio.Bits.unaligned: available, true
22:09:54.014 [main] DEBUG io.netty.util.internal.PlatformDependent0 - jdk.internal.misc.Unsafe.allocateUninitializedArray(int): unavailable: class io.netty.util.internal.PlatformDependent0$6 cannot access class jdk.internal.misc.Unsafe (in module java.base) because module java.base does not export jdk.internal.misc to unnamed module @70e29e14
22:09:54.016 [main] DEBUG io.netty.util.internal.PlatformDependent0 - java.nio.DirectByteBuffer.<init>(long, int): unavailable
22:09:54.016 [main] DEBUG io.netty.util.internal.PlatformDependent - sun.misc.Unsafe: available
22:09:54.019 [main] DEBUG io.netty.util.internal.PlatformDependent - maxDirectMemory: 4288675840 bytes (maybe)
22:09:54.019 [main] DEBUG io.netty.util.internal.PlatformDependent - -Dio.netty.tmpdir: C:\Users\alwi\AppData\Local\Temp (java.io.tmpdir)
22:09:54.019 [main] DEBUG io.netty.util.internal.PlatformDependent - -Dio.netty.bitMode: 64 (sun.arch.data.model)
22:09:54.019 [main] DEBUG io.netty.util.internal.PlatformDependent - Platform: Windows
22:09:54.020 [main] DEBUG io.netty.util.internal.PlatformDependent - -Dio.netty.maxDirectMemory: -1 bytes
22:09:54.020 [main] DEBUG io.netty.util.internal.PlatformDependent - -Dio.netty.uninitializedArrayAllocationThreshold: -1
22:09:54.021 [main] DEBUG io.netty.util.internal.CleanerJava9 - java.nio.ByteBuffer.cleaner(): available
22:09:54.021 [main] DEBUG io.netty.util.internal.PlatformDependent - -Dio.netty.noPreferDirect: false
22:09:54.032 [main] DEBUG io.netty.util.internal.PlatformDependent - org.jctools-core.MpscChunkedArrayQueue: available
22:09:54.055 [main] DEBUG io.netty.util.internal.InternalThreadLocalMap - -Dio.netty.threadLocalMap.stringBuilder.initialSize: 1024
22:09:54.055 [main] DEBUG io.netty.util.internal.InternalThreadLocalMap - -Dio.netty.threadLocalMap.stringBuilder.maxSize: 4096
22:09:54.075 [main] DEBUG io.netty.handler.ssl.JdkSslContext - Default protocols (JDK): [TLSv1.3, TLSv1.2, TLSv1.1, TLSv1] 
22:09:54.075 [main] DEBUG io.netty.handler.ssl.JdkSslContext - Default cipher suites (JDK): [TLS_ECDHE_ECDSA_WITH_AES_256_GCM_SHA384, TLS_ECDHE_ECDSA_WITH_AES_128_GCM_SHA256, TLS_ECDHE_RSA_WITH_AES_128_GCM_SHA256, TLS_ECDHE_RSA_WITH_AES_256_GCM_SHA384, TLS_ECDHE_RSA_WITH_AES_128_CBC_SHA, TLS_ECDHE_RSA_WITH_AES_256_CBC_SHA, TLS_RSA_WITH_AES_128_GCM_SHA256, TLS_RSA_WITH_AES_128_CBC_SHA, TLS_RSA_WITH_AES_256_CBC_SHA, TLS_AES_128_GCM_SHA256, TLS_AES_256_GCM_SHA384]
22:09:54.104 [main] DEBUG io.netty.channel.MultithreadEventLoopGroup - -Dio.netty.eventLoopThreads: 16
22:09:54.123 [main] DEBUG io.netty.channel.nio.NioEventLoop - -Dio.netty.noKeySetOptimization: false
22:09:54.123 [main] DEBUG io.netty.channel.nio.NioEventLoop - -Dio.netty.selectorAutoRebuildThreshold: 512
22:09:54.500 [main] DEBUG io.netty.buffer.PooledByteBufAllocator - -Dio.netty.allocator.numHeapArenas: 16
22:09:54.500 [main] DEBUG io.netty.buffer.PooledByteBufAllocator - -Dio.netty.allocator.numDirectArenas: 16
22:09:54.500 [main] DEBUG io.netty.buffer.PooledByteBufAllocator - -Dio.netty.allocator.pageSize: 8192
22:09:54.500 [main] DEBUG io.netty.buffer.PooledByteBufAllocator - -Dio.netty.allocator.maxOrder: 11
22:09:54.500 [main] DEBUG io.netty.buffer.PooledByteBufAllocator - -Dio.netty.allocator.chunkSize: 16777216
22:09:54.500 [main] DEBUG io.netty.buffer.PooledByteBufAllocator - -Dio.netty.allocator.smallCacheSize: 256
22:09:54.500 [main] DEBUG io.netty.buffer.PooledByteBufAllocator - -Dio.netty.allocator.normalCacheSize: 64
22:09:54.500 [main] DEBUG io.netty.buffer.PooledByteBufAllocator - -Dio.netty.allocator.maxCachedBufferCapacity: 32768
22:09:54.500 [main] DEBUG io.netty.buffer.PooledByteBufAllocator - -Dio.netty.allocator.cacheTrimInterval: 8192
22:09:54.500 [main] DEBUG io.netty.buffer.PooledByteBufAllocator - -Dio.netty.allocator.cacheTrimIntervalMillis: 0
22:09:54.500 [main] DEBUG io.netty.buffer.PooledByteBufAllocator - -Dio.netty.allocator.useCacheForAllThreads: true
22:09:54.500 [main] DEBUG io.netty.buffer.PooledByteBufAllocator - -Dio.netty.allocator.maxCachedByteBuffersPerChunk: 1023
22:09:54.513 [main] DEBUG io.netty.buffer.ByteBufUtil - -Dio.netty.allocator.type: pooled
22:09:54.514 [main] DEBUG io.netty.buffer.ByteBufUtil - -Dio.netty.threadLocalDirectBufferSize: 0
22:09:54.514 [main] DEBUG io.netty.buffer.ByteBufUtil - -Dio.netty.maxThreadLocalCharBufferSize: 16384
22:09:54.600 [main] DEBUG net.serenitybdd.core.webdriver.driverproviders.ProvideNewDriver - Instantiating driver
22:09:54.600 [main] DEBUG net.serenitybdd.core.webdriver.driverproviders.ProvideNewDriver - Driver capabilities: Capabilities {base.url: https://www.uniqlo.com, chrome.driver: src/test/resources/webdrive..., driver: edge, ms:edgeChromium: true, ms:edgeOptions: {}, wait.for.timeout: 6000}
22:09:55.297 [Forwarding newSession on session null to remote] DEBUG io.netty.channel.DefaultChannelId - -Dio.netty.processId: 12980 (auto-detected)
22:09:55.299 [Forwarding newSession on session null to remote] DEBUG io.netty.util.NetUtil - -Djava.net.preferIPv4Stack: false
22:09:55.299 [Forwarding newSession on session null to remote] DEBUG io.netty.util.NetUtil - -Djava.net.preferIPv6Addresses: false
22:09:55.624 [Forwarding newSession on session null to remote] DEBUG io.netty.util.NetUtilInitializations - Loopback interface: lo (Software Loopback Interface 1, 127.0.0.1)
22:09:55.625 [Forwarding newSession on session null to remote] DEBUG io.netty.util.NetUtil - Failed to get SOMAXCONN from sysctl and file \proc\sys\net\core\somaxconn. Default: 200
22:09:55.959 [Forwarding newSession on session null to remote] DEBUG io.netty.channel.DefaultChannelId - -Dio.netty.machineId: 50:3e:aa:ff:fe:ef:df:ab (auto-detected)
22:09:56.016 [AsyncHttpClient-1-2] DEBUG io.netty.buffer.AbstractByteBuf - -Dio.netty.buffer.checkAccessible: true
22:09:56.016 [AsyncHttpClient-1-2] DEBUG io.netty.buffer.AbstractByteBuf - -Dio.netty.buffer.checkBounds: true
22:09:56.016 [AsyncHttpClient-1-2] DEBUG io.netty.util.ResourceLeakDetectorFactory - Loaded default ResourceLeakDetector: io.netty.util.ResourceLeakDetector@533c8441
22:09:56.030 [AsyncHttpClient-1-2] DEBUG org.asynchttpclient.netty.channel.NettyConnectListener - Using new Channel '[id: 0x8048e552, L:/127.0.0.1:60936 - R:localhost/127.0.0.1:58734]' for 'POST' to '/session'
22:09:56.050 [AsyncHttpClient-1-2] DEBUG io.netty.util.Recycler - -Dio.netty.recycler.maxCapacityPerThread: 4096
22:09:56.050 [AsyncHttpClient-1-2] DEBUG io.netty.util.Recycler - -Dio.netty.recycler.ratio: 8
22:09:56.050 [AsyncHttpClient-1-2] DEBUG io.netty.util.Recycler - -Dio.netty.recycler.chunkSize: 32
22:09:56.050 [AsyncHttpClient-1-2] DEBUG io.netty.util.Recycler - -Dio.netty.recycler.blocking: false
22:09:56.838 [AsyncHttpClient-1-2] DEBUG io.netty.handler.codec.compression.Brotli - brotli4j not in the classpath; Brotli support will be unavailable.
22:09:56.838 [AsyncHttpClient-1-2] DEBUG org.asynchttpclient.netty.handler.HttpHandler - 

Request DefaultHttpRequest(decodeResult: success, version: HTTP/1.1)
POST /session HTTP/1.1
User-Agent: selenium/4.1.2 (java windows)
Content-Length: 627
Content-Type: application/json; charset=utf-8
host: localhost:58734
accept: */*

Response DefaultHttpResponse(decodeResult: success, version: HTTP/1.1)
HTTP/1.1 200 OK
Content-Type: application/json; charset=utf-8
cache-control: no-cache
content-length: 822

22:09:56.845 [AsyncHttpClient-1-2] DEBUG org.asynchttpclient.netty.channel.ChannelManager - Adding key: http://localhost:58734 for channel [id: 0x8048e552, L:/127.0.0.1:60936 - R:localhost/127.0.0.1:58734]
22:09:56.894 [AsyncHttpClient-1-3] DEBUG org.asynchttpclient.netty.channel.NettyConnectListener - Using new Channel '[id: 0x4099acd6, L:/127.0.0.1:60945 - R:localhost/127.0.0.1:60938]' for 'GET' to '/json/version'
22:09:56.900 [AsyncHttpClient-1-3] DEBUG org.asynchttpclient.netty.handler.HttpHandler - 

Request DefaultFullHttpRequest(decodeResult: success, version: HTTP/1.1, content: EmptyByteBufBE)
GET /json/version HTTP/1.1
User-Agent: selenium/4.1.2 (java windows)
host: localhost:60938
accept: */*

Response DefaultHttpResponse(decodeResult: success, version: HTTP/1.1)
HTTP/1.1 200 OK
Content-Security-Policy: frame-ancestors 'none'
Content-Type: application/json; charset=UTF-8
content-length: 436

22:09:56.900 [AsyncHttpClient-1-3] DEBUG org.asynchttpclient.netty.channel.ChannelManager - Adding key: http://localhost:60938 for channel [id: 0x4099acd6, L:/127.0.0.1:60945 - R:localhost/127.0.0.1:60938]
22:09:56.906 [main] DEBUG io.netty.util.internal.ThreadLocalRandom - -Dio.netty.initialSeedUniquifier: 0x9097c04151c3b53a
22:09:56.910 [AsyncHttpClient-1-4] DEBUG org.asynchttpclient.netty.channel.NettyConnectListener - Using new Channel '[id: 0xda9f43ea, L:/127.0.0.1:60946 - R:localhost/127.0.0.1:60938]' for 'GET' to '/devtools/browser/e3b2b0de-f960-48ec-97be-236b20ecdd67'
22:09:56.916 [AsyncHttpClient-1-4] DEBUG org.asynchttpclient.netty.handler.WebSocketHandler - 

Request DefaultFullHttpRequest(decodeResult: success, version: HTTP/1.1, content: EmptyByteBufBE)
GET /devtools/browser/e3b2b0de-f960-48ec-97be-236b20ecdd67 HTTP/1.1
upgrade: websocket
connection: upgrade
sec-websocket-key: kYOECk5cZilpfQlmndiS1Q==
sec-websocket-version: 13
origin: http://localhost:60938
host: localhost:60938
accept: */*
user-agent: AHC/2.1

Response DefaultHttpResponse(decodeResult: success, version: HTTP/1.1)
HTTP/1.1 101 WebSocket Protocol Handshake
Upgrade: WebSocket
Connection: Upgrade
Sec-WebSocket-Accept: 060zrEw0ACQr751NEe77oo+Q5RE=

22:09:57.341 [AsyncHttpClient-1-1] DEBUG org.asynchttpclient.netty.channel.DefaultChannelPool - Entry count for : http://localhost:60938 : 1
22:09:57.342 [AsyncHttpClient-1-1] DEBUG org.asynchttpclient.netty.channel.DefaultChannelPool - Entry count for : http://localhost:58734 : 1
22:09:57.829 [main] DEBUG net.thucydides.core.reflection.ClassFinder - Could not load class .CucumberTestSuite
22:09:57.829 [main] DEBUG net.thucydides.core.reflection.ClassFinder - Could not load class .starter.pages.BabyPage
22:09:57.829 [main] DEBUG net.thucydides.core.reflection.ClassFinder - Could not load class .starter.stepdefinitions.BabyStep
22:09:57.830 [main] DEBUG net.thucydides.core.reflection.ClassFinder - Could not load class META-INF.versions.9.com.sun.istack.logging.StackHelper
22:09:57.831 [main] DEBUG net.thucydides.core.reflection.ClassFinder - Could not load class META-INF.versions.9.com.sun.xml.bind.v2.runtime.reflect.opt.AccessorInjector
22:09:57.831 [main] DEBUG net.thucydides.core.reflection.ClassFinder - Could not load class META-INF.versions.9.com.sun.xml.bind.v2.runtime.reflect.opt.Injector
22:09:57.831 [main] DEBUG net.thucydides.core.reflection.ClassFinder - Could not load class META-INF.versions.9.com.sun.xml.bind.v2.runtime.reflect.opt.OptimizedAccessorFactory
22:09:57.831 [main] DEBUG net.thucydides.core.reflection.ClassFinder - Could not load class META-INF.versions.9.com.sun.xml.bind.v2.runtime.reflect.opt.OptimizedTransducedAccessorFactory
22:09:57.832 [main] DEBUG net.thucydides.core.reflection.ClassFinder - Could not load class META-INF.versions.9.io.opentelemetry.sdk.internal.CurrentJavaVersionSpecific
22:09:57.832 [main] DEBUG net.thucydides.core.reflection.ClassFinder - Could not load class META-INF.versions.9.io.opentelemetry.sdk.internal.Java9VersionSpecific
22:09:57.832 [main] DEBUG net.thucydides.core.reflection.ClassFinder - Could not load class META-INF.versions.9.javax.xml.bind.ModuleUtil
22:09:57.833 [main] DEBUG net.thucydides.core.reflection.ClassFinder - Could not load class META-INF.versions.9.module-info
22:09:57.833 [main] DEBUG net.thucydides.core.reflection.ClassFinder - Could not load class META-INF.versions.9.org.junit.platform.commons.util.ModuleUtils
22:09:57.835 [main] DEBUG net.thucydides.core.reflection.ClassFinder - Could not load class com.google.gson.internal.
22:09:57.836 [main] DEBUG net.thucydides.core.reflection.ClassFinder - Could not load class com.sun.xml.bind.v2.runtime.output.FastInfosetStreamWriterOutput
22:09:57.839 [main] DEBUG net.thucydides.core.reflection.ClassFinder - Could not load class module-info
22:09:57.860 [Forwarding get on session c80cefe18ad1390955ac2e8366fb7362 to remote] DEBUG org.asynchttpclient.netty.request.NettyRequestSender - Using pooled Channel '[id: 0x8048e552, L:/127.0.0.1:60936 - R:localhost/127.0.0.1:58734]' for 'POST' to 'http://localhost:58734/session/c80cefe18ad1390955ac2e8366fb7362/url'
22:09:57.860 [Forwarding get on session c80cefe18ad1390955ac2e8366fb7362 to remote] DEBUG org.asynchttpclient.netty.request.NettyRequestSender - Using open Channel [id: 0x8048e552, L:/127.0.0.1:60936 - R:localhost/127.0.0.1:58734] for POST '/session/c80cefe18ad1390955ac2e8366fb7362/url'
22:09:58.437 [AsyncHttpClient-1-1] DEBUG org.asynchttpclient.netty.channel.DefaultChannelPool - Entry count for : http://localhost:60938 : 1
22:09:59.543 [AsyncHttpClient-1-1] DEBUG org.asynchttpclient.netty.channel.DefaultChannelPool - Entry count for : http://localhost:60938 : 1
22:10:00.638 [AsyncHttpClient-1-1] DEBUG org.asynchttpclient.netty.channel.DefaultChannelPool - Entry count for : http://localhost:60938 : 1
22:10:01.744 [AsyncHttpClient-1-1] DEBUG org.asynchttpclient.netty.channel.DefaultChannelPool - Entry count for : http://localhost:60938 : 1
22:10:02.838 [AsyncHttpClient-1-1] DEBUG org.asynchttpclient.netty.channel.DefaultChannelPool - Entry count for : http://localhost:60938 : 1
22:10:03.948 [AsyncHttpClient-1-1] DEBUG org.asynchttpclient.netty.channel.DefaultChannelPool - Entry count for : http://localhost:60938 : 1
22:10:05.046 [AsyncHttpClient-1-1] DEBUG org.asynchttpclient.netty.channel.DefaultChannelPool - Entry count for : http://localhost:60938 : 1
22:10:06.137 [AsyncHttpClient-1-1] DEBUG org.asynchttpclient.netty.channel.DefaultChannelPool - Entry count for : http://localhost:60938 : 1
22:10:07.248 [AsyncHttpClient-1-1] DEBUG org.asynchttpclient.netty.channel.DefaultChannelPool - Entry count for : http://localhost:60938 : 1
22:10:08.346 [AsyncHttpClient-1-1] DEBUG org.asynchttpclient.netty.channel.DefaultChannelPool - Entry count for : http://localhost:60938 : 1
22:10:09.448 [AsyncHttpClient-1-1] DEBUG org.asynchttpclient.netty.channel.DefaultChannelPool - Entry count for : http://localhost:60938 : 1
22:10:10.539 [AsyncHttpClient-1-1] DEBUG org.asynchttpclient.netty.channel.DefaultChannelPool - Entry count for : http://localhost:60938 : 1
22:10:11.640 [AsyncHttpClient-1-1] DEBUG org.asynchttpclient.netty.channel.DefaultChannelPool - Entry count for : http://localhost:60938 : 1
22:10:12.737 [AsyncHttpClient-1-1] DEBUG org.asynchttpclient.netty.channel.DefaultChannelPool - Entry count for : http://localhost:60938 : 1
22:10:13.841 [AsyncHttpClient-1-1] DEBUG org.asynchttpclient.netty.channel.DefaultChannelPool - Entry count for : http://localhost:60938 : 1
22:10:14.121 [AsyncHttpClient-1-2] DEBUG org.asynchttpclient.netty.handler.HttpHandler - 

Request DefaultHttpRequest(decodeResult: success, version: HTTP/1.1)
POST /session/c80cefe18ad1390955ac2e8366fb7362/url HTTP/1.1
User-Agent: selenium/4.1.2 (java windows)
Content-Length: 53
Content-Type: application/json; charset=utf-8
host: localhost:58734
accept: */*

Response DefaultHttpResponse(decodeResult: success, version: HTTP/1.1)
HTTP/1.1 200 OK
Content-Type: application/json; charset=utf-8
cache-control: no-cache
content-length: 14

22:10:14.122 [AsyncHttpClient-1-2] DEBUG org.asynchttpclient.netty.channel.ChannelManager - Adding key: http://localhost:58734 for channel [id: 0x8048e552, L:/127.0.0.1:60936 - R:localhost/127.0.0.1:58734]
22:10:14.128 [Forwarding setTimeout on session c80cefe18ad1390955ac2e8366fb7362 to remote] DEBUG org.asynchttpclient.netty.request.NettyRequestSender - Using pooled Channel '[id: 0x8048e552, L:/127.0.0.1:60936 - R:localhost/127.0.0.1:58734]' for 'POST' to 'http://localhost:58734/session/c80cefe18ad1390955ac2e8366fb7362/timeouts'
22:10:14.128 [Forwarding setTimeout on session c80cefe18ad1390955ac2e8366fb7362 to remote] DEBUG org.asynchttpclient.netty.request.NettyRequestSender - Using open Channel [id: 0x8048e552, L:/127.0.0.1:60936 - R:localhost/127.0.0.1:58734] for POST '/session/c80cefe18ad1390955ac2e8366fb7362/timeouts'
22:10:14.131 [AsyncHttpClient-1-2] DEBUG org.asynchttpclient.netty.handler.HttpHandler - 

Request DefaultHttpRequest(decodeResult: success, version: HTTP/1.1)
POST /session/c80cefe18ad1390955ac2e8366fb7362/timeouts HTTP/1.1
User-Agent: selenium/4.1.2 (java windows)
Content-Length: 22
Content-Type: application/json; charset=utf-8
host: localhost:58734
accept: */*

Response DefaultHttpResponse(decodeResult: success, version: HTTP/1.1)
HTTP/1.1 200 OK
Content-Type: application/json; charset=utf-8
cache-control: no-cache
content-length: 14

22:10:14.132 [AsyncHttpClient-1-2] DEBUG org.asynchttpclient.netty.channel.ChannelManager - Adding key: http://localhost:58734 for channel [id: 0x8048e552, L:/127.0.0.1:60936 - R:localhost/127.0.0.1:58734]
22:10:14.137 [Forwarding getCurrentUrl on session c80cefe18ad1390955ac2e8366fb7362 to remote] DEBUG org.asynchttpclient.netty.request.NettyRequestSender - Using pooled Channel '[id: 0x8048e552, L:/127.0.0.1:60936 - R:localhost/127.0.0.1:58734]' for 'GET' to 'http://localhost:58734/session/c80cefe18ad1390955ac2e8366fb7362/url'
22:10:14.137 [Forwarding getCurrentUrl on session c80cefe18ad1390955ac2e8366fb7362 to remote] DEBUG org.asynchttpclient.netty.request.NettyRequestSender - Using open Channel [id: 0x8048e552, L:/127.0.0.1:60936 - R:localhost/127.0.0.1:58734] for GET '/session/c80cefe18ad1390955ac2e8366fb7362/url'
22:10:14.142 [AsyncHttpClient-1-2] DEBUG org.asynchttpclient.netty.handler.HttpHandler - 

Request DefaultFullHttpRequest(decodeResult: success, version: HTTP/1.1, content: EmptyByteBufBE)
GET /session/c80cefe18ad1390955ac2e8366fb7362/url HTTP/1.1
User-Agent: selenium/4.1.2 (java windows)
Cache-Control: no-cache
Content-Type: application/json; charset=utf-8
host: localhost:58734
accept: */*

Response DefaultHttpResponse(decodeResult: success, version: HTTP/1.1)
HTTP/1.1 200 OK
Content-Type: application/json; charset=utf-8
cache-control: no-cache
content-length: 41

22:10:14.143 [AsyncHttpClient-1-2] DEBUG org.asynchttpclient.netty.channel.ChannelManager - Adding key: http://localhost:58734 for channel [id: 0x8048e552, L:/127.0.0.1:60936 - R:localhost/127.0.0.1:58734]
  &amp#27;[32mGiven &amp#27;[0m&amp#27;[32mI am on the home page&amp#27;[0m     &amp#27;[90m# starter.stepdefinitions.BabyStep.iAmOnTheHomePage()&amp#27;[0m
22:10:14.168 [main] DEBUG net.serenitybdd.core.photography.Darkroom - Opening darkroom
22:10:14.169 [Darkroom Processing Line] DEBUG net.serenitybdd.core.photography.DarkroomProcessingLine - Darkroom processing line starting up
22:10:14.169 [Forwarding screenshot on session c80cefe18ad1390955ac2e8366fb7362 to remote] DEBUG org.asynchttpclient.netty.request.NettyRequestSender - Using pooled Channel '[id: 0x8048e552, L:/127.0.0.1:60936 - R:localhost/127.0.0.1:58734]' for 'GET' to 'http://localhost:58734/session/c80cefe18ad1390955ac2e8366fb7362/screenshot'
22:10:14.169 [Forwarding screenshot on session c80cefe18ad1390955ac2e8366fb7362 to remote] DEBUG org.asynchttpclient.netty.request.NettyRequestSender - Using open Channel [id: 0x8048e552, L:/127.0.0.1:60936 - R:localhost/127.0.0.1:58734] for GET '/session/c80cefe18ad1390955ac2e8366fb7362/screenshot'
22:10:14.504 [AsyncHttpClient-1-2] DEBUG org.asynchttpclient.netty.handler.HttpHandler - 

Request DefaultFullHttpRequest(decodeResult: success, version: HTTP/1.1, content: EmptyByteBufBE)
GET /session/c80cefe18ad1390955ac2e8366fb7362/screenshot HTTP/1.1
User-Agent: selenium/4.1.2 (java windows)
Cache-Control: no-cache
Content-Type: application/json; charset=utf-8
host: localhost:58734
accept: */*

Response DefaultHttpResponse(decodeResult: success, version: HTTP/1.1)
HTTP/1.1 200 OK
Content-Type: application/json; charset=utf-8
cache-control: no-cache
content-length: 1119968

22:10:14.517 [AsyncHttpClient-1-2] DEBUG org.asynchttpclient.netty.channel.ChannelManager - Adding key: http://localhost:58734 for channel [id: 0x8048e552, L:/127.0.0.1:60936 - R:localhost/127.0.0.1:58734]
22:10:14.646 [main] DEBUG net.serenitybdd.core.photography.Darkroom - Send negative for processing for target\site\serenity\3d1b19ad31921c0beae4332facd941fcc81467ad5802877977ec6c100df601ce.png
22:10:14.647 [Darkroom Processing Line] DEBUG net.serenitybdd.core.photography.DarkroomProcessingLine - Processing screenshot image in /var/screenshots/screenshot-8644201671645487373
22:10:14.647 [Darkroom Processing Line] DEBUG net.serenitybdd.core.photography.DarkroomProcessingLine - Saving screenshot to target\site\serenity\3d1b19ad31921c0beae4332facd941fcc81467ad5802877977ec6c100df601ce.png
22:10:14.670 [Forwarding findElement on session c80cefe18ad1390955ac2e8366fb7362 to remote] DEBUG org.asynchttpclient.netty.request.NettyRequestSender - Using pooled Channel '[id: 0x8048e552, L:/127.0.0.1:60936 - R:localhost/127.0.0.1:58734]' for 'POST' to 'http://localhost:58734/session/c80cefe18ad1390955ac2e8366fb7362/element'
22:10:14.670 [Forwarding findElement on session c80cefe18ad1390955ac2e8366fb7362 to remote] DEBUG org.asynchttpclient.netty.request.NettyRequestSender - Using open Channel [id: 0x8048e552, L:/127.0.0.1:60936 - R:localhost/127.0.0.1:58734] for POST '/session/c80cefe18ad1390955ac2e8366fb7362/element'
22:10:14.684 [AsyncHttpClient-1-2] DEBUG org.asynchttpclient.netty.handler.HttpHandler - 

Request DefaultHttpRequest(decodeResult: success, version: HTTP/1.1)
POST /session/c80cefe18ad1390955ac2e8366fb7362/element HTTP/1.1
User-Agent: selenium/4.1.2 (java windows)
Content-Length: 81
Content-Type: application/json; charset=utf-8
host: localhost:58734
accept: */*

Response DefaultHttpResponse(decodeResult: success, version: HTTP/1.1)
HTTP/1.1 200 OK
Content-Type: application/json; charset=utf-8
cache-control: no-cache
content-length: 88

22:10:14.684 [AsyncHttpClient-1-2] DEBUG org.asynchttpclient.netty.channel.ChannelManager - Adding key: http://localhost:58734 for channel [id: 0x8048e552, L:/127.0.0.1:60936 - R:localhost/127.0.0.1:58734]
22:10:14.686 [Forwarding getElementTagName on session c80cefe18ad1390955ac2e8366fb7362 to remote] DEBUG org.asynchttpclient.netty.request.NettyRequestSender - Using pooled Channel '[id: 0x8048e552, L:/127.0.0.1:60936 - R:localhost/127.0.0.1:58734]' for 'GET' to 'http://localhost:58734/session/c80cefe18ad1390955ac2e8366fb7362/element/897b65cd-f41c-4dcb-a403-a824ab905de2/name'
22:10:14.686 [Forwarding getElementTagName on session c80cefe18ad1390955ac2e8366fb7362 to remote] DEBUG org.asynchttpclient.netty.request.NettyRequestSender - Using open Channel [id: 0x8048e552, L:/127.0.0.1:60936 - R:localhost/127.0.0.1:58734] for GET '/session/c80cefe18ad1390955ac2e8366fb7362/element/897b65cd-f41c-4dcb-a403-a824ab905de2/name'
22:10:14.690 [AsyncHttpClient-1-2] DEBUG org.asynchttpclient.netty.handler.HttpHandler - 

Request DefaultFullHttpRequest(decodeResult: success, version: HTTP/1.1, content: EmptyByteBufBE)
GET /session/c80cefe18ad1390955ac2e8366fb7362/element/897b65cd-f41c-4dcb-a403-a824ab905de2/name HTTP/1.1
User-Agent: selenium/4.1.2 (java windows)
Cache-Control: no-cache
Content-Type: application/json; charset=utf-8
host: localhost:58734
accept: */*

Response DefaultHttpResponse(decodeResult: success, version: HTTP/1.1)
HTTP/1.1 200 OK
Content-Type: application/json; charset=utf-8
cache-control: no-cache
content-length: 16

22:10:14.690 [AsyncHttpClient-1-2] DEBUG org.asynchttpclient.netty.channel.ChannelManager - Adding key: http://localhost:58734 for channel [id: 0x8048e552, L:/127.0.0.1:60936 - R:localhost/127.0.0.1:58734]
22:10:14.692 [Forwarding getElementTagName on session c80cefe18ad1390955ac2e8366fb7362 to remote] DEBUG org.asynchttpclient.netty.request.NettyRequestSender - Using pooled Channel '[id: 0x8048e552, L:/127.0.0.1:60936 - R:localhost/127.0.0.1:58734]' for 'GET' to 'http://localhost:58734/session/c80cefe18ad1390955ac2e8366fb7362/element/897b65cd-f41c-4dcb-a403-a824ab905de2/name'
22:10:14.692 [Forwarding getElementTagName on session c80cefe18ad1390955ac2e8366fb7362 to remote] DEBUG org.asynchttpclient.netty.request.NettyRequestSender - Using open Channel [id: 0x8048e552, L:/127.0.0.1:60936 - R:localhost/127.0.0.1:58734] for GET '/session/c80cefe18ad1390955ac2e8366fb7362/element/897b65cd-f41c-4dcb-a403-a824ab905de2/name'
22:10:14.695 [AsyncHttpClient-1-2] DEBUG org.asynchttpclient.netty.handler.HttpHandler - 

Request DefaultFullHttpRequest(decodeResult: success, version: HTTP/1.1, content: EmptyByteBufBE)
GET /session/c80cefe18ad1390955ac2e8366fb7362/element/897b65cd-f41c-4dcb-a403-a824ab905de2/name HTTP/1.1
User-Agent: selenium/4.1.2 (java windows)
Cache-Control: no-cache
Content-Type: application/json; charset=utf-8
host: localhost:58734
accept: */*

Response DefaultHttpResponse(decodeResult: success, version: HTTP/1.1)
HTTP/1.1 200 OK
Content-Type: application/json; charset=utf-8
cache-control: no-cache
content-length: 16

22:10:14.696 [AsyncHttpClient-1-2] DEBUG org.asynchttpclient.netty.channel.ChannelManager - Adding key: http://localhost:58734 for channel [id: 0x8048e552, L:/127.0.0.1:60936 - R:localhost/127.0.0.1:58734]
22:10:14.698 [Forwarding findElement on session c80cefe18ad1390955ac2e8366fb7362 to remote] DEBUG org.asynchttpclient.netty.request.NettyRequestSender - Using pooled Channel '[id: 0x8048e552, L:/127.0.0.1:60936 - R:localhost/127.0.0.1:58734]' for 'POST' to 'http://localhost:58734/session/c80cefe18ad1390955ac2e8366fb7362/element'
22:10:14.698 [Forwarding findElement on session c80cefe18ad1390955ac2e8366fb7362 to remote] DEBUG org.asynchttpclient.netty.request.NettyRequestSender - Using open Channel [id: 0x8048e552, L:/127.0.0.1:60936 - R:localhost/127.0.0.1:58734] for POST '/session/c80cefe18ad1390955ac2e8366fb7362/element'
22:10:14.705 [AsyncHttpClient-1-2] DEBUG org.asynchttpclient.netty.handler.HttpHandler - 

Request DefaultHttpRequest(decodeResult: success, version: HTTP/1.1)
POST /session/c80cefe18ad1390955ac2e8366fb7362/element HTTP/1.1
User-Agent: selenium/4.1.2 (java windows)
Content-Length: 81
Content-Type: application/json; charset=utf-8
host: localhost:58734
accept: */*

Response DefaultHttpResponse(decodeResult: success, version: HTTP/1.1)
HTTP/1.1 200 OK
Content-Type: application/json; charset=utf-8
cache-control: no-cache
content-length: 88

22:10:14.705 [AsyncHttpClient-1-2] DEBUG org.asynchttpclient.netty.channel.ChannelManager - Adding key: http://localhost:58734 for channel [id: 0x8048e552, L:/127.0.0.1:60936 - R:localhost/127.0.0.1:58734]
22:10:14.707 [Forwarding clickElement on session c80cefe18ad1390955ac2e8366fb7362 to remote] DEBUG org.asynchttpclient.netty.request.NettyRequestSender - Using pooled Channel '[id: 0x8048e552, L:/127.0.0.1:60936 - R:localhost/127.0.0.1:58734]' for 'POST' to 'http://localhost:58734/session/c80cefe18ad1390955ac2e8366fb7362/element/897b65cd-f41c-4dcb-a403-a824ab905de2/click'
22:10:14.707 [Forwarding clickElement on session c80cefe18ad1390955ac2e8366fb7362 to remote] DEBUG org.asynchttpclient.netty.request.NettyRequestSender - Using open Channel [id: 0x8048e552, L:/127.0.0.1:60936 - R:localhost/127.0.0.1:58734] for POST '/session/c80cefe18ad1390955ac2e8366fb7362/element/897b65cd-f41c-4dcb-a403-a824ab905de2/click'
22:10:14.938 [AsyncHttpClient-1-1] DEBUG org.asynchttpclient.netty.channel.DefaultChannelPool - Entry count for : http://localhost:60938 : 1
22:10:15.225 [AsyncHttpClient-1-2] DEBUG org.asynchttpclient.netty.handler.HttpHandler - 

Request DefaultHttpRequest(decodeResult: success, version: HTTP/1.1)
POST /session/c80cefe18ad1390955ac2e8366fb7362/element/897b65cd-f41c-4dcb-a403-a824ab905de2/click HTTP/1.1
User-Agent: selenium/4.1.2 (java windows)
Content-Length: 50
Content-Type: application/json; charset=utf-8
host: localhost:58734
accept: */*

Response DefaultHttpResponse(decodeResult: success, version: HTTP/1.1)
HTTP/1.1 200 OK
Content-Type: application/json; charset=utf-8
cache-control: no-cache
content-length: 14

22:10:15.226 [AsyncHttpClient-1-2] DEBUG org.asynchttpclient.netty.channel.ChannelManager - Adding key: http://localhost:58734 for channel [id: 0x8048e552, L:/127.0.0.1:60936 - R:localhost/127.0.0.1:58734]
  &amp#27;[32mThen &amp#27;[0m&amp#27;[32mI click baby on the header&amp#27;[0m &amp#27;[90m# starter.stepdefinitions.BabyStep.iClickBabyOnTheHeader()&amp#27;[0m
22:10:15.242 [Forwarding screenshot on session c80cefe18ad1390955ac2e8366fb7362 to remote] DEBUG org.asynchttpclient.netty.request.NettyRequestSender - Using pooled Channel '[id: 0x8048e552, L:/127.0.0.1:60936 - R:localhost/127.0.0.1:58734]' for 'GET' to 'http://localhost:58734/session/c80cefe18ad1390955ac2e8366fb7362/screenshot'
22:10:15.242 [Forwarding screenshot on session c80cefe18ad1390955ac2e8366fb7362 to remote] DEBUG org.asynchttpclient.netty.request.NettyRequestSender - Using open Channel [id: 0x8048e552, L:/127.0.0.1:60936 - R:localhost/127.0.0.1:58734] for GET '/session/c80cefe18ad1390955ac2e8366fb7362/screenshot'
22:10:15.974 [AsyncHttpClient-1-2] DEBUG org.asynchttpclient.netty.handler.HttpHandler - 

Request DefaultFullHttpRequest(decodeResult: success, version: HTTP/1.1, content: EmptyByteBufBE)
GET /session/c80cefe18ad1390955ac2e8366fb7362/screenshot HTTP/1.1
User-Agent: selenium/4.1.2 (java windows)
Cache-Control: no-cache
Content-Type: application/json; charset=utf-8
host: localhost:58734
accept: */*

Response DefaultHttpResponse(decodeResult: success, version: HTTP/1.1)
HTTP/1.1 200 OK
Content-Type: application/json; charset=utf-8
cache-control: no-cache
content-length: 62376

22:10:15.975 [AsyncHttpClient-1-2] DEBUG org.asynchttpclient.netty.channel.ChannelManager - Adding key: http://localhost:58734 for channel [id: 0x8048e552, L:/127.0.0.1:60936 - R:localhost/127.0.0.1:58734]
22:10:15.979 [main] DEBUG net.serenitybdd.core.photography.Darkroom - Send negative for processing for target\site\serenity\e9be8867cddc41ae1ac167b12fd8a183b13e85c534c9e2f9c91fade29d15b86a.png
22:10:15.979 [Darkroom Processing Line] DEBUG net.serenitybdd.core.photography.DarkroomProcessingLine - Processing screenshot image in /var/screenshots/screenshot-627310066068234212
22:10:15.979 [Darkroom Processing Line] DEBUG net.serenitybdd.core.photography.DarkroomProcessingLine - Saving screenshot to target\site\serenity\e9be8867cddc41ae1ac167b12fd8a183b13e85c534c9e2f9c91fade29d15b86a.png
22:10:15.991 [Forwarding findElement on session c80cefe18ad1390955ac2e8366fb7362 to remote] DEBUG org.asynchttpclient.netty.request.NettyRequestSender - Using pooled Channel '[id: 0x8048e552, L:/127.0.0.1:60936 - R:localhost/127.0.0.1:58734]' for 'POST' to 'http://localhost:58734/session/c80cefe18ad1390955ac2e8366fb7362/element'
22:10:15.992 [Forwarding findElement on session c80cefe18ad1390955ac2e8366fb7362 to remote] DEBUG org.asynchttpclient.netty.request.NettyRequestSender - Using open Channel [id: 0x8048e552, L:/127.0.0.1:60936 - R:localhost/127.0.0.1:58734] for POST '/session/c80cefe18ad1390955ac2e8366fb7362/element'
22:10:16.026 [AsyncHttpClient-1-2] DEBUG org.asynchttpclient.netty.handler.HttpHandler - 

Request DefaultHttpRequest(decodeResult: success, version: HTTP/1.1)
POST /session/c80cefe18ad1390955ac2e8366fb7362/element HTTP/1.1
User-Agent: selenium/4.1.2 (java windows)
Content-Length: 81
Content-Type: application/json; charset=utf-8
host: localhost:58734
accept: */*

Response DefaultHttpResponse(decodeResult: success, version: HTTP/1.1)
HTTP/1.1 200 OK
Content-Type: application/json; charset=utf-8
cache-control: no-cache
content-length: 88

22:10:16.026 [AsyncHttpClient-1-2] DEBUG org.asynchttpclient.netty.channel.ChannelManager - Adding key: http://localhost:58734 for channel [id: 0x8048e552, L:/127.0.0.1:60936 - R:localhost/127.0.0.1:58734]
22:10:16.034 [Forwarding isElementDisplayed on session c80cefe18ad1390955ac2e8366fb7362 to remote] DEBUG org.asynchttpclient.netty.request.NettyRequestSender - Using pooled Channel '[id: 0x8048e552, L:/127.0.0.1:60936 - R:localhost/127.0.0.1:58734]' for 'POST' to 'http://localhost:58734/session/c80cefe18ad1390955ac2e8366fb7362/execute/sync'
22:10:16.034 [Forwarding isElementDisplayed on session c80cefe18ad1390955ac2e8366fb7362 to remote] DEBUG org.asynchttpclient.netty.request.NettyRequestSender - Using open Channel [id: 0x8048e552, L:/127.0.0.1:60936 - R:localhost/127.0.0.1:58734] for POST '/session/c80cefe18ad1390955ac2e8366fb7362/execute/sync'
22:10:16.039 [AsyncHttpClient-1-1] DEBUG org.asynchttpclient.netty.channel.DefaultChannelPool - Entry count for : http://localhost:60938 : 1
22:10:16.047 [AsyncHttpClient-1-2] DEBUG org.asynchttpclient.netty.handler.HttpHandler - 

Request DefaultHttpRequest(decodeResult: success, version: HTTP/1.1)
POST /session/c80cefe18ad1390955ac2e8366fb7362/execute/sync HTTP/1.1
User-Agent: selenium/4.1.2 (java windows)
Content-Length: 48780
Content-Type: application/json; charset=utf-8
host: localhost:58734
accept: */*

Response DefaultHttpResponse(decodeResult: success, version: HTTP/1.1)
HTTP/1.1 200 OK
Content-Type: application/json; charset=utf-8
cache-control: no-cache
content-length: 14

22:10:16.047 [AsyncHttpClient-1-2] DEBUG org.asynchttpclient.netty.channel.ChannelManager - Adding key: http://localhost:58734 for channel [id: 0x8048e552, L:/127.0.0.1:60936 - R:localhost/127.0.0.1:58734]
  &amp#27;[32mWhen &amp#27;[0m&amp#27;[32mI will go to &amp#27;[0m&amp#27;[32m&amp#27;[1m"babyPage"&amp#27;[0m    &amp#27;[90m# starter.stepdefinitions.BabyStep.iWillGoTo(java.lang.String)&amp#27;[0m
22:10:16.058 [Forwarding screenshot on session c80cefe18ad1390955ac2e8366fb7362 to remote] DEBUG org.asynchttpclient.netty.request.NettyRequestSender - Using pooled Channel '[id: 0x8048e552, L:/127.0.0.1:60936 - R:localhost/127.0.0.1:58734]' for 'GET' to 'http://localhost:58734/session/c80cefe18ad1390955ac2e8366fb7362/screenshot'
22:10:16.058 [Forwarding screenshot on session c80cefe18ad1390955ac2e8366fb7362 to remote] DEBUG org.asynchttpclient.netty.request.NettyRequestSender - Using open Channel [id: 0x8048e552, L:/127.0.0.1:60936 - R:localhost/127.0.0.1:58734] for GET '/session/c80cefe18ad1390955ac2e8366fb7362/screenshot'
22:10:16.227 [AsyncHttpClient-1-2] DEBUG org.asynchttpclient.netty.handler.HttpHandler - 

Request DefaultFullHttpRequest(decodeResult: success, version: HTTP/1.1, content: EmptyByteBufBE)
GET /session/c80cefe18ad1390955ac2e8366fb7362/screenshot HTTP/1.1
User-Agent: selenium/4.1.2 (java windows)
Cache-Control: no-cache
Content-Type: application/json; charset=utf-8
host: localhost:58734
accept: */*

Response DefaultHttpResponse(decodeResult: success, version: HTTP/1.1)
HTTP/1.1 200 OK
Content-Type: application/json; charset=utf-8
cache-control: no-cache
content-length: 137768

22:10:16.228 [AsyncHttpClient-1-2] DEBUG org.asynchttpclient.netty.channel.ChannelManager - Adding key: http://localhost:58734 for channel [id: 0x8048e552, L:/127.0.0.1:60936 - R:localhost/127.0.0.1:58734]
22:10:16.235 [main] DEBUG net.serenitybdd.core.photography.Darkroom - Send negative for processing for target\site\serenity\c7d5c897b95e8bc069abe38a73bb4d01024e7d8a89f91ea03173bd48e3e8dd0c.png
22:10:16.236 [Darkroom Processing Line] DEBUG net.serenitybdd.core.photography.DarkroomProcessingLine - Processing screenshot image in /var/screenshots/screenshot-18329131246755688045
22:10:16.236 [Darkroom Processing Line] DEBUG net.serenitybdd.core.photography.DarkroomProcessingLine - Saving screenshot to target\site\serenity\c7d5c897b95e8bc069abe38a73bb4d01024e7d8a89f91ea03173bd48e3e8dd0c.png
22:10:16.250 [Forwarding findElement on session c80cefe18ad1390955ac2e8366fb7362 to remote] DEBUG org.asynchttpclient.netty.request.NettyRequestSender - Using pooled Channel '[id: 0x8048e552, L:/127.0.0.1:60936 - R:localhost/127.0.0.1:58734]' for 'POST' to 'http://localhost:58734/session/c80cefe18ad1390955ac2e8366fb7362/element'
22:10:16.250 [Forwarding findElement on session c80cefe18ad1390955ac2e8366fb7362 to remote] DEBUG org.asynchttpclient.netty.request.NettyRequestSender - Using open Channel [id: 0x8048e552, L:/127.0.0.1:60936 - R:localhost/127.0.0.1:58734] for POST '/session/c80cefe18ad1390955ac2e8366fb7362/element'
22:10:16.279 [AsyncHttpClient-1-2] DEBUG org.asynchttpclient.netty.handler.HttpHandler - 

Request DefaultHttpRequest(decodeResult: success, version: HTTP/1.1)
POST /session/c80cefe18ad1390955ac2e8366fb7362/element HTTP/1.1
User-Agent: selenium/4.1.2 (java windows)
Content-Length: 81
Content-Type: application/json; charset=utf-8
host: localhost:58734
accept: */*

Response DefaultHttpResponse(decodeResult: success, version: HTTP/1.1)
HTTP/1.1 200 OK
Content-Type: application/json; charset=utf-8
cache-control: no-cache
content-length: 88

22:10:16.279 [AsyncHttpClient-1-2] DEBUG org.asynchttpclient.netty.channel.ChannelManager - Adding key: http://localhost:58734 for channel [id: 0x8048e552, L:/127.0.0.1:60936 - R:localhost/127.0.0.1:58734]
22:10:16.290 [Forwarding isElementDisplayed on session c80cefe18ad1390955ac2e8366fb7362 to remote] DEBUG org.asynchttpclient.netty.request.NettyRequestSender - Using pooled Channel '[id: 0x8048e552, L:/127.0.0.1:60936 - R:localhost/127.0.0.1:58734]' for 'POST' to 'http://localhost:58734/session/c80cefe18ad1390955ac2e8366fb7362/execute/sync'
22:10:16.291 [Forwarding isElementDisplayed on session c80cefe18ad1390955ac2e8366fb7362 to remote] DEBUG org.asynchttpclient.netty.request.NettyRequestSender - Using open Channel [id: 0x8048e552, L:/127.0.0.1:60936 - R:localhost/127.0.0.1:58734] for POST '/session/c80cefe18ad1390955ac2e8366fb7362/execute/sync'
22:10:16.312 [AsyncHttpClient-1-2] DEBUG org.asynchttpclient.netty.handler.HttpHandler - 

Request DefaultHttpRequest(decodeResult: success, version: HTTP/1.1)
POST /session/c80cefe18ad1390955ac2e8366fb7362/execute/sync HTTP/1.1
User-Agent: selenium/4.1.2 (java windows)
Content-Length: 48780
Content-Type: application/json; charset=utf-8
host: localhost:58734
accept: */*

Response DefaultHttpResponse(decodeResult: success, version: HTTP/1.1)
HTTP/1.1 200 OK
Content-Type: application/json; charset=utf-8
cache-control: no-cache
content-length: 14

22:10:16.312 [AsyncHttpClient-1-2] DEBUG org.asynchttpclient.netty.channel.ChannelManager - Adding key: http://localhost:58734 for channel [id: 0x8048e552, L:/127.0.0.1:60936 - R:localhost/127.0.0.1:58734]
  &amp#27;[32mAnd &amp#27;[0m&amp#27;[32mI &amp#27;[0m&amp#27;[32m&amp#27;[1m"bayi"&amp#27;[0m&amp#27;[32m page&amp#27;[0m               &amp#27;[90m# starter.stepdefinitions.BabyStep.iPage(java.lang.String)&amp#27;[0m
22:10:16.322 [Forwarding screenshot on session c80cefe18ad1390955ac2e8366fb7362 to remote] DEBUG org.asynchttpclient.netty.request.NettyRequestSender - Using pooled Channel '[id: 0x8048e552, L:/127.0.0.1:60936 - R:localhost/127.0.0.1:58734]' for 'GET' to 'http://localhost:58734/session/c80cefe18ad1390955ac2e8366fb7362/screenshot'
22:10:16.323 [Forwarding screenshot on session c80cefe18ad1390955ac2e8366fb7362 to remote] DEBUG org.asynchttpclient.netty.request.NettyRequestSender - Using open Channel [id: 0x8048e552, L:/127.0.0.1:60936 - R:localhost/127.0.0.1:58734] for GET '/session/c80cefe18ad1390955ac2e8366fb7362/screenshot'
22:10:16.466 [AsyncHttpClient-1-2] DEBUG org.asynchttpclient.netty.handler.HttpHandler - 

Request DefaultFullHttpRequest(decodeResult: success, version: HTTP/1.1, content: EmptyByteBufBE)
GET /session/c80cefe18ad1390955ac2e8366fb7362/screenshot HTTP/1.1
User-Agent: selenium/4.1.2 (java windows)
Cache-Control: no-cache
Content-Type: application/json; charset=utf-8
host: localhost:58734
accept: */*

Response DefaultHttpResponse(decodeResult: success, version: HTTP/1.1)
HTTP/1.1 200 OK
Content-Type: application/json; charset=utf-8
cache-control: no-cache
content-length: 137764

22:10:16.468 [AsyncHttpClient-1-2] DEBUG org.asynchttpclient.netty.channel.ChannelManager - Adding key: http://localhost:58734 for channel [id: 0x8048e552, L:/127.0.0.1:60936 - R:localhost/127.0.0.1:58734]
22:10:16.483 [main] DEBUG net.serenitybdd.core.photography.Darkroom - Send negative for processing for target\site\serenity\585681ad0276587eea986df18185b9b817e38dbab4a67acb7d855325cd06f6fa.png
22:10:16.484 [Darkroom Processing Line] DEBUG net.serenitybdd.core.photography.DarkroomProcessingLine - Processing screenshot image in /var/screenshots/screenshot-2123488357392210901
22:10:16.484 [Darkroom Processing Line] DEBUG net.serenitybdd.core.photography.DarkroomProcessingLine - Saving screenshot to target\site\serenity\585681ad0276587eea986df18185b9b817e38dbab4a67acb7d855325cd06f6fa.png
22:10:16.689 [Driver Command Executor] DEBUG org.asynchttpclient.netty.request.NettyRequestSender - Using pooled Channel '[id: 0x8048e552, L:/127.0.0.1:60936 - R:localhost/127.0.0.1:58734]' for 'DELETE' to 'http://localhost:58734/session/c80cefe18ad1390955ac2e8366fb7362'
22:10:16.689 [Driver Command Executor] DEBUG org.asynchttpclient.netty.request.NettyRequestSender - Using open Channel [id: 0x8048e552, L:/127.0.0.1:60936 - R:localhost/127.0.0.1:58734] for DELETE '/session/c80cefe18ad1390955ac2e8366fb7362'
22:10:16.691 [AsyncHttpClient-1-4] DEBUG org.asynchttpclient.netty.handler.WebSocketHandler - Channel Closed: [id: 0xda9f43ea, L:/127.0.0.1:60946 ! R:localhost/127.0.0.1:60938] with attribute NettyResponseFuture{currentRetry=5,
	isDone=1,
	isCancelled=0,
	asyncHandler=org.asynchttpclient.ws.WebSocketUpgradeHandler@3cea713f,
	nettyRequest=org.asynchttpclient.netty.request.NettyRequest@6f99d131,
	future=java.util.concurrent.CompletableFuture@b6d3c62[Completed normally],
	uri=ws://localhost:60938/devtools/browser/e3b2b0de-f960-48ec-97be-236b20ecdd67,
	keepAlive=true,
	redirectCount=0,
	timeoutsHolder=null,
	inAuth=0,
	touch=1680707396927}
22:10:16.691 [AsyncHttpClient-1-4] DEBUG org.asynchttpclient.netty.channel.ChannelManager - Closing Channel [id: 0xda9f43ea, L:/127.0.0.1:60946 ! R:localhost/127.0.0.1:60938] 
22:10:16.760 [AsyncHttpClient-1-3] DEBUG org.asynchttpclient.netty.handler.HttpHandler - Unexpected I/O exception on channel [id: 0x4099acd6, L:/127.0.0.1:60945 - R:localhost/127.0.0.1:60938]
java.net.SocketException: Connection reset
	at java.base/sun.nio.ch.SocketChannelImpl.throwConnectionReset(SocketChannelImpl.java:345)
	at java.base/sun.nio.ch.SocketChannelImpl.read(SocketChannelImpl.java:376)
	at io.netty.buffer.PooledByteBuf.setBytes(PooledByteBuf.java:258)
	at io.netty.buffer.AbstractByteBuf.writeBytes(AbstractByteBuf.java:1132)
	at io.netty.channel.socket.nio.NioSocketChannel.doReadBytes(NioSocketChannel.java:350)
	at io.netty.channel.nio.AbstractNioByteChannel$NioByteUnsafe.read(AbstractNioByteChannel.java:151)
	at io.netty.channel.nio.NioEventLoop.processSelectedKey(NioEventLoop.java:722)
	at io.netty.channel.nio.NioEventLoop.processSelectedKeysOptimized(NioEventLoop.java:658)
	at io.netty.channel.nio.NioEventLoop.processSelectedKeys(NioEventLoop.java:584)
	at io.netty.channel.nio.NioEventLoop.run(NioEventLoop.java:496)
	at io.netty.util.concurrent.SingleThreadEventExecutor$4.run(SingleThreadEventExecutor.java:986)
	at io.netty.util.internal.ThreadExecutorMap$2.run(ThreadExecutorMap.java:74)
	at io.netty.util.concurrent.FastThreadLocalRunnable.run(FastThreadLocalRunnable.java:30)
	at java.base/java.lang.Thread.run(Thread.java:830)
22:10:16.760 [AsyncHttpClient-1-3] DEBUG org.asynchttpclient.netty.channel.ChannelManager - Closing Channel [id: 0x4099acd6, L:/127.0.0.1:60945 - R:localhost/127.0.0.1:60938] 
22:10:16.762 [AsyncHttpClient-1-3] DEBUG org.asynchttpclient.netty.handler.HttpHandler - Channel Closed: [id: 0x4099acd6, L:/127.0.0.1:60945 ! R:localhost/127.0.0.1:60938] with attribute DISCARD
22:10:16.783 [AsyncHttpClient-1-2] DEBUG org.asynchttpclient.netty.handler.HttpHandler - 

Request DefaultFullHttpRequest(decodeResult: success, version: HTTP/1.1, content: EmptyByteBufBE)
DELETE /session/c80cefe18ad1390955ac2e8366fb7362 HTTP/1.1
User-Agent: selenium/4.1.2 (java windows)
Content-Type: application/json; charset=utf-8
host: localhost:58734
accept: */*

Response DefaultHttpResponse(decodeResult: success, version: HTTP/1.1)
HTTP/1.1 200 OK
Content-Type: application/json; charset=utf-8
cache-control: no-cache
content-length: 14

22:10:16.784 [AsyncHttpClient-1-2] DEBUG org.asynchttpclient.netty.channel.ChannelManager - Adding key: http://localhost:58734 for channel [id: 0x8048e552, L:/127.0.0.1:60936 - R:localhost/127.0.0.1:58734]
22:10:16.948 [AsyncHttpClient-1-2] DEBUG org.asynchttpclient.netty.handler.HttpHandler - Channel Closed: [id: 0x8048e552, L:/127.0.0.1:60936 ! R:localhost/127.0.0.1:58734] with attribute DISCARD
22:10:17.138 [AsyncHttpClient-1-1] DEBUG org.asynchttpclient.netty.channel.DefaultChannelPool - Entry count for : http://localhost:60938 : 1
22:10:17.138 [AsyncHttpClient-1-1] DEBUG org.asynchttpclient.netty.channel.DefaultChannelPool - Entry count for : http://localhost:58734 : 1
22:10:17.138 [AsyncHttpClient-1-1] DEBUG org.asynchttpclient.netty.channel.DefaultChannelPool - Adding Candidate expired Channel [id: 0x4099acd6, L:/127.0.0.1:60945 ! R:localhost/127.0.0.1:60938] isIdleTimeoutExpired=false isRemotelyClosed=true isTtlExpired=false
22:10:17.138 [AsyncHttpClient-1-1] DEBUG org.asynchttpclient.netty.channel.DefaultChannelPool - Closing Idle Channel [id: 0x4099acd6, L:/127.0.0.1:60945 ! R:localhost/127.0.0.1:60938]
22:10:17.139 [AsyncHttpClient-1-1] DEBUG org.asynchttpclient.netty.channel.DefaultChannelPool - Adding Candidate expired Channel [id: 0x8048e552, L:/127.0.0.1:60936 ! R:localhost/127.0.0.1:58734] isIdleTimeoutExpired=false isRemotelyClosed=true isTtlExpired=false
22:10:17.139 [AsyncHttpClient-1-1] DEBUG org.asynchttpclient.netty.channel.DefaultChannelPool - Closing Idle Channel [id: 0x8048e552, L:/127.0.0.1:60936 ! R:localhost/127.0.0.1:58734]
22:10:17.139 [AsyncHttpClient-1-1] DEBUG org.asynchttpclient.netty.channel.DefaultChannelPool - Closed 2 connections out of 2 in 1 ms
22:10:17.541 [main] INFO  - 
  _____   ___   ___   _____     ___     _     ___   ___   ___   ___  
 |_   _| | __| / __| |_   _|   | _ \   /_\   / __| / __| | __| |   \ 
   | |   | _|  \__ \   | |     |  _/  / _ \  \__ \ \__ \ | _|  | |) |
   |_|   |___| |___/   |_|     |_|   /_/ \_\ |___/ |___/ |___| |___/ 

Fitur Menu Baby
----------------------------------------------------------------------
]]></system-out>
    <system-err><![CDATA[Starting Microsoft Edge WebDriver 111.0.1661.62 (0a8f453929e6410c973aa529a40485ce4e3e03db) on port 58734
To submit feedback, report a bug, or suggest new features, please visit https://github.com/MicrosoftEdge/EdgeWebDriver

Only local connections are allowed.
Please see https://aka.ms/WebDriverSecurity for suggestions on keeping Microsoft Edge WebDriver safe.

Microsoft Edge WebDriver was started successfully.
Apr 05, 2023 10:09:56 PM org.openqa.selenium.remote.ProtocolHandshake createSession
INFO: Detected dialect: W3C
Apr 05, 2023 10:09:56 PM org.openqa.selenium.devtools.CdpVersionFinder findNearestMatch
WARNING: Unable to find an exact match for CDP version 111, so returning the closest version found: a no-op implementation
Apr 05, 2023 10:09:56 PM org.openqa.selenium.devtools.CdpVersionFinder findNearestMatch
INFO: Unable to find CDP implementation matching 111.
Apr 05, 2023 10:09:56 PM org.openqa.selenium.chromium.ChromiumDriver lambda$new$3
WARNING: Unable to find version of CDP to use for . You may need to include a dependency on a specific version of the CDP using something similar to `org.seleniumhq.selenium:selenium-devtools-v86:4.1.2` where the version ("v86") matches the version of the chromium-based browser you're using and the version number of the artifact is the same as Selenium's.
]]></system-err>
  </testcase>
  <testcase name="Fitur Menu Baby #2" classname="Baby" time="12.155">
    <system-out><![CDATA[
Scenario Outline: Fitur Menu Baby     &amp#27;[90m# src/test/resources/features/Baby.feature:94&amp#27;[0m
22:10:17.555 [main] INFO io.cucumber.core.plugin.SerenityReporter - Running feature from file:///C:/Users/alwi/IdeaProjects/uniqloweb/src/test/resources/features/Baby.feature
22:10:17.974 [main] DEBUG io.github.bonigarcia.wdm.cache.ResolutionCache - Resolution edge=111 in cache (valid until 23:09:49 05/04/2023 WIB)
22:10:17.985 [main] DEBUG io.github.bonigarcia.wdm.cache.ResolutionCache - Resolution edge111=111.0.1661.62 in cache (valid until 15:17:30 06/04/2023 WIB)
22:10:17.990 [main] INFO io.github.bonigarcia.wdm.WebDriverManager - Using msedgedriver 111.0.1661.62 (resolved driver for Edge 111)
22:10:18.020 [main] DEBUG io.github.bonigarcia.wdm.WebDriverManager - Driver msedgedriver 111.0.1661.62 found in cache
22:10:18.021 [main] INFO io.github.bonigarcia.wdm.WebDriverManager - Exporting webdriver.edge.driver as C:\Users\alwi\.cache\selenium\msedgedriver\win64\111.0.1661.62\msedgedriver.exe
22:10:18.026 [main] DEBUG net.serenitybdd.core.webdriver.driverproviders.ProvideNewDriver - Instantiating driver
22:10:18.026 [main] DEBUG net.serenitybdd.core.webdriver.driverproviders.ProvideNewDriver - Driver capabilities: Capabilities {base.url: https://www.uniqlo.com, chrome.driver: src/test/resources/webdrive..., driver: edge, ms:edgeChromium: true, ms:edgeOptions: {}, wait.for.timeout: 6000}
22:10:18.578 [AsyncHttpClient-1-5] DEBUG org.asynchttpclient.netty.channel.NettyConnectListener - Using new Channel '[id: 0x25557088, L:/127.0.0.1:61120 - R:localhost/127.0.0.1:54780]' for 'POST' to '/session'
22:10:19.253 [AsyncHttpClient-1-5] DEBUG org.asynchttpclient.netty.handler.HttpHandler - 

Request DefaultHttpRequest(decodeResult: success, version: HTTP/1.1)
POST /session HTTP/1.1
User-Agent: selenium/4.1.2 (java windows)
Content-Length: 627
Content-Type: application/json; charset=utf-8
host: localhost:54780
accept: */*

Response DefaultHttpResponse(decodeResult: success, version: HTTP/1.1)
HTTP/1.1 200 OK
Content-Type: application/json; charset=utf-8
cache-control: no-cache
content-length: 823

22:10:19.254 [AsyncHttpClient-1-5] DEBUG org.asynchttpclient.netty.channel.ChannelManager - Adding key: http://localhost:54780 for channel [id: 0x25557088, L:/127.0.0.1:61120 - R:localhost/127.0.0.1:54780]
22:10:19.271 [AsyncHttpClient-1-6] DEBUG org.asynchttpclient.netty.channel.NettyConnectListener - Using new Channel '[id: 0x78e8f145, L:/127.0.0.1:61127 - R:localhost/127.0.0.1:61121]' for 'GET' to '/json/version'
22:10:19.276 [AsyncHttpClient-1-6] DEBUG org.asynchttpclient.netty.handler.HttpHandler - 

Request DefaultFullHttpRequest(decodeResult: success, version: HTTP/1.1, content: EmptyByteBufBE)
GET /json/version HTTP/1.1
User-Agent: selenium/4.1.2 (java windows)
host: localhost:61121
accept: */*

Response DefaultHttpResponse(decodeResult: success, version: HTTP/1.1)
HTTP/1.1 200 OK
Content-Security-Policy: frame-ancestors 'none'
Content-Type: application/json; charset=UTF-8
content-length: 436

22:10:19.277 [AsyncHttpClient-1-6] DEBUG org.asynchttpclient.netty.channel.ChannelManager - Adding key: http://localhost:61121 for channel [id: 0x78e8f145, L:/127.0.0.1:61127 - R:localhost/127.0.0.1:61121]
22:10:19.281 [AsyncHttpClient-1-7] DEBUG org.asynchttpclient.netty.channel.NettyConnectListener - Using new Channel '[id: 0x5b9af025, L:/127.0.0.1:61128 - R:localhost/127.0.0.1:61121]' for 'GET' to '/devtools/browser/2e4e933a-754a-442e-957c-737cb9b798e3'
22:10:19.285 [AsyncHttpClient-1-7] DEBUG org.asynchttpclient.netty.handler.WebSocketHandler - 

Request DefaultFullHttpRequest(decodeResult: success, version: HTTP/1.1, content: EmptyByteBufBE)
GET /devtools/browser/2e4e933a-754a-442e-957c-737cb9b798e3 HTTP/1.1
upgrade: websocket
connection: upgrade
sec-websocket-key: 5wdsQlmnO89uIyabJiPoNQ==
sec-websocket-version: 13
origin: http://localhost:61121
host: localhost:61121
accept: */*
user-agent: AHC/2.1

Response DefaultHttpResponse(decodeResult: success, version: HTTP/1.1)
HTTP/1.1 101 WebSocket Protocol Handshake
Upgrade: WebSocket
Connection: Upgrade
Sec-WebSocket-Accept: RSS0i+DhiR9t+4W9imHg+YeKAQg=

22:10:19.294 [Forwarding get on session b8a3ce1fb2aaf0889303ed27298db306 to remote] DEBUG org.asynchttpclient.netty.request.NettyRequestSender - Using pooled Channel '[id: 0x25557088, L:/127.0.0.1:61120 - R:localhost/127.0.0.1:54780]' for 'POST' to 'http://localhost:54780/session/b8a3ce1fb2aaf0889303ed27298db306/url'
22:10:19.294 [Forwarding get on session b8a3ce1fb2aaf0889303ed27298db306 to remote] DEBUG org.asynchttpclient.netty.request.NettyRequestSender - Using open Channel [id: 0x25557088, L:/127.0.0.1:61120 - R:localhost/127.0.0.1:54780] for POST '/session/b8a3ce1fb2aaf0889303ed27298db306/url'
22:10:19.349 [AsyncHttpClient-1-1] DEBUG org.asynchttpclient.netty.channel.DefaultChannelPool - Entry count for : http://localhost:61121 : 1
22:10:20.447 [AsyncHttpClient-1-1] DEBUG org.asynchttpclient.netty.channel.DefaultChannelPool - Entry count for : http://localhost:61121 : 1
22:10:21.549 [AsyncHttpClient-1-1] DEBUG org.asynchttpclient.netty.channel.DefaultChannelPool - Entry count for : http://localhost:61121 : 1
22:10:22.637 [AsyncHttpClient-1-1] DEBUG org.asynchttpclient.netty.channel.DefaultChannelPool - Entry count for : http://localhost:61121 : 1
22:10:23.738 [AsyncHttpClient-1-1] DEBUG org.asynchttpclient.netty.channel.DefaultChannelPool - Entry count for : http://localhost:61121 : 1
22:10:24.839 [AsyncHttpClient-1-1] DEBUG org.asynchttpclient.netty.channel.DefaultChannelPool - Entry count for : http://localhost:61121 : 1
22:10:25.939 [AsyncHttpClient-1-1] DEBUG org.asynchttpclient.netty.channel.DefaultChannelPool - Entry count for : http://localhost:61121 : 1
22:10:26.092 [AsyncHttpClient-1-5] DEBUG org.asynchttpclient.netty.handler.HttpHandler - 

Request DefaultHttpRequest(decodeResult: success, version: HTTP/1.1)
POST /session/b8a3ce1fb2aaf0889303ed27298db306/url HTTP/1.1
User-Agent: selenium/4.1.2 (java windows)
Content-Length: 53
Content-Type: application/json; charset=utf-8
host: localhost:54780
accept: */*

Response DefaultHttpResponse(decodeResult: success, version: HTTP/1.1)
HTTP/1.1 200 OK
Content-Type: application/json; charset=utf-8
cache-control: no-cache
content-length: 14

22:10:26.093 [AsyncHttpClient-1-5] DEBUG org.asynchttpclient.netty.channel.ChannelManager - Adding key: http://localhost:54780 for channel [id: 0x25557088, L:/127.0.0.1:61120 - R:localhost/127.0.0.1:54780]
22:10:26.096 [Forwarding setTimeout on session b8a3ce1fb2aaf0889303ed27298db306 to remote] DEBUG org.asynchttpclient.netty.request.NettyRequestSender - Using pooled Channel '[id: 0x25557088, L:/127.0.0.1:61120 - R:localhost/127.0.0.1:54780]' for 'POST' to 'http://localhost:54780/session/b8a3ce1fb2aaf0889303ed27298db306/timeouts'
22:10:26.096 [Forwarding setTimeout on session b8a3ce1fb2aaf0889303ed27298db306 to remote] DEBUG org.asynchttpclient.netty.request.NettyRequestSender - Using open Channel [id: 0x25557088, L:/127.0.0.1:61120 - R:localhost/127.0.0.1:54780] for POST '/session/b8a3ce1fb2aaf0889303ed27298db306/timeouts'
22:10:26.098 [AsyncHttpClient-1-5] DEBUG org.asynchttpclient.netty.handler.HttpHandler - 

Request DefaultHttpRequest(decodeResult: success, version: HTTP/1.1)
POST /session/b8a3ce1fb2aaf0889303ed27298db306/timeouts HTTP/1.1
User-Agent: selenium/4.1.2 (java windows)
Content-Length: 22
Content-Type: application/json; charset=utf-8
host: localhost:54780
accept: */*

Response DefaultHttpResponse(decodeResult: success, version: HTTP/1.1)
HTTP/1.1 200 OK
Content-Type: application/json; charset=utf-8
cache-control: no-cache
content-length: 14

22:10:26.098 [AsyncHttpClient-1-5] DEBUG org.asynchttpclient.netty.channel.ChannelManager - Adding key: http://localhost:54780 for channel [id: 0x25557088, L:/127.0.0.1:61120 - R:localhost/127.0.0.1:54780]
22:10:26.104 [Forwarding getCurrentUrl on session b8a3ce1fb2aaf0889303ed27298db306 to remote] DEBUG org.asynchttpclient.netty.request.NettyRequestSender - Using pooled Channel '[id: 0x25557088, L:/127.0.0.1:61120 - R:localhost/127.0.0.1:54780]' for 'GET' to 'http://localhost:54780/session/b8a3ce1fb2aaf0889303ed27298db306/url'
22:10:26.104 [Forwarding getCurrentUrl on session b8a3ce1fb2aaf0889303ed27298db306 to remote] DEBUG org.asynchttpclient.netty.request.NettyRequestSender - Using open Channel [id: 0x25557088, L:/127.0.0.1:61120 - R:localhost/127.0.0.1:54780] for GET '/session/b8a3ce1fb2aaf0889303ed27298db306/url'
22:10:26.108 [AsyncHttpClient-1-5] DEBUG org.asynchttpclient.netty.handler.HttpHandler - 

Request DefaultFullHttpRequest(decodeResult: success, version: HTTP/1.1, content: EmptyByteBufBE)
GET /session/b8a3ce1fb2aaf0889303ed27298db306/url HTTP/1.1
User-Agent: selenium/4.1.2 (java windows)
Cache-Control: no-cache
Content-Type: application/json; charset=utf-8
host: localhost:54780
accept: */*

Response DefaultHttpResponse(decodeResult: success, version: HTTP/1.1)
HTTP/1.1 200 OK
Content-Type: application/json; charset=utf-8
cache-control: no-cache
content-length: 41

22:10:26.109 [AsyncHttpClient-1-5] DEBUG org.asynchttpclient.netty.channel.ChannelManager - Adding key: http://localhost:54780 for channel [id: 0x25557088, L:/127.0.0.1:61120 - R:localhost/127.0.0.1:54780]
  &amp#27;[32mGiven &amp#27;[0m&amp#27;[32mI am on the home page&amp#27;[0m         &amp#27;[90m# starter.stepdefinitions.BabyStep.iAmOnTheHomePage()&amp#27;[0m
22:10:26.115 [Forwarding screenshot on session b8a3ce1fb2aaf0889303ed27298db306 to remote] DEBUG org.asynchttpclient.netty.request.NettyRequestSender - Using pooled Channel '[id: 0x25557088, L:/127.0.0.1:61120 - R:localhost/127.0.0.1:54780]' for 'GET' to 'http://localhost:54780/session/b8a3ce1fb2aaf0889303ed27298db306/screenshot'
22:10:26.116 [Forwarding screenshot on session b8a3ce1fb2aaf0889303ed27298db306 to remote] DEBUG org.asynchttpclient.netty.request.NettyRequestSender - Using open Channel [id: 0x25557088, L:/127.0.0.1:61120 - R:localhost/127.0.0.1:54780] for GET '/session/b8a3ce1fb2aaf0889303ed27298db306/screenshot'
22:10:26.478 [AsyncHttpClient-1-5] DEBUG org.asynchttpclient.netty.handler.HttpHandler - 

Request DefaultFullHttpRequest(decodeResult: success, version: HTTP/1.1, content: EmptyByteBufBE)
GET /session/b8a3ce1fb2aaf0889303ed27298db306/screenshot HTTP/1.1
User-Agent: selenium/4.1.2 (java windows)
Cache-Control: no-cache
Content-Type: application/json; charset=utf-8
host: localhost:54780
accept: */*

Response DefaultHttpResponse(decodeResult: success, version: HTTP/1.1)
HTTP/1.1 200 OK
Content-Type: application/json; charset=utf-8
cache-control: no-cache
content-length: 1119968

22:10:26.483 [AsyncHttpClient-1-5] DEBUG org.asynchttpclient.netty.channel.ChannelManager - Adding key: http://localhost:54780 for channel [id: 0x25557088, L:/127.0.0.1:61120 - R:localhost/127.0.0.1:54780]
22:10:26.538 [main] DEBUG net.serenitybdd.core.photography.Darkroom - Send negative for processing for target\site\serenity\3d1b19ad31921c0beae4332facd941fcc81467ad5802877977ec6c100df601ce.png
22:10:26.549 [Forwarding findElement on session b8a3ce1fb2aaf0889303ed27298db306 to remote] DEBUG org.asynchttpclient.netty.request.NettyRequestSender - Using pooled Channel '[id: 0x25557088, L:/127.0.0.1:61120 - R:localhost/127.0.0.1:54780]' for 'POST' to 'http://localhost:54780/session/b8a3ce1fb2aaf0889303ed27298db306/element'
22:10:26.549 [Forwarding findElement on session b8a3ce1fb2aaf0889303ed27298db306 to remote] DEBUG org.asynchttpclient.netty.request.NettyRequestSender - Using open Channel [id: 0x25557088, L:/127.0.0.1:61120 - R:localhost/127.0.0.1:54780] for POST '/session/b8a3ce1fb2aaf0889303ed27298db306/element'
22:10:26.562 [AsyncHttpClient-1-5] DEBUG org.asynchttpclient.netty.handler.HttpHandler - 

Request DefaultHttpRequest(decodeResult: success, version: HTTP/1.1)
POST /session/b8a3ce1fb2aaf0889303ed27298db306/element HTTP/1.1
User-Agent: selenium/4.1.2 (java windows)
Content-Length: 81
Content-Type: application/json; charset=utf-8
host: localhost:54780
accept: */*

Response DefaultHttpResponse(decodeResult: success, version: HTTP/1.1)
HTTP/1.1 200 OK
Content-Type: application/json; charset=utf-8
cache-control: no-cache
content-length: 88

22:10:26.562 [AsyncHttpClient-1-5] DEBUG org.asynchttpclient.netty.channel.ChannelManager - Adding key: http://localhost:54780 for channel [id: 0x25557088, L:/127.0.0.1:61120 - R:localhost/127.0.0.1:54780]
22:10:26.564 [Forwarding getElementTagName on session b8a3ce1fb2aaf0889303ed27298db306 to remote] DEBUG org.asynchttpclient.netty.request.NettyRequestSender - Using pooled Channel '[id: 0x25557088, L:/127.0.0.1:61120 - R:localhost/127.0.0.1:54780]' for 'GET' to 'http://localhost:54780/session/b8a3ce1fb2aaf0889303ed27298db306/element/1f6c169d-3ec9-4e84-98ea-2b1dc17581e8/name'
22:10:26.564 [Forwarding getElementTagName on session b8a3ce1fb2aaf0889303ed27298db306 to remote] DEBUG org.asynchttpclient.netty.request.NettyRequestSender - Using open Channel [id: 0x25557088, L:/127.0.0.1:61120 - R:localhost/127.0.0.1:54780] for GET '/session/b8a3ce1fb2aaf0889303ed27298db306/element/1f6c169d-3ec9-4e84-98ea-2b1dc17581e8/name'
22:10:26.569 [AsyncHttpClient-1-5] DEBUG org.asynchttpclient.netty.handler.HttpHandler - 

Request DefaultFullHttpRequest(decodeResult: success, version: HTTP/1.1, content: EmptyByteBufBE)
GET /session/b8a3ce1fb2aaf0889303ed27298db306/element/1f6c169d-3ec9-4e84-98ea-2b1dc17581e8/name HTTP/1.1
User-Agent: selenium/4.1.2 (java windows)
Cache-Control: no-cache
Content-Type: application/json; charset=utf-8
host: localhost:54780
accept: */*

Response DefaultHttpResponse(decodeResult: success, version: HTTP/1.1)
HTTP/1.1 200 OK
Content-Type: application/json; charset=utf-8
cache-control: no-cache
content-length: 16

22:10:26.570 [AsyncHttpClient-1-5] DEBUG org.asynchttpclient.netty.channel.ChannelManager - Adding key: http://localhost:54780 for channel [id: 0x25557088, L:/127.0.0.1:61120 - R:localhost/127.0.0.1:54780]
22:10:26.572 [Forwarding getElementTagName on session b8a3ce1fb2aaf0889303ed27298db306 to remote] DEBUG org.asynchttpclient.netty.request.NettyRequestSender - Using pooled Channel '[id: 0x25557088, L:/127.0.0.1:61120 - R:localhost/127.0.0.1:54780]' for 'GET' to 'http://localhost:54780/session/b8a3ce1fb2aaf0889303ed27298db306/element/1f6c169d-3ec9-4e84-98ea-2b1dc17581e8/name'
22:10:26.572 [Forwarding getElementTagName on session b8a3ce1fb2aaf0889303ed27298db306 to remote] DEBUG org.asynchttpclient.netty.request.NettyRequestSender - Using open Channel [id: 0x25557088, L:/127.0.0.1:61120 - R:localhost/127.0.0.1:54780] for GET '/session/b8a3ce1fb2aaf0889303ed27298db306/element/1f6c169d-3ec9-4e84-98ea-2b1dc17581e8/name'
22:10:26.576 [AsyncHttpClient-1-5] DEBUG org.asynchttpclient.netty.handler.HttpHandler - 

Request DefaultFullHttpRequest(decodeResult: success, version: HTTP/1.1, content: EmptyByteBufBE)
GET /session/b8a3ce1fb2aaf0889303ed27298db306/element/1f6c169d-3ec9-4e84-98ea-2b1dc17581e8/name HTTP/1.1
User-Agent: selenium/4.1.2 (java windows)
Cache-Control: no-cache
Content-Type: application/json; charset=utf-8
host: localhost:54780
accept: */*

Response DefaultHttpResponse(decodeResult: success, version: HTTP/1.1)
HTTP/1.1 200 OK
Content-Type: application/json; charset=utf-8
cache-control: no-cache
content-length: 16

22:10:26.576 [AsyncHttpClient-1-5] DEBUG org.asynchttpclient.netty.channel.ChannelManager - Adding key: http://localhost:54780 for channel [id: 0x25557088, L:/127.0.0.1:61120 - R:localhost/127.0.0.1:54780]
22:10:26.578 [Forwarding findElement on session b8a3ce1fb2aaf0889303ed27298db306 to remote] DEBUG org.asynchttpclient.netty.request.NettyRequestSender - Using pooled Channel '[id: 0x25557088, L:/127.0.0.1:61120 - R:localhost/127.0.0.1:54780]' for 'POST' to 'http://localhost:54780/session/b8a3ce1fb2aaf0889303ed27298db306/element'
22:10:26.578 [Forwarding findElement on session b8a3ce1fb2aaf0889303ed27298db306 to remote] DEBUG org.asynchttpclient.netty.request.NettyRequestSender - Using open Channel [id: 0x25557088, L:/127.0.0.1:61120 - R:localhost/127.0.0.1:54780] for POST '/session/b8a3ce1fb2aaf0889303ed27298db306/element'
22:10:26.585 [AsyncHttpClient-1-5] DEBUG org.asynchttpclient.netty.handler.HttpHandler - 

Request DefaultHttpRequest(decodeResult: success, version: HTTP/1.1)
POST /session/b8a3ce1fb2aaf0889303ed27298db306/element HTTP/1.1
User-Agent: selenium/4.1.2 (java windows)
Content-Length: 81
Content-Type: application/json; charset=utf-8
host: localhost:54780
accept: */*

Response DefaultHttpResponse(decodeResult: success, version: HTTP/1.1)
HTTP/1.1 200 OK
Content-Type: application/json; charset=utf-8
cache-control: no-cache
content-length: 88

22:10:26.586 [AsyncHttpClient-1-5] DEBUG org.asynchttpclient.netty.channel.ChannelManager - Adding key: http://localhost:54780 for channel [id: 0x25557088, L:/127.0.0.1:61120 - R:localhost/127.0.0.1:54780]
22:10:26.587 [Forwarding clickElement on session b8a3ce1fb2aaf0889303ed27298db306 to remote] DEBUG org.asynchttpclient.netty.request.NettyRequestSender - Using pooled Channel '[id: 0x25557088, L:/127.0.0.1:61120 - R:localhost/127.0.0.1:54780]' for 'POST' to 'http://localhost:54780/session/b8a3ce1fb2aaf0889303ed27298db306/element/1f6c169d-3ec9-4e84-98ea-2b1dc17581e8/click'
22:10:26.587 [Forwarding clickElement on session b8a3ce1fb2aaf0889303ed27298db306 to remote] DEBUG org.asynchttpclient.netty.request.NettyRequestSender - Using open Channel [id: 0x25557088, L:/127.0.0.1:61120 - R:localhost/127.0.0.1:54780] for POST '/session/b8a3ce1fb2aaf0889303ed27298db306/element/1f6c169d-3ec9-4e84-98ea-2b1dc17581e8/click'
22:10:27.041 [AsyncHttpClient-1-5] DEBUG org.asynchttpclient.netty.handler.HttpHandler - 

Request DefaultHttpRequest(decodeResult: success, version: HTTP/1.1)
POST /session/b8a3ce1fb2aaf0889303ed27298db306/element/1f6c169d-3ec9-4e84-98ea-2b1dc17581e8/click HTTP/1.1
User-Agent: selenium/4.1.2 (java windows)
Content-Length: 50
Content-Type: application/json; charset=utf-8
host: localhost:54780
accept: */*

Response DefaultHttpResponse(decodeResult: success, version: HTTP/1.1)
HTTP/1.1 200 OK
Content-Type: application/json; charset=utf-8
cache-control: no-cache
content-length: 14

22:10:27.042 [AsyncHttpClient-1-5] DEBUG org.asynchttpclient.netty.channel.ChannelManager - Adding key: http://localhost:54780 for channel [id: 0x25557088, L:/127.0.0.1:61120 - R:localhost/127.0.0.1:54780]
22:10:27.043 [AsyncHttpClient-1-1] DEBUG org.asynchttpclient.netty.channel.DefaultChannelPool - Entry count for : http://localhost:61121 : 1
22:10:27.043 [AsyncHttpClient-1-1] DEBUG org.asynchttpclient.netty.channel.DefaultChannelPool - Entry count for : http://localhost:54780 : 1
  &amp#27;[32mThen &amp#27;[0m&amp#27;[32mI click baby on the header&amp#27;[0m     &amp#27;[90m# starter.stepdefinitions.BabyStep.iClickBabyOnTheHeader()&amp#27;[0m
22:10:27.057 [Forwarding screenshot on session b8a3ce1fb2aaf0889303ed27298db306 to remote] DEBUG org.asynchttpclient.netty.request.NettyRequestSender - Using pooled Channel '[id: 0x25557088, L:/127.0.0.1:61120 - R:localhost/127.0.0.1:54780]' for 'GET' to 'http://localhost:54780/session/b8a3ce1fb2aaf0889303ed27298db306/screenshot'
22:10:27.057 [Forwarding screenshot on session b8a3ce1fb2aaf0889303ed27298db306 to remote] DEBUG org.asynchttpclient.netty.request.NettyRequestSender - Using open Channel [id: 0x25557088, L:/127.0.0.1:61120 - R:localhost/127.0.0.1:54780] for GET '/session/b8a3ce1fb2aaf0889303ed27298db306/screenshot'
22:10:27.883 [AsyncHttpClient-1-5] DEBUG org.asynchttpclient.netty.handler.HttpHandler - 

Request DefaultFullHttpRequest(decodeResult: success, version: HTTP/1.1, content: EmptyByteBufBE)
GET /session/b8a3ce1fb2aaf0889303ed27298db306/screenshot HTTP/1.1
User-Agent: selenium/4.1.2 (java windows)
Cache-Control: no-cache
Content-Type: application/json; charset=utf-8
host: localhost:54780
accept: */*

Response DefaultHttpResponse(decodeResult: success, version: HTTP/1.1)
HTTP/1.1 200 OK
Content-Type: application/json; charset=utf-8
cache-control: no-cache
content-length: 137772

22:10:27.884 [AsyncHttpClient-1-5] DEBUG org.asynchttpclient.netty.channel.ChannelManager - Adding key: http://localhost:54780 for channel [id: 0x25557088, L:/127.0.0.1:61120 - R:localhost/127.0.0.1:54780]
22:10:27.891 [main] DEBUG net.serenitybdd.core.photography.Darkroom - Send negative for processing for target\site\serenity\3093a8fe75c9915a84e2266869d2790ff1d73fd0cbef6a6054d9af3fbf62ba4f.png
22:10:27.891 [Darkroom Processing Line] DEBUG net.serenitybdd.core.photography.DarkroomProcessingLine - Processing screenshot image in /var/screenshots/screenshot-17785238037003189761
22:10:27.891 [Darkroom Processing Line] DEBUG net.serenitybdd.core.photography.DarkroomProcessingLine - Saving screenshot to target\site\serenity\3093a8fe75c9915a84e2266869d2790ff1d73fd0cbef6a6054d9af3fbf62ba4f.png
22:10:27.905 [Forwarding findElement on session b8a3ce1fb2aaf0889303ed27298db306 to remote] DEBUG org.asynchttpclient.netty.request.NettyRequestSender - Using pooled Channel '[id: 0x25557088, L:/127.0.0.1:61120 - R:localhost/127.0.0.1:54780]' for 'POST' to 'http://localhost:54780/session/b8a3ce1fb2aaf0889303ed27298db306/element'
22:10:27.906 [Forwarding findElement on session b8a3ce1fb2aaf0889303ed27298db306 to remote] DEBUG org.asynchttpclient.netty.request.NettyRequestSender - Using open Channel [id: 0x25557088, L:/127.0.0.1:61120 - R:localhost/127.0.0.1:54780] for POST '/session/b8a3ce1fb2aaf0889303ed27298db306/element'
22:10:27.926 [AsyncHttpClient-1-5] DEBUG org.asynchttpclient.netty.handler.HttpHandler - 

Request DefaultHttpRequest(decodeResult: success, version: HTTP/1.1)
POST /session/b8a3ce1fb2aaf0889303ed27298db306/element HTTP/1.1
User-Agent: selenium/4.1.2 (java windows)
Content-Length: 108
Content-Type: application/json; charset=utf-8
host: localhost:54780
accept: */*

Response DefaultHttpResponse(decodeResult: success, version: HTTP/1.1)
HTTP/1.1 200 OK
Content-Type: application/json; charset=utf-8
cache-control: no-cache
content-length: 88

22:10:27.927 [AsyncHttpClient-1-5] DEBUG org.asynchttpclient.netty.channel.ChannelManager - Adding key: http://localhost:54780 for channel [id: 0x25557088, L:/127.0.0.1:61120 - R:localhost/127.0.0.1:54780]
22:10:27.928 [Forwarding getElementTagName on session b8a3ce1fb2aaf0889303ed27298db306 to remote] DEBUG org.asynchttpclient.netty.request.NettyRequestSender - Using pooled Channel '[id: 0x25557088, L:/127.0.0.1:61120 - R:localhost/127.0.0.1:54780]' for 'GET' to 'http://localhost:54780/session/b8a3ce1fb2aaf0889303ed27298db306/element/d3c257a4-a79d-428e-960a-5bc289ddc5fc/name'
22:10:27.928 [Forwarding getElementTagName on session b8a3ce1fb2aaf0889303ed27298db306 to remote] DEBUG org.asynchttpclient.netty.request.NettyRequestSender - Using open Channel [id: 0x25557088, L:/127.0.0.1:61120 - R:localhost/127.0.0.1:54780] for GET '/session/b8a3ce1fb2aaf0889303ed27298db306/element/d3c257a4-a79d-428e-960a-5bc289ddc5fc/name'
22:10:27.931 [AsyncHttpClient-1-5] DEBUG org.asynchttpclient.netty.handler.HttpHandler - 

Request DefaultFullHttpRequest(decodeResult: success, version: HTTP/1.1, content: EmptyByteBufBE)
GET /session/b8a3ce1fb2aaf0889303ed27298db306/element/d3c257a4-a79d-428e-960a-5bc289ddc5fc/name HTTP/1.1
User-Agent: selenium/4.1.2 (java windows)
Cache-Control: no-cache
Content-Type: application/json; charset=utf-8
host: localhost:54780
accept: */*

Response DefaultHttpResponse(decodeResult: success, version: HTTP/1.1)
HTTP/1.1 200 OK
Content-Type: application/json; charset=utf-8
cache-control: no-cache
content-length: 16

22:10:27.932 [AsyncHttpClient-1-5] DEBUG org.asynchttpclient.netty.channel.ChannelManager - Adding key: http://localhost:54780 for channel [id: 0x25557088, L:/127.0.0.1:61120 - R:localhost/127.0.0.1:54780]
22:10:27.933 [Forwarding getElementTagName on session b8a3ce1fb2aaf0889303ed27298db306 to remote] DEBUG org.asynchttpclient.netty.request.NettyRequestSender - Using pooled Channel '[id: 0x25557088, L:/127.0.0.1:61120 - R:localhost/127.0.0.1:54780]' for 'GET' to 'http://localhost:54780/session/b8a3ce1fb2aaf0889303ed27298db306/element/d3c257a4-a79d-428e-960a-5bc289ddc5fc/name'
22:10:27.933 [Forwarding getElementTagName on session b8a3ce1fb2aaf0889303ed27298db306 to remote] DEBUG org.asynchttpclient.netty.request.NettyRequestSender - Using open Channel [id: 0x25557088, L:/127.0.0.1:61120 - R:localhost/127.0.0.1:54780] for GET '/session/b8a3ce1fb2aaf0889303ed27298db306/element/d3c257a4-a79d-428e-960a-5bc289ddc5fc/name'
22:10:27.936 [AsyncHttpClient-1-5] DEBUG org.asynchttpclient.netty.handler.HttpHandler - 

Request DefaultFullHttpRequest(decodeResult: success, version: HTTP/1.1, content: EmptyByteBufBE)
GET /session/b8a3ce1fb2aaf0889303ed27298db306/element/d3c257a4-a79d-428e-960a-5bc289ddc5fc/name HTTP/1.1
User-Agent: selenium/4.1.2 (java windows)
Cache-Control: no-cache
Content-Type: application/json; charset=utf-8
host: localhost:54780
accept: */*

Response DefaultHttpResponse(decodeResult: success, version: HTTP/1.1)
HTTP/1.1 200 OK
Content-Type: application/json; charset=utf-8
cache-control: no-cache
content-length: 16

22:10:27.936 [AsyncHttpClient-1-5] DEBUG org.asynchttpclient.netty.channel.ChannelManager - Adding key: http://localhost:54780 for channel [id: 0x25557088, L:/127.0.0.1:61120 - R:localhost/127.0.0.1:54780]
22:10:27.940 [Forwarding findElement on session b8a3ce1fb2aaf0889303ed27298db306 to remote] DEBUG org.asynchttpclient.netty.request.NettyRequestSender - Using pooled Channel '[id: 0x25557088, L:/127.0.0.1:61120 - R:localhost/127.0.0.1:54780]' for 'POST' to 'http://localhost:54780/session/b8a3ce1fb2aaf0889303ed27298db306/element'
22:10:27.940 [Forwarding findElement on session b8a3ce1fb2aaf0889303ed27298db306 to remote] DEBUG org.asynchttpclient.netty.request.NettyRequestSender - Using open Channel [id: 0x25557088, L:/127.0.0.1:61120 - R:localhost/127.0.0.1:54780] for POST '/session/b8a3ce1fb2aaf0889303ed27298db306/element'
22:10:27.950 [AsyncHttpClient-1-5] DEBUG org.asynchttpclient.netty.handler.HttpHandler - 

Request DefaultHttpRequest(decodeResult: success, version: HTTP/1.1)
POST /session/b8a3ce1fb2aaf0889303ed27298db306/element HTTP/1.1
User-Agent: selenium/4.1.2 (java windows)
Content-Length: 108
Content-Type: application/json; charset=utf-8
host: localhost:54780
accept: */*

Response DefaultHttpResponse(decodeResult: success, version: HTTP/1.1)
HTTP/1.1 200 OK
Content-Type: application/json; charset=utf-8
cache-control: no-cache
content-length: 88

22:10:27.951 [AsyncHttpClient-1-5] DEBUG org.asynchttpclient.netty.channel.ChannelManager - Adding key: http://localhost:54780 for channel [id: 0x25557088, L:/127.0.0.1:61120 - R:localhost/127.0.0.1:54780]
22:10:27.953 [Forwarding clickElement on session b8a3ce1fb2aaf0889303ed27298db306 to remote] DEBUG org.asynchttpclient.netty.request.NettyRequestSender - Using pooled Channel '[id: 0x25557088, L:/127.0.0.1:61120 - R:localhost/127.0.0.1:54780]' for 'POST' to 'http://localhost:54780/session/b8a3ce1fb2aaf0889303ed27298db306/element/d3c257a4-a79d-428e-960a-5bc289ddc5fc/click'
22:10:27.953 [Forwarding clickElement on session b8a3ce1fb2aaf0889303ed27298db306 to remote] DEBUG org.asynchttpclient.netty.request.NettyRequestSender - Using open Channel [id: 0x25557088, L:/127.0.0.1:61120 - R:localhost/127.0.0.1:54780] for POST '/session/b8a3ce1fb2aaf0889303ed27298db306/element/d3c257a4-a79d-428e-960a-5bc289ddc5fc/click'
22:10:28.141 [AsyncHttpClient-1-1] DEBUG org.asynchttpclient.netty.channel.DefaultChannelPool - Entry count for : http://localhost:61121 : 1
22:10:28.206 [AsyncHttpClient-1-5] DEBUG org.asynchttpclient.netty.handler.HttpHandler - 

Request DefaultHttpRequest(decodeResult: success, version: HTTP/1.1)
POST /session/b8a3ce1fb2aaf0889303ed27298db306/element/d3c257a4-a79d-428e-960a-5bc289ddc5fc/click HTTP/1.1
User-Agent: selenium/4.1.2 (java windows)
Content-Length: 50
Content-Type: application/json; charset=utf-8
host: localhost:54780
accept: */*

Response DefaultHttpResponse(decodeResult: success, version: HTTP/1.1)
HTTP/1.1 200 OK
Content-Type: application/json; charset=utf-8
cache-control: no-cache
content-length: 14

22:10:28.206 [AsyncHttpClient-1-5] DEBUG org.asynchttpclient.netty.channel.ChannelManager - Adding key: http://localhost:54780 for channel [id: 0x25557088, L:/127.0.0.1:61120 - R:localhost/127.0.0.1:54780]
  &amp#27;[32mWhen &amp#27;[0m&amp#27;[32mI will go to &amp#27;[0m&amp#27;[32m&amp#27;[1m"pakaianNewborn1"&amp#27;[0m &amp#27;[90m# starter.stepdefinitions.BabyStep.iWillGoTo(java.lang.String)&amp#27;[0m
22:10:28.215 [Forwarding screenshot on session b8a3ce1fb2aaf0889303ed27298db306 to remote] DEBUG org.asynchttpclient.netty.request.NettyRequestSender - Using pooled Channel '[id: 0x25557088, L:/127.0.0.1:61120 - R:localhost/127.0.0.1:54780]' for 'GET' to 'http://localhost:54780/session/b8a3ce1fb2aaf0889303ed27298db306/screenshot'
22:10:28.215 [Forwarding screenshot on session b8a3ce1fb2aaf0889303ed27298db306 to remote] DEBUG org.asynchttpclient.netty.request.NettyRequestSender - Using open Channel [id: 0x25557088, L:/127.0.0.1:61120 - R:localhost/127.0.0.1:54780] for GET '/session/b8a3ce1fb2aaf0889303ed27298db306/screenshot'
22:10:28.330 [AsyncHttpClient-1-5] DEBUG org.asynchttpclient.netty.handler.HttpHandler - 

Request DefaultFullHttpRequest(decodeResult: success, version: HTTP/1.1, content: EmptyByteBufBE)
GET /session/b8a3ce1fb2aaf0889303ed27298db306/screenshot HTTP/1.1
User-Agent: selenium/4.1.2 (java windows)
Cache-Control: no-cache
Content-Type: application/json; charset=utf-8
host: localhost:54780
accept: */*

Response DefaultHttpResponse(decodeResult: success, version: HTTP/1.1)
HTTP/1.1 200 OK
Content-Type: application/json; charset=utf-8
cache-control: no-cache
content-length: 88700

22:10:28.330 [AsyncHttpClient-1-5] DEBUG org.asynchttpclient.netty.channel.ChannelManager - Adding key: http://localhost:54780 for channel [id: 0x25557088, L:/127.0.0.1:61120 - R:localhost/127.0.0.1:54780]
22:10:28.334 [main] DEBUG net.serenitybdd.core.photography.Darkroom - Send negative for processing for target\site\serenity\c5665bd8a05ec25fb48d76898d7b9b93f9fdaa9e1fe24d6671f4475cb33836e4.png
22:10:28.334 [Darkroom Processing Line] DEBUG net.serenitybdd.core.photography.DarkroomProcessingLine - Processing screenshot image in /var/screenshots/screenshot-8411687187138297303
22:10:28.334 [Darkroom Processing Line] DEBUG net.serenitybdd.core.photography.DarkroomProcessingLine - Saving screenshot to target\site\serenity\c5665bd8a05ec25fb48d76898d7b9b93f9fdaa9e1fe24d6671f4475cb33836e4.png
22:10:28.343 [Forwarding findElement on session b8a3ce1fb2aaf0889303ed27298db306 to remote] DEBUG org.asynchttpclient.netty.request.NettyRequestSender - Using pooled Channel '[id: 0x25557088, L:/127.0.0.1:61120 - R:localhost/127.0.0.1:54780]' for 'POST' to 'http://localhost:54780/session/b8a3ce1fb2aaf0889303ed27298db306/element'
22:10:28.343 [Forwarding findElement on session b8a3ce1fb2aaf0889303ed27298db306 to remote] DEBUG org.asynchttpclient.netty.request.NettyRequestSender - Using open Channel [id: 0x25557088, L:/127.0.0.1:61120 - R:localhost/127.0.0.1:54780] for POST '/session/b8a3ce1fb2aaf0889303ed27298db306/element'
22:10:28.679 [AsyncHttpClient-1-5] DEBUG org.asynchttpclient.netty.handler.HttpHandler - 

Request DefaultHttpRequest(decodeResult: success, version: HTTP/1.1)
POST /session/b8a3ce1fb2aaf0889303ed27298db306/element HTTP/1.1
User-Agent: selenium/4.1.2 (java windows)
Content-Length: 97
Content-Type: application/json; charset=utf-8
host: localhost:54780
accept: */*

Response DefaultHttpResponse(decodeResult: success, version: HTTP/1.1)
HTTP/1.1 200 OK
Content-Type: application/json; charset=utf-8
cache-control: no-cache
content-length: 88

22:10:28.679 [AsyncHttpClient-1-5] DEBUG org.asynchttpclient.netty.channel.ChannelManager - Adding key: http://localhost:54780 for channel [id: 0x25557088, L:/127.0.0.1:61120 - R:localhost/127.0.0.1:54780]
22:10:28.686 [Forwarding isElementDisplayed on session b8a3ce1fb2aaf0889303ed27298db306 to remote] DEBUG org.asynchttpclient.netty.request.NettyRequestSender - Using pooled Channel '[id: 0x25557088, L:/127.0.0.1:61120 - R:localhost/127.0.0.1:54780]' for 'POST' to 'http://localhost:54780/session/b8a3ce1fb2aaf0889303ed27298db306/execute/sync'
22:10:28.686 [Forwarding isElementDisplayed on session b8a3ce1fb2aaf0889303ed27298db306 to remote] DEBUG org.asynchttpclient.netty.request.NettyRequestSender - Using open Channel [id: 0x25557088, L:/127.0.0.1:61120 - R:localhost/127.0.0.1:54780] for POST '/session/b8a3ce1fb2aaf0889303ed27298db306/execute/sync'
22:10:28.715 [AsyncHttpClient-1-5] DEBUG org.asynchttpclient.netty.handler.HttpHandler - 

Request DefaultHttpRequest(decodeResult: success, version: HTTP/1.1)
POST /session/b8a3ce1fb2aaf0889303ed27298db306/execute/sync HTTP/1.1
User-Agent: selenium/4.1.2 (java windows)
Content-Length: 48780
Content-Type: application/json; charset=utf-8
host: localhost:54780
accept: */*

Response DefaultHttpResponse(decodeResult: success, version: HTTP/1.1)
HTTP/1.1 200 OK
Content-Type: application/json; charset=utf-8
cache-control: no-cache
content-length: 14

22:10:28.716 [AsyncHttpClient-1-5] DEBUG org.asynchttpclient.netty.channel.ChannelManager - Adding key: http://localhost:54780 for channel [id: 0x25557088, L:/127.0.0.1:61120 - R:localhost/127.0.0.1:54780]
  &amp#27;[32mAnd &amp#27;[0m&amp#27;[32mI &amp#27;[0m&amp#27;[32m&amp#27;[1m"txtPN1"&amp#27;[0m&amp#27;[32m page&amp#27;[0m                 &amp#27;[90m# starter.stepdefinitions.BabyStep.iPage(java.lang.String)&amp#27;[0m
22:10:28.721 [Forwarding screenshot on session b8a3ce1fb2aaf0889303ed27298db306 to remote] DEBUG org.asynchttpclient.netty.request.NettyRequestSender - Using pooled Channel '[id: 0x25557088, L:/127.0.0.1:61120 - R:localhost/127.0.0.1:54780]' for 'GET' to 'http://localhost:54780/session/b8a3ce1fb2aaf0889303ed27298db306/screenshot'
22:10:28.722 [Forwarding screenshot on session b8a3ce1fb2aaf0889303ed27298db306 to remote] DEBUG org.asynchttpclient.netty.request.NettyRequestSender - Using open Channel [id: 0x25557088, L:/127.0.0.1:61120 - R:localhost/127.0.0.1:54780] for GET '/session/b8a3ce1fb2aaf0889303ed27298db306/screenshot'
22:10:28.893 [AsyncHttpClient-1-5] DEBUG org.asynchttpclient.netty.handler.HttpHandler - 

Request DefaultFullHttpRequest(decodeResult: success, version: HTTP/1.1, content: EmptyByteBufBE)
GET /session/b8a3ce1fb2aaf0889303ed27298db306/screenshot HTTP/1.1
User-Agent: selenium/4.1.2 (java windows)
Cache-Control: no-cache
Content-Type: application/json; charset=utf-8
host: localhost:54780
accept: */*

Response DefaultHttpResponse(decodeResult: success, version: HTTP/1.1)
HTTP/1.1 200 OK
Content-Type: application/json; charset=utf-8
cache-control: no-cache
content-length: 257324

22:10:28.894 [AsyncHttpClient-1-5] DEBUG org.asynchttpclient.netty.channel.ChannelManager - Adding key: http://localhost:54780 for channel [id: 0x25557088, L:/127.0.0.1:61120 - R:localhost/127.0.0.1:54780]
22:10:28.903 [main] DEBUG net.serenitybdd.core.photography.Darkroom - Send negative for processing for target\site\serenity\a6274b4bab453b8be92cd168c62b45d20104d8d1f3c78cf4e350c518c67bf48e.png
22:10:28.903 [Darkroom Processing Line] DEBUG net.serenitybdd.core.photography.DarkroomProcessingLine - Processing screenshot image in /var/screenshots/screenshot-6791654433182545870
22:10:28.903 [Darkroom Processing Line] DEBUG net.serenitybdd.core.photography.DarkroomProcessingLine - Saving screenshot to target\site\serenity\a6274b4bab453b8be92cd168c62b45d20104d8d1f3c78cf4e350c518c67bf48e.png
22:10:28.911 [AsyncHttpClient-1-7] DEBUG org.asynchttpclient.netty.handler.WebSocketHandler - Channel Closed: [id: 0x5b9af025, L:/127.0.0.1:61128 ! R:localhost/127.0.0.1:61121] with attribute NettyResponseFuture{currentRetry=5,
	isDone=1,
	isCancelled=0,
	asyncHandler=org.asynchttpclient.ws.WebSocketUpgradeHandler@46e7bc42,
	nettyRequest=org.asynchttpclient.netty.request.NettyRequest@3e52afa,
	future=java.util.concurrent.CompletableFuture@31f1dbf3[Completed normally],
	uri=ws://localhost:61121/devtools/browser/2e4e933a-754a-442e-957c-737cb9b798e3,
	keepAlive=true,
	redirectCount=0,
	timeoutsHolder=null,
	inAuth=0,
	touch=1680707419286}
22:10:28.911 [AsyncHttpClient-1-7] DEBUG org.asynchttpclient.netty.channel.ChannelManager - Closing Channel [id: 0x5b9af025, L:/127.0.0.1:61128 ! R:localhost/127.0.0.1:61121] 
22:10:28.912 [Driver Command Executor] DEBUG org.asynchttpclient.netty.request.NettyRequestSender - Using pooled Channel '[id: 0x25557088, L:/127.0.0.1:61120 - R:localhost/127.0.0.1:54780]' for 'DELETE' to 'http://localhost:54780/session/b8a3ce1fb2aaf0889303ed27298db306'
22:10:28.912 [Driver Command Executor] DEBUG org.asynchttpclient.netty.request.NettyRequestSender - Using open Channel [id: 0x25557088, L:/127.0.0.1:61120 - R:localhost/127.0.0.1:54780] for DELETE '/session/b8a3ce1fb2aaf0889303ed27298db306'
22:10:28.958 [AsyncHttpClient-1-6] DEBUG org.asynchttpclient.netty.handler.HttpHandler - Unexpected I/O exception on channel [id: 0x78e8f145, L:/127.0.0.1:61127 - R:localhost/127.0.0.1:61121]
java.net.SocketException: Connection reset
	at java.base/sun.nio.ch.SocketChannelImpl.throwConnectionReset(SocketChannelImpl.java:345)
	at java.base/sun.nio.ch.SocketChannelImpl.read(SocketChannelImpl.java:376)
	at io.netty.buffer.PooledByteBuf.setBytes(PooledByteBuf.java:258)
	at io.netty.buffer.AbstractByteBuf.writeBytes(AbstractByteBuf.java:1132)
	at io.netty.channel.socket.nio.NioSocketChannel.doReadBytes(NioSocketChannel.java:350)
	at io.netty.channel.nio.AbstractNioByteChannel$NioByteUnsafe.read(AbstractNioByteChannel.java:151)
	at io.netty.channel.nio.NioEventLoop.processSelectedKey(NioEventLoop.java:722)
	at io.netty.channel.nio.NioEventLoop.processSelectedKeysOptimized(NioEventLoop.java:658)
	at io.netty.channel.nio.NioEventLoop.processSelectedKeys(NioEventLoop.java:584)
	at io.netty.channel.nio.NioEventLoop.run(NioEventLoop.java:496)
	at io.netty.util.concurrent.SingleThreadEventExecutor$4.run(SingleThreadEventExecutor.java:986)
	at io.netty.util.internal.ThreadExecutorMap$2.run(ThreadExecutorMap.java:74)
	at io.netty.util.concurrent.FastThreadLocalRunnable.run(FastThreadLocalRunnable.java:30)
	at java.base/java.lang.Thread.run(Thread.java:830)
22:10:28.958 [AsyncHttpClient-1-6] DEBUG org.asynchttpclient.netty.channel.ChannelManager - Closing Channel [id: 0x78e8f145, L:/127.0.0.1:61127 - R:localhost/127.0.0.1:61121] 
22:10:28.958 [AsyncHttpClient-1-6] DEBUG org.asynchttpclient.netty.handler.HttpHandler - Channel Closed: [id: 0x78e8f145, L:/127.0.0.1:61127 ! R:localhost/127.0.0.1:61121] with attribute DISCARD
22:10:28.977 [AsyncHttpClient-1-5] DEBUG org.asynchttpclient.netty.handler.HttpHandler - 

Request DefaultFullHttpRequest(decodeResult: success, version: HTTP/1.1, content: EmptyByteBufBE)
DELETE /session/b8a3ce1fb2aaf0889303ed27298db306 HTTP/1.1
User-Agent: selenium/4.1.2 (java windows)
Content-Type: application/json; charset=utf-8
host: localhost:54780
accept: */*

Response DefaultHttpResponse(decodeResult: success, version: HTTP/1.1)
HTTP/1.1 200 OK
Content-Type: application/json; charset=utf-8
cache-control: no-cache
content-length: 14

22:10:28.978 [AsyncHttpClient-1-5] DEBUG org.asynchttpclient.netty.channel.ChannelManager - Adding key: http://localhost:54780 for channel [id: 0x25557088, L:/127.0.0.1:61120 - R:localhost/127.0.0.1:54780]
22:10:29.116 [AsyncHttpClient-1-5] DEBUG org.asynchttpclient.netty.handler.HttpHandler - Channel Closed: [id: 0x25557088, L:/127.0.0.1:61120 ! R:localhost/127.0.0.1:54780] with attribute DISCARD
22:10:29.240 [AsyncHttpClient-1-1] DEBUG org.asynchttpclient.netty.channel.DefaultChannelPool - Entry count for : http://localhost:61121 : 1
22:10:29.240 [AsyncHttpClient-1-1] DEBUG org.asynchttpclient.netty.channel.DefaultChannelPool - Entry count for : http://localhost:54780 : 1
22:10:29.240 [AsyncHttpClient-1-1] DEBUG org.asynchttpclient.netty.channel.DefaultChannelPool - Adding Candidate expired Channel [id: 0x78e8f145, L:/127.0.0.1:61127 ! R:localhost/127.0.0.1:61121] isIdleTimeoutExpired=false isRemotelyClosed=true isTtlExpired=false
22:10:29.240 [AsyncHttpClient-1-1] DEBUG org.asynchttpclient.netty.channel.DefaultChannelPool - Closing Idle Channel [id: 0x78e8f145, L:/127.0.0.1:61127 ! R:localhost/127.0.0.1:61121]
22:10:29.240 [AsyncHttpClient-1-1] DEBUG org.asynchttpclient.netty.channel.DefaultChannelPool - Adding Candidate expired Channel [id: 0x25557088, L:/127.0.0.1:61120 ! R:localhost/127.0.0.1:54780] isIdleTimeoutExpired=false isRemotelyClosed=true isTtlExpired=false
22:10:29.240 [AsyncHttpClient-1-1] DEBUG org.asynchttpclient.netty.channel.DefaultChannelPool - Closing Idle Channel [id: 0x25557088, L:/127.0.0.1:61120 ! R:localhost/127.0.0.1:54780]
22:10:29.240 [AsyncHttpClient-1-1] DEBUG org.asynchttpclient.netty.channel.DefaultChannelPool - Closed 2 connections out of 2 in 0 ms
22:10:29.701 [main] INFO  - 
  _____   ___   ___   _____     ___     _     ___   ___   ___   ___  
 |_   _| | __| / __| |_   _|   | _ \   /_\   / __| / __| | __| |   \ 
   | |   | _|  \__ \   | |     |  _/  / _ \  \__ \ \__ \ | _|  | |) |
   |_|   |___| |___/   |_|     |_|   /_/ \_\ |___/ |___/ |___| |___/ 

Fitur Menu Baby
----------------------------------------------------------------------
]]></system-out>
    <system-err><![CDATA[Starting Microsoft Edge WebDriver 111.0.1661.62 (0a8f453929e6410c973aa529a40485ce4e3e03db) on port 54780
To submit feedback, report a bug, or suggest new features, please visit https://github.com/MicrosoftEdge/EdgeWebDriver

Only local connections are allowed.
Please see https://aka.ms/WebDriverSecurity for suggestions on keeping Microsoft Edge WebDriver safe.

Microsoft Edge WebDriver was started successfully.
Apr 05, 2023 10:10:19 PM org.openqa.selenium.remote.ProtocolHandshake createSession
INFO: Detected dialect: W3C
Apr 05, 2023 10:10:19 PM org.openqa.selenium.devtools.CdpVersionFinder findNearestMatch
WARNING: Unable to find an exact match for CDP version 111, so returning the closest version found: a no-op implementation
Apr 05, 2023 10:10:19 PM org.openqa.selenium.devtools.CdpVersionFinder findNearestMatch
INFO: Unable to find CDP implementation matching 111.
Apr 05, 2023 10:10:19 PM org.openqa.selenium.chromium.ChromiumDriver lambda$new$3
WARNING: Unable to find version of CDP to use for . You may need to include a dependency on a specific version of the CDP using something similar to `org.seleniumhq.selenium:selenium-devtools-v86:4.1.2` where the version ("v86") matches the version of the chromium-based browser you're using and the version number of the artifact is the same as Selenium's.
]]></system-err>
  </testcase>
  <testcase name="Fitur Menu Baby #3" classname="Baby" time="16.954">
    <system-out><![CDATA[
Scenario Outline: Fitur Menu Baby &amp#27;[90m# src/test/resources/features/Baby.feature:95&amp#27;[0m
22:10:29.707 [main] INFO io.cucumber.core.plugin.SerenityReporter - Running feature from file:///C:/Users/alwi/IdeaProjects/uniqloweb/src/test/resources/features/Baby.feature
22:10:29.842 [main] DEBUG io.github.bonigarcia.wdm.cache.ResolutionCache - Resolution edge=111 in cache (valid until 23:09:49 05/04/2023 WIB)
22:10:29.846 [main] DEBUG io.github.bonigarcia.wdm.cache.ResolutionCache - Resolution edge111=111.0.1661.62 in cache (valid until 15:17:30 06/04/2023 WIB)
22:10:29.848 [main] INFO io.github.bonigarcia.wdm.WebDriverManager - Using msedgedriver 111.0.1661.62 (resolved driver for Edge 111)
22:10:29.866 [main] DEBUG io.github.bonigarcia.wdm.WebDriverManager - Driver msedgedriver 111.0.1661.62 found in cache
22:10:29.866 [main] INFO io.github.bonigarcia.wdm.WebDriverManager - Exporting webdriver.edge.driver as C:\Users\alwi\.cache\selenium\msedgedriver\win64\111.0.1661.62\msedgedriver.exe
22:10:29.868 [main] DEBUG net.serenitybdd.core.webdriver.driverproviders.ProvideNewDriver - Instantiating driver
22:10:29.868 [main] DEBUG net.serenitybdd.core.webdriver.driverproviders.ProvideNewDriver - Driver capabilities: Capabilities {base.url: https://www.uniqlo.com, chrome.driver: src/test/resources/webdrive..., driver: edge, ms:edgeChromium: true, ms:edgeOptions: {}, wait.for.timeout: 6000}
22:10:30.426 [AsyncHttpClient-1-8] DEBUG org.asynchttpclient.netty.channel.NettyConnectListener - Using new Channel '[id: 0x5ba89056, L:/127.0.0.1:61259 - R:localhost/127.0.0.1:49429]' for 'POST' to '/session'
22:10:31.042 [AsyncHttpClient-1-8] DEBUG org.asynchttpclient.netty.handler.HttpHandler - 

Request DefaultHttpRequest(decodeResult: success, version: HTTP/1.1)
POST /session HTTP/1.1
User-Agent: selenium/4.1.2 (java windows)
Content-Length: 627
Content-Type: application/json; charset=utf-8
host: localhost:49429
accept: */*

Response DefaultHttpResponse(decodeResult: success, version: HTTP/1.1)
HTTP/1.1 200 OK
Content-Type: application/json; charset=utf-8
cache-control: no-cache
content-length: 822

22:10:31.042 [AsyncHttpClient-1-8] DEBUG org.asynchttpclient.netty.channel.ChannelManager - Adding key: http://localhost:49429 for channel [id: 0x5ba89056, L:/127.0.0.1:61259 - R:localhost/127.0.0.1:49429]
22:10:31.053 [AsyncHttpClient-1-9] DEBUG org.asynchttpclient.netty.channel.NettyConnectListener - Using new Channel '[id: 0xdafb3639, L:/127.0.0.1:61268 - R:localhost/127.0.0.1:61260]' for 'GET' to '/json/version'
22:10:31.057 [AsyncHttpClient-1-9] DEBUG org.asynchttpclient.netty.handler.HttpHandler - 

Request DefaultFullHttpRequest(decodeResult: success, version: HTTP/1.1, content: EmptyByteBufBE)
GET /json/version HTTP/1.1
User-Agent: selenium/4.1.2 (java windows)
host: localhost:61260
accept: */*

Response DefaultHttpResponse(decodeResult: success, version: HTTP/1.1)
HTTP/1.1 200 OK
Content-Security-Policy: frame-ancestors 'none'
Content-Type: application/json; charset=UTF-8
content-length: 436

22:10:31.057 [AsyncHttpClient-1-9] DEBUG org.asynchttpclient.netty.channel.ChannelManager - Adding key: http://localhost:61260 for channel [id: 0xdafb3639, L:/127.0.0.1:61268 - R:localhost/127.0.0.1:61260]
22:10:31.062 [AsyncHttpClient-1-10] DEBUG org.asynchttpclient.netty.channel.NettyConnectListener - Using new Channel '[id: 0x059c657f, L:/127.0.0.1:61269 - R:localhost/127.0.0.1:61260]' for 'GET' to '/devtools/browser/3e2f880e-0b4e-4609-b9f9-97e3b284b641'
22:10:31.067 [AsyncHttpClient-1-10] DEBUG org.asynchttpclient.netty.handler.WebSocketHandler - 

Request DefaultFullHttpRequest(decodeResult: success, version: HTTP/1.1, content: EmptyByteBufBE)
GET /devtools/browser/3e2f880e-0b4e-4609-b9f9-97e3b284b641 HTTP/1.1
upgrade: websocket
connection: upgrade
sec-websocket-key: dXIc/Uxy5g1A1NPiJ80UjA==
sec-websocket-version: 13
origin: http://localhost:61260
host: localhost:61260
accept: */*
user-agent: AHC/2.1

Response DefaultHttpResponse(decodeResult: success, version: HTTP/1.1)
HTTP/1.1 101 WebSocket Protocol Handshake
Upgrade: WebSocket
Connection: Upgrade
Sec-WebSocket-Accept: UAIrQKXkvkSKsNhCxLnTDYepGaE=

22:10:31.074 [Forwarding get on session 67bc67c04997bbfb79f63901becb6890 to remote] DEBUG org.asynchttpclient.netty.request.NettyRequestSender - Using pooled Channel '[id: 0x5ba89056, L:/127.0.0.1:61259 - R:localhost/127.0.0.1:49429]' for 'POST' to 'http://localhost:49429/session/67bc67c04997bbfb79f63901becb6890/url'
22:10:31.074 [Forwarding get on session 67bc67c04997bbfb79f63901becb6890 to remote] DEBUG org.asynchttpclient.netty.request.NettyRequestSender - Using open Channel [id: 0x5ba89056, L:/127.0.0.1:61259 - R:localhost/127.0.0.1:49429] for POST '/session/67bc67c04997bbfb79f63901becb6890/url'
22:10:31.439 [AsyncHttpClient-1-1] DEBUG org.asynchttpclient.netty.channel.DefaultChannelPool - Entry count for : http://localhost:61260 : 1
22:10:32.537 [AsyncHttpClient-1-1] DEBUG org.asynchttpclient.netty.channel.DefaultChannelPool - Entry count for : http://localhost:61260 : 1
22:10:33.638 [AsyncHttpClient-1-1] DEBUG org.asynchttpclient.netty.channel.DefaultChannelPool - Entry count for : http://localhost:61260 : 1
22:10:34.745 [AsyncHttpClient-1-1] DEBUG org.asynchttpclient.netty.channel.DefaultChannelPool - Entry count for : http://localhost:61260 : 1
22:10:35.843 [AsyncHttpClient-1-1] DEBUG org.asynchttpclient.netty.channel.DefaultChannelPool - Entry count for : http://localhost:61260 : 1
22:10:36.938 [AsyncHttpClient-1-1] DEBUG org.asynchttpclient.netty.channel.DefaultChannelPool - Entry count for : http://localhost:61260 : 1
22:10:38.038 [AsyncHttpClient-1-1] DEBUG org.asynchttpclient.netty.channel.DefaultChannelPool - Entry count for : http://localhost:61260 : 1
22:10:39.145 [AsyncHttpClient-1-1] DEBUG org.asynchttpclient.netty.channel.DefaultChannelPool - Entry count for : http://localhost:61260 : 1
22:10:40.245 [AsyncHttpClient-1-1] DEBUG org.asynchttpclient.netty.channel.DefaultChannelPool - Entry count for : http://localhost:61260 : 1
22:10:41.337 [AsyncHttpClient-1-1] DEBUG org.asynchttpclient.netty.channel.DefaultChannelPool - Entry count for : http://localhost:61260 : 1
22:10:42.439 [AsyncHttpClient-1-1] DEBUG org.asynchttpclient.netty.channel.DefaultChannelPool - Entry count for : http://localhost:61260 : 1
22:10:43.520 [AsyncHttpClient-1-8] DEBUG org.asynchttpclient.netty.handler.HttpHandler - 

Request DefaultHttpRequest(decodeResult: success, version: HTTP/1.1)
POST /session/67bc67c04997bbfb79f63901becb6890/url HTTP/1.1
User-Agent: selenium/4.1.2 (java windows)
Content-Length: 53
Content-Type: application/json; charset=utf-8
host: localhost:49429
accept: */*

Response DefaultHttpResponse(decodeResult: success, version: HTTP/1.1)
HTTP/1.1 200 OK
Content-Type: application/json; charset=utf-8
cache-control: no-cache
content-length: 14

22:10:43.520 [AsyncHttpClient-1-8] DEBUG org.asynchttpclient.netty.channel.ChannelManager - Adding key: http://localhost:49429 for channel [id: 0x5ba89056, L:/127.0.0.1:61259 - R:localhost/127.0.0.1:49429]
22:10:43.523 [Forwarding setTimeout on session 67bc67c04997bbfb79f63901becb6890 to remote] DEBUG org.asynchttpclient.netty.request.NettyRequestSender - Using pooled Channel '[id: 0x5ba89056, L:/127.0.0.1:61259 - R:localhost/127.0.0.1:49429]' for 'POST' to 'http://localhost:49429/session/67bc67c04997bbfb79f63901becb6890/timeouts'
22:10:43.523 [Forwarding setTimeout on session 67bc67c04997bbfb79f63901becb6890 to remote] DEBUG org.asynchttpclient.netty.request.NettyRequestSender - Using open Channel [id: 0x5ba89056, L:/127.0.0.1:61259 - R:localhost/127.0.0.1:49429] for POST '/session/67bc67c04997bbfb79f63901becb6890/timeouts'
22:10:43.524 [AsyncHttpClient-1-8] DEBUG org.asynchttpclient.netty.handler.HttpHandler - 

Request DefaultHttpRequest(decodeResult: success, version: HTTP/1.1)
POST /session/67bc67c04997bbfb79f63901becb6890/timeouts HTTP/1.1
User-Agent: selenium/4.1.2 (java windows)
Content-Length: 22
Content-Type: application/json; charset=utf-8
host: localhost:49429
accept: */*

Response DefaultHttpResponse(decodeResult: success, version: HTTP/1.1)
HTTP/1.1 200 OK
Content-Type: application/json; charset=utf-8
cache-control: no-cache
content-length: 14

22:10:43.525 [AsyncHttpClient-1-8] DEBUG org.asynchttpclient.netty.channel.ChannelManager - Adding key: http://localhost:49429 for channel [id: 0x5ba89056, L:/127.0.0.1:61259 - R:localhost/127.0.0.1:49429]
22:10:43.531 [Forwarding getCurrentUrl on session 67bc67c04997bbfb79f63901becb6890 to remote] DEBUG org.asynchttpclient.netty.request.NettyRequestSender - Using pooled Channel '[id: 0x5ba89056, L:/127.0.0.1:61259 - R:localhost/127.0.0.1:49429]' for 'GET' to 'http://localhost:49429/session/67bc67c04997bbfb79f63901becb6890/url'
22:10:43.531 [Forwarding getCurrentUrl on session 67bc67c04997bbfb79f63901becb6890 to remote] DEBUG org.asynchttpclient.netty.request.NettyRequestSender - Using open Channel [id: 0x5ba89056, L:/127.0.0.1:61259 - R:localhost/127.0.0.1:49429] for GET '/session/67bc67c04997bbfb79f63901becb6890/url'
22:10:43.542 [AsyncHttpClient-1-1] DEBUG org.asynchttpclient.netty.channel.DefaultChannelPool - Entry count for : http://localhost:61260 : 1
22:10:43.545 [AsyncHttpClient-1-8] DEBUG org.asynchttpclient.netty.handler.HttpHandler - 

Request DefaultFullHttpRequest(decodeResult: success, version: HTTP/1.1, content: EmptyByteBufBE)
GET /session/67bc67c04997bbfb79f63901becb6890/url HTTP/1.1
User-Agent: selenium/4.1.2 (java windows)
Cache-Control: no-cache
Content-Type: application/json; charset=utf-8
host: localhost:49429
accept: */*

Response DefaultHttpResponse(decodeResult: success, version: HTTP/1.1)
HTTP/1.1 200 OK
Content-Type: application/json; charset=utf-8
cache-control: no-cache
content-length: 41

22:10:43.545 [AsyncHttpClient-1-8] DEBUG org.asynchttpclient.netty.channel.ChannelManager - Adding key: http://localhost:49429 for channel [id: 0x5ba89056, L:/127.0.0.1:61259 - R:localhost/127.0.0.1:49429]
  &amp#27;[32mGiven &amp#27;[0m&amp#27;[32mI am on the home page&amp#27;[0m     &amp#27;[90m# starter.stepdefinitions.BabyStep.iAmOnTheHomePage()&amp#27;[0m
22:10:43.552 [Forwarding screenshot on session 67bc67c04997bbfb79f63901becb6890 to remote] DEBUG org.asynchttpclient.netty.request.NettyRequestSender - Using pooled Channel '[id: 0x5ba89056, L:/127.0.0.1:61259 - R:localhost/127.0.0.1:49429]' for 'GET' to 'http://localhost:49429/session/67bc67c04997bbfb79f63901becb6890/screenshot'
22:10:43.552 [Forwarding screenshot on session 67bc67c04997bbfb79f63901becb6890 to remote] DEBUG org.asynchttpclient.netty.request.NettyRequestSender - Using open Channel [id: 0x5ba89056, L:/127.0.0.1:61259 - R:localhost/127.0.0.1:49429] for GET '/session/67bc67c04997bbfb79f63901becb6890/screenshot'
22:10:43.898 [AsyncHttpClient-1-8] DEBUG org.asynchttpclient.netty.handler.HttpHandler - 

Request DefaultFullHttpRequest(decodeResult: success, version: HTTP/1.1, content: EmptyByteBufBE)
GET /session/67bc67c04997bbfb79f63901becb6890/screenshot HTTP/1.1
User-Agent: selenium/4.1.2 (java windows)
Cache-Control: no-cache
Content-Type: application/json; charset=utf-8
host: localhost:49429
accept: */*

Response DefaultHttpResponse(decodeResult: success, version: HTTP/1.1)
HTTP/1.1 200 OK
Content-Type: application/json; charset=utf-8
cache-control: no-cache
content-length: 1119968

22:10:43.905 [AsyncHttpClient-1-8] DEBUG org.asynchttpclient.netty.channel.ChannelManager - Adding key: http://localhost:49429 for channel [id: 0x5ba89056, L:/127.0.0.1:61259 - R:localhost/127.0.0.1:49429]
22:10:43.957 [main] DEBUG net.serenitybdd.core.photography.Darkroom - Send negative for processing for target\site\serenity\3d1b19ad31921c0beae4332facd941fcc81467ad5802877977ec6c100df601ce.png
22:10:43.967 [Forwarding findElement on session 67bc67c04997bbfb79f63901becb6890 to remote] DEBUG org.asynchttpclient.netty.request.NettyRequestSender - Using pooled Channel '[id: 0x5ba89056, L:/127.0.0.1:61259 - R:localhost/127.0.0.1:49429]' for 'POST' to 'http://localhost:49429/session/67bc67c04997bbfb79f63901becb6890/element'
22:10:43.967 [Forwarding findElement on session 67bc67c04997bbfb79f63901becb6890 to remote] DEBUG org.asynchttpclient.netty.request.NettyRequestSender - Using open Channel [id: 0x5ba89056, L:/127.0.0.1:61259 - R:localhost/127.0.0.1:49429] for POST '/session/67bc67c04997bbfb79f63901becb6890/element'
22:10:43.981 [AsyncHttpClient-1-8] DEBUG org.asynchttpclient.netty.handler.HttpHandler - 

Request DefaultHttpRequest(decodeResult: success, version: HTTP/1.1)
POST /session/67bc67c04997bbfb79f63901becb6890/element HTTP/1.1
User-Agent: selenium/4.1.2 (java windows)
Content-Length: 81
Content-Type: application/json; charset=utf-8
host: localhost:49429
accept: */*

Response DefaultHttpResponse(decodeResult: success, version: HTTP/1.1)
HTTP/1.1 200 OK
Content-Type: application/json; charset=utf-8
cache-control: no-cache
content-length: 88

22:10:43.982 [AsyncHttpClient-1-8] DEBUG org.asynchttpclient.netty.channel.ChannelManager - Adding key: http://localhost:49429 for channel [id: 0x5ba89056, L:/127.0.0.1:61259 - R:localhost/127.0.0.1:49429]
22:10:43.984 [Forwarding getElementTagName on session 67bc67c04997bbfb79f63901becb6890 to remote] DEBUG org.asynchttpclient.netty.request.NettyRequestSender - Using pooled Channel '[id: 0x5ba89056, L:/127.0.0.1:61259 - R:localhost/127.0.0.1:49429]' for 'GET' to 'http://localhost:49429/session/67bc67c04997bbfb79f63901becb6890/element/f713907d-1920-4783-b01d-3fa60b5cd7f0/name'
22:10:43.984 [Forwarding getElementTagName on session 67bc67c04997bbfb79f63901becb6890 to remote] DEBUG org.asynchttpclient.netty.request.NettyRequestSender - Using open Channel [id: 0x5ba89056, L:/127.0.0.1:61259 - R:localhost/127.0.0.1:49429] for GET '/session/67bc67c04997bbfb79f63901becb6890/element/f713907d-1920-4783-b01d-3fa60b5cd7f0/name'
22:10:43.988 [AsyncHttpClient-1-8] DEBUG org.asynchttpclient.netty.handler.HttpHandler - 

Request DefaultFullHttpRequest(decodeResult: success, version: HTTP/1.1, content: EmptyByteBufBE)
GET /session/67bc67c04997bbfb79f63901becb6890/element/f713907d-1920-4783-b01d-3fa60b5cd7f0/name HTTP/1.1
User-Agent: selenium/4.1.2 (java windows)
Cache-Control: no-cache
Content-Type: application/json; charset=utf-8
host: localhost:49429
accept: */*

Response DefaultHttpResponse(decodeResult: success, version: HTTP/1.1)
HTTP/1.1 200 OK
Content-Type: application/json; charset=utf-8
cache-control: no-cache
content-length: 16

22:10:43.988 [AsyncHttpClient-1-8] DEBUG org.asynchttpclient.netty.channel.ChannelManager - Adding key: http://localhost:49429 for channel [id: 0x5ba89056, L:/127.0.0.1:61259 - R:localhost/127.0.0.1:49429]
22:10:43.989 [Forwarding getElementTagName on session 67bc67c04997bbfb79f63901becb6890 to remote] DEBUG org.asynchttpclient.netty.request.NettyRequestSender - Using pooled Channel '[id: 0x5ba89056, L:/127.0.0.1:61259 - R:localhost/127.0.0.1:49429]' for 'GET' to 'http://localhost:49429/session/67bc67c04997bbfb79f63901becb6890/element/f713907d-1920-4783-b01d-3fa60b5cd7f0/name'
22:10:43.989 [Forwarding getElementTagName on session 67bc67c04997bbfb79f63901becb6890 to remote] DEBUG org.asynchttpclient.netty.request.NettyRequestSender - Using open Channel [id: 0x5ba89056, L:/127.0.0.1:61259 - R:localhost/127.0.0.1:49429] for GET '/session/67bc67c04997bbfb79f63901becb6890/element/f713907d-1920-4783-b01d-3fa60b5cd7f0/name'
22:10:43.991 [AsyncHttpClient-1-8] DEBUG org.asynchttpclient.netty.handler.HttpHandler - 

Request DefaultFullHttpRequest(decodeResult: success, version: HTTP/1.1, content: EmptyByteBufBE)
GET /session/67bc67c04997bbfb79f63901becb6890/element/f713907d-1920-4783-b01d-3fa60b5cd7f0/name HTTP/1.1
User-Agent: selenium/4.1.2 (java windows)
Cache-Control: no-cache
Content-Type: application/json; charset=utf-8
host: localhost:49429
accept: */*

Response DefaultHttpResponse(decodeResult: success, version: HTTP/1.1)
HTTP/1.1 200 OK
Content-Type: application/json; charset=utf-8
cache-control: no-cache
content-length: 16

22:10:43.992 [AsyncHttpClient-1-8] DEBUG org.asynchttpclient.netty.channel.ChannelManager - Adding key: http://localhost:49429 for channel [id: 0x5ba89056, L:/127.0.0.1:61259 - R:localhost/127.0.0.1:49429]
22:10:43.994 [Forwarding findElement on session 67bc67c04997bbfb79f63901becb6890 to remote] DEBUG org.asynchttpclient.netty.request.NettyRequestSender - Using pooled Channel '[id: 0x5ba89056, L:/127.0.0.1:61259 - R:localhost/127.0.0.1:49429]' for 'POST' to 'http://localhost:49429/session/67bc67c04997bbfb79f63901becb6890/element'
22:10:43.994 [Forwarding findElement on session 67bc67c04997bbfb79f63901becb6890 to remote] DEBUG org.asynchttpclient.netty.request.NettyRequestSender - Using open Channel [id: 0x5ba89056, L:/127.0.0.1:61259 - R:localhost/127.0.0.1:49429] for POST '/session/67bc67c04997bbfb79f63901becb6890/element'
22:10:44.000 [AsyncHttpClient-1-8] DEBUG org.asynchttpclient.netty.handler.HttpHandler - 

Request DefaultHttpRequest(decodeResult: success, version: HTTP/1.1)
POST /session/67bc67c04997bbfb79f63901becb6890/element HTTP/1.1
User-Agent: selenium/4.1.2 (java windows)
Content-Length: 81
Content-Type: application/json; charset=utf-8
host: localhost:49429
accept: */*

Response DefaultHttpResponse(decodeResult: success, version: HTTP/1.1)
HTTP/1.1 200 OK
Content-Type: application/json; charset=utf-8
cache-control: no-cache
content-length: 88

22:10:44.000 [AsyncHttpClient-1-8] DEBUG org.asynchttpclient.netty.channel.ChannelManager - Adding key: http://localhost:49429 for channel [id: 0x5ba89056, L:/127.0.0.1:61259 - R:localhost/127.0.0.1:49429]
22:10:44.002 [Forwarding clickElement on session 67bc67c04997bbfb79f63901becb6890 to remote] DEBUG org.asynchttpclient.netty.request.NettyRequestSender - Using pooled Channel '[id: 0x5ba89056, L:/127.0.0.1:61259 - R:localhost/127.0.0.1:49429]' for 'POST' to 'http://localhost:49429/session/67bc67c04997bbfb79f63901becb6890/element/f713907d-1920-4783-b01d-3fa60b5cd7f0/click'
22:10:44.003 [Forwarding clickElement on session 67bc67c04997bbfb79f63901becb6890 to remote] DEBUG org.asynchttpclient.netty.request.NettyRequestSender - Using open Channel [id: 0x5ba89056, L:/127.0.0.1:61259 - R:localhost/127.0.0.1:49429] for POST '/session/67bc67c04997bbfb79f63901becb6890/element/f713907d-1920-4783-b01d-3fa60b5cd7f0/click'
22:10:44.430 [AsyncHttpClient-1-8] DEBUG org.asynchttpclient.netty.handler.HttpHandler - 

Request DefaultHttpRequest(decodeResult: success, version: HTTP/1.1)
POST /session/67bc67c04997bbfb79f63901becb6890/element/f713907d-1920-4783-b01d-3fa60b5cd7f0/click HTTP/1.1
User-Agent: selenium/4.1.2 (java windows)
Content-Length: 50
Content-Type: application/json; charset=utf-8
host: localhost:49429
accept: */*

Response DefaultHttpResponse(decodeResult: success, version: HTTP/1.1)
HTTP/1.1 200 OK
Content-Type: application/json; charset=utf-8
cache-control: no-cache
content-length: 14

22:10:44.430 [AsyncHttpClient-1-8] DEBUG org.asynchttpclient.netty.channel.ChannelManager - Adding key: http://localhost:49429 for channel [id: 0x5ba89056, L:/127.0.0.1:61259 - R:localhost/127.0.0.1:49429]
  &amp#27;[32mThen &amp#27;[0m&amp#27;[32mI click baby on the header&amp#27;[0m &amp#27;[90m# starter.stepdefinitions.BabyStep.iClickBabyOnTheHeader()&amp#27;[0m
22:10:44.441 [Forwarding screenshot on session 67bc67c04997bbfb79f63901becb6890 to remote] DEBUG org.asynchttpclient.netty.request.NettyRequestSender - Using pooled Channel '[id: 0x5ba89056, L:/127.0.0.1:61259 - R:localhost/127.0.0.1:49429]' for 'GET' to 'http://localhost:49429/session/67bc67c04997bbfb79f63901becb6890/screenshot'
22:10:44.441 [Forwarding screenshot on session 67bc67c04997bbfb79f63901becb6890 to remote] DEBUG org.asynchttpclient.netty.request.NettyRequestSender - Using open Channel [id: 0x5ba89056, L:/127.0.0.1:61259 - R:localhost/127.0.0.1:49429] for GET '/session/67bc67c04997bbfb79f63901becb6890/screenshot'
22:10:44.638 [AsyncHttpClient-1-1] DEBUG org.asynchttpclient.netty.channel.DefaultChannelPool - Entry count for : http://localhost:61260 : 1
22:10:45.160 [AsyncHttpClient-1-8] DEBUG org.asynchttpclient.netty.handler.HttpHandler - 

Request DefaultFullHttpRequest(decodeResult: success, version: HTTP/1.1, content: EmptyByteBufBE)
GET /session/67bc67c04997bbfb79f63901becb6890/screenshot HTTP/1.1
User-Agent: selenium/4.1.2 (java windows)
Cache-Control: no-cache
Content-Type: application/json; charset=utf-8
host: localhost:49429
accept: */*

Response DefaultHttpResponse(decodeResult: success, version: HTTP/1.1)
HTTP/1.1 200 OK
Content-Type: application/json; charset=utf-8
cache-control: no-cache
content-length: 137772

22:10:45.162 [AsyncHttpClient-1-8] DEBUG org.asynchttpclient.netty.channel.ChannelManager - Adding key: http://localhost:49429 for channel [id: 0x5ba89056, L:/127.0.0.1:61259 - R:localhost/127.0.0.1:49429]
22:10:45.169 [main] DEBUG net.serenitybdd.core.photography.Darkroom - Send negative for processing for target\site\serenity\1d0dc1851483b55094665f03df66de1db014ec727307af8236a43460ccbcfe6b.png
22:10:45.169 [Darkroom Processing Line] DEBUG net.serenitybdd.core.photography.DarkroomProcessingLine - Processing screenshot image in /var/screenshots/screenshot-4274594900451104988
22:10:45.169 [Darkroom Processing Line] DEBUG net.serenitybdd.core.photography.DarkroomProcessingLine - Saving screenshot to target\site\serenity\1d0dc1851483b55094665f03df66de1db014ec727307af8236a43460ccbcfe6b.png
22:10:45.181 [Forwarding findElement on session 67bc67c04997bbfb79f63901becb6890 to remote] DEBUG org.asynchttpclient.netty.request.NettyRequestSender - Using pooled Channel '[id: 0x5ba89056, L:/127.0.0.1:61259 - R:localhost/127.0.0.1:49429]' for 'POST' to 'http://localhost:49429/session/67bc67c04997bbfb79f63901becb6890/element'
22:10:45.181 [Forwarding findElement on session 67bc67c04997bbfb79f63901becb6890 to remote] DEBUG org.asynchttpclient.netty.request.NettyRequestSender - Using open Channel [id: 0x5ba89056, L:/127.0.0.1:61259 - R:localhost/127.0.0.1:49429] for POST '/session/67bc67c04997bbfb79f63901becb6890/element'
22:10:45.260 [AsyncHttpClient-1-8] DEBUG org.asynchttpclient.netty.handler.HttpHandler - 

Request DefaultHttpRequest(decodeResult: success, version: HTTP/1.1)
POST /session/67bc67c04997bbfb79f63901becb6890/element HTTP/1.1
User-Agent: selenium/4.1.2 (java windows)
Content-Length: 107
Content-Type: application/json; charset=utf-8
host: localhost:49429
accept: */*

Response DefaultHttpResponse(decodeResult: success, version: HTTP/1.1)
HTTP/1.1 200 OK
Content-Type: application/json; charset=utf-8
cache-control: no-cache
content-length: 88

22:10:45.260 [AsyncHttpClient-1-8] DEBUG org.asynchttpclient.netty.channel.ChannelManager - Adding key: http://localhost:49429 for channel [id: 0x5ba89056, L:/127.0.0.1:61259 - R:localhost/127.0.0.1:49429]
22:10:45.263 [Forwarding getElementTagName on session 67bc67c04997bbfb79f63901becb6890 to remote] DEBUG org.asynchttpclient.netty.request.NettyRequestSender - Using pooled Channel '[id: 0x5ba89056, L:/127.0.0.1:61259 - R:localhost/127.0.0.1:49429]' for 'GET' to 'http://localhost:49429/session/67bc67c04997bbfb79f63901becb6890/element/f37ada5f-48cd-4a00-8269-442748ea3532/name'
22:10:45.263 [Forwarding getElementTagName on session 67bc67c04997bbfb79f63901becb6890 to remote] DEBUG org.asynchttpclient.netty.request.NettyRequestSender - Using open Channel [id: 0x5ba89056, L:/127.0.0.1:61259 - R:localhost/127.0.0.1:49429] for GET '/session/67bc67c04997bbfb79f63901becb6890/element/f37ada5f-48cd-4a00-8269-442748ea3532/name'
22:10:45.279 [AsyncHttpClient-1-8] DEBUG org.asynchttpclient.netty.handler.HttpHandler - 

Request DefaultFullHttpRequest(decodeResult: success, version: HTTP/1.1, content: EmptyByteBufBE)
GET /session/67bc67c04997bbfb79f63901becb6890/element/f37ada5f-48cd-4a00-8269-442748ea3532/name HTTP/1.1
User-Agent: selenium/4.1.2 (java windows)
Cache-Control: no-cache
Content-Type: application/json; charset=utf-8
host: localhost:49429
accept: */*

Response DefaultHttpResponse(decodeResult: success, version: HTTP/1.1)
HTTP/1.1 200 OK
Content-Type: application/json; charset=utf-8
cache-control: no-cache
content-length: 16

22:10:45.279 [AsyncHttpClient-1-8] DEBUG org.asynchttpclient.netty.channel.ChannelManager - Adding key: http://localhost:49429 for channel [id: 0x5ba89056, L:/127.0.0.1:61259 - R:localhost/127.0.0.1:49429]
22:10:45.281 [Forwarding getElementTagName on session 67bc67c04997bbfb79f63901becb6890 to remote] DEBUG org.asynchttpclient.netty.request.NettyRequestSender - Using pooled Channel '[id: 0x5ba89056, L:/127.0.0.1:61259 - R:localhost/127.0.0.1:49429]' for 'GET' to 'http://localhost:49429/session/67bc67c04997bbfb79f63901becb6890/element/f37ada5f-48cd-4a00-8269-442748ea3532/name'
22:10:45.281 [Forwarding getElementTagName on session 67bc67c04997bbfb79f63901becb6890 to remote] DEBUG org.asynchttpclient.netty.request.NettyRequestSender - Using open Channel [id: 0x5ba89056, L:/127.0.0.1:61259 - R:localhost/127.0.0.1:49429] for GET '/session/67bc67c04997bbfb79f63901becb6890/element/f37ada5f-48cd-4a00-8269-442748ea3532/name'
22:10:45.284 [AsyncHttpClient-1-8] DEBUG org.asynchttpclient.netty.handler.HttpHandler - 

Request DefaultFullHttpRequest(decodeResult: success, version: HTTP/1.1, content: EmptyByteBufBE)
GET /session/67bc67c04997bbfb79f63901becb6890/element/f37ada5f-48cd-4a00-8269-442748ea3532/name HTTP/1.1
User-Agent: selenium/4.1.2 (java windows)
Cache-Control: no-cache
Content-Type: application/json; charset=utf-8
host: localhost:49429
accept: */*

Response DefaultHttpResponse(decodeResult: success, version: HTTP/1.1)
HTTP/1.1 200 OK
Content-Type: application/json; charset=utf-8
cache-control: no-cache
content-length: 16

22:10:45.284 [AsyncHttpClient-1-8] DEBUG org.asynchttpclient.netty.channel.ChannelManager - Adding key: http://localhost:49429 for channel [id: 0x5ba89056, L:/127.0.0.1:61259 - R:localhost/127.0.0.1:49429]
22:10:45.288 [Forwarding findElement on session 67bc67c04997bbfb79f63901becb6890 to remote] DEBUG org.asynchttpclient.netty.request.NettyRequestSender - Using pooled Channel '[id: 0x5ba89056, L:/127.0.0.1:61259 - R:localhost/127.0.0.1:49429]' for 'POST' to 'http://localhost:49429/session/67bc67c04997bbfb79f63901becb6890/element'
22:10:45.288 [Forwarding findElement on session 67bc67c04997bbfb79f63901becb6890 to remote] DEBUG org.asynchttpclient.netty.request.NettyRequestSender - Using open Channel [id: 0x5ba89056, L:/127.0.0.1:61259 - R:localhost/127.0.0.1:49429] for POST '/session/67bc67c04997bbfb79f63901becb6890/element'
22:10:45.300 [AsyncHttpClient-1-8] DEBUG org.asynchttpclient.netty.handler.HttpHandler - 

Request DefaultHttpRequest(decodeResult: success, version: HTTP/1.1)
POST /session/67bc67c04997bbfb79f63901becb6890/element HTTP/1.1
User-Agent: selenium/4.1.2 (java windows)
Content-Length: 107
Content-Type: application/json; charset=utf-8
host: localhost:49429
accept: */*

Response DefaultHttpResponse(decodeResult: success, version: HTTP/1.1)
HTTP/1.1 200 OK
Content-Type: application/json; charset=utf-8
cache-control: no-cache
content-length: 88

22:10:45.300 [AsyncHttpClient-1-8] DEBUG org.asynchttpclient.netty.channel.ChannelManager - Adding key: http://localhost:49429 for channel [id: 0x5ba89056, L:/127.0.0.1:61259 - R:localhost/127.0.0.1:49429]
22:10:45.302 [Forwarding clickElement on session 67bc67c04997bbfb79f63901becb6890 to remote] DEBUG org.asynchttpclient.netty.request.NettyRequestSender - Using pooled Channel '[id: 0x5ba89056, L:/127.0.0.1:61259 - R:localhost/127.0.0.1:49429]' for 'POST' to 'http://localhost:49429/session/67bc67c04997bbfb79f63901becb6890/element/f37ada5f-48cd-4a00-8269-442748ea3532/click'
22:10:45.302 [Forwarding clickElement on session 67bc67c04997bbfb79f63901becb6890 to remote] DEBUG org.asynchttpclient.netty.request.NettyRequestSender - Using open Channel [id: 0x5ba89056, L:/127.0.0.1:61259 - R:localhost/127.0.0.1:49429] for POST '/session/67bc67c04997bbfb79f63901becb6890/element/f37ada5f-48cd-4a00-8269-442748ea3532/click'
22:10:45.564 [AsyncHttpClient-1-8] DEBUG org.asynchttpclient.netty.handler.HttpHandler - 

Request DefaultHttpRequest(decodeResult: success, version: HTTP/1.1)
POST /session/67bc67c04997bbfb79f63901becb6890/element/f37ada5f-48cd-4a00-8269-442748ea3532/click HTTP/1.1
User-Agent: selenium/4.1.2 (java windows)
Content-Length: 50
Content-Type: application/json; charset=utf-8
host: localhost:49429
accept: */*

Response DefaultHttpResponse(decodeResult: success, version: HTTP/1.1)
HTTP/1.1 200 OK
Content-Type: application/json; charset=utf-8
cache-control: no-cache
content-length: 14

22:10:45.565 [AsyncHttpClient-1-8] DEBUG org.asynchttpclient.netty.channel.ChannelManager - Adding key: http://localhost:49429 for channel [id: 0x5ba89056, L:/127.0.0.1:61259 - R:localhost/127.0.0.1:49429]
  &amp#27;[32mWhen &amp#27;[0m&amp#27;[32mI will go to &amp#27;[0m&amp#27;[32m&amp#27;[1m"aksesoris1"&amp#27;[0m  &amp#27;[90m# starter.stepdefinitions.BabyStep.iWillGoTo(java.lang.String)&amp#27;[0m
22:10:45.578 [Forwarding screenshot on session 67bc67c04997bbfb79f63901becb6890 to remote] DEBUG org.asynchttpclient.netty.request.NettyRequestSender - Using pooled Channel '[id: 0x5ba89056, L:/127.0.0.1:61259 - R:localhost/127.0.0.1:49429]' for 'GET' to 'http://localhost:49429/session/67bc67c04997bbfb79f63901becb6890/screenshot'
22:10:45.578 [Forwarding screenshot on session 67bc67c04997bbfb79f63901becb6890 to remote] DEBUG org.asynchttpclient.netty.request.NettyRequestSender - Using open Channel [id: 0x5ba89056, L:/127.0.0.1:61259 - R:localhost/127.0.0.1:49429] for GET '/session/67bc67c04997bbfb79f63901becb6890/screenshot'
22:10:45.738 [AsyncHttpClient-1-1] DEBUG org.asynchttpclient.netty.channel.DefaultChannelPool - Entry count for : http://localhost:61260 : 1
22:10:45.861 [AsyncHttpClient-1-8] DEBUG org.asynchttpclient.netty.handler.HttpHandler - 

Request DefaultFullHttpRequest(decodeResult: success, version: HTTP/1.1, content: EmptyByteBufBE)
GET /session/67bc67c04997bbfb79f63901becb6890/screenshot HTTP/1.1
User-Agent: selenium/4.1.2 (java windows)
Cache-Control: no-cache
Content-Type: application/json; charset=utf-8
host: localhost:49429
accept: */*

Response DefaultHttpResponse(decodeResult: success, version: HTTP/1.1)
HTTP/1.1 200 OK
Content-Type: application/json; charset=utf-8
cache-control: no-cache
content-length: 79428

22:10:45.861 [AsyncHttpClient-1-8] DEBUG org.asynchttpclient.netty.channel.ChannelManager - Adding key: http://localhost:49429 for channel [id: 0x5ba89056, L:/127.0.0.1:61259 - R:localhost/127.0.0.1:49429]
22:10:45.865 [main] DEBUG net.serenitybdd.core.photography.Darkroom - Send negative for processing for target\site\serenity\cfcfee70dda7267c162cbfc8484922f5dbfcc03baf9c30c275842efab4779eba.png
22:10:45.865 [Darkroom Processing Line] DEBUG net.serenitybdd.core.photography.DarkroomProcessingLine - Processing screenshot image in /var/screenshots/screenshot-16380558330220397409
22:10:45.865 [Darkroom Processing Line] DEBUG net.serenitybdd.core.photography.DarkroomProcessingLine - Saving screenshot to target\site\serenity\cfcfee70dda7267c162cbfc8484922f5dbfcc03baf9c30c275842efab4779eba.png
  &amp#27;[32mAnd &amp#27;[0m&amp#27;[32mI &amp#27;[0m&amp#27;[32m&amp#27;[1m"txtAksesoris1"&amp#27;[0m&amp#27;[32m page&amp#27;[0m      &amp#27;[90m# starter.stepdefinitions.BabyStep.iPage(java.lang.String)&amp#27;[0m
22:10:45.887 [AsyncHttpClient-1-10] DEBUG org.asynchttpclient.netty.handler.WebSocketHandler - Channel Closed: [id: 0x059c657f, L:/127.0.0.1:61269 ! R:localhost/127.0.0.1:61260] with attribute NettyResponseFuture{currentRetry=5,
	isDone=1,
	isCancelled=0,
	asyncHandler=org.asynchttpclient.ws.WebSocketUpgradeHandler@7350619,
	nettyRequest=org.asynchttpclient.netty.request.NettyRequest@4237889b,
	future=java.util.concurrent.CompletableFuture@24770391[Completed normally],
	uri=ws://localhost:61260/devtools/browser/3e2f880e-0b4e-4609-b9f9-97e3b284b641,
	keepAlive=true,
	redirectCount=0,
	timeoutsHolder=null,
	inAuth=0,
	touch=1680707431067}
22:10:45.887 [AsyncHttpClient-1-10] DEBUG org.asynchttpclient.netty.channel.ChannelManager - Closing Channel [id: 0x059c657f, L:/127.0.0.1:61269 ! R:localhost/127.0.0.1:61260] 
22:10:45.887 [Driver Command Executor] DEBUG org.asynchttpclient.netty.request.NettyRequestSender - Using pooled Channel '[id: 0x5ba89056, L:/127.0.0.1:61259 - R:localhost/127.0.0.1:49429]' for 'DELETE' to 'http://localhost:49429/session/67bc67c04997bbfb79f63901becb6890'
22:10:45.887 [Driver Command Executor] DEBUG org.asynchttpclient.netty.request.NettyRequestSender - Using open Channel [id: 0x5ba89056, L:/127.0.0.1:61259 - R:localhost/127.0.0.1:49429] for DELETE '/session/67bc67c04997bbfb79f63901becb6890'
22:10:45.927 [AsyncHttpClient-1-9] DEBUG org.asynchttpclient.netty.handler.HttpHandler - Unexpected I/O exception on channel [id: 0xdafb3639, L:/127.0.0.1:61268 - R:localhost/127.0.0.1:61260]
java.net.SocketException: Connection reset
	at java.base/sun.nio.ch.SocketChannelImpl.throwConnectionReset(SocketChannelImpl.java:345)
	at java.base/sun.nio.ch.SocketChannelImpl.read(SocketChannelImpl.java:376)
	at io.netty.buffer.PooledByteBuf.setBytes(PooledByteBuf.java:258)
	at io.netty.buffer.AbstractByteBuf.writeBytes(AbstractByteBuf.java:1132)
	at io.netty.channel.socket.nio.NioSocketChannel.doReadBytes(NioSocketChannel.java:350)
	at io.netty.channel.nio.AbstractNioByteChannel$NioByteUnsafe.read(AbstractNioByteChannel.java:151)
	at io.netty.channel.nio.NioEventLoop.processSelectedKey(NioEventLoop.java:722)
	at io.netty.channel.nio.NioEventLoop.processSelectedKeysOptimized(NioEventLoop.java:658)
	at io.netty.channel.nio.NioEventLoop.processSelectedKeys(NioEventLoop.java:584)
	at io.netty.channel.nio.NioEventLoop.run(NioEventLoop.java:496)
	at io.netty.util.concurrent.SingleThreadEventExecutor$4.run(SingleThreadEventExecutor.java:986)
	at io.netty.util.internal.ThreadExecutorMap$2.run(ThreadExecutorMap.java:74)
	at io.netty.util.concurrent.FastThreadLocalRunnable.run(FastThreadLocalRunnable.java:30)
	at java.base/java.lang.Thread.run(Thread.java:830)
22:10:45.927 [AsyncHttpClient-1-9] DEBUG org.asynchttpclient.netty.channel.ChannelManager - Closing Channel [id: 0xdafb3639, L:/127.0.0.1:61268 - R:localhost/127.0.0.1:61260] 
22:10:45.927 [AsyncHttpClient-1-9] DEBUG org.asynchttpclient.netty.handler.HttpHandler - Channel Closed: [id: 0xdafb3639, L:/127.0.0.1:61268 ! R:localhost/127.0.0.1:61260] with attribute DISCARD
22:10:45.945 [AsyncHttpClient-1-8] DEBUG org.asynchttpclient.netty.handler.HttpHandler - 

Request DefaultFullHttpRequest(decodeResult: success, version: HTTP/1.1, content: EmptyByteBufBE)
DELETE /session/67bc67c04997bbfb79f63901becb6890 HTTP/1.1
User-Agent: selenium/4.1.2 (java windows)
Content-Type: application/json; charset=utf-8
host: localhost:49429
accept: */*

Response DefaultHttpResponse(decodeResult: success, version: HTTP/1.1)
HTTP/1.1 200 OK
Content-Type: application/json; charset=utf-8
cache-control: no-cache
content-length: 14

22:10:45.946 [AsyncHttpClient-1-8] DEBUG org.asynchttpclient.netty.channel.ChannelManager - Adding key: http://localhost:49429 for channel [id: 0x5ba89056, L:/127.0.0.1:61259 - R:localhost/127.0.0.1:49429]
22:10:46.077 [AsyncHttpClient-1-8] DEBUG org.asynchttpclient.netty.handler.HttpHandler - Channel Closed: [id: 0x5ba89056, L:/127.0.0.1:61259 ! R:localhost/127.0.0.1:49429] with attribute DISCARD
]]></system-out>
    <system-err><![CDATA[Starting Microsoft Edge WebDriver 111.0.1661.62 (0a8f453929e6410c973aa529a40485ce4e3e03db) on port 49429
To submit feedback, report a bug, or suggest new features, please visit https://github.com/MicrosoftEdge/EdgeWebDriver

Only local connections are allowed.
Please see https://aka.ms/WebDriverSecurity for suggestions on keeping Microsoft Edge WebDriver safe.

Microsoft Edge WebDriver was started successfully.
Apr 05, 2023 10:10:31 PM org.openqa.selenium.remote.ProtocolHandshake createSession
INFO: Detected dialect: W3C
Apr 05, 2023 10:10:31 PM org.openqa.selenium.devtools.CdpVersionFinder findNearestMatch
WARNING: Unable to find an exact match for CDP version 111, so returning the closest version found: a no-op implementation
Apr 05, 2023 10:10:31 PM org.openqa.selenium.devtools.CdpVersionFinder findNearestMatch
INFO: Unable to find CDP implementation matching 111.
Apr 05, 2023 10:10:31 PM org.openqa.selenium.chromium.ChromiumDriver lambda$new$3
WARNING: Unable to find version of CDP to use for . You may need to include a dependency on a specific version of the CDP using something similar to `org.seleniumhq.selenium:selenium-devtools-v86:4.1.2` where the version ("v86") matches the version of the chromium-based browser you're using and the version number of the artifact is the same as Selenium's.
]]></system-err>
  </testcase>
  <testcase name="Fitur Menu Baby #4" classname="Baby" time="13.196">
    <system-out><![CDATA[
Scenario Outline: Fitur Menu Baby    &amp#27;[90m# src/test/resources/features/Baby.feature:96&amp#27;[0m
22:10:46.663 [main] INFO io.cucumber.core.plugin.SerenityReporter - Running feature from file:///C:/Users/alwi/IdeaProjects/uniqloweb/src/test/resources/features/Baby.feature
22:10:46.786 [main] DEBUG io.github.bonigarcia.wdm.cache.ResolutionCache - Resolution edge=111 in cache (valid until 23:09:49 05/04/2023 WIB)
22:10:46.790 [main] DEBUG io.github.bonigarcia.wdm.cache.ResolutionCache - Resolution edge111=111.0.1661.62 in cache (valid until 15:17:30 06/04/2023 WIB)
22:10:46.793 [main] INFO io.github.bonigarcia.wdm.WebDriverManager - Using msedgedriver 111.0.1661.62 (resolved driver for Edge 111)
22:10:46.804 [main] DEBUG io.github.bonigarcia.wdm.WebDriverManager - Driver msedgedriver 111.0.1661.62 found in cache
22:10:46.805 [main] INFO io.github.bonigarcia.wdm.WebDriverManager - Exporting webdriver.edge.driver as C:\Users\alwi\.cache\selenium\msedgedriver\win64\111.0.1661.62\msedgedriver.exe
22:10:46.807 [main] DEBUG net.serenitybdd.core.webdriver.driverproviders.ProvideNewDriver - Instantiating driver
22:10:46.807 [main] DEBUG net.serenitybdd.core.webdriver.driverproviders.ProvideNewDriver - Driver capabilities: Capabilities {base.url: https://www.uniqlo.com, chrome.driver: src/test/resources/webdrive..., driver: edge, ms:edgeChromium: true, ms:edgeOptions: {}, wait.for.timeout: 6000}
22:10:46.844 [AsyncHttpClient-1-1] DEBUG org.asynchttpclient.netty.channel.DefaultChannelPool - Entry count for : http://localhost:61260 : 1
22:10:46.844 [AsyncHttpClient-1-1] DEBUG org.asynchttpclient.netty.channel.DefaultChannelPool - Entry count for : http://localhost:49429 : 1
22:10:46.844 [AsyncHttpClient-1-1] DEBUG org.asynchttpclient.netty.channel.DefaultChannelPool - Adding Candidate expired Channel [id: 0xdafb3639, L:/127.0.0.1:61268 ! R:localhost/127.0.0.1:61260] isIdleTimeoutExpired=false isRemotelyClosed=true isTtlExpired=false
22:10:46.844 [AsyncHttpClient-1-1] DEBUG org.asynchttpclient.netty.channel.DefaultChannelPool - Closing Idle Channel [id: 0xdafb3639, L:/127.0.0.1:61268 ! R:localhost/127.0.0.1:61260]
22:10:46.844 [AsyncHttpClient-1-1] DEBUG org.asynchttpclient.netty.channel.DefaultChannelPool - Adding Candidate expired Channel [id: 0x5ba89056, L:/127.0.0.1:61259 ! R:localhost/127.0.0.1:49429] isIdleTimeoutExpired=false isRemotelyClosed=true isTtlExpired=false
22:10:46.844 [AsyncHttpClient-1-1] DEBUG org.asynchttpclient.netty.channel.DefaultChannelPool - Closing Idle Channel [id: 0x5ba89056, L:/127.0.0.1:61259 ! R:localhost/127.0.0.1:49429]
22:10:46.844 [AsyncHttpClient-1-1] DEBUG org.asynchttpclient.netty.channel.DefaultChannelPool - Closed 2 connections out of 2 in 0 ms
22:10:47.356 [AsyncHttpClient-1-11] DEBUG org.asynchttpclient.netty.channel.NettyConnectListener - Using new Channel '[id: 0x1384451e, L:/127.0.0.1:61400 - R:localhost/127.0.0.1:54080]' for 'POST' to '/session'
22:10:47.962 [AsyncHttpClient-1-11] DEBUG org.asynchttpclient.netty.handler.HttpHandler - 

Request DefaultHttpRequest(decodeResult: success, version: HTTP/1.1)
POST /session HTTP/1.1
User-Agent: selenium/4.1.2 (java windows)
Content-Length: 627
Content-Type: application/json; charset=utf-8
host: localhost:54080
accept: */*

Response DefaultHttpResponse(decodeResult: success, version: HTTP/1.1)
HTTP/1.1 200 OK
Content-Type: application/json; charset=utf-8
cache-control: no-cache
content-length: 824

22:10:47.962 [AsyncHttpClient-1-11] DEBUG org.asynchttpclient.netty.channel.ChannelManager - Adding key: http://localhost:54080 for channel [id: 0x1384451e, L:/127.0.0.1:61400 - R:localhost/127.0.0.1:54080]
22:10:47.970 [AsyncHttpClient-1-12] DEBUG org.asynchttpclient.netty.channel.NettyConnectListener - Using new Channel '[id: 0xdce1e017, L:/127.0.0.1:61407 - R:localhost/127.0.0.1:61401]' for 'GET' to '/json/version'
22:10:47.974 [AsyncHttpClient-1-12] DEBUG org.asynchttpclient.netty.handler.HttpHandler - 

Request DefaultFullHttpRequest(decodeResult: success, version: HTTP/1.1, content: EmptyByteBufBE)
GET /json/version HTTP/1.1
User-Agent: selenium/4.1.2 (java windows)
host: localhost:61401
accept: */*

Response DefaultHttpResponse(decodeResult: success, version: HTTP/1.1)
HTTP/1.1 200 OK
Content-Security-Policy: frame-ancestors 'none'
Content-Type: application/json; charset=UTF-8
content-length: 436

22:10:47.974 [AsyncHttpClient-1-12] DEBUG org.asynchttpclient.netty.channel.ChannelManager - Adding key: http://localhost:61401 for channel [id: 0xdce1e017, L:/127.0.0.1:61407 - R:localhost/127.0.0.1:61401]
22:10:47.980 [AsyncHttpClient-1-13] DEBUG org.asynchttpclient.netty.channel.NettyConnectListener - Using new Channel '[id: 0x019df676, L:/127.0.0.1:61408 - R:localhost/127.0.0.1:61401]' for 'GET' to '/devtools/browser/5d3ab416-8ed9-4c0c-b29b-b6dc15eca8da'
22:10:47.986 [AsyncHttpClient-1-13] DEBUG org.asynchttpclient.netty.handler.WebSocketHandler - 

Request DefaultFullHttpRequest(decodeResult: success, version: HTTP/1.1, content: EmptyByteBufBE)
GET /devtools/browser/5d3ab416-8ed9-4c0c-b29b-b6dc15eca8da HTTP/1.1
upgrade: websocket
connection: upgrade
sec-websocket-key: ZESALjnGrfyqDfzRcKcsRQ==
sec-websocket-version: 13
origin: http://localhost:61401
host: localhost:61401
accept: */*
user-agent: AHC/2.1

Response DefaultHttpResponse(decodeResult: success, version: HTTP/1.1)
HTTP/1.1 101 WebSocket Protocol Handshake
Upgrade: WebSocket
Connection: Upgrade
Sec-WebSocket-Accept: dhe5gDbsSmsREtG1ix/WidjcuSg=

22:10:47.993 [Forwarding get on session 9fedb2a36fad2e00743eb8fa43fcd74d to remote] DEBUG org.asynchttpclient.netty.request.NettyRequestSender - Using pooled Channel '[id: 0x1384451e, L:/127.0.0.1:61400 - R:localhost/127.0.0.1:54080]' for 'POST' to 'http://localhost:54080/session/9fedb2a36fad2e00743eb8fa43fcd74d/url'
22:10:47.994 [Forwarding get on session 9fedb2a36fad2e00743eb8fa43fcd74d to remote] DEBUG org.asynchttpclient.netty.request.NettyRequestSender - Using open Channel [id: 0x1384451e, L:/127.0.0.1:61400 - R:localhost/127.0.0.1:54080] for POST '/session/9fedb2a36fad2e00743eb8fa43fcd74d/url'
22:10:49.040 [AsyncHttpClient-1-1] DEBUG org.asynchttpclient.netty.channel.DefaultChannelPool - Entry count for : http://localhost:61401 : 1
22:10:50.140 [AsyncHttpClient-1-1] DEBUG org.asynchttpclient.netty.channel.DefaultChannelPool - Entry count for : http://localhost:61401 : 1
22:10:51.237 [AsyncHttpClient-1-1] DEBUG org.asynchttpclient.netty.channel.DefaultChannelPool - Entry count for : http://localhost:61401 : 1
22:10:52.342 [AsyncHttpClient-1-1] DEBUG org.asynchttpclient.netty.channel.DefaultChannelPool - Entry count for : http://localhost:61401 : 1
22:10:53.437 [AsyncHttpClient-1-1] DEBUG org.asynchttpclient.netty.channel.DefaultChannelPool - Entry count for : http://localhost:61401 : 1
22:10:54.537 [AsyncHttpClient-1-1] DEBUG org.asynchttpclient.netty.channel.DefaultChannelPool - Entry count for : http://localhost:61401 : 1
22:10:55.639 [AsyncHttpClient-1-1] DEBUG org.asynchttpclient.netty.channel.DefaultChannelPool - Entry count for : http://localhost:61401 : 1
22:10:56.746 [AsyncHttpClient-1-1] DEBUG org.asynchttpclient.netty.channel.DefaultChannelPool - Entry count for : http://localhost:61401 : 1
22:10:56.805 [AsyncHttpClient-1-11] DEBUG org.asynchttpclient.netty.handler.HttpHandler - 

Request DefaultHttpRequest(decodeResult: success, version: HTTP/1.1)
POST /session/9fedb2a36fad2e00743eb8fa43fcd74d/url HTTP/1.1
User-Agent: selenium/4.1.2 (java windows)
Content-Length: 53
Content-Type: application/json; charset=utf-8
host: localhost:54080
accept: */*

Response DefaultHttpResponse(decodeResult: success, version: HTTP/1.1)
HTTP/1.1 200 OK
Content-Type: application/json; charset=utf-8
cache-control: no-cache
content-length: 14

22:10:56.805 [AsyncHttpClient-1-11] DEBUG org.asynchttpclient.netty.channel.ChannelManager - Adding key: http://localhost:54080 for channel [id: 0x1384451e, L:/127.0.0.1:61400 - R:localhost/127.0.0.1:54080]
22:10:56.807 [Forwarding setTimeout on session 9fedb2a36fad2e00743eb8fa43fcd74d to remote] DEBUG org.asynchttpclient.netty.request.NettyRequestSender - Using pooled Channel '[id: 0x1384451e, L:/127.0.0.1:61400 - R:localhost/127.0.0.1:54080]' for 'POST' to 'http://localhost:54080/session/9fedb2a36fad2e00743eb8fa43fcd74d/timeouts'
22:10:56.807 [Forwarding setTimeout on session 9fedb2a36fad2e00743eb8fa43fcd74d to remote] DEBUG org.asynchttpclient.netty.request.NettyRequestSender - Using open Channel [id: 0x1384451e, L:/127.0.0.1:61400 - R:localhost/127.0.0.1:54080] for POST '/session/9fedb2a36fad2e00743eb8fa43fcd74d/timeouts'
22:10:56.809 [AsyncHttpClient-1-11] DEBUG org.asynchttpclient.netty.handler.HttpHandler - 

Request DefaultHttpRequest(decodeResult: success, version: HTTP/1.1)
POST /session/9fedb2a36fad2e00743eb8fa43fcd74d/timeouts HTTP/1.1
User-Agent: selenium/4.1.2 (java windows)
Content-Length: 22
Content-Type: application/json; charset=utf-8
host: localhost:54080
accept: */*

Response DefaultHttpResponse(decodeResult: success, version: HTTP/1.1)
HTTP/1.1 200 OK
Content-Type: application/json; charset=utf-8
cache-control: no-cache
content-length: 14

22:10:56.809 [AsyncHttpClient-1-11] DEBUG org.asynchttpclient.netty.channel.ChannelManager - Adding key: http://localhost:54080 for channel [id: 0x1384451e, L:/127.0.0.1:61400 - R:localhost/127.0.0.1:54080]
22:10:56.814 [Forwarding getCurrentUrl on session 9fedb2a36fad2e00743eb8fa43fcd74d to remote] DEBUG org.asynchttpclient.netty.request.NettyRequestSender - Using pooled Channel '[id: 0x1384451e, L:/127.0.0.1:61400 - R:localhost/127.0.0.1:54080]' for 'GET' to 'http://localhost:54080/session/9fedb2a36fad2e00743eb8fa43fcd74d/url'
22:10:56.814 [Forwarding getCurrentUrl on session 9fedb2a36fad2e00743eb8fa43fcd74d to remote] DEBUG org.asynchttpclient.netty.request.NettyRequestSender - Using open Channel [id: 0x1384451e, L:/127.0.0.1:61400 - R:localhost/127.0.0.1:54080] for GET '/session/9fedb2a36fad2e00743eb8fa43fcd74d/url'
22:10:56.818 [AsyncHttpClient-1-11] DEBUG org.asynchttpclient.netty.handler.HttpHandler - 

Request DefaultFullHttpRequest(decodeResult: success, version: HTTP/1.1, content: EmptyByteBufBE)
GET /session/9fedb2a36fad2e00743eb8fa43fcd74d/url HTTP/1.1
User-Agent: selenium/4.1.2 (java windows)
Cache-Control: no-cache
Content-Type: application/json; charset=utf-8
host: localhost:54080
accept: */*

Response DefaultHttpResponse(decodeResult: success, version: HTTP/1.1)
HTTP/1.1 200 OK
Content-Type: application/json; charset=utf-8
cache-control: no-cache
content-length: 41

22:10:56.818 [AsyncHttpClient-1-11] DEBUG org.asynchttpclient.netty.channel.ChannelManager - Adding key: http://localhost:54080 for channel [id: 0x1384451e, L:/127.0.0.1:61400 - R:localhost/127.0.0.1:54080]
  &amp#27;[32mGiven &amp#27;[0m&amp#27;[32mI am on the home page&amp#27;[0m        &amp#27;[90m# starter.stepdefinitions.BabyStep.iAmOnTheHomePage()&amp#27;[0m
22:10:56.824 [Forwarding screenshot on session 9fedb2a36fad2e00743eb8fa43fcd74d to remote] DEBUG org.asynchttpclient.netty.request.NettyRequestSender - Using pooled Channel '[id: 0x1384451e, L:/127.0.0.1:61400 - R:localhost/127.0.0.1:54080]' for 'GET' to 'http://localhost:54080/session/9fedb2a36fad2e00743eb8fa43fcd74d/screenshot'
22:10:56.824 [Forwarding screenshot on session 9fedb2a36fad2e00743eb8fa43fcd74d to remote] DEBUG org.asynchttpclient.netty.request.NettyRequestSender - Using open Channel [id: 0x1384451e, L:/127.0.0.1:61400 - R:localhost/127.0.0.1:54080] for GET '/session/9fedb2a36fad2e00743eb8fa43fcd74d/screenshot'
22:10:57.170 [AsyncHttpClient-1-11] DEBUG org.asynchttpclient.netty.handler.HttpHandler - 

Request DefaultFullHttpRequest(decodeResult: success, version: HTTP/1.1, content: EmptyByteBufBE)
GET /session/9fedb2a36fad2e00743eb8fa43fcd74d/screenshot HTTP/1.1
User-Agent: selenium/4.1.2 (java windows)
Cache-Control: no-cache
Content-Type: application/json; charset=utf-8
host: localhost:54080
accept: */*

Response DefaultHttpResponse(decodeResult: success, version: HTTP/1.1)
HTTP/1.1 200 OK
Content-Type: application/json; charset=utf-8
cache-control: no-cache
content-length: 1119968

22:10:57.175 [AsyncHttpClient-1-11] DEBUG org.asynchttpclient.netty.channel.ChannelManager - Adding key: http://localhost:54080 for channel [id: 0x1384451e, L:/127.0.0.1:61400 - R:localhost/127.0.0.1:54080]
22:10:57.215 [main] DEBUG net.serenitybdd.core.photography.Darkroom - Send negative for processing for target\site\serenity\3d1b19ad31921c0beae4332facd941fcc81467ad5802877977ec6c100df601ce.png
22:10:57.223 [Forwarding findElement on session 9fedb2a36fad2e00743eb8fa43fcd74d to remote] DEBUG org.asynchttpclient.netty.request.NettyRequestSender - Using pooled Channel '[id: 0x1384451e, L:/127.0.0.1:61400 - R:localhost/127.0.0.1:54080]' for 'POST' to 'http://localhost:54080/session/9fedb2a36fad2e00743eb8fa43fcd74d/element'
22:10:57.223 [Forwarding findElement on session 9fedb2a36fad2e00743eb8fa43fcd74d to remote] DEBUG org.asynchttpclient.netty.request.NettyRequestSender - Using open Channel [id: 0x1384451e, L:/127.0.0.1:61400 - R:localhost/127.0.0.1:54080] for POST '/session/9fedb2a36fad2e00743eb8fa43fcd74d/element'
22:10:57.240 [AsyncHttpClient-1-11] DEBUG org.asynchttpclient.netty.handler.HttpHandler - 

Request DefaultHttpRequest(decodeResult: success, version: HTTP/1.1)
POST /session/9fedb2a36fad2e00743eb8fa43fcd74d/element HTTP/1.1
User-Agent: selenium/4.1.2 (java windows)
Content-Length: 81
Content-Type: application/json; charset=utf-8
host: localhost:54080
accept: */*

Response DefaultHttpResponse(decodeResult: success, version: HTTP/1.1)
HTTP/1.1 200 OK
Content-Type: application/json; charset=utf-8
cache-control: no-cache
content-length: 88

22:10:57.240 [AsyncHttpClient-1-11] DEBUG org.asynchttpclient.netty.channel.ChannelManager - Adding key: http://localhost:54080 for channel [id: 0x1384451e, L:/127.0.0.1:61400 - R:localhost/127.0.0.1:54080]
22:10:57.242 [Forwarding getElementTagName on session 9fedb2a36fad2e00743eb8fa43fcd74d to remote] DEBUG org.asynchttpclient.netty.request.NettyRequestSender - Using pooled Channel '[id: 0x1384451e, L:/127.0.0.1:61400 - R:localhost/127.0.0.1:54080]' for 'GET' to 'http://localhost:54080/session/9fedb2a36fad2e00743eb8fa43fcd74d/element/5a763c94-68b8-4b0c-a0ed-ed483bcf779a/name'
22:10:57.242 [Forwarding getElementTagName on session 9fedb2a36fad2e00743eb8fa43fcd74d to remote] DEBUG org.asynchttpclient.netty.request.NettyRequestSender - Using open Channel [id: 0x1384451e, L:/127.0.0.1:61400 - R:localhost/127.0.0.1:54080] for GET '/session/9fedb2a36fad2e00743eb8fa43fcd74d/element/5a763c94-68b8-4b0c-a0ed-ed483bcf779a/name'
22:10:57.246 [AsyncHttpClient-1-11] DEBUG org.asynchttpclient.netty.handler.HttpHandler - 

Request DefaultFullHttpRequest(decodeResult: success, version: HTTP/1.1, content: EmptyByteBufBE)
GET /session/9fedb2a36fad2e00743eb8fa43fcd74d/element/5a763c94-68b8-4b0c-a0ed-ed483bcf779a/name HTTP/1.1
User-Agent: selenium/4.1.2 (java windows)
Cache-Control: no-cache
Content-Type: application/json; charset=utf-8
host: localhost:54080
accept: */*

Response DefaultHttpResponse(decodeResult: success, version: HTTP/1.1)
HTTP/1.1 200 OK
Content-Type: application/json; charset=utf-8
cache-control: no-cache
content-length: 16

22:10:57.247 [AsyncHttpClient-1-11] DEBUG org.asynchttpclient.netty.channel.ChannelManager - Adding key: http://localhost:54080 for channel [id: 0x1384451e, L:/127.0.0.1:61400 - R:localhost/127.0.0.1:54080]
22:10:57.249 [Forwarding getElementTagName on session 9fedb2a36fad2e00743eb8fa43fcd74d to remote] DEBUG org.asynchttpclient.netty.request.NettyRequestSender - Using pooled Channel '[id: 0x1384451e, L:/127.0.0.1:61400 - R:localhost/127.0.0.1:54080]' for 'GET' to 'http://localhost:54080/session/9fedb2a36fad2e00743eb8fa43fcd74d/element/5a763c94-68b8-4b0c-a0ed-ed483bcf779a/name'
22:10:57.249 [Forwarding getElementTagName on session 9fedb2a36fad2e00743eb8fa43fcd74d to remote] DEBUG org.asynchttpclient.netty.request.NettyRequestSender - Using open Channel [id: 0x1384451e, L:/127.0.0.1:61400 - R:localhost/127.0.0.1:54080] for GET '/session/9fedb2a36fad2e00743eb8fa43fcd74d/element/5a763c94-68b8-4b0c-a0ed-ed483bcf779a/name'
22:10:57.253 [AsyncHttpClient-1-11] DEBUG org.asynchttpclient.netty.handler.HttpHandler - 

Request DefaultFullHttpRequest(decodeResult: success, version: HTTP/1.1, content: EmptyByteBufBE)
GET /session/9fedb2a36fad2e00743eb8fa43fcd74d/element/5a763c94-68b8-4b0c-a0ed-ed483bcf779a/name HTTP/1.1
User-Agent: selenium/4.1.2 (java windows)
Cache-Control: no-cache
Content-Type: application/json; charset=utf-8
host: localhost:54080
accept: */*

Response DefaultHttpResponse(decodeResult: success, version: HTTP/1.1)
HTTP/1.1 200 OK
Content-Type: application/json; charset=utf-8
cache-control: no-cache
content-length: 16

22:10:57.253 [AsyncHttpClient-1-11] DEBUG org.asynchttpclient.netty.channel.ChannelManager - Adding key: http://localhost:54080 for channel [id: 0x1384451e, L:/127.0.0.1:61400 - R:localhost/127.0.0.1:54080]
22:10:57.255 [Forwarding findElement on session 9fedb2a36fad2e00743eb8fa43fcd74d to remote] DEBUG org.asynchttpclient.netty.request.NettyRequestSender - Using pooled Channel '[id: 0x1384451e, L:/127.0.0.1:61400 - R:localhost/127.0.0.1:54080]' for 'POST' to 'http://localhost:54080/session/9fedb2a36fad2e00743eb8fa43fcd74d/element'
22:10:57.255 [Forwarding findElement on session 9fedb2a36fad2e00743eb8fa43fcd74d to remote] DEBUG org.asynchttpclient.netty.request.NettyRequestSender - Using open Channel [id: 0x1384451e, L:/127.0.0.1:61400 - R:localhost/127.0.0.1:54080] for POST '/session/9fedb2a36fad2e00743eb8fa43fcd74d/element'
22:10:57.261 [AsyncHttpClient-1-11] DEBUG org.asynchttpclient.netty.handler.HttpHandler - 

Request DefaultHttpRequest(decodeResult: success, version: HTTP/1.1)
POST /session/9fedb2a36fad2e00743eb8fa43fcd74d/element HTTP/1.1
User-Agent: selenium/4.1.2 (java windows)
Content-Length: 81
Content-Type: application/json; charset=utf-8
host: localhost:54080
accept: */*

Response DefaultHttpResponse(decodeResult: success, version: HTTP/1.1)
HTTP/1.1 200 OK
Content-Type: application/json; charset=utf-8
cache-control: no-cache
content-length: 88

22:10:57.261 [AsyncHttpClient-1-11] DEBUG org.asynchttpclient.netty.channel.ChannelManager - Adding key: http://localhost:54080 for channel [id: 0x1384451e, L:/127.0.0.1:61400 - R:localhost/127.0.0.1:54080]
22:10:57.263 [Forwarding clickElement on session 9fedb2a36fad2e00743eb8fa43fcd74d to remote] DEBUG org.asynchttpclient.netty.request.NettyRequestSender - Using pooled Channel '[id: 0x1384451e, L:/127.0.0.1:61400 - R:localhost/127.0.0.1:54080]' for 'POST' to 'http://localhost:54080/session/9fedb2a36fad2e00743eb8fa43fcd74d/element/5a763c94-68b8-4b0c-a0ed-ed483bcf779a/click'
22:10:57.263 [Forwarding clickElement on session 9fedb2a36fad2e00743eb8fa43fcd74d to remote] DEBUG org.asynchttpclient.netty.request.NettyRequestSender - Using open Channel [id: 0x1384451e, L:/127.0.0.1:61400 - R:localhost/127.0.0.1:54080] for POST '/session/9fedb2a36fad2e00743eb8fa43fcd74d/element/5a763c94-68b8-4b0c-a0ed-ed483bcf779a/click'
22:10:57.694 [AsyncHttpClient-1-11] DEBUG org.asynchttpclient.netty.handler.HttpHandler - 

Request DefaultHttpRequest(decodeResult: success, version: HTTP/1.1)
POST /session/9fedb2a36fad2e00743eb8fa43fcd74d/element/5a763c94-68b8-4b0c-a0ed-ed483bcf779a/click HTTP/1.1
User-Agent: selenium/4.1.2 (java windows)
Content-Length: 50
Content-Type: application/json; charset=utf-8
host: localhost:54080
accept: */*

Response DefaultHttpResponse(decodeResult: success, version: HTTP/1.1)
HTTP/1.1 200 OK
Content-Type: application/json; charset=utf-8
cache-control: no-cache
content-length: 14

22:10:57.694 [AsyncHttpClient-1-11] DEBUG org.asynchttpclient.netty.channel.ChannelManager - Adding key: http://localhost:54080 for channel [id: 0x1384451e, L:/127.0.0.1:61400 - R:localhost/127.0.0.1:54080]
  &amp#27;[32mThen &amp#27;[0m&amp#27;[32mI click baby on the header&amp#27;[0m    &amp#27;[90m# starter.stepdefinitions.BabyStep.iClickBabyOnTheHeader()&amp#27;[0m
22:10:57.707 [Forwarding screenshot on session 9fedb2a36fad2e00743eb8fa43fcd74d to remote] DEBUG org.asynchttpclient.netty.request.NettyRequestSender - Using pooled Channel '[id: 0x1384451e, L:/127.0.0.1:61400 - R:localhost/127.0.0.1:54080]' for 'GET' to 'http://localhost:54080/session/9fedb2a36fad2e00743eb8fa43fcd74d/screenshot'
22:10:57.707 [Forwarding screenshot on session 9fedb2a36fad2e00743eb8fa43fcd74d to remote] DEBUG org.asynchttpclient.netty.request.NettyRequestSender - Using open Channel [id: 0x1384451e, L:/127.0.0.1:61400 - R:localhost/127.0.0.1:54080] for GET '/session/9fedb2a36fad2e00743eb8fa43fcd74d/screenshot'
22:10:57.837 [AsyncHttpClient-1-1] DEBUG org.asynchttpclient.netty.channel.DefaultChannelPool - Entry count for : http://localhost:61401 : 1
22:10:58.418 [AsyncHttpClient-1-11] DEBUG org.asynchttpclient.netty.handler.HttpHandler - 

Request DefaultFullHttpRequest(decodeResult: success, version: HTTP/1.1, content: EmptyByteBufBE)
GET /session/9fedb2a36fad2e00743eb8fa43fcd74d/screenshot HTTP/1.1
User-Agent: selenium/4.1.2 (java windows)
Cache-Control: no-cache
Content-Type: application/json; charset=utf-8
host: localhost:54080
accept: */*

Response DefaultHttpResponse(decodeResult: success, version: HTTP/1.1)
HTTP/1.1 200 OK
Content-Type: application/json; charset=utf-8
cache-control: no-cache
content-length: 137788

22:10:58.419 [AsyncHttpClient-1-11] DEBUG org.asynchttpclient.netty.channel.ChannelManager - Adding key: http://localhost:54080 for channel [id: 0x1384451e, L:/127.0.0.1:61400 - R:localhost/127.0.0.1:54080]
22:10:58.427 [main] DEBUG net.serenitybdd.core.photography.Darkroom - Send negative for processing for target\site\serenity\90057f972e51102f06d9f17602f709417eeec2ff2f89f57086c70c6b1fe61ca0.png
22:10:58.427 [Darkroom Processing Line] DEBUG net.serenitybdd.core.photography.DarkroomProcessingLine - Processing screenshot image in /var/screenshots/screenshot-11647795761914453109
22:10:58.427 [Darkroom Processing Line] DEBUG net.serenitybdd.core.photography.DarkroomProcessingLine - Saving screenshot to target\site\serenity\90057f972e51102f06d9f17602f709417eeec2ff2f89f57086c70c6b1fe61ca0.png
22:10:58.440 [Forwarding findElement on session 9fedb2a36fad2e00743eb8fa43fcd74d to remote] DEBUG org.asynchttpclient.netty.request.NettyRequestSender - Using pooled Channel '[id: 0x1384451e, L:/127.0.0.1:61400 - R:localhost/127.0.0.1:54080]' for 'POST' to 'http://localhost:54080/session/9fedb2a36fad2e00743eb8fa43fcd74d/element'
22:10:58.440 [Forwarding findElement on session 9fedb2a36fad2e00743eb8fa43fcd74d to remote] DEBUG org.asynchttpclient.netty.request.NettyRequestSender - Using open Channel [id: 0x1384451e, L:/127.0.0.1:61400 - R:localhost/127.0.0.1:54080] for POST '/session/9fedb2a36fad2e00743eb8fa43fcd74d/element'
22:10:58.468 [AsyncHttpClient-1-11] DEBUG org.asynchttpclient.netty.handler.HttpHandler - 

Request DefaultHttpRequest(decodeResult: success, version: HTTP/1.1)
POST /session/9fedb2a36fad2e00743eb8fa43fcd74d/element HTTP/1.1
User-Agent: selenium/4.1.2 (java windows)
Content-Length: 110
Content-Type: application/json; charset=utf-8
host: localhost:54080
accept: */*

Response DefaultHttpResponse(decodeResult: success, version: HTTP/1.1)
HTTP/1.1 200 OK
Content-Type: application/json; charset=utf-8
cache-control: no-cache
content-length: 88

22:10:58.468 [AsyncHttpClient-1-11] DEBUG org.asynchttpclient.netty.channel.ChannelManager - Adding key: http://localhost:54080 for channel [id: 0x1384451e, L:/127.0.0.1:61400 - R:localhost/127.0.0.1:54080]
22:10:58.470 [Forwarding getElementTagName on session 9fedb2a36fad2e00743eb8fa43fcd74d to remote] DEBUG org.asynchttpclient.netty.request.NettyRequestSender - Using pooled Channel '[id: 0x1384451e, L:/127.0.0.1:61400 - R:localhost/127.0.0.1:54080]' for 'GET' to 'http://localhost:54080/session/9fedb2a36fad2e00743eb8fa43fcd74d/element/49446c5e-d381-4e57-98dd-f205955c8483/name'
22:10:58.470 [Forwarding getElementTagName on session 9fedb2a36fad2e00743eb8fa43fcd74d to remote] DEBUG org.asynchttpclient.netty.request.NettyRequestSender - Using open Channel [id: 0x1384451e, L:/127.0.0.1:61400 - R:localhost/127.0.0.1:54080] for GET '/session/9fedb2a36fad2e00743eb8fa43fcd74d/element/49446c5e-d381-4e57-98dd-f205955c8483/name'
22:10:58.478 [AsyncHttpClient-1-11] DEBUG org.asynchttpclient.netty.handler.HttpHandler - 

Request DefaultFullHttpRequest(decodeResult: success, version: HTTP/1.1, content: EmptyByteBufBE)
GET /session/9fedb2a36fad2e00743eb8fa43fcd74d/element/49446c5e-d381-4e57-98dd-f205955c8483/name HTTP/1.1
User-Agent: selenium/4.1.2 (java windows)
Cache-Control: no-cache
Content-Type: application/json; charset=utf-8
host: localhost:54080
accept: */*

Response DefaultHttpResponse(decodeResult: success, version: HTTP/1.1)
HTTP/1.1 200 OK
Content-Type: application/json; charset=utf-8
cache-control: no-cache
content-length: 16

22:10:58.478 [AsyncHttpClient-1-11] DEBUG org.asynchttpclient.netty.channel.ChannelManager - Adding key: http://localhost:54080 for channel [id: 0x1384451e, L:/127.0.0.1:61400 - R:localhost/127.0.0.1:54080]
22:10:58.481 [Forwarding getElementTagName on session 9fedb2a36fad2e00743eb8fa43fcd74d to remote] DEBUG org.asynchttpclient.netty.request.NettyRequestSender - Using pooled Channel '[id: 0x1384451e, L:/127.0.0.1:61400 - R:localhost/127.0.0.1:54080]' for 'GET' to 'http://localhost:54080/session/9fedb2a36fad2e00743eb8fa43fcd74d/element/49446c5e-d381-4e57-98dd-f205955c8483/name'
22:10:58.481 [Forwarding getElementTagName on session 9fedb2a36fad2e00743eb8fa43fcd74d to remote] DEBUG org.asynchttpclient.netty.request.NettyRequestSender - Using open Channel [id: 0x1384451e, L:/127.0.0.1:61400 - R:localhost/127.0.0.1:54080] for GET '/session/9fedb2a36fad2e00743eb8fa43fcd74d/element/49446c5e-d381-4e57-98dd-f205955c8483/name'
22:10:58.495 [AsyncHttpClient-1-11] DEBUG org.asynchttpclient.netty.handler.HttpHandler - 

Request DefaultFullHttpRequest(decodeResult: success, version: HTTP/1.1, content: EmptyByteBufBE)
GET /session/9fedb2a36fad2e00743eb8fa43fcd74d/element/49446c5e-d381-4e57-98dd-f205955c8483/name HTTP/1.1
User-Agent: selenium/4.1.2 (java windows)
Cache-Control: no-cache
Content-Type: application/json; charset=utf-8
host: localhost:54080
accept: */*

Response DefaultHttpResponse(decodeResult: success, version: HTTP/1.1)
HTTP/1.1 200 OK
Content-Type: application/json; charset=utf-8
cache-control: no-cache
content-length: 16

22:10:58.496 [AsyncHttpClient-1-11] DEBUG org.asynchttpclient.netty.channel.ChannelManager - Adding key: http://localhost:54080 for channel [id: 0x1384451e, L:/127.0.0.1:61400 - R:localhost/127.0.0.1:54080]
22:10:58.500 [Forwarding findElement on session 9fedb2a36fad2e00743eb8fa43fcd74d to remote] DEBUG org.asynchttpclient.netty.request.NettyRequestSender - Using pooled Channel '[id: 0x1384451e, L:/127.0.0.1:61400 - R:localhost/127.0.0.1:54080]' for 'POST' to 'http://localhost:54080/session/9fedb2a36fad2e00743eb8fa43fcd74d/element'
22:10:58.500 [Forwarding findElement on session 9fedb2a36fad2e00743eb8fa43fcd74d to remote] DEBUG org.asynchttpclient.netty.request.NettyRequestSender - Using open Channel [id: 0x1384451e, L:/127.0.0.1:61400 - R:localhost/127.0.0.1:54080] for POST '/session/9fedb2a36fad2e00743eb8fa43fcd74d/element'
22:10:58.512 [AsyncHttpClient-1-11] DEBUG org.asynchttpclient.netty.handler.HttpHandler - 

Request DefaultHttpRequest(decodeResult: success, version: HTTP/1.1)
POST /session/9fedb2a36fad2e00743eb8fa43fcd74d/element HTTP/1.1
User-Agent: selenium/4.1.2 (java windows)
Content-Length: 110
Content-Type: application/json; charset=utf-8
host: localhost:54080
accept: */*

Response DefaultHttpResponse(decodeResult: success, version: HTTP/1.1)
HTTP/1.1 200 OK
Content-Type: application/json; charset=utf-8
cache-control: no-cache
content-length: 88

22:10:58.512 [AsyncHttpClient-1-11] DEBUG org.asynchttpclient.netty.channel.ChannelManager - Adding key: http://localhost:54080 for channel [id: 0x1384451e, L:/127.0.0.1:61400 - R:localhost/127.0.0.1:54080]
22:10:58.515 [Forwarding clickElement on session 9fedb2a36fad2e00743eb8fa43fcd74d to remote] DEBUG org.asynchttpclient.netty.request.NettyRequestSender - Using pooled Channel '[id: 0x1384451e, L:/127.0.0.1:61400 - R:localhost/127.0.0.1:54080]' for 'POST' to 'http://localhost:54080/session/9fedb2a36fad2e00743eb8fa43fcd74d/element/49446c5e-d381-4e57-98dd-f205955c8483/click'
22:10:58.515 [Forwarding clickElement on session 9fedb2a36fad2e00743eb8fa43fcd74d to remote] DEBUG org.asynchttpclient.netty.request.NettyRequestSender - Using open Channel [id: 0x1384451e, L:/127.0.0.1:61400 - R:localhost/127.0.0.1:54080] for POST '/session/9fedb2a36fad2e00743eb8fa43fcd74d/element/49446c5e-d381-4e57-98dd-f205955c8483/click'
22:10:58.720 [AsyncHttpClient-1-11] DEBUG org.asynchttpclient.netty.handler.HttpHandler - 

Request DefaultHttpRequest(decodeResult: success, version: HTTP/1.1)
POST /session/9fedb2a36fad2e00743eb8fa43fcd74d/element/49446c5e-d381-4e57-98dd-f205955c8483/click HTTP/1.1
User-Agent: selenium/4.1.2 (java windows)
Content-Length: 50
Content-Type: application/json; charset=utf-8
host: localhost:54080
accept: */*

Response DefaultHttpResponse(decodeResult: success, version: HTTP/1.1)
HTTP/1.1 200 OK
Content-Type: application/json; charset=utf-8
cache-control: no-cache
content-length: 14

22:10:58.720 [AsyncHttpClient-1-11] DEBUG org.asynchttpclient.netty.channel.ChannelManager - Adding key: http://localhost:54080 for channel [id: 0x1384451e, L:/127.0.0.1:61400 - R:localhost/127.0.0.1:54080]
  &amp#27;[32mWhen &amp#27;[0m&amp#27;[32mI will go to &amp#27;[0m&amp#27;[32m&amp#27;[1m"koleksiNewborn"&amp#27;[0m &amp#27;[90m# starter.stepdefinitions.BabyStep.iWillGoTo(java.lang.String)&amp#27;[0m
22:10:58.728 [Forwarding screenshot on session 9fedb2a36fad2e00743eb8fa43fcd74d to remote] DEBUG org.asynchttpclient.netty.request.NettyRequestSender - Using pooled Channel '[id: 0x1384451e, L:/127.0.0.1:61400 - R:localhost/127.0.0.1:54080]' for 'GET' to 'http://localhost:54080/session/9fedb2a36fad2e00743eb8fa43fcd74d/screenshot'
22:10:58.728 [Forwarding screenshot on session 9fedb2a36fad2e00743eb8fa43fcd74d to remote] DEBUG org.asynchttpclient.netty.request.NettyRequestSender - Using open Channel [id: 0x1384451e, L:/127.0.0.1:61400 - R:localhost/127.0.0.1:54080] for GET '/session/9fedb2a36fad2e00743eb8fa43fcd74d/screenshot'
22:10:58.943 [AsyncHttpClient-1-1] DEBUG org.asynchttpclient.netty.channel.DefaultChannelPool - Entry count for : http://localhost:61401 : 1
22:10:59.041 [AsyncHttpClient-1-11] DEBUG org.asynchttpclient.netty.handler.HttpHandler - 

Request DefaultFullHttpRequest(decodeResult: success, version: HTTP/1.1, content: EmptyByteBufBE)
GET /session/9fedb2a36fad2e00743eb8fa43fcd74d/screenshot HTTP/1.1
User-Agent: selenium/4.1.2 (java windows)
Cache-Control: no-cache
Content-Type: application/json; charset=utf-8
host: localhost:54080
accept: */*

Response DefaultHttpResponse(decodeResult: success, version: HTTP/1.1)
HTTP/1.1 200 OK
Content-Type: application/json; charset=utf-8
cache-control: no-cache
content-length: 81940

22:10:59.042 [AsyncHttpClient-1-11] DEBUG org.asynchttpclient.netty.channel.ChannelManager - Adding key: http://localhost:54080 for channel [id: 0x1384451e, L:/127.0.0.1:61400 - R:localhost/127.0.0.1:54080]
22:10:59.045 [main] DEBUG net.serenitybdd.core.photography.Darkroom - Send negative for processing for target\site\serenity\7f5766a060739da981f1353daa452c323822b4035aa5d4a7eae21c74c775b2b3.png
22:10:59.046 [Darkroom Processing Line] DEBUG net.serenitybdd.core.photography.DarkroomProcessingLine - Processing screenshot image in /var/screenshots/screenshot-10245057020911630627
22:10:59.046 [Darkroom Processing Line] DEBUG net.serenitybdd.core.photography.DarkroomProcessingLine - Saving screenshot to target\site\serenity\7f5766a060739da981f1353daa452c323822b4035aa5d4a7eae21c74c775b2b3.png
  &amp#27;[32mAnd &amp#27;[0m&amp#27;[32mI &amp#27;[0m&amp#27;[32m&amp#27;[1m"txtKoleksiNewborn"&amp#27;[0m&amp#27;[32m page&amp#27;[0m     &amp#27;[90m# starter.stepdefinitions.BabyStep.iPage(java.lang.String)&amp#27;[0m
22:10:59.060 [AsyncHttpClient-1-13] DEBUG org.asynchttpclient.netty.handler.WebSocketHandler - Channel Closed: [id: 0x019df676, L:/127.0.0.1:61408 ! R:localhost/127.0.0.1:61401] with attribute NettyResponseFuture{currentRetry=5,
	isDone=1,
	isCancelled=0,
	asyncHandler=org.asynchttpclient.ws.WebSocketUpgradeHandler@1cfe655d,
	nettyRequest=org.asynchttpclient.netty.request.NettyRequest@23b81b56,
	future=java.util.concurrent.CompletableFuture@64ccae00[Completed normally],
	uri=ws://localhost:61401/devtools/browser/5d3ab416-8ed9-4c0c-b29b-b6dc15eca8da,
	keepAlive=true,
	redirectCount=0,
	timeoutsHolder=null,
	inAuth=0,
	touch=1680707447987}
22:10:59.061 [AsyncHttpClient-1-13] DEBUG org.asynchttpclient.netty.channel.ChannelManager - Closing Channel [id: 0x019df676, L:/127.0.0.1:61408 ! R:localhost/127.0.0.1:61401] 
22:10:59.061 [Driver Command Executor] DEBUG org.asynchttpclient.netty.request.NettyRequestSender - Using pooled Channel '[id: 0x1384451e, L:/127.0.0.1:61400 - R:localhost/127.0.0.1:54080]' for 'DELETE' to 'http://localhost:54080/session/9fedb2a36fad2e00743eb8fa43fcd74d'
22:10:59.061 [Driver Command Executor] DEBUG org.asynchttpclient.netty.request.NettyRequestSender - Using open Channel [id: 0x1384451e, L:/127.0.0.1:61400 - R:localhost/127.0.0.1:54080] for DELETE '/session/9fedb2a36fad2e00743eb8fa43fcd74d'
22:10:59.109 [AsyncHttpClient-1-12] DEBUG org.asynchttpclient.netty.handler.HttpHandler - Unexpected I/O exception on channel [id: 0xdce1e017, L:/127.0.0.1:61407 - R:localhost/127.0.0.1:61401]
java.net.SocketException: Connection reset
	at java.base/sun.nio.ch.SocketChannelImpl.throwConnectionReset(SocketChannelImpl.java:345)
	at java.base/sun.nio.ch.SocketChannelImpl.read(SocketChannelImpl.java:376)
	at io.netty.buffer.PooledByteBuf.setBytes(PooledByteBuf.java:258)
	at io.netty.buffer.AbstractByteBuf.writeBytes(AbstractByteBuf.java:1132)
	at io.netty.channel.socket.nio.NioSocketChannel.doReadBytes(NioSocketChannel.java:350)
	at io.netty.channel.nio.AbstractNioByteChannel$NioByteUnsafe.read(AbstractNioByteChannel.java:151)
	at io.netty.channel.nio.NioEventLoop.processSelectedKey(NioEventLoop.java:722)
	at io.netty.channel.nio.NioEventLoop.processSelectedKeysOptimized(NioEventLoop.java:658)
	at io.netty.channel.nio.NioEventLoop.processSelectedKeys(NioEventLoop.java:584)
	at io.netty.channel.nio.NioEventLoop.run(NioEventLoop.java:496)
	at io.netty.util.concurrent.SingleThreadEventExecutor$4.run(SingleThreadEventExecutor.java:986)
	at io.netty.util.internal.ThreadExecutorMap$2.run(ThreadExecutorMap.java:74)
	at io.netty.util.concurrent.FastThreadLocalRunnable.run(FastThreadLocalRunnable.java:30)
	at java.base/java.lang.Thread.run(Thread.java:830)
22:10:59.109 [AsyncHttpClient-1-12] DEBUG org.asynchttpclient.netty.channel.ChannelManager - Closing Channel [id: 0xdce1e017, L:/127.0.0.1:61407 - R:localhost/127.0.0.1:61401] 
22:10:59.109 [AsyncHttpClient-1-12] DEBUG org.asynchttpclient.netty.handler.HttpHandler - Channel Closed: [id: 0xdce1e017, L:/127.0.0.1:61407 ! R:localhost/127.0.0.1:61401] with attribute DISCARD
22:10:59.146 [AsyncHttpClient-1-11] DEBUG org.asynchttpclient.netty.handler.HttpHandler - 

Request DefaultFullHttpRequest(decodeResult: success, version: HTTP/1.1, content: EmptyByteBufBE)
DELETE /session/9fedb2a36fad2e00743eb8fa43fcd74d HTTP/1.1
User-Agent: selenium/4.1.2 (java windows)
Content-Type: application/json; charset=utf-8
host: localhost:54080
accept: */*

Response DefaultHttpResponse(decodeResult: success, version: HTTP/1.1)
HTTP/1.1 200 OK
Content-Type: application/json; charset=utf-8
cache-control: no-cache
content-length: 14

22:10:59.146 [AsyncHttpClient-1-11] DEBUG org.asynchttpclient.netty.channel.ChannelManager - Adding key: http://localhost:54080 for channel [id: 0x1384451e, L:/127.0.0.1:61400 - R:localhost/127.0.0.1:54080]
22:10:59.259 [AsyncHttpClient-1-11] DEBUG org.asynchttpclient.netty.handler.HttpHandler - Channel Closed: [id: 0x1384451e, L:/127.0.0.1:61400 ! R:localhost/127.0.0.1:54080] with attribute DISCARD
]]></system-out>
    <system-err><![CDATA[Starting Microsoft Edge WebDriver 111.0.1661.62 (0a8f453929e6410c973aa529a40485ce4e3e03db) on port 54080
To submit feedback, report a bug, or suggest new features, please visit https://github.com/MicrosoftEdge/EdgeWebDriver

Only local connections are allowed.
Please see https://aka.ms/WebDriverSecurity for suggestions on keeping Microsoft Edge WebDriver safe.

Microsoft Edge WebDriver was started successfully.
Apr 05, 2023 10:10:47 PM org.openqa.selenium.remote.ProtocolHandshake createSession
INFO: Detected dialect: W3C
Apr 05, 2023 10:10:47 PM org.openqa.selenium.devtools.CdpVersionFinder findNearestMatch
WARNING: Unable to find an exact match for CDP version 111, so returning the closest version found: a no-op implementation
Apr 05, 2023 10:10:47 PM org.openqa.selenium.devtools.CdpVersionFinder findNearestMatch
INFO: Unable to find CDP implementation matching 111.
Apr 05, 2023 10:10:47 PM org.openqa.selenium.chromium.ChromiumDriver lambda$new$3
WARNING: Unable to find version of CDP to use for . You may need to include a dependency on a specific version of the CDP using something similar to `org.seleniumhq.selenium:selenium-devtools-v86:4.1.2` where the version ("v86") matches the version of the chromium-based browser you're using and the version number of the artifact is the same as Selenium's.
]]></system-err>
  </testcase>
  <testcase name="Fitur Menu Baby #5" classname="Baby" time="13.755">
    <system-out><![CDATA[
Scenario Outline: Fitur Menu Baby &amp#27;[90m# src/test/resources/features/Baby.feature:97&amp#27;[0m
22:10:59.862 [main] INFO io.cucumber.core.plugin.SerenityReporter - Running feature from file:///C:/Users/alwi/IdeaProjects/uniqloweb/src/test/resources/features/Baby.feature
22:10:59.992 [main] DEBUG io.github.bonigarcia.wdm.cache.ResolutionCache - Resolution edge=111 in cache (valid until 23:09:49 05/04/2023 WIB)
22:10:59.996 [main] DEBUG io.github.bonigarcia.wdm.cache.ResolutionCache - Resolution edge111=111.0.1661.62 in cache (valid until 15:17:30 06/04/2023 WIB)
22:10:59.998 [main] INFO io.github.bonigarcia.wdm.WebDriverManager - Using msedgedriver 111.0.1661.62 (resolved driver for Edge 111)
22:11:00.021 [main] DEBUG io.github.bonigarcia.wdm.WebDriverManager - Driver msedgedriver 111.0.1661.62 found in cache
22:11:00.022 [main] INFO io.github.bonigarcia.wdm.WebDriverManager - Exporting webdriver.edge.driver as C:\Users\alwi\.cache\selenium\msedgedriver\win64\111.0.1661.62\msedgedriver.exe
22:11:00.025 [main] DEBUG net.serenitybdd.core.webdriver.driverproviders.ProvideNewDriver - Instantiating driver
22:11:00.026 [main] DEBUG net.serenitybdd.core.webdriver.driverproviders.ProvideNewDriver - Driver capabilities: Capabilities {base.url: https://www.uniqlo.com, chrome.driver: src/test/resources/webdrive..., driver: edge, ms:edgeChromium: true, ms:edgeOptions: {}, wait.for.timeout: 6000}
22:11:00.038 [AsyncHttpClient-1-1] DEBUG org.asynchttpclient.netty.channel.DefaultChannelPool - Entry count for : http://localhost:54080 : 1
22:11:00.038 [AsyncHttpClient-1-1] DEBUG org.asynchttpclient.netty.channel.DefaultChannelPool - Entry count for : http://localhost:61401 : 1
22:11:00.038 [AsyncHttpClient-1-1] DEBUG org.asynchttpclient.netty.channel.DefaultChannelPool - Adding Candidate expired Channel [id: 0x1384451e, L:/127.0.0.1:61400 ! R:localhost/127.0.0.1:54080] isIdleTimeoutExpired=false isRemotelyClosed=true isTtlExpired=false
22:11:00.038 [AsyncHttpClient-1-1] DEBUG org.asynchttpclient.netty.channel.DefaultChannelPool - Closing Idle Channel [id: 0x1384451e, L:/127.0.0.1:61400 ! R:localhost/127.0.0.1:54080]
22:11:00.038 [AsyncHttpClient-1-1] DEBUG org.asynchttpclient.netty.channel.DefaultChannelPool - Adding Candidate expired Channel [id: 0xdce1e017, L:/127.0.0.1:61407 ! R:localhost/127.0.0.1:61401] isIdleTimeoutExpired=false isRemotelyClosed=true isTtlExpired=false
22:11:00.038 [AsyncHttpClient-1-1] DEBUG org.asynchttpclient.netty.channel.DefaultChannelPool - Closing Idle Channel [id: 0xdce1e017, L:/127.0.0.1:61407 ! R:localhost/127.0.0.1:61401]
22:11:00.038 [AsyncHttpClient-1-1] DEBUG org.asynchttpclient.netty.channel.DefaultChannelPool - Closed 2 connections out of 2 in 0 ms
22:11:00.570 [AsyncHttpClient-1-14] DEBUG org.asynchttpclient.netty.channel.NettyConnectListener - Using new Channel '[id: 0x0db9f125, L:/127.0.0.1:61542 - R:localhost/127.0.0.1:51959]' for 'POST' to '/session'
22:11:01.209 [AsyncHttpClient-1-14] DEBUG org.asynchttpclient.netty.handler.HttpHandler - 

Request DefaultHttpRequest(decodeResult: success, version: HTTP/1.1)
POST /session HTTP/1.1
User-Agent: selenium/4.1.2 (java windows)
Content-Length: 627
Content-Type: application/json; charset=utf-8
host: localhost:51959
accept: */*

Response DefaultHttpResponse(decodeResult: success, version: HTTP/1.1)
HTTP/1.1 200 OK
Content-Type: application/json; charset=utf-8
cache-control: no-cache
content-length: 824

22:11:01.209 [AsyncHttpClient-1-14] DEBUG org.asynchttpclient.netty.channel.ChannelManager - Adding key: http://localhost:51959 for channel [id: 0x0db9f125, L:/127.0.0.1:61542 - R:localhost/127.0.0.1:51959]
22:11:01.216 [AsyncHttpClient-1-15] DEBUG org.asynchttpclient.netty.channel.NettyConnectListener - Using new Channel '[id: 0xdbf61275, L:/127.0.0.1:61549 - R:localhost/127.0.0.1:61543]' for 'GET' to '/json/version'
22:11:01.221 [AsyncHttpClient-1-15] DEBUG org.asynchttpclient.netty.handler.HttpHandler - 

Request DefaultFullHttpRequest(decodeResult: success, version: HTTP/1.1, content: EmptyByteBufBE)
GET /json/version HTTP/1.1
User-Agent: selenium/4.1.2 (java windows)
host: localhost:61543
accept: */*

Response DefaultHttpResponse(decodeResult: success, version: HTTP/1.1)
HTTP/1.1 200 OK
Content-Security-Policy: frame-ancestors 'none'
Content-Type: application/json; charset=UTF-8
content-length: 436

22:11:01.221 [AsyncHttpClient-1-15] DEBUG org.asynchttpclient.netty.channel.ChannelManager - Adding key: http://localhost:61543 for channel [id: 0xdbf61275, L:/127.0.0.1:61549 - R:localhost/127.0.0.1:61543]
22:11:01.225 [AsyncHttpClient-1-16] DEBUG org.asynchttpclient.netty.channel.NettyConnectListener - Using new Channel '[id: 0x5e9b0528, L:/127.0.0.1:61550 - R:localhost/127.0.0.1:61543]' for 'GET' to '/devtools/browser/4821c428-2d3a-44da-b168-c85a2a953dc2'
22:11:01.230 [AsyncHttpClient-1-16] DEBUG org.asynchttpclient.netty.handler.WebSocketHandler - 

Request DefaultFullHttpRequest(decodeResult: success, version: HTTP/1.1, content: EmptyByteBufBE)
GET /devtools/browser/4821c428-2d3a-44da-b168-c85a2a953dc2 HTTP/1.1
upgrade: websocket
connection: upgrade
sec-websocket-key: 123aI4fO3G9krOoLL/R5hA==
sec-websocket-version: 13
origin: http://localhost:61543
host: localhost:61543
accept: */*
user-agent: AHC/2.1

Response DefaultHttpResponse(decodeResult: success, version: HTTP/1.1)
HTTP/1.1 101 WebSocket Protocol Handshake
Upgrade: WebSocket
Connection: Upgrade
Sec-WebSocket-Accept: 3ZMGgcXduqmpZoamnLd90JPj6/U=

22:11:01.235 [Forwarding get on session d1cfec244bf1801101567b9ab30f2cd2 to remote] DEBUG org.asynchttpclient.netty.request.NettyRequestSender - Using pooled Channel '[id: 0x0db9f125, L:/127.0.0.1:61542 - R:localhost/127.0.0.1:51959]' for 'POST' to 'http://localhost:51959/session/d1cfec244bf1801101567b9ab30f2cd2/url'
22:11:01.235 [Forwarding get on session d1cfec244bf1801101567b9ab30f2cd2 to remote] DEBUG org.asynchttpclient.netty.request.NettyRequestSender - Using open Channel [id: 0x0db9f125, L:/127.0.0.1:61542 - R:localhost/127.0.0.1:51959] for POST '/session/d1cfec244bf1801101567b9ab30f2cd2/url'
22:11:02.239 [AsyncHttpClient-1-1] DEBUG org.asynchttpclient.netty.channel.DefaultChannelPool - Entry count for : http://localhost:61543 : 1
22:11:03.346 [AsyncHttpClient-1-1] DEBUG org.asynchttpclient.netty.channel.DefaultChannelPool - Entry count for : http://localhost:61543 : 1
22:11:04.439 [AsyncHttpClient-1-1] DEBUG org.asynchttpclient.netty.channel.DefaultChannelPool - Entry count for : http://localhost:61543 : 1
22:11:05.547 [AsyncHttpClient-1-1] DEBUG org.asynchttpclient.netty.channel.DefaultChannelPool - Entry count for : http://localhost:61543 : 1
22:11:06.637 [AsyncHttpClient-1-1] DEBUG org.asynchttpclient.netty.channel.DefaultChannelPool - Entry count for : http://localhost:61543 : 1
22:11:07.745 [AsyncHttpClient-1-1] DEBUG org.asynchttpclient.netty.channel.DefaultChannelPool - Entry count for : http://localhost:61543 : 1
22:11:08.840 [AsyncHttpClient-1-1] DEBUG org.asynchttpclient.netty.channel.DefaultChannelPool - Entry count for : http://localhost:61543 : 1
22:11:09.948 [AsyncHttpClient-1-1] DEBUG org.asynchttpclient.netty.channel.DefaultChannelPool - Entry count for : http://localhost:61543 : 1
22:11:10.781 [AsyncHttpClient-1-14] DEBUG org.asynchttpclient.netty.handler.HttpHandler - 

Request DefaultHttpRequest(decodeResult: success, version: HTTP/1.1)
POST /session/d1cfec244bf1801101567b9ab30f2cd2/url HTTP/1.1
User-Agent: selenium/4.1.2 (java windows)
Content-Length: 53
Content-Type: application/json; charset=utf-8
host: localhost:51959
accept: */*

Response DefaultHttpResponse(decodeResult: success, version: HTTP/1.1)
HTTP/1.1 200 OK
Content-Type: application/json; charset=utf-8
cache-control: no-cache
content-length: 14

22:11:10.781 [AsyncHttpClient-1-14] DEBUG org.asynchttpclient.netty.channel.ChannelManager - Adding key: http://localhost:51959 for channel [id: 0x0db9f125, L:/127.0.0.1:61542 - R:localhost/127.0.0.1:51959]
22:11:10.783 [Forwarding setTimeout on session d1cfec244bf1801101567b9ab30f2cd2 to remote] DEBUG org.asynchttpclient.netty.request.NettyRequestSender - Using pooled Channel '[id: 0x0db9f125, L:/127.0.0.1:61542 - R:localhost/127.0.0.1:51959]' for 'POST' to 'http://localhost:51959/session/d1cfec244bf1801101567b9ab30f2cd2/timeouts'
22:11:10.783 [Forwarding setTimeout on session d1cfec244bf1801101567b9ab30f2cd2 to remote] DEBUG org.asynchttpclient.netty.request.NettyRequestSender - Using open Channel [id: 0x0db9f125, L:/127.0.0.1:61542 - R:localhost/127.0.0.1:51959] for POST '/session/d1cfec244bf1801101567b9ab30f2cd2/timeouts'
22:11:10.785 [AsyncHttpClient-1-14] DEBUG org.asynchttpclient.netty.handler.HttpHandler - 

Request DefaultHttpRequest(decodeResult: success, version: HTTP/1.1)
POST /session/d1cfec244bf1801101567b9ab30f2cd2/timeouts HTTP/1.1
User-Agent: selenium/4.1.2 (java windows)
Content-Length: 22
Content-Type: application/json; charset=utf-8
host: localhost:51959
accept: */*

Response DefaultHttpResponse(decodeResult: success, version: HTTP/1.1)
HTTP/1.1 200 OK
Content-Type: application/json; charset=utf-8
cache-control: no-cache
content-length: 14

22:11:10.785 [AsyncHttpClient-1-14] DEBUG org.asynchttpclient.netty.channel.ChannelManager - Adding key: http://localhost:51959 for channel [id: 0x0db9f125, L:/127.0.0.1:61542 - R:localhost/127.0.0.1:51959]
22:11:10.788 [Forwarding getCurrentUrl on session d1cfec244bf1801101567b9ab30f2cd2 to remote] DEBUG org.asynchttpclient.netty.request.NettyRequestSender - Using pooled Channel '[id: 0x0db9f125, L:/127.0.0.1:61542 - R:localhost/127.0.0.1:51959]' for 'GET' to 'http://localhost:51959/session/d1cfec244bf1801101567b9ab30f2cd2/url'
22:11:10.788 [Forwarding getCurrentUrl on session d1cfec244bf1801101567b9ab30f2cd2 to remote] DEBUG org.asynchttpclient.netty.request.NettyRequestSender - Using open Channel [id: 0x0db9f125, L:/127.0.0.1:61542 - R:localhost/127.0.0.1:51959] for GET '/session/d1cfec244bf1801101567b9ab30f2cd2/url'
22:11:10.792 [AsyncHttpClient-1-14] DEBUG org.asynchttpclient.netty.handler.HttpHandler - 

Request DefaultFullHttpRequest(decodeResult: success, version: HTTP/1.1, content: EmptyByteBufBE)
GET /session/d1cfec244bf1801101567b9ab30f2cd2/url HTTP/1.1
User-Agent: selenium/4.1.2 (java windows)
Cache-Control: no-cache
Content-Type: application/json; charset=utf-8
host: localhost:51959
accept: */*

Response DefaultHttpResponse(decodeResult: success, version: HTTP/1.1)
HTTP/1.1 200 OK
Content-Type: application/json; charset=utf-8
cache-control: no-cache
content-length: 41

22:11:10.793 [AsyncHttpClient-1-14] DEBUG org.asynchttpclient.netty.channel.ChannelManager - Adding key: http://localhost:51959 for channel [id: 0x0db9f125, L:/127.0.0.1:61542 - R:localhost/127.0.0.1:51959]
  &amp#27;[32mGiven &amp#27;[0m&amp#27;[32mI am on the home page&amp#27;[0m     &amp#27;[90m# starter.stepdefinitions.BabyStep.iAmOnTheHomePage()&amp#27;[0m
22:11:10.799 [Forwarding screenshot on session d1cfec244bf1801101567b9ab30f2cd2 to remote] DEBUG org.asynchttpclient.netty.request.NettyRequestSender - Using pooled Channel '[id: 0x0db9f125, L:/127.0.0.1:61542 - R:localhost/127.0.0.1:51959]' for 'GET' to 'http://localhost:51959/session/d1cfec244bf1801101567b9ab30f2cd2/screenshot'
22:11:10.799 [Forwarding screenshot on session d1cfec244bf1801101567b9ab30f2cd2 to remote] DEBUG org.asynchttpclient.netty.request.NettyRequestSender - Using open Channel [id: 0x0db9f125, L:/127.0.0.1:61542 - R:localhost/127.0.0.1:51959] for GET '/session/d1cfec244bf1801101567b9ab30f2cd2/screenshot'
22:11:11.040 [AsyncHttpClient-1-1] DEBUG org.asynchttpclient.netty.channel.DefaultChannelPool - Entry count for : http://localhost:61543 : 1
22:11:11.123 [AsyncHttpClient-1-14] DEBUG org.asynchttpclient.netty.handler.HttpHandler - 

Request DefaultFullHttpRequest(decodeResult: success, version: HTTP/1.1, content: EmptyByteBufBE)
GET /session/d1cfec244bf1801101567b9ab30f2cd2/screenshot HTTP/1.1
User-Agent: selenium/4.1.2 (java windows)
Cache-Control: no-cache
Content-Type: application/json; charset=utf-8
host: localhost:51959
accept: */*

Response DefaultHttpResponse(decodeResult: success, version: HTTP/1.1)
HTTP/1.1 200 OK
Content-Type: application/json; charset=utf-8
cache-control: no-cache
content-length: 1119968

22:11:11.126 [AsyncHttpClient-1-14] DEBUG org.asynchttpclient.netty.channel.ChannelManager - Adding key: http://localhost:51959 for channel [id: 0x0db9f125, L:/127.0.0.1:61542 - R:localhost/127.0.0.1:51959]
22:11:11.157 [main] DEBUG net.serenitybdd.core.photography.Darkroom - Send negative for processing for target\site\serenity\3d1b19ad31921c0beae4332facd941fcc81467ad5802877977ec6c100df601ce.png
22:11:11.165 [Forwarding findElement on session d1cfec244bf1801101567b9ab30f2cd2 to remote] DEBUG org.asynchttpclient.netty.request.NettyRequestSender - Using pooled Channel '[id: 0x0db9f125, L:/127.0.0.1:61542 - R:localhost/127.0.0.1:51959]' for 'POST' to 'http://localhost:51959/session/d1cfec244bf1801101567b9ab30f2cd2/element'
22:11:11.165 [Forwarding findElement on session d1cfec244bf1801101567b9ab30f2cd2 to remote] DEBUG org.asynchttpclient.netty.request.NettyRequestSender - Using open Channel [id: 0x0db9f125, L:/127.0.0.1:61542 - R:localhost/127.0.0.1:51959] for POST '/session/d1cfec244bf1801101567b9ab30f2cd2/element'
22:11:11.178 [AsyncHttpClient-1-14] DEBUG org.asynchttpclient.netty.handler.HttpHandler - 

Request DefaultHttpRequest(decodeResult: success, version: HTTP/1.1)
POST /session/d1cfec244bf1801101567b9ab30f2cd2/element HTTP/1.1
User-Agent: selenium/4.1.2 (java windows)
Content-Length: 81
Content-Type: application/json; charset=utf-8
host: localhost:51959
accept: */*

Response DefaultHttpResponse(decodeResult: success, version: HTTP/1.1)
HTTP/1.1 200 OK
Content-Type: application/json; charset=utf-8
cache-control: no-cache
content-length: 88

22:11:11.178 [AsyncHttpClient-1-14] DEBUG org.asynchttpclient.netty.channel.ChannelManager - Adding key: http://localhost:51959 for channel [id: 0x0db9f125, L:/127.0.0.1:61542 - R:localhost/127.0.0.1:51959]
22:11:11.180 [Forwarding getElementTagName on session d1cfec244bf1801101567b9ab30f2cd2 to remote] DEBUG org.asynchttpclient.netty.request.NettyRequestSender - Using pooled Channel '[id: 0x0db9f125, L:/127.0.0.1:61542 - R:localhost/127.0.0.1:51959]' for 'GET' to 'http://localhost:51959/session/d1cfec244bf1801101567b9ab30f2cd2/element/027a08c3-ae0c-4a8b-a438-a843aa2024fa/name'
22:11:11.180 [Forwarding getElementTagName on session d1cfec244bf1801101567b9ab30f2cd2 to remote] DEBUG org.asynchttpclient.netty.request.NettyRequestSender - Using open Channel [id: 0x0db9f125, L:/127.0.0.1:61542 - R:localhost/127.0.0.1:51959] for GET '/session/d1cfec244bf1801101567b9ab30f2cd2/element/027a08c3-ae0c-4a8b-a438-a843aa2024fa/name'
22:11:11.185 [AsyncHttpClient-1-14] DEBUG org.asynchttpclient.netty.handler.HttpHandler - 

Request DefaultFullHttpRequest(decodeResult: success, version: HTTP/1.1, content: EmptyByteBufBE)
GET /session/d1cfec244bf1801101567b9ab30f2cd2/element/027a08c3-ae0c-4a8b-a438-a843aa2024fa/name HTTP/1.1
User-Agent: selenium/4.1.2 (java windows)
Cache-Control: no-cache
Content-Type: application/json; charset=utf-8
host: localhost:51959
accept: */*

Response DefaultHttpResponse(decodeResult: success, version: HTTP/1.1)
HTTP/1.1 200 OK
Content-Type: application/json; charset=utf-8
cache-control: no-cache
content-length: 16

22:11:11.185 [AsyncHttpClient-1-14] DEBUG org.asynchttpclient.netty.channel.ChannelManager - Adding key: http://localhost:51959 for channel [id: 0x0db9f125, L:/127.0.0.1:61542 - R:localhost/127.0.0.1:51959]
22:11:11.186 [Forwarding getElementTagName on session d1cfec244bf1801101567b9ab30f2cd2 to remote] DEBUG org.asynchttpclient.netty.request.NettyRequestSender - Using pooled Channel '[id: 0x0db9f125, L:/127.0.0.1:61542 - R:localhost/127.0.0.1:51959]' for 'GET' to 'http://localhost:51959/session/d1cfec244bf1801101567b9ab30f2cd2/element/027a08c3-ae0c-4a8b-a438-a843aa2024fa/name'
22:11:11.186 [Forwarding getElementTagName on session d1cfec244bf1801101567b9ab30f2cd2 to remote] DEBUG org.asynchttpclient.netty.request.NettyRequestSender - Using open Channel [id: 0x0db9f125, L:/127.0.0.1:61542 - R:localhost/127.0.0.1:51959] for GET '/session/d1cfec244bf1801101567b9ab30f2cd2/element/027a08c3-ae0c-4a8b-a438-a843aa2024fa/name'
22:11:11.190 [AsyncHttpClient-1-14] DEBUG org.asynchttpclient.netty.handler.HttpHandler - 

Request DefaultFullHttpRequest(decodeResult: success, version: HTTP/1.1, content: EmptyByteBufBE)
GET /session/d1cfec244bf1801101567b9ab30f2cd2/element/027a08c3-ae0c-4a8b-a438-a843aa2024fa/name HTTP/1.1
User-Agent: selenium/4.1.2 (java windows)
Cache-Control: no-cache
Content-Type: application/json; charset=utf-8
host: localhost:51959
accept: */*

Response DefaultHttpResponse(decodeResult: success, version: HTTP/1.1)
HTTP/1.1 200 OK
Content-Type: application/json; charset=utf-8
cache-control: no-cache
content-length: 16

22:11:11.190 [AsyncHttpClient-1-14] DEBUG org.asynchttpclient.netty.channel.ChannelManager - Adding key: http://localhost:51959 for channel [id: 0x0db9f125, L:/127.0.0.1:61542 - R:localhost/127.0.0.1:51959]
22:11:11.192 [Forwarding findElement on session d1cfec244bf1801101567b9ab30f2cd2 to remote] DEBUG org.asynchttpclient.netty.request.NettyRequestSender - Using pooled Channel '[id: 0x0db9f125, L:/127.0.0.1:61542 - R:localhost/127.0.0.1:51959]' for 'POST' to 'http://localhost:51959/session/d1cfec244bf1801101567b9ab30f2cd2/element'
22:11:11.192 [Forwarding findElement on session d1cfec244bf1801101567b9ab30f2cd2 to remote] DEBUG org.asynchttpclient.netty.request.NettyRequestSender - Using open Channel [id: 0x0db9f125, L:/127.0.0.1:61542 - R:localhost/127.0.0.1:51959] for POST '/session/d1cfec244bf1801101567b9ab30f2cd2/element'
22:11:11.198 [AsyncHttpClient-1-14] DEBUG org.asynchttpclient.netty.handler.HttpHandler - 

Request DefaultHttpRequest(decodeResult: success, version: HTTP/1.1)
POST /session/d1cfec244bf1801101567b9ab30f2cd2/element HTTP/1.1
User-Agent: selenium/4.1.2 (java windows)
Content-Length: 81
Content-Type: application/json; charset=utf-8
host: localhost:51959
accept: */*

Response DefaultHttpResponse(decodeResult: success, version: HTTP/1.1)
HTTP/1.1 200 OK
Content-Type: application/json; charset=utf-8
cache-control: no-cache
content-length: 88

22:11:11.199 [AsyncHttpClient-1-14] DEBUG org.asynchttpclient.netty.channel.ChannelManager - Adding key: http://localhost:51959 for channel [id: 0x0db9f125, L:/127.0.0.1:61542 - R:localhost/127.0.0.1:51959]
22:11:11.200 [Forwarding clickElement on session d1cfec244bf1801101567b9ab30f2cd2 to remote] DEBUG org.asynchttpclient.netty.request.NettyRequestSender - Using pooled Channel '[id: 0x0db9f125, L:/127.0.0.1:61542 - R:localhost/127.0.0.1:51959]' for 'POST' to 'http://localhost:51959/session/d1cfec244bf1801101567b9ab30f2cd2/element/027a08c3-ae0c-4a8b-a438-a843aa2024fa/click'
22:11:11.200 [Forwarding clickElement on session d1cfec244bf1801101567b9ab30f2cd2 to remote] DEBUG org.asynchttpclient.netty.request.NettyRequestSender - Using open Channel [id: 0x0db9f125, L:/127.0.0.1:61542 - R:localhost/127.0.0.1:51959] for POST '/session/d1cfec244bf1801101567b9ab30f2cd2/element/027a08c3-ae0c-4a8b-a438-a843aa2024fa/click'
22:11:11.635 [AsyncHttpClient-1-14] DEBUG org.asynchttpclient.netty.handler.HttpHandler - 

Request DefaultHttpRequest(decodeResult: success, version: HTTP/1.1)
POST /session/d1cfec244bf1801101567b9ab30f2cd2/element/027a08c3-ae0c-4a8b-a438-a843aa2024fa/click HTTP/1.1
User-Agent: selenium/4.1.2 (java windows)
Content-Length: 50
Content-Type: application/json; charset=utf-8
host: localhost:51959
accept: */*

Response DefaultHttpResponse(decodeResult: success, version: HTTP/1.1)
HTTP/1.1 200 OK
Content-Type: application/json; charset=utf-8
cache-control: no-cache
content-length: 14

22:11:11.635 [AsyncHttpClient-1-14] DEBUG org.asynchttpclient.netty.channel.ChannelManager - Adding key: http://localhost:51959 for channel [id: 0x0db9f125, L:/127.0.0.1:61542 - R:localhost/127.0.0.1:51959]
  &amp#27;[32mThen &amp#27;[0m&amp#27;[32mI click baby on the header&amp#27;[0m &amp#27;[90m# starter.stepdefinitions.BabyStep.iClickBabyOnTheHeader()&amp#27;[0m
22:11:11.646 [Forwarding screenshot on session d1cfec244bf1801101567b9ab30f2cd2 to remote] DEBUG org.asynchttpclient.netty.request.NettyRequestSender - Using pooled Channel '[id: 0x0db9f125, L:/127.0.0.1:61542 - R:localhost/127.0.0.1:51959]' for 'GET' to 'http://localhost:51959/session/d1cfec244bf1801101567b9ab30f2cd2/screenshot'
22:11:11.646 [Forwarding screenshot on session d1cfec244bf1801101567b9ab30f2cd2 to remote] DEBUG org.asynchttpclient.netty.request.NettyRequestSender - Using open Channel [id: 0x0db9f125, L:/127.0.0.1:61542 - R:localhost/127.0.0.1:51959] for GET '/session/d1cfec244bf1801101567b9ab30f2cd2/screenshot'
22:11:12.139 [AsyncHttpClient-1-1] DEBUG org.asynchttpclient.netty.channel.DefaultChannelPool - Entry count for : http://localhost:61543 : 1
22:11:12.357 [AsyncHttpClient-1-14] DEBUG org.asynchttpclient.netty.handler.HttpHandler - 

Request DefaultFullHttpRequest(decodeResult: success, version: HTTP/1.1, content: EmptyByteBufBE)
GET /session/d1cfec244bf1801101567b9ab30f2cd2/screenshot HTTP/1.1
User-Agent: selenium/4.1.2 (java windows)
Cache-Control: no-cache
Content-Type: application/json; charset=utf-8
host: localhost:51959
accept: */*

Response DefaultHttpResponse(decodeResult: success, version: HTTP/1.1)
HTTP/1.1 200 OK
Content-Type: application/json; charset=utf-8
cache-control: no-cache
content-length: 137788

22:11:12.359 [AsyncHttpClient-1-14] DEBUG org.asynchttpclient.netty.channel.ChannelManager - Adding key: http://localhost:51959 for channel [id: 0x0db9f125, L:/127.0.0.1:61542 - R:localhost/127.0.0.1:51959]
22:11:12.365 [main] DEBUG net.serenitybdd.core.photography.Darkroom - Send negative for processing for target\site\serenity\1b72076c31f7eb980dcfba565e300d2b9bd7a35040291cd27074eb736e225966.png
22:11:12.365 [Darkroom Processing Line] DEBUG net.serenitybdd.core.photography.DarkroomProcessingLine - Processing screenshot image in /var/screenshots/screenshot-389017462517305267
22:11:12.365 [Darkroom Processing Line] DEBUG net.serenitybdd.core.photography.DarkroomProcessingLine - Saving screenshot to target\site\serenity\1b72076c31f7eb980dcfba565e300d2b9bd7a35040291cd27074eb736e225966.png
22:11:12.373 [Forwarding findElement on session d1cfec244bf1801101567b9ab30f2cd2 to remote] DEBUG org.asynchttpclient.netty.request.NettyRequestSender - Using pooled Channel '[id: 0x0db9f125, L:/127.0.0.1:61542 - R:localhost/127.0.0.1:51959]' for 'POST' to 'http://localhost:51959/session/d1cfec244bf1801101567b9ab30f2cd2/element'
22:11:12.373 [Forwarding findElement on session d1cfec244bf1801101567b9ab30f2cd2 to remote] DEBUG org.asynchttpclient.netty.request.NettyRequestSender - Using open Channel [id: 0x0db9f125, L:/127.0.0.1:61542 - R:localhost/127.0.0.1:51959] for POST '/session/d1cfec244bf1801101567b9ab30f2cd2/element'
22:11:12.385 [AsyncHttpClient-1-14] DEBUG org.asynchttpclient.netty.handler.HttpHandler - 

Request DefaultHttpRequest(decodeResult: success, version: HTTP/1.1)
POST /session/d1cfec244bf1801101567b9ab30f2cd2/element HTTP/1.1
User-Agent: selenium/4.1.2 (java windows)
Content-Length: 104
Content-Type: application/json; charset=utf-8
host: localhost:51959
accept: */*

Response DefaultHttpResponse(decodeResult: success, version: HTTP/1.1)
HTTP/1.1 200 OK
Content-Type: application/json; charset=utf-8
cache-control: no-cache
content-length: 88

22:11:12.385 [AsyncHttpClient-1-14] DEBUG org.asynchttpclient.netty.channel.ChannelManager - Adding key: http://localhost:51959 for channel [id: 0x0db9f125, L:/127.0.0.1:61542 - R:localhost/127.0.0.1:51959]
22:11:12.386 [Forwarding getElementTagName on session d1cfec244bf1801101567b9ab30f2cd2 to remote] DEBUG org.asynchttpclient.netty.request.NettyRequestSender - Using pooled Channel '[id: 0x0db9f125, L:/127.0.0.1:61542 - R:localhost/127.0.0.1:51959]' for 'GET' to 'http://localhost:51959/session/d1cfec244bf1801101567b9ab30f2cd2/element/3183a898-6bb7-48e4-a552-1c7e61c1aa6a/name'
22:11:12.386 [Forwarding getElementTagName on session d1cfec244bf1801101567b9ab30f2cd2 to remote] DEBUG org.asynchttpclient.netty.request.NettyRequestSender - Using open Channel [id: 0x0db9f125, L:/127.0.0.1:61542 - R:localhost/127.0.0.1:51959] for GET '/session/d1cfec244bf1801101567b9ab30f2cd2/element/3183a898-6bb7-48e4-a552-1c7e61c1aa6a/name'
22:11:12.391 [AsyncHttpClient-1-14] DEBUG org.asynchttpclient.netty.handler.HttpHandler - 

Request DefaultFullHttpRequest(decodeResult: success, version: HTTP/1.1, content: EmptyByteBufBE)
GET /session/d1cfec244bf1801101567b9ab30f2cd2/element/3183a898-6bb7-48e4-a552-1c7e61c1aa6a/name HTTP/1.1
User-Agent: selenium/4.1.2 (java windows)
Cache-Control: no-cache
Content-Type: application/json; charset=utf-8
host: localhost:51959
accept: */*

Response DefaultHttpResponse(decodeResult: success, version: HTTP/1.1)
HTTP/1.1 200 OK
Content-Type: application/json; charset=utf-8
cache-control: no-cache
content-length: 16

22:11:12.391 [AsyncHttpClient-1-14] DEBUG org.asynchttpclient.netty.channel.ChannelManager - Adding key: http://localhost:51959 for channel [id: 0x0db9f125, L:/127.0.0.1:61542 - R:localhost/127.0.0.1:51959]
22:11:12.394 [Forwarding getElementTagName on session d1cfec244bf1801101567b9ab30f2cd2 to remote] DEBUG org.asynchttpclient.netty.request.NettyRequestSender - Using pooled Channel '[id: 0x0db9f125, L:/127.0.0.1:61542 - R:localhost/127.0.0.1:51959]' for 'GET' to 'http://localhost:51959/session/d1cfec244bf1801101567b9ab30f2cd2/element/3183a898-6bb7-48e4-a552-1c7e61c1aa6a/name'
22:11:12.394 [Forwarding getElementTagName on session d1cfec244bf1801101567b9ab30f2cd2 to remote] DEBUG org.asynchttpclient.netty.request.NettyRequestSender - Using open Channel [id: 0x0db9f125, L:/127.0.0.1:61542 - R:localhost/127.0.0.1:51959] for GET '/session/d1cfec244bf1801101567b9ab30f2cd2/element/3183a898-6bb7-48e4-a552-1c7e61c1aa6a/name'
22:11:12.397 [AsyncHttpClient-1-14] DEBUG org.asynchttpclient.netty.handler.HttpHandler - 

Request DefaultFullHttpRequest(decodeResult: success, version: HTTP/1.1, content: EmptyByteBufBE)
GET /session/d1cfec244bf1801101567b9ab30f2cd2/element/3183a898-6bb7-48e4-a552-1c7e61c1aa6a/name HTTP/1.1
User-Agent: selenium/4.1.2 (java windows)
Cache-Control: no-cache
Content-Type: application/json; charset=utf-8
host: localhost:51959
accept: */*

Response DefaultHttpResponse(decodeResult: success, version: HTTP/1.1)
HTTP/1.1 200 OK
Content-Type: application/json; charset=utf-8
cache-control: no-cache
content-length: 16

22:11:12.397 [AsyncHttpClient-1-14] DEBUG org.asynchttpclient.netty.channel.ChannelManager - Adding key: http://localhost:51959 for channel [id: 0x0db9f125, L:/127.0.0.1:61542 - R:localhost/127.0.0.1:51959]
22:11:12.400 [Forwarding findElement on session d1cfec244bf1801101567b9ab30f2cd2 to remote] DEBUG org.asynchttpclient.netty.request.NettyRequestSender - Using pooled Channel '[id: 0x0db9f125, L:/127.0.0.1:61542 - R:localhost/127.0.0.1:51959]' for 'POST' to 'http://localhost:51959/session/d1cfec244bf1801101567b9ab30f2cd2/element'
22:11:12.400 [Forwarding findElement on session d1cfec244bf1801101567b9ab30f2cd2 to remote] DEBUG org.asynchttpclient.netty.request.NettyRequestSender - Using open Channel [id: 0x0db9f125, L:/127.0.0.1:61542 - R:localhost/127.0.0.1:51959] for POST '/session/d1cfec244bf1801101567b9ab30f2cd2/element'
22:11:12.408 [AsyncHttpClient-1-14] DEBUG org.asynchttpclient.netty.handler.HttpHandler - 

Request DefaultHttpRequest(decodeResult: success, version: HTTP/1.1)
POST /session/d1cfec244bf1801101567b9ab30f2cd2/element HTTP/1.1
User-Agent: selenium/4.1.2 (java windows)
Content-Length: 104
Content-Type: application/json; charset=utf-8
host: localhost:51959
accept: */*

Response DefaultHttpResponse(decodeResult: success, version: HTTP/1.1)
HTTP/1.1 200 OK
Content-Type: application/json; charset=utf-8
cache-control: no-cache
content-length: 88

22:11:12.408 [AsyncHttpClient-1-14] DEBUG org.asynchttpclient.netty.channel.ChannelManager - Adding key: http://localhost:51959 for channel [id: 0x0db9f125, L:/127.0.0.1:61542 - R:localhost/127.0.0.1:51959]
22:11:12.411 [Forwarding clickElement on session d1cfec244bf1801101567b9ab30f2cd2 to remote] DEBUG org.asynchttpclient.netty.request.NettyRequestSender - Using pooled Channel '[id: 0x0db9f125, L:/127.0.0.1:61542 - R:localhost/127.0.0.1:51959]' for 'POST' to 'http://localhost:51959/session/d1cfec244bf1801101567b9ab30f2cd2/element/3183a898-6bb7-48e4-a552-1c7e61c1aa6a/click'
22:11:12.411 [Forwarding clickElement on session d1cfec244bf1801101567b9ab30f2cd2 to remote] DEBUG org.asynchttpclient.netty.request.NettyRequestSender - Using open Channel [id: 0x0db9f125, L:/127.0.0.1:61542 - R:localhost/127.0.0.1:51959] for POST '/session/d1cfec244bf1801101567b9ab30f2cd2/element/3183a898-6bb7-48e4-a552-1c7e61c1aa6a/click'
22:11:12.585 [AsyncHttpClient-1-14] DEBUG org.asynchttpclient.netty.handler.HttpHandler - 

Request DefaultHttpRequest(decodeResult: success, version: HTTP/1.1)
POST /session/d1cfec244bf1801101567b9ab30f2cd2/element/3183a898-6bb7-48e4-a552-1c7e61c1aa6a/click HTTP/1.1
User-Agent: selenium/4.1.2 (java windows)
Content-Length: 50
Content-Type: application/json; charset=utf-8
host: localhost:51959
accept: */*

Response DefaultHttpResponse(decodeResult: success, version: HTTP/1.1)
HTTP/1.1 200 OK
Content-Type: application/json; charset=utf-8
cache-control: no-cache
content-length: 14

22:11:12.585 [AsyncHttpClient-1-14] DEBUG org.asynchttpclient.netty.channel.ChannelManager - Adding key: http://localhost:51959 for channel [id: 0x0db9f125, L:/127.0.0.1:61542 - R:localhost/127.0.0.1:51959]
  &amp#27;[32mWhen &amp#27;[0m&amp#27;[32mI will go to &amp#27;[0m&amp#27;[32m&amp#27;[1m"luaran1"&amp#27;[0m     &amp#27;[90m# starter.stepdefinitions.BabyStep.iWillGoTo(java.lang.String)&amp#27;[0m
22:11:12.594 [Forwarding screenshot on session d1cfec244bf1801101567b9ab30f2cd2 to remote] DEBUG org.asynchttpclient.netty.request.NettyRequestSender - Using pooled Channel '[id: 0x0db9f125, L:/127.0.0.1:61542 - R:localhost/127.0.0.1:51959]' for 'GET' to 'http://localhost:51959/session/d1cfec244bf1801101567b9ab30f2cd2/screenshot'
22:11:12.594 [Forwarding screenshot on session d1cfec244bf1801101567b9ab30f2cd2 to remote] DEBUG org.asynchttpclient.netty.request.NettyRequestSender - Using open Channel [id: 0x0db9f125, L:/127.0.0.1:61542 - R:localhost/127.0.0.1:51959] for GET '/session/d1cfec244bf1801101567b9ab30f2cd2/screenshot'
22:11:12.793 [AsyncHttpClient-1-14] DEBUG org.asynchttpclient.netty.handler.HttpHandler - 

Request DefaultFullHttpRequest(decodeResult: success, version: HTTP/1.1, content: EmptyByteBufBE)
GET /session/d1cfec244bf1801101567b9ab30f2cd2/screenshot HTTP/1.1
User-Agent: selenium/4.1.2 (java windows)
Cache-Control: no-cache
Content-Type: application/json; charset=utf-8
host: localhost:51959
accept: */*

Response DefaultHttpResponse(decodeResult: success, version: HTTP/1.1)
HTTP/1.1 200 OK
Content-Type: application/json; charset=utf-8
cache-control: no-cache
content-length: 82848

22:11:12.794 [AsyncHttpClient-1-14] DEBUG org.asynchttpclient.netty.channel.ChannelManager - Adding key: http://localhost:51959 for channel [id: 0x0db9f125, L:/127.0.0.1:61542 - R:localhost/127.0.0.1:51959]
22:11:12.797 [main] DEBUG net.serenitybdd.core.photography.Darkroom - Send negative for processing for target\site\serenity\c1467a5414a5d63654eeb294ae022e54f40bf1283a5d662433052916d5852a87.png
22:11:12.797 [Darkroom Processing Line] DEBUG net.serenitybdd.core.photography.DarkroomProcessingLine - Processing screenshot image in /var/screenshots/screenshot-8805432104444169287
22:11:12.797 [Darkroom Processing Line] DEBUG net.serenitybdd.core.photography.DarkroomProcessingLine - Saving screenshot to target\site\serenity\c1467a5414a5d63654eeb294ae022e54f40bf1283a5d662433052916d5852a87.png
  &amp#27;[32mAnd &amp#27;[0m&amp#27;[32mI &amp#27;[0m&amp#27;[32m&amp#27;[1m"txtLuaran1"&amp#27;[0m&amp#27;[32m page&amp#27;[0m         &amp#27;[90m# starter.stepdefinitions.BabyStep.iPage(java.lang.String)&amp#27;[0m
22:11:12.814 [AsyncHttpClient-1-16] DEBUG org.asynchttpclient.netty.handler.WebSocketHandler - Channel Closed: [id: 0x5e9b0528, L:/127.0.0.1:61550 ! R:localhost/127.0.0.1:61543] with attribute NettyResponseFuture{currentRetry=5,
	isDone=1,
	isCancelled=0,
	asyncHandler=org.asynchttpclient.ws.WebSocketUpgradeHandler@6e05a4d1,
	nettyRequest=org.asynchttpclient.netty.request.NettyRequest@2b072775,
	future=java.util.concurrent.CompletableFuture@218d6573[Completed normally],
	uri=ws://localhost:61543/devtools/browser/4821c428-2d3a-44da-b168-c85a2a953dc2,
	keepAlive=true,
	redirectCount=0,
	timeoutsHolder=null,
	inAuth=0,
	touch=1680707461230}
22:11:12.814 [AsyncHttpClient-1-16] DEBUG org.asynchttpclient.netty.channel.ChannelManager - Closing Channel [id: 0x5e9b0528, L:/127.0.0.1:61550 ! R:localhost/127.0.0.1:61543] 
22:11:12.814 [Driver Command Executor] DEBUG org.asynchttpclient.netty.request.NettyRequestSender - Using pooled Channel '[id: 0x0db9f125, L:/127.0.0.1:61542 - R:localhost/127.0.0.1:51959]' for 'DELETE' to 'http://localhost:51959/session/d1cfec244bf1801101567b9ab30f2cd2'
22:11:12.814 [Driver Command Executor] DEBUG org.asynchttpclient.netty.request.NettyRequestSender - Using open Channel [id: 0x0db9f125, L:/127.0.0.1:61542 - R:localhost/127.0.0.1:51959] for DELETE '/session/d1cfec244bf1801101567b9ab30f2cd2'
22:11:12.839 [AsyncHttpClient-1-15] DEBUG org.asynchttpclient.netty.handler.HttpHandler - Unexpected I/O exception on channel [id: 0xdbf61275, L:/127.0.0.1:61549 - R:localhost/127.0.0.1:61543]
java.net.SocketException: Connection reset
	at java.base/sun.nio.ch.SocketChannelImpl.throwConnectionReset(SocketChannelImpl.java:345)
	at java.base/sun.nio.ch.SocketChannelImpl.read(SocketChannelImpl.java:376)
	at io.netty.buffer.PooledByteBuf.setBytes(PooledByteBuf.java:258)
	at io.netty.buffer.AbstractByteBuf.writeBytes(AbstractByteBuf.java:1132)
	at io.netty.channel.socket.nio.NioSocketChannel.doReadBytes(NioSocketChannel.java:350)
	at io.netty.channel.nio.AbstractNioByteChannel$NioByteUnsafe.read(AbstractNioByteChannel.java:151)
	at io.netty.channel.nio.NioEventLoop.processSelectedKey(NioEventLoop.java:722)
	at io.netty.channel.nio.NioEventLoop.processSelectedKeysOptimized(NioEventLoop.java:658)
	at io.netty.channel.nio.NioEventLoop.processSelectedKeys(NioEventLoop.java:584)
	at io.netty.channel.nio.NioEventLoop.run(NioEventLoop.java:496)
	at io.netty.util.concurrent.SingleThreadEventExecutor$4.run(SingleThreadEventExecutor.java:986)
	at io.netty.util.internal.ThreadExecutorMap$2.run(ThreadExecutorMap.java:74)
	at io.netty.util.concurrent.FastThreadLocalRunnable.run(FastThreadLocalRunnable.java:30)
	at java.base/java.lang.Thread.run(Thread.java:830)
22:11:12.839 [AsyncHttpClient-1-15] DEBUG org.asynchttpclient.netty.channel.ChannelManager - Closing Channel [id: 0xdbf61275, L:/127.0.0.1:61549 - R:localhost/127.0.0.1:61543] 
22:11:12.840 [AsyncHttpClient-1-15] DEBUG org.asynchttpclient.netty.handler.HttpHandler - Channel Closed: [id: 0xdbf61275, L:/127.0.0.1:61549 ! R:localhost/127.0.0.1:61543] with attribute DISCARD
22:11:12.862 [AsyncHttpClient-1-14] DEBUG org.asynchttpclient.netty.handler.HttpHandler - 

Request DefaultFullHttpRequest(decodeResult: success, version: HTTP/1.1, content: EmptyByteBufBE)
DELETE /session/d1cfec244bf1801101567b9ab30f2cd2 HTTP/1.1
User-Agent: selenium/4.1.2 (java windows)
Content-Type: application/json; charset=utf-8
host: localhost:51959
accept: */*

Response DefaultHttpResponse(decodeResult: success, version: HTTP/1.1)
HTTP/1.1 200 OK
Content-Type: application/json; charset=utf-8
cache-control: no-cache
content-length: 14

22:11:12.863 [AsyncHttpClient-1-14] DEBUG org.asynchttpclient.netty.channel.ChannelManager - Adding key: http://localhost:51959 for channel [id: 0x0db9f125, L:/127.0.0.1:61542 - R:localhost/127.0.0.1:51959]
22:11:13.018 [AsyncHttpClient-1-14] DEBUG org.asynchttpclient.netty.handler.HttpHandler - Channel Closed: [id: 0x0db9f125, L:/127.0.0.1:61542 ! R:localhost/127.0.0.1:51959] with attribute DISCARD
22:11:13.238 [AsyncHttpClient-1-1] DEBUG org.asynchttpclient.netty.channel.DefaultChannelPool - Entry count for : http://localhost:51959 : 1
22:11:13.238 [AsyncHttpClient-1-1] DEBUG org.asynchttpclient.netty.channel.DefaultChannelPool - Entry count for : http://localhost:61543 : 1
22:11:13.238 [AsyncHttpClient-1-1] DEBUG org.asynchttpclient.netty.channel.DefaultChannelPool - Adding Candidate expired Channel [id: 0x0db9f125, L:/127.0.0.1:61542 ! R:localhost/127.0.0.1:51959] isIdleTimeoutExpired=false isRemotelyClosed=true isTtlExpired=false
22:11:13.238 [AsyncHttpClient-1-1] DEBUG org.asynchttpclient.netty.channel.DefaultChannelPool - Closing Idle Channel [id: 0x0db9f125, L:/127.0.0.1:61542 ! R:localhost/127.0.0.1:51959]
22:11:13.238 [AsyncHttpClient-1-1] DEBUG org.asynchttpclient.netty.channel.DefaultChannelPool - Adding Candidate expired Channel [id: 0xdbf61275, L:/127.0.0.1:61549 ! R:localhost/127.0.0.1:61543] isIdleTimeoutExpired=false isRemotelyClosed=true isTtlExpired=false
22:11:13.238 [AsyncHttpClient-1-1] DEBUG org.asynchttpclient.netty.channel.DefaultChannelPool - Closing Idle Channel [id: 0xdbf61275, L:/127.0.0.1:61549 ! R:localhost/127.0.0.1:61543]
22:11:13.238 [AsyncHttpClient-1-1] DEBUG org.asynchttpclient.netty.channel.DefaultChannelPool - Closed 2 connections out of 2 in 0 ms
]]></system-out>
    <system-err><![CDATA[Starting Microsoft Edge WebDriver 111.0.1661.62 (0a8f453929e6410c973aa529a40485ce4e3e03db) on port 51959
To submit feedback, report a bug, or suggest new features, please visit https://github.com/MicrosoftEdge/EdgeWebDriver

Only local connections are allowed.
Please see https://aka.ms/WebDriverSecurity for suggestions on keeping Microsoft Edge WebDriver safe.

Microsoft Edge WebDriver was started successfully.
Apr 05, 2023 10:11:01 PM org.openqa.selenium.remote.ProtocolHandshake createSession
INFO: Detected dialect: W3C
Apr 05, 2023 10:11:01 PM org.openqa.selenium.devtools.CdpVersionFinder findNearestMatch
WARNING: Unable to find an exact match for CDP version 111, so returning the closest version found: a no-op implementation
Apr 05, 2023 10:11:01 PM org.openqa.selenium.devtools.CdpVersionFinder findNearestMatch
INFO: Unable to find CDP implementation matching 111.
Apr 05, 2023 10:11:01 PM org.openqa.selenium.chromium.ChromiumDriver lambda$new$3
WARNING: Unable to find version of CDP to use for . You may need to include a dependency on a specific version of the CDP using something similar to `org.seleniumhq.selenium:selenium-devtools-v86:4.1.2` where the version ("v86") matches the version of the chromium-based browser you're using and the version number of the artifact is the same as Selenium's.
]]></system-err>
  </testcase>
  <testcase name="Fitur Menu Baby #6" classname="Baby" time="22.069">
    <system-out><![CDATA[
Scenario Outline: Fitur Menu Baby &amp#27;[90m# src/test/resources/features/Baby.feature:98&amp#27;[0m
22:11:13.614 [main] INFO io.cucumber.core.plugin.SerenityReporter - Running feature from file:///C:/Users/alwi/IdeaProjects/uniqloweb/src/test/resources/features/Baby.feature
22:11:13.730 [main] DEBUG io.github.bonigarcia.wdm.cache.ResolutionCache - Resolution edge=111 in cache (valid until 23:09:49 05/04/2023 WIB)
22:11:13.734 [main] DEBUG io.github.bonigarcia.wdm.cache.ResolutionCache - Resolution edge111=111.0.1661.62 in cache (valid until 15:17:30 06/04/2023 WIB)
22:11:13.735 [main] INFO io.github.bonigarcia.wdm.WebDriverManager - Using msedgedriver 111.0.1661.62 (resolved driver for Edge 111)
22:11:13.747 [main] DEBUG io.github.bonigarcia.wdm.WebDriverManager - Driver msedgedriver 111.0.1661.62 found in cache
22:11:13.747 [main] INFO io.github.bonigarcia.wdm.WebDriverManager - Exporting webdriver.edge.driver as C:\Users\alwi\.cache\selenium\msedgedriver\win64\111.0.1661.62\msedgedriver.exe
22:11:13.750 [main] DEBUG net.serenitybdd.core.webdriver.driverproviders.ProvideNewDriver - Instantiating driver
22:11:13.750 [main] DEBUG net.serenitybdd.core.webdriver.driverproviders.ProvideNewDriver - Driver capabilities: Capabilities {base.url: https://www.uniqlo.com, chrome.driver: src/test/resources/webdrive..., driver: edge, ms:edgeChromium: true, ms:edgeOptions: {}, wait.for.timeout: 6000}
22:11:14.290 [AsyncHttpClient-1-17] DEBUG org.asynchttpclient.netty.channel.NettyConnectListener - Using new Channel '[id: 0x12719cb1, L:/127.0.0.1:61685 - R:localhost/127.0.0.1:62427]' for 'POST' to '/session'
22:11:14.822 [AsyncHttpClient-1-17] DEBUG org.asynchttpclient.netty.handler.HttpHandler - 

Request DefaultHttpRequest(decodeResult: success, version: HTTP/1.1)
POST /session HTTP/1.1
User-Agent: selenium/4.1.2 (java windows)
Content-Length: 627
Content-Type: application/json; charset=utf-8
host: localhost:62427
accept: */*

Response DefaultHttpResponse(decodeResult: success, version: HTTP/1.1)
HTTP/1.1 200 OK
Content-Type: application/json; charset=utf-8
cache-control: no-cache
content-length: 823

22:11:14.822 [AsyncHttpClient-1-17] DEBUG org.asynchttpclient.netty.channel.ChannelManager - Adding key: http://localhost:62427 for channel [id: 0x12719cb1, L:/127.0.0.1:61685 - R:localhost/127.0.0.1:62427]
22:11:14.828 [AsyncHttpClient-1-2] DEBUG org.asynchttpclient.netty.channel.NettyConnectListener - Using new Channel '[id: 0x0fcd76cc, L:/127.0.0.1:61693 - R:localhost/127.0.0.1:61686]' for 'GET' to '/json/version'
22:11:14.833 [AsyncHttpClient-1-2] DEBUG org.asynchttpclient.netty.handler.HttpHandler - 

Request DefaultFullHttpRequest(decodeResult: success, version: HTTP/1.1, content: EmptyByteBufBE)
GET /json/version HTTP/1.1
User-Agent: selenium/4.1.2 (java windows)
host: localhost:61686
accept: */*

Response DefaultHttpResponse(decodeResult: success, version: HTTP/1.1)
HTTP/1.1 200 OK
Content-Security-Policy: frame-ancestors 'none'
Content-Type: application/json; charset=UTF-8
content-length: 436

22:11:14.833 [AsyncHttpClient-1-2] DEBUG org.asynchttpclient.netty.channel.ChannelManager - Adding key: http://localhost:61686 for channel [id: 0x0fcd76cc, L:/127.0.0.1:61693 - R:localhost/127.0.0.1:61686]
22:11:14.836 [AsyncHttpClient-1-3] DEBUG org.asynchttpclient.netty.channel.NettyConnectListener - Using new Channel '[id: 0xf0178be0, L:/127.0.0.1:61694 - R:localhost/127.0.0.1:61686]' for 'GET' to '/devtools/browser/a9dbd3c7-9f1f-4bf7-abb4-07ee1823bdaf'
22:11:14.837 [AsyncHttpClient-1-3] DEBUG org.asynchttpclient.netty.handler.WebSocketHandler - 

Request DefaultFullHttpRequest(decodeResult: success, version: HTTP/1.1, content: EmptyByteBufBE)
GET /devtools/browser/a9dbd3c7-9f1f-4bf7-abb4-07ee1823bdaf HTTP/1.1
upgrade: websocket
connection: upgrade
sec-websocket-key: DUcx2joUSv/Tk+qprHx1RA==
sec-websocket-version: 13
origin: http://localhost:61686
host: localhost:61686
accept: */*
user-agent: AHC/2.1

Response DefaultHttpResponse(decodeResult: success, version: HTTP/1.1)
HTTP/1.1 101 WebSocket Protocol Handshake
Upgrade: WebSocket
Connection: Upgrade
Sec-WebSocket-Accept: F5sCkot3WrfQ9BfuxDQG1JBw7bU=

22:11:14.841 [Forwarding get on session a01b77d986c9506026cb9f1f602b7ad4 to remote] DEBUG org.asynchttpclient.netty.request.NettyRequestSender - Using pooled Channel '[id: 0x12719cb1, L:/127.0.0.1:61685 - R:localhost/127.0.0.1:62427]' for 'POST' to 'http://localhost:62427/session/a01b77d986c9506026cb9f1f602b7ad4/url'
22:11:14.841 [Forwarding get on session a01b77d986c9506026cb9f1f602b7ad4 to remote] DEBUG org.asynchttpclient.netty.request.NettyRequestSender - Using open Channel [id: 0x12719cb1, L:/127.0.0.1:61685 - R:localhost/127.0.0.1:62427] for POST '/session/a01b77d986c9506026cb9f1f602b7ad4/url'
22:11:15.441 [AsyncHttpClient-1-1] DEBUG org.asynchttpclient.netty.channel.DefaultChannelPool - Entry count for : http://localhost:61686 : 1
22:11:16.541 [AsyncHttpClient-1-1] DEBUG org.asynchttpclient.netty.channel.DefaultChannelPool - Entry count for : http://localhost:61686 : 1
22:11:17.648 [AsyncHttpClient-1-1] DEBUG org.asynchttpclient.netty.channel.DefaultChannelPool - Entry count for : http://localhost:61686 : 1
22:11:18.741 [AsyncHttpClient-1-1] DEBUG org.asynchttpclient.netty.channel.DefaultChannelPool - Entry count for : http://localhost:61686 : 1
22:11:19.848 [AsyncHttpClient-1-1] DEBUG org.asynchttpclient.netty.channel.DefaultChannelPool - Entry count for : http://localhost:61686 : 1
22:11:20.937 [AsyncHttpClient-1-1] DEBUG org.asynchttpclient.netty.channel.DefaultChannelPool - Entry count for : http://localhost:61686 : 1
22:11:22.042 [AsyncHttpClient-1-1] DEBUG org.asynchttpclient.netty.channel.DefaultChannelPool - Entry count for : http://localhost:61686 : 1
22:11:23.137 [AsyncHttpClient-1-1] DEBUG org.asynchttpclient.netty.channel.DefaultChannelPool - Entry count for : http://localhost:61686 : 1
22:11:24.238 [AsyncHttpClient-1-1] DEBUG org.asynchttpclient.netty.channel.DefaultChannelPool - Entry count for : http://localhost:61686 : 1
22:11:25.347 [AsyncHttpClient-1-1] DEBUG org.asynchttpclient.netty.channel.DefaultChannelPool - Entry count for : http://localhost:61686 : 1
22:11:26.439 [AsyncHttpClient-1-1] DEBUG org.asynchttpclient.netty.channel.DefaultChannelPool - Entry count for : http://localhost:61686 : 1
22:11:27.546 [AsyncHttpClient-1-1] DEBUG org.asynchttpclient.netty.channel.DefaultChannelPool - Entry count for : http://localhost:61686 : 1
22:11:28.639 [AsyncHttpClient-1-1] DEBUG org.asynchttpclient.netty.channel.DefaultChannelPool - Entry count for : http://localhost:61686 : 1
22:11:29.742 [AsyncHttpClient-1-1] DEBUG org.asynchttpclient.netty.channel.DefaultChannelPool - Entry count for : http://localhost:61686 : 1
22:11:30.838 [AsyncHttpClient-1-1] DEBUG org.asynchttpclient.netty.channel.DefaultChannelPool - Entry count for : http://localhost:61686 : 1
22:11:31.940 [AsyncHttpClient-1-1] DEBUG org.asynchttpclient.netty.channel.DefaultChannelPool - Entry count for : http://localhost:61686 : 1
22:11:32.598 [AsyncHttpClient-1-17] DEBUG org.asynchttpclient.netty.handler.HttpHandler - 

Request DefaultHttpRequest(decodeResult: success, version: HTTP/1.1)
POST /session/a01b77d986c9506026cb9f1f602b7ad4/url HTTP/1.1
User-Agent: selenium/4.1.2 (java windows)
Content-Length: 53
Content-Type: application/json; charset=utf-8
host: localhost:62427
accept: */*

Response DefaultHttpResponse(decodeResult: success, version: HTTP/1.1)
HTTP/1.1 200 OK
Content-Type: application/json; charset=utf-8
cache-control: no-cache
content-length: 14

22:11:32.598 [AsyncHttpClient-1-17] DEBUG org.asynchttpclient.netty.channel.ChannelManager - Adding key: http://localhost:62427 for channel [id: 0x12719cb1, L:/127.0.0.1:61685 - R:localhost/127.0.0.1:62427]
22:11:32.601 [Forwarding setTimeout on session a01b77d986c9506026cb9f1f602b7ad4 to remote] DEBUG org.asynchttpclient.netty.request.NettyRequestSender - Using pooled Channel '[id: 0x12719cb1, L:/127.0.0.1:61685 - R:localhost/127.0.0.1:62427]' for 'POST' to 'http://localhost:62427/session/a01b77d986c9506026cb9f1f602b7ad4/timeouts'
22:11:32.601 [Forwarding setTimeout on session a01b77d986c9506026cb9f1f602b7ad4 to remote] DEBUG org.asynchttpclient.netty.request.NettyRequestSender - Using open Channel [id: 0x12719cb1, L:/127.0.0.1:61685 - R:localhost/127.0.0.1:62427] for POST '/session/a01b77d986c9506026cb9f1f602b7ad4/timeouts'
22:11:32.601 [AsyncHttpClient-1-17] DEBUG org.asynchttpclient.netty.handler.HttpHandler - 

Request DefaultHttpRequest(decodeResult: success, version: HTTP/1.1)
POST /session/a01b77d986c9506026cb9f1f602b7ad4/timeouts HTTP/1.1
User-Agent: selenium/4.1.2 (java windows)
Content-Length: 22
Content-Type: application/json; charset=utf-8
host: localhost:62427
accept: */*

Response DefaultHttpResponse(decodeResult: success, version: HTTP/1.1)
HTTP/1.1 200 OK
Content-Type: application/json; charset=utf-8
cache-control: no-cache
content-length: 14

22:11:32.601 [AsyncHttpClient-1-17] DEBUG org.asynchttpclient.netty.channel.ChannelManager - Adding key: http://localhost:62427 for channel [id: 0x12719cb1, L:/127.0.0.1:61685 - R:localhost/127.0.0.1:62427]
22:11:32.605 [Forwarding getCurrentUrl on session a01b77d986c9506026cb9f1f602b7ad4 to remote] DEBUG org.asynchttpclient.netty.request.NettyRequestSender - Using pooled Channel '[id: 0x12719cb1, L:/127.0.0.1:61685 - R:localhost/127.0.0.1:62427]' for 'GET' to 'http://localhost:62427/session/a01b77d986c9506026cb9f1f602b7ad4/url'
22:11:32.605 [Forwarding getCurrentUrl on session a01b77d986c9506026cb9f1f602b7ad4 to remote] DEBUG org.asynchttpclient.netty.request.NettyRequestSender - Using open Channel [id: 0x12719cb1, L:/127.0.0.1:61685 - R:localhost/127.0.0.1:62427] for GET '/session/a01b77d986c9506026cb9f1f602b7ad4/url'
22:11:32.616 [AsyncHttpClient-1-17] DEBUG org.asynchttpclient.netty.handler.HttpHandler - 

Request DefaultFullHttpRequest(decodeResult: success, version: HTTP/1.1, content: EmptyByteBufBE)
GET /session/a01b77d986c9506026cb9f1f602b7ad4/url HTTP/1.1
User-Agent: selenium/4.1.2 (java windows)
Cache-Control: no-cache
Content-Type: application/json; charset=utf-8
host: localhost:62427
accept: */*

Response DefaultHttpResponse(decodeResult: success, version: HTTP/1.1)
HTTP/1.1 200 OK
Content-Type: application/json; charset=utf-8
cache-control: no-cache
content-length: 41

22:11:32.616 [AsyncHttpClient-1-17] DEBUG org.asynchttpclient.netty.channel.ChannelManager - Adding key: http://localhost:62427 for channel [id: 0x12719cb1, L:/127.0.0.1:61685 - R:localhost/127.0.0.1:62427]
  &amp#27;[32mGiven &amp#27;[0m&amp#27;[32mI am on the home page&amp#27;[0m     &amp#27;[90m# starter.stepdefinitions.BabyStep.iAmOnTheHomePage()&amp#27;[0m
22:11:32.621 [Forwarding screenshot on session a01b77d986c9506026cb9f1f602b7ad4 to remote] DEBUG org.asynchttpclient.netty.request.NettyRequestSender - Using pooled Channel '[id: 0x12719cb1, L:/127.0.0.1:61685 - R:localhost/127.0.0.1:62427]' for 'GET' to 'http://localhost:62427/session/a01b77d986c9506026cb9f1f602b7ad4/screenshot'
22:11:32.621 [Forwarding screenshot on session a01b77d986c9506026cb9f1f602b7ad4 to remote] DEBUG org.asynchttpclient.netty.request.NettyRequestSender - Using open Channel [id: 0x12719cb1, L:/127.0.0.1:61685 - R:localhost/127.0.0.1:62427] for GET '/session/a01b77d986c9506026cb9f1f602b7ad4/screenshot'
22:11:32.939 [AsyncHttpClient-1-17] DEBUG org.asynchttpclient.netty.handler.HttpHandler - 

Request DefaultFullHttpRequest(decodeResult: success, version: HTTP/1.1, content: EmptyByteBufBE)
GET /session/a01b77d986c9506026cb9f1f602b7ad4/screenshot HTTP/1.1
User-Agent: selenium/4.1.2 (java windows)
Cache-Control: no-cache
Content-Type: application/json; charset=utf-8
host: localhost:62427
accept: */*

Response DefaultHttpResponse(decodeResult: success, version: HTTP/1.1)
HTTP/1.1 200 OK
Content-Type: application/json; charset=utf-8
cache-control: no-cache
content-length: 1119968

22:11:32.942 [AsyncHttpClient-1-17] DEBUG org.asynchttpclient.netty.channel.ChannelManager - Adding key: http://localhost:62427 for channel [id: 0x12719cb1, L:/127.0.0.1:61685 - R:localhost/127.0.0.1:62427]
22:11:32.978 [main] DEBUG net.serenitybdd.core.photography.Darkroom - Send negative for processing for target\site\serenity\3d1b19ad31921c0beae4332facd941fcc81467ad5802877977ec6c100df601ce.png
22:11:32.987 [Forwarding findElement on session a01b77d986c9506026cb9f1f602b7ad4 to remote] DEBUG org.asynchttpclient.netty.request.NettyRequestSender - Using pooled Channel '[id: 0x12719cb1, L:/127.0.0.1:61685 - R:localhost/127.0.0.1:62427]' for 'POST' to 'http://localhost:62427/session/a01b77d986c9506026cb9f1f602b7ad4/element'
22:11:32.987 [Forwarding findElement on session a01b77d986c9506026cb9f1f602b7ad4 to remote] DEBUG org.asynchttpclient.netty.request.NettyRequestSender - Using open Channel [id: 0x12719cb1, L:/127.0.0.1:61685 - R:localhost/127.0.0.1:62427] for POST '/session/a01b77d986c9506026cb9f1f602b7ad4/element'
22:11:33.000 [AsyncHttpClient-1-17] DEBUG org.asynchttpclient.netty.handler.HttpHandler - 

Request DefaultHttpRequest(decodeResult: success, version: HTTP/1.1)
POST /session/a01b77d986c9506026cb9f1f602b7ad4/element HTTP/1.1
User-Agent: selenium/4.1.2 (java windows)
Content-Length: 81
Content-Type: application/json; charset=utf-8
host: localhost:62427
accept: */*

Response DefaultHttpResponse(decodeResult: success, version: HTTP/1.1)
HTTP/1.1 200 OK
Content-Type: application/json; charset=utf-8
cache-control: no-cache
content-length: 88

22:11:33.001 [AsyncHttpClient-1-17] DEBUG org.asynchttpclient.netty.channel.ChannelManager - Adding key: http://localhost:62427 for channel [id: 0x12719cb1, L:/127.0.0.1:61685 - R:localhost/127.0.0.1:62427]
22:11:33.002 [Forwarding getElementTagName on session a01b77d986c9506026cb9f1f602b7ad4 to remote] DEBUG org.asynchttpclient.netty.request.NettyRequestSender - Using pooled Channel '[id: 0x12719cb1, L:/127.0.0.1:61685 - R:localhost/127.0.0.1:62427]' for 'GET' to 'http://localhost:62427/session/a01b77d986c9506026cb9f1f602b7ad4/element/0f304518-afa6-44cd-a368-d85549d5c4dd/name'
22:11:33.002 [Forwarding getElementTagName on session a01b77d986c9506026cb9f1f602b7ad4 to remote] DEBUG org.asynchttpclient.netty.request.NettyRequestSender - Using open Channel [id: 0x12719cb1, L:/127.0.0.1:61685 - R:localhost/127.0.0.1:62427] for GET '/session/a01b77d986c9506026cb9f1f602b7ad4/element/0f304518-afa6-44cd-a368-d85549d5c4dd/name'
22:11:33.007 [AsyncHttpClient-1-17] DEBUG org.asynchttpclient.netty.handler.HttpHandler - 

Request DefaultFullHttpRequest(decodeResult: success, version: HTTP/1.1, content: EmptyByteBufBE)
GET /session/a01b77d986c9506026cb9f1f602b7ad4/element/0f304518-afa6-44cd-a368-d85549d5c4dd/name HTTP/1.1
User-Agent: selenium/4.1.2 (java windows)
Cache-Control: no-cache
Content-Type: application/json; charset=utf-8
host: localhost:62427
accept: */*

Response DefaultHttpResponse(decodeResult: success, version: HTTP/1.1)
HTTP/1.1 200 OK
Content-Type: application/json; charset=utf-8
cache-control: no-cache
content-length: 16

22:11:33.007 [AsyncHttpClient-1-17] DEBUG org.asynchttpclient.netty.channel.ChannelManager - Adding key: http://localhost:62427 for channel [id: 0x12719cb1, L:/127.0.0.1:61685 - R:localhost/127.0.0.1:62427]
22:11:33.008 [Forwarding getElementTagName on session a01b77d986c9506026cb9f1f602b7ad4 to remote] DEBUG org.asynchttpclient.netty.request.NettyRequestSender - Using pooled Channel '[id: 0x12719cb1, L:/127.0.0.1:61685 - R:localhost/127.0.0.1:62427]' for 'GET' to 'http://localhost:62427/session/a01b77d986c9506026cb9f1f602b7ad4/element/0f304518-afa6-44cd-a368-d85549d5c4dd/name'
22:11:33.008 [Forwarding getElementTagName on session a01b77d986c9506026cb9f1f602b7ad4 to remote] DEBUG org.asynchttpclient.netty.request.NettyRequestSender - Using open Channel [id: 0x12719cb1, L:/127.0.0.1:61685 - R:localhost/127.0.0.1:62427] for GET '/session/a01b77d986c9506026cb9f1f602b7ad4/element/0f304518-afa6-44cd-a368-d85549d5c4dd/name'
22:11:33.011 [AsyncHttpClient-1-17] DEBUG org.asynchttpclient.netty.handler.HttpHandler - 

Request DefaultFullHttpRequest(decodeResult: success, version: HTTP/1.1, content: EmptyByteBufBE)
GET /session/a01b77d986c9506026cb9f1f602b7ad4/element/0f304518-afa6-44cd-a368-d85549d5c4dd/name HTTP/1.1
User-Agent: selenium/4.1.2 (java windows)
Cache-Control: no-cache
Content-Type: application/json; charset=utf-8
host: localhost:62427
accept: */*

Response DefaultHttpResponse(decodeResult: success, version: HTTP/1.1)
HTTP/1.1 200 OK
Content-Type: application/json; charset=utf-8
cache-control: no-cache
content-length: 16

22:11:33.011 [AsyncHttpClient-1-17] DEBUG org.asynchttpclient.netty.channel.ChannelManager - Adding key: http://localhost:62427 for channel [id: 0x12719cb1, L:/127.0.0.1:61685 - R:localhost/127.0.0.1:62427]
22:11:33.013 [Forwarding findElement on session a01b77d986c9506026cb9f1f602b7ad4 to remote] DEBUG org.asynchttpclient.netty.request.NettyRequestSender - Using pooled Channel '[id: 0x12719cb1, L:/127.0.0.1:61685 - R:localhost/127.0.0.1:62427]' for 'POST' to 'http://localhost:62427/session/a01b77d986c9506026cb9f1f602b7ad4/element'
22:11:33.013 [Forwarding findElement on session a01b77d986c9506026cb9f1f602b7ad4 to remote] DEBUG org.asynchttpclient.netty.request.NettyRequestSender - Using open Channel [id: 0x12719cb1, L:/127.0.0.1:61685 - R:localhost/127.0.0.1:62427] for POST '/session/a01b77d986c9506026cb9f1f602b7ad4/element'
22:11:33.020 [AsyncHttpClient-1-17] DEBUG org.asynchttpclient.netty.handler.HttpHandler - 

Request DefaultHttpRequest(decodeResult: success, version: HTTP/1.1)
POST /session/a01b77d986c9506026cb9f1f602b7ad4/element HTTP/1.1
User-Agent: selenium/4.1.2 (java windows)
Content-Length: 81
Content-Type: application/json; charset=utf-8
host: localhost:62427
accept: */*

Response DefaultHttpResponse(decodeResult: success, version: HTTP/1.1)
HTTP/1.1 200 OK
Content-Type: application/json; charset=utf-8
cache-control: no-cache
content-length: 88

22:11:33.020 [AsyncHttpClient-1-17] DEBUG org.asynchttpclient.netty.channel.ChannelManager - Adding key: http://localhost:62427 for channel [id: 0x12719cb1, L:/127.0.0.1:61685 - R:localhost/127.0.0.1:62427]
22:11:33.022 [Forwarding clickElement on session a01b77d986c9506026cb9f1f602b7ad4 to remote] DEBUG org.asynchttpclient.netty.request.NettyRequestSender - Using pooled Channel '[id: 0x12719cb1, L:/127.0.0.1:61685 - R:localhost/127.0.0.1:62427]' for 'POST' to 'http://localhost:62427/session/a01b77d986c9506026cb9f1f602b7ad4/element/0f304518-afa6-44cd-a368-d85549d5c4dd/click'
22:11:33.022 [Forwarding clickElement on session a01b77d986c9506026cb9f1f602b7ad4 to remote] DEBUG org.asynchttpclient.netty.request.NettyRequestSender - Using open Channel [id: 0x12719cb1, L:/127.0.0.1:61685 - R:localhost/127.0.0.1:62427] for POST '/session/a01b77d986c9506026cb9f1f602b7ad4/element/0f304518-afa6-44cd-a368-d85549d5c4dd/click'
22:11:33.038 [AsyncHttpClient-1-1] DEBUG org.asynchttpclient.netty.channel.DefaultChannelPool - Entry count for : http://localhost:61686 : 1
22:11:33.506 [AsyncHttpClient-1-17] DEBUG org.asynchttpclient.netty.handler.HttpHandler - 

Request DefaultHttpRequest(decodeResult: success, version: HTTP/1.1)
POST /session/a01b77d986c9506026cb9f1f602b7ad4/element/0f304518-afa6-44cd-a368-d85549d5c4dd/click HTTP/1.1
User-Agent: selenium/4.1.2 (java windows)
Content-Length: 50
Content-Type: application/json; charset=utf-8
host: localhost:62427
accept: */*

Response DefaultHttpResponse(decodeResult: success, version: HTTP/1.1)
HTTP/1.1 200 OK
Content-Type: application/json; charset=utf-8
cache-control: no-cache
content-length: 14

22:11:33.507 [AsyncHttpClient-1-17] DEBUG org.asynchttpclient.netty.channel.ChannelManager - Adding key: http://localhost:62427 for channel [id: 0x12719cb1, L:/127.0.0.1:61685 - R:localhost/127.0.0.1:62427]
  &amp#27;[32mThen &amp#27;[0m&amp#27;[32mI click baby on the header&amp#27;[0m &amp#27;[90m# starter.stepdefinitions.BabyStep.iClickBabyOnTheHeader()&amp#27;[0m
22:11:33.521 [Forwarding screenshot on session a01b77d986c9506026cb9f1f602b7ad4 to remote] DEBUG org.asynchttpclient.netty.request.NettyRequestSender - Using pooled Channel '[id: 0x12719cb1, L:/127.0.0.1:61685 - R:localhost/127.0.0.1:62427]' for 'GET' to 'http://localhost:62427/session/a01b77d986c9506026cb9f1f602b7ad4/screenshot'
22:11:33.521 [Forwarding screenshot on session a01b77d986c9506026cb9f1f602b7ad4 to remote] DEBUG org.asynchttpclient.netty.request.NettyRequestSender - Using open Channel [id: 0x12719cb1, L:/127.0.0.1:61685 - R:localhost/127.0.0.1:62427] for GET '/session/a01b77d986c9506026cb9f1f602b7ad4/screenshot'
22:11:34.145 [AsyncHttpClient-1-1] DEBUG org.asynchttpclient.netty.channel.DefaultChannelPool - Entry count for : http://localhost:61686 : 1
22:11:34.262 [AsyncHttpClient-1-17] DEBUG org.asynchttpclient.netty.handler.HttpHandler - 

Request DefaultFullHttpRequest(decodeResult: success, version: HTTP/1.1, content: EmptyByteBufBE)
GET /session/a01b77d986c9506026cb9f1f602b7ad4/screenshot HTTP/1.1
User-Agent: selenium/4.1.2 (java windows)
Cache-Control: no-cache
Content-Type: application/json; charset=utf-8
host: localhost:62427
accept: */*

Response DefaultHttpResponse(decodeResult: success, version: HTTP/1.1)
HTTP/1.1 200 OK
Content-Type: application/json; charset=utf-8
cache-control: no-cache
content-length: 62368

22:11:34.263 [AsyncHttpClient-1-17] DEBUG org.asynchttpclient.netty.channel.ChannelManager - Adding key: http://localhost:62427 for channel [id: 0x12719cb1, L:/127.0.0.1:61685 - R:localhost/127.0.0.1:62427]
22:11:34.266 [main] DEBUG net.serenitybdd.core.photography.Darkroom - Send negative for processing for target\site\serenity\57ac5f8fd73a722061687fd94d001b14d978192b206134e3d02cd12486074718.png
22:11:34.266 [Darkroom Processing Line] DEBUG net.serenitybdd.core.photography.DarkroomProcessingLine - Processing screenshot image in /var/screenshots/screenshot-15269019679132475549
22:11:34.266 [Darkroom Processing Line] DEBUG net.serenitybdd.core.photography.DarkroomProcessingLine - Saving screenshot to target\site\serenity\57ac5f8fd73a722061687fd94d001b14d978192b206134e3d02cd12486074718.png
22:11:34.276 [Forwarding findElement on session a01b77d986c9506026cb9f1f602b7ad4 to remote] DEBUG org.asynchttpclient.netty.request.NettyRequestSender - Using pooled Channel '[id: 0x12719cb1, L:/127.0.0.1:61685 - R:localhost/127.0.0.1:62427]' for 'POST' to 'http://localhost:62427/session/a01b77d986c9506026cb9f1f602b7ad4/element'
22:11:34.276 [Forwarding findElement on session a01b77d986c9506026cb9f1f602b7ad4 to remote] DEBUG org.asynchttpclient.netty.request.NettyRequestSender - Using open Channel [id: 0x12719cb1, L:/127.0.0.1:61685 - R:localhost/127.0.0.1:62427] for POST '/session/a01b77d986c9506026cb9f1f602b7ad4/element'
22:11:34.315 [AsyncHttpClient-1-17] DEBUG org.asynchttpclient.netty.handler.HttpHandler - 

Request DefaultHttpRequest(decodeResult: success, version: HTTP/1.1)
POST /session/a01b77d986c9506026cb9f1f602b7ad4/element HTTP/1.1
User-Agent: selenium/4.1.2 (java windows)
Content-Length: 104
Content-Type: application/json; charset=utf-8
host: localhost:62427
accept: */*

Response DefaultHttpResponse(decodeResult: success, version: HTTP/1.1)
HTTP/1.1 200 OK
Content-Type: application/json; charset=utf-8
cache-control: no-cache
content-length: 88

22:11:34.315 [AsyncHttpClient-1-17] DEBUG org.asynchttpclient.netty.channel.ChannelManager - Adding key: http://localhost:62427 for channel [id: 0x12719cb1, L:/127.0.0.1:61685 - R:localhost/127.0.0.1:62427]
22:11:34.317 [Forwarding getElementTagName on session a01b77d986c9506026cb9f1f602b7ad4 to remote] DEBUG org.asynchttpclient.netty.request.NettyRequestSender - Using pooled Channel '[id: 0x12719cb1, L:/127.0.0.1:61685 - R:localhost/127.0.0.1:62427]' for 'GET' to 'http://localhost:62427/session/a01b77d986c9506026cb9f1f602b7ad4/element/618adcc4-9af7-41f3-b20f-bb719aee7c29/name'
22:11:34.317 [Forwarding getElementTagName on session a01b77d986c9506026cb9f1f602b7ad4 to remote] DEBUG org.asynchttpclient.netty.request.NettyRequestSender - Using open Channel [id: 0x12719cb1, L:/127.0.0.1:61685 - R:localhost/127.0.0.1:62427] for GET '/session/a01b77d986c9506026cb9f1f602b7ad4/element/618adcc4-9af7-41f3-b20f-bb719aee7c29/name'
22:11:34.332 [AsyncHttpClient-1-17] DEBUG org.asynchttpclient.netty.handler.HttpHandler - 

Request DefaultFullHttpRequest(decodeResult: success, version: HTTP/1.1, content: EmptyByteBufBE)
GET /session/a01b77d986c9506026cb9f1f602b7ad4/element/618adcc4-9af7-41f3-b20f-bb719aee7c29/name HTTP/1.1
User-Agent: selenium/4.1.2 (java windows)
Cache-Control: no-cache
Content-Type: application/json; charset=utf-8
host: localhost:62427
accept: */*

Response DefaultHttpResponse(decodeResult: success, version: HTTP/1.1)
HTTP/1.1 200 OK
Content-Type: application/json; charset=utf-8
cache-control: no-cache
content-length: 16

22:11:34.332 [AsyncHttpClient-1-17] DEBUG org.asynchttpclient.netty.channel.ChannelManager - Adding key: http://localhost:62427 for channel [id: 0x12719cb1, L:/127.0.0.1:61685 - R:localhost/127.0.0.1:62427]
22:11:34.334 [Forwarding getElementTagName on session a01b77d986c9506026cb9f1f602b7ad4 to remote] DEBUG org.asynchttpclient.netty.request.NettyRequestSender - Using pooled Channel '[id: 0x12719cb1, L:/127.0.0.1:61685 - R:localhost/127.0.0.1:62427]' for 'GET' to 'http://localhost:62427/session/a01b77d986c9506026cb9f1f602b7ad4/element/618adcc4-9af7-41f3-b20f-bb719aee7c29/name'
22:11:34.334 [Forwarding getElementTagName on session a01b77d986c9506026cb9f1f602b7ad4 to remote] DEBUG org.asynchttpclient.netty.request.NettyRequestSender - Using open Channel [id: 0x12719cb1, L:/127.0.0.1:61685 - R:localhost/127.0.0.1:62427] for GET '/session/a01b77d986c9506026cb9f1f602b7ad4/element/618adcc4-9af7-41f3-b20f-bb719aee7c29/name'
22:11:34.338 [AsyncHttpClient-1-17] DEBUG org.asynchttpclient.netty.handler.HttpHandler - 

Request DefaultFullHttpRequest(decodeResult: success, version: HTTP/1.1, content: EmptyByteBufBE)
GET /session/a01b77d986c9506026cb9f1f602b7ad4/element/618adcc4-9af7-41f3-b20f-bb719aee7c29/name HTTP/1.1
User-Agent: selenium/4.1.2 (java windows)
Cache-Control: no-cache
Content-Type: application/json; charset=utf-8
host: localhost:62427
accept: */*

Response DefaultHttpResponse(decodeResult: success, version: HTTP/1.1)
HTTP/1.1 200 OK
Content-Type: application/json; charset=utf-8
cache-control: no-cache
content-length: 16

22:11:34.338 [AsyncHttpClient-1-17] DEBUG org.asynchttpclient.netty.channel.ChannelManager - Adding key: http://localhost:62427 for channel [id: 0x12719cb1, L:/127.0.0.1:61685 - R:localhost/127.0.0.1:62427]
22:11:34.340 [Forwarding findElement on session a01b77d986c9506026cb9f1f602b7ad4 to remote] DEBUG org.asynchttpclient.netty.request.NettyRequestSender - Using pooled Channel '[id: 0x12719cb1, L:/127.0.0.1:61685 - R:localhost/127.0.0.1:62427]' for 'POST' to 'http://localhost:62427/session/a01b77d986c9506026cb9f1f602b7ad4/element'
22:11:34.340 [Forwarding findElement on session a01b77d986c9506026cb9f1f602b7ad4 to remote] DEBUG org.asynchttpclient.netty.request.NettyRequestSender - Using open Channel [id: 0x12719cb1, L:/127.0.0.1:61685 - R:localhost/127.0.0.1:62427] for POST '/session/a01b77d986c9506026cb9f1f602b7ad4/element'
22:11:34.348 [AsyncHttpClient-1-17] DEBUG org.asynchttpclient.netty.handler.HttpHandler - 

Request DefaultHttpRequest(decodeResult: success, version: HTTP/1.1)
POST /session/a01b77d986c9506026cb9f1f602b7ad4/element HTTP/1.1
User-Agent: selenium/4.1.2 (java windows)
Content-Length: 104
Content-Type: application/json; charset=utf-8
host: localhost:62427
accept: */*

Response DefaultHttpResponse(decodeResult: success, version: HTTP/1.1)
HTTP/1.1 200 OK
Content-Type: application/json; charset=utf-8
cache-control: no-cache
content-length: 88

22:11:34.348 [AsyncHttpClient-1-17] DEBUG org.asynchttpclient.netty.channel.ChannelManager - Adding key: http://localhost:62427 for channel [id: 0x12719cb1, L:/127.0.0.1:61685 - R:localhost/127.0.0.1:62427]
22:11:34.350 [Forwarding clickElement on session a01b77d986c9506026cb9f1f602b7ad4 to remote] DEBUG org.asynchttpclient.netty.request.NettyRequestSender - Using pooled Channel '[id: 0x12719cb1, L:/127.0.0.1:61685 - R:localhost/127.0.0.1:62427]' for 'POST' to 'http://localhost:62427/session/a01b77d986c9506026cb9f1f602b7ad4/element/618adcc4-9af7-41f3-b20f-bb719aee7c29/click'
22:11:34.350 [Forwarding clickElement on session a01b77d986c9506026cb9f1f602b7ad4 to remote] DEBUG org.asynchttpclient.netty.request.NettyRequestSender - Using open Channel [id: 0x12719cb1, L:/127.0.0.1:61685 - R:localhost/127.0.0.1:62427] for POST '/session/a01b77d986c9506026cb9f1f602b7ad4/element/618adcc4-9af7-41f3-b20f-bb719aee7c29/click'
22:11:34.591 [AsyncHttpClient-1-17] DEBUG org.asynchttpclient.netty.handler.HttpHandler - 

Request DefaultHttpRequest(decodeResult: success, version: HTTP/1.1)
POST /session/a01b77d986c9506026cb9f1f602b7ad4/element/618adcc4-9af7-41f3-b20f-bb719aee7c29/click HTTP/1.1
User-Agent: selenium/4.1.2 (java windows)
Content-Length: 50
Content-Type: application/json; charset=utf-8
host: localhost:62427
accept: */*

Response DefaultHttpResponse(decodeResult: success, version: HTTP/1.1)
HTTP/1.1 200 OK
Content-Type: application/json; charset=utf-8
cache-control: no-cache
content-length: 14

22:11:34.591 [AsyncHttpClient-1-17] DEBUG org.asynchttpclient.netty.channel.ChannelManager - Adding key: http://localhost:62427 for channel [id: 0x12719cb1, L:/127.0.0.1:61685 - R:localhost/127.0.0.1:62427]
  &amp#27;[32mWhen &amp#27;[0m&amp#27;[32mI will go to &amp#27;[0m&amp#27;[32m&amp#27;[1m"onePiece"&amp#27;[0m    &amp#27;[90m# starter.stepdefinitions.BabyStep.iWillGoTo(java.lang.String)&amp#27;[0m
22:11:34.601 [Forwarding screenshot on session a01b77d986c9506026cb9f1f602b7ad4 to remote] DEBUG org.asynchttpclient.netty.request.NettyRequestSender - Using pooled Channel '[id: 0x12719cb1, L:/127.0.0.1:61685 - R:localhost/127.0.0.1:62427]' for 'GET' to 'http://localhost:62427/session/a01b77d986c9506026cb9f1f602b7ad4/screenshot'
22:11:34.601 [Forwarding screenshot on session a01b77d986c9506026cb9f1f602b7ad4 to remote] DEBUG org.asynchttpclient.netty.request.NettyRequestSender - Using open Channel [id: 0x12719cb1, L:/127.0.0.1:61685 - R:localhost/127.0.0.1:62427] for GET '/session/a01b77d986c9506026cb9f1f602b7ad4/screenshot'
22:11:34.938 [AsyncHttpClient-1-17] DEBUG org.asynchttpclient.netty.handler.HttpHandler - 

Request DefaultFullHttpRequest(decodeResult: success, version: HTTP/1.1, content: EmptyByteBufBE)
GET /session/a01b77d986c9506026cb9f1f602b7ad4/screenshot HTTP/1.1
User-Agent: selenium/4.1.2 (java windows)
Cache-Control: no-cache
Content-Type: application/json; charset=utf-8
host: localhost:62427
accept: */*

Response DefaultHttpResponse(decodeResult: success, version: HTTP/1.1)
HTTP/1.1 200 OK
Content-Type: application/json; charset=utf-8
cache-control: no-cache
content-length: 81296

22:11:34.939 [AsyncHttpClient-1-17] DEBUG org.asynchttpclient.netty.channel.ChannelManager - Adding key: http://localhost:62427 for channel [id: 0x12719cb1, L:/127.0.0.1:61685 - R:localhost/127.0.0.1:62427]
22:11:34.942 [main] DEBUG net.serenitybdd.core.photography.Darkroom - Send negative for processing for target\site\serenity\4f4bde6b808a2d5cb90f5c03da7e9aeafe56117b5ceca89cfafd6cd2727c5a58.png
22:11:34.943 [Darkroom Processing Line] DEBUG net.serenitybdd.core.photography.DarkroomProcessingLine - Processing screenshot image in /var/screenshots/screenshot-3720657256168085019
22:11:34.943 [Darkroom Processing Line] DEBUG net.serenitybdd.core.photography.DarkroomProcessingLine - Saving screenshot to target\site\serenity\4f4bde6b808a2d5cb90f5c03da7e9aeafe56117b5ceca89cfafd6cd2727c5a58.png
  &amp#27;[32mAnd &amp#27;[0m&amp#27;[32mI &amp#27;[0m&amp#27;[32m&amp#27;[1m"txtOnepiece"&amp#27;[0m&amp#27;[32m page&amp#27;[0m        &amp#27;[90m# starter.stepdefinitions.BabyStep.iPage(java.lang.String)&amp#27;[0m
22:11:34.957 [AsyncHttpClient-1-3] DEBUG org.asynchttpclient.netty.handler.WebSocketHandler - Channel Closed: [id: 0xf0178be0, L:/127.0.0.1:61694 ! R:localhost/127.0.0.1:61686] with attribute NettyResponseFuture{currentRetry=5,
	isDone=1,
	isCancelled=0,
	asyncHandler=org.asynchttpclient.ws.WebSocketUpgradeHandler@aae9c69,
	nettyRequest=org.asynchttpclient.netty.request.NettyRequest@6f79e87f,
	future=java.util.concurrent.CompletableFuture@570f603b[Completed normally],
	uri=ws://localhost:61686/devtools/browser/a9dbd3c7-9f1f-4bf7-abb4-07ee1823bdaf,
	keepAlive=true,
	redirectCount=0,
	timeoutsHolder=null,
	inAuth=0,
	touch=1680707474837}
22:11:34.957 [AsyncHttpClient-1-3] DEBUG org.asynchttpclient.netty.channel.ChannelManager - Closing Channel [id: 0xf0178be0, L:/127.0.0.1:61694 ! R:localhost/127.0.0.1:61686] 
22:11:34.957 [Driver Command Executor] DEBUG org.asynchttpclient.netty.request.NettyRequestSender - Using pooled Channel '[id: 0x12719cb1, L:/127.0.0.1:61685 - R:localhost/127.0.0.1:62427]' for 'DELETE' to 'http://localhost:62427/session/a01b77d986c9506026cb9f1f602b7ad4'
22:11:34.957 [Driver Command Executor] DEBUG org.asynchttpclient.netty.request.NettyRequestSender - Using open Channel [id: 0x12719cb1, L:/127.0.0.1:61685 - R:localhost/127.0.0.1:62427] for DELETE '/session/a01b77d986c9506026cb9f1f602b7ad4'
22:11:34.984 [AsyncHttpClient-1-2] DEBUG org.asynchttpclient.netty.handler.HttpHandler - Unexpected I/O exception on channel [id: 0x0fcd76cc, L:/127.0.0.1:61693 - R:localhost/127.0.0.1:61686]
java.net.SocketException: Connection reset
	at java.base/sun.nio.ch.SocketChannelImpl.throwConnectionReset(SocketChannelImpl.java:345)
	at java.base/sun.nio.ch.SocketChannelImpl.read(SocketChannelImpl.java:376)
	at io.netty.buffer.PooledByteBuf.setBytes(PooledByteBuf.java:258)
	at io.netty.buffer.AbstractByteBuf.writeBytes(AbstractByteBuf.java:1132)
	at io.netty.channel.socket.nio.NioSocketChannel.doReadBytes(NioSocketChannel.java:350)
	at io.netty.channel.nio.AbstractNioByteChannel$NioByteUnsafe.read(AbstractNioByteChannel.java:151)
	at io.netty.channel.nio.NioEventLoop.processSelectedKey(NioEventLoop.java:722)
	at io.netty.channel.nio.NioEventLoop.processSelectedKeysOptimized(NioEventLoop.java:658)
	at io.netty.channel.nio.NioEventLoop.processSelectedKeys(NioEventLoop.java:584)
	at io.netty.channel.nio.NioEventLoop.run(NioEventLoop.java:496)
	at io.netty.util.concurrent.SingleThreadEventExecutor$4.run(SingleThreadEventExecutor.java:986)
	at io.netty.util.internal.ThreadExecutorMap$2.run(ThreadExecutorMap.java:74)
	at io.netty.util.concurrent.FastThreadLocalRunnable.run(FastThreadLocalRunnable.java:30)
	at java.base/java.lang.Thread.run(Thread.java:830)
22:11:34.984 [AsyncHttpClient-1-2] DEBUG org.asynchttpclient.netty.channel.ChannelManager - Closing Channel [id: 0x0fcd76cc, L:/127.0.0.1:61693 - R:localhost/127.0.0.1:61686] 
22:11:34.984 [AsyncHttpClient-1-2] DEBUG org.asynchttpclient.netty.handler.HttpHandler - Channel Closed: [id: 0x0fcd76cc, L:/127.0.0.1:61693 ! R:localhost/127.0.0.1:61686] with attribute DISCARD
22:11:35.007 [AsyncHttpClient-1-17] DEBUG org.asynchttpclient.netty.handler.HttpHandler - 

Request DefaultFullHttpRequest(decodeResult: success, version: HTTP/1.1, content: EmptyByteBufBE)
DELETE /session/a01b77d986c9506026cb9f1f602b7ad4 HTTP/1.1
User-Agent: selenium/4.1.2 (java windows)
Content-Type: application/json; charset=utf-8
host: localhost:62427
accept: */*

Response DefaultHttpResponse(decodeResult: success, version: HTTP/1.1)
HTTP/1.1 200 OK
Content-Type: application/json; charset=utf-8
cache-control: no-cache
content-length: 14

22:11:35.008 [AsyncHttpClient-1-17] DEBUG org.asynchttpclient.netty.channel.ChannelManager - Adding key: http://localhost:62427 for channel [id: 0x12719cb1, L:/127.0.0.1:61685 - R:localhost/127.0.0.1:62427]
22:11:35.089 [AsyncHttpClient-1-17] DEBUG org.asynchttpclient.netty.handler.HttpHandler - Channel Closed: [id: 0x12719cb1, L:/127.0.0.1:61685 ! R:localhost/127.0.0.1:62427] with attribute DISCARD
22:11:35.243 [AsyncHttpClient-1-1] DEBUG org.asynchttpclient.netty.channel.DefaultChannelPool - Entry count for : http://localhost:62427 : 1
22:11:35.243 [AsyncHttpClient-1-1] DEBUG org.asynchttpclient.netty.channel.DefaultChannelPool - Entry count for : http://localhost:61686 : 1
22:11:35.243 [AsyncHttpClient-1-1] DEBUG org.asynchttpclient.netty.channel.DefaultChannelPool - Adding Candidate expired Channel [id: 0x12719cb1, L:/127.0.0.1:61685 ! R:localhost/127.0.0.1:62427] isIdleTimeoutExpired=false isRemotelyClosed=true isTtlExpired=false
22:11:35.243 [AsyncHttpClient-1-1] DEBUG org.asynchttpclient.netty.channel.DefaultChannelPool - Closing Idle Channel [id: 0x12719cb1, L:/127.0.0.1:61685 ! R:localhost/127.0.0.1:62427]
22:11:35.243 [AsyncHttpClient-1-1] DEBUG org.asynchttpclient.netty.channel.DefaultChannelPool - Adding Candidate expired Channel [id: 0x0fcd76cc, L:/127.0.0.1:61693 ! R:localhost/127.0.0.1:61686] isIdleTimeoutExpired=false isRemotelyClosed=true isTtlExpired=false
22:11:35.243 [AsyncHttpClient-1-1] DEBUG org.asynchttpclient.netty.channel.DefaultChannelPool - Closing Idle Channel [id: 0x0fcd76cc, L:/127.0.0.1:61693 ! R:localhost/127.0.0.1:61686]
22:11:35.243 [AsyncHttpClient-1-1] DEBUG org.asynchttpclient.netty.channel.DefaultChannelPool - Closed 2 connections out of 2 in 0 ms
]]></system-out>
    <system-err><![CDATA[Starting Microsoft Edge WebDriver 111.0.1661.62 (0a8f453929e6410c973aa529a40485ce4e3e03db) on port 62427
To submit feedback, report a bug, or suggest new features, please visit https://github.com/MicrosoftEdge/EdgeWebDriver

Only local connections are allowed.
Please see https://aka.ms/WebDriverSecurity for suggestions on keeping Microsoft Edge WebDriver safe.

Microsoft Edge WebDriver was started successfully.
Apr 05, 2023 10:11:14 PM org.openqa.selenium.remote.ProtocolHandshake createSession
INFO: Detected dialect: W3C
Apr 05, 2023 10:11:14 PM org.openqa.selenium.devtools.CdpVersionFinder findNearestMatch
WARNING: Unable to find an exact match for CDP version 111, so returning the closest version found: a no-op implementation
Apr 05, 2023 10:11:14 PM org.openqa.selenium.devtools.CdpVersionFinder findNearestMatch
INFO: Unable to find CDP implementation matching 111.
Apr 05, 2023 10:11:14 PM org.openqa.selenium.chromium.ChromiumDriver lambda$new$3
WARNING: Unable to find version of CDP to use for . You may need to include a dependency on a specific version of the CDP using something similar to `org.seleniumhq.selenium:selenium-devtools-v86:4.1.2` where the version ("v86") matches the version of the chromium-based browser you're using and the version number of the artifact is the same as Selenium's.
]]></system-err>
  </testcase>
  <testcase name="Fitur Menu Baby #7" classname="Baby" time="16.626">
    <system-out><![CDATA[
Scenario Outline: Fitur Menu Baby &amp#27;[90m# src/test/resources/features/Baby.feature:99&amp#27;[0m
22:11:35.684 [main] INFO io.cucumber.core.plugin.SerenityReporter - Running feature from file:///C:/Users/alwi/IdeaProjects/uniqloweb/src/test/resources/features/Baby.feature
22:11:35.817 [main] DEBUG io.github.bonigarcia.wdm.cache.ResolutionCache - Resolution edge=111 in cache (valid until 23:09:49 05/04/2023 WIB)
22:11:35.821 [main] DEBUG io.github.bonigarcia.wdm.cache.ResolutionCache - Resolution edge111=111.0.1661.62 in cache (valid until 15:17:30 06/04/2023 WIB)
22:11:35.823 [main] INFO io.github.bonigarcia.wdm.WebDriverManager - Using msedgedriver 111.0.1661.62 (resolved driver for Edge 111)
22:11:35.834 [main] DEBUG io.github.bonigarcia.wdm.WebDriverManager - Driver msedgedriver 111.0.1661.62 found in cache
22:11:35.835 [main] INFO io.github.bonigarcia.wdm.WebDriverManager - Exporting webdriver.edge.driver as C:\Users\alwi\.cache\selenium\msedgedriver\win64\111.0.1661.62\msedgedriver.exe
22:11:35.837 [main] DEBUG net.serenitybdd.core.webdriver.driverproviders.ProvideNewDriver - Instantiating driver
22:11:35.837 [main] DEBUG net.serenitybdd.core.webdriver.driverproviders.ProvideNewDriver - Driver capabilities: Capabilities {base.url: https://www.uniqlo.com, chrome.driver: src/test/resources/webdrive..., driver: edge, ms:edgeChromium: true, ms:edgeOptions: {}, wait.for.timeout: 6000}
22:11:36.374 [AsyncHttpClient-1-4] DEBUG org.asynchttpclient.netty.channel.NettyConnectListener - Using new Channel '[id: 0x508208f1, L:/127.0.0.1:61849 - R:localhost/127.0.0.1:59019]' for 'POST' to '/session'
22:11:36.979 [AsyncHttpClient-1-4] DEBUG org.asynchttpclient.netty.handler.HttpHandler - 

Request DefaultHttpRequest(decodeResult: success, version: HTTP/1.1)
POST /session HTTP/1.1
User-Agent: selenium/4.1.2 (java windows)
Content-Length: 627
Content-Type: application/json; charset=utf-8
host: localhost:59019
accept: */*

Response DefaultHttpResponse(decodeResult: success, version: HTTP/1.1)
HTTP/1.1 200 OK
Content-Type: application/json; charset=utf-8
cache-control: no-cache
content-length: 824

22:11:36.979 [AsyncHttpClient-1-4] DEBUG org.asynchttpclient.netty.channel.ChannelManager - Adding key: http://localhost:59019 for channel [id: 0x508208f1, L:/127.0.0.1:61849 - R:localhost/127.0.0.1:59019]
22:11:36.987 [AsyncHttpClient-1-5] DEBUG org.asynchttpclient.netty.channel.NettyConnectListener - Using new Channel '[id: 0x4d086072, L:/127.0.0.1:61857 - R:localhost/127.0.0.1:61850]' for 'GET' to '/json/version'
22:11:36.990 [AsyncHttpClient-1-5] DEBUG org.asynchttpclient.netty.handler.HttpHandler - 

Request DefaultFullHttpRequest(decodeResult: success, version: HTTP/1.1, content: EmptyByteBufBE)
GET /json/version HTTP/1.1
User-Agent: selenium/4.1.2 (java windows)
host: localhost:61850
accept: */*

Response DefaultHttpResponse(decodeResult: success, version: HTTP/1.1)
HTTP/1.1 200 OK
Content-Security-Policy: frame-ancestors 'none'
Content-Type: application/json; charset=UTF-8
content-length: 436

22:11:36.990 [AsyncHttpClient-1-5] DEBUG org.asynchttpclient.netty.channel.ChannelManager - Adding key: http://localhost:61850 for channel [id: 0x4d086072, L:/127.0.0.1:61857 - R:localhost/127.0.0.1:61850]
22:11:36.993 [AsyncHttpClient-1-6] DEBUG org.asynchttpclient.netty.channel.NettyConnectListener - Using new Channel '[id: 0x4b244074, L:/127.0.0.1:61858 - R:localhost/127.0.0.1:61850]' for 'GET' to '/devtools/browser/d9cf8596-9328-4f57-a849-8ca3332c4919'
22:11:36.994 [AsyncHttpClient-1-6] DEBUG org.asynchttpclient.netty.handler.WebSocketHandler - 

Request DefaultFullHttpRequest(decodeResult: success, version: HTTP/1.1, content: EmptyByteBufBE)
GET /devtools/browser/d9cf8596-9328-4f57-a849-8ca3332c4919 HTTP/1.1
upgrade: websocket
connection: upgrade
sec-websocket-key: 5s6SF1MJ46u6/wiJOV70YA==
sec-websocket-version: 13
origin: http://localhost:61850
host: localhost:61850
accept: */*
user-agent: AHC/2.1

Response DefaultHttpResponse(decodeResult: success, version: HTTP/1.1)
HTTP/1.1 101 WebSocket Protocol Handshake
Upgrade: WebSocket
Connection: Upgrade
Sec-WebSocket-Accept: 1iqgq7T4XLbK5myIIG37t/eA5P8=

22:11:36.997 [Forwarding get on session f180555dcf83c539ed08c58a50a7d2e8 to remote] DEBUG org.asynchttpclient.netty.request.NettyRequestSender - Using pooled Channel '[id: 0x508208f1, L:/127.0.0.1:61849 - R:localhost/127.0.0.1:59019]' for 'POST' to 'http://localhost:59019/session/f180555dcf83c539ed08c58a50a7d2e8/url'
22:11:36.997 [Forwarding get on session f180555dcf83c539ed08c58a50a7d2e8 to remote] DEBUG org.asynchttpclient.netty.request.NettyRequestSender - Using open Channel [id: 0x508208f1, L:/127.0.0.1:61849 - R:localhost/127.0.0.1:59019] for POST '/session/f180555dcf83c539ed08c58a50a7d2e8/url'
22:11:37.441 [AsyncHttpClient-1-1] DEBUG org.asynchttpclient.netty.channel.DefaultChannelPool - Entry count for : http://localhost:61850 : 1
22:11:38.537 [AsyncHttpClient-1-1] DEBUG org.asynchttpclient.netty.channel.DefaultChannelPool - Entry count for : http://localhost:61850 : 1
22:11:39.644 [AsyncHttpClient-1-1] DEBUG org.asynchttpclient.netty.channel.DefaultChannelPool - Entry count for : http://localhost:61850 : 1
22:11:40.739 [AsyncHttpClient-1-1] DEBUG org.asynchttpclient.netty.channel.DefaultChannelPool - Entry count for : http://localhost:61850 : 1
22:11:41.838 [AsyncHttpClient-1-1] DEBUG org.asynchttpclient.netty.channel.DefaultChannelPool - Entry count for : http://localhost:61850 : 1
22:11:42.937 [AsyncHttpClient-1-1] DEBUG org.asynchttpclient.netty.channel.DefaultChannelPool - Entry count for : http://localhost:61850 : 1
22:11:44.045 [AsyncHttpClient-1-1] DEBUG org.asynchttpclient.netty.channel.DefaultChannelPool - Entry count for : http://localhost:61850 : 1
22:11:45.138 [AsyncHttpClient-1-1] DEBUG org.asynchttpclient.netty.channel.DefaultChannelPool - Entry count for : http://localhost:61850 : 1
22:11:46.243 [AsyncHttpClient-1-1] DEBUG org.asynchttpclient.netty.channel.DefaultChannelPool - Entry count for : http://localhost:61850 : 1
22:11:47.339 [AsyncHttpClient-1-1] DEBUG org.asynchttpclient.netty.channel.DefaultChannelPool - Entry count for : http://localhost:61850 : 1
22:11:48.440 [AsyncHttpClient-1-1] DEBUG org.asynchttpclient.netty.channel.DefaultChannelPool - Entry count for : http://localhost:61850 : 1
22:11:49.475 [AsyncHttpClient-1-4] DEBUG org.asynchttpclient.netty.handler.HttpHandler - 

Request DefaultHttpRequest(decodeResult: success, version: HTTP/1.1)
POST /session/f180555dcf83c539ed08c58a50a7d2e8/url HTTP/1.1
User-Agent: selenium/4.1.2 (java windows)
Content-Length: 53
Content-Type: application/json; charset=utf-8
host: localhost:59019
accept: */*

Response DefaultHttpResponse(decodeResult: success, version: HTTP/1.1)
HTTP/1.1 200 OK
Content-Type: application/json; charset=utf-8
cache-control: no-cache
content-length: 14

22:11:49.475 [AsyncHttpClient-1-4] DEBUG org.asynchttpclient.netty.channel.ChannelManager - Adding key: http://localhost:59019 for channel [id: 0x508208f1, L:/127.0.0.1:61849 - R:localhost/127.0.0.1:59019]
22:11:49.479 [Forwarding setTimeout on session f180555dcf83c539ed08c58a50a7d2e8 to remote] DEBUG org.asynchttpclient.netty.request.NettyRequestSender - Using pooled Channel '[id: 0x508208f1, L:/127.0.0.1:61849 - R:localhost/127.0.0.1:59019]' for 'POST' to 'http://localhost:59019/session/f180555dcf83c539ed08c58a50a7d2e8/timeouts'
22:11:49.480 [Forwarding setTimeout on session f180555dcf83c539ed08c58a50a7d2e8 to remote] DEBUG org.asynchttpclient.netty.request.NettyRequestSender - Using open Channel [id: 0x508208f1, L:/127.0.0.1:61849 - R:localhost/127.0.0.1:59019] for POST '/session/f180555dcf83c539ed08c58a50a7d2e8/timeouts'
22:11:49.481 [AsyncHttpClient-1-4] DEBUG org.asynchttpclient.netty.handler.HttpHandler - 

Request DefaultHttpRequest(decodeResult: success, version: HTTP/1.1)
POST /session/f180555dcf83c539ed08c58a50a7d2e8/timeouts HTTP/1.1
User-Agent: selenium/4.1.2 (java windows)
Content-Length: 22
Content-Type: application/json; charset=utf-8
host: localhost:59019
accept: */*

Response DefaultHttpResponse(decodeResult: success, version: HTTP/1.1)
HTTP/1.1 200 OK
Content-Type: application/json; charset=utf-8
cache-control: no-cache
content-length: 14

22:11:49.482 [AsyncHttpClient-1-4] DEBUG org.asynchttpclient.netty.channel.ChannelManager - Adding key: http://localhost:59019 for channel [id: 0x508208f1, L:/127.0.0.1:61849 - R:localhost/127.0.0.1:59019]
22:11:49.485 [Forwarding getCurrentUrl on session f180555dcf83c539ed08c58a50a7d2e8 to remote] DEBUG org.asynchttpclient.netty.request.NettyRequestSender - Using pooled Channel '[id: 0x508208f1, L:/127.0.0.1:61849 - R:localhost/127.0.0.1:59019]' for 'GET' to 'http://localhost:59019/session/f180555dcf83c539ed08c58a50a7d2e8/url'
22:11:49.486 [Forwarding getCurrentUrl on session f180555dcf83c539ed08c58a50a7d2e8 to remote] DEBUG org.asynchttpclient.netty.request.NettyRequestSender - Using open Channel [id: 0x508208f1, L:/127.0.0.1:61849 - R:localhost/127.0.0.1:59019] for GET '/session/f180555dcf83c539ed08c58a50a7d2e8/url'
22:11:49.489 [AsyncHttpClient-1-4] DEBUG org.asynchttpclient.netty.handler.HttpHandler - 

Request DefaultFullHttpRequest(decodeResult: success, version: HTTP/1.1, content: EmptyByteBufBE)
GET /session/f180555dcf83c539ed08c58a50a7d2e8/url HTTP/1.1
User-Agent: selenium/4.1.2 (java windows)
Cache-Control: no-cache
Content-Type: application/json; charset=utf-8
host: localhost:59019
accept: */*

Response DefaultHttpResponse(decodeResult: success, version: HTTP/1.1)
HTTP/1.1 200 OK
Content-Type: application/json; charset=utf-8
cache-control: no-cache
content-length: 41

22:11:49.489 [AsyncHttpClient-1-4] DEBUG org.asynchttpclient.netty.channel.ChannelManager - Adding key: http://localhost:59019 for channel [id: 0x508208f1, L:/127.0.0.1:61849 - R:localhost/127.0.0.1:59019]
  &amp#27;[32mGiven &amp#27;[0m&amp#27;[32mI am on the home page&amp#27;[0m     &amp#27;[90m# starter.stepdefinitions.BabyStep.iAmOnTheHomePage()&amp#27;[0m
22:11:49.494 [Forwarding screenshot on session f180555dcf83c539ed08c58a50a7d2e8 to remote] DEBUG org.asynchttpclient.netty.request.NettyRequestSender - Using pooled Channel '[id: 0x508208f1, L:/127.0.0.1:61849 - R:localhost/127.0.0.1:59019]' for 'GET' to 'http://localhost:59019/session/f180555dcf83c539ed08c58a50a7d2e8/screenshot'
22:11:49.494 [Forwarding screenshot on session f180555dcf83c539ed08c58a50a7d2e8 to remote] DEBUG org.asynchttpclient.netty.request.NettyRequestSender - Using open Channel [id: 0x508208f1, L:/127.0.0.1:61849 - R:localhost/127.0.0.1:59019] for GET '/session/f180555dcf83c539ed08c58a50a7d2e8/screenshot'
22:11:49.543 [AsyncHttpClient-1-1] DEBUG org.asynchttpclient.netty.channel.DefaultChannelPool - Entry count for : http://localhost:61850 : 1
22:11:49.838 [AsyncHttpClient-1-4] DEBUG org.asynchttpclient.netty.handler.HttpHandler - 

Request DefaultFullHttpRequest(decodeResult: success, version: HTTP/1.1, content: EmptyByteBufBE)
GET /session/f180555dcf83c539ed08c58a50a7d2e8/screenshot HTTP/1.1
User-Agent: selenium/4.1.2 (java windows)
Cache-Control: no-cache
Content-Type: application/json; charset=utf-8
host: localhost:59019
accept: */*

Response DefaultHttpResponse(decodeResult: success, version: HTTP/1.1)
HTTP/1.1 200 OK
Content-Type: application/json; charset=utf-8
cache-control: no-cache
content-length: 1119968

22:11:49.841 [AsyncHttpClient-1-4] DEBUG org.asynchttpclient.netty.channel.ChannelManager - Adding key: http://localhost:59019 for channel [id: 0x508208f1, L:/127.0.0.1:61849 - R:localhost/127.0.0.1:59019]
22:11:49.876 [main] DEBUG net.serenitybdd.core.photography.Darkroom - Send negative for processing for target\site\serenity\3d1b19ad31921c0beae4332facd941fcc81467ad5802877977ec6c100df601ce.png
22:11:49.883 [Forwarding findElement on session f180555dcf83c539ed08c58a50a7d2e8 to remote] DEBUG org.asynchttpclient.netty.request.NettyRequestSender - Using pooled Channel '[id: 0x508208f1, L:/127.0.0.1:61849 - R:localhost/127.0.0.1:59019]' for 'POST' to 'http://localhost:59019/session/f180555dcf83c539ed08c58a50a7d2e8/element'
22:11:49.884 [Forwarding findElement on session f180555dcf83c539ed08c58a50a7d2e8 to remote] DEBUG org.asynchttpclient.netty.request.NettyRequestSender - Using open Channel [id: 0x508208f1, L:/127.0.0.1:61849 - R:localhost/127.0.0.1:59019] for POST '/session/f180555dcf83c539ed08c58a50a7d2e8/element'
22:11:49.896 [AsyncHttpClient-1-4] DEBUG org.asynchttpclient.netty.handler.HttpHandler - 

Request DefaultHttpRequest(decodeResult: success, version: HTTP/1.1)
POST /session/f180555dcf83c539ed08c58a50a7d2e8/element HTTP/1.1
User-Agent: selenium/4.1.2 (java windows)
Content-Length: 81
Content-Type: application/json; charset=utf-8
host: localhost:59019
accept: */*

Response DefaultHttpResponse(decodeResult: success, version: HTTP/1.1)
HTTP/1.1 200 OK
Content-Type: application/json; charset=utf-8
cache-control: no-cache
content-length: 88

22:11:49.896 [AsyncHttpClient-1-4] DEBUG org.asynchttpclient.netty.channel.ChannelManager - Adding key: http://localhost:59019 for channel [id: 0x508208f1, L:/127.0.0.1:61849 - R:localhost/127.0.0.1:59019]
22:11:49.898 [Forwarding getElementTagName on session f180555dcf83c539ed08c58a50a7d2e8 to remote] DEBUG org.asynchttpclient.netty.request.NettyRequestSender - Using pooled Channel '[id: 0x508208f1, L:/127.0.0.1:61849 - R:localhost/127.0.0.1:59019]' for 'GET' to 'http://localhost:59019/session/f180555dcf83c539ed08c58a50a7d2e8/element/ccf19c62-a438-46ed-b1dc-8f2fd943740d/name'
22:11:49.898 [Forwarding getElementTagName on session f180555dcf83c539ed08c58a50a7d2e8 to remote] DEBUG org.asynchttpclient.netty.request.NettyRequestSender - Using open Channel [id: 0x508208f1, L:/127.0.0.1:61849 - R:localhost/127.0.0.1:59019] for GET '/session/f180555dcf83c539ed08c58a50a7d2e8/element/ccf19c62-a438-46ed-b1dc-8f2fd943740d/name'
22:11:49.902 [AsyncHttpClient-1-4] DEBUG org.asynchttpclient.netty.handler.HttpHandler - 

Request DefaultFullHttpRequest(decodeResult: success, version: HTTP/1.1, content: EmptyByteBufBE)
GET /session/f180555dcf83c539ed08c58a50a7d2e8/element/ccf19c62-a438-46ed-b1dc-8f2fd943740d/name HTTP/1.1
User-Agent: selenium/4.1.2 (java windows)
Cache-Control: no-cache
Content-Type: application/json; charset=utf-8
host: localhost:59019
accept: */*

Response DefaultHttpResponse(decodeResult: success, version: HTTP/1.1)
HTTP/1.1 200 OK
Content-Type: application/json; charset=utf-8
cache-control: no-cache
content-length: 16

22:11:49.902 [AsyncHttpClient-1-4] DEBUG org.asynchttpclient.netty.channel.ChannelManager - Adding key: http://localhost:59019 for channel [id: 0x508208f1, L:/127.0.0.1:61849 - R:localhost/127.0.0.1:59019]
22:11:49.904 [Forwarding getElementTagName on session f180555dcf83c539ed08c58a50a7d2e8 to remote] DEBUG org.asynchttpclient.netty.request.NettyRequestSender - Using pooled Channel '[id: 0x508208f1, L:/127.0.0.1:61849 - R:localhost/127.0.0.1:59019]' for 'GET' to 'http://localhost:59019/session/f180555dcf83c539ed08c58a50a7d2e8/element/ccf19c62-a438-46ed-b1dc-8f2fd943740d/name'
22:11:49.904 [Forwarding getElementTagName on session f180555dcf83c539ed08c58a50a7d2e8 to remote] DEBUG org.asynchttpclient.netty.request.NettyRequestSender - Using open Channel [id: 0x508208f1, L:/127.0.0.1:61849 - R:localhost/127.0.0.1:59019] for GET '/session/f180555dcf83c539ed08c58a50a7d2e8/element/ccf19c62-a438-46ed-b1dc-8f2fd943740d/name'
22:11:49.907 [AsyncHttpClient-1-4] DEBUG org.asynchttpclient.netty.handler.HttpHandler - 

Request DefaultFullHttpRequest(decodeResult: success, version: HTTP/1.1, content: EmptyByteBufBE)
GET /session/f180555dcf83c539ed08c58a50a7d2e8/element/ccf19c62-a438-46ed-b1dc-8f2fd943740d/name HTTP/1.1
User-Agent: selenium/4.1.2 (java windows)
Cache-Control: no-cache
Content-Type: application/json; charset=utf-8
host: localhost:59019
accept: */*

Response DefaultHttpResponse(decodeResult: success, version: HTTP/1.1)
HTTP/1.1 200 OK
Content-Type: application/json; charset=utf-8
cache-control: no-cache
content-length: 16

22:11:49.907 [AsyncHttpClient-1-4] DEBUG org.asynchttpclient.netty.channel.ChannelManager - Adding key: http://localhost:59019 for channel [id: 0x508208f1, L:/127.0.0.1:61849 - R:localhost/127.0.0.1:59019]
22:11:49.909 [Forwarding findElement on session f180555dcf83c539ed08c58a50a7d2e8 to remote] DEBUG org.asynchttpclient.netty.request.NettyRequestSender - Using pooled Channel '[id: 0x508208f1, L:/127.0.0.1:61849 - R:localhost/127.0.0.1:59019]' for 'POST' to 'http://localhost:59019/session/f180555dcf83c539ed08c58a50a7d2e8/element'
22:11:49.909 [Forwarding findElement on session f180555dcf83c539ed08c58a50a7d2e8 to remote] DEBUG org.asynchttpclient.netty.request.NettyRequestSender - Using open Channel [id: 0x508208f1, L:/127.0.0.1:61849 - R:localhost/127.0.0.1:59019] for POST '/session/f180555dcf83c539ed08c58a50a7d2e8/element'
22:11:49.917 [AsyncHttpClient-1-4] DEBUG org.asynchttpclient.netty.handler.HttpHandler - 

Request DefaultHttpRequest(decodeResult: success, version: HTTP/1.1)
POST /session/f180555dcf83c539ed08c58a50a7d2e8/element HTTP/1.1
User-Agent: selenium/4.1.2 (java windows)
Content-Length: 81
Content-Type: application/json; charset=utf-8
host: localhost:59019
accept: */*

Response DefaultHttpResponse(decodeResult: success, version: HTTP/1.1)
HTTP/1.1 200 OK
Content-Type: application/json; charset=utf-8
cache-control: no-cache
content-length: 88

22:11:49.917 [AsyncHttpClient-1-4] DEBUG org.asynchttpclient.netty.channel.ChannelManager - Adding key: http://localhost:59019 for channel [id: 0x508208f1, L:/127.0.0.1:61849 - R:localhost/127.0.0.1:59019]
22:11:49.919 [Forwarding clickElement on session f180555dcf83c539ed08c58a50a7d2e8 to remote] DEBUG org.asynchttpclient.netty.request.NettyRequestSender - Using pooled Channel '[id: 0x508208f1, L:/127.0.0.1:61849 - R:localhost/127.0.0.1:59019]' for 'POST' to 'http://localhost:59019/session/f180555dcf83c539ed08c58a50a7d2e8/element/ccf19c62-a438-46ed-b1dc-8f2fd943740d/click'
22:11:49.919 [Forwarding clickElement on session f180555dcf83c539ed08c58a50a7d2e8 to remote] DEBUG org.asynchttpclient.netty.request.NettyRequestSender - Using open Channel [id: 0x508208f1, L:/127.0.0.1:61849 - R:localhost/127.0.0.1:59019] for POST '/session/f180555dcf83c539ed08c58a50a7d2e8/element/ccf19c62-a438-46ed-b1dc-8f2fd943740d/click'
22:11:50.339 [AsyncHttpClient-1-4] DEBUG org.asynchttpclient.netty.handler.HttpHandler - 

Request DefaultHttpRequest(decodeResult: success, version: HTTP/1.1)
POST /session/f180555dcf83c539ed08c58a50a7d2e8/element/ccf19c62-a438-46ed-b1dc-8f2fd943740d/click HTTP/1.1
User-Agent: selenium/4.1.2 (java windows)
Content-Length: 50
Content-Type: application/json; charset=utf-8
host: localhost:59019
accept: */*

Response DefaultHttpResponse(decodeResult: success, version: HTTP/1.1)
HTTP/1.1 200 OK
Content-Type: application/json; charset=utf-8
cache-control: no-cache
content-length: 14

22:11:50.339 [AsyncHttpClient-1-4] DEBUG org.asynchttpclient.netty.channel.ChannelManager - Adding key: http://localhost:59019 for channel [id: 0x508208f1, L:/127.0.0.1:61849 - R:localhost/127.0.0.1:59019]
  &amp#27;[32mThen &amp#27;[0m&amp#27;[32mI click baby on the header&amp#27;[0m &amp#27;[90m# starter.stepdefinitions.BabyStep.iClickBabyOnTheHeader()&amp#27;[0m
22:11:50.348 [Forwarding screenshot on session f180555dcf83c539ed08c58a50a7d2e8 to remote] DEBUG org.asynchttpclient.netty.request.NettyRequestSender - Using pooled Channel '[id: 0x508208f1, L:/127.0.0.1:61849 - R:localhost/127.0.0.1:59019]' for 'GET' to 'http://localhost:59019/session/f180555dcf83c539ed08c58a50a7d2e8/screenshot'
22:11:50.348 [Forwarding screenshot on session f180555dcf83c539ed08c58a50a7d2e8 to remote] DEBUG org.asynchttpclient.netty.request.NettyRequestSender - Using open Channel [id: 0x508208f1, L:/127.0.0.1:61849 - R:localhost/127.0.0.1:59019] for GET '/session/f180555dcf83c539ed08c58a50a7d2e8/screenshot'
22:11:50.639 [AsyncHttpClient-1-1] DEBUG org.asynchttpclient.netty.channel.DefaultChannelPool - Entry count for : http://localhost:61850 : 1
22:11:51.056 [AsyncHttpClient-1-4] DEBUG org.asynchttpclient.netty.handler.HttpHandler - 

Request DefaultFullHttpRequest(decodeResult: success, version: HTTP/1.1, content: EmptyByteBufBE)
GET /session/f180555dcf83c539ed08c58a50a7d2e8/screenshot HTTP/1.1
User-Agent: selenium/4.1.2 (java windows)
Cache-Control: no-cache
Content-Type: application/json; charset=utf-8
host: localhost:59019
accept: */*

Response DefaultHttpResponse(decodeResult: success, version: HTTP/1.1)
HTTP/1.1 200 OK
Content-Type: application/json; charset=utf-8
cache-control: no-cache
content-length: 122136

22:11:51.057 [AsyncHttpClient-1-4] DEBUG org.asynchttpclient.netty.channel.ChannelManager - Adding key: http://localhost:59019 for channel [id: 0x508208f1, L:/127.0.0.1:61849 - R:localhost/127.0.0.1:59019]
22:11:51.061 [main] DEBUG net.serenitybdd.core.photography.Darkroom - Send negative for processing for target\site\serenity\7549a6c35e9e103e3069584313d74f747282ee40a2aad2c57fc181fb4a023e81.png
22:11:51.062 [Darkroom Processing Line] DEBUG net.serenitybdd.core.photography.DarkroomProcessingLine - Processing screenshot image in /var/screenshots/screenshot-16184894397679074211
22:11:51.062 [Darkroom Processing Line] DEBUG net.serenitybdd.core.photography.DarkroomProcessingLine - Saving screenshot to target\site\serenity\7549a6c35e9e103e3069584313d74f747282ee40a2aad2c57fc181fb4a023e81.png
22:11:51.071 [Forwarding findElement on session f180555dcf83c539ed08c58a50a7d2e8 to remote] DEBUG org.asynchttpclient.netty.request.NettyRequestSender - Using pooled Channel '[id: 0x508208f1, L:/127.0.0.1:61849 - R:localhost/127.0.0.1:59019]' for 'POST' to 'http://localhost:59019/session/f180555dcf83c539ed08c58a50a7d2e8/element'
22:11:51.071 [Forwarding findElement on session f180555dcf83c539ed08c58a50a7d2e8 to remote] DEBUG org.asynchttpclient.netty.request.NettyRequestSender - Using open Channel [id: 0x508208f1, L:/127.0.0.1:61849 - R:localhost/127.0.0.1:59019] for POST '/session/f180555dcf83c539ed08c58a50a7d2e8/element'
22:11:51.108 [AsyncHttpClient-1-4] DEBUG org.asynchttpclient.netty.handler.HttpHandler - 

Request DefaultHttpRequest(decodeResult: success, version: HTTP/1.1)
POST /session/f180555dcf83c539ed08c58a50a7d2e8/element HTTP/1.1
User-Agent: selenium/4.1.2 (java windows)
Content-Length: 104
Content-Type: application/json; charset=utf-8
host: localhost:59019
accept: */*

Response DefaultHttpResponse(decodeResult: success, version: HTTP/1.1)
HTTP/1.1 200 OK
Content-Type: application/json; charset=utf-8
cache-control: no-cache
content-length: 88

22:11:51.108 [AsyncHttpClient-1-4] DEBUG org.asynchttpclient.netty.channel.ChannelManager - Adding key: http://localhost:59019 for channel [id: 0x508208f1, L:/127.0.0.1:61849 - R:localhost/127.0.0.1:59019]
22:11:51.109 [Forwarding getElementTagName on session f180555dcf83c539ed08c58a50a7d2e8 to remote] DEBUG org.asynchttpclient.netty.request.NettyRequestSender - Using pooled Channel '[id: 0x508208f1, L:/127.0.0.1:61849 - R:localhost/127.0.0.1:59019]' for 'GET' to 'http://localhost:59019/session/f180555dcf83c539ed08c58a50a7d2e8/element/cc35d12d-b2d5-48f3-bd1e-099ccb5b15d5/name'
22:11:51.110 [Forwarding getElementTagName on session f180555dcf83c539ed08c58a50a7d2e8 to remote] DEBUG org.asynchttpclient.netty.request.NettyRequestSender - Using open Channel [id: 0x508208f1, L:/127.0.0.1:61849 - R:localhost/127.0.0.1:59019] for GET '/session/f180555dcf83c539ed08c58a50a7d2e8/element/cc35d12d-b2d5-48f3-bd1e-099ccb5b15d5/name'
22:11:51.114 [AsyncHttpClient-1-4] DEBUG org.asynchttpclient.netty.handler.HttpHandler - 

Request DefaultFullHttpRequest(decodeResult: success, version: HTTP/1.1, content: EmptyByteBufBE)
GET /session/f180555dcf83c539ed08c58a50a7d2e8/element/cc35d12d-b2d5-48f3-bd1e-099ccb5b15d5/name HTTP/1.1
User-Agent: selenium/4.1.2 (java windows)
Cache-Control: no-cache
Content-Type: application/json; charset=utf-8
host: localhost:59019
accept: */*

Response DefaultHttpResponse(decodeResult: success, version: HTTP/1.1)
HTTP/1.1 200 OK
Content-Type: application/json; charset=utf-8
cache-control: no-cache
content-length: 16

22:11:51.114 [AsyncHttpClient-1-4] DEBUG org.asynchttpclient.netty.channel.ChannelManager - Adding key: http://localhost:59019 for channel [id: 0x508208f1, L:/127.0.0.1:61849 - R:localhost/127.0.0.1:59019]
22:11:51.116 [Forwarding getElementTagName on session f180555dcf83c539ed08c58a50a7d2e8 to remote] DEBUG org.asynchttpclient.netty.request.NettyRequestSender - Using pooled Channel '[id: 0x508208f1, L:/127.0.0.1:61849 - R:localhost/127.0.0.1:59019]' for 'GET' to 'http://localhost:59019/session/f180555dcf83c539ed08c58a50a7d2e8/element/cc35d12d-b2d5-48f3-bd1e-099ccb5b15d5/name'
22:11:51.116 [Forwarding getElementTagName on session f180555dcf83c539ed08c58a50a7d2e8 to remote] DEBUG org.asynchttpclient.netty.request.NettyRequestSender - Using open Channel [id: 0x508208f1, L:/127.0.0.1:61849 - R:localhost/127.0.0.1:59019] for GET '/session/f180555dcf83c539ed08c58a50a7d2e8/element/cc35d12d-b2d5-48f3-bd1e-099ccb5b15d5/name'
22:11:51.119 [AsyncHttpClient-1-4] DEBUG org.asynchttpclient.netty.handler.HttpHandler - 

Request DefaultFullHttpRequest(decodeResult: success, version: HTTP/1.1, content: EmptyByteBufBE)
GET /session/f180555dcf83c539ed08c58a50a7d2e8/element/cc35d12d-b2d5-48f3-bd1e-099ccb5b15d5/name HTTP/1.1
User-Agent: selenium/4.1.2 (java windows)
Cache-Control: no-cache
Content-Type: application/json; charset=utf-8
host: localhost:59019
accept: */*

Response DefaultHttpResponse(decodeResult: success, version: HTTP/1.1)
HTTP/1.1 200 OK
Content-Type: application/json; charset=utf-8
cache-control: no-cache
content-length: 16

22:11:51.119 [AsyncHttpClient-1-4] DEBUG org.asynchttpclient.netty.channel.ChannelManager - Adding key: http://localhost:59019 for channel [id: 0x508208f1, L:/127.0.0.1:61849 - R:localhost/127.0.0.1:59019]
22:11:51.122 [Forwarding findElement on session f180555dcf83c539ed08c58a50a7d2e8 to remote] DEBUG org.asynchttpclient.netty.request.NettyRequestSender - Using pooled Channel '[id: 0x508208f1, L:/127.0.0.1:61849 - R:localhost/127.0.0.1:59019]' for 'POST' to 'http://localhost:59019/session/f180555dcf83c539ed08c58a50a7d2e8/element'
22:11:51.122 [Forwarding findElement on session f180555dcf83c539ed08c58a50a7d2e8 to remote] DEBUG org.asynchttpclient.netty.request.NettyRequestSender - Using open Channel [id: 0x508208f1, L:/127.0.0.1:61849 - R:localhost/127.0.0.1:59019] for POST '/session/f180555dcf83c539ed08c58a50a7d2e8/element'
22:11:51.129 [AsyncHttpClient-1-4] DEBUG org.asynchttpclient.netty.handler.HttpHandler - 

Request DefaultHttpRequest(decodeResult: success, version: HTTP/1.1)
POST /session/f180555dcf83c539ed08c58a50a7d2e8/element HTTP/1.1
User-Agent: selenium/4.1.2 (java windows)
Content-Length: 104
Content-Type: application/json; charset=utf-8
host: localhost:59019
accept: */*

Response DefaultHttpResponse(decodeResult: success, version: HTTP/1.1)
HTTP/1.1 200 OK
Content-Type: application/json; charset=utf-8
cache-control: no-cache
content-length: 88

22:11:51.130 [AsyncHttpClient-1-4] DEBUG org.asynchttpclient.netty.channel.ChannelManager - Adding key: http://localhost:59019 for channel [id: 0x508208f1, L:/127.0.0.1:61849 - R:localhost/127.0.0.1:59019]
22:11:51.131 [Forwarding clickElement on session f180555dcf83c539ed08c58a50a7d2e8 to remote] DEBUG org.asynchttpclient.netty.request.NettyRequestSender - Using pooled Channel '[id: 0x508208f1, L:/127.0.0.1:61849 - R:localhost/127.0.0.1:59019]' for 'POST' to 'http://localhost:59019/session/f180555dcf83c539ed08c58a50a7d2e8/element/cc35d12d-b2d5-48f3-bd1e-099ccb5b15d5/click'
22:11:51.131 [Forwarding clickElement on session f180555dcf83c539ed08c58a50a7d2e8 to remote] DEBUG org.asynchttpclient.netty.request.NettyRequestSender - Using open Channel [id: 0x508208f1, L:/127.0.0.1:61849 - R:localhost/127.0.0.1:59019] for POST '/session/f180555dcf83c539ed08c58a50a7d2e8/element/cc35d12d-b2d5-48f3-bd1e-099ccb5b15d5/click'
22:11:51.319 [AsyncHttpClient-1-4] DEBUG org.asynchttpclient.netty.handler.HttpHandler - 

Request DefaultHttpRequest(decodeResult: success, version: HTTP/1.1)
POST /session/f180555dcf83c539ed08c58a50a7d2e8/element/cc35d12d-b2d5-48f3-bd1e-099ccb5b15d5/click HTTP/1.1
User-Agent: selenium/4.1.2 (java windows)
Content-Length: 50
Content-Type: application/json; charset=utf-8
host: localhost:59019
accept: */*

Response DefaultHttpResponse(decodeResult: success, version: HTTP/1.1)
HTTP/1.1 200 OK
Content-Type: application/json; charset=utf-8
cache-control: no-cache
content-length: 14

22:11:51.320 [AsyncHttpClient-1-4] DEBUG org.asynchttpclient.netty.channel.ChannelManager - Adding key: http://localhost:59019 for channel [id: 0x508208f1, L:/127.0.0.1:61849 - R:localhost/127.0.0.1:59019]
  &amp#27;[32mWhen &amp#27;[0m&amp#27;[32mI will go to &amp#27;[0m&amp#27;[32m&amp#27;[1m"atasan1"&amp#27;[0m     &amp#27;[90m# starter.stepdefinitions.BabyStep.iWillGoTo(java.lang.String)&amp#27;[0m
22:11:51.328 [Forwarding screenshot on session f180555dcf83c539ed08c58a50a7d2e8 to remote] DEBUG org.asynchttpclient.netty.request.NettyRequestSender - Using pooled Channel '[id: 0x508208f1, L:/127.0.0.1:61849 - R:localhost/127.0.0.1:59019]' for 'GET' to 'http://localhost:59019/session/f180555dcf83c539ed08c58a50a7d2e8/screenshot'
22:11:51.328 [Forwarding screenshot on session f180555dcf83c539ed08c58a50a7d2e8 to remote] DEBUG org.asynchttpclient.netty.request.NettyRequestSender - Using open Channel [id: 0x508208f1, L:/127.0.0.1:61849 - R:localhost/127.0.0.1:59019] for GET '/session/f180555dcf83c539ed08c58a50a7d2e8/screenshot'
22:11:51.475 [AsyncHttpClient-1-4] DEBUG org.asynchttpclient.netty.handler.HttpHandler - 

Request DefaultFullHttpRequest(decodeResult: success, version: HTTP/1.1, content: EmptyByteBufBE)
GET /session/f180555dcf83c539ed08c58a50a7d2e8/screenshot HTTP/1.1
User-Agent: selenium/4.1.2 (java windows)
Cache-Control: no-cache
Content-Type: application/json; charset=utf-8
host: localhost:59019
accept: */*

Response DefaultHttpResponse(decodeResult: success, version: HTTP/1.1)
HTTP/1.1 200 OK
Content-Type: application/json; charset=utf-8
cache-control: no-cache
content-length: 89600

22:11:51.475 [AsyncHttpClient-1-4] DEBUG org.asynchttpclient.netty.channel.ChannelManager - Adding key: http://localhost:59019 for channel [id: 0x508208f1, L:/127.0.0.1:61849 - R:localhost/127.0.0.1:59019]
22:11:51.479 [main] DEBUG net.serenitybdd.core.photography.Darkroom - Send negative for processing for target\site\serenity\0d09e77ee980ad9a92b187f20c1e64f98f861e1026f7274e7aa0d6c80b88ebe0.png
22:11:51.479 [Darkroom Processing Line] DEBUG net.serenitybdd.core.photography.DarkroomProcessingLine - Processing screenshot image in /var/screenshots/screenshot-18142416190462841606
22:11:51.479 [Darkroom Processing Line] DEBUG net.serenitybdd.core.photography.DarkroomProcessingLine - Saving screenshot to target\site\serenity\0d09e77ee980ad9a92b187f20c1e64f98f861e1026f7274e7aa0d6c80b88ebe0.png
  &amp#27;[32mAnd &amp#27;[0m&amp#27;[32mI &amp#27;[0m&amp#27;[32m&amp#27;[1m"txtAtasan1"&amp#27;[0m&amp#27;[32m page&amp#27;[0m         &amp#27;[90m# starter.stepdefinitions.BabyStep.iPage(java.lang.String)&amp#27;[0m
22:11:51.493 [AsyncHttpClient-1-6] DEBUG org.asynchttpclient.netty.handler.WebSocketHandler - Channel Closed: [id: 0x4b244074, L:/127.0.0.1:61858 ! R:localhost/127.0.0.1:61850] with attribute NettyResponseFuture{currentRetry=5,
	isDone=1,
	isCancelled=0,
	asyncHandler=org.asynchttpclient.ws.WebSocketUpgradeHandler@1e01e563,
	nettyRequest=org.asynchttpclient.netty.request.NettyRequest@2eb54926,
	future=java.util.concurrent.CompletableFuture@66be23e1[Completed normally],
	uri=ws://localhost:61850/devtools/browser/d9cf8596-9328-4f57-a849-8ca3332c4919,
	keepAlive=true,
	redirectCount=0,
	timeoutsHolder=null,
	inAuth=0,
	touch=1680707496994}
22:11:51.493 [AsyncHttpClient-1-6] DEBUG org.asynchttpclient.netty.channel.ChannelManager - Closing Channel [id: 0x4b244074, L:/127.0.0.1:61858 ! R:localhost/127.0.0.1:61850] 
22:11:51.493 [Driver Command Executor] DEBUG org.asynchttpclient.netty.request.NettyRequestSender - Using pooled Channel '[id: 0x508208f1, L:/127.0.0.1:61849 - R:localhost/127.0.0.1:59019]' for 'DELETE' to 'http://localhost:59019/session/f180555dcf83c539ed08c58a50a7d2e8'
22:11:51.493 [Driver Command Executor] DEBUG org.asynchttpclient.netty.request.NettyRequestSender - Using open Channel [id: 0x508208f1, L:/127.0.0.1:61849 - R:localhost/127.0.0.1:59019] for DELETE '/session/f180555dcf83c539ed08c58a50a7d2e8'
22:11:51.529 [AsyncHttpClient-1-5] DEBUG org.asynchttpclient.netty.handler.HttpHandler - Unexpected I/O exception on channel [id: 0x4d086072, L:/127.0.0.1:61857 - R:localhost/127.0.0.1:61850]
java.net.SocketException: Connection reset
	at java.base/sun.nio.ch.SocketChannelImpl.throwConnectionReset(SocketChannelImpl.java:345)
	at java.base/sun.nio.ch.SocketChannelImpl.read(SocketChannelImpl.java:376)
	at io.netty.buffer.PooledByteBuf.setBytes(PooledByteBuf.java:258)
	at io.netty.buffer.AbstractByteBuf.writeBytes(AbstractByteBuf.java:1132)
	at io.netty.channel.socket.nio.NioSocketChannel.doReadBytes(NioSocketChannel.java:350)
	at io.netty.channel.nio.AbstractNioByteChannel$NioByteUnsafe.read(AbstractNioByteChannel.java:151)
	at io.netty.channel.nio.NioEventLoop.processSelectedKey(NioEventLoop.java:722)
	at io.netty.channel.nio.NioEventLoop.processSelectedKeysOptimized(NioEventLoop.java:658)
	at io.netty.channel.nio.NioEventLoop.processSelectedKeys(NioEventLoop.java:584)
	at io.netty.channel.nio.NioEventLoop.run(NioEventLoop.java:496)
	at io.netty.util.concurrent.SingleThreadEventExecutor$4.run(SingleThreadEventExecutor.java:986)
	at io.netty.util.internal.ThreadExecutorMap$2.run(ThreadExecutorMap.java:74)
	at io.netty.util.concurrent.FastThreadLocalRunnable.run(FastThreadLocalRunnable.java:30)
	at java.base/java.lang.Thread.run(Thread.java:830)
22:11:51.530 [AsyncHttpClient-1-5] DEBUG org.asynchttpclient.netty.channel.ChannelManager - Closing Channel [id: 0x4d086072, L:/127.0.0.1:61857 - R:localhost/127.0.0.1:61850] 
22:11:51.530 [AsyncHttpClient-1-5] DEBUG org.asynchttpclient.netty.handler.HttpHandler - Channel Closed: [id: 0x4d086072, L:/127.0.0.1:61857 ! R:localhost/127.0.0.1:61850] with attribute DISCARD
22:11:51.574 [AsyncHttpClient-1-4] DEBUG org.asynchttpclient.netty.handler.HttpHandler - 

Request DefaultFullHttpRequest(decodeResult: success, version: HTTP/1.1, content: EmptyByteBufBE)
DELETE /session/f180555dcf83c539ed08c58a50a7d2e8 HTTP/1.1
User-Agent: selenium/4.1.2 (java windows)
Content-Type: application/json; charset=utf-8
host: localhost:59019
accept: */*

Response DefaultHttpResponse(decodeResult: success, version: HTTP/1.1)
HTTP/1.1 200 OK
Content-Type: application/json; charset=utf-8
cache-control: no-cache
content-length: 14

22:11:51.575 [AsyncHttpClient-1-4] DEBUG org.asynchttpclient.netty.channel.ChannelManager - Adding key: http://localhost:59019 for channel [id: 0x508208f1, L:/127.0.0.1:61849 - R:localhost/127.0.0.1:59019]
22:11:51.698 [AsyncHttpClient-1-4] DEBUG org.asynchttpclient.netty.handler.HttpHandler - Channel Closed: [id: 0x508208f1, L:/127.0.0.1:61849 ! R:localhost/127.0.0.1:59019] with attribute DISCARD
22:11:51.743 [AsyncHttpClient-1-1] DEBUG org.asynchttpclient.netty.channel.DefaultChannelPool - Entry count for : http://localhost:61850 : 1
22:11:51.743 [AsyncHttpClient-1-1] DEBUG org.asynchttpclient.netty.channel.DefaultChannelPool - Entry count for : http://localhost:59019 : 1
22:11:51.743 [AsyncHttpClient-1-1] DEBUG org.asynchttpclient.netty.channel.DefaultChannelPool - Adding Candidate expired Channel [id: 0x4d086072, L:/127.0.0.1:61857 ! R:localhost/127.0.0.1:61850] isIdleTimeoutExpired=false isRemotelyClosed=true isTtlExpired=false
22:11:51.743 [AsyncHttpClient-1-1] DEBUG org.asynchttpclient.netty.channel.DefaultChannelPool - Closing Idle Channel [id: 0x4d086072, L:/127.0.0.1:61857 ! R:localhost/127.0.0.1:61850]
22:11:51.743 [AsyncHttpClient-1-1] DEBUG org.asynchttpclient.netty.channel.DefaultChannelPool - Adding Candidate expired Channel [id: 0x508208f1, L:/127.0.0.1:61849 ! R:localhost/127.0.0.1:59019] isIdleTimeoutExpired=false isRemotelyClosed=true isTtlExpired=false
22:11:51.743 [AsyncHttpClient-1-1] DEBUG org.asynchttpclient.netty.channel.DefaultChannelPool - Closing Idle Channel [id: 0x508208f1, L:/127.0.0.1:61849 ! R:localhost/127.0.0.1:59019]
22:11:51.743 [AsyncHttpClient-1-1] DEBUG org.asynchttpclient.netty.channel.DefaultChannelPool - Closed 2 connections out of 2 in 0 ms
]]></system-out>
    <system-err><![CDATA[Starting Microsoft Edge WebDriver 111.0.1661.62 (0a8f453929e6410c973aa529a40485ce4e3e03db) on port 59019
To submit feedback, report a bug, or suggest new features, please visit https://github.com/MicrosoftEdge/EdgeWebDriver

Only local connections are allowed.
Please see https://aka.ms/WebDriverSecurity for suggestions on keeping Microsoft Edge WebDriver safe.

Microsoft Edge WebDriver was started successfully.
Apr 05, 2023 10:11:36 PM org.openqa.selenium.remote.ProtocolHandshake createSession
INFO: Detected dialect: W3C
Apr 05, 2023 10:11:36 PM org.openqa.selenium.devtools.CdpVersionFinder findNearestMatch
WARNING: Unable to find an exact match for CDP version 111, so returning the closest version found: a no-op implementation
Apr 05, 2023 10:11:36 PM org.openqa.selenium.devtools.CdpVersionFinder findNearestMatch
INFO: Unable to find CDP implementation matching 111.
Apr 05, 2023 10:11:36 PM org.openqa.selenium.chromium.ChromiumDriver lambda$new$3
WARNING: Unable to find version of CDP to use for . You may need to include a dependency on a specific version of the CDP using something similar to `org.seleniumhq.selenium:selenium-devtools-v86:4.1.2` where the version ("v86") matches the version of the chromium-based browser you're using and the version number of the artifact is the same as Selenium's.
]]></system-err>
  </testcase>
  <testcase name="Fitur Menu Baby #8" classname="Baby" time="10.233">
    <system-out><![CDATA[
Scenario Outline: Fitur Menu Baby &amp#27;[90m# src/test/resources/features/Baby.feature:100&amp#27;[0m
22:11:52.310 [main] INFO io.cucumber.core.plugin.SerenityReporter - Running feature from file:///C:/Users/alwi/IdeaProjects/uniqloweb/src/test/resources/features/Baby.feature
22:11:52.427 [main] DEBUG io.github.bonigarcia.wdm.cache.ResolutionCache - Resolution edge=111 in cache (valid until 23:09:49 05/04/2023 WIB)
22:11:52.430 [main] DEBUG io.github.bonigarcia.wdm.cache.ResolutionCache - Resolution edge111=111.0.1661.62 in cache (valid until 15:17:30 06/04/2023 WIB)
22:11:52.433 [main] INFO io.github.bonigarcia.wdm.WebDriverManager - Using msedgedriver 111.0.1661.62 (resolved driver for Edge 111)
22:11:52.445 [main] DEBUG io.github.bonigarcia.wdm.WebDriverManager - Driver msedgedriver 111.0.1661.62 found in cache
22:11:52.445 [main] INFO io.github.bonigarcia.wdm.WebDriverManager - Exporting webdriver.edge.driver as C:\Users\alwi\.cache\selenium\msedgedriver\win64\111.0.1661.62\msedgedriver.exe
22:11:52.448 [main] DEBUG net.serenitybdd.core.webdriver.driverproviders.ProvideNewDriver - Instantiating driver
22:11:52.448 [main] DEBUG net.serenitybdd.core.webdriver.driverproviders.ProvideNewDriver - Driver capabilities: Capabilities {base.url: https://www.uniqlo.com, chrome.driver: src/test/resources/webdrive..., driver: edge, ms:edgeChromium: true, ms:edgeOptions: {}, wait.for.timeout: 6000}
22:11:52.984 [AsyncHttpClient-1-7] DEBUG org.asynchttpclient.netty.channel.NettyConnectListener - Using new Channel '[id: 0xeeb8f61b, L:/127.0.0.1:62001 - R:localhost/127.0.0.1:58341]' for 'POST' to '/session'
22:11:53.584 [AsyncHttpClient-1-7] DEBUG org.asynchttpclient.netty.handler.HttpHandler - 

Request DefaultHttpRequest(decodeResult: success, version: HTTP/1.1)
POST /session HTTP/1.1
User-Agent: selenium/4.1.2 (java windows)
Content-Length: 627
Content-Type: application/json; charset=utf-8
host: localhost:58341
accept: */*

Response DefaultHttpResponse(decodeResult: success, version: HTTP/1.1)
HTTP/1.1 200 OK
Content-Type: application/json; charset=utf-8
cache-control: no-cache
content-length: 823

22:11:53.584 [AsyncHttpClient-1-7] DEBUG org.asynchttpclient.netty.channel.ChannelManager - Adding key: http://localhost:58341 for channel [id: 0xeeb8f61b, L:/127.0.0.1:62001 - R:localhost/127.0.0.1:58341]
22:11:53.591 [AsyncHttpClient-1-8] DEBUG org.asynchttpclient.netty.channel.NettyConnectListener - Using new Channel '[id: 0xb091a020, L:/127.0.0.1:62009 - R:localhost/127.0.0.1:62002]' for 'GET' to '/json/version'
22:11:53.592 [AsyncHttpClient-1-8] DEBUG org.asynchttpclient.netty.handler.HttpHandler - 

Request DefaultFullHttpRequest(decodeResult: success, version: HTTP/1.1, content: EmptyByteBufBE)
GET /json/version HTTP/1.1
User-Agent: selenium/4.1.2 (java windows)
host: localhost:62002
accept: */*

Response DefaultHttpResponse(decodeResult: success, version: HTTP/1.1)
HTTP/1.1 200 OK
Content-Security-Policy: frame-ancestors 'none'
Content-Type: application/json; charset=UTF-8
content-length: 436

22:11:53.592 [AsyncHttpClient-1-8] DEBUG org.asynchttpclient.netty.channel.ChannelManager - Adding key: http://localhost:62002 for channel [id: 0xb091a020, L:/127.0.0.1:62009 - R:localhost/127.0.0.1:62002]
22:11:53.594 [AsyncHttpClient-1-9] DEBUG org.asynchttpclient.netty.channel.NettyConnectListener - Using new Channel '[id: 0x49c064b9, L:/127.0.0.1:62010 - R:localhost/127.0.0.1:62002]' for 'GET' to '/devtools/browser/949838a3-af50-4770-881a-2075d684cf5e'
22:11:53.595 [AsyncHttpClient-1-9] DEBUG org.asynchttpclient.netty.handler.WebSocketHandler - 

Request DefaultFullHttpRequest(decodeResult: success, version: HTTP/1.1, content: EmptyByteBufBE)
GET /devtools/browser/949838a3-af50-4770-881a-2075d684cf5e HTTP/1.1
upgrade: websocket
connection: upgrade
sec-websocket-key: dGi5ZwQPc5asrJtfLGimrw==
sec-websocket-version: 13
origin: http://localhost:62002
host: localhost:62002
accept: */*
user-agent: AHC/2.1

Response DefaultHttpResponse(decodeResult: success, version: HTTP/1.1)
HTTP/1.1 101 WebSocket Protocol Handshake
Upgrade: WebSocket
Connection: Upgrade
Sec-WebSocket-Accept: /B28k4ExZHFIQv0AovPMPvaYc+g=

22:11:53.598 [Forwarding get on session de5bf2186bb1cc622c8034958320bc71 to remote] DEBUG org.asynchttpclient.netty.request.NettyRequestSender - Using pooled Channel '[id: 0xeeb8f61b, L:/127.0.0.1:62001 - R:localhost/127.0.0.1:58341]' for 'POST' to 'http://localhost:58341/session/de5bf2186bb1cc622c8034958320bc71/url'
22:11:53.598 [Forwarding get on session de5bf2186bb1cc622c8034958320bc71 to remote] DEBUG org.asynchttpclient.netty.request.NettyRequestSender - Using open Channel [id: 0xeeb8f61b, L:/127.0.0.1:62001 - R:localhost/127.0.0.1:58341] for POST '/session/de5bf2186bb1cc622c8034958320bc71/url'
22:11:53.944 [AsyncHttpClient-1-1] DEBUG org.asynchttpclient.netty.channel.DefaultChannelPool - Entry count for : http://localhost:62002 : 1
22:11:55.049 [AsyncHttpClient-1-1] DEBUG org.asynchttpclient.netty.channel.DefaultChannelPool - Entry count for : http://localhost:62002 : 1
22:11:56.138 [AsyncHttpClient-1-1] DEBUG org.asynchttpclient.netty.channel.DefaultChannelPool - Entry count for : http://localhost:62002 : 1
22:11:57.240 [AsyncHttpClient-1-1] DEBUG org.asynchttpclient.netty.channel.DefaultChannelPool - Entry count for : http://localhost:62002 : 1
22:11:58.338 [AsyncHttpClient-1-1] DEBUG org.asynchttpclient.netty.channel.DefaultChannelPool - Entry count for : http://localhost:62002 : 1
22:11:59.452 [AsyncHttpClient-1-1] DEBUG org.asynchttpclient.netty.channel.DefaultChannelPool - Entry count for : http://localhost:62002 : 1
22:11:59.871 [AsyncHttpClient-1-7] DEBUG org.asynchttpclient.netty.handler.HttpHandler - 

Request DefaultHttpRequest(decodeResult: success, version: HTTP/1.1)
POST /session/de5bf2186bb1cc622c8034958320bc71/url HTTP/1.1
User-Agent: selenium/4.1.2 (java windows)
Content-Length: 53
Content-Type: application/json; charset=utf-8
host: localhost:58341
accept: */*

Response DefaultHttpResponse(decodeResult: success, version: HTTP/1.1)
HTTP/1.1 200 OK
Content-Type: application/json; charset=utf-8
cache-control: no-cache
content-length: 14

22:11:59.871 [AsyncHttpClient-1-7] DEBUG org.asynchttpclient.netty.channel.ChannelManager - Adding key: http://localhost:58341 for channel [id: 0xeeb8f61b, L:/127.0.0.1:62001 - R:localhost/127.0.0.1:58341]
22:11:59.873 [Forwarding setTimeout on session de5bf2186bb1cc622c8034958320bc71 to remote] DEBUG org.asynchttpclient.netty.request.NettyRequestSender - Using pooled Channel '[id: 0xeeb8f61b, L:/127.0.0.1:62001 - R:localhost/127.0.0.1:58341]' for 'POST' to 'http://localhost:58341/session/de5bf2186bb1cc622c8034958320bc71/timeouts'
22:11:59.873 [Forwarding setTimeout on session de5bf2186bb1cc622c8034958320bc71 to remote] DEBUG org.asynchttpclient.netty.request.NettyRequestSender - Using open Channel [id: 0xeeb8f61b, L:/127.0.0.1:62001 - R:localhost/127.0.0.1:58341] for POST '/session/de5bf2186bb1cc622c8034958320bc71/timeouts'
22:11:59.874 [AsyncHttpClient-1-7] DEBUG org.asynchttpclient.netty.handler.HttpHandler - 

Request DefaultHttpRequest(decodeResult: success, version: HTTP/1.1)
POST /session/de5bf2186bb1cc622c8034958320bc71/timeouts HTTP/1.1
User-Agent: selenium/4.1.2 (java windows)
Content-Length: 22
Content-Type: application/json; charset=utf-8
host: localhost:58341
accept: */*

Response DefaultHttpResponse(decodeResult: success, version: HTTP/1.1)
HTTP/1.1 200 OK
Content-Type: application/json; charset=utf-8
cache-control: no-cache
content-length: 14

22:11:59.874 [AsyncHttpClient-1-7] DEBUG org.asynchttpclient.netty.channel.ChannelManager - Adding key: http://localhost:58341 for channel [id: 0xeeb8f61b, L:/127.0.0.1:62001 - R:localhost/127.0.0.1:58341]
22:11:59.877 [Forwarding getCurrentUrl on session de5bf2186bb1cc622c8034958320bc71 to remote] DEBUG org.asynchttpclient.netty.request.NettyRequestSender - Using pooled Channel '[id: 0xeeb8f61b, L:/127.0.0.1:62001 - R:localhost/127.0.0.1:58341]' for 'GET' to 'http://localhost:58341/session/de5bf2186bb1cc622c8034958320bc71/url'
22:11:59.877 [Forwarding getCurrentUrl on session de5bf2186bb1cc622c8034958320bc71 to remote] DEBUG org.asynchttpclient.netty.request.NettyRequestSender - Using open Channel [id: 0xeeb8f61b, L:/127.0.0.1:62001 - R:localhost/127.0.0.1:58341] for GET '/session/de5bf2186bb1cc622c8034958320bc71/url'
22:11:59.881 [AsyncHttpClient-1-7] DEBUG org.asynchttpclient.netty.handler.HttpHandler - 

Request DefaultFullHttpRequest(decodeResult: success, version: HTTP/1.1, content: EmptyByteBufBE)
GET /session/de5bf2186bb1cc622c8034958320bc71/url HTTP/1.1
User-Agent: selenium/4.1.2 (java windows)
Cache-Control: no-cache
Content-Type: application/json; charset=utf-8
host: localhost:58341
accept: */*

Response DefaultHttpResponse(decodeResult: success, version: HTTP/1.1)
HTTP/1.1 200 OK
Content-Type: application/json; charset=utf-8
cache-control: no-cache
content-length: 41

22:11:59.882 [AsyncHttpClient-1-7] DEBUG org.asynchttpclient.netty.channel.ChannelManager - Adding key: http://localhost:58341 for channel [id: 0xeeb8f61b, L:/127.0.0.1:62001 - R:localhost/127.0.0.1:58341]
  &amp#27;[32mGiven &amp#27;[0m&amp#27;[32mI am on the home page&amp#27;[0m     &amp#27;[90m# starter.stepdefinitions.BabyStep.iAmOnTheHomePage()&amp#27;[0m
22:11:59.887 [Forwarding screenshot on session de5bf2186bb1cc622c8034958320bc71 to remote] DEBUG org.asynchttpclient.netty.request.NettyRequestSender - Using pooled Channel '[id: 0xeeb8f61b, L:/127.0.0.1:62001 - R:localhost/127.0.0.1:58341]' for 'GET' to 'http://localhost:58341/session/de5bf2186bb1cc622c8034958320bc71/screenshot'
22:11:59.887 [Forwarding screenshot on session de5bf2186bb1cc622c8034958320bc71 to remote] DEBUG org.asynchttpclient.netty.request.NettyRequestSender - Using open Channel [id: 0xeeb8f61b, L:/127.0.0.1:62001 - R:localhost/127.0.0.1:58341] for GET '/session/de5bf2186bb1cc622c8034958320bc71/screenshot'
22:12:00.212 [AsyncHttpClient-1-7] DEBUG org.asynchttpclient.netty.handler.HttpHandler - 

Request DefaultFullHttpRequest(decodeResult: success, version: HTTP/1.1, content: EmptyByteBufBE)
GET /session/de5bf2186bb1cc622c8034958320bc71/screenshot HTTP/1.1
User-Agent: selenium/4.1.2 (java windows)
Cache-Control: no-cache
Content-Type: application/json; charset=utf-8
host: localhost:58341
accept: */*

Response DefaultHttpResponse(decodeResult: success, version: HTTP/1.1)
HTTP/1.1 200 OK
Content-Type: application/json; charset=utf-8
cache-control: no-cache
content-length: 1119968

22:12:00.215 [AsyncHttpClient-1-7] DEBUG org.asynchttpclient.netty.channel.ChannelManager - Adding key: http://localhost:58341 for channel [id: 0xeeb8f61b, L:/127.0.0.1:62001 - R:localhost/127.0.0.1:58341]
22:12:00.269 [main] DEBUG net.serenitybdd.core.photography.Darkroom - Send negative for processing for target\site\serenity\3d1b19ad31921c0beae4332facd941fcc81467ad5802877977ec6c100df601ce.png
22:12:00.284 [Forwarding findElement on session de5bf2186bb1cc622c8034958320bc71 to remote] DEBUG org.asynchttpclient.netty.request.NettyRequestSender - Using pooled Channel '[id: 0xeeb8f61b, L:/127.0.0.1:62001 - R:localhost/127.0.0.1:58341]' for 'POST' to 'http://localhost:58341/session/de5bf2186bb1cc622c8034958320bc71/element'
22:12:00.285 [Forwarding findElement on session de5bf2186bb1cc622c8034958320bc71 to remote] DEBUG org.asynchttpclient.netty.request.NettyRequestSender - Using open Channel [id: 0xeeb8f61b, L:/127.0.0.1:62001 - R:localhost/127.0.0.1:58341] for POST '/session/de5bf2186bb1cc622c8034958320bc71/element'
22:12:00.300 [AsyncHttpClient-1-7] DEBUG org.asynchttpclient.netty.handler.HttpHandler - 

Request DefaultHttpRequest(decodeResult: success, version: HTTP/1.1)
POST /session/de5bf2186bb1cc622c8034958320bc71/element HTTP/1.1
User-Agent: selenium/4.1.2 (java windows)
Content-Length: 81
Content-Type: application/json; charset=utf-8
host: localhost:58341
accept: */*

Response DefaultHttpResponse(decodeResult: success, version: HTTP/1.1)
HTTP/1.1 200 OK
Content-Type: application/json; charset=utf-8
cache-control: no-cache
content-length: 88

22:12:00.300 [AsyncHttpClient-1-7] DEBUG org.asynchttpclient.netty.channel.ChannelManager - Adding key: http://localhost:58341 for channel [id: 0xeeb8f61b, L:/127.0.0.1:62001 - R:localhost/127.0.0.1:58341]
22:12:00.302 [Forwarding getElementTagName on session de5bf2186bb1cc622c8034958320bc71 to remote] DEBUG org.asynchttpclient.netty.request.NettyRequestSender - Using pooled Channel '[id: 0xeeb8f61b, L:/127.0.0.1:62001 - R:localhost/127.0.0.1:58341]' for 'GET' to 'http://localhost:58341/session/de5bf2186bb1cc622c8034958320bc71/element/fdaa631b-2628-4e0e-9e3c-373a4836cccf/name'
22:12:00.302 [Forwarding getElementTagName on session de5bf2186bb1cc622c8034958320bc71 to remote] DEBUG org.asynchttpclient.netty.request.NettyRequestSender - Using open Channel [id: 0xeeb8f61b, L:/127.0.0.1:62001 - R:localhost/127.0.0.1:58341] for GET '/session/de5bf2186bb1cc622c8034958320bc71/element/fdaa631b-2628-4e0e-9e3c-373a4836cccf/name'
22:12:00.307 [AsyncHttpClient-1-7] DEBUG org.asynchttpclient.netty.handler.HttpHandler - 

Request DefaultFullHttpRequest(decodeResult: success, version: HTTP/1.1, content: EmptyByteBufBE)
GET /session/de5bf2186bb1cc622c8034958320bc71/element/fdaa631b-2628-4e0e-9e3c-373a4836cccf/name HTTP/1.1
User-Agent: selenium/4.1.2 (java windows)
Cache-Control: no-cache
Content-Type: application/json; charset=utf-8
host: localhost:58341
accept: */*

Response DefaultHttpResponse(decodeResult: success, version: HTTP/1.1)
HTTP/1.1 200 OK
Content-Type: application/json; charset=utf-8
cache-control: no-cache
content-length: 16

22:12:00.307 [AsyncHttpClient-1-7] DEBUG org.asynchttpclient.netty.channel.ChannelManager - Adding key: http://localhost:58341 for channel [id: 0xeeb8f61b, L:/127.0.0.1:62001 - R:localhost/127.0.0.1:58341]
22:12:00.309 [Forwarding getElementTagName on session de5bf2186bb1cc622c8034958320bc71 to remote] DEBUG org.asynchttpclient.netty.request.NettyRequestSender - Using pooled Channel '[id: 0xeeb8f61b, L:/127.0.0.1:62001 - R:localhost/127.0.0.1:58341]' for 'GET' to 'http://localhost:58341/session/de5bf2186bb1cc622c8034958320bc71/element/fdaa631b-2628-4e0e-9e3c-373a4836cccf/name'
22:12:00.309 [Forwarding getElementTagName on session de5bf2186bb1cc622c8034958320bc71 to remote] DEBUG org.asynchttpclient.netty.request.NettyRequestSender - Using open Channel [id: 0xeeb8f61b, L:/127.0.0.1:62001 - R:localhost/127.0.0.1:58341] for GET '/session/de5bf2186bb1cc622c8034958320bc71/element/fdaa631b-2628-4e0e-9e3c-373a4836cccf/name'
22:12:00.313 [AsyncHttpClient-1-7] DEBUG org.asynchttpclient.netty.handler.HttpHandler - 

Request DefaultFullHttpRequest(decodeResult: success, version: HTTP/1.1, content: EmptyByteBufBE)
GET /session/de5bf2186bb1cc622c8034958320bc71/element/fdaa631b-2628-4e0e-9e3c-373a4836cccf/name HTTP/1.1
User-Agent: selenium/4.1.2 (java windows)
Cache-Control: no-cache
Content-Type: application/json; charset=utf-8
host: localhost:58341
accept: */*

Response DefaultHttpResponse(decodeResult: success, version: HTTP/1.1)
HTTP/1.1 200 OK
Content-Type: application/json; charset=utf-8
cache-control: no-cache
content-length: 16

22:12:00.313 [AsyncHttpClient-1-7] DEBUG org.asynchttpclient.netty.channel.ChannelManager - Adding key: http://localhost:58341 for channel [id: 0xeeb8f61b, L:/127.0.0.1:62001 - R:localhost/127.0.0.1:58341]
22:12:00.316 [Forwarding findElement on session de5bf2186bb1cc622c8034958320bc71 to remote] DEBUG org.asynchttpclient.netty.request.NettyRequestSender - Using pooled Channel '[id: 0xeeb8f61b, L:/127.0.0.1:62001 - R:localhost/127.0.0.1:58341]' for 'POST' to 'http://localhost:58341/session/de5bf2186bb1cc622c8034958320bc71/element'
22:12:00.317 [Forwarding findElement on session de5bf2186bb1cc622c8034958320bc71 to remote] DEBUG org.asynchttpclient.netty.request.NettyRequestSender - Using open Channel [id: 0xeeb8f61b, L:/127.0.0.1:62001 - R:localhost/127.0.0.1:58341] for POST '/session/de5bf2186bb1cc622c8034958320bc71/element'
22:12:00.351 [AsyncHttpClient-1-7] DEBUG org.asynchttpclient.netty.handler.HttpHandler - 

Request DefaultHttpRequest(decodeResult: success, version: HTTP/1.1)
POST /session/de5bf2186bb1cc622c8034958320bc71/element HTTP/1.1
User-Agent: selenium/4.1.2 (java windows)
Content-Length: 81
Content-Type: application/json; charset=utf-8
host: localhost:58341
accept: */*

Response DefaultHttpResponse(decodeResult: success, version: HTTP/1.1)
HTTP/1.1 200 OK
Content-Type: application/json; charset=utf-8
cache-control: no-cache
content-length: 88

22:12:00.351 [AsyncHttpClient-1-7] DEBUG org.asynchttpclient.netty.channel.ChannelManager - Adding key: http://localhost:58341 for channel [id: 0xeeb8f61b, L:/127.0.0.1:62001 - R:localhost/127.0.0.1:58341]
22:12:00.353 [Forwarding clickElement on session de5bf2186bb1cc622c8034958320bc71 to remote] DEBUG org.asynchttpclient.netty.request.NettyRequestSender - Using pooled Channel '[id: 0xeeb8f61b, L:/127.0.0.1:62001 - R:localhost/127.0.0.1:58341]' for 'POST' to 'http://localhost:58341/session/de5bf2186bb1cc622c8034958320bc71/element/fdaa631b-2628-4e0e-9e3c-373a4836cccf/click'
22:12:00.353 [Forwarding clickElement on session de5bf2186bb1cc622c8034958320bc71 to remote] DEBUG org.asynchttpclient.netty.request.NettyRequestSender - Using open Channel [id: 0xeeb8f61b, L:/127.0.0.1:62001 - R:localhost/127.0.0.1:58341] for POST '/session/de5bf2186bb1cc622c8034958320bc71/element/fdaa631b-2628-4e0e-9e3c-373a4836cccf/click'
22:12:00.542 [AsyncHttpClient-1-1] DEBUG org.asynchttpclient.netty.channel.DefaultChannelPool - Entry count for : http://localhost:62002 : 1
22:12:00.877 [AsyncHttpClient-1-7] DEBUG org.asynchttpclient.netty.handler.HttpHandler - 

Request DefaultHttpRequest(decodeResult: success, version: HTTP/1.1)
POST /session/de5bf2186bb1cc622c8034958320bc71/element/fdaa631b-2628-4e0e-9e3c-373a4836cccf/click HTTP/1.1
User-Agent: selenium/4.1.2 (java windows)
Content-Length: 50
Content-Type: application/json; charset=utf-8
host: localhost:58341
accept: */*

Response DefaultHttpResponse(decodeResult: success, version: HTTP/1.1)
HTTP/1.1 200 OK
Content-Type: application/json; charset=utf-8
cache-control: no-cache
content-length: 14

22:12:00.877 [AsyncHttpClient-1-7] DEBUG org.asynchttpclient.netty.channel.ChannelManager - Adding key: http://localhost:58341 for channel [id: 0xeeb8f61b, L:/127.0.0.1:62001 - R:localhost/127.0.0.1:58341]
  &amp#27;[32mThen &amp#27;[0m&amp#27;[32mI click baby on the header&amp#27;[0m &amp#27;[90m# starter.stepdefinitions.BabyStep.iClickBabyOnTheHeader()&amp#27;[0m
22:12:00.889 [Forwarding screenshot on session de5bf2186bb1cc622c8034958320bc71 to remote] DEBUG org.asynchttpclient.netty.request.NettyRequestSender - Using pooled Channel '[id: 0xeeb8f61b, L:/127.0.0.1:62001 - R:localhost/127.0.0.1:58341]' for 'GET' to 'http://localhost:58341/session/de5bf2186bb1cc622c8034958320bc71/screenshot'
22:12:00.889 [Forwarding screenshot on session de5bf2186bb1cc622c8034958320bc71 to remote] DEBUG org.asynchttpclient.netty.request.NettyRequestSender - Using open Channel [id: 0xeeb8f61b, L:/127.0.0.1:62001 - R:localhost/127.0.0.1:58341] for GET '/session/de5bf2186bb1cc622c8034958320bc71/screenshot'
22:12:01.031 [AsyncHttpClient-1-7] DEBUG org.asynchttpclient.netty.handler.HttpHandler - 

Request DefaultFullHttpRequest(decodeResult: success, version: HTTP/1.1, content: EmptyByteBufBE)
GET /session/de5bf2186bb1cc622c8034958320bc71/screenshot HTTP/1.1
User-Agent: selenium/4.1.2 (java windows)
Cache-Control: no-cache
Content-Type: application/json; charset=utf-8
host: localhost:58341
accept: */*

Response DefaultHttpResponse(decodeResult: success, version: HTTP/1.1)
HTTP/1.1 200 OK
Content-Type: application/json; charset=utf-8
cache-control: no-cache
content-length: 62568

22:12:01.032 [AsyncHttpClient-1-7] DEBUG org.asynchttpclient.netty.channel.ChannelManager - Adding key: http://localhost:58341 for channel [id: 0xeeb8f61b, L:/127.0.0.1:62001 - R:localhost/127.0.0.1:58341]
22:12:01.035 [main] DEBUG net.serenitybdd.core.photography.Darkroom - Send negative for processing for target\site\serenity\004302c177e8353a51fc79aa1318bdd56bf53cfe444c880be093611281d19136.png
22:12:01.035 [Darkroom Processing Line] DEBUG net.serenitybdd.core.photography.DarkroomProcessingLine - Processing screenshot image in /var/screenshots/screenshot-5948316294176603097
22:12:01.035 [Darkroom Processing Line] DEBUG net.serenitybdd.core.photography.DarkroomProcessingLine - Saving screenshot to target\site\serenity\004302c177e8353a51fc79aa1318bdd56bf53cfe444c880be093611281d19136.png
22:12:01.045 [Forwarding findElement on session de5bf2186bb1cc622c8034958320bc71 to remote] DEBUG org.asynchttpclient.netty.request.NettyRequestSender - Using pooled Channel '[id: 0xeeb8f61b, L:/127.0.0.1:62001 - R:localhost/127.0.0.1:58341]' for 'POST' to 'http://localhost:58341/session/de5bf2186bb1cc622c8034958320bc71/element'
22:12:01.045 [Forwarding findElement on session de5bf2186bb1cc622c8034958320bc71 to remote] DEBUG org.asynchttpclient.netty.request.NettyRequestSender - Using open Channel [id: 0xeeb8f61b, L:/127.0.0.1:62001 - R:localhost/127.0.0.1:58341] for POST '/session/de5bf2186bb1cc622c8034958320bc71/element'
22:12:01.059 [AsyncHttpClient-1-7] DEBUG org.asynchttpclient.netty.handler.HttpHandler - 

Request DefaultHttpRequest(decodeResult: success, version: HTTP/1.1)
POST /session/de5bf2186bb1cc622c8034958320bc71/element HTTP/1.1
User-Agent: selenium/4.1.2 (java windows)
Content-Length: 107
Content-Type: application/json; charset=utf-8
host: localhost:58341
accept: */*

Response DefaultHttpResponse(decodeResult: success, version: HTTP/1.1)
HTTP/1.1 200 OK
Content-Type: application/json; charset=utf-8
cache-control: no-cache
content-length: 88

22:12:01.059 [AsyncHttpClient-1-7] DEBUG org.asynchttpclient.netty.channel.ChannelManager - Adding key: http://localhost:58341 for channel [id: 0xeeb8f61b, L:/127.0.0.1:62001 - R:localhost/127.0.0.1:58341]
22:12:01.061 [Forwarding getElementTagName on session de5bf2186bb1cc622c8034958320bc71 to remote] DEBUG org.asynchttpclient.netty.request.NettyRequestSender - Using pooled Channel '[id: 0xeeb8f61b, L:/127.0.0.1:62001 - R:localhost/127.0.0.1:58341]' for 'GET' to 'http://localhost:58341/session/de5bf2186bb1cc622c8034958320bc71/element/4d23dbba-e544-41fb-82e5-e843830c8d92/name'
22:12:01.061 [Forwarding getElementTagName on session de5bf2186bb1cc622c8034958320bc71 to remote] DEBUG org.asynchttpclient.netty.request.NettyRequestSender - Using open Channel [id: 0xeeb8f61b, L:/127.0.0.1:62001 - R:localhost/127.0.0.1:58341] for GET '/session/de5bf2186bb1cc622c8034958320bc71/element/4d23dbba-e544-41fb-82e5-e843830c8d92/name'
22:12:01.065 [AsyncHttpClient-1-7] DEBUG org.asynchttpclient.netty.handler.HttpHandler - 

Request DefaultFullHttpRequest(decodeResult: success, version: HTTP/1.1, content: EmptyByteBufBE)
GET /session/de5bf2186bb1cc622c8034958320bc71/element/4d23dbba-e544-41fb-82e5-e843830c8d92/name HTTP/1.1
User-Agent: selenium/4.1.2 (java windows)
Cache-Control: no-cache
Content-Type: application/json; charset=utf-8
host: localhost:58341
accept: */*

Response DefaultHttpResponse(decodeResult: success, version: HTTP/1.1)
HTTP/1.1 200 OK
Content-Type: application/json; charset=utf-8
cache-control: no-cache
content-length: 16

22:12:01.065 [AsyncHttpClient-1-7] DEBUG org.asynchttpclient.netty.channel.ChannelManager - Adding key: http://localhost:58341 for channel [id: 0xeeb8f61b, L:/127.0.0.1:62001 - R:localhost/127.0.0.1:58341]
22:12:01.067 [Forwarding getElementTagName on session de5bf2186bb1cc622c8034958320bc71 to remote] DEBUG org.asynchttpclient.netty.request.NettyRequestSender - Using pooled Channel '[id: 0xeeb8f61b, L:/127.0.0.1:62001 - R:localhost/127.0.0.1:58341]' for 'GET' to 'http://localhost:58341/session/de5bf2186bb1cc622c8034958320bc71/element/4d23dbba-e544-41fb-82e5-e843830c8d92/name'
22:12:01.067 [Forwarding getElementTagName on session de5bf2186bb1cc622c8034958320bc71 to remote] DEBUG org.asynchttpclient.netty.request.NettyRequestSender - Using open Channel [id: 0xeeb8f61b, L:/127.0.0.1:62001 - R:localhost/127.0.0.1:58341] for GET '/session/de5bf2186bb1cc622c8034958320bc71/element/4d23dbba-e544-41fb-82e5-e843830c8d92/name'
22:12:01.071 [AsyncHttpClient-1-7] DEBUG org.asynchttpclient.netty.handler.HttpHandler - 

Request DefaultFullHttpRequest(decodeResult: success, version: HTTP/1.1, content: EmptyByteBufBE)
GET /session/de5bf2186bb1cc622c8034958320bc71/element/4d23dbba-e544-41fb-82e5-e843830c8d92/name HTTP/1.1
User-Agent: selenium/4.1.2 (java windows)
Cache-Control: no-cache
Content-Type: application/json; charset=utf-8
host: localhost:58341
accept: */*

Response DefaultHttpResponse(decodeResult: success, version: HTTP/1.1)
HTTP/1.1 200 OK
Content-Type: application/json; charset=utf-8
cache-control: no-cache
content-length: 16

22:12:01.071 [AsyncHttpClient-1-7] DEBUG org.asynchttpclient.netty.channel.ChannelManager - Adding key: http://localhost:58341 for channel [id: 0xeeb8f61b, L:/127.0.0.1:62001 - R:localhost/127.0.0.1:58341]
22:12:01.074 [Forwarding findElement on session de5bf2186bb1cc622c8034958320bc71 to remote] DEBUG org.asynchttpclient.netty.request.NettyRequestSender - Using pooled Channel '[id: 0xeeb8f61b, L:/127.0.0.1:62001 - R:localhost/127.0.0.1:58341]' for 'POST' to 'http://localhost:58341/session/de5bf2186bb1cc622c8034958320bc71/element'
22:12:01.074 [Forwarding findElement on session de5bf2186bb1cc622c8034958320bc71 to remote] DEBUG org.asynchttpclient.netty.request.NettyRequestSender - Using open Channel [id: 0xeeb8f61b, L:/127.0.0.1:62001 - R:localhost/127.0.0.1:58341] for POST '/session/de5bf2186bb1cc622c8034958320bc71/element'
22:12:01.378 [AsyncHttpClient-1-7] DEBUG org.asynchttpclient.netty.handler.HttpHandler - 

Request DefaultHttpRequest(decodeResult: success, version: HTTP/1.1)
POST /session/de5bf2186bb1cc622c8034958320bc71/element HTTP/1.1
User-Agent: selenium/4.1.2 (java windows)
Content-Length: 107
Content-Type: application/json; charset=utf-8
host: localhost:58341
accept: */*

Response DefaultHttpResponse(decodeResult: success, version: HTTP/1.1)
HTTP/1.1 200 OK
Content-Type: application/json; charset=utf-8
cache-control: no-cache
content-length: 88

22:12:01.378 [AsyncHttpClient-1-7] DEBUG org.asynchttpclient.netty.channel.ChannelManager - Adding key: http://localhost:58341 for channel [id: 0xeeb8f61b, L:/127.0.0.1:62001 - R:localhost/127.0.0.1:58341]
22:12:01.380 [Forwarding clickElement on session de5bf2186bb1cc622c8034958320bc71 to remote] DEBUG org.asynchttpclient.netty.request.NettyRequestSender - Using pooled Channel '[id: 0xeeb8f61b, L:/127.0.0.1:62001 - R:localhost/127.0.0.1:58341]' for 'POST' to 'http://localhost:58341/session/de5bf2186bb1cc622c8034958320bc71/element/4d23dbba-e544-41fb-82e5-e843830c8d92/click'
22:12:01.380 [Forwarding clickElement on session de5bf2186bb1cc622c8034958320bc71 to remote] DEBUG org.asynchttpclient.netty.request.NettyRequestSender - Using open Channel [id: 0xeeb8f61b, L:/127.0.0.1:62001 - R:localhost/127.0.0.1:58341] for POST '/session/de5bf2186bb1cc622c8034958320bc71/element/4d23dbba-e544-41fb-82e5-e843830c8d92/click'
22:12:01.580 [AsyncHttpClient-1-7] DEBUG org.asynchttpclient.netty.handler.HttpHandler - 

Request DefaultHttpRequest(decodeResult: success, version: HTTP/1.1)
POST /session/de5bf2186bb1cc622c8034958320bc71/element/4d23dbba-e544-41fb-82e5-e843830c8d92/click HTTP/1.1
User-Agent: selenium/4.1.2 (java windows)
Content-Length: 50
Content-Type: application/json; charset=utf-8
host: localhost:58341
accept: */*

Response DefaultHttpResponse(decodeResult: success, version: HTTP/1.1)
HTTP/1.1 200 OK
Content-Type: application/json; charset=utf-8
cache-control: no-cache
content-length: 14

22:12:01.580 [AsyncHttpClient-1-7] DEBUG org.asynchttpclient.netty.channel.ChannelManager - Adding key: http://localhost:58341 for channel [id: 0xeeb8f61b, L:/127.0.0.1:62001 - R:localhost/127.0.0.1:58341]
  &amp#27;[32mWhen &amp#27;[0m&amp#27;[32mI will go to &amp#27;[0m&amp#27;[32m&amp#27;[1m"bajuTerusan"&amp#27;[0m &amp#27;[90m# starter.stepdefinitions.BabyStep.iWillGoTo(java.lang.String)&amp#27;[0m
22:12:01.593 [Forwarding screenshot on session de5bf2186bb1cc622c8034958320bc71 to remote] DEBUG org.asynchttpclient.netty.request.NettyRequestSender - Using pooled Channel '[id: 0xeeb8f61b, L:/127.0.0.1:62001 - R:localhost/127.0.0.1:58341]' for 'GET' to 'http://localhost:58341/session/de5bf2186bb1cc622c8034958320bc71/screenshot'
22:12:01.593 [Forwarding screenshot on session de5bf2186bb1cc622c8034958320bc71 to remote] DEBUG org.asynchttpclient.netty.request.NettyRequestSender - Using open Channel [id: 0xeeb8f61b, L:/127.0.0.1:62001 - R:localhost/127.0.0.1:58341] for GET '/session/de5bf2186bb1cc622c8034958320bc71/screenshot'
22:12:01.643 [AsyncHttpClient-1-1] DEBUG org.asynchttpclient.netty.channel.DefaultChannelPool - Entry count for : http://localhost:62002 : 1
22:12:01.716 [AsyncHttpClient-1-7] DEBUG org.asynchttpclient.netty.handler.HttpHandler - 

Request DefaultFullHttpRequest(decodeResult: success, version: HTTP/1.1, content: EmptyByteBufBE)
GET /session/de5bf2186bb1cc622c8034958320bc71/screenshot HTTP/1.1
User-Agent: selenium/4.1.2 (java windows)
Cache-Control: no-cache
Content-Type: application/json; charset=utf-8
host: localhost:58341
accept: */*

Response DefaultHttpResponse(decodeResult: success, version: HTTP/1.1)
HTTP/1.1 200 OK
Content-Type: application/json; charset=utf-8
cache-control: no-cache
content-length: 88760

22:12:01.717 [AsyncHttpClient-1-7] DEBUG org.asynchttpclient.netty.channel.ChannelManager - Adding key: http://localhost:58341 for channel [id: 0xeeb8f61b, L:/127.0.0.1:62001 - R:localhost/127.0.0.1:58341]
22:12:01.722 [main] DEBUG net.serenitybdd.core.photography.Darkroom - Send negative for processing for target\site\serenity\8f83b6f71e37e59fcc6684852f391b82761f9ae95ec995a58e32202e583ed940.png
22:12:01.723 [Darkroom Processing Line] DEBUG net.serenitybdd.core.photography.DarkroomProcessingLine - Processing screenshot image in /var/screenshots/screenshot-784721217278148089
22:12:01.723 [Darkroom Processing Line] DEBUG net.serenitybdd.core.photography.DarkroomProcessingLine - Saving screenshot to target\site\serenity\8f83b6f71e37e59fcc6684852f391b82761f9ae95ec995a58e32202e583ed940.png
  &amp#27;[32mAnd &amp#27;[0m&amp#27;[32mI &amp#27;[0m&amp#27;[32m&amp#27;[1m"txtBajuTerusan"&amp#27;[0m&amp#27;[32m page&amp#27;[0m     &amp#27;[90m# starter.stepdefinitions.BabyStep.iPage(java.lang.String)&amp#27;[0m
22:12:01.746 [AsyncHttpClient-1-9] DEBUG org.asynchttpclient.netty.handler.WebSocketHandler - Channel Closed: [id: 0x49c064b9, L:/127.0.0.1:62010 ! R:localhost/127.0.0.1:62002] with attribute NettyResponseFuture{currentRetry=5,
	isDone=1,
	isCancelled=0,
	asyncHandler=org.asynchttpclient.ws.WebSocketUpgradeHandler@540e48ba,
	nettyRequest=org.asynchttpclient.netty.request.NettyRequest@6745f9f2,
	future=java.util.concurrent.CompletableFuture@2c786641[Completed normally],
	uri=ws://localhost:62002/devtools/browser/949838a3-af50-4770-881a-2075d684cf5e,
	keepAlive=true,
	redirectCount=0,
	timeoutsHolder=null,
	inAuth=0,
	touch=1680707513595}
22:12:01.746 [Driver Command Executor] DEBUG org.asynchttpclient.netty.request.NettyRequestSender - Using pooled Channel '[id: 0xeeb8f61b, L:/127.0.0.1:62001 - R:localhost/127.0.0.1:58341]' for 'DELETE' to 'http://localhost:58341/session/de5bf2186bb1cc622c8034958320bc71'
22:12:01.747 [AsyncHttpClient-1-9] DEBUG org.asynchttpclient.netty.channel.ChannelManager - Closing Channel [id: 0x49c064b9, L:/127.0.0.1:62010 ! R:localhost/127.0.0.1:62002] 
22:12:01.747 [Driver Command Executor] DEBUG org.asynchttpclient.netty.request.NettyRequestSender - Using open Channel [id: 0xeeb8f61b, L:/127.0.0.1:62001 - R:localhost/127.0.0.1:58341] for DELETE '/session/de5bf2186bb1cc622c8034958320bc71'
22:12:01.788 [AsyncHttpClient-1-8] DEBUG org.asynchttpclient.netty.handler.HttpHandler - Unexpected I/O exception on channel [id: 0xb091a020, L:/127.0.0.1:62009 - R:localhost/127.0.0.1:62002]
java.net.SocketException: Connection reset
	at java.base/sun.nio.ch.SocketChannelImpl.throwConnectionReset(SocketChannelImpl.java:345)
	at java.base/sun.nio.ch.SocketChannelImpl.read(SocketChannelImpl.java:376)
	at io.netty.buffer.PooledByteBuf.setBytes(PooledByteBuf.java:258)
	at io.netty.buffer.AbstractByteBuf.writeBytes(AbstractByteBuf.java:1132)
	at io.netty.channel.socket.nio.NioSocketChannel.doReadBytes(NioSocketChannel.java:350)
	at io.netty.channel.nio.AbstractNioByteChannel$NioByteUnsafe.read(AbstractNioByteChannel.java:151)
	at io.netty.channel.nio.NioEventLoop.processSelectedKey(NioEventLoop.java:722)
	at io.netty.channel.nio.NioEventLoop.processSelectedKeysOptimized(NioEventLoop.java:658)
	at io.netty.channel.nio.NioEventLoop.processSelectedKeys(NioEventLoop.java:584)
	at io.netty.channel.nio.NioEventLoop.run(NioEventLoop.java:496)
	at io.netty.util.concurrent.SingleThreadEventExecutor$4.run(SingleThreadEventExecutor.java:986)
	at io.netty.util.internal.ThreadExecutorMap$2.run(ThreadExecutorMap.java:74)
	at io.netty.util.concurrent.FastThreadLocalRunnable.run(FastThreadLocalRunnable.java:30)
	at java.base/java.lang.Thread.run(Thread.java:830)
22:12:01.788 [AsyncHttpClient-1-8] DEBUG org.asynchttpclient.netty.channel.ChannelManager - Closing Channel [id: 0xb091a020, L:/127.0.0.1:62009 - R:localhost/127.0.0.1:62002] 
22:12:01.789 [AsyncHttpClient-1-8] DEBUG org.asynchttpclient.netty.handler.HttpHandler - Channel Closed: [id: 0xb091a020, L:/127.0.0.1:62009 ! R:localhost/127.0.0.1:62002] with attribute DISCARD
22:12:01.817 [AsyncHttpClient-1-7] DEBUG org.asynchttpclient.netty.handler.HttpHandler - 

Request DefaultFullHttpRequest(decodeResult: success, version: HTTP/1.1, content: EmptyByteBufBE)
DELETE /session/de5bf2186bb1cc622c8034958320bc71 HTTP/1.1
User-Agent: selenium/4.1.2 (java windows)
Content-Type: application/json; charset=utf-8
host: localhost:58341
accept: */*

Response DefaultHttpResponse(decodeResult: success, version: HTTP/1.1)
HTTP/1.1 200 OK
Content-Type: application/json; charset=utf-8
cache-control: no-cache
content-length: 14

22:12:01.817 [AsyncHttpClient-1-7] DEBUG org.asynchttpclient.netty.channel.ChannelManager - Adding key: http://localhost:58341 for channel [id: 0xeeb8f61b, L:/127.0.0.1:62001 - R:localhost/127.0.0.1:58341]
22:12:01.957 [AsyncHttpClient-1-7] DEBUG org.asynchttpclient.netty.handler.HttpHandler - Channel Closed: [id: 0xeeb8f61b, L:/127.0.0.1:62001 ! R:localhost/127.0.0.1:58341] with attribute DISCARD
]]></system-out>
    <system-err><![CDATA[Starting Microsoft Edge WebDriver 111.0.1661.62 (0a8f453929e6410c973aa529a40485ce4e3e03db) on port 58341
To submit feedback, report a bug, or suggest new features, please visit https://github.com/MicrosoftEdge/EdgeWebDriver

Only local connections are allowed.
Please see https://aka.ms/WebDriverSecurity for suggestions on keeping Microsoft Edge WebDriver safe.

Microsoft Edge WebDriver was started successfully.
Apr 05, 2023 10:11:53 PM org.openqa.selenium.remote.ProtocolHandshake createSession
INFO: Detected dialect: W3C
Apr 05, 2023 10:11:53 PM org.openqa.selenium.devtools.CdpVersionFinder findNearestMatch
WARNING: Unable to find an exact match for CDP version 111, so returning the closest version found: a no-op implementation
Apr 05, 2023 10:11:53 PM org.openqa.selenium.devtools.CdpVersionFinder findNearestMatch
INFO: Unable to find CDP implementation matching 111.
Apr 05, 2023 10:11:53 PM org.openqa.selenium.chromium.ChromiumDriver lambda$new$3
WARNING: Unable to find version of CDP to use for . You may need to include a dependency on a specific version of the CDP using something similar to `org.seleniumhq.selenium:selenium-devtools-v86:4.1.2` where the version ("v86") matches the version of the chromium-based browser you're using and the version number of the artifact is the same as Selenium's.
]]></system-err>
  </testcase>
  <testcase name="Fitur Menu Baby #9" classname="Baby" time="17.648">
    <system-out><![CDATA[
Scenario Outline: Fitur Menu Baby &amp#27;[90m# src/test/resources/features/Baby.feature:101&amp#27;[0m
22:12:02.549 [main] INFO io.cucumber.core.plugin.SerenityReporter - Running feature from file:///C:/Users/alwi/IdeaProjects/uniqloweb/src/test/resources/features/Baby.feature
22:12:02.677 [main] DEBUG io.github.bonigarcia.wdm.cache.ResolutionCache - Resolution edge=111 in cache (valid until 23:09:49 05/04/2023 WIB)
22:12:02.681 [main] DEBUG io.github.bonigarcia.wdm.cache.ResolutionCache - Resolution edge111=111.0.1661.62 in cache (valid until 15:17:30 06/04/2023 WIB)
22:12:02.683 [main] INFO io.github.bonigarcia.wdm.WebDriverManager - Using msedgedriver 111.0.1661.62 (resolved driver for Edge 111)
22:12:02.701 [main] DEBUG io.github.bonigarcia.wdm.WebDriverManager - Driver msedgedriver 111.0.1661.62 found in cache
22:12:02.701 [main] INFO io.github.bonigarcia.wdm.WebDriverManager - Exporting webdriver.edge.driver as C:\Users\alwi\.cache\selenium\msedgedriver\win64\111.0.1661.62\msedgedriver.exe
22:12:02.703 [main] DEBUG net.serenitybdd.core.webdriver.driverproviders.ProvideNewDriver - Instantiating driver
22:12:02.703 [main] DEBUG net.serenitybdd.core.webdriver.driverproviders.ProvideNewDriver - Driver capabilities: Capabilities {base.url: https://www.uniqlo.com, chrome.driver: src/test/resources/webdrive..., driver: edge, ms:edgeChromium: true, ms:edgeOptions: {}, wait.for.timeout: 6000}
22:12:02.742 [AsyncHttpClient-1-1] DEBUG org.asynchttpclient.netty.channel.DefaultChannelPool - Entry count for : http://localhost:62002 : 1
22:12:02.742 [AsyncHttpClient-1-1] DEBUG org.asynchttpclient.netty.channel.DefaultChannelPool - Entry count for : http://localhost:58341 : 1
22:12:02.742 [AsyncHttpClient-1-1] DEBUG org.asynchttpclient.netty.channel.DefaultChannelPool - Adding Candidate expired Channel [id: 0xb091a020, L:/127.0.0.1:62009 ! R:localhost/127.0.0.1:62002] isIdleTimeoutExpired=false isRemotelyClosed=true isTtlExpired=false
22:12:02.742 [AsyncHttpClient-1-1] DEBUG org.asynchttpclient.netty.channel.DefaultChannelPool - Closing Idle Channel [id: 0xb091a020, L:/127.0.0.1:62009 ! R:localhost/127.0.0.1:62002]
22:12:02.742 [AsyncHttpClient-1-1] DEBUG org.asynchttpclient.netty.channel.DefaultChannelPool - Adding Candidate expired Channel [id: 0xeeb8f61b, L:/127.0.0.1:62001 ! R:localhost/127.0.0.1:58341] isIdleTimeoutExpired=false isRemotelyClosed=true isTtlExpired=false
22:12:02.742 [AsyncHttpClient-1-1] DEBUG org.asynchttpclient.netty.channel.DefaultChannelPool - Closing Idle Channel [id: 0xeeb8f61b, L:/127.0.0.1:62001 ! R:localhost/127.0.0.1:58341]
22:12:02.742 [AsyncHttpClient-1-1] DEBUG org.asynchttpclient.netty.channel.DefaultChannelPool - Closed 2 connections out of 2 in 0 ms
22:12:03.236 [AsyncHttpClient-1-10] DEBUG org.asynchttpclient.netty.channel.NettyConnectListener - Using new Channel '[id: 0x2e12c44d, L:/127.0.0.1:62143 - R:localhost/127.0.0.1:60265]' for 'POST' to '/session'
22:12:03.870 [AsyncHttpClient-1-10] DEBUG org.asynchttpclient.netty.handler.HttpHandler - 

Request DefaultHttpRequest(decodeResult: success, version: HTTP/1.1)
POST /session HTTP/1.1
User-Agent: selenium/4.1.2 (java windows)
Content-Length: 627
Content-Type: application/json; charset=utf-8
host: localhost:60265
accept: */*

Response DefaultHttpResponse(decodeResult: success, version: HTTP/1.1)
HTTP/1.1 200 OK
Content-Type: application/json; charset=utf-8
cache-control: no-cache
content-length: 823

22:12:03.870 [AsyncHttpClient-1-10] DEBUG org.asynchttpclient.netty.channel.ChannelManager - Adding key: http://localhost:60265 for channel [id: 0x2e12c44d, L:/127.0.0.1:62143 - R:localhost/127.0.0.1:60265]
22:12:03.877 [AsyncHttpClient-1-11] DEBUG org.asynchttpclient.netty.channel.NettyConnectListener - Using new Channel '[id: 0x4c0980a5, L:/127.0.0.1:62155 - R:localhost/127.0.0.1:62146]' for 'GET' to '/json/version'
22:12:03.877 [AsyncHttpClient-1-11] DEBUG org.asynchttpclient.netty.handler.HttpHandler - 

Request DefaultFullHttpRequest(decodeResult: success, version: HTTP/1.1, content: EmptyByteBufBE)
GET /json/version HTTP/1.1
User-Agent: selenium/4.1.2 (java windows)
host: localhost:62146
accept: */*

Response DefaultHttpResponse(decodeResult: success, version: HTTP/1.1)
HTTP/1.1 200 OK
Content-Security-Policy: frame-ancestors 'none'
Content-Type: application/json; charset=UTF-8
content-length: 436

22:12:03.877 [AsyncHttpClient-1-11] DEBUG org.asynchttpclient.netty.channel.ChannelManager - Adding key: http://localhost:62146 for channel [id: 0x4c0980a5, L:/127.0.0.1:62155 - R:localhost/127.0.0.1:62146]
22:12:03.880 [AsyncHttpClient-1-12] DEBUG org.asynchttpclient.netty.channel.NettyConnectListener - Using new Channel '[id: 0x1b3ef92e, L:/127.0.0.1:62156 - R:localhost/127.0.0.1:62146]' for 'GET' to '/devtools/browser/cb4e8907-53fb-4853-84a0-bb0a6c3140b3'
22:12:03.880 [AsyncHttpClient-1-12] DEBUG org.asynchttpclient.netty.handler.WebSocketHandler - 

Request DefaultFullHttpRequest(decodeResult: success, version: HTTP/1.1, content: EmptyByteBufBE)
GET /devtools/browser/cb4e8907-53fb-4853-84a0-bb0a6c3140b3 HTTP/1.1
upgrade: websocket
connection: upgrade
sec-websocket-key: kN36dbZoEodJ3ptxBQ2Xaw==
sec-websocket-version: 13
origin: http://localhost:62146
host: localhost:62146
accept: */*
user-agent: AHC/2.1

Response DefaultHttpResponse(decodeResult: success, version: HTTP/1.1)
HTTP/1.1 101 WebSocket Protocol Handshake
Upgrade: WebSocket
Connection: Upgrade
Sec-WebSocket-Accept: q/BnVjWb0L1xInyIovE1YLLZNZU=

22:12:03.884 [Forwarding get on session c6ffe468f78a6583dc38c8e9bf732466 to remote] DEBUG org.asynchttpclient.netty.request.NettyRequestSender - Using pooled Channel '[id: 0x2e12c44d, L:/127.0.0.1:62143 - R:localhost/127.0.0.1:60265]' for 'POST' to 'http://localhost:60265/session/c6ffe468f78a6583dc38c8e9bf732466/url'
22:12:03.884 [Forwarding get on session c6ffe468f78a6583dc38c8e9bf732466 to remote] DEBUG org.asynchttpclient.netty.request.NettyRequestSender - Using open Channel [id: 0x2e12c44d, L:/127.0.0.1:62143 - R:localhost/127.0.0.1:60265] for POST '/session/c6ffe468f78a6583dc38c8e9bf732466/url'
22:12:04.950 [AsyncHttpClient-1-1] DEBUG org.asynchttpclient.netty.channel.DefaultChannelPool - Entry count for : http://localhost:62146 : 1
22:12:06.038 [AsyncHttpClient-1-1] DEBUG org.asynchttpclient.netty.channel.DefaultChannelPool - Entry count for : http://localhost:62146 : 1
22:12:07.138 [AsyncHttpClient-1-1] DEBUG org.asynchttpclient.netty.channel.DefaultChannelPool - Entry count for : http://localhost:62146 : 1
22:12:08.237 [AsyncHttpClient-1-1] DEBUG org.asynchttpclient.netty.channel.DefaultChannelPool - Entry count for : http://localhost:62146 : 1
22:12:09.342 [AsyncHttpClient-1-1] DEBUG org.asynchttpclient.netty.channel.DefaultChannelPool - Entry count for : http://localhost:62146 : 1
22:12:10.438 [AsyncHttpClient-1-1] DEBUG org.asynchttpclient.netty.channel.DefaultChannelPool - Entry count for : http://localhost:62146 : 1
22:12:11.538 [AsyncHttpClient-1-1] DEBUG org.asynchttpclient.netty.channel.DefaultChannelPool - Entry count for : http://localhost:62146 : 1
22:12:12.638 [AsyncHttpClient-1-1] DEBUG org.asynchttpclient.netty.channel.DefaultChannelPool - Entry count for : http://localhost:62146 : 1
22:12:13.737 [AsyncHttpClient-1-1] DEBUG org.asynchttpclient.netty.channel.DefaultChannelPool - Entry count for : http://localhost:62146 : 1
22:12:14.840 [AsyncHttpClient-1-1] DEBUG org.asynchttpclient.netty.channel.DefaultChannelPool - Entry count for : http://localhost:62146 : 1
22:12:15.939 [AsyncHttpClient-1-1] DEBUG org.asynchttpclient.netty.channel.DefaultChannelPool - Entry count for : http://localhost:62146 : 1
22:12:17.046 [AsyncHttpClient-1-1] DEBUG org.asynchttpclient.netty.channel.DefaultChannelPool - Entry count for : http://localhost:62146 : 1
22:12:17.204 [AsyncHttpClient-1-10] DEBUG org.asynchttpclient.netty.handler.HttpHandler - 

Request DefaultHttpRequest(decodeResult: success, version: HTTP/1.1)
POST /session/c6ffe468f78a6583dc38c8e9bf732466/url HTTP/1.1
User-Agent: selenium/4.1.2 (java windows)
Content-Length: 53
Content-Type: application/json; charset=utf-8
host: localhost:60265
accept: */*

Response DefaultHttpResponse(decodeResult: success, version: HTTP/1.1)
HTTP/1.1 200 OK
Content-Type: application/json; charset=utf-8
cache-control: no-cache
content-length: 14

22:12:17.204 [AsyncHttpClient-1-10] DEBUG org.asynchttpclient.netty.channel.ChannelManager - Adding key: http://localhost:60265 for channel [id: 0x2e12c44d, L:/127.0.0.1:62143 - R:localhost/127.0.0.1:60265]
22:12:17.206 [Forwarding setTimeout on session c6ffe468f78a6583dc38c8e9bf732466 to remote] DEBUG org.asynchttpclient.netty.request.NettyRequestSender - Using pooled Channel '[id: 0x2e12c44d, L:/127.0.0.1:62143 - R:localhost/127.0.0.1:60265]' for 'POST' to 'http://localhost:60265/session/c6ffe468f78a6583dc38c8e9bf732466/timeouts'
22:12:17.206 [Forwarding setTimeout on session c6ffe468f78a6583dc38c8e9bf732466 to remote] DEBUG org.asynchttpclient.netty.request.NettyRequestSender - Using open Channel [id: 0x2e12c44d, L:/127.0.0.1:62143 - R:localhost/127.0.0.1:60265] for POST '/session/c6ffe468f78a6583dc38c8e9bf732466/timeouts'
22:12:17.207 [AsyncHttpClient-1-10] DEBUG org.asynchttpclient.netty.handler.HttpHandler - 

Request DefaultHttpRequest(decodeResult: success, version: HTTP/1.1)
POST /session/c6ffe468f78a6583dc38c8e9bf732466/timeouts HTTP/1.1
User-Agent: selenium/4.1.2 (java windows)
Content-Length: 22
Content-Type: application/json; charset=utf-8
host: localhost:60265
accept: */*

Response DefaultHttpResponse(decodeResult: success, version: HTTP/1.1)
HTTP/1.1 200 OK
Content-Type: application/json; charset=utf-8
cache-control: no-cache
content-length: 14

22:12:17.207 [AsyncHttpClient-1-10] DEBUG org.asynchttpclient.netty.channel.ChannelManager - Adding key: http://localhost:60265 for channel [id: 0x2e12c44d, L:/127.0.0.1:62143 - R:localhost/127.0.0.1:60265]
22:12:17.210 [Forwarding getCurrentUrl on session c6ffe468f78a6583dc38c8e9bf732466 to remote] DEBUG org.asynchttpclient.netty.request.NettyRequestSender - Using pooled Channel '[id: 0x2e12c44d, L:/127.0.0.1:62143 - R:localhost/127.0.0.1:60265]' for 'GET' to 'http://localhost:60265/session/c6ffe468f78a6583dc38c8e9bf732466/url'
22:12:17.210 [Forwarding getCurrentUrl on session c6ffe468f78a6583dc38c8e9bf732466 to remote] DEBUG org.asynchttpclient.netty.request.NettyRequestSender - Using open Channel [id: 0x2e12c44d, L:/127.0.0.1:62143 - R:localhost/127.0.0.1:60265] for GET '/session/c6ffe468f78a6583dc38c8e9bf732466/url'
22:12:17.215 [AsyncHttpClient-1-10] DEBUG org.asynchttpclient.netty.handler.HttpHandler - 

Request DefaultFullHttpRequest(decodeResult: success, version: HTTP/1.1, content: EmptyByteBufBE)
GET /session/c6ffe468f78a6583dc38c8e9bf732466/url HTTP/1.1
User-Agent: selenium/4.1.2 (java windows)
Cache-Control: no-cache
Content-Type: application/json; charset=utf-8
host: localhost:60265
accept: */*

Response DefaultHttpResponse(decodeResult: success, version: HTTP/1.1)
HTTP/1.1 200 OK
Content-Type: application/json; charset=utf-8
cache-control: no-cache
content-length: 41

22:12:17.216 [AsyncHttpClient-1-10] DEBUG org.asynchttpclient.netty.channel.ChannelManager - Adding key: http://localhost:60265 for channel [id: 0x2e12c44d, L:/127.0.0.1:62143 - R:localhost/127.0.0.1:60265]
  &amp#27;[32mGiven &amp#27;[0m&amp#27;[32mI am on the home page&amp#27;[0m     &amp#27;[90m# starter.stepdefinitions.BabyStep.iAmOnTheHomePage()&amp#27;[0m
22:12:17.223 [Forwarding screenshot on session c6ffe468f78a6583dc38c8e9bf732466 to remote] DEBUG org.asynchttpclient.netty.request.NettyRequestSender - Using pooled Channel '[id: 0x2e12c44d, L:/127.0.0.1:62143 - R:localhost/127.0.0.1:60265]' for 'GET' to 'http://localhost:60265/session/c6ffe468f78a6583dc38c8e9bf732466/screenshot'
22:12:17.223 [Forwarding screenshot on session c6ffe468f78a6583dc38c8e9bf732466 to remote] DEBUG org.asynchttpclient.netty.request.NettyRequestSender - Using open Channel [id: 0x2e12c44d, L:/127.0.0.1:62143 - R:localhost/127.0.0.1:60265] for GET '/session/c6ffe468f78a6583dc38c8e9bf732466/screenshot'
22:12:17.583 [AsyncHttpClient-1-10] DEBUG org.asynchttpclient.netty.handler.HttpHandler - 

Request DefaultFullHttpRequest(decodeResult: success, version: HTTP/1.1, content: EmptyByteBufBE)
GET /session/c6ffe468f78a6583dc38c8e9bf732466/screenshot HTTP/1.1
User-Agent: selenium/4.1.2 (java windows)
Cache-Control: no-cache
Content-Type: application/json; charset=utf-8
host: localhost:60265
accept: */*

Response DefaultHttpResponse(decodeResult: success, version: HTTP/1.1)
HTTP/1.1 200 OK
Content-Type: application/json; charset=utf-8
cache-control: no-cache
content-length: 1119968

22:12:17.585 [AsyncHttpClient-1-10] DEBUG org.asynchttpclient.netty.channel.ChannelManager - Adding key: http://localhost:60265 for channel [id: 0x2e12c44d, L:/127.0.0.1:62143 - R:localhost/127.0.0.1:60265]
22:12:17.621 [main] DEBUG net.serenitybdd.core.photography.Darkroom - Send negative for processing for target\site\serenity\3d1b19ad31921c0beae4332facd941fcc81467ad5802877977ec6c100df601ce.png
22:12:17.629 [Forwarding findElement on session c6ffe468f78a6583dc38c8e9bf732466 to remote] DEBUG org.asynchttpclient.netty.request.NettyRequestSender - Using pooled Channel '[id: 0x2e12c44d, L:/127.0.0.1:62143 - R:localhost/127.0.0.1:60265]' for 'POST' to 'http://localhost:60265/session/c6ffe468f78a6583dc38c8e9bf732466/element'
22:12:17.629 [Forwarding findElement on session c6ffe468f78a6583dc38c8e9bf732466 to remote] DEBUG org.asynchttpclient.netty.request.NettyRequestSender - Using open Channel [id: 0x2e12c44d, L:/127.0.0.1:62143 - R:localhost/127.0.0.1:60265] for POST '/session/c6ffe468f78a6583dc38c8e9bf732466/element'
22:12:17.642 [AsyncHttpClient-1-10] DEBUG org.asynchttpclient.netty.handler.HttpHandler - 

Request DefaultHttpRequest(decodeResult: success, version: HTTP/1.1)
POST /session/c6ffe468f78a6583dc38c8e9bf732466/element HTTP/1.1
User-Agent: selenium/4.1.2 (java windows)
Content-Length: 81
Content-Type: application/json; charset=utf-8
host: localhost:60265
accept: */*

Response DefaultHttpResponse(decodeResult: success, version: HTTP/1.1)
HTTP/1.1 200 OK
Content-Type: application/json; charset=utf-8
cache-control: no-cache
content-length: 88

22:12:17.643 [AsyncHttpClient-1-10] DEBUG org.asynchttpclient.netty.channel.ChannelManager - Adding key: http://localhost:60265 for channel [id: 0x2e12c44d, L:/127.0.0.1:62143 - R:localhost/127.0.0.1:60265]
22:12:17.644 [Forwarding getElementTagName on session c6ffe468f78a6583dc38c8e9bf732466 to remote] DEBUG org.asynchttpclient.netty.request.NettyRequestSender - Using pooled Channel '[id: 0x2e12c44d, L:/127.0.0.1:62143 - R:localhost/127.0.0.1:60265]' for 'GET' to 'http://localhost:60265/session/c6ffe468f78a6583dc38c8e9bf732466/element/5d6287ed-76ed-4813-8a28-675fbbb08eb3/name'
22:12:17.644 [Forwarding getElementTagName on session c6ffe468f78a6583dc38c8e9bf732466 to remote] DEBUG org.asynchttpclient.netty.request.NettyRequestSender - Using open Channel [id: 0x2e12c44d, L:/127.0.0.1:62143 - R:localhost/127.0.0.1:60265] for GET '/session/c6ffe468f78a6583dc38c8e9bf732466/element/5d6287ed-76ed-4813-8a28-675fbbb08eb3/name'
22:12:17.648 [AsyncHttpClient-1-10] DEBUG org.asynchttpclient.netty.handler.HttpHandler - 

Request DefaultFullHttpRequest(decodeResult: success, version: HTTP/1.1, content: EmptyByteBufBE)
GET /session/c6ffe468f78a6583dc38c8e9bf732466/element/5d6287ed-76ed-4813-8a28-675fbbb08eb3/name HTTP/1.1
User-Agent: selenium/4.1.2 (java windows)
Cache-Control: no-cache
Content-Type: application/json; charset=utf-8
host: localhost:60265
accept: */*

Response DefaultHttpResponse(decodeResult: success, version: HTTP/1.1)
HTTP/1.1 200 OK
Content-Type: application/json; charset=utf-8
cache-control: no-cache
content-length: 16

22:12:17.648 [AsyncHttpClient-1-10] DEBUG org.asynchttpclient.netty.channel.ChannelManager - Adding key: http://localhost:60265 for channel [id: 0x2e12c44d, L:/127.0.0.1:62143 - R:localhost/127.0.0.1:60265]
22:12:17.650 [Forwarding getElementTagName on session c6ffe468f78a6583dc38c8e9bf732466 to remote] DEBUG org.asynchttpclient.netty.request.NettyRequestSender - Using pooled Channel '[id: 0x2e12c44d, L:/127.0.0.1:62143 - R:localhost/127.0.0.1:60265]' for 'GET' to 'http://localhost:60265/session/c6ffe468f78a6583dc38c8e9bf732466/element/5d6287ed-76ed-4813-8a28-675fbbb08eb3/name'
22:12:17.650 [Forwarding getElementTagName on session c6ffe468f78a6583dc38c8e9bf732466 to remote] DEBUG org.asynchttpclient.netty.request.NettyRequestSender - Using open Channel [id: 0x2e12c44d, L:/127.0.0.1:62143 - R:localhost/127.0.0.1:60265] for GET '/session/c6ffe468f78a6583dc38c8e9bf732466/element/5d6287ed-76ed-4813-8a28-675fbbb08eb3/name'
22:12:17.654 [AsyncHttpClient-1-10] DEBUG org.asynchttpclient.netty.handler.HttpHandler - 

Request DefaultFullHttpRequest(decodeResult: success, version: HTTP/1.1, content: EmptyByteBufBE)
GET /session/c6ffe468f78a6583dc38c8e9bf732466/element/5d6287ed-76ed-4813-8a28-675fbbb08eb3/name HTTP/1.1
User-Agent: selenium/4.1.2 (java windows)
Cache-Control: no-cache
Content-Type: application/json; charset=utf-8
host: localhost:60265
accept: */*

Response DefaultHttpResponse(decodeResult: success, version: HTTP/1.1)
HTTP/1.1 200 OK
Content-Type: application/json; charset=utf-8
cache-control: no-cache
content-length: 16

22:12:17.654 [AsyncHttpClient-1-10] DEBUG org.asynchttpclient.netty.channel.ChannelManager - Adding key: http://localhost:60265 for channel [id: 0x2e12c44d, L:/127.0.0.1:62143 - R:localhost/127.0.0.1:60265]
22:12:17.656 [Forwarding findElement on session c6ffe468f78a6583dc38c8e9bf732466 to remote] DEBUG org.asynchttpclient.netty.request.NettyRequestSender - Using pooled Channel '[id: 0x2e12c44d, L:/127.0.0.1:62143 - R:localhost/127.0.0.1:60265]' for 'POST' to 'http://localhost:60265/session/c6ffe468f78a6583dc38c8e9bf732466/element'
22:12:17.656 [Forwarding findElement on session c6ffe468f78a6583dc38c8e9bf732466 to remote] DEBUG org.asynchttpclient.netty.request.NettyRequestSender - Using open Channel [id: 0x2e12c44d, L:/127.0.0.1:62143 - R:localhost/127.0.0.1:60265] for POST '/session/c6ffe468f78a6583dc38c8e9bf732466/element'
22:12:17.661 [AsyncHttpClient-1-10] DEBUG org.asynchttpclient.netty.handler.HttpHandler - 

Request DefaultHttpRequest(decodeResult: success, version: HTTP/1.1)
POST /session/c6ffe468f78a6583dc38c8e9bf732466/element HTTP/1.1
User-Agent: selenium/4.1.2 (java windows)
Content-Length: 81
Content-Type: application/json; charset=utf-8
host: localhost:60265
accept: */*

Response DefaultHttpResponse(decodeResult: success, version: HTTP/1.1)
HTTP/1.1 200 OK
Content-Type: application/json; charset=utf-8
cache-control: no-cache
content-length: 88

22:12:17.662 [AsyncHttpClient-1-10] DEBUG org.asynchttpclient.netty.channel.ChannelManager - Adding key: http://localhost:60265 for channel [id: 0x2e12c44d, L:/127.0.0.1:62143 - R:localhost/127.0.0.1:60265]
22:12:17.663 [Forwarding clickElement on session c6ffe468f78a6583dc38c8e9bf732466 to remote] DEBUG org.asynchttpclient.netty.request.NettyRequestSender - Using pooled Channel '[id: 0x2e12c44d, L:/127.0.0.1:62143 - R:localhost/127.0.0.1:60265]' for 'POST' to 'http://localhost:60265/session/c6ffe468f78a6583dc38c8e9bf732466/element/5d6287ed-76ed-4813-8a28-675fbbb08eb3/click'
22:12:17.663 [Forwarding clickElement on session c6ffe468f78a6583dc38c8e9bf732466 to remote] DEBUG org.asynchttpclient.netty.request.NettyRequestSender - Using open Channel [id: 0x2e12c44d, L:/127.0.0.1:62143 - R:localhost/127.0.0.1:60265] for POST '/session/c6ffe468f78a6583dc38c8e9bf732466/element/5d6287ed-76ed-4813-8a28-675fbbb08eb3/click'
22:12:18.112 [AsyncHttpClient-1-10] DEBUG org.asynchttpclient.netty.handler.HttpHandler - 

Request DefaultHttpRequest(decodeResult: success, version: HTTP/1.1)
POST /session/c6ffe468f78a6583dc38c8e9bf732466/element/5d6287ed-76ed-4813-8a28-675fbbb08eb3/click HTTP/1.1
User-Agent: selenium/4.1.2 (java windows)
Content-Length: 50
Content-Type: application/json; charset=utf-8
host: localhost:60265
accept: */*

Response DefaultHttpResponse(decodeResult: success, version: HTTP/1.1)
HTTP/1.1 200 OK
Content-Type: application/json; charset=utf-8
cache-control: no-cache
content-length: 14

22:12:18.112 [AsyncHttpClient-1-10] DEBUG org.asynchttpclient.netty.channel.ChannelManager - Adding key: http://localhost:60265 for channel [id: 0x2e12c44d, L:/127.0.0.1:62143 - R:localhost/127.0.0.1:60265]
  &amp#27;[32mThen &amp#27;[0m&amp#27;[32mI click baby on the header&amp#27;[0m &amp#27;[90m# starter.stepdefinitions.BabyStep.iClickBabyOnTheHeader()&amp#27;[0m
22:12:18.124 [Forwarding screenshot on session c6ffe468f78a6583dc38c8e9bf732466 to remote] DEBUG org.asynchttpclient.netty.request.NettyRequestSender - Using pooled Channel '[id: 0x2e12c44d, L:/127.0.0.1:62143 - R:localhost/127.0.0.1:60265]' for 'GET' to 'http://localhost:60265/session/c6ffe468f78a6583dc38c8e9bf732466/screenshot'
22:12:18.124 [Forwarding screenshot on session c6ffe468f78a6583dc38c8e9bf732466 to remote] DEBUG org.asynchttpclient.netty.request.NettyRequestSender - Using open Channel [id: 0x2e12c44d, L:/127.0.0.1:62143 - R:localhost/127.0.0.1:60265] for GET '/session/c6ffe468f78a6583dc38c8e9bf732466/screenshot'
22:12:18.137 [AsyncHttpClient-1-1] DEBUG org.asynchttpclient.netty.channel.DefaultChannelPool - Entry count for : http://localhost:62146 : 1
22:12:18.920 [AsyncHttpClient-1-10] DEBUG org.asynchttpclient.netty.handler.HttpHandler - 

Request DefaultFullHttpRequest(decodeResult: success, version: HTTP/1.1, content: EmptyByteBufBE)
GET /session/c6ffe468f78a6583dc38c8e9bf732466/screenshot HTTP/1.1
User-Agent: selenium/4.1.2 (java windows)
Cache-Control: no-cache
Content-Type: application/json; charset=utf-8
host: localhost:60265
accept: */*

Response DefaultHttpResponse(decodeResult: success, version: HTTP/1.1)
HTTP/1.1 200 OK
Content-Type: application/json; charset=utf-8
cache-control: no-cache
content-length: 137764

22:12:18.921 [AsyncHttpClient-1-10] DEBUG org.asynchttpclient.netty.channel.ChannelManager - Adding key: http://localhost:60265 for channel [id: 0x2e12c44d, L:/127.0.0.1:62143 - R:localhost/127.0.0.1:60265]
22:12:18.928 [main] DEBUG net.serenitybdd.core.photography.Darkroom - Send negative for processing for target\site\serenity\50d964e01b272949b6825c13ed28c509a85f11f8a8c02bcce06af4b41a3d50e2.png
22:12:18.928 [Darkroom Processing Line] DEBUG net.serenitybdd.core.photography.DarkroomProcessingLine - Processing screenshot image in /var/screenshots/screenshot-10365906111725801963
22:12:18.928 [Darkroom Processing Line] DEBUG net.serenitybdd.core.photography.DarkroomProcessingLine - Saving screenshot to target\site\serenity\50d964e01b272949b6825c13ed28c509a85f11f8a8c02bcce06af4b41a3d50e2.png
22:12:18.940 [Forwarding findElement on session c6ffe468f78a6583dc38c8e9bf732466 to remote] DEBUG org.asynchttpclient.netty.request.NettyRequestSender - Using pooled Channel '[id: 0x2e12c44d, L:/127.0.0.1:62143 - R:localhost/127.0.0.1:60265]' for 'POST' to 'http://localhost:60265/session/c6ffe468f78a6583dc38c8e9bf732466/element'
22:12:18.940 [Forwarding findElement on session c6ffe468f78a6583dc38c8e9bf732466 to remote] DEBUG org.asynchttpclient.netty.request.NettyRequestSender - Using open Channel [id: 0x2e12c44d, L:/127.0.0.1:62143 - R:localhost/127.0.0.1:60265] for POST '/session/c6ffe468f78a6583dc38c8e9bf732466/element'
22:12:18.967 [AsyncHttpClient-1-10] DEBUG org.asynchttpclient.netty.handler.HttpHandler - 

Request DefaultHttpRequest(decodeResult: success, version: HTTP/1.1)
POST /session/c6ffe468f78a6583dc38c8e9bf732466/element HTTP/1.1
User-Agent: selenium/4.1.2 (java windows)
Content-Length: 105
Content-Type: application/json; charset=utf-8
host: localhost:60265
accept: */*

Response DefaultHttpResponse(decodeResult: success, version: HTTP/1.1)
HTTP/1.1 200 OK
Content-Type: application/json; charset=utf-8
cache-control: no-cache
content-length: 88

22:12:18.967 [AsyncHttpClient-1-10] DEBUG org.asynchttpclient.netty.channel.ChannelManager - Adding key: http://localhost:60265 for channel [id: 0x2e12c44d, L:/127.0.0.1:62143 - R:localhost/127.0.0.1:60265]
22:12:18.969 [Forwarding getElementTagName on session c6ffe468f78a6583dc38c8e9bf732466 to remote] DEBUG org.asynchttpclient.netty.request.NettyRequestSender - Using pooled Channel '[id: 0x2e12c44d, L:/127.0.0.1:62143 - R:localhost/127.0.0.1:60265]' for 'GET' to 'http://localhost:60265/session/c6ffe468f78a6583dc38c8e9bf732466/element/3d1b3276-2976-449b-8294-352ef16191d2/name'
22:12:18.969 [Forwarding getElementTagName on session c6ffe468f78a6583dc38c8e9bf732466 to remote] DEBUG org.asynchttpclient.netty.request.NettyRequestSender - Using open Channel [id: 0x2e12c44d, L:/127.0.0.1:62143 - R:localhost/127.0.0.1:60265] for GET '/session/c6ffe468f78a6583dc38c8e9bf732466/element/3d1b3276-2976-449b-8294-352ef16191d2/name'
22:12:18.991 [AsyncHttpClient-1-10] DEBUG org.asynchttpclient.netty.handler.HttpHandler - 

Request DefaultFullHttpRequest(decodeResult: success, version: HTTP/1.1, content: EmptyByteBufBE)
GET /session/c6ffe468f78a6583dc38c8e9bf732466/element/3d1b3276-2976-449b-8294-352ef16191d2/name HTTP/1.1
User-Agent: selenium/4.1.2 (java windows)
Cache-Control: no-cache
Content-Type: application/json; charset=utf-8
host: localhost:60265
accept: */*

Response DefaultHttpResponse(decodeResult: success, version: HTTP/1.1)
HTTP/1.1 200 OK
Content-Type: application/json; charset=utf-8
cache-control: no-cache
content-length: 16

22:12:18.991 [AsyncHttpClient-1-10] DEBUG org.asynchttpclient.netty.channel.ChannelManager - Adding key: http://localhost:60265 for channel [id: 0x2e12c44d, L:/127.0.0.1:62143 - R:localhost/127.0.0.1:60265]
22:12:18.992 [Forwarding getElementTagName on session c6ffe468f78a6583dc38c8e9bf732466 to remote] DEBUG org.asynchttpclient.netty.request.NettyRequestSender - Using pooled Channel '[id: 0x2e12c44d, L:/127.0.0.1:62143 - R:localhost/127.0.0.1:60265]' for 'GET' to 'http://localhost:60265/session/c6ffe468f78a6583dc38c8e9bf732466/element/3d1b3276-2976-449b-8294-352ef16191d2/name'
22:12:18.993 [Forwarding getElementTagName on session c6ffe468f78a6583dc38c8e9bf732466 to remote] DEBUG org.asynchttpclient.netty.request.NettyRequestSender - Using open Channel [id: 0x2e12c44d, L:/127.0.0.1:62143 - R:localhost/127.0.0.1:60265] for GET '/session/c6ffe468f78a6583dc38c8e9bf732466/element/3d1b3276-2976-449b-8294-352ef16191d2/name'
22:12:18.996 [AsyncHttpClient-1-10] DEBUG org.asynchttpclient.netty.handler.HttpHandler - 

Request DefaultFullHttpRequest(decodeResult: success, version: HTTP/1.1, content: EmptyByteBufBE)
GET /session/c6ffe468f78a6583dc38c8e9bf732466/element/3d1b3276-2976-449b-8294-352ef16191d2/name HTTP/1.1
User-Agent: selenium/4.1.2 (java windows)
Cache-Control: no-cache
Content-Type: application/json; charset=utf-8
host: localhost:60265
accept: */*

Response DefaultHttpResponse(decodeResult: success, version: HTTP/1.1)
HTTP/1.1 200 OK
Content-Type: application/json; charset=utf-8
cache-control: no-cache
content-length: 16

22:12:18.996 [AsyncHttpClient-1-10] DEBUG org.asynchttpclient.netty.channel.ChannelManager - Adding key: http://localhost:60265 for channel [id: 0x2e12c44d, L:/127.0.0.1:62143 - R:localhost/127.0.0.1:60265]
22:12:18.998 [Forwarding findElement on session c6ffe468f78a6583dc38c8e9bf732466 to remote] DEBUG org.asynchttpclient.netty.request.NettyRequestSender - Using pooled Channel '[id: 0x2e12c44d, L:/127.0.0.1:62143 - R:localhost/127.0.0.1:60265]' for 'POST' to 'http://localhost:60265/session/c6ffe468f78a6583dc38c8e9bf732466/element'
22:12:18.998 [Forwarding findElement on session c6ffe468f78a6583dc38c8e9bf732466 to remote] DEBUG org.asynchttpclient.netty.request.NettyRequestSender - Using open Channel [id: 0x2e12c44d, L:/127.0.0.1:62143 - R:localhost/127.0.0.1:60265] for POST '/session/c6ffe468f78a6583dc38c8e9bf732466/element'
22:12:19.008 [AsyncHttpClient-1-10] DEBUG org.asynchttpclient.netty.handler.HttpHandler - 

Request DefaultHttpRequest(decodeResult: success, version: HTTP/1.1)
POST /session/c6ffe468f78a6583dc38c8e9bf732466/element HTTP/1.1
User-Agent: selenium/4.1.2 (java windows)
Content-Length: 105
Content-Type: application/json; charset=utf-8
host: localhost:60265
accept: */*

Response DefaultHttpResponse(decodeResult: success, version: HTTP/1.1)
HTTP/1.1 200 OK
Content-Type: application/json; charset=utf-8
cache-control: no-cache
content-length: 88

22:12:19.008 [AsyncHttpClient-1-10] DEBUG org.asynchttpclient.netty.channel.ChannelManager - Adding key: http://localhost:60265 for channel [id: 0x2e12c44d, L:/127.0.0.1:62143 - R:localhost/127.0.0.1:60265]
22:12:19.010 [Forwarding clickElement on session c6ffe468f78a6583dc38c8e9bf732466 to remote] DEBUG org.asynchttpclient.netty.request.NettyRequestSender - Using pooled Channel '[id: 0x2e12c44d, L:/127.0.0.1:62143 - R:localhost/127.0.0.1:60265]' for 'POST' to 'http://localhost:60265/session/c6ffe468f78a6583dc38c8e9bf732466/element/3d1b3276-2976-449b-8294-352ef16191d2/click'
22:12:19.010 [Forwarding clickElement on session c6ffe468f78a6583dc38c8e9bf732466 to remote] DEBUG org.asynchttpclient.netty.request.NettyRequestSender - Using open Channel [id: 0x2e12c44d, L:/127.0.0.1:62143 - R:localhost/127.0.0.1:60265] for POST '/session/c6ffe468f78a6583dc38c8e9bf732466/element/3d1b3276-2976-449b-8294-352ef16191d2/click'
22:12:19.245 [AsyncHttpClient-1-10] DEBUG org.asynchttpclient.netty.handler.HttpHandler - 

Request DefaultHttpRequest(decodeResult: success, version: HTTP/1.1)
POST /session/c6ffe468f78a6583dc38c8e9bf732466/element/3d1b3276-2976-449b-8294-352ef16191d2/click HTTP/1.1
User-Agent: selenium/4.1.2 (java windows)
Content-Length: 50
Content-Type: application/json; charset=utf-8
host: localhost:60265
accept: */*

Response DefaultHttpResponse(decodeResult: success, version: HTTP/1.1)
HTTP/1.1 200 OK
Content-Type: application/json; charset=utf-8
cache-control: no-cache
content-length: 14

22:12:19.245 [AsyncHttpClient-1-10] DEBUG org.asynchttpclient.netty.channel.ChannelManager - Adding key: http://localhost:60265 for channel [id: 0x2e12c44d, L:/127.0.0.1:62143 - R:localhost/127.0.0.1:60265]
22:12:19.246 [AsyncHttpClient-1-1] DEBUG org.asynchttpclient.netty.channel.DefaultChannelPool - Entry count for : http://localhost:60265 : 1
22:12:19.246 [AsyncHttpClient-1-1] DEBUG org.asynchttpclient.netty.channel.DefaultChannelPool - Entry count for : http://localhost:62146 : 1
  &amp#27;[32mWhen &amp#27;[0m&amp#27;[32mI will go to &amp#27;[0m&amp#27;[32m&amp#27;[1m"legging"&amp#27;[0m     &amp#27;[90m# starter.stepdefinitions.BabyStep.iWillGoTo(java.lang.String)&amp#27;[0m
22:12:19.251 [Forwarding screenshot on session c6ffe468f78a6583dc38c8e9bf732466 to remote] DEBUG org.asynchttpclient.netty.request.NettyRequestSender - Using pooled Channel '[id: 0x2e12c44d, L:/127.0.0.1:62143 - R:localhost/127.0.0.1:60265]' for 'GET' to 'http://localhost:60265/session/c6ffe468f78a6583dc38c8e9bf732466/screenshot'
22:12:19.251 [Forwarding screenshot on session c6ffe468f78a6583dc38c8e9bf732466 to remote] DEBUG org.asynchttpclient.netty.request.NettyRequestSender - Using open Channel [id: 0x2e12c44d, L:/127.0.0.1:62143 - R:localhost/127.0.0.1:60265] for GET '/session/c6ffe468f78a6583dc38c8e9bf732466/screenshot'
22:12:19.379 [AsyncHttpClient-1-10] DEBUG org.asynchttpclient.netty.handler.HttpHandler - 

Request DefaultFullHttpRequest(decodeResult: success, version: HTTP/1.1, content: EmptyByteBufBE)
GET /session/c6ffe468f78a6583dc38c8e9bf732466/screenshot HTTP/1.1
User-Agent: selenium/4.1.2 (java windows)
Cache-Control: no-cache
Content-Type: application/json; charset=utf-8
host: localhost:60265
accept: */*

Response DefaultHttpResponse(decodeResult: success, version: HTTP/1.1)
HTTP/1.1 200 OK
Content-Type: application/json; charset=utf-8
cache-control: no-cache
content-length: 88768

22:12:19.379 [AsyncHttpClient-1-10] DEBUG org.asynchttpclient.netty.channel.ChannelManager - Adding key: http://localhost:60265 for channel [id: 0x2e12c44d, L:/127.0.0.1:62143 - R:localhost/127.0.0.1:60265]
22:12:19.383 [main] DEBUG net.serenitybdd.core.photography.Darkroom - Send negative for processing for target\site\serenity\63f435d98bd9c532055a6d23f31574eed7082498e28e6ba340844f29fc9f9a5f.png
22:12:19.383 [Darkroom Processing Line] DEBUG net.serenitybdd.core.photography.DarkroomProcessingLine - Processing screenshot image in /var/screenshots/screenshot-108758662530849083
22:12:19.383 [Darkroom Processing Line] DEBUG net.serenitybdd.core.photography.DarkroomProcessingLine - Saving screenshot to target\site\serenity\63f435d98bd9c532055a6d23f31574eed7082498e28e6ba340844f29fc9f9a5f.png
  &amp#27;[32mAnd &amp#27;[0m&amp#27;[32mI &amp#27;[0m&amp#27;[32m&amp#27;[1m"txtLegging"&amp#27;[0m&amp#27;[32m page&amp#27;[0m         &amp#27;[90m# starter.stepdefinitions.BabyStep.iPage(java.lang.String)&amp#27;[0m
22:12:19.401 [AsyncHttpClient-1-12] DEBUG org.asynchttpclient.netty.handler.WebSocketHandler - Channel Closed: [id: 0x1b3ef92e, L:/127.0.0.1:62156 ! R:localhost/127.0.0.1:62146] with attribute NettyResponseFuture{currentRetry=5,
	isDone=1,
	isCancelled=0,
	asyncHandler=org.asynchttpclient.ws.WebSocketUpgradeHandler@2ddccdea,
	nettyRequest=org.asynchttpclient.netty.request.NettyRequest@e931205,
	future=java.util.concurrent.CompletableFuture@55c32d93[Completed normally],
	uri=ws://localhost:62146/devtools/browser/cb4e8907-53fb-4853-84a0-bb0a6c3140b3,
	keepAlive=true,
	redirectCount=0,
	timeoutsHolder=null,
	inAuth=0,
	touch=1680707523881}
22:12:19.401 [AsyncHttpClient-1-12] DEBUG org.asynchttpclient.netty.channel.ChannelManager - Closing Channel [id: 0x1b3ef92e, L:/127.0.0.1:62156 ! R:localhost/127.0.0.1:62146] 
22:12:19.402 [Driver Command Executor] DEBUG org.asynchttpclient.netty.request.NettyRequestSender - Using pooled Channel '[id: 0x2e12c44d, L:/127.0.0.1:62143 - R:localhost/127.0.0.1:60265]' for 'DELETE' to 'http://localhost:60265/session/c6ffe468f78a6583dc38c8e9bf732466'
22:12:19.402 [Driver Command Executor] DEBUG org.asynchttpclient.netty.request.NettyRequestSender - Using open Channel [id: 0x2e12c44d, L:/127.0.0.1:62143 - R:localhost/127.0.0.1:60265] for DELETE '/session/c6ffe468f78a6583dc38c8e9bf732466'
22:12:19.455 [AsyncHttpClient-1-11] DEBUG org.asynchttpclient.netty.handler.HttpHandler - Unexpected I/O exception on channel [id: 0x4c0980a5, L:/127.0.0.1:62155 - R:localhost/127.0.0.1:62146]
java.net.SocketException: Connection reset
	at java.base/sun.nio.ch.SocketChannelImpl.throwConnectionReset(SocketChannelImpl.java:345)
	at java.base/sun.nio.ch.SocketChannelImpl.read(SocketChannelImpl.java:376)
	at io.netty.buffer.PooledByteBuf.setBytes(PooledByteBuf.java:258)
	at io.netty.buffer.AbstractByteBuf.writeBytes(AbstractByteBuf.java:1132)
	at io.netty.channel.socket.nio.NioSocketChannel.doReadBytes(NioSocketChannel.java:350)
	at io.netty.channel.nio.AbstractNioByteChannel$NioByteUnsafe.read(AbstractNioByteChannel.java:151)
	at io.netty.channel.nio.NioEventLoop.processSelectedKey(NioEventLoop.java:722)
	at io.netty.channel.nio.NioEventLoop.processSelectedKeysOptimized(NioEventLoop.java:658)
	at io.netty.channel.nio.NioEventLoop.processSelectedKeys(NioEventLoop.java:584)
	at io.netty.channel.nio.NioEventLoop.run(NioEventLoop.java:496)
	at io.netty.util.concurrent.SingleThreadEventExecutor$4.run(SingleThreadEventExecutor.java:986)
	at io.netty.util.internal.ThreadExecutorMap$2.run(ThreadExecutorMap.java:74)
	at io.netty.util.concurrent.FastThreadLocalRunnable.run(FastThreadLocalRunnable.java:30)
	at java.base/java.lang.Thread.run(Thread.java:830)
22:12:19.455 [AsyncHttpClient-1-11] DEBUG org.asynchttpclient.netty.channel.ChannelManager - Closing Channel [id: 0x4c0980a5, L:/127.0.0.1:62155 - R:localhost/127.0.0.1:62146] 
22:12:19.455 [AsyncHttpClient-1-11] DEBUG org.asynchttpclient.netty.handler.HttpHandler - Channel Closed: [id: 0x4c0980a5, L:/127.0.0.1:62155 ! R:localhost/127.0.0.1:62146] with attribute DISCARD
22:12:19.477 [AsyncHttpClient-1-10] DEBUG org.asynchttpclient.netty.handler.HttpHandler - 

Request DefaultFullHttpRequest(decodeResult: success, version: HTTP/1.1, content: EmptyByteBufBE)
DELETE /session/c6ffe468f78a6583dc38c8e9bf732466 HTTP/1.1
User-Agent: selenium/4.1.2 (java windows)
Content-Type: application/json; charset=utf-8
host: localhost:60265
accept: */*

Response DefaultHttpResponse(decodeResult: success, version: HTTP/1.1)
HTTP/1.1 200 OK
Content-Type: application/json; charset=utf-8
cache-control: no-cache
content-length: 14

22:12:19.478 [AsyncHttpClient-1-10] DEBUG org.asynchttpclient.netty.channel.ChannelManager - Adding key: http://localhost:60265 for channel [id: 0x2e12c44d, L:/127.0.0.1:62143 - R:localhost/127.0.0.1:60265]
22:12:19.606 [AsyncHttpClient-1-10] DEBUG org.asynchttpclient.netty.handler.HttpHandler - Channel Closed: [id: 0x2e12c44d, L:/127.0.0.1:62143 ! R:localhost/127.0.0.1:60265] with attribute DISCARD
]]></system-out>
    <system-err><![CDATA[Starting Microsoft Edge WebDriver 111.0.1661.62 (0a8f453929e6410c973aa529a40485ce4e3e03db) on port 60265
To submit feedback, report a bug, or suggest new features, please visit https://github.com/MicrosoftEdge/EdgeWebDriver

Only local connections are allowed.
Please see https://aka.ms/WebDriverSecurity for suggestions on keeping Microsoft Edge WebDriver safe.

Microsoft Edge WebDriver was started successfully.
Apr 05, 2023 10:12:03 PM org.openqa.selenium.remote.ProtocolHandshake createSession
INFO: Detected dialect: W3C
Apr 05, 2023 10:12:03 PM org.openqa.selenium.devtools.CdpVersionFinder findNearestMatch
WARNING: Unable to find an exact match for CDP version 111, so returning the closest version found: a no-op implementation
Apr 05, 2023 10:12:03 PM org.openqa.selenium.devtools.CdpVersionFinder findNearestMatch
INFO: Unable to find CDP implementation matching 111.
Apr 05, 2023 10:12:03 PM org.openqa.selenium.chromium.ChromiumDriver lambda$new$3
WARNING: Unable to find version of CDP to use for . You may need to include a dependency on a specific version of the CDP using something similar to `org.seleniumhq.selenium:selenium-devtools-v86:4.1.2` where the version ("v86") matches the version of the chromium-based browser you're using and the version number of the artifact is the same as Selenium's.
]]></system-err>
  </testcase>
  <testcase name="Fitur Menu Baby #10" classname="Baby" time="11.467">
    <system-out><![CDATA[
Scenario Outline: Fitur Menu Baby &amp#27;[90m# src/test/resources/features/Baby.feature:102&amp#27;[0m
22:12:20.193 [main] INFO io.cucumber.core.plugin.SerenityReporter - Running feature from file:///C:/Users/alwi/IdeaProjects/uniqloweb/src/test/resources/features/Baby.feature
22:12:20.317 [main] DEBUG io.github.bonigarcia.wdm.cache.ResolutionCache - Resolution edge=111 in cache (valid until 23:09:49 05/04/2023 WIB)
22:12:20.321 [main] DEBUG io.github.bonigarcia.wdm.cache.ResolutionCache - Resolution edge111=111.0.1661.62 in cache (valid until 15:17:30 06/04/2023 WIB)
22:12:20.323 [main] INFO io.github.bonigarcia.wdm.WebDriverManager - Using msedgedriver 111.0.1661.62 (resolved driver for Edge 111)
22:12:20.333 [main] DEBUG io.github.bonigarcia.wdm.WebDriverManager - Driver msedgedriver 111.0.1661.62 found in cache
22:12:20.334 [main] INFO io.github.bonigarcia.wdm.WebDriverManager - Exporting webdriver.edge.driver as C:\Users\alwi\.cache\selenium\msedgedriver\win64\111.0.1661.62\msedgedriver.exe
22:12:20.335 [main] DEBUG net.serenitybdd.core.webdriver.driverproviders.ProvideNewDriver - Instantiating driver
22:12:20.335 [main] DEBUG net.serenitybdd.core.webdriver.driverproviders.ProvideNewDriver - Driver capabilities: Capabilities {base.url: https://www.uniqlo.com, chrome.driver: src/test/resources/webdrive..., driver: edge, ms:edgeChromium: true, ms:edgeOptions: {}, wait.for.timeout: 6000}
22:12:20.338 [AsyncHttpClient-1-1] DEBUG org.asynchttpclient.netty.channel.DefaultChannelPool - Entry count for : http://localhost:60265 : 1
22:12:20.338 [AsyncHttpClient-1-1] DEBUG org.asynchttpclient.netty.channel.DefaultChannelPool - Entry count for : http://localhost:62146 : 1
22:12:20.338 [AsyncHttpClient-1-1] DEBUG org.asynchttpclient.netty.channel.DefaultChannelPool - Adding Candidate expired Channel [id: 0x2e12c44d, L:/127.0.0.1:62143 ! R:localhost/127.0.0.1:60265] isIdleTimeoutExpired=false isRemotelyClosed=true isTtlExpired=false
22:12:20.338 [AsyncHttpClient-1-1] DEBUG org.asynchttpclient.netty.channel.DefaultChannelPool - Closing Idle Channel [id: 0x2e12c44d, L:/127.0.0.1:62143 ! R:localhost/127.0.0.1:60265]
22:12:20.338 [AsyncHttpClient-1-1] DEBUG org.asynchttpclient.netty.channel.DefaultChannelPool - Adding Candidate expired Channel [id: 0x4c0980a5, L:/127.0.0.1:62155 ! R:localhost/127.0.0.1:62146] isIdleTimeoutExpired=false isRemotelyClosed=true isTtlExpired=false
22:12:20.338 [AsyncHttpClient-1-1] DEBUG org.asynchttpclient.netty.channel.DefaultChannelPool - Closing Idle Channel [id: 0x4c0980a5, L:/127.0.0.1:62155 ! R:localhost/127.0.0.1:62146]
22:12:20.338 [AsyncHttpClient-1-1] DEBUG org.asynchttpclient.netty.channel.DefaultChannelPool - Closed 2 connections out of 2 in 0 ms
22:12:20.880 [AsyncHttpClient-1-13] DEBUG org.asynchttpclient.netty.channel.NettyConnectListener - Using new Channel '[id: 0xb3f3b6de, L:/127.0.0.1:62320 - R:localhost/127.0.0.1:54759]' for 'POST' to '/session'
22:12:21.560 [AsyncHttpClient-1-13] DEBUG org.asynchttpclient.netty.handler.HttpHandler - 

Request DefaultHttpRequest(decodeResult: success, version: HTTP/1.1)
POST /session HTTP/1.1
User-Agent: selenium/4.1.2 (java windows)
Content-Length: 627
Content-Type: application/json; charset=utf-8
host: localhost:54759
accept: */*

Response DefaultHttpResponse(decodeResult: success, version: HTTP/1.1)
HTTP/1.1 200 OK
Content-Type: application/json; charset=utf-8
cache-control: no-cache
content-length: 824

22:12:21.561 [AsyncHttpClient-1-13] DEBUG org.asynchttpclient.netty.channel.ChannelManager - Adding key: http://localhost:54759 for channel [id: 0xb3f3b6de, L:/127.0.0.1:62320 - R:localhost/127.0.0.1:54759]
22:12:21.575 [AsyncHttpClient-1-14] DEBUG org.asynchttpclient.netty.channel.NettyConnectListener - Using new Channel '[id: 0x033a0074, L:/127.0.0.1:62328 - R:localhost/127.0.0.1:62322]' for 'GET' to '/json/version'
22:12:21.576 [AsyncHttpClient-1-14] DEBUG org.asynchttpclient.netty.handler.HttpHandler - 

Request DefaultFullHttpRequest(decodeResult: success, version: HTTP/1.1, content: EmptyByteBufBE)
GET /json/version HTTP/1.1
User-Agent: selenium/4.1.2 (java windows)
host: localhost:62322
accept: */*

Response DefaultHttpResponse(decodeResult: success, version: HTTP/1.1)
HTTP/1.1 200 OK
Content-Security-Policy: frame-ancestors 'none'
Content-Type: application/json; charset=UTF-8
content-length: 436

22:12:21.576 [AsyncHttpClient-1-14] DEBUG org.asynchttpclient.netty.channel.ChannelManager - Adding key: http://localhost:62322 for channel [id: 0x033a0074, L:/127.0.0.1:62328 - R:localhost/127.0.0.1:62322]
22:12:21.581 [AsyncHttpClient-1-15] DEBUG org.asynchttpclient.netty.channel.NettyConnectListener - Using new Channel '[id: 0xb6774aa4, L:/127.0.0.1:62329 - R:localhost/127.0.0.1:62322]' for 'GET' to '/devtools/browser/f1fc8263-7933-4ce3-83f3-f127e02c4e32'
22:12:21.581 [AsyncHttpClient-1-15] DEBUG org.asynchttpclient.netty.handler.WebSocketHandler - 

Request DefaultFullHttpRequest(decodeResult: success, version: HTTP/1.1, content: EmptyByteBufBE)
GET /devtools/browser/f1fc8263-7933-4ce3-83f3-f127e02c4e32 HTTP/1.1
upgrade: websocket
connection: upgrade
sec-websocket-key: m2KKSyzE1zOm6+pdKDxWoQ==
sec-websocket-version: 13
origin: http://localhost:62322
host: localhost:62322
accept: */*
user-agent: AHC/2.1

Response DefaultHttpResponse(decodeResult: success, version: HTTP/1.1)
HTTP/1.1 101 WebSocket Protocol Handshake
Upgrade: WebSocket
Connection: Upgrade
Sec-WebSocket-Accept: jn+DwMjJzCT/DpzU/azfUuKyEjk=

22:12:21.586 [Forwarding get on session 5d0bce160694af1d3bb582cf7224ec5f to remote] DEBUG org.asynchttpclient.netty.request.NettyRequestSender - Using pooled Channel '[id: 0xb3f3b6de, L:/127.0.0.1:62320 - R:localhost/127.0.0.1:54759]' for 'POST' to 'http://localhost:54759/session/5d0bce160694af1d3bb582cf7224ec5f/url'
22:12:21.586 [Forwarding get on session 5d0bce160694af1d3bb582cf7224ec5f to remote] DEBUG org.asynchttpclient.netty.request.NettyRequestSender - Using open Channel [id: 0xb3f3b6de, L:/127.0.0.1:62320 - R:localhost/127.0.0.1:54759] for POST '/session/5d0bce160694af1d3bb582cf7224ec5f/url'
22:12:22.543 [AsyncHttpClient-1-1] DEBUG org.asynchttpclient.netty.channel.DefaultChannelPool - Entry count for : http://localhost:62322 : 1
22:12:23.643 [AsyncHttpClient-1-1] DEBUG org.asynchttpclient.netty.channel.DefaultChannelPool - Entry count for : http://localhost:62322 : 1
22:12:24.745 [AsyncHttpClient-1-1] DEBUG org.asynchttpclient.netty.channel.DefaultChannelPool - Entry count for : http://localhost:62322 : 1
22:12:25.839 [AsyncHttpClient-1-1] DEBUG org.asynchttpclient.netty.channel.DefaultChannelPool - Entry count for : http://localhost:62322 : 1
22:12:26.943 [AsyncHttpClient-1-1] DEBUG org.asynchttpclient.netty.channel.DefaultChannelPool - Entry count for : http://localhost:62322 : 1
22:12:28.047 [AsyncHttpClient-1-1] DEBUG org.asynchttpclient.netty.channel.DefaultChannelPool - Entry count for : http://localhost:62322 : 1
22:12:28.227 [AsyncHttpClient-1-13] DEBUG org.asynchttpclient.netty.handler.HttpHandler - 

Request DefaultHttpRequest(decodeResult: success, version: HTTP/1.1)
POST /session/5d0bce160694af1d3bb582cf7224ec5f/url HTTP/1.1
User-Agent: selenium/4.1.2 (java windows)
Content-Length: 53
Content-Type: application/json; charset=utf-8
host: localhost:54759
accept: */*

Response DefaultHttpResponse(decodeResult: success, version: HTTP/1.1)
HTTP/1.1 200 OK
Content-Type: application/json; charset=utf-8
cache-control: no-cache
content-length: 14

22:12:28.227 [AsyncHttpClient-1-13] DEBUG org.asynchttpclient.netty.channel.ChannelManager - Adding key: http://localhost:54759 for channel [id: 0xb3f3b6de, L:/127.0.0.1:62320 - R:localhost/127.0.0.1:54759]
22:12:28.229 [Forwarding setTimeout on session 5d0bce160694af1d3bb582cf7224ec5f to remote] DEBUG org.asynchttpclient.netty.request.NettyRequestSender - Using pooled Channel '[id: 0xb3f3b6de, L:/127.0.0.1:62320 - R:localhost/127.0.0.1:54759]' for 'POST' to 'http://localhost:54759/session/5d0bce160694af1d3bb582cf7224ec5f/timeouts'
22:12:28.229 [Forwarding setTimeout on session 5d0bce160694af1d3bb582cf7224ec5f to remote] DEBUG org.asynchttpclient.netty.request.NettyRequestSender - Using open Channel [id: 0xb3f3b6de, L:/127.0.0.1:62320 - R:localhost/127.0.0.1:54759] for POST '/session/5d0bce160694af1d3bb582cf7224ec5f/timeouts'
22:12:28.230 [AsyncHttpClient-1-13] DEBUG org.asynchttpclient.netty.handler.HttpHandler - 

Request DefaultHttpRequest(decodeResult: success, version: HTTP/1.1)
POST /session/5d0bce160694af1d3bb582cf7224ec5f/timeouts HTTP/1.1
User-Agent: selenium/4.1.2 (java windows)
Content-Length: 22
Content-Type: application/json; charset=utf-8
host: localhost:54759
accept: */*

Response DefaultHttpResponse(decodeResult: success, version: HTTP/1.1)
HTTP/1.1 200 OK
Content-Type: application/json; charset=utf-8
cache-control: no-cache
content-length: 14

22:12:28.230 [AsyncHttpClient-1-13] DEBUG org.asynchttpclient.netty.channel.ChannelManager - Adding key: http://localhost:54759 for channel [id: 0xb3f3b6de, L:/127.0.0.1:62320 - R:localhost/127.0.0.1:54759]
22:12:28.232 [Forwarding getCurrentUrl on session 5d0bce160694af1d3bb582cf7224ec5f to remote] DEBUG org.asynchttpclient.netty.request.NettyRequestSender - Using pooled Channel '[id: 0xb3f3b6de, L:/127.0.0.1:62320 - R:localhost/127.0.0.1:54759]' for 'GET' to 'http://localhost:54759/session/5d0bce160694af1d3bb582cf7224ec5f/url'
22:12:28.232 [Forwarding getCurrentUrl on session 5d0bce160694af1d3bb582cf7224ec5f to remote] DEBUG org.asynchttpclient.netty.request.NettyRequestSender - Using open Channel [id: 0xb3f3b6de, L:/127.0.0.1:62320 - R:localhost/127.0.0.1:54759] for GET '/session/5d0bce160694af1d3bb582cf7224ec5f/url'
22:12:28.261 [AsyncHttpClient-1-13] DEBUG org.asynchttpclient.netty.handler.HttpHandler - 

Request DefaultFullHttpRequest(decodeResult: success, version: HTTP/1.1, content: EmptyByteBufBE)
GET /session/5d0bce160694af1d3bb582cf7224ec5f/url HTTP/1.1
User-Agent: selenium/4.1.2 (java windows)
Cache-Control: no-cache
Content-Type: application/json; charset=utf-8
host: localhost:54759
accept: */*

Response DefaultHttpResponse(decodeResult: success, version: HTTP/1.1)
HTTP/1.1 200 OK
Content-Type: application/json; charset=utf-8
cache-control: no-cache
content-length: 41

22:12:28.261 [AsyncHttpClient-1-13] DEBUG org.asynchttpclient.netty.channel.ChannelManager - Adding key: http://localhost:54759 for channel [id: 0xb3f3b6de, L:/127.0.0.1:62320 - R:localhost/127.0.0.1:54759]
  &amp#27;[32mGiven &amp#27;[0m&amp#27;[32mI am on the home page&amp#27;[0m     &amp#27;[90m# starter.stepdefinitions.BabyStep.iAmOnTheHomePage()&amp#27;[0m
22:12:28.268 [Forwarding screenshot on session 5d0bce160694af1d3bb582cf7224ec5f to remote] DEBUG org.asynchttpclient.netty.request.NettyRequestSender - Using pooled Channel '[id: 0xb3f3b6de, L:/127.0.0.1:62320 - R:localhost/127.0.0.1:54759]' for 'GET' to 'http://localhost:54759/session/5d0bce160694af1d3bb582cf7224ec5f/screenshot'
22:12:28.268 [Forwarding screenshot on session 5d0bce160694af1d3bb582cf7224ec5f to remote] DEBUG org.asynchttpclient.netty.request.NettyRequestSender - Using open Channel [id: 0xb3f3b6de, L:/127.0.0.1:62320 - R:localhost/127.0.0.1:54759] for GET '/session/5d0bce160694af1d3bb582cf7224ec5f/screenshot'
22:12:28.625 [AsyncHttpClient-1-13] DEBUG org.asynchttpclient.netty.handler.HttpHandler - 

Request DefaultFullHttpRequest(decodeResult: success, version: HTTP/1.1, content: EmptyByteBufBE)
GET /session/5d0bce160694af1d3bb582cf7224ec5f/screenshot HTTP/1.1
User-Agent: selenium/4.1.2 (java windows)
Cache-Control: no-cache
Content-Type: application/json; charset=utf-8
host: localhost:54759
accept: */*

Response DefaultHttpResponse(decodeResult: success, version: HTTP/1.1)
HTTP/1.1 200 OK
Content-Type: application/json; charset=utf-8
cache-control: no-cache
content-length: 1119968

22:12:28.628 [AsyncHttpClient-1-13] DEBUG org.asynchttpclient.netty.channel.ChannelManager - Adding key: http://localhost:54759 for channel [id: 0xb3f3b6de, L:/127.0.0.1:62320 - R:localhost/127.0.0.1:54759]
22:12:28.667 [main] DEBUG net.serenitybdd.core.photography.Darkroom - Send negative for processing for target\site\serenity\3d1b19ad31921c0beae4332facd941fcc81467ad5802877977ec6c100df601ce.png
22:12:28.678 [Forwarding findElement on session 5d0bce160694af1d3bb582cf7224ec5f to remote] DEBUG org.asynchttpclient.netty.request.NettyRequestSender - Using pooled Channel '[id: 0xb3f3b6de, L:/127.0.0.1:62320 - R:localhost/127.0.0.1:54759]' for 'POST' to 'http://localhost:54759/session/5d0bce160694af1d3bb582cf7224ec5f/element'
22:12:28.678 [Forwarding findElement on session 5d0bce160694af1d3bb582cf7224ec5f to remote] DEBUG org.asynchttpclient.netty.request.NettyRequestSender - Using open Channel [id: 0xb3f3b6de, L:/127.0.0.1:62320 - R:localhost/127.0.0.1:54759] for POST '/session/5d0bce160694af1d3bb582cf7224ec5f/element'
22:12:28.690 [AsyncHttpClient-1-13] DEBUG org.asynchttpclient.netty.handler.HttpHandler - 

Request DefaultHttpRequest(decodeResult: success, version: HTTP/1.1)
POST /session/5d0bce160694af1d3bb582cf7224ec5f/element HTTP/1.1
User-Agent: selenium/4.1.2 (java windows)
Content-Length: 81
Content-Type: application/json; charset=utf-8
host: localhost:54759
accept: */*

Response DefaultHttpResponse(decodeResult: success, version: HTTP/1.1)
HTTP/1.1 200 OK
Content-Type: application/json; charset=utf-8
cache-control: no-cache
content-length: 88

22:12:28.690 [AsyncHttpClient-1-13] DEBUG org.asynchttpclient.netty.channel.ChannelManager - Adding key: http://localhost:54759 for channel [id: 0xb3f3b6de, L:/127.0.0.1:62320 - R:localhost/127.0.0.1:54759]
22:12:28.692 [Forwarding getElementTagName on session 5d0bce160694af1d3bb582cf7224ec5f to remote] DEBUG org.asynchttpclient.netty.request.NettyRequestSender - Using pooled Channel '[id: 0xb3f3b6de, L:/127.0.0.1:62320 - R:localhost/127.0.0.1:54759]' for 'GET' to 'http://localhost:54759/session/5d0bce160694af1d3bb582cf7224ec5f/element/ff17cb8c-91a2-48a0-83b4-887ed27f6299/name'
22:12:28.692 [Forwarding getElementTagName on session 5d0bce160694af1d3bb582cf7224ec5f to remote] DEBUG org.asynchttpclient.netty.request.NettyRequestSender - Using open Channel [id: 0xb3f3b6de, L:/127.0.0.1:62320 - R:localhost/127.0.0.1:54759] for GET '/session/5d0bce160694af1d3bb582cf7224ec5f/element/ff17cb8c-91a2-48a0-83b4-887ed27f6299/name'
22:12:28.695 [AsyncHttpClient-1-13] DEBUG org.asynchttpclient.netty.handler.HttpHandler - 

Request DefaultFullHttpRequest(decodeResult: success, version: HTTP/1.1, content: EmptyByteBufBE)
GET /session/5d0bce160694af1d3bb582cf7224ec5f/element/ff17cb8c-91a2-48a0-83b4-887ed27f6299/name HTTP/1.1
User-Agent: selenium/4.1.2 (java windows)
Cache-Control: no-cache
Content-Type: application/json; charset=utf-8
host: localhost:54759
accept: */*

Response DefaultHttpResponse(decodeResult: success, version: HTTP/1.1)
HTTP/1.1 200 OK
Content-Type: application/json; charset=utf-8
cache-control: no-cache
content-length: 16

22:12:28.695 [AsyncHttpClient-1-13] DEBUG org.asynchttpclient.netty.channel.ChannelManager - Adding key: http://localhost:54759 for channel [id: 0xb3f3b6de, L:/127.0.0.1:62320 - R:localhost/127.0.0.1:54759]
22:12:28.697 [Forwarding getElementTagName on session 5d0bce160694af1d3bb582cf7224ec5f to remote] DEBUG org.asynchttpclient.netty.request.NettyRequestSender - Using pooled Channel '[id: 0xb3f3b6de, L:/127.0.0.1:62320 - R:localhost/127.0.0.1:54759]' for 'GET' to 'http://localhost:54759/session/5d0bce160694af1d3bb582cf7224ec5f/element/ff17cb8c-91a2-48a0-83b4-887ed27f6299/name'
22:12:28.697 [Forwarding getElementTagName on session 5d0bce160694af1d3bb582cf7224ec5f to remote] DEBUG org.asynchttpclient.netty.request.NettyRequestSender - Using open Channel [id: 0xb3f3b6de, L:/127.0.0.1:62320 - R:localhost/127.0.0.1:54759] for GET '/session/5d0bce160694af1d3bb582cf7224ec5f/element/ff17cb8c-91a2-48a0-83b4-887ed27f6299/name'
22:12:28.700 [AsyncHttpClient-1-13] DEBUG org.asynchttpclient.netty.handler.HttpHandler - 

Request DefaultFullHttpRequest(decodeResult: success, version: HTTP/1.1, content: EmptyByteBufBE)
GET /session/5d0bce160694af1d3bb582cf7224ec5f/element/ff17cb8c-91a2-48a0-83b4-887ed27f6299/name HTTP/1.1
User-Agent: selenium/4.1.2 (java windows)
Cache-Control: no-cache
Content-Type: application/json; charset=utf-8
host: localhost:54759
accept: */*

Response DefaultHttpResponse(decodeResult: success, version: HTTP/1.1)
HTTP/1.1 200 OK
Content-Type: application/json; charset=utf-8
cache-control: no-cache
content-length: 16

22:12:28.701 [AsyncHttpClient-1-13] DEBUG org.asynchttpclient.netty.channel.ChannelManager - Adding key: http://localhost:54759 for channel [id: 0xb3f3b6de, L:/127.0.0.1:62320 - R:localhost/127.0.0.1:54759]
22:12:28.703 [Forwarding findElement on session 5d0bce160694af1d3bb582cf7224ec5f to remote] DEBUG org.asynchttpclient.netty.request.NettyRequestSender - Using pooled Channel '[id: 0xb3f3b6de, L:/127.0.0.1:62320 - R:localhost/127.0.0.1:54759]' for 'POST' to 'http://localhost:54759/session/5d0bce160694af1d3bb582cf7224ec5f/element'
22:12:28.703 [Forwarding findElement on session 5d0bce160694af1d3bb582cf7224ec5f to remote] DEBUG org.asynchttpclient.netty.request.NettyRequestSender - Using open Channel [id: 0xb3f3b6de, L:/127.0.0.1:62320 - R:localhost/127.0.0.1:54759] for POST '/session/5d0bce160694af1d3bb582cf7224ec5f/element'
22:12:28.715 [AsyncHttpClient-1-13] DEBUG org.asynchttpclient.netty.handler.HttpHandler - 

Request DefaultHttpRequest(decodeResult: success, version: HTTP/1.1)
POST /session/5d0bce160694af1d3bb582cf7224ec5f/element HTTP/1.1
User-Agent: selenium/4.1.2 (java windows)
Content-Length: 81
Content-Type: application/json; charset=utf-8
host: localhost:54759
accept: */*

Response DefaultHttpResponse(decodeResult: success, version: HTTP/1.1)
HTTP/1.1 200 OK
Content-Type: application/json; charset=utf-8
cache-control: no-cache
content-length: 88

22:12:28.715 [AsyncHttpClient-1-13] DEBUG org.asynchttpclient.netty.channel.ChannelManager - Adding key: http://localhost:54759 for channel [id: 0xb3f3b6de, L:/127.0.0.1:62320 - R:localhost/127.0.0.1:54759]
22:12:28.717 [Forwarding clickElement on session 5d0bce160694af1d3bb582cf7224ec5f to remote] DEBUG org.asynchttpclient.netty.request.NettyRequestSender - Using pooled Channel '[id: 0xb3f3b6de, L:/127.0.0.1:62320 - R:localhost/127.0.0.1:54759]' for 'POST' to 'http://localhost:54759/session/5d0bce160694af1d3bb582cf7224ec5f/element/ff17cb8c-91a2-48a0-83b4-887ed27f6299/click'
22:12:28.717 [Forwarding clickElement on session 5d0bce160694af1d3bb582cf7224ec5f to remote] DEBUG org.asynchttpclient.netty.request.NettyRequestSender - Using open Channel [id: 0xb3f3b6de, L:/127.0.0.1:62320 - R:localhost/127.0.0.1:54759] for POST '/session/5d0bce160694af1d3bb582cf7224ec5f/element/ff17cb8c-91a2-48a0-83b4-887ed27f6299/click'
22:12:29.142 [AsyncHttpClient-1-1] DEBUG org.asynchttpclient.netty.channel.DefaultChannelPool - Entry count for : http://localhost:62322 : 1
22:12:29.184 [AsyncHttpClient-1-13] DEBUG org.asynchttpclient.netty.handler.HttpHandler - 

Request DefaultHttpRequest(decodeResult: success, version: HTTP/1.1)
POST /session/5d0bce160694af1d3bb582cf7224ec5f/element/ff17cb8c-91a2-48a0-83b4-887ed27f6299/click HTTP/1.1
User-Agent: selenium/4.1.2 (java windows)
Content-Length: 50
Content-Type: application/json; charset=utf-8
host: localhost:54759
accept: */*

Response DefaultHttpResponse(decodeResult: success, version: HTTP/1.1)
HTTP/1.1 200 OK
Content-Type: application/json; charset=utf-8
cache-control: no-cache
content-length: 14

22:12:29.185 [AsyncHttpClient-1-13] DEBUG org.asynchttpclient.netty.channel.ChannelManager - Adding key: http://localhost:54759 for channel [id: 0xb3f3b6de, L:/127.0.0.1:62320 - R:localhost/127.0.0.1:54759]
  &amp#27;[32mThen &amp#27;[0m&amp#27;[32mI click baby on the header&amp#27;[0m &amp#27;[90m# starter.stepdefinitions.BabyStep.iClickBabyOnTheHeader()&amp#27;[0m
22:12:29.197 [Forwarding screenshot on session 5d0bce160694af1d3bb582cf7224ec5f to remote] DEBUG org.asynchttpclient.netty.request.NettyRequestSender - Using pooled Channel '[id: 0xb3f3b6de, L:/127.0.0.1:62320 - R:localhost/127.0.0.1:54759]' for 'GET' to 'http://localhost:54759/session/5d0bce160694af1d3bb582cf7224ec5f/screenshot'
22:12:29.197 [Forwarding screenshot on session 5d0bce160694af1d3bb582cf7224ec5f to remote] DEBUG org.asynchttpclient.netty.request.NettyRequestSender - Using open Channel [id: 0xb3f3b6de, L:/127.0.0.1:62320 - R:localhost/127.0.0.1:54759] for GET '/session/5d0bce160694af1d3bb582cf7224ec5f/screenshot'
22:12:30.050 [AsyncHttpClient-1-13] DEBUG org.asynchttpclient.netty.handler.HttpHandler - 

Request DefaultFullHttpRequest(decodeResult: success, version: HTTP/1.1, content: EmptyByteBufBE)
GET /session/5d0bce160694af1d3bb582cf7224ec5f/screenshot HTTP/1.1
User-Agent: selenium/4.1.2 (java windows)
Cache-Control: no-cache
Content-Type: application/json; charset=utf-8
host: localhost:54759
accept: */*

Response DefaultHttpResponse(decodeResult: success, version: HTTP/1.1)
HTTP/1.1 200 OK
Content-Type: application/json; charset=utf-8
cache-control: no-cache
content-length: 137788

22:12:30.051 [AsyncHttpClient-1-13] DEBUG org.asynchttpclient.netty.channel.ChannelManager - Adding key: http://localhost:54759 for channel [id: 0xb3f3b6de, L:/127.0.0.1:62320 - R:localhost/127.0.0.1:54759]
22:12:30.058 [main] DEBUG net.serenitybdd.core.photography.Darkroom - Send negative for processing for target\site\serenity\1b72076c31f7eb980dcfba565e300d2b9bd7a35040291cd27074eb736e225966.png
22:12:30.070 [Forwarding findElement on session 5d0bce160694af1d3bb582cf7224ec5f to remote] DEBUG org.asynchttpclient.netty.request.NettyRequestSender - Using pooled Channel '[id: 0xb3f3b6de, L:/127.0.0.1:62320 - R:localhost/127.0.0.1:54759]' for 'POST' to 'http://localhost:54759/session/5d0bce160694af1d3bb582cf7224ec5f/element'
22:12:30.070 [Forwarding findElement on session 5d0bce160694af1d3bb582cf7224ec5f to remote] DEBUG org.asynchttpclient.netty.request.NettyRequestSender - Using open Channel [id: 0xb3f3b6de, L:/127.0.0.1:62320 - R:localhost/127.0.0.1:54759] for POST '/session/5d0bce160694af1d3bb582cf7224ec5f/element'
22:12:30.100 [AsyncHttpClient-1-13] DEBUG org.asynchttpclient.netty.handler.HttpHandler - 

Request DefaultHttpRequest(decodeResult: success, version: HTTP/1.1)
POST /session/5d0bce160694af1d3bb582cf7224ec5f/element HTTP/1.1
User-Agent: selenium/4.1.2 (java windows)
Content-Length: 117
Content-Type: application/json; charset=utf-8
host: localhost:54759
accept: */*

Response DefaultHttpResponse(decodeResult: success, version: HTTP/1.1)
HTTP/1.1 200 OK
Content-Type: application/json; charset=utf-8
cache-control: no-cache
content-length: 88

22:12:30.102 [AsyncHttpClient-1-13] DEBUG org.asynchttpclient.netty.channel.ChannelManager - Adding key: http://localhost:54759 for channel [id: 0xb3f3b6de, L:/127.0.0.1:62320 - R:localhost/127.0.0.1:54759]
22:12:30.103 [Forwarding getElementTagName on session 5d0bce160694af1d3bb582cf7224ec5f to remote] DEBUG org.asynchttpclient.netty.request.NettyRequestSender - Using pooled Channel '[id: 0xb3f3b6de, L:/127.0.0.1:62320 - R:localhost/127.0.0.1:54759]' for 'GET' to 'http://localhost:54759/session/5d0bce160694af1d3bb582cf7224ec5f/element/f527e004-f8b4-47f1-90c4-62fcd5901eb5/name'
22:12:30.103 [Forwarding getElementTagName on session 5d0bce160694af1d3bb582cf7224ec5f to remote] DEBUG org.asynchttpclient.netty.request.NettyRequestSender - Using open Channel [id: 0xb3f3b6de, L:/127.0.0.1:62320 - R:localhost/127.0.0.1:54759] for GET '/session/5d0bce160694af1d3bb582cf7224ec5f/element/f527e004-f8b4-47f1-90c4-62fcd5901eb5/name'
22:12:30.106 [AsyncHttpClient-1-13] DEBUG org.asynchttpclient.netty.handler.HttpHandler - 

Request DefaultFullHttpRequest(decodeResult: success, version: HTTP/1.1, content: EmptyByteBufBE)
GET /session/5d0bce160694af1d3bb582cf7224ec5f/element/f527e004-f8b4-47f1-90c4-62fcd5901eb5/name HTTP/1.1
User-Agent: selenium/4.1.2 (java windows)
Cache-Control: no-cache
Content-Type: application/json; charset=utf-8
host: localhost:54759
accept: */*

Response DefaultHttpResponse(decodeResult: success, version: HTTP/1.1)
HTTP/1.1 200 OK
Content-Type: application/json; charset=utf-8
cache-control: no-cache
content-length: 16

22:12:30.106 [AsyncHttpClient-1-13] DEBUG org.asynchttpclient.netty.channel.ChannelManager - Adding key: http://localhost:54759 for channel [id: 0xb3f3b6de, L:/127.0.0.1:62320 - R:localhost/127.0.0.1:54759]
22:12:30.108 [Forwarding getElementTagName on session 5d0bce160694af1d3bb582cf7224ec5f to remote] DEBUG org.asynchttpclient.netty.request.NettyRequestSender - Using pooled Channel '[id: 0xb3f3b6de, L:/127.0.0.1:62320 - R:localhost/127.0.0.1:54759]' for 'GET' to 'http://localhost:54759/session/5d0bce160694af1d3bb582cf7224ec5f/element/f527e004-f8b4-47f1-90c4-62fcd5901eb5/name'
22:12:30.108 [Forwarding getElementTagName on session 5d0bce160694af1d3bb582cf7224ec5f to remote] DEBUG org.asynchttpclient.netty.request.NettyRequestSender - Using open Channel [id: 0xb3f3b6de, L:/127.0.0.1:62320 - R:localhost/127.0.0.1:54759] for GET '/session/5d0bce160694af1d3bb582cf7224ec5f/element/f527e004-f8b4-47f1-90c4-62fcd5901eb5/name'
22:12:30.110 [AsyncHttpClient-1-13] DEBUG org.asynchttpclient.netty.handler.HttpHandler - 

Request DefaultFullHttpRequest(decodeResult: success, version: HTTP/1.1, content: EmptyByteBufBE)
GET /session/5d0bce160694af1d3bb582cf7224ec5f/element/f527e004-f8b4-47f1-90c4-62fcd5901eb5/name HTTP/1.1
User-Agent: selenium/4.1.2 (java windows)
Cache-Control: no-cache
Content-Type: application/json; charset=utf-8
host: localhost:54759
accept: */*

Response DefaultHttpResponse(decodeResult: success, version: HTTP/1.1)
HTTP/1.1 200 OK
Content-Type: application/json; charset=utf-8
cache-control: no-cache
content-length: 16

22:12:30.110 [AsyncHttpClient-1-13] DEBUG org.asynchttpclient.netty.channel.ChannelManager - Adding key: http://localhost:54759 for channel [id: 0xb3f3b6de, L:/127.0.0.1:62320 - R:localhost/127.0.0.1:54759]
22:12:30.113 [Forwarding findElement on session 5d0bce160694af1d3bb582cf7224ec5f to remote] DEBUG org.asynchttpclient.netty.request.NettyRequestSender - Using pooled Channel '[id: 0xb3f3b6de, L:/127.0.0.1:62320 - R:localhost/127.0.0.1:54759]' for 'POST' to 'http://localhost:54759/session/5d0bce160694af1d3bb582cf7224ec5f/element'
22:12:30.113 [Forwarding findElement on session 5d0bce160694af1d3bb582cf7224ec5f to remote] DEBUG org.asynchttpclient.netty.request.NettyRequestSender - Using open Channel [id: 0xb3f3b6de, L:/127.0.0.1:62320 - R:localhost/127.0.0.1:54759] for POST '/session/5d0bce160694af1d3bb582cf7224ec5f/element'
22:12:30.123 [AsyncHttpClient-1-13] DEBUG org.asynchttpclient.netty.handler.HttpHandler - 

Request DefaultHttpRequest(decodeResult: success, version: HTTP/1.1)
POST /session/5d0bce160694af1d3bb582cf7224ec5f/element HTTP/1.1
User-Agent: selenium/4.1.2 (java windows)
Content-Length: 117
Content-Type: application/json; charset=utf-8
host: localhost:54759
accept: */*

Response DefaultHttpResponse(decodeResult: success, version: HTTP/1.1)
HTTP/1.1 200 OK
Content-Type: application/json; charset=utf-8
cache-control: no-cache
content-length: 88

22:12:30.123 [AsyncHttpClient-1-13] DEBUG org.asynchttpclient.netty.channel.ChannelManager - Adding key: http://localhost:54759 for channel [id: 0xb3f3b6de, L:/127.0.0.1:62320 - R:localhost/127.0.0.1:54759]
22:12:30.125 [Forwarding clickElement on session 5d0bce160694af1d3bb582cf7224ec5f to remote] DEBUG org.asynchttpclient.netty.request.NettyRequestSender - Using pooled Channel '[id: 0xb3f3b6de, L:/127.0.0.1:62320 - R:localhost/127.0.0.1:54759]' for 'POST' to 'http://localhost:54759/session/5d0bce160694af1d3bb582cf7224ec5f/element/f527e004-f8b4-47f1-90c4-62fcd5901eb5/click'
22:12:30.125 [Forwarding clickElement on session 5d0bce160694af1d3bb582cf7224ec5f to remote] DEBUG org.asynchttpclient.netty.request.NettyRequestSender - Using open Channel [id: 0xb3f3b6de, L:/127.0.0.1:62320 - R:localhost/127.0.0.1:54759] for POST '/session/5d0bce160694af1d3bb582cf7224ec5f/element/f527e004-f8b4-47f1-90c4-62fcd5901eb5/click'
22:12:30.237 [AsyncHttpClient-1-1] DEBUG org.asynchttpclient.netty.channel.DefaultChannelPool - Entry count for : http://localhost:62322 : 1
22:12:30.363 [AsyncHttpClient-1-13] DEBUG org.asynchttpclient.netty.handler.HttpHandler - 

Request DefaultHttpRequest(decodeResult: success, version: HTTP/1.1)
POST /session/5d0bce160694af1d3bb582cf7224ec5f/element/f527e004-f8b4-47f1-90c4-62fcd5901eb5/click HTTP/1.1
User-Agent: selenium/4.1.2 (java windows)
Content-Length: 50
Content-Type: application/json; charset=utf-8
host: localhost:54759
accept: */*

Response DefaultHttpResponse(decodeResult: success, version: HTTP/1.1)
HTTP/1.1 200 OK
Content-Type: application/json; charset=utf-8
cache-control: no-cache
content-length: 14

22:12:30.364 [AsyncHttpClient-1-13] DEBUG org.asynchttpclient.netty.channel.ChannelManager - Adding key: http://localhost:54759 for channel [id: 0xb3f3b6de, L:/127.0.0.1:62320 - R:localhost/127.0.0.1:54759]
  &amp#27;[32mWhen &amp#27;[0m&amp#27;[32mI will go to &amp#27;[0m&amp#27;[32m&amp#27;[1m"UT1"&amp#27;[0m         &amp#27;[90m# starter.stepdefinitions.BabyStep.iWillGoTo(java.lang.String)&amp#27;[0m
22:12:30.369 [Forwarding screenshot on session 5d0bce160694af1d3bb582cf7224ec5f to remote] DEBUG org.asynchttpclient.netty.request.NettyRequestSender - Using pooled Channel '[id: 0xb3f3b6de, L:/127.0.0.1:62320 - R:localhost/127.0.0.1:54759]' for 'GET' to 'http://localhost:54759/session/5d0bce160694af1d3bb582cf7224ec5f/screenshot'
22:12:30.369 [Forwarding screenshot on session 5d0bce160694af1d3bb582cf7224ec5f to remote] DEBUG org.asynchttpclient.netty.request.NettyRequestSender - Using open Channel [id: 0xb3f3b6de, L:/127.0.0.1:62320 - R:localhost/127.0.0.1:54759] for GET '/session/5d0bce160694af1d3bb582cf7224ec5f/screenshot'
22:12:30.806 [AsyncHttpClient-1-13] DEBUG org.asynchttpclient.netty.handler.HttpHandler - 

Request DefaultFullHttpRequest(decodeResult: success, version: HTTP/1.1, content: EmptyByteBufBE)
GET /session/5d0bce160694af1d3bb582cf7224ec5f/screenshot HTTP/1.1
User-Agent: selenium/4.1.2 (java windows)
Cache-Control: no-cache
Content-Type: application/json; charset=utf-8
host: localhost:54759
accept: */*

Response DefaultHttpResponse(decodeResult: success, version: HTTP/1.1)
HTTP/1.1 200 OK
Content-Type: application/json; charset=utf-8
cache-control: no-cache
content-length: 422824

22:12:30.807 [AsyncHttpClient-1-13] DEBUG org.asynchttpclient.netty.channel.ChannelManager - Adding key: http://localhost:54759 for channel [id: 0xb3f3b6de, L:/127.0.0.1:62320 - R:localhost/127.0.0.1:54759]
22:12:30.822 [main] DEBUG net.serenitybdd.core.photography.Darkroom - Send negative for processing for target\site\serenity\f1f45a3079652d2e3cea4cbdd193249eef02244b8ec25adf64379fab39158650.png
22:12:30.822 [Darkroom Processing Line] DEBUG net.serenitybdd.core.photography.DarkroomProcessingLine - Processing screenshot image in /var/screenshots/screenshot-6166025573785685793
22:12:30.822 [Darkroom Processing Line] DEBUG net.serenitybdd.core.photography.DarkroomProcessingLine - Saving screenshot to target\site\serenity\f1f45a3079652d2e3cea4cbdd193249eef02244b8ec25adf64379fab39158650.png
  &amp#27;[32mAnd &amp#27;[0m&amp#27;[32mI &amp#27;[0m&amp#27;[32m&amp#27;[1m"txtUT1"&amp#27;[0m&amp#27;[32m page&amp#27;[0m             &amp#27;[90m# starter.stepdefinitions.BabyStep.iPage(java.lang.String)&amp#27;[0m
22:12:30.839 [AsyncHttpClient-1-15] DEBUG org.asynchttpclient.netty.handler.WebSocketHandler - Channel Closed: [id: 0xb6774aa4, L:/127.0.0.1:62329 ! R:localhost/127.0.0.1:62322] with attribute NettyResponseFuture{currentRetry=5,
	isDone=1,
	isCancelled=0,
	asyncHandler=org.asynchttpclient.ws.WebSocketUpgradeHandler@128d6427,
	nettyRequest=org.asynchttpclient.netty.request.NettyRequest@ee48857,
	future=java.util.concurrent.CompletableFuture@6a92e3c4[Completed normally],
	uri=ws://localhost:62322/devtools/browser/f1fc8263-7933-4ce3-83f3-f127e02c4e32,
	keepAlive=true,
	redirectCount=0,
	timeoutsHolder=null,
	inAuth=0,
	touch=1680707541582}
22:12:30.839 [AsyncHttpClient-1-15] DEBUG org.asynchttpclient.netty.channel.ChannelManager - Closing Channel [id: 0xb6774aa4, L:/127.0.0.1:62329 ! R:localhost/127.0.0.1:62322] 
22:12:30.839 [Driver Command Executor] DEBUG org.asynchttpclient.netty.request.NettyRequestSender - Using pooled Channel '[id: 0xb3f3b6de, L:/127.0.0.1:62320 - R:localhost/127.0.0.1:54759]' for 'DELETE' to 'http://localhost:54759/session/5d0bce160694af1d3bb582cf7224ec5f'
22:12:30.839 [Driver Command Executor] DEBUG org.asynchttpclient.netty.request.NettyRequestSender - Using open Channel [id: 0xb3f3b6de, L:/127.0.0.1:62320 - R:localhost/127.0.0.1:54759] for DELETE '/session/5d0bce160694af1d3bb582cf7224ec5f'
22:12:30.888 [AsyncHttpClient-1-14] DEBUG org.asynchttpclient.netty.handler.HttpHandler - Unexpected I/O exception on channel [id: 0x033a0074, L:/127.0.0.1:62328 - R:localhost/127.0.0.1:62322]
java.net.SocketException: Connection reset
	at java.base/sun.nio.ch.SocketChannelImpl.throwConnectionReset(SocketChannelImpl.java:345)
	at java.base/sun.nio.ch.SocketChannelImpl.read(SocketChannelImpl.java:376)
	at io.netty.buffer.PooledByteBuf.setBytes(PooledByteBuf.java:258)
	at io.netty.buffer.AbstractByteBuf.writeBytes(AbstractByteBuf.java:1132)
	at io.netty.channel.socket.nio.NioSocketChannel.doReadBytes(NioSocketChannel.java:350)
	at io.netty.channel.nio.AbstractNioByteChannel$NioByteUnsafe.read(AbstractNioByteChannel.java:151)
	at io.netty.channel.nio.NioEventLoop.processSelectedKey(NioEventLoop.java:722)
	at io.netty.channel.nio.NioEventLoop.processSelectedKeysOptimized(NioEventLoop.java:658)
	at io.netty.channel.nio.NioEventLoop.processSelectedKeys(NioEventLoop.java:584)
	at io.netty.channel.nio.NioEventLoop.run(NioEventLoop.java:496)
	at io.netty.util.concurrent.SingleThreadEventExecutor$4.run(SingleThreadEventExecutor.java:986)
	at io.netty.util.internal.ThreadExecutorMap$2.run(ThreadExecutorMap.java:74)
	at io.netty.util.concurrent.FastThreadLocalRunnable.run(FastThreadLocalRunnable.java:30)
	at java.base/java.lang.Thread.run(Thread.java:830)
22:12:30.889 [AsyncHttpClient-1-14] DEBUG org.asynchttpclient.netty.channel.ChannelManager - Closing Channel [id: 0x033a0074, L:/127.0.0.1:62328 - R:localhost/127.0.0.1:62322] 
22:12:30.889 [AsyncHttpClient-1-14] DEBUG org.asynchttpclient.netty.handler.HttpHandler - Channel Closed: [id: 0x033a0074, L:/127.0.0.1:62328 ! R:localhost/127.0.0.1:62322] with attribute DISCARD
22:12:30.940 [AsyncHttpClient-1-13] DEBUG org.asynchttpclient.netty.handler.HttpHandler - 

Request DefaultFullHttpRequest(decodeResult: success, version: HTTP/1.1, content: EmptyByteBufBE)
DELETE /session/5d0bce160694af1d3bb582cf7224ec5f HTTP/1.1
User-Agent: selenium/4.1.2 (java windows)
Content-Type: application/json; charset=utf-8
host: localhost:54759
accept: */*

Response DefaultHttpResponse(decodeResult: success, version: HTTP/1.1)
HTTP/1.1 200 OK
Content-Type: application/json; charset=utf-8
cache-control: no-cache
content-length: 14

22:12:30.940 [AsyncHttpClient-1-13] DEBUG org.asynchttpclient.netty.channel.ChannelManager - Adding key: http://localhost:54759 for channel [id: 0xb3f3b6de, L:/127.0.0.1:62320 - R:localhost/127.0.0.1:54759]
22:12:31.055 [AsyncHttpClient-1-13] DEBUG org.asynchttpclient.netty.handler.HttpHandler - Channel Closed: [id: 0xb3f3b6de, L:/127.0.0.1:62320 ! R:localhost/127.0.0.1:54759] with attribute DISCARD
22:12:31.338 [AsyncHttpClient-1-1] DEBUG org.asynchttpclient.netty.channel.DefaultChannelPool - Entry count for : http://localhost:62322 : 1
22:12:31.338 [AsyncHttpClient-1-1] DEBUG org.asynchttpclient.netty.channel.DefaultChannelPool - Entry count for : http://localhost:54759 : 1
22:12:31.338 [AsyncHttpClient-1-1] DEBUG org.asynchttpclient.netty.channel.DefaultChannelPool - Adding Candidate expired Channel [id: 0x033a0074, L:/127.0.0.1:62328 ! R:localhost/127.0.0.1:62322] isIdleTimeoutExpired=false isRemotelyClosed=true isTtlExpired=false
22:12:31.338 [AsyncHttpClient-1-1] DEBUG org.asynchttpclient.netty.channel.DefaultChannelPool - Closing Idle Channel [id: 0x033a0074, L:/127.0.0.1:62328 ! R:localhost/127.0.0.1:62322]
22:12:31.338 [AsyncHttpClient-1-1] DEBUG org.asynchttpclient.netty.channel.DefaultChannelPool - Adding Candidate expired Channel [id: 0xb3f3b6de, L:/127.0.0.1:62320 ! R:localhost/127.0.0.1:54759] isIdleTimeoutExpired=false isRemotelyClosed=true isTtlExpired=false
22:12:31.338 [AsyncHttpClient-1-1] DEBUG org.asynchttpclient.netty.channel.DefaultChannelPool - Closing Idle Channel [id: 0xb3f3b6de, L:/127.0.0.1:62320 ! R:localhost/127.0.0.1:54759]
22:12:31.338 [AsyncHttpClient-1-1] DEBUG org.asynchttpclient.netty.channel.DefaultChannelPool - Closed 2 connections out of 2 in 0 ms
]]></system-out>
    <system-err><![CDATA[Starting Microsoft Edge WebDriver 111.0.1661.62 (0a8f453929e6410c973aa529a40485ce4e3e03db) on port 54759
To submit feedback, report a bug, or suggest new features, please visit https://github.com/MicrosoftEdge/EdgeWebDriver

Only local connections are allowed.
Please see https://aka.ms/WebDriverSecurity for suggestions on keeping Microsoft Edge WebDriver safe.

Microsoft Edge WebDriver was started successfully.
Apr 05, 2023 10:12:21 PM org.openqa.selenium.remote.ProtocolHandshake createSession
INFO: Detected dialect: W3C
Apr 05, 2023 10:12:21 PM org.openqa.selenium.devtools.CdpVersionFinder findNearestMatch
WARNING: Unable to find an exact match for CDP version 111, so returning the closest version found: a no-op implementation
Apr 05, 2023 10:12:21 PM org.openqa.selenium.devtools.CdpVersionFinder findNearestMatch
INFO: Unable to find CDP implementation matching 111.
Apr 05, 2023 10:12:21 PM org.openqa.selenium.chromium.ChromiumDriver lambda$new$3
WARNING: Unable to find version of CDP to use for . You may need to include a dependency on a specific version of the CDP using something similar to `org.seleniumhq.selenium:selenium-devtools-v86:4.1.2` where the version ("v86") matches the version of the chromium-based browser you're using and the version number of the artifact is the same as Selenium's.
]]></system-err>
  </testcase>
  <testcase name="Fitur Menu Baby #11" classname="Baby" time="13.081">
    <system-out><![CDATA[
Scenario Outline: Fitur Menu Baby &amp#27;[90m# src/test/resources/features/Baby.feature:103&amp#27;[0m
22:12:31.662 [main] INFO io.cucumber.core.plugin.SerenityReporter - Running feature from file:///C:/Users/alwi/IdeaProjects/uniqloweb/src/test/resources/features/Baby.feature
22:12:31.796 [main] DEBUG io.github.bonigarcia.wdm.cache.ResolutionCache - Resolution edge=111 in cache (valid until 23:09:49 05/04/2023 WIB)
22:12:31.801 [main] DEBUG io.github.bonigarcia.wdm.cache.ResolutionCache - Resolution edge111=111.0.1661.62 in cache (valid until 15:17:30 06/04/2023 WIB)
22:12:31.803 [main] INFO io.github.bonigarcia.wdm.WebDriverManager - Using msedgedriver 111.0.1661.62 (resolved driver for Edge 111)
22:12:31.816 [main] DEBUG io.github.bonigarcia.wdm.WebDriverManager - Driver msedgedriver 111.0.1661.62 found in cache
22:12:31.817 [main] INFO io.github.bonigarcia.wdm.WebDriverManager - Exporting webdriver.edge.driver as C:\Users\alwi\.cache\selenium\msedgedriver\win64\111.0.1661.62\msedgedriver.exe
22:12:31.819 [main] DEBUG net.serenitybdd.core.webdriver.driverproviders.ProvideNewDriver - Instantiating driver
22:12:31.819 [main] DEBUG net.serenitybdd.core.webdriver.driverproviders.ProvideNewDriver - Driver capabilities: Capabilities {base.url: https://www.uniqlo.com, chrome.driver: src/test/resources/webdrive..., driver: edge, ms:edgeChromium: true, ms:edgeOptions: {}, wait.for.timeout: 6000}
22:12:32.355 [AsyncHttpClient-1-16] DEBUG org.asynchttpclient.netty.channel.NettyConnectListener - Using new Channel '[id: 0x7d67a3db, L:/127.0.0.1:62454 - R:localhost/127.0.0.1:61130]' for 'POST' to '/session'
22:12:32.977 [AsyncHttpClient-1-16] DEBUG org.asynchttpclient.netty.handler.HttpHandler - 

Request DefaultHttpRequest(decodeResult: success, version: HTTP/1.1)
POST /session HTTP/1.1
User-Agent: selenium/4.1.2 (java windows)
Content-Length: 627
Content-Type: application/json; charset=utf-8
host: localhost:61130
accept: */*

Response DefaultHttpResponse(decodeResult: success, version: HTTP/1.1)
HTTP/1.1 200 OK
Content-Type: application/json; charset=utf-8
cache-control: no-cache
content-length: 823

22:12:32.977 [AsyncHttpClient-1-16] DEBUG org.asynchttpclient.netty.channel.ChannelManager - Adding key: http://localhost:61130 for channel [id: 0x7d67a3db, L:/127.0.0.1:62454 - R:localhost/127.0.0.1:61130]
22:12:32.984 [AsyncHttpClient-1-17] DEBUG org.asynchttpclient.netty.channel.NettyConnectListener - Using new Channel '[id: 0x4e65450c, L:/127.0.0.1:62463 - R:localhost/127.0.0.1:62455]' for 'GET' to '/json/version'
22:12:32.985 [AsyncHttpClient-1-17] DEBUG org.asynchttpclient.netty.handler.HttpHandler - 

Request DefaultFullHttpRequest(decodeResult: success, version: HTTP/1.1, content: EmptyByteBufBE)
GET /json/version HTTP/1.1
User-Agent: selenium/4.1.2 (java windows)
host: localhost:62455
accept: */*

Response DefaultHttpResponse(decodeResult: success, version: HTTP/1.1)
HTTP/1.1 200 OK
Content-Security-Policy: frame-ancestors 'none'
Content-Type: application/json; charset=UTF-8
content-length: 436

22:12:32.985 [AsyncHttpClient-1-17] DEBUG org.asynchttpclient.netty.channel.ChannelManager - Adding key: http://localhost:62455 for channel [id: 0x4e65450c, L:/127.0.0.1:62463 - R:localhost/127.0.0.1:62455]
22:12:32.987 [AsyncHttpClient-1-2] DEBUG org.asynchttpclient.netty.channel.NettyConnectListener - Using new Channel '[id: 0x60f2f727, L:/127.0.0.1:62464 - R:localhost/127.0.0.1:62455]' for 'GET' to '/devtools/browser/cc6dc174-5da7-4fb7-a208-3644a58c61ae'
22:12:32.987 [AsyncHttpClient-1-2] DEBUG org.asynchttpclient.netty.handler.WebSocketHandler - 

Request DefaultFullHttpRequest(decodeResult: success, version: HTTP/1.1, content: EmptyByteBufBE)
GET /devtools/browser/cc6dc174-5da7-4fb7-a208-3644a58c61ae HTTP/1.1
upgrade: websocket
connection: upgrade
sec-websocket-key: 48h5dTtIx29Y8SZex7HtTw==
sec-websocket-version: 13
origin: http://localhost:62455
host: localhost:62455
accept: */*
user-agent: AHC/2.1

Response DefaultHttpResponse(decodeResult: success, version: HTTP/1.1)
HTTP/1.1 101 WebSocket Protocol Handshake
Upgrade: WebSocket
Connection: Upgrade
Sec-WebSocket-Accept: W0oDVldAQRjUc/OlLylvbG8Thbg=

22:12:32.991 [Forwarding get on session 18ce889cd0d46924fd5e3704b24c55e6 to remote] DEBUG org.asynchttpclient.netty.request.NettyRequestSender - Using pooled Channel '[id: 0x7d67a3db, L:/127.0.0.1:62454 - R:localhost/127.0.0.1:61130]' for 'POST' to 'http://localhost:61130/session/18ce889cd0d46924fd5e3704b24c55e6/url'
22:12:32.991 [Forwarding get on session 18ce889cd0d46924fd5e3704b24c55e6 to remote] DEBUG org.asynchttpclient.netty.request.NettyRequestSender - Using open Channel [id: 0x7d67a3db, L:/127.0.0.1:62454 - R:localhost/127.0.0.1:61130] for POST '/session/18ce889cd0d46924fd5e3704b24c55e6/url'
22:12:33.553 [AsyncHttpClient-1-1] DEBUG org.asynchttpclient.netty.channel.DefaultChannelPool - Entry count for : http://localhost:62455 : 1
22:12:34.648 [AsyncHttpClient-1-1] DEBUG org.asynchttpclient.netty.channel.DefaultChannelPool - Entry count for : http://localhost:62455 : 1
22:12:35.739 [AsyncHttpClient-1-1] DEBUG org.asynchttpclient.netty.channel.DefaultChannelPool - Entry count for : http://localhost:62455 : 1
22:12:36.838 [AsyncHttpClient-1-1] DEBUG org.asynchttpclient.netty.channel.DefaultChannelPool - Entry count for : http://localhost:62455 : 1
22:12:37.942 [AsyncHttpClient-1-1] DEBUG org.asynchttpclient.netty.channel.DefaultChannelPool - Entry count for : http://localhost:62455 : 1
22:12:39.038 [AsyncHttpClient-1-1] DEBUG org.asynchttpclient.netty.channel.DefaultChannelPool - Entry count for : http://localhost:62455 : 1
22:12:40.143 [AsyncHttpClient-1-1] DEBUG org.asynchttpclient.netty.channel.DefaultChannelPool - Entry count for : http://localhost:62455 : 1
22:12:41.237 [AsyncHttpClient-1-1] DEBUG org.asynchttpclient.netty.channel.DefaultChannelPool - Entry count for : http://localhost:62455 : 1
22:12:42.006 [AsyncHttpClient-1-16] DEBUG org.asynchttpclient.netty.handler.HttpHandler - 

Request DefaultHttpRequest(decodeResult: success, version: HTTP/1.1)
POST /session/18ce889cd0d46924fd5e3704b24c55e6/url HTTP/1.1
User-Agent: selenium/4.1.2 (java windows)
Content-Length: 53
Content-Type: application/json; charset=utf-8
host: localhost:61130
accept: */*

Response DefaultHttpResponse(decodeResult: success, version: HTTP/1.1)
HTTP/1.1 200 OK
Content-Type: application/json; charset=utf-8
cache-control: no-cache
content-length: 14

22:12:42.006 [AsyncHttpClient-1-16] DEBUG org.asynchttpclient.netty.channel.ChannelManager - Adding key: http://localhost:61130 for channel [id: 0x7d67a3db, L:/127.0.0.1:62454 - R:localhost/127.0.0.1:61130]
22:12:42.008 [Forwarding setTimeout on session 18ce889cd0d46924fd5e3704b24c55e6 to remote] DEBUG org.asynchttpclient.netty.request.NettyRequestSender - Using pooled Channel '[id: 0x7d67a3db, L:/127.0.0.1:62454 - R:localhost/127.0.0.1:61130]' for 'POST' to 'http://localhost:61130/session/18ce889cd0d46924fd5e3704b24c55e6/timeouts'
22:12:42.008 [Forwarding setTimeout on session 18ce889cd0d46924fd5e3704b24c55e6 to remote] DEBUG org.asynchttpclient.netty.request.NettyRequestSender - Using open Channel [id: 0x7d67a3db, L:/127.0.0.1:62454 - R:localhost/127.0.0.1:61130] for POST '/session/18ce889cd0d46924fd5e3704b24c55e6/timeouts'
22:12:42.009 [AsyncHttpClient-1-16] DEBUG org.asynchttpclient.netty.handler.HttpHandler - 

Request DefaultHttpRequest(decodeResult: success, version: HTTP/1.1)
POST /session/18ce889cd0d46924fd5e3704b24c55e6/timeouts HTTP/1.1
User-Agent: selenium/4.1.2 (java windows)
Content-Length: 22
Content-Type: application/json; charset=utf-8
host: localhost:61130
accept: */*

Response DefaultHttpResponse(decodeResult: success, version: HTTP/1.1)
HTTP/1.1 200 OK
Content-Type: application/json; charset=utf-8
cache-control: no-cache
content-length: 14

22:12:42.009 [AsyncHttpClient-1-16] DEBUG org.asynchttpclient.netty.channel.ChannelManager - Adding key: http://localhost:61130 for channel [id: 0x7d67a3db, L:/127.0.0.1:62454 - R:localhost/127.0.0.1:61130]
22:12:42.011 [Forwarding getCurrentUrl on session 18ce889cd0d46924fd5e3704b24c55e6 to remote] DEBUG org.asynchttpclient.netty.request.NettyRequestSender - Using pooled Channel '[id: 0x7d67a3db, L:/127.0.0.1:62454 - R:localhost/127.0.0.1:61130]' for 'GET' to 'http://localhost:61130/session/18ce889cd0d46924fd5e3704b24c55e6/url'
22:12:42.011 [Forwarding getCurrentUrl on session 18ce889cd0d46924fd5e3704b24c55e6 to remote] DEBUG org.asynchttpclient.netty.request.NettyRequestSender - Using open Channel [id: 0x7d67a3db, L:/127.0.0.1:62454 - R:localhost/127.0.0.1:61130] for GET '/session/18ce889cd0d46924fd5e3704b24c55e6/url'
22:12:42.017 [AsyncHttpClient-1-16] DEBUG org.asynchttpclient.netty.handler.HttpHandler - 

Request DefaultFullHttpRequest(decodeResult: success, version: HTTP/1.1, content: EmptyByteBufBE)
GET /session/18ce889cd0d46924fd5e3704b24c55e6/url HTTP/1.1
User-Agent: selenium/4.1.2 (java windows)
Cache-Control: no-cache
Content-Type: application/json; charset=utf-8
host: localhost:61130
accept: */*

Response DefaultHttpResponse(decodeResult: success, version: HTTP/1.1)
HTTP/1.1 200 OK
Content-Type: application/json; charset=utf-8
cache-control: no-cache
content-length: 41

22:12:42.017 [AsyncHttpClient-1-16] DEBUG org.asynchttpclient.netty.channel.ChannelManager - Adding key: http://localhost:61130 for channel [id: 0x7d67a3db, L:/127.0.0.1:62454 - R:localhost/127.0.0.1:61130]
  &amp#27;[32mGiven &amp#27;[0m&amp#27;[32mI am on the home page&amp#27;[0m     &amp#27;[90m# starter.stepdefinitions.BabyStep.iAmOnTheHomePage()&amp#27;[0m
22:12:42.024 [Forwarding screenshot on session 18ce889cd0d46924fd5e3704b24c55e6 to remote] DEBUG org.asynchttpclient.netty.request.NettyRequestSender - Using pooled Channel '[id: 0x7d67a3db, L:/127.0.0.1:62454 - R:localhost/127.0.0.1:61130]' for 'GET' to 'http://localhost:61130/session/18ce889cd0d46924fd5e3704b24c55e6/screenshot'
22:12:42.024 [Forwarding screenshot on session 18ce889cd0d46924fd5e3704b24c55e6 to remote] DEBUG org.asynchttpclient.netty.request.NettyRequestSender - Using open Channel [id: 0x7d67a3db, L:/127.0.0.1:62454 - R:localhost/127.0.0.1:61130] for GET '/session/18ce889cd0d46924fd5e3704b24c55e6/screenshot'
22:12:42.343 [AsyncHttpClient-1-1] DEBUG org.asynchttpclient.netty.channel.DefaultChannelPool - Entry count for : http://localhost:62455 : 1
22:12:42.354 [AsyncHttpClient-1-16] DEBUG org.asynchttpclient.netty.handler.HttpHandler - 

Request DefaultFullHttpRequest(decodeResult: success, version: HTTP/1.1, content: EmptyByteBufBE)
GET /session/18ce889cd0d46924fd5e3704b24c55e6/screenshot HTTP/1.1
User-Agent: selenium/4.1.2 (java windows)
Cache-Control: no-cache
Content-Type: application/json; charset=utf-8
host: localhost:61130
accept: */*

Response DefaultHttpResponse(decodeResult: success, version: HTTP/1.1)
HTTP/1.1 200 OK
Content-Type: application/json; charset=utf-8
cache-control: no-cache
content-length: 1119968

22:12:42.356 [AsyncHttpClient-1-16] DEBUG org.asynchttpclient.netty.channel.ChannelManager - Adding key: http://localhost:61130 for channel [id: 0x7d67a3db, L:/127.0.0.1:62454 - R:localhost/127.0.0.1:61130]
22:12:42.389 [main] DEBUG net.serenitybdd.core.photography.Darkroom - Send negative for processing for target\site\serenity\3d1b19ad31921c0beae4332facd941fcc81467ad5802877977ec6c100df601ce.png
22:12:42.398 [Forwarding findElement on session 18ce889cd0d46924fd5e3704b24c55e6 to remote] DEBUG org.asynchttpclient.netty.request.NettyRequestSender - Using pooled Channel '[id: 0x7d67a3db, L:/127.0.0.1:62454 - R:localhost/127.0.0.1:61130]' for 'POST' to 'http://localhost:61130/session/18ce889cd0d46924fd5e3704b24c55e6/element'
22:12:42.398 [Forwarding findElement on session 18ce889cd0d46924fd5e3704b24c55e6 to remote] DEBUG org.asynchttpclient.netty.request.NettyRequestSender - Using open Channel [id: 0x7d67a3db, L:/127.0.0.1:62454 - R:localhost/127.0.0.1:61130] for POST '/session/18ce889cd0d46924fd5e3704b24c55e6/element'
22:12:42.412 [AsyncHttpClient-1-16] DEBUG org.asynchttpclient.netty.handler.HttpHandler - 

Request DefaultHttpRequest(decodeResult: success, version: HTTP/1.1)
POST /session/18ce889cd0d46924fd5e3704b24c55e6/element HTTP/1.1
User-Agent: selenium/4.1.2 (java windows)
Content-Length: 81
Content-Type: application/json; charset=utf-8
host: localhost:61130
accept: */*

Response DefaultHttpResponse(decodeResult: success, version: HTTP/1.1)
HTTP/1.1 200 OK
Content-Type: application/json; charset=utf-8
cache-control: no-cache
content-length: 88

22:12:42.412 [AsyncHttpClient-1-16] DEBUG org.asynchttpclient.netty.channel.ChannelManager - Adding key: http://localhost:61130 for channel [id: 0x7d67a3db, L:/127.0.0.1:62454 - R:localhost/127.0.0.1:61130]
22:12:42.414 [Forwarding getElementTagName on session 18ce889cd0d46924fd5e3704b24c55e6 to remote] DEBUG org.asynchttpclient.netty.request.NettyRequestSender - Using pooled Channel '[id: 0x7d67a3db, L:/127.0.0.1:62454 - R:localhost/127.0.0.1:61130]' for 'GET' to 'http://localhost:61130/session/18ce889cd0d46924fd5e3704b24c55e6/element/418e6d7b-f2fc-4bbe-8084-794fa5dedf3d/name'
22:12:42.414 [Forwarding getElementTagName on session 18ce889cd0d46924fd5e3704b24c55e6 to remote] DEBUG org.asynchttpclient.netty.request.NettyRequestSender - Using open Channel [id: 0x7d67a3db, L:/127.0.0.1:62454 - R:localhost/127.0.0.1:61130] for GET '/session/18ce889cd0d46924fd5e3704b24c55e6/element/418e6d7b-f2fc-4bbe-8084-794fa5dedf3d/name'
22:12:42.418 [AsyncHttpClient-1-16] DEBUG org.asynchttpclient.netty.handler.HttpHandler - 

Request DefaultFullHttpRequest(decodeResult: success, version: HTTP/1.1, content: EmptyByteBufBE)
GET /session/18ce889cd0d46924fd5e3704b24c55e6/element/418e6d7b-f2fc-4bbe-8084-794fa5dedf3d/name HTTP/1.1
User-Agent: selenium/4.1.2 (java windows)
Cache-Control: no-cache
Content-Type: application/json; charset=utf-8
host: localhost:61130
accept: */*

Response DefaultHttpResponse(decodeResult: success, version: HTTP/1.1)
HTTP/1.1 200 OK
Content-Type: application/json; charset=utf-8
cache-control: no-cache
content-length: 16

22:12:42.418 [AsyncHttpClient-1-16] DEBUG org.asynchttpclient.netty.channel.ChannelManager - Adding key: http://localhost:61130 for channel [id: 0x7d67a3db, L:/127.0.0.1:62454 - R:localhost/127.0.0.1:61130]
22:12:42.419 [Forwarding getElementTagName on session 18ce889cd0d46924fd5e3704b24c55e6 to remote] DEBUG org.asynchttpclient.netty.request.NettyRequestSender - Using pooled Channel '[id: 0x7d67a3db, L:/127.0.0.1:62454 - R:localhost/127.0.0.1:61130]' for 'GET' to 'http://localhost:61130/session/18ce889cd0d46924fd5e3704b24c55e6/element/418e6d7b-f2fc-4bbe-8084-794fa5dedf3d/name'
22:12:42.419 [Forwarding getElementTagName on session 18ce889cd0d46924fd5e3704b24c55e6 to remote] DEBUG org.asynchttpclient.netty.request.NettyRequestSender - Using open Channel [id: 0x7d67a3db, L:/127.0.0.1:62454 - R:localhost/127.0.0.1:61130] for GET '/session/18ce889cd0d46924fd5e3704b24c55e6/element/418e6d7b-f2fc-4bbe-8084-794fa5dedf3d/name'
22:12:42.422 [AsyncHttpClient-1-16] DEBUG org.asynchttpclient.netty.handler.HttpHandler - 

Request DefaultFullHttpRequest(decodeResult: success, version: HTTP/1.1, content: EmptyByteBufBE)
GET /session/18ce889cd0d46924fd5e3704b24c55e6/element/418e6d7b-f2fc-4bbe-8084-794fa5dedf3d/name HTTP/1.1
User-Agent: selenium/4.1.2 (java windows)
Cache-Control: no-cache
Content-Type: application/json; charset=utf-8
host: localhost:61130
accept: */*

Response DefaultHttpResponse(decodeResult: success, version: HTTP/1.1)
HTTP/1.1 200 OK
Content-Type: application/json; charset=utf-8
cache-control: no-cache
content-length: 16

22:12:42.423 [AsyncHttpClient-1-16] DEBUG org.asynchttpclient.netty.channel.ChannelManager - Adding key: http://localhost:61130 for channel [id: 0x7d67a3db, L:/127.0.0.1:62454 - R:localhost/127.0.0.1:61130]
22:12:42.425 [Forwarding findElement on session 18ce889cd0d46924fd5e3704b24c55e6 to remote] DEBUG org.asynchttpclient.netty.request.NettyRequestSender - Using pooled Channel '[id: 0x7d67a3db, L:/127.0.0.1:62454 - R:localhost/127.0.0.1:61130]' for 'POST' to 'http://localhost:61130/session/18ce889cd0d46924fd5e3704b24c55e6/element'
22:12:42.425 [Forwarding findElement on session 18ce889cd0d46924fd5e3704b24c55e6 to remote] DEBUG org.asynchttpclient.netty.request.NettyRequestSender - Using open Channel [id: 0x7d67a3db, L:/127.0.0.1:62454 - R:localhost/127.0.0.1:61130] for POST '/session/18ce889cd0d46924fd5e3704b24c55e6/element'
22:12:42.432 [AsyncHttpClient-1-16] DEBUG org.asynchttpclient.netty.handler.HttpHandler - 

Request DefaultHttpRequest(decodeResult: success, version: HTTP/1.1)
POST /session/18ce889cd0d46924fd5e3704b24c55e6/element HTTP/1.1
User-Agent: selenium/4.1.2 (java windows)
Content-Length: 81
Content-Type: application/json; charset=utf-8
host: localhost:61130
accept: */*

Response DefaultHttpResponse(decodeResult: success, version: HTTP/1.1)
HTTP/1.1 200 OK
Content-Type: application/json; charset=utf-8
cache-control: no-cache
content-length: 88

22:12:42.433 [AsyncHttpClient-1-16] DEBUG org.asynchttpclient.netty.channel.ChannelManager - Adding key: http://localhost:61130 for channel [id: 0x7d67a3db, L:/127.0.0.1:62454 - R:localhost/127.0.0.1:61130]
22:12:42.434 [Forwarding clickElement on session 18ce889cd0d46924fd5e3704b24c55e6 to remote] DEBUG org.asynchttpclient.netty.request.NettyRequestSender - Using pooled Channel '[id: 0x7d67a3db, L:/127.0.0.1:62454 - R:localhost/127.0.0.1:61130]' for 'POST' to 'http://localhost:61130/session/18ce889cd0d46924fd5e3704b24c55e6/element/418e6d7b-f2fc-4bbe-8084-794fa5dedf3d/click'
22:12:42.435 [Forwarding clickElement on session 18ce889cd0d46924fd5e3704b24c55e6 to remote] DEBUG org.asynchttpclient.netty.request.NettyRequestSender - Using open Channel [id: 0x7d67a3db, L:/127.0.0.1:62454 - R:localhost/127.0.0.1:61130] for POST '/session/18ce889cd0d46924fd5e3704b24c55e6/element/418e6d7b-f2fc-4bbe-8084-794fa5dedf3d/click'
22:12:42.879 [AsyncHttpClient-1-16] DEBUG org.asynchttpclient.netty.handler.HttpHandler - 

Request DefaultHttpRequest(decodeResult: success, version: HTTP/1.1)
POST /session/18ce889cd0d46924fd5e3704b24c55e6/element/418e6d7b-f2fc-4bbe-8084-794fa5dedf3d/click HTTP/1.1
User-Agent: selenium/4.1.2 (java windows)
Content-Length: 50
Content-Type: application/json; charset=utf-8
host: localhost:61130
accept: */*

Response DefaultHttpResponse(decodeResult: success, version: HTTP/1.1)
HTTP/1.1 200 OK
Content-Type: application/json; charset=utf-8
cache-control: no-cache
content-length: 14

22:12:42.879 [AsyncHttpClient-1-16] DEBUG org.asynchttpclient.netty.channel.ChannelManager - Adding key: http://localhost:61130 for channel [id: 0x7d67a3db, L:/127.0.0.1:62454 - R:localhost/127.0.0.1:61130]
  &amp#27;[32mThen &amp#27;[0m&amp#27;[32mI click baby on the header&amp#27;[0m &amp#27;[90m# starter.stepdefinitions.BabyStep.iClickBabyOnTheHeader()&amp#27;[0m
22:12:42.889 [Forwarding screenshot on session 18ce889cd0d46924fd5e3704b24c55e6 to remote] DEBUG org.asynchttpclient.netty.request.NettyRequestSender - Using pooled Channel '[id: 0x7d67a3db, L:/127.0.0.1:62454 - R:localhost/127.0.0.1:61130]' for 'GET' to 'http://localhost:61130/session/18ce889cd0d46924fd5e3704b24c55e6/screenshot'
22:12:42.889 [Forwarding screenshot on session 18ce889cd0d46924fd5e3704b24c55e6 to remote] DEBUG org.asynchttpclient.netty.request.NettyRequestSender - Using open Channel [id: 0x7d67a3db, L:/127.0.0.1:62454 - R:localhost/127.0.0.1:61130] for GET '/session/18ce889cd0d46924fd5e3704b24c55e6/screenshot'
22:12:43.359 [AsyncHttpClient-1-16] DEBUG org.asynchttpclient.netty.handler.HttpHandler - 

Request DefaultFullHttpRequest(decodeResult: success, version: HTTP/1.1, content: EmptyByteBufBE)
GET /session/18ce889cd0d46924fd5e3704b24c55e6/screenshot HTTP/1.1
User-Agent: selenium/4.1.2 (java windows)
Cache-Control: no-cache
Content-Type: application/json; charset=utf-8
host: localhost:61130
accept: */*

Response DefaultHttpResponse(decodeResult: success, version: HTTP/1.1)
HTTP/1.1 200 OK
Content-Type: application/json; charset=utf-8
cache-control: no-cache
content-length: 96532

22:12:43.359 [AsyncHttpClient-1-16] DEBUG org.asynchttpclient.netty.channel.ChannelManager - Adding key: http://localhost:61130 for channel [id: 0x7d67a3db, L:/127.0.0.1:62454 - R:localhost/127.0.0.1:61130]
22:12:43.363 [main] DEBUG net.serenitybdd.core.photography.Darkroom - Send negative for processing for target\site\serenity\95e73d61c5eefc23c93bf145d0c2203d1af66e2c3b42a8a5d72aa6a672b1d875.png
22:12:43.363 [Darkroom Processing Line] DEBUG net.serenitybdd.core.photography.DarkroomProcessingLine - Processing screenshot image in /var/screenshots/screenshot-2678731044872037200
22:12:43.363 [Darkroom Processing Line] DEBUG net.serenitybdd.core.photography.DarkroomProcessingLine - Saving screenshot to target\site\serenity\95e73d61c5eefc23c93bf145d0c2203d1af66e2c3b42a8a5d72aa6a672b1d875.png
22:12:43.371 [Forwarding findElement on session 18ce889cd0d46924fd5e3704b24c55e6 to remote] DEBUG org.asynchttpclient.netty.request.NettyRequestSender - Using pooled Channel '[id: 0x7d67a3db, L:/127.0.0.1:62454 - R:localhost/127.0.0.1:61130]' for 'POST' to 'http://localhost:61130/session/18ce889cd0d46924fd5e3704b24c55e6/element'
22:12:43.371 [Forwarding findElement on session 18ce889cd0d46924fd5e3704b24c55e6 to remote] DEBUG org.asynchttpclient.netty.request.NettyRequestSender - Using open Channel [id: 0x7d67a3db, L:/127.0.0.1:62454 - R:localhost/127.0.0.1:61130] for POST '/session/18ce889cd0d46924fd5e3704b24c55e6/element'
22:12:43.383 [AsyncHttpClient-1-16] DEBUG org.asynchttpclient.netty.handler.HttpHandler - 

Request DefaultHttpRequest(decodeResult: success, version: HTTP/1.1)
POST /session/18ce889cd0d46924fd5e3704b24c55e6/element HTTP/1.1
User-Agent: selenium/4.1.2 (java windows)
Content-Length: 102
Content-Type: application/json; charset=utf-8
host: localhost:61130
accept: */*

Response DefaultHttpResponse(decodeResult: success, version: HTTP/1.1)
HTTP/1.1 200 OK
Content-Type: application/json; charset=utf-8
cache-control: no-cache
content-length: 88

22:12:43.383 [AsyncHttpClient-1-16] DEBUG org.asynchttpclient.netty.channel.ChannelManager - Adding key: http://localhost:61130 for channel [id: 0x7d67a3db, L:/127.0.0.1:62454 - R:localhost/127.0.0.1:61130]
22:12:43.384 [Forwarding getElementTagName on session 18ce889cd0d46924fd5e3704b24c55e6 to remote] DEBUG org.asynchttpclient.netty.request.NettyRequestSender - Using pooled Channel '[id: 0x7d67a3db, L:/127.0.0.1:62454 - R:localhost/127.0.0.1:61130]' for 'GET' to 'http://localhost:61130/session/18ce889cd0d46924fd5e3704b24c55e6/element/36d5c291-c237-4cc5-9459-4fcf1c2666e7/name'
22:12:43.384 [Forwarding getElementTagName on session 18ce889cd0d46924fd5e3704b24c55e6 to remote] DEBUG org.asynchttpclient.netty.request.NettyRequestSender - Using open Channel [id: 0x7d67a3db, L:/127.0.0.1:62454 - R:localhost/127.0.0.1:61130] for GET '/session/18ce889cd0d46924fd5e3704b24c55e6/element/36d5c291-c237-4cc5-9459-4fcf1c2666e7/name'
22:12:43.388 [AsyncHttpClient-1-16] DEBUG org.asynchttpclient.netty.handler.HttpHandler - 

Request DefaultFullHttpRequest(decodeResult: success, version: HTTP/1.1, content: EmptyByteBufBE)
GET /session/18ce889cd0d46924fd5e3704b24c55e6/element/36d5c291-c237-4cc5-9459-4fcf1c2666e7/name HTTP/1.1
User-Agent: selenium/4.1.2 (java windows)
Cache-Control: no-cache
Content-Type: application/json; charset=utf-8
host: localhost:61130
accept: */*

Response DefaultHttpResponse(decodeResult: success, version: HTTP/1.1)
HTTP/1.1 200 OK
Content-Type: application/json; charset=utf-8
cache-control: no-cache
content-length: 16

22:12:43.388 [AsyncHttpClient-1-16] DEBUG org.asynchttpclient.netty.channel.ChannelManager - Adding key: http://localhost:61130 for channel [id: 0x7d67a3db, L:/127.0.0.1:62454 - R:localhost/127.0.0.1:61130]
22:12:43.390 [Forwarding getElementTagName on session 18ce889cd0d46924fd5e3704b24c55e6 to remote] DEBUG org.asynchttpclient.netty.request.NettyRequestSender - Using pooled Channel '[id: 0x7d67a3db, L:/127.0.0.1:62454 - R:localhost/127.0.0.1:61130]' for 'GET' to 'http://localhost:61130/session/18ce889cd0d46924fd5e3704b24c55e6/element/36d5c291-c237-4cc5-9459-4fcf1c2666e7/name'
22:12:43.390 [Forwarding getElementTagName on session 18ce889cd0d46924fd5e3704b24c55e6 to remote] DEBUG org.asynchttpclient.netty.request.NettyRequestSender - Using open Channel [id: 0x7d67a3db, L:/127.0.0.1:62454 - R:localhost/127.0.0.1:61130] for GET '/session/18ce889cd0d46924fd5e3704b24c55e6/element/36d5c291-c237-4cc5-9459-4fcf1c2666e7/name'
22:12:43.392 [AsyncHttpClient-1-16] DEBUG org.asynchttpclient.netty.handler.HttpHandler - 

Request DefaultFullHttpRequest(decodeResult: success, version: HTTP/1.1, content: EmptyByteBufBE)
GET /session/18ce889cd0d46924fd5e3704b24c55e6/element/36d5c291-c237-4cc5-9459-4fcf1c2666e7/name HTTP/1.1
User-Agent: selenium/4.1.2 (java windows)
Cache-Control: no-cache
Content-Type: application/json; charset=utf-8
host: localhost:61130
accept: */*

Response DefaultHttpResponse(decodeResult: success, version: HTTP/1.1)
HTTP/1.1 200 OK
Content-Type: application/json; charset=utf-8
cache-control: no-cache
content-length: 16

22:12:43.393 [AsyncHttpClient-1-16] DEBUG org.asynchttpclient.netty.channel.ChannelManager - Adding key: http://localhost:61130 for channel [id: 0x7d67a3db, L:/127.0.0.1:62454 - R:localhost/127.0.0.1:61130]
22:12:43.395 [Forwarding findElement on session 18ce889cd0d46924fd5e3704b24c55e6 to remote] DEBUG org.asynchttpclient.netty.request.NettyRequestSender - Using pooled Channel '[id: 0x7d67a3db, L:/127.0.0.1:62454 - R:localhost/127.0.0.1:61130]' for 'POST' to 'http://localhost:61130/session/18ce889cd0d46924fd5e3704b24c55e6/element'
22:12:43.395 [Forwarding findElement on session 18ce889cd0d46924fd5e3704b24c55e6 to remote] DEBUG org.asynchttpclient.netty.request.NettyRequestSender - Using open Channel [id: 0x7d67a3db, L:/127.0.0.1:62454 - R:localhost/127.0.0.1:61130] for POST '/session/18ce889cd0d46924fd5e3704b24c55e6/element'
22:12:43.403 [AsyncHttpClient-1-16] DEBUG org.asynchttpclient.netty.handler.HttpHandler - 

Request DefaultHttpRequest(decodeResult: success, version: HTTP/1.1)
POST /session/18ce889cd0d46924fd5e3704b24c55e6/element HTTP/1.1
User-Agent: selenium/4.1.2 (java windows)
Content-Length: 102
Content-Type: application/json; charset=utf-8
host: localhost:61130
accept: */*

Response DefaultHttpResponse(decodeResult: success, version: HTTP/1.1)
HTTP/1.1 200 OK
Content-Type: application/json; charset=utf-8
cache-control: no-cache
content-length: 88

22:12:43.403 [AsyncHttpClient-1-16] DEBUG org.asynchttpclient.netty.channel.ChannelManager - Adding key: http://localhost:61130 for channel [id: 0x7d67a3db, L:/127.0.0.1:62454 - R:localhost/127.0.0.1:61130]
22:12:43.405 [Forwarding clickElement on session 18ce889cd0d46924fd5e3704b24c55e6 to remote] DEBUG org.asynchttpclient.netty.request.NettyRequestSender - Using pooled Channel '[id: 0x7d67a3db, L:/127.0.0.1:62454 - R:localhost/127.0.0.1:61130]' for 'POST' to 'http://localhost:61130/session/18ce889cd0d46924fd5e3704b24c55e6/element/36d5c291-c237-4cc5-9459-4fcf1c2666e7/click'
22:12:43.405 [Forwarding clickElement on session 18ce889cd0d46924fd5e3704b24c55e6 to remote] DEBUG org.asynchttpclient.netty.request.NettyRequestSender - Using open Channel [id: 0x7d67a3db, L:/127.0.0.1:62454 - R:localhost/127.0.0.1:61130] for POST '/session/18ce889cd0d46924fd5e3704b24c55e6/element/36d5c291-c237-4cc5-9459-4fcf1c2666e7/click'
22:12:43.438 [AsyncHttpClient-1-1] DEBUG org.asynchttpclient.netty.channel.DefaultChannelPool - Entry count for : http://localhost:62455 : 1
22:12:43.584 [AsyncHttpClient-1-16] DEBUG org.asynchttpclient.netty.handler.HttpHandler - 

Request DefaultHttpRequest(decodeResult: success, version: HTTP/1.1)
POST /session/18ce889cd0d46924fd5e3704b24c55e6/element/36d5c291-c237-4cc5-9459-4fcf1c2666e7/click HTTP/1.1
User-Agent: selenium/4.1.2 (java windows)
Content-Length: 50
Content-Type: application/json; charset=utf-8
host: localhost:61130
accept: */*

Response DefaultHttpResponse(decodeResult: success, version: HTTP/1.1)
HTTP/1.1 200 OK
Content-Type: application/json; charset=utf-8
cache-control: no-cache
content-length: 14

22:12:43.585 [AsyncHttpClient-1-16] DEBUG org.asynchttpclient.netty.channel.ChannelManager - Adding key: http://localhost:61130 for channel [id: 0x7d67a3db, L:/127.0.0.1:62454 - R:localhost/127.0.0.1:61130]
  &amp#27;[32mWhen &amp#27;[0m&amp#27;[32mI will go to &amp#27;[0m&amp#27;[32m&amp#27;[1m"gaun1"&amp#27;[0m       &amp#27;[90m# starter.stepdefinitions.BabyStep.iWillGoTo(java.lang.String)&amp#27;[0m
22:12:43.594 [Forwarding screenshot on session 18ce889cd0d46924fd5e3704b24c55e6 to remote] DEBUG org.asynchttpclient.netty.request.NettyRequestSender - Using pooled Channel '[id: 0x7d67a3db, L:/127.0.0.1:62454 - R:localhost/127.0.0.1:61130]' for 'GET' to 'http://localhost:61130/session/18ce889cd0d46924fd5e3704b24c55e6/screenshot'
22:12:43.594 [Forwarding screenshot on session 18ce889cd0d46924fd5e3704b24c55e6 to remote] DEBUG org.asynchttpclient.netty.request.NettyRequestSender - Using open Channel [id: 0x7d67a3db, L:/127.0.0.1:62454 - R:localhost/127.0.0.1:61130] for GET '/session/18ce889cd0d46924fd5e3704b24c55e6/screenshot'
22:12:43.908 [AsyncHttpClient-1-16] DEBUG org.asynchttpclient.netty.handler.HttpHandler - 

Request DefaultFullHttpRequest(decodeResult: success, version: HTTP/1.1, content: EmptyByteBufBE)
GET /session/18ce889cd0d46924fd5e3704b24c55e6/screenshot HTTP/1.1
User-Agent: selenium/4.1.2 (java windows)
Cache-Control: no-cache
Content-Type: application/json; charset=utf-8
host: localhost:61130
accept: */*

Response DefaultHttpResponse(decodeResult: success, version: HTTP/1.1)
HTTP/1.1 200 OK
Content-Type: application/json; charset=utf-8
cache-control: no-cache
content-length: 81816

22:12:43.909 [AsyncHttpClient-1-16] DEBUG org.asynchttpclient.netty.channel.ChannelManager - Adding key: http://localhost:61130 for channel [id: 0x7d67a3db, L:/127.0.0.1:62454 - R:localhost/127.0.0.1:61130]
22:12:43.912 [main] DEBUG net.serenitybdd.core.photography.Darkroom - Send negative for processing for target\site\serenity\08dd93c8d04cfbb14af9b89aace9ee54757a75afb0c816a905fcd7acab9b0954.png
22:12:43.912 [Darkroom Processing Line] DEBUG net.serenitybdd.core.photography.DarkroomProcessingLine - Processing screenshot image in /var/screenshots/screenshot-17699511415252381852
22:12:43.912 [Darkroom Processing Line] DEBUG net.serenitybdd.core.photography.DarkroomProcessingLine - Saving screenshot to target\site\serenity\08dd93c8d04cfbb14af9b89aace9ee54757a75afb0c816a905fcd7acab9b0954.png
  &amp#27;[32mAnd &amp#27;[0m&amp#27;[32mI &amp#27;[0m&amp#27;[32m&amp#27;[1m"txtGaun1"&amp#27;[0m&amp#27;[32m page&amp#27;[0m           &amp#27;[90m# starter.stepdefinitions.BabyStep.iPage(java.lang.String)&amp#27;[0m
22:12:43.928 [AsyncHttpClient-1-2] DEBUG org.asynchttpclient.netty.handler.WebSocketHandler - Channel Closed: [id: 0x60f2f727, L:/127.0.0.1:62464 ! R:localhost/127.0.0.1:62455] with attribute NettyResponseFuture{currentRetry=5,
	isDone=1,
	isCancelled=0,
	asyncHandler=org.asynchttpclient.ws.WebSocketUpgradeHandler@4638c567,
	nettyRequest=org.asynchttpclient.netty.request.NettyRequest@36e917e4,
	future=java.util.concurrent.CompletableFuture@4bfdaf0a[Completed normally],
	uri=ws://localhost:62455/devtools/browser/cc6dc174-5da7-4fb7-a208-3644a58c61ae,
	keepAlive=true,
	redirectCount=0,
	timeoutsHolder=null,
	inAuth=0,
	touch=1680707552988}
22:12:43.928 [AsyncHttpClient-1-2] DEBUG org.asynchttpclient.netty.channel.ChannelManager - Closing Channel [id: 0x60f2f727, L:/127.0.0.1:62464 ! R:localhost/127.0.0.1:62455] 
22:12:43.928 [Driver Command Executor] DEBUG org.asynchttpclient.netty.request.NettyRequestSender - Using pooled Channel '[id: 0x7d67a3db, L:/127.0.0.1:62454 - R:localhost/127.0.0.1:61130]' for 'DELETE' to 'http://localhost:61130/session/18ce889cd0d46924fd5e3704b24c55e6'
22:12:43.928 [Driver Command Executor] DEBUG org.asynchttpclient.netty.request.NettyRequestSender - Using open Channel [id: 0x7d67a3db, L:/127.0.0.1:62454 - R:localhost/127.0.0.1:61130] for DELETE '/session/18ce889cd0d46924fd5e3704b24c55e6'
22:12:43.950 [AsyncHttpClient-1-17] DEBUG org.asynchttpclient.netty.handler.HttpHandler - Unexpected I/O exception on channel [id: 0x4e65450c, L:/127.0.0.1:62463 - R:localhost/127.0.0.1:62455]
java.net.SocketException: Connection reset
	at java.base/sun.nio.ch.SocketChannelImpl.throwConnectionReset(SocketChannelImpl.java:345)
	at java.base/sun.nio.ch.SocketChannelImpl.read(SocketChannelImpl.java:376)
	at io.netty.buffer.PooledByteBuf.setBytes(PooledByteBuf.java:258)
	at io.netty.buffer.AbstractByteBuf.writeBytes(AbstractByteBuf.java:1132)
	at io.netty.channel.socket.nio.NioSocketChannel.doReadBytes(NioSocketChannel.java:350)
	at io.netty.channel.nio.AbstractNioByteChannel$NioByteUnsafe.read(AbstractNioByteChannel.java:151)
	at io.netty.channel.nio.NioEventLoop.processSelectedKey(NioEventLoop.java:722)
	at io.netty.channel.nio.NioEventLoop.processSelectedKeysOptimized(NioEventLoop.java:658)
	at io.netty.channel.nio.NioEventLoop.processSelectedKeys(NioEventLoop.java:584)
	at io.netty.channel.nio.NioEventLoop.run(NioEventLoop.java:496)
	at io.netty.util.concurrent.SingleThreadEventExecutor$4.run(SingleThreadEventExecutor.java:986)
	at io.netty.util.internal.ThreadExecutorMap$2.run(ThreadExecutorMap.java:74)
	at io.netty.util.concurrent.FastThreadLocalRunnable.run(FastThreadLocalRunnable.java:30)
	at java.base/java.lang.Thread.run(Thread.java:830)
22:12:43.950 [AsyncHttpClient-1-17] DEBUG org.asynchttpclient.netty.channel.ChannelManager - Closing Channel [id: 0x4e65450c, L:/127.0.0.1:62463 - R:localhost/127.0.0.1:62455] 
22:12:43.951 [AsyncHttpClient-1-17] DEBUG org.asynchttpclient.netty.handler.HttpHandler - Channel Closed: [id: 0x4e65450c, L:/127.0.0.1:62463 ! R:localhost/127.0.0.1:62455] with attribute DISCARD
22:12:43.982 [AsyncHttpClient-1-16] DEBUG org.asynchttpclient.netty.handler.HttpHandler - 

Request DefaultFullHttpRequest(decodeResult: success, version: HTTP/1.1, content: EmptyByteBufBE)
DELETE /session/18ce889cd0d46924fd5e3704b24c55e6 HTTP/1.1
User-Agent: selenium/4.1.2 (java windows)
Content-Type: application/json; charset=utf-8
host: localhost:61130
accept: */*

Response DefaultHttpResponse(decodeResult: success, version: HTTP/1.1)
HTTP/1.1 200 OK
Content-Type: application/json; charset=utf-8
cache-control: no-cache
content-length: 14

22:12:43.982 [AsyncHttpClient-1-16] DEBUG org.asynchttpclient.netty.channel.ChannelManager - Adding key: http://localhost:61130 for channel [id: 0x7d67a3db, L:/127.0.0.1:62454 - R:localhost/127.0.0.1:61130]
22:12:44.131 [AsyncHttpClient-1-16] DEBUG org.asynchttpclient.netty.handler.HttpHandler - Channel Closed: [id: 0x7d67a3db, L:/127.0.0.1:62454 ! R:localhost/127.0.0.1:61130] with attribute DISCARD
22:12:44.538 [AsyncHttpClient-1-1] DEBUG org.asynchttpclient.netty.channel.DefaultChannelPool - Entry count for : http://localhost:62455 : 1
22:12:44.538 [AsyncHttpClient-1-1] DEBUG org.asynchttpclient.netty.channel.DefaultChannelPool - Entry count for : http://localhost:61130 : 1
22:12:44.538 [AsyncHttpClient-1-1] DEBUG org.asynchttpclient.netty.channel.DefaultChannelPool - Adding Candidate expired Channel [id: 0x4e65450c, L:/127.0.0.1:62463 ! R:localhost/127.0.0.1:62455] isIdleTimeoutExpired=false isRemotelyClosed=true isTtlExpired=false
22:12:44.538 [AsyncHttpClient-1-1] DEBUG org.asynchttpclient.netty.channel.DefaultChannelPool - Closing Idle Channel [id: 0x4e65450c, L:/127.0.0.1:62463 ! R:localhost/127.0.0.1:62455]
22:12:44.538 [AsyncHttpClient-1-1] DEBUG org.asynchttpclient.netty.channel.DefaultChannelPool - Adding Candidate expired Channel [id: 0x7d67a3db, L:/127.0.0.1:62454 ! R:localhost/127.0.0.1:61130] isIdleTimeoutExpired=false isRemotelyClosed=true isTtlExpired=false
22:12:44.538 [AsyncHttpClient-1-1] DEBUG org.asynchttpclient.netty.channel.DefaultChannelPool - Closing Idle Channel [id: 0x7d67a3db, L:/127.0.0.1:62454 ! R:localhost/127.0.0.1:61130]
22:12:44.538 [AsyncHttpClient-1-1] DEBUG org.asynchttpclient.netty.channel.DefaultChannelPool - Closed 2 connections out of 2 in 0 ms
]]></system-out>
    <system-err><![CDATA[Starting Microsoft Edge WebDriver 111.0.1661.62 (0a8f453929e6410c973aa529a40485ce4e3e03db) on port 61130
To submit feedback, report a bug, or suggest new features, please visit https://github.com/MicrosoftEdge/EdgeWebDriver

Only local connections are allowed.
Please see https://aka.ms/WebDriverSecurity for suggestions on keeping Microsoft Edge WebDriver safe.

Microsoft Edge WebDriver was started successfully.
Apr 05, 2023 10:12:32 PM org.openqa.selenium.remote.ProtocolHandshake createSession
INFO: Detected dialect: W3C
Apr 05, 2023 10:12:32 PM org.openqa.selenium.devtools.CdpVersionFinder findNearestMatch
WARNING: Unable to find an exact match for CDP version 111, so returning the closest version found: a no-op implementation
Apr 05, 2023 10:12:32 PM org.openqa.selenium.devtools.CdpVersionFinder findNearestMatch
INFO: Unable to find CDP implementation matching 111.
Apr 05, 2023 10:12:32 PM org.openqa.selenium.chromium.ChromiumDriver lambda$new$3
WARNING: Unable to find version of CDP to use for . You may need to include a dependency on a specific version of the CDP using something similar to `org.seleniumhq.selenium:selenium-devtools-v86:4.1.2` where the version ("v86") matches the version of the chromium-based browser you're using and the version number of the artifact is the same as Selenium's.
]]></system-err>
  </testcase>
  <testcase name="Fitur Menu Baby #12" classname="Baby" time="12.688">
    <system-out><![CDATA[
Scenario Outline: Fitur Menu Baby &amp#27;[90m# src/test/resources/features/Baby.feature:104&amp#27;[0m
22:12:44.743 [main] INFO io.cucumber.core.plugin.SerenityReporter - Running feature from file:///C:/Users/alwi/IdeaProjects/uniqloweb/src/test/resources/features/Baby.feature
22:12:44.859 [main] DEBUG io.github.bonigarcia.wdm.cache.ResolutionCache - Resolution edge=111 in cache (valid until 23:09:49 05/04/2023 WIB)
22:12:44.862 [main] DEBUG io.github.bonigarcia.wdm.cache.ResolutionCache - Resolution edge111=111.0.1661.62 in cache (valid until 15:17:30 06/04/2023 WIB)
22:12:44.864 [main] INFO io.github.bonigarcia.wdm.WebDriverManager - Using msedgedriver 111.0.1661.62 (resolved driver for Edge 111)
22:12:44.875 [main] DEBUG io.github.bonigarcia.wdm.WebDriverManager - Driver msedgedriver 111.0.1661.62 found in cache
22:12:44.875 [main] INFO io.github.bonigarcia.wdm.WebDriverManager - Exporting webdriver.edge.driver as C:\Users\alwi\.cache\selenium\msedgedriver\win64\111.0.1661.62\msedgedriver.exe
22:12:44.877 [main] DEBUG net.serenitybdd.core.webdriver.driverproviders.ProvideNewDriver - Instantiating driver
22:12:44.877 [main] DEBUG net.serenitybdd.core.webdriver.driverproviders.ProvideNewDriver - Driver capabilities: Capabilities {base.url: https://www.uniqlo.com, chrome.driver: src/test/resources/webdrive..., driver: edge, ms:edgeChromium: true, ms:edgeOptions: {}, wait.for.timeout: 6000}
22:12:45.423 [AsyncHttpClient-1-3] DEBUG org.asynchttpclient.netty.channel.NettyConnectListener - Using new Channel '[id: 0x73dbd076, L:/127.0.0.1:62592 - R:localhost/127.0.0.1:53867]' for 'POST' to '/session'
22:12:46.058 [AsyncHttpClient-1-3] DEBUG org.asynchttpclient.netty.handler.HttpHandler - 

Request DefaultHttpRequest(decodeResult: success, version: HTTP/1.1)
POST /session HTTP/1.1
User-Agent: selenium/4.1.2 (java windows)
Content-Length: 627
Content-Type: application/json; charset=utf-8
host: localhost:53867
accept: */*

Response DefaultHttpResponse(decodeResult: success, version: HTTP/1.1)
HTTP/1.1 200 OK
Content-Type: application/json; charset=utf-8
cache-control: no-cache
content-length: 823

22:12:46.059 [AsyncHttpClient-1-3] DEBUG org.asynchttpclient.netty.channel.ChannelManager - Adding key: http://localhost:53867 for channel [id: 0x73dbd076, L:/127.0.0.1:62592 - R:localhost/127.0.0.1:53867]
22:12:46.064 [AsyncHttpClient-1-4] DEBUG org.asynchttpclient.netty.channel.NettyConnectListener - Using new Channel '[id: 0xda893073, L:/127.0.0.1:62601 - R:localhost/127.0.0.1:62593]' for 'GET' to '/json/version'
22:12:46.065 [AsyncHttpClient-1-4] DEBUG org.asynchttpclient.netty.handler.HttpHandler - 

Request DefaultFullHttpRequest(decodeResult: success, version: HTTP/1.1, content: EmptyByteBufBE)
GET /json/version HTTP/1.1
User-Agent: selenium/4.1.2 (java windows)
host: localhost:62593
accept: */*

Response DefaultHttpResponse(decodeResult: success, version: HTTP/1.1)
HTTP/1.1 200 OK
Content-Security-Policy: frame-ancestors 'none'
Content-Type: application/json; charset=UTF-8
content-length: 436

22:12:46.065 [AsyncHttpClient-1-4] DEBUG org.asynchttpclient.netty.channel.ChannelManager - Adding key: http://localhost:62593 for channel [id: 0xda893073, L:/127.0.0.1:62601 - R:localhost/127.0.0.1:62593]
22:12:46.067 [AsyncHttpClient-1-5] DEBUG org.asynchttpclient.netty.channel.NettyConnectListener - Using new Channel '[id: 0x56168965, L:/127.0.0.1:62602 - R:localhost/127.0.0.1:62593]' for 'GET' to '/devtools/browser/759cd553-a13a-497c-9962-8d95d7c732cf'
22:12:46.068 [AsyncHttpClient-1-5] DEBUG org.asynchttpclient.netty.handler.WebSocketHandler - 

Request DefaultFullHttpRequest(decodeResult: success, version: HTTP/1.1, content: EmptyByteBufBE)
GET /devtools/browser/759cd553-a13a-497c-9962-8d95d7c732cf HTTP/1.1
upgrade: websocket
connection: upgrade
sec-websocket-key: WTf4GtpQHNcSuKHT13rYdA==
sec-websocket-version: 13
origin: http://localhost:62593
host: localhost:62593
accept: */*
user-agent: AHC/2.1

Response DefaultHttpResponse(decodeResult: success, version: HTTP/1.1)
HTTP/1.1 101 WebSocket Protocol Handshake
Upgrade: WebSocket
Connection: Upgrade
Sec-WebSocket-Accept: u/7DEWlnBKsuba3518Zc1J0D1i4=

22:12:46.073 [Forwarding get on session ae2c1e1d67e2e841cf18b5b66c983eb7 to remote] DEBUG org.asynchttpclient.netty.request.NettyRequestSender - Using pooled Channel '[id: 0x73dbd076, L:/127.0.0.1:62592 - R:localhost/127.0.0.1:53867]' for 'POST' to 'http://localhost:53867/session/ae2c1e1d67e2e841cf18b5b66c983eb7/url'
22:12:46.073 [Forwarding get on session ae2c1e1d67e2e841cf18b5b66c983eb7 to remote] DEBUG org.asynchttpclient.netty.request.NettyRequestSender - Using open Channel [id: 0x73dbd076, L:/127.0.0.1:62592 - R:localhost/127.0.0.1:53867] for POST '/session/ae2c1e1d67e2e841cf18b5b66c983eb7/url'
22:12:46.738 [AsyncHttpClient-1-1] DEBUG org.asynchttpclient.netty.channel.DefaultChannelPool - Entry count for : http://localhost:62593 : 1
22:12:47.838 [AsyncHttpClient-1-1] DEBUG org.asynchttpclient.netty.channel.DefaultChannelPool - Entry count for : http://localhost:62593 : 1
22:12:48.938 [AsyncHttpClient-1-1] DEBUG org.asynchttpclient.netty.channel.DefaultChannelPool - Entry count for : http://localhost:62593 : 1
22:12:50.044 [AsyncHttpClient-1-1] DEBUG org.asynchttpclient.netty.channel.DefaultChannelPool - Entry count for : http://localhost:62593 : 1
22:12:51.146 [AsyncHttpClient-1-1] DEBUG org.asynchttpclient.netty.channel.DefaultChannelPool - Entry count for : http://localhost:62593 : 1
22:12:52.239 [AsyncHttpClient-1-1] DEBUG org.asynchttpclient.netty.channel.DefaultChannelPool - Entry count for : http://localhost:62593 : 1
22:12:53.344 [AsyncHttpClient-1-1] DEBUG org.asynchttpclient.netty.channel.DefaultChannelPool - Entry count for : http://localhost:62593 : 1
22:12:54.231 [AsyncHttpClient-1-3] DEBUG org.asynchttpclient.netty.handler.HttpHandler - 

Request DefaultHttpRequest(decodeResult: success, version: HTTP/1.1)
POST /session/ae2c1e1d67e2e841cf18b5b66c983eb7/url HTTP/1.1
User-Agent: selenium/4.1.2 (java windows)
Content-Length: 53
Content-Type: application/json; charset=utf-8
host: localhost:53867
accept: */*

Response DefaultHttpResponse(decodeResult: success, version: HTTP/1.1)
HTTP/1.1 200 OK
Content-Type: application/json; charset=utf-8
cache-control: no-cache
content-length: 14

22:12:54.231 [AsyncHttpClient-1-3] DEBUG org.asynchttpclient.netty.channel.ChannelManager - Adding key: http://localhost:53867 for channel [id: 0x73dbd076, L:/127.0.0.1:62592 - R:localhost/127.0.0.1:53867]
22:12:54.233 [Forwarding setTimeout on session ae2c1e1d67e2e841cf18b5b66c983eb7 to remote] DEBUG org.asynchttpclient.netty.request.NettyRequestSender - Using pooled Channel '[id: 0x73dbd076, L:/127.0.0.1:62592 - R:localhost/127.0.0.1:53867]' for 'POST' to 'http://localhost:53867/session/ae2c1e1d67e2e841cf18b5b66c983eb7/timeouts'
22:12:54.233 [Forwarding setTimeout on session ae2c1e1d67e2e841cf18b5b66c983eb7 to remote] DEBUG org.asynchttpclient.netty.request.NettyRequestSender - Using open Channel [id: 0x73dbd076, L:/127.0.0.1:62592 - R:localhost/127.0.0.1:53867] for POST '/session/ae2c1e1d67e2e841cf18b5b66c983eb7/timeouts'
22:12:54.234 [AsyncHttpClient-1-3] DEBUG org.asynchttpclient.netty.handler.HttpHandler - 

Request DefaultHttpRequest(decodeResult: success, version: HTTP/1.1)
POST /session/ae2c1e1d67e2e841cf18b5b66c983eb7/timeouts HTTP/1.1
User-Agent: selenium/4.1.2 (java windows)
Content-Length: 22
Content-Type: application/json; charset=utf-8
host: localhost:53867
accept: */*

Response DefaultHttpResponse(decodeResult: success, version: HTTP/1.1)
HTTP/1.1 200 OK
Content-Type: application/json; charset=utf-8
cache-control: no-cache
content-length: 14

22:12:54.234 [AsyncHttpClient-1-3] DEBUG org.asynchttpclient.netty.channel.ChannelManager - Adding key: http://localhost:53867 for channel [id: 0x73dbd076, L:/127.0.0.1:62592 - R:localhost/127.0.0.1:53867]
22:12:54.237 [Forwarding getCurrentUrl on session ae2c1e1d67e2e841cf18b5b66c983eb7 to remote] DEBUG org.asynchttpclient.netty.request.NettyRequestSender - Using pooled Channel '[id: 0x73dbd076, L:/127.0.0.1:62592 - R:localhost/127.0.0.1:53867]' for 'GET' to 'http://localhost:53867/session/ae2c1e1d67e2e841cf18b5b66c983eb7/url'
22:12:54.237 [Forwarding getCurrentUrl on session ae2c1e1d67e2e841cf18b5b66c983eb7 to remote] DEBUG org.asynchttpclient.netty.request.NettyRequestSender - Using open Channel [id: 0x73dbd076, L:/127.0.0.1:62592 - R:localhost/127.0.0.1:53867] for GET '/session/ae2c1e1d67e2e841cf18b5b66c983eb7/url'
22:12:54.243 [AsyncHttpClient-1-3] DEBUG org.asynchttpclient.netty.handler.HttpHandler - 

Request DefaultFullHttpRequest(decodeResult: success, version: HTTP/1.1, content: EmptyByteBufBE)
GET /session/ae2c1e1d67e2e841cf18b5b66c983eb7/url HTTP/1.1
User-Agent: selenium/4.1.2 (java windows)
Cache-Control: no-cache
Content-Type: application/json; charset=utf-8
host: localhost:53867
accept: */*

Response DefaultHttpResponse(decodeResult: success, version: HTTP/1.1)
HTTP/1.1 200 OK
Content-Type: application/json; charset=utf-8
cache-control: no-cache
content-length: 41

22:12:54.243 [AsyncHttpClient-1-3] DEBUG org.asynchttpclient.netty.channel.ChannelManager - Adding key: http://localhost:53867 for channel [id: 0x73dbd076, L:/127.0.0.1:62592 - R:localhost/127.0.0.1:53867]
  &amp#27;[32mGiven &amp#27;[0m&amp#27;[32mI am on the home page&amp#27;[0m     &amp#27;[90m# starter.stepdefinitions.BabyStep.iAmOnTheHomePage()&amp#27;[0m
22:12:54.249 [Forwarding screenshot on session ae2c1e1d67e2e841cf18b5b66c983eb7 to remote] DEBUG org.asynchttpclient.netty.request.NettyRequestSender - Using pooled Channel '[id: 0x73dbd076, L:/127.0.0.1:62592 - R:localhost/127.0.0.1:53867]' for 'GET' to 'http://localhost:53867/session/ae2c1e1d67e2e841cf18b5b66c983eb7/screenshot'
22:12:54.249 [Forwarding screenshot on session ae2c1e1d67e2e841cf18b5b66c983eb7 to remote] DEBUG org.asynchttpclient.netty.request.NettyRequestSender - Using open Channel [id: 0x73dbd076, L:/127.0.0.1:62592 - R:localhost/127.0.0.1:53867] for GET '/session/ae2c1e1d67e2e841cf18b5b66c983eb7/screenshot'
22:12:54.439 [AsyncHttpClient-1-1] DEBUG org.asynchttpclient.netty.channel.DefaultChannelPool - Entry count for : http://localhost:62593 : 1
22:12:54.580 [AsyncHttpClient-1-3] DEBUG org.asynchttpclient.netty.handler.HttpHandler - 

Request DefaultFullHttpRequest(decodeResult: success, version: HTTP/1.1, content: EmptyByteBufBE)
GET /session/ae2c1e1d67e2e841cf18b5b66c983eb7/screenshot HTTP/1.1
User-Agent: selenium/4.1.2 (java windows)
Cache-Control: no-cache
Content-Type: application/json; charset=utf-8
host: localhost:53867
accept: */*

Response DefaultHttpResponse(decodeResult: success, version: HTTP/1.1)
HTTP/1.1 200 OK
Content-Type: application/json; charset=utf-8
cache-control: no-cache
content-length: 1119968

22:12:54.582 [AsyncHttpClient-1-3] DEBUG org.asynchttpclient.netty.channel.ChannelManager - Adding key: http://localhost:53867 for channel [id: 0x73dbd076, L:/127.0.0.1:62592 - R:localhost/127.0.0.1:53867]
22:12:54.619 [main] DEBUG net.serenitybdd.core.photography.Darkroom - Send negative for processing for target\site\serenity\3d1b19ad31921c0beae4332facd941fcc81467ad5802877977ec6c100df601ce.png
22:12:54.634 [Forwarding findElement on session ae2c1e1d67e2e841cf18b5b66c983eb7 to remote] DEBUG org.asynchttpclient.netty.request.NettyRequestSender - Using pooled Channel '[id: 0x73dbd076, L:/127.0.0.1:62592 - R:localhost/127.0.0.1:53867]' for 'POST' to 'http://localhost:53867/session/ae2c1e1d67e2e841cf18b5b66c983eb7/element'
22:12:54.634 [Forwarding findElement on session ae2c1e1d67e2e841cf18b5b66c983eb7 to remote] DEBUG org.asynchttpclient.netty.request.NettyRequestSender - Using open Channel [id: 0x73dbd076, L:/127.0.0.1:62592 - R:localhost/127.0.0.1:53867] for POST '/session/ae2c1e1d67e2e841cf18b5b66c983eb7/element'
22:12:54.646 [AsyncHttpClient-1-3] DEBUG org.asynchttpclient.netty.handler.HttpHandler - 

Request DefaultHttpRequest(decodeResult: success, version: HTTP/1.1)
POST /session/ae2c1e1d67e2e841cf18b5b66c983eb7/element HTTP/1.1
User-Agent: selenium/4.1.2 (java windows)
Content-Length: 81
Content-Type: application/json; charset=utf-8
host: localhost:53867
accept: */*

Response DefaultHttpResponse(decodeResult: success, version: HTTP/1.1)
HTTP/1.1 200 OK
Content-Type: application/json; charset=utf-8
cache-control: no-cache
content-length: 88

22:12:54.646 [AsyncHttpClient-1-3] DEBUG org.asynchttpclient.netty.channel.ChannelManager - Adding key: http://localhost:53867 for channel [id: 0x73dbd076, L:/127.0.0.1:62592 - R:localhost/127.0.0.1:53867]
22:12:54.648 [Forwarding getElementTagName on session ae2c1e1d67e2e841cf18b5b66c983eb7 to remote] DEBUG org.asynchttpclient.netty.request.NettyRequestSender - Using pooled Channel '[id: 0x73dbd076, L:/127.0.0.1:62592 - R:localhost/127.0.0.1:53867]' for 'GET' to 'http://localhost:53867/session/ae2c1e1d67e2e841cf18b5b66c983eb7/element/7a111690-7e29-4501-b3fd-26a7e85efbb6/name'
22:12:54.648 [Forwarding getElementTagName on session ae2c1e1d67e2e841cf18b5b66c983eb7 to remote] DEBUG org.asynchttpclient.netty.request.NettyRequestSender - Using open Channel [id: 0x73dbd076, L:/127.0.0.1:62592 - R:localhost/127.0.0.1:53867] for GET '/session/ae2c1e1d67e2e841cf18b5b66c983eb7/element/7a111690-7e29-4501-b3fd-26a7e85efbb6/name'
22:12:54.653 [AsyncHttpClient-1-3] DEBUG org.asynchttpclient.netty.handler.HttpHandler - 

Request DefaultFullHttpRequest(decodeResult: success, version: HTTP/1.1, content: EmptyByteBufBE)
GET /session/ae2c1e1d67e2e841cf18b5b66c983eb7/element/7a111690-7e29-4501-b3fd-26a7e85efbb6/name HTTP/1.1
User-Agent: selenium/4.1.2 (java windows)
Cache-Control: no-cache
Content-Type: application/json; charset=utf-8
host: localhost:53867
accept: */*

Response DefaultHttpResponse(decodeResult: success, version: HTTP/1.1)
HTTP/1.1 200 OK
Content-Type: application/json; charset=utf-8
cache-control: no-cache
content-length: 16

22:12:54.653 [AsyncHttpClient-1-3] DEBUG org.asynchttpclient.netty.channel.ChannelManager - Adding key: http://localhost:53867 for channel [id: 0x73dbd076, L:/127.0.0.1:62592 - R:localhost/127.0.0.1:53867]
22:12:54.655 [Forwarding getElementTagName on session ae2c1e1d67e2e841cf18b5b66c983eb7 to remote] DEBUG org.asynchttpclient.netty.request.NettyRequestSender - Using pooled Channel '[id: 0x73dbd076, L:/127.0.0.1:62592 - R:localhost/127.0.0.1:53867]' for 'GET' to 'http://localhost:53867/session/ae2c1e1d67e2e841cf18b5b66c983eb7/element/7a111690-7e29-4501-b3fd-26a7e85efbb6/name'
22:12:54.655 [Forwarding getElementTagName on session ae2c1e1d67e2e841cf18b5b66c983eb7 to remote] DEBUG org.asynchttpclient.netty.request.NettyRequestSender - Using open Channel [id: 0x73dbd076, L:/127.0.0.1:62592 - R:localhost/127.0.0.1:53867] for GET '/session/ae2c1e1d67e2e841cf18b5b66c983eb7/element/7a111690-7e29-4501-b3fd-26a7e85efbb6/name'
22:12:54.659 [AsyncHttpClient-1-3] DEBUG org.asynchttpclient.netty.handler.HttpHandler - 

Request DefaultFullHttpRequest(decodeResult: success, version: HTTP/1.1, content: EmptyByteBufBE)
GET /session/ae2c1e1d67e2e841cf18b5b66c983eb7/element/7a111690-7e29-4501-b3fd-26a7e85efbb6/name HTTP/1.1
User-Agent: selenium/4.1.2 (java windows)
Cache-Control: no-cache
Content-Type: application/json; charset=utf-8
host: localhost:53867
accept: */*

Response DefaultHttpResponse(decodeResult: success, version: HTTP/1.1)
HTTP/1.1 200 OK
Content-Type: application/json; charset=utf-8
cache-control: no-cache
content-length: 16

22:12:54.659 [AsyncHttpClient-1-3] DEBUG org.asynchttpclient.netty.channel.ChannelManager - Adding key: http://localhost:53867 for channel [id: 0x73dbd076, L:/127.0.0.1:62592 - R:localhost/127.0.0.1:53867]
22:12:54.661 [Forwarding findElement on session ae2c1e1d67e2e841cf18b5b66c983eb7 to remote] DEBUG org.asynchttpclient.netty.request.NettyRequestSender - Using pooled Channel '[id: 0x73dbd076, L:/127.0.0.1:62592 - R:localhost/127.0.0.1:53867]' for 'POST' to 'http://localhost:53867/session/ae2c1e1d67e2e841cf18b5b66c983eb7/element'
22:12:54.661 [Forwarding findElement on session ae2c1e1d67e2e841cf18b5b66c983eb7 to remote] DEBUG org.asynchttpclient.netty.request.NettyRequestSender - Using open Channel [id: 0x73dbd076, L:/127.0.0.1:62592 - R:localhost/127.0.0.1:53867] for POST '/session/ae2c1e1d67e2e841cf18b5b66c983eb7/element'
22:12:54.669 [AsyncHttpClient-1-3] DEBUG org.asynchttpclient.netty.handler.HttpHandler - 

Request DefaultHttpRequest(decodeResult: success, version: HTTP/1.1)
POST /session/ae2c1e1d67e2e841cf18b5b66c983eb7/element HTTP/1.1
User-Agent: selenium/4.1.2 (java windows)
Content-Length: 81
Content-Type: application/json; charset=utf-8
host: localhost:53867
accept: */*

Response DefaultHttpResponse(decodeResult: success, version: HTTP/1.1)
HTTP/1.1 200 OK
Content-Type: application/json; charset=utf-8
cache-control: no-cache
content-length: 88

22:12:54.669 [AsyncHttpClient-1-3] DEBUG org.asynchttpclient.netty.channel.ChannelManager - Adding key: http://localhost:53867 for channel [id: 0x73dbd076, L:/127.0.0.1:62592 - R:localhost/127.0.0.1:53867]
22:12:54.670 [Forwarding clickElement on session ae2c1e1d67e2e841cf18b5b66c983eb7 to remote] DEBUG org.asynchttpclient.netty.request.NettyRequestSender - Using pooled Channel '[id: 0x73dbd076, L:/127.0.0.1:62592 - R:localhost/127.0.0.1:53867]' for 'POST' to 'http://localhost:53867/session/ae2c1e1d67e2e841cf18b5b66c983eb7/element/7a111690-7e29-4501-b3fd-26a7e85efbb6/click'
22:12:54.670 [Forwarding clickElement on session ae2c1e1d67e2e841cf18b5b66c983eb7 to remote] DEBUG org.asynchttpclient.netty.request.NettyRequestSender - Using open Channel [id: 0x73dbd076, L:/127.0.0.1:62592 - R:localhost/127.0.0.1:53867] for POST '/session/ae2c1e1d67e2e841cf18b5b66c983eb7/element/7a111690-7e29-4501-b3fd-26a7e85efbb6/click'
22:12:55.120 [AsyncHttpClient-1-3] DEBUG org.asynchttpclient.netty.handler.HttpHandler - 

Request DefaultHttpRequest(decodeResult: success, version: HTTP/1.1)
POST /session/ae2c1e1d67e2e841cf18b5b66c983eb7/element/7a111690-7e29-4501-b3fd-26a7e85efbb6/click HTTP/1.1
User-Agent: selenium/4.1.2 (java windows)
Content-Length: 50
Content-Type: application/json; charset=utf-8
host: localhost:53867
accept: */*

Response DefaultHttpResponse(decodeResult: success, version: HTTP/1.1)
HTTP/1.1 200 OK
Content-Type: application/json; charset=utf-8
cache-control: no-cache
content-length: 14

22:12:55.120 [AsyncHttpClient-1-3] DEBUG org.asynchttpclient.netty.channel.ChannelManager - Adding key: http://localhost:53867 for channel [id: 0x73dbd076, L:/127.0.0.1:62592 - R:localhost/127.0.0.1:53867]
  &amp#27;[32mThen &amp#27;[0m&amp#27;[32mI click baby on the header&amp#27;[0m &amp#27;[90m# starter.stepdefinitions.BabyStep.iClickBabyOnTheHeader()&amp#27;[0m
22:12:55.129 [Forwarding screenshot on session ae2c1e1d67e2e841cf18b5b66c983eb7 to remote] DEBUG org.asynchttpclient.netty.request.NettyRequestSender - Using pooled Channel '[id: 0x73dbd076, L:/127.0.0.1:62592 - R:localhost/127.0.0.1:53867]' for 'GET' to 'http://localhost:53867/session/ae2c1e1d67e2e841cf18b5b66c983eb7/screenshot'
22:12:55.129 [Forwarding screenshot on session ae2c1e1d67e2e841cf18b5b66c983eb7 to remote] DEBUG org.asynchttpclient.netty.request.NettyRequestSender - Using open Channel [id: 0x73dbd076, L:/127.0.0.1:62592 - R:localhost/127.0.0.1:53867] for GET '/session/ae2c1e1d67e2e841cf18b5b66c983eb7/screenshot'
22:12:55.541 [AsyncHttpClient-1-1] DEBUG org.asynchttpclient.netty.channel.DefaultChannelPool - Entry count for : http://localhost:62593 : 1
22:12:55.955 [AsyncHttpClient-1-3] DEBUG org.asynchttpclient.netty.handler.HttpHandler - 

Request DefaultFullHttpRequest(decodeResult: success, version: HTTP/1.1, content: EmptyByteBufBE)
GET /session/ae2c1e1d67e2e841cf18b5b66c983eb7/screenshot HTTP/1.1
User-Agent: selenium/4.1.2 (java windows)
Cache-Control: no-cache
Content-Type: application/json; charset=utf-8
host: localhost:53867
accept: */*

Response DefaultHttpResponse(decodeResult: success, version: HTTP/1.1)
HTTP/1.1 200 OK
Content-Type: application/json; charset=utf-8
cache-control: no-cache
content-length: 137788

22:12:55.955 [AsyncHttpClient-1-3] DEBUG org.asynchttpclient.netty.channel.ChannelManager - Adding key: http://localhost:53867 for channel [id: 0x73dbd076, L:/127.0.0.1:62592 - R:localhost/127.0.0.1:53867]
22:12:55.960 [main] DEBUG net.serenitybdd.core.photography.Darkroom - Send negative for processing for target\site\serenity\90057f972e51102f06d9f17602f709417eeec2ff2f89f57086c70c6b1fe61ca0.png
22:12:55.967 [Forwarding findElement on session ae2c1e1d67e2e841cf18b5b66c983eb7 to remote] DEBUG org.asynchttpclient.netty.request.NettyRequestSender - Using pooled Channel '[id: 0x73dbd076, L:/127.0.0.1:62592 - R:localhost/127.0.0.1:53867]' for 'POST' to 'http://localhost:53867/session/ae2c1e1d67e2e841cf18b5b66c983eb7/element'
22:12:55.967 [Forwarding findElement on session ae2c1e1d67e2e841cf18b5b66c983eb7 to remote] DEBUG org.asynchttpclient.netty.request.NettyRequestSender - Using open Channel [id: 0x73dbd076, L:/127.0.0.1:62592 - R:localhost/127.0.0.1:53867] for POST '/session/ae2c1e1d67e2e841cf18b5b66c983eb7/element'
22:12:55.983 [AsyncHttpClient-1-3] DEBUG org.asynchttpclient.netty.handler.HttpHandler - 

Request DefaultHttpRequest(decodeResult: success, version: HTTP/1.1)
POST /session/ae2c1e1d67e2e841cf18b5b66c983eb7/element HTTP/1.1
User-Agent: selenium/4.1.2 (java windows)
Content-Length: 104
Content-Type: application/json; charset=utf-8
host: localhost:53867
accept: */*

Response DefaultHttpResponse(decodeResult: success, version: HTTP/1.1)
HTTP/1.1 200 OK
Content-Type: application/json; charset=utf-8
cache-control: no-cache
content-length: 88

22:12:55.983 [AsyncHttpClient-1-3] DEBUG org.asynchttpclient.netty.channel.ChannelManager - Adding key: http://localhost:53867 for channel [id: 0x73dbd076, L:/127.0.0.1:62592 - R:localhost/127.0.0.1:53867]
22:12:55.985 [Forwarding getElementTagName on session ae2c1e1d67e2e841cf18b5b66c983eb7 to remote] DEBUG org.asynchttpclient.netty.request.NettyRequestSender - Using pooled Channel '[id: 0x73dbd076, L:/127.0.0.1:62592 - R:localhost/127.0.0.1:53867]' for 'GET' to 'http://localhost:53867/session/ae2c1e1d67e2e841cf18b5b66c983eb7/element/5f74172a-9229-44e1-9ff2-c5356d82f899/name'
22:12:55.985 [Forwarding getElementTagName on session ae2c1e1d67e2e841cf18b5b66c983eb7 to remote] DEBUG org.asynchttpclient.netty.request.NettyRequestSender - Using open Channel [id: 0x73dbd076, L:/127.0.0.1:62592 - R:localhost/127.0.0.1:53867] for GET '/session/ae2c1e1d67e2e841cf18b5b66c983eb7/element/5f74172a-9229-44e1-9ff2-c5356d82f899/name'
22:12:55.988 [AsyncHttpClient-1-3] DEBUG org.asynchttpclient.netty.handler.HttpHandler - 

Request DefaultFullHttpRequest(decodeResult: success, version: HTTP/1.1, content: EmptyByteBufBE)
GET /session/ae2c1e1d67e2e841cf18b5b66c983eb7/element/5f74172a-9229-44e1-9ff2-c5356d82f899/name HTTP/1.1
User-Agent: selenium/4.1.2 (java windows)
Cache-Control: no-cache
Content-Type: application/json; charset=utf-8
host: localhost:53867
accept: */*

Response DefaultHttpResponse(decodeResult: success, version: HTTP/1.1)
HTTP/1.1 200 OK
Content-Type: application/json; charset=utf-8
cache-control: no-cache
content-length: 16

22:12:55.989 [AsyncHttpClient-1-3] DEBUG org.asynchttpclient.netty.channel.ChannelManager - Adding key: http://localhost:53867 for channel [id: 0x73dbd076, L:/127.0.0.1:62592 - R:localhost/127.0.0.1:53867]
22:12:55.990 [Forwarding getElementTagName on session ae2c1e1d67e2e841cf18b5b66c983eb7 to remote] DEBUG org.asynchttpclient.netty.request.NettyRequestSender - Using pooled Channel '[id: 0x73dbd076, L:/127.0.0.1:62592 - R:localhost/127.0.0.1:53867]' for 'GET' to 'http://localhost:53867/session/ae2c1e1d67e2e841cf18b5b66c983eb7/element/5f74172a-9229-44e1-9ff2-c5356d82f899/name'
22:12:55.990 [Forwarding getElementTagName on session ae2c1e1d67e2e841cf18b5b66c983eb7 to remote] DEBUG org.asynchttpclient.netty.request.NettyRequestSender - Using open Channel [id: 0x73dbd076, L:/127.0.0.1:62592 - R:localhost/127.0.0.1:53867] for GET '/session/ae2c1e1d67e2e841cf18b5b66c983eb7/element/5f74172a-9229-44e1-9ff2-c5356d82f899/name'
22:12:55.998 [AsyncHttpClient-1-3] DEBUG org.asynchttpclient.netty.handler.HttpHandler - 

Request DefaultFullHttpRequest(decodeResult: success, version: HTTP/1.1, content: EmptyByteBufBE)
GET /session/ae2c1e1d67e2e841cf18b5b66c983eb7/element/5f74172a-9229-44e1-9ff2-c5356d82f899/name HTTP/1.1
User-Agent: selenium/4.1.2 (java windows)
Cache-Control: no-cache
Content-Type: application/json; charset=utf-8
host: localhost:53867
accept: */*

Response DefaultHttpResponse(decodeResult: success, version: HTTP/1.1)
HTTP/1.1 200 OK
Content-Type: application/json; charset=utf-8
cache-control: no-cache
content-length: 16

22:12:55.998 [AsyncHttpClient-1-3] DEBUG org.asynchttpclient.netty.channel.ChannelManager - Adding key: http://localhost:53867 for channel [id: 0x73dbd076, L:/127.0.0.1:62592 - R:localhost/127.0.0.1:53867]
22:12:56.000 [Forwarding findElement on session ae2c1e1d67e2e841cf18b5b66c983eb7 to remote] DEBUG org.asynchttpclient.netty.request.NettyRequestSender - Using pooled Channel '[id: 0x73dbd076, L:/127.0.0.1:62592 - R:localhost/127.0.0.1:53867]' for 'POST' to 'http://localhost:53867/session/ae2c1e1d67e2e841cf18b5b66c983eb7/element'
22:12:56.000 [Forwarding findElement on session ae2c1e1d67e2e841cf18b5b66c983eb7 to remote] DEBUG org.asynchttpclient.netty.request.NettyRequestSender - Using open Channel [id: 0x73dbd076, L:/127.0.0.1:62592 - R:localhost/127.0.0.1:53867] for POST '/session/ae2c1e1d67e2e841cf18b5b66c983eb7/element'
22:12:56.019 [AsyncHttpClient-1-3] DEBUG org.asynchttpclient.netty.handler.HttpHandler - 

Request DefaultHttpRequest(decodeResult: success, version: HTTP/1.1)
POST /session/ae2c1e1d67e2e841cf18b5b66c983eb7/element HTTP/1.1
User-Agent: selenium/4.1.2 (java windows)
Content-Length: 104
Content-Type: application/json; charset=utf-8
host: localhost:53867
accept: */*

Response DefaultHttpResponse(decodeResult: success, version: HTTP/1.1)
HTTP/1.1 200 OK
Content-Type: application/json; charset=utf-8
cache-control: no-cache
content-length: 88

22:12:56.019 [AsyncHttpClient-1-3] DEBUG org.asynchttpclient.netty.channel.ChannelManager - Adding key: http://localhost:53867 for channel [id: 0x73dbd076, L:/127.0.0.1:62592 - R:localhost/127.0.0.1:53867]
22:12:56.022 [Forwarding clickElement on session ae2c1e1d67e2e841cf18b5b66c983eb7 to remote] DEBUG org.asynchttpclient.netty.request.NettyRequestSender - Using pooled Channel '[id: 0x73dbd076, L:/127.0.0.1:62592 - R:localhost/127.0.0.1:53867]' for 'POST' to 'http://localhost:53867/session/ae2c1e1d67e2e841cf18b5b66c983eb7/element/5f74172a-9229-44e1-9ff2-c5356d82f899/click'
22:12:56.022 [Forwarding clickElement on session ae2c1e1d67e2e841cf18b5b66c983eb7 to remote] DEBUG org.asynchttpclient.netty.request.NettyRequestSender - Using open Channel [id: 0x73dbd076, L:/127.0.0.1:62592 - R:localhost/127.0.0.1:53867] for POST '/session/ae2c1e1d67e2e841cf18b5b66c983eb7/element/5f74172a-9229-44e1-9ff2-c5356d82f899/click'
22:12:56.274 [AsyncHttpClient-1-3] DEBUG org.asynchttpclient.netty.handler.HttpHandler - 

Request DefaultHttpRequest(decodeResult: success, version: HTTP/1.1)
POST /session/ae2c1e1d67e2e841cf18b5b66c983eb7/element/5f74172a-9229-44e1-9ff2-c5356d82f899/click HTTP/1.1
User-Agent: selenium/4.1.2 (java windows)
Content-Length: 50
Content-Type: application/json; charset=utf-8
host: localhost:53867
accept: */*

Response DefaultHttpResponse(decodeResult: success, version: HTTP/1.1)
HTTP/1.1 200 OK
Content-Type: application/json; charset=utf-8
cache-control: no-cache
content-length: 14

22:12:56.275 [AsyncHttpClient-1-3] DEBUG org.asynchttpclient.netty.channel.ChannelManager - Adding key: http://localhost:53867 for channel [id: 0x73dbd076, L:/127.0.0.1:62592 - R:localhost/127.0.0.1:53867]
  &amp#27;[32mWhen &amp#27;[0m&amp#27;[32mI will go to &amp#27;[0m&amp#27;[32m&amp#27;[1m"Airism1"&amp#27;[0m     &amp#27;[90m# starter.stepdefinitions.BabyStep.iWillGoTo(java.lang.String)&amp#27;[0m
22:12:56.289 [Forwarding screenshot on session ae2c1e1d67e2e841cf18b5b66c983eb7 to remote] DEBUG org.asynchttpclient.netty.request.NettyRequestSender - Using pooled Channel '[id: 0x73dbd076, L:/127.0.0.1:62592 - R:localhost/127.0.0.1:53867]' for 'GET' to 'http://localhost:53867/session/ae2c1e1d67e2e841cf18b5b66c983eb7/screenshot'
22:12:56.289 [Forwarding screenshot on session ae2c1e1d67e2e841cf18b5b66c983eb7 to remote] DEBUG org.asynchttpclient.netty.request.NettyRequestSender - Using open Channel [id: 0x73dbd076, L:/127.0.0.1:62592 - R:localhost/127.0.0.1:53867] for GET '/session/ae2c1e1d67e2e841cf18b5b66c983eb7/screenshot'
22:12:56.606 [AsyncHttpClient-1-3] DEBUG org.asynchttpclient.netty.handler.HttpHandler - 

Request DefaultFullHttpRequest(decodeResult: success, version: HTTP/1.1, content: EmptyByteBufBE)
GET /session/ae2c1e1d67e2e841cf18b5b66c983eb7/screenshot HTTP/1.1
User-Agent: selenium/4.1.2 (java windows)
Cache-Control: no-cache
Content-Type: application/json; charset=utf-8
host: localhost:53867
accept: */*

Response DefaultHttpResponse(decodeResult: success, version: HTTP/1.1)
HTTP/1.1 200 OK
Content-Type: application/json; charset=utf-8
cache-control: no-cache
content-length: 80168

22:12:56.606 [AsyncHttpClient-1-3] DEBUG org.asynchttpclient.netty.channel.ChannelManager - Adding key: http://localhost:53867 for channel [id: 0x73dbd076, L:/127.0.0.1:62592 - R:localhost/127.0.0.1:53867]
22:12:56.611 [main] DEBUG net.serenitybdd.core.photography.Darkroom - Send negative for processing for target\site\serenity\e83ddde1228b29da90286402882888bd0e5c8a5f5978b9bb59237d8217c821b6.png
22:12:56.612 [Darkroom Processing Line] DEBUG net.serenitybdd.core.photography.DarkroomProcessingLine - Processing screenshot image in /var/screenshots/screenshot-2834791216216045380
22:12:56.612 [Darkroom Processing Line] DEBUG net.serenitybdd.core.photography.DarkroomProcessingLine - Saving screenshot to target\site\serenity\e83ddde1228b29da90286402882888bd0e5c8a5f5978b9bb59237d8217c821b6.png
  &amp#27;[32mAnd &amp#27;[0m&amp#27;[32mI &amp#27;[0m&amp#27;[32m&amp#27;[1m"txtAirism1"&amp#27;[0m&amp#27;[32m page&amp#27;[0m         &amp#27;[90m# starter.stepdefinitions.BabyStep.iPage(java.lang.String)&amp#27;[0m
22:12:56.624 [AsyncHttpClient-1-5] DEBUG org.asynchttpclient.netty.handler.WebSocketHandler - Channel Closed: [id: 0x56168965, L:/127.0.0.1:62602 ! R:localhost/127.0.0.1:62593] with attribute NettyResponseFuture{currentRetry=5,
	isDone=1,
	isCancelled=0,
	asyncHandler=org.asynchttpclient.ws.WebSocketUpgradeHandler@5ad357f2,
	nettyRequest=org.asynchttpclient.netty.request.NettyRequest@56fcd463,
	future=java.util.concurrent.CompletableFuture@5e44f9f3[Completed normally],
	uri=ws://localhost:62593/devtools/browser/759cd553-a13a-497c-9962-8d95d7c732cf,
	keepAlive=true,
	redirectCount=0,
	timeoutsHolder=null,
	inAuth=0,
	touch=1680707566068}
22:12:56.624 [AsyncHttpClient-1-5] DEBUG org.asynchttpclient.netty.channel.ChannelManager - Closing Channel [id: 0x56168965, L:/127.0.0.1:62602 ! R:localhost/127.0.0.1:62593] 
22:12:56.625 [Driver Command Executor] DEBUG org.asynchttpclient.netty.request.NettyRequestSender - Using pooled Channel '[id: 0x73dbd076, L:/127.0.0.1:62592 - R:localhost/127.0.0.1:53867]' for 'DELETE' to 'http://localhost:53867/session/ae2c1e1d67e2e841cf18b5b66c983eb7'
22:12:56.625 [Driver Command Executor] DEBUG org.asynchttpclient.netty.request.NettyRequestSender - Using open Channel [id: 0x73dbd076, L:/127.0.0.1:62592 - R:localhost/127.0.0.1:53867] for DELETE '/session/ae2c1e1d67e2e841cf18b5b66c983eb7'
22:12:56.638 [AsyncHttpClient-1-1] DEBUG org.asynchttpclient.netty.channel.DefaultChannelPool - Entry count for : http://localhost:62593 : 1
22:12:56.671 [AsyncHttpClient-1-4] DEBUG org.asynchttpclient.netty.handler.HttpHandler - Unexpected I/O exception on channel [id: 0xda893073, L:/127.0.0.1:62601 - R:localhost/127.0.0.1:62593]
java.net.SocketException: Connection reset
	at java.base/sun.nio.ch.SocketChannelImpl.throwConnectionReset(SocketChannelImpl.java:345)
	at java.base/sun.nio.ch.SocketChannelImpl.read(SocketChannelImpl.java:376)
	at io.netty.buffer.PooledByteBuf.setBytes(PooledByteBuf.java:258)
	at io.netty.buffer.AbstractByteBuf.writeBytes(AbstractByteBuf.java:1132)
	at io.netty.channel.socket.nio.NioSocketChannel.doReadBytes(NioSocketChannel.java:350)
	at io.netty.channel.nio.AbstractNioByteChannel$NioByteUnsafe.read(AbstractNioByteChannel.java:151)
	at io.netty.channel.nio.NioEventLoop.processSelectedKey(NioEventLoop.java:722)
	at io.netty.channel.nio.NioEventLoop.processSelectedKeysOptimized(NioEventLoop.java:658)
	at io.netty.channel.nio.NioEventLoop.processSelectedKeys(NioEventLoop.java:584)
	at io.netty.channel.nio.NioEventLoop.run(NioEventLoop.java:496)
	at io.netty.util.concurrent.SingleThreadEventExecutor$4.run(SingleThreadEventExecutor.java:986)
	at io.netty.util.internal.ThreadExecutorMap$2.run(ThreadExecutorMap.java:74)
	at io.netty.util.concurrent.FastThreadLocalRunnable.run(FastThreadLocalRunnable.java:30)
	at java.base/java.lang.Thread.run(Thread.java:830)
22:12:56.671 [AsyncHttpClient-1-4] DEBUG org.asynchttpclient.netty.channel.ChannelManager - Closing Channel [id: 0xda893073, L:/127.0.0.1:62601 - R:localhost/127.0.0.1:62593] 
22:12:56.672 [AsyncHttpClient-1-4] DEBUG org.asynchttpclient.netty.handler.HttpHandler - Channel Closed: [id: 0xda893073, L:/127.0.0.1:62601 ! R:localhost/127.0.0.1:62593] with attribute DISCARD
22:12:56.707 [AsyncHttpClient-1-3] DEBUG org.asynchttpclient.netty.handler.HttpHandler - 

Request DefaultFullHttpRequest(decodeResult: success, version: HTTP/1.1, content: EmptyByteBufBE)
DELETE /session/ae2c1e1d67e2e841cf18b5b66c983eb7 HTTP/1.1
User-Agent: selenium/4.1.2 (java windows)
Content-Type: application/json; charset=utf-8
host: localhost:53867
accept: */*

Response DefaultHttpResponse(decodeResult: success, version: HTTP/1.1)
HTTP/1.1 200 OK
Content-Type: application/json; charset=utf-8
cache-control: no-cache
content-length: 14

22:12:56.707 [AsyncHttpClient-1-3] DEBUG org.asynchttpclient.netty.channel.ChannelManager - Adding key: http://localhost:53867 for channel [id: 0x73dbd076, L:/127.0.0.1:62592 - R:localhost/127.0.0.1:53867]
22:12:56.835 [AsyncHttpClient-1-3] DEBUG org.asynchttpclient.netty.handler.HttpHandler - Channel Closed: [id: 0x73dbd076, L:/127.0.0.1:62592 ! R:localhost/127.0.0.1:53867] with attribute DISCARD
]]></system-out>
    <system-err><![CDATA[Starting Microsoft Edge WebDriver 111.0.1661.62 (0a8f453929e6410c973aa529a40485ce4e3e03db) on port 53867
To submit feedback, report a bug, or suggest new features, please visit https://github.com/MicrosoftEdge/EdgeWebDriver

Only local connections are allowed.
Please see https://aka.ms/WebDriverSecurity for suggestions on keeping Microsoft Edge WebDriver safe.

Microsoft Edge WebDriver was started successfully.
Apr 05, 2023 10:12:46 PM org.openqa.selenium.remote.ProtocolHandshake createSession
INFO: Detected dialect: W3C
Apr 05, 2023 10:12:46 PM org.openqa.selenium.devtools.CdpVersionFinder findNearestMatch
WARNING: Unable to find an exact match for CDP version 111, so returning the closest version found: a no-op implementation
Apr 05, 2023 10:12:46 PM org.openqa.selenium.devtools.CdpVersionFinder findNearestMatch
INFO: Unable to find CDP implementation matching 111.
Apr 05, 2023 10:12:46 PM org.openqa.selenium.chromium.ChromiumDriver lambda$new$3
WARNING: Unable to find version of CDP to use for . You may need to include a dependency on a specific version of the CDP using something similar to `org.seleniumhq.selenium:selenium-devtools-v86:4.1.2` where the version ("v86") matches the version of the chromium-based browser you're using and the version number of the artifact is the same as Selenium's.
]]></system-err>
  </testcase>
  <testcase name="Fitur Menu Baby #13" classname="Baby" time="16.696">
    <system-out><![CDATA[
Scenario Outline: Fitur Menu Baby &amp#27;[90m# src/test/resources/features/Baby.feature:105&amp#27;[0m
22:12:57.433 [main] INFO io.cucumber.core.plugin.SerenityReporter - Running feature from file:///C:/Users/alwi/IdeaProjects/uniqloweb/src/test/resources/features/Baby.feature
22:12:57.552 [main] DEBUG io.github.bonigarcia.wdm.cache.ResolutionCache - Resolution edge=111 in cache (valid until 23:09:49 05/04/2023 WIB)
22:12:57.556 [main] DEBUG io.github.bonigarcia.wdm.cache.ResolutionCache - Resolution edge111=111.0.1661.62 in cache (valid until 15:17:30 06/04/2023 WIB)
22:12:57.558 [main] INFO io.github.bonigarcia.wdm.WebDriverManager - Using msedgedriver 111.0.1661.62 (resolved driver for Edge 111)
22:12:57.567 [main] DEBUG io.github.bonigarcia.wdm.WebDriverManager - Driver msedgedriver 111.0.1661.62 found in cache
22:12:57.568 [main] INFO io.github.bonigarcia.wdm.WebDriverManager - Exporting webdriver.edge.driver as C:\Users\alwi\.cache\selenium\msedgedriver\win64\111.0.1661.62\msedgedriver.exe
22:12:57.569 [main] DEBUG net.serenitybdd.core.webdriver.driverproviders.ProvideNewDriver - Instantiating driver
22:12:57.570 [main] DEBUG net.serenitybdd.core.webdriver.driverproviders.ProvideNewDriver - Driver capabilities: Capabilities {base.url: https://www.uniqlo.com, chrome.driver: src/test/resources/webdrive..., driver: edge, ms:edgeChromium: true, ms:edgeOptions: {}, wait.for.timeout: 6000}
22:12:57.741 [AsyncHttpClient-1-1] DEBUG org.asynchttpclient.netty.channel.DefaultChannelPool - Entry count for : http://localhost:53867 : 1
22:12:57.741 [AsyncHttpClient-1-1] DEBUG org.asynchttpclient.netty.channel.DefaultChannelPool - Entry count for : http://localhost:62593 : 1
22:12:57.741 [AsyncHttpClient-1-1] DEBUG org.asynchttpclient.netty.channel.DefaultChannelPool - Adding Candidate expired Channel [id: 0x73dbd076, L:/127.0.0.1:62592 ! R:localhost/127.0.0.1:53867] isIdleTimeoutExpired=false isRemotelyClosed=true isTtlExpired=false
22:12:57.741 [AsyncHttpClient-1-1] DEBUG org.asynchttpclient.netty.channel.DefaultChannelPool - Closing Idle Channel [id: 0x73dbd076, L:/127.0.0.1:62592 ! R:localhost/127.0.0.1:53867]
22:12:57.741 [AsyncHttpClient-1-1] DEBUG org.asynchttpclient.netty.channel.DefaultChannelPool - Adding Candidate expired Channel [id: 0xda893073, L:/127.0.0.1:62601 ! R:localhost/127.0.0.1:62593] isIdleTimeoutExpired=false isRemotelyClosed=true isTtlExpired=false
22:12:57.741 [AsyncHttpClient-1-1] DEBUG org.asynchttpclient.netty.channel.DefaultChannelPool - Closing Idle Channel [id: 0xda893073, L:/127.0.0.1:62601 ! R:localhost/127.0.0.1:62593]
22:12:57.741 [AsyncHttpClient-1-1] DEBUG org.asynchttpclient.netty.channel.DefaultChannelPool - Closed 2 connections out of 2 in 0 ms
22:12:58.108 [AsyncHttpClient-1-6] DEBUG org.asynchttpclient.netty.channel.NettyConnectListener - Using new Channel '[id: 0x96dbde87, L:/127.0.0.1:62736 - R:localhost/127.0.0.1:57853]' for 'POST' to '/session'
22:12:58.744 [AsyncHttpClient-1-6] DEBUG org.asynchttpclient.netty.handler.HttpHandler - 

Request DefaultHttpRequest(decodeResult: success, version: HTTP/1.1)
POST /session HTTP/1.1
User-Agent: selenium/4.1.2 (java windows)
Content-Length: 627
Content-Type: application/json; charset=utf-8
host: localhost:57853
accept: */*

Response DefaultHttpResponse(decodeResult: success, version: HTTP/1.1)
HTTP/1.1 200 OK
Content-Type: application/json; charset=utf-8
cache-control: no-cache
content-length: 824

22:12:58.744 [AsyncHttpClient-1-6] DEBUG org.asynchttpclient.netty.channel.ChannelManager - Adding key: http://localhost:57853 for channel [id: 0x96dbde87, L:/127.0.0.1:62736 - R:localhost/127.0.0.1:57853]
22:12:58.751 [AsyncHttpClient-1-7] DEBUG org.asynchttpclient.netty.channel.NettyConnectListener - Using new Channel '[id: 0x9ddaf3e3, L:/127.0.0.1:62743 - R:localhost/127.0.0.1:62737]' for 'GET' to '/json/version'
22:12:58.751 [AsyncHttpClient-1-7] DEBUG org.asynchttpclient.netty.handler.HttpHandler - 

Request DefaultFullHttpRequest(decodeResult: success, version: HTTP/1.1, content: EmptyByteBufBE)
GET /json/version HTTP/1.1
User-Agent: selenium/4.1.2 (java windows)
host: localhost:62737
accept: */*

Response DefaultHttpResponse(decodeResult: success, version: HTTP/1.1)
HTTP/1.1 200 OK
Content-Security-Policy: frame-ancestors 'none'
Content-Type: application/json; charset=UTF-8
content-length: 436

22:12:58.751 [AsyncHttpClient-1-7] DEBUG org.asynchttpclient.netty.channel.ChannelManager - Adding key: http://localhost:62737 for channel [id: 0x9ddaf3e3, L:/127.0.0.1:62743 - R:localhost/127.0.0.1:62737]
22:12:58.755 [AsyncHttpClient-1-8] DEBUG org.asynchttpclient.netty.channel.NettyConnectListener - Using new Channel '[id: 0xfc2d1649, L:/127.0.0.1:62744 - R:localhost/127.0.0.1:62737]' for 'GET' to '/devtools/browser/45d6de1c-7e65-4b01-a5b7-d0f39b3ffb2d'
22:12:58.755 [AsyncHttpClient-1-8] DEBUG org.asynchttpclient.netty.handler.WebSocketHandler - 

Request DefaultFullHttpRequest(decodeResult: success, version: HTTP/1.1, content: EmptyByteBufBE)
GET /devtools/browser/45d6de1c-7e65-4b01-a5b7-d0f39b3ffb2d HTTP/1.1
upgrade: websocket
connection: upgrade
sec-websocket-key: jhDKe4xLVIjNBoklQtOTPQ==
sec-websocket-version: 13
origin: http://localhost:62737
host: localhost:62737
accept: */*
user-agent: AHC/2.1

Response DefaultHttpResponse(decodeResult: success, version: HTTP/1.1)
HTTP/1.1 101 WebSocket Protocol Handshake
Upgrade: WebSocket
Connection: Upgrade
Sec-WebSocket-Accept: M22qtPedlQ1uaaMSwx98+QZhZEY=

22:12:58.761 [Forwarding get on session 681b1acacbfae99d31f1a2fea8014769 to remote] DEBUG org.asynchttpclient.netty.request.NettyRequestSender - Using pooled Channel '[id: 0x96dbde87, L:/127.0.0.1:62736 - R:localhost/127.0.0.1:57853]' for 'POST' to 'http://localhost:57853/session/681b1acacbfae99d31f1a2fea8014769/url'
22:12:58.762 [Forwarding get on session 681b1acacbfae99d31f1a2fea8014769 to remote] DEBUG org.asynchttpclient.netty.request.NettyRequestSender - Using open Channel [id: 0x96dbde87, L:/127.0.0.1:62736 - R:localhost/127.0.0.1:57853] for POST '/session/681b1acacbfae99d31f1a2fea8014769/url'
22:12:58.839 [AsyncHttpClient-1-1] DEBUG org.asynchttpclient.netty.channel.DefaultChannelPool - Entry count for : http://localhost:62737 : 1
22:12:59.937 [AsyncHttpClient-1-1] DEBUG org.asynchttpclient.netty.channel.DefaultChannelPool - Entry count for : http://localhost:62737 : 1
22:13:01.040 [AsyncHttpClient-1-1] DEBUG org.asynchttpclient.netty.channel.DefaultChannelPool - Entry count for : http://localhost:62737 : 1
22:13:02.139 [AsyncHttpClient-1-1] DEBUG org.asynchttpclient.netty.channel.DefaultChannelPool - Entry count for : http://localhost:62737 : 1
22:13:03.239 [AsyncHttpClient-1-1] DEBUG org.asynchttpclient.netty.channel.DefaultChannelPool - Entry count for : http://localhost:62737 : 1
22:13:04.340 [AsyncHttpClient-1-1] DEBUG org.asynchttpclient.netty.channel.DefaultChannelPool - Entry count for : http://localhost:62737 : 1
22:13:05.439 [AsyncHttpClient-1-1] DEBUG org.asynchttpclient.netty.channel.DefaultChannelPool - Entry count for : http://localhost:62737 : 1
22:13:06.538 [AsyncHttpClient-1-1] DEBUG org.asynchttpclient.netty.channel.DefaultChannelPool - Entry count for : http://localhost:62737 : 1
22:13:07.644 [AsyncHttpClient-1-1] DEBUG org.asynchttpclient.netty.channel.DefaultChannelPool - Entry count for : http://localhost:62737 : 1
22:13:08.738 [AsyncHttpClient-1-1] DEBUG org.asynchttpclient.netty.channel.DefaultChannelPool - Entry count for : http://localhost:62737 : 1
22:13:09.846 [AsyncHttpClient-1-1] DEBUG org.asynchttpclient.netty.channel.DefaultChannelPool - Entry count for : http://localhost:62737 : 1
22:13:10.938 [AsyncHttpClient-1-1] DEBUG org.asynchttpclient.netty.channel.DefaultChannelPool - Entry count for : http://localhost:62737 : 1
22:13:11.014 [AsyncHttpClient-1-6] DEBUG org.asynchttpclient.netty.handler.HttpHandler - 

Request DefaultHttpRequest(decodeResult: success, version: HTTP/1.1)
POST /session/681b1acacbfae99d31f1a2fea8014769/url HTTP/1.1
User-Agent: selenium/4.1.2 (java windows)
Content-Length: 53
Content-Type: application/json; charset=utf-8
host: localhost:57853
accept: */*

Response DefaultHttpResponse(decodeResult: success, version: HTTP/1.1)
HTTP/1.1 200 OK
Content-Type: application/json; charset=utf-8
cache-control: no-cache
content-length: 14

22:13:11.014 [AsyncHttpClient-1-6] DEBUG org.asynchttpclient.netty.channel.ChannelManager - Adding key: http://localhost:57853 for channel [id: 0x96dbde87, L:/127.0.0.1:62736 - R:localhost/127.0.0.1:57853]
22:13:11.016 [Forwarding setTimeout on session 681b1acacbfae99d31f1a2fea8014769 to remote] DEBUG org.asynchttpclient.netty.request.NettyRequestSender - Using pooled Channel '[id: 0x96dbde87, L:/127.0.0.1:62736 - R:localhost/127.0.0.1:57853]' for 'POST' to 'http://localhost:57853/session/681b1acacbfae99d31f1a2fea8014769/timeouts'
22:13:11.016 [Forwarding setTimeout on session 681b1acacbfae99d31f1a2fea8014769 to remote] DEBUG org.asynchttpclient.netty.request.NettyRequestSender - Using open Channel [id: 0x96dbde87, L:/127.0.0.1:62736 - R:localhost/127.0.0.1:57853] for POST '/session/681b1acacbfae99d31f1a2fea8014769/timeouts'
22:13:11.017 [AsyncHttpClient-1-6] DEBUG org.asynchttpclient.netty.handler.HttpHandler - 

Request DefaultHttpRequest(decodeResult: success, version: HTTP/1.1)
POST /session/681b1acacbfae99d31f1a2fea8014769/timeouts HTTP/1.1
User-Agent: selenium/4.1.2 (java windows)
Content-Length: 22
Content-Type: application/json; charset=utf-8
host: localhost:57853
accept: */*

Response DefaultHttpResponse(decodeResult: success, version: HTTP/1.1)
HTTP/1.1 200 OK
Content-Type: application/json; charset=utf-8
cache-control: no-cache
content-length: 14

22:13:11.017 [AsyncHttpClient-1-6] DEBUG org.asynchttpclient.netty.channel.ChannelManager - Adding key: http://localhost:57853 for channel [id: 0x96dbde87, L:/127.0.0.1:62736 - R:localhost/127.0.0.1:57853]
22:13:11.019 [Forwarding getCurrentUrl on session 681b1acacbfae99d31f1a2fea8014769 to remote] DEBUG org.asynchttpclient.netty.request.NettyRequestSender - Using pooled Channel '[id: 0x96dbde87, L:/127.0.0.1:62736 - R:localhost/127.0.0.1:57853]' for 'GET' to 'http://localhost:57853/session/681b1acacbfae99d31f1a2fea8014769/url'
22:13:11.019 [Forwarding getCurrentUrl on session 681b1acacbfae99d31f1a2fea8014769 to remote] DEBUG org.asynchttpclient.netty.request.NettyRequestSender - Using open Channel [id: 0x96dbde87, L:/127.0.0.1:62736 - R:localhost/127.0.0.1:57853] for GET '/session/681b1acacbfae99d31f1a2fea8014769/url'
22:13:11.049 [AsyncHttpClient-1-6] DEBUG org.asynchttpclient.netty.handler.HttpHandler - 

Request DefaultFullHttpRequest(decodeResult: success, version: HTTP/1.1, content: EmptyByteBufBE)
GET /session/681b1acacbfae99d31f1a2fea8014769/url HTTP/1.1
User-Agent: selenium/4.1.2 (java windows)
Cache-Control: no-cache
Content-Type: application/json; charset=utf-8
host: localhost:57853
accept: */*

Response DefaultHttpResponse(decodeResult: success, version: HTTP/1.1)
HTTP/1.1 200 OK
Content-Type: application/json; charset=utf-8
cache-control: no-cache
content-length: 41

22:13:11.049 [AsyncHttpClient-1-6] DEBUG org.asynchttpclient.netty.channel.ChannelManager - Adding key: http://localhost:57853 for channel [id: 0x96dbde87, L:/127.0.0.1:62736 - R:localhost/127.0.0.1:57853]
  &amp#27;[32mGiven &amp#27;[0m&amp#27;[32mI am on the home page&amp#27;[0m     &amp#27;[90m# starter.stepdefinitions.BabyStep.iAmOnTheHomePage()&amp#27;[0m
22:13:11.054 [Forwarding screenshot on session 681b1acacbfae99d31f1a2fea8014769 to remote] DEBUG org.asynchttpclient.netty.request.NettyRequestSender - Using pooled Channel '[id: 0x96dbde87, L:/127.0.0.1:62736 - R:localhost/127.0.0.1:57853]' for 'GET' to 'http://localhost:57853/session/681b1acacbfae99d31f1a2fea8014769/screenshot'
22:13:11.054 [Forwarding screenshot on session 681b1acacbfae99d31f1a2fea8014769 to remote] DEBUG org.asynchttpclient.netty.request.NettyRequestSender - Using open Channel [id: 0x96dbde87, L:/127.0.0.1:62736 - R:localhost/127.0.0.1:57853] for GET '/session/681b1acacbfae99d31f1a2fea8014769/screenshot'
22:13:11.398 [AsyncHttpClient-1-6] DEBUG org.asynchttpclient.netty.handler.HttpHandler - 

Request DefaultFullHttpRequest(decodeResult: success, version: HTTP/1.1, content: EmptyByteBufBE)
GET /session/681b1acacbfae99d31f1a2fea8014769/screenshot HTTP/1.1
User-Agent: selenium/4.1.2 (java windows)
Cache-Control: no-cache
Content-Type: application/json; charset=utf-8
host: localhost:57853
accept: */*

Response DefaultHttpResponse(decodeResult: success, version: HTTP/1.1)
HTTP/1.1 200 OK
Content-Type: application/json; charset=utf-8
cache-control: no-cache
content-length: 1119968

22:13:11.399 [AsyncHttpClient-1-6] DEBUG org.asynchttpclient.netty.channel.ChannelManager - Adding key: http://localhost:57853 for channel [id: 0x96dbde87, L:/127.0.0.1:62736 - R:localhost/127.0.0.1:57853]
22:13:11.433 [main] DEBUG net.serenitybdd.core.photography.Darkroom - Send negative for processing for target\site\serenity\3d1b19ad31921c0beae4332facd941fcc81467ad5802877977ec6c100df601ce.png
22:13:11.442 [Forwarding findElement on session 681b1acacbfae99d31f1a2fea8014769 to remote] DEBUG org.asynchttpclient.netty.request.NettyRequestSender - Using pooled Channel '[id: 0x96dbde87, L:/127.0.0.1:62736 - R:localhost/127.0.0.1:57853]' for 'POST' to 'http://localhost:57853/session/681b1acacbfae99d31f1a2fea8014769/element'
22:13:11.442 [Forwarding findElement on session 681b1acacbfae99d31f1a2fea8014769 to remote] DEBUG org.asynchttpclient.netty.request.NettyRequestSender - Using open Channel [id: 0x96dbde87, L:/127.0.0.1:62736 - R:localhost/127.0.0.1:57853] for POST '/session/681b1acacbfae99d31f1a2fea8014769/element'
22:13:11.455 [AsyncHttpClient-1-6] DEBUG org.asynchttpclient.netty.handler.HttpHandler - 

Request DefaultHttpRequest(decodeResult: success, version: HTTP/1.1)
POST /session/681b1acacbfae99d31f1a2fea8014769/element HTTP/1.1
User-Agent: selenium/4.1.2 (java windows)
Content-Length: 81
Content-Type: application/json; charset=utf-8
host: localhost:57853
accept: */*

Response DefaultHttpResponse(decodeResult: success, version: HTTP/1.1)
HTTP/1.1 200 OK
Content-Type: application/json; charset=utf-8
cache-control: no-cache
content-length: 88

22:13:11.455 [AsyncHttpClient-1-6] DEBUG org.asynchttpclient.netty.channel.ChannelManager - Adding key: http://localhost:57853 for channel [id: 0x96dbde87, L:/127.0.0.1:62736 - R:localhost/127.0.0.1:57853]
22:13:11.457 [Forwarding getElementTagName on session 681b1acacbfae99d31f1a2fea8014769 to remote] DEBUG org.asynchttpclient.netty.request.NettyRequestSender - Using pooled Channel '[id: 0x96dbde87, L:/127.0.0.1:62736 - R:localhost/127.0.0.1:57853]' for 'GET' to 'http://localhost:57853/session/681b1acacbfae99d31f1a2fea8014769/element/6ee01fea-bb54-42d9-a980-620c9fddb6cb/name'
22:13:11.457 [Forwarding getElementTagName on session 681b1acacbfae99d31f1a2fea8014769 to remote] DEBUG org.asynchttpclient.netty.request.NettyRequestSender - Using open Channel [id: 0x96dbde87, L:/127.0.0.1:62736 - R:localhost/127.0.0.1:57853] for GET '/session/681b1acacbfae99d31f1a2fea8014769/element/6ee01fea-bb54-42d9-a980-620c9fddb6cb/name'
22:13:11.461 [AsyncHttpClient-1-6] DEBUG org.asynchttpclient.netty.handler.HttpHandler - 

Request DefaultFullHttpRequest(decodeResult: success, version: HTTP/1.1, content: EmptyByteBufBE)
GET /session/681b1acacbfae99d31f1a2fea8014769/element/6ee01fea-bb54-42d9-a980-620c9fddb6cb/name HTTP/1.1
User-Agent: selenium/4.1.2 (java windows)
Cache-Control: no-cache
Content-Type: application/json; charset=utf-8
host: localhost:57853
accept: */*

Response DefaultHttpResponse(decodeResult: success, version: HTTP/1.1)
HTTP/1.1 200 OK
Content-Type: application/json; charset=utf-8
cache-control: no-cache
content-length: 16

22:13:11.461 [AsyncHttpClient-1-6] DEBUG org.asynchttpclient.netty.channel.ChannelManager - Adding key: http://localhost:57853 for channel [id: 0x96dbde87, L:/127.0.0.1:62736 - R:localhost/127.0.0.1:57853]
22:13:11.461 [Forwarding getElementTagName on session 681b1acacbfae99d31f1a2fea8014769 to remote] DEBUG org.asynchttpclient.netty.request.NettyRequestSender - Using pooled Channel '[id: 0x96dbde87, L:/127.0.0.1:62736 - R:localhost/127.0.0.1:57853]' for 'GET' to 'http://localhost:57853/session/681b1acacbfae99d31f1a2fea8014769/element/6ee01fea-bb54-42d9-a980-620c9fddb6cb/name'
22:13:11.461 [Forwarding getElementTagName on session 681b1acacbfae99d31f1a2fea8014769 to remote] DEBUG org.asynchttpclient.netty.request.NettyRequestSender - Using open Channel [id: 0x96dbde87, L:/127.0.0.1:62736 - R:localhost/127.0.0.1:57853] for GET '/session/681b1acacbfae99d31f1a2fea8014769/element/6ee01fea-bb54-42d9-a980-620c9fddb6cb/name'
22:13:11.464 [AsyncHttpClient-1-6] DEBUG org.asynchttpclient.netty.handler.HttpHandler - 

Request DefaultFullHttpRequest(decodeResult: success, version: HTTP/1.1, content: EmptyByteBufBE)
GET /session/681b1acacbfae99d31f1a2fea8014769/element/6ee01fea-bb54-42d9-a980-620c9fddb6cb/name HTTP/1.1
User-Agent: selenium/4.1.2 (java windows)
Cache-Control: no-cache
Content-Type: application/json; charset=utf-8
host: localhost:57853
accept: */*

Response DefaultHttpResponse(decodeResult: success, version: HTTP/1.1)
HTTP/1.1 200 OK
Content-Type: application/json; charset=utf-8
cache-control: no-cache
content-length: 16

22:13:11.464 [AsyncHttpClient-1-6] DEBUG org.asynchttpclient.netty.channel.ChannelManager - Adding key: http://localhost:57853 for channel [id: 0x96dbde87, L:/127.0.0.1:62736 - R:localhost/127.0.0.1:57853]
22:13:11.466 [Forwarding findElement on session 681b1acacbfae99d31f1a2fea8014769 to remote] DEBUG org.asynchttpclient.netty.request.NettyRequestSender - Using pooled Channel '[id: 0x96dbde87, L:/127.0.0.1:62736 - R:localhost/127.0.0.1:57853]' for 'POST' to 'http://localhost:57853/session/681b1acacbfae99d31f1a2fea8014769/element'
22:13:11.466 [Forwarding findElement on session 681b1acacbfae99d31f1a2fea8014769 to remote] DEBUG org.asynchttpclient.netty.request.NettyRequestSender - Using open Channel [id: 0x96dbde87, L:/127.0.0.1:62736 - R:localhost/127.0.0.1:57853] for POST '/session/681b1acacbfae99d31f1a2fea8014769/element'
22:13:11.473 [AsyncHttpClient-1-6] DEBUG org.asynchttpclient.netty.handler.HttpHandler - 

Request DefaultHttpRequest(decodeResult: success, version: HTTP/1.1)
POST /session/681b1acacbfae99d31f1a2fea8014769/element HTTP/1.1
User-Agent: selenium/4.1.2 (java windows)
Content-Length: 81
Content-Type: application/json; charset=utf-8
host: localhost:57853
accept: */*

Response DefaultHttpResponse(decodeResult: success, version: HTTP/1.1)
HTTP/1.1 200 OK
Content-Type: application/json; charset=utf-8
cache-control: no-cache
content-length: 88

22:13:11.473 [AsyncHttpClient-1-6] DEBUG org.asynchttpclient.netty.channel.ChannelManager - Adding key: http://localhost:57853 for channel [id: 0x96dbde87, L:/127.0.0.1:62736 - R:localhost/127.0.0.1:57853]
22:13:11.474 [Forwarding clickElement on session 681b1acacbfae99d31f1a2fea8014769 to remote] DEBUG org.asynchttpclient.netty.request.NettyRequestSender - Using pooled Channel '[id: 0x96dbde87, L:/127.0.0.1:62736 - R:localhost/127.0.0.1:57853]' for 'POST' to 'http://localhost:57853/session/681b1acacbfae99d31f1a2fea8014769/element/6ee01fea-bb54-42d9-a980-620c9fddb6cb/click'
22:13:11.475 [Forwarding clickElement on session 681b1acacbfae99d31f1a2fea8014769 to remote] DEBUG org.asynchttpclient.netty.request.NettyRequestSender - Using open Channel [id: 0x96dbde87, L:/127.0.0.1:62736 - R:localhost/127.0.0.1:57853] for POST '/session/681b1acacbfae99d31f1a2fea8014769/element/6ee01fea-bb54-42d9-a980-620c9fddb6cb/click'
22:13:11.915 [AsyncHttpClient-1-6] DEBUG org.asynchttpclient.netty.handler.HttpHandler - 

Request DefaultHttpRequest(decodeResult: success, version: HTTP/1.1)
POST /session/681b1acacbfae99d31f1a2fea8014769/element/6ee01fea-bb54-42d9-a980-620c9fddb6cb/click HTTP/1.1
User-Agent: selenium/4.1.2 (java windows)
Content-Length: 50
Content-Type: application/json; charset=utf-8
host: localhost:57853
accept: */*

Response DefaultHttpResponse(decodeResult: success, version: HTTP/1.1)
HTTP/1.1 200 OK
Content-Type: application/json; charset=utf-8
cache-control: no-cache
content-length: 14

22:13:11.915 [AsyncHttpClient-1-6] DEBUG org.asynchttpclient.netty.channel.ChannelManager - Adding key: http://localhost:57853 for channel [id: 0x96dbde87, L:/127.0.0.1:62736 - R:localhost/127.0.0.1:57853]
  &amp#27;[32mThen &amp#27;[0m&amp#27;[32mI click baby on the header&amp#27;[0m &amp#27;[90m# starter.stepdefinitions.BabyStep.iClickBabyOnTheHeader()&amp#27;[0m
22:13:11.927 [Forwarding screenshot on session 681b1acacbfae99d31f1a2fea8014769 to remote] DEBUG org.asynchttpclient.netty.request.NettyRequestSender - Using pooled Channel '[id: 0x96dbde87, L:/127.0.0.1:62736 - R:localhost/127.0.0.1:57853]' for 'GET' to 'http://localhost:57853/session/681b1acacbfae99d31f1a2fea8014769/screenshot'
22:13:11.927 [Forwarding screenshot on session 681b1acacbfae99d31f1a2fea8014769 to remote] DEBUG org.asynchttpclient.netty.request.NettyRequestSender - Using open Channel [id: 0x96dbde87, L:/127.0.0.1:62736 - R:localhost/127.0.0.1:57853] for GET '/session/681b1acacbfae99d31f1a2fea8014769/screenshot'
22:13:12.037 [AsyncHttpClient-1-1] DEBUG org.asynchttpclient.netty.channel.DefaultChannelPool - Entry count for : http://localhost:62737 : 1
22:13:12.398 [AsyncHttpClient-1-6] DEBUG org.asynchttpclient.netty.handler.HttpHandler - 

Request DefaultFullHttpRequest(decodeResult: success, version: HTTP/1.1, content: EmptyByteBufBE)
GET /session/681b1acacbfae99d31f1a2fea8014769/screenshot HTTP/1.1
User-Agent: selenium/4.1.2 (java windows)
Cache-Control: no-cache
Content-Type: application/json; charset=utf-8
host: localhost:57853
accept: */*

Response DefaultHttpResponse(decodeResult: success, version: HTTP/1.1)
HTTP/1.1 200 OK
Content-Type: application/json; charset=utf-8
cache-control: no-cache
content-length: 62152

22:13:12.399 [AsyncHttpClient-1-6] DEBUG org.asynchttpclient.netty.channel.ChannelManager - Adding key: http://localhost:57853 for channel [id: 0x96dbde87, L:/127.0.0.1:62736 - R:localhost/127.0.0.1:57853]
22:13:12.406 [main] DEBUG net.serenitybdd.core.photography.Darkroom - Send negative for processing for target\site\serenity\e24dcf0e76a3b9a3003a120159a29047ac10468dedf9e088f387d3eda27f774d.png
22:13:12.407 [Darkroom Processing Line] DEBUG net.serenitybdd.core.photography.DarkroomProcessingLine - Processing screenshot image in /var/screenshots/screenshot-8302318965251985878
22:13:12.407 [Darkroom Processing Line] DEBUG net.serenitybdd.core.photography.DarkroomProcessingLine - Saving screenshot to target\site\serenity\e24dcf0e76a3b9a3003a120159a29047ac10468dedf9e088f387d3eda27f774d.png
22:13:12.431 [Forwarding findElement on session 681b1acacbfae99d31f1a2fea8014769 to remote] DEBUG org.asynchttpclient.netty.request.NettyRequestSender - Using pooled Channel '[id: 0x96dbde87, L:/127.0.0.1:62736 - R:localhost/127.0.0.1:57853]' for 'POST' to 'http://localhost:57853/session/681b1acacbfae99d31f1a2fea8014769/element'
22:13:12.431 [Forwarding findElement on session 681b1acacbfae99d31f1a2fea8014769 to remote] DEBUG org.asynchttpclient.netty.request.NettyRequestSender - Using open Channel [id: 0x96dbde87, L:/127.0.0.1:62736 - R:localhost/127.0.0.1:57853] for POST '/session/681b1acacbfae99d31f1a2fea8014769/element'
22:13:12.777 [AsyncHttpClient-1-6] DEBUG org.asynchttpclient.netty.handler.HttpHandler - 

Request DefaultHttpRequest(decodeResult: success, version: HTTP/1.1)
POST /session/681b1acacbfae99d31f1a2fea8014769/element HTTP/1.1
User-Agent: selenium/4.1.2 (java windows)
Content-Length: 107
Content-Type: application/json; charset=utf-8
host: localhost:57853
accept: */*

Response DefaultHttpResponse(decodeResult: success, version: HTTP/1.1)
HTTP/1.1 200 OK
Content-Type: application/json; charset=utf-8
cache-control: no-cache
content-length: 88

22:13:12.777 [AsyncHttpClient-1-6] DEBUG org.asynchttpclient.netty.channel.ChannelManager - Adding key: http://localhost:57853 for channel [id: 0x96dbde87, L:/127.0.0.1:62736 - R:localhost/127.0.0.1:57853]
22:13:12.778 [Forwarding getElementTagName on session 681b1acacbfae99d31f1a2fea8014769 to remote] DEBUG org.asynchttpclient.netty.request.NettyRequestSender - Using pooled Channel '[id: 0x96dbde87, L:/127.0.0.1:62736 - R:localhost/127.0.0.1:57853]' for 'GET' to 'http://localhost:57853/session/681b1acacbfae99d31f1a2fea8014769/element/b27c1ff6-f762-4657-9600-e4c1cd37a661/name'
22:13:12.778 [Forwarding getElementTagName on session 681b1acacbfae99d31f1a2fea8014769 to remote] DEBUG org.asynchttpclient.netty.request.NettyRequestSender - Using open Channel [id: 0x96dbde87, L:/127.0.0.1:62736 - R:localhost/127.0.0.1:57853] for GET '/session/681b1acacbfae99d31f1a2fea8014769/element/b27c1ff6-f762-4657-9600-e4c1cd37a661/name'
22:13:12.783 [AsyncHttpClient-1-6] DEBUG org.asynchttpclient.netty.handler.HttpHandler - 

Request DefaultFullHttpRequest(decodeResult: success, version: HTTP/1.1, content: EmptyByteBufBE)
GET /session/681b1acacbfae99d31f1a2fea8014769/element/b27c1ff6-f762-4657-9600-e4c1cd37a661/name HTTP/1.1
User-Agent: selenium/4.1.2 (java windows)
Cache-Control: no-cache
Content-Type: application/json; charset=utf-8
host: localhost:57853
accept: */*

Response DefaultHttpResponse(decodeResult: success, version: HTTP/1.1)
HTTP/1.1 200 OK
Content-Type: application/json; charset=utf-8
cache-control: no-cache
content-length: 16

22:13:12.783 [AsyncHttpClient-1-6] DEBUG org.asynchttpclient.netty.channel.ChannelManager - Adding key: http://localhost:57853 for channel [id: 0x96dbde87, L:/127.0.0.1:62736 - R:localhost/127.0.0.1:57853]
22:13:12.785 [Forwarding getElementTagName on session 681b1acacbfae99d31f1a2fea8014769 to remote] DEBUG org.asynchttpclient.netty.request.NettyRequestSender - Using pooled Channel '[id: 0x96dbde87, L:/127.0.0.1:62736 - R:localhost/127.0.0.1:57853]' for 'GET' to 'http://localhost:57853/session/681b1acacbfae99d31f1a2fea8014769/element/b27c1ff6-f762-4657-9600-e4c1cd37a661/name'
22:13:12.786 [Forwarding getElementTagName on session 681b1acacbfae99d31f1a2fea8014769 to remote] DEBUG org.asynchttpclient.netty.request.NettyRequestSender - Using open Channel [id: 0x96dbde87, L:/127.0.0.1:62736 - R:localhost/127.0.0.1:57853] for GET '/session/681b1acacbfae99d31f1a2fea8014769/element/b27c1ff6-f762-4657-9600-e4c1cd37a661/name'
22:13:12.790 [AsyncHttpClient-1-6] DEBUG org.asynchttpclient.netty.handler.HttpHandler - 

Request DefaultFullHttpRequest(decodeResult: success, version: HTTP/1.1, content: EmptyByteBufBE)
GET /session/681b1acacbfae99d31f1a2fea8014769/element/b27c1ff6-f762-4657-9600-e4c1cd37a661/name HTTP/1.1
User-Agent: selenium/4.1.2 (java windows)
Cache-Control: no-cache
Content-Type: application/json; charset=utf-8
host: localhost:57853
accept: */*

Response DefaultHttpResponse(decodeResult: success, version: HTTP/1.1)
HTTP/1.1 200 OK
Content-Type: application/json; charset=utf-8
cache-control: no-cache
content-length: 16

22:13:12.790 [AsyncHttpClient-1-6] DEBUG org.asynchttpclient.netty.channel.ChannelManager - Adding key: http://localhost:57853 for channel [id: 0x96dbde87, L:/127.0.0.1:62736 - R:localhost/127.0.0.1:57853]
22:13:12.792 [Forwarding findElement on session 681b1acacbfae99d31f1a2fea8014769 to remote] DEBUG org.asynchttpclient.netty.request.NettyRequestSender - Using pooled Channel '[id: 0x96dbde87, L:/127.0.0.1:62736 - R:localhost/127.0.0.1:57853]' for 'POST' to 'http://localhost:57853/session/681b1acacbfae99d31f1a2fea8014769/element'
22:13:12.792 [Forwarding findElement on session 681b1acacbfae99d31f1a2fea8014769 to remote] DEBUG org.asynchttpclient.netty.request.NettyRequestSender - Using open Channel [id: 0x96dbde87, L:/127.0.0.1:62736 - R:localhost/127.0.0.1:57853] for POST '/session/681b1acacbfae99d31f1a2fea8014769/element'
22:13:12.800 [AsyncHttpClient-1-6] DEBUG org.asynchttpclient.netty.handler.HttpHandler - 

Request DefaultHttpRequest(decodeResult: success, version: HTTP/1.1)
POST /session/681b1acacbfae99d31f1a2fea8014769/element HTTP/1.1
User-Agent: selenium/4.1.2 (java windows)
Content-Length: 107
Content-Type: application/json; charset=utf-8
host: localhost:57853
accept: */*

Response DefaultHttpResponse(decodeResult: success, version: HTTP/1.1)
HTTP/1.1 200 OK
Content-Type: application/json; charset=utf-8
cache-control: no-cache
content-length: 88

22:13:12.800 [AsyncHttpClient-1-6] DEBUG org.asynchttpclient.netty.channel.ChannelManager - Adding key: http://localhost:57853 for channel [id: 0x96dbde87, L:/127.0.0.1:62736 - R:localhost/127.0.0.1:57853]
22:13:12.802 [Forwarding clickElement on session 681b1acacbfae99d31f1a2fea8014769 to remote] DEBUG org.asynchttpclient.netty.request.NettyRequestSender - Using pooled Channel '[id: 0x96dbde87, L:/127.0.0.1:62736 - R:localhost/127.0.0.1:57853]' for 'POST' to 'http://localhost:57853/session/681b1acacbfae99d31f1a2fea8014769/element/b27c1ff6-f762-4657-9600-e4c1cd37a661/click'
22:13:12.802 [Forwarding clickElement on session 681b1acacbfae99d31f1a2fea8014769 to remote] DEBUG org.asynchttpclient.netty.request.NettyRequestSender - Using open Channel [id: 0x96dbde87, L:/127.0.0.1:62736 - R:localhost/127.0.0.1:57853] for POST '/session/681b1acacbfae99d31f1a2fea8014769/element/b27c1ff6-f762-4657-9600-e4c1cd37a661/click'
22:13:12.988 [AsyncHttpClient-1-6] DEBUG org.asynchttpclient.netty.handler.HttpHandler - 

Request DefaultHttpRequest(decodeResult: success, version: HTTP/1.1)
POST /session/681b1acacbfae99d31f1a2fea8014769/element/b27c1ff6-f762-4657-9600-e4c1cd37a661/click HTTP/1.1
User-Agent: selenium/4.1.2 (java windows)
Content-Length: 50
Content-Type: application/json; charset=utf-8
host: localhost:57853
accept: */*

Response DefaultHttpResponse(decodeResult: success, version: HTTP/1.1)
HTTP/1.1 200 OK
Content-Type: application/json; charset=utf-8
cache-control: no-cache
content-length: 14

22:13:12.988 [AsyncHttpClient-1-6] DEBUG org.asynchttpclient.netty.channel.ChannelManager - Adding key: http://localhost:57853 for channel [id: 0x96dbde87, L:/127.0.0.1:62736 - R:localhost/127.0.0.1:57853]
  &amp#27;[32mWhen &amp#27;[0m&amp#27;[32mI will go to &amp#27;[0m&amp#27;[32m&amp#27;[1m"kaosKaki1"&amp#27;[0m   &amp#27;[90m# starter.stepdefinitions.BabyStep.iWillGoTo(java.lang.String)&amp#27;[0m
22:13:13.009 [Forwarding screenshot on session 681b1acacbfae99d31f1a2fea8014769 to remote] DEBUG org.asynchttpclient.netty.request.NettyRequestSender - Using pooled Channel '[id: 0x96dbde87, L:/127.0.0.1:62736 - R:localhost/127.0.0.1:57853]' for 'GET' to 'http://localhost:57853/session/681b1acacbfae99d31f1a2fea8014769/screenshot'
22:13:13.009 [Forwarding screenshot on session 681b1acacbfae99d31f1a2fea8014769 to remote] DEBUG org.asynchttpclient.netty.request.NettyRequestSender - Using open Channel [id: 0x96dbde87, L:/127.0.0.1:62736 - R:localhost/127.0.0.1:57853] for GET '/session/681b1acacbfae99d31f1a2fea8014769/screenshot'
22:13:13.139 [AsyncHttpClient-1-1] DEBUG org.asynchttpclient.netty.channel.DefaultChannelPool - Entry count for : http://localhost:62737 : 1
22:13:13.319 [AsyncHttpClient-1-6] DEBUG org.asynchttpclient.netty.handler.HttpHandler - 

Request DefaultFullHttpRequest(decodeResult: success, version: HTTP/1.1, content: EmptyByteBufBE)
GET /session/681b1acacbfae99d31f1a2fea8014769/screenshot HTTP/1.1
User-Agent: selenium/4.1.2 (java windows)
Cache-Control: no-cache
Content-Type: application/json; charset=utf-8
host: localhost:57853
accept: */*

Response DefaultHttpResponse(decodeResult: success, version: HTTP/1.1)
HTTP/1.1 200 OK
Content-Type: application/json; charset=utf-8
cache-control: no-cache
content-length: 80608

22:13:13.320 [AsyncHttpClient-1-6] DEBUG org.asynchttpclient.netty.channel.ChannelManager - Adding key: http://localhost:57853 for channel [id: 0x96dbde87, L:/127.0.0.1:62736 - R:localhost/127.0.0.1:57853]
22:13:13.324 [main] DEBUG net.serenitybdd.core.photography.Darkroom - Send negative for processing for target\site\serenity\a61daa8170c461bdbae655e50cd90a4876879d44d5c7d181f3648ccbc2dbb9b2.png
22:13:13.324 [Darkroom Processing Line] DEBUG net.serenitybdd.core.photography.DarkroomProcessingLine - Processing screenshot image in /var/screenshots/screenshot-17978016559848024009
22:13:13.324 [Darkroom Processing Line] DEBUG net.serenitybdd.core.photography.DarkroomProcessingLine - Saving screenshot to target\site\serenity\a61daa8170c461bdbae655e50cd90a4876879d44d5c7d181f3648ccbc2dbb9b2.png
  &amp#27;[32mAnd &amp#27;[0m&amp#27;[32mI &amp#27;[0m&amp#27;[32m&amp#27;[1m"txtKaosKaki1"&amp#27;[0m&amp#27;[32m page&amp#27;[0m       &amp#27;[90m# starter.stepdefinitions.BabyStep.iPage(java.lang.String)&amp#27;[0m
22:13:13.336 [AsyncHttpClient-1-8] DEBUG org.asynchttpclient.netty.handler.WebSocketHandler - Channel Closed: [id: 0xfc2d1649, L:/127.0.0.1:62744 ! R:localhost/127.0.0.1:62737] with attribute NettyResponseFuture{currentRetry=5,
	isDone=1,
	isCancelled=0,
	asyncHandler=org.asynchttpclient.ws.WebSocketUpgradeHandler@78f580,
	nettyRequest=org.asynchttpclient.netty.request.NettyRequest@5173ef95,
	future=java.util.concurrent.CompletableFuture@64e4565d[Completed normally],
	uri=ws://localhost:62737/devtools/browser/45d6de1c-7e65-4b01-a5b7-d0f39b3ffb2d,
	keepAlive=true,
	redirectCount=0,
	timeoutsHolder=null,
	inAuth=0,
	touch=1680707578756}
22:13:13.337 [AsyncHttpClient-1-8] DEBUG org.asynchttpclient.netty.channel.ChannelManager - Closing Channel [id: 0xfc2d1649, L:/127.0.0.1:62744 ! R:localhost/127.0.0.1:62737] 
22:13:13.337 [Driver Command Executor] DEBUG org.asynchttpclient.netty.request.NettyRequestSender - Using pooled Channel '[id: 0x96dbde87, L:/127.0.0.1:62736 - R:localhost/127.0.0.1:57853]' for 'DELETE' to 'http://localhost:57853/session/681b1acacbfae99d31f1a2fea8014769'
22:13:13.337 [Driver Command Executor] DEBUG org.asynchttpclient.netty.request.NettyRequestSender - Using open Channel [id: 0x96dbde87, L:/127.0.0.1:62736 - R:localhost/127.0.0.1:57853] for DELETE '/session/681b1acacbfae99d31f1a2fea8014769'
22:13:13.379 [AsyncHttpClient-1-7] DEBUG org.asynchttpclient.netty.handler.HttpHandler - Unexpected I/O exception on channel [id: 0x9ddaf3e3, L:/127.0.0.1:62743 - R:localhost/127.0.0.1:62737]
java.net.SocketException: Connection reset
	at java.base/sun.nio.ch.SocketChannelImpl.throwConnectionReset(SocketChannelImpl.java:345)
	at java.base/sun.nio.ch.SocketChannelImpl.read(SocketChannelImpl.java:376)
	at io.netty.buffer.PooledByteBuf.setBytes(PooledByteBuf.java:258)
	at io.netty.buffer.AbstractByteBuf.writeBytes(AbstractByteBuf.java:1132)
	at io.netty.channel.socket.nio.NioSocketChannel.doReadBytes(NioSocketChannel.java:350)
	at io.netty.channel.nio.AbstractNioByteChannel$NioByteUnsafe.read(AbstractNioByteChannel.java:151)
	at io.netty.channel.nio.NioEventLoop.processSelectedKey(NioEventLoop.java:722)
	at io.netty.channel.nio.NioEventLoop.processSelectedKeysOptimized(NioEventLoop.java:658)
	at io.netty.channel.nio.NioEventLoop.processSelectedKeys(NioEventLoop.java:584)
	at io.netty.channel.nio.NioEventLoop.run(NioEventLoop.java:496)
	at io.netty.util.concurrent.SingleThreadEventExecutor$4.run(SingleThreadEventExecutor.java:986)
	at io.netty.util.internal.ThreadExecutorMap$2.run(ThreadExecutorMap.java:74)
	at io.netty.util.concurrent.FastThreadLocalRunnable.run(FastThreadLocalRunnable.java:30)
	at java.base/java.lang.Thread.run(Thread.java:830)
22:13:13.379 [AsyncHttpClient-1-7] DEBUG org.asynchttpclient.netty.channel.ChannelManager - Closing Channel [id: 0x9ddaf3e3, L:/127.0.0.1:62743 - R:localhost/127.0.0.1:62737] 
22:13:13.379 [AsyncHttpClient-1-7] DEBUG org.asynchttpclient.netty.handler.HttpHandler - Channel Closed: [id: 0x9ddaf3e3, L:/127.0.0.1:62743 ! R:localhost/127.0.0.1:62737] with attribute DISCARD
22:13:13.418 [AsyncHttpClient-1-6] DEBUG org.asynchttpclient.netty.handler.HttpHandler - 

Request DefaultFullHttpRequest(decodeResult: success, version: HTTP/1.1, content: EmptyByteBufBE)
DELETE /session/681b1acacbfae99d31f1a2fea8014769 HTTP/1.1
User-Agent: selenium/4.1.2 (java windows)
Content-Type: application/json; charset=utf-8
host: localhost:57853
accept: */*

Response DefaultHttpResponse(decodeResult: success, version: HTTP/1.1)
HTTP/1.1 200 OK
Content-Type: application/json; charset=utf-8
cache-control: no-cache
content-length: 14

22:13:13.418 [AsyncHttpClient-1-6] DEBUG org.asynchttpclient.netty.channel.ChannelManager - Adding key: http://localhost:57853 for channel [id: 0x96dbde87, L:/127.0.0.1:62736 - R:localhost/127.0.0.1:57853]
22:13:13.528 [AsyncHttpClient-1-6] DEBUG org.asynchttpclient.netty.handler.HttpHandler - Channel Closed: [id: 0x96dbde87, L:/127.0.0.1:62736 ! R:localhost/127.0.0.1:57853] with attribute DISCARD
]]></system-out>
    <system-err><![CDATA[Starting Microsoft Edge WebDriver 111.0.1661.62 (0a8f453929e6410c973aa529a40485ce4e3e03db) on port 57853
To submit feedback, report a bug, or suggest new features, please visit https://github.com/MicrosoftEdge/EdgeWebDriver

Only local connections are allowed.
Please see https://aka.ms/WebDriverSecurity for suggestions on keeping Microsoft Edge WebDriver safe.

Microsoft Edge WebDriver was started successfully.
Apr 05, 2023 10:12:58 PM org.openqa.selenium.remote.ProtocolHandshake createSession
INFO: Detected dialect: W3C
Apr 05, 2023 10:12:58 PM org.openqa.selenium.devtools.CdpVersionFinder findNearestMatch
WARNING: Unable to find an exact match for CDP version 111, so returning the closest version found: a no-op implementation
Apr 05, 2023 10:12:58 PM org.openqa.selenium.devtools.CdpVersionFinder findNearestMatch
INFO: Unable to find CDP implementation matching 111.
Apr 05, 2023 10:12:58 PM org.openqa.selenium.chromium.ChromiumDriver lambda$new$3
WARNING: Unable to find version of CDP to use for . You may need to include a dependency on a specific version of the CDP using something similar to `org.seleniumhq.selenium:selenium-devtools-v86:4.1.2` where the version ("v86") matches the version of the chromium-based browser you're using and the version number of the artifact is the same as Selenium's.
]]></system-err>
  </testcase>
  <testcase name="Fitur Menu Baby #14" classname="Baby" time="11.028">
    <system-out><![CDATA[
Scenario Outline: Fitur Menu Baby &amp#27;[90m# src/test/resources/features/Baby.feature:106&amp#27;[0m
22:13:14.129 [main] INFO io.cucumber.core.plugin.SerenityReporter - Running feature from file:///C:/Users/alwi/IdeaProjects/uniqloweb/src/test/resources/features/Baby.feature
22:13:14.248 [AsyncHttpClient-1-1] DEBUG org.asynchttpclient.netty.channel.DefaultChannelPool - Entry count for : http://localhost:57853 : 1
22:13:14.248 [AsyncHttpClient-1-1] DEBUG org.asynchttpclient.netty.channel.DefaultChannelPool - Entry count for : http://localhost:62737 : 1
22:13:14.248 [AsyncHttpClient-1-1] DEBUG org.asynchttpclient.netty.channel.DefaultChannelPool - Adding Candidate expired Channel [id: 0x96dbde87, L:/127.0.0.1:62736 ! R:localhost/127.0.0.1:57853] isIdleTimeoutExpired=false isRemotelyClosed=true isTtlExpired=false
22:13:14.248 [AsyncHttpClient-1-1] DEBUG org.asynchttpclient.netty.channel.DefaultChannelPool - Closing Idle Channel [id: 0x96dbde87, L:/127.0.0.1:62736 ! R:localhost/127.0.0.1:57853]
22:13:14.248 [AsyncHttpClient-1-1] DEBUG org.asynchttpclient.netty.channel.DefaultChannelPool - Adding Candidate expired Channel [id: 0x9ddaf3e3, L:/127.0.0.1:62743 ! R:localhost/127.0.0.1:62737] isIdleTimeoutExpired=false isRemotelyClosed=true isTtlExpired=false
22:13:14.248 [AsyncHttpClient-1-1] DEBUG org.asynchttpclient.netty.channel.DefaultChannelPool - Closing Idle Channel [id: 0x9ddaf3e3, L:/127.0.0.1:62743 ! R:localhost/127.0.0.1:62737]
22:13:14.248 [AsyncHttpClient-1-1] DEBUG org.asynchttpclient.netty.channel.DefaultChannelPool - Closed 2 connections out of 2 in 0 ms
22:13:14.252 [main] DEBUG io.github.bonigarcia.wdm.cache.ResolutionCache - Resolution edge=111 in cache (valid until 23:09:49 05/04/2023 WIB)
22:13:14.256 [main] DEBUG io.github.bonigarcia.wdm.cache.ResolutionCache - Resolution edge111=111.0.1661.62 in cache (valid until 15:17:30 06/04/2023 WIB)
22:13:14.257 [main] INFO io.github.bonigarcia.wdm.WebDriverManager - Using msedgedriver 111.0.1661.62 (resolved driver for Edge 111)
22:13:14.269 [main] DEBUG io.github.bonigarcia.wdm.WebDriverManager - Driver msedgedriver 111.0.1661.62 found in cache
22:13:14.270 [main] INFO io.github.bonigarcia.wdm.WebDriverManager - Exporting webdriver.edge.driver as C:\Users\alwi\.cache\selenium\msedgedriver\win64\111.0.1661.62\msedgedriver.exe
22:13:14.273 [main] DEBUG net.serenitybdd.core.webdriver.driverproviders.ProvideNewDriver - Instantiating driver
22:13:14.273 [main] DEBUG net.serenitybdd.core.webdriver.driverproviders.ProvideNewDriver - Driver capabilities: Capabilities {base.url: https://www.uniqlo.com, chrome.driver: src/test/resources/webdrive..., driver: edge, ms:edgeChromium: true, ms:edgeOptions: {}, wait.for.timeout: 6000}
22:13:14.813 [AsyncHttpClient-1-9] DEBUG org.asynchttpclient.netty.channel.NettyConnectListener - Using new Channel '[id: 0xed385caa, L:/127.0.0.1:62878 - R:localhost/127.0.0.1:49160]' for 'POST' to '/session'
22:13:15.419 [AsyncHttpClient-1-9] DEBUG org.asynchttpclient.netty.handler.HttpHandler - 

Request DefaultHttpRequest(decodeResult: success, version: HTTP/1.1)
POST /session HTTP/1.1
User-Agent: selenium/4.1.2 (java windows)
Content-Length: 627
Content-Type: application/json; charset=utf-8
host: localhost:49160
accept: */*

Response DefaultHttpResponse(decodeResult: success, version: HTTP/1.1)
HTTP/1.1 200 OK
Content-Type: application/json; charset=utf-8
cache-control: no-cache
content-length: 824

22:13:15.419 [AsyncHttpClient-1-9] DEBUG org.asynchttpclient.netty.channel.ChannelManager - Adding key: http://localhost:49160 for channel [id: 0xed385caa, L:/127.0.0.1:62878 - R:localhost/127.0.0.1:49160]
22:13:15.424 [AsyncHttpClient-1-10] DEBUG org.asynchttpclient.netty.channel.NettyConnectListener - Using new Channel '[id: 0xc9250e6a, L:/127.0.0.1:62886 - R:localhost/127.0.0.1:62879]' for 'GET' to '/json/version'
22:13:15.424 [AsyncHttpClient-1-10] DEBUG org.asynchttpclient.netty.handler.HttpHandler - 

Request DefaultFullHttpRequest(decodeResult: success, version: HTTP/1.1, content: EmptyByteBufBE)
GET /json/version HTTP/1.1
User-Agent: selenium/4.1.2 (java windows)
host: localhost:62879
accept: */*

Response DefaultHttpResponse(decodeResult: success, version: HTTP/1.1)
HTTP/1.1 200 OK
Content-Security-Policy: frame-ancestors 'none'
Content-Type: application/json; charset=UTF-8
content-length: 436

22:13:15.425 [AsyncHttpClient-1-10] DEBUG org.asynchttpclient.netty.channel.ChannelManager - Adding key: http://localhost:62879 for channel [id: 0xc9250e6a, L:/127.0.0.1:62886 - R:localhost/127.0.0.1:62879]
22:13:15.426 [AsyncHttpClient-1-11] DEBUG org.asynchttpclient.netty.channel.NettyConnectListener - Using new Channel '[id: 0x7ae1f3af, L:/127.0.0.1:62887 - R:localhost/127.0.0.1:62879]' for 'GET' to '/devtools/browser/b907011a-6ebc-495d-9799-81fa1907426f'
22:13:15.427 [AsyncHttpClient-1-11] DEBUG org.asynchttpclient.netty.handler.WebSocketHandler - 

Request DefaultFullHttpRequest(decodeResult: success, version: HTTP/1.1, content: EmptyByteBufBE)
GET /devtools/browser/b907011a-6ebc-495d-9799-81fa1907426f HTTP/1.1
upgrade: websocket
connection: upgrade
sec-websocket-key: IMjwgGlisPbX1nEpopmFCg==
sec-websocket-version: 13
origin: http://localhost:62879
host: localhost:62879
accept: */*
user-agent: AHC/2.1

Response DefaultHttpResponse(decodeResult: success, version: HTTP/1.1)
HTTP/1.1 101 WebSocket Protocol Handshake
Upgrade: WebSocket
Connection: Upgrade
Sec-WebSocket-Accept: 3OPc7Pq6kNS7khuJ+d42gsLGTl4=

22:13:15.434 [Forwarding get on session 6a619d9d354e5e563b3ac6c03ee3b26b to remote] DEBUG org.asynchttpclient.netty.request.NettyRequestSender - Using pooled Channel '[id: 0xed385caa, L:/127.0.0.1:62878 - R:localhost/127.0.0.1:49160]' for 'POST' to 'http://localhost:49160/session/6a619d9d354e5e563b3ac6c03ee3b26b/url'
22:13:15.434 [Forwarding get on session 6a619d9d354e5e563b3ac6c03ee3b26b to remote] DEBUG org.asynchttpclient.netty.request.NettyRequestSender - Using open Channel [id: 0xed385caa, L:/127.0.0.1:62878 - R:localhost/127.0.0.1:49160] for POST '/session/6a619d9d354e5e563b3ac6c03ee3b26b/url'
22:13:16.440 [AsyncHttpClient-1-1] DEBUG org.asynchttpclient.netty.channel.DefaultChannelPool - Entry count for : http://localhost:62879 : 1
22:13:17.544 [AsyncHttpClient-1-1] DEBUG org.asynchttpclient.netty.channel.DefaultChannelPool - Entry count for : http://localhost:62879 : 1
22:13:18.638 [AsyncHttpClient-1-1] DEBUG org.asynchttpclient.netty.channel.DefaultChannelPool - Entry count for : http://localhost:62879 : 1
22:13:19.745 [AsyncHttpClient-1-1] DEBUG org.asynchttpclient.netty.channel.DefaultChannelPool - Entry count for : http://localhost:62879 : 1
22:13:20.839 [AsyncHttpClient-1-1] DEBUG org.asynchttpclient.netty.channel.DefaultChannelPool - Entry count for : http://localhost:62879 : 1
22:13:21.946 [AsyncHttpClient-1-1] DEBUG org.asynchttpclient.netty.channel.DefaultChannelPool - Entry count for : http://localhost:62879 : 1
22:13:22.066 [AsyncHttpClient-1-9] DEBUG org.asynchttpclient.netty.handler.HttpHandler - 

Request DefaultHttpRequest(decodeResult: success, version: HTTP/1.1)
POST /session/6a619d9d354e5e563b3ac6c03ee3b26b/url HTTP/1.1
User-Agent: selenium/4.1.2 (java windows)
Content-Length: 53
Content-Type: application/json; charset=utf-8
host: localhost:49160
accept: */*

Response DefaultHttpResponse(decodeResult: success, version: HTTP/1.1)
HTTP/1.1 200 OK
Content-Type: application/json; charset=utf-8
cache-control: no-cache
content-length: 14

22:13:22.066 [AsyncHttpClient-1-9] DEBUG org.asynchttpclient.netty.channel.ChannelManager - Adding key: http://localhost:49160 for channel [id: 0xed385caa, L:/127.0.0.1:62878 - R:localhost/127.0.0.1:49160]
22:13:22.067 [Forwarding setTimeout on session 6a619d9d354e5e563b3ac6c03ee3b26b to remote] DEBUG org.asynchttpclient.netty.request.NettyRequestSender - Using pooled Channel '[id: 0xed385caa, L:/127.0.0.1:62878 - R:localhost/127.0.0.1:49160]' for 'POST' to 'http://localhost:49160/session/6a619d9d354e5e563b3ac6c03ee3b26b/timeouts'
22:13:22.067 [Forwarding setTimeout on session 6a619d9d354e5e563b3ac6c03ee3b26b to remote] DEBUG org.asynchttpclient.netty.request.NettyRequestSender - Using open Channel [id: 0xed385caa, L:/127.0.0.1:62878 - R:localhost/127.0.0.1:49160] for POST '/session/6a619d9d354e5e563b3ac6c03ee3b26b/timeouts'
22:13:22.068 [AsyncHttpClient-1-9] DEBUG org.asynchttpclient.netty.handler.HttpHandler - 

Request DefaultHttpRequest(decodeResult: success, version: HTTP/1.1)
POST /session/6a619d9d354e5e563b3ac6c03ee3b26b/timeouts HTTP/1.1
User-Agent: selenium/4.1.2 (java windows)
Content-Length: 22
Content-Type: application/json; charset=utf-8
host: localhost:49160
accept: */*

Response DefaultHttpResponse(decodeResult: success, version: HTTP/1.1)
HTTP/1.1 200 OK
Content-Type: application/json; charset=utf-8
cache-control: no-cache
content-length: 14

22:13:22.068 [AsyncHttpClient-1-9] DEBUG org.asynchttpclient.netty.channel.ChannelManager - Adding key: http://localhost:49160 for channel [id: 0xed385caa, L:/127.0.0.1:62878 - R:localhost/127.0.0.1:49160]
22:13:22.070 [Forwarding getCurrentUrl on session 6a619d9d354e5e563b3ac6c03ee3b26b to remote] DEBUG org.asynchttpclient.netty.request.NettyRequestSender - Using pooled Channel '[id: 0xed385caa, L:/127.0.0.1:62878 - R:localhost/127.0.0.1:49160]' for 'GET' to 'http://localhost:49160/session/6a619d9d354e5e563b3ac6c03ee3b26b/url'
22:13:22.070 [Forwarding getCurrentUrl on session 6a619d9d354e5e563b3ac6c03ee3b26b to remote] DEBUG org.asynchttpclient.netty.request.NettyRequestSender - Using open Channel [id: 0xed385caa, L:/127.0.0.1:62878 - R:localhost/127.0.0.1:49160] for GET '/session/6a619d9d354e5e563b3ac6c03ee3b26b/url'
22:13:22.082 [AsyncHttpClient-1-9] DEBUG org.asynchttpclient.netty.handler.HttpHandler - 

Request DefaultFullHttpRequest(decodeResult: success, version: HTTP/1.1, content: EmptyByteBufBE)
GET /session/6a619d9d354e5e563b3ac6c03ee3b26b/url HTTP/1.1
User-Agent: selenium/4.1.2 (java windows)
Cache-Control: no-cache
Content-Type: application/json; charset=utf-8
host: localhost:49160
accept: */*

Response DefaultHttpResponse(decodeResult: success, version: HTTP/1.1)
HTTP/1.1 200 OK
Content-Type: application/json; charset=utf-8
cache-control: no-cache
content-length: 41

22:13:22.082 [AsyncHttpClient-1-9] DEBUG org.asynchttpclient.netty.channel.ChannelManager - Adding key: http://localhost:49160 for channel [id: 0xed385caa, L:/127.0.0.1:62878 - R:localhost/127.0.0.1:49160]
  &amp#27;[32mGiven &amp#27;[0m&amp#27;[32mI am on the home page&amp#27;[0m     &amp#27;[90m# starter.stepdefinitions.BabyStep.iAmOnTheHomePage()&amp#27;[0m
22:13:22.086 [Forwarding screenshot on session 6a619d9d354e5e563b3ac6c03ee3b26b to remote] DEBUG org.asynchttpclient.netty.request.NettyRequestSender - Using pooled Channel '[id: 0xed385caa, L:/127.0.0.1:62878 - R:localhost/127.0.0.1:49160]' for 'GET' to 'http://localhost:49160/session/6a619d9d354e5e563b3ac6c03ee3b26b/screenshot'
22:13:22.086 [Forwarding screenshot on session 6a619d9d354e5e563b3ac6c03ee3b26b to remote] DEBUG org.asynchttpclient.netty.request.NettyRequestSender - Using open Channel [id: 0xed385caa, L:/127.0.0.1:62878 - R:localhost/127.0.0.1:49160] for GET '/session/6a619d9d354e5e563b3ac6c03ee3b26b/screenshot'
22:13:22.424 [AsyncHttpClient-1-9] DEBUG org.asynchttpclient.netty.handler.HttpHandler - 

Request DefaultFullHttpRequest(decodeResult: success, version: HTTP/1.1, content: EmptyByteBufBE)
GET /session/6a619d9d354e5e563b3ac6c03ee3b26b/screenshot HTTP/1.1
User-Agent: selenium/4.1.2 (java windows)
Cache-Control: no-cache
Content-Type: application/json; charset=utf-8
host: localhost:49160
accept: */*

Response DefaultHttpResponse(decodeResult: success, version: HTTP/1.1)
HTTP/1.1 200 OK
Content-Type: application/json; charset=utf-8
cache-control: no-cache
content-length: 1119968

22:13:22.427 [AsyncHttpClient-1-9] DEBUG org.asynchttpclient.netty.channel.ChannelManager - Adding key: http://localhost:49160 for channel [id: 0xed385caa, L:/127.0.0.1:62878 - R:localhost/127.0.0.1:49160]
22:13:22.459 [main] DEBUG net.serenitybdd.core.photography.Darkroom - Send negative for processing for target\site\serenity\3d1b19ad31921c0beae4332facd941fcc81467ad5802877977ec6c100df601ce.png
22:13:22.467 [Forwarding findElement on session 6a619d9d354e5e563b3ac6c03ee3b26b to remote] DEBUG org.asynchttpclient.netty.request.NettyRequestSender - Using pooled Channel '[id: 0xed385caa, L:/127.0.0.1:62878 - R:localhost/127.0.0.1:49160]' for 'POST' to 'http://localhost:49160/session/6a619d9d354e5e563b3ac6c03ee3b26b/element'
22:13:22.467 [Forwarding findElement on session 6a619d9d354e5e563b3ac6c03ee3b26b to remote] DEBUG org.asynchttpclient.netty.request.NettyRequestSender - Using open Channel [id: 0xed385caa, L:/127.0.0.1:62878 - R:localhost/127.0.0.1:49160] for POST '/session/6a619d9d354e5e563b3ac6c03ee3b26b/element'
22:13:22.479 [AsyncHttpClient-1-9] DEBUG org.asynchttpclient.netty.handler.HttpHandler - 

Request DefaultHttpRequest(decodeResult: success, version: HTTP/1.1)
POST /session/6a619d9d354e5e563b3ac6c03ee3b26b/element HTTP/1.1
User-Agent: selenium/4.1.2 (java windows)
Content-Length: 81
Content-Type: application/json; charset=utf-8
host: localhost:49160
accept: */*

Response DefaultHttpResponse(decodeResult: success, version: HTTP/1.1)
HTTP/1.1 200 OK
Content-Type: application/json; charset=utf-8
cache-control: no-cache
content-length: 88

22:13:22.479 [AsyncHttpClient-1-9] DEBUG org.asynchttpclient.netty.channel.ChannelManager - Adding key: http://localhost:49160 for channel [id: 0xed385caa, L:/127.0.0.1:62878 - R:localhost/127.0.0.1:49160]
22:13:22.481 [Forwarding getElementTagName on session 6a619d9d354e5e563b3ac6c03ee3b26b to remote] DEBUG org.asynchttpclient.netty.request.NettyRequestSender - Using pooled Channel '[id: 0xed385caa, L:/127.0.0.1:62878 - R:localhost/127.0.0.1:49160]' for 'GET' to 'http://localhost:49160/session/6a619d9d354e5e563b3ac6c03ee3b26b/element/68d1ec69-26a7-4960-8537-7458da82d1a5/name'
22:13:22.481 [Forwarding getElementTagName on session 6a619d9d354e5e563b3ac6c03ee3b26b to remote] DEBUG org.asynchttpclient.netty.request.NettyRequestSender - Using open Channel [id: 0xed385caa, L:/127.0.0.1:62878 - R:localhost/127.0.0.1:49160] for GET '/session/6a619d9d354e5e563b3ac6c03ee3b26b/element/68d1ec69-26a7-4960-8537-7458da82d1a5/name'
22:13:22.485 [AsyncHttpClient-1-9] DEBUG org.asynchttpclient.netty.handler.HttpHandler - 

Request DefaultFullHttpRequest(decodeResult: success, version: HTTP/1.1, content: EmptyByteBufBE)
GET /session/6a619d9d354e5e563b3ac6c03ee3b26b/element/68d1ec69-26a7-4960-8537-7458da82d1a5/name HTTP/1.1
User-Agent: selenium/4.1.2 (java windows)
Cache-Control: no-cache
Content-Type: application/json; charset=utf-8
host: localhost:49160
accept: */*

Response DefaultHttpResponse(decodeResult: success, version: HTTP/1.1)
HTTP/1.1 200 OK
Content-Type: application/json; charset=utf-8
cache-control: no-cache
content-length: 16

22:13:22.485 [AsyncHttpClient-1-9] DEBUG org.asynchttpclient.netty.channel.ChannelManager - Adding key: http://localhost:49160 for channel [id: 0xed385caa, L:/127.0.0.1:62878 - R:localhost/127.0.0.1:49160]
22:13:22.486 [Forwarding getElementTagName on session 6a619d9d354e5e563b3ac6c03ee3b26b to remote] DEBUG org.asynchttpclient.netty.request.NettyRequestSender - Using pooled Channel '[id: 0xed385caa, L:/127.0.0.1:62878 - R:localhost/127.0.0.1:49160]' for 'GET' to 'http://localhost:49160/session/6a619d9d354e5e563b3ac6c03ee3b26b/element/68d1ec69-26a7-4960-8537-7458da82d1a5/name'
22:13:22.486 [Forwarding getElementTagName on session 6a619d9d354e5e563b3ac6c03ee3b26b to remote] DEBUG org.asynchttpclient.netty.request.NettyRequestSender - Using open Channel [id: 0xed385caa, L:/127.0.0.1:62878 - R:localhost/127.0.0.1:49160] for GET '/session/6a619d9d354e5e563b3ac6c03ee3b26b/element/68d1ec69-26a7-4960-8537-7458da82d1a5/name'
22:13:22.489 [AsyncHttpClient-1-9] DEBUG org.asynchttpclient.netty.handler.HttpHandler - 

Request DefaultFullHttpRequest(decodeResult: success, version: HTTP/1.1, content: EmptyByteBufBE)
GET /session/6a619d9d354e5e563b3ac6c03ee3b26b/element/68d1ec69-26a7-4960-8537-7458da82d1a5/name HTTP/1.1
User-Agent: selenium/4.1.2 (java windows)
Cache-Control: no-cache
Content-Type: application/json; charset=utf-8
host: localhost:49160
accept: */*

Response DefaultHttpResponse(decodeResult: success, version: HTTP/1.1)
HTTP/1.1 200 OK
Content-Type: application/json; charset=utf-8
cache-control: no-cache
content-length: 16

22:13:22.489 [AsyncHttpClient-1-9] DEBUG org.asynchttpclient.netty.channel.ChannelManager - Adding key: http://localhost:49160 for channel [id: 0xed385caa, L:/127.0.0.1:62878 - R:localhost/127.0.0.1:49160]
22:13:22.491 [Forwarding findElement on session 6a619d9d354e5e563b3ac6c03ee3b26b to remote] DEBUG org.asynchttpclient.netty.request.NettyRequestSender - Using pooled Channel '[id: 0xed385caa, L:/127.0.0.1:62878 - R:localhost/127.0.0.1:49160]' for 'POST' to 'http://localhost:49160/session/6a619d9d354e5e563b3ac6c03ee3b26b/element'
22:13:22.491 [Forwarding findElement on session 6a619d9d354e5e563b3ac6c03ee3b26b to remote] DEBUG org.asynchttpclient.netty.request.NettyRequestSender - Using open Channel [id: 0xed385caa, L:/127.0.0.1:62878 - R:localhost/127.0.0.1:49160] for POST '/session/6a619d9d354e5e563b3ac6c03ee3b26b/element'
22:13:22.498 [AsyncHttpClient-1-9] DEBUG org.asynchttpclient.netty.handler.HttpHandler - 

Request DefaultHttpRequest(decodeResult: success, version: HTTP/1.1)
POST /session/6a619d9d354e5e563b3ac6c03ee3b26b/element HTTP/1.1
User-Agent: selenium/4.1.2 (java windows)
Content-Length: 81
Content-Type: application/json; charset=utf-8
host: localhost:49160
accept: */*

Response DefaultHttpResponse(decodeResult: success, version: HTTP/1.1)
HTTP/1.1 200 OK
Content-Type: application/json; charset=utf-8
cache-control: no-cache
content-length: 88

22:13:22.498 [AsyncHttpClient-1-9] DEBUG org.asynchttpclient.netty.channel.ChannelManager - Adding key: http://localhost:49160 for channel [id: 0xed385caa, L:/127.0.0.1:62878 - R:localhost/127.0.0.1:49160]
22:13:22.500 [Forwarding clickElement on session 6a619d9d354e5e563b3ac6c03ee3b26b to remote] DEBUG org.asynchttpclient.netty.request.NettyRequestSender - Using pooled Channel '[id: 0xed385caa, L:/127.0.0.1:62878 - R:localhost/127.0.0.1:49160]' for 'POST' to 'http://localhost:49160/session/6a619d9d354e5e563b3ac6c03ee3b26b/element/68d1ec69-26a7-4960-8537-7458da82d1a5/click'
22:13:22.500 [Forwarding clickElement on session 6a619d9d354e5e563b3ac6c03ee3b26b to remote] DEBUG org.asynchttpclient.netty.request.NettyRequestSender - Using open Channel [id: 0xed385caa, L:/127.0.0.1:62878 - R:localhost/127.0.0.1:49160] for POST '/session/6a619d9d354e5e563b3ac6c03ee3b26b/element/68d1ec69-26a7-4960-8537-7458da82d1a5/click'
22:13:22.966 [AsyncHttpClient-1-9] DEBUG org.asynchttpclient.netty.handler.HttpHandler - 

Request DefaultHttpRequest(decodeResult: success, version: HTTP/1.1)
POST /session/6a619d9d354e5e563b3ac6c03ee3b26b/element/68d1ec69-26a7-4960-8537-7458da82d1a5/click HTTP/1.1
User-Agent: selenium/4.1.2 (java windows)
Content-Length: 50
Content-Type: application/json; charset=utf-8
host: localhost:49160
accept: */*

Response DefaultHttpResponse(decodeResult: success, version: HTTP/1.1)
HTTP/1.1 200 OK
Content-Type: application/json; charset=utf-8
cache-control: no-cache
content-length: 14

22:13:22.966 [AsyncHttpClient-1-9] DEBUG org.asynchttpclient.netty.channel.ChannelManager - Adding key: http://localhost:49160 for channel [id: 0xed385caa, L:/127.0.0.1:62878 - R:localhost/127.0.0.1:49160]
  &amp#27;[32mThen &amp#27;[0m&amp#27;[32mI click baby on the header&amp#27;[0m &amp#27;[90m# starter.stepdefinitions.BabyStep.iClickBabyOnTheHeader()&amp#27;[0m
22:13:22.975 [Forwarding screenshot on session 6a619d9d354e5e563b3ac6c03ee3b26b to remote] DEBUG org.asynchttpclient.netty.request.NettyRequestSender - Using pooled Channel '[id: 0xed385caa, L:/127.0.0.1:62878 - R:localhost/127.0.0.1:49160]' for 'GET' to 'http://localhost:49160/session/6a619d9d354e5e563b3ac6c03ee3b26b/screenshot'
22:13:22.975 [Forwarding screenshot on session 6a619d9d354e5e563b3ac6c03ee3b26b to remote] DEBUG org.asynchttpclient.netty.request.NettyRequestSender - Using open Channel [id: 0xed385caa, L:/127.0.0.1:62878 - R:localhost/127.0.0.1:49160] for GET '/session/6a619d9d354e5e563b3ac6c03ee3b26b/screenshot'
22:13:23.044 [AsyncHttpClient-1-1] DEBUG org.asynchttpclient.netty.channel.DefaultChannelPool - Entry count for : http://localhost:62879 : 1
22:13:23.718 [AsyncHttpClient-1-9] DEBUG org.asynchttpclient.netty.handler.HttpHandler - 

Request DefaultFullHttpRequest(decodeResult: success, version: HTTP/1.1, content: EmptyByteBufBE)
GET /session/6a619d9d354e5e563b3ac6c03ee3b26b/screenshot HTTP/1.1
User-Agent: selenium/4.1.2 (java windows)
Cache-Control: no-cache
Content-Type: application/json; charset=utf-8
host: localhost:49160
accept: */*

Response DefaultHttpResponse(decodeResult: success, version: HTTP/1.1)
HTTP/1.1 200 OK
Content-Type: application/json; charset=utf-8
cache-control: no-cache
content-length: 137772

22:13:23.719 [AsyncHttpClient-1-9] DEBUG org.asynchttpclient.netty.channel.ChannelManager - Adding key: http://localhost:49160 for channel [id: 0xed385caa, L:/127.0.0.1:62878 - R:localhost/127.0.0.1:49160]
22:13:23.723 [main] DEBUG net.serenitybdd.core.photography.Darkroom - Send negative for processing for target\site\serenity\3093a8fe75c9915a84e2266869d2790ff1d73fd0cbef6a6054d9af3fbf62ba4f.png
22:13:23.735 [Forwarding findElement on session 6a619d9d354e5e563b3ac6c03ee3b26b to remote] DEBUG org.asynchttpclient.netty.request.NettyRequestSender - Using pooled Channel '[id: 0xed385caa, L:/127.0.0.1:62878 - R:localhost/127.0.0.1:49160]' for 'POST' to 'http://localhost:49160/session/6a619d9d354e5e563b3ac6c03ee3b26b/element'
22:13:23.735 [Forwarding findElement on session 6a619d9d354e5e563b3ac6c03ee3b26b to remote] DEBUG org.asynchttpclient.netty.request.NettyRequestSender - Using open Channel [id: 0xed385caa, L:/127.0.0.1:62878 - R:localhost/127.0.0.1:49160] for POST '/session/6a619d9d354e5e563b3ac6c03ee3b26b/element'
22:13:23.752 [AsyncHttpClient-1-9] DEBUG org.asynchttpclient.netty.handler.HttpHandler - 

Request DefaultHttpRequest(decodeResult: success, version: HTTP/1.1)
POST /session/6a619d9d354e5e563b3ac6c03ee3b26b/element HTTP/1.1
User-Agent: selenium/4.1.2 (java windows)
Content-Length: 107
Content-Type: application/json; charset=utf-8
host: localhost:49160
accept: */*

Response DefaultHttpResponse(decodeResult: success, version: HTTP/1.1)
HTTP/1.1 200 OK
Content-Type: application/json; charset=utf-8
cache-control: no-cache
content-length: 88

22:13:23.752 [AsyncHttpClient-1-9] DEBUG org.asynchttpclient.netty.channel.ChannelManager - Adding key: http://localhost:49160 for channel [id: 0xed385caa, L:/127.0.0.1:62878 - R:localhost/127.0.0.1:49160]
22:13:23.753 [Forwarding getElementTagName on session 6a619d9d354e5e563b3ac6c03ee3b26b to remote] DEBUG org.asynchttpclient.netty.request.NettyRequestSender - Using pooled Channel '[id: 0xed385caa, L:/127.0.0.1:62878 - R:localhost/127.0.0.1:49160]' for 'GET' to 'http://localhost:49160/session/6a619d9d354e5e563b3ac6c03ee3b26b/element/2b0a74a5-1e59-4688-bfad-50a0fae89215/name'
22:13:23.753 [Forwarding getElementTagName on session 6a619d9d354e5e563b3ac6c03ee3b26b to remote] DEBUG org.asynchttpclient.netty.request.NettyRequestSender - Using open Channel [id: 0xed385caa, L:/127.0.0.1:62878 - R:localhost/127.0.0.1:49160] for GET '/session/6a619d9d354e5e563b3ac6c03ee3b26b/element/2b0a74a5-1e59-4688-bfad-50a0fae89215/name'
22:13:23.757 [AsyncHttpClient-1-9] DEBUG org.asynchttpclient.netty.handler.HttpHandler - 

Request DefaultFullHttpRequest(decodeResult: success, version: HTTP/1.1, content: EmptyByteBufBE)
GET /session/6a619d9d354e5e563b3ac6c03ee3b26b/element/2b0a74a5-1e59-4688-bfad-50a0fae89215/name HTTP/1.1
User-Agent: selenium/4.1.2 (java windows)
Cache-Control: no-cache
Content-Type: application/json; charset=utf-8
host: localhost:49160
accept: */*

Response DefaultHttpResponse(decodeResult: success, version: HTTP/1.1)
HTTP/1.1 200 OK
Content-Type: application/json; charset=utf-8
cache-control: no-cache
content-length: 16

22:13:23.757 [AsyncHttpClient-1-9] DEBUG org.asynchttpclient.netty.channel.ChannelManager - Adding key: http://localhost:49160 for channel [id: 0xed385caa, L:/127.0.0.1:62878 - R:localhost/127.0.0.1:49160]
22:13:23.759 [Forwarding getElementTagName on session 6a619d9d354e5e563b3ac6c03ee3b26b to remote] DEBUG org.asynchttpclient.netty.request.NettyRequestSender - Using pooled Channel '[id: 0xed385caa, L:/127.0.0.1:62878 - R:localhost/127.0.0.1:49160]' for 'GET' to 'http://localhost:49160/session/6a619d9d354e5e563b3ac6c03ee3b26b/element/2b0a74a5-1e59-4688-bfad-50a0fae89215/name'
22:13:23.759 [Forwarding getElementTagName on session 6a619d9d354e5e563b3ac6c03ee3b26b to remote] DEBUG org.asynchttpclient.netty.request.NettyRequestSender - Using open Channel [id: 0xed385caa, L:/127.0.0.1:62878 - R:localhost/127.0.0.1:49160] for GET '/session/6a619d9d354e5e563b3ac6c03ee3b26b/element/2b0a74a5-1e59-4688-bfad-50a0fae89215/name'
22:13:23.767 [AsyncHttpClient-1-9] DEBUG org.asynchttpclient.netty.handler.HttpHandler - 

Request DefaultFullHttpRequest(decodeResult: success, version: HTTP/1.1, content: EmptyByteBufBE)
GET /session/6a619d9d354e5e563b3ac6c03ee3b26b/element/2b0a74a5-1e59-4688-bfad-50a0fae89215/name HTTP/1.1
User-Agent: selenium/4.1.2 (java windows)
Cache-Control: no-cache
Content-Type: application/json; charset=utf-8
host: localhost:49160
accept: */*

Response DefaultHttpResponse(decodeResult: success, version: HTTP/1.1)
HTTP/1.1 200 OK
Content-Type: application/json; charset=utf-8
cache-control: no-cache
content-length: 16

22:13:23.767 [AsyncHttpClient-1-9] DEBUG org.asynchttpclient.netty.channel.ChannelManager - Adding key: http://localhost:49160 for channel [id: 0xed385caa, L:/127.0.0.1:62878 - R:localhost/127.0.0.1:49160]
22:13:23.769 [Forwarding findElement on session 6a619d9d354e5e563b3ac6c03ee3b26b to remote] DEBUG org.asynchttpclient.netty.request.NettyRequestSender - Using pooled Channel '[id: 0xed385caa, L:/127.0.0.1:62878 - R:localhost/127.0.0.1:49160]' for 'POST' to 'http://localhost:49160/session/6a619d9d354e5e563b3ac6c03ee3b26b/element'
22:13:23.769 [Forwarding findElement on session 6a619d9d354e5e563b3ac6c03ee3b26b to remote] DEBUG org.asynchttpclient.netty.request.NettyRequestSender - Using open Channel [id: 0xed385caa, L:/127.0.0.1:62878 - R:localhost/127.0.0.1:49160] for POST '/session/6a619d9d354e5e563b3ac6c03ee3b26b/element'
22:13:23.783 [AsyncHttpClient-1-9] DEBUG org.asynchttpclient.netty.handler.HttpHandler - 

Request DefaultHttpRequest(decodeResult: success, version: HTTP/1.1)
POST /session/6a619d9d354e5e563b3ac6c03ee3b26b/element HTTP/1.1
User-Agent: selenium/4.1.2 (java windows)
Content-Length: 107
Content-Type: application/json; charset=utf-8
host: localhost:49160
accept: */*

Response DefaultHttpResponse(decodeResult: success, version: HTTP/1.1)
HTTP/1.1 200 OK
Content-Type: application/json; charset=utf-8
cache-control: no-cache
content-length: 88

22:13:23.783 [AsyncHttpClient-1-9] DEBUG org.asynchttpclient.netty.channel.ChannelManager - Adding key: http://localhost:49160 for channel [id: 0xed385caa, L:/127.0.0.1:62878 - R:localhost/127.0.0.1:49160]
22:13:23.785 [Forwarding clickElement on session 6a619d9d354e5e563b3ac6c03ee3b26b to remote] DEBUG org.asynchttpclient.netty.request.NettyRequestSender - Using pooled Channel '[id: 0xed385caa, L:/127.0.0.1:62878 - R:localhost/127.0.0.1:49160]' for 'POST' to 'http://localhost:49160/session/6a619d9d354e5e563b3ac6c03ee3b26b/element/2b0a74a5-1e59-4688-bfad-50a0fae89215/click'
22:13:23.785 [Forwarding clickElement on session 6a619d9d354e5e563b3ac6c03ee3b26b to remote] DEBUG org.asynchttpclient.netty.request.NettyRequestSender - Using open Channel [id: 0xed385caa, L:/127.0.0.1:62878 - R:localhost/127.0.0.1:49160] for POST '/session/6a619d9d354e5e563b3ac6c03ee3b26b/element/2b0a74a5-1e59-4688-bfad-50a0fae89215/click'
22:13:23.990 [AsyncHttpClient-1-9] DEBUG org.asynchttpclient.netty.handler.HttpHandler - 

Request DefaultHttpRequest(decodeResult: success, version: HTTP/1.1)
POST /session/6a619d9d354e5e563b3ac6c03ee3b26b/element/2b0a74a5-1e59-4688-bfad-50a0fae89215/click HTTP/1.1
User-Agent: selenium/4.1.2 (java windows)
Content-Length: 50
Content-Type: application/json; charset=utf-8
host: localhost:49160
accept: */*

Response DefaultHttpResponse(decodeResult: success, version: HTTP/1.1)
HTTP/1.1 200 OK
Content-Type: application/json; charset=utf-8
cache-control: no-cache
content-length: 14

22:13:23.990 [AsyncHttpClient-1-9] DEBUG org.asynchttpclient.netty.channel.ChannelManager - Adding key: http://localhost:49160 for channel [id: 0xed385caa, L:/127.0.0.1:62878 - R:localhost/127.0.0.1:49160]
  &amp#27;[32mWhen &amp#27;[0m&amp#27;[32mI will go to &amp#27;[0m&amp#27;[32m&amp#27;[1m"aksesoris2"&amp#27;[0m  &amp#27;[90m# starter.stepdefinitions.BabyStep.iWillGoTo(java.lang.String)&amp#27;[0m
22:13:24.000 [Forwarding screenshot on session 6a619d9d354e5e563b3ac6c03ee3b26b to remote] DEBUG org.asynchttpclient.netty.request.NettyRequestSender - Using pooled Channel '[id: 0xed385caa, L:/127.0.0.1:62878 - R:localhost/127.0.0.1:49160]' for 'GET' to 'http://localhost:49160/session/6a619d9d354e5e563b3ac6c03ee3b26b/screenshot'
22:13:24.000 [Forwarding screenshot on session 6a619d9d354e5e563b3ac6c03ee3b26b to remote] DEBUG org.asynchttpclient.netty.request.NettyRequestSender - Using open Channel [id: 0xed385caa, L:/127.0.0.1:62878 - R:localhost/127.0.0.1:49160] for GET '/session/6a619d9d354e5e563b3ac6c03ee3b26b/screenshot'
22:13:24.138 [AsyncHttpClient-1-1] DEBUG org.asynchttpclient.netty.channel.DefaultChannelPool - Entry count for : http://localhost:62879 : 1
22:13:24.321 [AsyncHttpClient-1-9] DEBUG org.asynchttpclient.netty.handler.HttpHandler - 

Request DefaultFullHttpRequest(decodeResult: success, version: HTTP/1.1, content: EmptyByteBufBE)
GET /session/6a619d9d354e5e563b3ac6c03ee3b26b/screenshot HTTP/1.1
User-Agent: selenium/4.1.2 (java windows)
Cache-Control: no-cache
Content-Type: application/json; charset=utf-8
host: localhost:49160
accept: */*

Response DefaultHttpResponse(decodeResult: success, version: HTTP/1.1)
HTTP/1.1 200 OK
Content-Type: application/json; charset=utf-8
cache-control: no-cache
content-length: 80700

22:13:24.322 [AsyncHttpClient-1-9] DEBUG org.asynchttpclient.netty.channel.ChannelManager - Adding key: http://localhost:49160 for channel [id: 0xed385caa, L:/127.0.0.1:62878 - R:localhost/127.0.0.1:49160]
22:13:24.325 [main] DEBUG net.serenitybdd.core.photography.Darkroom - Send negative for processing for target\site\serenity\4e87f313152ee78d191382db4d40aa37bcc266ed7fdaaa996930755001dcd44d.png
22:13:24.326 [Darkroom Processing Line] DEBUG net.serenitybdd.core.photography.DarkroomProcessingLine - Processing screenshot image in /var/screenshots/screenshot-8945289536403690977
22:13:24.326 [Darkroom Processing Line] DEBUG net.serenitybdd.core.photography.DarkroomProcessingLine - Saving screenshot to target\site\serenity\4e87f313152ee78d191382db4d40aa37bcc266ed7fdaaa996930755001dcd44d.png
  &amp#27;[32mAnd &amp#27;[0m&amp#27;[32mI &amp#27;[0m&amp#27;[32m&amp#27;[1m"txtAksesoris2"&amp#27;[0m&amp#27;[32m page&amp#27;[0m      &amp#27;[90m# starter.stepdefinitions.BabyStep.iPage(java.lang.String)&amp#27;[0m
22:13:24.339 [AsyncHttpClient-1-11] DEBUG org.asynchttpclient.netty.handler.WebSocketHandler - Channel Closed: [id: 0x7ae1f3af, L:/127.0.0.1:62887 ! R:localhost/127.0.0.1:62879] with attribute NettyResponseFuture{currentRetry=5,
	isDone=1,
	isCancelled=0,
	asyncHandler=org.asynchttpclient.ws.WebSocketUpgradeHandler@3ce43636,
	nettyRequest=org.asynchttpclient.netty.request.NettyRequest@2b86f9ec,
	future=java.util.concurrent.CompletableFuture@53e2a702[Completed normally],
	uri=ws://localhost:62879/devtools/browser/b907011a-6ebc-495d-9799-81fa1907426f,
	keepAlive=true,
	redirectCount=0,
	timeoutsHolder=null,
	inAuth=0,
	touch=1680707595428}
22:13:24.339 [AsyncHttpClient-1-11] DEBUG org.asynchttpclient.netty.channel.ChannelManager - Closing Channel [id: 0x7ae1f3af, L:/127.0.0.1:62887 ! R:localhost/127.0.0.1:62879] 
22:13:24.339 [Driver Command Executor] DEBUG org.asynchttpclient.netty.request.NettyRequestSender - Using pooled Channel '[id: 0xed385caa, L:/127.0.0.1:62878 - R:localhost/127.0.0.1:49160]' for 'DELETE' to 'http://localhost:49160/session/6a619d9d354e5e563b3ac6c03ee3b26b'
22:13:24.339 [Driver Command Executor] DEBUG org.asynchttpclient.netty.request.NettyRequestSender - Using open Channel [id: 0xed385caa, L:/127.0.0.1:62878 - R:localhost/127.0.0.1:49160] for DELETE '/session/6a619d9d354e5e563b3ac6c03ee3b26b'
22:13:24.373 [AsyncHttpClient-1-10] DEBUG org.asynchttpclient.netty.handler.HttpHandler - Unexpected I/O exception on channel [id: 0xc9250e6a, L:/127.0.0.1:62886 - R:localhost/127.0.0.1:62879]
java.net.SocketException: Connection reset
	at java.base/sun.nio.ch.SocketChannelImpl.throwConnectionReset(SocketChannelImpl.java:345)
	at java.base/sun.nio.ch.SocketChannelImpl.read(SocketChannelImpl.java:376)
	at io.netty.buffer.PooledByteBuf.setBytes(PooledByteBuf.java:258)
	at io.netty.buffer.AbstractByteBuf.writeBytes(AbstractByteBuf.java:1132)
	at io.netty.channel.socket.nio.NioSocketChannel.doReadBytes(NioSocketChannel.java:350)
	at io.netty.channel.nio.AbstractNioByteChannel$NioByteUnsafe.read(AbstractNioByteChannel.java:151)
	at io.netty.channel.nio.NioEventLoop.processSelectedKey(NioEventLoop.java:722)
	at io.netty.channel.nio.NioEventLoop.processSelectedKeysOptimized(NioEventLoop.java:658)
	at io.netty.channel.nio.NioEventLoop.processSelectedKeys(NioEventLoop.java:584)
	at io.netty.channel.nio.NioEventLoop.run(NioEventLoop.java:496)
	at io.netty.util.concurrent.SingleThreadEventExecutor$4.run(SingleThreadEventExecutor.java:986)
	at io.netty.util.internal.ThreadExecutorMap$2.run(ThreadExecutorMap.java:74)
	at io.netty.util.concurrent.FastThreadLocalRunnable.run(FastThreadLocalRunnable.java:30)
	at java.base/java.lang.Thread.run(Thread.java:830)
22:13:24.373 [AsyncHttpClient-1-10] DEBUG org.asynchttpclient.netty.channel.ChannelManager - Closing Channel [id: 0xc9250e6a, L:/127.0.0.1:62886 - R:localhost/127.0.0.1:62879] 
22:13:24.374 [AsyncHttpClient-1-10] DEBUG org.asynchttpclient.netty.handler.HttpHandler - Channel Closed: [id: 0xc9250e6a, L:/127.0.0.1:62886 ! R:localhost/127.0.0.1:62879] with attribute DISCARD
22:13:24.391 [AsyncHttpClient-1-9] DEBUG org.asynchttpclient.netty.handler.HttpHandler - 

Request DefaultFullHttpRequest(decodeResult: success, version: HTTP/1.1, content: EmptyByteBufBE)
DELETE /session/6a619d9d354e5e563b3ac6c03ee3b26b HTTP/1.1
User-Agent: selenium/4.1.2 (java windows)
Content-Type: application/json; charset=utf-8
host: localhost:49160
accept: */*

Response DefaultHttpResponse(decodeResult: success, version: HTTP/1.1)
HTTP/1.1 200 OK
Content-Type: application/json; charset=utf-8
cache-control: no-cache
content-length: 14

22:13:24.391 [AsyncHttpClient-1-9] DEBUG org.asynchttpclient.netty.channel.ChannelManager - Adding key: http://localhost:49160 for channel [id: 0xed385caa, L:/127.0.0.1:62878 - R:localhost/127.0.0.1:49160]
22:13:24.544 [AsyncHttpClient-1-9] DEBUG org.asynchttpclient.netty.handler.HttpHandler - Channel Closed: [id: 0xed385caa, L:/127.0.0.1:62878 ! R:localhost/127.0.0.1:49160] with attribute DISCARD
]]></system-out>
    <system-err><![CDATA[Starting Microsoft Edge WebDriver 111.0.1661.62 (0a8f453929e6410c973aa529a40485ce4e3e03db) on port 49160
To submit feedback, report a bug, or suggest new features, please visit https://github.com/MicrosoftEdge/EdgeWebDriver

Only local connections are allowed.
Please see https://aka.ms/WebDriverSecurity for suggestions on keeping Microsoft Edge WebDriver safe.

Microsoft Edge WebDriver was started successfully.
Apr 05, 2023 10:13:15 PM org.openqa.selenium.remote.ProtocolHandshake createSession
INFO: Detected dialect: W3C
Apr 05, 2023 10:13:15 PM org.openqa.selenium.devtools.CdpVersionFinder findNearestMatch
WARNING: Unable to find an exact match for CDP version 111, so returning the closest version found: a no-op implementation
Apr 05, 2023 10:13:15 PM org.openqa.selenium.devtools.CdpVersionFinder findNearestMatch
INFO: Unable to find CDP implementation matching 111.
Apr 05, 2023 10:13:15 PM org.openqa.selenium.chromium.ChromiumDriver lambda$new$3
WARNING: Unable to find version of CDP to use for . You may need to include a dependency on a specific version of the CDP using something similar to `org.seleniumhq.selenium:selenium-devtools-v86:4.1.2` where the version ("v86") matches the version of the chromium-based browser you're using and the version number of the artifact is the same as Selenium's.
]]></system-err>
  </testcase>
  <testcase name="Fitur Menu Baby #15" classname="Baby" time="9.944">
    <system-out><![CDATA[
Scenario Outline: Fitur Menu Baby   &amp#27;[90m# src/test/resources/features/Baby.feature:107&amp#27;[0m
22:13:25.155 [main] INFO io.cucumber.core.plugin.SerenityReporter - Running feature from file:///C:/Users/alwi/IdeaProjects/uniqloweb/src/test/resources/features/Baby.feature
22:13:25.244 [AsyncHttpClient-1-1] DEBUG org.asynchttpclient.netty.channel.DefaultChannelPool - Entry count for : http://localhost:62879 : 1
22:13:25.244 [AsyncHttpClient-1-1] DEBUG org.asynchttpclient.netty.channel.DefaultChannelPool - Entry count for : http://localhost:49160 : 1
22:13:25.244 [AsyncHttpClient-1-1] DEBUG org.asynchttpclient.netty.channel.DefaultChannelPool - Adding Candidate expired Channel [id: 0xc9250e6a, L:/127.0.0.1:62886 ! R:localhost/127.0.0.1:62879] isIdleTimeoutExpired=false isRemotelyClosed=true isTtlExpired=false
22:13:25.244 [AsyncHttpClient-1-1] DEBUG org.asynchttpclient.netty.channel.DefaultChannelPool - Closing Idle Channel [id: 0xc9250e6a, L:/127.0.0.1:62886 ! R:localhost/127.0.0.1:62879]
22:13:25.244 [AsyncHttpClient-1-1] DEBUG org.asynchttpclient.netty.channel.DefaultChannelPool - Adding Candidate expired Channel [id: 0xed385caa, L:/127.0.0.1:62878 ! R:localhost/127.0.0.1:49160] isIdleTimeoutExpired=false isRemotelyClosed=true isTtlExpired=false
22:13:25.244 [AsyncHttpClient-1-1] DEBUG org.asynchttpclient.netty.channel.DefaultChannelPool - Closing Idle Channel [id: 0xed385caa, L:/127.0.0.1:62878 ! R:localhost/127.0.0.1:49160]
22:13:25.244 [AsyncHttpClient-1-1] DEBUG org.asynchttpclient.netty.channel.DefaultChannelPool - Closed 2 connections out of 2 in 0 ms
22:13:25.273 [main] DEBUG io.github.bonigarcia.wdm.cache.ResolutionCache - Resolution edge=111 in cache (valid until 23:09:49 05/04/2023 WIB)
22:13:25.277 [main] DEBUG io.github.bonigarcia.wdm.cache.ResolutionCache - Resolution edge111=111.0.1661.62 in cache (valid until 15:17:30 06/04/2023 WIB)
22:13:25.278 [main] INFO io.github.bonigarcia.wdm.WebDriverManager - Using msedgedriver 111.0.1661.62 (resolved driver for Edge 111)
22:13:25.288 [main] DEBUG io.github.bonigarcia.wdm.WebDriverManager - Driver msedgedriver 111.0.1661.62 found in cache
22:13:25.288 [main] INFO io.github.bonigarcia.wdm.WebDriverManager - Exporting webdriver.edge.driver as C:\Users\alwi\.cache\selenium\msedgedriver\win64\111.0.1661.62\msedgedriver.exe
22:13:25.290 [main] DEBUG net.serenitybdd.core.webdriver.driverproviders.ProvideNewDriver - Instantiating driver
22:13:25.290 [main] DEBUG net.serenitybdd.core.webdriver.driverproviders.ProvideNewDriver - Driver capabilities: Capabilities {base.url: https://www.uniqlo.com, chrome.driver: src/test/resources/webdrive..., driver: edge, ms:edgeChromium: true, ms:edgeOptions: {}, wait.for.timeout: 6000}
22:13:25.825 [AsyncHttpClient-1-12] DEBUG org.asynchttpclient.netty.channel.NettyConnectListener - Using new Channel '[id: 0x93aaa53f, L:/127.0.0.1:63013 - R:localhost/127.0.0.1:64202]' for 'POST' to '/session'
22:13:26.381 [AsyncHttpClient-1-12] DEBUG org.asynchttpclient.netty.handler.HttpHandler - 

Request DefaultHttpRequest(decodeResult: success, version: HTTP/1.1)
POST /session HTTP/1.1
User-Agent: selenium/4.1.2 (java windows)
Content-Length: 627
Content-Type: application/json; charset=utf-8
host: localhost:64202
accept: */*

Response DefaultHttpResponse(decodeResult: success, version: HTTP/1.1)
HTTP/1.1 200 OK
Content-Type: application/json; charset=utf-8
cache-control: no-cache
content-length: 824

22:13:26.381 [AsyncHttpClient-1-12] DEBUG org.asynchttpclient.netty.channel.ChannelManager - Adding key: http://localhost:64202 for channel [id: 0x93aaa53f, L:/127.0.0.1:63013 - R:localhost/127.0.0.1:64202]
22:13:26.389 [AsyncHttpClient-1-13] DEBUG org.asynchttpclient.netty.channel.NettyConnectListener - Using new Channel '[id: 0x882983cf, L:/127.0.0.1:63021 - R:localhost/127.0.0.1:63014]' for 'GET' to '/json/version'
22:13:26.389 [AsyncHttpClient-1-13] DEBUG org.asynchttpclient.netty.handler.HttpHandler - 

Request DefaultFullHttpRequest(decodeResult: success, version: HTTP/1.1, content: EmptyByteBufBE)
GET /json/version HTTP/1.1
User-Agent: selenium/4.1.2 (java windows)
host: localhost:63014
accept: */*

Response DefaultHttpResponse(decodeResult: success, version: HTTP/1.1)
HTTP/1.1 200 OK
Content-Security-Policy: frame-ancestors 'none'
Content-Type: application/json; charset=UTF-8
content-length: 436

22:13:26.389 [AsyncHttpClient-1-13] DEBUG org.asynchttpclient.netty.channel.ChannelManager - Adding key: http://localhost:63014 for channel [id: 0x882983cf, L:/127.0.0.1:63021 - R:localhost/127.0.0.1:63014]
22:13:26.392 [AsyncHttpClient-1-14] DEBUG org.asynchttpclient.netty.channel.NettyConnectListener - Using new Channel '[id: 0x85b1c4f0, L:/127.0.0.1:63022 - R:localhost/127.0.0.1:63014]' for 'GET' to '/devtools/browser/439232d5-6402-4926-acd3-0c60e8a20c23'
22:13:26.392 [AsyncHttpClient-1-14] DEBUG org.asynchttpclient.netty.handler.WebSocketHandler - 

Request DefaultFullHttpRequest(decodeResult: success, version: HTTP/1.1, content: EmptyByteBufBE)
GET /devtools/browser/439232d5-6402-4926-acd3-0c60e8a20c23 HTTP/1.1
upgrade: websocket
connection: upgrade
sec-websocket-key: EO/vJjrWDAlcNLqrNd1P/w==
sec-websocket-version: 13
origin: http://localhost:63014
host: localhost:63014
accept: */*
user-agent: AHC/2.1

Response DefaultHttpResponse(decodeResult: success, version: HTTP/1.1)
HTTP/1.1 101 WebSocket Protocol Handshake
Upgrade: WebSocket
Connection: Upgrade
Sec-WebSocket-Accept: 3pJaen7hky6FXtSg5gtVATujLqQ=

22:13:26.395 [Forwarding get on session 14c56813848be48bbdbc08d3b4c893a7 to remote] DEBUG org.asynchttpclient.netty.request.NettyRequestSender - Using pooled Channel '[id: 0x93aaa53f, L:/127.0.0.1:63013 - R:localhost/127.0.0.1:64202]' for 'POST' to 'http://localhost:64202/session/14c56813848be48bbdbc08d3b4c893a7/url'
22:13:26.395 [Forwarding get on session 14c56813848be48bbdbc08d3b4c893a7 to remote] DEBUG org.asynchttpclient.netty.request.NettyRequestSender - Using open Channel [id: 0x93aaa53f, L:/127.0.0.1:63013 - R:localhost/127.0.0.1:64202] for POST '/session/14c56813848be48bbdbc08d3b4c893a7/url'
22:13:27.449 [AsyncHttpClient-1-1] DEBUG org.asynchttpclient.netty.channel.DefaultChannelPool - Entry count for : http://localhost:63014 : 1
22:13:28.547 [AsyncHttpClient-1-1] DEBUG org.asynchttpclient.netty.channel.DefaultChannelPool - Entry count for : http://localhost:63014 : 1
22:13:29.638 [AsyncHttpClient-1-1] DEBUG org.asynchttpclient.netty.channel.DefaultChannelPool - Entry count for : http://localhost:63014 : 1
22:13:30.738 [AsyncHttpClient-1-1] DEBUG org.asynchttpclient.netty.channel.DefaultChannelPool - Entry count for : http://localhost:63014 : 1
22:13:31.838 [AsyncHttpClient-1-1] DEBUG org.asynchttpclient.netty.channel.DefaultChannelPool - Entry count for : http://localhost:63014 : 1
22:13:32.632 [AsyncHttpClient-1-12] DEBUG org.asynchttpclient.netty.handler.HttpHandler - 

Request DefaultHttpRequest(decodeResult: success, version: HTTP/1.1)
POST /session/14c56813848be48bbdbc08d3b4c893a7/url HTTP/1.1
User-Agent: selenium/4.1.2 (java windows)
Content-Length: 53
Content-Type: application/json; charset=utf-8
host: localhost:64202
accept: */*

Response DefaultHttpResponse(decodeResult: success, version: HTTP/1.1)
HTTP/1.1 200 OK
Content-Type: application/json; charset=utf-8
cache-control: no-cache
content-length: 14

22:13:32.632 [AsyncHttpClient-1-12] DEBUG org.asynchttpclient.netty.channel.ChannelManager - Adding key: http://localhost:64202 for channel [id: 0x93aaa53f, L:/127.0.0.1:63013 - R:localhost/127.0.0.1:64202]
22:13:32.634 [Forwarding setTimeout on session 14c56813848be48bbdbc08d3b4c893a7 to remote] DEBUG org.asynchttpclient.netty.request.NettyRequestSender - Using pooled Channel '[id: 0x93aaa53f, L:/127.0.0.1:63013 - R:localhost/127.0.0.1:64202]' for 'POST' to 'http://localhost:64202/session/14c56813848be48bbdbc08d3b4c893a7/timeouts'
22:13:32.634 [Forwarding setTimeout on session 14c56813848be48bbdbc08d3b4c893a7 to remote] DEBUG org.asynchttpclient.netty.request.NettyRequestSender - Using open Channel [id: 0x93aaa53f, L:/127.0.0.1:63013 - R:localhost/127.0.0.1:64202] for POST '/session/14c56813848be48bbdbc08d3b4c893a7/timeouts'
22:13:32.635 [AsyncHttpClient-1-12] DEBUG org.asynchttpclient.netty.handler.HttpHandler - 

Request DefaultHttpRequest(decodeResult: success, version: HTTP/1.1)
POST /session/14c56813848be48bbdbc08d3b4c893a7/timeouts HTTP/1.1
User-Agent: selenium/4.1.2 (java windows)
Content-Length: 22
Content-Type: application/json; charset=utf-8
host: localhost:64202
accept: */*

Response DefaultHttpResponse(decodeResult: success, version: HTTP/1.1)
HTTP/1.1 200 OK
Content-Type: application/json; charset=utf-8
cache-control: no-cache
content-length: 14

22:13:32.635 [AsyncHttpClient-1-12] DEBUG org.asynchttpclient.netty.channel.ChannelManager - Adding key: http://localhost:64202 for channel [id: 0x93aaa53f, L:/127.0.0.1:63013 - R:localhost/127.0.0.1:64202]
22:13:32.637 [Forwarding getCurrentUrl on session 14c56813848be48bbdbc08d3b4c893a7 to remote] DEBUG org.asynchttpclient.netty.request.NettyRequestSender - Using pooled Channel '[id: 0x93aaa53f, L:/127.0.0.1:63013 - R:localhost/127.0.0.1:64202]' for 'GET' to 'http://localhost:64202/session/14c56813848be48bbdbc08d3b4c893a7/url'
22:13:32.637 [Forwarding getCurrentUrl on session 14c56813848be48bbdbc08d3b4c893a7 to remote] DEBUG org.asynchttpclient.netty.request.NettyRequestSender - Using open Channel [id: 0x93aaa53f, L:/127.0.0.1:63013 - R:localhost/127.0.0.1:64202] for GET '/session/14c56813848be48bbdbc08d3b4c893a7/url'
22:13:32.640 [AsyncHttpClient-1-12] DEBUG org.asynchttpclient.netty.handler.HttpHandler - 

Request DefaultFullHttpRequest(decodeResult: success, version: HTTP/1.1, content: EmptyByteBufBE)
GET /session/14c56813848be48bbdbc08d3b4c893a7/url HTTP/1.1
User-Agent: selenium/4.1.2 (java windows)
Cache-Control: no-cache
Content-Type: application/json; charset=utf-8
host: localhost:64202
accept: */*

Response DefaultHttpResponse(decodeResult: success, version: HTTP/1.1)
HTTP/1.1 200 OK
Content-Type: application/json; charset=utf-8
cache-control: no-cache
content-length: 41

22:13:32.640 [AsyncHttpClient-1-12] DEBUG org.asynchttpclient.netty.channel.ChannelManager - Adding key: http://localhost:64202 for channel [id: 0x93aaa53f, L:/127.0.0.1:63013 - R:localhost/127.0.0.1:64202]
  &amp#27;[32mGiven &amp#27;[0m&amp#27;[32mI am on the home page&amp#27;[0m       &amp#27;[90m# starter.stepdefinitions.BabyStep.iAmOnTheHomePage()&amp#27;[0m
22:13:32.646 [Forwarding screenshot on session 14c56813848be48bbdbc08d3b4c893a7 to remote] DEBUG org.asynchttpclient.netty.request.NettyRequestSender - Using pooled Channel '[id: 0x93aaa53f, L:/127.0.0.1:63013 - R:localhost/127.0.0.1:64202]' for 'GET' to 'http://localhost:64202/session/14c56813848be48bbdbc08d3b4c893a7/screenshot'
22:13:32.646 [Forwarding screenshot on session 14c56813848be48bbdbc08d3b4c893a7 to remote] DEBUG org.asynchttpclient.netty.request.NettyRequestSender - Using open Channel [id: 0x93aaa53f, L:/127.0.0.1:63013 - R:localhost/127.0.0.1:64202] for GET '/session/14c56813848be48bbdbc08d3b4c893a7/screenshot'
22:13:32.948 [AsyncHttpClient-1-1] DEBUG org.asynchttpclient.netty.channel.DefaultChannelPool - Entry count for : http://localhost:63014 : 1
22:13:32.985 [AsyncHttpClient-1-12] DEBUG org.asynchttpclient.netty.handler.HttpHandler - 

Request DefaultFullHttpRequest(decodeResult: success, version: HTTP/1.1, content: EmptyByteBufBE)
GET /session/14c56813848be48bbdbc08d3b4c893a7/screenshot HTTP/1.1
User-Agent: selenium/4.1.2 (java windows)
Cache-Control: no-cache
Content-Type: application/json; charset=utf-8
host: localhost:64202
accept: */*

Response DefaultHttpResponse(decodeResult: success, version: HTTP/1.1)
HTTP/1.1 200 OK
Content-Type: application/json; charset=utf-8
cache-control: no-cache
content-length: 1119968

22:13:32.987 [AsyncHttpClient-1-12] DEBUG org.asynchttpclient.netty.channel.ChannelManager - Adding key: http://localhost:64202 for channel [id: 0x93aaa53f, L:/127.0.0.1:63013 - R:localhost/127.0.0.1:64202]
22:13:33.019 [main] DEBUG net.serenitybdd.core.photography.Darkroom - Send negative for processing for target\site\serenity\3d1b19ad31921c0beae4332facd941fcc81467ad5802877977ec6c100df601ce.png
22:13:33.034 [Forwarding findElement on session 14c56813848be48bbdbc08d3b4c893a7 to remote] DEBUG org.asynchttpclient.netty.request.NettyRequestSender - Using pooled Channel '[id: 0x93aaa53f, L:/127.0.0.1:63013 - R:localhost/127.0.0.1:64202]' for 'POST' to 'http://localhost:64202/session/14c56813848be48bbdbc08d3b4c893a7/element'
22:13:33.034 [Forwarding findElement on session 14c56813848be48bbdbc08d3b4c893a7 to remote] DEBUG org.asynchttpclient.netty.request.NettyRequestSender - Using open Channel [id: 0x93aaa53f, L:/127.0.0.1:63013 - R:localhost/127.0.0.1:64202] for POST '/session/14c56813848be48bbdbc08d3b4c893a7/element'
22:13:33.048 [AsyncHttpClient-1-12] DEBUG org.asynchttpclient.netty.handler.HttpHandler - 

Request DefaultHttpRequest(decodeResult: success, version: HTTP/1.1)
POST /session/14c56813848be48bbdbc08d3b4c893a7/element HTTP/1.1
User-Agent: selenium/4.1.2 (java windows)
Content-Length: 81
Content-Type: application/json; charset=utf-8
host: localhost:64202
accept: */*

Response DefaultHttpResponse(decodeResult: success, version: HTTP/1.1)
HTTP/1.1 200 OK
Content-Type: application/json; charset=utf-8
cache-control: no-cache
content-length: 88

22:13:33.048 [AsyncHttpClient-1-12] DEBUG org.asynchttpclient.netty.channel.ChannelManager - Adding key: http://localhost:64202 for channel [id: 0x93aaa53f, L:/127.0.0.1:63013 - R:localhost/127.0.0.1:64202]
22:13:33.050 [Forwarding getElementTagName on session 14c56813848be48bbdbc08d3b4c893a7 to remote] DEBUG org.asynchttpclient.netty.request.NettyRequestSender - Using pooled Channel '[id: 0x93aaa53f, L:/127.0.0.1:63013 - R:localhost/127.0.0.1:64202]' for 'GET' to 'http://localhost:64202/session/14c56813848be48bbdbc08d3b4c893a7/element/28fd5245-2d68-4ce1-8807-b67dc2b607a1/name'
22:13:33.050 [Forwarding getElementTagName on session 14c56813848be48bbdbc08d3b4c893a7 to remote] DEBUG org.asynchttpclient.netty.request.NettyRequestSender - Using open Channel [id: 0x93aaa53f, L:/127.0.0.1:63013 - R:localhost/127.0.0.1:64202] for GET '/session/14c56813848be48bbdbc08d3b4c893a7/element/28fd5245-2d68-4ce1-8807-b67dc2b607a1/name'
22:13:33.054 [AsyncHttpClient-1-12] DEBUG org.asynchttpclient.netty.handler.HttpHandler - 

Request DefaultFullHttpRequest(decodeResult: success, version: HTTP/1.1, content: EmptyByteBufBE)
GET /session/14c56813848be48bbdbc08d3b4c893a7/element/28fd5245-2d68-4ce1-8807-b67dc2b607a1/name HTTP/1.1
User-Agent: selenium/4.1.2 (java windows)
Cache-Control: no-cache
Content-Type: application/json; charset=utf-8
host: localhost:64202
accept: */*

Response DefaultHttpResponse(decodeResult: success, version: HTTP/1.1)
HTTP/1.1 200 OK
Content-Type: application/json; charset=utf-8
cache-control: no-cache
content-length: 16

22:13:33.054 [AsyncHttpClient-1-12] DEBUG org.asynchttpclient.netty.channel.ChannelManager - Adding key: http://localhost:64202 for channel [id: 0x93aaa53f, L:/127.0.0.1:63013 - R:localhost/127.0.0.1:64202]
22:13:33.055 [Forwarding getElementTagName on session 14c56813848be48bbdbc08d3b4c893a7 to remote] DEBUG org.asynchttpclient.netty.request.NettyRequestSender - Using pooled Channel '[id: 0x93aaa53f, L:/127.0.0.1:63013 - R:localhost/127.0.0.1:64202]' for 'GET' to 'http://localhost:64202/session/14c56813848be48bbdbc08d3b4c893a7/element/28fd5245-2d68-4ce1-8807-b67dc2b607a1/name'
22:13:33.055 [Forwarding getElementTagName on session 14c56813848be48bbdbc08d3b4c893a7 to remote] DEBUG org.asynchttpclient.netty.request.NettyRequestSender - Using open Channel [id: 0x93aaa53f, L:/127.0.0.1:63013 - R:localhost/127.0.0.1:64202] for GET '/session/14c56813848be48bbdbc08d3b4c893a7/element/28fd5245-2d68-4ce1-8807-b67dc2b607a1/name'
22:13:33.058 [AsyncHttpClient-1-12] DEBUG org.asynchttpclient.netty.handler.HttpHandler - 

Request DefaultFullHttpRequest(decodeResult: success, version: HTTP/1.1, content: EmptyByteBufBE)
GET /session/14c56813848be48bbdbc08d3b4c893a7/element/28fd5245-2d68-4ce1-8807-b67dc2b607a1/name HTTP/1.1
User-Agent: selenium/4.1.2 (java windows)
Cache-Control: no-cache
Content-Type: application/json; charset=utf-8
host: localhost:64202
accept: */*

Response DefaultHttpResponse(decodeResult: success, version: HTTP/1.1)
HTTP/1.1 200 OK
Content-Type: application/json; charset=utf-8
cache-control: no-cache
content-length: 16

22:13:33.058 [AsyncHttpClient-1-12] DEBUG org.asynchttpclient.netty.channel.ChannelManager - Adding key: http://localhost:64202 for channel [id: 0x93aaa53f, L:/127.0.0.1:63013 - R:localhost/127.0.0.1:64202]
22:13:33.060 [Forwarding findElement on session 14c56813848be48bbdbc08d3b4c893a7 to remote] DEBUG org.asynchttpclient.netty.request.NettyRequestSender - Using pooled Channel '[id: 0x93aaa53f, L:/127.0.0.1:63013 - R:localhost/127.0.0.1:64202]' for 'POST' to 'http://localhost:64202/session/14c56813848be48bbdbc08d3b4c893a7/element'
22:13:33.060 [Forwarding findElement on session 14c56813848be48bbdbc08d3b4c893a7 to remote] DEBUG org.asynchttpclient.netty.request.NettyRequestSender - Using open Channel [id: 0x93aaa53f, L:/127.0.0.1:63013 - R:localhost/127.0.0.1:64202] for POST '/session/14c56813848be48bbdbc08d3b4c893a7/element'
22:13:33.066 [AsyncHttpClient-1-12] DEBUG org.asynchttpclient.netty.handler.HttpHandler - 

Request DefaultHttpRequest(decodeResult: success, version: HTTP/1.1)
POST /session/14c56813848be48bbdbc08d3b4c893a7/element HTTP/1.1
User-Agent: selenium/4.1.2 (java windows)
Content-Length: 81
Content-Type: application/json; charset=utf-8
host: localhost:64202
accept: */*

Response DefaultHttpResponse(decodeResult: success, version: HTTP/1.1)
HTTP/1.1 200 OK
Content-Type: application/json; charset=utf-8
cache-control: no-cache
content-length: 88

22:13:33.066 [AsyncHttpClient-1-12] DEBUG org.asynchttpclient.netty.channel.ChannelManager - Adding key: http://localhost:64202 for channel [id: 0x93aaa53f, L:/127.0.0.1:63013 - R:localhost/127.0.0.1:64202]
22:13:33.068 [Forwarding clickElement on session 14c56813848be48bbdbc08d3b4c893a7 to remote] DEBUG org.asynchttpclient.netty.request.NettyRequestSender - Using pooled Channel '[id: 0x93aaa53f, L:/127.0.0.1:63013 - R:localhost/127.0.0.1:64202]' for 'POST' to 'http://localhost:64202/session/14c56813848be48bbdbc08d3b4c893a7/element/28fd5245-2d68-4ce1-8807-b67dc2b607a1/click'
22:13:33.068 [Forwarding clickElement on session 14c56813848be48bbdbc08d3b4c893a7 to remote] DEBUG org.asynchttpclient.netty.request.NettyRequestSender - Using open Channel [id: 0x93aaa53f, L:/127.0.0.1:63013 - R:localhost/127.0.0.1:64202] for POST '/session/14c56813848be48bbdbc08d3b4c893a7/element/28fd5245-2d68-4ce1-8807-b67dc2b607a1/click'
22:13:33.492 [AsyncHttpClient-1-12] DEBUG org.asynchttpclient.netty.handler.HttpHandler - 

Request DefaultHttpRequest(decodeResult: success, version: HTTP/1.1)
POST /session/14c56813848be48bbdbc08d3b4c893a7/element/28fd5245-2d68-4ce1-8807-b67dc2b607a1/click HTTP/1.1
User-Agent: selenium/4.1.2 (java windows)
Content-Length: 50
Content-Type: application/json; charset=utf-8
host: localhost:64202
accept: */*

Response DefaultHttpResponse(decodeResult: success, version: HTTP/1.1)
HTTP/1.1 200 OK
Content-Type: application/json; charset=utf-8
cache-control: no-cache
content-length: 14

22:13:33.492 [AsyncHttpClient-1-12] DEBUG org.asynchttpclient.netty.channel.ChannelManager - Adding key: http://localhost:64202 for channel [id: 0x93aaa53f, L:/127.0.0.1:63013 - R:localhost/127.0.0.1:64202]
  &amp#27;[32mThen &amp#27;[0m&amp#27;[32mI click baby on the header&amp#27;[0m   &amp#27;[90m# starter.stepdefinitions.BabyStep.iClickBabyOnTheHeader()&amp#27;[0m
22:13:33.501 [Forwarding screenshot on session 14c56813848be48bbdbc08d3b4c893a7 to remote] DEBUG org.asynchttpclient.netty.request.NettyRequestSender - Using pooled Channel '[id: 0x93aaa53f, L:/127.0.0.1:63013 - R:localhost/127.0.0.1:64202]' for 'GET' to 'http://localhost:64202/session/14c56813848be48bbdbc08d3b4c893a7/screenshot'
22:13:33.501 [Forwarding screenshot on session 14c56813848be48bbdbc08d3b4c893a7 to remote] DEBUG org.asynchttpclient.netty.request.NettyRequestSender - Using open Channel [id: 0x93aaa53f, L:/127.0.0.1:63013 - R:localhost/127.0.0.1:64202] for GET '/session/14c56813848be48bbdbc08d3b4c893a7/screenshot'
22:13:33.630 [AsyncHttpClient-1-12] DEBUG org.asynchttpclient.netty.handler.HttpHandler - 

Request DefaultFullHttpRequest(decodeResult: success, version: HTTP/1.1, content: EmptyByteBufBE)
GET /session/14c56813848be48bbdbc08d3b4c893a7/screenshot HTTP/1.1
User-Agent: selenium/4.1.2 (java windows)
Cache-Control: no-cache
Content-Type: application/json; charset=utf-8
host: localhost:64202
accept: */*

Response DefaultHttpResponse(decodeResult: success, version: HTTP/1.1)
HTTP/1.1 200 OK
Content-Type: application/json; charset=utf-8
cache-control: no-cache
content-length: 62152

22:13:33.630 [AsyncHttpClient-1-12] DEBUG org.asynchttpclient.netty.channel.ChannelManager - Adding key: http://localhost:64202 for channel [id: 0x93aaa53f, L:/127.0.0.1:63013 - R:localhost/127.0.0.1:64202]
22:13:33.633 [main] DEBUG net.serenitybdd.core.photography.Darkroom - Send negative for processing for target\site\serenity\e24dcf0e76a3b9a3003a120159a29047ac10468dedf9e088f387d3eda27f774d.png
22:13:33.639 [Forwarding findElement on session 14c56813848be48bbdbc08d3b4c893a7 to remote] DEBUG org.asynchttpclient.netty.request.NettyRequestSender - Using pooled Channel '[id: 0x93aaa53f, L:/127.0.0.1:63013 - R:localhost/127.0.0.1:64202]' for 'POST' to 'http://localhost:64202/session/14c56813848be48bbdbc08d3b4c893a7/element'
22:13:33.639 [Forwarding findElement on session 14c56813848be48bbdbc08d3b4c893a7 to remote] DEBUG org.asynchttpclient.netty.request.NettyRequestSender - Using open Channel [id: 0x93aaa53f, L:/127.0.0.1:63013 - R:localhost/127.0.0.1:64202] for POST '/session/14c56813848be48bbdbc08d3b4c893a7/element'
22:13:33.650 [AsyncHttpClient-1-12] DEBUG org.asynchttpclient.netty.handler.HttpHandler - 

Request DefaultHttpRequest(decodeResult: success, version: HTTP/1.1)
POST /session/14c56813848be48bbdbc08d3b4c893a7/element HTTP/1.1
User-Agent: selenium/4.1.2 (java windows)
Content-Length: 109
Content-Type: application/json; charset=utf-8
host: localhost:64202
accept: */*

Response DefaultHttpResponse(decodeResult: success, version: HTTP/1.1)
HTTP/1.1 200 OK
Content-Type: application/json; charset=utf-8
cache-control: no-cache
content-length: 88

22:13:33.651 [AsyncHttpClient-1-12] DEBUG org.asynchttpclient.netty.channel.ChannelManager - Adding key: http://localhost:64202 for channel [id: 0x93aaa53f, L:/127.0.0.1:63013 - R:localhost/127.0.0.1:64202]
22:13:33.652 [Forwarding getElementTagName on session 14c56813848be48bbdbc08d3b4c893a7 to remote] DEBUG org.asynchttpclient.netty.request.NettyRequestSender - Using pooled Channel '[id: 0x93aaa53f, L:/127.0.0.1:63013 - R:localhost/127.0.0.1:64202]' for 'GET' to 'http://localhost:64202/session/14c56813848be48bbdbc08d3b4c893a7/element/84501baa-03a3-488e-9858-cbd91edea4fe/name'
22:13:33.652 [Forwarding getElementTagName on session 14c56813848be48bbdbc08d3b4c893a7 to remote] DEBUG org.asynchttpclient.netty.request.NettyRequestSender - Using open Channel [id: 0x93aaa53f, L:/127.0.0.1:63013 - R:localhost/127.0.0.1:64202] for GET '/session/14c56813848be48bbdbc08d3b4c893a7/element/84501baa-03a3-488e-9858-cbd91edea4fe/name'
22:13:33.656 [AsyncHttpClient-1-12] DEBUG org.asynchttpclient.netty.handler.HttpHandler - 

Request DefaultFullHttpRequest(decodeResult: success, version: HTTP/1.1, content: EmptyByteBufBE)
GET /session/14c56813848be48bbdbc08d3b4c893a7/element/84501baa-03a3-488e-9858-cbd91edea4fe/name HTTP/1.1
User-Agent: selenium/4.1.2 (java windows)
Cache-Control: no-cache
Content-Type: application/json; charset=utf-8
host: localhost:64202
accept: */*

Response DefaultHttpResponse(decodeResult: success, version: HTTP/1.1)
HTTP/1.1 200 OK
Content-Type: application/json; charset=utf-8
cache-control: no-cache
content-length: 16

22:13:33.656 [AsyncHttpClient-1-12] DEBUG org.asynchttpclient.netty.channel.ChannelManager - Adding key: http://localhost:64202 for channel [id: 0x93aaa53f, L:/127.0.0.1:63013 - R:localhost/127.0.0.1:64202]
22:13:33.657 [Forwarding getElementTagName on session 14c56813848be48bbdbc08d3b4c893a7 to remote] DEBUG org.asynchttpclient.netty.request.NettyRequestSender - Using pooled Channel '[id: 0x93aaa53f, L:/127.0.0.1:63013 - R:localhost/127.0.0.1:64202]' for 'GET' to 'http://localhost:64202/session/14c56813848be48bbdbc08d3b4c893a7/element/84501baa-03a3-488e-9858-cbd91edea4fe/name'
22:13:33.657 [Forwarding getElementTagName on session 14c56813848be48bbdbc08d3b4c893a7 to remote] DEBUG org.asynchttpclient.netty.request.NettyRequestSender - Using open Channel [id: 0x93aaa53f, L:/127.0.0.1:63013 - R:localhost/127.0.0.1:64202] for GET '/session/14c56813848be48bbdbc08d3b4c893a7/element/84501baa-03a3-488e-9858-cbd91edea4fe/name'
22:13:33.659 [AsyncHttpClient-1-12] DEBUG org.asynchttpclient.netty.handler.HttpHandler - 

Request DefaultFullHttpRequest(decodeResult: success, version: HTTP/1.1, content: EmptyByteBufBE)
GET /session/14c56813848be48bbdbc08d3b4c893a7/element/84501baa-03a3-488e-9858-cbd91edea4fe/name HTTP/1.1
User-Agent: selenium/4.1.2 (java windows)
Cache-Control: no-cache
Content-Type: application/json; charset=utf-8
host: localhost:64202
accept: */*

Response DefaultHttpResponse(decodeResult: success, version: HTTP/1.1)
HTTP/1.1 200 OK
Content-Type: application/json; charset=utf-8
cache-control: no-cache
content-length: 16

22:13:33.660 [AsyncHttpClient-1-12] DEBUG org.asynchttpclient.netty.channel.ChannelManager - Adding key: http://localhost:64202 for channel [id: 0x93aaa53f, L:/127.0.0.1:63013 - R:localhost/127.0.0.1:64202]
22:13:33.661 [Forwarding findElement on session 14c56813848be48bbdbc08d3b4c893a7 to remote] DEBUG org.asynchttpclient.netty.request.NettyRequestSender - Using pooled Channel '[id: 0x93aaa53f, L:/127.0.0.1:63013 - R:localhost/127.0.0.1:64202]' for 'POST' to 'http://localhost:64202/session/14c56813848be48bbdbc08d3b4c893a7/element'
22:13:33.661 [Forwarding findElement on session 14c56813848be48bbdbc08d3b4c893a7 to remote] DEBUG org.asynchttpclient.netty.request.NettyRequestSender - Using open Channel [id: 0x93aaa53f, L:/127.0.0.1:63013 - R:localhost/127.0.0.1:64202] for POST '/session/14c56813848be48bbdbc08d3b4c893a7/element'
22:13:33.670 [AsyncHttpClient-1-12] DEBUG org.asynchttpclient.netty.handler.HttpHandler - 

Request DefaultHttpRequest(decodeResult: success, version: HTTP/1.1)
POST /session/14c56813848be48bbdbc08d3b4c893a7/element HTTP/1.1
User-Agent: selenium/4.1.2 (java windows)
Content-Length: 109
Content-Type: application/json; charset=utf-8
host: localhost:64202
accept: */*

Response DefaultHttpResponse(decodeResult: success, version: HTTP/1.1)
HTTP/1.1 200 OK
Content-Type: application/json; charset=utf-8
cache-control: no-cache
content-length: 88

22:13:33.670 [AsyncHttpClient-1-12] DEBUG org.asynchttpclient.netty.channel.ChannelManager - Adding key: http://localhost:64202 for channel [id: 0x93aaa53f, L:/127.0.0.1:63013 - R:localhost/127.0.0.1:64202]
22:13:33.672 [Forwarding clickElement on session 14c56813848be48bbdbc08d3b4c893a7 to remote] DEBUG org.asynchttpclient.netty.request.NettyRequestSender - Using pooled Channel '[id: 0x93aaa53f, L:/127.0.0.1:63013 - R:localhost/127.0.0.1:64202]' for 'POST' to 'http://localhost:64202/session/14c56813848be48bbdbc08d3b4c893a7/element/84501baa-03a3-488e-9858-cbd91edea4fe/click'
22:13:33.672 [Forwarding clickElement on session 14c56813848be48bbdbc08d3b4c893a7 to remote] DEBUG org.asynchttpclient.netty.request.NettyRequestSender - Using open Channel [id: 0x93aaa53f, L:/127.0.0.1:63013 - R:localhost/127.0.0.1:64202] for POST '/session/14c56813848be48bbdbc08d3b4c893a7/element/84501baa-03a3-488e-9858-cbd91edea4fe/click'
22:13:34.042 [AsyncHttpClient-1-1] DEBUG org.asynchttpclient.netty.channel.DefaultChannelPool - Entry count for : http://localhost:63014 : 1
22:13:34.122 [AsyncHttpClient-1-12] DEBUG org.asynchttpclient.netty.handler.HttpHandler - 

Request DefaultHttpRequest(decodeResult: success, version: HTTP/1.1)
POST /session/14c56813848be48bbdbc08d3b4c893a7/element/84501baa-03a3-488e-9858-cbd91edea4fe/click HTTP/1.1
User-Agent: selenium/4.1.2 (java windows)
Content-Length: 50
Content-Type: application/json; charset=utf-8
host: localhost:64202
accept: */*

Response DefaultHttpResponse(decodeResult: success, version: HTTP/1.1)
HTTP/1.1 200 OK
Content-Type: application/json; charset=utf-8
cache-control: no-cache
content-length: 14

22:13:34.122 [AsyncHttpClient-1-12] DEBUG org.asynchttpclient.netty.channel.ChannelManager - Adding key: http://localhost:64202 for channel [id: 0x93aaa53f, L:/127.0.0.1:63013 - R:localhost/127.0.0.1:64202]
  &amp#27;[32mWhen &amp#27;[0m&amp#27;[32mI will go to &amp#27;[0m&amp#27;[32m&amp#27;[1m"koleksiBalita"&amp#27;[0m &amp#27;[90m# starter.stepdefinitions.BabyStep.iWillGoTo(java.lang.String)&amp#27;[0m
22:13:34.129 [Forwarding screenshot on session 14c56813848be48bbdbc08d3b4c893a7 to remote] DEBUG org.asynchttpclient.netty.request.NettyRequestSender - Using pooled Channel '[id: 0x93aaa53f, L:/127.0.0.1:63013 - R:localhost/127.0.0.1:64202]' for 'GET' to 'http://localhost:64202/session/14c56813848be48bbdbc08d3b4c893a7/screenshot'
22:13:34.129 [Forwarding screenshot on session 14c56813848be48bbdbc08d3b4c893a7 to remote] DEBUG org.asynchttpclient.netty.request.NettyRequestSender - Using open Channel [id: 0x93aaa53f, L:/127.0.0.1:63013 - R:localhost/127.0.0.1:64202] for GET '/session/14c56813848be48bbdbc08d3b4c893a7/screenshot'
22:13:34.276 [AsyncHttpClient-1-12] DEBUG org.asynchttpclient.netty.handler.HttpHandler - 

Request DefaultFullHttpRequest(decodeResult: success, version: HTTP/1.1, content: EmptyByteBufBE)
GET /session/14c56813848be48bbdbc08d3b4c893a7/screenshot HTTP/1.1
User-Agent: selenium/4.1.2 (java windows)
Cache-Control: no-cache
Content-Type: application/json; charset=utf-8
host: localhost:64202
accept: */*

Response DefaultHttpResponse(decodeResult: success, version: HTTP/1.1)
HTTP/1.1 200 OK
Content-Type: application/json; charset=utf-8
cache-control: no-cache
content-length: 89556

22:13:34.276 [AsyncHttpClient-1-12] DEBUG org.asynchttpclient.netty.channel.ChannelManager - Adding key: http://localhost:64202 for channel [id: 0x93aaa53f, L:/127.0.0.1:63013 - R:localhost/127.0.0.1:64202]
22:13:34.280 [main] DEBUG net.serenitybdd.core.photography.Darkroom - Send negative for processing for target\site\serenity\573ecfaccbe8e8b392fe6ca78b3e26579c92358966d1799853b7f08df15f05d3.png
22:13:34.281 [Darkroom Processing Line] DEBUG net.serenitybdd.core.photography.DarkroomProcessingLine - Processing screenshot image in /var/screenshots/screenshot-13510221014895356386
22:13:34.281 [Darkroom Processing Line] DEBUG net.serenitybdd.core.photography.DarkroomProcessingLine - Saving screenshot to target\site\serenity\573ecfaccbe8e8b392fe6ca78b3e26579c92358966d1799853b7f08df15f05d3.png
  &amp#27;[32mAnd &amp#27;[0m&amp#27;[32mI &amp#27;[0m&amp#27;[32m&amp#27;[1m""&amp#27;[0m&amp#27;[32m page&amp#27;[0m                     &amp#27;[90m# starter.stepdefinitions.BabyStep.iPage(java.lang.String)&amp#27;[0m
22:13:34.302 [AsyncHttpClient-1-14] DEBUG org.asynchttpclient.netty.handler.WebSocketHandler - Channel Closed: [id: 0x85b1c4f0, L:/127.0.0.1:63022 ! R:localhost/127.0.0.1:63014] with attribute NettyResponseFuture{currentRetry=5,
	isDone=1,
	isCancelled=0,
	asyncHandler=org.asynchttpclient.ws.WebSocketUpgradeHandler@21891cea,
	nettyRequest=org.asynchttpclient.netty.request.NettyRequest@6007d3b8,
	future=java.util.concurrent.CompletableFuture@759171c0[Completed normally],
	uri=ws://localhost:63014/devtools/browser/439232d5-6402-4926-acd3-0c60e8a20c23,
	keepAlive=true,
	redirectCount=0,
	timeoutsHolder=null,
	inAuth=0,
	touch=1680707606392}
22:13:34.302 [AsyncHttpClient-1-14] DEBUG org.asynchttpclient.netty.channel.ChannelManager - Closing Channel [id: 0x85b1c4f0, L:/127.0.0.1:63022 ! R:localhost/127.0.0.1:63014] 
22:13:34.302 [Driver Command Executor] DEBUG org.asynchttpclient.netty.request.NettyRequestSender - Using pooled Channel '[id: 0x93aaa53f, L:/127.0.0.1:63013 - R:localhost/127.0.0.1:64202]' for 'DELETE' to 'http://localhost:64202/session/14c56813848be48bbdbc08d3b4c893a7'
22:13:34.302 [Driver Command Executor] DEBUG org.asynchttpclient.netty.request.NettyRequestSender - Using open Channel [id: 0x93aaa53f, L:/127.0.0.1:63013 - R:localhost/127.0.0.1:64202] for DELETE '/session/14c56813848be48bbdbc08d3b4c893a7'
22:13:34.341 [AsyncHttpClient-1-13] DEBUG org.asynchttpclient.netty.handler.HttpHandler - Unexpected I/O exception on channel [id: 0x882983cf, L:/127.0.0.1:63021 - R:localhost/127.0.0.1:63014]
java.net.SocketException: Connection reset
	at java.base/sun.nio.ch.SocketChannelImpl.throwConnectionReset(SocketChannelImpl.java:345)
	at java.base/sun.nio.ch.SocketChannelImpl.read(SocketChannelImpl.java:376)
	at io.netty.buffer.PooledByteBuf.setBytes(PooledByteBuf.java:258)
	at io.netty.buffer.AbstractByteBuf.writeBytes(AbstractByteBuf.java:1132)
	at io.netty.channel.socket.nio.NioSocketChannel.doReadBytes(NioSocketChannel.java:350)
	at io.netty.channel.nio.AbstractNioByteChannel$NioByteUnsafe.read(AbstractNioByteChannel.java:151)
	at io.netty.channel.nio.NioEventLoop.processSelectedKey(NioEventLoop.java:722)
	at io.netty.channel.nio.NioEventLoop.processSelectedKeysOptimized(NioEventLoop.java:658)
	at io.netty.channel.nio.NioEventLoop.processSelectedKeys(NioEventLoop.java:584)
	at io.netty.channel.nio.NioEventLoop.run(NioEventLoop.java:496)
	at io.netty.util.concurrent.SingleThreadEventExecutor$4.run(SingleThreadEventExecutor.java:986)
	at io.netty.util.internal.ThreadExecutorMap$2.run(ThreadExecutorMap.java:74)
	at io.netty.util.concurrent.FastThreadLocalRunnable.run(FastThreadLocalRunnable.java:30)
	at java.base/java.lang.Thread.run(Thread.java:830)
22:13:34.341 [AsyncHttpClient-1-13] DEBUG org.asynchttpclient.netty.channel.ChannelManager - Closing Channel [id: 0x882983cf, L:/127.0.0.1:63021 - R:localhost/127.0.0.1:63014] 
22:13:34.342 [AsyncHttpClient-1-13] DEBUG org.asynchttpclient.netty.handler.HttpHandler - Channel Closed: [id: 0x882983cf, L:/127.0.0.1:63021 ! R:localhost/127.0.0.1:63014] with attribute DISCARD
22:13:34.377 [AsyncHttpClient-1-12] DEBUG org.asynchttpclient.netty.handler.HttpHandler - 

Request DefaultFullHttpRequest(decodeResult: success, version: HTTP/1.1, content: EmptyByteBufBE)
DELETE /session/14c56813848be48bbdbc08d3b4c893a7 HTTP/1.1
User-Agent: selenium/4.1.2 (java windows)
Content-Type: application/json; charset=utf-8
host: localhost:64202
accept: */*

Response DefaultHttpResponse(decodeResult: success, version: HTTP/1.1)
HTTP/1.1 200 OK
Content-Type: application/json; charset=utf-8
cache-control: no-cache
content-length: 14

22:13:34.378 [AsyncHttpClient-1-12] DEBUG org.asynchttpclient.netty.channel.ChannelManager - Adding key: http://localhost:64202 for channel [id: 0x93aaa53f, L:/127.0.0.1:63013 - R:localhost/127.0.0.1:64202]
22:13:34.501 [AsyncHttpClient-1-12] DEBUG org.asynchttpclient.netty.handler.HttpHandler - Channel Closed: [id: 0x93aaa53f, L:/127.0.0.1:63013 ! R:localhost/127.0.0.1:64202] with attribute DISCARD
]]></system-out>
    <system-err><![CDATA[Starting Microsoft Edge WebDriver 111.0.1661.62 (0a8f453929e6410c973aa529a40485ce4e3e03db) on port 64202
To submit feedback, report a bug, or suggest new features, please visit https://github.com/MicrosoftEdge/EdgeWebDriver

Only local connections are allowed.
Please see https://aka.ms/WebDriverSecurity for suggestions on keeping Microsoft Edge WebDriver safe.

Microsoft Edge WebDriver was started successfully.
Apr 05, 2023 10:13:26 PM org.openqa.selenium.remote.ProtocolHandshake createSession
INFO: Detected dialect: W3C
Apr 05, 2023 10:13:26 PM org.openqa.selenium.devtools.CdpVersionFinder findNearestMatch
WARNING: Unable to find an exact match for CDP version 111, so returning the closest version found: a no-op implementation
Apr 05, 2023 10:13:26 PM org.openqa.selenium.devtools.CdpVersionFinder findNearestMatch
INFO: Unable to find CDP implementation matching 111.
Apr 05, 2023 10:13:26 PM org.openqa.selenium.chromium.ChromiumDriver lambda$new$3
WARNING: Unable to find version of CDP to use for . You may need to include a dependency on a specific version of the CDP using something similar to `org.seleniumhq.selenium:selenium-devtools-v86:4.1.2` where the version ("v86") matches the version of the chromium-based browser you're using and the version number of the artifact is the same as Selenium's.
]]></system-err>
  </testcase>
  <testcase name="Fitur Menu Baby #16" classname="Baby" time="11.247">
    <system-out><![CDATA[
Scenario Outline: Fitur Menu Baby &amp#27;[90m# src/test/resources/features/Baby.feature:108&amp#27;[0m
22:13:35.101 [main] INFO io.cucumber.core.plugin.SerenityReporter - Running feature from file:///C:/Users/alwi/IdeaProjects/uniqloweb/src/test/resources/features/Baby.feature
22:13:35.139 [AsyncHttpClient-1-1] DEBUG org.asynchttpclient.netty.channel.DefaultChannelPool - Entry count for : http://localhost:63014 : 1
22:13:35.139 [AsyncHttpClient-1-1] DEBUG org.asynchttpclient.netty.channel.DefaultChannelPool - Entry count for : http://localhost:64202 : 1
22:13:35.139 [AsyncHttpClient-1-1] DEBUG org.asynchttpclient.netty.channel.DefaultChannelPool - Adding Candidate expired Channel [id: 0x882983cf, L:/127.0.0.1:63021 ! R:localhost/127.0.0.1:63014] isIdleTimeoutExpired=false isRemotelyClosed=true isTtlExpired=false
22:13:35.139 [AsyncHttpClient-1-1] DEBUG org.asynchttpclient.netty.channel.DefaultChannelPool - Closing Idle Channel [id: 0x882983cf, L:/127.0.0.1:63021 ! R:localhost/127.0.0.1:63014]
22:13:35.139 [AsyncHttpClient-1-1] DEBUG org.asynchttpclient.netty.channel.DefaultChannelPool - Adding Candidate expired Channel [id: 0x93aaa53f, L:/127.0.0.1:63013 ! R:localhost/127.0.0.1:64202] isIdleTimeoutExpired=false isRemotelyClosed=true isTtlExpired=false
22:13:35.139 [AsyncHttpClient-1-1] DEBUG org.asynchttpclient.netty.channel.DefaultChannelPool - Closing Idle Channel [id: 0x93aaa53f, L:/127.0.0.1:63013 ! R:localhost/127.0.0.1:64202]
22:13:35.139 [AsyncHttpClient-1-1] DEBUG org.asynchttpclient.netty.channel.DefaultChannelPool - Closed 2 connections out of 2 in 0 ms
22:13:35.218 [main] DEBUG io.github.bonigarcia.wdm.cache.ResolutionCache - Resolution edge=111 in cache (valid until 23:09:49 05/04/2023 WIB)
22:13:35.222 [main] DEBUG io.github.bonigarcia.wdm.cache.ResolutionCache - Resolution edge111=111.0.1661.62 in cache (valid until 15:17:30 06/04/2023 WIB)
22:13:35.224 [main] INFO io.github.bonigarcia.wdm.WebDriverManager - Using msedgedriver 111.0.1661.62 (resolved driver for Edge 111)
22:13:35.235 [main] DEBUG io.github.bonigarcia.wdm.WebDriverManager - Driver msedgedriver 111.0.1661.62 found in cache
22:13:35.235 [main] INFO io.github.bonigarcia.wdm.WebDriverManager - Exporting webdriver.edge.driver as C:\Users\alwi\.cache\selenium\msedgedriver\win64\111.0.1661.62\msedgedriver.exe
22:13:35.237 [main] DEBUG net.serenitybdd.core.webdriver.driverproviders.ProvideNewDriver - Instantiating driver
22:13:35.237 [main] DEBUG net.serenitybdd.core.webdriver.driverproviders.ProvideNewDriver - Driver capabilities: Capabilities {base.url: https://www.uniqlo.com, chrome.driver: src/test/resources/webdrive..., driver: edge, ms:edgeChromium: true, ms:edgeOptions: {}, wait.for.timeout: 6000}
22:13:35.777 [AsyncHttpClient-1-15] DEBUG org.asynchttpclient.netty.channel.NettyConnectListener - Using new Channel '[id: 0xed08f90f, L:/127.0.0.1:63148 - R:localhost/127.0.0.1:53254]' for 'POST' to '/session'
22:13:36.401 [AsyncHttpClient-1-15] DEBUG org.asynchttpclient.netty.handler.HttpHandler - 

Request DefaultHttpRequest(decodeResult: success, version: HTTP/1.1)
POST /session HTTP/1.1
User-Agent: selenium/4.1.2 (java windows)
Content-Length: 627
Content-Type: application/json; charset=utf-8
host: localhost:53254
accept: */*

Response DefaultHttpResponse(decodeResult: success, version: HTTP/1.1)
HTTP/1.1 200 OK
Content-Type: application/json; charset=utf-8
cache-control: no-cache
content-length: 824

22:13:36.401 [AsyncHttpClient-1-15] DEBUG org.asynchttpclient.netty.channel.ChannelManager - Adding key: http://localhost:53254 for channel [id: 0xed08f90f, L:/127.0.0.1:63148 - R:localhost/127.0.0.1:53254]
22:13:36.411 [AsyncHttpClient-1-16] DEBUG org.asynchttpclient.netty.channel.NettyConnectListener - Using new Channel '[id: 0x2b88a587, L:/127.0.0.1:63156 - R:localhost/127.0.0.1:63149]' for 'GET' to '/json/version'
22:13:36.411 [AsyncHttpClient-1-16] DEBUG org.asynchttpclient.netty.handler.HttpHandler - 

Request DefaultFullHttpRequest(decodeResult: success, version: HTTP/1.1, content: EmptyByteBufBE)
GET /json/version HTTP/1.1
User-Agent: selenium/4.1.2 (java windows)
host: localhost:63149
accept: */*

Response DefaultHttpResponse(decodeResult: success, version: HTTP/1.1)
HTTP/1.1 200 OK
Content-Security-Policy: frame-ancestors 'none'
Content-Type: application/json; charset=UTF-8
content-length: 436

22:13:36.411 [AsyncHttpClient-1-16] DEBUG org.asynchttpclient.netty.channel.ChannelManager - Adding key: http://localhost:63149 for channel [id: 0x2b88a587, L:/127.0.0.1:63156 - R:localhost/127.0.0.1:63149]
22:13:36.414 [AsyncHttpClient-1-17] DEBUG org.asynchttpclient.netty.channel.NettyConnectListener - Using new Channel '[id: 0x2589dfd2, L:/127.0.0.1:63157 - R:localhost/127.0.0.1:63149]' for 'GET' to '/devtools/browser/2adbca2f-29e3-483b-98fe-d430a687cd53'
22:13:36.414 [AsyncHttpClient-1-17] DEBUG org.asynchttpclient.netty.handler.WebSocketHandler - 

Request DefaultFullHttpRequest(decodeResult: success, version: HTTP/1.1, content: EmptyByteBufBE)
GET /devtools/browser/2adbca2f-29e3-483b-98fe-d430a687cd53 HTTP/1.1
upgrade: websocket
connection: upgrade
sec-websocket-key: saNICH5HN+4ywpDQ63fHTA==
sec-websocket-version: 13
origin: http://localhost:63149
host: localhost:63149
accept: */*
user-agent: AHC/2.1

Response DefaultHttpResponse(decodeResult: success, version: HTTP/1.1)
HTTP/1.1 101 WebSocket Protocol Handshake
Upgrade: WebSocket
Connection: Upgrade
Sec-WebSocket-Accept: +nMbx3KiApHt7fBMkbn4rUmntGQ=

22:13:36.420 [Forwarding get on session 731418315afc7c2bbbeae093b134ed03 to remote] DEBUG org.asynchttpclient.netty.request.NettyRequestSender - Using pooled Channel '[id: 0xed08f90f, L:/127.0.0.1:63148 - R:localhost/127.0.0.1:53254]' for 'POST' to 'http://localhost:53254/session/731418315afc7c2bbbeae093b134ed03/url'
22:13:36.420 [Forwarding get on session 731418315afc7c2bbbeae093b134ed03 to remote] DEBUG org.asynchttpclient.netty.request.NettyRequestSender - Using open Channel [id: 0xed08f90f, L:/127.0.0.1:63148 - R:localhost/127.0.0.1:53254] for POST '/session/731418315afc7c2bbbeae093b134ed03/url'
22:13:37.342 [AsyncHttpClient-1-1] DEBUG org.asynchttpclient.netty.channel.DefaultChannelPool - Entry count for : http://localhost:63149 : 1
22:13:38.443 [AsyncHttpClient-1-1] DEBUG org.asynchttpclient.netty.channel.DefaultChannelPool - Entry count for : http://localhost:63149 : 1
22:13:39.538 [AsyncHttpClient-1-1] DEBUG org.asynchttpclient.netty.channel.DefaultChannelPool - Entry count for : http://localhost:63149 : 1
22:13:40.643 [AsyncHttpClient-1-1] DEBUG org.asynchttpclient.netty.channel.DefaultChannelPool - Entry count for : http://localhost:63149 : 1
22:13:41.746 [AsyncHttpClient-1-1] DEBUG org.asynchttpclient.netty.channel.DefaultChannelPool - Entry count for : http://localhost:63149 : 1
22:13:42.839 [AsyncHttpClient-1-1] DEBUG org.asynchttpclient.netty.channel.DefaultChannelPool - Entry count for : http://localhost:63149 : 1
22:13:42.934 [AsyncHttpClient-1-15] DEBUG org.asynchttpclient.netty.handler.HttpHandler - 

Request DefaultHttpRequest(decodeResult: success, version: HTTP/1.1)
POST /session/731418315afc7c2bbbeae093b134ed03/url HTTP/1.1
User-Agent: selenium/4.1.2 (java windows)
Content-Length: 53
Content-Type: application/json; charset=utf-8
host: localhost:53254
accept: */*

Response DefaultHttpResponse(decodeResult: success, version: HTTP/1.1)
HTTP/1.1 200 OK
Content-Type: application/json; charset=utf-8
cache-control: no-cache
content-length: 14

22:13:42.934 [AsyncHttpClient-1-15] DEBUG org.asynchttpclient.netty.channel.ChannelManager - Adding key: http://localhost:53254 for channel [id: 0xed08f90f, L:/127.0.0.1:63148 - R:localhost/127.0.0.1:53254]
22:13:42.936 [Forwarding setTimeout on session 731418315afc7c2bbbeae093b134ed03 to remote] DEBUG org.asynchttpclient.netty.request.NettyRequestSender - Using pooled Channel '[id: 0xed08f90f, L:/127.0.0.1:63148 - R:localhost/127.0.0.1:53254]' for 'POST' to 'http://localhost:53254/session/731418315afc7c2bbbeae093b134ed03/timeouts'
22:13:42.936 [Forwarding setTimeout on session 731418315afc7c2bbbeae093b134ed03 to remote] DEBUG org.asynchttpclient.netty.request.NettyRequestSender - Using open Channel [id: 0xed08f90f, L:/127.0.0.1:63148 - R:localhost/127.0.0.1:53254] for POST '/session/731418315afc7c2bbbeae093b134ed03/timeouts'
22:13:42.937 [AsyncHttpClient-1-15] DEBUG org.asynchttpclient.netty.handler.HttpHandler - 

Request DefaultHttpRequest(decodeResult: success, version: HTTP/1.1)
POST /session/731418315afc7c2bbbeae093b134ed03/timeouts HTTP/1.1
User-Agent: selenium/4.1.2 (java windows)
Content-Length: 22
Content-Type: application/json; charset=utf-8
host: localhost:53254
accept: */*

Response DefaultHttpResponse(decodeResult: success, version: HTTP/1.1)
HTTP/1.1 200 OK
Content-Type: application/json; charset=utf-8
cache-control: no-cache
content-length: 14

22:13:42.937 [AsyncHttpClient-1-15] DEBUG org.asynchttpclient.netty.channel.ChannelManager - Adding key: http://localhost:53254 for channel [id: 0xed08f90f, L:/127.0.0.1:63148 - R:localhost/127.0.0.1:53254]
22:13:42.939 [Forwarding getCurrentUrl on session 731418315afc7c2bbbeae093b134ed03 to remote] DEBUG org.asynchttpclient.netty.request.NettyRequestSender - Using pooled Channel '[id: 0xed08f90f, L:/127.0.0.1:63148 - R:localhost/127.0.0.1:53254]' for 'GET' to 'http://localhost:53254/session/731418315afc7c2bbbeae093b134ed03/url'
22:13:42.940 [Forwarding getCurrentUrl on session 731418315afc7c2bbbeae093b134ed03 to remote] DEBUG org.asynchttpclient.netty.request.NettyRequestSender - Using open Channel [id: 0xed08f90f, L:/127.0.0.1:63148 - R:localhost/127.0.0.1:53254] for GET '/session/731418315afc7c2bbbeae093b134ed03/url'
22:13:42.943 [AsyncHttpClient-1-15] DEBUG org.asynchttpclient.netty.handler.HttpHandler - 

Request DefaultFullHttpRequest(decodeResult: success, version: HTTP/1.1, content: EmptyByteBufBE)
GET /session/731418315afc7c2bbbeae093b134ed03/url HTTP/1.1
User-Agent: selenium/4.1.2 (java windows)
Cache-Control: no-cache
Content-Type: application/json; charset=utf-8
host: localhost:53254
accept: */*

Response DefaultHttpResponse(decodeResult: success, version: HTTP/1.1)
HTTP/1.1 200 OK
Content-Type: application/json; charset=utf-8
cache-control: no-cache
content-length: 41

22:13:42.943 [AsyncHttpClient-1-15] DEBUG org.asynchttpclient.netty.channel.ChannelManager - Adding key: http://localhost:53254 for channel [id: 0xed08f90f, L:/127.0.0.1:63148 - R:localhost/127.0.0.1:53254]
  &amp#27;[32mGiven &amp#27;[0m&amp#27;[32mI am on the home page&amp#27;[0m     &amp#27;[90m# starter.stepdefinitions.BabyStep.iAmOnTheHomePage()&amp#27;[0m
22:13:42.949 [Forwarding screenshot on session 731418315afc7c2bbbeae093b134ed03 to remote] DEBUG org.asynchttpclient.netty.request.NettyRequestSender - Using pooled Channel '[id: 0xed08f90f, L:/127.0.0.1:63148 - R:localhost/127.0.0.1:53254]' for 'GET' to 'http://localhost:53254/session/731418315afc7c2bbbeae093b134ed03/screenshot'
22:13:42.949 [Forwarding screenshot on session 731418315afc7c2bbbeae093b134ed03 to remote] DEBUG org.asynchttpclient.netty.request.NettyRequestSender - Using open Channel [id: 0xed08f90f, L:/127.0.0.1:63148 - R:localhost/127.0.0.1:53254] for GET '/session/731418315afc7c2bbbeae093b134ed03/screenshot'
22:13:43.282 [AsyncHttpClient-1-15] DEBUG org.asynchttpclient.netty.handler.HttpHandler - 

Request DefaultFullHttpRequest(decodeResult: success, version: HTTP/1.1, content: EmptyByteBufBE)
GET /session/731418315afc7c2bbbeae093b134ed03/screenshot HTTP/1.1
User-Agent: selenium/4.1.2 (java windows)
Cache-Control: no-cache
Content-Type: application/json; charset=utf-8
host: localhost:53254
accept: */*

Response DefaultHttpResponse(decodeResult: success, version: HTTP/1.1)
HTTP/1.1 200 OK
Content-Type: application/json; charset=utf-8
cache-control: no-cache
content-length: 1119968

22:13:43.284 [AsyncHttpClient-1-15] DEBUG org.asynchttpclient.netty.channel.ChannelManager - Adding key: http://localhost:53254 for channel [id: 0xed08f90f, L:/127.0.0.1:63148 - R:localhost/127.0.0.1:53254]
22:13:43.322 [main] DEBUG net.serenitybdd.core.photography.Darkroom - Send negative for processing for target\site\serenity\3d1b19ad31921c0beae4332facd941fcc81467ad5802877977ec6c100df601ce.png
22:13:43.333 [Forwarding findElement on session 731418315afc7c2bbbeae093b134ed03 to remote] DEBUG org.asynchttpclient.netty.request.NettyRequestSender - Using pooled Channel '[id: 0xed08f90f, L:/127.0.0.1:63148 - R:localhost/127.0.0.1:53254]' for 'POST' to 'http://localhost:53254/session/731418315afc7c2bbbeae093b134ed03/element'
22:13:43.333 [Forwarding findElement on session 731418315afc7c2bbbeae093b134ed03 to remote] DEBUG org.asynchttpclient.netty.request.NettyRequestSender - Using open Channel [id: 0xed08f90f, L:/127.0.0.1:63148 - R:localhost/127.0.0.1:53254] for POST '/session/731418315afc7c2bbbeae093b134ed03/element'
22:13:43.345 [AsyncHttpClient-1-15] DEBUG org.asynchttpclient.netty.handler.HttpHandler - 

Request DefaultHttpRequest(decodeResult: success, version: HTTP/1.1)
POST /session/731418315afc7c2bbbeae093b134ed03/element HTTP/1.1
User-Agent: selenium/4.1.2 (java windows)
Content-Length: 81
Content-Type: application/json; charset=utf-8
host: localhost:53254
accept: */*

Response DefaultHttpResponse(decodeResult: success, version: HTTP/1.1)
HTTP/1.1 200 OK
Content-Type: application/json; charset=utf-8
cache-control: no-cache
content-length: 88

22:13:43.345 [AsyncHttpClient-1-15] DEBUG org.asynchttpclient.netty.channel.ChannelManager - Adding key: http://localhost:53254 for channel [id: 0xed08f90f, L:/127.0.0.1:63148 - R:localhost/127.0.0.1:53254]
22:13:43.347 [Forwarding getElementTagName on session 731418315afc7c2bbbeae093b134ed03 to remote] DEBUG org.asynchttpclient.netty.request.NettyRequestSender - Using pooled Channel '[id: 0xed08f90f, L:/127.0.0.1:63148 - R:localhost/127.0.0.1:53254]' for 'GET' to 'http://localhost:53254/session/731418315afc7c2bbbeae093b134ed03/element/4d5b9b09-5e30-4823-a74a-5b29b03a4bb6/name'
22:13:43.347 [Forwarding getElementTagName on session 731418315afc7c2bbbeae093b134ed03 to remote] DEBUG org.asynchttpclient.netty.request.NettyRequestSender - Using open Channel [id: 0xed08f90f, L:/127.0.0.1:63148 - R:localhost/127.0.0.1:53254] for GET '/session/731418315afc7c2bbbeae093b134ed03/element/4d5b9b09-5e30-4823-a74a-5b29b03a4bb6/name'
22:13:43.351 [AsyncHttpClient-1-15] DEBUG org.asynchttpclient.netty.handler.HttpHandler - 

Request DefaultFullHttpRequest(decodeResult: success, version: HTTP/1.1, content: EmptyByteBufBE)
GET /session/731418315afc7c2bbbeae093b134ed03/element/4d5b9b09-5e30-4823-a74a-5b29b03a4bb6/name HTTP/1.1
User-Agent: selenium/4.1.2 (java windows)
Cache-Control: no-cache
Content-Type: application/json; charset=utf-8
host: localhost:53254
accept: */*

Response DefaultHttpResponse(decodeResult: success, version: HTTP/1.1)
HTTP/1.1 200 OK
Content-Type: application/json; charset=utf-8
cache-control: no-cache
content-length: 16

22:13:43.351 [AsyncHttpClient-1-15] DEBUG org.asynchttpclient.netty.channel.ChannelManager - Adding key: http://localhost:53254 for channel [id: 0xed08f90f, L:/127.0.0.1:63148 - R:localhost/127.0.0.1:53254]
22:13:43.353 [Forwarding getElementTagName on session 731418315afc7c2bbbeae093b134ed03 to remote] DEBUG org.asynchttpclient.netty.request.NettyRequestSender - Using pooled Channel '[id: 0xed08f90f, L:/127.0.0.1:63148 - R:localhost/127.0.0.1:53254]' for 'GET' to 'http://localhost:53254/session/731418315afc7c2bbbeae093b134ed03/element/4d5b9b09-5e30-4823-a74a-5b29b03a4bb6/name'
22:13:43.353 [Forwarding getElementTagName on session 731418315afc7c2bbbeae093b134ed03 to remote] DEBUG org.asynchttpclient.netty.request.NettyRequestSender - Using open Channel [id: 0xed08f90f, L:/127.0.0.1:63148 - R:localhost/127.0.0.1:53254] for GET '/session/731418315afc7c2bbbeae093b134ed03/element/4d5b9b09-5e30-4823-a74a-5b29b03a4bb6/name'
22:13:43.356 [AsyncHttpClient-1-15] DEBUG org.asynchttpclient.netty.handler.HttpHandler - 

Request DefaultFullHttpRequest(decodeResult: success, version: HTTP/1.1, content: EmptyByteBufBE)
GET /session/731418315afc7c2bbbeae093b134ed03/element/4d5b9b09-5e30-4823-a74a-5b29b03a4bb6/name HTTP/1.1
User-Agent: selenium/4.1.2 (java windows)
Cache-Control: no-cache
Content-Type: application/json; charset=utf-8
host: localhost:53254
accept: */*

Response DefaultHttpResponse(decodeResult: success, version: HTTP/1.1)
HTTP/1.1 200 OK
Content-Type: application/json; charset=utf-8
cache-control: no-cache
content-length: 16

22:13:43.356 [AsyncHttpClient-1-15] DEBUG org.asynchttpclient.netty.channel.ChannelManager - Adding key: http://localhost:53254 for channel [id: 0xed08f90f, L:/127.0.0.1:63148 - R:localhost/127.0.0.1:53254]
22:13:43.358 [Forwarding findElement on session 731418315afc7c2bbbeae093b134ed03 to remote] DEBUG org.asynchttpclient.netty.request.NettyRequestSender - Using pooled Channel '[id: 0xed08f90f, L:/127.0.0.1:63148 - R:localhost/127.0.0.1:53254]' for 'POST' to 'http://localhost:53254/session/731418315afc7c2bbbeae093b134ed03/element'
22:13:43.358 [Forwarding findElement on session 731418315afc7c2bbbeae093b134ed03 to remote] DEBUG org.asynchttpclient.netty.request.NettyRequestSender - Using open Channel [id: 0xed08f90f, L:/127.0.0.1:63148 - R:localhost/127.0.0.1:53254] for POST '/session/731418315afc7c2bbbeae093b134ed03/element'
22:13:43.364 [AsyncHttpClient-1-15] DEBUG org.asynchttpclient.netty.handler.HttpHandler - 

Request DefaultHttpRequest(decodeResult: success, version: HTTP/1.1)
POST /session/731418315afc7c2bbbeae093b134ed03/element HTTP/1.1
User-Agent: selenium/4.1.2 (java windows)
Content-Length: 81
Content-Type: application/json; charset=utf-8
host: localhost:53254
accept: */*

Response DefaultHttpResponse(decodeResult: success, version: HTTP/1.1)
HTTP/1.1 200 OK
Content-Type: application/json; charset=utf-8
cache-control: no-cache
content-length: 88

22:13:43.364 [AsyncHttpClient-1-15] DEBUG org.asynchttpclient.netty.channel.ChannelManager - Adding key: http://localhost:53254 for channel [id: 0xed08f90f, L:/127.0.0.1:63148 - R:localhost/127.0.0.1:53254]
22:13:43.366 [Forwarding clickElement on session 731418315afc7c2bbbeae093b134ed03 to remote] DEBUG org.asynchttpclient.netty.request.NettyRequestSender - Using pooled Channel '[id: 0xed08f90f, L:/127.0.0.1:63148 - R:localhost/127.0.0.1:53254]' for 'POST' to 'http://localhost:53254/session/731418315afc7c2bbbeae093b134ed03/element/4d5b9b09-5e30-4823-a74a-5b29b03a4bb6/click'
22:13:43.366 [Forwarding clickElement on session 731418315afc7c2bbbeae093b134ed03 to remote] DEBUG org.asynchttpclient.netty.request.NettyRequestSender - Using open Channel [id: 0xed08f90f, L:/127.0.0.1:63148 - R:localhost/127.0.0.1:53254] for POST '/session/731418315afc7c2bbbeae093b134ed03/element/4d5b9b09-5e30-4823-a74a-5b29b03a4bb6/click'
22:13:43.806 [AsyncHttpClient-1-15] DEBUG org.asynchttpclient.netty.handler.HttpHandler - 

Request DefaultHttpRequest(decodeResult: success, version: HTTP/1.1)
POST /session/731418315afc7c2bbbeae093b134ed03/element/4d5b9b09-5e30-4823-a74a-5b29b03a4bb6/click HTTP/1.1
User-Agent: selenium/4.1.2 (java windows)
Content-Length: 50
Content-Type: application/json; charset=utf-8
host: localhost:53254
accept: */*

Response DefaultHttpResponse(decodeResult: success, version: HTTP/1.1)
HTTP/1.1 200 OK
Content-Type: application/json; charset=utf-8
cache-control: no-cache
content-length: 14

22:13:43.807 [AsyncHttpClient-1-15] DEBUG org.asynchttpclient.netty.channel.ChannelManager - Adding key: http://localhost:53254 for channel [id: 0xed08f90f, L:/127.0.0.1:63148 - R:localhost/127.0.0.1:53254]
  &amp#27;[32mThen &amp#27;[0m&amp#27;[32mI click baby on the header&amp#27;[0m &amp#27;[90m# starter.stepdefinitions.BabyStep.iClickBabyOnTheHeader()&amp#27;[0m
22:13:43.817 [Forwarding screenshot on session 731418315afc7c2bbbeae093b134ed03 to remote] DEBUG org.asynchttpclient.netty.request.NettyRequestSender - Using pooled Channel '[id: 0xed08f90f, L:/127.0.0.1:63148 - R:localhost/127.0.0.1:53254]' for 'GET' to 'http://localhost:53254/session/731418315afc7c2bbbeae093b134ed03/screenshot'
22:13:43.817 [Forwarding screenshot on session 731418315afc7c2bbbeae093b134ed03 to remote] DEBUG org.asynchttpclient.netty.request.NettyRequestSender - Using open Channel [id: 0xed08f90f, L:/127.0.0.1:63148 - R:localhost/127.0.0.1:53254] for GET '/session/731418315afc7c2bbbeae093b134ed03/screenshot'
22:13:43.941 [AsyncHttpClient-1-1] DEBUG org.asynchttpclient.netty.channel.DefaultChannelPool - Entry count for : http://localhost:63149 : 1
22:13:44.764 [AsyncHttpClient-1-15] DEBUG org.asynchttpclient.netty.handler.HttpHandler - 

Request DefaultFullHttpRequest(decodeResult: success, version: HTTP/1.1, content: EmptyByteBufBE)
GET /session/731418315afc7c2bbbeae093b134ed03/screenshot HTTP/1.1
User-Agent: selenium/4.1.2 (java windows)
Cache-Control: no-cache
Content-Type: application/json; charset=utf-8
host: localhost:53254
accept: */*

Response DefaultHttpResponse(decodeResult: success, version: HTTP/1.1)
HTTP/1.1 200 OK
Content-Type: application/json; charset=utf-8
cache-control: no-cache
content-length: 137776

22:13:44.764 [AsyncHttpClient-1-15] DEBUG org.asynchttpclient.netty.channel.ChannelManager - Adding key: http://localhost:53254 for channel [id: 0xed08f90f, L:/127.0.0.1:63148 - R:localhost/127.0.0.1:53254]
22:13:44.770 [main] DEBUG net.serenitybdd.core.photography.Darkroom - Send negative for processing for target\site\serenity\66be97047e6167e11dbe91b68e4a22e675d657e3f92a8c80afba8fee62bd5186.png
22:13:44.770 [Darkroom Processing Line] DEBUG net.serenitybdd.core.photography.DarkroomProcessingLine - Processing screenshot image in /var/screenshots/screenshot-18109117608977079884
22:13:44.770 [Darkroom Processing Line] DEBUG net.serenitybdd.core.photography.DarkroomProcessingLine - Saving screenshot to target\site\serenity\66be97047e6167e11dbe91b68e4a22e675d657e3f92a8c80afba8fee62bd5186.png
22:13:44.779 [Forwarding findElement on session 731418315afc7c2bbbeae093b134ed03 to remote] DEBUG org.asynchttpclient.netty.request.NettyRequestSender - Using pooled Channel '[id: 0xed08f90f, L:/127.0.0.1:63148 - R:localhost/127.0.0.1:53254]' for 'POST' to 'http://localhost:53254/session/731418315afc7c2bbbeae093b134ed03/element'
22:13:44.779 [Forwarding findElement on session 731418315afc7c2bbbeae093b134ed03 to remote] DEBUG org.asynchttpclient.netty.request.NettyRequestSender - Using open Channel [id: 0xed08f90f, L:/127.0.0.1:63148 - R:localhost/127.0.0.1:53254] for POST '/session/731418315afc7c2bbbeae093b134ed03/element'
22:13:44.792 [AsyncHttpClient-1-15] DEBUG org.asynchttpclient.netty.handler.HttpHandler - 

Request DefaultHttpRequest(decodeResult: success, version: HTTP/1.1)
POST /session/731418315afc7c2bbbeae093b134ed03/element HTTP/1.1
User-Agent: selenium/4.1.2 (java windows)
Content-Length: 104
Content-Type: application/json; charset=utf-8
host: localhost:53254
accept: */*

Response DefaultHttpResponse(decodeResult: success, version: HTTP/1.1)
HTTP/1.1 200 OK
Content-Type: application/json; charset=utf-8
cache-control: no-cache
content-length: 88

22:13:44.792 [AsyncHttpClient-1-15] DEBUG org.asynchttpclient.netty.channel.ChannelManager - Adding key: http://localhost:53254 for channel [id: 0xed08f90f, L:/127.0.0.1:63148 - R:localhost/127.0.0.1:53254]
22:13:44.793 [Forwarding getElementTagName on session 731418315afc7c2bbbeae093b134ed03 to remote] DEBUG org.asynchttpclient.netty.request.NettyRequestSender - Using pooled Channel '[id: 0xed08f90f, L:/127.0.0.1:63148 - R:localhost/127.0.0.1:53254]' for 'GET' to 'http://localhost:53254/session/731418315afc7c2bbbeae093b134ed03/element/50085731-4442-4e74-a92d-43ec0ec19d67/name'
22:13:44.793 [Forwarding getElementTagName on session 731418315afc7c2bbbeae093b134ed03 to remote] DEBUG org.asynchttpclient.netty.request.NettyRequestSender - Using open Channel [id: 0xed08f90f, L:/127.0.0.1:63148 - R:localhost/127.0.0.1:53254] for GET '/session/731418315afc7c2bbbeae093b134ed03/element/50085731-4442-4e74-a92d-43ec0ec19d67/name'
22:13:44.797 [AsyncHttpClient-1-15] DEBUG org.asynchttpclient.netty.handler.HttpHandler - 

Request DefaultFullHttpRequest(decodeResult: success, version: HTTP/1.1, content: EmptyByteBufBE)
GET /session/731418315afc7c2bbbeae093b134ed03/element/50085731-4442-4e74-a92d-43ec0ec19d67/name HTTP/1.1
User-Agent: selenium/4.1.2 (java windows)
Cache-Control: no-cache
Content-Type: application/json; charset=utf-8
host: localhost:53254
accept: */*

Response DefaultHttpResponse(decodeResult: success, version: HTTP/1.1)
HTTP/1.1 200 OK
Content-Type: application/json; charset=utf-8
cache-control: no-cache
content-length: 16

22:13:44.797 [AsyncHttpClient-1-15] DEBUG org.asynchttpclient.netty.channel.ChannelManager - Adding key: http://localhost:53254 for channel [id: 0xed08f90f, L:/127.0.0.1:63148 - R:localhost/127.0.0.1:53254]
22:13:44.798 [Forwarding getElementTagName on session 731418315afc7c2bbbeae093b134ed03 to remote] DEBUG org.asynchttpclient.netty.request.NettyRequestSender - Using pooled Channel '[id: 0xed08f90f, L:/127.0.0.1:63148 - R:localhost/127.0.0.1:53254]' for 'GET' to 'http://localhost:53254/session/731418315afc7c2bbbeae093b134ed03/element/50085731-4442-4e74-a92d-43ec0ec19d67/name'
22:13:44.798 [Forwarding getElementTagName on session 731418315afc7c2bbbeae093b134ed03 to remote] DEBUG org.asynchttpclient.netty.request.NettyRequestSender - Using open Channel [id: 0xed08f90f, L:/127.0.0.1:63148 - R:localhost/127.0.0.1:53254] for GET '/session/731418315afc7c2bbbeae093b134ed03/element/50085731-4442-4e74-a92d-43ec0ec19d67/name'
22:13:44.801 [AsyncHttpClient-1-15] DEBUG org.asynchttpclient.netty.handler.HttpHandler - 

Request DefaultFullHttpRequest(decodeResult: success, version: HTTP/1.1, content: EmptyByteBufBE)
GET /session/731418315afc7c2bbbeae093b134ed03/element/50085731-4442-4e74-a92d-43ec0ec19d67/name HTTP/1.1
User-Agent: selenium/4.1.2 (java windows)
Cache-Control: no-cache
Content-Type: application/json; charset=utf-8
host: localhost:53254
accept: */*

Response DefaultHttpResponse(decodeResult: success, version: HTTP/1.1)
HTTP/1.1 200 OK
Content-Type: application/json; charset=utf-8
cache-control: no-cache
content-length: 16

22:13:44.801 [AsyncHttpClient-1-15] DEBUG org.asynchttpclient.netty.channel.ChannelManager - Adding key: http://localhost:53254 for channel [id: 0xed08f90f, L:/127.0.0.1:63148 - R:localhost/127.0.0.1:53254]
22:13:44.803 [Forwarding findElement on session 731418315afc7c2bbbeae093b134ed03 to remote] DEBUG org.asynchttpclient.netty.request.NettyRequestSender - Using pooled Channel '[id: 0xed08f90f, L:/127.0.0.1:63148 - R:localhost/127.0.0.1:53254]' for 'POST' to 'http://localhost:53254/session/731418315afc7c2bbbeae093b134ed03/element'
22:13:44.803 [Forwarding findElement on session 731418315afc7c2bbbeae093b134ed03 to remote] DEBUG org.asynchttpclient.netty.request.NettyRequestSender - Using open Channel [id: 0xed08f90f, L:/127.0.0.1:63148 - R:localhost/127.0.0.1:53254] for POST '/session/731418315afc7c2bbbeae093b134ed03/element'
22:13:44.810 [AsyncHttpClient-1-15] DEBUG org.asynchttpclient.netty.handler.HttpHandler - 

Request DefaultHttpRequest(decodeResult: success, version: HTTP/1.1)
POST /session/731418315afc7c2bbbeae093b134ed03/element HTTP/1.1
User-Agent: selenium/4.1.2 (java windows)
Content-Length: 104
Content-Type: application/json; charset=utf-8
host: localhost:53254
accept: */*

Response DefaultHttpResponse(decodeResult: success, version: HTTP/1.1)
HTTP/1.1 200 OK
Content-Type: application/json; charset=utf-8
cache-control: no-cache
content-length: 88

22:13:44.810 [AsyncHttpClient-1-15] DEBUG org.asynchttpclient.netty.channel.ChannelManager - Adding key: http://localhost:53254 for channel [id: 0xed08f90f, L:/127.0.0.1:63148 - R:localhost/127.0.0.1:53254]
22:13:44.811 [Forwarding clickElement on session 731418315afc7c2bbbeae093b134ed03 to remote] DEBUG org.asynchttpclient.netty.request.NettyRequestSender - Using pooled Channel '[id: 0xed08f90f, L:/127.0.0.1:63148 - R:localhost/127.0.0.1:53254]' for 'POST' to 'http://localhost:53254/session/731418315afc7c2bbbeae093b134ed03/element/50085731-4442-4e74-a92d-43ec0ec19d67/click'
22:13:44.811 [Forwarding clickElement on session 731418315afc7c2bbbeae093b134ed03 to remote] DEBUG org.asynchttpclient.netty.request.NettyRequestSender - Using open Channel [id: 0xed08f90f, L:/127.0.0.1:63148 - R:localhost/127.0.0.1:53254] for POST '/session/731418315afc7c2bbbeae093b134ed03/element/50085731-4442-4e74-a92d-43ec0ec19d67/click'
22:13:44.991 [AsyncHttpClient-1-15] DEBUG org.asynchttpclient.netty.handler.HttpHandler - 

Request DefaultHttpRequest(decodeResult: success, version: HTTP/1.1)
POST /session/731418315afc7c2bbbeae093b134ed03/element/50085731-4442-4e74-a92d-43ec0ec19d67/click HTTP/1.1
User-Agent: selenium/4.1.2 (java windows)
Content-Length: 50
Content-Type: application/json; charset=utf-8
host: localhost:53254
accept: */*

Response DefaultHttpResponse(decodeResult: success, version: HTTP/1.1)
HTTP/1.1 200 OK
Content-Type: application/json; charset=utf-8
cache-control: no-cache
content-length: 14

22:13:44.991 [AsyncHttpClient-1-15] DEBUG org.asynchttpclient.netty.channel.ChannelManager - Adding key: http://localhost:53254 for channel [id: 0xed08f90f, L:/127.0.0.1:63148 - R:localhost/127.0.0.1:53254]
  &amp#27;[32mWhen &amp#27;[0m&amp#27;[32mI will go to &amp#27;[0m&amp#27;[32m&amp#27;[1m"atasan2"&amp#27;[0m     &amp#27;[90m# starter.stepdefinitions.BabyStep.iWillGoTo(java.lang.String)&amp#27;[0m
22:13:44.998 [Forwarding screenshot on session 731418315afc7c2bbbeae093b134ed03 to remote] DEBUG org.asynchttpclient.netty.request.NettyRequestSender - Using pooled Channel '[id: 0xed08f90f, L:/127.0.0.1:63148 - R:localhost/127.0.0.1:53254]' for 'GET' to 'http://localhost:53254/session/731418315afc7c2bbbeae093b134ed03/screenshot'
22:13:44.998 [Forwarding screenshot on session 731418315afc7c2bbbeae093b134ed03 to remote] DEBUG org.asynchttpclient.netty.request.NettyRequestSender - Using open Channel [id: 0xed08f90f, L:/127.0.0.1:63148 - R:localhost/127.0.0.1:53254] for GET '/session/731418315afc7c2bbbeae093b134ed03/screenshot'
22:13:45.037 [AsyncHttpClient-1-1] DEBUG org.asynchttpclient.netty.channel.DefaultChannelPool - Entry count for : http://localhost:63149 : 1
22:13:45.312 [AsyncHttpClient-1-15] DEBUG org.asynchttpclient.netty.handler.HttpHandler - 

Request DefaultFullHttpRequest(decodeResult: success, version: HTTP/1.1, content: EmptyByteBufBE)
GET /session/731418315afc7c2bbbeae093b134ed03/screenshot HTTP/1.1
User-Agent: selenium/4.1.2 (java windows)
Cache-Control: no-cache
Content-Type: application/json; charset=utf-8
host: localhost:53254
accept: */*

Response DefaultHttpResponse(decodeResult: success, version: HTTP/1.1)
HTTP/1.1 200 OK
Content-Type: application/json; charset=utf-8
cache-control: no-cache
content-length: 87972

22:13:45.313 [AsyncHttpClient-1-15] DEBUG org.asynchttpclient.netty.channel.ChannelManager - Adding key: http://localhost:53254 for channel [id: 0xed08f90f, L:/127.0.0.1:63148 - R:localhost/127.0.0.1:53254]
22:13:45.316 [main] DEBUG net.serenitybdd.core.photography.Darkroom - Send negative for processing for target\site\serenity\00ed4816fee9835a3ea6d718508e52fe0286696b5856c7da467e98c72139edb5.png
22:13:45.316 [Darkroom Processing Line] DEBUG net.serenitybdd.core.photography.DarkroomProcessingLine - Processing screenshot image in /var/screenshots/screenshot-2830279525594379448
22:13:45.316 [Darkroom Processing Line] DEBUG net.serenitybdd.core.photography.DarkroomProcessingLine - Saving screenshot to target\site\serenity\00ed4816fee9835a3ea6d718508e52fe0286696b5856c7da467e98c72139edb5.png
  &amp#27;[32mAnd &amp#27;[0m&amp#27;[32mI &amp#27;[0m&amp#27;[32m&amp#27;[1m""&amp#27;[0m&amp#27;[32m page&amp#27;[0m                   &amp#27;[90m# starter.stepdefinitions.BabyStep.iPage(java.lang.String)&amp#27;[0m
22:13:45.332 [AsyncHttpClient-1-17] DEBUG org.asynchttpclient.netty.handler.WebSocketHandler - Channel Closed: [id: 0x2589dfd2, L:/127.0.0.1:63157 ! R:localhost/127.0.0.1:63149] with attribute NettyResponseFuture{currentRetry=5,
	isDone=1,
	isCancelled=0,
	asyncHandler=org.asynchttpclient.ws.WebSocketUpgradeHandler@448ace36,
	nettyRequest=org.asynchttpclient.netty.request.NettyRequest@647b7fe2,
	future=java.util.concurrent.CompletableFuture@2d264893[Completed normally],
	uri=ws://localhost:63149/devtools/browser/2adbca2f-29e3-483b-98fe-d430a687cd53,
	keepAlive=true,
	redirectCount=0,
	timeoutsHolder=null,
	inAuth=0,
	touch=1680707616415}
22:13:45.332 [AsyncHttpClient-1-17] DEBUG org.asynchttpclient.netty.channel.ChannelManager - Closing Channel [id: 0x2589dfd2, L:/127.0.0.1:63157 ! R:localhost/127.0.0.1:63149] 
22:13:45.332 [Driver Command Executor] DEBUG org.asynchttpclient.netty.request.NettyRequestSender - Using pooled Channel '[id: 0xed08f90f, L:/127.0.0.1:63148 - R:localhost/127.0.0.1:53254]' for 'DELETE' to 'http://localhost:53254/session/731418315afc7c2bbbeae093b134ed03'
22:13:45.333 [Driver Command Executor] DEBUG org.asynchttpclient.netty.request.NettyRequestSender - Using open Channel [id: 0xed08f90f, L:/127.0.0.1:63148 - R:localhost/127.0.0.1:53254] for DELETE '/session/731418315afc7c2bbbeae093b134ed03'
22:13:45.367 [AsyncHttpClient-1-16] DEBUG org.asynchttpclient.netty.handler.HttpHandler - Unexpected I/O exception on channel [id: 0x2b88a587, L:/127.0.0.1:63156 - R:localhost/127.0.0.1:63149]
java.net.SocketException: Connection reset
	at java.base/sun.nio.ch.SocketChannelImpl.throwConnectionReset(SocketChannelImpl.java:345)
	at java.base/sun.nio.ch.SocketChannelImpl.read(SocketChannelImpl.java:376)
	at io.netty.buffer.PooledByteBuf.setBytes(PooledByteBuf.java:258)
	at io.netty.buffer.AbstractByteBuf.writeBytes(AbstractByteBuf.java:1132)
	at io.netty.channel.socket.nio.NioSocketChannel.doReadBytes(NioSocketChannel.java:350)
	at io.netty.channel.nio.AbstractNioByteChannel$NioByteUnsafe.read(AbstractNioByteChannel.java:151)
	at io.netty.channel.nio.NioEventLoop.processSelectedKey(NioEventLoop.java:722)
	at io.netty.channel.nio.NioEventLoop.processSelectedKeysOptimized(NioEventLoop.java:658)
	at io.netty.channel.nio.NioEventLoop.processSelectedKeys(NioEventLoop.java:584)
	at io.netty.channel.nio.NioEventLoop.run(NioEventLoop.java:496)
	at io.netty.util.concurrent.SingleThreadEventExecutor$4.run(SingleThreadEventExecutor.java:986)
	at io.netty.util.internal.ThreadExecutorMap$2.run(ThreadExecutorMap.java:74)
	at io.netty.util.concurrent.FastThreadLocalRunnable.run(FastThreadLocalRunnable.java:30)
	at java.base/java.lang.Thread.run(Thread.java:830)
22:13:45.368 [AsyncHttpClient-1-16] DEBUG org.asynchttpclient.netty.channel.ChannelManager - Closing Channel [id: 0x2b88a587, L:/127.0.0.1:63156 - R:localhost/127.0.0.1:63149] 
22:13:45.368 [AsyncHttpClient-1-16] DEBUG org.asynchttpclient.netty.handler.HttpHandler - Channel Closed: [id: 0x2b88a587, L:/127.0.0.1:63156 ! R:localhost/127.0.0.1:63149] with attribute DISCARD
22:13:45.386 [AsyncHttpClient-1-15] DEBUG org.asynchttpclient.netty.handler.HttpHandler - 

Request DefaultFullHttpRequest(decodeResult: success, version: HTTP/1.1, content: EmptyByteBufBE)
DELETE /session/731418315afc7c2bbbeae093b134ed03 HTTP/1.1
User-Agent: selenium/4.1.2 (java windows)
Content-Type: application/json; charset=utf-8
host: localhost:53254
accept: */*

Response DefaultHttpResponse(decodeResult: success, version: HTTP/1.1)
HTTP/1.1 200 OK
Content-Type: application/json; charset=utf-8
cache-control: no-cache
content-length: 14

22:13:45.387 [AsyncHttpClient-1-15] DEBUG org.asynchttpclient.netty.channel.ChannelManager - Adding key: http://localhost:53254 for channel [id: 0xed08f90f, L:/127.0.0.1:63148 - R:localhost/127.0.0.1:53254]
22:13:45.534 [AsyncHttpClient-1-15] DEBUG org.asynchttpclient.netty.handler.HttpHandler - Channel Closed: [id: 0xed08f90f, L:/127.0.0.1:63148 ! R:localhost/127.0.0.1:53254] with attribute DISCARD
22:13:46.170 [AsyncHttpClient-1-1] DEBUG org.asynchttpclient.netty.channel.DefaultChannelPool - Entry count for : http://localhost:53254 : 1
22:13:46.170 [AsyncHttpClient-1-1] DEBUG org.asynchttpclient.netty.channel.DefaultChannelPool - Entry count for : http://localhost:63149 : 1
22:13:46.170 [AsyncHttpClient-1-1] DEBUG org.asynchttpclient.netty.channel.DefaultChannelPool - Adding Candidate expired Channel [id: 0xed08f90f, L:/127.0.0.1:63148 ! R:localhost/127.0.0.1:53254] isIdleTimeoutExpired=false isRemotelyClosed=true isTtlExpired=false
22:13:46.170 [AsyncHttpClient-1-1] DEBUG org.asynchttpclient.netty.channel.DefaultChannelPool - Closing Idle Channel [id: 0xed08f90f, L:/127.0.0.1:63148 ! R:localhost/127.0.0.1:53254]
22:13:46.170 [AsyncHttpClient-1-1] DEBUG org.asynchttpclient.netty.channel.DefaultChannelPool - Adding Candidate expired Channel [id: 0x2b88a587, L:/127.0.0.1:63156 ! R:localhost/127.0.0.1:63149] isIdleTimeoutExpired=false isRemotelyClosed=true isTtlExpired=false
22:13:46.170 [AsyncHttpClient-1-1] DEBUG org.asynchttpclient.netty.channel.DefaultChannelPool - Closing Idle Channel [id: 0x2b88a587, L:/127.0.0.1:63156 ! R:localhost/127.0.0.1:63149]
22:13:46.170 [AsyncHttpClient-1-1] DEBUG org.asynchttpclient.netty.channel.DefaultChannelPool - Closed 2 connections out of 2 in 0 ms
]]></system-out>
    <system-err><![CDATA[Starting Microsoft Edge WebDriver 111.0.1661.62 (0a8f453929e6410c973aa529a40485ce4e3e03db) on port 53254
To submit feedback, report a bug, or suggest new features, please visit https://github.com/MicrosoftEdge/EdgeWebDriver

Only local connections are allowed.
Please see https://aka.ms/WebDriverSecurity for suggestions on keeping Microsoft Edge WebDriver safe.

Microsoft Edge WebDriver was started successfully.
Apr 05, 2023 10:13:36 PM org.openqa.selenium.remote.ProtocolHandshake createSession
INFO: Detected dialect: W3C
Apr 05, 2023 10:13:36 PM org.openqa.selenium.devtools.CdpVersionFinder findNearestMatch
WARNING: Unable to find an exact match for CDP version 111, so returning the closest version found: a no-op implementation
Apr 05, 2023 10:13:36 PM org.openqa.selenium.devtools.CdpVersionFinder findNearestMatch
INFO: Unable to find CDP implementation matching 111.
Apr 05, 2023 10:13:36 PM org.openqa.selenium.chromium.ChromiumDriver lambda$new$3
WARNING: Unable to find version of CDP to use for . You may need to include a dependency on a specific version of the CDP using something similar to `org.seleniumhq.selenium:selenium-devtools-v86:4.1.2` where the version ("v86") matches the version of the chromium-based browser you're using and the version number of the artifact is the same as Selenium's.
]]></system-err>
  </testcase>
  <testcase name="Fitur Menu Baby #17" classname="Baby" time="11.403">
    <system-out><![CDATA[
Scenario Outline: Fitur Menu Baby &amp#27;[90m# src/test/resources/features/Baby.feature:109&amp#27;[0m
22:13:46.348 [main] INFO io.cucumber.core.plugin.SerenityReporter - Running feature from file:///C:/Users/alwi/IdeaProjects/uniqloweb/src/test/resources/features/Baby.feature
22:13:46.552 [main] DEBUG io.github.bonigarcia.wdm.cache.ResolutionCache - Resolution edge=111 in cache (valid until 23:09:49 05/04/2023 WIB)
22:13:46.557 [main] DEBUG io.github.bonigarcia.wdm.cache.ResolutionCache - Resolution edge111=111.0.1661.62 in cache (valid until 15:17:30 06/04/2023 WIB)
22:13:46.558 [main] INFO io.github.bonigarcia.wdm.WebDriverManager - Using msedgedriver 111.0.1661.62 (resolved driver for Edge 111)
22:13:46.568 [main] DEBUG io.github.bonigarcia.wdm.WebDriverManager - Driver msedgedriver 111.0.1661.62 found in cache
22:13:46.568 [main] INFO io.github.bonigarcia.wdm.WebDriverManager - Exporting webdriver.edge.driver as C:\Users\alwi\.cache\selenium\msedgedriver\win64\111.0.1661.62\msedgedriver.exe
22:13:46.571 [main] DEBUG net.serenitybdd.core.webdriver.driverproviders.ProvideNewDriver - Instantiating driver
22:13:46.571 [main] DEBUG net.serenitybdd.core.webdriver.driverproviders.ProvideNewDriver - Driver capabilities: Capabilities {base.url: https://www.uniqlo.com, chrome.driver: src/test/resources/webdrive..., driver: edge, ms:edgeChromium: true, ms:edgeOptions: {}, wait.for.timeout: 6000}
22:13:47.099 [AsyncHttpClient-1-2] DEBUG org.asynchttpclient.netty.channel.NettyConnectListener - Using new Channel '[id: 0x30700b90, L:/127.0.0.1:63283 - R:localhost/127.0.0.1:62132]' for 'POST' to '/session'
22:13:47.637 [AsyncHttpClient-1-2] DEBUG org.asynchttpclient.netty.handler.HttpHandler - 

Request DefaultHttpRequest(decodeResult: success, version: HTTP/1.1)
POST /session HTTP/1.1
User-Agent: selenium/4.1.2 (java windows)
Content-Length: 627
Content-Type: application/json; charset=utf-8
host: localhost:62132
accept: */*

Response DefaultHttpResponse(decodeResult: success, version: HTTP/1.1)
HTTP/1.1 200 OK
Content-Type: application/json; charset=utf-8
cache-control: no-cache
content-length: 824

22:13:47.637 [AsyncHttpClient-1-2] DEBUG org.asynchttpclient.netty.channel.ChannelManager - Adding key: http://localhost:62132 for channel [id: 0x30700b90, L:/127.0.0.1:63283 - R:localhost/127.0.0.1:62132]
22:13:47.643 [AsyncHttpClient-1-3] DEBUG org.asynchttpclient.netty.channel.NettyConnectListener - Using new Channel '[id: 0xa2baa02d, L:/127.0.0.1:63290 - R:localhost/127.0.0.1:63284]' for 'GET' to '/json/version'
22:13:47.643 [AsyncHttpClient-1-3] DEBUG org.asynchttpclient.netty.handler.HttpHandler - 

Request DefaultFullHttpRequest(decodeResult: success, version: HTTP/1.1, content: EmptyByteBufBE)
GET /json/version HTTP/1.1
User-Agent: selenium/4.1.2 (java windows)
host: localhost:63284
accept: */*

Response DefaultHttpResponse(decodeResult: success, version: HTTP/1.1)
HTTP/1.1 200 OK
Content-Security-Policy: frame-ancestors 'none'
Content-Type: application/json; charset=UTF-8
content-length: 436

22:13:47.643 [AsyncHttpClient-1-3] DEBUG org.asynchttpclient.netty.channel.ChannelManager - Adding key: http://localhost:63284 for channel [id: 0xa2baa02d, L:/127.0.0.1:63290 - R:localhost/127.0.0.1:63284]
22:13:47.645 [AsyncHttpClient-1-4] DEBUG org.asynchttpclient.netty.channel.NettyConnectListener - Using new Channel '[id: 0x7bb17ea1, L:/127.0.0.1:63291 - R:localhost/127.0.0.1:63284]' for 'GET' to '/devtools/browser/6fa00b57-5195-4579-a8a3-a884ad7d826b'
22:13:47.646 [AsyncHttpClient-1-4] DEBUG org.asynchttpclient.netty.handler.WebSocketHandler - 

Request DefaultFullHttpRequest(decodeResult: success, version: HTTP/1.1, content: EmptyByteBufBE)
GET /devtools/browser/6fa00b57-5195-4579-a8a3-a884ad7d826b HTTP/1.1
upgrade: websocket
connection: upgrade
sec-websocket-key: Eyz3XUFHNmj9E3RSn4wweQ==
sec-websocket-version: 13
origin: http://localhost:63284
host: localhost:63284
accept: */*
user-agent: AHC/2.1

Response DefaultHttpResponse(decodeResult: success, version: HTTP/1.1)
HTTP/1.1 101 WebSocket Protocol Handshake
Upgrade: WebSocket
Connection: Upgrade
Sec-WebSocket-Accept: 6jmdrhBZrMlO5GpuuIe1q1vUD50=

22:13:47.650 [Forwarding get on session 991780b16c08fbb4802455e2b48163de to remote] DEBUG org.asynchttpclient.netty.request.NettyRequestSender - Using pooled Channel '[id: 0x30700b90, L:/127.0.0.1:63283 - R:localhost/127.0.0.1:62132]' for 'POST' to 'http://localhost:62132/session/991780b16c08fbb4802455e2b48163de/url'
22:13:47.650 [Forwarding get on session 991780b16c08fbb4802455e2b48163de to remote] DEBUG org.asynchttpclient.netty.request.NettyRequestSender - Using open Channel [id: 0x30700b90, L:/127.0.0.1:63283 - R:localhost/127.0.0.1:62132] for POST '/session/991780b16c08fbb4802455e2b48163de/url'
22:13:48.340 [AsyncHttpClient-1-1] DEBUG org.asynchttpclient.netty.channel.DefaultChannelPool - Entry count for : http://localhost:63284 : 1
22:13:49.439 [AsyncHttpClient-1-1] DEBUG org.asynchttpclient.netty.channel.DefaultChannelPool - Entry count for : http://localhost:63284 : 1
22:13:50.539 [AsyncHttpClient-1-1] DEBUG org.asynchttpclient.netty.channel.DefaultChannelPool - Entry count for : http://localhost:63284 : 1
22:13:51.646 [AsyncHttpClient-1-1] DEBUG org.asynchttpclient.netty.channel.DefaultChannelPool - Entry count for : http://localhost:63284 : 1
22:13:52.739 [AsyncHttpClient-1-1] DEBUG org.asynchttpclient.netty.channel.DefaultChannelPool - Entry count for : http://localhost:63284 : 1
22:13:53.844 [AsyncHttpClient-1-1] DEBUG org.asynchttpclient.netty.channel.DefaultChannelPool - Entry count for : http://localhost:63284 : 1
22:13:54.656 [AsyncHttpClient-1-2] DEBUG org.asynchttpclient.netty.handler.HttpHandler - 

Request DefaultHttpRequest(decodeResult: success, version: HTTP/1.1)
POST /session/991780b16c08fbb4802455e2b48163de/url HTTP/1.1
User-Agent: selenium/4.1.2 (java windows)
Content-Length: 53
Content-Type: application/json; charset=utf-8
host: localhost:62132
accept: */*

Response DefaultHttpResponse(decodeResult: success, version: HTTP/1.1)
HTTP/1.1 200 OK
Content-Type: application/json; charset=utf-8
cache-control: no-cache
content-length: 14

22:13:54.656 [AsyncHttpClient-1-2] DEBUG org.asynchttpclient.netty.channel.ChannelManager - Adding key: http://localhost:62132 for channel [id: 0x30700b90, L:/127.0.0.1:63283 - R:localhost/127.0.0.1:62132]
22:13:54.658 [Forwarding setTimeout on session 991780b16c08fbb4802455e2b48163de to remote] DEBUG org.asynchttpclient.netty.request.NettyRequestSender - Using pooled Channel '[id: 0x30700b90, L:/127.0.0.1:63283 - R:localhost/127.0.0.1:62132]' for 'POST' to 'http://localhost:62132/session/991780b16c08fbb4802455e2b48163de/timeouts'
22:13:54.658 [Forwarding setTimeout on session 991780b16c08fbb4802455e2b48163de to remote] DEBUG org.asynchttpclient.netty.request.NettyRequestSender - Using open Channel [id: 0x30700b90, L:/127.0.0.1:63283 - R:localhost/127.0.0.1:62132] for POST '/session/991780b16c08fbb4802455e2b48163de/timeouts'
22:13:54.660 [AsyncHttpClient-1-2] DEBUG org.asynchttpclient.netty.handler.HttpHandler - 

Request DefaultHttpRequest(decodeResult: success, version: HTTP/1.1)
POST /session/991780b16c08fbb4802455e2b48163de/timeouts HTTP/1.1
User-Agent: selenium/4.1.2 (java windows)
Content-Length: 22
Content-Type: application/json; charset=utf-8
host: localhost:62132
accept: */*

Response DefaultHttpResponse(decodeResult: success, version: HTTP/1.1)
HTTP/1.1 200 OK
Content-Type: application/json; charset=utf-8
cache-control: no-cache
content-length: 14

22:13:54.660 [AsyncHttpClient-1-2] DEBUG org.asynchttpclient.netty.channel.ChannelManager - Adding key: http://localhost:62132 for channel [id: 0x30700b90, L:/127.0.0.1:63283 - R:localhost/127.0.0.1:62132]
22:13:54.663 [Forwarding getCurrentUrl on session 991780b16c08fbb4802455e2b48163de to remote] DEBUG org.asynchttpclient.netty.request.NettyRequestSender - Using pooled Channel '[id: 0x30700b90, L:/127.0.0.1:63283 - R:localhost/127.0.0.1:62132]' for 'GET' to 'http://localhost:62132/session/991780b16c08fbb4802455e2b48163de/url'
22:13:54.663 [Forwarding getCurrentUrl on session 991780b16c08fbb4802455e2b48163de to remote] DEBUG org.asynchttpclient.netty.request.NettyRequestSender - Using open Channel [id: 0x30700b90, L:/127.0.0.1:63283 - R:localhost/127.0.0.1:62132] for GET '/session/991780b16c08fbb4802455e2b48163de/url'
22:13:54.668 [AsyncHttpClient-1-2] DEBUG org.asynchttpclient.netty.handler.HttpHandler - 

Request DefaultFullHttpRequest(decodeResult: success, version: HTTP/1.1, content: EmptyByteBufBE)
GET /session/991780b16c08fbb4802455e2b48163de/url HTTP/1.1
User-Agent: selenium/4.1.2 (java windows)
Cache-Control: no-cache
Content-Type: application/json; charset=utf-8
host: localhost:62132
accept: */*

Response DefaultHttpResponse(decodeResult: success, version: HTTP/1.1)
HTTP/1.1 200 OK
Content-Type: application/json; charset=utf-8
cache-control: no-cache
content-length: 41

22:13:54.668 [AsyncHttpClient-1-2] DEBUG org.asynchttpclient.netty.channel.ChannelManager - Adding key: http://localhost:62132 for channel [id: 0x30700b90, L:/127.0.0.1:63283 - R:localhost/127.0.0.1:62132]
  &amp#27;[32mGiven &amp#27;[0m&amp#27;[32mI am on the home page&amp#27;[0m     &amp#27;[90m# starter.stepdefinitions.BabyStep.iAmOnTheHomePage()&amp#27;[0m
22:13:54.674 [Forwarding screenshot on session 991780b16c08fbb4802455e2b48163de to remote] DEBUG org.asynchttpclient.netty.request.NettyRequestSender - Using pooled Channel '[id: 0x30700b90, L:/127.0.0.1:63283 - R:localhost/127.0.0.1:62132]' for 'GET' to 'http://localhost:62132/session/991780b16c08fbb4802455e2b48163de/screenshot'
22:13:54.674 [Forwarding screenshot on session 991780b16c08fbb4802455e2b48163de to remote] DEBUG org.asynchttpclient.netty.request.NettyRequestSender - Using open Channel [id: 0x30700b90, L:/127.0.0.1:63283 - R:localhost/127.0.0.1:62132] for GET '/session/991780b16c08fbb4802455e2b48163de/screenshot'
22:13:54.939 [AsyncHttpClient-1-1] DEBUG org.asynchttpclient.netty.channel.DefaultChannelPool - Entry count for : http://localhost:63284 : 1
22:13:55.004 [AsyncHttpClient-1-2] DEBUG org.asynchttpclient.netty.handler.HttpHandler - 

Request DefaultFullHttpRequest(decodeResult: success, version: HTTP/1.1, content: EmptyByteBufBE)
GET /session/991780b16c08fbb4802455e2b48163de/screenshot HTTP/1.1
User-Agent: selenium/4.1.2 (java windows)
Cache-Control: no-cache
Content-Type: application/json; charset=utf-8
host: localhost:62132
accept: */*

Response DefaultHttpResponse(decodeResult: success, version: HTTP/1.1)
HTTP/1.1 200 OK
Content-Type: application/json; charset=utf-8
cache-control: no-cache
content-length: 1119968

22:13:55.006 [AsyncHttpClient-1-2] DEBUG org.asynchttpclient.netty.channel.ChannelManager - Adding key: http://localhost:62132 for channel [id: 0x30700b90, L:/127.0.0.1:63283 - R:localhost/127.0.0.1:62132]
22:13:55.043 [main] DEBUG net.serenitybdd.core.photography.Darkroom - Send negative for processing for target\site\serenity\3d1b19ad31921c0beae4332facd941fcc81467ad5802877977ec6c100df601ce.png
22:13:55.053 [Forwarding findElement on session 991780b16c08fbb4802455e2b48163de to remote] DEBUG org.asynchttpclient.netty.request.NettyRequestSender - Using pooled Channel '[id: 0x30700b90, L:/127.0.0.1:63283 - R:localhost/127.0.0.1:62132]' for 'POST' to 'http://localhost:62132/session/991780b16c08fbb4802455e2b48163de/element'
22:13:55.053 [Forwarding findElement on session 991780b16c08fbb4802455e2b48163de to remote] DEBUG org.asynchttpclient.netty.request.NettyRequestSender - Using open Channel [id: 0x30700b90, L:/127.0.0.1:63283 - R:localhost/127.0.0.1:62132] for POST '/session/991780b16c08fbb4802455e2b48163de/element'
22:13:55.065 [AsyncHttpClient-1-2] DEBUG org.asynchttpclient.netty.handler.HttpHandler - 

Request DefaultHttpRequest(decodeResult: success, version: HTTP/1.1)
POST /session/991780b16c08fbb4802455e2b48163de/element HTTP/1.1
User-Agent: selenium/4.1.2 (java windows)
Content-Length: 81
Content-Type: application/json; charset=utf-8
host: localhost:62132
accept: */*

Response DefaultHttpResponse(decodeResult: success, version: HTTP/1.1)
HTTP/1.1 200 OK
Content-Type: application/json; charset=utf-8
cache-control: no-cache
content-length: 88

22:13:55.066 [AsyncHttpClient-1-2] DEBUG org.asynchttpclient.netty.channel.ChannelManager - Adding key: http://localhost:62132 for channel [id: 0x30700b90, L:/127.0.0.1:63283 - R:localhost/127.0.0.1:62132]
22:13:55.067 [Forwarding getElementTagName on session 991780b16c08fbb4802455e2b48163de to remote] DEBUG org.asynchttpclient.netty.request.NettyRequestSender - Using pooled Channel '[id: 0x30700b90, L:/127.0.0.1:63283 - R:localhost/127.0.0.1:62132]' for 'GET' to 'http://localhost:62132/session/991780b16c08fbb4802455e2b48163de/element/8f7a4257-aede-4664-af44-8550bcb780bf/name'
22:13:55.067 [Forwarding getElementTagName on session 991780b16c08fbb4802455e2b48163de to remote] DEBUG org.asynchttpclient.netty.request.NettyRequestSender - Using open Channel [id: 0x30700b90, L:/127.0.0.1:63283 - R:localhost/127.0.0.1:62132] for GET '/session/991780b16c08fbb4802455e2b48163de/element/8f7a4257-aede-4664-af44-8550bcb780bf/name'
22:13:55.072 [AsyncHttpClient-1-2] DEBUG org.asynchttpclient.netty.handler.HttpHandler - 

Request DefaultFullHttpRequest(decodeResult: success, version: HTTP/1.1, content: EmptyByteBufBE)
GET /session/991780b16c08fbb4802455e2b48163de/element/8f7a4257-aede-4664-af44-8550bcb780bf/name HTTP/1.1
User-Agent: selenium/4.1.2 (java windows)
Cache-Control: no-cache
Content-Type: application/json; charset=utf-8
host: localhost:62132
accept: */*

Response DefaultHttpResponse(decodeResult: success, version: HTTP/1.1)
HTTP/1.1 200 OK
Content-Type: application/json; charset=utf-8
cache-control: no-cache
content-length: 16

22:13:55.072 [AsyncHttpClient-1-2] DEBUG org.asynchttpclient.netty.channel.ChannelManager - Adding key: http://localhost:62132 for channel [id: 0x30700b90, L:/127.0.0.1:63283 - R:localhost/127.0.0.1:62132]
22:13:55.074 [Forwarding getElementTagName on session 991780b16c08fbb4802455e2b48163de to remote] DEBUG org.asynchttpclient.netty.request.NettyRequestSender - Using pooled Channel '[id: 0x30700b90, L:/127.0.0.1:63283 - R:localhost/127.0.0.1:62132]' for 'GET' to 'http://localhost:62132/session/991780b16c08fbb4802455e2b48163de/element/8f7a4257-aede-4664-af44-8550bcb780bf/name'
22:13:55.074 [Forwarding getElementTagName on session 991780b16c08fbb4802455e2b48163de to remote] DEBUG org.asynchttpclient.netty.request.NettyRequestSender - Using open Channel [id: 0x30700b90, L:/127.0.0.1:63283 - R:localhost/127.0.0.1:62132] for GET '/session/991780b16c08fbb4802455e2b48163de/element/8f7a4257-aede-4664-af44-8550bcb780bf/name'
22:13:55.077 [AsyncHttpClient-1-2] DEBUG org.asynchttpclient.netty.handler.HttpHandler - 

Request DefaultFullHttpRequest(decodeResult: success, version: HTTP/1.1, content: EmptyByteBufBE)
GET /session/991780b16c08fbb4802455e2b48163de/element/8f7a4257-aede-4664-af44-8550bcb780bf/name HTTP/1.1
User-Agent: selenium/4.1.2 (java windows)
Cache-Control: no-cache
Content-Type: application/json; charset=utf-8
host: localhost:62132
accept: */*

Response DefaultHttpResponse(decodeResult: success, version: HTTP/1.1)
HTTP/1.1 200 OK
Content-Type: application/json; charset=utf-8
cache-control: no-cache
content-length: 16

22:13:55.077 [AsyncHttpClient-1-2] DEBUG org.asynchttpclient.netty.channel.ChannelManager - Adding key: http://localhost:62132 for channel [id: 0x30700b90, L:/127.0.0.1:63283 - R:localhost/127.0.0.1:62132]
22:13:55.079 [Forwarding findElement on session 991780b16c08fbb4802455e2b48163de to remote] DEBUG org.asynchttpclient.netty.request.NettyRequestSender - Using pooled Channel '[id: 0x30700b90, L:/127.0.0.1:63283 - R:localhost/127.0.0.1:62132]' for 'POST' to 'http://localhost:62132/session/991780b16c08fbb4802455e2b48163de/element'
22:13:55.079 [Forwarding findElement on session 991780b16c08fbb4802455e2b48163de to remote] DEBUG org.asynchttpclient.netty.request.NettyRequestSender - Using open Channel [id: 0x30700b90, L:/127.0.0.1:63283 - R:localhost/127.0.0.1:62132] for POST '/session/991780b16c08fbb4802455e2b48163de/element'
22:13:55.087 [AsyncHttpClient-1-2] DEBUG org.asynchttpclient.netty.handler.HttpHandler - 

Request DefaultHttpRequest(decodeResult: success, version: HTTP/1.1)
POST /session/991780b16c08fbb4802455e2b48163de/element HTTP/1.1
User-Agent: selenium/4.1.2 (java windows)
Content-Length: 81
Content-Type: application/json; charset=utf-8
host: localhost:62132
accept: */*

Response DefaultHttpResponse(decodeResult: success, version: HTTP/1.1)
HTTP/1.1 200 OK
Content-Type: application/json; charset=utf-8
cache-control: no-cache
content-length: 88

22:13:55.088 [AsyncHttpClient-1-2] DEBUG org.asynchttpclient.netty.channel.ChannelManager - Adding key: http://localhost:62132 for channel [id: 0x30700b90, L:/127.0.0.1:63283 - R:localhost/127.0.0.1:62132]
22:13:55.089 [Forwarding clickElement on session 991780b16c08fbb4802455e2b48163de to remote] DEBUG org.asynchttpclient.netty.request.NettyRequestSender - Using pooled Channel '[id: 0x30700b90, L:/127.0.0.1:63283 - R:localhost/127.0.0.1:62132]' for 'POST' to 'http://localhost:62132/session/991780b16c08fbb4802455e2b48163de/element/8f7a4257-aede-4664-af44-8550bcb780bf/click'
22:13:55.090 [Forwarding clickElement on session 991780b16c08fbb4802455e2b48163de to remote] DEBUG org.asynchttpclient.netty.request.NettyRequestSender - Using open Channel [id: 0x30700b90, L:/127.0.0.1:63283 - R:localhost/127.0.0.1:62132] for POST '/session/991780b16c08fbb4802455e2b48163de/element/8f7a4257-aede-4664-af44-8550bcb780bf/click'
22:13:55.567 [AsyncHttpClient-1-2] DEBUG org.asynchttpclient.netty.handler.HttpHandler - 

Request DefaultHttpRequest(decodeResult: success, version: HTTP/1.1)
POST /session/991780b16c08fbb4802455e2b48163de/element/8f7a4257-aede-4664-af44-8550bcb780bf/click HTTP/1.1
User-Agent: selenium/4.1.2 (java windows)
Content-Length: 50
Content-Type: application/json; charset=utf-8
host: localhost:62132
accept: */*

Response DefaultHttpResponse(decodeResult: success, version: HTTP/1.1)
HTTP/1.1 200 OK
Content-Type: application/json; charset=utf-8
cache-control: no-cache
content-length: 14

22:13:55.567 [AsyncHttpClient-1-2] DEBUG org.asynchttpclient.netty.channel.ChannelManager - Adding key: http://localhost:62132 for channel [id: 0x30700b90, L:/127.0.0.1:63283 - R:localhost/127.0.0.1:62132]
  &amp#27;[32mThen &amp#27;[0m&amp#27;[32mI click baby on the header&amp#27;[0m &amp#27;[90m# starter.stepdefinitions.BabyStep.iClickBabyOnTheHeader()&amp#27;[0m
22:13:55.578 [Forwarding screenshot on session 991780b16c08fbb4802455e2b48163de to remote] DEBUG org.asynchttpclient.netty.request.NettyRequestSender - Using pooled Channel '[id: 0x30700b90, L:/127.0.0.1:63283 - R:localhost/127.0.0.1:62132]' for 'GET' to 'http://localhost:62132/session/991780b16c08fbb4802455e2b48163de/screenshot'
22:13:55.578 [Forwarding screenshot on session 991780b16c08fbb4802455e2b48163de to remote] DEBUG org.asynchttpclient.netty.request.NettyRequestSender - Using open Channel [id: 0x30700b90, L:/127.0.0.1:63283 - R:localhost/127.0.0.1:62132] for GET '/session/991780b16c08fbb4802455e2b48163de/screenshot'
22:13:56.044 [AsyncHttpClient-1-1] DEBUG org.asynchttpclient.netty.channel.DefaultChannelPool - Entry count for : http://localhost:63284 : 1
22:13:56.361 [AsyncHttpClient-1-2] DEBUG org.asynchttpclient.netty.handler.HttpHandler - 

Request DefaultFullHttpRequest(decodeResult: success, version: HTTP/1.1, content: EmptyByteBufBE)
GET /session/991780b16c08fbb4802455e2b48163de/screenshot HTTP/1.1
User-Agent: selenium/4.1.2 (java windows)
Cache-Control: no-cache
Content-Type: application/json; charset=utf-8
host: localhost:62132
accept: */*

Response DefaultHttpResponse(decodeResult: success, version: HTTP/1.1)
HTTP/1.1 200 OK
Content-Type: application/json; charset=utf-8
cache-control: no-cache
content-length: 122136

22:13:56.361 [AsyncHttpClient-1-2] DEBUG org.asynchttpclient.netty.channel.ChannelManager - Adding key: http://localhost:62132 for channel [id: 0x30700b90, L:/127.0.0.1:63283 - R:localhost/127.0.0.1:62132]
22:13:56.365 [main] DEBUG net.serenitybdd.core.photography.Darkroom - Send negative for processing for target\site\serenity\7549a6c35e9e103e3069584313d74f747282ee40a2aad2c57fc181fb4a023e81.png
22:13:56.373 [Forwarding findElement on session 991780b16c08fbb4802455e2b48163de to remote] DEBUG org.asynchttpclient.netty.request.NettyRequestSender - Using pooled Channel '[id: 0x30700b90, L:/127.0.0.1:63283 - R:localhost/127.0.0.1:62132]' for 'POST' to 'http://localhost:62132/session/991780b16c08fbb4802455e2b48163de/element'
22:13:56.373 [Forwarding findElement on session 991780b16c08fbb4802455e2b48163de to remote] DEBUG org.asynchttpclient.netty.request.NettyRequestSender - Using open Channel [id: 0x30700b90, L:/127.0.0.1:63283 - R:localhost/127.0.0.1:62132] for POST '/session/991780b16c08fbb4802455e2b48163de/element'
22:13:56.401 [AsyncHttpClient-1-2] DEBUG org.asynchttpclient.netty.handler.HttpHandler - 

Request DefaultHttpRequest(decodeResult: success, version: HTTP/1.1)
POST /session/991780b16c08fbb4802455e2b48163de/element HTTP/1.1
User-Agent: selenium/4.1.2 (java windows)
Content-Length: 104
Content-Type: application/json; charset=utf-8
host: localhost:62132
accept: */*

Response DefaultHttpResponse(decodeResult: success, version: HTTP/1.1)
HTTP/1.1 200 OK
Content-Type: application/json; charset=utf-8
cache-control: no-cache
content-length: 88

22:13:56.401 [AsyncHttpClient-1-2] DEBUG org.asynchttpclient.netty.channel.ChannelManager - Adding key: http://localhost:62132 for channel [id: 0x30700b90, L:/127.0.0.1:63283 - R:localhost/127.0.0.1:62132]
22:13:56.403 [Forwarding getElementTagName on session 991780b16c08fbb4802455e2b48163de to remote] DEBUG org.asynchttpclient.netty.request.NettyRequestSender - Using pooled Channel '[id: 0x30700b90, L:/127.0.0.1:63283 - R:localhost/127.0.0.1:62132]' for 'GET' to 'http://localhost:62132/session/991780b16c08fbb4802455e2b48163de/element/a4fa6807-0bc7-4286-b8b6-ce8d5dab2e6a/name'
22:13:56.403 [Forwarding getElementTagName on session 991780b16c08fbb4802455e2b48163de to remote] DEBUG org.asynchttpclient.netty.request.NettyRequestSender - Using open Channel [id: 0x30700b90, L:/127.0.0.1:63283 - R:localhost/127.0.0.1:62132] for GET '/session/991780b16c08fbb4802455e2b48163de/element/a4fa6807-0bc7-4286-b8b6-ce8d5dab2e6a/name'
22:13:56.406 [AsyncHttpClient-1-2] DEBUG org.asynchttpclient.netty.handler.HttpHandler - 

Request DefaultFullHttpRequest(decodeResult: success, version: HTTP/1.1, content: EmptyByteBufBE)
GET /session/991780b16c08fbb4802455e2b48163de/element/a4fa6807-0bc7-4286-b8b6-ce8d5dab2e6a/name HTTP/1.1
User-Agent: selenium/4.1.2 (java windows)
Cache-Control: no-cache
Content-Type: application/json; charset=utf-8
host: localhost:62132
accept: */*

Response DefaultHttpResponse(decodeResult: success, version: HTTP/1.1)
HTTP/1.1 200 OK
Content-Type: application/json; charset=utf-8
cache-control: no-cache
content-length: 16

22:13:56.406 [AsyncHttpClient-1-2] DEBUG org.asynchttpclient.netty.channel.ChannelManager - Adding key: http://localhost:62132 for channel [id: 0x30700b90, L:/127.0.0.1:63283 - R:localhost/127.0.0.1:62132]
22:13:56.407 [Forwarding getElementTagName on session 991780b16c08fbb4802455e2b48163de to remote] DEBUG org.asynchttpclient.netty.request.NettyRequestSender - Using pooled Channel '[id: 0x30700b90, L:/127.0.0.1:63283 - R:localhost/127.0.0.1:62132]' for 'GET' to 'http://localhost:62132/session/991780b16c08fbb4802455e2b48163de/element/a4fa6807-0bc7-4286-b8b6-ce8d5dab2e6a/name'
22:13:56.407 [Forwarding getElementTagName on session 991780b16c08fbb4802455e2b48163de to remote] DEBUG org.asynchttpclient.netty.request.NettyRequestSender - Using open Channel [id: 0x30700b90, L:/127.0.0.1:63283 - R:localhost/127.0.0.1:62132] for GET '/session/991780b16c08fbb4802455e2b48163de/element/a4fa6807-0bc7-4286-b8b6-ce8d5dab2e6a/name'
22:13:56.411 [AsyncHttpClient-1-2] DEBUG org.asynchttpclient.netty.handler.HttpHandler - 

Request DefaultFullHttpRequest(decodeResult: success, version: HTTP/1.1, content: EmptyByteBufBE)
GET /session/991780b16c08fbb4802455e2b48163de/element/a4fa6807-0bc7-4286-b8b6-ce8d5dab2e6a/name HTTP/1.1
User-Agent: selenium/4.1.2 (java windows)
Cache-Control: no-cache
Content-Type: application/json; charset=utf-8
host: localhost:62132
accept: */*

Response DefaultHttpResponse(decodeResult: success, version: HTTP/1.1)
HTTP/1.1 200 OK
Content-Type: application/json; charset=utf-8
cache-control: no-cache
content-length: 16

22:13:56.412 [AsyncHttpClient-1-2] DEBUG org.asynchttpclient.netty.channel.ChannelManager - Adding key: http://localhost:62132 for channel [id: 0x30700b90, L:/127.0.0.1:63283 - R:localhost/127.0.0.1:62132]
22:13:56.413 [Forwarding findElement on session 991780b16c08fbb4802455e2b48163de to remote] DEBUG org.asynchttpclient.netty.request.NettyRequestSender - Using pooled Channel '[id: 0x30700b90, L:/127.0.0.1:63283 - R:localhost/127.0.0.1:62132]' for 'POST' to 'http://localhost:62132/session/991780b16c08fbb4802455e2b48163de/element'
22:13:56.413 [Forwarding findElement on session 991780b16c08fbb4802455e2b48163de to remote] DEBUG org.asynchttpclient.netty.request.NettyRequestSender - Using open Channel [id: 0x30700b90, L:/127.0.0.1:63283 - R:localhost/127.0.0.1:62132] for POST '/session/991780b16c08fbb4802455e2b48163de/element'
22:13:56.421 [AsyncHttpClient-1-2] DEBUG org.asynchttpclient.netty.handler.HttpHandler - 

Request DefaultHttpRequest(decodeResult: success, version: HTTP/1.1)
POST /session/991780b16c08fbb4802455e2b48163de/element HTTP/1.1
User-Agent: selenium/4.1.2 (java windows)
Content-Length: 104
Content-Type: application/json; charset=utf-8
host: localhost:62132
accept: */*

Response DefaultHttpResponse(decodeResult: success, version: HTTP/1.1)
HTTP/1.1 200 OK
Content-Type: application/json; charset=utf-8
cache-control: no-cache
content-length: 88

22:13:56.421 [AsyncHttpClient-1-2] DEBUG org.asynchttpclient.netty.channel.ChannelManager - Adding key: http://localhost:62132 for channel [id: 0x30700b90, L:/127.0.0.1:63283 - R:localhost/127.0.0.1:62132]
22:13:56.422 [Forwarding clickElement on session 991780b16c08fbb4802455e2b48163de to remote] DEBUG org.asynchttpclient.netty.request.NettyRequestSender - Using pooled Channel '[id: 0x30700b90, L:/127.0.0.1:63283 - R:localhost/127.0.0.1:62132]' for 'POST' to 'http://localhost:62132/session/991780b16c08fbb4802455e2b48163de/element/a4fa6807-0bc7-4286-b8b6-ce8d5dab2e6a/click'
22:13:56.422 [Forwarding clickElement on session 991780b16c08fbb4802455e2b48163de to remote] DEBUG org.asynchttpclient.netty.request.NettyRequestSender - Using open Channel [id: 0x30700b90, L:/127.0.0.1:63283 - R:localhost/127.0.0.1:62132] for POST '/session/991780b16c08fbb4802455e2b48163de/element/a4fa6807-0bc7-4286-b8b6-ce8d5dab2e6a/click'
22:13:56.619 [AsyncHttpClient-1-2] DEBUG org.asynchttpclient.netty.handler.HttpHandler - 

Request DefaultHttpRequest(decodeResult: success, version: HTTP/1.1)
POST /session/991780b16c08fbb4802455e2b48163de/element/a4fa6807-0bc7-4286-b8b6-ce8d5dab2e6a/click HTTP/1.1
User-Agent: selenium/4.1.2 (java windows)
Content-Length: 50
Content-Type: application/json; charset=utf-8
host: localhost:62132
accept: */*

Response DefaultHttpResponse(decodeResult: success, version: HTTP/1.1)
HTTP/1.1 200 OK
Content-Type: application/json; charset=utf-8
cache-control: no-cache
content-length: 14

22:13:56.619 [AsyncHttpClient-1-2] DEBUG org.asynchttpclient.netty.channel.ChannelManager - Adding key: http://localhost:62132 for channel [id: 0x30700b90, L:/127.0.0.1:63283 - R:localhost/127.0.0.1:62132]
  &amp#27;[32mWhen &amp#27;[0m&amp#27;[32mI will go to &amp#27;[0m&amp#27;[32m&amp#27;[1m"luaran2"&amp#27;[0m     &amp#27;[90m# starter.stepdefinitions.BabyStep.iWillGoTo(java.lang.String)&amp#27;[0m
22:13:56.627 [Forwarding screenshot on session 991780b16c08fbb4802455e2b48163de to remote] DEBUG org.asynchttpclient.netty.request.NettyRequestSender - Using pooled Channel '[id: 0x30700b90, L:/127.0.0.1:63283 - R:localhost/127.0.0.1:62132]' for 'GET' to 'http://localhost:62132/session/991780b16c08fbb4802455e2b48163de/screenshot'
22:13:56.627 [Forwarding screenshot on session 991780b16c08fbb4802455e2b48163de to remote] DEBUG org.asynchttpclient.netty.request.NettyRequestSender - Using open Channel [id: 0x30700b90, L:/127.0.0.1:63283 - R:localhost/127.0.0.1:62132] for GET '/session/991780b16c08fbb4802455e2b48163de/screenshot'
22:13:56.932 [AsyncHttpClient-1-2] DEBUG org.asynchttpclient.netty.handler.HttpHandler - 

Request DefaultFullHttpRequest(decodeResult: success, version: HTTP/1.1, content: EmptyByteBufBE)
GET /session/991780b16c08fbb4802455e2b48163de/screenshot HTTP/1.1
User-Agent: selenium/4.1.2 (java windows)
Cache-Control: no-cache
Content-Type: application/json; charset=utf-8
host: localhost:62132
accept: */*

Response DefaultHttpResponse(decodeResult: success, version: HTTP/1.1)
HTTP/1.1 200 OK
Content-Type: application/json; charset=utf-8
cache-control: no-cache
content-length: 77972

22:13:56.933 [AsyncHttpClient-1-2] DEBUG org.asynchttpclient.netty.channel.ChannelManager - Adding key: http://localhost:62132 for channel [id: 0x30700b90, L:/127.0.0.1:63283 - R:localhost/127.0.0.1:62132]
22:13:56.935 [main] DEBUG net.serenitybdd.core.photography.Darkroom - Send negative for processing for target\site\serenity\113b1fc9c711f080469fb997ad950b1c1c6ea1268e05cf4c7c88ed2dcd307e6e.png
22:13:56.936 [Darkroom Processing Line] DEBUG net.serenitybdd.core.photography.DarkroomProcessingLine - Processing screenshot image in /var/screenshots/screenshot-8774973130670330514
22:13:56.936 [Darkroom Processing Line] DEBUG net.serenitybdd.core.photography.DarkroomProcessingLine - Saving screenshot to target\site\serenity\113b1fc9c711f080469fb997ad950b1c1c6ea1268e05cf4c7c88ed2dcd307e6e.png
  &amp#27;[32mAnd &amp#27;[0m&amp#27;[32mI &amp#27;[0m&amp#27;[32m&amp#27;[1m""&amp#27;[0m&amp#27;[32m page&amp#27;[0m                   &amp#27;[90m# starter.stepdefinitions.BabyStep.iPage(java.lang.String)&amp#27;[0m
22:13:56.948 [AsyncHttpClient-1-4] DEBUG org.asynchttpclient.netty.handler.WebSocketHandler - Channel Closed: [id: 0x7bb17ea1, L:/127.0.0.1:63291 ! R:localhost/127.0.0.1:63284] with attribute NettyResponseFuture{currentRetry=5,
	isDone=1,
	isCancelled=0,
	asyncHandler=org.asynchttpclient.ws.WebSocketUpgradeHandler@526a3811,
	nettyRequest=org.asynchttpclient.netty.request.NettyRequest@13a86769,
	future=java.util.concurrent.CompletableFuture@246e7f43[Completed normally],
	uri=ws://localhost:63284/devtools/browser/6fa00b57-5195-4579-a8a3-a884ad7d826b,
	keepAlive=true,
	redirectCount=0,
	timeoutsHolder=null,
	inAuth=0,
	touch=1680707627646}
22:13:56.948 [AsyncHttpClient-1-4] DEBUG org.asynchttpclient.netty.channel.ChannelManager - Closing Channel [id: 0x7bb17ea1, L:/127.0.0.1:63291 ! R:localhost/127.0.0.1:63284] 
22:13:56.949 [Driver Command Executor] DEBUG org.asynchttpclient.netty.request.NettyRequestSender - Using pooled Channel '[id: 0x30700b90, L:/127.0.0.1:63283 - R:localhost/127.0.0.1:62132]' for 'DELETE' to 'http://localhost:62132/session/991780b16c08fbb4802455e2b48163de'
22:13:56.949 [Driver Command Executor] DEBUG org.asynchttpclient.netty.request.NettyRequestSender - Using open Channel [id: 0x30700b90, L:/127.0.0.1:63283 - R:localhost/127.0.0.1:62132] for DELETE '/session/991780b16c08fbb4802455e2b48163de'
22:13:56.983 [AsyncHttpClient-1-3] DEBUG org.asynchttpclient.netty.handler.HttpHandler - Unexpected I/O exception on channel [id: 0xa2baa02d, L:/127.0.0.1:63290 - R:localhost/127.0.0.1:63284]
java.net.SocketException: Connection reset
	at java.base/sun.nio.ch.SocketChannelImpl.throwConnectionReset(SocketChannelImpl.java:345)
	at java.base/sun.nio.ch.SocketChannelImpl.read(SocketChannelImpl.java:376)
	at io.netty.buffer.PooledByteBuf.setBytes(PooledByteBuf.java:258)
	at io.netty.buffer.AbstractByteBuf.writeBytes(AbstractByteBuf.java:1132)
	at io.netty.channel.socket.nio.NioSocketChannel.doReadBytes(NioSocketChannel.java:350)
	at io.netty.channel.nio.AbstractNioByteChannel$NioByteUnsafe.read(AbstractNioByteChannel.java:151)
	at io.netty.channel.nio.NioEventLoop.processSelectedKey(NioEventLoop.java:722)
	at io.netty.channel.nio.NioEventLoop.processSelectedKeysOptimized(NioEventLoop.java:658)
	at io.netty.channel.nio.NioEventLoop.processSelectedKeys(NioEventLoop.java:584)
	at io.netty.channel.nio.NioEventLoop.run(NioEventLoop.java:496)
	at io.netty.util.concurrent.SingleThreadEventExecutor$4.run(SingleThreadEventExecutor.java:986)
	at io.netty.util.internal.ThreadExecutorMap$2.run(ThreadExecutorMap.java:74)
	at io.netty.util.concurrent.FastThreadLocalRunnable.run(FastThreadLocalRunnable.java:30)
	at java.base/java.lang.Thread.run(Thread.java:830)
22:13:56.984 [AsyncHttpClient-1-3] DEBUG org.asynchttpclient.netty.channel.ChannelManager - Closing Channel [id: 0xa2baa02d, L:/127.0.0.1:63290 - R:localhost/127.0.0.1:63284] 
22:13:56.984 [AsyncHttpClient-1-3] DEBUG org.asynchttpclient.netty.handler.HttpHandler - Channel Closed: [id: 0xa2baa02d, L:/127.0.0.1:63290 ! R:localhost/127.0.0.1:63284] with attribute DISCARD
22:13:57.024 [AsyncHttpClient-1-2] DEBUG org.asynchttpclient.netty.handler.HttpHandler - 

Request DefaultFullHttpRequest(decodeResult: success, version: HTTP/1.1, content: EmptyByteBufBE)
DELETE /session/991780b16c08fbb4802455e2b48163de HTTP/1.1
User-Agent: selenium/4.1.2 (java windows)
Content-Type: application/json; charset=utf-8
host: localhost:62132
accept: */*

Response DefaultHttpResponse(decodeResult: success, version: HTTP/1.1)
HTTP/1.1 200 OK
Content-Type: application/json; charset=utf-8
cache-control: no-cache
content-length: 14

22:13:57.024 [AsyncHttpClient-1-2] DEBUG org.asynchttpclient.netty.channel.ChannelManager - Adding key: http://localhost:62132 for channel [id: 0x30700b90, L:/127.0.0.1:63283 - R:localhost/127.0.0.1:62132]
22:13:57.137 [AsyncHttpClient-1-1] DEBUG org.asynchttpclient.netty.channel.DefaultChannelPool - Entry count for : http://localhost:62132 : 1
22:13:57.137 [AsyncHttpClient-1-1] DEBUG org.asynchttpclient.netty.channel.DefaultChannelPool - Entry count for : http://localhost:63284 : 1
22:13:57.137 [AsyncHttpClient-1-1] DEBUG org.asynchttpclient.netty.channel.DefaultChannelPool - Adding Candidate expired Channel [id: 0xa2baa02d, L:/127.0.0.1:63290 ! R:localhost/127.0.0.1:63284] isIdleTimeoutExpired=false isRemotelyClosed=true isTtlExpired=false
22:13:57.137 [AsyncHttpClient-1-1] DEBUG org.asynchttpclient.netty.channel.DefaultChannelPool - Closing Idle Channel [id: 0xa2baa02d, L:/127.0.0.1:63290 ! R:localhost/127.0.0.1:63284]
22:13:57.137 [AsyncHttpClient-1-1] DEBUG org.asynchttpclient.netty.channel.DefaultChannelPool - Closed 1 connections out of 2 in 0 ms
22:13:57.153 [AsyncHttpClient-1-2] DEBUG org.asynchttpclient.netty.handler.HttpHandler - Channel Closed: [id: 0x30700b90, L:/127.0.0.1:63283 ! R:localhost/127.0.0.1:62132] with attribute DISCARD
]]></system-out>
    <system-err><![CDATA[Starting Microsoft Edge WebDriver 111.0.1661.62 (0a8f453929e6410c973aa529a40485ce4e3e03db) on port 62132
To submit feedback, report a bug, or suggest new features, please visit https://github.com/MicrosoftEdge/EdgeWebDriver

Only local connections are allowed.
Please see https://aka.ms/WebDriverSecurity for suggestions on keeping Microsoft Edge WebDriver safe.

Microsoft Edge WebDriver was started successfully.
Apr 05, 2023 10:13:47 PM org.openqa.selenium.remote.ProtocolHandshake createSession
INFO: Detected dialect: W3C
Apr 05, 2023 10:13:47 PM org.openqa.selenium.devtools.CdpVersionFinder findNearestMatch
WARNING: Unable to find an exact match for CDP version 111, so returning the closest version found: a no-op implementation
Apr 05, 2023 10:13:47 PM org.openqa.selenium.devtools.CdpVersionFinder findNearestMatch
INFO: Unable to find CDP implementation matching 111.
Apr 05, 2023 10:13:47 PM org.openqa.selenium.chromium.ChromiumDriver lambda$new$3
WARNING: Unable to find version of CDP to use for . You may need to include a dependency on a specific version of the CDP using something similar to `org.seleniumhq.selenium:selenium-devtools-v86:4.1.2` where the version ("v86") matches the version of the chromium-based browser you're using and the version number of the artifact is the same as Selenium's.
]]></system-err>
  </testcase>
  <testcase name="Fitur Menu Baby #18" classname="Baby" time="11.623">
    <system-out><![CDATA[
Scenario Outline: Fitur Menu Baby &amp#27;[90m# src/test/resources/features/Baby.feature:110&amp#27;[0m
22:13:57.749 [main] INFO io.cucumber.core.plugin.SerenityReporter - Running feature from file:///C:/Users/alwi/IdeaProjects/uniqloweb/src/test/resources/features/Baby.feature
22:13:57.856 [main] DEBUG io.github.bonigarcia.wdm.cache.ResolutionCache - Resolution edge=111 in cache (valid until 23:09:49 05/04/2023 WIB)
22:13:57.859 [main] DEBUG io.github.bonigarcia.wdm.cache.ResolutionCache - Resolution edge111=111.0.1661.62 in cache (valid until 15:17:30 06/04/2023 WIB)
22:13:57.860 [main] INFO io.github.bonigarcia.wdm.WebDriverManager - Using msedgedriver 111.0.1661.62 (resolved driver for Edge 111)
22:13:57.870 [main] DEBUG io.github.bonigarcia.wdm.WebDriverManager - Driver msedgedriver 111.0.1661.62 found in cache
22:13:57.870 [main] INFO io.github.bonigarcia.wdm.WebDriverManager - Exporting webdriver.edge.driver as C:\Users\alwi\.cache\selenium\msedgedriver\win64\111.0.1661.62\msedgedriver.exe
22:13:57.872 [main] DEBUG net.serenitybdd.core.webdriver.driverproviders.ProvideNewDriver - Instantiating driver
22:13:57.872 [main] DEBUG net.serenitybdd.core.webdriver.driverproviders.ProvideNewDriver - Driver capabilities: Capabilities {base.url: https://www.uniqlo.com, chrome.driver: src/test/resources/webdrive..., driver: edge, ms:edgeChromium: true, ms:edgeOptions: {}, wait.for.timeout: 6000}
22:13:58.247 [AsyncHttpClient-1-1] DEBUG org.asynchttpclient.netty.channel.DefaultChannelPool - Entry count for : http://localhost:62132 : 1
22:13:58.247 [AsyncHttpClient-1-1] DEBUG org.asynchttpclient.netty.channel.DefaultChannelPool - Adding Candidate expired Channel [id: 0x30700b90, L:/127.0.0.1:63283 ! R:localhost/127.0.0.1:62132] isIdleTimeoutExpired=false isRemotelyClosed=true isTtlExpired=false
22:13:58.247 [AsyncHttpClient-1-1] DEBUG org.asynchttpclient.netty.channel.DefaultChannelPool - Closing Idle Channel [id: 0x30700b90, L:/127.0.0.1:63283 ! R:localhost/127.0.0.1:62132]
22:13:58.247 [AsyncHttpClient-1-1] DEBUG org.asynchttpclient.netty.channel.DefaultChannelPool - Closed 1 connections out of 1 in 0 ms
22:13:58.408 [AsyncHttpClient-1-5] DEBUG org.asynchttpclient.netty.channel.NettyConnectListener - Using new Channel '[id: 0xc8aa0bef, L:/127.0.0.1:63417 - R:localhost/127.0.0.1:55280]' for 'POST' to '/session'
22:13:59.011 [AsyncHttpClient-1-5] DEBUG org.asynchttpclient.netty.handler.HttpHandler - 

Request DefaultHttpRequest(decodeResult: success, version: HTTP/1.1)
POST /session HTTP/1.1
User-Agent: selenium/4.1.2 (java windows)
Content-Length: 627
Content-Type: application/json; charset=utf-8
host: localhost:55280
accept: */*

Response DefaultHttpResponse(decodeResult: success, version: HTTP/1.1)
HTTP/1.1 200 OK
Content-Type: application/json; charset=utf-8
cache-control: no-cache
content-length: 822

22:13:59.011 [AsyncHttpClient-1-5] DEBUG org.asynchttpclient.netty.channel.ChannelManager - Adding key: http://localhost:55280 for channel [id: 0xc8aa0bef, L:/127.0.0.1:63417 - R:localhost/127.0.0.1:55280]
22:13:59.017 [AsyncHttpClient-1-6] DEBUG org.asynchttpclient.netty.channel.NettyConnectListener - Using new Channel '[id: 0x89d79db7, L:/127.0.0.1:63426 - R:localhost/127.0.0.1:63419]' for 'GET' to '/json/version'
22:13:59.018 [AsyncHttpClient-1-6] DEBUG org.asynchttpclient.netty.handler.HttpHandler - 

Request DefaultFullHttpRequest(decodeResult: success, version: HTTP/1.1, content: EmptyByteBufBE)
GET /json/version HTTP/1.1
User-Agent: selenium/4.1.2 (java windows)
host: localhost:63419
accept: */*

Response DefaultHttpResponse(decodeResult: success, version: HTTP/1.1)
HTTP/1.1 200 OK
Content-Security-Policy: frame-ancestors 'none'
Content-Type: application/json; charset=UTF-8
content-length: 436

22:13:59.018 [AsyncHttpClient-1-6] DEBUG org.asynchttpclient.netty.channel.ChannelManager - Adding key: http://localhost:63419 for channel [id: 0x89d79db7, L:/127.0.0.1:63426 - R:localhost/127.0.0.1:63419]
22:13:59.020 [AsyncHttpClient-1-7] DEBUG org.asynchttpclient.netty.channel.NettyConnectListener - Using new Channel '[id: 0xa4d3ccc4, L:/127.0.0.1:63427 - R:localhost/127.0.0.1:63419]' for 'GET' to '/devtools/browser/58063cfd-1ed6-40d3-be92-c9cd3ebd0565'
22:13:59.021 [AsyncHttpClient-1-7] DEBUG org.asynchttpclient.netty.handler.WebSocketHandler - 

Request DefaultFullHttpRequest(decodeResult: success, version: HTTP/1.1, content: EmptyByteBufBE)
GET /devtools/browser/58063cfd-1ed6-40d3-be92-c9cd3ebd0565 HTTP/1.1
upgrade: websocket
connection: upgrade
sec-websocket-key: N4IZEB30Gn8AaZDy9GxnTA==
sec-websocket-version: 13
origin: http://localhost:63419
host: localhost:63419
accept: */*
user-agent: AHC/2.1

Response DefaultHttpResponse(decodeResult: success, version: HTTP/1.1)
HTTP/1.1 101 WebSocket Protocol Handshake
Upgrade: WebSocket
Connection: Upgrade
Sec-WebSocket-Accept: /6Gutu/m5Zjk5CkbTcKWGtzNYb8=

22:13:59.024 [Forwarding get on session 5d7c3b5becbe2ef1a8a44245ac0b02e7 to remote] DEBUG org.asynchttpclient.netty.request.NettyRequestSender - Using pooled Channel '[id: 0xc8aa0bef, L:/127.0.0.1:63417 - R:localhost/127.0.0.1:55280]' for 'POST' to 'http://localhost:55280/session/5d7c3b5becbe2ef1a8a44245ac0b02e7/url'
22:13:59.024 [Forwarding get on session 5d7c3b5becbe2ef1a8a44245ac0b02e7 to remote] DEBUG org.asynchttpclient.netty.request.NettyRequestSender - Using open Channel [id: 0xc8aa0bef, L:/127.0.0.1:63417 - R:localhost/127.0.0.1:55280] for POST '/session/5d7c3b5becbe2ef1a8a44245ac0b02e7/url'
22:13:59.338 [AsyncHttpClient-1-1] DEBUG org.asynchttpclient.netty.channel.DefaultChannelPool - Entry count for : http://localhost:63419 : 1
22:14:00.445 [AsyncHttpClient-1-1] DEBUG org.asynchttpclient.netty.channel.DefaultChannelPool - Entry count for : http://localhost:63419 : 1
22:14:01.548 [AsyncHttpClient-1-1] DEBUG org.asynchttpclient.netty.channel.DefaultChannelPool - Entry count for : http://localhost:63419 : 1
22:14:02.641 [AsyncHttpClient-1-1] DEBUG org.asynchttpclient.netty.channel.DefaultChannelPool - Entry count for : http://localhost:63419 : 1
22:14:03.739 [AsyncHttpClient-1-1] DEBUG org.asynchttpclient.netty.channel.DefaultChannelPool - Entry count for : http://localhost:63419 : 1
22:14:04.840 [AsyncHttpClient-1-1] DEBUG org.asynchttpclient.netty.channel.DefaultChannelPool - Entry count for : http://localhost:63419 : 1
22:14:05.940 [AsyncHttpClient-1-1] DEBUG org.asynchttpclient.netty.channel.DefaultChannelPool - Entry count for : http://localhost:63419 : 1
22:14:05.964 [AsyncHttpClient-1-5] DEBUG org.asynchttpclient.netty.handler.HttpHandler - 

Request DefaultHttpRequest(decodeResult: success, version: HTTP/1.1)
POST /session/5d7c3b5becbe2ef1a8a44245ac0b02e7/url HTTP/1.1
User-Agent: selenium/4.1.2 (java windows)
Content-Length: 53
Content-Type: application/json; charset=utf-8
host: localhost:55280
accept: */*

Response DefaultHttpResponse(decodeResult: success, version: HTTP/1.1)
HTTP/1.1 200 OK
Content-Type: application/json; charset=utf-8
cache-control: no-cache
content-length: 14

22:14:05.965 [AsyncHttpClient-1-5] DEBUG org.asynchttpclient.netty.channel.ChannelManager - Adding key: http://localhost:55280 for channel [id: 0xc8aa0bef, L:/127.0.0.1:63417 - R:localhost/127.0.0.1:55280]
22:14:05.966 [Forwarding setTimeout on session 5d7c3b5becbe2ef1a8a44245ac0b02e7 to remote] DEBUG org.asynchttpclient.netty.request.NettyRequestSender - Using pooled Channel '[id: 0xc8aa0bef, L:/127.0.0.1:63417 - R:localhost/127.0.0.1:55280]' for 'POST' to 'http://localhost:55280/session/5d7c3b5becbe2ef1a8a44245ac0b02e7/timeouts'
22:14:05.966 [Forwarding setTimeout on session 5d7c3b5becbe2ef1a8a44245ac0b02e7 to remote] DEBUG org.asynchttpclient.netty.request.NettyRequestSender - Using open Channel [id: 0xc8aa0bef, L:/127.0.0.1:63417 - R:localhost/127.0.0.1:55280] for POST '/session/5d7c3b5becbe2ef1a8a44245ac0b02e7/timeouts'
22:14:05.967 [AsyncHttpClient-1-5] DEBUG org.asynchttpclient.netty.handler.HttpHandler - 

Request DefaultHttpRequest(decodeResult: success, version: HTTP/1.1)
POST /session/5d7c3b5becbe2ef1a8a44245ac0b02e7/timeouts HTTP/1.1
User-Agent: selenium/4.1.2 (java windows)
Content-Length: 22
Content-Type: application/json; charset=utf-8
host: localhost:55280
accept: */*

Response DefaultHttpResponse(decodeResult: success, version: HTTP/1.1)
HTTP/1.1 200 OK
Content-Type: application/json; charset=utf-8
cache-control: no-cache
content-length: 14

22:14:05.967 [AsyncHttpClient-1-5] DEBUG org.asynchttpclient.netty.channel.ChannelManager - Adding key: http://localhost:55280 for channel [id: 0xc8aa0bef, L:/127.0.0.1:63417 - R:localhost/127.0.0.1:55280]
22:14:05.969 [Forwarding getCurrentUrl on session 5d7c3b5becbe2ef1a8a44245ac0b02e7 to remote] DEBUG org.asynchttpclient.netty.request.NettyRequestSender - Using pooled Channel '[id: 0xc8aa0bef, L:/127.0.0.1:63417 - R:localhost/127.0.0.1:55280]' for 'GET' to 'http://localhost:55280/session/5d7c3b5becbe2ef1a8a44245ac0b02e7/url'
22:14:05.970 [Forwarding getCurrentUrl on session 5d7c3b5becbe2ef1a8a44245ac0b02e7 to remote] DEBUG org.asynchttpclient.netty.request.NettyRequestSender - Using open Channel [id: 0xc8aa0bef, L:/127.0.0.1:63417 - R:localhost/127.0.0.1:55280] for GET '/session/5d7c3b5becbe2ef1a8a44245ac0b02e7/url'
22:14:05.973 [AsyncHttpClient-1-5] DEBUG org.asynchttpclient.netty.handler.HttpHandler - 

Request DefaultFullHttpRequest(decodeResult: success, version: HTTP/1.1, content: EmptyByteBufBE)
GET /session/5d7c3b5becbe2ef1a8a44245ac0b02e7/url HTTP/1.1
User-Agent: selenium/4.1.2 (java windows)
Cache-Control: no-cache
Content-Type: application/json; charset=utf-8
host: localhost:55280
accept: */*

Response DefaultHttpResponse(decodeResult: success, version: HTTP/1.1)
HTTP/1.1 200 OK
Content-Type: application/json; charset=utf-8
cache-control: no-cache
content-length: 41

22:14:05.974 [AsyncHttpClient-1-5] DEBUG org.asynchttpclient.netty.channel.ChannelManager - Adding key: http://localhost:55280 for channel [id: 0xc8aa0bef, L:/127.0.0.1:63417 - R:localhost/127.0.0.1:55280]
  &amp#27;[32mGiven &amp#27;[0m&amp#27;[32mI am on the home page&amp#27;[0m     &amp#27;[90m# starter.stepdefinitions.BabyStep.iAmOnTheHomePage()&amp#27;[0m
22:14:05.981 [Forwarding screenshot on session 5d7c3b5becbe2ef1a8a44245ac0b02e7 to remote] DEBUG org.asynchttpclient.netty.request.NettyRequestSender - Using pooled Channel '[id: 0xc8aa0bef, L:/127.0.0.1:63417 - R:localhost/127.0.0.1:55280]' for 'GET' to 'http://localhost:55280/session/5d7c3b5becbe2ef1a8a44245ac0b02e7/screenshot'
22:14:05.982 [Forwarding screenshot on session 5d7c3b5becbe2ef1a8a44245ac0b02e7 to remote] DEBUG org.asynchttpclient.netty.request.NettyRequestSender - Using open Channel [id: 0xc8aa0bef, L:/127.0.0.1:63417 - R:localhost/127.0.0.1:55280] for GET '/session/5d7c3b5becbe2ef1a8a44245ac0b02e7/screenshot'
22:14:06.318 [AsyncHttpClient-1-5] DEBUG org.asynchttpclient.netty.handler.HttpHandler - 

Request DefaultFullHttpRequest(decodeResult: success, version: HTTP/1.1, content: EmptyByteBufBE)
GET /session/5d7c3b5becbe2ef1a8a44245ac0b02e7/screenshot HTTP/1.1
User-Agent: selenium/4.1.2 (java windows)
Cache-Control: no-cache
Content-Type: application/json; charset=utf-8
host: localhost:55280
accept: */*

Response DefaultHttpResponse(decodeResult: success, version: HTTP/1.1)
HTTP/1.1 200 OK
Content-Type: application/json; charset=utf-8
cache-control: no-cache
content-length: 1119968

22:14:06.320 [AsyncHttpClient-1-5] DEBUG org.asynchttpclient.netty.channel.ChannelManager - Adding key: http://localhost:55280 for channel [id: 0xc8aa0bef, L:/127.0.0.1:63417 - R:localhost/127.0.0.1:55280]
22:14:06.357 [main] DEBUG net.serenitybdd.core.photography.Darkroom - Send negative for processing for target\site\serenity\3d1b19ad31921c0beae4332facd941fcc81467ad5802877977ec6c100df601ce.png
22:14:06.372 [Forwarding findElement on session 5d7c3b5becbe2ef1a8a44245ac0b02e7 to remote] DEBUG org.asynchttpclient.netty.request.NettyRequestSender - Using pooled Channel '[id: 0xc8aa0bef, L:/127.0.0.1:63417 - R:localhost/127.0.0.1:55280]' for 'POST' to 'http://localhost:55280/session/5d7c3b5becbe2ef1a8a44245ac0b02e7/element'
22:14:06.372 [Forwarding findElement on session 5d7c3b5becbe2ef1a8a44245ac0b02e7 to remote] DEBUG org.asynchttpclient.netty.request.NettyRequestSender - Using open Channel [id: 0xc8aa0bef, L:/127.0.0.1:63417 - R:localhost/127.0.0.1:55280] for POST '/session/5d7c3b5becbe2ef1a8a44245ac0b02e7/element'
22:14:06.386 [AsyncHttpClient-1-5] DEBUG org.asynchttpclient.netty.handler.HttpHandler - 

Request DefaultHttpRequest(decodeResult: success, version: HTTP/1.1)
POST /session/5d7c3b5becbe2ef1a8a44245ac0b02e7/element HTTP/1.1
User-Agent: selenium/4.1.2 (java windows)
Content-Length: 81
Content-Type: application/json; charset=utf-8
host: localhost:55280
accept: */*

Response DefaultHttpResponse(decodeResult: success, version: HTTP/1.1)
HTTP/1.1 200 OK
Content-Type: application/json; charset=utf-8
cache-control: no-cache
content-length: 88

22:14:06.386 [AsyncHttpClient-1-5] DEBUG org.asynchttpclient.netty.channel.ChannelManager - Adding key: http://localhost:55280 for channel [id: 0xc8aa0bef, L:/127.0.0.1:63417 - R:localhost/127.0.0.1:55280]
22:14:06.387 [Forwarding getElementTagName on session 5d7c3b5becbe2ef1a8a44245ac0b02e7 to remote] DEBUG org.asynchttpclient.netty.request.NettyRequestSender - Using pooled Channel '[id: 0xc8aa0bef, L:/127.0.0.1:63417 - R:localhost/127.0.0.1:55280]' for 'GET' to 'http://localhost:55280/session/5d7c3b5becbe2ef1a8a44245ac0b02e7/element/4cd2c897-1624-44cd-942e-2acb99efa7dc/name'
22:14:06.387 [Forwarding getElementTagName on session 5d7c3b5becbe2ef1a8a44245ac0b02e7 to remote] DEBUG org.asynchttpclient.netty.request.NettyRequestSender - Using open Channel [id: 0xc8aa0bef, L:/127.0.0.1:63417 - R:localhost/127.0.0.1:55280] for GET '/session/5d7c3b5becbe2ef1a8a44245ac0b02e7/element/4cd2c897-1624-44cd-942e-2acb99efa7dc/name'
22:14:06.391 [AsyncHttpClient-1-5] DEBUG org.asynchttpclient.netty.handler.HttpHandler - 

Request DefaultFullHttpRequest(decodeResult: success, version: HTTP/1.1, content: EmptyByteBufBE)
GET /session/5d7c3b5becbe2ef1a8a44245ac0b02e7/element/4cd2c897-1624-44cd-942e-2acb99efa7dc/name HTTP/1.1
User-Agent: selenium/4.1.2 (java windows)
Cache-Control: no-cache
Content-Type: application/json; charset=utf-8
host: localhost:55280
accept: */*

Response DefaultHttpResponse(decodeResult: success, version: HTTP/1.1)
HTTP/1.1 200 OK
Content-Type: application/json; charset=utf-8
cache-control: no-cache
content-length: 16

22:14:06.391 [AsyncHttpClient-1-5] DEBUG org.asynchttpclient.netty.channel.ChannelManager - Adding key: http://localhost:55280 for channel [id: 0xc8aa0bef, L:/127.0.0.1:63417 - R:localhost/127.0.0.1:55280]
22:14:06.392 [Forwarding getElementTagName on session 5d7c3b5becbe2ef1a8a44245ac0b02e7 to remote] DEBUG org.asynchttpclient.netty.request.NettyRequestSender - Using pooled Channel '[id: 0xc8aa0bef, L:/127.0.0.1:63417 - R:localhost/127.0.0.1:55280]' for 'GET' to 'http://localhost:55280/session/5d7c3b5becbe2ef1a8a44245ac0b02e7/element/4cd2c897-1624-44cd-942e-2acb99efa7dc/name'
22:14:06.392 [Forwarding getElementTagName on session 5d7c3b5becbe2ef1a8a44245ac0b02e7 to remote] DEBUG org.asynchttpclient.netty.request.NettyRequestSender - Using open Channel [id: 0xc8aa0bef, L:/127.0.0.1:63417 - R:localhost/127.0.0.1:55280] for GET '/session/5d7c3b5becbe2ef1a8a44245ac0b02e7/element/4cd2c897-1624-44cd-942e-2acb99efa7dc/name'
22:14:06.394 [AsyncHttpClient-1-5] DEBUG org.asynchttpclient.netty.handler.HttpHandler - 

Request DefaultFullHttpRequest(decodeResult: success, version: HTTP/1.1, content: EmptyByteBufBE)
GET /session/5d7c3b5becbe2ef1a8a44245ac0b02e7/element/4cd2c897-1624-44cd-942e-2acb99efa7dc/name HTTP/1.1
User-Agent: selenium/4.1.2 (java windows)
Cache-Control: no-cache
Content-Type: application/json; charset=utf-8
host: localhost:55280
accept: */*

Response DefaultHttpResponse(decodeResult: success, version: HTTP/1.1)
HTTP/1.1 200 OK
Content-Type: application/json; charset=utf-8
cache-control: no-cache
content-length: 16

22:14:06.394 [AsyncHttpClient-1-5] DEBUG org.asynchttpclient.netty.channel.ChannelManager - Adding key: http://localhost:55280 for channel [id: 0xc8aa0bef, L:/127.0.0.1:63417 - R:localhost/127.0.0.1:55280]
22:14:06.396 [Forwarding findElement on session 5d7c3b5becbe2ef1a8a44245ac0b02e7 to remote] DEBUG org.asynchttpclient.netty.request.NettyRequestSender - Using pooled Channel '[id: 0xc8aa0bef, L:/127.0.0.1:63417 - R:localhost/127.0.0.1:55280]' for 'POST' to 'http://localhost:55280/session/5d7c3b5becbe2ef1a8a44245ac0b02e7/element'
22:14:06.396 [Forwarding findElement on session 5d7c3b5becbe2ef1a8a44245ac0b02e7 to remote] DEBUG org.asynchttpclient.netty.request.NettyRequestSender - Using open Channel [id: 0xc8aa0bef, L:/127.0.0.1:63417 - R:localhost/127.0.0.1:55280] for POST '/session/5d7c3b5becbe2ef1a8a44245ac0b02e7/element'
22:14:06.402 [AsyncHttpClient-1-5] DEBUG org.asynchttpclient.netty.handler.HttpHandler - 

Request DefaultHttpRequest(decodeResult: success, version: HTTP/1.1)
POST /session/5d7c3b5becbe2ef1a8a44245ac0b02e7/element HTTP/1.1
User-Agent: selenium/4.1.2 (java windows)
Content-Length: 81
Content-Type: application/json; charset=utf-8
host: localhost:55280
accept: */*

Response DefaultHttpResponse(decodeResult: success, version: HTTP/1.1)
HTTP/1.1 200 OK
Content-Type: application/json; charset=utf-8
cache-control: no-cache
content-length: 88

22:14:06.402 [AsyncHttpClient-1-5] DEBUG org.asynchttpclient.netty.channel.ChannelManager - Adding key: http://localhost:55280 for channel [id: 0xc8aa0bef, L:/127.0.0.1:63417 - R:localhost/127.0.0.1:55280]
22:14:06.403 [Forwarding clickElement on session 5d7c3b5becbe2ef1a8a44245ac0b02e7 to remote] DEBUG org.asynchttpclient.netty.request.NettyRequestSender - Using pooled Channel '[id: 0xc8aa0bef, L:/127.0.0.1:63417 - R:localhost/127.0.0.1:55280]' for 'POST' to 'http://localhost:55280/session/5d7c3b5becbe2ef1a8a44245ac0b02e7/element/4cd2c897-1624-44cd-942e-2acb99efa7dc/click'
22:14:06.403 [Forwarding clickElement on session 5d7c3b5becbe2ef1a8a44245ac0b02e7 to remote] DEBUG org.asynchttpclient.netty.request.NettyRequestSender - Using open Channel [id: 0xc8aa0bef, L:/127.0.0.1:63417 - R:localhost/127.0.0.1:55280] for POST '/session/5d7c3b5becbe2ef1a8a44245ac0b02e7/element/4cd2c897-1624-44cd-942e-2acb99efa7dc/click'
22:14:06.902 [AsyncHttpClient-1-5] DEBUG org.asynchttpclient.netty.handler.HttpHandler - 

Request DefaultHttpRequest(decodeResult: success, version: HTTP/1.1)
POST /session/5d7c3b5becbe2ef1a8a44245ac0b02e7/element/4cd2c897-1624-44cd-942e-2acb99efa7dc/click HTTP/1.1
User-Agent: selenium/4.1.2 (java windows)
Content-Length: 50
Content-Type: application/json; charset=utf-8
host: localhost:55280
accept: */*

Response DefaultHttpResponse(decodeResult: success, version: HTTP/1.1)
HTTP/1.1 200 OK
Content-Type: application/json; charset=utf-8
cache-control: no-cache
content-length: 14

22:14:06.902 [AsyncHttpClient-1-5] DEBUG org.asynchttpclient.netty.channel.ChannelManager - Adding key: http://localhost:55280 for channel [id: 0xc8aa0bef, L:/127.0.0.1:63417 - R:localhost/127.0.0.1:55280]
  &amp#27;[32mThen &amp#27;[0m&amp#27;[32mI click baby on the header&amp#27;[0m &amp#27;[90m# starter.stepdefinitions.BabyStep.iClickBabyOnTheHeader()&amp#27;[0m
22:14:06.911 [Forwarding screenshot on session 5d7c3b5becbe2ef1a8a44245ac0b02e7 to remote] DEBUG org.asynchttpclient.netty.request.NettyRequestSender - Using pooled Channel '[id: 0xc8aa0bef, L:/127.0.0.1:63417 - R:localhost/127.0.0.1:55280]' for 'GET' to 'http://localhost:55280/session/5d7c3b5becbe2ef1a8a44245ac0b02e7/screenshot'
22:14:06.911 [Forwarding screenshot on session 5d7c3b5becbe2ef1a8a44245ac0b02e7 to remote] DEBUG org.asynchttpclient.netty.request.NettyRequestSender - Using open Channel [id: 0xc8aa0bef, L:/127.0.0.1:63417 - R:localhost/127.0.0.1:55280] for GET '/session/5d7c3b5becbe2ef1a8a44245ac0b02e7/screenshot'
22:14:07.037 [AsyncHttpClient-1-1] DEBUG org.asynchttpclient.netty.channel.DefaultChannelPool - Entry count for : http://localhost:63419 : 1
22:14:07.827 [AsyncHttpClient-1-5] DEBUG org.asynchttpclient.netty.handler.HttpHandler - 

Request DefaultFullHttpRequest(decodeResult: success, version: HTTP/1.1, content: EmptyByteBufBE)
GET /session/5d7c3b5becbe2ef1a8a44245ac0b02e7/screenshot HTTP/1.1
User-Agent: selenium/4.1.2 (java windows)
Cache-Control: no-cache
Content-Type: application/json; charset=utf-8
host: localhost:55280
accept: */*

Response DefaultHttpResponse(decodeResult: success, version: HTTP/1.1)
HTTP/1.1 200 OK
Content-Type: application/json; charset=utf-8
cache-control: no-cache
content-length: 119752

22:14:07.827 [AsyncHttpClient-1-5] DEBUG org.asynchttpclient.netty.channel.ChannelManager - Adding key: http://localhost:55280 for channel [id: 0xc8aa0bef, L:/127.0.0.1:63417 - R:localhost/127.0.0.1:55280]
22:14:07.831 [main] DEBUG net.serenitybdd.core.photography.Darkroom - Send negative for processing for target\site\serenity\c3bb1ffa142df0a8fda47366453874a7341e4771923c0a4fceb844847a6d961d.png
22:14:07.831 [Darkroom Processing Line] DEBUG net.serenitybdd.core.photography.DarkroomProcessingLine - Processing screenshot image in /var/screenshots/screenshot-5614430364557252742
22:14:07.831 [Darkroom Processing Line] DEBUG net.serenitybdd.core.photography.DarkroomProcessingLine - Saving screenshot to target\site\serenity\c3bb1ffa142df0a8fda47366453874a7341e4771923c0a4fceb844847a6d961d.png
22:14:07.839 [Forwarding findElement on session 5d7c3b5becbe2ef1a8a44245ac0b02e7 to remote] DEBUG org.asynchttpclient.netty.request.NettyRequestSender - Using pooled Channel '[id: 0xc8aa0bef, L:/127.0.0.1:63417 - R:localhost/127.0.0.1:55280]' for 'POST' to 'http://localhost:55280/session/5d7c3b5becbe2ef1a8a44245ac0b02e7/element'
22:14:07.839 [Forwarding findElement on session 5d7c3b5becbe2ef1a8a44245ac0b02e7 to remote] DEBUG org.asynchttpclient.netty.request.NettyRequestSender - Using open Channel [id: 0xc8aa0bef, L:/127.0.0.1:63417 - R:localhost/127.0.0.1:55280] for POST '/session/5d7c3b5becbe2ef1a8a44245ac0b02e7/element'
22:14:07.858 [AsyncHttpClient-1-5] DEBUG org.asynchttpclient.netty.handler.HttpHandler - 

Request DefaultHttpRequest(decodeResult: success, version: HTTP/1.1)
POST /session/5d7c3b5becbe2ef1a8a44245ac0b02e7/element HTTP/1.1
User-Agent: selenium/4.1.2 (java windows)
Content-Length: 105
Content-Type: application/json; charset=utf-8
host: localhost:55280
accept: */*

Response DefaultHttpResponse(decodeResult: success, version: HTTP/1.1)
HTTP/1.1 200 OK
Content-Type: application/json; charset=utf-8
cache-control: no-cache
content-length: 88

22:14:07.858 [AsyncHttpClient-1-5] DEBUG org.asynchttpclient.netty.channel.ChannelManager - Adding key: http://localhost:55280 for channel [id: 0xc8aa0bef, L:/127.0.0.1:63417 - R:localhost/127.0.0.1:55280]
22:14:07.859 [Forwarding getElementTagName on session 5d7c3b5becbe2ef1a8a44245ac0b02e7 to remote] DEBUG org.asynchttpclient.netty.request.NettyRequestSender - Using pooled Channel '[id: 0xc8aa0bef, L:/127.0.0.1:63417 - R:localhost/127.0.0.1:55280]' for 'GET' to 'http://localhost:55280/session/5d7c3b5becbe2ef1a8a44245ac0b02e7/element/a202a845-f051-403d-8be8-45c0bb0fe634/name'
22:14:07.859 [Forwarding getElementTagName on session 5d7c3b5becbe2ef1a8a44245ac0b02e7 to remote] DEBUG org.asynchttpclient.netty.request.NettyRequestSender - Using open Channel [id: 0xc8aa0bef, L:/127.0.0.1:63417 - R:localhost/127.0.0.1:55280] for GET '/session/5d7c3b5becbe2ef1a8a44245ac0b02e7/element/a202a845-f051-403d-8be8-45c0bb0fe634/name'
22:14:07.862 [AsyncHttpClient-1-5] DEBUG org.asynchttpclient.netty.handler.HttpHandler - 

Request DefaultFullHttpRequest(decodeResult: success, version: HTTP/1.1, content: EmptyByteBufBE)
GET /session/5d7c3b5becbe2ef1a8a44245ac0b02e7/element/a202a845-f051-403d-8be8-45c0bb0fe634/name HTTP/1.1
User-Agent: selenium/4.1.2 (java windows)
Cache-Control: no-cache
Content-Type: application/json; charset=utf-8
host: localhost:55280
accept: */*

Response DefaultHttpResponse(decodeResult: success, version: HTTP/1.1)
HTTP/1.1 200 OK
Content-Type: application/json; charset=utf-8
cache-control: no-cache
content-length: 16

22:14:07.862 [AsyncHttpClient-1-5] DEBUG org.asynchttpclient.netty.channel.ChannelManager - Adding key: http://localhost:55280 for channel [id: 0xc8aa0bef, L:/127.0.0.1:63417 - R:localhost/127.0.0.1:55280]
22:14:07.863 [Forwarding getElementTagName on session 5d7c3b5becbe2ef1a8a44245ac0b02e7 to remote] DEBUG org.asynchttpclient.netty.request.NettyRequestSender - Using pooled Channel '[id: 0xc8aa0bef, L:/127.0.0.1:63417 - R:localhost/127.0.0.1:55280]' for 'GET' to 'http://localhost:55280/session/5d7c3b5becbe2ef1a8a44245ac0b02e7/element/a202a845-f051-403d-8be8-45c0bb0fe634/name'
22:14:07.863 [Forwarding getElementTagName on session 5d7c3b5becbe2ef1a8a44245ac0b02e7 to remote] DEBUG org.asynchttpclient.netty.request.NettyRequestSender - Using open Channel [id: 0xc8aa0bef, L:/127.0.0.1:63417 - R:localhost/127.0.0.1:55280] for GET '/session/5d7c3b5becbe2ef1a8a44245ac0b02e7/element/a202a845-f051-403d-8be8-45c0bb0fe634/name'
22:14:07.869 [AsyncHttpClient-1-5] DEBUG org.asynchttpclient.netty.handler.HttpHandler - 

Request DefaultFullHttpRequest(decodeResult: success, version: HTTP/1.1, content: EmptyByteBufBE)
GET /session/5d7c3b5becbe2ef1a8a44245ac0b02e7/element/a202a845-f051-403d-8be8-45c0bb0fe634/name HTTP/1.1
User-Agent: selenium/4.1.2 (java windows)
Cache-Control: no-cache
Content-Type: application/json; charset=utf-8
host: localhost:55280
accept: */*

Response DefaultHttpResponse(decodeResult: success, version: HTTP/1.1)
HTTP/1.1 200 OK
Content-Type: application/json; charset=utf-8
cache-control: no-cache
content-length: 16

22:14:07.869 [AsyncHttpClient-1-5] DEBUG org.asynchttpclient.netty.channel.ChannelManager - Adding key: http://localhost:55280 for channel [id: 0xc8aa0bef, L:/127.0.0.1:63417 - R:localhost/127.0.0.1:55280]
22:14:07.872 [Forwarding findElement on session 5d7c3b5becbe2ef1a8a44245ac0b02e7 to remote] DEBUG org.asynchttpclient.netty.request.NettyRequestSender - Using pooled Channel '[id: 0xc8aa0bef, L:/127.0.0.1:63417 - R:localhost/127.0.0.1:55280]' for 'POST' to 'http://localhost:55280/session/5d7c3b5becbe2ef1a8a44245ac0b02e7/element'
22:14:07.872 [Forwarding findElement on session 5d7c3b5becbe2ef1a8a44245ac0b02e7 to remote] DEBUG org.asynchttpclient.netty.request.NettyRequestSender - Using open Channel [id: 0xc8aa0bef, L:/127.0.0.1:63417 - R:localhost/127.0.0.1:55280] for POST '/session/5d7c3b5becbe2ef1a8a44245ac0b02e7/element'
22:14:07.884 [AsyncHttpClient-1-5] DEBUG org.asynchttpclient.netty.handler.HttpHandler - 

Request DefaultHttpRequest(decodeResult: success, version: HTTP/1.1)
POST /session/5d7c3b5becbe2ef1a8a44245ac0b02e7/element HTTP/1.1
User-Agent: selenium/4.1.2 (java windows)
Content-Length: 105
Content-Type: application/json; charset=utf-8
host: localhost:55280
accept: */*

Response DefaultHttpResponse(decodeResult: success, version: HTTP/1.1)
HTTP/1.1 200 OK
Content-Type: application/json; charset=utf-8
cache-control: no-cache
content-length: 88

22:14:07.885 [AsyncHttpClient-1-5] DEBUG org.asynchttpclient.netty.channel.ChannelManager - Adding key: http://localhost:55280 for channel [id: 0xc8aa0bef, L:/127.0.0.1:63417 - R:localhost/127.0.0.1:55280]
22:14:07.886 [Forwarding clickElement on session 5d7c3b5becbe2ef1a8a44245ac0b02e7 to remote] DEBUG org.asynchttpclient.netty.request.NettyRequestSender - Using pooled Channel '[id: 0xc8aa0bef, L:/127.0.0.1:63417 - R:localhost/127.0.0.1:55280]' for 'POST' to 'http://localhost:55280/session/5d7c3b5becbe2ef1a8a44245ac0b02e7/element/a202a845-f051-403d-8be8-45c0bb0fe634/click'
22:14:07.886 [Forwarding clickElement on session 5d7c3b5becbe2ef1a8a44245ac0b02e7 to remote] DEBUG org.asynchttpclient.netty.request.NettyRequestSender - Using open Channel [id: 0xc8aa0bef, L:/127.0.0.1:63417 - R:localhost/127.0.0.1:55280] for POST '/session/5d7c3b5becbe2ef1a8a44245ac0b02e7/element/a202a845-f051-403d-8be8-45c0bb0fe634/click'
22:14:08.133 [AsyncHttpClient-1-5] DEBUG org.asynchttpclient.netty.handler.HttpHandler - 

Request DefaultHttpRequest(decodeResult: success, version: HTTP/1.1)
POST /session/5d7c3b5becbe2ef1a8a44245ac0b02e7/element/a202a845-f051-403d-8be8-45c0bb0fe634/click HTTP/1.1
User-Agent: selenium/4.1.2 (java windows)
Content-Length: 50
Content-Type: application/json; charset=utf-8
host: localhost:55280
accept: */*

Response DefaultHttpResponse(decodeResult: success, version: HTTP/1.1)
HTTP/1.1 200 OK
Content-Type: application/json; charset=utf-8
cache-control: no-cache
content-length: 14

22:14:08.133 [AsyncHttpClient-1-5] DEBUG org.asynchttpclient.netty.channel.ChannelManager - Adding key: http://localhost:55280 for channel [id: 0xc8aa0bef, L:/127.0.0.1:63417 - R:localhost/127.0.0.1:55280]
  &amp#27;[32mWhen &amp#27;[0m&amp#27;[32mI will go to &amp#27;[0m&amp#27;[32m&amp#27;[1m"bawahan"&amp#27;[0m     &amp#27;[90m# starter.stepdefinitions.BabyStep.iWillGoTo(java.lang.String)&amp#27;[0m
22:14:08.141 [Forwarding screenshot on session 5d7c3b5becbe2ef1a8a44245ac0b02e7 to remote] DEBUG org.asynchttpclient.netty.request.NettyRequestSender - Using pooled Channel '[id: 0xc8aa0bef, L:/127.0.0.1:63417 - R:localhost/127.0.0.1:55280]' for 'GET' to 'http://localhost:55280/session/5d7c3b5becbe2ef1a8a44245ac0b02e7/screenshot'
22:14:08.141 [Forwarding screenshot on session 5d7c3b5becbe2ef1a8a44245ac0b02e7 to remote] DEBUG org.asynchttpclient.netty.request.NettyRequestSender - Using open Channel [id: 0xc8aa0bef, L:/127.0.0.1:63417 - R:localhost/127.0.0.1:55280] for GET '/session/5d7c3b5becbe2ef1a8a44245ac0b02e7/screenshot'
22:14:08.143 [AsyncHttpClient-1-1] DEBUG org.asynchttpclient.netty.channel.DefaultChannelPool - Entry count for : http://localhost:63419 : 1
22:14:08.523 [AsyncHttpClient-1-5] DEBUG org.asynchttpclient.netty.handler.HttpHandler - 

Request DefaultFullHttpRequest(decodeResult: success, version: HTTP/1.1, content: EmptyByteBufBE)
GET /session/5d7c3b5becbe2ef1a8a44245ac0b02e7/screenshot HTTP/1.1
User-Agent: selenium/4.1.2 (java windows)
Cache-Control: no-cache
Content-Type: application/json; charset=utf-8
host: localhost:55280
accept: */*

Response DefaultHttpResponse(decodeResult: success, version: HTTP/1.1)
HTTP/1.1 200 OK
Content-Type: application/json; charset=utf-8
cache-control: no-cache
content-length: 565936

22:14:08.524 [AsyncHttpClient-1-5] DEBUG org.asynchttpclient.netty.channel.ChannelManager - Adding key: http://localhost:55280 for channel [id: 0xc8aa0bef, L:/127.0.0.1:63417 - R:localhost/127.0.0.1:55280]
22:14:08.544 [main] DEBUG net.serenitybdd.core.photography.Darkroom - Send negative for processing for target\site\serenity\afe5e3d47eaa1540d89a9271cd525f985bae12f8e27d6b4e3b9b50a967a8de17.png
22:14:08.544 [Darkroom Processing Line] DEBUG net.serenitybdd.core.photography.DarkroomProcessingLine - Processing screenshot image in /var/screenshots/screenshot-4323667729436462718
22:14:08.544 [Darkroom Processing Line] DEBUG net.serenitybdd.core.photography.DarkroomProcessingLine - Saving screenshot to target\site\serenity\afe5e3d47eaa1540d89a9271cd525f985bae12f8e27d6b4e3b9b50a967a8de17.png
  &amp#27;[32mAnd &amp#27;[0m&amp#27;[32mI &amp#27;[0m&amp#27;[32m&amp#27;[1m""&amp#27;[0m&amp#27;[32m page&amp#27;[0m                   &amp#27;[90m# starter.stepdefinitions.BabyStep.iPage(java.lang.String)&amp#27;[0m
22:14:08.558 [AsyncHttpClient-1-7] DEBUG org.asynchttpclient.netty.handler.WebSocketHandler - Channel Closed: [id: 0xa4d3ccc4, L:/127.0.0.1:63427 ! R:localhost/127.0.0.1:63419] with attribute NettyResponseFuture{currentRetry=5,
	isDone=1,
	isCancelled=0,
	asyncHandler=org.asynchttpclient.ws.WebSocketUpgradeHandler@6784cad6,
	nettyRequest=org.asynchttpclient.netty.request.NettyRequest@667d7a0e,
	future=java.util.concurrent.CompletableFuture@7ef8408[Completed normally],
	uri=ws://localhost:63419/devtools/browser/58063cfd-1ed6-40d3-be92-c9cd3ebd0565,
	keepAlive=true,
	redirectCount=0,
	timeoutsHolder=null,
	inAuth=0,
	touch=1680707639021}
22:14:08.558 [AsyncHttpClient-1-7] DEBUG org.asynchttpclient.netty.channel.ChannelManager - Closing Channel [id: 0xa4d3ccc4, L:/127.0.0.1:63427 ! R:localhost/127.0.0.1:63419] 
22:14:08.559 [Driver Command Executor] DEBUG org.asynchttpclient.netty.request.NettyRequestSender - Using pooled Channel '[id: 0xc8aa0bef, L:/127.0.0.1:63417 - R:localhost/127.0.0.1:55280]' for 'DELETE' to 'http://localhost:55280/session/5d7c3b5becbe2ef1a8a44245ac0b02e7'
22:14:08.559 [Driver Command Executor] DEBUG org.asynchttpclient.netty.request.NettyRequestSender - Using open Channel [id: 0xc8aa0bef, L:/127.0.0.1:63417 - R:localhost/127.0.0.1:55280] for DELETE '/session/5d7c3b5becbe2ef1a8a44245ac0b02e7'
22:14:08.601 [AsyncHttpClient-1-6] DEBUG org.asynchttpclient.netty.handler.HttpHandler - Unexpected I/O exception on channel [id: 0x89d79db7, L:/127.0.0.1:63426 - R:localhost/127.0.0.1:63419]
java.net.SocketException: Connection reset
	at java.base/sun.nio.ch.SocketChannelImpl.throwConnectionReset(SocketChannelImpl.java:345)
	at java.base/sun.nio.ch.SocketChannelImpl.read(SocketChannelImpl.java:376)
	at io.netty.buffer.PooledByteBuf.setBytes(PooledByteBuf.java:258)
	at io.netty.buffer.AbstractByteBuf.writeBytes(AbstractByteBuf.java:1132)
	at io.netty.channel.socket.nio.NioSocketChannel.doReadBytes(NioSocketChannel.java:350)
	at io.netty.channel.nio.AbstractNioByteChannel$NioByteUnsafe.read(AbstractNioByteChannel.java:151)
	at io.netty.channel.nio.NioEventLoop.processSelectedKey(NioEventLoop.java:722)
	at io.netty.channel.nio.NioEventLoop.processSelectedKeysOptimized(NioEventLoop.java:658)
	at io.netty.channel.nio.NioEventLoop.processSelectedKeys(NioEventLoop.java:584)
	at io.netty.channel.nio.NioEventLoop.run(NioEventLoop.java:496)
	at io.netty.util.concurrent.SingleThreadEventExecutor$4.run(SingleThreadEventExecutor.java:986)
	at io.netty.util.internal.ThreadExecutorMap$2.run(ThreadExecutorMap.java:74)
	at io.netty.util.concurrent.FastThreadLocalRunnable.run(FastThreadLocalRunnable.java:30)
	at java.base/java.lang.Thread.run(Thread.java:830)
22:14:08.601 [AsyncHttpClient-1-6] DEBUG org.asynchttpclient.netty.channel.ChannelManager - Closing Channel [id: 0x89d79db7, L:/127.0.0.1:63426 - R:localhost/127.0.0.1:63419] 
22:14:08.601 [AsyncHttpClient-1-6] DEBUG org.asynchttpclient.netty.handler.HttpHandler - Channel Closed: [id: 0x89d79db7, L:/127.0.0.1:63426 ! R:localhost/127.0.0.1:63419] with attribute DISCARD
22:14:08.654 [AsyncHttpClient-1-5] DEBUG org.asynchttpclient.netty.handler.HttpHandler - 

Request DefaultFullHttpRequest(decodeResult: success, version: HTTP/1.1, content: EmptyByteBufBE)
DELETE /session/5d7c3b5becbe2ef1a8a44245ac0b02e7 HTTP/1.1
User-Agent: selenium/4.1.2 (java windows)
Content-Type: application/json; charset=utf-8
host: localhost:55280
accept: */*

Response DefaultHttpResponse(decodeResult: success, version: HTTP/1.1)
HTTP/1.1 200 OK
Content-Type: application/json; charset=utf-8
cache-control: no-cache
content-length: 14

22:14:08.655 [AsyncHttpClient-1-5] DEBUG org.asynchttpclient.netty.channel.ChannelManager - Adding key: http://localhost:55280 for channel [id: 0xc8aa0bef, L:/127.0.0.1:63417 - R:localhost/127.0.0.1:55280]
22:14:08.786 [AsyncHttpClient-1-5] DEBUG org.asynchttpclient.netty.handler.HttpHandler - Channel Closed: [id: 0xc8aa0bef, L:/127.0.0.1:63417 ! R:localhost/127.0.0.1:55280] with attribute DISCARD
22:14:09.240 [AsyncHttpClient-1-1] DEBUG org.asynchttpclient.netty.channel.DefaultChannelPool - Entry count for : http://localhost:55280 : 1
22:14:09.240 [AsyncHttpClient-1-1] DEBUG org.asynchttpclient.netty.channel.DefaultChannelPool - Entry count for : http://localhost:63419 : 1
22:14:09.240 [AsyncHttpClient-1-1] DEBUG org.asynchttpclient.netty.channel.DefaultChannelPool - Adding Candidate expired Channel [id: 0xc8aa0bef, L:/127.0.0.1:63417 ! R:localhost/127.0.0.1:55280] isIdleTimeoutExpired=false isRemotelyClosed=true isTtlExpired=false
22:14:09.240 [AsyncHttpClient-1-1] DEBUG org.asynchttpclient.netty.channel.DefaultChannelPool - Closing Idle Channel [id: 0xc8aa0bef, L:/127.0.0.1:63417 ! R:localhost/127.0.0.1:55280]
22:14:09.240 [AsyncHttpClient-1-1] DEBUG org.asynchttpclient.netty.channel.DefaultChannelPool - Adding Candidate expired Channel [id: 0x89d79db7, L:/127.0.0.1:63426 ! R:localhost/127.0.0.1:63419] isIdleTimeoutExpired=false isRemotelyClosed=true isTtlExpired=false
22:14:09.240 [AsyncHttpClient-1-1] DEBUG org.asynchttpclient.netty.channel.DefaultChannelPool - Closing Idle Channel [id: 0x89d79db7, L:/127.0.0.1:63426 ! R:localhost/127.0.0.1:63419]
22:14:09.240 [AsyncHttpClient-1-1] DEBUG org.asynchttpclient.netty.channel.DefaultChannelPool - Closed 2 connections out of 2 in 0 ms
]]></system-out>
    <system-err><![CDATA[Starting Microsoft Edge WebDriver 111.0.1661.62 (0a8f453929e6410c973aa529a40485ce4e3e03db) on port 55280
To submit feedback, report a bug, or suggest new features, please visit https://github.com/MicrosoftEdge/EdgeWebDriver

Only local connections are allowed.
Please see https://aka.ms/WebDriverSecurity for suggestions on keeping Microsoft Edge WebDriver safe.

Microsoft Edge WebDriver was started successfully.
Apr 05, 2023 10:13:59 PM org.openqa.selenium.remote.ProtocolHandshake createSession
INFO: Detected dialect: W3C
Apr 05, 2023 10:13:59 PM org.openqa.selenium.devtools.CdpVersionFinder findNearestMatch
WARNING: Unable to find an exact match for CDP version 111, so returning the closest version found: a no-op implementation
Apr 05, 2023 10:13:59 PM org.openqa.selenium.devtools.CdpVersionFinder findNearestMatch
INFO: Unable to find CDP implementation matching 111.
Apr 05, 2023 10:13:59 PM org.openqa.selenium.chromium.ChromiumDriver lambda$new$3
WARNING: Unable to find version of CDP to use for . You may need to include a dependency on a specific version of the CDP using something similar to `org.seleniumhq.selenium:selenium-devtools-v86:4.1.2` where the version ("v86") matches the version of the chromium-based browser you're using and the version number of the artifact is the same as Selenium's.
]]></system-err>
  </testcase>
  <testcase name="Fitur Menu Baby #19" classname="Baby" time="11.228">
    <system-out><![CDATA[
Scenario Outline: Fitur Menu Baby &amp#27;[90m# src/test/resources/features/Baby.feature:111&amp#27;[0m
22:14:09.374 [main] INFO io.cucumber.core.plugin.SerenityReporter - Running feature from file:///C:/Users/alwi/IdeaProjects/uniqloweb/src/test/resources/features/Baby.feature
22:14:09.497 [main] DEBUG io.github.bonigarcia.wdm.cache.ResolutionCache - Resolution edge=111 in cache (valid until 23:09:49 05/04/2023 WIB)
22:14:09.500 [main] DEBUG io.github.bonigarcia.wdm.cache.ResolutionCache - Resolution edge111=111.0.1661.62 in cache (valid until 15:17:30 06/04/2023 WIB)
22:14:09.502 [main] INFO io.github.bonigarcia.wdm.WebDriverManager - Using msedgedriver 111.0.1661.62 (resolved driver for Edge 111)
22:14:09.514 [main] DEBUG io.github.bonigarcia.wdm.WebDriverManager - Driver msedgedriver 111.0.1661.62 found in cache
22:14:09.514 [main] INFO io.github.bonigarcia.wdm.WebDriverManager - Exporting webdriver.edge.driver as C:\Users\alwi\.cache\selenium\msedgedriver\win64\111.0.1661.62\msedgedriver.exe
22:14:09.516 [main] DEBUG net.serenitybdd.core.webdriver.driverproviders.ProvideNewDriver - Instantiating driver
22:14:09.516 [main] DEBUG net.serenitybdd.core.webdriver.driverproviders.ProvideNewDriver - Driver capabilities: Capabilities {base.url: https://www.uniqlo.com, chrome.driver: src/test/resources/webdrive..., driver: edge, ms:edgeChromium: true, ms:edgeOptions: {}, wait.for.timeout: 6000}
22:14:10.039 [AsyncHttpClient-1-8] DEBUG org.asynchttpclient.netty.channel.NettyConnectListener - Using new Channel '[id: 0xe8c1fc55, L:/127.0.0.1:63580 - R:localhost/127.0.0.1:54839]' for 'POST' to '/session'
22:14:10.628 [AsyncHttpClient-1-8] DEBUG org.asynchttpclient.netty.handler.HttpHandler - 

Request DefaultHttpRequest(decodeResult: success, version: HTTP/1.1)
POST /session HTTP/1.1
User-Agent: selenium/4.1.2 (java windows)
Content-Length: 627
Content-Type: application/json; charset=utf-8
host: localhost:54839
accept: */*

Response DefaultHttpResponse(decodeResult: success, version: HTTP/1.1)
HTTP/1.1 200 OK
Content-Type: application/json; charset=utf-8
cache-control: no-cache
content-length: 822

22:14:10.628 [AsyncHttpClient-1-8] DEBUG org.asynchttpclient.netty.channel.ChannelManager - Adding key: http://localhost:54839 for channel [id: 0xe8c1fc55, L:/127.0.0.1:63580 - R:localhost/127.0.0.1:54839]
22:14:10.633 [AsyncHttpClient-1-9] DEBUG org.asynchttpclient.netty.channel.NettyConnectListener - Using new Channel '[id: 0xd30c7357, L:/127.0.0.1:63588 - R:localhost/127.0.0.1:63581]' for 'GET' to '/json/version'
22:14:10.634 [AsyncHttpClient-1-9] DEBUG org.asynchttpclient.netty.handler.HttpHandler - 

Request DefaultFullHttpRequest(decodeResult: success, version: HTTP/1.1, content: EmptyByteBufBE)
GET /json/version HTTP/1.1
User-Agent: selenium/4.1.2 (java windows)
host: localhost:63581
accept: */*

Response DefaultHttpResponse(decodeResult: success, version: HTTP/1.1)
HTTP/1.1 200 OK
Content-Security-Policy: frame-ancestors 'none'
Content-Type: application/json; charset=UTF-8
content-length: 436

22:14:10.634 [AsyncHttpClient-1-9] DEBUG org.asynchttpclient.netty.channel.ChannelManager - Adding key: http://localhost:63581 for channel [id: 0xd30c7357, L:/127.0.0.1:63588 - R:localhost/127.0.0.1:63581]
22:14:10.637 [AsyncHttpClient-1-10] DEBUG org.asynchttpclient.netty.channel.NettyConnectListener - Using new Channel '[id: 0x0210a9d5, L:/127.0.0.1:63589 - R:localhost/127.0.0.1:63581]' for 'GET' to '/devtools/browser/b91e5891-dbd8-4c6f-a382-1a1ab3b58b63'
22:14:10.639 [AsyncHttpClient-1-10] DEBUG org.asynchttpclient.netty.handler.WebSocketHandler - 

Request DefaultFullHttpRequest(decodeResult: success, version: HTTP/1.1, content: EmptyByteBufBE)
GET /devtools/browser/b91e5891-dbd8-4c6f-a382-1a1ab3b58b63 HTTP/1.1
upgrade: websocket
connection: upgrade
sec-websocket-key: Y+sO2c12Vs0mjE+FYkYnGA==
sec-websocket-version: 13
origin: http://localhost:63581
host: localhost:63581
accept: */*
user-agent: AHC/2.1

Response DefaultHttpResponse(decodeResult: success, version: HTTP/1.1)
HTTP/1.1 101 WebSocket Protocol Handshake
Upgrade: WebSocket
Connection: Upgrade
Sec-WebSocket-Accept: 7a6ywQ2pjXQI9gvoh6v9SBs2CxE=

22:14:10.642 [Forwarding get on session e0d6efb377f941e9e13a891e0b9af0d8 to remote] DEBUG org.asynchttpclient.netty.request.NettyRequestSender - Using pooled Channel '[id: 0xe8c1fc55, L:/127.0.0.1:63580 - R:localhost/127.0.0.1:54839]' for 'POST' to 'http://localhost:54839/session/e0d6efb377f941e9e13a891e0b9af0d8/url'
22:14:10.642 [Forwarding get on session e0d6efb377f941e9e13a891e0b9af0d8 to remote] DEBUG org.asynchttpclient.netty.request.NettyRequestSender - Using open Channel [id: 0xe8c1fc55, L:/127.0.0.1:63580 - R:localhost/127.0.0.1:54839] for POST '/session/e0d6efb377f941e9e13a891e0b9af0d8/url'
22:14:11.438 [AsyncHttpClient-1-1] DEBUG org.asynchttpclient.netty.channel.DefaultChannelPool - Entry count for : http://localhost:63581 : 1
22:14:12.541 [AsyncHttpClient-1-1] DEBUG org.asynchttpclient.netty.channel.DefaultChannelPool - Entry count for : http://localhost:63581 : 1
22:14:13.650 [AsyncHttpClient-1-1] DEBUG org.asynchttpclient.netty.channel.DefaultChannelPool - Entry count for : http://localhost:63581 : 1
22:14:14.742 [AsyncHttpClient-1-1] DEBUG org.asynchttpclient.netty.channel.DefaultChannelPool - Entry count for : http://localhost:63581 : 1
22:14:15.841 [AsyncHttpClient-1-1] DEBUG org.asynchttpclient.netty.channel.DefaultChannelPool - Entry count for : http://localhost:63581 : 1
22:14:16.938 [AsyncHttpClient-1-1] DEBUG org.asynchttpclient.netty.channel.DefaultChannelPool - Entry count for : http://localhost:63581 : 1
22:14:17.968 [AsyncHttpClient-1-8] DEBUG org.asynchttpclient.netty.handler.HttpHandler - 

Request DefaultHttpRequest(decodeResult: success, version: HTTP/1.1)
POST /session/e0d6efb377f941e9e13a891e0b9af0d8/url HTTP/1.1
User-Agent: selenium/4.1.2 (java windows)
Content-Length: 53
Content-Type: application/json; charset=utf-8
host: localhost:54839
accept: */*

Response DefaultHttpResponse(decodeResult: success, version: HTTP/1.1)
HTTP/1.1 200 OK
Content-Type: application/json; charset=utf-8
cache-control: no-cache
content-length: 14

22:14:17.968 [AsyncHttpClient-1-8] DEBUG org.asynchttpclient.netty.channel.ChannelManager - Adding key: http://localhost:54839 for channel [id: 0xe8c1fc55, L:/127.0.0.1:63580 - R:localhost/127.0.0.1:54839]
22:14:17.970 [Forwarding setTimeout on session e0d6efb377f941e9e13a891e0b9af0d8 to remote] DEBUG org.asynchttpclient.netty.request.NettyRequestSender - Using pooled Channel '[id: 0xe8c1fc55, L:/127.0.0.1:63580 - R:localhost/127.0.0.1:54839]' for 'POST' to 'http://localhost:54839/session/e0d6efb377f941e9e13a891e0b9af0d8/timeouts'
22:14:17.970 [Forwarding setTimeout on session e0d6efb377f941e9e13a891e0b9af0d8 to remote] DEBUG org.asynchttpclient.netty.request.NettyRequestSender - Using open Channel [id: 0xe8c1fc55, L:/127.0.0.1:63580 - R:localhost/127.0.0.1:54839] for POST '/session/e0d6efb377f941e9e13a891e0b9af0d8/timeouts'
22:14:17.971 [AsyncHttpClient-1-8] DEBUG org.asynchttpclient.netty.handler.HttpHandler - 

Request DefaultHttpRequest(decodeResult: success, version: HTTP/1.1)
POST /session/e0d6efb377f941e9e13a891e0b9af0d8/timeouts HTTP/1.1
User-Agent: selenium/4.1.2 (java windows)
Content-Length: 22
Content-Type: application/json; charset=utf-8
host: localhost:54839
accept: */*

Response DefaultHttpResponse(decodeResult: success, version: HTTP/1.1)
HTTP/1.1 200 OK
Content-Type: application/json; charset=utf-8
cache-control: no-cache
content-length: 14

22:14:17.971 [AsyncHttpClient-1-8] DEBUG org.asynchttpclient.netty.channel.ChannelManager - Adding key: http://localhost:54839 for channel [id: 0xe8c1fc55, L:/127.0.0.1:63580 - R:localhost/127.0.0.1:54839]
22:14:17.974 [Forwarding getCurrentUrl on session e0d6efb377f941e9e13a891e0b9af0d8 to remote] DEBUG org.asynchttpclient.netty.request.NettyRequestSender - Using pooled Channel '[id: 0xe8c1fc55, L:/127.0.0.1:63580 - R:localhost/127.0.0.1:54839]' for 'GET' to 'http://localhost:54839/session/e0d6efb377f941e9e13a891e0b9af0d8/url'
22:14:17.974 [Forwarding getCurrentUrl on session e0d6efb377f941e9e13a891e0b9af0d8 to remote] DEBUG org.asynchttpclient.netty.request.NettyRequestSender - Using open Channel [id: 0xe8c1fc55, L:/127.0.0.1:63580 - R:localhost/127.0.0.1:54839] for GET '/session/e0d6efb377f941e9e13a891e0b9af0d8/url'
22:14:17.978 [AsyncHttpClient-1-8] DEBUG org.asynchttpclient.netty.handler.HttpHandler - 

Request DefaultFullHttpRequest(decodeResult: success, version: HTTP/1.1, content: EmptyByteBufBE)
GET /session/e0d6efb377f941e9e13a891e0b9af0d8/url HTTP/1.1
User-Agent: selenium/4.1.2 (java windows)
Cache-Control: no-cache
Content-Type: application/json; charset=utf-8
host: localhost:54839
accept: */*

Response DefaultHttpResponse(decodeResult: success, version: HTTP/1.1)
HTTP/1.1 200 OK
Content-Type: application/json; charset=utf-8
cache-control: no-cache
content-length: 41

22:14:17.978 [AsyncHttpClient-1-8] DEBUG org.asynchttpclient.netty.channel.ChannelManager - Adding key: http://localhost:54839 for channel [id: 0xe8c1fc55, L:/127.0.0.1:63580 - R:localhost/127.0.0.1:54839]
  &amp#27;[32mGiven &amp#27;[0m&amp#27;[32mI am on the home page&amp#27;[0m     &amp#27;[90m# starter.stepdefinitions.BabyStep.iAmOnTheHomePage()&amp#27;[0m
22:14:17.985 [Forwarding screenshot on session e0d6efb377f941e9e13a891e0b9af0d8 to remote] DEBUG org.asynchttpclient.netty.request.NettyRequestSender - Using pooled Channel '[id: 0xe8c1fc55, L:/127.0.0.1:63580 - R:localhost/127.0.0.1:54839]' for 'GET' to 'http://localhost:54839/session/e0d6efb377f941e9e13a891e0b9af0d8/screenshot'
22:14:17.985 [Forwarding screenshot on session e0d6efb377f941e9e13a891e0b9af0d8 to remote] DEBUG org.asynchttpclient.netty.request.NettyRequestSender - Using open Channel [id: 0xe8c1fc55, L:/127.0.0.1:63580 - R:localhost/127.0.0.1:54839] for GET '/session/e0d6efb377f941e9e13a891e0b9af0d8/screenshot'
22:14:18.038 [AsyncHttpClient-1-1] DEBUG org.asynchttpclient.netty.channel.DefaultChannelPool - Entry count for : http://localhost:63581 : 1
22:14:18.346 [AsyncHttpClient-1-8] DEBUG org.asynchttpclient.netty.handler.HttpHandler - 

Request DefaultFullHttpRequest(decodeResult: success, version: HTTP/1.1, content: EmptyByteBufBE)
GET /session/e0d6efb377f941e9e13a891e0b9af0d8/screenshot HTTP/1.1
User-Agent: selenium/4.1.2 (java windows)
Cache-Control: no-cache
Content-Type: application/json; charset=utf-8
host: localhost:54839
accept: */*

Response DefaultHttpResponse(decodeResult: success, version: HTTP/1.1)
HTTP/1.1 200 OK
Content-Type: application/json; charset=utf-8
cache-control: no-cache
content-length: 1119968

22:14:18.348 [AsyncHttpClient-1-8] DEBUG org.asynchttpclient.netty.channel.ChannelManager - Adding key: http://localhost:54839 for channel [id: 0xe8c1fc55, L:/127.0.0.1:63580 - R:localhost/127.0.0.1:54839]
22:14:18.384 [main] DEBUG net.serenitybdd.core.photography.Darkroom - Send negative for processing for target\site\serenity\3d1b19ad31921c0beae4332facd941fcc81467ad5802877977ec6c100df601ce.png
22:14:18.399 [Forwarding findElement on session e0d6efb377f941e9e13a891e0b9af0d8 to remote] DEBUG org.asynchttpclient.netty.request.NettyRequestSender - Using pooled Channel '[id: 0xe8c1fc55, L:/127.0.0.1:63580 - R:localhost/127.0.0.1:54839]' for 'POST' to 'http://localhost:54839/session/e0d6efb377f941e9e13a891e0b9af0d8/element'
22:14:18.399 [Forwarding findElement on session e0d6efb377f941e9e13a891e0b9af0d8 to remote] DEBUG org.asynchttpclient.netty.request.NettyRequestSender - Using open Channel [id: 0xe8c1fc55, L:/127.0.0.1:63580 - R:localhost/127.0.0.1:54839] for POST '/session/e0d6efb377f941e9e13a891e0b9af0d8/element'
22:14:18.420 [AsyncHttpClient-1-8] DEBUG org.asynchttpclient.netty.handler.HttpHandler - 

Request DefaultHttpRequest(decodeResult: success, version: HTTP/1.1)
POST /session/e0d6efb377f941e9e13a891e0b9af0d8/element HTTP/1.1
User-Agent: selenium/4.1.2 (java windows)
Content-Length: 81
Content-Type: application/json; charset=utf-8
host: localhost:54839
accept: */*

Response DefaultHttpResponse(decodeResult: success, version: HTTP/1.1)
HTTP/1.1 200 OK
Content-Type: application/json; charset=utf-8
cache-control: no-cache
content-length: 88

22:14:18.420 [AsyncHttpClient-1-8] DEBUG org.asynchttpclient.netty.channel.ChannelManager - Adding key: http://localhost:54839 for channel [id: 0xe8c1fc55, L:/127.0.0.1:63580 - R:localhost/127.0.0.1:54839]
22:14:18.421 [Forwarding getElementTagName on session e0d6efb377f941e9e13a891e0b9af0d8 to remote] DEBUG org.asynchttpclient.netty.request.NettyRequestSender - Using pooled Channel '[id: 0xe8c1fc55, L:/127.0.0.1:63580 - R:localhost/127.0.0.1:54839]' for 'GET' to 'http://localhost:54839/session/e0d6efb377f941e9e13a891e0b9af0d8/element/7720e844-0f40-4e09-8302-9aed7aca469f/name'
22:14:18.421 [Forwarding getElementTagName on session e0d6efb377f941e9e13a891e0b9af0d8 to remote] DEBUG org.asynchttpclient.netty.request.NettyRequestSender - Using open Channel [id: 0xe8c1fc55, L:/127.0.0.1:63580 - R:localhost/127.0.0.1:54839] for GET '/session/e0d6efb377f941e9e13a891e0b9af0d8/element/7720e844-0f40-4e09-8302-9aed7aca469f/name'
22:14:18.424 [AsyncHttpClient-1-8] DEBUG org.asynchttpclient.netty.handler.HttpHandler - 

Request DefaultFullHttpRequest(decodeResult: success, version: HTTP/1.1, content: EmptyByteBufBE)
GET /session/e0d6efb377f941e9e13a891e0b9af0d8/element/7720e844-0f40-4e09-8302-9aed7aca469f/name HTTP/1.1
User-Agent: selenium/4.1.2 (java windows)
Cache-Control: no-cache
Content-Type: application/json; charset=utf-8
host: localhost:54839
accept: */*

Response DefaultHttpResponse(decodeResult: success, version: HTTP/1.1)
HTTP/1.1 200 OK
Content-Type: application/json; charset=utf-8
cache-control: no-cache
content-length: 16

22:14:18.424 [AsyncHttpClient-1-8] DEBUG org.asynchttpclient.netty.channel.ChannelManager - Adding key: http://localhost:54839 for channel [id: 0xe8c1fc55, L:/127.0.0.1:63580 - R:localhost/127.0.0.1:54839]
22:14:18.425 [Forwarding getElementTagName on session e0d6efb377f941e9e13a891e0b9af0d8 to remote] DEBUG org.asynchttpclient.netty.request.NettyRequestSender - Using pooled Channel '[id: 0xe8c1fc55, L:/127.0.0.1:63580 - R:localhost/127.0.0.1:54839]' for 'GET' to 'http://localhost:54839/session/e0d6efb377f941e9e13a891e0b9af0d8/element/7720e844-0f40-4e09-8302-9aed7aca469f/name'
22:14:18.425 [Forwarding getElementTagName on session e0d6efb377f941e9e13a891e0b9af0d8 to remote] DEBUG org.asynchttpclient.netty.request.NettyRequestSender - Using open Channel [id: 0xe8c1fc55, L:/127.0.0.1:63580 - R:localhost/127.0.0.1:54839] for GET '/session/e0d6efb377f941e9e13a891e0b9af0d8/element/7720e844-0f40-4e09-8302-9aed7aca469f/name'
22:14:18.427 [AsyncHttpClient-1-8] DEBUG org.asynchttpclient.netty.handler.HttpHandler - 

Request DefaultFullHttpRequest(decodeResult: success, version: HTTP/1.1, content: EmptyByteBufBE)
GET /session/e0d6efb377f941e9e13a891e0b9af0d8/element/7720e844-0f40-4e09-8302-9aed7aca469f/name HTTP/1.1
User-Agent: selenium/4.1.2 (java windows)
Cache-Control: no-cache
Content-Type: application/json; charset=utf-8
host: localhost:54839
accept: */*

Response DefaultHttpResponse(decodeResult: success, version: HTTP/1.1)
HTTP/1.1 200 OK
Content-Type: application/json; charset=utf-8
cache-control: no-cache
content-length: 16

22:14:18.427 [AsyncHttpClient-1-8] DEBUG org.asynchttpclient.netty.channel.ChannelManager - Adding key: http://localhost:54839 for channel [id: 0xe8c1fc55, L:/127.0.0.1:63580 - R:localhost/127.0.0.1:54839]
22:14:18.429 [Forwarding findElement on session e0d6efb377f941e9e13a891e0b9af0d8 to remote] DEBUG org.asynchttpclient.netty.request.NettyRequestSender - Using pooled Channel '[id: 0xe8c1fc55, L:/127.0.0.1:63580 - R:localhost/127.0.0.1:54839]' for 'POST' to 'http://localhost:54839/session/e0d6efb377f941e9e13a891e0b9af0d8/element'
22:14:18.429 [Forwarding findElement on session e0d6efb377f941e9e13a891e0b9af0d8 to remote] DEBUG org.asynchttpclient.netty.request.NettyRequestSender - Using open Channel [id: 0xe8c1fc55, L:/127.0.0.1:63580 - R:localhost/127.0.0.1:54839] for POST '/session/e0d6efb377f941e9e13a891e0b9af0d8/element'
22:14:18.435 [AsyncHttpClient-1-8] DEBUG org.asynchttpclient.netty.handler.HttpHandler - 

Request DefaultHttpRequest(decodeResult: success, version: HTTP/1.1)
POST /session/e0d6efb377f941e9e13a891e0b9af0d8/element HTTP/1.1
User-Agent: selenium/4.1.2 (java windows)
Content-Length: 81
Content-Type: application/json; charset=utf-8
host: localhost:54839
accept: */*

Response DefaultHttpResponse(decodeResult: success, version: HTTP/1.1)
HTTP/1.1 200 OK
Content-Type: application/json; charset=utf-8
cache-control: no-cache
content-length: 88

22:14:18.435 [AsyncHttpClient-1-8] DEBUG org.asynchttpclient.netty.channel.ChannelManager - Adding key: http://localhost:54839 for channel [id: 0xe8c1fc55, L:/127.0.0.1:63580 - R:localhost/127.0.0.1:54839]
22:14:18.436 [Forwarding clickElement on session e0d6efb377f941e9e13a891e0b9af0d8 to remote] DEBUG org.asynchttpclient.netty.request.NettyRequestSender - Using pooled Channel '[id: 0xe8c1fc55, L:/127.0.0.1:63580 - R:localhost/127.0.0.1:54839]' for 'POST' to 'http://localhost:54839/session/e0d6efb377f941e9e13a891e0b9af0d8/element/7720e844-0f40-4e09-8302-9aed7aca469f/click'
22:14:18.436 [Forwarding clickElement on session e0d6efb377f941e9e13a891e0b9af0d8 to remote] DEBUG org.asynchttpclient.netty.request.NettyRequestSender - Using open Channel [id: 0xe8c1fc55, L:/127.0.0.1:63580 - R:localhost/127.0.0.1:54839] for POST '/session/e0d6efb377f941e9e13a891e0b9af0d8/element/7720e844-0f40-4e09-8302-9aed7aca469f/click'
22:14:18.941 [AsyncHttpClient-1-8] DEBUG org.asynchttpclient.netty.handler.HttpHandler - 

Request DefaultHttpRequest(decodeResult: success, version: HTTP/1.1)
POST /session/e0d6efb377f941e9e13a891e0b9af0d8/element/7720e844-0f40-4e09-8302-9aed7aca469f/click HTTP/1.1
User-Agent: selenium/4.1.2 (java windows)
Content-Length: 50
Content-Type: application/json; charset=utf-8
host: localhost:54839
accept: */*

Response DefaultHttpResponse(decodeResult: success, version: HTTP/1.1)
HTTP/1.1 200 OK
Content-Type: application/json; charset=utf-8
cache-control: no-cache
content-length: 14

22:14:18.942 [AsyncHttpClient-1-8] DEBUG org.asynchttpclient.netty.channel.ChannelManager - Adding key: http://localhost:54839 for channel [id: 0xe8c1fc55, L:/127.0.0.1:63580 - R:localhost/127.0.0.1:54839]
  &amp#27;[32mThen &amp#27;[0m&amp#27;[32mI click baby on the header&amp#27;[0m &amp#27;[90m# starter.stepdefinitions.BabyStep.iClickBabyOnTheHeader()&amp#27;[0m
22:14:18.951 [Forwarding screenshot on session e0d6efb377f941e9e13a891e0b9af0d8 to remote] DEBUG org.asynchttpclient.netty.request.NettyRequestSender - Using pooled Channel '[id: 0xe8c1fc55, L:/127.0.0.1:63580 - R:localhost/127.0.0.1:54839]' for 'GET' to 'http://localhost:54839/session/e0d6efb377f941e9e13a891e0b9af0d8/screenshot'
22:14:18.951 [Forwarding screenshot on session e0d6efb377f941e9e13a891e0b9af0d8 to remote] DEBUG org.asynchttpclient.netty.request.NettyRequestSender - Using open Channel [id: 0xe8c1fc55, L:/127.0.0.1:63580 - R:localhost/127.0.0.1:54839] for GET '/session/e0d6efb377f941e9e13a891e0b9af0d8/screenshot'
22:14:19.138 [AsyncHttpClient-1-1] DEBUG org.asynchttpclient.netty.channel.DefaultChannelPool - Entry count for : http://localhost:63581 : 1
22:14:19.424 [AsyncHttpClient-1-8] DEBUG org.asynchttpclient.netty.handler.HttpHandler - 

Request DefaultFullHttpRequest(decodeResult: success, version: HTTP/1.1, content: EmptyByteBufBE)
GET /session/e0d6efb377f941e9e13a891e0b9af0d8/screenshot HTTP/1.1
User-Agent: selenium/4.1.2 (java windows)
Cache-Control: no-cache
Content-Type: application/json; charset=utf-8
host: localhost:54839
accept: */*

Response DefaultHttpResponse(decodeResult: success, version: HTTP/1.1)
HTTP/1.1 200 OK
Content-Type: application/json; charset=utf-8
cache-control: no-cache
content-length: 62392

22:14:19.424 [AsyncHttpClient-1-8] DEBUG org.asynchttpclient.netty.channel.ChannelManager - Adding key: http://localhost:54839 for channel [id: 0xe8c1fc55, L:/127.0.0.1:63580 - R:localhost/127.0.0.1:54839]
22:14:19.426 [main] DEBUG net.serenitybdd.core.photography.Darkroom - Send negative for processing for target\site\serenity\7b3363c3c3a8fac027bc68a50cae8690daa9e82df7716e845186282760a8a9f9.png
22:14:19.427 [Darkroom Processing Line] DEBUG net.serenitybdd.core.photography.DarkroomProcessingLine - Processing screenshot image in /var/screenshots/screenshot-16396556380486186092
22:14:19.427 [Darkroom Processing Line] DEBUG net.serenitybdd.core.photography.DarkroomProcessingLine - Saving screenshot to target\site\serenity\7b3363c3c3a8fac027bc68a50cae8690daa9e82df7716e845186282760a8a9f9.png
22:14:19.434 [Forwarding findElement on session e0d6efb377f941e9e13a891e0b9af0d8 to remote] DEBUG org.asynchttpclient.netty.request.NettyRequestSender - Using pooled Channel '[id: 0xe8c1fc55, L:/127.0.0.1:63580 - R:localhost/127.0.0.1:54839]' for 'POST' to 'http://localhost:54839/session/e0d6efb377f941e9e13a891e0b9af0d8/element'
22:14:19.434 [Forwarding findElement on session e0d6efb377f941e9e13a891e0b9af0d8 to remote] DEBUG org.asynchttpclient.netty.request.NettyRequestSender - Using open Channel [id: 0xe8c1fc55, L:/127.0.0.1:63580 - R:localhost/127.0.0.1:54839] for POST '/session/e0d6efb377f941e9e13a891e0b9af0d8/element'
22:14:19.445 [AsyncHttpClient-1-8] DEBUG org.asynchttpclient.netty.handler.HttpHandler - 

Request DefaultHttpRequest(decodeResult: success, version: HTTP/1.1)
POST /session/e0d6efb377f941e9e13a891e0b9af0d8/element HTTP/1.1
User-Agent: selenium/4.1.2 (java windows)
Content-Length: 104
Content-Type: application/json; charset=utf-8
host: localhost:54839
accept: */*

Response DefaultHttpResponse(decodeResult: success, version: HTTP/1.1)
HTTP/1.1 200 OK
Content-Type: application/json; charset=utf-8
cache-control: no-cache
content-length: 88

22:14:19.445 [AsyncHttpClient-1-8] DEBUG org.asynchttpclient.netty.channel.ChannelManager - Adding key: http://localhost:54839 for channel [id: 0xe8c1fc55, L:/127.0.0.1:63580 - R:localhost/127.0.0.1:54839]
22:14:19.447 [Forwarding getElementTagName on session e0d6efb377f941e9e13a891e0b9af0d8 to remote] DEBUG org.asynchttpclient.netty.request.NettyRequestSender - Using pooled Channel '[id: 0xe8c1fc55, L:/127.0.0.1:63580 - R:localhost/127.0.0.1:54839]' for 'GET' to 'http://localhost:54839/session/e0d6efb377f941e9e13a891e0b9af0d8/element/1fd34c7b-9c9c-41ee-b41d-4d1f8a3ade93/name'
22:14:19.447 [Forwarding getElementTagName on session e0d6efb377f941e9e13a891e0b9af0d8 to remote] DEBUG org.asynchttpclient.netty.request.NettyRequestSender - Using open Channel [id: 0xe8c1fc55, L:/127.0.0.1:63580 - R:localhost/127.0.0.1:54839] for GET '/session/e0d6efb377f941e9e13a891e0b9af0d8/element/1fd34c7b-9c9c-41ee-b41d-4d1f8a3ade93/name'
22:14:19.450 [AsyncHttpClient-1-8] DEBUG org.asynchttpclient.netty.handler.HttpHandler - 

Request DefaultFullHttpRequest(decodeResult: success, version: HTTP/1.1, content: EmptyByteBufBE)
GET /session/e0d6efb377f941e9e13a891e0b9af0d8/element/1fd34c7b-9c9c-41ee-b41d-4d1f8a3ade93/name HTTP/1.1
User-Agent: selenium/4.1.2 (java windows)
Cache-Control: no-cache
Content-Type: application/json; charset=utf-8
host: localhost:54839
accept: */*

Response DefaultHttpResponse(decodeResult: success, version: HTTP/1.1)
HTTP/1.1 200 OK
Content-Type: application/json; charset=utf-8
cache-control: no-cache
content-length: 16

22:14:19.451 [AsyncHttpClient-1-8] DEBUG org.asynchttpclient.netty.channel.ChannelManager - Adding key: http://localhost:54839 for channel [id: 0xe8c1fc55, L:/127.0.0.1:63580 - R:localhost/127.0.0.1:54839]
22:14:19.452 [Forwarding getElementTagName on session e0d6efb377f941e9e13a891e0b9af0d8 to remote] DEBUG org.asynchttpclient.netty.request.NettyRequestSender - Using pooled Channel '[id: 0xe8c1fc55, L:/127.0.0.1:63580 - R:localhost/127.0.0.1:54839]' for 'GET' to 'http://localhost:54839/session/e0d6efb377f941e9e13a891e0b9af0d8/element/1fd34c7b-9c9c-41ee-b41d-4d1f8a3ade93/name'
22:14:19.452 [Forwarding getElementTagName on session e0d6efb377f941e9e13a891e0b9af0d8 to remote] DEBUG org.asynchttpclient.netty.request.NettyRequestSender - Using open Channel [id: 0xe8c1fc55, L:/127.0.0.1:63580 - R:localhost/127.0.0.1:54839] for GET '/session/e0d6efb377f941e9e13a891e0b9af0d8/element/1fd34c7b-9c9c-41ee-b41d-4d1f8a3ade93/name'
22:14:19.455 [AsyncHttpClient-1-8] DEBUG org.asynchttpclient.netty.handler.HttpHandler - 

Request DefaultFullHttpRequest(decodeResult: success, version: HTTP/1.1, content: EmptyByteBufBE)
GET /session/e0d6efb377f941e9e13a891e0b9af0d8/element/1fd34c7b-9c9c-41ee-b41d-4d1f8a3ade93/name HTTP/1.1
User-Agent: selenium/4.1.2 (java windows)
Cache-Control: no-cache
Content-Type: application/json; charset=utf-8
host: localhost:54839
accept: */*

Response DefaultHttpResponse(decodeResult: success, version: HTTP/1.1)
HTTP/1.1 200 OK
Content-Type: application/json; charset=utf-8
cache-control: no-cache
content-length: 16

22:14:19.455 [AsyncHttpClient-1-8] DEBUG org.asynchttpclient.netty.channel.ChannelManager - Adding key: http://localhost:54839 for channel [id: 0xe8c1fc55, L:/127.0.0.1:63580 - R:localhost/127.0.0.1:54839]
22:14:19.457 [Forwarding findElement on session e0d6efb377f941e9e13a891e0b9af0d8 to remote] DEBUG org.asynchttpclient.netty.request.NettyRequestSender - Using pooled Channel '[id: 0xe8c1fc55, L:/127.0.0.1:63580 - R:localhost/127.0.0.1:54839]' for 'POST' to 'http://localhost:54839/session/e0d6efb377f941e9e13a891e0b9af0d8/element'
22:14:19.457 [Forwarding findElement on session e0d6efb377f941e9e13a891e0b9af0d8 to remote] DEBUG org.asynchttpclient.netty.request.NettyRequestSender - Using open Channel [id: 0xe8c1fc55, L:/127.0.0.1:63580 - R:localhost/127.0.0.1:54839] for POST '/session/e0d6efb377f941e9e13a891e0b9af0d8/element'
22:14:19.463 [AsyncHttpClient-1-8] DEBUG org.asynchttpclient.netty.handler.HttpHandler - 

Request DefaultHttpRequest(decodeResult: success, version: HTTP/1.1)
POST /session/e0d6efb377f941e9e13a891e0b9af0d8/element HTTP/1.1
User-Agent: selenium/4.1.2 (java windows)
Content-Length: 104
Content-Type: application/json; charset=utf-8
host: localhost:54839
accept: */*

Response DefaultHttpResponse(decodeResult: success, version: HTTP/1.1)
HTTP/1.1 200 OK
Content-Type: application/json; charset=utf-8
cache-control: no-cache
content-length: 88

22:14:19.463 [AsyncHttpClient-1-8] DEBUG org.asynchttpclient.netty.channel.ChannelManager - Adding key: http://localhost:54839 for channel [id: 0xe8c1fc55, L:/127.0.0.1:63580 - R:localhost/127.0.0.1:54839]
22:14:19.465 [Forwarding clickElement on session e0d6efb377f941e9e13a891e0b9af0d8 to remote] DEBUG org.asynchttpclient.netty.request.NettyRequestSender - Using pooled Channel '[id: 0xe8c1fc55, L:/127.0.0.1:63580 - R:localhost/127.0.0.1:54839]' for 'POST' to 'http://localhost:54839/session/e0d6efb377f941e9e13a891e0b9af0d8/element/1fd34c7b-9c9c-41ee-b41d-4d1f8a3ade93/click'
22:14:19.465 [Forwarding clickElement on session e0d6efb377f941e9e13a891e0b9af0d8 to remote] DEBUG org.asynchttpclient.netty.request.NettyRequestSender - Using open Channel [id: 0xe8c1fc55, L:/127.0.0.1:63580 - R:localhost/127.0.0.1:54839] for POST '/session/e0d6efb377f941e9e13a891e0b9af0d8/element/1fd34c7b-9c9c-41ee-b41d-4d1f8a3ade93/click'
22:14:19.640 [AsyncHttpClient-1-8] DEBUG org.asynchttpclient.netty.handler.HttpHandler - 

Request DefaultHttpRequest(decodeResult: success, version: HTTP/1.1)
POST /session/e0d6efb377f941e9e13a891e0b9af0d8/element/1fd34c7b-9c9c-41ee-b41d-4d1f8a3ade93/click HTTP/1.1
User-Agent: selenium/4.1.2 (java windows)
Content-Length: 50
Content-Type: application/json; charset=utf-8
host: localhost:54839
accept: */*

Response DefaultHttpResponse(decodeResult: success, version: HTTP/1.1)
HTTP/1.1 200 OK
Content-Type: application/json; charset=utf-8
cache-control: no-cache
content-length: 14

22:14:19.640 [AsyncHttpClient-1-8] DEBUG org.asynchttpclient.netty.channel.ChannelManager - Adding key: http://localhost:54839 for channel [id: 0xe8c1fc55, L:/127.0.0.1:63580 - R:localhost/127.0.0.1:54839]
  &amp#27;[32mWhen &amp#27;[0m&amp#27;[32mI will go to &amp#27;[0m&amp#27;[32m&amp#27;[1m"piyama"&amp#27;[0m      &amp#27;[90m# starter.stepdefinitions.BabyStep.iWillGoTo(java.lang.String)&amp#27;[0m
22:14:19.648 [Forwarding screenshot on session e0d6efb377f941e9e13a891e0b9af0d8 to remote] DEBUG org.asynchttpclient.netty.request.NettyRequestSender - Using pooled Channel '[id: 0xe8c1fc55, L:/127.0.0.1:63580 - R:localhost/127.0.0.1:54839]' for 'GET' to 'http://localhost:54839/session/e0d6efb377f941e9e13a891e0b9af0d8/screenshot'
22:14:19.648 [Forwarding screenshot on session e0d6efb377f941e9e13a891e0b9af0d8 to remote] DEBUG org.asynchttpclient.netty.request.NettyRequestSender - Using open Channel [id: 0xe8c1fc55, L:/127.0.0.1:63580 - R:localhost/127.0.0.1:54839] for GET '/session/e0d6efb377f941e9e13a891e0b9af0d8/screenshot'
22:14:19.786 [AsyncHttpClient-1-8] DEBUG org.asynchttpclient.netty.handler.HttpHandler - 

Request DefaultFullHttpRequest(decodeResult: success, version: HTTP/1.1, content: EmptyByteBufBE)
GET /session/e0d6efb377f941e9e13a891e0b9af0d8/screenshot HTTP/1.1
User-Agent: selenium/4.1.2 (java windows)
Cache-Control: no-cache
Content-Type: application/json; charset=utf-8
host: localhost:54839
accept: */*

Response DefaultHttpResponse(decodeResult: success, version: HTTP/1.1)
HTTP/1.1 200 OK
Content-Type: application/json; charset=utf-8
cache-control: no-cache
content-length: 88764

22:14:19.786 [AsyncHttpClient-1-8] DEBUG org.asynchttpclient.netty.channel.ChannelManager - Adding key: http://localhost:54839 for channel [id: 0xe8c1fc55, L:/127.0.0.1:63580 - R:localhost/127.0.0.1:54839]
22:14:19.789 [main] DEBUG net.serenitybdd.core.photography.Darkroom - Send negative for processing for target\site\serenity\aad74423fe35ec87b3cc3535f198142e1fab231da48cd21d237a09fe345693aa.png
22:14:19.790 [Darkroom Processing Line] DEBUG net.serenitybdd.core.photography.DarkroomProcessingLine - Processing screenshot image in /var/screenshots/screenshot-17101407570465482987
22:14:19.790 [Darkroom Processing Line] DEBUG net.serenitybdd.core.photography.DarkroomProcessingLine - Saving screenshot to target\site\serenity\aad74423fe35ec87b3cc3535f198142e1fab231da48cd21d237a09fe345693aa.png
  &amp#27;[32mAnd &amp#27;[0m&amp#27;[32mI &amp#27;[0m&amp#27;[32m&amp#27;[1m""&amp#27;[0m&amp#27;[32m page&amp#27;[0m                   &amp#27;[90m# starter.stepdefinitions.BabyStep.iPage(java.lang.String)&amp#27;[0m
22:14:19.800 [AsyncHttpClient-1-10] DEBUG org.asynchttpclient.netty.handler.WebSocketHandler - Channel Closed: [id: 0x0210a9d5, L:/127.0.0.1:63589 ! R:localhost/127.0.0.1:63581] with attribute NettyResponseFuture{currentRetry=5,
	isDone=1,
	isCancelled=0,
	asyncHandler=org.asynchttpclient.ws.WebSocketUpgradeHandler@2656a975,
	nettyRequest=org.asynchttpclient.netty.request.NettyRequest@64e735d9,
	future=java.util.concurrent.CompletableFuture@21ec873a[Completed normally],
	uri=ws://localhost:63581/devtools/browser/b91e5891-dbd8-4c6f-a382-1a1ab3b58b63,
	keepAlive=true,
	redirectCount=0,
	timeoutsHolder=null,
	inAuth=0,
	touch=1680707650639}
22:14:19.800 [AsyncHttpClient-1-10] DEBUG org.asynchttpclient.netty.channel.ChannelManager - Closing Channel [id: 0x0210a9d5, L:/127.0.0.1:63589 ! R:localhost/127.0.0.1:63581] 
22:14:19.800 [Driver Command Executor] DEBUG org.asynchttpclient.netty.request.NettyRequestSender - Using pooled Channel '[id: 0xe8c1fc55, L:/127.0.0.1:63580 - R:localhost/127.0.0.1:54839]' for 'DELETE' to 'http://localhost:54839/session/e0d6efb377f941e9e13a891e0b9af0d8'
22:14:19.800 [Driver Command Executor] DEBUG org.asynchttpclient.netty.request.NettyRequestSender - Using open Channel [id: 0xe8c1fc55, L:/127.0.0.1:63580 - R:localhost/127.0.0.1:54839] for DELETE '/session/e0d6efb377f941e9e13a891e0b9af0d8'
22:14:19.832 [AsyncHttpClient-1-9] DEBUG org.asynchttpclient.netty.handler.HttpHandler - Unexpected I/O exception on channel [id: 0xd30c7357, L:/127.0.0.1:63588 - R:localhost/127.0.0.1:63581]
java.net.SocketException: Connection reset
	at java.base/sun.nio.ch.SocketChannelImpl.throwConnectionReset(SocketChannelImpl.java:345)
	at java.base/sun.nio.ch.SocketChannelImpl.read(SocketChannelImpl.java:376)
	at io.netty.buffer.PooledByteBuf.setBytes(PooledByteBuf.java:258)
	at io.netty.buffer.AbstractByteBuf.writeBytes(AbstractByteBuf.java:1132)
	at io.netty.channel.socket.nio.NioSocketChannel.doReadBytes(NioSocketChannel.java:350)
	at io.netty.channel.nio.AbstractNioByteChannel$NioByteUnsafe.read(AbstractNioByteChannel.java:151)
	at io.netty.channel.nio.NioEventLoop.processSelectedKey(NioEventLoop.java:722)
	at io.netty.channel.nio.NioEventLoop.processSelectedKeysOptimized(NioEventLoop.java:658)
	at io.netty.channel.nio.NioEventLoop.processSelectedKeys(NioEventLoop.java:584)
	at io.netty.channel.nio.NioEventLoop.run(NioEventLoop.java:496)
	at io.netty.util.concurrent.SingleThreadEventExecutor$4.run(SingleThreadEventExecutor.java:986)
	at io.netty.util.internal.ThreadExecutorMap$2.run(ThreadExecutorMap.java:74)
	at io.netty.util.concurrent.FastThreadLocalRunnable.run(FastThreadLocalRunnable.java:30)
	at java.base/java.lang.Thread.run(Thread.java:830)
22:14:19.832 [AsyncHttpClient-1-9] DEBUG org.asynchttpclient.netty.channel.ChannelManager - Closing Channel [id: 0xd30c7357, L:/127.0.0.1:63588 - R:localhost/127.0.0.1:63581] 
22:14:19.833 [AsyncHttpClient-1-9] DEBUG org.asynchttpclient.netty.handler.HttpHandler - Channel Closed: [id: 0xd30c7357, L:/127.0.0.1:63588 ! R:localhost/127.0.0.1:63581] with attribute DISCARD
22:14:19.857 [AsyncHttpClient-1-8] DEBUG org.asynchttpclient.netty.handler.HttpHandler - 

Request DefaultFullHttpRequest(decodeResult: success, version: HTTP/1.1, content: EmptyByteBufBE)
DELETE /session/e0d6efb377f941e9e13a891e0b9af0d8 HTTP/1.1
User-Agent: selenium/4.1.2 (java windows)
Content-Type: application/json; charset=utf-8
host: localhost:54839
accept: */*

Response DefaultHttpResponse(decodeResult: success, version: HTTP/1.1)
HTTP/1.1 200 OK
Content-Type: application/json; charset=utf-8
cache-control: no-cache
content-length: 14

22:14:19.857 [AsyncHttpClient-1-8] DEBUG org.asynchttpclient.netty.channel.ChannelManager - Adding key: http://localhost:54839 for channel [id: 0xe8c1fc55, L:/127.0.0.1:63580 - R:localhost/127.0.0.1:54839]
22:14:19.998 [AsyncHttpClient-1-8] DEBUG org.asynchttpclient.netty.handler.HttpHandler - Channel Closed: [id: 0xe8c1fc55, L:/127.0.0.1:63580 ! R:localhost/127.0.0.1:54839] with attribute DISCARD
22:14:20.238 [AsyncHttpClient-1-1] DEBUG org.asynchttpclient.netty.channel.DefaultChannelPool - Entry count for : http://localhost:54839 : 1
22:14:20.238 [AsyncHttpClient-1-1] DEBUG org.asynchttpclient.netty.channel.DefaultChannelPool - Entry count for : http://localhost:63581 : 1
22:14:20.238 [AsyncHttpClient-1-1] DEBUG org.asynchttpclient.netty.channel.DefaultChannelPool - Adding Candidate expired Channel [id: 0xe8c1fc55, L:/127.0.0.1:63580 ! R:localhost/127.0.0.1:54839] isIdleTimeoutExpired=false isRemotelyClosed=true isTtlExpired=false
22:14:20.238 [AsyncHttpClient-1-1] DEBUG org.asynchttpclient.netty.channel.DefaultChannelPool - Closing Idle Channel [id: 0xe8c1fc55, L:/127.0.0.1:63580 ! R:localhost/127.0.0.1:54839]
22:14:20.239 [AsyncHttpClient-1-1] DEBUG org.asynchttpclient.netty.channel.DefaultChannelPool - Adding Candidate expired Channel [id: 0xd30c7357, L:/127.0.0.1:63588 ! R:localhost/127.0.0.1:63581] isIdleTimeoutExpired=false isRemotelyClosed=true isTtlExpired=false
22:14:20.239 [AsyncHttpClient-1-1] DEBUG org.asynchttpclient.netty.channel.DefaultChannelPool - Closing Idle Channel [id: 0xd30c7357, L:/127.0.0.1:63588 ! R:localhost/127.0.0.1:63581]
22:14:20.239 [AsyncHttpClient-1-1] DEBUG org.asynchttpclient.netty.channel.DefaultChannelPool - Closed 2 connections out of 2 in 1 ms
]]></system-out>
    <system-err><![CDATA[Starting Microsoft Edge WebDriver 111.0.1661.62 (0a8f453929e6410c973aa529a40485ce4e3e03db) on port 54839
To submit feedback, report a bug, or suggest new features, please visit https://github.com/MicrosoftEdge/EdgeWebDriver

Only local connections are allowed.
Please see https://aka.ms/WebDriverSecurity for suggestions on keeping Microsoft Edge WebDriver safe.

Microsoft Edge WebDriver was started successfully.
Apr 05, 2023 10:14:10 PM org.openqa.selenium.remote.ProtocolHandshake createSession
INFO: Detected dialect: W3C
Apr 05, 2023 10:14:10 PM org.openqa.selenium.devtools.CdpVersionFinder findNearestMatch
WARNING: Unable to find an exact match for CDP version 111, so returning the closest version found: a no-op implementation
Apr 05, 2023 10:14:10 PM org.openqa.selenium.devtools.CdpVersionFinder findNearestMatch
INFO: Unable to find CDP implementation matching 111.
Apr 05, 2023 10:14:10 PM org.openqa.selenium.chromium.ChromiumDriver lambda$new$3
WARNING: Unable to find version of CDP to use for . You may need to include a dependency on a specific version of the CDP using something similar to `org.seleniumhq.selenium:selenium-devtools-v86:4.1.2` where the version ("v86") matches the version of the chromium-based browser you're using and the version number of the artifact is the same as Selenium's.
]]></system-err>
  </testcase>
  <testcase name="Fitur Menu Baby #20" classname="Baby" time="16.698">
    <system-out><![CDATA[
Scenario Outline: Fitur Menu Baby &amp#27;[90m# src/test/resources/features/Baby.feature:112&amp#27;[0m
22:14:20.601 [main] INFO io.cucumber.core.plugin.SerenityReporter - Running feature from file:///C:/Users/alwi/IdeaProjects/uniqloweb/src/test/resources/features/Baby.feature
22:14:20.713 [main] DEBUG io.github.bonigarcia.wdm.cache.ResolutionCache - Resolution edge=111 in cache (valid until 23:09:49 05/04/2023 WIB)
22:14:20.716 [main] DEBUG io.github.bonigarcia.wdm.cache.ResolutionCache - Resolution edge111=111.0.1661.62 in cache (valid until 15:17:30 06/04/2023 WIB)
22:14:20.717 [main] INFO io.github.bonigarcia.wdm.WebDriverManager - Using msedgedriver 111.0.1661.62 (resolved driver for Edge 111)
22:14:20.726 [main] DEBUG io.github.bonigarcia.wdm.WebDriverManager - Driver msedgedriver 111.0.1661.62 found in cache
22:14:20.727 [main] INFO io.github.bonigarcia.wdm.WebDriverManager - Exporting webdriver.edge.driver as C:\Users\alwi\.cache\selenium\msedgedriver\win64\111.0.1661.62\msedgedriver.exe
22:14:20.728 [main] DEBUG net.serenitybdd.core.webdriver.driverproviders.ProvideNewDriver - Instantiating driver
22:14:20.729 [main] DEBUG net.serenitybdd.core.webdriver.driverproviders.ProvideNewDriver - Driver capabilities: Capabilities {base.url: https://www.uniqlo.com, chrome.driver: src/test/resources/webdrive..., driver: edge, ms:edgeChromium: true, ms:edgeOptions: {}, wait.for.timeout: 6000}
22:14:21.269 [AsyncHttpClient-1-11] DEBUG org.asynchttpclient.netty.channel.NettyConnectListener - Using new Channel '[id: 0xcc6808f0, L:/127.0.0.1:63715 - R:localhost/127.0.0.1:55535]' for 'POST' to '/session'
22:14:21.856 [AsyncHttpClient-1-11] DEBUG org.asynchttpclient.netty.handler.HttpHandler - 

Request DefaultHttpRequest(decodeResult: success, version: HTTP/1.1)
POST /session HTTP/1.1
User-Agent: selenium/4.1.2 (java windows)
Content-Length: 627
Content-Type: application/json; charset=utf-8
host: localhost:55535
accept: */*

Response DefaultHttpResponse(decodeResult: success, version: HTTP/1.1)
HTTP/1.1 200 OK
Content-Type: application/json; charset=utf-8
cache-control: no-cache
content-length: 823

22:14:21.856 [AsyncHttpClient-1-11] DEBUG org.asynchttpclient.netty.channel.ChannelManager - Adding key: http://localhost:55535 for channel [id: 0xcc6808f0, L:/127.0.0.1:63715 - R:localhost/127.0.0.1:55535]
22:14:21.863 [AsyncHttpClient-1-12] DEBUG org.asynchttpclient.netty.channel.NettyConnectListener - Using new Channel '[id: 0x94a0c3ed, L:/127.0.0.1:63725 - R:localhost/127.0.0.1:63717]' for 'GET' to '/json/version'
22:14:21.864 [AsyncHttpClient-1-12] DEBUG org.asynchttpclient.netty.handler.HttpHandler - 

Request DefaultFullHttpRequest(decodeResult: success, version: HTTP/1.1, content: EmptyByteBufBE)
GET /json/version HTTP/1.1
User-Agent: selenium/4.1.2 (java windows)
host: localhost:63717
accept: */*

Response DefaultHttpResponse(decodeResult: success, version: HTTP/1.1)
HTTP/1.1 200 OK
Content-Security-Policy: frame-ancestors 'none'
Content-Type: application/json; charset=UTF-8
content-length: 436

22:14:21.864 [AsyncHttpClient-1-12] DEBUG org.asynchttpclient.netty.channel.ChannelManager - Adding key: http://localhost:63717 for channel [id: 0x94a0c3ed, L:/127.0.0.1:63725 - R:localhost/127.0.0.1:63717]
22:14:21.866 [AsyncHttpClient-1-13] DEBUG org.asynchttpclient.netty.channel.NettyConnectListener - Using new Channel '[id: 0x837ec862, L:/127.0.0.1:63726 - R:localhost/127.0.0.1:63717]' for 'GET' to '/devtools/browser/df19569a-a8ed-4ebf-a29d-90374d9fde5a'
22:14:21.867 [AsyncHttpClient-1-13] DEBUG org.asynchttpclient.netty.handler.WebSocketHandler - 

Request DefaultFullHttpRequest(decodeResult: success, version: HTTP/1.1, content: EmptyByteBufBE)
GET /devtools/browser/df19569a-a8ed-4ebf-a29d-90374d9fde5a HTTP/1.1
upgrade: websocket
connection: upgrade
sec-websocket-key: TgisgTGctd4UsOZ+XoKUnA==
sec-websocket-version: 13
origin: http://localhost:63717
host: localhost:63717
accept: */*
user-agent: AHC/2.1

Response DefaultHttpResponse(decodeResult: success, version: HTTP/1.1)
HTTP/1.1 101 WebSocket Protocol Handshake
Upgrade: WebSocket
Connection: Upgrade
Sec-WebSocket-Accept: NQvIHyA9qyv59WyQ2b7CgR+OX6A=

22:14:21.870 [Forwarding get on session 59f1883e7dd50690b9c1bd8d5dbe9e89 to remote] DEBUG org.asynchttpclient.netty.request.NettyRequestSender - Using pooled Channel '[id: 0xcc6808f0, L:/127.0.0.1:63715 - R:localhost/127.0.0.1:55535]' for 'POST' to 'http://localhost:55535/session/59f1883e7dd50690b9c1bd8d5dbe9e89/url'
22:14:21.870 [Forwarding get on session 59f1883e7dd50690b9c1bd8d5dbe9e89 to remote] DEBUG org.asynchttpclient.netty.request.NettyRequestSender - Using open Channel [id: 0xcc6808f0, L:/127.0.0.1:63715 - R:localhost/127.0.0.1:55535] for POST '/session/59f1883e7dd50690b9c1bd8d5dbe9e89/url'
22:14:22.452 [AsyncHttpClient-1-1] DEBUG org.asynchttpclient.netty.channel.DefaultChannelPool - Entry count for : http://localhost:63717 : 1
22:14:23.540 [AsyncHttpClient-1-1] DEBUG org.asynchttpclient.netty.channel.DefaultChannelPool - Entry count for : http://localhost:63717 : 1
22:14:24.638 [AsyncHttpClient-1-1] DEBUG org.asynchttpclient.netty.channel.DefaultChannelPool - Entry count for : http://localhost:63717 : 1
22:14:25.738 [AsyncHttpClient-1-1] DEBUG org.asynchttpclient.netty.channel.DefaultChannelPool - Entry count for : http://localhost:63717 : 1
22:14:26.837 [AsyncHttpClient-1-1] DEBUG org.asynchttpclient.netty.channel.DefaultChannelPool - Entry count for : http://localhost:63717 : 1
22:14:27.938 [AsyncHttpClient-1-1] DEBUG org.asynchttpclient.netty.channel.DefaultChannelPool - Entry count for : http://localhost:63717 : 1
22:14:29.042 [AsyncHttpClient-1-1] DEBUG org.asynchttpclient.netty.channel.DefaultChannelPool - Entry count for : http://localhost:63717 : 1
22:14:30.140 [AsyncHttpClient-1-1] DEBUG org.asynchttpclient.netty.channel.DefaultChannelPool - Entry count for : http://localhost:63717 : 1
22:14:31.239 [AsyncHttpClient-1-1] DEBUG org.asynchttpclient.netty.channel.DefaultChannelPool - Entry count for : http://localhost:63717 : 1
22:14:32.341 [AsyncHttpClient-1-1] DEBUG org.asynchttpclient.netty.channel.DefaultChannelPool - Entry count for : http://localhost:63717 : 1
22:14:33.447 [AsyncHttpClient-1-1] DEBUG org.asynchttpclient.netty.channel.DefaultChannelPool - Entry count for : http://localhost:63717 : 1
22:14:34.538 [AsyncHttpClient-1-1] DEBUG org.asynchttpclient.netty.channel.DefaultChannelPool - Entry count for : http://localhost:63717 : 1
22:14:34.554 [AsyncHttpClient-1-11] DEBUG org.asynchttpclient.netty.handler.HttpHandler - 

Request DefaultHttpRequest(decodeResult: success, version: HTTP/1.1)
POST /session/59f1883e7dd50690b9c1bd8d5dbe9e89/url HTTP/1.1
User-Agent: selenium/4.1.2 (java windows)
Content-Length: 53
Content-Type: application/json; charset=utf-8
host: localhost:55535
accept: */*

Response DefaultHttpResponse(decodeResult: success, version: HTTP/1.1)
HTTP/1.1 200 OK
Content-Type: application/json; charset=utf-8
cache-control: no-cache
content-length: 14

22:14:34.555 [AsyncHttpClient-1-11] DEBUG org.asynchttpclient.netty.channel.ChannelManager - Adding key: http://localhost:55535 for channel [id: 0xcc6808f0, L:/127.0.0.1:63715 - R:localhost/127.0.0.1:55535]
22:14:34.556 [Forwarding setTimeout on session 59f1883e7dd50690b9c1bd8d5dbe9e89 to remote] DEBUG org.asynchttpclient.netty.request.NettyRequestSender - Using pooled Channel '[id: 0xcc6808f0, L:/127.0.0.1:63715 - R:localhost/127.0.0.1:55535]' for 'POST' to 'http://localhost:55535/session/59f1883e7dd50690b9c1bd8d5dbe9e89/timeouts'
22:14:34.556 [Forwarding setTimeout on session 59f1883e7dd50690b9c1bd8d5dbe9e89 to remote] DEBUG org.asynchttpclient.netty.request.NettyRequestSender - Using open Channel [id: 0xcc6808f0, L:/127.0.0.1:63715 - R:localhost/127.0.0.1:55535] for POST '/session/59f1883e7dd50690b9c1bd8d5dbe9e89/timeouts'
22:14:34.557 [AsyncHttpClient-1-11] DEBUG org.asynchttpclient.netty.handler.HttpHandler - 

Request DefaultHttpRequest(decodeResult: success, version: HTTP/1.1)
POST /session/59f1883e7dd50690b9c1bd8d5dbe9e89/timeouts HTTP/1.1
User-Agent: selenium/4.1.2 (java windows)
Content-Length: 22
Content-Type: application/json; charset=utf-8
host: localhost:55535
accept: */*

Response DefaultHttpResponse(decodeResult: success, version: HTTP/1.1)
HTTP/1.1 200 OK
Content-Type: application/json; charset=utf-8
cache-control: no-cache
content-length: 14

22:14:34.557 [AsyncHttpClient-1-11] DEBUG org.asynchttpclient.netty.channel.ChannelManager - Adding key: http://localhost:55535 for channel [id: 0xcc6808f0, L:/127.0.0.1:63715 - R:localhost/127.0.0.1:55535]
22:14:34.560 [Forwarding getCurrentUrl on session 59f1883e7dd50690b9c1bd8d5dbe9e89 to remote] DEBUG org.asynchttpclient.netty.request.NettyRequestSender - Using pooled Channel '[id: 0xcc6808f0, L:/127.0.0.1:63715 - R:localhost/127.0.0.1:55535]' for 'GET' to 'http://localhost:55535/session/59f1883e7dd50690b9c1bd8d5dbe9e89/url'
22:14:34.560 [Forwarding getCurrentUrl on session 59f1883e7dd50690b9c1bd8d5dbe9e89 to remote] DEBUG org.asynchttpclient.netty.request.NettyRequestSender - Using open Channel [id: 0xcc6808f0, L:/127.0.0.1:63715 - R:localhost/127.0.0.1:55535] for GET '/session/59f1883e7dd50690b9c1bd8d5dbe9e89/url'
22:14:34.564 [AsyncHttpClient-1-11] DEBUG org.asynchttpclient.netty.handler.HttpHandler - 

Request DefaultFullHttpRequest(decodeResult: success, version: HTTP/1.1, content: EmptyByteBufBE)
GET /session/59f1883e7dd50690b9c1bd8d5dbe9e89/url HTTP/1.1
User-Agent: selenium/4.1.2 (java windows)
Cache-Control: no-cache
Content-Type: application/json; charset=utf-8
host: localhost:55535
accept: */*

Response DefaultHttpResponse(decodeResult: success, version: HTTP/1.1)
HTTP/1.1 200 OK
Content-Type: application/json; charset=utf-8
cache-control: no-cache
content-length: 41

22:14:34.564 [AsyncHttpClient-1-11] DEBUG org.asynchttpclient.netty.channel.ChannelManager - Adding key: http://localhost:55535 for channel [id: 0xcc6808f0, L:/127.0.0.1:63715 - R:localhost/127.0.0.1:55535]
  &amp#27;[32mGiven &amp#27;[0m&amp#27;[32mI am on the home page&amp#27;[0m     &amp#27;[90m# starter.stepdefinitions.BabyStep.iAmOnTheHomePage()&amp#27;[0m
22:14:34.571 [Forwarding screenshot on session 59f1883e7dd50690b9c1bd8d5dbe9e89 to remote] DEBUG org.asynchttpclient.netty.request.NettyRequestSender - Using pooled Channel '[id: 0xcc6808f0, L:/127.0.0.1:63715 - R:localhost/127.0.0.1:55535]' for 'GET' to 'http://localhost:55535/session/59f1883e7dd50690b9c1bd8d5dbe9e89/screenshot'
22:14:34.571 [Forwarding screenshot on session 59f1883e7dd50690b9c1bd8d5dbe9e89 to remote] DEBUG org.asynchttpclient.netty.request.NettyRequestSender - Using open Channel [id: 0xcc6808f0, L:/127.0.0.1:63715 - R:localhost/127.0.0.1:55535] for GET '/session/59f1883e7dd50690b9c1bd8d5dbe9e89/screenshot'
22:14:34.931 [AsyncHttpClient-1-11] DEBUG org.asynchttpclient.netty.handler.HttpHandler - 

Request DefaultFullHttpRequest(decodeResult: success, version: HTTP/1.1, content: EmptyByteBufBE)
GET /session/59f1883e7dd50690b9c1bd8d5dbe9e89/screenshot HTTP/1.1
User-Agent: selenium/4.1.2 (java windows)
Cache-Control: no-cache
Content-Type: application/json; charset=utf-8
host: localhost:55535
accept: */*

Response DefaultHttpResponse(decodeResult: success, version: HTTP/1.1)
HTTP/1.1 200 OK
Content-Type: application/json; charset=utf-8
cache-control: no-cache
content-length: 1119968

22:14:34.933 [AsyncHttpClient-1-11] DEBUG org.asynchttpclient.netty.channel.ChannelManager - Adding key: http://localhost:55535 for channel [id: 0xcc6808f0, L:/127.0.0.1:63715 - R:localhost/127.0.0.1:55535]
22:14:34.965 [main] DEBUG net.serenitybdd.core.photography.Darkroom - Send negative for processing for target\site\serenity\3d1b19ad31921c0beae4332facd941fcc81467ad5802877977ec6c100df601ce.png
22:14:34.984 [Forwarding findElement on session 59f1883e7dd50690b9c1bd8d5dbe9e89 to remote] DEBUG org.asynchttpclient.netty.request.NettyRequestSender - Using pooled Channel '[id: 0xcc6808f0, L:/127.0.0.1:63715 - R:localhost/127.0.0.1:55535]' for 'POST' to 'http://localhost:55535/session/59f1883e7dd50690b9c1bd8d5dbe9e89/element'
22:14:34.984 [Forwarding findElement on session 59f1883e7dd50690b9c1bd8d5dbe9e89 to remote] DEBUG org.asynchttpclient.netty.request.NettyRequestSender - Using open Channel [id: 0xcc6808f0, L:/127.0.0.1:63715 - R:localhost/127.0.0.1:55535] for POST '/session/59f1883e7dd50690b9c1bd8d5dbe9e89/element'
22:14:35.007 [AsyncHttpClient-1-11] DEBUG org.asynchttpclient.netty.handler.HttpHandler - 

Request DefaultHttpRequest(decodeResult: success, version: HTTP/1.1)
POST /session/59f1883e7dd50690b9c1bd8d5dbe9e89/element HTTP/1.1
User-Agent: selenium/4.1.2 (java windows)
Content-Length: 81
Content-Type: application/json; charset=utf-8
host: localhost:55535
accept: */*

Response DefaultHttpResponse(decodeResult: success, version: HTTP/1.1)
HTTP/1.1 200 OK
Content-Type: application/json; charset=utf-8
cache-control: no-cache
content-length: 88

22:14:35.007 [AsyncHttpClient-1-11] DEBUG org.asynchttpclient.netty.channel.ChannelManager - Adding key: http://localhost:55535 for channel [id: 0xcc6808f0, L:/127.0.0.1:63715 - R:localhost/127.0.0.1:55535]
22:14:35.009 [Forwarding getElementTagName on session 59f1883e7dd50690b9c1bd8d5dbe9e89 to remote] DEBUG org.asynchttpclient.netty.request.NettyRequestSender - Using pooled Channel '[id: 0xcc6808f0, L:/127.0.0.1:63715 - R:localhost/127.0.0.1:55535]' for 'GET' to 'http://localhost:55535/session/59f1883e7dd50690b9c1bd8d5dbe9e89/element/c39d0ee6-57ca-41bd-a646-0b65f47f3b16/name'
22:14:35.009 [Forwarding getElementTagName on session 59f1883e7dd50690b9c1bd8d5dbe9e89 to remote] DEBUG org.asynchttpclient.netty.request.NettyRequestSender - Using open Channel [id: 0xcc6808f0, L:/127.0.0.1:63715 - R:localhost/127.0.0.1:55535] for GET '/session/59f1883e7dd50690b9c1bd8d5dbe9e89/element/c39d0ee6-57ca-41bd-a646-0b65f47f3b16/name'
22:14:35.012 [AsyncHttpClient-1-11] DEBUG org.asynchttpclient.netty.handler.HttpHandler - 

Request DefaultFullHttpRequest(decodeResult: success, version: HTTP/1.1, content: EmptyByteBufBE)
GET /session/59f1883e7dd50690b9c1bd8d5dbe9e89/element/c39d0ee6-57ca-41bd-a646-0b65f47f3b16/name HTTP/1.1
User-Agent: selenium/4.1.2 (java windows)
Cache-Control: no-cache
Content-Type: application/json; charset=utf-8
host: localhost:55535
accept: */*

Response DefaultHttpResponse(decodeResult: success, version: HTTP/1.1)
HTTP/1.1 200 OK
Content-Type: application/json; charset=utf-8
cache-control: no-cache
content-length: 16

22:14:35.012 [AsyncHttpClient-1-11] DEBUG org.asynchttpclient.netty.channel.ChannelManager - Adding key: http://localhost:55535 for channel [id: 0xcc6808f0, L:/127.0.0.1:63715 - R:localhost/127.0.0.1:55535]
22:14:35.014 [Forwarding getElementTagName on session 59f1883e7dd50690b9c1bd8d5dbe9e89 to remote] DEBUG org.asynchttpclient.netty.request.NettyRequestSender - Using pooled Channel '[id: 0xcc6808f0, L:/127.0.0.1:63715 - R:localhost/127.0.0.1:55535]' for 'GET' to 'http://localhost:55535/session/59f1883e7dd50690b9c1bd8d5dbe9e89/element/c39d0ee6-57ca-41bd-a646-0b65f47f3b16/name'
22:14:35.014 [Forwarding getElementTagName on session 59f1883e7dd50690b9c1bd8d5dbe9e89 to remote] DEBUG org.asynchttpclient.netty.request.NettyRequestSender - Using open Channel [id: 0xcc6808f0, L:/127.0.0.1:63715 - R:localhost/127.0.0.1:55535] for GET '/session/59f1883e7dd50690b9c1bd8d5dbe9e89/element/c39d0ee6-57ca-41bd-a646-0b65f47f3b16/name'
22:14:35.017 [AsyncHttpClient-1-11] DEBUG org.asynchttpclient.netty.handler.HttpHandler - 

Request DefaultFullHttpRequest(decodeResult: success, version: HTTP/1.1, content: EmptyByteBufBE)
GET /session/59f1883e7dd50690b9c1bd8d5dbe9e89/element/c39d0ee6-57ca-41bd-a646-0b65f47f3b16/name HTTP/1.1
User-Agent: selenium/4.1.2 (java windows)
Cache-Control: no-cache
Content-Type: application/json; charset=utf-8
host: localhost:55535
accept: */*

Response DefaultHttpResponse(decodeResult: success, version: HTTP/1.1)
HTTP/1.1 200 OK
Content-Type: application/json; charset=utf-8
cache-control: no-cache
content-length: 16

22:14:35.017 [AsyncHttpClient-1-11] DEBUG org.asynchttpclient.netty.channel.ChannelManager - Adding key: http://localhost:55535 for channel [id: 0xcc6808f0, L:/127.0.0.1:63715 - R:localhost/127.0.0.1:55535]
22:14:35.019 [Forwarding findElement on session 59f1883e7dd50690b9c1bd8d5dbe9e89 to remote] DEBUG org.asynchttpclient.netty.request.NettyRequestSender - Using pooled Channel '[id: 0xcc6808f0, L:/127.0.0.1:63715 - R:localhost/127.0.0.1:55535]' for 'POST' to 'http://localhost:55535/session/59f1883e7dd50690b9c1bd8d5dbe9e89/element'
22:14:35.019 [Forwarding findElement on session 59f1883e7dd50690b9c1bd8d5dbe9e89 to remote] DEBUG org.asynchttpclient.netty.request.NettyRequestSender - Using open Channel [id: 0xcc6808f0, L:/127.0.0.1:63715 - R:localhost/127.0.0.1:55535] for POST '/session/59f1883e7dd50690b9c1bd8d5dbe9e89/element'
22:14:35.027 [AsyncHttpClient-1-11] DEBUG org.asynchttpclient.netty.handler.HttpHandler - 

Request DefaultHttpRequest(decodeResult: success, version: HTTP/1.1)
POST /session/59f1883e7dd50690b9c1bd8d5dbe9e89/element HTTP/1.1
User-Agent: selenium/4.1.2 (java windows)
Content-Length: 81
Content-Type: application/json; charset=utf-8
host: localhost:55535
accept: */*

Response DefaultHttpResponse(decodeResult: success, version: HTTP/1.1)
HTTP/1.1 200 OK
Content-Type: application/json; charset=utf-8
cache-control: no-cache
content-length: 88

22:14:35.027 [AsyncHttpClient-1-11] DEBUG org.asynchttpclient.netty.channel.ChannelManager - Adding key: http://localhost:55535 for channel [id: 0xcc6808f0, L:/127.0.0.1:63715 - R:localhost/127.0.0.1:55535]
22:14:35.028 [Forwarding clickElement on session 59f1883e7dd50690b9c1bd8d5dbe9e89 to remote] DEBUG org.asynchttpclient.netty.request.NettyRequestSender - Using pooled Channel '[id: 0xcc6808f0, L:/127.0.0.1:63715 - R:localhost/127.0.0.1:55535]' for 'POST' to 'http://localhost:55535/session/59f1883e7dd50690b9c1bd8d5dbe9e89/element/c39d0ee6-57ca-41bd-a646-0b65f47f3b16/click'
22:14:35.028 [Forwarding clickElement on session 59f1883e7dd50690b9c1bd8d5dbe9e89 to remote] DEBUG org.asynchttpclient.netty.request.NettyRequestSender - Using open Channel [id: 0xcc6808f0, L:/127.0.0.1:63715 - R:localhost/127.0.0.1:55535] for POST '/session/59f1883e7dd50690b9c1bd8d5dbe9e89/element/c39d0ee6-57ca-41bd-a646-0b65f47f3b16/click'
22:14:35.465 [AsyncHttpClient-1-11] DEBUG org.asynchttpclient.netty.handler.HttpHandler - 

Request DefaultHttpRequest(decodeResult: success, version: HTTP/1.1)
POST /session/59f1883e7dd50690b9c1bd8d5dbe9e89/element/c39d0ee6-57ca-41bd-a646-0b65f47f3b16/click HTTP/1.1
User-Agent: selenium/4.1.2 (java windows)
Content-Length: 50
Content-Type: application/json; charset=utf-8
host: localhost:55535
accept: */*

Response DefaultHttpResponse(decodeResult: success, version: HTTP/1.1)
HTTP/1.1 200 OK
Content-Type: application/json; charset=utf-8
cache-control: no-cache
content-length: 14

22:14:35.465 [AsyncHttpClient-1-11] DEBUG org.asynchttpclient.netty.channel.ChannelManager - Adding key: http://localhost:55535 for channel [id: 0xcc6808f0, L:/127.0.0.1:63715 - R:localhost/127.0.0.1:55535]
  &amp#27;[32mThen &amp#27;[0m&amp#27;[32mI click baby on the header&amp#27;[0m &amp#27;[90m# starter.stepdefinitions.BabyStep.iClickBabyOnTheHeader()&amp#27;[0m
22:14:35.475 [Forwarding screenshot on session 59f1883e7dd50690b9c1bd8d5dbe9e89 to remote] DEBUG org.asynchttpclient.netty.request.NettyRequestSender - Using pooled Channel '[id: 0xcc6808f0, L:/127.0.0.1:63715 - R:localhost/127.0.0.1:55535]' for 'GET' to 'http://localhost:55535/session/59f1883e7dd50690b9c1bd8d5dbe9e89/screenshot'
22:14:35.475 [Forwarding screenshot on session 59f1883e7dd50690b9c1bd8d5dbe9e89 to remote] DEBUG org.asynchttpclient.netty.request.NettyRequestSender - Using open Channel [id: 0xcc6808f0, L:/127.0.0.1:63715 - R:localhost/127.0.0.1:55535] for GET '/session/59f1883e7dd50690b9c1bd8d5dbe9e89/screenshot'
22:14:35.638 [AsyncHttpClient-1-1] DEBUG org.asynchttpclient.netty.channel.DefaultChannelPool - Entry count for : http://localhost:63717 : 1
22:14:36.019 [AsyncHttpClient-1-11] DEBUG org.asynchttpclient.netty.handler.HttpHandler - 

Request DefaultFullHttpRequest(decodeResult: success, version: HTTP/1.1, content: EmptyByteBufBE)
GET /session/59f1883e7dd50690b9c1bd8d5dbe9e89/screenshot HTTP/1.1
User-Agent: selenium/4.1.2 (java windows)
Cache-Control: no-cache
Content-Type: application/json; charset=utf-8
host: localhost:55535
accept: */*

Response DefaultHttpResponse(decodeResult: success, version: HTTP/1.1)
HTTP/1.1 200 OK
Content-Type: application/json; charset=utf-8
cache-control: no-cache
content-length: 62120

22:14:36.019 [AsyncHttpClient-1-11] DEBUG org.asynchttpclient.netty.channel.ChannelManager - Adding key: http://localhost:55535 for channel [id: 0xcc6808f0, L:/127.0.0.1:63715 - R:localhost/127.0.0.1:55535]
22:14:36.022 [main] DEBUG net.serenitybdd.core.photography.Darkroom - Send negative for processing for target\site\serenity\29817f559b7930255fa30d1371c01796794424ca9e26b933fddb5fd10ceb878d.png
22:14:36.022 [Darkroom Processing Line] DEBUG net.serenitybdd.core.photography.DarkroomProcessingLine - Processing screenshot image in /var/screenshots/screenshot-17147233331383421014
22:14:36.022 [Darkroom Processing Line] DEBUG net.serenitybdd.core.photography.DarkroomProcessingLine - Saving screenshot to target\site\serenity\29817f559b7930255fa30d1371c01796794424ca9e26b933fddb5fd10ceb878d.png
22:14:36.031 [Forwarding findElement on session 59f1883e7dd50690b9c1bd8d5dbe9e89 to remote] DEBUG org.asynchttpclient.netty.request.NettyRequestSender - Using pooled Channel '[id: 0xcc6808f0, L:/127.0.0.1:63715 - R:localhost/127.0.0.1:55535]' for 'POST' to 'http://localhost:55535/session/59f1883e7dd50690b9c1bd8d5dbe9e89/element'
22:14:36.031 [Forwarding findElement on session 59f1883e7dd50690b9c1bd8d5dbe9e89 to remote] DEBUG org.asynchttpclient.netty.request.NettyRequestSender - Using open Channel [id: 0xcc6808f0, L:/127.0.0.1:63715 - R:localhost/127.0.0.1:55535] for POST '/session/59f1883e7dd50690b9c1bd8d5dbe9e89/element'
22:14:36.097 [AsyncHttpClient-1-11] DEBUG org.asynchttpclient.netty.handler.HttpHandler - 

Request DefaultHttpRequest(decodeResult: success, version: HTTP/1.1)
POST /session/59f1883e7dd50690b9c1bd8d5dbe9e89/element HTTP/1.1
User-Agent: selenium/4.1.2 (java windows)
Content-Length: 102
Content-Type: application/json; charset=utf-8
host: localhost:55535
accept: */*

Response DefaultHttpResponse(decodeResult: success, version: HTTP/1.1)
HTTP/1.1 200 OK
Content-Type: application/json; charset=utf-8
cache-control: no-cache
content-length: 88

22:14:36.097 [AsyncHttpClient-1-11] DEBUG org.asynchttpclient.netty.channel.ChannelManager - Adding key: http://localhost:55535 for channel [id: 0xcc6808f0, L:/127.0.0.1:63715 - R:localhost/127.0.0.1:55535]
22:14:36.099 [Forwarding getElementTagName on session 59f1883e7dd50690b9c1bd8d5dbe9e89 to remote] DEBUG org.asynchttpclient.netty.request.NettyRequestSender - Using pooled Channel '[id: 0xcc6808f0, L:/127.0.0.1:63715 - R:localhost/127.0.0.1:55535]' for 'GET' to 'http://localhost:55535/session/59f1883e7dd50690b9c1bd8d5dbe9e89/element/31a16577-793c-429c-81fd-47589c36c422/name'
22:14:36.099 [Forwarding getElementTagName on session 59f1883e7dd50690b9c1bd8d5dbe9e89 to remote] DEBUG org.asynchttpclient.netty.request.NettyRequestSender - Using open Channel [id: 0xcc6808f0, L:/127.0.0.1:63715 - R:localhost/127.0.0.1:55535] for GET '/session/59f1883e7dd50690b9c1bd8d5dbe9e89/element/31a16577-793c-429c-81fd-47589c36c422/name'
22:14:36.107 [AsyncHttpClient-1-11] DEBUG org.asynchttpclient.netty.handler.HttpHandler - 

Request DefaultFullHttpRequest(decodeResult: success, version: HTTP/1.1, content: EmptyByteBufBE)
GET /session/59f1883e7dd50690b9c1bd8d5dbe9e89/element/31a16577-793c-429c-81fd-47589c36c422/name HTTP/1.1
User-Agent: selenium/4.1.2 (java windows)
Cache-Control: no-cache
Content-Type: application/json; charset=utf-8
host: localhost:55535
accept: */*

Response DefaultHttpResponse(decodeResult: success, version: HTTP/1.1)
HTTP/1.1 200 OK
Content-Type: application/json; charset=utf-8
cache-control: no-cache
content-length: 16

22:14:36.107 [AsyncHttpClient-1-11] DEBUG org.asynchttpclient.netty.channel.ChannelManager - Adding key: http://localhost:55535 for channel [id: 0xcc6808f0, L:/127.0.0.1:63715 - R:localhost/127.0.0.1:55535]
22:14:36.108 [Forwarding getElementTagName on session 59f1883e7dd50690b9c1bd8d5dbe9e89 to remote] DEBUG org.asynchttpclient.netty.request.NettyRequestSender - Using pooled Channel '[id: 0xcc6808f0, L:/127.0.0.1:63715 - R:localhost/127.0.0.1:55535]' for 'GET' to 'http://localhost:55535/session/59f1883e7dd50690b9c1bd8d5dbe9e89/element/31a16577-793c-429c-81fd-47589c36c422/name'
22:14:36.109 [Forwarding getElementTagName on session 59f1883e7dd50690b9c1bd8d5dbe9e89 to remote] DEBUG org.asynchttpclient.netty.request.NettyRequestSender - Using open Channel [id: 0xcc6808f0, L:/127.0.0.1:63715 - R:localhost/127.0.0.1:55535] for GET '/session/59f1883e7dd50690b9c1bd8d5dbe9e89/element/31a16577-793c-429c-81fd-47589c36c422/name'
22:14:36.122 [AsyncHttpClient-1-11] DEBUG org.asynchttpclient.netty.handler.HttpHandler - 

Request DefaultFullHttpRequest(decodeResult: success, version: HTTP/1.1, content: EmptyByteBufBE)
GET /session/59f1883e7dd50690b9c1bd8d5dbe9e89/element/31a16577-793c-429c-81fd-47589c36c422/name HTTP/1.1
User-Agent: selenium/4.1.2 (java windows)
Cache-Control: no-cache
Content-Type: application/json; charset=utf-8
host: localhost:55535
accept: */*

Response DefaultHttpResponse(decodeResult: success, version: HTTP/1.1)
HTTP/1.1 200 OK
Content-Type: application/json; charset=utf-8
cache-control: no-cache
content-length: 16

22:14:36.122 [AsyncHttpClient-1-11] DEBUG org.asynchttpclient.netty.channel.ChannelManager - Adding key: http://localhost:55535 for channel [id: 0xcc6808f0, L:/127.0.0.1:63715 - R:localhost/127.0.0.1:55535]
22:14:36.123 [Forwarding findElement on session 59f1883e7dd50690b9c1bd8d5dbe9e89 to remote] DEBUG org.asynchttpclient.netty.request.NettyRequestSender - Using pooled Channel '[id: 0xcc6808f0, L:/127.0.0.1:63715 - R:localhost/127.0.0.1:55535]' for 'POST' to 'http://localhost:55535/session/59f1883e7dd50690b9c1bd8d5dbe9e89/element'
22:14:36.123 [Forwarding findElement on session 59f1883e7dd50690b9c1bd8d5dbe9e89 to remote] DEBUG org.asynchttpclient.netty.request.NettyRequestSender - Using open Channel [id: 0xcc6808f0, L:/127.0.0.1:63715 - R:localhost/127.0.0.1:55535] for POST '/session/59f1883e7dd50690b9c1bd8d5dbe9e89/element'
22:14:36.131 [AsyncHttpClient-1-11] DEBUG org.asynchttpclient.netty.handler.HttpHandler - 

Request DefaultHttpRequest(decodeResult: success, version: HTTP/1.1)
POST /session/59f1883e7dd50690b9c1bd8d5dbe9e89/element HTTP/1.1
User-Agent: selenium/4.1.2 (java windows)
Content-Length: 102
Content-Type: application/json; charset=utf-8
host: localhost:55535
accept: */*

Response DefaultHttpResponse(decodeResult: success, version: HTTP/1.1)
HTTP/1.1 200 OK
Content-Type: application/json; charset=utf-8
cache-control: no-cache
content-length: 88

22:14:36.131 [AsyncHttpClient-1-11] DEBUG org.asynchttpclient.netty.channel.ChannelManager - Adding key: http://localhost:55535 for channel [id: 0xcc6808f0, L:/127.0.0.1:63715 - R:localhost/127.0.0.1:55535]
22:14:36.132 [Forwarding clickElement on session 59f1883e7dd50690b9c1bd8d5dbe9e89 to remote] DEBUG org.asynchttpclient.netty.request.NettyRequestSender - Using pooled Channel '[id: 0xcc6808f0, L:/127.0.0.1:63715 - R:localhost/127.0.0.1:55535]' for 'POST' to 'http://localhost:55535/session/59f1883e7dd50690b9c1bd8d5dbe9e89/element/31a16577-793c-429c-81fd-47589c36c422/click'
22:14:36.132 [Forwarding clickElement on session 59f1883e7dd50690b9c1bd8d5dbe9e89 to remote] DEBUG org.asynchttpclient.netty.request.NettyRequestSender - Using open Channel [id: 0xcc6808f0, L:/127.0.0.1:63715 - R:localhost/127.0.0.1:55535] for POST '/session/59f1883e7dd50690b9c1bd8d5dbe9e89/element/31a16577-793c-429c-81fd-47589c36c422/click'
22:14:36.339 [AsyncHttpClient-1-11] DEBUG org.asynchttpclient.netty.handler.HttpHandler - 

Request DefaultHttpRequest(decodeResult: success, version: HTTP/1.1)
POST /session/59f1883e7dd50690b9c1bd8d5dbe9e89/element/31a16577-793c-429c-81fd-47589c36c422/click HTTP/1.1
User-Agent: selenium/4.1.2 (java windows)
Content-Length: 50
Content-Type: application/json; charset=utf-8
host: localhost:55535
accept: */*

Response DefaultHttpResponse(decodeResult: success, version: HTTP/1.1)
HTTP/1.1 200 OK
Content-Type: application/json; charset=utf-8
cache-control: no-cache
content-length: 14

22:14:36.339 [AsyncHttpClient-1-11] DEBUG org.asynchttpclient.netty.channel.ChannelManager - Adding key: http://localhost:55535 for channel [id: 0xcc6808f0, L:/127.0.0.1:63715 - R:localhost/127.0.0.1:55535]
  &amp#27;[32mWhen &amp#27;[0m&amp#27;[32mI will go to &amp#27;[0m&amp#27;[32m&amp#27;[1m"gaun2"&amp#27;[0m       &amp#27;[90m# starter.stepdefinitions.BabyStep.iWillGoTo(java.lang.String)&amp#27;[0m
22:14:36.348 [Forwarding screenshot on session 59f1883e7dd50690b9c1bd8d5dbe9e89 to remote] DEBUG org.asynchttpclient.netty.request.NettyRequestSender - Using pooled Channel '[id: 0xcc6808f0, L:/127.0.0.1:63715 - R:localhost/127.0.0.1:55535]' for 'GET' to 'http://localhost:55535/session/59f1883e7dd50690b9c1bd8d5dbe9e89/screenshot'
22:14:36.349 [Forwarding screenshot on session 59f1883e7dd50690b9c1bd8d5dbe9e89 to remote] DEBUG org.asynchttpclient.netty.request.NettyRequestSender - Using open Channel [id: 0xcc6808f0, L:/127.0.0.1:63715 - R:localhost/127.0.0.1:55535] for GET '/session/59f1883e7dd50690b9c1bd8d5dbe9e89/screenshot'
22:14:36.484 [AsyncHttpClient-1-11] DEBUG org.asynchttpclient.netty.handler.HttpHandler - 

Request DefaultFullHttpRequest(decodeResult: success, version: HTTP/1.1, content: EmptyByteBufBE)
GET /session/59f1883e7dd50690b9c1bd8d5dbe9e89/screenshot HTTP/1.1
User-Agent: selenium/4.1.2 (java windows)
Cache-Control: no-cache
Content-Type: application/json; charset=utf-8
host: localhost:55535
accept: */*

Response DefaultHttpResponse(decodeResult: success, version: HTTP/1.1)
HTTP/1.1 200 OK
Content-Type: application/json; charset=utf-8
cache-control: no-cache
content-length: 88760

22:14:36.485 [AsyncHttpClient-1-11] DEBUG org.asynchttpclient.netty.channel.ChannelManager - Adding key: http://localhost:55535 for channel [id: 0xcc6808f0, L:/127.0.0.1:63715 - R:localhost/127.0.0.1:55535]
22:14:36.488 [main] DEBUG net.serenitybdd.core.photography.Darkroom - Send negative for processing for target\site\serenity\61d5878322f0cba6985f504b0b179af3160e4b47b1474953d82758f76d51b40c.png
22:14:36.489 [Darkroom Processing Line] DEBUG net.serenitybdd.core.photography.DarkroomProcessingLine - Processing screenshot image in /var/screenshots/screenshot-6071038295800238328
22:14:36.489 [Darkroom Processing Line] DEBUG net.serenitybdd.core.photography.DarkroomProcessingLine - Saving screenshot to target\site\serenity\61d5878322f0cba6985f504b0b179af3160e4b47b1474953d82758f76d51b40c.png
  &amp#27;[32mAnd &amp#27;[0m&amp#27;[32mI &amp#27;[0m&amp#27;[32m&amp#27;[1m""&amp#27;[0m&amp#27;[32m page&amp#27;[0m                   &amp#27;[90m# starter.stepdefinitions.BabyStep.iPage(java.lang.String)&amp#27;[0m
22:14:36.502 [AsyncHttpClient-1-13] DEBUG org.asynchttpclient.netty.handler.WebSocketHandler - Channel Closed: [id: 0x837ec862, L:/127.0.0.1:63726 ! R:localhost/127.0.0.1:63717] with attribute NettyResponseFuture{currentRetry=5,
	isDone=1,
	isCancelled=0,
	asyncHandler=org.asynchttpclient.ws.WebSocketUpgradeHandler@5e413b21,
	nettyRequest=org.asynchttpclient.netty.request.NettyRequest@43e57978,
	future=java.util.concurrent.CompletableFuture@23761b91[Completed normally],
	uri=ws://localhost:63717/devtools/browser/df19569a-a8ed-4ebf-a29d-90374d9fde5a,
	keepAlive=true,
	redirectCount=0,
	timeoutsHolder=null,
	inAuth=0,
	touch=1680707661867}
22:14:36.502 [AsyncHttpClient-1-13] DEBUG org.asynchttpclient.netty.channel.ChannelManager - Closing Channel [id: 0x837ec862, L:/127.0.0.1:63726 ! R:localhost/127.0.0.1:63717] 
22:14:36.502 [Driver Command Executor] DEBUG org.asynchttpclient.netty.request.NettyRequestSender - Using pooled Channel '[id: 0xcc6808f0, L:/127.0.0.1:63715 - R:localhost/127.0.0.1:55535]' for 'DELETE' to 'http://localhost:55535/session/59f1883e7dd50690b9c1bd8d5dbe9e89'
22:14:36.502 [Driver Command Executor] DEBUG org.asynchttpclient.netty.request.NettyRequestSender - Using open Channel [id: 0xcc6808f0, L:/127.0.0.1:63715 - R:localhost/127.0.0.1:55535] for DELETE '/session/59f1883e7dd50690b9c1bd8d5dbe9e89'
22:14:36.538 [AsyncHttpClient-1-12] DEBUG org.asynchttpclient.netty.handler.HttpHandler - Unexpected I/O exception on channel [id: 0x94a0c3ed, L:/127.0.0.1:63725 - R:localhost/127.0.0.1:63717]
java.net.SocketException: Connection reset
	at java.base/sun.nio.ch.SocketChannelImpl.throwConnectionReset(SocketChannelImpl.java:345)
	at java.base/sun.nio.ch.SocketChannelImpl.read(SocketChannelImpl.java:376)
	at io.netty.buffer.PooledByteBuf.setBytes(PooledByteBuf.java:258)
	at io.netty.buffer.AbstractByteBuf.writeBytes(AbstractByteBuf.java:1132)
	at io.netty.channel.socket.nio.NioSocketChannel.doReadBytes(NioSocketChannel.java:350)
	at io.netty.channel.nio.AbstractNioByteChannel$NioByteUnsafe.read(AbstractNioByteChannel.java:151)
	at io.netty.channel.nio.NioEventLoop.processSelectedKey(NioEventLoop.java:722)
	at io.netty.channel.nio.NioEventLoop.processSelectedKeysOptimized(NioEventLoop.java:658)
	at io.netty.channel.nio.NioEventLoop.processSelectedKeys(NioEventLoop.java:584)
	at io.netty.channel.nio.NioEventLoop.run(NioEventLoop.java:496)
	at io.netty.util.concurrent.SingleThreadEventExecutor$4.run(SingleThreadEventExecutor.java:986)
	at io.netty.util.internal.ThreadExecutorMap$2.run(ThreadExecutorMap.java:74)
	at io.netty.util.concurrent.FastThreadLocalRunnable.run(FastThreadLocalRunnable.java:30)
	at java.base/java.lang.Thread.run(Thread.java:830)
22:14:36.538 [AsyncHttpClient-1-12] DEBUG org.asynchttpclient.netty.channel.ChannelManager - Closing Channel [id: 0x94a0c3ed, L:/127.0.0.1:63725 - R:localhost/127.0.0.1:63717] 
22:14:36.538 [AsyncHttpClient-1-12] DEBUG org.asynchttpclient.netty.handler.HttpHandler - Channel Closed: [id: 0x94a0c3ed, L:/127.0.0.1:63725 ! R:localhost/127.0.0.1:63717] with attribute DISCARD
22:14:36.566 [AsyncHttpClient-1-11] DEBUG org.asynchttpclient.netty.handler.HttpHandler - 

Request DefaultFullHttpRequest(decodeResult: success, version: HTTP/1.1, content: EmptyByteBufBE)
DELETE /session/59f1883e7dd50690b9c1bd8d5dbe9e89 HTTP/1.1
User-Agent: selenium/4.1.2 (java windows)
Content-Type: application/json; charset=utf-8
host: localhost:55535
accept: */*

Response DefaultHttpResponse(decodeResult: success, version: HTTP/1.1)
HTTP/1.1 200 OK
Content-Type: application/json; charset=utf-8
cache-control: no-cache
content-length: 14

22:14:36.566 [AsyncHttpClient-1-11] DEBUG org.asynchttpclient.netty.channel.ChannelManager - Adding key: http://localhost:55535 for channel [id: 0xcc6808f0, L:/127.0.0.1:63715 - R:localhost/127.0.0.1:55535]
22:14:36.701 [AsyncHttpClient-1-11] DEBUG org.asynchttpclient.netty.handler.HttpHandler - Channel Closed: [id: 0xcc6808f0, L:/127.0.0.1:63715 ! R:localhost/127.0.0.1:55535] with attribute DISCARD
22:14:36.737 [AsyncHttpClient-1-1] DEBUG org.asynchttpclient.netty.channel.DefaultChannelPool - Entry count for : http://localhost:55535 : 1
22:14:36.737 [AsyncHttpClient-1-1] DEBUG org.asynchttpclient.netty.channel.DefaultChannelPool - Entry count for : http://localhost:63717 : 1
22:14:36.737 [AsyncHttpClient-1-1] DEBUG org.asynchttpclient.netty.channel.DefaultChannelPool - Adding Candidate expired Channel [id: 0xcc6808f0, L:/127.0.0.1:63715 ! R:localhost/127.0.0.1:55535] isIdleTimeoutExpired=false isRemotelyClosed=true isTtlExpired=false
22:14:36.737 [AsyncHttpClient-1-1] DEBUG org.asynchttpclient.netty.channel.DefaultChannelPool - Closing Idle Channel [id: 0xcc6808f0, L:/127.0.0.1:63715 ! R:localhost/127.0.0.1:55535]
22:14:36.737 [AsyncHttpClient-1-1] DEBUG org.asynchttpclient.netty.channel.DefaultChannelPool - Adding Candidate expired Channel [id: 0x94a0c3ed, L:/127.0.0.1:63725 ! R:localhost/127.0.0.1:63717] isIdleTimeoutExpired=false isRemotelyClosed=true isTtlExpired=false
22:14:36.737 [AsyncHttpClient-1-1] DEBUG org.asynchttpclient.netty.channel.DefaultChannelPool - Closing Idle Channel [id: 0x94a0c3ed, L:/127.0.0.1:63725 ! R:localhost/127.0.0.1:63717]
22:14:36.737 [AsyncHttpClient-1-1] DEBUG org.asynchttpclient.netty.channel.DefaultChannelPool - Closed 2 connections out of 2 in 0 ms
]]></system-out>
    <system-err><![CDATA[Starting Microsoft Edge WebDriver 111.0.1661.62 (0a8f453929e6410c973aa529a40485ce4e3e03db) on port 55535
To submit feedback, report a bug, or suggest new features, please visit https://github.com/MicrosoftEdge/EdgeWebDriver

Only local connections are allowed.
Please see https://aka.ms/WebDriverSecurity for suggestions on keeping Microsoft Edge WebDriver safe.

Microsoft Edge WebDriver was started successfully.
Apr 05, 2023 10:14:21 PM org.openqa.selenium.remote.ProtocolHandshake createSession
INFO: Detected dialect: W3C
Apr 05, 2023 10:14:21 PM org.openqa.selenium.devtools.CdpVersionFinder findNearestMatch
WARNING: Unable to find an exact match for CDP version 111, so returning the closest version found: a no-op implementation
Apr 05, 2023 10:14:21 PM org.openqa.selenium.devtools.CdpVersionFinder findNearestMatch
INFO: Unable to find CDP implementation matching 111.
Apr 05, 2023 10:14:21 PM org.openqa.selenium.chromium.ChromiumDriver lambda$new$3
WARNING: Unable to find version of CDP to use for . You may need to include a dependency on a specific version of the CDP using something similar to `org.seleniumhq.selenium:selenium-devtools-v86:4.1.2` where the version ("v86") matches the version of the chromium-based browser you're using and the version number of the artifact is the same as Selenium's.
]]></system-err>
  </testcase>
  <testcase name="Fitur Menu Baby #21" classname="Baby" time="22.239">
    <system-out><![CDATA[
Scenario Outline: Fitur Menu Baby &amp#27;[90m# src/test/resources/features/Baby.feature:113&amp#27;[0m
22:14:37.299 [main] INFO io.cucumber.core.plugin.SerenityReporter - Running feature from file:///C:/Users/alwi/IdeaProjects/uniqloweb/src/test/resources/features/Baby.feature
22:14:37.414 [main] DEBUG io.github.bonigarcia.wdm.cache.ResolutionCache - Resolution edge=111 in cache (valid until 23:09:49 05/04/2023 WIB)
22:14:37.417 [main] DEBUG io.github.bonigarcia.wdm.cache.ResolutionCache - Resolution edge111=111.0.1661.62 in cache (valid until 15:17:30 06/04/2023 WIB)
22:14:37.418 [main] INFO io.github.bonigarcia.wdm.WebDriverManager - Using msedgedriver 111.0.1661.62 (resolved driver for Edge 111)
22:14:37.429 [main] DEBUG io.github.bonigarcia.wdm.WebDriverManager - Driver msedgedriver 111.0.1661.62 found in cache
22:14:37.430 [main] INFO io.github.bonigarcia.wdm.WebDriverManager - Exporting webdriver.edge.driver as C:\Users\alwi\.cache\selenium\msedgedriver\win64\111.0.1661.62\msedgedriver.exe
22:14:37.432 [main] DEBUG net.serenitybdd.core.webdriver.driverproviders.ProvideNewDriver - Instantiating driver
22:14:37.432 [main] DEBUG net.serenitybdd.core.webdriver.driverproviders.ProvideNewDriver - Driver capabilities: Capabilities {base.url: https://www.uniqlo.com, chrome.driver: src/test/resources/webdrive..., driver: edge, ms:edgeChromium: true, ms:edgeOptions: {}, wait.for.timeout: 6000}
22:14:37.974 [AsyncHttpClient-1-14] DEBUG org.asynchttpclient.netty.channel.NettyConnectListener - Using new Channel '[id: 0xf3f30eda, L:/127.0.0.1:63878 - R:localhost/127.0.0.1:50838]' for 'POST' to '/session'
22:14:38.588 [AsyncHttpClient-1-14] DEBUG org.asynchttpclient.netty.handler.HttpHandler - 

Request DefaultHttpRequest(decodeResult: success, version: HTTP/1.1)
POST /session HTTP/1.1
User-Agent: selenium/4.1.2 (java windows)
Content-Length: 627
Content-Type: application/json; charset=utf-8
host: localhost:50838
accept: */*

Response DefaultHttpResponse(decodeResult: success, version: HTTP/1.1)
HTTP/1.1 200 OK
Content-Type: application/json; charset=utf-8
cache-control: no-cache
content-length: 824

22:14:38.588 [AsyncHttpClient-1-14] DEBUG org.asynchttpclient.netty.channel.ChannelManager - Adding key: http://localhost:50838 for channel [id: 0xf3f30eda, L:/127.0.0.1:63878 - R:localhost/127.0.0.1:50838]
22:14:38.595 [AsyncHttpClient-1-15] DEBUG org.asynchttpclient.netty.channel.NettyConnectListener - Using new Channel '[id: 0xa51a3503, L:/127.0.0.1:63888 - R:localhost/127.0.0.1:63881]' for 'GET' to '/json/version'
22:14:38.596 [AsyncHttpClient-1-15] DEBUG org.asynchttpclient.netty.handler.HttpHandler - 

Request DefaultFullHttpRequest(decodeResult: success, version: HTTP/1.1, content: EmptyByteBufBE)
GET /json/version HTTP/1.1
User-Agent: selenium/4.1.2 (java windows)
host: localhost:63881
accept: */*

Response DefaultHttpResponse(decodeResult: success, version: HTTP/1.1)
HTTP/1.1 200 OK
Content-Security-Policy: frame-ancestors 'none'
Content-Type: application/json; charset=UTF-8
content-length: 436

22:14:38.596 [AsyncHttpClient-1-15] DEBUG org.asynchttpclient.netty.channel.ChannelManager - Adding key: http://localhost:63881 for channel [id: 0xa51a3503, L:/127.0.0.1:63888 - R:localhost/127.0.0.1:63881]
22:14:38.598 [AsyncHttpClient-1-16] DEBUG org.asynchttpclient.netty.channel.NettyConnectListener - Using new Channel '[id: 0x91003ea2, L:/127.0.0.1:63889 - R:localhost/127.0.0.1:63881]' for 'GET' to '/devtools/browser/8b5eade7-269f-43a8-b300-84985c17c28e'
22:14:38.598 [AsyncHttpClient-1-16] DEBUG org.asynchttpclient.netty.handler.WebSocketHandler - 

Request DefaultFullHttpRequest(decodeResult: success, version: HTTP/1.1, content: EmptyByteBufBE)
GET /devtools/browser/8b5eade7-269f-43a8-b300-84985c17c28e HTTP/1.1
upgrade: websocket
connection: upgrade
sec-websocket-key: Iu9nqaf8Y1VZutblvtWnqQ==
sec-websocket-version: 13
origin: http://localhost:63881
host: localhost:63881
accept: */*
user-agent: AHC/2.1

Response DefaultHttpResponse(decodeResult: success, version: HTTP/1.1)
HTTP/1.1 101 WebSocket Protocol Handshake
Upgrade: WebSocket
Connection: Upgrade
Sec-WebSocket-Accept: V+zx3E4Y0YDMNVxVqqIn/GtOlFc=

22:14:38.602 [Forwarding get on session 25e31208ebf2cb4062cff308aedc24ed to remote] DEBUG org.asynchttpclient.netty.request.NettyRequestSender - Using pooled Channel '[id: 0xf3f30eda, L:/127.0.0.1:63878 - R:localhost/127.0.0.1:50838]' for 'POST' to 'http://localhost:50838/session/25e31208ebf2cb4062cff308aedc24ed/url'
22:14:38.602 [Forwarding get on session 25e31208ebf2cb4062cff308aedc24ed to remote] DEBUG org.asynchttpclient.netty.request.NettyRequestSender - Using open Channel [id: 0xf3f30eda, L:/127.0.0.1:63878 - R:localhost/127.0.0.1:50838] for POST '/session/25e31208ebf2cb4062cff308aedc24ed/url'
22:14:38.938 [AsyncHttpClient-1-1] DEBUG org.asynchttpclient.netty.channel.DefaultChannelPool - Entry count for : http://localhost:63881 : 1
22:14:40.039 [AsyncHttpClient-1-1] DEBUG org.asynchttpclient.netty.channel.DefaultChannelPool - Entry count for : http://localhost:63881 : 1
22:14:41.137 [AsyncHttpClient-1-1] DEBUG org.asynchttpclient.netty.channel.DefaultChannelPool - Entry count for : http://localhost:63881 : 1
22:14:42.237 [AsyncHttpClient-1-1] DEBUG org.asynchttpclient.netty.channel.DefaultChannelPool - Entry count for : http://localhost:63881 : 1
22:14:43.338 [AsyncHttpClient-1-1] DEBUG org.asynchttpclient.netty.channel.DefaultChannelPool - Entry count for : http://localhost:63881 : 1
22:14:44.448 [AsyncHttpClient-1-1] DEBUG org.asynchttpclient.netty.channel.DefaultChannelPool - Entry count for : http://localhost:63881 : 1
22:14:45.541 [AsyncHttpClient-1-1] DEBUG org.asynchttpclient.netty.channel.DefaultChannelPool - Entry count for : http://localhost:63881 : 1
22:14:46.639 [AsyncHttpClient-1-1] DEBUG org.asynchttpclient.netty.channel.DefaultChannelPool - Entry count for : http://localhost:63881 : 1
22:14:47.745 [AsyncHttpClient-1-1] DEBUG org.asynchttpclient.netty.channel.DefaultChannelPool - Entry count for : http://localhost:63881 : 1
22:14:48.837 [AsyncHttpClient-1-1] DEBUG org.asynchttpclient.netty.channel.DefaultChannelPool - Entry count for : http://localhost:63881 : 1
22:14:49.944 [AsyncHttpClient-1-1] DEBUG org.asynchttpclient.netty.channel.DefaultChannelPool - Entry count for : http://localhost:63881 : 1
22:14:51.038 [AsyncHttpClient-1-1] DEBUG org.asynchttpclient.netty.channel.DefaultChannelPool - Entry count for : http://localhost:63881 : 1
22:14:52.137 [AsyncHttpClient-1-1] DEBUG org.asynchttpclient.netty.channel.DefaultChannelPool - Entry count for : http://localhost:63881 : 1
22:14:53.237 [AsyncHttpClient-1-1] DEBUG org.asynchttpclient.netty.channel.DefaultChannelPool - Entry count for : http://localhost:63881 : 1
22:14:54.339 [AsyncHttpClient-1-1] DEBUG org.asynchttpclient.netty.channel.DefaultChannelPool - Entry count for : http://localhost:63881 : 1
22:14:55.443 [AsyncHttpClient-1-1] DEBUG org.asynchttpclient.netty.channel.DefaultChannelPool - Entry count for : http://localhost:63881 : 1
22:14:56.539 [AsyncHttpClient-1-1] DEBUG org.asynchttpclient.netty.channel.DefaultChannelPool - Entry count for : http://localhost:63881 : 1
22:14:57.371 [AsyncHttpClient-1-14] DEBUG org.asynchttpclient.netty.handler.HttpHandler - 

Request DefaultHttpRequest(decodeResult: success, version: HTTP/1.1)
POST /session/25e31208ebf2cb4062cff308aedc24ed/url HTTP/1.1
User-Agent: selenium/4.1.2 (java windows)
Content-Length: 53
Content-Type: application/json; charset=utf-8
host: localhost:50838
accept: */*

Response DefaultHttpResponse(decodeResult: success, version: HTTP/1.1)
HTTP/1.1 200 OK
Content-Type: application/json; charset=utf-8
cache-control: no-cache
content-length: 14

22:14:57.371 [AsyncHttpClient-1-14] DEBUG org.asynchttpclient.netty.channel.ChannelManager - Adding key: http://localhost:50838 for channel [id: 0xf3f30eda, L:/127.0.0.1:63878 - R:localhost/127.0.0.1:50838]
22:14:57.372 [Forwarding setTimeout on session 25e31208ebf2cb4062cff308aedc24ed to remote] DEBUG org.asynchttpclient.netty.request.NettyRequestSender - Using pooled Channel '[id: 0xf3f30eda, L:/127.0.0.1:63878 - R:localhost/127.0.0.1:50838]' for 'POST' to 'http://localhost:50838/session/25e31208ebf2cb4062cff308aedc24ed/timeouts'
22:14:57.372 [Forwarding setTimeout on session 25e31208ebf2cb4062cff308aedc24ed to remote] DEBUG org.asynchttpclient.netty.request.NettyRequestSender - Using open Channel [id: 0xf3f30eda, L:/127.0.0.1:63878 - R:localhost/127.0.0.1:50838] for POST '/session/25e31208ebf2cb4062cff308aedc24ed/timeouts'
22:14:57.373 [AsyncHttpClient-1-14] DEBUG org.asynchttpclient.netty.handler.HttpHandler - 

Request DefaultHttpRequest(decodeResult: success, version: HTTP/1.1)
POST /session/25e31208ebf2cb4062cff308aedc24ed/timeouts HTTP/1.1
User-Agent: selenium/4.1.2 (java windows)
Content-Length: 22
Content-Type: application/json; charset=utf-8
host: localhost:50838
accept: */*

Response DefaultHttpResponse(decodeResult: success, version: HTTP/1.1)
HTTP/1.1 200 OK
Content-Type: application/json; charset=utf-8
cache-control: no-cache
content-length: 14

22:14:57.373 [AsyncHttpClient-1-14] DEBUG org.asynchttpclient.netty.channel.ChannelManager - Adding key: http://localhost:50838 for channel [id: 0xf3f30eda, L:/127.0.0.1:63878 - R:localhost/127.0.0.1:50838]
22:14:57.377 [Forwarding getCurrentUrl on session 25e31208ebf2cb4062cff308aedc24ed to remote] DEBUG org.asynchttpclient.netty.request.NettyRequestSender - Using pooled Channel '[id: 0xf3f30eda, L:/127.0.0.1:63878 - R:localhost/127.0.0.1:50838]' for 'GET' to 'http://localhost:50838/session/25e31208ebf2cb4062cff308aedc24ed/url'
22:14:57.377 [Forwarding getCurrentUrl on session 25e31208ebf2cb4062cff308aedc24ed to remote] DEBUG org.asynchttpclient.netty.request.NettyRequestSender - Using open Channel [id: 0xf3f30eda, L:/127.0.0.1:63878 - R:localhost/127.0.0.1:50838] for GET '/session/25e31208ebf2cb4062cff308aedc24ed/url'
22:14:57.382 [AsyncHttpClient-1-14] DEBUG org.asynchttpclient.netty.handler.HttpHandler - 

Request DefaultFullHttpRequest(decodeResult: success, version: HTTP/1.1, content: EmptyByteBufBE)
GET /session/25e31208ebf2cb4062cff308aedc24ed/url HTTP/1.1
User-Agent: selenium/4.1.2 (java windows)
Cache-Control: no-cache
Content-Type: application/json; charset=utf-8
host: localhost:50838
accept: */*

Response DefaultHttpResponse(decodeResult: success, version: HTTP/1.1)
HTTP/1.1 200 OK
Content-Type: application/json; charset=utf-8
cache-control: no-cache
content-length: 41

22:14:57.382 [AsyncHttpClient-1-14] DEBUG org.asynchttpclient.netty.channel.ChannelManager - Adding key: http://localhost:50838 for channel [id: 0xf3f30eda, L:/127.0.0.1:63878 - R:localhost/127.0.0.1:50838]
  &amp#27;[32mGiven &amp#27;[0m&amp#27;[32mI am on the home page&amp#27;[0m     &amp#27;[90m# starter.stepdefinitions.BabyStep.iAmOnTheHomePage()&amp#27;[0m
22:14:57.386 [Forwarding screenshot on session 25e31208ebf2cb4062cff308aedc24ed to remote] DEBUG org.asynchttpclient.netty.request.NettyRequestSender - Using pooled Channel '[id: 0xf3f30eda, L:/127.0.0.1:63878 - R:localhost/127.0.0.1:50838]' for 'GET' to 'http://localhost:50838/session/25e31208ebf2cb4062cff308aedc24ed/screenshot'
22:14:57.386 [Forwarding screenshot on session 25e31208ebf2cb4062cff308aedc24ed to remote] DEBUG org.asynchttpclient.netty.request.NettyRequestSender - Using open Channel [id: 0xf3f30eda, L:/127.0.0.1:63878 - R:localhost/127.0.0.1:50838] for GET '/session/25e31208ebf2cb4062cff308aedc24ed/screenshot'
22:14:57.642 [AsyncHttpClient-1-1] DEBUG org.asynchttpclient.netty.channel.DefaultChannelPool - Entry count for : http://localhost:63881 : 1
22:14:57.725 [AsyncHttpClient-1-14] DEBUG org.asynchttpclient.netty.handler.HttpHandler - 

Request DefaultFullHttpRequest(decodeResult: success, version: HTTP/1.1, content: EmptyByteBufBE)
GET /session/25e31208ebf2cb4062cff308aedc24ed/screenshot HTTP/1.1
User-Agent: selenium/4.1.2 (java windows)
Cache-Control: no-cache
Content-Type: application/json; charset=utf-8
host: localhost:50838
accept: */*

Response DefaultHttpResponse(decodeResult: success, version: HTTP/1.1)
HTTP/1.1 200 OK
Content-Type: application/json; charset=utf-8
cache-control: no-cache
content-length: 1119968

22:14:57.727 [AsyncHttpClient-1-14] DEBUG org.asynchttpclient.netty.channel.ChannelManager - Adding key: http://localhost:50838 for channel [id: 0xf3f30eda, L:/127.0.0.1:63878 - R:localhost/127.0.0.1:50838]
22:14:57.773 [main] DEBUG net.serenitybdd.core.photography.Darkroom - Send negative for processing for target\site\serenity\3d1b19ad31921c0beae4332facd941fcc81467ad5802877977ec6c100df601ce.png
22:14:57.784 [Forwarding findElement on session 25e31208ebf2cb4062cff308aedc24ed to remote] DEBUG org.asynchttpclient.netty.request.NettyRequestSender - Using pooled Channel '[id: 0xf3f30eda, L:/127.0.0.1:63878 - R:localhost/127.0.0.1:50838]' for 'POST' to 'http://localhost:50838/session/25e31208ebf2cb4062cff308aedc24ed/element'
22:14:57.784 [Forwarding findElement on session 25e31208ebf2cb4062cff308aedc24ed to remote] DEBUG org.asynchttpclient.netty.request.NettyRequestSender - Using open Channel [id: 0xf3f30eda, L:/127.0.0.1:63878 - R:localhost/127.0.0.1:50838] for POST '/session/25e31208ebf2cb4062cff308aedc24ed/element'
22:14:57.795 [AsyncHttpClient-1-14] DEBUG org.asynchttpclient.netty.handler.HttpHandler - 

Request DefaultHttpRequest(decodeResult: success, version: HTTP/1.1)
POST /session/25e31208ebf2cb4062cff308aedc24ed/element HTTP/1.1
User-Agent: selenium/4.1.2 (java windows)
Content-Length: 81
Content-Type: application/json; charset=utf-8
host: localhost:50838
accept: */*

Response DefaultHttpResponse(decodeResult: success, version: HTTP/1.1)
HTTP/1.1 200 OK
Content-Type: application/json; charset=utf-8
cache-control: no-cache
content-length: 88

22:14:57.795 [AsyncHttpClient-1-14] DEBUG org.asynchttpclient.netty.channel.ChannelManager - Adding key: http://localhost:50838 for channel [id: 0xf3f30eda, L:/127.0.0.1:63878 - R:localhost/127.0.0.1:50838]
22:14:57.797 [Forwarding getElementTagName on session 25e31208ebf2cb4062cff308aedc24ed to remote] DEBUG org.asynchttpclient.netty.request.NettyRequestSender - Using pooled Channel '[id: 0xf3f30eda, L:/127.0.0.1:63878 - R:localhost/127.0.0.1:50838]' for 'GET' to 'http://localhost:50838/session/25e31208ebf2cb4062cff308aedc24ed/element/c2a6ecb1-b88b-454b-a030-4f28a0e998ac/name'
22:14:57.797 [Forwarding getElementTagName on session 25e31208ebf2cb4062cff308aedc24ed to remote] DEBUG org.asynchttpclient.netty.request.NettyRequestSender - Using open Channel [id: 0xf3f30eda, L:/127.0.0.1:63878 - R:localhost/127.0.0.1:50838] for GET '/session/25e31208ebf2cb4062cff308aedc24ed/element/c2a6ecb1-b88b-454b-a030-4f28a0e998ac/name'
22:14:57.800 [AsyncHttpClient-1-14] DEBUG org.asynchttpclient.netty.handler.HttpHandler - 

Request DefaultFullHttpRequest(decodeResult: success, version: HTTP/1.1, content: EmptyByteBufBE)
GET /session/25e31208ebf2cb4062cff308aedc24ed/element/c2a6ecb1-b88b-454b-a030-4f28a0e998ac/name HTTP/1.1
User-Agent: selenium/4.1.2 (java windows)
Cache-Control: no-cache
Content-Type: application/json; charset=utf-8
host: localhost:50838
accept: */*

Response DefaultHttpResponse(decodeResult: success, version: HTTP/1.1)
HTTP/1.1 200 OK
Content-Type: application/json; charset=utf-8
cache-control: no-cache
content-length: 16

22:14:57.800 [AsyncHttpClient-1-14] DEBUG org.asynchttpclient.netty.channel.ChannelManager - Adding key: http://localhost:50838 for channel [id: 0xf3f30eda, L:/127.0.0.1:63878 - R:localhost/127.0.0.1:50838]
22:14:57.802 [Forwarding getElementTagName on session 25e31208ebf2cb4062cff308aedc24ed to remote] DEBUG org.asynchttpclient.netty.request.NettyRequestSender - Using pooled Channel '[id: 0xf3f30eda, L:/127.0.0.1:63878 - R:localhost/127.0.0.1:50838]' for 'GET' to 'http://localhost:50838/session/25e31208ebf2cb4062cff308aedc24ed/element/c2a6ecb1-b88b-454b-a030-4f28a0e998ac/name'
22:14:57.802 [Forwarding getElementTagName on session 25e31208ebf2cb4062cff308aedc24ed to remote] DEBUG org.asynchttpclient.netty.request.NettyRequestSender - Using open Channel [id: 0xf3f30eda, L:/127.0.0.1:63878 - R:localhost/127.0.0.1:50838] for GET '/session/25e31208ebf2cb4062cff308aedc24ed/element/c2a6ecb1-b88b-454b-a030-4f28a0e998ac/name'
22:14:57.804 [AsyncHttpClient-1-14] DEBUG org.asynchttpclient.netty.handler.HttpHandler - 

Request DefaultFullHttpRequest(decodeResult: success, version: HTTP/1.1, content: EmptyByteBufBE)
GET /session/25e31208ebf2cb4062cff308aedc24ed/element/c2a6ecb1-b88b-454b-a030-4f28a0e998ac/name HTTP/1.1
User-Agent: selenium/4.1.2 (java windows)
Cache-Control: no-cache
Content-Type: application/json; charset=utf-8
host: localhost:50838
accept: */*

Response DefaultHttpResponse(decodeResult: success, version: HTTP/1.1)
HTTP/1.1 200 OK
Content-Type: application/json; charset=utf-8
cache-control: no-cache
content-length: 16

22:14:57.804 [AsyncHttpClient-1-14] DEBUG org.asynchttpclient.netty.channel.ChannelManager - Adding key: http://localhost:50838 for channel [id: 0xf3f30eda, L:/127.0.0.1:63878 - R:localhost/127.0.0.1:50838]
22:14:57.806 [Forwarding findElement on session 25e31208ebf2cb4062cff308aedc24ed to remote] DEBUG org.asynchttpclient.netty.request.NettyRequestSender - Using pooled Channel '[id: 0xf3f30eda, L:/127.0.0.1:63878 - R:localhost/127.0.0.1:50838]' for 'POST' to 'http://localhost:50838/session/25e31208ebf2cb4062cff308aedc24ed/element'
22:14:57.806 [Forwarding findElement on session 25e31208ebf2cb4062cff308aedc24ed to remote] DEBUG org.asynchttpclient.netty.request.NettyRequestSender - Using open Channel [id: 0xf3f30eda, L:/127.0.0.1:63878 - R:localhost/127.0.0.1:50838] for POST '/session/25e31208ebf2cb4062cff308aedc24ed/element'
22:14:57.813 [AsyncHttpClient-1-14] DEBUG org.asynchttpclient.netty.handler.HttpHandler - 

Request DefaultHttpRequest(decodeResult: success, version: HTTP/1.1)
POST /session/25e31208ebf2cb4062cff308aedc24ed/element HTTP/1.1
User-Agent: selenium/4.1.2 (java windows)
Content-Length: 81
Content-Type: application/json; charset=utf-8
host: localhost:50838
accept: */*

Response DefaultHttpResponse(decodeResult: success, version: HTTP/1.1)
HTTP/1.1 200 OK
Content-Type: application/json; charset=utf-8
cache-control: no-cache
content-length: 88

22:14:57.813 [AsyncHttpClient-1-14] DEBUG org.asynchttpclient.netty.channel.ChannelManager - Adding key: http://localhost:50838 for channel [id: 0xf3f30eda, L:/127.0.0.1:63878 - R:localhost/127.0.0.1:50838]
22:14:57.814 [Forwarding clickElement on session 25e31208ebf2cb4062cff308aedc24ed to remote] DEBUG org.asynchttpclient.netty.request.NettyRequestSender - Using pooled Channel '[id: 0xf3f30eda, L:/127.0.0.1:63878 - R:localhost/127.0.0.1:50838]' for 'POST' to 'http://localhost:50838/session/25e31208ebf2cb4062cff308aedc24ed/element/c2a6ecb1-b88b-454b-a030-4f28a0e998ac/click'
22:14:57.814 [Forwarding clickElement on session 25e31208ebf2cb4062cff308aedc24ed to remote] DEBUG org.asynchttpclient.netty.request.NettyRequestSender - Using open Channel [id: 0xf3f30eda, L:/127.0.0.1:63878 - R:localhost/127.0.0.1:50838] for POST '/session/25e31208ebf2cb4062cff308aedc24ed/element/c2a6ecb1-b88b-454b-a030-4f28a0e998ac/click'
22:14:58.262 [AsyncHttpClient-1-14] DEBUG org.asynchttpclient.netty.handler.HttpHandler - 

Request DefaultHttpRequest(decodeResult: success, version: HTTP/1.1)
POST /session/25e31208ebf2cb4062cff308aedc24ed/element/c2a6ecb1-b88b-454b-a030-4f28a0e998ac/click HTTP/1.1
User-Agent: selenium/4.1.2 (java windows)
Content-Length: 50
Content-Type: application/json; charset=utf-8
host: localhost:50838
accept: */*

Response DefaultHttpResponse(decodeResult: success, version: HTTP/1.1)
HTTP/1.1 200 OK
Content-Type: application/json; charset=utf-8
cache-control: no-cache
content-length: 14

22:14:58.263 [AsyncHttpClient-1-14] DEBUG org.asynchttpclient.netty.channel.ChannelManager - Adding key: http://localhost:50838 for channel [id: 0xf3f30eda, L:/127.0.0.1:63878 - R:localhost/127.0.0.1:50838]
  &amp#27;[32mThen &amp#27;[0m&amp#27;[32mI click baby on the header&amp#27;[0m &amp#27;[90m# starter.stepdefinitions.BabyStep.iClickBabyOnTheHeader()&amp#27;[0m
22:14:58.272 [Forwarding screenshot on session 25e31208ebf2cb4062cff308aedc24ed to remote] DEBUG org.asynchttpclient.netty.request.NettyRequestSender - Using pooled Channel '[id: 0xf3f30eda, L:/127.0.0.1:63878 - R:localhost/127.0.0.1:50838]' for 'GET' to 'http://localhost:50838/session/25e31208ebf2cb4062cff308aedc24ed/screenshot'
22:14:58.272 [Forwarding screenshot on session 25e31208ebf2cb4062cff308aedc24ed to remote] DEBUG org.asynchttpclient.netty.request.NettyRequestSender - Using open Channel [id: 0xf3f30eda, L:/127.0.0.1:63878 - R:localhost/127.0.0.1:50838] for GET '/session/25e31208ebf2cb4062cff308aedc24ed/screenshot'
22:14:58.377 [AsyncHttpClient-1-14] DEBUG org.asynchttpclient.netty.handler.HttpHandler - 

Request DefaultFullHttpRequest(decodeResult: success, version: HTTP/1.1, content: EmptyByteBufBE)
GET /session/25e31208ebf2cb4062cff308aedc24ed/screenshot HTTP/1.1
User-Agent: selenium/4.1.2 (java windows)
Cache-Control: no-cache
Content-Type: application/json; charset=utf-8
host: localhost:50838
accept: */*

Response DefaultHttpResponse(decodeResult: success, version: HTTP/1.1)
HTTP/1.1 200 OK
Content-Type: application/json; charset=utf-8
cache-control: no-cache
content-length: 61816

22:14:58.378 [AsyncHttpClient-1-14] DEBUG org.asynchttpclient.netty.channel.ChannelManager - Adding key: http://localhost:50838 for channel [id: 0xf3f30eda, L:/127.0.0.1:63878 - R:localhost/127.0.0.1:50838]
22:14:58.380 [main] DEBUG net.serenitybdd.core.photography.Darkroom - Send negative for processing for target\site\serenity\5b31d5e614668d2bcda9561786ada5ef763160918f6c9d1435da003ab94fed82.png
22:14:58.380 [Darkroom Processing Line] DEBUG net.serenitybdd.core.photography.DarkroomProcessingLine - Processing screenshot image in /var/screenshots/screenshot-13480692212966589540
22:14:58.380 [Darkroom Processing Line] DEBUG net.serenitybdd.core.photography.DarkroomProcessingLine - Saving screenshot to target\site\serenity\5b31d5e614668d2bcda9561786ada5ef763160918f6c9d1435da003ab94fed82.png
22:14:58.386 [Forwarding findElement on session 25e31208ebf2cb4062cff308aedc24ed to remote] DEBUG org.asynchttpclient.netty.request.NettyRequestSender - Using pooled Channel '[id: 0xf3f30eda, L:/127.0.0.1:63878 - R:localhost/127.0.0.1:50838]' for 'POST' to 'http://localhost:50838/session/25e31208ebf2cb4062cff308aedc24ed/element'
22:14:58.386 [Forwarding findElement on session 25e31208ebf2cb4062cff308aedc24ed to remote] DEBUG org.asynchttpclient.netty.request.NettyRequestSender - Using open Channel [id: 0xf3f30eda, L:/127.0.0.1:63878 - R:localhost/127.0.0.1:50838] for POST '/session/25e31208ebf2cb4062cff308aedc24ed/element'
22:14:58.398 [AsyncHttpClient-1-14] DEBUG org.asynchttpclient.netty.handler.HttpHandler - 

Request DefaultHttpRequest(decodeResult: success, version: HTTP/1.1)
POST /session/25e31208ebf2cb4062cff308aedc24ed/element HTTP/1.1
User-Agent: selenium/4.1.2 (java windows)
Content-Length: 117
Content-Type: application/json; charset=utf-8
host: localhost:50838
accept: */*

Response DefaultHttpResponse(decodeResult: success, version: HTTP/1.1)
HTTP/1.1 200 OK
Content-Type: application/json; charset=utf-8
cache-control: no-cache
content-length: 88

22:14:58.398 [AsyncHttpClient-1-14] DEBUG org.asynchttpclient.netty.channel.ChannelManager - Adding key: http://localhost:50838 for channel [id: 0xf3f30eda, L:/127.0.0.1:63878 - R:localhost/127.0.0.1:50838]
22:14:58.399 [Forwarding getElementTagName on session 25e31208ebf2cb4062cff308aedc24ed to remote] DEBUG org.asynchttpclient.netty.request.NettyRequestSender - Using pooled Channel '[id: 0xf3f30eda, L:/127.0.0.1:63878 - R:localhost/127.0.0.1:50838]' for 'GET' to 'http://localhost:50838/session/25e31208ebf2cb4062cff308aedc24ed/element/73093e46-b110-42d1-8fc3-665e2f706d31/name'
22:14:58.400 [Forwarding getElementTagName on session 25e31208ebf2cb4062cff308aedc24ed to remote] DEBUG org.asynchttpclient.netty.request.NettyRequestSender - Using open Channel [id: 0xf3f30eda, L:/127.0.0.1:63878 - R:localhost/127.0.0.1:50838] for GET '/session/25e31208ebf2cb4062cff308aedc24ed/element/73093e46-b110-42d1-8fc3-665e2f706d31/name'
22:14:58.403 [AsyncHttpClient-1-14] DEBUG org.asynchttpclient.netty.handler.HttpHandler - 

Request DefaultFullHttpRequest(decodeResult: success, version: HTTP/1.1, content: EmptyByteBufBE)
GET /session/25e31208ebf2cb4062cff308aedc24ed/element/73093e46-b110-42d1-8fc3-665e2f706d31/name HTTP/1.1
User-Agent: selenium/4.1.2 (java windows)
Cache-Control: no-cache
Content-Type: application/json; charset=utf-8
host: localhost:50838
accept: */*

Response DefaultHttpResponse(decodeResult: success, version: HTTP/1.1)
HTTP/1.1 200 OK
Content-Type: application/json; charset=utf-8
cache-control: no-cache
content-length: 16

22:14:58.403 [AsyncHttpClient-1-14] DEBUG org.asynchttpclient.netty.channel.ChannelManager - Adding key: http://localhost:50838 for channel [id: 0xf3f30eda, L:/127.0.0.1:63878 - R:localhost/127.0.0.1:50838]
22:14:58.405 [Forwarding getElementTagName on session 25e31208ebf2cb4062cff308aedc24ed to remote] DEBUG org.asynchttpclient.netty.request.NettyRequestSender - Using pooled Channel '[id: 0xf3f30eda, L:/127.0.0.1:63878 - R:localhost/127.0.0.1:50838]' for 'GET' to 'http://localhost:50838/session/25e31208ebf2cb4062cff308aedc24ed/element/73093e46-b110-42d1-8fc3-665e2f706d31/name'
22:14:58.405 [Forwarding getElementTagName on session 25e31208ebf2cb4062cff308aedc24ed to remote] DEBUG org.asynchttpclient.netty.request.NettyRequestSender - Using open Channel [id: 0xf3f30eda, L:/127.0.0.1:63878 - R:localhost/127.0.0.1:50838] for GET '/session/25e31208ebf2cb4062cff308aedc24ed/element/73093e46-b110-42d1-8fc3-665e2f706d31/name'
22:14:58.407 [AsyncHttpClient-1-14] DEBUG org.asynchttpclient.netty.handler.HttpHandler - 

Request DefaultFullHttpRequest(decodeResult: success, version: HTTP/1.1, content: EmptyByteBufBE)
GET /session/25e31208ebf2cb4062cff308aedc24ed/element/73093e46-b110-42d1-8fc3-665e2f706d31/name HTTP/1.1
User-Agent: selenium/4.1.2 (java windows)
Cache-Control: no-cache
Content-Type: application/json; charset=utf-8
host: localhost:50838
accept: */*

Response DefaultHttpResponse(decodeResult: success, version: HTTP/1.1)
HTTP/1.1 200 OK
Content-Type: application/json; charset=utf-8
cache-control: no-cache
content-length: 16

22:14:58.408 [AsyncHttpClient-1-14] DEBUG org.asynchttpclient.netty.channel.ChannelManager - Adding key: http://localhost:50838 for channel [id: 0xf3f30eda, L:/127.0.0.1:63878 - R:localhost/127.0.0.1:50838]
22:14:58.409 [Forwarding findElement on session 25e31208ebf2cb4062cff308aedc24ed to remote] DEBUG org.asynchttpclient.netty.request.NettyRequestSender - Using pooled Channel '[id: 0xf3f30eda, L:/127.0.0.1:63878 - R:localhost/127.0.0.1:50838]' for 'POST' to 'http://localhost:50838/session/25e31208ebf2cb4062cff308aedc24ed/element'
22:14:58.409 [Forwarding findElement on session 25e31208ebf2cb4062cff308aedc24ed to remote] DEBUG org.asynchttpclient.netty.request.NettyRequestSender - Using open Channel [id: 0xf3f30eda, L:/127.0.0.1:63878 - R:localhost/127.0.0.1:50838] for POST '/session/25e31208ebf2cb4062cff308aedc24ed/element'
22:14:58.417 [AsyncHttpClient-1-14] DEBUG org.asynchttpclient.netty.handler.HttpHandler - 

Request DefaultHttpRequest(decodeResult: success, version: HTTP/1.1)
POST /session/25e31208ebf2cb4062cff308aedc24ed/element HTTP/1.1
User-Agent: selenium/4.1.2 (java windows)
Content-Length: 117
Content-Type: application/json; charset=utf-8
host: localhost:50838
accept: */*

Response DefaultHttpResponse(decodeResult: success, version: HTTP/1.1)
HTTP/1.1 200 OK
Content-Type: application/json; charset=utf-8
cache-control: no-cache
content-length: 88

22:14:58.417 [AsyncHttpClient-1-14] DEBUG org.asynchttpclient.netty.channel.ChannelManager - Adding key: http://localhost:50838 for channel [id: 0xf3f30eda, L:/127.0.0.1:63878 - R:localhost/127.0.0.1:50838]
22:14:58.418 [Forwarding clickElement on session 25e31208ebf2cb4062cff308aedc24ed to remote] DEBUG org.asynchttpclient.netty.request.NettyRequestSender - Using pooled Channel '[id: 0xf3f30eda, L:/127.0.0.1:63878 - R:localhost/127.0.0.1:50838]' for 'POST' to 'http://localhost:50838/session/25e31208ebf2cb4062cff308aedc24ed/element/73093e46-b110-42d1-8fc3-665e2f706d31/click'
22:14:58.418 [Forwarding clickElement on session 25e31208ebf2cb4062cff308aedc24ed to remote] DEBUG org.asynchttpclient.netty.request.NettyRequestSender - Using open Channel [id: 0xf3f30eda, L:/127.0.0.1:63878 - R:localhost/127.0.0.1:50838] for POST '/session/25e31208ebf2cb4062cff308aedc24ed/element/73093e46-b110-42d1-8fc3-665e2f706d31/click'
22:14:58.571 [AsyncHttpClient-1-14] DEBUG org.asynchttpclient.netty.handler.HttpHandler - 

Request DefaultHttpRequest(decodeResult: success, version: HTTP/1.1)
POST /session/25e31208ebf2cb4062cff308aedc24ed/element/73093e46-b110-42d1-8fc3-665e2f706d31/click HTTP/1.1
User-Agent: selenium/4.1.2 (java windows)
Content-Length: 50
Content-Type: application/json; charset=utf-8
host: localhost:50838
accept: */*

Response DefaultHttpResponse(decodeResult: success, version: HTTP/1.1)
HTTP/1.1 200 OK
Content-Type: application/json; charset=utf-8
cache-control: no-cache
content-length: 14

22:14:58.572 [AsyncHttpClient-1-14] DEBUG org.asynchttpclient.netty.channel.ChannelManager - Adding key: http://localhost:50838 for channel [id: 0xf3f30eda, L:/127.0.0.1:63878 - R:localhost/127.0.0.1:50838]
  &amp#27;[32mWhen &amp#27;[0m&amp#27;[32mI will go to &amp#27;[0m&amp#27;[32m&amp#27;[1m"UT2"&amp#27;[0m         &amp#27;[90m# starter.stepdefinitions.BabyStep.iWillGoTo(java.lang.String)&amp#27;[0m
22:14:58.581 [Forwarding screenshot on session 25e31208ebf2cb4062cff308aedc24ed to remote] DEBUG org.asynchttpclient.netty.request.NettyRequestSender - Using pooled Channel '[id: 0xf3f30eda, L:/127.0.0.1:63878 - R:localhost/127.0.0.1:50838]' for 'GET' to 'http://localhost:50838/session/25e31208ebf2cb4062cff308aedc24ed/screenshot'
22:14:58.581 [Forwarding screenshot on session 25e31208ebf2cb4062cff308aedc24ed to remote] DEBUG org.asynchttpclient.netty.request.NettyRequestSender - Using open Channel [id: 0xf3f30eda, L:/127.0.0.1:63878 - R:localhost/127.0.0.1:50838] for GET '/session/25e31208ebf2cb4062cff308aedc24ed/screenshot'
22:14:58.738 [AsyncHttpClient-1-1] DEBUG org.asynchttpclient.netty.channel.DefaultChannelPool - Entry count for : http://localhost:63881 : 1
22:14:58.749 [AsyncHttpClient-1-14] DEBUG org.asynchttpclient.netty.handler.HttpHandler - 

Request DefaultFullHttpRequest(decodeResult: success, version: HTTP/1.1, content: EmptyByteBufBE)
GET /session/25e31208ebf2cb4062cff308aedc24ed/screenshot HTTP/1.1
User-Agent: selenium/4.1.2 (java windows)
Cache-Control: no-cache
Content-Type: application/json; charset=utf-8
host: localhost:50838
accept: */*

Response DefaultHttpResponse(decodeResult: success, version: HTTP/1.1)
HTTP/1.1 200 OK
Content-Type: application/json; charset=utf-8
cache-control: no-cache
content-length: 89172

22:14:58.750 [AsyncHttpClient-1-14] DEBUG org.asynchttpclient.netty.channel.ChannelManager - Adding key: http://localhost:50838 for channel [id: 0xf3f30eda, L:/127.0.0.1:63878 - R:localhost/127.0.0.1:50838]
22:14:58.753 [main] DEBUG net.serenitybdd.core.photography.Darkroom - Send negative for processing for target\site\serenity\cd56937078a6943226057722bd455a8c84317423b948dc2ec78a7cd172ae0cf9.png
22:14:58.753 [Darkroom Processing Line] DEBUG net.serenitybdd.core.photography.DarkroomProcessingLine - Processing screenshot image in /var/screenshots/screenshot-3047750302777089561
22:14:58.753 [Darkroom Processing Line] DEBUG net.serenitybdd.core.photography.DarkroomProcessingLine - Saving screenshot to target\site\serenity\cd56937078a6943226057722bd455a8c84317423b948dc2ec78a7cd172ae0cf9.png
  &amp#27;[32mAnd &amp#27;[0m&amp#27;[32mI &amp#27;[0m&amp#27;[32m&amp#27;[1m""&amp#27;[0m&amp#27;[32m page&amp#27;[0m                   &amp#27;[90m# starter.stepdefinitions.BabyStep.iPage(java.lang.String)&amp#27;[0m
22:14:58.766 [AsyncHttpClient-1-16] DEBUG org.asynchttpclient.netty.handler.WebSocketHandler - Channel Closed: [id: 0x91003ea2, L:/127.0.0.1:63889 ! R:localhost/127.0.0.1:63881] with attribute NettyResponseFuture{currentRetry=5,
	isDone=1,
	isCancelled=0,
	asyncHandler=org.asynchttpclient.ws.WebSocketUpgradeHandler@989c210,
	nettyRequest=org.asynchttpclient.netty.request.NettyRequest@5fabb176,
	future=java.util.concurrent.CompletableFuture@238c1ecf[Completed normally],
	uri=ws://localhost:63881/devtools/browser/8b5eade7-269f-43a8-b300-84985c17c28e,
	keepAlive=true,
	redirectCount=0,
	timeoutsHolder=null,
	inAuth=0,
	touch=1680707678598}
22:14:58.766 [AsyncHttpClient-1-16] DEBUG org.asynchttpclient.netty.channel.ChannelManager - Closing Channel [id: 0x91003ea2, L:/127.0.0.1:63889 ! R:localhost/127.0.0.1:63881] 
22:14:58.766 [Driver Command Executor] DEBUG org.asynchttpclient.netty.request.NettyRequestSender - Using pooled Channel '[id: 0xf3f30eda, L:/127.0.0.1:63878 - R:localhost/127.0.0.1:50838]' for 'DELETE' to 'http://localhost:50838/session/25e31208ebf2cb4062cff308aedc24ed'
22:14:58.766 [Driver Command Executor] DEBUG org.asynchttpclient.netty.request.NettyRequestSender - Using open Channel [id: 0xf3f30eda, L:/127.0.0.1:63878 - R:localhost/127.0.0.1:50838] for DELETE '/session/25e31208ebf2cb4062cff308aedc24ed'
22:14:58.801 [AsyncHttpClient-1-15] DEBUG org.asynchttpclient.netty.handler.HttpHandler - Unexpected I/O exception on channel [id: 0xa51a3503, L:/127.0.0.1:63888 - R:localhost/127.0.0.1:63881]
java.net.SocketException: Connection reset
	at java.base/sun.nio.ch.SocketChannelImpl.throwConnectionReset(SocketChannelImpl.java:345)
	at java.base/sun.nio.ch.SocketChannelImpl.read(SocketChannelImpl.java:376)
	at io.netty.buffer.PooledByteBuf.setBytes(PooledByteBuf.java:258)
	at io.netty.buffer.AbstractByteBuf.writeBytes(AbstractByteBuf.java:1132)
	at io.netty.channel.socket.nio.NioSocketChannel.doReadBytes(NioSocketChannel.java:350)
	at io.netty.channel.nio.AbstractNioByteChannel$NioByteUnsafe.read(AbstractNioByteChannel.java:151)
	at io.netty.channel.nio.NioEventLoop.processSelectedKey(NioEventLoop.java:722)
	at io.netty.channel.nio.NioEventLoop.processSelectedKeysOptimized(NioEventLoop.java:658)
	at io.netty.channel.nio.NioEventLoop.processSelectedKeys(NioEventLoop.java:584)
	at io.netty.channel.nio.NioEventLoop.run(NioEventLoop.java:496)
	at io.netty.util.concurrent.SingleThreadEventExecutor$4.run(SingleThreadEventExecutor.java:986)
	at io.netty.util.internal.ThreadExecutorMap$2.run(ThreadExecutorMap.java:74)
	at io.netty.util.concurrent.FastThreadLocalRunnable.run(FastThreadLocalRunnable.java:30)
	at java.base/java.lang.Thread.run(Thread.java:830)
22:14:58.802 [AsyncHttpClient-1-15] DEBUG org.asynchttpclient.netty.channel.ChannelManager - Closing Channel [id: 0xa51a3503, L:/127.0.0.1:63888 - R:localhost/127.0.0.1:63881] 
22:14:58.802 [AsyncHttpClient-1-15] DEBUG org.asynchttpclient.netty.handler.HttpHandler - Channel Closed: [id: 0xa51a3503, L:/127.0.0.1:63888 ! R:localhost/127.0.0.1:63881] with attribute DISCARD
22:14:58.864 [AsyncHttpClient-1-14] DEBUG org.asynchttpclient.netty.handler.HttpHandler - 

Request DefaultFullHttpRequest(decodeResult: success, version: HTTP/1.1, content: EmptyByteBufBE)
DELETE /session/25e31208ebf2cb4062cff308aedc24ed HTTP/1.1
User-Agent: selenium/4.1.2 (java windows)
Content-Type: application/json; charset=utf-8
host: localhost:50838
accept: */*

Response DefaultHttpResponse(decodeResult: success, version: HTTP/1.1)
HTTP/1.1 200 OK
Content-Type: application/json; charset=utf-8
cache-control: no-cache
content-length: 14

22:14:58.865 [AsyncHttpClient-1-14] DEBUG org.asynchttpclient.netty.channel.ChannelManager - Adding key: http://localhost:50838 for channel [id: 0xf3f30eda, L:/127.0.0.1:63878 - R:localhost/127.0.0.1:50838]
22:14:58.943 [AsyncHttpClient-1-14] DEBUG org.asynchttpclient.netty.handler.HttpHandler - Channel Closed: [id: 0xf3f30eda, L:/127.0.0.1:63878 ! R:localhost/127.0.0.1:50838] with attribute DISCARD
]]></system-out>
    <system-err><![CDATA[Starting Microsoft Edge WebDriver 111.0.1661.62 (0a8f453929e6410c973aa529a40485ce4e3e03db) on port 50838
To submit feedback, report a bug, or suggest new features, please visit https://github.com/MicrosoftEdge/EdgeWebDriver

Only local connections are allowed.
Please see https://aka.ms/WebDriverSecurity for suggestions on keeping Microsoft Edge WebDriver safe.

Microsoft Edge WebDriver was started successfully.
Apr 05, 2023 10:14:38 PM org.openqa.selenium.remote.ProtocolHandshake createSession
INFO: Detected dialect: W3C
Apr 05, 2023 10:14:38 PM org.openqa.selenium.devtools.CdpVersionFinder findNearestMatch
WARNING: Unable to find an exact match for CDP version 111, so returning the closest version found: a no-op implementation
Apr 05, 2023 10:14:38 PM org.openqa.selenium.devtools.CdpVersionFinder findNearestMatch
INFO: Unable to find CDP implementation matching 111.
Apr 05, 2023 10:14:38 PM org.openqa.selenium.chromium.ChromiumDriver lambda$new$3
WARNING: Unable to find version of CDP to use for . You may need to include a dependency on a specific version of the CDP using something similar to `org.seleniumhq.selenium:selenium-devtools-v86:4.1.2` where the version ("v86") matches the version of the chromium-based browser you're using and the version number of the artifact is the same as Selenium's.
]]></system-err>
  </testcase>
  <testcase name="Fitur Menu Baby #22" classname="Baby" time="19.13">
    <system-out><![CDATA[
Scenario Outline: Fitur Menu Baby &amp#27;[90m# src/test/resources/features/Baby.feature:114&amp#27;[0m
22:14:59.539 [main] INFO io.cucumber.core.plugin.SerenityReporter - Running feature from file:///C:/Users/alwi/IdeaProjects/uniqloweb/src/test/resources/features/Baby.feature
22:14:59.648 [main] DEBUG io.github.bonigarcia.wdm.cache.ResolutionCache - Resolution edge=111 in cache (valid until 23:09:49 05/04/2023 WIB)
22:14:59.651 [main] DEBUG io.github.bonigarcia.wdm.cache.ResolutionCache - Resolution edge111=111.0.1661.62 in cache (valid until 15:17:30 06/04/2023 WIB)
22:14:59.653 [main] INFO io.github.bonigarcia.wdm.WebDriverManager - Using msedgedriver 111.0.1661.62 (resolved driver for Edge 111)
22:14:59.662 [main] DEBUG io.github.bonigarcia.wdm.WebDriverManager - Driver msedgedriver 111.0.1661.62 found in cache
22:14:59.663 [main] INFO io.github.bonigarcia.wdm.WebDriverManager - Exporting webdriver.edge.driver as C:\Users\alwi\.cache\selenium\msedgedriver\win64\111.0.1661.62\msedgedriver.exe
22:14:59.665 [main] DEBUG net.serenitybdd.core.webdriver.driverproviders.ProvideNewDriver - Instantiating driver
22:14:59.665 [main] DEBUG net.serenitybdd.core.webdriver.driverproviders.ProvideNewDriver - Driver capabilities: Capabilities {base.url: https://www.uniqlo.com, chrome.driver: src/test/resources/webdrive..., driver: edge, ms:edgeChromium: true, ms:edgeOptions: {}, wait.for.timeout: 6000}
22:14:59.847 [AsyncHttpClient-1-1] DEBUG org.asynchttpclient.netty.channel.DefaultChannelPool - Entry count for : http://localhost:50838 : 1
22:14:59.847 [AsyncHttpClient-1-1] DEBUG org.asynchttpclient.netty.channel.DefaultChannelPool - Entry count for : http://localhost:63881 : 1
22:14:59.847 [AsyncHttpClient-1-1] DEBUG org.asynchttpclient.netty.channel.DefaultChannelPool - Adding Candidate expired Channel [id: 0xf3f30eda, L:/127.0.0.1:63878 ! R:localhost/127.0.0.1:50838] isIdleTimeoutExpired=false isRemotelyClosed=true isTtlExpired=false
22:14:59.847 [AsyncHttpClient-1-1] DEBUG org.asynchttpclient.netty.channel.DefaultChannelPool - Closing Idle Channel [id: 0xf3f30eda, L:/127.0.0.1:63878 ! R:localhost/127.0.0.1:50838]
22:14:59.847 [AsyncHttpClient-1-1] DEBUG org.asynchttpclient.netty.channel.DefaultChannelPool - Adding Candidate expired Channel [id: 0xa51a3503, L:/127.0.0.1:63888 ! R:localhost/127.0.0.1:63881] isIdleTimeoutExpired=false isRemotelyClosed=true isTtlExpired=false
22:14:59.847 [AsyncHttpClient-1-1] DEBUG org.asynchttpclient.netty.channel.DefaultChannelPool - Closing Idle Channel [id: 0xa51a3503, L:/127.0.0.1:63888 ! R:localhost/127.0.0.1:63881]
22:14:59.847 [AsyncHttpClient-1-1] DEBUG org.asynchttpclient.netty.channel.DefaultChannelPool - Closed 2 connections out of 2 in 0 ms
22:15:00.200 [AsyncHttpClient-1-17] DEBUG org.asynchttpclient.netty.channel.NettyConnectListener - Using new Channel '[id: 0xa42ef49f, L:/127.0.0.1:64025 - R:localhost/127.0.0.1:49383]' for 'POST' to '/session'
22:15:00.842 [AsyncHttpClient-1-17] DEBUG org.asynchttpclient.netty.handler.HttpHandler - 

Request DefaultHttpRequest(decodeResult: success, version: HTTP/1.1)
POST /session HTTP/1.1
User-Agent: selenium/4.1.2 (java windows)
Content-Length: 627
Content-Type: application/json; charset=utf-8
host: localhost:49383
accept: */*

Response DefaultHttpResponse(decodeResult: success, version: HTTP/1.1)
HTTP/1.1 200 OK
Content-Type: application/json; charset=utf-8
cache-control: no-cache
content-length: 822

22:15:00.842 [AsyncHttpClient-1-17] DEBUG org.asynchttpclient.netty.channel.ChannelManager - Adding key: http://localhost:49383 for channel [id: 0xa42ef49f, L:/127.0.0.1:64025 - R:localhost/127.0.0.1:49383]
22:15:00.847 [AsyncHttpClient-1-2] DEBUG org.asynchttpclient.netty.channel.NettyConnectListener - Using new Channel '[id: 0xbffd0be6, L:/127.0.0.1:64032 - R:localhost/127.0.0.1:64027]' for 'GET' to '/json/version'
22:15:00.848 [AsyncHttpClient-1-2] DEBUG org.asynchttpclient.netty.handler.HttpHandler - 

Request DefaultFullHttpRequest(decodeResult: success, version: HTTP/1.1, content: EmptyByteBufBE)
GET /json/version HTTP/1.1
User-Agent: selenium/4.1.2 (java windows)
host: localhost:64027
accept: */*

Response DefaultHttpResponse(decodeResult: success, version: HTTP/1.1)
HTTP/1.1 200 OK
Content-Security-Policy: frame-ancestors 'none'
Content-Type: application/json; charset=UTF-8
content-length: 436

22:15:00.848 [AsyncHttpClient-1-2] DEBUG org.asynchttpclient.netty.channel.ChannelManager - Adding key: http://localhost:64027 for channel [id: 0xbffd0be6, L:/127.0.0.1:64032 - R:localhost/127.0.0.1:64027]
22:15:00.851 [AsyncHttpClient-1-3] DEBUG org.asynchttpclient.netty.channel.NettyConnectListener - Using new Channel '[id: 0x6e1f09b2, L:/127.0.0.1:64033 - R:localhost/127.0.0.1:64027]' for 'GET' to '/devtools/browser/ceee9af5-f862-4682-9003-73aa39e48e6c'
22:15:00.853 [AsyncHttpClient-1-3] DEBUG org.asynchttpclient.netty.handler.WebSocketHandler - 

Request DefaultFullHttpRequest(decodeResult: success, version: HTTP/1.1, content: EmptyByteBufBE)
GET /devtools/browser/ceee9af5-f862-4682-9003-73aa39e48e6c HTTP/1.1
upgrade: websocket
connection: upgrade
sec-websocket-key: bSt5yBBIrMsOTp0NuFA4TA==
sec-websocket-version: 13
origin: http://localhost:64027
host: localhost:64027
accept: */*
user-agent: AHC/2.1

Response DefaultHttpResponse(decodeResult: success, version: HTTP/1.1)
HTTP/1.1 101 WebSocket Protocol Handshake
Upgrade: WebSocket
Connection: Upgrade
Sec-WebSocket-Accept: eTeGf4RpWBZBFKO3ISV/6xg+924=

22:15:00.856 [Forwarding get on session bf499902cb3a8ce257fed9d0b4af05c0 to remote] DEBUG org.asynchttpclient.netty.request.NettyRequestSender - Using pooled Channel '[id: 0xa42ef49f, L:/127.0.0.1:64025 - R:localhost/127.0.0.1:49383]' for 'POST' to 'http://localhost:49383/session/bf499902cb3a8ce257fed9d0b4af05c0/url'
22:15:00.856 [Forwarding get on session bf499902cb3a8ce257fed9d0b4af05c0 to remote] DEBUG org.asynchttpclient.netty.request.NettyRequestSender - Using open Channel [id: 0xa42ef49f, L:/127.0.0.1:64025 - R:localhost/127.0.0.1:49383] for POST '/session/bf499902cb3a8ce257fed9d0b4af05c0/url'
22:15:00.938 [AsyncHttpClient-1-1] DEBUG org.asynchttpclient.netty.channel.DefaultChannelPool - Entry count for : http://localhost:64027 : 1
22:15:02.038 [AsyncHttpClient-1-1] DEBUG org.asynchttpclient.netty.channel.DefaultChannelPool - Entry count for : http://localhost:64027 : 1
22:15:03.141 [AsyncHttpClient-1-1] DEBUG org.asynchttpclient.netty.channel.DefaultChannelPool - Entry count for : http://localhost:64027 : 1
22:15:04.247 [AsyncHttpClient-1-1] DEBUG org.asynchttpclient.netty.channel.DefaultChannelPool - Entry count for : http://localhost:64027 : 1
22:15:05.338 [AsyncHttpClient-1-1] DEBUG org.asynchttpclient.netty.channel.DefaultChannelPool - Entry count for : http://localhost:64027 : 1
22:15:06.443 [AsyncHttpClient-1-1] DEBUG org.asynchttpclient.netty.channel.DefaultChannelPool - Entry count for : http://localhost:64027 : 1
22:15:07.538 [AsyncHttpClient-1-1] DEBUG org.asynchttpclient.netty.channel.DefaultChannelPool - Entry count for : http://localhost:64027 : 1
22:15:08.640 [AsyncHttpClient-1-1] DEBUG org.asynchttpclient.netty.channel.DefaultChannelPool - Entry count for : http://localhost:64027 : 1
22:15:09.737 [AsyncHttpClient-1-1] DEBUG org.asynchttpclient.netty.channel.DefaultChannelPool - Entry count for : http://localhost:64027 : 1
22:15:10.843 [AsyncHttpClient-1-1] DEBUG org.asynchttpclient.netty.channel.DefaultChannelPool - Entry count for : http://localhost:64027 : 1
22:15:11.942 [AsyncHttpClient-1-1] DEBUG org.asynchttpclient.netty.channel.DefaultChannelPool - Entry count for : http://localhost:64027 : 1
22:15:13.038 [AsyncHttpClient-1-1] DEBUG org.asynchttpclient.netty.channel.DefaultChannelPool - Entry count for : http://localhost:64027 : 1
22:15:14.140 [AsyncHttpClient-1-1] DEBUG org.asynchttpclient.netty.channel.DefaultChannelPool - Entry count for : http://localhost:64027 : 1
22:15:15.244 [AsyncHttpClient-1-1] DEBUG org.asynchttpclient.netty.channel.DefaultChannelPool - Entry count for : http://localhost:64027 : 1
22:15:15.700 [AsyncHttpClient-1-17] DEBUG org.asynchttpclient.netty.handler.HttpHandler - 

Request DefaultHttpRequest(decodeResult: success, version: HTTP/1.1)
POST /session/bf499902cb3a8ce257fed9d0b4af05c0/url HTTP/1.1
User-Agent: selenium/4.1.2 (java windows)
Content-Length: 53
Content-Type: application/json; charset=utf-8
host: localhost:49383
accept: */*

Response DefaultHttpResponse(decodeResult: success, version: HTTP/1.1)
HTTP/1.1 200 OK
Content-Type: application/json; charset=utf-8
cache-control: no-cache
content-length: 14

22:15:15.700 [AsyncHttpClient-1-17] DEBUG org.asynchttpclient.netty.channel.ChannelManager - Adding key: http://localhost:49383 for channel [id: 0xa42ef49f, L:/127.0.0.1:64025 - R:localhost/127.0.0.1:49383]
22:15:15.701 [Forwarding setTimeout on session bf499902cb3a8ce257fed9d0b4af05c0 to remote] DEBUG org.asynchttpclient.netty.request.NettyRequestSender - Using pooled Channel '[id: 0xa42ef49f, L:/127.0.0.1:64025 - R:localhost/127.0.0.1:49383]' for 'POST' to 'http://localhost:49383/session/bf499902cb3a8ce257fed9d0b4af05c0/timeouts'
22:15:15.702 [Forwarding setTimeout on session bf499902cb3a8ce257fed9d0b4af05c0 to remote] DEBUG org.asynchttpclient.netty.request.NettyRequestSender - Using open Channel [id: 0xa42ef49f, L:/127.0.0.1:64025 - R:localhost/127.0.0.1:49383] for POST '/session/bf499902cb3a8ce257fed9d0b4af05c0/timeouts'
22:15:15.702 [AsyncHttpClient-1-17] DEBUG org.asynchttpclient.netty.handler.HttpHandler - 

Request DefaultHttpRequest(decodeResult: success, version: HTTP/1.1)
POST /session/bf499902cb3a8ce257fed9d0b4af05c0/timeouts HTTP/1.1
User-Agent: selenium/4.1.2 (java windows)
Content-Length: 22
Content-Type: application/json; charset=utf-8
host: localhost:49383
accept: */*

Response DefaultHttpResponse(decodeResult: success, version: HTTP/1.1)
HTTP/1.1 200 OK
Content-Type: application/json; charset=utf-8
cache-control: no-cache
content-length: 14

22:15:15.703 [AsyncHttpClient-1-17] DEBUG org.asynchttpclient.netty.channel.ChannelManager - Adding key: http://localhost:49383 for channel [id: 0xa42ef49f, L:/127.0.0.1:64025 - R:localhost/127.0.0.1:49383]
22:15:15.707 [Forwarding getCurrentUrl on session bf499902cb3a8ce257fed9d0b4af05c0 to remote] DEBUG org.asynchttpclient.netty.request.NettyRequestSender - Using pooled Channel '[id: 0xa42ef49f, L:/127.0.0.1:64025 - R:localhost/127.0.0.1:49383]' for 'GET' to 'http://localhost:49383/session/bf499902cb3a8ce257fed9d0b4af05c0/url'
22:15:15.707 [Forwarding getCurrentUrl on session bf499902cb3a8ce257fed9d0b4af05c0 to remote] DEBUG org.asynchttpclient.netty.request.NettyRequestSender - Using open Channel [id: 0xa42ef49f, L:/127.0.0.1:64025 - R:localhost/127.0.0.1:49383] for GET '/session/bf499902cb3a8ce257fed9d0b4af05c0/url'
22:15:15.710 [AsyncHttpClient-1-17] DEBUG org.asynchttpclient.netty.handler.HttpHandler - 

Request DefaultFullHttpRequest(decodeResult: success, version: HTTP/1.1, content: EmptyByteBufBE)
GET /session/bf499902cb3a8ce257fed9d0b4af05c0/url HTTP/1.1
User-Agent: selenium/4.1.2 (java windows)
Cache-Control: no-cache
Content-Type: application/json; charset=utf-8
host: localhost:49383
accept: */*

Response DefaultHttpResponse(decodeResult: success, version: HTTP/1.1)
HTTP/1.1 200 OK
Content-Type: application/json; charset=utf-8
cache-control: no-cache
content-length: 41

22:15:15.711 [AsyncHttpClient-1-17] DEBUG org.asynchttpclient.netty.channel.ChannelManager - Adding key: http://localhost:49383 for channel [id: 0xa42ef49f, L:/127.0.0.1:64025 - R:localhost/127.0.0.1:49383]
  &amp#27;[32mGiven &amp#27;[0m&amp#27;[32mI am on the home page&amp#27;[0m     &amp#27;[90m# starter.stepdefinitions.BabyStep.iAmOnTheHomePage()&amp#27;[0m
22:15:15.717 [Forwarding screenshot on session bf499902cb3a8ce257fed9d0b4af05c0 to remote] DEBUG org.asynchttpclient.netty.request.NettyRequestSender - Using pooled Channel '[id: 0xa42ef49f, L:/127.0.0.1:64025 - R:localhost/127.0.0.1:49383]' for 'GET' to 'http://localhost:49383/session/bf499902cb3a8ce257fed9d0b4af05c0/screenshot'
22:15:15.717 [Forwarding screenshot on session bf499902cb3a8ce257fed9d0b4af05c0 to remote] DEBUG org.asynchttpclient.netty.request.NettyRequestSender - Using open Channel [id: 0xa42ef49f, L:/127.0.0.1:64025 - R:localhost/127.0.0.1:49383] for GET '/session/bf499902cb3a8ce257fed9d0b4af05c0/screenshot'
22:15:16.066 [AsyncHttpClient-1-17] DEBUG org.asynchttpclient.netty.handler.HttpHandler - 

Request DefaultFullHttpRequest(decodeResult: success, version: HTTP/1.1, content: EmptyByteBufBE)
GET /session/bf499902cb3a8ce257fed9d0b4af05c0/screenshot HTTP/1.1
User-Agent: selenium/4.1.2 (java windows)
Cache-Control: no-cache
Content-Type: application/json; charset=utf-8
host: localhost:49383
accept: */*

Response DefaultHttpResponse(decodeResult: success, version: HTTP/1.1)
HTTP/1.1 200 OK
Content-Type: application/json; charset=utf-8
cache-control: no-cache
content-length: 1119968

22:15:16.068 [AsyncHttpClient-1-17] DEBUG org.asynchttpclient.netty.channel.ChannelManager - Adding key: http://localhost:49383 for channel [id: 0xa42ef49f, L:/127.0.0.1:64025 - R:localhost/127.0.0.1:49383]
22:15:16.096 [main] DEBUG net.serenitybdd.core.photography.Darkroom - Send negative for processing for target\site\serenity\3d1b19ad31921c0beae4332facd941fcc81467ad5802877977ec6c100df601ce.png
22:15:16.104 [Forwarding findElement on session bf499902cb3a8ce257fed9d0b4af05c0 to remote] DEBUG org.asynchttpclient.netty.request.NettyRequestSender - Using pooled Channel '[id: 0xa42ef49f, L:/127.0.0.1:64025 - R:localhost/127.0.0.1:49383]' for 'POST' to 'http://localhost:49383/session/bf499902cb3a8ce257fed9d0b4af05c0/element'
22:15:16.104 [Forwarding findElement on session bf499902cb3a8ce257fed9d0b4af05c0 to remote] DEBUG org.asynchttpclient.netty.request.NettyRequestSender - Using open Channel [id: 0xa42ef49f, L:/127.0.0.1:64025 - R:localhost/127.0.0.1:49383] for POST '/session/bf499902cb3a8ce257fed9d0b4af05c0/element'
22:15:16.122 [AsyncHttpClient-1-17] DEBUG org.asynchttpclient.netty.handler.HttpHandler - 

Request DefaultHttpRequest(decodeResult: success, version: HTTP/1.1)
POST /session/bf499902cb3a8ce257fed9d0b4af05c0/element HTTP/1.1
User-Agent: selenium/4.1.2 (java windows)
Content-Length: 81
Content-Type: application/json; charset=utf-8
host: localhost:49383
accept: */*

Response DefaultHttpResponse(decodeResult: success, version: HTTP/1.1)
HTTP/1.1 200 OK
Content-Type: application/json; charset=utf-8
cache-control: no-cache
content-length: 88

22:15:16.123 [AsyncHttpClient-1-17] DEBUG org.asynchttpclient.netty.channel.ChannelManager - Adding key: http://localhost:49383 for channel [id: 0xa42ef49f, L:/127.0.0.1:64025 - R:localhost/127.0.0.1:49383]
22:15:16.124 [Forwarding getElementTagName on session bf499902cb3a8ce257fed9d0b4af05c0 to remote] DEBUG org.asynchttpclient.netty.request.NettyRequestSender - Using pooled Channel '[id: 0xa42ef49f, L:/127.0.0.1:64025 - R:localhost/127.0.0.1:49383]' for 'GET' to 'http://localhost:49383/session/bf499902cb3a8ce257fed9d0b4af05c0/element/80e3a9fa-1054-474d-88ea-26fd4548ba13/name'
22:15:16.124 [Forwarding getElementTagName on session bf499902cb3a8ce257fed9d0b4af05c0 to remote] DEBUG org.asynchttpclient.netty.request.NettyRequestSender - Using open Channel [id: 0xa42ef49f, L:/127.0.0.1:64025 - R:localhost/127.0.0.1:49383] for GET '/session/bf499902cb3a8ce257fed9d0b4af05c0/element/80e3a9fa-1054-474d-88ea-26fd4548ba13/name'
22:15:16.128 [AsyncHttpClient-1-17] DEBUG org.asynchttpclient.netty.handler.HttpHandler - 

Request DefaultFullHttpRequest(decodeResult: success, version: HTTP/1.1, content: EmptyByteBufBE)
GET /session/bf499902cb3a8ce257fed9d0b4af05c0/element/80e3a9fa-1054-474d-88ea-26fd4548ba13/name HTTP/1.1
User-Agent: selenium/4.1.2 (java windows)
Cache-Control: no-cache
Content-Type: application/json; charset=utf-8
host: localhost:49383
accept: */*

Response DefaultHttpResponse(decodeResult: success, version: HTTP/1.1)
HTTP/1.1 200 OK
Content-Type: application/json; charset=utf-8
cache-control: no-cache
content-length: 16

22:15:16.129 [AsyncHttpClient-1-17] DEBUG org.asynchttpclient.netty.channel.ChannelManager - Adding key: http://localhost:49383 for channel [id: 0xa42ef49f, L:/127.0.0.1:64025 - R:localhost/127.0.0.1:49383]
22:15:16.130 [Forwarding getElementTagName on session bf499902cb3a8ce257fed9d0b4af05c0 to remote] DEBUG org.asynchttpclient.netty.request.NettyRequestSender - Using pooled Channel '[id: 0xa42ef49f, L:/127.0.0.1:64025 - R:localhost/127.0.0.1:49383]' for 'GET' to 'http://localhost:49383/session/bf499902cb3a8ce257fed9d0b4af05c0/element/80e3a9fa-1054-474d-88ea-26fd4548ba13/name'
22:15:16.130 [Forwarding getElementTagName on session bf499902cb3a8ce257fed9d0b4af05c0 to remote] DEBUG org.asynchttpclient.netty.request.NettyRequestSender - Using open Channel [id: 0xa42ef49f, L:/127.0.0.1:64025 - R:localhost/127.0.0.1:49383] for GET '/session/bf499902cb3a8ce257fed9d0b4af05c0/element/80e3a9fa-1054-474d-88ea-26fd4548ba13/name'
22:15:16.133 [AsyncHttpClient-1-17] DEBUG org.asynchttpclient.netty.handler.HttpHandler - 

Request DefaultFullHttpRequest(decodeResult: success, version: HTTP/1.1, content: EmptyByteBufBE)
GET /session/bf499902cb3a8ce257fed9d0b4af05c0/element/80e3a9fa-1054-474d-88ea-26fd4548ba13/name HTTP/1.1
User-Agent: selenium/4.1.2 (java windows)
Cache-Control: no-cache
Content-Type: application/json; charset=utf-8
host: localhost:49383
accept: */*

Response DefaultHttpResponse(decodeResult: success, version: HTTP/1.1)
HTTP/1.1 200 OK
Content-Type: application/json; charset=utf-8
cache-control: no-cache
content-length: 16

22:15:16.133 [AsyncHttpClient-1-17] DEBUG org.asynchttpclient.netty.channel.ChannelManager - Adding key: http://localhost:49383 for channel [id: 0xa42ef49f, L:/127.0.0.1:64025 - R:localhost/127.0.0.1:49383]
22:15:16.135 [Forwarding findElement on session bf499902cb3a8ce257fed9d0b4af05c0 to remote] DEBUG org.asynchttpclient.netty.request.NettyRequestSender - Using pooled Channel '[id: 0xa42ef49f, L:/127.0.0.1:64025 - R:localhost/127.0.0.1:49383]' for 'POST' to 'http://localhost:49383/session/bf499902cb3a8ce257fed9d0b4af05c0/element'
22:15:16.135 [Forwarding findElement on session bf499902cb3a8ce257fed9d0b4af05c0 to remote] DEBUG org.asynchttpclient.netty.request.NettyRequestSender - Using open Channel [id: 0xa42ef49f, L:/127.0.0.1:64025 - R:localhost/127.0.0.1:49383] for POST '/session/bf499902cb3a8ce257fed9d0b4af05c0/element'
22:15:16.140 [AsyncHttpClient-1-17] DEBUG org.asynchttpclient.netty.handler.HttpHandler - 

Request DefaultHttpRequest(decodeResult: success, version: HTTP/1.1)
POST /session/bf499902cb3a8ce257fed9d0b4af05c0/element HTTP/1.1
User-Agent: selenium/4.1.2 (java windows)
Content-Length: 81
Content-Type: application/json; charset=utf-8
host: localhost:49383
accept: */*

Response DefaultHttpResponse(decodeResult: success, version: HTTP/1.1)
HTTP/1.1 200 OK
Content-Type: application/json; charset=utf-8
cache-control: no-cache
content-length: 88

22:15:16.141 [AsyncHttpClient-1-17] DEBUG org.asynchttpclient.netty.channel.ChannelManager - Adding key: http://localhost:49383 for channel [id: 0xa42ef49f, L:/127.0.0.1:64025 - R:localhost/127.0.0.1:49383]
22:15:16.141 [Forwarding clickElement on session bf499902cb3a8ce257fed9d0b4af05c0 to remote] DEBUG org.asynchttpclient.netty.request.NettyRequestSender - Using pooled Channel '[id: 0xa42ef49f, L:/127.0.0.1:64025 - R:localhost/127.0.0.1:49383]' for 'POST' to 'http://localhost:49383/session/bf499902cb3a8ce257fed9d0b4af05c0/element/80e3a9fa-1054-474d-88ea-26fd4548ba13/click'
22:15:16.141 [Forwarding clickElement on session bf499902cb3a8ce257fed9d0b4af05c0 to remote] DEBUG org.asynchttpclient.netty.request.NettyRequestSender - Using open Channel [id: 0xa42ef49f, L:/127.0.0.1:64025 - R:localhost/127.0.0.1:49383] for POST '/session/bf499902cb3a8ce257fed9d0b4af05c0/element/80e3a9fa-1054-474d-88ea-26fd4548ba13/click'
22:15:16.337 [AsyncHttpClient-1-1] DEBUG org.asynchttpclient.netty.channel.DefaultChannelPool - Entry count for : http://localhost:64027 : 1
22:15:16.579 [AsyncHttpClient-1-17] DEBUG org.asynchttpclient.netty.handler.HttpHandler - 

Request DefaultHttpRequest(decodeResult: success, version: HTTP/1.1)
POST /session/bf499902cb3a8ce257fed9d0b4af05c0/element/80e3a9fa-1054-474d-88ea-26fd4548ba13/click HTTP/1.1
User-Agent: selenium/4.1.2 (java windows)
Content-Length: 50
Content-Type: application/json; charset=utf-8
host: localhost:49383
accept: */*

Response DefaultHttpResponse(decodeResult: success, version: HTTP/1.1)
HTTP/1.1 200 OK
Content-Type: application/json; charset=utf-8
cache-control: no-cache
content-length: 14

22:15:16.579 [AsyncHttpClient-1-17] DEBUG org.asynchttpclient.netty.channel.ChannelManager - Adding key: http://localhost:49383 for channel [id: 0xa42ef49f, L:/127.0.0.1:64025 - R:localhost/127.0.0.1:49383]
  &amp#27;[32mThen &amp#27;[0m&amp#27;[32mI click baby on the header&amp#27;[0m &amp#27;[90m# starter.stepdefinitions.BabyStep.iClickBabyOnTheHeader()&amp#27;[0m
22:15:16.588 [Forwarding screenshot on session bf499902cb3a8ce257fed9d0b4af05c0 to remote] DEBUG org.asynchttpclient.netty.request.NettyRequestSender - Using pooled Channel '[id: 0xa42ef49f, L:/127.0.0.1:64025 - R:localhost/127.0.0.1:49383]' for 'GET' to 'http://localhost:49383/session/bf499902cb3a8ce257fed9d0b4af05c0/screenshot'
22:15:16.588 [Forwarding screenshot on session bf499902cb3a8ce257fed9d0b4af05c0 to remote] DEBUG org.asynchttpclient.netty.request.NettyRequestSender - Using open Channel [id: 0xa42ef49f, L:/127.0.0.1:64025 - R:localhost/127.0.0.1:49383] for GET '/session/bf499902cb3a8ce257fed9d0b4af05c0/screenshot'
22:15:17.396 [AsyncHttpClient-1-17] DEBUG org.asynchttpclient.netty.handler.HttpHandler - 

Request DefaultFullHttpRequest(decodeResult: success, version: HTTP/1.1, content: EmptyByteBufBE)
GET /session/bf499902cb3a8ce257fed9d0b4af05c0/screenshot HTTP/1.1
User-Agent: selenium/4.1.2 (java windows)
Cache-Control: no-cache
Content-Type: application/json; charset=utf-8
host: localhost:49383
accept: */*

Response DefaultHttpResponse(decodeResult: success, version: HTTP/1.1)
HTTP/1.1 200 OK
Content-Type: application/json; charset=utf-8
cache-control: no-cache
content-length: 137776

22:15:17.397 [AsyncHttpClient-1-17] DEBUG org.asynchttpclient.netty.channel.ChannelManager - Adding key: http://localhost:49383 for channel [id: 0xa42ef49f, L:/127.0.0.1:64025 - R:localhost/127.0.0.1:49383]
22:15:17.403 [main] DEBUG net.serenitybdd.core.photography.Darkroom - Send negative for processing for target\site\serenity\66484fce5a7c0f6d87f248d08f46a8c787c7aef31c0096c3ac26f2864653cabe.png
22:15:17.403 [Darkroom Processing Line] DEBUG net.serenitybdd.core.photography.DarkroomProcessingLine - Processing screenshot image in /var/screenshots/screenshot-11789013934488880293
22:15:17.403 [Darkroom Processing Line] DEBUG net.serenitybdd.core.photography.DarkroomProcessingLine - Saving screenshot to target\site\serenity\66484fce5a7c0f6d87f248d08f46a8c787c7aef31c0096c3ac26f2864653cabe.png
22:15:17.414 [Forwarding findElement on session bf499902cb3a8ce257fed9d0b4af05c0 to remote] DEBUG org.asynchttpclient.netty.request.NettyRequestSender - Using pooled Channel '[id: 0xa42ef49f, L:/127.0.0.1:64025 - R:localhost/127.0.0.1:49383]' for 'POST' to 'http://localhost:49383/session/bf499902cb3a8ce257fed9d0b4af05c0/element'
22:15:17.414 [Forwarding findElement on session bf499902cb3a8ce257fed9d0b4af05c0 to remote] DEBUG org.asynchttpclient.netty.request.NettyRequestSender - Using open Channel [id: 0xa42ef49f, L:/127.0.0.1:64025 - R:localhost/127.0.0.1:49383] for POST '/session/bf499902cb3a8ce257fed9d0b4af05c0/element'
22:15:17.444 [AsyncHttpClient-1-1] DEBUG org.asynchttpclient.netty.channel.DefaultChannelPool - Entry count for : http://localhost:64027 : 1
22:15:17.452 [AsyncHttpClient-1-17] DEBUG org.asynchttpclient.netty.handler.HttpHandler - 

Request DefaultHttpRequest(decodeResult: success, version: HTTP/1.1)
POST /session/bf499902cb3a8ce257fed9d0b4af05c0/element HTTP/1.1
User-Agent: selenium/4.1.2 (java windows)
Content-Length: 106
Content-Type: application/json; charset=utf-8
host: localhost:49383
accept: */*

Response DefaultHttpResponse(decodeResult: success, version: HTTP/1.1)
HTTP/1.1 200 OK
Content-Type: application/json; charset=utf-8
cache-control: no-cache
content-length: 88

22:15:17.452 [AsyncHttpClient-1-17] DEBUG org.asynchttpclient.netty.channel.ChannelManager - Adding key: http://localhost:49383 for channel [id: 0xa42ef49f, L:/127.0.0.1:64025 - R:localhost/127.0.0.1:49383]
22:15:17.453 [Forwarding getElementTagName on session bf499902cb3a8ce257fed9d0b4af05c0 to remote] DEBUG org.asynchttpclient.netty.request.NettyRequestSender - Using pooled Channel '[id: 0xa42ef49f, L:/127.0.0.1:64025 - R:localhost/127.0.0.1:49383]' for 'GET' to 'http://localhost:49383/session/bf499902cb3a8ce257fed9d0b4af05c0/element/53a3745b-616f-4c73-b4c1-c6744b317b98/name'
22:15:17.453 [Forwarding getElementTagName on session bf499902cb3a8ce257fed9d0b4af05c0 to remote] DEBUG org.asynchttpclient.netty.request.NettyRequestSender - Using open Channel [id: 0xa42ef49f, L:/127.0.0.1:64025 - R:localhost/127.0.0.1:49383] for GET '/session/bf499902cb3a8ce257fed9d0b4af05c0/element/53a3745b-616f-4c73-b4c1-c6744b317b98/name'
22:15:17.478 [AsyncHttpClient-1-17] DEBUG org.asynchttpclient.netty.handler.HttpHandler - 

Request DefaultFullHttpRequest(decodeResult: success, version: HTTP/1.1, content: EmptyByteBufBE)
GET /session/bf499902cb3a8ce257fed9d0b4af05c0/element/53a3745b-616f-4c73-b4c1-c6744b317b98/name HTTP/1.1
User-Agent: selenium/4.1.2 (java windows)
Cache-Control: no-cache
Content-Type: application/json; charset=utf-8
host: localhost:49383
accept: */*

Response DefaultHttpResponse(decodeResult: success, version: HTTP/1.1)
HTTP/1.1 200 OK
Content-Type: application/json; charset=utf-8
cache-control: no-cache
content-length: 16

22:15:17.478 [AsyncHttpClient-1-17] DEBUG org.asynchttpclient.netty.channel.ChannelManager - Adding key: http://localhost:49383 for channel [id: 0xa42ef49f, L:/127.0.0.1:64025 - R:localhost/127.0.0.1:49383]
22:15:17.479 [Forwarding getElementTagName on session bf499902cb3a8ce257fed9d0b4af05c0 to remote] DEBUG org.asynchttpclient.netty.request.NettyRequestSender - Using pooled Channel '[id: 0xa42ef49f, L:/127.0.0.1:64025 - R:localhost/127.0.0.1:49383]' for 'GET' to 'http://localhost:49383/session/bf499902cb3a8ce257fed9d0b4af05c0/element/53a3745b-616f-4c73-b4c1-c6744b317b98/name'
22:15:17.479 [Forwarding getElementTagName on session bf499902cb3a8ce257fed9d0b4af05c0 to remote] DEBUG org.asynchttpclient.netty.request.NettyRequestSender - Using open Channel [id: 0xa42ef49f, L:/127.0.0.1:64025 - R:localhost/127.0.0.1:49383] for GET '/session/bf499902cb3a8ce257fed9d0b4af05c0/element/53a3745b-616f-4c73-b4c1-c6744b317b98/name'
22:15:17.487 [AsyncHttpClient-1-17] DEBUG org.asynchttpclient.netty.handler.HttpHandler - 

Request DefaultFullHttpRequest(decodeResult: success, version: HTTP/1.1, content: EmptyByteBufBE)
GET /session/bf499902cb3a8ce257fed9d0b4af05c0/element/53a3745b-616f-4c73-b4c1-c6744b317b98/name HTTP/1.1
User-Agent: selenium/4.1.2 (java windows)
Cache-Control: no-cache
Content-Type: application/json; charset=utf-8
host: localhost:49383
accept: */*

Response DefaultHttpResponse(decodeResult: success, version: HTTP/1.1)
HTTP/1.1 200 OK
Content-Type: application/json; charset=utf-8
cache-control: no-cache
content-length: 16

22:15:17.488 [AsyncHttpClient-1-17] DEBUG org.asynchttpclient.netty.channel.ChannelManager - Adding key: http://localhost:49383 for channel [id: 0xa42ef49f, L:/127.0.0.1:64025 - R:localhost/127.0.0.1:49383]
22:15:17.489 [Forwarding findElement on session bf499902cb3a8ce257fed9d0b4af05c0 to remote] DEBUG org.asynchttpclient.netty.request.NettyRequestSender - Using pooled Channel '[id: 0xa42ef49f, L:/127.0.0.1:64025 - R:localhost/127.0.0.1:49383]' for 'POST' to 'http://localhost:49383/session/bf499902cb3a8ce257fed9d0b4af05c0/element'
22:15:17.489 [Forwarding findElement on session bf499902cb3a8ce257fed9d0b4af05c0 to remote] DEBUG org.asynchttpclient.netty.request.NettyRequestSender - Using open Channel [id: 0xa42ef49f, L:/127.0.0.1:64025 - R:localhost/127.0.0.1:49383] for POST '/session/bf499902cb3a8ce257fed9d0b4af05c0/element'
22:15:17.497 [AsyncHttpClient-1-17] DEBUG org.asynchttpclient.netty.handler.HttpHandler - 

Request DefaultHttpRequest(decodeResult: success, version: HTTP/1.1)
POST /session/bf499902cb3a8ce257fed9d0b4af05c0/element HTTP/1.1
User-Agent: selenium/4.1.2 (java windows)
Content-Length: 106
Content-Type: application/json; charset=utf-8
host: localhost:49383
accept: */*

Response DefaultHttpResponse(decodeResult: success, version: HTTP/1.1)
HTTP/1.1 200 OK
Content-Type: application/json; charset=utf-8
cache-control: no-cache
content-length: 88

22:15:17.497 [AsyncHttpClient-1-17] DEBUG org.asynchttpclient.netty.channel.ChannelManager - Adding key: http://localhost:49383 for channel [id: 0xa42ef49f, L:/127.0.0.1:64025 - R:localhost/127.0.0.1:49383]
22:15:17.499 [Forwarding clickElement on session bf499902cb3a8ce257fed9d0b4af05c0 to remote] DEBUG org.asynchttpclient.netty.request.NettyRequestSender - Using pooled Channel '[id: 0xa42ef49f, L:/127.0.0.1:64025 - R:localhost/127.0.0.1:49383]' for 'POST' to 'http://localhost:49383/session/bf499902cb3a8ce257fed9d0b4af05c0/element/53a3745b-616f-4c73-b4c1-c6744b317b98/click'
22:15:17.499 [Forwarding clickElement on session bf499902cb3a8ce257fed9d0b4af05c0 to remote] DEBUG org.asynchttpclient.netty.request.NettyRequestSender - Using open Channel [id: 0xa42ef49f, L:/127.0.0.1:64025 - R:localhost/127.0.0.1:49383] for POST '/session/bf499902cb3a8ce257fed9d0b4af05c0/element/53a3745b-616f-4c73-b4c1-c6744b317b98/click'
22:15:17.673 [AsyncHttpClient-1-17] DEBUG org.asynchttpclient.netty.handler.HttpHandler - 

Request DefaultHttpRequest(decodeResult: success, version: HTTP/1.1)
POST /session/bf499902cb3a8ce257fed9d0b4af05c0/element/53a3745b-616f-4c73-b4c1-c6744b317b98/click HTTP/1.1
User-Agent: selenium/4.1.2 (java windows)
Content-Length: 50
Content-Type: application/json; charset=utf-8
host: localhost:49383
accept: */*

Response DefaultHttpResponse(decodeResult: success, version: HTTP/1.1)
HTTP/1.1 200 OK
Content-Type: application/json; charset=utf-8
cache-control: no-cache
content-length: 14

22:15:17.673 [AsyncHttpClient-1-17] DEBUG org.asynchttpclient.netty.channel.ChannelManager - Adding key: http://localhost:49383 for channel [id: 0xa42ef49f, L:/127.0.0.1:64025 - R:localhost/127.0.0.1:49383]
  &amp#27;[32mWhen &amp#27;[0m&amp#27;[32mI will go to &amp#27;[0m&amp#27;[32m&amp#27;[1m"heattech"&amp#27;[0m    &amp#27;[90m# starter.stepdefinitions.BabyStep.iWillGoTo(java.lang.String)&amp#27;[0m
22:15:17.679 [Forwarding screenshot on session bf499902cb3a8ce257fed9d0b4af05c0 to remote] DEBUG org.asynchttpclient.netty.request.NettyRequestSender - Using pooled Channel '[id: 0xa42ef49f, L:/127.0.0.1:64025 - R:localhost/127.0.0.1:49383]' for 'GET' to 'http://localhost:49383/session/bf499902cb3a8ce257fed9d0b4af05c0/screenshot'
22:15:17.679 [Forwarding screenshot on session bf499902cb3a8ce257fed9d0b4af05c0 to remote] DEBUG org.asynchttpclient.netty.request.NettyRequestSender - Using open Channel [id: 0xa42ef49f, L:/127.0.0.1:64025 - R:localhost/127.0.0.1:49383] for GET '/session/bf499902cb3a8ce257fed9d0b4af05c0/screenshot'
22:15:17.873 [AsyncHttpClient-1-17] DEBUG org.asynchttpclient.netty.handler.HttpHandler - 

Request DefaultFullHttpRequest(decodeResult: success, version: HTTP/1.1, content: EmptyByteBufBE)
GET /session/bf499902cb3a8ce257fed9d0b4af05c0/screenshot HTTP/1.1
User-Agent: selenium/4.1.2 (java windows)
Cache-Control: no-cache
Content-Type: application/json; charset=utf-8
host: localhost:49383
accept: */*

Response DefaultHttpResponse(decodeResult: success, version: HTTP/1.1)
HTTP/1.1 200 OK
Content-Type: application/json; charset=utf-8
cache-control: no-cache
content-length: 89028

22:15:17.873 [AsyncHttpClient-1-17] DEBUG org.asynchttpclient.netty.channel.ChannelManager - Adding key: http://localhost:49383 for channel [id: 0xa42ef49f, L:/127.0.0.1:64025 - R:localhost/127.0.0.1:49383]
22:15:17.876 [main] DEBUG net.serenitybdd.core.photography.Darkroom - Send negative for processing for target\site\serenity\fe4f06db7837ed0082d9f60d0a5c453db36e6ad0bc3df30bd102d3fe07987e04.png
22:15:17.876 [Darkroom Processing Line] DEBUG net.serenitybdd.core.photography.DarkroomProcessingLine - Processing screenshot image in /var/screenshots/screenshot-16683682555320423061
22:15:17.877 [Darkroom Processing Line] DEBUG net.serenitybdd.core.photography.DarkroomProcessingLine - Saving screenshot to target\site\serenity\fe4f06db7837ed0082d9f60d0a5c453db36e6ad0bc3df30bd102d3fe07987e04.png
  &amp#27;[32mAnd &amp#27;[0m&amp#27;[32mI &amp#27;[0m&amp#27;[32m&amp#27;[1m""&amp#27;[0m&amp#27;[32m page&amp#27;[0m                   &amp#27;[90m# starter.stepdefinitions.BabyStep.iPage(java.lang.String)&amp#27;[0m
22:15:17.887 [AsyncHttpClient-1-3] DEBUG org.asynchttpclient.netty.handler.WebSocketHandler - Channel Closed: [id: 0x6e1f09b2, L:/127.0.0.1:64033 ! R:localhost/127.0.0.1:64027] with attribute NettyResponseFuture{currentRetry=5,
	isDone=1,
	isCancelled=0,
	asyncHandler=org.asynchttpclient.ws.WebSocketUpgradeHandler@421e4398,
	nettyRequest=org.asynchttpclient.netty.request.NettyRequest@498ee7fd,
	future=java.util.concurrent.CompletableFuture@3aefe180[Completed normally],
	uri=ws://localhost:64027/devtools/browser/ceee9af5-f862-4682-9003-73aa39e48e6c,
	keepAlive=true,
	redirectCount=0,
	timeoutsHolder=null,
	inAuth=0,
	touch=1680707700853}
22:15:17.887 [AsyncHttpClient-1-3] DEBUG org.asynchttpclient.netty.channel.ChannelManager - Closing Channel [id: 0x6e1f09b2, L:/127.0.0.1:64033 ! R:localhost/127.0.0.1:64027] 
22:15:17.887 [Driver Command Executor] DEBUG org.asynchttpclient.netty.request.NettyRequestSender - Using pooled Channel '[id: 0xa42ef49f, L:/127.0.0.1:64025 - R:localhost/127.0.0.1:49383]' for 'DELETE' to 'http://localhost:49383/session/bf499902cb3a8ce257fed9d0b4af05c0'
22:15:17.887 [Driver Command Executor] DEBUG org.asynchttpclient.netty.request.NettyRequestSender - Using open Channel [id: 0xa42ef49f, L:/127.0.0.1:64025 - R:localhost/127.0.0.1:49383] for DELETE '/session/bf499902cb3a8ce257fed9d0b4af05c0'
22:15:17.932 [AsyncHttpClient-1-2] DEBUG org.asynchttpclient.netty.handler.HttpHandler - Unexpected I/O exception on channel [id: 0xbffd0be6, L:/127.0.0.1:64032 - R:localhost/127.0.0.1:64027]
java.net.SocketException: Connection reset
	at java.base/sun.nio.ch.SocketChannelImpl.throwConnectionReset(SocketChannelImpl.java:345)
	at java.base/sun.nio.ch.SocketChannelImpl.read(SocketChannelImpl.java:376)
	at io.netty.buffer.PooledByteBuf.setBytes(PooledByteBuf.java:258)
	at io.netty.buffer.AbstractByteBuf.writeBytes(AbstractByteBuf.java:1132)
	at io.netty.channel.socket.nio.NioSocketChannel.doReadBytes(NioSocketChannel.java:350)
	at io.netty.channel.nio.AbstractNioByteChannel$NioByteUnsafe.read(AbstractNioByteChannel.java:151)
	at io.netty.channel.nio.NioEventLoop.processSelectedKey(NioEventLoop.java:722)
	at io.netty.channel.nio.NioEventLoop.processSelectedKeysOptimized(NioEventLoop.java:658)
	at io.netty.channel.nio.NioEventLoop.processSelectedKeys(NioEventLoop.java:584)
	at io.netty.channel.nio.NioEventLoop.run(NioEventLoop.java:496)
	at io.netty.util.concurrent.SingleThreadEventExecutor$4.run(SingleThreadEventExecutor.java:986)
	at io.netty.util.internal.ThreadExecutorMap$2.run(ThreadExecutorMap.java:74)
	at io.netty.util.concurrent.FastThreadLocalRunnable.run(FastThreadLocalRunnable.java:30)
	at java.base/java.lang.Thread.run(Thread.java:830)
22:15:17.932 [AsyncHttpClient-1-2] DEBUG org.asynchttpclient.netty.channel.ChannelManager - Closing Channel [id: 0xbffd0be6, L:/127.0.0.1:64032 - R:localhost/127.0.0.1:64027] 
22:15:17.932 [AsyncHttpClient-1-2] DEBUG org.asynchttpclient.netty.handler.HttpHandler - Channel Closed: [id: 0xbffd0be6, L:/127.0.0.1:64032 ! R:localhost/127.0.0.1:64027] with attribute DISCARD
22:15:17.953 [AsyncHttpClient-1-17] DEBUG org.asynchttpclient.netty.handler.HttpHandler - 

Request DefaultFullHttpRequest(decodeResult: success, version: HTTP/1.1, content: EmptyByteBufBE)
DELETE /session/bf499902cb3a8ce257fed9d0b4af05c0 HTTP/1.1
User-Agent: selenium/4.1.2 (java windows)
Content-Type: application/json; charset=utf-8
host: localhost:49383
accept: */*

Response DefaultHttpResponse(decodeResult: success, version: HTTP/1.1)
HTTP/1.1 200 OK
Content-Type: application/json; charset=utf-8
cache-control: no-cache
content-length: 14

22:15:17.953 [AsyncHttpClient-1-17] DEBUG org.asynchttpclient.netty.channel.ChannelManager - Adding key: http://localhost:49383 for channel [id: 0xa42ef49f, L:/127.0.0.1:64025 - R:localhost/127.0.0.1:49383]
22:15:18.086 [AsyncHttpClient-1-17] DEBUG org.asynchttpclient.netty.handler.HttpHandler - Channel Closed: [id: 0xa42ef49f, L:/127.0.0.1:64025 ! R:localhost/127.0.0.1:49383] with attribute DISCARD
22:15:18.539 [AsyncHttpClient-1-1] DEBUG org.asynchttpclient.netty.channel.DefaultChannelPool - Entry count for : http://localhost:49383 : 1
22:15:18.539 [AsyncHttpClient-1-1] DEBUG org.asynchttpclient.netty.channel.DefaultChannelPool - Entry count for : http://localhost:64027 : 1
22:15:18.539 [AsyncHttpClient-1-1] DEBUG org.asynchttpclient.netty.channel.DefaultChannelPool - Adding Candidate expired Channel [id: 0xa42ef49f, L:/127.0.0.1:64025 ! R:localhost/127.0.0.1:49383] isIdleTimeoutExpired=false isRemotelyClosed=true isTtlExpired=false
22:15:18.539 [AsyncHttpClient-1-1] DEBUG org.asynchttpclient.netty.channel.DefaultChannelPool - Closing Idle Channel [id: 0xa42ef49f, L:/127.0.0.1:64025 ! R:localhost/127.0.0.1:49383]
22:15:18.539 [AsyncHttpClient-1-1] DEBUG org.asynchttpclient.netty.channel.DefaultChannelPool - Adding Candidate expired Channel [id: 0xbffd0be6, L:/127.0.0.1:64032 ! R:localhost/127.0.0.1:64027] isIdleTimeoutExpired=false isRemotelyClosed=true isTtlExpired=false
22:15:18.539 [AsyncHttpClient-1-1] DEBUG org.asynchttpclient.netty.channel.DefaultChannelPool - Closing Idle Channel [id: 0xbffd0be6, L:/127.0.0.1:64032 ! R:localhost/127.0.0.1:64027]
22:15:18.539 [AsyncHttpClient-1-1] DEBUG org.asynchttpclient.netty.channel.DefaultChannelPool - Closed 2 connections out of 2 in 0 ms
]]></system-out>
    <system-err><![CDATA[Starting Microsoft Edge WebDriver 111.0.1661.62 (0a8f453929e6410c973aa529a40485ce4e3e03db) on port 49383
To submit feedback, report a bug, or suggest new features, please visit https://github.com/MicrosoftEdge/EdgeWebDriver

Only local connections are allowed.
Please see https://aka.ms/WebDriverSecurity for suggestions on keeping Microsoft Edge WebDriver safe.

Microsoft Edge WebDriver was started successfully.
Apr 05, 2023 10:15:00 PM org.openqa.selenium.remote.ProtocolHandshake createSession
INFO: Detected dialect: W3C
Apr 05, 2023 10:15:00 PM org.openqa.selenium.devtools.CdpVersionFinder findNearestMatch
WARNING: Unable to find an exact match for CDP version 111, so returning the closest version found: a no-op implementation
Apr 05, 2023 10:15:00 PM org.openqa.selenium.devtools.CdpVersionFinder findNearestMatch
INFO: Unable to find CDP implementation matching 111.
Apr 05, 2023 10:15:00 PM org.openqa.selenium.chromium.ChromiumDriver lambda$new$3
WARNING: Unable to find version of CDP to use for . You may need to include a dependency on a specific version of the CDP using something similar to `org.seleniumhq.selenium:selenium-devtools-v86:4.1.2` where the version ("v86") matches the version of the chromium-based browser you're using and the version number of the artifact is the same as Selenium's.
]]></system-err>
  </testcase>
  <testcase name="Fitur Menu Baby #23" classname="Baby" time="11.579">
    <system-out><![CDATA[
Scenario Outline: Fitur Menu Baby &amp#27;[90m# src/test/resources/features/Baby.feature:115&amp#27;[0m
22:15:18.668 [main] INFO io.cucumber.core.plugin.SerenityReporter - Running feature from file:///C:/Users/alwi/IdeaProjects/uniqloweb/src/test/resources/features/Baby.feature
22:15:18.780 [main] DEBUG io.github.bonigarcia.wdm.cache.ResolutionCache - Resolution edge=111 in cache (valid until 23:09:49 05/04/2023 WIB)
22:15:18.783 [main] DEBUG io.github.bonigarcia.wdm.cache.ResolutionCache - Resolution edge111=111.0.1661.62 in cache (valid until 15:17:30 06/04/2023 WIB)
22:15:18.784 [main] INFO io.github.bonigarcia.wdm.WebDriverManager - Using msedgedriver 111.0.1661.62 (resolved driver for Edge 111)
22:15:18.795 [main] DEBUG io.github.bonigarcia.wdm.WebDriverManager - Driver msedgedriver 111.0.1661.62 found in cache
22:15:18.796 [main] INFO io.github.bonigarcia.wdm.WebDriverManager - Exporting webdriver.edge.driver as C:\Users\alwi\.cache\selenium\msedgedriver\win64\111.0.1661.62\msedgedriver.exe
22:15:18.797 [main] DEBUG net.serenitybdd.core.webdriver.driverproviders.ProvideNewDriver - Instantiating driver
22:15:18.797 [main] DEBUG net.serenitybdd.core.webdriver.driverproviders.ProvideNewDriver - Driver capabilities: Capabilities {base.url: https://www.uniqlo.com, chrome.driver: src/test/resources/webdrive..., driver: edge, ms:edgeChromium: true, ms:edgeOptions: {}, wait.for.timeout: 6000}
22:15:19.347 [AsyncHttpClient-1-4] DEBUG org.asynchttpclient.netty.channel.NettyConnectListener - Using new Channel '[id: 0xb4e39a75, L:/127.0.0.1:64170 - R:localhost/127.0.0.1:61792]' for 'POST' to '/session'
22:15:19.901 [AsyncHttpClient-1-4] DEBUG org.asynchttpclient.netty.handler.HttpHandler - 

Request DefaultHttpRequest(decodeResult: success, version: HTTP/1.1)
POST /session HTTP/1.1
User-Agent: selenium/4.1.2 (java windows)
Content-Length: 627
Content-Type: application/json; charset=utf-8
host: localhost:61792
accept: */*

Response DefaultHttpResponse(decodeResult: success, version: HTTP/1.1)
HTTP/1.1 200 OK
Content-Type: application/json; charset=utf-8
cache-control: no-cache
content-length: 823

22:15:19.901 [AsyncHttpClient-1-4] DEBUG org.asynchttpclient.netty.channel.ChannelManager - Adding key: http://localhost:61792 for channel [id: 0xb4e39a75, L:/127.0.0.1:64170 - R:localhost/127.0.0.1:61792]
22:15:19.909 [AsyncHttpClient-1-5] DEBUG org.asynchttpclient.netty.channel.NettyConnectListener - Using new Channel '[id: 0xda7c12bb, L:/127.0.0.1:64177 - R:localhost/127.0.0.1:64171]' for 'GET' to '/json/version'
22:15:19.910 [AsyncHttpClient-1-5] DEBUG org.asynchttpclient.netty.handler.HttpHandler - 

Request DefaultFullHttpRequest(decodeResult: success, version: HTTP/1.1, content: EmptyByteBufBE)
GET /json/version HTTP/1.1
User-Agent: selenium/4.1.2 (java windows)
host: localhost:64171
accept: */*

Response DefaultHttpResponse(decodeResult: success, version: HTTP/1.1)
HTTP/1.1 200 OK
Content-Security-Policy: frame-ancestors 'none'
Content-Type: application/json; charset=UTF-8
content-length: 436

22:15:19.910 [AsyncHttpClient-1-5] DEBUG org.asynchttpclient.netty.channel.ChannelManager - Adding key: http://localhost:64171 for channel [id: 0xda7c12bb, L:/127.0.0.1:64177 - R:localhost/127.0.0.1:64171]
22:15:19.912 [AsyncHttpClient-1-6] DEBUG org.asynchttpclient.netty.channel.NettyConnectListener - Using new Channel '[id: 0x4009ec4f, L:/127.0.0.1:64178 - R:localhost/127.0.0.1:64171]' for 'GET' to '/devtools/browser/d03ef45a-87d5-453f-8ed8-2d0ed3721732'
22:15:19.912 [AsyncHttpClient-1-6] DEBUG org.asynchttpclient.netty.handler.WebSocketHandler - 

Request DefaultFullHttpRequest(decodeResult: success, version: HTTP/1.1, content: EmptyByteBufBE)
GET /devtools/browser/d03ef45a-87d5-453f-8ed8-2d0ed3721732 HTTP/1.1
upgrade: websocket
connection: upgrade
sec-websocket-key: kMtxOu++WqNuZwCLHwa+Ig==
sec-websocket-version: 13
origin: http://localhost:64171
host: localhost:64171
accept: */*
user-agent: AHC/2.1

Response DefaultHttpResponse(decodeResult: success, version: HTTP/1.1)
HTTP/1.1 101 WebSocket Protocol Handshake
Upgrade: WebSocket
Connection: Upgrade
Sec-WebSocket-Accept: rD20JCn6kMTiWxDCH9jFHb03sL0=

22:15:19.915 [Forwarding get on session 1d42de2edf1d2955ddffd5dbd9d837a1 to remote] DEBUG org.asynchttpclient.netty.request.NettyRequestSender - Using pooled Channel '[id: 0xb4e39a75, L:/127.0.0.1:64170 - R:localhost/127.0.0.1:61792]' for 'POST' to 'http://localhost:61792/session/1d42de2edf1d2955ddffd5dbd9d837a1/url'
22:15:19.915 [Forwarding get on session 1d42de2edf1d2955ddffd5dbd9d837a1 to remote] DEBUG org.asynchttpclient.netty.request.NettyRequestSender - Using open Channel [id: 0xb4e39a75, L:/127.0.0.1:64170 - R:localhost/127.0.0.1:61792] for POST '/session/1d42de2edf1d2955ddffd5dbd9d837a1/url'
22:15:20.745 [AsyncHttpClient-1-1] DEBUG org.asynchttpclient.netty.channel.DefaultChannelPool - Entry count for : http://localhost:64171 : 1
22:15:21.838 [AsyncHttpClient-1-1] DEBUG org.asynchttpclient.netty.channel.DefaultChannelPool - Entry count for : http://localhost:64171 : 1
22:15:22.938 [AsyncHttpClient-1-1] DEBUG org.asynchttpclient.netty.channel.DefaultChannelPool - Entry count for : http://localhost:64171 : 1
22:15:24.041 [AsyncHttpClient-1-1] DEBUG org.asynchttpclient.netty.channel.DefaultChannelPool - Entry count for : http://localhost:64171 : 1
22:15:25.138 [AsyncHttpClient-1-1] DEBUG org.asynchttpclient.netty.channel.DefaultChannelPool - Entry count for : http://localhost:64171 : 1
22:15:26.248 [AsyncHttpClient-1-1] DEBUG org.asynchttpclient.netty.channel.DefaultChannelPool - Entry count for : http://localhost:64171 : 1
22:15:27.102 [AsyncHttpClient-1-4] DEBUG org.asynchttpclient.netty.handler.HttpHandler - 

Request DefaultHttpRequest(decodeResult: success, version: HTTP/1.1)
POST /session/1d42de2edf1d2955ddffd5dbd9d837a1/url HTTP/1.1
User-Agent: selenium/4.1.2 (java windows)
Content-Length: 53
Content-Type: application/json; charset=utf-8
host: localhost:61792
accept: */*

Response DefaultHttpResponse(decodeResult: success, version: HTTP/1.1)
HTTP/1.1 200 OK
Content-Type: application/json; charset=utf-8
cache-control: no-cache
content-length: 14

22:15:27.102 [AsyncHttpClient-1-4] DEBUG org.asynchttpclient.netty.channel.ChannelManager - Adding key: http://localhost:61792 for channel [id: 0xb4e39a75, L:/127.0.0.1:64170 - R:localhost/127.0.0.1:61792]
22:15:27.104 [Forwarding setTimeout on session 1d42de2edf1d2955ddffd5dbd9d837a1 to remote] DEBUG org.asynchttpclient.netty.request.NettyRequestSender - Using pooled Channel '[id: 0xb4e39a75, L:/127.0.0.1:64170 - R:localhost/127.0.0.1:61792]' for 'POST' to 'http://localhost:61792/session/1d42de2edf1d2955ddffd5dbd9d837a1/timeouts'
22:15:27.104 [Forwarding setTimeout on session 1d42de2edf1d2955ddffd5dbd9d837a1 to remote] DEBUG org.asynchttpclient.netty.request.NettyRequestSender - Using open Channel [id: 0xb4e39a75, L:/127.0.0.1:64170 - R:localhost/127.0.0.1:61792] for POST '/session/1d42de2edf1d2955ddffd5dbd9d837a1/timeouts'
22:15:27.105 [AsyncHttpClient-1-4] DEBUG org.asynchttpclient.netty.handler.HttpHandler - 

Request DefaultHttpRequest(decodeResult: success, version: HTTP/1.1)
POST /session/1d42de2edf1d2955ddffd5dbd9d837a1/timeouts HTTP/1.1
User-Agent: selenium/4.1.2 (java windows)
Content-Length: 22
Content-Type: application/json; charset=utf-8
host: localhost:61792
accept: */*

Response DefaultHttpResponse(decodeResult: success, version: HTTP/1.1)
HTTP/1.1 200 OK
Content-Type: application/json; charset=utf-8
cache-control: no-cache
content-length: 14

22:15:27.105 [AsyncHttpClient-1-4] DEBUG org.asynchttpclient.netty.channel.ChannelManager - Adding key: http://localhost:61792 for channel [id: 0xb4e39a75, L:/127.0.0.1:64170 - R:localhost/127.0.0.1:61792]
22:15:27.108 [Forwarding getCurrentUrl on session 1d42de2edf1d2955ddffd5dbd9d837a1 to remote] DEBUG org.asynchttpclient.netty.request.NettyRequestSender - Using pooled Channel '[id: 0xb4e39a75, L:/127.0.0.1:64170 - R:localhost/127.0.0.1:61792]' for 'GET' to 'http://localhost:61792/session/1d42de2edf1d2955ddffd5dbd9d837a1/url'
22:15:27.108 [Forwarding getCurrentUrl on session 1d42de2edf1d2955ddffd5dbd9d837a1 to remote] DEBUG org.asynchttpclient.netty.request.NettyRequestSender - Using open Channel [id: 0xb4e39a75, L:/127.0.0.1:64170 - R:localhost/127.0.0.1:61792] for GET '/session/1d42de2edf1d2955ddffd5dbd9d837a1/url'
22:15:27.134 [AsyncHttpClient-1-4] DEBUG org.asynchttpclient.netty.handler.HttpHandler - 

Request DefaultFullHttpRequest(decodeResult: success, version: HTTP/1.1, content: EmptyByteBufBE)
GET /session/1d42de2edf1d2955ddffd5dbd9d837a1/url HTTP/1.1
User-Agent: selenium/4.1.2 (java windows)
Cache-Control: no-cache
Content-Type: application/json; charset=utf-8
host: localhost:61792
accept: */*

Response DefaultHttpResponse(decodeResult: success, version: HTTP/1.1)
HTTP/1.1 200 OK
Content-Type: application/json; charset=utf-8
cache-control: no-cache
content-length: 41

22:15:27.134 [AsyncHttpClient-1-4] DEBUG org.asynchttpclient.netty.channel.ChannelManager - Adding key: http://localhost:61792 for channel [id: 0xb4e39a75, L:/127.0.0.1:64170 - R:localhost/127.0.0.1:61792]
  &amp#27;[32mGiven &amp#27;[0m&amp#27;[32mI am on the home page&amp#27;[0m     &amp#27;[90m# starter.stepdefinitions.BabyStep.iAmOnTheHomePage()&amp#27;[0m
22:15:27.140 [Forwarding screenshot on session 1d42de2edf1d2955ddffd5dbd9d837a1 to remote] DEBUG org.asynchttpclient.netty.request.NettyRequestSender - Using pooled Channel '[id: 0xb4e39a75, L:/127.0.0.1:64170 - R:localhost/127.0.0.1:61792]' for 'GET' to 'http://localhost:61792/session/1d42de2edf1d2955ddffd5dbd9d837a1/screenshot'
22:15:27.140 [Forwarding screenshot on session 1d42de2edf1d2955ddffd5dbd9d837a1 to remote] DEBUG org.asynchttpclient.netty.request.NettyRequestSender - Using open Channel [id: 0xb4e39a75, L:/127.0.0.1:64170 - R:localhost/127.0.0.1:61792] for GET '/session/1d42de2edf1d2955ddffd5dbd9d837a1/screenshot'
22:15:27.340 [AsyncHttpClient-1-1] DEBUG org.asynchttpclient.netty.channel.DefaultChannelPool - Entry count for : http://localhost:64171 : 1
22:15:27.471 [AsyncHttpClient-1-4] DEBUG org.asynchttpclient.netty.handler.HttpHandler - 

Request DefaultFullHttpRequest(decodeResult: success, version: HTTP/1.1, content: EmptyByteBufBE)
GET /session/1d42de2edf1d2955ddffd5dbd9d837a1/screenshot HTTP/1.1
User-Agent: selenium/4.1.2 (java windows)
Cache-Control: no-cache
Content-Type: application/json; charset=utf-8
host: localhost:61792
accept: */*

Response DefaultHttpResponse(decodeResult: success, version: HTTP/1.1)
HTTP/1.1 200 OK
Content-Type: application/json; charset=utf-8
cache-control: no-cache
content-length: 1119968

22:15:27.473 [AsyncHttpClient-1-4] DEBUG org.asynchttpclient.netty.channel.ChannelManager - Adding key: http://localhost:61792 for channel [id: 0xb4e39a75, L:/127.0.0.1:64170 - R:localhost/127.0.0.1:61792]
22:15:27.510 [main] DEBUG net.serenitybdd.core.photography.Darkroom - Send negative for processing for target\site\serenity\3d1b19ad31921c0beae4332facd941fcc81467ad5802877977ec6c100df601ce.png
22:15:27.522 [Forwarding findElement on session 1d42de2edf1d2955ddffd5dbd9d837a1 to remote] DEBUG org.asynchttpclient.netty.request.NettyRequestSender - Using pooled Channel '[id: 0xb4e39a75, L:/127.0.0.1:64170 - R:localhost/127.0.0.1:61792]' for 'POST' to 'http://localhost:61792/session/1d42de2edf1d2955ddffd5dbd9d837a1/element'
22:15:27.522 [Forwarding findElement on session 1d42de2edf1d2955ddffd5dbd9d837a1 to remote] DEBUG org.asynchttpclient.netty.request.NettyRequestSender - Using open Channel [id: 0xb4e39a75, L:/127.0.0.1:64170 - R:localhost/127.0.0.1:61792] for POST '/session/1d42de2edf1d2955ddffd5dbd9d837a1/element'
22:15:27.534 [AsyncHttpClient-1-4] DEBUG org.asynchttpclient.netty.handler.HttpHandler - 

Request DefaultHttpRequest(decodeResult: success, version: HTTP/1.1)
POST /session/1d42de2edf1d2955ddffd5dbd9d837a1/element HTTP/1.1
User-Agent: selenium/4.1.2 (java windows)
Content-Length: 81
Content-Type: application/json; charset=utf-8
host: localhost:61792
accept: */*

Response DefaultHttpResponse(decodeResult: success, version: HTTP/1.1)
HTTP/1.1 200 OK
Content-Type: application/json; charset=utf-8
cache-control: no-cache
content-length: 88

22:15:27.535 [AsyncHttpClient-1-4] DEBUG org.asynchttpclient.netty.channel.ChannelManager - Adding key: http://localhost:61792 for channel [id: 0xb4e39a75, L:/127.0.0.1:64170 - R:localhost/127.0.0.1:61792]
22:15:27.536 [Forwarding getElementTagName on session 1d42de2edf1d2955ddffd5dbd9d837a1 to remote] DEBUG org.asynchttpclient.netty.request.NettyRequestSender - Using pooled Channel '[id: 0xb4e39a75, L:/127.0.0.1:64170 - R:localhost/127.0.0.1:61792]' for 'GET' to 'http://localhost:61792/session/1d42de2edf1d2955ddffd5dbd9d837a1/element/6bc31961-b7e2-4e8f-8379-ca1db47f829a/name'
22:15:27.536 [Forwarding getElementTagName on session 1d42de2edf1d2955ddffd5dbd9d837a1 to remote] DEBUG org.asynchttpclient.netty.request.NettyRequestSender - Using open Channel [id: 0xb4e39a75, L:/127.0.0.1:64170 - R:localhost/127.0.0.1:61792] for GET '/session/1d42de2edf1d2955ddffd5dbd9d837a1/element/6bc31961-b7e2-4e8f-8379-ca1db47f829a/name'
22:15:27.539 [AsyncHttpClient-1-4] DEBUG org.asynchttpclient.netty.handler.HttpHandler - 

Request DefaultFullHttpRequest(decodeResult: success, version: HTTP/1.1, content: EmptyByteBufBE)
GET /session/1d42de2edf1d2955ddffd5dbd9d837a1/element/6bc31961-b7e2-4e8f-8379-ca1db47f829a/name HTTP/1.1
User-Agent: selenium/4.1.2 (java windows)
Cache-Control: no-cache
Content-Type: application/json; charset=utf-8
host: localhost:61792
accept: */*

Response DefaultHttpResponse(decodeResult: success, version: HTTP/1.1)
HTTP/1.1 200 OK
Content-Type: application/json; charset=utf-8
cache-control: no-cache
content-length: 16

22:15:27.539 [AsyncHttpClient-1-4] DEBUG org.asynchttpclient.netty.channel.ChannelManager - Adding key: http://localhost:61792 for channel [id: 0xb4e39a75, L:/127.0.0.1:64170 - R:localhost/127.0.0.1:61792]
22:15:27.540 [Forwarding getElementTagName on session 1d42de2edf1d2955ddffd5dbd9d837a1 to remote] DEBUG org.asynchttpclient.netty.request.NettyRequestSender - Using pooled Channel '[id: 0xb4e39a75, L:/127.0.0.1:64170 - R:localhost/127.0.0.1:61792]' for 'GET' to 'http://localhost:61792/session/1d42de2edf1d2955ddffd5dbd9d837a1/element/6bc31961-b7e2-4e8f-8379-ca1db47f829a/name'
22:15:27.540 [Forwarding getElementTagName on session 1d42de2edf1d2955ddffd5dbd9d837a1 to remote] DEBUG org.asynchttpclient.netty.request.NettyRequestSender - Using open Channel [id: 0xb4e39a75, L:/127.0.0.1:64170 - R:localhost/127.0.0.1:61792] for GET '/session/1d42de2edf1d2955ddffd5dbd9d837a1/element/6bc31961-b7e2-4e8f-8379-ca1db47f829a/name'
22:15:27.543 [AsyncHttpClient-1-4] DEBUG org.asynchttpclient.netty.handler.HttpHandler - 

Request DefaultFullHttpRequest(decodeResult: success, version: HTTP/1.1, content: EmptyByteBufBE)
GET /session/1d42de2edf1d2955ddffd5dbd9d837a1/element/6bc31961-b7e2-4e8f-8379-ca1db47f829a/name HTTP/1.1
User-Agent: selenium/4.1.2 (java windows)
Cache-Control: no-cache
Content-Type: application/json; charset=utf-8
host: localhost:61792
accept: */*

Response DefaultHttpResponse(decodeResult: success, version: HTTP/1.1)
HTTP/1.1 200 OK
Content-Type: application/json; charset=utf-8
cache-control: no-cache
content-length: 16

22:15:27.543 [AsyncHttpClient-1-4] DEBUG org.asynchttpclient.netty.channel.ChannelManager - Adding key: http://localhost:61792 for channel [id: 0xb4e39a75, L:/127.0.0.1:64170 - R:localhost/127.0.0.1:61792]
22:15:27.545 [Forwarding findElement on session 1d42de2edf1d2955ddffd5dbd9d837a1 to remote] DEBUG org.asynchttpclient.netty.request.NettyRequestSender - Using pooled Channel '[id: 0xb4e39a75, L:/127.0.0.1:64170 - R:localhost/127.0.0.1:61792]' for 'POST' to 'http://localhost:61792/session/1d42de2edf1d2955ddffd5dbd9d837a1/element'
22:15:27.545 [Forwarding findElement on session 1d42de2edf1d2955ddffd5dbd9d837a1 to remote] DEBUG org.asynchttpclient.netty.request.NettyRequestSender - Using open Channel [id: 0xb4e39a75, L:/127.0.0.1:64170 - R:localhost/127.0.0.1:61792] for POST '/session/1d42de2edf1d2955ddffd5dbd9d837a1/element'
22:15:27.551 [AsyncHttpClient-1-4] DEBUG org.asynchttpclient.netty.handler.HttpHandler - 

Request DefaultHttpRequest(decodeResult: success, version: HTTP/1.1)
POST /session/1d42de2edf1d2955ddffd5dbd9d837a1/element HTTP/1.1
User-Agent: selenium/4.1.2 (java windows)
Content-Length: 81
Content-Type: application/json; charset=utf-8
host: localhost:61792
accept: */*

Response DefaultHttpResponse(decodeResult: success, version: HTTP/1.1)
HTTP/1.1 200 OK
Content-Type: application/json; charset=utf-8
cache-control: no-cache
content-length: 88

22:15:27.551 [AsyncHttpClient-1-4] DEBUG org.asynchttpclient.netty.channel.ChannelManager - Adding key: http://localhost:61792 for channel [id: 0xb4e39a75, L:/127.0.0.1:64170 - R:localhost/127.0.0.1:61792]
22:15:27.552 [Forwarding clickElement on session 1d42de2edf1d2955ddffd5dbd9d837a1 to remote] DEBUG org.asynchttpclient.netty.request.NettyRequestSender - Using pooled Channel '[id: 0xb4e39a75, L:/127.0.0.1:64170 - R:localhost/127.0.0.1:61792]' for 'POST' to 'http://localhost:61792/session/1d42de2edf1d2955ddffd5dbd9d837a1/element/6bc31961-b7e2-4e8f-8379-ca1db47f829a/click'
22:15:27.552 [Forwarding clickElement on session 1d42de2edf1d2955ddffd5dbd9d837a1 to remote] DEBUG org.asynchttpclient.netty.request.NettyRequestSender - Using open Channel [id: 0xb4e39a75, L:/127.0.0.1:64170 - R:localhost/127.0.0.1:61792] for POST '/session/1d42de2edf1d2955ddffd5dbd9d837a1/element/6bc31961-b7e2-4e8f-8379-ca1db47f829a/click'
22:15:27.968 [AsyncHttpClient-1-4] DEBUG org.asynchttpclient.netty.handler.HttpHandler - 

Request DefaultHttpRequest(decodeResult: success, version: HTTP/1.1)
POST /session/1d42de2edf1d2955ddffd5dbd9d837a1/element/6bc31961-b7e2-4e8f-8379-ca1db47f829a/click HTTP/1.1
User-Agent: selenium/4.1.2 (java windows)
Content-Length: 50
Content-Type: application/json; charset=utf-8
host: localhost:61792
accept: */*

Response DefaultHttpResponse(decodeResult: success, version: HTTP/1.1)
HTTP/1.1 200 OK
Content-Type: application/json; charset=utf-8
cache-control: no-cache
content-length: 14

22:15:27.968 [AsyncHttpClient-1-4] DEBUG org.asynchttpclient.netty.channel.ChannelManager - Adding key: http://localhost:61792 for channel [id: 0xb4e39a75, L:/127.0.0.1:64170 - R:localhost/127.0.0.1:61792]
  &amp#27;[32mThen &amp#27;[0m&amp#27;[32mI click baby on the header&amp#27;[0m &amp#27;[90m# starter.stepdefinitions.BabyStep.iClickBabyOnTheHeader()&amp#27;[0m
22:15:27.977 [Forwarding screenshot on session 1d42de2edf1d2955ddffd5dbd9d837a1 to remote] DEBUG org.asynchttpclient.netty.request.NettyRequestSender - Using pooled Channel '[id: 0xb4e39a75, L:/127.0.0.1:64170 - R:localhost/127.0.0.1:61792]' for 'GET' to 'http://localhost:61792/session/1d42de2edf1d2955ddffd5dbd9d837a1/screenshot'
22:15:27.978 [Forwarding screenshot on session 1d42de2edf1d2955ddffd5dbd9d837a1 to remote] DEBUG org.asynchttpclient.netty.request.NettyRequestSender - Using open Channel [id: 0xb4e39a75, L:/127.0.0.1:64170 - R:localhost/127.0.0.1:61792] for GET '/session/1d42de2edf1d2955ddffd5dbd9d837a1/screenshot'
22:15:28.439 [AsyncHttpClient-1-1] DEBUG org.asynchttpclient.netty.channel.DefaultChannelPool - Entry count for : http://localhost:64171 : 1
22:15:28.738 [AsyncHttpClient-1-4] DEBUG org.asynchttpclient.netty.handler.HttpHandler - 

Request DefaultFullHttpRequest(decodeResult: success, version: HTTP/1.1, content: EmptyByteBufBE)
GET /session/1d42de2edf1d2955ddffd5dbd9d837a1/screenshot HTTP/1.1
User-Agent: selenium/4.1.2 (java windows)
Cache-Control: no-cache
Content-Type: application/json; charset=utf-8
host: localhost:61792
accept: */*

Response DefaultHttpResponse(decodeResult: success, version: HTTP/1.1)
HTTP/1.1 200 OK
Content-Type: application/json; charset=utf-8
cache-control: no-cache
content-length: 137764

22:15:28.739 [AsyncHttpClient-1-4] DEBUG org.asynchttpclient.netty.channel.ChannelManager - Adding key: http://localhost:61792 for channel [id: 0xb4e39a75, L:/127.0.0.1:64170 - R:localhost/127.0.0.1:61792]
22:15:28.742 [main] DEBUG net.serenitybdd.core.photography.Darkroom - Send negative for processing for target\site\serenity\0be983da6af67cf6610257f6939cb093aa0bb702c0e247bbd92a0fb853a68a36.png
22:15:28.743 [Darkroom Processing Line] DEBUG net.serenitybdd.core.photography.DarkroomProcessingLine - Processing screenshot image in /var/screenshots/screenshot-10022609153411826960
22:15:28.743 [Darkroom Processing Line] DEBUG net.serenitybdd.core.photography.DarkroomProcessingLine - Saving screenshot to target\site\serenity\0be983da6af67cf6610257f6939cb093aa0bb702c0e247bbd92a0fb853a68a36.png
22:15:28.750 [Forwarding findElement on session 1d42de2edf1d2955ddffd5dbd9d837a1 to remote] DEBUG org.asynchttpclient.netty.request.NettyRequestSender - Using pooled Channel '[id: 0xb4e39a75, L:/127.0.0.1:64170 - R:localhost/127.0.0.1:61792]' for 'POST' to 'http://localhost:61792/session/1d42de2edf1d2955ddffd5dbd9d837a1/element'
22:15:28.750 [Forwarding findElement on session 1d42de2edf1d2955ddffd5dbd9d837a1 to remote] DEBUG org.asynchttpclient.netty.request.NettyRequestSender - Using open Channel [id: 0xb4e39a75, L:/127.0.0.1:64170 - R:localhost/127.0.0.1:61792] for POST '/session/1d42de2edf1d2955ddffd5dbd9d837a1/element'
22:15:28.775 [AsyncHttpClient-1-4] DEBUG org.asynchttpclient.netty.handler.HttpHandler - 

Request DefaultHttpRequest(decodeResult: success, version: HTTP/1.1)
POST /session/1d42de2edf1d2955ddffd5dbd9d837a1/element HTTP/1.1
User-Agent: selenium/4.1.2 (java windows)
Content-Length: 110
Content-Type: application/json; charset=utf-8
host: localhost:61792
accept: */*

Response DefaultHttpResponse(decodeResult: success, version: HTTP/1.1)
HTTP/1.1 200 OK
Content-Type: application/json; charset=utf-8
cache-control: no-cache
content-length: 88

22:15:28.775 [AsyncHttpClient-1-4] DEBUG org.asynchttpclient.netty.channel.ChannelManager - Adding key: http://localhost:61792 for channel [id: 0xb4e39a75, L:/127.0.0.1:64170 - R:localhost/127.0.0.1:61792]
22:15:28.776 [Forwarding getElementTagName on session 1d42de2edf1d2955ddffd5dbd9d837a1 to remote] DEBUG org.asynchttpclient.netty.request.NettyRequestSender - Using pooled Channel '[id: 0xb4e39a75, L:/127.0.0.1:64170 - R:localhost/127.0.0.1:61792]' for 'GET' to 'http://localhost:61792/session/1d42de2edf1d2955ddffd5dbd9d837a1/element/c865b60d-3994-4020-9dbe-377a57f994a0/name'
22:15:28.776 [Forwarding getElementTagName on session 1d42de2edf1d2955ddffd5dbd9d837a1 to remote] DEBUG org.asynchttpclient.netty.request.NettyRequestSender - Using open Channel [id: 0xb4e39a75, L:/127.0.0.1:64170 - R:localhost/127.0.0.1:61792] for GET '/session/1d42de2edf1d2955ddffd5dbd9d837a1/element/c865b60d-3994-4020-9dbe-377a57f994a0/name'
22:15:28.779 [AsyncHttpClient-1-4] DEBUG org.asynchttpclient.netty.handler.HttpHandler - 

Request DefaultFullHttpRequest(decodeResult: success, version: HTTP/1.1, content: EmptyByteBufBE)
GET /session/1d42de2edf1d2955ddffd5dbd9d837a1/element/c865b60d-3994-4020-9dbe-377a57f994a0/name HTTP/1.1
User-Agent: selenium/4.1.2 (java windows)
Cache-Control: no-cache
Content-Type: application/json; charset=utf-8
host: localhost:61792
accept: */*

Response DefaultHttpResponse(decodeResult: success, version: HTTP/1.1)
HTTP/1.1 200 OK
Content-Type: application/json; charset=utf-8
cache-control: no-cache
content-length: 16

22:15:28.779 [AsyncHttpClient-1-4] DEBUG org.asynchttpclient.netty.channel.ChannelManager - Adding key: http://localhost:61792 for channel [id: 0xb4e39a75, L:/127.0.0.1:64170 - R:localhost/127.0.0.1:61792]
22:15:28.780 [Forwarding getElementTagName on session 1d42de2edf1d2955ddffd5dbd9d837a1 to remote] DEBUG org.asynchttpclient.netty.request.NettyRequestSender - Using pooled Channel '[id: 0xb4e39a75, L:/127.0.0.1:64170 - R:localhost/127.0.0.1:61792]' for 'GET' to 'http://localhost:61792/session/1d42de2edf1d2955ddffd5dbd9d837a1/element/c865b60d-3994-4020-9dbe-377a57f994a0/name'
22:15:28.780 [Forwarding getElementTagName on session 1d42de2edf1d2955ddffd5dbd9d837a1 to remote] DEBUG org.asynchttpclient.netty.request.NettyRequestSender - Using open Channel [id: 0xb4e39a75, L:/127.0.0.1:64170 - R:localhost/127.0.0.1:61792] for GET '/session/1d42de2edf1d2955ddffd5dbd9d837a1/element/c865b60d-3994-4020-9dbe-377a57f994a0/name'
22:15:28.782 [AsyncHttpClient-1-4] DEBUG org.asynchttpclient.netty.handler.HttpHandler - 

Request DefaultFullHttpRequest(decodeResult: success, version: HTTP/1.1, content: EmptyByteBufBE)
GET /session/1d42de2edf1d2955ddffd5dbd9d837a1/element/c865b60d-3994-4020-9dbe-377a57f994a0/name HTTP/1.1
User-Agent: selenium/4.1.2 (java windows)
Cache-Control: no-cache
Content-Type: application/json; charset=utf-8
host: localhost:61792
accept: */*

Response DefaultHttpResponse(decodeResult: success, version: HTTP/1.1)
HTTP/1.1 200 OK
Content-Type: application/json; charset=utf-8
cache-control: no-cache
content-length: 16

22:15:28.782 [AsyncHttpClient-1-4] DEBUG org.asynchttpclient.netty.channel.ChannelManager - Adding key: http://localhost:61792 for channel [id: 0xb4e39a75, L:/127.0.0.1:64170 - R:localhost/127.0.0.1:61792]
22:15:28.783 [Forwarding findElement on session 1d42de2edf1d2955ddffd5dbd9d837a1 to remote] DEBUG org.asynchttpclient.netty.request.NettyRequestSender - Using pooled Channel '[id: 0xb4e39a75, L:/127.0.0.1:64170 - R:localhost/127.0.0.1:61792]' for 'POST' to 'http://localhost:61792/session/1d42de2edf1d2955ddffd5dbd9d837a1/element'
22:15:28.783 [Forwarding findElement on session 1d42de2edf1d2955ddffd5dbd9d837a1 to remote] DEBUG org.asynchttpclient.netty.request.NettyRequestSender - Using open Channel [id: 0xb4e39a75, L:/127.0.0.1:64170 - R:localhost/127.0.0.1:61792] for POST '/session/1d42de2edf1d2955ddffd5dbd9d837a1/element'
22:15:28.791 [AsyncHttpClient-1-4] DEBUG org.asynchttpclient.netty.handler.HttpHandler - 

Request DefaultHttpRequest(decodeResult: success, version: HTTP/1.1)
POST /session/1d42de2edf1d2955ddffd5dbd9d837a1/element HTTP/1.1
User-Agent: selenium/4.1.2 (java windows)
Content-Length: 110
Content-Type: application/json; charset=utf-8
host: localhost:61792
accept: */*

Response DefaultHttpResponse(decodeResult: success, version: HTTP/1.1)
HTTP/1.1 200 OK
Content-Type: application/json; charset=utf-8
cache-control: no-cache
content-length: 88

22:15:28.791 [AsyncHttpClient-1-4] DEBUG org.asynchttpclient.netty.channel.ChannelManager - Adding key: http://localhost:61792 for channel [id: 0xb4e39a75, L:/127.0.0.1:64170 - R:localhost/127.0.0.1:61792]
22:15:28.792 [Forwarding clickElement on session 1d42de2edf1d2955ddffd5dbd9d837a1 to remote] DEBUG org.asynchttpclient.netty.request.NettyRequestSender - Using pooled Channel '[id: 0xb4e39a75, L:/127.0.0.1:64170 - R:localhost/127.0.0.1:61792]' for 'POST' to 'http://localhost:61792/session/1d42de2edf1d2955ddffd5dbd9d837a1/element/c865b60d-3994-4020-9dbe-377a57f994a0/click'
22:15:28.792 [Forwarding clickElement on session 1d42de2edf1d2955ddffd5dbd9d837a1 to remote] DEBUG org.asynchttpclient.netty.request.NettyRequestSender - Using open Channel [id: 0xb4e39a75, L:/127.0.0.1:64170 - R:localhost/127.0.0.1:61792] for POST '/session/1d42de2edf1d2955ddffd5dbd9d837a1/element/c865b60d-3994-4020-9dbe-377a57f994a0/click'
22:15:29.022 [AsyncHttpClient-1-4] DEBUG org.asynchttpclient.netty.handler.HttpHandler - 

Request DefaultHttpRequest(decodeResult: success, version: HTTP/1.1)
POST /session/1d42de2edf1d2955ddffd5dbd9d837a1/element/c865b60d-3994-4020-9dbe-377a57f994a0/click HTTP/1.1
User-Agent: selenium/4.1.2 (java windows)
Content-Length: 50
Content-Type: application/json; charset=utf-8
host: localhost:61792
accept: */*

Response DefaultHttpResponse(decodeResult: success, version: HTTP/1.1)
HTTP/1.1 200 OK
Content-Type: application/json; charset=utf-8
cache-control: no-cache
content-length: 14

22:15:29.022 [AsyncHttpClient-1-4] DEBUG org.asynchttpclient.netty.channel.ChannelManager - Adding key: http://localhost:61792 for channel [id: 0xb4e39a75, L:/127.0.0.1:64170 - R:localhost/127.0.0.1:61792]
  &amp#27;[32mWhen &amp#27;[0m&amp#27;[32mI will go to &amp#27;[0m&amp#27;[32m&amp#27;[1m"dalamanAtas"&amp#27;[0m &amp#27;[90m# starter.stepdefinitions.BabyStep.iWillGoTo(java.lang.String)&amp#27;[0m
22:15:29.028 [Forwarding screenshot on session 1d42de2edf1d2955ddffd5dbd9d837a1 to remote] DEBUG org.asynchttpclient.netty.request.NettyRequestSender - Using pooled Channel '[id: 0xb4e39a75, L:/127.0.0.1:64170 - R:localhost/127.0.0.1:61792]' for 'GET' to 'http://localhost:61792/session/1d42de2edf1d2955ddffd5dbd9d837a1/screenshot'
22:15:29.028 [Forwarding screenshot on session 1d42de2edf1d2955ddffd5dbd9d837a1 to remote] DEBUG org.asynchttpclient.netty.request.NettyRequestSender - Using open Channel [id: 0xb4e39a75, L:/127.0.0.1:64170 - R:localhost/127.0.0.1:61792] for GET '/session/1d42de2edf1d2955ddffd5dbd9d837a1/screenshot'
22:15:29.335 [AsyncHttpClient-1-4] DEBUG org.asynchttpclient.netty.handler.HttpHandler - 

Request DefaultFullHttpRequest(decodeResult: success, version: HTTP/1.1, content: EmptyByteBufBE)
GET /session/1d42de2edf1d2955ddffd5dbd9d837a1/screenshot HTTP/1.1
User-Agent: selenium/4.1.2 (java windows)
Cache-Control: no-cache
Content-Type: application/json; charset=utf-8
host: localhost:61792
accept: */*

Response DefaultHttpResponse(decodeResult: success, version: HTTP/1.1)
HTTP/1.1 200 OK
Content-Type: application/json; charset=utf-8
cache-control: no-cache
content-length: 87996

22:15:29.336 [AsyncHttpClient-1-4] DEBUG org.asynchttpclient.netty.channel.ChannelManager - Adding key: http://localhost:61792 for channel [id: 0xb4e39a75, L:/127.0.0.1:64170 - R:localhost/127.0.0.1:61792]
22:15:29.339 [main] DEBUG net.serenitybdd.core.photography.Darkroom - Send negative for processing for target\site\serenity\75bbb6e2caa8bd044572e4342b455aadfa87d1dc56ebee2a9f6e1433a96191c5.png
22:15:29.340 [Darkroom Processing Line] DEBUG net.serenitybdd.core.photography.DarkroomProcessingLine - Processing screenshot image in /var/screenshots/screenshot-1987630266548784187
22:15:29.340 [Darkroom Processing Line] DEBUG net.serenitybdd.core.photography.DarkroomProcessingLine - Saving screenshot to target\site\serenity\75bbb6e2caa8bd044572e4342b455aadfa87d1dc56ebee2a9f6e1433a96191c5.png
  &amp#27;[32mAnd &amp#27;[0m&amp#27;[32mI &amp#27;[0m&amp#27;[32m&amp#27;[1m""&amp#27;[0m&amp#27;[32m page&amp#27;[0m                   &amp#27;[90m# starter.stepdefinitions.BabyStep.iPage(java.lang.String)&amp#27;[0m
22:15:29.350 [AsyncHttpClient-1-6] DEBUG org.asynchttpclient.netty.handler.WebSocketHandler - Channel Closed: [id: 0x4009ec4f, L:/127.0.0.1:64178 ! R:localhost/127.0.0.1:64171] with attribute NettyResponseFuture{currentRetry=5,
	isDone=1,
	isCancelled=0,
	asyncHandler=org.asynchttpclient.ws.WebSocketUpgradeHandler@3b7d1004,
	nettyRequest=org.asynchttpclient.netty.request.NettyRequest@11a4a50d,
	future=java.util.concurrent.CompletableFuture@67fa0a88[Completed normally],
	uri=ws://localhost:64171/devtools/browser/d03ef45a-87d5-453f-8ed8-2d0ed3721732,
	keepAlive=true,
	redirectCount=0,
	timeoutsHolder=null,
	inAuth=0,
	touch=1680707719913}
22:15:29.350 [AsyncHttpClient-1-6] DEBUG org.asynchttpclient.netty.channel.ChannelManager - Closing Channel [id: 0x4009ec4f, L:/127.0.0.1:64178 ! R:localhost/127.0.0.1:64171] 
22:15:29.350 [Driver Command Executor] DEBUG org.asynchttpclient.netty.request.NettyRequestSender - Using pooled Channel '[id: 0xb4e39a75, L:/127.0.0.1:64170 - R:localhost/127.0.0.1:61792]' for 'DELETE' to 'http://localhost:61792/session/1d42de2edf1d2955ddffd5dbd9d837a1'
22:15:29.350 [Driver Command Executor] DEBUG org.asynchttpclient.netty.request.NettyRequestSender - Using open Channel [id: 0xb4e39a75, L:/127.0.0.1:64170 - R:localhost/127.0.0.1:61792] for DELETE '/session/1d42de2edf1d2955ddffd5dbd9d837a1'
22:15:29.378 [AsyncHttpClient-1-5] DEBUG org.asynchttpclient.netty.handler.HttpHandler - Unexpected I/O exception on channel [id: 0xda7c12bb, L:/127.0.0.1:64177 - R:localhost/127.0.0.1:64171]
java.net.SocketException: Connection reset
	at java.base/sun.nio.ch.SocketChannelImpl.throwConnectionReset(SocketChannelImpl.java:345)
	at java.base/sun.nio.ch.SocketChannelImpl.read(SocketChannelImpl.java:376)
	at io.netty.buffer.PooledByteBuf.setBytes(PooledByteBuf.java:258)
	at io.netty.buffer.AbstractByteBuf.writeBytes(AbstractByteBuf.java:1132)
	at io.netty.channel.socket.nio.NioSocketChannel.doReadBytes(NioSocketChannel.java:350)
	at io.netty.channel.nio.AbstractNioByteChannel$NioByteUnsafe.read(AbstractNioByteChannel.java:151)
	at io.netty.channel.nio.NioEventLoop.processSelectedKey(NioEventLoop.java:722)
	at io.netty.channel.nio.NioEventLoop.processSelectedKeysOptimized(NioEventLoop.java:658)
	at io.netty.channel.nio.NioEventLoop.processSelectedKeys(NioEventLoop.java:584)
	at io.netty.channel.nio.NioEventLoop.run(NioEventLoop.java:496)
	at io.netty.util.concurrent.SingleThreadEventExecutor$4.run(SingleThreadEventExecutor.java:986)
	at io.netty.util.internal.ThreadExecutorMap$2.run(ThreadExecutorMap.java:74)
	at io.netty.util.concurrent.FastThreadLocalRunnable.run(FastThreadLocalRunnable.java:30)
	at java.base/java.lang.Thread.run(Thread.java:830)
22:15:29.378 [AsyncHttpClient-1-5] DEBUG org.asynchttpclient.netty.channel.ChannelManager - Closing Channel [id: 0xda7c12bb, L:/127.0.0.1:64177 - R:localhost/127.0.0.1:64171] 
22:15:29.378 [AsyncHttpClient-1-5] DEBUG org.asynchttpclient.netty.handler.HttpHandler - Channel Closed: [id: 0xda7c12bb, L:/127.0.0.1:64177 ! R:localhost/127.0.0.1:64171] with attribute DISCARD
22:15:29.417 [AsyncHttpClient-1-4] DEBUG org.asynchttpclient.netty.handler.HttpHandler - 

Request DefaultFullHttpRequest(decodeResult: success, version: HTTP/1.1, content: EmptyByteBufBE)
DELETE /session/1d42de2edf1d2955ddffd5dbd9d837a1 HTTP/1.1
User-Agent: selenium/4.1.2 (java windows)
Content-Type: application/json; charset=utf-8
host: localhost:61792
accept: */*

Response DefaultHttpResponse(decodeResult: success, version: HTTP/1.1)
HTTP/1.1 200 OK
Content-Type: application/json; charset=utf-8
cache-control: no-cache
content-length: 14

22:15:29.417 [AsyncHttpClient-1-4] DEBUG org.asynchttpclient.netty.channel.ChannelManager - Adding key: http://localhost:61792 for channel [id: 0xb4e39a75, L:/127.0.0.1:64170 - R:localhost/127.0.0.1:61792]
22:15:29.531 [AsyncHttpClient-1-4] DEBUG org.asynchttpclient.netty.handler.HttpHandler - Channel Closed: [id: 0xb4e39a75, L:/127.0.0.1:64170 ! R:localhost/127.0.0.1:61792] with attribute DISCARD
22:15:29.545 [AsyncHttpClient-1-1] DEBUG org.asynchttpclient.netty.channel.DefaultChannelPool - Entry count for : http://localhost:61792 : 1
22:15:29.545 [AsyncHttpClient-1-1] DEBUG org.asynchttpclient.netty.channel.DefaultChannelPool - Entry count for : http://localhost:64171 : 1
22:15:29.545 [AsyncHttpClient-1-1] DEBUG org.asynchttpclient.netty.channel.DefaultChannelPool - Adding Candidate expired Channel [id: 0xb4e39a75, L:/127.0.0.1:64170 ! R:localhost/127.0.0.1:61792] isIdleTimeoutExpired=false isRemotelyClosed=true isTtlExpired=false
22:15:29.545 [AsyncHttpClient-1-1] DEBUG org.asynchttpclient.netty.channel.DefaultChannelPool - Closing Idle Channel [id: 0xb4e39a75, L:/127.0.0.1:64170 ! R:localhost/127.0.0.1:61792]
22:15:29.545 [AsyncHttpClient-1-1] DEBUG org.asynchttpclient.netty.channel.DefaultChannelPool - Adding Candidate expired Channel [id: 0xda7c12bb, L:/127.0.0.1:64177 ! R:localhost/127.0.0.1:64171] isIdleTimeoutExpired=false isRemotelyClosed=true isTtlExpired=false
22:15:29.545 [AsyncHttpClient-1-1] DEBUG org.asynchttpclient.netty.channel.DefaultChannelPool - Closing Idle Channel [id: 0xda7c12bb, L:/127.0.0.1:64177 ! R:localhost/127.0.0.1:64171]
22:15:29.545 [AsyncHttpClient-1-1] DEBUG org.asynchttpclient.netty.channel.DefaultChannelPool - Closed 2 connections out of 2 in 0 ms
]]></system-out>
    <system-err><![CDATA[Starting Microsoft Edge WebDriver 111.0.1661.62 (0a8f453929e6410c973aa529a40485ce4e3e03db) on port 61792
To submit feedback, report a bug, or suggest new features, please visit https://github.com/MicrosoftEdge/EdgeWebDriver

Only local connections are allowed.
Please see https://aka.ms/WebDriverSecurity for suggestions on keeping Microsoft Edge WebDriver safe.

Microsoft Edge WebDriver was started successfully.
Apr 05, 2023 10:15:19 PM org.openqa.selenium.remote.ProtocolHandshake createSession
INFO: Detected dialect: W3C
Apr 05, 2023 10:15:19 PM org.openqa.selenium.devtools.CdpVersionFinder findNearestMatch
WARNING: Unable to find an exact match for CDP version 111, so returning the closest version found: a no-op implementation
Apr 05, 2023 10:15:19 PM org.openqa.selenium.devtools.CdpVersionFinder findNearestMatch
INFO: Unable to find CDP implementation matching 111.
Apr 05, 2023 10:15:19 PM org.openqa.selenium.chromium.ChromiumDriver lambda$new$3
WARNING: Unable to find version of CDP to use for . You may need to include a dependency on a specific version of the CDP using something similar to `org.seleniumhq.selenium:selenium-devtools-v86:4.1.2` where the version ("v86") matches the version of the chromium-based browser you're using and the version number of the artifact is the same as Selenium's.
]]></system-err>
  </testcase>
  <testcase name="Fitur Menu Baby #24" classname="Baby" time="10.09">
    <system-out><![CDATA[
Scenario Outline: Fitur Menu Baby &amp#27;[90m# src/test/resources/features/Baby.feature:116&amp#27;[0m
22:15:30.248 [main] INFO io.cucumber.core.plugin.SerenityReporter - Running feature from file:///C:/Users/alwi/IdeaProjects/uniqloweb/src/test/resources/features/Baby.feature
22:15:30.460 [main] DEBUG io.github.bonigarcia.wdm.cache.ResolutionCache - Resolution edge=111 in cache (valid until 23:09:49 05/04/2023 WIB)
22:15:30.463 [main] DEBUG io.github.bonigarcia.wdm.cache.ResolutionCache - Resolution edge111=111.0.1661.62 in cache (valid until 15:17:30 06/04/2023 WIB)
22:15:30.464 [main] INFO io.github.bonigarcia.wdm.WebDriverManager - Using msedgedriver 111.0.1661.62 (resolved driver for Edge 111)
22:15:30.475 [main] DEBUG io.github.bonigarcia.wdm.WebDriverManager - Driver msedgedriver 111.0.1661.62 found in cache
22:15:30.476 [main] INFO io.github.bonigarcia.wdm.WebDriverManager - Exporting webdriver.edge.driver as C:\Users\alwi\.cache\selenium\msedgedriver\win64\111.0.1661.62\msedgedriver.exe
22:15:30.478 [main] DEBUG net.serenitybdd.core.webdriver.driverproviders.ProvideNewDriver - Instantiating driver
22:15:30.478 [main] DEBUG net.serenitybdd.core.webdriver.driverproviders.ProvideNewDriver - Driver capabilities: Capabilities {base.url: https://www.uniqlo.com, chrome.driver: src/test/resources/webdrive..., driver: edge, ms:edgeChromium: true, ms:edgeOptions: {}, wait.for.timeout: 6000}
22:15:31.021 [AsyncHttpClient-1-7] DEBUG org.asynchttpclient.netty.channel.NettyConnectListener - Using new Channel '[id: 0xb2e36246, L:/127.0.0.1:64309 - R:localhost/127.0.0.1:62386]' for 'POST' to '/session'
22:15:31.567 [AsyncHttpClient-1-7] DEBUG org.asynchttpclient.netty.handler.HttpHandler - 

Request DefaultHttpRequest(decodeResult: success, version: HTTP/1.1)
POST /session HTTP/1.1
User-Agent: selenium/4.1.2 (java windows)
Content-Length: 627
Content-Type: application/json; charset=utf-8
host: localhost:62386
accept: */*

Response DefaultHttpResponse(decodeResult: success, version: HTTP/1.1)
HTTP/1.1 200 OK
Content-Type: application/json; charset=utf-8
cache-control: no-cache
content-length: 823

22:15:31.567 [AsyncHttpClient-1-7] DEBUG org.asynchttpclient.netty.channel.ChannelManager - Adding key: http://localhost:62386 for channel [id: 0xb2e36246, L:/127.0.0.1:64309 - R:localhost/127.0.0.1:62386]
22:15:31.573 [AsyncHttpClient-1-8] DEBUG org.asynchttpclient.netty.channel.NettyConnectListener - Using new Channel '[id: 0x9f28d284, L:/127.0.0.1:64316 - R:localhost/127.0.0.1:64310]' for 'GET' to '/json/version'
22:15:31.574 [AsyncHttpClient-1-8] DEBUG org.asynchttpclient.netty.handler.HttpHandler - 

Request DefaultFullHttpRequest(decodeResult: success, version: HTTP/1.1, content: EmptyByteBufBE)
GET /json/version HTTP/1.1
User-Agent: selenium/4.1.2 (java windows)
host: localhost:64310
accept: */*

Response DefaultHttpResponse(decodeResult: success, version: HTTP/1.1)
HTTP/1.1 200 OK
Content-Security-Policy: frame-ancestors 'none'
Content-Type: application/json; charset=UTF-8
content-length: 436

22:15:31.574 [AsyncHttpClient-1-8] DEBUG org.asynchttpclient.netty.channel.ChannelManager - Adding key: http://localhost:64310 for channel [id: 0x9f28d284, L:/127.0.0.1:64316 - R:localhost/127.0.0.1:64310]
22:15:31.576 [AsyncHttpClient-1-9] DEBUG org.asynchttpclient.netty.channel.NettyConnectListener - Using new Channel '[id: 0x2a5d0e0e, L:/127.0.0.1:64317 - R:localhost/127.0.0.1:64310]' for 'GET' to '/devtools/browser/d256b0d0-bb79-4e80-9468-8446cd1e953b'
22:15:31.578 [AsyncHttpClient-1-9] DEBUG org.asynchttpclient.netty.handler.WebSocketHandler - 

Request DefaultFullHttpRequest(decodeResult: success, version: HTTP/1.1, content: EmptyByteBufBE)
GET /devtools/browser/d256b0d0-bb79-4e80-9468-8446cd1e953b HTTP/1.1
upgrade: websocket
connection: upgrade
sec-websocket-key: PdC2h3nx3TtDg8AqtgH+Gw==
sec-websocket-version: 13
origin: http://localhost:64310
host: localhost:64310
accept: */*
user-agent: AHC/2.1

Response DefaultHttpResponse(decodeResult: success, version: HTTP/1.1)
HTTP/1.1 101 WebSocket Protocol Handshake
Upgrade: WebSocket
Connection: Upgrade
Sec-WebSocket-Accept: PEsXszndvz5wc8Bu2d7u76yhjCg=

22:15:31.582 [Forwarding get on session 301889e0d15267a7fabcb354ac7dfce4 to remote] DEBUG org.asynchttpclient.netty.request.NettyRequestSender - Using pooled Channel '[id: 0xb2e36246, L:/127.0.0.1:64309 - R:localhost/127.0.0.1:62386]' for 'POST' to 'http://localhost:62386/session/301889e0d15267a7fabcb354ac7dfce4/url'
22:15:31.582 [Forwarding get on session 301889e0d15267a7fabcb354ac7dfce4 to remote] DEBUG org.asynchttpclient.netty.request.NettyRequestSender - Using open Channel [id: 0xb2e36246, L:/127.0.0.1:64309 - R:localhost/127.0.0.1:62386] for POST '/session/301889e0d15267a7fabcb354ac7dfce4/url'
22:15:31.752 [AsyncHttpClient-1-1] DEBUG org.asynchttpclient.netty.channel.DefaultChannelPool - Entry count for : http://localhost:64310 : 1
22:15:32.847 [AsyncHttpClient-1-1] DEBUG org.asynchttpclient.netty.channel.DefaultChannelPool - Entry count for : http://localhost:64310 : 1
22:15:33.944 [AsyncHttpClient-1-1] DEBUG org.asynchttpclient.netty.channel.DefaultChannelPool - Entry count for : http://localhost:64310 : 1
22:15:35.039 [AsyncHttpClient-1-1] DEBUG org.asynchttpclient.netty.channel.DefaultChannelPool - Entry count for : http://localhost:64310 : 1
22:15:36.143 [AsyncHttpClient-1-1] DEBUG org.asynchttpclient.netty.channel.DefaultChannelPool - Entry count for : http://localhost:64310 : 1
22:15:37.238 [AsyncHttpClient-1-1] DEBUG org.asynchttpclient.netty.channel.DefaultChannelPool - Entry count for : http://localhost:64310 : 1
22:15:37.448 [AsyncHttpClient-1-7] DEBUG org.asynchttpclient.netty.handler.HttpHandler - 

Request DefaultHttpRequest(decodeResult: success, version: HTTP/1.1)
POST /session/301889e0d15267a7fabcb354ac7dfce4/url HTTP/1.1
User-Agent: selenium/4.1.2 (java windows)
Content-Length: 53
Content-Type: application/json; charset=utf-8
host: localhost:62386
accept: */*

Response DefaultHttpResponse(decodeResult: success, version: HTTP/1.1)
HTTP/1.1 200 OK
Content-Type: application/json; charset=utf-8
cache-control: no-cache
content-length: 14

22:15:37.448 [AsyncHttpClient-1-7] DEBUG org.asynchttpclient.netty.channel.ChannelManager - Adding key: http://localhost:62386 for channel [id: 0xb2e36246, L:/127.0.0.1:64309 - R:localhost/127.0.0.1:62386]
22:15:37.449 [Forwarding setTimeout on session 301889e0d15267a7fabcb354ac7dfce4 to remote] DEBUG org.asynchttpclient.netty.request.NettyRequestSender - Using pooled Channel '[id: 0xb2e36246, L:/127.0.0.1:64309 - R:localhost/127.0.0.1:62386]' for 'POST' to 'http://localhost:62386/session/301889e0d15267a7fabcb354ac7dfce4/timeouts'
22:15:37.449 [Forwarding setTimeout on session 301889e0d15267a7fabcb354ac7dfce4 to remote] DEBUG org.asynchttpclient.netty.request.NettyRequestSender - Using open Channel [id: 0xb2e36246, L:/127.0.0.1:64309 - R:localhost/127.0.0.1:62386] for POST '/session/301889e0d15267a7fabcb354ac7dfce4/timeouts'
22:15:37.450 [AsyncHttpClient-1-7] DEBUG org.asynchttpclient.netty.handler.HttpHandler - 

Request DefaultHttpRequest(decodeResult: success, version: HTTP/1.1)
POST /session/301889e0d15267a7fabcb354ac7dfce4/timeouts HTTP/1.1
User-Agent: selenium/4.1.2 (java windows)
Content-Length: 22
Content-Type: application/json; charset=utf-8
host: localhost:62386
accept: */*

Response DefaultHttpResponse(decodeResult: success, version: HTTP/1.1)
HTTP/1.1 200 OK
Content-Type: application/json; charset=utf-8
cache-control: no-cache
content-length: 14

22:15:37.450 [AsyncHttpClient-1-7] DEBUG org.asynchttpclient.netty.channel.ChannelManager - Adding key: http://localhost:62386 for channel [id: 0xb2e36246, L:/127.0.0.1:64309 - R:localhost/127.0.0.1:62386]
22:15:37.453 [Forwarding getCurrentUrl on session 301889e0d15267a7fabcb354ac7dfce4 to remote] DEBUG org.asynchttpclient.netty.request.NettyRequestSender - Using pooled Channel '[id: 0xb2e36246, L:/127.0.0.1:64309 - R:localhost/127.0.0.1:62386]' for 'GET' to 'http://localhost:62386/session/301889e0d15267a7fabcb354ac7dfce4/url'
22:15:37.453 [Forwarding getCurrentUrl on session 301889e0d15267a7fabcb354ac7dfce4 to remote] DEBUG org.asynchttpclient.netty.request.NettyRequestSender - Using open Channel [id: 0xb2e36246, L:/127.0.0.1:64309 - R:localhost/127.0.0.1:62386] for GET '/session/301889e0d15267a7fabcb354ac7dfce4/url'
22:15:37.459 [AsyncHttpClient-1-7] DEBUG org.asynchttpclient.netty.handler.HttpHandler - 

Request DefaultFullHttpRequest(decodeResult: success, version: HTTP/1.1, content: EmptyByteBufBE)
GET /session/301889e0d15267a7fabcb354ac7dfce4/url HTTP/1.1
User-Agent: selenium/4.1.2 (java windows)
Cache-Control: no-cache
Content-Type: application/json; charset=utf-8
host: localhost:62386
accept: */*

Response DefaultHttpResponse(decodeResult: success, version: HTTP/1.1)
HTTP/1.1 200 OK
Content-Type: application/json; charset=utf-8
cache-control: no-cache
content-length: 41

22:15:37.459 [AsyncHttpClient-1-7] DEBUG org.asynchttpclient.netty.channel.ChannelManager - Adding key: http://localhost:62386 for channel [id: 0xb2e36246, L:/127.0.0.1:64309 - R:localhost/127.0.0.1:62386]
  &amp#27;[32mGiven &amp#27;[0m&amp#27;[32mI am on the home page&amp#27;[0m     &amp#27;[90m# starter.stepdefinitions.BabyStep.iAmOnTheHomePage()&amp#27;[0m
22:15:37.463 [Forwarding screenshot on session 301889e0d15267a7fabcb354ac7dfce4 to remote] DEBUG org.asynchttpclient.netty.request.NettyRequestSender - Using pooled Channel '[id: 0xb2e36246, L:/127.0.0.1:64309 - R:localhost/127.0.0.1:62386]' for 'GET' to 'http://localhost:62386/session/301889e0d15267a7fabcb354ac7dfce4/screenshot'
22:15:37.463 [Forwarding screenshot on session 301889e0d15267a7fabcb354ac7dfce4 to remote] DEBUG org.asynchttpclient.netty.request.NettyRequestSender - Using open Channel [id: 0xb2e36246, L:/127.0.0.1:64309 - R:localhost/127.0.0.1:62386] for GET '/session/301889e0d15267a7fabcb354ac7dfce4/screenshot'
22:15:37.795 [AsyncHttpClient-1-7] DEBUG org.asynchttpclient.netty.handler.HttpHandler - 

Request DefaultFullHttpRequest(decodeResult: success, version: HTTP/1.1, content: EmptyByteBufBE)
GET /session/301889e0d15267a7fabcb354ac7dfce4/screenshot HTTP/1.1
User-Agent: selenium/4.1.2 (java windows)
Cache-Control: no-cache
Content-Type: application/json; charset=utf-8
host: localhost:62386
accept: */*

Response DefaultHttpResponse(decodeResult: success, version: HTTP/1.1)
HTTP/1.1 200 OK
Content-Type: application/json; charset=utf-8
cache-control: no-cache
content-length: 1119968

22:15:37.797 [AsyncHttpClient-1-7] DEBUG org.asynchttpclient.netty.channel.ChannelManager - Adding key: http://localhost:62386 for channel [id: 0xb2e36246, L:/127.0.0.1:64309 - R:localhost/127.0.0.1:62386]
22:15:37.832 [main] DEBUG net.serenitybdd.core.photography.Darkroom - Send negative for processing for target\site\serenity\3d1b19ad31921c0beae4332facd941fcc81467ad5802877977ec6c100df601ce.png
22:15:37.844 [Forwarding findElement on session 301889e0d15267a7fabcb354ac7dfce4 to remote] DEBUG org.asynchttpclient.netty.request.NettyRequestSender - Using pooled Channel '[id: 0xb2e36246, L:/127.0.0.1:64309 - R:localhost/127.0.0.1:62386]' for 'POST' to 'http://localhost:62386/session/301889e0d15267a7fabcb354ac7dfce4/element'
22:15:37.844 [Forwarding findElement on session 301889e0d15267a7fabcb354ac7dfce4 to remote] DEBUG org.asynchttpclient.netty.request.NettyRequestSender - Using open Channel [id: 0xb2e36246, L:/127.0.0.1:64309 - R:localhost/127.0.0.1:62386] for POST '/session/301889e0d15267a7fabcb354ac7dfce4/element'
22:15:37.863 [AsyncHttpClient-1-7] DEBUG org.asynchttpclient.netty.handler.HttpHandler - 

Request DefaultHttpRequest(decodeResult: success, version: HTTP/1.1)
POST /session/301889e0d15267a7fabcb354ac7dfce4/element HTTP/1.1
User-Agent: selenium/4.1.2 (java windows)
Content-Length: 81
Content-Type: application/json; charset=utf-8
host: localhost:62386
accept: */*

Response DefaultHttpResponse(decodeResult: success, version: HTTP/1.1)
HTTP/1.1 200 OK
Content-Type: application/json; charset=utf-8
cache-control: no-cache
content-length: 88

22:15:37.863 [AsyncHttpClient-1-7] DEBUG org.asynchttpclient.netty.channel.ChannelManager - Adding key: http://localhost:62386 for channel [id: 0xb2e36246, L:/127.0.0.1:64309 - R:localhost/127.0.0.1:62386]
22:15:37.865 [Forwarding getElementTagName on session 301889e0d15267a7fabcb354ac7dfce4 to remote] DEBUG org.asynchttpclient.netty.request.NettyRequestSender - Using pooled Channel '[id: 0xb2e36246, L:/127.0.0.1:64309 - R:localhost/127.0.0.1:62386]' for 'GET' to 'http://localhost:62386/session/301889e0d15267a7fabcb354ac7dfce4/element/c47ddeca-3f9d-407e-8cbd-8675a1472f61/name'
22:15:37.865 [Forwarding getElementTagName on session 301889e0d15267a7fabcb354ac7dfce4 to remote] DEBUG org.asynchttpclient.netty.request.NettyRequestSender - Using open Channel [id: 0xb2e36246, L:/127.0.0.1:64309 - R:localhost/127.0.0.1:62386] for GET '/session/301889e0d15267a7fabcb354ac7dfce4/element/c47ddeca-3f9d-407e-8cbd-8675a1472f61/name'
22:15:37.869 [AsyncHttpClient-1-7] DEBUG org.asynchttpclient.netty.handler.HttpHandler - 

Request DefaultFullHttpRequest(decodeResult: success, version: HTTP/1.1, content: EmptyByteBufBE)
GET /session/301889e0d15267a7fabcb354ac7dfce4/element/c47ddeca-3f9d-407e-8cbd-8675a1472f61/name HTTP/1.1
User-Agent: selenium/4.1.2 (java windows)
Cache-Control: no-cache
Content-Type: application/json; charset=utf-8
host: localhost:62386
accept: */*

Response DefaultHttpResponse(decodeResult: success, version: HTTP/1.1)
HTTP/1.1 200 OK
Content-Type: application/json; charset=utf-8
cache-control: no-cache
content-length: 16

22:15:37.869 [AsyncHttpClient-1-7] DEBUG org.asynchttpclient.netty.channel.ChannelManager - Adding key: http://localhost:62386 for channel [id: 0xb2e36246, L:/127.0.0.1:64309 - R:localhost/127.0.0.1:62386]
22:15:37.870 [Forwarding getElementTagName on session 301889e0d15267a7fabcb354ac7dfce4 to remote] DEBUG org.asynchttpclient.netty.request.NettyRequestSender - Using pooled Channel '[id: 0xb2e36246, L:/127.0.0.1:64309 - R:localhost/127.0.0.1:62386]' for 'GET' to 'http://localhost:62386/session/301889e0d15267a7fabcb354ac7dfce4/element/c47ddeca-3f9d-407e-8cbd-8675a1472f61/name'
22:15:37.870 [Forwarding getElementTagName on session 301889e0d15267a7fabcb354ac7dfce4 to remote] DEBUG org.asynchttpclient.netty.request.NettyRequestSender - Using open Channel [id: 0xb2e36246, L:/127.0.0.1:64309 - R:localhost/127.0.0.1:62386] for GET '/session/301889e0d15267a7fabcb354ac7dfce4/element/c47ddeca-3f9d-407e-8cbd-8675a1472f61/name'
22:15:37.873 [AsyncHttpClient-1-7] DEBUG org.asynchttpclient.netty.handler.HttpHandler - 

Request DefaultFullHttpRequest(decodeResult: success, version: HTTP/1.1, content: EmptyByteBufBE)
GET /session/301889e0d15267a7fabcb354ac7dfce4/element/c47ddeca-3f9d-407e-8cbd-8675a1472f61/name HTTP/1.1
User-Agent: selenium/4.1.2 (java windows)
Cache-Control: no-cache
Content-Type: application/json; charset=utf-8
host: localhost:62386
accept: */*

Response DefaultHttpResponse(decodeResult: success, version: HTTP/1.1)
HTTP/1.1 200 OK
Content-Type: application/json; charset=utf-8
cache-control: no-cache
content-length: 16

22:15:37.873 [AsyncHttpClient-1-7] DEBUG org.asynchttpclient.netty.channel.ChannelManager - Adding key: http://localhost:62386 for channel [id: 0xb2e36246, L:/127.0.0.1:64309 - R:localhost/127.0.0.1:62386]
22:15:37.875 [Forwarding findElement on session 301889e0d15267a7fabcb354ac7dfce4 to remote] DEBUG org.asynchttpclient.netty.request.NettyRequestSender - Using pooled Channel '[id: 0xb2e36246, L:/127.0.0.1:64309 - R:localhost/127.0.0.1:62386]' for 'POST' to 'http://localhost:62386/session/301889e0d15267a7fabcb354ac7dfce4/element'
22:15:37.875 [Forwarding findElement on session 301889e0d15267a7fabcb354ac7dfce4 to remote] DEBUG org.asynchttpclient.netty.request.NettyRequestSender - Using open Channel [id: 0xb2e36246, L:/127.0.0.1:64309 - R:localhost/127.0.0.1:62386] for POST '/session/301889e0d15267a7fabcb354ac7dfce4/element'
22:15:37.881 [AsyncHttpClient-1-7] DEBUG org.asynchttpclient.netty.handler.HttpHandler - 

Request DefaultHttpRequest(decodeResult: success, version: HTTP/1.1)
POST /session/301889e0d15267a7fabcb354ac7dfce4/element HTTP/1.1
User-Agent: selenium/4.1.2 (java windows)
Content-Length: 81
Content-Type: application/json; charset=utf-8
host: localhost:62386
accept: */*

Response DefaultHttpResponse(decodeResult: success, version: HTTP/1.1)
HTTP/1.1 200 OK
Content-Type: application/json; charset=utf-8
cache-control: no-cache
content-length: 88

22:15:37.881 [AsyncHttpClient-1-7] DEBUG org.asynchttpclient.netty.channel.ChannelManager - Adding key: http://localhost:62386 for channel [id: 0xb2e36246, L:/127.0.0.1:64309 - R:localhost/127.0.0.1:62386]
22:15:37.881 [Forwarding clickElement on session 301889e0d15267a7fabcb354ac7dfce4 to remote] DEBUG org.asynchttpclient.netty.request.NettyRequestSender - Using pooled Channel '[id: 0xb2e36246, L:/127.0.0.1:64309 - R:localhost/127.0.0.1:62386]' for 'POST' to 'http://localhost:62386/session/301889e0d15267a7fabcb354ac7dfce4/element/c47ddeca-3f9d-407e-8cbd-8675a1472f61/click'
22:15:37.881 [Forwarding clickElement on session 301889e0d15267a7fabcb354ac7dfce4 to remote] DEBUG org.asynchttpclient.netty.request.NettyRequestSender - Using open Channel [id: 0xb2e36246, L:/127.0.0.1:64309 - R:localhost/127.0.0.1:62386] for POST '/session/301889e0d15267a7fabcb354ac7dfce4/element/c47ddeca-3f9d-407e-8cbd-8675a1472f61/click'
22:15:38.335 [AsyncHttpClient-1-7] DEBUG org.asynchttpclient.netty.handler.HttpHandler - 

Request DefaultHttpRequest(decodeResult: success, version: HTTP/1.1)
POST /session/301889e0d15267a7fabcb354ac7dfce4/element/c47ddeca-3f9d-407e-8cbd-8675a1472f61/click HTTP/1.1
User-Agent: selenium/4.1.2 (java windows)
Content-Length: 50
Content-Type: application/json; charset=utf-8
host: localhost:62386
accept: */*

Response DefaultHttpResponse(decodeResult: success, version: HTTP/1.1)
HTTP/1.1 200 OK
Content-Type: application/json; charset=utf-8
cache-control: no-cache
content-length: 14

22:15:38.335 [AsyncHttpClient-1-7] DEBUG org.asynchttpclient.netty.channel.ChannelManager - Adding key: http://localhost:62386 for channel [id: 0xb2e36246, L:/127.0.0.1:64309 - R:localhost/127.0.0.1:62386]
  &amp#27;[32mThen &amp#27;[0m&amp#27;[32mI click baby on the header&amp#27;[0m &amp#27;[90m# starter.stepdefinitions.BabyStep.iClickBabyOnTheHeader()&amp#27;[0m
22:15:38.340 [AsyncHttpClient-1-1] DEBUG org.asynchttpclient.netty.channel.DefaultChannelPool - Entry count for : http://localhost:62386 : 1
22:15:38.340 [AsyncHttpClient-1-1] DEBUG org.asynchttpclient.netty.channel.DefaultChannelPool - Entry count for : http://localhost:64310 : 1
22:15:38.343 [Forwarding screenshot on session 301889e0d15267a7fabcb354ac7dfce4 to remote] DEBUG org.asynchttpclient.netty.request.NettyRequestSender - Using pooled Channel '[id: 0xb2e36246, L:/127.0.0.1:64309 - R:localhost/127.0.0.1:62386]' for 'GET' to 'http://localhost:62386/session/301889e0d15267a7fabcb354ac7dfce4/screenshot'
22:15:38.343 [Forwarding screenshot on session 301889e0d15267a7fabcb354ac7dfce4 to remote] DEBUG org.asynchttpclient.netty.request.NettyRequestSender - Using open Channel [id: 0xb2e36246, L:/127.0.0.1:64309 - R:localhost/127.0.0.1:62386] for GET '/session/301889e0d15267a7fabcb354ac7dfce4/screenshot'
22:15:38.848 [AsyncHttpClient-1-7] DEBUG org.asynchttpclient.netty.handler.HttpHandler - 

Request DefaultFullHttpRequest(decodeResult: success, version: HTTP/1.1, content: EmptyByteBufBE)
GET /session/301889e0d15267a7fabcb354ac7dfce4/screenshot HTTP/1.1
User-Agent: selenium/4.1.2 (java windows)
Cache-Control: no-cache
Content-Type: application/json; charset=utf-8
host: localhost:62386
accept: */*

Response DefaultHttpResponse(decodeResult: success, version: HTTP/1.1)
HTTP/1.1 200 OK
Content-Type: application/json; charset=utf-8
cache-control: no-cache
content-length: 62392

22:15:38.849 [AsyncHttpClient-1-7] DEBUG org.asynchttpclient.netty.channel.ChannelManager - Adding key: http://localhost:62386 for channel [id: 0xb2e36246, L:/127.0.0.1:64309 - R:localhost/127.0.0.1:62386]
22:15:38.851 [main] DEBUG net.serenitybdd.core.photography.Darkroom - Send negative for processing for target\site\serenity\7b3363c3c3a8fac027bc68a50cae8690daa9e82df7716e845186282760a8a9f9.png
22:15:38.859 [Forwarding findElement on session 301889e0d15267a7fabcb354ac7dfce4 to remote] DEBUG org.asynchttpclient.netty.request.NettyRequestSender - Using pooled Channel '[id: 0xb2e36246, L:/127.0.0.1:64309 - R:localhost/127.0.0.1:62386]' for 'POST' to 'http://localhost:62386/session/301889e0d15267a7fabcb354ac7dfce4/element'
22:15:38.859 [Forwarding findElement on session 301889e0d15267a7fabcb354ac7dfce4 to remote] DEBUG org.asynchttpclient.netty.request.NettyRequestSender - Using open Channel [id: 0xb2e36246, L:/127.0.0.1:64309 - R:localhost/127.0.0.1:62386] for POST '/session/301889e0d15267a7fabcb354ac7dfce4/element'
22:15:39.155 [AsyncHttpClient-1-7] DEBUG org.asynchttpclient.netty.handler.HttpHandler - 

Request DefaultHttpRequest(decodeResult: success, version: HTTP/1.1)
POST /session/301889e0d15267a7fabcb354ac7dfce4/element HTTP/1.1
User-Agent: selenium/4.1.2 (java windows)
Content-Length: 104
Content-Type: application/json; charset=utf-8
host: localhost:62386
accept: */*

Response DefaultHttpResponse(decodeResult: success, version: HTTP/1.1)
HTTP/1.1 200 OK
Content-Type: application/json; charset=utf-8
cache-control: no-cache
content-length: 88

22:15:39.155 [AsyncHttpClient-1-7] DEBUG org.asynchttpclient.netty.channel.ChannelManager - Adding key: http://localhost:62386 for channel [id: 0xb2e36246, L:/127.0.0.1:64309 - R:localhost/127.0.0.1:62386]
22:15:39.156 [Forwarding getElementTagName on session 301889e0d15267a7fabcb354ac7dfce4 to remote] DEBUG org.asynchttpclient.netty.request.NettyRequestSender - Using pooled Channel '[id: 0xb2e36246, L:/127.0.0.1:64309 - R:localhost/127.0.0.1:62386]' for 'GET' to 'http://localhost:62386/session/301889e0d15267a7fabcb354ac7dfce4/element/3899547b-e631-4719-849c-eff1fa0424ea/name'
22:15:39.156 [Forwarding getElementTagName on session 301889e0d15267a7fabcb354ac7dfce4 to remote] DEBUG org.asynchttpclient.netty.request.NettyRequestSender - Using open Channel [id: 0xb2e36246, L:/127.0.0.1:64309 - R:localhost/127.0.0.1:62386] for GET '/session/301889e0d15267a7fabcb354ac7dfce4/element/3899547b-e631-4719-849c-eff1fa0424ea/name'
22:15:39.160 [AsyncHttpClient-1-7] DEBUG org.asynchttpclient.netty.handler.HttpHandler - 

Request DefaultFullHttpRequest(decodeResult: success, version: HTTP/1.1, content: EmptyByteBufBE)
GET /session/301889e0d15267a7fabcb354ac7dfce4/element/3899547b-e631-4719-849c-eff1fa0424ea/name HTTP/1.1
User-Agent: selenium/4.1.2 (java windows)
Cache-Control: no-cache
Content-Type: application/json; charset=utf-8
host: localhost:62386
accept: */*

Response DefaultHttpResponse(decodeResult: success, version: HTTP/1.1)
HTTP/1.1 200 OK
Content-Type: application/json; charset=utf-8
cache-control: no-cache
content-length: 16

22:15:39.160 [AsyncHttpClient-1-7] DEBUG org.asynchttpclient.netty.channel.ChannelManager - Adding key: http://localhost:62386 for channel [id: 0xb2e36246, L:/127.0.0.1:64309 - R:localhost/127.0.0.1:62386]
22:15:39.161 [Forwarding getElementTagName on session 301889e0d15267a7fabcb354ac7dfce4 to remote] DEBUG org.asynchttpclient.netty.request.NettyRequestSender - Using pooled Channel '[id: 0xb2e36246, L:/127.0.0.1:64309 - R:localhost/127.0.0.1:62386]' for 'GET' to 'http://localhost:62386/session/301889e0d15267a7fabcb354ac7dfce4/element/3899547b-e631-4719-849c-eff1fa0424ea/name'
22:15:39.161 [Forwarding getElementTagName on session 301889e0d15267a7fabcb354ac7dfce4 to remote] DEBUG org.asynchttpclient.netty.request.NettyRequestSender - Using open Channel [id: 0xb2e36246, L:/127.0.0.1:64309 - R:localhost/127.0.0.1:62386] for GET '/session/301889e0d15267a7fabcb354ac7dfce4/element/3899547b-e631-4719-849c-eff1fa0424ea/name'
22:15:39.164 [AsyncHttpClient-1-7] DEBUG org.asynchttpclient.netty.handler.HttpHandler - 

Request DefaultFullHttpRequest(decodeResult: success, version: HTTP/1.1, content: EmptyByteBufBE)
GET /session/301889e0d15267a7fabcb354ac7dfce4/element/3899547b-e631-4719-849c-eff1fa0424ea/name HTTP/1.1
User-Agent: selenium/4.1.2 (java windows)
Cache-Control: no-cache
Content-Type: application/json; charset=utf-8
host: localhost:62386
accept: */*

Response DefaultHttpResponse(decodeResult: success, version: HTTP/1.1)
HTTP/1.1 200 OK
Content-Type: application/json; charset=utf-8
cache-control: no-cache
content-length: 16

22:15:39.164 [AsyncHttpClient-1-7] DEBUG org.asynchttpclient.netty.channel.ChannelManager - Adding key: http://localhost:62386 for channel [id: 0xb2e36246, L:/127.0.0.1:64309 - R:localhost/127.0.0.1:62386]
22:15:39.166 [Forwarding findElement on session 301889e0d15267a7fabcb354ac7dfce4 to remote] DEBUG org.asynchttpclient.netty.request.NettyRequestSender - Using pooled Channel '[id: 0xb2e36246, L:/127.0.0.1:64309 - R:localhost/127.0.0.1:62386]' for 'POST' to 'http://localhost:62386/session/301889e0d15267a7fabcb354ac7dfce4/element'
22:15:39.166 [Forwarding findElement on session 301889e0d15267a7fabcb354ac7dfce4 to remote] DEBUG org.asynchttpclient.netty.request.NettyRequestSender - Using open Channel [id: 0xb2e36246, L:/127.0.0.1:64309 - R:localhost/127.0.0.1:62386] for POST '/session/301889e0d15267a7fabcb354ac7dfce4/element'
22:15:39.176 [AsyncHttpClient-1-7] DEBUG org.asynchttpclient.netty.handler.HttpHandler - 

Request DefaultHttpRequest(decodeResult: success, version: HTTP/1.1)
POST /session/301889e0d15267a7fabcb354ac7dfce4/element HTTP/1.1
User-Agent: selenium/4.1.2 (java windows)
Content-Length: 104
Content-Type: application/json; charset=utf-8
host: localhost:62386
accept: */*

Response DefaultHttpResponse(decodeResult: success, version: HTTP/1.1)
HTTP/1.1 200 OK
Content-Type: application/json; charset=utf-8
cache-control: no-cache
content-length: 88

22:15:39.176 [AsyncHttpClient-1-7] DEBUG org.asynchttpclient.netty.channel.ChannelManager - Adding key: http://localhost:62386 for channel [id: 0xb2e36246, L:/127.0.0.1:64309 - R:localhost/127.0.0.1:62386]
22:15:39.177 [Forwarding clickElement on session 301889e0d15267a7fabcb354ac7dfce4 to remote] DEBUG org.asynchttpclient.netty.request.NettyRequestSender - Using pooled Channel '[id: 0xb2e36246, L:/127.0.0.1:64309 - R:localhost/127.0.0.1:62386]' for 'POST' to 'http://localhost:62386/session/301889e0d15267a7fabcb354ac7dfce4/element/3899547b-e631-4719-849c-eff1fa0424ea/click'
22:15:39.177 [Forwarding clickElement on session 301889e0d15267a7fabcb354ac7dfce4 to remote] DEBUG org.asynchttpclient.netty.request.NettyRequestSender - Using open Channel [id: 0xb2e36246, L:/127.0.0.1:64309 - R:localhost/127.0.0.1:62386] for POST '/session/301889e0d15267a7fabcb354ac7dfce4/element/3899547b-e631-4719-849c-eff1fa0424ea/click'
22:15:39.381 [AsyncHttpClient-1-7] DEBUG org.asynchttpclient.netty.handler.HttpHandler - 

Request DefaultHttpRequest(decodeResult: success, version: HTTP/1.1)
POST /session/301889e0d15267a7fabcb354ac7dfce4/element/3899547b-e631-4719-849c-eff1fa0424ea/click HTTP/1.1
User-Agent: selenium/4.1.2 (java windows)
Content-Length: 50
Content-Type: application/json; charset=utf-8
host: localhost:62386
accept: */*

Response DefaultHttpResponse(decodeResult: success, version: HTTP/1.1)
HTTP/1.1 200 OK
Content-Type: application/json; charset=utf-8
cache-control: no-cache
content-length: 14

22:15:39.381 [AsyncHttpClient-1-7] DEBUG org.asynchttpclient.netty.channel.ChannelManager - Adding key: http://localhost:62386 for channel [id: 0xb2e36246, L:/127.0.0.1:64309 - R:localhost/127.0.0.1:62386]
  &amp#27;[32mWhen &amp#27;[0m&amp#27;[32mI will go to &amp#27;[0m&amp#27;[32m&amp#27;[1m"airism2"&amp#27;[0m     &amp#27;[90m# starter.stepdefinitions.BabyStep.iWillGoTo(java.lang.String)&amp#27;[0m
22:15:39.387 [Forwarding screenshot on session 301889e0d15267a7fabcb354ac7dfce4 to remote] DEBUG org.asynchttpclient.netty.request.NettyRequestSender - Using pooled Channel '[id: 0xb2e36246, L:/127.0.0.1:64309 - R:localhost/127.0.0.1:62386]' for 'GET' to 'http://localhost:62386/session/301889e0d15267a7fabcb354ac7dfce4/screenshot'
22:15:39.387 [Forwarding screenshot on session 301889e0d15267a7fabcb354ac7dfce4 to remote] DEBUG org.asynchttpclient.netty.request.NettyRequestSender - Using open Channel [id: 0xb2e36246, L:/127.0.0.1:64309 - R:localhost/127.0.0.1:62386] for GET '/session/301889e0d15267a7fabcb354ac7dfce4/screenshot'
22:15:39.437 [AsyncHttpClient-1-1] DEBUG org.asynchttpclient.netty.channel.DefaultChannelPool - Entry count for : http://localhost:64310 : 1
22:15:39.517 [AsyncHttpClient-1-7] DEBUG org.asynchttpclient.netty.handler.HttpHandler - 

Request DefaultFullHttpRequest(decodeResult: success, version: HTTP/1.1, content: EmptyByteBufBE)
GET /session/301889e0d15267a7fabcb354ac7dfce4/screenshot HTTP/1.1
User-Agent: selenium/4.1.2 (java windows)
Cache-Control: no-cache
Content-Type: application/json; charset=utf-8
host: localhost:62386
accept: */*

Response DefaultHttpResponse(decodeResult: success, version: HTTP/1.1)
HTTP/1.1 200 OK
Content-Type: application/json; charset=utf-8
cache-control: no-cache
content-length: 88764

22:15:39.517 [AsyncHttpClient-1-7] DEBUG org.asynchttpclient.netty.channel.ChannelManager - Adding key: http://localhost:62386 for channel [id: 0xb2e36246, L:/127.0.0.1:64309 - R:localhost/127.0.0.1:62386]
22:15:39.520 [main] DEBUG net.serenitybdd.core.photography.Darkroom - Send negative for processing for target\site\serenity\1c349c32e234e73a26ce4443ba968bbc1397d1b03082fd1d274cb51e6a1f1214.png
22:15:39.520 [Darkroom Processing Line] DEBUG net.serenitybdd.core.photography.DarkroomProcessingLine - Processing screenshot image in /var/screenshots/screenshot-8645202385720678720
22:15:39.520 [Darkroom Processing Line] DEBUG net.serenitybdd.core.photography.DarkroomProcessingLine - Saving screenshot to target\site\serenity\1c349c32e234e73a26ce4443ba968bbc1397d1b03082fd1d274cb51e6a1f1214.png
  &amp#27;[32mAnd &amp#27;[0m&amp#27;[32mI &amp#27;[0m&amp#27;[32m&amp#27;[1m""&amp#27;[0m&amp#27;[32m page&amp#27;[0m                   &amp#27;[90m# starter.stepdefinitions.BabyStep.iPage(java.lang.String)&amp#27;[0m
22:15:39.536 [AsyncHttpClient-1-9] DEBUG org.asynchttpclient.netty.handler.WebSocketHandler - Channel Closed: [id: 0x2a5d0e0e, L:/127.0.0.1:64317 ! R:localhost/127.0.0.1:64310] with attribute NettyResponseFuture{currentRetry=5,
	isDone=1,
	isCancelled=0,
	asyncHandler=org.asynchttpclient.ws.WebSocketUpgradeHandler@6da95ab9,
	nettyRequest=org.asynchttpclient.netty.request.NettyRequest@396ccb2f,
	future=java.util.concurrent.CompletableFuture@4ac2f55f[Completed normally],
	uri=ws://localhost:64310/devtools/browser/d256b0d0-bb79-4e80-9468-8446cd1e953b,
	keepAlive=true,
	redirectCount=0,
	timeoutsHolder=null,
	inAuth=0,
	touch=1680707731578}
22:15:39.536 [AsyncHttpClient-1-9] DEBUG org.asynchttpclient.netty.channel.ChannelManager - Closing Channel [id: 0x2a5d0e0e, L:/127.0.0.1:64317 ! R:localhost/127.0.0.1:64310] 
22:15:39.537 [Driver Command Executor] DEBUG org.asynchttpclient.netty.request.NettyRequestSender - Using pooled Channel '[id: 0xb2e36246, L:/127.0.0.1:64309 - R:localhost/127.0.0.1:62386]' for 'DELETE' to 'http://localhost:62386/session/301889e0d15267a7fabcb354ac7dfce4'
22:15:39.537 [Driver Command Executor] DEBUG org.asynchttpclient.netty.request.NettyRequestSender - Using open Channel [id: 0xb2e36246, L:/127.0.0.1:64309 - R:localhost/127.0.0.1:62386] for DELETE '/session/301889e0d15267a7fabcb354ac7dfce4'
22:15:39.588 [AsyncHttpClient-1-8] DEBUG org.asynchttpclient.netty.handler.HttpHandler - Unexpected I/O exception on channel [id: 0x9f28d284, L:/127.0.0.1:64316 - R:localhost/127.0.0.1:64310]
java.net.SocketException: Connection reset
	at java.base/sun.nio.ch.SocketChannelImpl.throwConnectionReset(SocketChannelImpl.java:345)
	at java.base/sun.nio.ch.SocketChannelImpl.read(SocketChannelImpl.java:376)
	at io.netty.buffer.PooledByteBuf.setBytes(PooledByteBuf.java:258)
	at io.netty.buffer.AbstractByteBuf.writeBytes(AbstractByteBuf.java:1132)
	at io.netty.channel.socket.nio.NioSocketChannel.doReadBytes(NioSocketChannel.java:350)
	at io.netty.channel.nio.AbstractNioByteChannel$NioByteUnsafe.read(AbstractNioByteChannel.java:151)
	at io.netty.channel.nio.NioEventLoop.processSelectedKey(NioEventLoop.java:722)
	at io.netty.channel.nio.NioEventLoop.processSelectedKeysOptimized(NioEventLoop.java:658)
	at io.netty.channel.nio.NioEventLoop.processSelectedKeys(NioEventLoop.java:584)
	at io.netty.channel.nio.NioEventLoop.run(NioEventLoop.java:496)
	at io.netty.util.concurrent.SingleThreadEventExecutor$4.run(SingleThreadEventExecutor.java:986)
	at io.netty.util.internal.ThreadExecutorMap$2.run(ThreadExecutorMap.java:74)
	at io.netty.util.concurrent.FastThreadLocalRunnable.run(FastThreadLocalRunnable.java:30)
	at java.base/java.lang.Thread.run(Thread.java:830)
22:15:39.589 [AsyncHttpClient-1-8] DEBUG org.asynchttpclient.netty.channel.ChannelManager - Closing Channel [id: 0x9f28d284, L:/127.0.0.1:64316 - R:localhost/127.0.0.1:64310] 
22:15:39.589 [AsyncHttpClient-1-8] DEBUG org.asynchttpclient.netty.handler.HttpHandler - Channel Closed: [id: 0x9f28d284, L:/127.0.0.1:64316 ! R:localhost/127.0.0.1:64310] with attribute DISCARD
22:15:39.613 [AsyncHttpClient-1-7] DEBUG org.asynchttpclient.netty.handler.HttpHandler - 

Request DefaultFullHttpRequest(decodeResult: success, version: HTTP/1.1, content: EmptyByteBufBE)
DELETE /session/301889e0d15267a7fabcb354ac7dfce4 HTTP/1.1
User-Agent: selenium/4.1.2 (java windows)
Content-Type: application/json; charset=utf-8
host: localhost:62386
accept: */*

Response DefaultHttpResponse(decodeResult: success, version: HTTP/1.1)
HTTP/1.1 200 OK
Content-Type: application/json; charset=utf-8
cache-control: no-cache
content-length: 14

22:15:39.613 [AsyncHttpClient-1-7] DEBUG org.asynchttpclient.netty.channel.ChannelManager - Adding key: http://localhost:62386 for channel [id: 0xb2e36246, L:/127.0.0.1:64309 - R:localhost/127.0.0.1:62386]
22:15:39.744 [AsyncHttpClient-1-7] DEBUG org.asynchttpclient.netty.handler.HttpHandler - Channel Closed: [id: 0xb2e36246, L:/127.0.0.1:64309 ! R:localhost/127.0.0.1:62386] with attribute DISCARD
]]></system-out>
    <system-err><![CDATA[Starting Microsoft Edge WebDriver 111.0.1661.62 (0a8f453929e6410c973aa529a40485ce4e3e03db) on port 62386
To submit feedback, report a bug, or suggest new features, please visit https://github.com/MicrosoftEdge/EdgeWebDriver

Only local connections are allowed.
Please see https://aka.ms/WebDriverSecurity for suggestions on keeping Microsoft Edge WebDriver safe.

Microsoft Edge WebDriver was started successfully.
Apr 05, 2023 10:15:31 PM org.openqa.selenium.remote.ProtocolHandshake createSession
INFO: Detected dialect: W3C
Apr 05, 2023 10:15:31 PM org.openqa.selenium.devtools.CdpVersionFinder findNearestMatch
WARNING: Unable to find an exact match for CDP version 111, so returning the closest version found: a no-op implementation
Apr 05, 2023 10:15:31 PM org.openqa.selenium.devtools.CdpVersionFinder findNearestMatch
INFO: Unable to find CDP implementation matching 111.
Apr 05, 2023 10:15:31 PM org.openqa.selenium.chromium.ChromiumDriver lambda$new$3
WARNING: Unable to find version of CDP to use for . You may need to include a dependency on a specific version of the CDP using something similar to `org.seleniumhq.selenium:selenium-devtools-v86:4.1.2` where the version ("v86") matches the version of the chromium-based browser you're using and the version number of the artifact is the same as Selenium's.
]]></system-err>
  </testcase>
  <testcase name="Fitur Menu Baby #25" classname="Baby" time="12.253">
    <system-out><![CDATA[
Scenario Outline: Fitur Menu Baby &amp#27;[90m# src/test/resources/features/Baby.feature:117&amp#27;[0m
22:15:40.337 [main] INFO io.cucumber.core.plugin.SerenityReporter - Running feature from file:///C:/Users/alwi/IdeaProjects/uniqloweb/src/test/resources/features/Baby.feature
22:15:40.442 [main] DEBUG io.github.bonigarcia.wdm.cache.ResolutionCache - Resolution edge=111 in cache (valid until 23:09:49 05/04/2023 WIB)
22:15:40.445 [main] DEBUG io.github.bonigarcia.wdm.cache.ResolutionCache - Resolution edge111=111.0.1661.62 in cache (valid until 15:17:30 06/04/2023 WIB)
22:15:40.447 [main] INFO io.github.bonigarcia.wdm.WebDriverManager - Using msedgedriver 111.0.1661.62 (resolved driver for Edge 111)
22:15:40.456 [main] DEBUG io.github.bonigarcia.wdm.WebDriverManager - Driver msedgedriver 111.0.1661.62 found in cache
22:15:40.456 [main] INFO io.github.bonigarcia.wdm.WebDriverManager - Exporting webdriver.edge.driver as C:\Users\alwi\.cache\selenium\msedgedriver\win64\111.0.1661.62\msedgedriver.exe
22:15:40.458 [main] DEBUG net.serenitybdd.core.webdriver.driverproviders.ProvideNewDriver - Instantiating driver
22:15:40.458 [main] DEBUG net.serenitybdd.core.webdriver.driverproviders.ProvideNewDriver - Driver capabilities: Capabilities {base.url: https://www.uniqlo.com, chrome.driver: src/test/resources/webdrive..., driver: edge, ms:edgeChromium: true, ms:edgeOptions: {}, wait.for.timeout: 6000}
22:15:40.538 [AsyncHttpClient-1-1] DEBUG org.asynchttpclient.netty.channel.DefaultChannelPool - Entry count for : http://localhost:62386 : 1
22:15:40.538 [AsyncHttpClient-1-1] DEBUG org.asynchttpclient.netty.channel.DefaultChannelPool - Entry count for : http://localhost:64310 : 1
22:15:40.538 [AsyncHttpClient-1-1] DEBUG org.asynchttpclient.netty.channel.DefaultChannelPool - Adding Candidate expired Channel [id: 0xb2e36246, L:/127.0.0.1:64309 ! R:localhost/127.0.0.1:62386] isIdleTimeoutExpired=false isRemotelyClosed=true isTtlExpired=false
22:15:40.538 [AsyncHttpClient-1-1] DEBUG org.asynchttpclient.netty.channel.DefaultChannelPool - Closing Idle Channel [id: 0xb2e36246, L:/127.0.0.1:64309 ! R:localhost/127.0.0.1:62386]
22:15:40.538 [AsyncHttpClient-1-1] DEBUG org.asynchttpclient.netty.channel.DefaultChannelPool - Adding Candidate expired Channel [id: 0x9f28d284, L:/127.0.0.1:64316 ! R:localhost/127.0.0.1:64310] isIdleTimeoutExpired=false isRemotelyClosed=true isTtlExpired=false
22:15:40.538 [AsyncHttpClient-1-1] DEBUG org.asynchttpclient.netty.channel.DefaultChannelPool - Closing Idle Channel [id: 0x9f28d284, L:/127.0.0.1:64316 ! R:localhost/127.0.0.1:64310]
22:15:40.538 [AsyncHttpClient-1-1] DEBUG org.asynchttpclient.netty.channel.DefaultChannelPool - Closed 2 connections out of 2 in 0 ms
22:15:41.003 [AsyncHttpClient-1-10] DEBUG org.asynchttpclient.netty.channel.NettyConnectListener - Using new Channel '[id: 0x90da2fd5, L:/127.0.0.1:64440 - R:localhost/127.0.0.1:54502]' for 'POST' to '/session'
22:15:41.569 [AsyncHttpClient-1-10] DEBUG org.asynchttpclient.netty.handler.HttpHandler - 

Request DefaultHttpRequest(decodeResult: success, version: HTTP/1.1)
POST /session HTTP/1.1
User-Agent: selenium/4.1.2 (java windows)
Content-Length: 627
Content-Type: application/json; charset=utf-8
host: localhost:54502
accept: */*

Response DefaultHttpResponse(decodeResult: success, version: HTTP/1.1)
HTTP/1.1 200 OK
Content-Type: application/json; charset=utf-8
cache-control: no-cache
content-length: 824

22:15:41.569 [AsyncHttpClient-1-10] DEBUG org.asynchttpclient.netty.channel.ChannelManager - Adding key: http://localhost:54502 for channel [id: 0x90da2fd5, L:/127.0.0.1:64440 - R:localhost/127.0.0.1:54502]
22:15:41.574 [AsyncHttpClient-1-11] DEBUG org.asynchttpclient.netty.channel.NettyConnectListener - Using new Channel '[id: 0xbf5afbfc, L:/127.0.0.1:64447 - R:localhost/127.0.0.1:64441]' for 'GET' to '/json/version'
22:15:41.574 [AsyncHttpClient-1-11] DEBUG org.asynchttpclient.netty.handler.HttpHandler - 

Request DefaultFullHttpRequest(decodeResult: success, version: HTTP/1.1, content: EmptyByteBufBE)
GET /json/version HTTP/1.1
User-Agent: selenium/4.1.2 (java windows)
host: localhost:64441
accept: */*

Response DefaultHttpResponse(decodeResult: success, version: HTTP/1.1)
HTTP/1.1 200 OK
Content-Security-Policy: frame-ancestors 'none'
Content-Type: application/json; charset=UTF-8
content-length: 436

22:15:41.574 [AsyncHttpClient-1-11] DEBUG org.asynchttpclient.netty.channel.ChannelManager - Adding key: http://localhost:64441 for channel [id: 0xbf5afbfc, L:/127.0.0.1:64447 - R:localhost/127.0.0.1:64441]
22:15:41.576 [AsyncHttpClient-1-12] DEBUG org.asynchttpclient.netty.channel.NettyConnectListener - Using new Channel '[id: 0xf0024132, L:/127.0.0.1:64448 - R:localhost/127.0.0.1:64441]' for 'GET' to '/devtools/browser/fff75b64-b1b2-409d-9e3f-982e2d26246b'
22:15:41.576 [AsyncHttpClient-1-12] DEBUG org.asynchttpclient.netty.handler.WebSocketHandler - 

Request DefaultFullHttpRequest(decodeResult: success, version: HTTP/1.1, content: EmptyByteBufBE)
GET /devtools/browser/fff75b64-b1b2-409d-9e3f-982e2d26246b HTTP/1.1
upgrade: websocket
connection: upgrade
sec-websocket-key: D5jfUn47qz4vkaDxza471w==
sec-websocket-version: 13
origin: http://localhost:64441
host: localhost:64441
accept: */*
user-agent: AHC/2.1

Response DefaultHttpResponse(decodeResult: success, version: HTTP/1.1)
HTTP/1.1 101 WebSocket Protocol Handshake
Upgrade: WebSocket
Connection: Upgrade
Sec-WebSocket-Accept: V2tqLhIKtMy4oG0F/5OkNFg4qgg=

22:15:41.580 [Forwarding get on session c9f69971805e1b1574787c38a97d50f5 to remote] DEBUG org.asynchttpclient.netty.request.NettyRequestSender - Using pooled Channel '[id: 0x90da2fd5, L:/127.0.0.1:64440 - R:localhost/127.0.0.1:54502]' for 'POST' to 'http://localhost:54502/session/c9f69971805e1b1574787c38a97d50f5/url'
22:15:41.580 [Forwarding get on session c9f69971805e1b1574787c38a97d50f5 to remote] DEBUG org.asynchttpclient.netty.request.NettyRequestSender - Using open Channel [id: 0x90da2fd5, L:/127.0.0.1:64440 - R:localhost/127.0.0.1:54502] for POST '/session/c9f69971805e1b1574787c38a97d50f5/url'
22:15:41.646 [AsyncHttpClient-1-1] DEBUG org.asynchttpclient.netty.channel.DefaultChannelPool - Entry count for : http://localhost:64441 : 1
22:15:42.745 [AsyncHttpClient-1-1] DEBUG org.asynchttpclient.netty.channel.DefaultChannelPool - Entry count for : http://localhost:64441 : 1
22:15:43.838 [AsyncHttpClient-1-1] DEBUG org.asynchttpclient.netty.channel.DefaultChannelPool - Entry count for : http://localhost:64441 : 1
22:15:44.938 [AsyncHttpClient-1-1] DEBUG org.asynchttpclient.netty.channel.DefaultChannelPool - Entry count for : http://localhost:64441 : 1
22:15:46.038 [AsyncHttpClient-1-1] DEBUG org.asynchttpclient.netty.channel.DefaultChannelPool - Entry count for : http://localhost:64441 : 1
22:15:47.138 [AsyncHttpClient-1-1] DEBUG org.asynchttpclient.netty.channel.DefaultChannelPool - Entry count for : http://localhost:64441 : 1
22:15:48.237 [AsyncHttpClient-1-1] DEBUG org.asynchttpclient.netty.channel.DefaultChannelPool - Entry count for : http://localhost:64441 : 1
22:15:49.339 [AsyncHttpClient-1-1] DEBUG org.asynchttpclient.netty.channel.DefaultChannelPool - Entry count for : http://localhost:64441 : 1
22:15:50.242 [AsyncHttpClient-1-10] DEBUG org.asynchttpclient.netty.handler.HttpHandler - 

Request DefaultHttpRequest(decodeResult: success, version: HTTP/1.1)
POST /session/c9f69971805e1b1574787c38a97d50f5/url HTTP/1.1
User-Agent: selenium/4.1.2 (java windows)
Content-Length: 53
Content-Type: application/json; charset=utf-8
host: localhost:54502
accept: */*

Response DefaultHttpResponse(decodeResult: success, version: HTTP/1.1)
HTTP/1.1 200 OK
Content-Type: application/json; charset=utf-8
cache-control: no-cache
content-length: 14

22:15:50.242 [AsyncHttpClient-1-10] DEBUG org.asynchttpclient.netty.channel.ChannelManager - Adding key: http://localhost:54502 for channel [id: 0x90da2fd5, L:/127.0.0.1:64440 - R:localhost/127.0.0.1:54502]
22:15:50.243 [Forwarding setTimeout on session c9f69971805e1b1574787c38a97d50f5 to remote] DEBUG org.asynchttpclient.netty.request.NettyRequestSender - Using pooled Channel '[id: 0x90da2fd5, L:/127.0.0.1:64440 - R:localhost/127.0.0.1:54502]' for 'POST' to 'http://localhost:54502/session/c9f69971805e1b1574787c38a97d50f5/timeouts'
22:15:50.243 [Forwarding setTimeout on session c9f69971805e1b1574787c38a97d50f5 to remote] DEBUG org.asynchttpclient.netty.request.NettyRequestSender - Using open Channel [id: 0x90da2fd5, L:/127.0.0.1:64440 - R:localhost/127.0.0.1:54502] for POST '/session/c9f69971805e1b1574787c38a97d50f5/timeouts'
22:15:50.244 [AsyncHttpClient-1-10] DEBUG org.asynchttpclient.netty.handler.HttpHandler - 

Request DefaultHttpRequest(decodeResult: success, version: HTTP/1.1)
POST /session/c9f69971805e1b1574787c38a97d50f5/timeouts HTTP/1.1
User-Agent: selenium/4.1.2 (java windows)
Content-Length: 22
Content-Type: application/json; charset=utf-8
host: localhost:54502
accept: */*

Response DefaultHttpResponse(decodeResult: success, version: HTTP/1.1)
HTTP/1.1 200 OK
Content-Type: application/json; charset=utf-8
cache-control: no-cache
content-length: 14

22:15:50.244 [AsyncHttpClient-1-10] DEBUG org.asynchttpclient.netty.channel.ChannelManager - Adding key: http://localhost:54502 for channel [id: 0x90da2fd5, L:/127.0.0.1:64440 - R:localhost/127.0.0.1:54502]
22:15:50.248 [Forwarding getCurrentUrl on session c9f69971805e1b1574787c38a97d50f5 to remote] DEBUG org.asynchttpclient.netty.request.NettyRequestSender - Using pooled Channel '[id: 0x90da2fd5, L:/127.0.0.1:64440 - R:localhost/127.0.0.1:54502]' for 'GET' to 'http://localhost:54502/session/c9f69971805e1b1574787c38a97d50f5/url'
22:15:50.248 [Forwarding getCurrentUrl on session c9f69971805e1b1574787c38a97d50f5 to remote] DEBUG org.asynchttpclient.netty.request.NettyRequestSender - Using open Channel [id: 0x90da2fd5, L:/127.0.0.1:64440 - R:localhost/127.0.0.1:54502] for GET '/session/c9f69971805e1b1574787c38a97d50f5/url'
22:15:50.254 [AsyncHttpClient-1-10] DEBUG org.asynchttpclient.netty.handler.HttpHandler - 

Request DefaultFullHttpRequest(decodeResult: success, version: HTTP/1.1, content: EmptyByteBufBE)
GET /session/c9f69971805e1b1574787c38a97d50f5/url HTTP/1.1
User-Agent: selenium/4.1.2 (java windows)
Cache-Control: no-cache
Content-Type: application/json; charset=utf-8
host: localhost:54502
accept: */*

Response DefaultHttpResponse(decodeResult: success, version: HTTP/1.1)
HTTP/1.1 200 OK
Content-Type: application/json; charset=utf-8
cache-control: no-cache
content-length: 41

22:15:50.254 [AsyncHttpClient-1-10] DEBUG org.asynchttpclient.netty.channel.ChannelManager - Adding key: http://localhost:54502 for channel [id: 0x90da2fd5, L:/127.0.0.1:64440 - R:localhost/127.0.0.1:54502]
  &amp#27;[32mGiven &amp#27;[0m&amp#27;[32mI am on the home page&amp#27;[0m     &amp#27;[90m# starter.stepdefinitions.BabyStep.iAmOnTheHomePage()&amp#27;[0m
22:15:50.258 [Forwarding screenshot on session c9f69971805e1b1574787c38a97d50f5 to remote] DEBUG org.asynchttpclient.netty.request.NettyRequestSender - Using pooled Channel '[id: 0x90da2fd5, L:/127.0.0.1:64440 - R:localhost/127.0.0.1:54502]' for 'GET' to 'http://localhost:54502/session/c9f69971805e1b1574787c38a97d50f5/screenshot'
22:15:50.258 [Forwarding screenshot on session c9f69971805e1b1574787c38a97d50f5 to remote] DEBUG org.asynchttpclient.netty.request.NettyRequestSender - Using open Channel [id: 0x90da2fd5, L:/127.0.0.1:64440 - R:localhost/127.0.0.1:54502] for GET '/session/c9f69971805e1b1574787c38a97d50f5/screenshot'
22:15:50.437 [AsyncHttpClient-1-1] DEBUG org.asynchttpclient.netty.channel.DefaultChannelPool - Entry count for : http://localhost:64441 : 1
22:15:50.601 [AsyncHttpClient-1-10] DEBUG org.asynchttpclient.netty.handler.HttpHandler - 

Request DefaultFullHttpRequest(decodeResult: success, version: HTTP/1.1, content: EmptyByteBufBE)
GET /session/c9f69971805e1b1574787c38a97d50f5/screenshot HTTP/1.1
User-Agent: selenium/4.1.2 (java windows)
Cache-Control: no-cache
Content-Type: application/json; charset=utf-8
host: localhost:54502
accept: */*

Response DefaultHttpResponse(decodeResult: success, version: HTTP/1.1)
HTTP/1.1 200 OK
Content-Type: application/json; charset=utf-8
cache-control: no-cache
content-length: 1119968

22:15:50.603 [AsyncHttpClient-1-10] DEBUG org.asynchttpclient.netty.channel.ChannelManager - Adding key: http://localhost:54502 for channel [id: 0x90da2fd5, L:/127.0.0.1:64440 - R:localhost/127.0.0.1:54502]
22:15:50.637 [main] DEBUG net.serenitybdd.core.photography.Darkroom - Send negative for processing for target\site\serenity\3d1b19ad31921c0beae4332facd941fcc81467ad5802877977ec6c100df601ce.png
22:15:50.644 [Forwarding findElement on session c9f69971805e1b1574787c38a97d50f5 to remote] DEBUG org.asynchttpclient.netty.request.NettyRequestSender - Using pooled Channel '[id: 0x90da2fd5, L:/127.0.0.1:64440 - R:localhost/127.0.0.1:54502]' for 'POST' to 'http://localhost:54502/session/c9f69971805e1b1574787c38a97d50f5/element'
22:15:50.644 [Forwarding findElement on session c9f69971805e1b1574787c38a97d50f5 to remote] DEBUG org.asynchttpclient.netty.request.NettyRequestSender - Using open Channel [id: 0x90da2fd5, L:/127.0.0.1:64440 - R:localhost/127.0.0.1:54502] for POST '/session/c9f69971805e1b1574787c38a97d50f5/element'
22:15:50.660 [AsyncHttpClient-1-10] DEBUG org.asynchttpclient.netty.handler.HttpHandler - 

Request DefaultHttpRequest(decodeResult: success, version: HTTP/1.1)
POST /session/c9f69971805e1b1574787c38a97d50f5/element HTTP/1.1
User-Agent: selenium/4.1.2 (java windows)
Content-Length: 81
Content-Type: application/json; charset=utf-8
host: localhost:54502
accept: */*

Response DefaultHttpResponse(decodeResult: success, version: HTTP/1.1)
HTTP/1.1 200 OK
Content-Type: application/json; charset=utf-8
cache-control: no-cache
content-length: 88

22:15:50.660 [AsyncHttpClient-1-10] DEBUG org.asynchttpclient.netty.channel.ChannelManager - Adding key: http://localhost:54502 for channel [id: 0x90da2fd5, L:/127.0.0.1:64440 - R:localhost/127.0.0.1:54502]
22:15:50.662 [Forwarding getElementTagName on session c9f69971805e1b1574787c38a97d50f5 to remote] DEBUG org.asynchttpclient.netty.request.NettyRequestSender - Using pooled Channel '[id: 0x90da2fd5, L:/127.0.0.1:64440 - R:localhost/127.0.0.1:54502]' for 'GET' to 'http://localhost:54502/session/c9f69971805e1b1574787c38a97d50f5/element/886373e8-154c-4de9-8fe4-926295ef6d09/name'
22:15:50.662 [Forwarding getElementTagName on session c9f69971805e1b1574787c38a97d50f5 to remote] DEBUG org.asynchttpclient.netty.request.NettyRequestSender - Using open Channel [id: 0x90da2fd5, L:/127.0.0.1:64440 - R:localhost/127.0.0.1:54502] for GET '/session/c9f69971805e1b1574787c38a97d50f5/element/886373e8-154c-4de9-8fe4-926295ef6d09/name'
22:15:50.665 [AsyncHttpClient-1-10] DEBUG org.asynchttpclient.netty.handler.HttpHandler - 

Request DefaultFullHttpRequest(decodeResult: success, version: HTTP/1.1, content: EmptyByteBufBE)
GET /session/c9f69971805e1b1574787c38a97d50f5/element/886373e8-154c-4de9-8fe4-926295ef6d09/name HTTP/1.1
User-Agent: selenium/4.1.2 (java windows)
Cache-Control: no-cache
Content-Type: application/json; charset=utf-8
host: localhost:54502
accept: */*

Response DefaultHttpResponse(decodeResult: success, version: HTTP/1.1)
HTTP/1.1 200 OK
Content-Type: application/json; charset=utf-8
cache-control: no-cache
content-length: 16

22:15:50.665 [AsyncHttpClient-1-10] DEBUG org.asynchttpclient.netty.channel.ChannelManager - Adding key: http://localhost:54502 for channel [id: 0x90da2fd5, L:/127.0.0.1:64440 - R:localhost/127.0.0.1:54502]
22:15:50.666 [Forwarding getElementTagName on session c9f69971805e1b1574787c38a97d50f5 to remote] DEBUG org.asynchttpclient.netty.request.NettyRequestSender - Using pooled Channel '[id: 0x90da2fd5, L:/127.0.0.1:64440 - R:localhost/127.0.0.1:54502]' for 'GET' to 'http://localhost:54502/session/c9f69971805e1b1574787c38a97d50f5/element/886373e8-154c-4de9-8fe4-926295ef6d09/name'
22:15:50.666 [Forwarding getElementTagName on session c9f69971805e1b1574787c38a97d50f5 to remote] DEBUG org.asynchttpclient.netty.request.NettyRequestSender - Using open Channel [id: 0x90da2fd5, L:/127.0.0.1:64440 - R:localhost/127.0.0.1:54502] for GET '/session/c9f69971805e1b1574787c38a97d50f5/element/886373e8-154c-4de9-8fe4-926295ef6d09/name'
22:15:50.669 [AsyncHttpClient-1-10] DEBUG org.asynchttpclient.netty.handler.HttpHandler - 

Request DefaultFullHttpRequest(decodeResult: success, version: HTTP/1.1, content: EmptyByteBufBE)
GET /session/c9f69971805e1b1574787c38a97d50f5/element/886373e8-154c-4de9-8fe4-926295ef6d09/name HTTP/1.1
User-Agent: selenium/4.1.2 (java windows)
Cache-Control: no-cache
Content-Type: application/json; charset=utf-8
host: localhost:54502
accept: */*

Response DefaultHttpResponse(decodeResult: success, version: HTTP/1.1)
HTTP/1.1 200 OK
Content-Type: application/json; charset=utf-8
cache-control: no-cache
content-length: 16

22:15:50.669 [AsyncHttpClient-1-10] DEBUG org.asynchttpclient.netty.channel.ChannelManager - Adding key: http://localhost:54502 for channel [id: 0x90da2fd5, L:/127.0.0.1:64440 - R:localhost/127.0.0.1:54502]
22:15:50.670 [Forwarding findElement on session c9f69971805e1b1574787c38a97d50f5 to remote] DEBUG org.asynchttpclient.netty.request.NettyRequestSender - Using pooled Channel '[id: 0x90da2fd5, L:/127.0.0.1:64440 - R:localhost/127.0.0.1:54502]' for 'POST' to 'http://localhost:54502/session/c9f69971805e1b1574787c38a97d50f5/element'
22:15:50.670 [Forwarding findElement on session c9f69971805e1b1574787c38a97d50f5 to remote] DEBUG org.asynchttpclient.netty.request.NettyRequestSender - Using open Channel [id: 0x90da2fd5, L:/127.0.0.1:64440 - R:localhost/127.0.0.1:54502] for POST '/session/c9f69971805e1b1574787c38a97d50f5/element'
22:15:50.676 [AsyncHttpClient-1-10] DEBUG org.asynchttpclient.netty.handler.HttpHandler - 

Request DefaultHttpRequest(decodeResult: success, version: HTTP/1.1)
POST /session/c9f69971805e1b1574787c38a97d50f5/element HTTP/1.1
User-Agent: selenium/4.1.2 (java windows)
Content-Length: 81
Content-Type: application/json; charset=utf-8
host: localhost:54502
accept: */*

Response DefaultHttpResponse(decodeResult: success, version: HTTP/1.1)
HTTP/1.1 200 OK
Content-Type: application/json; charset=utf-8
cache-control: no-cache
content-length: 88

22:15:50.676 [AsyncHttpClient-1-10] DEBUG org.asynchttpclient.netty.channel.ChannelManager - Adding key: http://localhost:54502 for channel [id: 0x90da2fd5, L:/127.0.0.1:64440 - R:localhost/127.0.0.1:54502]
22:15:50.677 [Forwarding clickElement on session c9f69971805e1b1574787c38a97d50f5 to remote] DEBUG org.asynchttpclient.netty.request.NettyRequestSender - Using pooled Channel '[id: 0x90da2fd5, L:/127.0.0.1:64440 - R:localhost/127.0.0.1:54502]' for 'POST' to 'http://localhost:54502/session/c9f69971805e1b1574787c38a97d50f5/element/886373e8-154c-4de9-8fe4-926295ef6d09/click'
22:15:50.677 [Forwarding clickElement on session c9f69971805e1b1574787c38a97d50f5 to remote] DEBUG org.asynchttpclient.netty.request.NettyRequestSender - Using open Channel [id: 0x90da2fd5, L:/127.0.0.1:64440 - R:localhost/127.0.0.1:54502] for POST '/session/c9f69971805e1b1574787c38a97d50f5/element/886373e8-154c-4de9-8fe4-926295ef6d09/click'
22:15:51.098 [AsyncHttpClient-1-10] DEBUG org.asynchttpclient.netty.handler.HttpHandler - 

Request DefaultHttpRequest(decodeResult: success, version: HTTP/1.1)
POST /session/c9f69971805e1b1574787c38a97d50f5/element/886373e8-154c-4de9-8fe4-926295ef6d09/click HTTP/1.1
User-Agent: selenium/4.1.2 (java windows)
Content-Length: 50
Content-Type: application/json; charset=utf-8
host: localhost:54502
accept: */*

Response DefaultHttpResponse(decodeResult: success, version: HTTP/1.1)
HTTP/1.1 200 OK
Content-Type: application/json; charset=utf-8
cache-control: no-cache
content-length: 14

22:15:51.098 [AsyncHttpClient-1-10] DEBUG org.asynchttpclient.netty.channel.ChannelManager - Adding key: http://localhost:54502 for channel [id: 0x90da2fd5, L:/127.0.0.1:64440 - R:localhost/127.0.0.1:54502]
  &amp#27;[32mThen &amp#27;[0m&amp#27;[32mI click baby on the header&amp#27;[0m &amp#27;[90m# starter.stepdefinitions.BabyStep.iClickBabyOnTheHeader()&amp#27;[0m
22:15:51.106 [Forwarding screenshot on session c9f69971805e1b1574787c38a97d50f5 to remote] DEBUG org.asynchttpclient.netty.request.NettyRequestSender - Using pooled Channel '[id: 0x90da2fd5, L:/127.0.0.1:64440 - R:localhost/127.0.0.1:54502]' for 'GET' to 'http://localhost:54502/session/c9f69971805e1b1574787c38a97d50f5/screenshot'
22:15:51.106 [Forwarding screenshot on session c9f69971805e1b1574787c38a97d50f5 to remote] DEBUG org.asynchttpclient.netty.request.NettyRequestSender - Using open Channel [id: 0x90da2fd5, L:/127.0.0.1:64440 - R:localhost/127.0.0.1:54502] for GET '/session/c9f69971805e1b1574787c38a97d50f5/screenshot'
22:15:51.402 [AsyncHttpClient-1-10] DEBUG org.asynchttpclient.netty.handler.HttpHandler - 

Request DefaultFullHttpRequest(decodeResult: success, version: HTTP/1.1, content: EmptyByteBufBE)
GET /session/c9f69971805e1b1574787c38a97d50f5/screenshot HTTP/1.1
User-Agent: selenium/4.1.2 (java windows)
Cache-Control: no-cache
Content-Type: application/json; charset=utf-8
host: localhost:54502
accept: */*

Response DefaultHttpResponse(decodeResult: success, version: HTTP/1.1)
HTTP/1.1 200 OK
Content-Type: application/json; charset=utf-8
cache-control: no-cache
content-length: 61816

22:15:51.403 [AsyncHttpClient-1-10] DEBUG org.asynchttpclient.netty.channel.ChannelManager - Adding key: http://localhost:54502 for channel [id: 0x90da2fd5, L:/127.0.0.1:64440 - R:localhost/127.0.0.1:54502]
22:15:51.410 [main] DEBUG net.serenitybdd.core.photography.Darkroom - Send negative for processing for target\site\serenity\5b31d5e614668d2bcda9561786ada5ef763160918f6c9d1435da003ab94fed82.png
22:15:51.421 [Forwarding findElement on session c9f69971805e1b1574787c38a97d50f5 to remote] DEBUG org.asynchttpclient.netty.request.NettyRequestSender - Using pooled Channel '[id: 0x90da2fd5, L:/127.0.0.1:64440 - R:localhost/127.0.0.1:54502]' for 'POST' to 'http://localhost:54502/session/c9f69971805e1b1574787c38a97d50f5/element'
22:15:51.421 [Forwarding findElement on session c9f69971805e1b1574787c38a97d50f5 to remote] DEBUG org.asynchttpclient.netty.request.NettyRequestSender - Using open Channel [id: 0x90da2fd5, L:/127.0.0.1:64440 - R:localhost/127.0.0.1:54502] for POST '/session/c9f69971805e1b1574787c38a97d50f5/element'
22:15:51.456 [AsyncHttpClient-1-10] DEBUG org.asynchttpclient.netty.handler.HttpHandler - 

Request DefaultHttpRequest(decodeResult: success, version: HTTP/1.1)
POST /session/c9f69971805e1b1574787c38a97d50f5/element HTTP/1.1
User-Agent: selenium/4.1.2 (java windows)
Content-Length: 107
Content-Type: application/json; charset=utf-8
host: localhost:54502
accept: */*

Response DefaultHttpResponse(decodeResult: success, version: HTTP/1.1)
HTTP/1.1 200 OK
Content-Type: application/json; charset=utf-8
cache-control: no-cache
content-length: 88

22:15:51.456 [AsyncHttpClient-1-10] DEBUG org.asynchttpclient.netty.channel.ChannelManager - Adding key: http://localhost:54502 for channel [id: 0x90da2fd5, L:/127.0.0.1:64440 - R:localhost/127.0.0.1:54502]
22:15:51.457 [Forwarding getElementTagName on session c9f69971805e1b1574787c38a97d50f5 to remote] DEBUG org.asynchttpclient.netty.request.NettyRequestSender - Using pooled Channel '[id: 0x90da2fd5, L:/127.0.0.1:64440 - R:localhost/127.0.0.1:54502]' for 'GET' to 'http://localhost:54502/session/c9f69971805e1b1574787c38a97d50f5/element/27c8fd7e-f568-4fff-bf54-87bb74bbca92/name'
22:15:51.457 [Forwarding getElementTagName on session c9f69971805e1b1574787c38a97d50f5 to remote] DEBUG org.asynchttpclient.netty.request.NettyRequestSender - Using open Channel [id: 0x90da2fd5, L:/127.0.0.1:64440 - R:localhost/127.0.0.1:54502] for GET '/session/c9f69971805e1b1574787c38a97d50f5/element/27c8fd7e-f568-4fff-bf54-87bb74bbca92/name'
22:15:51.469 [AsyncHttpClient-1-10] DEBUG org.asynchttpclient.netty.handler.HttpHandler - 

Request DefaultFullHttpRequest(decodeResult: success, version: HTTP/1.1, content: EmptyByteBufBE)
GET /session/c9f69971805e1b1574787c38a97d50f5/element/27c8fd7e-f568-4fff-bf54-87bb74bbca92/name HTTP/1.1
User-Agent: selenium/4.1.2 (java windows)
Cache-Control: no-cache
Content-Type: application/json; charset=utf-8
host: localhost:54502
accept: */*

Response DefaultHttpResponse(decodeResult: success, version: HTTP/1.1)
HTTP/1.1 200 OK
Content-Type: application/json; charset=utf-8
cache-control: no-cache
content-length: 16

22:15:51.470 [AsyncHttpClient-1-10] DEBUG org.asynchttpclient.netty.channel.ChannelManager - Adding key: http://localhost:54502 for channel [id: 0x90da2fd5, L:/127.0.0.1:64440 - R:localhost/127.0.0.1:54502]
22:15:51.471 [Forwarding getElementTagName on session c9f69971805e1b1574787c38a97d50f5 to remote] DEBUG org.asynchttpclient.netty.request.NettyRequestSender - Using pooled Channel '[id: 0x90da2fd5, L:/127.0.0.1:64440 - R:localhost/127.0.0.1:54502]' for 'GET' to 'http://localhost:54502/session/c9f69971805e1b1574787c38a97d50f5/element/27c8fd7e-f568-4fff-bf54-87bb74bbca92/name'
22:15:51.471 [Forwarding getElementTagName on session c9f69971805e1b1574787c38a97d50f5 to remote] DEBUG org.asynchttpclient.netty.request.NettyRequestSender - Using open Channel [id: 0x90da2fd5, L:/127.0.0.1:64440 - R:localhost/127.0.0.1:54502] for GET '/session/c9f69971805e1b1574787c38a97d50f5/element/27c8fd7e-f568-4fff-bf54-87bb74bbca92/name'
22:15:51.474 [AsyncHttpClient-1-10] DEBUG org.asynchttpclient.netty.handler.HttpHandler - 

Request DefaultFullHttpRequest(decodeResult: success, version: HTTP/1.1, content: EmptyByteBufBE)
GET /session/c9f69971805e1b1574787c38a97d50f5/element/27c8fd7e-f568-4fff-bf54-87bb74bbca92/name HTTP/1.1
User-Agent: selenium/4.1.2 (java windows)
Cache-Control: no-cache
Content-Type: application/json; charset=utf-8
host: localhost:54502
accept: */*

Response DefaultHttpResponse(decodeResult: success, version: HTTP/1.1)
HTTP/1.1 200 OK
Content-Type: application/json; charset=utf-8
cache-control: no-cache
content-length: 16

22:15:51.475 [AsyncHttpClient-1-10] DEBUG org.asynchttpclient.netty.channel.ChannelManager - Adding key: http://localhost:54502 for channel [id: 0x90da2fd5, L:/127.0.0.1:64440 - R:localhost/127.0.0.1:54502]
22:15:51.476 [Forwarding findElement on session c9f69971805e1b1574787c38a97d50f5 to remote] DEBUG org.asynchttpclient.netty.request.NettyRequestSender - Using pooled Channel '[id: 0x90da2fd5, L:/127.0.0.1:64440 - R:localhost/127.0.0.1:54502]' for 'POST' to 'http://localhost:54502/session/c9f69971805e1b1574787c38a97d50f5/element'
22:15:51.476 [Forwarding findElement on session c9f69971805e1b1574787c38a97d50f5 to remote] DEBUG org.asynchttpclient.netty.request.NettyRequestSender - Using open Channel [id: 0x90da2fd5, L:/127.0.0.1:64440 - R:localhost/127.0.0.1:54502] for POST '/session/c9f69971805e1b1574787c38a97d50f5/element'
22:15:51.485 [AsyncHttpClient-1-10] DEBUG org.asynchttpclient.netty.handler.HttpHandler - 

Request DefaultHttpRequest(decodeResult: success, version: HTTP/1.1)
POST /session/c9f69971805e1b1574787c38a97d50f5/element HTTP/1.1
User-Agent: selenium/4.1.2 (java windows)
Content-Length: 107
Content-Type: application/json; charset=utf-8
host: localhost:54502
accept: */*

Response DefaultHttpResponse(decodeResult: success, version: HTTP/1.1)
HTTP/1.1 200 OK
Content-Type: application/json; charset=utf-8
cache-control: no-cache
content-length: 88

22:15:51.485 [AsyncHttpClient-1-10] DEBUG org.asynchttpclient.netty.channel.ChannelManager - Adding key: http://localhost:54502 for channel [id: 0x90da2fd5, L:/127.0.0.1:64440 - R:localhost/127.0.0.1:54502]
22:15:51.486 [Forwarding clickElement on session c9f69971805e1b1574787c38a97d50f5 to remote] DEBUG org.asynchttpclient.netty.request.NettyRequestSender - Using pooled Channel '[id: 0x90da2fd5, L:/127.0.0.1:64440 - R:localhost/127.0.0.1:54502]' for 'POST' to 'http://localhost:54502/session/c9f69971805e1b1574787c38a97d50f5/element/27c8fd7e-f568-4fff-bf54-87bb74bbca92/click'
22:15:51.486 [Forwarding clickElement on session c9f69971805e1b1574787c38a97d50f5 to remote] DEBUG org.asynchttpclient.netty.request.NettyRequestSender - Using open Channel [id: 0x90da2fd5, L:/127.0.0.1:64440 - R:localhost/127.0.0.1:54502] for POST '/session/c9f69971805e1b1574787c38a97d50f5/element/27c8fd7e-f568-4fff-bf54-87bb74bbca92/click'
22:15:51.538 [AsyncHttpClient-1-1] DEBUG org.asynchttpclient.netty.channel.DefaultChannelPool - Entry count for : http://localhost:64441 : 1
22:15:51.660 [AsyncHttpClient-1-10] DEBUG org.asynchttpclient.netty.handler.HttpHandler - 

Request DefaultHttpRequest(decodeResult: success, version: HTTP/1.1)
POST /session/c9f69971805e1b1574787c38a97d50f5/element/27c8fd7e-f568-4fff-bf54-87bb74bbca92/click HTTP/1.1
User-Agent: selenium/4.1.2 (java windows)
Content-Length: 50
Content-Type: application/json; charset=utf-8
host: localhost:54502
accept: */*

Response DefaultHttpResponse(decodeResult: success, version: HTTP/1.1)
HTTP/1.1 200 OK
Content-Type: application/json; charset=utf-8
cache-control: no-cache
content-length: 14

22:15:51.660 [AsyncHttpClient-1-10] DEBUG org.asynchttpclient.netty.channel.ChannelManager - Adding key: http://localhost:54502 for channel [id: 0x90da2fd5, L:/127.0.0.1:64440 - R:localhost/127.0.0.1:54502]
  &amp#27;[32mWhen &amp#27;[0m&amp#27;[32mI will go to &amp#27;[0m&amp#27;[32m&amp#27;[1m"kaosKaki2"&amp#27;[0m   &amp#27;[90m# starter.stepdefinitions.BabyStep.iWillGoTo(java.lang.String)&amp#27;[0m
22:15:51.668 [Forwarding screenshot on session c9f69971805e1b1574787c38a97d50f5 to remote] DEBUG org.asynchttpclient.netty.request.NettyRequestSender - Using pooled Channel '[id: 0x90da2fd5, L:/127.0.0.1:64440 - R:localhost/127.0.0.1:54502]' for 'GET' to 'http://localhost:54502/session/c9f69971805e1b1574787c38a97d50f5/screenshot'
22:15:51.668 [Forwarding screenshot on session c9f69971805e1b1574787c38a97d50f5 to remote] DEBUG org.asynchttpclient.netty.request.NettyRequestSender - Using open Channel [id: 0x90da2fd5, L:/127.0.0.1:64440 - R:localhost/127.0.0.1:54502] for GET '/session/c9f69971805e1b1574787c38a97d50f5/screenshot'
22:15:51.790 [AsyncHttpClient-1-10] DEBUG org.asynchttpclient.netty.handler.HttpHandler - 

Request DefaultFullHttpRequest(decodeResult: success, version: HTTP/1.1, content: EmptyByteBufBE)
GET /session/c9f69971805e1b1574787c38a97d50f5/screenshot HTTP/1.1
User-Agent: selenium/4.1.2 (java windows)
Cache-Control: no-cache
Content-Type: application/json; charset=utf-8
host: localhost:54502
accept: */*

Response DefaultHttpResponse(decodeResult: success, version: HTTP/1.1)
HTTP/1.1 200 OK
Content-Type: application/json; charset=utf-8
cache-control: no-cache
content-length: 88764

22:15:51.791 [AsyncHttpClient-1-10] DEBUG org.asynchttpclient.netty.channel.ChannelManager - Adding key: http://localhost:54502 for channel [id: 0x90da2fd5, L:/127.0.0.1:64440 - R:localhost/127.0.0.1:54502]
22:15:51.793 [main] DEBUG net.serenitybdd.core.photography.Darkroom - Send negative for processing for target\site\serenity\6298f970455eb1f9b1b23a3a11c1d77d971d40b48012cb5ec0a936f58fa42a09.png
22:15:51.793 [Darkroom Processing Line] DEBUG net.serenitybdd.core.photography.DarkroomProcessingLine - Processing screenshot image in /var/screenshots/screenshot-11239407754229077054
22:15:51.793 [Darkroom Processing Line] DEBUG net.serenitybdd.core.photography.DarkroomProcessingLine - Saving screenshot to target\site\serenity\6298f970455eb1f9b1b23a3a11c1d77d971d40b48012cb5ec0a936f58fa42a09.png
  &amp#27;[32mAnd &amp#27;[0m&amp#27;[32mI &amp#27;[0m&amp#27;[32m&amp#27;[1m""&amp#27;[0m&amp#27;[32m page&amp#27;[0m                   &amp#27;[90m# starter.stepdefinitions.BabyStep.iPage(java.lang.String)&amp#27;[0m
22:15:51.804 [AsyncHttpClient-1-12] DEBUG org.asynchttpclient.netty.handler.WebSocketHandler - Channel Closed: [id: 0xf0024132, L:/127.0.0.1:64448 ! R:localhost/127.0.0.1:64441] with attribute NettyResponseFuture{currentRetry=5,
	isDone=1,
	isCancelled=0,
	asyncHandler=org.asynchttpclient.ws.WebSocketUpgradeHandler@64f040c7,
	nettyRequest=org.asynchttpclient.netty.request.NettyRequest@10fdfac5,
	future=java.util.concurrent.CompletableFuture@7059a4ac[Completed normally],
	uri=ws://localhost:64441/devtools/browser/fff75b64-b1b2-409d-9e3f-982e2d26246b,
	keepAlive=true,
	redirectCount=0,
	timeoutsHolder=null,
	inAuth=0,
	touch=1680707741576}
22:15:51.804 [AsyncHttpClient-1-12] DEBUG org.asynchttpclient.netty.channel.ChannelManager - Closing Channel [id: 0xf0024132, L:/127.0.0.1:64448 ! R:localhost/127.0.0.1:64441] 
22:15:51.804 [Driver Command Executor] DEBUG org.asynchttpclient.netty.request.NettyRequestSender - Using pooled Channel '[id: 0x90da2fd5, L:/127.0.0.1:64440 - R:localhost/127.0.0.1:54502]' for 'DELETE' to 'http://localhost:54502/session/c9f69971805e1b1574787c38a97d50f5'
22:15:51.804 [Driver Command Executor] DEBUG org.asynchttpclient.netty.request.NettyRequestSender - Using open Channel [id: 0x90da2fd5, L:/127.0.0.1:64440 - R:localhost/127.0.0.1:54502] for DELETE '/session/c9f69971805e1b1574787c38a97d50f5'
22:15:51.840 [AsyncHttpClient-1-11] DEBUG org.asynchttpclient.netty.handler.HttpHandler - Unexpected I/O exception on channel [id: 0xbf5afbfc, L:/127.0.0.1:64447 - R:localhost/127.0.0.1:64441]
java.net.SocketException: Connection reset
	at java.base/sun.nio.ch.SocketChannelImpl.throwConnectionReset(SocketChannelImpl.java:345)
	at java.base/sun.nio.ch.SocketChannelImpl.read(SocketChannelImpl.java:376)
	at io.netty.buffer.PooledByteBuf.setBytes(PooledByteBuf.java:258)
	at io.netty.buffer.AbstractByteBuf.writeBytes(AbstractByteBuf.java:1132)
	at io.netty.channel.socket.nio.NioSocketChannel.doReadBytes(NioSocketChannel.java:350)
	at io.netty.channel.nio.AbstractNioByteChannel$NioByteUnsafe.read(AbstractNioByteChannel.java:151)
	at io.netty.channel.nio.NioEventLoop.processSelectedKey(NioEventLoop.java:722)
	at io.netty.channel.nio.NioEventLoop.processSelectedKeysOptimized(NioEventLoop.java:658)
	at io.netty.channel.nio.NioEventLoop.processSelectedKeys(NioEventLoop.java:584)
	at io.netty.channel.nio.NioEventLoop.run(NioEventLoop.java:496)
	at io.netty.util.concurrent.SingleThreadEventExecutor$4.run(SingleThreadEventExecutor.java:986)
	at io.netty.util.internal.ThreadExecutorMap$2.run(ThreadExecutorMap.java:74)
	at io.netty.util.concurrent.FastThreadLocalRunnable.run(FastThreadLocalRunnable.java:30)
	at java.base/java.lang.Thread.run(Thread.java:830)
22:15:51.840 [AsyncHttpClient-1-11] DEBUG org.asynchttpclient.netty.channel.ChannelManager - Closing Channel [id: 0xbf5afbfc, L:/127.0.0.1:64447 - R:localhost/127.0.0.1:64441] 
22:15:51.840 [AsyncHttpClient-1-11] DEBUG org.asynchttpclient.netty.handler.HttpHandler - Channel Closed: [id: 0xbf5afbfc, L:/127.0.0.1:64447 ! R:localhost/127.0.0.1:64441] with attribute DISCARD
22:15:51.868 [AsyncHttpClient-1-10] DEBUG org.asynchttpclient.netty.handler.HttpHandler - 

Request DefaultFullHttpRequest(decodeResult: success, version: HTTP/1.1, content: EmptyByteBufBE)
DELETE /session/c9f69971805e1b1574787c38a97d50f5 HTTP/1.1
User-Agent: selenium/4.1.2 (java windows)
Content-Type: application/json; charset=utf-8
host: localhost:54502
accept: */*

Response DefaultHttpResponse(decodeResult: success, version: HTTP/1.1)
HTTP/1.1 200 OK
Content-Type: application/json; charset=utf-8
cache-control: no-cache
content-length: 14

22:15:51.868 [AsyncHttpClient-1-10] DEBUG org.asynchttpclient.netty.channel.ChannelManager - Adding key: http://localhost:54502 for channel [id: 0x90da2fd5, L:/127.0.0.1:64440 - R:localhost/127.0.0.1:54502]
22:15:52.006 [AsyncHttpClient-1-10] DEBUG org.asynchttpclient.netty.handler.HttpHandler - Channel Closed: [id: 0x90da2fd5, L:/127.0.0.1:64440 ! R:localhost/127.0.0.1:54502] with attribute DISCARD
]]></system-out>
    <system-err><![CDATA[Starting Microsoft Edge WebDriver 111.0.1661.62 (0a8f453929e6410c973aa529a40485ce4e3e03db) on port 54502
To submit feedback, report a bug, or suggest new features, please visit https://github.com/MicrosoftEdge/EdgeWebDriver

Only local connections are allowed.
Please see https://aka.ms/WebDriverSecurity for suggestions on keeping Microsoft Edge WebDriver safe.

Microsoft Edge WebDriver was started successfully.
Apr 05, 2023 10:15:41 PM org.openqa.selenium.remote.ProtocolHandshake createSession
INFO: Detected dialect: W3C
Apr 05, 2023 10:15:41 PM org.openqa.selenium.devtools.CdpVersionFinder findNearestMatch
WARNING: Unable to find an exact match for CDP version 111, so returning the closest version found: a no-op implementation
Apr 05, 2023 10:15:41 PM org.openqa.selenium.devtools.CdpVersionFinder findNearestMatch
INFO: Unable to find CDP implementation matching 111.
Apr 05, 2023 10:15:41 PM org.openqa.selenium.chromium.ChromiumDriver lambda$new$3
WARNING: Unable to find version of CDP to use for . You may need to include a dependency on a specific version of the CDP using something similar to `org.seleniumhq.selenium:selenium-devtools-v86:4.1.2` where the version ("v86") matches the version of the chromium-based browser you're using and the version number of the artifact is the same as Selenium's.
]]></system-err>
  </testcase>
  <testcase name="Fitur Menu Baby #26" classname="Baby" time="13.404">
    <system-out><![CDATA[
Scenario Outline: Fitur Menu Baby &amp#27;[90m# src/test/resources/features/Baby.feature:118&amp#27;[0m
22:15:52.591 [main] INFO io.cucumber.core.plugin.SerenityReporter - Running feature from file:///C:/Users/alwi/IdeaProjects/uniqloweb/src/test/resources/features/Baby.feature
22:15:52.638 [AsyncHttpClient-1-1] DEBUG org.asynchttpclient.netty.channel.DefaultChannelPool - Entry count for : http://localhost:54502 : 1
22:15:52.638 [AsyncHttpClient-1-1] DEBUG org.asynchttpclient.netty.channel.DefaultChannelPool - Entry count for : http://localhost:64441 : 1
22:15:52.638 [AsyncHttpClient-1-1] DEBUG org.asynchttpclient.netty.channel.DefaultChannelPool - Adding Candidate expired Channel [id: 0x90da2fd5, L:/127.0.0.1:64440 ! R:localhost/127.0.0.1:54502] isIdleTimeoutExpired=false isRemotelyClosed=true isTtlExpired=false
22:15:52.638 [AsyncHttpClient-1-1] DEBUG org.asynchttpclient.netty.channel.DefaultChannelPool - Closing Idle Channel [id: 0x90da2fd5, L:/127.0.0.1:64440 ! R:localhost/127.0.0.1:54502]
22:15:52.638 [AsyncHttpClient-1-1] DEBUG org.asynchttpclient.netty.channel.DefaultChannelPool - Adding Candidate expired Channel [id: 0xbf5afbfc, L:/127.0.0.1:64447 ! R:localhost/127.0.0.1:64441] isIdleTimeoutExpired=false isRemotelyClosed=true isTtlExpired=false
22:15:52.638 [AsyncHttpClient-1-1] DEBUG org.asynchttpclient.netty.channel.DefaultChannelPool - Closing Idle Channel [id: 0xbf5afbfc, L:/127.0.0.1:64447 ! R:localhost/127.0.0.1:64441]
22:15:52.638 [AsyncHttpClient-1-1] DEBUG org.asynchttpclient.netty.channel.DefaultChannelPool - Closed 2 connections out of 2 in 0 ms
22:15:52.698 [main] DEBUG io.github.bonigarcia.wdm.cache.ResolutionCache - Resolution edge=111 in cache (valid until 23:09:49 05/04/2023 WIB)
22:15:52.701 [main] DEBUG io.github.bonigarcia.wdm.cache.ResolutionCache - Resolution edge111=111.0.1661.62 in cache (valid until 15:17:30 06/04/2023 WIB)
22:15:52.703 [main] INFO io.github.bonigarcia.wdm.WebDriverManager - Using msedgedriver 111.0.1661.62 (resolved driver for Edge 111)
22:15:52.712 [main] DEBUG io.github.bonigarcia.wdm.WebDriverManager - Driver msedgedriver 111.0.1661.62 found in cache
22:15:52.712 [main] INFO io.github.bonigarcia.wdm.WebDriverManager - Exporting webdriver.edge.driver as C:\Users\alwi\.cache\selenium\msedgedriver\win64\111.0.1661.62\msedgedriver.exe
22:15:52.714 [main] DEBUG net.serenitybdd.core.webdriver.driverproviders.ProvideNewDriver - Instantiating driver
22:15:52.714 [main] DEBUG net.serenitybdd.core.webdriver.driverproviders.ProvideNewDriver - Driver capabilities: Capabilities {base.url: https://www.uniqlo.com, chrome.driver: src/test/resources/webdrive..., driver: edge, ms:edgeChromium: true, ms:edgeOptions: {}, wait.for.timeout: 6000}
22:15:53.244 [AsyncHttpClient-1-13] DEBUG org.asynchttpclient.netty.channel.NettyConnectListener - Using new Channel '[id: 0x579c31e1, L:/127.0.0.1:64570 - R:localhost/127.0.0.1:55212]' for 'POST' to '/session'
22:15:53.789 [AsyncHttpClient-1-13] DEBUG org.asynchttpclient.netty.handler.HttpHandler - 

Request DefaultHttpRequest(decodeResult: success, version: HTTP/1.1)
POST /session HTTP/1.1
User-Agent: selenium/4.1.2 (java windows)
Content-Length: 627
Content-Type: application/json; charset=utf-8
host: localhost:55212
accept: */*

Response DefaultHttpResponse(decodeResult: success, version: HTTP/1.1)
HTTP/1.1 200 OK
Content-Type: application/json; charset=utf-8
cache-control: no-cache
content-length: 822

22:15:53.789 [AsyncHttpClient-1-13] DEBUG org.asynchttpclient.netty.channel.ChannelManager - Adding key: http://localhost:55212 for channel [id: 0x579c31e1, L:/127.0.0.1:64570 - R:localhost/127.0.0.1:55212]
22:15:53.793 [AsyncHttpClient-1-14] DEBUG org.asynchttpclient.netty.channel.NettyConnectListener - Using new Channel '[id: 0x95fc490e, L:/127.0.0.1:64578 - R:localhost/127.0.0.1:64572]' for 'GET' to '/json/version'
22:15:53.794 [AsyncHttpClient-1-14] DEBUG org.asynchttpclient.netty.handler.HttpHandler - 

Request DefaultFullHttpRequest(decodeResult: success, version: HTTP/1.1, content: EmptyByteBufBE)
GET /json/version HTTP/1.1
User-Agent: selenium/4.1.2 (java windows)
host: localhost:64572
accept: */*

Response DefaultHttpResponse(decodeResult: success, version: HTTP/1.1)
HTTP/1.1 200 OK
Content-Security-Policy: frame-ancestors 'none'
Content-Type: application/json; charset=UTF-8
content-length: 436

22:15:53.794 [AsyncHttpClient-1-14] DEBUG org.asynchttpclient.netty.channel.ChannelManager - Adding key: http://localhost:64572 for channel [id: 0x95fc490e, L:/127.0.0.1:64578 - R:localhost/127.0.0.1:64572]
22:15:53.796 [AsyncHttpClient-1-15] DEBUG org.asynchttpclient.netty.channel.NettyConnectListener - Using new Channel '[id: 0xe57d92ba, L:/127.0.0.1:64579 - R:localhost/127.0.0.1:64572]' for 'GET' to '/devtools/browser/758f3e6d-085b-4e74-8786-22c07d5f1a69'
22:15:53.796 [AsyncHttpClient-1-15] DEBUG org.asynchttpclient.netty.handler.WebSocketHandler - 

Request DefaultFullHttpRequest(decodeResult: success, version: HTTP/1.1, content: EmptyByteBufBE)
GET /devtools/browser/758f3e6d-085b-4e74-8786-22c07d5f1a69 HTTP/1.1
upgrade: websocket
connection: upgrade
sec-websocket-key: XCz2gYemcQUpIPRycvSsUA==
sec-websocket-version: 13
origin: http://localhost:64572
host: localhost:64572
accept: */*
user-agent: AHC/2.1

Response DefaultHttpResponse(decodeResult: success, version: HTTP/1.1)
HTTP/1.1 101 WebSocket Protocol Handshake
Upgrade: WebSocket
Connection: Upgrade
Sec-WebSocket-Accept: oTVYSVJ7k5WxXtv9xPLEHbc4L88=

22:15:53.799 [Forwarding get on session 31b0baf2fe32ea69f5af7467628a1ef6 to remote] DEBUG org.asynchttpclient.netty.request.NettyRequestSender - Using pooled Channel '[id: 0x579c31e1, L:/127.0.0.1:64570 - R:localhost/127.0.0.1:55212]' for 'POST' to 'http://localhost:55212/session/31b0baf2fe32ea69f5af7467628a1ef6/url'
22:15:53.799 [Forwarding get on session 31b0baf2fe32ea69f5af7467628a1ef6 to remote] DEBUG org.asynchttpclient.netty.request.NettyRequestSender - Using open Channel [id: 0x579c31e1, L:/127.0.0.1:64570 - R:localhost/127.0.0.1:55212] for POST '/session/31b0baf2fe32ea69f5af7467628a1ef6/url'
22:15:54.839 [AsyncHttpClient-1-1] DEBUG org.asynchttpclient.netty.channel.DefaultChannelPool - Entry count for : http://localhost:64572 : 1
22:15:55.938 [AsyncHttpClient-1-1] DEBUG org.asynchttpclient.netty.channel.DefaultChannelPool - Entry count for : http://localhost:64572 : 1
22:15:57.038 [AsyncHttpClient-1-1] DEBUG org.asynchttpclient.netty.channel.DefaultChannelPool - Entry count for : http://localhost:64572 : 1
22:15:58.143 [AsyncHttpClient-1-1] DEBUG org.asynchttpclient.netty.channel.DefaultChannelPool - Entry count for : http://localhost:64572 : 1
22:15:59.247 [AsyncHttpClient-1-1] DEBUG org.asynchttpclient.netty.channel.DefaultChannelPool - Entry count for : http://localhost:64572 : 1
22:16:00.338 [AsyncHttpClient-1-1] DEBUG org.asynchttpclient.netty.channel.DefaultChannelPool - Entry count for : http://localhost:64572 : 1
22:16:01.441 [AsyncHttpClient-1-1] DEBUG org.asynchttpclient.netty.channel.DefaultChannelPool - Entry count for : http://localhost:64572 : 1
22:16:02.544 [AsyncHttpClient-1-1] DEBUG org.asynchttpclient.netty.channel.DefaultChannelPool - Entry count for : http://localhost:64572 : 1
22:16:02.791 [AsyncHttpClient-1-13] DEBUG org.asynchttpclient.netty.handler.HttpHandler - 

Request DefaultHttpRequest(decodeResult: success, version: HTTP/1.1)
POST /session/31b0baf2fe32ea69f5af7467628a1ef6/url HTTP/1.1
User-Agent: selenium/4.1.2 (java windows)
Content-Length: 53
Content-Type: application/json; charset=utf-8
host: localhost:55212
accept: */*

Response DefaultHttpResponse(decodeResult: success, version: HTTP/1.1)
HTTP/1.1 200 OK
Content-Type: application/json; charset=utf-8
cache-control: no-cache
content-length: 14

22:16:02.791 [AsyncHttpClient-1-13] DEBUG org.asynchttpclient.netty.channel.ChannelManager - Adding key: http://localhost:55212 for channel [id: 0x579c31e1, L:/127.0.0.1:64570 - R:localhost/127.0.0.1:55212]
22:16:02.793 [Forwarding setTimeout on session 31b0baf2fe32ea69f5af7467628a1ef6 to remote] DEBUG org.asynchttpclient.netty.request.NettyRequestSender - Using pooled Channel '[id: 0x579c31e1, L:/127.0.0.1:64570 - R:localhost/127.0.0.1:55212]' for 'POST' to 'http://localhost:55212/session/31b0baf2fe32ea69f5af7467628a1ef6/timeouts'
22:16:02.793 [Forwarding setTimeout on session 31b0baf2fe32ea69f5af7467628a1ef6 to remote] DEBUG org.asynchttpclient.netty.request.NettyRequestSender - Using open Channel [id: 0x579c31e1, L:/127.0.0.1:64570 - R:localhost/127.0.0.1:55212] for POST '/session/31b0baf2fe32ea69f5af7467628a1ef6/timeouts'
22:16:02.794 [AsyncHttpClient-1-13] DEBUG org.asynchttpclient.netty.handler.HttpHandler - 

Request DefaultHttpRequest(decodeResult: success, version: HTTP/1.1)
POST /session/31b0baf2fe32ea69f5af7467628a1ef6/timeouts HTTP/1.1
User-Agent: selenium/4.1.2 (java windows)
Content-Length: 22
Content-Type: application/json; charset=utf-8
host: localhost:55212
accept: */*

Response DefaultHttpResponse(decodeResult: success, version: HTTP/1.1)
HTTP/1.1 200 OK
Content-Type: application/json; charset=utf-8
cache-control: no-cache
content-length: 14

22:16:02.794 [AsyncHttpClient-1-13] DEBUG org.asynchttpclient.netty.channel.ChannelManager - Adding key: http://localhost:55212 for channel [id: 0x579c31e1, L:/127.0.0.1:64570 - R:localhost/127.0.0.1:55212]
22:16:02.796 [Forwarding getCurrentUrl on session 31b0baf2fe32ea69f5af7467628a1ef6 to remote] DEBUG org.asynchttpclient.netty.request.NettyRequestSender - Using pooled Channel '[id: 0x579c31e1, L:/127.0.0.1:64570 - R:localhost/127.0.0.1:55212]' for 'GET' to 'http://localhost:55212/session/31b0baf2fe32ea69f5af7467628a1ef6/url'
22:16:02.796 [Forwarding getCurrentUrl on session 31b0baf2fe32ea69f5af7467628a1ef6 to remote] DEBUG org.asynchttpclient.netty.request.NettyRequestSender - Using open Channel [id: 0x579c31e1, L:/127.0.0.1:64570 - R:localhost/127.0.0.1:55212] for GET '/session/31b0baf2fe32ea69f5af7467628a1ef6/url'
22:16:02.800 [AsyncHttpClient-1-13] DEBUG org.asynchttpclient.netty.handler.HttpHandler - 

Request DefaultFullHttpRequest(decodeResult: success, version: HTTP/1.1, content: EmptyByteBufBE)
GET /session/31b0baf2fe32ea69f5af7467628a1ef6/url HTTP/1.1
User-Agent: selenium/4.1.2 (java windows)
Cache-Control: no-cache
Content-Type: application/json; charset=utf-8
host: localhost:55212
accept: */*

Response DefaultHttpResponse(decodeResult: success, version: HTTP/1.1)
HTTP/1.1 200 OK
Content-Type: application/json; charset=utf-8
cache-control: no-cache
content-length: 41

22:16:02.800 [AsyncHttpClient-1-13] DEBUG org.asynchttpclient.netty.channel.ChannelManager - Adding key: http://localhost:55212 for channel [id: 0x579c31e1, L:/127.0.0.1:64570 - R:localhost/127.0.0.1:55212]
  &amp#27;[32mGiven &amp#27;[0m&amp#27;[32mI am on the home page&amp#27;[0m     &amp#27;[90m# starter.stepdefinitions.BabyStep.iAmOnTheHomePage()&amp#27;[0m
22:16:02.807 [Forwarding screenshot on session 31b0baf2fe32ea69f5af7467628a1ef6 to remote] DEBUG org.asynchttpclient.netty.request.NettyRequestSender - Using pooled Channel '[id: 0x579c31e1, L:/127.0.0.1:64570 - R:localhost/127.0.0.1:55212]' for 'GET' to 'http://localhost:55212/session/31b0baf2fe32ea69f5af7467628a1ef6/screenshot'
22:16:02.807 [Forwarding screenshot on session 31b0baf2fe32ea69f5af7467628a1ef6 to remote] DEBUG org.asynchttpclient.netty.request.NettyRequestSender - Using open Channel [id: 0x579c31e1, L:/127.0.0.1:64570 - R:localhost/127.0.0.1:55212] for GET '/session/31b0baf2fe32ea69f5af7467628a1ef6/screenshot'
22:16:03.162 [AsyncHttpClient-1-13] DEBUG org.asynchttpclient.netty.handler.HttpHandler - 

Request DefaultFullHttpRequest(decodeResult: success, version: HTTP/1.1, content: EmptyByteBufBE)
GET /session/31b0baf2fe32ea69f5af7467628a1ef6/screenshot HTTP/1.1
User-Agent: selenium/4.1.2 (java windows)
Cache-Control: no-cache
Content-Type: application/json; charset=utf-8
host: localhost:55212
accept: */*

Response DefaultHttpResponse(decodeResult: success, version: HTTP/1.1)
HTTP/1.1 200 OK
Content-Type: application/json; charset=utf-8
cache-control: no-cache
content-length: 1119968

22:16:03.164 [AsyncHttpClient-1-13] DEBUG org.asynchttpclient.netty.channel.ChannelManager - Adding key: http://localhost:55212 for channel [id: 0x579c31e1, L:/127.0.0.1:64570 - R:localhost/127.0.0.1:55212]
22:16:03.201 [main] DEBUG net.serenitybdd.core.photography.Darkroom - Send negative for processing for target\site\serenity\3d1b19ad31921c0beae4332facd941fcc81467ad5802877977ec6c100df601ce.png
22:16:03.214 [Forwarding findElement on session 31b0baf2fe32ea69f5af7467628a1ef6 to remote] DEBUG org.asynchttpclient.netty.request.NettyRequestSender - Using pooled Channel '[id: 0x579c31e1, L:/127.0.0.1:64570 - R:localhost/127.0.0.1:55212]' for 'POST' to 'http://localhost:55212/session/31b0baf2fe32ea69f5af7467628a1ef6/element'
22:16:03.214 [Forwarding findElement on session 31b0baf2fe32ea69f5af7467628a1ef6 to remote] DEBUG org.asynchttpclient.netty.request.NettyRequestSender - Using open Channel [id: 0x579c31e1, L:/127.0.0.1:64570 - R:localhost/127.0.0.1:55212] for POST '/session/31b0baf2fe32ea69f5af7467628a1ef6/element'
22:16:03.227 [AsyncHttpClient-1-13] DEBUG org.asynchttpclient.netty.handler.HttpHandler - 

Request DefaultHttpRequest(decodeResult: success, version: HTTP/1.1)
POST /session/31b0baf2fe32ea69f5af7467628a1ef6/element HTTP/1.1
User-Agent: selenium/4.1.2 (java windows)
Content-Length: 81
Content-Type: application/json; charset=utf-8
host: localhost:55212
accept: */*

Response DefaultHttpResponse(decodeResult: success, version: HTTP/1.1)
HTTP/1.1 200 OK
Content-Type: application/json; charset=utf-8
cache-control: no-cache
content-length: 88

22:16:03.227 [AsyncHttpClient-1-13] DEBUG org.asynchttpclient.netty.channel.ChannelManager - Adding key: http://localhost:55212 for channel [id: 0x579c31e1, L:/127.0.0.1:64570 - R:localhost/127.0.0.1:55212]
22:16:03.229 [Forwarding getElementTagName on session 31b0baf2fe32ea69f5af7467628a1ef6 to remote] DEBUG org.asynchttpclient.netty.request.NettyRequestSender - Using pooled Channel '[id: 0x579c31e1, L:/127.0.0.1:64570 - R:localhost/127.0.0.1:55212]' for 'GET' to 'http://localhost:55212/session/31b0baf2fe32ea69f5af7467628a1ef6/element/fe6ce535-13a0-4306-b793-415fcbe8330d/name'
22:16:03.229 [Forwarding getElementTagName on session 31b0baf2fe32ea69f5af7467628a1ef6 to remote] DEBUG org.asynchttpclient.netty.request.NettyRequestSender - Using open Channel [id: 0x579c31e1, L:/127.0.0.1:64570 - R:localhost/127.0.0.1:55212] for GET '/session/31b0baf2fe32ea69f5af7467628a1ef6/element/fe6ce535-13a0-4306-b793-415fcbe8330d/name'
22:16:03.233 [AsyncHttpClient-1-13] DEBUG org.asynchttpclient.netty.handler.HttpHandler - 

Request DefaultFullHttpRequest(decodeResult: success, version: HTTP/1.1, content: EmptyByteBufBE)
GET /session/31b0baf2fe32ea69f5af7467628a1ef6/element/fe6ce535-13a0-4306-b793-415fcbe8330d/name HTTP/1.1
User-Agent: selenium/4.1.2 (java windows)
Cache-Control: no-cache
Content-Type: application/json; charset=utf-8
host: localhost:55212
accept: */*

Response DefaultHttpResponse(decodeResult: success, version: HTTP/1.1)
HTTP/1.1 200 OK
Content-Type: application/json; charset=utf-8
cache-control: no-cache
content-length: 16

22:16:03.233 [AsyncHttpClient-1-13] DEBUG org.asynchttpclient.netty.channel.ChannelManager - Adding key: http://localhost:55212 for channel [id: 0x579c31e1, L:/127.0.0.1:64570 - R:localhost/127.0.0.1:55212]
22:16:03.234 [Forwarding getElementTagName on session 31b0baf2fe32ea69f5af7467628a1ef6 to remote] DEBUG org.asynchttpclient.netty.request.NettyRequestSender - Using pooled Channel '[id: 0x579c31e1, L:/127.0.0.1:64570 - R:localhost/127.0.0.1:55212]' for 'GET' to 'http://localhost:55212/session/31b0baf2fe32ea69f5af7467628a1ef6/element/fe6ce535-13a0-4306-b793-415fcbe8330d/name'
22:16:03.234 [Forwarding getElementTagName on session 31b0baf2fe32ea69f5af7467628a1ef6 to remote] DEBUG org.asynchttpclient.netty.request.NettyRequestSender - Using open Channel [id: 0x579c31e1, L:/127.0.0.1:64570 - R:localhost/127.0.0.1:55212] for GET '/session/31b0baf2fe32ea69f5af7467628a1ef6/element/fe6ce535-13a0-4306-b793-415fcbe8330d/name'
22:16:03.237 [AsyncHttpClient-1-13] DEBUG org.asynchttpclient.netty.handler.HttpHandler - 

Request DefaultFullHttpRequest(decodeResult: success, version: HTTP/1.1, content: EmptyByteBufBE)
GET /session/31b0baf2fe32ea69f5af7467628a1ef6/element/fe6ce535-13a0-4306-b793-415fcbe8330d/name HTTP/1.1
User-Agent: selenium/4.1.2 (java windows)
Cache-Control: no-cache
Content-Type: application/json; charset=utf-8
host: localhost:55212
accept: */*

Response DefaultHttpResponse(decodeResult: success, version: HTTP/1.1)
HTTP/1.1 200 OK
Content-Type: application/json; charset=utf-8
cache-control: no-cache
content-length: 16

22:16:03.237 [AsyncHttpClient-1-13] DEBUG org.asynchttpclient.netty.channel.ChannelManager - Adding key: http://localhost:55212 for channel [id: 0x579c31e1, L:/127.0.0.1:64570 - R:localhost/127.0.0.1:55212]
22:16:03.239 [Forwarding findElement on session 31b0baf2fe32ea69f5af7467628a1ef6 to remote] DEBUG org.asynchttpclient.netty.request.NettyRequestSender - Using pooled Channel '[id: 0x579c31e1, L:/127.0.0.1:64570 - R:localhost/127.0.0.1:55212]' for 'POST' to 'http://localhost:55212/session/31b0baf2fe32ea69f5af7467628a1ef6/element'
22:16:03.239 [Forwarding findElement on session 31b0baf2fe32ea69f5af7467628a1ef6 to remote] DEBUG org.asynchttpclient.netty.request.NettyRequestSender - Using open Channel [id: 0x579c31e1, L:/127.0.0.1:64570 - R:localhost/127.0.0.1:55212] for POST '/session/31b0baf2fe32ea69f5af7467628a1ef6/element'
22:16:03.245 [AsyncHttpClient-1-13] DEBUG org.asynchttpclient.netty.handler.HttpHandler - 

Request DefaultHttpRequest(decodeResult: success, version: HTTP/1.1)
POST /session/31b0baf2fe32ea69f5af7467628a1ef6/element HTTP/1.1
User-Agent: selenium/4.1.2 (java windows)
Content-Length: 81
Content-Type: application/json; charset=utf-8
host: localhost:55212
accept: */*

Response DefaultHttpResponse(decodeResult: success, version: HTTP/1.1)
HTTP/1.1 200 OK
Content-Type: application/json; charset=utf-8
cache-control: no-cache
content-length: 88

22:16:03.245 [AsyncHttpClient-1-13] DEBUG org.asynchttpclient.netty.channel.ChannelManager - Adding key: http://localhost:55212 for channel [id: 0x579c31e1, L:/127.0.0.1:64570 - R:localhost/127.0.0.1:55212]
22:16:03.246 [Forwarding clickElement on session 31b0baf2fe32ea69f5af7467628a1ef6 to remote] DEBUG org.asynchttpclient.netty.request.NettyRequestSender - Using pooled Channel '[id: 0x579c31e1, L:/127.0.0.1:64570 - R:localhost/127.0.0.1:55212]' for 'POST' to 'http://localhost:55212/session/31b0baf2fe32ea69f5af7467628a1ef6/element/fe6ce535-13a0-4306-b793-415fcbe8330d/click'
22:16:03.246 [Forwarding clickElement on session 31b0baf2fe32ea69f5af7467628a1ef6 to remote] DEBUG org.asynchttpclient.netty.request.NettyRequestSender - Using open Channel [id: 0x579c31e1, L:/127.0.0.1:64570 - R:localhost/127.0.0.1:55212] for POST '/session/31b0baf2fe32ea69f5af7467628a1ef6/element/fe6ce535-13a0-4306-b793-415fcbe8330d/click'
22:16:03.640 [AsyncHttpClient-1-1] DEBUG org.asynchttpclient.netty.channel.DefaultChannelPool - Entry count for : http://localhost:64572 : 1
22:16:03.741 [AsyncHttpClient-1-13] DEBUG org.asynchttpclient.netty.handler.HttpHandler - 

Request DefaultHttpRequest(decodeResult: success, version: HTTP/1.1)
POST /session/31b0baf2fe32ea69f5af7467628a1ef6/element/fe6ce535-13a0-4306-b793-415fcbe8330d/click HTTP/1.1
User-Agent: selenium/4.1.2 (java windows)
Content-Length: 50
Content-Type: application/json; charset=utf-8
host: localhost:55212
accept: */*

Response DefaultHttpResponse(decodeResult: success, version: HTTP/1.1)
HTTP/1.1 200 OK
Content-Type: application/json; charset=utf-8
cache-control: no-cache
content-length: 14

22:16:03.741 [AsyncHttpClient-1-13] DEBUG org.asynchttpclient.netty.channel.ChannelManager - Adding key: http://localhost:55212 for channel [id: 0x579c31e1, L:/127.0.0.1:64570 - R:localhost/127.0.0.1:55212]
  &amp#27;[32mThen &amp#27;[0m&amp#27;[32mI click baby on the header&amp#27;[0m &amp#27;[90m# starter.stepdefinitions.BabyStep.iClickBabyOnTheHeader()&amp#27;[0m
22:16:03.748 [Forwarding screenshot on session 31b0baf2fe32ea69f5af7467628a1ef6 to remote] DEBUG org.asynchttpclient.netty.request.NettyRequestSender - Using pooled Channel '[id: 0x579c31e1, L:/127.0.0.1:64570 - R:localhost/127.0.0.1:55212]' for 'GET' to 'http://localhost:55212/session/31b0baf2fe32ea69f5af7467628a1ef6/screenshot'
22:16:03.748 [Forwarding screenshot on session 31b0baf2fe32ea69f5af7467628a1ef6 to remote] DEBUG org.asynchttpclient.netty.request.NettyRequestSender - Using open Channel [id: 0x579c31e1, L:/127.0.0.1:64570 - R:localhost/127.0.0.1:55212] for GET '/session/31b0baf2fe32ea69f5af7467628a1ef6/screenshot'
22:16:04.279 [AsyncHttpClient-1-13] DEBUG org.asynchttpclient.netty.handler.HttpHandler - 

Request DefaultFullHttpRequest(decodeResult: success, version: HTTP/1.1, content: EmptyByteBufBE)
GET /session/31b0baf2fe32ea69f5af7467628a1ef6/screenshot HTTP/1.1
User-Agent: selenium/4.1.2 (java windows)
Cache-Control: no-cache
Content-Type: application/json; charset=utf-8
host: localhost:55212
accept: */*

Response DefaultHttpResponse(decodeResult: success, version: HTTP/1.1)
HTTP/1.1 200 OK
Content-Type: application/json; charset=utf-8
cache-control: no-cache
content-length: 122120

22:16:04.280 [AsyncHttpClient-1-13] DEBUG org.asynchttpclient.netty.channel.ChannelManager - Adding key: http://localhost:55212 for channel [id: 0x579c31e1, L:/127.0.0.1:64570 - R:localhost/127.0.0.1:55212]
22:16:04.283 [main] DEBUG net.serenitybdd.core.photography.Darkroom - Send negative for processing for target\site\serenity\fd632dd9008608089774b6cebff2d4ff3519f44e79f4b302a215a0cf78a3dcd9.png
22:16:04.283 [Darkroom Processing Line] DEBUG net.serenitybdd.core.photography.DarkroomProcessingLine - Processing screenshot image in /var/screenshots/screenshot-1332705811804005642
22:16:04.283 [Darkroom Processing Line] DEBUG net.serenitybdd.core.photography.DarkroomProcessingLine - Saving screenshot to target\site\serenity\fd632dd9008608089774b6cebff2d4ff3519f44e79f4b302a215a0cf78a3dcd9.png
22:16:04.290 [Forwarding findElement on session 31b0baf2fe32ea69f5af7467628a1ef6 to remote] DEBUG org.asynchttpclient.netty.request.NettyRequestSender - Using pooled Channel '[id: 0x579c31e1, L:/127.0.0.1:64570 - R:localhost/127.0.0.1:55212]' for 'POST' to 'http://localhost:55212/session/31b0baf2fe32ea69f5af7467628a1ef6/element'
22:16:04.290 [Forwarding findElement on session 31b0baf2fe32ea69f5af7467628a1ef6 to remote] DEBUG org.asynchttpclient.netty.request.NettyRequestSender - Using open Channel [id: 0x579c31e1, L:/127.0.0.1:64570 - R:localhost/127.0.0.1:55212] for POST '/session/31b0baf2fe32ea69f5af7467628a1ef6/element'
22:16:04.485 [AsyncHttpClient-1-13] DEBUG org.asynchttpclient.netty.handler.HttpHandler - 

Request DefaultHttpRequest(decodeResult: success, version: HTTP/1.1)
POST /session/31b0baf2fe32ea69f5af7467628a1ef6/element HTTP/1.1
User-Agent: selenium/4.1.2 (java windows)
Content-Length: 107
Content-Type: application/json; charset=utf-8
host: localhost:55212
accept: */*

Response DefaultHttpResponse(decodeResult: success, version: HTTP/1.1)
HTTP/1.1 200 OK
Content-Type: application/json; charset=utf-8
cache-control: no-cache
content-length: 88

22:16:04.485 [AsyncHttpClient-1-13] DEBUG org.asynchttpclient.netty.channel.ChannelManager - Adding key: http://localhost:55212 for channel [id: 0x579c31e1, L:/127.0.0.1:64570 - R:localhost/127.0.0.1:55212]
22:16:04.486 [Forwarding getElementTagName on session 31b0baf2fe32ea69f5af7467628a1ef6 to remote] DEBUG org.asynchttpclient.netty.request.NettyRequestSender - Using pooled Channel '[id: 0x579c31e1, L:/127.0.0.1:64570 - R:localhost/127.0.0.1:55212]' for 'GET' to 'http://localhost:55212/session/31b0baf2fe32ea69f5af7467628a1ef6/element/055363d9-d9d1-4bfa-bb0d-4f2d3d6da18c/name'
22:16:04.486 [Forwarding getElementTagName on session 31b0baf2fe32ea69f5af7467628a1ef6 to remote] DEBUG org.asynchttpclient.netty.request.NettyRequestSender - Using open Channel [id: 0x579c31e1, L:/127.0.0.1:64570 - R:localhost/127.0.0.1:55212] for GET '/session/31b0baf2fe32ea69f5af7467628a1ef6/element/055363d9-d9d1-4bfa-bb0d-4f2d3d6da18c/name'
22:16:04.600 [AsyncHttpClient-1-13] DEBUG org.asynchttpclient.netty.handler.HttpHandler - 

Request DefaultFullHttpRequest(decodeResult: success, version: HTTP/1.1, content: EmptyByteBufBE)
GET /session/31b0baf2fe32ea69f5af7467628a1ef6/element/055363d9-d9d1-4bfa-bb0d-4f2d3d6da18c/name HTTP/1.1
User-Agent: selenium/4.1.2 (java windows)
Cache-Control: no-cache
Content-Type: application/json; charset=utf-8
host: localhost:55212
accept: */*

Response DefaultHttpResponse(decodeResult: success, version: HTTP/1.1)
HTTP/1.1 200 OK
Content-Type: application/json; charset=utf-8
cache-control: no-cache
content-length: 16

22:16:04.600 [AsyncHttpClient-1-13] DEBUG org.asynchttpclient.netty.channel.ChannelManager - Adding key: http://localhost:55212 for channel [id: 0x579c31e1, L:/127.0.0.1:64570 - R:localhost/127.0.0.1:55212]
22:16:04.601 [Forwarding getElementTagName on session 31b0baf2fe32ea69f5af7467628a1ef6 to remote] DEBUG org.asynchttpclient.netty.request.NettyRequestSender - Using pooled Channel '[id: 0x579c31e1, L:/127.0.0.1:64570 - R:localhost/127.0.0.1:55212]' for 'GET' to 'http://localhost:55212/session/31b0baf2fe32ea69f5af7467628a1ef6/element/055363d9-d9d1-4bfa-bb0d-4f2d3d6da18c/name'
22:16:04.601 [Forwarding getElementTagName on session 31b0baf2fe32ea69f5af7467628a1ef6 to remote] DEBUG org.asynchttpclient.netty.request.NettyRequestSender - Using open Channel [id: 0x579c31e1, L:/127.0.0.1:64570 - R:localhost/127.0.0.1:55212] for GET '/session/31b0baf2fe32ea69f5af7467628a1ef6/element/055363d9-d9d1-4bfa-bb0d-4f2d3d6da18c/name'
22:16:04.604 [AsyncHttpClient-1-13] DEBUG org.asynchttpclient.netty.handler.HttpHandler - 

Request DefaultFullHttpRequest(decodeResult: success, version: HTTP/1.1, content: EmptyByteBufBE)
GET /session/31b0baf2fe32ea69f5af7467628a1ef6/element/055363d9-d9d1-4bfa-bb0d-4f2d3d6da18c/name HTTP/1.1
User-Agent: selenium/4.1.2 (java windows)
Cache-Control: no-cache
Content-Type: application/json; charset=utf-8
host: localhost:55212
accept: */*

Response DefaultHttpResponse(decodeResult: success, version: HTTP/1.1)
HTTP/1.1 200 OK
Content-Type: application/json; charset=utf-8
cache-control: no-cache
content-length: 16

22:16:04.605 [AsyncHttpClient-1-13] DEBUG org.asynchttpclient.netty.channel.ChannelManager - Adding key: http://localhost:55212 for channel [id: 0x579c31e1, L:/127.0.0.1:64570 - R:localhost/127.0.0.1:55212]
22:16:04.606 [Forwarding findElement on session 31b0baf2fe32ea69f5af7467628a1ef6 to remote] DEBUG org.asynchttpclient.netty.request.NettyRequestSender - Using pooled Channel '[id: 0x579c31e1, L:/127.0.0.1:64570 - R:localhost/127.0.0.1:55212]' for 'POST' to 'http://localhost:55212/session/31b0baf2fe32ea69f5af7467628a1ef6/element'
22:16:04.607 [Forwarding findElement on session 31b0baf2fe32ea69f5af7467628a1ef6 to remote] DEBUG org.asynchttpclient.netty.request.NettyRequestSender - Using open Channel [id: 0x579c31e1, L:/127.0.0.1:64570 - R:localhost/127.0.0.1:55212] for POST '/session/31b0baf2fe32ea69f5af7467628a1ef6/element'
22:16:04.614 [AsyncHttpClient-1-13] DEBUG org.asynchttpclient.netty.handler.HttpHandler - 

Request DefaultHttpRequest(decodeResult: success, version: HTTP/1.1)
POST /session/31b0baf2fe32ea69f5af7467628a1ef6/element HTTP/1.1
User-Agent: selenium/4.1.2 (java windows)
Content-Length: 107
Content-Type: application/json; charset=utf-8
host: localhost:55212
accept: */*

Response DefaultHttpResponse(decodeResult: success, version: HTTP/1.1)
HTTP/1.1 200 OK
Content-Type: application/json; charset=utf-8
cache-control: no-cache
content-length: 88

22:16:04.614 [AsyncHttpClient-1-13] DEBUG org.asynchttpclient.netty.channel.ChannelManager - Adding key: http://localhost:55212 for channel [id: 0x579c31e1, L:/127.0.0.1:64570 - R:localhost/127.0.0.1:55212]
22:16:04.615 [Forwarding clickElement on session 31b0baf2fe32ea69f5af7467628a1ef6 to remote] DEBUG org.asynchttpclient.netty.request.NettyRequestSender - Using pooled Channel '[id: 0x579c31e1, L:/127.0.0.1:64570 - R:localhost/127.0.0.1:55212]' for 'POST' to 'http://localhost:55212/session/31b0baf2fe32ea69f5af7467628a1ef6/element/055363d9-d9d1-4bfa-bb0d-4f2d3d6da18c/click'
22:16:04.615 [Forwarding clickElement on session 31b0baf2fe32ea69f5af7467628a1ef6 to remote] DEBUG org.asynchttpclient.netty.request.NettyRequestSender - Using open Channel [id: 0x579c31e1, L:/127.0.0.1:64570 - R:localhost/127.0.0.1:55212] for POST '/session/31b0baf2fe32ea69f5af7467628a1ef6/element/055363d9-d9d1-4bfa-bb0d-4f2d3d6da18c/click'
22:16:04.739 [AsyncHttpClient-1-1] DEBUG org.asynchttpclient.netty.channel.DefaultChannelPool - Entry count for : http://localhost:64572 : 1
22:16:04.830 [AsyncHttpClient-1-13] DEBUG org.asynchttpclient.netty.handler.HttpHandler - 

Request DefaultHttpRequest(decodeResult: success, version: HTTP/1.1)
POST /session/31b0baf2fe32ea69f5af7467628a1ef6/element/055363d9-d9d1-4bfa-bb0d-4f2d3d6da18c/click HTTP/1.1
User-Agent: selenium/4.1.2 (java windows)
Content-Length: 50
Content-Type: application/json; charset=utf-8
host: localhost:55212
accept: */*

Response DefaultHttpResponse(decodeResult: success, version: HTTP/1.1)
HTTP/1.1 200 OK
Content-Type: application/json; charset=utf-8
cache-control: no-cache
content-length: 14

22:16:04.830 [AsyncHttpClient-1-13] DEBUG org.asynchttpclient.netty.channel.ChannelManager - Adding key: http://localhost:55212 for channel [id: 0x579c31e1, L:/127.0.0.1:64570 - R:localhost/127.0.0.1:55212]
  &amp#27;[32mWhen &amp#27;[0m&amp#27;[32mI will go to &amp#27;[0m&amp#27;[32m&amp#27;[1m"aksesoris3"&amp#27;[0m  &amp#27;[90m# starter.stepdefinitions.BabyStep.iWillGoTo(java.lang.String)&amp#27;[0m
22:16:04.839 [Forwarding screenshot on session 31b0baf2fe32ea69f5af7467628a1ef6 to remote] DEBUG org.asynchttpclient.netty.request.NettyRequestSender - Using pooled Channel '[id: 0x579c31e1, L:/127.0.0.1:64570 - R:localhost/127.0.0.1:55212]' for 'GET' to 'http://localhost:55212/session/31b0baf2fe32ea69f5af7467628a1ef6/screenshot'
22:16:04.839 [Forwarding screenshot on session 31b0baf2fe32ea69f5af7467628a1ef6 to remote] DEBUG org.asynchttpclient.netty.request.NettyRequestSender - Using open Channel [id: 0x579c31e1, L:/127.0.0.1:64570 - R:localhost/127.0.0.1:55212] for GET '/session/31b0baf2fe32ea69f5af7467628a1ef6/screenshot'
22:16:05.176 [AsyncHttpClient-1-13] DEBUG org.asynchttpclient.netty.handler.HttpHandler - 

Request DefaultFullHttpRequest(decodeResult: success, version: HTTP/1.1, content: EmptyByteBufBE)
GET /session/31b0baf2fe32ea69f5af7467628a1ef6/screenshot HTTP/1.1
User-Agent: selenium/4.1.2 (java windows)
Cache-Control: no-cache
Content-Type: application/json; charset=utf-8
host: localhost:55212
accept: */*

Response DefaultHttpResponse(decodeResult: success, version: HTTP/1.1)
HTTP/1.1 200 OK
Content-Type: application/json; charset=utf-8
cache-control: no-cache
content-length: 86340

22:16:05.177 [AsyncHttpClient-1-13] DEBUG org.asynchttpclient.netty.channel.ChannelManager - Adding key: http://localhost:55212 for channel [id: 0x579c31e1, L:/127.0.0.1:64570 - R:localhost/127.0.0.1:55212]
22:16:05.180 [main] DEBUG net.serenitybdd.core.photography.Darkroom - Send negative for processing for target\site\serenity\c84470cc1b12df1fed6a951a22c321b56a30d0a52b5d5d5e216d48a96a39b0d9.png
22:16:05.180 [Darkroom Processing Line] DEBUG net.serenitybdd.core.photography.DarkroomProcessingLine - Processing screenshot image in /var/screenshots/screenshot-17054849674781122822
22:16:05.180 [Darkroom Processing Line] DEBUG net.serenitybdd.core.photography.DarkroomProcessingLine - Saving screenshot to target\site\serenity\c84470cc1b12df1fed6a951a22c321b56a30d0a52b5d5d5e216d48a96a39b0d9.png
  &amp#27;[32mAnd &amp#27;[0m&amp#27;[32mI &amp#27;[0m&amp#27;[32m&amp#27;[1m""&amp#27;[0m&amp#27;[32m page&amp#27;[0m                   &amp#27;[90m# starter.stepdefinitions.BabyStep.iPage(java.lang.String)&amp#27;[0m
22:16:05.195 [AsyncHttpClient-1-15] DEBUG org.asynchttpclient.netty.handler.WebSocketHandler - Channel Closed: [id: 0xe57d92ba, L:/127.0.0.1:64579 ! R:localhost/127.0.0.1:64572] with attribute NettyResponseFuture{currentRetry=5,
	isDone=1,
	isCancelled=0,
	asyncHandler=org.asynchttpclient.ws.WebSocketUpgradeHandler@15a7c13e,
	nettyRequest=org.asynchttpclient.netty.request.NettyRequest@50bb1b68,
	future=java.util.concurrent.CompletableFuture@f3a5223[Completed normally],
	uri=ws://localhost:64572/devtools/browser/758f3e6d-085b-4e74-8786-22c07d5f1a69,
	keepAlive=true,
	redirectCount=0,
	timeoutsHolder=null,
	inAuth=0,
	touch=1680707753796}
22:16:05.195 [AsyncHttpClient-1-15] DEBUG org.asynchttpclient.netty.channel.ChannelManager - Closing Channel [id: 0xe57d92ba, L:/127.0.0.1:64579 ! R:localhost/127.0.0.1:64572] 
22:16:05.195 [Driver Command Executor] DEBUG org.asynchttpclient.netty.request.NettyRequestSender - Using pooled Channel '[id: 0x579c31e1, L:/127.0.0.1:64570 - R:localhost/127.0.0.1:55212]' for 'DELETE' to 'http://localhost:55212/session/31b0baf2fe32ea69f5af7467628a1ef6'
22:16:05.195 [Driver Command Executor] DEBUG org.asynchttpclient.netty.request.NettyRequestSender - Using open Channel [id: 0x579c31e1, L:/127.0.0.1:64570 - R:localhost/127.0.0.1:55212] for DELETE '/session/31b0baf2fe32ea69f5af7467628a1ef6'
22:16:05.219 [AsyncHttpClient-1-14] DEBUG org.asynchttpclient.netty.handler.HttpHandler - Unexpected I/O exception on channel [id: 0x95fc490e, L:/127.0.0.1:64578 - R:localhost/127.0.0.1:64572]
java.net.SocketException: Connection reset
	at java.base/sun.nio.ch.SocketChannelImpl.throwConnectionReset(SocketChannelImpl.java:345)
	at java.base/sun.nio.ch.SocketChannelImpl.read(SocketChannelImpl.java:376)
	at io.netty.buffer.PooledByteBuf.setBytes(PooledByteBuf.java:258)
	at io.netty.buffer.AbstractByteBuf.writeBytes(AbstractByteBuf.java:1132)
	at io.netty.channel.socket.nio.NioSocketChannel.doReadBytes(NioSocketChannel.java:350)
	at io.netty.channel.nio.AbstractNioByteChannel$NioByteUnsafe.read(AbstractNioByteChannel.java:151)
	at io.netty.channel.nio.NioEventLoop.processSelectedKey(NioEventLoop.java:722)
	at io.netty.channel.nio.NioEventLoop.processSelectedKeysOptimized(NioEventLoop.java:658)
	at io.netty.channel.nio.NioEventLoop.processSelectedKeys(NioEventLoop.java:584)
	at io.netty.channel.nio.NioEventLoop.run(NioEventLoop.java:496)
	at io.netty.util.concurrent.SingleThreadEventExecutor$4.run(SingleThreadEventExecutor.java:986)
	at io.netty.util.internal.ThreadExecutorMap$2.run(ThreadExecutorMap.java:74)
	at io.netty.util.concurrent.FastThreadLocalRunnable.run(FastThreadLocalRunnable.java:30)
	at java.base/java.lang.Thread.run(Thread.java:830)
22:16:05.220 [AsyncHttpClient-1-14] DEBUG org.asynchttpclient.netty.channel.ChannelManager - Closing Channel [id: 0x95fc490e, L:/127.0.0.1:64578 - R:localhost/127.0.0.1:64572] 
22:16:05.220 [AsyncHttpClient-1-14] DEBUG org.asynchttpclient.netty.handler.HttpHandler - Channel Closed: [id: 0x95fc490e, L:/127.0.0.1:64578 ! R:localhost/127.0.0.1:64572] with attribute DISCARD
22:16:05.256 [AsyncHttpClient-1-13] DEBUG org.asynchttpclient.netty.handler.HttpHandler - 

Request DefaultFullHttpRequest(decodeResult: success, version: HTTP/1.1, content: EmptyByteBufBE)
DELETE /session/31b0baf2fe32ea69f5af7467628a1ef6 HTTP/1.1
User-Agent: selenium/4.1.2 (java windows)
Content-Type: application/json; charset=utf-8
host: localhost:55212
accept: */*

Response DefaultHttpResponse(decodeResult: success, version: HTTP/1.1)
HTTP/1.1 200 OK
Content-Type: application/json; charset=utf-8
cache-control: no-cache
content-length: 14

22:16:05.256 [AsyncHttpClient-1-13] DEBUG org.asynchttpclient.netty.channel.ChannelManager - Adding key: http://localhost:55212 for channel [id: 0x579c31e1, L:/127.0.0.1:64570 - R:localhost/127.0.0.1:55212]
22:16:05.406 [AsyncHttpClient-1-13] DEBUG org.asynchttpclient.netty.handler.HttpHandler - Channel Closed: [id: 0x579c31e1, L:/127.0.0.1:64570 ! R:localhost/127.0.0.1:55212] with attribute DISCARD
22:16:05.847 [AsyncHttpClient-1-1] DEBUG org.asynchttpclient.netty.channel.DefaultChannelPool - Entry count for : http://localhost:55212 : 1
22:16:05.847 [AsyncHttpClient-1-1] DEBUG org.asynchttpclient.netty.channel.DefaultChannelPool - Entry count for : http://localhost:64572 : 1
22:16:05.847 [AsyncHttpClient-1-1] DEBUG org.asynchttpclient.netty.channel.DefaultChannelPool - Adding Candidate expired Channel [id: 0x579c31e1, L:/127.0.0.1:64570 ! R:localhost/127.0.0.1:55212] isIdleTimeoutExpired=false isRemotelyClosed=true isTtlExpired=false
22:16:05.847 [AsyncHttpClient-1-1] DEBUG org.asynchttpclient.netty.channel.DefaultChannelPool - Closing Idle Channel [id: 0x579c31e1, L:/127.0.0.1:64570 ! R:localhost/127.0.0.1:55212]
22:16:05.847 [AsyncHttpClient-1-1] DEBUG org.asynchttpclient.netty.channel.DefaultChannelPool - Adding Candidate expired Channel [id: 0x95fc490e, L:/127.0.0.1:64578 ! R:localhost/127.0.0.1:64572] isIdleTimeoutExpired=false isRemotelyClosed=true isTtlExpired=false
22:16:05.847 [AsyncHttpClient-1-1] DEBUG org.asynchttpclient.netty.channel.DefaultChannelPool - Closing Idle Channel [id: 0x95fc490e, L:/127.0.0.1:64578 ! R:localhost/127.0.0.1:64572]
22:16:05.847 [AsyncHttpClient-1-1] DEBUG org.asynchttpclient.netty.channel.DefaultChannelPool - Closed 2 connections out of 2 in 0 ms
]]></system-out>
    <system-err><![CDATA[Starting Microsoft Edge WebDriver 111.0.1661.62 (0a8f453929e6410c973aa529a40485ce4e3e03db) on port 55212
To submit feedback, report a bug, or suggest new features, please visit https://github.com/MicrosoftEdge/EdgeWebDriver

Only local connections are allowed.
Please see https://aka.ms/WebDriverSecurity for suggestions on keeping Microsoft Edge WebDriver safe.

Microsoft Edge WebDriver was started successfully.
Apr 05, 2023 10:15:53 PM org.openqa.selenium.remote.ProtocolHandshake createSession
INFO: Detected dialect: W3C
Apr 05, 2023 10:15:53 PM org.openqa.selenium.devtools.CdpVersionFinder findNearestMatch
WARNING: Unable to find an exact match for CDP version 111, so returning the closest version found: a no-op implementation
Apr 05, 2023 10:15:53 PM org.openqa.selenium.devtools.CdpVersionFinder findNearestMatch
INFO: Unable to find CDP implementation matching 111.
Apr 05, 2023 10:15:53 PM org.openqa.selenium.chromium.ChromiumDriver lambda$new$3
WARNING: Unable to find version of CDP to use for . You may need to include a dependency on a specific version of the CDP using something similar to `org.seleniumhq.selenium:selenium-devtools-v86:4.1.2` where the version ("v86") matches the version of the chromium-based browser you're using and the version number of the artifact is the same as Selenium's.
]]></system-err>
  </testcase>
</testsuite>