<?xml version="1.0" encoding="UTF-8"?>
<testsuite xmlns:xsi="http://www.w3.org/2001/XMLSchema-instance" xsi:noNamespaceSchemaLocation="https://maven.apache.org/surefire/maven-failsafe-plugin/xsd/failsafe-test-report-3.0.xsd" version="3.0" name="CucumberTestSuite" time="262.577" tests="27" errors="0" skipped="0" failures="0">
  <properties>
    <property name="java.specification.version" value="13"/>
    <property name="sun.cpu.isalist" value="amd64"/>
    <property name="sun.jnu.encoding" value="Cp1252"/>
    <property name="java.class.path" value="C:\Users\alwi\IdeaProjects\uniqloweb\target\test-classes;C:\Users\alwi\.m2\repository\net\serenity-bdd\serenity-core\3.2.1\serenity-core-3.2.1.jar;C:\Users\alwi\.m2\repository\net\serenity-bdd\serenity-model\3.2.1\serenity-model-3.2.1.jar;C:\Users\alwi\.m2\repository\org\apache\commons\commons-text\1.9\commons-text-1.9.jar;C:\Users\alwi\.m2\repository\commons-net\commons-net\3.8.0\commons-net-3.8.0.jar;C:\Users\alwi\.m2\repository\com\google\guava\guava\31.1-jre\guava-31.1-jre.jar;C:\Users\alwi\.m2\repository\com\google\guava\failureaccess\1.0.1\failureaccess-1.0.1.jar;C:\Users\alwi\.m2\repository\com\google\guava\listenablefuture\9999.0-empty-to-avoid-conflict-with-guava\listenablefuture-9999.0-empty-to-avoid-conflict-with-guava.jar;C:\Users\alwi\.m2\repository\com\google\code\findbugs\jsr305\3.0.2\jsr305-3.0.2.jar;C:\Users\alwi\.m2\repository\org\checkerframework\checker-qual\3.12.0\checker-qual-3.12.0.jar;C:\Users\alwi\.m2\repository\com\google\errorprone\error_prone_annotations\2.11.0\error_prone_annotations-2.11.0.jar;C:\Users\alwi\.m2\repository\com\google\j2objc\j2objc-annotations\1.3\j2objc-annotations-1.3.jar;C:\Users\alwi\.m2\repository\com\google\inject\guice\5.1.0\guice-5.1.0.jar;C:\Users\alwi\.m2\repository\javax\inject\javax.inject\1\javax.inject-1.jar;C:\Users\alwi\.m2\repository\aopalliance\aopalliance\1.0\aopalliance-1.0.jar;C:\Users\alwi\.m2\repository\org\jsoup\jsoup\1.14.3\jsoup-1.14.3.jar;C:\Users\alwi\.m2\repository\com\thoughtworks\xstream\xstream\1.4.19\xstream-1.4.19.jar;C:\Users\alwi\.m2\repository\io\github\x-stream\mxparser\1.2.2\mxparser-1.2.2.jar;C:\Users\alwi\.m2\repository\xmlpull\xmlpull\1.1.3.1\xmlpull-1.1.3.1.jar;C:\Users\alwi\.m2\repository\io\cucumber\cucumber-java\7.2.3\cucumber-java-7.2.3.jar;C:\Users\alwi\.m2\repository\com\typesafe\config\1.4.2\config-1.4.2.jar;C:\Users\alwi\.m2\repository\org\imgscalr\imgscalr-lib\4.2\imgscalr-lib-4.2.jar;C:\Users\alwi\.m2\repository\org\awaitility\awaitility\4.2.0\awaitility-4.2.0.jar;C:\Users\alwi\.m2\repository\org\freemarker\freemarker\2.3.31\freemarker-2.3.31.jar;C:\Users\alwi\.m2\repository\io\github\classgraph\classgraph\4.8.138\classgraph-4.8.138.jar;C:\Users\alwi\.m2\repository\net\sourceforge\jexcelapi\jxl\2.6.12\jxl-2.6.12.jar;C:\Users\alwi\.m2\repository\net\bytebuddy\byte-buddy\1.12.8\byte-buddy-1.12.8.jar;C:\Users\alwi\.m2\repository\net\bytebuddy\byte-buddy-agent\1.12.8\byte-buddy-agent-1.12.8.jar;C:\Users\alwi\.m2\repository\org\objenesis\objenesis\3.1\objenesis-3.1.jar;C:\Users\alwi\.m2\repository\net\serenity-bdd\serenity-reports\3.2.1\serenity-reports-3.2.1.jar;C:\Users\alwi\.m2\repository\net\serenity-bdd\serenity-stats\3.2.1\serenity-stats-3.2.1.jar;C:\Users\alwi\.m2\repository\net\serenity-bdd\serenity-reports-configuration\3.2.1\serenity-reports-configuration-3.2.1.jar;C:\Users\alwi\.m2\repository\com\vladsch\flexmark\flexmark-all\0.34.30\flexmark-all-0.34.30.jar;C:\Users\alwi\.m2\repository\com\vladsch\flexmark\flexmark\0.34.30\flexmark-0.34.30.jar;C:\Users\alwi\.m2\repository\com\vladsch\flexmark\flexmark-ext-abbreviation\0.34.30\flexmark-ext-abbreviation-0.34.30.jar;C:\Users\alwi\.m2\repository\com\vladsch\flexmark\flexmark-ext-admonition\0.34.30\flexmark-ext-admonition-0.34.30.jar;C:\Users\alwi\.m2\repository\com\vladsch\flexmark\flexmark-ext-anchorlink\0.34.30\flexmark-ext-anchorlink-0.34.30.jar;C:\Users\alwi\.m2\repository\com\vladsch\flexmark\flexmark-ext-aside\0.34.30\flexmark-ext-aside-0.34.30.jar;C:\Users\alwi\.m2\repository\com\vladsch\flexmark\flexmark-ext-attributes\0.34.30\flexmark-ext-attributes-0.34.30.jar;C:\Users\alwi\.m2\repository\com\vladsch\flexmark\flexmark-ext-autolink\0.34.30\flexmark-ext-autolink-0.34.30.jar;C:\Users\alwi\.m2\repository\org\nibor\autolink\autolink\0.6.0\autolink-0.6.0.jar;C:\Users\alwi\.m2\repository\com\vladsch\flexmark\flexmark-ext-definition\0.34.30\flexmark-ext-definition-0.34.30.jar;C:\Users\alwi\.m2\repository\com\vladsch\flexmark\flexmark-ext-emoji\0.34.30\flexmark-ext-emoji-0.34.30.jar;C:\Users\alwi\.m2\repository\com\vladsch\flexmark\flexmark-ext-enumerated-reference\0.34.30\flexmark-ext-enumerated-reference-0.34.30.jar;C:\Users\alwi\.m2\repository\com\vladsch\flexmark\flexmark-ext-escaped-character\0.34.30\flexmark-ext-escaped-character-0.34.30.jar;C:\Users\alwi\.m2\repository\com\vladsch\flexmark\flexmark-ext-footnotes\0.34.30\flexmark-ext-footnotes-0.34.30.jar;C:\Users\alwi\.m2\repository\com\vladsch\flexmark\flexmark-ext-gfm-issues\0.34.30\flexmark-ext-gfm-issues-0.34.30.jar;C:\Users\alwi\.m2\repository\com\vladsch\flexmark\flexmark-ext-gfm-strikethrough\0.34.30\flexmark-ext-gfm-strikethrough-0.34.30.jar;C:\Users\alwi\.m2\repository\com\vladsch\flexmark\flexmark-ext-gfm-tables\0.34.30\flexmark-ext-gfm-tables-0.34.30.jar;C:\Users\alwi\.m2\repository\com\vladsch\flexmark\flexmark-ext-gfm-tasklist\0.34.30\flexmark-ext-gfm-tasklist-0.34.30.jar;C:\Users\alwi\.m2\repository\com\vladsch\flexmark\flexmark-ext-gfm-users\0.34.30\flexmark-ext-gfm-users-0.34.30.jar;C:\Users\alwi\.m2\repository\com\vladsch\flexmark\flexmark-ext-gitlab\0.34.30\flexmark-ext-gitlab-0.34.30.jar;C:\Users\alwi\.m2\repository\com\vladsch\flexmark\flexmark-ext-jekyll-front-matter\0.34.30\flexmark-ext-jekyll-front-matter-0.34.30.jar;C:\Users\alwi\.m2\repository\com\vladsch\flexmark\flexmark-ext-jekyll-tag\0.34.30\flexmark-ext-jekyll-tag-0.34.30.jar;C:\Users\alwi\.m2\repository\com\vladsch\flexmark\flexmark-ext-media-tags\0.34.30\flexmark-ext-media-tags-0.34.30.jar;C:\Users\alwi\.m2\repository\com\vladsch\flexmark\flexmark-test-util\0.34.30\flexmark-test-util-0.34.30.jar;C:\Users\alwi\.m2\repository\com\vladsch\flexmark\flexmark-ext-ins\0.34.30\flexmark-ext-ins-0.34.30.jar;C:\Users\alwi\.m2\repository\com\vladsch\flexmark\flexmark-ext-xwiki-macros\0.34.30\flexmark-ext-xwiki-macros-0.34.30.jar;C:\Users\alwi\.m2\repository\com\vladsch\flexmark\flexmark-ext-superscript\0.34.30\flexmark-ext-superscript-0.34.30.jar;C:\Users\alwi\.m2\repository\com\vladsch\flexmark\flexmark-ext-tables\0.34.30\flexmark-ext-tables-0.34.30.jar;C:\Users\alwi\.m2\repository\com\vladsch\flexmark\flexmark-ext-toc\0.34.30\flexmark-ext-toc-0.34.30.jar;C:\Users\alwi\.m2\repository\com\vladsch\flexmark\flexmark-ext-typographic\0.34.30\flexmark-ext-typographic-0.34.30.jar;C:\Users\alwi\.m2\repository\com\vladsch\flexmark\flexmark-ext-wikilink\0.34.30\flexmark-ext-wikilink-0.34.30.jar;C:\Users\alwi\.m2\repository\com\vladsch\flexmark\flexmark-ext-yaml-front-matter\0.34.30\flexmark-ext-yaml-front-matter-0.34.30.jar;C:\Users\alwi\.m2\repository\com\vladsch\flexmark\flexmark-ext-youtube-embedded\0.34.30\flexmark-ext-youtube-embedded-0.34.30.jar;C:\Users\alwi\.m2\repository\com\vladsch\flexmark\flexmark-formatter\0.34.30\flexmark-formatter-0.34.30.jar;C:\Users\alwi\.m2\repository\com\vladsch\flexmark\flexmark-html-parser\0.34.30\flexmark-html-parser-0.34.30.jar;C:\Users\alwi\.m2\repository\com\vladsch\flexmark\flexmark-jira-converter\0.34.30\flexmark-jira-converter-0.34.30.jar;C:\Users\alwi\.m2\repository\com\vladsch\flexmark\flexmark-pdf-converter\0.34.30\flexmark-pdf-converter-0.34.30.jar;C:\Users\alwi\.m2\repository\com\openhtmltopdf\openhtmltopdf-core\0.0.1-RC13\openhtmltopdf-core-0.0.1-RC13.jar;C:\Users\alwi\.m2\repository\com\openhtmltopdf\openhtmltopdf-pdfbox\0.0.1-RC13\openhtmltopdf-pdfbox-0.0.1-RC13.jar;C:\Users\alwi\.m2\repository\org\apache\pdfbox\pdfbox\2.0.8\pdfbox-2.0.8.jar;C:\Users\alwi\.m2\repository\org\apache\pdfbox\fontbox\2.0.8\fontbox-2.0.8.jar;C:\Users\alwi\.m2\repository\commons-logging\commons-logging\1.2\commons-logging-1.2.jar;C:\Users\alwi\.m2\repository\org\apache\pdfbox\xmpbox\2.0.8\xmpbox-2.0.8.jar;C:\Users\alwi\.m2\repository\de\rototor\pdfbox\graphics2d\0.12\graphics2d-0.12.jar;C:\Users\alwi\.m2\repository\com\openhtmltopdf\openhtmltopdf-rtl-support\0.0.1-RC13\openhtmltopdf-rtl-support-0.0.1-RC13.jar;C:\Users\alwi\.m2\repository\com\ibm\icu\icu4j\59.1\icu4j-59.1.jar;C:\Users\alwi\.m2\repository\com\openhtmltopdf\openhtmltopdf-jsoup-dom-converter\0.0.1-RC13\openhtmltopdf-jsoup-dom-converter-0.0.1-RC13.jar;C:\Users\alwi\.m2\repository\com\vladsch\flexmark\flexmark-profile-pegdown\0.34.30\flexmark-profile-pegdown-0.34.30.jar;C:\Users\alwi\.m2\repository\com\vladsch\flexmark\flexmark-util\0.34.30\flexmark-util-0.34.30.jar;C:\Users\alwi\.m2\repository\com\vladsch\flexmark\flexmark-youtrack-converter\0.34.30\flexmark-youtrack-converter-0.34.30.jar;C:\Users\alwi\.m2\repository\es\nitaur\markdown\txtmark\0.16\txtmark-0.16.jar;C:\Users\alwi\.m2\repository\net\serenity-bdd\serenity-report-resources\3.2.1\serenity-report-resources-3.2.1.jar;C:\Users\alwi\.m2\repository\com\google\code\gson\gson\2.9.0\gson-2.9.0.jar;C:\Users\alwi\.m2\repository\com\fasterxml\jackson\core\jackson-core\2.13.2\jackson-core-2.13.2.jar;C:\Users\alwi\.m2\repository\com\fasterxml\jackson\core\jackson-databind\2.13.2\jackson-databind-2.13.2.jar;C:\Users\alwi\.m2\repository\com\fasterxml\jackson\core\jackson-annotations\2.13.2\jackson-annotations-2.13.2.jar;C:\Users\alwi\.m2\repository\commons-codec\commons-codec\1.15\commons-codec-1.15.jar;C:\Users\alwi\.m2\repository\commons-io\commons-io\2.11.0\commons-io-2.11.0.jar;C:\Users\alwi\.m2\repository\org\seleniumhq\selenium\selenium-java\4.1.2\selenium-java-4.1.2.jar;C:\Users\alwi\.m2\repository\org\seleniumhq\selenium\selenium-devtools-v85\4.1.2\selenium-devtools-v85-4.1.2.jar;C:\Users\alwi\.m2\repository\org\seleniumhq\selenium\selenium-devtools-v95\4.1.2\selenium-devtools-v95-4.1.2.jar;C:\Users\alwi\.m2\repository\org\seleniumhq\selenium\selenium-devtools-v96\4.1.2\selenium-devtools-v96-4.1.2.jar;C:\Users\alwi\.m2\repository\org\seleniumhq\selenium\selenium-devtools-v97\4.1.2\selenium-devtools-v97-4.1.2.jar;C:\Users\alwi\.m2\repository\org\seleniumhq\selenium\selenium-firefox-xpi-driver\4.1.2\selenium-firefox-xpi-driver-4.1.2.jar;C:\Users\alwi\.m2\repository\org\seleniumhq\selenium\selenium-opera-driver\4.1.2\selenium-opera-driver-4.1.2.jar;C:\Users\alwi\.m2\repository\org\seleniumhq\selenium\selenium-remote-driver\4.1.2\selenium-remote-driver-4.1.2.jar;C:\Users\alwi\.m2\repository\com\beust\jcommander\1.82\jcommander-1.82.jar;C:\Users\alwi\.m2\repository\io\netty\netty-buffer\4.1.73.Final\netty-buffer-4.1.73.Final.jar;C:\Users\alwi\.m2\repository\io\netty\netty-codec-http\4.1.73.Final\netty-codec-http-4.1.73.Final.jar;C:\Users\alwi\.m2\repository\io\netty\netty-codec\4.1.73.Final\netty-codec-4.1.73.Final.jar;C:\Users\alwi\.m2\repository\io\netty\netty-handler\4.1.73.Final\netty-handler-4.1.73.Final.jar;C:\Users\alwi\.m2\repository\io\netty\netty-tcnative-classes\2.0.46.Final\netty-tcnative-classes-2.0.46.Final.jar;C:\Users\alwi\.m2\repository\io\netty\netty-common\4.1.73.Final\netty-common-4.1.73.Final.jar;C:\Users\alwi\.m2\repository\io\netty\netty-transport-classes-epoll\4.1.73.Final\netty-transport-classes-epoll-4.1.73.Final.jar;C:\Users\alwi\.m2\repository\io\netty\netty-transport-classes-kqueue\4.1.73.Final\netty-transport-classes-kqueue-4.1.73.Final.jar;C:\Users\alwi\.m2\repository\io\netty\netty-transport-native-epoll\4.1.73.Final\netty-transport-native-epoll-4.1.73.Final.jar;C:\Users\alwi\.m2\repository\io\netty\netty-transport-native-kqueue\4.1.73.Final\netty-transport-native-kqueue-4.1.73.Final.jar;C:\Users\alwi\.m2\repository\io\netty\netty-transport-native-unix-common\4.1.73.Final\netty-transport-native-unix-common-4.1.73.Final.jar;C:\Users\alwi\.m2\repository\io\netty\netty-transport\4.1.73.Final\netty-transport-4.1.73.Final.jar;C:\Users\alwi\.m2\repository\io\netty\netty-resolver\4.1.73.Final\netty-resolver-4.1.73.Final.jar;C:\Users\alwi\.m2\repository\io\opentelemetry\opentelemetry-api\1.10.1\opentelemetry-api-1.10.1.jar;C:\Users\alwi\.m2\repository\io\opentelemetry\opentelemetry-context\1.10.1\opentelemetry-context-1.10.1.jar;C:\Users\alwi\.m2\repository\io\opentelemetry\opentelemetry-exporter-logging\1.10.1\opentelemetry-exporter-logging-1.10.1.jar;C:\Users\alwi\.m2\repository\io\opentelemetry\opentelemetry-sdk-metrics\1.10.1-alpha\opentelemetry-sdk-metrics-1.10.1-alpha.jar;C:\Users\alwi\.m2\repository\io\opentelemetry\opentelemetry-sdk-logs\1.10.1-alpha\opentelemetry-sdk-logs-1.10.1-alpha.jar;C:\Users\alwi\.m2\repository\io\opentelemetry\opentelemetry-sdk-common\1.10.1\opentelemetry-sdk-common-1.10.1.jar;C:\Users\alwi\.m2\repository\io\opentelemetry\opentelemetry-sdk-extension-autoconfigure-spi\1.10.1\opentelemetry-sdk-extension-autoconfigure-spi-1.10.1.jar;C:\Users\alwi\.m2\repository\io\opentelemetry\opentelemetry-sdk-extension-autoconfigure\1.10.1-alpha\opentelemetry-sdk-extension-autoconfigure-1.10.1-alpha.jar;C:\Users\alwi\.m2\repository\io\opentelemetry\opentelemetry-sdk-trace\1.10.1\opentelemetry-sdk-trace-1.10.1.jar;C:\Users\alwi\.m2\repository\io\opentelemetry\opentelemetry-sdk\1.10.1\opentelemetry-sdk-1.10.1.jar;C:\Users\alwi\.m2\repository\io\opentelemetry\opentelemetry-semconv\1.10.1-alpha\opentelemetry-semconv-1.10.1-alpha.jar;C:\Users\alwi\.m2\repository\io\ous\jtoml\2.0.0\jtoml-2.0.0.jar;C:\Users\alwi\.m2\repository\org\apache\commons\commons-exec\1.3\commons-exec-1.3.jar;C:\Users\alwi\.m2\repository\org\asynchttpclient\async-http-client\2.12.3\async-http-client-2.12.3.jar;C:\Users\alwi\.m2\repository\org\asynchttpclient\async-http-client-netty-utils\2.12.3\async-http-client-netty-utils-2.12.3.jar;C:\Users\alwi\.m2\repository\io\netty\netty-codec-socks\4.1.60.Final\netty-codec-socks-4.1.60.Final.jar;C:\Users\alwi\.m2\repository\io\netty\netty-handler-proxy\4.1.60.Final\netty-handler-proxy-4.1.60.Final.jar;C:\Users\alwi\.m2\repository\io\netty\netty-transport-native-epoll\4.1.60.Final\netty-transport-native-epoll-4.1.60.Final-linux-x86_64.jar;C:\Users\alwi\.m2\repository\io\netty\netty-transport-native-kqueue\4.1.60.Final\netty-transport-native-kqueue-4.1.60.Final-osx-x86_64.jar;C:\Users\alwi\.m2\repository\org\reactivestreams\reactive-streams\1.0.3\reactive-streams-1.0.3.jar;C:\Users\alwi\.m2\repository\com\typesafe\netty\netty-reactive-streams\2.0.4\netty-reactive-streams-2.0.4.jar;C:\Users\alwi\.m2\repository\org\seleniumhq\selenium\selenium-http\4.1.2\selenium-http-4.1.2.jar;C:\Users\alwi\.m2\repository\net\jodah\failsafe\2.4.4\failsafe-2.4.4.jar;C:\Users\alwi\.m2\repository\org\seleniumhq\selenium\selenium-safari-driver\4.1.2\selenium-safari-driver-4.1.2.jar;C:\Users\alwi\.m2\repository\org\seleniumhq\selenium\selenium-api\4.1.2\selenium-api-4.1.2.jar;C:\Users\alwi\.m2\repository\org\seleniumhq\selenium\selenium-support\4.1.2\selenium-support-4.1.2.jar;C:\Users\alwi\.m2\repository\com\google\auto\service\auto-service-annotations\1.0.1\auto-service-annotations-1.0.1.jar;C:\Users\alwi\.m2\repository\com\google\auto\service\auto-service\1.0.1\auto-service-1.0.1.jar;C:\Users\alwi\.m2\repository\com\google\auto\auto-common\1.2\auto-common-1.2.jar;C:\Users\alwi\.m2\repository\org\seleniumhq\selenium\selenium-json\4.1.2\selenium-json-4.1.2.jar;C:\Users\alwi\.m2\repository\org\seleniumhq\selenium\selenium-chrome-driver\4.1.2\selenium-chrome-driver-4.1.2.jar;C:\Users\alwi\.m2\repository\org\seleniumhq\selenium\selenium-chromium-driver\4.1.2\selenium-chromium-driver-4.1.2.jar;C:\Users\alwi\.m2\repository\org\seleniumhq\selenium\selenium-firefox-driver\4.1.2\selenium-firefox-driver-4.1.2.jar;C:\Users\alwi\.m2\repository\org\seleniumhq\selenium\selenium-edge-driver\4.1.2\selenium-edge-driver-4.1.2.jar;C:\Users\alwi\.m2\repository\org\seleniumhq\selenium\selenium-ie-driver\4.1.2\selenium-ie-driver-4.1.2.jar;C:\Users\alwi\.m2\repository\org\projectlombok\lombok\1.18.20\lombok-1.18.20.jar;C:\Users\alwi\.m2\repository\io\appium\java-client\8.0.0\java-client-8.0.0.jar;C:\Users\alwi\.m2\repository\commons-validator\commons-validator\1.7\commons-validator-1.7.jar;C:\Users\alwi\.m2\repository\commons-digester\commons-digester\2.1\commons-digester-2.1.jar;C:\Users\alwi\.m2\repository\org\aspectj\aspectjweaver\1.9.8\aspectjweaver-1.9.8.jar;C:\Users\alwi\.m2\repository\org\codehaus\groovy\groovy\3.0.10\groovy-3.0.10.jar;C:\Users\alwi\.m2\repository\net\sf\opencsv\opencsv\2.0\opencsv-2.0.jar;C:\Users\alwi\.m2\repository\commons-beanutils\commons-beanutils\1.9.4\commons-beanutils-1.9.4.jar;C:\Users\alwi\.m2\repository\org\apache\commons\commons-lang3\3.12.0\commons-lang3-3.12.0.jar;C:\Users\alwi\.m2\repository\commons-collections\commons-collections\3.2.2\commons-collections-3.2.2.jar;C:\Users\alwi\.m2\repository\org\fluentlenium\fluentlenium-core\0.10.2\fluentlenium-core-0.10.2.jar;C:\Users\alwi\.m2\repository\io\github\bonigarcia\webdrivermanager\5.1.0\webdrivermanager-5.1.0.jar;C:\Users\alwi\.m2\repository\com\github\docker-java\docker-java\3.2.13\docker-java-3.2.13.jar;C:\Users\alwi\.m2\repository\com\github\docker-java\docker-java-core\3.2.13\docker-java-core-3.2.13.jar;C:\Users\alwi\.m2\repository\com\github\docker-java\docker-java-api\3.2.13\docker-java-api-3.2.13.jar;C:\Users\alwi\.m2\repository\org\apache\commons\commons-compress\1.21\commons-compress-1.21.jar;C:\Users\alwi\.m2\repository\org\bouncycastle\bcpkix-jdk15on\1.64\bcpkix-jdk15on-1.64.jar;C:\Users\alwi\.m2\repository\org\bouncycastle\bcprov-jdk15on\1.64\bcprov-jdk15on-1.64.jar;C:\Users\alwi\.m2\repository\org\slf4j\jcl-over-slf4j\1.7.30\jcl-over-slf4j-1.7.30.jar;C:\Users\alwi\.m2\repository\com\github\docker-java\docker-java-transport-httpclient5\3.2.13\docker-java-transport-httpclient5-3.2.13.jar;C:\Users\alwi\.m2\repository\com\github\docker-java\docker-java-transport\3.2.13\docker-java-transport-3.2.13.jar;C:\Users\alwi\.m2\repository\org\apache\httpcomponents\client5\httpclient5\5.0.3\httpclient5-5.0.3.jar;C:\Users\alwi\.m2\repository\org\apache\httpcomponents\core5\httpcore5\5.0.2\httpcore5-5.0.2.jar;C:\Users\alwi\.m2\repository\net\java\dev\jna\jna\5.8.0\jna-5.8.0.jar;C:\Users\alwi\.m2\repository\org\brotli\dec\0.1.2\dec-0.1.2.jar;C:\Users\alwi\.m2\repository\com\jhlabs\filters\2.0.235\filters-2.0.235.jar;C:\Users\alwi\.m2\repository\com\paulhammant\ngwebdriver\1.1.6\ngwebdriver-1.1.6.jar;C:\Users\alwi\.m2\repository\joda-time\joda-time\2.8.2\joda-time-2.8.2.jar;C:\Users\alwi\.m2\repository\org\hamcrest\hamcrest\2.2\hamcrest-2.2.jar;C:\Users\alwi\.m2\repository\com\google\jimfs\jimfs\1.2\jimfs-1.2.jar;C:\Users\alwi\.m2\repository\org\mockito\mockito-core\3.3.3\mockito-core-3.3.3.jar;C:\Users\alwi\.m2\repository\javax\xml\bind\jaxb-api\2.3.1\jaxb-api-2.3.1.jar;C:\Users\alwi\.m2\repository\javax\activation\javax.activation-api\1.2.0\javax.activation-api-1.2.0.jar;C:\Users\alwi\.m2\repository\com\sun\xml\bind\jaxb-core\2.3.0.1\jaxb-core-2.3.0.1.jar;C:\Users\alwi\.m2\repository\com\sun\xml\bind\jaxb-impl\2.3.3\jaxb-impl-2.3.3.jar;C:\Users\alwi\.m2\repository\jakarta\xml\bind\jakarta.xml.bind-api\2.3.3\jakarta.xml.bind-api-2.3.3.jar;C:\Users\alwi\.m2\repository\com\sun\activation\jakarta.activation\1.2.2\jakarta.activation-1.2.2.jar;C:\Users\alwi\.m2\repository\javax\activation\activation\1.1.1\activation-1.1.1.jar;C:\Users\alwi\.m2\repository\net\serenity-bdd\serenity-cucumber\3.2.1\serenity-cucumber-3.2.1.jar;C:\Users\alwi\.m2\repository\io\cucumber\cucumber-core\7.2.3\cucumber-core-7.2.3.jar;C:\Users\alwi\.m2\repository\io\cucumber\cucumber-gherkin\7.2.3\cucumber-gherkin-7.2.3.jar;C:\Users\alwi\.m2\repository\io\cucumber\cucumber-gherkin-messages\7.2.3\cucumber-gherkin-messages-7.2.3.jar;C:\Users\alwi\.m2\repository\io\cucumber\messages\17.1.1\messages-17.1.1.jar;C:\Users\alwi\.m2\repository\io\cucumber\tag-expressions\4.1.0\tag-expressions-4.1.0.jar;C:\Users\alwi\.m2\repository\io\cucumber\cucumber-expressions\15.0.1\cucumber-expressions-15.0.1.jar;C:\Users\alwi\.m2\repository\io\cucumber\datatable\7.2.3\datatable-7.2.3.jar;C:\Users\alwi\.m2\repository\io\cucumber\cucumber-plugin\7.2.3\cucumber-plugin-7.2.3.jar;C:\Users\alwi\.m2\repository\io\cucumber\docstring\7.2.3\docstring-7.2.3.jar;C:\Users\alwi\.m2\repository\io\cucumber\html-formatter\17.0.0\html-formatter-17.0.0.jar;C:\Users\alwi\.m2\repository\io\cucumber\ci-environment\8.1.0\ci-environment-8.1.0.jar;C:\Users\alwi\.m2\repository\io\cucumber\cucumber-junit\7.2.3\cucumber-junit-7.2.3.jar;C:\Users\alwi\.m2\repository\org\apache\commons\commons-csv\1.5\commons-csv-1.5.jar;C:\Users\alwi\.m2\repository\net\serenity-bdd\serenity-screenplay\3.2.1\serenity-screenplay-3.2.1.jar;C:\Users\alwi\.m2\repository\net\serenity-bdd\serenity-screenplay-webdriver\3.2.1\serenity-screenplay-webdriver-3.2.1.jar;C:\Users\alwi\.m2\repository\net\serenity-bdd\serenity-ensure\3.2.1\serenity-ensure-3.2.1.jar;C:\Users\alwi\.m2\repository\net\serenity-bdd\serenity-junit\3.2.1\serenity-junit-3.2.1.jar;C:\Users\alwi\.m2\repository\org\jetbrains\kotlin\kotlin-stdlib\1.6.0\kotlin-stdlib-1.6.0.jar;C:\Users\alwi\.m2\repository\org\jetbrains\annotations\13.0\annotations-13.0.jar;C:\Users\alwi\.m2\repository\org\jetbrains\kotlin\kotlin-stdlib-common\1.6.0\kotlin-stdlib-common-1.6.0.jar;C:\Users\alwi\.m2\repository\org\junit\platform\junit-platform-launcher\1.8.1\junit-platform-launcher-1.8.1.jar;C:\Users\alwi\.m2\repository\org\junit\platform\junit-platform-engine\1.8.1\junit-platform-engine-1.8.1.jar;C:\Users\alwi\.m2\repository\org\opentest4j\opentest4j\1.2.0\opentest4j-1.2.0.jar;C:\Users\alwi\.m2\repository\org\junit\platform\junit-platform-commons\1.8.1\junit-platform-commons-1.8.1.jar;C:\Users\alwi\.m2\repository\org\apiguardian\apiguardian-api\1.1.2\apiguardian-api-1.1.2.jar;C:\Users\alwi\.m2\repository\org\junit\jupiter\junit-jupiter-engine\5.8.2\junit-jupiter-engine-5.8.2.jar;C:\Users\alwi\.m2\repository\org\junit\jupiter\junit-jupiter-api\5.8.2\junit-jupiter-api-5.8.2.jar;C:\Users\alwi\.m2\repository\org\junit\vintage\junit-vintage-engine\5.8.2\junit-vintage-engine-5.8.2.jar;C:\Users\alwi\.m2\repository\junit\junit\4.13.2\junit-4.13.2.jar;C:\Users\alwi\.m2\repository\org\hamcrest\hamcrest-core\1.3\hamcrest-core-1.3.jar;C:\Users\alwi\.m2\repository\ch\qos\logback\logback-classic\1.2.10\logback-classic-1.2.10.jar;C:\Users\alwi\.m2\repository\ch\qos\logback\logback-core\1.2.10\logback-core-1.2.10.jar;C:\Users\alwi\.m2\repository\org\slf4j\slf4j-api\1.7.32\slf4j-api-1.7.32.jar;C:\Users\alwi\.m2\repository\org\assertj\assertj-core\3.6.2\assertj-core-3.6.2.jar;"/>
    <property name="java.vm.vendor" value="Oracle Corporation"/>
    <property name="sun.arch.data.model" value="64"/>
    <property name="user.variant" value=""/>
    <property name="java.vendor.url" value="https://java.oracle.com/"/>
    <property name="user.timezone" value="Asia/Jakarta"/>
    <property name="log4j2.formatMsgNoLookups" value="true"/>
    <property name="user.country.format" value="ID"/>
    <property name="os.name" value="Windows 10"/>
    <property name="java.vm.specification.version" value="13"/>
    <property name="sun.java.launcher" value="SUN_STANDARD"/>
    <property name="user.country" value="US"/>
    <property name="sun.boot.library.path" value="C:\Program Files\Java\jdk-13.0.2\bin"/>
    <property name="sun.java.command" value="org.apache.maven.surefire.booter.ForkedBooter C:\Users\alwi\AppData\Local\Temp\surefire2691034966356690978 2023-04-10T10-07-47_766-jvmRun1 surefire1638915556288242952tmp surefire_04676369702054146006tmp"/>
    <property name="jdk.debug" value="release"/>
    <property name="surefire.test.class.path" value="C:\Users\alwi\IdeaProjects\uniqloweb\target\test-classes;C:\Users\alwi\.m2\repository\net\serenity-bdd\serenity-core\3.2.1\serenity-core-3.2.1.jar;C:\Users\alwi\.m2\repository\net\serenity-bdd\serenity-model\3.2.1\serenity-model-3.2.1.jar;C:\Users\alwi\.m2\repository\org\apache\commons\commons-text\1.9\commons-text-1.9.jar;C:\Users\alwi\.m2\repository\commons-net\commons-net\3.8.0\commons-net-3.8.0.jar;C:\Users\alwi\.m2\repository\com\google\guava\guava\31.1-jre\guava-31.1-jre.jar;C:\Users\alwi\.m2\repository\com\google\guava\failureaccess\1.0.1\failureaccess-1.0.1.jar;C:\Users\alwi\.m2\repository\com\google\guava\listenablefuture\9999.0-empty-to-avoid-conflict-with-guava\listenablefuture-9999.0-empty-to-avoid-conflict-with-guava.jar;C:\Users\alwi\.m2\repository\com\google\code\findbugs\jsr305\3.0.2\jsr305-3.0.2.jar;C:\Users\alwi\.m2\repository\org\checkerframework\checker-qual\3.12.0\checker-qual-3.12.0.jar;C:\Users\alwi\.m2\repository\com\google\errorprone\error_prone_annotations\2.11.0\error_prone_annotations-2.11.0.jar;C:\Users\alwi\.m2\repository\com\google\j2objc\j2objc-annotations\1.3\j2objc-annotations-1.3.jar;C:\Users\alwi\.m2\repository\com\google\inject\guice\5.1.0\guice-5.1.0.jar;C:\Users\alwi\.m2\repository\javax\inject\javax.inject\1\javax.inject-1.jar;C:\Users\alwi\.m2\repository\aopalliance\aopalliance\1.0\aopalliance-1.0.jar;C:\Users\alwi\.m2\repository\org\jsoup\jsoup\1.14.3\jsoup-1.14.3.jar;C:\Users\alwi\.m2\repository\com\thoughtworks\xstream\xstream\1.4.19\xstream-1.4.19.jar;C:\Users\alwi\.m2\repository\io\github\x-stream\mxparser\1.2.2\mxparser-1.2.2.jar;C:\Users\alwi\.m2\repository\xmlpull\xmlpull\1.1.3.1\xmlpull-1.1.3.1.jar;C:\Users\alwi\.m2\repository\io\cucumber\cucumber-java\7.2.3\cucumber-java-7.2.3.jar;C:\Users\alwi\.m2\repository\com\typesafe\config\1.4.2\config-1.4.2.jar;C:\Users\alwi\.m2\repository\org\imgscalr\imgscalr-lib\4.2\imgscalr-lib-4.2.jar;C:\Users\alwi\.m2\repository\org\awaitility\awaitility\4.2.0\awaitility-4.2.0.jar;C:\Users\alwi\.m2\repository\org\freemarker\freemarker\2.3.31\freemarker-2.3.31.jar;C:\Users\alwi\.m2\repository\io\github\classgraph\classgraph\4.8.138\classgraph-4.8.138.jar;C:\Users\alwi\.m2\repository\net\sourceforge\jexcelapi\jxl\2.6.12\jxl-2.6.12.jar;C:\Users\alwi\.m2\repository\net\bytebuddy\byte-buddy\1.12.8\byte-buddy-1.12.8.jar;C:\Users\alwi\.m2\repository\net\bytebuddy\byte-buddy-agent\1.12.8\byte-buddy-agent-1.12.8.jar;C:\Users\alwi\.m2\repository\org\objenesis\objenesis\3.1\objenesis-3.1.jar;C:\Users\alwi\.m2\repository\net\serenity-bdd\serenity-reports\3.2.1\serenity-reports-3.2.1.jar;C:\Users\alwi\.m2\repository\net\serenity-bdd\serenity-stats\3.2.1\serenity-stats-3.2.1.jar;C:\Users\alwi\.m2\repository\net\serenity-bdd\serenity-reports-configuration\3.2.1\serenity-reports-configuration-3.2.1.jar;C:\Users\alwi\.m2\repository\com\vladsch\flexmark\flexmark-all\0.34.30\flexmark-all-0.34.30.jar;C:\Users\alwi\.m2\repository\com\vladsch\flexmark\flexmark\0.34.30\flexmark-0.34.30.jar;C:\Users\alwi\.m2\repository\com\vladsch\flexmark\flexmark-ext-abbreviation\0.34.30\flexmark-ext-abbreviation-0.34.30.jar;C:\Users\alwi\.m2\repository\com\vladsch\flexmark\flexmark-ext-admonition\0.34.30\flexmark-ext-admonition-0.34.30.jar;C:\Users\alwi\.m2\repository\com\vladsch\flexmark\flexmark-ext-anchorlink\0.34.30\flexmark-ext-anchorlink-0.34.30.jar;C:\Users\alwi\.m2\repository\com\vladsch\flexmark\flexmark-ext-aside\0.34.30\flexmark-ext-aside-0.34.30.jar;C:\Users\alwi\.m2\repository\com\vladsch\flexmark\flexmark-ext-attributes\0.34.30\flexmark-ext-attributes-0.34.30.jar;C:\Users\alwi\.m2\repository\com\vladsch\flexmark\flexmark-ext-autolink\0.34.30\flexmark-ext-autolink-0.34.30.jar;C:\Users\alwi\.m2\repository\org\nibor\autolink\autolink\0.6.0\autolink-0.6.0.jar;C:\Users\alwi\.m2\repository\com\vladsch\flexmark\flexmark-ext-definition\0.34.30\flexmark-ext-definition-0.34.30.jar;C:\Users\alwi\.m2\repository\com\vladsch\flexmark\flexmark-ext-emoji\0.34.30\flexmark-ext-emoji-0.34.30.jar;C:\Users\alwi\.m2\repository\com\vladsch\flexmark\flexmark-ext-enumerated-reference\0.34.30\flexmark-ext-enumerated-reference-0.34.30.jar;C:\Users\alwi\.m2\repository\com\vladsch\flexmark\flexmark-ext-escaped-character\0.34.30\flexmark-ext-escaped-character-0.34.30.jar;C:\Users\alwi\.m2\repository\com\vladsch\flexmark\flexmark-ext-footnotes\0.34.30\flexmark-ext-footnotes-0.34.30.jar;C:\Users\alwi\.m2\repository\com\vladsch\flexmark\flexmark-ext-gfm-issues\0.34.30\flexmark-ext-gfm-issues-0.34.30.jar;C:\Users\alwi\.m2\repository\com\vladsch\flexmark\flexmark-ext-gfm-strikethrough\0.34.30\flexmark-ext-gfm-strikethrough-0.34.30.jar;C:\Users\alwi\.m2\repository\com\vladsch\flexmark\flexmark-ext-gfm-tables\0.34.30\flexmark-ext-gfm-tables-0.34.30.jar;C:\Users\alwi\.m2\repository\com\vladsch\flexmark\flexmark-ext-gfm-tasklist\0.34.30\flexmark-ext-gfm-tasklist-0.34.30.jar;C:\Users\alwi\.m2\repository\com\vladsch\flexmark\flexmark-ext-gfm-users\0.34.30\flexmark-ext-gfm-users-0.34.30.jar;C:\Users\alwi\.m2\repository\com\vladsch\flexmark\flexmark-ext-gitlab\0.34.30\flexmark-ext-gitlab-0.34.30.jar;C:\Users\alwi\.m2\repository\com\vladsch\flexmark\flexmark-ext-jekyll-front-matter\0.34.30\flexmark-ext-jekyll-front-matter-0.34.30.jar;C:\Users\alwi\.m2\repository\com\vladsch\flexmark\flexmark-ext-jekyll-tag\0.34.30\flexmark-ext-jekyll-tag-0.34.30.jar;C:\Users\alwi\.m2\repository\com\vladsch\flexmark\flexmark-ext-media-tags\0.34.30\flexmark-ext-media-tags-0.34.30.jar;C:\Users\alwi\.m2\repository\com\vladsch\flexmark\flexmark-test-util\0.34.30\flexmark-test-util-0.34.30.jar;C:\Users\alwi\.m2\repository\com\vladsch\flexmark\flexmark-ext-ins\0.34.30\flexmark-ext-ins-0.34.30.jar;C:\Users\alwi\.m2\repository\com\vladsch\flexmark\flexmark-ext-xwiki-macros\0.34.30\flexmark-ext-xwiki-macros-0.34.30.jar;C:\Users\alwi\.m2\repository\com\vladsch\flexmark\flexmark-ext-superscript\0.34.30\flexmark-ext-superscript-0.34.30.jar;C:\Users\alwi\.m2\repository\com\vladsch\flexmark\flexmark-ext-tables\0.34.30\flexmark-ext-tables-0.34.30.jar;C:\Users\alwi\.m2\repository\com\vladsch\flexmark\flexmark-ext-toc\0.34.30\flexmark-ext-toc-0.34.30.jar;C:\Users\alwi\.m2\repository\com\vladsch\flexmark\flexmark-ext-typographic\0.34.30\flexmark-ext-typographic-0.34.30.jar;C:\Users\alwi\.m2\repository\com\vladsch\flexmark\flexmark-ext-wikilink\0.34.30\flexmark-ext-wikilink-0.34.30.jar;C:\Users\alwi\.m2\repository\com\vladsch\flexmark\flexmark-ext-yaml-front-matter\0.34.30\flexmark-ext-yaml-front-matter-0.34.30.jar;C:\Users\alwi\.m2\repository\com\vladsch\flexmark\flexmark-ext-youtube-embedded\0.34.30\flexmark-ext-youtube-embedded-0.34.30.jar;C:\Users\alwi\.m2\repository\com\vladsch\flexmark\flexmark-formatter\0.34.30\flexmark-formatter-0.34.30.jar;C:\Users\alwi\.m2\repository\com\vladsch\flexmark\flexmark-html-parser\0.34.30\flexmark-html-parser-0.34.30.jar;C:\Users\alwi\.m2\repository\com\vladsch\flexmark\flexmark-jira-converter\0.34.30\flexmark-jira-converter-0.34.30.jar;C:\Users\alwi\.m2\repository\com\vladsch\flexmark\flexmark-pdf-converter\0.34.30\flexmark-pdf-converter-0.34.30.jar;C:\Users\alwi\.m2\repository\com\openhtmltopdf\openhtmltopdf-core\0.0.1-RC13\openhtmltopdf-core-0.0.1-RC13.jar;C:\Users\alwi\.m2\repository\com\openhtmltopdf\openhtmltopdf-pdfbox\0.0.1-RC13\openhtmltopdf-pdfbox-0.0.1-RC13.jar;C:\Users\alwi\.m2\repository\org\apache\pdfbox\pdfbox\2.0.8\pdfbox-2.0.8.jar;C:\Users\alwi\.m2\repository\org\apache\pdfbox\fontbox\2.0.8\fontbox-2.0.8.jar;C:\Users\alwi\.m2\repository\commons-logging\commons-logging\1.2\commons-logging-1.2.jar;C:\Users\alwi\.m2\repository\org\apache\pdfbox\xmpbox\2.0.8\xmpbox-2.0.8.jar;C:\Users\alwi\.m2\repository\de\rototor\pdfbox\graphics2d\0.12\graphics2d-0.12.jar;C:\Users\alwi\.m2\repository\com\openhtmltopdf\openhtmltopdf-rtl-support\0.0.1-RC13\openhtmltopdf-rtl-support-0.0.1-RC13.jar;C:\Users\alwi\.m2\repository\com\ibm\icu\icu4j\59.1\icu4j-59.1.jar;C:\Users\alwi\.m2\repository\com\openhtmltopdf\openhtmltopdf-jsoup-dom-converter\0.0.1-RC13\openhtmltopdf-jsoup-dom-converter-0.0.1-RC13.jar;C:\Users\alwi\.m2\repository\com\vladsch\flexmark\flexmark-profile-pegdown\0.34.30\flexmark-profile-pegdown-0.34.30.jar;C:\Users\alwi\.m2\repository\com\vladsch\flexmark\flexmark-util\0.34.30\flexmark-util-0.34.30.jar;C:\Users\alwi\.m2\repository\com\vladsch\flexmark\flexmark-youtrack-converter\0.34.30\flexmark-youtrack-converter-0.34.30.jar;C:\Users\alwi\.m2\repository\es\nitaur\markdown\txtmark\0.16\txtmark-0.16.jar;C:\Users\alwi\.m2\repository\net\serenity-bdd\serenity-report-resources\3.2.1\serenity-report-resources-3.2.1.jar;C:\Users\alwi\.m2\repository\com\google\code\gson\gson\2.9.0\gson-2.9.0.jar;C:\Users\alwi\.m2\repository\com\fasterxml\jackson\core\jackson-core\2.13.2\jackson-core-2.13.2.jar;C:\Users\alwi\.m2\repository\com\fasterxml\jackson\core\jackson-databind\2.13.2\jackson-databind-2.13.2.jar;C:\Users\alwi\.m2\repository\com\fasterxml\jackson\core\jackson-annotations\2.13.2\jackson-annotations-2.13.2.jar;C:\Users\alwi\.m2\repository\commons-codec\commons-codec\1.15\commons-codec-1.15.jar;C:\Users\alwi\.m2\repository\commons-io\commons-io\2.11.0\commons-io-2.11.0.jar;C:\Users\alwi\.m2\repository\org\seleniumhq\selenium\selenium-java\4.1.2\selenium-java-4.1.2.jar;C:\Users\alwi\.m2\repository\org\seleniumhq\selenium\selenium-devtools-v85\4.1.2\selenium-devtools-v85-4.1.2.jar;C:\Users\alwi\.m2\repository\org\seleniumhq\selenium\selenium-devtools-v95\4.1.2\selenium-devtools-v95-4.1.2.jar;C:\Users\alwi\.m2\repository\org\seleniumhq\selenium\selenium-devtools-v96\4.1.2\selenium-devtools-v96-4.1.2.jar;C:\Users\alwi\.m2\repository\org\seleniumhq\selenium\selenium-devtools-v97\4.1.2\selenium-devtools-v97-4.1.2.jar;C:\Users\alwi\.m2\repository\org\seleniumhq\selenium\selenium-firefox-xpi-driver\4.1.2\selenium-firefox-xpi-driver-4.1.2.jar;C:\Users\alwi\.m2\repository\org\seleniumhq\selenium\selenium-opera-driver\4.1.2\selenium-opera-driver-4.1.2.jar;C:\Users\alwi\.m2\repository\org\seleniumhq\selenium\selenium-remote-driver\4.1.2\selenium-remote-driver-4.1.2.jar;C:\Users\alwi\.m2\repository\com\beust\jcommander\1.82\jcommander-1.82.jar;C:\Users\alwi\.m2\repository\io\netty\netty-buffer\4.1.73.Final\netty-buffer-4.1.73.Final.jar;C:\Users\alwi\.m2\repository\io\netty\netty-codec-http\4.1.73.Final\netty-codec-http-4.1.73.Final.jar;C:\Users\alwi\.m2\repository\io\netty\netty-codec\4.1.73.Final\netty-codec-4.1.73.Final.jar;C:\Users\alwi\.m2\repository\io\netty\netty-handler\4.1.73.Final\netty-handler-4.1.73.Final.jar;C:\Users\alwi\.m2\repository\io\netty\netty-tcnative-classes\2.0.46.Final\netty-tcnative-classes-2.0.46.Final.jar;C:\Users\alwi\.m2\repository\io\netty\netty-common\4.1.73.Final\netty-common-4.1.73.Final.jar;C:\Users\alwi\.m2\repository\io\netty\netty-transport-classes-epoll\4.1.73.Final\netty-transport-classes-epoll-4.1.73.Final.jar;C:\Users\alwi\.m2\repository\io\netty\netty-transport-classes-kqueue\4.1.73.Final\netty-transport-classes-kqueue-4.1.73.Final.jar;C:\Users\alwi\.m2\repository\io\netty\netty-transport-native-epoll\4.1.73.Final\netty-transport-native-epoll-4.1.73.Final.jar;C:\Users\alwi\.m2\repository\io\netty\netty-transport-native-kqueue\4.1.73.Final\netty-transport-native-kqueue-4.1.73.Final.jar;C:\Users\alwi\.m2\repository\io\netty\netty-transport-native-unix-common\4.1.73.Final\netty-transport-native-unix-common-4.1.73.Final.jar;C:\Users\alwi\.m2\repository\io\netty\netty-transport\4.1.73.Final\netty-transport-4.1.73.Final.jar;C:\Users\alwi\.m2\repository\io\netty\netty-resolver\4.1.73.Final\netty-resolver-4.1.73.Final.jar;C:\Users\alwi\.m2\repository\io\opentelemetry\opentelemetry-api\1.10.1\opentelemetry-api-1.10.1.jar;C:\Users\alwi\.m2\repository\io\opentelemetry\opentelemetry-context\1.10.1\opentelemetry-context-1.10.1.jar;C:\Users\alwi\.m2\repository\io\opentelemetry\opentelemetry-exporter-logging\1.10.1\opentelemetry-exporter-logging-1.10.1.jar;C:\Users\alwi\.m2\repository\io\opentelemetry\opentelemetry-sdk-metrics\1.10.1-alpha\opentelemetry-sdk-metrics-1.10.1-alpha.jar;C:\Users\alwi\.m2\repository\io\opentelemetry\opentelemetry-sdk-logs\1.10.1-alpha\opentelemetry-sdk-logs-1.10.1-alpha.jar;C:\Users\alwi\.m2\repository\io\opentelemetry\opentelemetry-sdk-common\1.10.1\opentelemetry-sdk-common-1.10.1.jar;C:\Users\alwi\.m2\repository\io\opentelemetry\opentelemetry-sdk-extension-autoconfigure-spi\1.10.1\opentelemetry-sdk-extension-autoconfigure-spi-1.10.1.jar;C:\Users\alwi\.m2\repository\io\opentelemetry\opentelemetry-sdk-extension-autoconfigure\1.10.1-alpha\opentelemetry-sdk-extension-autoconfigure-1.10.1-alpha.jar;C:\Users\alwi\.m2\repository\io\opentelemetry\opentelemetry-sdk-trace\1.10.1\opentelemetry-sdk-trace-1.10.1.jar;C:\Users\alwi\.m2\repository\io\opentelemetry\opentelemetry-sdk\1.10.1\opentelemetry-sdk-1.10.1.jar;C:\Users\alwi\.m2\repository\io\opentelemetry\opentelemetry-semconv\1.10.1-alpha\opentelemetry-semconv-1.10.1-alpha.jar;C:\Users\alwi\.m2\repository\io\ous\jtoml\2.0.0\jtoml-2.0.0.jar;C:\Users\alwi\.m2\repository\org\apache\commons\commons-exec\1.3\commons-exec-1.3.jar;C:\Users\alwi\.m2\repository\org\asynchttpclient\async-http-client\2.12.3\async-http-client-2.12.3.jar;C:\Users\alwi\.m2\repository\org\asynchttpclient\async-http-client-netty-utils\2.12.3\async-http-client-netty-utils-2.12.3.jar;C:\Users\alwi\.m2\repository\io\netty\netty-codec-socks\4.1.60.Final\netty-codec-socks-4.1.60.Final.jar;C:\Users\alwi\.m2\repository\io\netty\netty-handler-proxy\4.1.60.Final\netty-handler-proxy-4.1.60.Final.jar;C:\Users\alwi\.m2\repository\io\netty\netty-transport-native-epoll\4.1.60.Final\netty-transport-native-epoll-4.1.60.Final-linux-x86_64.jar;C:\Users\alwi\.m2\repository\io\netty\netty-transport-native-kqueue\4.1.60.Final\netty-transport-native-kqueue-4.1.60.Final-osx-x86_64.jar;C:\Users\alwi\.m2\repository\org\reactivestreams\reactive-streams\1.0.3\reactive-streams-1.0.3.jar;C:\Users\alwi\.m2\repository\com\typesafe\netty\netty-reactive-streams\2.0.4\netty-reactive-streams-2.0.4.jar;C:\Users\alwi\.m2\repository\org\seleniumhq\selenium\selenium-http\4.1.2\selenium-http-4.1.2.jar;C:\Users\alwi\.m2\repository\net\jodah\failsafe\2.4.4\failsafe-2.4.4.jar;C:\Users\alwi\.m2\repository\org\seleniumhq\selenium\selenium-safari-driver\4.1.2\selenium-safari-driver-4.1.2.jar;C:\Users\alwi\.m2\repository\org\seleniumhq\selenium\selenium-api\4.1.2\selenium-api-4.1.2.jar;C:\Users\alwi\.m2\repository\org\seleniumhq\selenium\selenium-support\4.1.2\selenium-support-4.1.2.jar;C:\Users\alwi\.m2\repository\com\google\auto\service\auto-service-annotations\1.0.1\auto-service-annotations-1.0.1.jar;C:\Users\alwi\.m2\repository\com\google\auto\service\auto-service\1.0.1\auto-service-1.0.1.jar;C:\Users\alwi\.m2\repository\com\google\auto\auto-common\1.2\auto-common-1.2.jar;C:\Users\alwi\.m2\repository\org\seleniumhq\selenium\selenium-json\4.1.2\selenium-json-4.1.2.jar;C:\Users\alwi\.m2\repository\org\seleniumhq\selenium\selenium-chrome-driver\4.1.2\selenium-chrome-driver-4.1.2.jar;C:\Users\alwi\.m2\repository\org\seleniumhq\selenium\selenium-chromium-driver\4.1.2\selenium-chromium-driver-4.1.2.jar;C:\Users\alwi\.m2\repository\org\seleniumhq\selenium\selenium-firefox-driver\4.1.2\selenium-firefox-driver-4.1.2.jar;C:\Users\alwi\.m2\repository\org\seleniumhq\selenium\selenium-edge-driver\4.1.2\selenium-edge-driver-4.1.2.jar;C:\Users\alwi\.m2\repository\org\seleniumhq\selenium\selenium-ie-driver\4.1.2\selenium-ie-driver-4.1.2.jar;C:\Users\alwi\.m2\repository\org\projectlombok\lombok\1.18.20\lombok-1.18.20.jar;C:\Users\alwi\.m2\repository\io\appium\java-client\8.0.0\java-client-8.0.0.jar;C:\Users\alwi\.m2\repository\commons-validator\commons-validator\1.7\commons-validator-1.7.jar;C:\Users\alwi\.m2\repository\commons-digester\commons-digester\2.1\commons-digester-2.1.jar;C:\Users\alwi\.m2\repository\org\aspectj\aspectjweaver\1.9.8\aspectjweaver-1.9.8.jar;C:\Users\alwi\.m2\repository\org\codehaus\groovy\groovy\3.0.10\groovy-3.0.10.jar;C:\Users\alwi\.m2\repository\net\sf\opencsv\opencsv\2.0\opencsv-2.0.jar;C:\Users\alwi\.m2\repository\commons-beanutils\commons-beanutils\1.9.4\commons-beanutils-1.9.4.jar;C:\Users\alwi\.m2\repository\org\apache\commons\commons-lang3\3.12.0\commons-lang3-3.12.0.jar;C:\Users\alwi\.m2\repository\commons-collections\commons-collections\3.2.2\commons-collections-3.2.2.jar;C:\Users\alwi\.m2\repository\org\fluentlenium\fluentlenium-core\0.10.2\fluentlenium-core-0.10.2.jar;C:\Users\alwi\.m2\repository\io\github\bonigarcia\webdrivermanager\5.1.0\webdrivermanager-5.1.0.jar;C:\Users\alwi\.m2\repository\com\github\docker-java\docker-java\3.2.13\docker-java-3.2.13.jar;C:\Users\alwi\.m2\repository\com\github\docker-java\docker-java-core\3.2.13\docker-java-core-3.2.13.jar;C:\Users\alwi\.m2\repository\com\github\docker-java\docker-java-api\3.2.13\docker-java-api-3.2.13.jar;C:\Users\alwi\.m2\repository\org\apache\commons\commons-compress\1.21\commons-compress-1.21.jar;C:\Users\alwi\.m2\repository\org\bouncycastle\bcpkix-jdk15on\1.64\bcpkix-jdk15on-1.64.jar;C:\Users\alwi\.m2\repository\org\bouncycastle\bcprov-jdk15on\1.64\bcprov-jdk15on-1.64.jar;C:\Users\alwi\.m2\repository\org\slf4j\jcl-over-slf4j\1.7.30\jcl-over-slf4j-1.7.30.jar;C:\Users\alwi\.m2\repository\com\github\docker-java\docker-java-transport-httpclient5\3.2.13\docker-java-transport-httpclient5-3.2.13.jar;C:\Users\alwi\.m2\repository\com\github\docker-java\docker-java-transport\3.2.13\docker-java-transport-3.2.13.jar;C:\Users\alwi\.m2\repository\org\apache\httpcomponents\client5\httpclient5\5.0.3\httpclient5-5.0.3.jar;C:\Users\alwi\.m2\repository\org\apache\httpcomponents\core5\httpcore5\5.0.2\httpcore5-5.0.2.jar;C:\Users\alwi\.m2\repository\net\java\dev\jna\jna\5.8.0\jna-5.8.0.jar;C:\Users\alwi\.m2\repository\org\brotli\dec\0.1.2\dec-0.1.2.jar;C:\Users\alwi\.m2\repository\com\jhlabs\filters\2.0.235\filters-2.0.235.jar;C:\Users\alwi\.m2\repository\com\paulhammant\ngwebdriver\1.1.6\ngwebdriver-1.1.6.jar;C:\Users\alwi\.m2\repository\joda-time\joda-time\2.8.2\joda-time-2.8.2.jar;C:\Users\alwi\.m2\repository\org\hamcrest\hamcrest\2.2\hamcrest-2.2.jar;C:\Users\alwi\.m2\repository\com\google\jimfs\jimfs\1.2\jimfs-1.2.jar;C:\Users\alwi\.m2\repository\org\mockito\mockito-core\3.3.3\mockito-core-3.3.3.jar;C:\Users\alwi\.m2\repository\javax\xml\bind\jaxb-api\2.3.1\jaxb-api-2.3.1.jar;C:\Users\alwi\.m2\repository\javax\activation\javax.activation-api\1.2.0\javax.activation-api-1.2.0.jar;C:\Users\alwi\.m2\repository\com\sun\xml\bind\jaxb-core\2.3.0.1\jaxb-core-2.3.0.1.jar;C:\Users\alwi\.m2\repository\com\sun\xml\bind\jaxb-impl\2.3.3\jaxb-impl-2.3.3.jar;C:\Users\alwi\.m2\repository\jakarta\xml\bind\jakarta.xml.bind-api\2.3.3\jakarta.xml.bind-api-2.3.3.jar;C:\Users\alwi\.m2\repository\com\sun\activation\jakarta.activation\1.2.2\jakarta.activation-1.2.2.jar;C:\Users\alwi\.m2\repository\javax\activation\activation\1.1.1\activation-1.1.1.jar;C:\Users\alwi\.m2\repository\net\serenity-bdd\serenity-cucumber\3.2.1\serenity-cucumber-3.2.1.jar;C:\Users\alwi\.m2\repository\io\cucumber\cucumber-core\7.2.3\cucumber-core-7.2.3.jar;C:\Users\alwi\.m2\repository\io\cucumber\cucumber-gherkin\7.2.3\cucumber-gherkin-7.2.3.jar;C:\Users\alwi\.m2\repository\io\cucumber\cucumber-gherkin-messages\7.2.3\cucumber-gherkin-messages-7.2.3.jar;C:\Users\alwi\.m2\repository\io\cucumber\messages\17.1.1\messages-17.1.1.jar;C:\Users\alwi\.m2\repository\io\cucumber\tag-expressions\4.1.0\tag-expressions-4.1.0.jar;C:\Users\alwi\.m2\repository\io\cucumber\cucumber-expressions\15.0.1\cucumber-expressions-15.0.1.jar;C:\Users\alwi\.m2\repository\io\cucumber\datatable\7.2.3\datatable-7.2.3.jar;C:\Users\alwi\.m2\repository\io\cucumber\cucumber-plugin\7.2.3\cucumber-plugin-7.2.3.jar;C:\Users\alwi\.m2\repository\io\cucumber\docstring\7.2.3\docstring-7.2.3.jar;C:\Users\alwi\.m2\repository\io\cucumber\html-formatter\17.0.0\html-formatter-17.0.0.jar;C:\Users\alwi\.m2\repository\io\cucumber\ci-environment\8.1.0\ci-environment-8.1.0.jar;C:\Users\alwi\.m2\repository\io\cucumber\cucumber-junit\7.2.3\cucumber-junit-7.2.3.jar;C:\Users\alwi\.m2\repository\org\apache\commons\commons-csv\1.5\commons-csv-1.5.jar;C:\Users\alwi\.m2\repository\net\serenity-bdd\serenity-screenplay\3.2.1\serenity-screenplay-3.2.1.jar;C:\Users\alwi\.m2\repository\net\serenity-bdd\serenity-screenplay-webdriver\3.2.1\serenity-screenplay-webdriver-3.2.1.jar;C:\Users\alwi\.m2\repository\net\serenity-bdd\serenity-ensure\3.2.1\serenity-ensure-3.2.1.jar;C:\Users\alwi\.m2\repository\net\serenity-bdd\serenity-junit\3.2.1\serenity-junit-3.2.1.jar;C:\Users\alwi\.m2\repository\org\jetbrains\kotlin\kotlin-stdlib\1.6.0\kotlin-stdlib-1.6.0.jar;C:\Users\alwi\.m2\repository\org\jetbrains\annotations\13.0\annotations-13.0.jar;C:\Users\alwi\.m2\repository\org\jetbrains\kotlin\kotlin-stdlib-common\1.6.0\kotlin-stdlib-common-1.6.0.jar;C:\Users\alwi\.m2\repository\org\junit\platform\junit-platform-launcher\1.8.1\junit-platform-launcher-1.8.1.jar;C:\Users\alwi\.m2\repository\org\junit\platform\junit-platform-engine\1.8.1\junit-platform-engine-1.8.1.jar;C:\Users\alwi\.m2\repository\org\opentest4j\opentest4j\1.2.0\opentest4j-1.2.0.jar;C:\Users\alwi\.m2\repository\org\junit\platform\junit-platform-commons\1.8.1\junit-platform-commons-1.8.1.jar;C:\Users\alwi\.m2\repository\org\apiguardian\apiguardian-api\1.1.2\apiguardian-api-1.1.2.jar;C:\Users\alwi\.m2\repository\org\junit\jupiter\junit-jupiter-engine\5.8.2\junit-jupiter-engine-5.8.2.jar;C:\Users\alwi\.m2\repository\org\junit\jupiter\junit-jupiter-api\5.8.2\junit-jupiter-api-5.8.2.jar;C:\Users\alwi\.m2\repository\org\junit\vintage\junit-vintage-engine\5.8.2\junit-vintage-engine-5.8.2.jar;C:\Users\alwi\.m2\repository\junit\junit\4.13.2\junit-4.13.2.jar;C:\Users\alwi\.m2\repository\org\hamcrest\hamcrest-core\1.3\hamcrest-core-1.3.jar;C:\Users\alwi\.m2\repository\ch\qos\logback\logback-classic\1.2.10\logback-classic-1.2.10.jar;C:\Users\alwi\.m2\repository\ch\qos\logback\logback-core\1.2.10\logback-core-1.2.10.jar;C:\Users\alwi\.m2\repository\org\slf4j\slf4j-api\1.7.32\slf4j-api-1.7.32.jar;C:\Users\alwi\.m2\repository\org\assertj\assertj-core\3.6.2\assertj-core-3.6.2.jar;"/>
    <property name="sun.cpu.endian" value="little"/>
    <property name="user.home" value="C:\Users\alwi"/>
    <property name="user.language" value="en"/>
    <property name="java.specification.vendor" value="Oracle Corporation"/>
    <property name="jdk.module.path" value="C:\Users\alwi\IdeaProjects\uniqloweb\target\uniqloweb-1.0-SNAPSHOT.jar"/>
    <property name="java.version.date" value="2020-01-14"/>
    <property name="java.home" value="C:\Program Files\Java\jdk-13.0.2"/>
    <property name="file.separator" value="\"/>
    <property name="basedir" value="C:\Users\alwi\IdeaProjects\uniqloweb"/>
    <property name="java.vm.compressedOopsMode" value="Zero based"/>
    <property name="line.separator" value="&#10;"/>
    <property name="java.vm.specification.vendor" value="Oracle Corporation"/>
    <property name="java.specification.name" value="Java Platform API Specification"/>
    <property name="surefire.real.class.path" value="C:\Users\alwi\.m2\repository\org\apache\maven\surefire\surefire-booter\3.0.0-M5\surefire-booter-3.0.0-M5.jar;C:\Users\alwi\.m2\repository\org\apache\maven\surefire\surefire-api\3.0.0-M5\surefire-api-3.0.0-M5.jar;C:\Users\alwi\.m2\repository\org\apache\maven\surefire\surefire-logger-api\3.0.0-M5\surefire-logger-api-3.0.0-M5.jar;C:\Users\alwi\.m2\repository\org\apache\maven\surefire\surefire-shared-utils\3.0.0-M4\surefire-shared-utils-3.0.0-M4.jar;C:\Users\alwi\.m2\repository\org\apache\maven\surefire\surefire-extensions-spi\3.0.0-M5\surefire-extensions-spi-3.0.0-M5.jar;C:\Users\alwi\IdeaProjects\uniqloweb\target\test-classes;C:\Users\alwi\.m2\repository\net\serenity-bdd\serenity-core\3.2.1\serenity-core-3.2.1.jar;C:\Users\alwi\.m2\repository\net\serenity-bdd\serenity-model\3.2.1\serenity-model-3.2.1.jar;C:\Users\alwi\.m2\repository\org\apache\commons\commons-text\1.9\commons-text-1.9.jar;C:\Users\alwi\.m2\repository\commons-net\commons-net\3.8.0\commons-net-3.8.0.jar;C:\Users\alwi\.m2\repository\com\google\guava\guava\31.1-jre\guava-31.1-jre.jar;C:\Users\alwi\.m2\repository\com\google\guava\failureaccess\1.0.1\failureaccess-1.0.1.jar;C:\Users\alwi\.m2\repository\com\google\guava\listenablefuture\9999.0-empty-to-avoid-conflict-with-guava\listenablefuture-9999.0-empty-to-avoid-conflict-with-guava.jar;C:\Users\alwi\.m2\repository\com\google\code\findbugs\jsr305\3.0.2\jsr305-3.0.2.jar;C:\Users\alwi\.m2\repository\org\checkerframework\checker-qual\3.12.0\checker-qual-3.12.0.jar;C:\Users\alwi\.m2\repository\com\google\errorprone\error_prone_annotations\2.11.0\error_prone_annotations-2.11.0.jar;C:\Users\alwi\.m2\repository\com\google\j2objc\j2objc-annotations\1.3\j2objc-annotations-1.3.jar;C:\Users\alwi\.m2\repository\com\google\inject\guice\5.1.0\guice-5.1.0.jar;C:\Users\alwi\.m2\repository\javax\inject\javax.inject\1\javax.inject-1.jar;C:\Users\alwi\.m2\repository\aopalliance\aopalliance\1.0\aopalliance-1.0.jar;C:\Users\alwi\.m2\repository\org\jsoup\jsoup\1.14.3\jsoup-1.14.3.jar;C:\Users\alwi\.m2\repository\com\thoughtworks\xstream\xstream\1.4.19\xstream-1.4.19.jar;C:\Users\alwi\.m2\repository\io\github\x-stream\mxparser\1.2.2\mxparser-1.2.2.jar;C:\Users\alwi\.m2\repository\xmlpull\xmlpull\1.1.3.1\xmlpull-1.1.3.1.jar;C:\Users\alwi\.m2\repository\io\cucumber\cucumber-java\7.2.3\cucumber-java-7.2.3.jar;C:\Users\alwi\.m2\repository\com\typesafe\config\1.4.2\config-1.4.2.jar;C:\Users\alwi\.m2\repository\org\imgscalr\imgscalr-lib\4.2\imgscalr-lib-4.2.jar;C:\Users\alwi\.m2\repository\org\awaitility\awaitility\4.2.0\awaitility-4.2.0.jar;C:\Users\alwi\.m2\repository\org\freemarker\freemarker\2.3.31\freemarker-2.3.31.jar;C:\Users\alwi\.m2\repository\io\github\classgraph\classgraph\4.8.138\classgraph-4.8.138.jar;C:\Users\alwi\.m2\repository\net\sourceforge\jexcelapi\jxl\2.6.12\jxl-2.6.12.jar;C:\Users\alwi\.m2\repository\net\bytebuddy\byte-buddy\1.12.8\byte-buddy-1.12.8.jar;C:\Users\alwi\.m2\repository\net\bytebuddy\byte-buddy-agent\1.12.8\byte-buddy-agent-1.12.8.jar;C:\Users\alwi\.m2\repository\org\objenesis\objenesis\3.1\objenesis-3.1.jar;C:\Users\alwi\.m2\repository\net\serenity-bdd\serenity-reports\3.2.1\serenity-reports-3.2.1.jar;C:\Users\alwi\.m2\repository\net\serenity-bdd\serenity-stats\3.2.1\serenity-stats-3.2.1.jar;C:\Users\alwi\.m2\repository\net\serenity-bdd\serenity-reports-configuration\3.2.1\serenity-reports-configuration-3.2.1.jar;C:\Users\alwi\.m2\repository\com\vladsch\flexmark\flexmark-all\0.34.30\flexmark-all-0.34.30.jar;C:\Users\alwi\.m2\repository\com\vladsch\flexmark\flexmark\0.34.30\flexmark-0.34.30.jar;C:\Users\alwi\.m2\repository\com\vladsch\flexmark\flexmark-ext-abbreviation\0.34.30\flexmark-ext-abbreviation-0.34.30.jar;C:\Users\alwi\.m2\repository\com\vladsch\flexmark\flexmark-ext-admonition\0.34.30\flexmark-ext-admonition-0.34.30.jar;C:\Users\alwi\.m2\repository\com\vladsch\flexmark\flexmark-ext-anchorlink\0.34.30\flexmark-ext-anchorlink-0.34.30.jar;C:\Users\alwi\.m2\repository\com\vladsch\flexmark\flexmark-ext-aside\0.34.30\flexmark-ext-aside-0.34.30.jar;C:\Users\alwi\.m2\repository\com\vladsch\flexmark\flexmark-ext-attributes\0.34.30\flexmark-ext-attributes-0.34.30.jar;C:\Users\alwi\.m2\repository\com\vladsch\flexmark\flexmark-ext-autolink\0.34.30\flexmark-ext-autolink-0.34.30.jar;C:\Users\alwi\.m2\repository\org\nibor\autolink\autolink\0.6.0\autolink-0.6.0.jar;C:\Users\alwi\.m2\repository\com\vladsch\flexmark\flexmark-ext-definition\0.34.30\flexmark-ext-definition-0.34.30.jar;C:\Users\alwi\.m2\repository\com\vladsch\flexmark\flexmark-ext-emoji\0.34.30\flexmark-ext-emoji-0.34.30.jar;C:\Users\alwi\.m2\repository\com\vladsch\flexmark\flexmark-ext-enumerated-reference\0.34.30\flexmark-ext-enumerated-reference-0.34.30.jar;C:\Users\alwi\.m2\repository\com\vladsch\flexmark\flexmark-ext-escaped-character\0.34.30\flexmark-ext-escaped-character-0.34.30.jar;C:\Users\alwi\.m2\repository\com\vladsch\flexmark\flexmark-ext-footnotes\0.34.30\flexmark-ext-footnotes-0.34.30.jar;C:\Users\alwi\.m2\repository\com\vladsch\flexmark\flexmark-ext-gfm-issues\0.34.30\flexmark-ext-gfm-issues-0.34.30.jar;C:\Users\alwi\.m2\repository\com\vladsch\flexmark\flexmark-ext-gfm-strikethrough\0.34.30\flexmark-ext-gfm-strikethrough-0.34.30.jar;C:\Users\alwi\.m2\repository\com\vladsch\flexmark\flexmark-ext-gfm-tables\0.34.30\flexmark-ext-gfm-tables-0.34.30.jar;C:\Users\alwi\.m2\repository\com\vladsch\flexmark\flexmark-ext-gfm-tasklist\0.34.30\flexmark-ext-gfm-tasklist-0.34.30.jar;C:\Users\alwi\.m2\repository\com\vladsch\flexmark\flexmark-ext-gfm-users\0.34.30\flexmark-ext-gfm-users-0.34.30.jar;C:\Users\alwi\.m2\repository\com\vladsch\flexmark\flexmark-ext-gitlab\0.34.30\flexmark-ext-gitlab-0.34.30.jar;C:\Users\alwi\.m2\repository\com\vladsch\flexmark\flexmark-ext-jekyll-front-matter\0.34.30\flexmark-ext-jekyll-front-matter-0.34.30.jar;C:\Users\alwi\.m2\repository\com\vladsch\flexmark\flexmark-ext-jekyll-tag\0.34.30\flexmark-ext-jekyll-tag-0.34.30.jar;C:\Users\alwi\.m2\repository\com\vladsch\flexmark\flexmark-ext-media-tags\0.34.30\flexmark-ext-media-tags-0.34.30.jar;C:\Users\alwi\.m2\repository\com\vladsch\flexmark\flexmark-test-util\0.34.30\flexmark-test-util-0.34.30.jar;C:\Users\alwi\.m2\repository\com\vladsch\flexmark\flexmark-ext-ins\0.34.30\flexmark-ext-ins-0.34.30.jar;C:\Users\alwi\.m2\repository\com\vladsch\flexmark\flexmark-ext-xwiki-macros\0.34.30\flexmark-ext-xwiki-macros-0.34.30.jar;C:\Users\alwi\.m2\repository\com\vladsch\flexmark\flexmark-ext-superscript\0.34.30\flexmark-ext-superscript-0.34.30.jar;C:\Users\alwi\.m2\repository\com\vladsch\flexmark\flexmark-ext-tables\0.34.30\flexmark-ext-tables-0.34.30.jar;C:\Users\alwi\.m2\repository\com\vladsch\flexmark\flexmark-ext-toc\0.34.30\flexmark-ext-toc-0.34.30.jar;C:\Users\alwi\.m2\repository\com\vladsch\flexmark\flexmark-ext-typographic\0.34.30\flexmark-ext-typographic-0.34.30.jar;C:\Users\alwi\.m2\repository\com\vladsch\flexmark\flexmark-ext-wikilink\0.34.30\flexmark-ext-wikilink-0.34.30.jar;C:\Users\alwi\.m2\repository\com\vladsch\flexmark\flexmark-ext-yaml-front-matter\0.34.30\flexmark-ext-yaml-front-matter-0.34.30.jar;C:\Users\alwi\.m2\repository\com\vladsch\flexmark\flexmark-ext-youtube-embedded\0.34.30\flexmark-ext-youtube-embedded-0.34.30.jar;C:\Users\alwi\.m2\repository\com\vladsch\flexmark\flexmark-formatter\0.34.30\flexmark-formatter-0.34.30.jar;C:\Users\alwi\.m2\repository\com\vladsch\flexmark\flexmark-html-parser\0.34.30\flexmark-html-parser-0.34.30.jar;C:\Users\alwi\.m2\repository\com\vladsch\flexmark\flexmark-jira-converter\0.34.30\flexmark-jira-converter-0.34.30.jar;C:\Users\alwi\.m2\repository\com\vladsch\flexmark\flexmark-pdf-converter\0.34.30\flexmark-pdf-converter-0.34.30.jar;C:\Users\alwi\.m2\repository\com\openhtmltopdf\openhtmltopdf-core\0.0.1-RC13\openhtmltopdf-core-0.0.1-RC13.jar;C:\Users\alwi\.m2\repository\com\openhtmltopdf\openhtmltopdf-pdfbox\0.0.1-RC13\openhtmltopdf-pdfbox-0.0.1-RC13.jar;C:\Users\alwi\.m2\repository\org\apache\pdfbox\pdfbox\2.0.8\pdfbox-2.0.8.jar;C:\Users\alwi\.m2\repository\org\apache\pdfbox\fontbox\2.0.8\fontbox-2.0.8.jar;C:\Users\alwi\.m2\repository\commons-logging\commons-logging\1.2\commons-logging-1.2.jar;C:\Users\alwi\.m2\repository\org\apache\pdfbox\xmpbox\2.0.8\xmpbox-2.0.8.jar;C:\Users\alwi\.m2\repository\de\rototor\pdfbox\graphics2d\0.12\graphics2d-0.12.jar;C:\Users\alwi\.m2\repository\com\openhtmltopdf\openhtmltopdf-rtl-support\0.0.1-RC13\openhtmltopdf-rtl-support-0.0.1-RC13.jar;C:\Users\alwi\.m2\repository\com\ibm\icu\icu4j\59.1\icu4j-59.1.jar;C:\Users\alwi\.m2\repository\com\openhtmltopdf\openhtmltopdf-jsoup-dom-converter\0.0.1-RC13\openhtmltopdf-jsoup-dom-converter-0.0.1-RC13.jar;C:\Users\alwi\.m2\repository\com\vladsch\flexmark\flexmark-profile-pegdown\0.34.30\flexmark-profile-pegdown-0.34.30.jar;C:\Users\alwi\.m2\repository\com\vladsch\flexmark\flexmark-util\0.34.30\flexmark-util-0.34.30.jar;C:\Users\alwi\.m2\repository\com\vladsch\flexmark\flexmark-youtrack-converter\0.34.30\flexmark-youtrack-converter-0.34.30.jar;C:\Users\alwi\.m2\repository\es\nitaur\markdown\txtmark\0.16\txtmark-0.16.jar;C:\Users\alwi\.m2\repository\net\serenity-bdd\serenity-report-resources\3.2.1\serenity-report-resources-3.2.1.jar;C:\Users\alwi\.m2\repository\com\google\code\gson\gson\2.9.0\gson-2.9.0.jar;C:\Users\alwi\.m2\repository\com\fasterxml\jackson\core\jackson-core\2.13.2\jackson-core-2.13.2.jar;C:\Users\alwi\.m2\repository\com\fasterxml\jackson\core\jackson-databind\2.13.2\jackson-databind-2.13.2.jar;C:\Users\alwi\.m2\repository\com\fasterxml\jackson\core\jackson-annotations\2.13.2\jackson-annotations-2.13.2.jar;C:\Users\alwi\.m2\repository\commons-codec\commons-codec\1.15\commons-codec-1.15.jar;C:\Users\alwi\.m2\repository\commons-io\commons-io\2.11.0\commons-io-2.11.0.jar;C:\Users\alwi\.m2\repository\org\seleniumhq\selenium\selenium-java\4.1.2\selenium-java-4.1.2.jar;C:\Users\alwi\.m2\repository\org\seleniumhq\selenium\selenium-devtools-v85\4.1.2\selenium-devtools-v85-4.1.2.jar;C:\Users\alwi\.m2\repository\org\seleniumhq\selenium\selenium-devtools-v95\4.1.2\selenium-devtools-v95-4.1.2.jar;C:\Users\alwi\.m2\repository\org\seleniumhq\selenium\selenium-devtools-v96\4.1.2\selenium-devtools-v96-4.1.2.jar;C:\Users\alwi\.m2\repository\org\seleniumhq\selenium\selenium-devtools-v97\4.1.2\selenium-devtools-v97-4.1.2.jar;C:\Users\alwi\.m2\repository\org\seleniumhq\selenium\selenium-firefox-xpi-driver\4.1.2\selenium-firefox-xpi-driver-4.1.2.jar;C:\Users\alwi\.m2\repository\org\seleniumhq\selenium\selenium-opera-driver\4.1.2\selenium-opera-driver-4.1.2.jar;C:\Users\alwi\.m2\repository\org\seleniumhq\selenium\selenium-remote-driver\4.1.2\selenium-remote-driver-4.1.2.jar;C:\Users\alwi\.m2\repository\com\beust\jcommander\1.82\jcommander-1.82.jar;C:\Users\alwi\.m2\repository\io\netty\netty-buffer\4.1.73.Final\netty-buffer-4.1.73.Final.jar;C:\Users\alwi\.m2\repository\io\netty\netty-codec-http\4.1.73.Final\netty-codec-http-4.1.73.Final.jar;C:\Users\alwi\.m2\repository\io\netty\netty-codec\4.1.73.Final\netty-codec-4.1.73.Final.jar;C:\Users\alwi\.m2\repository\io\netty\netty-handler\4.1.73.Final\netty-handler-4.1.73.Final.jar;C:\Users\alwi\.m2\repository\io\netty\netty-tcnative-classes\2.0.46.Final\netty-tcnative-classes-2.0.46.Final.jar;C:\Users\alwi\.m2\repository\io\netty\netty-common\4.1.73.Final\netty-common-4.1.73.Final.jar;C:\Users\alwi\.m2\repository\io\netty\netty-transport-classes-epoll\4.1.73.Final\netty-transport-classes-epoll-4.1.73.Final.jar;C:\Users\alwi\.m2\repository\io\netty\netty-transport-classes-kqueue\4.1.73.Final\netty-transport-classes-kqueue-4.1.73.Final.jar;C:\Users\alwi\.m2\repository\io\netty\netty-transport-native-epoll\4.1.73.Final\netty-transport-native-epoll-4.1.73.Final.jar;C:\Users\alwi\.m2\repository\io\netty\netty-transport-native-kqueue\4.1.73.Final\netty-transport-native-kqueue-4.1.73.Final.jar;C:\Users\alwi\.m2\repository\io\netty\netty-transport-native-unix-common\4.1.73.Final\netty-transport-native-unix-common-4.1.73.Final.jar;C:\Users\alwi\.m2\repository\io\netty\netty-transport\4.1.73.Final\netty-transport-4.1.73.Final.jar;C:\Users\alwi\.m2\repository\io\netty\netty-resolver\4.1.73.Final\netty-resolver-4.1.73.Final.jar;C:\Users\alwi\.m2\repository\io\opentelemetry\opentelemetry-api\1.10.1\opentelemetry-api-1.10.1.jar;C:\Users\alwi\.m2\repository\io\opentelemetry\opentelemetry-context\1.10.1\opentelemetry-context-1.10.1.jar;C:\Users\alwi\.m2\repository\io\opentelemetry\opentelemetry-exporter-logging\1.10.1\opentelemetry-exporter-logging-1.10.1.jar;C:\Users\alwi\.m2\repository\io\opentelemetry\opentelemetry-sdk-metrics\1.10.1-alpha\opentelemetry-sdk-metrics-1.10.1-alpha.jar;C:\Users\alwi\.m2\repository\io\opentelemetry\opentelemetry-sdk-logs\1.10.1-alpha\opentelemetry-sdk-logs-1.10.1-alpha.jar;C:\Users\alwi\.m2\repository\io\opentelemetry\opentelemetry-sdk-common\1.10.1\opentelemetry-sdk-common-1.10.1.jar;C:\Users\alwi\.m2\repository\io\opentelemetry\opentelemetry-sdk-extension-autoconfigure-spi\1.10.1\opentelemetry-sdk-extension-autoconfigure-spi-1.10.1.jar;C:\Users\alwi\.m2\repository\io\opentelemetry\opentelemetry-sdk-extension-autoconfigure\1.10.1-alpha\opentelemetry-sdk-extension-autoconfigure-1.10.1-alpha.jar;C:\Users\alwi\.m2\repository\io\opentelemetry\opentelemetry-sdk-trace\1.10.1\opentelemetry-sdk-trace-1.10.1.jar;C:\Users\alwi\.m2\repository\io\opentelemetry\opentelemetry-sdk\1.10.1\opentelemetry-sdk-1.10.1.jar;C:\Users\alwi\.m2\repository\io\opentelemetry\opentelemetry-semconv\1.10.1-alpha\opentelemetry-semconv-1.10.1-alpha.jar;C:\Users\alwi\.m2\repository\io\ous\jtoml\2.0.0\jtoml-2.0.0.jar;C:\Users\alwi\.m2\repository\org\apache\commons\commons-exec\1.3\commons-exec-1.3.jar;C:\Users\alwi\.m2\repository\org\asynchttpclient\async-http-client\2.12.3\async-http-client-2.12.3.jar;C:\Users\alwi\.m2\repository\org\asynchttpclient\async-http-client-netty-utils\2.12.3\async-http-client-netty-utils-2.12.3.jar;C:\Users\alwi\.m2\repository\io\netty\netty-codec-socks\4.1.60.Final\netty-codec-socks-4.1.60.Final.jar;C:\Users\alwi\.m2\repository\io\netty\netty-handler-proxy\4.1.60.Final\netty-handler-proxy-4.1.60.Final.jar;C:\Users\alwi\.m2\repository\io\netty\netty-transport-native-epoll\4.1.60.Final\netty-transport-native-epoll-4.1.60.Final-linux-x86_64.jar;C:\Users\alwi\.m2\repository\io\netty\netty-transport-native-kqueue\4.1.60.Final\netty-transport-native-kqueue-4.1.60.Final-osx-x86_64.jar;C:\Users\alwi\.m2\repository\org\reactivestreams\reactive-streams\1.0.3\reactive-streams-1.0.3.jar;C:\Users\alwi\.m2\repository\com\typesafe\netty\netty-reactive-streams\2.0.4\netty-reactive-streams-2.0.4.jar;C:\Users\alwi\.m2\repository\org\seleniumhq\selenium\selenium-http\4.1.2\selenium-http-4.1.2.jar;C:\Users\alwi\.m2\repository\net\jodah\failsafe\2.4.4\failsafe-2.4.4.jar;C:\Users\alwi\.m2\repository\org\seleniumhq\selenium\selenium-safari-driver\4.1.2\selenium-safari-driver-4.1.2.jar;C:\Users\alwi\.m2\repository\org\seleniumhq\selenium\selenium-api\4.1.2\selenium-api-4.1.2.jar;C:\Users\alwi\.m2\repository\org\seleniumhq\selenium\selenium-support\4.1.2\selenium-support-4.1.2.jar;C:\Users\alwi\.m2\repository\com\google\auto\service\auto-service-annotations\1.0.1\auto-service-annotations-1.0.1.jar;C:\Users\alwi\.m2\repository\com\google\auto\service\auto-service\1.0.1\auto-service-1.0.1.jar;C:\Users\alwi\.m2\repository\com\google\auto\auto-common\1.2\auto-common-1.2.jar;C:\Users\alwi\.m2\repository\org\seleniumhq\selenium\selenium-json\4.1.2\selenium-json-4.1.2.jar;C:\Users\alwi\.m2\repository\org\seleniumhq\selenium\selenium-chrome-driver\4.1.2\selenium-chrome-driver-4.1.2.jar;C:\Users\alwi\.m2\repository\org\seleniumhq\selenium\selenium-chromium-driver\4.1.2\selenium-chromium-driver-4.1.2.jar;C:\Users\alwi\.m2\repository\org\seleniumhq\selenium\selenium-firefox-driver\4.1.2\selenium-firefox-driver-4.1.2.jar;C:\Users\alwi\.m2\repository\org\seleniumhq\selenium\selenium-edge-driver\4.1.2\selenium-edge-driver-4.1.2.jar;C:\Users\alwi\.m2\repository\org\seleniumhq\selenium\selenium-ie-driver\4.1.2\selenium-ie-driver-4.1.2.jar;C:\Users\alwi\.m2\repository\org\projectlombok\lombok\1.18.20\lombok-1.18.20.jar;C:\Users\alwi\.m2\repository\io\appium\java-client\8.0.0\java-client-8.0.0.jar;C:\Users\alwi\.m2\repository\commons-validator\commons-validator\1.7\commons-validator-1.7.jar;C:\Users\alwi\.m2\repository\commons-digester\commons-digester\2.1\commons-digester-2.1.jar;C:\Users\alwi\.m2\repository\org\aspectj\aspectjweaver\1.9.8\aspectjweaver-1.9.8.jar;C:\Users\alwi\.m2\repository\org\codehaus\groovy\groovy\3.0.10\groovy-3.0.10.jar;C:\Users\alwi\.m2\repository\net\sf\opencsv\opencsv\2.0\opencsv-2.0.jar;C:\Users\alwi\.m2\repository\commons-beanutils\commons-beanutils\1.9.4\commons-beanutils-1.9.4.jar;C:\Users\alwi\.m2\repository\org\apache\commons\commons-lang3\3.12.0\commons-lang3-3.12.0.jar;C:\Users\alwi\.m2\repository\commons-collections\commons-collections\3.2.2\commons-collections-3.2.2.jar;C:\Users\alwi\.m2\repository\org\fluentlenium\fluentlenium-core\0.10.2\fluentlenium-core-0.10.2.jar;C:\Users\alwi\.m2\repository\io\github\bonigarcia\webdrivermanager\5.1.0\webdrivermanager-5.1.0.jar;C:\Users\alwi\.m2\repository\com\github\docker-java\docker-java\3.2.13\docker-java-3.2.13.jar;C:\Users\alwi\.m2\repository\com\github\docker-java\docker-java-core\3.2.13\docker-java-core-3.2.13.jar;C:\Users\alwi\.m2\repository\com\github\docker-java\docker-java-api\3.2.13\docker-java-api-3.2.13.jar;C:\Users\alwi\.m2\repository\org\apache\commons\commons-compress\1.21\commons-compress-1.21.jar;C:\Users\alwi\.m2\repository\org\bouncycastle\bcpkix-jdk15on\1.64\bcpkix-jdk15on-1.64.jar;C:\Users\alwi\.m2\repository\org\bouncycastle\bcprov-jdk15on\1.64\bcprov-jdk15on-1.64.jar;C:\Users\alwi\.m2\repository\org\slf4j\jcl-over-slf4j\1.7.30\jcl-over-slf4j-1.7.30.jar;C:\Users\alwi\.m2\repository\com\github\docker-java\docker-java-transport-httpclient5\3.2.13\docker-java-transport-httpclient5-3.2.13.jar;C:\Users\alwi\.m2\repository\com\github\docker-java\docker-java-transport\3.2.13\docker-java-transport-3.2.13.jar;C:\Users\alwi\.m2\repository\org\apache\httpcomponents\client5\httpclient5\5.0.3\httpclient5-5.0.3.jar;C:\Users\alwi\.m2\repository\org\apache\httpcomponents\core5\httpcore5\5.0.2\httpcore5-5.0.2.jar;C:\Users\alwi\.m2\repository\net\java\dev\jna\jna\5.8.0\jna-5.8.0.jar;C:\Users\alwi\.m2\repository\org\brotli\dec\0.1.2\dec-0.1.2.jar;C:\Users\alwi\.m2\repository\com\jhlabs\filters\2.0.235\filters-2.0.235.jar;C:\Users\alwi\.m2\repository\com\paulhammant\ngwebdriver\1.1.6\ngwebdriver-1.1.6.jar;C:\Users\alwi\.m2\repository\joda-time\joda-time\2.8.2\joda-time-2.8.2.jar;C:\Users\alwi\.m2\repository\org\hamcrest\hamcrest\2.2\hamcrest-2.2.jar;C:\Users\alwi\.m2\repository\com\google\jimfs\jimfs\1.2\jimfs-1.2.jar;C:\Users\alwi\.m2\repository\org\mockito\mockito-core\3.3.3\mockito-core-3.3.3.jar;C:\Users\alwi\.m2\repository\javax\xml\bind\jaxb-api\2.3.1\jaxb-api-2.3.1.jar;C:\Users\alwi\.m2\repository\javax\activation\javax.activation-api\1.2.0\javax.activation-api-1.2.0.jar;C:\Users\alwi\.m2\repository\com\sun\xml\bind\jaxb-core\2.3.0.1\jaxb-core-2.3.0.1.jar;C:\Users\alwi\.m2\repository\com\sun\xml\bind\jaxb-impl\2.3.3\jaxb-impl-2.3.3.jar;C:\Users\alwi\.m2\repository\jakarta\xml\bind\jakarta.xml.bind-api\2.3.3\jakarta.xml.bind-api-2.3.3.jar;C:\Users\alwi\.m2\repository\com\sun\activation\jakarta.activation\1.2.2\jakarta.activation-1.2.2.jar;C:\Users\alwi\.m2\repository\javax\activation\activation\1.1.1\activation-1.1.1.jar;C:\Users\alwi\.m2\repository\net\serenity-bdd\serenity-cucumber\3.2.1\serenity-cucumber-3.2.1.jar;C:\Users\alwi\.m2\repository\io\cucumber\cucumber-core\7.2.3\cucumber-core-7.2.3.jar;C:\Users\alwi\.m2\repository\io\cucumber\cucumber-gherkin\7.2.3\cucumber-gherkin-7.2.3.jar;C:\Users\alwi\.m2\repository\io\cucumber\cucumber-gherkin-messages\7.2.3\cucumber-gherkin-messages-7.2.3.jar;C:\Users\alwi\.m2\repository\io\cucumber\messages\17.1.1\messages-17.1.1.jar;C:\Users\alwi\.m2\repository\io\cucumber\tag-expressions\4.1.0\tag-expressions-4.1.0.jar;C:\Users\alwi\.m2\repository\io\cucumber\cucumber-expressions\15.0.1\cucumber-expressions-15.0.1.jar;C:\Users\alwi\.m2\repository\io\cucumber\datatable\7.2.3\datatable-7.2.3.jar;C:\Users\alwi\.m2\repository\io\cucumber\cucumber-plugin\7.2.3\cucumber-plugin-7.2.3.jar;C:\Users\alwi\.m2\repository\io\cucumber\docstring\7.2.3\docstring-7.2.3.jar;C:\Users\alwi\.m2\repository\io\cucumber\html-formatter\17.0.0\html-formatter-17.0.0.jar;C:\Users\alwi\.m2\repository\io\cucumber\ci-environment\8.1.0\ci-environment-8.1.0.jar;C:\Users\alwi\.m2\repository\io\cucumber\cucumber-junit\7.2.3\cucumber-junit-7.2.3.jar;C:\Users\alwi\.m2\repository\org\apache\commons\commons-csv\1.5\commons-csv-1.5.jar;C:\Users\alwi\.m2\repository\net\serenity-bdd\serenity-screenplay\3.2.1\serenity-screenplay-3.2.1.jar;C:\Users\alwi\.m2\repository\net\serenity-bdd\serenity-screenplay-webdriver\3.2.1\serenity-screenplay-webdriver-3.2.1.jar;C:\Users\alwi\.m2\repository\net\serenity-bdd\serenity-ensure\3.2.1\serenity-ensure-3.2.1.jar;C:\Users\alwi\.m2\repository\net\serenity-bdd\serenity-junit\3.2.1\serenity-junit-3.2.1.jar;C:\Users\alwi\.m2\repository\org\jetbrains\kotlin\kotlin-stdlib\1.6.0\kotlin-stdlib-1.6.0.jar;C:\Users\alwi\.m2\repository\org\jetbrains\annotations\13.0\annotations-13.0.jar;C:\Users\alwi\.m2\repository\org\jetbrains\kotlin\kotlin-stdlib-common\1.6.0\kotlin-stdlib-common-1.6.0.jar;C:\Users\alwi\.m2\repository\org\junit\platform\junit-platform-launcher\1.8.1\junit-platform-launcher-1.8.1.jar;C:\Users\alwi\.m2\repository\org\junit\platform\junit-platform-engine\1.8.1\junit-platform-engine-1.8.1.jar;C:\Users\alwi\.m2\repository\org\opentest4j\opentest4j\1.2.0\opentest4j-1.2.0.jar;C:\Users\alwi\.m2\repository\org\junit\platform\junit-platform-commons\1.8.1\junit-platform-commons-1.8.1.jar;C:\Users\alwi\.m2\repository\org\apiguardian\apiguardian-api\1.1.2\apiguardian-api-1.1.2.jar;C:\Users\alwi\.m2\repository\org\junit\jupiter\junit-jupiter-engine\5.8.2\junit-jupiter-engine-5.8.2.jar;C:\Users\alwi\.m2\repository\org\junit\jupiter\junit-jupiter-api\5.8.2\junit-jupiter-api-5.8.2.jar;C:\Users\alwi\.m2\repository\org\junit\vintage\junit-vintage-engine\5.8.2\junit-vintage-engine-5.8.2.jar;C:\Users\alwi\.m2\repository\junit\junit\4.13.2\junit-4.13.2.jar;C:\Users\alwi\.m2\repository\org\hamcrest\hamcrest-core\1.3\hamcrest-core-1.3.jar;C:\Users\alwi\.m2\repository\ch\qos\logback\logback-classic\1.2.10\logback-classic-1.2.10.jar;C:\Users\alwi\.m2\repository\ch\qos\logback\logback-core\1.2.10\logback-core-1.2.10.jar;C:\Users\alwi\.m2\repository\org\slf4j\slf4j-api\1.7.32\slf4j-api-1.7.32.jar;C:\Users\alwi\.m2\repository\org\assertj\assertj-core\3.6.2\assertj-core-3.6.2.jar;C:\Users\alwi\.m2\repository\org\apache\maven\surefire\surefire-junit-platform\3.0.0-M5\surefire-junit-platform-3.0.0-M5.jar;C:\Users\alwi\.m2\repository\org\apache\maven\surefire\common-java5\3.0.0-M5\common-java5-3.0.0-M5.jar"/>
    <property name="user.script" value=""/>
    <property name="java.protocol.handler.pkgs" value="com.google.common"/>
    <property name="sun.management.compiler" value="HotSpot 64-Bit Tiered Compilers"/>
    <property name="java.runtime.version" value="13.0.2+8"/>
    <property name="user.name" value="alwi"/>
    <property name="path.separator" value=";"/>
    <property name="os.version" value="10.0"/>
    <property name="java.runtime.name" value="Java(TM) SE Runtime Environment"/>
    <property name="file.encoding" value="Cp1252"/>
    <property name="webdriver.base.url" value=""/>
    <property name="java.vm.name" value="Java HotSpot(TM) 64-Bit Server VM"/>
    <property name="localRepository" value="C:\Users\alwi\.m2\repository"/>
    <property name="java.vendor.url.bug" value="https://bugreport.java.com/bugreport/"/>
    <property name="java.io.tmpdir" value="C:\Users\alwi\AppData\Local\Temp\"/>
    <property name="java.version" value="13.0.2"/>
    <property name="user.dir" value="C:\Users\alwi\IdeaProjects\uniqloweb"/>
    <property name="os.arch" value="amd64"/>
    <property name="webdriver.gecko.driver" value="C:\Users\alwi\.cache\selenium\geckodriver\win64\0.32.2\geckodriver.exe"/>
    <property name="java.vm.specification.name" value="Java Virtual Machine Specification"/>
    <property name="user.language.format" value="id"/>
    <property name="sun.os.patch.level" value=""/>
    <property name="java.library.path" value="C:\Program Files\Java\jdk-13.0.2\bin;C:\WINDOWS\Sun\Java\bin;C:\WINDOWS\system32;C:\WINDOWS;C:\Program Files (x86)\Common Files\Oracle\Java\javapath;C:\WINDOWS\system32;C:\WINDOWS;C:\WINDOWS\System32\Wbem;C:\WINDOWS\System32\WindowsPowerShell\v1.0\;C:\Program Files\Java\jdk-13.0.2\bin\;C:\Program Files\Go\bin;C:\WINDOWS\System32\OpenSSH\;C:\Program Files\Git\cmd;C:\Program Files\nodejs\;C:\Users\alwi\AppData\Local\Android\Sdk\platform-tools;C:\Users\alwi\AppData\Local\Android\Sdk\tools;C:\Users\alwi\AppData\Local\Microsoft\WindowsApps;C:\Users\alwi\AppData\Local\Programs\Microsoft VS Code\bin;C:\Users\alwi\go\bin;C:\Users\alwi\AppData\Local\GitHubDesktop\bin;C:\Program Files (x86)\apache-maven-3.8.6\bin;C:\Users\alwi\AppData\Roaming\npm;C:\adb;C:\Users\alwi\AppData\Local\Microsoft\WindowsApps;C:\Users\alwi\AppData\Local\Programs\Microsoft VS Code\bin;C:\Users\alwi\go\bin;C:\Program Files (x86)\apache-maven-3.8.6\bin;C:\Users\alwi\AppData\Roaming\npm;."/>
    <property name="java.vm.info" value="mixed mode"/>
    <property name="java.vendor" value="Oracle Corporation"/>
    <property name="java.vm.version" value="13.0.2+8"/>
    <property name="sun.io.unicode.encoding" value="UnicodeLittle"/>
    <property name="java.class.version" value="57.0"/>
  </properties>
  <testcase name="Login user" classname="Authorized" time="18.598">
    <system-out><![CDATA[10:07:51.656 [main] INFO io.cucumber.core.plugin.SerenityReporter - Running feature from file:///C:/Users/alwi/IdeaProjects/uniqloweb/src/test/resources/features/Auth.feature
10:07:51.815 [main] INFO  - 

-------------------------------------------------------------------------------------
     _______. _______ .______       _______ .__   __.  __  .___________.____    ____ 
    /       ||   ____||   _  \     |   ____||  \ |  | |  | |           |\   \  /   / 
   |   (----`|  |__   |  |_)  |    |  |__   |   \|  | |  | `---|  |----` \   \/   /  
    \   \    |   __|  |      /     |   __|  |  . `  | |  |     |  |       \_    _/   
.----)   |   |  |____ |  |\  \----.|  |____ |  |\   | |  |     |  |         |  |     
|_______/    |_______|| _| `._____||_______||__| \__| |__|     |__|         |__|    
                                                                                     
 News and tutorials at http://www.serenity-bdd.info                                  
 Documentation at https://wakaleo.gitbooks.io/the-serenity-book/content/             
 Join the Serenity Community on Gitter: https://gitter.im/serenity-bdd/serenity-core 
 Serenity BDD Support and Training at http://serenity-bdd.info/#/trainingandsupport  
-------------------------------------------------------------------------------------

10:07:51.823 [main] DEBUG net.thucydides.core.steps.StepEventBus - Test suite started for story net.thucydides.core.model.Story@88df5295
10:07:51.828 [main] INFO  - Test Suite Started: Authorized
10:07:51.841 [main] INFO io.cucumber.core.plugin.SerenityReporter - Running feature from file:///C:/Users/alwi/IdeaProjects/uniqloweb/src/test/resources/features/Baby.feature
10:07:51.857 [main] DEBUG net.thucydides.core.steps.StepEventBus - Test suite started for story net.thucydides.core.model.Story@749543e8
10:07:51.857 [main] INFO  - Test Suite Started: Baby
10:07:51.858 [main] INFO io.cucumber.core.plugin.SerenityReporter - Running feature from file:///C:/Users/alwi/IdeaProjects/uniqloweb/src/test/resources/features/Auth.feature
10:07:51.861 [main] DEBUG net.thucydides.core.steps.StepEventBus - Test suite started for story net.thucydides.core.model.Story@88df5295
10:07:51.861 [main] INFO  - Test Suite Started: Authorized

@login
Scenario: Login user                 &amp#27;[90m# src/test/resources/features/Auth.feature:7&amp#27;[0m
10:07:51.950 [main] INFO io.cucumber.core.plugin.SerenityReporter - Running feature from file:///C:/Users/alwi/IdeaProjects/uniqloweb/src/test/resources/features/Auth.feature
10:07:52.041 [main] INFO  - 
  _____   ___   ___   _____     ___   _____     _     ___   _____   ___   ___  
 |_   _| | __| / __| |_   _|   / __| |_   _|   /_\   | _ \ |_   _| | __| |   \ 
   | |   | _|  \__ \   | |     \__ \   | |    / _ \  |   /   | |   | _|  | |) |
   |_|   |___| |___/   |_|     |___/   |_|   /_/ \_\ |_|_\   |_|   |___| |___/ 

Login user(authorized;login-user)
--------------------------------------------------------------------------------
10:07:52.886 [main] INFO net.serenitybdd.core.webdriver.driverproviders.FirefoxDriverProvider - Using automatically driver download
10:07:53.562 [main] DEBUG io.github.bonigarcia.wdm.cache.ResolutionCache - Resolution firefox=111 in cache (valid until 10:32:56 10/04/2023 WIB)
10:07:53.568 [main] DEBUG io.github.bonigarcia.wdm.cache.ResolutionCache - Resolution firefox111=0.32.2 in cache (valid until 19:30:50 10/04/2023 WIB)
10:07:53.571 [main] INFO io.github.bonigarcia.wdm.WebDriverManager - Using geckodriver 0.32.2 (resolved driver for Firefox 111)
10:07:53.596 [main] DEBUG io.github.bonigarcia.wdm.WebDriverManager - Driver geckodriver 0.32.2 found in cache
10:07:53.597 [main] INFO io.github.bonigarcia.wdm.WebDriverManager - Exporting webdriver.gecko.driver as C:\Users\alwi\.cache\selenium\geckodriver\win64\0.32.2\geckodriver.exe
10:07:54.258 [main] DEBUG net.thucydides.core.reflection.ClassFinder - Could not load class .CucumberTestSuite
10:07:54.258 [main] DEBUG net.thucydides.core.reflection.ClassFinder - Could not load class .starter.pages.auth.LoginPage
10:07:54.258 [main] DEBUG net.thucydides.core.reflection.ClassFinder - Could not load class .starter.pages.menu.BabyPage
10:07:54.258 [main] DEBUG net.thucydides.core.reflection.ClassFinder - Could not load class .starter.pages.wishlist.WishListProductPage
10:07:54.258 [main] DEBUG net.thucydides.core.reflection.ClassFinder - Could not load class .starter.stepdefinitions.AuthStep
10:07:54.259 [main] DEBUG net.thucydides.core.reflection.ClassFinder - Could not load class .starter.stepdefinitions.BabyStep
10:07:54.259 [main] DEBUG net.thucydides.core.reflection.ClassFinder - Could not load class .starter.stepdefinitions.WishlistProductStep
10:07:54.259 [main] DEBUG net.thucydides.core.reflection.ClassFinder - Could not load class META-INF.versions.9.com.sun.istack.logging.StackHelper
10:07:54.260 [main] DEBUG net.thucydides.core.reflection.ClassFinder - Could not load class META-INF.versions.9.com.sun.xml.bind.v2.runtime.reflect.opt.AccessorInjector
10:07:54.260 [main] DEBUG net.thucydides.core.reflection.ClassFinder - Could not load class META-INF.versions.9.com.sun.xml.bind.v2.runtime.reflect.opt.Injector
10:07:54.260 [main] DEBUG net.thucydides.core.reflection.ClassFinder - Could not load class META-INF.versions.9.com.sun.xml.bind.v2.runtime.reflect.opt.OptimizedAccessorFactory
10:07:54.261 [main] DEBUG net.thucydides.core.reflection.ClassFinder - Could not load class META-INF.versions.9.com.sun.xml.bind.v2.runtime.reflect.opt.OptimizedTransducedAccessorFactory
10:07:54.261 [main] DEBUG net.thucydides.core.reflection.ClassFinder - Could not load class META-INF.versions.9.io.opentelemetry.sdk.internal.CurrentJavaVersionSpecific
10:07:54.261 [main] DEBUG net.thucydides.core.reflection.ClassFinder - Could not load class META-INF.versions.9.io.opentelemetry.sdk.internal.Java9VersionSpecific
10:07:54.269 [main] DEBUG net.thucydides.core.reflection.ClassFinder - Could not load class META-INF.versions.9.javax.xml.bind.ModuleUtil
10:07:54.270 [main] DEBUG net.thucydides.core.reflection.ClassFinder - Could not load class META-INF.versions.9.module-info
10:07:54.270 [main] DEBUG net.thucydides.core.reflection.ClassFinder - Could not load class META-INF.versions.9.org.junit.platform.commons.util.ModuleUtils
10:07:54.570 [main] DEBUG net.thucydides.core.reflection.ClassFinder - Could not load class com.google.gson.internal.
10:07:54.731 [main] DEBUG net.thucydides.core.reflection.ClassFinder - Could not load class com.sun.xml.bind.v2.runtime.output.FastInfosetStreamWriterOutput
10:07:55.122 [main] DEBUG net.thucydides.core.reflection.ClassFinder - Could not load class module-info
10:07:57.676 [main] DEBUG io.netty.util.internal.logging.InternalLoggerFactory - Using SLF4J as the default logging framework
10:07:57.679 [main] DEBUG io.netty.util.ResourceLeakDetector - -Dio.netty.leakDetection.level: simple
10:07:57.679 [main] DEBUG io.netty.util.ResourceLeakDetector - -Dio.netty.leakDetection.targetRecords: 4
10:07:57.682 [main] DEBUG io.netty.util.ResourceLeakDetectorFactory - Loaded default ResourceLeakDetector: io.netty.util.ResourceLeakDetector@79bc29aa
10:07:57.698 [main] DEBUG io.netty.util.internal.PlatformDependent0 - -Dio.netty.noUnsafe: false
10:07:57.698 [main] DEBUG io.netty.util.internal.PlatformDependent0 - Java version: 13
10:07:57.699 [main] DEBUG io.netty.util.internal.PlatformDependent0 - sun.misc.Unsafe.theUnsafe: available
10:07:57.699 [main] DEBUG io.netty.util.internal.PlatformDependent0 - sun.misc.Unsafe.copyMemory: available
10:07:57.699 [main] DEBUG io.netty.util.internal.PlatformDependent0 - java.nio.Buffer.address: available
10:07:57.700 [main] DEBUG io.netty.util.internal.PlatformDependent0 - direct buffer constructor: unavailable: Reflective setAccessible(true) disabled
10:07:57.700 [main] DEBUG io.netty.util.internal.PlatformDependent0 - java.nio.Bits.unaligned: available, true
10:07:57.701 [main] DEBUG io.netty.util.internal.PlatformDependent0 - jdk.internal.misc.Unsafe.allocateUninitializedArray(int): unavailable: class io.netty.util.internal.PlatformDependent0$6 cannot access class jdk.internal.misc.Unsafe (in module java.base) because module java.base does not export jdk.internal.misc to unnamed module @43c67247
10:07:57.702 [main] DEBUG io.netty.util.internal.PlatformDependent0 - java.nio.DirectByteBuffer.<init>(long, int): unavailable
10:07:57.702 [main] DEBUG io.netty.util.internal.PlatformDependent - sun.misc.Unsafe: available
10:07:57.704 [main] DEBUG io.netty.util.internal.PlatformDependent - maxDirectMemory: 4288675840 bytes (maybe)
10:07:57.704 [main] DEBUG io.netty.util.internal.PlatformDependent - -Dio.netty.tmpdir: C:\Users\alwi\AppData\Local\Temp (java.io.tmpdir)
10:07:57.704 [main] DEBUG io.netty.util.internal.PlatformDependent - -Dio.netty.bitMode: 64 (sun.arch.data.model)
10:07:57.704 [main] DEBUG io.netty.util.internal.PlatformDependent - Platform: Windows
10:07:57.705 [main] DEBUG io.netty.util.internal.PlatformDependent - -Dio.netty.maxDirectMemory: -1 bytes
10:07:57.705 [main] DEBUG io.netty.util.internal.PlatformDependent - -Dio.netty.uninitializedArrayAllocationThreshold: -1
10:07:57.706 [main] DEBUG io.netty.util.internal.CleanerJava9 - java.nio.ByteBuffer.cleaner(): available
10:07:57.706 [main] DEBUG io.netty.util.internal.PlatformDependent - -Dio.netty.noPreferDirect: false
10:07:57.713 [main] DEBUG io.netty.util.internal.PlatformDependent - org.jctools-core.MpscChunkedArrayQueue: available
10:07:57.732 [main] DEBUG io.netty.util.internal.InternalThreadLocalMap - -Dio.netty.threadLocalMap.stringBuilder.initialSize: 1024
10:07:57.732 [main] DEBUG io.netty.util.internal.InternalThreadLocalMap - -Dio.netty.threadLocalMap.stringBuilder.maxSize: 4096
10:07:57.765 [main] DEBUG io.netty.handler.ssl.JdkSslContext - Default protocols (JDK): [TLSv1.3, TLSv1.2, TLSv1.1, TLSv1] 
10:07:57.765 [main] DEBUG io.netty.handler.ssl.JdkSslContext - Default cipher suites (JDK): [TLS_ECDHE_ECDSA_WITH_AES_256_GCM_SHA384, TLS_ECDHE_ECDSA_WITH_AES_128_GCM_SHA256, TLS_ECDHE_RSA_WITH_AES_128_GCM_SHA256, TLS_ECDHE_RSA_WITH_AES_256_GCM_SHA384, TLS_ECDHE_RSA_WITH_AES_128_CBC_SHA, TLS_ECDHE_RSA_WITH_AES_256_CBC_SHA, TLS_RSA_WITH_AES_128_GCM_SHA256, TLS_RSA_WITH_AES_128_CBC_SHA, TLS_RSA_WITH_AES_256_CBC_SHA, TLS_AES_128_GCM_SHA256, TLS_AES_256_GCM_SHA384]
10:07:57.789 [main] DEBUG io.netty.channel.MultithreadEventLoopGroup - -Dio.netty.eventLoopThreads: 16
10:07:57.797 [main] DEBUG io.netty.channel.nio.NioEventLoop - -Dio.netty.noKeySetOptimization: false
10:07:57.798 [main] DEBUG io.netty.channel.nio.NioEventLoop - -Dio.netty.selectorAutoRebuildThreshold: 512
10:07:58.136 [main] DEBUG io.netty.buffer.PooledByteBufAllocator - -Dio.netty.allocator.numHeapArenas: 16
10:07:58.136 [main] DEBUG io.netty.buffer.PooledByteBufAllocator - -Dio.netty.allocator.numDirectArenas: 16
10:07:58.136 [main] DEBUG io.netty.buffer.PooledByteBufAllocator - -Dio.netty.allocator.pageSize: 8192
10:07:58.136 [main] DEBUG io.netty.buffer.PooledByteBufAllocator - -Dio.netty.allocator.maxOrder: 11
10:07:58.136 [main] DEBUG io.netty.buffer.PooledByteBufAllocator - -Dio.netty.allocator.chunkSize: 16777216
10:07:58.136 [main] DEBUG io.netty.buffer.PooledByteBufAllocator - -Dio.netty.allocator.smallCacheSize: 256
10:07:58.136 [main] DEBUG io.netty.buffer.PooledByteBufAllocator - -Dio.netty.allocator.normalCacheSize: 64
10:07:58.136 [main] DEBUG io.netty.buffer.PooledByteBufAllocator - -Dio.netty.allocator.maxCachedBufferCapacity: 32768
10:07:58.136 [main] DEBUG io.netty.buffer.PooledByteBufAllocator - -Dio.netty.allocator.cacheTrimInterval: 8192
10:07:58.136 [main] DEBUG io.netty.buffer.PooledByteBufAllocator - -Dio.netty.allocator.cacheTrimIntervalMillis: 0
10:07:58.136 [main] DEBUG io.netty.buffer.PooledByteBufAllocator - -Dio.netty.allocator.useCacheForAllThreads: true
10:07:58.136 [main] DEBUG io.netty.buffer.PooledByteBufAllocator - -Dio.netty.allocator.maxCachedByteBuffersPerChunk: 1023
10:07:58.146 [main] DEBUG io.netty.buffer.ByteBufUtil - -Dio.netty.allocator.type: pooled
10:07:58.146 [main] DEBUG io.netty.buffer.ByteBufUtil - -Dio.netty.threadLocalDirectBufferSize: 0
10:07:58.146 [main] DEBUG io.netty.buffer.ByteBufUtil - -Dio.netty.maxThreadLocalCharBufferSize: 16384
10:07:58.221 [main] DEBUG net.serenitybdd.core.webdriver.driverproviders.ProvideNewDriver - Instantiating driver
10:07:58.221 [main] DEBUG net.serenitybdd.core.webdriver.driverproviders.ProvideNewDriver - Driver capabilities: Capabilities {acceptInsecureCerts: true, browserName: firefox, moz:debuggerAddress: true, moz:firefoxOptions: {args: [], profile: UEsDBBQACAgIAPpQilYAAAAAAAA...}}
10:07:58.902 [Forwarding newSession on session null to remote] DEBUG io.netty.channel.DefaultChannelId - -Dio.netty.processId: 3484 (auto-detected)
10:07:58.904 [Forwarding newSession on session null to remote] DEBUG io.netty.util.NetUtil - -Djava.net.preferIPv4Stack: false
10:07:58.904 [Forwarding newSession on session null to remote] DEBUG io.netty.util.NetUtil - -Djava.net.preferIPv6Addresses: false
10:07:59.204 [Forwarding newSession on session null to remote] DEBUG io.netty.util.NetUtilInitializations - Loopback interface: lo (Software Loopback Interface 1, 127.0.0.1)
10:07:59.205 [Forwarding newSession on session null to remote] DEBUG io.netty.util.NetUtil - Failed to get SOMAXCONN from sysctl and file \proc\sys\net\core\somaxconn. Default: 200
10:07:59.519 [Forwarding newSession on session null to remote] DEBUG io.netty.channel.DefaultChannelId - -Dio.netty.machineId: 50:3e:aa:ff:fe:ef:df:ab (auto-detected)
10:07:59.564 [AsyncHttpClient-1-2] DEBUG io.netty.buffer.AbstractByteBuf - -Dio.netty.buffer.checkAccessible: true
10:07:59.565 [AsyncHttpClient-1-2] DEBUG io.netty.buffer.AbstractByteBuf - -Dio.netty.buffer.checkBounds: true
10:07:59.565 [AsyncHttpClient-1-2] DEBUG io.netty.util.ResourceLeakDetectorFactory - Loaded default ResourceLeakDetector: io.netty.util.ResourceLeakDetector@65c385b5
10:07:59.578 [AsyncHttpClient-1-2] DEBUG org.asynchttpclient.netty.channel.NettyConnectListener - Using new Channel '[id: 0x670ca60a, L:/127.0.0.1:53737 - R:localhost/127.0.0.1:49610]' for 'POST' to '/session'
10:07:59.595 [AsyncHttpClient-1-2] DEBUG io.netty.util.Recycler - -Dio.netty.recycler.maxCapacityPerThread: 4096
10:07:59.596 [AsyncHttpClient-1-2] DEBUG io.netty.util.Recycler - -Dio.netty.recycler.ratio: 8
10:07:59.596 [AsyncHttpClient-1-2] DEBUG io.netty.util.Recycler - -Dio.netty.recycler.chunkSize: 32
10:07:59.596 [AsyncHttpClient-1-2] DEBUG io.netty.util.Recycler - -Dio.netty.recycler.blocking: false
10:08:02.160 [AsyncHttpClient-1-2] DEBUG io.netty.handler.codec.compression.Brotli - brotli4j not in the classpath; Brotli support will be unavailable.
10:08:02.161 [AsyncHttpClient-1-2] DEBUG org.asynchttpclient.netty.handler.HttpHandler - 

Request DefaultHttpRequest(decodeResult: success, version: HTTP/1.1)
POST /session HTTP/1.1
User-Agent: selenium/4.1.2 (java windows)
Content-Length: 3673
Content-Type: application/json; charset=utf-8
host: localhost:49610
accept: */*

Response DefaultHttpResponse(decodeResult: success, version: HTTP/1.1)
HTTP/1.1 200 OK
content-type: application/json; charset=utf-8
cache-control: no-cache
date: Mon, 10 Apr 2023 03:07:58 GMT
content-length: 789

10:08:02.170 [AsyncHttpClient-1-2] DEBUG org.asynchttpclient.netty.channel.ChannelManager - Adding key: http://localhost:49610 for channel [id: 0x670ca60a, L:/127.0.0.1:53737 - R:localhost/127.0.0.1:49610]
10:08:02.261 [AsyncHttpClient-1-3] DEBUG org.asynchttpclient.netty.channel.NettyConnectListener - Using new Channel '[id: 0x74c64011, L:/127.0.0.1:53753 - R:/127.0.0.1:60463]' for 'GET' to '/json/version'
10:08:02.268 [AsyncHttpClient-1-3] DEBUG org.asynchttpclient.netty.handler.HttpHandler - 

Request DefaultFullHttpRequest(decodeResult: success, version: HTTP/1.1, content: EmptyByteBufBE)
GET /json/version HTTP/1.1
User-Agent: selenium/4.1.2 (java windows)
host: 127.0.0.1:60463
accept: */*

Response DefaultHttpResponse(decodeResult: success, version: HTTP/1.1)
HTTP/1.1 200 OK
content-type: application/json
connection: close
server: httpd.js
date: Mon, 10 Apr 2023 03:08:02 GMT
content-length: 311

10:08:02.268 [AsyncHttpClient-1-3] DEBUG org.asynchttpclient.netty.channel.ChannelManager - Closing Channel [id: 0x74c64011, L:/127.0.0.1:53753 - R:/127.0.0.1:60463] 
10:08:02.269 [AsyncHttpClient-1-3] DEBUG org.asynchttpclient.netty.handler.HttpHandler - Channel Closed: [id: 0x74c64011, L:/127.0.0.1:53753 ! R:/127.0.0.1:60463] with attribute DISCARD
10:08:02.859 [main] DEBUG net.thucydides.core.reflection.ClassFinder - Could not load class .CucumberTestSuite
10:08:02.859 [main] DEBUG net.thucydides.core.reflection.ClassFinder - Could not load class .starter.pages.auth.LoginPage
10:08:02.859 [main] DEBUG net.thucydides.core.reflection.ClassFinder - Could not load class .starter.pages.menu.BabyPage
10:08:02.859 [main] DEBUG net.thucydides.core.reflection.ClassFinder - Could not load class .starter.pages.wishlist.WishListProductPage
10:08:02.860 [main] DEBUG net.thucydides.core.reflection.ClassFinder - Could not load class .starter.stepdefinitions.AuthStep
10:08:02.860 [main] DEBUG net.thucydides.core.reflection.ClassFinder - Could not load class .starter.stepdefinitions.BabyStep
10:08:02.860 [main] DEBUG net.thucydides.core.reflection.ClassFinder - Could not load class .starter.stepdefinitions.WishlistProductStep
10:08:02.860 [main] DEBUG net.thucydides.core.reflection.ClassFinder - Could not load class META-INF.versions.9.com.sun.istack.logging.StackHelper
10:08:02.860 [main] DEBUG net.thucydides.core.reflection.ClassFinder - Could not load class META-INF.versions.9.com.sun.xml.bind.v2.runtime.reflect.opt.AccessorInjector
10:08:02.861 [main] DEBUG net.thucydides.core.reflection.ClassFinder - Could not load class META-INF.versions.9.com.sun.xml.bind.v2.runtime.reflect.opt.Injector
10:08:02.861 [main] DEBUG net.thucydides.core.reflection.ClassFinder - Could not load class META-INF.versions.9.com.sun.xml.bind.v2.runtime.reflect.opt.OptimizedAccessorFactory
10:08:02.861 [main] DEBUG net.thucydides.core.reflection.ClassFinder - Could not load class META-INF.versions.9.com.sun.xml.bind.v2.runtime.reflect.opt.OptimizedTransducedAccessorFactory
10:08:02.861 [main] DEBUG net.thucydides.core.reflection.ClassFinder - Could not load class META-INF.versions.9.io.opentelemetry.sdk.internal.CurrentJavaVersionSpecific
10:08:02.862 [main] DEBUG net.thucydides.core.reflection.ClassFinder - Could not load class META-INF.versions.9.io.opentelemetry.sdk.internal.Java9VersionSpecific
10:08:02.862 [main] DEBUG net.thucydides.core.reflection.ClassFinder - Could not load class META-INF.versions.9.javax.xml.bind.ModuleUtil
10:08:02.862 [main] DEBUG net.thucydides.core.reflection.ClassFinder - Could not load class META-INF.versions.9.module-info
10:08:02.863 [main] DEBUG net.thucydides.core.reflection.ClassFinder - Could not load class META-INF.versions.9.org.junit.platform.commons.util.ModuleUtils
10:08:02.865 [main] DEBUG net.thucydides.core.reflection.ClassFinder - Could not load class com.google.gson.internal.
10:08:02.866 [main] DEBUG net.thucydides.core.reflection.ClassFinder - Could not load class com.sun.xml.bind.v2.runtime.output.FastInfosetStreamWriterOutput
10:08:02.868 [main] DEBUG net.thucydides.core.reflection.ClassFinder - Could not load class module-info
10:08:02.888 [Forwarding get on session e7da2352-4c43-4d7b-b4d0-4b1993e1e8ba to remote] DEBUG org.asynchttpclient.netty.request.NettyRequestSender - Using pooled Channel '[id: 0x670ca60a, L:/127.0.0.1:53737 - R:localhost/127.0.0.1:49610]' for 'POST' to 'http://localhost:49610/session/e7da2352-4c43-4d7b-b4d0-4b1993e1e8ba/url'
10:08:02.889 [Forwarding get on session e7da2352-4c43-4d7b-b4d0-4b1993e1e8ba to remote] DEBUG org.asynchttpclient.netty.request.NettyRequestSender - Using open Channel [id: 0x670ca60a, L:/127.0.0.1:53737 - R:localhost/127.0.0.1:49610] for POST '/session/e7da2352-4c43-4d7b-b4d0-4b1993e1e8ba/url'
10:08:05.202 [AsyncHttpClient-1-2] DEBUG org.asynchttpclient.netty.handler.HttpHandler - 

Request DefaultHttpRequest(decodeResult: success, version: HTTP/1.1)
POST /session/e7da2352-4c43-4d7b-b4d0-4b1993e1e8ba/url HTTP/1.1
User-Agent: selenium/4.1.2 (java windows)
Content-Length: 69
Content-Type: application/json; charset=utf-8
host: localhost:49610
accept: */*

Response DefaultHttpResponse(decodeResult: success, version: HTTP/1.1)
HTTP/1.1 200 OK
content-type: application/json; charset=utf-8
cache-control: no-cache
date: Mon, 10 Apr 2023 03:08:02 GMT
content-length: 14

10:08:05.203 [AsyncHttpClient-1-2] DEBUG org.asynchttpclient.netty.channel.ChannelManager - Adding key: http://localhost:49610 for channel [id: 0x670ca60a, L:/127.0.0.1:53737 - R:localhost/127.0.0.1:49610]
10:08:05.208 [Forwarding setTimeout on session e7da2352-4c43-4d7b-b4d0-4b1993e1e8ba to remote] DEBUG org.asynchttpclient.netty.request.NettyRequestSender - Using pooled Channel '[id: 0x670ca60a, L:/127.0.0.1:53737 - R:localhost/127.0.0.1:49610]' for 'POST' to 'http://localhost:49610/session/e7da2352-4c43-4d7b-b4d0-4b1993e1e8ba/timeouts'
10:08:05.208 [Forwarding setTimeout on session e7da2352-4c43-4d7b-b4d0-4b1993e1e8ba to remote] DEBUG org.asynchttpclient.netty.request.NettyRequestSender - Using open Channel [id: 0x670ca60a, L:/127.0.0.1:53737 - R:localhost/127.0.0.1:49610] for POST '/session/e7da2352-4c43-4d7b-b4d0-4b1993e1e8ba/timeouts'
10:08:05.215 [AsyncHttpClient-1-2] DEBUG org.asynchttpclient.netty.handler.HttpHandler - 

Request DefaultHttpRequest(decodeResult: success, version: HTTP/1.1)
POST /session/e7da2352-4c43-4d7b-b4d0-4b1993e1e8ba/timeouts HTTP/1.1
User-Agent: selenium/4.1.2 (java windows)
Content-Length: 22
Content-Type: application/json; charset=utf-8
host: localhost:49610
accept: */*

Response DefaultHttpResponse(decodeResult: success, version: HTTP/1.1)
HTTP/1.1 200 OK
content-type: application/json; charset=utf-8
cache-control: no-cache
date: Mon, 10 Apr 2023 03:08:05 GMT
content-length: 14

10:08:05.215 [AsyncHttpClient-1-2] DEBUG org.asynchttpclient.netty.channel.ChannelManager - Adding key: http://localhost:49610 for channel [id: 0x670ca60a, L:/127.0.0.1:53737 - R:localhost/127.0.0.1:49610]
10:08:05.223 [Forwarding getCurrentUrl on session e7da2352-4c43-4d7b-b4d0-4b1993e1e8ba to remote] DEBUG org.asynchttpclient.netty.request.NettyRequestSender - Using pooled Channel '[id: 0x670ca60a, L:/127.0.0.1:53737 - R:localhost/127.0.0.1:49610]' for 'GET' to 'http://localhost:49610/session/e7da2352-4c43-4d7b-b4d0-4b1993e1e8ba/url'
10:08:05.223 [Forwarding getCurrentUrl on session e7da2352-4c43-4d7b-b4d0-4b1993e1e8ba to remote] DEBUG org.asynchttpclient.netty.request.NettyRequestSender - Using open Channel [id: 0x670ca60a, L:/127.0.0.1:53737 - R:localhost/127.0.0.1:49610] for GET '/session/e7da2352-4c43-4d7b-b4d0-4b1993e1e8ba/url'
10:08:05.230 [AsyncHttpClient-1-2] DEBUG org.asynchttpclient.netty.handler.HttpHandler - 

Request DefaultFullHttpRequest(decodeResult: success, version: HTTP/1.1, content: EmptyByteBufBE)
GET /session/e7da2352-4c43-4d7b-b4d0-4b1993e1e8ba/url HTTP/1.1
User-Agent: selenium/4.1.2 (java windows)
Cache-Control: no-cache
Content-Type: application/json; charset=utf-8
host: localhost:49610
accept: */*

Response DefaultHttpResponse(decodeResult: success, version: HTTP/1.1)
HTTP/1.1 200 OK
content-type: application/json; charset=utf-8
cache-control: no-cache
date: Mon, 10 Apr 2023 03:08:05 GMT
content-length: 41

10:08:05.230 [AsyncHttpClient-1-2] DEBUG org.asynchttpclient.netty.channel.ChannelManager - Adding key: http://localhost:49610 for channel [id: 0x670ca60a, L:/127.0.0.1:53737 - R:localhost/127.0.0.1:49610]
  &amp#27;[32mGiven &amp#27;[0m&amp#27;[32mI am on the home page&amp#27;[0m        &amp#27;[90m# starter.stepdefinitions.BabyStep.iAmOnTheHomePage()&amp#27;[0m
10:08:05.256 [main] DEBUG net.serenitybdd.core.photography.Darkroom - Opening darkroom
10:08:05.257 [Darkroom Processing Line] DEBUG net.serenitybdd.core.photography.DarkroomProcessingLine - Darkroom processing line starting up
10:08:05.258 [Forwarding screenshot on session e7da2352-4c43-4d7b-b4d0-4b1993e1e8ba to remote] DEBUG org.asynchttpclient.netty.request.NettyRequestSender - Using pooled Channel '[id: 0x670ca60a, L:/127.0.0.1:53737 - R:localhost/127.0.0.1:49610]' for 'GET' to 'http://localhost:49610/session/e7da2352-4c43-4d7b-b4d0-4b1993e1e8ba/screenshot'
10:08:05.258 [Forwarding screenshot on session e7da2352-4c43-4d7b-b4d0-4b1993e1e8ba to remote] DEBUG org.asynchttpclient.netty.request.NettyRequestSender - Using open Channel [id: 0x670ca60a, L:/127.0.0.1:53737 - R:localhost/127.0.0.1:49610] for GET '/session/e7da2352-4c43-4d7b-b4d0-4b1993e1e8ba/screenshot'
10:08:05.911 [AsyncHttpClient-1-2] DEBUG org.asynchttpclient.netty.handler.HttpHandler - 

Request DefaultFullHttpRequest(decodeResult: success, version: HTTP/1.1, content: EmptyByteBufBE)
GET /session/e7da2352-4c43-4d7b-b4d0-4b1993e1e8ba/screenshot HTTP/1.1
User-Agent: selenium/4.1.2 (java windows)
Cache-Control: no-cache
Content-Type: application/json; charset=utf-8
host: localhost:49610
accept: */*

Response DefaultHttpResponse(decodeResult: success, version: HTTP/1.1)
HTTP/1.1 200 OK
content-type: application/json; charset=utf-8
cache-control: no-cache
date: Mon, 10 Apr 2023 03:08:05 GMT
content-length: 345020

10:08:05.936 [AsyncHttpClient-1-2] DEBUG org.asynchttpclient.netty.channel.ChannelManager - Adding key: http://localhost:49610 for channel [id: 0x670ca60a, L:/127.0.0.1:53737 - R:localhost/127.0.0.1:49610]
10:08:06.045 [main] DEBUG net.serenitybdd.core.photography.Darkroom - Send negative for processing for target\site\serenity\88d5ef5d847b9bb4da3590379f800247d20ae61bf54de9480765ac0d03b21d7f.png
10:08:06.045 [Darkroom Processing Line] DEBUG net.serenitybdd.core.photography.DarkroomProcessingLine - Processing screenshot image in /var/screenshots/screenshot-11366367585649799713
10:08:06.045 [Darkroom Processing Line] DEBUG net.serenitybdd.core.photography.DarkroomProcessingLine - Saving screenshot to target\site\serenity\88d5ef5d847b9bb4da3590379f800247d20ae61bf54de9480765ac0d03b21d7f.png
10:08:06.121 [Forwarding findElement on session e7da2352-4c43-4d7b-b4d0-4b1993e1e8ba to remote] DEBUG org.asynchttpclient.netty.request.NettyRequestSender - Using pooled Channel '[id: 0x670ca60a, L:/127.0.0.1:53737 - R:localhost/127.0.0.1:49610]' for 'POST' to 'http://localhost:49610/session/e7da2352-4c43-4d7b-b4d0-4b1993e1e8ba/element'
10:08:06.121 [Forwarding findElement on session e7da2352-4c43-4d7b-b4d0-4b1993e1e8ba to remote] DEBUG org.asynchttpclient.netty.request.NettyRequestSender - Using open Channel [id: 0x670ca60a, L:/127.0.0.1:53737 - R:localhost/127.0.0.1:49610] for POST '/session/e7da2352-4c43-4d7b-b4d0-4b1993e1e8ba/element'
10:08:06.201 [AsyncHttpClient-1-2] DEBUG org.asynchttpclient.netty.handler.HttpHandler - 

Request DefaultHttpRequest(decodeResult: success, version: HTTP/1.1)
POST /session/e7da2352-4c43-4d7b-b4d0-4b1993e1e8ba/element HTTP/1.1
User-Agent: selenium/4.1.2 (java windows)
Content-Length: 66
Content-Type: application/json; charset=utf-8
host: localhost:49610
accept: */*

Response DefaultHttpResponse(decodeResult: success, version: HTTP/1.1)
HTTP/1.1 200 OK
content-type: application/json; charset=utf-8
cache-control: no-cache
date: Mon, 10 Apr 2023 03:08:05 GMT
content-length: 88

10:08:06.201 [AsyncHttpClient-1-2] DEBUG org.asynchttpclient.netty.channel.ChannelManager - Adding key: http://localhost:49610 for channel [id: 0x670ca60a, L:/127.0.0.1:53737 - R:localhost/127.0.0.1:49610]
10:08:06.204 [Forwarding getElementTagName on session e7da2352-4c43-4d7b-b4d0-4b1993e1e8ba to remote] DEBUG org.asynchttpclient.netty.request.NettyRequestSender - Using pooled Channel '[id: 0x670ca60a, L:/127.0.0.1:53737 - R:localhost/127.0.0.1:49610]' for 'GET' to 'http://localhost:49610/session/e7da2352-4c43-4d7b-b4d0-4b1993e1e8ba/element/a989944b-eced-4181-9c90-2635d5e34f49/name'
10:08:06.204 [Forwarding getElementTagName on session e7da2352-4c43-4d7b-b4d0-4b1993e1e8ba to remote] DEBUG org.asynchttpclient.netty.request.NettyRequestSender - Using open Channel [id: 0x670ca60a, L:/127.0.0.1:53737 - R:localhost/127.0.0.1:49610] for GET '/session/e7da2352-4c43-4d7b-b4d0-4b1993e1e8ba/element/a989944b-eced-4181-9c90-2635d5e34f49/name'
10:08:06.218 [AsyncHttpClient-1-2] DEBUG org.asynchttpclient.netty.handler.HttpHandler - 

Request DefaultFullHttpRequest(decodeResult: success, version: HTTP/1.1, content: EmptyByteBufBE)
GET /session/e7da2352-4c43-4d7b-b4d0-4b1993e1e8ba/element/a989944b-eced-4181-9c90-2635d5e34f49/name HTTP/1.1
User-Agent: selenium/4.1.2 (java windows)
Cache-Control: no-cache
Content-Type: application/json; charset=utf-8
host: localhost:49610
accept: */*

Response DefaultHttpResponse(decodeResult: success, version: HTTP/1.1)
HTTP/1.1 200 OK
content-type: application/json; charset=utf-8
cache-control: no-cache
date: Mon, 10 Apr 2023 03:08:06 GMT
content-length: 13

10:08:06.219 [AsyncHttpClient-1-2] DEBUG org.asynchttpclient.netty.channel.ChannelManager - Adding key: http://localhost:49610 for channel [id: 0x670ca60a, L:/127.0.0.1:53737 - R:localhost/127.0.0.1:49610]
10:08:06.221 [Forwarding getElementTagName on session e7da2352-4c43-4d7b-b4d0-4b1993e1e8ba to remote] DEBUG org.asynchttpclient.netty.request.NettyRequestSender - Using pooled Channel '[id: 0x670ca60a, L:/127.0.0.1:53737 - R:localhost/127.0.0.1:49610]' for 'GET' to 'http://localhost:49610/session/e7da2352-4c43-4d7b-b4d0-4b1993e1e8ba/element/a989944b-eced-4181-9c90-2635d5e34f49/name'
10:08:06.221 [Forwarding getElementTagName on session e7da2352-4c43-4d7b-b4d0-4b1993e1e8ba to remote] DEBUG org.asynchttpclient.netty.request.NettyRequestSender - Using open Channel [id: 0x670ca60a, L:/127.0.0.1:53737 - R:localhost/127.0.0.1:49610] for GET '/session/e7da2352-4c43-4d7b-b4d0-4b1993e1e8ba/element/a989944b-eced-4181-9c90-2635d5e34f49/name'
10:08:06.230 [AsyncHttpClient-1-2] DEBUG org.asynchttpclient.netty.handler.HttpHandler - 

Request DefaultFullHttpRequest(decodeResult: success, version: HTTP/1.1, content: EmptyByteBufBE)
GET /session/e7da2352-4c43-4d7b-b4d0-4b1993e1e8ba/element/a989944b-eced-4181-9c90-2635d5e34f49/name HTTP/1.1
User-Agent: selenium/4.1.2 (java windows)
Cache-Control: no-cache
Content-Type: application/json; charset=utf-8
host: localhost:49610
accept: */*

Response DefaultHttpResponse(decodeResult: success, version: HTTP/1.1)
HTTP/1.1 200 OK
content-type: application/json; charset=utf-8
cache-control: no-cache
date: Mon, 10 Apr 2023 03:08:06 GMT
content-length: 13

10:08:06.230 [AsyncHttpClient-1-2] DEBUG org.asynchttpclient.netty.channel.ChannelManager - Adding key: http://localhost:49610 for channel [id: 0x670ca60a, L:/127.0.0.1:53737 - R:localhost/127.0.0.1:49610]
10:08:06.233 [Forwarding findElement on session e7da2352-4c43-4d7b-b4d0-4b1993e1e8ba to remote] DEBUG org.asynchttpclient.netty.request.NettyRequestSender - Using pooled Channel '[id: 0x670ca60a, L:/127.0.0.1:53737 - R:localhost/127.0.0.1:49610]' for 'POST' to 'http://localhost:49610/session/e7da2352-4c43-4d7b-b4d0-4b1993e1e8ba/element'
10:08:06.233 [Forwarding findElement on session e7da2352-4c43-4d7b-b4d0-4b1993e1e8ba to remote] DEBUG org.asynchttpclient.netty.request.NettyRequestSender - Using open Channel [id: 0x670ca60a, L:/127.0.0.1:53737 - R:localhost/127.0.0.1:49610] for POST '/session/e7da2352-4c43-4d7b-b4d0-4b1993e1e8ba/element'
10:08:06.243 [AsyncHttpClient-1-2] DEBUG org.asynchttpclient.netty.handler.HttpHandler - 

Request DefaultHttpRequest(decodeResult: success, version: HTTP/1.1)
POST /session/e7da2352-4c43-4d7b-b4d0-4b1993e1e8ba/element HTTP/1.1
User-Agent: selenium/4.1.2 (java windows)
Content-Length: 66
Content-Type: application/json; charset=utf-8
host: localhost:49610
accept: */*

Response DefaultHttpResponse(decodeResult: success, version: HTTP/1.1)
HTTP/1.1 200 OK
content-type: application/json; charset=utf-8
cache-control: no-cache
date: Mon, 10 Apr 2023 03:08:06 GMT
content-length: 88

10:08:06.243 [AsyncHttpClient-1-2] DEBUG org.asynchttpclient.netty.channel.ChannelManager - Adding key: http://localhost:49610 for channel [id: 0x670ca60a, L:/127.0.0.1:53737 - R:localhost/127.0.0.1:49610]
10:08:06.246 [Forwarding clickElement on session e7da2352-4c43-4d7b-b4d0-4b1993e1e8ba to remote] DEBUG org.asynchttpclient.netty.request.NettyRequestSender - Using pooled Channel '[id: 0x670ca60a, L:/127.0.0.1:53737 - R:localhost/127.0.0.1:49610]' for 'POST' to 'http://localhost:49610/session/e7da2352-4c43-4d7b-b4d0-4b1993e1e8ba/element/a989944b-eced-4181-9c90-2635d5e34f49/click'
10:08:06.246 [Forwarding clickElement on session e7da2352-4c43-4d7b-b4d0-4b1993e1e8ba to remote] DEBUG org.asynchttpclient.netty.request.NettyRequestSender - Using open Channel [id: 0x670ca60a, L:/127.0.0.1:53737 - R:localhost/127.0.0.1:49610] for POST '/session/e7da2352-4c43-4d7b-b4d0-4b1993e1e8ba/element/a989944b-eced-4181-9c90-2635d5e34f49/click'
10:08:07.097 [AsyncHttpClient-1-2] DEBUG org.asynchttpclient.netty.handler.HttpHandler - 

Request DefaultHttpRequest(decodeResult: success, version: HTTP/1.1)
POST /session/e7da2352-4c43-4d7b-b4d0-4b1993e1e8ba/element/a989944b-eced-4181-9c90-2635d5e34f49/click HTTP/1.1
User-Agent: selenium/4.1.2 (java windows)
Content-Length: 50
Content-Type: application/json; charset=utf-8
host: localhost:49610
accept: */*

Response DefaultHttpResponse(decodeResult: success, version: HTTP/1.1)
HTTP/1.1 200 OK
content-type: application/json; charset=utf-8
cache-control: no-cache
date: Mon, 10 Apr 2023 03:08:06 GMT
content-length: 14

10:08:07.098 [AsyncHttpClient-1-2] DEBUG org.asynchttpclient.netty.channel.ChannelManager - Adding key: http://localhost:49610 for channel [id: 0x670ca60a, L:/127.0.0.1:53737 - R:localhost/127.0.0.1:49610]
  &amp#27;[32mThen &amp#27;[0m&amp#27;[32mI click account on the header&amp#27;[0m &amp#27;[90m# starter.stepdefinitions.AuthStep.iClickAccountOnTheHeader()&amp#27;[0m
10:08:07.107 [Forwarding screenshot on session e7da2352-4c43-4d7b-b4d0-4b1993e1e8ba to remote] DEBUG org.asynchttpclient.netty.request.NettyRequestSender - Using pooled Channel '[id: 0x670ca60a, L:/127.0.0.1:53737 - R:localhost/127.0.0.1:49610]' for 'GET' to 'http://localhost:49610/session/e7da2352-4c43-4d7b-b4d0-4b1993e1e8ba/screenshot'
10:08:07.107 [Forwarding screenshot on session e7da2352-4c43-4d7b-b4d0-4b1993e1e8ba to remote] DEBUG org.asynchttpclient.netty.request.NettyRequestSender - Using open Channel [id: 0x670ca60a, L:/127.0.0.1:53737 - R:localhost/127.0.0.1:49610] for GET '/session/e7da2352-4c43-4d7b-b4d0-4b1993e1e8ba/screenshot'
10:08:07.243 [AsyncHttpClient-1-2] DEBUG org.asynchttpclient.netty.handler.HttpHandler - 

Request DefaultFullHttpRequest(decodeResult: success, version: HTTP/1.1, content: EmptyByteBufBE)
GET /session/e7da2352-4c43-4d7b-b4d0-4b1993e1e8ba/screenshot HTTP/1.1
User-Agent: selenium/4.1.2 (java windows)
Cache-Control: no-cache
Content-Type: application/json; charset=utf-8
host: localhost:49610
accept: */*

Response DefaultHttpResponse(decodeResult: success, version: HTTP/1.1)
HTTP/1.1 200 OK
content-type: application/json; charset=utf-8
cache-control: no-cache
date: Mon, 10 Apr 2023 03:08:06 GMT
content-length: 76028

10:08:07.244 [AsyncHttpClient-1-2] DEBUG org.asynchttpclient.netty.channel.ChannelManager - Adding key: http://localhost:49610 for channel [id: 0x670ca60a, L:/127.0.0.1:53737 - R:localhost/127.0.0.1:49610]
10:08:07.250 [main] DEBUG net.serenitybdd.core.photography.Darkroom - Send negative for processing for target\site\serenity\1be129cfb0496e81c4130beef7d3134d469ac8096acfa664bcc9089216801f30.png
10:08:07.250 [Darkroom Processing Line] DEBUG net.serenitybdd.core.photography.DarkroomProcessingLine - Processing screenshot image in /var/screenshots/screenshot-18268997369167809762
10:08:07.250 [Darkroom Processing Line] DEBUG net.serenitybdd.core.photography.DarkroomProcessingLine - Saving screenshot to target\site\serenity\1be129cfb0496e81c4130beef7d3134d469ac8096acfa664bcc9089216801f30.png
10:08:07.264 [Forwarding findElement on session e7da2352-4c43-4d7b-b4d0-4b1993e1e8ba to remote] DEBUG org.asynchttpclient.netty.request.NettyRequestSender - Using pooled Channel '[id: 0x670ca60a, L:/127.0.0.1:53737 - R:localhost/127.0.0.1:49610]' for 'POST' to 'http://localhost:49610/session/e7da2352-4c43-4d7b-b4d0-4b1993e1e8ba/element'
10:08:07.264 [Forwarding findElement on session e7da2352-4c43-4d7b-b4d0-4b1993e1e8ba to remote] DEBUG org.asynchttpclient.netty.request.NettyRequestSender - Using open Channel [id: 0x670ca60a, L:/127.0.0.1:53737 - R:localhost/127.0.0.1:49610] for POST '/session/e7da2352-4c43-4d7b-b4d0-4b1993e1e8ba/element'
10:08:07.306 [AsyncHttpClient-1-2] DEBUG org.asynchttpclient.netty.handler.HttpHandler - 

Request DefaultHttpRequest(decodeResult: success, version: HTTP/1.1)
POST /session/e7da2352-4c43-4d7b-b4d0-4b1993e1e8ba/element HTTP/1.1
User-Agent: selenium/4.1.2 (java windows)
Content-Length: 72
Content-Type: application/json; charset=utf-8
host: localhost:49610
accept: */*

Response DefaultHttpResponse(decodeResult: success, version: HTTP/1.1)
HTTP/1.1 200 OK
content-type: application/json; charset=utf-8
cache-control: no-cache
date: Mon, 10 Apr 2023 03:08:07 GMT
content-length: 88

10:08:07.307 [AsyncHttpClient-1-2] DEBUG org.asynchttpclient.netty.channel.ChannelManager - Adding key: http://localhost:49610 for channel [id: 0x670ca60a, L:/127.0.0.1:53737 - R:localhost/127.0.0.1:49610]
10:08:07.310 [Forwarding clearElement on session e7da2352-4c43-4d7b-b4d0-4b1993e1e8ba to remote] DEBUG org.asynchttpclient.netty.request.NettyRequestSender - Using pooled Channel '[id: 0x670ca60a, L:/127.0.0.1:53737 - R:localhost/127.0.0.1:49610]' for 'POST' to 'http://localhost:49610/session/e7da2352-4c43-4d7b-b4d0-4b1993e1e8ba/element/afead417-9712-4e36-b254-1ccef689c8a4/clear'
10:08:07.311 [Forwarding clearElement on session e7da2352-4c43-4d7b-b4d0-4b1993e1e8ba to remote] DEBUG org.asynchttpclient.netty.request.NettyRequestSender - Using open Channel [id: 0x670ca60a, L:/127.0.0.1:53737 - R:localhost/127.0.0.1:49610] for POST '/session/e7da2352-4c43-4d7b-b4d0-4b1993e1e8ba/element/afead417-9712-4e36-b254-1ccef689c8a4/clear'
10:08:07.362 [AsyncHttpClient-1-2] DEBUG org.asynchttpclient.netty.handler.HttpHandler - 

Request DefaultHttpRequest(decodeResult: success, version: HTTP/1.1)
POST /session/e7da2352-4c43-4d7b-b4d0-4b1993e1e8ba/element/afead417-9712-4e36-b254-1ccef689c8a4/clear HTTP/1.1
User-Agent: selenium/4.1.2 (java windows)
Content-Length: 50
Content-Type: application/json; charset=utf-8
host: localhost:49610
accept: */*

Response DefaultHttpResponse(decodeResult: success, version: HTTP/1.1)
HTTP/1.1 200 OK
content-type: application/json; charset=utf-8
cache-control: no-cache
date: Mon, 10 Apr 2023 03:08:07 GMT
content-length: 14

10:08:07.362 [AsyncHttpClient-1-2] DEBUG org.asynchttpclient.netty.channel.ChannelManager - Adding key: http://localhost:49610 for channel [id: 0x670ca60a, L:/127.0.0.1:53737 - R:localhost/127.0.0.1:49610]
10:08:07.371 [Forwarding sendKeysToElement on session e7da2352-4c43-4d7b-b4d0-4b1993e1e8ba to remote] DEBUG org.asynchttpclient.netty.request.NettyRequestSender - Using pooled Channel '[id: 0x670ca60a, L:/127.0.0.1:53737 - R:localhost/127.0.0.1:49610]' for 'POST' to 'http://localhost:49610/session/e7da2352-4c43-4d7b-b4d0-4b1993e1e8ba/element/afead417-9712-4e36-b254-1ccef689c8a4/value'
10:08:07.371 [Forwarding sendKeysToElement on session e7da2352-4c43-4d7b-b4d0-4b1993e1e8ba to remote] DEBUG org.asynchttpclient.netty.request.NettyRequestSender - Using open Channel [id: 0x670ca60a, L:/127.0.0.1:53737 - R:localhost/127.0.0.1:49610] for POST '/session/e7da2352-4c43-4d7b-b4d0-4b1993e1e8ba/element/afead417-9712-4e36-b254-1ccef689c8a4/value'
10:08:07.478 [AsyncHttpClient-1-2] DEBUG org.asynchttpclient.netty.handler.HttpHandler - 

Request DefaultHttpRequest(decodeResult: success, version: HTTP/1.1)
POST /session/e7da2352-4c43-4d7b-b4d0-4b1993e1e8ba/element/afead417-9712-4e36-b254-1ccef689c8a4/value HTTP/1.1
User-Agent: selenium/4.1.2 (java windows)
Content-Length: 231
Content-Type: application/json; charset=utf-8
host: localhost:49610
accept: */*

Response DefaultHttpResponse(decodeResult: success, version: HTTP/1.1)
HTTP/1.1 200 OK
content-type: application/json; charset=utf-8
cache-control: no-cache
date: Mon, 10 Apr 2023 03:08:07 GMT
content-length: 14

10:08:07.478 [AsyncHttpClient-1-2] DEBUG org.asynchttpclient.netty.channel.ChannelManager - Adding key: http://localhost:49610 for channel [id: 0x670ca60a, L:/127.0.0.1:53737 - R:localhost/127.0.0.1:49610]
  &amp#27;[32mAnd &amp#27;[0m&amp#27;[32mI input email&amp#27;[0m                  &amp#27;[90m# starter.stepdefinitions.AuthStep.iInputEmail()&amp#27;[0m
10:08:07.492 [Forwarding screenshot on session e7da2352-4c43-4d7b-b4d0-4b1993e1e8ba to remote] DEBUG org.asynchttpclient.netty.request.NettyRequestSender - Using pooled Channel '[id: 0x670ca60a, L:/127.0.0.1:53737 - R:localhost/127.0.0.1:49610]' for 'GET' to 'http://localhost:49610/session/e7da2352-4c43-4d7b-b4d0-4b1993e1e8ba/screenshot'
10:08:07.492 [Forwarding screenshot on session e7da2352-4c43-4d7b-b4d0-4b1993e1e8ba to remote] DEBUG org.asynchttpclient.netty.request.NettyRequestSender - Using open Channel [id: 0x670ca60a, L:/127.0.0.1:53737 - R:localhost/127.0.0.1:49610] for GET '/session/e7da2352-4c43-4d7b-b4d0-4b1993e1e8ba/screenshot'
10:08:07.536 [AsyncHttpClient-1-2] DEBUG org.asynchttpclient.netty.handler.HttpHandler - 

Request DefaultFullHttpRequest(decodeResult: success, version: HTTP/1.1, content: EmptyByteBufBE)
GET /session/e7da2352-4c43-4d7b-b4d0-4b1993e1e8ba/screenshot HTTP/1.1
User-Agent: selenium/4.1.2 (java windows)
Cache-Control: no-cache
Content-Type: application/json; charset=utf-8
host: localhost:49610
accept: */*

Response DefaultHttpResponse(decodeResult: success, version: HTTP/1.1)
HTTP/1.1 200 OK
content-type: application/json; charset=utf-8
cache-control: no-cache
date: Mon, 10 Apr 2023 03:08:07 GMT
content-length: 76176

10:08:07.537 [AsyncHttpClient-1-2] DEBUG org.asynchttpclient.netty.channel.ChannelManager - Adding key: http://localhost:49610 for channel [id: 0x670ca60a, L:/127.0.0.1:53737 - R:localhost/127.0.0.1:49610]
10:08:07.544 [main] DEBUG net.serenitybdd.core.photography.Darkroom - Send negative for processing for target\site\serenity\3c5fcbadab472defab3a2b4f3580b587456e40f95771471f3e09658432df021c.png
10:08:07.544 [Darkroom Processing Line] DEBUG net.serenitybdd.core.photography.DarkroomProcessingLine - Processing screenshot image in /var/screenshots/screenshot-13413904995670561775
10:08:07.545 [Darkroom Processing Line] DEBUG net.serenitybdd.core.photography.DarkroomProcessingLine - Saving screenshot to target\site\serenity\3c5fcbadab472defab3a2b4f3580b587456e40f95771471f3e09658432df021c.png
10:08:07.558 [Forwarding findElement on session e7da2352-4c43-4d7b-b4d0-4b1993e1e8ba to remote] DEBUG org.asynchttpclient.netty.request.NettyRequestSender - Using pooled Channel '[id: 0x670ca60a, L:/127.0.0.1:53737 - R:localhost/127.0.0.1:49610]' for 'POST' to 'http://localhost:49610/session/e7da2352-4c43-4d7b-b4d0-4b1993e1e8ba/element'
10:08:07.558 [Forwarding findElement on session e7da2352-4c43-4d7b-b4d0-4b1993e1e8ba to remote] DEBUG org.asynchttpclient.netty.request.NettyRequestSender - Using open Channel [id: 0x670ca60a, L:/127.0.0.1:53737 - R:localhost/127.0.0.1:49610] for POST '/session/e7da2352-4c43-4d7b-b4d0-4b1993e1e8ba/element'
10:08:07.561 [AsyncHttpClient-1-2] DEBUG org.asynchttpclient.netty.handler.HttpHandler - 

Request DefaultHttpRequest(decodeResult: success, version: HTTP/1.1)
POST /session/e7da2352-4c43-4d7b-b4d0-4b1993e1e8ba/element HTTP/1.1
User-Agent: selenium/4.1.2 (java windows)
Content-Length: 72
Content-Type: application/json; charset=utf-8
host: localhost:49610
accept: */*

Response DefaultHttpResponse(decodeResult: success, version: HTTP/1.1)
HTTP/1.1 200 OK
content-type: application/json; charset=utf-8
cache-control: no-cache
date: Mon, 10 Apr 2023 03:08:07 GMT
content-length: 88

10:08:07.562 [AsyncHttpClient-1-2] DEBUG org.asynchttpclient.netty.channel.ChannelManager - Adding key: http://localhost:49610 for channel [id: 0x670ca60a, L:/127.0.0.1:53737 - R:localhost/127.0.0.1:49610]
10:08:07.565 [Forwarding clearElement on session e7da2352-4c43-4d7b-b4d0-4b1993e1e8ba to remote] DEBUG org.asynchttpclient.netty.request.NettyRequestSender - Using pooled Channel '[id: 0x670ca60a, L:/127.0.0.1:53737 - R:localhost/127.0.0.1:49610]' for 'POST' to 'http://localhost:49610/session/e7da2352-4c43-4d7b-b4d0-4b1993e1e8ba/element/ffaec9e1-d7d8-4f37-a3d8-2b1fa680dd94/clear'
10:08:07.565 [Forwarding clearElement on session e7da2352-4c43-4d7b-b4d0-4b1993e1e8ba to remote] DEBUG org.asynchttpclient.netty.request.NettyRequestSender - Using open Channel [id: 0x670ca60a, L:/127.0.0.1:53737 - R:localhost/127.0.0.1:49610] for POST '/session/e7da2352-4c43-4d7b-b4d0-4b1993e1e8ba/element/ffaec9e1-d7d8-4f37-a3d8-2b1fa680dd94/clear'
10:08:07.600 [AsyncHttpClient-1-2] DEBUG org.asynchttpclient.netty.handler.HttpHandler - 

Request DefaultHttpRequest(decodeResult: success, version: HTTP/1.1)
POST /session/e7da2352-4c43-4d7b-b4d0-4b1993e1e8ba/element/ffaec9e1-d7d8-4f37-a3d8-2b1fa680dd94/clear HTTP/1.1
User-Agent: selenium/4.1.2 (java windows)
Content-Length: 50
Content-Type: application/json; charset=utf-8
host: localhost:49610
accept: */*

Response DefaultHttpResponse(decodeResult: success, version: HTTP/1.1)
HTTP/1.1 200 OK
content-type: application/json; charset=utf-8
cache-control: no-cache
date: Mon, 10 Apr 2023 03:08:07 GMT
content-length: 14

10:08:07.600 [AsyncHttpClient-1-2] DEBUG org.asynchttpclient.netty.channel.ChannelManager - Adding key: http://localhost:49610 for channel [id: 0x670ca60a, L:/127.0.0.1:53737 - R:localhost/127.0.0.1:49610]
10:08:07.603 [Forwarding sendKeysToElement on session e7da2352-4c43-4d7b-b4d0-4b1993e1e8ba to remote] DEBUG org.asynchttpclient.netty.request.NettyRequestSender - Using pooled Channel '[id: 0x670ca60a, L:/127.0.0.1:53737 - R:localhost/127.0.0.1:49610]' for 'POST' to 'http://localhost:49610/session/e7da2352-4c43-4d7b-b4d0-4b1993e1e8ba/element/ffaec9e1-d7d8-4f37-a3d8-2b1fa680dd94/value'
10:08:07.603 [Forwarding sendKeysToElement on session e7da2352-4c43-4d7b-b4d0-4b1993e1e8ba to remote] DEBUG org.asynchttpclient.netty.request.NettyRequestSender - Using open Channel [id: 0x670ca60a, L:/127.0.0.1:53737 - R:localhost/127.0.0.1:49610] for POST '/session/e7da2352-4c43-4d7b-b4d0-4b1993e1e8ba/element/ffaec9e1-d7d8-4f37-a3d8-2b1fa680dd94/value'
10:08:07.649 [AsyncHttpClient-1-2] DEBUG org.asynchttpclient.netty.handler.HttpHandler - 

Request DefaultHttpRequest(decodeResult: success, version: HTTP/1.1)
POST /session/e7da2352-4c43-4d7b-b4d0-4b1993e1e8ba/element/ffaec9e1-d7d8-4f37-a3d8-2b1fa680dd94/value HTTP/1.1
User-Agent: selenium/4.1.2 (java windows)
Content-Length: 131
Content-Type: application/json; charset=utf-8
host: localhost:49610
accept: */*

Response DefaultHttpResponse(decodeResult: success, version: HTTP/1.1)
HTTP/1.1 200 OK
content-type: application/json; charset=utf-8
cache-control: no-cache
date: Mon, 10 Apr 2023 03:08:07 GMT
content-length: 14

10:08:07.649 [AsyncHttpClient-1-2] DEBUG org.asynchttpclient.netty.channel.ChannelManager - Adding key: http://localhost:49610 for channel [id: 0x670ca60a, L:/127.0.0.1:53737 - R:localhost/127.0.0.1:49610]
  &amp#27;[32mAnd &amp#27;[0m&amp#27;[32mI input password&amp#27;[0m               &amp#27;[90m# starter.stepdefinitions.AuthStep.iInputPassword()&amp#27;[0m
10:08:07.656 [Forwarding screenshot on session e7da2352-4c43-4d7b-b4d0-4b1993e1e8ba to remote] DEBUG org.asynchttpclient.netty.request.NettyRequestSender - Using pooled Channel '[id: 0x670ca60a, L:/127.0.0.1:53737 - R:localhost/127.0.0.1:49610]' for 'GET' to 'http://localhost:49610/session/e7da2352-4c43-4d7b-b4d0-4b1993e1e8ba/screenshot'
10:08:07.656 [Forwarding screenshot on session e7da2352-4c43-4d7b-b4d0-4b1993e1e8ba to remote] DEBUG org.asynchttpclient.netty.request.NettyRequestSender - Using open Channel [id: 0x670ca60a, L:/127.0.0.1:53737 - R:localhost/127.0.0.1:49610] for GET '/session/e7da2352-4c43-4d7b-b4d0-4b1993e1e8ba/screenshot'
10:08:07.681 [AsyncHttpClient-1-2] DEBUG org.asynchttpclient.netty.handler.HttpHandler - 

Request DefaultFullHttpRequest(decodeResult: success, version: HTTP/1.1, content: EmptyByteBufBE)
GET /session/e7da2352-4c43-4d7b-b4d0-4b1993e1e8ba/screenshot HTTP/1.1
User-Agent: selenium/4.1.2 (java windows)
Cache-Control: no-cache
Content-Type: application/json; charset=utf-8
host: localhost:49610
accept: */*

Response DefaultHttpResponse(decodeResult: success, version: HTTP/1.1)
HTTP/1.1 200 OK
content-type: application/json; charset=utf-8
cache-control: no-cache
date: Mon, 10 Apr 2023 03:08:07 GMT
content-length: 76228

10:08:07.682 [AsyncHttpClient-1-2] DEBUG org.asynchttpclient.netty.channel.ChannelManager - Adding key: http://localhost:49610 for channel [id: 0x670ca60a, L:/127.0.0.1:53737 - R:localhost/127.0.0.1:49610]
10:08:07.685 [main] DEBUG net.serenitybdd.core.photography.Darkroom - Send negative for processing for target\site\serenity\521c708f4729a03e76fdef5cf275648501f36d3f431c93accced0769b3199b30.png
10:08:07.686 [Darkroom Processing Line] DEBUG net.serenitybdd.core.photography.DarkroomProcessingLine - Processing screenshot image in /var/screenshots/screenshot-5619122438312667779
10:08:07.686 [Darkroom Processing Line] DEBUG net.serenitybdd.core.photography.DarkroomProcessingLine - Saving screenshot to target\site\serenity\521c708f4729a03e76fdef5cf275648501f36d3f431c93accced0769b3199b30.png
10:08:07.694 [Forwarding findElement on session e7da2352-4c43-4d7b-b4d0-4b1993e1e8ba to remote] DEBUG org.asynchttpclient.netty.request.NettyRequestSender - Using pooled Channel '[id: 0x670ca60a, L:/127.0.0.1:53737 - R:localhost/127.0.0.1:49610]' for 'POST' to 'http://localhost:49610/session/e7da2352-4c43-4d7b-b4d0-4b1993e1e8ba/element'
10:08:07.695 [Forwarding findElement on session e7da2352-4c43-4d7b-b4d0-4b1993e1e8ba to remote] DEBUG org.asynchttpclient.netty.request.NettyRequestSender - Using open Channel [id: 0x670ca60a, L:/127.0.0.1:53737 - R:localhost/127.0.0.1:49610] for POST '/session/e7da2352-4c43-4d7b-b4d0-4b1993e1e8ba/element'
10:08:07.698 [AsyncHttpClient-1-2] DEBUG org.asynchttpclient.netty.handler.HttpHandler - 

Request DefaultHttpRequest(decodeResult: success, version: HTTP/1.1)
POST /session/e7da2352-4c43-4d7b-b4d0-4b1993e1e8ba/element HTTP/1.1
User-Agent: selenium/4.1.2 (java windows)
Content-Length: 79
Content-Type: application/json; charset=utf-8
host: localhost:49610
accept: */*

Response DefaultHttpResponse(decodeResult: success, version: HTTP/1.1)
HTTP/1.1 200 OK
content-type: application/json; charset=utf-8
cache-control: no-cache
date: Mon, 10 Apr 2023 03:08:07 GMT
content-length: 88

10:08:07.698 [AsyncHttpClient-1-2] DEBUG org.asynchttpclient.netty.channel.ChannelManager - Adding key: http://localhost:49610 for channel [id: 0x670ca60a, L:/127.0.0.1:53737 - R:localhost/127.0.0.1:49610]
10:08:07.700 [Forwarding getElementTagName on session e7da2352-4c43-4d7b-b4d0-4b1993e1e8ba to remote] DEBUG org.asynchttpclient.netty.request.NettyRequestSender - Using pooled Channel '[id: 0x670ca60a, L:/127.0.0.1:53737 - R:localhost/127.0.0.1:49610]' for 'GET' to 'http://localhost:49610/session/e7da2352-4c43-4d7b-b4d0-4b1993e1e8ba/element/50566f79-6c45-4ddc-b97d-50fca4a6eab1/name'
10:08:07.700 [Forwarding getElementTagName on session e7da2352-4c43-4d7b-b4d0-4b1993e1e8ba to remote] DEBUG org.asynchttpclient.netty.request.NettyRequestSender - Using open Channel [id: 0x670ca60a, L:/127.0.0.1:53737 - R:localhost/127.0.0.1:49610] for GET '/session/e7da2352-4c43-4d7b-b4d0-4b1993e1e8ba/element/50566f79-6c45-4ddc-b97d-50fca4a6eab1/name'
10:08:07.702 [AsyncHttpClient-1-2] DEBUG org.asynchttpclient.netty.handler.HttpHandler - 

Request DefaultFullHttpRequest(decodeResult: success, version: HTTP/1.1, content: EmptyByteBufBE)
GET /session/e7da2352-4c43-4d7b-b4d0-4b1993e1e8ba/element/50566f79-6c45-4ddc-b97d-50fca4a6eab1/name HTTP/1.1
User-Agent: selenium/4.1.2 (java windows)
Cache-Control: no-cache
Content-Type: application/json; charset=utf-8
host: localhost:49610
accept: */*

Response DefaultHttpResponse(decodeResult: success, version: HTTP/1.1)
HTTP/1.1 200 OK
content-type: application/json; charset=utf-8
cache-control: no-cache
date: Mon, 10 Apr 2023 03:08:07 GMT
content-length: 13

10:08:07.703 [AsyncHttpClient-1-2] DEBUG org.asynchttpclient.netty.channel.ChannelManager - Adding key: http://localhost:49610 for channel [id: 0x670ca60a, L:/127.0.0.1:53737 - R:localhost/127.0.0.1:49610]
10:08:07.705 [Forwarding getElementTagName on session e7da2352-4c43-4d7b-b4d0-4b1993e1e8ba to remote] DEBUG org.asynchttpclient.netty.request.NettyRequestSender - Using pooled Channel '[id: 0x670ca60a, L:/127.0.0.1:53737 - R:localhost/127.0.0.1:49610]' for 'GET' to 'http://localhost:49610/session/e7da2352-4c43-4d7b-b4d0-4b1993e1e8ba/element/50566f79-6c45-4ddc-b97d-50fca4a6eab1/name'
10:08:07.705 [Forwarding getElementTagName on session e7da2352-4c43-4d7b-b4d0-4b1993e1e8ba to remote] DEBUG org.asynchttpclient.netty.request.NettyRequestSender - Using open Channel [id: 0x670ca60a, L:/127.0.0.1:53737 - R:localhost/127.0.0.1:49610] for GET '/session/e7da2352-4c43-4d7b-b4d0-4b1993e1e8ba/element/50566f79-6c45-4ddc-b97d-50fca4a6eab1/name'
10:08:07.707 [AsyncHttpClient-1-2] DEBUG org.asynchttpclient.netty.handler.HttpHandler - 

Request DefaultFullHttpRequest(decodeResult: success, version: HTTP/1.1, content: EmptyByteBufBE)
GET /session/e7da2352-4c43-4d7b-b4d0-4b1993e1e8ba/element/50566f79-6c45-4ddc-b97d-50fca4a6eab1/name HTTP/1.1
User-Agent: selenium/4.1.2 (java windows)
Cache-Control: no-cache
Content-Type: application/json; charset=utf-8
host: localhost:49610
accept: */*

Response DefaultHttpResponse(decodeResult: success, version: HTTP/1.1)
HTTP/1.1 200 OK
content-type: application/json; charset=utf-8
cache-control: no-cache
date: Mon, 10 Apr 2023 03:08:07 GMT
content-length: 13

10:08:07.708 [AsyncHttpClient-1-2] DEBUG org.asynchttpclient.netty.channel.ChannelManager - Adding key: http://localhost:49610 for channel [id: 0x670ca60a, L:/127.0.0.1:53737 - R:localhost/127.0.0.1:49610]
10:08:07.711 [Forwarding findElement on session e7da2352-4c43-4d7b-b4d0-4b1993e1e8ba to remote] DEBUG org.asynchttpclient.netty.request.NettyRequestSender - Using pooled Channel '[id: 0x670ca60a, L:/127.0.0.1:53737 - R:localhost/127.0.0.1:49610]' for 'POST' to 'http://localhost:49610/session/e7da2352-4c43-4d7b-b4d0-4b1993e1e8ba/element'
10:08:07.711 [Forwarding findElement on session e7da2352-4c43-4d7b-b4d0-4b1993e1e8ba to remote] DEBUG org.asynchttpclient.netty.request.NettyRequestSender - Using open Channel [id: 0x670ca60a, L:/127.0.0.1:53737 - R:localhost/127.0.0.1:49610] for POST '/session/e7da2352-4c43-4d7b-b4d0-4b1993e1e8ba/element'
10:08:07.714 [AsyncHttpClient-1-2] DEBUG org.asynchttpclient.netty.handler.HttpHandler - 

Request DefaultHttpRequest(decodeResult: success, version: HTTP/1.1)
POST /session/e7da2352-4c43-4d7b-b4d0-4b1993e1e8ba/element HTTP/1.1
User-Agent: selenium/4.1.2 (java windows)
Content-Length: 79
Content-Type: application/json; charset=utf-8
host: localhost:49610
accept: */*

Response DefaultHttpResponse(decodeResult: success, version: HTTP/1.1)
HTTP/1.1 200 OK
content-type: application/json; charset=utf-8
cache-control: no-cache
date: Mon, 10 Apr 2023 03:08:07 GMT
content-length: 88

10:08:07.714 [AsyncHttpClient-1-2] DEBUG org.asynchttpclient.netty.channel.ChannelManager - Adding key: http://localhost:49610 for channel [id: 0x670ca60a, L:/127.0.0.1:53737 - R:localhost/127.0.0.1:49610]
10:08:07.716 [Forwarding clickElement on session e7da2352-4c43-4d7b-b4d0-4b1993e1e8ba to remote] DEBUG org.asynchttpclient.netty.request.NettyRequestSender - Using pooled Channel '[id: 0x670ca60a, L:/127.0.0.1:53737 - R:localhost/127.0.0.1:49610]' for 'POST' to 'http://localhost:49610/session/e7da2352-4c43-4d7b-b4d0-4b1993e1e8ba/element/50566f79-6c45-4ddc-b97d-50fca4a6eab1/click'
10:08:07.716 [Forwarding clickElement on session e7da2352-4c43-4d7b-b4d0-4b1993e1e8ba to remote] DEBUG org.asynchttpclient.netty.request.NettyRequestSender - Using open Channel [id: 0x670ca60a, L:/127.0.0.1:53737 - R:localhost/127.0.0.1:49610] for POST '/session/e7da2352-4c43-4d7b-b4d0-4b1993e1e8ba/element/50566f79-6c45-4ddc-b97d-50fca4a6eab1/click'
10:08:07.953 [AsyncHttpClient-1-2] DEBUG org.asynchttpclient.netty.handler.HttpHandler - 

Request DefaultHttpRequest(decodeResult: success, version: HTTP/1.1)
POST /session/e7da2352-4c43-4d7b-b4d0-4b1993e1e8ba/element/50566f79-6c45-4ddc-b97d-50fca4a6eab1/click HTTP/1.1
User-Agent: selenium/4.1.2 (java windows)
Content-Length: 50
Content-Type: application/json; charset=utf-8
host: localhost:49610
accept: */*

Response DefaultHttpResponse(decodeResult: success, version: HTTP/1.1)
HTTP/1.1 200 OK
content-type: application/json; charset=utf-8
cache-control: no-cache
date: Mon, 10 Apr 2023 03:08:07 GMT
content-length: 14

10:08:07.953 [AsyncHttpClient-1-2] DEBUG org.asynchttpclient.netty.channel.ChannelManager - Adding key: http://localhost:49610 for channel [id: 0x670ca60a, L:/127.0.0.1:53737 - R:localhost/127.0.0.1:49610]
  &amp#27;[32mAnd &amp#27;[0m&amp#27;[32mI click button masuk&amp#27;[0m           &amp#27;[90m# starter.stepdefinitions.AuthStep.iClickButtonMasuk()&amp#27;[0m
10:08:07.959 [Forwarding screenshot on session e7da2352-4c43-4d7b-b4d0-4b1993e1e8ba to remote] DEBUG org.asynchttpclient.netty.request.NettyRequestSender - Using pooled Channel '[id: 0x670ca60a, L:/127.0.0.1:53737 - R:localhost/127.0.0.1:49610]' for 'GET' to 'http://localhost:49610/session/e7da2352-4c43-4d7b-b4d0-4b1993e1e8ba/screenshot'
10:08:07.959 [Forwarding screenshot on session e7da2352-4c43-4d7b-b4d0-4b1993e1e8ba to remote] DEBUG org.asynchttpclient.netty.request.NettyRequestSender - Using open Channel [id: 0x670ca60a, L:/127.0.0.1:53737 - R:localhost/127.0.0.1:49610] for GET '/session/e7da2352-4c43-4d7b-b4d0-4b1993e1e8ba/screenshot'
10:08:07.988 [AsyncHttpClient-1-2] DEBUG org.asynchttpclient.netty.handler.HttpHandler - 

Request DefaultFullHttpRequest(decodeResult: success, version: HTTP/1.1, content: EmptyByteBufBE)
GET /session/e7da2352-4c43-4d7b-b4d0-4b1993e1e8ba/screenshot HTTP/1.1
User-Agent: selenium/4.1.2 (java windows)
Cache-Control: no-cache
Content-Type: application/json; charset=utf-8
host: localhost:49610
accept: */*

Response DefaultHttpResponse(decodeResult: success, version: HTTP/1.1)
HTTP/1.1 200 OK
content-type: application/json; charset=utf-8
cache-control: no-cache
date: Mon, 10 Apr 2023 03:08:07 GMT
content-length: 83976

10:08:07.989 [AsyncHttpClient-1-2] DEBUG org.asynchttpclient.netty.channel.ChannelManager - Adding key: http://localhost:49610 for channel [id: 0x670ca60a, L:/127.0.0.1:53737 - R:localhost/127.0.0.1:49610]
10:08:07.993 [main] DEBUG net.serenitybdd.core.photography.Darkroom - Send negative for processing for target\site\serenity\092fd61b4685765474277ec63fce8a0416348e2ff7bd1378b5e2062d06d0b2e5.png
10:08:07.994 [Darkroom Processing Line] DEBUG net.serenitybdd.core.photography.DarkroomProcessingLine - Processing screenshot image in /var/screenshots/screenshot-18161904399586163640
10:08:07.994 [Darkroom Processing Line] DEBUG net.serenitybdd.core.photography.DarkroomProcessingLine - Saving screenshot to target\site\serenity\092fd61b4685765474277ec63fce8a0416348e2ff7bd1378b5e2062d06d0b2e5.png
10:08:07.999 [Forwarding get on session e7da2352-4c43-4d7b-b4d0-4b1993e1e8ba to remote] DEBUG org.asynchttpclient.netty.request.NettyRequestSender - Using pooled Channel '[id: 0x670ca60a, L:/127.0.0.1:53737 - R:localhost/127.0.0.1:49610]' for 'POST' to 'http://localhost:49610/session/e7da2352-4c43-4d7b-b4d0-4b1993e1e8ba/url'
10:08:08.000 [Forwarding get on session e7da2352-4c43-4d7b-b4d0-4b1993e1e8ba to remote] DEBUG org.asynchttpclient.netty.request.NettyRequestSender - Using open Channel [id: 0x670ca60a, L:/127.0.0.1:53737 - R:localhost/127.0.0.1:49610] for POST '/session/e7da2352-4c43-4d7b-b4d0-4b1993e1e8ba/url'
10:08:08.719 [AsyncHttpClient-1-2] DEBUG org.asynchttpclient.netty.handler.HttpHandler - 

Request DefaultHttpRequest(decodeResult: success, version: HTTP/1.1)
POST /session/e7da2352-4c43-4d7b-b4d0-4b1993e1e8ba/url HTTP/1.1
User-Agent: selenium/4.1.2 (java windows)
Content-Length: 69
Content-Type: application/json; charset=utf-8
host: localhost:49610
accept: */*

Response DefaultHttpResponse(decodeResult: success, version: HTTP/1.1)
HTTP/1.1 200 OK
content-type: application/json; charset=utf-8
cache-control: no-cache
date: Mon, 10 Apr 2023 03:08:07 GMT
content-length: 14

10:08:08.719 [AsyncHttpClient-1-2] DEBUG org.asynchttpclient.netty.channel.ChannelManager - Adding key: http://localhost:49610 for channel [id: 0x670ca60a, L:/127.0.0.1:53737 - R:localhost/127.0.0.1:49610]
10:08:08.722 [Forwarding getCurrentUrl on session e7da2352-4c43-4d7b-b4d0-4b1993e1e8ba to remote] DEBUG org.asynchttpclient.netty.request.NettyRequestSender - Using pooled Channel '[id: 0x670ca60a, L:/127.0.0.1:53737 - R:localhost/127.0.0.1:49610]' for 'GET' to 'http://localhost:49610/session/e7da2352-4c43-4d7b-b4d0-4b1993e1e8ba/url'
10:08:08.722 [Forwarding getCurrentUrl on session e7da2352-4c43-4d7b-b4d0-4b1993e1e8ba to remote] DEBUG org.asynchttpclient.netty.request.NettyRequestSender - Using open Channel [id: 0x670ca60a, L:/127.0.0.1:53737 - R:localhost/127.0.0.1:49610] for GET '/session/e7da2352-4c43-4d7b-b4d0-4b1993e1e8ba/url'
10:08:08.726 [AsyncHttpClient-1-2] DEBUG org.asynchttpclient.netty.handler.HttpHandler - 

Request DefaultFullHttpRequest(decodeResult: success, version: HTTP/1.1, content: EmptyByteBufBE)
GET /session/e7da2352-4c43-4d7b-b4d0-4b1993e1e8ba/url HTTP/1.1
User-Agent: selenium/4.1.2 (java windows)
Cache-Control: no-cache
Content-Type: application/json; charset=utf-8
host: localhost:49610
accept: */*

Response DefaultHttpResponse(decodeResult: success, version: HTTP/1.1)
HTTP/1.1 200 OK
content-type: application/json; charset=utf-8
cache-control: no-cache
date: Mon, 10 Apr 2023 03:08:08 GMT
content-length: 41

10:08:08.727 [AsyncHttpClient-1-2] DEBUG org.asynchttpclient.netty.channel.ChannelManager - Adding key: http://localhost:49610 for channel [id: 0x670ca60a, L:/127.0.0.1:53737 - R:localhost/127.0.0.1:49610]
  &amp#27;[32mWhen &amp#27;[0m&amp#27;[32mI will go to home page&amp#27;[0m        &amp#27;[90m# starter.stepdefinitions.AuthStep.iWillGoToHomePage()&amp#27;[0m
10:08:08.737 [Forwarding screenshot on session e7da2352-4c43-4d7b-b4d0-4b1993e1e8ba to remote] DEBUG org.asynchttpclient.netty.request.NettyRequestSender - Using pooled Channel '[id: 0x670ca60a, L:/127.0.0.1:53737 - R:localhost/127.0.0.1:49610]' for 'GET' to 'http://localhost:49610/session/e7da2352-4c43-4d7b-b4d0-4b1993e1e8ba/screenshot'
10:08:08.737 [Forwarding screenshot on session e7da2352-4c43-4d7b-b4d0-4b1993e1e8ba to remote] DEBUG org.asynchttpclient.netty.request.NettyRequestSender - Using open Channel [id: 0x670ca60a, L:/127.0.0.1:53737 - R:localhost/127.0.0.1:49610] for GET '/session/e7da2352-4c43-4d7b-b4d0-4b1993e1e8ba/screenshot'
10:08:08.861 [AsyncHttpClient-1-2] DEBUG org.asynchttpclient.netty.handler.HttpHandler - 

Request DefaultFullHttpRequest(decodeResult: success, version: HTTP/1.1, content: EmptyByteBufBE)
GET /session/e7da2352-4c43-4d7b-b4d0-4b1993e1e8ba/screenshot HTTP/1.1
User-Agent: selenium/4.1.2 (java windows)
Cache-Control: no-cache
Content-Type: application/json; charset=utf-8
host: localhost:49610
accept: */*

Response DefaultHttpResponse(decodeResult: success, version: HTTP/1.1)
HTTP/1.1 200 OK
content-type: application/json; charset=utf-8
cache-control: no-cache
date: Mon, 10 Apr 2023 03:08:08 GMT
content-length: 55504

10:08:08.861 [AsyncHttpClient-1-2] DEBUG org.asynchttpclient.netty.channel.ChannelManager - Adding key: http://localhost:49610 for channel [id: 0x670ca60a, L:/127.0.0.1:53737 - R:localhost/127.0.0.1:49610]
10:08:08.864 [main] DEBUG net.serenitybdd.core.photography.Darkroom - Send negative for processing for target\site\serenity\984d75764daf3c9d07484004a0d88c44cb8ff96cd4fa38118cabb81b87eb5c3e.png
10:08:08.865 [Darkroom Processing Line] DEBUG net.serenitybdd.core.photography.DarkroomProcessingLine - Processing screenshot image in /var/screenshots/screenshot-12499441889056767193
10:08:08.865 [Darkroom Processing Line] DEBUG net.serenitybdd.core.photography.DarkroomProcessingLine - Saving screenshot to target\site\serenity\984d75764daf3c9d07484004a0d88c44cb8ff96cd4fa38118cabb81b87eb5c3e.png
10:08:08.869 [main] INFO  - 
  _____   ___   ___   _____     ___     _     ___   ___   ___   ___  
 |_   _| | __| / __| |_   _|   | _ \   /_\   / __| / __| | __| |   \ 
   | |   | _|  \__ \   | |     |  _/  / _ \  \__ \ \__ \ | _|  | |) |
   |_|   |___| |___/   |_|     |_|   /_/ \_\ |___/ |___/ |___| |___/ 

Login user
----------------------------------------------------------------------
10:08:08.973 [Driver Command Executor] DEBUG org.asynchttpclient.netty.request.NettyRequestSender - Using pooled Channel '[id: 0x670ca60a, L:/127.0.0.1:53737 - R:localhost/127.0.0.1:49610]' for 'DELETE' to 'http://localhost:49610/session/e7da2352-4c43-4d7b-b4d0-4b1993e1e8ba'
10:08:08.973 [Driver Command Executor] DEBUG org.asynchttpclient.netty.request.NettyRequestSender - Using open Channel [id: 0x670ca60a, L:/127.0.0.1:53737 - R:localhost/127.0.0.1:49610] for DELETE '/session/e7da2352-4c43-4d7b-b4d0-4b1993e1e8ba'
10:08:10.395 [AsyncHttpClient-1-2] DEBUG org.asynchttpclient.netty.handler.HttpHandler - 

Request DefaultFullHttpRequest(decodeResult: success, version: HTTP/1.1, content: EmptyByteBufBE)
DELETE /session/e7da2352-4c43-4d7b-b4d0-4b1993e1e8ba HTTP/1.1
User-Agent: selenium/4.1.2 (java windows)
Content-Type: application/json; charset=utf-8
host: localhost:49610
accept: */*

Response DefaultHttpResponse(decodeResult: success, version: HTTP/1.1)
HTTP/1.1 200 OK
content-type: application/json; charset=utf-8
cache-control: no-cache
date: Mon, 10 Apr 2023 03:08:08 GMT
content-length: 14

10:08:10.395 [AsyncHttpClient-1-2] DEBUG org.asynchttpclient.netty.channel.ChannelManager - Adding key: http://localhost:49610 for channel [id: 0x670ca60a, L:/127.0.0.1:53737 - R:localhost/127.0.0.1:49610]
10:08:10.401 [AsyncHttpClient-1-2] DEBUG org.asynchttpclient.netty.handler.HttpHandler - Unexpected I/O exception on channel [id: 0x670ca60a, L:/127.0.0.1:53737 - R:localhost/127.0.0.1:49610]
java.net.SocketException: Connection reset
	at java.base/sun.nio.ch.SocketChannelImpl.throwConnectionReset(SocketChannelImpl.java:345)
	at java.base/sun.nio.ch.SocketChannelImpl.read(SocketChannelImpl.java:376)
	at io.netty.buffer.PooledByteBuf.setBytes(PooledByteBuf.java:258)
	at io.netty.buffer.AbstractByteBuf.writeBytes(AbstractByteBuf.java:1132)
	at io.netty.channel.socket.nio.NioSocketChannel.doReadBytes(NioSocketChannel.java:350)
	at io.netty.channel.nio.AbstractNioByteChannel$NioByteUnsafe.read(AbstractNioByteChannel.java:151)
	at io.netty.channel.nio.NioEventLoop.processSelectedKey(NioEventLoop.java:722)
	at io.netty.channel.nio.NioEventLoop.processSelectedKeysOptimized(NioEventLoop.java:658)
	at io.netty.channel.nio.NioEventLoop.processSelectedKeys(NioEventLoop.java:584)
	at io.netty.channel.nio.NioEventLoop.run(NioEventLoop.java:496)
	at io.netty.util.concurrent.SingleThreadEventExecutor$4.run(SingleThreadEventExecutor.java:986)
	at io.netty.util.internal.ThreadExecutorMap$2.run(ThreadExecutorMap.java:74)
	at io.netty.util.concurrent.FastThreadLocalRunnable.run(FastThreadLocalRunnable.java:30)
	at java.base/java.lang.Thread.run(Thread.java:830)
10:08:10.401 [AsyncHttpClient-1-2] DEBUG org.asynchttpclient.netty.channel.ChannelManager - Closing Channel [id: 0x670ca60a, L:/127.0.0.1:53737 - R:localhost/127.0.0.1:49610] 
10:08:10.402 [AsyncHttpClient-1-2] DEBUG org.asynchttpclient.netty.handler.HttpHandler - Channel Closed: [id: 0x670ca60a, L:/127.0.0.1:53737 ! R:localhost/127.0.0.1:49610] with attribute DISCARD
]]></system-out>
    <system-err><![CDATA[1681096078327	geckodriver	INFO	Listening on 127.0.0.1:49610
1681096079620	mozrunner::runner	INFO	Running command: "C:\\Program Files\\Mozilla Firefox\\firefox.exe" "--marionette" "" "--remote-debugging-port" "60463" "--remote-allow-hosts" "localhost" "-no-remote" "-profile" "C:\\Users\\alwi\\AppData\\Local\\Temp\\rust_mozprofilelZvEHF"
console.warn: services.settings: Ignoring preference override of remote settings server
console.warn: services.settings: Allow by setting MOZ_REMOTE_SETTINGS_DEVTOOLS=1 in the environment
1681096079957	Marionette	INFO	Marionette enabled
Dynamically enable window occlusion 0
1681096079961	Marionette	INFO	Listening on port 53740
WebDriver BiDi listening on ws://127.0.0.1:60463
Read port: 53740
1681096080377	RemoteAgent	WARN	TLS certificate errors will be ignored for this session
console.warn: SearchSettings: "get: No settings file exists, new profile?" (new NotFoundError("Could not open the file at C:\\Users\\alwi\\AppData\\Local\\Temp\\rust_mozprofilelZvEHF\\search.json.mozlz4", (void 0)))
DevTools listening on ws://127.0.0.1:60463/devtools/browser/abde5197-ab21-4916-8532-0d3dba250274
Apr 10, 2023 10:08:02 AM org.openqa.selenium.remote.ProtocolHandshake createSession
INFO: Detected dialect: W3C
JavaScript warning: https://www.uniqlo.com/Mx95Yd/biG/Wo_/8-IanA/Vu7EGJtwEh/el0ZAQ/aiE/QAlg7T10, line 1: unreachable code after return statement
JavaScript warning: https://www.uniqlo.com/Mx95Yd/biG/Wo_/8-IanA/Vu7EGJtwEh/el0ZAQ/aiE/QAlg7T10, line 1: WEBGL_debug_renderer_info is deprecated in Firefox and will be removed. Please use RENDERER.
JavaScript warning: https://www.uniqlo.com/id/elgnisolqinu.js?async&seed=AIAnG2mHAQAAp6_kQ-NvC4pDCvZJooQGzCoxcLZ3CqwiSlxvcp_1EokMlmcT&x-i1ysm4mm--z=q, line 1: WEBGL_debug_renderer_info is deprecated in Firefox and will be removed. Please use RENDERER.
JavaScript warning: https://www.uniqlo.com/Mx95Yd/biG/Wo_/8-IanA/Vu7EGJtwEh/el0ZAQ/aiE/QAlg7T10, line 1: unreachable code after return statement
JavaScript warning: https://www.uniqlo.com/id/elgnisolqinu.js?async&seed=AIAnG2mHAQAAp6_kQ-NvC4pDCvZJooQGzCoxcLZ3CqwiSlxvcp_1EokMlmcT&x-i1ysm4mm--z=q, line 1: WEBGL_debug_renderer_info is deprecated in Firefox and will be removed. Please use RENDERER.
JavaScript warning: https://www.uniqlo.com/Mx95Yd/biG/Wo_/8-IanA/Vu7EGJtwEh/el0ZAQ/aiE/QAlg7T10, line 1: WEBGL_debug_renderer_info is deprecated in Firefox and will be removed. Please use RENDERER.
JavaScript warning: https://www.uniqlo.com/Mx95Yd/biG/Wo_/8-IanA/Vu7EGJtwEh/el0ZAQ/aiE/QAlg7T10, line 1: unreachable code after return statement
JavaScript warning: https://www.uniqlo.com/Mx95Yd/biG/Wo_/8-IanA/Vu7EGJtwEh/el0ZAQ/aiE/QAlg7T10, line 1: WEBGL_debug_renderer_info is deprecated in Firefox and will be removed. Please use RENDERER.
JavaScript warning: https://www.uniqlo.com/id/elgnisolqinu.js?async&seed=AIAnG2mHAQAAp6_kQ-NvC4pDCvZJooQGzCoxcLZ3CqwiSlxvcp_1EokMlmcT&x-i1ysm4mm--z=q, line 1: WEBGL_debug_renderer_info is deprecated in Firefox and will be removed. Please use RENDERER.
1681096088975	Marionette	INFO	Stopped listening on port 53740
Dynamically enable window occlusion 1
WARNING: A blocker encountered an error while we were waiting.
          Blocker:  Waiting for ping task
          Phase: TelemetryController: Waiting for pending ping activity
          State: (none)
WARNING: Error: Phase "profile-before-change" is finished, it is too late to register completion condition "OS.File: flush I/O queued before profileBeforeChange"
WARNING: addBlocker@resource://gre/modules/AsyncShutdown.sys.mjs:727:15
addBlocker@resource://gre/modules/AsyncShutdown.sys.mjs:523:26
addBlocker@resource://gre/modules/AsyncShutdown.sys.mjs:458:15
setupShutdown@resource://gre/modules/osfile/osfile_async_front.jsm:1548:28
@resource://gre/modules/osfile/osfile_async_front.jsm:1568:16
@resource://gre/modules/osfile.jsm:12:30
@resource://gre/modules/TelemetryStorage.sys.mjs:10:28
_checkPendingPings@resource://gre/modules/TelemetrySend.sys.mjs:863:17
setup@resource://gre/modules/TelemetrySend.sys.mjs:803:18
setup@resource://gre/modules/TelemetrySend.sys.mjs:241:30
setupTelemetry/this._delayedInitTask<@resource://gre/modules/TelemetryControllerParent.sys.mjs:828:36
observe@resource://gre/modules/AsyncShutdown.sys.mjs:576:16

console.error: "TelemetryScheduler.shutdown - Already shut down"
WARNING: A blocker encountered an error while we were waiting.
          Blocker:  Waiting for ping task
          Phase: TelemetryController: Waiting for pending ping activity
          State: (none)
WARNING: Error: Phase "profile-before-change" is finished, it is too late to register completion condition "OS.File: flush I/O queued before profileBeforeChange"
WARNING: addBlocker@resource://gre/modules/AsyncShutdown.sys.mjs:727:15
addBlocker@resource://gre/modules/AsyncShutdown.sys.mjs:523:26
addBlocker@resource://gre/modules/AsyncShutdown.sys.mjs:458:15
setupShutdown@resource://gre/modules/osfile/osfile_async_front.jsm:1548:28
@resource://gre/modules/osfile/osfile_async_front.jsm:1568:16
@resource://gre/modules/osfile.jsm:12:30
@resource://gre/modules/TelemetryStorage.sys.mjs:10:28
_checkPendingPings@resource://gre/modules/TelemetrySend.sys.mjs:863:17
setup@resource://gre/modules/TelemetrySend.sys.mjs:803:18
setup@resource://gre/modules/TelemetrySend.sys.mjs:241:30
setupTelemetry/this._delayedInitJTaavska<S@crriepsto uerrcror: rees:o/u/rgrec/e:m/o/dgurel/emsod/ulTeelse/mAestyrynCcoShnuttrdololwenrP.asryenst..mjssy, sl.imnjes 7:82278: :E3r6ro
ro:b sPehravsee "@rpersoofurilcee:-b//egforre/e-mcodhualneges"/A isysn cfShiuntdiowshn.esdy,s .imtjs: 57i6:1s6 
too
W lAaRNtIe NGt:o  Are bgilsotcekre rc oemnpcloeutntieorne dc oann diertrioonr  w"OhSi.leFi lwee:  wfelruse wha iIti/nOg .q
u e u e d   be  fo re  Bplroockfielre: B efWoairteiCnhga nfogre "p
ing task
Ja v a Sc  r ip t    erPrhaors:e: r esoTuerlceeme:t/ry/gCroent/mroodlluelres: /AWasyinticngS hfuotdowrn p.esynsd.inmgj sp,i nlg inaecti v7i2t7y:
  E r r  or :   P  haStseat "ep:r of(niolene-b)ef
oWArReN-IcNhG:a nEgrer"or : iPsh afsien i"sphreod,f iit lies- bteoforoe -clhaatneg et"o  riesg ifsitneri schoemdp,le tiito ni sc otnodoi tliaotne  "tOoS .rFielge:i sftleurs hc Io/mOp lquetioeune dc obenfdoiret ipornof i"lOeSB.eFfiolreeC: fhalnusghe "I/
OJ qauveaueSdc rbiefore profpitl eerrBoerf: resouorcree:C/h/agnrgee/"mo
dWuAlRNeIsN/GA:s yandcSdhBultodocwkne.sry@s.rmejss,o ulricnee: /7/2g7r:e /Emrordourle:s /PAhsasyen "cSprhouftidloew-nb.efsoyrse.-mcjhsa:n7g27e:"1 5i
sa dfdiBnlioschkeer@dr,e siotu rics et:oo/ /lgarte/em odtuol ers/eAgsiysntceSr hcoumtpdloetwino.ns cyosn.dimtjiso:n5 2"3O:S26.F
ialded:B flloucskhe rI/@Or equseouuedr cbee:/f/ogrree /pmroofdiulleeBse/fAosryeCnhcaSnhguet"do
wJna.vsaySsc.rmijpst: 4e5r8r:o1r5: r
essoeutrucep:S/h/ugrted/omwond@urleesso/uArscyenc:S/h/ugtdroew/nm.osdyusl.emsjs/,o slfiinle e/7o2s7f:i lEer_raosrync_f: rPohnats.ej "spmr:o1f5i4le-8be:f2o8r
@ere-scohuarnceg:e/" /igsr ef/inmiodsuhleeds,/ oistf iisl eto/oo slfaitlee_ atsoy nrce_gifsrtonetr. jcsomm:p1l5et6io8n: 1c6on
d@itrieons o"uOrSc.eF:i/l/eg:r ef/lmuosdh uIl/eOs /quoesufeid lbee.fjosrem :p12r:o3f0i
l@erBeesfoourrecCeh:a/n/gge"re
/JmavoadSculriespt/T eelermreotrry:S troersaogeu.rcsye:s.//mgjsr:e/mod1u0:le2s/8A
_cshyenckcPSehndutidnogwn.Psyinsg.smj@rs,e slouirnec e:72//7g: reE/rmoror: Phase "profile-before-change" is finished, it is too late to register completion conditiodunl "eOsS/.TFeilleem: eftlrusyhS I/O eqnudeu.esdy sb.eforem jpsr:o8f6i3:l1e7Be
fsoerteuCph@arnege"s
oJuarvcaeS:c/r/igpret/ meordruolre:s /rTeesloeumrecet:ry/S/egnrde./sysm.omdjusl:e8s0/3:A1s8yn
csSehtuutpdo@wrne.ssyosu.rmcjes:,/ l/ignree /7m2o7du:l eEsr/rToerl:e mPehtarsyeS e"npdr.osfyilse.-mbjesf:o24r1e:-3c0ha
nsgeet"u ipTelse mfeintirsyh/etd,h iist .i_sd teoloa yleadtIen ittoT asrke<g@irsetseor ucrocmep:l/e/tgre/mioodnu conldeist/Tieolne m"eOtSr.yFCiolnet:r ofllluesrhP aIr/eOn tq.useyuse.dm jbse:f82o8r:e3 6pr
oofbseirvlee@BreefsooruerCchea:n/g/eg"re
/modules/AsyncShutdown.sys.mjs:576:16

WARNING: A blocker encountered an error while we were waiting.
          Blocker:  TelemetryController: shutting down
          Phase: profile-before-change-telemetry
          State: Error getting state: Error: Phase "profile-before-change" is finished, it is too late to register completion condition "OS.File: flush I/O queued before profileBeforeChange" at addBlocker@resource://gre/modules/AsyncShutdown.sys.mjs:727:15
addBlocker@resource://gre/modules/AsyncShutdown.sys.mjs:523:26
addBlocker@resource://gre/modules/AsyncShutdown.sys.mjs:458:15
setupShutdown@resource://gre/modules/osfile/osfile_async_front.jsm:1548:28
@resource://gre/modules/osfile/osfile_async_front.jsm:1568:16
@resource://gre/modules/osfile.jsm:12:30
@resource://gre/modules/TelemetryStorage.sys.mjs:10:28
_checkPendingPings@resource://gre/modules/TelemetrySend.sys.mjs:863:17
setup@resource://gre/modules/TelemetrySend.sys.mjs:803:18
setup@resource://gre/modules/TelemetrySend.sys.mjs:241:30
setupTelemetry/this._delayedInitTask<@resource://gre/modules/TelemetryControllerParent.sys.mjs:828:36
observe@resource://gre/modules/AsyncShutdown.sys.mjs:576:16

WARNING: Error: Phase "profile-before-change" is finished, it is too late to register completion condition "OS.File: flush I/O queued before profileBeforeChange"
WARNING: addBlocker@resource://gre/modules/AsyncShutdown.sys.mjs:727:15
addBlocker@resource://gre/modules/AsyncShutdown.sys.mjs:523:26
addBlocker@resource://gre/modules/AsyncShutdown.sys.mjs:458:15
setupShutdown@resource://gre/modules/osfile/osfile_async_front.jsm:1548:28
@resource://gre/modules/osfile/osfile_async_front.jsm:1568:16
@resource://gre/modules/osfile.jsm:12:30
@resource://gre/modules/TelemetryStorage.sys.mjs:10:28
_checkPendingPings@resource://gre/modules/TelemetrySend.sys.mjs:863:17
setup@resource://gre/modules/TelemetrySend.sys.mjs:803:18
setup@resource://gre/modules/TelemetrySend.sys.mjs:241:30
setupTelemetry/this._delayedInitTask<@resource://gre/modules/TelemetryControllerParent.sys.mjs:828:36
observe@resource://gre/modules/AsyncShutdown.sys.mjs:576:16

]]></system-err>
  </testcase>
  <testcase name="Fitur Menu Baby #1" classname="Baby" time="8.249">
    <system-out><![CDATA[10:08:10.464 [main] INFO io.cucumber.core.plugin.SerenityReporter - Running feature from file:///C:/Users/alwi/IdeaProjects/uniqloweb/src/test/resources/features/Baby.feature
10:08:10.467 [main] DEBUG net.thucydides.core.steps.StepEventBus - Test suite started for story net.thucydides.core.model.Story@749543e8
10:08:10.468 [main] INFO  - Test Suite Started: Baby

@baby
Scenario Outline: Fitur Menu Baby &amp#27;[90m# src/test/resources/features/Baby.feature:13&amp#27;[0m
10:08:10.482 [main] INFO io.cucumber.core.plugin.SerenityReporter - Running feature from file:///C:/Users/alwi/IdeaProjects/uniqloweb/src/test/resources/features/Baby.feature
10:08:10.491 [main] INFO  - 
  _____   ___   ___   _____     ___   _____     _     ___   _____   ___   ___  
 |_   _| | __| / __| |_   _|   / __| |_   _|   /_\   | _ \ |_   _| | __| |   \ 
   | |   | _|  \__ \   | |     \__ \   | |    / _ \  |   /   | |   | _|  | |) |
   |_|   |___| |___/   |_|     |___/   |_|   /_/ \_\ |_|_\   |_|   |___| |___/ 

Fitur Menu Baby(baby;fitur-menu-baby)
--------------------------------------------------------------------------------
10:08:10.517 [main] INFO net.serenitybdd.core.webdriver.driverproviders.FirefoxDriverProvider - Using automatically driver download
10:08:10.665 [main] DEBUG io.github.bonigarcia.wdm.cache.ResolutionCache - Resolution firefox=111 in cache (valid until 10:32:56 10/04/2023 WIB)
10:08:10.670 [main] DEBUG io.github.bonigarcia.wdm.cache.ResolutionCache - Resolution firefox111=0.32.2 in cache (valid until 19:30:50 10/04/2023 WIB)
10:08:10.673 [main] INFO io.github.bonigarcia.wdm.WebDriverManager - Using geckodriver 0.32.2 (resolved driver for Firefox 111)
10:08:10.695 [main] DEBUG io.github.bonigarcia.wdm.WebDriverManager - Driver geckodriver 0.32.2 found in cache
10:08:10.696 [main] INFO io.github.bonigarcia.wdm.WebDriverManager - Exporting webdriver.gecko.driver as C:\Users\alwi\.cache\selenium\geckodriver\win64\0.32.2\geckodriver.exe
10:08:10.716 [main] DEBUG net.serenitybdd.core.webdriver.driverproviders.ProvideNewDriver - Instantiating driver
10:08:10.716 [main] DEBUG net.serenitybdd.core.webdriver.driverproviders.ProvideNewDriver - Driver capabilities: Capabilities {acceptInsecureCerts: true, browserName: firefox, moz:debuggerAddress: true, moz:firefoxOptions: {args: [], profile: UEsDBBQACAgIAAVRilYAAAAAAAA...}}
10:08:10.918 [AsyncHttpClient-1-1] DEBUG org.asynchttpclient.netty.channel.DefaultChannelPool - Entry count for : http://localhost:49610 : 1
10:08:10.918 [AsyncHttpClient-1-1] DEBUG org.asynchttpclient.netty.channel.DefaultChannelPool - Adding Candidate expired Channel [id: 0x670ca60a, L:/127.0.0.1:53737 ! R:localhost/127.0.0.1:49610] isIdleTimeoutExpired=false isRemotelyClosed=true isTtlExpired=false
10:08:10.918 [AsyncHttpClient-1-1] DEBUG org.asynchttpclient.netty.channel.DefaultChannelPool - Closing Idle Channel [id: 0x670ca60a, L:/127.0.0.1:53737 ! R:localhost/127.0.0.1:49610]
10:08:10.918 [AsyncHttpClient-1-1] DEBUG org.asynchttpclient.netty.channel.DefaultChannelPool - Closed 1 connections out of 1 in 0 ms
10:08:11.257 [AsyncHttpClient-1-4] DEBUG org.asynchttpclient.netty.channel.NettyConnectListener - Using new Channel '[id: 0xaf881eca, L:/127.0.0.1:53851 - R:localhost/127.0.0.1:63911]' for 'POST' to '/session'
10:08:13.526 [AsyncHttpClient-1-4] DEBUG org.asynchttpclient.netty.handler.HttpHandler - 

Request DefaultHttpRequest(decodeResult: success, version: HTTP/1.1)
POST /session HTTP/1.1
User-Agent: selenium/4.1.2 (java windows)
Content-Length: 3673
Content-Type: application/json; charset=utf-8
host: localhost:63911
accept: */*

Response DefaultHttpResponse(decodeResult: success, version: HTTP/1.1)
HTTP/1.1 200 OK
content-type: application/json; charset=utf-8
cache-control: no-cache
date: Mon, 10 Apr 2023 03:08:11 GMT
content-length: 790

10:08:13.526 [AsyncHttpClient-1-4] DEBUG org.asynchttpclient.netty.channel.ChannelManager - Adding key: http://localhost:63911 for channel [id: 0xaf881eca, L:/127.0.0.1:53851 - R:localhost/127.0.0.1:63911]
10:08:13.537 [AsyncHttpClient-1-5] DEBUG org.asynchttpclient.netty.channel.NettyConnectListener - Using new Channel '[id: 0x4547b2cd, L:/127.0.0.1:53870 - R:/127.0.0.1:64627]' for 'GET' to '/json/version'
10:08:13.545 [AsyncHttpClient-1-5] DEBUG org.asynchttpclient.netty.handler.HttpHandler - 

Request DefaultFullHttpRequest(decodeResult: success, version: HTTP/1.1, content: EmptyByteBufBE)
GET /json/version HTTP/1.1
User-Agent: selenium/4.1.2 (java windows)
host: 127.0.0.1:64627
accept: */*

Response DefaultHttpResponse(decodeResult: success, version: HTTP/1.1)
HTTP/1.1 200 OK
content-type: application/json
connection: close
server: httpd.js
date: Mon, 10 Apr 2023 03:08:13 GMT
content-length: 311

10:08:13.545 [AsyncHttpClient-1-5] DEBUG org.asynchttpclient.netty.channel.ChannelManager - Closing Channel [id: 0x4547b2cd, L:/127.0.0.1:53870 - R:/127.0.0.1:64627] 
10:08:13.546 [AsyncHttpClient-1-5] DEBUG org.asynchttpclient.netty.handler.HttpHandler - Channel Closed: [id: 0x4547b2cd, L:/127.0.0.1:53870 ! R:/127.0.0.1:64627] with attribute DISCARD
10:08:13.549 [Forwarding get on session 14ff1035-21ec-4b26-a050-b7051dc9ef59 to remote] DEBUG org.asynchttpclient.netty.request.NettyRequestSender - Using pooled Channel '[id: 0xaf881eca, L:/127.0.0.1:53851 - R:localhost/127.0.0.1:63911]' for 'POST' to 'http://localhost:63911/session/14ff1035-21ec-4b26-a050-b7051dc9ef59/url'
10:08:13.549 [Forwarding get on session 14ff1035-21ec-4b26-a050-b7051dc9ef59 to remote] DEBUG org.asynchttpclient.netty.request.NettyRequestSender - Using open Channel [id: 0xaf881eca, L:/127.0.0.1:53851 - R:localhost/127.0.0.1:63911] for POST '/session/14ff1035-21ec-4b26-a050-b7051dc9ef59/url'
10:08:15.291 [AsyncHttpClient-1-4] DEBUG org.asynchttpclient.netty.handler.HttpHandler - 

Request DefaultHttpRequest(decodeResult: success, version: HTTP/1.1)
POST /session/14ff1035-21ec-4b26-a050-b7051dc9ef59/url HTTP/1.1
User-Agent: selenium/4.1.2 (java windows)
Content-Length: 69
Content-Type: application/json; charset=utf-8
host: localhost:63911
accept: */*

Response DefaultHttpResponse(decodeResult: success, version: HTTP/1.1)
HTTP/1.1 200 OK
content-type: application/json; charset=utf-8
cache-control: no-cache
date: Mon, 10 Apr 2023 03:08:13 GMT
content-length: 14

10:08:15.291 [AsyncHttpClient-1-4] DEBUG org.asynchttpclient.netty.channel.ChannelManager - Adding key: http://localhost:63911 for channel [id: 0xaf881eca, L:/127.0.0.1:53851 - R:localhost/127.0.0.1:63911]
10:08:15.293 [Forwarding setTimeout on session 14ff1035-21ec-4b26-a050-b7051dc9ef59 to remote] DEBUG org.asynchttpclient.netty.request.NettyRequestSender - Using pooled Channel '[id: 0xaf881eca, L:/127.0.0.1:53851 - R:localhost/127.0.0.1:63911]' for 'POST' to 'http://localhost:63911/session/14ff1035-21ec-4b26-a050-b7051dc9ef59/timeouts'
10:08:15.293 [Forwarding setTimeout on session 14ff1035-21ec-4b26-a050-b7051dc9ef59 to remote] DEBUG org.asynchttpclient.netty.request.NettyRequestSender - Using open Channel [id: 0xaf881eca, L:/127.0.0.1:53851 - R:localhost/127.0.0.1:63911] for POST '/session/14ff1035-21ec-4b26-a050-b7051dc9ef59/timeouts'
10:08:15.296 [AsyncHttpClient-1-4] DEBUG org.asynchttpclient.netty.handler.HttpHandler - 

Request DefaultHttpRequest(decodeResult: success, version: HTTP/1.1)
POST /session/14ff1035-21ec-4b26-a050-b7051dc9ef59/timeouts HTTP/1.1
User-Agent: selenium/4.1.2 (java windows)
Content-Length: 22
Content-Type: application/json; charset=utf-8
host: localhost:63911
accept: */*

Response DefaultHttpResponse(decodeResult: success, version: HTTP/1.1)
HTTP/1.1 200 OK
content-type: application/json; charset=utf-8
cache-control: no-cache
date: Mon, 10 Apr 2023 03:08:15 GMT
content-length: 14

10:08:15.296 [AsyncHttpClient-1-4] DEBUG org.asynchttpclient.netty.channel.ChannelManager - Adding key: http://localhost:63911 for channel [id: 0xaf881eca, L:/127.0.0.1:53851 - R:localhost/127.0.0.1:63911]
10:08:15.300 [Forwarding getCurrentUrl on session 14ff1035-21ec-4b26-a050-b7051dc9ef59 to remote] DEBUG org.asynchttpclient.netty.request.NettyRequestSender - Using pooled Channel '[id: 0xaf881eca, L:/127.0.0.1:53851 - R:localhost/127.0.0.1:63911]' for 'GET' to 'http://localhost:63911/session/14ff1035-21ec-4b26-a050-b7051dc9ef59/url'
10:08:15.300 [Forwarding getCurrentUrl on session 14ff1035-21ec-4b26-a050-b7051dc9ef59 to remote] DEBUG org.asynchttpclient.netty.request.NettyRequestSender - Using open Channel [id: 0xaf881eca, L:/127.0.0.1:53851 - R:localhost/127.0.0.1:63911] for GET '/session/14ff1035-21ec-4b26-a050-b7051dc9ef59/url'
10:08:15.302 [AsyncHttpClient-1-4] DEBUG org.asynchttpclient.netty.handler.HttpHandler - 

Request DefaultFullHttpRequest(decodeResult: success, version: HTTP/1.1, content: EmptyByteBufBE)
GET /session/14ff1035-21ec-4b26-a050-b7051dc9ef59/url HTTP/1.1
User-Agent: selenium/4.1.2 (java windows)
Cache-Control: no-cache
Content-Type: application/json; charset=utf-8
host: localhost:63911
accept: */*

Response DefaultHttpResponse(decodeResult: success, version: HTTP/1.1)
HTTP/1.1 200 OK
content-type: application/json; charset=utf-8
cache-control: no-cache
date: Mon, 10 Apr 2023 03:08:15 GMT
content-length: 41

10:08:15.302 [AsyncHttpClient-1-4] DEBUG org.asynchttpclient.netty.channel.ChannelManager - Adding key: http://localhost:63911 for channel [id: 0xaf881eca, L:/127.0.0.1:53851 - R:localhost/127.0.0.1:63911]
  &amp#27;[32mGiven &amp#27;[0m&amp#27;[32mI am on the home page&amp#27;[0m     &amp#27;[90m# starter.stepdefinitions.BabyStep.iAmOnTheHomePage()&amp#27;[0m
10:08:15.309 [main] DEBUG net.serenitybdd.core.photography.Darkroom - Opening darkroom
10:08:15.310 [Darkroom Processing Line] DEBUG net.serenitybdd.core.photography.DarkroomProcessingLine - Darkroom processing line starting up
10:08:15.310 [Forwarding screenshot on session 14ff1035-21ec-4b26-a050-b7051dc9ef59 to remote] DEBUG org.asynchttpclient.netty.request.NettyRequestSender - Using pooled Channel '[id: 0xaf881eca, L:/127.0.0.1:53851 - R:localhost/127.0.0.1:63911]' for 'GET' to 'http://localhost:63911/session/14ff1035-21ec-4b26-a050-b7051dc9ef59/screenshot'
10:08:15.310 [Forwarding screenshot on session 14ff1035-21ec-4b26-a050-b7051dc9ef59 to remote] DEBUG org.asynchttpclient.netty.request.NettyRequestSender - Using open Channel [id: 0xaf881eca, L:/127.0.0.1:53851 - R:localhost/127.0.0.1:63911] for GET '/session/14ff1035-21ec-4b26-a050-b7051dc9ef59/screenshot'
10:08:15.925 [AsyncHttpClient-1-4] DEBUG org.asynchttpclient.netty.handler.HttpHandler - 

Request DefaultFullHttpRequest(decodeResult: success, version: HTTP/1.1, content: EmptyByteBufBE)
GET /session/14ff1035-21ec-4b26-a050-b7051dc9ef59/screenshot HTTP/1.1
User-Agent: selenium/4.1.2 (java windows)
Cache-Control: no-cache
Content-Type: application/json; charset=utf-8
host: localhost:63911
accept: */*

Response DefaultHttpResponse(decodeResult: success, version: HTTP/1.1)
HTTP/1.1 200 OK
content-type: application/json; charset=utf-8
cache-control: no-cache
date: Mon, 10 Apr 2023 03:08:15 GMT
content-length: 102292

10:08:15.927 [AsyncHttpClient-1-4] DEBUG org.asynchttpclient.netty.channel.ChannelManager - Adding key: http://localhost:63911 for channel [id: 0xaf881eca, L:/127.0.0.1:53851 - R:localhost/127.0.0.1:63911]
10:08:15.935 [main] DEBUG net.serenitybdd.core.photography.Darkroom - Send negative for processing for target\site\serenity\8a0c8bc2dbf42a46aae3cd1beaa455337d476816f85a827b12453669e5ebd143.png
10:08:15.936 [Darkroom Processing Line] DEBUG net.serenitybdd.core.photography.DarkroomProcessingLine - Processing screenshot image in /var/screenshots/screenshot-11504950569614689290
10:08:15.936 [Darkroom Processing Line] DEBUG net.serenitybdd.core.photography.DarkroomProcessingLine - Saving screenshot to target\site\serenity\8a0c8bc2dbf42a46aae3cd1beaa455337d476816f85a827b12453669e5ebd143.png
10:08:15.957 [Forwarding findElement on session 14ff1035-21ec-4b26-a050-b7051dc9ef59 to remote] DEBUG org.asynchttpclient.netty.request.NettyRequestSender - Using pooled Channel '[id: 0xaf881eca, L:/127.0.0.1:53851 - R:localhost/127.0.0.1:63911]' for 'POST' to 'http://localhost:63911/session/14ff1035-21ec-4b26-a050-b7051dc9ef59/element'
10:08:15.958 [Forwarding findElement on session 14ff1035-21ec-4b26-a050-b7051dc9ef59 to remote] DEBUG org.asynchttpclient.netty.request.NettyRequestSender - Using open Channel [id: 0xaf881eca, L:/127.0.0.1:53851 - R:localhost/127.0.0.1:63911] for POST '/session/14ff1035-21ec-4b26-a050-b7051dc9ef59/element'
10:08:16.046 [AsyncHttpClient-1-4] DEBUG org.asynchttpclient.netty.handler.HttpHandler - 

Request DefaultHttpRequest(decodeResult: success, version: HTTP/1.1)
POST /session/14ff1035-21ec-4b26-a050-b7051dc9ef59/element HTTP/1.1
User-Agent: selenium/4.1.2 (java windows)
Content-Length: 81
Content-Type: application/json; charset=utf-8
host: localhost:63911
accept: */*

Response DefaultHttpResponse(decodeResult: success, version: HTTP/1.1)
HTTP/1.1 200 OK
content-type: application/json; charset=utf-8
cache-control: no-cache
date: Mon, 10 Apr 2023 03:08:15 GMT
content-length: 88

10:08:16.046 [AsyncHttpClient-1-4] DEBUG org.asynchttpclient.netty.channel.ChannelManager - Adding key: http://localhost:63911 for channel [id: 0xaf881eca, L:/127.0.0.1:53851 - R:localhost/127.0.0.1:63911]
10:08:16.050 [Forwarding getElementTagName on session 14ff1035-21ec-4b26-a050-b7051dc9ef59 to remote] DEBUG org.asynchttpclient.netty.request.NettyRequestSender - Using pooled Channel '[id: 0xaf881eca, L:/127.0.0.1:53851 - R:localhost/127.0.0.1:63911]' for 'GET' to 'http://localhost:63911/session/14ff1035-21ec-4b26-a050-b7051dc9ef59/element/9cde6cb0-b8cd-4591-b6c8-a3f5cd2f61de/name'
10:08:16.050 [Forwarding getElementTagName on session 14ff1035-21ec-4b26-a050-b7051dc9ef59 to remote] DEBUG org.asynchttpclient.netty.request.NettyRequestSender - Using open Channel [id: 0xaf881eca, L:/127.0.0.1:53851 - R:localhost/127.0.0.1:63911] for GET '/session/14ff1035-21ec-4b26-a050-b7051dc9ef59/element/9cde6cb0-b8cd-4591-b6c8-a3f5cd2f61de/name'
10:08:16.056 [AsyncHttpClient-1-4] DEBUG org.asynchttpclient.netty.handler.HttpHandler - 

Request DefaultFullHttpRequest(decodeResult: success, version: HTTP/1.1, content: EmptyByteBufBE)
GET /session/14ff1035-21ec-4b26-a050-b7051dc9ef59/element/9cde6cb0-b8cd-4591-b6c8-a3f5cd2f61de/name HTTP/1.1
User-Agent: selenium/4.1.2 (java windows)
Cache-Control: no-cache
Content-Type: application/json; charset=utf-8
host: localhost:63911
accept: */*

Response DefaultHttpResponse(decodeResult: success, version: HTTP/1.1)
HTTP/1.1 200 OK
content-type: application/json; charset=utf-8
cache-control: no-cache
date: Mon, 10 Apr 2023 03:08:15 GMT
content-length: 16

10:08:16.056 [AsyncHttpClient-1-4] DEBUG org.asynchttpclient.netty.channel.ChannelManager - Adding key: http://localhost:63911 for channel [id: 0xaf881eca, L:/127.0.0.1:53851 - R:localhost/127.0.0.1:63911]
10:08:16.059 [Forwarding getElementTagName on session 14ff1035-21ec-4b26-a050-b7051dc9ef59 to remote] DEBUG org.asynchttpclient.netty.request.NettyRequestSender - Using pooled Channel '[id: 0xaf881eca, L:/127.0.0.1:53851 - R:localhost/127.0.0.1:63911]' for 'GET' to 'http://localhost:63911/session/14ff1035-21ec-4b26-a050-b7051dc9ef59/element/9cde6cb0-b8cd-4591-b6c8-a3f5cd2f61de/name'
10:08:16.059 [Forwarding getElementTagName on session 14ff1035-21ec-4b26-a050-b7051dc9ef59 to remote] DEBUG org.asynchttpclient.netty.request.NettyRequestSender - Using open Channel [id: 0xaf881eca, L:/127.0.0.1:53851 - R:localhost/127.0.0.1:63911] for GET '/session/14ff1035-21ec-4b26-a050-b7051dc9ef59/element/9cde6cb0-b8cd-4591-b6c8-a3f5cd2f61de/name'
10:08:16.076 [AsyncHttpClient-1-4] DEBUG org.asynchttpclient.netty.handler.HttpHandler - 

Request DefaultFullHttpRequest(decodeResult: success, version: HTTP/1.1, content: EmptyByteBufBE)
GET /session/14ff1035-21ec-4b26-a050-b7051dc9ef59/element/9cde6cb0-b8cd-4591-b6c8-a3f5cd2f61de/name HTTP/1.1
User-Agent: selenium/4.1.2 (java windows)
Cache-Control: no-cache
Content-Type: application/json; charset=utf-8
host: localhost:63911
accept: */*

Response DefaultHttpResponse(decodeResult: success, version: HTTP/1.1)
HTTP/1.1 200 OK
content-type: application/json; charset=utf-8
cache-control: no-cache
date: Mon, 10 Apr 2023 03:08:15 GMT
content-length: 16

10:08:16.076 [AsyncHttpClient-1-4] DEBUG org.asynchttpclient.netty.channel.ChannelManager - Adding key: http://localhost:63911 for channel [id: 0xaf881eca, L:/127.0.0.1:53851 - R:localhost/127.0.0.1:63911]
10:08:16.079 [Forwarding findElement on session 14ff1035-21ec-4b26-a050-b7051dc9ef59 to remote] DEBUG org.asynchttpclient.netty.request.NettyRequestSender - Using pooled Channel '[id: 0xaf881eca, L:/127.0.0.1:53851 - R:localhost/127.0.0.1:63911]' for 'POST' to 'http://localhost:63911/session/14ff1035-21ec-4b26-a050-b7051dc9ef59/element'
10:08:16.080 [Forwarding findElement on session 14ff1035-21ec-4b26-a050-b7051dc9ef59 to remote] DEBUG org.asynchttpclient.netty.request.NettyRequestSender - Using open Channel [id: 0xaf881eca, L:/127.0.0.1:53851 - R:localhost/127.0.0.1:63911] for POST '/session/14ff1035-21ec-4b26-a050-b7051dc9ef59/element'
10:08:16.088 [AsyncHttpClient-1-4] DEBUG org.asynchttpclient.netty.handler.HttpHandler - 

Request DefaultHttpRequest(decodeResult: success, version: HTTP/1.1)
POST /session/14ff1035-21ec-4b26-a050-b7051dc9ef59/element HTTP/1.1
User-Agent: selenium/4.1.2 (java windows)
Content-Length: 81
Content-Type: application/json; charset=utf-8
host: localhost:63911
accept: */*

Response DefaultHttpResponse(decodeResult: success, version: HTTP/1.1)
HTTP/1.1 200 OK
content-type: application/json; charset=utf-8
cache-control: no-cache
date: Mon, 10 Apr 2023 03:08:15 GMT
content-length: 88

10:08:16.088 [AsyncHttpClient-1-4] DEBUG org.asynchttpclient.netty.channel.ChannelManager - Adding key: http://localhost:63911 for channel [id: 0xaf881eca, L:/127.0.0.1:53851 - R:localhost/127.0.0.1:63911]
10:08:16.091 [Forwarding clickElement on session 14ff1035-21ec-4b26-a050-b7051dc9ef59 to remote] DEBUG org.asynchttpclient.netty.request.NettyRequestSender - Using pooled Channel '[id: 0xaf881eca, L:/127.0.0.1:53851 - R:localhost/127.0.0.1:63911]' for 'POST' to 'http://localhost:63911/session/14ff1035-21ec-4b26-a050-b7051dc9ef59/element/9cde6cb0-b8cd-4591-b6c8-a3f5cd2f61de/click'
10:08:16.091 [Forwarding clickElement on session 14ff1035-21ec-4b26-a050-b7051dc9ef59 to remote] DEBUG org.asynchttpclient.netty.request.NettyRequestSender - Using open Channel [id: 0xaf881eca, L:/127.0.0.1:53851 - R:localhost/127.0.0.1:63911] for POST '/session/14ff1035-21ec-4b26-a050-b7051dc9ef59/element/9cde6cb0-b8cd-4591-b6c8-a3f5cd2f61de/click'
10:08:16.764 [AsyncHttpClient-1-4] DEBUG org.asynchttpclient.netty.handler.HttpHandler - 

Request DefaultHttpRequest(decodeResult: success, version: HTTP/1.1)
POST /session/14ff1035-21ec-4b26-a050-b7051dc9ef59/element/9cde6cb0-b8cd-4591-b6c8-a3f5cd2f61de/click HTTP/1.1
User-Agent: selenium/4.1.2 (java windows)
Content-Length: 50
Content-Type: application/json; charset=utf-8
host: localhost:63911
accept: */*

Response DefaultHttpResponse(decodeResult: success, version: HTTP/1.1)
HTTP/1.1 200 OK
content-type: application/json; charset=utf-8
cache-control: no-cache
date: Mon, 10 Apr 2023 03:08:15 GMT
content-length: 14

10:08:16.764 [AsyncHttpClient-1-4] DEBUG org.asynchttpclient.netty.channel.ChannelManager - Adding key: http://localhost:63911 for channel [id: 0xaf881eca, L:/127.0.0.1:53851 - R:localhost/127.0.0.1:63911]
  &amp#27;[32mThen &amp#27;[0m&amp#27;[32mI click baby on the header&amp#27;[0m &amp#27;[90m# starter.stepdefinitions.BabyStep.iClickBabyOnTheHeader()&amp#27;[0m
10:08:16.773 [Forwarding screenshot on session 14ff1035-21ec-4b26-a050-b7051dc9ef59 to remote] DEBUG org.asynchttpclient.netty.request.NettyRequestSender - Using pooled Channel '[id: 0xaf881eca, L:/127.0.0.1:53851 - R:localhost/127.0.0.1:63911]' for 'GET' to 'http://localhost:63911/session/14ff1035-21ec-4b26-a050-b7051dc9ef59/screenshot'
10:08:16.773 [Forwarding screenshot on session 14ff1035-21ec-4b26-a050-b7051dc9ef59 to remote] DEBUG org.asynchttpclient.netty.request.NettyRequestSender - Using open Channel [id: 0xaf881eca, L:/127.0.0.1:53851 - R:localhost/127.0.0.1:63911] for GET '/session/14ff1035-21ec-4b26-a050-b7051dc9ef59/screenshot'
10:08:16.901 [AsyncHttpClient-1-4] DEBUG org.asynchttpclient.netty.handler.HttpHandler - 

Request DefaultFullHttpRequest(decodeResult: success, version: HTTP/1.1, content: EmptyByteBufBE)
GET /session/14ff1035-21ec-4b26-a050-b7051dc9ef59/screenshot HTTP/1.1
User-Agent: selenium/4.1.2 (java windows)
Cache-Control: no-cache
Content-Type: application/json; charset=utf-8
host: localhost:63911
accept: */*

Response DefaultHttpResponse(decodeResult: success, version: HTTP/1.1)
HTTP/1.1 200 OK
content-type: application/json; charset=utf-8
cache-control: no-cache
date: Mon, 10 Apr 2023 03:08:16 GMT
content-length: 98024

10:08:16.902 [AsyncHttpClient-1-4] DEBUG org.asynchttpclient.netty.channel.ChannelManager - Adding key: http://localhost:63911 for channel [id: 0xaf881eca, L:/127.0.0.1:53851 - R:localhost/127.0.0.1:63911]
10:08:16.907 [main] DEBUG net.serenitybdd.core.photography.Darkroom - Send negative for processing for target\site\serenity\bcb9a8d665d2c58a930e922f816fcc3ebc2aef855b882f3d531e7c9aa320b06d.png
10:08:16.907 [Darkroom Processing Line] DEBUG net.serenitybdd.core.photography.DarkroomProcessingLine - Processing screenshot image in /var/screenshots/screenshot-14075629508851552947
10:08:16.907 [Darkroom Processing Line] DEBUG net.serenitybdd.core.photography.DarkroomProcessingLine - Saving screenshot to target\site\serenity\bcb9a8d665d2c58a930e922f816fcc3ebc2aef855b882f3d531e7c9aa320b06d.png
10:08:16.919 [Forwarding findElement on session 14ff1035-21ec-4b26-a050-b7051dc9ef59 to remote] DEBUG org.asynchttpclient.netty.request.NettyRequestSender - Using pooled Channel '[id: 0xaf881eca, L:/127.0.0.1:53851 - R:localhost/127.0.0.1:63911]' for 'POST' to 'http://localhost:63911/session/14ff1035-21ec-4b26-a050-b7051dc9ef59/element'
10:08:16.919 [Forwarding findElement on session 14ff1035-21ec-4b26-a050-b7051dc9ef59 to remote] DEBUG org.asynchttpclient.netty.request.NettyRequestSender - Using open Channel [id: 0xaf881eca, L:/127.0.0.1:53851 - R:localhost/127.0.0.1:63911] for POST '/session/14ff1035-21ec-4b26-a050-b7051dc9ef59/element'
10:08:16.961 [AsyncHttpClient-1-4] DEBUG org.asynchttpclient.netty.handler.HttpHandler - 

Request DefaultHttpRequest(decodeResult: success, version: HTTP/1.1)
POST /session/14ff1035-21ec-4b26-a050-b7051dc9ef59/element HTTP/1.1
User-Agent: selenium/4.1.2 (java windows)
Content-Length: 81
Content-Type: application/json; charset=utf-8
host: localhost:63911
accept: */*

Response DefaultHttpResponse(decodeResult: success, version: HTTP/1.1)
HTTP/1.1 200 OK
content-type: application/json; charset=utf-8
cache-control: no-cache
date: Mon, 10 Apr 2023 03:08:16 GMT
content-length: 88

10:08:16.961 [AsyncHttpClient-1-4] DEBUG org.asynchttpclient.netty.channel.ChannelManager - Adding key: http://localhost:63911 for channel [id: 0xaf881eca, L:/127.0.0.1:53851 - R:localhost/127.0.0.1:63911]
10:08:16.967 [Forwarding isElementDisplayed on session 14ff1035-21ec-4b26-a050-b7051dc9ef59 to remote] DEBUG org.asynchttpclient.netty.request.NettyRequestSender - Using pooled Channel '[id: 0xaf881eca, L:/127.0.0.1:53851 - R:localhost/127.0.0.1:63911]' for 'POST' to 'http://localhost:63911/session/14ff1035-21ec-4b26-a050-b7051dc9ef59/execute/sync'
10:08:16.967 [Forwarding isElementDisplayed on session 14ff1035-21ec-4b26-a050-b7051dc9ef59 to remote] DEBUG org.asynchttpclient.netty.request.NettyRequestSender - Using open Channel [id: 0xaf881eca, L:/127.0.0.1:53851 - R:localhost/127.0.0.1:63911] for POST '/session/14ff1035-21ec-4b26-a050-b7051dc9ef59/execute/sync'
10:08:17.060 [AsyncHttpClient-1-4] DEBUG org.asynchttpclient.netty.handler.HttpHandler - 

Request DefaultHttpRequest(decodeResult: success, version: HTTP/1.1)
POST /session/14ff1035-21ec-4b26-a050-b7051dc9ef59/execute/sync HTTP/1.1
User-Agent: selenium/4.1.2 (java windows)
Content-Length: 48780
Content-Type: application/json; charset=utf-8
host: localhost:63911
accept: */*

Response DefaultHttpResponse(decodeResult: success, version: HTTP/1.1)
HTTP/1.1 200 OK
content-type: application/json; charset=utf-8
cache-control: no-cache
date: Mon, 10 Apr 2023 03:08:16 GMT
content-length: 14

10:08:17.061 [AsyncHttpClient-1-4] DEBUG org.asynchttpclient.netty.channel.ChannelManager - Adding key: http://localhost:63911 for channel [id: 0xaf881eca, L:/127.0.0.1:53851 - R:localhost/127.0.0.1:63911]
  &amp#27;[32mWhen &amp#27;[0m&amp#27;[32mI will go to &amp#27;[0m&amp#27;[32m&amp#27;[1m"babyPage"&amp#27;[0m    &amp#27;[90m# starter.stepdefinitions.BabyStep.iWillGoTo(java.lang.String)&amp#27;[0m
10:08:17.070 [Forwarding screenshot on session 14ff1035-21ec-4b26-a050-b7051dc9ef59 to remote] DEBUG org.asynchttpclient.netty.request.NettyRequestSender - Using pooled Channel '[id: 0xaf881eca, L:/127.0.0.1:53851 - R:localhost/127.0.0.1:63911]' for 'GET' to 'http://localhost:63911/session/14ff1035-21ec-4b26-a050-b7051dc9ef59/screenshot'
10:08:17.070 [Forwarding screenshot on session 14ff1035-21ec-4b26-a050-b7051dc9ef59 to remote] DEBUG org.asynchttpclient.netty.request.NettyRequestSender - Using open Channel [id: 0xaf881eca, L:/127.0.0.1:53851 - R:localhost/127.0.0.1:63911] for GET '/session/14ff1035-21ec-4b26-a050-b7051dc9ef59/screenshot'
10:08:17.249 [AsyncHttpClient-1-4] DEBUG org.asynchttpclient.netty.handler.HttpHandler - 

Request DefaultFullHttpRequest(decodeResult: success, version: HTTP/1.1, content: EmptyByteBufBE)
GET /session/14ff1035-21ec-4b26-a050-b7051dc9ef59/screenshot HTTP/1.1
User-Agent: selenium/4.1.2 (java windows)
Cache-Control: no-cache
Content-Type: application/json; charset=utf-8
host: localhost:63911
accept: */*

Response DefaultHttpResponse(decodeResult: success, version: HTTP/1.1)
HTTP/1.1 200 OK
content-type: application/json; charset=utf-8
cache-control: no-cache
date: Mon, 10 Apr 2023 03:08:16 GMT
content-length: 98024

10:08:17.250 [AsyncHttpClient-1-4] DEBUG org.asynchttpclient.netty.channel.ChannelManager - Adding key: http://localhost:63911 for channel [id: 0xaf881eca, L:/127.0.0.1:53851 - R:localhost/127.0.0.1:63911]
10:08:17.255 [main] DEBUG net.serenitybdd.core.photography.Darkroom - Send negative for processing for target\site\serenity\bcb9a8d665d2c58a930e922f816fcc3ebc2aef855b882f3d531e7c9aa320b06d.png
10:08:17.267 [Forwarding findElement on session 14ff1035-21ec-4b26-a050-b7051dc9ef59 to remote] DEBUG org.asynchttpclient.netty.request.NettyRequestSender - Using pooled Channel '[id: 0xaf881eca, L:/127.0.0.1:53851 - R:localhost/127.0.0.1:63911]' for 'POST' to 'http://localhost:63911/session/14ff1035-21ec-4b26-a050-b7051dc9ef59/element'
10:08:17.267 [Forwarding findElement on session 14ff1035-21ec-4b26-a050-b7051dc9ef59 to remote] DEBUG org.asynchttpclient.netty.request.NettyRequestSender - Using open Channel [id: 0xaf881eca, L:/127.0.0.1:53851 - R:localhost/127.0.0.1:63911] for POST '/session/14ff1035-21ec-4b26-a050-b7051dc9ef59/element'
10:08:17.303 [AsyncHttpClient-1-4] DEBUG org.asynchttpclient.netty.handler.HttpHandler - 

Request DefaultHttpRequest(decodeResult: success, version: HTTP/1.1)
POST /session/14ff1035-21ec-4b26-a050-b7051dc9ef59/element HTTP/1.1
User-Agent: selenium/4.1.2 (java windows)
Content-Length: 81
Content-Type: application/json; charset=utf-8
host: localhost:63911
accept: */*

Response DefaultHttpResponse(decodeResult: success, version: HTTP/1.1)
HTTP/1.1 200 OK
content-type: application/json; charset=utf-8
cache-control: no-cache
date: Mon, 10 Apr 2023 03:08:16 GMT
content-length: 88

10:08:17.303 [AsyncHttpClient-1-4] DEBUG org.asynchttpclient.netty.channel.ChannelManager - Adding key: http://localhost:63911 for channel [id: 0xaf881eca, L:/127.0.0.1:53851 - R:localhost/127.0.0.1:63911]
10:08:17.309 [Forwarding isElementDisplayed on session 14ff1035-21ec-4b26-a050-b7051dc9ef59 to remote] DEBUG org.asynchttpclient.netty.request.NettyRequestSender - Using pooled Channel '[id: 0xaf881eca, L:/127.0.0.1:53851 - R:localhost/127.0.0.1:63911]' for 'POST' to 'http://localhost:63911/session/14ff1035-21ec-4b26-a050-b7051dc9ef59/execute/sync'
10:08:17.309 [Forwarding isElementDisplayed on session 14ff1035-21ec-4b26-a050-b7051dc9ef59 to remote] DEBUG org.asynchttpclient.netty.request.NettyRequestSender - Using open Channel [id: 0xaf881eca, L:/127.0.0.1:53851 - R:localhost/127.0.0.1:63911] for POST '/session/14ff1035-21ec-4b26-a050-b7051dc9ef59/execute/sync'
10:08:17.357 [AsyncHttpClient-1-4] DEBUG org.asynchttpclient.netty.handler.HttpHandler - 

Request DefaultHttpRequest(decodeResult: success, version: HTTP/1.1)
POST /session/14ff1035-21ec-4b26-a050-b7051dc9ef59/execute/sync HTTP/1.1
User-Agent: selenium/4.1.2 (java windows)
Content-Length: 48780
Content-Type: application/json; charset=utf-8
host: localhost:63911
accept: */*

Response DefaultHttpResponse(decodeResult: success, version: HTTP/1.1)
HTTP/1.1 200 OK
content-type: application/json; charset=utf-8
cache-control: no-cache
date: Mon, 10 Apr 2023 03:08:16 GMT
content-length: 14

10:08:17.357 [AsyncHttpClient-1-4] DEBUG org.asynchttpclient.netty.channel.ChannelManager - Adding key: http://localhost:63911 for channel [id: 0xaf881eca, L:/127.0.0.1:53851 - R:localhost/127.0.0.1:63911]
  &amp#27;[32mAnd &amp#27;[0m&amp#27;[32mI &amp#27;[0m&amp#27;[32m&amp#27;[1m"bayi"&amp#27;[0m&amp#27;[32m page&amp#27;[0m               &amp#27;[90m# starter.stepdefinitions.BabyStep.iPage(java.lang.String)&amp#27;[0m
10:08:17.364 [Forwarding screenshot on session 14ff1035-21ec-4b26-a050-b7051dc9ef59 to remote] DEBUG org.asynchttpclient.netty.request.NettyRequestSender - Using pooled Channel '[id: 0xaf881eca, L:/127.0.0.1:53851 - R:localhost/127.0.0.1:63911]' for 'GET' to 'http://localhost:63911/session/14ff1035-21ec-4b26-a050-b7051dc9ef59/screenshot'
10:08:17.364 [Forwarding screenshot on session 14ff1035-21ec-4b26-a050-b7051dc9ef59 to remote] DEBUG org.asynchttpclient.netty.request.NettyRequestSender - Using open Channel [id: 0xaf881eca, L:/127.0.0.1:53851 - R:localhost/127.0.0.1:63911] for GET '/session/14ff1035-21ec-4b26-a050-b7051dc9ef59/screenshot'
10:08:17.470 [AsyncHttpClient-1-4] DEBUG org.asynchttpclient.netty.handler.HttpHandler - 

Request DefaultFullHttpRequest(decodeResult: success, version: HTTP/1.1, content: EmptyByteBufBE)
GET /session/14ff1035-21ec-4b26-a050-b7051dc9ef59/screenshot HTTP/1.1
User-Agent: selenium/4.1.2 (java windows)
Cache-Control: no-cache
Content-Type: application/json; charset=utf-8
host: localhost:63911
accept: */*

Response DefaultHttpResponse(decodeResult: success, version: HTTP/1.1)
HTTP/1.1 200 OK
content-type: application/json; charset=utf-8
cache-control: no-cache
date: Mon, 10 Apr 2023 03:08:16 GMT
content-length: 98024

10:08:17.471 [AsyncHttpClient-1-4] DEBUG org.asynchttpclient.netty.channel.ChannelManager - Adding key: http://localhost:63911 for channel [id: 0xaf881eca, L:/127.0.0.1:53851 - R:localhost/127.0.0.1:63911]
10:08:17.477 [main] DEBUG net.serenitybdd.core.photography.Darkroom - Send negative for processing for target\site\serenity\bcb9a8d665d2c58a930e922f816fcc3ebc2aef855b882f3d531e7c9aa320b06d.png
10:08:17.490 [Driver Command Executor] DEBUG org.asynchttpclient.netty.request.NettyRequestSender - Using pooled Channel '[id: 0xaf881eca, L:/127.0.0.1:53851 - R:localhost/127.0.0.1:63911]' for 'DELETE' to 'http://localhost:63911/session/14ff1035-21ec-4b26-a050-b7051dc9ef59'
10:08:17.490 [Driver Command Executor] DEBUG org.asynchttpclient.netty.request.NettyRequestSender - Using open Channel [id: 0xaf881eca, L:/127.0.0.1:53851 - R:localhost/127.0.0.1:63911] for DELETE '/session/14ff1035-21ec-4b26-a050-b7051dc9ef59'
10:08:18.651 [AsyncHttpClient-1-4] DEBUG org.asynchttpclient.netty.handler.HttpHandler - 

Request DefaultFullHttpRequest(decodeResult: success, version: HTTP/1.1, content: EmptyByteBufBE)
DELETE /session/14ff1035-21ec-4b26-a050-b7051dc9ef59 HTTP/1.1
User-Agent: selenium/4.1.2 (java windows)
Content-Type: application/json; charset=utf-8
host: localhost:63911
accept: */*

Response DefaultHttpResponse(decodeResult: success, version: HTTP/1.1)
HTTP/1.1 200 OK
content-type: application/json; charset=utf-8
cache-control: no-cache
date: Mon, 10 Apr 2023 03:08:16 GMT
content-length: 14

10:08:18.651 [AsyncHttpClient-1-4] DEBUG org.asynchttpclient.netty.channel.ChannelManager - Adding key: http://localhost:63911 for channel [id: 0xaf881eca, L:/127.0.0.1:53851 - R:localhost/127.0.0.1:63911]
10:08:18.654 [AsyncHttpClient-1-4] DEBUG org.asynchttpclient.netty.handler.HttpHandler - Unexpected I/O exception on channel [id: 0xaf881eca, L:/127.0.0.1:53851 - R:localhost/127.0.0.1:63911]
java.net.SocketException: Connection reset
	at java.base/sun.nio.ch.SocketChannelImpl.throwConnectionReset(SocketChannelImpl.java:345)
	at java.base/sun.nio.ch.SocketChannelImpl.read(SocketChannelImpl.java:376)
	at io.netty.buffer.PooledByteBuf.setBytes(PooledByteBuf.java:258)
	at io.netty.buffer.AbstractByteBuf.writeBytes(AbstractByteBuf.java:1132)
	at io.netty.channel.socket.nio.NioSocketChannel.doReadBytes(NioSocketChannel.java:350)
	at io.netty.channel.nio.AbstractNioByteChannel$NioByteUnsafe.read(AbstractNioByteChannel.java:151)
	at io.netty.channel.nio.NioEventLoop.processSelectedKey(NioEventLoop.java:722)
	at io.netty.channel.nio.NioEventLoop.processSelectedKeysOptimized(NioEventLoop.java:658)
	at io.netty.channel.nio.NioEventLoop.processSelectedKeys(NioEventLoop.java:584)
	at io.netty.channel.nio.NioEventLoop.run(NioEventLoop.java:496)
	at io.netty.util.concurrent.SingleThreadEventExecutor$4.run(SingleThreadEventExecutor.java:986)
	at io.netty.util.internal.ThreadExecutorMap$2.run(ThreadExecutorMap.java:74)
	at io.netty.util.concurrent.FastThreadLocalRunnable.run(FastThreadLocalRunnable.java:30)
	at java.base/java.lang.Thread.run(Thread.java:830)
10:08:18.654 [AsyncHttpClient-1-4] DEBUG org.asynchttpclient.netty.channel.ChannelManager - Closing Channel [id: 0xaf881eca, L:/127.0.0.1:53851 - R:localhost/127.0.0.1:63911] 
10:08:18.654 [AsyncHttpClient-1-4] DEBUG org.asynchttpclient.netty.handler.HttpHandler - Channel Closed: [id: 0xaf881eca, L:/127.0.0.1:53851 ! R:localhost/127.0.0.1:63911] with attribute DISCARD
10:08:18.718 [main] INFO  - 
  _____   ___   ___   _____     ___     _     ___   ___   ___   ___  
 |_   _| | __| / __| |_   _|   | _ \   /_\   / __| / __| | __| |   \ 
   | |   | _|  \__ \   | |     |  _/  / _ \  \__ \ \__ \ | _|  | |) |
   |_|   |___| |___/   |_|     |_|   /_/ \_\ |___/ |___/ |___| |___/ 

Fitur Menu Baby
----------------------------------------------------------------------
]]></system-out>
    <system-err><![CDATA[1681096090785	geckodriver	INFO	Listening on 127.0.0.1:63911
1681096091279	mozrunner::runner	INFO	Running command: "C:\\Program Files\\Mozilla Firefox\\firefox.exe" "--marionette" "" "--remote-debugging-port" "64627" "--remote-allow-hosts" "localhost" "-no-remote" "-profile" "C:\\Users\\alwi\\AppData\\Local\\Temp\\rust_mozprofileLXctLa"
console.warn: services.settings: Ignoring preference override of remote settings server
console.warn: services.settings: Allow by setting MOZ_REMOTE_SETTINGS_DEVTOOLS=1 in the environment
1681096091609	Marionette	INFO	Marionette enabled
Dynamically enable window occlusion 0
1681096091614	Marionette	INFO	Listening on port 53854
WebDriver BiDi listening on ws://127.0.0.1:64627
Read port: 53854
1681096091986	RemoteAgent	WARN	TLS certificate errors will be ignored for this session
console.warn: SearchSettings: "get: No settings file exists, new profile?" (new NotFoundError("Could not open the file at C:\\Users\\alwi\\AppData\\Local\\Temp\\rust_mozprofileLXctLa\\search.json.mozlz4", (void 0)))
DevTools listening on ws://127.0.0.1:64627/devtools/browser/9850f71a-c0b2-45ce-a354-ebfe97c2a5a0
Apr 10, 2023 10:08:13 AM org.openqa.selenium.remote.ProtocolHandshake createSession
INFO: Detected dialect: W3C
JavaScript warning: https://www.uniqlo.com/Mx95Yd/biG/Wo_/8-IanA/Vu7EGJtwEh/el0ZAQ/aiE/QAlg7T10, line 1: unreachable code after return statement
JavaScript warning: https://www.uniqlo.com/Mx95Yd/biG/Wo_/8-IanA/Vu7EGJtwEh/el0ZAQ/aiE/QAlg7T10, line 1: WEBGL_debug_renderer_info is deprecated in Firefox and will be removed. Please use RENDERER.
JavaScript warning: https://www.uniqlo.com/id/elgnisolqinu.js?async&seed=AIAnG2mHAQAAp6_kQ-NvC4pDCvZJooQGzCoxcLZ3CqwiSlxvcp_1EokMlmcT&x-i1ysm4mm--z=q, line 1: WEBGL_debug_renderer_info is deprecated in Firefox and will be removed. Please use RENDERER.
1681096097493	Marionette	INFO	Stopped listening on port 53854
Dynamically enable window occlusion 1
WARNING: A blocker encountered an error while we were waiting.
          Blocker:  Waiting for ping task
          Phase: TelemetryController: Waiting for pending ping activity
          State: (none)
WARNING: Error: Phase "profile-before-change" is finished, it is too late to register completion condition "OS.File: flush I/O queued before profileBeforeChange"
WARNING: addBlocker@resource://gre/modules/AsyncShutdown.sys.mjs:727:15
addBlocker@resource://gre/modules/AsyncShutdown.sys.mjs:523:26
addBlocker@resource://gre/modules/AsyncShutdown.sys.mjs:458:15
setupShutdown@resource://gre/modules/osfile/osfile_async_front.jsm:1548:28
@resource://gre/modules/osfile/osfile_async_front.jsm:1568:16
@resource://gre/modules/osfile.jsm:12:30
@resource://gre/modules/TelemetryStorage.sys.mjs:10:28
_checkPendingPings@resource://gre/modules/TelemetrySend.sys.mjs:863:17
setup@resource://gre/modules/TelemetrySend.sys.mjs:803:18
setup@resource://gre/modules/TelemetrySend.sys.mjs:241:30
setupTelemetry/this._delayedInitTask<@resource://gre/modules/TelemetryControllerParent.sys.mjs:828:36
observe@resource://gre/modules/AsyncShutdown.sys.mjs:576:16

console.error: "TelemetryScheduler.shutdown - Already shut down"
WARNING: A blocker encountered an error while we were waiting.
          Blocker:  Waiting for ping task
          Phase: TelemetryController: Waiting for pending ping activity
          State: (none)
WARNING: Error: Phase "profile-before-change" is finished, it is too late to register completion condition "OS.File: flush I/O queued before profileBeforeChange"
WARNING: addBlocker@resource://gre/modules/AsyncShutdown.sys.mjs:727:15
addBlocker@resource://gre/modules/AsyncShutdown.sys.mjs:523:26
addBlocker@resource://gre/modules/AsyncShutdown.sys.mjs:458:15
setupShutdown@resource://gre/modules/osfile/osfile_async_front.jsm:1548:28
@resource://gre/modules/osfile/osfile_async_front.jsm:1568:16
@resource://gre/modules/osfile.jsm:12:30
@resource://gre/modules/TelemetryStorage.sys.mjs:10:28
_checkPendingPings@resource://gre/modules/TelemetrySend.sys.mjs:863:17
setup@resource://gre/modules/TelemetrySend.sys.mjs:803:18
setup@resource://gre/modules/TelemetrySend.sys.mjs:241:30
setupTelemetry/this._delayedInitTask<@resource://gre/modules/TelemetryControllerParent.sys.mjs:828:36
observe@resource://gre/modules/AsyncShutdown.sys.mjs:576:16

WARNING: A blocker encountered an error while we were waiting.
          Blocker:  Waiting for ping task
          Phase: TelemetryController: Waiting for pending ping activity
          State: (none)
WARNING: Error: Phase "profile-before-change" is finished, it is too late to register completion condition "OS.File: flush I/O queued before profileBeforeChange"
WARNING: addBlocker@resource://gre/modules/AsyncShutdown.sys.mjs:727:15
addBlocker@resource://gre/modules/AsyncShutdown.sys.mjs:523:26
addBlocker@resource://gre/modules/AsyncShutdown.sys.mjs:458:15
setupShutdown@resource://gre/modules/osfile/osfile_async_front.jsm:1548:28
@resource://gre/modules/osfile/osfile_async_front.jsm:1568:16
@resource://gre/modules/osfile.jsm:12:30
@resource://gre/modules/TelemetryStorage.sys.mjs:10:28
_checkPendingPings@resource://gre/modules/TelemetrySend.sys.mjs:863:17
setup@resource://gre/modules/TelemetrySend.sys.mjs:803:18
setup@resource://gre/modules/TelemetrySend.sys.mjs:241:30
setupTelemetry/this._delayedInitTask<@resource://gre/modules/TelemetryControllerParent.sys.mjs:828:36
observe@resource://gre/modules/AsyncShutdown.sys.mjs:576:16

WARNING: A blocker encountered an error while we were waiting.
          Blocker:  TelemetryController: shutting down
          Phase: profile-before-change-telemetry
          State: Error getting state: Error: Phase "profile-before-change" is finished, it is too late to register completion condition "OS.File: flush I/O queued before profileBeforeChange" at addBlocker@resource://gre/modules/AsyncShutdown.sys.mjs:727:15
addBlocker@resource://gre/modules/AsyncShutdown.sys.mjs:523:26
addBlocker@resource://gre/modules/AsyncShutdown.sys.mjs:458:15
setupShutdown@resource://gre/modules/osfile/osfile_async_front.jsm:1548:28
@resource://gre/modules/osfile/osfile_async_front.jsm:1568:16
@resource://gre/modules/osfile.jsm:12:30
@resource://gre/modules/TelemetryStorage.sys.mjs:10:28
_checkPendingPings@resource://gre/modules/TelemetrySend.sys.mjs:863:17
setup@resource://gre/modules/TelemetrySend.sys.mjs:803:18
setup@resource://gre/modules/TelemetrySend.sys.mjs:241:30
setupTelemetry/this._delayedInitTask<@resource://gre/modules/TelemetryControllerParent.sys.mjs:828:36
observe@resource://gre/modules/AsyncShutdown.sys.mjs:576:16

WARNING: Error: Phase "profile-before-change" is finished, it is too late to register completion condition "OS.File: flush I/O queued before profileBeforeChange"
WARNING: addBlocker@resource://gre/modules/AsyncShutdown.sys.mjs:727:1J5a
vaadSdcrBilpotc keerrr@orre:so urrcesoeu:rce/://g/rge/modules/AsyncShutdown.sys.mjs:523:26
addBlockerre/modul@es/ArseysnocuSrhucted:/o/wgrne./smyosd.umljess,/ AlsiynnecS 72h7u: tEdrorwonr.:s Pyhsa.se m"jpsr:4o5f8i:l1e5-b
esfeotruep-Schhutadnogwne@r"e siosu rficnei:s/h/egdr,e /imotdu liess /tooos lfaitlee /tosfoil e_reagsiysntce_rf croomnptl.ejtsim:o1n54 8c:o2n8di
t@iroens o"uOrSc.eF:i//lger:e /fmoludsuhle sI//Oo qsufieleu/eosdf ilbeef_orea spyrnocf_iflroenBte.fjsomr:e1C5h6a8:n1g6e"
@
resource://gre/moduJlaesv/aoSscfile.jsm:12:30
r@riepsto uerrcreo:r: /r/esourgcree://m/gordeu/lmeosdu/lTeesle/mAetsryynSctSohruatgdeo.wsny.ss.ymsj.sm:1j0s:,2 8li
n_ec h727: eEcrrkoPre:n dPihnagsPei n"gpsr@roefsile-before-change" is finishedo, uircte :i//sg rteo/om oldautlee st/Teloe mreetgriysSteenr dc.omspylse.mtjiso:n8 6c3o:n1d7it
isoent u"p@OrSe.sFouirlcee:: /f/lgurseh /Im/oOdu lqeus/eTueelde befomree tprryoSfeinlde.Bseyfso.rmejCsh:a8n0g3:e1"8

JsaevtauSpc@rriepsto uercrer:/o/rg:r er/emsooudrucel:e//s/gTerleem/emtordyuSleesn/dA.ssyynsc.Smhjust:2d4o1w:n3.0sy
ss.emtjusp,T ellienmeet r7y2/7t:h iEsr.r_odre:l aPyheadsIen "priotfiTlea-sbk<e@resource://gre/modules/TelemetryControllerParent.sys.mjs:828:36
observe@resource://gre/modules/AsyncShutdown.sys.mjs:576:16

fore-change" is finished, it is too late to register completion condition "OS.File: flush I/O queued before profileBeforeChange"
JavaScript error: resource://gre/modules/AsyncShutdown.sys.mjs, line 727: Error: Phase "profile-before-change" is finished, it is too late to register completion condition "OS.File: flush I/O queued before profileBeforeChange"
JavaScript error: resource://gre/modules/AsyncShutdown.sys.mjs, line 727: Error: Phase "profile-before-change" is finished, it is too late to register completion condition "OS.File: flush I/O queued before profileBeforeChange"
JavaScript error: resource://gre/modules/AsyncShutdown.sys.mjs, line 727: Error: Phase "profile-before-change" is finished, it is too late to register completion condition "OS.File: flush I/O queued before profileBeforeChange"
]]></system-err>
  </testcase>
  <testcase name="Fitur Menu Baby #2" classname="Baby" time="9.512">
    <system-out><![CDATA[
@baby
Scenario Outline: Fitur Menu Baby     &amp#27;[90m# src/test/resources/features/Baby.feature:14&amp#27;[0m
10:08:18.726 [main] INFO io.cucumber.core.plugin.SerenityReporter - Running feature from file:///C:/Users/alwi/IdeaProjects/uniqloweb/src/test/resources/features/Baby.feature
10:08:18.747 [main] INFO net.serenitybdd.core.webdriver.driverproviders.FirefoxDriverProvider - Using automatically driver download
10:08:18.873 [main] DEBUG io.github.bonigarcia.wdm.cache.ResolutionCache - Resolution firefox=111 in cache (valid until 10:32:56 10/04/2023 WIB)
10:08:18.879 [main] DEBUG io.github.bonigarcia.wdm.cache.ResolutionCache - Resolution firefox111=0.32.2 in cache (valid until 19:30:50 10/04/2023 WIB)
10:08:18.882 [main] INFO io.github.bonigarcia.wdm.WebDriverManager - Using geckodriver 0.32.2 (resolved driver for Firefox 111)
10:08:18.908 [main] DEBUG io.github.bonigarcia.wdm.WebDriverManager - Driver geckodriver 0.32.2 found in cache
10:08:18.909 [main] INFO io.github.bonigarcia.wdm.WebDriverManager - Exporting webdriver.gecko.driver as C:\Users\alwi\.cache\selenium\geckodriver\win64\0.32.2\geckodriver.exe
10:08:18.926 [main] DEBUG net.serenitybdd.core.webdriver.driverproviders.ProvideNewDriver - Instantiating driver
10:08:18.926 [main] DEBUG net.serenitybdd.core.webdriver.driverproviders.ProvideNewDriver - Driver capabilities: Capabilities {acceptInsecureCerts: true, browserName: firefox, moz:debuggerAddress: true, moz:firefoxOptions: {args: [], profile: UEsDBBQACAgIAAlRilYAAAAAAAA...}}
10:08:19.463 [AsyncHttpClient-1-6] DEBUG org.asynchttpclient.netty.channel.NettyConnectListener - Using new Channel '[id: 0xd6f87155, L:/127.0.0.1:53963 - R:localhost/127.0.0.1:54308]' for 'POST' to '/session'
10:08:19.719 [AsyncHttpClient-1-1] DEBUG org.asynchttpclient.netty.channel.DefaultChannelPool - Entry count for : http://localhost:63911 : 1
10:08:19.719 [AsyncHttpClient-1-1] DEBUG org.asynchttpclient.netty.channel.DefaultChannelPool - Adding Candidate expired Channel [id: 0xaf881eca, L:/127.0.0.1:53851 ! R:localhost/127.0.0.1:63911] isIdleTimeoutExpired=false isRemotelyClosed=true isTtlExpired=false
10:08:19.719 [AsyncHttpClient-1-1] DEBUG org.asynchttpclient.netty.channel.DefaultChannelPool - Closing Idle Channel [id: 0xaf881eca, L:/127.0.0.1:53851 ! R:localhost/127.0.0.1:63911]
10:08:19.719 [AsyncHttpClient-1-1] DEBUG org.asynchttpclient.netty.channel.DefaultChannelPool - Closed 1 connections out of 1 in 0 ms
10:08:21.918 [AsyncHttpClient-1-6] DEBUG org.asynchttpclient.netty.handler.HttpHandler - 

Request DefaultHttpRequest(decodeResult: success, version: HTTP/1.1)
POST /session HTTP/1.1
User-Agent: selenium/4.1.2 (java windows)
Content-Length: 3673
Content-Type: application/json; charset=utf-8
host: localhost:54308
accept: */*

Response DefaultHttpResponse(decodeResult: success, version: HTTP/1.1)
HTTP/1.1 200 OK
content-type: application/json; charset=utf-8
cache-control: no-cache
date: Mon, 10 Apr 2023 03:08:19 GMT
content-length: 789

10:08:21.918 [AsyncHttpClient-1-6] DEBUG org.asynchttpclient.netty.channel.ChannelManager - Adding key: http://localhost:54308 for channel [id: 0xd6f87155, L:/127.0.0.1:53963 - R:localhost/127.0.0.1:54308]
10:08:21.927 [AsyncHttpClient-1-1] DEBUG org.asynchttpclient.netty.channel.DefaultChannelPool - Entry count for : http://localhost:54308 : 1
10:08:21.928 [AsyncHttpClient-1-7] DEBUG org.asynchttpclient.netty.channel.NettyConnectListener - Using new Channel '[id: 0xeeec98d3, L:/127.0.0.1:53983 - R:/127.0.0.1:59366]' for 'GET' to '/json/version'
10:08:21.934 [AsyncHttpClient-1-7] DEBUG org.asynchttpclient.netty.handler.HttpHandler - 

Request DefaultFullHttpRequest(decodeResult: success, version: HTTP/1.1, content: EmptyByteBufBE)
GET /json/version HTTP/1.1
User-Agent: selenium/4.1.2 (java windows)
host: 127.0.0.1:59366
accept: */*

Response DefaultHttpResponse(decodeResult: success, version: HTTP/1.1)
HTTP/1.1 200 OK
content-type: application/json
connection: close
server: httpd.js
date: Mon, 10 Apr 2023 03:08:21 GMT
content-length: 311

10:08:21.935 [AsyncHttpClient-1-7] DEBUG org.asynchttpclient.netty.channel.ChannelManager - Closing Channel [id: 0xeeec98d3, L:/127.0.0.1:53983 - R:/127.0.0.1:59366] 
10:08:21.935 [AsyncHttpClient-1-7] DEBUG org.asynchttpclient.netty.handler.HttpHandler - Channel Closed: [id: 0xeeec98d3, L:/127.0.0.1:53983 ! R:/127.0.0.1:59366] with attribute DISCARD
10:08:21.938 [Forwarding get on session b5f23dc2-838c-40ab-a730-7732ad7d2a67 to remote] DEBUG org.asynchttpclient.netty.request.NettyRequestSender - Using pooled Channel '[id: 0xd6f87155, L:/127.0.0.1:53963 - R:localhost/127.0.0.1:54308]' for 'POST' to 'http://localhost:54308/session/b5f23dc2-838c-40ab-a730-7732ad7d2a67/url'
10:08:21.938 [Forwarding get on session b5f23dc2-838c-40ab-a730-7732ad7d2a67 to remote] DEBUG org.asynchttpclient.netty.request.NettyRequestSender - Using open Channel [id: 0xd6f87155, L:/127.0.0.1:53963 - R:localhost/127.0.0.1:54308] for POST '/session/b5f23dc2-838c-40ab-a730-7732ad7d2a67/url'
10:08:23.723 [AsyncHttpClient-1-6] DEBUG org.asynchttpclient.netty.handler.HttpHandler - 

Request DefaultHttpRequest(decodeResult: success, version: HTTP/1.1)
POST /session/b5f23dc2-838c-40ab-a730-7732ad7d2a67/url HTTP/1.1
User-Agent: selenium/4.1.2 (java windows)
Content-Length: 69
Content-Type: application/json; charset=utf-8
host: localhost:54308
accept: */*

Response DefaultHttpResponse(decodeResult: success, version: HTTP/1.1)
HTTP/1.1 200 OK
content-type: application/json; charset=utf-8
cache-control: no-cache
date: Mon, 10 Apr 2023 03:08:21 GMT
content-length: 14

10:08:23.723 [AsyncHttpClient-1-6] DEBUG org.asynchttpclient.netty.channel.ChannelManager - Adding key: http://localhost:54308 for channel [id: 0xd6f87155, L:/127.0.0.1:53963 - R:localhost/127.0.0.1:54308]
10:08:23.725 [Forwarding setTimeout on session b5f23dc2-838c-40ab-a730-7732ad7d2a67 to remote] DEBUG org.asynchttpclient.netty.request.NettyRequestSender - Using pooled Channel '[id: 0xd6f87155, L:/127.0.0.1:53963 - R:localhost/127.0.0.1:54308]' for 'POST' to 'http://localhost:54308/session/b5f23dc2-838c-40ab-a730-7732ad7d2a67/timeouts'
10:08:23.725 [Forwarding setTimeout on session b5f23dc2-838c-40ab-a730-7732ad7d2a67 to remote] DEBUG org.asynchttpclient.netty.request.NettyRequestSender - Using open Channel [id: 0xd6f87155, L:/127.0.0.1:53963 - R:localhost/127.0.0.1:54308] for POST '/session/b5f23dc2-838c-40ab-a730-7732ad7d2a67/timeouts'
10:08:23.729 [AsyncHttpClient-1-6] DEBUG org.asynchttpclient.netty.handler.HttpHandler - 

Request DefaultHttpRequest(decodeResult: success, version: HTTP/1.1)
POST /session/b5f23dc2-838c-40ab-a730-7732ad7d2a67/timeouts HTTP/1.1
User-Agent: selenium/4.1.2 (java windows)
Content-Length: 22
Content-Type: application/json; charset=utf-8
host: localhost:54308
accept: */*

Response DefaultHttpResponse(decodeResult: success, version: HTTP/1.1)
HTTP/1.1 200 OK
content-type: application/json; charset=utf-8
cache-control: no-cache
date: Mon, 10 Apr 2023 03:08:23 GMT
content-length: 14

10:08:23.729 [AsyncHttpClient-1-6] DEBUG org.asynchttpclient.netty.channel.ChannelManager - Adding key: http://localhost:54308 for channel [id: 0xd6f87155, L:/127.0.0.1:53963 - R:localhost/127.0.0.1:54308]
10:08:23.733 [Forwarding getCurrentUrl on session b5f23dc2-838c-40ab-a730-7732ad7d2a67 to remote] DEBUG org.asynchttpclient.netty.request.NettyRequestSender - Using pooled Channel '[id: 0xd6f87155, L:/127.0.0.1:53963 - R:localhost/127.0.0.1:54308]' for 'GET' to 'http://localhost:54308/session/b5f23dc2-838c-40ab-a730-7732ad7d2a67/url'
10:08:23.733 [Forwarding getCurrentUrl on session b5f23dc2-838c-40ab-a730-7732ad7d2a67 to remote] DEBUG org.asynchttpclient.netty.request.NettyRequestSender - Using open Channel [id: 0xd6f87155, L:/127.0.0.1:53963 - R:localhost/127.0.0.1:54308] for GET '/session/b5f23dc2-838c-40ab-a730-7732ad7d2a67/url'
10:08:23.742 [AsyncHttpClient-1-6] DEBUG org.asynchttpclient.netty.handler.HttpHandler - 

Request DefaultFullHttpRequest(decodeResult: success, version: HTTP/1.1, content: EmptyByteBufBE)
GET /session/b5f23dc2-838c-40ab-a730-7732ad7d2a67/url HTTP/1.1
User-Agent: selenium/4.1.2 (java windows)
Cache-Control: no-cache
Content-Type: application/json; charset=utf-8
host: localhost:54308
accept: */*

Response DefaultHttpResponse(decodeResult: success, version: HTTP/1.1)
HTTP/1.1 200 OK
content-type: application/json; charset=utf-8
cache-control: no-cache
date: Mon, 10 Apr 2023 03:08:23 GMT
content-length: 41

10:08:23.742 [AsyncHttpClient-1-6] DEBUG org.asynchttpclient.netty.channel.ChannelManager - Adding key: http://localhost:54308 for channel [id: 0xd6f87155, L:/127.0.0.1:53963 - R:localhost/127.0.0.1:54308]
  &amp#27;[32mGiven &amp#27;[0m&amp#27;[32mI am on the home page&amp#27;[0m         &amp#27;[90m# starter.stepdefinitions.BabyStep.iAmOnTheHomePage()&amp#27;[0m
10:08:23.749 [Forwarding screenshot on session b5f23dc2-838c-40ab-a730-7732ad7d2a67 to remote] DEBUG org.asynchttpclient.netty.request.NettyRequestSender - Using pooled Channel '[id: 0xd6f87155, L:/127.0.0.1:53963 - R:localhost/127.0.0.1:54308]' for 'GET' to 'http://localhost:54308/session/b5f23dc2-838c-40ab-a730-7732ad7d2a67/screenshot'
10:08:23.749 [Forwarding screenshot on session b5f23dc2-838c-40ab-a730-7732ad7d2a67 to remote] DEBUG org.asynchttpclient.netty.request.NettyRequestSender - Using open Channel [id: 0xd6f87155, L:/127.0.0.1:53963 - R:localhost/127.0.0.1:54308] for GET '/session/b5f23dc2-838c-40ab-a730-7732ad7d2a67/screenshot'
10:08:24.342 [AsyncHttpClient-1-6] DEBUG org.asynchttpclient.netty.handler.HttpHandler - 

Request DefaultFullHttpRequest(decodeResult: success, version: HTTP/1.1, content: EmptyByteBufBE)
GET /session/b5f23dc2-838c-40ab-a730-7732ad7d2a67/screenshot HTTP/1.1
User-Agent: selenium/4.1.2 (java windows)
Cache-Control: no-cache
Content-Type: application/json; charset=utf-8
host: localhost:54308
accept: */*

Response DefaultHttpResponse(decodeResult: success, version: HTTP/1.1)
HTTP/1.1 200 OK
content-type: application/json; charset=utf-8
cache-control: no-cache
date: Mon, 10 Apr 2023 03:08:23 GMT
content-length: 102292

10:08:24.343 [AsyncHttpClient-1-6] DEBUG org.asynchttpclient.netty.channel.ChannelManager - Adding key: http://localhost:54308 for channel [id: 0xd6f87155, L:/127.0.0.1:53963 - R:localhost/127.0.0.1:54308]
10:08:24.347 [main] DEBUG net.serenitybdd.core.photography.Darkroom - Send negative for processing for target\site\serenity\8a0c8bc2dbf42a46aae3cd1beaa455337d476816f85a827b12453669e5ebd143.png
10:08:24.362 [Forwarding findElement on session b5f23dc2-838c-40ab-a730-7732ad7d2a67 to remote] DEBUG org.asynchttpclient.netty.request.NettyRequestSender - Using pooled Channel '[id: 0xd6f87155, L:/127.0.0.1:53963 - R:localhost/127.0.0.1:54308]' for 'POST' to 'http://localhost:54308/session/b5f23dc2-838c-40ab-a730-7732ad7d2a67/element'
10:08:24.363 [Forwarding findElement on session b5f23dc2-838c-40ab-a730-7732ad7d2a67 to remote] DEBUG org.asynchttpclient.netty.request.NettyRequestSender - Using open Channel [id: 0xd6f87155, L:/127.0.0.1:53963 - R:localhost/127.0.0.1:54308] for POST '/session/b5f23dc2-838c-40ab-a730-7732ad7d2a67/element'
10:08:24.415 [AsyncHttpClient-1-6] DEBUG org.asynchttpclient.netty.handler.HttpHandler - 

Request DefaultHttpRequest(decodeResult: success, version: HTTP/1.1)
POST /session/b5f23dc2-838c-40ab-a730-7732ad7d2a67/element HTTP/1.1
User-Agent: selenium/4.1.2 (java windows)
Content-Length: 81
Content-Type: application/json; charset=utf-8
host: localhost:54308
accept: */*

Response DefaultHttpResponse(decodeResult: success, version: HTTP/1.1)
HTTP/1.1 200 OK
content-type: application/json; charset=utf-8
cache-control: no-cache
date: Mon, 10 Apr 2023 03:08:23 GMT
content-length: 88

10:08:24.415 [AsyncHttpClient-1-6] DEBUG org.asynchttpclient.netty.channel.ChannelManager - Adding key: http://localhost:54308 for channel [id: 0xd6f87155, L:/127.0.0.1:53963 - R:localhost/127.0.0.1:54308]
10:08:24.417 [Forwarding getElementTagName on session b5f23dc2-838c-40ab-a730-7732ad7d2a67 to remote] DEBUG org.asynchttpclient.netty.request.NettyRequestSender - Using pooled Channel '[id: 0xd6f87155, L:/127.0.0.1:53963 - R:localhost/127.0.0.1:54308]' for 'GET' to 'http://localhost:54308/session/b5f23dc2-838c-40ab-a730-7732ad7d2a67/element/a404949a-3d8d-4b6c-b743-f40825f4191c/name'
10:08:24.418 [Forwarding getElementTagName on session b5f23dc2-838c-40ab-a730-7732ad7d2a67 to remote] DEBUG org.asynchttpclient.netty.request.NettyRequestSender - Using open Channel [id: 0xd6f87155, L:/127.0.0.1:53963 - R:localhost/127.0.0.1:54308] for GET '/session/b5f23dc2-838c-40ab-a730-7732ad7d2a67/element/a404949a-3d8d-4b6c-b743-f40825f4191c/name'
10:08:24.443 [AsyncHttpClient-1-6] DEBUG org.asynchttpclient.netty.handler.HttpHandler - 

Request DefaultFullHttpRequest(decodeResult: success, version: HTTP/1.1, content: EmptyByteBufBE)
GET /session/b5f23dc2-838c-40ab-a730-7732ad7d2a67/element/a404949a-3d8d-4b6c-b743-f40825f4191c/name HTTP/1.1
User-Agent: selenium/4.1.2 (java windows)
Cache-Control: no-cache
Content-Type: application/json; charset=utf-8
host: localhost:54308
accept: */*

Response DefaultHttpResponse(decodeResult: success, version: HTTP/1.1)
HTTP/1.1 200 OK
content-type: application/json; charset=utf-8
cache-control: no-cache
date: Mon, 10 Apr 2023 03:08:23 GMT
content-length: 16

10:08:24.443 [AsyncHttpClient-1-6] DEBUG org.asynchttpclient.netty.channel.ChannelManager - Adding key: http://localhost:54308 for channel [id: 0xd6f87155, L:/127.0.0.1:53963 - R:localhost/127.0.0.1:54308]
10:08:24.445 [Forwarding getElementTagName on session b5f23dc2-838c-40ab-a730-7732ad7d2a67 to remote] DEBUG org.asynchttpclient.netty.request.NettyRequestSender - Using pooled Channel '[id: 0xd6f87155, L:/127.0.0.1:53963 - R:localhost/127.0.0.1:54308]' for 'GET' to 'http://localhost:54308/session/b5f23dc2-838c-40ab-a730-7732ad7d2a67/element/a404949a-3d8d-4b6c-b743-f40825f4191c/name'
10:08:24.445 [Forwarding getElementTagName on session b5f23dc2-838c-40ab-a730-7732ad7d2a67 to remote] DEBUG org.asynchttpclient.netty.request.NettyRequestSender - Using open Channel [id: 0xd6f87155, L:/127.0.0.1:53963 - R:localhost/127.0.0.1:54308] for GET '/session/b5f23dc2-838c-40ab-a730-7732ad7d2a67/element/a404949a-3d8d-4b6c-b743-f40825f4191c/name'
10:08:24.471 [AsyncHttpClient-1-6] DEBUG org.asynchttpclient.netty.handler.HttpHandler - 

Request DefaultFullHttpRequest(decodeResult: success, version: HTTP/1.1, content: EmptyByteBufBE)
GET /session/b5f23dc2-838c-40ab-a730-7732ad7d2a67/element/a404949a-3d8d-4b6c-b743-f40825f4191c/name HTTP/1.1
User-Agent: selenium/4.1.2 (java windows)
Cache-Control: no-cache
Content-Type: application/json; charset=utf-8
host: localhost:54308
accept: */*

Response DefaultHttpResponse(decodeResult: success, version: HTTP/1.1)
HTTP/1.1 200 OK
content-type: application/json; charset=utf-8
cache-control: no-cache
date: Mon, 10 Apr 2023 03:08:23 GMT
content-length: 16

10:08:24.471 [AsyncHttpClient-1-6] DEBUG org.asynchttpclient.netty.channel.ChannelManager - Adding key: http://localhost:54308 for channel [id: 0xd6f87155, L:/127.0.0.1:53963 - R:localhost/127.0.0.1:54308]
10:08:24.473 [Forwarding findElement on session b5f23dc2-838c-40ab-a730-7732ad7d2a67 to remote] DEBUG org.asynchttpclient.netty.request.NettyRequestSender - Using pooled Channel '[id: 0xd6f87155, L:/127.0.0.1:53963 - R:localhost/127.0.0.1:54308]' for 'POST' to 'http://localhost:54308/session/b5f23dc2-838c-40ab-a730-7732ad7d2a67/element'
10:08:24.473 [Forwarding findElement on session b5f23dc2-838c-40ab-a730-7732ad7d2a67 to remote] DEBUG org.asynchttpclient.netty.request.NettyRequestSender - Using open Channel [id: 0xd6f87155, L:/127.0.0.1:53963 - R:localhost/127.0.0.1:54308] for POST '/session/b5f23dc2-838c-40ab-a730-7732ad7d2a67/element'
10:08:24.481 [AsyncHttpClient-1-6] DEBUG org.asynchttpclient.netty.handler.HttpHandler - 

Request DefaultHttpRequest(decodeResult: success, version: HTTP/1.1)
POST /session/b5f23dc2-838c-40ab-a730-7732ad7d2a67/element HTTP/1.1
User-Agent: selenium/4.1.2 (java windows)
Content-Length: 81
Content-Type: application/json; charset=utf-8
host: localhost:54308
accept: */*

Response DefaultHttpResponse(decodeResult: success, version: HTTP/1.1)
HTTP/1.1 200 OK
content-type: application/json; charset=utf-8
cache-control: no-cache
date: Mon, 10 Apr 2023 03:08:23 GMT
content-length: 88

10:08:24.481 [AsyncHttpClient-1-6] DEBUG org.asynchttpclient.netty.channel.ChannelManager - Adding key: http://localhost:54308 for channel [id: 0xd6f87155, L:/127.0.0.1:53963 - R:localhost/127.0.0.1:54308]
10:08:24.483 [Forwarding clickElement on session b5f23dc2-838c-40ab-a730-7732ad7d2a67 to remote] DEBUG org.asynchttpclient.netty.request.NettyRequestSender - Using pooled Channel '[id: 0xd6f87155, L:/127.0.0.1:53963 - R:localhost/127.0.0.1:54308]' for 'POST' to 'http://localhost:54308/session/b5f23dc2-838c-40ab-a730-7732ad7d2a67/element/a404949a-3d8d-4b6c-b743-f40825f4191c/click'
10:08:24.483 [Forwarding clickElement on session b5f23dc2-838c-40ab-a730-7732ad7d2a67 to remote] DEBUG org.asynchttpclient.netty.request.NettyRequestSender - Using open Channel [id: 0xd6f87155, L:/127.0.0.1:53963 - R:localhost/127.0.0.1:54308] for POST '/session/b5f23dc2-838c-40ab-a730-7732ad7d2a67/element/a404949a-3d8d-4b6c-b743-f40825f4191c/click'
10:08:25.281 [AsyncHttpClient-1-6] DEBUG org.asynchttpclient.netty.handler.HttpHandler - 

Request DefaultHttpRequest(decodeResult: success, version: HTTP/1.1)
POST /session/b5f23dc2-838c-40ab-a730-7732ad7d2a67/element/a404949a-3d8d-4b6c-b743-f40825f4191c/click HTTP/1.1
User-Agent: selenium/4.1.2 (java windows)
Content-Length: 50
Content-Type: application/json; charset=utf-8
host: localhost:54308
accept: */*

Response DefaultHttpResponse(decodeResult: success, version: HTTP/1.1)
HTTP/1.1 200 OK
content-type: application/json; charset=utf-8
cache-control: no-cache
date: Mon, 10 Apr 2023 03:08:23 GMT
content-length: 14

10:08:25.282 [AsyncHttpClient-1-6] DEBUG org.asynchttpclient.netty.channel.ChannelManager - Adding key: http://localhost:54308 for channel [id: 0xd6f87155, L:/127.0.0.1:53963 - R:localhost/127.0.0.1:54308]
  &amp#27;[32mThen &amp#27;[0m&amp#27;[32mI click baby on the header&amp#27;[0m     &amp#27;[90m# starter.stepdefinitions.BabyStep.iClickBabyOnTheHeader()&amp#27;[0m
10:08:25.294 [Forwarding screenshot on session b5f23dc2-838c-40ab-a730-7732ad7d2a67 to remote] DEBUG org.asynchttpclient.netty.request.NettyRequestSender - Using pooled Channel '[id: 0xd6f87155, L:/127.0.0.1:53963 - R:localhost/127.0.0.1:54308]' for 'GET' to 'http://localhost:54308/session/b5f23dc2-838c-40ab-a730-7732ad7d2a67/screenshot'
10:08:25.294 [Forwarding screenshot on session b5f23dc2-838c-40ab-a730-7732ad7d2a67 to remote] DEBUG org.asynchttpclient.netty.request.NettyRequestSender - Using open Channel [id: 0xd6f87155, L:/127.0.0.1:53963 - R:localhost/127.0.0.1:54308] for GET '/session/b5f23dc2-838c-40ab-a730-7732ad7d2a67/screenshot'
10:08:25.433 [AsyncHttpClient-1-6] DEBUG org.asynchttpclient.netty.handler.HttpHandler - 

Request DefaultFullHttpRequest(decodeResult: success, version: HTTP/1.1, content: EmptyByteBufBE)
GET /session/b5f23dc2-838c-40ab-a730-7732ad7d2a67/screenshot HTTP/1.1
User-Agent: selenium/4.1.2 (java windows)
Cache-Control: no-cache
Content-Type: application/json; charset=utf-8
host: localhost:54308
accept: */*

Response DefaultHttpResponse(decodeResult: success, version: HTTP/1.1)
HTTP/1.1 200 OK
content-type: application/json; charset=utf-8
cache-control: no-cache
date: Mon, 10 Apr 2023 03:08:25 GMT
content-length: 98024

10:08:25.434 [AsyncHttpClient-1-6] DEBUG org.asynchttpclient.netty.channel.ChannelManager - Adding key: http://localhost:54308 for channel [id: 0xd6f87155, L:/127.0.0.1:53963 - R:localhost/127.0.0.1:54308]
10:08:25.438 [main] DEBUG net.serenitybdd.core.photography.Darkroom - Send negative for processing for target\site\serenity\bcb9a8d665d2c58a930e922f816fcc3ebc2aef855b882f3d531e7c9aa320b06d.png
10:08:25.450 [Forwarding findElement on session b5f23dc2-838c-40ab-a730-7732ad7d2a67 to remote] DEBUG org.asynchttpclient.netty.request.NettyRequestSender - Using pooled Channel '[id: 0xd6f87155, L:/127.0.0.1:53963 - R:localhost/127.0.0.1:54308]' for 'POST' to 'http://localhost:54308/session/b5f23dc2-838c-40ab-a730-7732ad7d2a67/element'
10:08:25.450 [Forwarding findElement on session b5f23dc2-838c-40ab-a730-7732ad7d2a67 to remote] DEBUG org.asynchttpclient.netty.request.NettyRequestSender - Using open Channel [id: 0xd6f87155, L:/127.0.0.1:53963 - R:localhost/127.0.0.1:54308] for POST '/session/b5f23dc2-838c-40ab-a730-7732ad7d2a67/element'
10:08:25.519 [AsyncHttpClient-1-6] DEBUG org.asynchttpclient.netty.handler.HttpHandler - 

Request DefaultHttpRequest(decodeResult: success, version: HTTP/1.1)
POST /session/b5f23dc2-838c-40ab-a730-7732ad7d2a67/element HTTP/1.1
User-Agent: selenium/4.1.2 (java windows)
Content-Length: 108
Content-Type: application/json; charset=utf-8
host: localhost:54308
accept: */*

Response DefaultHttpResponse(decodeResult: success, version: HTTP/1.1)
HTTP/1.1 200 OK
content-type: application/json; charset=utf-8
cache-control: no-cache
date: Mon, 10 Apr 2023 03:08:25 GMT
content-length: 88

10:08:25.519 [AsyncHttpClient-1-6] DEBUG org.asynchttpclient.netty.channel.ChannelManager - Adding key: http://localhost:54308 for channel [id: 0xd6f87155, L:/127.0.0.1:53963 - R:localhost/127.0.0.1:54308]
10:08:25.523 [Forwarding getElementTagName on session b5f23dc2-838c-40ab-a730-7732ad7d2a67 to remote] DEBUG org.asynchttpclient.netty.request.NettyRequestSender - Using pooled Channel '[id: 0xd6f87155, L:/127.0.0.1:53963 - R:localhost/127.0.0.1:54308]' for 'GET' to 'http://localhost:54308/session/b5f23dc2-838c-40ab-a730-7732ad7d2a67/element/97759c1b-f2fc-41b9-bc21-8dfd54f55148/name'
10:08:25.523 [Forwarding getElementTagName on session b5f23dc2-838c-40ab-a730-7732ad7d2a67 to remote] DEBUG org.asynchttpclient.netty.request.NettyRequestSender - Using open Channel [id: 0xd6f87155, L:/127.0.0.1:53963 - R:localhost/127.0.0.1:54308] for GET '/session/b5f23dc2-838c-40ab-a730-7732ad7d2a67/element/97759c1b-f2fc-41b9-bc21-8dfd54f55148/name'
10:08:25.649 [AsyncHttpClient-1-6] DEBUG org.asynchttpclient.netty.handler.HttpHandler - 

Request DefaultFullHttpRequest(decodeResult: success, version: HTTP/1.1, content: EmptyByteBufBE)
GET /session/b5f23dc2-838c-40ab-a730-7732ad7d2a67/element/97759c1b-f2fc-41b9-bc21-8dfd54f55148/name HTTP/1.1
User-Agent: selenium/4.1.2 (java windows)
Cache-Control: no-cache
Content-Type: application/json; charset=utf-8
host: localhost:54308
accept: */*

Response DefaultHttpResponse(decodeResult: success, version: HTTP/1.1)
HTTP/1.1 200 OK
content-type: application/json; charset=utf-8
cache-control: no-cache
date: Mon, 10 Apr 2023 03:08:25 GMT
content-length: 16

10:08:25.649 [AsyncHttpClient-1-6] DEBUG org.asynchttpclient.netty.channel.ChannelManager - Adding key: http://localhost:54308 for channel [id: 0xd6f87155, L:/127.0.0.1:53963 - R:localhost/127.0.0.1:54308]
10:08:25.651 [Forwarding getElementTagName on session b5f23dc2-838c-40ab-a730-7732ad7d2a67 to remote] DEBUG org.asynchttpclient.netty.request.NettyRequestSender - Using pooled Channel '[id: 0xd6f87155, L:/127.0.0.1:53963 - R:localhost/127.0.0.1:54308]' for 'GET' to 'http://localhost:54308/session/b5f23dc2-838c-40ab-a730-7732ad7d2a67/element/97759c1b-f2fc-41b9-bc21-8dfd54f55148/name'
10:08:25.651 [Forwarding getElementTagName on session b5f23dc2-838c-40ab-a730-7732ad7d2a67 to remote] DEBUG org.asynchttpclient.netty.request.NettyRequestSender - Using open Channel [id: 0xd6f87155, L:/127.0.0.1:53963 - R:localhost/127.0.0.1:54308] for GET '/session/b5f23dc2-838c-40ab-a730-7732ad7d2a67/element/97759c1b-f2fc-41b9-bc21-8dfd54f55148/name'
10:08:25.679 [AsyncHttpClient-1-6] DEBUG org.asynchttpclient.netty.handler.HttpHandler - 

Request DefaultFullHttpRequest(decodeResult: success, version: HTTP/1.1, content: EmptyByteBufBE)
GET /session/b5f23dc2-838c-40ab-a730-7732ad7d2a67/element/97759c1b-f2fc-41b9-bc21-8dfd54f55148/name HTTP/1.1
User-Agent: selenium/4.1.2 (java windows)
Cache-Control: no-cache
Content-Type: application/json; charset=utf-8
host: localhost:54308
accept: */*

Response DefaultHttpResponse(decodeResult: success, version: HTTP/1.1)
HTTP/1.1 200 OK
content-type: application/json; charset=utf-8
cache-control: no-cache
date: Mon, 10 Apr 2023 03:08:25 GMT
content-length: 16

10:08:25.679 [AsyncHttpClient-1-6] DEBUG org.asynchttpclient.netty.channel.ChannelManager - Adding key: http://localhost:54308 for channel [id: 0xd6f87155, L:/127.0.0.1:53963 - R:localhost/127.0.0.1:54308]
10:08:25.682 [Forwarding findElement on session b5f23dc2-838c-40ab-a730-7732ad7d2a67 to remote] DEBUG org.asynchttpclient.netty.request.NettyRequestSender - Using pooled Channel '[id: 0xd6f87155, L:/127.0.0.1:53963 - R:localhost/127.0.0.1:54308]' for 'POST' to 'http://localhost:54308/session/b5f23dc2-838c-40ab-a730-7732ad7d2a67/element'
10:08:25.682 [Forwarding findElement on session b5f23dc2-838c-40ab-a730-7732ad7d2a67 to remote] DEBUG org.asynchttpclient.netty.request.NettyRequestSender - Using open Channel [id: 0xd6f87155, L:/127.0.0.1:53963 - R:localhost/127.0.0.1:54308] for POST '/session/b5f23dc2-838c-40ab-a730-7732ad7d2a67/element'
10:08:25.813 [AsyncHttpClient-1-6] DEBUG org.asynchttpclient.netty.handler.HttpHandler - 

Request DefaultHttpRequest(decodeResult: success, version: HTTP/1.1)
POST /session/b5f23dc2-838c-40ab-a730-7732ad7d2a67/element HTTP/1.1
User-Agent: selenium/4.1.2 (java windows)
Content-Length: 108
Content-Type: application/json; charset=utf-8
host: localhost:54308
accept: */*

Response DefaultHttpResponse(decodeResult: success, version: HTTP/1.1)
HTTP/1.1 200 OK
content-type: application/json; charset=utf-8
cache-control: no-cache
date: Mon, 10 Apr 2023 03:08:25 GMT
content-length: 88

10:08:25.813 [AsyncHttpClient-1-6] DEBUG org.asynchttpclient.netty.channel.ChannelManager - Adding key: http://localhost:54308 for channel [id: 0xd6f87155, L:/127.0.0.1:53963 - R:localhost/127.0.0.1:54308]
10:08:25.816 [Forwarding clickElement on session b5f23dc2-838c-40ab-a730-7732ad7d2a67 to remote] DEBUG org.asynchttpclient.netty.request.NettyRequestSender - Using pooled Channel '[id: 0xd6f87155, L:/127.0.0.1:53963 - R:localhost/127.0.0.1:54308]' for 'POST' to 'http://localhost:54308/session/b5f23dc2-838c-40ab-a730-7732ad7d2a67/element/97759c1b-f2fc-41b9-bc21-8dfd54f55148/click'
10:08:25.816 [Forwarding clickElement on session b5f23dc2-838c-40ab-a730-7732ad7d2a67 to remote] DEBUG org.asynchttpclient.netty.request.NettyRequestSender - Using open Channel [id: 0xd6f87155, L:/127.0.0.1:53963 - R:localhost/127.0.0.1:54308] for POST '/session/b5f23dc2-838c-40ab-a730-7732ad7d2a67/element/97759c1b-f2fc-41b9-bc21-8dfd54f55148/click'
10:08:26.304 [AsyncHttpClient-1-6] DEBUG org.asynchttpclient.netty.handler.HttpHandler - 

Request DefaultHttpRequest(decodeResult: success, version: HTTP/1.1)
POST /session/b5f23dc2-838c-40ab-a730-7732ad7d2a67/element/97759c1b-f2fc-41b9-bc21-8dfd54f55148/click HTTP/1.1
User-Agent: selenium/4.1.2 (java windows)
Content-Length: 50
Content-Type: application/json; charset=utf-8
host: localhost:54308
accept: */*

Response DefaultHttpResponse(decodeResult: success, version: HTTP/1.1)
HTTP/1.1 200 OK
content-type: application/json; charset=utf-8
cache-control: no-cache
date: Mon, 10 Apr 2023 03:08:25 GMT
content-length: 14

10:08:26.304 [AsyncHttpClient-1-6] DEBUG org.asynchttpclient.netty.channel.ChannelManager - Adding key: http://localhost:54308 for channel [id: 0xd6f87155, L:/127.0.0.1:53963 - R:localhost/127.0.0.1:54308]
  &amp#27;[32mWhen &amp#27;[0m&amp#27;[32mI will go to &amp#27;[0m&amp#27;[32m&amp#27;[1m"pakaianNewborn1"&amp#27;[0m &amp#27;[90m# starter.stepdefinitions.BabyStep.iWillGoTo(java.lang.String)&amp#27;[0m
10:08:26.313 [Forwarding screenshot on session b5f23dc2-838c-40ab-a730-7732ad7d2a67 to remote] DEBUG org.asynchttpclient.netty.request.NettyRequestSender - Using pooled Channel '[id: 0xd6f87155, L:/127.0.0.1:53963 - R:localhost/127.0.0.1:54308]' for 'GET' to 'http://localhost:54308/session/b5f23dc2-838c-40ab-a730-7732ad7d2a67/screenshot'
10:08:26.313 [Forwarding screenshot on session b5f23dc2-838c-40ab-a730-7732ad7d2a67 to remote] DEBUG org.asynchttpclient.netty.request.NettyRequestSender - Using open Channel [id: 0xd6f87155, L:/127.0.0.1:53963 - R:localhost/127.0.0.1:54308] for GET '/session/b5f23dc2-838c-40ab-a730-7732ad7d2a67/screenshot'
10:08:26.529 [AsyncHttpClient-1-6] DEBUG org.asynchttpclient.netty.handler.HttpHandler - 

Request DefaultFullHttpRequest(decodeResult: success, version: HTTP/1.1, content: EmptyByteBufBE)
GET /session/b5f23dc2-838c-40ab-a730-7732ad7d2a67/screenshot HTTP/1.1
User-Agent: selenium/4.1.2 (java windows)
Cache-Control: no-cache
Content-Type: application/json; charset=utf-8
host: localhost:54308
accept: */*

Response DefaultHttpResponse(decodeResult: success, version: HTTP/1.1)
HTTP/1.1 200 OK
content-type: application/json; charset=utf-8
cache-control: no-cache
date: Mon, 10 Apr 2023 03:08:26 GMT
content-length: 233852

10:08:26.531 [AsyncHttpClient-1-6] DEBUG org.asynchttpclient.netty.channel.ChannelManager - Adding key: http://localhost:54308 for channel [id: 0xd6f87155, L:/127.0.0.1:53963 - R:localhost/127.0.0.1:54308]
10:08:26.540 [main] DEBUG net.serenitybdd.core.photography.Darkroom - Send negative for processing for target\site\serenity\5ac8f825011595e3ab2b433d32a22da1cc7513587c6b31e98b9ff0ec0141c1f6.png
10:08:26.541 [Darkroom Processing Line] DEBUG net.serenitybdd.core.photography.DarkroomProcessingLine - Processing screenshot image in /var/screenshots/screenshot-2076880942547317383
10:08:26.541 [Darkroom Processing Line] DEBUG net.serenitybdd.core.photography.DarkroomProcessingLine - Saving screenshot to target\site\serenity\5ac8f825011595e3ab2b433d32a22da1cc7513587c6b31e98b9ff0ec0141c1f6.png
10:08:26.548 [Forwarding findElement on session b5f23dc2-838c-40ab-a730-7732ad7d2a67 to remote] DEBUG org.asynchttpclient.netty.request.NettyRequestSender - Using pooled Channel '[id: 0xd6f87155, L:/127.0.0.1:53963 - R:localhost/127.0.0.1:54308]' for 'POST' to 'http://localhost:54308/session/b5f23dc2-838c-40ab-a730-7732ad7d2a67/element'
10:08:26.548 [Forwarding findElement on session b5f23dc2-838c-40ab-a730-7732ad7d2a67 to remote] DEBUG org.asynchttpclient.netty.request.NettyRequestSender - Using open Channel [id: 0xd6f87155, L:/127.0.0.1:53963 - R:localhost/127.0.0.1:54308] for POST '/session/b5f23dc2-838c-40ab-a730-7732ad7d2a67/element'
10:08:26.557 [AsyncHttpClient-1-6] DEBUG org.asynchttpclient.netty.handler.HttpHandler - 

Request DefaultHttpRequest(decodeResult: success, version: HTTP/1.1)
POST /session/b5f23dc2-838c-40ab-a730-7732ad7d2a67/element HTTP/1.1
User-Agent: selenium/4.1.2 (java windows)
Content-Length: 97
Content-Type: application/json; charset=utf-8
host: localhost:54308
accept: */*

Response DefaultHttpResponse(decodeResult: success, version: HTTP/1.1)
HTTP/1.1 200 OK
content-type: application/json; charset=utf-8
cache-control: no-cache
date: Mon, 10 Apr 2023 03:08:26 GMT
content-length: 88

10:08:26.557 [AsyncHttpClient-1-6] DEBUG org.asynchttpclient.netty.channel.ChannelManager - Adding key: http://localhost:54308 for channel [id: 0xd6f87155, L:/127.0.0.1:53963 - R:localhost/127.0.0.1:54308]
10:08:26.560 [Forwarding isElementDisplayed on session b5f23dc2-838c-40ab-a730-7732ad7d2a67 to remote] DEBUG org.asynchttpclient.netty.request.NettyRequestSender - Using pooled Channel '[id: 0xd6f87155, L:/127.0.0.1:53963 - R:localhost/127.0.0.1:54308]' for 'POST' to 'http://localhost:54308/session/b5f23dc2-838c-40ab-a730-7732ad7d2a67/execute/sync'
10:08:26.561 [Forwarding isElementDisplayed on session b5f23dc2-838c-40ab-a730-7732ad7d2a67 to remote] DEBUG org.asynchttpclient.netty.request.NettyRequestSender - Using open Channel [id: 0xd6f87155, L:/127.0.0.1:53963 - R:localhost/127.0.0.1:54308] for POST '/session/b5f23dc2-838c-40ab-a730-7732ad7d2a67/execute/sync'
10:08:26.574 [AsyncHttpClient-1-6] DEBUG org.asynchttpclient.netty.handler.HttpHandler - 

Request DefaultHttpRequest(decodeResult: success, version: HTTP/1.1)
POST /session/b5f23dc2-838c-40ab-a730-7732ad7d2a67/execute/sync HTTP/1.1
User-Agent: selenium/4.1.2 (java windows)
Content-Length: 48780
Content-Type: application/json; charset=utf-8
host: localhost:54308
accept: */*

Response DefaultHttpResponse(decodeResult: success, version: HTTP/1.1)
HTTP/1.1 200 OK
content-type: application/json; charset=utf-8
cache-control: no-cache
date: Mon, 10 Apr 2023 03:08:26 GMT
content-length: 14

10:08:26.574 [AsyncHttpClient-1-6] DEBUG org.asynchttpclient.netty.channel.ChannelManager - Adding key: http://localhost:54308 for channel [id: 0xd6f87155, L:/127.0.0.1:53963 - R:localhost/127.0.0.1:54308]
  &amp#27;[32mAnd &amp#27;[0m&amp#27;[32mI &amp#27;[0m&amp#27;[32m&amp#27;[1m"txtPN1"&amp#27;[0m&amp#27;[32m page&amp#27;[0m                 &amp#27;[90m# starter.stepdefinitions.BabyStep.iPage(java.lang.String)&amp#27;[0m
10:08:26.584 [Driver Command Executor] DEBUG org.asynchttpclient.netty.request.NettyRequestSender - Using pooled Channel '[id: 0xd6f87155, L:/127.0.0.1:53963 - R:localhost/127.0.0.1:54308]' for 'DELETE' to 'http://localhost:54308/session/b5f23dc2-838c-40ab-a730-7732ad7d2a67'
10:08:26.584 [Driver Command Executor] DEBUG org.asynchttpclient.netty.request.NettyRequestSender - Using open Channel [id: 0xd6f87155, L:/127.0.0.1:53963 - R:localhost/127.0.0.1:54308] for DELETE '/session/b5f23dc2-838c-40ab-a730-7732ad7d2a67'
10:08:28.163 [AsyncHttpClient-1-6] DEBUG org.asynchttpclient.netty.handler.HttpHandler - 

Request DefaultFullHttpRequest(decodeResult: success, version: HTTP/1.1, content: EmptyByteBufBE)
DELETE /session/b5f23dc2-838c-40ab-a730-7732ad7d2a67 HTTP/1.1
User-Agent: selenium/4.1.2 (java windows)
Content-Type: application/json; charset=utf-8
host: localhost:54308
accept: */*

Response DefaultHttpResponse(decodeResult: success, version: HTTP/1.1)
HTTP/1.1 200 OK
content-type: application/json; charset=utf-8
cache-control: no-cache
date: Mon, 10 Apr 2023 03:08:26 GMT
content-length: 14

10:08:28.163 [AsyncHttpClient-1-6] DEBUG org.asynchttpclient.netty.channel.ChannelManager - Adding key: http://localhost:54308 for channel [id: 0xd6f87155, L:/127.0.0.1:53963 - R:localhost/127.0.0.1:54308]
10:08:28.165 [AsyncHttpClient-1-6] DEBUG org.asynchttpclient.netty.handler.HttpHandler - Unexpected I/O exception on channel [id: 0xd6f87155, L:/127.0.0.1:53963 - R:localhost/127.0.0.1:54308]
java.net.SocketException: Connection reset
	at java.base/sun.nio.ch.SocketChannelImpl.throwConnectionReset(SocketChannelImpl.java:345)
	at java.base/sun.nio.ch.SocketChannelImpl.read(SocketChannelImpl.java:376)
	at io.netty.buffer.PooledByteBuf.setBytes(PooledByteBuf.java:258)
	at io.netty.buffer.AbstractByteBuf.writeBytes(AbstractByteBuf.java:1132)
	at io.netty.channel.socket.nio.NioSocketChannel.doReadBytes(NioSocketChannel.java:350)
	at io.netty.channel.nio.AbstractNioByteChannel$NioByteUnsafe.read(AbstractNioByteChannel.java:151)
	at io.netty.channel.nio.NioEventLoop.processSelectedKey(NioEventLoop.java:722)
	at io.netty.channel.nio.NioEventLoop.processSelectedKeysOptimized(NioEventLoop.java:658)
	at io.netty.channel.nio.NioEventLoop.processSelectedKeys(NioEventLoop.java:584)
	at io.netty.channel.nio.NioEventLoop.run(NioEventLoop.java:496)
	at io.netty.util.concurrent.SingleThreadEventExecutor$4.run(SingleThreadEventExecutor.java:986)
	at io.netty.util.internal.ThreadExecutorMap$2.run(ThreadExecutorMap.java:74)
	at io.netty.util.concurrent.FastThreadLocalRunnable.run(FastThreadLocalRunnable.java:30)
	at java.base/java.lang.Thread.run(Thread.java:830)
10:08:28.165 [AsyncHttpClient-1-6] DEBUG org.asynchttpclient.netty.channel.ChannelManager - Closing Channel [id: 0xd6f87155, L:/127.0.0.1:53963 - R:localhost/127.0.0.1:54308] 
10:08:28.165 [AsyncHttpClient-1-6] DEBUG org.asynchttpclient.netty.handler.HttpHandler - Channel Closed: [id: 0xd6f87155, L:/127.0.0.1:53963 ! R:localhost/127.0.0.1:54308] with attribute DISCARD
10:08:28.231 [main] INFO  - 
  _____   ___   ___   _____     ___     _     ___   ___   ___   ___  
 |_   _| | __| / __| |_   _|   | _ \   /_\   / __| / __| | __| |   \ 
   | |   | _|  \__ \   | |     |  _/  / _ \  \__ \ \__ \ | _|  | |) |
   |_|   |___| |___/   |_|     |_|   /_/ \_\ |___/ |___/ |___| |___/ 

Fitur Menu Baby
----------------------------------------------------------------------
]]></system-out>
    <system-err><![CDATA[1681096098980	geckodriver	INFO	Listening on 127.0.0.1:54308
1681096099514	mozrunner::runner	INFO	Running command: "C:\\Program Files\\Mozilla Firefox\\firefox.exe" "--marionette" "" "--remote-debugging-port" "59366" "--remote-allow-hosts" "localhost" "-no-remote" "-profile" "C:\\Users\\alwi\\AppData\\Local\\Temp\\rust_mozprofileKiIi9W"
console.warn: services.settings: Ignoring preference override of remote settings server
console.warn: services.settings: Allow by setting MOZ_REMOTE_SETTINGS_DEVTOOLS=1 in the environment
1681096099855	Marionette	INFO	Marionette enabled
Dynamically enable window occlusion 0
1681096099860	Marionette	INFO	Listening on port 53968
WebDriver BiDi listening on ws://127.0.0.1:59366
Read port: 53968
1681096100103	RemoteAgent	WARN	TLS certificate errors will be ignored for this session
console.warn: SearchSettings: "get: No settings file exists, new profile?" (new NotFoundError("Could not open the file at C:\\Users\\alwi\\AppData\\Local\\Temp\\rust_mozprofileKiIi9W\\search.json.mozlz4", (void 0)))
DevTools listening on ws://127.0.0.1:59366/devtools/browser/f2ca495e-1da7-4464-b2c6-c56213c5518d
Apr 10, 2023 10:08:21 AM org.openqa.selenium.remote.ProtocolHandshake createSession
INFO: Detected dialect: W3C
JavaScript warning: https://www.uniqlo.com/Mx95Yd/biG/Wo_/8-IanA/Vu7EGJtwEh/el0ZAQ/aiE/QAlg7T10, line 1: unreachable code after return statement
JavaScript warning: https://www.uniqlo.com/id/elgnisolqinu.js?async&seed=AIAnG2mHAQAAp6_kQ-NvC4pDCvZJooQGzCoxcLZ3CqwiSlxvcp_1EokMlmcT&x-i1ysm4mm--z=q, line 1: WEBGL_debug_renderer_info is deprecated in Firefox and will be removed. Please use RENDERER.
JavaScript warning: https://www.uniqlo.com/Mx95Yd/biG/Wo_/8-IanA/Vu7EGJtwEh/el0ZAQ/aiE/QAlg7T10, line 1: WEBGL_debug_renderer_info is deprecated in Firefox and will be removed. Please use RENDERER.
1681096105035	Marionette	WARN	TimedPromise timed out after 500 ms: stacktrace:
TimedPromise/<@chrome://remote/content/marionette/sync.sys.mjs:219:24
TimedPromise@chrome://remote/content/marionette/sync.sys.mjs:204:10
interaction.flushEventLoop@chrome://remote/content/marionette/interaction.sys.mjs:425:10
webdriverClickElement@chrome://remote/content/marionette/interaction.sys.mjs:173:31
1681096106586	Marionette	INFO	Stopped listening on port 53968
Dynamically enable window occlusion 1
WARNING: A blocker encountered an error while we were waiting.
          Blocker:  Waiting for ping task
          Phase: TelemetryController: Waiting for pending ping activity
          State: (none)
WARNING: Error: Phase "profile-before-change" is finished, it is too late to register completion condition "OS.File: flush I/O queued before profileBeforeChange"
WARNING: addBlocker@resource://gre/modules/AsyncShutdown.sys.mjs:727:15
addBlocker@resource://gre/modules/AsyncShutdown.sys.mjs:523:26
addBlocker@resource://gre/modules/AsyncShutdown.sys.mjs:458:15
setupShutdown@resource://gre/modules/osfile/osfile_async_front.jsm:1548:28
@resource://gre/modules/osfile/osfile_async_front.jsm:1568:16
@resource://gre/modules/osfile.jsm:12:30
@resource://gre/modules/TelemetryStorage.sys.mjs:10:28
_checkPendingPings@resource://gre/modules/TelemetrySend.sys.mjs:863:17
setup@resource://gre/modules/TelemetrySend.sys.mjs:803:18
setup@resource://gre/modules/TelemetrySend.sys.mjs:241:30
setupTelemetry/this._delayedInitTask<@resource://gre/modules/TelemetryControllerParent.sys.mjs:828:36
observe@resource://gre/modules/AsyncShutdown.sys.mjs:576:16

console.error: "TelemetryScheduler.shutdown - Already shut down"
WARNING: A blocker encountered an error while we were waiting.
          Blocker:  Waiting for ping task
          Phase: TelemetryController: Waiting for pending ping activity
          State: (none)
WARNING: Error: Phase "profile-before-change" is finished, it is too late to register completion condition "OS.File: flush I/O queued before profileBeforeChange"
WARNING: addBlocker@resource://gre/modules/AsyncShutdown.sys.mjs:727:15
addBlocker@resource://gre/modules/AsyncShutdown.sys.mjs:523:26
addBlocker@resource://gre/modules/AsyncShutdown.sys.mjs:458:15
setupShutdown@resource://gre/modules/osfile/osfile_async_front.jsm:1548:28
@resource://gre/modules/osfile/osfile_async_front.jsm:1568:16
@resource://gre/modules/osfile.jsm:12:30
@resource://gre/modules/TelemetryStorage.sys.mjs:10:28
_checkPendingPings@resource://gre/modules/TelemetrySend.sys.mjs:863:17
setup@resource://gre/modules/TelemetrySend.sys.mjs:803:18
setup@resource://gre/modules/TelemetrySend.sys.mjs:241:30
setupTelemetry/this._delayedInitTask<@resource://gre/modules/TelemetryControllerParent.sys.mjs:828:36
observe@resource://gre/modules/AsyncShutdown.sys.mjs:576:16

WARNING: A blocker encountered an error while we were waiting.
          Blocker:  Waiting for ping task
          Phase: TelemetryController: Waiting for pending ping activity
          State: (none)
WARNING: Error: Phase "profile-before-change" is finished, it is too late to register completion condition "OS.File: flush I/O queued before profileBeforeChange"
WARNING: addBlocker@resource://gre/modules/AsyncShutdown.sys.mjs:727:15
addBlocker@resource://gre/modules/AsyncShutdown.sys.mjs:523:26
addBlocker@resource://gre/modules/AsyncShutdown.sys.mjs:458:15
setupShutdown@resource://gre/modules/osfile/osfile_async_front.jsm:1548:28
@resource://gre/modules/osfile/osfile_async_front.jsm:1568:16
@resource://gre/modules/osfile.jsm:12:30
@resource://gre/modules/TelemetryStorage.sys.mjs:10:28
_checkPendingPings@resource://gre/modules/TelemetrySend.sys.mjs:863:17
setup@resource://gre/modules/TelemetrySend.sys.mjs:803:18
setup@resource://gre/modules/TelemetrySend.sys.mjs:241:30
setupTelemetry/this._delayedInitTask<@resource://gre/modules/TelemetryControllerParent.sys.mjs:828:36
observe@resource://gre/modules/AsyncShutdown.sys.mjs:576:16

WARNING: A blocker encountered an error while we were waiting.
          Blocker:  TelemetryController: shutting down
          Phase: profile-before-change-telemetry
          State: Error getting state: Error: Phase "profile-before-change" is finished, it is too late to register completion condition "OS.File: flush I/O queued before profileBeforeChange" at addBlocker@resource://gre/modules/AsyncShutdown.sys.mjs:727:15
addBlocker@resource://gre/modules/AsyncShutdown.sys.mjs:523:26
addBlocker@resource://gre/modules/AsyncShutdown.sys.mjs:458:15
setupShutdown@resource://gre/modules/osfile/osfile_async_front.jsm:1548:28
@resource://gre/modules/osfile/osfile_async_front.jsm:1568:16
@resource://gre/modules/osfile.jsm:12:30
@resource://gre/modules/TelemetryStorage.sys.mjs:10:28
_checkPendingPings@resource://gre/modules/TelemetrySend.sys.mjs:863:17
setup@resource://gre/modules/TelemetrySend.sys.mjs:803:18
setup@resource://gre/modules/TelemetrySend.sys.mjs:241:30
setupTelemetry/this._delayedInitTask<@resource://gre/modules/TelemetryControllerParent.sys.mjs:828:36
observe@resource://gre/modules/AsyncShutdown.sys.mjs:576:16

WARNING: Error: Phase "profile-before-change" is finished, it is too late to register completion condition "OS.File: flush I/O queued before profileBeforeChange"
WARNING: addBlocker@resource://gre/modules/AsyncShutdown.sys.mjs:727:15
addBlocker@resource://gre/modules/AsyncShutdown.sys.mjs:523:26
addBlocker@resource://gre/modules/AsyncShutdown.sys.mjs:458:15
setupShutdown@resource://gre/modules/osfile/osfile_async_front.jsm:1548:28
@resource://gre/modules/osfile/osfile_async_front.jsm:1568:16
@resource://gre/modules/osfile.jsm:12:30
@resource://gre/modules/TelemetryStorage.sys.mjs:10:28
_checkPendingPings@resource://gre/modules/TelemetrySend.sys.mjs:863:17
setup@resource://gre/modules/TelemetrySend.sys.mjs:803:18
setup@resource://gre/modules/TelemetrySend.sys.mjs:241:30
setupTelemetry/this._delayedInitTask<@resource://gre/modules/TelemetryControllerParent.sys.mjs:828:36
observe@resource://gre/modules/AsyncShutdown.sys.mjs:576:16

JavaScript error: resource://gre/modules/AsyncShutdown.sys.mjs, line 727: Error: Phase "profile-before-change" is finished, it is too late to register completion condition "OS.File: flush I/O queued before profileBeforeChange"
JavaScript error: resource://gre/modules/AsyncShutdown.sys.mjs, line 727: Error: Phase "profile-before-change" is finished, it is too late to register completion condition "OS.File: flush I/O queued before profileBeforeChange"
JavaScript error: resource://gre/modules/AsyncShutdown.sys.mjs, line 727: Error: Phase "profile-before-change" is finished, it is too late to register completion condition "OS.File: flush I/O queued before profileBeforeChange"
JavaScript error: resource://gre/modules/AsyncShutdown.sys.mjs, line 727: Error: Phase "profile-before-change" is finished, it is too late to register completion condition "OS.File: flush I/O queued before profileBeforeChange"
JavaScript error: resource://gre/modules/AsyncShutdown.sys.mjs, line 727: Error: Phase "profile-before-change" is finished, it is too late to register completion condition "OS.File: flush I/O queued before profileBeforeChange"
JavaScript error: resource://gre/modules/AsyncShutdown.sys.mjs, line 727: Error: Phase "profile-before-change" is finished, it is too late to register completion condition "OS.File: flush I/O queued before profileBeforeChange"
]]></system-err>
  </testcase>
  <testcase name="Fitur Menu Baby #3" classname="Baby" time="8.644">
    <system-out><![CDATA[
@baby
Scenario Outline: Fitur Menu Baby &amp#27;[90m# src/test/resources/features/Baby.feature:15&amp#27;[0m
10:08:28.239 [main] INFO io.cucumber.core.plugin.SerenityReporter - Running feature from file:///C:/Users/alwi/IdeaProjects/uniqloweb/src/test/resources/features/Baby.feature
10:08:28.254 [main] INFO net.serenitybdd.core.webdriver.driverproviders.FirefoxDriverProvider - Using automatically driver download
10:08:28.354 [main] DEBUG io.github.bonigarcia.wdm.cache.ResolutionCache - Resolution firefox=111 in cache (valid until 10:32:56 10/04/2023 WIB)
10:08:28.358 [main] DEBUG io.github.bonigarcia.wdm.cache.ResolutionCache - Resolution firefox111=0.32.2 in cache (valid until 19:30:50 10/04/2023 WIB)
10:08:28.360 [main] INFO io.github.bonigarcia.wdm.WebDriverManager - Using geckodriver 0.32.2 (resolved driver for Firefox 111)
10:08:28.379 [main] DEBUG io.github.bonigarcia.wdm.WebDriverManager - Driver geckodriver 0.32.2 found in cache
10:08:28.380 [main] INFO io.github.bonigarcia.wdm.WebDriverManager - Exporting webdriver.gecko.driver as C:\Users\alwi\.cache\selenium\geckodriver\win64\0.32.2\geckodriver.exe
10:08:28.402 [main] DEBUG net.serenitybdd.core.webdriver.driverproviders.ProvideNewDriver - Instantiating driver
10:08:28.402 [main] DEBUG net.serenitybdd.core.webdriver.driverproviders.ProvideNewDriver - Driver capabilities: Capabilities {acceptInsecureCerts: true, browserName: firefox, moz:debuggerAddress: true, moz:firefoxOptions: {args: [], profile: UEsDBBQACAgIAA5RilYAAAAAAAA...}}
10:08:28.522 [AsyncHttpClient-1-1] DEBUG org.asynchttpclient.netty.channel.DefaultChannelPool - Entry count for : http://localhost:54308 : 1
10:08:28.522 [AsyncHttpClient-1-1] DEBUG org.asynchttpclient.netty.channel.DefaultChannelPool - Adding Candidate expired Channel [id: 0xd6f87155, L:/127.0.0.1:53963 ! R:localhost/127.0.0.1:54308] isIdleTimeoutExpired=false isRemotelyClosed=true isTtlExpired=false
10:08:28.522 [AsyncHttpClient-1-1] DEBUG org.asynchttpclient.netty.channel.DefaultChannelPool - Closing Idle Channel [id: 0xd6f87155, L:/127.0.0.1:53963 ! R:localhost/127.0.0.1:54308]
10:08:28.522 [AsyncHttpClient-1-1] DEBUG org.asynchttpclient.netty.channel.DefaultChannelPool - Closed 1 connections out of 1 in 0 ms
10:08:28.939 [AsyncHttpClient-1-8] DEBUG org.asynchttpclient.netty.channel.NettyConnectListener - Using new Channel '[id: 0x6e6e7360, L:/127.0.0.1:54061 - R:localhost/127.0.0.1:60479]' for 'POST' to '/session'
10:08:31.292 [AsyncHttpClient-1-8] DEBUG org.asynchttpclient.netty.handler.HttpHandler - 

Request DefaultHttpRequest(decodeResult: success, version: HTTP/1.1)
POST /session HTTP/1.1
User-Agent: selenium/4.1.2 (java windows)
Content-Length: 3673
Content-Type: application/json; charset=utf-8
host: localhost:60479
accept: */*

Response DefaultHttpResponse(decodeResult: success, version: HTTP/1.1)
HTTP/1.1 200 OK
content-type: application/json; charset=utf-8
cache-control: no-cache
date: Mon, 10 Apr 2023 03:08:28 GMT
content-length: 790

10:08:31.292 [AsyncHttpClient-1-8] DEBUG org.asynchttpclient.netty.channel.ChannelManager - Adding key: http://localhost:60479 for channel [id: 0x6e6e7360, L:/127.0.0.1:54061 - R:localhost/127.0.0.1:60479]
10:08:31.302 [AsyncHttpClient-1-9] DEBUG org.asynchttpclient.netty.channel.NettyConnectListener - Using new Channel '[id: 0x503683c8, L:/127.0.0.1:54079 - R:/127.0.0.1:57094]' for 'GET' to '/json/version'
10:08:31.307 [AsyncHttpClient-1-9] DEBUG org.asynchttpclient.netty.handler.HttpHandler - 

Request DefaultFullHttpRequest(decodeResult: success, version: HTTP/1.1, content: EmptyByteBufBE)
GET /json/version HTTP/1.1
User-Agent: selenium/4.1.2 (java windows)
host: 127.0.0.1:57094
accept: */*

Response DefaultHttpResponse(decodeResult: success, version: HTTP/1.1)
HTTP/1.1 200 OK
content-type: application/json
connection: close
server: httpd.js
date: Mon, 10 Apr 2023 03:08:31 GMT
content-length: 311

10:08:31.308 [AsyncHttpClient-1-9] DEBUG org.asynchttpclient.netty.channel.ChannelManager - Closing Channel [id: 0x503683c8, L:/127.0.0.1:54079 - R:/127.0.0.1:57094] 
10:08:31.308 [AsyncHttpClient-1-9] DEBUG org.asynchttpclient.netty.handler.HttpHandler - Channel Closed: [id: 0x503683c8, L:/127.0.0.1:54079 ! R:/127.0.0.1:57094] with attribute DISCARD
10:08:31.310 [Forwarding get on session 3b4259d8-4e24-47b7-83c0-f8b89e8fc88a to remote] DEBUG org.asynchttpclient.netty.request.NettyRequestSender - Using pooled Channel '[id: 0x6e6e7360, L:/127.0.0.1:54061 - R:localhost/127.0.0.1:60479]' for 'POST' to 'http://localhost:60479/session/3b4259d8-4e24-47b7-83c0-f8b89e8fc88a/url'
10:08:31.310 [Forwarding get on session 3b4259d8-4e24-47b7-83c0-f8b89e8fc88a to remote] DEBUG org.asynchttpclient.netty.request.NettyRequestSender - Using open Channel [id: 0x6e6e7360, L:/127.0.0.1:54061 - R:localhost/127.0.0.1:60479] for POST '/session/3b4259d8-4e24-47b7-83c0-f8b89e8fc88a/url'
10:08:32.954 [AsyncHttpClient-1-8] DEBUG org.asynchttpclient.netty.handler.HttpHandler - 

Request DefaultHttpRequest(decodeResult: success, version: HTTP/1.1)
POST /session/3b4259d8-4e24-47b7-83c0-f8b89e8fc88a/url HTTP/1.1
User-Agent: selenium/4.1.2 (java windows)
Content-Length: 69
Content-Type: application/json; charset=utf-8
host: localhost:60479
accept: */*

Response DefaultHttpResponse(decodeResult: success, version: HTTP/1.1)
HTTP/1.1 200 OK
content-type: application/json; charset=utf-8
cache-control: no-cache
date: Mon, 10 Apr 2023 03:08:31 GMT
content-length: 14

10:08:32.955 [AsyncHttpClient-1-8] DEBUG org.asynchttpclient.netty.channel.ChannelManager - Adding key: http://localhost:60479 for channel [id: 0x6e6e7360, L:/127.0.0.1:54061 - R:localhost/127.0.0.1:60479]
10:08:32.957 [Forwarding setTimeout on session 3b4259d8-4e24-47b7-83c0-f8b89e8fc88a to remote] DEBUG org.asynchttpclient.netty.request.NettyRequestSender - Using pooled Channel '[id: 0x6e6e7360, L:/127.0.0.1:54061 - R:localhost/127.0.0.1:60479]' for 'POST' to 'http://localhost:60479/session/3b4259d8-4e24-47b7-83c0-f8b89e8fc88a/timeouts'
10:08:32.957 [Forwarding setTimeout on session 3b4259d8-4e24-47b7-83c0-f8b89e8fc88a to remote] DEBUG org.asynchttpclient.netty.request.NettyRequestSender - Using open Channel [id: 0x6e6e7360, L:/127.0.0.1:54061 - R:localhost/127.0.0.1:60479] for POST '/session/3b4259d8-4e24-47b7-83c0-f8b89e8fc88a/timeouts'
10:08:32.959 [AsyncHttpClient-1-8] DEBUG org.asynchttpclient.netty.handler.HttpHandler - 

Request DefaultHttpRequest(decodeResult: success, version: HTTP/1.1)
POST /session/3b4259d8-4e24-47b7-83c0-f8b89e8fc88a/timeouts HTTP/1.1
User-Agent: selenium/4.1.2 (java windows)
Content-Length: 22
Content-Type: application/json; charset=utf-8
host: localhost:60479
accept: */*

Response DefaultHttpResponse(decodeResult: success, version: HTTP/1.1)
HTTP/1.1 200 OK
content-type: application/json; charset=utf-8
cache-control: no-cache
date: Mon, 10 Apr 2023 03:08:32 GMT
content-length: 14

10:08:32.959 [AsyncHttpClient-1-8] DEBUG org.asynchttpclient.netty.channel.ChannelManager - Adding key: http://localhost:60479 for channel [id: 0x6e6e7360, L:/127.0.0.1:54061 - R:localhost/127.0.0.1:60479]
10:08:32.962 [Forwarding getCurrentUrl on session 3b4259d8-4e24-47b7-83c0-f8b89e8fc88a to remote] DEBUG org.asynchttpclient.netty.request.NettyRequestSender - Using pooled Channel '[id: 0x6e6e7360, L:/127.0.0.1:54061 - R:localhost/127.0.0.1:60479]' for 'GET' to 'http://localhost:60479/session/3b4259d8-4e24-47b7-83c0-f8b89e8fc88a/url'
10:08:32.962 [Forwarding getCurrentUrl on session 3b4259d8-4e24-47b7-83c0-f8b89e8fc88a to remote] DEBUG org.asynchttpclient.netty.request.NettyRequestSender - Using open Channel [id: 0x6e6e7360, L:/127.0.0.1:54061 - R:localhost/127.0.0.1:60479] for GET '/session/3b4259d8-4e24-47b7-83c0-f8b89e8fc88a/url'
10:08:32.967 [AsyncHttpClient-1-8] DEBUG org.asynchttpclient.netty.handler.HttpHandler - 

Request DefaultFullHttpRequest(decodeResult: success, version: HTTP/1.1, content: EmptyByteBufBE)
GET /session/3b4259d8-4e24-47b7-83c0-f8b89e8fc88a/url HTTP/1.1
User-Agent: selenium/4.1.2 (java windows)
Cache-Control: no-cache
Content-Type: application/json; charset=utf-8
host: localhost:60479
accept: */*

Response DefaultHttpResponse(decodeResult: success, version: HTTP/1.1)
HTTP/1.1 200 OK
content-type: application/json; charset=utf-8
cache-control: no-cache
date: Mon, 10 Apr 2023 03:08:32 GMT
content-length: 41

10:08:32.967 [AsyncHttpClient-1-8] DEBUG org.asynchttpclient.netty.channel.ChannelManager - Adding key: http://localhost:60479 for channel [id: 0x6e6e7360, L:/127.0.0.1:54061 - R:localhost/127.0.0.1:60479]
  &amp#27;[32mGiven &amp#27;[0m&amp#27;[32mI am on the home page&amp#27;[0m     &amp#27;[90m# starter.stepdefinitions.BabyStep.iAmOnTheHomePage()&amp#27;[0m
10:08:32.972 [Forwarding screenshot on session 3b4259d8-4e24-47b7-83c0-f8b89e8fc88a to remote] DEBUG org.asynchttpclient.netty.request.NettyRequestSender - Using pooled Channel '[id: 0x6e6e7360, L:/127.0.0.1:54061 - R:localhost/127.0.0.1:60479]' for 'GET' to 'http://localhost:60479/session/3b4259d8-4e24-47b7-83c0-f8b89e8fc88a/screenshot'
10:08:32.973 [Forwarding screenshot on session 3b4259d8-4e24-47b7-83c0-f8b89e8fc88a to remote] DEBUG org.asynchttpclient.netty.request.NettyRequestSender - Using open Channel [id: 0x6e6e7360, L:/127.0.0.1:54061 - R:localhost/127.0.0.1:60479] for GET '/session/3b4259d8-4e24-47b7-83c0-f8b89e8fc88a/screenshot'
10:08:33.645 [AsyncHttpClient-1-8] DEBUG org.asynchttpclient.netty.handler.HttpHandler - 

Request DefaultFullHttpRequest(decodeResult: success, version: HTTP/1.1, content: EmptyByteBufBE)
GET /session/3b4259d8-4e24-47b7-83c0-f8b89e8fc88a/screenshot HTTP/1.1
User-Agent: selenium/4.1.2 (java windows)
Cache-Control: no-cache
Content-Type: application/json; charset=utf-8
host: localhost:60479
accept: */*

Response DefaultHttpResponse(decodeResult: success, version: HTTP/1.1)
HTTP/1.1 200 OK
content-type: application/json; charset=utf-8
cache-control: no-cache
date: Mon, 10 Apr 2023 03:08:32 GMT
content-length: 345020

10:08:33.648 [AsyncHttpClient-1-8] DEBUG org.asynchttpclient.netty.channel.ChannelManager - Adding key: http://localhost:60479 for channel [id: 0x6e6e7360, L:/127.0.0.1:54061 - R:localhost/127.0.0.1:60479]
10:08:33.663 [main] DEBUG net.serenitybdd.core.photography.Darkroom - Send negative for processing for target\site\serenity\88d5ef5d847b9bb4da3590379f800247d20ae61bf54de9480765ac0d03b21d7f.png
10:08:33.673 [Forwarding findElement on session 3b4259d8-4e24-47b7-83c0-f8b89e8fc88a to remote] DEBUG org.asynchttpclient.netty.request.NettyRequestSender - Using pooled Channel '[id: 0x6e6e7360, L:/127.0.0.1:54061 - R:localhost/127.0.0.1:60479]' for 'POST' to 'http://localhost:60479/session/3b4259d8-4e24-47b7-83c0-f8b89e8fc88a/element'
10:08:33.674 [Forwarding findElement on session 3b4259d8-4e24-47b7-83c0-f8b89e8fc88a to remote] DEBUG org.asynchttpclient.netty.request.NettyRequestSender - Using open Channel [id: 0x6e6e7360, L:/127.0.0.1:54061 - R:localhost/127.0.0.1:60479] for POST '/session/3b4259d8-4e24-47b7-83c0-f8b89e8fc88a/element'
10:08:33.732 [AsyncHttpClient-1-8] DEBUG org.asynchttpclient.netty.handler.HttpHandler - 

Request DefaultHttpRequest(decodeResult: success, version: HTTP/1.1)
POST /session/3b4259d8-4e24-47b7-83c0-f8b89e8fc88a/element HTTP/1.1
User-Agent: selenium/4.1.2 (java windows)
Content-Length: 81
Content-Type: application/json; charset=utf-8
host: localhost:60479
accept: */*

Response DefaultHttpResponse(decodeResult: success, version: HTTP/1.1)
HTTP/1.1 200 OK
content-type: application/json; charset=utf-8
cache-control: no-cache
date: Mon, 10 Apr 2023 03:08:32 GMT
content-length: 88

10:08:33.732 [AsyncHttpClient-1-8] DEBUG org.asynchttpclient.netty.channel.ChannelManager - Adding key: http://localhost:60479 for channel [id: 0x6e6e7360, L:/127.0.0.1:54061 - R:localhost/127.0.0.1:60479]
10:08:33.734 [Forwarding getElementTagName on session 3b4259d8-4e24-47b7-83c0-f8b89e8fc88a to remote] DEBUG org.asynchttpclient.netty.request.NettyRequestSender - Using pooled Channel '[id: 0x6e6e7360, L:/127.0.0.1:54061 - R:localhost/127.0.0.1:60479]' for 'GET' to 'http://localhost:60479/session/3b4259d8-4e24-47b7-83c0-f8b89e8fc88a/element/0beed3b0-af12-4c9e-924d-7f176e3162a1/name'
10:08:33.734 [Forwarding getElementTagName on session 3b4259d8-4e24-47b7-83c0-f8b89e8fc88a to remote] DEBUG org.asynchttpclient.netty.request.NettyRequestSender - Using open Channel [id: 0x6e6e7360, L:/127.0.0.1:54061 - R:localhost/127.0.0.1:60479] for GET '/session/3b4259d8-4e24-47b7-83c0-f8b89e8fc88a/element/0beed3b0-af12-4c9e-924d-7f176e3162a1/name'
10:08:33.776 [AsyncHttpClient-1-8] DEBUG org.asynchttpclient.netty.handler.HttpHandler - 

Request DefaultFullHttpRequest(decodeResult: success, version: HTTP/1.1, content: EmptyByteBufBE)
GET /session/3b4259d8-4e24-47b7-83c0-f8b89e8fc88a/element/0beed3b0-af12-4c9e-924d-7f176e3162a1/name HTTP/1.1
User-Agent: selenium/4.1.2 (java windows)
Cache-Control: no-cache
Content-Type: application/json; charset=utf-8
host: localhost:60479
accept: */*

Response DefaultHttpResponse(decodeResult: success, version: HTTP/1.1)
HTTP/1.1 200 OK
content-type: application/json; charset=utf-8
cache-control: no-cache
date: Mon, 10 Apr 2023 03:08:32 GMT
content-length: 16

10:08:33.777 [AsyncHttpClient-1-8] DEBUG org.asynchttpclient.netty.channel.ChannelManager - Adding key: http://localhost:60479 for channel [id: 0x6e6e7360, L:/127.0.0.1:54061 - R:localhost/127.0.0.1:60479]
10:08:33.779 [Forwarding getElementTagName on session 3b4259d8-4e24-47b7-83c0-f8b89e8fc88a to remote] DEBUG org.asynchttpclient.netty.request.NettyRequestSender - Using pooled Channel '[id: 0x6e6e7360, L:/127.0.0.1:54061 - R:localhost/127.0.0.1:60479]' for 'GET' to 'http://localhost:60479/session/3b4259d8-4e24-47b7-83c0-f8b89e8fc88a/element/0beed3b0-af12-4c9e-924d-7f176e3162a1/name'
10:08:33.779 [Forwarding getElementTagName on session 3b4259d8-4e24-47b7-83c0-f8b89e8fc88a to remote] DEBUG org.asynchttpclient.netty.request.NettyRequestSender - Using open Channel [id: 0x6e6e7360, L:/127.0.0.1:54061 - R:localhost/127.0.0.1:60479] for GET '/session/3b4259d8-4e24-47b7-83c0-f8b89e8fc88a/element/0beed3b0-af12-4c9e-924d-7f176e3162a1/name'
10:08:33.799 [AsyncHttpClient-1-8] DEBUG org.asynchttpclient.netty.handler.HttpHandler - 

Request DefaultFullHttpRequest(decodeResult: success, version: HTTP/1.1, content: EmptyByteBufBE)
GET /session/3b4259d8-4e24-47b7-83c0-f8b89e8fc88a/element/0beed3b0-af12-4c9e-924d-7f176e3162a1/name HTTP/1.1
User-Agent: selenium/4.1.2 (java windows)
Cache-Control: no-cache
Content-Type: application/json; charset=utf-8
host: localhost:60479
accept: */*

Response DefaultHttpResponse(decodeResult: success, version: HTTP/1.1)
HTTP/1.1 200 OK
content-type: application/json; charset=utf-8
cache-control: no-cache
date: Mon, 10 Apr 2023 03:08:32 GMT
content-length: 16

10:08:33.799 [AsyncHttpClient-1-8] DEBUG org.asynchttpclient.netty.channel.ChannelManager - Adding key: http://localhost:60479 for channel [id: 0x6e6e7360, L:/127.0.0.1:54061 - R:localhost/127.0.0.1:60479]
10:08:33.804 [Forwarding findElement on session 3b4259d8-4e24-47b7-83c0-f8b89e8fc88a to remote] DEBUG org.asynchttpclient.netty.request.NettyRequestSender - Using pooled Channel '[id: 0x6e6e7360, L:/127.0.0.1:54061 - R:localhost/127.0.0.1:60479]' for 'POST' to 'http://localhost:60479/session/3b4259d8-4e24-47b7-83c0-f8b89e8fc88a/element'
10:08:33.804 [Forwarding findElement on session 3b4259d8-4e24-47b7-83c0-f8b89e8fc88a to remote] DEBUG org.asynchttpclient.netty.request.NettyRequestSender - Using open Channel [id: 0x6e6e7360, L:/127.0.0.1:54061 - R:localhost/127.0.0.1:60479] for POST '/session/3b4259d8-4e24-47b7-83c0-f8b89e8fc88a/element'
10:08:33.823 [AsyncHttpClient-1-8] DEBUG org.asynchttpclient.netty.handler.HttpHandler - 

Request DefaultHttpRequest(decodeResult: success, version: HTTP/1.1)
POST /session/3b4259d8-4e24-47b7-83c0-f8b89e8fc88a/element HTTP/1.1
User-Agent: selenium/4.1.2 (java windows)
Content-Length: 81
Content-Type: application/json; charset=utf-8
host: localhost:60479
accept: */*

Response DefaultHttpResponse(decodeResult: success, version: HTTP/1.1)
HTTP/1.1 200 OK
content-type: application/json; charset=utf-8
cache-control: no-cache
date: Mon, 10 Apr 2023 03:08:32 GMT
content-length: 88

10:08:33.824 [AsyncHttpClient-1-8] DEBUG org.asynchttpclient.netty.channel.ChannelManager - Adding key: http://localhost:60479 for channel [id: 0x6e6e7360, L:/127.0.0.1:54061 - R:localhost/127.0.0.1:60479]
10:08:33.825 [Forwarding clickElement on session 3b4259d8-4e24-47b7-83c0-f8b89e8fc88a to remote] DEBUG org.asynchttpclient.netty.request.NettyRequestSender - Using pooled Channel '[id: 0x6e6e7360, L:/127.0.0.1:54061 - R:localhost/127.0.0.1:60479]' for 'POST' to 'http://localhost:60479/session/3b4259d8-4e24-47b7-83c0-f8b89e8fc88a/element/0beed3b0-af12-4c9e-924d-7f176e3162a1/click'
10:08:33.825 [Forwarding clickElement on session 3b4259d8-4e24-47b7-83c0-f8b89e8fc88a to remote] DEBUG org.asynchttpclient.netty.request.NettyRequestSender - Using open Channel [id: 0x6e6e7360, L:/127.0.0.1:54061 - R:localhost/127.0.0.1:60479] for POST '/session/3b4259d8-4e24-47b7-83c0-f8b89e8fc88a/element/0beed3b0-af12-4c9e-924d-7f176e3162a1/click'
10:08:34.620 [AsyncHttpClient-1-8] DEBUG org.asynchttpclient.netty.handler.HttpHandler - 

Request DefaultHttpRequest(decodeResult: success, version: HTTP/1.1)
POST /session/3b4259d8-4e24-47b7-83c0-f8b89e8fc88a/element/0beed3b0-af12-4c9e-924d-7f176e3162a1/click HTTP/1.1
User-Agent: selenium/4.1.2 (java windows)
Content-Length: 50
Content-Type: application/json; charset=utf-8
host: localhost:60479
accept: */*

Response DefaultHttpResponse(decodeResult: success, version: HTTP/1.1)
HTTP/1.1 200 OK
content-type: application/json; charset=utf-8
cache-control: no-cache
date: Mon, 10 Apr 2023 03:08:32 GMT
content-length: 14

10:08:34.621 [AsyncHttpClient-1-8] DEBUG org.asynchttpclient.netty.channel.ChannelManager - Adding key: http://localhost:60479 for channel [id: 0x6e6e7360, L:/127.0.0.1:54061 - R:localhost/127.0.0.1:60479]
  &amp#27;[32mThen &amp#27;[0m&amp#27;[32mI click baby on the header&amp#27;[0m &amp#27;[90m# starter.stepdefinitions.BabyStep.iClickBabyOnTheHeader()&amp#27;[0m
10:08:34.628 [Forwarding screenshot on session 3b4259d8-4e24-47b7-83c0-f8b89e8fc88a to remote] DEBUG org.asynchttpclient.netty.request.NettyRequestSender - Using pooled Channel '[id: 0x6e6e7360, L:/127.0.0.1:54061 - R:localhost/127.0.0.1:60479]' for 'GET' to 'http://localhost:60479/session/3b4259d8-4e24-47b7-83c0-f8b89e8fc88a/screenshot'
10:08:34.628 [Forwarding screenshot on session 3b4259d8-4e24-47b7-83c0-f8b89e8fc88a to remote] DEBUG org.asynchttpclient.netty.request.NettyRequestSender - Using open Channel [id: 0x6e6e7360, L:/127.0.0.1:54061 - R:localhost/127.0.0.1:60479] for GET '/session/3b4259d8-4e24-47b7-83c0-f8b89e8fc88a/screenshot'
10:08:34.813 [AsyncHttpClient-1-8] DEBUG org.asynchttpclient.netty.handler.HttpHandler - 

Request DefaultFullHttpRequest(decodeResult: success, version: HTTP/1.1, content: EmptyByteBufBE)
GET /session/3b4259d8-4e24-47b7-83c0-f8b89e8fc88a/screenshot HTTP/1.1
User-Agent: selenium/4.1.2 (java windows)
Cache-Control: no-cache
Content-Type: application/json; charset=utf-8
host: localhost:60479
accept: */*

Response DefaultHttpResponse(decodeResult: success, version: HTTP/1.1)
HTTP/1.1 200 OK
content-type: application/json; charset=utf-8
cache-control: no-cache
date: Mon, 10 Apr 2023 03:08:34 GMT
content-length: 98024

10:08:34.814 [AsyncHttpClient-1-8] DEBUG org.asynchttpclient.netty.channel.ChannelManager - Adding key: http://localhost:60479 for channel [id: 0x6e6e7360, L:/127.0.0.1:54061 - R:localhost/127.0.0.1:60479]
10:08:34.819 [main] DEBUG net.serenitybdd.core.photography.Darkroom - Send negative for processing for target\site\serenity\bcb9a8d665d2c58a930e922f816fcc3ebc2aef855b882f3d531e7c9aa320b06d.png
10:08:34.831 [Forwarding findElement on session 3b4259d8-4e24-47b7-83c0-f8b89e8fc88a to remote] DEBUG org.asynchttpclient.netty.request.NettyRequestSender - Using pooled Channel '[id: 0x6e6e7360, L:/127.0.0.1:54061 - R:localhost/127.0.0.1:60479]' for 'POST' to 'http://localhost:60479/session/3b4259d8-4e24-47b7-83c0-f8b89e8fc88a/element'
10:08:34.831 [Forwarding findElement on session 3b4259d8-4e24-47b7-83c0-f8b89e8fc88a to remote] DEBUG org.asynchttpclient.netty.request.NettyRequestSender - Using open Channel [id: 0x6e6e7360, L:/127.0.0.1:54061 - R:localhost/127.0.0.1:60479] for POST '/session/3b4259d8-4e24-47b7-83c0-f8b89e8fc88a/element'
10:08:35.103 [AsyncHttpClient-1-8] DEBUG org.asynchttpclient.netty.handler.HttpHandler - 

Request DefaultHttpRequest(decodeResult: success, version: HTTP/1.1)
POST /session/3b4259d8-4e24-47b7-83c0-f8b89e8fc88a/element HTTP/1.1
User-Agent: selenium/4.1.2 (java windows)
Content-Length: 107
Content-Type: application/json; charset=utf-8
host: localhost:60479
accept: */*

Response DefaultHttpResponse(decodeResult: success, version: HTTP/1.1)
HTTP/1.1 200 OK
content-type: application/json; charset=utf-8
cache-control: no-cache
date: Mon, 10 Apr 2023 03:08:34 GMT
content-length: 88

10:08:35.104 [AsyncHttpClient-1-8] DEBUG org.asynchttpclient.netty.channel.ChannelManager - Adding key: http://localhost:60479 for channel [id: 0x6e6e7360, L:/127.0.0.1:54061 - R:localhost/127.0.0.1:60479]
10:08:35.107 [Forwarding getElementTagName on session 3b4259d8-4e24-47b7-83c0-f8b89e8fc88a to remote] DEBUG org.asynchttpclient.netty.request.NettyRequestSender - Using pooled Channel '[id: 0x6e6e7360, L:/127.0.0.1:54061 - R:localhost/127.0.0.1:60479]' for 'GET' to 'http://localhost:60479/session/3b4259d8-4e24-47b7-83c0-f8b89e8fc88a/element/3cf4b2db-72a2-42ad-b1c9-28b3d3845135/name'
10:08:35.107 [Forwarding getElementTagName on session 3b4259d8-4e24-47b7-83c0-f8b89e8fc88a to remote] DEBUG org.asynchttpclient.netty.request.NettyRequestSender - Using open Channel [id: 0x6e6e7360, L:/127.0.0.1:54061 - R:localhost/127.0.0.1:60479] for GET '/session/3b4259d8-4e24-47b7-83c0-f8b89e8fc88a/element/3cf4b2db-72a2-42ad-b1c9-28b3d3845135/name'
10:08:35.116 [AsyncHttpClient-1-8] DEBUG org.asynchttpclient.netty.handler.HttpHandler - 

Request DefaultFullHttpRequest(decodeResult: success, version: HTTP/1.1, content: EmptyByteBufBE)
GET /session/3b4259d8-4e24-47b7-83c0-f8b89e8fc88a/element/3cf4b2db-72a2-42ad-b1c9-28b3d3845135/name HTTP/1.1
User-Agent: selenium/4.1.2 (java windows)
Cache-Control: no-cache
Content-Type: application/json; charset=utf-8
host: localhost:60479
accept: */*

Response DefaultHttpResponse(decodeResult: success, version: HTTP/1.1)
HTTP/1.1 200 OK
content-type: application/json; charset=utf-8
cache-control: no-cache
date: Mon, 10 Apr 2023 03:08:34 GMT
content-length: 16

10:08:35.117 [AsyncHttpClient-1-8] DEBUG org.asynchttpclient.netty.channel.ChannelManager - Adding key: http://localhost:60479 for channel [id: 0x6e6e7360, L:/127.0.0.1:54061 - R:localhost/127.0.0.1:60479]
10:08:35.119 [Forwarding getElementTagName on session 3b4259d8-4e24-47b7-83c0-f8b89e8fc88a to remote] DEBUG org.asynchttpclient.netty.request.NettyRequestSender - Using pooled Channel '[id: 0x6e6e7360, L:/127.0.0.1:54061 - R:localhost/127.0.0.1:60479]' for 'GET' to 'http://localhost:60479/session/3b4259d8-4e24-47b7-83c0-f8b89e8fc88a/element/3cf4b2db-72a2-42ad-b1c9-28b3d3845135/name'
10:08:35.119 [Forwarding getElementTagName on session 3b4259d8-4e24-47b7-83c0-f8b89e8fc88a to remote] DEBUG org.asynchttpclient.netty.request.NettyRequestSender - Using open Channel [id: 0x6e6e7360, L:/127.0.0.1:54061 - R:localhost/127.0.0.1:60479] for GET '/session/3b4259d8-4e24-47b7-83c0-f8b89e8fc88a/element/3cf4b2db-72a2-42ad-b1c9-28b3d3845135/name'
10:08:35.127 [AsyncHttpClient-1-8] DEBUG org.asynchttpclient.netty.handler.HttpHandler - 

Request DefaultFullHttpRequest(decodeResult: success, version: HTTP/1.1, content: EmptyByteBufBE)
GET /session/3b4259d8-4e24-47b7-83c0-f8b89e8fc88a/element/3cf4b2db-72a2-42ad-b1c9-28b3d3845135/name HTTP/1.1
User-Agent: selenium/4.1.2 (java windows)
Cache-Control: no-cache
Content-Type: application/json; charset=utf-8
host: localhost:60479
accept: */*

Response DefaultHttpResponse(decodeResult: success, version: HTTP/1.1)
HTTP/1.1 200 OK
content-type: application/json; charset=utf-8
cache-control: no-cache
date: Mon, 10 Apr 2023 03:08:34 GMT
content-length: 16

10:08:35.128 [AsyncHttpClient-1-8] DEBUG org.asynchttpclient.netty.channel.ChannelManager - Adding key: http://localhost:60479 for channel [id: 0x6e6e7360, L:/127.0.0.1:54061 - R:localhost/127.0.0.1:60479]
10:08:35.131 [Forwarding findElement on session 3b4259d8-4e24-47b7-83c0-f8b89e8fc88a to remote] DEBUG org.asynchttpclient.netty.request.NettyRequestSender - Using pooled Channel '[id: 0x6e6e7360, L:/127.0.0.1:54061 - R:localhost/127.0.0.1:60479]' for 'POST' to 'http://localhost:60479/session/3b4259d8-4e24-47b7-83c0-f8b89e8fc88a/element'
10:08:35.131 [Forwarding findElement on session 3b4259d8-4e24-47b7-83c0-f8b89e8fc88a to remote] DEBUG org.asynchttpclient.netty.request.NettyRequestSender - Using open Channel [id: 0x6e6e7360, L:/127.0.0.1:54061 - R:localhost/127.0.0.1:60479] for POST '/session/3b4259d8-4e24-47b7-83c0-f8b89e8fc88a/element'
10:08:35.176 [AsyncHttpClient-1-8] DEBUG org.asynchttpclient.netty.handler.HttpHandler - 

Request DefaultHttpRequest(decodeResult: success, version: HTTP/1.1)
POST /session/3b4259d8-4e24-47b7-83c0-f8b89e8fc88a/element HTTP/1.1
User-Agent: selenium/4.1.2 (java windows)
Content-Length: 107
Content-Type: application/json; charset=utf-8
host: localhost:60479
accept: */*

Response DefaultHttpResponse(decodeResult: success, version: HTTP/1.1)
HTTP/1.1 200 OK
content-type: application/json; charset=utf-8
cache-control: no-cache
date: Mon, 10 Apr 2023 03:08:34 GMT
content-length: 88

10:08:35.176 [AsyncHttpClient-1-8] DEBUG org.asynchttpclient.netty.channel.ChannelManager - Adding key: http://localhost:60479 for channel [id: 0x6e6e7360, L:/127.0.0.1:54061 - R:localhost/127.0.0.1:60479]
10:08:35.179 [Forwarding clickElement on session 3b4259d8-4e24-47b7-83c0-f8b89e8fc88a to remote] DEBUG org.asynchttpclient.netty.request.NettyRequestSender - Using pooled Channel '[id: 0x6e6e7360, L:/127.0.0.1:54061 - R:localhost/127.0.0.1:60479]' for 'POST' to 'http://localhost:60479/session/3b4259d8-4e24-47b7-83c0-f8b89e8fc88a/element/3cf4b2db-72a2-42ad-b1c9-28b3d3845135/click'
10:08:35.179 [Forwarding clickElement on session 3b4259d8-4e24-47b7-83c0-f8b89e8fc88a to remote] DEBUG org.asynchttpclient.netty.request.NettyRequestSender - Using open Channel [id: 0x6e6e7360, L:/127.0.0.1:54061 - R:localhost/127.0.0.1:60479] for POST '/session/3b4259d8-4e24-47b7-83c0-f8b89e8fc88a/element/3cf4b2db-72a2-42ad-b1c9-28b3d3845135/click'
10:08:35.611 [AsyncHttpClient-1-8] DEBUG org.asynchttpclient.netty.handler.HttpHandler - 

Request DefaultHttpRequest(decodeResult: success, version: HTTP/1.1)
POST /session/3b4259d8-4e24-47b7-83c0-f8b89e8fc88a/element/3cf4b2db-72a2-42ad-b1c9-28b3d3845135/click HTTP/1.1
User-Agent: selenium/4.1.2 (java windows)
Content-Length: 50
Content-Type: application/json; charset=utf-8
host: localhost:60479
accept: */*

Response DefaultHttpResponse(decodeResult: success, version: HTTP/1.1)
HTTP/1.1 200 OK
content-type: application/json; charset=utf-8
cache-control: no-cache
date: Mon, 10 Apr 2023 03:08:34 GMT
content-length: 14

10:08:35.611 [AsyncHttpClient-1-8] DEBUG org.asynchttpclient.netty.channel.ChannelManager - Adding key: http://localhost:60479 for channel [id: 0x6e6e7360, L:/127.0.0.1:54061 - R:localhost/127.0.0.1:60479]
  &amp#27;[32mWhen &amp#27;[0m&amp#27;[32mI will go to &amp#27;[0m&amp#27;[32m&amp#27;[1m"aksesoris1"&amp#27;[0m  &amp#27;[90m# starter.stepdefinitions.BabyStep.iWillGoTo(java.lang.String)&amp#27;[0m
10:08:35.618 [Forwarding screenshot on session 3b4259d8-4e24-47b7-83c0-f8b89e8fc88a to remote] DEBUG org.asynchttpclient.netty.request.NettyRequestSender - Using pooled Channel '[id: 0x6e6e7360, L:/127.0.0.1:54061 - R:localhost/127.0.0.1:60479]' for 'GET' to 'http://localhost:60479/session/3b4259d8-4e24-47b7-83c0-f8b89e8fc88a/screenshot'
10:08:35.618 [Forwarding screenshot on session 3b4259d8-4e24-47b7-83c0-f8b89e8fc88a to remote] DEBUG org.asynchttpclient.netty.request.NettyRequestSender - Using open Channel [id: 0x6e6e7360, L:/127.0.0.1:54061 - R:localhost/127.0.0.1:60479] for GET '/session/3b4259d8-4e24-47b7-83c0-f8b89e8fc88a/screenshot'
10:08:35.700 [AsyncHttpClient-1-8] DEBUG org.asynchttpclient.netty.handler.HttpHandler - 

Request DefaultFullHttpRequest(decodeResult: success, version: HTTP/1.1, content: EmptyByteBufBE)
GET /session/3b4259d8-4e24-47b7-83c0-f8b89e8fc88a/screenshot HTTP/1.1
User-Agent: selenium/4.1.2 (java windows)
Cache-Control: no-cache
Content-Type: application/json; charset=utf-8
host: localhost:60479
accept: */*

Response DefaultHttpResponse(decodeResult: success, version: HTTP/1.1)
HTTP/1.1 200 OK
content-type: application/json; charset=utf-8
cache-control: no-cache
date: Mon, 10 Apr 2023 03:08:34 GMT
content-length: 97488

10:08:35.702 [AsyncHttpClient-1-8] DEBUG org.asynchttpclient.netty.channel.ChannelManager - Adding key: http://localhost:60479 for channel [id: 0x6e6e7360, L:/127.0.0.1:54061 - R:localhost/127.0.0.1:60479]
10:08:35.708 [main] DEBUG net.serenitybdd.core.photography.Darkroom - Send negative for processing for target\site\serenity\ef60c00c63298b25f11f89865640b650e94ebf2de4091e15eab8357856f1f8bf.png
10:08:35.709 [Darkroom Processing Line] DEBUG net.serenitybdd.core.photography.DarkroomProcessingLine - Processing screenshot image in /var/screenshots/screenshot-8556542949536686569
10:08:35.709 [Darkroom Processing Line] DEBUG net.serenitybdd.core.photography.DarkroomProcessingLine - Saving screenshot to target\site\serenity\ef60c00c63298b25f11f89865640b650e94ebf2de4091e15eab8357856f1f8bf.png
10:08:35.718 [Forwarding findElement on session 3b4259d8-4e24-47b7-83c0-f8b89e8fc88a to remote] DEBUG org.asynchttpclient.netty.request.NettyRequestSender - Using pooled Channel '[id: 0x6e6e7360, L:/127.0.0.1:54061 - R:localhost/127.0.0.1:60479]' for 'POST' to 'http://localhost:60479/session/3b4259d8-4e24-47b7-83c0-f8b89e8fc88a/element'
10:08:35.718 [Forwarding findElement on session 3b4259d8-4e24-47b7-83c0-f8b89e8fc88a to remote] DEBUG org.asynchttpclient.netty.request.NettyRequestSender - Using open Channel [id: 0x6e6e7360, L:/127.0.0.1:54061 - R:localhost/127.0.0.1:60479] for POST '/session/3b4259d8-4e24-47b7-83c0-f8b89e8fc88a/element'
10:08:35.789 [AsyncHttpClient-1-8] DEBUG org.asynchttpclient.netty.handler.HttpHandler - 

Request DefaultHttpRequest(decodeResult: success, version: HTTP/1.1)
POST /session/3b4259d8-4e24-47b7-83c0-f8b89e8fc88a/element HTTP/1.1
User-Agent: selenium/4.1.2 (java windows)
Content-Length: 91
Content-Type: application/json; charset=utf-8
host: localhost:60479
accept: */*

Response DefaultHttpResponse(decodeResult: success, version: HTTP/1.1)
HTTP/1.1 200 OK
content-type: application/json; charset=utf-8
cache-control: no-cache
date: Mon, 10 Apr 2023 03:08:35 GMT
content-length: 88

10:08:35.789 [AsyncHttpClient-1-8] DEBUG org.asynchttpclient.netty.channel.ChannelManager - Adding key: http://localhost:60479 for channel [id: 0x6e6e7360, L:/127.0.0.1:54061 - R:localhost/127.0.0.1:60479]
10:08:35.794 [Forwarding isElementDisplayed on session 3b4259d8-4e24-47b7-83c0-f8b89e8fc88a to remote] DEBUG org.asynchttpclient.netty.request.NettyRequestSender - Using pooled Channel '[id: 0x6e6e7360, L:/127.0.0.1:54061 - R:localhost/127.0.0.1:60479]' for 'POST' to 'http://localhost:60479/session/3b4259d8-4e24-47b7-83c0-f8b89e8fc88a/execute/sync'
10:08:35.794 [Forwarding isElementDisplayed on session 3b4259d8-4e24-47b7-83c0-f8b89e8fc88a to remote] DEBUG org.asynchttpclient.netty.request.NettyRequestSender - Using open Channel [id: 0x6e6e7360, L:/127.0.0.1:54061 - R:localhost/127.0.0.1:60479] for POST '/session/3b4259d8-4e24-47b7-83c0-f8b89e8fc88a/execute/sync'
10:08:35.809 [AsyncHttpClient-1-8] DEBUG org.asynchttpclient.netty.handler.HttpHandler - 

Request DefaultHttpRequest(decodeResult: success, version: HTTP/1.1)
POST /session/3b4259d8-4e24-47b7-83c0-f8b89e8fc88a/execute/sync HTTP/1.1
User-Agent: selenium/4.1.2 (java windows)
Content-Length: 48780
Content-Type: application/json; charset=utf-8
host: localhost:60479
accept: */*

Response DefaultHttpResponse(decodeResult: success, version: HTTP/1.1)
HTTP/1.1 200 OK
content-type: application/json; charset=utf-8
cache-control: no-cache
date: Mon, 10 Apr 2023 03:08:35 GMT
content-length: 14

10:08:35.809 [AsyncHttpClient-1-8] DEBUG org.asynchttpclient.netty.channel.ChannelManager - Adding key: http://localhost:60479 for channel [id: 0x6e6e7360, L:/127.0.0.1:54061 - R:localhost/127.0.0.1:60479]
  &amp#27;[32mAnd &amp#27;[0m&amp#27;[32mI &amp#27;[0m&amp#27;[32m&amp#27;[1m"txtAksesoris1"&amp#27;[0m&amp#27;[32m page&amp#27;[0m      &amp#27;[90m# starter.stepdefinitions.BabyStep.iPage(java.lang.String)&amp#27;[0m
10:08:35.814 [Forwarding screenshot on session 3b4259d8-4e24-47b7-83c0-f8b89e8fc88a to remote] DEBUG org.asynchttpclient.netty.request.NettyRequestSender - Using pooled Channel '[id: 0x6e6e7360, L:/127.0.0.1:54061 - R:localhost/127.0.0.1:60479]' for 'GET' to 'http://localhost:60479/session/3b4259d8-4e24-47b7-83c0-f8b89e8fc88a/screenshot'
10:08:35.814 [Forwarding screenshot on session 3b4259d8-4e24-47b7-83c0-f8b89e8fc88a to remote] DEBUG org.asynchttpclient.netty.request.NettyRequestSender - Using open Channel [id: 0x6e6e7360, L:/127.0.0.1:54061 - R:localhost/127.0.0.1:60479] for GET '/session/3b4259d8-4e24-47b7-83c0-f8b89e8fc88a/screenshot'
10:08:35.842 [AsyncHttpClient-1-8] DEBUG org.asynchttpclient.netty.handler.HttpHandler - 

Request DefaultFullHttpRequest(decodeResult: success, version: HTTP/1.1, content: EmptyByteBufBE)
GET /session/3b4259d8-4e24-47b7-83c0-f8b89e8fc88a/screenshot HTTP/1.1
User-Agent: selenium/4.1.2 (java windows)
Cache-Control: no-cache
Content-Type: application/json; charset=utf-8
host: localhost:60479
accept: */*

Response DefaultHttpResponse(decodeResult: success, version: HTTP/1.1)
HTTP/1.1 200 OK
content-type: application/json; charset=utf-8
cache-control: no-cache
date: Mon, 10 Apr 2023 03:08:35 GMT
content-length: 76416

10:08:35.843 [AsyncHttpClient-1-8] DEBUG org.asynchttpclient.netty.channel.ChannelManager - Adding key: http://localhost:60479 for channel [id: 0x6e6e7360, L:/127.0.0.1:54061 - R:localhost/127.0.0.1:60479]
10:08:35.845 [main] DEBUG net.serenitybdd.core.photography.Darkroom - Send negative for processing for target\site\serenity\f2e162018044b43ee684a4160bc5d06b293f1725a0322afb9b08a73588f69a8a.png
10:08:35.846 [Darkroom Processing Line] DEBUG net.serenitybdd.core.photography.DarkroomProcessingLine - Processing screenshot image in /var/screenshots/screenshot-5035538713781328224
10:08:35.846 [Darkroom Processing Line] DEBUG net.serenitybdd.core.photography.DarkroomProcessingLine - Saving screenshot to target\site\serenity\f2e162018044b43ee684a4160bc5d06b293f1725a0322afb9b08a73588f69a8a.png
10:08:35.852 [Driver Command Executor] DEBUG org.asynchttpclient.netty.request.NettyRequestSender - Using pooled Channel '[id: 0x6e6e7360, L:/127.0.0.1:54061 - R:localhost/127.0.0.1:60479]' for 'DELETE' to 'http://localhost:60479/session/3b4259d8-4e24-47b7-83c0-f8b89e8fc88a'
10:08:35.852 [Driver Command Executor] DEBUG org.asynchttpclient.netty.request.NettyRequestSender - Using open Channel [id: 0x6e6e7360, L:/127.0.0.1:54061 - R:localhost/127.0.0.1:60479] for DELETE '/session/3b4259d8-4e24-47b7-83c0-f8b89e8fc88a'
10:08:36.810 [AsyncHttpClient-1-8] DEBUG org.asynchttpclient.netty.handler.HttpHandler - 

Request DefaultFullHttpRequest(decodeResult: success, version: HTTP/1.1, content: EmptyByteBufBE)
DELETE /session/3b4259d8-4e24-47b7-83c0-f8b89e8fc88a HTTP/1.1
User-Agent: selenium/4.1.2 (java windows)
Content-Type: application/json; charset=utf-8
host: localhost:60479
accept: */*

Response DefaultHttpResponse(decodeResult: success, version: HTTP/1.1)
HTTP/1.1 200 OK
content-type: application/json; charset=utf-8
cache-control: no-cache
date: Mon, 10 Apr 2023 03:08:35 GMT
content-length: 14

10:08:36.811 [AsyncHttpClient-1-8] DEBUG org.asynchttpclient.netty.channel.ChannelManager - Adding key: http://localhost:60479 for channel [id: 0x6e6e7360, L:/127.0.0.1:54061 - R:localhost/127.0.0.1:60479]
10:08:36.813 [AsyncHttpClient-1-8] DEBUG org.asynchttpclient.netty.handler.HttpHandler - Unexpected I/O exception on channel [id: 0x6e6e7360, L:/127.0.0.1:54061 - R:localhost/127.0.0.1:60479]
java.net.SocketException: Connection reset
	at java.base/sun.nio.ch.SocketChannelImpl.throwConnectionReset(SocketChannelImpl.java:345)
	at java.base/sun.nio.ch.SocketChannelImpl.read(SocketChannelImpl.java:376)
	at io.netty.buffer.PooledByteBuf.setBytes(PooledByteBuf.java:258)
	at io.netty.buffer.AbstractByteBuf.writeBytes(AbstractByteBuf.java:1132)
	at io.netty.channel.socket.nio.NioSocketChannel.doReadBytes(NioSocketChannel.java:350)
	at io.netty.channel.nio.AbstractNioByteChannel$NioByteUnsafe.read(AbstractNioByteChannel.java:151)
	at io.netty.channel.nio.NioEventLoop.processSelectedKey(NioEventLoop.java:722)
	at io.netty.channel.nio.NioEventLoop.processSelectedKeysOptimized(NioEventLoop.java:658)
	at io.netty.channel.nio.NioEventLoop.processSelectedKeys(NioEventLoop.java:584)
	at io.netty.channel.nio.NioEventLoop.run(NioEventLoop.java:496)
	at io.netty.util.concurrent.SingleThreadEventExecutor$4.run(SingleThreadEventExecutor.java:986)
	at io.netty.util.internal.ThreadExecutorMap$2.run(ThreadExecutorMap.java:74)
	at io.netty.util.concurrent.FastThreadLocalRunnable.run(FastThreadLocalRunnable.java:30)
	at java.base/java.lang.Thread.run(Thread.java:830)
10:08:36.813 [AsyncHttpClient-1-8] DEBUG org.asynchttpclient.netty.channel.ChannelManager - Closing Channel [id: 0x6e6e7360, L:/127.0.0.1:54061 - R:localhost/127.0.0.1:60479] 
10:08:36.813 [AsyncHttpClient-1-8] DEBUG org.asynchttpclient.netty.handler.HttpHandler - Channel Closed: [id: 0x6e6e7360, L:/127.0.0.1:54061 ! R:localhost/127.0.0.1:60479] with attribute DISCARD
]]></system-out>
    <system-err><![CDATA[1681096108454	geckodriver	INFO	Listening on 127.0.0.1:60479
1681096108973	mozrunner::runner	INFO	Running command: "C:\\Program Files\\Mozilla Firefox\\firefox.exe" "--marionette" "" "--remote-debugging-port" "57094" "--remote-allow-hosts" "localhost" "-no-remote" "-profile" "C:\\Users\\alwi\\AppData\\Local\\Temp\\rust_mozprofileA0de7O"
console.warn: services.settings: Ignoring preference override of remote settings server
console.warn: services.settings: Allow by setting MOZ_REMOTE_SETTINGS_DEVTOOLS=1 in the environment
1681096109306	Marionette	INFO	Marionette enabled
Dynamically enable window occlusion 0
1681096109311	Marionette	INFO	Listening on port 54065
WebDriver BiDi listening on ws://127.0.0.1:57094
Read port: 54065
1681096109673	RemoteAgent	WARN	TLS certificate errors will be ignored for this session
console.warn: SearchSettings: "get: No settings file exists, new profile?" (new NotFoundError("Could not open the file at C:\\Users\\alwi\\AppData\\Local\\Temp\\rust_mozprofileA0de7O\\search.json.mozlz4", (void 0)))
DevTools listening on ws://127.0.0.1:57094/devtools/browser/b842367b-e3bf-4e37-aa6a-842a0578d30d
Apr 10, 2023 10:08:31 AM org.openqa.selenium.remote.ProtocolHandshake createSession
INFO: Detected dialect: W3C
JavaScript warning: https://www.uniqlo.com/Mx95Yd/biG/Wo_/8-IanA/Vu7EGJtwEh/el0ZAQ/aiE/QAlg7T10, line 1: unreachable code after return statement
JavaScript warning: https://www.uniqlo.com/Mx95Yd/biG/Wo_/8-IanA/Vu7EGJtwEh/el0ZAQ/aiE/QAlg7T10, line 1: WEBGL_debug_renderer_info is deprecated in Firefox and will be removed. Please use RENDERER.
JavaScript warning: https://www.uniqlo.com/id/elgnisolqinu.js?async&seed=AIAnG2mHAQAAp6_kQ-NvC4pDCvZJooQGzCoxcLZ3CqwiSlxvcp_1EokMlmcT&x-i1ysm4mm--z=q, line 1: WEBGL_debug_renderer_info is deprecated in Firefox and will be removed. Please use RENDERER.
1681096115855	Marionette	INFO	Stopped listening on port 54065
Dynamically enable window occlusion 1
WARNING: A blocker encountered an error while we were waiting.
          Blocker:  Waiting for ping task
          Phase: TelemetryController: Waiting for pending ping activity
          State: (none)
WARNING: Error: Phase "profile-before-change" is finished, it is too late to register completion condition "OS.File: flush I/O queued before profileBeforeChange"
WARNING: addBlocker@resource://gre/modules/AsyncShutdown.sys.mjs:727:15
addBlocker@resource://gre/modules/AsyncShutdown.sys.mjs:523:26
addBlocker@resource://gre/modules/AsyncShutdown.sys.mjs:458:15
setupShutdown@resource://gre/modules/osfile/osfile_async_front.jsm:1548:28
@resource://gre/modules/osfile/osfile_async_front.jsm:1568:16
@resource://gre/modules/osfile.jsm:12:30
@resource://gre/modules/TelemetryStorage.sys.mjs:10:28
_checkPendingPings@resource://gre/modules/TelemetrySend.sys.mjs:863:17
setup@resource://gre/modules/TelemetrySend.sys.mjs:803:18
setup@resource://gre/modules/TelemetrySend.sys.mjs:241:30
setupTelemetry/this._delayedInitTask<@resource://gre/modules/TelemetryControllerParent.sys.mjs:828:36
observe@resource://gre/modules/AsyncShutdown.sys.mjs:576:16

console.error: "TelemetryScheduler.shutdown - Already shut down"
WARNING: A blocker encountered an error while we were waiting.
          Blocker:  Waiting for ping task
          Phase: TelemetryController: Waiting for pending ping activity
          State: (none)
WARNING: Error: Phase "profile-before-change" is finished, it is too late to register completion condition "OS.File: flush I/O queued before profileBeforeChange"
WARNING: addBlocker@resource://gre/modules/AsyncShutdown.sys.mjs:727:15
addBlocker@resource://gre/modules/AsyncShutdown.sys.mjs:523:26
addBlocker@resource://gre/modules/AsyncShutdown.sys.mjs:458:15
setupShutdown@resource://gre/modules/osfile/osfile_async_front.jsm:1548:28
@resource://gre/modules/osfile/osfile_async_front.jsm:1568:16
@resource://gre/modules/osfile.jsm:12:30
@resource://gre/modules/TelemetryStorage.sys.mjs:10:28
_checkPendingPings@resource://gre/modules/TelemetrySend.sys.mjs:863:17
setup@resource://gre/modules/TelemetrySend.sys.mjs:803:18
setup@resource://gre/modules/TelemetrySend.sys.mjs:241:30
setupTelemetry/this._delayedInitTask<@resource://gre/modules/TelemetryControllerParent.sys.mjs:828:36
observe@resource://gre/modules/AsyncShutdown.sys.mjs:576:16

WARNING: A blocker encountered an error while we were waiting.
          Blocker:  Waiting for ping task
          Phase: TelemetryController: Waiting for pending ping activity
          State: (none)
WARNING: Error: Phase "profile-before-change" is finished, it is too late to register completion condition "OS.File: flush I/O queued before profileBeforeChange"
WARNING: addBlocker@resource://gre/modules/AsyncShutdown.sys.mjs:727:15
addBlocker@resource://gre/modules/AsyncShutdown.sys.mjs:523:26
addBlocker@resource://gre/modules/AsyncShutdown.sys.mjs:458:15
setupShutdown@resource://gre/modules/osfile/osfile_async_front.jsm:1548:28
@resource://gre/modules/osfile/osfile_async_front.jsm:1568:16
@resource://gre/modules/osfile.jsm:12:30
@resource://gre/modules/TelemetryStorage.sys.mjs:10:28
_checkPendingPings@resource://gre/modules/TelemetrySend.sys.mjs:863:17
setup@resource://gre/modules/TelemetrySend.sys.mjs:803:18
setup@resource://gre/modules/TelemetrySend.sys.mjs:241:30
setupTelemetry/this._delayedInitTask<@resource://gre/modules/TelemetryControllerParent.sys.mjs:828:36
observe@resource://gre/modules/AsyncShutdown.sys.mjs:576:16

WARNING: A blocker encountered an error while we were waiting.
          Blocker:  TelemetryController: shutting down
          Phase: profile-before-change-telemetry
          State: Error getting state: Error: Phase "profile-before-change" is finished, it is too late to register completion condition "OS.File: flush I/O queued before profileBeforeChange" at addBlocker@resource://gre/modules/AsyncShutdown.sys.mjs:727:15
addBlocker@resource://gre/modules/AsyncShutdown.sys.mjs:523:26
addBlocker@resource://gre/modules/AsyncShutdown.sys.mjs:458:15
setupShutdown@resource://gre/modules/osfile/osfile_async_front.jsm:1548:28
@resource://gre/modules/osfile/osfile_async_front.jsm:1568:16
@resource://gre/modules/osfile.jsm:12:30
@resource://gre/modules/TelemetryStorage.sys.mjs:10:28
_checkPendingPings@resource://gre/modules/TelemetrySend.sys.mjs:863:17
setup@resource://gre/modules/TelemetrySend.sys.mjs:803:18
setup@resource://gre/modules/TelemetrySend.sys.mjs:241:30
setupTelemetry/this._delayedInitTask<@resource://gre/modules/TelemetryControllerParent.sys.mjs:828:36
observe@resource://gre/modules/AsyncShutdown.sys.mjs:576:16

WARNING: Error: Phase "profile-before-change" is finished, it is too late to register completion condition "OS.File: flush I/O queued before profileBeforeChange"
WARNING: addBlocker@resource://gre/modules/AsyncShutdown.sys.mjs:727:15
addBlocker@resource://gre/modules/AsyncShutdown.sys.mjs:523:26
addBlocker@resource://gre/modules/AsyncShutdown.sys.mjs:458:15
setupShutdown@resource://gre/modules/osfile/osfile_async_front.jsm:1548:28
@resource://gre/modules/osfile/osfile_async_front.jsm:1568:16
@resource://gre/modules/osfile.jsm:12:30
@resource://gre/modules/TelemetryStorage.sys.mjs:10:28
_checkPendingPings@resource://gre/modules/TelemetrySend.sys.mjs:863:17
setup@resource://gre/modules/TelemetrySend.sys.mjs:803:18
setup@resource://gre/modules/TelemetrySend.sys.mjs:241:30
setupTelemetry/this._delayedInitTask<@resource://gre/modules/TelemetryControllerParent.sys.mjs:828:36
observe@resource://gre/modules/AsyncShutdown.sys.mjs:576:16

JavaScript error: resource://gre/modules/AsyncShutdown.sys.mjs, line 727: Error: Phase "profile-before-change" is finished, it is too late to register completion condition "OS.File: flush I/O queued before profileBeforeChange"
JavaScript error: resource://gre/modules/AsyncShutdown.sys.mjs, line 727: Error: Phase "profile-before-change" is finished, it is too late to register completion condition "OS.File: flush I/O queued before profileBeforeChange"
JavaScript error: resource://gre/modules/AsyncShutdown.sys.mjs, line 727: Error: Phase "profile-before-change" is finished, it is too late to register completion condition "OS.File: flush I/O queued before profileBeforeChange"
JavaScript error: resource://gre/modules/AsyncShutdown.sys.mjs, line 727: Error: Phase "profile-before-change" is finished, it is too late to register completion condition "OS.File: flush I/O queued before profileBeforeChange"
JavaScript error: resource://gre/modules/AsyncShutdown.sys.mjs, line 727: Error: Phase "profile-before-change" is finished, it is too late to register completion condition "OS.File: flush I/O queued before profileBeforeChange"
JavaScript error: resource://gre/modules/AsyncShutdown.sys.mjs, line 727: Error: Phase "profile-before-change" is finished, it is too late to register completion condition "OS.File: flush I/O queued before profileBeforeChange"
]]></system-err>
  </testcase>
  <testcase name="Fitur Menu Baby #4" classname="Baby" time="9.04">
    <system-out><![CDATA[
@baby
Scenario Outline: Fitur Menu Baby    &amp#27;[90m# src/test/resources/features/Baby.feature:16&amp#27;[0m
10:08:36.882 [main] INFO io.cucumber.core.plugin.SerenityReporter - Running feature from file:///C:/Users/alwi/IdeaProjects/uniqloweb/src/test/resources/features/Baby.feature
10:08:36.905 [main] INFO net.serenitybdd.core.webdriver.driverproviders.FirefoxDriverProvider - Using automatically driver download
10:08:37.022 [main] DEBUG io.github.bonigarcia.wdm.cache.ResolutionCache - Resolution firefox=111 in cache (valid until 10:32:56 10/04/2023 WIB)
10:08:37.027 [main] DEBUG io.github.bonigarcia.wdm.cache.ResolutionCache - Resolution firefox111=0.32.2 in cache (valid until 19:30:50 10/04/2023 WIB)
10:08:37.029 [main] INFO io.github.bonigarcia.wdm.WebDriverManager - Using geckodriver 0.32.2 (resolved driver for Firefox 111)
10:08:37.050 [main] DEBUG io.github.bonigarcia.wdm.WebDriverManager - Driver geckodriver 0.32.2 found in cache
10:08:37.051 [main] INFO io.github.bonigarcia.wdm.WebDriverManager - Exporting webdriver.gecko.driver as C:\Users\alwi\.cache\selenium\geckodriver\win64\0.32.2\geckodriver.exe
10:08:37.066 [main] DEBUG net.serenitybdd.core.webdriver.driverproviders.ProvideNewDriver - Instantiating driver
10:08:37.066 [main] DEBUG net.serenitybdd.core.webdriver.driverproviders.ProvideNewDriver - Driver capabilities: Capabilities {acceptInsecureCerts: true, browserName: firefox, moz:debuggerAddress: true, moz:firefoxOptions: {args: [], profile: UEsDBBQACAgIABJRilYAAAAAAAA...}}
10:08:37.319 [AsyncHttpClient-1-1] DEBUG org.asynchttpclient.netty.channel.DefaultChannelPool - Entry count for : http://localhost:60479 : 1
10:08:37.319 [AsyncHttpClient-1-1] DEBUG org.asynchttpclient.netty.channel.DefaultChannelPool - Adding Candidate expired Channel [id: 0x6e6e7360, L:/127.0.0.1:54061 ! R:localhost/127.0.0.1:60479] isIdleTimeoutExpired=false isRemotelyClosed=true isTtlExpired=false
10:08:37.319 [AsyncHttpClient-1-1] DEBUG org.asynchttpclient.netty.channel.DefaultChannelPool - Closing Idle Channel [id: 0x6e6e7360, L:/127.0.0.1:54061 ! R:localhost/127.0.0.1:60479]
10:08:37.319 [AsyncHttpClient-1-1] DEBUG org.asynchttpclient.netty.channel.DefaultChannelPool - Closed 1 connections out of 1 in 0 ms
10:08:37.592 [AsyncHttpClient-1-10] DEBUG org.asynchttpclient.netty.channel.NettyConnectListener - Using new Channel '[id: 0x05d1d57d, L:/127.0.0.1:54173 - R:localhost/127.0.0.1:51133]' for 'POST' to '/session'
10:08:39.912 [AsyncHttpClient-1-10] DEBUG org.asynchttpclient.netty.handler.HttpHandler - 

Request DefaultHttpRequest(decodeResult: success, version: HTTP/1.1)
POST /session HTTP/1.1
User-Agent: selenium/4.1.2 (java windows)
Content-Length: 3673
Content-Type: application/json; charset=utf-8
host: localhost:51133
accept: */*

Response DefaultHttpResponse(decodeResult: success, version: HTTP/1.1)
HTTP/1.1 200 OK
content-type: application/json; charset=utf-8
cache-control: no-cache
date: Mon, 10 Apr 2023 03:08:37 GMT
content-length: 789

10:08:39.912 [AsyncHttpClient-1-10] DEBUG org.asynchttpclient.netty.channel.ChannelManager - Adding key: http://localhost:51133 for channel [id: 0x05d1d57d, L:/127.0.0.1:54173 - R:localhost/127.0.0.1:51133]
10:08:39.923 [AsyncHttpClient-1-11] DEBUG org.asynchttpclient.netty.channel.NettyConnectListener - Using new Channel '[id: 0x50d61bd2, L:/127.0.0.1:54195 - R:/127.0.0.1:59031]' for 'GET' to '/json/version'
10:08:39.931 [AsyncHttpClient-1-11] DEBUG org.asynchttpclient.netty.handler.HttpHandler - 

Request DefaultFullHttpRequest(decodeResult: success, version: HTTP/1.1, content: EmptyByteBufBE)
GET /json/version HTTP/1.1
User-Agent: selenium/4.1.2 (java windows)
host: 127.0.0.1:59031
accept: */*

Response DefaultHttpResponse(decodeResult: success, version: HTTP/1.1)
HTTP/1.1 200 OK
content-type: application/json
connection: close
server: httpd.js
date: Mon, 10 Apr 2023 03:08:39 GMT
content-length: 311

10:08:39.932 [AsyncHttpClient-1-11] DEBUG org.asynchttpclient.netty.channel.ChannelManager - Closing Channel [id: 0x50d61bd2, L:/127.0.0.1:54195 - R:/127.0.0.1:59031] 
10:08:39.932 [AsyncHttpClient-1-11] DEBUG org.asynchttpclient.netty.handler.HttpHandler - Channel Closed: [id: 0x50d61bd2, L:/127.0.0.1:54195 ! R:/127.0.0.1:59031] with attribute DISCARD
10:08:39.935 [Forwarding get on session cadf4a3a-925e-40c5-b7c0-a82d6aa6e6cf to remote] DEBUG org.asynchttpclient.netty.request.NettyRequestSender - Using pooled Channel '[id: 0x05d1d57d, L:/127.0.0.1:54173 - R:localhost/127.0.0.1:51133]' for 'POST' to 'http://localhost:51133/session/cadf4a3a-925e-40c5-b7c0-a82d6aa6e6cf/url'
10:08:39.935 [Forwarding get on session cadf4a3a-925e-40c5-b7c0-a82d6aa6e6cf to remote] DEBUG org.asynchttpclient.netty.request.NettyRequestSender - Using open Channel [id: 0x05d1d57d, L:/127.0.0.1:54173 - R:localhost/127.0.0.1:51133] for POST '/session/cadf4a3a-925e-40c5-b7c0-a82d6aa6e6cf/url'
10:08:41.687 [AsyncHttpClient-1-10] DEBUG org.asynchttpclient.netty.handler.HttpHandler - 

Request DefaultHttpRequest(decodeResult: success, version: HTTP/1.1)
POST /session/cadf4a3a-925e-40c5-b7c0-a82d6aa6e6cf/url HTTP/1.1
User-Agent: selenium/4.1.2 (java windows)
Content-Length: 69
Content-Type: application/json; charset=utf-8
host: localhost:51133
accept: */*

Response DefaultHttpResponse(decodeResult: success, version: HTTP/1.1)
HTTP/1.1 200 OK
content-type: application/json; charset=utf-8
cache-control: no-cache
date: Mon, 10 Apr 2023 03:08:39 GMT
content-length: 14

10:08:41.687 [AsyncHttpClient-1-10] DEBUG org.asynchttpclient.netty.channel.ChannelManager - Adding key: http://localhost:51133 for channel [id: 0x05d1d57d, L:/127.0.0.1:54173 - R:localhost/127.0.0.1:51133]
10:08:41.689 [Forwarding setTimeout on session cadf4a3a-925e-40c5-b7c0-a82d6aa6e6cf to remote] DEBUG org.asynchttpclient.netty.request.NettyRequestSender - Using pooled Channel '[id: 0x05d1d57d, L:/127.0.0.1:54173 - R:localhost/127.0.0.1:51133]' for 'POST' to 'http://localhost:51133/session/cadf4a3a-925e-40c5-b7c0-a82d6aa6e6cf/timeouts'
10:08:41.690 [Forwarding setTimeout on session cadf4a3a-925e-40c5-b7c0-a82d6aa6e6cf to remote] DEBUG org.asynchttpclient.netty.request.NettyRequestSender - Using open Channel [id: 0x05d1d57d, L:/127.0.0.1:54173 - R:localhost/127.0.0.1:51133] for POST '/session/cadf4a3a-925e-40c5-b7c0-a82d6aa6e6cf/timeouts'
10:08:41.692 [AsyncHttpClient-1-10] DEBUG org.asynchttpclient.netty.handler.HttpHandler - 

Request DefaultHttpRequest(decodeResult: success, version: HTTP/1.1)
POST /session/cadf4a3a-925e-40c5-b7c0-a82d6aa6e6cf/timeouts HTTP/1.1
User-Agent: selenium/4.1.2 (java windows)
Content-Length: 22
Content-Type: application/json; charset=utf-8
host: localhost:51133
accept: */*

Response DefaultHttpResponse(decodeResult: success, version: HTTP/1.1)
HTTP/1.1 200 OK
content-type: application/json; charset=utf-8
cache-control: no-cache
date: Mon, 10 Apr 2023 03:08:41 GMT
content-length: 14

10:08:41.692 [AsyncHttpClient-1-10] DEBUG org.asynchttpclient.netty.channel.ChannelManager - Adding key: http://localhost:51133 for channel [id: 0x05d1d57d, L:/127.0.0.1:54173 - R:localhost/127.0.0.1:51133]
10:08:41.695 [Forwarding getCurrentUrl on session cadf4a3a-925e-40c5-b7c0-a82d6aa6e6cf to remote] DEBUG org.asynchttpclient.netty.request.NettyRequestSender - Using pooled Channel '[id: 0x05d1d57d, L:/127.0.0.1:54173 - R:localhost/127.0.0.1:51133]' for 'GET' to 'http://localhost:51133/session/cadf4a3a-925e-40c5-b7c0-a82d6aa6e6cf/url'
10:08:41.695 [Forwarding getCurrentUrl on session cadf4a3a-925e-40c5-b7c0-a82d6aa6e6cf to remote] DEBUG org.asynchttpclient.netty.request.NettyRequestSender - Using open Channel [id: 0x05d1d57d, L:/127.0.0.1:54173 - R:localhost/127.0.0.1:51133] for GET '/session/cadf4a3a-925e-40c5-b7c0-a82d6aa6e6cf/url'
10:08:41.700 [AsyncHttpClient-1-10] DEBUG org.asynchttpclient.netty.handler.HttpHandler - 

Request DefaultFullHttpRequest(decodeResult: success, version: HTTP/1.1, content: EmptyByteBufBE)
GET /session/cadf4a3a-925e-40c5-b7c0-a82d6aa6e6cf/url HTTP/1.1
User-Agent: selenium/4.1.2 (java windows)
Cache-Control: no-cache
Content-Type: application/json; charset=utf-8
host: localhost:51133
accept: */*

Response DefaultHttpResponse(decodeResult: success, version: HTTP/1.1)
HTTP/1.1 200 OK
content-type: application/json; charset=utf-8
cache-control: no-cache
date: Mon, 10 Apr 2023 03:08:41 GMT
content-length: 41

10:08:41.700 [AsyncHttpClient-1-10] DEBUG org.asynchttpclient.netty.channel.ChannelManager - Adding key: http://localhost:51133 for channel [id: 0x05d1d57d, L:/127.0.0.1:54173 - R:localhost/127.0.0.1:51133]
  &amp#27;[32mGiven &amp#27;[0m&amp#27;[32mI am on the home page&amp#27;[0m        &amp#27;[90m# starter.stepdefinitions.BabyStep.iAmOnTheHomePage()&amp#27;[0m
10:08:41.707 [Forwarding screenshot on session cadf4a3a-925e-40c5-b7c0-a82d6aa6e6cf to remote] DEBUG org.asynchttpclient.netty.request.NettyRequestSender - Using pooled Channel '[id: 0x05d1d57d, L:/127.0.0.1:54173 - R:localhost/127.0.0.1:51133]' for 'GET' to 'http://localhost:51133/session/cadf4a3a-925e-40c5-b7c0-a82d6aa6e6cf/screenshot'
10:08:41.707 [Forwarding screenshot on session cadf4a3a-925e-40c5-b7c0-a82d6aa6e6cf to remote] DEBUG org.asynchttpclient.netty.request.NettyRequestSender - Using open Channel [id: 0x05d1d57d, L:/127.0.0.1:54173 - R:localhost/127.0.0.1:51133] for GET '/session/cadf4a3a-925e-40c5-b7c0-a82d6aa6e6cf/screenshot'
10:08:41.762 [AsyncHttpClient-1-10] DEBUG org.asynchttpclient.netty.handler.HttpHandler - 

Request DefaultFullHttpRequest(decodeResult: success, version: HTTP/1.1, content: EmptyByteBufBE)
GET /session/cadf4a3a-925e-40c5-b7c0-a82d6aa6e6cf/screenshot HTTP/1.1
User-Agent: selenium/4.1.2 (java windows)
Cache-Control: no-cache
Content-Type: application/json; charset=utf-8
host: localhost:51133
accept: */*

Response DefaultHttpResponse(decodeResult: success, version: HTTP/1.1)
HTTP/1.1 200 OK
content-type: application/json; charset=utf-8
cache-control: no-cache
date: Mon, 10 Apr 2023 03:08:41 GMT
content-length: 72756

10:08:41.762 [AsyncHttpClient-1-10] DEBUG org.asynchttpclient.netty.channel.ChannelManager - Adding key: http://localhost:51133 for channel [id: 0x05d1d57d, L:/127.0.0.1:54173 - R:localhost/127.0.0.1:51133]
10:08:41.767 [main] DEBUG net.serenitybdd.core.photography.Darkroom - Send negative for processing for target\site\serenity\34f9082ddc4e5fd0461b5d1ead84fd89614acce256f66e4659fef10ec4a202c4.png
10:08:41.767 [Darkroom Processing Line] DEBUG net.serenitybdd.core.photography.DarkroomProcessingLine - Processing screenshot image in /var/screenshots/screenshot-4195274114258962693
10:08:41.767 [Darkroom Processing Line] DEBUG net.serenitybdd.core.photography.DarkroomProcessingLine - Saving screenshot to target\site\serenity\34f9082ddc4e5fd0461b5d1ead84fd89614acce256f66e4659fef10ec4a202c4.png
10:08:41.779 [Forwarding findElement on session cadf4a3a-925e-40c5-b7c0-a82d6aa6e6cf to remote] DEBUG org.asynchttpclient.netty.request.NettyRequestSender - Using pooled Channel '[id: 0x05d1d57d, L:/127.0.0.1:54173 - R:localhost/127.0.0.1:51133]' for 'POST' to 'http://localhost:51133/session/cadf4a3a-925e-40c5-b7c0-a82d6aa6e6cf/element'
10:08:41.779 [Forwarding findElement on session cadf4a3a-925e-40c5-b7c0-a82d6aa6e6cf to remote] DEBUG org.asynchttpclient.netty.request.NettyRequestSender - Using open Channel [id: 0x05d1d57d, L:/127.0.0.1:54173 - R:localhost/127.0.0.1:51133] for POST '/session/cadf4a3a-925e-40c5-b7c0-a82d6aa6e6cf/element'
10:08:42.334 [AsyncHttpClient-1-10] DEBUG org.asynchttpclient.netty.handler.HttpHandler - 

Request DefaultHttpRequest(decodeResult: success, version: HTTP/1.1)
POST /session/cadf4a3a-925e-40c5-b7c0-a82d6aa6e6cf/element HTTP/1.1
User-Agent: selenium/4.1.2 (java windows)
Content-Length: 81
Content-Type: application/json; charset=utf-8
host: localhost:51133
accept: */*

Response DefaultHttpResponse(decodeResult: success, version: HTTP/1.1)
HTTP/1.1 200 OK
content-type: application/json; charset=utf-8
cache-control: no-cache
date: Mon, 10 Apr 2023 03:08:41 GMT
content-length: 88

10:08:42.334 [AsyncHttpClient-1-10] DEBUG org.asynchttpclient.netty.channel.ChannelManager - Adding key: http://localhost:51133 for channel [id: 0x05d1d57d, L:/127.0.0.1:54173 - R:localhost/127.0.0.1:51133]
10:08:42.336 [Forwarding getElementTagName on session cadf4a3a-925e-40c5-b7c0-a82d6aa6e6cf to remote] DEBUG org.asynchttpclient.netty.request.NettyRequestSender - Using pooled Channel '[id: 0x05d1d57d, L:/127.0.0.1:54173 - R:localhost/127.0.0.1:51133]' for 'GET' to 'http://localhost:51133/session/cadf4a3a-925e-40c5-b7c0-a82d6aa6e6cf/element/7d6a0d88-9c61-43b5-8ad8-3f77f558bb9b/name'
10:08:42.336 [Forwarding getElementTagName on session cadf4a3a-925e-40c5-b7c0-a82d6aa6e6cf to remote] DEBUG org.asynchttpclient.netty.request.NettyRequestSender - Using open Channel [id: 0x05d1d57d, L:/127.0.0.1:54173 - R:localhost/127.0.0.1:51133] for GET '/session/cadf4a3a-925e-40c5-b7c0-a82d6aa6e6cf/element/7d6a0d88-9c61-43b5-8ad8-3f77f558bb9b/name'
10:08:42.378 [AsyncHttpClient-1-10] DEBUG org.asynchttpclient.netty.handler.HttpHandler - 

Request DefaultFullHttpRequest(decodeResult: success, version: HTTP/1.1, content: EmptyByteBufBE)
GET /session/cadf4a3a-925e-40c5-b7c0-a82d6aa6e6cf/element/7d6a0d88-9c61-43b5-8ad8-3f77f558bb9b/name HTTP/1.1
User-Agent: selenium/4.1.2 (java windows)
Cache-Control: no-cache
Content-Type: application/json; charset=utf-8
host: localhost:51133
accept: */*

Response DefaultHttpResponse(decodeResult: success, version: HTTP/1.1)
HTTP/1.1 200 OK
content-type: application/json; charset=utf-8
cache-control: no-cache
date: Mon, 10 Apr 2023 03:08:41 GMT
content-length: 16

10:08:42.378 [AsyncHttpClient-1-10] DEBUG org.asynchttpclient.netty.channel.ChannelManager - Adding key: http://localhost:51133 for channel [id: 0x05d1d57d, L:/127.0.0.1:54173 - R:localhost/127.0.0.1:51133]
10:08:42.381 [Forwarding getElementTagName on session cadf4a3a-925e-40c5-b7c0-a82d6aa6e6cf to remote] DEBUG org.asynchttpclient.netty.request.NettyRequestSender - Using pooled Channel '[id: 0x05d1d57d, L:/127.0.0.1:54173 - R:localhost/127.0.0.1:51133]' for 'GET' to 'http://localhost:51133/session/cadf4a3a-925e-40c5-b7c0-a82d6aa6e6cf/element/7d6a0d88-9c61-43b5-8ad8-3f77f558bb9b/name'
10:08:42.381 [Forwarding getElementTagName on session cadf4a3a-925e-40c5-b7c0-a82d6aa6e6cf to remote] DEBUG org.asynchttpclient.netty.request.NettyRequestSender - Using open Channel [id: 0x05d1d57d, L:/127.0.0.1:54173 - R:localhost/127.0.0.1:51133] for GET '/session/cadf4a3a-925e-40c5-b7c0-a82d6aa6e6cf/element/7d6a0d88-9c61-43b5-8ad8-3f77f558bb9b/name'
10:08:42.499 [AsyncHttpClient-1-10] DEBUG org.asynchttpclient.netty.handler.HttpHandler - 

Request DefaultFullHttpRequest(decodeResult: success, version: HTTP/1.1, content: EmptyByteBufBE)
GET /session/cadf4a3a-925e-40c5-b7c0-a82d6aa6e6cf/element/7d6a0d88-9c61-43b5-8ad8-3f77f558bb9b/name HTTP/1.1
User-Agent: selenium/4.1.2 (java windows)
Cache-Control: no-cache
Content-Type: application/json; charset=utf-8
host: localhost:51133
accept: */*

Response DefaultHttpResponse(decodeResult: success, version: HTTP/1.1)
HTTP/1.1 200 OK
content-type: application/json; charset=utf-8
cache-control: no-cache
date: Mon, 10 Apr 2023 03:08:41 GMT
content-length: 16

10:08:42.500 [AsyncHttpClient-1-10] DEBUG org.asynchttpclient.netty.channel.ChannelManager - Adding key: http://localhost:51133 for channel [id: 0x05d1d57d, L:/127.0.0.1:54173 - R:localhost/127.0.0.1:51133]
10:08:42.503 [Forwarding findElement on session cadf4a3a-925e-40c5-b7c0-a82d6aa6e6cf to remote] DEBUG org.asynchttpclient.netty.request.NettyRequestSender - Using pooled Channel '[id: 0x05d1d57d, L:/127.0.0.1:54173 - R:localhost/127.0.0.1:51133]' for 'POST' to 'http://localhost:51133/session/cadf4a3a-925e-40c5-b7c0-a82d6aa6e6cf/element'
10:08:42.503 [Forwarding findElement on session cadf4a3a-925e-40c5-b7c0-a82d6aa6e6cf to remote] DEBUG org.asynchttpclient.netty.request.NettyRequestSender - Using open Channel [id: 0x05d1d57d, L:/127.0.0.1:54173 - R:localhost/127.0.0.1:51133] for POST '/session/cadf4a3a-925e-40c5-b7c0-a82d6aa6e6cf/element'
10:08:42.518 [AsyncHttpClient-1-10] DEBUG org.asynchttpclient.netty.handler.HttpHandler - 

Request DefaultHttpRequest(decodeResult: success, version: HTTP/1.1)
POST /session/cadf4a3a-925e-40c5-b7c0-a82d6aa6e6cf/element HTTP/1.1
User-Agent: selenium/4.1.2 (java windows)
Content-Length: 81
Content-Type: application/json; charset=utf-8
host: localhost:51133
accept: */*

Response DefaultHttpResponse(decodeResult: success, version: HTTP/1.1)
HTTP/1.1 200 OK
content-type: application/json; charset=utf-8
cache-control: no-cache
date: Mon, 10 Apr 2023 03:08:41 GMT
content-length: 88

10:08:42.518 [AsyncHttpClient-1-10] DEBUG org.asynchttpclient.netty.channel.ChannelManager - Adding key: http://localhost:51133 for channel [id: 0x05d1d57d, L:/127.0.0.1:54173 - R:localhost/127.0.0.1:51133]
10:08:42.520 [Forwarding clickElement on session cadf4a3a-925e-40c5-b7c0-a82d6aa6e6cf to remote] DEBUG org.asynchttpclient.netty.request.NettyRequestSender - Using pooled Channel '[id: 0x05d1d57d, L:/127.0.0.1:54173 - R:localhost/127.0.0.1:51133]' for 'POST' to 'http://localhost:51133/session/cadf4a3a-925e-40c5-b7c0-a82d6aa6e6cf/element/7d6a0d88-9c61-43b5-8ad8-3f77f558bb9b/click'
10:08:42.520 [Forwarding clickElement on session cadf4a3a-925e-40c5-b7c0-a82d6aa6e6cf to remote] DEBUG org.asynchttpclient.netty.request.NettyRequestSender - Using open Channel [id: 0x05d1d57d, L:/127.0.0.1:54173 - R:localhost/127.0.0.1:51133] for POST '/session/cadf4a3a-925e-40c5-b7c0-a82d6aa6e6cf/element/7d6a0d88-9c61-43b5-8ad8-3f77f558bb9b/click'
10:08:43.493 [AsyncHttpClient-1-10] DEBUG org.asynchttpclient.netty.handler.HttpHandler - 

Request DefaultHttpRequest(decodeResult: success, version: HTTP/1.1)
POST /session/cadf4a3a-925e-40c5-b7c0-a82d6aa6e6cf/element/7d6a0d88-9c61-43b5-8ad8-3f77f558bb9b/click HTTP/1.1
User-Agent: selenium/4.1.2 (java windows)
Content-Length: 50
Content-Type: application/json; charset=utf-8
host: localhost:51133
accept: */*

Response DefaultHttpResponse(decodeResult: success, version: HTTP/1.1)
HTTP/1.1 200 OK
content-type: application/json; charset=utf-8
cache-control: no-cache
date: Mon, 10 Apr 2023 03:08:41 GMT
content-length: 14

10:08:43.493 [AsyncHttpClient-1-10] DEBUG org.asynchttpclient.netty.channel.ChannelManager - Adding key: http://localhost:51133 for channel [id: 0x05d1d57d, L:/127.0.0.1:54173 - R:localhost/127.0.0.1:51133]
  &amp#27;[32mThen &amp#27;[0m&amp#27;[32mI click baby on the header&amp#27;[0m    &amp#27;[90m# starter.stepdefinitions.BabyStep.iClickBabyOnTheHeader()&amp#27;[0m
10:08:43.503 [Forwarding screenshot on session cadf4a3a-925e-40c5-b7c0-a82d6aa6e6cf to remote] DEBUG org.asynchttpclient.netty.request.NettyRequestSender - Using pooled Channel '[id: 0x05d1d57d, L:/127.0.0.1:54173 - R:localhost/127.0.0.1:51133]' for 'GET' to 'http://localhost:51133/session/cadf4a3a-925e-40c5-b7c0-a82d6aa6e6cf/screenshot'
10:08:43.503 [Forwarding screenshot on session cadf4a3a-925e-40c5-b7c0-a82d6aa6e6cf to remote] DEBUG org.asynchttpclient.netty.request.NettyRequestSender - Using open Channel [id: 0x05d1d57d, L:/127.0.0.1:54173 - R:localhost/127.0.0.1:51133] for GET '/session/cadf4a3a-925e-40c5-b7c0-a82d6aa6e6cf/screenshot'
10:08:43.749 [AsyncHttpClient-1-10] DEBUG org.asynchttpclient.netty.handler.HttpHandler - 

Request DefaultFullHttpRequest(decodeResult: success, version: HTTP/1.1, content: EmptyByteBufBE)
GET /session/cadf4a3a-925e-40c5-b7c0-a82d6aa6e6cf/screenshot HTTP/1.1
User-Agent: selenium/4.1.2 (java windows)
Cache-Control: no-cache
Content-Type: application/json; charset=utf-8
host: localhost:51133
accept: */*

Response DefaultHttpResponse(decodeResult: success, version: HTTP/1.1)
HTTP/1.1 200 OK
content-type: application/json; charset=utf-8
cache-control: no-cache
date: Mon, 10 Apr 2023 03:08:43 GMT
content-length: 98024

10:08:43.750 [AsyncHttpClient-1-10] DEBUG org.asynchttpclient.netty.channel.ChannelManager - Adding key: http://localhost:51133 for channel [id: 0x05d1d57d, L:/127.0.0.1:54173 - R:localhost/127.0.0.1:51133]
10:08:43.755 [main] DEBUG net.serenitybdd.core.photography.Darkroom - Send negative for processing for target\site\serenity\bcb9a8d665d2c58a930e922f816fcc3ebc2aef855b882f3d531e7c9aa320b06d.png
10:08:43.766 [Forwarding findElement on session cadf4a3a-925e-40c5-b7c0-a82d6aa6e6cf to remote] DEBUG org.asynchttpclient.netty.request.NettyRequestSender - Using pooled Channel '[id: 0x05d1d57d, L:/127.0.0.1:54173 - R:localhost/127.0.0.1:51133]' for 'POST' to 'http://localhost:51133/session/cadf4a3a-925e-40c5-b7c0-a82d6aa6e6cf/element'
10:08:43.767 [Forwarding findElement on session cadf4a3a-925e-40c5-b7c0-a82d6aa6e6cf to remote] DEBUG org.asynchttpclient.netty.request.NettyRequestSender - Using open Channel [id: 0x05d1d57d, L:/127.0.0.1:54173 - R:localhost/127.0.0.1:51133] for POST '/session/cadf4a3a-925e-40c5-b7c0-a82d6aa6e6cf/element'
10:08:43.813 [AsyncHttpClient-1-10] DEBUG org.asynchttpclient.netty.handler.HttpHandler - 

Request DefaultHttpRequest(decodeResult: success, version: HTTP/1.1)
POST /session/cadf4a3a-925e-40c5-b7c0-a82d6aa6e6cf/element HTTP/1.1
User-Agent: selenium/4.1.2 (java windows)
Content-Length: 110
Content-Type: application/json; charset=utf-8
host: localhost:51133
accept: */*

Response DefaultHttpResponse(decodeResult: success, version: HTTP/1.1)
HTTP/1.1 200 OK
content-type: application/json; charset=utf-8
cache-control: no-cache
date: Mon, 10 Apr 2023 03:08:43 GMT
content-length: 88

10:08:43.813 [AsyncHttpClient-1-10] DEBUG org.asynchttpclient.netty.channel.ChannelManager - Adding key: http://localhost:51133 for channel [id: 0x05d1d57d, L:/127.0.0.1:54173 - R:localhost/127.0.0.1:51133]
10:08:43.815 [Forwarding getElementTagName on session cadf4a3a-925e-40c5-b7c0-a82d6aa6e6cf to remote] DEBUG org.asynchttpclient.netty.request.NettyRequestSender - Using pooled Channel '[id: 0x05d1d57d, L:/127.0.0.1:54173 - R:localhost/127.0.0.1:51133]' for 'GET' to 'http://localhost:51133/session/cadf4a3a-925e-40c5-b7c0-a82d6aa6e6cf/element/7f806bee-c3be-4841-b226-9a7cd0b1a2d8/name'
10:08:43.815 [Forwarding getElementTagName on session cadf4a3a-925e-40c5-b7c0-a82d6aa6e6cf to remote] DEBUG org.asynchttpclient.netty.request.NettyRequestSender - Using open Channel [id: 0x05d1d57d, L:/127.0.0.1:54173 - R:localhost/127.0.0.1:51133] for GET '/session/cadf4a3a-925e-40c5-b7c0-a82d6aa6e6cf/element/7f806bee-c3be-4841-b226-9a7cd0b1a2d8/name'
10:08:43.817 [AsyncHttpClient-1-10] DEBUG org.asynchttpclient.netty.handler.HttpHandler - 

Request DefaultFullHttpRequest(decodeResult: success, version: HTTP/1.1, content: EmptyByteBufBE)
GET /session/cadf4a3a-925e-40c5-b7c0-a82d6aa6e6cf/element/7f806bee-c3be-4841-b226-9a7cd0b1a2d8/name HTTP/1.1
User-Agent: selenium/4.1.2 (java windows)
Cache-Control: no-cache
Content-Type: application/json; charset=utf-8
host: localhost:51133
accept: */*

Response DefaultHttpResponse(decodeResult: success, version: HTTP/1.1)
HTTP/1.1 200 OK
content-type: application/json; charset=utf-8
cache-control: no-cache
date: Mon, 10 Apr 2023 03:08:43 GMT
content-length: 16

10:08:43.817 [AsyncHttpClient-1-10] DEBUG org.asynchttpclient.netty.channel.ChannelManager - Adding key: http://localhost:51133 for channel [id: 0x05d1d57d, L:/127.0.0.1:54173 - R:localhost/127.0.0.1:51133]
10:08:43.819 [Forwarding getElementTagName on session cadf4a3a-925e-40c5-b7c0-a82d6aa6e6cf to remote] DEBUG org.asynchttpclient.netty.request.NettyRequestSender - Using pooled Channel '[id: 0x05d1d57d, L:/127.0.0.1:54173 - R:localhost/127.0.0.1:51133]' for 'GET' to 'http://localhost:51133/session/cadf4a3a-925e-40c5-b7c0-a82d6aa6e6cf/element/7f806bee-c3be-4841-b226-9a7cd0b1a2d8/name'
10:08:43.819 [Forwarding getElementTagName on session cadf4a3a-925e-40c5-b7c0-a82d6aa6e6cf to remote] DEBUG org.asynchttpclient.netty.request.NettyRequestSender - Using open Channel [id: 0x05d1d57d, L:/127.0.0.1:54173 - R:localhost/127.0.0.1:51133] for GET '/session/cadf4a3a-925e-40c5-b7c0-a82d6aa6e6cf/element/7f806bee-c3be-4841-b226-9a7cd0b1a2d8/name'
10:08:43.842 [AsyncHttpClient-1-10] DEBUG org.asynchttpclient.netty.handler.HttpHandler - 

Request DefaultFullHttpRequest(decodeResult: success, version: HTTP/1.1, content: EmptyByteBufBE)
GET /session/cadf4a3a-925e-40c5-b7c0-a82d6aa6e6cf/element/7f806bee-c3be-4841-b226-9a7cd0b1a2d8/name HTTP/1.1
User-Agent: selenium/4.1.2 (java windows)
Cache-Control: no-cache
Content-Type: application/json; charset=utf-8
host: localhost:51133
accept: */*

Response DefaultHttpResponse(decodeResult: success, version: HTTP/1.1)
HTTP/1.1 200 OK
content-type: application/json; charset=utf-8
cache-control: no-cache
date: Mon, 10 Apr 2023 03:08:43 GMT
content-length: 16

10:08:43.843 [AsyncHttpClient-1-10] DEBUG org.asynchttpclient.netty.channel.ChannelManager - Adding key: http://localhost:51133 for channel [id: 0x05d1d57d, L:/127.0.0.1:54173 - R:localhost/127.0.0.1:51133]
10:08:43.845 [Forwarding findElement on session cadf4a3a-925e-40c5-b7c0-a82d6aa6e6cf to remote] DEBUG org.asynchttpclient.netty.request.NettyRequestSender - Using pooled Channel '[id: 0x05d1d57d, L:/127.0.0.1:54173 - R:localhost/127.0.0.1:51133]' for 'POST' to 'http://localhost:51133/session/cadf4a3a-925e-40c5-b7c0-a82d6aa6e6cf/element'
10:08:43.845 [Forwarding findElement on session cadf4a3a-925e-40c5-b7c0-a82d6aa6e6cf to remote] DEBUG org.asynchttpclient.netty.request.NettyRequestSender - Using open Channel [id: 0x05d1d57d, L:/127.0.0.1:54173 - R:localhost/127.0.0.1:51133] for POST '/session/cadf4a3a-925e-40c5-b7c0-a82d6aa6e6cf/element'
10:08:43.852 [AsyncHttpClient-1-10] DEBUG org.asynchttpclient.netty.handler.HttpHandler - 

Request DefaultHttpRequest(decodeResult: success, version: HTTP/1.1)
POST /session/cadf4a3a-925e-40c5-b7c0-a82d6aa6e6cf/element HTTP/1.1
User-Agent: selenium/4.1.2 (java windows)
Content-Length: 110
Content-Type: application/json; charset=utf-8
host: localhost:51133
accept: */*

Response DefaultHttpResponse(decodeResult: success, version: HTTP/1.1)
HTTP/1.1 200 OK
content-type: application/json; charset=utf-8
cache-control: no-cache
date: Mon, 10 Apr 2023 03:08:43 GMT
content-length: 88

10:08:43.852 [AsyncHttpClient-1-10] DEBUG org.asynchttpclient.netty.channel.ChannelManager - Adding key: http://localhost:51133 for channel [id: 0x05d1d57d, L:/127.0.0.1:54173 - R:localhost/127.0.0.1:51133]
10:08:43.853 [Forwarding clickElement on session cadf4a3a-925e-40c5-b7c0-a82d6aa6e6cf to remote] DEBUG org.asynchttpclient.netty.request.NettyRequestSender - Using pooled Channel '[id: 0x05d1d57d, L:/127.0.0.1:54173 - R:localhost/127.0.0.1:51133]' for 'POST' to 'http://localhost:51133/session/cadf4a3a-925e-40c5-b7c0-a82d6aa6e6cf/element/7f806bee-c3be-4841-b226-9a7cd0b1a2d8/click'
10:08:43.854 [Forwarding clickElement on session cadf4a3a-925e-40c5-b7c0-a82d6aa6e6cf to remote] DEBUG org.asynchttpclient.netty.request.NettyRequestSender - Using open Channel [id: 0x05d1d57d, L:/127.0.0.1:54173 - R:localhost/127.0.0.1:51133] for POST '/session/cadf4a3a-925e-40c5-b7c0-a82d6aa6e6cf/element/7f806bee-c3be-4841-b226-9a7cd0b1a2d8/click'
10:08:44.259 [AsyncHttpClient-1-10] DEBUG org.asynchttpclient.netty.handler.HttpHandler - 

Request DefaultHttpRequest(decodeResult: success, version: HTTP/1.1)
POST /session/cadf4a3a-925e-40c5-b7c0-a82d6aa6e6cf/element/7f806bee-c3be-4841-b226-9a7cd0b1a2d8/click HTTP/1.1
User-Agent: selenium/4.1.2 (java windows)
Content-Length: 50
Content-Type: application/json; charset=utf-8
host: localhost:51133
accept: */*

Response DefaultHttpResponse(decodeResult: success, version: HTTP/1.1)
HTTP/1.1 200 OK
content-type: application/json; charset=utf-8
cache-control: no-cache
date: Mon, 10 Apr 2023 03:08:43 GMT
content-length: 14

10:08:44.260 [AsyncHttpClient-1-10] DEBUG org.asynchttpclient.netty.channel.ChannelManager - Adding key: http://localhost:51133 for channel [id: 0x05d1d57d, L:/127.0.0.1:54173 - R:localhost/127.0.0.1:51133]
  &amp#27;[32mWhen &amp#27;[0m&amp#27;[32mI will go to &amp#27;[0m&amp#27;[32m&amp#27;[1m"koleksiNewborn"&amp#27;[0m &amp#27;[90m# starter.stepdefinitions.BabyStep.iWillGoTo(java.lang.String)&amp#27;[0m
10:08:44.268 [Forwarding screenshot on session cadf4a3a-925e-40c5-b7c0-a82d6aa6e6cf to remote] DEBUG org.asynchttpclient.netty.request.NettyRequestSender - Using pooled Channel '[id: 0x05d1d57d, L:/127.0.0.1:54173 - R:localhost/127.0.0.1:51133]' for 'GET' to 'http://localhost:51133/session/cadf4a3a-925e-40c5-b7c0-a82d6aa6e6cf/screenshot'
10:08:44.269 [Forwarding screenshot on session cadf4a3a-925e-40c5-b7c0-a82d6aa6e6cf to remote] DEBUG org.asynchttpclient.netty.request.NettyRequestSender - Using open Channel [id: 0x05d1d57d, L:/127.0.0.1:54173 - R:localhost/127.0.0.1:51133] for GET '/session/cadf4a3a-925e-40c5-b7c0-a82d6aa6e6cf/screenshot'
10:08:44.440 [AsyncHttpClient-1-10] DEBUG org.asynchttpclient.netty.handler.HttpHandler - 

Request DefaultFullHttpRequest(decodeResult: success, version: HTTP/1.1, content: EmptyByteBufBE)
GET /session/cadf4a3a-925e-40c5-b7c0-a82d6aa6e6cf/screenshot HTTP/1.1
User-Agent: selenium/4.1.2 (java windows)
Cache-Control: no-cache
Content-Type: application/json; charset=utf-8
host: localhost:51133
accept: */*

Response DefaultHttpResponse(decodeResult: success, version: HTTP/1.1)
HTTP/1.1 200 OK
content-type: application/json; charset=utf-8
cache-control: no-cache
date: Mon, 10 Apr 2023 03:08:43 GMT
content-length: 79568

10:08:44.441 [AsyncHttpClient-1-10] DEBUG org.asynchttpclient.netty.channel.ChannelManager - Adding key: http://localhost:51133 for channel [id: 0x05d1d57d, L:/127.0.0.1:54173 - R:localhost/127.0.0.1:51133]
10:08:44.443 [main] DEBUG net.serenitybdd.core.photography.Darkroom - Send negative for processing for target\site\serenity\6684416c5605587b67ef429c229f4167af440890dc278d0ce92e6a2b96b6e0ab.png
10:08:44.444 [Darkroom Processing Line] DEBUG net.serenitybdd.core.photography.DarkroomProcessingLine - Processing screenshot image in /var/screenshots/screenshot-7173297591109180720
10:08:44.444 [Darkroom Processing Line] DEBUG net.serenitybdd.core.photography.DarkroomProcessingLine - Saving screenshot to target\site\serenity\6684416c5605587b67ef429c229f4167af440890dc278d0ce92e6a2b96b6e0ab.png
10:08:44.453 [Forwarding findElement on session cadf4a3a-925e-40c5-b7c0-a82d6aa6e6cf to remote] DEBUG org.asynchttpclient.netty.request.NettyRequestSender - Using pooled Channel '[id: 0x05d1d57d, L:/127.0.0.1:54173 - R:localhost/127.0.0.1:51133]' for 'POST' to 'http://localhost:51133/session/cadf4a3a-925e-40c5-b7c0-a82d6aa6e6cf/element'
10:08:44.453 [Forwarding findElement on session cadf4a3a-925e-40c5-b7c0-a82d6aa6e6cf to remote] DEBUG org.asynchttpclient.netty.request.NettyRequestSender - Using open Channel [id: 0x05d1d57d, L:/127.0.0.1:54173 - R:localhost/127.0.0.1:51133] for POST '/session/cadf4a3a-925e-40c5-b7c0-a82d6aa6e6cf/element'
10:08:44.696 [AsyncHttpClient-1-10] DEBUG org.asynchttpclient.netty.handler.HttpHandler - 

Request DefaultHttpRequest(decodeResult: success, version: HTTP/1.1)
POST /session/cadf4a3a-925e-40c5-b7c0-a82d6aa6e6cf/element HTTP/1.1
User-Agent: selenium/4.1.2 (java windows)
Content-Length: 97
Content-Type: application/json; charset=utf-8
host: localhost:51133
accept: */*

Response DefaultHttpResponse(decodeResult: success, version: HTTP/1.1)
HTTP/1.1 200 OK
content-type: application/json; charset=utf-8
cache-control: no-cache
date: Mon, 10 Apr 2023 03:08:43 GMT
content-length: 88

10:08:44.696 [AsyncHttpClient-1-10] DEBUG org.asynchttpclient.netty.channel.ChannelManager - Adding key: http://localhost:51133 for channel [id: 0x05d1d57d, L:/127.0.0.1:54173 - R:localhost/127.0.0.1:51133]
10:08:44.701 [Forwarding isElementDisplayed on session cadf4a3a-925e-40c5-b7c0-a82d6aa6e6cf to remote] DEBUG org.asynchttpclient.netty.request.NettyRequestSender - Using pooled Channel '[id: 0x05d1d57d, L:/127.0.0.1:54173 - R:localhost/127.0.0.1:51133]' for 'POST' to 'http://localhost:51133/session/cadf4a3a-925e-40c5-b7c0-a82d6aa6e6cf/execute/sync'
10:08:44.701 [Forwarding isElementDisplayed on session cadf4a3a-925e-40c5-b7c0-a82d6aa6e6cf to remote] DEBUG org.asynchttpclient.netty.request.NettyRequestSender - Using open Channel [id: 0x05d1d57d, L:/127.0.0.1:54173 - R:localhost/127.0.0.1:51133] for POST '/session/cadf4a3a-925e-40c5-b7c0-a82d6aa6e6cf/execute/sync'
10:08:44.730 [AsyncHttpClient-1-10] DEBUG org.asynchttpclient.netty.handler.HttpHandler - 

Request DefaultHttpRequest(decodeResult: success, version: HTTP/1.1)
POST /session/cadf4a3a-925e-40c5-b7c0-a82d6aa6e6cf/execute/sync HTTP/1.1
User-Agent: selenium/4.1.2 (java windows)
Content-Length: 48780
Content-Type: application/json; charset=utf-8
host: localhost:51133
accept: */*

Response DefaultHttpResponse(decodeResult: success, version: HTTP/1.1)
HTTP/1.1 200 OK
content-type: application/json; charset=utf-8
cache-control: no-cache
date: Mon, 10 Apr 2023 03:08:44 GMT
content-length: 14

10:08:44.731 [AsyncHttpClient-1-10] DEBUG org.asynchttpclient.netty.channel.ChannelManager - Adding key: http://localhost:51133 for channel [id: 0x05d1d57d, L:/127.0.0.1:54173 - R:localhost/127.0.0.1:51133]
  &amp#27;[32mAnd &amp#27;[0m&amp#27;[32mI &amp#27;[0m&amp#27;[32m&amp#27;[1m"txtKoleksiNewborn"&amp#27;[0m&amp#27;[32m page&amp#27;[0m     &amp#27;[90m# starter.stepdefinitions.BabyStep.iPage(java.lang.String)&amp#27;[0m
10:08:44.738 [Forwarding screenshot on session cadf4a3a-925e-40c5-b7c0-a82d6aa6e6cf to remote] DEBUG org.asynchttpclient.netty.request.NettyRequestSender - Using pooled Channel '[id: 0x05d1d57d, L:/127.0.0.1:54173 - R:localhost/127.0.0.1:51133]' for 'GET' to 'http://localhost:51133/session/cadf4a3a-925e-40c5-b7c0-a82d6aa6e6cf/screenshot'
10:08:44.738 [Forwarding screenshot on session cadf4a3a-925e-40c5-b7c0-a82d6aa6e6cf to remote] DEBUG org.asynchttpclient.netty.request.NettyRequestSender - Using open Channel [id: 0x05d1d57d, L:/127.0.0.1:54173 - R:localhost/127.0.0.1:51133] for GET '/session/cadf4a3a-925e-40c5-b7c0-a82d6aa6e6cf/screenshot'
10:08:44.798 [AsyncHttpClient-1-10] DEBUG org.asynchttpclient.netty.handler.HttpHandler - 

Request DefaultFullHttpRequest(decodeResult: success, version: HTTP/1.1, content: EmptyByteBufBE)
GET /session/cadf4a3a-925e-40c5-b7c0-a82d6aa6e6cf/screenshot HTTP/1.1
User-Agent: selenium/4.1.2 (java windows)
Cache-Control: no-cache
Content-Type: application/json; charset=utf-8
host: localhost:51133
accept: */*

Response DefaultHttpResponse(decodeResult: success, version: HTTP/1.1)
HTTP/1.1 200 OK
content-type: application/json; charset=utf-8
cache-control: no-cache
date: Mon, 10 Apr 2023 03:08:44 GMT
content-length: 262396

10:08:44.800 [AsyncHttpClient-1-10] DEBUG org.asynchttpclient.netty.channel.ChannelManager - Adding key: http://localhost:51133 for channel [id: 0x05d1d57d, L:/127.0.0.1:54173 - R:localhost/127.0.0.1:51133]
10:08:44.815 [main] DEBUG net.serenitybdd.core.photography.Darkroom - Send negative for processing for target\site\serenity\b94b5251d97025ae464ca433480599baa9875431f1720ea7f17f8a9effd4bc1e.png
10:08:44.816 [Darkroom Processing Line] DEBUG net.serenitybdd.core.photography.DarkroomProcessingLine - Processing screenshot image in /var/screenshots/screenshot-16565757896368699139
10:08:44.816 [Darkroom Processing Line] DEBUG net.serenitybdd.core.photography.DarkroomProcessingLine - Saving screenshot to target\site\serenity\b94b5251d97025ae464ca433480599baa9875431f1720ea7f17f8a9effd4bc1e.png
10:08:44.831 [Driver Command Executor] DEBUG org.asynchttpclient.netty.request.NettyRequestSender - Using pooled Channel '[id: 0x05d1d57d, L:/127.0.0.1:54173 - R:localhost/127.0.0.1:51133]' for 'DELETE' to 'http://localhost:51133/session/cadf4a3a-925e-40c5-b7c0-a82d6aa6e6cf'
10:08:44.832 [Driver Command Executor] DEBUG org.asynchttpclient.netty.request.NettyRequestSender - Using open Channel [id: 0x05d1d57d, L:/127.0.0.1:54173 - R:localhost/127.0.0.1:51133] for DELETE '/session/cadf4a3a-925e-40c5-b7c0-a82d6aa6e6cf'
10:08:45.849 [AsyncHttpClient-1-10] DEBUG org.asynchttpclient.netty.handler.HttpHandler - 

Request DefaultFullHttpRequest(decodeResult: success, version: HTTP/1.1, content: EmptyByteBufBE)
DELETE /session/cadf4a3a-925e-40c5-b7c0-a82d6aa6e6cf HTTP/1.1
User-Agent: selenium/4.1.2 (java windows)
Content-Type: application/json; charset=utf-8
host: localhost:51133
accept: */*

Response DefaultHttpResponse(decodeResult: success, version: HTTP/1.1)
HTTP/1.1 200 OK
content-type: application/json; charset=utf-8
cache-control: no-cache
date: Mon, 10 Apr 2023 03:08:44 GMT
content-length: 14

10:08:45.849 [AsyncHttpClient-1-10] DEBUG org.asynchttpclient.netty.channel.ChannelManager - Adding key: http://localhost:51133 for channel [id: 0x05d1d57d, L:/127.0.0.1:54173 - R:localhost/127.0.0.1:51133]
10:08:45.851 [AsyncHttpClient-1-10] DEBUG org.asynchttpclient.netty.handler.HttpHandler - Unexpected I/O exception on channel [id: 0x05d1d57d, L:/127.0.0.1:54173 - R:localhost/127.0.0.1:51133]
java.net.SocketException: Connection reset
	at java.base/sun.nio.ch.SocketChannelImpl.throwConnectionReset(SocketChannelImpl.java:345)
	at java.base/sun.nio.ch.SocketChannelImpl.read(SocketChannelImpl.java:376)
	at io.netty.buffer.PooledByteBuf.setBytes(PooledByteBuf.java:258)
	at io.netty.buffer.AbstractByteBuf.writeBytes(AbstractByteBuf.java:1132)
	at io.netty.channel.socket.nio.NioSocketChannel.doReadBytes(NioSocketChannel.java:350)
	at io.netty.channel.nio.AbstractNioByteChannel$NioByteUnsafe.read(AbstractNioByteChannel.java:151)
	at io.netty.channel.nio.NioEventLoop.processSelectedKey(NioEventLoop.java:722)
	at io.netty.channel.nio.NioEventLoop.processSelectedKeysOptimized(NioEventLoop.java:658)
	at io.netty.channel.nio.NioEventLoop.processSelectedKeys(NioEventLoop.java:584)
	at io.netty.channel.nio.NioEventLoop.run(NioEventLoop.java:496)
	at io.netty.util.concurrent.SingleThreadEventExecutor$4.run(SingleThreadEventExecutor.java:986)
	at io.netty.util.internal.ThreadExecutorMap$2.run(ThreadExecutorMap.java:74)
	at io.netty.util.concurrent.FastThreadLocalRunnable.run(FastThreadLocalRunnable.java:30)
	at java.base/java.lang.Thread.run(Thread.java:830)
10:08:45.851 [AsyncHttpClient-1-10] DEBUG org.asynchttpclient.netty.channel.ChannelManager - Closing Channel [id: 0x05d1d57d, L:/127.0.0.1:54173 - R:localhost/127.0.0.1:51133] 
10:08:45.852 [AsyncHttpClient-1-10] DEBUG org.asynchttpclient.netty.handler.HttpHandler - Channel Closed: [id: 0x05d1d57d, L:/127.0.0.1:54173 ! R:localhost/127.0.0.1:51133] with attribute DISCARD
]]></system-out>
    <system-err><![CDATA[1681096117123	geckodriver	INFO	Listening on 127.0.0.1:51133
1681096117611	mozrunner::runner	INFO	Running command: "C:\\Program Files\\Mozilla Firefox\\firefox.exe" "--marionette" "" "--remote-debugging-port" "59031" "--remote-allow-hosts" "localhost" "-no-remote" "-profile" "C:\\Users\\alwi\\AppData\\Local\\Temp\\rust_mozprofileOF8k6x"
console.warn: services.settings: Ignoring preference override of remote settings server
console.warn: services.settings: Allow by setting MOZ_REMOTE_SETTINGS_DEVTOOLS=1 in the environment
1681096117940	Marionette	INFO	Marionette enabled
Dynamically enable window occlusion 0
1681096117945	Marionette	INFO	Listening on port 54176
Read port: 54176
WebDriver BiDi listening on ws://127.0.0.1:59031
1681096118065	RemoteAgent	WARN	TLS certificate errors will be ignored for this session
console.warn: SearchSettings: "get: No settings file exists, new profile?" (new NotFoundError("Could not open the file at C:\\Users\\alwi\\AppData\\Local\\Temp\\rust_mozprofileOF8k6x\\search.json.mozlz4", (void 0)))
DevTools listening on ws://127.0.0.1:59031/devtools/browser/c1ca75d5-32a8-4e7c-ac3a-f9612604aadd
Apr 10, 2023 10:08:39 AM org.openqa.selenium.remote.ProtocolHandshake createSession
INFO: Detected dialect: W3C
JavaScript warning: https://www.uniqlo.com/Mx95Yd/biG/Wo_/8-IanA/Vu7EGJtwEh/el0ZAQ/aiE/QAlg7T10, line 1: unreachable code after return statement
JavaScript warning: https://www.uniqlo.com/Mx95Yd/biG/Wo_/8-IanA/Vu7EGJtwEh/el0ZAQ/aiE/QAlg7T10, line 1: WEBGL_debug_renderer_info is deprecated in Firefox and will be removed. Please use RENDERER.
JavaScript warning: https://www.uniqlo.com/id/elgnisolqinu.js?async&seed=AIAnG2mHAQAAp6_kQ-NvC4pDCvZJooQGzCoxcLZ3CqwiSlxvcp_1EokMlmcT&x-i1ysm4mm--z=q, line 1: WEBGL_debug_renderer_info is deprecated in Firefox and will be removed. Please use RENDERER.
1681096124837	Marionette	INFO	Stopped listening on port 54176
Dynamically enable window occlusion 1
WARNING: A blocker encountered an error while we were waiting.
          Blocker:  Waiting for ping task
          Phase: TelemetryController: Waiting for pending ping activity
          State: (none)
WARNING: Error: Phase "profile-before-change" is finished, it is too late to register completion condition "OS.File: flush I/O queued before profileBeforeChange"
WARNING: addBlocker@resource://gre/modules/AsyncShutdown.sys.mjs:727:15
addBlocker@resource://gre/modules/AsyncShutdown.sys.mjs:523:26
addBlocker@resource://gre/modules/AsyncShutdown.sys.mjs:458:15
setupShutdown@resource://gre/modules/osfile/osfile_async_front.jsm:1548:28
@resource://gre/modules/osfile/osfile_async_front.jsm:1568:16
@resource://gre/modules/osfile.jsm:12:30
@resource://gre/modules/TelemetryStorage.sys.mjs:10:28
_checkPendingPings@resource://gre/modules/TelemetrySend.sys.mjs:863:17
setup@resource://gre/modules/TelemetrySend.sys.mjs:803:18
setup@resource://gre/modules/TelemetrySend.sys.mjs:241:30
setupTelemetry/this._delayedInitTask<@resource://gre/modules/TelemetryControllerParent.sys.mjs:828:36
observe@resource://gre/modules/AsyncShutdown.sys.mjs:576:16

console.error: "TelemetryScheduler.shutdown - Already shut down"
WARNING: A blocker encountered an error while we were waiting.
          Blocker:  Waiting for ping task
          Phase: TelemetryController: Waiting for pending ping activity
          State: (none)
WARNING: Error: Phase "profile-before-change" is finished, it is too late to register completion condition "OS.File: flush I/O queued before profileBeforeChange"
WARNING: addBlocker@resource://gre/modules/AsyncShutdown.sys.mjs:727:15
addBlocker@resource://gre/modules/AsyncShutdown.sys.mjs:523:26
addBlocker@resource://gre/modules/AsyncShutdown.sys.mjs:458:15
setupShutdown@resource://gre/modules/osfile/osfile_async_front.jsm:1548:28
@resource://gre/modules/osfile/osfile_async_front.jsm:1568:16
@resource://gre/modules/osfile.jsm:12:30
@resource://gre/modules/TelemetryStorage.sys.mjs:10:28
_checkPendingPings@resource://gre/modules/TelemetrySend.sys.mjs:863:17
setup@resource://gre/modules/TelemetrySend.sys.mjs:803:18
setup@resource://gre/modules/TelemetrySend.sys.mjs:241:30
setupTelemetry/this._delayedInitTask<@resource://gre/modules/TelemetryControllerParent.sys.mjs:828:36
observe@resource://gre/modules/AsyncShutdown.sys.mjs:576:16

WARNING: A blocker encountered an error while we were waiting.
          Blocker:  Waiting for ping task
          Phase: TelemetryController: Waiting for pending ping activity
          State: (none)
WARNING: Error: Phase "profile-before-change" is finished, it is too late to register completion condition "OS.File: flush I/O queued before profileBeforeChange"
WARNING: addBlocker@resource://gre/modules/AsyncShutdown.sys.mjs:727:15
addBlocker@resource://gre/modules/AsyncShutdown.sys.mjs:523:26
addBlocker@resource://gre/modules/AsyncShutdown.sys.mjs:458:15
setupShutdown@resource://gre/modules/osfile/osfile_async_front.jsm:1548:28
@resource://gre/modules/osfile/osfile_async_front.jsm:1568:16
@resource://gre/modules/osfile.jsm:12:30
@resource://gre/modules/TelemetryStorage.sys.mjs:10:28
_checkPendingPings@resource://gre/modules/TelemetrySend.sys.mjs:863:17
setup@resource://gre/modules/TelemetrySend.sys.mjs:803:18
setup@resource://gre/modules/TelemetrySend.sys.mjs:241:30
setupTelemetry/this._delayedInitTask<@resource://gre/modules/TelemetryControllerParent.sys.mjs:828:36
observe@resource://gre/modules/AsyncShutdown.sys.mjs:576:16

WARNING: A blocker encountered an error while we were waiting.
          Blocker:  TelemetryController: shutting down
          Phase: profile-before-change-telemetry
          State: Error getting state: Error: Phase "profile-before-change" is finished, it is too late to register completion condition "OS.File: flush I/O queued before profileBeforeChange" at addBlocker@resource://gre/modules/AsyncShutdown.sys.mjs:727:15
addBlocker@resource://gre/modules/AsyncShutdown.sys.mjs:523:26
addBlocker@resource://gre/modules/AsyncShutdown.sys.mjs:458:15
setupShutdown@resource://gre/modules/osfile/osfile_async_front.jsm:1548:28
@resource://gre/modules/osfile/osfile_async_front.jsm:1568:16
@resource://gre/modules/osfile.jsm:12:30
@resource://gre/modules/TelemetryStorage.sys.mjs:10:28
_checkPendingPings@resource://gre/modules/TelemetrySend.sys.mjs:863:17
setup@resource://gre/modules/TelemetrySend.sys.mjs:803:18
setup@resource://gre/modules/TelemetrySend.sys.mjs:241:30
setupTelemetry/this._delayedInitTask<@resource://gre/modules/TelemetryControllerParent.sys.mjs:828:36
observe@resource://gre/modules/AsyncShutdown.sys.mjs:576:16

WARNING: Error: Phase "profile-before-change" is finished, it is too late to register completion condition "OS.File: flush I/O queued before profileBeforeChange"
WARNING: addBlocker@resource://gre/modules/AsyncShutdown.sys.mjs:727:15
addBlocker@resource://gre/modules/AsyncShutdown.sys.mjs:523:26
addBlocker@resource://gre/modules/AsyncShutdown.sys.mjs:458:15
setupShutdown@resource://gre/modules/osfile/osfile_async_front.jsm:1548:28
@resource://gre/modules/osfile/osfile_async_front.jsm:1568:16
@resource://gre/modules/osfile.jsm:12:30
@resource://gre/modules/TelemetryStorage.sys.mjs:10:28
_checkPendingPings@resource://gre/modules/TelemetrySend.sys.mjs:863:17
setup@resource://gre/modules/TelemetrySend.sys.mjs:803:18
setup@resource://gre/modules/TelemetrySend.sys.mjs:241:30
setupTelemetry/this._delayedInitTask<@resource://gre/modules/TelemetryControllerParent.sys.mjs:828:36
observe@resource://gre/modules/AsyncShutdown.sys.mjs:576:16

JavaScript error: resource://gre/modules/AsyncShutdown.sys.mjs, line 727: Error: Phase "profile-before-change" is finished, it is too late to register completion condition "OS.File: flush I/O queued before profileBeforeChange"
JavaScript error: resource://gre/modules/AsyncShutdown.sys.mjs, line 727: Error: Phase "profile-before-change" is finished, it is too late to register completion condition "OS.File: flush I/O queued before profileBeforeChange"
JavaScript error: resource://gre/modules/AsyncShutdown.sys.mjs, line 727: Error: Phase "profile-before-change" is finished, it is too late to register completion condition "OS.File: flush I/O queued before profileBeforeChange"
JavaScript error: resource://gre/modules/AsyncShutdown.sys.mjs, line 727: Error: Phase "profile-before-change" is finished, it is too late to register completion condition "OS.File: flush I/O queued before profileBeforeChange"
JavaScript error: resource://gre/modules/AsyncShutdown.sys.mjs, line 727: Error: Phase "profile-before-change" is finished, it is too late to register completion condition "OS.File: flush I/O queued before profileBeforeChange"
JavaScript error: resource://gre/modules/AsyncShutdown.sys.mjs, line 727: Error: Phase "profile-before-change" is finished, it is too late to register completion condition "OS.File: flush I/O queued before profileBeforeChange"
]]></system-err>
  </testcase>
  <testcase name="Fitur Menu Baby #5" classname="Baby" time="9.104">
    <system-out><![CDATA[
@baby
Scenario Outline: Fitur Menu Baby &amp#27;[90m# src/test/resources/features/Baby.feature:17&amp#27;[0m
10:08:45.922 [main] INFO io.cucumber.core.plugin.SerenityReporter - Running feature from file:///C:/Users/alwi/IdeaProjects/uniqloweb/src/test/resources/features/Baby.feature
10:08:45.940 [main] INFO net.serenitybdd.core.webdriver.driverproviders.FirefoxDriverProvider - Using automatically driver download
10:08:46.048 [main] DEBUG io.github.bonigarcia.wdm.cache.ResolutionCache - Resolution firefox=111 in cache (valid until 10:32:56 10/04/2023 WIB)
10:08:46.051 [main] DEBUG io.github.bonigarcia.wdm.cache.ResolutionCache - Resolution firefox111=0.32.2 in cache (valid until 19:30:50 10/04/2023 WIB)
10:08:46.053 [main] INFO io.github.bonigarcia.wdm.WebDriverManager - Using geckodriver 0.32.2 (resolved driver for Firefox 111)
10:08:46.067 [main] DEBUG io.github.bonigarcia.wdm.WebDriverManager - Driver geckodriver 0.32.2 found in cache
10:08:46.067 [main] INFO io.github.bonigarcia.wdm.WebDriverManager - Exporting webdriver.gecko.driver as C:\Users\alwi\.cache\selenium\geckodriver\win64\0.32.2\geckodriver.exe
10:08:46.083 [main] DEBUG net.serenitybdd.core.webdriver.driverproviders.ProvideNewDriver - Instantiating driver
10:08:46.083 [main] DEBUG net.serenitybdd.core.webdriver.driverproviders.ProvideNewDriver - Driver capabilities: Capabilities {acceptInsecureCerts: true, browserName: firefox, moz:debuggerAddress: true, moz:firefoxOptions: {args: [], profile: UEsDBBQACAgIABdRilYAAAAAAAA...}}
10:08:46.118 [AsyncHttpClient-1-1] DEBUG org.asynchttpclient.netty.channel.DefaultChannelPool - Entry count for : http://localhost:51133 : 1
10:08:46.118 [AsyncHttpClient-1-1] DEBUG org.asynchttpclient.netty.channel.DefaultChannelPool - Adding Candidate expired Channel [id: 0x05d1d57d, L:/127.0.0.1:54173 ! R:localhost/127.0.0.1:51133] isIdleTimeoutExpired=false isRemotelyClosed=true isTtlExpired=false
10:08:46.118 [AsyncHttpClient-1-1] DEBUG org.asynchttpclient.netty.channel.DefaultChannelPool - Closing Idle Channel [id: 0x05d1d57d, L:/127.0.0.1:54173 ! R:localhost/127.0.0.1:51133]
10:08:46.118 [AsyncHttpClient-1-1] DEBUG org.asynchttpclient.netty.channel.DefaultChannelPool - Closed 1 connections out of 1 in 0 ms
10:08:46.619 [AsyncHttpClient-1-12] DEBUG org.asynchttpclient.netty.channel.NettyConnectListener - Using new Channel '[id: 0x97bd2fed, L:/127.0.0.1:54285 - R:localhost/127.0.0.1:54708]' for 'POST' to '/session'
10:08:49.105 [AsyncHttpClient-1-12] DEBUG org.asynchttpclient.netty.handler.HttpHandler - 

Request DefaultHttpRequest(decodeResult: success, version: HTTP/1.1)
POST /session HTTP/1.1
User-Agent: selenium/4.1.2 (java windows)
Content-Length: 3673
Content-Type: application/json; charset=utf-8
host: localhost:54708
accept: */*

Response DefaultHttpResponse(decodeResult: success, version: HTTP/1.1)
HTTP/1.1 200 OK
content-type: application/json; charset=utf-8
cache-control: no-cache
date: Mon, 10 Apr 2023 03:08:46 GMT
content-length: 790

10:08:49.106 [AsyncHttpClient-1-12] DEBUG org.asynchttpclient.netty.channel.ChannelManager - Adding key: http://localhost:54708 for channel [id: 0x97bd2fed, L:/127.0.0.1:54285 - R:localhost/127.0.0.1:54708]
10:08:49.112 [AsyncHttpClient-1-13] DEBUG org.asynchttpclient.netty.channel.NettyConnectListener - Using new Channel '[id: 0x7472b885, L:/127.0.0.1:54304 - R:/127.0.0.1:62814]' for 'GET' to '/json/version'
10:08:49.118 [AsyncHttpClient-1-13] DEBUG org.asynchttpclient.netty.handler.HttpHandler - 

Request DefaultFullHttpRequest(decodeResult: success, version: HTTP/1.1, content: EmptyByteBufBE)
GET /json/version HTTP/1.1
User-Agent: selenium/4.1.2 (java windows)
host: 127.0.0.1:62814
accept: */*

Response DefaultHttpResponse(decodeResult: success, version: HTTP/1.1)
HTTP/1.1 200 OK
content-type: application/json
connection: close
server: httpd.js
date: Mon, 10 Apr 2023 03:08:49 GMT
content-length: 311

10:08:49.118 [AsyncHttpClient-1-13] DEBUG org.asynchttpclient.netty.channel.ChannelManager - Closing Channel [id: 0x7472b885, L:/127.0.0.1:54304 - R:/127.0.0.1:62814] 
10:08:49.118 [AsyncHttpClient-1-13] DEBUG org.asynchttpclient.netty.handler.HttpHandler - Channel Closed: [id: 0x7472b885, L:/127.0.0.1:54304 ! R:/127.0.0.1:62814] with attribute DISCARD
10:08:49.120 [Forwarding get on session bbe12ab5-d55d-4de2-9b06-25f1d7fc8037 to remote] DEBUG org.asynchttpclient.netty.request.NettyRequestSender - Using pooled Channel '[id: 0x97bd2fed, L:/127.0.0.1:54285 - R:localhost/127.0.0.1:54708]' for 'POST' to 'http://localhost:54708/session/bbe12ab5-d55d-4de2-9b06-25f1d7fc8037/url'
10:08:49.121 [Forwarding get on session bbe12ab5-d55d-4de2-9b06-25f1d7fc8037 to remote] DEBUG org.asynchttpclient.netty.request.NettyRequestSender - Using open Channel [id: 0x97bd2fed, L:/127.0.0.1:54285 - R:localhost/127.0.0.1:54708] for POST '/session/bbe12ab5-d55d-4de2-9b06-25f1d7fc8037/url'
10:08:50.861 [AsyncHttpClient-1-12] DEBUG org.asynchttpclient.netty.handler.HttpHandler - 

Request DefaultHttpRequest(decodeResult: success, version: HTTP/1.1)
POST /session/bbe12ab5-d55d-4de2-9b06-25f1d7fc8037/url HTTP/1.1
User-Agent: selenium/4.1.2 (java windows)
Content-Length: 69
Content-Type: application/json; charset=utf-8
host: localhost:54708
accept: */*

Response DefaultHttpResponse(decodeResult: success, version: HTTP/1.1)
HTTP/1.1 200 OK
content-type: application/json; charset=utf-8
cache-control: no-cache
date: Mon, 10 Apr 2023 03:08:49 GMT
content-length: 14

10:08:50.861 [AsyncHttpClient-1-12] DEBUG org.asynchttpclient.netty.channel.ChannelManager - Adding key: http://localhost:54708 for channel [id: 0x97bd2fed, L:/127.0.0.1:54285 - R:localhost/127.0.0.1:54708]
10:08:50.865 [Forwarding setTimeout on session bbe12ab5-d55d-4de2-9b06-25f1d7fc8037 to remote] DEBUG org.asynchttpclient.netty.request.NettyRequestSender - Using pooled Channel '[id: 0x97bd2fed, L:/127.0.0.1:54285 - R:localhost/127.0.0.1:54708]' for 'POST' to 'http://localhost:54708/session/bbe12ab5-d55d-4de2-9b06-25f1d7fc8037/timeouts'
10:08:50.865 [Forwarding setTimeout on session bbe12ab5-d55d-4de2-9b06-25f1d7fc8037 to remote] DEBUG org.asynchttpclient.netty.request.NettyRequestSender - Using open Channel [id: 0x97bd2fed, L:/127.0.0.1:54285 - R:localhost/127.0.0.1:54708] for POST '/session/bbe12ab5-d55d-4de2-9b06-25f1d7fc8037/timeouts'
10:08:50.890 [AsyncHttpClient-1-12] DEBUG org.asynchttpclient.netty.handler.HttpHandler - 

Request DefaultHttpRequest(decodeResult: success, version: HTTP/1.1)
POST /session/bbe12ab5-d55d-4de2-9b06-25f1d7fc8037/timeouts HTTP/1.1
User-Agent: selenium/4.1.2 (java windows)
Content-Length: 22
Content-Type: application/json; charset=utf-8
host: localhost:54708
accept: */*

Response DefaultHttpResponse(decodeResult: success, version: HTTP/1.1)
HTTP/1.1 200 OK
content-type: application/json; charset=utf-8
cache-control: no-cache
date: Mon, 10 Apr 2023 03:08:50 GMT
content-length: 14

10:08:50.891 [AsyncHttpClient-1-12] DEBUG org.asynchttpclient.netty.channel.ChannelManager - Adding key: http://localhost:54708 for channel [id: 0x97bd2fed, L:/127.0.0.1:54285 - R:localhost/127.0.0.1:54708]
10:08:50.894 [Forwarding getCurrentUrl on session bbe12ab5-d55d-4de2-9b06-25f1d7fc8037 to remote] DEBUG org.asynchttpclient.netty.request.NettyRequestSender - Using pooled Channel '[id: 0x97bd2fed, L:/127.0.0.1:54285 - R:localhost/127.0.0.1:54708]' for 'GET' to 'http://localhost:54708/session/bbe12ab5-d55d-4de2-9b06-25f1d7fc8037/url'
10:08:50.894 [Forwarding getCurrentUrl on session bbe12ab5-d55d-4de2-9b06-25f1d7fc8037 to remote] DEBUG org.asynchttpclient.netty.request.NettyRequestSender - Using open Channel [id: 0x97bd2fed, L:/127.0.0.1:54285 - R:localhost/127.0.0.1:54708] for GET '/session/bbe12ab5-d55d-4de2-9b06-25f1d7fc8037/url'
10:08:50.896 [AsyncHttpClient-1-12] DEBUG org.asynchttpclient.netty.handler.HttpHandler - 

Request DefaultFullHttpRequest(decodeResult: success, version: HTTP/1.1, content: EmptyByteBufBE)
GET /session/bbe12ab5-d55d-4de2-9b06-25f1d7fc8037/url HTTP/1.1
User-Agent: selenium/4.1.2 (java windows)
Cache-Control: no-cache
Content-Type: application/json; charset=utf-8
host: localhost:54708
accept: */*

Response DefaultHttpResponse(decodeResult: success, version: HTTP/1.1)
HTTP/1.1 200 OK
content-type: application/json; charset=utf-8
cache-control: no-cache
date: Mon, 10 Apr 2023 03:08:50 GMT
content-length: 41

10:08:50.896 [AsyncHttpClient-1-12] DEBUG org.asynchttpclient.netty.channel.ChannelManager - Adding key: http://localhost:54708 for channel [id: 0x97bd2fed, L:/127.0.0.1:54285 - R:localhost/127.0.0.1:54708]
  &amp#27;[32mGiven &amp#27;[0m&amp#27;[32mI am on the home page&amp#27;[0m     &amp#27;[90m# starter.stepdefinitions.BabyStep.iAmOnTheHomePage()&amp#27;[0m
10:08:50.902 [Forwarding screenshot on session bbe12ab5-d55d-4de2-9b06-25f1d7fc8037 to remote] DEBUG org.asynchttpclient.netty.request.NettyRequestSender - Using pooled Channel '[id: 0x97bd2fed, L:/127.0.0.1:54285 - R:localhost/127.0.0.1:54708]' for 'GET' to 'http://localhost:54708/session/bbe12ab5-d55d-4de2-9b06-25f1d7fc8037/screenshot'
10:08:50.902 [Forwarding screenshot on session bbe12ab5-d55d-4de2-9b06-25f1d7fc8037 to remote] DEBUG org.asynchttpclient.netty.request.NettyRequestSender - Using open Channel [id: 0x97bd2fed, L:/127.0.0.1:54285 - R:localhost/127.0.0.1:54708] for GET '/session/bbe12ab5-d55d-4de2-9b06-25f1d7fc8037/screenshot'
10:08:50.951 [AsyncHttpClient-1-12] DEBUG org.asynchttpclient.netty.handler.HttpHandler - 

Request DefaultFullHttpRequest(decodeResult: success, version: HTTP/1.1, content: EmptyByteBufBE)
GET /session/bbe12ab5-d55d-4de2-9b06-25f1d7fc8037/screenshot HTTP/1.1
User-Agent: selenium/4.1.2 (java windows)
Cache-Control: no-cache
Content-Type: application/json; charset=utf-8
host: localhost:54708
accept: */*

Response DefaultHttpResponse(decodeResult: success, version: HTTP/1.1)
HTTP/1.1 200 OK
content-type: application/json; charset=utf-8
cache-control: no-cache
date: Mon, 10 Apr 2023 03:08:50 GMT
content-length: 72620

10:08:50.951 [AsyncHttpClient-1-12] DEBUG org.asynchttpclient.netty.channel.ChannelManager - Adding key: http://localhost:54708 for channel [id: 0x97bd2fed, L:/127.0.0.1:54285 - R:localhost/127.0.0.1:54708]
10:08:50.955 [main] DEBUG net.serenitybdd.core.photography.Darkroom - Send negative for processing for target\site\serenity\64fa23ea9435ec19c2e8598e917cd1e606970b914ace3a3a042e6911c254bd9d.png
10:08:50.955 [Darkroom Processing Line] DEBUG net.serenitybdd.core.photography.DarkroomProcessingLine - Processing screenshot image in /var/screenshots/screenshot-8781768526926153047
10:08:50.955 [Darkroom Processing Line] DEBUG net.serenitybdd.core.photography.DarkroomProcessingLine - Saving screenshot to target\site\serenity\64fa23ea9435ec19c2e8598e917cd1e606970b914ace3a3a042e6911c254bd9d.png
10:08:50.965 [Forwarding findElement on session bbe12ab5-d55d-4de2-9b06-25f1d7fc8037 to remote] DEBUG org.asynchttpclient.netty.request.NettyRequestSender - Using pooled Channel '[id: 0x97bd2fed, L:/127.0.0.1:54285 - R:localhost/127.0.0.1:54708]' for 'POST' to 'http://localhost:54708/session/bbe12ab5-d55d-4de2-9b06-25f1d7fc8037/element'
10:08:50.965 [Forwarding findElement on session bbe12ab5-d55d-4de2-9b06-25f1d7fc8037 to remote] DEBUG org.asynchttpclient.netty.request.NettyRequestSender - Using open Channel [id: 0x97bd2fed, L:/127.0.0.1:54285 - R:localhost/127.0.0.1:54708] for POST '/session/bbe12ab5-d55d-4de2-9b06-25f1d7fc8037/element'
10:08:51.481 [AsyncHttpClient-1-12] DEBUG org.asynchttpclient.netty.handler.HttpHandler - 

Request DefaultHttpRequest(decodeResult: success, version: HTTP/1.1)
POST /session/bbe12ab5-d55d-4de2-9b06-25f1d7fc8037/element HTTP/1.1
User-Agent: selenium/4.1.2 (java windows)
Content-Length: 81
Content-Type: application/json; charset=utf-8
host: localhost:54708
accept: */*

Response DefaultHttpResponse(decodeResult: success, version: HTTP/1.1)
HTTP/1.1 200 OK
content-type: application/json; charset=utf-8
cache-control: no-cache
date: Mon, 10 Apr 2023 03:08:50 GMT
content-length: 88

10:08:51.482 [AsyncHttpClient-1-12] DEBUG org.asynchttpclient.netty.channel.ChannelManager - Adding key: http://localhost:54708 for channel [id: 0x97bd2fed, L:/127.0.0.1:54285 - R:localhost/127.0.0.1:54708]
10:08:51.485 [Forwarding getElementTagName on session bbe12ab5-d55d-4de2-9b06-25f1d7fc8037 to remote] DEBUG org.asynchttpclient.netty.request.NettyRequestSender - Using pooled Channel '[id: 0x97bd2fed, L:/127.0.0.1:54285 - R:localhost/127.0.0.1:54708]' for 'GET' to 'http://localhost:54708/session/bbe12ab5-d55d-4de2-9b06-25f1d7fc8037/element/ec96f8e0-3b5b-4707-a13f-76faf2d4caf8/name'
10:08:51.485 [Forwarding getElementTagName on session bbe12ab5-d55d-4de2-9b06-25f1d7fc8037 to remote] DEBUG org.asynchttpclient.netty.request.NettyRequestSender - Using open Channel [id: 0x97bd2fed, L:/127.0.0.1:54285 - R:localhost/127.0.0.1:54708] for GET '/session/bbe12ab5-d55d-4de2-9b06-25f1d7fc8037/element/ec96f8e0-3b5b-4707-a13f-76faf2d4caf8/name'
10:08:51.558 [AsyncHttpClient-1-12] DEBUG org.asynchttpclient.netty.handler.HttpHandler - 

Request DefaultFullHttpRequest(decodeResult: success, version: HTTP/1.1, content: EmptyByteBufBE)
GET /session/bbe12ab5-d55d-4de2-9b06-25f1d7fc8037/element/ec96f8e0-3b5b-4707-a13f-76faf2d4caf8/name HTTP/1.1
User-Agent: selenium/4.1.2 (java windows)
Cache-Control: no-cache
Content-Type: application/json; charset=utf-8
host: localhost:54708
accept: */*

Response DefaultHttpResponse(decodeResult: success, version: HTTP/1.1)
HTTP/1.1 200 OK
content-type: application/json; charset=utf-8
cache-control: no-cache
date: Mon, 10 Apr 2023 03:08:50 GMT
content-length: 16

10:08:51.558 [AsyncHttpClient-1-12] DEBUG org.asynchttpclient.netty.channel.ChannelManager - Adding key: http://localhost:54708 for channel [id: 0x97bd2fed, L:/127.0.0.1:54285 - R:localhost/127.0.0.1:54708]
10:08:51.560 [Forwarding getElementTagName on session bbe12ab5-d55d-4de2-9b06-25f1d7fc8037 to remote] DEBUG org.asynchttpclient.netty.request.NettyRequestSender - Using pooled Channel '[id: 0x97bd2fed, L:/127.0.0.1:54285 - R:localhost/127.0.0.1:54708]' for 'GET' to 'http://localhost:54708/session/bbe12ab5-d55d-4de2-9b06-25f1d7fc8037/element/ec96f8e0-3b5b-4707-a13f-76faf2d4caf8/name'
10:08:51.560 [Forwarding getElementTagName on session bbe12ab5-d55d-4de2-9b06-25f1d7fc8037 to remote] DEBUG org.asynchttpclient.netty.request.NettyRequestSender - Using open Channel [id: 0x97bd2fed, L:/127.0.0.1:54285 - R:localhost/127.0.0.1:54708] for GET '/session/bbe12ab5-d55d-4de2-9b06-25f1d7fc8037/element/ec96f8e0-3b5b-4707-a13f-76faf2d4caf8/name'
10:08:51.618 [AsyncHttpClient-1-12] DEBUG org.asynchttpclient.netty.handler.HttpHandler - 

Request DefaultFullHttpRequest(decodeResult: success, version: HTTP/1.1, content: EmptyByteBufBE)
GET /session/bbe12ab5-d55d-4de2-9b06-25f1d7fc8037/element/ec96f8e0-3b5b-4707-a13f-76faf2d4caf8/name HTTP/1.1
User-Agent: selenium/4.1.2 (java windows)
Cache-Control: no-cache
Content-Type: application/json; charset=utf-8
host: localhost:54708
accept: */*

Response DefaultHttpResponse(decodeResult: success, version: HTTP/1.1)
HTTP/1.1 200 OK
content-type: application/json; charset=utf-8
cache-control: no-cache
date: Mon, 10 Apr 2023 03:08:50 GMT
content-length: 16

10:08:51.618 [AsyncHttpClient-1-12] DEBUG org.asynchttpclient.netty.channel.ChannelManager - Adding key: http://localhost:54708 for channel [id: 0x97bd2fed, L:/127.0.0.1:54285 - R:localhost/127.0.0.1:54708]
10:08:51.622 [Forwarding findElement on session bbe12ab5-d55d-4de2-9b06-25f1d7fc8037 to remote] DEBUG org.asynchttpclient.netty.request.NettyRequestSender - Using pooled Channel '[id: 0x97bd2fed, L:/127.0.0.1:54285 - R:localhost/127.0.0.1:54708]' for 'POST' to 'http://localhost:54708/session/bbe12ab5-d55d-4de2-9b06-25f1d7fc8037/element'
10:08:51.622 [Forwarding findElement on session bbe12ab5-d55d-4de2-9b06-25f1d7fc8037 to remote] DEBUG org.asynchttpclient.netty.request.NettyRequestSender - Using open Channel [id: 0x97bd2fed, L:/127.0.0.1:54285 - R:localhost/127.0.0.1:54708] for POST '/session/bbe12ab5-d55d-4de2-9b06-25f1d7fc8037/element'
10:08:51.650 [AsyncHttpClient-1-12] DEBUG org.asynchttpclient.netty.handler.HttpHandler - 

Request DefaultHttpRequest(decodeResult: success, version: HTTP/1.1)
POST /session/bbe12ab5-d55d-4de2-9b06-25f1d7fc8037/element HTTP/1.1
User-Agent: selenium/4.1.2 (java windows)
Content-Length: 81
Content-Type: application/json; charset=utf-8
host: localhost:54708
accept: */*

Response DefaultHttpResponse(decodeResult: success, version: HTTP/1.1)
HTTP/1.1 200 OK
content-type: application/json; charset=utf-8
cache-control: no-cache
date: Mon, 10 Apr 2023 03:08:50 GMT
content-length: 88

10:08:51.650 [AsyncHttpClient-1-12] DEBUG org.asynchttpclient.netty.channel.ChannelManager - Adding key: http://localhost:54708 for channel [id: 0x97bd2fed, L:/127.0.0.1:54285 - R:localhost/127.0.0.1:54708]
10:08:51.653 [Forwarding clickElement on session bbe12ab5-d55d-4de2-9b06-25f1d7fc8037 to remote] DEBUG org.asynchttpclient.netty.request.NettyRequestSender - Using pooled Channel '[id: 0x97bd2fed, L:/127.0.0.1:54285 - R:localhost/127.0.0.1:54708]' for 'POST' to 'http://localhost:54708/session/bbe12ab5-d55d-4de2-9b06-25f1d7fc8037/element/ec96f8e0-3b5b-4707-a13f-76faf2d4caf8/click'
10:08:51.653 [Forwarding clickElement on session bbe12ab5-d55d-4de2-9b06-25f1d7fc8037 to remote] DEBUG org.asynchttpclient.netty.request.NettyRequestSender - Using open Channel [id: 0x97bd2fed, L:/127.0.0.1:54285 - R:localhost/127.0.0.1:54708] for POST '/session/bbe12ab5-d55d-4de2-9b06-25f1d7fc8037/element/ec96f8e0-3b5b-4707-a13f-76faf2d4caf8/click'
10:08:52.404 [AsyncHttpClient-1-12] DEBUG org.asynchttpclient.netty.handler.HttpHandler - 

Request DefaultHttpRequest(decodeResult: success, version: HTTP/1.1)
POST /session/bbe12ab5-d55d-4de2-9b06-25f1d7fc8037/element/ec96f8e0-3b5b-4707-a13f-76faf2d4caf8/click HTTP/1.1
User-Agent: selenium/4.1.2 (java windows)
Content-Length: 50
Content-Type: application/json; charset=utf-8
host: localhost:54708
accept: */*

Response DefaultHttpResponse(decodeResult: success, version: HTTP/1.1)
HTTP/1.1 200 OK
content-type: application/json; charset=utf-8
cache-control: no-cache
date: Mon, 10 Apr 2023 03:08:50 GMT
content-length: 14

10:08:52.404 [AsyncHttpClient-1-12] DEBUG org.asynchttpclient.netty.channel.ChannelManager - Adding key: http://localhost:54708 for channel [id: 0x97bd2fed, L:/127.0.0.1:54285 - R:localhost/127.0.0.1:54708]
  &amp#27;[32mThen &amp#27;[0m&amp#27;[32mI click baby on the header&amp#27;[0m &amp#27;[90m# starter.stepdefinitions.BabyStep.iClickBabyOnTheHeader()&amp#27;[0m
10:08:52.411 [Forwarding screenshot on session bbe12ab5-d55d-4de2-9b06-25f1d7fc8037 to remote] DEBUG org.asynchttpclient.netty.request.NettyRequestSender - Using pooled Channel '[id: 0x97bd2fed, L:/127.0.0.1:54285 - R:localhost/127.0.0.1:54708]' for 'GET' to 'http://localhost:54708/session/bbe12ab5-d55d-4de2-9b06-25f1d7fc8037/screenshot'
10:08:52.411 [Forwarding screenshot on session bbe12ab5-d55d-4de2-9b06-25f1d7fc8037 to remote] DEBUG org.asynchttpclient.netty.request.NettyRequestSender - Using open Channel [id: 0x97bd2fed, L:/127.0.0.1:54285 - R:localhost/127.0.0.1:54708] for GET '/session/bbe12ab5-d55d-4de2-9b06-25f1d7fc8037/screenshot'
10:08:52.557 [AsyncHttpClient-1-12] DEBUG org.asynchttpclient.netty.handler.HttpHandler - 

Request DefaultFullHttpRequest(decodeResult: success, version: HTTP/1.1, content: EmptyByteBufBE)
GET /session/bbe12ab5-d55d-4de2-9b06-25f1d7fc8037/screenshot HTTP/1.1
User-Agent: selenium/4.1.2 (java windows)
Cache-Control: no-cache
Content-Type: application/json; charset=utf-8
host: localhost:54708
accept: */*

Response DefaultHttpResponse(decodeResult: success, version: HTTP/1.1)
HTTP/1.1 200 OK
content-type: application/json; charset=utf-8
cache-control: no-cache
date: Mon, 10 Apr 2023 03:08:52 GMT
content-length: 98024

10:08:52.558 [AsyncHttpClient-1-12] DEBUG org.asynchttpclient.netty.channel.ChannelManager - Adding key: http://localhost:54708 for channel [id: 0x97bd2fed, L:/127.0.0.1:54285 - R:localhost/127.0.0.1:54708]
10:08:52.562 [main] DEBUG net.serenitybdd.core.photography.Darkroom - Send negative for processing for target\site\serenity\bcb9a8d665d2c58a930e922f816fcc3ebc2aef855b882f3d531e7c9aa320b06d.png
10:08:52.574 [Forwarding findElement on session bbe12ab5-d55d-4de2-9b06-25f1d7fc8037 to remote] DEBUG org.asynchttpclient.netty.request.NettyRequestSender - Using pooled Channel '[id: 0x97bd2fed, L:/127.0.0.1:54285 - R:localhost/127.0.0.1:54708]' for 'POST' to 'http://localhost:54708/session/bbe12ab5-d55d-4de2-9b06-25f1d7fc8037/element'
10:08:52.574 [Forwarding findElement on session bbe12ab5-d55d-4de2-9b06-25f1d7fc8037 to remote] DEBUG org.asynchttpclient.netty.request.NettyRequestSender - Using open Channel [id: 0x97bd2fed, L:/127.0.0.1:54285 - R:localhost/127.0.0.1:54708] for POST '/session/bbe12ab5-d55d-4de2-9b06-25f1d7fc8037/element'
10:08:52.613 [AsyncHttpClient-1-12] DEBUG org.asynchttpclient.netty.handler.HttpHandler - 

Request DefaultHttpRequest(decodeResult: success, version: HTTP/1.1)
POST /session/bbe12ab5-d55d-4de2-9b06-25f1d7fc8037/element HTTP/1.1
User-Agent: selenium/4.1.2 (java windows)
Content-Length: 104
Content-Type: application/json; charset=utf-8
host: localhost:54708
accept: */*

Response DefaultHttpResponse(decodeResult: success, version: HTTP/1.1)
HTTP/1.1 200 OK
content-type: application/json; charset=utf-8
cache-control: no-cache
date: Mon, 10 Apr 2023 03:08:52 GMT
content-length: 88

10:08:52.613 [AsyncHttpClient-1-12] DEBUG org.asynchttpclient.netty.channel.ChannelManager - Adding key: http://localhost:54708 for channel [id: 0x97bd2fed, L:/127.0.0.1:54285 - R:localhost/127.0.0.1:54708]
10:08:52.617 [Forwarding getElementTagName on session bbe12ab5-d55d-4de2-9b06-25f1d7fc8037 to remote] DEBUG org.asynchttpclient.netty.request.NettyRequestSender - Using pooled Channel '[id: 0x97bd2fed, L:/127.0.0.1:54285 - R:localhost/127.0.0.1:54708]' for 'GET' to 'http://localhost:54708/session/bbe12ab5-d55d-4de2-9b06-25f1d7fc8037/element/e55fa8ad-7fa3-4478-afca-8fbe04e85717/name'
10:08:52.617 [Forwarding getElementTagName on session bbe12ab5-d55d-4de2-9b06-25f1d7fc8037 to remote] DEBUG org.asynchttpclient.netty.request.NettyRequestSender - Using open Channel [id: 0x97bd2fed, L:/127.0.0.1:54285 - R:localhost/127.0.0.1:54708] for GET '/session/bbe12ab5-d55d-4de2-9b06-25f1d7fc8037/element/e55fa8ad-7fa3-4478-afca-8fbe04e85717/name'
10:08:52.639 [AsyncHttpClient-1-12] DEBUG org.asynchttpclient.netty.handler.HttpHandler - 

Request DefaultFullHttpRequest(decodeResult: success, version: HTTP/1.1, content: EmptyByteBufBE)
GET /session/bbe12ab5-d55d-4de2-9b06-25f1d7fc8037/element/e55fa8ad-7fa3-4478-afca-8fbe04e85717/name HTTP/1.1
User-Agent: selenium/4.1.2 (java windows)
Cache-Control: no-cache
Content-Type: application/json; charset=utf-8
host: localhost:54708
accept: */*

Response DefaultHttpResponse(decodeResult: success, version: HTTP/1.1)
HTTP/1.1 200 OK
content-type: application/json; charset=utf-8
cache-control: no-cache
date: Mon, 10 Apr 2023 03:08:52 GMT
content-length: 16

10:08:52.639 [AsyncHttpClient-1-12] DEBUG org.asynchttpclient.netty.channel.ChannelManager - Adding key: http://localhost:54708 for channel [id: 0x97bd2fed, L:/127.0.0.1:54285 - R:localhost/127.0.0.1:54708]
10:08:52.641 [Forwarding getElementTagName on session bbe12ab5-d55d-4de2-9b06-25f1d7fc8037 to remote] DEBUG org.asynchttpclient.netty.request.NettyRequestSender - Using pooled Channel '[id: 0x97bd2fed, L:/127.0.0.1:54285 - R:localhost/127.0.0.1:54708]' for 'GET' to 'http://localhost:54708/session/bbe12ab5-d55d-4de2-9b06-25f1d7fc8037/element/e55fa8ad-7fa3-4478-afca-8fbe04e85717/name'
10:08:52.641 [Forwarding getElementTagName on session bbe12ab5-d55d-4de2-9b06-25f1d7fc8037 to remote] DEBUG org.asynchttpclient.netty.request.NettyRequestSender - Using open Channel [id: 0x97bd2fed, L:/127.0.0.1:54285 - R:localhost/127.0.0.1:54708] for GET '/session/bbe12ab5-d55d-4de2-9b06-25f1d7fc8037/element/e55fa8ad-7fa3-4478-afca-8fbe04e85717/name'
10:08:52.651 [AsyncHttpClient-1-12] DEBUG org.asynchttpclient.netty.handler.HttpHandler - 

Request DefaultFullHttpRequest(decodeResult: success, version: HTTP/1.1, content: EmptyByteBufBE)
GET /session/bbe12ab5-d55d-4de2-9b06-25f1d7fc8037/element/e55fa8ad-7fa3-4478-afca-8fbe04e85717/name HTTP/1.1
User-Agent: selenium/4.1.2 (java windows)
Cache-Control: no-cache
Content-Type: application/json; charset=utf-8
host: localhost:54708
accept: */*

Response DefaultHttpResponse(decodeResult: success, version: HTTP/1.1)
HTTP/1.1 200 OK
content-type: application/json; charset=utf-8
cache-control: no-cache
date: Mon, 10 Apr 2023 03:08:52 GMT
content-length: 16

10:08:52.651 [AsyncHttpClient-1-12] DEBUG org.asynchttpclient.netty.channel.ChannelManager - Adding key: http://localhost:54708 for channel [id: 0x97bd2fed, L:/127.0.0.1:54285 - R:localhost/127.0.0.1:54708]
10:08:52.655 [Forwarding findElement on session bbe12ab5-d55d-4de2-9b06-25f1d7fc8037 to remote] DEBUG org.asynchttpclient.netty.request.NettyRequestSender - Using pooled Channel '[id: 0x97bd2fed, L:/127.0.0.1:54285 - R:localhost/127.0.0.1:54708]' for 'POST' to 'http://localhost:54708/session/bbe12ab5-d55d-4de2-9b06-25f1d7fc8037/element'
10:08:52.655 [Forwarding findElement on session bbe12ab5-d55d-4de2-9b06-25f1d7fc8037 to remote] DEBUG org.asynchttpclient.netty.request.NettyRequestSender - Using open Channel [id: 0x97bd2fed, L:/127.0.0.1:54285 - R:localhost/127.0.0.1:54708] for POST '/session/bbe12ab5-d55d-4de2-9b06-25f1d7fc8037/element'
10:08:52.659 [AsyncHttpClient-1-12] DEBUG org.asynchttpclient.netty.handler.HttpHandler - 

Request DefaultHttpRequest(decodeResult: success, version: HTTP/1.1)
POST /session/bbe12ab5-d55d-4de2-9b06-25f1d7fc8037/element HTTP/1.1
User-Agent: selenium/4.1.2 (java windows)
Content-Length: 104
Content-Type: application/json; charset=utf-8
host: localhost:54708
accept: */*

Response DefaultHttpResponse(decodeResult: success, version: HTTP/1.1)
HTTP/1.1 200 OK
content-type: application/json; charset=utf-8
cache-control: no-cache
date: Mon, 10 Apr 2023 03:08:52 GMT
content-length: 88

10:08:52.660 [AsyncHttpClient-1-12] DEBUG org.asynchttpclient.netty.channel.ChannelManager - Adding key: http://localhost:54708 for channel [id: 0x97bd2fed, L:/127.0.0.1:54285 - R:localhost/127.0.0.1:54708]
10:08:52.661 [Forwarding clickElement on session bbe12ab5-d55d-4de2-9b06-25f1d7fc8037 to remote] DEBUG org.asynchttpclient.netty.request.NettyRequestSender - Using pooled Channel '[id: 0x97bd2fed, L:/127.0.0.1:54285 - R:localhost/127.0.0.1:54708]' for 'POST' to 'http://localhost:54708/session/bbe12ab5-d55d-4de2-9b06-25f1d7fc8037/element/e55fa8ad-7fa3-4478-afca-8fbe04e85717/click'
10:08:52.661 [Forwarding clickElement on session bbe12ab5-d55d-4de2-9b06-25f1d7fc8037 to remote] DEBUG org.asynchttpclient.netty.request.NettyRequestSender - Using open Channel [id: 0x97bd2fed, L:/127.0.0.1:54285 - R:localhost/127.0.0.1:54708] for POST '/session/bbe12ab5-d55d-4de2-9b06-25f1d7fc8037/element/e55fa8ad-7fa3-4478-afca-8fbe04e85717/click'
10:08:53.039 [AsyncHttpClient-1-12] DEBUG org.asynchttpclient.netty.handler.HttpHandler - 

Request DefaultHttpRequest(decodeResult: success, version: HTTP/1.1)
POST /session/bbe12ab5-d55d-4de2-9b06-25f1d7fc8037/element/e55fa8ad-7fa3-4478-afca-8fbe04e85717/click HTTP/1.1
User-Agent: selenium/4.1.2 (java windows)
Content-Length: 50
Content-Type: application/json; charset=utf-8
host: localhost:54708
accept: */*

Response DefaultHttpResponse(decodeResult: success, version: HTTP/1.1)
HTTP/1.1 200 OK
content-type: application/json; charset=utf-8
cache-control: no-cache
date: Mon, 10 Apr 2023 03:08:52 GMT
content-length: 14

10:08:53.040 [AsyncHttpClient-1-12] DEBUG org.asynchttpclient.netty.channel.ChannelManager - Adding key: http://localhost:54708 for channel [id: 0x97bd2fed, L:/127.0.0.1:54285 - R:localhost/127.0.0.1:54708]
  &amp#27;[32mWhen &amp#27;[0m&amp#27;[32mI will go to &amp#27;[0m&amp#27;[32m&amp#27;[1m"luaran1"&amp#27;[0m     &amp#27;[90m# starter.stepdefinitions.BabyStep.iWillGoTo(java.lang.String)&amp#27;[0m
10:08:53.048 [Forwarding screenshot on session bbe12ab5-d55d-4de2-9b06-25f1d7fc8037 to remote] DEBUG org.asynchttpclient.netty.request.NettyRequestSender - Using pooled Channel '[id: 0x97bd2fed, L:/127.0.0.1:54285 - R:localhost/127.0.0.1:54708]' for 'GET' to 'http://localhost:54708/session/bbe12ab5-d55d-4de2-9b06-25f1d7fc8037/screenshot'
10:08:53.048 [Forwarding screenshot on session bbe12ab5-d55d-4de2-9b06-25f1d7fc8037 to remote] DEBUG org.asynchttpclient.netty.request.NettyRequestSender - Using open Channel [id: 0x97bd2fed, L:/127.0.0.1:54285 - R:localhost/127.0.0.1:54708] for GET '/session/bbe12ab5-d55d-4de2-9b06-25f1d7fc8037/screenshot'
10:08:53.252 [AsyncHttpClient-1-12] DEBUG org.asynchttpclient.netty.handler.HttpHandler - 

Request DefaultFullHttpRequest(decodeResult: success, version: HTTP/1.1, content: EmptyByteBufBE)
GET /session/bbe12ab5-d55d-4de2-9b06-25f1d7fc8037/screenshot HTTP/1.1
User-Agent: selenium/4.1.2 (java windows)
Cache-Control: no-cache
Content-Type: application/json; charset=utf-8
host: localhost:54708
accept: */*

Response DefaultHttpResponse(decodeResult: success, version: HTTP/1.1)
HTTP/1.1 200 OK
content-type: application/json; charset=utf-8
cache-control: no-cache
date: Mon, 10 Apr 2023 03:08:52 GMT
content-length: 77652

10:08:53.253 [AsyncHttpClient-1-12] DEBUG org.asynchttpclient.netty.channel.ChannelManager - Adding key: http://localhost:54708 for channel [id: 0x97bd2fed, L:/127.0.0.1:54285 - R:localhost/127.0.0.1:54708]
10:08:53.256 [main] DEBUG net.serenitybdd.core.photography.Darkroom - Send negative for processing for target\site\serenity\ce6ba26fa1904576b7cfc5af0322da3c36b92d6f5a4a9d12c8f16be849ea91cd.png
10:08:53.257 [Darkroom Processing Line] DEBUG net.serenitybdd.core.photography.DarkroomProcessingLine - Processing screenshot image in /var/screenshots/screenshot-11947448747134970914
10:08:53.257 [Darkroom Processing Line] DEBUG net.serenitybdd.core.photography.DarkroomProcessingLine - Saving screenshot to target\site\serenity\ce6ba26fa1904576b7cfc5af0322da3c36b92d6f5a4a9d12c8f16be849ea91cd.png
10:08:53.263 [Forwarding findElement on session bbe12ab5-d55d-4de2-9b06-25f1d7fc8037 to remote] DEBUG org.asynchttpclient.netty.request.NettyRequestSender - Using pooled Channel '[id: 0x97bd2fed, L:/127.0.0.1:54285 - R:localhost/127.0.0.1:54708]' for 'POST' to 'http://localhost:54708/session/bbe12ab5-d55d-4de2-9b06-25f1d7fc8037/element'
10:08:53.264 [Forwarding findElement on session bbe12ab5-d55d-4de2-9b06-25f1d7fc8037 to remote] DEBUG org.asynchttpclient.netty.request.NettyRequestSender - Using open Channel [id: 0x97bd2fed, L:/127.0.0.1:54285 - R:localhost/127.0.0.1:54708] for POST '/session/bbe12ab5-d55d-4de2-9b06-25f1d7fc8037/element'
10:08:53.284 [AsyncHttpClient-1-12] DEBUG org.asynchttpclient.netty.handler.HttpHandler - 

Request DefaultHttpRequest(decodeResult: success, version: HTTP/1.1)
POST /session/bbe12ab5-d55d-4de2-9b06-25f1d7fc8037/element HTTP/1.1
User-Agent: selenium/4.1.2 (java windows)
Content-Length: 88
Content-Type: application/json; charset=utf-8
host: localhost:54708
accept: */*

Response DefaultHttpResponse(decodeResult: success, version: HTTP/1.1)
HTTP/1.1 200 OK
content-type: application/json; charset=utf-8
cache-control: no-cache
date: Mon, 10 Apr 2023 03:08:52 GMT
content-length: 88

10:08:53.284 [AsyncHttpClient-1-12] DEBUG org.asynchttpclient.netty.channel.ChannelManager - Adding key: http://localhost:54708 for channel [id: 0x97bd2fed, L:/127.0.0.1:54285 - R:localhost/127.0.0.1:54708]
10:08:53.287 [Forwarding isElementDisplayed on session bbe12ab5-d55d-4de2-9b06-25f1d7fc8037 to remote] DEBUG org.asynchttpclient.netty.request.NettyRequestSender - Using pooled Channel '[id: 0x97bd2fed, L:/127.0.0.1:54285 - R:localhost/127.0.0.1:54708]' for 'POST' to 'http://localhost:54708/session/bbe12ab5-d55d-4de2-9b06-25f1d7fc8037/execute/sync'
10:08:53.287 [Forwarding isElementDisplayed on session bbe12ab5-d55d-4de2-9b06-25f1d7fc8037 to remote] DEBUG org.asynchttpclient.netty.request.NettyRequestSender - Using open Channel [id: 0x97bd2fed, L:/127.0.0.1:54285 - R:localhost/127.0.0.1:54708] for POST '/session/bbe12ab5-d55d-4de2-9b06-25f1d7fc8037/execute/sync'
10:08:53.316 [AsyncHttpClient-1-12] DEBUG org.asynchttpclient.netty.handler.HttpHandler - 

Request DefaultHttpRequest(decodeResult: success, version: HTTP/1.1)
POST /session/bbe12ab5-d55d-4de2-9b06-25f1d7fc8037/execute/sync HTTP/1.1
User-Agent: selenium/4.1.2 (java windows)
Content-Length: 48780
Content-Type: application/json; charset=utf-8
host: localhost:54708
accept: */*

Response DefaultHttpResponse(decodeResult: success, version: HTTP/1.1)
HTTP/1.1 200 OK
content-type: application/json; charset=utf-8
cache-control: no-cache
date: Mon, 10 Apr 2023 03:08:52 GMT
content-length: 14

10:08:53.316 [AsyncHttpClient-1-12] DEBUG org.asynchttpclient.netty.channel.ChannelManager - Adding key: http://localhost:54708 for channel [id: 0x97bd2fed, L:/127.0.0.1:54285 - R:localhost/127.0.0.1:54708]
  &amp#27;[32mAnd &amp#27;[0m&amp#27;[32mI &amp#27;[0m&amp#27;[32m&amp#27;[1m"txtLuaran1"&amp#27;[0m&amp#27;[32m page&amp#27;[0m         &amp#27;[90m# starter.stepdefinitions.BabyStep.iPage(java.lang.String)&amp#27;[0m
10:08:53.324 [Forwarding screenshot on session bbe12ab5-d55d-4de2-9b06-25f1d7fc8037 to remote] DEBUG org.asynchttpclient.netty.request.NettyRequestSender - Using pooled Channel '[id: 0x97bd2fed, L:/127.0.0.1:54285 - R:localhost/127.0.0.1:54708]' for 'GET' to 'http://localhost:54708/session/bbe12ab5-d55d-4de2-9b06-25f1d7fc8037/screenshot'
10:08:53.324 [Forwarding screenshot on session bbe12ab5-d55d-4de2-9b06-25f1d7fc8037 to remote] DEBUG org.asynchttpclient.netty.request.NettyRequestSender - Using open Channel [id: 0x97bd2fed, L:/127.0.0.1:54285 - R:localhost/127.0.0.1:54708] for GET '/session/bbe12ab5-d55d-4de2-9b06-25f1d7fc8037/screenshot'
10:08:53.407 [AsyncHttpClient-1-12] DEBUG org.asynchttpclient.netty.handler.HttpHandler - 

Request DefaultFullHttpRequest(decodeResult: success, version: HTTP/1.1, content: EmptyByteBufBE)
GET /session/bbe12ab5-d55d-4de2-9b06-25f1d7fc8037/screenshot HTTP/1.1
User-Agent: selenium/4.1.2 (java windows)
Cache-Control: no-cache
Content-Type: application/json; charset=utf-8
host: localhost:54708
accept: */*

Response DefaultHttpResponse(decodeResult: success, version: HTTP/1.1)
HTTP/1.1 200 OK
content-type: application/json; charset=utf-8
cache-control: no-cache
date: Mon, 10 Apr 2023 03:08:52 GMT
content-length: 77652

10:08:53.407 [AsyncHttpClient-1-12] DEBUG org.asynchttpclient.netty.channel.ChannelManager - Adding key: http://localhost:54708 for channel [id: 0x97bd2fed, L:/127.0.0.1:54285 - R:localhost/127.0.0.1:54708]
10:08:53.410 [main] DEBUG net.serenitybdd.core.photography.Darkroom - Send negative for processing for target\site\serenity\ce6ba26fa1904576b7cfc5af0322da3c36b92d6f5a4a9d12c8f16be849ea91cd.png
10:08:53.416 [Driver Command Executor] DEBUG org.asynchttpclient.netty.request.NettyRequestSender - Using pooled Channel '[id: 0x97bd2fed, L:/127.0.0.1:54285 - R:localhost/127.0.0.1:54708]' for 'DELETE' to 'http://localhost:54708/session/bbe12ab5-d55d-4de2-9b06-25f1d7fc8037'
10:08:53.416 [Driver Command Executor] DEBUG org.asynchttpclient.netty.request.NettyRequestSender - Using open Channel [id: 0x97bd2fed, L:/127.0.0.1:54285 - R:localhost/127.0.0.1:54708] for DELETE '/session/bbe12ab5-d55d-4de2-9b06-25f1d7fc8037'
10:08:54.954 [AsyncHttpClient-1-12] DEBUG org.asynchttpclient.netty.handler.HttpHandler - 

Request DefaultFullHttpRequest(decodeResult: success, version: HTTP/1.1, content: EmptyByteBufBE)
DELETE /session/bbe12ab5-d55d-4de2-9b06-25f1d7fc8037 HTTP/1.1
User-Agent: selenium/4.1.2 (java windows)
Content-Type: application/json; charset=utf-8
host: localhost:54708
accept: */*

Response DefaultHttpResponse(decodeResult: success, version: HTTP/1.1)
HTTP/1.1 200 OK
content-type: application/json; charset=utf-8
cache-control: no-cache
date: Mon, 10 Apr 2023 03:08:53 GMT
content-length: 14

10:08:54.955 [AsyncHttpClient-1-12] DEBUG org.asynchttpclient.netty.channel.ChannelManager - Adding key: http://localhost:54708 for channel [id: 0x97bd2fed, L:/127.0.0.1:54285 - R:localhost/127.0.0.1:54708]
10:08:54.956 [AsyncHttpClient-1-12] DEBUG org.asynchttpclient.netty.handler.HttpHandler - Unexpected I/O exception on channel [id: 0x97bd2fed, L:/127.0.0.1:54285 - R:localhost/127.0.0.1:54708]
java.net.SocketException: Connection reset
	at java.base/sun.nio.ch.SocketChannelImpl.throwConnectionReset(SocketChannelImpl.java:345)
	at java.base/sun.nio.ch.SocketChannelImpl.read(SocketChannelImpl.java:376)
	at io.netty.buffer.PooledByteBuf.setBytes(PooledByteBuf.java:258)
	at io.netty.buffer.AbstractByteBuf.writeBytes(AbstractByteBuf.java:1132)
	at io.netty.channel.socket.nio.NioSocketChannel.doReadBytes(NioSocketChannel.java:350)
	at io.netty.channel.nio.AbstractNioByteChannel$NioByteUnsafe.read(AbstractNioByteChannel.java:151)
	at io.netty.channel.nio.NioEventLoop.processSelectedKey(NioEventLoop.java:722)
	at io.netty.channel.nio.NioEventLoop.processSelectedKeysOptimized(NioEventLoop.java:658)
	at io.netty.channel.nio.NioEventLoop.processSelectedKeys(NioEventLoop.java:584)
	at io.netty.channel.nio.NioEventLoop.run(NioEventLoop.java:496)
	at io.netty.util.concurrent.SingleThreadEventExecutor$4.run(SingleThreadEventExecutor.java:986)
	at io.netty.util.internal.ThreadExecutorMap$2.run(ThreadExecutorMap.java:74)
	at io.netty.util.concurrent.FastThreadLocalRunnable.run(FastThreadLocalRunnable.java:30)
	at java.base/java.lang.Thread.run(Thread.java:830)
10:08:54.956 [AsyncHttpClient-1-12] DEBUG org.asynchttpclient.netty.channel.ChannelManager - Closing Channel [id: 0x97bd2fed, L:/127.0.0.1:54285 - R:localhost/127.0.0.1:54708] 
10:08:54.957 [AsyncHttpClient-1-12] DEBUG org.asynchttpclient.netty.handler.HttpHandler - Channel Closed: [id: 0x97bd2fed, L:/127.0.0.1:54285 ! R:localhost/127.0.0.1:54708] with attribute DISCARD
]]></system-out>
    <system-err><![CDATA[1681096126151	geckodriver	INFO	Listening on 127.0.0.1:54708
1681096126656	mozrunner::runner	INFO	Running command: "C:\\Program Files\\Mozilla Firefox\\firefox.exe" "--marionette" "" "--remote-debugging-port" "62814" "--remote-allow-hosts" "localhost" "-no-remote" "-profile" "C:\\Users\\alwi\\AppData\\Local\\Temp\\rust_mozprofile6Lg74P"
console.warn: services.settings: Ignoring preference override of remote settings server
console.warn: services.settings: Allow by setting MOZ_REMOTE_SETTINGS_DEVTOOLS=1 in the environment
1681096126998	Marionette	INFO	Marionette enabled
Dynamically enable window occlusion 0
1681096127003	Marionette	INFO	Listening on port 54290
WebDriver BiDi listening on ws://127.0.0.1:62814
Read port: 54290
1681096127258	RemoteAgent	WARN	TLS certificate errors will be ignored for this session
console.warn: SearchSettings: "get: No settings file exists, new profile?" (new NotFoundError("Could not open the file at C:\\Users\\alwi\\AppData\\Local\\Temp\\rust_mozprofile6Lg74P\\search.json.mozlz4", (void 0)))
DevTools listening on ws://127.0.0.1:62814/devtools/browser/6df56dba-925f-4c94-8f30-7d1dd76b1248
Apr 10, 2023 10:08:49 AM org.openqa.selenium.remote.ProtocolHandshake createSession
INFO: Detected dialect: W3C
JavaScript warning: https://www.uniqlo.com/Mx95Yd/biG/Wo_/8-IanA/Vu7EGJtwEh/el0ZAQ/aiE/QAlg7T10, line 1: unreachable code after return statement
JavaScript warning: https://www.uniqlo.com/Mx95Yd/biG/Wo_/8-IanA/Vu7EGJtwEh/el0ZAQ/aiE/QAlg7T10, line 1: WEBGL_debug_renderer_info is deprecated in Firefox and will be removed. Please use RENDERER.
JavaScript warning: https://www.uniqlo.com/id/elgnisolqinu.js?async&seed=AIAnG2mHAQAAp6_kQ-NvC4pDCvZJooQGzCoxcLZ3CqwiSlxvcp_1EokMlmcT&x-i1ysm4mm--z=q, line 1: WEBGL_debug_renderer_info is deprecated in Firefox and will be removed. Please use RENDERER.
1681096133435	Marionette	INFO	Stopped listening on port 54290
Dynamically enable window occlusion 1
WARNING: A blocker encountered an error while we were waiting.
          Blocker:  Waiting for ping task
          Phase: TelemetryController: Waiting for pending ping activity
          State: (none)
WARNING: Error: Phase "profile-before-change" is finished, it is too late to register completion condition "OS.File: flush I/O queued before profileBeforeChange"
WARNING: addBlocker@resource://gre/modules/AsyncShutdown.sys.mjs:727:15
addBlocker@resource://gre/modules/AsyncShutdown.sys.mjs:523:26
addBlocker@resource://gre/modules/AsyncShutdown.sys.mjs:458:15
setupShutdown@resource://gre/modules/osfile/osfile_async_front.jsm:1548:28
@resource://gre/modules/osfile/osfile_async_front.jsm:1568:16
@resource://gre/modules/osfile.jsm:12:30
@resource://gre/modules/TelemetryStorage.sys.mjs:10:28
_checkPendingPings@resource://gre/modules/TelemetrySend.sys.mjs:863:17
setup@resource://gre/modules/TelemetrySend.sys.mjs:803:18
setup@resource://gre/modules/TelemetrySend.sys.mjs:241:30
setupTelemetry/this._delayedInitTask<@resource://gre/modules/TelemetryControllerParent.sys.mjs:828:36
observe@resource://gre/modules/AsyncShutdown.sys.mjs:576:16

console.error: "TelemetryScheduler.shutdown - Already shut down"
WARNING: A blocker encountered an error while we were waiting.
          Blocker:  Waiting for ping task
          Phase: TelemetryController: Waiting for pending ping activity
          State: (none)
WARNING: Error: Phase "profile-before-change" is finished, it is too late to register completion condition "OS.File: flush I/O queued before profileBeforeChange"
WARNING: addBlocker@resource://gre/modules/AsyncShutdown.sys.mjs:727:15
addBlocker@resource://gre/modules/AsyncShutdown.sys.mjs:523:26
addBlocker@resource://gre/modules/AsyncShutdown.sys.mjs:458:15
setupShutdown@resource://gre/modules/osfile/osfile_async_front.jsm:1548:28
@resource://gre/modules/osfile/osfile_async_front.jsm:1568:16
@resource://gre/modules/osfile.jsm:12:30
@resource://gre/modules/TelemetryStorage.sys.mjs:10:28
_checkPendingPings@resource://gre/modules/TelemetrySend.sys.mjs:863:17
setup@resource://gre/modules/TelemetrySend.sys.mjs:803:18
setup@resource://gre/modules/TelemetrySend.sys.mjs:241:30
setupTelemetry/this._delayedInitTask<@resource://gre/modules/TelemetryControllerParent.sys.mjs:828:36
observe@resource://gre/modules/AsyncShutdown.sys.mjs:576:16

WARNING: A blocker encountered an error while we were waiting.
          Blocker:  Waiting for ping task
          Phase: TelemetryController: Waiting for pending ping activity
          State: (none)
WARNING: Error: Phase "profile-before-change" is finished, it is too late to register completion condition "OS.File: flush I/O queued before profileBeforeChange"
WARNING: addBlocker@resource://gre/modules/AsyncShutdown.sys.mjs:727:15
addBlocker@resource://gre/modules/AsyncShutdown.sys.mjs:523:26
addBlocker@resource://gre/modules/AsyncShutdown.sys.mjs:458:15
setupShutdown@resource://gre/modules/osfile/osfile_async_front.jsm:1548:28
@resource://gre/modules/osfile/osfile_async_front.jsm:1568:16
@resource://gre/modules/osfile.jsm:12:30
@resource://gre/modules/TelemetryStorage.sys.mjs:10:28
_checkPendingPings@resource://gre/modules/TelemetrySend.sys.mjs:863:17
setup@resource://gre/modules/TelemetrySend.sys.mjs:803:18
setup@resource://gre/modules/TelemetrySend.sys.mjs:241:30
setupTelemetry/this._delayedInitTask<@resource://gre/modules/TelemetryControllerParent.sys.mjs:828:36
observe@resource://gre/modules/AsyncShutdown.sys.mjs:576:16

WARNING: A blocker encountered an error while we were waiting.
          Blocker:  TelemetryController: shutting down
          Phase: profile-before-change-telemetry
          State: Error getting state: Error: Phase "profile-before-change" is finished, it is too late to register completion condition "OS.File: flush I/O queued before profileBeforeChange" at addBlocker@resource://gre/modules/AsyncShutdown.sys.mjs:727:15
addBlocker@resource://gre/modules/AsyncShutdown.sys.mjs:523:26
addBlocker@resource://gre/modules/AsyncShutdown.sys.mjs:458:15
setupShutdown@resource://gre/modules/osfile/osfile_async_front.jsm:1548:28
@resource://gre/modules/osfile/osfile_async_front.jsm:1568:16
@resource://gre/modules/osfile.jsm:12:30
@resource://gre/modules/TelemetryStorage.sys.mjs:10:28
_checkPendingPings@resource://gre/modules/TelemetrySend.sys.mjs:863:17
setup@resource://gre/modules/TelemetrySend.sys.mjs:803:18
setup@resource://gre/modules/TelemetrySend.sys.mjs:241:30
setupTelemetry/this._delayedInitTask<@resource://gre/modules/TelemetryControllerParent.sys.mjs:828:36
observe@resource://gre/modules/AsyncShutdown.sys.mjs:576:16

WARNING: Error: Phase "profile-before-change" is finished, it is too late to register completion condition "OS.File: flush I/O queued before profileBeforeChange"
WARNING: addBlocker@resource://JgarvaeS/cmordiulpets /AsynecrShrutodorwn:.s ysr.mjse:s7o2u7:r1c5e
:ad/d/Bglorcker@reeso/urmceo:/d/gurel/moedsul/esA/sAsyynnccSShhutudotwnd.osyws.mnj.s:5s23y:2s6.
madjdsBl,o clkienr@er es7ou2rc7e://:gr e/Emordurleosr/A:s ynPcShhuatsdoewn ."sys.pmjrso:4f5i8l:1e5-
sbeetfupoSrhuet-dcohwann@rgeseou"r cie:s/ /gfrinies/hmeoddu,l eis/tos fiisl e/toosof illaet_aes yntc_of rornetg.jisms:t1e54r8 :c2o8m
p@rleestouirocen:/ /cgroe/nmodidutlieso/ons fi"lOeS/o.sfFiile_lasey:n c_fflruonts.hjs mI:/156O8: 16q
u@reeusoeurdc e:b/e/fgroer/emo dpurloes/ofsfiillee.jBsem:f12o:3r0eC
@hraensoguerc"e:
//gre/modules/TelemetryStorage.Jsyas.vmjasS:1c0r:28i
_pcth eecrkrPoern:di nrgPinegsso@urersce://gre/modules/AsynocuSrhcue:t/d/ogwrne./smyodsul.ems/jTse,le meltinrey Se7n2d7.:s yEs.rmjsr:o8r6:3 :P17h
asseet u"pp@rreosfoiulrece-:b/e/gfreo/rmoedu-lecsh/aTneglee"m eitsr yfSeindn.issysh.mejsd:,8 0i3:t1 8
siestu pt@oreoso ulrcaet:/e/ gtreo/ mrodeugliess/tTeelrem ectorymSepnlde.styiso.nm jcs:o2n41d:i3t0i
osent up"TOSel.eFmietryl/et:h isf.l_dueslha yeId/IOni tqTuaesuke<@dr esbouerfceo:r//egr ep/rmoofileBefodreChualnegse/"Te
JlemetryaCvoanStcrroillpetr ePrarreor:n rte.ssoyusr.cmej:s/:/8g2re8/:m3o6du
leso/bsAseryvne@cresSohuurtdcowen:./s/ysgre./mmojdsu,l els/iAnsey n7c2S7h: uEtrdroowrn:. Pshyass.em js":p5r7o6fi:l1e6-b
ef
ore-change" is finished, it is too late to register completion condition "OS.File: flush I/O queued before profileBeforeChange"
JavaScript error: resource://gre/modules/AsyncShutdown.sys.mjs, line 727: Error: Phase "profile-before-change" is finished, it is too late to register completion condition "OS.File: flush I/O queued before profileBeforeChange"
JavaScript error: resource://gre/modules/AsyncShutdown.sys.mjs, line 727: Error: Phase "profile-before-change" is finished, it is too late to register completion condition "OS.File: flush I/O queued before profileBeforeChange"
JavaScript error: resource://gre/modules/AsyncShutdown.sys.mjs, line 727: Error: Phase "profile-before-change" is finished, it is too late to register completion condition "OS.File: flush I/O queued before profileBeforeChange"
]]></system-err>
  </testcase>
  <testcase name="Fitur Menu Baby #6" classname="Baby" time="9.079">
    <system-out><![CDATA[
@baby
Scenario Outline: Fitur Menu Baby &amp#27;[90m# src/test/resources/features/Baby.feature:18&amp#27;[0m
10:08:55.026 [main] INFO io.cucumber.core.plugin.SerenityReporter - Running feature from file:///C:/Users/alwi/IdeaProjects/uniqloweb/src/test/resources/features/Baby.feature
10:08:55.044 [main] INFO net.serenitybdd.core.webdriver.driverproviders.FirefoxDriverProvider - Using automatically driver download
10:08:55.141 [main] DEBUG io.github.bonigarcia.wdm.cache.ResolutionCache - Resolution firefox=111 in cache (valid until 10:32:56 10/04/2023 WIB)
10:08:55.145 [main] DEBUG io.github.bonigarcia.wdm.cache.ResolutionCache - Resolution firefox111=0.32.2 in cache (valid until 19:30:50 10/04/2023 WIB)
10:08:55.146 [main] INFO io.github.bonigarcia.wdm.WebDriverManager - Using geckodriver 0.32.2 (resolved driver for Firefox 111)
10:08:55.158 [main] DEBUG io.github.bonigarcia.wdm.WebDriverManager - Driver geckodriver 0.32.2 found in cache
10:08:55.159 [main] INFO io.github.bonigarcia.wdm.WebDriverManager - Exporting webdriver.gecko.driver as C:\Users\alwi\.cache\selenium\geckodriver\win64\0.32.2\geckodriver.exe
10:08:55.171 [main] DEBUG net.serenitybdd.core.webdriver.driverproviders.ProvideNewDriver - Instantiating driver
10:08:55.171 [main] DEBUG net.serenitybdd.core.webdriver.driverproviders.ProvideNewDriver - Driver capabilities: Capabilities {acceptInsecureCerts: true, browserName: firefox, moz:debuggerAddress: true, moz:firefoxOptions: {args: [], profile: UEsDBBQACAgIABtRilYAAAAAAAA...}}
10:08:55.706 [AsyncHttpClient-1-14] DEBUG org.asynchttpclient.netty.channel.NettyConnectListener - Using new Channel '[id: 0x0f661164, L:/127.0.0.1:54385 - R:localhost/127.0.0.1:52817]' for 'POST' to '/session'
10:08:56.024 [AsyncHttpClient-1-1] DEBUG org.asynchttpclient.netty.channel.DefaultChannelPool - Entry count for : http://localhost:54708 : 1
10:08:56.024 [AsyncHttpClient-1-1] DEBUG org.asynchttpclient.netty.channel.DefaultChannelPool - Adding Candidate expired Channel [id: 0x97bd2fed, L:/127.0.0.1:54285 ! R:localhost/127.0.0.1:54708] isIdleTimeoutExpired=false isRemotelyClosed=true isTtlExpired=false
10:08:56.024 [AsyncHttpClient-1-1] DEBUG org.asynchttpclient.netty.channel.DefaultChannelPool - Closing Idle Channel [id: 0x97bd2fed, L:/127.0.0.1:54285 ! R:localhost/127.0.0.1:54708]
10:08:56.024 [AsyncHttpClient-1-1] DEBUG org.asynchttpclient.netty.channel.DefaultChannelPool - Closed 1 connections out of 1 in 0 ms
10:08:57.995 [AsyncHttpClient-1-14] DEBUG org.asynchttpclient.netty.handler.HttpHandler - 

Request DefaultHttpRequest(decodeResult: success, version: HTTP/1.1)
POST /session HTTP/1.1
User-Agent: selenium/4.1.2 (java windows)
Content-Length: 3673
Content-Type: application/json; charset=utf-8
host: localhost:52817
accept: */*

Response DefaultHttpResponse(decodeResult: success, version: HTTP/1.1)
HTTP/1.1 200 OK
content-type: application/json; charset=utf-8
cache-control: no-cache
date: Mon, 10 Apr 2023 03:08:55 GMT
content-length: 789

10:08:57.995 [AsyncHttpClient-1-14] DEBUG org.asynchttpclient.netty.channel.ChannelManager - Adding key: http://localhost:52817 for channel [id: 0x0f661164, L:/127.0.0.1:54385 - R:localhost/127.0.0.1:52817]
10:08:58.005 [AsyncHttpClient-1-15] DEBUG org.asynchttpclient.netty.channel.NettyConnectListener - Using new Channel '[id: 0x8406791e, L:/127.0.0.1:54400 - R:/127.0.0.1:60210]' for 'GET' to '/json/version'
10:08:58.012 [AsyncHttpClient-1-15] DEBUG org.asynchttpclient.netty.handler.HttpHandler - 

Request DefaultFullHttpRequest(decodeResult: success, version: HTTP/1.1, content: EmptyByteBufBE)
GET /json/version HTTP/1.1
User-Agent: selenium/4.1.2 (java windows)
host: 127.0.0.1:60210
accept: */*

Response DefaultHttpResponse(decodeResult: success, version: HTTP/1.1)
HTTP/1.1 200 OK
content-type: application/json
connection: close
server: httpd.js
date: Mon, 10 Apr 2023 03:08:58 GMT
content-length: 311

10:08:58.013 [AsyncHttpClient-1-15] DEBUG org.asynchttpclient.netty.channel.ChannelManager - Closing Channel [id: 0x8406791e, L:/127.0.0.1:54400 - R:/127.0.0.1:60210] 
10:08:58.013 [AsyncHttpClient-1-15] DEBUG org.asynchttpclient.netty.handler.HttpHandler - Channel Closed: [id: 0x8406791e, L:/127.0.0.1:54400 ! R:/127.0.0.1:60210] with attribute DISCARD
10:08:58.015 [Forwarding get on session b41b7023-69ae-4514-ba67-a1c54be86101 to remote] DEBUG org.asynchttpclient.netty.request.NettyRequestSender - Using pooled Channel '[id: 0x0f661164, L:/127.0.0.1:54385 - R:localhost/127.0.0.1:52817]' for 'POST' to 'http://localhost:52817/session/b41b7023-69ae-4514-ba67-a1c54be86101/url'
10:08:58.015 [Forwarding get on session b41b7023-69ae-4514-ba67-a1c54be86101 to remote] DEBUG org.asynchttpclient.netty.request.NettyRequestSender - Using open Channel [id: 0x0f661164, L:/127.0.0.1:54385 - R:localhost/127.0.0.1:52817] for POST '/session/b41b7023-69ae-4514-ba67-a1c54be86101/url'
10:09:00.272 [AsyncHttpClient-1-14] DEBUG org.asynchttpclient.netty.handler.HttpHandler - 

Request DefaultHttpRequest(decodeResult: success, version: HTTP/1.1)
POST /session/b41b7023-69ae-4514-ba67-a1c54be86101/url HTTP/1.1
User-Agent: selenium/4.1.2 (java windows)
Content-Length: 69
Content-Type: application/json; charset=utf-8
host: localhost:52817
accept: */*

Response DefaultHttpResponse(decodeResult: success, version: HTTP/1.1)
HTTP/1.1 200 OK
content-type: application/json; charset=utf-8
cache-control: no-cache
date: Mon, 10 Apr 2023 03:08:57 GMT
content-length: 14

10:09:00.272 [AsyncHttpClient-1-14] DEBUG org.asynchttpclient.netty.channel.ChannelManager - Adding key: http://localhost:52817 for channel [id: 0x0f661164, L:/127.0.0.1:54385 - R:localhost/127.0.0.1:52817]
10:09:00.274 [Forwarding setTimeout on session b41b7023-69ae-4514-ba67-a1c54be86101 to remote] DEBUG org.asynchttpclient.netty.request.NettyRequestSender - Using pooled Channel '[id: 0x0f661164, L:/127.0.0.1:54385 - R:localhost/127.0.0.1:52817]' for 'POST' to 'http://localhost:52817/session/b41b7023-69ae-4514-ba67-a1c54be86101/timeouts'
10:09:00.274 [Forwarding setTimeout on session b41b7023-69ae-4514-ba67-a1c54be86101 to remote] DEBUG org.asynchttpclient.netty.request.NettyRequestSender - Using open Channel [id: 0x0f661164, L:/127.0.0.1:54385 - R:localhost/127.0.0.1:52817] for POST '/session/b41b7023-69ae-4514-ba67-a1c54be86101/timeouts'
10:09:00.277 [AsyncHttpClient-1-14] DEBUG org.asynchttpclient.netty.handler.HttpHandler - 

Request DefaultHttpRequest(decodeResult: success, version: HTTP/1.1)
POST /session/b41b7023-69ae-4514-ba67-a1c54be86101/timeouts HTTP/1.1
User-Agent: selenium/4.1.2 (java windows)
Content-Length: 22
Content-Type: application/json; charset=utf-8
host: localhost:52817
accept: */*

Response DefaultHttpResponse(decodeResult: success, version: HTTP/1.1)
HTTP/1.1 200 OK
content-type: application/json; charset=utf-8
cache-control: no-cache
date: Mon, 10 Apr 2023 03:09:00 GMT
content-length: 14

10:09:00.277 [AsyncHttpClient-1-14] DEBUG org.asynchttpclient.netty.channel.ChannelManager - Adding key: http://localhost:52817 for channel [id: 0x0f661164, L:/127.0.0.1:54385 - R:localhost/127.0.0.1:52817]
10:09:00.284 [Forwarding getCurrentUrl on session b41b7023-69ae-4514-ba67-a1c54be86101 to remote] DEBUG org.asynchttpclient.netty.request.NettyRequestSender - Using pooled Channel '[id: 0x0f661164, L:/127.0.0.1:54385 - R:localhost/127.0.0.1:52817]' for 'GET' to 'http://localhost:52817/session/b41b7023-69ae-4514-ba67-a1c54be86101/url'
10:09:00.284 [Forwarding getCurrentUrl on session b41b7023-69ae-4514-ba67-a1c54be86101 to remote] DEBUG org.asynchttpclient.netty.request.NettyRequestSender - Using open Channel [id: 0x0f661164, L:/127.0.0.1:54385 - R:localhost/127.0.0.1:52817] for GET '/session/b41b7023-69ae-4514-ba67-a1c54be86101/url'
10:09:00.287 [AsyncHttpClient-1-14] DEBUG org.asynchttpclient.netty.handler.HttpHandler - 

Request DefaultFullHttpRequest(decodeResult: success, version: HTTP/1.1, content: EmptyByteBufBE)
GET /session/b41b7023-69ae-4514-ba67-a1c54be86101/url HTTP/1.1
User-Agent: selenium/4.1.2 (java windows)
Cache-Control: no-cache
Content-Type: application/json; charset=utf-8
host: localhost:52817
accept: */*

Response DefaultHttpResponse(decodeResult: success, version: HTTP/1.1)
HTTP/1.1 200 OK
content-type: application/json; charset=utf-8
cache-control: no-cache
date: Mon, 10 Apr 2023 03:09:00 GMT
content-length: 41

10:09:00.287 [AsyncHttpClient-1-14] DEBUG org.asynchttpclient.netty.channel.ChannelManager - Adding key: http://localhost:52817 for channel [id: 0x0f661164, L:/127.0.0.1:54385 - R:localhost/127.0.0.1:52817]
  &amp#27;[32mGiven &amp#27;[0m&amp#27;[32mI am on the home page&amp#27;[0m     &amp#27;[90m# starter.stepdefinitions.BabyStep.iAmOnTheHomePage()&amp#27;[0m
10:09:00.297 [Forwarding screenshot on session b41b7023-69ae-4514-ba67-a1c54be86101 to remote] DEBUG org.asynchttpclient.netty.request.NettyRequestSender - Using pooled Channel '[id: 0x0f661164, L:/127.0.0.1:54385 - R:localhost/127.0.0.1:52817]' for 'GET' to 'http://localhost:52817/session/b41b7023-69ae-4514-ba67-a1c54be86101/screenshot'
10:09:00.297 [Forwarding screenshot on session b41b7023-69ae-4514-ba67-a1c54be86101 to remote] DEBUG org.asynchttpclient.netty.request.NettyRequestSender - Using open Channel [id: 0x0f661164, L:/127.0.0.1:54385 - R:localhost/127.0.0.1:52817] for GET '/session/b41b7023-69ae-4514-ba67-a1c54be86101/screenshot'
10:09:00.551 [AsyncHttpClient-1-14] DEBUG org.asynchttpclient.netty.handler.HttpHandler - 

Request DefaultFullHttpRequest(decodeResult: success, version: HTTP/1.1, content: EmptyByteBufBE)
GET /session/b41b7023-69ae-4514-ba67-a1c54be86101/screenshot HTTP/1.1
User-Agent: selenium/4.1.2 (java windows)
Cache-Control: no-cache
Content-Type: application/json; charset=utf-8
host: localhost:52817
accept: */*

Response DefaultHttpResponse(decodeResult: success, version: HTTP/1.1)
HTTP/1.1 200 OK
content-type: application/json; charset=utf-8
cache-control: no-cache
date: Mon, 10 Apr 2023 03:09:00 GMT
content-length: 94920

10:09:00.551 [AsyncHttpClient-1-14] DEBUG org.asynchttpclient.netty.channel.ChannelManager - Adding key: http://localhost:52817 for channel [id: 0x0f661164, L:/127.0.0.1:54385 - R:localhost/127.0.0.1:52817]
10:09:00.555 [main] DEBUG net.serenitybdd.core.photography.Darkroom - Send negative for processing for target\site\serenity\75896e7bd74eae999ebbc3fad156f45b0238ac9d36f74b86d7136aa14792eed4.png
10:09:00.555 [Darkroom Processing Line] DEBUG net.serenitybdd.core.photography.DarkroomProcessingLine - Processing screenshot image in /var/screenshots/screenshot-10038486989377886802
10:09:00.556 [Darkroom Processing Line] DEBUG net.serenitybdd.core.photography.DarkroomProcessingLine - Saving screenshot to target\site\serenity\75896e7bd74eae999ebbc3fad156f45b0238ac9d36f74b86d7136aa14792eed4.png
10:09:00.564 [Forwarding findElement on session b41b7023-69ae-4514-ba67-a1c54be86101 to remote] DEBUG org.asynchttpclient.netty.request.NettyRequestSender - Using pooled Channel '[id: 0x0f661164, L:/127.0.0.1:54385 - R:localhost/127.0.0.1:52817]' for 'POST' to 'http://localhost:52817/session/b41b7023-69ae-4514-ba67-a1c54be86101/element'
10:09:00.564 [Forwarding findElement on session b41b7023-69ae-4514-ba67-a1c54be86101 to remote] DEBUG org.asynchttpclient.netty.request.NettyRequestSender - Using open Channel [id: 0x0f661164, L:/127.0.0.1:54385 - R:localhost/127.0.0.1:52817] for POST '/session/b41b7023-69ae-4514-ba67-a1c54be86101/element'
10:09:00.987 [AsyncHttpClient-1-14] DEBUG org.asynchttpclient.netty.handler.HttpHandler - 

Request DefaultHttpRequest(decodeResult: success, version: HTTP/1.1)
POST /session/b41b7023-69ae-4514-ba67-a1c54be86101/element HTTP/1.1
User-Agent: selenium/4.1.2 (java windows)
Content-Length: 81
Content-Type: application/json; charset=utf-8
host: localhost:52817
accept: */*

Response DefaultHttpResponse(decodeResult: success, version: HTTP/1.1)
HTTP/1.1 200 OK
content-type: application/json; charset=utf-8
cache-control: no-cache
date: Mon, 10 Apr 2023 03:09:00 GMT
content-length: 88

10:09:00.988 [AsyncHttpClient-1-14] DEBUG org.asynchttpclient.netty.channel.ChannelManager - Adding key: http://localhost:52817 for channel [id: 0x0f661164, L:/127.0.0.1:54385 - R:localhost/127.0.0.1:52817]
10:09:00.990 [Forwarding getElementTagName on session b41b7023-69ae-4514-ba67-a1c54be86101 to remote] DEBUG org.asynchttpclient.netty.request.NettyRequestSender - Using pooled Channel '[id: 0x0f661164, L:/127.0.0.1:54385 - R:localhost/127.0.0.1:52817]' for 'GET' to 'http://localhost:52817/session/b41b7023-69ae-4514-ba67-a1c54be86101/element/4adb9d53-b5ca-46a6-91c1-43de025114f9/name'
10:09:00.990 [Forwarding getElementTagName on session b41b7023-69ae-4514-ba67-a1c54be86101 to remote] DEBUG org.asynchttpclient.netty.request.NettyRequestSender - Using open Channel [id: 0x0f661164, L:/127.0.0.1:54385 - R:localhost/127.0.0.1:52817] for GET '/session/b41b7023-69ae-4514-ba67-a1c54be86101/element/4adb9d53-b5ca-46a6-91c1-43de025114f9/name'
10:09:01.057 [AsyncHttpClient-1-14] DEBUG org.asynchttpclient.netty.handler.HttpHandler - 

Request DefaultFullHttpRequest(decodeResult: success, version: HTTP/1.1, content: EmptyByteBufBE)
GET /session/b41b7023-69ae-4514-ba67-a1c54be86101/element/4adb9d53-b5ca-46a6-91c1-43de025114f9/name HTTP/1.1
User-Agent: selenium/4.1.2 (java windows)
Cache-Control: no-cache
Content-Type: application/json; charset=utf-8
host: localhost:52817
accept: */*

Response DefaultHttpResponse(decodeResult: success, version: HTTP/1.1)
HTTP/1.1 200 OK
content-type: application/json; charset=utf-8
cache-control: no-cache
date: Mon, 10 Apr 2023 03:09:00 GMT
content-length: 16

10:09:01.057 [AsyncHttpClient-1-14] DEBUG org.asynchttpclient.netty.channel.ChannelManager - Adding key: http://localhost:52817 for channel [id: 0x0f661164, L:/127.0.0.1:54385 - R:localhost/127.0.0.1:52817]
10:09:01.061 [Forwarding getElementTagName on session b41b7023-69ae-4514-ba67-a1c54be86101 to remote] DEBUG org.asynchttpclient.netty.request.NettyRequestSender - Using pooled Channel '[id: 0x0f661164, L:/127.0.0.1:54385 - R:localhost/127.0.0.1:52817]' for 'GET' to 'http://localhost:52817/session/b41b7023-69ae-4514-ba67-a1c54be86101/element/4adb9d53-b5ca-46a6-91c1-43de025114f9/name'
10:09:01.061 [Forwarding getElementTagName on session b41b7023-69ae-4514-ba67-a1c54be86101 to remote] DEBUG org.asynchttpclient.netty.request.NettyRequestSender - Using open Channel [id: 0x0f661164, L:/127.0.0.1:54385 - R:localhost/127.0.0.1:52817] for GET '/session/b41b7023-69ae-4514-ba67-a1c54be86101/element/4adb9d53-b5ca-46a6-91c1-43de025114f9/name'
10:09:01.132 [AsyncHttpClient-1-14] DEBUG org.asynchttpclient.netty.handler.HttpHandler - 

Request DefaultFullHttpRequest(decodeResult: success, version: HTTP/1.1, content: EmptyByteBufBE)
GET /session/b41b7023-69ae-4514-ba67-a1c54be86101/element/4adb9d53-b5ca-46a6-91c1-43de025114f9/name HTTP/1.1
User-Agent: selenium/4.1.2 (java windows)
Cache-Control: no-cache
Content-Type: application/json; charset=utf-8
host: localhost:52817
accept: */*

Response DefaultHttpResponse(decodeResult: success, version: HTTP/1.1)
HTTP/1.1 200 OK
content-type: application/json; charset=utf-8
cache-control: no-cache
date: Mon, 10 Apr 2023 03:09:00 GMT
content-length: 16

10:09:01.132 [AsyncHttpClient-1-14] DEBUG org.asynchttpclient.netty.channel.ChannelManager - Adding key: http://localhost:52817 for channel [id: 0x0f661164, L:/127.0.0.1:54385 - R:localhost/127.0.0.1:52817]
10:09:01.135 [Forwarding findElement on session b41b7023-69ae-4514-ba67-a1c54be86101 to remote] DEBUG org.asynchttpclient.netty.request.NettyRequestSender - Using pooled Channel '[id: 0x0f661164, L:/127.0.0.1:54385 - R:localhost/127.0.0.1:52817]' for 'POST' to 'http://localhost:52817/session/b41b7023-69ae-4514-ba67-a1c54be86101/element'
10:09:01.135 [Forwarding findElement on session b41b7023-69ae-4514-ba67-a1c54be86101 to remote] DEBUG org.asynchttpclient.netty.request.NettyRequestSender - Using open Channel [id: 0x0f661164, L:/127.0.0.1:54385 - R:localhost/127.0.0.1:52817] for POST '/session/b41b7023-69ae-4514-ba67-a1c54be86101/element'
10:09:01.200 [AsyncHttpClient-1-14] DEBUG org.asynchttpclient.netty.handler.HttpHandler - 

Request DefaultHttpRequest(decodeResult: success, version: HTTP/1.1)
POST /session/b41b7023-69ae-4514-ba67-a1c54be86101/element HTTP/1.1
User-Agent: selenium/4.1.2 (java windows)
Content-Length: 81
Content-Type: application/json; charset=utf-8
host: localhost:52817
accept: */*

Response DefaultHttpResponse(decodeResult: success, version: HTTP/1.1)
HTTP/1.1 200 OK
content-type: application/json; charset=utf-8
cache-control: no-cache
date: Mon, 10 Apr 2023 03:09:00 GMT
content-length: 88

10:09:01.200 [AsyncHttpClient-1-14] DEBUG org.asynchttpclient.netty.channel.ChannelManager - Adding key: http://localhost:52817 for channel [id: 0x0f661164, L:/127.0.0.1:54385 - R:localhost/127.0.0.1:52817]
10:09:01.203 [Forwarding clickElement on session b41b7023-69ae-4514-ba67-a1c54be86101 to remote] DEBUG org.asynchttpclient.netty.request.NettyRequestSender - Using pooled Channel '[id: 0x0f661164, L:/127.0.0.1:54385 - R:localhost/127.0.0.1:52817]' for 'POST' to 'http://localhost:52817/session/b41b7023-69ae-4514-ba67-a1c54be86101/element/4adb9d53-b5ca-46a6-91c1-43de025114f9/click'
10:09:01.203 [Forwarding clickElement on session b41b7023-69ae-4514-ba67-a1c54be86101 to remote] DEBUG org.asynchttpclient.netty.request.NettyRequestSender - Using open Channel [id: 0x0f661164, L:/127.0.0.1:54385 - R:localhost/127.0.0.1:52817] for POST '/session/b41b7023-69ae-4514-ba67-a1c54be86101/element/4adb9d53-b5ca-46a6-91c1-43de025114f9/click'
10:09:01.936 [AsyncHttpClient-1-14] DEBUG org.asynchttpclient.netty.handler.HttpHandler - 

Request DefaultHttpRequest(decodeResult: success, version: HTTP/1.1)
POST /session/b41b7023-69ae-4514-ba67-a1c54be86101/element/4adb9d53-b5ca-46a6-91c1-43de025114f9/click HTTP/1.1
User-Agent: selenium/4.1.2 (java windows)
Content-Length: 50
Content-Type: application/json; charset=utf-8
host: localhost:52817
accept: */*

Response DefaultHttpResponse(decodeResult: success, version: HTTP/1.1)
HTTP/1.1 200 OK
content-type: application/json; charset=utf-8
cache-control: no-cache
date: Mon, 10 Apr 2023 03:09:00 GMT
content-length: 14

10:09:01.937 [AsyncHttpClient-1-14] DEBUG org.asynchttpclient.netty.channel.ChannelManager - Adding key: http://localhost:52817 for channel [id: 0x0f661164, L:/127.0.0.1:54385 - R:localhost/127.0.0.1:52817]
  &amp#27;[32mThen &amp#27;[0m&amp#27;[32mI click baby on the header&amp#27;[0m &amp#27;[90m# starter.stepdefinitions.BabyStep.iClickBabyOnTheHeader()&amp#27;[0m
10:09:01.945 [Forwarding screenshot on session b41b7023-69ae-4514-ba67-a1c54be86101 to remote] DEBUG org.asynchttpclient.netty.request.NettyRequestSender - Using pooled Channel '[id: 0x0f661164, L:/127.0.0.1:54385 - R:localhost/127.0.0.1:52817]' for 'GET' to 'http://localhost:52817/session/b41b7023-69ae-4514-ba67-a1c54be86101/screenshot'
10:09:01.945 [Forwarding screenshot on session b41b7023-69ae-4514-ba67-a1c54be86101 to remote] DEBUG org.asynchttpclient.netty.request.NettyRequestSender - Using open Channel [id: 0x0f661164, L:/127.0.0.1:54385 - R:localhost/127.0.0.1:52817] for GET '/session/b41b7023-69ae-4514-ba67-a1c54be86101/screenshot'
10:09:02.055 [AsyncHttpClient-1-14] DEBUG org.asynchttpclient.netty.handler.HttpHandler - 

Request DefaultFullHttpRequest(decodeResult: success, version: HTTP/1.1, content: EmptyByteBufBE)
GET /session/b41b7023-69ae-4514-ba67-a1c54be86101/screenshot HTTP/1.1
User-Agent: selenium/4.1.2 (java windows)
Cache-Control: no-cache
Content-Type: application/json; charset=utf-8
host: localhost:52817
accept: */*

Response DefaultHttpResponse(decodeResult: success, version: HTTP/1.1)
HTTP/1.1 200 OK
content-type: application/json; charset=utf-8
cache-control: no-cache
date: Mon, 10 Apr 2023 03:09:01 GMT
content-length: 98024

10:09:02.056 [AsyncHttpClient-1-14] DEBUG org.asynchttpclient.netty.channel.ChannelManager - Adding key: http://localhost:52817 for channel [id: 0x0f661164, L:/127.0.0.1:54385 - R:localhost/127.0.0.1:52817]
10:09:02.061 [main] DEBUG net.serenitybdd.core.photography.Darkroom - Send negative for processing for target\site\serenity\bcb9a8d665d2c58a930e922f816fcc3ebc2aef855b882f3d531e7c9aa320b06d.png
10:09:02.075 [Forwarding findElement on session b41b7023-69ae-4514-ba67-a1c54be86101 to remote] DEBUG org.asynchttpclient.netty.request.NettyRequestSender - Using pooled Channel '[id: 0x0f661164, L:/127.0.0.1:54385 - R:localhost/127.0.0.1:52817]' for 'POST' to 'http://localhost:52817/session/b41b7023-69ae-4514-ba67-a1c54be86101/element'
10:09:02.075 [Forwarding findElement on session b41b7023-69ae-4514-ba67-a1c54be86101 to remote] DEBUG org.asynchttpclient.netty.request.NettyRequestSender - Using open Channel [id: 0x0f661164, L:/127.0.0.1:54385 - R:localhost/127.0.0.1:52817] for POST '/session/b41b7023-69ae-4514-ba67-a1c54be86101/element'
10:09:02.136 [AsyncHttpClient-1-14] DEBUG org.asynchttpclient.netty.handler.HttpHandler - 

Request DefaultHttpRequest(decodeResult: success, version: HTTP/1.1)
POST /session/b41b7023-69ae-4514-ba67-a1c54be86101/element HTTP/1.1
User-Agent: selenium/4.1.2 (java windows)
Content-Length: 104
Content-Type: application/json; charset=utf-8
host: localhost:52817
accept: */*

Response DefaultHttpResponse(decodeResult: success, version: HTTP/1.1)
HTTP/1.1 200 OK
content-type: application/json; charset=utf-8
cache-control: no-cache
date: Mon, 10 Apr 2023 03:09:01 GMT
content-length: 88

10:09:02.136 [AsyncHttpClient-1-14] DEBUG org.asynchttpclient.netty.channel.ChannelManager - Adding key: http://localhost:52817 for channel [id: 0x0f661164, L:/127.0.0.1:54385 - R:localhost/127.0.0.1:52817]
10:09:02.139 [Forwarding getElementTagName on session b41b7023-69ae-4514-ba67-a1c54be86101 to remote] DEBUG org.asynchttpclient.netty.request.NettyRequestSender - Using pooled Channel '[id: 0x0f661164, L:/127.0.0.1:54385 - R:localhost/127.0.0.1:52817]' for 'GET' to 'http://localhost:52817/session/b41b7023-69ae-4514-ba67-a1c54be86101/element/da7e4e5c-dbc7-4290-9b2e-11346f36e38a/name'
10:09:02.139 [Forwarding getElementTagName on session b41b7023-69ae-4514-ba67-a1c54be86101 to remote] DEBUG org.asynchttpclient.netty.request.NettyRequestSender - Using open Channel [id: 0x0f661164, L:/127.0.0.1:54385 - R:localhost/127.0.0.1:52817] for GET '/session/b41b7023-69ae-4514-ba67-a1c54be86101/element/da7e4e5c-dbc7-4290-9b2e-11346f36e38a/name'
10:09:02.148 [AsyncHttpClient-1-14] DEBUG org.asynchttpclient.netty.handler.HttpHandler - 

Request DefaultFullHttpRequest(decodeResult: success, version: HTTP/1.1, content: EmptyByteBufBE)
GET /session/b41b7023-69ae-4514-ba67-a1c54be86101/element/da7e4e5c-dbc7-4290-9b2e-11346f36e38a/name HTTP/1.1
User-Agent: selenium/4.1.2 (java windows)
Cache-Control: no-cache
Content-Type: application/json; charset=utf-8
host: localhost:52817
accept: */*

Response DefaultHttpResponse(decodeResult: success, version: HTTP/1.1)
HTTP/1.1 200 OK
content-type: application/json; charset=utf-8
cache-control: no-cache
date: Mon, 10 Apr 2023 03:09:01 GMT
content-length: 16

10:09:02.148 [AsyncHttpClient-1-14] DEBUG org.asynchttpclient.netty.channel.ChannelManager - Adding key: http://localhost:52817 for channel [id: 0x0f661164, L:/127.0.0.1:54385 - R:localhost/127.0.0.1:52817]
10:09:02.149 [Forwarding getElementTagName on session b41b7023-69ae-4514-ba67-a1c54be86101 to remote] DEBUG org.asynchttpclient.netty.request.NettyRequestSender - Using pooled Channel '[id: 0x0f661164, L:/127.0.0.1:54385 - R:localhost/127.0.0.1:52817]' for 'GET' to 'http://localhost:52817/session/b41b7023-69ae-4514-ba67-a1c54be86101/element/da7e4e5c-dbc7-4290-9b2e-11346f36e38a/name'
10:09:02.150 [Forwarding getElementTagName on session b41b7023-69ae-4514-ba67-a1c54be86101 to remote] DEBUG org.asynchttpclient.netty.request.NettyRequestSender - Using open Channel [id: 0x0f661164, L:/127.0.0.1:54385 - R:localhost/127.0.0.1:52817] for GET '/session/b41b7023-69ae-4514-ba67-a1c54be86101/element/da7e4e5c-dbc7-4290-9b2e-11346f36e38a/name'
10:09:02.273 [AsyncHttpClient-1-14] DEBUG org.asynchttpclient.netty.handler.HttpHandler - 

Request DefaultFullHttpRequest(decodeResult: success, version: HTTP/1.1, content: EmptyByteBufBE)
GET /session/b41b7023-69ae-4514-ba67-a1c54be86101/element/da7e4e5c-dbc7-4290-9b2e-11346f36e38a/name HTTP/1.1
User-Agent: selenium/4.1.2 (java windows)
Cache-Control: no-cache
Content-Type: application/json; charset=utf-8
host: localhost:52817
accept: */*

Response DefaultHttpResponse(decodeResult: success, version: HTTP/1.1)
HTTP/1.1 200 OK
content-type: application/json; charset=utf-8
cache-control: no-cache
date: Mon, 10 Apr 2023 03:09:01 GMT
content-length: 16

10:09:02.274 [AsyncHttpClient-1-14] DEBUG org.asynchttpclient.netty.channel.ChannelManager - Adding key: http://localhost:52817 for channel [id: 0x0f661164, L:/127.0.0.1:54385 - R:localhost/127.0.0.1:52817]
10:09:02.278 [Forwarding findElement on session b41b7023-69ae-4514-ba67-a1c54be86101 to remote] DEBUG org.asynchttpclient.netty.request.NettyRequestSender - Using pooled Channel '[id: 0x0f661164, L:/127.0.0.1:54385 - R:localhost/127.0.0.1:52817]' for 'POST' to 'http://localhost:52817/session/b41b7023-69ae-4514-ba67-a1c54be86101/element'
10:09:02.278 [Forwarding findElement on session b41b7023-69ae-4514-ba67-a1c54be86101 to remote] DEBUG org.asynchttpclient.netty.request.NettyRequestSender - Using open Channel [id: 0x0f661164, L:/127.0.0.1:54385 - R:localhost/127.0.0.1:52817] for POST '/session/b41b7023-69ae-4514-ba67-a1c54be86101/element'
10:09:02.304 [AsyncHttpClient-1-14] DEBUG org.asynchttpclient.netty.handler.HttpHandler - 

Request DefaultHttpRequest(decodeResult: success, version: HTTP/1.1)
POST /session/b41b7023-69ae-4514-ba67-a1c54be86101/element HTTP/1.1
User-Agent: selenium/4.1.2 (java windows)
Content-Length: 104
Content-Type: application/json; charset=utf-8
host: localhost:52817
accept: */*

Response DefaultHttpResponse(decodeResult: success, version: HTTP/1.1)
HTTP/1.1 200 OK
content-type: application/json; charset=utf-8
cache-control: no-cache
date: Mon, 10 Apr 2023 03:09:01 GMT
content-length: 88

10:09:02.304 [AsyncHttpClient-1-14] DEBUG org.asynchttpclient.netty.channel.ChannelManager - Adding key: http://localhost:52817 for channel [id: 0x0f661164, L:/127.0.0.1:54385 - R:localhost/127.0.0.1:52817]
10:09:02.306 [Forwarding clickElement on session b41b7023-69ae-4514-ba67-a1c54be86101 to remote] DEBUG org.asynchttpclient.netty.request.NettyRequestSender - Using pooled Channel '[id: 0x0f661164, L:/127.0.0.1:54385 - R:localhost/127.0.0.1:52817]' for 'POST' to 'http://localhost:52817/session/b41b7023-69ae-4514-ba67-a1c54be86101/element/da7e4e5c-dbc7-4290-9b2e-11346f36e38a/click'
10:09:02.306 [Forwarding clickElement on session b41b7023-69ae-4514-ba67-a1c54be86101 to remote] DEBUG org.asynchttpclient.netty.request.NettyRequestSender - Using open Channel [id: 0x0f661164, L:/127.0.0.1:54385 - R:localhost/127.0.0.1:52817] for POST '/session/b41b7023-69ae-4514-ba67-a1c54be86101/element/da7e4e5c-dbc7-4290-9b2e-11346f36e38a/click'
10:09:02.784 [AsyncHttpClient-1-14] DEBUG org.asynchttpclient.netty.handler.HttpHandler - 

Request DefaultHttpRequest(decodeResult: success, version: HTTP/1.1)
POST /session/b41b7023-69ae-4514-ba67-a1c54be86101/element/da7e4e5c-dbc7-4290-9b2e-11346f36e38a/click HTTP/1.1
User-Agent: selenium/4.1.2 (java windows)
Content-Length: 50
Content-Type: application/json; charset=utf-8
host: localhost:52817
accept: */*

Response DefaultHttpResponse(decodeResult: success, version: HTTP/1.1)
HTTP/1.1 200 OK
content-type: application/json; charset=utf-8
cache-control: no-cache
date: Mon, 10 Apr 2023 03:09:01 GMT
content-length: 14

10:09:02.784 [AsyncHttpClient-1-14] DEBUG org.asynchttpclient.netty.channel.ChannelManager - Adding key: http://localhost:52817 for channel [id: 0x0f661164, L:/127.0.0.1:54385 - R:localhost/127.0.0.1:52817]
  &amp#27;[32mWhen &amp#27;[0m&amp#27;[32mI will go to &amp#27;[0m&amp#27;[32m&amp#27;[1m"onePiece"&amp#27;[0m    &amp#27;[90m# starter.stepdefinitions.BabyStep.iWillGoTo(java.lang.String)&amp#27;[0m
10:09:02.798 [Forwarding screenshot on session b41b7023-69ae-4514-ba67-a1c54be86101 to remote] DEBUG org.asynchttpclient.netty.request.NettyRequestSender - Using pooled Channel '[id: 0x0f661164, L:/127.0.0.1:54385 - R:localhost/127.0.0.1:52817]' for 'GET' to 'http://localhost:52817/session/b41b7023-69ae-4514-ba67-a1c54be86101/screenshot'
10:09:02.798 [Forwarding screenshot on session b41b7023-69ae-4514-ba67-a1c54be86101 to remote] DEBUG org.asynchttpclient.netty.request.NettyRequestSender - Using open Channel [id: 0x0f661164, L:/127.0.0.1:54385 - R:localhost/127.0.0.1:52817] for GET '/session/b41b7023-69ae-4514-ba67-a1c54be86101/screenshot'
10:09:02.958 [AsyncHttpClient-1-14] DEBUG org.asynchttpclient.netty.handler.HttpHandler - 

Request DefaultFullHttpRequest(decodeResult: success, version: HTTP/1.1, content: EmptyByteBufBE)
GET /session/b41b7023-69ae-4514-ba67-a1c54be86101/screenshot HTTP/1.1
User-Agent: selenium/4.1.2 (java windows)
Cache-Control: no-cache
Content-Type: application/json; charset=utf-8
host: localhost:52817
accept: */*

Response DefaultHttpResponse(decodeResult: success, version: HTTP/1.1)
HTTP/1.1 200 OK
content-type: application/json; charset=utf-8
cache-control: no-cache
date: Mon, 10 Apr 2023 03:09:01 GMT
content-length: 78996

10:09:02.959 [AsyncHttpClient-1-14] DEBUG org.asynchttpclient.netty.channel.ChannelManager - Adding key: http://localhost:52817 for channel [id: 0x0f661164, L:/127.0.0.1:54385 - R:localhost/127.0.0.1:52817]
10:09:02.963 [main] DEBUG net.serenitybdd.core.photography.Darkroom - Send negative for processing for target\site\serenity\679fe3e6f3f86a16724abf993c883ccf32b7c61bfa262ea50d9f7550f74a8dc3.png
10:09:02.963 [Darkroom Processing Line] DEBUG net.serenitybdd.core.photography.DarkroomProcessingLine - Processing screenshot image in /var/screenshots/screenshot-16165783134297795579
10:09:02.964 [Darkroom Processing Line] DEBUG net.serenitybdd.core.photography.DarkroomProcessingLine - Saving screenshot to target\site\serenity\679fe3e6f3f86a16724abf993c883ccf32b7c61bfa262ea50d9f7550f74a8dc3.png
  &amp#27;[32mAnd &amp#27;[0m&amp#27;[32mI &amp#27;[0m&amp#27;[32m&amp#27;[1m"txtOnepiece"&amp#27;[0m&amp#27;[32m page&amp#27;[0m        &amp#27;[90m# starter.stepdefinitions.BabyStep.iPage(java.lang.String)&amp#27;[0m
10:09:02.984 [Driver Command Executor] DEBUG org.asynchttpclient.netty.request.NettyRequestSender - Using pooled Channel '[id: 0x0f661164, L:/127.0.0.1:54385 - R:localhost/127.0.0.1:52817]' for 'DELETE' to 'http://localhost:52817/session/b41b7023-69ae-4514-ba67-a1c54be86101'
10:09:02.984 [Driver Command Executor] DEBUG org.asynchttpclient.netty.request.NettyRequestSender - Using open Channel [id: 0x0f661164, L:/127.0.0.1:54385 - R:localhost/127.0.0.1:52817] for DELETE '/session/b41b7023-69ae-4514-ba67-a1c54be86101'
10:09:04.036 [AsyncHttpClient-1-14] DEBUG org.asynchttpclient.netty.handler.HttpHandler - 

Request DefaultFullHttpRequest(decodeResult: success, version: HTTP/1.1, content: EmptyByteBufBE)
DELETE /session/b41b7023-69ae-4514-ba67-a1c54be86101 HTTP/1.1
User-Agent: selenium/4.1.2 (java windows)
Content-Type: application/json; charset=utf-8
host: localhost:52817
accept: */*

Response DefaultHttpResponse(decodeResult: success, version: HTTP/1.1)
HTTP/1.1 200 OK
content-type: application/json; charset=utf-8
cache-control: no-cache
date: Mon, 10 Apr 2023 03:09:02 GMT
content-length: 14

10:09:04.036 [AsyncHttpClient-1-14] DEBUG org.asynchttpclient.netty.channel.ChannelManager - Adding key: http://localhost:52817 for channel [id: 0x0f661164, L:/127.0.0.1:54385 - R:localhost/127.0.0.1:52817]
10:09:04.038 [AsyncHttpClient-1-14] DEBUG org.asynchttpclient.netty.handler.HttpHandler - Unexpected I/O exception on channel [id: 0x0f661164, L:/127.0.0.1:54385 - R:localhost/127.0.0.1:52817]
java.net.SocketException: Connection reset
	at java.base/sun.nio.ch.SocketChannelImpl.throwConnectionReset(SocketChannelImpl.java:345)
	at java.base/sun.nio.ch.SocketChannelImpl.read(SocketChannelImpl.java:376)
	at io.netty.buffer.PooledByteBuf.setBytes(PooledByteBuf.java:258)
	at io.netty.buffer.AbstractByteBuf.writeBytes(AbstractByteBuf.java:1132)
	at io.netty.channel.socket.nio.NioSocketChannel.doReadBytes(NioSocketChannel.java:350)
	at io.netty.channel.nio.AbstractNioByteChannel$NioByteUnsafe.read(AbstractNioByteChannel.java:151)
	at io.netty.channel.nio.NioEventLoop.processSelectedKey(NioEventLoop.java:722)
	at io.netty.channel.nio.NioEventLoop.processSelectedKeysOptimized(NioEventLoop.java:658)
	at io.netty.channel.nio.NioEventLoop.processSelectedKeys(NioEventLoop.java:584)
	at io.netty.channel.nio.NioEventLoop.run(NioEventLoop.java:496)
	at io.netty.util.concurrent.SingleThreadEventExecutor$4.run(SingleThreadEventExecutor.java:986)
	at io.netty.util.internal.ThreadExecutorMap$2.run(ThreadExecutorMap.java:74)
	at io.netty.util.concurrent.FastThreadLocalRunnable.run(FastThreadLocalRunnable.java:30)
	at java.base/java.lang.Thread.run(Thread.java:830)
10:09:04.038 [AsyncHttpClient-1-14] DEBUG org.asynchttpclient.netty.channel.ChannelManager - Closing Channel [id: 0x0f661164, L:/127.0.0.1:54385 - R:localhost/127.0.0.1:52817] 
10:09:04.038 [AsyncHttpClient-1-14] DEBUG org.asynchttpclient.netty.handler.HttpHandler - Channel Closed: [id: 0x0f661164, L:/127.0.0.1:54385 ! R:localhost/127.0.0.1:52817] with attribute DISCARD
]]></system-out>
    <system-err><![CDATA[1681096135224	geckodriver	INFO	Listening on 127.0.0.1:52817
1681096135731	mozrunner::runner	INFO	Running command: "C:\\Program Files\\Mozilla Firefox\\firefox.exe" "--marionette" "" "--remote-debugging-port" "60210" "--remote-allow-hosts" "localhost" "-no-remote" "-profile" "C:\\Users\\alwi\\AppData\\Local\\Temp\\rust_mozprofile3kS3sG"
console.warn: services.settings: Ignoring preference override of remote settings server
console.warn: services.settings: Allow by setting MOZ_REMOTE_SETTINGS_DEVTOOLS=1 in the environment
1681096136065	Marionette	INFO	Marionette enabled
Dynamically enable window occlusion 0
1681096136070	Marionette	INFO	Listening on port 54388
Read port: 54388
WebDriver BiDi listening on ws://127.0.0.1:60210
1681096136195	RemoteAgent	WARN	TLS certificate errors will be ignored for this session
console.warn: SearchSettings: "get: No settings file exists, new profile?" (new NotFoundError("Could not open the file at C:\\Users\\alwi\\AppData\\Local\\Temp\\rust_mozprofile3kS3sG\\search.json.mozlz4", (void 0)))
DevTools listening on ws://127.0.0.1:60210/devtools/browser/167cad27-406e-4325-bc10-368885998e7f
Apr 10, 2023 10:08:57 AM org.openqa.selenium.remote.ProtocolHandshake createSession
INFO: Detected dialect: W3C
JavaScript warning: https://www.uniqlo.com/Mx95Yd/biG/Wo_/8-IanA/Vu7EGJtwEh/el0ZAQ/aiE/QAlg7T10, line 1: unreachable code after return statement
JavaScript warning: https://www.uniqlo.com/Mx95Yd/biG/Wo_/8-IanA/Vu7EGJtwEh/el0ZAQ/aiE/QAlg7T10, line 1: WEBGL_debug_renderer_info is deprecated in Firefox and will be removed. Please use RENDERER.
JavaScript warning: https://www.uniqlo.com/id/elgnisolqinu.js?async&seed=AIAnG2mHAQAAp6_kQ-NvC4pDCvZJooQGzCoxcLZ3CqwiSlxvcp_1EokMlmcT&x-i1ysm4mm--z=q, line 1: WEBGL_debug_renderer_info is deprecated in Firefox and will be removed. Please use RENDERER.
1681096142986	Marionette	INFO	Stopped listening on port 54388
Dynamically enable window occlusion 1
WARNING: A blocker encountered an error while we were waiting.
          Blocker:  Waiting for ping task
          Phase: TelemetryController: Waiting for pending ping activity
          State: (none)
WARNING: Error: Phase "profile-before-change" is finished, it is too late to register completion condition "OS.File: flush I/O queued before profileBeforeChange"
WARNING: addBlocker@resource://gre/modules/AsyncShutdown.sys.mjs:727:15
addBlocker@resource://gre/modules/AsyncShutdown.sys.mjs:523:26
addBlocker@resource://gre/modules/AsyncShutdown.sys.mjs:458:15
setupShutdown@resource://gre/modules/osfile/osfile_async_front.jsm:1548:28
@resource://gre/modules/osfile/osfile_async_front.jsm:1568:16
@resource://gre/modules/osfile.jsm:12:30
@resource://gre/modules/TelemetryStorage.sys.mjs:10:28
_checkPendingPings@resource://gre/modules/TelemetrySend.sys.mjs:863:17
setup@resource://gre/modules/TelemetrySend.sys.mjs:803:18
setup@resource://gre/modules/TelemetrySend.sys.mjs:241:30
setupTelemetry/this._delayedInitTask<@resource://gre/modules/TelemetryControllerParent.sys.mjs:828:36
observe@resource://gre/modules/AsyncShutdown.sys.mjs:576:16

console.error: "TelemetryScheduler.shutdown - Already shut down"
WARNING: A blocker encountered an error while we were waiting.
          Blocker:  Waiting for ping task
          Phase: TelemetryController: Waiting for pending ping activity
          State: (none)
WARNING: Error: Phase "profile-before-change" is finished, it is too late to register completion condition "OS.File: flush I/O queued before profileBeforeChange"
WARNING: addBlocker@resource://gre/modules/AsyncShutdown.sys.mjs:727:15
addBlocker@resource://gre/modules/AsyncShutdown.sys.mjs:523:26
addBlocker@resource://gre/modules/AsyncShutdown.sys.mjs:458:15
setupShutdown@resource://gre/modules/osfile/osfile_async_front.jsm:1548:28
@resource://gre/modules/osfile/osfile_async_front.jsm:1568:16
@resource://gre/modules/osfile.jsm:12:30
@resource://gre/modules/TelemetryStorage.sys.mjs:10:28
_checkPendingPings@resource://gre/modules/TelemetrySend.sys.mjs:863:17
setup@resource://gre/modules/TelemetrySend.sys.mjs:803:18
setup@resource://gre/modules/TelemetrySend.sys.mjs:241:30
setupTelemetry/this._delayedInitTask<@resource://gre/modules/TelemetryControllerParent.sys.mjs:828:36
observe@resource://gre/modules/AsyncShutdown.sys.mjs:576:16

WARNING: A blocker encountered an error while we were waiting.
          Blocker:  Waiting for ping task
          Phase: TelemetryController: Waiting for pending ping activity
          State: (none)
WARNING: Error: Phase "profile-before-change" is finished, it is too late to register completion condition "OS.File: flush I/O queued before profileBeforeChange"
WARNING: addBlocker@resource://gre/modules/AsyncShutdown.sys.mjs:727:15
addBlocker@resource://gre/modules/AsyncShutdown.sys.mjs:523:26
addBlocker@resource://gre/modules/AsyncShutdown.sys.mjs:458:15
setupShutdown@resource://gre/modules/osfile/osfile_async_front.jsm:1548:28
@resource://gre/modules/osfile/osfile_async_front.jsm:1568:16
@resource://gre/modules/osfile.jsm:12:30
@resource://gre/modules/TelemetryStorage.sys.mjs:10:28
_checkPendingPings@resource://gre/modules/TelemetrySend.sys.mjs:863:17
setup@resource://gre/modules/TelemetrySend.sys.mjs:803:18
setup@resource://gre/modules/TelemetrySend.sys.mjs:241:30
setupTelemetry/this._delayedInitTask<@resource://gre/modules/TelemetryControllerParent.sys.mjs:828:36
observe@resource://gre/modules/AsyncShutdown.sys.mjs:576:16

WARNING: A blocker encountered an error while we were waiting.
          Blocker:  TelemetryController: shutting down
          Phase: profile-before-change-telemetry
          State: Error getting state: Error: Phase "profile-before-change" is finished, it is too late to register completion condition "OS.File: flush I/O queued before profileBeforeChange" at addBlocker@resource://gre/modules/AsyncShutdown.sys.mjs:727:15
addBlocker@resource://gre/modules/AsyncShutdown.sys.mjs:523:26
addBlocker@resource://gre/modules/AsyncShutdown.sys.mjs:458:15
setupShutdown@resource://gre/modules/osfile/osfile_async_front.jsm:1548:28
@resource://gre/modules/osfile/osfile_async_front.jsm:1568:16
@resource://gre/modules/osfile.jsm:12:30
@resource://gre/modules/TelemetryStorage.sys.mjs:10:28
_checkPendingPings@resource://gre/modules/TelemetrySend.sys.mjs:863:17
setup@resource://gre/modules/TelemetrySend.sys.mjs:803:18
setup@resource://gre/modules/TelemetrySend.sys.mjs:241:30
setupTelemetry/this._delayedInitTask<@resource://gre/modules/TelemetryControllerParent.sys.mjs:828:36
observe@resource://gre/modules/AsyncShutdown.sys.mjs:576:16

WARNING: Error: Phase "profile-before-change" is finished, it is too late to register completion condition "OS.File: flush I/O queued before profileBeforeChange"
WARNING: addBlocker@resource://gre/modules/AsyncShutdown.sys.mjs:727:15
addBlocker@resource://gre/modules/AsyncShutdown.sys.mjs:523:26
addBlocker@resource://gre/modules/AsyncShutdown.sys.mjs:458:15
setupShutdown@resource://gre/modules/osfile/osfile_async_front.jsm:1548:28
@resource://gre/modules/osfile/osfile_async_front.jsm:1568:16
@resource://gre/modules/osfile.jsm:12:30
@resource://gre/modules/TelemetryStorage.sys.mjs:10:28
_checkPendingPings@resource://gre/modules/TelemetrySend.sys.mjs:863:17
setup@resource://gre/modules/TelemetrySend.sys.mjs:803:18
setup@resource://gre/modules/TelemetrySend.sys.mjs:241:30
setupTelemetry/this._delayedInitTask<@resource://gre/modules/TelemetryControllerParent.sys.mjs:828:36
observe@resource://gre/modules/AsyncShutdown.sys.mjs:576:16

JavaScript error: resource://gre/modules/AsyncShutdown.sys.mjs, line 727: Error: Phase "profile-before-change" is finished, it is too late to register completion condition "OS.File: flush I/O queued before profileBeforeChange"
JavaScript error: resource://gre/modules/AsyncShutdown.sys.mjs, line 727: Error: Phase "profile-before-change" is finished, it is too late to register completion condition "OS.File: flush I/O queued before profileBeforeChange"
JavaScript error: resource://gre/modules/AsyncShutdown.sys.mjs, line 727: Error: Phase "profile-before-change" is finished, it is too late to register completion condition "OS.File: flush I/O queued before profileBeforeChange"
JavaScript error: resource://gre/modules/AsyncShutdown.sys.mjs, line 727: Error: Phase "profile-before-change" is finished, it is too late to register completion condition "OS.File: flush I/O queued before profileBeforeChange"
JavaScript error: resource://gre/modules/AsyncShutdown.sys.mjs, line 727: Error: Phase "profile-before-change" is finished, it is too late to register completion condition "OS.File: flush I/O queued before profileBeforeChange"
JavaScript error: resource://gre/modules/AsyncShutdown.sys.mjs, line 727: Error: Phase "profile-before-change" is finished, it is too late to register completion condition "OS.File: flush I/O queued before profileBeforeChange"
]]></system-err>
  </testcase>
  <testcase name="Fitur Menu Baby #7" classname="Baby" time="9.426">
    <system-out><![CDATA[
@baby
Scenario Outline: Fitur Menu Baby &amp#27;[90m# src/test/resources/features/Baby.feature:19&amp#27;[0m
10:09:04.106 [main] INFO io.cucumber.core.plugin.SerenityReporter - Running feature from file:///C:/Users/alwi/IdeaProjects/uniqloweb/src/test/resources/features/Baby.feature
10:09:04.124 [main] INFO net.serenitybdd.core.webdriver.driverproviders.FirefoxDriverProvider - Using automatically driver download
10:09:04.231 [main] DEBUG io.github.bonigarcia.wdm.cache.ResolutionCache - Resolution firefox=111 in cache (valid until 10:32:56 10/04/2023 WIB)
10:09:04.234 [main] DEBUG io.github.bonigarcia.wdm.cache.ResolutionCache - Resolution firefox111=0.32.2 in cache (valid until 19:30:50 10/04/2023 WIB)
10:09:04.235 [main] INFO io.github.bonigarcia.wdm.WebDriverManager - Using geckodriver 0.32.2 (resolved driver for Firefox 111)
10:09:04.249 [main] DEBUG io.github.bonigarcia.wdm.WebDriverManager - Driver geckodriver 0.32.2 found in cache
10:09:04.250 [main] INFO io.github.bonigarcia.wdm.WebDriverManager - Exporting webdriver.gecko.driver as C:\Users\alwi\.cache\selenium\geckodriver\win64\0.32.2\geckodriver.exe
10:09:04.267 [main] DEBUG net.serenitybdd.core.webdriver.driverproviders.ProvideNewDriver - Instantiating driver
10:09:04.267 [main] DEBUG net.serenitybdd.core.webdriver.driverproviders.ProvideNewDriver - Driver capabilities: Capabilities {acceptInsecureCerts: true, browserName: firefox, moz:debuggerAddress: true, moz:firefoxOptions: {args: [], profile: UEsDBBQACAgIACJRilYAAAAAAAA...}}
10:09:04.804 [AsyncHttpClient-1-16] DEBUG org.asynchttpclient.netty.channel.NettyConnectListener - Using new Channel '[id: 0x11ccead4, L:/127.0.0.1:54467 - R:localhost/127.0.0.1:51927]' for 'POST' to '/session'
10:09:04.828 [AsyncHttpClient-1-1] DEBUG org.asynchttpclient.netty.channel.DefaultChannelPool - Entry count for : http://localhost:52817 : 1
10:09:04.828 [AsyncHttpClient-1-1] DEBUG org.asynchttpclient.netty.channel.DefaultChannelPool - Adding Candidate expired Channel [id: 0x0f661164, L:/127.0.0.1:54385 ! R:localhost/127.0.0.1:52817] isIdleTimeoutExpired=false isRemotelyClosed=true isTtlExpired=false
10:09:04.828 [AsyncHttpClient-1-1] DEBUG org.asynchttpclient.netty.channel.DefaultChannelPool - Closing Idle Channel [id: 0x0f661164, L:/127.0.0.1:54385 ! R:localhost/127.0.0.1:52817]
10:09:04.828 [AsyncHttpClient-1-1] DEBUG org.asynchttpclient.netty.channel.DefaultChannelPool - Closed 1 connections out of 1 in 0 ms
10:09:07.133 [AsyncHttpClient-1-16] DEBUG org.asynchttpclient.netty.handler.HttpHandler - 

Request DefaultHttpRequest(decodeResult: success, version: HTTP/1.1)
POST /session HTTP/1.1
User-Agent: selenium/4.1.2 (java windows)
Content-Length: 3673
Content-Type: application/json; charset=utf-8
host: localhost:51927
accept: */*

Response DefaultHttpResponse(decodeResult: success, version: HTTP/1.1)
HTTP/1.1 200 OK
content-type: application/json; charset=utf-8
cache-control: no-cache
date: Mon, 10 Apr 2023 03:09:04 GMT
content-length: 790

10:09:07.133 [AsyncHttpClient-1-16] DEBUG org.asynchttpclient.netty.channel.ChannelManager - Adding key: http://localhost:51927 for channel [id: 0x11ccead4, L:/127.0.0.1:54467 - R:localhost/127.0.0.1:51927]
10:09:07.142 [AsyncHttpClient-1-17] DEBUG org.asynchttpclient.netty.channel.NettyConnectListener - Using new Channel '[id: 0x1a973fb5, L:/127.0.0.1:54483 - R:/127.0.0.1:61559]' for 'GET' to '/json/version'
10:09:07.149 [AsyncHttpClient-1-17] DEBUG org.asynchttpclient.netty.handler.HttpHandler - 

Request DefaultFullHttpRequest(decodeResult: success, version: HTTP/1.1, content: EmptyByteBufBE)
GET /json/version HTTP/1.1
User-Agent: selenium/4.1.2 (java windows)
host: 127.0.0.1:61559
accept: */*

Response DefaultHttpResponse(decodeResult: success, version: HTTP/1.1)
HTTP/1.1 200 OK
content-type: application/json
connection: close
server: httpd.js
date: Mon, 10 Apr 2023 03:09:07 GMT
content-length: 311

10:09:07.149 [AsyncHttpClient-1-17] DEBUG org.asynchttpclient.netty.channel.ChannelManager - Closing Channel [id: 0x1a973fb5, L:/127.0.0.1:54483 - R:/127.0.0.1:61559] 
10:09:07.149 [AsyncHttpClient-1-17] DEBUG org.asynchttpclient.netty.handler.HttpHandler - Channel Closed: [id: 0x1a973fb5, L:/127.0.0.1:54483 ! R:/127.0.0.1:61559] with attribute DISCARD
10:09:07.153 [Forwarding get on session b5191c8b-6c91-498c-999b-d55ad09d4b6a to remote] DEBUG org.asynchttpclient.netty.request.NettyRequestSender - Using pooled Channel '[id: 0x11ccead4, L:/127.0.0.1:54467 - R:localhost/127.0.0.1:51927]' for 'POST' to 'http://localhost:51927/session/b5191c8b-6c91-498c-999b-d55ad09d4b6a/url'
10:09:07.153 [Forwarding get on session b5191c8b-6c91-498c-999b-d55ad09d4b6a to remote] DEBUG org.asynchttpclient.netty.request.NettyRequestSender - Using open Channel [id: 0x11ccead4, L:/127.0.0.1:54467 - R:localhost/127.0.0.1:51927] for POST '/session/b5191c8b-6c91-498c-999b-d55ad09d4b6a/url'
10:09:09.373 [AsyncHttpClient-1-16] DEBUG org.asynchttpclient.netty.handler.HttpHandler - 

Request DefaultHttpRequest(decodeResult: success, version: HTTP/1.1)
POST /session/b5191c8b-6c91-498c-999b-d55ad09d4b6a/url HTTP/1.1
User-Agent: selenium/4.1.2 (java windows)
Content-Length: 69
Content-Type: application/json; charset=utf-8
host: localhost:51927
accept: */*

Response DefaultHttpResponse(decodeResult: success, version: HTTP/1.1)
HTTP/1.1 200 OK
content-type: application/json; charset=utf-8
cache-control: no-cache
date: Mon, 10 Apr 2023 03:09:07 GMT
content-length: 14

10:09:09.373 [AsyncHttpClient-1-16] DEBUG org.asynchttpclient.netty.channel.ChannelManager - Adding key: http://localhost:51927 for channel [id: 0x11ccead4, L:/127.0.0.1:54467 - R:localhost/127.0.0.1:51927]
10:09:09.375 [Forwarding setTimeout on session b5191c8b-6c91-498c-999b-d55ad09d4b6a to remote] DEBUG org.asynchttpclient.netty.request.NettyRequestSender - Using pooled Channel '[id: 0x11ccead4, L:/127.0.0.1:54467 - R:localhost/127.0.0.1:51927]' for 'POST' to 'http://localhost:51927/session/b5191c8b-6c91-498c-999b-d55ad09d4b6a/timeouts'
10:09:09.376 [Forwarding setTimeout on session b5191c8b-6c91-498c-999b-d55ad09d4b6a to remote] DEBUG org.asynchttpclient.netty.request.NettyRequestSender - Using open Channel [id: 0x11ccead4, L:/127.0.0.1:54467 - R:localhost/127.0.0.1:51927] for POST '/session/b5191c8b-6c91-498c-999b-d55ad09d4b6a/timeouts'
10:09:09.379 [AsyncHttpClient-1-16] DEBUG org.asynchttpclient.netty.handler.HttpHandler - 

Request DefaultHttpRequest(decodeResult: success, version: HTTP/1.1)
POST /session/b5191c8b-6c91-498c-999b-d55ad09d4b6a/timeouts HTTP/1.1
User-Agent: selenium/4.1.2 (java windows)
Content-Length: 22
Content-Type: application/json; charset=utf-8
host: localhost:51927
accept: */*

Response DefaultHttpResponse(decodeResult: success, version: HTTP/1.1)
HTTP/1.1 200 OK
content-type: application/json; charset=utf-8
cache-control: no-cache
date: Mon, 10 Apr 2023 03:09:09 GMT
content-length: 14

10:09:09.379 [AsyncHttpClient-1-16] DEBUG org.asynchttpclient.netty.channel.ChannelManager - Adding key: http://localhost:51927 for channel [id: 0x11ccead4, L:/127.0.0.1:54467 - R:localhost/127.0.0.1:51927]
10:09:09.383 [Forwarding getCurrentUrl on session b5191c8b-6c91-498c-999b-d55ad09d4b6a to remote] DEBUG org.asynchttpclient.netty.request.NettyRequestSender - Using pooled Channel '[id: 0x11ccead4, L:/127.0.0.1:54467 - R:localhost/127.0.0.1:51927]' for 'GET' to 'http://localhost:51927/session/b5191c8b-6c91-498c-999b-d55ad09d4b6a/url'
10:09:09.384 [Forwarding getCurrentUrl on session b5191c8b-6c91-498c-999b-d55ad09d4b6a to remote] DEBUG org.asynchttpclient.netty.request.NettyRequestSender - Using open Channel [id: 0x11ccead4, L:/127.0.0.1:54467 - R:localhost/127.0.0.1:51927] for GET '/session/b5191c8b-6c91-498c-999b-d55ad09d4b6a/url'
10:09:09.395 [AsyncHttpClient-1-16] DEBUG org.asynchttpclient.netty.handler.HttpHandler - 

Request DefaultFullHttpRequest(decodeResult: success, version: HTTP/1.1, content: EmptyByteBufBE)
GET /session/b5191c8b-6c91-498c-999b-d55ad09d4b6a/url HTTP/1.1
User-Agent: selenium/4.1.2 (java windows)
Cache-Control: no-cache
Content-Type: application/json; charset=utf-8
host: localhost:51927
accept: */*

Response DefaultHttpResponse(decodeResult: success, version: HTTP/1.1)
HTTP/1.1 200 OK
content-type: application/json; charset=utf-8
cache-control: no-cache
date: Mon, 10 Apr 2023 03:09:09 GMT
content-length: 41

10:09:09.395 [AsyncHttpClient-1-16] DEBUG org.asynchttpclient.netty.channel.ChannelManager - Adding key: http://localhost:51927 for channel [id: 0x11ccead4, L:/127.0.0.1:54467 - R:localhost/127.0.0.1:51927]
  &amp#27;[32mGiven &amp#27;[0m&amp#27;[32mI am on the home page&amp#27;[0m     &amp#27;[90m# starter.stepdefinitions.BabyStep.iAmOnTheHomePage()&amp#27;[0m
10:09:09.404 [Forwarding screenshot on session b5191c8b-6c91-498c-999b-d55ad09d4b6a to remote] DEBUG org.asynchttpclient.netty.request.NettyRequestSender - Using pooled Channel '[id: 0x11ccead4, L:/127.0.0.1:54467 - R:localhost/127.0.0.1:51927]' for 'GET' to 'http://localhost:51927/session/b5191c8b-6c91-498c-999b-d55ad09d4b6a/screenshot'
10:09:09.404 [Forwarding screenshot on session b5191c8b-6c91-498c-999b-d55ad09d4b6a to remote] DEBUG org.asynchttpclient.netty.request.NettyRequestSender - Using open Channel [id: 0x11ccead4, L:/127.0.0.1:54467 - R:localhost/127.0.0.1:51927] for GET '/session/b5191c8b-6c91-498c-999b-d55ad09d4b6a/screenshot'
10:09:09.739 [AsyncHttpClient-1-16] DEBUG org.asynchttpclient.netty.handler.HttpHandler - 

Request DefaultFullHttpRequest(decodeResult: success, version: HTTP/1.1, content: EmptyByteBufBE)
GET /session/b5191c8b-6c91-498c-999b-d55ad09d4b6a/screenshot HTTP/1.1
User-Agent: selenium/4.1.2 (java windows)
Cache-Control: no-cache
Content-Type: application/json; charset=utf-8
host: localhost:51927
accept: */*

Response DefaultHttpResponse(decodeResult: success, version: HTTP/1.1)
HTTP/1.1 200 OK
content-type: application/json; charset=utf-8
cache-control: no-cache
date: Mon, 10 Apr 2023 03:09:09 GMT
content-length: 94992

10:09:09.740 [AsyncHttpClient-1-16] DEBUG org.asynchttpclient.netty.channel.ChannelManager - Adding key: http://localhost:51927 for channel [id: 0x11ccead4, L:/127.0.0.1:54467 - R:localhost/127.0.0.1:51927]
10:09:09.746 [main] DEBUG net.serenitybdd.core.photography.Darkroom - Send negative for processing for target\site\serenity\37e14560e66bfdca4d8a7c20e00597b1b17bbda2488ada38a2a819d148dc4d12.png
10:09:09.746 [Darkroom Processing Line] DEBUG net.serenitybdd.core.photography.DarkroomProcessingLine - Processing screenshot image in /var/screenshots/screenshot-8048479078441090357
10:09:09.746 [Darkroom Processing Line] DEBUG net.serenitybdd.core.photography.DarkroomProcessingLine - Saving screenshot to target\site\serenity\37e14560e66bfdca4d8a7c20e00597b1b17bbda2488ada38a2a819d148dc4d12.png
10:09:09.759 [Forwarding findElement on session b5191c8b-6c91-498c-999b-d55ad09d4b6a to remote] DEBUG org.asynchttpclient.netty.request.NettyRequestSender - Using pooled Channel '[id: 0x11ccead4, L:/127.0.0.1:54467 - R:localhost/127.0.0.1:51927]' for 'POST' to 'http://localhost:51927/session/b5191c8b-6c91-498c-999b-d55ad09d4b6a/element'
10:09:09.759 [Forwarding findElement on session b5191c8b-6c91-498c-999b-d55ad09d4b6a to remote] DEBUG org.asynchttpclient.netty.request.NettyRequestSender - Using open Channel [id: 0x11ccead4, L:/127.0.0.1:54467 - R:localhost/127.0.0.1:51927] for POST '/session/b5191c8b-6c91-498c-999b-d55ad09d4b6a/element'
10:09:10.148 [AsyncHttpClient-1-16] DEBUG org.asynchttpclient.netty.handler.HttpHandler - 

Request DefaultHttpRequest(decodeResult: success, version: HTTP/1.1)
POST /session/b5191c8b-6c91-498c-999b-d55ad09d4b6a/element HTTP/1.1
User-Agent: selenium/4.1.2 (java windows)
Content-Length: 81
Content-Type: application/json; charset=utf-8
host: localhost:51927
accept: */*

Response DefaultHttpResponse(decodeResult: success, version: HTTP/1.1)
HTTP/1.1 200 OK
content-type: application/json; charset=utf-8
cache-control: no-cache
date: Mon, 10 Apr 2023 03:09:09 GMT
content-length: 88

10:09:10.149 [AsyncHttpClient-1-16] DEBUG org.asynchttpclient.netty.channel.ChannelManager - Adding key: http://localhost:51927 for channel [id: 0x11ccead4, L:/127.0.0.1:54467 - R:localhost/127.0.0.1:51927]
10:09:10.151 [Forwarding getElementTagName on session b5191c8b-6c91-498c-999b-d55ad09d4b6a to remote] DEBUG org.asynchttpclient.netty.request.NettyRequestSender - Using pooled Channel '[id: 0x11ccead4, L:/127.0.0.1:54467 - R:localhost/127.0.0.1:51927]' for 'GET' to 'http://localhost:51927/session/b5191c8b-6c91-498c-999b-d55ad09d4b6a/element/81fef735-7b5e-43be-bac1-d08e13227a63/name'
10:09:10.151 [Forwarding getElementTagName on session b5191c8b-6c91-498c-999b-d55ad09d4b6a to remote] DEBUG org.asynchttpclient.netty.request.NettyRequestSender - Using open Channel [id: 0x11ccead4, L:/127.0.0.1:54467 - R:localhost/127.0.0.1:51927] for GET '/session/b5191c8b-6c91-498c-999b-d55ad09d4b6a/element/81fef735-7b5e-43be-bac1-d08e13227a63/name'
10:09:10.314 [AsyncHttpClient-1-16] DEBUG org.asynchttpclient.netty.handler.HttpHandler - 

Request DefaultFullHttpRequest(decodeResult: success, version: HTTP/1.1, content: EmptyByteBufBE)
GET /session/b5191c8b-6c91-498c-999b-d55ad09d4b6a/element/81fef735-7b5e-43be-bac1-d08e13227a63/name HTTP/1.1
User-Agent: selenium/4.1.2 (java windows)
Cache-Control: no-cache
Content-Type: application/json; charset=utf-8
host: localhost:51927
accept: */*

Response DefaultHttpResponse(decodeResult: success, version: HTTP/1.1)
HTTP/1.1 200 OK
content-type: application/json; charset=utf-8
cache-control: no-cache
date: Mon, 10 Apr 2023 03:09:09 GMT
content-length: 16

10:09:10.314 [AsyncHttpClient-1-16] DEBUG org.asynchttpclient.netty.channel.ChannelManager - Adding key: http://localhost:51927 for channel [id: 0x11ccead4, L:/127.0.0.1:54467 - R:localhost/127.0.0.1:51927]
10:09:10.316 [Forwarding getElementTagName on session b5191c8b-6c91-498c-999b-d55ad09d4b6a to remote] DEBUG org.asynchttpclient.netty.request.NettyRequestSender - Using pooled Channel '[id: 0x11ccead4, L:/127.0.0.1:54467 - R:localhost/127.0.0.1:51927]' for 'GET' to 'http://localhost:51927/session/b5191c8b-6c91-498c-999b-d55ad09d4b6a/element/81fef735-7b5e-43be-bac1-d08e13227a63/name'
10:09:10.316 [Forwarding getElementTagName on session b5191c8b-6c91-498c-999b-d55ad09d4b6a to remote] DEBUG org.asynchttpclient.netty.request.NettyRequestSender - Using open Channel [id: 0x11ccead4, L:/127.0.0.1:54467 - R:localhost/127.0.0.1:51927] for GET '/session/b5191c8b-6c91-498c-999b-d55ad09d4b6a/element/81fef735-7b5e-43be-bac1-d08e13227a63/name'
10:09:10.368 [AsyncHttpClient-1-16] DEBUG org.asynchttpclient.netty.handler.HttpHandler - 

Request DefaultFullHttpRequest(decodeResult: success, version: HTTP/1.1, content: EmptyByteBufBE)
GET /session/b5191c8b-6c91-498c-999b-d55ad09d4b6a/element/81fef735-7b5e-43be-bac1-d08e13227a63/name HTTP/1.1
User-Agent: selenium/4.1.2 (java windows)
Cache-Control: no-cache
Content-Type: application/json; charset=utf-8
host: localhost:51927
accept: */*

Response DefaultHttpResponse(decodeResult: success, version: HTTP/1.1)
HTTP/1.1 200 OK
content-type: application/json; charset=utf-8
cache-control: no-cache
date: Mon, 10 Apr 2023 03:09:09 GMT
content-length: 16

10:09:10.369 [AsyncHttpClient-1-16] DEBUG org.asynchttpclient.netty.channel.ChannelManager - Adding key: http://localhost:51927 for channel [id: 0x11ccead4, L:/127.0.0.1:54467 - R:localhost/127.0.0.1:51927]
10:09:10.373 [Forwarding findElement on session b5191c8b-6c91-498c-999b-d55ad09d4b6a to remote] DEBUG org.asynchttpclient.netty.request.NettyRequestSender - Using pooled Channel '[id: 0x11ccead4, L:/127.0.0.1:54467 - R:localhost/127.0.0.1:51927]' for 'POST' to 'http://localhost:51927/session/b5191c8b-6c91-498c-999b-d55ad09d4b6a/element'
10:09:10.373 [Forwarding findElement on session b5191c8b-6c91-498c-999b-d55ad09d4b6a to remote] DEBUG org.asynchttpclient.netty.request.NettyRequestSender - Using open Channel [id: 0x11ccead4, L:/127.0.0.1:54467 - R:localhost/127.0.0.1:51927] for POST '/session/b5191c8b-6c91-498c-999b-d55ad09d4b6a/element'
10:09:10.385 [AsyncHttpClient-1-16] DEBUG org.asynchttpclient.netty.handler.HttpHandler - 

Request DefaultHttpRequest(decodeResult: success, version: HTTP/1.1)
POST /session/b5191c8b-6c91-498c-999b-d55ad09d4b6a/element HTTP/1.1
User-Agent: selenium/4.1.2 (java windows)
Content-Length: 81
Content-Type: application/json; charset=utf-8
host: localhost:51927
accept: */*

Response DefaultHttpResponse(decodeResult: success, version: HTTP/1.1)
HTTP/1.1 200 OK
content-type: application/json; charset=utf-8
cache-control: no-cache
date: Mon, 10 Apr 2023 03:09:10 GMT
content-length: 88

10:09:10.385 [AsyncHttpClient-1-16] DEBUG org.asynchttpclient.netty.channel.ChannelManager - Adding key: http://localhost:51927 for channel [id: 0x11ccead4, L:/127.0.0.1:54467 - R:localhost/127.0.0.1:51927]
10:09:10.388 [Forwarding clickElement on session b5191c8b-6c91-498c-999b-d55ad09d4b6a to remote] DEBUG org.asynchttpclient.netty.request.NettyRequestSender - Using pooled Channel '[id: 0x11ccead4, L:/127.0.0.1:54467 - R:localhost/127.0.0.1:51927]' for 'POST' to 'http://localhost:51927/session/b5191c8b-6c91-498c-999b-d55ad09d4b6a/element/81fef735-7b5e-43be-bac1-d08e13227a63/click'
10:09:10.388 [Forwarding clickElement on session b5191c8b-6c91-498c-999b-d55ad09d4b6a to remote] DEBUG org.asynchttpclient.netty.request.NettyRequestSender - Using open Channel [id: 0x11ccead4, L:/127.0.0.1:54467 - R:localhost/127.0.0.1:51927] for POST '/session/b5191c8b-6c91-498c-999b-d55ad09d4b6a/element/81fef735-7b5e-43be-bac1-d08e13227a63/click'
10:09:11.041 [AsyncHttpClient-1-16] DEBUG org.asynchttpclient.netty.handler.HttpHandler - 

Request DefaultHttpRequest(decodeResult: success, version: HTTP/1.1)
POST /session/b5191c8b-6c91-498c-999b-d55ad09d4b6a/element/81fef735-7b5e-43be-bac1-d08e13227a63/click HTTP/1.1
User-Agent: selenium/4.1.2 (java windows)
Content-Length: 50
Content-Type: application/json; charset=utf-8
host: localhost:51927
accept: */*

Response DefaultHttpResponse(decodeResult: success, version: HTTP/1.1)
HTTP/1.1 200 OK
content-type: application/json; charset=utf-8
cache-control: no-cache
date: Mon, 10 Apr 2023 03:09:10 GMT
content-length: 14

10:09:11.041 [AsyncHttpClient-1-16] DEBUG org.asynchttpclient.netty.channel.ChannelManager - Adding key: http://localhost:51927 for channel [id: 0x11ccead4, L:/127.0.0.1:54467 - R:localhost/127.0.0.1:51927]
  &amp#27;[32mThen &amp#27;[0m&amp#27;[32mI click baby on the header&amp#27;[0m &amp#27;[90m# starter.stepdefinitions.BabyStep.iClickBabyOnTheHeader()&amp#27;[0m
10:09:11.051 [Forwarding screenshot on session b5191c8b-6c91-498c-999b-d55ad09d4b6a to remote] DEBUG org.asynchttpclient.netty.request.NettyRequestSender - Using pooled Channel '[id: 0x11ccead4, L:/127.0.0.1:54467 - R:localhost/127.0.0.1:51927]' for 'GET' to 'http://localhost:51927/session/b5191c8b-6c91-498c-999b-d55ad09d4b6a/screenshot'
10:09:11.051 [Forwarding screenshot on session b5191c8b-6c91-498c-999b-d55ad09d4b6a to remote] DEBUG org.asynchttpclient.netty.request.NettyRequestSender - Using open Channel [id: 0x11ccead4, L:/127.0.0.1:54467 - R:localhost/127.0.0.1:51927] for GET '/session/b5191c8b-6c91-498c-999b-d55ad09d4b6a/screenshot'
10:09:11.132 [AsyncHttpClient-1-16] DEBUG org.asynchttpclient.netty.handler.HttpHandler - 

Request DefaultFullHttpRequest(decodeResult: success, version: HTTP/1.1, content: EmptyByteBufBE)
GET /session/b5191c8b-6c91-498c-999b-d55ad09d4b6a/screenshot HTTP/1.1
User-Agent: selenium/4.1.2 (java windows)
Cache-Control: no-cache
Content-Type: application/json; charset=utf-8
host: localhost:51927
accept: */*

Response DefaultHttpResponse(decodeResult: success, version: HTTP/1.1)
HTTP/1.1 200 OK
content-type: application/json; charset=utf-8
cache-control: no-cache
date: Mon, 10 Apr 2023 03:09:10 GMT
content-length: 97816

10:09:11.133 [AsyncHttpClient-1-16] DEBUG org.asynchttpclient.netty.channel.ChannelManager - Adding key: http://localhost:51927 for channel [id: 0x11ccead4, L:/127.0.0.1:54467 - R:localhost/127.0.0.1:51927]
10:09:11.137 [main] DEBUG net.serenitybdd.core.photography.Darkroom - Send negative for processing for target\site\serenity\435c6f3db0c6df87c32ed1cee5dac4ede110cea4a7b50e356675198710aab646.png
10:09:11.138 [Darkroom Processing Line] DEBUG net.serenitybdd.core.photography.DarkroomProcessingLine - Processing screenshot image in /var/screenshots/screenshot-14715276389483578312
10:09:11.138 [Darkroom Processing Line] DEBUG net.serenitybdd.core.photography.DarkroomProcessingLine - Saving screenshot to target\site\serenity\435c6f3db0c6df87c32ed1cee5dac4ede110cea4a7b50e356675198710aab646.png
10:09:11.148 [Forwarding findElement on session b5191c8b-6c91-498c-999b-d55ad09d4b6a to remote] DEBUG org.asynchttpclient.netty.request.NettyRequestSender - Using pooled Channel '[id: 0x11ccead4, L:/127.0.0.1:54467 - R:localhost/127.0.0.1:51927]' for 'POST' to 'http://localhost:51927/session/b5191c8b-6c91-498c-999b-d55ad09d4b6a/element'
10:09:11.148 [Forwarding findElement on session b5191c8b-6c91-498c-999b-d55ad09d4b6a to remote] DEBUG org.asynchttpclient.netty.request.NettyRequestSender - Using open Channel [id: 0x11ccead4, L:/127.0.0.1:54467 - R:localhost/127.0.0.1:51927] for POST '/session/b5191c8b-6c91-498c-999b-d55ad09d4b6a/element'
10:09:11.212 [AsyncHttpClient-1-16] DEBUG org.asynchttpclient.netty.handler.HttpHandler - 

Request DefaultHttpRequest(decodeResult: success, version: HTTP/1.1)
POST /session/b5191c8b-6c91-498c-999b-d55ad09d4b6a/element HTTP/1.1
User-Agent: selenium/4.1.2 (java windows)
Content-Length: 104
Content-Type: application/json; charset=utf-8
host: localhost:51927
accept: */*

Response DefaultHttpResponse(decodeResult: success, version: HTTP/1.1)
HTTP/1.1 200 OK
content-type: application/json; charset=utf-8
cache-control: no-cache
date: Mon, 10 Apr 2023 03:09:10 GMT
content-length: 88

10:09:11.212 [AsyncHttpClient-1-16] DEBUG org.asynchttpclient.netty.channel.ChannelManager - Adding key: http://localhost:51927 for channel [id: 0x11ccead4, L:/127.0.0.1:54467 - R:localhost/127.0.0.1:51927]
10:09:11.215 [Forwarding getElementTagName on session b5191c8b-6c91-498c-999b-d55ad09d4b6a to remote] DEBUG org.asynchttpclient.netty.request.NettyRequestSender - Using pooled Channel '[id: 0x11ccead4, L:/127.0.0.1:54467 - R:localhost/127.0.0.1:51927]' for 'GET' to 'http://localhost:51927/session/b5191c8b-6c91-498c-999b-d55ad09d4b6a/element/91fc5ce4-987f-48af-9890-d29de58a33e7/name'
10:09:11.215 [Forwarding getElementTagName on session b5191c8b-6c91-498c-999b-d55ad09d4b6a to remote] DEBUG org.asynchttpclient.netty.request.NettyRequestSender - Using open Channel [id: 0x11ccead4, L:/127.0.0.1:54467 - R:localhost/127.0.0.1:51927] for GET '/session/b5191c8b-6c91-498c-999b-d55ad09d4b6a/element/91fc5ce4-987f-48af-9890-d29de58a33e7/name'
10:09:11.257 [AsyncHttpClient-1-16] DEBUG org.asynchttpclient.netty.handler.HttpHandler - 

Request DefaultFullHttpRequest(decodeResult: success, version: HTTP/1.1, content: EmptyByteBufBE)
GET /session/b5191c8b-6c91-498c-999b-d55ad09d4b6a/element/91fc5ce4-987f-48af-9890-d29de58a33e7/name HTTP/1.1
User-Agent: selenium/4.1.2 (java windows)
Cache-Control: no-cache
Content-Type: application/json; charset=utf-8
host: localhost:51927
accept: */*

Response DefaultHttpResponse(decodeResult: success, version: HTTP/1.1)
HTTP/1.1 200 OK
content-type: application/json; charset=utf-8
cache-control: no-cache
date: Mon, 10 Apr 2023 03:09:10 GMT
content-length: 16

10:09:11.257 [AsyncHttpClient-1-16] DEBUG org.asynchttpclient.netty.channel.ChannelManager - Adding key: http://localhost:51927 for channel [id: 0x11ccead4, L:/127.0.0.1:54467 - R:localhost/127.0.0.1:51927]
10:09:11.258 [Forwarding getElementTagName on session b5191c8b-6c91-498c-999b-d55ad09d4b6a to remote] DEBUG org.asynchttpclient.netty.request.NettyRequestSender - Using pooled Channel '[id: 0x11ccead4, L:/127.0.0.1:54467 - R:localhost/127.0.0.1:51927]' for 'GET' to 'http://localhost:51927/session/b5191c8b-6c91-498c-999b-d55ad09d4b6a/element/91fc5ce4-987f-48af-9890-d29de58a33e7/name'
10:09:11.258 [Forwarding getElementTagName on session b5191c8b-6c91-498c-999b-d55ad09d4b6a to remote] DEBUG org.asynchttpclient.netty.request.NettyRequestSender - Using open Channel [id: 0x11ccead4, L:/127.0.0.1:54467 - R:localhost/127.0.0.1:51927] for GET '/session/b5191c8b-6c91-498c-999b-d55ad09d4b6a/element/91fc5ce4-987f-48af-9890-d29de58a33e7/name'
10:09:11.358 [AsyncHttpClient-1-16] DEBUG org.asynchttpclient.netty.handler.HttpHandler - 

Request DefaultFullHttpRequest(decodeResult: success, version: HTTP/1.1, content: EmptyByteBufBE)
GET /session/b5191c8b-6c91-498c-999b-d55ad09d4b6a/element/91fc5ce4-987f-48af-9890-d29de58a33e7/name HTTP/1.1
User-Agent: selenium/4.1.2 (java windows)
Cache-Control: no-cache
Content-Type: application/json; charset=utf-8
host: localhost:51927
accept: */*

Response DefaultHttpResponse(decodeResult: success, version: HTTP/1.1)
HTTP/1.1 200 OK
content-type: application/json; charset=utf-8
cache-control: no-cache
date: Mon, 10 Apr 2023 03:09:10 GMT
content-length: 16

10:09:11.359 [AsyncHttpClient-1-16] DEBUG org.asynchttpclient.netty.channel.ChannelManager - Adding key: http://localhost:51927 for channel [id: 0x11ccead4, L:/127.0.0.1:54467 - R:localhost/127.0.0.1:51927]
10:09:11.363 [Forwarding findElement on session b5191c8b-6c91-498c-999b-d55ad09d4b6a to remote] DEBUG org.asynchttpclient.netty.request.NettyRequestSender - Using pooled Channel '[id: 0x11ccead4, L:/127.0.0.1:54467 - R:localhost/127.0.0.1:51927]' for 'POST' to 'http://localhost:51927/session/b5191c8b-6c91-498c-999b-d55ad09d4b6a/element'
10:09:11.363 [Forwarding findElement on session b5191c8b-6c91-498c-999b-d55ad09d4b6a to remote] DEBUG org.asynchttpclient.netty.request.NettyRequestSender - Using open Channel [id: 0x11ccead4, L:/127.0.0.1:54467 - R:localhost/127.0.0.1:51927] for POST '/session/b5191c8b-6c91-498c-999b-d55ad09d4b6a/element'
10:09:11.450 [AsyncHttpClient-1-16] DEBUG org.asynchttpclient.netty.handler.HttpHandler - 

Request DefaultHttpRequest(decodeResult: success, version: HTTP/1.1)
POST /session/b5191c8b-6c91-498c-999b-d55ad09d4b6a/element HTTP/1.1
User-Agent: selenium/4.1.2 (java windows)
Content-Length: 104
Content-Type: application/json; charset=utf-8
host: localhost:51927
accept: */*

Response DefaultHttpResponse(decodeResult: success, version: HTTP/1.1)
HTTP/1.1 200 OK
content-type: application/json; charset=utf-8
cache-control: no-cache
date: Mon, 10 Apr 2023 03:09:10 GMT
content-length: 88

10:09:11.450 [AsyncHttpClient-1-16] DEBUG org.asynchttpclient.netty.channel.ChannelManager - Adding key: http://localhost:51927 for channel [id: 0x11ccead4, L:/127.0.0.1:54467 - R:localhost/127.0.0.1:51927]
10:09:11.452 [Forwarding clickElement on session b5191c8b-6c91-498c-999b-d55ad09d4b6a to remote] DEBUG org.asynchttpclient.netty.request.NettyRequestSender - Using pooled Channel '[id: 0x11ccead4, L:/127.0.0.1:54467 - R:localhost/127.0.0.1:51927]' for 'POST' to 'http://localhost:51927/session/b5191c8b-6c91-498c-999b-d55ad09d4b6a/element/91fc5ce4-987f-48af-9890-d29de58a33e7/click'
10:09:11.452 [Forwarding clickElement on session b5191c8b-6c91-498c-999b-d55ad09d4b6a to remote] DEBUG org.asynchttpclient.netty.request.NettyRequestSender - Using open Channel [id: 0x11ccead4, L:/127.0.0.1:54467 - R:localhost/127.0.0.1:51927] for POST '/session/b5191c8b-6c91-498c-999b-d55ad09d4b6a/element/91fc5ce4-987f-48af-9890-d29de58a33e7/click'
10:09:11.893 [AsyncHttpClient-1-16] DEBUG org.asynchttpclient.netty.handler.HttpHandler - 

Request DefaultHttpRequest(decodeResult: success, version: HTTP/1.1)
POST /session/b5191c8b-6c91-498c-999b-d55ad09d4b6a/element/91fc5ce4-987f-48af-9890-d29de58a33e7/click HTTP/1.1
User-Agent: selenium/4.1.2 (java windows)
Content-Length: 50
Content-Type: application/json; charset=utf-8
host: localhost:51927
accept: */*

Response DefaultHttpResponse(decodeResult: success, version: HTTP/1.1)
HTTP/1.1 200 OK
content-type: application/json; charset=utf-8
cache-control: no-cache
date: Mon, 10 Apr 2023 03:09:11 GMT
content-length: 14

10:09:11.893 [AsyncHttpClient-1-16] DEBUG org.asynchttpclient.netty.channel.ChannelManager - Adding key: http://localhost:51927 for channel [id: 0x11ccead4, L:/127.0.0.1:54467 - R:localhost/127.0.0.1:51927]
  &amp#27;[32mWhen &amp#27;[0m&amp#27;[32mI will go to &amp#27;[0m&amp#27;[32m&amp#27;[1m"atasan1"&amp#27;[0m     &amp#27;[90m# starter.stepdefinitions.BabyStep.iWillGoTo(java.lang.String)&amp#27;[0m
10:09:11.902 [Forwarding screenshot on session b5191c8b-6c91-498c-999b-d55ad09d4b6a to remote] DEBUG org.asynchttpclient.netty.request.NettyRequestSender - Using pooled Channel '[id: 0x11ccead4, L:/127.0.0.1:54467 - R:localhost/127.0.0.1:51927]' for 'GET' to 'http://localhost:51927/session/b5191c8b-6c91-498c-999b-d55ad09d4b6a/screenshot'
10:09:11.902 [Forwarding screenshot on session b5191c8b-6c91-498c-999b-d55ad09d4b6a to remote] DEBUG org.asynchttpclient.netty.request.NettyRequestSender - Using open Channel [id: 0x11ccead4, L:/127.0.0.1:54467 - R:localhost/127.0.0.1:51927] for GET '/session/b5191c8b-6c91-498c-999b-d55ad09d4b6a/screenshot'
10:09:12.080 [AsyncHttpClient-1-16] DEBUG org.asynchttpclient.netty.handler.HttpHandler - 

Request DefaultFullHttpRequest(decodeResult: success, version: HTTP/1.1, content: EmptyByteBufBE)
GET /session/b5191c8b-6c91-498c-999b-d55ad09d4b6a/screenshot HTTP/1.1
User-Agent: selenium/4.1.2 (java windows)
Cache-Control: no-cache
Content-Type: application/json; charset=utf-8
host: localhost:51927
accept: */*

Response DefaultHttpResponse(decodeResult: success, version: HTTP/1.1)
HTTP/1.1 200 OK
content-type: application/json; charset=utf-8
cache-control: no-cache
date: Mon, 10 Apr 2023 03:09:11 GMT
content-length: 78972

10:09:12.081 [AsyncHttpClient-1-16] DEBUG org.asynchttpclient.netty.channel.ChannelManager - Adding key: http://localhost:51927 for channel [id: 0x11ccead4, L:/127.0.0.1:54467 - R:localhost/127.0.0.1:51927]
10:09:12.084 [main] DEBUG net.serenitybdd.core.photography.Darkroom - Send negative for processing for target\site\serenity\6c625f980246fbd36840916b4393047ef3ecf3b4373467162e80a5d7982a041a.png
10:09:12.085 [Darkroom Processing Line] DEBUG net.serenitybdd.core.photography.DarkroomProcessingLine - Processing screenshot image in /var/screenshots/screenshot-4470372642235068291
10:09:12.085 [Darkroom Processing Line] DEBUG net.serenitybdd.core.photography.DarkroomProcessingLine - Saving screenshot to target\site\serenity\6c625f980246fbd36840916b4393047ef3ecf3b4373467162e80a5d7982a041a.png
10:09:12.096 [Forwarding findElement on session b5191c8b-6c91-498c-999b-d55ad09d4b6a to remote] DEBUG org.asynchttpclient.netty.request.NettyRequestSender - Using pooled Channel '[id: 0x11ccead4, L:/127.0.0.1:54467 - R:localhost/127.0.0.1:51927]' for 'POST' to 'http://localhost:51927/session/b5191c8b-6c91-498c-999b-d55ad09d4b6a/element'
10:09:12.097 [Forwarding findElement on session b5191c8b-6c91-498c-999b-d55ad09d4b6a to remote] DEBUG org.asynchttpclient.netty.request.NettyRequestSender - Using open Channel [id: 0x11ccead4, L:/127.0.0.1:54467 - R:localhost/127.0.0.1:51927] for POST '/session/b5191c8b-6c91-498c-999b-d55ad09d4b6a/element'
10:09:12.282 [AsyncHttpClient-1-16] DEBUG org.asynchttpclient.netty.handler.HttpHandler - 

Request DefaultHttpRequest(decodeResult: success, version: HTTP/1.1)
POST /session/b5191c8b-6c91-498c-999b-d55ad09d4b6a/element HTTP/1.1
User-Agent: selenium/4.1.2 (java windows)
Content-Length: 88
Content-Type: application/json; charset=utf-8
host: localhost:51927
accept: */*

Response DefaultHttpResponse(decodeResult: success, version: HTTP/1.1)
HTTP/1.1 200 OK
content-type: application/json; charset=utf-8
cache-control: no-cache
date: Mon, 10 Apr 2023 03:09:11 GMT
content-length: 88

10:09:12.282 [AsyncHttpClient-1-16] DEBUG org.asynchttpclient.netty.channel.ChannelManager - Adding key: http://localhost:51927 for channel [id: 0x11ccead4, L:/127.0.0.1:54467 - R:localhost/127.0.0.1:51927]
10:09:12.288 [Forwarding isElementDisplayed on session b5191c8b-6c91-498c-999b-d55ad09d4b6a to remote] DEBUG org.asynchttpclient.netty.request.NettyRequestSender - Using pooled Channel '[id: 0x11ccead4, L:/127.0.0.1:54467 - R:localhost/127.0.0.1:51927]' for 'POST' to 'http://localhost:51927/session/b5191c8b-6c91-498c-999b-d55ad09d4b6a/execute/sync'
10:09:12.288 [Forwarding isElementDisplayed on session b5191c8b-6c91-498c-999b-d55ad09d4b6a to remote] DEBUG org.asynchttpclient.netty.request.NettyRequestSender - Using open Channel [id: 0x11ccead4, L:/127.0.0.1:54467 - R:localhost/127.0.0.1:51927] for POST '/session/b5191c8b-6c91-498c-999b-d55ad09d4b6a/execute/sync'
10:09:12.323 [AsyncHttpClient-1-16] DEBUG org.asynchttpclient.netty.handler.HttpHandler - 

Request DefaultHttpRequest(decodeResult: success, version: HTTP/1.1)
POST /session/b5191c8b-6c91-498c-999b-d55ad09d4b6a/execute/sync HTTP/1.1
User-Agent: selenium/4.1.2 (java windows)
Content-Length: 48780
Content-Type: application/json; charset=utf-8
host: localhost:51927
accept: */*

Response DefaultHttpResponse(decodeResult: success, version: HTTP/1.1)
HTTP/1.1 200 OK
content-type: application/json; charset=utf-8
cache-control: no-cache
date: Mon, 10 Apr 2023 03:09:11 GMT
content-length: 14

10:09:12.324 [AsyncHttpClient-1-16] DEBUG org.asynchttpclient.netty.channel.ChannelManager - Adding key: http://localhost:51927 for channel [id: 0x11ccead4, L:/127.0.0.1:54467 - R:localhost/127.0.0.1:51927]
  &amp#27;[32mAnd &amp#27;[0m&amp#27;[32mI &amp#27;[0m&amp#27;[32m&amp#27;[1m"txtAtasan1"&amp#27;[0m&amp#27;[32m page&amp#27;[0m         &amp#27;[90m# starter.stepdefinitions.BabyStep.iPage(java.lang.String)&amp#27;[0m
10:09:12.329 [Forwarding screenshot on session b5191c8b-6c91-498c-999b-d55ad09d4b6a to remote] DEBUG org.asynchttpclient.netty.request.NettyRequestSender - Using pooled Channel '[id: 0x11ccead4, L:/127.0.0.1:54467 - R:localhost/127.0.0.1:51927]' for 'GET' to 'http://localhost:51927/session/b5191c8b-6c91-498c-999b-d55ad09d4b6a/screenshot'
10:09:12.329 [Forwarding screenshot on session b5191c8b-6c91-498c-999b-d55ad09d4b6a to remote] DEBUG org.asynchttpclient.netty.request.NettyRequestSender - Using open Channel [id: 0x11ccead4, L:/127.0.0.1:54467 - R:localhost/127.0.0.1:51927] for GET '/session/b5191c8b-6c91-498c-999b-d55ad09d4b6a/screenshot'
10:09:12.408 [AsyncHttpClient-1-16] DEBUG org.asynchttpclient.netty.handler.HttpHandler - 

Request DefaultFullHttpRequest(decodeResult: success, version: HTTP/1.1, content: EmptyByteBufBE)
GET /session/b5191c8b-6c91-498c-999b-d55ad09d4b6a/screenshot HTTP/1.1
User-Agent: selenium/4.1.2 (java windows)
Cache-Control: no-cache
Content-Type: application/json; charset=utf-8
host: localhost:51927
accept: */*

Response DefaultHttpResponse(decodeResult: success, version: HTTP/1.1)
HTTP/1.1 200 OK
content-type: application/json; charset=utf-8
cache-control: no-cache
date: Mon, 10 Apr 2023 03:09:11 GMT
content-length: 373844

10:09:12.412 [AsyncHttpClient-1-16] DEBUG org.asynchttpclient.netty.channel.ChannelManager - Adding key: http://localhost:51927 for channel [id: 0x11ccead4, L:/127.0.0.1:54467 - R:localhost/127.0.0.1:51927]
10:09:12.434 [main] DEBUG net.serenitybdd.core.photography.Darkroom - Send negative for processing for target\site\serenity\f96009a20def7a8e5956fc90694dae4ce73a91a5bc81a8a83a3fd6db2d24b846.png
10:09:12.435 [Darkroom Processing Line] DEBUG net.serenitybdd.core.photography.DarkroomProcessingLine - Processing screenshot image in /var/screenshots/screenshot-11867447259203951227
10:09:12.435 [Darkroom Processing Line] DEBUG net.serenitybdd.core.photography.DarkroomProcessingLine - Saving screenshot to target\site\serenity\f96009a20def7a8e5956fc90694dae4ce73a91a5bc81a8a83a3fd6db2d24b846.png
10:09:12.448 [Driver Command Executor] DEBUG org.asynchttpclient.netty.request.NettyRequestSender - Using pooled Channel '[id: 0x11ccead4, L:/127.0.0.1:54467 - R:localhost/127.0.0.1:51927]' for 'DELETE' to 'http://localhost:51927/session/b5191c8b-6c91-498c-999b-d55ad09d4b6a'
10:09:12.448 [Driver Command Executor] DEBUG org.asynchttpclient.netty.request.NettyRequestSender - Using open Channel [id: 0x11ccead4, L:/127.0.0.1:54467 - R:localhost/127.0.0.1:51927] for DELETE '/session/b5191c8b-6c91-498c-999b-d55ad09d4b6a'
10:09:13.467 [AsyncHttpClient-1-16] DEBUG org.asynchttpclient.netty.handler.HttpHandler - 

Request DefaultFullHttpRequest(decodeResult: success, version: HTTP/1.1, content: EmptyByteBufBE)
DELETE /session/b5191c8b-6c91-498c-999b-d55ad09d4b6a HTTP/1.1
User-Agent: selenium/4.1.2 (java windows)
Content-Type: application/json; charset=utf-8
host: localhost:51927
accept: */*

Response DefaultHttpResponse(decodeResult: success, version: HTTP/1.1)
HTTP/1.1 200 OK
content-type: application/json; charset=utf-8
cache-control: no-cache
date: Mon, 10 Apr 2023 03:09:11 GMT
content-length: 14

10:09:13.468 [AsyncHttpClient-1-16] DEBUG org.asynchttpclient.netty.channel.ChannelManager - Adding key: http://localhost:51927 for channel [id: 0x11ccead4, L:/127.0.0.1:54467 - R:localhost/127.0.0.1:51927]
10:09:13.470 [AsyncHttpClient-1-16] DEBUG org.asynchttpclient.netty.handler.HttpHandler - Unexpected I/O exception on channel [id: 0x11ccead4, L:/127.0.0.1:54467 - R:localhost/127.0.0.1:51927]
java.net.SocketException: Connection reset
	at java.base/sun.nio.ch.SocketChannelImpl.throwConnectionReset(SocketChannelImpl.java:345)
	at java.base/sun.nio.ch.SocketChannelImpl.read(SocketChannelImpl.java:376)
	at io.netty.buffer.PooledByteBuf.setBytes(PooledByteBuf.java:258)
	at io.netty.buffer.AbstractByteBuf.writeBytes(AbstractByteBuf.java:1132)
	at io.netty.channel.socket.nio.NioSocketChannel.doReadBytes(NioSocketChannel.java:350)
	at io.netty.channel.nio.AbstractNioByteChannel$NioByteUnsafe.read(AbstractNioByteChannel.java:151)
	at io.netty.channel.nio.NioEventLoop.processSelectedKey(NioEventLoop.java:722)
	at io.netty.channel.nio.NioEventLoop.processSelectedKeysOptimized(NioEventLoop.java:658)
	at io.netty.channel.nio.NioEventLoop.processSelectedKeys(NioEventLoop.java:584)
	at io.netty.channel.nio.NioEventLoop.run(NioEventLoop.java:496)
	at io.netty.util.concurrent.SingleThreadEventExecutor$4.run(SingleThreadEventExecutor.java:986)
	at io.netty.util.internal.ThreadExecutorMap$2.run(ThreadExecutorMap.java:74)
	at io.netty.util.concurrent.FastThreadLocalRunnable.run(FastThreadLocalRunnable.java:30)
	at java.base/java.lang.Thread.run(Thread.java:830)
10:09:13.470 [AsyncHttpClient-1-16] DEBUG org.asynchttpclient.netty.channel.ChannelManager - Closing Channel [id: 0x11ccead4, L:/127.0.0.1:54467 - R:localhost/127.0.0.1:51927] 
10:09:13.470 [AsyncHttpClient-1-16] DEBUG org.asynchttpclient.netty.handler.HttpHandler - Channel Closed: [id: 0x11ccead4, L:/127.0.0.1:54467 ! R:localhost/127.0.0.1:51927] with attribute DISCARD
]]></system-out>
    <system-err><![CDATA[1681096144327	geckodriver	INFO	Listening on 127.0.0.1:51927
1681096144822	mozrunner::runner	INFO	Running command: "C:\\Program Files\\Mozilla Firefox\\firefox.exe" "--marionette" "" "--remote-debugging-port" "61559" "--remote-allow-hosts" "localhost" "-no-remote" "-profile" "C:\\Users\\alwi\\AppData\\Local\\Temp\\rust_mozprofileOSW3aV"
console.warn: services.settings: Ignoring preference override of remote settings server
console.warn: services.settings: Allow by setting MOZ_REMOTE_SETTINGS_DEVTOOLS=1 in the environment
1681096145153	Marionette	INFO	Marionette enabled
Dynamically enable window occlusion 0
1681096145159	Marionette	INFO	Listening on port 54471
Read port: 54471
WebDriver BiDi listening on ws://127.0.0.1:61559
1681096145290	RemoteAgent	WARN	TLS certificate errors will be ignored for this session
console.warn: SearchSettings: "get: No settings file exists, new profile?" (new NotFoundError("Could not open the file at C:\\Users\\alwi\\AppData\\Local\\Temp\\rust_mozprofileOSW3aV\\search.json.mozlz4", (void 0)))
DevTools listening on ws://127.0.0.1:61559/devtools/browser/0a1d9888-0005-42f0-8510-e4f367f26e4b
Apr 10, 2023 10:09:07 AM org.openqa.selenium.remote.ProtocolHandshake createSession
INFO: Detected dialect: W3C
JavaScript warning: https://www.uniqlo.com/Mx95Yd/biG/Wo_/8-IanA/Vu7EGJtwEh/el0ZAQ/aiE/QAlg7T10, line 1: unreachable code after return statement
JavaScript warning: https://www.uniqlo.com/Mx95Yd/biG/Wo_/8-IanA/Vu7EGJtwEh/el0ZAQ/aiE/QAlg7T10, line 1: WEBGL_debug_renderer_info is deprecated in Firefox and will be removed. Please use RENDERER.
JavaScript warning: https://www.uniqlo.com/id/elgnisolqinu.js?async&seed=AIAnG2mHAQAAp6_kQ-NvC4pDCvZJooQGzCoxcLZ3CqwiSlxvcp_1EokMlmcT&x-i1ysm4mm--z=q, line 1: WEBGL_debug_renderer_info is deprecated in Firefox and will be removed. Please use RENDERER.
1681096152449	Marionette	INFO	Stopped listening on port 54471
Dynamically enable window occlusion 1
WARNING: A blocker encountered an error while we were waiting.
          Blocker:  Waiting for ping task
          Phase: TelemetryController: Waiting for pending ping activity
          State: (none)
WARNING: Error: Phase "profile-before-change" is finished, it is too late to register completion condition "OS.File: flush I/O queued before profileBeforeChange"
WARNING: addBlocker@resource://gre/modules/AsyncShutdown.sys.mjs:727:15
addBlocker@resource://gre/modules/AsyncShutdown.sys.mjs:523:26
addBlocker@resource://gre/modules/AsyncShutdown.sys.mjs:458:15
setupShutdown@resource://gre/modules/osfile/osfile_async_front.jsm:1548:28
@resource://gre/modules/osfile/osfile_async_front.jsm:1568:16
@resource://gre/modules/osfile.jsm:12:30
@resource://gre/modules/TelemetryStorage.sys.mjs:10:28
_checkPendingPings@resource://gre/modules/TelemetrySend.sys.mjs:863:17
setup@resource://gre/modules/TelemetrySend.sys.mjs:803:18
setup@resource://gre/modules/TelemetrySend.sys.mjs:241:30
setupTelemetry/this._delayedInitTask<@resource://gre/modules/TelemetryControllerParent.sys.mjs:828:36
observe@resource://gre/modules/AsyncShutdown.sys.mjs:576:16

console.error: "TelemetryScheduler.shutdown - Already shut down"
WARNING: A blocker encountered an error while we were waiting.
          Blocker:  Waiting for ping task
          Phase: TelemetryController: Waiting for pending ping activity
          State: (none)
WARNING: Error: Phase "profile-before-change" is finished, it is too late to register completion condition "OS.File: flush I/O queued before profileBeforeChange"
WARNING: addBlocker@resource://gre/modules/AsyncShutdown.sys.mjs:727:15
addBlocker@resource://gre/modules/AsyncShutdown.sys.mjs:523:26
addBlocker@resource://gre/modules/AsyncShutdown.sys.mjs:458:15
setupShutdown@resource://gre/modules/osfile/osfile_async_front.jsm:1548:28
@resource://gre/modules/osfile/osfile_async_front.jsm:1568:16
@resource://gre/modules/osfile.jsm:12:30
@resource://gre/modules/TelemetryStorage.sys.mjs:10:28
_checkPendingPings@resource://gre/modules/TelemetrySend.sys.mjs:863:17
setup@resource://gre/modules/TelemetrySend.sys.mjs:803:18
setup@resource://gre/modules/TelemetrySend.sys.mjs:241:30
setupTelemetry/this._delayedInitTask<@resource://gre/modules/TelemetryControllerParent.sys.mjs:828:36
observe@resource://gre/modules/AsyncShutdown.sys.mjs:576:16

WARNING: A blocker encountered an error while we were waiting.
          Blocker:  Waiting for ping task
          Phase: TelemetryController: Waiting for pending ping activity
          State: (none)
WARNING: Error: Phase "profile-before-change" is finished, it is too late to register completion condition "OS.File: flush I/O queued before profileBeforeChange"
WARNING: addBlocker@resource://gre/modules/AsyncShutdown.sys.mjs:727:15
addBlocker@resource://gre/modules/AsyncShutdown.sys.mjs:523:26
addBlocker@resource://gre/modules/AsyncShutdown.sys.mjs:458:15
setupShutdown@resource://gre/modules/osfile/osfile_async_front.jsm:1548:28
@resource://gre/modules/osfile/osfile_async_front.jsm:1568:16
@resource://gre/modules/osfile.jsm:12:30
@resource://gre/modules/TelemetryStorage.sys.mjs:10:28
_checkPendingPings@resource://gre/modules/TelemetrySend.sys.mjs:863:17
setup@resource://gre/modules/TelemetrySend.sys.mjs:803:18
setup@resource://gre/modules/TelemetrySend.sys.mjs:241:30
setupTelemetry/this._delayedInitTask<@resource://gre/modules/TelemetryControllerParent.sys.mjs:828:36
observe@resource://gre/modules/AsyncShutdown.sys.mjs:576:16

WARNING: A blocker encountered an error while we were waiting.
          Blocker:  TelemetryController: shutting down
          Phase: profile-before-change-telemetry
          State: Error getting state: Error: Phase "profile-before-change" is finished, it is too late to register completion condition "OS.File: flush I/O queued before profileBeforeChange" at addBlocker@resource://gre/modules/AsyncShutdown.sys.mjs:727:15
addBlocker@resource://gre/modules/AsyncShutdown.sys.mjs:523:26
addBlocker@resource://gre/modules/AsyncShutdown.sys.mjs:458:15
setupShutdown@resource://gre/modules/osfile/osfile_async_front.jsm:1548:28
@resource://gre/modules/osfile/osfile_async_front.jsm:1568:16
@resource://gre/modules/osfile.jsm:12:30
@resource://gre/modules/TelemetryStorage.sys.mjs:10:28
_checkPendingPings@resource:/J/gre/modulaes/TelvemetryaSend.sySs.mjsc:863:17r
seitup@repsourcte://g ree/modrulreosr/:Te lreemseoturrycSee:n/d/.sysg.rmej/sm:o8d0u3l:e1s8/A
ssyentucp@Srheusourtced:o/w/gnr.es/myosd.umljess,/ Tleilneem e7t2r7y:S enEdr.rsoyrs:. mPjsh:a2s4e1: 3"0pr
osfetupTelemeitlrey-/btehfiosr.e-ch_adnelgayee"dI niist Tfaisnk<i@srheeds,o uirtc e:i/s/ gtreo/om oldautlees t/oT erleemegitrsytCeorn trcoolmlpelretPiaornent. sycso.nmdjist:i82o8:n3 6"O
So.bFsierlvee@: rfelsuosurhc eI://O/g qruee/muodeudl ebse/fAores pyrncofSihleutBeforedoCwnh.asngyes".m
js:576:16

WJAaRvNaISNcGri:p t Eerrrorro:r:  rPehsasoeu r"cper:o/f/ilger-e/bmefoore-cdhualnegse/A"s yincsS huftidonwins.hseyds,. mijts ,i sl tionoe  late t7o2 7r:e gEisrtreorr :c oPmhpalseet i"opn rcoofndiitlioen- b"OeSf.oFrilee-:c hfalnugseh"  iIs/ fOi niqusehuede,d  bietf ore profileBeforeChange"
WARNING: addBlocker@resource://gre/modules/AsyncShutdown.sys.mjs:727:15
addBlocker@resource://gre/modules/AsyncShutdown.sys.mjs:523:26
addBlocker@resource://gre/modules/AsyncShutdown.sys.mjs:458:15
setupShutdown@resource://gre/modules/osfile/osfile_async_front.jsm:1548:28
@resource://gre/modules/osfile/osfile_async_front.jsm:1568:16
@resource://gre/modules/osfile.jsm:12:30
@resource://gre/modules/TelemetryStorage.sys.mjs:10:28
_checkPendingPings@resource://gre/modules/TelemetrySend.sys.mjs:863:17
setup@resource://gre/modules/TelemetrySend.sys.mjs:803:18
setup@resource://gre/modules/TelemetrySend.sys.mjs:241:30
setupTelemetry/this._delayedInitTask<@resource://gre/modules/TelemetryControllerParent.sys.mjs:828:36
observe@resource://gre/moduiless/A styonoc Slhutdaotew nt.os yrse.gmijsst:e5r7 6c:16
omp
letion condition "OS.File: flush I/O queued before profileBeforeChange"
JavaScript error: resource://gre/modules/AsyncShutdown.sys.mjs, line 727: Error: Phase "profile-before-change" is finished, it is too late to register completion condition "OS.File: flush I/O queued before profileBeforeChange"
JavaScript error: resource://gre/modules/AsyncShutdown.sys.mjs, line 727: Error: Phase "profile-before-change" is finished, it is too late to register completion condition "OS.File: flush I/O queued before profileBeforeChange"
JavaScript error: resource://gre/modules/AsyncShutdown.sys.mjs, line 727: Error: Phase "profile-before-change" is finished, it is too late to register completion condition "OS.File: flush I/O queued before profileBeforeChange"
JavaScript error: resource://gre/modules/AsyncShutdown.sys.mjs, line 727: Error: Phase "profile-before-change" is finished, it is too late to register completion condition "OS.File: flush I/O queued before profileBeforeChange"
]]></system-err>
  </testcase>
  <testcase name="Fitur Menu Baby #8" classname="Baby" time="8.839">
    <system-out><![CDATA[
@baby
Scenario Outline: Fitur Menu Baby &amp#27;[90m# src/test/resources/features/Baby.feature:20&amp#27;[0m
10:09:13.532 [main] INFO io.cucumber.core.plugin.SerenityReporter - Running feature from file:///C:/Users/alwi/IdeaProjects/uniqloweb/src/test/resources/features/Baby.feature
10:09:13.547 [main] INFO net.serenitybdd.core.webdriver.driverproviders.FirefoxDriverProvider - Using automatically driver download
10:09:13.620 [AsyncHttpClient-1-1] DEBUG org.asynchttpclient.netty.channel.DefaultChannelPool - Entry count for : http://localhost:51927 : 1
10:09:13.620 [AsyncHttpClient-1-1] DEBUG org.asynchttpclient.netty.channel.DefaultChannelPool - Adding Candidate expired Channel [id: 0x11ccead4, L:/127.0.0.1:54467 ! R:localhost/127.0.0.1:51927] isIdleTimeoutExpired=false isRemotelyClosed=true isTtlExpired=false
10:09:13.620 [AsyncHttpClient-1-1] DEBUG org.asynchttpclient.netty.channel.DefaultChannelPool - Closing Idle Channel [id: 0x11ccead4, L:/127.0.0.1:54467 ! R:localhost/127.0.0.1:51927]
10:09:13.620 [AsyncHttpClient-1-1] DEBUG org.asynchttpclient.netty.channel.DefaultChannelPool - Closed 1 connections out of 1 in 0 ms
10:09:13.657 [main] DEBUG io.github.bonigarcia.wdm.cache.ResolutionCache - Resolution firefox=111 in cache (valid until 10:32:56 10/04/2023 WIB)
10:09:13.661 [main] DEBUG io.github.bonigarcia.wdm.cache.ResolutionCache - Resolution firefox111=0.32.2 in cache (valid until 19:30:50 10/04/2023 WIB)
10:09:13.662 [main] INFO io.github.bonigarcia.wdm.WebDriverManager - Using geckodriver 0.32.2 (resolved driver for Firefox 111)
10:09:13.677 [main] DEBUG io.github.bonigarcia.wdm.WebDriverManager - Driver geckodriver 0.32.2 found in cache
10:09:13.677 [main] INFO io.github.bonigarcia.wdm.WebDriverManager - Exporting webdriver.gecko.driver as C:\Users\alwi\.cache\selenium\geckodriver\win64\0.32.2\geckodriver.exe
10:09:13.696 [main] DEBUG net.serenitybdd.core.webdriver.driverproviders.ProvideNewDriver - Instantiating driver
10:09:13.696 [main] DEBUG net.serenitybdd.core.webdriver.driverproviders.ProvideNewDriver - Driver capabilities: Capabilities {acceptInsecureCerts: true, browserName: firefox, moz:debuggerAddress: true, moz:firefoxOptions: {args: [], profile: UEsDBBQACAgIACZRilYAAAAAAAA...}}
10:09:14.227 [AsyncHttpClient-1-2] DEBUG org.asynchttpclient.netty.channel.NettyConnectListener - Using new Channel '[id: 0x61bc1150, L:/127.0.0.1:54553 - R:localhost/127.0.0.1:54907]' for 'POST' to '/session'
10:09:16.710 [AsyncHttpClient-1-2] DEBUG org.asynchttpclient.netty.handler.HttpHandler - 

Request DefaultHttpRequest(decodeResult: success, version: HTTP/1.1)
POST /session HTTP/1.1
User-Agent: selenium/4.1.2 (java windows)
Content-Length: 3673
Content-Type: application/json; charset=utf-8
host: localhost:54907
accept: */*

Response DefaultHttpResponse(decodeResult: success, version: HTTP/1.1)
HTTP/1.1 200 OK
content-type: application/json; charset=utf-8
cache-control: no-cache
date: Mon, 10 Apr 2023 03:09:14 GMT
content-length: 790

10:09:16.710 [AsyncHttpClient-1-2] DEBUG org.asynchttpclient.netty.channel.ChannelManager - Adding key: http://localhost:54907 for channel [id: 0x61bc1150, L:/127.0.0.1:54553 - R:localhost/127.0.0.1:54907]
10:09:16.718 [AsyncHttpClient-1-3] DEBUG org.asynchttpclient.netty.channel.NettyConnectListener - Using new Channel '[id: 0xb09da891, L:/127.0.0.1:54567 - R:/127.0.0.1:57498]' for 'GET' to '/json/version'
10:09:16.722 [AsyncHttpClient-1-3] DEBUG org.asynchttpclient.netty.handler.HttpHandler - 

Request DefaultFullHttpRequest(decodeResult: success, version: HTTP/1.1, content: EmptyByteBufBE)
GET /json/version HTTP/1.1
User-Agent: selenium/4.1.2 (java windows)
host: 127.0.0.1:57498
accept: */*

Response DefaultHttpResponse(decodeResult: success, version: HTTP/1.1)
HTTP/1.1 200 OK
content-type: application/json
connection: close
server: httpd.js
date: Mon, 10 Apr 2023 03:09:16 GMT
content-length: 311

10:09:16.722 [AsyncHttpClient-1-3] DEBUG org.asynchttpclient.netty.channel.ChannelManager - Closing Channel [id: 0xb09da891, L:/127.0.0.1:54567 - R:/127.0.0.1:57498] 
10:09:16.722 [AsyncHttpClient-1-3] DEBUG org.asynchttpclient.netty.handler.HttpHandler - Channel Closed: [id: 0xb09da891, L:/127.0.0.1:54567 ! R:/127.0.0.1:57498] with attribute DISCARD
10:09:16.724 [Forwarding get on session 52bc659e-d799-457f-b543-a4b931c9325f to remote] DEBUG org.asynchttpclient.netty.request.NettyRequestSender - Using pooled Channel '[id: 0x61bc1150, L:/127.0.0.1:54553 - R:localhost/127.0.0.1:54907]' for 'POST' to 'http://localhost:54907/session/52bc659e-d799-457f-b543-a4b931c9325f/url'
10:09:16.724 [Forwarding get on session 52bc659e-d799-457f-b543-a4b931c9325f to remote] DEBUG org.asynchttpclient.netty.request.NettyRequestSender - Using open Channel [id: 0x61bc1150, L:/127.0.0.1:54553 - R:localhost/127.0.0.1:54907] for POST '/session/52bc659e-d799-457f-b543-a4b931c9325f/url'
10:09:18.455 [AsyncHttpClient-1-2] DEBUG org.asynchttpclient.netty.handler.HttpHandler - 

Request DefaultHttpRequest(decodeResult: success, version: HTTP/1.1)
POST /session/52bc659e-d799-457f-b543-a4b931c9325f/url HTTP/1.1
User-Agent: selenium/4.1.2 (java windows)
Content-Length: 69
Content-Type: application/json; charset=utf-8
host: localhost:54907
accept: */*

Response DefaultHttpResponse(decodeResult: success, version: HTTP/1.1)
HTTP/1.1 200 OK
content-type: application/json; charset=utf-8
cache-control: no-cache
date: Mon, 10 Apr 2023 03:09:16 GMT
content-length: 14

10:09:18.455 [AsyncHttpClient-1-2] DEBUG org.asynchttpclient.netty.channel.ChannelManager - Adding key: http://localhost:54907 for channel [id: 0x61bc1150, L:/127.0.0.1:54553 - R:localhost/127.0.0.1:54907]
10:09:18.457 [Forwarding setTimeout on session 52bc659e-d799-457f-b543-a4b931c9325f to remote] DEBUG org.asynchttpclient.netty.request.NettyRequestSender - Using pooled Channel '[id: 0x61bc1150, L:/127.0.0.1:54553 - R:localhost/127.0.0.1:54907]' for 'POST' to 'http://localhost:54907/session/52bc659e-d799-457f-b543-a4b931c9325f/timeouts'
10:09:18.457 [Forwarding setTimeout on session 52bc659e-d799-457f-b543-a4b931c9325f to remote] DEBUG org.asynchttpclient.netty.request.NettyRequestSender - Using open Channel [id: 0x61bc1150, L:/127.0.0.1:54553 - R:localhost/127.0.0.1:54907] for POST '/session/52bc659e-d799-457f-b543-a4b931c9325f/timeouts'
10:09:18.459 [AsyncHttpClient-1-2] DEBUG org.asynchttpclient.netty.handler.HttpHandler - 

Request DefaultHttpRequest(decodeResult: success, version: HTTP/1.1)
POST /session/52bc659e-d799-457f-b543-a4b931c9325f/timeouts HTTP/1.1
User-Agent: selenium/4.1.2 (java windows)
Content-Length: 22
Content-Type: application/json; charset=utf-8
host: localhost:54907
accept: */*

Response DefaultHttpResponse(decodeResult: success, version: HTTP/1.1)
HTTP/1.1 200 OK
content-type: application/json; charset=utf-8
cache-control: no-cache
date: Mon, 10 Apr 2023 03:09:18 GMT
content-length: 14

10:09:18.459 [AsyncHttpClient-1-2] DEBUG org.asynchttpclient.netty.channel.ChannelManager - Adding key: http://localhost:54907 for channel [id: 0x61bc1150, L:/127.0.0.1:54553 - R:localhost/127.0.0.1:54907]
10:09:18.461 [Forwarding getCurrentUrl on session 52bc659e-d799-457f-b543-a4b931c9325f to remote] DEBUG org.asynchttpclient.netty.request.NettyRequestSender - Using pooled Channel '[id: 0x61bc1150, L:/127.0.0.1:54553 - R:localhost/127.0.0.1:54907]' for 'GET' to 'http://localhost:54907/session/52bc659e-d799-457f-b543-a4b931c9325f/url'
10:09:18.462 [Forwarding getCurrentUrl on session 52bc659e-d799-457f-b543-a4b931c9325f to remote] DEBUG org.asynchttpclient.netty.request.NettyRequestSender - Using open Channel [id: 0x61bc1150, L:/127.0.0.1:54553 - R:localhost/127.0.0.1:54907] for GET '/session/52bc659e-d799-457f-b543-a4b931c9325f/url'
10:09:18.463 [AsyncHttpClient-1-2] DEBUG org.asynchttpclient.netty.handler.HttpHandler - 

Request DefaultFullHttpRequest(decodeResult: success, version: HTTP/1.1, content: EmptyByteBufBE)
GET /session/52bc659e-d799-457f-b543-a4b931c9325f/url HTTP/1.1
User-Agent: selenium/4.1.2 (java windows)
Cache-Control: no-cache
Content-Type: application/json; charset=utf-8
host: localhost:54907
accept: */*

Response DefaultHttpResponse(decodeResult: success, version: HTTP/1.1)
HTTP/1.1 200 OK
content-type: application/json; charset=utf-8
cache-control: no-cache
date: Mon, 10 Apr 2023 03:09:18 GMT
content-length: 41

10:09:18.463 [AsyncHttpClient-1-2] DEBUG org.asynchttpclient.netty.channel.ChannelManager - Adding key: http://localhost:54907 for channel [id: 0x61bc1150, L:/127.0.0.1:54553 - R:localhost/127.0.0.1:54907]
  &amp#27;[32mGiven &amp#27;[0m&amp#27;[32mI am on the home page&amp#27;[0m     &amp#27;[90m# starter.stepdefinitions.BabyStep.iAmOnTheHomePage()&amp#27;[0m
10:09:18.469 [Forwarding screenshot on session 52bc659e-d799-457f-b543-a4b931c9325f to remote] DEBUG org.asynchttpclient.netty.request.NettyRequestSender - Using pooled Channel '[id: 0x61bc1150, L:/127.0.0.1:54553 - R:localhost/127.0.0.1:54907]' for 'GET' to 'http://localhost:54907/session/52bc659e-d799-457f-b543-a4b931c9325f/screenshot'
10:09:18.469 [Forwarding screenshot on session 52bc659e-d799-457f-b543-a4b931c9325f to remote] DEBUG org.asynchttpclient.netty.request.NettyRequestSender - Using open Channel [id: 0x61bc1150, L:/127.0.0.1:54553 - R:localhost/127.0.0.1:54907] for GET '/session/52bc659e-d799-457f-b543-a4b931c9325f/screenshot'
10:09:18.539 [AsyncHttpClient-1-2] DEBUG org.asynchttpclient.netty.handler.HttpHandler - 

Request DefaultFullHttpRequest(decodeResult: success, version: HTTP/1.1, content: EmptyByteBufBE)
GET /session/52bc659e-d799-457f-b543-a4b931c9325f/screenshot HTTP/1.1
User-Agent: selenium/4.1.2 (java windows)
Cache-Control: no-cache
Content-Type: application/json; charset=utf-8
host: localhost:54907
accept: */*

Response DefaultHttpResponse(decodeResult: success, version: HTTP/1.1)
HTTP/1.1 200 OK
content-type: application/json; charset=utf-8
cache-control: no-cache
date: Mon, 10 Apr 2023 03:09:18 GMT
content-length: 72556

10:09:18.539 [AsyncHttpClient-1-2] DEBUG org.asynchttpclient.netty.channel.ChannelManager - Adding key: http://localhost:54907 for channel [id: 0x61bc1150, L:/127.0.0.1:54553 - R:localhost/127.0.0.1:54907]
10:09:18.542 [main] DEBUG net.serenitybdd.core.photography.Darkroom - Send negative for processing for target\site\serenity\4c0cfb95064879594f3d5dc8e761b42e25972a4cfe3d17228b9b3c3562a8784c.png
10:09:18.543 [Darkroom Processing Line] DEBUG net.serenitybdd.core.photography.DarkroomProcessingLine - Processing screenshot image in /var/screenshots/screenshot-11699606571133914551
10:09:18.543 [Darkroom Processing Line] DEBUG net.serenitybdd.core.photography.DarkroomProcessingLine - Saving screenshot to target\site\serenity\4c0cfb95064879594f3d5dc8e761b42e25972a4cfe3d17228b9b3c3562a8784c.png
10:09:18.550 [Forwarding findElement on session 52bc659e-d799-457f-b543-a4b931c9325f to remote] DEBUG org.asynchttpclient.netty.request.NettyRequestSender - Using pooled Channel '[id: 0x61bc1150, L:/127.0.0.1:54553 - R:localhost/127.0.0.1:54907]' for 'POST' to 'http://localhost:54907/session/52bc659e-d799-457f-b543-a4b931c9325f/element'
10:09:18.550 [Forwarding findElement on session 52bc659e-d799-457f-b543-a4b931c9325f to remote] DEBUG org.asynchttpclient.netty.request.NettyRequestSender - Using open Channel [id: 0x61bc1150, L:/127.0.0.1:54553 - R:localhost/127.0.0.1:54907] for POST '/session/52bc659e-d799-457f-b543-a4b931c9325f/element'
10:09:19.085 [AsyncHttpClient-1-2] DEBUG org.asynchttpclient.netty.handler.HttpHandler - 

Request DefaultHttpRequest(decodeResult: success, version: HTTP/1.1)
POST /session/52bc659e-d799-457f-b543-a4b931c9325f/element HTTP/1.1
User-Agent: selenium/4.1.2 (java windows)
Content-Length: 81
Content-Type: application/json; charset=utf-8
host: localhost:54907
accept: */*

Response DefaultHttpResponse(decodeResult: success, version: HTTP/1.1)
HTTP/1.1 200 OK
content-type: application/json; charset=utf-8
cache-control: no-cache
date: Mon, 10 Apr 2023 03:09:18 GMT
content-length: 88

10:09:19.085 [AsyncHttpClient-1-2] DEBUG org.asynchttpclient.netty.channel.ChannelManager - Adding key: http://localhost:54907 for channel [id: 0x61bc1150, L:/127.0.0.1:54553 - R:localhost/127.0.0.1:54907]
10:09:19.087 [Forwarding getElementTagName on session 52bc659e-d799-457f-b543-a4b931c9325f to remote] DEBUG org.asynchttpclient.netty.request.NettyRequestSender - Using pooled Channel '[id: 0x61bc1150, L:/127.0.0.1:54553 - R:localhost/127.0.0.1:54907]' for 'GET' to 'http://localhost:54907/session/52bc659e-d799-457f-b543-a4b931c9325f/element/e18c1362-6afa-4ce7-9f39-93a23814dea7/name'
10:09:19.087 [Forwarding getElementTagName on session 52bc659e-d799-457f-b543-a4b931c9325f to remote] DEBUG org.asynchttpclient.netty.request.NettyRequestSender - Using open Channel [id: 0x61bc1150, L:/127.0.0.1:54553 - R:localhost/127.0.0.1:54907] for GET '/session/52bc659e-d799-457f-b543-a4b931c9325f/element/e18c1362-6afa-4ce7-9f39-93a23814dea7/name'
10:09:19.130 [AsyncHttpClient-1-2] DEBUG org.asynchttpclient.netty.handler.HttpHandler - 

Request DefaultFullHttpRequest(decodeResult: success, version: HTTP/1.1, content: EmptyByteBufBE)
GET /session/52bc659e-d799-457f-b543-a4b931c9325f/element/e18c1362-6afa-4ce7-9f39-93a23814dea7/name HTTP/1.1
User-Agent: selenium/4.1.2 (java windows)
Cache-Control: no-cache
Content-Type: application/json; charset=utf-8
host: localhost:54907
accept: */*

Response DefaultHttpResponse(decodeResult: success, version: HTTP/1.1)
HTTP/1.1 200 OK
content-type: application/json; charset=utf-8
cache-control: no-cache
date: Mon, 10 Apr 2023 03:09:18 GMT
content-length: 16

10:09:19.130 [AsyncHttpClient-1-2] DEBUG org.asynchttpclient.netty.channel.ChannelManager - Adding key: http://localhost:54907 for channel [id: 0x61bc1150, L:/127.0.0.1:54553 - R:localhost/127.0.0.1:54907]
10:09:19.133 [Forwarding getElementTagName on session 52bc659e-d799-457f-b543-a4b931c9325f to remote] DEBUG org.asynchttpclient.netty.request.NettyRequestSender - Using pooled Channel '[id: 0x61bc1150, L:/127.0.0.1:54553 - R:localhost/127.0.0.1:54907]' for 'GET' to 'http://localhost:54907/session/52bc659e-d799-457f-b543-a4b931c9325f/element/e18c1362-6afa-4ce7-9f39-93a23814dea7/name'
10:09:19.133 [Forwarding getElementTagName on session 52bc659e-d799-457f-b543-a4b931c9325f to remote] DEBUG org.asynchttpclient.netty.request.NettyRequestSender - Using open Channel [id: 0x61bc1150, L:/127.0.0.1:54553 - R:localhost/127.0.0.1:54907] for GET '/session/52bc659e-d799-457f-b543-a4b931c9325f/element/e18c1362-6afa-4ce7-9f39-93a23814dea7/name'
10:09:19.256 [AsyncHttpClient-1-2] DEBUG org.asynchttpclient.netty.handler.HttpHandler - 

Request DefaultFullHttpRequest(decodeResult: success, version: HTTP/1.1, content: EmptyByteBufBE)
GET /session/52bc659e-d799-457f-b543-a4b931c9325f/element/e18c1362-6afa-4ce7-9f39-93a23814dea7/name HTTP/1.1
User-Agent: selenium/4.1.2 (java windows)
Cache-Control: no-cache
Content-Type: application/json; charset=utf-8
host: localhost:54907
accept: */*

Response DefaultHttpResponse(decodeResult: success, version: HTTP/1.1)
HTTP/1.1 200 OK
content-type: application/json; charset=utf-8
cache-control: no-cache
date: Mon, 10 Apr 2023 03:09:18 GMT
content-length: 16

10:09:19.256 [AsyncHttpClient-1-2] DEBUG org.asynchttpclient.netty.channel.ChannelManager - Adding key: http://localhost:54907 for channel [id: 0x61bc1150, L:/127.0.0.1:54553 - R:localhost/127.0.0.1:54907]
10:09:19.259 [Forwarding findElement on session 52bc659e-d799-457f-b543-a4b931c9325f to remote] DEBUG org.asynchttpclient.netty.request.NettyRequestSender - Using pooled Channel '[id: 0x61bc1150, L:/127.0.0.1:54553 - R:localhost/127.0.0.1:54907]' for 'POST' to 'http://localhost:54907/session/52bc659e-d799-457f-b543-a4b931c9325f/element'
10:09:19.259 [Forwarding findElement on session 52bc659e-d799-457f-b543-a4b931c9325f to remote] DEBUG org.asynchttpclient.netty.request.NettyRequestSender - Using open Channel [id: 0x61bc1150, L:/127.0.0.1:54553 - R:localhost/127.0.0.1:54907] for POST '/session/52bc659e-d799-457f-b543-a4b931c9325f/element'
10:09:19.316 [AsyncHttpClient-1-2] DEBUG org.asynchttpclient.netty.handler.HttpHandler - 

Request DefaultHttpRequest(decodeResult: success, version: HTTP/1.1)
POST /session/52bc659e-d799-457f-b543-a4b931c9325f/element HTTP/1.1
User-Agent: selenium/4.1.2 (java windows)
Content-Length: 81
Content-Type: application/json; charset=utf-8
host: localhost:54907
accept: */*

Response DefaultHttpResponse(decodeResult: success, version: HTTP/1.1)
HTTP/1.1 200 OK
content-type: application/json; charset=utf-8
cache-control: no-cache
date: Mon, 10 Apr 2023 03:09:18 GMT
content-length: 88

10:09:19.316 [AsyncHttpClient-1-2] DEBUG org.asynchttpclient.netty.channel.ChannelManager - Adding key: http://localhost:54907 for channel [id: 0x61bc1150, L:/127.0.0.1:54553 - R:localhost/127.0.0.1:54907]
10:09:19.317 [Forwarding clickElement on session 52bc659e-d799-457f-b543-a4b931c9325f to remote] DEBUG org.asynchttpclient.netty.request.NettyRequestSender - Using pooled Channel '[id: 0x61bc1150, L:/127.0.0.1:54553 - R:localhost/127.0.0.1:54907]' for 'POST' to 'http://localhost:54907/session/52bc659e-d799-457f-b543-a4b931c9325f/element/e18c1362-6afa-4ce7-9f39-93a23814dea7/click'
10:09:19.318 [Forwarding clickElement on session 52bc659e-d799-457f-b543-a4b931c9325f to remote] DEBUG org.asynchttpclient.netty.request.NettyRequestSender - Using open Channel [id: 0x61bc1150, L:/127.0.0.1:54553 - R:localhost/127.0.0.1:54907] for POST '/session/52bc659e-d799-457f-b543-a4b931c9325f/element/e18c1362-6afa-4ce7-9f39-93a23814dea7/click'
10:09:19.967 [AsyncHttpClient-1-2] DEBUG org.asynchttpclient.netty.handler.HttpHandler - 

Request DefaultHttpRequest(decodeResult: success, version: HTTP/1.1)
POST /session/52bc659e-d799-457f-b543-a4b931c9325f/element/e18c1362-6afa-4ce7-9f39-93a23814dea7/click HTTP/1.1
User-Agent: selenium/4.1.2 (java windows)
Content-Length: 50
Content-Type: application/json; charset=utf-8
host: localhost:54907
accept: */*

Response DefaultHttpResponse(decodeResult: success, version: HTTP/1.1)
HTTP/1.1 200 OK
content-type: application/json; charset=utf-8
cache-control: no-cache
date: Mon, 10 Apr 2023 03:09:18 GMT
content-length: 14

10:09:19.968 [AsyncHttpClient-1-2] DEBUG org.asynchttpclient.netty.channel.ChannelManager - Adding key: http://localhost:54907 for channel [id: 0x61bc1150, L:/127.0.0.1:54553 - R:localhost/127.0.0.1:54907]
  &amp#27;[32mThen &amp#27;[0m&amp#27;[32mI click baby on the header&amp#27;[0m &amp#27;[90m# starter.stepdefinitions.BabyStep.iClickBabyOnTheHeader()&amp#27;[0m
10:09:19.976 [Forwarding screenshot on session 52bc659e-d799-457f-b543-a4b931c9325f to remote] DEBUG org.asynchttpclient.netty.request.NettyRequestSender - Using pooled Channel '[id: 0x61bc1150, L:/127.0.0.1:54553 - R:localhost/127.0.0.1:54907]' for 'GET' to 'http://localhost:54907/session/52bc659e-d799-457f-b543-a4b931c9325f/screenshot'
10:09:19.976 [Forwarding screenshot on session 52bc659e-d799-457f-b543-a4b931c9325f to remote] DEBUG org.asynchttpclient.netty.request.NettyRequestSender - Using open Channel [id: 0x61bc1150, L:/127.0.0.1:54553 - R:localhost/127.0.0.1:54907] for GET '/session/52bc659e-d799-457f-b543-a4b931c9325f/screenshot'
10:09:20.168 [AsyncHttpClient-1-2] DEBUG org.asynchttpclient.netty.handler.HttpHandler - 

Request DefaultFullHttpRequest(decodeResult: success, version: HTTP/1.1, content: EmptyByteBufBE)
GET /session/52bc659e-d799-457f-b543-a4b931c9325f/screenshot HTTP/1.1
User-Agent: selenium/4.1.2 (java windows)
Cache-Control: no-cache
Content-Type: application/json; charset=utf-8
host: localhost:54907
accept: */*

Response DefaultHttpResponse(decodeResult: success, version: HTTP/1.1)
HTTP/1.1 200 OK
content-type: application/json; charset=utf-8
cache-control: no-cache
date: Mon, 10 Apr 2023 03:09:19 GMT
content-length: 98024

10:09:20.169 [AsyncHttpClient-1-2] DEBUG org.asynchttpclient.netty.channel.ChannelManager - Adding key: http://localhost:54907 for channel [id: 0x61bc1150, L:/127.0.0.1:54553 - R:localhost/127.0.0.1:54907]
10:09:20.173 [main] DEBUG net.serenitybdd.core.photography.Darkroom - Send negative for processing for target\site\serenity\bcb9a8d665d2c58a930e922f816fcc3ebc2aef855b882f3d531e7c9aa320b06d.png
10:09:20.184 [Forwarding findElement on session 52bc659e-d799-457f-b543-a4b931c9325f to remote] DEBUG org.asynchttpclient.netty.request.NettyRequestSender - Using pooled Channel '[id: 0x61bc1150, L:/127.0.0.1:54553 - R:localhost/127.0.0.1:54907]' for 'POST' to 'http://localhost:54907/session/52bc659e-d799-457f-b543-a4b931c9325f/element'
10:09:20.184 [Forwarding findElement on session 52bc659e-d799-457f-b543-a4b931c9325f to remote] DEBUG org.asynchttpclient.netty.request.NettyRequestSender - Using open Channel [id: 0x61bc1150, L:/127.0.0.1:54553 - R:localhost/127.0.0.1:54907] for POST '/session/52bc659e-d799-457f-b543-a4b931c9325f/element'
10:09:20.242 [AsyncHttpClient-1-2] DEBUG org.asynchttpclient.netty.handler.HttpHandler - 

Request DefaultHttpRequest(decodeResult: success, version: HTTP/1.1)
POST /session/52bc659e-d799-457f-b543-a4b931c9325f/element HTTP/1.1
User-Agent: selenium/4.1.2 (java windows)
Content-Length: 107
Content-Type: application/json; charset=utf-8
host: localhost:54907
accept: */*

Response DefaultHttpResponse(decodeResult: success, version: HTTP/1.1)
HTTP/1.1 200 OK
content-type: application/json; charset=utf-8
cache-control: no-cache
date: Mon, 10 Apr 2023 03:09:19 GMT
content-length: 88

10:09:20.242 [AsyncHttpClient-1-2] DEBUG org.asynchttpclient.netty.channel.ChannelManager - Adding key: http://localhost:54907 for channel [id: 0x61bc1150, L:/127.0.0.1:54553 - R:localhost/127.0.0.1:54907]
10:09:20.244 [Forwarding getElementTagName on session 52bc659e-d799-457f-b543-a4b931c9325f to remote] DEBUG org.asynchttpclient.netty.request.NettyRequestSender - Using pooled Channel '[id: 0x61bc1150, L:/127.0.0.1:54553 - R:localhost/127.0.0.1:54907]' for 'GET' to 'http://localhost:54907/session/52bc659e-d799-457f-b543-a4b931c9325f/element/3bfa4986-0cf5-426c-9504-c787bff4f7c1/name'
10:09:20.244 [Forwarding getElementTagName on session 52bc659e-d799-457f-b543-a4b931c9325f to remote] DEBUG org.asynchttpclient.netty.request.NettyRequestSender - Using open Channel [id: 0x61bc1150, L:/127.0.0.1:54553 - R:localhost/127.0.0.1:54907] for GET '/session/52bc659e-d799-457f-b543-a4b931c9325f/element/3bfa4986-0cf5-426c-9504-c787bff4f7c1/name'
10:09:20.253 [AsyncHttpClient-1-2] DEBUG org.asynchttpclient.netty.handler.HttpHandler - 

Request DefaultFullHttpRequest(decodeResult: success, version: HTTP/1.1, content: EmptyByteBufBE)
GET /session/52bc659e-d799-457f-b543-a4b931c9325f/element/3bfa4986-0cf5-426c-9504-c787bff4f7c1/name HTTP/1.1
User-Agent: selenium/4.1.2 (java windows)
Cache-Control: no-cache
Content-Type: application/json; charset=utf-8
host: localhost:54907
accept: */*

Response DefaultHttpResponse(decodeResult: success, version: HTTP/1.1)
HTTP/1.1 200 OK
content-type: application/json; charset=utf-8
cache-control: no-cache
date: Mon, 10 Apr 2023 03:09:19 GMT
content-length: 16

10:09:20.254 [AsyncHttpClient-1-2] DEBUG org.asynchttpclient.netty.channel.ChannelManager - Adding key: http://localhost:54907 for channel [id: 0x61bc1150, L:/127.0.0.1:54553 - R:localhost/127.0.0.1:54907]
10:09:20.255 [Forwarding getElementTagName on session 52bc659e-d799-457f-b543-a4b931c9325f to remote] DEBUG org.asynchttpclient.netty.request.NettyRequestSender - Using pooled Channel '[id: 0x61bc1150, L:/127.0.0.1:54553 - R:localhost/127.0.0.1:54907]' for 'GET' to 'http://localhost:54907/session/52bc659e-d799-457f-b543-a4b931c9325f/element/3bfa4986-0cf5-426c-9504-c787bff4f7c1/name'
10:09:20.255 [Forwarding getElementTagName on session 52bc659e-d799-457f-b543-a4b931c9325f to remote] DEBUG org.asynchttpclient.netty.request.NettyRequestSender - Using open Channel [id: 0x61bc1150, L:/127.0.0.1:54553 - R:localhost/127.0.0.1:54907] for GET '/session/52bc659e-d799-457f-b543-a4b931c9325f/element/3bfa4986-0cf5-426c-9504-c787bff4f7c1/name'
10:09:20.423 [AsyncHttpClient-1-2] DEBUG org.asynchttpclient.netty.handler.HttpHandler - 

Request DefaultFullHttpRequest(decodeResult: success, version: HTTP/1.1, content: EmptyByteBufBE)
GET /session/52bc659e-d799-457f-b543-a4b931c9325f/element/3bfa4986-0cf5-426c-9504-c787bff4f7c1/name HTTP/1.1
User-Agent: selenium/4.1.2 (java windows)
Cache-Control: no-cache
Content-Type: application/json; charset=utf-8
host: localhost:54907
accept: */*

Response DefaultHttpResponse(decodeResult: success, version: HTTP/1.1)
HTTP/1.1 200 OK
content-type: application/json; charset=utf-8
cache-control: no-cache
date: Mon, 10 Apr 2023 03:09:19 GMT
content-length: 16

10:09:20.423 [AsyncHttpClient-1-2] DEBUG org.asynchttpclient.netty.channel.ChannelManager - Adding key: http://localhost:54907 for channel [id: 0x61bc1150, L:/127.0.0.1:54553 - R:localhost/127.0.0.1:54907]
10:09:20.427 [Forwarding findElement on session 52bc659e-d799-457f-b543-a4b931c9325f to remote] DEBUG org.asynchttpclient.netty.request.NettyRequestSender - Using pooled Channel '[id: 0x61bc1150, L:/127.0.0.1:54553 - R:localhost/127.0.0.1:54907]' for 'POST' to 'http://localhost:54907/session/52bc659e-d799-457f-b543-a4b931c9325f/element'
10:09:20.427 [Forwarding findElement on session 52bc659e-d799-457f-b543-a4b931c9325f to remote] DEBUG org.asynchttpclient.netty.request.NettyRequestSender - Using open Channel [id: 0x61bc1150, L:/127.0.0.1:54553 - R:localhost/127.0.0.1:54907] for POST '/session/52bc659e-d799-457f-b543-a4b931c9325f/element'
10:09:20.460 [AsyncHttpClient-1-2] DEBUG org.asynchttpclient.netty.handler.HttpHandler - 

Request DefaultHttpRequest(decodeResult: success, version: HTTP/1.1)
POST /session/52bc659e-d799-457f-b543-a4b931c9325f/element HTTP/1.1
User-Agent: selenium/4.1.2 (java windows)
Content-Length: 107
Content-Type: application/json; charset=utf-8
host: localhost:54907
accept: */*

Response DefaultHttpResponse(decodeResult: success, version: HTTP/1.1)
HTTP/1.1 200 OK
content-type: application/json; charset=utf-8
cache-control: no-cache
date: Mon, 10 Apr 2023 03:09:19 GMT
content-length: 88

10:09:20.460 [AsyncHttpClient-1-2] DEBUG org.asynchttpclient.netty.channel.ChannelManager - Adding key: http://localhost:54907 for channel [id: 0x61bc1150, L:/127.0.0.1:54553 - R:localhost/127.0.0.1:54907]
10:09:20.462 [Forwarding clickElement on session 52bc659e-d799-457f-b543-a4b931c9325f to remote] DEBUG org.asynchttpclient.netty.request.NettyRequestSender - Using pooled Channel '[id: 0x61bc1150, L:/127.0.0.1:54553 - R:localhost/127.0.0.1:54907]' for 'POST' to 'http://localhost:54907/session/52bc659e-d799-457f-b543-a4b931c9325f/element/3bfa4986-0cf5-426c-9504-c787bff4f7c1/click'
10:09:20.462 [Forwarding clickElement on session 52bc659e-d799-457f-b543-a4b931c9325f to remote] DEBUG org.asynchttpclient.netty.request.NettyRequestSender - Using open Channel [id: 0x61bc1150, L:/127.0.0.1:54553 - R:localhost/127.0.0.1:54907] for POST '/session/52bc659e-d799-457f-b543-a4b931c9325f/element/3bfa4986-0cf5-426c-9504-c787bff4f7c1/click'
10:09:21.044 [AsyncHttpClient-1-2] DEBUG org.asynchttpclient.netty.handler.HttpHandler - 

Request DefaultHttpRequest(decodeResult: success, version: HTTP/1.1)
POST /session/52bc659e-d799-457f-b543-a4b931c9325f/element/3bfa4986-0cf5-426c-9504-c787bff4f7c1/click HTTP/1.1
User-Agent: selenium/4.1.2 (java windows)
Content-Length: 50
Content-Type: application/json; charset=utf-8
host: localhost:54907
accept: */*

Response DefaultHttpResponse(decodeResult: success, version: HTTP/1.1)
HTTP/1.1 200 OK
content-type: application/json; charset=utf-8
cache-control: no-cache
date: Mon, 10 Apr 2023 03:09:19 GMT
content-length: 14

10:09:21.044 [AsyncHttpClient-1-2] DEBUG org.asynchttpclient.netty.channel.ChannelManager - Adding key: http://localhost:54907 for channel [id: 0x61bc1150, L:/127.0.0.1:54553 - R:localhost/127.0.0.1:54907]
  &amp#27;[32mWhen &amp#27;[0m&amp#27;[32mI will go to &amp#27;[0m&amp#27;[32m&amp#27;[1m"bajuTerusan"&amp#27;[0m &amp#27;[90m# starter.stepdefinitions.BabyStep.iWillGoTo(java.lang.String)&amp#27;[0m
10:09:21.052 [Forwarding screenshot on session 52bc659e-d799-457f-b543-a4b931c9325f to remote] DEBUG org.asynchttpclient.netty.request.NettyRequestSender - Using pooled Channel '[id: 0x61bc1150, L:/127.0.0.1:54553 - R:localhost/127.0.0.1:54907]' for 'GET' to 'http://localhost:54907/session/52bc659e-d799-457f-b543-a4b931c9325f/screenshot'
10:09:21.052 [Forwarding screenshot on session 52bc659e-d799-457f-b543-a4b931c9325f to remote] DEBUG org.asynchttpclient.netty.request.NettyRequestSender - Using open Channel [id: 0x61bc1150, L:/127.0.0.1:54553 - R:localhost/127.0.0.1:54907] for GET '/session/52bc659e-d799-457f-b543-a4b931c9325f/screenshot'
10:09:21.303 [AsyncHttpClient-1-2] DEBUG org.asynchttpclient.netty.handler.HttpHandler - 

Request DefaultFullHttpRequest(decodeResult: success, version: HTTP/1.1, content: EmptyByteBufBE)
GET /session/52bc659e-d799-457f-b543-a4b931c9325f/screenshot HTTP/1.1
User-Agent: selenium/4.1.2 (java windows)
Cache-Control: no-cache
Content-Type: application/json; charset=utf-8
host: localhost:54907
accept: */*

Response DefaultHttpResponse(decodeResult: success, version: HTTP/1.1)
HTTP/1.1 200 OK
content-type: application/json; charset=utf-8
cache-control: no-cache
date: Mon, 10 Apr 2023 03:09:21 GMT
content-length: 79160

10:09:21.303 [AsyncHttpClient-1-2] DEBUG org.asynchttpclient.netty.channel.ChannelManager - Adding key: http://localhost:54907 for channel [id: 0x61bc1150, L:/127.0.0.1:54553 - R:localhost/127.0.0.1:54907]
10:09:21.306 [main] DEBUG net.serenitybdd.core.photography.Darkroom - Send negative for processing for target\site\serenity\40e58f61626dad3d8748af2aed89d216accb10010b9617a1392e3a8ee8dccb0d.png
10:09:21.306 [Darkroom Processing Line] DEBUG net.serenitybdd.core.photography.DarkroomProcessingLine - Processing screenshot image in /var/screenshots/screenshot-11199409471199381922
10:09:21.306 [Darkroom Processing Line] DEBUG net.serenitybdd.core.photography.DarkroomProcessingLine - Saving screenshot to target\site\serenity\40e58f61626dad3d8748af2aed89d216accb10010b9617a1392e3a8ee8dccb0d.png
10:09:21.315 [Forwarding findElement on session 52bc659e-d799-457f-b543-a4b931c9325f to remote] DEBUG org.asynchttpclient.netty.request.NettyRequestSender - Using pooled Channel '[id: 0x61bc1150, L:/127.0.0.1:54553 - R:localhost/127.0.0.1:54907]' for 'POST' to 'http://localhost:54907/session/52bc659e-d799-457f-b543-a4b931c9325f/element'
10:09:21.315 [Forwarding findElement on session 52bc659e-d799-457f-b543-a4b931c9325f to remote] DEBUG org.asynchttpclient.netty.request.NettyRequestSender - Using open Channel [id: 0x61bc1150, L:/127.0.0.1:54553 - R:localhost/127.0.0.1:54907] for POST '/session/52bc659e-d799-457f-b543-a4b931c9325f/element'
10:09:21.317 [AsyncHttpClient-1-2] DEBUG org.asynchttpclient.netty.handler.HttpHandler - 

Request DefaultHttpRequest(decodeResult: success, version: HTTP/1.1)
POST /session/52bc659e-d799-457f-b543-a4b931c9325f/element HTTP/1.1
User-Agent: selenium/4.1.2 (java windows)
Content-Length: 94
Content-Type: application/json; charset=utf-8
host: localhost:54907
accept: */*

Response DefaultHttpResponse(decodeResult: success, version: HTTP/1.1)
HTTP/1.1 200 OK
content-type: application/json; charset=utf-8
cache-control: no-cache
date: Mon, 10 Apr 2023 03:09:21 GMT
content-length: 88

10:09:21.317 [AsyncHttpClient-1-2] DEBUG org.asynchttpclient.netty.channel.ChannelManager - Adding key: http://localhost:54907 for channel [id: 0x61bc1150, L:/127.0.0.1:54553 - R:localhost/127.0.0.1:54907]
10:09:21.318 [AsyncHttpClient-1-1] DEBUG org.asynchttpclient.netty.channel.DefaultChannelPool - Entry count for : http://localhost:54907 : 1
10:09:21.320 [Forwarding isElementDisplayed on session 52bc659e-d799-457f-b543-a4b931c9325f to remote] DEBUG org.asynchttpclient.netty.request.NettyRequestSender - Using pooled Channel '[id: 0x61bc1150, L:/127.0.0.1:54553 - R:localhost/127.0.0.1:54907]' for 'POST' to 'http://localhost:54907/session/52bc659e-d799-457f-b543-a4b931c9325f/execute/sync'
10:09:21.320 [Forwarding isElementDisplayed on session 52bc659e-d799-457f-b543-a4b931c9325f to remote] DEBUG org.asynchttpclient.netty.request.NettyRequestSender - Using open Channel [id: 0x61bc1150, L:/127.0.0.1:54553 - R:localhost/127.0.0.1:54907] for POST '/session/52bc659e-d799-457f-b543-a4b931c9325f/execute/sync'
10:09:21.338 [AsyncHttpClient-1-2] DEBUG org.asynchttpclient.netty.handler.HttpHandler - 

Request DefaultHttpRequest(decodeResult: success, version: HTTP/1.1)
POST /session/52bc659e-d799-457f-b543-a4b931c9325f/execute/sync HTTP/1.1
User-Agent: selenium/4.1.2 (java windows)
Content-Length: 48780
Content-Type: application/json; charset=utf-8
host: localhost:54907
accept: */*

Response DefaultHttpResponse(decodeResult: success, version: HTTP/1.1)
HTTP/1.1 200 OK
content-type: application/json; charset=utf-8
cache-control: no-cache
date: Mon, 10 Apr 2023 03:09:21 GMT
content-length: 14

10:09:21.338 [AsyncHttpClient-1-2] DEBUG org.asynchttpclient.netty.channel.ChannelManager - Adding key: http://localhost:54907 for channel [id: 0x61bc1150, L:/127.0.0.1:54553 - R:localhost/127.0.0.1:54907]
  &amp#27;[32mAnd &amp#27;[0m&amp#27;[32mI &amp#27;[0m&amp#27;[32m&amp#27;[1m"txtBajuTerusan"&amp#27;[0m&amp#27;[32m page&amp#27;[0m     &amp#27;[90m# starter.stepdefinitions.BabyStep.iPage(java.lang.String)&amp#27;[0m
10:09:21.351 [Driver Command Executor] DEBUG org.asynchttpclient.netty.request.NettyRequestSender - Using pooled Channel '[id: 0x61bc1150, L:/127.0.0.1:54553 - R:localhost/127.0.0.1:54907]' for 'DELETE' to 'http://localhost:54907/session/52bc659e-d799-457f-b543-a4b931c9325f'
10:09:21.351 [Driver Command Executor] DEBUG org.asynchttpclient.netty.request.NettyRequestSender - Using open Channel [id: 0x61bc1150, L:/127.0.0.1:54553 - R:localhost/127.0.0.1:54907] for DELETE '/session/52bc659e-d799-457f-b543-a4b931c9325f'
10:09:22.313 [AsyncHttpClient-1-2] DEBUG org.asynchttpclient.netty.handler.HttpHandler - 

Request DefaultFullHttpRequest(decodeResult: success, version: HTTP/1.1, content: EmptyByteBufBE)
DELETE /session/52bc659e-d799-457f-b543-a4b931c9325f HTTP/1.1
User-Agent: selenium/4.1.2 (java windows)
Content-Type: application/json; charset=utf-8
host: localhost:54907
accept: */*

Response DefaultHttpResponse(decodeResult: success, version: HTTP/1.1)
HTTP/1.1 200 OK
content-type: application/json; charset=utf-8
cache-control: no-cache
date: Mon, 10 Apr 2023 03:09:21 GMT
content-length: 14

10:09:22.313 [AsyncHttpClient-1-2] DEBUG org.asynchttpclient.netty.channel.ChannelManager - Adding key: http://localhost:54907 for channel [id: 0x61bc1150, L:/127.0.0.1:54553 - R:localhost/127.0.0.1:54907]
10:09:22.315 [AsyncHttpClient-1-2] DEBUG org.asynchttpclient.netty.handler.HttpHandler - Unexpected I/O exception on channel [id: 0x61bc1150, L:/127.0.0.1:54553 - R:localhost/127.0.0.1:54907]
java.net.SocketException: Connection reset
	at java.base/sun.nio.ch.SocketChannelImpl.throwConnectionReset(SocketChannelImpl.java:345)
	at java.base/sun.nio.ch.SocketChannelImpl.read(SocketChannelImpl.java:376)
	at io.netty.buffer.PooledByteBuf.setBytes(PooledByteBuf.java:258)
	at io.netty.buffer.AbstractByteBuf.writeBytes(AbstractByteBuf.java:1132)
	at io.netty.channel.socket.nio.NioSocketChannel.doReadBytes(NioSocketChannel.java:350)
	at io.netty.channel.nio.AbstractNioByteChannel$NioByteUnsafe.read(AbstractNioByteChannel.java:151)
	at io.netty.channel.nio.NioEventLoop.processSelectedKey(NioEventLoop.java:722)
	at io.netty.channel.nio.NioEventLoop.processSelectedKeysOptimized(NioEventLoop.java:658)
	at io.netty.channel.nio.NioEventLoop.processSelectedKeys(NioEventLoop.java:584)
	at io.netty.channel.nio.NioEventLoop.run(NioEventLoop.java:496)
	at io.netty.util.concurrent.SingleThreadEventExecutor$4.run(SingleThreadEventExecutor.java:986)
	at io.netty.util.internal.ThreadExecutorMap$2.run(ThreadExecutorMap.java:74)
	at io.netty.util.concurrent.FastThreadLocalRunnable.run(FastThreadLocalRunnable.java:30)
	at java.base/java.lang.Thread.run(Thread.java:830)
10:09:22.315 [AsyncHttpClient-1-2] DEBUG org.asynchttpclient.netty.channel.ChannelManager - Closing Channel [id: 0x61bc1150, L:/127.0.0.1:54553 - R:localhost/127.0.0.1:54907] 
10:09:22.315 [AsyncHttpClient-1-2] DEBUG org.asynchttpclient.netty.handler.HttpHandler - Channel Closed: [id: 0x61bc1150, L:/127.0.0.1:54553 ! R:localhost/127.0.0.1:54907] with attribute DISCARD
]]></system-out>
    <system-err><![CDATA[1681096153754	geckodriver	INFO	Listening on 127.0.0.1:54907
1681096154237	mozrunner::runner	INFO	Running command: "C:\\Program Files\\Mozilla Firefox\\firefox.exe" "--marionette" "" "--remote-debugging-port" "57498" "--remote-allow-hosts" "localhost" "-no-remote" "-profile" "C:\\Users\\alwi\\AppData\\Local\\Temp\\rust_mozprofilePn75Zz"
console.warn: services.settings: Ignoring preference override of remote settings server
console.warn: services.settings: Allow by setting MOZ_REMOTE_SETTINGS_DEVTOOLS=1 in the environment
1681096154575	Marionette	INFO	Marionette enabled
Dynamically enable window occlusion 0
1681096154581	Marionette	INFO	Listening on port 54556
WebDriver BiDi listening on ws://127.0.0.1:57498
Read port: 54556
1681096154828	RemoteAgent	WARN	TLS certificate errors will be ignored for this session
console.warn: SearchSettings: "get: No settings file exists, new profile?" (new NotFoundError("Could not open the file at C:\\Users\\alwi\\AppData\\Local\\Temp\\rust_mozprofilePn75Zz\\search.json.mozlz4", (void 0)))
DevTools listening on ws://127.0.0.1:57498/devtools/browser/0b737615-fd92-44a3-be7c-e025d34bfc9a
Apr 10, 2023 10:09:16 AM org.openqa.selenium.remote.ProtocolHandshake createSession
INFO: Detected dialect: W3C
JavaScript warning: https://www.uniqlo.com/Mx95Yd/biG/Wo_/8-IanA/Vu7EGJtwEh/el0ZAQ/aiE/QAlg7T10, line 1: unreachable code after return statement
JavaScript warning: https://www.uniqlo.com/Mx95Yd/biG/Wo_/8-IanA/Vu7EGJtwEh/el0ZAQ/aiE/QAlg7T10, line 1: WEBGL_debug_renderer_info is deprecated in Firefox and will be removed. Please use RENDERER.
JavaScript warning: https://www.uniqlo.com/id/elgnisolqinu.js?async&seed=AIAnG2mHAQAAp6_kQ-NvC4pDCvZJooQGzCoxcLZ3CqwiSlxvcp_1EokMlmcT&x-i1ysm4mm--z=q, line 1: WEBGL_debug_renderer_info is deprecated in Firefox and will be removed. Please use RENDERER.
1681096161353	Marionette	INFO	Stopped listening on port 54556
Dynamically enable window occlusion 1
WARNING: A blocker encountered an error while we were waiting.
          Blocker:  Waiting for ping task
          Phase: TelemetryController: Waiting for pending ping activity
          State: (none)
WARNING: Error: Phase "profile-before-change" is finished, it is too late to register completion condition "OS.File: flush I/O queued before profileBeforeChange"
WARNING: addBlocker@resource://gre/modules/AsyncShutdown.sys.mjs:727:15
addBlocker@resource://gre/modules/AsyncShutdown.sys.mjs:523:26
addBlocker@resource://gre/modules/AsyncShutdown.sys.mjs:458:15
setupShutdown@resource://gre/modules/osfile/osfile_async_front.jsm:1548:28
@resource://gre/modules/osfile/osfile_async_front.jsm:1568:16
@resource://gre/modules/osfile.jsm:12:30
@resource://gre/modules/TelemetryStorage.sys.mjs:10:28
_checkPendingPings@resource://gre/modules/TelemetrySend.sys.mjs:863:17
setup@resource://gre/modules/TelemetrySend.sys.mjs:803:18
setup@resource://gre/modules/TelemetrySend.sys.mjs:241:30
setupTelemetry/this._delayedInitTask<@resource://gre/modules/TelemetryControllerParent.sys.mjs:828:36
observe@resource://gre/modules/AsyncShutdown.sys.mjs:576:16

console.error: "TelemetryScheduler.shutdown - Already shut down"
WARNING: A blocker encountered an error while we were waiting.
          Blocker:  Waiting for ping task
          Phase: TelemetryController: Waiting for pending ping activity
          State: (none)
WARNING: Error: Phase "profile-before-change" is finished, it is too late to register completion condition "OS.File: flush I/O queued before profileBeforeChange"
WARNING: addBlocker@resource://gre/modules/AsyncShutdown.sys.mjs:727:15
addBlocker@resource://gre/modules/AsyncShutdown.sys.mjs:523:26
addBlocker@resource://gre/modules/AsyncShutdown.sys.mjs:458:15
setupShutdown@resource://gre/modules/osfile/osfile_async_front.jsm:1548:28
@resource://gre/modules/osfile/osfile_async_front.jsm:1568:16
@resource://gre/modules/osfile.jsm:12:30
@resource://gre/modules/TelemetryStorage.sys.mjs:10:28
_checkPendingPings@resource://gre/modules/TelemetrySend.sys.mjs:863:17
setup@resource://gre/modules/TelemetrySend.sys.mjs:803:18
setup@resource://gre/modules/TelemetrySend.sys.mjs:241:30
setupTelemetry/this._delayedInitTask<@resource://gre/modules/TelemetryControllerParent.sys.mjs:828:36
observe@resource://gre/modules/AsyncShutdown.sys.mjs:576:16

WARNING: A blocker encountered an error while we were waiting.
          Blocker:  Waiting for ping task
          Phase: TelemetryController: Waiting for pending ping activity
          State: (none)
WARNING: Error: Phase "profile-before-change" is finished, it is too late to register completion condition "OS.File: flush I/O queued before profileBeforeChange"
WARNING: addBlocker@resource://gre/modules/AsyncShutdown.sys.mjs:727:15
addBlocker@resource://gre/modules/AsyncShutdown.sys.mjs:523:26
addBlocker@resource://gre/modules/AsyncShutdown.sys.mjs:458:15
setupShutdown@resource://gre/modules/osfile/osfile_async_front.jsm:1548:28
@resource://gre/modules/osfile/osfile_async_front.jsm:1568:16
@resource://gre/modules/osfile.jsm:12:30
@resource://gre/modules/TelemetryStorage.sys.mjs:10:28
_checkPendingPings@resource://gre/modules/TelemetrySend.sys.mjs:863:17
setup@resource://gre/modules/TelemetrySend.sys.mjs:803:18
setup@resource://gre/modules/TelemetrySend.sys.mjs:241:30
setupTelemetry/this._delayedInitTask<@resource://gre/modules/TelemetryControllerParent.sys.mjs:828:36
observe@resource://gre/modules/AsyncShutdown.sys.mjs:576:16

WARNING: A blocker encountered an error while we were waiting.
          Blocker:  TelemetryController: shutting down
          Phase: profile-before-change-telemetry
          State: Error getting state: Error: Phase "profile-before-change" is finished, it is too late to register completion condition "OS.File: flush I/O queued before profileBeforeChange" at addBlocker@resource://gre/modules/AsyncShutdown.sys.mjs:727:15
addBlocker@resource://gre/modules/AsyncShutdown.sys.mjs:523:26
addBlocker@resource://gre/modules/AsyncShutdown.sys.mjs:458:15
setupShutdown@resource://gre/modules/osfile/osfile_async_front.jsm:1548:28
@resource://gre/modules/osfile/osfile_async_front.jsm:1568:16
@resource://gre/modules/osfile.jsm:12:30
@resource://gre/modules/TelemetryStorage.sys.mjs:10:28
_checkPendingPings@resource://gre/modules/TelemetrySend.sys.mjs:863:17
setup@resource://gre/modules/TelemetrySend.sys.mjs:803:18
setup@resource://gre/modules/TelemetrySend.sys.mjs:241:30
setupTelemetry/this._delayedInitTask<@resource://gre/modules/TelemetryControllerParent.sys.mjs:828:36
observe@resource://gre/modules/AsyncShutdown.sys.mjs:576:16

WARNING: Error: Phase "profile-before-change" is finished, it is too late to register completion condition "OS.File: flush I/O queued before profileBeforeChange"
WARNING: addBlocker@resource://gre/modules/AsyncShutdown.sys.mjs:727:15
addBlocker@resource://gre/modules/AsyncShutdown.sys.mjs:523:26
addBlocker@resource://gre/modules/AsyncShutdown.sys.mjs:458:15
setupShutdown@resource://gre/modules/osfile/osfile_async_front.jsm:1548:28
@resource://gre/modules/osfile/osfile_async_front.jsm:1568:16
@resource://gre/modules/osfile.jsm:12:30
@resource://gre/modules/TelemetryStorage.sys.mjs:10:28
_checkPendingPings@resource://gre/modules/TelemetrySend.sys.mjs:863:17
setup@resource://gre/modules/TelemetrySend.sys.mjs:803:18
setup@resource://gre/modules/TelemetrySend.sys.mjs:241:30
setupTelemetry/this._delayedInitTask<@resource://gre/modules/TelemetryControllerParent.sys.mjs:828:36
observe@resource://gre/modules/AsyncShutdown.sys.mjs:576:16

JavaScript error: resource://gre/modules/AsyncShutdown.sys.mjs, line 727: Error: Phase "profile-before-change" is finished, it is too late to register completion condition "OS.File: flush I/O queued before profileBeforeChange"
JavaScript error: resource://gre/modules/AsyncShutdown.sys.mjs, line 727: Error: Phase "profile-before-change" is finished, it is too late to register completion condition "OS.File: flush I/O queued before profileBeforeChange"
JavaScript error: resource://gre/modules/AsyncShutdown.sys.mjs, line 727: Error: Phase "profile-before-change" is finished, it is too late to register completion condition "OS.File: flush I/O queued before profileBeforeChange"
JavaScript error: resource://gre/modules/AsyncShutdown.sys.mjs, line 727: Error: Phase "profile-before-change" is finished, it is too late to register completion condition "OS.File: flush I/O queued before profileBeforeChange"
JavaScript error: resource://gre/modules/AsyncShutdown.sys.mjs, line 727: Error: Phase "profile-before-change" is finished, it is too late to register completion condition "OS.File: flush I/O queued before profileBeforeChange"
JavaScript error: resource://gre/modules/AsyncShutdown.sys.mjs, line 727: Error: Phase "profile-before-change" is finished, it is too late to register completion condition "OS.File: flush I/O queued before profileBeforeChange"
]]></system-err>
  </testcase>
  <testcase name="Fitur Menu Baby #9" classname="Baby" time="9.252">
    <system-out><![CDATA[
@baby
Scenario Outline: Fitur Menu Baby &amp#27;[90m# src/test/resources/features/Baby.feature:21&amp#27;[0m
10:09:22.373 [main] INFO io.cucumber.core.plugin.SerenityReporter - Running feature from file:///C:/Users/alwi/IdeaProjects/uniqloweb/src/test/resources/features/Baby.feature
10:09:22.392 [main] INFO net.serenitybdd.core.webdriver.driverproviders.FirefoxDriverProvider - Using automatically driver download
10:09:22.422 [AsyncHttpClient-1-1] DEBUG org.asynchttpclient.netty.channel.DefaultChannelPool - Entry count for : http://localhost:54907 : 1
10:09:22.422 [AsyncHttpClient-1-1] DEBUG org.asynchttpclient.netty.channel.DefaultChannelPool - Adding Candidate expired Channel [id: 0x61bc1150, L:/127.0.0.1:54553 ! R:localhost/127.0.0.1:54907] isIdleTimeoutExpired=false isRemotelyClosed=true isTtlExpired=false
10:09:22.422 [AsyncHttpClient-1-1] DEBUG org.asynchttpclient.netty.channel.DefaultChannelPool - Closing Idle Channel [id: 0x61bc1150, L:/127.0.0.1:54553 ! R:localhost/127.0.0.1:54907]
10:09:22.422 [AsyncHttpClient-1-1] DEBUG org.asynchttpclient.netty.channel.DefaultChannelPool - Closed 1 connections out of 1 in 0 ms
10:09:22.539 [main] DEBUG io.github.bonigarcia.wdm.cache.ResolutionCache - Resolution firefox=111 in cache (valid until 10:32:56 10/04/2023 WIB)
10:09:22.543 [main] DEBUG io.github.bonigarcia.wdm.cache.ResolutionCache - Resolution firefox111=0.32.2 in cache (valid until 19:30:50 10/04/2023 WIB)
10:09:22.545 [main] INFO io.github.bonigarcia.wdm.WebDriverManager - Using geckodriver 0.32.2 (resolved driver for Firefox 111)
10:09:22.562 [main] DEBUG io.github.bonigarcia.wdm.WebDriverManager - Driver geckodriver 0.32.2 found in cache
10:09:22.563 [main] INFO io.github.bonigarcia.wdm.WebDriverManager - Exporting webdriver.gecko.driver as C:\Users\alwi\.cache\selenium\geckodriver\win64\0.32.2\geckodriver.exe
10:09:22.579 [main] DEBUG net.serenitybdd.core.webdriver.driverproviders.ProvideNewDriver - Instantiating driver
10:09:22.579 [main] DEBUG net.serenitybdd.core.webdriver.driverproviders.ProvideNewDriver - Driver capabilities: Capabilities {acceptInsecureCerts: true, browserName: firefox, moz:debuggerAddress: true, moz:firefoxOptions: {args: [], profile: UEsDBBQACAgIACtRilYAAAAAAAA...}}
10:09:23.115 [AsyncHttpClient-1-4] DEBUG org.asynchttpclient.netty.channel.NettyConnectListener - Using new Channel '[id: 0xd62f6dea, L:/127.0.0.1:54647 - R:localhost/127.0.0.1:52884]' for 'POST' to '/session'
10:09:25.511 [AsyncHttpClient-1-4] DEBUG org.asynchttpclient.netty.handler.HttpHandler - 

Request DefaultHttpRequest(decodeResult: success, version: HTTP/1.1)
POST /session HTTP/1.1
User-Agent: selenium/4.1.2 (java windows)
Content-Length: 3673
Content-Type: application/json; charset=utf-8
host: localhost:52884
accept: */*

Response DefaultHttpResponse(decodeResult: success, version: HTTP/1.1)
HTTP/1.1 200 OK
content-type: application/json; charset=utf-8
cache-control: no-cache
date: Mon, 10 Apr 2023 03:09:23 GMT
content-length: 790

10:09:25.511 [AsyncHttpClient-1-4] DEBUG org.asynchttpclient.netty.channel.ChannelManager - Adding key: http://localhost:52884 for channel [id: 0xd62f6dea, L:/127.0.0.1:54647 - R:localhost/127.0.0.1:52884]
10:09:25.516 [AsyncHttpClient-1-5] DEBUG org.asynchttpclient.netty.channel.NettyConnectListener - Using new Channel '[id: 0x0806830b, L:/127.0.0.1:54664 - R:/127.0.0.1:52161]' for 'GET' to '/json/version'
10:09:25.519 [AsyncHttpClient-1-5] DEBUG org.asynchttpclient.netty.handler.HttpHandler - 

Request DefaultFullHttpRequest(decodeResult: success, version: HTTP/1.1, content: EmptyByteBufBE)
GET /json/version HTTP/1.1
User-Agent: selenium/4.1.2 (java windows)
host: 127.0.0.1:52161
accept: */*

Response DefaultHttpResponse(decodeResult: success, version: HTTP/1.1)
HTTP/1.1 200 OK
content-type: application/json
connection: close
server: httpd.js
date: Mon, 10 Apr 2023 03:09:25 GMT
content-length: 311

10:09:25.519 [AsyncHttpClient-1-5] DEBUG org.asynchttpclient.netty.channel.ChannelManager - Closing Channel [id: 0x0806830b, L:/127.0.0.1:54664 - R:/127.0.0.1:52161] 
10:09:25.519 [AsyncHttpClient-1-5] DEBUG org.asynchttpclient.netty.handler.HttpHandler - Channel Closed: [id: 0x0806830b, L:/127.0.0.1:54664 ! R:/127.0.0.1:52161] with attribute DISCARD
10:09:25.521 [Forwarding get on session a9e6edcf-3ae2-4a32-a1ac-c50044c816f2 to remote] DEBUG org.asynchttpclient.netty.request.NettyRequestSender - Using pooled Channel '[id: 0xd62f6dea, L:/127.0.0.1:54647 - R:localhost/127.0.0.1:52884]' for 'POST' to 'http://localhost:52884/session/a9e6edcf-3ae2-4a32-a1ac-c50044c816f2/url'
10:09:25.521 [Forwarding get on session a9e6edcf-3ae2-4a32-a1ac-c50044c816f2 to remote] DEBUG org.asynchttpclient.netty.request.NettyRequestSender - Using open Channel [id: 0xd62f6dea, L:/127.0.0.1:54647 - R:localhost/127.0.0.1:52884] for POST '/session/a9e6edcf-3ae2-4a32-a1ac-c50044c816f2/url'
10:09:27.396 [AsyncHttpClient-1-4] DEBUG org.asynchttpclient.netty.handler.HttpHandler - 

Request DefaultHttpRequest(decodeResult: success, version: HTTP/1.1)
POST /session/a9e6edcf-3ae2-4a32-a1ac-c50044c816f2/url HTTP/1.1
User-Agent: selenium/4.1.2 (java windows)
Content-Length: 69
Content-Type: application/json; charset=utf-8
host: localhost:52884
accept: */*

Response DefaultHttpResponse(decodeResult: success, version: HTTP/1.1)
HTTP/1.1 200 OK
content-type: application/json; charset=utf-8
cache-control: no-cache
date: Mon, 10 Apr 2023 03:09:25 GMT
content-length: 14

10:09:27.396 [AsyncHttpClient-1-4] DEBUG org.asynchttpclient.netty.channel.ChannelManager - Adding key: http://localhost:52884 for channel [id: 0xd62f6dea, L:/127.0.0.1:54647 - R:localhost/127.0.0.1:52884]
10:09:27.397 [Forwarding setTimeout on session a9e6edcf-3ae2-4a32-a1ac-c50044c816f2 to remote] DEBUG org.asynchttpclient.netty.request.NettyRequestSender - Using pooled Channel '[id: 0xd62f6dea, L:/127.0.0.1:54647 - R:localhost/127.0.0.1:52884]' for 'POST' to 'http://localhost:52884/session/a9e6edcf-3ae2-4a32-a1ac-c50044c816f2/timeouts'
10:09:27.398 [Forwarding setTimeout on session a9e6edcf-3ae2-4a32-a1ac-c50044c816f2 to remote] DEBUG org.asynchttpclient.netty.request.NettyRequestSender - Using open Channel [id: 0xd62f6dea, L:/127.0.0.1:54647 - R:localhost/127.0.0.1:52884] for POST '/session/a9e6edcf-3ae2-4a32-a1ac-c50044c816f2/timeouts'
10:09:27.400 [AsyncHttpClient-1-4] DEBUG org.asynchttpclient.netty.handler.HttpHandler - 

Request DefaultHttpRequest(decodeResult: success, version: HTTP/1.1)
POST /session/a9e6edcf-3ae2-4a32-a1ac-c50044c816f2/timeouts HTTP/1.1
User-Agent: selenium/4.1.2 (java windows)
Content-Length: 22
Content-Type: application/json; charset=utf-8
host: localhost:52884
accept: */*

Response DefaultHttpResponse(decodeResult: success, version: HTTP/1.1)
HTTP/1.1 200 OK
content-type: application/json; charset=utf-8
cache-control: no-cache
date: Mon, 10 Apr 2023 03:09:27 GMT
content-length: 14

10:09:27.401 [AsyncHttpClient-1-4] DEBUG org.asynchttpclient.netty.channel.ChannelManager - Adding key: http://localhost:52884 for channel [id: 0xd62f6dea, L:/127.0.0.1:54647 - R:localhost/127.0.0.1:52884]
10:09:27.403 [Forwarding getCurrentUrl on session a9e6edcf-3ae2-4a32-a1ac-c50044c816f2 to remote] DEBUG org.asynchttpclient.netty.request.NettyRequestSender - Using pooled Channel '[id: 0xd62f6dea, L:/127.0.0.1:54647 - R:localhost/127.0.0.1:52884]' for 'GET' to 'http://localhost:52884/session/a9e6edcf-3ae2-4a32-a1ac-c50044c816f2/url'
10:09:27.403 [Forwarding getCurrentUrl on session a9e6edcf-3ae2-4a32-a1ac-c50044c816f2 to remote] DEBUG org.asynchttpclient.netty.request.NettyRequestSender - Using open Channel [id: 0xd62f6dea, L:/127.0.0.1:54647 - R:localhost/127.0.0.1:52884] for GET '/session/a9e6edcf-3ae2-4a32-a1ac-c50044c816f2/url'
10:09:27.408 [AsyncHttpClient-1-4] DEBUG org.asynchttpclient.netty.handler.HttpHandler - 

Request DefaultFullHttpRequest(decodeResult: success, version: HTTP/1.1, content: EmptyByteBufBE)
GET /session/a9e6edcf-3ae2-4a32-a1ac-c50044c816f2/url HTTP/1.1
User-Agent: selenium/4.1.2 (java windows)
Cache-Control: no-cache
Content-Type: application/json; charset=utf-8
host: localhost:52884
accept: */*

Response DefaultHttpResponse(decodeResult: success, version: HTTP/1.1)
HTTP/1.1 200 OK
content-type: application/json; charset=utf-8
cache-control: no-cache
date: Mon, 10 Apr 2023 03:09:27 GMT
content-length: 41

10:09:27.408 [AsyncHttpClient-1-4] DEBUG org.asynchttpclient.netty.channel.ChannelManager - Adding key: http://localhost:52884 for channel [id: 0xd62f6dea, L:/127.0.0.1:54647 - R:localhost/127.0.0.1:52884]
  &amp#27;[32mGiven &amp#27;[0m&amp#27;[32mI am on the home page&amp#27;[0m     &amp#27;[90m# starter.stepdefinitions.BabyStep.iAmOnTheHomePage()&amp#27;[0m
10:09:27.412 [Forwarding screenshot on session a9e6edcf-3ae2-4a32-a1ac-c50044c816f2 to remote] DEBUG org.asynchttpclient.netty.request.NettyRequestSender - Using pooled Channel '[id: 0xd62f6dea, L:/127.0.0.1:54647 - R:localhost/127.0.0.1:52884]' for 'GET' to 'http://localhost:52884/session/a9e6edcf-3ae2-4a32-a1ac-c50044c816f2/screenshot'
10:09:27.412 [Forwarding screenshot on session a9e6edcf-3ae2-4a32-a1ac-c50044c816f2 to remote] DEBUG org.asynchttpclient.netty.request.NettyRequestSender - Using open Channel [id: 0xd62f6dea, L:/127.0.0.1:54647 - R:localhost/127.0.0.1:52884] for GET '/session/a9e6edcf-3ae2-4a32-a1ac-c50044c816f2/screenshot'
10:09:28.092 [AsyncHttpClient-1-4] DEBUG org.asynchttpclient.netty.handler.HttpHandler - 

Request DefaultFullHttpRequest(decodeResult: success, version: HTTP/1.1, content: EmptyByteBufBE)
GET /session/a9e6edcf-3ae2-4a32-a1ac-c50044c816f2/screenshot HTTP/1.1
User-Agent: selenium/4.1.2 (java windows)
Cache-Control: no-cache
Content-Type: application/json; charset=utf-8
host: localhost:52884
accept: */*

Response DefaultHttpResponse(decodeResult: success, version: HTTP/1.1)
HTTP/1.1 200 OK
content-type: application/json; charset=utf-8
cache-control: no-cache
date: Mon, 10 Apr 2023 03:09:27 GMT
content-length: 102292

10:09:28.092 [AsyncHttpClient-1-4] DEBUG org.asynchttpclient.netty.channel.ChannelManager - Adding key: http://localhost:52884 for channel [id: 0xd62f6dea, L:/127.0.0.1:54647 - R:localhost/127.0.0.1:52884]
10:09:28.097 [main] DEBUG net.serenitybdd.core.photography.Darkroom - Send negative for processing for target\site\serenity\8a0c8bc2dbf42a46aae3cd1beaa455337d476816f85a827b12453669e5ebd143.png
10:09:28.110 [Forwarding findElement on session a9e6edcf-3ae2-4a32-a1ac-c50044c816f2 to remote] DEBUG org.asynchttpclient.netty.request.NettyRequestSender - Using pooled Channel '[id: 0xd62f6dea, L:/127.0.0.1:54647 - R:localhost/127.0.0.1:52884]' for 'POST' to 'http://localhost:52884/session/a9e6edcf-3ae2-4a32-a1ac-c50044c816f2/element'
10:09:28.110 [Forwarding findElement on session a9e6edcf-3ae2-4a32-a1ac-c50044c816f2 to remote] DEBUG org.asynchttpclient.netty.request.NettyRequestSender - Using open Channel [id: 0xd62f6dea, L:/127.0.0.1:54647 - R:localhost/127.0.0.1:52884] for POST '/session/a9e6edcf-3ae2-4a32-a1ac-c50044c816f2/element'
10:09:28.186 [AsyncHttpClient-1-4] DEBUG org.asynchttpclient.netty.handler.HttpHandler - 

Request DefaultHttpRequest(decodeResult: success, version: HTTP/1.1)
POST /session/a9e6edcf-3ae2-4a32-a1ac-c50044c816f2/element HTTP/1.1
User-Agent: selenium/4.1.2 (java windows)
Content-Length: 81
Content-Type: application/json; charset=utf-8
host: localhost:52884
accept: */*

Response DefaultHttpResponse(decodeResult: success, version: HTTP/1.1)
HTTP/1.1 200 OK
content-type: application/json; charset=utf-8
cache-control: no-cache
date: Mon, 10 Apr 2023 03:09:27 GMT
content-length: 88

10:09:28.187 [AsyncHttpClient-1-4] DEBUG org.asynchttpclient.netty.channel.ChannelManager - Adding key: http://localhost:52884 for channel [id: 0xd62f6dea, L:/127.0.0.1:54647 - R:localhost/127.0.0.1:52884]
10:09:28.189 [Forwarding getElementTagName on session a9e6edcf-3ae2-4a32-a1ac-c50044c816f2 to remote] DEBUG org.asynchttpclient.netty.request.NettyRequestSender - Using pooled Channel '[id: 0xd62f6dea, L:/127.0.0.1:54647 - R:localhost/127.0.0.1:52884]' for 'GET' to 'http://localhost:52884/session/a9e6edcf-3ae2-4a32-a1ac-c50044c816f2/element/83912783-6014-4527-9368-38d61bb591ca/name'
10:09:28.189 [Forwarding getElementTagName on session a9e6edcf-3ae2-4a32-a1ac-c50044c816f2 to remote] DEBUG org.asynchttpclient.netty.request.NettyRequestSender - Using open Channel [id: 0xd62f6dea, L:/127.0.0.1:54647 - R:localhost/127.0.0.1:52884] for GET '/session/a9e6edcf-3ae2-4a32-a1ac-c50044c816f2/element/83912783-6014-4527-9368-38d61bb591ca/name'
10:09:28.217 [AsyncHttpClient-1-4] DEBUG org.asynchttpclient.netty.handler.HttpHandler - 

Request DefaultFullHttpRequest(decodeResult: success, version: HTTP/1.1, content: EmptyByteBufBE)
GET /session/a9e6edcf-3ae2-4a32-a1ac-c50044c816f2/element/83912783-6014-4527-9368-38d61bb591ca/name HTTP/1.1
User-Agent: selenium/4.1.2 (java windows)
Cache-Control: no-cache
Content-Type: application/json; charset=utf-8
host: localhost:52884
accept: */*

Response DefaultHttpResponse(decodeResult: success, version: HTTP/1.1)
HTTP/1.1 200 OK
content-type: application/json; charset=utf-8
cache-control: no-cache
date: Mon, 10 Apr 2023 03:09:27 GMT
content-length: 16

10:09:28.217 [AsyncHttpClient-1-4] DEBUG org.asynchttpclient.netty.channel.ChannelManager - Adding key: http://localhost:52884 for channel [id: 0xd62f6dea, L:/127.0.0.1:54647 - R:localhost/127.0.0.1:52884]
10:09:28.218 [Forwarding getElementTagName on session a9e6edcf-3ae2-4a32-a1ac-c50044c816f2 to remote] DEBUG org.asynchttpclient.netty.request.NettyRequestSender - Using pooled Channel '[id: 0xd62f6dea, L:/127.0.0.1:54647 - R:localhost/127.0.0.1:52884]' for 'GET' to 'http://localhost:52884/session/a9e6edcf-3ae2-4a32-a1ac-c50044c816f2/element/83912783-6014-4527-9368-38d61bb591ca/name'
10:09:28.218 [Forwarding getElementTagName on session a9e6edcf-3ae2-4a32-a1ac-c50044c816f2 to remote] DEBUG org.asynchttpclient.netty.request.NettyRequestSender - Using open Channel [id: 0xd62f6dea, L:/127.0.0.1:54647 - R:localhost/127.0.0.1:52884] for GET '/session/a9e6edcf-3ae2-4a32-a1ac-c50044c816f2/element/83912783-6014-4527-9368-38d61bb591ca/name'
10:09:28.269 [AsyncHttpClient-1-4] DEBUG org.asynchttpclient.netty.handler.HttpHandler - 

Request DefaultFullHttpRequest(decodeResult: success, version: HTTP/1.1, content: EmptyByteBufBE)
GET /session/a9e6edcf-3ae2-4a32-a1ac-c50044c816f2/element/83912783-6014-4527-9368-38d61bb591ca/name HTTP/1.1
User-Agent: selenium/4.1.2 (java windows)
Cache-Control: no-cache
Content-Type: application/json; charset=utf-8
host: localhost:52884
accept: */*

Response DefaultHttpResponse(decodeResult: success, version: HTTP/1.1)
HTTP/1.1 200 OK
content-type: application/json; charset=utf-8
cache-control: no-cache
date: Mon, 10 Apr 2023 03:09:27 GMT
content-length: 16

10:09:28.269 [AsyncHttpClient-1-4] DEBUG org.asynchttpclient.netty.channel.ChannelManager - Adding key: http://localhost:52884 for channel [id: 0xd62f6dea, L:/127.0.0.1:54647 - R:localhost/127.0.0.1:52884]
10:09:28.272 [Forwarding findElement on session a9e6edcf-3ae2-4a32-a1ac-c50044c816f2 to remote] DEBUG org.asynchttpclient.netty.request.NettyRequestSender - Using pooled Channel '[id: 0xd62f6dea, L:/127.0.0.1:54647 - R:localhost/127.0.0.1:52884]' for 'POST' to 'http://localhost:52884/session/a9e6edcf-3ae2-4a32-a1ac-c50044c816f2/element'
10:09:28.272 [Forwarding findElement on session a9e6edcf-3ae2-4a32-a1ac-c50044c816f2 to remote] DEBUG org.asynchttpclient.netty.request.NettyRequestSender - Using open Channel [id: 0xd62f6dea, L:/127.0.0.1:54647 - R:localhost/127.0.0.1:52884] for POST '/session/a9e6edcf-3ae2-4a32-a1ac-c50044c816f2/element'
10:09:28.297 [AsyncHttpClient-1-4] DEBUG org.asynchttpclient.netty.handler.HttpHandler - 

Request DefaultHttpRequest(decodeResult: success, version: HTTP/1.1)
POST /session/a9e6edcf-3ae2-4a32-a1ac-c50044c816f2/element HTTP/1.1
User-Agent: selenium/4.1.2 (java windows)
Content-Length: 81
Content-Type: application/json; charset=utf-8
host: localhost:52884
accept: */*

Response DefaultHttpResponse(decodeResult: success, version: HTTP/1.1)
HTTP/1.1 200 OK
content-type: application/json; charset=utf-8
cache-control: no-cache
date: Mon, 10 Apr 2023 03:09:27 GMT
content-length: 88

10:09:28.297 [AsyncHttpClient-1-4] DEBUG org.asynchttpclient.netty.channel.ChannelManager - Adding key: http://localhost:52884 for channel [id: 0xd62f6dea, L:/127.0.0.1:54647 - R:localhost/127.0.0.1:52884]
10:09:28.298 [Forwarding clickElement on session a9e6edcf-3ae2-4a32-a1ac-c50044c816f2 to remote] DEBUG org.asynchttpclient.netty.request.NettyRequestSender - Using pooled Channel '[id: 0xd62f6dea, L:/127.0.0.1:54647 - R:localhost/127.0.0.1:52884]' for 'POST' to 'http://localhost:52884/session/a9e6edcf-3ae2-4a32-a1ac-c50044c816f2/element/83912783-6014-4527-9368-38d61bb591ca/click'
10:09:28.298 [Forwarding clickElement on session a9e6edcf-3ae2-4a32-a1ac-c50044c816f2 to remote] DEBUG org.asynchttpclient.netty.request.NettyRequestSender - Using open Channel [id: 0xd62f6dea, L:/127.0.0.1:54647 - R:localhost/127.0.0.1:52884] for POST '/session/a9e6edcf-3ae2-4a32-a1ac-c50044c816f2/element/83912783-6014-4527-9368-38d61bb591ca/click'
10:09:28.990 [AsyncHttpClient-1-4] DEBUG org.asynchttpclient.netty.handler.HttpHandler - 

Request DefaultHttpRequest(decodeResult: success, version: HTTP/1.1)
POST /session/a9e6edcf-3ae2-4a32-a1ac-c50044c816f2/element/83912783-6014-4527-9368-38d61bb591ca/click HTTP/1.1
User-Agent: selenium/4.1.2 (java windows)
Content-Length: 50
Content-Type: application/json; charset=utf-8
host: localhost:52884
accept: */*

Response DefaultHttpResponse(decodeResult: success, version: HTTP/1.1)
HTTP/1.1 200 OK
content-type: application/json; charset=utf-8
cache-control: no-cache
date: Mon, 10 Apr 2023 03:09:27 GMT
content-length: 14

10:09:28.990 [AsyncHttpClient-1-4] DEBUG org.asynchttpclient.netty.channel.ChannelManager - Adding key: http://localhost:52884 for channel [id: 0xd62f6dea, L:/127.0.0.1:54647 - R:localhost/127.0.0.1:52884]
  &amp#27;[32mThen &amp#27;[0m&amp#27;[32mI click baby on the header&amp#27;[0m &amp#27;[90m# starter.stepdefinitions.BabyStep.iClickBabyOnTheHeader()&amp#27;[0m
10:09:28.998 [Forwarding screenshot on session a9e6edcf-3ae2-4a32-a1ac-c50044c816f2 to remote] DEBUG org.asynchttpclient.netty.request.NettyRequestSender - Using pooled Channel '[id: 0xd62f6dea, L:/127.0.0.1:54647 - R:localhost/127.0.0.1:52884]' for 'GET' to 'http://localhost:52884/session/a9e6edcf-3ae2-4a32-a1ac-c50044c816f2/screenshot'
10:09:28.998 [Forwarding screenshot on session a9e6edcf-3ae2-4a32-a1ac-c50044c816f2 to remote] DEBUG org.asynchttpclient.netty.request.NettyRequestSender - Using open Channel [id: 0xd62f6dea, L:/127.0.0.1:54647 - R:localhost/127.0.0.1:52884] for GET '/session/a9e6edcf-3ae2-4a32-a1ac-c50044c816f2/screenshot'
10:09:29.241 [AsyncHttpClient-1-4] DEBUG org.asynchttpclient.netty.handler.HttpHandler - 

Request DefaultFullHttpRequest(decodeResult: success, version: HTTP/1.1, content: EmptyByteBufBE)
GET /session/a9e6edcf-3ae2-4a32-a1ac-c50044c816f2/screenshot HTTP/1.1
User-Agent: selenium/4.1.2 (java windows)
Cache-Control: no-cache
Content-Type: application/json; charset=utf-8
host: localhost:52884
accept: */*

Response DefaultHttpResponse(decodeResult: success, version: HTTP/1.1)
HTTP/1.1 200 OK
content-type: application/json; charset=utf-8
cache-control: no-cache
date: Mon, 10 Apr 2023 03:09:28 GMT
content-length: 98024

10:09:29.242 [AsyncHttpClient-1-4] DEBUG org.asynchttpclient.netty.channel.ChannelManager - Adding key: http://localhost:52884 for channel [id: 0xd62f6dea, L:/127.0.0.1:54647 - R:localhost/127.0.0.1:52884]
10:09:29.251 [main] DEBUG net.serenitybdd.core.photography.Darkroom - Send negative for processing for target\site\serenity\bcb9a8d665d2c58a930e922f816fcc3ebc2aef855b882f3d531e7c9aa320b06d.png
10:09:29.264 [Forwarding findElement on session a9e6edcf-3ae2-4a32-a1ac-c50044c816f2 to remote] DEBUG org.asynchttpclient.netty.request.NettyRequestSender - Using pooled Channel '[id: 0xd62f6dea, L:/127.0.0.1:54647 - R:localhost/127.0.0.1:52884]' for 'POST' to 'http://localhost:52884/session/a9e6edcf-3ae2-4a32-a1ac-c50044c816f2/element'
10:09:29.264 [Forwarding findElement on session a9e6edcf-3ae2-4a32-a1ac-c50044c816f2 to remote] DEBUG org.asynchttpclient.netty.request.NettyRequestSender - Using open Channel [id: 0xd62f6dea, L:/127.0.0.1:54647 - R:localhost/127.0.0.1:52884] for POST '/session/a9e6edcf-3ae2-4a32-a1ac-c50044c816f2/element'
10:09:29.338 [AsyncHttpClient-1-4] DEBUG org.asynchttpclient.netty.handler.HttpHandler - 

Request DefaultHttpRequest(decodeResult: success, version: HTTP/1.1)
POST /session/a9e6edcf-3ae2-4a32-a1ac-c50044c816f2/element HTTP/1.1
User-Agent: selenium/4.1.2 (java windows)
Content-Length: 105
Content-Type: application/json; charset=utf-8
host: localhost:52884
accept: */*

Response DefaultHttpResponse(decodeResult: success, version: HTTP/1.1)
HTTP/1.1 200 OK
content-type: application/json; charset=utf-8
cache-control: no-cache
date: Mon, 10 Apr 2023 03:09:28 GMT
content-length: 88

10:09:29.339 [AsyncHttpClient-1-4] DEBUG org.asynchttpclient.netty.channel.ChannelManager - Adding key: http://localhost:52884 for channel [id: 0xd62f6dea, L:/127.0.0.1:54647 - R:localhost/127.0.0.1:52884]
10:09:29.341 [Forwarding getElementTagName on session a9e6edcf-3ae2-4a32-a1ac-c50044c816f2 to remote] DEBUG org.asynchttpclient.netty.request.NettyRequestSender - Using pooled Channel '[id: 0xd62f6dea, L:/127.0.0.1:54647 - R:localhost/127.0.0.1:52884]' for 'GET' to 'http://localhost:52884/session/a9e6edcf-3ae2-4a32-a1ac-c50044c816f2/element/5aa274e5-3550-40e4-b9ec-72855b0616a4/name'
10:09:29.341 [Forwarding getElementTagName on session a9e6edcf-3ae2-4a32-a1ac-c50044c816f2 to remote] DEBUG org.asynchttpclient.netty.request.NettyRequestSender - Using open Channel [id: 0xd62f6dea, L:/127.0.0.1:54647 - R:localhost/127.0.0.1:52884] for GET '/session/a9e6edcf-3ae2-4a32-a1ac-c50044c816f2/element/5aa274e5-3550-40e4-b9ec-72855b0616a4/name'
10:09:29.428 [AsyncHttpClient-1-4] DEBUG org.asynchttpclient.netty.handler.HttpHandler - 

Request DefaultFullHttpRequest(decodeResult: success, version: HTTP/1.1, content: EmptyByteBufBE)
GET /session/a9e6edcf-3ae2-4a32-a1ac-c50044c816f2/element/5aa274e5-3550-40e4-b9ec-72855b0616a4/name HTTP/1.1
User-Agent: selenium/4.1.2 (java windows)
Cache-Control: no-cache
Content-Type: application/json; charset=utf-8
host: localhost:52884
accept: */*

Response DefaultHttpResponse(decodeResult: success, version: HTTP/1.1)
HTTP/1.1 200 OK
content-type: application/json; charset=utf-8
cache-control: no-cache
date: Mon, 10 Apr 2023 03:09:28 GMT
content-length: 16

10:09:29.429 [AsyncHttpClient-1-4] DEBUG org.asynchttpclient.netty.channel.ChannelManager - Adding key: http://localhost:52884 for channel [id: 0xd62f6dea, L:/127.0.0.1:54647 - R:localhost/127.0.0.1:52884]
10:09:29.430 [Forwarding getElementTagName on session a9e6edcf-3ae2-4a32-a1ac-c50044c816f2 to remote] DEBUG org.asynchttpclient.netty.request.NettyRequestSender - Using pooled Channel '[id: 0xd62f6dea, L:/127.0.0.1:54647 - R:localhost/127.0.0.1:52884]' for 'GET' to 'http://localhost:52884/session/a9e6edcf-3ae2-4a32-a1ac-c50044c816f2/element/5aa274e5-3550-40e4-b9ec-72855b0616a4/name'
10:09:29.430 [Forwarding getElementTagName on session a9e6edcf-3ae2-4a32-a1ac-c50044c816f2 to remote] DEBUG org.asynchttpclient.netty.request.NettyRequestSender - Using open Channel [id: 0xd62f6dea, L:/127.0.0.1:54647 - R:localhost/127.0.0.1:52884] for GET '/session/a9e6edcf-3ae2-4a32-a1ac-c50044c816f2/element/5aa274e5-3550-40e4-b9ec-72855b0616a4/name'
10:09:29.548 [AsyncHttpClient-1-4] DEBUG org.asynchttpclient.netty.handler.HttpHandler - 

Request DefaultFullHttpRequest(decodeResult: success, version: HTTP/1.1, content: EmptyByteBufBE)
GET /session/a9e6edcf-3ae2-4a32-a1ac-c50044c816f2/element/5aa274e5-3550-40e4-b9ec-72855b0616a4/name HTTP/1.1
User-Agent: selenium/4.1.2 (java windows)
Cache-Control: no-cache
Content-Type: application/json; charset=utf-8
host: localhost:52884
accept: */*

Response DefaultHttpResponse(decodeResult: success, version: HTTP/1.1)
HTTP/1.1 200 OK
content-type: application/json; charset=utf-8
cache-control: no-cache
date: Mon, 10 Apr 2023 03:09:28 GMT
content-length: 16

10:09:29.548 [AsyncHttpClient-1-4] DEBUG org.asynchttpclient.netty.channel.ChannelManager - Adding key: http://localhost:52884 for channel [id: 0xd62f6dea, L:/127.0.0.1:54647 - R:localhost/127.0.0.1:52884]
10:09:29.551 [Forwarding findElement on session a9e6edcf-3ae2-4a32-a1ac-c50044c816f2 to remote] DEBUG org.asynchttpclient.netty.request.NettyRequestSender - Using pooled Channel '[id: 0xd62f6dea, L:/127.0.0.1:54647 - R:localhost/127.0.0.1:52884]' for 'POST' to 'http://localhost:52884/session/a9e6edcf-3ae2-4a32-a1ac-c50044c816f2/element'
10:09:29.551 [Forwarding findElement on session a9e6edcf-3ae2-4a32-a1ac-c50044c816f2 to remote] DEBUG org.asynchttpclient.netty.request.NettyRequestSender - Using open Channel [id: 0xd62f6dea, L:/127.0.0.1:54647 - R:localhost/127.0.0.1:52884] for POST '/session/a9e6edcf-3ae2-4a32-a1ac-c50044c816f2/element'
10:09:29.617 [AsyncHttpClient-1-4] DEBUG org.asynchttpclient.netty.handler.HttpHandler - 

Request DefaultHttpRequest(decodeResult: success, version: HTTP/1.1)
POST /session/a9e6edcf-3ae2-4a32-a1ac-c50044c816f2/element HTTP/1.1
User-Agent: selenium/4.1.2 (java windows)
Content-Length: 105
Content-Type: application/json; charset=utf-8
host: localhost:52884
accept: */*

Response DefaultHttpResponse(decodeResult: success, version: HTTP/1.1)
HTTP/1.1 200 OK
content-type: application/json; charset=utf-8
cache-control: no-cache
date: Mon, 10 Apr 2023 03:09:28 GMT
content-length: 88

10:09:29.617 [AsyncHttpClient-1-4] DEBUG org.asynchttpclient.netty.channel.ChannelManager - Adding key: http://localhost:52884 for channel [id: 0xd62f6dea, L:/127.0.0.1:54647 - R:localhost/127.0.0.1:52884]
10:09:29.619 [Forwarding clickElement on session a9e6edcf-3ae2-4a32-a1ac-c50044c816f2 to remote] DEBUG org.asynchttpclient.netty.request.NettyRequestSender - Using pooled Channel '[id: 0xd62f6dea, L:/127.0.0.1:54647 - R:localhost/127.0.0.1:52884]' for 'POST' to 'http://localhost:52884/session/a9e6edcf-3ae2-4a32-a1ac-c50044c816f2/element/5aa274e5-3550-40e4-b9ec-72855b0616a4/click'
10:09:29.619 [Forwarding clickElement on session a9e6edcf-3ae2-4a32-a1ac-c50044c816f2 to remote] DEBUG org.asynchttpclient.netty.request.NettyRequestSender - Using open Channel [id: 0xd62f6dea, L:/127.0.0.1:54647 - R:localhost/127.0.0.1:52884] for POST '/session/a9e6edcf-3ae2-4a32-a1ac-c50044c816f2/element/5aa274e5-3550-40e4-b9ec-72855b0616a4/click'
10:09:30.112 [AsyncHttpClient-1-4] DEBUG org.asynchttpclient.netty.handler.HttpHandler - 

Request DefaultHttpRequest(decodeResult: success, version: HTTP/1.1)
POST /session/a9e6edcf-3ae2-4a32-a1ac-c50044c816f2/element/5aa274e5-3550-40e4-b9ec-72855b0616a4/click HTTP/1.1
User-Agent: selenium/4.1.2 (java windows)
Content-Length: 50
Content-Type: application/json; charset=utf-8
host: localhost:52884
accept: */*

Response DefaultHttpResponse(decodeResult: success, version: HTTP/1.1)
HTTP/1.1 200 OK
content-type: application/json; charset=utf-8
cache-control: no-cache
date: Mon, 10 Apr 2023 03:09:28 GMT
content-length: 14

10:09:30.113 [AsyncHttpClient-1-4] DEBUG org.asynchttpclient.netty.channel.ChannelManager - Adding key: http://localhost:52884 for channel [id: 0xd62f6dea, L:/127.0.0.1:54647 - R:localhost/127.0.0.1:52884]
  &amp#27;[32mWhen &amp#27;[0m&amp#27;[32mI will go to &amp#27;[0m&amp#27;[32m&amp#27;[1m"legging"&amp#27;[0m     &amp#27;[90m# starter.stepdefinitions.BabyStep.iWillGoTo(java.lang.String)&amp#27;[0m
10:09:30.118 [Forwarding screenshot on session a9e6edcf-3ae2-4a32-a1ac-c50044c816f2 to remote] DEBUG org.asynchttpclient.netty.request.NettyRequestSender - Using pooled Channel '[id: 0xd62f6dea, L:/127.0.0.1:54647 - R:localhost/127.0.0.1:52884]' for 'GET' to 'http://localhost:52884/session/a9e6edcf-3ae2-4a32-a1ac-c50044c816f2/screenshot'
10:09:30.118 [Forwarding screenshot on session a9e6edcf-3ae2-4a32-a1ac-c50044c816f2 to remote] DEBUG org.asynchttpclient.netty.request.NettyRequestSender - Using open Channel [id: 0xd62f6dea, L:/127.0.0.1:54647 - R:localhost/127.0.0.1:52884] for GET '/session/a9e6edcf-3ae2-4a32-a1ac-c50044c816f2/screenshot'
10:09:30.203 [AsyncHttpClient-1-4] DEBUG org.asynchttpclient.netty.handler.HttpHandler - 

Request DefaultFullHttpRequest(decodeResult: success, version: HTTP/1.1, content: EmptyByteBufBE)
GET /session/a9e6edcf-3ae2-4a32-a1ac-c50044c816f2/screenshot HTTP/1.1
User-Agent: selenium/4.1.2 (java windows)
Cache-Control: no-cache
Content-Type: application/json; charset=utf-8
host: localhost:52884
accept: */*

Response DefaultHttpResponse(decodeResult: success, version: HTTP/1.1)
HTTP/1.1 200 OK
content-type: application/json; charset=utf-8
cache-control: no-cache
date: Mon, 10 Apr 2023 03:09:30 GMT
content-length: 97512

10:09:30.204 [AsyncHttpClient-1-4] DEBUG org.asynchttpclient.netty.channel.ChannelManager - Adding key: http://localhost:52884 for channel [id: 0xd62f6dea, L:/127.0.0.1:54647 - R:localhost/127.0.0.1:52884]
10:09:30.207 [main] DEBUG net.serenitybdd.core.photography.Darkroom - Send negative for processing for target\site\serenity\102265f6957bd72f82f48db754bd54ec07fca38ceebedc1ea42a1280ead7ac16.png
10:09:30.207 [Darkroom Processing Line] DEBUG net.serenitybdd.core.photography.DarkroomProcessingLine - Processing screenshot image in /var/screenshots/screenshot-773728340820770493
10:09:30.207 [Darkroom Processing Line] DEBUG net.serenitybdd.core.photography.DarkroomProcessingLine - Saving screenshot to target\site\serenity\102265f6957bd72f82f48db754bd54ec07fca38ceebedc1ea42a1280ead7ac16.png
10:09:30.215 [Forwarding findElement on session a9e6edcf-3ae2-4a32-a1ac-c50044c816f2 to remote] DEBUG org.asynchttpclient.netty.request.NettyRequestSender - Using pooled Channel '[id: 0xd62f6dea, L:/127.0.0.1:54647 - R:localhost/127.0.0.1:52884]' for 'POST' to 'http://localhost:52884/session/a9e6edcf-3ae2-4a32-a1ac-c50044c816f2/element'
10:09:30.215 [Forwarding findElement on session a9e6edcf-3ae2-4a32-a1ac-c50044c816f2 to remote] DEBUG org.asynchttpclient.netty.request.NettyRequestSender - Using open Channel [id: 0xd62f6dea, L:/127.0.0.1:54647 - R:localhost/127.0.0.1:52884] for POST '/session/a9e6edcf-3ae2-4a32-a1ac-c50044c816f2/element'
10:09:30.301 [AsyncHttpClient-1-4] DEBUG org.asynchttpclient.netty.handler.HttpHandler - 

Request DefaultHttpRequest(decodeResult: success, version: HTTP/1.1)
POST /session/a9e6edcf-3ae2-4a32-a1ac-c50044c816f2/element HTTP/1.1
User-Agent: selenium/4.1.2 (java windows)
Content-Length: 89
Content-Type: application/json; charset=utf-8
host: localhost:52884
accept: */*

Response DefaultHttpResponse(decodeResult: success, version: HTTP/1.1)
HTTP/1.1 200 OK
content-type: application/json; charset=utf-8
cache-control: no-cache
date: Mon, 10 Apr 2023 03:09:30 GMT
content-length: 88

10:09:30.301 [AsyncHttpClient-1-4] DEBUG org.asynchttpclient.netty.channel.ChannelManager - Adding key: http://localhost:52884 for channel [id: 0xd62f6dea, L:/127.0.0.1:54647 - R:localhost/127.0.0.1:52884]
10:09:30.305 [Forwarding isElementDisplayed on session a9e6edcf-3ae2-4a32-a1ac-c50044c816f2 to remote] DEBUG org.asynchttpclient.netty.request.NettyRequestSender - Using pooled Channel '[id: 0xd62f6dea, L:/127.0.0.1:54647 - R:localhost/127.0.0.1:52884]' for 'POST' to 'http://localhost:52884/session/a9e6edcf-3ae2-4a32-a1ac-c50044c816f2/execute/sync'
10:09:30.305 [Forwarding isElementDisplayed on session a9e6edcf-3ae2-4a32-a1ac-c50044c816f2 to remote] DEBUG org.asynchttpclient.netty.request.NettyRequestSender - Using open Channel [id: 0xd62f6dea, L:/127.0.0.1:54647 - R:localhost/127.0.0.1:52884] for POST '/session/a9e6edcf-3ae2-4a32-a1ac-c50044c816f2/execute/sync'
10:09:30.325 [AsyncHttpClient-1-4] DEBUG org.asynchttpclient.netty.handler.HttpHandler - 

Request DefaultHttpRequest(decodeResult: success, version: HTTP/1.1)
POST /session/a9e6edcf-3ae2-4a32-a1ac-c50044c816f2/execute/sync HTTP/1.1
User-Agent: selenium/4.1.2 (java windows)
Content-Length: 48780
Content-Type: application/json; charset=utf-8
host: localhost:52884
accept: */*

Response DefaultHttpResponse(decodeResult: success, version: HTTP/1.1)
HTTP/1.1 200 OK
content-type: application/json; charset=utf-8
cache-control: no-cache
date: Mon, 10 Apr 2023 03:09:30 GMT
content-length: 14

10:09:30.326 [AsyncHttpClient-1-4] DEBUG org.asynchttpclient.netty.channel.ChannelManager - Adding key: http://localhost:52884 for channel [id: 0xd62f6dea, L:/127.0.0.1:54647 - R:localhost/127.0.0.1:52884]
  &amp#27;[32mAnd &amp#27;[0m&amp#27;[32mI &amp#27;[0m&amp#27;[32m&amp#27;[1m"txtLegging"&amp#27;[0m&amp#27;[32m page&amp#27;[0m         &amp#27;[90m# starter.stepdefinitions.BabyStep.iPage(java.lang.String)&amp#27;[0m
10:09:30.331 [Forwarding screenshot on session a9e6edcf-3ae2-4a32-a1ac-c50044c816f2 to remote] DEBUG org.asynchttpclient.netty.request.NettyRequestSender - Using pooled Channel '[id: 0xd62f6dea, L:/127.0.0.1:54647 - R:localhost/127.0.0.1:52884]' for 'GET' to 'http://localhost:52884/session/a9e6edcf-3ae2-4a32-a1ac-c50044c816f2/screenshot'
10:09:30.331 [Forwarding screenshot on session a9e6edcf-3ae2-4a32-a1ac-c50044c816f2 to remote] DEBUG org.asynchttpclient.netty.request.NettyRequestSender - Using open Channel [id: 0xd62f6dea, L:/127.0.0.1:54647 - R:localhost/127.0.0.1:52884] for GET '/session/a9e6edcf-3ae2-4a32-a1ac-c50044c816f2/screenshot'
10:09:30.374 [AsyncHttpClient-1-4] DEBUG org.asynchttpclient.netty.handler.HttpHandler - 

Request DefaultFullHttpRequest(decodeResult: success, version: HTTP/1.1, content: EmptyByteBufBE)
GET /session/a9e6edcf-3ae2-4a32-a1ac-c50044c816f2/screenshot HTTP/1.1
User-Agent: selenium/4.1.2 (java windows)
Cache-Control: no-cache
Content-Type: application/json; charset=utf-8
host: localhost:52884
accept: */*

Response DefaultHttpResponse(decodeResult: success, version: HTTP/1.1)
HTTP/1.1 200 OK
content-type: application/json; charset=utf-8
cache-control: no-cache
date: Mon, 10 Apr 2023 03:09:30 GMT
content-length: 79624

10:09:30.374 [AsyncHttpClient-1-4] DEBUG org.asynchttpclient.netty.channel.ChannelManager - Adding key: http://localhost:52884 for channel [id: 0xd62f6dea, L:/127.0.0.1:54647 - R:localhost/127.0.0.1:52884]
10:09:30.378 [main] DEBUG net.serenitybdd.core.photography.Darkroom - Send negative for processing for target\site\serenity\c615133fbf23948f62561f6de7d91227793fa3da42ab3e56aa79dfa1fc3deb12.png
10:09:30.379 [Darkroom Processing Line] DEBUG net.serenitybdd.core.photography.DarkroomProcessingLine - Processing screenshot image in /var/screenshots/screenshot-12984716790407320230
10:09:30.379 [Darkroom Processing Line] DEBUG net.serenitybdd.core.photography.DarkroomProcessingLine - Saving screenshot to target\site\serenity\c615133fbf23948f62561f6de7d91227793fa3da42ab3e56aa79dfa1fc3deb12.png
10:09:30.384 [Driver Command Executor] DEBUG org.asynchttpclient.netty.request.NettyRequestSender - Using pooled Channel '[id: 0xd62f6dea, L:/127.0.0.1:54647 - R:localhost/127.0.0.1:52884]' for 'DELETE' to 'http://localhost:52884/session/a9e6edcf-3ae2-4a32-a1ac-c50044c816f2'
10:09:30.384 [Driver Command Executor] DEBUG org.asynchttpclient.netty.request.NettyRequestSender - Using open Channel [id: 0xd62f6dea, L:/127.0.0.1:54647 - R:localhost/127.0.0.1:52884] for DELETE '/session/a9e6edcf-3ae2-4a32-a1ac-c50044c816f2'
10:09:31.564 [AsyncHttpClient-1-4] DEBUG org.asynchttpclient.netty.handler.HttpHandler - 

Request DefaultFullHttpRequest(decodeResult: success, version: HTTP/1.1, content: EmptyByteBufBE)
DELETE /session/a9e6edcf-3ae2-4a32-a1ac-c50044c816f2 HTTP/1.1
User-Agent: selenium/4.1.2 (java windows)
Content-Type: application/json; charset=utf-8
host: localhost:52884
accept: */*

Response DefaultHttpResponse(decodeResult: success, version: HTTP/1.1)
HTTP/1.1 200 OK
content-type: application/json; charset=utf-8
cache-control: no-cache
date: Mon, 10 Apr 2023 03:09:30 GMT
content-length: 14

10:09:31.564 [AsyncHttpClient-1-4] DEBUG org.asynchttpclient.netty.channel.ChannelManager - Adding key: http://localhost:52884 for channel [id: 0xd62f6dea, L:/127.0.0.1:54647 - R:localhost/127.0.0.1:52884]
10:09:31.567 [AsyncHttpClient-1-4] DEBUG org.asynchttpclient.netty.handler.HttpHandler - Unexpected I/O exception on channel [id: 0xd62f6dea, L:/127.0.0.1:54647 - R:localhost/127.0.0.1:52884]
java.net.SocketException: Connection reset
	at java.base/sun.nio.ch.SocketChannelImpl.throwConnectionReset(SocketChannelImpl.java:345)
	at java.base/sun.nio.ch.SocketChannelImpl.read(SocketChannelImpl.java:376)
	at io.netty.buffer.PooledByteBuf.setBytes(PooledByteBuf.java:258)
	at io.netty.buffer.AbstractByteBuf.writeBytes(AbstractByteBuf.java:1132)
	at io.netty.channel.socket.nio.NioSocketChannel.doReadBytes(NioSocketChannel.java:350)
	at io.netty.channel.nio.AbstractNioByteChannel$NioByteUnsafe.read(AbstractNioByteChannel.java:151)
	at io.netty.channel.nio.NioEventLoop.processSelectedKey(NioEventLoop.java:722)
	at io.netty.channel.nio.NioEventLoop.processSelectedKeysOptimized(NioEventLoop.java:658)
	at io.netty.channel.nio.NioEventLoop.processSelectedKeys(NioEventLoop.java:584)
	at io.netty.channel.nio.NioEventLoop.run(NioEventLoop.java:496)
	at io.netty.util.concurrent.SingleThreadEventExecutor$4.run(SingleThreadEventExecutor.java:986)
	at io.netty.util.internal.ThreadExecutorMap$2.run(ThreadExecutorMap.java:74)
	at io.netty.util.concurrent.FastThreadLocalRunnable.run(FastThreadLocalRunnable.java:30)
	at java.base/java.lang.Thread.run(Thread.java:830)
10:09:31.567 [AsyncHttpClient-1-4] DEBUG org.asynchttpclient.netty.channel.ChannelManager - Closing Channel [id: 0xd62f6dea, L:/127.0.0.1:54647 - R:localhost/127.0.0.1:52884] 
10:09:31.567 [AsyncHttpClient-1-4] DEBUG org.asynchttpclient.netty.handler.HttpHandler - Channel Closed: [id: 0xd62f6dea, L:/127.0.0.1:54647 ! R:localhost/127.0.0.1:52884] with attribute DISCARD
]]></system-out>
    <system-err><![CDATA[1681096162642	geckodriver	INFO	Listening on 127.0.0.1:52884
1681096163125	mozrunner::runner	INFO	Running command: "C:\\Program Files\\Mozilla Firefox\\firefox.exe" "--marionette" "" "--remote-debugging-port" "52161" "--remote-allow-hosts" "localhost" "-no-remote" "-profile" "C:\\Users\\alwi\\AppData\\Local\\Temp\\rust_mozprofileOOhogL"
console.warn: services.settings: Ignoring preference override of remote settings server
console.warn: services.settings: Allow by setting MOZ_REMOTE_SETTINGS_DEVTOOLS=1 in the environment
1681096163459	Marionette	INFO	Marionette enabled
Dynamically enable window occlusion 0
1681096163465	Marionette	INFO	Listening on port 54650
WebDriver BiDi listening on ws://127.0.0.1:52161
Read port: 54650
1681096163719	RemoteAgent	WARN	TLS certificate errors will be ignored for this session
console.warn: SearchSettings: "get: No settings file exists, new profile?" (new NotFoundError("Could not open the file at C:\\Users\\alwi\\AppData\\Local\\Temp\\rust_mozprofileOOhogL\\search.json.mozlz4", (void 0)))
DevTools listening on ws://127.0.0.1:52161/devtools/browser/f5bc6987-29cf-445c-961b-4066c0e8871b
Apr 10, 2023 10:09:25 AM org.openqa.selenium.remote.ProtocolHandshake createSession
INFO: Detected dialect: W3C
JavaScript warning: https://www.uniqlo.com/Mx95Yd/biG/Wo_/8-IanA/Vu7EGJtwEh/el0ZAQ/aiE/QAlg7T10, line 1: unreachable code after return statement
JavaScript warning: https://www.uniqlo.com/Mx95Yd/biG/Wo_/8-IanA/Vu7EGJtwEh/el0ZAQ/aiE/QAlg7T10, line 1: WEBGL_debug_renderer_info is deprecated in Firefox and will be removed. Please use RENDERER.
JavaScript warning: https://www.uniqlo.com/id/elgnisolqinu.js?async&seed=AIAnG2mHAQAAp6_kQ-NvC4pDCvZJooQGzCoxcLZ3CqwiSlxvcp_1EokMlmcT&x-i1ysm4mm--z=q, line 1: WEBGL_debug_renderer_info is deprecated in Firefox and will be removed. Please use RENDERER.
1681096170385	Marionette	INFO	Stopped listening on port 54650
Dynamically enable window occlusion 1
WARNING: A blocker encountered an error while we were waiting.
          Blocker:  Waiting for ping task
          Phase: TelemetryController: Waiting for pending ping activity
          State: (none)
WARNING: Error: Phase "profile-before-change" is finished, it is too late to register completion condition "OS.File: flush I/O queued before profileBeforeChange"
WARNING: addBlocker@resource://gre/modules/AsyncShutdown.sys.mjs:727:15
addBlocker@resource://gre/modules/AsyncShutdown.sys.mjs:523:26
addBlocker@resource://gre/modules/AsyncShutdown.sys.mjs:458:15
setupShutdown@resource://gre/modules/osfile/osfile_async_front.jsm:1548:28
@resource://gre/modules/osfile/osfile_async_front.jsm:1568:16
@resource://gre/modules/osfile.jsm:12:30
@resource://gre/modules/TelemetryStorage.sys.mjs:10:28
_checkPendingPings@resource://gre/modules/TelemetrySend.sys.mjs:863:17
setup@resource://gre/modules/TelemetrySend.sys.mjs:803:18
setup@resource://gre/modules/TelemetrySend.sys.mjs:241:30
setupTelemetry/this._delayedInitTask<@resource://gre/modules/TelemetryControllerParent.sys.mjs:828:36
observe@resource://gre/modules/AsyncShutdown.sys.mjs:576:16

console.error: "TelemetryScheduler.shutdown - Already shut down"
WARNING: A blocker encountered an error while we were waiting.
          Blocker:  Waiting for ping task
          Phase: TelemetryController: Waiting for pending ping activity
          State: (none)
WARNING: Error: Phase "profile-before-change" is finished, it is too late to register completion condition "OS.File: flush I/O queued before profileBeforeChange"
WARNING: addBlocker@resource://gre/modules/AsyncShutdown.sys.mjs:727:15
addBlocker@resource://gre/modules/AsyncShutdown.sys.mjs:523:26
addBlocker@resource://gre/modules/AsyncShutdown.sys.mjs:458:15
setupShutdown@resource://gre/modules/osfile/osfile_async_front.jsm:1548:28
@resource://gre/modules/osfile/osfile_async_front.jsm:1568:16
@resource://gre/modules/osfile.jsm:12:30
@resource://gre/modules/TelemetryStorage.sys.mjs:10:28
_checkPendingPings@resource://gre/modules/TelemetrySend.sys.mjs:863:17
setup@resource://gre/modules/TelemetrySend.sys.mjs:803:18
setup@resource://gre/modules/TelemetrySend.sys.mjs:241:30
setupTelemetry/this._delayedInitTask<@resource://gre/modules/TelemetryControllerParent.sys.mjs:828:36
observe@resource://gre/modules/AsyncShutdown.sys.mjs:576:16

WARNING: A blocker encountered an error while we were waiting.
          Blocker:  Waiting for ping task
          Phase: TelemetryController: Waiting for pending ping activity
          State: (none)
WARNING: Error: Phase "profile-before-change" is finished, it is too late to register completion condition "OS.File: flush I/O queued before profileBeforeChange"
WARNING: addBlocker@resource://gre/modules/AsyncShutdown.sys.mjs:727:15
addBlocker@resource://gre/modules/AsyncShutdown.sys.mjs:523:26
addBlocker@resource://gre/modules/AsyncShutdown.sys.mjs:458:15
setupShutdown@resource://gre/modules/osfile/osfile_async_front.jsm:1548:28
@resource://gre/modules/osfile/osfile_async_front.jsm:1568:16
@resource://gre/modules/osfile.jsm:12:30
@resource://gre/modules/TelemetryStorage.sys.mjs:10:28
_checkPendingPings@resource://gre/modules/TelemetrySend.sys.mjs:863:17
setup@resource://gre/modules/TelemetrySend.sys.mjs:803:18
setup@resource://gre/modules/TelemetrySend.sys.mjs:241:30
setupTelemetry/this._delayedInitTask<@resource://gre/modules/TelemetryControllerParent.sys.mjs:828:36
observe@resource://gre/modules/AsyncShutdown.sys.mjs:576:16

WARNING: A blocker encountered an error while we were waiting.
          Blocker:  TelemetryController: shutting down
          Phase: profile-before-change-telemetry
          State: Error getting state: Error: Phase "profile-before-change" is finished, it is too late to register completion condition "OS.File: flush I/O queued before profileBeforeChange" at addBlocker@resource://gre/modules/AsyncShutdown.sys.mjs:727:15
addBlocker@resource://gre/modules/AsyncShutdown.sys.mjs:523:26
addBlocker@resource://gre/modules/AsyncShutdown.sys.mjs:458:15
setupShutdown@resource://gre/modules/osfile/osfile_async_front.jsm:1548:28
@resource://gre/modules/osfile/osfile_async_front.jsm:1568:16
@resource://gre/modules/osfile.jsm:12:30
@resource://gre/modules/TelemetryStorage.sys.mjs:10:28
_checkPendingPings@resource://gre/modules/TelemetrySend.sys.mjs:863:17
setup@resource://gre/modules/TelemetrySend.sys.mjs:803:18
setup@resource://gre/modules/TelemetrySend.sys.mjs:241:30
setupTelemetry/this._delayedInitTask<@resource://gre/modules/TelemetryControllerParent.sys.mjs:828:36
observe@resource://gre/modules/AsyncShutdown.sys.mjs:576:16

WARNING: Error: Phase "profile-before-change" is finished, it is too late to register completion condition "OS.File: flush I/O queued before profileBeforeChange"
WARNING: addBlocker@resourceJ:/a/vgarSec/rmiopdtu leerrso/rA:s yrnecsShutoudown.syrs.cmej:s:/7/2g7r:e1/5mo
daudledsB/lAosycnkceSrh@urtesdoouwrnce.:s/y/sgr.em/jmso,d ulliense/ A7s2y7n:c SEhrror: Puhtadsowen ."spyrso.fmijlse:-5b2e3fo:r2e6-c
haaddnBgleo"c kiesr@ rfeisnouisrhcede,: /i/tg rise /tmooodu lleates/A sytnoc Srheutgdioswtne.rs ycso.mpmljest:io4n5 8co:n1d5it
isoent u"pSOhSu.tFdiowlen:@ refslouusrhce :I///Og rqeu/emuoedud blese/fosofriel ep/roosffiilelBee_faosryenCch_afngroen"t.
jsm:1548:28
@resourJcaevaS:c/r/igprte /emrroodurl:e sr/eossofuirlce/osfei:l/e/_garsyenc/_mfordounlte.sj/sAms:y1nc5S6h8u:t1d6ow
n@.rseysosu.rmcjes:,/ li/negr e7/2m7o: dEulrerso/ro:s fPihle.jassme: 1"2p:r30of
i@lree-sboeufrocree:-/c/hgarneg/em"o diulse sf/iTneileshemde, tirty Stiosr atogoe .lsyast.e mtjos:1 0:r2e8gi
_sctheecrk cPeonmdpilentgiPoinn gcs@ornedsition "OS.File: flush I/O queued befoourrcee: /p/rgofileBefroer/emCohdaunlgese/"Te
lJeamveatSrcyrSiepntd .esryrso.rm:j sr:8e6s3o:ur1c7e
:s/e/tgurpe@/rmeosdouulrecse:///gArse/ymncoSdhuultedso/Twne.lsyesm.emtjrsy,S enldi.snyes .m7j2s7::8 0E3r:r1o8r:
 sPehtauspe@ r"eprsoofile-burce:/e/gfroer/em-ocdhualnegse/"T eilse fmientisrhyeSde,n d.isty si.smj tso:2o4 l1a:3te0 t
so erteugpiTsetleerme tcroym/ptletiohni sc.o_nddeiltaioyne d"InOitST.aFsikl<e@:r efslouushr cIe/:O/ /qgureeu/edm obduelfeos/rTee lpermoeftirlyeCBoenftorrolleerCPhaarnegnte."sy
Js.amvajSsc:8r2i8pt:3 e6r
orbosre:r ver@reessouorucrec:e/://g/rge/rmeo/dulmeosd/ulesA/sAysnycnScShhuuttddoowwnn..ssyyss..mmjjss,: 5l7i6n:e1 67
27
: Error: Phase "profile-before-change" is finished, it is too late to register completion condition "OS.File: flush I/O queued before profileBeforeChange"
JavaScript error: resource://gre/modules/AsyncShutdown.sys.mjs, line 727: Error: Phase "profile-before-change" is finished, it is too late to register completion condition "OS.File: flush I/O queued before profileBeforeChange"
JavaScript error: resource://gre/modules/AsyncShutdown.sys.mjs, line 727: Error: Phase "profile-before-change" is finished, it is too late to register completion condition "OS.File: flush I/O queued before profileBeforeChange"
]]></system-err>
  </testcase>
  <testcase name="Fitur Menu Baby #10" classname="Baby" time="9.044">
    <system-out><![CDATA[
@baby
Scenario Outline: Fitur Menu Baby &amp#27;[90m# src/test/resources/features/Baby.feature:22&amp#27;[0m
10:09:31.625 [main] INFO io.cucumber.core.plugin.SerenityReporter - Running feature from file:///C:/Users/alwi/IdeaProjects/uniqloweb/src/test/resources/features/Baby.feature
10:09:31.636 [main] INFO net.serenitybdd.core.webdriver.driverproviders.FirefoxDriverProvider - Using automatically driver download
10:09:31.743 [main] DEBUG io.github.bonigarcia.wdm.cache.ResolutionCache - Resolution firefox=111 in cache (valid until 10:32:56 10/04/2023 WIB)
10:09:31.746 [main] DEBUG io.github.bonigarcia.wdm.cache.ResolutionCache - Resolution firefox111=0.32.2 in cache (valid until 19:30:50 10/04/2023 WIB)
10:09:31.747 [main] INFO io.github.bonigarcia.wdm.WebDriverManager - Using geckodriver 0.32.2 (resolved driver for Firefox 111)
10:09:31.758 [main] DEBUG io.github.bonigarcia.wdm.WebDriverManager - Driver geckodriver 0.32.2 found in cache
10:09:31.759 [main] INFO io.github.bonigarcia.wdm.WebDriverManager - Exporting webdriver.gecko.driver as C:\Users\alwi\.cache\selenium\geckodriver\win64\0.32.2\geckodriver.exe
10:09:31.770 [main] DEBUG net.serenitybdd.core.webdriver.driverproviders.ProvideNewDriver - Instantiating driver
10:09:31.770 [main] DEBUG net.serenitybdd.core.webdriver.driverproviders.ProvideNewDriver - Driver capabilities: Capabilities {acceptInsecureCerts: true, browserName: firefox, moz:debuggerAddress: true, moz:firefoxOptions: {args: [], profile: UEsDBBQACAgIAC9RilYAAAAAAAA...}}
10:09:32.298 [AsyncHttpClient-1-6] DEBUG org.asynchttpclient.netty.channel.NettyConnectListener - Using new Channel '[id: 0xcc61d324, L:/127.0.0.1:54741 - R:localhost/127.0.0.1:55892]' for 'POST' to '/session'
10:09:32.323 [AsyncHttpClient-1-1] DEBUG org.asynchttpclient.netty.channel.DefaultChannelPool - Entry count for : http://localhost:52884 : 1
10:09:32.323 [AsyncHttpClient-1-1] DEBUG org.asynchttpclient.netty.channel.DefaultChannelPool - Adding Candidate expired Channel [id: 0xd62f6dea, L:/127.0.0.1:54647 ! R:localhost/127.0.0.1:52884] isIdleTimeoutExpired=false isRemotelyClosed=true isTtlExpired=false
10:09:32.323 [AsyncHttpClient-1-1] DEBUG org.asynchttpclient.netty.channel.DefaultChannelPool - Closing Idle Channel [id: 0xd62f6dea, L:/127.0.0.1:54647 ! R:localhost/127.0.0.1:52884]
10:09:32.323 [AsyncHttpClient-1-1] DEBUG org.asynchttpclient.netty.channel.DefaultChannelPool - Closed 1 connections out of 1 in 0 ms
10:09:34.722 [AsyncHttpClient-1-6] DEBUG org.asynchttpclient.netty.handler.HttpHandler - 

Request DefaultHttpRequest(decodeResult: success, version: HTTP/1.1)
POST /session HTTP/1.1
User-Agent: selenium/4.1.2 (java windows)
Content-Length: 3673
Content-Type: application/json; charset=utf-8
host: localhost:55892
accept: */*

Response DefaultHttpResponse(decodeResult: success, version: HTTP/1.1)
HTTP/1.1 200 OK
content-type: application/json; charset=utf-8
cache-control: no-cache
date: Mon, 10 Apr 2023 03:09:32 GMT
content-length: 790

10:09:34.723 [AsyncHttpClient-1-6] DEBUG org.asynchttpclient.netty.channel.ChannelManager - Adding key: http://localhost:55892 for channel [id: 0xcc61d324, L:/127.0.0.1:54741 - R:localhost/127.0.0.1:55892]
10:09:34.729 [AsyncHttpClient-1-7] DEBUG org.asynchttpclient.netty.channel.NettyConnectListener - Using new Channel '[id: 0xc1a85a01, L:/127.0.0.1:54756 - R:/127.0.0.1:56613]' for 'GET' to '/json/version'
10:09:34.733 [AsyncHttpClient-1-7] DEBUG org.asynchttpclient.netty.handler.HttpHandler - 

Request DefaultFullHttpRequest(decodeResult: success, version: HTTP/1.1, content: EmptyByteBufBE)
GET /json/version HTTP/1.1
User-Agent: selenium/4.1.2 (java windows)
host: 127.0.0.1:56613
accept: */*

Response DefaultHttpResponse(decodeResult: success, version: HTTP/1.1)
HTTP/1.1 200 OK
content-type: application/json
connection: close
server: httpd.js
date: Mon, 10 Apr 2023 03:09:34 GMT
content-length: 311

10:09:34.733 [AsyncHttpClient-1-7] DEBUG org.asynchttpclient.netty.channel.ChannelManager - Closing Channel [id: 0xc1a85a01, L:/127.0.0.1:54756 - R:/127.0.0.1:56613] 
10:09:34.733 [AsyncHttpClient-1-7] DEBUG org.asynchttpclient.netty.handler.HttpHandler - Channel Closed: [id: 0xc1a85a01, L:/127.0.0.1:54756 ! R:/127.0.0.1:56613] with attribute DISCARD
10:09:34.735 [Forwarding get on session f5bead71-4f2f-4d85-a1a3-45c94be1463e to remote] DEBUG org.asynchttpclient.netty.request.NettyRequestSender - Using pooled Channel '[id: 0xcc61d324, L:/127.0.0.1:54741 - R:localhost/127.0.0.1:55892]' for 'POST' to 'http://localhost:55892/session/f5bead71-4f2f-4d85-a1a3-45c94be1463e/url'
10:09:34.735 [Forwarding get on session f5bead71-4f2f-4d85-a1a3-45c94be1463e to remote] DEBUG org.asynchttpclient.netty.request.NettyRequestSender - Using open Channel [id: 0xcc61d324, L:/127.0.0.1:54741 - R:localhost/127.0.0.1:55892] for POST '/session/f5bead71-4f2f-4d85-a1a3-45c94be1463e/url'
10:09:36.506 [AsyncHttpClient-1-6] DEBUG org.asynchttpclient.netty.handler.HttpHandler - 

Request DefaultHttpRequest(decodeResult: success, version: HTTP/1.1)
POST /session/f5bead71-4f2f-4d85-a1a3-45c94be1463e/url HTTP/1.1
User-Agent: selenium/4.1.2 (java windows)
Content-Length: 69
Content-Type: application/json; charset=utf-8
host: localhost:55892
accept: */*

Response DefaultHttpResponse(decodeResult: success, version: HTTP/1.1)
HTTP/1.1 200 OK
content-type: application/json; charset=utf-8
cache-control: no-cache
date: Mon, 10 Apr 2023 03:09:34 GMT
content-length: 14

10:09:36.506 [AsyncHttpClient-1-6] DEBUG org.asynchttpclient.netty.channel.ChannelManager - Adding key: http://localhost:55892 for channel [id: 0xcc61d324, L:/127.0.0.1:54741 - R:localhost/127.0.0.1:55892]
10:09:36.508 [Forwarding setTimeout on session f5bead71-4f2f-4d85-a1a3-45c94be1463e to remote] DEBUG org.asynchttpclient.netty.request.NettyRequestSender - Using pooled Channel '[id: 0xcc61d324, L:/127.0.0.1:54741 - R:localhost/127.0.0.1:55892]' for 'POST' to 'http://localhost:55892/session/f5bead71-4f2f-4d85-a1a3-45c94be1463e/timeouts'
10:09:36.508 [Forwarding setTimeout on session f5bead71-4f2f-4d85-a1a3-45c94be1463e to remote] DEBUG org.asynchttpclient.netty.request.NettyRequestSender - Using open Channel [id: 0xcc61d324, L:/127.0.0.1:54741 - R:localhost/127.0.0.1:55892] for POST '/session/f5bead71-4f2f-4d85-a1a3-45c94be1463e/timeouts'
10:09:36.512 [AsyncHttpClient-1-6] DEBUG org.asynchttpclient.netty.handler.HttpHandler - 

Request DefaultHttpRequest(decodeResult: success, version: HTTP/1.1)
POST /session/f5bead71-4f2f-4d85-a1a3-45c94be1463e/timeouts HTTP/1.1
User-Agent: selenium/4.1.2 (java windows)
Content-Length: 22
Content-Type: application/json; charset=utf-8
host: localhost:55892
accept: */*

Response DefaultHttpResponse(decodeResult: success, version: HTTP/1.1)
HTTP/1.1 200 OK
content-type: application/json; charset=utf-8
cache-control: no-cache
date: Mon, 10 Apr 2023 03:09:36 GMT
content-length: 14

10:09:36.512 [AsyncHttpClient-1-6] DEBUG org.asynchttpclient.netty.channel.ChannelManager - Adding key: http://localhost:55892 for channel [id: 0xcc61d324, L:/127.0.0.1:54741 - R:localhost/127.0.0.1:55892]
10:09:36.514 [Forwarding getCurrentUrl on session f5bead71-4f2f-4d85-a1a3-45c94be1463e to remote] DEBUG org.asynchttpclient.netty.request.NettyRequestSender - Using pooled Channel '[id: 0xcc61d324, L:/127.0.0.1:54741 - R:localhost/127.0.0.1:55892]' for 'GET' to 'http://localhost:55892/session/f5bead71-4f2f-4d85-a1a3-45c94be1463e/url'
10:09:36.514 [Forwarding getCurrentUrl on session f5bead71-4f2f-4d85-a1a3-45c94be1463e to remote] DEBUG org.asynchttpclient.netty.request.NettyRequestSender - Using open Channel [id: 0xcc61d324, L:/127.0.0.1:54741 - R:localhost/127.0.0.1:55892] for GET '/session/f5bead71-4f2f-4d85-a1a3-45c94be1463e/url'
10:09:36.516 [AsyncHttpClient-1-6] DEBUG org.asynchttpclient.netty.handler.HttpHandler - 

Request DefaultFullHttpRequest(decodeResult: success, version: HTTP/1.1, content: EmptyByteBufBE)
GET /session/f5bead71-4f2f-4d85-a1a3-45c94be1463e/url HTTP/1.1
User-Agent: selenium/4.1.2 (java windows)
Cache-Control: no-cache
Content-Type: application/json; charset=utf-8
host: localhost:55892
accept: */*

Response DefaultHttpResponse(decodeResult: success, version: HTTP/1.1)
HTTP/1.1 200 OK
content-type: application/json; charset=utf-8
cache-control: no-cache
date: Mon, 10 Apr 2023 03:09:36 GMT
content-length: 41

10:09:36.516 [AsyncHttpClient-1-6] DEBUG org.asynchttpclient.netty.channel.ChannelManager - Adding key: http://localhost:55892 for channel [id: 0xcc61d324, L:/127.0.0.1:54741 - R:localhost/127.0.0.1:55892]
  &amp#27;[32mGiven &amp#27;[0m&amp#27;[32mI am on the home page&amp#27;[0m     &amp#27;[90m# starter.stepdefinitions.BabyStep.iAmOnTheHomePage()&amp#27;[0m
10:09:36.523 [Forwarding screenshot on session f5bead71-4f2f-4d85-a1a3-45c94be1463e to remote] DEBUG org.asynchttpclient.netty.request.NettyRequestSender - Using pooled Channel '[id: 0xcc61d324, L:/127.0.0.1:54741 - R:localhost/127.0.0.1:55892]' for 'GET' to 'http://localhost:55892/session/f5bead71-4f2f-4d85-a1a3-45c94be1463e/screenshot'
10:09:36.523 [Forwarding screenshot on session f5bead71-4f2f-4d85-a1a3-45c94be1463e to remote] DEBUG org.asynchttpclient.netty.request.NettyRequestSender - Using open Channel [id: 0xcc61d324, L:/127.0.0.1:54741 - R:localhost/127.0.0.1:55892] for GET '/session/f5bead71-4f2f-4d85-a1a3-45c94be1463e/screenshot'
10:09:36.671 [AsyncHttpClient-1-6] DEBUG org.asynchttpclient.netty.handler.HttpHandler - 

Request DefaultFullHttpRequest(decodeResult: success, version: HTTP/1.1, content: EmptyByteBufBE)
GET /session/f5bead71-4f2f-4d85-a1a3-45c94be1463e/screenshot HTTP/1.1
User-Agent: selenium/4.1.2 (java windows)
Cache-Control: no-cache
Content-Type: application/json; charset=utf-8
host: localhost:55892
accept: */*

Response DefaultHttpResponse(decodeResult: success, version: HTTP/1.1)
HTTP/1.1 200 OK
content-type: application/json; charset=utf-8
cache-control: no-cache
date: Mon, 10 Apr 2023 03:09:36 GMT
content-length: 72768

10:09:36.672 [AsyncHttpClient-1-6] DEBUG org.asynchttpclient.netty.channel.ChannelManager - Adding key: http://localhost:55892 for channel [id: 0xcc61d324, L:/127.0.0.1:54741 - R:localhost/127.0.0.1:55892]
10:09:36.675 [main] DEBUG net.serenitybdd.core.photography.Darkroom - Send negative for processing for target\site\serenity\8a187f3a91c08c78c3e931c50d5b2c5dbc5839c1f467a3f1c3199ef41c04ed96.png
10:09:36.675 [Darkroom Processing Line] DEBUG net.serenitybdd.core.photography.DarkroomProcessingLine - Processing screenshot image in /var/screenshots/screenshot-322225926603157008
10:09:36.675 [Darkroom Processing Line] DEBUG net.serenitybdd.core.photography.DarkroomProcessingLine - Saving screenshot to target\site\serenity\8a187f3a91c08c78c3e931c50d5b2c5dbc5839c1f467a3f1c3199ef41c04ed96.png
10:09:36.682 [Forwarding findElement on session f5bead71-4f2f-4d85-a1a3-45c94be1463e to remote] DEBUG org.asynchttpclient.netty.request.NettyRequestSender - Using pooled Channel '[id: 0xcc61d324, L:/127.0.0.1:54741 - R:localhost/127.0.0.1:55892]' for 'POST' to 'http://localhost:55892/session/f5bead71-4f2f-4d85-a1a3-45c94be1463e/element'
10:09:36.682 [Forwarding findElement on session f5bead71-4f2f-4d85-a1a3-45c94be1463e to remote] DEBUG org.asynchttpclient.netty.request.NettyRequestSender - Using open Channel [id: 0xcc61d324, L:/127.0.0.1:54741 - R:localhost/127.0.0.1:55892] for POST '/session/f5bead71-4f2f-4d85-a1a3-45c94be1463e/element'
10:09:37.288 [AsyncHttpClient-1-6] DEBUG org.asynchttpclient.netty.handler.HttpHandler - 

Request DefaultHttpRequest(decodeResult: success, version: HTTP/1.1)
POST /session/f5bead71-4f2f-4d85-a1a3-45c94be1463e/element HTTP/1.1
User-Agent: selenium/4.1.2 (java windows)
Content-Length: 81
Content-Type: application/json; charset=utf-8
host: localhost:55892
accept: */*

Response DefaultHttpResponse(decodeResult: success, version: HTTP/1.1)
HTTP/1.1 200 OK
content-type: application/json; charset=utf-8
cache-control: no-cache
date: Mon, 10 Apr 2023 03:09:36 GMT
content-length: 88

10:09:37.288 [AsyncHttpClient-1-6] DEBUG org.asynchttpclient.netty.channel.ChannelManager - Adding key: http://localhost:55892 for channel [id: 0xcc61d324, L:/127.0.0.1:54741 - R:localhost/127.0.0.1:55892]
10:09:37.291 [Forwarding getElementTagName on session f5bead71-4f2f-4d85-a1a3-45c94be1463e to remote] DEBUG org.asynchttpclient.netty.request.NettyRequestSender - Using pooled Channel '[id: 0xcc61d324, L:/127.0.0.1:54741 - R:localhost/127.0.0.1:55892]' for 'GET' to 'http://localhost:55892/session/f5bead71-4f2f-4d85-a1a3-45c94be1463e/element/f4bac3da-12ab-4225-adec-347e31d7804a/name'
10:09:37.291 [Forwarding getElementTagName on session f5bead71-4f2f-4d85-a1a3-45c94be1463e to remote] DEBUG org.asynchttpclient.netty.request.NettyRequestSender - Using open Channel [id: 0xcc61d324, L:/127.0.0.1:54741 - R:localhost/127.0.0.1:55892] for GET '/session/f5bead71-4f2f-4d85-a1a3-45c94be1463e/element/f4bac3da-12ab-4225-adec-347e31d7804a/name'
10:09:37.331 [AsyncHttpClient-1-6] DEBUG org.asynchttpclient.netty.handler.HttpHandler - 

Request DefaultFullHttpRequest(decodeResult: success, version: HTTP/1.1, content: EmptyByteBufBE)
GET /session/f5bead71-4f2f-4d85-a1a3-45c94be1463e/element/f4bac3da-12ab-4225-adec-347e31d7804a/name HTTP/1.1
User-Agent: selenium/4.1.2 (java windows)
Cache-Control: no-cache
Content-Type: application/json; charset=utf-8
host: localhost:55892
accept: */*

Response DefaultHttpResponse(decodeResult: success, version: HTTP/1.1)
HTTP/1.1 200 OK
content-type: application/json; charset=utf-8
cache-control: no-cache
date: Mon, 10 Apr 2023 03:09:36 GMT
content-length: 16

10:09:37.331 [AsyncHttpClient-1-6] DEBUG org.asynchttpclient.netty.channel.ChannelManager - Adding key: http://localhost:55892 for channel [id: 0xcc61d324, L:/127.0.0.1:54741 - R:localhost/127.0.0.1:55892]
10:09:37.332 [Forwarding getElementTagName on session f5bead71-4f2f-4d85-a1a3-45c94be1463e to remote] DEBUG org.asynchttpclient.netty.request.NettyRequestSender - Using pooled Channel '[id: 0xcc61d324, L:/127.0.0.1:54741 - R:localhost/127.0.0.1:55892]' for 'GET' to 'http://localhost:55892/session/f5bead71-4f2f-4d85-a1a3-45c94be1463e/element/f4bac3da-12ab-4225-adec-347e31d7804a/name'
10:09:37.332 [Forwarding getElementTagName on session f5bead71-4f2f-4d85-a1a3-45c94be1463e to remote] DEBUG org.asynchttpclient.netty.request.NettyRequestSender - Using open Channel [id: 0xcc61d324, L:/127.0.0.1:54741 - R:localhost/127.0.0.1:55892] for GET '/session/f5bead71-4f2f-4d85-a1a3-45c94be1463e/element/f4bac3da-12ab-4225-adec-347e31d7804a/name'
10:09:37.409 [AsyncHttpClient-1-6] DEBUG org.asynchttpclient.netty.handler.HttpHandler - 

Request DefaultFullHttpRequest(decodeResult: success, version: HTTP/1.1, content: EmptyByteBufBE)
GET /session/f5bead71-4f2f-4d85-a1a3-45c94be1463e/element/f4bac3da-12ab-4225-adec-347e31d7804a/name HTTP/1.1
User-Agent: selenium/4.1.2 (java windows)
Cache-Control: no-cache
Content-Type: application/json; charset=utf-8
host: localhost:55892
accept: */*

Response DefaultHttpResponse(decodeResult: success, version: HTTP/1.1)
HTTP/1.1 200 OK
content-type: application/json; charset=utf-8
cache-control: no-cache
date: Mon, 10 Apr 2023 03:09:36 GMT
content-length: 16

10:09:37.409 [AsyncHttpClient-1-6] DEBUG org.asynchttpclient.netty.channel.ChannelManager - Adding key: http://localhost:55892 for channel [id: 0xcc61d324, L:/127.0.0.1:54741 - R:localhost/127.0.0.1:55892]
10:09:37.412 [Forwarding findElement on session f5bead71-4f2f-4d85-a1a3-45c94be1463e to remote] DEBUG org.asynchttpclient.netty.request.NettyRequestSender - Using pooled Channel '[id: 0xcc61d324, L:/127.0.0.1:54741 - R:localhost/127.0.0.1:55892]' for 'POST' to 'http://localhost:55892/session/f5bead71-4f2f-4d85-a1a3-45c94be1463e/element'
10:09:37.412 [Forwarding findElement on session f5bead71-4f2f-4d85-a1a3-45c94be1463e to remote] DEBUG org.asynchttpclient.netty.request.NettyRequestSender - Using open Channel [id: 0xcc61d324, L:/127.0.0.1:54741 - R:localhost/127.0.0.1:55892] for POST '/session/f5bead71-4f2f-4d85-a1a3-45c94be1463e/element'
10:09:37.425 [AsyncHttpClient-1-6] DEBUG org.asynchttpclient.netty.handler.HttpHandler - 

Request DefaultHttpRequest(decodeResult: success, version: HTTP/1.1)
POST /session/f5bead71-4f2f-4d85-a1a3-45c94be1463e/element HTTP/1.1
User-Agent: selenium/4.1.2 (java windows)
Content-Length: 81
Content-Type: application/json; charset=utf-8
host: localhost:55892
accept: */*

Response DefaultHttpResponse(decodeResult: success, version: HTTP/1.1)
HTTP/1.1 200 OK
content-type: application/json; charset=utf-8
cache-control: no-cache
date: Mon, 10 Apr 2023 03:09:36 GMT
content-length: 88

10:09:37.426 [AsyncHttpClient-1-6] DEBUG org.asynchttpclient.netty.channel.ChannelManager - Adding key: http://localhost:55892 for channel [id: 0xcc61d324, L:/127.0.0.1:54741 - R:localhost/127.0.0.1:55892]
10:09:37.427 [Forwarding clickElement on session f5bead71-4f2f-4d85-a1a3-45c94be1463e to remote] DEBUG org.asynchttpclient.netty.request.NettyRequestSender - Using pooled Channel '[id: 0xcc61d324, L:/127.0.0.1:54741 - R:localhost/127.0.0.1:55892]' for 'POST' to 'http://localhost:55892/session/f5bead71-4f2f-4d85-a1a3-45c94be1463e/element/f4bac3da-12ab-4225-adec-347e31d7804a/click'
10:09:37.427 [Forwarding clickElement on session f5bead71-4f2f-4d85-a1a3-45c94be1463e to remote] DEBUG org.asynchttpclient.netty.request.NettyRequestSender - Using open Channel [id: 0xcc61d324, L:/127.0.0.1:54741 - R:localhost/127.0.0.1:55892] for POST '/session/f5bead71-4f2f-4d85-a1a3-45c94be1463e/element/f4bac3da-12ab-4225-adec-347e31d7804a/click'
10:09:38.142 [AsyncHttpClient-1-6] DEBUG org.asynchttpclient.netty.handler.HttpHandler - 

Request DefaultHttpRequest(decodeResult: success, version: HTTP/1.1)
POST /session/f5bead71-4f2f-4d85-a1a3-45c94be1463e/element/f4bac3da-12ab-4225-adec-347e31d7804a/click HTTP/1.1
User-Agent: selenium/4.1.2 (java windows)
Content-Length: 50
Content-Type: application/json; charset=utf-8
host: localhost:55892
accept: */*

Response DefaultHttpResponse(decodeResult: success, version: HTTP/1.1)
HTTP/1.1 200 OK
content-type: application/json; charset=utf-8
cache-control: no-cache
date: Mon, 10 Apr 2023 03:09:36 GMT
content-length: 14

10:09:38.142 [AsyncHttpClient-1-6] DEBUG org.asynchttpclient.netty.channel.ChannelManager - Adding key: http://localhost:55892 for channel [id: 0xcc61d324, L:/127.0.0.1:54741 - R:localhost/127.0.0.1:55892]
  &amp#27;[32mThen &amp#27;[0m&amp#27;[32mI click baby on the header&amp#27;[0m &amp#27;[90m# starter.stepdefinitions.BabyStep.iClickBabyOnTheHeader()&amp#27;[0m
10:09:38.150 [Forwarding screenshot on session f5bead71-4f2f-4d85-a1a3-45c94be1463e to remote] DEBUG org.asynchttpclient.netty.request.NettyRequestSender - Using pooled Channel '[id: 0xcc61d324, L:/127.0.0.1:54741 - R:localhost/127.0.0.1:55892]' for 'GET' to 'http://localhost:55892/session/f5bead71-4f2f-4d85-a1a3-45c94be1463e/screenshot'
10:09:38.150 [Forwarding screenshot on session f5bead71-4f2f-4d85-a1a3-45c94be1463e to remote] DEBUG org.asynchttpclient.netty.request.NettyRequestSender - Using open Channel [id: 0xcc61d324, L:/127.0.0.1:54741 - R:localhost/127.0.0.1:55892] for GET '/session/f5bead71-4f2f-4d85-a1a3-45c94be1463e/screenshot'
10:09:38.339 [AsyncHttpClient-1-6] DEBUG org.asynchttpclient.netty.handler.HttpHandler - 

Request DefaultFullHttpRequest(decodeResult: success, version: HTTP/1.1, content: EmptyByteBufBE)
GET /session/f5bead71-4f2f-4d85-a1a3-45c94be1463e/screenshot HTTP/1.1
User-Agent: selenium/4.1.2 (java windows)
Cache-Control: no-cache
Content-Type: application/json; charset=utf-8
host: localhost:55892
accept: */*

Response DefaultHttpResponse(decodeResult: success, version: HTTP/1.1)
HTTP/1.1 200 OK
content-type: application/json; charset=utf-8
cache-control: no-cache
date: Mon, 10 Apr 2023 03:09:38 GMT
content-length: 98024

10:09:38.339 [AsyncHttpClient-1-6] DEBUG org.asynchttpclient.netty.channel.ChannelManager - Adding key: http://localhost:55892 for channel [id: 0xcc61d324, L:/127.0.0.1:54741 - R:localhost/127.0.0.1:55892]
10:09:38.344 [main] DEBUG net.serenitybdd.core.photography.Darkroom - Send negative for processing for target\site\serenity\bcb9a8d665d2c58a930e922f816fcc3ebc2aef855b882f3d531e7c9aa320b06d.png
10:09:38.352 [Forwarding findElement on session f5bead71-4f2f-4d85-a1a3-45c94be1463e to remote] DEBUG org.asynchttpclient.netty.request.NettyRequestSender - Using pooled Channel '[id: 0xcc61d324, L:/127.0.0.1:54741 - R:localhost/127.0.0.1:55892]' for 'POST' to 'http://localhost:55892/session/f5bead71-4f2f-4d85-a1a3-45c94be1463e/element'
10:09:38.352 [Forwarding findElement on session f5bead71-4f2f-4d85-a1a3-45c94be1463e to remote] DEBUG org.asynchttpclient.netty.request.NettyRequestSender - Using open Channel [id: 0xcc61d324, L:/127.0.0.1:54741 - R:localhost/127.0.0.1:55892] for POST '/session/f5bead71-4f2f-4d85-a1a3-45c94be1463e/element'
10:09:38.444 [AsyncHttpClient-1-6] DEBUG org.asynchttpclient.netty.handler.HttpHandler - 

Request DefaultHttpRequest(decodeResult: success, version: HTTP/1.1)
POST /session/f5bead71-4f2f-4d85-a1a3-45c94be1463e/element HTTP/1.1
User-Agent: selenium/4.1.2 (java windows)
Content-Length: 117
Content-Type: application/json; charset=utf-8
host: localhost:55892
accept: */*

Response DefaultHttpResponse(decodeResult: success, version: HTTP/1.1)
HTTP/1.1 200 OK
content-type: application/json; charset=utf-8
cache-control: no-cache
date: Mon, 10 Apr 2023 03:09:38 GMT
content-length: 88

10:09:38.444 [AsyncHttpClient-1-6] DEBUG org.asynchttpclient.netty.channel.ChannelManager - Adding key: http://localhost:55892 for channel [id: 0xcc61d324, L:/127.0.0.1:54741 - R:localhost/127.0.0.1:55892]
10:09:38.446 [Forwarding getElementTagName on session f5bead71-4f2f-4d85-a1a3-45c94be1463e to remote] DEBUG org.asynchttpclient.netty.request.NettyRequestSender - Using pooled Channel '[id: 0xcc61d324, L:/127.0.0.1:54741 - R:localhost/127.0.0.1:55892]' for 'GET' to 'http://localhost:55892/session/f5bead71-4f2f-4d85-a1a3-45c94be1463e/element/3ba97e01-9568-4a7e-a132-317c78989114/name'
10:09:38.446 [Forwarding getElementTagName on session f5bead71-4f2f-4d85-a1a3-45c94be1463e to remote] DEBUG org.asynchttpclient.netty.request.NettyRequestSender - Using open Channel [id: 0xcc61d324, L:/127.0.0.1:54741 - R:localhost/127.0.0.1:55892] for GET '/session/f5bead71-4f2f-4d85-a1a3-45c94be1463e/element/3ba97e01-9568-4a7e-a132-317c78989114/name'
10:09:38.492 [AsyncHttpClient-1-6] DEBUG org.asynchttpclient.netty.handler.HttpHandler - 

Request DefaultFullHttpRequest(decodeResult: success, version: HTTP/1.1, content: EmptyByteBufBE)
GET /session/f5bead71-4f2f-4d85-a1a3-45c94be1463e/element/3ba97e01-9568-4a7e-a132-317c78989114/name HTTP/1.1
User-Agent: selenium/4.1.2 (java windows)
Cache-Control: no-cache
Content-Type: application/json; charset=utf-8
host: localhost:55892
accept: */*

Response DefaultHttpResponse(decodeResult: success, version: HTTP/1.1)
HTTP/1.1 200 OK
content-type: application/json; charset=utf-8
cache-control: no-cache
date: Mon, 10 Apr 2023 03:09:38 GMT
content-length: 16

10:09:38.492 [AsyncHttpClient-1-6] DEBUG org.asynchttpclient.netty.channel.ChannelManager - Adding key: http://localhost:55892 for channel [id: 0xcc61d324, L:/127.0.0.1:54741 - R:localhost/127.0.0.1:55892]
10:09:38.494 [Forwarding getElementTagName on session f5bead71-4f2f-4d85-a1a3-45c94be1463e to remote] DEBUG org.asynchttpclient.netty.request.NettyRequestSender - Using pooled Channel '[id: 0xcc61d324, L:/127.0.0.1:54741 - R:localhost/127.0.0.1:55892]' for 'GET' to 'http://localhost:55892/session/f5bead71-4f2f-4d85-a1a3-45c94be1463e/element/3ba97e01-9568-4a7e-a132-317c78989114/name'
10:09:38.494 [Forwarding getElementTagName on session f5bead71-4f2f-4d85-a1a3-45c94be1463e to remote] DEBUG org.asynchttpclient.netty.request.NettyRequestSender - Using open Channel [id: 0xcc61d324, L:/127.0.0.1:54741 - R:localhost/127.0.0.1:55892] for GET '/session/f5bead71-4f2f-4d85-a1a3-45c94be1463e/element/3ba97e01-9568-4a7e-a132-317c78989114/name'
10:09:38.606 [AsyncHttpClient-1-6] DEBUG org.asynchttpclient.netty.handler.HttpHandler - 

Request DefaultFullHttpRequest(decodeResult: success, version: HTTP/1.1, content: EmptyByteBufBE)
GET /session/f5bead71-4f2f-4d85-a1a3-45c94be1463e/element/3ba97e01-9568-4a7e-a132-317c78989114/name HTTP/1.1
User-Agent: selenium/4.1.2 (java windows)
Cache-Control: no-cache
Content-Type: application/json; charset=utf-8
host: localhost:55892
accept: */*

Response DefaultHttpResponse(decodeResult: success, version: HTTP/1.1)
HTTP/1.1 200 OK
content-type: application/json; charset=utf-8
cache-control: no-cache
date: Mon, 10 Apr 2023 03:09:38 GMT
content-length: 16

10:09:38.606 [AsyncHttpClient-1-6] DEBUG org.asynchttpclient.netty.channel.ChannelManager - Adding key: http://localhost:55892 for channel [id: 0xcc61d324, L:/127.0.0.1:54741 - R:localhost/127.0.0.1:55892]
10:09:38.608 [Forwarding findElement on session f5bead71-4f2f-4d85-a1a3-45c94be1463e to remote] DEBUG org.asynchttpclient.netty.request.NettyRequestSender - Using pooled Channel '[id: 0xcc61d324, L:/127.0.0.1:54741 - R:localhost/127.0.0.1:55892]' for 'POST' to 'http://localhost:55892/session/f5bead71-4f2f-4d85-a1a3-45c94be1463e/element'
10:09:38.608 [Forwarding findElement on session f5bead71-4f2f-4d85-a1a3-45c94be1463e to remote] DEBUG org.asynchttpclient.netty.request.NettyRequestSender - Using open Channel [id: 0xcc61d324, L:/127.0.0.1:54741 - R:localhost/127.0.0.1:55892] for POST '/session/f5bead71-4f2f-4d85-a1a3-45c94be1463e/element'
10:09:38.671 [AsyncHttpClient-1-6] DEBUG org.asynchttpclient.netty.handler.HttpHandler - 

Request DefaultHttpRequest(decodeResult: success, version: HTTP/1.1)
POST /session/f5bead71-4f2f-4d85-a1a3-45c94be1463e/element HTTP/1.1
User-Agent: selenium/4.1.2 (java windows)
Content-Length: 117
Content-Type: application/json; charset=utf-8
host: localhost:55892
accept: */*

Response DefaultHttpResponse(decodeResult: success, version: HTTP/1.1)
HTTP/1.1 200 OK
content-type: application/json; charset=utf-8
cache-control: no-cache
date: Mon, 10 Apr 2023 03:09:38 GMT
content-length: 88

10:09:38.671 [AsyncHttpClient-1-6] DEBUG org.asynchttpclient.netty.channel.ChannelManager - Adding key: http://localhost:55892 for channel [id: 0xcc61d324, L:/127.0.0.1:54741 - R:localhost/127.0.0.1:55892]
10:09:38.672 [Forwarding clickElement on session f5bead71-4f2f-4d85-a1a3-45c94be1463e to remote] DEBUG org.asynchttpclient.netty.request.NettyRequestSender - Using pooled Channel '[id: 0xcc61d324, L:/127.0.0.1:54741 - R:localhost/127.0.0.1:55892]' for 'POST' to 'http://localhost:55892/session/f5bead71-4f2f-4d85-a1a3-45c94be1463e/element/3ba97e01-9568-4a7e-a132-317c78989114/click'
10:09:38.672 [Forwarding clickElement on session f5bead71-4f2f-4d85-a1a3-45c94be1463e to remote] DEBUG org.asynchttpclient.netty.request.NettyRequestSender - Using open Channel [id: 0xcc61d324, L:/127.0.0.1:54741 - R:localhost/127.0.0.1:55892] for POST '/session/f5bead71-4f2f-4d85-a1a3-45c94be1463e/element/3ba97e01-9568-4a7e-a132-317c78989114/click'
10:09:39.211 [AsyncHttpClient-1-6] DEBUG org.asynchttpclient.netty.handler.HttpHandler - 

Request DefaultHttpRequest(decodeResult: success, version: HTTP/1.1)
POST /session/f5bead71-4f2f-4d85-a1a3-45c94be1463e/element/3ba97e01-9568-4a7e-a132-317c78989114/click HTTP/1.1
User-Agent: selenium/4.1.2 (java windows)
Content-Length: 50
Content-Type: application/json; charset=utf-8
host: localhost:55892
accept: */*

Response DefaultHttpResponse(decodeResult: success, version: HTTP/1.1)
HTTP/1.1 200 OK
content-type: application/json; charset=utf-8
cache-control: no-cache
date: Mon, 10 Apr 2023 03:09:38 GMT
content-length: 14

10:09:39.211 [AsyncHttpClient-1-6] DEBUG org.asynchttpclient.netty.channel.ChannelManager - Adding key: http://localhost:55892 for channel [id: 0xcc61d324, L:/127.0.0.1:54741 - R:localhost/127.0.0.1:55892]
  &amp#27;[32mWhen &amp#27;[0m&amp#27;[32mI will go to &amp#27;[0m&amp#27;[32m&amp#27;[1m"UT1"&amp#27;[0m         &amp#27;[90m# starter.stepdefinitions.BabyStep.iWillGoTo(java.lang.String)&amp#27;[0m
10:09:39.220 [Forwarding screenshot on session f5bead71-4f2f-4d85-a1a3-45c94be1463e to remote] DEBUG org.asynchttpclient.netty.request.NettyRequestSender - Using pooled Channel '[id: 0xcc61d324, L:/127.0.0.1:54741 - R:localhost/127.0.0.1:55892]' for 'GET' to 'http://localhost:55892/session/f5bead71-4f2f-4d85-a1a3-45c94be1463e/screenshot'
10:09:39.220 [Forwarding screenshot on session f5bead71-4f2f-4d85-a1a3-45c94be1463e to remote] DEBUG org.asynchttpclient.netty.request.NettyRequestSender - Using open Channel [id: 0xcc61d324, L:/127.0.0.1:54741 - R:localhost/127.0.0.1:55892] for GET '/session/f5bead71-4f2f-4d85-a1a3-45c94be1463e/screenshot'
10:09:39.366 [AsyncHttpClient-1-6] DEBUG org.asynchttpclient.netty.handler.HttpHandler - 

Request DefaultFullHttpRequest(decodeResult: success, version: HTTP/1.1, content: EmptyByteBufBE)
GET /session/f5bead71-4f2f-4d85-a1a3-45c94be1463e/screenshot HTTP/1.1
User-Agent: selenium/4.1.2 (java windows)
Cache-Control: no-cache
Content-Type: application/json; charset=utf-8
host: localhost:55892
accept: */*

Response DefaultHttpResponse(decodeResult: success, version: HTTP/1.1)
HTTP/1.1 200 OK
content-type: application/json; charset=utf-8
cache-control: no-cache
date: Mon, 10 Apr 2023 03:09:39 GMT
content-length: 97204

10:09:39.367 [AsyncHttpClient-1-6] DEBUG org.asynchttpclient.netty.channel.ChannelManager - Adding key: http://localhost:55892 for channel [id: 0xcc61d324, L:/127.0.0.1:54741 - R:localhost/127.0.0.1:55892]
10:09:39.370 [main] DEBUG net.serenitybdd.core.photography.Darkroom - Send negative for processing for target\site\serenity\d51799723583d8687dbbcf634cb74989e9c24b09f14521581d496f2dd197f9a1.png
10:09:39.370 [Darkroom Processing Line] DEBUG net.serenitybdd.core.photography.DarkroomProcessingLine - Processing screenshot image in /var/screenshots/screenshot-10688332339421192206
10:09:39.370 [Darkroom Processing Line] DEBUG net.serenitybdd.core.photography.DarkroomProcessingLine - Saving screenshot to target\site\serenity\d51799723583d8687dbbcf634cb74989e9c24b09f14521581d496f2dd197f9a1.png
10:09:39.379 [Forwarding findElement on session f5bead71-4f2f-4d85-a1a3-45c94be1463e to remote] DEBUG org.asynchttpclient.netty.request.NettyRequestSender - Using pooled Channel '[id: 0xcc61d324, L:/127.0.0.1:54741 - R:localhost/127.0.0.1:55892]' for 'POST' to 'http://localhost:55892/session/f5bead71-4f2f-4d85-a1a3-45c94be1463e/element'
10:09:39.379 [Forwarding findElement on session f5bead71-4f2f-4d85-a1a3-45c94be1463e to remote] DEBUG org.asynchttpclient.netty.request.NettyRequestSender - Using open Channel [id: 0xcc61d324, L:/127.0.0.1:54741 - R:localhost/127.0.0.1:55892] for POST '/session/f5bead71-4f2f-4d85-a1a3-45c94be1463e/element'
10:09:39.455 [AsyncHttpClient-1-6] DEBUG org.asynchttpclient.netty.handler.HttpHandler - 

Request DefaultHttpRequest(decodeResult: success, version: HTTP/1.1)
POST /session/f5bead71-4f2f-4d85-a1a3-45c94be1463e/element HTTP/1.1
User-Agent: selenium/4.1.2 (java windows)
Content-Length: 101
Content-Type: application/json; charset=utf-8
host: localhost:55892
accept: */*

Response DefaultHttpResponse(decodeResult: success, version: HTTP/1.1)
HTTP/1.1 200 OK
content-type: application/json; charset=utf-8
cache-control: no-cache
date: Mon, 10 Apr 2023 03:09:39 GMT
content-length: 88

10:09:39.455 [AsyncHttpClient-1-6] DEBUG org.asynchttpclient.netty.channel.ChannelManager - Adding key: http://localhost:55892 for channel [id: 0xcc61d324, L:/127.0.0.1:54741 - R:localhost/127.0.0.1:55892]
10:09:39.460 [Forwarding isElementDisplayed on session f5bead71-4f2f-4d85-a1a3-45c94be1463e to remote] DEBUG org.asynchttpclient.netty.request.NettyRequestSender - Using pooled Channel '[id: 0xcc61d324, L:/127.0.0.1:54741 - R:localhost/127.0.0.1:55892]' for 'POST' to 'http://localhost:55892/session/f5bead71-4f2f-4d85-a1a3-45c94be1463e/execute/sync'
10:09:39.461 [Forwarding isElementDisplayed on session f5bead71-4f2f-4d85-a1a3-45c94be1463e to remote] DEBUG org.asynchttpclient.netty.request.NettyRequestSender - Using open Channel [id: 0xcc61d324, L:/127.0.0.1:54741 - R:localhost/127.0.0.1:55892] for POST '/session/f5bead71-4f2f-4d85-a1a3-45c94be1463e/execute/sync'
10:09:39.479 [AsyncHttpClient-1-6] DEBUG org.asynchttpclient.netty.handler.HttpHandler - 

Request DefaultHttpRequest(decodeResult: success, version: HTTP/1.1)
POST /session/f5bead71-4f2f-4d85-a1a3-45c94be1463e/execute/sync HTTP/1.1
User-Agent: selenium/4.1.2 (java windows)
Content-Length: 48780
Content-Type: application/json; charset=utf-8
host: localhost:55892
accept: */*

Response DefaultHttpResponse(decodeResult: success, version: HTTP/1.1)
HTTP/1.1 200 OK
content-type: application/json; charset=utf-8
cache-control: no-cache
date: Mon, 10 Apr 2023 03:09:39 GMT
content-length: 14

10:09:39.479 [AsyncHttpClient-1-6] DEBUG org.asynchttpclient.netty.channel.ChannelManager - Adding key: http://localhost:55892 for channel [id: 0xcc61d324, L:/127.0.0.1:54741 - R:localhost/127.0.0.1:55892]
  &amp#27;[32mAnd &amp#27;[0m&amp#27;[32mI &amp#27;[0m&amp#27;[32m&amp#27;[1m"txtUT1"&amp#27;[0m&amp#27;[32m page&amp#27;[0m             &amp#27;[90m# starter.stepdefinitions.BabyStep.iPage(java.lang.String)&amp#27;[0m
10:09:39.483 [Forwarding screenshot on session f5bead71-4f2f-4d85-a1a3-45c94be1463e to remote] DEBUG org.asynchttpclient.netty.request.NettyRequestSender - Using pooled Channel '[id: 0xcc61d324, L:/127.0.0.1:54741 - R:localhost/127.0.0.1:55892]' for 'GET' to 'http://localhost:55892/session/f5bead71-4f2f-4d85-a1a3-45c94be1463e/screenshot'
10:09:39.483 [Forwarding screenshot on session f5bead71-4f2f-4d85-a1a3-45c94be1463e to remote] DEBUG org.asynchttpclient.netty.request.NettyRequestSender - Using open Channel [id: 0xcc61d324, L:/127.0.0.1:54741 - R:localhost/127.0.0.1:55892] for GET '/session/f5bead71-4f2f-4d85-a1a3-45c94be1463e/screenshot'
10:09:39.544 [AsyncHttpClient-1-6] DEBUG org.asynchttpclient.netty.handler.HttpHandler - 

Request DefaultFullHttpRequest(decodeResult: success, version: HTTP/1.1, content: EmptyByteBufBE)
GET /session/f5bead71-4f2f-4d85-a1a3-45c94be1463e/screenshot HTTP/1.1
User-Agent: selenium/4.1.2 (java windows)
Cache-Control: no-cache
Content-Type: application/json; charset=utf-8
host: localhost:55892
accept: */*

Response DefaultHttpResponse(decodeResult: success, version: HTTP/1.1)
HTTP/1.1 200 OK
content-type: application/json; charset=utf-8
cache-control: no-cache
date: Mon, 10 Apr 2023 03:09:39 GMT
content-length: 236004

10:09:39.546 [AsyncHttpClient-1-6] DEBUG org.asynchttpclient.netty.channel.ChannelManager - Adding key: http://localhost:55892 for channel [id: 0xcc61d324, L:/127.0.0.1:54741 - R:localhost/127.0.0.1:55892]
10:09:39.555 [main] DEBUG net.serenitybdd.core.photography.Darkroom - Send negative for processing for target\site\serenity\0b0a6171e1ab296499fe955a599a417584e3d2391d3147500867570267b978a2.png
10:09:39.556 [Darkroom Processing Line] DEBUG net.serenitybdd.core.photography.DarkroomProcessingLine - Processing screenshot image in /var/screenshots/screenshot-2232013061211935337
10:09:39.556 [Darkroom Processing Line] DEBUG net.serenitybdd.core.photography.DarkroomProcessingLine - Saving screenshot to target\site\serenity\0b0a6171e1ab296499fe955a599a417584e3d2391d3147500867570267b978a2.png
10:09:39.563 [Driver Command Executor] DEBUG org.asynchttpclient.netty.request.NettyRequestSender - Using pooled Channel '[id: 0xcc61d324, L:/127.0.0.1:54741 - R:localhost/127.0.0.1:55892]' for 'DELETE' to 'http://localhost:55892/session/f5bead71-4f2f-4d85-a1a3-45c94be1463e'
10:09:39.563 [Driver Command Executor] DEBUG org.asynchttpclient.netty.request.NettyRequestSender - Using open Channel [id: 0xcc61d324, L:/127.0.0.1:54741 - R:localhost/127.0.0.1:55892] for DELETE '/session/f5bead71-4f2f-4d85-a1a3-45c94be1463e'
10:09:40.605 [AsyncHttpClient-1-6] DEBUG org.asynchttpclient.netty.handler.HttpHandler - 

Request DefaultFullHttpRequest(decodeResult: success, version: HTTP/1.1, content: EmptyByteBufBE)
DELETE /session/f5bead71-4f2f-4d85-a1a3-45c94be1463e HTTP/1.1
User-Agent: selenium/4.1.2 (java windows)
Content-Type: application/json; charset=utf-8
host: localhost:55892
accept: */*

Response DefaultHttpResponse(decodeResult: success, version: HTTP/1.1)
HTTP/1.1 200 OK
content-type: application/json; charset=utf-8
cache-control: no-cache
date: Mon, 10 Apr 2023 03:09:39 GMT
content-length: 14

10:09:40.606 [AsyncHttpClient-1-6] DEBUG org.asynchttpclient.netty.channel.ChannelManager - Adding key: http://localhost:55892 for channel [id: 0xcc61d324, L:/127.0.0.1:54741 - R:localhost/127.0.0.1:55892]
10:09:40.607 [AsyncHttpClient-1-6] DEBUG org.asynchttpclient.netty.handler.HttpHandler - Unexpected I/O exception on channel [id: 0xcc61d324, L:/127.0.0.1:54741 - R:localhost/127.0.0.1:55892]
java.net.SocketException: Connection reset
	at java.base/sun.nio.ch.SocketChannelImpl.throwConnectionReset(SocketChannelImpl.java:345)
	at java.base/sun.nio.ch.SocketChannelImpl.read(SocketChannelImpl.java:376)
	at io.netty.buffer.PooledByteBuf.setBytes(PooledByteBuf.java:258)
	at io.netty.buffer.AbstractByteBuf.writeBytes(AbstractByteBuf.java:1132)
	at io.netty.channel.socket.nio.NioSocketChannel.doReadBytes(NioSocketChannel.java:350)
	at io.netty.channel.nio.AbstractNioByteChannel$NioByteUnsafe.read(AbstractNioByteChannel.java:151)
	at io.netty.channel.nio.NioEventLoop.processSelectedKey(NioEventLoop.java:722)
	at io.netty.channel.nio.NioEventLoop.processSelectedKeysOptimized(NioEventLoop.java:658)
	at io.netty.channel.nio.NioEventLoop.processSelectedKeys(NioEventLoop.java:584)
	at io.netty.channel.nio.NioEventLoop.run(NioEventLoop.java:496)
	at io.netty.util.concurrent.SingleThreadEventExecutor$4.run(SingleThreadEventExecutor.java:986)
	at io.netty.util.internal.ThreadExecutorMap$2.run(ThreadExecutorMap.java:74)
	at io.netty.util.concurrent.FastThreadLocalRunnable.run(FastThreadLocalRunnable.java:30)
	at java.base/java.lang.Thread.run(Thread.java:830)
10:09:40.608 [AsyncHttpClient-1-6] DEBUG org.asynchttpclient.netty.channel.ChannelManager - Closing Channel [id: 0xcc61d324, L:/127.0.0.1:54741 - R:localhost/127.0.0.1:55892] 
10:09:40.608 [AsyncHttpClient-1-6] DEBUG org.asynchttpclient.netty.handler.HttpHandler - Channel Closed: [id: 0xcc61d324, L:/127.0.0.1:54741 ! R:localhost/127.0.0.1:55892] with attribute DISCARD
]]></system-out>
    <system-err><![CDATA[1681096171821	geckodriver	INFO	Listening on 127.0.0.1:55892
1681096172309	mozrunner::runner	INFO	Running command: "C:\\Program Files\\Mozilla Firefox\\firefox.exe" "--marionette" "" "--remote-debugging-port" "56613" "--remote-allow-hosts" "localhost" "-no-remote" "-profile" "C:\\Users\\alwi\\AppData\\Local\\Temp\\rust_mozprofileGKseJ0"
console.warn: services.settings: Ignoring preference override of remote settings server
console.warn: services.settings: Allow by setting MOZ_REMOTE_SETTINGS_DEVTOOLS=1 in the environment
1681096172656	Marionette	INFO	Marionette enabled
Dynamically enable window occlusion 0
1681096172662	Marionette	INFO	Listening on port 54744
WebDriver BiDi listening on ws://127.0.0.1:56613
Read port: 54744
1681096172916	RemoteAgent	WARN	TLS certificate errors will be ignored for this session
console.warn: SearchSettings: "get: No settings file exists, new profile?" (new NotFoundError("Could not open the file at C:\\Users\\alwi\\AppData\\Local\\Temp\\rust_mozprofileGKseJ0\\search.json.mozlz4", (void 0)))
DevTools listening on ws://127.0.0.1:56613/devtools/browser/6b9fcd2d-b825-4430-9fe6-25e1fbae9e0a
Apr 10, 2023 10:09:34 AM org.openqa.selenium.remote.ProtocolHandshake createSession
INFO: Detected dialect: W3C
JavaScript warning: https://www.uniqlo.com/Mx95Yd/biG/Wo_/8-IanA/Vu7EGJtwEh/el0ZAQ/aiE/QAlg7T10, line 1: unreachable code after return statement
JavaScript warning: https://www.uniqlo.com/Mx95Yd/biG/Wo_/8-IanA/Vu7EGJtwEh/el0ZAQ/aiE/QAlg7T10, line 1: WEBGL_debug_renderer_info is deprecated in Firefox and will be removed. Please use RENDERER.
JavaScript warning: https://www.uniqlo.com/id/elgnisolqinu.js?async&seed=AIAnG2mHAQAAp6_kQ-NvC4pDCvZJooQGzCoxcLZ3CqwiSlxvcp_1EokMlmcT&x-i1ysm4mm--z=q, line 1: WEBGL_debug_renderer_info is deprecated in Firefox and will be removed. Please use RENDERER.
1681096179565	Marionette	INFO	Stopped listening on port 54744
Dynamically enable window occlusion 1
WARNING: A blocker encountered an error while we were waiting.
          Blocker:  Waiting for ping task
          Phase: TelemetryController: Waiting for pending ping activity
          State: (none)
WARNING: Error: Phase "profile-before-change" is finished, it is too late to register completion condition "OS.File: flush I/O queued before profileBeforeChange"
WARNING: addBlocker@resource://gre/modules/AsyncShutdown.sys.mjs:727:15
addBlocker@resource://gre/modules/AsyncShutdown.sys.mjs:523:26
addBlocker@resource://gre/modules/AsyncShutdown.sys.mjs:458:15
setupShutdown@resource://gre/modules/osfile/osfile_async_front.jsm:1548:28
@resource://gre/modules/osfile/osfile_async_front.jsm:1568:16
@resource://gre/modules/osfile.jsm:12:30
@resource://gre/modules/TelemetryStorage.sys.mjs:10:28
_checkPendingPings@resource://gre/modules/TelemetrySend.sys.mjs:863:17
setup@resource://gre/modules/TelemetrySend.sys.mjs:803:18
setup@resource://gre/modules/TelemetrySend.sys.mjs:241:30
setupTelemetry/this._delayedInitTask<@resource://gre/modules/TelemetryControllerParent.sys.mjs:828:36
observe@resource://gre/modules/AsyncShutdown.sys.mjs:576:16

console.error: "TelemetryScheduler.shutdown - Already shut down"
WARNING: A blocker encountered an error while we were waiting.
          Blocker:  Waiting for ping task
          Phase: TelemetryController: Waiting for pending ping activity
          State: (none)
WARNING: Error: Phase "profile-before-change" is finished, it is too late to register completion condition "OS.File: flush I/O queued before profileBeforeChange"
WARNING: addBlocker@resource://gre/modules/AsyncShutdown.sys.mjs:727:15
addBlocker@resource://gre/modules/AsyncShutdown.sys.mjs:523:26
addBlocker@resource://gre/modules/AsyncShutdown.sys.mjs:458:15
setupShutdown@resource://gre/modules/osfile/osfile_async_front.jsm:1548:28
@resource://gre/modules/osfile/osfile_async_front.jsm:1568:16
@resource://gre/modules/osfile.jsm:12:30
@resource://gre/modules/TelemetryStorage.sys.mjs:10:28
_checkPendingPings@resource://gre/modules/TelemetrySend.sys.mjs:863:17
setup@resource://gre/modules/TelemetrySend.sys.mjs:803:18
setup@resource://gre/modules/TelemetrySend.sys.mjs:241:30
setupTelemetry/this._delayedInitTask<@resource://gre/modules/TelemetryControllerParent.sys.mjs:828:36
observe@resource://gre/modules/AsyncShutdown.sys.mjs:576:16

WARNING: A blocker encountered an error while we were waiting.
          Blocker:  Waiting for ping task
          Phase: TelemetryController: Waiting for pending ping activity
          State: (none)
WARNING: Error: Phase "profile-before-change" is finished, it is too late to register completion condition "OS.File: flush I/O queued before profileBeforeChange"
WARNING: addBlocker@resource://gre/modules/AsyncShutdown.sys.mjs:727:15
addBlocker@resource://gre/modules/AsyncShutdown.sys.mjs:523:26
addBlocker@resource://gre/modules/AsyncShutdown.sys.mjs:458:15
setupShutdown@resource://gre/modules/osfile/osfile_async_front.jsm:1548:28
@resource://gre/modules/osfile/osfile_async_front.jsm:1568:16
@resource://gre/modules/osfile.jsm:12:30
@resource://gre/modules/TelemetryStorage.sys.mjs:10:28
_checkPendingPings@resource://gre/modules/TelemetrySend.sys.mjs:863:17
setup@resource://gre/modules/TelemetrySend.sys.mjs:803:18
setup@resource://gre/modules/TelemetrySend.sys.mjs:241:30
setupTelemetry/this._delayedInitTask<@resource://gre/modules/TelemetryControllerParent.sys.mjs:828:36
observe@resource://gre/modules/AsyncShutdown.sys.mjs:576:16

WARNING: A blocker encountered an error while we were waiting.
          Blocker:  TelemetryController: shutting down
          Phase: profile-before-change-telemetry
          State: Error getting state: Error: Phase "profile-before-change" is finished, it is too late to register completion condition "OS.File: flush I/O queued before profileBeforeChange" at addBlocker@resource://gre/modules/AsyncShutdown.sys.mjs:727:15
addBlocker@resource://gre/modules/AsyncShutdown.sys.mjs:523:26
addBlocker@resource://gre/modules/AsyncShutdown.sys.mjs:458:15
setupShutdown@resource://gre/modules/osfile/osfile_async_front.jsm:1548:28
@resource://gre/modules/osfile/osfile_async_front.jsm:1568:16
@resource://gre/modules/osfile.jsm:12:30
@resource://gre/modules/TelemetryStorage.sys.mjs:10:28
_checkPendingPings@resource://gre/modules/TelemetrySend.sys.mjs:863:17
setup@resource://gre/modules/TelemetrySend.sys.mjs:803:18
setup@resource://gre/modules/TelemetrySend.sys.mjs:241:30
setupTelemetry/this._delayedInitTask<@resource://gre/modules/TelemetryControllerParent.sys.mjs:828:36
observe@resource://gre/modules/AsyncShutdown.sys.mjs:576:16

WARNING: Error: Phase "profile-before-change" is finished, it is too late to register completion condition "OS.File: flush I/O queued before profileBeforeChange"
WARNING: addBlocker@resource://gre/modules/AsyncShutdown.sys.mjs:727:15
addBlocker@resource://gre/modules/AsyncShutdown.sys.mjs:523:26
addBlocker@resource://gre/modules/AsyncShutdown.sys.mjs:458J:a15va
sSectruippShutt doewrnr@orre:s oruersceo:ur/c/e://gre/modulgesr/eAs/ynmcodSuhluest/dooswfni.lsey/so.smfjisl, el_ianseyn c72_7f:r oEnrtr.ojrs:m :P1h5a4s8:e 28"
p@rroefisloe-ubrecfeo:r/e/-gcrhae/mngoed"u liess /foisnfiishleed,/ oisfile_ta siys ntcoo_ flartoen tt.oj srme:15g6i8s:t1e6r 
c@ormeplseotuiornc ce:o/n/dgriet/imoond u"lOeSs./Foislfei:l eflu.sjh sIm/O: 1q2u:e3u0ed 
b@erfoerseo uprcreo:f/i/lgerBeef/oremCohdaunglees"/Te
lemetryStorage.JasvyasS.cmrjispt er:ro1r0::2 8re
s_ocuhrecce:k/P/egnred/imnogdPuilnesg/Assy@nrceShsutdown.sys.mjs, line 727:ource:/ /grEer/rmoord:u Phasle e"sp/rTofeillee-mbeetfroyrSee-ncdh.ansgys.em"j si:s8 6f3i:nis1h7ed
,se ittu p@irse stoouor lcaet:e/ /tog rreeg/imodulsetesr/ TceolmeplmeettiroynS ecnodn.sdyist.imonj s":O8S.0F3i:l1e8: 
fseltuups@hr eIs/oOu rqcueeu:e/d/ bgefroe/morduel epsr/ofTielleBeemfoerterCyhSaenndg.e"sy
sJa.vmajSsc:r2i41pt: e3r0ro
r:s erteuspoTurcee:l/e/gmreetry/thi/sm.odules/As_ydneclSahuyetddIonwint.Tassyk<@sr.emsjosu,r clei:ne//g 7r2e/7m:o dEurrolre:s /PThealseem etr"ypCronofilet-rbeoflorleer-Pchaarenngte."s yiss. mfjisn:is8h2e8d:, 3i6t 
iosb steorov lea@tree stoou rrceeg:i/st/erg rceom/pmloedtuiloens c/oAnsdyintciSonh u"tOdS.oFwinl.es:y sf.lmujss:h5 7I6/:O1 q6ueu
ed
 before profileBeforeChange"
JavaScript error: resource://gre/modules/AsyncShutdown.sys.mjs, line 727: Error: Phase "profile-before-change" is finished, it is too late to register completion condition "OS.File: flush I/O queued before profileBeforeChange"
JavaScript error: resource://gre/modules/AsyncShutdown.sys.mjs, line 727: Error: Phase "profile-before-change" is finished, it is too late to register completion condition "OS.File: flush I/O queued before profileBeforeChange"
JavaScript error: resource://gre/modules/AsyncShutdown.sys.mjs, line 727: Error: Phase "profile-before-change" is finished, it is too late to register completion condition "OS.File: flush I/O queued before profileBeforeChange"
]]></system-err>
  </testcase>
  <testcase name="Fitur Menu Baby #11" classname="Baby" time="9.316">
    <system-out><![CDATA[
@baby
Scenario Outline: Fitur Menu Baby &amp#27;[90m# src/test/resources/features/Baby.feature:23&amp#27;[0m
10:09:40.669 [main] INFO io.cucumber.core.plugin.SerenityReporter - Running feature from file:///C:/Users/alwi/IdeaProjects/uniqloweb/src/test/resources/features/Baby.feature
10:09:40.684 [main] INFO net.serenitybdd.core.webdriver.driverproviders.FirefoxDriverProvider - Using automatically driver download
10:09:40.798 [main] DEBUG io.github.bonigarcia.wdm.cache.ResolutionCache - Resolution firefox=111 in cache (valid until 10:32:56 10/04/2023 WIB)
10:09:40.801 [main] DEBUG io.github.bonigarcia.wdm.cache.ResolutionCache - Resolution firefox111=0.32.2 in cache (valid until 19:30:50 10/04/2023 WIB)
10:09:40.802 [main] INFO io.github.bonigarcia.wdm.WebDriverManager - Using geckodriver 0.32.2 (resolved driver for Firefox 111)
10:09:40.815 [main] DEBUG io.github.bonigarcia.wdm.WebDriverManager - Driver geckodriver 0.32.2 found in cache
10:09:40.816 [main] INFO io.github.bonigarcia.wdm.WebDriverManager - Exporting webdriver.gecko.driver as C:\Users\alwi\.cache\selenium\geckodriver\win64\0.32.2\geckodriver.exe
10:09:40.828 [main] DEBUG net.serenitybdd.core.webdriver.driverproviders.ProvideNewDriver - Instantiating driver
10:09:40.828 [main] DEBUG net.serenitybdd.core.webdriver.driverproviders.ProvideNewDriver - Driver capabilities: Capabilities {acceptInsecureCerts: true, browserName: firefox, moz:debuggerAddress: true, moz:firefoxOptions: {args: [], profile: UEsDBBQACAgIADRRilYAAAAAAAA...}}
10:09:41.119 [AsyncHttpClient-1-1] DEBUG org.asynchttpclient.netty.channel.DefaultChannelPool - Entry count for : http://localhost:55892 : 1
10:09:41.119 [AsyncHttpClient-1-1] DEBUG org.asynchttpclient.netty.channel.DefaultChannelPool - Adding Candidate expired Channel [id: 0xcc61d324, L:/127.0.0.1:54741 ! R:localhost/127.0.0.1:55892] isIdleTimeoutExpired=false isRemotelyClosed=true isTtlExpired=false
10:09:41.119 [AsyncHttpClient-1-1] DEBUG org.asynchttpclient.netty.channel.DefaultChannelPool - Closing Idle Channel [id: 0xcc61d324, L:/127.0.0.1:54741 ! R:localhost/127.0.0.1:55892]
10:09:41.119 [AsyncHttpClient-1-1] DEBUG org.asynchttpclient.netty.channel.DefaultChannelPool - Closed 1 connections out of 1 in 0 ms
10:09:41.357 [AsyncHttpClient-1-8] DEBUG org.asynchttpclient.netty.channel.NettyConnectListener - Using new Channel '[id: 0x8808a220, L:/127.0.0.1:54844 - R:localhost/127.0.0.1:55985]' for 'POST' to '/session'
10:09:43.749 [AsyncHttpClient-1-8] DEBUG org.asynchttpclient.netty.handler.HttpHandler - 

Request DefaultHttpRequest(decodeResult: success, version: HTTP/1.1)
POST /session HTTP/1.1
User-Agent: selenium/4.1.2 (java windows)
Content-Length: 3673
Content-Type: application/json; charset=utf-8
host: localhost:55985
accept: */*

Response DefaultHttpResponse(decodeResult: success, version: HTTP/1.1)
HTTP/1.1 200 OK
content-type: application/json; charset=utf-8
cache-control: no-cache
date: Mon, 10 Apr 2023 03:09:41 GMT
content-length: 789

10:09:43.750 [AsyncHttpClient-1-8] DEBUG org.asynchttpclient.netty.channel.ChannelManager - Adding key: http://localhost:55985 for channel [id: 0x8808a220, L:/127.0.0.1:54844 - R:localhost/127.0.0.1:55985]
10:09:43.755 [AsyncHttpClient-1-9] DEBUG org.asynchttpclient.netty.channel.NettyConnectListener - Using new Channel '[id: 0x27d9c515, L:/127.0.0.1:54858 - R:/127.0.0.1:58407]' for 'GET' to '/json/version'
10:09:43.758 [AsyncHttpClient-1-9] DEBUG org.asynchttpclient.netty.handler.HttpHandler - 

Request DefaultFullHttpRequest(decodeResult: success, version: HTTP/1.1, content: EmptyByteBufBE)
GET /json/version HTTP/1.1
User-Agent: selenium/4.1.2 (java windows)
host: 127.0.0.1:58407
accept: */*

Response DefaultHttpResponse(decodeResult: success, version: HTTP/1.1)
HTTP/1.1 200 OK
content-type: application/json
connection: close
server: httpd.js
date: Mon, 10 Apr 2023 03:09:43 GMT
content-length: 311

10:09:43.758 [AsyncHttpClient-1-9] DEBUG org.asynchttpclient.netty.channel.ChannelManager - Closing Channel [id: 0x27d9c515, L:/127.0.0.1:54858 - R:/127.0.0.1:58407] 
10:09:43.759 [AsyncHttpClient-1-9] DEBUG org.asynchttpclient.netty.handler.HttpHandler - Channel Closed: [id: 0x27d9c515, L:/127.0.0.1:54858 ! R:/127.0.0.1:58407] with attribute DISCARD
10:09:43.761 [Forwarding get on session c5d35f25-363f-4256-8755-a1f9b8fe559e to remote] DEBUG org.asynchttpclient.netty.request.NettyRequestSender - Using pooled Channel '[id: 0x8808a220, L:/127.0.0.1:54844 - R:localhost/127.0.0.1:55985]' for 'POST' to 'http://localhost:55985/session/c5d35f25-363f-4256-8755-a1f9b8fe559e/url'
10:09:43.761 [Forwarding get on session c5d35f25-363f-4256-8755-a1f9b8fe559e to remote] DEBUG org.asynchttpclient.netty.request.NettyRequestSender - Using open Channel [id: 0x8808a220, L:/127.0.0.1:54844 - R:localhost/127.0.0.1:55985] for POST '/session/c5d35f25-363f-4256-8755-a1f9b8fe559e/url'
10:09:45.531 [AsyncHttpClient-1-8] DEBUG org.asynchttpclient.netty.handler.HttpHandler - 

Request DefaultHttpRequest(decodeResult: success, version: HTTP/1.1)
POST /session/c5d35f25-363f-4256-8755-a1f9b8fe559e/url HTTP/1.1
User-Agent: selenium/4.1.2 (java windows)
Content-Length: 69
Content-Type: application/json; charset=utf-8
host: localhost:55985
accept: */*

Response DefaultHttpResponse(decodeResult: success, version: HTTP/1.1)
HTTP/1.1 200 OK
content-type: application/json; charset=utf-8
cache-control: no-cache
date: Mon, 10 Apr 2023 03:09:43 GMT
content-length: 14

10:09:45.531 [AsyncHttpClient-1-8] DEBUG org.asynchttpclient.netty.channel.ChannelManager - Adding key: http://localhost:55985 for channel [id: 0x8808a220, L:/127.0.0.1:54844 - R:localhost/127.0.0.1:55985]
10:09:45.533 [Forwarding setTimeout on session c5d35f25-363f-4256-8755-a1f9b8fe559e to remote] DEBUG org.asynchttpclient.netty.request.NettyRequestSender - Using pooled Channel '[id: 0x8808a220, L:/127.0.0.1:54844 - R:localhost/127.0.0.1:55985]' for 'POST' to 'http://localhost:55985/session/c5d35f25-363f-4256-8755-a1f9b8fe559e/timeouts'
10:09:45.533 [Forwarding setTimeout on session c5d35f25-363f-4256-8755-a1f9b8fe559e to remote] DEBUG org.asynchttpclient.netty.request.NettyRequestSender - Using open Channel [id: 0x8808a220, L:/127.0.0.1:54844 - R:localhost/127.0.0.1:55985] for POST '/session/c5d35f25-363f-4256-8755-a1f9b8fe559e/timeouts'
10:09:45.534 [AsyncHttpClient-1-8] DEBUG org.asynchttpclient.netty.handler.HttpHandler - 

Request DefaultHttpRequest(decodeResult: success, version: HTTP/1.1)
POST /session/c5d35f25-363f-4256-8755-a1f9b8fe559e/timeouts HTTP/1.1
User-Agent: selenium/4.1.2 (java windows)
Content-Length: 22
Content-Type: application/json; charset=utf-8
host: localhost:55985
accept: */*

Response DefaultHttpResponse(decodeResult: success, version: HTTP/1.1)
HTTP/1.1 200 OK
content-type: application/json; charset=utf-8
cache-control: no-cache
date: Mon, 10 Apr 2023 03:09:45 GMT
content-length: 14

10:09:45.535 [AsyncHttpClient-1-8] DEBUG org.asynchttpclient.netty.channel.ChannelManager - Adding key: http://localhost:55985 for channel [id: 0x8808a220, L:/127.0.0.1:54844 - R:localhost/127.0.0.1:55985]
10:09:45.537 [Forwarding getCurrentUrl on session c5d35f25-363f-4256-8755-a1f9b8fe559e to remote] DEBUG org.asynchttpclient.netty.request.NettyRequestSender - Using pooled Channel '[id: 0x8808a220, L:/127.0.0.1:54844 - R:localhost/127.0.0.1:55985]' for 'GET' to 'http://localhost:55985/session/c5d35f25-363f-4256-8755-a1f9b8fe559e/url'
10:09:45.537 [Forwarding getCurrentUrl on session c5d35f25-363f-4256-8755-a1f9b8fe559e to remote] DEBUG org.asynchttpclient.netty.request.NettyRequestSender - Using open Channel [id: 0x8808a220, L:/127.0.0.1:54844 - R:localhost/127.0.0.1:55985] for GET '/session/c5d35f25-363f-4256-8755-a1f9b8fe559e/url'
10:09:45.544 [AsyncHttpClient-1-8] DEBUG org.asynchttpclient.netty.handler.HttpHandler - 

Request DefaultFullHttpRequest(decodeResult: success, version: HTTP/1.1, content: EmptyByteBufBE)
GET /session/c5d35f25-363f-4256-8755-a1f9b8fe559e/url HTTP/1.1
User-Agent: selenium/4.1.2 (java windows)
Cache-Control: no-cache
Content-Type: application/json; charset=utf-8
host: localhost:55985
accept: */*

Response DefaultHttpResponse(decodeResult: success, version: HTTP/1.1)
HTTP/1.1 200 OK
content-type: application/json; charset=utf-8
cache-control: no-cache
date: Mon, 10 Apr 2023 03:09:45 GMT
content-length: 41

10:09:45.544 [AsyncHttpClient-1-8] DEBUG org.asynchttpclient.netty.channel.ChannelManager - Adding key: http://localhost:55985 for channel [id: 0x8808a220, L:/127.0.0.1:54844 - R:localhost/127.0.0.1:55985]
  &amp#27;[32mGiven &amp#27;[0m&amp#27;[32mI am on the home page&amp#27;[0m     &amp#27;[90m# starter.stepdefinitions.BabyStep.iAmOnTheHomePage()&amp#27;[0m
10:09:45.549 [Forwarding screenshot on session c5d35f25-363f-4256-8755-a1f9b8fe559e to remote] DEBUG org.asynchttpclient.netty.request.NettyRequestSender - Using pooled Channel '[id: 0x8808a220, L:/127.0.0.1:54844 - R:localhost/127.0.0.1:55985]' for 'GET' to 'http://localhost:55985/session/c5d35f25-363f-4256-8755-a1f9b8fe559e/screenshot'
10:09:45.549 [Forwarding screenshot on session c5d35f25-363f-4256-8755-a1f9b8fe559e to remote] DEBUG org.asynchttpclient.netty.request.NettyRequestSender - Using open Channel [id: 0x8808a220, L:/127.0.0.1:54844 - R:localhost/127.0.0.1:55985] for GET '/session/c5d35f25-363f-4256-8755-a1f9b8fe559e/screenshot'
10:09:46.198 [AsyncHttpClient-1-8] DEBUG org.asynchttpclient.netty.handler.HttpHandler - 

Request DefaultFullHttpRequest(decodeResult: success, version: HTTP/1.1, content: EmptyByteBufBE)
GET /session/c5d35f25-363f-4256-8755-a1f9b8fe559e/screenshot HTTP/1.1
User-Agent: selenium/4.1.2 (java windows)
Cache-Control: no-cache
Content-Type: application/json; charset=utf-8
host: localhost:55985
accept: */*

Response DefaultHttpResponse(decodeResult: success, version: HTTP/1.1)
HTTP/1.1 200 OK
content-type: application/json; charset=utf-8
cache-control: no-cache
date: Mon, 10 Apr 2023 03:09:45 GMT
content-length: 102292

10:09:46.199 [AsyncHttpClient-1-8] DEBUG org.asynchttpclient.netty.channel.ChannelManager - Adding key: http://localhost:55985 for channel [id: 0x8808a220, L:/127.0.0.1:54844 - R:localhost/127.0.0.1:55985]
10:09:46.205 [main] DEBUG net.serenitybdd.core.photography.Darkroom - Send negative for processing for target\site\serenity\8a0c8bc2dbf42a46aae3cd1beaa455337d476816f85a827b12453669e5ebd143.png
10:09:46.221 [Forwarding findElement on session c5d35f25-363f-4256-8755-a1f9b8fe559e to remote] DEBUG org.asynchttpclient.netty.request.NettyRequestSender - Using pooled Channel '[id: 0x8808a220, L:/127.0.0.1:54844 - R:localhost/127.0.0.1:55985]' for 'POST' to 'http://localhost:55985/session/c5d35f25-363f-4256-8755-a1f9b8fe559e/element'
10:09:46.221 [Forwarding findElement on session c5d35f25-363f-4256-8755-a1f9b8fe559e to remote] DEBUG org.asynchttpclient.netty.request.NettyRequestSender - Using open Channel [id: 0x8808a220, L:/127.0.0.1:54844 - R:localhost/127.0.0.1:55985] for POST '/session/c5d35f25-363f-4256-8755-a1f9b8fe559e/element'
10:09:46.267 [AsyncHttpClient-1-8] DEBUG org.asynchttpclient.netty.handler.HttpHandler - 

Request DefaultHttpRequest(decodeResult: success, version: HTTP/1.1)
POST /session/c5d35f25-363f-4256-8755-a1f9b8fe559e/element HTTP/1.1
User-Agent: selenium/4.1.2 (java windows)
Content-Length: 81
Content-Type: application/json; charset=utf-8
host: localhost:55985
accept: */*

Response DefaultHttpResponse(decodeResult: success, version: HTTP/1.1)
HTTP/1.1 200 OK
content-type: application/json; charset=utf-8
cache-control: no-cache
date: Mon, 10 Apr 2023 03:09:45 GMT
content-length: 88

10:09:46.267 [AsyncHttpClient-1-8] DEBUG org.asynchttpclient.netty.channel.ChannelManager - Adding key: http://localhost:55985 for channel [id: 0x8808a220, L:/127.0.0.1:54844 - R:localhost/127.0.0.1:55985]
10:09:46.269 [Forwarding getElementTagName on session c5d35f25-363f-4256-8755-a1f9b8fe559e to remote] DEBUG org.asynchttpclient.netty.request.NettyRequestSender - Using pooled Channel '[id: 0x8808a220, L:/127.0.0.1:54844 - R:localhost/127.0.0.1:55985]' for 'GET' to 'http://localhost:55985/session/c5d35f25-363f-4256-8755-a1f9b8fe559e/element/859dc25e-9278-4b99-b89f-aa213feb4707/name'
10:09:46.270 [Forwarding getElementTagName on session c5d35f25-363f-4256-8755-a1f9b8fe559e to remote] DEBUG org.asynchttpclient.netty.request.NettyRequestSender - Using open Channel [id: 0x8808a220, L:/127.0.0.1:54844 - R:localhost/127.0.0.1:55985] for GET '/session/c5d35f25-363f-4256-8755-a1f9b8fe559e/element/859dc25e-9278-4b99-b89f-aa213feb4707/name'
10:09:46.399 [AsyncHttpClient-1-8] DEBUG org.asynchttpclient.netty.handler.HttpHandler - 

Request DefaultFullHttpRequest(decodeResult: success, version: HTTP/1.1, content: EmptyByteBufBE)
GET /session/c5d35f25-363f-4256-8755-a1f9b8fe559e/element/859dc25e-9278-4b99-b89f-aa213feb4707/name HTTP/1.1
User-Agent: selenium/4.1.2 (java windows)
Cache-Control: no-cache
Content-Type: application/json; charset=utf-8
host: localhost:55985
accept: */*

Response DefaultHttpResponse(decodeResult: success, version: HTTP/1.1)
HTTP/1.1 200 OK
content-type: application/json; charset=utf-8
cache-control: no-cache
date: Mon, 10 Apr 2023 03:09:45 GMT
content-length: 16

10:09:46.399 [AsyncHttpClient-1-8] DEBUG org.asynchttpclient.netty.channel.ChannelManager - Adding key: http://localhost:55985 for channel [id: 0x8808a220, L:/127.0.0.1:54844 - R:localhost/127.0.0.1:55985]
10:09:46.401 [Forwarding getElementTagName on session c5d35f25-363f-4256-8755-a1f9b8fe559e to remote] DEBUG org.asynchttpclient.netty.request.NettyRequestSender - Using pooled Channel '[id: 0x8808a220, L:/127.0.0.1:54844 - R:localhost/127.0.0.1:55985]' for 'GET' to 'http://localhost:55985/session/c5d35f25-363f-4256-8755-a1f9b8fe559e/element/859dc25e-9278-4b99-b89f-aa213feb4707/name'
10:09:46.401 [Forwarding getElementTagName on session c5d35f25-363f-4256-8755-a1f9b8fe559e to remote] DEBUG org.asynchttpclient.netty.request.NettyRequestSender - Using open Channel [id: 0x8808a220, L:/127.0.0.1:54844 - R:localhost/127.0.0.1:55985] for GET '/session/c5d35f25-363f-4256-8755-a1f9b8fe559e/element/859dc25e-9278-4b99-b89f-aa213feb4707/name'
10:09:46.450 [AsyncHttpClient-1-8] DEBUG org.asynchttpclient.netty.handler.HttpHandler - 

Request DefaultFullHttpRequest(decodeResult: success, version: HTTP/1.1, content: EmptyByteBufBE)
GET /session/c5d35f25-363f-4256-8755-a1f9b8fe559e/element/859dc25e-9278-4b99-b89f-aa213feb4707/name HTTP/1.1
User-Agent: selenium/4.1.2 (java windows)
Cache-Control: no-cache
Content-Type: application/json; charset=utf-8
host: localhost:55985
accept: */*

Response DefaultHttpResponse(decodeResult: success, version: HTTP/1.1)
HTTP/1.1 200 OK
content-type: application/json; charset=utf-8
cache-control: no-cache
date: Mon, 10 Apr 2023 03:09:45 GMT
content-length: 16

10:09:46.450 [AsyncHttpClient-1-8] DEBUG org.asynchttpclient.netty.channel.ChannelManager - Adding key: http://localhost:55985 for channel [id: 0x8808a220, L:/127.0.0.1:54844 - R:localhost/127.0.0.1:55985]
10:09:46.452 [Forwarding findElement on session c5d35f25-363f-4256-8755-a1f9b8fe559e to remote] DEBUG org.asynchttpclient.netty.request.NettyRequestSender - Using pooled Channel '[id: 0x8808a220, L:/127.0.0.1:54844 - R:localhost/127.0.0.1:55985]' for 'POST' to 'http://localhost:55985/session/c5d35f25-363f-4256-8755-a1f9b8fe559e/element'
10:09:46.453 [Forwarding findElement on session c5d35f25-363f-4256-8755-a1f9b8fe559e to remote] DEBUG org.asynchttpclient.netty.request.NettyRequestSender - Using open Channel [id: 0x8808a220, L:/127.0.0.1:54844 - R:localhost/127.0.0.1:55985] for POST '/session/c5d35f25-363f-4256-8755-a1f9b8fe559e/element'
10:09:46.479 [AsyncHttpClient-1-8] DEBUG org.asynchttpclient.netty.handler.HttpHandler - 

Request DefaultHttpRequest(decodeResult: success, version: HTTP/1.1)
POST /session/c5d35f25-363f-4256-8755-a1f9b8fe559e/element HTTP/1.1
User-Agent: selenium/4.1.2 (java windows)
Content-Length: 81
Content-Type: application/json; charset=utf-8
host: localhost:55985
accept: */*

Response DefaultHttpResponse(decodeResult: success, version: HTTP/1.1)
HTTP/1.1 200 OK
content-type: application/json; charset=utf-8
cache-control: no-cache
date: Mon, 10 Apr 2023 03:09:45 GMT
content-length: 88

10:09:46.480 [AsyncHttpClient-1-8] DEBUG org.asynchttpclient.netty.channel.ChannelManager - Adding key: http://localhost:55985 for channel [id: 0x8808a220, L:/127.0.0.1:54844 - R:localhost/127.0.0.1:55985]
10:09:46.482 [Forwarding clickElement on session c5d35f25-363f-4256-8755-a1f9b8fe559e to remote] DEBUG org.asynchttpclient.netty.request.NettyRequestSender - Using pooled Channel '[id: 0x8808a220, L:/127.0.0.1:54844 - R:localhost/127.0.0.1:55985]' for 'POST' to 'http://localhost:55985/session/c5d35f25-363f-4256-8755-a1f9b8fe559e/element/859dc25e-9278-4b99-b89f-aa213feb4707/click'
10:09:46.482 [Forwarding clickElement on session c5d35f25-363f-4256-8755-a1f9b8fe559e to remote] DEBUG org.asynchttpclient.netty.request.NettyRequestSender - Using open Channel [id: 0x8808a220, L:/127.0.0.1:54844 - R:localhost/127.0.0.1:55985] for POST '/session/c5d35f25-363f-4256-8755-a1f9b8fe559e/element/859dc25e-9278-4b99-b89f-aa213feb4707/click'
10:09:47.435 [AsyncHttpClient-1-8] DEBUG org.asynchttpclient.netty.handler.HttpHandler - 

Request DefaultHttpRequest(decodeResult: success, version: HTTP/1.1)
POST /session/c5d35f25-363f-4256-8755-a1f9b8fe559e/element/859dc25e-9278-4b99-b89f-aa213feb4707/click HTTP/1.1
User-Agent: selenium/4.1.2 (java windows)
Content-Length: 50
Content-Type: application/json; charset=utf-8
host: localhost:55985
accept: */*

Response DefaultHttpResponse(decodeResult: success, version: HTTP/1.1)
HTTP/1.1 200 OK
content-type: application/json; charset=utf-8
cache-control: no-cache
date: Mon, 10 Apr 2023 03:09:45 GMT
content-length: 14

10:09:47.435 [AsyncHttpClient-1-8] DEBUG org.asynchttpclient.netty.channel.ChannelManager - Adding key: http://localhost:55985 for channel [id: 0x8808a220, L:/127.0.0.1:54844 - R:localhost/127.0.0.1:55985]
  &amp#27;[32mThen &amp#27;[0m&amp#27;[32mI click baby on the header&amp#27;[0m &amp#27;[90m# starter.stepdefinitions.BabyStep.iClickBabyOnTheHeader()&amp#27;[0m
10:09:47.447 [Forwarding screenshot on session c5d35f25-363f-4256-8755-a1f9b8fe559e to remote] DEBUG org.asynchttpclient.netty.request.NettyRequestSender - Using pooled Channel '[id: 0x8808a220, L:/127.0.0.1:54844 - R:localhost/127.0.0.1:55985]' for 'GET' to 'http://localhost:55985/session/c5d35f25-363f-4256-8755-a1f9b8fe559e/screenshot'
10:09:47.447 [Forwarding screenshot on session c5d35f25-363f-4256-8755-a1f9b8fe559e to remote] DEBUG org.asynchttpclient.netty.request.NettyRequestSender - Using open Channel [id: 0x8808a220, L:/127.0.0.1:54844 - R:localhost/127.0.0.1:55985] for GET '/session/c5d35f25-363f-4256-8755-a1f9b8fe559e/screenshot'
10:09:47.614 [AsyncHttpClient-1-8] DEBUG org.asynchttpclient.netty.handler.HttpHandler - 

Request DefaultFullHttpRequest(decodeResult: success, version: HTTP/1.1, content: EmptyByteBufBE)
GET /session/c5d35f25-363f-4256-8755-a1f9b8fe559e/screenshot HTTP/1.1
User-Agent: selenium/4.1.2 (java windows)
Cache-Control: no-cache
Content-Type: application/json; charset=utf-8
host: localhost:55985
accept: */*

Response DefaultHttpResponse(decodeResult: success, version: HTTP/1.1)
HTTP/1.1 200 OK
content-type: application/json; charset=utf-8
cache-control: no-cache
date: Mon, 10 Apr 2023 03:09:47 GMT
content-length: 98024

10:09:47.615 [AsyncHttpClient-1-8] DEBUG org.asynchttpclient.netty.channel.ChannelManager - Adding key: http://localhost:55985 for channel [id: 0x8808a220, L:/127.0.0.1:54844 - R:localhost/127.0.0.1:55985]
10:09:47.619 [main] DEBUG net.serenitybdd.core.photography.Darkroom - Send negative for processing for target\site\serenity\bcb9a8d665d2c58a930e922f816fcc3ebc2aef855b882f3d531e7c9aa320b06d.png
10:09:47.631 [Forwarding findElement on session c5d35f25-363f-4256-8755-a1f9b8fe559e to remote] DEBUG org.asynchttpclient.netty.request.NettyRequestSender - Using pooled Channel '[id: 0x8808a220, L:/127.0.0.1:54844 - R:localhost/127.0.0.1:55985]' for 'POST' to 'http://localhost:55985/session/c5d35f25-363f-4256-8755-a1f9b8fe559e/element'
10:09:47.632 [Forwarding findElement on session c5d35f25-363f-4256-8755-a1f9b8fe559e to remote] DEBUG org.asynchttpclient.netty.request.NettyRequestSender - Using open Channel [id: 0x8808a220, L:/127.0.0.1:54844 - R:localhost/127.0.0.1:55985] for POST '/session/c5d35f25-363f-4256-8755-a1f9b8fe559e/element'
10:09:47.671 [AsyncHttpClient-1-8] DEBUG org.asynchttpclient.netty.handler.HttpHandler - 

Request DefaultHttpRequest(decodeResult: success, version: HTTP/1.1)
POST /session/c5d35f25-363f-4256-8755-a1f9b8fe559e/element HTTP/1.1
User-Agent: selenium/4.1.2 (java windows)
Content-Length: 102
Content-Type: application/json; charset=utf-8
host: localhost:55985
accept: */*

Response DefaultHttpResponse(decodeResult: success, version: HTTP/1.1)
HTTP/1.1 200 OK
content-type: application/json; charset=utf-8
cache-control: no-cache
date: Mon, 10 Apr 2023 03:09:47 GMT
content-length: 88

10:09:47.671 [AsyncHttpClient-1-8] DEBUG org.asynchttpclient.netty.channel.ChannelManager - Adding key: http://localhost:55985 for channel [id: 0x8808a220, L:/127.0.0.1:54844 - R:localhost/127.0.0.1:55985]
10:09:47.673 [Forwarding getElementTagName on session c5d35f25-363f-4256-8755-a1f9b8fe559e to remote] DEBUG org.asynchttpclient.netty.request.NettyRequestSender - Using pooled Channel '[id: 0x8808a220, L:/127.0.0.1:54844 - R:localhost/127.0.0.1:55985]' for 'GET' to 'http://localhost:55985/session/c5d35f25-363f-4256-8755-a1f9b8fe559e/element/1e820db8-7c75-430d-a2e6-20e98626a368/name'
10:09:47.673 [Forwarding getElementTagName on session c5d35f25-363f-4256-8755-a1f9b8fe559e to remote] DEBUG org.asynchttpclient.netty.request.NettyRequestSender - Using open Channel [id: 0x8808a220, L:/127.0.0.1:54844 - R:localhost/127.0.0.1:55985] for GET '/session/c5d35f25-363f-4256-8755-a1f9b8fe559e/element/1e820db8-7c75-430d-a2e6-20e98626a368/name'
10:09:47.680 [AsyncHttpClient-1-8] DEBUG org.asynchttpclient.netty.handler.HttpHandler - 

Request DefaultFullHttpRequest(decodeResult: success, version: HTTP/1.1, content: EmptyByteBufBE)
GET /session/c5d35f25-363f-4256-8755-a1f9b8fe559e/element/1e820db8-7c75-430d-a2e6-20e98626a368/name HTTP/1.1
User-Agent: selenium/4.1.2 (java windows)
Cache-Control: no-cache
Content-Type: application/json; charset=utf-8
host: localhost:55985
accept: */*

Response DefaultHttpResponse(decodeResult: success, version: HTTP/1.1)
HTTP/1.1 200 OK
content-type: application/json; charset=utf-8
cache-control: no-cache
date: Mon, 10 Apr 2023 03:09:47 GMT
content-length: 16

10:09:47.681 [AsyncHttpClient-1-8] DEBUG org.asynchttpclient.netty.channel.ChannelManager - Adding key: http://localhost:55985 for channel [id: 0x8808a220, L:/127.0.0.1:54844 - R:localhost/127.0.0.1:55985]
10:09:47.683 [Forwarding getElementTagName on session c5d35f25-363f-4256-8755-a1f9b8fe559e to remote] DEBUG org.asynchttpclient.netty.request.NettyRequestSender - Using pooled Channel '[id: 0x8808a220, L:/127.0.0.1:54844 - R:localhost/127.0.0.1:55985]' for 'GET' to 'http://localhost:55985/session/c5d35f25-363f-4256-8755-a1f9b8fe559e/element/1e820db8-7c75-430d-a2e6-20e98626a368/name'
10:09:47.683 [Forwarding getElementTagName on session c5d35f25-363f-4256-8755-a1f9b8fe559e to remote] DEBUG org.asynchttpclient.netty.request.NettyRequestSender - Using open Channel [id: 0x8808a220, L:/127.0.0.1:54844 - R:localhost/127.0.0.1:55985] for GET '/session/c5d35f25-363f-4256-8755-a1f9b8fe559e/element/1e820db8-7c75-430d-a2e6-20e98626a368/name'
10:09:47.697 [AsyncHttpClient-1-8] DEBUG org.asynchttpclient.netty.handler.HttpHandler - 

Request DefaultFullHttpRequest(decodeResult: success, version: HTTP/1.1, content: EmptyByteBufBE)
GET /session/c5d35f25-363f-4256-8755-a1f9b8fe559e/element/1e820db8-7c75-430d-a2e6-20e98626a368/name HTTP/1.1
User-Agent: selenium/4.1.2 (java windows)
Cache-Control: no-cache
Content-Type: application/json; charset=utf-8
host: localhost:55985
accept: */*

Response DefaultHttpResponse(decodeResult: success, version: HTTP/1.1)
HTTP/1.1 200 OK
content-type: application/json; charset=utf-8
cache-control: no-cache
date: Mon, 10 Apr 2023 03:09:47 GMT
content-length: 16

10:09:47.697 [AsyncHttpClient-1-8] DEBUG org.asynchttpclient.netty.channel.ChannelManager - Adding key: http://localhost:55985 for channel [id: 0x8808a220, L:/127.0.0.1:54844 - R:localhost/127.0.0.1:55985]
10:09:47.699 [Forwarding findElement on session c5d35f25-363f-4256-8755-a1f9b8fe559e to remote] DEBUG org.asynchttpclient.netty.request.NettyRequestSender - Using pooled Channel '[id: 0x8808a220, L:/127.0.0.1:54844 - R:localhost/127.0.0.1:55985]' for 'POST' to 'http://localhost:55985/session/c5d35f25-363f-4256-8755-a1f9b8fe559e/element'
10:09:47.699 [Forwarding findElement on session c5d35f25-363f-4256-8755-a1f9b8fe559e to remote] DEBUG org.asynchttpclient.netty.request.NettyRequestSender - Using open Channel [id: 0x8808a220, L:/127.0.0.1:54844 - R:localhost/127.0.0.1:55985] for POST '/session/c5d35f25-363f-4256-8755-a1f9b8fe559e/element'
10:09:47.702 [AsyncHttpClient-1-8] DEBUG org.asynchttpclient.netty.handler.HttpHandler - 

Request DefaultHttpRequest(decodeResult: success, version: HTTP/1.1)
POST /session/c5d35f25-363f-4256-8755-a1f9b8fe559e/element HTTP/1.1
User-Agent: selenium/4.1.2 (java windows)
Content-Length: 102
Content-Type: application/json; charset=utf-8
host: localhost:55985
accept: */*

Response DefaultHttpResponse(decodeResult: success, version: HTTP/1.1)
HTTP/1.1 200 OK
content-type: application/json; charset=utf-8
cache-control: no-cache
date: Mon, 10 Apr 2023 03:09:47 GMT
content-length: 88

10:09:47.702 [AsyncHttpClient-1-8] DEBUG org.asynchttpclient.netty.channel.ChannelManager - Adding key: http://localhost:55985 for channel [id: 0x8808a220, L:/127.0.0.1:54844 - R:localhost/127.0.0.1:55985]
10:09:47.703 [Forwarding clickElement on session c5d35f25-363f-4256-8755-a1f9b8fe559e to remote] DEBUG org.asynchttpclient.netty.request.NettyRequestSender - Using pooled Channel '[id: 0x8808a220, L:/127.0.0.1:54844 - R:localhost/127.0.0.1:55985]' for 'POST' to 'http://localhost:55985/session/c5d35f25-363f-4256-8755-a1f9b8fe559e/element/1e820db8-7c75-430d-a2e6-20e98626a368/click'
10:09:47.703 [Forwarding clickElement on session c5d35f25-363f-4256-8755-a1f9b8fe559e to remote] DEBUG org.asynchttpclient.netty.request.NettyRequestSender - Using open Channel [id: 0x8808a220, L:/127.0.0.1:54844 - R:localhost/127.0.0.1:55985] for POST '/session/c5d35f25-363f-4256-8755-a1f9b8fe559e/element/1e820db8-7c75-430d-a2e6-20e98626a368/click'
10:09:48.120 [AsyncHttpClient-1-8] DEBUG org.asynchttpclient.netty.handler.HttpHandler - 

Request DefaultHttpRequest(decodeResult: success, version: HTTP/1.1)
POST /session/c5d35f25-363f-4256-8755-a1f9b8fe559e/element/1e820db8-7c75-430d-a2e6-20e98626a368/click HTTP/1.1
User-Agent: selenium/4.1.2 (java windows)
Content-Length: 50
Content-Type: application/json; charset=utf-8
host: localhost:55985
accept: */*

Response DefaultHttpResponse(decodeResult: success, version: HTTP/1.1)
HTTP/1.1 200 OK
content-type: application/json; charset=utf-8
cache-control: no-cache
date: Mon, 10 Apr 2023 03:09:47 GMT
content-length: 14

10:09:48.120 [AsyncHttpClient-1-8] DEBUG org.asynchttpclient.netty.channel.ChannelManager - Adding key: http://localhost:55985 for channel [id: 0x8808a220, L:/127.0.0.1:54844 - R:localhost/127.0.0.1:55985]
  &amp#27;[32mWhen &amp#27;[0m&amp#27;[32mI will go to &amp#27;[0m&amp#27;[32m&amp#27;[1m"gaun1"&amp#27;[0m       &amp#27;[90m# starter.stepdefinitions.BabyStep.iWillGoTo(java.lang.String)&amp#27;[0m
10:09:48.125 [Forwarding screenshot on session c5d35f25-363f-4256-8755-a1f9b8fe559e to remote] DEBUG org.asynchttpclient.netty.request.NettyRequestSender - Using pooled Channel '[id: 0x8808a220, L:/127.0.0.1:54844 - R:localhost/127.0.0.1:55985]' for 'GET' to 'http://localhost:55985/session/c5d35f25-363f-4256-8755-a1f9b8fe559e/screenshot'
10:09:48.125 [Forwarding screenshot on session c5d35f25-363f-4256-8755-a1f9b8fe559e to remote] DEBUG org.asynchttpclient.netty.request.NettyRequestSender - Using open Channel [id: 0x8808a220, L:/127.0.0.1:54844 - R:localhost/127.0.0.1:55985] for GET '/session/c5d35f25-363f-4256-8755-a1f9b8fe559e/screenshot'
10:09:48.311 [AsyncHttpClient-1-8] DEBUG org.asynchttpclient.netty.handler.HttpHandler - 

Request DefaultFullHttpRequest(decodeResult: success, version: HTTP/1.1, content: EmptyByteBufBE)
GET /session/c5d35f25-363f-4256-8755-a1f9b8fe559e/screenshot HTTP/1.1
User-Agent: selenium/4.1.2 (java windows)
Cache-Control: no-cache
Content-Type: application/json; charset=utf-8
host: localhost:55985
accept: */*

Response DefaultHttpResponse(decodeResult: success, version: HTTP/1.1)
HTTP/1.1 200 OK
content-type: application/json; charset=utf-8
cache-control: no-cache
date: Mon, 10 Apr 2023 03:09:47 GMT
content-length: 78896

10:09:48.311 [AsyncHttpClient-1-8] DEBUG org.asynchttpclient.netty.channel.ChannelManager - Adding key: http://localhost:55985 for channel [id: 0x8808a220, L:/127.0.0.1:54844 - R:localhost/127.0.0.1:55985]
10:09:48.314 [main] DEBUG net.serenitybdd.core.photography.Darkroom - Send negative for processing for target\site\serenity\53195798fc2e828f6db1deec9148fe50f164e74b27c2f481ebb9f17075f1a485.png
10:09:48.314 [Darkroom Processing Line] DEBUG net.serenitybdd.core.photography.DarkroomProcessingLine - Processing screenshot image in /var/screenshots/screenshot-5256719089458654144
10:09:48.314 [Darkroom Processing Line] DEBUG net.serenitybdd.core.photography.DarkroomProcessingLine - Saving screenshot to target\site\serenity\53195798fc2e828f6db1deec9148fe50f164e74b27c2f481ebb9f17075f1a485.png
10:09:48.323 [Forwarding findElement on session c5d35f25-363f-4256-8755-a1f9b8fe559e to remote] DEBUG org.asynchttpclient.netty.request.NettyRequestSender - Using pooled Channel '[id: 0x8808a220, L:/127.0.0.1:54844 - R:localhost/127.0.0.1:55985]' for 'POST' to 'http://localhost:55985/session/c5d35f25-363f-4256-8755-a1f9b8fe559e/element'
10:09:48.324 [Forwarding findElement on session c5d35f25-363f-4256-8755-a1f9b8fe559e to remote] DEBUG org.asynchttpclient.netty.request.NettyRequestSender - Using open Channel [id: 0x8808a220, L:/127.0.0.1:54844 - R:localhost/127.0.0.1:55985] for POST '/session/c5d35f25-363f-4256-8755-a1f9b8fe559e/element'
10:09:48.328 [AsyncHttpClient-1-8] DEBUG org.asynchttpclient.netty.handler.HttpHandler - 

Request DefaultHttpRequest(decodeResult: success, version: HTTP/1.1)
POST /session/c5d35f25-363f-4256-8755-a1f9b8fe559e/element HTTP/1.1
User-Agent: selenium/4.1.2 (java windows)
Content-Length: 86
Content-Type: application/json; charset=utf-8
host: localhost:55985
accept: */*

Response DefaultHttpResponse(decodeResult: success, version: HTTP/1.1)
HTTP/1.1 200 OK
content-type: application/json; charset=utf-8
cache-control: no-cache
date: Mon, 10 Apr 2023 03:09:47 GMT
content-length: 88

10:09:48.328 [AsyncHttpClient-1-8] DEBUG org.asynchttpclient.netty.channel.ChannelManager - Adding key: http://localhost:55985 for channel [id: 0x8808a220, L:/127.0.0.1:54844 - R:localhost/127.0.0.1:55985]
10:09:48.331 [Forwarding isElementDisplayed on session c5d35f25-363f-4256-8755-a1f9b8fe559e to remote] DEBUG org.asynchttpclient.netty.request.NettyRequestSender - Using pooled Channel '[id: 0x8808a220, L:/127.0.0.1:54844 - R:localhost/127.0.0.1:55985]' for 'POST' to 'http://localhost:55985/session/c5d35f25-363f-4256-8755-a1f9b8fe559e/execute/sync'
10:09:48.331 [Forwarding isElementDisplayed on session c5d35f25-363f-4256-8755-a1f9b8fe559e to remote] DEBUG org.asynchttpclient.netty.request.NettyRequestSender - Using open Channel [id: 0x8808a220, L:/127.0.0.1:54844 - R:localhost/127.0.0.1:55985] for POST '/session/c5d35f25-363f-4256-8755-a1f9b8fe559e/execute/sync'
10:09:48.349 [AsyncHttpClient-1-8] DEBUG org.asynchttpclient.netty.handler.HttpHandler - 

Request DefaultHttpRequest(decodeResult: success, version: HTTP/1.1)
POST /session/c5d35f25-363f-4256-8755-a1f9b8fe559e/execute/sync HTTP/1.1
User-Agent: selenium/4.1.2 (java windows)
Content-Length: 48780
Content-Type: application/json; charset=utf-8
host: localhost:55985
accept: */*

Response DefaultHttpResponse(decodeResult: success, version: HTTP/1.1)
HTTP/1.1 200 OK
content-type: application/json; charset=utf-8
cache-control: no-cache
date: Mon, 10 Apr 2023 03:09:47 GMT
content-length: 14

10:09:48.349 [AsyncHttpClient-1-8] DEBUG org.asynchttpclient.netty.channel.ChannelManager - Adding key: http://localhost:55985 for channel [id: 0x8808a220, L:/127.0.0.1:54844 - R:localhost/127.0.0.1:55985]
  &amp#27;[32mAnd &amp#27;[0m&amp#27;[32mI &amp#27;[0m&amp#27;[32m&amp#27;[1m"txtGaun1"&amp#27;[0m&amp#27;[32m page&amp#27;[0m           &amp#27;[90m# starter.stepdefinitions.BabyStep.iPage(java.lang.String)&amp#27;[0m
10:09:48.361 [Driver Command Executor] DEBUG org.asynchttpclient.netty.request.NettyRequestSender - Using pooled Channel '[id: 0x8808a220, L:/127.0.0.1:54844 - R:localhost/127.0.0.1:55985]' for 'DELETE' to 'http://localhost:55985/session/c5d35f25-363f-4256-8755-a1f9b8fe559e'
10:09:48.361 [Driver Command Executor] DEBUG org.asynchttpclient.netty.request.NettyRequestSender - Using open Channel [id: 0x8808a220, L:/127.0.0.1:54844 - R:localhost/127.0.0.1:55985] for DELETE '/session/c5d35f25-363f-4256-8755-a1f9b8fe559e'
10:09:49.926 [AsyncHttpClient-1-8] DEBUG org.asynchttpclient.netty.handler.HttpHandler - 

Request DefaultFullHttpRequest(decodeResult: success, version: HTTP/1.1, content: EmptyByteBufBE)
DELETE /session/c5d35f25-363f-4256-8755-a1f9b8fe559e HTTP/1.1
User-Agent: selenium/4.1.2 (java windows)
Content-Type: application/json; charset=utf-8
host: localhost:55985
accept: */*

Response DefaultHttpResponse(decodeResult: success, version: HTTP/1.1)
HTTP/1.1 200 OK
content-type: application/json; charset=utf-8
cache-control: no-cache
date: Mon, 10 Apr 2023 03:09:47 GMT
content-length: 14

10:09:49.926 [AsyncHttpClient-1-8] DEBUG org.asynchttpclient.netty.channel.ChannelManager - Adding key: http://localhost:55985 for channel [id: 0x8808a220, L:/127.0.0.1:54844 - R:localhost/127.0.0.1:55985]
10:09:49.928 [AsyncHttpClient-1-8] DEBUG org.asynchttpclient.netty.handler.HttpHandler - Unexpected I/O exception on channel [id: 0x8808a220, L:/127.0.0.1:54844 - R:localhost/127.0.0.1:55985]
java.net.SocketException: Connection reset
	at java.base/sun.nio.ch.SocketChannelImpl.throwConnectionReset(SocketChannelImpl.java:345)
	at java.base/sun.nio.ch.SocketChannelImpl.read(SocketChannelImpl.java:376)
	at io.netty.buffer.PooledByteBuf.setBytes(PooledByteBuf.java:258)
	at io.netty.buffer.AbstractByteBuf.writeBytes(AbstractByteBuf.java:1132)
	at io.netty.channel.socket.nio.NioSocketChannel.doReadBytes(NioSocketChannel.java:350)
	at io.netty.channel.nio.AbstractNioByteChannel$NioByteUnsafe.read(AbstractNioByteChannel.java:151)
	at io.netty.channel.nio.NioEventLoop.processSelectedKey(NioEventLoop.java:722)
	at io.netty.channel.nio.NioEventLoop.processSelectedKeysOptimized(NioEventLoop.java:658)
	at io.netty.channel.nio.NioEventLoop.processSelectedKeys(NioEventLoop.java:584)
	at io.netty.channel.nio.NioEventLoop.run(NioEventLoop.java:496)
	at io.netty.util.concurrent.SingleThreadEventExecutor$4.run(SingleThreadEventExecutor.java:986)
	at io.netty.util.internal.ThreadExecutorMap$2.run(ThreadExecutorMap.java:74)
	at io.netty.util.concurrent.FastThreadLocalRunnable.run(FastThreadLocalRunnable.java:30)
	at java.base/java.lang.Thread.run(Thread.java:830)
10:09:49.928 [AsyncHttpClient-1-8] DEBUG org.asynchttpclient.netty.channel.ChannelManager - Closing Channel [id: 0x8808a220, L:/127.0.0.1:54844 - R:localhost/127.0.0.1:55985] 
10:09:49.928 [AsyncHttpClient-1-8] DEBUG org.asynchttpclient.netty.handler.HttpHandler - Channel Closed: [id: 0x8808a220, L:/127.0.0.1:54844 ! R:localhost/127.0.0.1:55985] with attribute DISCARD
]]></system-out>
    <system-err><![CDATA[1681096180882	geckodriver	INFO	Listening on 127.0.0.1:55985
1681096181370	mozrunner::runner	INFO	Running command: "C:\\Program Files\\Mozilla Firefox\\firefox.exe" "--marionette" "" "--remote-debugging-port" "58407" "--remote-allow-hosts" "localhost" "-no-remote" "-profile" "C:\\Users\\alwi\\AppData\\Local\\Temp\\rust_mozprofilehB7tPu"
console.warn: services.settings: Ignoring preference override of remote settings server
console.warn: services.settings: Allow by setting MOZ_REMOTE_SETTINGS_DEVTOOLS=1 in the environment
1681096181735	Marionette	INFO	Marionette enabled
Dynamically enable window occlusion 0
1681096181740	Marionette	INFO	Listening on port 54847
Read port: 54847
WebDriver BiDi listening on ws://127.0.0.1:58407
1681096181900	RemoteAgent	WARN	TLS certificate errors will be ignored for this session
console.warn: SearchSettings: "get: No settings file exists, new profile?" (new NotFoundError("Could not open the file at C:\\Users\\alwi\\AppData\\Local\\Temp\\rust_mozprofilehB7tPu\\search.json.mozlz4", (void 0)))
DevTools listening on ws://127.0.0.1:58407/devtools/browser/2596683a-5f58-4a0f-b24e-cc7b0c061a8f
Apr 10, 2023 10:09:43 AM org.openqa.selenium.remote.ProtocolHandshake createSession
INFO: Detected dialect: W3C
JavaScript warning: https://www.uniqlo.com/Mx95Yd/biG/Wo_/8-IanA/Vu7EGJtwEh/el0ZAQ/aiE/QAlg7T10, line 1: unreachable code after return statement
JavaScript warning: https://www.uniqlo.com/Mx95Yd/biG/Wo_/8-IanA/Vu7EGJtwEh/el0ZAQ/aiE/QAlg7T10, line 1: WEBGL_debug_renderer_info is deprecated in Firefox and will be removed. Please use RENDERER.
JavaScript warning: https://www.uniqlo.com/id/elgnisolqinu.js?async&seed=AIAnG2mHAQAAp6_kQ-NvC4pDCvZJooQGzCoxcLZ3CqwiSlxvcp_1EokMlmcT&x-i1ysm4mm--z=q, line 1: WEBGL_debug_renderer_info is deprecated in Firefox and will be removed. Please use RENDERER.
1681096188363	Marionette	INFO	Stopped listening on port 54847
Dynamically enable window occlusion 1
WARNING: A blocker encountered an error while we were waiting.
          Blocker:  Waiting for ping task
          Phase: TelemetryController: Waiting for pending ping activity
          State: (none)
WARNING: Error: Phase "profile-before-change" is finished, it is too late to register completion condition "OS.File: flush I/O queued before profileBeforeChange"
WARNING: addBlocker@resource://gre/modules/AsyncShutdown.sys.mjs:727:15
addBlocker@resource://gre/modules/AsyncShutdown.sys.mjs:523:26
addBlocker@resource://gre/modules/AsyncShutdown.sys.mjs:458:15
setupShutdown@resource://gre/modules/osfile/osfile_async_front.jsm:1548:28
@resource://gre/modules/osfile/osfile_async_front.jsm:1568:16
@resource://gre/modules/osfile.jsm:12:30
@resource://gre/modules/TelemetryStorage.sys.mjs:10:28
_checkPendingPings@resource://gre/modules/TelemetrySend.sys.mjs:863:17
setup@resource://gre/modules/TelemetrySend.sys.mjs:803:18
setup@resource://gre/modules/TelemetrySend.sys.mjs:241:30
setupTelemetry/this._delayedInitTask<@resource://gre/modules/TelemetryControllerParent.sys.mjs:828:36
observe@resource://gre/modules/AsyncShutdown.sys.mjs:576:16

console.error: "TelemetryScheduler.shutdown - Already shut down"
WARNING: A blocker encountered an error while we were waiting.
          Blocker:  Waiting for ping task
          Phase: TelemetryController: Waiting for pending ping activity
          State: (none)
WARNING: Error: Phase "profile-before-change" is finished, it is too late to register completion condition "OS.File: flush I/O queued before profileBeforeChange"
WARNING: addBlocker@resource://gre/modules/AsyncShutdown.sys.mjs:727:15
addBlocker@resource://gre/modules/AsyncShutdown.sys.mjs:523:26
addBlocker@resource://gre/modules/AsyncShutdown.sys.mjs:458:15
setupShutdown@resource://gre/modules/osfile/osfile_async_front.jsm:1548:28
@resource://gre/modules/osfile/osfile_async_front.jsm:1568:16
@resource://gre/modules/osfile.jsm:12:30
@resource://gre/modules/TelemetryStorage.sys.mjs:10:28
_checkPendingPings@resource://gre/modules/TelemetrySend.sys.mjs:863:17
setup@resource://gre/modules/TelemetrySend.sys.mjs:803:18
setup@resource://gre/modules/TelemetrySend.sys.mjs:241:30
setupTelemetry/this._delayedInitTask<@resource://gre/modules/TelemetryControllerParent.sys.mjs:828:36
observe@resource://gre/modules/AsyncShutdown.sys.mjs:576:16

WARNING: A blocker encountered an error while we were waiting.
          Blocker:  Waiting for ping task
          Phase: TelemetryController: Waiting for pending ping activity
          State: (none)
WARNING: Error: Phase "profile-before-change" is finished, it is too late to register completion condition "OS.File: flush I/O queued before profileBeforeChange"
WARNING: addBlocker@resource://gre/modules/AsyncShutdown.sys.mjs:727:15
addBlocker@resource://gre/modules/AsyncShutdown.sys.mjs:523:26
addBlocker@resource://gre/modules/AsyncShutdown.sys.mjs:458:15
setupShutdown@resource://gre/modules/osfile/osfile_async_front.jsm:1548:28
@resource://gre/modules/osfile/osfile_async_front.jsm:1568:16
@resource://gre/modules/osfile.jsm:12:30
@resource://gre/modules/TelemetryStorage.sys.mjs:10:28
_checkPendingPings@resource://gre/modules/TelemetrySend.sys.mjs:863:17
setup@resource://gre/modules/TelemetrySend.sys.mjs:803:18
setup@resource://gre/modules/TelemetrySend.sys.mjs:241:30
setupTelemetry/this._delayedInitTask<@resource://gre/modules/TelemetryControllerParent.sys.mjs:828:36
observe@resource://gre/modules/AsyncShutdown.sys.mjs:576:16

WARNING: A blocker encountered an error while we were waiting.
          Blocker:  TelemetryController: shutting down
          Phase: profile-before-change-telemetry
          State: Error getting state: Error: Phase "profile-before-change" is finished, it is too late to register completion condition "OS.File: flush I/O queued before profileBeforeChange" at addBlocker@resource://gre/modules/AsyncShutdown.sys.mjs:727:15
addBlocker@resource://gre/modules/AsyncShutdown.sys.mjs:523:26
addBlocker@resource://gre/modules/AsyncShutdown.sys.mjs:458:15
setupShutdown@resource://gre/modules/osfile/osfile_async_front.jsm:1548:28
@resource://gre/modules/osfile/osfile_async_front.jsm:1568:16
@resource://gre/modules/osfile.jsm:12:30
@resource://gre/modules/TelemetryStorage.sys.mjs:10:28
_checkPendingPings@resource://gre/modules/TelemetrySend.sys.mjs:863:17
setup@resource://gre/modules/TelemetrySend.sys.mjs:803:18
setup@resource://gre/modules/TelemetrySend.sys.mjs:241:30
setupTelemetry/this._delayedInitTask<@resource://gre/modules/TelemetryControllerParent.sys.mjs:828:36
observe@resource://gre/modules/AsyncShutdown.sys.mjs:576:16

WARNING: Error: Phase "profile-before-change" is finished, it is too late to register completion condition "OS.File: flush I/O queued before profileBeforeChange"
WARNING: addBlocker@resource://gre/modules/AsyncShutdown.sys.mjs:727:15
addBlocker@resource://gre/modules/AsyncShutdown.sys.mjs:523:26
addBlocker@resource://gre/modules/AsyncShutdown.sys.mjs:458:15
setupShutdown@resource://gre/modules/osfile/osfile_async_front.jsm:1548:28
@resource://gre/modules/osfile/osfile_async_front.jsm:1568:16
@resource://gre/modules/osfile.jsm:12:30
@resource://gre/modules/TelemetryStorage.sys.mjs:10:28
_checkPendingPings@resource://gre/modules/TelemetrySend.sys.mjs:863:17
setup@resource://JgarvaeS/cmroidputl eesr/rToelemre: trreysourcSe:e/n/dg.rse/ymsod.ulmejss/:A80s3y:n1c8Shu
tsdeotwunp.@sryess.moujrsc, el:i/ne/ g7r2e7/:m Eordruoler:s /PThealsemetrey "Spernodf.isley-sb.efmojrse:-c2h4a1n:ge3"0 
isse tufipnTieshleedm,e ittr iys/t htoios ._ldaetlea yteod rIengiitTsatsekr< @croemspoluertcieo:n /c/ognrdei/tmioodnul e"sOS/.TFeillee:m eftlrusyhC oInt/rOo lqlueeruPeadr beenfto.rse pyrosf.imljesB:ef8o2re8C:h3a6ng
eo"bse
rve@resourcJea:v/a/Sgcrreip/tm oerdruolers:/ ArseysnocuSrhcue:t/d/ogwrne/.smoydusl.emsj/Ass:y5n7c6S:hu1t6do
wn
.sys.mjs, line 727: Error: Phase "profile-before-change" is finished, it is too late to register completion condition "OS.File: flush I/O queued before profileBeforeChange"
JavaScript error: resource://gre/modules/AsyncShutdown.sys.mjs, line 727: Error: Phase "profile-before-change" is finished, it is too late to register completion condition "OS.File: flush I/O queued before profileBeforeChange"
JavaScript error: resource://gre/modules/AsyncShutdown.sys.mjs, line 727: Error: Phase "profile-before-change" is finished, it is too late to register completion condition "OS.File: flush I/O queued before profileBeforeChange"
JavaScript error: resource://gre/modules/AsyncShutdown.sys.mjs, line 727: Error: Phase "profile-before-change" is finished, it is too late to register completion condition "OS.File: flush I/O queued before profileBeforeChange"
JavaScript error: resource://gre/modules/AsyncShutdown.sys.mjs, line 727: Error: Phase "profile-before-change" is finished, it is too late to register completion condition "OS.File: flush I/O queued before profileBeforeChange"
]]></system-err>
  </testcase>
  <testcase name="Fitur Menu Baby #12" classname="Baby" time="8.3">
    <system-out><![CDATA[
@baby
Scenario Outline: Fitur Menu Baby &amp#27;[90m# src/test/resources/features/Baby.feature:24&amp#27;[0m
10:09:49.985 [main] INFO io.cucumber.core.plugin.SerenityReporter - Running feature from file:///C:/Users/alwi/IdeaProjects/uniqloweb/src/test/resources/features/Baby.feature
10:09:49.995 [main] INFO net.serenitybdd.core.webdriver.driverproviders.FirefoxDriverProvider - Using automatically driver download
10:09:50.091 [main] DEBUG io.github.bonigarcia.wdm.cache.ResolutionCache - Resolution firefox=111 in cache (valid until 10:32:56 10/04/2023 WIB)
10:09:50.094 [main] DEBUG io.github.bonigarcia.wdm.cache.ResolutionCache - Resolution firefox111=0.32.2 in cache (valid until 19:30:50 10/04/2023 WIB)
10:09:50.095 [main] INFO io.github.bonigarcia.wdm.WebDriverManager - Using geckodriver 0.32.2 (resolved driver for Firefox 111)
10:09:50.106 [main] DEBUG io.github.bonigarcia.wdm.WebDriverManager - Driver geckodriver 0.32.2 found in cache
10:09:50.107 [main] INFO io.github.bonigarcia.wdm.WebDriverManager - Exporting webdriver.gecko.driver as C:\Users\alwi\.cache\selenium\geckodriver\win64\0.32.2\geckodriver.exe
10:09:50.117 [main] DEBUG net.serenitybdd.core.webdriver.driverproviders.ProvideNewDriver - Instantiating driver
10:09:50.117 [main] DEBUG net.serenitybdd.core.webdriver.driverproviders.ProvideNewDriver - Driver capabilities: Capabilities {acceptInsecureCerts: true, browserName: firefox, moz:debuggerAddress: true, moz:firefoxOptions: {args: [], profile: UEsDBBQACAgIADlRilYAAAAAAAA...}}
10:09:50.636 [AsyncHttpClient-1-10] DEBUG org.asynchttpclient.netty.channel.NettyConnectListener - Using new Channel '[id: 0x8e6c0bd6, L:/127.0.0.1:54942 - R:localhost/127.0.0.1:54759]' for 'POST' to '/session'
10:09:51.024 [AsyncHttpClient-1-1] DEBUG org.asynchttpclient.netty.channel.DefaultChannelPool - Entry count for : http://localhost:55985 : 1
10:09:51.024 [AsyncHttpClient-1-1] DEBUG org.asynchttpclient.netty.channel.DefaultChannelPool - Adding Candidate expired Channel [id: 0x8808a220, L:/127.0.0.1:54844 ! R:localhost/127.0.0.1:55985] isIdleTimeoutExpired=false isRemotelyClosed=true isTtlExpired=false
10:09:51.024 [AsyncHttpClient-1-1] DEBUG org.asynchttpclient.netty.channel.DefaultChannelPool - Closing Idle Channel [id: 0x8808a220, L:/127.0.0.1:54844 ! R:localhost/127.0.0.1:55985]
10:09:51.024 [AsyncHttpClient-1-1] DEBUG org.asynchttpclient.netty.channel.DefaultChannelPool - Closed 1 connections out of 1 in 0 ms
10:09:52.987 [AsyncHttpClient-1-10] DEBUG org.asynchttpclient.netty.handler.HttpHandler - 

Request DefaultHttpRequest(decodeResult: success, version: HTTP/1.1)
POST /session HTTP/1.1
User-Agent: selenium/4.1.2 (java windows)
Content-Length: 3673
Content-Type: application/json; charset=utf-8
host: localhost:54759
accept: */*

Response DefaultHttpResponse(decodeResult: success, version: HTTP/1.1)
HTTP/1.1 200 OK
content-type: application/json; charset=utf-8
cache-control: no-cache
date: Mon, 10 Apr 2023 03:09:50 GMT
content-length: 789

10:09:52.987 [AsyncHttpClient-1-10] DEBUG org.asynchttpclient.netty.channel.ChannelManager - Adding key: http://localhost:54759 for channel [id: 0x8e6c0bd6, L:/127.0.0.1:54942 - R:localhost/127.0.0.1:54759]
10:09:52.993 [AsyncHttpClient-1-11] DEBUG org.asynchttpclient.netty.channel.NettyConnectListener - Using new Channel '[id: 0x721e7f12, L:/127.0.0.1:54958 - R:/127.0.0.1:64065]' for 'GET' to '/json/version'
10:09:52.997 [AsyncHttpClient-1-11] DEBUG org.asynchttpclient.netty.handler.HttpHandler - 

Request DefaultFullHttpRequest(decodeResult: success, version: HTTP/1.1, content: EmptyByteBufBE)
GET /json/version HTTP/1.1
User-Agent: selenium/4.1.2 (java windows)
host: 127.0.0.1:64065
accept: */*

Response DefaultHttpResponse(decodeResult: success, version: HTTP/1.1)
HTTP/1.1 200 OK
content-type: application/json
connection: close
server: httpd.js
date: Mon, 10 Apr 2023 03:09:52 GMT
content-length: 311

10:09:52.998 [AsyncHttpClient-1-11] DEBUG org.asynchttpclient.netty.channel.ChannelManager - Closing Channel [id: 0x721e7f12, L:/127.0.0.1:54958 - R:/127.0.0.1:64065] 
10:09:52.998 [AsyncHttpClient-1-11] DEBUG org.asynchttpclient.netty.handler.HttpHandler - Channel Closed: [id: 0x721e7f12, L:/127.0.0.1:54958 ! R:/127.0.0.1:64065] with attribute DISCARD
10:09:53.000 [Forwarding get on session 4a49a26a-b16c-473f-810a-616b1a933152 to remote] DEBUG org.asynchttpclient.netty.request.NettyRequestSender - Using pooled Channel '[id: 0x8e6c0bd6, L:/127.0.0.1:54942 - R:localhost/127.0.0.1:54759]' for 'POST' to 'http://localhost:54759/session/4a49a26a-b16c-473f-810a-616b1a933152/url'
10:09:53.000 [Forwarding get on session 4a49a26a-b16c-473f-810a-616b1a933152 to remote] DEBUG org.asynchttpclient.netty.request.NettyRequestSender - Using open Channel [id: 0x8e6c0bd6, L:/127.0.0.1:54942 - R:localhost/127.0.0.1:54759] for POST '/session/4a49a26a-b16c-473f-810a-616b1a933152/url'
10:09:54.702 [AsyncHttpClient-1-10] DEBUG org.asynchttpclient.netty.handler.HttpHandler - 

Request DefaultHttpRequest(decodeResult: success, version: HTTP/1.1)
POST /session/4a49a26a-b16c-473f-810a-616b1a933152/url HTTP/1.1
User-Agent: selenium/4.1.2 (java windows)
Content-Length: 69
Content-Type: application/json; charset=utf-8
host: localhost:54759
accept: */*

Response DefaultHttpResponse(decodeResult: success, version: HTTP/1.1)
HTTP/1.1 200 OK
content-type: application/json; charset=utf-8
cache-control: no-cache
date: Mon, 10 Apr 2023 03:09:52 GMT
content-length: 14

10:09:54.702 [AsyncHttpClient-1-10] DEBUG org.asynchttpclient.netty.channel.ChannelManager - Adding key: http://localhost:54759 for channel [id: 0x8e6c0bd6, L:/127.0.0.1:54942 - R:localhost/127.0.0.1:54759]
10:09:54.704 [Forwarding setTimeout on session 4a49a26a-b16c-473f-810a-616b1a933152 to remote] DEBUG org.asynchttpclient.netty.request.NettyRequestSender - Using pooled Channel '[id: 0x8e6c0bd6, L:/127.0.0.1:54942 - R:localhost/127.0.0.1:54759]' for 'POST' to 'http://localhost:54759/session/4a49a26a-b16c-473f-810a-616b1a933152/timeouts'
10:09:54.704 [Forwarding setTimeout on session 4a49a26a-b16c-473f-810a-616b1a933152 to remote] DEBUG org.asynchttpclient.netty.request.NettyRequestSender - Using open Channel [id: 0x8e6c0bd6, L:/127.0.0.1:54942 - R:localhost/127.0.0.1:54759] for POST '/session/4a49a26a-b16c-473f-810a-616b1a933152/timeouts'
10:09:54.708 [AsyncHttpClient-1-10] DEBUG org.asynchttpclient.netty.handler.HttpHandler - 

Request DefaultHttpRequest(decodeResult: success, version: HTTP/1.1)
POST /session/4a49a26a-b16c-473f-810a-616b1a933152/timeouts HTTP/1.1
User-Agent: selenium/4.1.2 (java windows)
Content-Length: 22
Content-Type: application/json; charset=utf-8
host: localhost:54759
accept: */*

Response DefaultHttpResponse(decodeResult: success, version: HTTP/1.1)
HTTP/1.1 200 OK
content-type: application/json; charset=utf-8
cache-control: no-cache
date: Mon, 10 Apr 2023 03:09:54 GMT
content-length: 14

10:09:54.708 [AsyncHttpClient-1-10] DEBUG org.asynchttpclient.netty.channel.ChannelManager - Adding key: http://localhost:54759 for channel [id: 0x8e6c0bd6, L:/127.0.0.1:54942 - R:localhost/127.0.0.1:54759]
10:09:54.710 [Forwarding getCurrentUrl on session 4a49a26a-b16c-473f-810a-616b1a933152 to remote] DEBUG org.asynchttpclient.netty.request.NettyRequestSender - Using pooled Channel '[id: 0x8e6c0bd6, L:/127.0.0.1:54942 - R:localhost/127.0.0.1:54759]' for 'GET' to 'http://localhost:54759/session/4a49a26a-b16c-473f-810a-616b1a933152/url'
10:09:54.710 [Forwarding getCurrentUrl on session 4a49a26a-b16c-473f-810a-616b1a933152 to remote] DEBUG org.asynchttpclient.netty.request.NettyRequestSender - Using open Channel [id: 0x8e6c0bd6, L:/127.0.0.1:54942 - R:localhost/127.0.0.1:54759] for GET '/session/4a49a26a-b16c-473f-810a-616b1a933152/url'
10:09:54.712 [AsyncHttpClient-1-10] DEBUG org.asynchttpclient.netty.handler.HttpHandler - 

Request DefaultFullHttpRequest(decodeResult: success, version: HTTP/1.1, content: EmptyByteBufBE)
GET /session/4a49a26a-b16c-473f-810a-616b1a933152/url HTTP/1.1
User-Agent: selenium/4.1.2 (java windows)
Cache-Control: no-cache
Content-Type: application/json; charset=utf-8
host: localhost:54759
accept: */*

Response DefaultHttpResponse(decodeResult: success, version: HTTP/1.1)
HTTP/1.1 200 OK
content-type: application/json; charset=utf-8
cache-control: no-cache
date: Mon, 10 Apr 2023 03:09:54 GMT
content-length: 41

10:09:54.712 [AsyncHttpClient-1-10] DEBUG org.asynchttpclient.netty.channel.ChannelManager - Adding key: http://localhost:54759 for channel [id: 0x8e6c0bd6, L:/127.0.0.1:54942 - R:localhost/127.0.0.1:54759]
  &amp#27;[32mGiven &amp#27;[0m&amp#27;[32mI am on the home page&amp#27;[0m     &amp#27;[90m# starter.stepdefinitions.BabyStep.iAmOnTheHomePage()&amp#27;[0m
10:09:54.719 [Forwarding screenshot on session 4a49a26a-b16c-473f-810a-616b1a933152 to remote] DEBUG org.asynchttpclient.netty.request.NettyRequestSender - Using pooled Channel '[id: 0x8e6c0bd6, L:/127.0.0.1:54942 - R:localhost/127.0.0.1:54759]' for 'GET' to 'http://localhost:54759/session/4a49a26a-b16c-473f-810a-616b1a933152/screenshot'
10:09:54.719 [Forwarding screenshot on session 4a49a26a-b16c-473f-810a-616b1a933152 to remote] DEBUG org.asynchttpclient.netty.request.NettyRequestSender - Using open Channel [id: 0x8e6c0bd6, L:/127.0.0.1:54942 - R:localhost/127.0.0.1:54759] for GET '/session/4a49a26a-b16c-473f-810a-616b1a933152/screenshot'
10:09:55.295 [AsyncHttpClient-1-10] DEBUG org.asynchttpclient.netty.handler.HttpHandler - 

Request DefaultFullHttpRequest(decodeResult: success, version: HTTP/1.1, content: EmptyByteBufBE)
GET /session/4a49a26a-b16c-473f-810a-616b1a933152/screenshot HTTP/1.1
User-Agent: selenium/4.1.2 (java windows)
Cache-Control: no-cache
Content-Type: application/json; charset=utf-8
host: localhost:54759
accept: */*

Response DefaultHttpResponse(decodeResult: success, version: HTTP/1.1)
HTTP/1.1 200 OK
content-type: application/json; charset=utf-8
cache-control: no-cache
date: Mon, 10 Apr 2023 03:09:54 GMT
content-length: 104688

10:09:55.296 [AsyncHttpClient-1-10] DEBUG org.asynchttpclient.netty.channel.ChannelManager - Adding key: http://localhost:54759 for channel [id: 0x8e6c0bd6, L:/127.0.0.1:54942 - R:localhost/127.0.0.1:54759]
10:09:55.302 [main] DEBUG net.serenitybdd.core.photography.Darkroom - Send negative for processing for target\site\serenity\ff2dd804923e3c5258b54be7fa316a40f671443e6dd67abc599224625498a61c.png
10:09:55.302 [Darkroom Processing Line] DEBUG net.serenitybdd.core.photography.DarkroomProcessingLine - Processing screenshot image in /var/screenshots/screenshot-4284660870397185087
10:09:55.302 [Darkroom Processing Line] DEBUG net.serenitybdd.core.photography.DarkroomProcessingLine - Saving screenshot to target\site\serenity\ff2dd804923e3c5258b54be7fa316a40f671443e6dd67abc599224625498a61c.png
10:09:55.313 [Forwarding findElement on session 4a49a26a-b16c-473f-810a-616b1a933152 to remote] DEBUG org.asynchttpclient.netty.request.NettyRequestSender - Using pooled Channel '[id: 0x8e6c0bd6, L:/127.0.0.1:54942 - R:localhost/127.0.0.1:54759]' for 'POST' to 'http://localhost:54759/session/4a49a26a-b16c-473f-810a-616b1a933152/element'
10:09:55.313 [Forwarding findElement on session 4a49a26a-b16c-473f-810a-616b1a933152 to remote] DEBUG org.asynchttpclient.netty.request.NettyRequestSender - Using open Channel [id: 0x8e6c0bd6, L:/127.0.0.1:54942 - R:localhost/127.0.0.1:54759] for POST '/session/4a49a26a-b16c-473f-810a-616b1a933152/element'
10:09:55.358 [AsyncHttpClient-1-10] DEBUG org.asynchttpclient.netty.handler.HttpHandler - 

Request DefaultHttpRequest(decodeResult: success, version: HTTP/1.1)
POST /session/4a49a26a-b16c-473f-810a-616b1a933152/element HTTP/1.1
User-Agent: selenium/4.1.2 (java windows)
Content-Length: 81
Content-Type: application/json; charset=utf-8
host: localhost:54759
accept: */*

Response DefaultHttpResponse(decodeResult: success, version: HTTP/1.1)
HTTP/1.1 200 OK
content-type: application/json; charset=utf-8
cache-control: no-cache
date: Mon, 10 Apr 2023 03:09:54 GMT
content-length: 88

10:09:55.358 [AsyncHttpClient-1-10] DEBUG org.asynchttpclient.netty.channel.ChannelManager - Adding key: http://localhost:54759 for channel [id: 0x8e6c0bd6, L:/127.0.0.1:54942 - R:localhost/127.0.0.1:54759]
10:09:55.360 [Forwarding getElementTagName on session 4a49a26a-b16c-473f-810a-616b1a933152 to remote] DEBUG org.asynchttpclient.netty.request.NettyRequestSender - Using pooled Channel '[id: 0x8e6c0bd6, L:/127.0.0.1:54942 - R:localhost/127.0.0.1:54759]' for 'GET' to 'http://localhost:54759/session/4a49a26a-b16c-473f-810a-616b1a933152/element/40a39c2d-4e01-4cad-9c65-2e7ea9baecaf/name'
10:09:55.360 [Forwarding getElementTagName on session 4a49a26a-b16c-473f-810a-616b1a933152 to remote] DEBUG org.asynchttpclient.netty.request.NettyRequestSender - Using open Channel [id: 0x8e6c0bd6, L:/127.0.0.1:54942 - R:localhost/127.0.0.1:54759] for GET '/session/4a49a26a-b16c-473f-810a-616b1a933152/element/40a39c2d-4e01-4cad-9c65-2e7ea9baecaf/name'
10:09:55.378 [AsyncHttpClient-1-10] DEBUG org.asynchttpclient.netty.handler.HttpHandler - 

Request DefaultFullHttpRequest(decodeResult: success, version: HTTP/1.1, content: EmptyByteBufBE)
GET /session/4a49a26a-b16c-473f-810a-616b1a933152/element/40a39c2d-4e01-4cad-9c65-2e7ea9baecaf/name HTTP/1.1
User-Agent: selenium/4.1.2 (java windows)
Cache-Control: no-cache
Content-Type: application/json; charset=utf-8
host: localhost:54759
accept: */*

Response DefaultHttpResponse(decodeResult: success, version: HTTP/1.1)
HTTP/1.1 200 OK
content-type: application/json; charset=utf-8
cache-control: no-cache
date: Mon, 10 Apr 2023 03:09:54 GMT
content-length: 16

10:09:55.378 [AsyncHttpClient-1-10] DEBUG org.asynchttpclient.netty.channel.ChannelManager - Adding key: http://localhost:54759 for channel [id: 0x8e6c0bd6, L:/127.0.0.1:54942 - R:localhost/127.0.0.1:54759]
10:09:55.382 [Forwarding getElementTagName on session 4a49a26a-b16c-473f-810a-616b1a933152 to remote] DEBUG org.asynchttpclient.netty.request.NettyRequestSender - Using pooled Channel '[id: 0x8e6c0bd6, L:/127.0.0.1:54942 - R:localhost/127.0.0.1:54759]' for 'GET' to 'http://localhost:54759/session/4a49a26a-b16c-473f-810a-616b1a933152/element/40a39c2d-4e01-4cad-9c65-2e7ea9baecaf/name'
10:09:55.382 [Forwarding getElementTagName on session 4a49a26a-b16c-473f-810a-616b1a933152 to remote] DEBUG org.asynchttpclient.netty.request.NettyRequestSender - Using open Channel [id: 0x8e6c0bd6, L:/127.0.0.1:54942 - R:localhost/127.0.0.1:54759] for GET '/session/4a49a26a-b16c-473f-810a-616b1a933152/element/40a39c2d-4e01-4cad-9c65-2e7ea9baecaf/name'
10:09:55.410 [AsyncHttpClient-1-10] DEBUG org.asynchttpclient.netty.handler.HttpHandler - 

Request DefaultFullHttpRequest(decodeResult: success, version: HTTP/1.1, content: EmptyByteBufBE)
GET /session/4a49a26a-b16c-473f-810a-616b1a933152/element/40a39c2d-4e01-4cad-9c65-2e7ea9baecaf/name HTTP/1.1
User-Agent: selenium/4.1.2 (java windows)
Cache-Control: no-cache
Content-Type: application/json; charset=utf-8
host: localhost:54759
accept: */*

Response DefaultHttpResponse(decodeResult: success, version: HTTP/1.1)
HTTP/1.1 200 OK
content-type: application/json; charset=utf-8
cache-control: no-cache
date: Mon, 10 Apr 2023 03:09:54 GMT
content-length: 16

10:09:55.411 [AsyncHttpClient-1-10] DEBUG org.asynchttpclient.netty.channel.ChannelManager - Adding key: http://localhost:54759 for channel [id: 0x8e6c0bd6, L:/127.0.0.1:54942 - R:localhost/127.0.0.1:54759]
10:09:55.415 [Forwarding findElement on session 4a49a26a-b16c-473f-810a-616b1a933152 to remote] DEBUG org.asynchttpclient.netty.request.NettyRequestSender - Using pooled Channel '[id: 0x8e6c0bd6, L:/127.0.0.1:54942 - R:localhost/127.0.0.1:54759]' for 'POST' to 'http://localhost:54759/session/4a49a26a-b16c-473f-810a-616b1a933152/element'
10:09:55.415 [Forwarding findElement on session 4a49a26a-b16c-473f-810a-616b1a933152 to remote] DEBUG org.asynchttpclient.netty.request.NettyRequestSender - Using open Channel [id: 0x8e6c0bd6, L:/127.0.0.1:54942 - R:localhost/127.0.0.1:54759] for POST '/session/4a49a26a-b16c-473f-810a-616b1a933152/element'
10:09:55.439 [AsyncHttpClient-1-10] DEBUG org.asynchttpclient.netty.handler.HttpHandler - 

Request DefaultHttpRequest(decodeResult: success, version: HTTP/1.1)
POST /session/4a49a26a-b16c-473f-810a-616b1a933152/element HTTP/1.1
User-Agent: selenium/4.1.2 (java windows)
Content-Length: 81
Content-Type: application/json; charset=utf-8
host: localhost:54759
accept: */*

Response DefaultHttpResponse(decodeResult: success, version: HTTP/1.1)
HTTP/1.1 200 OK
content-type: application/json; charset=utf-8
cache-control: no-cache
date: Mon, 10 Apr 2023 03:09:54 GMT
content-length: 88

10:09:55.439 [AsyncHttpClient-1-10] DEBUG org.asynchttpclient.netty.channel.ChannelManager - Adding key: http://localhost:54759 for channel [id: 0x8e6c0bd6, L:/127.0.0.1:54942 - R:localhost/127.0.0.1:54759]
10:09:55.440 [Forwarding clickElement on session 4a49a26a-b16c-473f-810a-616b1a933152 to remote] DEBUG org.asynchttpclient.netty.request.NettyRequestSender - Using pooled Channel '[id: 0x8e6c0bd6, L:/127.0.0.1:54942 - R:localhost/127.0.0.1:54759]' for 'POST' to 'http://localhost:54759/session/4a49a26a-b16c-473f-810a-616b1a933152/element/40a39c2d-4e01-4cad-9c65-2e7ea9baecaf/click'
10:09:55.440 [Forwarding clickElement on session 4a49a26a-b16c-473f-810a-616b1a933152 to remote] DEBUG org.asynchttpclient.netty.request.NettyRequestSender - Using open Channel [id: 0x8e6c0bd6, L:/127.0.0.1:54942 - R:localhost/127.0.0.1:54759] for POST '/session/4a49a26a-b16c-473f-810a-616b1a933152/element/40a39c2d-4e01-4cad-9c65-2e7ea9baecaf/click'
10:09:56.164 [AsyncHttpClient-1-10] DEBUG org.asynchttpclient.netty.handler.HttpHandler - 

Request DefaultHttpRequest(decodeResult: success, version: HTTP/1.1)
POST /session/4a49a26a-b16c-473f-810a-616b1a933152/element/40a39c2d-4e01-4cad-9c65-2e7ea9baecaf/click HTTP/1.1
User-Agent: selenium/4.1.2 (java windows)
Content-Length: 50
Content-Type: application/json; charset=utf-8
host: localhost:54759
accept: */*

Response DefaultHttpResponse(decodeResult: success, version: HTTP/1.1)
HTTP/1.1 200 OK
content-type: application/json; charset=utf-8
cache-control: no-cache
date: Mon, 10 Apr 2023 03:09:54 GMT
content-length: 14

10:09:56.164 [AsyncHttpClient-1-10] DEBUG org.asynchttpclient.netty.channel.ChannelManager - Adding key: http://localhost:54759 for channel [id: 0x8e6c0bd6, L:/127.0.0.1:54942 - R:localhost/127.0.0.1:54759]
  &amp#27;[32mThen &amp#27;[0m&amp#27;[32mI click baby on the header&amp#27;[0m &amp#27;[90m# starter.stepdefinitions.BabyStep.iClickBabyOnTheHeader()&amp#27;[0m
10:09:56.172 [Forwarding screenshot on session 4a49a26a-b16c-473f-810a-616b1a933152 to remote] DEBUG org.asynchttpclient.netty.request.NettyRequestSender - Using pooled Channel '[id: 0x8e6c0bd6, L:/127.0.0.1:54942 - R:localhost/127.0.0.1:54759]' for 'GET' to 'http://localhost:54759/session/4a49a26a-b16c-473f-810a-616b1a933152/screenshot'
10:09:56.172 [Forwarding screenshot on session 4a49a26a-b16c-473f-810a-616b1a933152 to remote] DEBUG org.asynchttpclient.netty.request.NettyRequestSender - Using open Channel [id: 0x8e6c0bd6, L:/127.0.0.1:54942 - R:localhost/127.0.0.1:54759] for GET '/session/4a49a26a-b16c-473f-810a-616b1a933152/screenshot'
10:09:56.347 [AsyncHttpClient-1-10] DEBUG org.asynchttpclient.netty.handler.HttpHandler - 

Request DefaultFullHttpRequest(decodeResult: success, version: HTTP/1.1, content: EmptyByteBufBE)
GET /session/4a49a26a-b16c-473f-810a-616b1a933152/screenshot HTTP/1.1
User-Agent: selenium/4.1.2 (java windows)
Cache-Control: no-cache
Content-Type: application/json; charset=utf-8
host: localhost:54759
accept: */*

Response DefaultHttpResponse(decodeResult: success, version: HTTP/1.1)
HTTP/1.1 200 OK
content-type: application/json; charset=utf-8
cache-control: no-cache
date: Mon, 10 Apr 2023 03:09:56 GMT
content-length: 98024

10:09:56.347 [AsyncHttpClient-1-10] DEBUG org.asynchttpclient.netty.channel.ChannelManager - Adding key: http://localhost:54759 for channel [id: 0x8e6c0bd6, L:/127.0.0.1:54942 - R:localhost/127.0.0.1:54759]
10:09:56.352 [main] DEBUG net.serenitybdd.core.photography.Darkroom - Send negative for processing for target\site\serenity\bcb9a8d665d2c58a930e922f816fcc3ebc2aef855b882f3d531e7c9aa320b06d.png
10:09:56.362 [Forwarding findElement on session 4a49a26a-b16c-473f-810a-616b1a933152 to remote] DEBUG org.asynchttpclient.netty.request.NettyRequestSender - Using pooled Channel '[id: 0x8e6c0bd6, L:/127.0.0.1:54942 - R:localhost/127.0.0.1:54759]' for 'POST' to 'http://localhost:54759/session/4a49a26a-b16c-473f-810a-616b1a933152/element'
10:09:56.362 [Forwarding findElement on session 4a49a26a-b16c-473f-810a-616b1a933152 to remote] DEBUG org.asynchttpclient.netty.request.NettyRequestSender - Using open Channel [id: 0x8e6c0bd6, L:/127.0.0.1:54942 - R:localhost/127.0.0.1:54759] for POST '/session/4a49a26a-b16c-473f-810a-616b1a933152/element'
10:09:56.513 [AsyncHttpClient-1-10] DEBUG org.asynchttpclient.netty.handler.HttpHandler - 

Request DefaultHttpRequest(decodeResult: success, version: HTTP/1.1)
POST /session/4a49a26a-b16c-473f-810a-616b1a933152/element HTTP/1.1
User-Agent: selenium/4.1.2 (java windows)
Content-Length: 104
Content-Type: application/json; charset=utf-8
host: localhost:54759
accept: */*

Response DefaultHttpResponse(decodeResult: success, version: HTTP/1.1)
HTTP/1.1 200 OK
content-type: application/json; charset=utf-8
cache-control: no-cache
date: Mon, 10 Apr 2023 03:09:56 GMT
content-length: 88

10:09:56.514 [AsyncHttpClient-1-10] DEBUG org.asynchttpclient.netty.channel.ChannelManager - Adding key: http://localhost:54759 for channel [id: 0x8e6c0bd6, L:/127.0.0.1:54942 - R:localhost/127.0.0.1:54759]
10:09:56.515 [Forwarding getElementTagName on session 4a49a26a-b16c-473f-810a-616b1a933152 to remote] DEBUG org.asynchttpclient.netty.request.NettyRequestSender - Using pooled Channel '[id: 0x8e6c0bd6, L:/127.0.0.1:54942 - R:localhost/127.0.0.1:54759]' for 'GET' to 'http://localhost:54759/session/4a49a26a-b16c-473f-810a-616b1a933152/element/1945b1fb-5ff9-417e-89db-4c9c1f335b66/name'
10:09:56.515 [Forwarding getElementTagName on session 4a49a26a-b16c-473f-810a-616b1a933152 to remote] DEBUG org.asynchttpclient.netty.request.NettyRequestSender - Using open Channel [id: 0x8e6c0bd6, L:/127.0.0.1:54942 - R:localhost/127.0.0.1:54759] for GET '/session/4a49a26a-b16c-473f-810a-616b1a933152/element/1945b1fb-5ff9-417e-89db-4c9c1f335b66/name'
10:09:56.549 [AsyncHttpClient-1-10] DEBUG org.asynchttpclient.netty.handler.HttpHandler - 

Request DefaultFullHttpRequest(decodeResult: success, version: HTTP/1.1, content: EmptyByteBufBE)
GET /session/4a49a26a-b16c-473f-810a-616b1a933152/element/1945b1fb-5ff9-417e-89db-4c9c1f335b66/name HTTP/1.1
User-Agent: selenium/4.1.2 (java windows)
Cache-Control: no-cache
Content-Type: application/json; charset=utf-8
host: localhost:54759
accept: */*

Response DefaultHttpResponse(decodeResult: success, version: HTTP/1.1)
HTTP/1.1 200 OK
content-type: application/json; charset=utf-8
cache-control: no-cache
date: Mon, 10 Apr 2023 03:09:56 GMT
content-length: 16

10:09:56.549 [AsyncHttpClient-1-10] DEBUG org.asynchttpclient.netty.channel.ChannelManager - Adding key: http://localhost:54759 for channel [id: 0x8e6c0bd6, L:/127.0.0.1:54942 - R:localhost/127.0.0.1:54759]
10:09:56.550 [Forwarding getElementTagName on session 4a49a26a-b16c-473f-810a-616b1a933152 to remote] DEBUG org.asynchttpclient.netty.request.NettyRequestSender - Using pooled Channel '[id: 0x8e6c0bd6, L:/127.0.0.1:54942 - R:localhost/127.0.0.1:54759]' for 'GET' to 'http://localhost:54759/session/4a49a26a-b16c-473f-810a-616b1a933152/element/1945b1fb-5ff9-417e-89db-4c9c1f335b66/name'
10:09:56.550 [Forwarding getElementTagName on session 4a49a26a-b16c-473f-810a-616b1a933152 to remote] DEBUG org.asynchttpclient.netty.request.NettyRequestSender - Using open Channel [id: 0x8e6c0bd6, L:/127.0.0.1:54942 - R:localhost/127.0.0.1:54759] for GET '/session/4a49a26a-b16c-473f-810a-616b1a933152/element/1945b1fb-5ff9-417e-89db-4c9c1f335b66/name'
10:09:56.563 [AsyncHttpClient-1-10] DEBUG org.asynchttpclient.netty.handler.HttpHandler - 

Request DefaultFullHttpRequest(decodeResult: success, version: HTTP/1.1, content: EmptyByteBufBE)
GET /session/4a49a26a-b16c-473f-810a-616b1a933152/element/1945b1fb-5ff9-417e-89db-4c9c1f335b66/name HTTP/1.1
User-Agent: selenium/4.1.2 (java windows)
Cache-Control: no-cache
Content-Type: application/json; charset=utf-8
host: localhost:54759
accept: */*

Response DefaultHttpResponse(decodeResult: success, version: HTTP/1.1)
HTTP/1.1 200 OK
content-type: application/json; charset=utf-8
cache-control: no-cache
date: Mon, 10 Apr 2023 03:09:56 GMT
content-length: 16

10:09:56.563 [AsyncHttpClient-1-10] DEBUG org.asynchttpclient.netty.channel.ChannelManager - Adding key: http://localhost:54759 for channel [id: 0x8e6c0bd6, L:/127.0.0.1:54942 - R:localhost/127.0.0.1:54759]
10:09:56.565 [Forwarding findElement on session 4a49a26a-b16c-473f-810a-616b1a933152 to remote] DEBUG org.asynchttpclient.netty.request.NettyRequestSender - Using pooled Channel '[id: 0x8e6c0bd6, L:/127.0.0.1:54942 - R:localhost/127.0.0.1:54759]' for 'POST' to 'http://localhost:54759/session/4a49a26a-b16c-473f-810a-616b1a933152/element'
10:09:56.566 [Forwarding findElement on session 4a49a26a-b16c-473f-810a-616b1a933152 to remote] DEBUG org.asynchttpclient.netty.request.NettyRequestSender - Using open Channel [id: 0x8e6c0bd6, L:/127.0.0.1:54942 - R:localhost/127.0.0.1:54759] for POST '/session/4a49a26a-b16c-473f-810a-616b1a933152/element'
10:09:56.640 [AsyncHttpClient-1-10] DEBUG org.asynchttpclient.netty.handler.HttpHandler - 

Request DefaultHttpRequest(decodeResult: success, version: HTTP/1.1)
POST /session/4a49a26a-b16c-473f-810a-616b1a933152/element HTTP/1.1
User-Agent: selenium/4.1.2 (java windows)
Content-Length: 104
Content-Type: application/json; charset=utf-8
host: localhost:54759
accept: */*

Response DefaultHttpResponse(decodeResult: success, version: HTTP/1.1)
HTTP/1.1 200 OK
content-type: application/json; charset=utf-8
cache-control: no-cache
date: Mon, 10 Apr 2023 03:09:56 GMT
content-length: 88

10:09:56.640 [AsyncHttpClient-1-10] DEBUG org.asynchttpclient.netty.channel.ChannelManager - Adding key: http://localhost:54759 for channel [id: 0x8e6c0bd6, L:/127.0.0.1:54942 - R:localhost/127.0.0.1:54759]
10:09:56.642 [Forwarding clickElement on session 4a49a26a-b16c-473f-810a-616b1a933152 to remote] DEBUG org.asynchttpclient.netty.request.NettyRequestSender - Using pooled Channel '[id: 0x8e6c0bd6, L:/127.0.0.1:54942 - R:localhost/127.0.0.1:54759]' for 'POST' to 'http://localhost:54759/session/4a49a26a-b16c-473f-810a-616b1a933152/element/1945b1fb-5ff9-417e-89db-4c9c1f335b66/click'
10:09:56.642 [Forwarding clickElement on session 4a49a26a-b16c-473f-810a-616b1a933152 to remote] DEBUG org.asynchttpclient.netty.request.NettyRequestSender - Using open Channel [id: 0x8e6c0bd6, L:/127.0.0.1:54942 - R:localhost/127.0.0.1:54759] for POST '/session/4a49a26a-b16c-473f-810a-616b1a933152/element/1945b1fb-5ff9-417e-89db-4c9c1f335b66/click'
10:09:57.171 [AsyncHttpClient-1-10] DEBUG org.asynchttpclient.netty.handler.HttpHandler - 

Request DefaultHttpRequest(decodeResult: success, version: HTTP/1.1)
POST /session/4a49a26a-b16c-473f-810a-616b1a933152/element/1945b1fb-5ff9-417e-89db-4c9c1f335b66/click HTTP/1.1
User-Agent: selenium/4.1.2 (java windows)
Content-Length: 50
Content-Type: application/json; charset=utf-8
host: localhost:54759
accept: */*

Response DefaultHttpResponse(decodeResult: success, version: HTTP/1.1)
HTTP/1.1 200 OK
content-type: application/json; charset=utf-8
cache-control: no-cache
date: Mon, 10 Apr 2023 03:09:56 GMT
content-length: 14

10:09:57.172 [AsyncHttpClient-1-10] DEBUG org.asynchttpclient.netty.channel.ChannelManager - Adding key: http://localhost:54759 for channel [id: 0x8e6c0bd6, L:/127.0.0.1:54942 - R:localhost/127.0.0.1:54759]
  &amp#27;[32mWhen &amp#27;[0m&amp#27;[32mI will go to &amp#27;[0m&amp#27;[32m&amp#27;[1m"Airism1"&amp#27;[0m     &amp#27;[90m# starter.stepdefinitions.BabyStep.iWillGoTo(java.lang.String)&amp#27;[0m
10:09:57.179 [Forwarding screenshot on session 4a49a26a-b16c-473f-810a-616b1a933152 to remote] DEBUG org.asynchttpclient.netty.request.NettyRequestSender - Using pooled Channel '[id: 0x8e6c0bd6, L:/127.0.0.1:54942 - R:localhost/127.0.0.1:54759]' for 'GET' to 'http://localhost:54759/session/4a49a26a-b16c-473f-810a-616b1a933152/screenshot'
10:09:57.180 [Forwarding screenshot on session 4a49a26a-b16c-473f-810a-616b1a933152 to remote] DEBUG org.asynchttpclient.netty.request.NettyRequestSender - Using open Channel [id: 0x8e6c0bd6, L:/127.0.0.1:54942 - R:localhost/127.0.0.1:54759] for GET '/session/4a49a26a-b16c-473f-810a-616b1a933152/screenshot'
10:09:57.281 [AsyncHttpClient-1-10] DEBUG org.asynchttpclient.netty.handler.HttpHandler - 

Request DefaultFullHttpRequest(decodeResult: success, version: HTTP/1.1, content: EmptyByteBufBE)
GET /session/4a49a26a-b16c-473f-810a-616b1a933152/screenshot HTTP/1.1
User-Agent: selenium/4.1.2 (java windows)
Cache-Control: no-cache
Content-Type: application/json; charset=utf-8
host: localhost:54759
accept: */*

Response DefaultHttpResponse(decodeResult: success, version: HTTP/1.1)
HTTP/1.1 200 OK
content-type: application/json; charset=utf-8
cache-control: no-cache
date: Mon, 10 Apr 2023 03:09:57 GMT
content-length: 97172

10:09:57.282 [AsyncHttpClient-1-10] DEBUG org.asynchttpclient.netty.channel.ChannelManager - Adding key: http://localhost:54759 for channel [id: 0x8e6c0bd6, L:/127.0.0.1:54942 - R:localhost/127.0.0.1:54759]
10:09:57.286 [main] DEBUG net.serenitybdd.core.photography.Darkroom - Send negative for processing for target\site\serenity\bdced51ef6d4a3394ddda96248b231f53c996a51471762c1a35c8e124e0880fa.png
10:09:57.286 [Darkroom Processing Line] DEBUG net.serenitybdd.core.photography.DarkroomProcessingLine - Processing screenshot image in /var/screenshots/screenshot-14221376523767005819
10:09:57.286 [Darkroom Processing Line] DEBUG net.serenitybdd.core.photography.DarkroomProcessingLine - Saving screenshot to target\site\serenity\bdced51ef6d4a3394ddda96248b231f53c996a51471762c1a35c8e124e0880fa.png
10:09:57.294 [Forwarding findElement on session 4a49a26a-b16c-473f-810a-616b1a933152 to remote] DEBUG org.asynchttpclient.netty.request.NettyRequestSender - Using pooled Channel '[id: 0x8e6c0bd6, L:/127.0.0.1:54942 - R:localhost/127.0.0.1:54759]' for 'POST' to 'http://localhost:54759/session/4a49a26a-b16c-473f-810a-616b1a933152/element'
10:09:57.294 [Forwarding findElement on session 4a49a26a-b16c-473f-810a-616b1a933152 to remote] DEBUG org.asynchttpclient.netty.request.NettyRequestSender - Using open Channel [id: 0x8e6c0bd6, L:/127.0.0.1:54942 - R:localhost/127.0.0.1:54759] for POST '/session/4a49a26a-b16c-473f-810a-616b1a933152/element'
10:09:57.362 [AsyncHttpClient-1-10] DEBUG org.asynchttpclient.netty.handler.HttpHandler - 

Request DefaultHttpRequest(decodeResult: success, version: HTTP/1.1)
POST /session/4a49a26a-b16c-473f-810a-616b1a933152/element HTTP/1.1
User-Agent: selenium/4.1.2 (java windows)
Content-Length: 88
Content-Type: application/json; charset=utf-8
host: localhost:54759
accept: */*

Response DefaultHttpResponse(decodeResult: success, version: HTTP/1.1)
HTTP/1.1 200 OK
content-type: application/json; charset=utf-8
cache-control: no-cache
date: Mon, 10 Apr 2023 03:09:57 GMT
content-length: 88

10:09:57.362 [AsyncHttpClient-1-10] DEBUG org.asynchttpclient.netty.channel.ChannelManager - Adding key: http://localhost:54759 for channel [id: 0x8e6c0bd6, L:/127.0.0.1:54942 - R:localhost/127.0.0.1:54759]
10:09:57.366 [Forwarding isElementDisplayed on session 4a49a26a-b16c-473f-810a-616b1a933152 to remote] DEBUG org.asynchttpclient.netty.request.NettyRequestSender - Using pooled Channel '[id: 0x8e6c0bd6, L:/127.0.0.1:54942 - R:localhost/127.0.0.1:54759]' for 'POST' to 'http://localhost:54759/session/4a49a26a-b16c-473f-810a-616b1a933152/execute/sync'
10:09:57.366 [Forwarding isElementDisplayed on session 4a49a26a-b16c-473f-810a-616b1a933152 to remote] DEBUG org.asynchttpclient.netty.request.NettyRequestSender - Using open Channel [id: 0x8e6c0bd6, L:/127.0.0.1:54942 - R:localhost/127.0.0.1:54759] for POST '/session/4a49a26a-b16c-473f-810a-616b1a933152/execute/sync'
10:09:57.383 [AsyncHttpClient-1-10] DEBUG org.asynchttpclient.netty.handler.HttpHandler - 

Request DefaultHttpRequest(decodeResult: success, version: HTTP/1.1)
POST /session/4a49a26a-b16c-473f-810a-616b1a933152/execute/sync HTTP/1.1
User-Agent: selenium/4.1.2 (java windows)
Content-Length: 48780
Content-Type: application/json; charset=utf-8
host: localhost:54759
accept: */*

Response DefaultHttpResponse(decodeResult: success, version: HTTP/1.1)
HTTP/1.1 200 OK
content-type: application/json; charset=utf-8
cache-control: no-cache
date: Mon, 10 Apr 2023 03:09:57 GMT
content-length: 14

10:09:57.384 [AsyncHttpClient-1-10] DEBUG org.asynchttpclient.netty.channel.ChannelManager - Adding key: http://localhost:54759 for channel [id: 0x8e6c0bd6, L:/127.0.0.1:54942 - R:localhost/127.0.0.1:54759]
  &amp#27;[32mAnd &amp#27;[0m&amp#27;[32mI &amp#27;[0m&amp#27;[32m&amp#27;[1m"txtAirism1"&amp#27;[0m&amp#27;[32m page&amp#27;[0m         &amp#27;[90m# starter.stepdefinitions.BabyStep.iPage(java.lang.String)&amp#27;[0m
10:09:57.389 [Forwarding screenshot on session 4a49a26a-b16c-473f-810a-616b1a933152 to remote] DEBUG org.asynchttpclient.netty.request.NettyRequestSender - Using pooled Channel '[id: 0x8e6c0bd6, L:/127.0.0.1:54942 - R:localhost/127.0.0.1:54759]' for 'GET' to 'http://localhost:54759/session/4a49a26a-b16c-473f-810a-616b1a933152/screenshot'
10:09:57.389 [Forwarding screenshot on session 4a49a26a-b16c-473f-810a-616b1a933152 to remote] DEBUG org.asynchttpclient.netty.request.NettyRequestSender - Using open Channel [id: 0x8e6c0bd6, L:/127.0.0.1:54942 - R:localhost/127.0.0.1:54759] for GET '/session/4a49a26a-b16c-473f-810a-616b1a933152/screenshot'
10:09:57.418 [AsyncHttpClient-1-10] DEBUG org.asynchttpclient.netty.handler.HttpHandler - 

Request DefaultFullHttpRequest(decodeResult: success, version: HTTP/1.1, content: EmptyByteBufBE)
GET /session/4a49a26a-b16c-473f-810a-616b1a933152/screenshot HTTP/1.1
User-Agent: selenium/4.1.2 (java windows)
Cache-Control: no-cache
Content-Type: application/json; charset=utf-8
host: localhost:54759
accept: */*

Response DefaultHttpResponse(decodeResult: success, version: HTTP/1.1)
HTTP/1.1 200 OK
content-type: application/json; charset=utf-8
cache-control: no-cache
date: Mon, 10 Apr 2023 03:09:57 GMT
content-length: 79156

10:09:57.418 [AsyncHttpClient-1-10] DEBUG org.asynchttpclient.netty.channel.ChannelManager - Adding key: http://localhost:54759 for channel [id: 0x8e6c0bd6, L:/127.0.0.1:54942 - R:localhost/127.0.0.1:54759]
10:09:57.421 [main] DEBUG net.serenitybdd.core.photography.Darkroom - Send negative for processing for target\site\serenity\eb7869ce2b901ac1d38e150183497748cf2a654832d967825efd539b24f342fb.png
10:09:57.421 [Darkroom Processing Line] DEBUG net.serenitybdd.core.photography.DarkroomProcessingLine - Processing screenshot image in /var/screenshots/screenshot-14003447104813941219
10:09:57.421 [Darkroom Processing Line] DEBUG net.serenitybdd.core.photography.DarkroomProcessingLine - Saving screenshot to target\site\serenity\eb7869ce2b901ac1d38e150183497748cf2a654832d967825efd539b24f342fb.png
10:09:57.425 [Driver Command Executor] DEBUG org.asynchttpclient.netty.request.NettyRequestSender - Using pooled Channel '[id: 0x8e6c0bd6, L:/127.0.0.1:54942 - R:localhost/127.0.0.1:54759]' for 'DELETE' to 'http://localhost:54759/session/4a49a26a-b16c-473f-810a-616b1a933152'
10:09:57.426 [Driver Command Executor] DEBUG org.asynchttpclient.netty.request.NettyRequestSender - Using open Channel [id: 0x8e6c0bd6, L:/127.0.0.1:54942 - R:localhost/127.0.0.1:54759] for DELETE '/session/4a49a26a-b16c-473f-810a-616b1a933152'
10:09:58.221 [AsyncHttpClient-1-10] DEBUG org.asynchttpclient.netty.handler.HttpHandler - 

Request DefaultFullHttpRequest(decodeResult: success, version: HTTP/1.1, content: EmptyByteBufBE)
DELETE /session/4a49a26a-b16c-473f-810a-616b1a933152 HTTP/1.1
User-Agent: selenium/4.1.2 (java windows)
Content-Type: application/json; charset=utf-8
host: localhost:54759
accept: */*

Response DefaultHttpResponse(decodeResult: success, version: HTTP/1.1)
HTTP/1.1 200 OK
content-type: application/json; charset=utf-8
cache-control: no-cache
date: Mon, 10 Apr 2023 03:09:57 GMT
content-length: 14

10:09:58.221 [AsyncHttpClient-1-10] DEBUG org.asynchttpclient.netty.channel.ChannelManager - Adding key: http://localhost:54759 for channel [id: 0x8e6c0bd6, L:/127.0.0.1:54942 - R:localhost/127.0.0.1:54759]
10:09:58.223 [AsyncHttpClient-1-10] DEBUG org.asynchttpclient.netty.handler.HttpHandler - Unexpected I/O exception on channel [id: 0x8e6c0bd6, L:/127.0.0.1:54942 - R:localhost/127.0.0.1:54759]
java.net.SocketException: Connection reset
	at java.base/sun.nio.ch.SocketChannelImpl.throwConnectionReset(SocketChannelImpl.java:345)
	at java.base/sun.nio.ch.SocketChannelImpl.read(SocketChannelImpl.java:376)
	at io.netty.buffer.PooledByteBuf.setBytes(PooledByteBuf.java:258)
	at io.netty.buffer.AbstractByteBuf.writeBytes(AbstractByteBuf.java:1132)
	at io.netty.channel.socket.nio.NioSocketChannel.doReadBytes(NioSocketChannel.java:350)
	at io.netty.channel.nio.AbstractNioByteChannel$NioByteUnsafe.read(AbstractNioByteChannel.java:151)
	at io.netty.channel.nio.NioEventLoop.processSelectedKey(NioEventLoop.java:722)
	at io.netty.channel.nio.NioEventLoop.processSelectedKeysOptimized(NioEventLoop.java:658)
	at io.netty.channel.nio.NioEventLoop.processSelectedKeys(NioEventLoop.java:584)
	at io.netty.channel.nio.NioEventLoop.run(NioEventLoop.java:496)
	at io.netty.util.concurrent.SingleThreadEventExecutor$4.run(SingleThreadEventExecutor.java:986)
	at io.netty.util.internal.ThreadExecutorMap$2.run(ThreadExecutorMap.java:74)
	at io.netty.util.concurrent.FastThreadLocalRunnable.run(FastThreadLocalRunnable.java:30)
	at java.base/java.lang.Thread.run(Thread.java:830)
10:09:58.223 [AsyncHttpClient-1-10] DEBUG org.asynchttpclient.netty.channel.ChannelManager - Closing Channel [id: 0x8e6c0bd6, L:/127.0.0.1:54942 - R:localhost/127.0.0.1:54759] 
10:09:58.223 [AsyncHttpClient-1-10] DEBUG org.asynchttpclient.netty.handler.HttpHandler - Channel Closed: [id: 0x8e6c0bd6, L:/127.0.0.1:54942 ! R:localhost/127.0.0.1:54759] with attribute DISCARD
]]></system-out>
    <system-err><![CDATA[1681096190168	geckodriver	INFO	Listening on 127.0.0.1:54759
1681096190648	mozrunner::runner	INFO	Running command: "C:\\Program Files\\Mozilla Firefox\\firefox.exe" "--marionette" "" "--remote-debugging-port" "64065" "--remote-allow-hosts" "localhost" "-no-remote" "-profile" "C:\\Users\\alwi\\AppData\\Local\\Temp\\rust_mozprofileKnVFGx"
console.warn: services.settings: Ignoring preference override of remote settings server
console.warn: services.settings: Allow by setting MOZ_REMOTE_SETTINGS_DEVTOOLS=1 in the environment
1681096190996	Marionette	INFO	Marionette enabled
Dynamically enable window occlusion 0
1681096191001	Marionette	INFO	Listening on port 54945
WebDriver BiDi listening on ws://127.0.0.1:64065
Read port: 54945
1681096191242	RemoteAgent	WARN	TLS certificate errors will be ignored for this session
console.warn: SearchSettings: "get: No settings file exists, new profile?" (new NotFoundError("Could not open the file at C:\\Users\\alwi\\AppData\\Local\\Temp\\rust_mozprofileKnVFGx\\search.json.mozlz4", (void 0)))
DevTools listening on ws://127.0.0.1:64065/devtools/browser/2d1f461e-f8fb-4a5e-bf6b-9de4c7fd9cdb
Apr 10, 2023 10:09:52 AM org.openqa.selenium.remote.ProtocolHandshake createSession
INFO: Detected dialect: W3C
JavaScript warning: https://www.uniqlo.com/Mx95Yd/biG/Wo_/8-IanA/Vu7EGJtwEh/el0ZAQ/aiE/QAlg7T10, line 1: unreachable code after return statement
JavaScript warning: https://www.uniqlo.com/Mx95Yd/biG/Wo_/8-IanA/Vu7EGJtwEh/el0ZAQ/aiE/QAlg7T10, line 1: WEBGL_debug_renderer_info is deprecated in Firefox and will be removed. Please use RENDERER.
JavaScript warning: https://www.uniqlo.com/id/elgnisolqinu.js?async&seed=AIAnG2mHAQAAp6_kQ-NvC4pDCvZJooQGzCoxcLZ3CqwiSlxvcp_1EokMlmcT&x-i1ysm4mm--z=q, line 1: WEBGL_debug_renderer_info is deprecated in Firefox and will be removed. Please use RENDERER.
1681096197427	Marionette	INFO	Stopped listening on port 54945
Dynamically enable window occlusion 1
WARNING: A blocker encountered an error while we were waiting.
          Blocker:  Waiting for ping task
          Phase: TelemetryController: Waiting for pending ping activity
          State: (none)
WARNING: Error: Phase "profile-before-change" is finished, it is too late to register completion condition "OS.File: flush I/O queued before profileBeforeChange"
WARNING: addBlocker@resource://gre/modules/AsyncShutdown.sys.mjs:727:15
addBlocker@resource://gre/modules/AsyncShutdown.sys.mjs:523:26
addBlocker@resource://gre/modules/AsyncShutdown.sys.mjs:458:15
setupShutdown@resource://gre/modules/osfile/osfile_async_front.jsm:1548:28
@resource://gre/modules/osfile/osfile_async_front.jsm:1568:16
@resource://gre/modules/osfile.jsm:12:30
@resource://gre/modules/TelemetryStorage.sys.mjs:10:28
_checkPendingPings@resource://gre/modules/TelemetrySend.sys.mjs:863:17
setup@resource://gre/modules/TelemetrySend.sys.mjs:803:18
setup@resource://gre/modules/TelemetrySend.sys.mjs:241:30
setupTelemetry/this._delayedInitTask<@resource://gre/modules/TelemetryControllerParent.sys.mjs:828:36
observe@resource://gre/modules/AsyncShutdown.sys.mjs:576:16

console.error: "TelemetryScheduler.shutdown - Already shut down"
WARNING: A blocker encountered an error while we were waiting.
          Blocker:  Waiting for ping task
          Phase: TelemetryController: Waiting for pending ping activity
          State: (none)
WARNING: Error: Phase "profile-before-change" is finished, it is too late to register completion condition "OS.File: flush I/O queued before profileBeforeChange"
WARNING: addBlocker@resource://gre/modules/AsyncShutdown.sys.mjs:727:15
addBlocker@resource://gre/modules/AsyncShutdown.sys.mjs:523:26
addBlocker@resource://gre/modules/AsyncShutdown.sys.mjs:458:15
setupShutdown@resource://gre/modules/osfile/osfile_async_front.jsm:1548:28
@resource://gre/modules/osfile/osfile_async_front.jsm:1568:16
@resource://gre/modules/osfile.jsm:12:30
@resource://gre/modules/TelemetryStorage.sys.mjs:10:28
_checkPendingPings@resource://gre/modules/TelemetrySend.sys.mjs:863:17
setup@resource://gre/modules/TelemetrySend.sys.mjs:803:18
setup@resource://gre/modules/TelemetrySend.sys.mjs:241:30
setupTelemetry/this._delayedInitTask<@resource://gre/modules/TelemetryControllerParent.sys.mjs:828:36
observe@resource://gre/modules/AsyncShutdown.sys.mjs:576:16

WARNING: A blocker encountered an error while we were waiting.
          Blocker:  Waiting for ping task
          Phase: TelemetryController: Waiting for pending ping activity
          State: (none)
WARNING: Error: Phase "profile-before-change" is finished, it is too late to register completion condition "OS.File: flush I/O queued before profileBeforeChange"
WARNING: addBlocker@resource://gre/modules/AsyncShutdown.sys.mjs:727:15
addBlocker@resource://gre/modules/AsyncShutdown.sys.mjs:523:26
addBlocker@resource://gre/modules/AsyncShutdown.sys.mjs:458:15
setupShutdown@resource://gre/modules/osfile/osfile_async_front.jsm:1548:28
@resource://gre/modules/osfile/osfile_async_front.jsm:1568:16
@resource://gre/modules/osfile.jsm:12:30
@resource://gre/modules/TelemetryStorage.sys.mjs:10:28
_checkPendingPings@resource://gre/modules/TelemetrySend.sys.mjs:863:17
setup@resource://gre/modules/TelemetrySend.sys.mjs:803:18
setup@resource://gre/modules/TelemetrySend.sys.mjs:241:30
setupTelemetry/this._delayedInitTask<@resource://gre/modules/TelemetryControllerParent.sys.mjs:828:36
observe@resource://gre/modules/AsyncShutdown.sys.mjs:576:16

WARNING: A blocker encountered an error while we were waiting.
          Blocker:  TelemetryController: shutting down
          Phase: profile-before-change-telemetry
          State: Error getting state: Error: Phase "profile-before-change" is finished, it is too late to register completion condition "OS.File: flush I/O queued before profileBeforeChange" at addBlocker@resource://gre/modules/AsyncShutdown.sys.mjs:727:15
addBlocker@resource://gre/modules/AsyncShutdown.sys.mjs:523:26
addBlocker@resource://gre/modules/AsyncShutdown.sys.mjs:458:15
setupShutdown@resource://gre/modules/osfile/osfile_async_front.jsm:1548:28
@resource://gre/modules/osfile/osfile_async_front.jsm:1568:16
@resource://gre/modules/osfile.jsm:12:30
@resource://gre/modules/TelemetryStorage.sys.mjs:10:28
_checkPendingPings@resource://gre/modules/TelemetrySend.sys.mjs:863:17
setup@resource://gre/modules/TelemetrySend.sys.mjs:803:18
setup@resource://gre/modules/TelemetrySend.sys.mjs:241:30
setupTelemetry/this._delayedInitTask<@resource://gre/modules/TelemetryControllerParent.sys.mjs:828:36
observe@resource://gre/modules/AsyncShutdown.sys.mjs:576:16

WARNING: Error: Phase "profile-before-change" is finished, it is too late to register completion condition "OS.File: flush I/O queued before profileBeforeChange"
WARNING: addBlocker@resource://gre/modules/JAasvyanSccSript errohr:utd ownre.ssoyusr.cmej:s/:/7g2r7e:/1m5od
uaddlesBl/oAcskyenrc@Shutdown.sys.mjs, line 727: Error: Phase "profile-before-change" is finished, it irs etosoo ulractee: /t/og rereg/misotdeurl ecso/mApslyentcioSnh uctodonwn.dsiytsi.omnj s":O52S3.:F2i6le: 
fadlduBslho cIk/eO rq@ureeuseodu rbceefo:/r/eg prreo/fimloedBuelfeosre/CAhsaynngce"S
hutdown.sysJ.amvjasS:c4r5i8p:t1 e5r
rsore:t ruepsoSuhructed:o/w/ng@rrees/omuordcuel:e/s//gAsryen/cmSohduutleds/own.soyss.fmjisl,e /loisnfei l7e_2a7s: Error: Phase "profile-before-change" is finisyhnecd_,f itr onits. jtsomo: 1l5a4t8e: 2t8o 
re@griesstoeurr cceo:m/p/lgertei/omno dcuolensd/iotsifoinl e"/OoSs.fFiillee_:a sfylncu_sfhr oIn/tO. jqsumeu:e1d 5b6e8f:16o
r@er persofoiulrecBeef:o/r/egChrae/nmgoed"ul
eJsav/aSocsrfipitl ee.rjsrmo:r1:2 :r3e0so
ur@cre:e/s/gorurcee/:m/o/dgurlee/sm/AosdyunlcSehsut/dTeowlne.mseyst.rymSjtso,r aligne.es y7s.2m7j:s :E1r0r:or28: 
Ph_acshe e"cpkPernodfile-ibngefPoinrges-@chraensge" is finished, it is toouor clea:t//e gtroe /rmeodguilsets/eTre clomepmletertyiSon ceond.nsydsi.tmjiso:n86 3":O17S
.Fsielteu:p @frleussh oIu/rOce :q/u/gereue/dm odbuelefso/Treele mpertorfyiSleeBeforeChangen"d
.Jsayvsa.Smjsc:r8i03p:t1 8e
rsreotru:p @rreesousrocuer:c/e/:g/r/e/mgordeu/lmeso/dAulsesy/nTceSlhemuettrdyoSewnnd.sys.mj.ss,ys .lmijnse :722741:: 30Er
rsoert: uPpThealesmeetr y"/tphroifsi.le-_bdeeforlea-ycehdanIgnei"t iTsas kf<i@nriesourcseh:e/d/, girte /imso dtuloeos /lTaetlee mteot rreygCiosntterro lcloemrpPlaretieonnt .csoynsd.imtjsi:o8n 2"8O:S36
.Foiblsee:r ve@frleussohu rIc/eO: /q/gureeu/emdo dbuelfeosr/eA spyrnocfSihluetBdeofwon.rseyCsh.amnjsg:5e7"6:1
6JavaS
cr
ipt error: resource://gre/modules/AsyncShutdown.sys.mjs, line 727: Error: Phase "profile-before-change" is finished, it is too late to register completion condition "OS.File: flush I/O queued before profileBeforeChange"
JavaScript error: resource://gre/modules/AsyncShutdown.sys.mjs, line 727: Error: Phase "profile-before-change" is finished, it is too late to register completion condition "OS.File: flush I/O queued before profileBeforeChange"
]]></system-err>
  </testcase>
  <testcase name="Fitur Menu Baby #13" classname="Baby" time="8.287">
    <system-out><![CDATA[
@baby
Scenario Outline: Fitur Menu Baby &amp#27;[90m# src/test/resources/features/Baby.feature:25&amp#27;[0m
10:09:58.286 [main] INFO io.cucumber.core.plugin.SerenityReporter - Running feature from file:///C:/Users/alwi/IdeaProjects/uniqloweb/src/test/resources/features/Baby.feature
10:09:58.298 [main] INFO net.serenitybdd.core.webdriver.driverproviders.FirefoxDriverProvider - Using automatically driver download
10:09:58.402 [main] DEBUG io.github.bonigarcia.wdm.cache.ResolutionCache - Resolution firefox=111 in cache (valid until 10:32:56 10/04/2023 WIB)
10:09:58.405 [main] DEBUG io.github.bonigarcia.wdm.cache.ResolutionCache - Resolution firefox111=0.32.2 in cache (valid until 19:30:50 10/04/2023 WIB)
10:09:58.407 [main] INFO io.github.bonigarcia.wdm.WebDriverManager - Using geckodriver 0.32.2 (resolved driver for Firefox 111)
10:09:58.422 [main] DEBUG io.github.bonigarcia.wdm.WebDriverManager - Driver geckodriver 0.32.2 found in cache
10:09:58.422 [main] INFO io.github.bonigarcia.wdm.WebDriverManager - Exporting webdriver.gecko.driver as C:\Users\alwi\.cache\selenium\geckodriver\win64\0.32.2\geckodriver.exe
10:09:58.434 [main] DEBUG net.serenitybdd.core.webdriver.driverproviders.ProvideNewDriver - Instantiating driver
10:09:58.434 [main] DEBUG net.serenitybdd.core.webdriver.driverproviders.ProvideNewDriver - Driver capabilities: Capabilities {acceptInsecureCerts: true, browserName: firefox, moz:debuggerAddress: true, moz:firefoxOptions: {args: [], profile: UEsDBBQACAgIAD1RilYAAAAAAAA...}}
10:09:58.720 [AsyncHttpClient-1-1] DEBUG org.asynchttpclient.netty.channel.DefaultChannelPool - Entry count for : http://localhost:54759 : 1
10:09:58.720 [AsyncHttpClient-1-1] DEBUG org.asynchttpclient.netty.channel.DefaultChannelPool - Adding Candidate expired Channel [id: 0x8e6c0bd6, L:/127.0.0.1:54942 ! R:localhost/127.0.0.1:54759] isIdleTimeoutExpired=false isRemotelyClosed=true isTtlExpired=false
10:09:58.720 [AsyncHttpClient-1-1] DEBUG org.asynchttpclient.netty.channel.DefaultChannelPool - Closing Idle Channel [id: 0x8e6c0bd6, L:/127.0.0.1:54942 ! R:localhost/127.0.0.1:54759]
10:09:58.720 [AsyncHttpClient-1-1] DEBUG org.asynchttpclient.netty.channel.DefaultChannelPool - Closed 1 connections out of 1 in 0 ms
10:09:58.960 [AsyncHttpClient-1-12] DEBUG org.asynchttpclient.netty.channel.NettyConnectListener - Using new Channel '[id: 0x955b8461, L:/127.0.0.1:55050 - R:localhost/127.0.0.1:62856]' for 'POST' to '/session'
10:10:01.304 [AsyncHttpClient-1-12] DEBUG org.asynchttpclient.netty.handler.HttpHandler - 

Request DefaultHttpRequest(decodeResult: success, version: HTTP/1.1)
POST /session HTTP/1.1
User-Agent: selenium/4.1.2 (java windows)
Content-Length: 3673
Content-Type: application/json; charset=utf-8
host: localhost:62856
accept: */*

Response DefaultHttpResponse(decodeResult: success, version: HTTP/1.1)
HTTP/1.1 200 OK
content-type: application/json; charset=utf-8
cache-control: no-cache
date: Mon, 10 Apr 2023 03:09:58 GMT
content-length: 790

10:10:01.305 [AsyncHttpClient-1-12] DEBUG org.asynchttpclient.netty.channel.ChannelManager - Adding key: http://localhost:62856 for channel [id: 0x955b8461, L:/127.0.0.1:55050 - R:localhost/127.0.0.1:62856]
10:10:01.310 [AsyncHttpClient-1-13] DEBUG org.asynchttpclient.netty.channel.NettyConnectListener - Using new Channel '[id: 0x82c44c8d, L:/127.0.0.1:55066 - R:/127.0.0.1:56601]' for 'GET' to '/json/version'
10:10:01.323 [AsyncHttpClient-1-13] DEBUG org.asynchttpclient.netty.handler.HttpHandler - 

Request DefaultFullHttpRequest(decodeResult: success, version: HTTP/1.1, content: EmptyByteBufBE)
GET /json/version HTTP/1.1
User-Agent: selenium/4.1.2 (java windows)
host: 127.0.0.1:56601
accept: */*

Response DefaultHttpResponse(decodeResult: success, version: HTTP/1.1)
HTTP/1.1 200 OK
content-type: application/json
connection: close
server: httpd.js
date: Mon, 10 Apr 2023 03:10:01 GMT
content-length: 311

10:10:01.324 [AsyncHttpClient-1-13] DEBUG org.asynchttpclient.netty.channel.ChannelManager - Closing Channel [id: 0x82c44c8d, L:/127.0.0.1:55066 - R:/127.0.0.1:56601] 
10:10:01.324 [AsyncHttpClient-1-13] DEBUG org.asynchttpclient.netty.handler.HttpHandler - Channel Closed: [id: 0x82c44c8d, L:/127.0.0.1:55066 ! R:/127.0.0.1:56601] with attribute DISCARD
10:10:01.326 [Forwarding get on session 9b3876f9-93b3-4f03-8ce8-ad109ba4cb41 to remote] DEBUG org.asynchttpclient.netty.request.NettyRequestSender - Using pooled Channel '[id: 0x955b8461, L:/127.0.0.1:55050 - R:localhost/127.0.0.1:62856]' for 'POST' to 'http://localhost:62856/session/9b3876f9-93b3-4f03-8ce8-ad109ba4cb41/url'
10:10:01.326 [Forwarding get on session 9b3876f9-93b3-4f03-8ce8-ad109ba4cb41 to remote] DEBUG org.asynchttpclient.netty.request.NettyRequestSender - Using open Channel [id: 0x955b8461, L:/127.0.0.1:55050 - R:localhost/127.0.0.1:62856] for POST '/session/9b3876f9-93b3-4f03-8ce8-ad109ba4cb41/url'
10:10:02.307 [AsyncHttpClient-1-12] DEBUG org.asynchttpclient.netty.handler.HttpHandler - 

Request DefaultHttpRequest(decodeResult: success, version: HTTP/1.1)
POST /session/9b3876f9-93b3-4f03-8ce8-ad109ba4cb41/url HTTP/1.1
User-Agent: selenium/4.1.2 (java windows)
Content-Length: 69
Content-Type: application/json; charset=utf-8
host: localhost:62856
accept: */*

Response DefaultHttpResponse(decodeResult: success, version: HTTP/1.1)
HTTP/1.1 200 OK
content-type: application/json; charset=utf-8
cache-control: no-cache
date: Mon, 10 Apr 2023 03:10:01 GMT
content-length: 14

10:10:02.307 [AsyncHttpClient-1-12] DEBUG org.asynchttpclient.netty.channel.ChannelManager - Adding key: http://localhost:62856 for channel [id: 0x955b8461, L:/127.0.0.1:55050 - R:localhost/127.0.0.1:62856]
10:10:02.308 [Forwarding setTimeout on session 9b3876f9-93b3-4f03-8ce8-ad109ba4cb41 to remote] DEBUG org.asynchttpclient.netty.request.NettyRequestSender - Using pooled Channel '[id: 0x955b8461, L:/127.0.0.1:55050 - R:localhost/127.0.0.1:62856]' for 'POST' to 'http://localhost:62856/session/9b3876f9-93b3-4f03-8ce8-ad109ba4cb41/timeouts'
10:10:02.309 [Forwarding setTimeout on session 9b3876f9-93b3-4f03-8ce8-ad109ba4cb41 to remote] DEBUG org.asynchttpclient.netty.request.NettyRequestSender - Using open Channel [id: 0x955b8461, L:/127.0.0.1:55050 - R:localhost/127.0.0.1:62856] for POST '/session/9b3876f9-93b3-4f03-8ce8-ad109ba4cb41/timeouts'
10:10:02.312 [AsyncHttpClient-1-12] DEBUG org.asynchttpclient.netty.handler.HttpHandler - 

Request DefaultHttpRequest(decodeResult: success, version: HTTP/1.1)
POST /session/9b3876f9-93b3-4f03-8ce8-ad109ba4cb41/timeouts HTTP/1.1
User-Agent: selenium/4.1.2 (java windows)
Content-Length: 22
Content-Type: application/json; charset=utf-8
host: localhost:62856
accept: */*

Response DefaultHttpResponse(decodeResult: success, version: HTTP/1.1)
HTTP/1.1 200 OK
content-type: application/json; charset=utf-8
cache-control: no-cache
date: Mon, 10 Apr 2023 03:10:02 GMT
content-length: 14

10:10:02.312 [AsyncHttpClient-1-12] DEBUG org.asynchttpclient.netty.channel.ChannelManager - Adding key: http://localhost:62856 for channel [id: 0x955b8461, L:/127.0.0.1:55050 - R:localhost/127.0.0.1:62856]
10:10:02.314 [Forwarding getCurrentUrl on session 9b3876f9-93b3-4f03-8ce8-ad109ba4cb41 to remote] DEBUG org.asynchttpclient.netty.request.NettyRequestSender - Using pooled Channel '[id: 0x955b8461, L:/127.0.0.1:55050 - R:localhost/127.0.0.1:62856]' for 'GET' to 'http://localhost:62856/session/9b3876f9-93b3-4f03-8ce8-ad109ba4cb41/url'
10:10:02.315 [Forwarding getCurrentUrl on session 9b3876f9-93b3-4f03-8ce8-ad109ba4cb41 to remote] DEBUG org.asynchttpclient.netty.request.NettyRequestSender - Using open Channel [id: 0x955b8461, L:/127.0.0.1:55050 - R:localhost/127.0.0.1:62856] for GET '/session/9b3876f9-93b3-4f03-8ce8-ad109ba4cb41/url'
10:10:02.316 [AsyncHttpClient-1-12] DEBUG org.asynchttpclient.netty.handler.HttpHandler - 

Request DefaultFullHttpRequest(decodeResult: success, version: HTTP/1.1, content: EmptyByteBufBE)
GET /session/9b3876f9-93b3-4f03-8ce8-ad109ba4cb41/url HTTP/1.1
User-Agent: selenium/4.1.2 (java windows)
Cache-Control: no-cache
Content-Type: application/json; charset=utf-8
host: localhost:62856
accept: */*

Response DefaultHttpResponse(decodeResult: success, version: HTTP/1.1)
HTTP/1.1 200 OK
content-type: application/json; charset=utf-8
cache-control: no-cache
date: Mon, 10 Apr 2023 03:10:02 GMT
content-length: 41

10:10:02.316 [AsyncHttpClient-1-12] DEBUG org.asynchttpclient.netty.channel.ChannelManager - Adding key: http://localhost:62856 for channel [id: 0x955b8461, L:/127.0.0.1:55050 - R:localhost/127.0.0.1:62856]
  &amp#27;[32mGiven &amp#27;[0m&amp#27;[32mI am on the home page&amp#27;[0m     &amp#27;[90m# starter.stepdefinitions.BabyStep.iAmOnTheHomePage()&amp#27;[0m
10:10:02.322 [Forwarding screenshot on session 9b3876f9-93b3-4f03-8ce8-ad109ba4cb41 to remote] DEBUG org.asynchttpclient.netty.request.NettyRequestSender - Using pooled Channel '[id: 0x955b8461, L:/127.0.0.1:55050 - R:localhost/127.0.0.1:62856]' for 'GET' to 'http://localhost:62856/session/9b3876f9-93b3-4f03-8ce8-ad109ba4cb41/screenshot'
10:10:02.323 [Forwarding screenshot on session 9b3876f9-93b3-4f03-8ce8-ad109ba4cb41 to remote] DEBUG org.asynchttpclient.netty.request.NettyRequestSender - Using open Channel [id: 0x955b8461, L:/127.0.0.1:55050 - R:localhost/127.0.0.1:62856] for GET '/session/9b3876f9-93b3-4f03-8ce8-ad109ba4cb41/screenshot'
10:10:02.942 [AsyncHttpClient-1-12] DEBUG org.asynchttpclient.netty.handler.HttpHandler - 

Request DefaultFullHttpRequest(decodeResult: success, version: HTTP/1.1, content: EmptyByteBufBE)
GET /session/9b3876f9-93b3-4f03-8ce8-ad109ba4cb41/screenshot HTTP/1.1
User-Agent: selenium/4.1.2 (java windows)
Cache-Control: no-cache
Content-Type: application/json; charset=utf-8
host: localhost:62856
accept: */*

Response DefaultHttpResponse(decodeResult: success, version: HTTP/1.1)
HTTP/1.1 200 OK
content-type: application/json; charset=utf-8
cache-control: no-cache
date: Mon, 10 Apr 2023 03:10:02 GMT
content-length: 89020

10:10:02.943 [AsyncHttpClient-1-12] DEBUG org.asynchttpclient.netty.channel.ChannelManager - Adding key: http://localhost:62856 for channel [id: 0x955b8461, L:/127.0.0.1:55050 - R:localhost/127.0.0.1:62856]
10:10:02.947 [main] DEBUG net.serenitybdd.core.photography.Darkroom - Send negative for processing for target\site\serenity\7285b2a58bb8615570a4178abe434cf1b7f0fcff136b16ef6c7e22ee790864ff.png
10:10:02.948 [Darkroom Processing Line] DEBUG net.serenitybdd.core.photography.DarkroomProcessingLine - Processing screenshot image in /var/screenshots/screenshot-17636110335284424495
10:10:02.948 [Darkroom Processing Line] DEBUG net.serenitybdd.core.photography.DarkroomProcessingLine - Saving screenshot to target\site\serenity\7285b2a58bb8615570a4178abe434cf1b7f0fcff136b16ef6c7e22ee790864ff.png
10:10:02.955 [Forwarding findElement on session 9b3876f9-93b3-4f03-8ce8-ad109ba4cb41 to remote] DEBUG org.asynchttpclient.netty.request.NettyRequestSender - Using pooled Channel '[id: 0x955b8461, L:/127.0.0.1:55050 - R:localhost/127.0.0.1:62856]' for 'POST' to 'http://localhost:62856/session/9b3876f9-93b3-4f03-8ce8-ad109ba4cb41/element'
10:10:02.955 [Forwarding findElement on session 9b3876f9-93b3-4f03-8ce8-ad109ba4cb41 to remote] DEBUG org.asynchttpclient.netty.request.NettyRequestSender - Using open Channel [id: 0x955b8461, L:/127.0.0.1:55050 - R:localhost/127.0.0.1:62856] for POST '/session/9b3876f9-93b3-4f03-8ce8-ad109ba4cb41/element'
10:10:03.042 [AsyncHttpClient-1-12] DEBUG org.asynchttpclient.netty.handler.HttpHandler - 

Request DefaultHttpRequest(decodeResult: success, version: HTTP/1.1)
POST /session/9b3876f9-93b3-4f03-8ce8-ad109ba4cb41/element HTTP/1.1
User-Agent: selenium/4.1.2 (java windows)
Content-Length: 81
Content-Type: application/json; charset=utf-8
host: localhost:62856
accept: */*

Response DefaultHttpResponse(decodeResult: success, version: HTTP/1.1)
HTTP/1.1 200 OK
content-type: application/json; charset=utf-8
cache-control: no-cache
date: Mon, 10 Apr 2023 03:10:02 GMT
content-length: 88

10:10:03.042 [AsyncHttpClient-1-12] DEBUG org.asynchttpclient.netty.channel.ChannelManager - Adding key: http://localhost:62856 for channel [id: 0x955b8461, L:/127.0.0.1:55050 - R:localhost/127.0.0.1:62856]
10:10:03.043 [Forwarding getElementTagName on session 9b3876f9-93b3-4f03-8ce8-ad109ba4cb41 to remote] DEBUG org.asynchttpclient.netty.request.NettyRequestSender - Using pooled Channel '[id: 0x955b8461, L:/127.0.0.1:55050 - R:localhost/127.0.0.1:62856]' for 'GET' to 'http://localhost:62856/session/9b3876f9-93b3-4f03-8ce8-ad109ba4cb41/element/156bd4e3-9dcd-4735-b5d9-1f1f79afae0c/name'
10:10:03.043 [Forwarding getElementTagName on session 9b3876f9-93b3-4f03-8ce8-ad109ba4cb41 to remote] DEBUG org.asynchttpclient.netty.request.NettyRequestSender - Using open Channel [id: 0x955b8461, L:/127.0.0.1:55050 - R:localhost/127.0.0.1:62856] for GET '/session/9b3876f9-93b3-4f03-8ce8-ad109ba4cb41/element/156bd4e3-9dcd-4735-b5d9-1f1f79afae0c/name'
10:10:03.118 [AsyncHttpClient-1-12] DEBUG org.asynchttpclient.netty.handler.HttpHandler - 

Request DefaultFullHttpRequest(decodeResult: success, version: HTTP/1.1, content: EmptyByteBufBE)
GET /session/9b3876f9-93b3-4f03-8ce8-ad109ba4cb41/element/156bd4e3-9dcd-4735-b5d9-1f1f79afae0c/name HTTP/1.1
User-Agent: selenium/4.1.2 (java windows)
Cache-Control: no-cache
Content-Type: application/json; charset=utf-8
host: localhost:62856
accept: */*

Response DefaultHttpResponse(decodeResult: success, version: HTTP/1.1)
HTTP/1.1 200 OK
content-type: application/json; charset=utf-8
cache-control: no-cache
date: Mon, 10 Apr 2023 03:10:02 GMT
content-length: 16

10:10:03.118 [AsyncHttpClient-1-12] DEBUG org.asynchttpclient.netty.channel.ChannelManager - Adding key: http://localhost:62856 for channel [id: 0x955b8461, L:/127.0.0.1:55050 - R:localhost/127.0.0.1:62856]
10:10:03.119 [AsyncHttpClient-1-1] DEBUG org.asynchttpclient.netty.channel.DefaultChannelPool - Entry count for : http://localhost:62856 : 1
10:10:03.119 [Forwarding getElementTagName on session 9b3876f9-93b3-4f03-8ce8-ad109ba4cb41 to remote] DEBUG org.asynchttpclient.netty.request.NettyRequestSender - Using pooled Channel '[id: 0x955b8461, L:/127.0.0.1:55050 - R:localhost/127.0.0.1:62856]' for 'GET' to 'http://localhost:62856/session/9b3876f9-93b3-4f03-8ce8-ad109ba4cb41/element/156bd4e3-9dcd-4735-b5d9-1f1f79afae0c/name'
10:10:03.119 [Forwarding getElementTagName on session 9b3876f9-93b3-4f03-8ce8-ad109ba4cb41 to remote] DEBUG org.asynchttpclient.netty.request.NettyRequestSender - Using open Channel [id: 0x955b8461, L:/127.0.0.1:55050 - R:localhost/127.0.0.1:62856] for GET '/session/9b3876f9-93b3-4f03-8ce8-ad109ba4cb41/element/156bd4e3-9dcd-4735-b5d9-1f1f79afae0c/name'
10:10:03.498 [AsyncHttpClient-1-12] DEBUG org.asynchttpclient.netty.handler.HttpHandler - 

Request DefaultFullHttpRequest(decodeResult: success, version: HTTP/1.1, content: EmptyByteBufBE)
GET /session/9b3876f9-93b3-4f03-8ce8-ad109ba4cb41/element/156bd4e3-9dcd-4735-b5d9-1f1f79afae0c/name HTTP/1.1
User-Agent: selenium/4.1.2 (java windows)
Cache-Control: no-cache
Content-Type: application/json; charset=utf-8
host: localhost:62856
accept: */*

Response DefaultHttpResponse(decodeResult: success, version: HTTP/1.1)
HTTP/1.1 200 OK
content-type: application/json; charset=utf-8
cache-control: no-cache
date: Mon, 10 Apr 2023 03:10:02 GMT
content-length: 16

10:10:03.498 [AsyncHttpClient-1-12] DEBUG org.asynchttpclient.netty.channel.ChannelManager - Adding key: http://localhost:62856 for channel [id: 0x955b8461, L:/127.0.0.1:55050 - R:localhost/127.0.0.1:62856]
10:10:03.500 [Forwarding findElement on session 9b3876f9-93b3-4f03-8ce8-ad109ba4cb41 to remote] DEBUG org.asynchttpclient.netty.request.NettyRequestSender - Using pooled Channel '[id: 0x955b8461, L:/127.0.0.1:55050 - R:localhost/127.0.0.1:62856]' for 'POST' to 'http://localhost:62856/session/9b3876f9-93b3-4f03-8ce8-ad109ba4cb41/element'
10:10:03.500 [Forwarding findElement on session 9b3876f9-93b3-4f03-8ce8-ad109ba4cb41 to remote] DEBUG org.asynchttpclient.netty.request.NettyRequestSender - Using open Channel [id: 0x955b8461, L:/127.0.0.1:55050 - R:localhost/127.0.0.1:62856] for POST '/session/9b3876f9-93b3-4f03-8ce8-ad109ba4cb41/element'
10:10:03.562 [AsyncHttpClient-1-12] DEBUG org.asynchttpclient.netty.handler.HttpHandler - 

Request DefaultHttpRequest(decodeResult: success, version: HTTP/1.1)
POST /session/9b3876f9-93b3-4f03-8ce8-ad109ba4cb41/element HTTP/1.1
User-Agent: selenium/4.1.2 (java windows)
Content-Length: 81
Content-Type: application/json; charset=utf-8
host: localhost:62856
accept: */*

Response DefaultHttpResponse(decodeResult: success, version: HTTP/1.1)
HTTP/1.1 200 OK
content-type: application/json; charset=utf-8
cache-control: no-cache
date: Mon, 10 Apr 2023 03:10:03 GMT
content-length: 88

10:10:03.562 [AsyncHttpClient-1-12] DEBUG org.asynchttpclient.netty.channel.ChannelManager - Adding key: http://localhost:62856 for channel [id: 0x955b8461, L:/127.0.0.1:55050 - R:localhost/127.0.0.1:62856]
10:10:03.564 [Forwarding clickElement on session 9b3876f9-93b3-4f03-8ce8-ad109ba4cb41 to remote] DEBUG org.asynchttpclient.netty.request.NettyRequestSender - Using pooled Channel '[id: 0x955b8461, L:/127.0.0.1:55050 - R:localhost/127.0.0.1:62856]' for 'POST' to 'http://localhost:62856/session/9b3876f9-93b3-4f03-8ce8-ad109ba4cb41/element/156bd4e3-9dcd-4735-b5d9-1f1f79afae0c/click'
10:10:03.564 [Forwarding clickElement on session 9b3876f9-93b3-4f03-8ce8-ad109ba4cb41 to remote] DEBUG org.asynchttpclient.netty.request.NettyRequestSender - Using open Channel [id: 0x955b8461, L:/127.0.0.1:55050 - R:localhost/127.0.0.1:62856] for POST '/session/9b3876f9-93b3-4f03-8ce8-ad109ba4cb41/element/156bd4e3-9dcd-4735-b5d9-1f1f79afae0c/click'
10:10:04.331 [AsyncHttpClient-1-12] DEBUG org.asynchttpclient.netty.handler.HttpHandler - 

Request DefaultHttpRequest(decodeResult: success, version: HTTP/1.1)
POST /session/9b3876f9-93b3-4f03-8ce8-ad109ba4cb41/element/156bd4e3-9dcd-4735-b5d9-1f1f79afae0c/click HTTP/1.1
User-Agent: selenium/4.1.2 (java windows)
Content-Length: 50
Content-Type: application/json; charset=utf-8
host: localhost:62856
accept: */*

Response DefaultHttpResponse(decodeResult: success, version: HTTP/1.1)
HTTP/1.1 200 OK
content-type: application/json; charset=utf-8
cache-control: no-cache
date: Mon, 10 Apr 2023 03:10:03 GMT
content-length: 14

10:10:04.331 [AsyncHttpClient-1-12] DEBUG org.asynchttpclient.netty.channel.ChannelManager - Adding key: http://localhost:62856 for channel [id: 0x955b8461, L:/127.0.0.1:55050 - R:localhost/127.0.0.1:62856]
  &amp#27;[32mThen &amp#27;[0m&amp#27;[32mI click baby on the header&amp#27;[0m &amp#27;[90m# starter.stepdefinitions.BabyStep.iClickBabyOnTheHeader()&amp#27;[0m
10:10:04.343 [Forwarding screenshot on session 9b3876f9-93b3-4f03-8ce8-ad109ba4cb41 to remote] DEBUG org.asynchttpclient.netty.request.NettyRequestSender - Using pooled Channel '[id: 0x955b8461, L:/127.0.0.1:55050 - R:localhost/127.0.0.1:62856]' for 'GET' to 'http://localhost:62856/session/9b3876f9-93b3-4f03-8ce8-ad109ba4cb41/screenshot'
10:10:04.343 [Forwarding screenshot on session 9b3876f9-93b3-4f03-8ce8-ad109ba4cb41 to remote] DEBUG org.asynchttpclient.netty.request.NettyRequestSender - Using open Channel [id: 0x955b8461, L:/127.0.0.1:55050 - R:localhost/127.0.0.1:62856] for GET '/session/9b3876f9-93b3-4f03-8ce8-ad109ba4cb41/screenshot'
10:10:04.465 [AsyncHttpClient-1-12] DEBUG org.asynchttpclient.netty.handler.HttpHandler - 

Request DefaultFullHttpRequest(decodeResult: success, version: HTTP/1.1, content: EmptyByteBufBE)
GET /session/9b3876f9-93b3-4f03-8ce8-ad109ba4cb41/screenshot HTTP/1.1
User-Agent: selenium/4.1.2 (java windows)
Cache-Control: no-cache
Content-Type: application/json; charset=utf-8
host: localhost:62856
accept: */*

Response DefaultHttpResponse(decodeResult: success, version: HTTP/1.1)
HTTP/1.1 200 OK
content-type: application/json; charset=utf-8
cache-control: no-cache
date: Mon, 10 Apr 2023 03:10:03 GMT
content-length: 98024

10:10:04.465 [AsyncHttpClient-1-12] DEBUG org.asynchttpclient.netty.channel.ChannelManager - Adding key: http://localhost:62856 for channel [id: 0x955b8461, L:/127.0.0.1:55050 - R:localhost/127.0.0.1:62856]
10:10:04.471 [main] DEBUG net.serenitybdd.core.photography.Darkroom - Send negative for processing for target\site\serenity\bcb9a8d665d2c58a930e922f816fcc3ebc2aef855b882f3d531e7c9aa320b06d.png
10:10:04.483 [Forwarding findElement on session 9b3876f9-93b3-4f03-8ce8-ad109ba4cb41 to remote] DEBUG org.asynchttpclient.netty.request.NettyRequestSender - Using pooled Channel '[id: 0x955b8461, L:/127.0.0.1:55050 - R:localhost/127.0.0.1:62856]' for 'POST' to 'http://localhost:62856/session/9b3876f9-93b3-4f03-8ce8-ad109ba4cb41/element'
10:10:04.483 [Forwarding findElement on session 9b3876f9-93b3-4f03-8ce8-ad109ba4cb41 to remote] DEBUG org.asynchttpclient.netty.request.NettyRequestSender - Using open Channel [id: 0x955b8461, L:/127.0.0.1:55050 - R:localhost/127.0.0.1:62856] for POST '/session/9b3876f9-93b3-4f03-8ce8-ad109ba4cb41/element'
10:10:04.555 [AsyncHttpClient-1-12] DEBUG org.asynchttpclient.netty.handler.HttpHandler - 

Request DefaultHttpRequest(decodeResult: success, version: HTTP/1.1)
POST /session/9b3876f9-93b3-4f03-8ce8-ad109ba4cb41/element HTTP/1.1
User-Agent: selenium/4.1.2 (java windows)
Content-Length: 107
Content-Type: application/json; charset=utf-8
host: localhost:62856
accept: */*

Response DefaultHttpResponse(decodeResult: success, version: HTTP/1.1)
HTTP/1.1 200 OK
content-type: application/json; charset=utf-8
cache-control: no-cache
date: Mon, 10 Apr 2023 03:10:03 GMT
content-length: 88

10:10:04.555 [AsyncHttpClient-1-12] DEBUG org.asynchttpclient.netty.channel.ChannelManager - Adding key: http://localhost:62856 for channel [id: 0x955b8461, L:/127.0.0.1:55050 - R:localhost/127.0.0.1:62856]
10:10:04.557 [Forwarding getElementTagName on session 9b3876f9-93b3-4f03-8ce8-ad109ba4cb41 to remote] DEBUG org.asynchttpclient.netty.request.NettyRequestSender - Using pooled Channel '[id: 0x955b8461, L:/127.0.0.1:55050 - R:localhost/127.0.0.1:62856]' for 'GET' to 'http://localhost:62856/session/9b3876f9-93b3-4f03-8ce8-ad109ba4cb41/element/a0337e1e-389f-4413-989f-3bebf98750c7/name'
10:10:04.557 [Forwarding getElementTagName on session 9b3876f9-93b3-4f03-8ce8-ad109ba4cb41 to remote] DEBUG org.asynchttpclient.netty.request.NettyRequestSender - Using open Channel [id: 0x955b8461, L:/127.0.0.1:55050 - R:localhost/127.0.0.1:62856] for GET '/session/9b3876f9-93b3-4f03-8ce8-ad109ba4cb41/element/a0337e1e-389f-4413-989f-3bebf98750c7/name'
10:10:04.634 [AsyncHttpClient-1-12] DEBUG org.asynchttpclient.netty.handler.HttpHandler - 

Request DefaultFullHttpRequest(decodeResult: success, version: HTTP/1.1, content: EmptyByteBufBE)
GET /session/9b3876f9-93b3-4f03-8ce8-ad109ba4cb41/element/a0337e1e-389f-4413-989f-3bebf98750c7/name HTTP/1.1
User-Agent: selenium/4.1.2 (java windows)
Cache-Control: no-cache
Content-Type: application/json; charset=utf-8
host: localhost:62856
accept: */*

Response DefaultHttpResponse(decodeResult: success, version: HTTP/1.1)
HTTP/1.1 200 OK
content-type: application/json; charset=utf-8
cache-control: no-cache
date: Mon, 10 Apr 2023 03:10:04 GMT
content-length: 16

10:10:04.634 [AsyncHttpClient-1-12] DEBUG org.asynchttpclient.netty.channel.ChannelManager - Adding key: http://localhost:62856 for channel [id: 0x955b8461, L:/127.0.0.1:55050 - R:localhost/127.0.0.1:62856]
10:10:04.635 [Forwarding getElementTagName on session 9b3876f9-93b3-4f03-8ce8-ad109ba4cb41 to remote] DEBUG org.asynchttpclient.netty.request.NettyRequestSender - Using pooled Channel '[id: 0x955b8461, L:/127.0.0.1:55050 - R:localhost/127.0.0.1:62856]' for 'GET' to 'http://localhost:62856/session/9b3876f9-93b3-4f03-8ce8-ad109ba4cb41/element/a0337e1e-389f-4413-989f-3bebf98750c7/name'
10:10:04.635 [Forwarding getElementTagName on session 9b3876f9-93b3-4f03-8ce8-ad109ba4cb41 to remote] DEBUG org.asynchttpclient.netty.request.NettyRequestSender - Using open Channel [id: 0x955b8461, L:/127.0.0.1:55050 - R:localhost/127.0.0.1:62856] for GET '/session/9b3876f9-93b3-4f03-8ce8-ad109ba4cb41/element/a0337e1e-389f-4413-989f-3bebf98750c7/name'
10:10:04.667 [AsyncHttpClient-1-12] DEBUG org.asynchttpclient.netty.handler.HttpHandler - 

Request DefaultFullHttpRequest(decodeResult: success, version: HTTP/1.1, content: EmptyByteBufBE)
GET /session/9b3876f9-93b3-4f03-8ce8-ad109ba4cb41/element/a0337e1e-389f-4413-989f-3bebf98750c7/name HTTP/1.1
User-Agent: selenium/4.1.2 (java windows)
Cache-Control: no-cache
Content-Type: application/json; charset=utf-8
host: localhost:62856
accept: */*

Response DefaultHttpResponse(decodeResult: success, version: HTTP/1.1)
HTTP/1.1 200 OK
content-type: application/json; charset=utf-8
cache-control: no-cache
date: Mon, 10 Apr 2023 03:10:04 GMT
content-length: 16

10:10:04.667 [AsyncHttpClient-1-12] DEBUG org.asynchttpclient.netty.channel.ChannelManager - Adding key: http://localhost:62856 for channel [id: 0x955b8461, L:/127.0.0.1:55050 - R:localhost/127.0.0.1:62856]
10:10:04.670 [Forwarding findElement on session 9b3876f9-93b3-4f03-8ce8-ad109ba4cb41 to remote] DEBUG org.asynchttpclient.netty.request.NettyRequestSender - Using pooled Channel '[id: 0x955b8461, L:/127.0.0.1:55050 - R:localhost/127.0.0.1:62856]' for 'POST' to 'http://localhost:62856/session/9b3876f9-93b3-4f03-8ce8-ad109ba4cb41/element'
10:10:04.670 [Forwarding findElement on session 9b3876f9-93b3-4f03-8ce8-ad109ba4cb41 to remote] DEBUG org.asynchttpclient.netty.request.NettyRequestSender - Using open Channel [id: 0x955b8461, L:/127.0.0.1:55050 - R:localhost/127.0.0.1:62856] for POST '/session/9b3876f9-93b3-4f03-8ce8-ad109ba4cb41/element'
10:10:04.768 [AsyncHttpClient-1-12] DEBUG org.asynchttpclient.netty.handler.HttpHandler - 

Request DefaultHttpRequest(decodeResult: success, version: HTTP/1.1)
POST /session/9b3876f9-93b3-4f03-8ce8-ad109ba4cb41/element HTTP/1.1
User-Agent: selenium/4.1.2 (java windows)
Content-Length: 107
Content-Type: application/json; charset=utf-8
host: localhost:62856
accept: */*

Response DefaultHttpResponse(decodeResult: success, version: HTTP/1.1)
HTTP/1.1 200 OK
content-type: application/json; charset=utf-8
cache-control: no-cache
date: Mon, 10 Apr 2023 03:10:04 GMT
content-length: 88

10:10:04.768 [AsyncHttpClient-1-12] DEBUG org.asynchttpclient.netty.channel.ChannelManager - Adding key: http://localhost:62856 for channel [id: 0x955b8461, L:/127.0.0.1:55050 - R:localhost/127.0.0.1:62856]
10:10:04.770 [Forwarding clickElement on session 9b3876f9-93b3-4f03-8ce8-ad109ba4cb41 to remote] DEBUG org.asynchttpclient.netty.request.NettyRequestSender - Using pooled Channel '[id: 0x955b8461, L:/127.0.0.1:55050 - R:localhost/127.0.0.1:62856]' for 'POST' to 'http://localhost:62856/session/9b3876f9-93b3-4f03-8ce8-ad109ba4cb41/element/a0337e1e-389f-4413-989f-3bebf98750c7/click'
10:10:04.770 [Forwarding clickElement on session 9b3876f9-93b3-4f03-8ce8-ad109ba4cb41 to remote] DEBUG org.asynchttpclient.netty.request.NettyRequestSender - Using open Channel [id: 0x955b8461, L:/127.0.0.1:55050 - R:localhost/127.0.0.1:62856] for POST '/session/9b3876f9-93b3-4f03-8ce8-ad109ba4cb41/element/a0337e1e-389f-4413-989f-3bebf98750c7/click'
10:10:05.402 [AsyncHttpClient-1-12] DEBUG org.asynchttpclient.netty.handler.HttpHandler - 

Request DefaultHttpRequest(decodeResult: success, version: HTTP/1.1)
POST /session/9b3876f9-93b3-4f03-8ce8-ad109ba4cb41/element/a0337e1e-389f-4413-989f-3bebf98750c7/click HTTP/1.1
User-Agent: selenium/4.1.2 (java windows)
Content-Length: 50
Content-Type: application/json; charset=utf-8
host: localhost:62856
accept: */*

Response DefaultHttpResponse(decodeResult: success, version: HTTP/1.1)
HTTP/1.1 200 OK
content-type: application/json; charset=utf-8
cache-control: no-cache
date: Mon, 10 Apr 2023 03:10:04 GMT
content-length: 14

10:10:05.402 [AsyncHttpClient-1-12] DEBUG org.asynchttpclient.netty.channel.ChannelManager - Adding key: http://localhost:62856 for channel [id: 0x955b8461, L:/127.0.0.1:55050 - R:localhost/127.0.0.1:62856]
  &amp#27;[32mWhen &amp#27;[0m&amp#27;[32mI will go to &amp#27;[0m&amp#27;[32m&amp#27;[1m"kaosKaki1"&amp#27;[0m   &amp#27;[90m# starter.stepdefinitions.BabyStep.iWillGoTo(java.lang.String)&amp#27;[0m
10:10:05.408 [Forwarding screenshot on session 9b3876f9-93b3-4f03-8ce8-ad109ba4cb41 to remote] DEBUG org.asynchttpclient.netty.request.NettyRequestSender - Using pooled Channel '[id: 0x955b8461, L:/127.0.0.1:55050 - R:localhost/127.0.0.1:62856]' for 'GET' to 'http://localhost:62856/session/9b3876f9-93b3-4f03-8ce8-ad109ba4cb41/screenshot'
10:10:05.408 [Forwarding screenshot on session 9b3876f9-93b3-4f03-8ce8-ad109ba4cb41 to remote] DEBUG org.asynchttpclient.netty.request.NettyRequestSender - Using open Channel [id: 0x955b8461, L:/127.0.0.1:55050 - R:localhost/127.0.0.1:62856] for GET '/session/9b3876f9-93b3-4f03-8ce8-ad109ba4cb41/screenshot'
10:10:05.611 [AsyncHttpClient-1-12] DEBUG org.asynchttpclient.netty.handler.HttpHandler - 

Request DefaultFullHttpRequest(decodeResult: success, version: HTTP/1.1, content: EmptyByteBufBE)
GET /session/9b3876f9-93b3-4f03-8ce8-ad109ba4cb41/screenshot HTTP/1.1
User-Agent: selenium/4.1.2 (java windows)
Cache-Control: no-cache
Content-Type: application/json; charset=utf-8
host: localhost:62856
accept: */*

Response DefaultHttpResponse(decodeResult: success, version: HTTP/1.1)
HTTP/1.1 200 OK
content-type: application/json; charset=utf-8
cache-control: no-cache
date: Mon, 10 Apr 2023 03:10:04 GMT
content-length: 79176

10:10:05.611 [AsyncHttpClient-1-12] DEBUG org.asynchttpclient.netty.channel.ChannelManager - Adding key: http://localhost:62856 for channel [id: 0x955b8461, L:/127.0.0.1:55050 - R:localhost/127.0.0.1:62856]
10:10:05.614 [main] DEBUG net.serenitybdd.core.photography.Darkroom - Send negative for processing for target\site\serenity\6ab7a8e047bd407246b2a8dee6e4f0b29f7f7f5b8d944d37952652d26cf3f701.png
10:10:05.615 [Darkroom Processing Line] DEBUG net.serenitybdd.core.photography.DarkroomProcessingLine - Processing screenshot image in /var/screenshots/screenshot-15439316847236931145
10:10:05.615 [Darkroom Processing Line] DEBUG net.serenitybdd.core.photography.DarkroomProcessingLine - Saving screenshot to target\site\serenity\6ab7a8e047bd407246b2a8dee6e4f0b29f7f7f5b8d944d37952652d26cf3f701.png
10:10:05.621 [Forwarding findElement on session 9b3876f9-93b3-4f03-8ce8-ad109ba4cb41 to remote] DEBUG org.asynchttpclient.netty.request.NettyRequestSender - Using pooled Channel '[id: 0x955b8461, L:/127.0.0.1:55050 - R:localhost/127.0.0.1:62856]' for 'POST' to 'http://localhost:62856/session/9b3876f9-93b3-4f03-8ce8-ad109ba4cb41/element'
10:10:05.621 [Forwarding findElement on session 9b3876f9-93b3-4f03-8ce8-ad109ba4cb41 to remote] DEBUG org.asynchttpclient.netty.request.NettyRequestSender - Using open Channel [id: 0x955b8461, L:/127.0.0.1:55050 - R:localhost/127.0.0.1:62856] for POST '/session/9b3876f9-93b3-4f03-8ce8-ad109ba4cb41/element'
10:10:05.629 [AsyncHttpClient-1-12] DEBUG org.asynchttpclient.netty.handler.HttpHandler - 

Request DefaultHttpRequest(decodeResult: success, version: HTTP/1.1)
POST /session/9b3876f9-93b3-4f03-8ce8-ad109ba4cb41/element HTTP/1.1
User-Agent: selenium/4.1.2 (java windows)
Content-Length: 91
Content-Type: application/json; charset=utf-8
host: localhost:62856
accept: */*

Response DefaultHttpResponse(decodeResult: success, version: HTTP/1.1)
HTTP/1.1 200 OK
content-type: application/json; charset=utf-8
cache-control: no-cache
date: Mon, 10 Apr 2023 03:10:05 GMT
content-length: 88

10:10:05.629 [AsyncHttpClient-1-12] DEBUG org.asynchttpclient.netty.channel.ChannelManager - Adding key: http://localhost:62856 for channel [id: 0x955b8461, L:/127.0.0.1:55050 - R:localhost/127.0.0.1:62856]
10:10:05.632 [Forwarding isElementDisplayed on session 9b3876f9-93b3-4f03-8ce8-ad109ba4cb41 to remote] DEBUG org.asynchttpclient.netty.request.NettyRequestSender - Using pooled Channel '[id: 0x955b8461, L:/127.0.0.1:55050 - R:localhost/127.0.0.1:62856]' for 'POST' to 'http://localhost:62856/session/9b3876f9-93b3-4f03-8ce8-ad109ba4cb41/execute/sync'
10:10:05.632 [Forwarding isElementDisplayed on session 9b3876f9-93b3-4f03-8ce8-ad109ba4cb41 to remote] DEBUG org.asynchttpclient.netty.request.NettyRequestSender - Using open Channel [id: 0x955b8461, L:/127.0.0.1:55050 - R:localhost/127.0.0.1:62856] for POST '/session/9b3876f9-93b3-4f03-8ce8-ad109ba4cb41/execute/sync'
10:10:05.653 [AsyncHttpClient-1-12] DEBUG org.asynchttpclient.netty.handler.HttpHandler - 

Request DefaultHttpRequest(decodeResult: success, version: HTTP/1.1)
POST /session/9b3876f9-93b3-4f03-8ce8-ad109ba4cb41/execute/sync HTTP/1.1
User-Agent: selenium/4.1.2 (java windows)
Content-Length: 48780
Content-Type: application/json; charset=utf-8
host: localhost:62856
accept: */*

Response DefaultHttpResponse(decodeResult: success, version: HTTP/1.1)
HTTP/1.1 200 OK
content-type: application/json; charset=utf-8
cache-control: no-cache
date: Mon, 10 Apr 2023 03:10:05 GMT
content-length: 14

10:10:05.653 [AsyncHttpClient-1-12] DEBUG org.asynchttpclient.netty.channel.ChannelManager - Adding key: http://localhost:62856 for channel [id: 0x955b8461, L:/127.0.0.1:55050 - R:localhost/127.0.0.1:62856]
  &amp#27;[32mAnd &amp#27;[0m&amp#27;[32mI &amp#27;[0m&amp#27;[32m&amp#27;[1m"txtKaosKaki1"&amp#27;[0m&amp#27;[32m page&amp#27;[0m       &amp#27;[90m# starter.stepdefinitions.BabyStep.iPage(java.lang.String)&amp#27;[0m
10:10:05.661 [Driver Command Executor] DEBUG org.asynchttpclient.netty.request.NettyRequestSender - Using pooled Channel '[id: 0x955b8461, L:/127.0.0.1:55050 - R:localhost/127.0.0.1:62856]' for 'DELETE' to 'http://localhost:62856/session/9b3876f9-93b3-4f03-8ce8-ad109ba4cb41'
10:10:05.661 [Driver Command Executor] DEBUG org.asynchttpclient.netty.request.NettyRequestSender - Using open Channel [id: 0x955b8461, L:/127.0.0.1:55050 - R:localhost/127.0.0.1:62856] for DELETE '/session/9b3876f9-93b3-4f03-8ce8-ad109ba4cb41'
10:10:06.515 [AsyncHttpClient-1-12] DEBUG org.asynchttpclient.netty.handler.HttpHandler - 

Request DefaultFullHttpRequest(decodeResult: success, version: HTTP/1.1, content: EmptyByteBufBE)
DELETE /session/9b3876f9-93b3-4f03-8ce8-ad109ba4cb41 HTTP/1.1
User-Agent: selenium/4.1.2 (java windows)
Content-Type: application/json; charset=utf-8
host: localhost:62856
accept: */*

Response DefaultHttpResponse(decodeResult: success, version: HTTP/1.1)
HTTP/1.1 200 OK
content-type: application/json; charset=utf-8
cache-control: no-cache
date: Mon, 10 Apr 2023 03:10:05 GMT
content-length: 14

10:10:06.515 [AsyncHttpClient-1-12] DEBUG org.asynchttpclient.netty.channel.ChannelManager - Adding key: http://localhost:62856 for channel [id: 0x955b8461, L:/127.0.0.1:55050 - R:localhost/127.0.0.1:62856]
10:10:06.517 [AsyncHttpClient-1-12] DEBUG org.asynchttpclient.netty.handler.HttpHandler - Unexpected I/O exception on channel [id: 0x955b8461, L:/127.0.0.1:55050 - R:localhost/127.0.0.1:62856]
java.net.SocketException: Connection reset
	at java.base/sun.nio.ch.SocketChannelImpl.throwConnectionReset(SocketChannelImpl.java:345)
	at java.base/sun.nio.ch.SocketChannelImpl.read(SocketChannelImpl.java:376)
	at io.netty.buffer.PooledByteBuf.setBytes(PooledByteBuf.java:258)
	at io.netty.buffer.AbstractByteBuf.writeBytes(AbstractByteBuf.java:1132)
	at io.netty.channel.socket.nio.NioSocketChannel.doReadBytes(NioSocketChannel.java:350)
	at io.netty.channel.nio.AbstractNioByteChannel$NioByteUnsafe.read(AbstractNioByteChannel.java:151)
	at io.netty.channel.nio.NioEventLoop.processSelectedKey(NioEventLoop.java:722)
	at io.netty.channel.nio.NioEventLoop.processSelectedKeysOptimized(NioEventLoop.java:658)
	at io.netty.channel.nio.NioEventLoop.processSelectedKeys(NioEventLoop.java:584)
	at io.netty.channel.nio.NioEventLoop.run(NioEventLoop.java:496)
	at io.netty.util.concurrent.SingleThreadEventExecutor$4.run(SingleThreadEventExecutor.java:986)
	at io.netty.util.internal.ThreadExecutorMap$2.run(ThreadExecutorMap.java:74)
	at io.netty.util.concurrent.FastThreadLocalRunnable.run(FastThreadLocalRunnable.java:30)
	at java.base/java.lang.Thread.run(Thread.java:830)
10:10:06.517 [AsyncHttpClient-1-12] DEBUG org.asynchttpclient.netty.channel.ChannelManager - Closing Channel [id: 0x955b8461, L:/127.0.0.1:55050 - R:localhost/127.0.0.1:62856] 
10:10:06.517 [AsyncHttpClient-1-12] DEBUG org.asynchttpclient.netty.handler.HttpHandler - Channel Closed: [id: 0x955b8461, L:/127.0.0.1:55050 ! R:localhost/127.0.0.1:62856] with attribute DISCARD
]]></system-out>
    <system-err><![CDATA[1681096198489	geckodriver	INFO	Listening on 127.0.0.1:62856
1681096198971	mozrunner::runner	INFO	Running command: "C:\\Program Files\\Mozilla Firefox\\firefox.exe" "--marionette" "" "--remote-debugging-port" "56601" "--remote-allow-hosts" "localhost" "-no-remote" "-profile" "C:\\Users\\alwi\\AppData\\Local\\Temp\\rust_mozprofileogi7Js"
console.warn: services.settings: Ignoring preference override of remote settings server
console.warn: services.settings: Allow by setting MOZ_REMOTE_SETTINGS_DEVTOOLS=1 in the environment
1681096199307	Marionette	INFO	Marionette enabled
Dynamically enable window occlusion 0
1681096199312	Marionette	INFO	Listening on port 55054
WebDriver BiDi listening on ws://127.0.0.1:56601
Read port: 55054
1681096199553	RemoteAgent	WARN	TLS certificate errors will be ignored for this session
console.warn: SearchSettings: "get: No settings file exists, new profile?" (new NotFoundError("Could not open the file at C:\\Users\\alwi\\AppData\\Local\\Temp\\rust_mozprofileogi7Js\\search.json.mozlz4", (void 0)))
DevTools listening on ws://127.0.0.1:56601/devtools/browser/07ead7b7-90df-4faa-9f83-e61afceffd1d
Apr 10, 2023 10:10:01 AM org.openqa.selenium.remote.ProtocolHandshake createSession
INFO: Detected dialect: W3C
JavaScript warning: https://www.uniqlo.com/Mx95Yd/biG/Wo_/8-IanA/Vu7EGJtwEh/el0ZAQ/aiE/QAlg7T10, line 1: unreachable code after return statement
JavaScript warning: https://www.uniqlo.com/Mx95Yd/biG/Wo_/8-IanA/Vu7EGJtwEh/el0ZAQ/aiE/QAlg7T10, line 1: WEBGL_debug_renderer_info is deprecated in Firefox and will be removed. Please use RENDERER.
JavaScript warning: https://www.uniqlo.com/id/elgnisolqinu.js?async&seed=AIAnG2mHAQAAp6_kQ-NvC4pDCvZJooQGzCoxcLZ3CqwiSlxvcp_1EokMlmcT&x-i1ysm4mm--z=q, line 1: WEBGL_debug_renderer_info is deprecated in Firefox and will be removed. Please use RENDERER.
1681096205662	Marionette	INFO	Stopped listening on port 55054
Dynamically enable window occlusion 1
WARNING: A blocker encountered an error while we were waiting.
          Blocker:  Waiting for ping task
          Phase: TelemetryController: Waiting for pending ping activity
          State: (none)
WARNING: Error: Phase "profile-before-change" is finished, it is too late to register completion condition "OS.File: flush I/O queued before profileBeforeChange"
WARNING: addBlocker@resource://gre/modules/AsyncShutdown.sys.mjs:727:15
addBlocker@resource://gre/modules/AsyncShutdown.sys.mjs:523:26
addBlocker@resource://gre/modules/AsyncShutdown.sys.mjs:458:15
setupShutdown@resource://gre/modules/osfile/osfile_async_front.jsm:1548:28
@resource://gre/modules/osfile/osfile_async_front.jsm:1568:16
@resource://gre/modules/osfile.jsm:12:30
@resource://gre/modules/TelemetryStorage.sys.mjs:10:28
_checkPendingPings@resource://gre/modules/TelemetrySend.sys.mjs:863:17
setup@resource://gre/modules/TelemetrySend.sys.mjs:803:18
setup@resource://gre/modules/TelemetrySend.sys.mjs:241:30
setupTelemetry/this._delayedInitTask<@resource://gre/modules/TelemetryControllerParent.sys.mjs:828:36
observe@resource://gre/modules/AsyncShutdown.sys.mjs:576:16

console.error: "TelemetryScheduler.shutdown - Already shut down"
WARNING: A blocker encountered an error while we were waiting.
          Blocker:  Waiting for ping task
          Phase: TelemetryController: Waiting for pending ping activity
          State: (none)
WARNING: Error: Phase "profile-before-change" is finished, it is too late to register completion condition "OS.File: flush I/O queued before profileBeforeChange"
WARNING: addBlocker@resource://gre/modules/AsyncShutdown.sys.mjs:727:15
addBlocker@resource://gre/modules/AsyncShutdown.sys.mjs:523:26
addBlocker@resource://gre/modules/AsyncShutdown.sys.mjs:458:15
setupShutdown@resource://gre/modules/osfile/osfile_async_front.jsm:1548:28
@resource://gre/modules/osfile/osfile_async_front.jsm:1568:16
@resource://gre/modules/osfile.jsm:12:30
@resource://gre/modules/TelemetryStorage.sys.mjs:10:28
_checkPendingPings@resource://gre/modules/TelemetrySend.sys.mjs:863:17
setup@resource://gre/modules/TelemetrySend.sys.mjs:803:18
setup@resource://gre/modules/TelemetrySend.sys.mjs:241:30
setupTelemetry/this._delayedInitTask<@resource://gre/modules/TelemetryControllerParent.sys.mjs:828:36
observe@resource://gre/modules/AsyncShutdown.sys.mjs:576:16

WARNING: A blocker encountered an error while we were waiting.
          Blocker:  Waiting for ping task
          Phase: TelemetryController: Waiting for pending ping activity
          State: (none)
WARNING: Error: Phase "profile-before-change" is finished, it is too late to register completion condition "OS.File: flush I/O queued before profileBeforeChange"
WARNING: addBlocker@resource://gre/modules/AsyncShutdown.sys.mjs:727:15
addBlocker@resource://gre/modules/AsyncShutdown.sys.mjs:523:26
addBlocker@resource://gre/modules/AsyncShutdown.sys.mjs:458:15
setupShutdown@resource://gre/modules/osfile/osfile_async_front.jsm:1548:28
@resource://gre/modules/osfile/osfile_async_front.jsm:1568:16
@resource://gre/modules/osfile.jsm:12:30
@resource://gre/modules/TelemetryStorage.sys.mjs:10:28
_checkPendingPings@resource://gre/modules/TelemetrySend.sys.mjs:863:17
setup@resource://gre/modules/TelemetrySend.sys.mjs:803:18
setup@resource://gre/modules/TelemetrySend.sys.mjs:241:30
setupTelemetry/this._delayedInitTask<@resource://gre/modules/TelemetryControllerParent.sys.mjs:828:36
observe@resource://gre/modules/AsyncShutdown.sys.mjs:576:16

WARNING: A blocker encountered an error while we were waiting.
          Blocker:  TelemetryController: shutting down
          Phase: profile-before-change-telemetry
          State: Error getting state: Error: Phase "profile-before-change" is finished, it is too late to register completion condition "OS.File: flush I/O queued before profileBeforeChange" at addBlocker@resource://gre/modules/AsyncShutdown.sys.mjs:727:15
addBlocker@resource://gre/modules/AsyncShutdown.sys.mjs:523:26
addBlocker@resource://gre/modules/AsyncShutdown.sys.mjs:458:15
setupShutdown@resource://gre/modules/osfile/osfile_async_front.jsm:1548:28
@resource://gre/modules/osfile/osfile_async_front.jsm:1568:16
@resource://gre/modules/osfile.jsm:12:30
@resource://gre/modules/TelemetryStorage.sys.mjs:10:28
_checkPendingPings@resource://gre/modules/TelemetrySend.sys.mjs:863:17
setup@resource://gre/modules/TelemetrySend.sys.mjs:803:18
setup@resource://gre/modules/TelemetrySend.sys.mjs:241:30
setupTelemetry/this._delayedInitTask<@resource://gre/modules/TelemetryControllerParent.sys.mjs:828:36
observe@resource://gre/modules/AsyncShutdown.sys.mjs:576:16

WARNING: Error: Phase "profile-before-change" is finished, it is too late to register completion condition "OS.File: flush I/O queued before profileBeforeChange"
WARNING: addBlocker@resource://gre/modules/AsyncShutdown.sys.mjs:727:15
addBlocker@resource://gre/modules/AsyncShutdown.sys.mjs:523:26
addBlocker@resource://gre/modules/AsyncShutdown.sys.mjs:458:15
setupShutdown@resource://gre/modules/osfile/osfile_async_front.jsm:1548:28
@resource://gre/modules/osfile/osfile_async_front.jsm:1568:16
@resource://gre/modules/osfile.jsm:12:30
@resource://gre/modules/TelemetryStorage.sys.mjs:10:28
_checkPendingPings@resource://gre/modules/TelemetrySend.sys.mjs:863:17
setup@resource://gre/modules/TelemetrySend.sys.mjs:803:18
setup@resource://gre/modules/TelemetrySend.sys.mjs:241:30
setupTelemetry/this._delayedInitTask<@resource://gre/modules/TelemetryControllerParent.sys.mjs:828:36
observe@resource://gre/modules/AsyncShutdown.sys.mjs:576:16

JavaScript error: resource://gre/modules/AsyncShutdown.sys.mjs, line 727: Error: Phase "profile-before-change" is finished, it is too late to register completion condition "OS.File: flush I/O queued before profileBeforeChange"
JavaScript error: resource://gre/modules/AsyncShutdown.sys.mjs, line 727: Error: Phase "profile-before-change" is finished, it is too late to register completion condition "OS.File: flush I/O queued before profileBeforeChange"
JavaScript error: resource://gre/modules/AsyncShutdown.sys.mjs, line 727: Error: Phase "profile-before-change" is finished, it is too late to register completion condition "OS.File: flush I/O queued before profileBeforeChange"
JavaScript error: resource://gre/modules/AsyncShutdown.sys.mjs, line 727: Error: Phase "profile-before-change" is finished, it is too late to register completion condition "OS.File: flush I/O queued before profileBeforeChange"
JavaScript error: resource://gre/modules/AsyncShutdown.sys.mjs, line 727: Error: Phase "profile-before-change" is finished, it is too late to register completion condition "OS.File: flush I/O queued before profileBeforeChange"
JavaScript error: resource://gre/modules/AsyncShutdown.sys.mjs, line 727: Error: Phase "profile-before-change" is finished, it is too late to register completion condition "OS.File: flush I/O queued before profileBeforeChange"
]]></system-err>
  </testcase>
  <testcase name="Fitur Menu Baby #14" classname="Baby" time="8.618">
    <system-out><![CDATA[
@baby
Scenario Outline: Fitur Menu Baby &amp#27;[90m# src/test/resources/features/Baby.feature:26&amp#27;[0m
10:10:06.572 [main] INFO io.cucumber.core.plugin.SerenityReporter - Running feature from file:///C:/Users/alwi/IdeaProjects/uniqloweb/src/test/resources/features/Baby.feature
10:10:06.583 [main] INFO net.serenitybdd.core.webdriver.driverproviders.FirefoxDriverProvider - Using automatically driver download
10:10:06.684 [main] DEBUG io.github.bonigarcia.wdm.cache.ResolutionCache - Resolution firefox=111 in cache (valid until 10:32:56 10/04/2023 WIB)
10:10:06.688 [main] DEBUG io.github.bonigarcia.wdm.cache.ResolutionCache - Resolution firefox111=0.32.2 in cache (valid until 19:30:50 10/04/2023 WIB)
10:10:06.690 [main] INFO io.github.bonigarcia.wdm.WebDriverManager - Using geckodriver 0.32.2 (resolved driver for Firefox 111)
10:10:06.703 [main] DEBUG io.github.bonigarcia.wdm.WebDriverManager - Driver geckodriver 0.32.2 found in cache
10:10:06.703 [main] INFO io.github.bonigarcia.wdm.WebDriverManager - Exporting webdriver.gecko.driver as C:\Users\alwi\.cache\selenium\geckodriver\win64\0.32.2\geckodriver.exe
10:10:06.715 [main] DEBUG net.serenitybdd.core.webdriver.driverproviders.ProvideNewDriver - Instantiating driver
10:10:06.715 [main] DEBUG net.serenitybdd.core.webdriver.driverproviders.ProvideNewDriver - Driver capabilities: Capabilities {acceptInsecureCerts: true, browserName: firefox, moz:debuggerAddress: true, moz:firefoxOptions: {args: [], profile: UEsDBBQACAgIAENRilYAAAAAAAA...}}
10:10:07.239 [AsyncHttpClient-1-14] DEBUG org.asynchttpclient.netty.channel.NettyConnectListener - Using new Channel '[id: 0xcc9bcfec, L:/127.0.0.1:55151 - R:localhost/127.0.0.1:62274]' for 'POST' to '/session'
10:10:07.519 [AsyncHttpClient-1-1] DEBUG org.asynchttpclient.netty.channel.DefaultChannelPool - Entry count for : http://localhost:62856 : 1
10:10:07.519 [AsyncHttpClient-1-1] DEBUG org.asynchttpclient.netty.channel.DefaultChannelPool - Adding Candidate expired Channel [id: 0x955b8461, L:/127.0.0.1:55050 ! R:localhost/127.0.0.1:62856] isIdleTimeoutExpired=false isRemotelyClosed=true isTtlExpired=false
10:10:07.519 [AsyncHttpClient-1-1] DEBUG org.asynchttpclient.netty.channel.DefaultChannelPool - Closing Idle Channel [id: 0x955b8461, L:/127.0.0.1:55050 ! R:localhost/127.0.0.1:62856]
10:10:07.519 [AsyncHttpClient-1-1] DEBUG org.asynchttpclient.netty.channel.DefaultChannelPool - Closed 1 connections out of 1 in 0 ms
10:10:09.649 [AsyncHttpClient-1-14] DEBUG org.asynchttpclient.netty.handler.HttpHandler - 

Request DefaultHttpRequest(decodeResult: success, version: HTTP/1.1)
POST /session HTTP/1.1
User-Agent: selenium/4.1.2 (java windows)
Content-Length: 3673
Content-Type: application/json; charset=utf-8
host: localhost:62274
accept: */*

Response DefaultHttpResponse(decodeResult: success, version: HTTP/1.1)
HTTP/1.1 200 OK
content-type: application/json; charset=utf-8
cache-control: no-cache
date: Mon, 10 Apr 2023 03:10:07 GMT
content-length: 790

10:10:09.649 [AsyncHttpClient-1-14] DEBUG org.asynchttpclient.netty.channel.ChannelManager - Adding key: http://localhost:62274 for channel [id: 0xcc9bcfec, L:/127.0.0.1:55151 - R:localhost/127.0.0.1:62274]
10:10:09.656 [AsyncHttpClient-1-15] DEBUG org.asynchttpclient.netty.channel.NettyConnectListener - Using new Channel '[id: 0x8f56b6bb, L:/127.0.0.1:55167 - R:/127.0.0.1:63113]' for 'GET' to '/json/version'
10:10:09.659 [AsyncHttpClient-1-15] DEBUG org.asynchttpclient.netty.handler.HttpHandler - 

Request DefaultFullHttpRequest(decodeResult: success, version: HTTP/1.1, content: EmptyByteBufBE)
GET /json/version HTTP/1.1
User-Agent: selenium/4.1.2 (java windows)
host: 127.0.0.1:63113
accept: */*

Response DefaultHttpResponse(decodeResult: success, version: HTTP/1.1)
HTTP/1.1 200 OK
content-type: application/json
connection: close
server: httpd.js
date: Mon, 10 Apr 2023 03:10:09 GMT
content-length: 311

10:10:09.659 [AsyncHttpClient-1-15] DEBUG org.asynchttpclient.netty.channel.ChannelManager - Closing Channel [id: 0x8f56b6bb, L:/127.0.0.1:55167 - R:/127.0.0.1:63113] 
10:10:09.660 [AsyncHttpClient-1-15] DEBUG org.asynchttpclient.netty.handler.HttpHandler - Channel Closed: [id: 0x8f56b6bb, L:/127.0.0.1:55167 ! R:/127.0.0.1:63113] with attribute DISCARD
10:10:09.661 [Forwarding get on session 18a830a8-de95-4223-b6f8-78118787f7d3 to remote] DEBUG org.asynchttpclient.netty.request.NettyRequestSender - Using pooled Channel '[id: 0xcc9bcfec, L:/127.0.0.1:55151 - R:localhost/127.0.0.1:62274]' for 'POST' to 'http://localhost:62274/session/18a830a8-de95-4223-b6f8-78118787f7d3/url'
10:10:09.661 [Forwarding get on session 18a830a8-de95-4223-b6f8-78118787f7d3 to remote] DEBUG org.asynchttpclient.netty.request.NettyRequestSender - Using open Channel [id: 0xcc9bcfec, L:/127.0.0.1:55151 - R:localhost/127.0.0.1:62274] for POST '/session/18a830a8-de95-4223-b6f8-78118787f7d3/url'
10:10:11.394 [AsyncHttpClient-1-14] DEBUG org.asynchttpclient.netty.handler.HttpHandler - 

Request DefaultHttpRequest(decodeResult: success, version: HTTP/1.1)
POST /session/18a830a8-de95-4223-b6f8-78118787f7d3/url HTTP/1.1
User-Agent: selenium/4.1.2 (java windows)
Content-Length: 69
Content-Type: application/json; charset=utf-8
host: localhost:62274
accept: */*

Response DefaultHttpResponse(decodeResult: success, version: HTTP/1.1)
HTTP/1.1 200 OK
content-type: application/json; charset=utf-8
cache-control: no-cache
date: Mon, 10 Apr 2023 03:10:09 GMT
content-length: 14

10:10:11.394 [AsyncHttpClient-1-14] DEBUG org.asynchttpclient.netty.channel.ChannelManager - Adding key: http://localhost:62274 for channel [id: 0xcc9bcfec, L:/127.0.0.1:55151 - R:localhost/127.0.0.1:62274]
10:10:11.395 [Forwarding setTimeout on session 18a830a8-de95-4223-b6f8-78118787f7d3 to remote] DEBUG org.asynchttpclient.netty.request.NettyRequestSender - Using pooled Channel '[id: 0xcc9bcfec, L:/127.0.0.1:55151 - R:localhost/127.0.0.1:62274]' for 'POST' to 'http://localhost:62274/session/18a830a8-de95-4223-b6f8-78118787f7d3/timeouts'
10:10:11.395 [Forwarding setTimeout on session 18a830a8-de95-4223-b6f8-78118787f7d3 to remote] DEBUG org.asynchttpclient.netty.request.NettyRequestSender - Using open Channel [id: 0xcc9bcfec, L:/127.0.0.1:55151 - R:localhost/127.0.0.1:62274] for POST '/session/18a830a8-de95-4223-b6f8-78118787f7d3/timeouts'
10:10:11.398 [AsyncHttpClient-1-14] DEBUG org.asynchttpclient.netty.handler.HttpHandler - 

Request DefaultHttpRequest(decodeResult: success, version: HTTP/1.1)
POST /session/18a830a8-de95-4223-b6f8-78118787f7d3/timeouts HTTP/1.1
User-Agent: selenium/4.1.2 (java windows)
Content-Length: 22
Content-Type: application/json; charset=utf-8
host: localhost:62274
accept: */*

Response DefaultHttpResponse(decodeResult: success, version: HTTP/1.1)
HTTP/1.1 200 OK
content-type: application/json; charset=utf-8
cache-control: no-cache
date: Mon, 10 Apr 2023 03:10:11 GMT
content-length: 14

10:10:11.398 [AsyncHttpClient-1-14] DEBUG org.asynchttpclient.netty.channel.ChannelManager - Adding key: http://localhost:62274 for channel [id: 0xcc9bcfec, L:/127.0.0.1:55151 - R:localhost/127.0.0.1:62274]
10:10:11.401 [Forwarding getCurrentUrl on session 18a830a8-de95-4223-b6f8-78118787f7d3 to remote] DEBUG org.asynchttpclient.netty.request.NettyRequestSender - Using pooled Channel '[id: 0xcc9bcfec, L:/127.0.0.1:55151 - R:localhost/127.0.0.1:62274]' for 'GET' to 'http://localhost:62274/session/18a830a8-de95-4223-b6f8-78118787f7d3/url'
10:10:11.401 [Forwarding getCurrentUrl on session 18a830a8-de95-4223-b6f8-78118787f7d3 to remote] DEBUG org.asynchttpclient.netty.request.NettyRequestSender - Using open Channel [id: 0xcc9bcfec, L:/127.0.0.1:55151 - R:localhost/127.0.0.1:62274] for GET '/session/18a830a8-de95-4223-b6f8-78118787f7d3/url'
10:10:11.403 [AsyncHttpClient-1-14] DEBUG org.asynchttpclient.netty.handler.HttpHandler - 

Request DefaultFullHttpRequest(decodeResult: success, version: HTTP/1.1, content: EmptyByteBufBE)
GET /session/18a830a8-de95-4223-b6f8-78118787f7d3/url HTTP/1.1
User-Agent: selenium/4.1.2 (java windows)
Cache-Control: no-cache
Content-Type: application/json; charset=utf-8
host: localhost:62274
accept: */*

Response DefaultHttpResponse(decodeResult: success, version: HTTP/1.1)
HTTP/1.1 200 OK
content-type: application/json; charset=utf-8
cache-control: no-cache
date: Mon, 10 Apr 2023 03:10:11 GMT
content-length: 41

10:10:11.403 [AsyncHttpClient-1-14] DEBUG org.asynchttpclient.netty.channel.ChannelManager - Adding key: http://localhost:62274 for channel [id: 0xcc9bcfec, L:/127.0.0.1:55151 - R:localhost/127.0.0.1:62274]
  &amp#27;[32mGiven &amp#27;[0m&amp#27;[32mI am on the home page&amp#27;[0m     &amp#27;[90m# starter.stepdefinitions.BabyStep.iAmOnTheHomePage()&amp#27;[0m
10:10:11.411 [Forwarding screenshot on session 18a830a8-de95-4223-b6f8-78118787f7d3 to remote] DEBUG org.asynchttpclient.netty.request.NettyRequestSender - Using pooled Channel '[id: 0xcc9bcfec, L:/127.0.0.1:55151 - R:localhost/127.0.0.1:62274]' for 'GET' to 'http://localhost:62274/session/18a830a8-de95-4223-b6f8-78118787f7d3/screenshot'
10:10:11.411 [Forwarding screenshot on session 18a830a8-de95-4223-b6f8-78118787f7d3 to remote] DEBUG org.asynchttpclient.netty.request.NettyRequestSender - Using open Channel [id: 0xcc9bcfec, L:/127.0.0.1:55151 - R:localhost/127.0.0.1:62274] for GET '/session/18a830a8-de95-4223-b6f8-78118787f7d3/screenshot'
10:10:11.473 [AsyncHttpClient-1-14] DEBUG org.asynchttpclient.netty.handler.HttpHandler - 

Request DefaultFullHttpRequest(decodeResult: success, version: HTTP/1.1, content: EmptyByteBufBE)
GET /session/18a830a8-de95-4223-b6f8-78118787f7d3/screenshot HTTP/1.1
User-Agent: selenium/4.1.2 (java windows)
Cache-Control: no-cache
Content-Type: application/json; charset=utf-8
host: localhost:62274
accept: */*

Response DefaultHttpResponse(decodeResult: success, version: HTTP/1.1)
HTTP/1.1 200 OK
content-type: application/json; charset=utf-8
cache-control: no-cache
date: Mon, 10 Apr 2023 03:10:11 GMT
content-length: 72708

10:10:11.473 [AsyncHttpClient-1-14] DEBUG org.asynchttpclient.netty.channel.ChannelManager - Adding key: http://localhost:62274 for channel [id: 0xcc9bcfec, L:/127.0.0.1:55151 - R:localhost/127.0.0.1:62274]
10:10:11.477 [main] DEBUG net.serenitybdd.core.photography.Darkroom - Send negative for processing for target\site\serenity\24e9a399495cc2a71c310590a45f3e464c6fdf546cbd0d01263247c61357f7b2.png
10:10:11.477 [Darkroom Processing Line] DEBUG net.serenitybdd.core.photography.DarkroomProcessingLine - Processing screenshot image in /var/screenshots/screenshot-14281604512177221043
10:10:11.478 [Darkroom Processing Line] DEBUG net.serenitybdd.core.photography.DarkroomProcessingLine - Saving screenshot to target\site\serenity\24e9a399495cc2a71c310590a45f3e464c6fdf546cbd0d01263247c61357f7b2.png
10:10:11.489 [Forwarding findElement on session 18a830a8-de95-4223-b6f8-78118787f7d3 to remote] DEBUG org.asynchttpclient.netty.request.NettyRequestSender - Using pooled Channel '[id: 0xcc9bcfec, L:/127.0.0.1:55151 - R:localhost/127.0.0.1:62274]' for 'POST' to 'http://localhost:62274/session/18a830a8-de95-4223-b6f8-78118787f7d3/element'
10:10:11.489 [Forwarding findElement on session 18a830a8-de95-4223-b6f8-78118787f7d3 to remote] DEBUG org.asynchttpclient.netty.request.NettyRequestSender - Using open Channel [id: 0xcc9bcfec, L:/127.0.0.1:55151 - R:localhost/127.0.0.1:62274] for POST '/session/18a830a8-de95-4223-b6f8-78118787f7d3/element'
10:10:12.000 [AsyncHttpClient-1-14] DEBUG org.asynchttpclient.netty.handler.HttpHandler - 

Request DefaultHttpRequest(decodeResult: success, version: HTTP/1.1)
POST /session/18a830a8-de95-4223-b6f8-78118787f7d3/element HTTP/1.1
User-Agent: selenium/4.1.2 (java windows)
Content-Length: 81
Content-Type: application/json; charset=utf-8
host: localhost:62274
accept: */*

Response DefaultHttpResponse(decodeResult: success, version: HTTP/1.1)
HTTP/1.1 200 OK
content-type: application/json; charset=utf-8
cache-control: no-cache
date: Mon, 10 Apr 2023 03:10:11 GMT
content-length: 88

10:10:12.000 [AsyncHttpClient-1-14] DEBUG org.asynchttpclient.netty.channel.ChannelManager - Adding key: http://localhost:62274 for channel [id: 0xcc9bcfec, L:/127.0.0.1:55151 - R:localhost/127.0.0.1:62274]
10:10:12.002 [Forwarding getElementTagName on session 18a830a8-de95-4223-b6f8-78118787f7d3 to remote] DEBUG org.asynchttpclient.netty.request.NettyRequestSender - Using pooled Channel '[id: 0xcc9bcfec, L:/127.0.0.1:55151 - R:localhost/127.0.0.1:62274]' for 'GET' to 'http://localhost:62274/session/18a830a8-de95-4223-b6f8-78118787f7d3/element/ed2c26d0-eb5c-4e1e-a810-373d2cd331a2/name'
10:10:12.002 [Forwarding getElementTagName on session 18a830a8-de95-4223-b6f8-78118787f7d3 to remote] DEBUG org.asynchttpclient.netty.request.NettyRequestSender - Using open Channel [id: 0xcc9bcfec, L:/127.0.0.1:55151 - R:localhost/127.0.0.1:62274] for GET '/session/18a830a8-de95-4223-b6f8-78118787f7d3/element/ed2c26d0-eb5c-4e1e-a810-373d2cd331a2/name'
10:10:12.058 [AsyncHttpClient-1-14] DEBUG org.asynchttpclient.netty.handler.HttpHandler - 

Request DefaultFullHttpRequest(decodeResult: success, version: HTTP/1.1, content: EmptyByteBufBE)
GET /session/18a830a8-de95-4223-b6f8-78118787f7d3/element/ed2c26d0-eb5c-4e1e-a810-373d2cd331a2/name HTTP/1.1
User-Agent: selenium/4.1.2 (java windows)
Cache-Control: no-cache
Content-Type: application/json; charset=utf-8
host: localhost:62274
accept: */*

Response DefaultHttpResponse(decodeResult: success, version: HTTP/1.1)
HTTP/1.1 200 OK
content-type: application/json; charset=utf-8
cache-control: no-cache
date: Mon, 10 Apr 2023 03:10:11 GMT
content-length: 16

10:10:12.058 [AsyncHttpClient-1-14] DEBUG org.asynchttpclient.netty.channel.ChannelManager - Adding key: http://localhost:62274 for channel [id: 0xcc9bcfec, L:/127.0.0.1:55151 - R:localhost/127.0.0.1:62274]
10:10:12.060 [Forwarding getElementTagName on session 18a830a8-de95-4223-b6f8-78118787f7d3 to remote] DEBUG org.asynchttpclient.netty.request.NettyRequestSender - Using pooled Channel '[id: 0xcc9bcfec, L:/127.0.0.1:55151 - R:localhost/127.0.0.1:62274]' for 'GET' to 'http://localhost:62274/session/18a830a8-de95-4223-b6f8-78118787f7d3/element/ed2c26d0-eb5c-4e1e-a810-373d2cd331a2/name'
10:10:12.060 [Forwarding getElementTagName on session 18a830a8-de95-4223-b6f8-78118787f7d3 to remote] DEBUG org.asynchttpclient.netty.request.NettyRequestSender - Using open Channel [id: 0xcc9bcfec, L:/127.0.0.1:55151 - R:localhost/127.0.0.1:62274] for GET '/session/18a830a8-de95-4223-b6f8-78118787f7d3/element/ed2c26d0-eb5c-4e1e-a810-373d2cd331a2/name'
10:10:12.135 [AsyncHttpClient-1-14] DEBUG org.asynchttpclient.netty.handler.HttpHandler - 

Request DefaultFullHttpRequest(decodeResult: success, version: HTTP/1.1, content: EmptyByteBufBE)
GET /session/18a830a8-de95-4223-b6f8-78118787f7d3/element/ed2c26d0-eb5c-4e1e-a810-373d2cd331a2/name HTTP/1.1
User-Agent: selenium/4.1.2 (java windows)
Cache-Control: no-cache
Content-Type: application/json; charset=utf-8
host: localhost:62274
accept: */*

Response DefaultHttpResponse(decodeResult: success, version: HTTP/1.1)
HTTP/1.1 200 OK
content-type: application/json; charset=utf-8
cache-control: no-cache
date: Mon, 10 Apr 2023 03:10:11 GMT
content-length: 16

10:10:12.135 [AsyncHttpClient-1-14] DEBUG org.asynchttpclient.netty.channel.ChannelManager - Adding key: http://localhost:62274 for channel [id: 0xcc9bcfec, L:/127.0.0.1:55151 - R:localhost/127.0.0.1:62274]
10:10:12.138 [Forwarding findElement on session 18a830a8-de95-4223-b6f8-78118787f7d3 to remote] DEBUG org.asynchttpclient.netty.request.NettyRequestSender - Using pooled Channel '[id: 0xcc9bcfec, L:/127.0.0.1:55151 - R:localhost/127.0.0.1:62274]' for 'POST' to 'http://localhost:62274/session/18a830a8-de95-4223-b6f8-78118787f7d3/element'
10:10:12.138 [Forwarding findElement on session 18a830a8-de95-4223-b6f8-78118787f7d3 to remote] DEBUG org.asynchttpclient.netty.request.NettyRequestSender - Using open Channel [id: 0xcc9bcfec, L:/127.0.0.1:55151 - R:localhost/127.0.0.1:62274] for POST '/session/18a830a8-de95-4223-b6f8-78118787f7d3/element'
10:10:12.181 [AsyncHttpClient-1-14] DEBUG org.asynchttpclient.netty.handler.HttpHandler - 

Request DefaultHttpRequest(decodeResult: success, version: HTTP/1.1)
POST /session/18a830a8-de95-4223-b6f8-78118787f7d3/element HTTP/1.1
User-Agent: selenium/4.1.2 (java windows)
Content-Length: 81
Content-Type: application/json; charset=utf-8
host: localhost:62274
accept: */*

Response DefaultHttpResponse(decodeResult: success, version: HTTP/1.1)
HTTP/1.1 200 OK
content-type: application/json; charset=utf-8
cache-control: no-cache
date: Mon, 10 Apr 2023 03:10:11 GMT
content-length: 88

10:10:12.181 [AsyncHttpClient-1-14] DEBUG org.asynchttpclient.netty.channel.ChannelManager - Adding key: http://localhost:62274 for channel [id: 0xcc9bcfec, L:/127.0.0.1:55151 - R:localhost/127.0.0.1:62274]
10:10:12.183 [Forwarding clickElement on session 18a830a8-de95-4223-b6f8-78118787f7d3 to remote] DEBUG org.asynchttpclient.netty.request.NettyRequestSender - Using pooled Channel '[id: 0xcc9bcfec, L:/127.0.0.1:55151 - R:localhost/127.0.0.1:62274]' for 'POST' to 'http://localhost:62274/session/18a830a8-de95-4223-b6f8-78118787f7d3/element/ed2c26d0-eb5c-4e1e-a810-373d2cd331a2/click'
10:10:12.183 [Forwarding clickElement on session 18a830a8-de95-4223-b6f8-78118787f7d3 to remote] DEBUG org.asynchttpclient.netty.request.NettyRequestSender - Using open Channel [id: 0xcc9bcfec, L:/127.0.0.1:55151 - R:localhost/127.0.0.1:62274] for POST '/session/18a830a8-de95-4223-b6f8-78118787f7d3/element/ed2c26d0-eb5c-4e1e-a810-373d2cd331a2/click'
10:10:12.906 [AsyncHttpClient-1-14] DEBUG org.asynchttpclient.netty.handler.HttpHandler - 

Request DefaultHttpRequest(decodeResult: success, version: HTTP/1.1)
POST /session/18a830a8-de95-4223-b6f8-78118787f7d3/element/ed2c26d0-eb5c-4e1e-a810-373d2cd331a2/click HTTP/1.1
User-Agent: selenium/4.1.2 (java windows)
Content-Length: 50
Content-Type: application/json; charset=utf-8
host: localhost:62274
accept: */*

Response DefaultHttpResponse(decodeResult: success, version: HTTP/1.1)
HTTP/1.1 200 OK
content-type: application/json; charset=utf-8
cache-control: no-cache
date: Mon, 10 Apr 2023 03:10:11 GMT
content-length: 14

10:10:12.906 [AsyncHttpClient-1-14] DEBUG org.asynchttpclient.netty.channel.ChannelManager - Adding key: http://localhost:62274 for channel [id: 0xcc9bcfec, L:/127.0.0.1:55151 - R:localhost/127.0.0.1:62274]
  &amp#27;[32mThen &amp#27;[0m&amp#27;[32mI click baby on the header&amp#27;[0m &amp#27;[90m# starter.stepdefinitions.BabyStep.iClickBabyOnTheHeader()&amp#27;[0m
10:10:12.918 [Forwarding screenshot on session 18a830a8-de95-4223-b6f8-78118787f7d3 to remote] DEBUG org.asynchttpclient.netty.request.NettyRequestSender - Using pooled Channel '[id: 0xcc9bcfec, L:/127.0.0.1:55151 - R:localhost/127.0.0.1:62274]' for 'GET' to 'http://localhost:62274/session/18a830a8-de95-4223-b6f8-78118787f7d3/screenshot'
10:10:12.918 [Forwarding screenshot on session 18a830a8-de95-4223-b6f8-78118787f7d3 to remote] DEBUG org.asynchttpclient.netty.request.NettyRequestSender - Using open Channel [id: 0xcc9bcfec, L:/127.0.0.1:55151 - R:localhost/127.0.0.1:62274] for GET '/session/18a830a8-de95-4223-b6f8-78118787f7d3/screenshot'
10:10:13.056 [AsyncHttpClient-1-14] DEBUG org.asynchttpclient.netty.handler.HttpHandler - 

Request DefaultFullHttpRequest(decodeResult: success, version: HTTP/1.1, content: EmptyByteBufBE)
GET /session/18a830a8-de95-4223-b6f8-78118787f7d3/screenshot HTTP/1.1
User-Agent: selenium/4.1.2 (java windows)
Cache-Control: no-cache
Content-Type: application/json; charset=utf-8
host: localhost:62274
accept: */*

Response DefaultHttpResponse(decodeResult: success, version: HTTP/1.1)
HTTP/1.1 200 OK
content-type: application/json; charset=utf-8
cache-control: no-cache
date: Mon, 10 Apr 2023 03:10:12 GMT
content-length: 98024

10:10:13.057 [AsyncHttpClient-1-14] DEBUG org.asynchttpclient.netty.channel.ChannelManager - Adding key: http://localhost:62274 for channel [id: 0xcc9bcfec, L:/127.0.0.1:55151 - R:localhost/127.0.0.1:62274]
10:10:13.061 [main] DEBUG net.serenitybdd.core.photography.Darkroom - Send negative for processing for target\site\serenity\bcb9a8d665d2c58a930e922f816fcc3ebc2aef855b882f3d531e7c9aa320b06d.png
10:10:13.073 [Forwarding findElement on session 18a830a8-de95-4223-b6f8-78118787f7d3 to remote] DEBUG org.asynchttpclient.netty.request.NettyRequestSender - Using pooled Channel '[id: 0xcc9bcfec, L:/127.0.0.1:55151 - R:localhost/127.0.0.1:62274]' for 'POST' to 'http://localhost:62274/session/18a830a8-de95-4223-b6f8-78118787f7d3/element'
10:10:13.073 [Forwarding findElement on session 18a830a8-de95-4223-b6f8-78118787f7d3 to remote] DEBUG org.asynchttpclient.netty.request.NettyRequestSender - Using open Channel [id: 0xcc9bcfec, L:/127.0.0.1:55151 - R:localhost/127.0.0.1:62274] for POST '/session/18a830a8-de95-4223-b6f8-78118787f7d3/element'
10:10:13.095 [AsyncHttpClient-1-14] DEBUG org.asynchttpclient.netty.handler.HttpHandler - 

Request DefaultHttpRequest(decodeResult: success, version: HTTP/1.1)
POST /session/18a830a8-de95-4223-b6f8-78118787f7d3/element HTTP/1.1
User-Agent: selenium/4.1.2 (java windows)
Content-Length: 107
Content-Type: application/json; charset=utf-8
host: localhost:62274
accept: */*

Response DefaultHttpResponse(decodeResult: success, version: HTTP/1.1)
HTTP/1.1 200 OK
content-type: application/json; charset=utf-8
cache-control: no-cache
date: Mon, 10 Apr 2023 03:10:12 GMT
content-length: 88

10:10:13.095 [AsyncHttpClient-1-14] DEBUG org.asynchttpclient.netty.channel.ChannelManager - Adding key: http://localhost:62274 for channel [id: 0xcc9bcfec, L:/127.0.0.1:55151 - R:localhost/127.0.0.1:62274]
10:10:13.097 [Forwarding getElementTagName on session 18a830a8-de95-4223-b6f8-78118787f7d3 to remote] DEBUG org.asynchttpclient.netty.request.NettyRequestSender - Using pooled Channel '[id: 0xcc9bcfec, L:/127.0.0.1:55151 - R:localhost/127.0.0.1:62274]' for 'GET' to 'http://localhost:62274/session/18a830a8-de95-4223-b6f8-78118787f7d3/element/d8437619-4630-4017-901c-3f63e7bfbfc7/name'
10:10:13.097 [Forwarding getElementTagName on session 18a830a8-de95-4223-b6f8-78118787f7d3 to remote] DEBUG org.asynchttpclient.netty.request.NettyRequestSender - Using open Channel [id: 0xcc9bcfec, L:/127.0.0.1:55151 - R:localhost/127.0.0.1:62274] for GET '/session/18a830a8-de95-4223-b6f8-78118787f7d3/element/d8437619-4630-4017-901c-3f63e7bfbfc7/name'
10:10:13.214 [AsyncHttpClient-1-14] DEBUG org.asynchttpclient.netty.handler.HttpHandler - 

Request DefaultFullHttpRequest(decodeResult: success, version: HTTP/1.1, content: EmptyByteBufBE)
GET /session/18a830a8-de95-4223-b6f8-78118787f7d3/element/d8437619-4630-4017-901c-3f63e7bfbfc7/name HTTP/1.1
User-Agent: selenium/4.1.2 (java windows)
Cache-Control: no-cache
Content-Type: application/json; charset=utf-8
host: localhost:62274
accept: */*

Response DefaultHttpResponse(decodeResult: success, version: HTTP/1.1)
HTTP/1.1 200 OK
content-type: application/json; charset=utf-8
cache-control: no-cache
date: Mon, 10 Apr 2023 03:10:12 GMT
content-length: 16

10:10:13.214 [AsyncHttpClient-1-14] DEBUG org.asynchttpclient.netty.channel.ChannelManager - Adding key: http://localhost:62274 for channel [id: 0xcc9bcfec, L:/127.0.0.1:55151 - R:localhost/127.0.0.1:62274]
10:10:13.218 [Forwarding getElementTagName on session 18a830a8-de95-4223-b6f8-78118787f7d3 to remote] DEBUG org.asynchttpclient.netty.request.NettyRequestSender - Using pooled Channel '[id: 0xcc9bcfec, L:/127.0.0.1:55151 - R:localhost/127.0.0.1:62274]' for 'GET' to 'http://localhost:62274/session/18a830a8-de95-4223-b6f8-78118787f7d3/element/d8437619-4630-4017-901c-3f63e7bfbfc7/name'
10:10:13.218 [Forwarding getElementTagName on session 18a830a8-de95-4223-b6f8-78118787f7d3 to remote] DEBUG org.asynchttpclient.netty.request.NettyRequestSender - Using open Channel [id: 0xcc9bcfec, L:/127.0.0.1:55151 - R:localhost/127.0.0.1:62274] for GET '/session/18a830a8-de95-4223-b6f8-78118787f7d3/element/d8437619-4630-4017-901c-3f63e7bfbfc7/name'
10:10:13.255 [AsyncHttpClient-1-14] DEBUG org.asynchttpclient.netty.handler.HttpHandler - 

Request DefaultFullHttpRequest(decodeResult: success, version: HTTP/1.1, content: EmptyByteBufBE)
GET /session/18a830a8-de95-4223-b6f8-78118787f7d3/element/d8437619-4630-4017-901c-3f63e7bfbfc7/name HTTP/1.1
User-Agent: selenium/4.1.2 (java windows)
Cache-Control: no-cache
Content-Type: application/json; charset=utf-8
host: localhost:62274
accept: */*

Response DefaultHttpResponse(decodeResult: success, version: HTTP/1.1)
HTTP/1.1 200 OK
content-type: application/json; charset=utf-8
cache-control: no-cache
date: Mon, 10 Apr 2023 03:10:12 GMT
content-length: 16

10:10:13.255 [AsyncHttpClient-1-14] DEBUG org.asynchttpclient.netty.channel.ChannelManager - Adding key: http://localhost:62274 for channel [id: 0xcc9bcfec, L:/127.0.0.1:55151 - R:localhost/127.0.0.1:62274]
10:10:13.258 [Forwarding findElement on session 18a830a8-de95-4223-b6f8-78118787f7d3 to remote] DEBUG org.asynchttpclient.netty.request.NettyRequestSender - Using pooled Channel '[id: 0xcc9bcfec, L:/127.0.0.1:55151 - R:localhost/127.0.0.1:62274]' for 'POST' to 'http://localhost:62274/session/18a830a8-de95-4223-b6f8-78118787f7d3/element'
10:10:13.258 [Forwarding findElement on session 18a830a8-de95-4223-b6f8-78118787f7d3 to remote] DEBUG org.asynchttpclient.netty.request.NettyRequestSender - Using open Channel [id: 0xcc9bcfec, L:/127.0.0.1:55151 - R:localhost/127.0.0.1:62274] for POST '/session/18a830a8-de95-4223-b6f8-78118787f7d3/element'
10:10:13.386 [AsyncHttpClient-1-14] DEBUG org.asynchttpclient.netty.handler.HttpHandler - 

Request DefaultHttpRequest(decodeResult: success, version: HTTP/1.1)
POST /session/18a830a8-de95-4223-b6f8-78118787f7d3/element HTTP/1.1
User-Agent: selenium/4.1.2 (java windows)
Content-Length: 107
Content-Type: application/json; charset=utf-8
host: localhost:62274
accept: */*

Response DefaultHttpResponse(decodeResult: success, version: HTTP/1.1)
HTTP/1.1 200 OK
content-type: application/json; charset=utf-8
cache-control: no-cache
date: Mon, 10 Apr 2023 03:10:12 GMT
content-length: 88

10:10:13.387 [AsyncHttpClient-1-14] DEBUG org.asynchttpclient.netty.channel.ChannelManager - Adding key: http://localhost:62274 for channel [id: 0xcc9bcfec, L:/127.0.0.1:55151 - R:localhost/127.0.0.1:62274]
10:10:13.388 [Forwarding clickElement on session 18a830a8-de95-4223-b6f8-78118787f7d3 to remote] DEBUG org.asynchttpclient.netty.request.NettyRequestSender - Using pooled Channel '[id: 0xcc9bcfec, L:/127.0.0.1:55151 - R:localhost/127.0.0.1:62274]' for 'POST' to 'http://localhost:62274/session/18a830a8-de95-4223-b6f8-78118787f7d3/element/d8437619-4630-4017-901c-3f63e7bfbfc7/click'
10:10:13.388 [Forwarding clickElement on session 18a830a8-de95-4223-b6f8-78118787f7d3 to remote] DEBUG org.asynchttpclient.netty.request.NettyRequestSender - Using open Channel [id: 0xcc9bcfec, L:/127.0.0.1:55151 - R:localhost/127.0.0.1:62274] for POST '/session/18a830a8-de95-4223-b6f8-78118787f7d3/element/d8437619-4630-4017-901c-3f63e7bfbfc7/click'
10:10:13.935 [AsyncHttpClient-1-14] DEBUG org.asynchttpclient.netty.handler.HttpHandler - 

Request DefaultHttpRequest(decodeResult: success, version: HTTP/1.1)
POST /session/18a830a8-de95-4223-b6f8-78118787f7d3/element/d8437619-4630-4017-901c-3f63e7bfbfc7/click HTTP/1.1
User-Agent: selenium/4.1.2 (java windows)
Content-Length: 50
Content-Type: application/json; charset=utf-8
host: localhost:62274
accept: */*

Response DefaultHttpResponse(decodeResult: success, version: HTTP/1.1)
HTTP/1.1 200 OK
content-type: application/json; charset=utf-8
cache-control: no-cache
date: Mon, 10 Apr 2023 03:10:12 GMT
content-length: 14

10:10:13.935 [AsyncHttpClient-1-14] DEBUG org.asynchttpclient.netty.channel.ChannelManager - Adding key: http://localhost:62274 for channel [id: 0xcc9bcfec, L:/127.0.0.1:55151 - R:localhost/127.0.0.1:62274]
  &amp#27;[32mWhen &amp#27;[0m&amp#27;[32mI will go to &amp#27;[0m&amp#27;[32m&amp#27;[1m"aksesoris2"&amp#27;[0m  &amp#27;[90m# starter.stepdefinitions.BabyStep.iWillGoTo(java.lang.String)&amp#27;[0m
10:10:13.941 [Forwarding screenshot on session 18a830a8-de95-4223-b6f8-78118787f7d3 to remote] DEBUG org.asynchttpclient.netty.request.NettyRequestSender - Using pooled Channel '[id: 0xcc9bcfec, L:/127.0.0.1:55151 - R:localhost/127.0.0.1:62274]' for 'GET' to 'http://localhost:62274/session/18a830a8-de95-4223-b6f8-78118787f7d3/screenshot'
10:10:13.942 [Forwarding screenshot on session 18a830a8-de95-4223-b6f8-78118787f7d3 to remote] DEBUG org.asynchttpclient.netty.request.NettyRequestSender - Using open Channel [id: 0xcc9bcfec, L:/127.0.0.1:55151 - R:localhost/127.0.0.1:62274] for GET '/session/18a830a8-de95-4223-b6f8-78118787f7d3/screenshot'
10:10:14.154 [AsyncHttpClient-1-14] DEBUG org.asynchttpclient.netty.handler.HttpHandler - 

Request DefaultFullHttpRequest(decodeResult: success, version: HTTP/1.1, content: EmptyByteBufBE)
GET /session/18a830a8-de95-4223-b6f8-78118787f7d3/screenshot HTTP/1.1
User-Agent: selenium/4.1.2 (java windows)
Cache-Control: no-cache
Content-Type: application/json; charset=utf-8
host: localhost:62274
accept: */*

Response DefaultHttpResponse(decodeResult: success, version: HTTP/1.1)
HTTP/1.1 200 OK
content-type: application/json; charset=utf-8
cache-control: no-cache
date: Mon, 10 Apr 2023 03:10:13 GMT
content-length: 79180

10:10:14.154 [AsyncHttpClient-1-14] DEBUG org.asynchttpclient.netty.channel.ChannelManager - Adding key: http://localhost:62274 for channel [id: 0xcc9bcfec, L:/127.0.0.1:55151 - R:localhost/127.0.0.1:62274]
10:10:14.159 [main] DEBUG net.serenitybdd.core.photography.Darkroom - Send negative for processing for target\site\serenity\7fd29e7086ad20191cc7961e2d4f880e101adabbfe3dc01aabcc1ee040e6695a.png
10:10:14.160 [Darkroom Processing Line] DEBUG net.serenitybdd.core.photography.DarkroomProcessingLine - Processing screenshot image in /var/screenshots/screenshot-11916161540275110457
10:10:14.160 [Darkroom Processing Line] DEBUG net.serenitybdd.core.photography.DarkroomProcessingLine - Saving screenshot to target\site\serenity\7fd29e7086ad20191cc7961e2d4f880e101adabbfe3dc01aabcc1ee040e6695a.png
10:10:14.169 [Forwarding findElement on session 18a830a8-de95-4223-b6f8-78118787f7d3 to remote] DEBUG org.asynchttpclient.netty.request.NettyRequestSender - Using pooled Channel '[id: 0xcc9bcfec, L:/127.0.0.1:55151 - R:localhost/127.0.0.1:62274]' for 'POST' to 'http://localhost:62274/session/18a830a8-de95-4223-b6f8-78118787f7d3/element'
10:10:14.169 [Forwarding findElement on session 18a830a8-de95-4223-b6f8-78118787f7d3 to remote] DEBUG org.asynchttpclient.netty.request.NettyRequestSender - Using open Channel [id: 0xcc9bcfec, L:/127.0.0.1:55151 - R:localhost/127.0.0.1:62274] for POST '/session/18a830a8-de95-4223-b6f8-78118787f7d3/element'
10:10:14.173 [AsyncHttpClient-1-14] DEBUG org.asynchttpclient.netty.handler.HttpHandler - 

Request DefaultHttpRequest(decodeResult: success, version: HTTP/1.1)
POST /session/18a830a8-de95-4223-b6f8-78118787f7d3/element HTTP/1.1
User-Agent: selenium/4.1.2 (java windows)
Content-Length: 91
Content-Type: application/json; charset=utf-8
host: localhost:62274
accept: */*

Response DefaultHttpResponse(decodeResult: success, version: HTTP/1.1)
HTTP/1.1 200 OK
content-type: application/json; charset=utf-8
cache-control: no-cache
date: Mon, 10 Apr 2023 03:10:13 GMT
content-length: 88

10:10:14.173 [AsyncHttpClient-1-14] DEBUG org.asynchttpclient.netty.channel.ChannelManager - Adding key: http://localhost:62274 for channel [id: 0xcc9bcfec, L:/127.0.0.1:55151 - R:localhost/127.0.0.1:62274]
10:10:14.175 [Forwarding isElementDisplayed on session 18a830a8-de95-4223-b6f8-78118787f7d3 to remote] DEBUG org.asynchttpclient.netty.request.NettyRequestSender - Using pooled Channel '[id: 0xcc9bcfec, L:/127.0.0.1:55151 - R:localhost/127.0.0.1:62274]' for 'POST' to 'http://localhost:62274/session/18a830a8-de95-4223-b6f8-78118787f7d3/execute/sync'
10:10:14.175 [Forwarding isElementDisplayed on session 18a830a8-de95-4223-b6f8-78118787f7d3 to remote] DEBUG org.asynchttpclient.netty.request.NettyRequestSender - Using open Channel [id: 0xcc9bcfec, L:/127.0.0.1:55151 - R:localhost/127.0.0.1:62274] for POST '/session/18a830a8-de95-4223-b6f8-78118787f7d3/execute/sync'
10:10:14.191 [AsyncHttpClient-1-14] DEBUG org.asynchttpclient.netty.handler.HttpHandler - 

Request DefaultHttpRequest(decodeResult: success, version: HTTP/1.1)
POST /session/18a830a8-de95-4223-b6f8-78118787f7d3/execute/sync HTTP/1.1
User-Agent: selenium/4.1.2 (java windows)
Content-Length: 48780
Content-Type: application/json; charset=utf-8
host: localhost:62274
accept: */*

Response DefaultHttpResponse(decodeResult: success, version: HTTP/1.1)
HTTP/1.1 200 OK
content-type: application/json; charset=utf-8
cache-control: no-cache
date: Mon, 10 Apr 2023 03:10:13 GMT
content-length: 14

10:10:14.191 [AsyncHttpClient-1-14] DEBUG org.asynchttpclient.netty.channel.ChannelManager - Adding key: http://localhost:62274 for channel [id: 0xcc9bcfec, L:/127.0.0.1:55151 - R:localhost/127.0.0.1:62274]
  &amp#27;[32mAnd &amp#27;[0m&amp#27;[32mI &amp#27;[0m&amp#27;[32m&amp#27;[1m"txtAksesoris2"&amp#27;[0m&amp#27;[32m page&amp#27;[0m      &amp#27;[90m# starter.stepdefinitions.BabyStep.iPage(java.lang.String)&amp#27;[0m
10:10:14.204 [Driver Command Executor] DEBUG org.asynchttpclient.netty.request.NettyRequestSender - Using pooled Channel '[id: 0xcc9bcfec, L:/127.0.0.1:55151 - R:localhost/127.0.0.1:62274]' for 'DELETE' to 'http://localhost:62274/session/18a830a8-de95-4223-b6f8-78118787f7d3'
10:10:14.204 [Driver Command Executor] DEBUG org.asynchttpclient.netty.request.NettyRequestSender - Using open Channel [id: 0xcc9bcfec, L:/127.0.0.1:55151 - R:localhost/127.0.0.1:62274] for DELETE '/session/18a830a8-de95-4223-b6f8-78118787f7d3'
10:10:15.121 [AsyncHttpClient-1-14] DEBUG org.asynchttpclient.netty.handler.HttpHandler - 

Request DefaultFullHttpRequest(decodeResult: success, version: HTTP/1.1, content: EmptyByteBufBE)
DELETE /session/18a830a8-de95-4223-b6f8-78118787f7d3 HTTP/1.1
User-Agent: selenium/4.1.2 (java windows)
Content-Type: application/json; charset=utf-8
host: localhost:62274
accept: */*

Response DefaultHttpResponse(decodeResult: success, version: HTTP/1.1)
HTTP/1.1 200 OK
content-type: application/json; charset=utf-8
cache-control: no-cache
date: Mon, 10 Apr 2023 03:10:13 GMT
content-length: 14

10:10:15.121 [AsyncHttpClient-1-14] DEBUG org.asynchttpclient.netty.channel.ChannelManager - Adding key: http://localhost:62274 for channel [id: 0xcc9bcfec, L:/127.0.0.1:55151 - R:localhost/127.0.0.1:62274]
10:10:15.123 [AsyncHttpClient-1-14] DEBUG org.asynchttpclient.netty.handler.HttpHandler - Unexpected I/O exception on channel [id: 0xcc9bcfec, L:/127.0.0.1:55151 - R:localhost/127.0.0.1:62274]
java.net.SocketException: Connection reset
	at java.base/sun.nio.ch.SocketChannelImpl.throwConnectionReset(SocketChannelImpl.java:345)
	at java.base/sun.nio.ch.SocketChannelImpl.read(SocketChannelImpl.java:376)
	at io.netty.buffer.PooledByteBuf.setBytes(PooledByteBuf.java:258)
	at io.netty.buffer.AbstractByteBuf.writeBytes(AbstractByteBuf.java:1132)
	at io.netty.channel.socket.nio.NioSocketChannel.doReadBytes(NioSocketChannel.java:350)
	at io.netty.channel.nio.AbstractNioByteChannel$NioByteUnsafe.read(AbstractNioByteChannel.java:151)
	at io.netty.channel.nio.NioEventLoop.processSelectedKey(NioEventLoop.java:722)
	at io.netty.channel.nio.NioEventLoop.processSelectedKeysOptimized(NioEventLoop.java:658)
	at io.netty.channel.nio.NioEventLoop.processSelectedKeys(NioEventLoop.java:584)
	at io.netty.channel.nio.NioEventLoop.run(NioEventLoop.java:496)
	at io.netty.util.concurrent.SingleThreadEventExecutor$4.run(SingleThreadEventExecutor.java:986)
	at io.netty.util.internal.ThreadExecutorMap$2.run(ThreadExecutorMap.java:74)
	at io.netty.util.concurrent.FastThreadLocalRunnable.run(FastThreadLocalRunnable.java:30)
	at java.base/java.lang.Thread.run(Thread.java:830)
10:10:15.123 [AsyncHttpClient-1-14] DEBUG org.asynchttpclient.netty.channel.ChannelManager - Closing Channel [id: 0xcc9bcfec, L:/127.0.0.1:55151 - R:localhost/127.0.0.1:62274] 
10:10:15.123 [AsyncHttpClient-1-14] DEBUG org.asynchttpclient.netty.handler.HttpHandler - Channel Closed: [id: 0xcc9bcfec, L:/127.0.0.1:55151 ! R:localhost/127.0.0.1:62274] with attribute DISCARD
]]></system-out>
    <system-err><![CDATA[1681096206769	geckodriver	INFO	Listening on 127.0.0.1:62274
1681096207249	mozrunner::runner	INFO	Running command: "C:\\Program Files\\Mozilla Firefox\\firefox.exe" "--marionette" "" "--remote-debugging-port" "63113" "--remote-allow-hosts" "localhost" "-no-remote" "-profile" "C:\\Users\\alwi\\AppData\\Local\\Temp\\rust_mozprofiletCZNmX"
console.warn: services.settings: Ignoring preference override of remote settings server
console.warn: services.settings: Allow by setting MOZ_REMOTE_SETTINGS_DEVTOOLS=1 in the environment
1681096207588	Marionette	INFO	Marionette enabled
Dynamically enable window occlusion 0
1681096207593	Marionette	INFO	Listening on port 55154
WebDriver BiDi listening on ws://127.0.0.1:63113
Read port: 55154
1681096207832	RemoteAgent	WARN	TLS certificate errors will be ignored for this session
console.warn: SearchSettings: "get: No settings file exists, new profile?" (new NotFoundError("Could not open the file at C:\\Users\\alwi\\AppData\\Local\\Temp\\rust_mozprofiletCZNmX\\search.json.mozlz4", (void 0)))
DevTools listening on ws://127.0.0.1:63113/devtools/browser/ab016acc-ba32-4047-8360-1bdf79f0384d
Apr 10, 2023 10:10:09 AM org.openqa.selenium.remote.ProtocolHandshake createSession
INFO: Detected dialect: W3C
JavaScript warning: https://www.uniqlo.com/Mx95Yd/biG/Wo_/8-IanA/Vu7EGJtwEh/el0ZAQ/aiE/QAlg7T10, line 1: unreachable code after return statement
JavaScript warning: https://www.uniqlo.com/Mx95Yd/biG/Wo_/8-IanA/Vu7EGJtwEh/el0ZAQ/aiE/QAlg7T10, line 1: WEBGL_debug_renderer_info is deprecated in Firefox and will be removed. Please use RENDERER.
JavaScript warning: https://www.uniqlo.com/id/elgnisolqinu.js?async&seed=AIAnG2mHAQAAp6_kQ-NvC4pDCvZJooQGzCoxcLZ3CqwiSlxvcp_1EokMlmcT&x-i1ysm4mm--z=q, line 1: WEBGL_debug_renderer_info is deprecated in Firefox and will be removed. Please use RENDERER.
1681096214205	Marionette	INFO	Stopped listening on port 55154
Dynamically enable window occlusion 1
WARNING: A blocker encountered an error while we were waiting.
          Blocker:  Waiting for ping task
          Phase: TelemetryController: Waiting for pending ping activity
          State: (none)
WARNING: Error: Phase "profile-before-change" is finished, it is too late to register completion condition "OS.File: flush I/O queued before profileBeforeChange"
WARNING: addBlocker@resource://gre/modules/AsyncShutdown.sys.mjs:727:15
addBlocker@resource://gre/modules/AsyncShutdown.sys.mjs:523:26
addBlocker@resource://gre/modules/AsyncShutdown.sys.mjs:458:15
setupShutdown@resource://gre/modules/osfile/osfile_async_front.jsm:1548:28
@resource://gre/modules/osfile/osfile_async_front.jsm:1568:16
@resource://gre/modules/osfile.jsm:12:30
@resource://gre/modules/TelemetryStorage.sys.mjs:10:28
_checkPendingPings@resource://gre/modules/TelemetrySend.sys.mjs:863:17
setup@resource://gre/modules/TelemetrySend.sys.mjs:803:18
setup@resource://gre/modules/TelemetrySend.sys.mjs:241:30
setupTelemetry/this._delayedInitTask<@resource://gre/modules/TelemetryControllerParent.sys.mjs:828:36
observe@resource://gre/modules/AsyncShutdown.sys.mjs:576:16

console.error: "TelemetryScheduler.shutdown - Already shut down"
WARNING: A blocker encountered an error while we were waiting.
          Blocker:  Waiting for ping task
          Phase: TelemetryController: Waiting for pending ping activity
          State: (none)
WARNING: Error: Phase "profile-before-change" is finished, it is too late to register completion condition "OS.File: flush I/O queued before profileBeforeChange"
WARNING: addBlocker@resource://gre/modules/AsyncShutdown.sys.mjs:727:15
addBlocker@resource://gre/modules/AsyncShutdown.sys.mjs:523:26
addBlocker@resource://gre/modules/AsyncShutdown.sys.mjs:458:15
setupShutdown@resource://gre/modules/osfile/osfile_async_front.jsm:1548:28
@resource://gre/modules/osfile/osfile_async_front.jsm:1568:16
@resource://gre/modules/osfile.jsm:12:30
@resource://gre/modules/TelemetryStorage.sys.mjs:10:28
_checkPendingPings@resource://gre/modules/TelemetrySend.sys.mjs:863:17
setup@resource://gre/modules/TelemetrySend.sys.mjs:803:18
setup@resource://gre/modules/TelemetrySend.sys.mjs:241:30
setupTelemetry/this._delayedInitTask<@resource://gre/modules/TelemetryControllerParent.sys.mjs:828:36
observe@resource://gre/modules/AsyncShutdown.sys.mjs:576:16

WARNING: A blocker encountered an error while we were waiting.
          Blocker:  Waiting for ping task
          Phase: TelemetryController: Waiting for pending ping activity
          State: (none)
WARNING: Error: Phase "profile-before-change" is finished, it is too late to register completion condition "OS.File: flush I/O queued before profileBeforeChange"
WARNING: addBlocker@resource://gre/modules/AsyncShutdown.sys.mjs:727:15
addBlocker@resource://gre/modules/AsyncShutdown.sys.mjs:523:26
addBlocker@resource://gre/modules/AsyncShutdown.sys.mjs:458:15
setupShutdown@resource://gre/modules/osfile/osfile_async_front.jsm:1548:28
@resource://gre/modules/osfile/osfile_async_front.jsm:1568:16
@resource://gre/modules/osfile.jsm:12:30
@resource://gre/modules/TelemetryStorage.sys.mjs:10:28
_checkPendingPings@resource://gre/modules/TelemetrySend.sys.mjs:863:17
setup@resource://gre/modules/TelemetrySend.sys.mjs:803:18
setup@resource://gre/modules/TelemetrySend.sys.mjs:241:30
setupTelemetry/this._delayedInitTask<@resource://gre/modules/TelemetryControllerParent.sys.mjs:828:36
observe@resource://gre/modules/AsyncShutdown.sys.mjs:576:16

WARNING: A blocker encountered an error while we were waiting.
          Blocker:  TelemetryController: shutting down
          Phase: profile-before-change-telemetry
          State: Error getting state: Error: Phase "profile-before-change" is finished, it is too late to register completion condition "OS.File: flush I/O queued before profileBeforeChange" at addBlocker@resource://gre/modules/AsyncShutdown.sys.mjs:727:15
addBlocker@resource://gre/modules/AsyncShutdown.sys.mjs:523:26
addBlocker@resource://gre/modules/AsyncShutdown.sys.mjs:458:15
setupShutdown@resource://gre/modules/osfile/osfile_async_front.jsm:1548:28
@resource://gre/modules/osfile/osfile_async_front.jsm:1568:16
@resource://gre/modules/osfile.jsm:12:30
@resource://gre/modules/TelemetryStorage.sys.mjs:10:28
_checkPendingPings@resource://gre/modules/TelemetrySend.sys.mjs:863:17
setup@resource://gre/modules/TelemetrySend.sys.mjs:803:18
setup@resource://gre/modules/TelemetrySend.sys.mjs:241:30
setupTelemetry/this._delayedInitTask<@resource://gre/modules/TelemetryControllerParent.sys.mjs:828:36
observe@resource://gre/modules/AsyncShutdown.sys.mjs:576:16

WARNING: Error: Phase "profile-before-change" is finished, it is too late to register completion condition "OS.File: flush I/O queued before profileBeforeChange"
WARNING: addBlocker@resource://gre/modules/AsyncShutdown.sys.mjs:727:15
addBlocker@resource://gre/modules/AsyncShutdown.sys.mjs:523:26
addBlocker@resource://gre/modules/AsyncShutdown.sys.mjs:458:15
setupShutdown@resource://gre/modules/osfile/osfile_async_front.jsm:1548:28
@resource://gre/modules/osfile/osfile_async_front.jsm:1568:16
@resource://gre/modules/osfile.jsm:12:30
@resource://gre/modules/TelemetryStorage.sys.mjs:10:28
_checkPendingPings@resource://gre/modules/TelemetrySend.sys.mjs:863:17
setup@resource://gre/modules/TelemetrySend.sys.mjs:803:18
setup@resource://gre/modules/TelemetrySend.sys.mjs:241:30
setupTelemetry/this._delayedInitTask<@resource://gre/modules/TelemetryControllerParent.sys.mjs:828:36
observe@resource://gre/modules/AsyncShutdown.sys.mjs:576:16

JavaScript error: resource://gre/modules/AsyncShutdown.sys.mjs, line 727: Error: Phase "profile-before-change" is finished, it is too late to register completion condition "OS.File: flush I/O queued before profileBeforeChange"
JavaScript error: resource://gre/modules/AsyncShutdown.sys.mjs, line 727: Error: Phase "profile-before-change" is finished, it is too late to register completion condition "OS.File: flush I/O queued before profileBeforeChange"
JavaScript error: resource://gre/modules/AsyncShutdown.sys.mjs, line 727: Error: Phase "profile-before-change" is finished, it is too late to register completion condition "OS.File: flush I/O queued before profileBeforeChange"
JavaScript error: resource://gre/modules/AsyncShutdown.sys.mjs, line 727: Error: Phase "profile-before-change" is finished, it is too late to register completion condition "OS.File: flush I/O queued before profileBeforeChange"
JavaScript error: resource://gre/modules/AsyncShutdown.sys.mjs, line 727: Error: Phase "profile-before-change" is finished, it is too late to register completion condition "OS.File: flush I/O queued before profileBeforeChange"
JavaScript error: resource://gre/modules/AsyncShutdown.sys.mjs, line 727: Error: Phase "profile-before-change" is finished, it is too late to register completion condition "OS.File: flush I/O queued before profileBeforeChange"
]]></system-err>
  </testcase>
  <testcase name="Fitur Menu Baby #15" classname="Baby" time="8.437">
    <system-out><![CDATA[
@baby
Scenario Outline: Fitur Menu Baby   &amp#27;[90m# src/test/resources/features/Baby.feature:27&amp#27;[0m
10:10:15.191 [main] INFO io.cucumber.core.plugin.SerenityReporter - Running feature from file:///C:/Users/alwi/IdeaProjects/uniqloweb/src/test/resources/features/Baby.feature
10:10:15.206 [main] INFO net.serenitybdd.core.webdriver.driverproviders.FirefoxDriverProvider - Using automatically driver download
10:10:15.219 [AsyncHttpClient-1-1] DEBUG org.asynchttpclient.netty.channel.DefaultChannelPool - Entry count for : http://localhost:62274 : 1
10:10:15.219 [AsyncHttpClient-1-1] DEBUG org.asynchttpclient.netty.channel.DefaultChannelPool - Adding Candidate expired Channel [id: 0xcc9bcfec, L:/127.0.0.1:55151 ! R:localhost/127.0.0.1:62274] isIdleTimeoutExpired=false isRemotelyClosed=true isTtlExpired=false
10:10:15.219 [AsyncHttpClient-1-1] DEBUG org.asynchttpclient.netty.channel.DefaultChannelPool - Closing Idle Channel [id: 0xcc9bcfec, L:/127.0.0.1:55151 ! R:localhost/127.0.0.1:62274]
10:10:15.219 [AsyncHttpClient-1-1] DEBUG org.asynchttpclient.netty.channel.DefaultChannelPool - Closed 1 connections out of 1 in 0 ms
10:10:15.318 [main] DEBUG io.github.bonigarcia.wdm.cache.ResolutionCache - Resolution firefox=111 in cache (valid until 10:32:56 10/04/2023 WIB)
10:10:15.321 [main] DEBUG io.github.bonigarcia.wdm.cache.ResolutionCache - Resolution firefox111=0.32.2 in cache (valid until 19:30:50 10/04/2023 WIB)
10:10:15.322 [main] INFO io.github.bonigarcia.wdm.WebDriverManager - Using geckodriver 0.32.2 (resolved driver for Firefox 111)
10:10:15.334 [main] DEBUG io.github.bonigarcia.wdm.WebDriverManager - Driver geckodriver 0.32.2 found in cache
10:10:15.334 [main] INFO io.github.bonigarcia.wdm.WebDriverManager - Exporting webdriver.gecko.driver as C:\Users\alwi\.cache\selenium\geckodriver\win64\0.32.2\geckodriver.exe
10:10:15.346 [main] DEBUG net.serenitybdd.core.webdriver.driverproviders.ProvideNewDriver - Instantiating driver
10:10:15.346 [main] DEBUG net.serenitybdd.core.webdriver.driverproviders.ProvideNewDriver - Driver capabilities: Capabilities {acceptInsecureCerts: true, browserName: firefox, moz:debuggerAddress: true, moz:firefoxOptions: {args: [], profile: UEsDBBQACAgIAEdRilYAAAAAAAA...}}
10:10:15.870 [AsyncHttpClient-1-16] DEBUG org.asynchttpclient.netty.channel.NettyConnectListener - Using new Channel '[id: 0xb7650e61, L:/127.0.0.1:55252 - R:localhost/127.0.0.1:57129]' for 'POST' to '/session'
10:10:18.056 [AsyncHttpClient-1-16] DEBUG org.asynchttpclient.netty.handler.HttpHandler - 

Request DefaultHttpRequest(decodeResult: success, version: HTTP/1.1)
POST /session HTTP/1.1
User-Agent: selenium/4.1.2 (java windows)
Content-Length: 3673
Content-Type: application/json; charset=utf-8
host: localhost:57129
accept: */*

Response DefaultHttpResponse(decodeResult: success, version: HTTP/1.1)
HTTP/1.1 200 OK
content-type: application/json; charset=utf-8
cache-control: no-cache
date: Mon, 10 Apr 2023 03:10:15 GMT
content-length: 790

10:10:18.056 [AsyncHttpClient-1-16] DEBUG org.asynchttpclient.netty.channel.ChannelManager - Adding key: http://localhost:57129 for channel [id: 0xb7650e61, L:/127.0.0.1:55252 - R:localhost/127.0.0.1:57129]
10:10:18.067 [AsyncHttpClient-1-17] DEBUG org.asynchttpclient.netty.channel.NettyConnectListener - Using new Channel '[id: 0xc8087a2a, L:/127.0.0.1:55265 - R:/127.0.0.1:57106]' for 'GET' to '/json/version'
10:10:18.077 [AsyncHttpClient-1-17] DEBUG org.asynchttpclient.netty.handler.HttpHandler - 

Request DefaultFullHttpRequest(decodeResult: success, version: HTTP/1.1, content: EmptyByteBufBE)
GET /json/version HTTP/1.1
User-Agent: selenium/4.1.2 (java windows)
host: 127.0.0.1:57106
accept: */*

Response DefaultHttpResponse(decodeResult: success, version: HTTP/1.1)
HTTP/1.1 200 OK
content-type: application/json
connection: close
server: httpd.js
date: Mon, 10 Apr 2023 03:10:18 GMT
content-length: 311

10:10:18.078 [AsyncHttpClient-1-17] DEBUG org.asynchttpclient.netty.channel.ChannelManager - Closing Channel [id: 0xc8087a2a, L:/127.0.0.1:55265 - R:/127.0.0.1:57106] 
10:10:18.078 [AsyncHttpClient-1-17] DEBUG org.asynchttpclient.netty.handler.HttpHandler - Channel Closed: [id: 0xc8087a2a, L:/127.0.0.1:55265 ! R:/127.0.0.1:57106] with attribute DISCARD
10:10:18.081 [Forwarding get on session d1eeb158-f915-4770-85ba-c7616b20f2d6 to remote] DEBUG org.asynchttpclient.netty.request.NettyRequestSender - Using pooled Channel '[id: 0xb7650e61, L:/127.0.0.1:55252 - R:localhost/127.0.0.1:57129]' for 'POST' to 'http://localhost:57129/session/d1eeb158-f915-4770-85ba-c7616b20f2d6/url'
10:10:18.081 [Forwarding get on session d1eeb158-f915-4770-85ba-c7616b20f2d6 to remote] DEBUG org.asynchttpclient.netty.request.NettyRequestSender - Using open Channel [id: 0xb7650e61, L:/127.0.0.1:55252 - R:localhost/127.0.0.1:57129] for POST '/session/d1eeb158-f915-4770-85ba-c7616b20f2d6/url'
10:10:19.830 [AsyncHttpClient-1-16] DEBUG org.asynchttpclient.netty.handler.HttpHandler - 

Request DefaultHttpRequest(decodeResult: success, version: HTTP/1.1)
POST /session/d1eeb158-f915-4770-85ba-c7616b20f2d6/url HTTP/1.1
User-Agent: selenium/4.1.2 (java windows)
Content-Length: 69
Content-Type: application/json; charset=utf-8
host: localhost:57129
accept: */*

Response DefaultHttpResponse(decodeResult: success, version: HTTP/1.1)
HTTP/1.1 200 OK
content-type: application/json; charset=utf-8
cache-control: no-cache
date: Mon, 10 Apr 2023 03:10:18 GMT
content-length: 14

10:10:19.830 [AsyncHttpClient-1-16] DEBUG org.asynchttpclient.netty.channel.ChannelManager - Adding key: http://localhost:57129 for channel [id: 0xb7650e61, L:/127.0.0.1:55252 - R:localhost/127.0.0.1:57129]
10:10:19.831 [Forwarding setTimeout on session d1eeb158-f915-4770-85ba-c7616b20f2d6 to remote] DEBUG org.asynchttpclient.netty.request.NettyRequestSender - Using pooled Channel '[id: 0xb7650e61, L:/127.0.0.1:55252 - R:localhost/127.0.0.1:57129]' for 'POST' to 'http://localhost:57129/session/d1eeb158-f915-4770-85ba-c7616b20f2d6/timeouts'
10:10:19.831 [Forwarding setTimeout on session d1eeb158-f915-4770-85ba-c7616b20f2d6 to remote] DEBUG org.asynchttpclient.netty.request.NettyRequestSender - Using open Channel [id: 0xb7650e61, L:/127.0.0.1:55252 - R:localhost/127.0.0.1:57129] for POST '/session/d1eeb158-f915-4770-85ba-c7616b20f2d6/timeouts'
10:10:19.833 [AsyncHttpClient-1-16] DEBUG org.asynchttpclient.netty.handler.HttpHandler - 

Request DefaultHttpRequest(decodeResult: success, version: HTTP/1.1)
POST /session/d1eeb158-f915-4770-85ba-c7616b20f2d6/timeouts HTTP/1.1
User-Agent: selenium/4.1.2 (java windows)
Content-Length: 22
Content-Type: application/json; charset=utf-8
host: localhost:57129
accept: */*

Response DefaultHttpResponse(decodeResult: success, version: HTTP/1.1)
HTTP/1.1 200 OK
content-type: application/json; charset=utf-8
cache-control: no-cache
date: Mon, 10 Apr 2023 03:10:19 GMT
content-length: 14

10:10:19.833 [AsyncHttpClient-1-16] DEBUG org.asynchttpclient.netty.channel.ChannelManager - Adding key: http://localhost:57129 for channel [id: 0xb7650e61, L:/127.0.0.1:55252 - R:localhost/127.0.0.1:57129]
10:10:19.836 [Forwarding getCurrentUrl on session d1eeb158-f915-4770-85ba-c7616b20f2d6 to remote] DEBUG org.asynchttpclient.netty.request.NettyRequestSender - Using pooled Channel '[id: 0xb7650e61, L:/127.0.0.1:55252 - R:localhost/127.0.0.1:57129]' for 'GET' to 'http://localhost:57129/session/d1eeb158-f915-4770-85ba-c7616b20f2d6/url'
10:10:19.836 [Forwarding getCurrentUrl on session d1eeb158-f915-4770-85ba-c7616b20f2d6 to remote] DEBUG org.asynchttpclient.netty.request.NettyRequestSender - Using open Channel [id: 0xb7650e61, L:/127.0.0.1:55252 - R:localhost/127.0.0.1:57129] for GET '/session/d1eeb158-f915-4770-85ba-c7616b20f2d6/url'
10:10:19.839 [AsyncHttpClient-1-16] DEBUG org.asynchttpclient.netty.handler.HttpHandler - 

Request DefaultFullHttpRequest(decodeResult: success, version: HTTP/1.1, content: EmptyByteBufBE)
GET /session/d1eeb158-f915-4770-85ba-c7616b20f2d6/url HTTP/1.1
User-Agent: selenium/4.1.2 (java windows)
Cache-Control: no-cache
Content-Type: application/json; charset=utf-8
host: localhost:57129
accept: */*

Response DefaultHttpResponse(decodeResult: success, version: HTTP/1.1)
HTTP/1.1 200 OK
content-type: application/json; charset=utf-8
cache-control: no-cache
date: Mon, 10 Apr 2023 03:10:19 GMT
content-length: 41

10:10:19.839 [AsyncHttpClient-1-16] DEBUG org.asynchttpclient.netty.channel.ChannelManager - Adding key: http://localhost:57129 for channel [id: 0xb7650e61, L:/127.0.0.1:55252 - R:localhost/127.0.0.1:57129]
  &amp#27;[32mGiven &amp#27;[0m&amp#27;[32mI am on the home page&amp#27;[0m       &amp#27;[90m# starter.stepdefinitions.BabyStep.iAmOnTheHomePage()&amp#27;[0m
10:10:19.844 [Forwarding screenshot on session d1eeb158-f915-4770-85ba-c7616b20f2d6 to remote] DEBUG org.asynchttpclient.netty.request.NettyRequestSender - Using pooled Channel '[id: 0xb7650e61, L:/127.0.0.1:55252 - R:localhost/127.0.0.1:57129]' for 'GET' to 'http://localhost:57129/session/d1eeb158-f915-4770-85ba-c7616b20f2d6/screenshot'
10:10:19.844 [Forwarding screenshot on session d1eeb158-f915-4770-85ba-c7616b20f2d6 to remote] DEBUG org.asynchttpclient.netty.request.NettyRequestSender - Using open Channel [id: 0xb7650e61, L:/127.0.0.1:55252 - R:localhost/127.0.0.1:57129] for GET '/session/d1eeb158-f915-4770-85ba-c7616b20f2d6/screenshot'
10:10:20.451 [AsyncHttpClient-1-16] DEBUG org.asynchttpclient.netty.handler.HttpHandler - 

Request DefaultFullHttpRequest(decodeResult: success, version: HTTP/1.1, content: EmptyByteBufBE)
GET /session/d1eeb158-f915-4770-85ba-c7616b20f2d6/screenshot HTTP/1.1
User-Agent: selenium/4.1.2 (java windows)
Cache-Control: no-cache
Content-Type: application/json; charset=utf-8
host: localhost:57129
accept: */*

Response DefaultHttpResponse(decodeResult: success, version: HTTP/1.1)
HTTP/1.1 200 OK
content-type: application/json; charset=utf-8
cache-control: no-cache
date: Mon, 10 Apr 2023 03:10:19 GMT
content-length: 104688

10:10:20.451 [AsyncHttpClient-1-16] DEBUG org.asynchttpclient.netty.channel.ChannelManager - Adding key: http://localhost:57129 for channel [id: 0xb7650e61, L:/127.0.0.1:55252 - R:localhost/127.0.0.1:57129]
10:10:20.456 [main] DEBUG net.serenitybdd.core.photography.Darkroom - Send negative for processing for target\site\serenity\ff2dd804923e3c5258b54be7fa316a40f671443e6dd67abc599224625498a61c.png
10:10:20.471 [Forwarding findElement on session d1eeb158-f915-4770-85ba-c7616b20f2d6 to remote] DEBUG org.asynchttpclient.netty.request.NettyRequestSender - Using pooled Channel '[id: 0xb7650e61, L:/127.0.0.1:55252 - R:localhost/127.0.0.1:57129]' for 'POST' to 'http://localhost:57129/session/d1eeb158-f915-4770-85ba-c7616b20f2d6/element'
10:10:20.471 [Forwarding findElement on session d1eeb158-f915-4770-85ba-c7616b20f2d6 to remote] DEBUG org.asynchttpclient.netty.request.NettyRequestSender - Using open Channel [id: 0xb7650e61, L:/127.0.0.1:55252 - R:localhost/127.0.0.1:57129] for POST '/session/d1eeb158-f915-4770-85ba-c7616b20f2d6/element'
10:10:20.548 [AsyncHttpClient-1-16] DEBUG org.asynchttpclient.netty.handler.HttpHandler - 

Request DefaultHttpRequest(decodeResult: success, version: HTTP/1.1)
POST /session/d1eeb158-f915-4770-85ba-c7616b20f2d6/element HTTP/1.1
User-Agent: selenium/4.1.2 (java windows)
Content-Length: 81
Content-Type: application/json; charset=utf-8
host: localhost:57129
accept: */*

Response DefaultHttpResponse(decodeResult: success, version: HTTP/1.1)
HTTP/1.1 200 OK
content-type: application/json; charset=utf-8
cache-control: no-cache
date: Mon, 10 Apr 2023 03:10:19 GMT
content-length: 88

10:10:20.548 [AsyncHttpClient-1-16] DEBUG org.asynchttpclient.netty.channel.ChannelManager - Adding key: http://localhost:57129 for channel [id: 0xb7650e61, L:/127.0.0.1:55252 - R:localhost/127.0.0.1:57129]
10:10:20.550 [Forwarding getElementTagName on session d1eeb158-f915-4770-85ba-c7616b20f2d6 to remote] DEBUG org.asynchttpclient.netty.request.NettyRequestSender - Using pooled Channel '[id: 0xb7650e61, L:/127.0.0.1:55252 - R:localhost/127.0.0.1:57129]' for 'GET' to 'http://localhost:57129/session/d1eeb158-f915-4770-85ba-c7616b20f2d6/element/0198de69-dd5d-4f66-8a24-190e2e6c4771/name'
10:10:20.551 [Forwarding getElementTagName on session d1eeb158-f915-4770-85ba-c7616b20f2d6 to remote] DEBUG org.asynchttpclient.netty.request.NettyRequestSender - Using open Channel [id: 0xb7650e61, L:/127.0.0.1:55252 - R:localhost/127.0.0.1:57129] for GET '/session/d1eeb158-f915-4770-85ba-c7616b20f2d6/element/0198de69-dd5d-4f66-8a24-190e2e6c4771/name'
10:10:20.604 [AsyncHttpClient-1-16] DEBUG org.asynchttpclient.netty.handler.HttpHandler - 

Request DefaultFullHttpRequest(decodeResult: success, version: HTTP/1.1, content: EmptyByteBufBE)
GET /session/d1eeb158-f915-4770-85ba-c7616b20f2d6/element/0198de69-dd5d-4f66-8a24-190e2e6c4771/name HTTP/1.1
User-Agent: selenium/4.1.2 (java windows)
Cache-Control: no-cache
Content-Type: application/json; charset=utf-8
host: localhost:57129
accept: */*

Response DefaultHttpResponse(decodeResult: success, version: HTTP/1.1)
HTTP/1.1 200 OK
content-type: application/json; charset=utf-8
cache-control: no-cache
date: Mon, 10 Apr 2023 03:10:19 GMT
content-length: 16

10:10:20.605 [AsyncHttpClient-1-16] DEBUG org.asynchttpclient.netty.channel.ChannelManager - Adding key: http://localhost:57129 for channel [id: 0xb7650e61, L:/127.0.0.1:55252 - R:localhost/127.0.0.1:57129]
10:10:20.606 [Forwarding getElementTagName on session d1eeb158-f915-4770-85ba-c7616b20f2d6 to remote] DEBUG org.asynchttpclient.netty.request.NettyRequestSender - Using pooled Channel '[id: 0xb7650e61, L:/127.0.0.1:55252 - R:localhost/127.0.0.1:57129]' for 'GET' to 'http://localhost:57129/session/d1eeb158-f915-4770-85ba-c7616b20f2d6/element/0198de69-dd5d-4f66-8a24-190e2e6c4771/name'
10:10:20.606 [Forwarding getElementTagName on session d1eeb158-f915-4770-85ba-c7616b20f2d6 to remote] DEBUG org.asynchttpclient.netty.request.NettyRequestSender - Using open Channel [id: 0xb7650e61, L:/127.0.0.1:55252 - R:localhost/127.0.0.1:57129] for GET '/session/d1eeb158-f915-4770-85ba-c7616b20f2d6/element/0198de69-dd5d-4f66-8a24-190e2e6c4771/name'
10:10:20.666 [AsyncHttpClient-1-16] DEBUG org.asynchttpclient.netty.handler.HttpHandler - 

Request DefaultFullHttpRequest(decodeResult: success, version: HTTP/1.1, content: EmptyByteBufBE)
GET /session/d1eeb158-f915-4770-85ba-c7616b20f2d6/element/0198de69-dd5d-4f66-8a24-190e2e6c4771/name HTTP/1.1
User-Agent: selenium/4.1.2 (java windows)
Cache-Control: no-cache
Content-Type: application/json; charset=utf-8
host: localhost:57129
accept: */*

Response DefaultHttpResponse(decodeResult: success, version: HTTP/1.1)
HTTP/1.1 200 OK
content-type: application/json; charset=utf-8
cache-control: no-cache
date: Mon, 10 Apr 2023 03:10:19 GMT
content-length: 16

10:10:20.666 [AsyncHttpClient-1-16] DEBUG org.asynchttpclient.netty.channel.ChannelManager - Adding key: http://localhost:57129 for channel [id: 0xb7650e61, L:/127.0.0.1:55252 - R:localhost/127.0.0.1:57129]
10:10:20.668 [Forwarding findElement on session d1eeb158-f915-4770-85ba-c7616b20f2d6 to remote] DEBUG org.asynchttpclient.netty.request.NettyRequestSender - Using pooled Channel '[id: 0xb7650e61, L:/127.0.0.1:55252 - R:localhost/127.0.0.1:57129]' for 'POST' to 'http://localhost:57129/session/d1eeb158-f915-4770-85ba-c7616b20f2d6/element'
10:10:20.668 [Forwarding findElement on session d1eeb158-f915-4770-85ba-c7616b20f2d6 to remote] DEBUG org.asynchttpclient.netty.request.NettyRequestSender - Using open Channel [id: 0xb7650e61, L:/127.0.0.1:55252 - R:localhost/127.0.0.1:57129] for POST '/session/d1eeb158-f915-4770-85ba-c7616b20f2d6/element'
10:10:20.677 [AsyncHttpClient-1-16] DEBUG org.asynchttpclient.netty.handler.HttpHandler - 

Request DefaultHttpRequest(decodeResult: success, version: HTTP/1.1)
POST /session/d1eeb158-f915-4770-85ba-c7616b20f2d6/element HTTP/1.1
User-Agent: selenium/4.1.2 (java windows)
Content-Length: 81
Content-Type: application/json; charset=utf-8
host: localhost:57129
accept: */*

Response DefaultHttpResponse(decodeResult: success, version: HTTP/1.1)
HTTP/1.1 200 OK
content-type: application/json; charset=utf-8
cache-control: no-cache
date: Mon, 10 Apr 2023 03:10:19 GMT
content-length: 88

10:10:20.677 [AsyncHttpClient-1-16] DEBUG org.asynchttpclient.netty.channel.ChannelManager - Adding key: http://localhost:57129 for channel [id: 0xb7650e61, L:/127.0.0.1:55252 - R:localhost/127.0.0.1:57129]
10:10:20.678 [Forwarding clickElement on session d1eeb158-f915-4770-85ba-c7616b20f2d6 to remote] DEBUG org.asynchttpclient.netty.request.NettyRequestSender - Using pooled Channel '[id: 0xb7650e61, L:/127.0.0.1:55252 - R:localhost/127.0.0.1:57129]' for 'POST' to 'http://localhost:57129/session/d1eeb158-f915-4770-85ba-c7616b20f2d6/element/0198de69-dd5d-4f66-8a24-190e2e6c4771/click'
10:10:20.678 [Forwarding clickElement on session d1eeb158-f915-4770-85ba-c7616b20f2d6 to remote] DEBUG org.asynchttpclient.netty.request.NettyRequestSender - Using open Channel [id: 0xb7650e61, L:/127.0.0.1:55252 - R:localhost/127.0.0.1:57129] for POST '/session/d1eeb158-f915-4770-85ba-c7616b20f2d6/element/0198de69-dd5d-4f66-8a24-190e2e6c4771/click'
10:10:21.520 [AsyncHttpClient-1-16] DEBUG org.asynchttpclient.netty.handler.HttpHandler - 

Request DefaultHttpRequest(decodeResult: success, version: HTTP/1.1)
POST /session/d1eeb158-f915-4770-85ba-c7616b20f2d6/element/0198de69-dd5d-4f66-8a24-190e2e6c4771/click HTTP/1.1
User-Agent: selenium/4.1.2 (java windows)
Content-Length: 50
Content-Type: application/json; charset=utf-8
host: localhost:57129
accept: */*

Response DefaultHttpResponse(decodeResult: success, version: HTTP/1.1)
HTTP/1.1 200 OK
content-type: application/json; charset=utf-8
cache-control: no-cache
date: Mon, 10 Apr 2023 03:10:19 GMT
content-length: 14

10:10:21.520 [AsyncHttpClient-1-16] DEBUG org.asynchttpclient.netty.channel.ChannelManager - Adding key: http://localhost:57129 for channel [id: 0xb7650e61, L:/127.0.0.1:55252 - R:localhost/127.0.0.1:57129]
  &amp#27;[32mThen &amp#27;[0m&amp#27;[32mI click baby on the header&amp#27;[0m   &amp#27;[90m# starter.stepdefinitions.BabyStep.iClickBabyOnTheHeader()&amp#27;[0m
10:10:21.529 [Forwarding screenshot on session d1eeb158-f915-4770-85ba-c7616b20f2d6 to remote] DEBUG org.asynchttpclient.netty.request.NettyRequestSender - Using pooled Channel '[id: 0xb7650e61, L:/127.0.0.1:55252 - R:localhost/127.0.0.1:57129]' for 'GET' to 'http://localhost:57129/session/d1eeb158-f915-4770-85ba-c7616b20f2d6/screenshot'
10:10:21.529 [Forwarding screenshot on session d1eeb158-f915-4770-85ba-c7616b20f2d6 to remote] DEBUG org.asynchttpclient.netty.request.NettyRequestSender - Using open Channel [id: 0xb7650e61, L:/127.0.0.1:55252 - R:localhost/127.0.0.1:57129] for GET '/session/d1eeb158-f915-4770-85ba-c7616b20f2d6/screenshot'
10:10:21.750 [AsyncHttpClient-1-16] DEBUG org.asynchttpclient.netty.handler.HttpHandler - 

Request DefaultFullHttpRequest(decodeResult: success, version: HTTP/1.1, content: EmptyByteBufBE)
GET /session/d1eeb158-f915-4770-85ba-c7616b20f2d6/screenshot HTTP/1.1
User-Agent: selenium/4.1.2 (java windows)
Cache-Control: no-cache
Content-Type: application/json; charset=utf-8
host: localhost:57129
accept: */*

Response DefaultHttpResponse(decodeResult: success, version: HTTP/1.1)
HTTP/1.1 200 OK
content-type: application/json; charset=utf-8
cache-control: no-cache
date: Mon, 10 Apr 2023 03:10:21 GMT
content-length: 98024

10:10:21.750 [AsyncHttpClient-1-16] DEBUG org.asynchttpclient.netty.channel.ChannelManager - Adding key: http://localhost:57129 for channel [id: 0xb7650e61, L:/127.0.0.1:55252 - R:localhost/127.0.0.1:57129]
10:10:21.753 [main] DEBUG net.serenitybdd.core.photography.Darkroom - Send negative for processing for target\site\serenity\bcb9a8d665d2c58a930e922f816fcc3ebc2aef855b882f3d531e7c9aa320b06d.png
10:10:21.763 [Forwarding findElement on session d1eeb158-f915-4770-85ba-c7616b20f2d6 to remote] DEBUG org.asynchttpclient.netty.request.NettyRequestSender - Using pooled Channel '[id: 0xb7650e61, L:/127.0.0.1:55252 - R:localhost/127.0.0.1:57129]' for 'POST' to 'http://localhost:57129/session/d1eeb158-f915-4770-85ba-c7616b20f2d6/element'
10:10:21.763 [Forwarding findElement on session d1eeb158-f915-4770-85ba-c7616b20f2d6 to remote] DEBUG org.asynchttpclient.netty.request.NettyRequestSender - Using open Channel [id: 0xb7650e61, L:/127.0.0.1:55252 - R:localhost/127.0.0.1:57129] for POST '/session/d1eeb158-f915-4770-85ba-c7616b20f2d6/element'
10:10:21.987 [AsyncHttpClient-1-16] DEBUG org.asynchttpclient.netty.handler.HttpHandler - 

Request DefaultHttpRequest(decodeResult: success, version: HTTP/1.1)
POST /session/d1eeb158-f915-4770-85ba-c7616b20f2d6/element HTTP/1.1
User-Agent: selenium/4.1.2 (java windows)
Content-Length: 109
Content-Type: application/json; charset=utf-8
host: localhost:57129
accept: */*

Response DefaultHttpResponse(decodeResult: success, version: HTTP/1.1)
HTTP/1.1 200 OK
content-type: application/json; charset=utf-8
cache-control: no-cache
date: Mon, 10 Apr 2023 03:10:21 GMT
content-length: 88

10:10:21.987 [AsyncHttpClient-1-16] DEBUG org.asynchttpclient.netty.channel.ChannelManager - Adding key: http://localhost:57129 for channel [id: 0xb7650e61, L:/127.0.0.1:55252 - R:localhost/127.0.0.1:57129]
10:10:21.989 [Forwarding getElementTagName on session d1eeb158-f915-4770-85ba-c7616b20f2d6 to remote] DEBUG org.asynchttpclient.netty.request.NettyRequestSender - Using pooled Channel '[id: 0xb7650e61, L:/127.0.0.1:55252 - R:localhost/127.0.0.1:57129]' for 'GET' to 'http://localhost:57129/session/d1eeb158-f915-4770-85ba-c7616b20f2d6/element/919a8e43-d502-49e0-be72-250a11333ceb/name'
10:10:21.989 [Forwarding getElementTagName on session d1eeb158-f915-4770-85ba-c7616b20f2d6 to remote] DEBUG org.asynchttpclient.netty.request.NettyRequestSender - Using open Channel [id: 0xb7650e61, L:/127.0.0.1:55252 - R:localhost/127.0.0.1:57129] for GET '/session/d1eeb158-f915-4770-85ba-c7616b20f2d6/element/919a8e43-d502-49e0-be72-250a11333ceb/name'
10:10:22.060 [AsyncHttpClient-1-16] DEBUG org.asynchttpclient.netty.handler.HttpHandler - 

Request DefaultFullHttpRequest(decodeResult: success, version: HTTP/1.1, content: EmptyByteBufBE)
GET /session/d1eeb158-f915-4770-85ba-c7616b20f2d6/element/919a8e43-d502-49e0-be72-250a11333ceb/name HTTP/1.1
User-Agent: selenium/4.1.2 (java windows)
Cache-Control: no-cache
Content-Type: application/json; charset=utf-8
host: localhost:57129
accept: */*

Response DefaultHttpResponse(decodeResult: success, version: HTTP/1.1)
HTTP/1.1 200 OK
content-type: application/json; charset=utf-8
cache-control: no-cache
date: Mon, 10 Apr 2023 03:10:21 GMT
content-length: 16

10:10:22.060 [AsyncHttpClient-1-16] DEBUG org.asynchttpclient.netty.channel.ChannelManager - Adding key: http://localhost:57129 for channel [id: 0xb7650e61, L:/127.0.0.1:55252 - R:localhost/127.0.0.1:57129]
10:10:22.062 [Forwarding getElementTagName on session d1eeb158-f915-4770-85ba-c7616b20f2d6 to remote] DEBUG org.asynchttpclient.netty.request.NettyRequestSender - Using pooled Channel '[id: 0xb7650e61, L:/127.0.0.1:55252 - R:localhost/127.0.0.1:57129]' for 'GET' to 'http://localhost:57129/session/d1eeb158-f915-4770-85ba-c7616b20f2d6/element/919a8e43-d502-49e0-be72-250a11333ceb/name'
10:10:22.062 [Forwarding getElementTagName on session d1eeb158-f915-4770-85ba-c7616b20f2d6 to remote] DEBUG org.asynchttpclient.netty.request.NettyRequestSender - Using open Channel [id: 0xb7650e61, L:/127.0.0.1:55252 - R:localhost/127.0.0.1:57129] for GET '/session/d1eeb158-f915-4770-85ba-c7616b20f2d6/element/919a8e43-d502-49e0-be72-250a11333ceb/name'
10:10:22.067 [AsyncHttpClient-1-16] DEBUG org.asynchttpclient.netty.handler.HttpHandler - 

Request DefaultFullHttpRequest(decodeResult: success, version: HTTP/1.1, content: EmptyByteBufBE)
GET /session/d1eeb158-f915-4770-85ba-c7616b20f2d6/element/919a8e43-d502-49e0-be72-250a11333ceb/name HTTP/1.1
User-Agent: selenium/4.1.2 (java windows)
Cache-Control: no-cache
Content-Type: application/json; charset=utf-8
host: localhost:57129
accept: */*

Response DefaultHttpResponse(decodeResult: success, version: HTTP/1.1)
HTTP/1.1 200 OK
content-type: application/json; charset=utf-8
cache-control: no-cache
date: Mon, 10 Apr 2023 03:10:21 GMT
content-length: 16

10:10:22.067 [AsyncHttpClient-1-16] DEBUG org.asynchttpclient.netty.channel.ChannelManager - Adding key: http://localhost:57129 for channel [id: 0xb7650e61, L:/127.0.0.1:55252 - R:localhost/127.0.0.1:57129]
10:10:22.069 [Forwarding findElement on session d1eeb158-f915-4770-85ba-c7616b20f2d6 to remote] DEBUG org.asynchttpclient.netty.request.NettyRequestSender - Using pooled Channel '[id: 0xb7650e61, L:/127.0.0.1:55252 - R:localhost/127.0.0.1:57129]' for 'POST' to 'http://localhost:57129/session/d1eeb158-f915-4770-85ba-c7616b20f2d6/element'
10:10:22.069 [Forwarding findElement on session d1eeb158-f915-4770-85ba-c7616b20f2d6 to remote] DEBUG org.asynchttpclient.netty.request.NettyRequestSender - Using open Channel [id: 0xb7650e61, L:/127.0.0.1:55252 - R:localhost/127.0.0.1:57129] for POST '/session/d1eeb158-f915-4770-85ba-c7616b20f2d6/element'
10:10:22.072 [AsyncHttpClient-1-16] DEBUG org.asynchttpclient.netty.handler.HttpHandler - 

Request DefaultHttpRequest(decodeResult: success, version: HTTP/1.1)
POST /session/d1eeb158-f915-4770-85ba-c7616b20f2d6/element HTTP/1.1
User-Agent: selenium/4.1.2 (java windows)
Content-Length: 109
Content-Type: application/json; charset=utf-8
host: localhost:57129
accept: */*

Response DefaultHttpResponse(decodeResult: success, version: HTTP/1.1)
HTTP/1.1 200 OK
content-type: application/json; charset=utf-8
cache-control: no-cache
date: Mon, 10 Apr 2023 03:10:21 GMT
content-length: 88

10:10:22.073 [AsyncHttpClient-1-16] DEBUG org.asynchttpclient.netty.channel.ChannelManager - Adding key: http://localhost:57129 for channel [id: 0xb7650e61, L:/127.0.0.1:55252 - R:localhost/127.0.0.1:57129]
10:10:22.074 [Forwarding clickElement on session d1eeb158-f915-4770-85ba-c7616b20f2d6 to remote] DEBUG org.asynchttpclient.netty.request.NettyRequestSender - Using pooled Channel '[id: 0xb7650e61, L:/127.0.0.1:55252 - R:localhost/127.0.0.1:57129]' for 'POST' to 'http://localhost:57129/session/d1eeb158-f915-4770-85ba-c7616b20f2d6/element/919a8e43-d502-49e0-be72-250a11333ceb/click'
10:10:22.074 [Forwarding clickElement on session d1eeb158-f915-4770-85ba-c7616b20f2d6 to remote] DEBUG org.asynchttpclient.netty.request.NettyRequestSender - Using open Channel [id: 0xb7650e61, L:/127.0.0.1:55252 - R:localhost/127.0.0.1:57129] for POST '/session/d1eeb158-f915-4770-85ba-c7616b20f2d6/element/919a8e43-d502-49e0-be72-250a11333ceb/click'
10:10:22.466 [AsyncHttpClient-1-16] DEBUG org.asynchttpclient.netty.handler.HttpHandler - 

Request DefaultHttpRequest(decodeResult: success, version: HTTP/1.1)
POST /session/d1eeb158-f915-4770-85ba-c7616b20f2d6/element/919a8e43-d502-49e0-be72-250a11333ceb/click HTTP/1.1
User-Agent: selenium/4.1.2 (java windows)
Content-Length: 50
Content-Type: application/json; charset=utf-8
host: localhost:57129
accept: */*

Response DefaultHttpResponse(decodeResult: success, version: HTTP/1.1)
HTTP/1.1 200 OK
content-type: application/json; charset=utf-8
cache-control: no-cache
date: Mon, 10 Apr 2023 03:10:21 GMT
content-length: 14

10:10:22.467 [AsyncHttpClient-1-16] DEBUG org.asynchttpclient.netty.channel.ChannelManager - Adding key: http://localhost:57129 for channel [id: 0xb7650e61, L:/127.0.0.1:55252 - R:localhost/127.0.0.1:57129]
  &amp#27;[32mWhen &amp#27;[0m&amp#27;[32mI will go to &amp#27;[0m&amp#27;[32m&amp#27;[1m"koleksiBalita"&amp#27;[0m &amp#27;[90m# starter.stepdefinitions.BabyStep.iWillGoTo(java.lang.String)&amp#27;[0m
10:10:22.471 [Forwarding screenshot on session d1eeb158-f915-4770-85ba-c7616b20f2d6 to remote] DEBUG org.asynchttpclient.netty.request.NettyRequestSender - Using pooled Channel '[id: 0xb7650e61, L:/127.0.0.1:55252 - R:localhost/127.0.0.1:57129]' for 'GET' to 'http://localhost:57129/session/d1eeb158-f915-4770-85ba-c7616b20f2d6/screenshot'
10:10:22.471 [Forwarding screenshot on session d1eeb158-f915-4770-85ba-c7616b20f2d6 to remote] DEBUG org.asynchttpclient.netty.request.NettyRequestSender - Using open Channel [id: 0xb7650e61, L:/127.0.0.1:55252 - R:localhost/127.0.0.1:57129] for GET '/session/d1eeb158-f915-4770-85ba-c7616b20f2d6/screenshot'
10:10:22.563 [AsyncHttpClient-1-16] DEBUG org.asynchttpclient.netty.handler.HttpHandler - 

Request DefaultFullHttpRequest(decodeResult: success, version: HTTP/1.1, content: EmptyByteBufBE)
GET /session/d1eeb158-f915-4770-85ba-c7616b20f2d6/screenshot HTTP/1.1
User-Agent: selenium/4.1.2 (java windows)
Cache-Control: no-cache
Content-Type: application/json; charset=utf-8
host: localhost:57129
accept: */*

Response DefaultHttpResponse(decodeResult: success, version: HTTP/1.1)
HTTP/1.1 200 OK
content-type: application/json; charset=utf-8
cache-control: no-cache
date: Mon, 10 Apr 2023 03:10:21 GMT
content-length: 97488

10:10:22.564 [AsyncHttpClient-1-16] DEBUG org.asynchttpclient.netty.channel.ChannelManager - Adding key: http://localhost:57129 for channel [id: 0xb7650e61, L:/127.0.0.1:55252 - R:localhost/127.0.0.1:57129]
10:10:22.567 [main] DEBUG net.serenitybdd.core.photography.Darkroom - Send negative for processing for target\site\serenity\ef60c00c63298b25f11f89865640b650e94ebf2de4091e15eab8357856f1f8bf.png
10:10:22.572 [Forwarding findElement on session d1eeb158-f915-4770-85ba-c7616b20f2d6 to remote] DEBUG org.asynchttpclient.netty.request.NettyRequestSender - Using pooled Channel '[id: 0xb7650e61, L:/127.0.0.1:55252 - R:localhost/127.0.0.1:57129]' for 'POST' to 'http://localhost:57129/session/d1eeb158-f915-4770-85ba-c7616b20f2d6/element'
10:10:22.573 [Forwarding findElement on session d1eeb158-f915-4770-85ba-c7616b20f2d6 to remote] DEBUG org.asynchttpclient.netty.request.NettyRequestSender - Using open Channel [id: 0xb7650e61, L:/127.0.0.1:55252 - R:localhost/127.0.0.1:57129] for POST '/session/d1eeb158-f915-4770-85ba-c7616b20f2d6/element'
10:10:22.644 [AsyncHttpClient-1-16] DEBUG org.asynchttpclient.netty.handler.HttpHandler - 

Request DefaultHttpRequest(decodeResult: success, version: HTTP/1.1)
POST /session/d1eeb158-f915-4770-85ba-c7616b20f2d6/element HTTP/1.1
User-Agent: selenium/4.1.2 (java windows)
Content-Length: 97
Content-Type: application/json; charset=utf-8
host: localhost:57129
accept: */*

Response DefaultHttpResponse(decodeResult: success, version: HTTP/1.1)
HTTP/1.1 200 OK
content-type: application/json; charset=utf-8
cache-control: no-cache
date: Mon, 10 Apr 2023 03:10:22 GMT
content-length: 88

10:10:22.644 [AsyncHttpClient-1-16] DEBUG org.asynchttpclient.netty.channel.ChannelManager - Adding key: http://localhost:57129 for channel [id: 0xb7650e61, L:/127.0.0.1:55252 - R:localhost/127.0.0.1:57129]
10:10:22.648 [Forwarding isElementDisplayed on session d1eeb158-f915-4770-85ba-c7616b20f2d6 to remote] DEBUG org.asynchttpclient.netty.request.NettyRequestSender - Using pooled Channel '[id: 0xb7650e61, L:/127.0.0.1:55252 - R:localhost/127.0.0.1:57129]' for 'POST' to 'http://localhost:57129/session/d1eeb158-f915-4770-85ba-c7616b20f2d6/execute/sync'
10:10:22.648 [Forwarding isElementDisplayed on session d1eeb158-f915-4770-85ba-c7616b20f2d6 to remote] DEBUG org.asynchttpclient.netty.request.NettyRequestSender - Using open Channel [id: 0xb7650e61, L:/127.0.0.1:55252 - R:localhost/127.0.0.1:57129] for POST '/session/d1eeb158-f915-4770-85ba-c7616b20f2d6/execute/sync'
10:10:22.666 [AsyncHttpClient-1-16] DEBUG org.asynchttpclient.netty.handler.HttpHandler - 

Request DefaultHttpRequest(decodeResult: success, version: HTTP/1.1)
POST /session/d1eeb158-f915-4770-85ba-c7616b20f2d6/execute/sync HTTP/1.1
User-Agent: selenium/4.1.2 (java windows)
Content-Length: 48780
Content-Type: application/json; charset=utf-8
host: localhost:57129
accept: */*

Response DefaultHttpResponse(decodeResult: success, version: HTTP/1.1)
HTTP/1.1 200 OK
content-type: application/json; charset=utf-8
cache-control: no-cache
date: Mon, 10 Apr 2023 03:10:22 GMT
content-length: 14

10:10:22.666 [AsyncHttpClient-1-16] DEBUG org.asynchttpclient.netty.channel.ChannelManager - Adding key: http://localhost:57129 for channel [id: 0xb7650e61, L:/127.0.0.1:55252 - R:localhost/127.0.0.1:57129]
  &amp#27;[32mAnd &amp#27;[0m&amp#27;[32mI &amp#27;[0m&amp#27;[32m&amp#27;[1m"txtKoleksiBalita"&amp#27;[0m&amp#27;[32m page&amp#27;[0m     &amp#27;[90m# starter.stepdefinitions.BabyStep.iPage(java.lang.String)&amp#27;[0m
10:10:22.670 [Forwarding screenshot on session d1eeb158-f915-4770-85ba-c7616b20f2d6 to remote] DEBUG org.asynchttpclient.netty.request.NettyRequestSender - Using pooled Channel '[id: 0xb7650e61, L:/127.0.0.1:55252 - R:localhost/127.0.0.1:57129]' for 'GET' to 'http://localhost:57129/session/d1eeb158-f915-4770-85ba-c7616b20f2d6/screenshot'
10:10:22.670 [Forwarding screenshot on session d1eeb158-f915-4770-85ba-c7616b20f2d6 to remote] DEBUG org.asynchttpclient.netty.request.NettyRequestSender - Using open Channel [id: 0xb7650e61, L:/127.0.0.1:55252 - R:localhost/127.0.0.1:57129] for GET '/session/d1eeb158-f915-4770-85ba-c7616b20f2d6/screenshot'
10:10:22.702 [AsyncHttpClient-1-16] DEBUG org.asynchttpclient.netty.handler.HttpHandler - 

Request DefaultFullHttpRequest(decodeResult: success, version: HTTP/1.1, content: EmptyByteBufBE)
GET /session/d1eeb158-f915-4770-85ba-c7616b20f2d6/screenshot HTTP/1.1
User-Agent: selenium/4.1.2 (java windows)
Cache-Control: no-cache
Content-Type: application/json; charset=utf-8
host: localhost:57129
accept: */*

Response DefaultHttpResponse(decodeResult: success, version: HTTP/1.1)
HTTP/1.1 200 OK
content-type: application/json; charset=utf-8
cache-control: no-cache
date: Mon, 10 Apr 2023 03:10:22 GMT
content-length: 78440

10:10:22.702 [AsyncHttpClient-1-16] DEBUG org.asynchttpclient.netty.channel.ChannelManager - Adding key: http://localhost:57129 for channel [id: 0xb7650e61, L:/127.0.0.1:55252 - R:localhost/127.0.0.1:57129]
10:10:22.706 [main] DEBUG net.serenitybdd.core.photography.Darkroom - Send negative for processing for target\site\serenity\759de28645379e463e9347406b6f65bfa1108a13ab73a36df1f2ede877571c4c.png
10:10:22.706 [Darkroom Processing Line] DEBUG net.serenitybdd.core.photography.DarkroomProcessingLine - Processing screenshot image in /var/screenshots/screenshot-9836777730498955478
10:10:22.706 [Darkroom Processing Line] DEBUG net.serenitybdd.core.photography.DarkroomProcessingLine - Saving screenshot to target\site\serenity\759de28645379e463e9347406b6f65bfa1108a13ab73a36df1f2ede877571c4c.png
10:10:22.714 [Driver Command Executor] DEBUG org.asynchttpclient.netty.request.NettyRequestSender - Using pooled Channel '[id: 0xb7650e61, L:/127.0.0.1:55252 - R:localhost/127.0.0.1:57129]' for 'DELETE' to 'http://localhost:57129/session/d1eeb158-f915-4770-85ba-c7616b20f2d6'
10:10:22.714 [Driver Command Executor] DEBUG org.asynchttpclient.netty.request.NettyRequestSender - Using open Channel [id: 0xb7650e61, L:/127.0.0.1:55252 - R:localhost/127.0.0.1:57129] for DELETE '/session/d1eeb158-f915-4770-85ba-c7616b20f2d6'
10:10:23.557 [AsyncHttpClient-1-16] DEBUG org.asynchttpclient.netty.handler.HttpHandler - 

Request DefaultFullHttpRequest(decodeResult: success, version: HTTP/1.1, content: EmptyByteBufBE)
DELETE /session/d1eeb158-f915-4770-85ba-c7616b20f2d6 HTTP/1.1
User-Agent: selenium/4.1.2 (java windows)
Content-Type: application/json; charset=utf-8
host: localhost:57129
accept: */*

Response DefaultHttpResponse(decodeResult: success, version: HTTP/1.1)
HTTP/1.1 200 OK
content-type: application/json; charset=utf-8
cache-control: no-cache
date: Mon, 10 Apr 2023 03:10:22 GMT
content-length: 14

10:10:23.557 [AsyncHttpClient-1-16] DEBUG org.asynchttpclient.netty.channel.ChannelManager - Adding key: http://localhost:57129 for channel [id: 0xb7650e61, L:/127.0.0.1:55252 - R:localhost/127.0.0.1:57129]
10:10:23.559 [AsyncHttpClient-1-16] DEBUG org.asynchttpclient.netty.handler.HttpHandler - Unexpected I/O exception on channel [id: 0xb7650e61, L:/127.0.0.1:55252 - R:localhost/127.0.0.1:57129]
java.net.SocketException: Connection reset
	at java.base/sun.nio.ch.SocketChannelImpl.throwConnectionReset(SocketChannelImpl.java:345)
	at java.base/sun.nio.ch.SocketChannelImpl.read(SocketChannelImpl.java:376)
	at io.netty.buffer.PooledByteBuf.setBytes(PooledByteBuf.java:258)
	at io.netty.buffer.AbstractByteBuf.writeBytes(AbstractByteBuf.java:1132)
	at io.netty.channel.socket.nio.NioSocketChannel.doReadBytes(NioSocketChannel.java:350)
	at io.netty.channel.nio.AbstractNioByteChannel$NioByteUnsafe.read(AbstractNioByteChannel.java:151)
	at io.netty.channel.nio.NioEventLoop.processSelectedKey(NioEventLoop.java:722)
	at io.netty.channel.nio.NioEventLoop.processSelectedKeysOptimized(NioEventLoop.java:658)
	at io.netty.channel.nio.NioEventLoop.processSelectedKeys(NioEventLoop.java:584)
	at io.netty.channel.nio.NioEventLoop.run(NioEventLoop.java:496)
	at io.netty.util.concurrent.SingleThreadEventExecutor$4.run(SingleThreadEventExecutor.java:986)
	at io.netty.util.internal.ThreadExecutorMap$2.run(ThreadExecutorMap.java:74)
	at io.netty.util.concurrent.FastThreadLocalRunnable.run(FastThreadLocalRunnable.java:30)
	at java.base/java.lang.Thread.run(Thread.java:830)
10:10:23.559 [AsyncHttpClient-1-16] DEBUG org.asynchttpclient.netty.channel.ChannelManager - Closing Channel [id: 0xb7650e61, L:/127.0.0.1:55252 - R:localhost/127.0.0.1:57129] 
10:10:23.560 [AsyncHttpClient-1-16] DEBUG org.asynchttpclient.netty.handler.HttpHandler - Channel Closed: [id: 0xb7650e61, L:/127.0.0.1:55252 ! R:localhost/127.0.0.1:57129] with attribute DISCARD
]]></system-out>
    <system-err><![CDATA[1681096215402	geckodriver	INFO	Listening on 127.0.0.1:57129
1681096215881	mozrunner::runner	INFO	Running command: "C:\\Program Files\\Mozilla Firefox\\firefox.exe" "--marionette" "" "--remote-debugging-port" "57106" "--remote-allow-hosts" "localhost" "-no-remote" "-profile" "C:\\Users\\alwi\\AppData\\Local\\Temp\\rust_mozprofile0I12uV"
console.warn: services.settings: Ignoring preference override of remote settings server
console.warn: services.settings: Allow by setting MOZ_REMOTE_SETTINGS_DEVTOOLS=1 in the environment
1681096216204	Marionette	INFO	Marionette enabled
Dynamically enable window occlusion 0
1681096216209	Marionette	INFO	Listening on port 55255
Read port: 55255
WebDriver BiDi listening on ws://127.0.0.1:57106
1681096216339	RemoteAgent	WARN	TLS certificate errors will be ignored for this session
console.warn: SearchSettings: "get: No settings file exists, new profile?" (new NotFoundError("Could not open the file at C:\\Users\\alwi\\AppData\\Local\\Temp\\rust_mozprofile0I12uV\\search.json.mozlz4", (void 0)))
DevTools listening on ws://127.0.0.1:57106/devtools/browser/cc31d0d7-bc9a-4e8c-b58e-fadcb88483e9
Apr 10, 2023 10:10:18 AM org.openqa.selenium.remote.ProtocolHandshake createSession
INFO: Detected dialect: W3C
JavaScript warning: https://www.uniqlo.com/Mx95Yd/biG/Wo_/8-IanA/Vu7EGJtwEh/el0ZAQ/aiE/QAlg7T10, line 1: unreachable code after return statement
JavaScript warning: https://www.uniqlo.com/Mx95Yd/biG/Wo_/8-IanA/Vu7EGJtwEh/el0ZAQ/aiE/QAlg7T10, line 1: WEBGL_debug_renderer_info is deprecated in Firefox and will be removed. Please use RENDERER.
JavaScript warning: https://www.uniqlo.com/id/elgnisolqinu.js?async&seed=AIAnG2mHAQAAp6_kQ-NvC4pDCvZJooQGzCoxcLZ3CqwiSlxvcp_1EokMlmcT&x-i1ysm4mm--z=q, line 1: WEBGL_debug_renderer_info is deprecated in Firefox and will be removed. Please use RENDERER.
1681096221282	Marionette	WARN	TimedPromise timed out after 500 ms: stacktrace:
TimedPromise/<@chrome://remote/content/marionette/sync.sys.mjs:219:24
TimedPromise@chrome://remote/content/marionette/sync.sys.mjs:204:10
interaction.flushEventLoop@chrome://remote/content/marionette/interaction.sys.mjs:425:10
webdriverClickElement@chrome://remote/content/marionette/interaction.sys.mjs:173:31
1681096222716	Marionette	INFO	Stopped listening on port 55255
Dynamically enable window occlusion 1
WARNING: A blocker encountered an error while we were waiting.
          Blocker:  Waiting for ping task
          Phase: TelemetryController: Waiting for pending ping activity
          State: (none)
WARNING: Error: Phase "profile-before-change" is finished, it is too late to register completion condition "OS.File: flush I/O queued before profileBeforeChange"
WARNING: addBlocker@resource://gre/modules/AsyncShutdown.sys.mjs:727:15
addBlocker@resource://gre/modules/AsyncShutdown.sys.mjs:523:26
addBlocker@resource://gre/modules/AsyncShutdown.sys.mjs:458:15
setupShutdown@resource://gre/modules/osfile/osfile_async_front.jsm:1548:28
@resource://gre/modules/osfile/osfile_async_front.jsm:1568:16
@resource://gre/modules/osfile.jsm:12:30
@resource://gre/modules/TelemetryStorage.sys.mjs:10:28
_checkPendingPings@resource://gre/modules/TelemetrySend.sys.mjs:863:17
setup@resource://gre/modules/TelemetrySend.sys.mjs:803:18
setup@resource://gre/modules/TelemetrySend.sys.mjs:241:30
setupTelemetry/this._delayedInitTask<@resource://gre/modules/TelemetryControllerParent.sys.mjs:828:36
observe@resource://gre/modules/AsyncShutdown.sys.mjs:576:16

console.error: "TelemetryScheduler.shutdown - Already shut down"
WARNING: A blocker encountered an error while we were waiting.
          Blocker:  Waiting for ping task
          Phase: TelemetryController: Waiting for pending ping activity
          State: (none)
WARNING: Error: Phase "profile-before-change" is finished, it is too late to register completion condition "OS.File: flush I/O queued before profileBeforeChange"
WARNING: addBlocker@resource://gre/modules/AsyncShutdown.sys.mjs:727:15
addBlocker@resource://gre/modules/AsyncShutdown.sys.mjs:523:26
addBlocker@resource://gre/modules/AsyncShutdown.sys.mjs:458:15
setupShutdown@resource://gre/modules/osfile/osfile_async_front.jsm:1548:28
@resource://gre/modules/osfile/osfile_async_front.jsm:1568:16
@resource://gre/modules/osfile.jsm:12:30
@resource://gre/modules/TelemetryStorage.sys.mjs:10:28
_checkPendingPings@resource://gre/modules/TelemetrySend.sys.mjs:863:17
setup@resource://gre/modules/TelemetrySend.sys.mjs:803:18
setup@resource://gre/modules/TelemetrySend.sys.mjs:241:30
setupTelemetry/this._delayedInitTask<@resource://gre/modules/TelemetryControllerParent.sys.mjs:828:36
observe@resource://gre/modules/AsyncShutdown.sys.mjs:576:16

WARNING: A blocker encountered an error while we were waiting.
          Blocker:  Waiting for ping task
          Phase: TelemetryController: Waiting for pending ping activity
          State: (none)
WARNING: Error: Phase "profile-before-change" is finished, it is too late to register completion condition "OS.File: flush I/O queued before profileBeforeChange"
WARNING: addBlocker@resource://gre/modules/AsyncShutdown.sys.mjs:727:15
addBlocker@resource://gre/modules/AsyncShutdown.sys.mjs:523:26
addBlocker@resource://gre/modules/AsyncShutdown.sys.mjs:458:15
setupShutdown@resource://gre/modules/osfile/osfile_async_front.jsm:1548:28
@resource://gre/modules/osfile/osfile_async_front.jsm:1568:16
@resource://gre/modules/osfile.jsm:12:30
@resource://gre/modules/TelemetryStorage.sys.mjs:10:28
_checkPendingPings@resource://gre/modules/TelemetrySend.sys.mjs:863:17
setup@resource://gre/modules/TelemetrySend.sys.mjs:803:18
setup@resource://gre/modules/TelemetrySend.sys.mjs:241:30
setupTelemetry/this._delayedInitTask<@resource://gre/modules/TelemetryControllerParent.sys.mjs:828:36
observe@resource://gre/modules/AsyncShutdown.sys.mjs:576:16

WARNING: A blocker encountered an error while we were waiting.
          Blocker:  TelemetryController: shutting down
          Phase: profile-before-change-telemetry
          State: Error getting state: Error: Phase "profile-before-change" is finished, it is too late to register completion condition "OS.File: flush I/O queued before profileBeforeChange" at addBlocker@resource://gre/modules/AsyncShutdown.sys.mjs:727:15
addBlocker@resource://gre/modules/AsyncShutdown.sys.mjs:523:26
addBlocker@resource://gre/modules/AsyncShutdown.sys.mjs:458:15
setupShutdown@resource://gre/modules/osfile/osfile_async_front.jsm:1548:28
@resource://gre/modules/osfile/osfile_async_front.jsm:1568:16
@resource://gre/modules/osfile.jsm:12:30
@resource://gre/modules/TelemetryStorage.sys.mjs:10:28
_checkPendingPings@resource://gre/modules/TelemetrySend.sys.mjs:863:17
setup@resource://gre/modules/TelemetrySend.sys.mjs:803:18
setup@resource://gre/modules/TelemetrySend.sys.mjs:241:30
setupTelemetry/this._delayedInitTask<@resource://gre/modules/TelemetryControllerParent.sys.mjs:828:36
observe@resource://gre/modules/AsyncShutdown.sys.mjs:576:16

WARNING: Error: Phase "profile-before-change" is finished, iJta viaSsc toripot  elrater toro:  rreegsoiusrtceer:// gcroem/mpoldeutleiso/nA scynocnSdhiuttdiown.osnys .m"jOsS, .liFniel e72:7 : flush I/OE rqroure:u ePdh absee f"porrofei lep-rboeffiolreeB-ecfhoanrgeeC"ha nisg ef"ini
sWhAeRNdIN,G : iatd dBilsoc tkoero@r elsouracet:e// grte/o rmoedguliesst/eArsy ncSchuotdomwnp.lsyes.tmjsi:7o27n:1 5c
oanddidBtloicokenr @r"eOsSo.uFriclee:: f/l/ugsre/hm oId/uOl eqsu/eAusedy nbceSfhourted opwnr.osfyisl.emBjefosr:e5C2h3a:n26ge
"ad
dBlocker@resource://Jagrvea/Smcriopt edrruolre:s /rAessyonucrSchuet:d/o/wgnr.e/msoydsu.lmjess:/4A5s8y:n1c5Sh
suetdtouwpnS.hsutydso.wmnj@sr,e sloiunrec e:7/2/7:g rEer/rmoord:u lPehsa/soes f"iplreo/filoes-fbielfeo_raes-ycnhca_nfgreo"n tis. jfsimn:i1s5h4e8d:,28 i
t@ riess otoo ulratcee: /t/og rree/gmiosdtuelre sc/ompolseftiiloen/ ocsfoinldei_taisoynn "cO_Sf.rFoinlte.:jsm:15 6f8:l1u6sh I/O queued 
b@reefsooruer cper:of//iglree/BmefoorduelCehsa/nogsef"il
eJ.jasmv:a1S2c:r3i0p
t@ reersroourr:c e:r/e/sgroeu/rmceod:/u/lgrees//mToedleumleetsr/yAStsoyrangceS.hsuytdosw.nm.jss:y1s0.:m2j8s
,_ clhience k7P2e7n:d iEngPirnrgosr@:r ePshase "profile-before-changoeu" isr cfei:/n/igsreh/emdo,d uiltes /iTesl teomeot rylSaetned .tsoy s.rmejgsi:863s:t17er
 scetoumpp@lreetsiouornc e:c//ognred/imtodioulnes /"TOeSle.mFeitrlyeS:e ndfl.suyss.hm jsI:/8O0 3q:u1e8ue
sde tbuepf@orrees ouprrceo:f/il/egrBee/fmooredCuhleas/nTgelee"met
rJyaSveanSdc.rsiysp.tmj s:2e4r1r:3o0r
:s reestouuprTelecmee:t/r/yg/rteh/imso.d_udleelsa/yAesdIynintcTaSshukt<@drowens.osuyrsce:./m/gjrse,/ mloidunlee s7/2T7e:l eEmertrryoCorn:t rPohlalesrePa r"epnrto.fsiylse.-mjbesf:o8r2e8:-3c6h
aonbgseer"v e@isr efsoiunrcies:h/e/gdre,/ moidtu ilse st/oAsoyn clSahutted otwon. sryesg.imsjst:e5r76 :c1o6m
ple
tion condition "OS.File: flush I/O queued before profileBeforeChange"
JavaScript error: resource://gre/modules/AsyncShutdown.sys.mjs, line 727: Error: Phase "profile-before-change" is finished, it is too late to register completion condition "OS.File: flush I/O queued before profileBeforeChange"
JavaScript error: resource://gre/modules/AsyncShutdown.sys.mjs, line 727: Error: Phase "profile-before-change" is finished, it is too late to register completion condition "OS.File: flush I/O queued before profileBeforeChange"
]]></system-err>
  </testcase>
  <testcase name="Fitur Menu Baby #16" classname="Baby" time="8.405">
    <system-out><![CDATA[
@baby
Scenario Outline: Fitur Menu Baby &amp#27;[90m# src/test/resources/features/Baby.feature:28&amp#27;[0m
10:10:23.627 [main] INFO io.cucumber.core.plugin.SerenityReporter - Running feature from file:///C:/Users/alwi/IdeaProjects/uniqloweb/src/test/resources/features/Baby.feature
10:10:23.637 [main] INFO net.serenitybdd.core.webdriver.driverproviders.FirefoxDriverProvider - Using automatically driver download
10:10:23.740 [main] DEBUG io.github.bonigarcia.wdm.cache.ResolutionCache - Resolution firefox=111 in cache (valid until 10:32:56 10/04/2023 WIB)
10:10:23.743 [main] DEBUG io.github.bonigarcia.wdm.cache.ResolutionCache - Resolution firefox111=0.32.2 in cache (valid until 19:30:50 10/04/2023 WIB)
10:10:23.745 [main] INFO io.github.bonigarcia.wdm.WebDriverManager - Using geckodriver 0.32.2 (resolved driver for Firefox 111)
10:10:23.762 [main] DEBUG io.github.bonigarcia.wdm.WebDriverManager - Driver geckodriver 0.32.2 found in cache
10:10:23.763 [main] INFO io.github.bonigarcia.wdm.WebDriverManager - Exporting webdriver.gecko.driver as C:\Users\alwi\.cache\selenium\geckodriver\win64\0.32.2\geckodriver.exe
10:10:23.778 [main] DEBUG net.serenitybdd.core.webdriver.driverproviders.ProvideNewDriver - Instantiating driver
10:10:23.778 [main] DEBUG net.serenitybdd.core.webdriver.driverproviders.ProvideNewDriver - Driver capabilities: Capabilities {acceptInsecureCerts: true, browserName: firefox, moz:debuggerAddress: true, moz:firefoxOptions: {args: [], profile: UEsDBBQACAgIAEtRilYAAAAAAAA...}}
10:10:24.020 [AsyncHttpClient-1-1] DEBUG org.asynchttpclient.netty.channel.DefaultChannelPool - Entry count for : http://localhost:57129 : 1
10:10:24.020 [AsyncHttpClient-1-1] DEBUG org.asynchttpclient.netty.channel.DefaultChannelPool - Adding Candidate expired Channel [id: 0xb7650e61, L:/127.0.0.1:55252 ! R:localhost/127.0.0.1:57129] isIdleTimeoutExpired=false isRemotelyClosed=true isTtlExpired=false
10:10:24.020 [AsyncHttpClient-1-1] DEBUG org.asynchttpclient.netty.channel.DefaultChannelPool - Closing Idle Channel [id: 0xb7650e61, L:/127.0.0.1:55252 ! R:localhost/127.0.0.1:57129]
10:10:24.020 [AsyncHttpClient-1-1] DEBUG org.asynchttpclient.netty.channel.DefaultChannelPool - Closed 1 connections out of 1 in 0 ms
10:10:24.314 [AsyncHttpClient-1-2] DEBUG org.asynchttpclient.netty.channel.NettyConnectListener - Using new Channel '[id: 0x700f5bb7, L:/127.0.0.1:55354 - R:localhost/127.0.0.1:51940]' for 'POST' to '/session'
10:10:26.652 [AsyncHttpClient-1-2] DEBUG org.asynchttpclient.netty.handler.HttpHandler - 

Request DefaultHttpRequest(decodeResult: success, version: HTTP/1.1)
POST /session HTTP/1.1
User-Agent: selenium/4.1.2 (java windows)
Content-Length: 3673
Content-Type: application/json; charset=utf-8
host: localhost:51940
accept: */*

Response DefaultHttpResponse(decodeResult: success, version: HTTP/1.1)
HTTP/1.1 200 OK
content-type: application/json; charset=utf-8
cache-control: no-cache
date: Mon, 10 Apr 2023 03:10:24 GMT
content-length: 790

10:10:26.652 [AsyncHttpClient-1-2] DEBUG org.asynchttpclient.netty.channel.ChannelManager - Adding key: http://localhost:51940 for channel [id: 0x700f5bb7, L:/127.0.0.1:55354 - R:localhost/127.0.0.1:51940]
10:10:26.659 [AsyncHttpClient-1-3] DEBUG org.asynchttpclient.netty.channel.NettyConnectListener - Using new Channel '[id: 0xfdda5630, L:/127.0.0.1:55372 - R:/127.0.0.1:51556]' for 'GET' to '/json/version'
10:10:26.662 [AsyncHttpClient-1-3] DEBUG org.asynchttpclient.netty.handler.HttpHandler - 

Request DefaultFullHttpRequest(decodeResult: success, version: HTTP/1.1, content: EmptyByteBufBE)
GET /json/version HTTP/1.1
User-Agent: selenium/4.1.2 (java windows)
host: 127.0.0.1:51556
accept: */*

Response DefaultHttpResponse(decodeResult: success, version: HTTP/1.1)
HTTP/1.1 200 OK
content-type: application/json
connection: close
server: httpd.js
date: Mon, 10 Apr 2023 03:10:26 GMT
content-length: 311

10:10:26.662 [AsyncHttpClient-1-3] DEBUG org.asynchttpclient.netty.channel.ChannelManager - Closing Channel [id: 0xfdda5630, L:/127.0.0.1:55372 - R:/127.0.0.1:51556] 
10:10:26.662 [AsyncHttpClient-1-3] DEBUG org.asynchttpclient.netty.handler.HttpHandler - Channel Closed: [id: 0xfdda5630, L:/127.0.0.1:55372 ! R:/127.0.0.1:51556] with attribute DISCARD
10:10:26.664 [Forwarding get on session b6cc5d17-25b9-4950-910c-b735ffe49b68 to remote] DEBUG org.asynchttpclient.netty.request.NettyRequestSender - Using pooled Channel '[id: 0x700f5bb7, L:/127.0.0.1:55354 - R:localhost/127.0.0.1:51940]' for 'POST' to 'http://localhost:51940/session/b6cc5d17-25b9-4950-910c-b735ffe49b68/url'
10:10:26.664 [Forwarding get on session b6cc5d17-25b9-4950-910c-b735ffe49b68 to remote] DEBUG org.asynchttpclient.netty.request.NettyRequestSender - Using open Channel [id: 0x700f5bb7, L:/127.0.0.1:55354 - R:localhost/127.0.0.1:51940] for POST '/session/b6cc5d17-25b9-4950-910c-b735ffe49b68/url'
10:10:28.350 [AsyncHttpClient-1-2] DEBUG org.asynchttpclient.netty.handler.HttpHandler - 

Request DefaultHttpRequest(decodeResult: success, version: HTTP/1.1)
POST /session/b6cc5d17-25b9-4950-910c-b735ffe49b68/url HTTP/1.1
User-Agent: selenium/4.1.2 (java windows)
Content-Length: 69
Content-Type: application/json; charset=utf-8
host: localhost:51940
accept: */*

Response DefaultHttpResponse(decodeResult: success, version: HTTP/1.1)
HTTP/1.1 200 OK
content-type: application/json; charset=utf-8
cache-control: no-cache
date: Mon, 10 Apr 2023 03:10:26 GMT
content-length: 14

10:10:28.350 [AsyncHttpClient-1-2] DEBUG org.asynchttpclient.netty.channel.ChannelManager - Adding key: http://localhost:51940 for channel [id: 0x700f5bb7, L:/127.0.0.1:55354 - R:localhost/127.0.0.1:51940]
10:10:28.351 [Forwarding setTimeout on session b6cc5d17-25b9-4950-910c-b735ffe49b68 to remote] DEBUG org.asynchttpclient.netty.request.NettyRequestSender - Using pooled Channel '[id: 0x700f5bb7, L:/127.0.0.1:55354 - R:localhost/127.0.0.1:51940]' for 'POST' to 'http://localhost:51940/session/b6cc5d17-25b9-4950-910c-b735ffe49b68/timeouts'
10:10:28.351 [Forwarding setTimeout on session b6cc5d17-25b9-4950-910c-b735ffe49b68 to remote] DEBUG org.asynchttpclient.netty.request.NettyRequestSender - Using open Channel [id: 0x700f5bb7, L:/127.0.0.1:55354 - R:localhost/127.0.0.1:51940] for POST '/session/b6cc5d17-25b9-4950-910c-b735ffe49b68/timeouts'
10:10:28.360 [AsyncHttpClient-1-2] DEBUG org.asynchttpclient.netty.handler.HttpHandler - 

Request DefaultHttpRequest(decodeResult: success, version: HTTP/1.1)
POST /session/b6cc5d17-25b9-4950-910c-b735ffe49b68/timeouts HTTP/1.1
User-Agent: selenium/4.1.2 (java windows)
Content-Length: 22
Content-Type: application/json; charset=utf-8
host: localhost:51940
accept: */*

Response DefaultHttpResponse(decodeResult: success, version: HTTP/1.1)
HTTP/1.1 200 OK
content-type: application/json; charset=utf-8
cache-control: no-cache
date: Mon, 10 Apr 2023 03:10:28 GMT
content-length: 14

10:10:28.360 [AsyncHttpClient-1-2] DEBUG org.asynchttpclient.netty.channel.ChannelManager - Adding key: http://localhost:51940 for channel [id: 0x700f5bb7, L:/127.0.0.1:55354 - R:localhost/127.0.0.1:51940]
10:10:28.363 [Forwarding getCurrentUrl on session b6cc5d17-25b9-4950-910c-b735ffe49b68 to remote] DEBUG org.asynchttpclient.netty.request.NettyRequestSender - Using pooled Channel '[id: 0x700f5bb7, L:/127.0.0.1:55354 - R:localhost/127.0.0.1:51940]' for 'GET' to 'http://localhost:51940/session/b6cc5d17-25b9-4950-910c-b735ffe49b68/url'
10:10:28.363 [Forwarding getCurrentUrl on session b6cc5d17-25b9-4950-910c-b735ffe49b68 to remote] DEBUG org.asynchttpclient.netty.request.NettyRequestSender - Using open Channel [id: 0x700f5bb7, L:/127.0.0.1:55354 - R:localhost/127.0.0.1:51940] for GET '/session/b6cc5d17-25b9-4950-910c-b735ffe49b68/url'
10:10:28.366 [AsyncHttpClient-1-2] DEBUG org.asynchttpclient.netty.handler.HttpHandler - 

Request DefaultFullHttpRequest(decodeResult: success, version: HTTP/1.1, content: EmptyByteBufBE)
GET /session/b6cc5d17-25b9-4950-910c-b735ffe49b68/url HTTP/1.1
User-Agent: selenium/4.1.2 (java windows)
Cache-Control: no-cache
Content-Type: application/json; charset=utf-8
host: localhost:51940
accept: */*

Response DefaultHttpResponse(decodeResult: success, version: HTTP/1.1)
HTTP/1.1 200 OK
content-type: application/json; charset=utf-8
cache-control: no-cache
date: Mon, 10 Apr 2023 03:10:28 GMT
content-length: 41

10:10:28.366 [AsyncHttpClient-1-2] DEBUG org.asynchttpclient.netty.channel.ChannelManager - Adding key: http://localhost:51940 for channel [id: 0x700f5bb7, L:/127.0.0.1:55354 - R:localhost/127.0.0.1:51940]
  &amp#27;[32mGiven &amp#27;[0m&amp#27;[32mI am on the home page&amp#27;[0m     &amp#27;[90m# starter.stepdefinitions.BabyStep.iAmOnTheHomePage()&amp#27;[0m
10:10:28.371 [Forwarding screenshot on session b6cc5d17-25b9-4950-910c-b735ffe49b68 to remote] DEBUG org.asynchttpclient.netty.request.NettyRequestSender - Using pooled Channel '[id: 0x700f5bb7, L:/127.0.0.1:55354 - R:localhost/127.0.0.1:51940]' for 'GET' to 'http://localhost:51940/session/b6cc5d17-25b9-4950-910c-b735ffe49b68/screenshot'
10:10:28.371 [Forwarding screenshot on session b6cc5d17-25b9-4950-910c-b735ffe49b68 to remote] DEBUG org.asynchttpclient.netty.request.NettyRequestSender - Using open Channel [id: 0x700f5bb7, L:/127.0.0.1:55354 - R:localhost/127.0.0.1:51940] for GET '/session/b6cc5d17-25b9-4950-910c-b735ffe49b68/screenshot'
10:10:29.042 [AsyncHttpClient-1-2] DEBUG org.asynchttpclient.netty.handler.HttpHandler - 

Request DefaultFullHttpRequest(decodeResult: success, version: HTTP/1.1, content: EmptyByteBufBE)
GET /session/b6cc5d17-25b9-4950-910c-b735ffe49b68/screenshot HTTP/1.1
User-Agent: selenium/4.1.2 (java windows)
Cache-Control: no-cache
Content-Type: application/json; charset=utf-8
host: localhost:51940
accept: */*

Response DefaultHttpResponse(decodeResult: success, version: HTTP/1.1)
HTTP/1.1 200 OK
content-type: application/json; charset=utf-8
cache-control: no-cache
date: Mon, 10 Apr 2023 03:10:28 GMT
content-length: 102292

10:10:29.042 [AsyncHttpClient-1-2] DEBUG org.asynchttpclient.netty.channel.ChannelManager - Adding key: http://localhost:51940 for channel [id: 0x700f5bb7, L:/127.0.0.1:55354 - R:localhost/127.0.0.1:51940]
10:10:29.046 [main] DEBUG net.serenitybdd.core.photography.Darkroom - Send negative for processing for target\site\serenity\8a0c8bc2dbf42a46aae3cd1beaa455337d476816f85a827b12453669e5ebd143.png
10:10:29.058 [Forwarding findElement on session b6cc5d17-25b9-4950-910c-b735ffe49b68 to remote] DEBUG org.asynchttpclient.netty.request.NettyRequestSender - Using pooled Channel '[id: 0x700f5bb7, L:/127.0.0.1:55354 - R:localhost/127.0.0.1:51940]' for 'POST' to 'http://localhost:51940/session/b6cc5d17-25b9-4950-910c-b735ffe49b68/element'
10:10:29.058 [Forwarding findElement on session b6cc5d17-25b9-4950-910c-b735ffe49b68 to remote] DEBUG org.asynchttpclient.netty.request.NettyRequestSender - Using open Channel [id: 0x700f5bb7, L:/127.0.0.1:55354 - R:localhost/127.0.0.1:51940] for POST '/session/b6cc5d17-25b9-4950-910c-b735ffe49b68/element'
10:10:29.133 [AsyncHttpClient-1-2] DEBUG org.asynchttpclient.netty.handler.HttpHandler - 

Request DefaultHttpRequest(decodeResult: success, version: HTTP/1.1)
POST /session/b6cc5d17-25b9-4950-910c-b735ffe49b68/element HTTP/1.1
User-Agent: selenium/4.1.2 (java windows)
Content-Length: 81
Content-Type: application/json; charset=utf-8
host: localhost:51940
accept: */*

Response DefaultHttpResponse(decodeResult: success, version: HTTP/1.1)
HTTP/1.1 200 OK
content-type: application/json; charset=utf-8
cache-control: no-cache
date: Mon, 10 Apr 2023 03:10:28 GMT
content-length: 88

10:10:29.133 [AsyncHttpClient-1-2] DEBUG org.asynchttpclient.netty.channel.ChannelManager - Adding key: http://localhost:51940 for channel [id: 0x700f5bb7, L:/127.0.0.1:55354 - R:localhost/127.0.0.1:51940]
10:10:29.135 [Forwarding getElementTagName on session b6cc5d17-25b9-4950-910c-b735ffe49b68 to remote] DEBUG org.asynchttpclient.netty.request.NettyRequestSender - Using pooled Channel '[id: 0x700f5bb7, L:/127.0.0.1:55354 - R:localhost/127.0.0.1:51940]' for 'GET' to 'http://localhost:51940/session/b6cc5d17-25b9-4950-910c-b735ffe49b68/element/bbaac09b-3973-4b98-830b-9abd502edad1/name'
10:10:29.135 [Forwarding getElementTagName on session b6cc5d17-25b9-4950-910c-b735ffe49b68 to remote] DEBUG org.asynchttpclient.netty.request.NettyRequestSender - Using open Channel [id: 0x700f5bb7, L:/127.0.0.1:55354 - R:localhost/127.0.0.1:51940] for GET '/session/b6cc5d17-25b9-4950-910c-b735ffe49b68/element/bbaac09b-3973-4b98-830b-9abd502edad1/name'
10:10:29.142 [AsyncHttpClient-1-2] DEBUG org.asynchttpclient.netty.handler.HttpHandler - 

Request DefaultFullHttpRequest(decodeResult: success, version: HTTP/1.1, content: EmptyByteBufBE)
GET /session/b6cc5d17-25b9-4950-910c-b735ffe49b68/element/bbaac09b-3973-4b98-830b-9abd502edad1/name HTTP/1.1
User-Agent: selenium/4.1.2 (java windows)
Cache-Control: no-cache
Content-Type: application/json; charset=utf-8
host: localhost:51940
accept: */*

Response DefaultHttpResponse(decodeResult: success, version: HTTP/1.1)
HTTP/1.1 200 OK
content-type: application/json; charset=utf-8
cache-control: no-cache
date: Mon, 10 Apr 2023 03:10:28 GMT
content-length: 16

10:10:29.142 [AsyncHttpClient-1-2] DEBUG org.asynchttpclient.netty.channel.ChannelManager - Adding key: http://localhost:51940 for channel [id: 0x700f5bb7, L:/127.0.0.1:55354 - R:localhost/127.0.0.1:51940]
10:10:29.143 [Forwarding getElementTagName on session b6cc5d17-25b9-4950-910c-b735ffe49b68 to remote] DEBUG org.asynchttpclient.netty.request.NettyRequestSender - Using pooled Channel '[id: 0x700f5bb7, L:/127.0.0.1:55354 - R:localhost/127.0.0.1:51940]' for 'GET' to 'http://localhost:51940/session/b6cc5d17-25b9-4950-910c-b735ffe49b68/element/bbaac09b-3973-4b98-830b-9abd502edad1/name'
10:10:29.143 [Forwarding getElementTagName on session b6cc5d17-25b9-4950-910c-b735ffe49b68 to remote] DEBUG org.asynchttpclient.netty.request.NettyRequestSender - Using open Channel [id: 0x700f5bb7, L:/127.0.0.1:55354 - R:localhost/127.0.0.1:51940] for GET '/session/b6cc5d17-25b9-4950-910c-b735ffe49b68/element/bbaac09b-3973-4b98-830b-9abd502edad1/name'
10:10:29.156 [AsyncHttpClient-1-2] DEBUG org.asynchttpclient.netty.handler.HttpHandler - 

Request DefaultFullHttpRequest(decodeResult: success, version: HTTP/1.1, content: EmptyByteBufBE)
GET /session/b6cc5d17-25b9-4950-910c-b735ffe49b68/element/bbaac09b-3973-4b98-830b-9abd502edad1/name HTTP/1.1
User-Agent: selenium/4.1.2 (java windows)
Cache-Control: no-cache
Content-Type: application/json; charset=utf-8
host: localhost:51940
accept: */*

Response DefaultHttpResponse(decodeResult: success, version: HTTP/1.1)
HTTP/1.1 200 OK
content-type: application/json; charset=utf-8
cache-control: no-cache
date: Mon, 10 Apr 2023 03:10:28 GMT
content-length: 16

10:10:29.156 [AsyncHttpClient-1-2] DEBUG org.asynchttpclient.netty.channel.ChannelManager - Adding key: http://localhost:51940 for channel [id: 0x700f5bb7, L:/127.0.0.1:55354 - R:localhost/127.0.0.1:51940]
10:10:29.158 [Forwarding findElement on session b6cc5d17-25b9-4950-910c-b735ffe49b68 to remote] DEBUG org.asynchttpclient.netty.request.NettyRequestSender - Using pooled Channel '[id: 0x700f5bb7, L:/127.0.0.1:55354 - R:localhost/127.0.0.1:51940]' for 'POST' to 'http://localhost:51940/session/b6cc5d17-25b9-4950-910c-b735ffe49b68/element'
10:10:29.158 [Forwarding findElement on session b6cc5d17-25b9-4950-910c-b735ffe49b68 to remote] DEBUG org.asynchttpclient.netty.request.NettyRequestSender - Using open Channel [id: 0x700f5bb7, L:/127.0.0.1:55354 - R:localhost/127.0.0.1:51940] for POST '/session/b6cc5d17-25b9-4950-910c-b735ffe49b68/element'
10:10:29.178 [AsyncHttpClient-1-2] DEBUG org.asynchttpclient.netty.handler.HttpHandler - 

Request DefaultHttpRequest(decodeResult: success, version: HTTP/1.1)
POST /session/b6cc5d17-25b9-4950-910c-b735ffe49b68/element HTTP/1.1
User-Agent: selenium/4.1.2 (java windows)
Content-Length: 81
Content-Type: application/json; charset=utf-8
host: localhost:51940
accept: */*

Response DefaultHttpResponse(decodeResult: success, version: HTTP/1.1)
HTTP/1.1 200 OK
content-type: application/json; charset=utf-8
cache-control: no-cache
date: Mon, 10 Apr 2023 03:10:28 GMT
content-length: 88

10:10:29.178 [AsyncHttpClient-1-2] DEBUG org.asynchttpclient.netty.channel.ChannelManager - Adding key: http://localhost:51940 for channel [id: 0x700f5bb7, L:/127.0.0.1:55354 - R:localhost/127.0.0.1:51940]
10:10:29.180 [Forwarding clickElement on session b6cc5d17-25b9-4950-910c-b735ffe49b68 to remote] DEBUG org.asynchttpclient.netty.request.NettyRequestSender - Using pooled Channel '[id: 0x700f5bb7, L:/127.0.0.1:55354 - R:localhost/127.0.0.1:51940]' for 'POST' to 'http://localhost:51940/session/b6cc5d17-25b9-4950-910c-b735ffe49b68/element/bbaac09b-3973-4b98-830b-9abd502edad1/click'
10:10:29.180 [Forwarding clickElement on session b6cc5d17-25b9-4950-910c-b735ffe49b68 to remote] DEBUG org.asynchttpclient.netty.request.NettyRequestSender - Using open Channel [id: 0x700f5bb7, L:/127.0.0.1:55354 - R:localhost/127.0.0.1:51940] for POST '/session/b6cc5d17-25b9-4950-910c-b735ffe49b68/element/bbaac09b-3973-4b98-830b-9abd502edad1/click'
10:10:29.776 [AsyncHttpClient-1-2] DEBUG org.asynchttpclient.netty.handler.HttpHandler - 

Request DefaultHttpRequest(decodeResult: success, version: HTTP/1.1)
POST /session/b6cc5d17-25b9-4950-910c-b735ffe49b68/element/bbaac09b-3973-4b98-830b-9abd502edad1/click HTTP/1.1
User-Agent: selenium/4.1.2 (java windows)
Content-Length: 50
Content-Type: application/json; charset=utf-8
host: localhost:51940
accept: */*

Response DefaultHttpResponse(decodeResult: success, version: HTTP/1.1)
HTTP/1.1 200 OK
content-type: application/json; charset=utf-8
cache-control: no-cache
date: Mon, 10 Apr 2023 03:10:28 GMT
content-length: 14

10:10:29.776 [AsyncHttpClient-1-2] DEBUG org.asynchttpclient.netty.channel.ChannelManager - Adding key: http://localhost:51940 for channel [id: 0x700f5bb7, L:/127.0.0.1:55354 - R:localhost/127.0.0.1:51940]
  &amp#27;[32mThen &amp#27;[0m&amp#27;[32mI click baby on the header&amp#27;[0m &amp#27;[90m# starter.stepdefinitions.BabyStep.iClickBabyOnTheHeader()&amp#27;[0m
10:10:29.785 [Forwarding screenshot on session b6cc5d17-25b9-4950-910c-b735ffe49b68 to remote] DEBUG org.asynchttpclient.netty.request.NettyRequestSender - Using pooled Channel '[id: 0x700f5bb7, L:/127.0.0.1:55354 - R:localhost/127.0.0.1:51940]' for 'GET' to 'http://localhost:51940/session/b6cc5d17-25b9-4950-910c-b735ffe49b68/screenshot'
10:10:29.785 [Forwarding screenshot on session b6cc5d17-25b9-4950-910c-b735ffe49b68 to remote] DEBUG org.asynchttpclient.netty.request.NettyRequestSender - Using open Channel [id: 0x700f5bb7, L:/127.0.0.1:55354 - R:localhost/127.0.0.1:51940] for GET '/session/b6cc5d17-25b9-4950-910c-b735ffe49b68/screenshot'
10:10:29.991 [AsyncHttpClient-1-2] DEBUG org.asynchttpclient.netty.handler.HttpHandler - 

Request DefaultFullHttpRequest(decodeResult: success, version: HTTP/1.1, content: EmptyByteBufBE)
GET /session/b6cc5d17-25b9-4950-910c-b735ffe49b68/screenshot HTTP/1.1
User-Agent: selenium/4.1.2 (java windows)
Cache-Control: no-cache
Content-Type: application/json; charset=utf-8
host: localhost:51940
accept: */*

Response DefaultHttpResponse(decodeResult: success, version: HTTP/1.1)
HTTP/1.1 200 OK
content-type: application/json; charset=utf-8
cache-control: no-cache
date: Mon, 10 Apr 2023 03:10:29 GMT
content-length: 98024

10:10:29.991 [AsyncHttpClient-1-2] DEBUG org.asynchttpclient.netty.channel.ChannelManager - Adding key: http://localhost:51940 for channel [id: 0x700f5bb7, L:/127.0.0.1:55354 - R:localhost/127.0.0.1:51940]
10:10:29.996 [main] DEBUG net.serenitybdd.core.photography.Darkroom - Send negative for processing for target\site\serenity\bcb9a8d665d2c58a930e922f816fcc3ebc2aef855b882f3d531e7c9aa320b06d.png
10:10:30.005 [Forwarding findElement on session b6cc5d17-25b9-4950-910c-b735ffe49b68 to remote] DEBUG org.asynchttpclient.netty.request.NettyRequestSender - Using pooled Channel '[id: 0x700f5bb7, L:/127.0.0.1:55354 - R:localhost/127.0.0.1:51940]' for 'POST' to 'http://localhost:51940/session/b6cc5d17-25b9-4950-910c-b735ffe49b68/element'
10:10:30.005 [Forwarding findElement on session b6cc5d17-25b9-4950-910c-b735ffe49b68 to remote] DEBUG org.asynchttpclient.netty.request.NettyRequestSender - Using open Channel [id: 0x700f5bb7, L:/127.0.0.1:55354 - R:localhost/127.0.0.1:51940] for POST '/session/b6cc5d17-25b9-4950-910c-b735ffe49b68/element'
10:10:30.052 [AsyncHttpClient-1-2] DEBUG org.asynchttpclient.netty.handler.HttpHandler - 

Request DefaultHttpRequest(decodeResult: success, version: HTTP/1.1)
POST /session/b6cc5d17-25b9-4950-910c-b735ffe49b68/element HTTP/1.1
User-Agent: selenium/4.1.2 (java windows)
Content-Length: 104
Content-Type: application/json; charset=utf-8
host: localhost:51940
accept: */*

Response DefaultHttpResponse(decodeResult: success, version: HTTP/1.1)
HTTP/1.1 200 OK
content-type: application/json; charset=utf-8
cache-control: no-cache
date: Mon, 10 Apr 2023 03:10:29 GMT
content-length: 88

10:10:30.052 [AsyncHttpClient-1-2] DEBUG org.asynchttpclient.netty.channel.ChannelManager - Adding key: http://localhost:51940 for channel [id: 0x700f5bb7, L:/127.0.0.1:55354 - R:localhost/127.0.0.1:51940]
10:10:30.054 [Forwarding getElementTagName on session b6cc5d17-25b9-4950-910c-b735ffe49b68 to remote] DEBUG org.asynchttpclient.netty.request.NettyRequestSender - Using pooled Channel '[id: 0x700f5bb7, L:/127.0.0.1:55354 - R:localhost/127.0.0.1:51940]' for 'GET' to 'http://localhost:51940/session/b6cc5d17-25b9-4950-910c-b735ffe49b68/element/eaff352e-1dbc-48af-a38e-ef329c036ca0/name'
10:10:30.054 [Forwarding getElementTagName on session b6cc5d17-25b9-4950-910c-b735ffe49b68 to remote] DEBUG org.asynchttpclient.netty.request.NettyRequestSender - Using open Channel [id: 0x700f5bb7, L:/127.0.0.1:55354 - R:localhost/127.0.0.1:51940] for GET '/session/b6cc5d17-25b9-4950-910c-b735ffe49b68/element/eaff352e-1dbc-48af-a38e-ef329c036ca0/name'
10:10:30.178 [AsyncHttpClient-1-2] DEBUG org.asynchttpclient.netty.handler.HttpHandler - 

Request DefaultFullHttpRequest(decodeResult: success, version: HTTP/1.1, content: EmptyByteBufBE)
GET /session/b6cc5d17-25b9-4950-910c-b735ffe49b68/element/eaff352e-1dbc-48af-a38e-ef329c036ca0/name HTTP/1.1
User-Agent: selenium/4.1.2 (java windows)
Cache-Control: no-cache
Content-Type: application/json; charset=utf-8
host: localhost:51940
accept: */*

Response DefaultHttpResponse(decodeResult: success, version: HTTP/1.1)
HTTP/1.1 200 OK
content-type: application/json; charset=utf-8
cache-control: no-cache
date: Mon, 10 Apr 2023 03:10:29 GMT
content-length: 16

10:10:30.178 [AsyncHttpClient-1-2] DEBUG org.asynchttpclient.netty.channel.ChannelManager - Adding key: http://localhost:51940 for channel [id: 0x700f5bb7, L:/127.0.0.1:55354 - R:localhost/127.0.0.1:51940]
10:10:30.180 [Forwarding getElementTagName on session b6cc5d17-25b9-4950-910c-b735ffe49b68 to remote] DEBUG org.asynchttpclient.netty.request.NettyRequestSender - Using pooled Channel '[id: 0x700f5bb7, L:/127.0.0.1:55354 - R:localhost/127.0.0.1:51940]' for 'GET' to 'http://localhost:51940/session/b6cc5d17-25b9-4950-910c-b735ffe49b68/element/eaff352e-1dbc-48af-a38e-ef329c036ca0/name'
10:10:30.180 [Forwarding getElementTagName on session b6cc5d17-25b9-4950-910c-b735ffe49b68 to remote] DEBUG org.asynchttpclient.netty.request.NettyRequestSender - Using open Channel [id: 0x700f5bb7, L:/127.0.0.1:55354 - R:localhost/127.0.0.1:51940] for GET '/session/b6cc5d17-25b9-4950-910c-b735ffe49b68/element/eaff352e-1dbc-48af-a38e-ef329c036ca0/name'
10:10:30.211 [AsyncHttpClient-1-2] DEBUG org.asynchttpclient.netty.handler.HttpHandler - 

Request DefaultFullHttpRequest(decodeResult: success, version: HTTP/1.1, content: EmptyByteBufBE)
GET /session/b6cc5d17-25b9-4950-910c-b735ffe49b68/element/eaff352e-1dbc-48af-a38e-ef329c036ca0/name HTTP/1.1
User-Agent: selenium/4.1.2 (java windows)
Cache-Control: no-cache
Content-Type: application/json; charset=utf-8
host: localhost:51940
accept: */*

Response DefaultHttpResponse(decodeResult: success, version: HTTP/1.1)
HTTP/1.1 200 OK
content-type: application/json; charset=utf-8
cache-control: no-cache
date: Mon, 10 Apr 2023 03:10:29 GMT
content-length: 16

10:10:30.211 [AsyncHttpClient-1-2] DEBUG org.asynchttpclient.netty.channel.ChannelManager - Adding key: http://localhost:51940 for channel [id: 0x700f5bb7, L:/127.0.0.1:55354 - R:localhost/127.0.0.1:51940]
10:10:30.213 [Forwarding findElement on session b6cc5d17-25b9-4950-910c-b735ffe49b68 to remote] DEBUG org.asynchttpclient.netty.request.NettyRequestSender - Using pooled Channel '[id: 0x700f5bb7, L:/127.0.0.1:55354 - R:localhost/127.0.0.1:51940]' for 'POST' to 'http://localhost:51940/session/b6cc5d17-25b9-4950-910c-b735ffe49b68/element'
10:10:30.213 [Forwarding findElement on session b6cc5d17-25b9-4950-910c-b735ffe49b68 to remote] DEBUG org.asynchttpclient.netty.request.NettyRequestSender - Using open Channel [id: 0x700f5bb7, L:/127.0.0.1:55354 - R:localhost/127.0.0.1:51940] for POST '/session/b6cc5d17-25b9-4950-910c-b735ffe49b68/element'
10:10:30.285 [AsyncHttpClient-1-2] DEBUG org.asynchttpclient.netty.handler.HttpHandler - 

Request DefaultHttpRequest(decodeResult: success, version: HTTP/1.1)
POST /session/b6cc5d17-25b9-4950-910c-b735ffe49b68/element HTTP/1.1
User-Agent: selenium/4.1.2 (java windows)
Content-Length: 104
Content-Type: application/json; charset=utf-8
host: localhost:51940
accept: */*

Response DefaultHttpResponse(decodeResult: success, version: HTTP/1.1)
HTTP/1.1 200 OK
content-type: application/json; charset=utf-8
cache-control: no-cache
date: Mon, 10 Apr 2023 03:10:29 GMT
content-length: 88

10:10:30.285 [AsyncHttpClient-1-2] DEBUG org.asynchttpclient.netty.channel.ChannelManager - Adding key: http://localhost:51940 for channel [id: 0x700f5bb7, L:/127.0.0.1:55354 - R:localhost/127.0.0.1:51940]
10:10:30.287 [Forwarding clickElement on session b6cc5d17-25b9-4950-910c-b735ffe49b68 to remote] DEBUG org.asynchttpclient.netty.request.NettyRequestSender - Using pooled Channel '[id: 0x700f5bb7, L:/127.0.0.1:55354 - R:localhost/127.0.0.1:51940]' for 'POST' to 'http://localhost:51940/session/b6cc5d17-25b9-4950-910c-b735ffe49b68/element/eaff352e-1dbc-48af-a38e-ef329c036ca0/click'
10:10:30.287 [Forwarding clickElement on session b6cc5d17-25b9-4950-910c-b735ffe49b68 to remote] DEBUG org.asynchttpclient.netty.request.NettyRequestSender - Using open Channel [id: 0x700f5bb7, L:/127.0.0.1:55354 - R:localhost/127.0.0.1:51940] for POST '/session/b6cc5d17-25b9-4950-910c-b735ffe49b68/element/eaff352e-1dbc-48af-a38e-ef329c036ca0/click'
10:10:30.742 [AsyncHttpClient-1-2] DEBUG org.asynchttpclient.netty.handler.HttpHandler - 

Request DefaultHttpRequest(decodeResult: success, version: HTTP/1.1)
POST /session/b6cc5d17-25b9-4950-910c-b735ffe49b68/element/eaff352e-1dbc-48af-a38e-ef329c036ca0/click HTTP/1.1
User-Agent: selenium/4.1.2 (java windows)
Content-Length: 50
Content-Type: application/json; charset=utf-8
host: localhost:51940
accept: */*

Response DefaultHttpResponse(decodeResult: success, version: HTTP/1.1)
HTTP/1.1 200 OK
content-type: application/json; charset=utf-8
cache-control: no-cache
date: Mon, 10 Apr 2023 03:10:29 GMT
content-length: 14

10:10:30.742 [AsyncHttpClient-1-2] DEBUG org.asynchttpclient.netty.channel.ChannelManager - Adding key: http://localhost:51940 for channel [id: 0x700f5bb7, L:/127.0.0.1:55354 - R:localhost/127.0.0.1:51940]
  &amp#27;[32mWhen &amp#27;[0m&amp#27;[32mI will go to &amp#27;[0m&amp#27;[32m&amp#27;[1m"atasan2"&amp#27;[0m     &amp#27;[90m# starter.stepdefinitions.BabyStep.iWillGoTo(java.lang.String)&amp#27;[0m
10:10:30.747 [Forwarding screenshot on session b6cc5d17-25b9-4950-910c-b735ffe49b68 to remote] DEBUG org.asynchttpclient.netty.request.NettyRequestSender - Using pooled Channel '[id: 0x700f5bb7, L:/127.0.0.1:55354 - R:localhost/127.0.0.1:51940]' for 'GET' to 'http://localhost:51940/session/b6cc5d17-25b9-4950-910c-b735ffe49b68/screenshot'
10:10:30.747 [Forwarding screenshot on session b6cc5d17-25b9-4950-910c-b735ffe49b68 to remote] DEBUG org.asynchttpclient.netty.request.NettyRequestSender - Using open Channel [id: 0x700f5bb7, L:/127.0.0.1:55354 - R:localhost/127.0.0.1:51940] for GET '/session/b6cc5d17-25b9-4950-910c-b735ffe49b68/screenshot'
10:10:30.969 [AsyncHttpClient-1-2] DEBUG org.asynchttpclient.netty.handler.HttpHandler - 

Request DefaultFullHttpRequest(decodeResult: success, version: HTTP/1.1, content: EmptyByteBufBE)
GET /session/b6cc5d17-25b9-4950-910c-b735ffe49b68/screenshot HTTP/1.1
User-Agent: selenium/4.1.2 (java windows)
Cache-Control: no-cache
Content-Type: application/json; charset=utf-8
host: localhost:51940
accept: */*

Response DefaultHttpResponse(decodeResult: success, version: HTTP/1.1)
HTTP/1.1 200 OK
content-type: application/json; charset=utf-8
cache-control: no-cache
date: Mon, 10 Apr 2023 03:10:29 GMT
content-length: 198188

10:10:30.970 [AsyncHttpClient-1-2] DEBUG org.asynchttpclient.netty.channel.ChannelManager - Adding key: http://localhost:51940 for channel [id: 0x700f5bb7, L:/127.0.0.1:55354 - R:localhost/127.0.0.1:51940]
10:10:30.975 [main] DEBUG net.serenitybdd.core.photography.Darkroom - Send negative for processing for target\site\serenity\0a601de961bae8d76ddae00ddb844527598b4577d6355120165e615710eb8ca1.png
10:10:30.976 [Darkroom Processing Line] DEBUG net.serenitybdd.core.photography.DarkroomProcessingLine - Processing screenshot image in /var/screenshots/screenshot-8275570758945865230
10:10:30.976 [Darkroom Processing Line] DEBUG net.serenitybdd.core.photography.DarkroomProcessingLine - Saving screenshot to target\site\serenity\0a601de961bae8d76ddae00ddb844527598b4577d6355120165e615710eb8ca1.png
10:10:30.981 [Forwarding findElement on session b6cc5d17-25b9-4950-910c-b735ffe49b68 to remote] DEBUG org.asynchttpclient.netty.request.NettyRequestSender - Using pooled Channel '[id: 0x700f5bb7, L:/127.0.0.1:55354 - R:localhost/127.0.0.1:51940]' for 'POST' to 'http://localhost:51940/session/b6cc5d17-25b9-4950-910c-b735ffe49b68/element'
10:10:30.981 [Forwarding findElement on session b6cc5d17-25b9-4950-910c-b735ffe49b68 to remote] DEBUG org.asynchttpclient.netty.request.NettyRequestSender - Using open Channel [id: 0x700f5bb7, L:/127.0.0.1:55354 - R:localhost/127.0.0.1:51940] for POST '/session/b6cc5d17-25b9-4950-910c-b735ffe49b68/element'
10:10:30.984 [AsyncHttpClient-1-2] DEBUG org.asynchttpclient.netty.handler.HttpHandler - 

Request DefaultHttpRequest(decodeResult: success, version: HTTP/1.1)
POST /session/b6cc5d17-25b9-4950-910c-b735ffe49b68/element HTTP/1.1
User-Agent: selenium/4.1.2 (java windows)
Content-Length: 89
Content-Type: application/json; charset=utf-8
host: localhost:51940
accept: */*

Response DefaultHttpResponse(decodeResult: success, version: HTTP/1.1)
HTTP/1.1 200 OK
content-type: application/json; charset=utf-8
cache-control: no-cache
date: Mon, 10 Apr 2023 03:10:30 GMT
content-length: 88

10:10:30.984 [AsyncHttpClient-1-2] DEBUG org.asynchttpclient.netty.channel.ChannelManager - Adding key: http://localhost:51940 for channel [id: 0x700f5bb7, L:/127.0.0.1:55354 - R:localhost/127.0.0.1:51940]
10:10:30.987 [Forwarding isElementDisplayed on session b6cc5d17-25b9-4950-910c-b735ffe49b68 to remote] DEBUG org.asynchttpclient.netty.request.NettyRequestSender - Using pooled Channel '[id: 0x700f5bb7, L:/127.0.0.1:55354 - R:localhost/127.0.0.1:51940]' for 'POST' to 'http://localhost:51940/session/b6cc5d17-25b9-4950-910c-b735ffe49b68/execute/sync'
10:10:30.987 [Forwarding isElementDisplayed on session b6cc5d17-25b9-4950-910c-b735ffe49b68 to remote] DEBUG org.asynchttpclient.netty.request.NettyRequestSender - Using open Channel [id: 0x700f5bb7, L:/127.0.0.1:55354 - R:localhost/127.0.0.1:51940] for POST '/session/b6cc5d17-25b9-4950-910c-b735ffe49b68/execute/sync'
10:10:31.005 [AsyncHttpClient-1-2] DEBUG org.asynchttpclient.netty.handler.HttpHandler - 

Request DefaultHttpRequest(decodeResult: success, version: HTTP/1.1)
POST /session/b6cc5d17-25b9-4950-910c-b735ffe49b68/execute/sync HTTP/1.1
User-Agent: selenium/4.1.2 (java windows)
Content-Length: 48780
Content-Type: application/json; charset=utf-8
host: localhost:51940
accept: */*

Response DefaultHttpResponse(decodeResult: success, version: HTTP/1.1)
HTTP/1.1 200 OK
content-type: application/json; charset=utf-8
cache-control: no-cache
date: Mon, 10 Apr 2023 03:10:30 GMT
content-length: 14

10:10:31.006 [AsyncHttpClient-1-2] DEBUG org.asynchttpclient.netty.channel.ChannelManager - Adding key: http://localhost:51940 for channel [id: 0x700f5bb7, L:/127.0.0.1:55354 - R:localhost/127.0.0.1:51940]
  &amp#27;[32mAnd &amp#27;[0m&amp#27;[32mI &amp#27;[0m&amp#27;[32m&amp#27;[1m"txtAtasan2"&amp#27;[0m&amp#27;[32m page&amp#27;[0m         &amp#27;[90m# starter.stepdefinitions.BabyStep.iPage(java.lang.String)&amp#27;[0m
10:10:31.014 [Driver Command Executor] DEBUG org.asynchttpclient.netty.request.NettyRequestSender - Using pooled Channel '[id: 0x700f5bb7, L:/127.0.0.1:55354 - R:localhost/127.0.0.1:51940]' for 'DELETE' to 'http://localhost:51940/session/b6cc5d17-25b9-4950-910c-b735ffe49b68'
10:10:31.014 [Driver Command Executor] DEBUG org.asynchttpclient.netty.request.NettyRequestSender - Using open Channel [id: 0x700f5bb7, L:/127.0.0.1:55354 - R:localhost/127.0.0.1:51940] for DELETE '/session/b6cc5d17-25b9-4950-910c-b735ffe49b68'
10:10:31.966 [AsyncHttpClient-1-2] DEBUG org.asynchttpclient.netty.handler.HttpHandler - 

Request DefaultFullHttpRequest(decodeResult: success, version: HTTP/1.1, content: EmptyByteBufBE)
DELETE /session/b6cc5d17-25b9-4950-910c-b735ffe49b68 HTTP/1.1
User-Agent: selenium/4.1.2 (java windows)
Content-Type: application/json; charset=utf-8
host: localhost:51940
accept: */*

Response DefaultHttpResponse(decodeResult: success, version: HTTP/1.1)
HTTP/1.1 200 OK
content-type: application/json; charset=utf-8
cache-control: no-cache
date: Mon, 10 Apr 2023 03:10:30 GMT
content-length: 14

10:10:31.967 [AsyncHttpClient-1-2] DEBUG org.asynchttpclient.netty.channel.ChannelManager - Adding key: http://localhost:51940 for channel [id: 0x700f5bb7, L:/127.0.0.1:55354 - R:localhost/127.0.0.1:51940]
10:10:31.968 [AsyncHttpClient-1-2] DEBUG org.asynchttpclient.netty.handler.HttpHandler - Unexpected I/O exception on channel [id: 0x700f5bb7, L:/127.0.0.1:55354 - R:localhost/127.0.0.1:51940]
java.net.SocketException: Connection reset
	at java.base/sun.nio.ch.SocketChannelImpl.throwConnectionReset(SocketChannelImpl.java:345)
	at java.base/sun.nio.ch.SocketChannelImpl.read(SocketChannelImpl.java:376)
	at io.netty.buffer.PooledByteBuf.setBytes(PooledByteBuf.java:258)
	at io.netty.buffer.AbstractByteBuf.writeBytes(AbstractByteBuf.java:1132)
	at io.netty.channel.socket.nio.NioSocketChannel.doReadBytes(NioSocketChannel.java:350)
	at io.netty.channel.nio.AbstractNioByteChannel$NioByteUnsafe.read(AbstractNioByteChannel.java:151)
	at io.netty.channel.nio.NioEventLoop.processSelectedKey(NioEventLoop.java:722)
	at io.netty.channel.nio.NioEventLoop.processSelectedKeysOptimized(NioEventLoop.java:658)
	at io.netty.channel.nio.NioEventLoop.processSelectedKeys(NioEventLoop.java:584)
	at io.netty.channel.nio.NioEventLoop.run(NioEventLoop.java:496)
	at io.netty.util.concurrent.SingleThreadEventExecutor$4.run(SingleThreadEventExecutor.java:986)
	at io.netty.util.internal.ThreadExecutorMap$2.run(ThreadExecutorMap.java:74)
	at io.netty.util.concurrent.FastThreadLocalRunnable.run(FastThreadLocalRunnable.java:30)
	at java.base/java.lang.Thread.run(Thread.java:830)
10:10:31.968 [AsyncHttpClient-1-2] DEBUG org.asynchttpclient.netty.channel.ChannelManager - Closing Channel [id: 0x700f5bb7, L:/127.0.0.1:55354 - R:localhost/127.0.0.1:51940] 
10:10:31.968 [AsyncHttpClient-1-2] DEBUG org.asynchttpclient.netty.handler.HttpHandler - Channel Closed: [id: 0x700f5bb7, L:/127.0.0.1:55354 ! R:localhost/127.0.0.1:51940] with attribute DISCARD
]]></system-out>
    <system-err><![CDATA[1681096223836	geckodriver	INFO	Listening on 127.0.0.1:51940
1681096224326	mozrunner::runner	INFO	Running command: "C:\\Program Files\\Mozilla Firefox\\firefox.exe" "--marionette" "" "--remote-debugging-port" "51556" "--remote-allow-hosts" "localhost" "-no-remote" "-profile" "C:\\Users\\alwi\\AppData\\Local\\Temp\\rust_mozprofilePPe7AL"
console.warn: services.settings: Ignoring preference override of remote settings server
console.warn: services.settings: Allow by setting MOZ_REMOTE_SETTINGS_DEVTOOLS=1 in the environment
1681096224684	Marionette	INFO	Marionette enabled
Dynamically enable window occlusion 0
1681096224689	Marionette	INFO	Listening on port 55357
WebDriver BiDi listening on ws://127.0.0.1:51556
Read port: 55357
1681096224938	RemoteAgent	WARN	TLS certificate errors will be ignored for this session
console.warn: SearchSettings: "get: No settings file exists, new profile?" (new NotFoundError("Could not open the file at C:\\Users\\alwi\\AppData\\Local\\Temp\\rust_mozprofilePPe7AL\\search.json.mozlz4", (void 0)))
DevTools listening on ws://127.0.0.1:51556/devtools/browser/9c6962d6-c5d6-481d-a895-4f7fed512865
Apr 10, 2023 10:10:26 AM org.openqa.selenium.remote.ProtocolHandshake createSession
INFO: Detected dialect: W3C
JavaScript warning: https://www.uniqlo.com/Mx95Yd/biG/Wo_/8-IanA/Vu7EGJtwEh/el0ZAQ/aiE/QAlg7T10, line 1: unreachable code after return statement
JavaScript warning: https://www.uniqlo.com/id/elgnisolqinu.js?async&seed=AIAnG2mHAQAAp6_kQ-NvC4pDCvZJooQGzCoxcLZ3CqwiSlxvcp_1EokMlmcT&x-i1ysm4mm--z=q, line 1: WEBGL_debug_renderer_info is deprecated in Firefox and will be removed. Please use RENDERER.
JavaScript warning: https://www.uniqlo.com/Mx95Yd/biG/Wo_/8-IanA/Vu7EGJtwEh/el0ZAQ/aiE/QAlg7T10, line 1: WEBGL_debug_renderer_info is deprecated in Firefox and will be removed. Please use RENDERER.
1681096231021	Marionette	INFO	Stopped listening on port 55357
Dynamically enable window occlusion 1
WARNING: A blocker encountered an error while we were waiting.
          Blocker:  Waiting for ping task
          Phase: TelemetryController: Waiting for pending ping activity
          State: (none)
WARNING: Error: Phase "profile-before-change" is finished, it is too late to register completion condition "OS.File: flush I/O queued before profileBeforeChange"
WARNING: addBlocker@resource://gre/modules/AsyncShutdown.sys.mjs:727:15
addBlocker@resource://gre/modules/AsyncShutdown.sys.mjs:523:26
addBlocker@resource://gre/modules/AsyncShutdown.sys.mjs:458:15
setupShutdown@resource://gre/modules/osfile/osfile_async_front.jsm:1548:28
@resource://gre/modules/osfile/osfile_async_front.jsm:1568:16
@resource://gre/modules/osfile.jsm:12:30
@resource://gre/modules/TelemetryStorage.sys.mjs:10:28
_checkPendingPings@resource://gre/modules/TelemetrySend.sys.mjs:863:17
setup@resource://gre/modules/TelemetrySend.sys.mjs:803:18
setup@resource://gre/modules/TelemetrySend.sys.mjs:241:30
setupTelemetry/this._delayedInitTask<@resource://gre/modules/TelemetryControllerParent.sys.mjs:828:36
observe@resource://gre/modules/AsyncShutdown.sys.mjs:576:16

console.error: "TelemetryScheduler.shutdown - Already shut down"
WARNING: A blocker encountered an error while we were waiting.
          Blocker:  Waiting for ping task
          Phase: TelemetryController: Waiting for pending ping activity
          State: (none)
WARNING: Error: Phase "profile-before-change" is finished, it is too late to register completion condition "OS.File: flush I/O queued before profileBeforeChange"
WARNING: addBlocker@resource://gre/modules/AsyncShutdown.sys.mjs:727:15
addBlocker@resource://gre/modules/AsyncShutdown.sys.mjs:523:26
addBlocker@resource://gre/modules/AsyncShutdown.sys.mjs:458:15
setupShutdown@resource://gre/modules/osfile/osfile_async_front.jsm:1548:28
@resource://gre/modules/osfile/osfile_async_front.jsm:1568:16
@resource://gre/modules/osfile.jsm:12:30
@resource://gre/modules/TelemetryStorage.sys.mjs:10:28
_checkPendingPings@resource://gre/modules/TelemetrySend.sys.mjs:863:17
setup@resource://gre/modules/TelemetrySend.sys.mjs:803:18
setup@resource://gre/modules/TelemetrySend.sys.mjs:241:30
setupTelemetry/this._delayedInitTask<@resource://gre/modules/TelemetryControllerParent.sys.mjs:828:36
observe@resource://gre/modules/AsyncShutdown.sys.mjs:576:16

WARNING: A blocker encountered an error while we were waiting.
          Blocker:  Waiting for ping task
          Phase: TelemetryController: Waiting for pending ping activity
          State: (none)
WARNING: Error: Phase "profile-before-change" is finished, it is too late to register completion condition "OS.File: flush I/O queued before profileBeforeChange"
WARNING: addBlocker@resource://gre/modules/AsyncShutdown.sys.mjs:727:15
addBlocker@resource://gre/modules/AsyncShutdown.sys.mjs:523:26
addBlocker@resource://gre/modules/AsyncShutdown.sys.mjs:458:15
setupShutdown@resource://gre/modules/osfile/osfile_async_front.jsm:1548:28
@resource://gre/modules/osfile/osfile_async_front.jsm:1568:16
@resource://gre/modules/osfile.jsm:12:30
@resource://gre/modules/TelemetryStorage.sys.mjs:10:28
_checkPendingPings@resource://gre/modules/TelemetrySend.sys.mjs:863:17
setup@resource://gre/modules/TelemetrySend.sys.mjs:803:18
setup@resource://gre/modules/TelemetrySend.sys.mjs:241:30
setupTelemetry/this._delayedInitTask<@resource://gre/modules/TelemetryControllerParent.sys.mjs:828:36
observe@resource://gre/modules/AsyncShutdown.sys.mjs:576:16

WARNING: A blocker encountered an error while we were waiting.
          Blocker:  TelemetryController: shutting down
          Phase: profile-before-change-telemetry
          State: Error getting state: Error: Phase "profile-before-change" is finished, it is too late to register completion condition "OS.File: flush I/O queued before profileBeforeChange" at addBlocker@resource://gre/modules/AsyncShutdown.sys.mjs:727:15
addBlocker@resource://gre/modules/AsyncShutdown.sys.mjs:523:26
addBlocker@resource://gre/modules/AsyncShutdown.sys.mjs:458:15
setupShutdown@resource://gre/modules/osfile/osfile_async_front.jsm:1548:28
@resource://gre/modules/osfile/osfile_async_front.jsm:1568:16
@resource://gre/modules/osfile.jsm:12:30
@resource://gre/modules/TelemetryStorage.sys.mjs:10:28
_checkPendingPings@resource://gre/modules/TelemetrySend.sys.mjs:863:17
setup@resource://gre/modules/TelemetrySend.sys.mjs:803:18
setup@resource://gre/modules/TelemetrySend.sys.mjs:241:30
setupTelemetry/this._delayedInitTask<@resource://gre/modules/TelemetryControllerParent.sys.mjs:828:36
observe@resource://gre/modules/AsyncShutdown.sys.mjs:576:16

WARNING: Error: Phase "profile-before-change" is finished, it is too late to register completion condition "OS.File: flush I/O queued before profileBeforeChange"
WARNING: addBlocker@resource://gre/modules/AsyncShutdown.sys.mjs:727:15
addBlocker@resource://gre/modules/AsyncShutdown.sys.mjs:523:26
addBlocker@resource://gre/modules/AsyncShutdown.sys.mjs:458:15
setupShutdown@resource://gre/modules/osfile/osfile_async_front.jsm:1548:28
@resource://gre/modules/osfile/osfile_async_front.jsm:1568:16
@resource://gre/modules/osfile.jsm:12:30
@resource://gre/modules/TelemetryStorage.sys.mjs:10:28
_checkPendingPings@resource://gre/modules/TelemetrySend.sys.mjs:863:17
setup@resource://gre/modules/TelemetrySend.sys.mjs:803:18
setup@resource://gre/modules/TelemetrySend.sys.mjs:241:30
setupTelemetry/this._delayedInitTask<@resource://gre/modules/TelemetryControllerParent.sys.mjs:828:36
observe@resource://gre/modules/AsyncShutdown.sys.mjs:576:16

JavaScript error: resource://gre/modules/AsyncShutdown.sys.mjs, line 727: Error: Phase "profile-before-change" is finished, it is too late to register completion condition "OS.File: flush I/O queued before profileBeforeChange"
JavaScript error: resource://gre/modules/AsyncShutdown.sys.mjs, line 727: Error: Phase "profile-before-change" is finished, it is too late to register completion condition "OS.File: flush I/O queued before profileBeforeChange"
JavaScript error: resource://gre/modules/AsyncShutdown.sys.mjs, line 727: Error: Phase "profile-before-change" is finished, it is too late to register completion condition "OS.File: flush I/O queued before profileBeforeChange"
JavaScript error: resource://gre/modules/AsyncShutdown.sys.mjs, line 727: Error: Phase "profile-before-change" is finished, it is too late to register completion condition "OS.File: flush I/O queued before profileBeforeChange"
JavaScript error: resource://gre/modules/AsyncShutdown.sys.mjs, line 727: Error: Phase "profile-before-change" is finished, it is too late to register completion condition "OS.File: flush I/O queued before profileBeforeChange"
JavaScript error: resource://gre/modules/AsyncShutdown.sys.mjs, line 727: Error: Phase "profile-before-change" is finished, it is too late to register completion condition "OS.File: flush I/O queued before profileBeforeChange"
]]></system-err>
  </testcase>
  <testcase name="Fitur Menu Baby #17" classname="Baby" time="8.424">
    <system-out><![CDATA[
@baby
Scenario Outline: Fitur Menu Baby &amp#27;[90m# src/test/resources/features/Baby.feature:29&amp#27;[0m
10:10:32.033 [main] INFO io.cucumber.core.plugin.SerenityReporter - Running feature from file:///C:/Users/alwi/IdeaProjects/uniqloweb/src/test/resources/features/Baby.feature
10:10:32.048 [main] INFO net.serenitybdd.core.webdriver.driverproviders.FirefoxDriverProvider - Using automatically driver download
10:10:32.170 [main] DEBUG io.github.bonigarcia.wdm.cache.ResolutionCache - Resolution firefox=111 in cache (valid until 10:32:56 10/04/2023 WIB)
10:10:32.174 [main] DEBUG io.github.bonigarcia.wdm.cache.ResolutionCache - Resolution firefox111=0.32.2 in cache (valid until 19:30:50 10/04/2023 WIB)
10:10:32.175 [main] INFO io.github.bonigarcia.wdm.WebDriverManager - Using geckodriver 0.32.2 (resolved driver for Firefox 111)
10:10:32.188 [main] DEBUG io.github.bonigarcia.wdm.WebDriverManager - Driver geckodriver 0.32.2 found in cache
10:10:32.189 [main] INFO io.github.bonigarcia.wdm.WebDriverManager - Exporting webdriver.gecko.driver as C:\Users\alwi\.cache\selenium\geckodriver\win64\0.32.2\geckodriver.exe
10:10:32.200 [main] DEBUG net.serenitybdd.core.webdriver.driverproviders.ProvideNewDriver - Instantiating driver
10:10:32.200 [main] DEBUG net.serenitybdd.core.webdriver.driverproviders.ProvideNewDriver - Driver capabilities: Capabilities {acceptInsecureCerts: true, browserName: firefox, moz:debuggerAddress: true, moz:firefoxOptions: {args: [], profile: UEsDBBQACAgIAFBRilYAAAAAAAA...}}
10:10:32.728 [AsyncHttpClient-1-4] DEBUG org.asynchttpclient.netty.channel.NettyConnectListener - Using new Channel '[id: 0xb859640b, L:/127.0.0.1:55453 - R:localhost/127.0.0.1:61037]' for 'POST' to '/session'
10:10:32.818 [AsyncHttpClient-1-1] DEBUG org.asynchttpclient.netty.channel.DefaultChannelPool - Entry count for : http://localhost:51940 : 1
10:10:32.818 [AsyncHttpClient-1-1] DEBUG org.asynchttpclient.netty.channel.DefaultChannelPool - Adding Candidate expired Channel [id: 0x700f5bb7, L:/127.0.0.1:55354 ! R:localhost/127.0.0.1:51940] isIdleTimeoutExpired=false isRemotelyClosed=true isTtlExpired=false
10:10:32.818 [AsyncHttpClient-1-1] DEBUG org.asynchttpclient.netty.channel.DefaultChannelPool - Closing Idle Channel [id: 0x700f5bb7, L:/127.0.0.1:55354 ! R:localhost/127.0.0.1:51940]
10:10:32.818 [AsyncHttpClient-1-1] DEBUG org.asynchttpclient.netty.channel.DefaultChannelPool - Closed 1 connections out of 1 in 0 ms
10:10:35.087 [AsyncHttpClient-1-4] DEBUG org.asynchttpclient.netty.handler.HttpHandler - 

Request DefaultHttpRequest(decodeResult: success, version: HTTP/1.1)
POST /session HTTP/1.1
User-Agent: selenium/4.1.2 (java windows)
Content-Length: 3673
Content-Type: application/json; charset=utf-8
host: localhost:61037
accept: */*

Response DefaultHttpResponse(decodeResult: success, version: HTTP/1.1)
HTTP/1.1 200 OK
content-type: application/json; charset=utf-8
cache-control: no-cache
date: Mon, 10 Apr 2023 03:10:32 GMT
content-length: 790

10:10:35.087 [AsyncHttpClient-1-4] DEBUG org.asynchttpclient.netty.channel.ChannelManager - Adding key: http://localhost:61037 for channel [id: 0xb859640b, L:/127.0.0.1:55453 - R:localhost/127.0.0.1:61037]
10:10:35.093 [AsyncHttpClient-1-5] DEBUG org.asynchttpclient.netty.channel.NettyConnectListener - Using new Channel '[id: 0xa6f415eb, L:/127.0.0.1:55472 - R:/127.0.0.1:54354]' for 'GET' to '/json/version'
10:10:35.095 [AsyncHttpClient-1-5] DEBUG org.asynchttpclient.netty.handler.HttpHandler - 

Request DefaultFullHttpRequest(decodeResult: success, version: HTTP/1.1, content: EmptyByteBufBE)
GET /json/version HTTP/1.1
User-Agent: selenium/4.1.2 (java windows)
host: 127.0.0.1:54354
accept: */*

Response DefaultHttpResponse(decodeResult: success, version: HTTP/1.1)
HTTP/1.1 200 OK
content-type: application/json
connection: close
server: httpd.js
date: Mon, 10 Apr 2023 03:10:35 GMT
content-length: 311

10:10:35.096 [AsyncHttpClient-1-5] DEBUG org.asynchttpclient.netty.channel.ChannelManager - Closing Channel [id: 0xa6f415eb, L:/127.0.0.1:55472 - R:/127.0.0.1:54354] 
10:10:35.096 [AsyncHttpClient-1-5] DEBUG org.asynchttpclient.netty.handler.HttpHandler - Channel Closed: [id: 0xa6f415eb, L:/127.0.0.1:55472 ! R:/127.0.0.1:54354] with attribute DISCARD
10:10:35.097 [Forwarding get on session 140b9bab-ac96-48ed-acf2-b297297f6c54 to remote] DEBUG org.asynchttpclient.netty.request.NettyRequestSender - Using pooled Channel '[id: 0xb859640b, L:/127.0.0.1:55453 - R:localhost/127.0.0.1:61037]' for 'POST' to 'http://localhost:61037/session/140b9bab-ac96-48ed-acf2-b297297f6c54/url'
10:10:35.098 [Forwarding get on session 140b9bab-ac96-48ed-acf2-b297297f6c54 to remote] DEBUG org.asynchttpclient.netty.request.NettyRequestSender - Using open Channel [id: 0xb859640b, L:/127.0.0.1:55453 - R:localhost/127.0.0.1:61037] for POST '/session/140b9bab-ac96-48ed-acf2-b297297f6c54/url'
10:10:36.969 [AsyncHttpClient-1-4] DEBUG org.asynchttpclient.netty.handler.HttpHandler - 

Request DefaultHttpRequest(decodeResult: success, version: HTTP/1.1)
POST /session/140b9bab-ac96-48ed-acf2-b297297f6c54/url HTTP/1.1
User-Agent: selenium/4.1.2 (java windows)
Content-Length: 69
Content-Type: application/json; charset=utf-8
host: localhost:61037
accept: */*

Response DefaultHttpResponse(decodeResult: success, version: HTTP/1.1)
HTTP/1.1 200 OK
content-type: application/json; charset=utf-8
cache-control: no-cache
date: Mon, 10 Apr 2023 03:10:35 GMT
content-length: 14

10:10:36.969 [AsyncHttpClient-1-4] DEBUG org.asynchttpclient.netty.channel.ChannelManager - Adding key: http://localhost:61037 for channel [id: 0xb859640b, L:/127.0.0.1:55453 - R:localhost/127.0.0.1:61037]
10:10:36.971 [Forwarding setTimeout on session 140b9bab-ac96-48ed-acf2-b297297f6c54 to remote] DEBUG org.asynchttpclient.netty.request.NettyRequestSender - Using pooled Channel '[id: 0xb859640b, L:/127.0.0.1:55453 - R:localhost/127.0.0.1:61037]' for 'POST' to 'http://localhost:61037/session/140b9bab-ac96-48ed-acf2-b297297f6c54/timeouts'
10:10:36.971 [Forwarding setTimeout on session 140b9bab-ac96-48ed-acf2-b297297f6c54 to remote] DEBUG org.asynchttpclient.netty.request.NettyRequestSender - Using open Channel [id: 0xb859640b, L:/127.0.0.1:55453 - R:localhost/127.0.0.1:61037] for POST '/session/140b9bab-ac96-48ed-acf2-b297297f6c54/timeouts'
10:10:36.977 [AsyncHttpClient-1-4] DEBUG org.asynchttpclient.netty.handler.HttpHandler - 

Request DefaultHttpRequest(decodeResult: success, version: HTTP/1.1)
POST /session/140b9bab-ac96-48ed-acf2-b297297f6c54/timeouts HTTP/1.1
User-Agent: selenium/4.1.2 (java windows)
Content-Length: 22
Content-Type: application/json; charset=utf-8
host: localhost:61037
accept: */*

Response DefaultHttpResponse(decodeResult: success, version: HTTP/1.1)
HTTP/1.1 200 OK
content-type: application/json; charset=utf-8
cache-control: no-cache
date: Mon, 10 Apr 2023 03:10:36 GMT
content-length: 14

10:10:36.977 [AsyncHttpClient-1-4] DEBUG org.asynchttpclient.netty.channel.ChannelManager - Adding key: http://localhost:61037 for channel [id: 0xb859640b, L:/127.0.0.1:55453 - R:localhost/127.0.0.1:61037]
10:10:36.980 [Forwarding getCurrentUrl on session 140b9bab-ac96-48ed-acf2-b297297f6c54 to remote] DEBUG org.asynchttpclient.netty.request.NettyRequestSender - Using pooled Channel '[id: 0xb859640b, L:/127.0.0.1:55453 - R:localhost/127.0.0.1:61037]' for 'GET' to 'http://localhost:61037/session/140b9bab-ac96-48ed-acf2-b297297f6c54/url'
10:10:36.980 [Forwarding getCurrentUrl on session 140b9bab-ac96-48ed-acf2-b297297f6c54 to remote] DEBUG org.asynchttpclient.netty.request.NettyRequestSender - Using open Channel [id: 0xb859640b, L:/127.0.0.1:55453 - R:localhost/127.0.0.1:61037] for GET '/session/140b9bab-ac96-48ed-acf2-b297297f6c54/url'
10:10:36.993 [AsyncHttpClient-1-4] DEBUG org.asynchttpclient.netty.handler.HttpHandler - 

Request DefaultFullHttpRequest(decodeResult: success, version: HTTP/1.1, content: EmptyByteBufBE)
GET /session/140b9bab-ac96-48ed-acf2-b297297f6c54/url HTTP/1.1
User-Agent: selenium/4.1.2 (java windows)
Cache-Control: no-cache
Content-Type: application/json; charset=utf-8
host: localhost:61037
accept: */*

Response DefaultHttpResponse(decodeResult: success, version: HTTP/1.1)
HTTP/1.1 200 OK
content-type: application/json; charset=utf-8
cache-control: no-cache
date: Mon, 10 Apr 2023 03:10:36 GMT
content-length: 41

10:10:36.993 [AsyncHttpClient-1-4] DEBUG org.asynchttpclient.netty.channel.ChannelManager - Adding key: http://localhost:61037 for channel [id: 0xb859640b, L:/127.0.0.1:55453 - R:localhost/127.0.0.1:61037]
  &amp#27;[32mGiven &amp#27;[0m&amp#27;[32mI am on the home page&amp#27;[0m     &amp#27;[90m# starter.stepdefinitions.BabyStep.iAmOnTheHomePage()&amp#27;[0m
10:10:37.001 [Forwarding screenshot on session 140b9bab-ac96-48ed-acf2-b297297f6c54 to remote] DEBUG org.asynchttpclient.netty.request.NettyRequestSender - Using pooled Channel '[id: 0xb859640b, L:/127.0.0.1:55453 - R:localhost/127.0.0.1:61037]' for 'GET' to 'http://localhost:61037/session/140b9bab-ac96-48ed-acf2-b297297f6c54/screenshot'
10:10:37.001 [Forwarding screenshot on session 140b9bab-ac96-48ed-acf2-b297297f6c54 to remote] DEBUG org.asynchttpclient.netty.request.NettyRequestSender - Using open Channel [id: 0xb859640b, L:/127.0.0.1:55453 - R:localhost/127.0.0.1:61037] for GET '/session/140b9bab-ac96-48ed-acf2-b297297f6c54/screenshot'
10:10:37.255 [AsyncHttpClient-1-4] DEBUG org.asynchttpclient.netty.handler.HttpHandler - 

Request DefaultFullHttpRequest(decodeResult: success, version: HTTP/1.1, content: EmptyByteBufBE)
GET /session/140b9bab-ac96-48ed-acf2-b297297f6c54/screenshot HTTP/1.1
User-Agent: selenium/4.1.2 (java windows)
Cache-Control: no-cache
Content-Type: application/json; charset=utf-8
host: localhost:61037
accept: */*

Response DefaultHttpResponse(decodeResult: success, version: HTTP/1.1)
HTTP/1.1 200 OK
content-type: application/json; charset=utf-8
cache-control: no-cache
date: Mon, 10 Apr 2023 03:10:36 GMT
content-length: 94620

10:10:37.255 [AsyncHttpClient-1-4] DEBUG org.asynchttpclient.netty.channel.ChannelManager - Adding key: http://localhost:61037 for channel [id: 0xb859640b, L:/127.0.0.1:55453 - R:localhost/127.0.0.1:61037]
10:10:37.260 [main] DEBUG net.serenitybdd.core.photography.Darkroom - Send negative for processing for target\site\serenity\8f3f39ec5c22660051f3bf5dd0fd9358bd74b18851ab6739511531d3e796079f.png
10:10:37.261 [Darkroom Processing Line] DEBUG net.serenitybdd.core.photography.DarkroomProcessingLine - Processing screenshot image in /var/screenshots/screenshot-4039823046405160074
10:10:37.261 [Darkroom Processing Line] DEBUG net.serenitybdd.core.photography.DarkroomProcessingLine - Saving screenshot to target\site\serenity\8f3f39ec5c22660051f3bf5dd0fd9358bd74b18851ab6739511531d3e796079f.png
10:10:37.274 [Forwarding findElement on session 140b9bab-ac96-48ed-acf2-b297297f6c54 to remote] DEBUG org.asynchttpclient.netty.request.NettyRequestSender - Using pooled Channel '[id: 0xb859640b, L:/127.0.0.1:55453 - R:localhost/127.0.0.1:61037]' for 'POST' to 'http://localhost:61037/session/140b9bab-ac96-48ed-acf2-b297297f6c54/element'
10:10:37.274 [Forwarding findElement on session 140b9bab-ac96-48ed-acf2-b297297f6c54 to remote] DEBUG org.asynchttpclient.netty.request.NettyRequestSender - Using open Channel [id: 0xb859640b, L:/127.0.0.1:55453 - R:localhost/127.0.0.1:61037] for POST '/session/140b9bab-ac96-48ed-acf2-b297297f6c54/element'
10:10:37.612 [AsyncHttpClient-1-4] DEBUG org.asynchttpclient.netty.handler.HttpHandler - 

Request DefaultHttpRequest(decodeResult: success, version: HTTP/1.1)
POST /session/140b9bab-ac96-48ed-acf2-b297297f6c54/element HTTP/1.1
User-Agent: selenium/4.1.2 (java windows)
Content-Length: 81
Content-Type: application/json; charset=utf-8
host: localhost:61037
accept: */*

Response DefaultHttpResponse(decodeResult: success, version: HTTP/1.1)
HTTP/1.1 200 OK
content-type: application/json; charset=utf-8
cache-control: no-cache
date: Mon, 10 Apr 2023 03:10:36 GMT
content-length: 88

10:10:37.612 [AsyncHttpClient-1-4] DEBUG org.asynchttpclient.netty.channel.ChannelManager - Adding key: http://localhost:61037 for channel [id: 0xb859640b, L:/127.0.0.1:55453 - R:localhost/127.0.0.1:61037]
10:10:37.614 [Forwarding getElementTagName on session 140b9bab-ac96-48ed-acf2-b297297f6c54 to remote] DEBUG org.asynchttpclient.netty.request.NettyRequestSender - Using pooled Channel '[id: 0xb859640b, L:/127.0.0.1:55453 - R:localhost/127.0.0.1:61037]' for 'GET' to 'http://localhost:61037/session/140b9bab-ac96-48ed-acf2-b297297f6c54/element/3c901499-b518-4070-8b17-671cc5fc9312/name'
10:10:37.614 [Forwarding getElementTagName on session 140b9bab-ac96-48ed-acf2-b297297f6c54 to remote] DEBUG org.asynchttpclient.netty.request.NettyRequestSender - Using open Channel [id: 0xb859640b, L:/127.0.0.1:55453 - R:localhost/127.0.0.1:61037] for GET '/session/140b9bab-ac96-48ed-acf2-b297297f6c54/element/3c901499-b518-4070-8b17-671cc5fc9312/name'
10:10:37.701 [AsyncHttpClient-1-4] DEBUG org.asynchttpclient.netty.handler.HttpHandler - 

Request DefaultFullHttpRequest(decodeResult: success, version: HTTP/1.1, content: EmptyByteBufBE)
GET /session/140b9bab-ac96-48ed-acf2-b297297f6c54/element/3c901499-b518-4070-8b17-671cc5fc9312/name HTTP/1.1
User-Agent: selenium/4.1.2 (java windows)
Cache-Control: no-cache
Content-Type: application/json; charset=utf-8
host: localhost:61037
accept: */*

Response DefaultHttpResponse(decodeResult: success, version: HTTP/1.1)
HTTP/1.1 200 OK
content-type: application/json; charset=utf-8
cache-control: no-cache
date: Mon, 10 Apr 2023 03:10:36 GMT
content-length: 16

10:10:37.702 [AsyncHttpClient-1-4] DEBUG org.asynchttpclient.netty.channel.ChannelManager - Adding key: http://localhost:61037 for channel [id: 0xb859640b, L:/127.0.0.1:55453 - R:localhost/127.0.0.1:61037]
10:10:37.703 [Forwarding getElementTagName on session 140b9bab-ac96-48ed-acf2-b297297f6c54 to remote] DEBUG org.asynchttpclient.netty.request.NettyRequestSender - Using pooled Channel '[id: 0xb859640b, L:/127.0.0.1:55453 - R:localhost/127.0.0.1:61037]' for 'GET' to 'http://localhost:61037/session/140b9bab-ac96-48ed-acf2-b297297f6c54/element/3c901499-b518-4070-8b17-671cc5fc9312/name'
10:10:37.703 [Forwarding getElementTagName on session 140b9bab-ac96-48ed-acf2-b297297f6c54 to remote] DEBUG org.asynchttpclient.netty.request.NettyRequestSender - Using open Channel [id: 0xb859640b, L:/127.0.0.1:55453 - R:localhost/127.0.0.1:61037] for GET '/session/140b9bab-ac96-48ed-acf2-b297297f6c54/element/3c901499-b518-4070-8b17-671cc5fc9312/name'
10:10:37.782 [AsyncHttpClient-1-4] DEBUG org.asynchttpclient.netty.handler.HttpHandler - 

Request DefaultFullHttpRequest(decodeResult: success, version: HTTP/1.1, content: EmptyByteBufBE)
GET /session/140b9bab-ac96-48ed-acf2-b297297f6c54/element/3c901499-b518-4070-8b17-671cc5fc9312/name HTTP/1.1
User-Agent: selenium/4.1.2 (java windows)
Cache-Control: no-cache
Content-Type: application/json; charset=utf-8
host: localhost:61037
accept: */*

Response DefaultHttpResponse(decodeResult: success, version: HTTP/1.1)
HTTP/1.1 200 OK
content-type: application/json; charset=utf-8
cache-control: no-cache
date: Mon, 10 Apr 2023 03:10:36 GMT
content-length: 16

10:10:37.782 [AsyncHttpClient-1-4] DEBUG org.asynchttpclient.netty.channel.ChannelManager - Adding key: http://localhost:61037 for channel [id: 0xb859640b, L:/127.0.0.1:55453 - R:localhost/127.0.0.1:61037]
10:10:37.783 [Forwarding findElement on session 140b9bab-ac96-48ed-acf2-b297297f6c54 to remote] DEBUG org.asynchttpclient.netty.request.NettyRequestSender - Using pooled Channel '[id: 0xb859640b, L:/127.0.0.1:55453 - R:localhost/127.0.0.1:61037]' for 'POST' to 'http://localhost:61037/session/140b9bab-ac96-48ed-acf2-b297297f6c54/element'
10:10:37.783 [Forwarding findElement on session 140b9bab-ac96-48ed-acf2-b297297f6c54 to remote] DEBUG org.asynchttpclient.netty.request.NettyRequestSender - Using open Channel [id: 0xb859640b, L:/127.0.0.1:55453 - R:localhost/127.0.0.1:61037] for POST '/session/140b9bab-ac96-48ed-acf2-b297297f6c54/element'
10:10:37.812 [AsyncHttpClient-1-4] DEBUG org.asynchttpclient.netty.handler.HttpHandler - 

Request DefaultHttpRequest(decodeResult: success, version: HTTP/1.1)
POST /session/140b9bab-ac96-48ed-acf2-b297297f6c54/element HTTP/1.1
User-Agent: selenium/4.1.2 (java windows)
Content-Length: 81
Content-Type: application/json; charset=utf-8
host: localhost:61037
accept: */*

Response DefaultHttpResponse(decodeResult: success, version: HTTP/1.1)
HTTP/1.1 200 OK
content-type: application/json; charset=utf-8
cache-control: no-cache
date: Mon, 10 Apr 2023 03:10:36 GMT
content-length: 88

10:10:37.812 [AsyncHttpClient-1-4] DEBUG org.asynchttpclient.netty.channel.ChannelManager - Adding key: http://localhost:61037 for channel [id: 0xb859640b, L:/127.0.0.1:55453 - R:localhost/127.0.0.1:61037]
10:10:37.813 [Forwarding clickElement on session 140b9bab-ac96-48ed-acf2-b297297f6c54 to remote] DEBUG org.asynchttpclient.netty.request.NettyRequestSender - Using pooled Channel '[id: 0xb859640b, L:/127.0.0.1:55453 - R:localhost/127.0.0.1:61037]' for 'POST' to 'http://localhost:61037/session/140b9bab-ac96-48ed-acf2-b297297f6c54/element/3c901499-b518-4070-8b17-671cc5fc9312/click'
10:10:37.813 [Forwarding clickElement on session 140b9bab-ac96-48ed-acf2-b297297f6c54 to remote] DEBUG org.asynchttpclient.netty.request.NettyRequestSender - Using open Channel [id: 0xb859640b, L:/127.0.0.1:55453 - R:localhost/127.0.0.1:61037] for POST '/session/140b9bab-ac96-48ed-acf2-b297297f6c54/element/3c901499-b518-4070-8b17-671cc5fc9312/click'
10:10:38.480 [AsyncHttpClient-1-4] DEBUG org.asynchttpclient.netty.handler.HttpHandler - 

Request DefaultHttpRequest(decodeResult: success, version: HTTP/1.1)
POST /session/140b9bab-ac96-48ed-acf2-b297297f6c54/element/3c901499-b518-4070-8b17-671cc5fc9312/click HTTP/1.1
User-Agent: selenium/4.1.2 (java windows)
Content-Length: 50
Content-Type: application/json; charset=utf-8
host: localhost:61037
accept: */*

Response DefaultHttpResponse(decodeResult: success, version: HTTP/1.1)
HTTP/1.1 200 OK
content-type: application/json; charset=utf-8
cache-control: no-cache
date: Mon, 10 Apr 2023 03:10:36 GMT
content-length: 14

10:10:38.481 [AsyncHttpClient-1-4] DEBUG org.asynchttpclient.netty.channel.ChannelManager - Adding key: http://localhost:61037 for channel [id: 0xb859640b, L:/127.0.0.1:55453 - R:localhost/127.0.0.1:61037]
  &amp#27;[32mThen &amp#27;[0m&amp#27;[32mI click baby on the header&amp#27;[0m &amp#27;[90m# starter.stepdefinitions.BabyStep.iClickBabyOnTheHeader()&amp#27;[0m
10:10:38.488 [Forwarding screenshot on session 140b9bab-ac96-48ed-acf2-b297297f6c54 to remote] DEBUG org.asynchttpclient.netty.request.NettyRequestSender - Using pooled Channel '[id: 0xb859640b, L:/127.0.0.1:55453 - R:localhost/127.0.0.1:61037]' for 'GET' to 'http://localhost:61037/session/140b9bab-ac96-48ed-acf2-b297297f6c54/screenshot'
10:10:38.488 [Forwarding screenshot on session 140b9bab-ac96-48ed-acf2-b297297f6c54 to remote] DEBUG org.asynchttpclient.netty.request.NettyRequestSender - Using open Channel [id: 0xb859640b, L:/127.0.0.1:55453 - R:localhost/127.0.0.1:61037] for GET '/session/140b9bab-ac96-48ed-acf2-b297297f6c54/screenshot'
10:10:38.589 [AsyncHttpClient-1-4] DEBUG org.asynchttpclient.netty.handler.HttpHandler - 

Request DefaultFullHttpRequest(decodeResult: success, version: HTTP/1.1, content: EmptyByteBufBE)
GET /session/140b9bab-ac96-48ed-acf2-b297297f6c54/screenshot HTTP/1.1
User-Agent: selenium/4.1.2 (java windows)
Cache-Control: no-cache
Content-Type: application/json; charset=utf-8
host: localhost:61037
accept: */*

Response DefaultHttpResponse(decodeResult: success, version: HTTP/1.1)
HTTP/1.1 200 OK
content-type: application/json; charset=utf-8
cache-control: no-cache
date: Mon, 10 Apr 2023 03:10:38 GMT
content-length: 97704

10:10:38.590 [AsyncHttpClient-1-4] DEBUG org.asynchttpclient.netty.channel.ChannelManager - Adding key: http://localhost:61037 for channel [id: 0xb859640b, L:/127.0.0.1:55453 - R:localhost/127.0.0.1:61037]
10:10:38.594 [main] DEBUG net.serenitybdd.core.photography.Darkroom - Send negative for processing for target\site\serenity\66b6c36882ee139b37bfb4c7247c94e47a63d691adb517019fb43c32e302af44.png
10:10:38.594 [Darkroom Processing Line] DEBUG net.serenitybdd.core.photography.DarkroomProcessingLine - Processing screenshot image in /var/screenshots/screenshot-11417175655862417096
10:10:38.595 [Darkroom Processing Line] DEBUG net.serenitybdd.core.photography.DarkroomProcessingLine - Saving screenshot to target\site\serenity\66b6c36882ee139b37bfb4c7247c94e47a63d691adb517019fb43c32e302af44.png
10:10:38.607 [Forwarding findElement on session 140b9bab-ac96-48ed-acf2-b297297f6c54 to remote] DEBUG org.asynchttpclient.netty.request.NettyRequestSender - Using pooled Channel '[id: 0xb859640b, L:/127.0.0.1:55453 - R:localhost/127.0.0.1:61037]' for 'POST' to 'http://localhost:61037/session/140b9bab-ac96-48ed-acf2-b297297f6c54/element'
10:10:38.607 [Forwarding findElement on session 140b9bab-ac96-48ed-acf2-b297297f6c54 to remote] DEBUG org.asynchttpclient.netty.request.NettyRequestSender - Using open Channel [id: 0xb859640b, L:/127.0.0.1:55453 - R:localhost/127.0.0.1:61037] for POST '/session/140b9bab-ac96-48ed-acf2-b297297f6c54/element'
10:10:38.629 [AsyncHttpClient-1-4] DEBUG org.asynchttpclient.netty.handler.HttpHandler - 

Request DefaultHttpRequest(decodeResult: success, version: HTTP/1.1)
POST /session/140b9bab-ac96-48ed-acf2-b297297f6c54/element HTTP/1.1
User-Agent: selenium/4.1.2 (java windows)
Content-Length: 104
Content-Type: application/json; charset=utf-8
host: localhost:61037
accept: */*

Response DefaultHttpResponse(decodeResult: success, version: HTTP/1.1)
HTTP/1.1 200 OK
content-type: application/json; charset=utf-8
cache-control: no-cache
date: Mon, 10 Apr 2023 03:10:38 GMT
content-length: 88

10:10:38.630 [AsyncHttpClient-1-4] DEBUG org.asynchttpclient.netty.channel.ChannelManager - Adding key: http://localhost:61037 for channel [id: 0xb859640b, L:/127.0.0.1:55453 - R:localhost/127.0.0.1:61037]
10:10:38.632 [Forwarding getElementTagName on session 140b9bab-ac96-48ed-acf2-b297297f6c54 to remote] DEBUG org.asynchttpclient.netty.request.NettyRequestSender - Using pooled Channel '[id: 0xb859640b, L:/127.0.0.1:55453 - R:localhost/127.0.0.1:61037]' for 'GET' to 'http://localhost:61037/session/140b9bab-ac96-48ed-acf2-b297297f6c54/element/c0ac9b13-6c99-4859-b790-90aaef2d9c76/name'
10:10:38.633 [Forwarding getElementTagName on session 140b9bab-ac96-48ed-acf2-b297297f6c54 to remote] DEBUG org.asynchttpclient.netty.request.NettyRequestSender - Using open Channel [id: 0xb859640b, L:/127.0.0.1:55453 - R:localhost/127.0.0.1:61037] for GET '/session/140b9bab-ac96-48ed-acf2-b297297f6c54/element/c0ac9b13-6c99-4859-b790-90aaef2d9c76/name'
10:10:38.706 [AsyncHttpClient-1-4] DEBUG org.asynchttpclient.netty.handler.HttpHandler - 

Request DefaultFullHttpRequest(decodeResult: success, version: HTTP/1.1, content: EmptyByteBufBE)
GET /session/140b9bab-ac96-48ed-acf2-b297297f6c54/element/c0ac9b13-6c99-4859-b790-90aaef2d9c76/name HTTP/1.1
User-Agent: selenium/4.1.2 (java windows)
Cache-Control: no-cache
Content-Type: application/json; charset=utf-8
host: localhost:61037
accept: */*

Response DefaultHttpResponse(decodeResult: success, version: HTTP/1.1)
HTTP/1.1 200 OK
content-type: application/json; charset=utf-8
cache-control: no-cache
date: Mon, 10 Apr 2023 03:10:38 GMT
content-length: 16

10:10:38.707 [AsyncHttpClient-1-4] DEBUG org.asynchttpclient.netty.channel.ChannelManager - Adding key: http://localhost:61037 for channel [id: 0xb859640b, L:/127.0.0.1:55453 - R:localhost/127.0.0.1:61037]
10:10:38.709 [Forwarding getElementTagName on session 140b9bab-ac96-48ed-acf2-b297297f6c54 to remote] DEBUG org.asynchttpclient.netty.request.NettyRequestSender - Using pooled Channel '[id: 0xb859640b, L:/127.0.0.1:55453 - R:localhost/127.0.0.1:61037]' for 'GET' to 'http://localhost:61037/session/140b9bab-ac96-48ed-acf2-b297297f6c54/element/c0ac9b13-6c99-4859-b790-90aaef2d9c76/name'
10:10:38.709 [Forwarding getElementTagName on session 140b9bab-ac96-48ed-acf2-b297297f6c54 to remote] DEBUG org.asynchttpclient.netty.request.NettyRequestSender - Using open Channel [id: 0xb859640b, L:/127.0.0.1:55453 - R:localhost/127.0.0.1:61037] for GET '/session/140b9bab-ac96-48ed-acf2-b297297f6c54/element/c0ac9b13-6c99-4859-b790-90aaef2d9c76/name'
10:10:38.716 [AsyncHttpClient-1-4] DEBUG org.asynchttpclient.netty.handler.HttpHandler - 

Request DefaultFullHttpRequest(decodeResult: success, version: HTTP/1.1, content: EmptyByteBufBE)
GET /session/140b9bab-ac96-48ed-acf2-b297297f6c54/element/c0ac9b13-6c99-4859-b790-90aaef2d9c76/name HTTP/1.1
User-Agent: selenium/4.1.2 (java windows)
Cache-Control: no-cache
Content-Type: application/json; charset=utf-8
host: localhost:61037
accept: */*

Response DefaultHttpResponse(decodeResult: success, version: HTTP/1.1)
HTTP/1.1 200 OK
content-type: application/json; charset=utf-8
cache-control: no-cache
date: Mon, 10 Apr 2023 03:10:38 GMT
content-length: 16

10:10:38.716 [AsyncHttpClient-1-4] DEBUG org.asynchttpclient.netty.channel.ChannelManager - Adding key: http://localhost:61037 for channel [id: 0xb859640b, L:/127.0.0.1:55453 - R:localhost/127.0.0.1:61037]
10:10:38.719 [Forwarding findElement on session 140b9bab-ac96-48ed-acf2-b297297f6c54 to remote] DEBUG org.asynchttpclient.netty.request.NettyRequestSender - Using pooled Channel '[id: 0xb859640b, L:/127.0.0.1:55453 - R:localhost/127.0.0.1:61037]' for 'POST' to 'http://localhost:61037/session/140b9bab-ac96-48ed-acf2-b297297f6c54/element'
10:10:38.719 [Forwarding findElement on session 140b9bab-ac96-48ed-acf2-b297297f6c54 to remote] DEBUG org.asynchttpclient.netty.request.NettyRequestSender - Using open Channel [id: 0xb859640b, L:/127.0.0.1:55453 - R:localhost/127.0.0.1:61037] for POST '/session/140b9bab-ac96-48ed-acf2-b297297f6c54/element'
10:10:38.844 [AsyncHttpClient-1-4] DEBUG org.asynchttpclient.netty.handler.HttpHandler - 

Request DefaultHttpRequest(decodeResult: success, version: HTTP/1.1)
POST /session/140b9bab-ac96-48ed-acf2-b297297f6c54/element HTTP/1.1
User-Agent: selenium/4.1.2 (java windows)
Content-Length: 104
Content-Type: application/json; charset=utf-8
host: localhost:61037
accept: */*

Response DefaultHttpResponse(decodeResult: success, version: HTTP/1.1)
HTTP/1.1 200 OK
content-type: application/json; charset=utf-8
cache-control: no-cache
date: Mon, 10 Apr 2023 03:10:38 GMT
content-length: 88

10:10:38.844 [AsyncHttpClient-1-4] DEBUG org.asynchttpclient.netty.channel.ChannelManager - Adding key: http://localhost:61037 for channel [id: 0xb859640b, L:/127.0.0.1:55453 - R:localhost/127.0.0.1:61037]
10:10:38.846 [Forwarding clickElement on session 140b9bab-ac96-48ed-acf2-b297297f6c54 to remote] DEBUG org.asynchttpclient.netty.request.NettyRequestSender - Using pooled Channel '[id: 0xb859640b, L:/127.0.0.1:55453 - R:localhost/127.0.0.1:61037]' for 'POST' to 'http://localhost:61037/session/140b9bab-ac96-48ed-acf2-b297297f6c54/element/c0ac9b13-6c99-4859-b790-90aaef2d9c76/click'
10:10:38.846 [Forwarding clickElement on session 140b9bab-ac96-48ed-acf2-b297297f6c54 to remote] DEBUG org.asynchttpclient.netty.request.NettyRequestSender - Using open Channel [id: 0xb859640b, L:/127.0.0.1:55453 - R:localhost/127.0.0.1:61037] for POST '/session/140b9bab-ac96-48ed-acf2-b297297f6c54/element/c0ac9b13-6c99-4859-b790-90aaef2d9c76/click'
10:10:39.259 [AsyncHttpClient-1-4] DEBUG org.asynchttpclient.netty.handler.HttpHandler - 

Request DefaultHttpRequest(decodeResult: success, version: HTTP/1.1)
POST /session/140b9bab-ac96-48ed-acf2-b297297f6c54/element/c0ac9b13-6c99-4859-b790-90aaef2d9c76/click HTTP/1.1
User-Agent: selenium/4.1.2 (java windows)
Content-Length: 50
Content-Type: application/json; charset=utf-8
host: localhost:61037
accept: */*

Response DefaultHttpResponse(decodeResult: success, version: HTTP/1.1)
HTTP/1.1 200 OK
content-type: application/json; charset=utf-8
cache-control: no-cache
date: Mon, 10 Apr 2023 03:10:38 GMT
content-length: 14

10:10:39.259 [AsyncHttpClient-1-4] DEBUG org.asynchttpclient.netty.channel.ChannelManager - Adding key: http://localhost:61037 for channel [id: 0xb859640b, L:/127.0.0.1:55453 - R:localhost/127.0.0.1:61037]
  &amp#27;[32mWhen &amp#27;[0m&amp#27;[32mI will go to &amp#27;[0m&amp#27;[32m&amp#27;[1m"luaran2"&amp#27;[0m     &amp#27;[90m# starter.stepdefinitions.BabyStep.iWillGoTo(java.lang.String)&amp#27;[0m
10:10:39.264 [Forwarding screenshot on session 140b9bab-ac96-48ed-acf2-b297297f6c54 to remote] DEBUG org.asynchttpclient.netty.request.NettyRequestSender - Using pooled Channel '[id: 0xb859640b, L:/127.0.0.1:55453 - R:localhost/127.0.0.1:61037]' for 'GET' to 'http://localhost:61037/session/140b9bab-ac96-48ed-acf2-b297297f6c54/screenshot'
10:10:39.264 [Forwarding screenshot on session 140b9bab-ac96-48ed-acf2-b297297f6c54 to remote] DEBUG org.asynchttpclient.netty.request.NettyRequestSender - Using open Channel [id: 0xb859640b, L:/127.0.0.1:55453 - R:localhost/127.0.0.1:61037] for GET '/session/140b9bab-ac96-48ed-acf2-b297297f6c54/screenshot'
10:10:39.493 [AsyncHttpClient-1-4] DEBUG org.asynchttpclient.netty.handler.HttpHandler - 

Request DefaultFullHttpRequest(decodeResult: success, version: HTTP/1.1, content: EmptyByteBufBE)
GET /session/140b9bab-ac96-48ed-acf2-b297297f6c54/screenshot HTTP/1.1
User-Agent: selenium/4.1.2 (java windows)
Cache-Control: no-cache
Content-Type: application/json; charset=utf-8
host: localhost:61037
accept: */*

Response DefaultHttpResponse(decodeResult: success, version: HTTP/1.1)
HTTP/1.1 200 OK
content-type: application/json; charset=utf-8
cache-control: no-cache
date: Mon, 10 Apr 2023 03:10:38 GMT
content-length: 79724

10:10:39.494 [AsyncHttpClient-1-4] DEBUG org.asynchttpclient.netty.channel.ChannelManager - Adding key: http://localhost:61037 for channel [id: 0xb859640b, L:/127.0.0.1:55453 - R:localhost/127.0.0.1:61037]
10:10:39.497 [main] DEBUG net.serenitybdd.core.photography.Darkroom - Send negative for processing for target\site\serenity\f6c0b7c9aff5ddc63cfc953c778ce4be1530bdbe9408bb395d5830c59453ee6d.png
10:10:39.497 [Darkroom Processing Line] DEBUG net.serenitybdd.core.photography.DarkroomProcessingLine - Processing screenshot image in /var/screenshots/screenshot-2238083209298494162
10:10:39.497 [Darkroom Processing Line] DEBUG net.serenitybdd.core.photography.DarkroomProcessingLine - Saving screenshot to target\site\serenity\f6c0b7c9aff5ddc63cfc953c778ce4be1530bdbe9408bb395d5830c59453ee6d.png
10:10:39.503 [Forwarding findElement on session 140b9bab-ac96-48ed-acf2-b297297f6c54 to remote] DEBUG org.asynchttpclient.netty.request.NettyRequestSender - Using pooled Channel '[id: 0xb859640b, L:/127.0.0.1:55453 - R:localhost/127.0.0.1:61037]' for 'POST' to 'http://localhost:61037/session/140b9bab-ac96-48ed-acf2-b297297f6c54/element'
10:10:39.503 [Forwarding findElement on session 140b9bab-ac96-48ed-acf2-b297297f6c54 to remote] DEBUG org.asynchttpclient.netty.request.NettyRequestSender - Using open Channel [id: 0xb859640b, L:/127.0.0.1:55453 - R:localhost/127.0.0.1:61037] for POST '/session/140b9bab-ac96-48ed-acf2-b297297f6c54/element'
10:10:39.506 [AsyncHttpClient-1-4] DEBUG org.asynchttpclient.netty.handler.HttpHandler - 

Request DefaultHttpRequest(decodeResult: success, version: HTTP/1.1)
POST /session/140b9bab-ac96-48ed-acf2-b297297f6c54/element HTTP/1.1
User-Agent: selenium/4.1.2 (java windows)
Content-Length: 89
Content-Type: application/json; charset=utf-8
host: localhost:61037
accept: */*

Response DefaultHttpResponse(decodeResult: success, version: HTTP/1.1)
HTTP/1.1 200 OK
content-type: application/json; charset=utf-8
cache-control: no-cache
date: Mon, 10 Apr 2023 03:10:39 GMT
content-length: 88

10:10:39.506 [AsyncHttpClient-1-4] DEBUG org.asynchttpclient.netty.channel.ChannelManager - Adding key: http://localhost:61037 for channel [id: 0xb859640b, L:/127.0.0.1:55453 - R:localhost/127.0.0.1:61037]
10:10:39.510 [Forwarding isElementDisplayed on session 140b9bab-ac96-48ed-acf2-b297297f6c54 to remote] DEBUG org.asynchttpclient.netty.request.NettyRequestSender - Using pooled Channel '[id: 0xb859640b, L:/127.0.0.1:55453 - R:localhost/127.0.0.1:61037]' for 'POST' to 'http://localhost:61037/session/140b9bab-ac96-48ed-acf2-b297297f6c54/execute/sync'
10:10:39.510 [Forwarding isElementDisplayed on session 140b9bab-ac96-48ed-acf2-b297297f6c54 to remote] DEBUG org.asynchttpclient.netty.request.NettyRequestSender - Using open Channel [id: 0xb859640b, L:/127.0.0.1:55453 - R:localhost/127.0.0.1:61037] for POST '/session/140b9bab-ac96-48ed-acf2-b297297f6c54/execute/sync'
10:10:39.522 [AsyncHttpClient-1-4] DEBUG org.asynchttpclient.netty.handler.HttpHandler - 

Request DefaultHttpRequest(decodeResult: success, version: HTTP/1.1)
POST /session/140b9bab-ac96-48ed-acf2-b297297f6c54/execute/sync HTTP/1.1
User-Agent: selenium/4.1.2 (java windows)
Content-Length: 48780
Content-Type: application/json; charset=utf-8
host: localhost:61037
accept: */*

Response DefaultHttpResponse(decodeResult: success, version: HTTP/1.1)
HTTP/1.1 200 OK
content-type: application/json; charset=utf-8
cache-control: no-cache
date: Mon, 10 Apr 2023 03:10:39 GMT
content-length: 14

10:10:39.523 [AsyncHttpClient-1-4] DEBUG org.asynchttpclient.netty.channel.ChannelManager - Adding key: http://localhost:61037 for channel [id: 0xb859640b, L:/127.0.0.1:55453 - R:localhost/127.0.0.1:61037]
  &amp#27;[32mAnd &amp#27;[0m&amp#27;[32mI &amp#27;[0m&amp#27;[32m&amp#27;[1m"txtLuaran2"&amp#27;[0m&amp#27;[32m page&amp#27;[0m         &amp#27;[90m# starter.stepdefinitions.BabyStep.iPage(java.lang.String)&amp#27;[0m
10:10:39.532 [Driver Command Executor] DEBUG org.asynchttpclient.netty.request.NettyRequestSender - Using pooled Channel '[id: 0xb859640b, L:/127.0.0.1:55453 - R:localhost/127.0.0.1:61037]' for 'DELETE' to 'http://localhost:61037/session/140b9bab-ac96-48ed-acf2-b297297f6c54'
10:10:39.532 [Driver Command Executor] DEBUG org.asynchttpclient.netty.request.NettyRequestSender - Using open Channel [id: 0xb859640b, L:/127.0.0.1:55453 - R:localhost/127.0.0.1:61037] for DELETE '/session/140b9bab-ac96-48ed-acf2-b297297f6c54'
10:10:40.390 [AsyncHttpClient-1-4] DEBUG org.asynchttpclient.netty.handler.HttpHandler - 

Request DefaultFullHttpRequest(decodeResult: success, version: HTTP/1.1, content: EmptyByteBufBE)
DELETE /session/140b9bab-ac96-48ed-acf2-b297297f6c54 HTTP/1.1
User-Agent: selenium/4.1.2 (java windows)
Content-Type: application/json; charset=utf-8
host: localhost:61037
accept: */*

Response DefaultHttpResponse(decodeResult: success, version: HTTP/1.1)
HTTP/1.1 200 OK
content-type: application/json; charset=utf-8
cache-control: no-cache
date: Mon, 10 Apr 2023 03:10:39 GMT
content-length: 14

10:10:40.390 [AsyncHttpClient-1-4] DEBUG org.asynchttpclient.netty.channel.ChannelManager - Adding key: http://localhost:61037 for channel [id: 0xb859640b, L:/127.0.0.1:55453 - R:localhost/127.0.0.1:61037]
10:10:40.392 [AsyncHttpClient-1-4] DEBUG org.asynchttpclient.netty.handler.HttpHandler - Unexpected I/O exception on channel [id: 0xb859640b, L:/127.0.0.1:55453 - R:localhost/127.0.0.1:61037]
java.net.SocketException: Connection reset
	at java.base/sun.nio.ch.SocketChannelImpl.throwConnectionReset(SocketChannelImpl.java:345)
	at java.base/sun.nio.ch.SocketChannelImpl.read(SocketChannelImpl.java:376)
	at io.netty.buffer.PooledByteBuf.setBytes(PooledByteBuf.java:258)
	at io.netty.buffer.AbstractByteBuf.writeBytes(AbstractByteBuf.java:1132)
	at io.netty.channel.socket.nio.NioSocketChannel.doReadBytes(NioSocketChannel.java:350)
	at io.netty.channel.nio.AbstractNioByteChannel$NioByteUnsafe.read(AbstractNioByteChannel.java:151)
	at io.netty.channel.nio.NioEventLoop.processSelectedKey(NioEventLoop.java:722)
	at io.netty.channel.nio.NioEventLoop.processSelectedKeysOptimized(NioEventLoop.java:658)
	at io.netty.channel.nio.NioEventLoop.processSelectedKeys(NioEventLoop.java:584)
	at io.netty.channel.nio.NioEventLoop.run(NioEventLoop.java:496)
	at io.netty.util.concurrent.SingleThreadEventExecutor$4.run(SingleThreadEventExecutor.java:986)
	at io.netty.util.internal.ThreadExecutorMap$2.run(ThreadExecutorMap.java:74)
	at io.netty.util.concurrent.FastThreadLocalRunnable.run(FastThreadLocalRunnable.java:30)
	at java.base/java.lang.Thread.run(Thread.java:830)
10:10:40.393 [AsyncHttpClient-1-4] DEBUG org.asynchttpclient.netty.channel.ChannelManager - Closing Channel [id: 0xb859640b, L:/127.0.0.1:55453 - R:localhost/127.0.0.1:61037] 
10:10:40.393 [AsyncHttpClient-1-4] DEBUG org.asynchttpclient.netty.handler.HttpHandler - Channel Closed: [id: 0xb859640b, L:/127.0.0.1:55453 ! R:localhost/127.0.0.1:61037] with attribute DISCARD
]]></system-out>
    <system-err><![CDATA[1681096232252	geckodriver	INFO	Listening on 127.0.0.1:61037
1681096232738	mozrunner::runner	INFO	Running command: "C:\\Program Files\\Mozilla Firefox\\firefox.exe" "--marionette" "" "--remote-debugging-port" "54354" "--remote-allow-hosts" "localhost" "-no-remote" "-profile" "C:\\Users\\alwi\\AppData\\Local\\Temp\\rust_mozprofileFSTQ6p"
console.warn: services.settings: Ignoring preference override of remote settings server
console.warn: services.settings: Allow by setting MOZ_REMOTE_SETTINGS_DEVTOOLS=1 in the environment
1681096233060	Marionette	INFO	Marionette enabled
Dynamically enable window occlusion 0
1681096233065	Marionette	INFO	Listening on port 55458
Read port: 55458
WebDriver BiDi listening on ws://127.0.0.1:54354
1681096233189	RemoteAgent	WARN	TLS certificate errors will be ignored for this session
console.warn: SearchSettings: "get: No settings file exists, new profile?" (new NotFoundError("Could not open the file at C:\\Users\\alwi\\AppData\\Local\\Temp\\rust_mozprofileFSTQ6p\\search.json.mozlz4", (void 0)))
DevTools listening on ws://127.0.0.1:54354/devtools/browser/585e18b8-585f-4f11-a298-3de465b0e01b
Apr 10, 2023 10:10:35 AM org.openqa.selenium.remote.ProtocolHandshake createSession
INFO: Detected dialect: W3C
JavaScript warning: https://www.uniqlo.com/Mx95Yd/biG/Wo_/8-IanA/Vu7EGJtwEh/el0ZAQ/aiE/QAlg7T10, line 1: unreachable code after return statement
JavaScript warning: https://www.uniqlo.com/id/elgnisolqinu.js?async&seed=AIAnG2mHAQAAp6_kQ-NvC4pDCvZJooQGzCoxcLZ3CqwiSlxvcp_1EokMlmcT&x-i1ysm4mm--z=q, line 1: WEBGL_debug_renderer_info is deprecated in Firefox and will be removed. Please use RENDERER.
JavaScript warning: https://www.uniqlo.com/Mx95Yd/biG/Wo_/8-IanA/Vu7EGJtwEh/el0ZAQ/aiE/QAlg7T10, line 1: WEBGL_debug_renderer_info is deprecated in Firefox and will be removed. Please use RENDERER.
1681096239535	Marionette	INFO	Stopped listening on port 55458
Dynamically enable window occlusion 1
WARNING: A blocker encountered an error while we were waiting.
          Blocker:  Waiting for ping task
          Phase: TelemetryController: Waiting for pending ping activity
          State: (none)
WARNING: Error: Phase "profile-before-change" is finished, it is too late to register completion condition "OS.File: flush I/O queued before profileBeforeChange"
WARNING: addBlocker@resource://gre/modules/AsyncShutdown.sys.mjs:727:15
addBlocker@resource://gre/modules/AsyncShutdown.sys.mjs:523:26
addBlocker@resource://gre/modules/AsyncShutdown.sys.mjs:458:15
setupShutdown@resource://gre/modules/osfile/osfile_async_front.jsm:1548:28
@resource://gre/modules/osfile/osfile_async_front.jsm:1568:16
@resource://gre/modules/osfile.jsm:12:30
@resource://gre/modules/TelemetryStorage.sys.mjs:10:28
_checkPendingPings@resource://gre/modules/TelemetrySend.sys.mjs:863:17
setup@resource://gre/modules/TelemetrySend.sys.mjs:803:18
setup@resource://gre/modules/TelemetrySend.sys.mjs:241:30
setupTelemetry/this._delayedInitTask<@resource://gre/modules/TelemetryControllerParent.sys.mjs:828:36
observe@resource://gre/modules/AsyncShutdown.sys.mjs:576:16

console.error: "TelemetryScheduler.shutdown - Already shut down"
WARNING: A blocker encountered an error while we were waiting.
          Blocker:  Waiting for ping task
          Phase: TelemetryController: Waiting for pending ping activity
          State: (none)
WARNING: Error: Phase "profile-before-change" is finished, it is too late to register completion condition "OS.File: flush I/O queued before profileBeforeChange"
WARNING: addBlocker@resource://gre/modules/AsyncShutdown.sys.mjs:727:15
addBlocker@resource://gre/modules/AsyncShutdown.sys.mjs:523:26
addBlocker@resource://gre/modules/AsyncShutdown.sys.mjs:458:15
setupShutdown@resource://gre/modules/osfile/osfile_async_front.jsm:1548:28
@resource://gre/modules/osfile/osfile_async_front.jsm:1568:16
@resource://gre/modules/osfile.jsm:12:30
@resource://gre/modules/TelemetryStorage.sys.mjs:10:28
_checkPendingPings@resource://gre/modules/TelemetrySend.sys.mjs:863:17
setup@resource://gre/modules/TelemetrySend.sys.mjs:803:18
setup@resource://gre/modules/TelemetrySend.sys.mjs:241:30
setupTelemetry/this._delayedInitTask<@resource://gre/modules/TelemetryControllerParent.sys.mjs:828:36
observe@resource://gre/modules/AsyncShutdown.sys.mjs:576:16

WARNING: A blocker encountered an error while we were waiting.
          Blocker:  Waiting for ping task
          Phase: TelemetryController: Waiting for pending ping activity
          State: (none)
WARNING: Error: Phase "profile-before-change" is finished, it is too late to register completion condition "OS.File: flush I/O queued before profileBeforeChange"
WARNING: addBlocker@resource://gre/modules/AsyncShutdown.sys.mjs:727:15
addBlocker@resource://gre/modules/AsyncShutdown.sys.mjs:523:26
addBlocker@resource://gre/modules/AsyncShutdown.sys.mjs:458:15
setupShutdown@resource://gre/modules/osfile/osfile_async_front.jsm:1548:28
@resource://gre/modules/osfile/osfile_async_front.jsm:1568:16
@resource://gre/modules/osfile.jsm:12:30
@resource://gre/modules/TelemetryStorage.sys.mjs:10:28
_checkPendingPings@resource://gre/modules/TelemetrySend.sys.mjs:863:17
setup@resource://gre/modules/TelemetrySend.sys.mjs:803:18
setup@resource://gre/modules/TelemetrySend.sys.mjs:241:30
setupTelemetry/this._delayedInitTask<@resource://gre/modules/TelemetryControllerParent.sys.mjs:828:36
observe@resource://gre/modules/AsyncShutdown.sys.mjs:576:16

WARNING: A blocker encountered an error while we were waiting.
          Blocker:  TelemetryController: shutting down
          Phase: profile-before-change-telemetry
          State: Error getting state: Error: Phase "profile-before-change" is finished, it is too late to register completion condition "OS.File: flush I/O queued before profileBeforeChange" at addBlocker@resource://gre/modules/AsyncShutdown.sys.mjs:727:15
addBlocker@resource://gre/modules/AsyncShutdown.sys.mjs:523:26
addBlocker@resource://gre/modules/AsyncShutdown.sys.mjs:458:15
setupShutdown@resource://gre/modules/osfile/osfile_async_front.jsm:1548:28
@resource://gre/modules/osfile/osfile_async_front.jsm:1568:16
@resource://gre/modules/osfile.jsm:12:30
@resource://gre/modules/TelemetryStorage.sys.mjs:10:28
_checkPendingPings@resource://gre/modules/TelemetrySend.sys.mjs:863:17
setup@resource://gre/modules/TelemetrySend.sys.mjs:803:18
setup@resource://gre/modules/TelemetrySend.sys.mjs:241:30
setupTelemetry/this._delayedInitTask<@resource://gre/modules/TelemetryControllerParent.sys.mjs:828:36
observe@resource://gre/modules/AsyncShutdown.sys.mjs:576:16

WARNING: Error: Phase "profile-before-change" is finished, it is too late to register completion condition "OS.File: flush I/O queued before profileBeforeChange"
WARNING: addBlocker@resource://gre/modules/AsyncShutdown.sys.mjs:727:15
addBlocker@resource://gre/modules/AsyncShutdown.sys.mjs:523:26
addBlocker@resource://gre/modules/AsyncShutdown.sys.mjs:458:15
setupShutdown@resource://gre/modules/osfile/osfile_async_front.jsm:1548:28
@resource://gre/modules/osfile/osfile_async_front.jsm:1568:16
@resource://gre/modules/osfile.jsm:12:30
@resource://gre/modules/TelemetryStorage.sys.mjs:10:28
_checkPendingPings@resource://gre/modules/TelemetrySend.sys.mjs:863:17
setup@resource://gre/modules/TelemetrySend.sys.mjs:803:18
setup@resource://gre/modules/TelemetrySend.sys.mjs:241:30
setupTelemetry/this._delayedInitTask<@resource://gre/modules/TelemetryControllerParent.sys.mjs:828:36
observe@resource://gre/modules/AsyncShutdown.sys.mjs:576:16

JavaScript error: resource://gre/modules/AsyncShutdown.sys.mjs, line 727: Error: Phase "profile-before-change" is finished, it is too late to register completion condition "OS.File: flush I/O queued before profileBeforeChange"
JavaScript error: resource://gre/modules/AsyncShutdown.sys.mjs, line 727: Error: Phase "profile-before-change" is finished, it is too late to register completion condition "OS.File: flush I/O queued before profileBeforeChange"
JavaScript error: resource://gre/modules/AsyncShutdown.sys.mjs, line 727: Error: Phase "profile-before-change" is finished, it is too late to register completion condition "OS.File: flush I/O queued before profileBeforeChange"
JavaScript error: resource://gre/modules/AsyncShutdown.sys.mjs, line 727: Error: Phase "profile-before-change" is finished, it is too late to register completion condition "OS.File: flush I/O queued before profileBeforeChange"
JavaScript error: resource://gre/modules/AsyncShutdown.sys.mjs, line 727: Error: Phase "profile-before-change" is finished, it is too late to register completion condition "OS.File: flush I/O queued before profileBeforeChange"
JavaScript error: resource://gre/modules/AsyncShutdown.sys.mjs, line 727: Error: Phase "profile-before-change" is finished, it is too late to register completion condition "OS.File: flush I/O queued before profileBeforeChange"
]]></system-err>
  </testcase>
  <testcase name="Fitur Menu Baby #18" classname="Baby" time="8.422">
    <system-out><![CDATA[
@baby
Scenario Outline: Fitur Menu Baby &amp#27;[90m# src/test/resources/features/Baby.feature:30&amp#27;[0m
10:10:40.459 [main] INFO io.cucumber.core.plugin.SerenityReporter - Running feature from file:///C:/Users/alwi/IdeaProjects/uniqloweb/src/test/resources/features/Baby.feature
10:10:40.474 [main] INFO net.serenitybdd.core.webdriver.driverproviders.FirefoxDriverProvider - Using automatically driver download
10:10:40.519 [AsyncHttpClient-1-1] DEBUG org.asynchttpclient.netty.channel.DefaultChannelPool - Entry count for : http://localhost:61037 : 1
10:10:40.519 [AsyncHttpClient-1-1] DEBUG org.asynchttpclient.netty.channel.DefaultChannelPool - Adding Candidate expired Channel [id: 0xb859640b, L:/127.0.0.1:55453 ! R:localhost/127.0.0.1:61037] isIdleTimeoutExpired=false isRemotelyClosed=true isTtlExpired=false
10:10:40.519 [AsyncHttpClient-1-1] DEBUG org.asynchttpclient.netty.channel.DefaultChannelPool - Closing Idle Channel [id: 0xb859640b, L:/127.0.0.1:55453 ! R:localhost/127.0.0.1:61037]
10:10:40.519 [AsyncHttpClient-1-1] DEBUG org.asynchttpclient.netty.channel.DefaultChannelPool - Closed 1 connections out of 1 in 0 ms
10:10:40.601 [main] DEBUG io.github.bonigarcia.wdm.cache.ResolutionCache - Resolution firefox=111 in cache (valid until 10:32:56 10/04/2023 WIB)
10:10:40.606 [main] DEBUG io.github.bonigarcia.wdm.cache.ResolutionCache - Resolution firefox111=0.32.2 in cache (valid until 19:30:50 10/04/2023 WIB)
10:10:40.610 [main] INFO io.github.bonigarcia.wdm.WebDriverManager - Using geckodriver 0.32.2 (resolved driver for Firefox 111)
10:10:40.630 [main] DEBUG io.github.bonigarcia.wdm.WebDriverManager - Driver geckodriver 0.32.2 found in cache
10:10:40.631 [main] INFO io.github.bonigarcia.wdm.WebDriverManager - Exporting webdriver.gecko.driver as C:\Users\alwi\.cache\selenium\geckodriver\win64\0.32.2\geckodriver.exe
10:10:40.646 [main] DEBUG net.serenitybdd.core.webdriver.driverproviders.ProvideNewDriver - Instantiating driver
10:10:40.646 [main] DEBUG net.serenitybdd.core.webdriver.driverproviders.ProvideNewDriver - Driver capabilities: Capabilities {acceptInsecureCerts: true, browserName: firefox, moz:debuggerAddress: true, moz:firefoxOptions: {args: [], profile: UEsDBBQACAgIAFRRilYAAAAAAAA...}}
10:10:41.183 [AsyncHttpClient-1-6] DEBUG org.asynchttpclient.netty.channel.NettyConnectListener - Using new Channel '[id: 0xde84531b, L:/127.0.0.1:55534 - R:localhost/127.0.0.1:53022]' for 'POST' to '/session'
10:10:43.504 [AsyncHttpClient-1-6] DEBUG org.asynchttpclient.netty.handler.HttpHandler - 

Request DefaultHttpRequest(decodeResult: success, version: HTTP/1.1)
POST /session HTTP/1.1
User-Agent: selenium/4.1.2 (java windows)
Content-Length: 3673
Content-Type: application/json; charset=utf-8
host: localhost:53022
accept: */*

Response DefaultHttpResponse(decodeResult: success, version: HTTP/1.1)
HTTP/1.1 200 OK
content-type: application/json; charset=utf-8
cache-control: no-cache
date: Mon, 10 Apr 2023 03:10:41 GMT
content-length: 789

10:10:43.504 [AsyncHttpClient-1-6] DEBUG org.asynchttpclient.netty.channel.ChannelManager - Adding key: http://localhost:53022 for channel [id: 0xde84531b, L:/127.0.0.1:55534 - R:localhost/127.0.0.1:53022]
10:10:43.510 [AsyncHttpClient-1-7] DEBUG org.asynchttpclient.netty.channel.NettyConnectListener - Using new Channel '[id: 0xe407b01a, L:/127.0.0.1:55550 - R:/127.0.0.1:50880]' for 'GET' to '/json/version'
10:10:43.514 [AsyncHttpClient-1-7] DEBUG org.asynchttpclient.netty.handler.HttpHandler - 

Request DefaultFullHttpRequest(decodeResult: success, version: HTTP/1.1, content: EmptyByteBufBE)
GET /json/version HTTP/1.1
User-Agent: selenium/4.1.2 (java windows)
host: 127.0.0.1:50880
accept: */*

Response DefaultHttpResponse(decodeResult: success, version: HTTP/1.1)
HTTP/1.1 200 OK
content-type: application/json
connection: close
server: httpd.js
date: Mon, 10 Apr 2023 03:10:43 GMT
content-length: 311

10:10:43.514 [AsyncHttpClient-1-7] DEBUG org.asynchttpclient.netty.channel.ChannelManager - Closing Channel [id: 0xe407b01a, L:/127.0.0.1:55550 - R:/127.0.0.1:50880] 
10:10:43.514 [AsyncHttpClient-1-7] DEBUG org.asynchttpclient.netty.handler.HttpHandler - Channel Closed: [id: 0xe407b01a, L:/127.0.0.1:55550 ! R:/127.0.0.1:50880] with attribute DISCARD
10:10:43.516 [Forwarding get on session ecb295dc-cc71-4151-837c-bf0bb8b5acde to remote] DEBUG org.asynchttpclient.netty.request.NettyRequestSender - Using pooled Channel '[id: 0xde84531b, L:/127.0.0.1:55534 - R:localhost/127.0.0.1:53022]' for 'POST' to 'http://localhost:53022/session/ecb295dc-cc71-4151-837c-bf0bb8b5acde/url'
10:10:43.516 [Forwarding get on session ecb295dc-cc71-4151-837c-bf0bb8b5acde to remote] DEBUG org.asynchttpclient.netty.request.NettyRequestSender - Using open Channel [id: 0xde84531b, L:/127.0.0.1:55534 - R:localhost/127.0.0.1:53022] for POST '/session/ecb295dc-cc71-4151-837c-bf0bb8b5acde/url'
10:10:45.575 [AsyncHttpClient-1-6] DEBUG org.asynchttpclient.netty.handler.HttpHandler - 

Request DefaultHttpRequest(decodeResult: success, version: HTTP/1.1)
POST /session/ecb295dc-cc71-4151-837c-bf0bb8b5acde/url HTTP/1.1
User-Agent: selenium/4.1.2 (java windows)
Content-Length: 69
Content-Type: application/json; charset=utf-8
host: localhost:53022
accept: */*

Response DefaultHttpResponse(decodeResult: success, version: HTTP/1.1)
HTTP/1.1 200 OK
content-type: application/json; charset=utf-8
cache-control: no-cache
date: Mon, 10 Apr 2023 03:10:43 GMT
content-length: 14

10:10:45.575 [AsyncHttpClient-1-6] DEBUG org.asynchttpclient.netty.channel.ChannelManager - Adding key: http://localhost:53022 for channel [id: 0xde84531b, L:/127.0.0.1:55534 - R:localhost/127.0.0.1:53022]
10:10:45.577 [Forwarding setTimeout on session ecb295dc-cc71-4151-837c-bf0bb8b5acde to remote] DEBUG org.asynchttpclient.netty.request.NettyRequestSender - Using pooled Channel '[id: 0xde84531b, L:/127.0.0.1:55534 - R:localhost/127.0.0.1:53022]' for 'POST' to 'http://localhost:53022/session/ecb295dc-cc71-4151-837c-bf0bb8b5acde/timeouts'
10:10:45.577 [Forwarding setTimeout on session ecb295dc-cc71-4151-837c-bf0bb8b5acde to remote] DEBUG org.asynchttpclient.netty.request.NettyRequestSender - Using open Channel [id: 0xde84531b, L:/127.0.0.1:55534 - R:localhost/127.0.0.1:53022] for POST '/session/ecb295dc-cc71-4151-837c-bf0bb8b5acde/timeouts'
10:10:45.582 [AsyncHttpClient-1-6] DEBUG org.asynchttpclient.netty.handler.HttpHandler - 

Request DefaultHttpRequest(decodeResult: success, version: HTTP/1.1)
POST /session/ecb295dc-cc71-4151-837c-bf0bb8b5acde/timeouts HTTP/1.1
User-Agent: selenium/4.1.2 (java windows)
Content-Length: 22
Content-Type: application/json; charset=utf-8
host: localhost:53022
accept: */*

Response DefaultHttpResponse(decodeResult: success, version: HTTP/1.1)
HTTP/1.1 200 OK
content-type: application/json; charset=utf-8
cache-control: no-cache
date: Mon, 10 Apr 2023 03:10:45 GMT
content-length: 14

10:10:45.582 [AsyncHttpClient-1-6] DEBUG org.asynchttpclient.netty.channel.ChannelManager - Adding key: http://localhost:53022 for channel [id: 0xde84531b, L:/127.0.0.1:55534 - R:localhost/127.0.0.1:53022]
10:10:45.586 [Forwarding getCurrentUrl on session ecb295dc-cc71-4151-837c-bf0bb8b5acde to remote] DEBUG org.asynchttpclient.netty.request.NettyRequestSender - Using pooled Channel '[id: 0xde84531b, L:/127.0.0.1:55534 - R:localhost/127.0.0.1:53022]' for 'GET' to 'http://localhost:53022/session/ecb295dc-cc71-4151-837c-bf0bb8b5acde/url'
10:10:45.586 [Forwarding getCurrentUrl on session ecb295dc-cc71-4151-837c-bf0bb8b5acde to remote] DEBUG org.asynchttpclient.netty.request.NettyRequestSender - Using open Channel [id: 0xde84531b, L:/127.0.0.1:55534 - R:localhost/127.0.0.1:53022] for GET '/session/ecb295dc-cc71-4151-837c-bf0bb8b5acde/url'
10:10:45.597 [AsyncHttpClient-1-6] DEBUG org.asynchttpclient.netty.handler.HttpHandler - 

Request DefaultFullHttpRequest(decodeResult: success, version: HTTP/1.1, content: EmptyByteBufBE)
GET /session/ecb295dc-cc71-4151-837c-bf0bb8b5acde/url HTTP/1.1
User-Agent: selenium/4.1.2 (java windows)
Cache-Control: no-cache
Content-Type: application/json; charset=utf-8
host: localhost:53022
accept: */*

Response DefaultHttpResponse(decodeResult: success, version: HTTP/1.1)
HTTP/1.1 200 OK
content-type: application/json; charset=utf-8
cache-control: no-cache
date: Mon, 10 Apr 2023 03:10:45 GMT
content-length: 41

10:10:45.597 [AsyncHttpClient-1-6] DEBUG org.asynchttpclient.netty.channel.ChannelManager - Adding key: http://localhost:53022 for channel [id: 0xde84531b, L:/127.0.0.1:55534 - R:localhost/127.0.0.1:53022]
  &amp#27;[32mGiven &amp#27;[0m&amp#27;[32mI am on the home page&amp#27;[0m     &amp#27;[90m# starter.stepdefinitions.BabyStep.iAmOnTheHomePage()&amp#27;[0m
10:10:45.605 [Forwarding screenshot on session ecb295dc-cc71-4151-837c-bf0bb8b5acde to remote] DEBUG org.asynchttpclient.netty.request.NettyRequestSender - Using pooled Channel '[id: 0xde84531b, L:/127.0.0.1:55534 - R:localhost/127.0.0.1:53022]' for 'GET' to 'http://localhost:53022/session/ecb295dc-cc71-4151-837c-bf0bb8b5acde/screenshot'
10:10:45.605 [Forwarding screenshot on session ecb295dc-cc71-4151-837c-bf0bb8b5acde to remote] DEBUG org.asynchttpclient.netty.request.NettyRequestSender - Using open Channel [id: 0xde84531b, L:/127.0.0.1:55534 - R:localhost/127.0.0.1:53022] for GET '/session/ecb295dc-cc71-4151-837c-bf0bb8b5acde/screenshot'
10:10:46.211 [AsyncHttpClient-1-6] DEBUG org.asynchttpclient.netty.handler.HttpHandler - 

Request DefaultFullHttpRequest(decodeResult: success, version: HTTP/1.1, content: EmptyByteBufBE)
GET /session/ecb295dc-cc71-4151-837c-bf0bb8b5acde/screenshot HTTP/1.1
User-Agent: selenium/4.1.2 (java windows)
Cache-Control: no-cache
Content-Type: application/json; charset=utf-8
host: localhost:53022
accept: */*

Response DefaultHttpResponse(decodeResult: success, version: HTTP/1.1)
HTTP/1.1 200 OK
content-type: application/json; charset=utf-8
cache-control: no-cache
date: Mon, 10 Apr 2023 03:10:45 GMT
content-length: 104688

10:10:46.212 [AsyncHttpClient-1-6] DEBUG org.asynchttpclient.netty.channel.ChannelManager - Adding key: http://localhost:53022 for channel [id: 0xde84531b, L:/127.0.0.1:55534 - R:localhost/127.0.0.1:53022]
10:10:46.215 [main] DEBUG net.serenitybdd.core.photography.Darkroom - Send negative for processing for target\site\serenity\ff2dd804923e3c5258b54be7fa316a40f671443e6dd67abc599224625498a61c.png
10:10:46.224 [Forwarding findElement on session ecb295dc-cc71-4151-837c-bf0bb8b5acde to remote] DEBUG org.asynchttpclient.netty.request.NettyRequestSender - Using pooled Channel '[id: 0xde84531b, L:/127.0.0.1:55534 - R:localhost/127.0.0.1:53022]' for 'POST' to 'http://localhost:53022/session/ecb295dc-cc71-4151-837c-bf0bb8b5acde/element'
10:10:46.224 [Forwarding findElement on session ecb295dc-cc71-4151-837c-bf0bb8b5acde to remote] DEBUG org.asynchttpclient.netty.request.NettyRequestSender - Using open Channel [id: 0xde84531b, L:/127.0.0.1:55534 - R:localhost/127.0.0.1:53022] for POST '/session/ecb295dc-cc71-4151-837c-bf0bb8b5acde/element'
10:10:46.266 [AsyncHttpClient-1-6] DEBUG org.asynchttpclient.netty.handler.HttpHandler - 

Request DefaultHttpRequest(decodeResult: success, version: HTTP/1.1)
POST /session/ecb295dc-cc71-4151-837c-bf0bb8b5acde/element HTTP/1.1
User-Agent: selenium/4.1.2 (java windows)
Content-Length: 81
Content-Type: application/json; charset=utf-8
host: localhost:53022
accept: */*

Response DefaultHttpResponse(decodeResult: success, version: HTTP/1.1)
HTTP/1.1 200 OK
content-type: application/json; charset=utf-8
cache-control: no-cache
date: Mon, 10 Apr 2023 03:10:45 GMT
content-length: 88

10:10:46.267 [AsyncHttpClient-1-6] DEBUG org.asynchttpclient.netty.channel.ChannelManager - Adding key: http://localhost:53022 for channel [id: 0xde84531b, L:/127.0.0.1:55534 - R:localhost/127.0.0.1:53022]
10:10:46.269 [Forwarding getElementTagName on session ecb295dc-cc71-4151-837c-bf0bb8b5acde to remote] DEBUG org.asynchttpclient.netty.request.NettyRequestSender - Using pooled Channel '[id: 0xde84531b, L:/127.0.0.1:55534 - R:localhost/127.0.0.1:53022]' for 'GET' to 'http://localhost:53022/session/ecb295dc-cc71-4151-837c-bf0bb8b5acde/element/934ace17-81c3-4a20-8e74-f7c3848638a8/name'
10:10:46.269 [Forwarding getElementTagName on session ecb295dc-cc71-4151-837c-bf0bb8b5acde to remote] DEBUG org.asynchttpclient.netty.request.NettyRequestSender - Using open Channel [id: 0xde84531b, L:/127.0.0.1:55534 - R:localhost/127.0.0.1:53022] for GET '/session/ecb295dc-cc71-4151-837c-bf0bb8b5acde/element/934ace17-81c3-4a20-8e74-f7c3848638a8/name'
10:10:46.349 [AsyncHttpClient-1-6] DEBUG org.asynchttpclient.netty.handler.HttpHandler - 

Request DefaultFullHttpRequest(decodeResult: success, version: HTTP/1.1, content: EmptyByteBufBE)
GET /session/ecb295dc-cc71-4151-837c-bf0bb8b5acde/element/934ace17-81c3-4a20-8e74-f7c3848638a8/name HTTP/1.1
User-Agent: selenium/4.1.2 (java windows)
Cache-Control: no-cache
Content-Type: application/json; charset=utf-8
host: localhost:53022
accept: */*

Response DefaultHttpResponse(decodeResult: success, version: HTTP/1.1)
HTTP/1.1 200 OK
content-type: application/json; charset=utf-8
cache-control: no-cache
date: Mon, 10 Apr 2023 03:10:45 GMT
content-length: 16

10:10:46.349 [AsyncHttpClient-1-6] DEBUG org.asynchttpclient.netty.channel.ChannelManager - Adding key: http://localhost:53022 for channel [id: 0xde84531b, L:/127.0.0.1:55534 - R:localhost/127.0.0.1:53022]
10:10:46.350 [Forwarding getElementTagName on session ecb295dc-cc71-4151-837c-bf0bb8b5acde to remote] DEBUG org.asynchttpclient.netty.request.NettyRequestSender - Using pooled Channel '[id: 0xde84531b, L:/127.0.0.1:55534 - R:localhost/127.0.0.1:53022]' for 'GET' to 'http://localhost:53022/session/ecb295dc-cc71-4151-837c-bf0bb8b5acde/element/934ace17-81c3-4a20-8e74-f7c3848638a8/name'
10:10:46.350 [Forwarding getElementTagName on session ecb295dc-cc71-4151-837c-bf0bb8b5acde to remote] DEBUG org.asynchttpclient.netty.request.NettyRequestSender - Using open Channel [id: 0xde84531b, L:/127.0.0.1:55534 - R:localhost/127.0.0.1:53022] for GET '/session/ecb295dc-cc71-4151-837c-bf0bb8b5acde/element/934ace17-81c3-4a20-8e74-f7c3848638a8/name'
10:10:46.414 [AsyncHttpClient-1-6] DEBUG org.asynchttpclient.netty.handler.HttpHandler - 

Request DefaultFullHttpRequest(decodeResult: success, version: HTTP/1.1, content: EmptyByteBufBE)
GET /session/ecb295dc-cc71-4151-837c-bf0bb8b5acde/element/934ace17-81c3-4a20-8e74-f7c3848638a8/name HTTP/1.1
User-Agent: selenium/4.1.2 (java windows)
Cache-Control: no-cache
Content-Type: application/json; charset=utf-8
host: localhost:53022
accept: */*

Response DefaultHttpResponse(decodeResult: success, version: HTTP/1.1)
HTTP/1.1 200 OK
content-type: application/json; charset=utf-8
cache-control: no-cache
date: Mon, 10 Apr 2023 03:10:45 GMT
content-length: 16

10:10:46.414 [AsyncHttpClient-1-6] DEBUG org.asynchttpclient.netty.channel.ChannelManager - Adding key: http://localhost:53022 for channel [id: 0xde84531b, L:/127.0.0.1:55534 - R:localhost/127.0.0.1:53022]
10:10:46.418 [Forwarding findElement on session ecb295dc-cc71-4151-837c-bf0bb8b5acde to remote] DEBUG org.asynchttpclient.netty.request.NettyRequestSender - Using pooled Channel '[id: 0xde84531b, L:/127.0.0.1:55534 - R:localhost/127.0.0.1:53022]' for 'POST' to 'http://localhost:53022/session/ecb295dc-cc71-4151-837c-bf0bb8b5acde/element'
10:10:46.418 [Forwarding findElement on session ecb295dc-cc71-4151-837c-bf0bb8b5acde to remote] DEBUG org.asynchttpclient.netty.request.NettyRequestSender - Using open Channel [id: 0xde84531b, L:/127.0.0.1:55534 - R:localhost/127.0.0.1:53022] for POST '/session/ecb295dc-cc71-4151-837c-bf0bb8b5acde/element'
10:10:46.428 [AsyncHttpClient-1-6] DEBUG org.asynchttpclient.netty.handler.HttpHandler - 

Request DefaultHttpRequest(decodeResult: success, version: HTTP/1.1)
POST /session/ecb295dc-cc71-4151-837c-bf0bb8b5acde/element HTTP/1.1
User-Agent: selenium/4.1.2 (java windows)
Content-Length: 81
Content-Type: application/json; charset=utf-8
host: localhost:53022
accept: */*

Response DefaultHttpResponse(decodeResult: success, version: HTTP/1.1)
HTTP/1.1 200 OK
content-type: application/json; charset=utf-8
cache-control: no-cache
date: Mon, 10 Apr 2023 03:10:45 GMT
content-length: 88

10:10:46.428 [AsyncHttpClient-1-6] DEBUG org.asynchttpclient.netty.channel.ChannelManager - Adding key: http://localhost:53022 for channel [id: 0xde84531b, L:/127.0.0.1:55534 - R:localhost/127.0.0.1:53022]
10:10:46.430 [Forwarding clickElement on session ecb295dc-cc71-4151-837c-bf0bb8b5acde to remote] DEBUG org.asynchttpclient.netty.request.NettyRequestSender - Using pooled Channel '[id: 0xde84531b, L:/127.0.0.1:55534 - R:localhost/127.0.0.1:53022]' for 'POST' to 'http://localhost:53022/session/ecb295dc-cc71-4151-837c-bf0bb8b5acde/element/934ace17-81c3-4a20-8e74-f7c3848638a8/click'
10:10:46.430 [Forwarding clickElement on session ecb295dc-cc71-4151-837c-bf0bb8b5acde to remote] DEBUG org.asynchttpclient.netty.request.NettyRequestSender - Using open Channel [id: 0xde84531b, L:/127.0.0.1:55534 - R:localhost/127.0.0.1:53022] for POST '/session/ecb295dc-cc71-4151-837c-bf0bb8b5acde/element/934ace17-81c3-4a20-8e74-f7c3848638a8/click'
10:10:47.043 [AsyncHttpClient-1-6] DEBUG org.asynchttpclient.netty.handler.HttpHandler - 

Request DefaultHttpRequest(decodeResult: success, version: HTTP/1.1)
POST /session/ecb295dc-cc71-4151-837c-bf0bb8b5acde/element/934ace17-81c3-4a20-8e74-f7c3848638a8/click HTTP/1.1
User-Agent: selenium/4.1.2 (java windows)
Content-Length: 50
Content-Type: application/json; charset=utf-8
host: localhost:53022
accept: */*

Response DefaultHttpResponse(decodeResult: success, version: HTTP/1.1)
HTTP/1.1 200 OK
content-type: application/json; charset=utf-8
cache-control: no-cache
date: Mon, 10 Apr 2023 03:10:45 GMT
content-length: 14

10:10:47.043 [AsyncHttpClient-1-6] DEBUG org.asynchttpclient.netty.channel.ChannelManager - Adding key: http://localhost:53022 for channel [id: 0xde84531b, L:/127.0.0.1:55534 - R:localhost/127.0.0.1:53022]
  &amp#27;[32mThen &amp#27;[0m&amp#27;[32mI click baby on the header&amp#27;[0m &amp#27;[90m# starter.stepdefinitions.BabyStep.iClickBabyOnTheHeader()&amp#27;[0m
10:10:47.051 [Forwarding screenshot on session ecb295dc-cc71-4151-837c-bf0bb8b5acde to remote] DEBUG org.asynchttpclient.netty.request.NettyRequestSender - Using pooled Channel '[id: 0xde84531b, L:/127.0.0.1:55534 - R:localhost/127.0.0.1:53022]' for 'GET' to 'http://localhost:53022/session/ecb295dc-cc71-4151-837c-bf0bb8b5acde/screenshot'
10:10:47.051 [Forwarding screenshot on session ecb295dc-cc71-4151-837c-bf0bb8b5acde to remote] DEBUG org.asynchttpclient.netty.request.NettyRequestSender - Using open Channel [id: 0xde84531b, L:/127.0.0.1:55534 - R:localhost/127.0.0.1:53022] for GET '/session/ecb295dc-cc71-4151-837c-bf0bb8b5acde/screenshot'
10:10:47.146 [AsyncHttpClient-1-6] DEBUG org.asynchttpclient.netty.handler.HttpHandler - 

Request DefaultFullHttpRequest(decodeResult: success, version: HTTP/1.1, content: EmptyByteBufBE)
GET /session/ecb295dc-cc71-4151-837c-bf0bb8b5acde/screenshot HTTP/1.1
User-Agent: selenium/4.1.2 (java windows)
Cache-Control: no-cache
Content-Type: application/json; charset=utf-8
host: localhost:53022
accept: */*

Response DefaultHttpResponse(decodeResult: success, version: HTTP/1.1)
HTTP/1.1 200 OK
content-type: application/json; charset=utf-8
cache-control: no-cache
date: Mon, 10 Apr 2023 03:10:47 GMT
content-length: 97816

10:10:47.146 [AsyncHttpClient-1-6] DEBUG org.asynchttpclient.netty.channel.ChannelManager - Adding key: http://localhost:53022 for channel [id: 0xde84531b, L:/127.0.0.1:55534 - R:localhost/127.0.0.1:53022]
10:10:47.151 [main] DEBUG net.serenitybdd.core.photography.Darkroom - Send negative for processing for target\site\serenity\435c6f3db0c6df87c32ed1cee5dac4ede110cea4a7b50e356675198710aab646.png
10:10:47.161 [Forwarding findElement on session ecb295dc-cc71-4151-837c-bf0bb8b5acde to remote] DEBUG org.asynchttpclient.netty.request.NettyRequestSender - Using pooled Channel '[id: 0xde84531b, L:/127.0.0.1:55534 - R:localhost/127.0.0.1:53022]' for 'POST' to 'http://localhost:53022/session/ecb295dc-cc71-4151-837c-bf0bb8b5acde/element'
10:10:47.161 [Forwarding findElement on session ecb295dc-cc71-4151-837c-bf0bb8b5acde to remote] DEBUG org.asynchttpclient.netty.request.NettyRequestSender - Using open Channel [id: 0xde84531b, L:/127.0.0.1:55534 - R:localhost/127.0.0.1:53022] for POST '/session/ecb295dc-cc71-4151-837c-bf0bb8b5acde/element'
10:10:47.179 [AsyncHttpClient-1-6] DEBUG org.asynchttpclient.netty.handler.HttpHandler - 

Request DefaultHttpRequest(decodeResult: success, version: HTTP/1.1)
POST /session/ecb295dc-cc71-4151-837c-bf0bb8b5acde/element HTTP/1.1
User-Agent: selenium/4.1.2 (java windows)
Content-Length: 105
Content-Type: application/json; charset=utf-8
host: localhost:53022
accept: */*

Response DefaultHttpResponse(decodeResult: success, version: HTTP/1.1)
HTTP/1.1 200 OK
content-type: application/json; charset=utf-8
cache-control: no-cache
date: Mon, 10 Apr 2023 03:10:47 GMT
content-length: 88

10:10:47.179 [AsyncHttpClient-1-6] DEBUG org.asynchttpclient.netty.channel.ChannelManager - Adding key: http://localhost:53022 for channel [id: 0xde84531b, L:/127.0.0.1:55534 - R:localhost/127.0.0.1:53022]
10:10:47.181 [Forwarding getElementTagName on session ecb295dc-cc71-4151-837c-bf0bb8b5acde to remote] DEBUG org.asynchttpclient.netty.request.NettyRequestSender - Using pooled Channel '[id: 0xde84531b, L:/127.0.0.1:55534 - R:localhost/127.0.0.1:53022]' for 'GET' to 'http://localhost:53022/session/ecb295dc-cc71-4151-837c-bf0bb8b5acde/element/b0ecdb70-c97c-4916-8eae-38548fb9d4c2/name'
10:10:47.181 [Forwarding getElementTagName on session ecb295dc-cc71-4151-837c-bf0bb8b5acde to remote] DEBUG org.asynchttpclient.netty.request.NettyRequestSender - Using open Channel [id: 0xde84531b, L:/127.0.0.1:55534 - R:localhost/127.0.0.1:53022] for GET '/session/ecb295dc-cc71-4151-837c-bf0bb8b5acde/element/b0ecdb70-c97c-4916-8eae-38548fb9d4c2/name'
10:10:47.187 [AsyncHttpClient-1-6] DEBUG org.asynchttpclient.netty.handler.HttpHandler - 

Request DefaultFullHttpRequest(decodeResult: success, version: HTTP/1.1, content: EmptyByteBufBE)
GET /session/ecb295dc-cc71-4151-837c-bf0bb8b5acde/element/b0ecdb70-c97c-4916-8eae-38548fb9d4c2/name HTTP/1.1
User-Agent: selenium/4.1.2 (java windows)
Cache-Control: no-cache
Content-Type: application/json; charset=utf-8
host: localhost:53022
accept: */*

Response DefaultHttpResponse(decodeResult: success, version: HTTP/1.1)
HTTP/1.1 200 OK
content-type: application/json; charset=utf-8
cache-control: no-cache
date: Mon, 10 Apr 2023 03:10:47 GMT
content-length: 16

10:10:47.187 [AsyncHttpClient-1-6] DEBUG org.asynchttpclient.netty.channel.ChannelManager - Adding key: http://localhost:53022 for channel [id: 0xde84531b, L:/127.0.0.1:55534 - R:localhost/127.0.0.1:53022]
10:10:47.188 [Forwarding getElementTagName on session ecb295dc-cc71-4151-837c-bf0bb8b5acde to remote] DEBUG org.asynchttpclient.netty.request.NettyRequestSender - Using pooled Channel '[id: 0xde84531b, L:/127.0.0.1:55534 - R:localhost/127.0.0.1:53022]' for 'GET' to 'http://localhost:53022/session/ecb295dc-cc71-4151-837c-bf0bb8b5acde/element/b0ecdb70-c97c-4916-8eae-38548fb9d4c2/name'
10:10:47.188 [Forwarding getElementTagName on session ecb295dc-cc71-4151-837c-bf0bb8b5acde to remote] DEBUG org.asynchttpclient.netty.request.NettyRequestSender - Using open Channel [id: 0xde84531b, L:/127.0.0.1:55534 - R:localhost/127.0.0.1:53022] for GET '/session/ecb295dc-cc71-4151-837c-bf0bb8b5acde/element/b0ecdb70-c97c-4916-8eae-38548fb9d4c2/name'
10:10:47.285 [AsyncHttpClient-1-6] DEBUG org.asynchttpclient.netty.handler.HttpHandler - 

Request DefaultFullHttpRequest(decodeResult: success, version: HTTP/1.1, content: EmptyByteBufBE)
GET /session/ecb295dc-cc71-4151-837c-bf0bb8b5acde/element/b0ecdb70-c97c-4916-8eae-38548fb9d4c2/name HTTP/1.1
User-Agent: selenium/4.1.2 (java windows)
Cache-Control: no-cache
Content-Type: application/json; charset=utf-8
host: localhost:53022
accept: */*

Response DefaultHttpResponse(decodeResult: success, version: HTTP/1.1)
HTTP/1.1 200 OK
content-type: application/json; charset=utf-8
cache-control: no-cache
date: Mon, 10 Apr 2023 03:10:47 GMT
content-length: 16

10:10:47.285 [AsyncHttpClient-1-6] DEBUG org.asynchttpclient.netty.channel.ChannelManager - Adding key: http://localhost:53022 for channel [id: 0xde84531b, L:/127.0.0.1:55534 - R:localhost/127.0.0.1:53022]
10:10:47.287 [Forwarding findElement on session ecb295dc-cc71-4151-837c-bf0bb8b5acde to remote] DEBUG org.asynchttpclient.netty.request.NettyRequestSender - Using pooled Channel '[id: 0xde84531b, L:/127.0.0.1:55534 - R:localhost/127.0.0.1:53022]' for 'POST' to 'http://localhost:53022/session/ecb295dc-cc71-4151-837c-bf0bb8b5acde/element'
10:10:47.287 [Forwarding findElement on session ecb295dc-cc71-4151-837c-bf0bb8b5acde to remote] DEBUG org.asynchttpclient.netty.request.NettyRequestSender - Using open Channel [id: 0xde84531b, L:/127.0.0.1:55534 - R:localhost/127.0.0.1:53022] for POST '/session/ecb295dc-cc71-4151-837c-bf0bb8b5acde/element'
10:10:47.296 [AsyncHttpClient-1-6] DEBUG org.asynchttpclient.netty.handler.HttpHandler - 

Request DefaultHttpRequest(decodeResult: success, version: HTTP/1.1)
POST /session/ecb295dc-cc71-4151-837c-bf0bb8b5acde/element HTTP/1.1
User-Agent: selenium/4.1.2 (java windows)
Content-Length: 105
Content-Type: application/json; charset=utf-8
host: localhost:53022
accept: */*

Response DefaultHttpResponse(decodeResult: success, version: HTTP/1.1)
HTTP/1.1 200 OK
content-type: application/json; charset=utf-8
cache-control: no-cache
date: Mon, 10 Apr 2023 03:10:47 GMT
content-length: 88

10:10:47.296 [AsyncHttpClient-1-6] DEBUG org.asynchttpclient.netty.channel.ChannelManager - Adding key: http://localhost:53022 for channel [id: 0xde84531b, L:/127.0.0.1:55534 - R:localhost/127.0.0.1:53022]
10:10:47.298 [Forwarding clickElement on session ecb295dc-cc71-4151-837c-bf0bb8b5acde to remote] DEBUG org.asynchttpclient.netty.request.NettyRequestSender - Using pooled Channel '[id: 0xde84531b, L:/127.0.0.1:55534 - R:localhost/127.0.0.1:53022]' for 'POST' to 'http://localhost:53022/session/ecb295dc-cc71-4151-837c-bf0bb8b5acde/element/b0ecdb70-c97c-4916-8eae-38548fb9d4c2/click'
10:10:47.298 [Forwarding clickElement on session ecb295dc-cc71-4151-837c-bf0bb8b5acde to remote] DEBUG org.asynchttpclient.netty.request.NettyRequestSender - Using open Channel [id: 0xde84531b, L:/127.0.0.1:55534 - R:localhost/127.0.0.1:53022] for POST '/session/ecb295dc-cc71-4151-837c-bf0bb8b5acde/element/b0ecdb70-c97c-4916-8eae-38548fb9d4c2/click'
10:10:47.745 [AsyncHttpClient-1-6] DEBUG org.asynchttpclient.netty.handler.HttpHandler - 

Request DefaultHttpRequest(decodeResult: success, version: HTTP/1.1)
POST /session/ecb295dc-cc71-4151-837c-bf0bb8b5acde/element/b0ecdb70-c97c-4916-8eae-38548fb9d4c2/click HTTP/1.1
User-Agent: selenium/4.1.2 (java windows)
Content-Length: 50
Content-Type: application/json; charset=utf-8
host: localhost:53022
accept: */*

Response DefaultHttpResponse(decodeResult: success, version: HTTP/1.1)
HTTP/1.1 200 OK
content-type: application/json; charset=utf-8
cache-control: no-cache
date: Mon, 10 Apr 2023 03:10:47 GMT
content-length: 14

10:10:47.745 [AsyncHttpClient-1-6] DEBUG org.asynchttpclient.netty.channel.ChannelManager - Adding key: http://localhost:53022 for channel [id: 0xde84531b, L:/127.0.0.1:55534 - R:localhost/127.0.0.1:53022]
  &amp#27;[32mWhen &amp#27;[0m&amp#27;[32mI will go to &amp#27;[0m&amp#27;[32m&amp#27;[1m"bawahan"&amp#27;[0m     &amp#27;[90m# starter.stepdefinitions.BabyStep.iWillGoTo(java.lang.String)&amp#27;[0m
10:10:47.753 [Forwarding screenshot on session ecb295dc-cc71-4151-837c-bf0bb8b5acde to remote] DEBUG org.asynchttpclient.netty.request.NettyRequestSender - Using pooled Channel '[id: 0xde84531b, L:/127.0.0.1:55534 - R:localhost/127.0.0.1:53022]' for 'GET' to 'http://localhost:53022/session/ecb295dc-cc71-4151-837c-bf0bb8b5acde/screenshot'
10:10:47.753 [Forwarding screenshot on session ecb295dc-cc71-4151-837c-bf0bb8b5acde to remote] DEBUG org.asynchttpclient.netty.request.NettyRequestSender - Using open Channel [id: 0xde84531b, L:/127.0.0.1:55534 - R:localhost/127.0.0.1:53022] for GET '/session/ecb295dc-cc71-4151-837c-bf0bb8b5acde/screenshot'
10:10:47.968 [AsyncHttpClient-1-6] DEBUG org.asynchttpclient.netty.handler.HttpHandler - 

Request DefaultFullHttpRequest(decodeResult: success, version: HTTP/1.1, content: EmptyByteBufBE)
GET /session/ecb295dc-cc71-4151-837c-bf0bb8b5acde/screenshot HTTP/1.1
User-Agent: selenium/4.1.2 (java windows)
Cache-Control: no-cache
Content-Type: application/json; charset=utf-8
host: localhost:53022
accept: */*

Response DefaultHttpResponse(decodeResult: success, version: HTTP/1.1)
HTTP/1.1 200 OK
content-type: application/json; charset=utf-8
cache-control: no-cache
date: Mon, 10 Apr 2023 03:10:47 GMT
content-length: 198692

10:10:47.968 [AsyncHttpClient-1-6] DEBUG org.asynchttpclient.netty.channel.ChannelManager - Adding key: http://localhost:53022 for channel [id: 0xde84531b, L:/127.0.0.1:55534 - R:localhost/127.0.0.1:53022]
10:10:47.973 [main] DEBUG net.serenitybdd.core.photography.Darkroom - Send negative for processing for target\site\serenity\38b9338489b716cc8c10a4d98f5bb8fcc48c72a37e6f3b0c937f3eaa513e0ed3.png
10:10:47.974 [Darkroom Processing Line] DEBUG net.serenitybdd.core.photography.DarkroomProcessingLine - Processing screenshot image in /var/screenshots/screenshot-7203840920679863428
10:10:47.974 [Darkroom Processing Line] DEBUG net.serenitybdd.core.photography.DarkroomProcessingLine - Saving screenshot to target\site\serenity\38b9338489b716cc8c10a4d98f5bb8fcc48c72a37e6f3b0c937f3eaa513e0ed3.png
10:10:47.980 [Forwarding findElement on session ecb295dc-cc71-4151-837c-bf0bb8b5acde to remote] DEBUG org.asynchttpclient.netty.request.NettyRequestSender - Using pooled Channel '[id: 0xde84531b, L:/127.0.0.1:55534 - R:localhost/127.0.0.1:53022]' for 'POST' to 'http://localhost:53022/session/ecb295dc-cc71-4151-837c-bf0bb8b5acde/element'
10:10:47.980 [Forwarding findElement on session ecb295dc-cc71-4151-837c-bf0bb8b5acde to remote] DEBUG org.asynchttpclient.netty.request.NettyRequestSender - Using open Channel [id: 0xde84531b, L:/127.0.0.1:55534 - R:localhost/127.0.0.1:53022] for POST '/session/ecb295dc-cc71-4151-837c-bf0bb8b5acde/element'
10:10:47.983 [AsyncHttpClient-1-6] DEBUG org.asynchttpclient.netty.handler.HttpHandler - 

Request DefaultHttpRequest(decodeResult: success, version: HTTP/1.1)
POST /session/ecb295dc-cc71-4151-837c-bf0bb8b5acde/element HTTP/1.1
User-Agent: selenium/4.1.2 (java windows)
Content-Length: 90
Content-Type: application/json; charset=utf-8
host: localhost:53022
accept: */*

Response DefaultHttpResponse(decodeResult: success, version: HTTP/1.1)
HTTP/1.1 200 OK
content-type: application/json; charset=utf-8
cache-control: no-cache
date: Mon, 10 Apr 2023 03:10:47 GMT
content-length: 88

10:10:47.983 [AsyncHttpClient-1-6] DEBUG org.asynchttpclient.netty.channel.ChannelManager - Adding key: http://localhost:53022 for channel [id: 0xde84531b, L:/127.0.0.1:55534 - R:localhost/127.0.0.1:53022]
10:10:47.986 [Forwarding isElementDisplayed on session ecb295dc-cc71-4151-837c-bf0bb8b5acde to remote] DEBUG org.asynchttpclient.netty.request.NettyRequestSender - Using pooled Channel '[id: 0xde84531b, L:/127.0.0.1:55534 - R:localhost/127.0.0.1:53022]' for 'POST' to 'http://localhost:53022/session/ecb295dc-cc71-4151-837c-bf0bb8b5acde/execute/sync'
10:10:47.986 [Forwarding isElementDisplayed on session ecb295dc-cc71-4151-837c-bf0bb8b5acde to remote] DEBUG org.asynchttpclient.netty.request.NettyRequestSender - Using open Channel [id: 0xde84531b, L:/127.0.0.1:55534 - R:localhost/127.0.0.1:53022] for POST '/session/ecb295dc-cc71-4151-837c-bf0bb8b5acde/execute/sync'
10:10:48.006 [AsyncHttpClient-1-6] DEBUG org.asynchttpclient.netty.handler.HttpHandler - 

Request DefaultHttpRequest(decodeResult: success, version: HTTP/1.1)
POST /session/ecb295dc-cc71-4151-837c-bf0bb8b5acde/execute/sync HTTP/1.1
User-Agent: selenium/4.1.2 (java windows)
Content-Length: 48780
Content-Type: application/json; charset=utf-8
host: localhost:53022
accept: */*

Response DefaultHttpResponse(decodeResult: success, version: HTTP/1.1)
HTTP/1.1 200 OK
content-type: application/json; charset=utf-8
cache-control: no-cache
date: Mon, 10 Apr 2023 03:10:47 GMT
content-length: 14

10:10:48.006 [AsyncHttpClient-1-6] DEBUG org.asynchttpclient.netty.channel.ChannelManager - Adding key: http://localhost:53022 for channel [id: 0xde84531b, L:/127.0.0.1:55534 - R:localhost/127.0.0.1:53022]
  &amp#27;[32mAnd &amp#27;[0m&amp#27;[32mI &amp#27;[0m&amp#27;[32m&amp#27;[1m"txtBawahan2"&amp#27;[0m&amp#27;[32m page&amp#27;[0m        &amp#27;[90m# starter.stepdefinitions.BabyStep.iPage(java.lang.String)&amp#27;[0m
10:10:48.015 [Driver Command Executor] DEBUG org.asynchttpclient.netty.request.NettyRequestSender - Using pooled Channel '[id: 0xde84531b, L:/127.0.0.1:55534 - R:localhost/127.0.0.1:53022]' for 'DELETE' to 'http://localhost:53022/session/ecb295dc-cc71-4151-837c-bf0bb8b5acde'
10:10:48.016 [Driver Command Executor] DEBUG org.asynchttpclient.netty.request.NettyRequestSender - Using open Channel [id: 0xde84531b, L:/127.0.0.1:55534 - R:localhost/127.0.0.1:53022] for DELETE '/session/ecb295dc-cc71-4151-837c-bf0bb8b5acde'
10:10:48.815 [AsyncHttpClient-1-6] DEBUG org.asynchttpclient.netty.handler.HttpHandler - 

Request DefaultFullHttpRequest(decodeResult: success, version: HTTP/1.1, content: EmptyByteBufBE)
DELETE /session/ecb295dc-cc71-4151-837c-bf0bb8b5acde HTTP/1.1
User-Agent: selenium/4.1.2 (java windows)
Content-Type: application/json; charset=utf-8
host: localhost:53022
accept: */*

Response DefaultHttpResponse(decodeResult: success, version: HTTP/1.1)
HTTP/1.1 200 OK
content-type: application/json; charset=utf-8
cache-control: no-cache
date: Mon, 10 Apr 2023 03:10:47 GMT
content-length: 14

10:10:48.815 [AsyncHttpClient-1-6] DEBUG org.asynchttpclient.netty.channel.ChannelManager - Adding key: http://localhost:53022 for channel [id: 0xde84531b, L:/127.0.0.1:55534 - R:localhost/127.0.0.1:53022]
10:10:48.817 [AsyncHttpClient-1-6] DEBUG org.asynchttpclient.netty.handler.HttpHandler - Unexpected I/O exception on channel [id: 0xde84531b, L:/127.0.0.1:55534 - R:localhost/127.0.0.1:53022]
java.net.SocketException: Connection reset
	at java.base/sun.nio.ch.SocketChannelImpl.throwConnectionReset(SocketChannelImpl.java:345)
	at java.base/sun.nio.ch.SocketChannelImpl.read(SocketChannelImpl.java:376)
	at io.netty.buffer.PooledByteBuf.setBytes(PooledByteBuf.java:258)
	at io.netty.buffer.AbstractByteBuf.writeBytes(AbstractByteBuf.java:1132)
	at io.netty.channel.socket.nio.NioSocketChannel.doReadBytes(NioSocketChannel.java:350)
	at io.netty.channel.nio.AbstractNioByteChannel$NioByteUnsafe.read(AbstractNioByteChannel.java:151)
	at io.netty.channel.nio.NioEventLoop.processSelectedKey(NioEventLoop.java:722)
	at io.netty.channel.nio.NioEventLoop.processSelectedKeysOptimized(NioEventLoop.java:658)
	at io.netty.channel.nio.NioEventLoop.processSelectedKeys(NioEventLoop.java:584)
	at io.netty.channel.nio.NioEventLoop.run(NioEventLoop.java:496)
	at io.netty.util.concurrent.SingleThreadEventExecutor$4.run(SingleThreadEventExecutor.java:986)
	at io.netty.util.internal.ThreadExecutorMap$2.run(ThreadExecutorMap.java:74)
	at io.netty.util.concurrent.FastThreadLocalRunnable.run(FastThreadLocalRunnable.java:30)
	at java.base/java.lang.Thread.run(Thread.java:830)
10:10:48.817 [AsyncHttpClient-1-6] DEBUG org.asynchttpclient.netty.channel.ChannelManager - Closing Channel [id: 0xde84531b, L:/127.0.0.1:55534 - R:localhost/127.0.0.1:53022] 
10:10:48.817 [AsyncHttpClient-1-6] DEBUG org.asynchttpclient.netty.handler.HttpHandler - Channel Closed: [id: 0xde84531b, L:/127.0.0.1:55534 ! R:localhost/127.0.0.1:53022] with attribute DISCARD
]]></system-out>
    <system-err><![CDATA[1681096240708	geckodriver	INFO	Listening on 127.0.0.1:53022
1681096241193	mozrunner::runner	INFO	Running command: "C:\\Program Files\\Mozilla Firefox\\firefox.exe" "--marionette" "" "--remote-debugging-port" "50880" "--remote-allow-hosts" "localhost" "-no-remote" "-profile" "C:\\Users\\alwi\\AppData\\Local\\Temp\\rust_mozprofilekQzYOY"
console.warn: services.settings: Ignoring preference override of remote settings server
console.warn: services.settings: Allow by setting MOZ_REMOTE_SETTINGS_DEVTOOLS=1 in the environment
1681096241555	Marionette	INFO	Marionette enabled
Dynamically enable window occlusion 0
1681096241560	Marionette	INFO	Listening on port 55537
Read port: 55537
WebDriver BiDi listening on ws://127.0.0.1:50880
1681096241710	RemoteAgent	WARN	TLS certificate errors will be ignored for this session
console.warn: SearchSettings: "get: No settings file exists, new profile?" (new NotFoundError("Could not open the file at C:\\Users\\alwi\\AppData\\Local\\Temp\\rust_mozprofilekQzYOY\\search.json.mozlz4", (void 0)))
DevTools listening on ws://127.0.0.1:50880/devtools/browser/0085041d-2bcb-4397-8754-28de3564c9d8
Apr 10, 2023 10:10:43 AM org.openqa.selenium.remote.ProtocolHandshake createSession
INFO: Detected dialect: W3C
JavaScript warning: https://www.uniqlo.com/Mx95Yd/biG/Wo_/8-IanA/Vu7EGJtwEh/el0ZAQ/aiE/QAlg7T10, line 1: unreachable code after return statement
JavaScript warning: https://www.uniqlo.com/Mx95Yd/biG/Wo_/8-IanA/Vu7EGJtwEh/el0ZAQ/aiE/QAlg7T10, line 1: WEBGL_debug_renderer_info is deprecated in Firefox and will be removed. Please use RENDERER.
JavaScript warning: https://www.uniqlo.com/id/elgnisolqinu.js?async&seed=AIAnG2mHAQAAp6_kQ-NvC4pDCvZJooQGzCoxcLZ3CqwiSlxvcp_1EokMlmcT&x-i1ysm4mm--z=q, line 1: WEBGL_debug_renderer_info is deprecated in Firefox and will be removed. Please use RENDERER.
1681096248017	Marionette	INFO	Stopped listening on port 55537
Dynamically enable window occlusion 1
WARNING: A blocker encountered an error while we were waiting.
          Blocker:  Waiting for ping task
          Phase: TelemetryController: Waiting for pending ping activity
          State: (none)
WARNING: Error: Phase "profile-before-change" is finished, it is too late to register completion condition "OS.File: flush I/O queued before profileBeforeChange"
WARNING: addBlocker@resource://gre/modules/AsyncShutdown.sys.mjs:727:15
addBlocker@resource://gre/modules/AsyncShutdown.sys.mjs:523:26
addBlocker@resource://gre/modules/AsyncShutdown.sys.mjs:458:15
setupShutdown@resource://gre/modules/osfile/osfile_async_front.jsm:1548:28
@resource://gre/modules/osfile/osfile_async_front.jsm:1568:16
@resource://gre/modules/osfile.jsm:12:30
@resource://gre/modules/TelemetryStorage.sys.mjs:10:28
_checkPendingPings@resource://gre/modules/TelemetrySend.sys.mjs:863:17
setup@resource://gre/modules/TelemetrySend.sys.mjs:803:18
setup@resource://gre/modules/TelemetrySend.sys.mjs:241:30
setupTelemetry/this._delayedInitTask<@resource://gre/modules/TelemetryControllerParent.sys.mjs:828:36
observe@resource://gre/modules/AsyncShutdown.sys.mjs:576:16

console.error: "TelemetryScheduler.shutdown - Already shut down"
WARNING: A blocker encountered an error while we were waiting.
          Blocker:  Waiting for ping task
          Phase: TelemetryController: Waiting for pending ping activity
          State: (none)
WARNING: Error: Phase "profile-before-change" is finished, it is too late to register completion condition "OS.File: flush I/O queued before profileBeforeChange"
WARNING: addBlocker@resource://gre/modules/AsyncShutdown.sys.mjs:727:15
addBlocker@resource://gre/modules/AsyncShutdown.sys.mjs:523:26
addBlocker@resource://gre/modules/AsyncShutdown.sys.mjs:458:15
setupShutdown@resource://gre/modules/osfile/osfile_async_front.jsm:1548:28
@resource://gre/modules/osfile/osfile_async_front.jsm:1568:16
@resource://gre/modules/osfile.jsm:12:30
@resource://gre/modules/TelemetryStorage.sys.mjs:10:28
_checkPendingPings@resource://gre/modules/TelemetrySend.sys.mjs:863:17
setup@resource://gre/modules/TelemetrySend.sys.mjs:803:18
setup@resource://gre/modules/TelemetrySend.sys.mjs:241:30
setupTelemetry/this._delayedInitTask<@resource://gre/modules/TelemetryControllerParent.sys.mjs:828:36
observe@resource://gre/modules/AsyncShutdown.sys.mjs:576:16

WARNING: A blocker encountered an error while we were waiting.
          Blocker:  Waiting for ping task
          Phase: TelemetryController: Waiting for pending ping activity
          State: (none)
WARNING: Error: Phase "profile-before-change" is finished, it is too late to register completion condition "OS.File: flush I/O queued before profileBeforeChange"
WARNING: addBlocker@resource://gre/modules/AsyncShutdown.sys.mjs:727:15
addBlocker@resource://gre/modules/AsyncShutdown.sys.mjs:523:26
addBlocker@resource://gre/modules/AsyncShutdown.sys.mjs:458:15
setupShutdown@resource://gre/modules/osfile/osfile_async_front.jsm:1548:28
@resource://gre/modules/osfile/osfile_async_front.jsm:1568:16
@resource://gre/modules/osfile.jsm:12:30
@resource://gre/modules/TelemetryStorage.sys.mjs:10:28
_checkPendingPings@resource://gre/modules/TelemetrySend.sys.mjs:863:17
setup@resource://gre/modules/TelemetrySend.sys.mjs:803:18
setup@resource://gre/modules/TelemetrySend.sys.mjs:241:30
setupTelemetry/this._delayedInitTask<@resource://gre/modules/TelemetryControllerParent.sys.mjs:828:36
observe@resource://gre/modules/AsyncShutdown.sys.mjs:576:16

WARNING: A blocker encountered an error while we were waiting.
          Blocker:  TelemetryController: shutting down
          Phase: profile-before-change-telemetry
          State: Error getting state: Error: Phase "profile-before-change" is finished, it is too late to register completion condition "OS.File: flush I/O queued before profileBeforeChange" at addBlocker@resource://gre/modules/AsyncShutdown.sys.mjs:727:15
addBlocker@resource://gre/modules/AsyncShutdown.sys.mjs:523:26
addBlocker@resource://gre/modules/AsyncShutdown.sys.mjs:458:15
setupShutdown@resource://gre/modules/osfile/osfile_async_front.jsm:1548:28
@resource://gre/modules/osfile/osfile_async_front.jsm:1568:16
@resource://gre/modules/osfile.jsm:12:30
@resource://gre/modules/TelemetryStorage.sys.mjs:10:28
_checkPendingPings@resource://gre/modules/TelemetrySend.sys.mjs:863:17
setup@resource://gre/modules/TelemetrySend.sys.mjs:803:18
setup@resource://gre/modules/TelemetrySend.sys.mjs:241:30
setupTelemetry/this._delayedInitTask<@resource://gre/modules/TelemetryControllerParent.sys.mjs:828:36
observe@resource://gre/modules/AsyncShutdown.sys.mjs:576:16

WARNING: Error: Phase "profile-before-change" is finished, it is too late to register completion condition "OS.File: flush I/O queued before profileBeforeChange"
WARNING: addBlocker@resource://gre/modules/AsyncShutdown.sys.mjs:727:15
addBlocker@resource://gre/modules/AsyncShutdown.sys.mjs:523:26
addBlocker@resource://gre/modules/AsyncShutdown.sys.mjs:458:15
setupShutdown@resource://gre/modules/osfile/osfile_async_front.jsm:1548:28
@resource://gre/modules/osfile/osfile_async_front.jsm:1568:16
@resource://gre/modules/osfile.jsm:12:30
@resource://gre/modules/TelemetryStorage.sys.mjs:10:28
_checkPendingPings@resource://gre/modules/TelemetrySend.sys.mjs:863:17
setup@resource://gre/modules/TelemetrySend.sys.mjs:803:18
setup@resource://gre/modules/TelemetrySend.sys.mjs:241:30
setupTelemetry/this._delayedInitTask<@resource://gre/modules/TelemetryControllerParent.sys.mjs:828:36
observe@resource://gre/modules/AsyncShutdown.sys.mjs:576:16

JavaScript error: resource://gre/modules/AsyncShutdown.sys.mjs, line 727: Error: Phase "profile-before-change" is finished, it is too late to register completion condition "OS.File: flush I/O queued before profileBeforeChange"
JavaScript error: resource://gre/modules/AsyncShutdown.sys.mjs, line 727: Error: Phase "profile-before-change" is finished, it is too late to register completion condition "OS.File: flush I/O queued before profileBeforeChange"
JavaScript error: resource://gre/modules/AsyncShutdown.sys.mjs, line 727: Error: Phase "profile-before-change" is finished, it is too late to register completion condition "OS.File: flush I/O queued before profileBeforeChange"
JavaScript error: resource://gre/modules/AsyncShutdown.sys.mjs, line 727: Error: Phase "profile-before-change" is finished, it is too late to register completion condition "OS.File: flush I/O queued before profileBeforeChange"
JavaScript error: resource://gre/modules/AsyncShutdown.sys.mjs, line 727: Error: Phase "profile-before-change" is finished, it is too late to register completion condition "OS.File: flush I/O queued before profileBeforeChange"
JavaScript error: resource://gre/modules/AsyncShutdown.sys.mjs, line 727: Error: Phase "profile-before-change" is finished, it is too late to register completion condition "OS.File: flush I/O queued before profileBeforeChange"
]]></system-err>
  </testcase>
  <testcase name="Fitur Menu Baby #19" classname="Baby" time="8.454">
    <system-out><![CDATA[
@baby
Scenario Outline: Fitur Menu Baby &amp#27;[90m# src/test/resources/features/Baby.feature:31&amp#27;[0m
10:10:48.882 [main] INFO io.cucumber.core.plugin.SerenityReporter - Running feature from file:///C:/Users/alwi/IdeaProjects/uniqloweb/src/test/resources/features/Baby.feature
10:10:48.896 [main] INFO net.serenitybdd.core.webdriver.driverproviders.FirefoxDriverProvider - Using automatically driver download
10:10:49.009 [main] DEBUG io.github.bonigarcia.wdm.cache.ResolutionCache - Resolution firefox=111 in cache (valid until 10:32:56 10/04/2023 WIB)
10:10:49.013 [main] DEBUG io.github.bonigarcia.wdm.cache.ResolutionCache - Resolution firefox111=0.32.2 in cache (valid until 19:30:50 10/04/2023 WIB)
10:10:49.014 [main] INFO io.github.bonigarcia.wdm.WebDriverManager - Using geckodriver 0.32.2 (resolved driver for Firefox 111)
10:10:49.026 [main] DEBUG io.github.bonigarcia.wdm.WebDriverManager - Driver geckodriver 0.32.2 found in cache
10:10:49.026 [main] INFO io.github.bonigarcia.wdm.WebDriverManager - Exporting webdriver.gecko.driver as C:\Users\alwi\.cache\selenium\geckodriver\win64\0.32.2\geckodriver.exe
10:10:49.039 [main] DEBUG net.serenitybdd.core.webdriver.driverproviders.ProvideNewDriver - Instantiating driver
10:10:49.039 [main] DEBUG net.serenitybdd.core.webdriver.driverproviders.ProvideNewDriver - Driver capabilities: Capabilities {acceptInsecureCerts: true, browserName: firefox, moz:debuggerAddress: true, moz:firefoxOptions: {args: [], profile: UEsDBBQACAgIAFhRilYAAAAAAAA...}}
10:10:49.328 [AsyncHttpClient-1-1] DEBUG org.asynchttpclient.netty.channel.DefaultChannelPool - Entry count for : http://localhost:53022 : 1
10:10:49.328 [AsyncHttpClient-1-1] DEBUG org.asynchttpclient.netty.channel.DefaultChannelPool - Adding Candidate expired Channel [id: 0xde84531b, L:/127.0.0.1:55534 ! R:localhost/127.0.0.1:53022] isIdleTimeoutExpired=false isRemotelyClosed=true isTtlExpired=false
10:10:49.328 [AsyncHttpClient-1-1] DEBUG org.asynchttpclient.netty.channel.DefaultChannelPool - Closing Idle Channel [id: 0xde84531b, L:/127.0.0.1:55534 ! R:localhost/127.0.0.1:53022]
10:10:49.328 [AsyncHttpClient-1-1] DEBUG org.asynchttpclient.netty.channel.DefaultChannelPool - Closed 1 connections out of 1 in 0 ms
10:10:49.566 [AsyncHttpClient-1-8] DEBUG org.asynchttpclient.netty.channel.NettyConnectListener - Using new Channel '[id: 0xebc9390d, L:/127.0.0.1:55606 - R:localhost/127.0.0.1:57716]' for 'POST' to '/session'
10:10:51.869 [AsyncHttpClient-1-8] DEBUG org.asynchttpclient.netty.handler.HttpHandler - 

Request DefaultHttpRequest(decodeResult: success, version: HTTP/1.1)
POST /session HTTP/1.1
User-Agent: selenium/4.1.2 (java windows)
Content-Length: 3673
Content-Type: application/json; charset=utf-8
host: localhost:57716
accept: */*

Response DefaultHttpResponse(decodeResult: success, version: HTTP/1.1)
HTTP/1.1 200 OK
content-type: application/json; charset=utf-8
cache-control: no-cache
date: Mon, 10 Apr 2023 03:10:49 GMT
content-length: 790

10:10:51.869 [AsyncHttpClient-1-8] DEBUG org.asynchttpclient.netty.channel.ChannelManager - Adding key: http://localhost:57716 for channel [id: 0xebc9390d, L:/127.0.0.1:55606 - R:localhost/127.0.0.1:57716]
10:10:51.875 [AsyncHttpClient-1-9] DEBUG org.asynchttpclient.netty.channel.NettyConnectListener - Using new Channel '[id: 0x438aa360, L:/127.0.0.1:55624 - R:/127.0.0.1:52743]' for 'GET' to '/json/version'
10:10:51.878 [AsyncHttpClient-1-9] DEBUG org.asynchttpclient.netty.handler.HttpHandler - 

Request DefaultFullHttpRequest(decodeResult: success, version: HTTP/1.1, content: EmptyByteBufBE)
GET /json/version HTTP/1.1
User-Agent: selenium/4.1.2 (java windows)
host: 127.0.0.1:52743
accept: */*

Response DefaultHttpResponse(decodeResult: success, version: HTTP/1.1)
HTTP/1.1 200 OK
content-type: application/json
connection: close
server: httpd.js
date: Mon, 10 Apr 2023 03:10:51 GMT
content-length: 311

10:10:51.878 [AsyncHttpClient-1-9] DEBUG org.asynchttpclient.netty.channel.ChannelManager - Closing Channel [id: 0x438aa360, L:/127.0.0.1:55624 - R:/127.0.0.1:52743] 
10:10:51.878 [AsyncHttpClient-1-9] DEBUG org.asynchttpclient.netty.handler.HttpHandler - Channel Closed: [id: 0x438aa360, L:/127.0.0.1:55624 ! R:/127.0.0.1:52743] with attribute DISCARD
10:10:51.880 [Forwarding get on session 39aaa5d4-1897-471e-aff9-40e5738a1b6e to remote] DEBUG org.asynchttpclient.netty.request.NettyRequestSender - Using pooled Channel '[id: 0xebc9390d, L:/127.0.0.1:55606 - R:localhost/127.0.0.1:57716]' for 'POST' to 'http://localhost:57716/session/39aaa5d4-1897-471e-aff9-40e5738a1b6e/url'
10:10:51.880 [Forwarding get on session 39aaa5d4-1897-471e-aff9-40e5738a1b6e to remote] DEBUG org.asynchttpclient.netty.request.NettyRequestSender - Using open Channel [id: 0xebc9390d, L:/127.0.0.1:55606 - R:localhost/127.0.0.1:57716] for POST '/session/39aaa5d4-1897-471e-aff9-40e5738a1b6e/url'
10:10:53.652 [AsyncHttpClient-1-8] DEBUG org.asynchttpclient.netty.handler.HttpHandler - 

Request DefaultHttpRequest(decodeResult: success, version: HTTP/1.1)
POST /session/39aaa5d4-1897-471e-aff9-40e5738a1b6e/url HTTP/1.1
User-Agent: selenium/4.1.2 (java windows)
Content-Length: 69
Content-Type: application/json; charset=utf-8
host: localhost:57716
accept: */*

Response DefaultHttpResponse(decodeResult: success, version: HTTP/1.1)
HTTP/1.1 200 OK
content-type: application/json; charset=utf-8
cache-control: no-cache
date: Mon, 10 Apr 2023 03:10:51 GMT
content-length: 14

10:10:53.652 [AsyncHttpClient-1-8] DEBUG org.asynchttpclient.netty.channel.ChannelManager - Adding key: http://localhost:57716 for channel [id: 0xebc9390d, L:/127.0.0.1:55606 - R:localhost/127.0.0.1:57716]
10:10:53.653 [Forwarding setTimeout on session 39aaa5d4-1897-471e-aff9-40e5738a1b6e to remote] DEBUG org.asynchttpclient.netty.request.NettyRequestSender - Using pooled Channel '[id: 0xebc9390d, L:/127.0.0.1:55606 - R:localhost/127.0.0.1:57716]' for 'POST' to 'http://localhost:57716/session/39aaa5d4-1897-471e-aff9-40e5738a1b6e/timeouts'
10:10:53.653 [Forwarding setTimeout on session 39aaa5d4-1897-471e-aff9-40e5738a1b6e to remote] DEBUG org.asynchttpclient.netty.request.NettyRequestSender - Using open Channel [id: 0xebc9390d, L:/127.0.0.1:55606 - R:localhost/127.0.0.1:57716] for POST '/session/39aaa5d4-1897-471e-aff9-40e5738a1b6e/timeouts'
10:10:53.655 [AsyncHttpClient-1-8] DEBUG org.asynchttpclient.netty.handler.HttpHandler - 

Request DefaultHttpRequest(decodeResult: success, version: HTTP/1.1)
POST /session/39aaa5d4-1897-471e-aff9-40e5738a1b6e/timeouts HTTP/1.1
User-Agent: selenium/4.1.2 (java windows)
Content-Length: 22
Content-Type: application/json; charset=utf-8
host: localhost:57716
accept: */*

Response DefaultHttpResponse(decodeResult: success, version: HTTP/1.1)
HTTP/1.1 200 OK
content-type: application/json; charset=utf-8
cache-control: no-cache
date: Mon, 10 Apr 2023 03:10:53 GMT
content-length: 14

10:10:53.655 [AsyncHttpClient-1-8] DEBUG org.asynchttpclient.netty.channel.ChannelManager - Adding key: http://localhost:57716 for channel [id: 0xebc9390d, L:/127.0.0.1:55606 - R:localhost/127.0.0.1:57716]
10:10:53.657 [Forwarding getCurrentUrl on session 39aaa5d4-1897-471e-aff9-40e5738a1b6e to remote] DEBUG org.asynchttpclient.netty.request.NettyRequestSender - Using pooled Channel '[id: 0xebc9390d, L:/127.0.0.1:55606 - R:localhost/127.0.0.1:57716]' for 'GET' to 'http://localhost:57716/session/39aaa5d4-1897-471e-aff9-40e5738a1b6e/url'
10:10:53.657 [Forwarding getCurrentUrl on session 39aaa5d4-1897-471e-aff9-40e5738a1b6e to remote] DEBUG org.asynchttpclient.netty.request.NettyRequestSender - Using open Channel [id: 0xebc9390d, L:/127.0.0.1:55606 - R:localhost/127.0.0.1:57716] for GET '/session/39aaa5d4-1897-471e-aff9-40e5738a1b6e/url'
10:10:53.659 [AsyncHttpClient-1-8] DEBUG org.asynchttpclient.netty.handler.HttpHandler - 

Request DefaultFullHttpRequest(decodeResult: success, version: HTTP/1.1, content: EmptyByteBufBE)
GET /session/39aaa5d4-1897-471e-aff9-40e5738a1b6e/url HTTP/1.1
User-Agent: selenium/4.1.2 (java windows)
Cache-Control: no-cache
Content-Type: application/json; charset=utf-8
host: localhost:57716
accept: */*

Response DefaultHttpResponse(decodeResult: success, version: HTTP/1.1)
HTTP/1.1 200 OK
content-type: application/json; charset=utf-8
cache-control: no-cache
date: Mon, 10 Apr 2023 03:10:53 GMT
content-length: 41

10:10:53.659 [AsyncHttpClient-1-8] DEBUG org.asynchttpclient.netty.channel.ChannelManager - Adding key: http://localhost:57716 for channel [id: 0xebc9390d, L:/127.0.0.1:55606 - R:localhost/127.0.0.1:57716]
  &amp#27;[32mGiven &amp#27;[0m&amp#27;[32mI am on the home page&amp#27;[0m     &amp#27;[90m# starter.stepdefinitions.BabyStep.iAmOnTheHomePage()&amp#27;[0m
10:10:53.666 [Forwarding screenshot on session 39aaa5d4-1897-471e-aff9-40e5738a1b6e to remote] DEBUG org.asynchttpclient.netty.request.NettyRequestSender - Using pooled Channel '[id: 0xebc9390d, L:/127.0.0.1:55606 - R:localhost/127.0.0.1:57716]' for 'GET' to 'http://localhost:57716/session/39aaa5d4-1897-471e-aff9-40e5738a1b6e/screenshot'
10:10:53.666 [Forwarding screenshot on session 39aaa5d4-1897-471e-aff9-40e5738a1b6e to remote] DEBUG org.asynchttpclient.netty.request.NettyRequestSender - Using open Channel [id: 0xebc9390d, L:/127.0.0.1:55606 - R:localhost/127.0.0.1:57716] for GET '/session/39aaa5d4-1897-471e-aff9-40e5738a1b6e/screenshot'
10:10:54.270 [AsyncHttpClient-1-8] DEBUG org.asynchttpclient.netty.handler.HttpHandler - 

Request DefaultFullHttpRequest(decodeResult: success, version: HTTP/1.1, content: EmptyByteBufBE)
GET /session/39aaa5d4-1897-471e-aff9-40e5738a1b6e/screenshot HTTP/1.1
User-Agent: selenium/4.1.2 (java windows)
Cache-Control: no-cache
Content-Type: application/json; charset=utf-8
host: localhost:57716
accept: */*

Response DefaultHttpResponse(decodeResult: success, version: HTTP/1.1)
HTTP/1.1 200 OK
content-type: application/json; charset=utf-8
cache-control: no-cache
date: Mon, 10 Apr 2023 03:10:53 GMT
content-length: 102292

10:10:54.271 [AsyncHttpClient-1-8] DEBUG org.asynchttpclient.netty.channel.ChannelManager - Adding key: http://localhost:57716 for channel [id: 0xebc9390d, L:/127.0.0.1:55606 - R:localhost/127.0.0.1:57716]
10:10:54.274 [main] DEBUG net.serenitybdd.core.photography.Darkroom - Send negative for processing for target\site\serenity\8a0c8bc2dbf42a46aae3cd1beaa455337d476816f85a827b12453669e5ebd143.png
10:10:54.285 [Forwarding findElement on session 39aaa5d4-1897-471e-aff9-40e5738a1b6e to remote] DEBUG org.asynchttpclient.netty.request.NettyRequestSender - Using pooled Channel '[id: 0xebc9390d, L:/127.0.0.1:55606 - R:localhost/127.0.0.1:57716]' for 'POST' to 'http://localhost:57716/session/39aaa5d4-1897-471e-aff9-40e5738a1b6e/element'
10:10:54.285 [Forwarding findElement on session 39aaa5d4-1897-471e-aff9-40e5738a1b6e to remote] DEBUG org.asynchttpclient.netty.request.NettyRequestSender - Using open Channel [id: 0xebc9390d, L:/127.0.0.1:55606 - R:localhost/127.0.0.1:57716] for POST '/session/39aaa5d4-1897-471e-aff9-40e5738a1b6e/element'
10:10:54.337 [AsyncHttpClient-1-8] DEBUG org.asynchttpclient.netty.handler.HttpHandler - 

Request DefaultHttpRequest(decodeResult: success, version: HTTP/1.1)
POST /session/39aaa5d4-1897-471e-aff9-40e5738a1b6e/element HTTP/1.1
User-Agent: selenium/4.1.2 (java windows)
Content-Length: 81
Content-Type: application/json; charset=utf-8
host: localhost:57716
accept: */*

Response DefaultHttpResponse(decodeResult: success, version: HTTP/1.1)
HTTP/1.1 200 OK
content-type: application/json; charset=utf-8
cache-control: no-cache
date: Mon, 10 Apr 2023 03:10:53 GMT
content-length: 88

10:10:54.337 [AsyncHttpClient-1-8] DEBUG org.asynchttpclient.netty.channel.ChannelManager - Adding key: http://localhost:57716 for channel [id: 0xebc9390d, L:/127.0.0.1:55606 - R:localhost/127.0.0.1:57716]
10:10:54.339 [Forwarding getElementTagName on session 39aaa5d4-1897-471e-aff9-40e5738a1b6e to remote] DEBUG org.asynchttpclient.netty.request.NettyRequestSender - Using pooled Channel '[id: 0xebc9390d, L:/127.0.0.1:55606 - R:localhost/127.0.0.1:57716]' for 'GET' to 'http://localhost:57716/session/39aaa5d4-1897-471e-aff9-40e5738a1b6e/element/d925b082-cc1e-451d-8aca-30ca3f4802ab/name'
10:10:54.339 [Forwarding getElementTagName on session 39aaa5d4-1897-471e-aff9-40e5738a1b6e to remote] DEBUG org.asynchttpclient.netty.request.NettyRequestSender - Using open Channel [id: 0xebc9390d, L:/127.0.0.1:55606 - R:localhost/127.0.0.1:57716] for GET '/session/39aaa5d4-1897-471e-aff9-40e5738a1b6e/element/d925b082-cc1e-451d-8aca-30ca3f4802ab/name'
10:10:54.369 [AsyncHttpClient-1-8] DEBUG org.asynchttpclient.netty.handler.HttpHandler - 

Request DefaultFullHttpRequest(decodeResult: success, version: HTTP/1.1, content: EmptyByteBufBE)
GET /session/39aaa5d4-1897-471e-aff9-40e5738a1b6e/element/d925b082-cc1e-451d-8aca-30ca3f4802ab/name HTTP/1.1
User-Agent: selenium/4.1.2 (java windows)
Cache-Control: no-cache
Content-Type: application/json; charset=utf-8
host: localhost:57716
accept: */*

Response DefaultHttpResponse(decodeResult: success, version: HTTP/1.1)
HTTP/1.1 200 OK
content-type: application/json; charset=utf-8
cache-control: no-cache
date: Mon, 10 Apr 2023 03:10:53 GMT
content-length: 16

10:10:54.370 [AsyncHttpClient-1-8] DEBUG org.asynchttpclient.netty.channel.ChannelManager - Adding key: http://localhost:57716 for channel [id: 0xebc9390d, L:/127.0.0.1:55606 - R:localhost/127.0.0.1:57716]
10:10:54.372 [Forwarding getElementTagName on session 39aaa5d4-1897-471e-aff9-40e5738a1b6e to remote] DEBUG org.asynchttpclient.netty.request.NettyRequestSender - Using pooled Channel '[id: 0xebc9390d, L:/127.0.0.1:55606 - R:localhost/127.0.0.1:57716]' for 'GET' to 'http://localhost:57716/session/39aaa5d4-1897-471e-aff9-40e5738a1b6e/element/d925b082-cc1e-451d-8aca-30ca3f4802ab/name'
10:10:54.372 [Forwarding getElementTagName on session 39aaa5d4-1897-471e-aff9-40e5738a1b6e to remote] DEBUG org.asynchttpclient.netty.request.NettyRequestSender - Using open Channel [id: 0xebc9390d, L:/127.0.0.1:55606 - R:localhost/127.0.0.1:57716] for GET '/session/39aaa5d4-1897-471e-aff9-40e5738a1b6e/element/d925b082-cc1e-451d-8aca-30ca3f4802ab/name'
10:10:54.391 [AsyncHttpClient-1-8] DEBUG org.asynchttpclient.netty.handler.HttpHandler - 

Request DefaultFullHttpRequest(decodeResult: success, version: HTTP/1.1, content: EmptyByteBufBE)
GET /session/39aaa5d4-1897-471e-aff9-40e5738a1b6e/element/d925b082-cc1e-451d-8aca-30ca3f4802ab/name HTTP/1.1
User-Agent: selenium/4.1.2 (java windows)
Cache-Control: no-cache
Content-Type: application/json; charset=utf-8
host: localhost:57716
accept: */*

Response DefaultHttpResponse(decodeResult: success, version: HTTP/1.1)
HTTP/1.1 200 OK
content-type: application/json; charset=utf-8
cache-control: no-cache
date: Mon, 10 Apr 2023 03:10:53 GMT
content-length: 16

10:10:54.391 [AsyncHttpClient-1-8] DEBUG org.asynchttpclient.netty.channel.ChannelManager - Adding key: http://localhost:57716 for channel [id: 0xebc9390d, L:/127.0.0.1:55606 - R:localhost/127.0.0.1:57716]
10:10:54.393 [Forwarding findElement on session 39aaa5d4-1897-471e-aff9-40e5738a1b6e to remote] DEBUG org.asynchttpclient.netty.request.NettyRequestSender - Using pooled Channel '[id: 0xebc9390d, L:/127.0.0.1:55606 - R:localhost/127.0.0.1:57716]' for 'POST' to 'http://localhost:57716/session/39aaa5d4-1897-471e-aff9-40e5738a1b6e/element'
10:10:54.393 [Forwarding findElement on session 39aaa5d4-1897-471e-aff9-40e5738a1b6e to remote] DEBUG org.asynchttpclient.netty.request.NettyRequestSender - Using open Channel [id: 0xebc9390d, L:/127.0.0.1:55606 - R:localhost/127.0.0.1:57716] for POST '/session/39aaa5d4-1897-471e-aff9-40e5738a1b6e/element'
10:10:54.410 [AsyncHttpClient-1-8] DEBUG org.asynchttpclient.netty.handler.HttpHandler - 

Request DefaultHttpRequest(decodeResult: success, version: HTTP/1.1)
POST /session/39aaa5d4-1897-471e-aff9-40e5738a1b6e/element HTTP/1.1
User-Agent: selenium/4.1.2 (java windows)
Content-Length: 81
Content-Type: application/json; charset=utf-8
host: localhost:57716
accept: */*

Response DefaultHttpResponse(decodeResult: success, version: HTTP/1.1)
HTTP/1.1 200 OK
content-type: application/json; charset=utf-8
cache-control: no-cache
date: Mon, 10 Apr 2023 03:10:53 GMT
content-length: 88

10:10:54.411 [AsyncHttpClient-1-8] DEBUG org.asynchttpclient.netty.channel.ChannelManager - Adding key: http://localhost:57716 for channel [id: 0xebc9390d, L:/127.0.0.1:55606 - R:localhost/127.0.0.1:57716]
10:10:54.413 [Forwarding clickElement on session 39aaa5d4-1897-471e-aff9-40e5738a1b6e to remote] DEBUG org.asynchttpclient.netty.request.NettyRequestSender - Using pooled Channel '[id: 0xebc9390d, L:/127.0.0.1:55606 - R:localhost/127.0.0.1:57716]' for 'POST' to 'http://localhost:57716/session/39aaa5d4-1897-471e-aff9-40e5738a1b6e/element/d925b082-cc1e-451d-8aca-30ca3f4802ab/click'
10:10:54.413 [Forwarding clickElement on session 39aaa5d4-1897-471e-aff9-40e5738a1b6e to remote] DEBUG org.asynchttpclient.netty.request.NettyRequestSender - Using open Channel [id: 0xebc9390d, L:/127.0.0.1:55606 - R:localhost/127.0.0.1:57716] for POST '/session/39aaa5d4-1897-471e-aff9-40e5738a1b6e/element/d925b082-cc1e-451d-8aca-30ca3f4802ab/click'
10:10:55.191 [AsyncHttpClient-1-8] DEBUG org.asynchttpclient.netty.handler.HttpHandler - 

Request DefaultHttpRequest(decodeResult: success, version: HTTP/1.1)
POST /session/39aaa5d4-1897-471e-aff9-40e5738a1b6e/element/d925b082-cc1e-451d-8aca-30ca3f4802ab/click HTTP/1.1
User-Agent: selenium/4.1.2 (java windows)
Content-Length: 50
Content-Type: application/json; charset=utf-8
host: localhost:57716
accept: */*

Response DefaultHttpResponse(decodeResult: success, version: HTTP/1.1)
HTTP/1.1 200 OK
content-type: application/json; charset=utf-8
cache-control: no-cache
date: Mon, 10 Apr 2023 03:10:53 GMT
content-length: 14

10:10:55.192 [AsyncHttpClient-1-8] DEBUG org.asynchttpclient.netty.channel.ChannelManager - Adding key: http://localhost:57716 for channel [id: 0xebc9390d, L:/127.0.0.1:55606 - R:localhost/127.0.0.1:57716]
  &amp#27;[32mThen &amp#27;[0m&amp#27;[32mI click baby on the header&amp#27;[0m &amp#27;[90m# starter.stepdefinitions.BabyStep.iClickBabyOnTheHeader()&amp#27;[0m
10:10:55.197 [Forwarding screenshot on session 39aaa5d4-1897-471e-aff9-40e5738a1b6e to remote] DEBUG org.asynchttpclient.netty.request.NettyRequestSender - Using pooled Channel '[id: 0xebc9390d, L:/127.0.0.1:55606 - R:localhost/127.0.0.1:57716]' for 'GET' to 'http://localhost:57716/session/39aaa5d4-1897-471e-aff9-40e5738a1b6e/screenshot'
10:10:55.197 [Forwarding screenshot on session 39aaa5d4-1897-471e-aff9-40e5738a1b6e to remote] DEBUG org.asynchttpclient.netty.request.NettyRequestSender - Using open Channel [id: 0xebc9390d, L:/127.0.0.1:55606 - R:localhost/127.0.0.1:57716] for GET '/session/39aaa5d4-1897-471e-aff9-40e5738a1b6e/screenshot'
10:10:55.308 [AsyncHttpClient-1-8] DEBUG org.asynchttpclient.netty.handler.HttpHandler - 

Request DefaultFullHttpRequest(decodeResult: success, version: HTTP/1.1, content: EmptyByteBufBE)
GET /session/39aaa5d4-1897-471e-aff9-40e5738a1b6e/screenshot HTTP/1.1
User-Agent: selenium/4.1.2 (java windows)
Cache-Control: no-cache
Content-Type: application/json; charset=utf-8
host: localhost:57716
accept: */*

Response DefaultHttpResponse(decodeResult: success, version: HTTP/1.1)
HTTP/1.1 200 OK
content-type: application/json; charset=utf-8
cache-control: no-cache
date: Mon, 10 Apr 2023 03:10:55 GMT
content-length: 98024

10:10:55.308 [AsyncHttpClient-1-8] DEBUG org.asynchttpclient.netty.channel.ChannelManager - Adding key: http://localhost:57716 for channel [id: 0xebc9390d, L:/127.0.0.1:55606 - R:localhost/127.0.0.1:57716]
10:10:55.313 [main] DEBUG net.serenitybdd.core.photography.Darkroom - Send negative for processing for target\site\serenity\bcb9a8d665d2c58a930e922f816fcc3ebc2aef855b882f3d531e7c9aa320b06d.png
10:10:55.322 [Forwarding findElement on session 39aaa5d4-1897-471e-aff9-40e5738a1b6e to remote] DEBUG org.asynchttpclient.netty.request.NettyRequestSender - Using pooled Channel '[id: 0xebc9390d, L:/127.0.0.1:55606 - R:localhost/127.0.0.1:57716]' for 'POST' to 'http://localhost:57716/session/39aaa5d4-1897-471e-aff9-40e5738a1b6e/element'
10:10:55.322 [Forwarding findElement on session 39aaa5d4-1897-471e-aff9-40e5738a1b6e to remote] DEBUG org.asynchttpclient.netty.request.NettyRequestSender - Using open Channel [id: 0xebc9390d, L:/127.0.0.1:55606 - R:localhost/127.0.0.1:57716] for POST '/session/39aaa5d4-1897-471e-aff9-40e5738a1b6e/element'
10:10:55.373 [AsyncHttpClient-1-8] DEBUG org.asynchttpclient.netty.handler.HttpHandler - 

Request DefaultHttpRequest(decodeResult: success, version: HTTP/1.1)
POST /session/39aaa5d4-1897-471e-aff9-40e5738a1b6e/element HTTP/1.1
User-Agent: selenium/4.1.2 (java windows)
Content-Length: 104
Content-Type: application/json; charset=utf-8
host: localhost:57716
accept: */*

Response DefaultHttpResponse(decodeResult: success, version: HTTP/1.1)
HTTP/1.1 200 OK
content-type: application/json; charset=utf-8
cache-control: no-cache
date: Mon, 10 Apr 2023 03:10:55 GMT
content-length: 88

10:10:55.374 [AsyncHttpClient-1-8] DEBUG org.asynchttpclient.netty.channel.ChannelManager - Adding key: http://localhost:57716 for channel [id: 0xebc9390d, L:/127.0.0.1:55606 - R:localhost/127.0.0.1:57716]
10:10:55.375 [Forwarding getElementTagName on session 39aaa5d4-1897-471e-aff9-40e5738a1b6e to remote] DEBUG org.asynchttpclient.netty.request.NettyRequestSender - Using pooled Channel '[id: 0xebc9390d, L:/127.0.0.1:55606 - R:localhost/127.0.0.1:57716]' for 'GET' to 'http://localhost:57716/session/39aaa5d4-1897-471e-aff9-40e5738a1b6e/element/711597c6-cce6-4033-8538-cab415af2d50/name'
10:10:55.375 [Forwarding getElementTagName on session 39aaa5d4-1897-471e-aff9-40e5738a1b6e to remote] DEBUG org.asynchttpclient.netty.request.NettyRequestSender - Using open Channel [id: 0xebc9390d, L:/127.0.0.1:55606 - R:localhost/127.0.0.1:57716] for GET '/session/39aaa5d4-1897-471e-aff9-40e5738a1b6e/element/711597c6-cce6-4033-8538-cab415af2d50/name'
10:10:55.460 [AsyncHttpClient-1-8] DEBUG org.asynchttpclient.netty.handler.HttpHandler - 

Request DefaultFullHttpRequest(decodeResult: success, version: HTTP/1.1, content: EmptyByteBufBE)
GET /session/39aaa5d4-1897-471e-aff9-40e5738a1b6e/element/711597c6-cce6-4033-8538-cab415af2d50/name HTTP/1.1
User-Agent: selenium/4.1.2 (java windows)
Cache-Control: no-cache
Content-Type: application/json; charset=utf-8
host: localhost:57716
accept: */*

Response DefaultHttpResponse(decodeResult: success, version: HTTP/1.1)
HTTP/1.1 200 OK
content-type: application/json; charset=utf-8
cache-control: no-cache
date: Mon, 10 Apr 2023 03:10:55 GMT
content-length: 16

10:10:55.460 [AsyncHttpClient-1-8] DEBUG org.asynchttpclient.netty.channel.ChannelManager - Adding key: http://localhost:57716 for channel [id: 0xebc9390d, L:/127.0.0.1:55606 - R:localhost/127.0.0.1:57716]
10:10:55.462 [Forwarding getElementTagName on session 39aaa5d4-1897-471e-aff9-40e5738a1b6e to remote] DEBUG org.asynchttpclient.netty.request.NettyRequestSender - Using pooled Channel '[id: 0xebc9390d, L:/127.0.0.1:55606 - R:localhost/127.0.0.1:57716]' for 'GET' to 'http://localhost:57716/session/39aaa5d4-1897-471e-aff9-40e5738a1b6e/element/711597c6-cce6-4033-8538-cab415af2d50/name'
10:10:55.462 [Forwarding getElementTagName on session 39aaa5d4-1897-471e-aff9-40e5738a1b6e to remote] DEBUG org.asynchttpclient.netty.request.NettyRequestSender - Using open Channel [id: 0xebc9390d, L:/127.0.0.1:55606 - R:localhost/127.0.0.1:57716] for GET '/session/39aaa5d4-1897-471e-aff9-40e5738a1b6e/element/711597c6-cce6-4033-8538-cab415af2d50/name'
10:10:55.474 [AsyncHttpClient-1-8] DEBUG org.asynchttpclient.netty.handler.HttpHandler - 

Request DefaultFullHttpRequest(decodeResult: success, version: HTTP/1.1, content: EmptyByteBufBE)
GET /session/39aaa5d4-1897-471e-aff9-40e5738a1b6e/element/711597c6-cce6-4033-8538-cab415af2d50/name HTTP/1.1
User-Agent: selenium/4.1.2 (java windows)
Cache-Control: no-cache
Content-Type: application/json; charset=utf-8
host: localhost:57716
accept: */*

Response DefaultHttpResponse(decodeResult: success, version: HTTP/1.1)
HTTP/1.1 200 OK
content-type: application/json; charset=utf-8
cache-control: no-cache
date: Mon, 10 Apr 2023 03:10:55 GMT
content-length: 16

10:10:55.474 [AsyncHttpClient-1-8] DEBUG org.asynchttpclient.netty.channel.ChannelManager - Adding key: http://localhost:57716 for channel [id: 0xebc9390d, L:/127.0.0.1:55606 - R:localhost/127.0.0.1:57716]
10:10:55.477 [Forwarding findElement on session 39aaa5d4-1897-471e-aff9-40e5738a1b6e to remote] DEBUG org.asynchttpclient.netty.request.NettyRequestSender - Using pooled Channel '[id: 0xebc9390d, L:/127.0.0.1:55606 - R:localhost/127.0.0.1:57716]' for 'POST' to 'http://localhost:57716/session/39aaa5d4-1897-471e-aff9-40e5738a1b6e/element'
10:10:55.477 [Forwarding findElement on session 39aaa5d4-1897-471e-aff9-40e5738a1b6e to remote] DEBUG org.asynchttpclient.netty.request.NettyRequestSender - Using open Channel [id: 0xebc9390d, L:/127.0.0.1:55606 - R:localhost/127.0.0.1:57716] for POST '/session/39aaa5d4-1897-471e-aff9-40e5738a1b6e/element'
10:10:55.563 [AsyncHttpClient-1-8] DEBUG org.asynchttpclient.netty.handler.HttpHandler - 

Request DefaultHttpRequest(decodeResult: success, version: HTTP/1.1)
POST /session/39aaa5d4-1897-471e-aff9-40e5738a1b6e/element HTTP/1.1
User-Agent: selenium/4.1.2 (java windows)
Content-Length: 104
Content-Type: application/json; charset=utf-8
host: localhost:57716
accept: */*

Response DefaultHttpResponse(decodeResult: success, version: HTTP/1.1)
HTTP/1.1 200 OK
content-type: application/json; charset=utf-8
cache-control: no-cache
date: Mon, 10 Apr 2023 03:10:55 GMT
content-length: 88

10:10:55.563 [AsyncHttpClient-1-8] DEBUG org.asynchttpclient.netty.channel.ChannelManager - Adding key: http://localhost:57716 for channel [id: 0xebc9390d, L:/127.0.0.1:55606 - R:localhost/127.0.0.1:57716]
10:10:55.564 [Forwarding clickElement on session 39aaa5d4-1897-471e-aff9-40e5738a1b6e to remote] DEBUG org.asynchttpclient.netty.request.NettyRequestSender - Using pooled Channel '[id: 0xebc9390d, L:/127.0.0.1:55606 - R:localhost/127.0.0.1:57716]' for 'POST' to 'http://localhost:57716/session/39aaa5d4-1897-471e-aff9-40e5738a1b6e/element/711597c6-cce6-4033-8538-cab415af2d50/click'
10:10:55.565 [Forwarding clickElement on session 39aaa5d4-1897-471e-aff9-40e5738a1b6e to remote] DEBUG org.asynchttpclient.netty.request.NettyRequestSender - Using open Channel [id: 0xebc9390d, L:/127.0.0.1:55606 - R:localhost/127.0.0.1:57716] for POST '/session/39aaa5d4-1897-471e-aff9-40e5738a1b6e/element/711597c6-cce6-4033-8538-cab415af2d50/click'
10:10:56.050 [AsyncHttpClient-1-8] DEBUG org.asynchttpclient.netty.handler.HttpHandler - 

Request DefaultHttpRequest(decodeResult: success, version: HTTP/1.1)
POST /session/39aaa5d4-1897-471e-aff9-40e5738a1b6e/element/711597c6-cce6-4033-8538-cab415af2d50/click HTTP/1.1
User-Agent: selenium/4.1.2 (java windows)
Content-Length: 50
Content-Type: application/json; charset=utf-8
host: localhost:57716
accept: */*

Response DefaultHttpResponse(decodeResult: success, version: HTTP/1.1)
HTTP/1.1 200 OK
content-type: application/json; charset=utf-8
cache-control: no-cache
date: Mon, 10 Apr 2023 03:10:55 GMT
content-length: 14

10:10:56.051 [AsyncHttpClient-1-8] DEBUG org.asynchttpclient.netty.channel.ChannelManager - Adding key: http://localhost:57716 for channel [id: 0xebc9390d, L:/127.0.0.1:55606 - R:localhost/127.0.0.1:57716]
  &amp#27;[32mWhen &amp#27;[0m&amp#27;[32mI will go to &amp#27;[0m&amp#27;[32m&amp#27;[1m"piyama"&amp#27;[0m      &amp#27;[90m# starter.stepdefinitions.BabyStep.iWillGoTo(java.lang.String)&amp#27;[0m
10:10:56.060 [Forwarding screenshot on session 39aaa5d4-1897-471e-aff9-40e5738a1b6e to remote] DEBUG org.asynchttpclient.netty.request.NettyRequestSender - Using pooled Channel '[id: 0xebc9390d, L:/127.0.0.1:55606 - R:localhost/127.0.0.1:57716]' for 'GET' to 'http://localhost:57716/session/39aaa5d4-1897-471e-aff9-40e5738a1b6e/screenshot'
10:10:56.060 [Forwarding screenshot on session 39aaa5d4-1897-471e-aff9-40e5738a1b6e to remote] DEBUG org.asynchttpclient.netty.request.NettyRequestSender - Using open Channel [id: 0xebc9390d, L:/127.0.0.1:55606 - R:localhost/127.0.0.1:57716] for GET '/session/39aaa5d4-1897-471e-aff9-40e5738a1b6e/screenshot'
10:10:56.302 [AsyncHttpClient-1-8] DEBUG org.asynchttpclient.netty.handler.HttpHandler - 

Request DefaultFullHttpRequest(decodeResult: success, version: HTTP/1.1, content: EmptyByteBufBE)
GET /session/39aaa5d4-1897-471e-aff9-40e5738a1b6e/screenshot HTTP/1.1
User-Agent: selenium/4.1.2 (java windows)
Cache-Control: no-cache
Content-Type: application/json; charset=utf-8
host: localhost:57716
accept: */*

Response DefaultHttpResponse(decodeResult: success, version: HTTP/1.1)
HTTP/1.1 200 OK
content-type: application/json; charset=utf-8
cache-control: no-cache
date: Mon, 10 Apr 2023 03:10:55 GMT
content-length: 197604

10:10:56.303 [AsyncHttpClient-1-8] DEBUG org.asynchttpclient.netty.channel.ChannelManager - Adding key: http://localhost:57716 for channel [id: 0xebc9390d, L:/127.0.0.1:55606 - R:localhost/127.0.0.1:57716]
10:10:56.310 [main] DEBUG net.serenitybdd.core.photography.Darkroom - Send negative for processing for target\site\serenity\34f319aecafaaccae3db951c7e780375d4e2309292f62e5d5a347c596182b6a7.png
10:10:56.310 [Darkroom Processing Line] DEBUG net.serenitybdd.core.photography.DarkroomProcessingLine - Processing screenshot image in /var/screenshots/screenshot-7774469658686948373
10:10:56.310 [Darkroom Processing Line] DEBUG net.serenitybdd.core.photography.DarkroomProcessingLine - Saving screenshot to target\site\serenity\34f319aecafaaccae3db951c7e780375d4e2309292f62e5d5a347c596182b6a7.png
10:10:56.319 [Forwarding findElement on session 39aaa5d4-1897-471e-aff9-40e5738a1b6e to remote] DEBUG org.asynchttpclient.netty.request.NettyRequestSender - Using pooled Channel '[id: 0xebc9390d, L:/127.0.0.1:55606 - R:localhost/127.0.0.1:57716]' for 'POST' to 'http://localhost:57716/session/39aaa5d4-1897-471e-aff9-40e5738a1b6e/element'
10:10:56.319 [Forwarding findElement on session 39aaa5d4-1897-471e-aff9-40e5738a1b6e to remote] DEBUG org.asynchttpclient.netty.request.NettyRequestSender - Using open Channel [id: 0xebc9390d, L:/127.0.0.1:55606 - R:localhost/127.0.0.1:57716] for POST '/session/39aaa5d4-1897-471e-aff9-40e5738a1b6e/element'
10:10:56.322 [AsyncHttpClient-1-8] DEBUG org.asynchttpclient.netty.handler.HttpHandler - 

Request DefaultHttpRequest(decodeResult: success, version: HTTP/1.1)
POST /session/39aaa5d4-1897-471e-aff9-40e5738a1b6e/element HTTP/1.1
User-Agent: selenium/4.1.2 (java windows)
Content-Length: 89
Content-Type: application/json; charset=utf-8
host: localhost:57716
accept: */*

Response DefaultHttpResponse(decodeResult: success, version: HTTP/1.1)
HTTP/1.1 200 OK
content-type: application/json; charset=utf-8
cache-control: no-cache
date: Mon, 10 Apr 2023 03:10:56 GMT
content-length: 88

10:10:56.322 [AsyncHttpClient-1-8] DEBUG org.asynchttpclient.netty.channel.ChannelManager - Adding key: http://localhost:57716 for channel [id: 0xebc9390d, L:/127.0.0.1:55606 - R:localhost/127.0.0.1:57716]
10:10:56.325 [Forwarding isElementDisplayed on session 39aaa5d4-1897-471e-aff9-40e5738a1b6e to remote] DEBUG org.asynchttpclient.netty.request.NettyRequestSender - Using pooled Channel '[id: 0xebc9390d, L:/127.0.0.1:55606 - R:localhost/127.0.0.1:57716]' for 'POST' to 'http://localhost:57716/session/39aaa5d4-1897-471e-aff9-40e5738a1b6e/execute/sync'
10:10:56.325 [Forwarding isElementDisplayed on session 39aaa5d4-1897-471e-aff9-40e5738a1b6e to remote] DEBUG org.asynchttpclient.netty.request.NettyRequestSender - Using open Channel [id: 0xebc9390d, L:/127.0.0.1:55606 - R:localhost/127.0.0.1:57716] for POST '/session/39aaa5d4-1897-471e-aff9-40e5738a1b6e/execute/sync'
10:10:56.345 [AsyncHttpClient-1-8] DEBUG org.asynchttpclient.netty.handler.HttpHandler - 

Request DefaultHttpRequest(decodeResult: success, version: HTTP/1.1)
POST /session/39aaa5d4-1897-471e-aff9-40e5738a1b6e/execute/sync HTTP/1.1
User-Agent: selenium/4.1.2 (java windows)
Content-Length: 48780
Content-Type: application/json; charset=utf-8
host: localhost:57716
accept: */*

Response DefaultHttpResponse(decodeResult: success, version: HTTP/1.1)
HTTP/1.1 200 OK
content-type: application/json; charset=utf-8
cache-control: no-cache
date: Mon, 10 Apr 2023 03:10:56 GMT
content-length: 14

10:10:56.345 [AsyncHttpClient-1-8] DEBUG org.asynchttpclient.netty.channel.ChannelManager - Adding key: http://localhost:57716 for channel [id: 0xebc9390d, L:/127.0.0.1:55606 - R:localhost/127.0.0.1:57716]
  &amp#27;[32mAnd &amp#27;[0m&amp#27;[32mI &amp#27;[0m&amp#27;[32m&amp#27;[1m"txtPiyama"&amp#27;[0m&amp#27;[32m page&amp#27;[0m          &amp#27;[90m# starter.stepdefinitions.BabyStep.iPage(java.lang.String)&amp#27;[0m
10:10:56.353 [Driver Command Executor] DEBUG org.asynchttpclient.netty.request.NettyRequestSender - Using pooled Channel '[id: 0xebc9390d, L:/127.0.0.1:55606 - R:localhost/127.0.0.1:57716]' for 'DELETE' to 'http://localhost:57716/session/39aaa5d4-1897-471e-aff9-40e5738a1b6e'
10:10:56.353 [Driver Command Executor] DEBUG org.asynchttpclient.netty.request.NettyRequestSender - Using open Channel [id: 0xebc9390d, L:/127.0.0.1:55606 - R:localhost/127.0.0.1:57716] for DELETE '/session/39aaa5d4-1897-471e-aff9-40e5738a1b6e'
10:10:57.270 [AsyncHttpClient-1-8] DEBUG org.asynchttpclient.netty.handler.HttpHandler - 

Request DefaultFullHttpRequest(decodeResult: success, version: HTTP/1.1, content: EmptyByteBufBE)
DELETE /session/39aaa5d4-1897-471e-aff9-40e5738a1b6e HTTP/1.1
User-Agent: selenium/4.1.2 (java windows)
Content-Type: application/json; charset=utf-8
host: localhost:57716
accept: */*

Response DefaultHttpResponse(decodeResult: success, version: HTTP/1.1)
HTTP/1.1 200 OK
content-type: application/json; charset=utf-8
cache-control: no-cache
date: Mon, 10 Apr 2023 03:10:56 GMT
content-length: 14

10:10:57.271 [AsyncHttpClient-1-8] DEBUG org.asynchttpclient.netty.channel.ChannelManager - Adding key: http://localhost:57716 for channel [id: 0xebc9390d, L:/127.0.0.1:55606 - R:localhost/127.0.0.1:57716]
10:10:57.272 [AsyncHttpClient-1-8] DEBUG org.asynchttpclient.netty.handler.HttpHandler - Unexpected I/O exception on channel [id: 0xebc9390d, L:/127.0.0.1:55606 - R:localhost/127.0.0.1:57716]
java.net.SocketException: Connection reset
	at java.base/sun.nio.ch.SocketChannelImpl.throwConnectionReset(SocketChannelImpl.java:345)
	at java.base/sun.nio.ch.SocketChannelImpl.read(SocketChannelImpl.java:376)
	at io.netty.buffer.PooledByteBuf.setBytes(PooledByteBuf.java:258)
	at io.netty.buffer.AbstractByteBuf.writeBytes(AbstractByteBuf.java:1132)
	at io.netty.channel.socket.nio.NioSocketChannel.doReadBytes(NioSocketChannel.java:350)
	at io.netty.channel.nio.AbstractNioByteChannel$NioByteUnsafe.read(AbstractNioByteChannel.java:151)
	at io.netty.channel.nio.NioEventLoop.processSelectedKey(NioEventLoop.java:722)
	at io.netty.channel.nio.NioEventLoop.processSelectedKeysOptimized(NioEventLoop.java:658)
	at io.netty.channel.nio.NioEventLoop.processSelectedKeys(NioEventLoop.java:584)
	at io.netty.channel.nio.NioEventLoop.run(NioEventLoop.java:496)
	at io.netty.util.concurrent.SingleThreadEventExecutor$4.run(SingleThreadEventExecutor.java:986)
	at io.netty.util.internal.ThreadExecutorMap$2.run(ThreadExecutorMap.java:74)
	at io.netty.util.concurrent.FastThreadLocalRunnable.run(FastThreadLocalRunnable.java:30)
	at java.base/java.lang.Thread.run(Thread.java:830)
10:10:57.272 [AsyncHttpClient-1-8] DEBUG org.asynchttpclient.netty.channel.ChannelManager - Closing Channel [id: 0xebc9390d, L:/127.0.0.1:55606 - R:localhost/127.0.0.1:57716] 
10:10:57.273 [AsyncHttpClient-1-8] DEBUG org.asynchttpclient.netty.handler.HttpHandler - Channel Closed: [id: 0xebc9390d, L:/127.0.0.1:55606 ! R:localhost/127.0.0.1:57716] with attribute DISCARD
]]></system-out>
    <system-err><![CDATA[1681096249095	geckodriver	INFO	Listening on 127.0.0.1:57716
1681096249577	mozrunner::runner	INFO	Running command: "C:\\Program Files\\Mozilla Firefox\\firefox.exe" "--marionette" "" "--remote-debugging-port" "52743" "--remote-allow-hosts" "localhost" "-no-remote" "-profile" "C:\\Users\\alwi\\AppData\\Local\\Temp\\rust_mozprofileNIiGha"
console.warn: services.settings: Ignoring preference override of remote settings server
console.warn: services.settings: Allow by setting MOZ_REMOTE_SETTINGS_DEVTOOLS=1 in the environment
1681096249919	Marionette	INFO	Marionette enabled
Dynamically enable window occlusion 0
1681096249924	Marionette	INFO	Listening on port 55609
WebDriver BiDi listening on ws://127.0.0.1:52743
Read port: 55609
1681096250176	RemoteAgent	WARN	TLS certificate errors will be ignored for this session
console.warn: SearchSettings: "get: No settings file exists, new profile?" (new NotFoundError("Could not open the file at C:\\Users\\alwi\\AppData\\Local\\Temp\\rust_mozprofileNIiGha\\search.json.mozlz4", (void 0)))
DevTools listening on ws://127.0.0.1:52743/devtools/browser/bb3da17f-77d3-4f8a-8ece-01700010fbf4
Apr 10, 2023 10:10:51 AM org.openqa.selenium.remote.ProtocolHandshake createSession
INFO: Detected dialect: W3C
JavaScript warning: https://www.uniqlo.com/Mx95Yd/biG/Wo_/8-IanA/Vu7EGJtwEh/el0ZAQ/aiE/QAlg7T10, line 1: unreachable code after return statement
JavaScript warning: https://www.uniqlo.com/Mx95Yd/biG/Wo_/8-IanA/Vu7EGJtwEh/el0ZAQ/aiE/QAlg7T10, line 1: WEBGL_debug_renderer_info is deprecated in Firefox and will be removed. Please use RENDERER.
JavaScript warning: https://www.uniqlo.com/id/elgnisolqinu.js?async&seed=AIAnG2mHAQAAp6_kQ-NvC4pDCvZJooQGzCoxcLZ3CqwiSlxvcp_1EokMlmcT&x-i1ysm4mm--z=q, line 1: WEBGL_debug_renderer_info is deprecated in Firefox and will be removed. Please use RENDERER.
1681096254986	Marionette	WARN	TimedPromise timed out after 500 ms: stacktrace:
TimedPromise/<@chrome://remote/content/marionette/sync.sys.mjs:219:24
TimedPromise@chrome://remote/content/marionette/sync.sys.mjs:204:10
interaction.flushEventLoop@chrome://remote/content/marionette/interaction.sys.mjs:425:10
webdriverClickElement@chrome://remote/content/marionette/interaction.sys.mjs:173:31
1681096256355	Marionette	INFO	Stopped listening on port 55609
Dynamically enable window occlusion 1
WARNING: A blocker encountered an error while we were waiting.
          Blocker:  Waiting for ping task
          Phase: TelemetryController: Waiting for pending ping activity
          State: (none)
WARNING: Error: Phase "profile-before-change" is finished, it is too late to register completion condition "OS.File: flush I/O queued before profileBeforeChange"
WARNING: addBlocker@resource://gre/modules/AsyncShutdown.sys.mjs:727:15
addBlocker@resource://gre/modules/AsyncShutdown.sys.mjs:523:26
addBlocker@resource://gre/modules/AsyncShutdown.sys.mjs:458:15
setupShutdown@resource://gre/modules/osfile/osfile_async_front.jsm:1548:28
@resource://gre/modules/osfile/osfile_async_front.jsm:1568:16
@resource://gre/modules/osfile.jsm:12:30
@resource://gre/modules/TelemetryStorage.sys.mjs:10:28
_checkPendingPings@resource://gre/modules/TelemetrySend.sys.mjs:863:17
setup@resource://gre/modules/TelemetrySend.sys.mjs:803:18
setup@resource://gre/modules/TelemetrySend.sys.mjs:241:30
setupTelemetry/this._delayedInitTask<@resource://gre/modules/TelemetryControllerParent.sys.mjs:828:36
observe@resource://gre/modules/AsyncShutdown.sys.mjs:576:16

console.error: "TelemetryScheduler.shutdown - Already shut down"
WARNING: A blocker encountered an error while we were waiting.
          Blocker:  Waiting for ping task
          Phase: TelemetryController: Waiting for pending ping activity
          State: (none)
WARNING: Error: Phase "profile-before-change" is finished, it is too late to register completion condition "OS.File: flush I/O queued before profileBeforeChange"
WARNING: addBlocker@resource://gre/modules/AsyncShutdown.sys.mjs:727:15
addBlocker@resource://gre/modules/AsyncShutdown.sys.mjs:523:26
addBlocker@resource://gre/modules/AsyncShutdown.sys.mjs:458:15
setupShutdown@resource://gre/modules/osfile/osfile_async_front.jsm:1548:28
@resource://gre/modules/osfile/osfile_async_front.jsm:1568:16
@resource://gre/modules/osfile.jsm:12:30
@resource://gre/modules/TelemetryStorage.sys.mjs:10:28
_checkPendingPings@resource://gre/modules/TelemetrySend.sys.mjs:863:17
setup@resource://gre/modules/TelemetrySend.sys.mjs:803:18
setup@resource://gre/modules/TelemetrySend.sys.mjs:241:30
setupTelemetry/this._delayedInitTask<@resource://gre/modules/TelemetryControllerParent.sys.mjs:828:36
observe@resource://gre/modules/AsyncShutdown.sys.mjs:576:16

WARNING: A blocker encountered an error while we were waiting.
          Blocker:  Waiting for ping task
          Phase: TelemetryController: Waiting for pending ping activity
          State: (none)
WARNING: Error: Phase "profile-before-change" is finished, it is too late to register completion condition "OS.File: flush I/O queued before profileBeforeChange"
WARNING: addBlocker@resource://gre/modules/AsyncShutdown.sys.mjs:727:15
addBlocker@resource://gre/modules/AsyncShutdown.sys.mjs:523:26
addBlocker@resource://gre/modules/AsyncShutdown.sys.mjs:458:15
setupShutdown@resource://gre/modules/osfile/osfile_async_front.jsm:1548:28
@resource://gre/modules/osfile/osfile_async_front.jsm:1568:16
@resource://gre/modules/osfile.jsm:12:30
@resource://gre/modules/TelemetryStorage.sys.mjs:10:28
_checkPendingPings@resource://gre/modules/TelemetrySend.sys.mjs:863:17
setup@resource://gre/modules/TelemetrySend.sys.mjs:803:18
setup@resource://gre/modules/TelemetrySend.sys.mjs:241:30
setupTelemetry/this._delayedInitTask<@resource://gre/modules/TelemetryControllerParent.sys.mjs:828:36
observe@resource://gre/modules/AsyncShutdown.sys.mjs:576:16

WARNING: A blocker encountered an error while we were waiting.
          Blocker:  TelemetryController: shutting down
          Phase: profile-before-change-telemetry
          State: Error getting state: Error: Phase "profile-before-change" is finished, it is too late to register completion condition "OS.File: flush I/O queued before profileBeforeChange" at addBlocker@resource://gre/modules/AsyncShutdown.sys.mjs:727:15
addBlocker@resource://gre/modules/AsyncShutdown.sys.mjs:523:26
addBlocker@resource://gre/modules/AsyncShutdown.sys.mjs:458:15
setupShutdown@resource://gre/modules/osfile/osfile_async_front.jsm:1548:28
@resource://gre/modules/osfile/osfile_async_front.jsm:1568:16
@resource://gre/modules/osfile.jsm:12:30
@resource://gre/modules/TelemetryStorage.sys.mjs:10:28
_checkPendingPings@resource://gre/modules/TelemetrySend.sys.mjs:863:17
setup@resource://gre/modules/TelemetrySend.sys.mjs:803:18
setup@resource://gre/modules/TelemetrySend.sys.mjs:241:30
setupTelemetry/this._delayedInitTask<@resource://gre/modules/TelemetryControllerParent.sys.mjs:828:36
observe@resource://gre/modules/AsyncShutdown.sys.mjs:576:16

WARNING: Error: Phase "profile-before-change" is finished, it is too late to register completion condition "OS.File: flush I/O queued before profileBeforeChange"
WARNING: addBlocker@resource://gre/modules/AsyncShutdown.sys.mjs:727:15
addBlocker@resource://gre/modules/AsyncShutdown.sys.mjs:523:26
addBlocker@resource://gre/modules/AsyncShutdown.sys.mjs:458:15
setupShutdown@resource://gre/modules/osfile/osfile_async_front.jsm:1548:28
@resource://gre/modules/osfile/oJsfialev_aasSycnrci_ptf reornrto.rj:s mr:1e5s6o8u:r1c6e:/
/@grreeso/umrocdeu:l/e/sg/rAes/ymnocdSuhluetsdo/wons.sfyisl.em.jjss,m :l1i2n:e3 0727
:@ rEersroourr:c eP:h/a/sge r"ep/rmoofdiullee-sb/eTfeolreem-ecthraynSgteo"r aigse .fsiynsi.smhjesd:,1 0i:t2 8is
 _tcohoe clkaPteen dtion grPeignigsst@erre scompletion condition "OS.File: flush I/O oquureuceed: /b/egref/omroed uplreofsi/lTeBeelfoermeeCtryhSaenngde."sy
s.mjs:863:17Ja
svetauSpc@rriepsto uerrrocr:e :r/es/ogurer/cmeo:d/ules//gTerlee/memtorduylSeens/Ads.ysnycsSh.umtjdso:wn8.0sy3s:.18mj
ss,e tluinp@ere s7o27u:r Error:c eP:h/a/sger e"/mpordoufleisl/eT-ebelfeomreet-rcyhaSnegned" .iss yfsi.nimsjhse:d2,4 1i:t3 0is
 steotou plTaetlee mteot rrye/gtishteirs c.o_mdpellaeyteidoInn ictonTdaistki<@ornes o"uOrSc.Fei:l/e:/ gfrleu/smho dIu/lOe sq/uTeeuleemde tryConbterfoolrle eprrPoafrielnetB.esfyosr.emCjhsa:n8g2e8":
3J6a
voabSscerripvte @errersooru:r cree:s/o/ugrrec/em:o/d/uglrees//mAosdyulnecsS/hAustydncoSwhnu.tsdysow.nm.jss:y57s6.:m16j
s,
 line 727: Error: Phase "profile-before-change" is finished, it is too late to register completion condition "OS.File: flush I/O queued before profileBeforeChange"
JavaScript error: resource://gre/modules/AsyncShutdown.sys.mjs, line 727: Error: Phase "profile-before-change" is finished, it is too late to register completion condition "OS.File: flush I/O queued before profileBeforeChange"
JavaScript error: resource://gre/modules/AsyncShutdown.sys.mjs, line 727: Error: Phase "profile-before-change" is finished, it is too late to register completion condition "OS.File: flush I/O queued before profileBeforeChange"
JavaScript error: resource://gre/modules/AsyncShutdown.sys.mjs, line 727: Error: Phase "profile-before-change" is finished, it is too late to register completion condition "OS.File: flush I/O queued before profileBeforeChange"
]]></system-err>
  </testcase>
  <testcase name="Fitur Menu Baby #20" classname="Baby" time="9.17">
    <system-out><![CDATA[
@baby
Scenario Outline: Fitur Menu Baby &amp#27;[90m# src/test/resources/features/Baby.feature:32&amp#27;[0m
10:10:57.335 [main] INFO io.cucumber.core.plugin.SerenityReporter - Running feature from file:///C:/Users/alwi/IdeaProjects/uniqloweb/src/test/resources/features/Baby.feature
10:10:57.353 [main] INFO net.serenitybdd.core.webdriver.driverproviders.FirefoxDriverProvider - Using automatically driver download
10:10:57.470 [main] DEBUG io.github.bonigarcia.wdm.cache.ResolutionCache - Resolution firefox=111 in cache (valid until 10:32:56 10/04/2023 WIB)
10:10:57.473 [main] DEBUG io.github.bonigarcia.wdm.cache.ResolutionCache - Resolution firefox111=0.32.2 in cache (valid until 19:30:50 10/04/2023 WIB)
10:10:57.475 [main] INFO io.github.bonigarcia.wdm.WebDriverManager - Using geckodriver 0.32.2 (resolved driver for Firefox 111)
10:10:57.485 [main] DEBUG io.github.bonigarcia.wdm.WebDriverManager - Driver geckodriver 0.32.2 found in cache
10:10:57.486 [main] INFO io.github.bonigarcia.wdm.WebDriverManager - Exporting webdriver.gecko.driver as C:\Users\alwi\.cache\selenium\geckodriver\win64\0.32.2\geckodriver.exe
10:10:57.498 [main] DEBUG net.serenitybdd.core.webdriver.driverproviders.ProvideNewDriver - Instantiating driver
10:10:57.498 [main] DEBUG net.serenitybdd.core.webdriver.driverproviders.ProvideNewDriver - Driver capabilities: Capabilities {acceptInsecureCerts: true, browserName: firefox, moz:debuggerAddress: true, moz:firefoxOptions: {args: [], profile: UEsDBBQACAgIAFxRilYAAAAAAAA...}}
10:10:58.022 [AsyncHttpClient-1-10] DEBUG org.asynchttpclient.netty.channel.NettyConnectListener - Using new Channel '[id: 0xeadcd5f3, L:/127.0.0.1:55704 - R:localhost/127.0.0.1:59916]' for 'POST' to '/session'
10:10:58.126 [AsyncHttpClient-1-1] DEBUG org.asynchttpclient.netty.channel.DefaultChannelPool - Entry count for : http://localhost:57716 : 1
10:10:58.126 [AsyncHttpClient-1-1] DEBUG org.asynchttpclient.netty.channel.DefaultChannelPool - Adding Candidate expired Channel [id: 0xebc9390d, L:/127.0.0.1:55606 ! R:localhost/127.0.0.1:57716] isIdleTimeoutExpired=false isRemotelyClosed=true isTtlExpired=false
10:10:58.126 [AsyncHttpClient-1-1] DEBUG org.asynchttpclient.netty.channel.DefaultChannelPool - Closing Idle Channel [id: 0xebc9390d, L:/127.0.0.1:55606 ! R:localhost/127.0.0.1:57716]
10:10:58.126 [AsyncHttpClient-1-1] DEBUG org.asynchttpclient.netty.channel.DefaultChannelPool - Closed 1 connections out of 1 in 0 ms
10:11:00.346 [AsyncHttpClient-1-10] DEBUG org.asynchttpclient.netty.handler.HttpHandler - 

Request DefaultHttpRequest(decodeResult: success, version: HTTP/1.1)
POST /session HTTP/1.1
User-Agent: selenium/4.1.2 (java windows)
Content-Length: 3673
Content-Type: application/json; charset=utf-8
host: localhost:59916
accept: */*

Response DefaultHttpResponse(decodeResult: success, version: HTTP/1.1)
HTTP/1.1 200 OK
content-type: application/json; charset=utf-8
cache-control: no-cache
date: Mon, 10 Apr 2023 03:10:58 GMT
content-length: 789

10:11:00.346 [AsyncHttpClient-1-10] DEBUG org.asynchttpclient.netty.channel.ChannelManager - Adding key: http://localhost:59916 for channel [id: 0xeadcd5f3, L:/127.0.0.1:55704 - R:localhost/127.0.0.1:59916]
10:11:00.352 [AsyncHttpClient-1-11] DEBUG org.asynchttpclient.netty.channel.NettyConnectListener - Using new Channel '[id: 0x217211f7, L:/127.0.0.1:55722 - R:/127.0.0.1:60962]' for 'GET' to '/json/version'
10:11:00.354 [AsyncHttpClient-1-11] DEBUG org.asynchttpclient.netty.handler.HttpHandler - 

Request DefaultFullHttpRequest(decodeResult: success, version: HTTP/1.1, content: EmptyByteBufBE)
GET /json/version HTTP/1.1
User-Agent: selenium/4.1.2 (java windows)
host: 127.0.0.1:60962
accept: */*

Response DefaultHttpResponse(decodeResult: success, version: HTTP/1.1)
HTTP/1.1 200 OK
content-type: application/json
connection: close
server: httpd.js
date: Mon, 10 Apr 2023 03:11:00 GMT
content-length: 311

10:11:00.354 [AsyncHttpClient-1-11] DEBUG org.asynchttpclient.netty.channel.ChannelManager - Closing Channel [id: 0x217211f7, L:/127.0.0.1:55722 - R:/127.0.0.1:60962] 
10:11:00.354 [AsyncHttpClient-1-11] DEBUG org.asynchttpclient.netty.handler.HttpHandler - Channel Closed: [id: 0x217211f7, L:/127.0.0.1:55722 ! R:/127.0.0.1:60962] with attribute DISCARD
10:11:00.356 [Forwarding get on session 6299e6f5-f0e8-4937-b925-e646eb8feca1 to remote] DEBUG org.asynchttpclient.netty.request.NettyRequestSender - Using pooled Channel '[id: 0xeadcd5f3, L:/127.0.0.1:55704 - R:localhost/127.0.0.1:59916]' for 'POST' to 'http://localhost:59916/session/6299e6f5-f0e8-4937-b925-e646eb8feca1/url'
10:11:00.356 [Forwarding get on session 6299e6f5-f0e8-4937-b925-e646eb8feca1 to remote] DEBUG org.asynchttpclient.netty.request.NettyRequestSender - Using open Channel [id: 0xeadcd5f3, L:/127.0.0.1:55704 - R:localhost/127.0.0.1:59916] for POST '/session/6299e6f5-f0e8-4937-b925-e646eb8feca1/url'
10:11:02.163 [AsyncHttpClient-1-10] DEBUG org.asynchttpclient.netty.handler.HttpHandler - 

Request DefaultHttpRequest(decodeResult: success, version: HTTP/1.1)
POST /session/6299e6f5-f0e8-4937-b925-e646eb8feca1/url HTTP/1.1
User-Agent: selenium/4.1.2 (java windows)
Content-Length: 69
Content-Type: application/json; charset=utf-8
host: localhost:59916
accept: */*

Response DefaultHttpResponse(decodeResult: success, version: HTTP/1.1)
HTTP/1.1 200 OK
content-type: application/json; charset=utf-8
cache-control: no-cache
date: Mon, 10 Apr 2023 03:11:00 GMT
content-length: 14

10:11:02.163 [AsyncHttpClient-1-10] DEBUG org.asynchttpclient.netty.channel.ChannelManager - Adding key: http://localhost:59916 for channel [id: 0xeadcd5f3, L:/127.0.0.1:55704 - R:localhost/127.0.0.1:59916]
10:11:02.164 [Forwarding setTimeout on session 6299e6f5-f0e8-4937-b925-e646eb8feca1 to remote] DEBUG org.asynchttpclient.netty.request.NettyRequestSender - Using pooled Channel '[id: 0xeadcd5f3, L:/127.0.0.1:55704 - R:localhost/127.0.0.1:59916]' for 'POST' to 'http://localhost:59916/session/6299e6f5-f0e8-4937-b925-e646eb8feca1/timeouts'
10:11:02.164 [Forwarding setTimeout on session 6299e6f5-f0e8-4937-b925-e646eb8feca1 to remote] DEBUG org.asynchttpclient.netty.request.NettyRequestSender - Using open Channel [id: 0xeadcd5f3, L:/127.0.0.1:55704 - R:localhost/127.0.0.1:59916] for POST '/session/6299e6f5-f0e8-4937-b925-e646eb8feca1/timeouts'
10:11:02.165 [AsyncHttpClient-1-10] DEBUG org.asynchttpclient.netty.handler.HttpHandler - 

Request DefaultHttpRequest(decodeResult: success, version: HTTP/1.1)
POST /session/6299e6f5-f0e8-4937-b925-e646eb8feca1/timeouts HTTP/1.1
User-Agent: selenium/4.1.2 (java windows)
Content-Length: 22
Content-Type: application/json; charset=utf-8
host: localhost:59916
accept: */*

Response DefaultHttpResponse(decodeResult: success, version: HTTP/1.1)
HTTP/1.1 200 OK
content-type: application/json; charset=utf-8
cache-control: no-cache
date: Mon, 10 Apr 2023 03:11:02 GMT
content-length: 14

10:11:02.166 [AsyncHttpClient-1-10] DEBUG org.asynchttpclient.netty.channel.ChannelManager - Adding key: http://localhost:59916 for channel [id: 0xeadcd5f3, L:/127.0.0.1:55704 - R:localhost/127.0.0.1:59916]
10:11:02.168 [Forwarding getCurrentUrl on session 6299e6f5-f0e8-4937-b925-e646eb8feca1 to remote] DEBUG org.asynchttpclient.netty.request.NettyRequestSender - Using pooled Channel '[id: 0xeadcd5f3, L:/127.0.0.1:55704 - R:localhost/127.0.0.1:59916]' for 'GET' to 'http://localhost:59916/session/6299e6f5-f0e8-4937-b925-e646eb8feca1/url'
10:11:02.168 [Forwarding getCurrentUrl on session 6299e6f5-f0e8-4937-b925-e646eb8feca1 to remote] DEBUG org.asynchttpclient.netty.request.NettyRequestSender - Using open Channel [id: 0xeadcd5f3, L:/127.0.0.1:55704 - R:localhost/127.0.0.1:59916] for GET '/session/6299e6f5-f0e8-4937-b925-e646eb8feca1/url'
10:11:02.175 [AsyncHttpClient-1-10] DEBUG org.asynchttpclient.netty.handler.HttpHandler - 

Request DefaultFullHttpRequest(decodeResult: success, version: HTTP/1.1, content: EmptyByteBufBE)
GET /session/6299e6f5-f0e8-4937-b925-e646eb8feca1/url HTTP/1.1
User-Agent: selenium/4.1.2 (java windows)
Cache-Control: no-cache
Content-Type: application/json; charset=utf-8
host: localhost:59916
accept: */*

Response DefaultHttpResponse(decodeResult: success, version: HTTP/1.1)
HTTP/1.1 200 OK
content-type: application/json; charset=utf-8
cache-control: no-cache
date: Mon, 10 Apr 2023 03:11:02 GMT
content-length: 41

10:11:02.175 [AsyncHttpClient-1-10] DEBUG org.asynchttpclient.netty.channel.ChannelManager - Adding key: http://localhost:59916 for channel [id: 0xeadcd5f3, L:/127.0.0.1:55704 - R:localhost/127.0.0.1:59916]
  &amp#27;[32mGiven &amp#27;[0m&amp#27;[32mI am on the home page&amp#27;[0m     &amp#27;[90m# starter.stepdefinitions.BabyStep.iAmOnTheHomePage()&amp#27;[0m
10:11:02.179 [Forwarding screenshot on session 6299e6f5-f0e8-4937-b925-e646eb8feca1 to remote] DEBUG org.asynchttpclient.netty.request.NettyRequestSender - Using pooled Channel '[id: 0xeadcd5f3, L:/127.0.0.1:55704 - R:localhost/127.0.0.1:59916]' for 'GET' to 'http://localhost:59916/session/6299e6f5-f0e8-4937-b925-e646eb8feca1/screenshot'
10:11:02.179 [Forwarding screenshot on session 6299e6f5-f0e8-4937-b925-e646eb8feca1 to remote] DEBUG org.asynchttpclient.netty.request.NettyRequestSender - Using open Channel [id: 0xeadcd5f3, L:/127.0.0.1:55704 - R:localhost/127.0.0.1:59916] for GET '/session/6299e6f5-f0e8-4937-b925-e646eb8feca1/screenshot'
10:11:02.257 [AsyncHttpClient-1-10] DEBUG org.asynchttpclient.netty.handler.HttpHandler - 

Request DefaultFullHttpRequest(decodeResult: success, version: HTTP/1.1, content: EmptyByteBufBE)
GET /session/6299e6f5-f0e8-4937-b925-e646eb8feca1/screenshot HTTP/1.1
User-Agent: selenium/4.1.2 (java windows)
Cache-Control: no-cache
Content-Type: application/json; charset=utf-8
host: localhost:59916
accept: */*

Response DefaultHttpResponse(decodeResult: success, version: HTTP/1.1)
HTTP/1.1 200 OK
content-type: application/json; charset=utf-8
cache-control: no-cache
date: Mon, 10 Apr 2023 03:11:02 GMT
content-length: 72732

10:11:02.257 [AsyncHttpClient-1-10] DEBUG org.asynchttpclient.netty.channel.ChannelManager - Adding key: http://localhost:59916 for channel [id: 0xeadcd5f3, L:/127.0.0.1:55704 - R:localhost/127.0.0.1:59916]
10:11:02.260 [main] DEBUG net.serenitybdd.core.photography.Darkroom - Send negative for processing for target\site\serenity\6c89ff9cb7a19cab224562cb240cc00cc6080a1f855c84d5fc8a85dde7ed2252.png
10:11:02.261 [Darkroom Processing Line] DEBUG net.serenitybdd.core.photography.DarkroomProcessingLine - Processing screenshot image in /var/screenshots/screenshot-11068550595766225282
10:11:02.261 [Darkroom Processing Line] DEBUG net.serenitybdd.core.photography.DarkroomProcessingLine - Saving screenshot to target\site\serenity\6c89ff9cb7a19cab224562cb240cc00cc6080a1f855c84d5fc8a85dde7ed2252.png
10:11:02.270 [Forwarding findElement on session 6299e6f5-f0e8-4937-b925-e646eb8feca1 to remote] DEBUG org.asynchttpclient.netty.request.NettyRequestSender - Using pooled Channel '[id: 0xeadcd5f3, L:/127.0.0.1:55704 - R:localhost/127.0.0.1:59916]' for 'POST' to 'http://localhost:59916/session/6299e6f5-f0e8-4937-b925-e646eb8feca1/element'
10:11:02.270 [Forwarding findElement on session 6299e6f5-f0e8-4937-b925-e646eb8feca1 to remote] DEBUG org.asynchttpclient.netty.request.NettyRequestSender - Using open Channel [id: 0xeadcd5f3, L:/127.0.0.1:55704 - R:localhost/127.0.0.1:59916] for POST '/session/6299e6f5-f0e8-4937-b925-e646eb8feca1/element'
10:11:02.838 [AsyncHttpClient-1-10] DEBUG org.asynchttpclient.netty.handler.HttpHandler - 

Request DefaultHttpRequest(decodeResult: success, version: HTTP/1.1)
POST /session/6299e6f5-f0e8-4937-b925-e646eb8feca1/element HTTP/1.1
User-Agent: selenium/4.1.2 (java windows)
Content-Length: 81
Content-Type: application/json; charset=utf-8
host: localhost:59916
accept: */*

Response DefaultHttpResponse(decodeResult: success, version: HTTP/1.1)
HTTP/1.1 200 OK
content-type: application/json; charset=utf-8
cache-control: no-cache
date: Mon, 10 Apr 2023 03:11:02 GMT
content-length: 88

10:11:02.838 [AsyncHttpClient-1-10] DEBUG org.asynchttpclient.netty.channel.ChannelManager - Adding key: http://localhost:59916 for channel [id: 0xeadcd5f3, L:/127.0.0.1:55704 - R:localhost/127.0.0.1:59916]
10:11:02.840 [Forwarding getElementTagName on session 6299e6f5-f0e8-4937-b925-e646eb8feca1 to remote] DEBUG org.asynchttpclient.netty.request.NettyRequestSender - Using pooled Channel '[id: 0xeadcd5f3, L:/127.0.0.1:55704 - R:localhost/127.0.0.1:59916]' for 'GET' to 'http://localhost:59916/session/6299e6f5-f0e8-4937-b925-e646eb8feca1/element/b00d0f23-5633-4800-b102-5053b1aedade/name'
10:11:02.840 [Forwarding getElementTagName on session 6299e6f5-f0e8-4937-b925-e646eb8feca1 to remote] DEBUG org.asynchttpclient.netty.request.NettyRequestSender - Using open Channel [id: 0xeadcd5f3, L:/127.0.0.1:55704 - R:localhost/127.0.0.1:59916] for GET '/session/6299e6f5-f0e8-4937-b925-e646eb8feca1/element/b00d0f23-5633-4800-b102-5053b1aedade/name'
10:11:02.916 [AsyncHttpClient-1-10] DEBUG org.asynchttpclient.netty.handler.HttpHandler - 

Request DefaultFullHttpRequest(decodeResult: success, version: HTTP/1.1, content: EmptyByteBufBE)
GET /session/6299e6f5-f0e8-4937-b925-e646eb8feca1/element/b00d0f23-5633-4800-b102-5053b1aedade/name HTTP/1.1
User-Agent: selenium/4.1.2 (java windows)
Cache-Control: no-cache
Content-Type: application/json; charset=utf-8
host: localhost:59916
accept: */*

Response DefaultHttpResponse(decodeResult: success, version: HTTP/1.1)
HTTP/1.1 200 OK
content-type: application/json; charset=utf-8
cache-control: no-cache
date: Mon, 10 Apr 2023 03:11:02 GMT
content-length: 16

10:11:02.916 [AsyncHttpClient-1-10] DEBUG org.asynchttpclient.netty.channel.ChannelManager - Adding key: http://localhost:59916 for channel [id: 0xeadcd5f3, L:/127.0.0.1:55704 - R:localhost/127.0.0.1:59916]
10:11:02.917 [Forwarding getElementTagName on session 6299e6f5-f0e8-4937-b925-e646eb8feca1 to remote] DEBUG org.asynchttpclient.netty.request.NettyRequestSender - Using pooled Channel '[id: 0xeadcd5f3, L:/127.0.0.1:55704 - R:localhost/127.0.0.1:59916]' for 'GET' to 'http://localhost:59916/session/6299e6f5-f0e8-4937-b925-e646eb8feca1/element/b00d0f23-5633-4800-b102-5053b1aedade/name'
10:11:02.917 [Forwarding getElementTagName on session 6299e6f5-f0e8-4937-b925-e646eb8feca1 to remote] DEBUG org.asynchttpclient.netty.request.NettyRequestSender - Using open Channel [id: 0xeadcd5f3, L:/127.0.0.1:55704 - R:localhost/127.0.0.1:59916] for GET '/session/6299e6f5-f0e8-4937-b925-e646eb8feca1/element/b00d0f23-5633-4800-b102-5053b1aedade/name'
10:11:03.006 [AsyncHttpClient-1-10] DEBUG org.asynchttpclient.netty.handler.HttpHandler - 

Request DefaultFullHttpRequest(decodeResult: success, version: HTTP/1.1, content: EmptyByteBufBE)
GET /session/6299e6f5-f0e8-4937-b925-e646eb8feca1/element/b00d0f23-5633-4800-b102-5053b1aedade/name HTTP/1.1
User-Agent: selenium/4.1.2 (java windows)
Cache-Control: no-cache
Content-Type: application/json; charset=utf-8
host: localhost:59916
accept: */*

Response DefaultHttpResponse(decodeResult: success, version: HTTP/1.1)
HTTP/1.1 200 OK
content-type: application/json; charset=utf-8
cache-control: no-cache
date: Mon, 10 Apr 2023 03:11:02 GMT
content-length: 16

10:11:03.007 [AsyncHttpClient-1-10] DEBUG org.asynchttpclient.netty.channel.ChannelManager - Adding key: http://localhost:59916 for channel [id: 0xeadcd5f3, L:/127.0.0.1:55704 - R:localhost/127.0.0.1:59916]
10:11:03.009 [Forwarding findElement on session 6299e6f5-f0e8-4937-b925-e646eb8feca1 to remote] DEBUG org.asynchttpclient.netty.request.NettyRequestSender - Using pooled Channel '[id: 0xeadcd5f3, L:/127.0.0.1:55704 - R:localhost/127.0.0.1:59916]' for 'POST' to 'http://localhost:59916/session/6299e6f5-f0e8-4937-b925-e646eb8feca1/element'
10:11:03.009 [Forwarding findElement on session 6299e6f5-f0e8-4937-b925-e646eb8feca1 to remote] DEBUG org.asynchttpclient.netty.request.NettyRequestSender - Using open Channel [id: 0xeadcd5f3, L:/127.0.0.1:55704 - R:localhost/127.0.0.1:59916] for POST '/session/6299e6f5-f0e8-4937-b925-e646eb8feca1/element'
10:11:03.071 [AsyncHttpClient-1-10] DEBUG org.asynchttpclient.netty.handler.HttpHandler - 

Request DefaultHttpRequest(decodeResult: success, version: HTTP/1.1)
POST /session/6299e6f5-f0e8-4937-b925-e646eb8feca1/element HTTP/1.1
User-Agent: selenium/4.1.2 (java windows)
Content-Length: 81
Content-Type: application/json; charset=utf-8
host: localhost:59916
accept: */*

Response DefaultHttpResponse(decodeResult: success, version: HTTP/1.1)
HTTP/1.1 200 OK
content-type: application/json; charset=utf-8
cache-control: no-cache
date: Mon, 10 Apr 2023 03:11:02 GMT
content-length: 88

10:11:03.071 [AsyncHttpClient-1-10] DEBUG org.asynchttpclient.netty.channel.ChannelManager - Adding key: http://localhost:59916 for channel [id: 0xeadcd5f3, L:/127.0.0.1:55704 - R:localhost/127.0.0.1:59916]
10:11:03.073 [Forwarding clickElement on session 6299e6f5-f0e8-4937-b925-e646eb8feca1 to remote] DEBUG org.asynchttpclient.netty.request.NettyRequestSender - Using pooled Channel '[id: 0xeadcd5f3, L:/127.0.0.1:55704 - R:localhost/127.0.0.1:59916]' for 'POST' to 'http://localhost:59916/session/6299e6f5-f0e8-4937-b925-e646eb8feca1/element/b00d0f23-5633-4800-b102-5053b1aedade/click'
10:11:03.073 [Forwarding clickElement on session 6299e6f5-f0e8-4937-b925-e646eb8feca1 to remote] DEBUG org.asynchttpclient.netty.request.NettyRequestSender - Using open Channel [id: 0xeadcd5f3, L:/127.0.0.1:55704 - R:localhost/127.0.0.1:59916] for POST '/session/6299e6f5-f0e8-4937-b925-e646eb8feca1/element/b00d0f23-5633-4800-b102-5053b1aedade/click'
10:11:03.792 [AsyncHttpClient-1-10] DEBUG org.asynchttpclient.netty.handler.HttpHandler - 

Request DefaultHttpRequest(decodeResult: success, version: HTTP/1.1)
POST /session/6299e6f5-f0e8-4937-b925-e646eb8feca1/element/b00d0f23-5633-4800-b102-5053b1aedade/click HTTP/1.1
User-Agent: selenium/4.1.2 (java windows)
Content-Length: 50
Content-Type: application/json; charset=utf-8
host: localhost:59916
accept: */*

Response DefaultHttpResponse(decodeResult: success, version: HTTP/1.1)
HTTP/1.1 200 OK
content-type: application/json; charset=utf-8
cache-control: no-cache
date: Mon, 10 Apr 2023 03:11:02 GMT
content-length: 14

10:11:03.792 [AsyncHttpClient-1-10] DEBUG org.asynchttpclient.netty.channel.ChannelManager - Adding key: http://localhost:59916 for channel [id: 0xeadcd5f3, L:/127.0.0.1:55704 - R:localhost/127.0.0.1:59916]
  &amp#27;[32mThen &amp#27;[0m&amp#27;[32mI click baby on the header&amp#27;[0m &amp#27;[90m# starter.stepdefinitions.BabyStep.iClickBabyOnTheHeader()&amp#27;[0m
10:11:03.801 [Forwarding screenshot on session 6299e6f5-f0e8-4937-b925-e646eb8feca1 to remote] DEBUG org.asynchttpclient.netty.request.NettyRequestSender - Using pooled Channel '[id: 0xeadcd5f3, L:/127.0.0.1:55704 - R:localhost/127.0.0.1:59916]' for 'GET' to 'http://localhost:59916/session/6299e6f5-f0e8-4937-b925-e646eb8feca1/screenshot'
10:11:03.801 [Forwarding screenshot on session 6299e6f5-f0e8-4937-b925-e646eb8feca1 to remote] DEBUG org.asynchttpclient.netty.request.NettyRequestSender - Using open Channel [id: 0xeadcd5f3, L:/127.0.0.1:55704 - R:localhost/127.0.0.1:59916] for GET '/session/6299e6f5-f0e8-4937-b925-e646eb8feca1/screenshot'
10:11:03.926 [AsyncHttpClient-1-10] DEBUG org.asynchttpclient.netty.handler.HttpHandler - 

Request DefaultFullHttpRequest(decodeResult: success, version: HTTP/1.1, content: EmptyByteBufBE)
GET /session/6299e6f5-f0e8-4937-b925-e646eb8feca1/screenshot HTTP/1.1
User-Agent: selenium/4.1.2 (java windows)
Cache-Control: no-cache
Content-Type: application/json; charset=utf-8
host: localhost:59916
accept: */*

Response DefaultHttpResponse(decodeResult: success, version: HTTP/1.1)
HTTP/1.1 200 OK
content-type: application/json; charset=utf-8
cache-control: no-cache
date: Mon, 10 Apr 2023 03:11:03 GMT
content-length: 98024

10:11:03.927 [AsyncHttpClient-1-10] DEBUG org.asynchttpclient.netty.channel.ChannelManager - Adding key: http://localhost:59916 for channel [id: 0xeadcd5f3, L:/127.0.0.1:55704 - R:localhost/127.0.0.1:59916]
10:11:03.932 [main] DEBUG net.serenitybdd.core.photography.Darkroom - Send negative for processing for target\site\serenity\bcb9a8d665d2c58a930e922f816fcc3ebc2aef855b882f3d531e7c9aa320b06d.png
10:11:03.945 [Forwarding findElement on session 6299e6f5-f0e8-4937-b925-e646eb8feca1 to remote] DEBUG org.asynchttpclient.netty.request.NettyRequestSender - Using pooled Channel '[id: 0xeadcd5f3, L:/127.0.0.1:55704 - R:localhost/127.0.0.1:59916]' for 'POST' to 'http://localhost:59916/session/6299e6f5-f0e8-4937-b925-e646eb8feca1/element'
10:11:03.945 [Forwarding findElement on session 6299e6f5-f0e8-4937-b925-e646eb8feca1 to remote] DEBUG org.asynchttpclient.netty.request.NettyRequestSender - Using open Channel [id: 0xeadcd5f3, L:/127.0.0.1:55704 - R:localhost/127.0.0.1:59916] for POST '/session/6299e6f5-f0e8-4937-b925-e646eb8feca1/element'
10:11:03.989 [AsyncHttpClient-1-10] DEBUG org.asynchttpclient.netty.handler.HttpHandler - 

Request DefaultHttpRequest(decodeResult: success, version: HTTP/1.1)
POST /session/6299e6f5-f0e8-4937-b925-e646eb8feca1/element HTTP/1.1
User-Agent: selenium/4.1.2 (java windows)
Content-Length: 102
Content-Type: application/json; charset=utf-8
host: localhost:59916
accept: */*

Response DefaultHttpResponse(decodeResult: success, version: HTTP/1.1)
HTTP/1.1 200 OK
content-type: application/json; charset=utf-8
cache-control: no-cache
date: Mon, 10 Apr 2023 03:11:03 GMT
content-length: 88

10:11:03.989 [AsyncHttpClient-1-10] DEBUG org.asynchttpclient.netty.channel.ChannelManager - Adding key: http://localhost:59916 for channel [id: 0xeadcd5f3, L:/127.0.0.1:55704 - R:localhost/127.0.0.1:59916]
10:11:03.992 [Forwarding getElementTagName on session 6299e6f5-f0e8-4937-b925-e646eb8feca1 to remote] DEBUG org.asynchttpclient.netty.request.NettyRequestSender - Using pooled Channel '[id: 0xeadcd5f3, L:/127.0.0.1:55704 - R:localhost/127.0.0.1:59916]' for 'GET' to 'http://localhost:59916/session/6299e6f5-f0e8-4937-b925-e646eb8feca1/element/583ef81f-bd70-45da-884c-20ba4ddeec76/name'
10:11:03.992 [Forwarding getElementTagName on session 6299e6f5-f0e8-4937-b925-e646eb8feca1 to remote] DEBUG org.asynchttpclient.netty.request.NettyRequestSender - Using open Channel [id: 0xeadcd5f3, L:/127.0.0.1:55704 - R:localhost/127.0.0.1:59916] for GET '/session/6299e6f5-f0e8-4937-b925-e646eb8feca1/element/583ef81f-bd70-45da-884c-20ba4ddeec76/name'
10:11:04.116 [AsyncHttpClient-1-10] DEBUG org.asynchttpclient.netty.handler.HttpHandler - 

Request DefaultFullHttpRequest(decodeResult: success, version: HTTP/1.1, content: EmptyByteBufBE)
GET /session/6299e6f5-f0e8-4937-b925-e646eb8feca1/element/583ef81f-bd70-45da-884c-20ba4ddeec76/name HTTP/1.1
User-Agent: selenium/4.1.2 (java windows)
Cache-Control: no-cache
Content-Type: application/json; charset=utf-8
host: localhost:59916
accept: */*

Response DefaultHttpResponse(decodeResult: success, version: HTTP/1.1)
HTTP/1.1 200 OK
content-type: application/json; charset=utf-8
cache-control: no-cache
date: Mon, 10 Apr 2023 03:11:03 GMT
content-length: 16

10:11:04.117 [AsyncHttpClient-1-10] DEBUG org.asynchttpclient.netty.channel.ChannelManager - Adding key: http://localhost:59916 for channel [id: 0xeadcd5f3, L:/127.0.0.1:55704 - R:localhost/127.0.0.1:59916]
10:11:04.118 [Forwarding getElementTagName on session 6299e6f5-f0e8-4937-b925-e646eb8feca1 to remote] DEBUG org.asynchttpclient.netty.request.NettyRequestSender - Using pooled Channel '[id: 0xeadcd5f3, L:/127.0.0.1:55704 - R:localhost/127.0.0.1:59916]' for 'GET' to 'http://localhost:59916/session/6299e6f5-f0e8-4937-b925-e646eb8feca1/element/583ef81f-bd70-45da-884c-20ba4ddeec76/name'
10:11:04.118 [Forwarding getElementTagName on session 6299e6f5-f0e8-4937-b925-e646eb8feca1 to remote] DEBUG org.asynchttpclient.netty.request.NettyRequestSender - Using open Channel [id: 0xeadcd5f3, L:/127.0.0.1:55704 - R:localhost/127.0.0.1:59916] for GET '/session/6299e6f5-f0e8-4937-b925-e646eb8feca1/element/583ef81f-bd70-45da-884c-20ba4ddeec76/name'
10:11:04.160 [AsyncHttpClient-1-10] DEBUG org.asynchttpclient.netty.handler.HttpHandler - 

Request DefaultFullHttpRequest(decodeResult: success, version: HTTP/1.1, content: EmptyByteBufBE)
GET /session/6299e6f5-f0e8-4937-b925-e646eb8feca1/element/583ef81f-bd70-45da-884c-20ba4ddeec76/name HTTP/1.1
User-Agent: selenium/4.1.2 (java windows)
Cache-Control: no-cache
Content-Type: application/json; charset=utf-8
host: localhost:59916
accept: */*

Response DefaultHttpResponse(decodeResult: success, version: HTTP/1.1)
HTTP/1.1 200 OK
content-type: application/json; charset=utf-8
cache-control: no-cache
date: Mon, 10 Apr 2023 03:11:03 GMT
content-length: 16

10:11:04.160 [AsyncHttpClient-1-10] DEBUG org.asynchttpclient.netty.channel.ChannelManager - Adding key: http://localhost:59916 for channel [id: 0xeadcd5f3, L:/127.0.0.1:55704 - R:localhost/127.0.0.1:59916]
10:11:04.164 [Forwarding findElement on session 6299e6f5-f0e8-4937-b925-e646eb8feca1 to remote] DEBUG org.asynchttpclient.netty.request.NettyRequestSender - Using pooled Channel '[id: 0xeadcd5f3, L:/127.0.0.1:55704 - R:localhost/127.0.0.1:59916]' for 'POST' to 'http://localhost:59916/session/6299e6f5-f0e8-4937-b925-e646eb8feca1/element'
10:11:04.164 [Forwarding findElement on session 6299e6f5-f0e8-4937-b925-e646eb8feca1 to remote] DEBUG org.asynchttpclient.netty.request.NettyRequestSender - Using open Channel [id: 0xeadcd5f3, L:/127.0.0.1:55704 - R:localhost/127.0.0.1:59916] for POST '/session/6299e6f5-f0e8-4937-b925-e646eb8feca1/element'
10:11:04.328 [AsyncHttpClient-1-10] DEBUG org.asynchttpclient.netty.handler.HttpHandler - 

Request DefaultHttpRequest(decodeResult: success, version: HTTP/1.1)
POST /session/6299e6f5-f0e8-4937-b925-e646eb8feca1/element HTTP/1.1
User-Agent: selenium/4.1.2 (java windows)
Content-Length: 102
Content-Type: application/json; charset=utf-8
host: localhost:59916
accept: */*

Response DefaultHttpResponse(decodeResult: success, version: HTTP/1.1)
HTTP/1.1 200 OK
content-type: application/json; charset=utf-8
cache-control: no-cache
date: Mon, 10 Apr 2023 03:11:03 GMT
content-length: 88

10:11:04.328 [AsyncHttpClient-1-10] DEBUG org.asynchttpclient.netty.channel.ChannelManager - Adding key: http://localhost:59916 for channel [id: 0xeadcd5f3, L:/127.0.0.1:55704 - R:localhost/127.0.0.1:59916]
10:11:04.330 [Forwarding clickElement on session 6299e6f5-f0e8-4937-b925-e646eb8feca1 to remote] DEBUG org.asynchttpclient.netty.request.NettyRequestSender - Using pooled Channel '[id: 0xeadcd5f3, L:/127.0.0.1:55704 - R:localhost/127.0.0.1:59916]' for 'POST' to 'http://localhost:59916/session/6299e6f5-f0e8-4937-b925-e646eb8feca1/element/583ef81f-bd70-45da-884c-20ba4ddeec76/click'
10:11:04.330 [Forwarding clickElement on session 6299e6f5-f0e8-4937-b925-e646eb8feca1 to remote] DEBUG org.asynchttpclient.netty.request.NettyRequestSender - Using open Channel [id: 0xeadcd5f3, L:/127.0.0.1:55704 - R:localhost/127.0.0.1:59916] for POST '/session/6299e6f5-f0e8-4937-b925-e646eb8feca1/element/583ef81f-bd70-45da-884c-20ba4ddeec76/click'
10:11:04.869 [AsyncHttpClient-1-10] DEBUG org.asynchttpclient.netty.handler.HttpHandler - 

Request DefaultHttpRequest(decodeResult: success, version: HTTP/1.1)
POST /session/6299e6f5-f0e8-4937-b925-e646eb8feca1/element/583ef81f-bd70-45da-884c-20ba4ddeec76/click HTTP/1.1
User-Agent: selenium/4.1.2 (java windows)
Content-Length: 50
Content-Type: application/json; charset=utf-8
host: localhost:59916
accept: */*

Response DefaultHttpResponse(decodeResult: success, version: HTTP/1.1)
HTTP/1.1 200 OK
content-type: application/json; charset=utf-8
cache-control: no-cache
date: Mon, 10 Apr 2023 03:11:03 GMT
content-length: 14

10:11:04.869 [AsyncHttpClient-1-10] DEBUG org.asynchttpclient.netty.channel.ChannelManager - Adding key: http://localhost:59916 for channel [id: 0xeadcd5f3, L:/127.0.0.1:55704 - R:localhost/127.0.0.1:59916]
  &amp#27;[32mWhen &amp#27;[0m&amp#27;[32mI will go to &amp#27;[0m&amp#27;[32m&amp#27;[1m"gaun2"&amp#27;[0m       &amp#27;[90m# starter.stepdefinitions.BabyStep.iWillGoTo(java.lang.String)&amp#27;[0m
10:11:04.878 [Forwarding screenshot on session 6299e6f5-f0e8-4937-b925-e646eb8feca1 to remote] DEBUG org.asynchttpclient.netty.request.NettyRequestSender - Using pooled Channel '[id: 0xeadcd5f3, L:/127.0.0.1:55704 - R:localhost/127.0.0.1:59916]' for 'GET' to 'http://localhost:59916/session/6299e6f5-f0e8-4937-b925-e646eb8feca1/screenshot'
10:11:04.878 [Forwarding screenshot on session 6299e6f5-f0e8-4937-b925-e646eb8feca1 to remote] DEBUG org.asynchttpclient.netty.request.NettyRequestSender - Using open Channel [id: 0xeadcd5f3, L:/127.0.0.1:55704 - R:localhost/127.0.0.1:59916] for GET '/session/6299e6f5-f0e8-4937-b925-e646eb8feca1/screenshot'
10:11:05.101 [AsyncHttpClient-1-10] DEBUG org.asynchttpclient.netty.handler.HttpHandler - 

Request DefaultFullHttpRequest(decodeResult: success, version: HTTP/1.1, content: EmptyByteBufBE)
GET /session/6299e6f5-f0e8-4937-b925-e646eb8feca1/screenshot HTTP/1.1
User-Agent: selenium/4.1.2 (java windows)
Cache-Control: no-cache
Content-Type: application/json; charset=utf-8
host: localhost:59916
accept: */*

Response DefaultHttpResponse(decodeResult: success, version: HTTP/1.1)
HTTP/1.1 200 OK
content-type: application/json; charset=utf-8
cache-control: no-cache
date: Mon, 10 Apr 2023 03:11:04 GMT
content-length: 78008

10:11:05.101 [AsyncHttpClient-1-10] DEBUG org.asynchttpclient.netty.channel.ChannelManager - Adding key: http://localhost:59916 for channel [id: 0xeadcd5f3, L:/127.0.0.1:55704 - R:localhost/127.0.0.1:59916]
10:11:05.104 [main] DEBUG net.serenitybdd.core.photography.Darkroom - Send negative for processing for target\site\serenity\e21c026a8f4e0ee119a76fae382f33f42c927f41a87f43eaae5c1f4a51b3ce2d.png
10:11:05.104 [Darkroom Processing Line] DEBUG net.serenitybdd.core.photography.DarkroomProcessingLine - Processing screenshot image in /var/screenshots/screenshot-12107134397524288539
10:11:05.104 [Darkroom Processing Line] DEBUG net.serenitybdd.core.photography.DarkroomProcessingLine - Saving screenshot to target\site\serenity\e21c026a8f4e0ee119a76fae382f33f42c927f41a87f43eaae5c1f4a51b3ce2d.png
10:11:05.111 [Forwarding findElement on session 6299e6f5-f0e8-4937-b925-e646eb8feca1 to remote] DEBUG org.asynchttpclient.netty.request.NettyRequestSender - Using pooled Channel '[id: 0xeadcd5f3, L:/127.0.0.1:55704 - R:localhost/127.0.0.1:59916]' for 'POST' to 'http://localhost:59916/session/6299e6f5-f0e8-4937-b925-e646eb8feca1/element'
10:11:05.111 [Forwarding findElement on session 6299e6f5-f0e8-4937-b925-e646eb8feca1 to remote] DEBUG org.asynchttpclient.netty.request.NettyRequestSender - Using open Channel [id: 0xeadcd5f3, L:/127.0.0.1:55704 - R:localhost/127.0.0.1:59916] for POST '/session/6299e6f5-f0e8-4937-b925-e646eb8feca1/element'
10:11:05.129 [AsyncHttpClient-1-10] DEBUG org.asynchttpclient.netty.handler.HttpHandler - 

Request DefaultHttpRequest(decodeResult: success, version: HTTP/1.1)
POST /session/6299e6f5-f0e8-4937-b925-e646eb8feca1/element HTTP/1.1
User-Agent: selenium/4.1.2 (java windows)
Content-Length: 87
Content-Type: application/json; charset=utf-8
host: localhost:59916
accept: */*

Response DefaultHttpResponse(decodeResult: success, version: HTTP/1.1)
HTTP/1.1 200 OK
content-type: application/json; charset=utf-8
cache-control: no-cache
date: Mon, 10 Apr 2023 03:11:04 GMT
content-length: 88

10:11:05.129 [AsyncHttpClient-1-10] DEBUG org.asynchttpclient.netty.channel.ChannelManager - Adding key: http://localhost:59916 for channel [id: 0xeadcd5f3, L:/127.0.0.1:55704 - R:localhost/127.0.0.1:59916]
10:11:05.133 [Forwarding isElementDisplayed on session 6299e6f5-f0e8-4937-b925-e646eb8feca1 to remote] DEBUG org.asynchttpclient.netty.request.NettyRequestSender - Using pooled Channel '[id: 0xeadcd5f3, L:/127.0.0.1:55704 - R:localhost/127.0.0.1:59916]' for 'POST' to 'http://localhost:59916/session/6299e6f5-f0e8-4937-b925-e646eb8feca1/execute/sync'
10:11:05.133 [Forwarding isElementDisplayed on session 6299e6f5-f0e8-4937-b925-e646eb8feca1 to remote] DEBUG org.asynchttpclient.netty.request.NettyRequestSender - Using open Channel [id: 0xeadcd5f3, L:/127.0.0.1:55704 - R:localhost/127.0.0.1:59916] for POST '/session/6299e6f5-f0e8-4937-b925-e646eb8feca1/execute/sync'
10:11:05.155 [AsyncHttpClient-1-10] DEBUG org.asynchttpclient.netty.handler.HttpHandler - 

Request DefaultHttpRequest(decodeResult: success, version: HTTP/1.1)
POST /session/6299e6f5-f0e8-4937-b925-e646eb8feca1/execute/sync HTTP/1.1
User-Agent: selenium/4.1.2 (java windows)
Content-Length: 48780
Content-Type: application/json; charset=utf-8
host: localhost:59916
accept: */*

Response DefaultHttpResponse(decodeResult: success, version: HTTP/1.1)
HTTP/1.1 200 OK
content-type: application/json; charset=utf-8
cache-control: no-cache
date: Mon, 10 Apr 2023 03:11:04 GMT
content-length: 14

10:11:05.155 [AsyncHttpClient-1-10] DEBUG org.asynchttpclient.netty.channel.ChannelManager - Adding key: http://localhost:59916 for channel [id: 0xeadcd5f3, L:/127.0.0.1:55704 - R:localhost/127.0.0.1:59916]
  &amp#27;[32mAnd &amp#27;[0m&amp#27;[32mI &amp#27;[0m&amp#27;[32m&amp#27;[1m"txtGaun2"&amp#27;[0m&amp#27;[32m page&amp#27;[0m           &amp#27;[90m# starter.stepdefinitions.BabyStep.iPage(java.lang.String)&amp#27;[0m
10:11:05.161 [Forwarding screenshot on session 6299e6f5-f0e8-4937-b925-e646eb8feca1 to remote] DEBUG org.asynchttpclient.netty.request.NettyRequestSender - Using pooled Channel '[id: 0xeadcd5f3, L:/127.0.0.1:55704 - R:localhost/127.0.0.1:59916]' for 'GET' to 'http://localhost:59916/session/6299e6f5-f0e8-4937-b925-e646eb8feca1/screenshot'
10:11:05.162 [Forwarding screenshot on session 6299e6f5-f0e8-4937-b925-e646eb8feca1 to remote] DEBUG org.asynchttpclient.netty.request.NettyRequestSender - Using open Channel [id: 0xeadcd5f3, L:/127.0.0.1:55704 - R:localhost/127.0.0.1:59916] for GET '/session/6299e6f5-f0e8-4937-b925-e646eb8feca1/screenshot'
10:11:05.307 [AsyncHttpClient-1-10] DEBUG org.asynchttpclient.netty.handler.HttpHandler - 

Request DefaultFullHttpRequest(decodeResult: success, version: HTTP/1.1, content: EmptyByteBufBE)
GET /session/6299e6f5-f0e8-4937-b925-e646eb8feca1/screenshot HTTP/1.1
User-Agent: selenium/4.1.2 (java windows)
Cache-Control: no-cache
Content-Type: application/json; charset=utf-8
host: localhost:59916
accept: */*

Response DefaultHttpResponse(decodeResult: success, version: HTTP/1.1)
HTTP/1.1 200 OK
content-type: application/json; charset=utf-8
cache-control: no-cache
date: Mon, 10 Apr 2023 03:11:04 GMT
content-length: 314868

10:11:05.308 [AsyncHttpClient-1-10] DEBUG org.asynchttpclient.netty.channel.ChannelManager - Adding key: http://localhost:59916 for channel [id: 0xeadcd5f3, L:/127.0.0.1:55704 - R:localhost/127.0.0.1:59916]
10:11:05.327 [main] DEBUG net.serenitybdd.core.photography.Darkroom - Send negative for processing for target\site\serenity\14e77f3078bd600e902777e4b339585f2117623fa5be0f1f142a8ec7795e3831.png
10:11:05.328 [Darkroom Processing Line] DEBUG net.serenitybdd.core.photography.DarkroomProcessingLine - Processing screenshot image in /var/screenshots/screenshot-7605687848434167833
10:11:05.328 [Darkroom Processing Line] DEBUG net.serenitybdd.core.photography.DarkroomProcessingLine - Saving screenshot to target\site\serenity\14e77f3078bd600e902777e4b339585f2117623fa5be0f1f142a8ec7795e3831.png
10:11:05.336 [Driver Command Executor] DEBUG org.asynchttpclient.netty.request.NettyRequestSender - Using pooled Channel '[id: 0xeadcd5f3, L:/127.0.0.1:55704 - R:localhost/127.0.0.1:59916]' for 'DELETE' to 'http://localhost:59916/session/6299e6f5-f0e8-4937-b925-e646eb8feca1'
10:11:05.336 [Driver Command Executor] DEBUG org.asynchttpclient.netty.request.NettyRequestSender - Using open Channel [id: 0xeadcd5f3, L:/127.0.0.1:55704 - R:localhost/127.0.0.1:59916] for DELETE '/session/6299e6f5-f0e8-4937-b925-e646eb8feca1'
10:11:06.443 [AsyncHttpClient-1-10] DEBUG org.asynchttpclient.netty.handler.HttpHandler - 

Request DefaultFullHttpRequest(decodeResult: success, version: HTTP/1.1, content: EmptyByteBufBE)
DELETE /session/6299e6f5-f0e8-4937-b925-e646eb8feca1 HTTP/1.1
User-Agent: selenium/4.1.2 (java windows)
Content-Type: application/json; charset=utf-8
host: localhost:59916
accept: */*

Response DefaultHttpResponse(decodeResult: success, version: HTTP/1.1)
HTTP/1.1 200 OK
content-type: application/json; charset=utf-8
cache-control: no-cache
date: Mon, 10 Apr 2023 03:11:04 GMT
content-length: 14

10:11:06.443 [AsyncHttpClient-1-10] DEBUG org.asynchttpclient.netty.channel.ChannelManager - Adding key: http://localhost:59916 for channel [id: 0xeadcd5f3, L:/127.0.0.1:55704 - R:localhost/127.0.0.1:59916]
10:11:06.445 [AsyncHttpClient-1-10] DEBUG org.asynchttpclient.netty.handler.HttpHandler - Unexpected I/O exception on channel [id: 0xeadcd5f3, L:/127.0.0.1:55704 - R:localhost/127.0.0.1:59916]
java.net.SocketException: Connection reset
	at java.base/sun.nio.ch.SocketChannelImpl.throwConnectionReset(SocketChannelImpl.java:345)
	at java.base/sun.nio.ch.SocketChannelImpl.read(SocketChannelImpl.java:376)
	at io.netty.buffer.PooledByteBuf.setBytes(PooledByteBuf.java:258)
	at io.netty.buffer.AbstractByteBuf.writeBytes(AbstractByteBuf.java:1132)
	at io.netty.channel.socket.nio.NioSocketChannel.doReadBytes(NioSocketChannel.java:350)
	at io.netty.channel.nio.AbstractNioByteChannel$NioByteUnsafe.read(AbstractNioByteChannel.java:151)
	at io.netty.channel.nio.NioEventLoop.processSelectedKey(NioEventLoop.java:722)
	at io.netty.channel.nio.NioEventLoop.processSelectedKeysOptimized(NioEventLoop.java:658)
	at io.netty.channel.nio.NioEventLoop.processSelectedKeys(NioEventLoop.java:584)
	at io.netty.channel.nio.NioEventLoop.run(NioEventLoop.java:496)
	at io.netty.util.concurrent.SingleThreadEventExecutor$4.run(SingleThreadEventExecutor.java:986)
	at io.netty.util.internal.ThreadExecutorMap$2.run(ThreadExecutorMap.java:74)
	at io.netty.util.concurrent.FastThreadLocalRunnable.run(FastThreadLocalRunnable.java:30)
	at java.base/java.lang.Thread.run(Thread.java:830)
10:11:06.445 [AsyncHttpClient-1-10] DEBUG org.asynchttpclient.netty.channel.ChannelManager - Closing Channel [id: 0xeadcd5f3, L:/127.0.0.1:55704 - R:localhost/127.0.0.1:59916] 
10:11:06.445 [AsyncHttpClient-1-10] DEBUG org.asynchttpclient.netty.handler.HttpHandler - Channel Closed: [id: 0xeadcd5f3, L:/127.0.0.1:55704 ! R:localhost/127.0.0.1:59916] with attribute DISCARD
]]></system-out>
    <system-err><![CDATA[1681096257555	geckodriver	INFO	Listening on 127.0.0.1:59916
1681096258031	mozrunner::runner	INFO	Running command: "C:\\Program Files\\Mozilla Firefox\\firefox.exe" "--marionette" "" "--remote-debugging-port" "60962" "--remote-allow-hosts" "localhost" "-no-remote" "-profile" "C:\\Users\\alwi\\AppData\\Local\\Temp\\rust_mozprofilegaRleC"
console.warn: services.settings: Ignoring preference override of remote settings server
console.warn: services.settings: Allow by setting MOZ_REMOTE_SETTINGS_DEVTOOLS=1 in the environment
1681096258365	Marionette	INFO	Marionette enabled
Dynamically enable window occlusion 0
1681096258371	Marionette	INFO	Listening on port 55709
WebDriver BiDi listening on ws://127.0.0.1:60962
Read port: 55709
1681096258612	RemoteAgent	WARN	TLS certificate errors will be ignored for this session
console.warn: SearchSettings: "get: No settings file exists, new profile?" (new NotFoundError("Could not open the file at C:\\Users\\alwi\\AppData\\Local\\Temp\\rust_mozprofilegaRleC\\search.json.mozlz4", (void 0)))
DevTools listening on ws://127.0.0.1:60962/devtools/browser/6ab03ccf-b624-48ec-9a0e-e50c921bb91e
Apr 10, 2023 10:11:00 AM org.openqa.selenium.remote.ProtocolHandshake createSession
INFO: Detected dialect: W3C
JavaScript warning: https://www.uniqlo.com/Mx95Yd/biG/Wo_/8-IanA/Vu7EGJtwEh/el0ZAQ/aiE/QAlg7T10, line 1: unreachable code after return statement
JavaScript warning: https://www.uniqlo.com/Mx95Yd/biG/Wo_/8-IanA/Vu7EGJtwEh/el0ZAQ/aiE/QAlg7T10, line 1: WEBGL_debug_renderer_info is deprecated in Firefox and will be removed. Please use RENDERER.
JavaScript warning: https://www.uniqlo.com/id/elgnisolqinu.js?async&seed=AIAnG2mHAQAAp6_kQ-NvC4pDCvZJooQGzCoxcLZ3CqwiSlxvcp_1EokMlmcT&x-i1ysm4mm--z=q, line 1: WEBGL_debug_renderer_info is deprecated in Firefox and will be removed. Please use RENDERER.
1681096265339	Marionette	INFO	Stopped listening on port 55709
Dynamically enable window occlusion 1
WARNING: A blocker encountered an error while we were waiting.
          Blocker:  Waiting for ping task
          Phase: TelemetryController: Waiting for pending ping activity
          State: (none)
WARNING: Error: Phase "profile-before-change" is finished, it is too late to register completion condition "OS.File: flush I/O queued before profileBeforeChange"
WARNING: addBlocker@resource://gre/modules/AsyncShutdown.sys.mjs:727:15
addBlocker@resource://gre/modules/AsyncShutdown.sys.mjs:523:26
addBlocker@resource://gre/modules/AsyncShutdown.sys.mjs:458:15
setupShutdown@resource://gre/modules/osfile/osfile_async_front.jsm:1548:28
@resource://gre/modules/osfile/osfile_async_front.jsm:1568:16
@resource://gre/modules/osfile.jsm:12:30
@resource://gre/modules/TelemetryStorage.sys.mjs:10:28
_checkPendingPings@resource://gre/modules/TelemetrySend.sys.mjs:863:17
setup@resource://gre/modules/TelemetrySend.sys.mjs:803:18
setup@resource://gre/modules/TelemetrySend.sys.mjs:241:30
setupTelemetry/this._delayedInitTask<@resource://gre/modules/TelemetryControllerParent.sys.mjs:828:36
observe@resource://gre/modules/AsyncShutdown.sys.mjs:576:16

console.error: "TelemetryScheduler.shutdown - Already shut down"
WARNING: A blocker encountered an error while we were waiting.
          Blocker:  Waiting for ping task
          Phase: TelemetryController: Waiting for pending ping activity
          State: (none)
WARNING: Error: Phase "profile-before-change" is finished, it is too late to register completion condition "OS.File: flush I/O queued before profileBeforeChange"
WARNING: addBlocker@resource://gre/modules/AsyncShutdown.sys.mjs:727:15
addBlocker@resource://gre/modules/AsyncShutdown.sys.mjs:523:26
addBlocker@resource://gre/modules/AsyncShutdown.sys.mjs:458:15
setupShutdown@resource://gre/modules/osfile/osfile_async_front.jsm:1548:28
@resource://gre/modules/osfile/osfile_async_front.jsm:1568:16
@resource://gre/modules/osfile.jsm:12:30
@resource://gre/modules/TelemetryStorage.sys.mjs:10:28
_checkPendingPings@resource://gre/modules/TelemetrySend.sys.mjs:863:17
setup@resource://gre/modules/TelemetrySend.sys.mjs:803:18
setup@resource://gre/modules/TelemetrySend.sys.mjs:241:30
setupTelemetry/this._delayedInitTask<@resource://gre/modules/TelemetryControllerParent.sys.mjs:828:36
observe@resource://gre/modules/AsyncShutdown.sys.mjs:576:16

WARNING: A blocker encountered an error while we were waiting.
          Blocker:  Waiting for ping task
          Phase: TelemetryController: Waiting for pending ping activity
          State: (none)
WARNING: Error: Phase "profile-before-change" is finished, it is too late to register completion condition "OS.File: flush I/O queued before profileBeforeChange"
WARNING: addBlocker@resource://gre/modules/AsyncShutdown.sys.mjs:727:15
addBlocker@resource://gre/modules/AsyncShutdown.sys.mjs:523:26
addBlocker@resource://gre/modules/AsyncShutdown.sys.mjs:458:15
setupShutdown@resource://gre/modules/osfile/osfile_async_front.jsm:1548:28
@resource://gre/modules/osfile/osfile_async_front.jsm:1568:16
@resource://gre/modules/osfile.jsm:12:30
@resource://gre/modules/TelemetryStorage.sys.mjs:10:28
_checkPendingPings@resource://gre/modules/TelemetrySend.sys.mjs:863:17
setup@resource://gre/modules/TelemetrySend.sys.mjs:803:18
setup@resource://gre/modules/TelemetrySend.sys.mjs:241:30
setupTelemetry/this._delayedInitTask<@resource://gre/modules/TelemetryControllerParent.sys.mjs:828:36
observe@resource://gre/modules/AsyncShutdown.sys.mjs:576:16

WARNING: A blocker encountered an error while we were waiting.
          Blocker:  TelemetryController: shutting down
          Phase: profile-before-change-telemetry
          State: Error getting state: Error: Phase "profile-before-change" is finished, it is too late to register completion condition "OS.File: flush I/O queued before profileBeforeChange" at addBlocker@resource://gre/modules/AsyncShutdown.sys.mjs:727:15
addBlocker@resource://gre/modules/AsyncShutdown.sys.mjs:523:26
addBlocker@resource://gre/modules/AsyncShutdown.sys.mjs:458:15
setupShutdown@resource://gre/modules/osfile/osfile_async_front.jsm:1548:28
@resource://gre/modules/osfile/osfile_async_front.jsm:1568:16
@resource://gre/modules/osfile.jsm:12:30
@resource://gre/modules/TelemetryStorage.sys.mjs:10:28
_checkPendingPings@resource://gre/modules/TelemetrySend.sys.mjs:863:17
setup@resource://gre/modules/TelemetrySend.sys.mjs:803:18
setup@resource://gre/modules/TelemetrySend.sys.mjs:241:30
setupTelemetry/this._delayedInitTask<@resource://gre/modules/TelemetryControllerParent.sys.mjs:828:36
observe@resource://gre/modules/AsyncShutdown.sys.mjs:576:16

WARNING: Error: Phase "profile-before-change" is finished, it is too late to register completion condition "OS.File: flush I/O queued before profileBeforeChange"
WARNING: addBlocker@resource://gre/modules/AsyncShutdown.sys.mjs:727:15
addBlocker@resource://gre/modules/AsyncShutdown.sys.mjs:523:26
addBlocker@resource://gre/modules/AsyncShutdown.sys.mjs:458:15
setupShutdown@resource://gre/modules/osfile/osfile_async_front.jsm:1548:28
@resource://gre/modules/osfile/osfile_async_front.jsm:1568:16
@resource://gre/modules/osfile.jsm:12:30
@resource://gre/modules/TelemetryStorage.sys.mjs:10:28
_checkPendingPings@resource://gre/modules/TelemetrySend.sys.mjs:863:17
setup@resource://gre/modules/TelemetrySend.sys.mjs:803:18
setup@resource://gre/modules/TelemetrySend.sys.mjs:241:30
setupTelemetry/this._delayedInitTask<@resource://gre/modules/TelemetryControllerParent.sys.mjs:828:36
observe@resource://gre/modules/AsyncShutdown.sys.mjs:576:16

JavaScript error: resource://gre/modules/AsyncShutdown.sys.mjs, line 727: Error: Phase "profile-before-change" is finished, it is too late to register completion condition "OS.File: flush I/O queued before profileBeforeChange"
JavaScript error: resource://gre/modules/AsyncShutdown.sys.mjs, line 727: Error: Phase "profile-before-change" is finished, it is too late to register completion condition "OS.File: flush I/O queued before profileBeforeChange"
JavaScript error: resource://gre/modules/AsyncShutdown.sys.mjs, line 727: Error: Phase "profile-before-change" is finished, it is too late to register completion condition "OS.File: flush I/O queued before profileBeforeChange"
JavaScript error: resource://gre/modules/AsyncShutdown.sys.mjs, line 727: Error: Phase "profile-before-change" is finished, it is too late to register completion condition "OS.File: flush I/O queued before profileBeforeChange"
JavaScript error: resource://gre/modules/AsyncShutdown.sys.mjs, line 727: Error: Phase "profile-before-change" is finished, it is too late to register completion condition "OS.File: flush I/O queued before profileBeforeChange"
JavaScript error: resource://gre/modules/AsyncShutdown.sys.mjs, line 727: Error: Phase "profile-before-change" is finished, it is too late to register completion condition "OS.File: flush I/O queued before profileBeforeChange"
]]></system-err>
  </testcase>
  <testcase name="Fitur Menu Baby #21" classname="Baby" time="9.623">
    <system-out><![CDATA[
@baby
Scenario Outline: Fitur Menu Baby &amp#27;[90m# src/test/resources/features/Baby.feature:33&amp#27;[0m
10:11:06.505 [main] INFO io.cucumber.core.plugin.SerenityReporter - Running feature from file:///C:/Users/alwi/IdeaProjects/uniqloweb/src/test/resources/features/Baby.feature
10:11:06.518 [main] INFO net.serenitybdd.core.webdriver.driverproviders.FirefoxDriverProvider - Using automatically driver download
10:11:06.626 [main] DEBUG io.github.bonigarcia.wdm.cache.ResolutionCache - Resolution firefox=111 in cache (valid until 10:32:56 10/04/2023 WIB)
10:11:06.630 [main] DEBUG io.github.bonigarcia.wdm.cache.ResolutionCache - Resolution firefox111=0.32.2 in cache (valid until 19:30:50 10/04/2023 WIB)
10:11:06.632 [main] INFO io.github.bonigarcia.wdm.WebDriverManager - Using geckodriver 0.32.2 (resolved driver for Firefox 111)
10:11:06.645 [main] DEBUG io.github.bonigarcia.wdm.WebDriverManager - Driver geckodriver 0.32.2 found in cache
10:11:06.646 [main] INFO io.github.bonigarcia.wdm.WebDriverManager - Exporting webdriver.gecko.driver as C:\Users\alwi\.cache\selenium\geckodriver\win64\0.32.2\geckodriver.exe
10:11:06.660 [main] DEBUG net.serenitybdd.core.webdriver.driverproviders.ProvideNewDriver - Instantiating driver
10:11:06.660 [main] DEBUG net.serenitybdd.core.webdriver.driverproviders.ProvideNewDriver - Driver capabilities: Capabilities {acceptInsecureCerts: true, browserName: firefox, moz:debuggerAddress: true, moz:firefoxOptions: {args: [], profile: UEsDBBQACAgIAGNRilYAAAAAAAA...}}
10:11:06.922 [AsyncHttpClient-1-1] DEBUG org.asynchttpclient.netty.channel.DefaultChannelPool - Entry count for : http://localhost:59916 : 1
10:11:06.922 [AsyncHttpClient-1-1] DEBUG org.asynchttpclient.netty.channel.DefaultChannelPool - Adding Candidate expired Channel [id: 0xeadcd5f3, L:/127.0.0.1:55704 ! R:localhost/127.0.0.1:59916] isIdleTimeoutExpired=false isRemotelyClosed=true isTtlExpired=false
10:11:06.922 [AsyncHttpClient-1-1] DEBUG org.asynchttpclient.netty.channel.DefaultChannelPool - Closing Idle Channel [id: 0xeadcd5f3, L:/127.0.0.1:55704 ! R:localhost/127.0.0.1:59916]
10:11:06.922 [AsyncHttpClient-1-1] DEBUG org.asynchttpclient.netty.channel.DefaultChannelPool - Closed 1 connections out of 1 in 0 ms
10:11:07.181 [AsyncHttpClient-1-12] DEBUG org.asynchttpclient.netty.channel.NettyConnectListener - Using new Channel '[id: 0x61bb4bfb, L:/127.0.0.1:55802 - R:localhost/127.0.0.1:65174]' for 'POST' to '/session'
10:11:09.591 [AsyncHttpClient-1-12] DEBUG org.asynchttpclient.netty.handler.HttpHandler - 

Request DefaultHttpRequest(decodeResult: success, version: HTTP/1.1)
POST /session HTTP/1.1
User-Agent: selenium/4.1.2 (java windows)
Content-Length: 3673
Content-Type: application/json; charset=utf-8
host: localhost:65174
accept: */*

Response DefaultHttpResponse(decodeResult: success, version: HTTP/1.1)
HTTP/1.1 200 OK
content-type: application/json; charset=utf-8
cache-control: no-cache
date: Mon, 10 Apr 2023 03:11:07 GMT
content-length: 789

10:11:09.591 [AsyncHttpClient-1-12] DEBUG org.asynchttpclient.netty.channel.ChannelManager - Adding key: http://localhost:65174 for channel [id: 0x61bb4bfb, L:/127.0.0.1:55802 - R:localhost/127.0.0.1:65174]
10:11:09.598 [AsyncHttpClient-1-13] DEBUG org.asynchttpclient.netty.channel.NettyConnectListener - Using new Channel '[id: 0xf26dae6c, L:/127.0.0.1:55818 - R:/127.0.0.1:60224]' for 'GET' to '/json/version'
10:11:09.601 [AsyncHttpClient-1-13] DEBUG org.asynchttpclient.netty.handler.HttpHandler - 

Request DefaultFullHttpRequest(decodeResult: success, version: HTTP/1.1, content: EmptyByteBufBE)
GET /json/version HTTP/1.1
User-Agent: selenium/4.1.2 (java windows)
host: 127.0.0.1:60224
accept: */*

Response DefaultHttpResponse(decodeResult: success, version: HTTP/1.1)
HTTP/1.1 200 OK
content-type: application/json
connection: close
server: httpd.js
date: Mon, 10 Apr 2023 03:11:09 GMT
content-length: 311

10:11:09.601 [AsyncHttpClient-1-13] DEBUG org.asynchttpclient.netty.channel.ChannelManager - Closing Channel [id: 0xf26dae6c, L:/127.0.0.1:55818 - R:/127.0.0.1:60224] 
10:11:09.601 [AsyncHttpClient-1-13] DEBUG org.asynchttpclient.netty.handler.HttpHandler - Channel Closed: [id: 0xf26dae6c, L:/127.0.0.1:55818 ! R:/127.0.0.1:60224] with attribute DISCARD
10:11:09.604 [Forwarding get on session 7a42240a-1f1b-43e8-aeca-2836db0caf76 to remote] DEBUG org.asynchttpclient.netty.request.NettyRequestSender - Using pooled Channel '[id: 0x61bb4bfb, L:/127.0.0.1:55802 - R:localhost/127.0.0.1:65174]' for 'POST' to 'http://localhost:65174/session/7a42240a-1f1b-43e8-aeca-2836db0caf76/url'
10:11:09.604 [Forwarding get on session 7a42240a-1f1b-43e8-aeca-2836db0caf76 to remote] DEBUG org.asynchttpclient.netty.request.NettyRequestSender - Using open Channel [id: 0x61bb4bfb, L:/127.0.0.1:55802 - R:localhost/127.0.0.1:65174] for POST '/session/7a42240a-1f1b-43e8-aeca-2836db0caf76/url'
10:11:11.433 [AsyncHttpClient-1-12] DEBUG org.asynchttpclient.netty.handler.HttpHandler - 

Request DefaultHttpRequest(decodeResult: success, version: HTTP/1.1)
POST /session/7a42240a-1f1b-43e8-aeca-2836db0caf76/url HTTP/1.1
User-Agent: selenium/4.1.2 (java windows)
Content-Length: 69
Content-Type: application/json; charset=utf-8
host: localhost:65174
accept: */*

Response DefaultHttpResponse(decodeResult: success, version: HTTP/1.1)
HTTP/1.1 200 OK
content-type: application/json; charset=utf-8
cache-control: no-cache
date: Mon, 10 Apr 2023 03:11:09 GMT
content-length: 14

10:11:11.433 [AsyncHttpClient-1-12] DEBUG org.asynchttpclient.netty.channel.ChannelManager - Adding key: http://localhost:65174 for channel [id: 0x61bb4bfb, L:/127.0.0.1:55802 - R:localhost/127.0.0.1:65174]
10:11:11.434 [Forwarding setTimeout on session 7a42240a-1f1b-43e8-aeca-2836db0caf76 to remote] DEBUG org.asynchttpclient.netty.request.NettyRequestSender - Using pooled Channel '[id: 0x61bb4bfb, L:/127.0.0.1:55802 - R:localhost/127.0.0.1:65174]' for 'POST' to 'http://localhost:65174/session/7a42240a-1f1b-43e8-aeca-2836db0caf76/timeouts'
10:11:11.434 [Forwarding setTimeout on session 7a42240a-1f1b-43e8-aeca-2836db0caf76 to remote] DEBUG org.asynchttpclient.netty.request.NettyRequestSender - Using open Channel [id: 0x61bb4bfb, L:/127.0.0.1:55802 - R:localhost/127.0.0.1:65174] for POST '/session/7a42240a-1f1b-43e8-aeca-2836db0caf76/timeouts'
10:11:11.436 [AsyncHttpClient-1-12] DEBUG org.asynchttpclient.netty.handler.HttpHandler - 

Request DefaultHttpRequest(decodeResult: success, version: HTTP/1.1)
POST /session/7a42240a-1f1b-43e8-aeca-2836db0caf76/timeouts HTTP/1.1
User-Agent: selenium/4.1.2 (java windows)
Content-Length: 22
Content-Type: application/json; charset=utf-8
host: localhost:65174
accept: */*

Response DefaultHttpResponse(decodeResult: success, version: HTTP/1.1)
HTTP/1.1 200 OK
content-type: application/json; charset=utf-8
cache-control: no-cache
date: Mon, 10 Apr 2023 03:11:11 GMT
content-length: 14

10:11:11.436 [AsyncHttpClient-1-12] DEBUG org.asynchttpclient.netty.channel.ChannelManager - Adding key: http://localhost:65174 for channel [id: 0x61bb4bfb, L:/127.0.0.1:55802 - R:localhost/127.0.0.1:65174]
10:11:11.439 [Forwarding getCurrentUrl on session 7a42240a-1f1b-43e8-aeca-2836db0caf76 to remote] DEBUG org.asynchttpclient.netty.request.NettyRequestSender - Using pooled Channel '[id: 0x61bb4bfb, L:/127.0.0.1:55802 - R:localhost/127.0.0.1:65174]' for 'GET' to 'http://localhost:65174/session/7a42240a-1f1b-43e8-aeca-2836db0caf76/url'
10:11:11.439 [Forwarding getCurrentUrl on session 7a42240a-1f1b-43e8-aeca-2836db0caf76 to remote] DEBUG org.asynchttpclient.netty.request.NettyRequestSender - Using open Channel [id: 0x61bb4bfb, L:/127.0.0.1:55802 - R:localhost/127.0.0.1:65174] for GET '/session/7a42240a-1f1b-43e8-aeca-2836db0caf76/url'
10:11:11.444 [AsyncHttpClient-1-12] DEBUG org.asynchttpclient.netty.handler.HttpHandler - 

Request DefaultFullHttpRequest(decodeResult: success, version: HTTP/1.1, content: EmptyByteBufBE)
GET /session/7a42240a-1f1b-43e8-aeca-2836db0caf76/url HTTP/1.1
User-Agent: selenium/4.1.2 (java windows)
Cache-Control: no-cache
Content-Type: application/json; charset=utf-8
host: localhost:65174
accept: */*

Response DefaultHttpResponse(decodeResult: success, version: HTTP/1.1)
HTTP/1.1 200 OK
content-type: application/json; charset=utf-8
cache-control: no-cache
date: Mon, 10 Apr 2023 03:11:11 GMT
content-length: 41

10:11:11.444 [AsyncHttpClient-1-12] DEBUG org.asynchttpclient.netty.channel.ChannelManager - Adding key: http://localhost:65174 for channel [id: 0x61bb4bfb, L:/127.0.0.1:55802 - R:localhost/127.0.0.1:65174]
  &amp#27;[32mGiven &amp#27;[0m&amp#27;[32mI am on the home page&amp#27;[0m     &amp#27;[90m# starter.stepdefinitions.BabyStep.iAmOnTheHomePage()&amp#27;[0m
10:11:11.448 [Forwarding screenshot on session 7a42240a-1f1b-43e8-aeca-2836db0caf76 to remote] DEBUG org.asynchttpclient.netty.request.NettyRequestSender - Using pooled Channel '[id: 0x61bb4bfb, L:/127.0.0.1:55802 - R:localhost/127.0.0.1:65174]' for 'GET' to 'http://localhost:65174/session/7a42240a-1f1b-43e8-aeca-2836db0caf76/screenshot'
10:11:11.448 [Forwarding screenshot on session 7a42240a-1f1b-43e8-aeca-2836db0caf76 to remote] DEBUG org.asynchttpclient.netty.request.NettyRequestSender - Using open Channel [id: 0x61bb4bfb, L:/127.0.0.1:55802 - R:localhost/127.0.0.1:65174] for GET '/session/7a42240a-1f1b-43e8-aeca-2836db0caf76/screenshot'
10:11:11.519 [AsyncHttpClient-1-12] DEBUG org.asynchttpclient.netty.handler.HttpHandler - 

Request DefaultFullHttpRequest(decodeResult: success, version: HTTP/1.1, content: EmptyByteBufBE)
GET /session/7a42240a-1f1b-43e8-aeca-2836db0caf76/screenshot HTTP/1.1
User-Agent: selenium/4.1.2 (java windows)
Cache-Control: no-cache
Content-Type: application/json; charset=utf-8
host: localhost:65174
accept: */*

Response DefaultHttpResponse(decodeResult: success, version: HTTP/1.1)
HTTP/1.1 200 OK
content-type: application/json; charset=utf-8
cache-control: no-cache
date: Mon, 10 Apr 2023 03:11:11 GMT
content-length: 72528

10:11:11.520 [AsyncHttpClient-1-12] DEBUG org.asynchttpclient.netty.channel.ChannelManager - Adding key: http://localhost:65174 for channel [id: 0x61bb4bfb, L:/127.0.0.1:55802 - R:localhost/127.0.0.1:65174]
10:11:11.523 [main] DEBUG net.serenitybdd.core.photography.Darkroom - Send negative for processing for target\site\serenity\ffb03502a5c2463577e8e16654cbca009088adc4dcaf4ad1964e28b15e1741a1.png
10:11:11.523 [Darkroom Processing Line] DEBUG net.serenitybdd.core.photography.DarkroomProcessingLine - Processing screenshot image in /var/screenshots/screenshot-4182469725729511465
10:11:11.524 [Darkroom Processing Line] DEBUG net.serenitybdd.core.photography.DarkroomProcessingLine - Saving screenshot to target\site\serenity\ffb03502a5c2463577e8e16654cbca009088adc4dcaf4ad1964e28b15e1741a1.png
10:11:11.533 [Forwarding findElement on session 7a42240a-1f1b-43e8-aeca-2836db0caf76 to remote] DEBUG org.asynchttpclient.netty.request.NettyRequestSender - Using pooled Channel '[id: 0x61bb4bfb, L:/127.0.0.1:55802 - R:localhost/127.0.0.1:65174]' for 'POST' to 'http://localhost:65174/session/7a42240a-1f1b-43e8-aeca-2836db0caf76/element'
10:11:11.533 [Forwarding findElement on session 7a42240a-1f1b-43e8-aeca-2836db0caf76 to remote] DEBUG org.asynchttpclient.netty.request.NettyRequestSender - Using open Channel [id: 0x61bb4bfb, L:/127.0.0.1:55802 - R:localhost/127.0.0.1:65174] for POST '/session/7a42240a-1f1b-43e8-aeca-2836db0caf76/element'
10:11:12.088 [AsyncHttpClient-1-12] DEBUG org.asynchttpclient.netty.handler.HttpHandler - 

Request DefaultHttpRequest(decodeResult: success, version: HTTP/1.1)
POST /session/7a42240a-1f1b-43e8-aeca-2836db0caf76/element HTTP/1.1
User-Agent: selenium/4.1.2 (java windows)
Content-Length: 81
Content-Type: application/json; charset=utf-8
host: localhost:65174
accept: */*

Response DefaultHttpResponse(decodeResult: success, version: HTTP/1.1)
HTTP/1.1 200 OK
content-type: application/json; charset=utf-8
cache-control: no-cache
date: Mon, 10 Apr 2023 03:11:11 GMT
content-length: 88

10:11:12.088 [AsyncHttpClient-1-12] DEBUG org.asynchttpclient.netty.channel.ChannelManager - Adding key: http://localhost:65174 for channel [id: 0x61bb4bfb, L:/127.0.0.1:55802 - R:localhost/127.0.0.1:65174]
10:11:12.090 [Forwarding getElementTagName on session 7a42240a-1f1b-43e8-aeca-2836db0caf76 to remote] DEBUG org.asynchttpclient.netty.request.NettyRequestSender - Using pooled Channel '[id: 0x61bb4bfb, L:/127.0.0.1:55802 - R:localhost/127.0.0.1:65174]' for 'GET' to 'http://localhost:65174/session/7a42240a-1f1b-43e8-aeca-2836db0caf76/element/b4a2abc1-f234-41f5-83b5-b5072147a943/name'
10:11:12.090 [Forwarding getElementTagName on session 7a42240a-1f1b-43e8-aeca-2836db0caf76 to remote] DEBUG org.asynchttpclient.netty.request.NettyRequestSender - Using open Channel [id: 0x61bb4bfb, L:/127.0.0.1:55802 - R:localhost/127.0.0.1:65174] for GET '/session/7a42240a-1f1b-43e8-aeca-2836db0caf76/element/b4a2abc1-f234-41f5-83b5-b5072147a943/name'
10:11:12.174 [AsyncHttpClient-1-12] DEBUG org.asynchttpclient.netty.handler.HttpHandler - 

Request DefaultFullHttpRequest(decodeResult: success, version: HTTP/1.1, content: EmptyByteBufBE)
GET /session/7a42240a-1f1b-43e8-aeca-2836db0caf76/element/b4a2abc1-f234-41f5-83b5-b5072147a943/name HTTP/1.1
User-Agent: selenium/4.1.2 (java windows)
Cache-Control: no-cache
Content-Type: application/json; charset=utf-8
host: localhost:65174
accept: */*

Response DefaultHttpResponse(decodeResult: success, version: HTTP/1.1)
HTTP/1.1 200 OK
content-type: application/json; charset=utf-8
cache-control: no-cache
date: Mon, 10 Apr 2023 03:11:11 GMT
content-length: 16

10:11:12.174 [AsyncHttpClient-1-12] DEBUG org.asynchttpclient.netty.channel.ChannelManager - Adding key: http://localhost:65174 for channel [id: 0x61bb4bfb, L:/127.0.0.1:55802 - R:localhost/127.0.0.1:65174]
10:11:12.177 [Forwarding getElementTagName on session 7a42240a-1f1b-43e8-aeca-2836db0caf76 to remote] DEBUG org.asynchttpclient.netty.request.NettyRequestSender - Using pooled Channel '[id: 0x61bb4bfb, L:/127.0.0.1:55802 - R:localhost/127.0.0.1:65174]' for 'GET' to 'http://localhost:65174/session/7a42240a-1f1b-43e8-aeca-2836db0caf76/element/b4a2abc1-f234-41f5-83b5-b5072147a943/name'
10:11:12.177 [Forwarding getElementTagName on session 7a42240a-1f1b-43e8-aeca-2836db0caf76 to remote] DEBUG org.asynchttpclient.netty.request.NettyRequestSender - Using open Channel [id: 0x61bb4bfb, L:/127.0.0.1:55802 - R:localhost/127.0.0.1:65174] for GET '/session/7a42240a-1f1b-43e8-aeca-2836db0caf76/element/b4a2abc1-f234-41f5-83b5-b5072147a943/name'
10:11:12.262 [AsyncHttpClient-1-12] DEBUG org.asynchttpclient.netty.handler.HttpHandler - 

Request DefaultFullHttpRequest(decodeResult: success, version: HTTP/1.1, content: EmptyByteBufBE)
GET /session/7a42240a-1f1b-43e8-aeca-2836db0caf76/element/b4a2abc1-f234-41f5-83b5-b5072147a943/name HTTP/1.1
User-Agent: selenium/4.1.2 (java windows)
Cache-Control: no-cache
Content-Type: application/json; charset=utf-8
host: localhost:65174
accept: */*

Response DefaultHttpResponse(decodeResult: success, version: HTTP/1.1)
HTTP/1.1 200 OK
content-type: application/json; charset=utf-8
cache-control: no-cache
date: Mon, 10 Apr 2023 03:11:11 GMT
content-length: 16

10:11:12.262 [AsyncHttpClient-1-12] DEBUG org.asynchttpclient.netty.channel.ChannelManager - Adding key: http://localhost:65174 for channel [id: 0x61bb4bfb, L:/127.0.0.1:55802 - R:localhost/127.0.0.1:65174]
10:11:12.267 [Forwarding findElement on session 7a42240a-1f1b-43e8-aeca-2836db0caf76 to remote] DEBUG org.asynchttpclient.netty.request.NettyRequestSender - Using pooled Channel '[id: 0x61bb4bfb, L:/127.0.0.1:55802 - R:localhost/127.0.0.1:65174]' for 'POST' to 'http://localhost:65174/session/7a42240a-1f1b-43e8-aeca-2836db0caf76/element'
10:11:12.267 [Forwarding findElement on session 7a42240a-1f1b-43e8-aeca-2836db0caf76 to remote] DEBUG org.asynchttpclient.netty.request.NettyRequestSender - Using open Channel [id: 0x61bb4bfb, L:/127.0.0.1:55802 - R:localhost/127.0.0.1:65174] for POST '/session/7a42240a-1f1b-43e8-aeca-2836db0caf76/element'
10:11:12.288 [AsyncHttpClient-1-12] DEBUG org.asynchttpclient.netty.handler.HttpHandler - 

Request DefaultHttpRequest(decodeResult: success, version: HTTP/1.1)
POST /session/7a42240a-1f1b-43e8-aeca-2836db0caf76/element HTTP/1.1
User-Agent: selenium/4.1.2 (java windows)
Content-Length: 81
Content-Type: application/json; charset=utf-8
host: localhost:65174
accept: */*

Response DefaultHttpResponse(decodeResult: success, version: HTTP/1.1)
HTTP/1.1 200 OK
content-type: application/json; charset=utf-8
cache-control: no-cache
date: Mon, 10 Apr 2023 03:11:11 GMT
content-length: 88

10:11:12.289 [AsyncHttpClient-1-12] DEBUG org.asynchttpclient.netty.channel.ChannelManager - Adding key: http://localhost:65174 for channel [id: 0x61bb4bfb, L:/127.0.0.1:55802 - R:localhost/127.0.0.1:65174]
10:11:12.290 [Forwarding clickElement on session 7a42240a-1f1b-43e8-aeca-2836db0caf76 to remote] DEBUG org.asynchttpclient.netty.request.NettyRequestSender - Using pooled Channel '[id: 0x61bb4bfb, L:/127.0.0.1:55802 - R:localhost/127.0.0.1:65174]' for 'POST' to 'http://localhost:65174/session/7a42240a-1f1b-43e8-aeca-2836db0caf76/element/b4a2abc1-f234-41f5-83b5-b5072147a943/click'
10:11:12.290 [Forwarding clickElement on session 7a42240a-1f1b-43e8-aeca-2836db0caf76 to remote] DEBUG org.asynchttpclient.netty.request.NettyRequestSender - Using open Channel [id: 0x61bb4bfb, L:/127.0.0.1:55802 - R:localhost/127.0.0.1:65174] for POST '/session/7a42240a-1f1b-43e8-aeca-2836db0caf76/element/b4a2abc1-f234-41f5-83b5-b5072147a943/click'
10:11:13.052 [AsyncHttpClient-1-12] DEBUG org.asynchttpclient.netty.handler.HttpHandler - 

Request DefaultHttpRequest(decodeResult: success, version: HTTP/1.1)
POST /session/7a42240a-1f1b-43e8-aeca-2836db0caf76/element/b4a2abc1-f234-41f5-83b5-b5072147a943/click HTTP/1.1
User-Agent: selenium/4.1.2 (java windows)
Content-Length: 50
Content-Type: application/json; charset=utf-8
host: localhost:65174
accept: */*

Response DefaultHttpResponse(decodeResult: success, version: HTTP/1.1)
HTTP/1.1 200 OK
content-type: application/json; charset=utf-8
cache-control: no-cache
date: Mon, 10 Apr 2023 03:11:11 GMT
content-length: 14

10:11:13.052 [AsyncHttpClient-1-12] DEBUG org.asynchttpclient.netty.channel.ChannelManager - Adding key: http://localhost:65174 for channel [id: 0x61bb4bfb, L:/127.0.0.1:55802 - R:localhost/127.0.0.1:65174]
  &amp#27;[32mThen &amp#27;[0m&amp#27;[32mI click baby on the header&amp#27;[0m &amp#27;[90m# starter.stepdefinitions.BabyStep.iClickBabyOnTheHeader()&amp#27;[0m
10:11:13.060 [Forwarding screenshot on session 7a42240a-1f1b-43e8-aeca-2836db0caf76 to remote] DEBUG org.asynchttpclient.netty.request.NettyRequestSender - Using pooled Channel '[id: 0x61bb4bfb, L:/127.0.0.1:55802 - R:localhost/127.0.0.1:65174]' for 'GET' to 'http://localhost:65174/session/7a42240a-1f1b-43e8-aeca-2836db0caf76/screenshot'
10:11:13.060 [Forwarding screenshot on session 7a42240a-1f1b-43e8-aeca-2836db0caf76 to remote] DEBUG org.asynchttpclient.netty.request.NettyRequestSender - Using open Channel [id: 0x61bb4bfb, L:/127.0.0.1:55802 - R:localhost/127.0.0.1:65174] for GET '/session/7a42240a-1f1b-43e8-aeca-2836db0caf76/screenshot'
10:11:13.223 [AsyncHttpClient-1-12] DEBUG org.asynchttpclient.netty.handler.HttpHandler - 

Request DefaultFullHttpRequest(decodeResult: success, version: HTTP/1.1, content: EmptyByteBufBE)
GET /session/7a42240a-1f1b-43e8-aeca-2836db0caf76/screenshot HTTP/1.1
User-Agent: selenium/4.1.2 (java windows)
Cache-Control: no-cache
Content-Type: application/json; charset=utf-8
host: localhost:65174
accept: */*

Response DefaultHttpResponse(decodeResult: success, version: HTTP/1.1)
HTTP/1.1 200 OK
content-type: application/json; charset=utf-8
cache-control: no-cache
date: Mon, 10 Apr 2023 03:11:13 GMT
content-length: 98024

10:11:13.223 [AsyncHttpClient-1-12] DEBUG org.asynchttpclient.netty.channel.ChannelManager - Adding key: http://localhost:65174 for channel [id: 0x61bb4bfb, L:/127.0.0.1:55802 - R:localhost/127.0.0.1:65174]
10:11:13.228 [main] DEBUG net.serenitybdd.core.photography.Darkroom - Send negative for processing for target\site\serenity\bcb9a8d665d2c58a930e922f816fcc3ebc2aef855b882f3d531e7c9aa320b06d.png
10:11:13.246 [Forwarding findElement on session 7a42240a-1f1b-43e8-aeca-2836db0caf76 to remote] DEBUG org.asynchttpclient.netty.request.NettyRequestSender - Using pooled Channel '[id: 0x61bb4bfb, L:/127.0.0.1:55802 - R:localhost/127.0.0.1:65174]' for 'POST' to 'http://localhost:65174/session/7a42240a-1f1b-43e8-aeca-2836db0caf76/element'
10:11:13.246 [Forwarding findElement on session 7a42240a-1f1b-43e8-aeca-2836db0caf76 to remote] DEBUG org.asynchttpclient.netty.request.NettyRequestSender - Using open Channel [id: 0x61bb4bfb, L:/127.0.0.1:55802 - R:localhost/127.0.0.1:65174] for POST '/session/7a42240a-1f1b-43e8-aeca-2836db0caf76/element'
10:11:13.358 [AsyncHttpClient-1-12] DEBUG org.asynchttpclient.netty.handler.HttpHandler - 

Request DefaultHttpRequest(decodeResult: success, version: HTTP/1.1)
POST /session/7a42240a-1f1b-43e8-aeca-2836db0caf76/element HTTP/1.1
User-Agent: selenium/4.1.2 (java windows)
Content-Length: 117
Content-Type: application/json; charset=utf-8
host: localhost:65174
accept: */*

Response DefaultHttpResponse(decodeResult: success, version: HTTP/1.1)
HTTP/1.1 200 OK
content-type: application/json; charset=utf-8
cache-control: no-cache
date: Mon, 10 Apr 2023 03:11:13 GMT
content-length: 88

10:11:13.358 [AsyncHttpClient-1-12] DEBUG org.asynchttpclient.netty.channel.ChannelManager - Adding key: http://localhost:65174 for channel [id: 0x61bb4bfb, L:/127.0.0.1:55802 - R:localhost/127.0.0.1:65174]
10:11:13.360 [Forwarding getElementTagName on session 7a42240a-1f1b-43e8-aeca-2836db0caf76 to remote] DEBUG org.asynchttpclient.netty.request.NettyRequestSender - Using pooled Channel '[id: 0x61bb4bfb, L:/127.0.0.1:55802 - R:localhost/127.0.0.1:65174]' for 'GET' to 'http://localhost:65174/session/7a42240a-1f1b-43e8-aeca-2836db0caf76/element/9ffe09cc-9568-4372-b193-b06c98f32cff/name'
10:11:13.360 [Forwarding getElementTagName on session 7a42240a-1f1b-43e8-aeca-2836db0caf76 to remote] DEBUG org.asynchttpclient.netty.request.NettyRequestSender - Using open Channel [id: 0x61bb4bfb, L:/127.0.0.1:55802 - R:localhost/127.0.0.1:65174] for GET '/session/7a42240a-1f1b-43e8-aeca-2836db0caf76/element/9ffe09cc-9568-4372-b193-b06c98f32cff/name'
10:11:13.391 [AsyncHttpClient-1-12] DEBUG org.asynchttpclient.netty.handler.HttpHandler - 

Request DefaultFullHttpRequest(decodeResult: success, version: HTTP/1.1, content: EmptyByteBufBE)
GET /session/7a42240a-1f1b-43e8-aeca-2836db0caf76/element/9ffe09cc-9568-4372-b193-b06c98f32cff/name HTTP/1.1
User-Agent: selenium/4.1.2 (java windows)
Cache-Control: no-cache
Content-Type: application/json; charset=utf-8
host: localhost:65174
accept: */*

Response DefaultHttpResponse(decodeResult: success, version: HTTP/1.1)
HTTP/1.1 200 OK
content-type: application/json; charset=utf-8
cache-control: no-cache
date: Mon, 10 Apr 2023 03:11:13 GMT
content-length: 16

10:11:13.391 [AsyncHttpClient-1-12] DEBUG org.asynchttpclient.netty.channel.ChannelManager - Adding key: http://localhost:65174 for channel [id: 0x61bb4bfb, L:/127.0.0.1:55802 - R:localhost/127.0.0.1:65174]
10:11:13.393 [Forwarding getElementTagName on session 7a42240a-1f1b-43e8-aeca-2836db0caf76 to remote] DEBUG org.asynchttpclient.netty.request.NettyRequestSender - Using pooled Channel '[id: 0x61bb4bfb, L:/127.0.0.1:55802 - R:localhost/127.0.0.1:65174]' for 'GET' to 'http://localhost:65174/session/7a42240a-1f1b-43e8-aeca-2836db0caf76/element/9ffe09cc-9568-4372-b193-b06c98f32cff/name'
10:11:13.393 [Forwarding getElementTagName on session 7a42240a-1f1b-43e8-aeca-2836db0caf76 to remote] DEBUG org.asynchttpclient.netty.request.NettyRequestSender - Using open Channel [id: 0x61bb4bfb, L:/127.0.0.1:55802 - R:localhost/127.0.0.1:65174] for GET '/session/7a42240a-1f1b-43e8-aeca-2836db0caf76/element/9ffe09cc-9568-4372-b193-b06c98f32cff/name'
10:11:13.436 [AsyncHttpClient-1-12] DEBUG org.asynchttpclient.netty.handler.HttpHandler - 

Request DefaultFullHttpRequest(decodeResult: success, version: HTTP/1.1, content: EmptyByteBufBE)
GET /session/7a42240a-1f1b-43e8-aeca-2836db0caf76/element/9ffe09cc-9568-4372-b193-b06c98f32cff/name HTTP/1.1
User-Agent: selenium/4.1.2 (java windows)
Cache-Control: no-cache
Content-Type: application/json; charset=utf-8
host: localhost:65174
accept: */*

Response DefaultHttpResponse(decodeResult: success, version: HTTP/1.1)
HTTP/1.1 200 OK
content-type: application/json; charset=utf-8
cache-control: no-cache
date: Mon, 10 Apr 2023 03:11:13 GMT
content-length: 16

10:11:13.436 [AsyncHttpClient-1-12] DEBUG org.asynchttpclient.netty.channel.ChannelManager - Adding key: http://localhost:65174 for channel [id: 0x61bb4bfb, L:/127.0.0.1:55802 - R:localhost/127.0.0.1:65174]
10:11:13.438 [Forwarding findElement on session 7a42240a-1f1b-43e8-aeca-2836db0caf76 to remote] DEBUG org.asynchttpclient.netty.request.NettyRequestSender - Using pooled Channel '[id: 0x61bb4bfb, L:/127.0.0.1:55802 - R:localhost/127.0.0.1:65174]' for 'POST' to 'http://localhost:65174/session/7a42240a-1f1b-43e8-aeca-2836db0caf76/element'
10:11:13.439 [Forwarding findElement on session 7a42240a-1f1b-43e8-aeca-2836db0caf76 to remote] DEBUG org.asynchttpclient.netty.request.NettyRequestSender - Using open Channel [id: 0x61bb4bfb, L:/127.0.0.1:55802 - R:localhost/127.0.0.1:65174] for POST '/session/7a42240a-1f1b-43e8-aeca-2836db0caf76/element'
10:11:13.520 [AsyncHttpClient-1-12] DEBUG org.asynchttpclient.netty.handler.HttpHandler - 

Request DefaultHttpRequest(decodeResult: success, version: HTTP/1.1)
POST /session/7a42240a-1f1b-43e8-aeca-2836db0caf76/element HTTP/1.1
User-Agent: selenium/4.1.2 (java windows)
Content-Length: 117
Content-Type: application/json; charset=utf-8
host: localhost:65174
accept: */*

Response DefaultHttpResponse(decodeResult: success, version: HTTP/1.1)
HTTP/1.1 200 OK
content-type: application/json; charset=utf-8
cache-control: no-cache
date: Mon, 10 Apr 2023 03:11:13 GMT
content-length: 88

10:11:13.520 [AsyncHttpClient-1-12] DEBUG org.asynchttpclient.netty.channel.ChannelManager - Adding key: http://localhost:65174 for channel [id: 0x61bb4bfb, L:/127.0.0.1:55802 - R:localhost/127.0.0.1:65174]
10:11:13.522 [Forwarding clickElement on session 7a42240a-1f1b-43e8-aeca-2836db0caf76 to remote] DEBUG org.asynchttpclient.netty.request.NettyRequestSender - Using pooled Channel '[id: 0x61bb4bfb, L:/127.0.0.1:55802 - R:localhost/127.0.0.1:65174]' for 'POST' to 'http://localhost:65174/session/7a42240a-1f1b-43e8-aeca-2836db0caf76/element/9ffe09cc-9568-4372-b193-b06c98f32cff/click'
10:11:13.522 [Forwarding clickElement on session 7a42240a-1f1b-43e8-aeca-2836db0caf76 to remote] DEBUG org.asynchttpclient.netty.request.NettyRequestSender - Using open Channel [id: 0x61bb4bfb, L:/127.0.0.1:55802 - R:localhost/127.0.0.1:65174] for POST '/session/7a42240a-1f1b-43e8-aeca-2836db0caf76/element/9ffe09cc-9568-4372-b193-b06c98f32cff/click'
10:11:14.245 [AsyncHttpClient-1-12] DEBUG org.asynchttpclient.netty.handler.HttpHandler - 

Request DefaultHttpRequest(decodeResult: success, version: HTTP/1.1)
POST /session/7a42240a-1f1b-43e8-aeca-2836db0caf76/element/9ffe09cc-9568-4372-b193-b06c98f32cff/click HTTP/1.1
User-Agent: selenium/4.1.2 (java windows)
Content-Length: 50
Content-Type: application/json; charset=utf-8
host: localhost:65174
accept: */*

Response DefaultHttpResponse(decodeResult: success, version: HTTP/1.1)
HTTP/1.1 200 OK
content-type: application/json; charset=utf-8
cache-control: no-cache
date: Mon, 10 Apr 2023 03:11:13 GMT
content-length: 14

10:11:14.245 [AsyncHttpClient-1-12] DEBUG org.asynchttpclient.netty.channel.ChannelManager - Adding key: http://localhost:65174 for channel [id: 0x61bb4bfb, L:/127.0.0.1:55802 - R:localhost/127.0.0.1:65174]
  &amp#27;[32mWhen &amp#27;[0m&amp#27;[32mI will go to &amp#27;[0m&amp#27;[32m&amp#27;[1m"UT2"&amp#27;[0m         &amp#27;[90m# starter.stepdefinitions.BabyStep.iWillGoTo(java.lang.String)&amp#27;[0m
10:11:14.252 [Forwarding screenshot on session 7a42240a-1f1b-43e8-aeca-2836db0caf76 to remote] DEBUG org.asynchttpclient.netty.request.NettyRequestSender - Using pooled Channel '[id: 0x61bb4bfb, L:/127.0.0.1:55802 - R:localhost/127.0.0.1:65174]' for 'GET' to 'http://localhost:65174/session/7a42240a-1f1b-43e8-aeca-2836db0caf76/screenshot'
10:11:14.252 [Forwarding screenshot on session 7a42240a-1f1b-43e8-aeca-2836db0caf76 to remote] DEBUG org.asynchttpclient.netty.request.NettyRequestSender - Using open Channel [id: 0x61bb4bfb, L:/127.0.0.1:55802 - R:localhost/127.0.0.1:65174] for GET '/session/7a42240a-1f1b-43e8-aeca-2836db0caf76/screenshot'
10:11:14.519 [AsyncHttpClient-1-12] DEBUG org.asynchttpclient.netty.handler.HttpHandler - 

Request DefaultFullHttpRequest(decodeResult: success, version: HTTP/1.1, content: EmptyByteBufBE)
GET /session/7a42240a-1f1b-43e8-aeca-2836db0caf76/screenshot HTTP/1.1
User-Agent: selenium/4.1.2 (java windows)
Cache-Control: no-cache
Content-Type: application/json; charset=utf-8
host: localhost:65174
accept: */*

Response DefaultHttpResponse(decodeResult: success, version: HTTP/1.1)
HTTP/1.1 200 OK
content-type: application/json; charset=utf-8
cache-control: no-cache
date: Mon, 10 Apr 2023 03:11:14 GMT
content-length: 201308

10:11:14.520 [AsyncHttpClient-1-12] DEBUG org.asynchttpclient.netty.channel.ChannelManager - Adding key: http://localhost:65174 for channel [id: 0x61bb4bfb, L:/127.0.0.1:55802 - R:localhost/127.0.0.1:65174]
10:11:14.528 [main] DEBUG net.serenitybdd.core.photography.Darkroom - Send negative for processing for target\site\serenity\d500f4e2da73e63c0824ce4b7c2b0061a5f89edd429b436f51c7592b6dab0f0f.png
10:11:14.528 [Darkroom Processing Line] DEBUG net.serenitybdd.core.photography.DarkroomProcessingLine - Processing screenshot image in /var/screenshots/screenshot-16179151972893843543
10:11:14.528 [Darkroom Processing Line] DEBUG net.serenitybdd.core.photography.DarkroomProcessingLine - Saving screenshot to target\site\serenity\d500f4e2da73e63c0824ce4b7c2b0061a5f89edd429b436f51c7592b6dab0f0f.png
10:11:14.535 [Forwarding findElement on session 7a42240a-1f1b-43e8-aeca-2836db0caf76 to remote] DEBUG org.asynchttpclient.netty.request.NettyRequestSender - Using pooled Channel '[id: 0x61bb4bfb, L:/127.0.0.1:55802 - R:localhost/127.0.0.1:65174]' for 'POST' to 'http://localhost:65174/session/7a42240a-1f1b-43e8-aeca-2836db0caf76/element'
10:11:14.535 [Forwarding findElement on session 7a42240a-1f1b-43e8-aeca-2836db0caf76 to remote] DEBUG org.asynchttpclient.netty.request.NettyRequestSender - Using open Channel [id: 0x61bb4bfb, L:/127.0.0.1:55802 - R:localhost/127.0.0.1:65174] for POST '/session/7a42240a-1f1b-43e8-aeca-2836db0caf76/element'
10:11:14.541 [AsyncHttpClient-1-12] DEBUG org.asynchttpclient.netty.handler.HttpHandler - 

Request DefaultHttpRequest(decodeResult: success, version: HTTP/1.1)
POST /session/7a42240a-1f1b-43e8-aeca-2836db0caf76/element HTTP/1.1
User-Agent: selenium/4.1.2 (java windows)
Content-Length: 102
Content-Type: application/json; charset=utf-8
host: localhost:65174
accept: */*

Response DefaultHttpResponse(decodeResult: success, version: HTTP/1.1)
HTTP/1.1 200 OK
content-type: application/json; charset=utf-8
cache-control: no-cache
date: Mon, 10 Apr 2023 03:11:14 GMT
content-length: 88

10:11:14.541 [AsyncHttpClient-1-12] DEBUG org.asynchttpclient.netty.channel.ChannelManager - Adding key: http://localhost:65174 for channel [id: 0x61bb4bfb, L:/127.0.0.1:55802 - R:localhost/127.0.0.1:65174]
10:11:14.544 [Forwarding isElementDisplayed on session 7a42240a-1f1b-43e8-aeca-2836db0caf76 to remote] DEBUG org.asynchttpclient.netty.request.NettyRequestSender - Using pooled Channel '[id: 0x61bb4bfb, L:/127.0.0.1:55802 - R:localhost/127.0.0.1:65174]' for 'POST' to 'http://localhost:65174/session/7a42240a-1f1b-43e8-aeca-2836db0caf76/execute/sync'
10:11:14.545 [Forwarding isElementDisplayed on session 7a42240a-1f1b-43e8-aeca-2836db0caf76 to remote] DEBUG org.asynchttpclient.netty.request.NettyRequestSender - Using open Channel [id: 0x61bb4bfb, L:/127.0.0.1:55802 - R:localhost/127.0.0.1:65174] for POST '/session/7a42240a-1f1b-43e8-aeca-2836db0caf76/execute/sync'
10:11:14.572 [AsyncHttpClient-1-12] DEBUG org.asynchttpclient.netty.handler.HttpHandler - 

Request DefaultHttpRequest(decodeResult: success, version: HTTP/1.1)
POST /session/7a42240a-1f1b-43e8-aeca-2836db0caf76/execute/sync HTTP/1.1
User-Agent: selenium/4.1.2 (java windows)
Content-Length: 48780
Content-Type: application/json; charset=utf-8
host: localhost:65174
accept: */*

Response DefaultHttpResponse(decodeResult: success, version: HTTP/1.1)
HTTP/1.1 200 OK
content-type: application/json; charset=utf-8
cache-control: no-cache
date: Mon, 10 Apr 2023 03:11:14 GMT
content-length: 14

10:11:14.572 [AsyncHttpClient-1-12] DEBUG org.asynchttpclient.netty.channel.ChannelManager - Adding key: http://localhost:65174 for channel [id: 0x61bb4bfb, L:/127.0.0.1:55802 - R:localhost/127.0.0.1:65174]
  &amp#27;[32mAnd &amp#27;[0m&amp#27;[32mI &amp#27;[0m&amp#27;[32m&amp#27;[1m"txtUT2"&amp#27;[0m&amp#27;[32m page&amp#27;[0m             &amp#27;[90m# starter.stepdefinitions.BabyStep.iPage(java.lang.String)&amp#27;[0m
10:11:14.582 [Forwarding screenshot on session 7a42240a-1f1b-43e8-aeca-2836db0caf76 to remote] DEBUG org.asynchttpclient.netty.request.NettyRequestSender - Using pooled Channel '[id: 0x61bb4bfb, L:/127.0.0.1:55802 - R:localhost/127.0.0.1:65174]' for 'GET' to 'http://localhost:65174/session/7a42240a-1f1b-43e8-aeca-2836db0caf76/screenshot'
10:11:14.582 [Forwarding screenshot on session 7a42240a-1f1b-43e8-aeca-2836db0caf76 to remote] DEBUG org.asynchttpclient.netty.request.NettyRequestSender - Using open Channel [id: 0x61bb4bfb, L:/127.0.0.1:55802 - R:localhost/127.0.0.1:65174] for GET '/session/7a42240a-1f1b-43e8-aeca-2836db0caf76/screenshot'
10:11:14.639 [AsyncHttpClient-1-12] DEBUG org.asynchttpclient.netty.handler.HttpHandler - 

Request DefaultFullHttpRequest(decodeResult: success, version: HTTP/1.1, content: EmptyByteBufBE)
GET /session/7a42240a-1f1b-43e8-aeca-2836db0caf76/screenshot HTTP/1.1
User-Agent: selenium/4.1.2 (java windows)
Cache-Control: no-cache
Content-Type: application/json; charset=utf-8
host: localhost:65174
accept: */*

Response DefaultHttpResponse(decodeResult: success, version: HTTP/1.1)
HTTP/1.1 200 OK
content-type: application/json; charset=utf-8
cache-control: no-cache
date: Mon, 10 Apr 2023 03:11:14 GMT
content-length: 201308

10:11:14.639 [AsyncHttpClient-1-12] DEBUG org.asynchttpclient.netty.channel.ChannelManager - Adding key: http://localhost:65174 for channel [id: 0x61bb4bfb, L:/127.0.0.1:55802 - R:localhost/127.0.0.1:65174]
10:11:14.645 [main] DEBUG net.serenitybdd.core.photography.Darkroom - Send negative for processing for target\site\serenity\d500f4e2da73e63c0824ce4b7c2b0061a5f89edd429b436f51c7592b6dab0f0f.png
10:11:14.647 [Driver Command Executor] DEBUG org.asynchttpclient.netty.request.NettyRequestSender - Using pooled Channel '[id: 0x61bb4bfb, L:/127.0.0.1:55802 - R:localhost/127.0.0.1:65174]' for 'DELETE' to 'http://localhost:65174/session/7a42240a-1f1b-43e8-aeca-2836db0caf76'
10:11:14.647 [Driver Command Executor] DEBUG org.asynchttpclient.netty.request.NettyRequestSender - Using open Channel [id: 0x61bb4bfb, L:/127.0.0.1:55802 - R:localhost/127.0.0.1:65174] for DELETE '/session/7a42240a-1f1b-43e8-aeca-2836db0caf76'
10:11:16.061 [AsyncHttpClient-1-12] DEBUG org.asynchttpclient.netty.handler.HttpHandler - 

Request DefaultFullHttpRequest(decodeResult: success, version: HTTP/1.1, content: EmptyByteBufBE)
DELETE /session/7a42240a-1f1b-43e8-aeca-2836db0caf76 HTTP/1.1
User-Agent: selenium/4.1.2 (java windows)
Content-Type: application/json; charset=utf-8
host: localhost:65174
accept: */*

Response DefaultHttpResponse(decodeResult: success, version: HTTP/1.1)
HTTP/1.1 200 OK
content-type: application/json; charset=utf-8
cache-control: no-cache
date: Mon, 10 Apr 2023 03:11:14 GMT
content-length: 14

10:11:16.061 [AsyncHttpClient-1-12] DEBUG org.asynchttpclient.netty.channel.ChannelManager - Adding key: http://localhost:65174 for channel [id: 0x61bb4bfb, L:/127.0.0.1:55802 - R:localhost/127.0.0.1:65174]
10:11:16.063 [AsyncHttpClient-1-12] DEBUG org.asynchttpclient.netty.handler.HttpHandler - Unexpected I/O exception on channel [id: 0x61bb4bfb, L:/127.0.0.1:55802 - R:localhost/127.0.0.1:65174]
java.net.SocketException: Connection reset
	at java.base/sun.nio.ch.SocketChannelImpl.throwConnectionReset(SocketChannelImpl.java:345)
	at java.base/sun.nio.ch.SocketChannelImpl.read(SocketChannelImpl.java:376)
	at io.netty.buffer.PooledByteBuf.setBytes(PooledByteBuf.java:258)
	at io.netty.buffer.AbstractByteBuf.writeBytes(AbstractByteBuf.java:1132)
	at io.netty.channel.socket.nio.NioSocketChannel.doReadBytes(NioSocketChannel.java:350)
	at io.netty.channel.nio.AbstractNioByteChannel$NioByteUnsafe.read(AbstractNioByteChannel.java:151)
	at io.netty.channel.nio.NioEventLoop.processSelectedKey(NioEventLoop.java:722)
	at io.netty.channel.nio.NioEventLoop.processSelectedKeysOptimized(NioEventLoop.java:658)
	at io.netty.channel.nio.NioEventLoop.processSelectedKeys(NioEventLoop.java:584)
	at io.netty.channel.nio.NioEventLoop.run(NioEventLoop.java:496)
	at io.netty.util.concurrent.SingleThreadEventExecutor$4.run(SingleThreadEventExecutor.java:986)
	at io.netty.util.internal.ThreadExecutorMap$2.run(ThreadExecutorMap.java:74)
	at io.netty.util.concurrent.FastThreadLocalRunnable.run(FastThreadLocalRunnable.java:30)
	at java.base/java.lang.Thread.run(Thread.java:830)
10:11:16.063 [AsyncHttpClient-1-12] DEBUG org.asynchttpclient.netty.channel.ChannelManager - Closing Channel [id: 0x61bb4bfb, L:/127.0.0.1:55802 - R:localhost/127.0.0.1:65174] 
10:11:16.063 [AsyncHttpClient-1-12] DEBUG org.asynchttpclient.netty.handler.HttpHandler - Channel Closed: [id: 0x61bb4bfb, L:/127.0.0.1:55802 ! R:localhost/127.0.0.1:65174] with attribute DISCARD
]]></system-out>
    <system-err><![CDATA[1681096266714	geckodriver	INFO	Listening on 127.0.0.1:65174
1681096267191	mozrunner::runner	INFO	Running command: "C:\\Program Files\\Mozilla Firefox\\firefox.exe" "--marionette" "" "--remote-debugging-port" "60224" "--remote-allow-hosts" "localhost" "-no-remote" "-profile" "C:\\Users\\alwi\\AppData\\Local\\Temp\\rust_mozprofileIwSv3O"
console.warn: services.settings: Ignoring preference override of remote settings server
console.warn: services.settings: Allow by setting MOZ_REMOTE_SETTINGS_DEVTOOLS=1 in the environment
1681096267523	Marionette	INFO	Marionette enabled
Dynamically enable window occlusion 0
1681096267529	Marionette	INFO	Listening on port 55805
WebDriver BiDi listening on ws://127.0.0.1:60224
Read port: 55805
1681096267896	RemoteAgent	WARN	TLS certificate errors will be ignored for this session
console.warn: SearchSettings: "get: No settings file exists, new profile?" (new NotFoundError("Could not open the file at C:\\Users\\alwi\\AppData\\Local\\Temp\\rust_mozprofileIwSv3O\\search.json.mozlz4", (void 0)))
DevTools listening on ws://127.0.0.1:60224/devtools/browser/0f107d6b-6051-40fa-a969-2104d842fd9c
Apr 10, 2023 10:11:09 AM org.openqa.selenium.remote.ProtocolHandshake createSession
INFO: Detected dialect: W3C
JavaScript warning: https://www.uniqlo.com/Mx95Yd/biG/Wo_/8-IanA/Vu7EGJtwEh/el0ZAQ/aiE/QAlg7T10, line 1: unreachable code after return statement
JavaScript warning: https://www.uniqlo.com/Mx95Yd/biG/Wo_/8-IanA/Vu7EGJtwEh/el0ZAQ/aiE/QAlg7T10, line 1: WEBGL_debug_renderer_info is deprecated in Firefox and will be removed. Please use RENDERER.
JavaScript warning: https://www.uniqlo.com/id/elgnisolqinu.js?async&seed=AIAnG2mHAQAAp6_kQ-NvC4pDCvZJooQGzCoxcLZ3CqwiSlxvcp_1EokMlmcT&x-i1ysm4mm--z=q, line 1: WEBGL_debug_renderer_info is deprecated in Firefox and will be removed. Please use RENDERER.
1681096274649	Marionette	INFO	Stopped listening on port 55805
Dynamically enable window occlusion 1
WARNING: A blocker encountered an error while we were waiting.
          Blocker:  Waiting for ping task
          Phase: TelemetryController: Waiting for pending ping activity
          State: (none)
WARNING: Error: Phase "profile-before-change" is finished, it is too late to register completion condition "OS.File: flush I/O queued before profileBeforeChange"
WARNING: addBlocker@resource://gre/modules/AsyncShutdown.sys.mjs:727:15
addBlocker@resource://gre/modules/AsyncShutdown.sys.mjs:523:26
addBlocker@resource://gre/modules/AsyncShutdown.sys.mjs:458:15
setupShutdown@resource://gre/modules/osfile/osfile_async_front.jsm:1548:28
@resource://gre/modules/osfile/osfile_async_front.jsm:1568:16
@resource://gre/modules/osfile.jsm:12:30
@resource://gre/modules/TelemetryStorage.sys.mjs:10:28
_checkPendingPings@resource://gre/modules/TelemetrySend.sys.mjs:863:17
setup@resource://gre/modules/TelemetrySend.sys.mjs:803:18
setup@resource://gre/modules/TelemetrySend.sys.mjs:241:30
setupTelemetry/this._delayedInitTask<@resource://gre/modules/TelemetryControllerParent.sys.mjs:828:36
observe@resource://gre/modules/AsyncShutdown.sys.mjs:576:16

console.error: "TelemetryScheduler.shutdown - Already shut down"
WARNING: A blocker encountered an error while we were waiting.
          Blocker:  Waiting for ping task
          Phase: TelemetryController: Waiting for pending ping activity
          State: (none)
WARNING: Error: Phase "profile-before-change" is finished, it is too late to register completion condition "OS.File: flush I/O queued before profileBeforeChange"
WARNING: addBlocker@resource://gre/modules/AsyncShutdown.sys.mjs:727:15
addBlocker@resource://gre/modules/AsyncShutdown.sys.mjs:523:26
addBlocker@resource://gre/modules/AsyncShutdown.sys.mjs:458:15
setupShutdown@resource://gre/modules/osfile/osfile_async_front.jsm:1548:28
@resource://gre/modules/osfile/osfile_async_front.jsm:1568:16
@resource://gre/modules/osfile.jsm:12:30
@resource://gre/modules/TelemetryStorage.sys.mjs:10:28
_checkPendingPings@resource://gre/modules/TelemetrySend.sys.mjs:863:17
setup@resource://gre/modules/TelemetrySend.sys.mjs:803:18
setup@resource://gre/modules/TelemetrySend.sys.mjs:241:30
setupTelemetry/this._delayedInitTask<@resource://gre/modules/TelemetryControllerParent.sys.mjs:828:36
observe@resource://gre/modules/AsyncShutdown.sys.mjs:576:16

WARNING: A blocker encountered an error while we were waiting.
          Blocker:  Waiting for ping task
          Phase: TelemetryController: Waiting for pending ping activity
          State: (none)
WARNING: Error: Phase "profile-before-change" is finished, it is too late to register completion condition "OS.File: flush I/O queued before profileBeforeChange"
WARNING: addBlocker@resource://gre/modules/AsyncShutdown.sys.mjs:727:15
addBlocker@resource://gre/modules/AsyncShutdown.sys.mjs:523:26
addBlocker@resource://gre/modules/AsyncShutdown.sys.mjs:458:15
setupShutdown@resource://gre/modules/osfile/osfile_async_front.jsm:1548:28
@resource://gre/modules/osfile/osfile_async_front.jsm:1568:16
@resource://gre/modules/osfile.jsm:12:30
@resource://gre/modules/TelemetryStorage.sys.mjs:10:28
_checkPendingPings@resource://gre/modules/TelemetrySend.sys.mjs:863:17
setup@resource://gre/modules/TelemetrySend.sys.mjs:803:18
setup@resource://gre/modules/TelemetrySend.sys.mjs:241:30
setupTelemetry/this._delayedInitTask<@resource://gre/modules/TelemetryControllerParent.sys.mjs:828:36
observe@resource://gre/modules/AsyncShutdown.sys.mjs:576:16

WARNING: A blocker encountered an error while we were waiting.
          Blocker:  TelemetryController: shutting down
          Phase: profile-before-change-telemetry
          State: Error getting state: Error: Phase "profile-before-change" is finished, it is too late to register completion condition "OS.File: flush I/O queued before profileBeforeChange" at addBlocker@resource://gre/modules/AsyncShutdown.sys.mjs:727:15
addBlocker@resource://gre/modules/AsyncShutdown.sys.mjs:523:26
addBlocker@resource://gre/modules/AsyncShutdown.sys.mjs:458:15
setupShutdown@resource://gre/modules/osfile/osfile_async_front.jsm:1548:28
@resource://gre/modules/osfile/osfile_async_front.jsm:1568:16
@resource://gre/modules/osfile.jsm:12:30
@resource://gre/modules/TelemetryStorage.sys.mjs:10:28
_checkPendingPings@resource://gre/modules/TelemetrySend.sys.mjs:863:17
setup@resource://gre/modules/TelemetrySend.sys.mjs:803:18
setup@resource://gre/modules/TelemetrySend.sys.mjs:241:30
setupTelemetry/this._delayedInitTask<@resource://gre/modules/TelemetryControllerParent.sys.mjs:828:36
observe@resource://gre/modules/AsyncShutdown.sys.mjs:576:16

WARNING: Error: Phase "profile-before-change" is finished, it is too late to register completion condition "OS.File:J falvuashS Ic/Or qiuept eurerdo r:b erfeorseo uprrcoef:i/l/egBreef/omreoCdhulaengse/"Asyn
cWASRNhIutNGdo:w na.sdydsB.mljosc,k elrin@er e7s2o7urce://:g rEerr/omro:d uPlhaesse/ A"spryoncfSihlutdeo-wbn.esyfso.rmjse:-7c27:15
addBhloacnkgee"r @irs efsionuisrhce://egrde,/ mitod iulse st/oAo slyantceS htuot droewgnis.tseyrs .comjmsp:l5e2t3i:on2 6co
naddidtiBolno c"kOeSr.@Frielseou:r cef:l/u/shg rI/eO/ mqodueuuleeds /bAesfyonrceS hpurtodfoiwlneB.esfoyresC.hmajnsg:e4"5
8:15
setupShutdown@reJsaovuarSccrei:/pt/ gerrreo/rm:o dreusloeusrc/eo:s/f/iglree//moosdfulielse/A_syanscSyhnuct_dfowrnon.ts.yjss.mm:j1s5,4 8line 7:2278: 
Er@rorre:s oPuhracsee: /"/prgoref/imloed-ubleefso/reo-schfainlgee"/ oissf iflien_iasshyendc, _iftro ins tt.ooj slma:t1e5 6to8: 1r6eg
i@srteesr ocuormcpel:e/t/igorne c/omnoddiutlioens /"oOsSf.iFliel.ej:s m:f1l2u:s3h0 I
@r/eOs oquureuceed: b/e/fgorree /pmroodfuilleesB/eTfeolermeeChtanrgye"St
JoarvaagSe.csryispt. mejrsr:o1r0::2 8re
sou_rcceh:e/c/kgPree/mndodiunlgePsi/nAgssyn@creSshutdown.sys.mjs, line 727: Error: Pohuarsce e":p/r/ogfilree-/bmeofodulrees-/cThealnegmee"t ryiSs efnidn.issyhse.dm,j ist: 86i3s :1t7oo 
lsaetteu pt@or reesgoiursctee:r/ /cgomrep/lmeotdioules/Tne lecmonedtirtyiSoen n"dO.Ss.yFsi.lmej:s :f80l3u:s1h8 I
/sOe tquuepu@erde sboeufrocree: /p/rgorfei/lmeoBduelfeoreChsan/gTee"lem
eJtarvyaSSecrnidp.ts yesrr.omrj:s :r2e4so1u:r30ce
:s/e/tgurpeT/meoldeumleetsr/yA/sytnhciSsh.u_dtedloaywend.Isnysi.tmTjsa,s kl<i@ner e7s2ou7r:c eE:r/r/ogrre:/ Pmhoadseu l"eprso/fTiellee-mbeetrfyoCroen-trcohlalngee"r iPsa friennti.sshyesd.,m jits :i8s2 8t:o3o6 l
atoeb steor rveeg@irsetseoru rccoem:pl/e/tgiroen/ mcoodnudlietsi/oAsynn c"SOhSu.Ftidleo:w fnl.ussyhs .Imj/sO: 5q7u6e:u1e6d
 b
efore profileBeforeChange"
JavaScript error: resource://gre/modules/AsyncShutdown.sys.mjs, line 727: Error: Phase "profile-before-change" is finished, it is too late to register completion condition "OS.File: flush I/O queued before profileBeforeChange"
JavaScript error: resource://gre/modules/AsyncShutdown.sys.mjs, line 727: Error: Phase "profile-before-change" is finished, it is too late to register completion condition "OS.File: flush I/O queued before profileBeforeChange"
]]></system-err>
  </testcase>
  <testcase name="Fitur Menu Baby #22" classname="Baby" time="8.75">
    <system-out><![CDATA[
@baby
Scenario Outline: Fitur Menu Baby &amp#27;[90m# src/test/resources/features/Baby.feature:34&amp#27;[0m
10:11:16.127 [main] INFO io.cucumber.core.plugin.SerenityReporter - Running feature from file:///C:/Users/alwi/IdeaProjects/uniqloweb/src/test/resources/features/Baby.feature
10:11:16.137 [main] INFO net.serenitybdd.core.webdriver.driverproviders.FirefoxDriverProvider - Using automatically driver download
10:11:16.241 [main] DEBUG io.github.bonigarcia.wdm.cache.ResolutionCache - Resolution firefox=111 in cache (valid until 10:32:56 10/04/2023 WIB)
10:11:16.244 [main] DEBUG io.github.bonigarcia.wdm.cache.ResolutionCache - Resolution firefox111=0.32.2 in cache (valid until 19:30:50 10/04/2023 WIB)
10:11:16.246 [main] INFO io.github.bonigarcia.wdm.WebDriverManager - Using geckodriver 0.32.2 (resolved driver for Firefox 111)
10:11:16.258 [main] DEBUG io.github.bonigarcia.wdm.WebDriverManager - Driver geckodriver 0.32.2 found in cache
10:11:16.258 [main] INFO io.github.bonigarcia.wdm.WebDriverManager - Exporting webdriver.gecko.driver as C:\Users\alwi\.cache\selenium\geckodriver\win64\0.32.2\geckodriver.exe
10:11:16.270 [main] DEBUG net.serenitybdd.core.webdriver.driverproviders.ProvideNewDriver - Instantiating driver
10:11:16.270 [main] DEBUG net.serenitybdd.core.webdriver.driverproviders.ProvideNewDriver - Driver capabilities: Capabilities {acceptInsecureCerts: true, browserName: firefox, moz:debuggerAddress: true, moz:firefoxOptions: {args: [], profile: UEsDBBQACAgIAGhRilYAAAAAAAA...}}
10:11:16.791 [AsyncHttpClient-1-14] DEBUG org.asynchttpclient.netty.channel.NettyConnectListener - Using new Channel '[id: 0x60f4ecd2, L:/127.0.0.1:55911 - R:localhost/127.0.0.1:52279]' for 'POST' to '/session'
10:11:16.820 [AsyncHttpClient-1-1] DEBUG org.asynchttpclient.netty.channel.DefaultChannelPool - Entry count for : http://localhost:65174 : 1
10:11:16.820 [AsyncHttpClient-1-1] DEBUG org.asynchttpclient.netty.channel.DefaultChannelPool - Adding Candidate expired Channel [id: 0x61bb4bfb, L:/127.0.0.1:55802 ! R:localhost/127.0.0.1:65174] isIdleTimeoutExpired=false isRemotelyClosed=true isTtlExpired=false
10:11:16.820 [AsyncHttpClient-1-1] DEBUG org.asynchttpclient.netty.channel.DefaultChannelPool - Closing Idle Channel [id: 0x61bb4bfb, L:/127.0.0.1:55802 ! R:localhost/127.0.0.1:65174]
10:11:16.820 [AsyncHttpClient-1-1] DEBUG org.asynchttpclient.netty.channel.DefaultChannelPool - Closed 1 connections out of 1 in 0 ms
10:11:19.223 [AsyncHttpClient-1-14] DEBUG org.asynchttpclient.netty.handler.HttpHandler - 

Request DefaultHttpRequest(decodeResult: success, version: HTTP/1.1)
POST /session HTTP/1.1
User-Agent: selenium/4.1.2 (java windows)
Content-Length: 3673
Content-Type: application/json; charset=utf-8
host: localhost:52279
accept: */*

Response DefaultHttpResponse(decodeResult: success, version: HTTP/1.1)
HTTP/1.1 200 OK
content-type: application/json; charset=utf-8
cache-control: no-cache
date: Mon, 10 Apr 2023 03:11:16 GMT
content-length: 790

10:11:19.223 [AsyncHttpClient-1-14] DEBUG org.asynchttpclient.netty.channel.ChannelManager - Adding key: http://localhost:52279 for channel [id: 0x60f4ecd2, L:/127.0.0.1:55911 - R:localhost/127.0.0.1:52279]
10:11:19.228 [AsyncHttpClient-1-15] DEBUG org.asynchttpclient.netty.channel.NettyConnectListener - Using new Channel '[id: 0xa7a6fe08, L:/127.0.0.1:55931 - R:/127.0.0.1:65014]' for 'GET' to '/json/version'
10:11:19.232 [AsyncHttpClient-1-15] DEBUG org.asynchttpclient.netty.handler.HttpHandler - 

Request DefaultFullHttpRequest(decodeResult: success, version: HTTP/1.1, content: EmptyByteBufBE)
GET /json/version HTTP/1.1
User-Agent: selenium/4.1.2 (java windows)
host: 127.0.0.1:65014
accept: */*

Response DefaultHttpResponse(decodeResult: success, version: HTTP/1.1)
HTTP/1.1 200 OK
content-type: application/json
connection: close
server: httpd.js
date: Mon, 10 Apr 2023 03:11:19 GMT
content-length: 311

10:11:19.232 [AsyncHttpClient-1-15] DEBUG org.asynchttpclient.netty.channel.ChannelManager - Closing Channel [id: 0xa7a6fe08, L:/127.0.0.1:55931 - R:/127.0.0.1:65014] 
10:11:19.232 [AsyncHttpClient-1-15] DEBUG org.asynchttpclient.netty.handler.HttpHandler - Channel Closed: [id: 0xa7a6fe08, L:/127.0.0.1:55931 ! R:/127.0.0.1:65014] with attribute DISCARD
10:11:19.234 [Forwarding get on session 27fe8cf3-03a3-42b7-9866-070a54283d96 to remote] DEBUG org.asynchttpclient.netty.request.NettyRequestSender - Using pooled Channel '[id: 0x60f4ecd2, L:/127.0.0.1:55911 - R:localhost/127.0.0.1:52279]' for 'POST' to 'http://localhost:52279/session/27fe8cf3-03a3-42b7-9866-070a54283d96/url'
10:11:19.234 [Forwarding get on session 27fe8cf3-03a3-42b7-9866-070a54283d96 to remote] DEBUG org.asynchttpclient.netty.request.NettyRequestSender - Using open Channel [id: 0x60f4ecd2, L:/127.0.0.1:55911 - R:localhost/127.0.0.1:52279] for POST '/session/27fe8cf3-03a3-42b7-9866-070a54283d96/url'
10:11:20.203 [AsyncHttpClient-1-14] DEBUG org.asynchttpclient.netty.handler.HttpHandler - 

Request DefaultHttpRequest(decodeResult: success, version: HTTP/1.1)
POST /session/27fe8cf3-03a3-42b7-9866-070a54283d96/url HTTP/1.1
User-Agent: selenium/4.1.2 (java windows)
Content-Length: 69
Content-Type: application/json; charset=utf-8
host: localhost:52279
accept: */*

Response DefaultHttpResponse(decodeResult: success, version: HTTP/1.1)
HTTP/1.1 200 OK
content-type: application/json; charset=utf-8
cache-control: no-cache
date: Mon, 10 Apr 2023 03:11:19 GMT
content-length: 14

10:11:20.203 [AsyncHttpClient-1-14] DEBUG org.asynchttpclient.netty.channel.ChannelManager - Adding key: http://localhost:52279 for channel [id: 0x60f4ecd2, L:/127.0.0.1:55911 - R:localhost/127.0.0.1:52279]
10:11:20.204 [Forwarding setTimeout on session 27fe8cf3-03a3-42b7-9866-070a54283d96 to remote] DEBUG org.asynchttpclient.netty.request.NettyRequestSender - Using pooled Channel '[id: 0x60f4ecd2, L:/127.0.0.1:55911 - R:localhost/127.0.0.1:52279]' for 'POST' to 'http://localhost:52279/session/27fe8cf3-03a3-42b7-9866-070a54283d96/timeouts'
10:11:20.204 [Forwarding setTimeout on session 27fe8cf3-03a3-42b7-9866-070a54283d96 to remote] DEBUG org.asynchttpclient.netty.request.NettyRequestSender - Using open Channel [id: 0x60f4ecd2, L:/127.0.0.1:55911 - R:localhost/127.0.0.1:52279] for POST '/session/27fe8cf3-03a3-42b7-9866-070a54283d96/timeouts'
10:11:20.214 [AsyncHttpClient-1-14] DEBUG org.asynchttpclient.netty.handler.HttpHandler - 

Request DefaultHttpRequest(decodeResult: success, version: HTTP/1.1)
POST /session/27fe8cf3-03a3-42b7-9866-070a54283d96/timeouts HTTP/1.1
User-Agent: selenium/4.1.2 (java windows)
Content-Length: 22
Content-Type: application/json; charset=utf-8
host: localhost:52279
accept: */*

Response DefaultHttpResponse(decodeResult: success, version: HTTP/1.1)
HTTP/1.1 200 OK
content-type: application/json; charset=utf-8
cache-control: no-cache
date: Mon, 10 Apr 2023 03:11:19 GMT
content-length: 14

10:11:20.214 [AsyncHttpClient-1-14] DEBUG org.asynchttpclient.netty.channel.ChannelManager - Adding key: http://localhost:52279 for channel [id: 0x60f4ecd2, L:/127.0.0.1:55911 - R:localhost/127.0.0.1:52279]
10:11:20.217 [Forwarding getCurrentUrl on session 27fe8cf3-03a3-42b7-9866-070a54283d96 to remote] DEBUG org.asynchttpclient.netty.request.NettyRequestSender - Using pooled Channel '[id: 0x60f4ecd2, L:/127.0.0.1:55911 - R:localhost/127.0.0.1:52279]' for 'GET' to 'http://localhost:52279/session/27fe8cf3-03a3-42b7-9866-070a54283d96/url'
10:11:20.217 [Forwarding getCurrentUrl on session 27fe8cf3-03a3-42b7-9866-070a54283d96 to remote] DEBUG org.asynchttpclient.netty.request.NettyRequestSender - Using open Channel [id: 0x60f4ecd2, L:/127.0.0.1:55911 - R:localhost/127.0.0.1:52279] for GET '/session/27fe8cf3-03a3-42b7-9866-070a54283d96/url'
10:11:20.219 [AsyncHttpClient-1-14] DEBUG org.asynchttpclient.netty.handler.HttpHandler - 

Request DefaultFullHttpRequest(decodeResult: success, version: HTTP/1.1, content: EmptyByteBufBE)
GET /session/27fe8cf3-03a3-42b7-9866-070a54283d96/url HTTP/1.1
User-Agent: selenium/4.1.2 (java windows)
Cache-Control: no-cache
Content-Type: application/json; charset=utf-8
host: localhost:52279
accept: */*

Response DefaultHttpResponse(decodeResult: success, version: HTTP/1.1)
HTTP/1.1 200 OK
content-type: application/json; charset=utf-8
cache-control: no-cache
date: Mon, 10 Apr 2023 03:11:19 GMT
content-length: 41

10:11:20.219 [AsyncHttpClient-1-14] DEBUG org.asynchttpclient.netty.channel.ChannelManager - Adding key: http://localhost:52279 for channel [id: 0x60f4ecd2, L:/127.0.0.1:55911 - R:localhost/127.0.0.1:52279]
  &amp#27;[32mGiven &amp#27;[0m&amp#27;[32mI am on the home page&amp#27;[0m     &amp#27;[90m# starter.stepdefinitions.BabyStep.iAmOnTheHomePage()&amp#27;[0m
10:11:20.224 [Forwarding screenshot on session 27fe8cf3-03a3-42b7-9866-070a54283d96 to remote] DEBUG org.asynchttpclient.netty.request.NettyRequestSender - Using pooled Channel '[id: 0x60f4ecd2, L:/127.0.0.1:55911 - R:localhost/127.0.0.1:52279]' for 'GET' to 'http://localhost:52279/session/27fe8cf3-03a3-42b7-9866-070a54283d96/screenshot'
10:11:20.224 [Forwarding screenshot on session 27fe8cf3-03a3-42b7-9866-070a54283d96 to remote] DEBUG org.asynchttpclient.netty.request.NettyRequestSender - Using open Channel [id: 0x60f4ecd2, L:/127.0.0.1:55911 - R:localhost/127.0.0.1:52279] for GET '/session/27fe8cf3-03a3-42b7-9866-070a54283d96/screenshot'
10:11:20.880 [AsyncHttpClient-1-14] DEBUG org.asynchttpclient.netty.handler.HttpHandler - 

Request DefaultFullHttpRequest(decodeResult: success, version: HTTP/1.1, content: EmptyByteBufBE)
GET /session/27fe8cf3-03a3-42b7-9866-070a54283d96/screenshot HTTP/1.1
User-Agent: selenium/4.1.2 (java windows)
Cache-Control: no-cache
Content-Type: application/json; charset=utf-8
host: localhost:52279
accept: */*

Response DefaultHttpResponse(decodeResult: success, version: HTTP/1.1)
HTTP/1.1 200 OK
content-type: application/json; charset=utf-8
cache-control: no-cache
date: Mon, 10 Apr 2023 03:11:20 GMT
content-length: 89080

10:11:20.881 [AsyncHttpClient-1-14] DEBUG org.asynchttpclient.netty.channel.ChannelManager - Adding key: http://localhost:52279 for channel [id: 0x60f4ecd2, L:/127.0.0.1:55911 - R:localhost/127.0.0.1:52279]
10:11:20.884 [main] DEBUG net.serenitybdd.core.photography.Darkroom - Send negative for processing for target\site\serenity\5faa4288a1e371598acb779d47fbc15c2a1c00e1128c6f86f49921f41bbf0f73.png
10:11:20.884 [Darkroom Processing Line] DEBUG net.serenitybdd.core.photography.DarkroomProcessingLine - Processing screenshot image in /var/screenshots/screenshot-12443029702164058808
10:11:20.887 [Darkroom Processing Line] DEBUG net.serenitybdd.core.photography.DarkroomProcessingLine - Saving screenshot to target\site\serenity\5faa4288a1e371598acb779d47fbc15c2a1c00e1128c6f86f49921f41bbf0f73.png
10:11:20.896 [Forwarding findElement on session 27fe8cf3-03a3-42b7-9866-070a54283d96 to remote] DEBUG org.asynchttpclient.netty.request.NettyRequestSender - Using pooled Channel '[id: 0x60f4ecd2, L:/127.0.0.1:55911 - R:localhost/127.0.0.1:52279]' for 'POST' to 'http://localhost:52279/session/27fe8cf3-03a3-42b7-9866-070a54283d96/element'
10:11:20.896 [Forwarding findElement on session 27fe8cf3-03a3-42b7-9866-070a54283d96 to remote] DEBUG org.asynchttpclient.netty.request.NettyRequestSender - Using open Channel [id: 0x60f4ecd2, L:/127.0.0.1:55911 - R:localhost/127.0.0.1:52279] for POST '/session/27fe8cf3-03a3-42b7-9866-070a54283d96/element'
10:11:20.926 [AsyncHttpClient-1-14] DEBUG org.asynchttpclient.netty.handler.HttpHandler - 

Request DefaultHttpRequest(decodeResult: success, version: HTTP/1.1)
POST /session/27fe8cf3-03a3-42b7-9866-070a54283d96/element HTTP/1.1
User-Agent: selenium/4.1.2 (java windows)
Content-Length: 81
Content-Type: application/json; charset=utf-8
host: localhost:52279
accept: */*

Response DefaultHttpResponse(decodeResult: success, version: HTTP/1.1)
HTTP/1.1 200 OK
content-type: application/json; charset=utf-8
cache-control: no-cache
date: Mon, 10 Apr 2023 03:11:20 GMT
content-length: 88

10:11:20.926 [AsyncHttpClient-1-14] DEBUG org.asynchttpclient.netty.channel.ChannelManager - Adding key: http://localhost:52279 for channel [id: 0x60f4ecd2, L:/127.0.0.1:55911 - R:localhost/127.0.0.1:52279]
10:11:20.928 [Forwarding getElementTagName on session 27fe8cf3-03a3-42b7-9866-070a54283d96 to remote] DEBUG org.asynchttpclient.netty.request.NettyRequestSender - Using pooled Channel '[id: 0x60f4ecd2, L:/127.0.0.1:55911 - R:localhost/127.0.0.1:52279]' for 'GET' to 'http://localhost:52279/session/27fe8cf3-03a3-42b7-9866-070a54283d96/element/968d0858-1ee6-4c26-8460-4b33b80168b1/name'
10:11:20.928 [Forwarding getElementTagName on session 27fe8cf3-03a3-42b7-9866-070a54283d96 to remote] DEBUG org.asynchttpclient.netty.request.NettyRequestSender - Using open Channel [id: 0x60f4ecd2, L:/127.0.0.1:55911 - R:localhost/127.0.0.1:52279] for GET '/session/27fe8cf3-03a3-42b7-9866-070a54283d96/element/968d0858-1ee6-4c26-8460-4b33b80168b1/name'
10:11:21.417 [AsyncHttpClient-1-14] DEBUG org.asynchttpclient.netty.handler.HttpHandler - 

Request DefaultFullHttpRequest(decodeResult: success, version: HTTP/1.1, content: EmptyByteBufBE)
GET /session/27fe8cf3-03a3-42b7-9866-070a54283d96/element/968d0858-1ee6-4c26-8460-4b33b80168b1/name HTTP/1.1
User-Agent: selenium/4.1.2 (java windows)
Cache-Control: no-cache
Content-Type: application/json; charset=utf-8
host: localhost:52279
accept: */*

Response DefaultHttpResponse(decodeResult: success, version: HTTP/1.1)
HTTP/1.1 200 OK
content-type: application/json; charset=utf-8
cache-control: no-cache
date: Mon, 10 Apr 2023 03:11:20 GMT
content-length: 16

10:11:21.417 [AsyncHttpClient-1-14] DEBUG org.asynchttpclient.netty.channel.ChannelManager - Adding key: http://localhost:52279 for channel [id: 0x60f4ecd2, L:/127.0.0.1:55911 - R:localhost/127.0.0.1:52279]
10:11:21.420 [Forwarding getElementTagName on session 27fe8cf3-03a3-42b7-9866-070a54283d96 to remote] DEBUG org.asynchttpclient.netty.request.NettyRequestSender - Using pooled Channel '[id: 0x60f4ecd2, L:/127.0.0.1:55911 - R:localhost/127.0.0.1:52279]' for 'GET' to 'http://localhost:52279/session/27fe8cf3-03a3-42b7-9866-070a54283d96/element/968d0858-1ee6-4c26-8460-4b33b80168b1/name'
10:11:21.420 [Forwarding getElementTagName on session 27fe8cf3-03a3-42b7-9866-070a54283d96 to remote] DEBUG org.asynchttpclient.netty.request.NettyRequestSender - Using open Channel [id: 0x60f4ecd2, L:/127.0.0.1:55911 - R:localhost/127.0.0.1:52279] for GET '/session/27fe8cf3-03a3-42b7-9866-070a54283d96/element/968d0858-1ee6-4c26-8460-4b33b80168b1/name'
10:11:21.531 [AsyncHttpClient-1-14] DEBUG org.asynchttpclient.netty.handler.HttpHandler - 

Request DefaultFullHttpRequest(decodeResult: success, version: HTTP/1.1, content: EmptyByteBufBE)
GET /session/27fe8cf3-03a3-42b7-9866-070a54283d96/element/968d0858-1ee6-4c26-8460-4b33b80168b1/name HTTP/1.1
User-Agent: selenium/4.1.2 (java windows)
Cache-Control: no-cache
Content-Type: application/json; charset=utf-8
host: localhost:52279
accept: */*

Response DefaultHttpResponse(decodeResult: success, version: HTTP/1.1)
HTTP/1.1 200 OK
content-type: application/json; charset=utf-8
cache-control: no-cache
date: Mon, 10 Apr 2023 03:11:21 GMT
content-length: 16

10:11:21.531 [AsyncHttpClient-1-14] DEBUG org.asynchttpclient.netty.channel.ChannelManager - Adding key: http://localhost:52279 for channel [id: 0x60f4ecd2, L:/127.0.0.1:55911 - R:localhost/127.0.0.1:52279]
10:11:21.534 [Forwarding findElement on session 27fe8cf3-03a3-42b7-9866-070a54283d96 to remote] DEBUG org.asynchttpclient.netty.request.NettyRequestSender - Using pooled Channel '[id: 0x60f4ecd2, L:/127.0.0.1:55911 - R:localhost/127.0.0.1:52279]' for 'POST' to 'http://localhost:52279/session/27fe8cf3-03a3-42b7-9866-070a54283d96/element'
10:11:21.534 [Forwarding findElement on session 27fe8cf3-03a3-42b7-9866-070a54283d96 to remote] DEBUG org.asynchttpclient.netty.request.NettyRequestSender - Using open Channel [id: 0x60f4ecd2, L:/127.0.0.1:55911 - R:localhost/127.0.0.1:52279] for POST '/session/27fe8cf3-03a3-42b7-9866-070a54283d96/element'
10:11:21.654 [AsyncHttpClient-1-14] DEBUG org.asynchttpclient.netty.handler.HttpHandler - 

Request DefaultHttpRequest(decodeResult: success, version: HTTP/1.1)
POST /session/27fe8cf3-03a3-42b7-9866-070a54283d96/element HTTP/1.1
User-Agent: selenium/4.1.2 (java windows)
Content-Length: 81
Content-Type: application/json; charset=utf-8
host: localhost:52279
accept: */*

Response DefaultHttpResponse(decodeResult: success, version: HTTP/1.1)
HTTP/1.1 200 OK
content-type: application/json; charset=utf-8
cache-control: no-cache
date: Mon, 10 Apr 2023 03:11:21 GMT
content-length: 88

10:11:21.654 [AsyncHttpClient-1-14] DEBUG org.asynchttpclient.netty.channel.ChannelManager - Adding key: http://localhost:52279 for channel [id: 0x60f4ecd2, L:/127.0.0.1:55911 - R:localhost/127.0.0.1:52279]
10:11:21.656 [Forwarding clickElement on session 27fe8cf3-03a3-42b7-9866-070a54283d96 to remote] DEBUG org.asynchttpclient.netty.request.NettyRequestSender - Using pooled Channel '[id: 0x60f4ecd2, L:/127.0.0.1:55911 - R:localhost/127.0.0.1:52279]' for 'POST' to 'http://localhost:52279/session/27fe8cf3-03a3-42b7-9866-070a54283d96/element/968d0858-1ee6-4c26-8460-4b33b80168b1/click'
10:11:21.656 [Forwarding clickElement on session 27fe8cf3-03a3-42b7-9866-070a54283d96 to remote] DEBUG org.asynchttpclient.netty.request.NettyRequestSender - Using open Channel [id: 0x60f4ecd2, L:/127.0.0.1:55911 - R:localhost/127.0.0.1:52279] for POST '/session/27fe8cf3-03a3-42b7-9866-070a54283d96/element/968d0858-1ee6-4c26-8460-4b33b80168b1/click'
10:11:22.369 [AsyncHttpClient-1-14] DEBUG org.asynchttpclient.netty.handler.HttpHandler - 

Request DefaultHttpRequest(decodeResult: success, version: HTTP/1.1)
POST /session/27fe8cf3-03a3-42b7-9866-070a54283d96/element/968d0858-1ee6-4c26-8460-4b33b80168b1/click HTTP/1.1
User-Agent: selenium/4.1.2 (java windows)
Content-Length: 50
Content-Type: application/json; charset=utf-8
host: localhost:52279
accept: */*

Response DefaultHttpResponse(decodeResult: success, version: HTTP/1.1)
HTTP/1.1 200 OK
content-type: application/json; charset=utf-8
cache-control: no-cache
date: Mon, 10 Apr 2023 03:11:21 GMT
content-length: 14

10:11:22.370 [AsyncHttpClient-1-14] DEBUG org.asynchttpclient.netty.channel.ChannelManager - Adding key: http://localhost:52279 for channel [id: 0x60f4ecd2, L:/127.0.0.1:55911 - R:localhost/127.0.0.1:52279]
  &amp#27;[32mThen &amp#27;[0m&amp#27;[32mI click baby on the header&amp#27;[0m &amp#27;[90m# starter.stepdefinitions.BabyStep.iClickBabyOnTheHeader()&amp#27;[0m
10:11:22.376 [Forwarding screenshot on session 27fe8cf3-03a3-42b7-9866-070a54283d96 to remote] DEBUG org.asynchttpclient.netty.request.NettyRequestSender - Using pooled Channel '[id: 0x60f4ecd2, L:/127.0.0.1:55911 - R:localhost/127.0.0.1:52279]' for 'GET' to 'http://localhost:52279/session/27fe8cf3-03a3-42b7-9866-070a54283d96/screenshot'
10:11:22.376 [Forwarding screenshot on session 27fe8cf3-03a3-42b7-9866-070a54283d96 to remote] DEBUG org.asynchttpclient.netty.request.NettyRequestSender - Using open Channel [id: 0x60f4ecd2, L:/127.0.0.1:55911 - R:localhost/127.0.0.1:52279] for GET '/session/27fe8cf3-03a3-42b7-9866-070a54283d96/screenshot'
10:11:22.539 [AsyncHttpClient-1-14] DEBUG org.asynchttpclient.netty.handler.HttpHandler - 

Request DefaultFullHttpRequest(decodeResult: success, version: HTTP/1.1, content: EmptyByteBufBE)
GET /session/27fe8cf3-03a3-42b7-9866-070a54283d96/screenshot HTTP/1.1
User-Agent: selenium/4.1.2 (java windows)
Cache-Control: no-cache
Content-Type: application/json; charset=utf-8
host: localhost:52279
accept: */*

Response DefaultHttpResponse(decodeResult: success, version: HTTP/1.1)
HTTP/1.1 200 OK
content-type: application/json; charset=utf-8
cache-control: no-cache
date: Mon, 10 Apr 2023 03:11:21 GMT
content-length: 93936

10:11:22.540 [AsyncHttpClient-1-14] DEBUG org.asynchttpclient.netty.channel.ChannelManager - Adding key: http://localhost:52279 for channel [id: 0x60f4ecd2, L:/127.0.0.1:55911 - R:localhost/127.0.0.1:52279]
10:11:22.543 [main] DEBUG net.serenitybdd.core.photography.Darkroom - Send negative for processing for target\site\serenity\0b794c821b4ea7d3ad4e4710e635ca4023ce7149eb07d4a84622143c97135511.png
10:11:22.544 [Darkroom Processing Line] DEBUG net.serenitybdd.core.photography.DarkroomProcessingLine - Processing screenshot image in /var/screenshots/screenshot-6018669589496743139
10:11:22.544 [Darkroom Processing Line] DEBUG net.serenitybdd.core.photography.DarkroomProcessingLine - Saving screenshot to target\site\serenity\0b794c821b4ea7d3ad4e4710e635ca4023ce7149eb07d4a84622143c97135511.png
10:11:22.554 [Forwarding findElement on session 27fe8cf3-03a3-42b7-9866-070a54283d96 to remote] DEBUG org.asynchttpclient.netty.request.NettyRequestSender - Using pooled Channel '[id: 0x60f4ecd2, L:/127.0.0.1:55911 - R:localhost/127.0.0.1:52279]' for 'POST' to 'http://localhost:52279/session/27fe8cf3-03a3-42b7-9866-070a54283d96/element'
10:11:22.554 [Forwarding findElement on session 27fe8cf3-03a3-42b7-9866-070a54283d96 to remote] DEBUG org.asynchttpclient.netty.request.NettyRequestSender - Using open Channel [id: 0x60f4ecd2, L:/127.0.0.1:55911 - R:localhost/127.0.0.1:52279] for POST '/session/27fe8cf3-03a3-42b7-9866-070a54283d96/element'
10:11:22.780 [AsyncHttpClient-1-14] DEBUG org.asynchttpclient.netty.handler.HttpHandler - 

Request DefaultHttpRequest(decodeResult: success, version: HTTP/1.1)
POST /session/27fe8cf3-03a3-42b7-9866-070a54283d96/element HTTP/1.1
User-Agent: selenium/4.1.2 (java windows)
Content-Length: 106
Content-Type: application/json; charset=utf-8
host: localhost:52279
accept: */*

Response DefaultHttpResponse(decodeResult: success, version: HTTP/1.1)
HTTP/1.1 200 OK
content-type: application/json; charset=utf-8
cache-control: no-cache
date: Mon, 10 Apr 2023 03:11:22 GMT
content-length: 88

10:11:22.781 [AsyncHttpClient-1-14] DEBUG org.asynchttpclient.netty.channel.ChannelManager - Adding key: http://localhost:52279 for channel [id: 0x60f4ecd2, L:/127.0.0.1:55911 - R:localhost/127.0.0.1:52279]
10:11:22.783 [Forwarding getElementTagName on session 27fe8cf3-03a3-42b7-9866-070a54283d96 to remote] DEBUG org.asynchttpclient.netty.request.NettyRequestSender - Using pooled Channel '[id: 0x60f4ecd2, L:/127.0.0.1:55911 - R:localhost/127.0.0.1:52279]' for 'GET' to 'http://localhost:52279/session/27fe8cf3-03a3-42b7-9866-070a54283d96/element/d04eff8d-a9b1-4e90-ae6a-8d1118c19716/name'
10:11:22.783 [Forwarding getElementTagName on session 27fe8cf3-03a3-42b7-9866-070a54283d96 to remote] DEBUG org.asynchttpclient.netty.request.NettyRequestSender - Using open Channel [id: 0x60f4ecd2, L:/127.0.0.1:55911 - R:localhost/127.0.0.1:52279] for GET '/session/27fe8cf3-03a3-42b7-9866-070a54283d96/element/d04eff8d-a9b1-4e90-ae6a-8d1118c19716/name'
10:11:22.802 [AsyncHttpClient-1-14] DEBUG org.asynchttpclient.netty.handler.HttpHandler - 

Request DefaultFullHttpRequest(decodeResult: success, version: HTTP/1.1, content: EmptyByteBufBE)
GET /session/27fe8cf3-03a3-42b7-9866-070a54283d96/element/d04eff8d-a9b1-4e90-ae6a-8d1118c19716/name HTTP/1.1
User-Agent: selenium/4.1.2 (java windows)
Cache-Control: no-cache
Content-Type: application/json; charset=utf-8
host: localhost:52279
accept: */*

Response DefaultHttpResponse(decodeResult: success, version: HTTP/1.1)
HTTP/1.1 200 OK
content-type: application/json; charset=utf-8
cache-control: no-cache
date: Mon, 10 Apr 2023 03:11:22 GMT
content-length: 16

10:11:22.803 [AsyncHttpClient-1-14] DEBUG org.asynchttpclient.netty.channel.ChannelManager - Adding key: http://localhost:52279 for channel [id: 0x60f4ecd2, L:/127.0.0.1:55911 - R:localhost/127.0.0.1:52279]
10:11:22.804 [Forwarding getElementTagName on session 27fe8cf3-03a3-42b7-9866-070a54283d96 to remote] DEBUG org.asynchttpclient.netty.request.NettyRequestSender - Using pooled Channel '[id: 0x60f4ecd2, L:/127.0.0.1:55911 - R:localhost/127.0.0.1:52279]' for 'GET' to 'http://localhost:52279/session/27fe8cf3-03a3-42b7-9866-070a54283d96/element/d04eff8d-a9b1-4e90-ae6a-8d1118c19716/name'
10:11:22.804 [Forwarding getElementTagName on session 27fe8cf3-03a3-42b7-9866-070a54283d96 to remote] DEBUG org.asynchttpclient.netty.request.NettyRequestSender - Using open Channel [id: 0x60f4ecd2, L:/127.0.0.1:55911 - R:localhost/127.0.0.1:52279] for GET '/session/27fe8cf3-03a3-42b7-9866-070a54283d96/element/d04eff8d-a9b1-4e90-ae6a-8d1118c19716/name'
10:11:22.934 [AsyncHttpClient-1-14] DEBUG org.asynchttpclient.netty.handler.HttpHandler - 

Request DefaultFullHttpRequest(decodeResult: success, version: HTTP/1.1, content: EmptyByteBufBE)
GET /session/27fe8cf3-03a3-42b7-9866-070a54283d96/element/d04eff8d-a9b1-4e90-ae6a-8d1118c19716/name HTTP/1.1
User-Agent: selenium/4.1.2 (java windows)
Cache-Control: no-cache
Content-Type: application/json; charset=utf-8
host: localhost:52279
accept: */*

Response DefaultHttpResponse(decodeResult: success, version: HTTP/1.1)
HTTP/1.1 200 OK
content-type: application/json; charset=utf-8
cache-control: no-cache
date: Mon, 10 Apr 2023 03:11:22 GMT
content-length: 16

10:11:22.934 [AsyncHttpClient-1-14] DEBUG org.asynchttpclient.netty.channel.ChannelManager - Adding key: http://localhost:52279 for channel [id: 0x60f4ecd2, L:/127.0.0.1:55911 - R:localhost/127.0.0.1:52279]
10:11:22.936 [Forwarding findElement on session 27fe8cf3-03a3-42b7-9866-070a54283d96 to remote] DEBUG org.asynchttpclient.netty.request.NettyRequestSender - Using pooled Channel '[id: 0x60f4ecd2, L:/127.0.0.1:55911 - R:localhost/127.0.0.1:52279]' for 'POST' to 'http://localhost:52279/session/27fe8cf3-03a3-42b7-9866-070a54283d96/element'
10:11:22.937 [Forwarding findElement on session 27fe8cf3-03a3-42b7-9866-070a54283d96 to remote] DEBUG org.asynchttpclient.netty.request.NettyRequestSender - Using open Channel [id: 0x60f4ecd2, L:/127.0.0.1:55911 - R:localhost/127.0.0.1:52279] for POST '/session/27fe8cf3-03a3-42b7-9866-070a54283d96/element'
10:11:22.966 [AsyncHttpClient-1-14] DEBUG org.asynchttpclient.netty.handler.HttpHandler - 

Request DefaultHttpRequest(decodeResult: success, version: HTTP/1.1)
POST /session/27fe8cf3-03a3-42b7-9866-070a54283d96/element HTTP/1.1
User-Agent: selenium/4.1.2 (java windows)
Content-Length: 106
Content-Type: application/json; charset=utf-8
host: localhost:52279
accept: */*

Response DefaultHttpResponse(decodeResult: success, version: HTTP/1.1)
HTTP/1.1 200 OK
content-type: application/json; charset=utf-8
cache-control: no-cache
date: Mon, 10 Apr 2023 03:11:22 GMT
content-length: 88

10:11:22.967 [AsyncHttpClient-1-14] DEBUG org.asynchttpclient.netty.channel.ChannelManager - Adding key: http://localhost:52279 for channel [id: 0x60f4ecd2, L:/127.0.0.1:55911 - R:localhost/127.0.0.1:52279]
10:11:22.968 [Forwarding clickElement on session 27fe8cf3-03a3-42b7-9866-070a54283d96 to remote] DEBUG org.asynchttpclient.netty.request.NettyRequestSender - Using pooled Channel '[id: 0x60f4ecd2, L:/127.0.0.1:55911 - R:localhost/127.0.0.1:52279]' for 'POST' to 'http://localhost:52279/session/27fe8cf3-03a3-42b7-9866-070a54283d96/element/d04eff8d-a9b1-4e90-ae6a-8d1118c19716/click'
10:11:22.968 [Forwarding clickElement on session 27fe8cf3-03a3-42b7-9866-070a54283d96 to remote] DEBUG org.asynchttpclient.netty.request.NettyRequestSender - Using open Channel [id: 0x60f4ecd2, L:/127.0.0.1:55911 - R:localhost/127.0.0.1:52279] for POST '/session/27fe8cf3-03a3-42b7-9866-070a54283d96/element/d04eff8d-a9b1-4e90-ae6a-8d1118c19716/click'
10:11:23.476 [AsyncHttpClient-1-14] DEBUG org.asynchttpclient.netty.handler.HttpHandler - 

Request DefaultHttpRequest(decodeResult: success, version: HTTP/1.1)
POST /session/27fe8cf3-03a3-42b7-9866-070a54283d96/element/d04eff8d-a9b1-4e90-ae6a-8d1118c19716/click HTTP/1.1
User-Agent: selenium/4.1.2 (java windows)
Content-Length: 50
Content-Type: application/json; charset=utf-8
host: localhost:52279
accept: */*

Response DefaultHttpResponse(decodeResult: success, version: HTTP/1.1)
HTTP/1.1 200 OK
content-type: application/json; charset=utf-8
cache-control: no-cache
date: Mon, 10 Apr 2023 03:11:22 GMT
content-length: 14

10:11:23.476 [AsyncHttpClient-1-14] DEBUG org.asynchttpclient.netty.channel.ChannelManager - Adding key: http://localhost:52279 for channel [id: 0x60f4ecd2, L:/127.0.0.1:55911 - R:localhost/127.0.0.1:52279]
  &amp#27;[32mWhen &amp#27;[0m&amp#27;[32mI will go to &amp#27;[0m&amp#27;[32m&amp#27;[1m"heattech"&amp#27;[0m    &amp#27;[90m# starter.stepdefinitions.BabyStep.iWillGoTo(java.lang.String)&amp#27;[0m
10:11:23.483 [Forwarding screenshot on session 27fe8cf3-03a3-42b7-9866-070a54283d96 to remote] DEBUG org.asynchttpclient.netty.request.NettyRequestSender - Using pooled Channel '[id: 0x60f4ecd2, L:/127.0.0.1:55911 - R:localhost/127.0.0.1:52279]' for 'GET' to 'http://localhost:52279/session/27fe8cf3-03a3-42b7-9866-070a54283d96/screenshot'
10:11:23.484 [Forwarding screenshot on session 27fe8cf3-03a3-42b7-9866-070a54283d96 to remote] DEBUG org.asynchttpclient.netty.request.NettyRequestSender - Using open Channel [id: 0x60f4ecd2, L:/127.0.0.1:55911 - R:localhost/127.0.0.1:52279] for GET '/session/27fe8cf3-03a3-42b7-9866-070a54283d96/screenshot'
10:11:23.704 [AsyncHttpClient-1-14] DEBUG org.asynchttpclient.netty.handler.HttpHandler - 

Request DefaultFullHttpRequest(decodeResult: success, version: HTTP/1.1, content: EmptyByteBufBE)
GET /session/27fe8cf3-03a3-42b7-9866-070a54283d96/screenshot HTTP/1.1
User-Agent: selenium/4.1.2 (java windows)
Cache-Control: no-cache
Content-Type: application/json; charset=utf-8
host: localhost:52279
accept: */*

Response DefaultHttpResponse(decodeResult: success, version: HTTP/1.1)
HTTP/1.1 200 OK
content-type: application/json; charset=utf-8
cache-control: no-cache
date: Mon, 10 Apr 2023 03:11:22 GMT
content-length: 80220

10:11:23.704 [AsyncHttpClient-1-14] DEBUG org.asynchttpclient.netty.channel.ChannelManager - Adding key: http://localhost:52279 for channel [id: 0x60f4ecd2, L:/127.0.0.1:55911 - R:localhost/127.0.0.1:52279]
10:11:23.707 [main] DEBUG net.serenitybdd.core.photography.Darkroom - Send negative for processing for target\site\serenity\0f216e67a134807a9a40d66f27e95bc9bcce81293cfcc4d3251d08bac3a18bca.png
10:11:23.707 [Darkroom Processing Line] DEBUG net.serenitybdd.core.photography.DarkroomProcessingLine - Processing screenshot image in /var/screenshots/screenshot-990716726787578530
10:11:23.707 [Darkroom Processing Line] DEBUG net.serenitybdd.core.photography.DarkroomProcessingLine - Saving screenshot to target\site\serenity\0f216e67a134807a9a40d66f27e95bc9bcce81293cfcc4d3251d08bac3a18bca.png
10:11:23.716 [Forwarding findElement on session 27fe8cf3-03a3-42b7-9866-070a54283d96 to remote] DEBUG org.asynchttpclient.netty.request.NettyRequestSender - Using pooled Channel '[id: 0x60f4ecd2, L:/127.0.0.1:55911 - R:localhost/127.0.0.1:52279]' for 'POST' to 'http://localhost:52279/session/27fe8cf3-03a3-42b7-9866-070a54283d96/element'
10:11:23.717 [Forwarding findElement on session 27fe8cf3-03a3-42b7-9866-070a54283d96 to remote] DEBUG org.asynchttpclient.netty.request.NettyRequestSender - Using open Channel [id: 0x60f4ecd2, L:/127.0.0.1:55911 - R:localhost/127.0.0.1:52279] for POST '/session/27fe8cf3-03a3-42b7-9866-070a54283d96/element'
10:11:23.768 [AsyncHttpClient-1-14] DEBUG org.asynchttpclient.netty.handler.HttpHandler - 

Request DefaultHttpRequest(decodeResult: success, version: HTTP/1.1)
POST /session/27fe8cf3-03a3-42b7-9866-070a54283d96/element HTTP/1.1
User-Agent: selenium/4.1.2 (java windows)
Content-Length: 91
Content-Type: application/json; charset=utf-8
host: localhost:52279
accept: */*

Response DefaultHttpResponse(decodeResult: success, version: HTTP/1.1)
HTTP/1.1 200 OK
content-type: application/json; charset=utf-8
cache-control: no-cache
date: Mon, 10 Apr 2023 03:11:23 GMT
content-length: 88

10:11:23.769 [AsyncHttpClient-1-14] DEBUG org.asynchttpclient.netty.channel.ChannelManager - Adding key: http://localhost:52279 for channel [id: 0x60f4ecd2, L:/127.0.0.1:55911 - R:localhost/127.0.0.1:52279]
10:11:23.771 [Forwarding isElementDisplayed on session 27fe8cf3-03a3-42b7-9866-070a54283d96 to remote] DEBUG org.asynchttpclient.netty.request.NettyRequestSender - Using pooled Channel '[id: 0x60f4ecd2, L:/127.0.0.1:55911 - R:localhost/127.0.0.1:52279]' for 'POST' to 'http://localhost:52279/session/27fe8cf3-03a3-42b7-9866-070a54283d96/execute/sync'
10:11:23.772 [Forwarding isElementDisplayed on session 27fe8cf3-03a3-42b7-9866-070a54283d96 to remote] DEBUG org.asynchttpclient.netty.request.NettyRequestSender - Using open Channel [id: 0x60f4ecd2, L:/127.0.0.1:55911 - R:localhost/127.0.0.1:52279] for POST '/session/27fe8cf3-03a3-42b7-9866-070a54283d96/execute/sync'
10:11:23.790 [AsyncHttpClient-1-14] DEBUG org.asynchttpclient.netty.handler.HttpHandler - 

Request DefaultHttpRequest(decodeResult: success, version: HTTP/1.1)
POST /session/27fe8cf3-03a3-42b7-9866-070a54283d96/execute/sync HTTP/1.1
User-Agent: selenium/4.1.2 (java windows)
Content-Length: 48780
Content-Type: application/json; charset=utf-8
host: localhost:52279
accept: */*

Response DefaultHttpResponse(decodeResult: success, version: HTTP/1.1)
HTTP/1.1 200 OK
content-type: application/json; charset=utf-8
cache-control: no-cache
date: Mon, 10 Apr 2023 03:11:23 GMT
content-length: 14

10:11:23.791 [AsyncHttpClient-1-14] DEBUG org.asynchttpclient.netty.channel.ChannelManager - Adding key: http://localhost:52279 for channel [id: 0x60f4ecd2, L:/127.0.0.1:55911 - R:localhost/127.0.0.1:52279]
  &amp#27;[32mAnd &amp#27;[0m&amp#27;[32mI &amp#27;[0m&amp#27;[32m&amp#27;[1m"txtHeattech"&amp#27;[0m&amp#27;[32m page&amp#27;[0m        &amp#27;[90m# starter.stepdefinitions.BabyStep.iPage(java.lang.String)&amp#27;[0m
10:11:23.795 [Forwarding screenshot on session 27fe8cf3-03a3-42b7-9866-070a54283d96 to remote] DEBUG org.asynchttpclient.netty.request.NettyRequestSender - Using pooled Channel '[id: 0x60f4ecd2, L:/127.0.0.1:55911 - R:localhost/127.0.0.1:52279]' for 'GET' to 'http://localhost:52279/session/27fe8cf3-03a3-42b7-9866-070a54283d96/screenshot'
10:11:23.795 [Forwarding screenshot on session 27fe8cf3-03a3-42b7-9866-070a54283d96 to remote] DEBUG org.asynchttpclient.netty.request.NettyRequestSender - Using open Channel [id: 0x60f4ecd2, L:/127.0.0.1:55911 - R:localhost/127.0.0.1:52279] for GET '/session/27fe8cf3-03a3-42b7-9866-070a54283d96/screenshot'
10:11:23.828 [AsyncHttpClient-1-14] DEBUG org.asynchttpclient.netty.handler.HttpHandler - 

Request DefaultFullHttpRequest(decodeResult: success, version: HTTP/1.1, content: EmptyByteBufBE)
GET /session/27fe8cf3-03a3-42b7-9866-070a54283d96/screenshot HTTP/1.1
User-Agent: selenium/4.1.2 (java windows)
Cache-Control: no-cache
Content-Type: application/json; charset=utf-8
host: localhost:52279
accept: */*

Response DefaultHttpResponse(decodeResult: success, version: HTTP/1.1)
HTTP/1.1 200 OK
content-type: application/json; charset=utf-8
cache-control: no-cache
date: Mon, 10 Apr 2023 03:11:23 GMT
content-length: 79368

10:11:23.828 [AsyncHttpClient-1-14] DEBUG org.asynchttpclient.netty.channel.ChannelManager - Adding key: http://localhost:52279 for channel [id: 0x60f4ecd2, L:/127.0.0.1:55911 - R:localhost/127.0.0.1:52279]
10:11:23.832 [main] DEBUG net.serenitybdd.core.photography.Darkroom - Send negative for processing for target\site\serenity\adab308b8a03d8af803698806df0ffb50ce576f21015dffda4914960a29eaaf8.png
10:11:23.832 [Darkroom Processing Line] DEBUG net.serenitybdd.core.photography.DarkroomProcessingLine - Processing screenshot image in /var/screenshots/screenshot-14295062384667398595
10:11:23.832 [Darkroom Processing Line] DEBUG net.serenitybdd.core.photography.DarkroomProcessingLine - Saving screenshot to target\site\serenity\adab308b8a03d8af803698806df0ffb50ce576f21015dffda4914960a29eaaf8.png
10:11:23.840 [Driver Command Executor] DEBUG org.asynchttpclient.netty.request.NettyRequestSender - Using pooled Channel '[id: 0x60f4ecd2, L:/127.0.0.1:55911 - R:localhost/127.0.0.1:52279]' for 'DELETE' to 'http://localhost:52279/session/27fe8cf3-03a3-42b7-9866-070a54283d96'
10:11:23.840 [Driver Command Executor] DEBUG org.asynchttpclient.netty.request.NettyRequestSender - Using open Channel [id: 0x60f4ecd2, L:/127.0.0.1:55911 - R:localhost/127.0.0.1:52279] for DELETE '/session/27fe8cf3-03a3-42b7-9866-070a54283d96'
10:11:24.815 [AsyncHttpClient-1-14] DEBUG org.asynchttpclient.netty.handler.HttpHandler - 

Request DefaultFullHttpRequest(decodeResult: success, version: HTTP/1.1, content: EmptyByteBufBE)
DELETE /session/27fe8cf3-03a3-42b7-9866-070a54283d96 HTTP/1.1
User-Agent: selenium/4.1.2 (java windows)
Content-Type: application/json; charset=utf-8
host: localhost:52279
accept: */*

Response DefaultHttpResponse(decodeResult: success, version: HTTP/1.1)
HTTP/1.1 200 OK
content-type: application/json; charset=utf-8
cache-control: no-cache
date: Mon, 10 Apr 2023 03:11:23 GMT
content-length: 14

10:11:24.815 [AsyncHttpClient-1-14] DEBUG org.asynchttpclient.netty.channel.ChannelManager - Adding key: http://localhost:52279 for channel [id: 0x60f4ecd2, L:/127.0.0.1:55911 - R:localhost/127.0.0.1:52279]
10:11:24.817 [AsyncHttpClient-1-14] DEBUG org.asynchttpclient.netty.handler.HttpHandler - Unexpected I/O exception on channel [id: 0x60f4ecd2, L:/127.0.0.1:55911 - R:localhost/127.0.0.1:52279]
java.net.SocketException: Connection reset
	at java.base/sun.nio.ch.SocketChannelImpl.throwConnectionReset(SocketChannelImpl.java:345)
	at java.base/sun.nio.ch.SocketChannelImpl.read(SocketChannelImpl.java:376)
	at io.netty.buffer.PooledByteBuf.setBytes(PooledByteBuf.java:258)
	at io.netty.buffer.AbstractByteBuf.writeBytes(AbstractByteBuf.java:1132)
	at io.netty.channel.socket.nio.NioSocketChannel.doReadBytes(NioSocketChannel.java:350)
	at io.netty.channel.nio.AbstractNioByteChannel$NioByteUnsafe.read(AbstractNioByteChannel.java:151)
	at io.netty.channel.nio.NioEventLoop.processSelectedKey(NioEventLoop.java:722)
	at io.netty.channel.nio.NioEventLoop.processSelectedKeysOptimized(NioEventLoop.java:658)
	at io.netty.channel.nio.NioEventLoop.processSelectedKeys(NioEventLoop.java:584)
	at io.netty.channel.nio.NioEventLoop.run(NioEventLoop.java:496)
	at io.netty.util.concurrent.SingleThreadEventExecutor$4.run(SingleThreadEventExecutor.java:986)
	at io.netty.util.internal.ThreadExecutorMap$2.run(ThreadExecutorMap.java:74)
	at io.netty.util.concurrent.FastThreadLocalRunnable.run(FastThreadLocalRunnable.java:30)
	at java.base/java.lang.Thread.run(Thread.java:830)
10:11:24.817 [AsyncHttpClient-1-14] DEBUG org.asynchttpclient.netty.channel.ChannelManager - Closing Channel [id: 0x60f4ecd2, L:/127.0.0.1:55911 - R:localhost/127.0.0.1:52279] 
10:11:24.817 [AsyncHttpClient-1-14] DEBUG org.asynchttpclient.netty.handler.HttpHandler - Channel Closed: [id: 0x60f4ecd2, L:/127.0.0.1:55911 ! R:localhost/127.0.0.1:52279] with attribute DISCARD
]]></system-out>
    <system-err><![CDATA[1681096276325	geckodriver	INFO	Listening on 127.0.0.1:52279
1681096276804	mozrunner::runner	INFO	Running command: "C:\\Program Files\\Mozilla Firefox\\firefox.exe" "--marionette" "" "--remote-debugging-port" "65014" "--remote-allow-hosts" "localhost" "-no-remote" "-profile" "C:\\Users\\alwi\\AppData\\Local\\Temp\\rust_mozprofileVCMc8V"
console.warn: services.settings: Ignoring preference override of remote settings server
console.warn: services.settings: Allow by setting MOZ_REMOTE_SETTINGS_DEVTOOLS=1 in the environment
1681096277158	Marionette	INFO	Marionette enabled
Dynamically enable window occlusion 0
1681096277162	Marionette	INFO	Listening on port 55914
WebDriver BiDi listening on ws://127.0.0.1:65014
Read port: 55914
1681096277417	RemoteAgent	WARN	TLS certificate errors will be ignored for this session
console.warn: SearchSettings: "get: No settings file exists, new profile?" (new NotFoundError("Could not open the file at C:\\Users\\alwi\\AppData\\Local\\Temp\\rust_mozprofileVCMc8V\\search.json.mozlz4", (void 0)))
DevTools listening on ws://127.0.0.1:65014/devtools/browser/5ed6bb0d-ee8a-4ca1-8c9f-594600d8559d
Apr 10, 2023 10:11:19 AM org.openqa.selenium.remote.ProtocolHandshake createSession
INFO: Detected dialect: W3C
JavaScript warning: https://www.uniqlo.com/Mx95Yd/biG/Wo_/8-IanA/Vu7EGJtwEh/el0ZAQ/aiE/QAlg7T10, line 1: unreachable code after return statement
JavaScript warning: https://www.uniqlo.com/Mx95Yd/biG/Wo_/8-IanA/Vu7EGJtwEh/el0ZAQ/aiE/QAlg7T10, line 1: WEBGL_debug_renderer_info is deprecated in Firefox and will be removed. Please use RENDERER.
JavaScript warning: https://www.uniqlo.com/id/elgnisolqinu.js?async&seed=AIAnG2mHAQAAp6_kQ-NvC4pDCvZJooQGzCoxcLZ3CqwiSlxvcp_1EokMlmcT&x-i1ysm4mm--z=q, line 1: WEBGL_debug_renderer_info is deprecated in Firefox and will be removed. Please use RENDERER.
1681096283844	Marionette	INFO	Stopped listening on port 55914
Dynamically enable window occlusion 1
WARNING: A blocker encountered an error while we were waiting.
          Blocker:  Waiting for ping task
          Phase: TelemetryController: Waiting for pending ping activity
          State: (none)
WARNING: Error: Phase "profile-before-change" is finished, it is too late to register completion condition "OS.File: flush I/O queued before profileBeforeChange"
WARNING: addBlocker@resource://gre/modules/AsyncShutdown.sys.mjs:727:15
addBlocker@resource://gre/modules/AsyncShutdown.sys.mjs:523:26
addBlocker@resource://gre/modules/AsyncShutdown.sys.mjs:458:15
setupShutdown@resource://gre/modules/osfile/osfile_async_front.jsm:1548:28
@resource://gre/modules/osfile/osfile_async_front.jsm:1568:16
@resource://gre/modules/osfile.jsm:12:30
@resource://gre/modules/TelemetryStorage.sys.mjs:10:28
_checkPendingPings@resource://gre/modules/TelemetrySend.sys.mjs:863:17
setup@resource://gre/modules/TelemetrySend.sys.mjs:803:18
setup@resource://gre/modules/TelemetrySend.sys.mjs:241:30
setupTelemetry/this._delayedInitTask<@resource://gre/modules/TelemetryControllerParent.sys.mjs:828:36
observe@resource://gre/modules/AsyncShutdown.sys.mjs:576:16

console.error: "TelemetryScheduler.shutdown - Already shut down"
WARNING: A blocker encountered an error while we were waiting.
          Blocker:  Waiting for ping task
          Phase: TelemetryController: Waiting for pending ping activity
          State: (none)
WARNING: Error: Phase "profile-before-change" is finished, it is too late to register completion condition "OS.File: flush I/O queued before profileBeforeChange"
WARNING: addBlocker@resource://gre/modules/AsyncShutdown.sys.mjs:727:15
addBlocker@resource://gre/modules/AsyncShutdown.sys.mjs:523:26
addBlocker@resource://gre/modules/AsyncShutdown.sys.mjs:458:15
setupShutdown@resource://gre/modules/osfile/osfile_async_front.jsm:1548:28
@resource://gre/modules/osfile/osfile_async_front.jsm:1568:16
@resource://gre/modules/osfile.jsm:12:30
@resource://gre/modules/TelemetryStorage.sys.mjs:10:28
_checkPendingPings@resource://gre/modules/TelemetrySend.sys.mjs:863:17
setup@resource://gre/modules/TelemetrySend.sys.mjs:803:18
setup@resource://gre/modules/TelemetrySend.sys.mjs:241:30
setupTelemetry/this._delayedInitTask<@resource://gre/modules/TelemetryControllerParent.sys.mjs:828:36
observe@resource://gre/modules/AsyncShutdown.sys.mjs:576:16

WARNING: A blocker encountered an error while we were waiting.
          Blocker:  Waiting for ping task
          Phase: TelemetryController: Waiting for pending ping activity
          State: (none)
WARNING: Error: Phase "profile-before-change" is finished, it is too late to register completion condition "OS.File: flush I/O queued before profileBeforeChange"
WARNING: addBlocker@resource://gre/modules/AsyncShutdown.sys.mjs:727:15
addBlocker@resource://gre/modules/AsyncShutdown.sys.mjs:523:26
addBlocker@resource://gre/modules/AsyncShutdown.sys.mjs:458:15
setupShutdown@resource://gre/modules/osfile/osfile_async_front.jsm:1548:28
@resource://gre/modules/osfile/osfile_async_front.jsm:1568:16
@resource://gre/modules/osfile.jsm:12:30
@resource://gre/modules/TelemetryStorage.sys.mjs:10:28
_checkPendingPings@resource://gre/modules/TelemetrySend.sys.mjs:863:17
setup@resource://gre/modules/TelemetrySend.sys.mjs:803:18
setup@resource://gre/modules/TelemetrySend.sys.mjs:241:30
setupTelemetry/this._delayedInitTask<@resource://gre/modules/TelemetryControllerParent.sys.mjs:828:36
observe@resource://gre/modules/AsyncShutdown.sys.mjs:576:16

WARNING: A blocker encountered an error while we were waiting.
          Blocker:  TelemetryController: shutting down
          Phase: profile-before-change-telemetry
          State: Error getting state: Error: Phase "profile-before-change" is finished, it is too late to register completion condition "OS.File: flush I/O queued before profileBeforeChange" at addBlocker@resource://gre/modules/AsyncShutdown.sys.mjs:727:15
addBlocker@resource://gre/modules/AsyncShutdown.sys.mjs:523:26
addBlocker@resource://gre/modules/AsyncShutdown.sys.mjs:458:15
setupShutdown@resource://gre/modules/osfile/osfile_async_front.jsm:1548:28
@resource://gre/modules/osfile/osfile_async_front.jsm:1568:16
@resource://gre/modules/osfile.jsm:12:30
@resource://gre/modules/TelemetryStorage.sys.mjs:10:28
_checkPendingPings@resource://gre/modules/TelemetrySend.sys.mjs:863:17
setup@resource://gre/modules/TelemetrySend.sys.mjs:803:18
setup@resource://gre/modules/TelemetrySend.sys.mjs:241:30
setupTelemetry/this._delayedInitTask<@resource://gre/modules/TelemetryControllerParent.sys.mjs:828:36
observe@resource://gre/modules/AsyncShutdown.sys.mjs:576:16

WARNING: Error: Phase "profile-before-change" is finished, it is too late to register completion condition "OS.File: flush I/O queueJda vbaScerfore ipprto feirlreoBre:f orreCesourhcaen:g/e/"
WgArRe/NmIoNG:d ualdedsB/AlsoycnkcerSh@urtedsoown.suyrsc.em:j/s/,g rle/imnoed u7l2e7s:/A EsryrnocrSh:u tPdowhna.ssyes ."mpjrosf:ile7-2b7e:f1o5re
a-ddcBlhoacknerg@rees"o uricse: /f/igrnei/msohduelde,s i/Atsy ncSihsut dtowno.soy s.lmate js:t5o23 :r2e6g
iasdtdeBrl occokmeprlet@iroenso ucorncdeit:i/o/ng r"eO/Sm.oFdiullee:s /fAlsuysnhc SIh/Ou tqduown.seysued. bmejfso:r4e5 8p:ro1f5il
seeBteufpoShreCuhtadnogwen"@r
esource://gre/modJuavlaeSs/ocsrfiiplte /eorsfroir: rleeso_uasrycnec:_/f/rognrte./jmsom:du1l5es/4A8sy:2n8cS
@hurtedsoouwrnc.es:y/s/.mgjsr,e /lmionduel e7s2/7os:fi lErer/oorsf:i lePh_aassey n"cp_rforfonitle.-jbsme:fo15r6e8-:1c6han
g@er"e sios ufricnei:s/h/edg,r ei/mto disu lteoso/ olsafilet.ej tos mre:g1i2s:t3e0r c
@ormepsloeutricoen: /cond/igtrioen/ m"oOdSu.leFsi/lTeel:e mfeltusrhy SI/tOo rquaegue.esdy sb.emfjosre: 1pr0o:f2i8le
B_ecfohreecCkhPaenngdien"
JgaPvianSgcrsi@prt eesrror: resource://gre/moduloeusr/cAes:y/n/grcSeh/utmdoodwunl.seyss/.Tmejlse,m etlriynSee 727n:d .sEryrso.r:mj Psh:8a6s3e: 1"7p
rsofielteu-pb@efroerseo-ucrhce:/a/ngger"e/ miodsu lfeisn/iTsehleedm,e tirty is tooSen dl.astyes .mtjos :r8e0g3i:s1t8er
 sectoupm@prelseotuirocne://gre /cmoodnudlietsi/oTnel e"mOeSt.rFySielned:. sfylsu.msjh sI:/2O4 q1u:eu3e0d b
esfeoret uppTroeflielmeeBterfyo/rthis.e_Cdhaneglea"ye
dJIanviatSTcarsik<p@rte seorurorr:c er:e//sgourrec/em:/od/ulgerse//Temoldeumleetsr/AysCyonnctSrhoultledroPwarne.nst.yssy.sm.jmsj,s :l8i2n8e: 37276:
 oEbrsrerovre@:r ePshoasuerc e":pro/f/iglree-/bmeofodrue-lcehsa/Ansgynec"S his fuitndioswhne.ds,y si.tm jis:s5 76t:o1o 6la
te
 to register completion condition "OS.File: flush I/O queued before profileBeforeChange"
JavaScript error: resource://gre/modules/AsyncShutdown.sys.mjs, line 727: Error: Phase "profile-before-change" is finished, it is too late to register completion condition "OS.File: flush I/O queued before profileBeforeChange"
JavaScript error: resource://gre/modules/AsyncShutdown.sys.mjs, line 727: Error: Phase "profile-before-change" is finished, it is too late to register completion condition "OS.File: flush I/O queued before profileBeforeChange"
]]></system-err>
  </testcase>
  <testcase name="Fitur Menu Baby #23" classname="Baby" time="9.109">
    <system-out><![CDATA[
@baby
Scenario Outline: Fitur Menu Baby &amp#27;[90m# src/test/resources/features/Baby.feature:35&amp#27;[0m
10:11:24.878 [main] INFO io.cucumber.core.plugin.SerenityReporter - Running feature from file:///C:/Users/alwi/IdeaProjects/uniqloweb/src/test/resources/features/Baby.feature
10:11:24.895 [main] INFO net.serenitybdd.core.webdriver.driverproviders.FirefoxDriverProvider - Using automatically driver download
10:11:25.022 [main] DEBUG io.github.bonigarcia.wdm.cache.ResolutionCache - Resolution firefox=111 in cache (valid until 10:32:56 10/04/2023 WIB)
10:11:25.026 [main] DEBUG io.github.bonigarcia.wdm.cache.ResolutionCache - Resolution firefox111=0.32.2 in cache (valid until 19:30:50 10/04/2023 WIB)
10:11:25.028 [main] INFO io.github.bonigarcia.wdm.WebDriverManager - Using geckodriver 0.32.2 (resolved driver for Firefox 111)
10:11:25.044 [main] DEBUG io.github.bonigarcia.wdm.WebDriverManager - Driver geckodriver 0.32.2 found in cache
10:11:25.045 [main] INFO io.github.bonigarcia.wdm.WebDriverManager - Exporting webdriver.gecko.driver as C:\Users\alwi\.cache\selenium\geckodriver\win64\0.32.2\geckodriver.exe
10:11:25.060 [main] DEBUG net.serenitybdd.core.webdriver.driverproviders.ProvideNewDriver - Instantiating driver
10:11:25.060 [main] DEBUG net.serenitybdd.core.webdriver.driverproviders.ProvideNewDriver - Driver capabilities: Capabilities {acceptInsecureCerts: true, browserName: firefox, moz:debuggerAddress: true, moz:firefoxOptions: {args: [], profile: UEsDBBQACAgIAGxRilYAAAAAAAA...}}
10:11:25.583 [AsyncHttpClient-1-16] DEBUG org.asynchttpclient.netty.channel.NettyConnectListener - Using new Channel '[id: 0x4264e491, L:/127.0.0.1:56011 - R:localhost/127.0.0.1:59301]' for 'POST' to '/session'
10:11:25.624 [AsyncHttpClient-1-1] DEBUG org.asynchttpclient.netty.channel.DefaultChannelPool - Entry count for : http://localhost:52279 : 1
10:11:25.624 [AsyncHttpClient-1-1] DEBUG org.asynchttpclient.netty.channel.DefaultChannelPool - Adding Candidate expired Channel [id: 0x60f4ecd2, L:/127.0.0.1:55911 ! R:localhost/127.0.0.1:52279] isIdleTimeoutExpired=false isRemotelyClosed=true isTtlExpired=false
10:11:25.624 [AsyncHttpClient-1-1] DEBUG org.asynchttpclient.netty.channel.DefaultChannelPool - Closing Idle Channel [id: 0x60f4ecd2, L:/127.0.0.1:55911 ! R:localhost/127.0.0.1:52279]
10:11:25.624 [AsyncHttpClient-1-1] DEBUG org.asynchttpclient.netty.channel.DefaultChannelPool - Closed 1 connections out of 1 in 0 ms
10:11:28.046 [AsyncHttpClient-1-16] DEBUG org.asynchttpclient.netty.handler.HttpHandler - 

Request DefaultHttpRequest(decodeResult: success, version: HTTP/1.1)
POST /session HTTP/1.1
User-Agent: selenium/4.1.2 (java windows)
Content-Length: 3673
Content-Type: application/json; charset=utf-8
host: localhost:59301
accept: */*

Response DefaultHttpResponse(decodeResult: success, version: HTTP/1.1)
HTTP/1.1 200 OK
content-type: application/json; charset=utf-8
cache-control: no-cache
date: Mon, 10 Apr 2023 03:11:25 GMT
content-length: 790

10:11:28.047 [AsyncHttpClient-1-16] DEBUG org.asynchttpclient.netty.channel.ChannelManager - Adding key: http://localhost:59301 for channel [id: 0x4264e491, L:/127.0.0.1:56011 - R:localhost/127.0.0.1:59301]
10:11:28.052 [AsyncHttpClient-1-17] DEBUG org.asynchttpclient.netty.channel.NettyConnectListener - Using new Channel '[id: 0x4dd54426, L:/127.0.0.1:56031 - R:/127.0.0.1:52266]' for 'GET' to '/json/version'
10:11:28.056 [AsyncHttpClient-1-17] DEBUG org.asynchttpclient.netty.handler.HttpHandler - 

Request DefaultFullHttpRequest(decodeResult: success, version: HTTP/1.1, content: EmptyByteBufBE)
GET /json/version HTTP/1.1
User-Agent: selenium/4.1.2 (java windows)
host: 127.0.0.1:52266
accept: */*

Response DefaultHttpResponse(decodeResult: success, version: HTTP/1.1)
HTTP/1.1 200 OK
content-type: application/json
connection: close
server: httpd.js
date: Mon, 10 Apr 2023 03:11:28 GMT
content-length: 311

10:11:28.057 [AsyncHttpClient-1-17] DEBUG org.asynchttpclient.netty.channel.ChannelManager - Closing Channel [id: 0x4dd54426, L:/127.0.0.1:56031 - R:/127.0.0.1:52266] 
10:11:28.057 [AsyncHttpClient-1-17] DEBUG org.asynchttpclient.netty.handler.HttpHandler - Channel Closed: [id: 0x4dd54426, L:/127.0.0.1:56031 ! R:/127.0.0.1:52266] with attribute DISCARD
10:11:28.058 [Forwarding get on session 7c53d957-fda2-4aec-b0fc-6401b5f9297d to remote] DEBUG org.asynchttpclient.netty.request.NettyRequestSender - Using pooled Channel '[id: 0x4264e491, L:/127.0.0.1:56011 - R:localhost/127.0.0.1:59301]' for 'POST' to 'http://localhost:59301/session/7c53d957-fda2-4aec-b0fc-6401b5f9297d/url'
10:11:28.058 [Forwarding get on session 7c53d957-fda2-4aec-b0fc-6401b5f9297d to remote] DEBUG org.asynchttpclient.netty.request.NettyRequestSender - Using open Channel [id: 0x4264e491, L:/127.0.0.1:56011 - R:localhost/127.0.0.1:59301] for POST '/session/7c53d957-fda2-4aec-b0fc-6401b5f9297d/url'
10:11:29.976 [AsyncHttpClient-1-16] DEBUG org.asynchttpclient.netty.handler.HttpHandler - 

Request DefaultHttpRequest(decodeResult: success, version: HTTP/1.1)
POST /session/7c53d957-fda2-4aec-b0fc-6401b5f9297d/url HTTP/1.1
User-Agent: selenium/4.1.2 (java windows)
Content-Length: 69
Content-Type: application/json; charset=utf-8
host: localhost:59301
accept: */*

Response DefaultHttpResponse(decodeResult: success, version: HTTP/1.1)
HTTP/1.1 200 OK
content-type: application/json; charset=utf-8
cache-control: no-cache
date: Mon, 10 Apr 2023 03:11:28 GMT
content-length: 14

10:11:29.976 [AsyncHttpClient-1-16] DEBUG org.asynchttpclient.netty.channel.ChannelManager - Adding key: http://localhost:59301 for channel [id: 0x4264e491, L:/127.0.0.1:56011 - R:localhost/127.0.0.1:59301]
10:11:29.977 [Forwarding setTimeout on session 7c53d957-fda2-4aec-b0fc-6401b5f9297d to remote] DEBUG org.asynchttpclient.netty.request.NettyRequestSender - Using pooled Channel '[id: 0x4264e491, L:/127.0.0.1:56011 - R:localhost/127.0.0.1:59301]' for 'POST' to 'http://localhost:59301/session/7c53d957-fda2-4aec-b0fc-6401b5f9297d/timeouts'
10:11:29.977 [Forwarding setTimeout on session 7c53d957-fda2-4aec-b0fc-6401b5f9297d to remote] DEBUG org.asynchttpclient.netty.request.NettyRequestSender - Using open Channel [id: 0x4264e491, L:/127.0.0.1:56011 - R:localhost/127.0.0.1:59301] for POST '/session/7c53d957-fda2-4aec-b0fc-6401b5f9297d/timeouts'
10:11:29.979 [AsyncHttpClient-1-16] DEBUG org.asynchttpclient.netty.handler.HttpHandler - 

Request DefaultHttpRequest(decodeResult: success, version: HTTP/1.1)
POST /session/7c53d957-fda2-4aec-b0fc-6401b5f9297d/timeouts HTTP/1.1
User-Agent: selenium/4.1.2 (java windows)
Content-Length: 22
Content-Type: application/json; charset=utf-8
host: localhost:59301
accept: */*

Response DefaultHttpResponse(decodeResult: success, version: HTTP/1.1)
HTTP/1.1 200 OK
content-type: application/json; charset=utf-8
cache-control: no-cache
date: Mon, 10 Apr 2023 03:11:29 GMT
content-length: 14

10:11:29.979 [AsyncHttpClient-1-16] DEBUG org.asynchttpclient.netty.channel.ChannelManager - Adding key: http://localhost:59301 for channel [id: 0x4264e491, L:/127.0.0.1:56011 - R:localhost/127.0.0.1:59301]
10:11:29.981 [Forwarding getCurrentUrl on session 7c53d957-fda2-4aec-b0fc-6401b5f9297d to remote] DEBUG org.asynchttpclient.netty.request.NettyRequestSender - Using pooled Channel '[id: 0x4264e491, L:/127.0.0.1:56011 - R:localhost/127.0.0.1:59301]' for 'GET' to 'http://localhost:59301/session/7c53d957-fda2-4aec-b0fc-6401b5f9297d/url'
10:11:29.981 [Forwarding getCurrentUrl on session 7c53d957-fda2-4aec-b0fc-6401b5f9297d to remote] DEBUG org.asynchttpclient.netty.request.NettyRequestSender - Using open Channel [id: 0x4264e491, L:/127.0.0.1:56011 - R:localhost/127.0.0.1:59301] for GET '/session/7c53d957-fda2-4aec-b0fc-6401b5f9297d/url'
10:11:29.983 [AsyncHttpClient-1-16] DEBUG org.asynchttpclient.netty.handler.HttpHandler - 

Request DefaultFullHttpRequest(decodeResult: success, version: HTTP/1.1, content: EmptyByteBufBE)
GET /session/7c53d957-fda2-4aec-b0fc-6401b5f9297d/url HTTP/1.1
User-Agent: selenium/4.1.2 (java windows)
Cache-Control: no-cache
Content-Type: application/json; charset=utf-8
host: localhost:59301
accept: */*

Response DefaultHttpResponse(decodeResult: success, version: HTTP/1.1)
HTTP/1.1 200 OK
content-type: application/json; charset=utf-8
cache-control: no-cache
date: Mon, 10 Apr 2023 03:11:29 GMT
content-length: 41

10:11:29.983 [AsyncHttpClient-1-16] DEBUG org.asynchttpclient.netty.channel.ChannelManager - Adding key: http://localhost:59301 for channel [id: 0x4264e491, L:/127.0.0.1:56011 - R:localhost/127.0.0.1:59301]
  &amp#27;[32mGiven &amp#27;[0m&amp#27;[32mI am on the home page&amp#27;[0m     &amp#27;[90m# starter.stepdefinitions.BabyStep.iAmOnTheHomePage()&amp#27;[0m
10:11:29.990 [Forwarding screenshot on session 7c53d957-fda2-4aec-b0fc-6401b5f9297d to remote] DEBUG org.asynchttpclient.netty.request.NettyRequestSender - Using pooled Channel '[id: 0x4264e491, L:/127.0.0.1:56011 - R:localhost/127.0.0.1:59301]' for 'GET' to 'http://localhost:59301/session/7c53d957-fda2-4aec-b0fc-6401b5f9297d/screenshot'
10:11:29.990 [Forwarding screenshot on session 7c53d957-fda2-4aec-b0fc-6401b5f9297d to remote] DEBUG org.asynchttpclient.netty.request.NettyRequestSender - Using open Channel [id: 0x4264e491, L:/127.0.0.1:56011 - R:localhost/127.0.0.1:59301] for GET '/session/7c53d957-fda2-4aec-b0fc-6401b5f9297d/screenshot'
10:11:30.058 [AsyncHttpClient-1-16] DEBUG org.asynchttpclient.netty.handler.HttpHandler - 

Request DefaultFullHttpRequest(decodeResult: success, version: HTTP/1.1, content: EmptyByteBufBE)
GET /session/7c53d957-fda2-4aec-b0fc-6401b5f9297d/screenshot HTTP/1.1
User-Agent: selenium/4.1.2 (java windows)
Cache-Control: no-cache
Content-Type: application/json; charset=utf-8
host: localhost:59301
accept: */*

Response DefaultHttpResponse(decodeResult: success, version: HTTP/1.1)
HTTP/1.1 200 OK
content-type: application/json; charset=utf-8
cache-control: no-cache
date: Mon, 10 Apr 2023 03:11:29 GMT
content-length: 72744

10:11:30.059 [AsyncHttpClient-1-16] DEBUG org.asynchttpclient.netty.channel.ChannelManager - Adding key: http://localhost:59301 for channel [id: 0x4264e491, L:/127.0.0.1:56011 - R:localhost/127.0.0.1:59301]
10:11:30.061 [main] DEBUG net.serenitybdd.core.photography.Darkroom - Send negative for processing for target\site\serenity\c6760bc32bd1230bd69f73965a6a091f14d0339ba201a5755cc0d74f481e931b.png
10:11:30.062 [Darkroom Processing Line] DEBUG net.serenitybdd.core.photography.DarkroomProcessingLine - Processing screenshot image in /var/screenshots/screenshot-5434036830848014909
10:11:30.062 [Darkroom Processing Line] DEBUG net.serenitybdd.core.photography.DarkroomProcessingLine - Saving screenshot to target\site\serenity\c6760bc32bd1230bd69f73965a6a091f14d0339ba201a5755cc0d74f481e931b.png
10:11:30.072 [Forwarding findElement on session 7c53d957-fda2-4aec-b0fc-6401b5f9297d to remote] DEBUG org.asynchttpclient.netty.request.NettyRequestSender - Using pooled Channel '[id: 0x4264e491, L:/127.0.0.1:56011 - R:localhost/127.0.0.1:59301]' for 'POST' to 'http://localhost:59301/session/7c53d957-fda2-4aec-b0fc-6401b5f9297d/element'
10:11:30.072 [Forwarding findElement on session 7c53d957-fda2-4aec-b0fc-6401b5f9297d to remote] DEBUG org.asynchttpclient.netty.request.NettyRequestSender - Using open Channel [id: 0x4264e491, L:/127.0.0.1:56011 - R:localhost/127.0.0.1:59301] for POST '/session/7c53d957-fda2-4aec-b0fc-6401b5f9297d/element'
10:11:30.656 [AsyncHttpClient-1-16] DEBUG org.asynchttpclient.netty.handler.HttpHandler - 

Request DefaultHttpRequest(decodeResult: success, version: HTTP/1.1)
POST /session/7c53d957-fda2-4aec-b0fc-6401b5f9297d/element HTTP/1.1
User-Agent: selenium/4.1.2 (java windows)
Content-Length: 81
Content-Type: application/json; charset=utf-8
host: localhost:59301
accept: */*

Response DefaultHttpResponse(decodeResult: success, version: HTTP/1.1)
HTTP/1.1 200 OK
content-type: application/json; charset=utf-8
cache-control: no-cache
date: Mon, 10 Apr 2023 03:11:29 GMT
content-length: 88

10:11:30.656 [AsyncHttpClient-1-16] DEBUG org.asynchttpclient.netty.channel.ChannelManager - Adding key: http://localhost:59301 for channel [id: 0x4264e491, L:/127.0.0.1:56011 - R:localhost/127.0.0.1:59301]
10:11:30.658 [Forwarding getElementTagName on session 7c53d957-fda2-4aec-b0fc-6401b5f9297d to remote] DEBUG org.asynchttpclient.netty.request.NettyRequestSender - Using pooled Channel '[id: 0x4264e491, L:/127.0.0.1:56011 - R:localhost/127.0.0.1:59301]' for 'GET' to 'http://localhost:59301/session/7c53d957-fda2-4aec-b0fc-6401b5f9297d/element/08dc96da-6c5d-4ce0-a7a5-687602aa0859/name'
10:11:30.658 [Forwarding getElementTagName on session 7c53d957-fda2-4aec-b0fc-6401b5f9297d to remote] DEBUG org.asynchttpclient.netty.request.NettyRequestSender - Using open Channel [id: 0x4264e491, L:/127.0.0.1:56011 - R:localhost/127.0.0.1:59301] for GET '/session/7c53d957-fda2-4aec-b0fc-6401b5f9297d/element/08dc96da-6c5d-4ce0-a7a5-687602aa0859/name'
10:11:30.733 [AsyncHttpClient-1-16] DEBUG org.asynchttpclient.netty.handler.HttpHandler - 

Request DefaultFullHttpRequest(decodeResult: success, version: HTTP/1.1, content: EmptyByteBufBE)
GET /session/7c53d957-fda2-4aec-b0fc-6401b5f9297d/element/08dc96da-6c5d-4ce0-a7a5-687602aa0859/name HTTP/1.1
User-Agent: selenium/4.1.2 (java windows)
Cache-Control: no-cache
Content-Type: application/json; charset=utf-8
host: localhost:59301
accept: */*

Response DefaultHttpResponse(decodeResult: success, version: HTTP/1.1)
HTTP/1.1 200 OK
content-type: application/json; charset=utf-8
cache-control: no-cache
date: Mon, 10 Apr 2023 03:11:29 GMT
content-length: 16

10:11:30.733 [AsyncHttpClient-1-16] DEBUG org.asynchttpclient.netty.channel.ChannelManager - Adding key: http://localhost:59301 for channel [id: 0x4264e491, L:/127.0.0.1:56011 - R:localhost/127.0.0.1:59301]
10:11:30.735 [Forwarding getElementTagName on session 7c53d957-fda2-4aec-b0fc-6401b5f9297d to remote] DEBUG org.asynchttpclient.netty.request.NettyRequestSender - Using pooled Channel '[id: 0x4264e491, L:/127.0.0.1:56011 - R:localhost/127.0.0.1:59301]' for 'GET' to 'http://localhost:59301/session/7c53d957-fda2-4aec-b0fc-6401b5f9297d/element/08dc96da-6c5d-4ce0-a7a5-687602aa0859/name'
10:11:30.735 [Forwarding getElementTagName on session 7c53d957-fda2-4aec-b0fc-6401b5f9297d to remote] DEBUG org.asynchttpclient.netty.request.NettyRequestSender - Using open Channel [id: 0x4264e491, L:/127.0.0.1:56011 - R:localhost/127.0.0.1:59301] for GET '/session/7c53d957-fda2-4aec-b0fc-6401b5f9297d/element/08dc96da-6c5d-4ce0-a7a5-687602aa0859/name'
10:11:30.786 [AsyncHttpClient-1-16] DEBUG org.asynchttpclient.netty.handler.HttpHandler - 

Request DefaultFullHttpRequest(decodeResult: success, version: HTTP/1.1, content: EmptyByteBufBE)
GET /session/7c53d957-fda2-4aec-b0fc-6401b5f9297d/element/08dc96da-6c5d-4ce0-a7a5-687602aa0859/name HTTP/1.1
User-Agent: selenium/4.1.2 (java windows)
Cache-Control: no-cache
Content-Type: application/json; charset=utf-8
host: localhost:59301
accept: */*

Response DefaultHttpResponse(decodeResult: success, version: HTTP/1.1)
HTTP/1.1 200 OK
content-type: application/json; charset=utf-8
cache-control: no-cache
date: Mon, 10 Apr 2023 03:11:29 GMT
content-length: 16

10:11:30.786 [AsyncHttpClient-1-16] DEBUG org.asynchttpclient.netty.channel.ChannelManager - Adding key: http://localhost:59301 for channel [id: 0x4264e491, L:/127.0.0.1:56011 - R:localhost/127.0.0.1:59301]
10:11:30.791 [Forwarding findElement on session 7c53d957-fda2-4aec-b0fc-6401b5f9297d to remote] DEBUG org.asynchttpclient.netty.request.NettyRequestSender - Using pooled Channel '[id: 0x4264e491, L:/127.0.0.1:56011 - R:localhost/127.0.0.1:59301]' for 'POST' to 'http://localhost:59301/session/7c53d957-fda2-4aec-b0fc-6401b5f9297d/element'
10:11:30.791 [Forwarding findElement on session 7c53d957-fda2-4aec-b0fc-6401b5f9297d to remote] DEBUG org.asynchttpclient.netty.request.NettyRequestSender - Using open Channel [id: 0x4264e491, L:/127.0.0.1:56011 - R:localhost/127.0.0.1:59301] for POST '/session/7c53d957-fda2-4aec-b0fc-6401b5f9297d/element'
10:11:30.879 [AsyncHttpClient-1-16] DEBUG org.asynchttpclient.netty.handler.HttpHandler - 

Request DefaultHttpRequest(decodeResult: success, version: HTTP/1.1)
POST /session/7c53d957-fda2-4aec-b0fc-6401b5f9297d/element HTTP/1.1
User-Agent: selenium/4.1.2 (java windows)
Content-Length: 81
Content-Type: application/json; charset=utf-8
host: localhost:59301
accept: */*

Response DefaultHttpResponse(decodeResult: success, version: HTTP/1.1)
HTTP/1.1 200 OK
content-type: application/json; charset=utf-8
cache-control: no-cache
date: Mon, 10 Apr 2023 03:11:29 GMT
content-length: 88

10:11:30.879 [AsyncHttpClient-1-16] DEBUG org.asynchttpclient.netty.channel.ChannelManager - Adding key: http://localhost:59301 for channel [id: 0x4264e491, L:/127.0.0.1:56011 - R:localhost/127.0.0.1:59301]
10:11:30.881 [Forwarding clickElement on session 7c53d957-fda2-4aec-b0fc-6401b5f9297d to remote] DEBUG org.asynchttpclient.netty.request.NettyRequestSender - Using pooled Channel '[id: 0x4264e491, L:/127.0.0.1:56011 - R:localhost/127.0.0.1:59301]' for 'POST' to 'http://localhost:59301/session/7c53d957-fda2-4aec-b0fc-6401b5f9297d/element/08dc96da-6c5d-4ce0-a7a5-687602aa0859/click'
10:11:30.881 [Forwarding clickElement on session 7c53d957-fda2-4aec-b0fc-6401b5f9297d to remote] DEBUG org.asynchttpclient.netty.request.NettyRequestSender - Using open Channel [id: 0x4264e491, L:/127.0.0.1:56011 - R:localhost/127.0.0.1:59301] for POST '/session/7c53d957-fda2-4aec-b0fc-6401b5f9297d/element/08dc96da-6c5d-4ce0-a7a5-687602aa0859/click'
10:11:31.682 [AsyncHttpClient-1-16] DEBUG org.asynchttpclient.netty.handler.HttpHandler - 

Request DefaultHttpRequest(decodeResult: success, version: HTTP/1.1)
POST /session/7c53d957-fda2-4aec-b0fc-6401b5f9297d/element/08dc96da-6c5d-4ce0-a7a5-687602aa0859/click HTTP/1.1
User-Agent: selenium/4.1.2 (java windows)
Content-Length: 50
Content-Type: application/json; charset=utf-8
host: localhost:59301
accept: */*

Response DefaultHttpResponse(decodeResult: success, version: HTTP/1.1)
HTTP/1.1 200 OK
content-type: application/json; charset=utf-8
cache-control: no-cache
date: Mon, 10 Apr 2023 03:11:29 GMT
content-length: 14

10:11:31.682 [AsyncHttpClient-1-16] DEBUG org.asynchttpclient.netty.channel.ChannelManager - Adding key: http://localhost:59301 for channel [id: 0x4264e491, L:/127.0.0.1:56011 - R:localhost/127.0.0.1:59301]
  &amp#27;[32mThen &amp#27;[0m&amp#27;[32mI click baby on the header&amp#27;[0m &amp#27;[90m# starter.stepdefinitions.BabyStep.iClickBabyOnTheHeader()&amp#27;[0m
10:11:31.687 [Forwarding screenshot on session 7c53d957-fda2-4aec-b0fc-6401b5f9297d to remote] DEBUG org.asynchttpclient.netty.request.NettyRequestSender - Using pooled Channel '[id: 0x4264e491, L:/127.0.0.1:56011 - R:localhost/127.0.0.1:59301]' for 'GET' to 'http://localhost:59301/session/7c53d957-fda2-4aec-b0fc-6401b5f9297d/screenshot'
10:11:31.687 [Forwarding screenshot on session 7c53d957-fda2-4aec-b0fc-6401b5f9297d to remote] DEBUG org.asynchttpclient.netty.request.NettyRequestSender - Using open Channel [id: 0x4264e491, L:/127.0.0.1:56011 - R:localhost/127.0.0.1:59301] for GET '/session/7c53d957-fda2-4aec-b0fc-6401b5f9297d/screenshot'
10:11:31.865 [AsyncHttpClient-1-16] DEBUG org.asynchttpclient.netty.handler.HttpHandler - 

Request DefaultFullHttpRequest(decodeResult: success, version: HTTP/1.1, content: EmptyByteBufBE)
GET /session/7c53d957-fda2-4aec-b0fc-6401b5f9297d/screenshot HTTP/1.1
User-Agent: selenium/4.1.2 (java windows)
Cache-Control: no-cache
Content-Type: application/json; charset=utf-8
host: localhost:59301
accept: */*

Response DefaultHttpResponse(decodeResult: success, version: HTTP/1.1)
HTTP/1.1 200 OK
content-type: application/json; charset=utf-8
cache-control: no-cache
date: Mon, 10 Apr 2023 03:11:31 GMT
content-length: 98024

10:11:31.866 [AsyncHttpClient-1-16] DEBUG org.asynchttpclient.netty.channel.ChannelManager - Adding key: http://localhost:59301 for channel [id: 0x4264e491, L:/127.0.0.1:56011 - R:localhost/127.0.0.1:59301]
10:11:31.870 [main] DEBUG net.serenitybdd.core.photography.Darkroom - Send negative for processing for target\site\serenity\bcb9a8d665d2c58a930e922f816fcc3ebc2aef855b882f3d531e7c9aa320b06d.png
10:11:31.881 [Forwarding findElement on session 7c53d957-fda2-4aec-b0fc-6401b5f9297d to remote] DEBUG org.asynchttpclient.netty.request.NettyRequestSender - Using pooled Channel '[id: 0x4264e491, L:/127.0.0.1:56011 - R:localhost/127.0.0.1:59301]' for 'POST' to 'http://localhost:59301/session/7c53d957-fda2-4aec-b0fc-6401b5f9297d/element'
10:11:31.881 [Forwarding findElement on session 7c53d957-fda2-4aec-b0fc-6401b5f9297d to remote] DEBUG org.asynchttpclient.netty.request.NettyRequestSender - Using open Channel [id: 0x4264e491, L:/127.0.0.1:56011 - R:localhost/127.0.0.1:59301] for POST '/session/7c53d957-fda2-4aec-b0fc-6401b5f9297d/element'
10:11:31.961 [AsyncHttpClient-1-16] DEBUG org.asynchttpclient.netty.handler.HttpHandler - 

Request DefaultHttpRequest(decodeResult: success, version: HTTP/1.1)
POST /session/7c53d957-fda2-4aec-b0fc-6401b5f9297d/element HTTP/1.1
User-Agent: selenium/4.1.2 (java windows)
Content-Length: 110
Content-Type: application/json; charset=utf-8
host: localhost:59301
accept: */*

Response DefaultHttpResponse(decodeResult: success, version: HTTP/1.1)
HTTP/1.1 200 OK
content-type: application/json; charset=utf-8
cache-control: no-cache
date: Mon, 10 Apr 2023 03:11:31 GMT
content-length: 88

10:11:31.961 [AsyncHttpClient-1-16] DEBUG org.asynchttpclient.netty.channel.ChannelManager - Adding key: http://localhost:59301 for channel [id: 0x4264e491, L:/127.0.0.1:56011 - R:localhost/127.0.0.1:59301]
10:11:31.963 [Forwarding getElementTagName on session 7c53d957-fda2-4aec-b0fc-6401b5f9297d to remote] DEBUG org.asynchttpclient.netty.request.NettyRequestSender - Using pooled Channel '[id: 0x4264e491, L:/127.0.0.1:56011 - R:localhost/127.0.0.1:59301]' for 'GET' to 'http://localhost:59301/session/7c53d957-fda2-4aec-b0fc-6401b5f9297d/element/7d68c0ed-a271-4f4d-a240-4423f79ca37e/name'
10:11:31.963 [Forwarding getElementTagName on session 7c53d957-fda2-4aec-b0fc-6401b5f9297d to remote] DEBUG org.asynchttpclient.netty.request.NettyRequestSender - Using open Channel [id: 0x4264e491, L:/127.0.0.1:56011 - R:localhost/127.0.0.1:59301] for GET '/session/7c53d957-fda2-4aec-b0fc-6401b5f9297d/element/7d68c0ed-a271-4f4d-a240-4423f79ca37e/name'
10:11:32.096 [AsyncHttpClient-1-16] DEBUG org.asynchttpclient.netty.handler.HttpHandler - 

Request DefaultFullHttpRequest(decodeResult: success, version: HTTP/1.1, content: EmptyByteBufBE)
GET /session/7c53d957-fda2-4aec-b0fc-6401b5f9297d/element/7d68c0ed-a271-4f4d-a240-4423f79ca37e/name HTTP/1.1
User-Agent: selenium/4.1.2 (java windows)
Cache-Control: no-cache
Content-Type: application/json; charset=utf-8
host: localhost:59301
accept: */*

Response DefaultHttpResponse(decodeResult: success, version: HTTP/1.1)
HTTP/1.1 200 OK
content-type: application/json; charset=utf-8
cache-control: no-cache
date: Mon, 10 Apr 2023 03:11:31 GMT
content-length: 16

10:11:32.096 [AsyncHttpClient-1-16] DEBUG org.asynchttpclient.netty.channel.ChannelManager - Adding key: http://localhost:59301 for channel [id: 0x4264e491, L:/127.0.0.1:56011 - R:localhost/127.0.0.1:59301]
10:11:32.098 [Forwarding getElementTagName on session 7c53d957-fda2-4aec-b0fc-6401b5f9297d to remote] DEBUG org.asynchttpclient.netty.request.NettyRequestSender - Using pooled Channel '[id: 0x4264e491, L:/127.0.0.1:56011 - R:localhost/127.0.0.1:59301]' for 'GET' to 'http://localhost:59301/session/7c53d957-fda2-4aec-b0fc-6401b5f9297d/element/7d68c0ed-a271-4f4d-a240-4423f79ca37e/name'
10:11:32.098 [Forwarding getElementTagName on session 7c53d957-fda2-4aec-b0fc-6401b5f9297d to remote] DEBUG org.asynchttpclient.netty.request.NettyRequestSender - Using open Channel [id: 0x4264e491, L:/127.0.0.1:56011 - R:localhost/127.0.0.1:59301] for GET '/session/7c53d957-fda2-4aec-b0fc-6401b5f9297d/element/7d68c0ed-a271-4f4d-a240-4423f79ca37e/name'
10:11:32.215 [AsyncHttpClient-1-16] DEBUG org.asynchttpclient.netty.handler.HttpHandler - 

Request DefaultFullHttpRequest(decodeResult: success, version: HTTP/1.1, content: EmptyByteBufBE)
GET /session/7c53d957-fda2-4aec-b0fc-6401b5f9297d/element/7d68c0ed-a271-4f4d-a240-4423f79ca37e/name HTTP/1.1
User-Agent: selenium/4.1.2 (java windows)
Cache-Control: no-cache
Content-Type: application/json; charset=utf-8
host: localhost:59301
accept: */*

Response DefaultHttpResponse(decodeResult: success, version: HTTP/1.1)
HTTP/1.1 200 OK
content-type: application/json; charset=utf-8
cache-control: no-cache
date: Mon, 10 Apr 2023 03:11:31 GMT
content-length: 16

10:11:32.215 [AsyncHttpClient-1-16] DEBUG org.asynchttpclient.netty.channel.ChannelManager - Adding key: http://localhost:59301 for channel [id: 0x4264e491, L:/127.0.0.1:56011 - R:localhost/127.0.0.1:59301]
10:11:32.217 [Forwarding findElement on session 7c53d957-fda2-4aec-b0fc-6401b5f9297d to remote] DEBUG org.asynchttpclient.netty.request.NettyRequestSender - Using pooled Channel '[id: 0x4264e491, L:/127.0.0.1:56011 - R:localhost/127.0.0.1:59301]' for 'POST' to 'http://localhost:59301/session/7c53d957-fda2-4aec-b0fc-6401b5f9297d/element'
10:11:32.217 [Forwarding findElement on session 7c53d957-fda2-4aec-b0fc-6401b5f9297d to remote] DEBUG org.asynchttpclient.netty.request.NettyRequestSender - Using open Channel [id: 0x4264e491, L:/127.0.0.1:56011 - R:localhost/127.0.0.1:59301] for POST '/session/7c53d957-fda2-4aec-b0fc-6401b5f9297d/element'
10:11:32.236 [AsyncHttpClient-1-16] DEBUG org.asynchttpclient.netty.handler.HttpHandler - 

Request DefaultHttpRequest(decodeResult: success, version: HTTP/1.1)
POST /session/7c53d957-fda2-4aec-b0fc-6401b5f9297d/element HTTP/1.1
User-Agent: selenium/4.1.2 (java windows)
Content-Length: 110
Content-Type: application/json; charset=utf-8
host: localhost:59301
accept: */*

Response DefaultHttpResponse(decodeResult: success, version: HTTP/1.1)
HTTP/1.1 200 OK
content-type: application/json; charset=utf-8
cache-control: no-cache
date: Mon, 10 Apr 2023 03:11:31 GMT
content-length: 88

10:11:32.236 [AsyncHttpClient-1-16] DEBUG org.asynchttpclient.netty.channel.ChannelManager - Adding key: http://localhost:59301 for channel [id: 0x4264e491, L:/127.0.0.1:56011 - R:localhost/127.0.0.1:59301]
10:11:32.238 [Forwarding clickElement on session 7c53d957-fda2-4aec-b0fc-6401b5f9297d to remote] DEBUG org.asynchttpclient.netty.request.NettyRequestSender - Using pooled Channel '[id: 0x4264e491, L:/127.0.0.1:56011 - R:localhost/127.0.0.1:59301]' for 'POST' to 'http://localhost:59301/session/7c53d957-fda2-4aec-b0fc-6401b5f9297d/element/7d68c0ed-a271-4f4d-a240-4423f79ca37e/click'
10:11:32.238 [Forwarding clickElement on session 7c53d957-fda2-4aec-b0fc-6401b5f9297d to remote] DEBUG org.asynchttpclient.netty.request.NettyRequestSender - Using open Channel [id: 0x4264e491, L:/127.0.0.1:56011 - R:localhost/127.0.0.1:59301] for POST '/session/7c53d957-fda2-4aec-b0fc-6401b5f9297d/element/7d68c0ed-a271-4f4d-a240-4423f79ca37e/click'
10:11:32.733 [AsyncHttpClient-1-16] DEBUG org.asynchttpclient.netty.handler.HttpHandler - 

Request DefaultHttpRequest(decodeResult: success, version: HTTP/1.1)
POST /session/7c53d957-fda2-4aec-b0fc-6401b5f9297d/element/7d68c0ed-a271-4f4d-a240-4423f79ca37e/click HTTP/1.1
User-Agent: selenium/4.1.2 (java windows)
Content-Length: 50
Content-Type: application/json; charset=utf-8
host: localhost:59301
accept: */*

Response DefaultHttpResponse(decodeResult: success, version: HTTP/1.1)
HTTP/1.1 200 OK
content-type: application/json; charset=utf-8
cache-control: no-cache
date: Mon, 10 Apr 2023 03:11:31 GMT
content-length: 14

10:11:32.733 [AsyncHttpClient-1-16] DEBUG org.asynchttpclient.netty.channel.ChannelManager - Adding key: http://localhost:59301 for channel [id: 0x4264e491, L:/127.0.0.1:56011 - R:localhost/127.0.0.1:59301]
  &amp#27;[32mWhen &amp#27;[0m&amp#27;[32mI will go to &amp#27;[0m&amp#27;[32m&amp#27;[1m"dalamanAtas"&amp#27;[0m &amp#27;[90m# starter.stepdefinitions.BabyStep.iWillGoTo(java.lang.String)&amp#27;[0m
10:11:32.741 [Forwarding screenshot on session 7c53d957-fda2-4aec-b0fc-6401b5f9297d to remote] DEBUG org.asynchttpclient.netty.request.NettyRequestSender - Using pooled Channel '[id: 0x4264e491, L:/127.0.0.1:56011 - R:localhost/127.0.0.1:59301]' for 'GET' to 'http://localhost:59301/session/7c53d957-fda2-4aec-b0fc-6401b5f9297d/screenshot'
10:11:32.741 [Forwarding screenshot on session 7c53d957-fda2-4aec-b0fc-6401b5f9297d to remote] DEBUG org.asynchttpclient.netty.request.NettyRequestSender - Using open Channel [id: 0x4264e491, L:/127.0.0.1:56011 - R:localhost/127.0.0.1:59301] for GET '/session/7c53d957-fda2-4aec-b0fc-6401b5f9297d/screenshot'
10:11:32.836 [AsyncHttpClient-1-16] DEBUG org.asynchttpclient.netty.handler.HttpHandler - 

Request DefaultFullHttpRequest(decodeResult: success, version: HTTP/1.1, content: EmptyByteBufBE)
GET /session/7c53d957-fda2-4aec-b0fc-6401b5f9297d/screenshot HTTP/1.1
User-Agent: selenium/4.1.2 (java windows)
Cache-Control: no-cache
Content-Type: application/json; charset=utf-8
host: localhost:59301
accept: */*

Response DefaultHttpResponse(decodeResult: success, version: HTTP/1.1)
HTTP/1.1 200 OK
content-type: application/json; charset=utf-8
cache-control: no-cache
date: Mon, 10 Apr 2023 03:11:32 GMT
content-length: 97504

10:11:32.837 [AsyncHttpClient-1-16] DEBUG org.asynchttpclient.netty.channel.ChannelManager - Adding key: http://localhost:59301 for channel [id: 0x4264e491, L:/127.0.0.1:56011 - R:localhost/127.0.0.1:59301]
10:11:32.841 [main] DEBUG net.serenitybdd.core.photography.Darkroom - Send negative for processing for target\site\serenity\4a39b435dabef642a95b538b75481215ef258d3044294ecbbdfdf02e542c3ffd.png
10:11:32.841 [Darkroom Processing Line] DEBUG net.serenitybdd.core.photography.DarkroomProcessingLine - Processing screenshot image in /var/screenshots/screenshot-3987985394311902791
10:11:32.841 [Darkroom Processing Line] DEBUG net.serenitybdd.core.photography.DarkroomProcessingLine - Saving screenshot to target\site\serenity\4a39b435dabef642a95b538b75481215ef258d3044294ecbbdfdf02e542c3ffd.png
10:11:32.848 [Forwarding findElement on session 7c53d957-fda2-4aec-b0fc-6401b5f9297d to remote] DEBUG org.asynchttpclient.netty.request.NettyRequestSender - Using pooled Channel '[id: 0x4264e491, L:/127.0.0.1:56011 - R:localhost/127.0.0.1:59301]' for 'POST' to 'http://localhost:59301/session/7c53d957-fda2-4aec-b0fc-6401b5f9297d/element'
10:11:32.848 [Forwarding findElement on session 7c53d957-fda2-4aec-b0fc-6401b5f9297d to remote] DEBUG org.asynchttpclient.netty.request.NettyRequestSender - Using open Channel [id: 0x4264e491, L:/127.0.0.1:56011 - R:localhost/127.0.0.1:59301] for POST '/session/7c53d957-fda2-4aec-b0fc-6401b5f9297d/element'
10:11:32.924 [AsyncHttpClient-1-16] DEBUG org.asynchttpclient.netty.handler.HttpHandler - 

Request DefaultHttpRequest(decodeResult: success, version: HTTP/1.1)
POST /session/7c53d957-fda2-4aec-b0fc-6401b5f9297d/element HTTP/1.1
User-Agent: selenium/4.1.2 (java windows)
Content-Length: 95
Content-Type: application/json; charset=utf-8
host: localhost:59301
accept: */*

Response DefaultHttpResponse(decodeResult: success, version: HTTP/1.1)
HTTP/1.1 200 OK
content-type: application/json; charset=utf-8
cache-control: no-cache
date: Mon, 10 Apr 2023 03:11:32 GMT
content-length: 88

10:11:32.924 [AsyncHttpClient-1-16] DEBUG org.asynchttpclient.netty.channel.ChannelManager - Adding key: http://localhost:59301 for channel [id: 0x4264e491, L:/127.0.0.1:56011 - R:localhost/127.0.0.1:59301]
10:11:32.927 [Forwarding isElementDisplayed on session 7c53d957-fda2-4aec-b0fc-6401b5f9297d to remote] DEBUG org.asynchttpclient.netty.request.NettyRequestSender - Using pooled Channel '[id: 0x4264e491, L:/127.0.0.1:56011 - R:localhost/127.0.0.1:59301]' for 'POST' to 'http://localhost:59301/session/7c53d957-fda2-4aec-b0fc-6401b5f9297d/execute/sync'
10:11:32.927 [Forwarding isElementDisplayed on session 7c53d957-fda2-4aec-b0fc-6401b5f9297d to remote] DEBUG org.asynchttpclient.netty.request.NettyRequestSender - Using open Channel [id: 0x4264e491, L:/127.0.0.1:56011 - R:localhost/127.0.0.1:59301] for POST '/session/7c53d957-fda2-4aec-b0fc-6401b5f9297d/execute/sync'
10:11:32.946 [AsyncHttpClient-1-16] DEBUG org.asynchttpclient.netty.handler.HttpHandler - 

Request DefaultHttpRequest(decodeResult: success, version: HTTP/1.1)
POST /session/7c53d957-fda2-4aec-b0fc-6401b5f9297d/execute/sync HTTP/1.1
User-Agent: selenium/4.1.2 (java windows)
Content-Length: 48780
Content-Type: application/json; charset=utf-8
host: localhost:59301
accept: */*

Response DefaultHttpResponse(decodeResult: success, version: HTTP/1.1)
HTTP/1.1 200 OK
content-type: application/json; charset=utf-8
cache-control: no-cache
date: Mon, 10 Apr 2023 03:11:32 GMT
content-length: 14

10:11:32.946 [AsyncHttpClient-1-16] DEBUG org.asynchttpclient.netty.channel.ChannelManager - Adding key: http://localhost:59301 for channel [id: 0x4264e491, L:/127.0.0.1:56011 - R:localhost/127.0.0.1:59301]
  &amp#27;[32mAnd &amp#27;[0m&amp#27;[32mI &amp#27;[0m&amp#27;[32m&amp#27;[1m"txtDalamanAtas"&amp#27;[0m&amp#27;[32m page&amp#27;[0m     &amp#27;[90m# starter.stepdefinitions.BabyStep.iPage(java.lang.String)&amp#27;[0m
10:11:32.950 [Forwarding screenshot on session 7c53d957-fda2-4aec-b0fc-6401b5f9297d to remote] DEBUG org.asynchttpclient.netty.request.NettyRequestSender - Using pooled Channel '[id: 0x4264e491, L:/127.0.0.1:56011 - R:localhost/127.0.0.1:59301]' for 'GET' to 'http://localhost:59301/session/7c53d957-fda2-4aec-b0fc-6401b5f9297d/screenshot'
10:11:32.950 [Forwarding screenshot on session 7c53d957-fda2-4aec-b0fc-6401b5f9297d to remote] DEBUG org.asynchttpclient.netty.request.NettyRequestSender - Using open Channel [id: 0x4264e491, L:/127.0.0.1:56011 - R:localhost/127.0.0.1:59301] for GET '/session/7c53d957-fda2-4aec-b0fc-6401b5f9297d/screenshot'
10:11:32.988 [AsyncHttpClient-1-16] DEBUG org.asynchttpclient.netty.handler.HttpHandler - 

Request DefaultFullHttpRequest(decodeResult: success, version: HTTP/1.1, content: EmptyByteBufBE)
GET /session/7c53d957-fda2-4aec-b0fc-6401b5f9297d/screenshot HTTP/1.1
User-Agent: selenium/4.1.2 (java windows)
Cache-Control: no-cache
Content-Type: application/json; charset=utf-8
host: localhost:59301
accept: */*

Response DefaultHttpResponse(decodeResult: success, version: HTTP/1.1)
HTTP/1.1 200 OK
content-type: application/json; charset=utf-8
cache-control: no-cache
date: Mon, 10 Apr 2023 03:11:32 GMT
content-length: 83044

10:11:32.988 [AsyncHttpClient-1-16] DEBUG org.asynchttpclient.netty.channel.ChannelManager - Adding key: http://localhost:59301 for channel [id: 0x4264e491, L:/127.0.0.1:56011 - R:localhost/127.0.0.1:59301]
10:11:32.990 [main] DEBUG net.serenitybdd.core.photography.Darkroom - Send negative for processing for target\site\serenity\d9def7e3bdb40e28951b4b5f3a0ac7a2b20eee5da84866a27326aff2c1266153.png
10:11:32.991 [Darkroom Processing Line] DEBUG net.serenitybdd.core.photography.DarkroomProcessingLine - Processing screenshot image in /var/screenshots/screenshot-11303871289326972531
10:11:32.991 [Darkroom Processing Line] DEBUG net.serenitybdd.core.photography.DarkroomProcessingLine - Saving screenshot to target\site\serenity\d9def7e3bdb40e28951b4b5f3a0ac7a2b20eee5da84866a27326aff2c1266153.png
10:11:32.997 [Driver Command Executor] DEBUG org.asynchttpclient.netty.request.NettyRequestSender - Using pooled Channel '[id: 0x4264e491, L:/127.0.0.1:56011 - R:localhost/127.0.0.1:59301]' for 'DELETE' to 'http://localhost:59301/session/7c53d957-fda2-4aec-b0fc-6401b5f9297d'
10:11:32.997 [Driver Command Executor] DEBUG org.asynchttpclient.netty.request.NettyRequestSender - Using open Channel [id: 0x4264e491, L:/127.0.0.1:56011 - R:localhost/127.0.0.1:59301] for DELETE '/session/7c53d957-fda2-4aec-b0fc-6401b5f9297d'
10:11:33.921 [AsyncHttpClient-1-16] DEBUG org.asynchttpclient.netty.handler.HttpHandler - 

Request DefaultFullHttpRequest(decodeResult: success, version: HTTP/1.1, content: EmptyByteBufBE)
DELETE /session/7c53d957-fda2-4aec-b0fc-6401b5f9297d HTTP/1.1
User-Agent: selenium/4.1.2 (java windows)
Content-Type: application/json; charset=utf-8
host: localhost:59301
accept: */*

Response DefaultHttpResponse(decodeResult: success, version: HTTP/1.1)
HTTP/1.1 200 OK
content-type: application/json; charset=utf-8
cache-control: no-cache
date: Mon, 10 Apr 2023 03:11:32 GMT
content-length: 14

10:11:33.922 [AsyncHttpClient-1-16] DEBUG org.asynchttpclient.netty.channel.ChannelManager - Adding key: http://localhost:59301 for channel [id: 0x4264e491, L:/127.0.0.1:56011 - R:localhost/127.0.0.1:59301]
10:11:33.923 [AsyncHttpClient-1-16] DEBUG org.asynchttpclient.netty.handler.HttpHandler - Unexpected I/O exception on channel [id: 0x4264e491, L:/127.0.0.1:56011 - R:localhost/127.0.0.1:59301]
java.net.SocketException: Connection reset
	at java.base/sun.nio.ch.SocketChannelImpl.throwConnectionReset(SocketChannelImpl.java:345)
	at java.base/sun.nio.ch.SocketChannelImpl.read(SocketChannelImpl.java:376)
	at io.netty.buffer.PooledByteBuf.setBytes(PooledByteBuf.java:258)
	at io.netty.buffer.AbstractByteBuf.writeBytes(AbstractByteBuf.java:1132)
	at io.netty.channel.socket.nio.NioSocketChannel.doReadBytes(NioSocketChannel.java:350)
	at io.netty.channel.nio.AbstractNioByteChannel$NioByteUnsafe.read(AbstractNioByteChannel.java:151)
	at io.netty.channel.nio.NioEventLoop.processSelectedKey(NioEventLoop.java:722)
	at io.netty.channel.nio.NioEventLoop.processSelectedKeysOptimized(NioEventLoop.java:658)
	at io.netty.channel.nio.NioEventLoop.processSelectedKeys(NioEventLoop.java:584)
	at io.netty.channel.nio.NioEventLoop.run(NioEventLoop.java:496)
	at io.netty.util.concurrent.SingleThreadEventExecutor$4.run(SingleThreadEventExecutor.java:986)
	at io.netty.util.internal.ThreadExecutorMap$2.run(ThreadExecutorMap.java:74)
	at io.netty.util.concurrent.FastThreadLocalRunnable.run(FastThreadLocalRunnable.java:30)
	at java.base/java.lang.Thread.run(Thread.java:830)
10:11:33.924 [AsyncHttpClient-1-16] DEBUG org.asynchttpclient.netty.channel.ChannelManager - Closing Channel [id: 0x4264e491, L:/127.0.0.1:56011 - R:localhost/127.0.0.1:59301] 
10:11:33.924 [AsyncHttpClient-1-16] DEBUG org.asynchttpclient.netty.handler.HttpHandler - Channel Closed: [id: 0x4264e491, L:/127.0.0.1:56011 ! R:localhost/127.0.0.1:59301] with attribute DISCARD
]]></system-out>
    <system-err><![CDATA[1681096285124	geckodriver	INFO	Listening on 127.0.0.1:59301
1681096285594	mozrunner::runner	INFO	Running command: "C:\\Program Files\\Mozilla Firefox\\firefox.exe" "--marionette" "" "--remote-debugging-port" "52266" "--remote-allow-hosts" "localhost" "-no-remote" "-profile" "C:\\Users\\alwi\\AppData\\Local\\Temp\\rust_mozprofilewSvUgj"
console.warn: services.settings: Ignoring preference override of remote settings server
console.warn: services.settings: Allow by setting MOZ_REMOTE_SETTINGS_DEVTOOLS=1 in the environment
1681096285924	Marionette	INFO	Marionette enabled
Dynamically enable window occlusion 0
1681096285930	Marionette	INFO	Listening on port 56014
WebDriver BiDi listening on ws://127.0.0.1:52266
Read port: 56014
1681096286183	RemoteAgent	WARN	TLS certificate errors will be ignored for this session
console.warn: SearchSettings: "get: No settings file exists, new profile?" (new NotFoundError("Could not open the file at C:\\Users\\alwi\\AppData\\Local\\Temp\\rust_mozprofilewSvUgj\\search.json.mozlz4", (void 0)))
DevTools listening on ws://127.0.0.1:52266/devtools/browser/6f58a01b-5cd4-4bb3-95af-038c7caf42d8
Apr 10, 2023 10:11:28 AM org.openqa.selenium.remote.ProtocolHandshake createSession
INFO: Detected dialect: W3C
JavaScript warning: https://www.uniqlo.com/Mx95Yd/biG/Wo_/8-IanA/Vu7EGJtwEh/el0ZAQ/aiE/QAlg7T10, line 1: unreachable code after return statement
JavaScript warning: https://www.uniqlo.com/Mx95Yd/biG/Wo_/8-IanA/Vu7EGJtwEh/el0ZAQ/aiE/QAlg7T10, line 1: WEBGL_debug_renderer_info is deprecated in Firefox and will be removed. Please use RENDERER.
JavaScript warning: https://www.uniqlo.com/id/elgnisolqinu.js?async&seed=AIAnG2mHAQAAp6_kQ-NvC4pDCvZJooQGzCoxcLZ3CqwiSlxvcp_1EokMlmcT&x-i1ysm4mm--z=q, line 1: WEBGL_debug_renderer_info is deprecated in Firefox and will be removed. Please use RENDERER.
1681096292999	Marionette	INFO	Stopped listening on port 56014
Dynamically enable window occlusion 1
WARNING: A blocker encountered an error while we were waiting.
          Blocker:  Waiting for ping task
          Phase: TelemetryController: Waiting for pending ping activity
          State: (none)
WARNING: Error: Phase "profile-before-change" is finished, it is too late to register completion condition "OS.File: flush I/O queued before profileBeforeChange"
WARNING: addBlocker@resource://gre/modules/AsyncShutdown.sys.mjs:727:15
addBlocker@resource://gre/modules/AsyncShutdown.sys.mjs:523:26
addBlocker@resource://gre/modules/AsyncShutdown.sys.mjs:458:15
setupShutdown@resource://gre/modules/osfile/osfile_async_front.jsm:1548:28
@resource://gre/modules/osfile/osfile_async_front.jsm:1568:16
@resource://gre/modules/osfile.jsm:12:30
@resource://gre/modules/TelemetryStorage.sys.mjs:10:28
_checkPendingPings@resource://gre/modules/TelemetrySend.sys.mjs:863:17
setup@resource://gre/modules/TelemetrySend.sys.mjs:803:18
setup@resource://gre/modules/TelemetrySend.sys.mjs:241:30
setupTelemetry/this._delayedInitTask<@resource://gre/modules/TelemetryControllerParent.sys.mjs:828:36
observe@resource://gre/modules/AsyncShutdown.sys.mjs:576:16

console.error: "TelemetryScheduler.shutdown - Already shut down"
WARNING: A blocker encountered an error while we were waiting.
          Blocker:  Waiting for ping task
          Phase: TelemetryController: Waiting for pending ping activity
          State: (none)
WARNING: Error: Phase "profile-before-change" is finished, it is too late to register completion condition "OS.File: flush I/O queued before profileBeforeChange"
WARNING: addBlocker@resource://gre/modules/AsyncShutdown.sys.mjs:727:15
addBlocker@resource://gre/modules/AsyncShutdown.sys.mjs:523:26
addBlocker@resource://gre/modules/AsyncShutdown.sys.mjs:458:15
setupShutdown@resource://gre/modules/osfile/osfile_async_front.jsm:1548:28
@resource://gre/modules/osfile/osfile_async_front.jsm:1568:16
@resource://gre/modules/osfile.jsm:12:30
@resource://gre/modules/TelemetryStorage.sys.mjs:10:28
_checkPendingPings@resource://gre/modules/TelemetrySend.sys.mjs:863:17
setup@resource://gre/modules/TelemetrySend.sys.mjs:803:18
setup@resource://gre/modules/TelemetrySend.sys.mjs:241:30
setupTelemetry/this._delayedInitTask<@resource://gre/modules/TelemetryControllerParent.sys.mjs:828:36
observe@resource://gre/modules/AsyncShutdown.sys.mjs:576:16

WARNING: A blocker encountered an error while we were waiting.
          Blocker:  Waiting for ping task
          Phase: TelemetryController: Waiting for pending ping activity
          State: (none)
WARNING: Error: Phase "profile-before-change" is finished, it is too late to register completion condition "OS.File: flush I/O queued before profileBeforeChange"
WARNING: addBlocker@resource://gre/modules/AsyncShutdown.sys.mjs:727:15
addBlocker@resource://gre/modules/AsyncShutdown.sys.mjs:523:26
addBlocker@resource://gre/modules/AsyncShutdown.sys.mjs:458:15
setupShutdown@resource://gre/modules/osfile/osfile_async_front.jsm:1548:28
@resource://gre/modules/osfile/osfile_async_front.jsm:1568:16
@resource://gre/modules/osfile.jsm:12:30
@resource://gre/modules/TelemetryStorage.sys.mjs:10:28
_checkPendingPings@resource://gre/modules/TelemetrySend.sys.mjs:863:17
setup@resource://gre/modules/TelemetrySend.sys.mjs:803:18
setup@resource://gre/modules/TelemetrySend.sys.mjs:241:30
setupTelemetry/this._delayedInitTask<@resource://gre/modules/TelemetryControllerParent.sys.mjs:828:36
observe@resource://gre/modules/AsyncShutdown.sys.mjs:576:16

WARNING: A blocker encountered an error while we were waiting.
          Blocker:  TelemetryController: shutting down
          Phase: profile-before-change-telemetry
          State: Error getting state: Error: Phase "profile-before-change" is finished, it is too late to register completion condition "OS.File: flush I/O queued before profileBeforeChange" at addBlocker@resource://gre/modules/AsyncShutdown.sys.mjs:727:15
addBlocker@resource://gre/modules/AsyncShutdown.sys.mjs:523:26
addBlocker@resource://gre/modules/AsyncShutdown.sys.mjs:458:15
setupShutdown@resource://gre/modules/osfile/osfile_async_front.jsm:1548:28
@resource://gre/modules/osfile/osfile_async_front.jsm:1568:16
@resource://gre/modules/osfile.jsm:12:30
@resource://gre/modules/TelemetryStorage.sys.mjs:10:28
_checkPendingPings@resource://gre/modules/TelemetrySend.sys.mjs:863:17
setup@resource://gre/modules/TelemetrySend.sys.mjs:803:18
setup@resource://gre/modules/TelemetrySend.sys.mjs:241:30
setupTelemetry/this._delayedInitTask<@resource://gre/modules/TelemetryControllerParent.sys.mjs:828:36
observe@resource://gre/modules/AsyncShutdown.sys.mjs:576:16

WARNING: Error: Phase "profile-before-change" is finished, it is too late to register completion condition "OS.File: flush I/O queued before profileBeforeChange"
WARNING: addBlocker@resource://gre/modules/AsyncShutdown.sys.mjs:727:15
addBlocker@resource://gre/modules/AsyncShutdown.sys.mjs:523:26
addBlocker@resource://gre/modules/AsyncShutdown.sys.mjs:458:15
setupShutdown@resource://gre/modules/osfile/osfile_async_front.jsm:1548:28
@resource://gre/modules/osfile/osfile_async_front.jsm:1568:16
@resource://gre/modules/osfile.jsm:12:30
@resource://gre/modules/TelemetryStorage.sys.mjs:10:28
_checkPendingPings@resource://gre/modules/TelemetrySend.sys.mjs:863:17
setup@resource://gre/modules/TelemetrySend.sys.mjs:803:18
setup@resource://gre/modules/TelemetrySend.sys.mjs:241:30
setupTelemetry/this._delayedInitTask<@resource://gre/modules/TelemetryControllerParent.sys.mjs:828:36
observe@resource://gre/modules/AsyncShutdown.sys.mjs:576:16

JavaScript error: resource://gre/modules/AsyncShutdown.sys.mjs, line 727: Error: Phase "profile-before-change" is finished, it is too late to register completion condition "OS.File: flush I/O queued before profileBeforeChange"
JavaScript error: resource://gre/modules/AsyncShutdown.sys.mjs, line 727: Error: Phase "profile-before-change" is finished, it is too late to register completion condition "OS.File: flush I/O queued before profileBeforeChange"
JavaScript error: resource://gre/modules/AsyncShutdown.sys.mjs, line 727: Error: Phase "profile-before-change" is finished, it is too late to register completion condition "OS.File: flush I/O queued before profileBeforeChange"
JavaScript error: resource://gre/modules/AsyncShutdown.sys.mjs, line 727: Error: Phase "profile-before-change" is finished, it is too late to register completion condition "OS.File: flush I/O queued before profileBeforeChange"
JavaScript error: resource://gre/modules/AsyncShutdown.sys.mjs, line 727: Error: Phase "profile-before-change" is finished, it is too late to register completion condition "OS.File: flush I/O queued before profileBeforeChange"
JavaScript error: resource://gre/modules/AsyncShutdown.sys.mjs, line 727: Error: Phase "profile-before-change" is finished, it is too late to register completion condition "OS.File: flush I/O queued before profileBeforeChange"
]]></system-err>
  </testcase>
  <testcase name="Fitur Menu Baby #24" classname="Baby" time="9.03">
    <system-out><![CDATA[
@baby
Scenario Outline: Fitur Menu Baby &amp#27;[90m# src/test/resources/features/Baby.feature:36&amp#27;[0m
10:11:33.989 [main] INFO io.cucumber.core.plugin.SerenityReporter - Running feature from file:///C:/Users/alwi/IdeaProjects/uniqloweb/src/test/resources/features/Baby.feature
10:11:34.004 [main] INFO net.serenitybdd.core.webdriver.driverproviders.FirefoxDriverProvider - Using automatically driver download
10:11:34.137 [main] DEBUG io.github.bonigarcia.wdm.cache.ResolutionCache - Resolution firefox=111 in cache (valid until 10:32:56 10/04/2023 WIB)
10:11:34.140 [main] DEBUG io.github.bonigarcia.wdm.cache.ResolutionCache - Resolution firefox111=0.32.2 in cache (valid until 19:30:50 10/04/2023 WIB)
10:11:34.142 [main] INFO io.github.bonigarcia.wdm.WebDriverManager - Using geckodriver 0.32.2 (resolved driver for Firefox 111)
10:11:34.159 [main] DEBUG io.github.bonigarcia.wdm.WebDriverManager - Driver geckodriver 0.32.2 found in cache
10:11:34.159 [main] INFO io.github.bonigarcia.wdm.WebDriverManager - Exporting webdriver.gecko.driver as C:\Users\alwi\.cache\selenium\geckodriver\win64\0.32.2\geckodriver.exe
10:11:34.174 [main] DEBUG net.serenitybdd.core.webdriver.driverproviders.ProvideNewDriver - Instantiating driver
10:11:34.174 [main] DEBUG net.serenitybdd.core.webdriver.driverproviders.ProvideNewDriver - Driver capabilities: Capabilities {acceptInsecureCerts: true, browserName: firefox, moz:debuggerAddress: true, moz:firefoxOptions: {args: [], profile: UEsDBBQACAgIAHFRilYAAAAAAAA...}}
10:11:34.419 [AsyncHttpClient-1-1] DEBUG org.asynchttpclient.netty.channel.DefaultChannelPool - Entry count for : http://localhost:59301 : 1
10:11:34.419 [AsyncHttpClient-1-1] DEBUG org.asynchttpclient.netty.channel.DefaultChannelPool - Adding Candidate expired Channel [id: 0x4264e491, L:/127.0.0.1:56011 ! R:localhost/127.0.0.1:59301] isIdleTimeoutExpired=false isRemotelyClosed=true isTtlExpired=false
10:11:34.419 [AsyncHttpClient-1-1] DEBUG org.asynchttpclient.netty.channel.DefaultChannelPool - Closing Idle Channel [id: 0x4264e491, L:/127.0.0.1:56011 ! R:localhost/127.0.0.1:59301]
10:11:34.419 [AsyncHttpClient-1-1] DEBUG org.asynchttpclient.netty.channel.DefaultChannelPool - Closed 1 connections out of 1 in 0 ms
10:11:34.704 [AsyncHttpClient-1-2] DEBUG org.asynchttpclient.netty.channel.NettyConnectListener - Using new Channel '[id: 0xc6107f30, L:/127.0.0.1:56113 - R:localhost/127.0.0.1:59524]' for 'POST' to '/session'
10:11:37.132 [AsyncHttpClient-1-2] DEBUG org.asynchttpclient.netty.handler.HttpHandler - 

Request DefaultHttpRequest(decodeResult: success, version: HTTP/1.1)
POST /session HTTP/1.1
User-Agent: selenium/4.1.2 (java windows)
Content-Length: 3673
Content-Type: application/json; charset=utf-8
host: localhost:59524
accept: */*

Response DefaultHttpResponse(decodeResult: success, version: HTTP/1.1)
HTTP/1.1 200 OK
content-type: application/json; charset=utf-8
cache-control: no-cache
date: Mon, 10 Apr 2023 03:11:34 GMT
content-length: 790

10:11:37.132 [AsyncHttpClient-1-2] DEBUG org.asynchttpclient.netty.channel.ChannelManager - Adding key: http://localhost:59524 for channel [id: 0xc6107f30, L:/127.0.0.1:56113 - R:localhost/127.0.0.1:59524]
10:11:37.137 [AsyncHttpClient-1-3] DEBUG org.asynchttpclient.netty.channel.NettyConnectListener - Using new Channel '[id: 0xfbed0746, L:/127.0.0.1:56131 - R:/127.0.0.1:60954]' for 'GET' to '/json/version'
10:11:37.140 [AsyncHttpClient-1-3] DEBUG org.asynchttpclient.netty.handler.HttpHandler - 

Request DefaultFullHttpRequest(decodeResult: success, version: HTTP/1.1, content: EmptyByteBufBE)
GET /json/version HTTP/1.1
User-Agent: selenium/4.1.2 (java windows)
host: 127.0.0.1:60954
accept: */*

Response DefaultHttpResponse(decodeResult: success, version: HTTP/1.1)
HTTP/1.1 200 OK
content-type: application/json
connection: close
server: httpd.js
date: Mon, 10 Apr 2023 03:11:37 GMT
content-length: 311

10:11:37.140 [AsyncHttpClient-1-3] DEBUG org.asynchttpclient.netty.channel.ChannelManager - Closing Channel [id: 0xfbed0746, L:/127.0.0.1:56131 - R:/127.0.0.1:60954] 
10:11:37.140 [AsyncHttpClient-1-3] DEBUG org.asynchttpclient.netty.handler.HttpHandler - Channel Closed: [id: 0xfbed0746, L:/127.0.0.1:56131 ! R:/127.0.0.1:60954] with attribute DISCARD
10:11:37.142 [Forwarding get on session 740d578f-6bb6-46d2-88af-7817739e29b4 to remote] DEBUG org.asynchttpclient.netty.request.NettyRequestSender - Using pooled Channel '[id: 0xc6107f30, L:/127.0.0.1:56113 - R:localhost/127.0.0.1:59524]' for 'POST' to 'http://localhost:59524/session/740d578f-6bb6-46d2-88af-7817739e29b4/url'
10:11:37.142 [Forwarding get on session 740d578f-6bb6-46d2-88af-7817739e29b4 to remote] DEBUG org.asynchttpclient.netty.request.NettyRequestSender - Using open Channel [id: 0xc6107f30, L:/127.0.0.1:56113 - R:localhost/127.0.0.1:59524] for POST '/session/740d578f-6bb6-46d2-88af-7817739e29b4/url'
10:11:38.947 [AsyncHttpClient-1-2] DEBUG org.asynchttpclient.netty.handler.HttpHandler - 

Request DefaultHttpRequest(decodeResult: success, version: HTTP/1.1)
POST /session/740d578f-6bb6-46d2-88af-7817739e29b4/url HTTP/1.1
User-Agent: selenium/4.1.2 (java windows)
Content-Length: 69
Content-Type: application/json; charset=utf-8
host: localhost:59524
accept: */*

Response DefaultHttpResponse(decodeResult: success, version: HTTP/1.1)
HTTP/1.1 200 OK
content-type: application/json; charset=utf-8
cache-control: no-cache
date: Mon, 10 Apr 2023 03:11:37 GMT
content-length: 14

10:11:38.947 [AsyncHttpClient-1-2] DEBUG org.asynchttpclient.netty.channel.ChannelManager - Adding key: http://localhost:59524 for channel [id: 0xc6107f30, L:/127.0.0.1:56113 - R:localhost/127.0.0.1:59524]
10:11:38.948 [Forwarding setTimeout on session 740d578f-6bb6-46d2-88af-7817739e29b4 to remote] DEBUG org.asynchttpclient.netty.request.NettyRequestSender - Using pooled Channel '[id: 0xc6107f30, L:/127.0.0.1:56113 - R:localhost/127.0.0.1:59524]' for 'POST' to 'http://localhost:59524/session/740d578f-6bb6-46d2-88af-7817739e29b4/timeouts'
10:11:38.948 [Forwarding setTimeout on session 740d578f-6bb6-46d2-88af-7817739e29b4 to remote] DEBUG org.asynchttpclient.netty.request.NettyRequestSender - Using open Channel [id: 0xc6107f30, L:/127.0.0.1:56113 - R:localhost/127.0.0.1:59524] for POST '/session/740d578f-6bb6-46d2-88af-7817739e29b4/timeouts'
10:11:38.951 [AsyncHttpClient-1-2] DEBUG org.asynchttpclient.netty.handler.HttpHandler - 

Request DefaultHttpRequest(decodeResult: success, version: HTTP/1.1)
POST /session/740d578f-6bb6-46d2-88af-7817739e29b4/timeouts HTTP/1.1
User-Agent: selenium/4.1.2 (java windows)
Content-Length: 22
Content-Type: application/json; charset=utf-8
host: localhost:59524
accept: */*

Response DefaultHttpResponse(decodeResult: success, version: HTTP/1.1)
HTTP/1.1 200 OK
content-type: application/json; charset=utf-8
cache-control: no-cache
date: Mon, 10 Apr 2023 03:11:38 GMT
content-length: 14

10:11:38.951 [AsyncHttpClient-1-2] DEBUG org.asynchttpclient.netty.channel.ChannelManager - Adding key: http://localhost:59524 for channel [id: 0xc6107f30, L:/127.0.0.1:56113 - R:localhost/127.0.0.1:59524]
10:11:38.954 [Forwarding getCurrentUrl on session 740d578f-6bb6-46d2-88af-7817739e29b4 to remote] DEBUG org.asynchttpclient.netty.request.NettyRequestSender - Using pooled Channel '[id: 0xc6107f30, L:/127.0.0.1:56113 - R:localhost/127.0.0.1:59524]' for 'GET' to 'http://localhost:59524/session/740d578f-6bb6-46d2-88af-7817739e29b4/url'
10:11:38.954 [Forwarding getCurrentUrl on session 740d578f-6bb6-46d2-88af-7817739e29b4 to remote] DEBUG org.asynchttpclient.netty.request.NettyRequestSender - Using open Channel [id: 0xc6107f30, L:/127.0.0.1:56113 - R:localhost/127.0.0.1:59524] for GET '/session/740d578f-6bb6-46d2-88af-7817739e29b4/url'
10:11:38.961 [AsyncHttpClient-1-2] DEBUG org.asynchttpclient.netty.handler.HttpHandler - 

Request DefaultFullHttpRequest(decodeResult: success, version: HTTP/1.1, content: EmptyByteBufBE)
GET /session/740d578f-6bb6-46d2-88af-7817739e29b4/url HTTP/1.1
User-Agent: selenium/4.1.2 (java windows)
Cache-Control: no-cache
Content-Type: application/json; charset=utf-8
host: localhost:59524
accept: */*

Response DefaultHttpResponse(decodeResult: success, version: HTTP/1.1)
HTTP/1.1 200 OK
content-type: application/json; charset=utf-8
cache-control: no-cache
date: Mon, 10 Apr 2023 03:11:38 GMT
content-length: 41

10:11:38.961 [AsyncHttpClient-1-2] DEBUG org.asynchttpclient.netty.channel.ChannelManager - Adding key: http://localhost:59524 for channel [id: 0xc6107f30, L:/127.0.0.1:56113 - R:localhost/127.0.0.1:59524]
  &amp#27;[32mGiven &amp#27;[0m&amp#27;[32mI am on the home page&amp#27;[0m     &amp#27;[90m# starter.stepdefinitions.BabyStep.iAmOnTheHomePage()&amp#27;[0m
10:11:38.966 [Forwarding screenshot on session 740d578f-6bb6-46d2-88af-7817739e29b4 to remote] DEBUG org.asynchttpclient.netty.request.NettyRequestSender - Using pooled Channel '[id: 0xc6107f30, L:/127.0.0.1:56113 - R:localhost/127.0.0.1:59524]' for 'GET' to 'http://localhost:59524/session/740d578f-6bb6-46d2-88af-7817739e29b4/screenshot'
10:11:38.966 [Forwarding screenshot on session 740d578f-6bb6-46d2-88af-7817739e29b4 to remote] DEBUG org.asynchttpclient.netty.request.NettyRequestSender - Using open Channel [id: 0xc6107f30, L:/127.0.0.1:56113 - R:localhost/127.0.0.1:59524] for GET '/session/740d578f-6bb6-46d2-88af-7817739e29b4/screenshot'
10:11:39.062 [AsyncHttpClient-1-2] DEBUG org.asynchttpclient.netty.handler.HttpHandler - 

Request DefaultFullHttpRequest(decodeResult: success, version: HTTP/1.1, content: EmptyByteBufBE)
GET /session/740d578f-6bb6-46d2-88af-7817739e29b4/screenshot HTTP/1.1
User-Agent: selenium/4.1.2 (java windows)
Cache-Control: no-cache
Content-Type: application/json; charset=utf-8
host: localhost:59524
accept: */*

Response DefaultHttpResponse(decodeResult: success, version: HTTP/1.1)
HTTP/1.1 200 OK
content-type: application/json; charset=utf-8
cache-control: no-cache
date: Mon, 10 Apr 2023 03:11:38 GMT
content-length: 72832

10:11:39.063 [AsyncHttpClient-1-2] DEBUG org.asynchttpclient.netty.channel.ChannelManager - Adding key: http://localhost:59524 for channel [id: 0xc6107f30, L:/127.0.0.1:56113 - R:localhost/127.0.0.1:59524]
10:11:39.065 [main] DEBUG net.serenitybdd.core.photography.Darkroom - Send negative for processing for target\site\serenity\4a07fab0536de38a0c1a1771882c479eecd5d8cdc81272d04485c4c599362f1b.png
10:11:39.065 [Darkroom Processing Line] DEBUG net.serenitybdd.core.photography.DarkroomProcessingLine - Processing screenshot image in /var/screenshots/screenshot-7136925965029319010
10:11:39.065 [Darkroom Processing Line] DEBUG net.serenitybdd.core.photography.DarkroomProcessingLine - Saving screenshot to target\site\serenity\4a07fab0536de38a0c1a1771882c479eecd5d8cdc81272d04485c4c599362f1b.png
10:11:39.075 [Forwarding findElement on session 740d578f-6bb6-46d2-88af-7817739e29b4 to remote] DEBUG org.asynchttpclient.netty.request.NettyRequestSender - Using pooled Channel '[id: 0xc6107f30, L:/127.0.0.1:56113 - R:localhost/127.0.0.1:59524]' for 'POST' to 'http://localhost:59524/session/740d578f-6bb6-46d2-88af-7817739e29b4/element'
10:11:39.075 [Forwarding findElement on session 740d578f-6bb6-46d2-88af-7817739e29b4 to remote] DEBUG org.asynchttpclient.netty.request.NettyRequestSender - Using open Channel [id: 0xc6107f30, L:/127.0.0.1:56113 - R:localhost/127.0.0.1:59524] for POST '/session/740d578f-6bb6-46d2-88af-7817739e29b4/element'
10:11:39.576 [AsyncHttpClient-1-2] DEBUG org.asynchttpclient.netty.handler.HttpHandler - 

Request DefaultHttpRequest(decodeResult: success, version: HTTP/1.1)
POST /session/740d578f-6bb6-46d2-88af-7817739e29b4/element HTTP/1.1
User-Agent: selenium/4.1.2 (java windows)
Content-Length: 81
Content-Type: application/json; charset=utf-8
host: localhost:59524
accept: */*

Response DefaultHttpResponse(decodeResult: success, version: HTTP/1.1)
HTTP/1.1 200 OK
content-type: application/json; charset=utf-8
cache-control: no-cache
date: Mon, 10 Apr 2023 03:11:38 GMT
content-length: 88

10:11:39.576 [AsyncHttpClient-1-2] DEBUG org.asynchttpclient.netty.channel.ChannelManager - Adding key: http://localhost:59524 for channel [id: 0xc6107f30, L:/127.0.0.1:56113 - R:localhost/127.0.0.1:59524]
10:11:39.577 [Forwarding getElementTagName on session 740d578f-6bb6-46d2-88af-7817739e29b4 to remote] DEBUG org.asynchttpclient.netty.request.NettyRequestSender - Using pooled Channel '[id: 0xc6107f30, L:/127.0.0.1:56113 - R:localhost/127.0.0.1:59524]' for 'GET' to 'http://localhost:59524/session/740d578f-6bb6-46d2-88af-7817739e29b4/element/d7805c5b-31d5-4c61-bbdb-5b2532498ae0/name'
10:11:39.577 [Forwarding getElementTagName on session 740d578f-6bb6-46d2-88af-7817739e29b4 to remote] DEBUG org.asynchttpclient.netty.request.NettyRequestSender - Using open Channel [id: 0xc6107f30, L:/127.0.0.1:56113 - R:localhost/127.0.0.1:59524] for GET '/session/740d578f-6bb6-46d2-88af-7817739e29b4/element/d7805c5b-31d5-4c61-bbdb-5b2532498ae0/name'
10:11:39.634 [AsyncHttpClient-1-2] DEBUG org.asynchttpclient.netty.handler.HttpHandler - 

Request DefaultFullHttpRequest(decodeResult: success, version: HTTP/1.1, content: EmptyByteBufBE)
GET /session/740d578f-6bb6-46d2-88af-7817739e29b4/element/d7805c5b-31d5-4c61-bbdb-5b2532498ae0/name HTTP/1.1
User-Agent: selenium/4.1.2 (java windows)
Cache-Control: no-cache
Content-Type: application/json; charset=utf-8
host: localhost:59524
accept: */*

Response DefaultHttpResponse(decodeResult: success, version: HTTP/1.1)
HTTP/1.1 200 OK
content-type: application/json; charset=utf-8
cache-control: no-cache
date: Mon, 10 Apr 2023 03:11:38 GMT
content-length: 16

10:11:39.634 [AsyncHttpClient-1-2] DEBUG org.asynchttpclient.netty.channel.ChannelManager - Adding key: http://localhost:59524 for channel [id: 0xc6107f30, L:/127.0.0.1:56113 - R:localhost/127.0.0.1:59524]
10:11:39.636 [Forwarding getElementTagName on session 740d578f-6bb6-46d2-88af-7817739e29b4 to remote] DEBUG org.asynchttpclient.netty.request.NettyRequestSender - Using pooled Channel '[id: 0xc6107f30, L:/127.0.0.1:56113 - R:localhost/127.0.0.1:59524]' for 'GET' to 'http://localhost:59524/session/740d578f-6bb6-46d2-88af-7817739e29b4/element/d7805c5b-31d5-4c61-bbdb-5b2532498ae0/name'
10:11:39.636 [Forwarding getElementTagName on session 740d578f-6bb6-46d2-88af-7817739e29b4 to remote] DEBUG org.asynchttpclient.netty.request.NettyRequestSender - Using open Channel [id: 0xc6107f30, L:/127.0.0.1:56113 - R:localhost/127.0.0.1:59524] for GET '/session/740d578f-6bb6-46d2-88af-7817739e29b4/element/d7805c5b-31d5-4c61-bbdb-5b2532498ae0/name'
10:11:39.684 [AsyncHttpClient-1-2] DEBUG org.asynchttpclient.netty.handler.HttpHandler - 

Request DefaultFullHttpRequest(decodeResult: success, version: HTTP/1.1, content: EmptyByteBufBE)
GET /session/740d578f-6bb6-46d2-88af-7817739e29b4/element/d7805c5b-31d5-4c61-bbdb-5b2532498ae0/name HTTP/1.1
User-Agent: selenium/4.1.2 (java windows)
Cache-Control: no-cache
Content-Type: application/json; charset=utf-8
host: localhost:59524
accept: */*

Response DefaultHttpResponse(decodeResult: success, version: HTTP/1.1)
HTTP/1.1 200 OK
content-type: application/json; charset=utf-8
cache-control: no-cache
date: Mon, 10 Apr 2023 03:11:38 GMT
content-length: 16

10:11:39.684 [AsyncHttpClient-1-2] DEBUG org.asynchttpclient.netty.channel.ChannelManager - Adding key: http://localhost:59524 for channel [id: 0xc6107f30, L:/127.0.0.1:56113 - R:localhost/127.0.0.1:59524]
10:11:39.686 [Forwarding findElement on session 740d578f-6bb6-46d2-88af-7817739e29b4 to remote] DEBUG org.asynchttpclient.netty.request.NettyRequestSender - Using pooled Channel '[id: 0xc6107f30, L:/127.0.0.1:56113 - R:localhost/127.0.0.1:59524]' for 'POST' to 'http://localhost:59524/session/740d578f-6bb6-46d2-88af-7817739e29b4/element'
10:11:39.686 [Forwarding findElement on session 740d578f-6bb6-46d2-88af-7817739e29b4 to remote] DEBUG org.asynchttpclient.netty.request.NettyRequestSender - Using open Channel [id: 0xc6107f30, L:/127.0.0.1:56113 - R:localhost/127.0.0.1:59524] for POST '/session/740d578f-6bb6-46d2-88af-7817739e29b4/element'
10:11:39.738 [AsyncHttpClient-1-2] DEBUG org.asynchttpclient.netty.handler.HttpHandler - 

Request DefaultHttpRequest(decodeResult: success, version: HTTP/1.1)
POST /session/740d578f-6bb6-46d2-88af-7817739e29b4/element HTTP/1.1
User-Agent: selenium/4.1.2 (java windows)
Content-Length: 81
Content-Type: application/json; charset=utf-8
host: localhost:59524
accept: */*

Response DefaultHttpResponse(decodeResult: success, version: HTTP/1.1)
HTTP/1.1 200 OK
content-type: application/json; charset=utf-8
cache-control: no-cache
date: Mon, 10 Apr 2023 03:11:38 GMT
content-length: 88

10:11:39.738 [AsyncHttpClient-1-2] DEBUG org.asynchttpclient.netty.channel.ChannelManager - Adding key: http://localhost:59524 for channel [id: 0xc6107f30, L:/127.0.0.1:56113 - R:localhost/127.0.0.1:59524]
10:11:39.740 [Forwarding clickElement on session 740d578f-6bb6-46d2-88af-7817739e29b4 to remote] DEBUG org.asynchttpclient.netty.request.NettyRequestSender - Using pooled Channel '[id: 0xc6107f30, L:/127.0.0.1:56113 - R:localhost/127.0.0.1:59524]' for 'POST' to 'http://localhost:59524/session/740d578f-6bb6-46d2-88af-7817739e29b4/element/d7805c5b-31d5-4c61-bbdb-5b2532498ae0/click'
10:11:39.740 [Forwarding clickElement on session 740d578f-6bb6-46d2-88af-7817739e29b4 to remote] DEBUG org.asynchttpclient.netty.request.NettyRequestSender - Using open Channel [id: 0xc6107f30, L:/127.0.0.1:56113 - R:localhost/127.0.0.1:59524] for POST '/session/740d578f-6bb6-46d2-88af-7817739e29b4/element/d7805c5b-31d5-4c61-bbdb-5b2532498ae0/click'
10:11:40.452 [AsyncHttpClient-1-2] DEBUG org.asynchttpclient.netty.handler.HttpHandler - 

Request DefaultHttpRequest(decodeResult: success, version: HTTP/1.1)
POST /session/740d578f-6bb6-46d2-88af-7817739e29b4/element/d7805c5b-31d5-4c61-bbdb-5b2532498ae0/click HTTP/1.1
User-Agent: selenium/4.1.2 (java windows)
Content-Length: 50
Content-Type: application/json; charset=utf-8
host: localhost:59524
accept: */*

Response DefaultHttpResponse(decodeResult: success, version: HTTP/1.1)
HTTP/1.1 200 OK
content-type: application/json; charset=utf-8
cache-control: no-cache
date: Mon, 10 Apr 2023 03:11:38 GMT
content-length: 14

10:11:40.452 [AsyncHttpClient-1-2] DEBUG org.asynchttpclient.netty.channel.ChannelManager - Adding key: http://localhost:59524 for channel [id: 0xc6107f30, L:/127.0.0.1:56113 - R:localhost/127.0.0.1:59524]
  &amp#27;[32mThen &amp#27;[0m&amp#27;[32mI click baby on the header&amp#27;[0m &amp#27;[90m# starter.stepdefinitions.BabyStep.iClickBabyOnTheHeader()&amp#27;[0m
10:11:40.462 [Forwarding screenshot on session 740d578f-6bb6-46d2-88af-7817739e29b4 to remote] DEBUG org.asynchttpclient.netty.request.NettyRequestSender - Using pooled Channel '[id: 0xc6107f30, L:/127.0.0.1:56113 - R:localhost/127.0.0.1:59524]' for 'GET' to 'http://localhost:59524/session/740d578f-6bb6-46d2-88af-7817739e29b4/screenshot'
10:11:40.462 [Forwarding screenshot on session 740d578f-6bb6-46d2-88af-7817739e29b4 to remote] DEBUG org.asynchttpclient.netty.request.NettyRequestSender - Using open Channel [id: 0xc6107f30, L:/127.0.0.1:56113 - R:localhost/127.0.0.1:59524] for GET '/session/740d578f-6bb6-46d2-88af-7817739e29b4/screenshot'
10:11:40.611 [AsyncHttpClient-1-2] DEBUG org.asynchttpclient.netty.handler.HttpHandler - 

Request DefaultFullHttpRequest(decodeResult: success, version: HTTP/1.1, content: EmptyByteBufBE)
GET /session/740d578f-6bb6-46d2-88af-7817739e29b4/screenshot HTTP/1.1
User-Agent: selenium/4.1.2 (java windows)
Cache-Control: no-cache
Content-Type: application/json; charset=utf-8
host: localhost:59524
accept: */*

Response DefaultHttpResponse(decodeResult: success, version: HTTP/1.1)
HTTP/1.1 200 OK
content-type: application/json; charset=utf-8
cache-control: no-cache
date: Mon, 10 Apr 2023 03:11:40 GMT
content-length: 98024

10:11:40.612 [AsyncHttpClient-1-2] DEBUG org.asynchttpclient.netty.channel.ChannelManager - Adding key: http://localhost:59524 for channel [id: 0xc6107f30, L:/127.0.0.1:56113 - R:localhost/127.0.0.1:59524]
10:11:40.616 [main] DEBUG net.serenitybdd.core.photography.Darkroom - Send negative for processing for target\site\serenity\bcb9a8d665d2c58a930e922f816fcc3ebc2aef855b882f3d531e7c9aa320b06d.png
10:11:40.626 [Forwarding findElement on session 740d578f-6bb6-46d2-88af-7817739e29b4 to remote] DEBUG org.asynchttpclient.netty.request.NettyRequestSender - Using pooled Channel '[id: 0xc6107f30, L:/127.0.0.1:56113 - R:localhost/127.0.0.1:59524]' for 'POST' to 'http://localhost:59524/session/740d578f-6bb6-46d2-88af-7817739e29b4/element'
10:11:40.626 [Forwarding findElement on session 740d578f-6bb6-46d2-88af-7817739e29b4 to remote] DEBUG org.asynchttpclient.netty.request.NettyRequestSender - Using open Channel [id: 0xc6107f30, L:/127.0.0.1:56113 - R:localhost/127.0.0.1:59524] for POST '/session/740d578f-6bb6-46d2-88af-7817739e29b4/element'
10:11:40.696 [AsyncHttpClient-1-2] DEBUG org.asynchttpclient.netty.handler.HttpHandler - 

Request DefaultHttpRequest(decodeResult: success, version: HTTP/1.1)
POST /session/740d578f-6bb6-46d2-88af-7817739e29b4/element HTTP/1.1
User-Agent: selenium/4.1.2 (java windows)
Content-Length: 104
Content-Type: application/json; charset=utf-8
host: localhost:59524
accept: */*

Response DefaultHttpResponse(decodeResult: success, version: HTTP/1.1)
HTTP/1.1 200 OK
content-type: application/json; charset=utf-8
cache-control: no-cache
date: Mon, 10 Apr 2023 03:11:40 GMT
content-length: 88

10:11:40.696 [AsyncHttpClient-1-2] DEBUG org.asynchttpclient.netty.channel.ChannelManager - Adding key: http://localhost:59524 for channel [id: 0xc6107f30, L:/127.0.0.1:56113 - R:localhost/127.0.0.1:59524]
10:11:40.698 [Forwarding getElementTagName on session 740d578f-6bb6-46d2-88af-7817739e29b4 to remote] DEBUG org.asynchttpclient.netty.request.NettyRequestSender - Using pooled Channel '[id: 0xc6107f30, L:/127.0.0.1:56113 - R:localhost/127.0.0.1:59524]' for 'GET' to 'http://localhost:59524/session/740d578f-6bb6-46d2-88af-7817739e29b4/element/52648870-9b84-4cdc-9953-7b44ad58d87a/name'
10:11:40.698 [Forwarding getElementTagName on session 740d578f-6bb6-46d2-88af-7817739e29b4 to remote] DEBUG org.asynchttpclient.netty.request.NettyRequestSender - Using open Channel [id: 0xc6107f30, L:/127.0.0.1:56113 - R:localhost/127.0.0.1:59524] for GET '/session/740d578f-6bb6-46d2-88af-7817739e29b4/element/52648870-9b84-4cdc-9953-7b44ad58d87a/name'
10:11:40.794 [AsyncHttpClient-1-2] DEBUG org.asynchttpclient.netty.handler.HttpHandler - 

Request DefaultFullHttpRequest(decodeResult: success, version: HTTP/1.1, content: EmptyByteBufBE)
GET /session/740d578f-6bb6-46d2-88af-7817739e29b4/element/52648870-9b84-4cdc-9953-7b44ad58d87a/name HTTP/1.1
User-Agent: selenium/4.1.2 (java windows)
Cache-Control: no-cache
Content-Type: application/json; charset=utf-8
host: localhost:59524
accept: */*

Response DefaultHttpResponse(decodeResult: success, version: HTTP/1.1)
HTTP/1.1 200 OK
content-type: application/json; charset=utf-8
cache-control: no-cache
date: Mon, 10 Apr 2023 03:11:40 GMT
content-length: 16

10:11:40.795 [AsyncHttpClient-1-2] DEBUG org.asynchttpclient.netty.channel.ChannelManager - Adding key: http://localhost:59524 for channel [id: 0xc6107f30, L:/127.0.0.1:56113 - R:localhost/127.0.0.1:59524]
10:11:40.796 [Forwarding getElementTagName on session 740d578f-6bb6-46d2-88af-7817739e29b4 to remote] DEBUG org.asynchttpclient.netty.request.NettyRequestSender - Using pooled Channel '[id: 0xc6107f30, L:/127.0.0.1:56113 - R:localhost/127.0.0.1:59524]' for 'GET' to 'http://localhost:59524/session/740d578f-6bb6-46d2-88af-7817739e29b4/element/52648870-9b84-4cdc-9953-7b44ad58d87a/name'
10:11:40.796 [Forwarding getElementTagName on session 740d578f-6bb6-46d2-88af-7817739e29b4 to remote] DEBUG org.asynchttpclient.netty.request.NettyRequestSender - Using open Channel [id: 0xc6107f30, L:/127.0.0.1:56113 - R:localhost/127.0.0.1:59524] for GET '/session/740d578f-6bb6-46d2-88af-7817739e29b4/element/52648870-9b84-4cdc-9953-7b44ad58d87a/name'
10:11:40.835 [AsyncHttpClient-1-2] DEBUG org.asynchttpclient.netty.handler.HttpHandler - 

Request DefaultFullHttpRequest(decodeResult: success, version: HTTP/1.1, content: EmptyByteBufBE)
GET /session/740d578f-6bb6-46d2-88af-7817739e29b4/element/52648870-9b84-4cdc-9953-7b44ad58d87a/name HTTP/1.1
User-Agent: selenium/4.1.2 (java windows)
Cache-Control: no-cache
Content-Type: application/json; charset=utf-8
host: localhost:59524
accept: */*

Response DefaultHttpResponse(decodeResult: success, version: HTTP/1.1)
HTTP/1.1 200 OK
content-type: application/json; charset=utf-8
cache-control: no-cache
date: Mon, 10 Apr 2023 03:11:40 GMT
content-length: 16

10:11:40.836 [AsyncHttpClient-1-2] DEBUG org.asynchttpclient.netty.channel.ChannelManager - Adding key: http://localhost:59524 for channel [id: 0xc6107f30, L:/127.0.0.1:56113 - R:localhost/127.0.0.1:59524]
10:11:40.839 [Forwarding findElement on session 740d578f-6bb6-46d2-88af-7817739e29b4 to remote] DEBUG org.asynchttpclient.netty.request.NettyRequestSender - Using pooled Channel '[id: 0xc6107f30, L:/127.0.0.1:56113 - R:localhost/127.0.0.1:59524]' for 'POST' to 'http://localhost:59524/session/740d578f-6bb6-46d2-88af-7817739e29b4/element'
10:11:40.839 [Forwarding findElement on session 740d578f-6bb6-46d2-88af-7817739e29b4 to remote] DEBUG org.asynchttpclient.netty.request.NettyRequestSender - Using open Channel [id: 0xc6107f30, L:/127.0.0.1:56113 - R:localhost/127.0.0.1:59524] for POST '/session/740d578f-6bb6-46d2-88af-7817739e29b4/element'
10:11:41.185 [AsyncHttpClient-1-2] DEBUG org.asynchttpclient.netty.handler.HttpHandler - 

Request DefaultHttpRequest(decodeResult: success, version: HTTP/1.1)
POST /session/740d578f-6bb6-46d2-88af-7817739e29b4/element HTTP/1.1
User-Agent: selenium/4.1.2 (java windows)
Content-Length: 104
Content-Type: application/json; charset=utf-8
host: localhost:59524
accept: */*

Response DefaultHttpResponse(decodeResult: success, version: HTTP/1.1)
HTTP/1.1 200 OK
content-type: application/json; charset=utf-8
cache-control: no-cache
date: Mon, 10 Apr 2023 03:11:40 GMT
content-length: 88

10:11:41.185 [AsyncHttpClient-1-2] DEBUG org.asynchttpclient.netty.channel.ChannelManager - Adding key: http://localhost:59524 for channel [id: 0xc6107f30, L:/127.0.0.1:56113 - R:localhost/127.0.0.1:59524]
10:11:41.187 [Forwarding clickElement on session 740d578f-6bb6-46d2-88af-7817739e29b4 to remote] DEBUG org.asynchttpclient.netty.request.NettyRequestSender - Using pooled Channel '[id: 0xc6107f30, L:/127.0.0.1:56113 - R:localhost/127.0.0.1:59524]' for 'POST' to 'http://localhost:59524/session/740d578f-6bb6-46d2-88af-7817739e29b4/element/52648870-9b84-4cdc-9953-7b44ad58d87a/click'
10:11:41.187 [Forwarding clickElement on session 740d578f-6bb6-46d2-88af-7817739e29b4 to remote] DEBUG org.asynchttpclient.netty.request.NettyRequestSender - Using open Channel [id: 0xc6107f30, L:/127.0.0.1:56113 - R:localhost/127.0.0.1:59524] for POST '/session/740d578f-6bb6-46d2-88af-7817739e29b4/element/52648870-9b84-4cdc-9953-7b44ad58d87a/click'
10:11:41.725 [AsyncHttpClient-1-2] DEBUG org.asynchttpclient.netty.handler.HttpHandler - 

Request DefaultHttpRequest(decodeResult: success, version: HTTP/1.1)
POST /session/740d578f-6bb6-46d2-88af-7817739e29b4/element/52648870-9b84-4cdc-9953-7b44ad58d87a/click HTTP/1.1
User-Agent: selenium/4.1.2 (java windows)
Content-Length: 50
Content-Type: application/json; charset=utf-8
host: localhost:59524
accept: */*

Response DefaultHttpResponse(decodeResult: success, version: HTTP/1.1)
HTTP/1.1 200 OK
content-type: application/json; charset=utf-8
cache-control: no-cache
date: Mon, 10 Apr 2023 03:11:40 GMT
content-length: 14

10:11:41.725 [AsyncHttpClient-1-2] DEBUG org.asynchttpclient.netty.channel.ChannelManager - Adding key: http://localhost:59524 for channel [id: 0xc6107f30, L:/127.0.0.1:56113 - R:localhost/127.0.0.1:59524]
  &amp#27;[32mWhen &amp#27;[0m&amp#27;[32mI will go to &amp#27;[0m&amp#27;[32m&amp#27;[1m"airism2"&amp#27;[0m     &amp#27;[90m# starter.stepdefinitions.BabyStep.iWillGoTo(java.lang.String)&amp#27;[0m
10:11:41.732 [Forwarding screenshot on session 740d578f-6bb6-46d2-88af-7817739e29b4 to remote] DEBUG org.asynchttpclient.netty.request.NettyRequestSender - Using pooled Channel '[id: 0xc6107f30, L:/127.0.0.1:56113 - R:localhost/127.0.0.1:59524]' for 'GET' to 'http://localhost:59524/session/740d578f-6bb6-46d2-88af-7817739e29b4/screenshot'
10:11:41.732 [Forwarding screenshot on session 740d578f-6bb6-46d2-88af-7817739e29b4 to remote] DEBUG org.asynchttpclient.netty.request.NettyRequestSender - Using open Channel [id: 0xc6107f30, L:/127.0.0.1:56113 - R:localhost/127.0.0.1:59524] for GET '/session/740d578f-6bb6-46d2-88af-7817739e29b4/screenshot'
10:11:41.933 [AsyncHttpClient-1-2] DEBUG org.asynchttpclient.netty.handler.HttpHandler - 

Request DefaultFullHttpRequest(decodeResult: success, version: HTTP/1.1, content: EmptyByteBufBE)
GET /session/740d578f-6bb6-46d2-88af-7817739e29b4/screenshot HTTP/1.1
User-Agent: selenium/4.1.2 (java windows)
Cache-Control: no-cache
Content-Type: application/json; charset=utf-8
host: localhost:59524
accept: */*

Response DefaultHttpResponse(decodeResult: success, version: HTTP/1.1)
HTTP/1.1 200 OK
content-type: application/json; charset=utf-8
cache-control: no-cache
date: Mon, 10 Apr 2023 03:11:41 GMT
content-length: 233492

10:11:41.933 [AsyncHttpClient-1-2] DEBUG org.asynchttpclient.netty.channel.ChannelManager - Adding key: http://localhost:59524 for channel [id: 0xc6107f30, L:/127.0.0.1:56113 - R:localhost/127.0.0.1:59524]
10:11:41.940 [main] DEBUG net.serenitybdd.core.photography.Darkroom - Send negative for processing for target\site\serenity\deae877ff19c6b2b887ea6ff32ad3a21a2561d5404db50e959fcfc9b34d28995.png
10:11:41.940 [Darkroom Processing Line] DEBUG net.serenitybdd.core.photography.DarkroomProcessingLine - Processing screenshot image in /var/screenshots/screenshot-675810097748939216
10:11:41.940 [Darkroom Processing Line] DEBUG net.serenitybdd.core.photography.DarkroomProcessingLine - Saving screenshot to target\site\serenity\deae877ff19c6b2b887ea6ff32ad3a21a2561d5404db50e959fcfc9b34d28995.png
10:11:41.948 [Forwarding findElement on session 740d578f-6bb6-46d2-88af-7817739e29b4 to remote] DEBUG org.asynchttpclient.netty.request.NettyRequestSender - Using pooled Channel '[id: 0xc6107f30, L:/127.0.0.1:56113 - R:localhost/127.0.0.1:59524]' for 'POST' to 'http://localhost:59524/session/740d578f-6bb6-46d2-88af-7817739e29b4/element'
10:11:41.948 [Forwarding findElement on session 740d578f-6bb6-46d2-88af-7817739e29b4 to remote] DEBUG org.asynchttpclient.netty.request.NettyRequestSender - Using open Channel [id: 0xc6107f30, L:/127.0.0.1:56113 - R:localhost/127.0.0.1:59524] for POST '/session/740d578f-6bb6-46d2-88af-7817739e29b4/element'
10:11:41.960 [AsyncHttpClient-1-2] DEBUG org.asynchttpclient.netty.handler.HttpHandler - 

Request DefaultHttpRequest(decodeResult: success, version: HTTP/1.1)
POST /session/740d578f-6bb6-46d2-88af-7817739e29b4/element HTTP/1.1
User-Agent: selenium/4.1.2 (java windows)
Content-Length: 89
Content-Type: application/json; charset=utf-8
host: localhost:59524
accept: */*

Response DefaultHttpResponse(decodeResult: success, version: HTTP/1.1)
HTTP/1.1 200 OK
content-type: application/json; charset=utf-8
cache-control: no-cache
date: Mon, 10 Apr 2023 03:11:41 GMT
content-length: 88

10:11:41.960 [AsyncHttpClient-1-2] DEBUG org.asynchttpclient.netty.channel.ChannelManager - Adding key: http://localhost:59524 for channel [id: 0xc6107f30, L:/127.0.0.1:56113 - R:localhost/127.0.0.1:59524]
10:11:41.963 [Forwarding isElementDisplayed on session 740d578f-6bb6-46d2-88af-7817739e29b4 to remote] DEBUG org.asynchttpclient.netty.request.NettyRequestSender - Using pooled Channel '[id: 0xc6107f30, L:/127.0.0.1:56113 - R:localhost/127.0.0.1:59524]' for 'POST' to 'http://localhost:59524/session/740d578f-6bb6-46d2-88af-7817739e29b4/execute/sync'
10:11:41.963 [Forwarding isElementDisplayed on session 740d578f-6bb6-46d2-88af-7817739e29b4 to remote] DEBUG org.asynchttpclient.netty.request.NettyRequestSender - Using open Channel [id: 0xc6107f30, L:/127.0.0.1:56113 - R:localhost/127.0.0.1:59524] for POST '/session/740d578f-6bb6-46d2-88af-7817739e29b4/execute/sync'
10:11:41.977 [AsyncHttpClient-1-2] DEBUG org.asynchttpclient.netty.handler.HttpHandler - 

Request DefaultHttpRequest(decodeResult: success, version: HTTP/1.1)
POST /session/740d578f-6bb6-46d2-88af-7817739e29b4/execute/sync HTTP/1.1
User-Agent: selenium/4.1.2 (java windows)
Content-Length: 48780
Content-Type: application/json; charset=utf-8
host: localhost:59524
accept: */*

Response DefaultHttpResponse(decodeResult: success, version: HTTP/1.1)
HTTP/1.1 200 OK
content-type: application/json; charset=utf-8
cache-control: no-cache
date: Mon, 10 Apr 2023 03:11:41 GMT
content-length: 14

10:11:41.977 [AsyncHttpClient-1-2] DEBUG org.asynchttpclient.netty.channel.ChannelManager - Adding key: http://localhost:59524 for channel [id: 0xc6107f30, L:/127.0.0.1:56113 - R:localhost/127.0.0.1:59524]
  &amp#27;[32mAnd &amp#27;[0m&amp#27;[32mI &amp#27;[0m&amp#27;[32m&amp#27;[1m"txtAirism2"&amp#27;[0m&amp#27;[32m page&amp#27;[0m         &amp#27;[90m# starter.stepdefinitions.BabyStep.iPage(java.lang.String)&amp#27;[0m
10:11:41.988 [Driver Command Executor] DEBUG org.asynchttpclient.netty.request.NettyRequestSender - Using pooled Channel '[id: 0xc6107f30, L:/127.0.0.1:56113 - R:localhost/127.0.0.1:59524]' for 'DELETE' to 'http://localhost:59524/session/740d578f-6bb6-46d2-88af-7817739e29b4'
10:11:41.988 [Driver Command Executor] DEBUG org.asynchttpclient.netty.request.NettyRequestSender - Using open Channel [id: 0xc6107f30, L:/127.0.0.1:56113 - R:localhost/127.0.0.1:59524] for DELETE '/session/740d578f-6bb6-46d2-88af-7817739e29b4'
10:11:42.959 [AsyncHttpClient-1-2] DEBUG org.asynchttpclient.netty.handler.HttpHandler - 

Request DefaultFullHttpRequest(decodeResult: success, version: HTTP/1.1, content: EmptyByteBufBE)
DELETE /session/740d578f-6bb6-46d2-88af-7817739e29b4 HTTP/1.1
User-Agent: selenium/4.1.2 (java windows)
Content-Type: application/json; charset=utf-8
host: localhost:59524
accept: */*

Response DefaultHttpResponse(decodeResult: success, version: HTTP/1.1)
HTTP/1.1 200 OK
content-type: application/json; charset=utf-8
cache-control: no-cache
date: Mon, 10 Apr 2023 03:11:41 GMT
content-length: 14

10:11:42.959 [AsyncHttpClient-1-2] DEBUG org.asynchttpclient.netty.channel.ChannelManager - Adding key: http://localhost:59524 for channel [id: 0xc6107f30, L:/127.0.0.1:56113 - R:localhost/127.0.0.1:59524]
10:11:42.961 [AsyncHttpClient-1-2] DEBUG org.asynchttpclient.netty.handler.HttpHandler - Unexpected I/O exception on channel [id: 0xc6107f30, L:/127.0.0.1:56113 - R:localhost/127.0.0.1:59524]
java.net.SocketException: Connection reset
	at java.base/sun.nio.ch.SocketChannelImpl.throwConnectionReset(SocketChannelImpl.java:345)
	at java.base/sun.nio.ch.SocketChannelImpl.read(SocketChannelImpl.java:376)
	at io.netty.buffer.PooledByteBuf.setBytes(PooledByteBuf.java:258)
	at io.netty.buffer.AbstractByteBuf.writeBytes(AbstractByteBuf.java:1132)
	at io.netty.channel.socket.nio.NioSocketChannel.doReadBytes(NioSocketChannel.java:350)
	at io.netty.channel.nio.AbstractNioByteChannel$NioByteUnsafe.read(AbstractNioByteChannel.java:151)
	at io.netty.channel.nio.NioEventLoop.processSelectedKey(NioEventLoop.java:722)
	at io.netty.channel.nio.NioEventLoop.processSelectedKeysOptimized(NioEventLoop.java:658)
	at io.netty.channel.nio.NioEventLoop.processSelectedKeys(NioEventLoop.java:584)
	at io.netty.channel.nio.NioEventLoop.run(NioEventLoop.java:496)
	at io.netty.util.concurrent.SingleThreadEventExecutor$4.run(SingleThreadEventExecutor.java:986)
	at io.netty.util.internal.ThreadExecutorMap$2.run(ThreadExecutorMap.java:74)
	at io.netty.util.concurrent.FastThreadLocalRunnable.run(FastThreadLocalRunnable.java:30)
	at java.base/java.lang.Thread.run(Thread.java:830)
10:11:42.961 [AsyncHttpClient-1-2] DEBUG org.asynchttpclient.netty.channel.ChannelManager - Closing Channel [id: 0xc6107f30, L:/127.0.0.1:56113 - R:localhost/127.0.0.1:59524] 
10:11:42.961 [AsyncHttpClient-1-2] DEBUG org.asynchttpclient.netty.handler.HttpHandler - Channel Closed: [id: 0xc6107f30, L:/127.0.0.1:56113 ! R:localhost/127.0.0.1:59524] with attribute DISCARD
]]></system-out>
    <system-err><![CDATA[1681096294232	geckodriver	INFO	Listening on 127.0.0.1:59524
1681096294714	mozrunner::runner	INFO	Running command: "C:\\Program Files\\Mozilla Firefox\\firefox.exe" "--marionette" "" "--remote-debugging-port" "60954" "--remote-allow-hosts" "localhost" "-no-remote" "-profile" "C:\\Users\\alwi\\AppData\\Local\\Temp\\rust_mozprofile5X1xlX"
console.warn: services.settings: Ignoring preference override of remote settings server
console.warn: services.settings: Allow by setting MOZ_REMOTE_SETTINGS_DEVTOOLS=1 in the environment
1681096295056	Marionette	INFO	Marionette enabled
Dynamically enable window occlusion 0
1681096295061	Marionette	INFO	Listening on port 56119
WebDriver BiDi listening on ws://127.0.0.1:60954
Read port: 56119
1681096295305	RemoteAgent	WARN	TLS certificate errors will be ignored for this session
console.warn: SearchSettings: "get: No settings file exists, new profile?" (new NotFoundError("Could not open the file at C:\\Users\\alwi\\AppData\\Local\\Temp\\rust_mozprofile5X1xlX\\search.json.mozlz4", (void 0)))
DevTools listening on ws://127.0.0.1:60954/devtools/browser/e7b4f984-8d0c-49a6-bcfa-b07036b92ba6
Apr 10, 2023 10:11:37 AM org.openqa.selenium.remote.ProtocolHandshake createSession
INFO: Detected dialect: W3C
JavaScript warning: https://www.uniqlo.com/Mx95Yd/biG/Wo_/8-IanA/Vu7EGJtwEh/el0ZAQ/aiE/QAlg7T10, line 1: unreachable code after return statement
JavaScript warning: https://www.uniqlo.com/Mx95Yd/biG/Wo_/8-IanA/Vu7EGJtwEh/el0ZAQ/aiE/QAlg7T10, line 1: WEBGL_debug_renderer_info is deprecated in Firefox and will be removed. Please use RENDERER.
JavaScript warning: https://www.uniqlo.com/id/elgnisolqinu.js?async&seed=AIAnG2mHAQAAp6_kQ-NvC4pDCvZJooQGzCoxcLZ3CqwiSlxvcp_1EokMlmcT&x-i1ysm4mm--z=q, line 1: WEBGL_debug_renderer_info is deprecated in Firefox and will be removed. Please use RENDERER.
1681096301989	Marionette	INFO	Stopped listening on port 56119
Dynamically enable window occlusion 1
WARNING: A blocker encountered an error while we were waiting.
          Blocker:  Waiting for ping task
          Phase: TelemetryController: Waiting for pending ping activity
          State: (none)
WARNING: Error: Phase "profile-before-change" is finished, it is too late to register completion condition "OS.File: flush I/O queued before profileBeforeChange"
WARNING: addBlocker@resource://gre/modules/AsyncShutdown.sys.mjs:727:15
addBlocker@resource://gre/modules/AsyncShutdown.sys.mjs:523:26
addBlocker@resource://gre/modules/AsyncShutdown.sys.mjs:458:15
setupShutdown@resource://gre/modules/osfile/osfile_async_front.jsm:1548:28
@resource://gre/modules/osfile/osfile_async_front.jsm:1568:16
@resource://gre/modules/osfile.jsm:12:30
@resource://gre/modules/TelemetryStorage.sys.mjs:10:28
_checkPendingPings@resource://gre/modules/TelemetrySend.sys.mjs:863:17
setup@resource://gre/modules/TelemetrySend.sys.mjs:803:18
setup@resource://gre/modules/TelemetrySend.sys.mjs:241:30
setupTelemetry/this._delayedInitTask<@resource://gre/modules/TelemetryControllerParent.sys.mjs:828:36
observe@resource://gre/modules/AsyncShutdown.sys.mjs:576:16

console.error: "TelemetryScheduler.shutdown - Already shut down"
WARNING: A blocker encountered an error while we were waiting.
          Blocker:  Waiting for ping task
          Phase: TelemetryController: Waiting for pending ping activity
          State: (none)
WARNING: Error: Phase "profile-before-change" is finished, it is too late to register completion condition "OS.File: flush I/O queued before profileBeforeChange"
WARNING: addBlocker@resource://gre/modules/AsyncShutdown.sys.mjs:727:15
addBlocker@resource://gre/modules/AsyncShutdown.sys.mjs:523:26
addBlocker@resource://gre/modules/AsyncShutdown.sys.mjs:458:15
setupShutdown@resource://gre/modules/osfile/osfile_async_front.jsm:1548:28
@resource://gre/modules/osfile/osfile_async_front.jsm:1568:16
@resource://gre/modules/osfile.jsm:12:30
@resource://gre/modules/TelemetryStorage.sys.mjs:10:28
_checkPendingPings@resource://gre/modules/TelemetrySend.sys.mjs:863:17
setup@resource://gre/modules/TelemetrySend.sys.mjs:803:18
setup@resource://gre/modules/TelemetrySend.sys.mjs:241:30
setupTelemetry/this._delayedInitTask<@resource://gre/modules/TelemetryControllerParent.sys.mjs:828:36
observe@resource://gre/modules/AsyncShutdown.sys.mjs:576:16

WARNING: A blocker encountered an error while we were waiting.
          Blocker:  Waiting for ping task
          Phase: TelemetryController: Waiting for pending ping activity
          State: (none)
WARNING: Error: Phase "profile-before-change" is finished, it is too late to register completion condition "OS.File: flush I/O queued before profileBeforeChange"
WARNING: addBlocker@resource://gre/modules/AsyncShutdown.sys.mjs:727:15
addBlocker@resource://gre/modules/AsyncShutdown.sys.mjs:523:26
addBlocker@resource://gre/modules/AsyncShutdown.sys.mjs:458:15
setupShutdown@resource://gre/modules/osfile/osfile_async_front.jsm:1548:28
@resource://gre/modules/osfile/osfile_async_front.jsm:1568:16
@resource://gre/modules/osfile.jsm:12:30
@resource://gre/modules/TelemetryStorage.sys.mjs:10:28
_checkPendingPings@resource://gre/modules/TelemetrySend.sys.mjs:863:17
setup@resource://gre/modules/TelemetrySend.sys.mjs:803:18
setup@resource://gre/modules/TelemetrySend.sys.mjs:241:30
setupTelemetry/this._delayedInitTask<@resource://gre/modules/TelemetryControllerParent.sys.mjs:828:36
observe@resource://gre/modules/AsyncShutdown.sys.mjs:576:16

WARNING: A blocker encountered an error while we were waiting.
          Blocker:  TelemetryController: shutting down
          Phase: profile-before-change-telemetry
          State: Error getting state: Error: Phase "profile-before-change" is finished, it is too late to register completion condition "OS.File: flush I/O queued before profileBeforeChange" at addBlocker@resource://gre/modules/AsyncShutdown.sys.mjs:727:15
addBlocker@resource://gre/modules/AsyncShutdown.sys.mjs:523:26
addBlocker@resource://gre/modules/AsyncShutdown.sys.mjs:458:15
setupShutdown@resource://gre/modules/osfile/osfile_async_front.jsm:1548:28
@resource://gre/modules/osfile/osfile_async_front.jsm:1568:16
@resource://gre/modules/osfile.jsm:12:30
@resource://gre/modules/TelemetryStorage.sys.mjs:10:28
_checkPendingPings@resource://gre/modules/TelemetrySend.sys.mjs:863:17
setup@resource://gre/modules/TelemetrySend.sys.mjs:803:18
setup@resource://gre/modules/TelemetrySend.sys.mjs:241:30
setupTelemetry/this._delayedInitTask<@resource://gre/modules/TelemetryControllerParent.sys.mjs:828:36
observe@resource://gre/modules/AsyncShutdown.sys.mjs:576:16

WARNING: Error: Phase "profile-before-change" is finished, it is too late to register completion condition "OS.File: flush I/O queued before profileBeforeChange"
WARNING: addBlocker@resource://gre/modules/AsyncShutdown.sys.mjs:727:15
addBlockJer@raesvoauSrccer:i/p/tg ree/mrordourle:s r/eAssoynucrScheu:td/o/wng.rsyes/.mmojdusl:e5s2/3A:26
asdydnBcloSchkuetrdo@wrens.osuyrsc.e:m/j/gsr,e /lmiondeu 7l27e:s/ AEsryrnocrSh:u tPdhoawsne. s"ypsr.omjs:4f5i8l:1e5-b
eseftourpeS-hcuhatndgoew"n @riesso ufricnei:s/h/egdr,e /imto duilses /toosof illea/otsef itloe _raesgync_ifsrtonetr. jcsmo:m1p5l4e8t:io2n8 
c@orensdoiurtcieo:/n/ g"rOeS/.mFiodluel:e s/folsufsihl eI/o/sOf qiluee_uaesdy nc_frboenfto.jrsem: 1p5ro6f8i:l1eB6ef
@orreseoCurhcaen:g/e/"gr
e/modules/osfile.jsm:J1a2v:a3S0cr
@irpetso uerrcre:or/:/ grrees/omuordcuel:e/s//Tgelreeme/tmroydSutleosr/aAgsey.nsycsS.hmujtsd:o1w0n:2.8sy
s_.cmhjesc,k Pleinndei n7g2Pi7n:g sE@rrroers: Phase "profile-before-cohaungrece": /i/sgre /fmiondiulsehse/dT,e lietm eitrsy tSoenod .lsaytse. mtjos :r8egi6s3t:1e7r 
sceotmuplpe@treisoonu rccoen:d/i/tgrieo/nm od"ulOeSs/.TFeilelme:et rfylSuensdh. syIs/.mOj sq:u8e0u3e:d1 8b
seeftoupr@er epsoruorfciel:e/B/greef/omrodeulCheasn/Tgeel"em
eJtaryvSaeSndc.rsiypst. mjesr:r2o4r1:: 3r0e
sseotuuprceT:e/l/egmreet/rmyo/dtuhliess._/dAeslayynecdIShnuitTask<t@redsoowunrce:.s/y/sgr.mej/sm,o dulliense/ Te7le2m7e:t Error: rPyhCasoen t"rproolflierlPea-rebnetf.osryes-c.hmajnsg:e8"28 :i3s6 f
ionbissehrevde,@ irte siosu rtcoeo :l/a/tgre/meo dtuole sr/eAgsiysntceShru tcdoomwpnl.seytsi.omnj sc:5o7n6d:i1t6io
n
 "OS.File: flush I/O queued before profileBeforeChange"
JavaScript error: resource://gre/modules/AsyncShutdown.sys.mjs, line 727: Error: Phase "profile-before-change" is finished, it is too late to register completion condition "OS.File: flush I/O queued before profileBeforeChange"
JavaScript error: resource://gre/modules/AsyncShutdown.sys.mjs, line 727: Error: Phase "profile-before-change" is finished, it is too late to register completion condition "OS.File: flush I/O queued before profileBeforeChange"
JavaScript error: resource://gre/modules/AsyncShutdown.sys.mjs, line 727: Error: Phase "profile-before-change" is finished, it is too late to register completion condition "OS.File: flush I/O queued before profileBeforeChange"
]]></system-err>
  </testcase>
  <testcase name="Fitur Menu Baby #25" classname="Baby" time="9.036">
    <system-out><![CDATA[
@baby
Scenario Outline: Fitur Menu Baby &amp#27;[90m# src/test/resources/features/Baby.feature:37&amp#27;[0m
10:11:43.019 [main] INFO io.cucumber.core.plugin.SerenityReporter - Running feature from file:///C:/Users/alwi/IdeaProjects/uniqloweb/src/test/resources/features/Baby.feature
10:11:43.034 [main] INFO net.serenitybdd.core.webdriver.driverproviders.FirefoxDriverProvider - Using automatically driver download
10:11:43.132 [main] DEBUG io.github.bonigarcia.wdm.cache.ResolutionCache - Resolution firefox=111 in cache (valid until 10:32:56 10/04/2023 WIB)
10:11:43.135 [main] DEBUG io.github.bonigarcia.wdm.cache.ResolutionCache - Resolution firefox111=0.32.2 in cache (valid until 19:30:50 10/04/2023 WIB)
10:11:43.136 [main] INFO io.github.bonigarcia.wdm.WebDriverManager - Using geckodriver 0.32.2 (resolved driver for Firefox 111)
10:11:43.147 [main] DEBUG io.github.bonigarcia.wdm.WebDriverManager - Driver geckodriver 0.32.2 found in cache
10:11:43.147 [main] INFO io.github.bonigarcia.wdm.WebDriverManager - Exporting webdriver.gecko.driver as C:\Users\alwi\.cache\selenium\geckodriver\win64\0.32.2\geckodriver.exe
10:11:43.157 [main] DEBUG net.serenitybdd.core.webdriver.driverproviders.ProvideNewDriver - Instantiating driver
10:11:43.157 [main] DEBUG net.serenitybdd.core.webdriver.driverproviders.ProvideNewDriver - Driver capabilities: Capabilities {acceptInsecureCerts: true, browserName: firefox, moz:debuggerAddress: true, moz:firefoxOptions: {args: [], profile: UEsDBBQACAgIAHVRilYAAAAAAAA...}}
10:11:43.220 [AsyncHttpClient-1-1] DEBUG org.asynchttpclient.netty.channel.DefaultChannelPool - Entry count for : http://localhost:59524 : 1
10:11:43.220 [AsyncHttpClient-1-1] DEBUG org.asynchttpclient.netty.channel.DefaultChannelPool - Adding Candidate expired Channel [id: 0xc6107f30, L:/127.0.0.1:56113 ! R:localhost/127.0.0.1:59524] isIdleTimeoutExpired=false isRemotelyClosed=true isTtlExpired=false
10:11:43.220 [AsyncHttpClient-1-1] DEBUG org.asynchttpclient.netty.channel.DefaultChannelPool - Closing Idle Channel [id: 0xc6107f30, L:/127.0.0.1:56113 ! R:localhost/127.0.0.1:59524]
10:11:43.220 [AsyncHttpClient-1-1] DEBUG org.asynchttpclient.netty.channel.DefaultChannelPool - Closed 1 connections out of 1 in 0 ms
10:11:43.686 [AsyncHttpClient-1-4] DEBUG org.asynchttpclient.netty.channel.NettyConnectListener - Using new Channel '[id: 0xdf13a03c, L:/127.0.0.1:56212 - R:localhost/127.0.0.1:56018]' for 'POST' to '/session'
10:11:45.980 [AsyncHttpClient-1-4] DEBUG org.asynchttpclient.netty.handler.HttpHandler - 

Request DefaultHttpRequest(decodeResult: success, version: HTTP/1.1)
POST /session HTTP/1.1
User-Agent: selenium/4.1.2 (java windows)
Content-Length: 3673
Content-Type: application/json; charset=utf-8
host: localhost:56018
accept: */*

Response DefaultHttpResponse(decodeResult: success, version: HTTP/1.1)
HTTP/1.1 200 OK
content-type: application/json; charset=utf-8
cache-control: no-cache
date: Mon, 10 Apr 2023 03:11:43 GMT
content-length: 790

10:11:45.980 [AsyncHttpClient-1-4] DEBUG org.asynchttpclient.netty.channel.ChannelManager - Adding key: http://localhost:56018 for channel [id: 0xdf13a03c, L:/127.0.0.1:56212 - R:localhost/127.0.0.1:56018]
10:11:45.986 [AsyncHttpClient-1-5] DEBUG org.asynchttpclient.netty.channel.NettyConnectListener - Using new Channel '[id: 0x9fdf19a8, L:/127.0.0.1:56231 - R:/127.0.0.1:58328]' for 'GET' to '/json/version'
10:11:45.988 [AsyncHttpClient-1-5] DEBUG org.asynchttpclient.netty.handler.HttpHandler - 

Request DefaultFullHttpRequest(decodeResult: success, version: HTTP/1.1, content: EmptyByteBufBE)
GET /json/version HTTP/1.1
User-Agent: selenium/4.1.2 (java windows)
host: 127.0.0.1:58328
accept: */*

Response DefaultHttpResponse(decodeResult: success, version: HTTP/1.1)
HTTP/1.1 200 OK
content-type: application/json
connection: close
server: httpd.js
date: Mon, 10 Apr 2023 03:11:45 GMT
content-length: 311

10:11:45.989 [AsyncHttpClient-1-5] DEBUG org.asynchttpclient.netty.channel.ChannelManager - Closing Channel [id: 0x9fdf19a8, L:/127.0.0.1:56231 - R:/127.0.0.1:58328] 
10:11:45.989 [AsyncHttpClient-1-5] DEBUG org.asynchttpclient.netty.handler.HttpHandler - Channel Closed: [id: 0x9fdf19a8, L:/127.0.0.1:56231 ! R:/127.0.0.1:58328] with attribute DISCARD
10:11:45.991 [Forwarding get on session 13e6f1e6-ff83-4132-ab95-213fbd67152a to remote] DEBUG org.asynchttpclient.netty.request.NettyRequestSender - Using pooled Channel '[id: 0xdf13a03c, L:/127.0.0.1:56212 - R:localhost/127.0.0.1:56018]' for 'POST' to 'http://localhost:56018/session/13e6f1e6-ff83-4132-ab95-213fbd67152a/url'
10:11:45.991 [Forwarding get on session 13e6f1e6-ff83-4132-ab95-213fbd67152a to remote] DEBUG org.asynchttpclient.netty.request.NettyRequestSender - Using open Channel [id: 0xdf13a03c, L:/127.0.0.1:56212 - R:localhost/127.0.0.1:56018] for POST '/session/13e6f1e6-ff83-4132-ab95-213fbd67152a/url'
10:11:47.744 [AsyncHttpClient-1-4] DEBUG org.asynchttpclient.netty.handler.HttpHandler - 

Request DefaultHttpRequest(decodeResult: success, version: HTTP/1.1)
POST /session/13e6f1e6-ff83-4132-ab95-213fbd67152a/url HTTP/1.1
User-Agent: selenium/4.1.2 (java windows)
Content-Length: 69
Content-Type: application/json; charset=utf-8
host: localhost:56018
accept: */*

Response DefaultHttpResponse(decodeResult: success, version: HTTP/1.1)
HTTP/1.1 200 OK
content-type: application/json; charset=utf-8
cache-control: no-cache
date: Mon, 10 Apr 2023 03:11:45 GMT
content-length: 14

10:11:47.744 [AsyncHttpClient-1-4] DEBUG org.asynchttpclient.netty.channel.ChannelManager - Adding key: http://localhost:56018 for channel [id: 0xdf13a03c, L:/127.0.0.1:56212 - R:localhost/127.0.0.1:56018]
10:11:47.745 [Forwarding setTimeout on session 13e6f1e6-ff83-4132-ab95-213fbd67152a to remote] DEBUG org.asynchttpclient.netty.request.NettyRequestSender - Using pooled Channel '[id: 0xdf13a03c, L:/127.0.0.1:56212 - R:localhost/127.0.0.1:56018]' for 'POST' to 'http://localhost:56018/session/13e6f1e6-ff83-4132-ab95-213fbd67152a/timeouts'
10:11:47.745 [Forwarding setTimeout on session 13e6f1e6-ff83-4132-ab95-213fbd67152a to remote] DEBUG org.asynchttpclient.netty.request.NettyRequestSender - Using open Channel [id: 0xdf13a03c, L:/127.0.0.1:56212 - R:localhost/127.0.0.1:56018] for POST '/session/13e6f1e6-ff83-4132-ab95-213fbd67152a/timeouts'
10:11:47.747 [AsyncHttpClient-1-4] DEBUG org.asynchttpclient.netty.handler.HttpHandler - 

Request DefaultHttpRequest(decodeResult: success, version: HTTP/1.1)
POST /session/13e6f1e6-ff83-4132-ab95-213fbd67152a/timeouts HTTP/1.1
User-Agent: selenium/4.1.2 (java windows)
Content-Length: 22
Content-Type: application/json; charset=utf-8
host: localhost:56018
accept: */*

Response DefaultHttpResponse(decodeResult: success, version: HTTP/1.1)
HTTP/1.1 200 OK
content-type: application/json; charset=utf-8
cache-control: no-cache
date: Mon, 10 Apr 2023 03:11:47 GMT
content-length: 14

10:11:47.747 [AsyncHttpClient-1-4] DEBUG org.asynchttpclient.netty.channel.ChannelManager - Adding key: http://localhost:56018 for channel [id: 0xdf13a03c, L:/127.0.0.1:56212 - R:localhost/127.0.0.1:56018]
10:11:47.749 [Forwarding getCurrentUrl on session 13e6f1e6-ff83-4132-ab95-213fbd67152a to remote] DEBUG org.asynchttpclient.netty.request.NettyRequestSender - Using pooled Channel '[id: 0xdf13a03c, L:/127.0.0.1:56212 - R:localhost/127.0.0.1:56018]' for 'GET' to 'http://localhost:56018/session/13e6f1e6-ff83-4132-ab95-213fbd67152a/url'
10:11:47.749 [Forwarding getCurrentUrl on session 13e6f1e6-ff83-4132-ab95-213fbd67152a to remote] DEBUG org.asynchttpclient.netty.request.NettyRequestSender - Using open Channel [id: 0xdf13a03c, L:/127.0.0.1:56212 - R:localhost/127.0.0.1:56018] for GET '/session/13e6f1e6-ff83-4132-ab95-213fbd67152a/url'
10:11:47.751 [AsyncHttpClient-1-4] DEBUG org.asynchttpclient.netty.handler.HttpHandler - 

Request DefaultFullHttpRequest(decodeResult: success, version: HTTP/1.1, content: EmptyByteBufBE)
GET /session/13e6f1e6-ff83-4132-ab95-213fbd67152a/url HTTP/1.1
User-Agent: selenium/4.1.2 (java windows)
Cache-Control: no-cache
Content-Type: application/json; charset=utf-8
host: localhost:56018
accept: */*

Response DefaultHttpResponse(decodeResult: success, version: HTTP/1.1)
HTTP/1.1 200 OK
content-type: application/json; charset=utf-8
cache-control: no-cache
date: Mon, 10 Apr 2023 03:11:47 GMT
content-length: 41

10:11:47.751 [AsyncHttpClient-1-4] DEBUG org.asynchttpclient.netty.channel.ChannelManager - Adding key: http://localhost:56018 for channel [id: 0xdf13a03c, L:/127.0.0.1:56212 - R:localhost/127.0.0.1:56018]
  &amp#27;[32mGiven &amp#27;[0m&amp#27;[32mI am on the home page&amp#27;[0m     &amp#27;[90m# starter.stepdefinitions.BabyStep.iAmOnTheHomePage()&amp#27;[0m
10:11:47.755 [Forwarding screenshot on session 13e6f1e6-ff83-4132-ab95-213fbd67152a to remote] DEBUG org.asynchttpclient.netty.request.NettyRequestSender - Using pooled Channel '[id: 0xdf13a03c, L:/127.0.0.1:56212 - R:localhost/127.0.0.1:56018]' for 'GET' to 'http://localhost:56018/session/13e6f1e6-ff83-4132-ab95-213fbd67152a/screenshot'
10:11:47.755 [Forwarding screenshot on session 13e6f1e6-ff83-4132-ab95-213fbd67152a to remote] DEBUG org.asynchttpclient.netty.request.NettyRequestSender - Using open Channel [id: 0xdf13a03c, L:/127.0.0.1:56212 - R:localhost/127.0.0.1:56018] for GET '/session/13e6f1e6-ff83-4132-ab95-213fbd67152a/screenshot'
10:11:47.810 [AsyncHttpClient-1-4] DEBUG org.asynchttpclient.netty.handler.HttpHandler - 

Request DefaultFullHttpRequest(decodeResult: success, version: HTTP/1.1, content: EmptyByteBufBE)
GET /session/13e6f1e6-ff83-4132-ab95-213fbd67152a/screenshot HTTP/1.1
User-Agent: selenium/4.1.2 (java windows)
Cache-Control: no-cache
Content-Type: application/json; charset=utf-8
host: localhost:56018
accept: */*

Response DefaultHttpResponse(decodeResult: success, version: HTTP/1.1)
HTTP/1.1 200 OK
content-type: application/json; charset=utf-8
cache-control: no-cache
date: Mon, 10 Apr 2023 03:11:47 GMT
content-length: 72744

10:11:47.810 [AsyncHttpClient-1-4] DEBUG org.asynchttpclient.netty.channel.ChannelManager - Adding key: http://localhost:56018 for channel [id: 0xdf13a03c, L:/127.0.0.1:56212 - R:localhost/127.0.0.1:56018]
10:11:47.813 [main] DEBUG net.serenitybdd.core.photography.Darkroom - Send negative for processing for target\site\serenity\c6760bc32bd1230bd69f73965a6a091f14d0339ba201a5755cc0d74f481e931b.png
10:11:47.822 [Forwarding findElement on session 13e6f1e6-ff83-4132-ab95-213fbd67152a to remote] DEBUG org.asynchttpclient.netty.request.NettyRequestSender - Using pooled Channel '[id: 0xdf13a03c, L:/127.0.0.1:56212 - R:localhost/127.0.0.1:56018]' for 'POST' to 'http://localhost:56018/session/13e6f1e6-ff83-4132-ab95-213fbd67152a/element'
10:11:47.822 [Forwarding findElement on session 13e6f1e6-ff83-4132-ab95-213fbd67152a to remote] DEBUG org.asynchttpclient.netty.request.NettyRequestSender - Using open Channel [id: 0xdf13a03c, L:/127.0.0.1:56212 - R:localhost/127.0.0.1:56018] for POST '/session/13e6f1e6-ff83-4132-ab95-213fbd67152a/element'
10:11:48.334 [AsyncHttpClient-1-4] DEBUG org.asynchttpclient.netty.handler.HttpHandler - 

Request DefaultHttpRequest(decodeResult: success, version: HTTP/1.1)
POST /session/13e6f1e6-ff83-4132-ab95-213fbd67152a/element HTTP/1.1
User-Agent: selenium/4.1.2 (java windows)
Content-Length: 81
Content-Type: application/json; charset=utf-8
host: localhost:56018
accept: */*

Response DefaultHttpResponse(decodeResult: success, version: HTTP/1.1)
HTTP/1.1 200 OK
content-type: application/json; charset=utf-8
cache-control: no-cache
date: Mon, 10 Apr 2023 03:11:47 GMT
content-length: 88

10:11:48.334 [AsyncHttpClient-1-4] DEBUG org.asynchttpclient.netty.channel.ChannelManager - Adding key: http://localhost:56018 for channel [id: 0xdf13a03c, L:/127.0.0.1:56212 - R:localhost/127.0.0.1:56018]
10:11:48.336 [Forwarding getElementTagName on session 13e6f1e6-ff83-4132-ab95-213fbd67152a to remote] DEBUG org.asynchttpclient.netty.request.NettyRequestSender - Using pooled Channel '[id: 0xdf13a03c, L:/127.0.0.1:56212 - R:localhost/127.0.0.1:56018]' for 'GET' to 'http://localhost:56018/session/13e6f1e6-ff83-4132-ab95-213fbd67152a/element/56a5006f-ecf1-4baf-884c-fede6461d77c/name'
10:11:48.336 [Forwarding getElementTagName on session 13e6f1e6-ff83-4132-ab95-213fbd67152a to remote] DEBUG org.asynchttpclient.netty.request.NettyRequestSender - Using open Channel [id: 0xdf13a03c, L:/127.0.0.1:56212 - R:localhost/127.0.0.1:56018] for GET '/session/13e6f1e6-ff83-4132-ab95-213fbd67152a/element/56a5006f-ecf1-4baf-884c-fede6461d77c/name'
10:11:48.405 [AsyncHttpClient-1-4] DEBUG org.asynchttpclient.netty.handler.HttpHandler - 

Request DefaultFullHttpRequest(decodeResult: success, version: HTTP/1.1, content: EmptyByteBufBE)
GET /session/13e6f1e6-ff83-4132-ab95-213fbd67152a/element/56a5006f-ecf1-4baf-884c-fede6461d77c/name HTTP/1.1
User-Agent: selenium/4.1.2 (java windows)
Cache-Control: no-cache
Content-Type: application/json; charset=utf-8
host: localhost:56018
accept: */*

Response DefaultHttpResponse(decodeResult: success, version: HTTP/1.1)
HTTP/1.1 200 OK
content-type: application/json; charset=utf-8
cache-control: no-cache
date: Mon, 10 Apr 2023 03:11:47 GMT
content-length: 16

10:11:48.405 [AsyncHttpClient-1-4] DEBUG org.asynchttpclient.netty.channel.ChannelManager - Adding key: http://localhost:56018 for channel [id: 0xdf13a03c, L:/127.0.0.1:56212 - R:localhost/127.0.0.1:56018]
10:11:48.407 [Forwarding getElementTagName on session 13e6f1e6-ff83-4132-ab95-213fbd67152a to remote] DEBUG org.asynchttpclient.netty.request.NettyRequestSender - Using pooled Channel '[id: 0xdf13a03c, L:/127.0.0.1:56212 - R:localhost/127.0.0.1:56018]' for 'GET' to 'http://localhost:56018/session/13e6f1e6-ff83-4132-ab95-213fbd67152a/element/56a5006f-ecf1-4baf-884c-fede6461d77c/name'
10:11:48.407 [Forwarding getElementTagName on session 13e6f1e6-ff83-4132-ab95-213fbd67152a to remote] DEBUG org.asynchttpclient.netty.request.NettyRequestSender - Using open Channel [id: 0xdf13a03c, L:/127.0.0.1:56212 - R:localhost/127.0.0.1:56018] for GET '/session/13e6f1e6-ff83-4132-ab95-213fbd67152a/element/56a5006f-ecf1-4baf-884c-fede6461d77c/name'
10:11:48.450 [AsyncHttpClient-1-4] DEBUG org.asynchttpclient.netty.handler.HttpHandler - 

Request DefaultFullHttpRequest(decodeResult: success, version: HTTP/1.1, content: EmptyByteBufBE)
GET /session/13e6f1e6-ff83-4132-ab95-213fbd67152a/element/56a5006f-ecf1-4baf-884c-fede6461d77c/name HTTP/1.1
User-Agent: selenium/4.1.2 (java windows)
Cache-Control: no-cache
Content-Type: application/json; charset=utf-8
host: localhost:56018
accept: */*

Response DefaultHttpResponse(decodeResult: success, version: HTTP/1.1)
HTTP/1.1 200 OK
content-type: application/json; charset=utf-8
cache-control: no-cache
date: Mon, 10 Apr 2023 03:11:47 GMT
content-length: 16

10:11:48.450 [AsyncHttpClient-1-4] DEBUG org.asynchttpclient.netty.channel.ChannelManager - Adding key: http://localhost:56018 for channel [id: 0xdf13a03c, L:/127.0.0.1:56212 - R:localhost/127.0.0.1:56018]
10:11:48.452 [Forwarding findElement on session 13e6f1e6-ff83-4132-ab95-213fbd67152a to remote] DEBUG org.asynchttpclient.netty.request.NettyRequestSender - Using pooled Channel '[id: 0xdf13a03c, L:/127.0.0.1:56212 - R:localhost/127.0.0.1:56018]' for 'POST' to 'http://localhost:56018/session/13e6f1e6-ff83-4132-ab95-213fbd67152a/element'
10:11:48.452 [Forwarding findElement on session 13e6f1e6-ff83-4132-ab95-213fbd67152a to remote] DEBUG org.asynchttpclient.netty.request.NettyRequestSender - Using open Channel [id: 0xdf13a03c, L:/127.0.0.1:56212 - R:localhost/127.0.0.1:56018] for POST '/session/13e6f1e6-ff83-4132-ab95-213fbd67152a/element'
10:11:48.517 [AsyncHttpClient-1-4] DEBUG org.asynchttpclient.netty.handler.HttpHandler - 

Request DefaultHttpRequest(decodeResult: success, version: HTTP/1.1)
POST /session/13e6f1e6-ff83-4132-ab95-213fbd67152a/element HTTP/1.1
User-Agent: selenium/4.1.2 (java windows)
Content-Length: 81
Content-Type: application/json; charset=utf-8
host: localhost:56018
accept: */*

Response DefaultHttpResponse(decodeResult: success, version: HTTP/1.1)
HTTP/1.1 200 OK
content-type: application/json; charset=utf-8
cache-control: no-cache
date: Mon, 10 Apr 2023 03:11:47 GMT
content-length: 88

10:11:48.517 [AsyncHttpClient-1-4] DEBUG org.asynchttpclient.netty.channel.ChannelManager - Adding key: http://localhost:56018 for channel [id: 0xdf13a03c, L:/127.0.0.1:56212 - R:localhost/127.0.0.1:56018]
10:11:48.518 [Forwarding clickElement on session 13e6f1e6-ff83-4132-ab95-213fbd67152a to remote] DEBUG org.asynchttpclient.netty.request.NettyRequestSender - Using pooled Channel '[id: 0xdf13a03c, L:/127.0.0.1:56212 - R:localhost/127.0.0.1:56018]' for 'POST' to 'http://localhost:56018/session/13e6f1e6-ff83-4132-ab95-213fbd67152a/element/56a5006f-ecf1-4baf-884c-fede6461d77c/click'
10:11:48.518 [Forwarding clickElement on session 13e6f1e6-ff83-4132-ab95-213fbd67152a to remote] DEBUG org.asynchttpclient.netty.request.NettyRequestSender - Using open Channel [id: 0xdf13a03c, L:/127.0.0.1:56212 - R:localhost/127.0.0.1:56018] for POST '/session/13e6f1e6-ff83-4132-ab95-213fbd67152a/element/56a5006f-ecf1-4baf-884c-fede6461d77c/click'
10:11:49.202 [AsyncHttpClient-1-4] DEBUG org.asynchttpclient.netty.handler.HttpHandler - 

Request DefaultHttpRequest(decodeResult: success, version: HTTP/1.1)
POST /session/13e6f1e6-ff83-4132-ab95-213fbd67152a/element/56a5006f-ecf1-4baf-884c-fede6461d77c/click HTTP/1.1
User-Agent: selenium/4.1.2 (java windows)
Content-Length: 50
Content-Type: application/json; charset=utf-8
host: localhost:56018
accept: */*

Response DefaultHttpResponse(decodeResult: success, version: HTTP/1.1)
HTTP/1.1 200 OK
content-type: application/json; charset=utf-8
cache-control: no-cache
date: Mon, 10 Apr 2023 03:11:47 GMT
content-length: 14

10:11:49.203 [AsyncHttpClient-1-4] DEBUG org.asynchttpclient.netty.channel.ChannelManager - Adding key: http://localhost:56018 for channel [id: 0xdf13a03c, L:/127.0.0.1:56212 - R:localhost/127.0.0.1:56018]
  &amp#27;[32mThen &amp#27;[0m&amp#27;[32mI click baby on the header&amp#27;[0m &amp#27;[90m# starter.stepdefinitions.BabyStep.iClickBabyOnTheHeader()&amp#27;[0m
10:11:49.207 [Forwarding screenshot on session 13e6f1e6-ff83-4132-ab95-213fbd67152a to remote] DEBUG org.asynchttpclient.netty.request.NettyRequestSender - Using pooled Channel '[id: 0xdf13a03c, L:/127.0.0.1:56212 - R:localhost/127.0.0.1:56018]' for 'GET' to 'http://localhost:56018/session/13e6f1e6-ff83-4132-ab95-213fbd67152a/screenshot'
10:11:49.207 [Forwarding screenshot on session 13e6f1e6-ff83-4132-ab95-213fbd67152a to remote] DEBUG org.asynchttpclient.netty.request.NettyRequestSender - Using open Channel [id: 0xdf13a03c, L:/127.0.0.1:56212 - R:localhost/127.0.0.1:56018] for GET '/session/13e6f1e6-ff83-4132-ab95-213fbd67152a/screenshot'
10:11:49.406 [AsyncHttpClient-1-4] DEBUG org.asynchttpclient.netty.handler.HttpHandler - 

Request DefaultFullHttpRequest(decodeResult: success, version: HTTP/1.1, content: EmptyByteBufBE)
GET /session/13e6f1e6-ff83-4132-ab95-213fbd67152a/screenshot HTTP/1.1
User-Agent: selenium/4.1.2 (java windows)
Cache-Control: no-cache
Content-Type: application/json; charset=utf-8
host: localhost:56018
accept: */*

Response DefaultHttpResponse(decodeResult: success, version: HTTP/1.1)
HTTP/1.1 200 OK
content-type: application/json; charset=utf-8
cache-control: no-cache
date: Mon, 10 Apr 2023 03:11:49 GMT
content-length: 98024

10:11:49.406 [AsyncHttpClient-1-4] DEBUG org.asynchttpclient.netty.channel.ChannelManager - Adding key: http://localhost:56018 for channel [id: 0xdf13a03c, L:/127.0.0.1:56212 - R:localhost/127.0.0.1:56018]
10:11:49.409 [main] DEBUG net.serenitybdd.core.photography.Darkroom - Send negative for processing for target\site\serenity\bcb9a8d665d2c58a930e922f816fcc3ebc2aef855b882f3d531e7c9aa320b06d.png
10:11:49.420 [Forwarding findElement on session 13e6f1e6-ff83-4132-ab95-213fbd67152a to remote] DEBUG org.asynchttpclient.netty.request.NettyRequestSender - Using pooled Channel '[id: 0xdf13a03c, L:/127.0.0.1:56212 - R:localhost/127.0.0.1:56018]' for 'POST' to 'http://localhost:56018/session/13e6f1e6-ff83-4132-ab95-213fbd67152a/element'
10:11:49.420 [Forwarding findElement on session 13e6f1e6-ff83-4132-ab95-213fbd67152a to remote] DEBUG org.asynchttpclient.netty.request.NettyRequestSender - Using open Channel [id: 0xdf13a03c, L:/127.0.0.1:56212 - R:localhost/127.0.0.1:56018] for POST '/session/13e6f1e6-ff83-4132-ab95-213fbd67152a/element'
10:11:49.503 [AsyncHttpClient-1-4] DEBUG org.asynchttpclient.netty.handler.HttpHandler - 

Request DefaultHttpRequest(decodeResult: success, version: HTTP/1.1)
POST /session/13e6f1e6-ff83-4132-ab95-213fbd67152a/element HTTP/1.1
User-Agent: selenium/4.1.2 (java windows)
Content-Length: 107
Content-Type: application/json; charset=utf-8
host: localhost:56018
accept: */*

Response DefaultHttpResponse(decodeResult: success, version: HTTP/1.1)
HTTP/1.1 200 OK
content-type: application/json; charset=utf-8
cache-control: no-cache
date: Mon, 10 Apr 2023 03:11:49 GMT
content-length: 88

10:11:49.503 [AsyncHttpClient-1-4] DEBUG org.asynchttpclient.netty.channel.ChannelManager - Adding key: http://localhost:56018 for channel [id: 0xdf13a03c, L:/127.0.0.1:56212 - R:localhost/127.0.0.1:56018]
10:11:49.504 [Forwarding getElementTagName on session 13e6f1e6-ff83-4132-ab95-213fbd67152a to remote] DEBUG org.asynchttpclient.netty.request.NettyRequestSender - Using pooled Channel '[id: 0xdf13a03c, L:/127.0.0.1:56212 - R:localhost/127.0.0.1:56018]' for 'GET' to 'http://localhost:56018/session/13e6f1e6-ff83-4132-ab95-213fbd67152a/element/1488dfd5-2a89-4e27-adf4-2b843c46339e/name'
10:11:49.504 [Forwarding getElementTagName on session 13e6f1e6-ff83-4132-ab95-213fbd67152a to remote] DEBUG org.asynchttpclient.netty.request.NettyRequestSender - Using open Channel [id: 0xdf13a03c, L:/127.0.0.1:56212 - R:localhost/127.0.0.1:56018] for GET '/session/13e6f1e6-ff83-4132-ab95-213fbd67152a/element/1488dfd5-2a89-4e27-adf4-2b843c46339e/name'
10:11:49.590 [AsyncHttpClient-1-4] DEBUG org.asynchttpclient.netty.handler.HttpHandler - 

Request DefaultFullHttpRequest(decodeResult: success, version: HTTP/1.1, content: EmptyByteBufBE)
GET /session/13e6f1e6-ff83-4132-ab95-213fbd67152a/element/1488dfd5-2a89-4e27-adf4-2b843c46339e/name HTTP/1.1
User-Agent: selenium/4.1.2 (java windows)
Cache-Control: no-cache
Content-Type: application/json; charset=utf-8
host: localhost:56018
accept: */*

Response DefaultHttpResponse(decodeResult: success, version: HTTP/1.1)
HTTP/1.1 200 OK
content-type: application/json; charset=utf-8
cache-control: no-cache
date: Mon, 10 Apr 2023 03:11:49 GMT
content-length: 16

10:11:49.591 [AsyncHttpClient-1-4] DEBUG org.asynchttpclient.netty.channel.ChannelManager - Adding key: http://localhost:56018 for channel [id: 0xdf13a03c, L:/127.0.0.1:56212 - R:localhost/127.0.0.1:56018]
10:11:49.593 [Forwarding getElementTagName on session 13e6f1e6-ff83-4132-ab95-213fbd67152a to remote] DEBUG org.asynchttpclient.netty.request.NettyRequestSender - Using pooled Channel '[id: 0xdf13a03c, L:/127.0.0.1:56212 - R:localhost/127.0.0.1:56018]' for 'GET' to 'http://localhost:56018/session/13e6f1e6-ff83-4132-ab95-213fbd67152a/element/1488dfd5-2a89-4e27-adf4-2b843c46339e/name'
10:11:49.593 [Forwarding getElementTagName on session 13e6f1e6-ff83-4132-ab95-213fbd67152a to remote] DEBUG org.asynchttpclient.netty.request.NettyRequestSender - Using open Channel [id: 0xdf13a03c, L:/127.0.0.1:56212 - R:localhost/127.0.0.1:56018] for GET '/session/13e6f1e6-ff83-4132-ab95-213fbd67152a/element/1488dfd5-2a89-4e27-adf4-2b843c46339e/name'
10:11:49.653 [AsyncHttpClient-1-4] DEBUG org.asynchttpclient.netty.handler.HttpHandler - 

Request DefaultFullHttpRequest(decodeResult: success, version: HTTP/1.1, content: EmptyByteBufBE)
GET /session/13e6f1e6-ff83-4132-ab95-213fbd67152a/element/1488dfd5-2a89-4e27-adf4-2b843c46339e/name HTTP/1.1
User-Agent: selenium/4.1.2 (java windows)
Cache-Control: no-cache
Content-Type: application/json; charset=utf-8
host: localhost:56018
accept: */*

Response DefaultHttpResponse(decodeResult: success, version: HTTP/1.1)
HTTP/1.1 200 OK
content-type: application/json; charset=utf-8
cache-control: no-cache
date: Mon, 10 Apr 2023 03:11:49 GMT
content-length: 16

10:11:49.654 [AsyncHttpClient-1-4] DEBUG org.asynchttpclient.netty.channel.ChannelManager - Adding key: http://localhost:56018 for channel [id: 0xdf13a03c, L:/127.0.0.1:56212 - R:localhost/127.0.0.1:56018]
10:11:49.656 [Forwarding findElement on session 13e6f1e6-ff83-4132-ab95-213fbd67152a to remote] DEBUG org.asynchttpclient.netty.request.NettyRequestSender - Using pooled Channel '[id: 0xdf13a03c, L:/127.0.0.1:56212 - R:localhost/127.0.0.1:56018]' for 'POST' to 'http://localhost:56018/session/13e6f1e6-ff83-4132-ab95-213fbd67152a/element'
10:11:49.656 [Forwarding findElement on session 13e6f1e6-ff83-4132-ab95-213fbd67152a to remote] DEBUG org.asynchttpclient.netty.request.NettyRequestSender - Using open Channel [id: 0xdf13a03c, L:/127.0.0.1:56212 - R:localhost/127.0.0.1:56018] for POST '/session/13e6f1e6-ff83-4132-ab95-213fbd67152a/element'
10:11:49.767 [AsyncHttpClient-1-4] DEBUG org.asynchttpclient.netty.handler.HttpHandler - 

Request DefaultHttpRequest(decodeResult: success, version: HTTP/1.1)
POST /session/13e6f1e6-ff83-4132-ab95-213fbd67152a/element HTTP/1.1
User-Agent: selenium/4.1.2 (java windows)
Content-Length: 107
Content-Type: application/json; charset=utf-8
host: localhost:56018
accept: */*

Response DefaultHttpResponse(decodeResult: success, version: HTTP/1.1)
HTTP/1.1 200 OK
content-type: application/json; charset=utf-8
cache-control: no-cache
date: Mon, 10 Apr 2023 03:11:49 GMT
content-length: 88

10:11:49.768 [AsyncHttpClient-1-4] DEBUG org.asynchttpclient.netty.channel.ChannelManager - Adding key: http://localhost:56018 for channel [id: 0xdf13a03c, L:/127.0.0.1:56212 - R:localhost/127.0.0.1:56018]
10:11:49.768 [Forwarding clickElement on session 13e6f1e6-ff83-4132-ab95-213fbd67152a to remote] DEBUG org.asynchttpclient.netty.request.NettyRequestSender - Using pooled Channel '[id: 0xdf13a03c, L:/127.0.0.1:56212 - R:localhost/127.0.0.1:56018]' for 'POST' to 'http://localhost:56018/session/13e6f1e6-ff83-4132-ab95-213fbd67152a/element/1488dfd5-2a89-4e27-adf4-2b843c46339e/click'
10:11:49.768 [Forwarding clickElement on session 13e6f1e6-ff83-4132-ab95-213fbd67152a to remote] DEBUG org.asynchttpclient.netty.request.NettyRequestSender - Using open Channel [id: 0xdf13a03c, L:/127.0.0.1:56212 - R:localhost/127.0.0.1:56018] for POST '/session/13e6f1e6-ff83-4132-ab95-213fbd67152a/element/1488dfd5-2a89-4e27-adf4-2b843c46339e/click'
10:11:50.248 [AsyncHttpClient-1-4] DEBUG org.asynchttpclient.netty.handler.HttpHandler - 

Request DefaultHttpRequest(decodeResult: success, version: HTTP/1.1)
POST /session/13e6f1e6-ff83-4132-ab95-213fbd67152a/element/1488dfd5-2a89-4e27-adf4-2b843c46339e/click HTTP/1.1
User-Agent: selenium/4.1.2 (java windows)
Content-Length: 50
Content-Type: application/json; charset=utf-8
host: localhost:56018
accept: */*

Response DefaultHttpResponse(decodeResult: success, version: HTTP/1.1)
HTTP/1.1 200 OK
content-type: application/json; charset=utf-8
cache-control: no-cache
date: Mon, 10 Apr 2023 03:11:49 GMT
content-length: 14

10:11:50.249 [AsyncHttpClient-1-4] DEBUG org.asynchttpclient.netty.channel.ChannelManager - Adding key: http://localhost:56018 for channel [id: 0xdf13a03c, L:/127.0.0.1:56212 - R:localhost/127.0.0.1:56018]
  &amp#27;[32mWhen &amp#27;[0m&amp#27;[32mI will go to &amp#27;[0m&amp#27;[32m&amp#27;[1m"kaosKaki2"&amp#27;[0m   &amp#27;[90m# starter.stepdefinitions.BabyStep.iWillGoTo(java.lang.String)&amp#27;[0m
10:11:50.256 [Forwarding screenshot on session 13e6f1e6-ff83-4132-ab95-213fbd67152a to remote] DEBUG org.asynchttpclient.netty.request.NettyRequestSender - Using pooled Channel '[id: 0xdf13a03c, L:/127.0.0.1:56212 - R:localhost/127.0.0.1:56018]' for 'GET' to 'http://localhost:56018/session/13e6f1e6-ff83-4132-ab95-213fbd67152a/screenshot'
10:11:50.256 [Forwarding screenshot on session 13e6f1e6-ff83-4132-ab95-213fbd67152a to remote] DEBUG org.asynchttpclient.netty.request.NettyRequestSender - Using open Channel [id: 0xdf13a03c, L:/127.0.0.1:56212 - R:localhost/127.0.0.1:56018] for GET '/session/13e6f1e6-ff83-4132-ab95-213fbd67152a/screenshot'
10:11:50.459 [AsyncHttpClient-1-4] DEBUG org.asynchttpclient.netty.handler.HttpHandler - 

Request DefaultFullHttpRequest(decodeResult: success, version: HTTP/1.1, content: EmptyByteBufBE)
GET /session/13e6f1e6-ff83-4132-ab95-213fbd67152a/screenshot HTTP/1.1
User-Agent: selenium/4.1.2 (java windows)
Cache-Control: no-cache
Content-Type: application/json; charset=utf-8
host: localhost:56018
accept: */*

Response DefaultHttpResponse(decodeResult: success, version: HTTP/1.1)
HTTP/1.1 200 OK
content-type: application/json; charset=utf-8
cache-control: no-cache
date: Mon, 10 Apr 2023 03:11:50 GMT
content-length: 81516

10:11:50.460 [AsyncHttpClient-1-4] DEBUG org.asynchttpclient.netty.channel.ChannelManager - Adding key: http://localhost:56018 for channel [id: 0xdf13a03c, L:/127.0.0.1:56212 - R:localhost/127.0.0.1:56018]
10:11:50.464 [main] DEBUG net.serenitybdd.core.photography.Darkroom - Send negative for processing for target\site\serenity\85d6102a454879ee4e510586601004e1de10cbb02234cec10d1eded04d2a9db4.png
10:11:50.465 [Darkroom Processing Line] DEBUG net.serenitybdd.core.photography.DarkroomProcessingLine - Processing screenshot image in /var/screenshots/screenshot-1590901536843005572
10:11:50.465 [Darkroom Processing Line] DEBUG net.serenitybdd.core.photography.DarkroomProcessingLine - Saving screenshot to target\site\serenity\85d6102a454879ee4e510586601004e1de10cbb02234cec10d1eded04d2a9db4.png
10:11:50.473 [Forwarding findElement on session 13e6f1e6-ff83-4132-ab95-213fbd67152a to remote] DEBUG org.asynchttpclient.netty.request.NettyRequestSender - Using pooled Channel '[id: 0xdf13a03c, L:/127.0.0.1:56212 - R:localhost/127.0.0.1:56018]' for 'POST' to 'http://localhost:56018/session/13e6f1e6-ff83-4132-ab95-213fbd67152a/element'
10:11:50.473 [Forwarding findElement on session 13e6f1e6-ff83-4132-ab95-213fbd67152a to remote] DEBUG org.asynchttpclient.netty.request.NettyRequestSender - Using open Channel [id: 0xdf13a03c, L:/127.0.0.1:56212 - R:localhost/127.0.0.1:56018] for POST '/session/13e6f1e6-ff83-4132-ab95-213fbd67152a/element'
10:11:50.492 [AsyncHttpClient-1-4] DEBUG org.asynchttpclient.netty.handler.HttpHandler - 

Request DefaultHttpRequest(decodeResult: success, version: HTTP/1.1)
POST /session/13e6f1e6-ff83-4132-ab95-213fbd67152a/element HTTP/1.1
User-Agent: selenium/4.1.2 (java windows)
Content-Length: 92
Content-Type: application/json; charset=utf-8
host: localhost:56018
accept: */*

Response DefaultHttpResponse(decodeResult: success, version: HTTP/1.1)
HTTP/1.1 200 OK
content-type: application/json; charset=utf-8
cache-control: no-cache
date: Mon, 10 Apr 2023 03:11:50 GMT
content-length: 88

10:11:50.492 [AsyncHttpClient-1-4] DEBUG org.asynchttpclient.netty.channel.ChannelManager - Adding key: http://localhost:56018 for channel [id: 0xdf13a03c, L:/127.0.0.1:56212 - R:localhost/127.0.0.1:56018]
10:11:50.495 [Forwarding isElementDisplayed on session 13e6f1e6-ff83-4132-ab95-213fbd67152a to remote] DEBUG org.asynchttpclient.netty.request.NettyRequestSender - Using pooled Channel '[id: 0xdf13a03c, L:/127.0.0.1:56212 - R:localhost/127.0.0.1:56018]' for 'POST' to 'http://localhost:56018/session/13e6f1e6-ff83-4132-ab95-213fbd67152a/execute/sync'
10:11:50.495 [Forwarding isElementDisplayed on session 13e6f1e6-ff83-4132-ab95-213fbd67152a to remote] DEBUG org.asynchttpclient.netty.request.NettyRequestSender - Using open Channel [id: 0xdf13a03c, L:/127.0.0.1:56212 - R:localhost/127.0.0.1:56018] for POST '/session/13e6f1e6-ff83-4132-ab95-213fbd67152a/execute/sync'
10:11:50.526 [AsyncHttpClient-1-4] DEBUG org.asynchttpclient.netty.handler.HttpHandler - 

Request DefaultHttpRequest(decodeResult: success, version: HTTP/1.1)
POST /session/13e6f1e6-ff83-4132-ab95-213fbd67152a/execute/sync HTTP/1.1
User-Agent: selenium/4.1.2 (java windows)
Content-Length: 48780
Content-Type: application/json; charset=utf-8
host: localhost:56018
accept: */*

Response DefaultHttpResponse(decodeResult: success, version: HTTP/1.1)
HTTP/1.1 200 OK
content-type: application/json; charset=utf-8
cache-control: no-cache
date: Mon, 10 Apr 2023 03:11:50 GMT
content-length: 14

10:11:50.526 [AsyncHttpClient-1-4] DEBUG org.asynchttpclient.netty.channel.ChannelManager - Adding key: http://localhost:56018 for channel [id: 0xdf13a03c, L:/127.0.0.1:56212 - R:localhost/127.0.0.1:56018]
  &amp#27;[32mAnd &amp#27;[0m&amp#27;[32mI &amp#27;[0m&amp#27;[32m&amp#27;[1m"txtKaosKaki2"&amp#27;[0m&amp#27;[32m page&amp#27;[0m       &amp#27;[90m# starter.stepdefinitions.BabyStep.iPage(java.lang.String)&amp#27;[0m
10:11:50.532 [Forwarding screenshot on session 13e6f1e6-ff83-4132-ab95-213fbd67152a to remote] DEBUG org.asynchttpclient.netty.request.NettyRequestSender - Using pooled Channel '[id: 0xdf13a03c, L:/127.0.0.1:56212 - R:localhost/127.0.0.1:56018]' for 'GET' to 'http://localhost:56018/session/13e6f1e6-ff83-4132-ab95-213fbd67152a/screenshot'
10:11:50.532 [Forwarding screenshot on session 13e6f1e6-ff83-4132-ab95-213fbd67152a to remote] DEBUG org.asynchttpclient.netty.request.NettyRequestSender - Using open Channel [id: 0xdf13a03c, L:/127.0.0.1:56212 - R:localhost/127.0.0.1:56018] for GET '/session/13e6f1e6-ff83-4132-ab95-213fbd67152a/screenshot'
10:11:50.573 [AsyncHttpClient-1-4] DEBUG org.asynchttpclient.netty.handler.HttpHandler - 

Request DefaultFullHttpRequest(decodeResult: success, version: HTTP/1.1, content: EmptyByteBufBE)
GET /session/13e6f1e6-ff83-4132-ab95-213fbd67152a/screenshot HTTP/1.1
User-Agent: selenium/4.1.2 (java windows)
Cache-Control: no-cache
Content-Type: application/json; charset=utf-8
host: localhost:56018
accept: */*

Response DefaultHttpResponse(decodeResult: success, version: HTTP/1.1)
HTTP/1.1 200 OK
content-type: application/json; charset=utf-8
cache-control: no-cache
date: Mon, 10 Apr 2023 03:11:50 GMT
content-length: 81520

10:11:50.574 [AsyncHttpClient-1-4] DEBUG org.asynchttpclient.netty.channel.ChannelManager - Adding key: http://localhost:56018 for channel [id: 0xdf13a03c, L:/127.0.0.1:56212 - R:localhost/127.0.0.1:56018]
10:11:50.576 [main] DEBUG net.serenitybdd.core.photography.Darkroom - Send negative for processing for target\site\serenity\fc47420e68ac1fde4d3c17421dc291e78aa272cac854b188fa3db819f3a3be8b.png
10:11:50.577 [Darkroom Processing Line] DEBUG net.serenitybdd.core.photography.DarkroomProcessingLine - Processing screenshot image in /var/screenshots/screenshot-12694153151800139437
10:11:50.577 [Darkroom Processing Line] DEBUG net.serenitybdd.core.photography.DarkroomProcessingLine - Saving screenshot to target\site\serenity\fc47420e68ac1fde4d3c17421dc291e78aa272cac854b188fa3db819f3a3be8b.png
10:11:50.584 [Driver Command Executor] DEBUG org.asynchttpclient.netty.request.NettyRequestSender - Using pooled Channel '[id: 0xdf13a03c, L:/127.0.0.1:56212 - R:localhost/127.0.0.1:56018]' for 'DELETE' to 'http://localhost:56018/session/13e6f1e6-ff83-4132-ab95-213fbd67152a'
10:11:50.584 [Driver Command Executor] DEBUG org.asynchttpclient.netty.request.NettyRequestSender - Using open Channel [id: 0xdf13a03c, L:/127.0.0.1:56212 - R:localhost/127.0.0.1:56018] for DELETE '/session/13e6f1e6-ff83-4132-ab95-213fbd67152a'
10:11:51.994 [AsyncHttpClient-1-4] DEBUG org.asynchttpclient.netty.handler.HttpHandler - 

Request DefaultFullHttpRequest(decodeResult: success, version: HTTP/1.1, content: EmptyByteBufBE)
DELETE /session/13e6f1e6-ff83-4132-ab95-213fbd67152a HTTP/1.1
User-Agent: selenium/4.1.2 (java windows)
Content-Type: application/json; charset=utf-8
host: localhost:56018
accept: */*

Response DefaultHttpResponse(decodeResult: success, version: HTTP/1.1)
HTTP/1.1 200 OK
content-type: application/json; charset=utf-8
cache-control: no-cache
date: Mon, 10 Apr 2023 03:11:50 GMT
content-length: 14

10:11:51.994 [AsyncHttpClient-1-4] DEBUG org.asynchttpclient.netty.channel.ChannelManager - Adding key: http://localhost:56018 for channel [id: 0xdf13a03c, L:/127.0.0.1:56212 - R:localhost/127.0.0.1:56018]
10:11:51.996 [AsyncHttpClient-1-4] DEBUG org.asynchttpclient.netty.handler.HttpHandler - Unexpected I/O exception on channel [id: 0xdf13a03c, L:/127.0.0.1:56212 - R:localhost/127.0.0.1:56018]
java.net.SocketException: Connection reset
	at java.base/sun.nio.ch.SocketChannelImpl.throwConnectionReset(SocketChannelImpl.java:345)
	at java.base/sun.nio.ch.SocketChannelImpl.read(SocketChannelImpl.java:376)
	at io.netty.buffer.PooledByteBuf.setBytes(PooledByteBuf.java:258)
	at io.netty.buffer.AbstractByteBuf.writeBytes(AbstractByteBuf.java:1132)
	at io.netty.channel.socket.nio.NioSocketChannel.doReadBytes(NioSocketChannel.java:350)
	at io.netty.channel.nio.AbstractNioByteChannel$NioByteUnsafe.read(AbstractNioByteChannel.java:151)
	at io.netty.channel.nio.NioEventLoop.processSelectedKey(NioEventLoop.java:722)
	at io.netty.channel.nio.NioEventLoop.processSelectedKeysOptimized(NioEventLoop.java:658)
	at io.netty.channel.nio.NioEventLoop.processSelectedKeys(NioEventLoop.java:584)
	at io.netty.channel.nio.NioEventLoop.run(NioEventLoop.java:496)
	at io.netty.util.concurrent.SingleThreadEventExecutor$4.run(SingleThreadEventExecutor.java:986)
	at io.netty.util.internal.ThreadExecutorMap$2.run(ThreadExecutorMap.java:74)
	at io.netty.util.concurrent.FastThreadLocalRunnable.run(FastThreadLocalRunnable.java:30)
	at java.base/java.lang.Thread.run(Thread.java:830)
10:11:51.996 [AsyncHttpClient-1-4] DEBUG org.asynchttpclient.netty.channel.ChannelManager - Closing Channel [id: 0xdf13a03c, L:/127.0.0.1:56212 - R:localhost/127.0.0.1:56018] 
10:11:51.996 [AsyncHttpClient-1-4] DEBUG org.asynchttpclient.netty.handler.HttpHandler - Channel Closed: [id: 0xdf13a03c, L:/127.0.0.1:56212 ! R:localhost/127.0.0.1:56018] with attribute DISCARD
10:11:52.019 [AsyncHttpClient-1-1] DEBUG org.asynchttpclient.netty.channel.DefaultChannelPool - Entry count for : http://localhost:56018 : 1
10:11:52.019 [AsyncHttpClient-1-1] DEBUG org.asynchttpclient.netty.channel.DefaultChannelPool - Adding Candidate expired Channel [id: 0xdf13a03c, L:/127.0.0.1:56212 ! R:localhost/127.0.0.1:56018] isIdleTimeoutExpired=false isRemotelyClosed=true isTtlExpired=false
10:11:52.019 [AsyncHttpClient-1-1] DEBUG org.asynchttpclient.netty.channel.DefaultChannelPool - Closing Idle Channel [id: 0xdf13a03c, L:/127.0.0.1:56212 ! R:localhost/127.0.0.1:56018]
10:11:52.019 [AsyncHttpClient-1-1] DEBUG org.asynchttpclient.netty.channel.DefaultChannelPool - Closed 1 connections out of 1 in 0 ms
]]></system-out>
    <system-err><![CDATA[1681096303230	geckodriver	INFO	Listening on 127.0.0.1:56018
1681096303698	mozrunner::runner	INFO	Running command: "C:\\Program Files\\Mozilla Firefox\\firefox.exe" "--marionette" "" "--remote-debugging-port" "58328" "--remote-allow-hosts" "localhost" "-no-remote" "-profile" "C:\\Users\\alwi\\AppData\\Local\\Temp\\rust_mozprofileKf9DHx"
console.warn: services.settings: Ignoring preference override of remote settings server
console.warn: services.settings: Allow by setting MOZ_REMOTE_SETTINGS_DEVTOOLS=1 in the environment
1681096304039	Marionette	INFO	Marionette enabled
Dynamically enable window occlusion 0
1681096304044	Marionette	INFO	Listening on port 56215
WebDriver BiDi listening on ws://127.0.0.1:58328
Read port: 56215
1681096304293	RemoteAgent	WARN	TLS certificate errors will be ignored for this session
console.warn: SearchSettings: "get: No settings file exists, new profile?" (new NotFoundError("Could not open the file at C:\\Users\\alwi\\AppData\\Local\\Temp\\rust_mozprofileKf9DHx\\search.json.mozlz4", (void 0)))
DevTools listening on ws://127.0.0.1:58328/devtools/browser/606459d0-3c3a-4289-96b2-015b28078ebc
Apr 10, 2023 10:11:45 AM org.openqa.selenium.remote.ProtocolHandshake createSession
INFO: Detected dialect: W3C
JavaScript warning: https://www.uniqlo.com/Mx95Yd/biG/Wo_/8-IanA/Vu7EGJtwEh/el0ZAQ/aiE/QAlg7T10, line 1: unreachable code after return statement
JavaScript warning: https://www.uniqlo.com/id/elgnisolqinu.js?async&seed=AIAnG2mHAQAAp6_kQ-NvC4pDCvZJooQGzCoxcLZ3CqwiSlxvcp_1EokMlmcT&x-i1ysm4mm--z=q, line 1: WEBGL_debug_renderer_info is deprecated in Firefox and will be removed. Please use RENDERER.
JavaScript warning: https://www.uniqlo.com/Mx95Yd/biG/Wo_/8-IanA/Vu7EGJtwEh/el0ZAQ/aiE/QAlg7T10, line 1: WEBGL_debug_renderer_info is deprecated in Firefox and will be removed. Please use RENDERER.
1681096310586	Marionette	INFO	Stopped listening on port 56215
Dynamically enable window occlusion 1
WARNING: A blocker encountered an error while we were waiting.
          Blocker:  Waiting for ping task
          Phase: TelemetryController: Waiting for pending ping activity
          State: (none)
WARNING: Error: Phase "profile-before-change" is finished, it is too late to register completion condition "OS.File: flush I/O queued before profileBeforeChange"
WARNING: addBlocker@resource://gre/modules/AsyncShutdown.sys.mjs:727:15
addBlocker@resource://gre/modules/AsyncShutdown.sys.mjs:523:26
addBlocker@resource://gre/modules/AsyncShutdown.sys.mjs:458:15
setupShutdown@resource://gre/modules/osfile/osfile_async_front.jsm:1548:28
@resource://gre/modules/osfile/osfile_async_front.jsm:1568:16
@resource://gre/modules/osfile.jsm:12:30
@resource://gre/modules/TelemetryStorage.sys.mjs:10:28
_checkPendingPings@resource://gre/modules/TelemetrySend.sys.mjs:863:17
setup@resource://gre/modules/TelemetrySend.sys.mjs:803:18
setup@resource://gre/modules/TelemetrySend.sys.mjs:241:30
setupTelemetry/this._delayedInitTask<@resource://gre/modules/TelemetryControllerParent.sys.mjs:828:36
observe@resource://gre/modules/AsyncShutdown.sys.mjs:576:16

console.error: "TelemetryScheduler.shutdown - Already shut down"
WARNING: A blocker encountered an error while we were waiting.
          Blocker:  Waiting for ping task
          Phase: TelemetryController: Waiting for pending ping activity
          State: (none)
WARNING: Error: Phase "profile-before-change" is finished, it is too late to register completion condition "OS.File: flush I/O queued before profileBeforeChange"
WARNING: addBlocker@resource://gre/modules/AsyncShutdown.sys.mjs:727:15
addBlocker@resource://gre/modules/AsyncShutdown.sys.mjs:523:26
addBlocker@resource://gre/modules/AsyncShutdown.sys.mjs:458:15
setupShutdown@resource://gre/modules/osfile/osfile_async_front.jsm:1548:28
@resource://gre/modules/osfile/osfile_async_front.jsm:1568:16
@resource://gre/modules/osfile.jsm:12:30
@resource://gre/modules/TelemetryStorage.sys.mjs:10:28
_checkPendingPings@resource://gre/modules/TelemetrySend.sys.mjs:863:17
setup@resource://gre/modules/TelemetrySend.sys.mjs:803:18
setup@resource://gre/modules/TelemetrySend.sys.mjs:241:30
setupTelemetry/this._delayedInitTask<@resource://gre/modules/TelemetryControllerParent.sys.mjs:828:36
observe@resource://gre/modules/AsyncShutdown.sys.mjs:576:16

WARNING: A blocker encountered an error while we were waiting.
          Blocker:  Waiting for ping task
          Phase: TelemetryController: Waiting for pending ping activity
          State: (none)
WARNING: Error: Phase "profile-before-change" is finished, it is too late to register completion condition "OS.File: flush I/O queued before profileBeforeChange"
WARNING: addBlocker@resource://gre/modules/AsyncShutdown.sys.mjs:727:15
addBlocker@resource://gre/modules/AsyncShutdown.sys.mjs:523:26
addBlocker@resource://gre/modules/AsyncShutdown.sys.mjs:458:15
setupShutdown@resource://gre/modules/osfile/osfile_async_front.jsm:1548:28
@resource://gre/modules/osfile/osfile_async_front.jsm:1568:16
@resource://gre/modules/osfile.jsm:12:30
@resource://gre/modules/TelemetryStorage.sys.mjs:10:28
_checkPendingPings@resource://gre/modules/TelemetrySend.sys.mjs:863:17
setup@resource://gre/modules/TelemetrySend.sys.mjs:803:18
setup@resource://gre/modules/TelemetrySend.sys.mjs:241:30
setupTelemetry/this._delayedInitTask<@resource://gre/modules/TelemetryControllerParent.sys.mjs:828:36
observe@resource://gre/modules/AsyncShutdown.sys.mjs:576:16

WARNING: A blocker encountered an error while we were waiting.
          Blocker:  TelemetryController: shutting down
          Phase: profile-before-change-telemetry
          State: Error getting state: Error: Phase "profile-before-change" is finished, it is too late to register completion condition "OS.File: flush I/O queued before profileBeforeChange" at addBlocker@resource://gre/modules/AsyncShutdown.sys.mjs:727:15
addBlocker@resource://gre/modules/AsyncShutdown.sys.mjs:523:26
addBlocker@resource://gre/modules/AsyncShutdown.sys.mjs:458:15
setupShutdown@resource://gre/modules/osfile/osfile_async_front.jsm:1548:28
@resource://gre/modules/osfile/osfile_async_front.jsm:1568:16
@resource://gre/modules/osfile.jsm:12:30
@resource://gre/modules/TelemetryStorage.sys.mjs:10:28
_checkPendingPings@resource://gre/modules/TelemetrySend.sys.mjs:863:17
setup@resource://gre/modules/TelemetrySend.sys.mjs:803:18
setup@resource://gre/modules/TelemetrySend.sys.mjs:241:30
setupTelemetry/this._delayedInitTask<@resource://gre/modules/TelemetryControllerParent.sys.mjs:828:36
observe@resource://gre/modules/AsyncShutdown.sys.mjs:576:16

WARNING: Error: Phase "profile-before-change" is finished, it is too late to register completion condition "OS.File: flush I/O queued before profileBeforeChange"
WARNING: addBlocker@resourceJ://garveaS/cripmt oedrruolre:s /rAessouyrcen:/c/Sgrheu/tmdodoulews/nA.synsycsS.hmutjdsown:.s7y2s.7mjs:, 1l5in
e a7d2dBloc7:k eErrro@r: Prheassoeu r"prcoefi:l/e-be/fogrre-ec/hmanoge"d iusl feisn/isAhseyd,n cit Sish too ultadtoew nt.os ryegisster. cmojmsp:l5et2i3on: 2c6onditi
ona d"dBOlSo.cFkielre@:r efsoluursche :I///Og rqeu/emuodeudl beesf/oArsey ncShpurtodfoiwlne.Besfyosr.emCjhsa:n4g58e:"15

setupShutdown@resJoaurvcaSec:r/ip/tg reer/rmoordu:l ers/eossofuirlcee/://ogsrfei/lmeo_dauslyensc/_AfsryonnctS.hjustmd:o1w5n4.8s:ys2.8mj
s@,re slouirncee :7//2g7:r eE/rmroord:ul ePsh/aossfilee/ os"fpirolfei_laes-ybnecf_ofrreo-nct.hjansgme:"1 5i6s8 :f1i6ni
s@hreesdo,ur ciet: /is/ gtroeo/ mloadutlees/o stfoil er.ejgsims:t1e2r: c3o0mp
l@erteisoonu rcocned:it/io/gn r"eO/Sm.oFdiullee:s /fTleulsehm eIt/rOy Sqtuoreaugede bef.osryes .pmrjosf:il1eBef0o:r2e8Ch
_acnhgeec"kPe
nJdaivnagSPcirnigpst@r eesrror: resource://gre/modules/AosuyrncceS:h/u/tgdroew/nm.osdyus.lmejss/,T ellienmee t727:r yErSreonrd:. sPyhsa.sem j"sp:r8o6f3i:l1e7-b
esfeotruep-c@hraensgoe" iusr cfe:i/n/ished, it is too latge to rreegi/mosdtuleers /cTeolemmpeltertyiSoenn dc.osnydsi.tmjiso:8n0 "3O:S1.8Fi
les:e tfulpu@shre sIo/Ou rqcuee:u/e/dg rbee/fmoordeu lpreofsi/lTeeBleefmoerteryCSheanndg.es"y
sJ.amvjasS:c2r4i1:p30
stet uerprToerl: ermeestoruyr/tchei:s./_/dgerel/amyoedudlIenist/TAassykn<c@Srheustoduorwcne.:sy/s/.gmrjes/,m olidne 72u7l:e sE/rTreolerm: ePhtarsyeC o"nptrrooflilleer-Pbaerfeornet-c.hsaynsg.em"js :i8s2 8f:i3ni6sh
eodb,s eirtv ei@resosur cteo:o/ /lgartee /tmood urleesg/iAssytnecrS choumtpldeotwino.n scyso.nmdjist:i5on7 6":O1S6.F
ile
: flush I/O queued before profileBeforeChange"
JavaScript error: resource://gre/modules/AsyncShutdown.sys.mjs, line 727: Error: Phase "profile-before-change" is finished, it is too late to register completion condition "OS.File: flush I/O queued before profileBeforeChange"
JavaScript error: resource://gre/modules/AsyncShutdown.sys.mjs, line 727: Error: Phase "profile-before-change" is finished, it is too late to register completion condition "OS.File: flush I/O queued before profileBeforeChange"
]]></system-err>
  </testcase>
  <testcase name="Fitur Menu Baby #26" classname="Baby" time="8.704">
    <system-out><![CDATA[
@baby
Scenario Outline: Fitur Menu Baby &amp#27;[90m# src/test/resources/features/Baby.feature:38&amp#27;[0m
10:11:52.055 [main] INFO io.cucumber.core.plugin.SerenityReporter - Running feature from file:///C:/Users/alwi/IdeaProjects/uniqloweb/src/test/resources/features/Baby.feature
10:11:52.066 [main] INFO net.serenitybdd.core.webdriver.driverproviders.FirefoxDriverProvider - Using automatically driver download
10:11:52.161 [main] DEBUG io.github.bonigarcia.wdm.cache.ResolutionCache - Resolution firefox=111 in cache (valid until 10:32:56 10/04/2023 WIB)
10:11:52.164 [main] DEBUG io.github.bonigarcia.wdm.cache.ResolutionCache - Resolution firefox111=0.32.2 in cache (valid until 19:30:50 10/04/2023 WIB)
10:11:52.165 [main] INFO io.github.bonigarcia.wdm.WebDriverManager - Using geckodriver 0.32.2 (resolved driver for Firefox 111)
10:11:52.176 [main] DEBUG io.github.bonigarcia.wdm.WebDriverManager - Driver geckodriver 0.32.2 found in cache
10:11:52.176 [main] INFO io.github.bonigarcia.wdm.WebDriverManager - Exporting webdriver.gecko.driver as C:\Users\alwi\.cache\selenium\geckodriver\win64\0.32.2\geckodriver.exe
10:11:52.191 [main] DEBUG net.serenitybdd.core.webdriver.driverproviders.ProvideNewDriver - Instantiating driver
10:11:52.191 [main] DEBUG net.serenitybdd.core.webdriver.driverproviders.ProvideNewDriver - Driver capabilities: Capabilities {acceptInsecureCerts: true, browserName: firefox, moz:debuggerAddress: true, moz:firefoxOptions: {args: [], profile: UEsDBBQACAgIAHpRilYAAAAAAAA...}}
10:11:52.720 [AsyncHttpClient-1-6] DEBUG org.asynchttpclient.netty.channel.NettyConnectListener - Using new Channel '[id: 0x61661e06, L:/127.0.0.1:56316 - R:localhost/127.0.0.1:60988]' for 'POST' to '/session'
10:11:55.065 [AsyncHttpClient-1-6] DEBUG org.asynchttpclient.netty.handler.HttpHandler - 

Request DefaultHttpRequest(decodeResult: success, version: HTTP/1.1)
POST /session HTTP/1.1
User-Agent: selenium/4.1.2 (java windows)
Content-Length: 3673
Content-Type: application/json; charset=utf-8
host: localhost:60988
accept: */*

Response DefaultHttpResponse(decodeResult: success, version: HTTP/1.1)
HTTP/1.1 200 OK
content-type: application/json; charset=utf-8
cache-control: no-cache
date: Mon, 10 Apr 2023 03:11:52 GMT
content-length: 789

10:11:55.065 [AsyncHttpClient-1-6] DEBUG org.asynchttpclient.netty.channel.ChannelManager - Adding key: http://localhost:60988 for channel [id: 0x61661e06, L:/127.0.0.1:56316 - R:localhost/127.0.0.1:60988]
10:11:55.069 [AsyncHttpClient-1-7] DEBUG org.asynchttpclient.netty.channel.NettyConnectListener - Using new Channel '[id: 0x307a0e69, L:/127.0.0.1:56338 - R:/127.0.0.1:65114]' for 'GET' to '/json/version'
10:11:55.072 [AsyncHttpClient-1-7] DEBUG org.asynchttpclient.netty.handler.HttpHandler - 

Request DefaultFullHttpRequest(decodeResult: success, version: HTTP/1.1, content: EmptyByteBufBE)
GET /json/version HTTP/1.1
User-Agent: selenium/4.1.2 (java windows)
host: 127.0.0.1:65114
accept: */*

Response DefaultHttpResponse(decodeResult: success, version: HTTP/1.1)
HTTP/1.1 200 OK
content-type: application/json
connection: close
server: httpd.js
date: Mon, 10 Apr 2023 03:11:55 GMT
content-length: 311

10:11:55.072 [AsyncHttpClient-1-7] DEBUG org.asynchttpclient.netty.channel.ChannelManager - Closing Channel [id: 0x307a0e69, L:/127.0.0.1:56338 - R:/127.0.0.1:65114] 
10:11:55.073 [AsyncHttpClient-1-7] DEBUG org.asynchttpclient.netty.handler.HttpHandler - Channel Closed: [id: 0x307a0e69, L:/127.0.0.1:56338 ! R:/127.0.0.1:65114] with attribute DISCARD
10:11:55.074 [Forwarding get on session d1ee11b5-04d5-49cb-ac65-59a9bc18bace to remote] DEBUG org.asynchttpclient.netty.request.NettyRequestSender - Using pooled Channel '[id: 0x61661e06, L:/127.0.0.1:56316 - R:localhost/127.0.0.1:60988]' for 'POST' to 'http://localhost:60988/session/d1ee11b5-04d5-49cb-ac65-59a9bc18bace/url'
10:11:55.074 [Forwarding get on session d1ee11b5-04d5-49cb-ac65-59a9bc18bace to remote] DEBUG org.asynchttpclient.netty.request.NettyRequestSender - Using open Channel [id: 0x61661e06, L:/127.0.0.1:56316 - R:localhost/127.0.0.1:60988] for POST '/session/d1ee11b5-04d5-49cb-ac65-59a9bc18bace/url'
10:11:57.557 [AsyncHttpClient-1-6] DEBUG org.asynchttpclient.netty.handler.HttpHandler - 

Request DefaultHttpRequest(decodeResult: success, version: HTTP/1.1)
POST /session/d1ee11b5-04d5-49cb-ac65-59a9bc18bace/url HTTP/1.1
User-Agent: selenium/4.1.2 (java windows)
Content-Length: 69
Content-Type: application/json; charset=utf-8
host: localhost:60988
accept: */*

Response DefaultHttpResponse(decodeResult: success, version: HTTP/1.1)
HTTP/1.1 200 OK
content-type: application/json; charset=utf-8
cache-control: no-cache
date: Mon, 10 Apr 2023 03:11:55 GMT
content-length: 14

10:11:57.558 [AsyncHttpClient-1-6] DEBUG org.asynchttpclient.netty.channel.ChannelManager - Adding key: http://localhost:60988 for channel [id: 0x61661e06, L:/127.0.0.1:56316 - R:localhost/127.0.0.1:60988]
10:11:57.558 [Forwarding setTimeout on session d1ee11b5-04d5-49cb-ac65-59a9bc18bace to remote] DEBUG org.asynchttpclient.netty.request.NettyRequestSender - Using pooled Channel '[id: 0x61661e06, L:/127.0.0.1:56316 - R:localhost/127.0.0.1:60988]' for 'POST' to 'http://localhost:60988/session/d1ee11b5-04d5-49cb-ac65-59a9bc18bace/timeouts'
10:11:57.558 [Forwarding setTimeout on session d1ee11b5-04d5-49cb-ac65-59a9bc18bace to remote] DEBUG org.asynchttpclient.netty.request.NettyRequestSender - Using open Channel [id: 0x61661e06, L:/127.0.0.1:56316 - R:localhost/127.0.0.1:60988] for POST '/session/d1ee11b5-04d5-49cb-ac65-59a9bc18bace/timeouts'
10:11:57.561 [AsyncHttpClient-1-6] DEBUG org.asynchttpclient.netty.handler.HttpHandler - 

Request DefaultHttpRequest(decodeResult: success, version: HTTP/1.1)
POST /session/d1ee11b5-04d5-49cb-ac65-59a9bc18bace/timeouts HTTP/1.1
User-Agent: selenium/4.1.2 (java windows)
Content-Length: 22
Content-Type: application/json; charset=utf-8
host: localhost:60988
accept: */*

Response DefaultHttpResponse(decodeResult: success, version: HTTP/1.1)
HTTP/1.1 200 OK
content-type: application/json; charset=utf-8
cache-control: no-cache
date: Mon, 10 Apr 2023 03:11:57 GMT
content-length: 14

10:11:57.561 [AsyncHttpClient-1-6] DEBUG org.asynchttpclient.netty.channel.ChannelManager - Adding key: http://localhost:60988 for channel [id: 0x61661e06, L:/127.0.0.1:56316 - R:localhost/127.0.0.1:60988]
10:11:57.564 [Forwarding getCurrentUrl on session d1ee11b5-04d5-49cb-ac65-59a9bc18bace to remote] DEBUG org.asynchttpclient.netty.request.NettyRequestSender - Using pooled Channel '[id: 0x61661e06, L:/127.0.0.1:56316 - R:localhost/127.0.0.1:60988]' for 'GET' to 'http://localhost:60988/session/d1ee11b5-04d5-49cb-ac65-59a9bc18bace/url'
10:11:57.565 [Forwarding getCurrentUrl on session d1ee11b5-04d5-49cb-ac65-59a9bc18bace to remote] DEBUG org.asynchttpclient.netty.request.NettyRequestSender - Using open Channel [id: 0x61661e06, L:/127.0.0.1:56316 - R:localhost/127.0.0.1:60988] for GET '/session/d1ee11b5-04d5-49cb-ac65-59a9bc18bace/url'
10:11:57.573 [AsyncHttpClient-1-6] DEBUG org.asynchttpclient.netty.handler.HttpHandler - 

Request DefaultFullHttpRequest(decodeResult: success, version: HTTP/1.1, content: EmptyByteBufBE)
GET /session/d1ee11b5-04d5-49cb-ac65-59a9bc18bace/url HTTP/1.1
User-Agent: selenium/4.1.2 (java windows)
Cache-Control: no-cache
Content-Type: application/json; charset=utf-8
host: localhost:60988
accept: */*

Response DefaultHttpResponse(decodeResult: success, version: HTTP/1.1)
HTTP/1.1 200 OK
content-type: application/json; charset=utf-8
cache-control: no-cache
date: Mon, 10 Apr 2023 03:11:57 GMT
content-length: 41

10:11:57.574 [AsyncHttpClient-1-6] DEBUG org.asynchttpclient.netty.channel.ChannelManager - Adding key: http://localhost:60988 for channel [id: 0x61661e06, L:/127.0.0.1:56316 - R:localhost/127.0.0.1:60988]
  &amp#27;[32mGiven &amp#27;[0m&amp#27;[32mI am on the home page&amp#27;[0m     &amp#27;[90m# starter.stepdefinitions.BabyStep.iAmOnTheHomePage()&amp#27;[0m
10:11:57.580 [Forwarding screenshot on session d1ee11b5-04d5-49cb-ac65-59a9bc18bace to remote] DEBUG org.asynchttpclient.netty.request.NettyRequestSender - Using pooled Channel '[id: 0x61661e06, L:/127.0.0.1:56316 - R:localhost/127.0.0.1:60988]' for 'GET' to 'http://localhost:60988/session/d1ee11b5-04d5-49cb-ac65-59a9bc18bace/screenshot'
10:11:57.580 [Forwarding screenshot on session d1ee11b5-04d5-49cb-ac65-59a9bc18bace to remote] DEBUG org.asynchttpclient.netty.request.NettyRequestSender - Using open Channel [id: 0x61661e06, L:/127.0.0.1:56316 - R:localhost/127.0.0.1:60988] for GET '/session/d1ee11b5-04d5-49cb-ac65-59a9bc18bace/screenshot'
10:11:58.183 [AsyncHttpClient-1-6] DEBUG org.asynchttpclient.netty.handler.HttpHandler - 

Request DefaultFullHttpRequest(decodeResult: success, version: HTTP/1.1, content: EmptyByteBufBE)
GET /session/d1ee11b5-04d5-49cb-ac65-59a9bc18bace/screenshot HTTP/1.1
User-Agent: selenium/4.1.2 (java windows)
Cache-Control: no-cache
Content-Type: application/json; charset=utf-8
host: localhost:60988
accept: */*

Response DefaultHttpResponse(decodeResult: success, version: HTTP/1.1)
HTTP/1.1 200 OK
content-type: application/json; charset=utf-8
cache-control: no-cache
date: Mon, 10 Apr 2023 03:11:57 GMT
content-length: 102292

10:11:58.184 [AsyncHttpClient-1-6] DEBUG org.asynchttpclient.netty.channel.ChannelManager - Adding key: http://localhost:60988 for channel [id: 0x61661e06, L:/127.0.0.1:56316 - R:localhost/127.0.0.1:60988]
10:11:58.188 [main] DEBUG net.serenitybdd.core.photography.Darkroom - Send negative for processing for target\site\serenity\8a0c8bc2dbf42a46aae3cd1beaa455337d476816f85a827b12453669e5ebd143.png
10:11:58.200 [Forwarding findElement on session d1ee11b5-04d5-49cb-ac65-59a9bc18bace to remote] DEBUG org.asynchttpclient.netty.request.NettyRequestSender - Using pooled Channel '[id: 0x61661e06, L:/127.0.0.1:56316 - R:localhost/127.0.0.1:60988]' for 'POST' to 'http://localhost:60988/session/d1ee11b5-04d5-49cb-ac65-59a9bc18bace/element'
10:11:58.200 [Forwarding findElement on session d1ee11b5-04d5-49cb-ac65-59a9bc18bace to remote] DEBUG org.asynchttpclient.netty.request.NettyRequestSender - Using open Channel [id: 0x61661e06, L:/127.0.0.1:56316 - R:localhost/127.0.0.1:60988] for POST '/session/d1ee11b5-04d5-49cb-ac65-59a9bc18bace/element'
10:11:58.215 [AsyncHttpClient-1-6] DEBUG org.asynchttpclient.netty.handler.HttpHandler - 

Request DefaultHttpRequest(decodeResult: success, version: HTTP/1.1)
POST /session/d1ee11b5-04d5-49cb-ac65-59a9bc18bace/element HTTP/1.1
User-Agent: selenium/4.1.2 (java windows)
Content-Length: 81
Content-Type: application/json; charset=utf-8
host: localhost:60988
accept: */*

Response DefaultHttpResponse(decodeResult: success, version: HTTP/1.1)
HTTP/1.1 200 OK
content-type: application/json; charset=utf-8
cache-control: no-cache
date: Mon, 10 Apr 2023 03:11:57 GMT
content-length: 88

10:11:58.215 [AsyncHttpClient-1-6] DEBUG org.asynchttpclient.netty.channel.ChannelManager - Adding key: http://localhost:60988 for channel [id: 0x61661e06, L:/127.0.0.1:56316 - R:localhost/127.0.0.1:60988]
10:11:58.217 [Forwarding getElementTagName on session d1ee11b5-04d5-49cb-ac65-59a9bc18bace to remote] DEBUG org.asynchttpclient.netty.request.NettyRequestSender - Using pooled Channel '[id: 0x61661e06, L:/127.0.0.1:56316 - R:localhost/127.0.0.1:60988]' for 'GET' to 'http://localhost:60988/session/d1ee11b5-04d5-49cb-ac65-59a9bc18bace/element/790c431b-d9fb-4f47-ba26-ee658b8d246b/name'
10:11:58.217 [Forwarding getElementTagName on session d1ee11b5-04d5-49cb-ac65-59a9bc18bace to remote] DEBUG org.asynchttpclient.netty.request.NettyRequestSender - Using open Channel [id: 0x61661e06, L:/127.0.0.1:56316 - R:localhost/127.0.0.1:60988] for GET '/session/d1ee11b5-04d5-49cb-ac65-59a9bc18bace/element/790c431b-d9fb-4f47-ba26-ee658b8d246b/name'
10:11:58.241 [AsyncHttpClient-1-6] DEBUG org.asynchttpclient.netty.handler.HttpHandler - 

Request DefaultFullHttpRequest(decodeResult: success, version: HTTP/1.1, content: EmptyByteBufBE)
GET /session/d1ee11b5-04d5-49cb-ac65-59a9bc18bace/element/790c431b-d9fb-4f47-ba26-ee658b8d246b/name HTTP/1.1
User-Agent: selenium/4.1.2 (java windows)
Cache-Control: no-cache
Content-Type: application/json; charset=utf-8
host: localhost:60988
accept: */*

Response DefaultHttpResponse(decodeResult: success, version: HTTP/1.1)
HTTP/1.1 200 OK
content-type: application/json; charset=utf-8
cache-control: no-cache
date: Mon, 10 Apr 2023 03:11:57 GMT
content-length: 16

10:11:58.241 [AsyncHttpClient-1-6] DEBUG org.asynchttpclient.netty.channel.ChannelManager - Adding key: http://localhost:60988 for channel [id: 0x61661e06, L:/127.0.0.1:56316 - R:localhost/127.0.0.1:60988]
10:11:58.242 [Forwarding getElementTagName on session d1ee11b5-04d5-49cb-ac65-59a9bc18bace to remote] DEBUG org.asynchttpclient.netty.request.NettyRequestSender - Using pooled Channel '[id: 0x61661e06, L:/127.0.0.1:56316 - R:localhost/127.0.0.1:60988]' for 'GET' to 'http://localhost:60988/session/d1ee11b5-04d5-49cb-ac65-59a9bc18bace/element/790c431b-d9fb-4f47-ba26-ee658b8d246b/name'
10:11:58.242 [Forwarding getElementTagName on session d1ee11b5-04d5-49cb-ac65-59a9bc18bace to remote] DEBUG org.asynchttpclient.netty.request.NettyRequestSender - Using open Channel [id: 0x61661e06, L:/127.0.0.1:56316 - R:localhost/127.0.0.1:60988] for GET '/session/d1ee11b5-04d5-49cb-ac65-59a9bc18bace/element/790c431b-d9fb-4f47-ba26-ee658b8d246b/name'
10:11:58.247 [AsyncHttpClient-1-6] DEBUG org.asynchttpclient.netty.handler.HttpHandler - 

Request DefaultFullHttpRequest(decodeResult: success, version: HTTP/1.1, content: EmptyByteBufBE)
GET /session/d1ee11b5-04d5-49cb-ac65-59a9bc18bace/element/790c431b-d9fb-4f47-ba26-ee658b8d246b/name HTTP/1.1
User-Agent: selenium/4.1.2 (java windows)
Cache-Control: no-cache
Content-Type: application/json; charset=utf-8
host: localhost:60988
accept: */*

Response DefaultHttpResponse(decodeResult: success, version: HTTP/1.1)
HTTP/1.1 200 OK
content-type: application/json; charset=utf-8
cache-control: no-cache
date: Mon, 10 Apr 2023 03:11:57 GMT
content-length: 16

10:11:58.247 [AsyncHttpClient-1-6] DEBUG org.asynchttpclient.netty.channel.ChannelManager - Adding key: http://localhost:60988 for channel [id: 0x61661e06, L:/127.0.0.1:56316 - R:localhost/127.0.0.1:60988]
10:11:58.250 [Forwarding findElement on session d1ee11b5-04d5-49cb-ac65-59a9bc18bace to remote] DEBUG org.asynchttpclient.netty.request.NettyRequestSender - Using pooled Channel '[id: 0x61661e06, L:/127.0.0.1:56316 - R:localhost/127.0.0.1:60988]' for 'POST' to 'http://localhost:60988/session/d1ee11b5-04d5-49cb-ac65-59a9bc18bace/element'
10:11:58.250 [Forwarding findElement on session d1ee11b5-04d5-49cb-ac65-59a9bc18bace to remote] DEBUG org.asynchttpclient.netty.request.NettyRequestSender - Using open Channel [id: 0x61661e06, L:/127.0.0.1:56316 - R:localhost/127.0.0.1:60988] for POST '/session/d1ee11b5-04d5-49cb-ac65-59a9bc18bace/element'
10:11:58.253 [AsyncHttpClient-1-6] DEBUG org.asynchttpclient.netty.handler.HttpHandler - 

Request DefaultHttpRequest(decodeResult: success, version: HTTP/1.1)
POST /session/d1ee11b5-04d5-49cb-ac65-59a9bc18bace/element HTTP/1.1
User-Agent: selenium/4.1.2 (java windows)
Content-Length: 81
Content-Type: application/json; charset=utf-8
host: localhost:60988
accept: */*

Response DefaultHttpResponse(decodeResult: success, version: HTTP/1.1)
HTTP/1.1 200 OK
content-type: application/json; charset=utf-8
cache-control: no-cache
date: Mon, 10 Apr 2023 03:11:57 GMT
content-length: 88

10:11:58.253 [AsyncHttpClient-1-6] DEBUG org.asynchttpclient.netty.channel.ChannelManager - Adding key: http://localhost:60988 for channel [id: 0x61661e06, L:/127.0.0.1:56316 - R:localhost/127.0.0.1:60988]
10:11:58.254 [Forwarding clickElement on session d1ee11b5-04d5-49cb-ac65-59a9bc18bace to remote] DEBUG org.asynchttpclient.netty.request.NettyRequestSender - Using pooled Channel '[id: 0x61661e06, L:/127.0.0.1:56316 - R:localhost/127.0.0.1:60988]' for 'POST' to 'http://localhost:60988/session/d1ee11b5-04d5-49cb-ac65-59a9bc18bace/element/790c431b-d9fb-4f47-ba26-ee658b8d246b/click'
10:11:58.254 [Forwarding clickElement on session d1ee11b5-04d5-49cb-ac65-59a9bc18bace to remote] DEBUG org.asynchttpclient.netty.request.NettyRequestSender - Using open Channel [id: 0x61661e06, L:/127.0.0.1:56316 - R:localhost/127.0.0.1:60988] for POST '/session/d1ee11b5-04d5-49cb-ac65-59a9bc18bace/element/790c431b-d9fb-4f47-ba26-ee658b8d246b/click'
10:11:58.835 [AsyncHttpClient-1-6] DEBUG org.asynchttpclient.netty.handler.HttpHandler - 

Request DefaultHttpRequest(decodeResult: success, version: HTTP/1.1)
POST /session/d1ee11b5-04d5-49cb-ac65-59a9bc18bace/element/790c431b-d9fb-4f47-ba26-ee658b8d246b/click HTTP/1.1
User-Agent: selenium/4.1.2 (java windows)
Content-Length: 50
Content-Type: application/json; charset=utf-8
host: localhost:60988
accept: */*

Response DefaultHttpResponse(decodeResult: success, version: HTTP/1.1)
HTTP/1.1 200 OK
content-type: application/json; charset=utf-8
cache-control: no-cache
date: Mon, 10 Apr 2023 03:11:57 GMT
content-length: 14

10:11:58.835 [AsyncHttpClient-1-6] DEBUG org.asynchttpclient.netty.channel.ChannelManager - Adding key: http://localhost:60988 for channel [id: 0x61661e06, L:/127.0.0.1:56316 - R:localhost/127.0.0.1:60988]
  &amp#27;[32mThen &amp#27;[0m&amp#27;[32mI click baby on the header&amp#27;[0m &amp#27;[90m# starter.stepdefinitions.BabyStep.iClickBabyOnTheHeader()&amp#27;[0m
10:11:58.842 [Forwarding screenshot on session d1ee11b5-04d5-49cb-ac65-59a9bc18bace to remote] DEBUG org.asynchttpclient.netty.request.NettyRequestSender - Using pooled Channel '[id: 0x61661e06, L:/127.0.0.1:56316 - R:localhost/127.0.0.1:60988]' for 'GET' to 'http://localhost:60988/session/d1ee11b5-04d5-49cb-ac65-59a9bc18bace/screenshot'
10:11:58.842 [Forwarding screenshot on session d1ee11b5-04d5-49cb-ac65-59a9bc18bace to remote] DEBUG org.asynchttpclient.netty.request.NettyRequestSender - Using open Channel [id: 0x61661e06, L:/127.0.0.1:56316 - R:localhost/127.0.0.1:60988] for GET '/session/d1ee11b5-04d5-49cb-ac65-59a9bc18bace/screenshot'
10:11:58.997 [AsyncHttpClient-1-6] DEBUG org.asynchttpclient.netty.handler.HttpHandler - 

Request DefaultFullHttpRequest(decodeResult: success, version: HTTP/1.1, content: EmptyByteBufBE)
GET /session/d1ee11b5-04d5-49cb-ac65-59a9bc18bace/screenshot HTTP/1.1
User-Agent: selenium/4.1.2 (java windows)
Cache-Control: no-cache
Content-Type: application/json; charset=utf-8
host: localhost:60988
accept: */*

Response DefaultHttpResponse(decodeResult: success, version: HTTP/1.1)
HTTP/1.1 200 OK
content-type: application/json; charset=utf-8
cache-control: no-cache
date: Mon, 10 Apr 2023 03:11:58 GMT
content-length: 98024

10:11:58.997 [AsyncHttpClient-1-6] DEBUG org.asynchttpclient.netty.channel.ChannelManager - Adding key: http://localhost:60988 for channel [id: 0x61661e06, L:/127.0.0.1:56316 - R:localhost/127.0.0.1:60988]
10:11:59.001 [main] DEBUG net.serenitybdd.core.photography.Darkroom - Send negative for processing for target\site\serenity\bcb9a8d665d2c58a930e922f816fcc3ebc2aef855b882f3d531e7c9aa320b06d.png
10:11:59.012 [Forwarding findElement on session d1ee11b5-04d5-49cb-ac65-59a9bc18bace to remote] DEBUG org.asynchttpclient.netty.request.NettyRequestSender - Using pooled Channel '[id: 0x61661e06, L:/127.0.0.1:56316 - R:localhost/127.0.0.1:60988]' for 'POST' to 'http://localhost:60988/session/d1ee11b5-04d5-49cb-ac65-59a9bc18bace/element'
10:11:59.012 [Forwarding findElement on session d1ee11b5-04d5-49cb-ac65-59a9bc18bace to remote] DEBUG org.asynchttpclient.netty.request.NettyRequestSender - Using open Channel [id: 0x61661e06, L:/127.0.0.1:56316 - R:localhost/127.0.0.1:60988] for POST '/session/d1ee11b5-04d5-49cb-ac65-59a9bc18bace/element'
10:11:59.033 [AsyncHttpClient-1-6] DEBUG org.asynchttpclient.netty.handler.HttpHandler - 

Request DefaultHttpRequest(decodeResult: success, version: HTTP/1.1)
POST /session/d1ee11b5-04d5-49cb-ac65-59a9bc18bace/element HTTP/1.1
User-Agent: selenium/4.1.2 (java windows)
Content-Length: 107
Content-Type: application/json; charset=utf-8
host: localhost:60988
accept: */*

Response DefaultHttpResponse(decodeResult: success, version: HTTP/1.1)
HTTP/1.1 200 OK
content-type: application/json; charset=utf-8
cache-control: no-cache
date: Mon, 10 Apr 2023 03:11:58 GMT
content-length: 88

10:11:59.033 [AsyncHttpClient-1-6] DEBUG org.asynchttpclient.netty.channel.ChannelManager - Adding key: http://localhost:60988 for channel [id: 0x61661e06, L:/127.0.0.1:56316 - R:localhost/127.0.0.1:60988]
10:11:59.035 [Forwarding getElementTagName on session d1ee11b5-04d5-49cb-ac65-59a9bc18bace to remote] DEBUG org.asynchttpclient.netty.request.NettyRequestSender - Using pooled Channel '[id: 0x61661e06, L:/127.0.0.1:56316 - R:localhost/127.0.0.1:60988]' for 'GET' to 'http://localhost:60988/session/d1ee11b5-04d5-49cb-ac65-59a9bc18bace/element/3864b06d-78f5-4197-a06a-b4c1c73ba931/name'
10:11:59.035 [Forwarding getElementTagName on session d1ee11b5-04d5-49cb-ac65-59a9bc18bace to remote] DEBUG org.asynchttpclient.netty.request.NettyRequestSender - Using open Channel [id: 0x61661e06, L:/127.0.0.1:56316 - R:localhost/127.0.0.1:60988] for GET '/session/d1ee11b5-04d5-49cb-ac65-59a9bc18bace/element/3864b06d-78f5-4197-a06a-b4c1c73ba931/name'
10:11:59.039 [AsyncHttpClient-1-6] DEBUG org.asynchttpclient.netty.handler.HttpHandler - 

Request DefaultFullHttpRequest(decodeResult: success, version: HTTP/1.1, content: EmptyByteBufBE)
GET /session/d1ee11b5-04d5-49cb-ac65-59a9bc18bace/element/3864b06d-78f5-4197-a06a-b4c1c73ba931/name HTTP/1.1
User-Agent: selenium/4.1.2 (java windows)
Cache-Control: no-cache
Content-Type: application/json; charset=utf-8
host: localhost:60988
accept: */*

Response DefaultHttpResponse(decodeResult: success, version: HTTP/1.1)
HTTP/1.1 200 OK
content-type: application/json; charset=utf-8
cache-control: no-cache
date: Mon, 10 Apr 2023 03:11:58 GMT
content-length: 16

10:11:59.039 [AsyncHttpClient-1-6] DEBUG org.asynchttpclient.netty.channel.ChannelManager - Adding key: http://localhost:60988 for channel [id: 0x61661e06, L:/127.0.0.1:56316 - R:localhost/127.0.0.1:60988]
10:11:59.041 [Forwarding getElementTagName on session d1ee11b5-04d5-49cb-ac65-59a9bc18bace to remote] DEBUG org.asynchttpclient.netty.request.NettyRequestSender - Using pooled Channel '[id: 0x61661e06, L:/127.0.0.1:56316 - R:localhost/127.0.0.1:60988]' for 'GET' to 'http://localhost:60988/session/d1ee11b5-04d5-49cb-ac65-59a9bc18bace/element/3864b06d-78f5-4197-a06a-b4c1c73ba931/name'
10:11:59.041 [Forwarding getElementTagName on session d1ee11b5-04d5-49cb-ac65-59a9bc18bace to remote] DEBUG org.asynchttpclient.netty.request.NettyRequestSender - Using open Channel [id: 0x61661e06, L:/127.0.0.1:56316 - R:localhost/127.0.0.1:60988] for GET '/session/d1ee11b5-04d5-49cb-ac65-59a9bc18bace/element/3864b06d-78f5-4197-a06a-b4c1c73ba931/name'
10:11:59.109 [AsyncHttpClient-1-6] DEBUG org.asynchttpclient.netty.handler.HttpHandler - 

Request DefaultFullHttpRequest(decodeResult: success, version: HTTP/1.1, content: EmptyByteBufBE)
GET /session/d1ee11b5-04d5-49cb-ac65-59a9bc18bace/element/3864b06d-78f5-4197-a06a-b4c1c73ba931/name HTTP/1.1
User-Agent: selenium/4.1.2 (java windows)
Cache-Control: no-cache
Content-Type: application/json; charset=utf-8
host: localhost:60988
accept: */*

Response DefaultHttpResponse(decodeResult: success, version: HTTP/1.1)
HTTP/1.1 200 OK
content-type: application/json; charset=utf-8
cache-control: no-cache
date: Mon, 10 Apr 2023 03:11:58 GMT
content-length: 16

10:11:59.109 [AsyncHttpClient-1-6] DEBUG org.asynchttpclient.netty.channel.ChannelManager - Adding key: http://localhost:60988 for channel [id: 0x61661e06, L:/127.0.0.1:56316 - R:localhost/127.0.0.1:60988]
10:11:59.111 [Forwarding findElement on session d1ee11b5-04d5-49cb-ac65-59a9bc18bace to remote] DEBUG org.asynchttpclient.netty.request.NettyRequestSender - Using pooled Channel '[id: 0x61661e06, L:/127.0.0.1:56316 - R:localhost/127.0.0.1:60988]' for 'POST' to 'http://localhost:60988/session/d1ee11b5-04d5-49cb-ac65-59a9bc18bace/element'
10:11:59.111 [Forwarding findElement on session d1ee11b5-04d5-49cb-ac65-59a9bc18bace to remote] DEBUG org.asynchttpclient.netty.request.NettyRequestSender - Using open Channel [id: 0x61661e06, L:/127.0.0.1:56316 - R:localhost/127.0.0.1:60988] for POST '/session/d1ee11b5-04d5-49cb-ac65-59a9bc18bace/element'
10:11:59.144 [AsyncHttpClient-1-6] DEBUG org.asynchttpclient.netty.handler.HttpHandler - 

Request DefaultHttpRequest(decodeResult: success, version: HTTP/1.1)
POST /session/d1ee11b5-04d5-49cb-ac65-59a9bc18bace/element HTTP/1.1
User-Agent: selenium/4.1.2 (java windows)
Content-Length: 107
Content-Type: application/json; charset=utf-8
host: localhost:60988
accept: */*

Response DefaultHttpResponse(decodeResult: success, version: HTTP/1.1)
HTTP/1.1 200 OK
content-type: application/json; charset=utf-8
cache-control: no-cache
date: Mon, 10 Apr 2023 03:11:58 GMT
content-length: 88

10:11:59.144 [AsyncHttpClient-1-6] DEBUG org.asynchttpclient.netty.channel.ChannelManager - Adding key: http://localhost:60988 for channel [id: 0x61661e06, L:/127.0.0.1:56316 - R:localhost/127.0.0.1:60988]
10:11:59.145 [Forwarding clickElement on session d1ee11b5-04d5-49cb-ac65-59a9bc18bace to remote] DEBUG org.asynchttpclient.netty.request.NettyRequestSender - Using pooled Channel '[id: 0x61661e06, L:/127.0.0.1:56316 - R:localhost/127.0.0.1:60988]' for 'POST' to 'http://localhost:60988/session/d1ee11b5-04d5-49cb-ac65-59a9bc18bace/element/3864b06d-78f5-4197-a06a-b4c1c73ba931/click'
10:11:59.145 [Forwarding clickElement on session d1ee11b5-04d5-49cb-ac65-59a9bc18bace to remote] DEBUG org.asynchttpclient.netty.request.NettyRequestSender - Using open Channel [id: 0x61661e06, L:/127.0.0.1:56316 - R:localhost/127.0.0.1:60988] for POST '/session/d1ee11b5-04d5-49cb-ac65-59a9bc18bace/element/3864b06d-78f5-4197-a06a-b4c1c73ba931/click'
10:11:59.573 [AsyncHttpClient-1-6] DEBUG org.asynchttpclient.netty.handler.HttpHandler - 

Request DefaultHttpRequest(decodeResult: success, version: HTTP/1.1)
POST /session/d1ee11b5-04d5-49cb-ac65-59a9bc18bace/element/3864b06d-78f5-4197-a06a-b4c1c73ba931/click HTTP/1.1
User-Agent: selenium/4.1.2 (java windows)
Content-Length: 50
Content-Type: application/json; charset=utf-8
host: localhost:60988
accept: */*

Response DefaultHttpResponse(decodeResult: success, version: HTTP/1.1)
HTTP/1.1 200 OK
content-type: application/json; charset=utf-8
cache-control: no-cache
date: Mon, 10 Apr 2023 03:11:58 GMT
content-length: 14

10:11:59.573 [AsyncHttpClient-1-6] DEBUG org.asynchttpclient.netty.channel.ChannelManager - Adding key: http://localhost:60988 for channel [id: 0x61661e06, L:/127.0.0.1:56316 - R:localhost/127.0.0.1:60988]
  &amp#27;[32mWhen &amp#27;[0m&amp#27;[32mI will go to &amp#27;[0m&amp#27;[32m&amp#27;[1m"aksesoris3"&amp#27;[0m  &amp#27;[90m# starter.stepdefinitions.BabyStep.iWillGoTo(java.lang.String)&amp#27;[0m
10:11:59.578 [Forwarding screenshot on session d1ee11b5-04d5-49cb-ac65-59a9bc18bace to remote] DEBUG org.asynchttpclient.netty.request.NettyRequestSender - Using pooled Channel '[id: 0x61661e06, L:/127.0.0.1:56316 - R:localhost/127.0.0.1:60988]' for 'GET' to 'http://localhost:60988/session/d1ee11b5-04d5-49cb-ac65-59a9bc18bace/screenshot'
10:11:59.578 [Forwarding screenshot on session d1ee11b5-04d5-49cb-ac65-59a9bc18bace to remote] DEBUG org.asynchttpclient.netty.request.NettyRequestSender - Using open Channel [id: 0x61661e06, L:/127.0.0.1:56316 - R:localhost/127.0.0.1:60988] for GET '/session/d1ee11b5-04d5-49cb-ac65-59a9bc18bace/screenshot'
10:11:59.763 [AsyncHttpClient-1-6] DEBUG org.asynchttpclient.netty.handler.HttpHandler - 

Request DefaultFullHttpRequest(decodeResult: success, version: HTTP/1.1, content: EmptyByteBufBE)
GET /session/d1ee11b5-04d5-49cb-ac65-59a9bc18bace/screenshot HTTP/1.1
User-Agent: selenium/4.1.2 (java windows)
Cache-Control: no-cache
Content-Type: application/json; charset=utf-8
host: localhost:60988
accept: */*

Response DefaultHttpResponse(decodeResult: success, version: HTTP/1.1)
HTTP/1.1 200 OK
content-type: application/json; charset=utf-8
cache-control: no-cache
date: Mon, 10 Apr 2023 03:11:58 GMT
content-length: 84604

10:11:59.764 [AsyncHttpClient-1-6] DEBUG org.asynchttpclient.netty.channel.ChannelManager - Adding key: http://localhost:60988 for channel [id: 0x61661e06, L:/127.0.0.1:56316 - R:localhost/127.0.0.1:60988]
10:11:59.767 [main] DEBUG net.serenitybdd.core.photography.Darkroom - Send negative for processing for target\site\serenity\56cff4e6f731b7b63e53a6337dcdceaf6581c7ca237edf6cecfc61020b5de097.png
10:11:59.768 [Darkroom Processing Line] DEBUG net.serenitybdd.core.photography.DarkroomProcessingLine - Processing screenshot image in /var/screenshots/screenshot-15249732307414092446
10:11:59.768 [Darkroom Processing Line] DEBUG net.serenitybdd.core.photography.DarkroomProcessingLine - Saving screenshot to target\site\serenity\56cff4e6f731b7b63e53a6337dcdceaf6581c7ca237edf6cecfc61020b5de097.png
10:11:59.778 [Forwarding findElement on session d1ee11b5-04d5-49cb-ac65-59a9bc18bace to remote] DEBUG org.asynchttpclient.netty.request.NettyRequestSender - Using pooled Channel '[id: 0x61661e06, L:/127.0.0.1:56316 - R:localhost/127.0.0.1:60988]' for 'POST' to 'http://localhost:60988/session/d1ee11b5-04d5-49cb-ac65-59a9bc18bace/element'
10:11:59.778 [Forwarding findElement on session d1ee11b5-04d5-49cb-ac65-59a9bc18bace to remote] DEBUG org.asynchttpclient.netty.request.NettyRequestSender - Using open Channel [id: 0x61661e06, L:/127.0.0.1:56316 - R:localhost/127.0.0.1:60988] for POST '/session/d1ee11b5-04d5-49cb-ac65-59a9bc18bace/element'
10:11:59.785 [AsyncHttpClient-1-6] DEBUG org.asynchttpclient.netty.handler.HttpHandler - 

Request DefaultHttpRequest(decodeResult: success, version: HTTP/1.1)
POST /session/d1ee11b5-04d5-49cb-ac65-59a9bc18bace/element HTTP/1.1
User-Agent: selenium/4.1.2 (java windows)
Content-Length: 92
Content-Type: application/json; charset=utf-8
host: localhost:60988
accept: */*

Response DefaultHttpResponse(decodeResult: success, version: HTTP/1.1)
HTTP/1.1 200 OK
content-type: application/json; charset=utf-8
cache-control: no-cache
date: Mon, 10 Apr 2023 03:11:58 GMT
content-length: 88

10:11:59.785 [AsyncHttpClient-1-6] DEBUG org.asynchttpclient.netty.channel.ChannelManager - Adding key: http://localhost:60988 for channel [id: 0x61661e06, L:/127.0.0.1:56316 - R:localhost/127.0.0.1:60988]
10:11:59.787 [Forwarding isElementDisplayed on session d1ee11b5-04d5-49cb-ac65-59a9bc18bace to remote] DEBUG org.asynchttpclient.netty.request.NettyRequestSender - Using pooled Channel '[id: 0x61661e06, L:/127.0.0.1:56316 - R:localhost/127.0.0.1:60988]' for 'POST' to 'http://localhost:60988/session/d1ee11b5-04d5-49cb-ac65-59a9bc18bace/execute/sync'
10:11:59.787 [Forwarding isElementDisplayed on session d1ee11b5-04d5-49cb-ac65-59a9bc18bace to remote] DEBUG org.asynchttpclient.netty.request.NettyRequestSender - Using open Channel [id: 0x61661e06, L:/127.0.0.1:56316 - R:localhost/127.0.0.1:60988] for POST '/session/d1ee11b5-04d5-49cb-ac65-59a9bc18bace/execute/sync'
10:11:59.804 [AsyncHttpClient-1-6] DEBUG org.asynchttpclient.netty.handler.HttpHandler - 

Request DefaultHttpRequest(decodeResult: success, version: HTTP/1.1)
POST /session/d1ee11b5-04d5-49cb-ac65-59a9bc18bace/execute/sync HTTP/1.1
User-Agent: selenium/4.1.2 (java windows)
Content-Length: 48780
Content-Type: application/json; charset=utf-8
host: localhost:60988
accept: */*

Response DefaultHttpResponse(decodeResult: success, version: HTTP/1.1)
HTTP/1.1 200 OK
content-type: application/json; charset=utf-8
cache-control: no-cache
date: Mon, 10 Apr 2023 03:11:58 GMT
content-length: 14

10:11:59.804 [AsyncHttpClient-1-6] DEBUG org.asynchttpclient.netty.channel.ChannelManager - Adding key: http://localhost:60988 for channel [id: 0x61661e06, L:/127.0.0.1:56316 - R:localhost/127.0.0.1:60988]
  &amp#27;[32mAnd &amp#27;[0m&amp#27;[32mI &amp#27;[0m&amp#27;[32m&amp#27;[1m"txtAksesoris3"&amp#27;[0m&amp#27;[32m page&amp#27;[0m      &amp#27;[90m# starter.stepdefinitions.BabyStep.iPage(java.lang.String)&amp#27;[0m
10:11:59.815 [Driver Command Executor] DEBUG org.asynchttpclient.netty.request.NettyRequestSender - Using pooled Channel '[id: 0x61661e06, L:/127.0.0.1:56316 - R:localhost/127.0.0.1:60988]' for 'DELETE' to 'http://localhost:60988/session/d1ee11b5-04d5-49cb-ac65-59a9bc18bace'
10:11:59.816 [Driver Command Executor] DEBUG org.asynchttpclient.netty.request.NettyRequestSender - Using open Channel [id: 0x61661e06, L:/127.0.0.1:56316 - R:localhost/127.0.0.1:60988] for DELETE '/session/d1ee11b5-04d5-49cb-ac65-59a9bc18bace'
10:12:00.699 [AsyncHttpClient-1-6] DEBUG org.asynchttpclient.netty.handler.HttpHandler - 

Request DefaultFullHttpRequest(decodeResult: success, version: HTTP/1.1, content: EmptyByteBufBE)
DELETE /session/d1ee11b5-04d5-49cb-ac65-59a9bc18bace HTTP/1.1
User-Agent: selenium/4.1.2 (java windows)
Content-Type: application/json; charset=utf-8
host: localhost:60988
accept: */*

Response DefaultHttpResponse(decodeResult: success, version: HTTP/1.1)
HTTP/1.1 200 OK
content-type: application/json; charset=utf-8
cache-control: no-cache
date: Mon, 10 Apr 2023 03:11:58 GMT
content-length: 14

10:12:00.699 [AsyncHttpClient-1-6] DEBUG org.asynchttpclient.netty.channel.ChannelManager - Adding key: http://localhost:60988 for channel [id: 0x61661e06, L:/127.0.0.1:56316 - R:localhost/127.0.0.1:60988]
10:12:00.700 [AsyncHttpClient-1-6] DEBUG org.asynchttpclient.netty.handler.HttpHandler - Unexpected I/O exception on channel [id: 0x61661e06, L:/127.0.0.1:56316 - R:localhost/127.0.0.1:60988]
java.net.SocketException: Connection reset
	at java.base/sun.nio.ch.SocketChannelImpl.throwConnectionReset(SocketChannelImpl.java:345)
	at java.base/sun.nio.ch.SocketChannelImpl.read(SocketChannelImpl.java:376)
	at io.netty.buffer.PooledByteBuf.setBytes(PooledByteBuf.java:258)
	at io.netty.buffer.AbstractByteBuf.writeBytes(AbstractByteBuf.java:1132)
	at io.netty.channel.socket.nio.NioSocketChannel.doReadBytes(NioSocketChannel.java:350)
	at io.netty.channel.nio.AbstractNioByteChannel$NioByteUnsafe.read(AbstractNioByteChannel.java:151)
	at io.netty.channel.nio.NioEventLoop.processSelectedKey(NioEventLoop.java:722)
	at io.netty.channel.nio.NioEventLoop.processSelectedKeysOptimized(NioEventLoop.java:658)
	at io.netty.channel.nio.NioEventLoop.processSelectedKeys(NioEventLoop.java:584)
	at io.netty.channel.nio.NioEventLoop.run(NioEventLoop.java:496)
	at io.netty.util.concurrent.SingleThreadEventExecutor$4.run(SingleThreadEventExecutor.java:986)
	at io.netty.util.internal.ThreadExecutorMap$2.run(ThreadExecutorMap.java:74)
	at io.netty.util.concurrent.FastThreadLocalRunnable.run(FastThreadLocalRunnable.java:30)
	at java.base/java.lang.Thread.run(Thread.java:830)
10:12:00.700 [AsyncHttpClient-1-6] DEBUG org.asynchttpclient.netty.channel.ChannelManager - Closing Channel [id: 0x61661e06, L:/127.0.0.1:56316 - R:localhost/127.0.0.1:60988] 
10:12:00.701 [AsyncHttpClient-1-6] DEBUG org.asynchttpclient.netty.handler.HttpHandler - Channel Closed: [id: 0x61661e06, L:/127.0.0.1:56316 ! R:localhost/127.0.0.1:60988] with attribute DISCARD
]]></system-out>
    <system-err><![CDATA[1681096312250	geckodriver	INFO	Listening on 127.0.0.1:60988
1681096312742	mozrunner::runner	INFO	Running command: "C:\\Program Files\\Mozilla Firefox\\firefox.exe" "--marionette" "" "--remote-debugging-port" "65114" "--remote-allow-hosts" "localhost" "-no-remote" "-profile" "C:\\Users\\alwi\\AppData\\Local\\Temp\\rust_mozprofilek8ASZB"
console.warn: services.settings: Ignoring preference override of remote settings server
console.warn: services.settings: Allow by setting MOZ_REMOTE_SETTINGS_DEVTOOLS=1 in the environment
1681096313080	Marionette	INFO	Marionette enabled
Dynamically enable window occlusion 0
1681096313085	Marionette	INFO	Listening on port 56319
WebDriver BiDi listening on ws://127.0.0.1:65114
Read port: 56319
1681096313454	RemoteAgent	WARN	TLS certificate errors will be ignored for this session
console.warn: SearchSettings: "get: No settings file exists, new profile?" (new NotFoundError("Could not open the file at C:\\Users\\alwi\\AppData\\Local\\Temp\\rust_mozprofilek8ASZB\\search.json.mozlz4", (void 0)))
DevTools listening on ws://127.0.0.1:65114/devtools/browser/95fc10ff-6720-4aae-977a-5e238d8cb408
Apr 10, 2023 10:11:55 AM org.openqa.selenium.remote.ProtocolHandshake createSession
INFO: Detected dialect: W3C
JavaScript warning: https://www.uniqlo.com/Mx95Yd/biG/Wo_/8-IanA/Vu7EGJtwEh/el0ZAQ/aiE/QAlg7T10, line 1: unreachable code after return statement
JavaScript warning: https://www.uniqlo.com/Mx95Yd/biG/Wo_/8-IanA/Vu7EGJtwEh/el0ZAQ/aiE/QAlg7T10, line 1: WEBGL_debug_renderer_info is deprecated in Firefox and will be removed. Please use RENDERER.
JavaScript warning: https://www.uniqlo.com/id/elgnisolqinu.js?async&seed=AIAnG2mHAQAAp6_kQ-NvC4pDCvZJooQGzCoxcLZ3CqwiSlxvcp_1EokMlmcT&x-i1ysm4mm--z=q, line 1: WEBGL_debug_renderer_info is deprecated in Firefox and will be removed. Please use RENDERER.
1681096319817	Marionette	INFO	Stopped listening on port 56319
Dynamically enable window occlusion 1
WARNING: A blocker encountered an error while we were waiting.
          Blocker:  Waiting for ping task
          Phase: TelemetryController: Waiting for pending ping activity
          State: (none)
WARNING: Error: Phase "profile-before-change" is finished, it is too late to register completion condition "OS.File: flush I/O queued before profileBeforeChange"
WARNING: addBlocker@resource://gre/modules/AsyncShutdown.sys.mjs:727:15
addBlocker@resource://gre/modules/AsyncShutdown.sys.mjs:523:26
addBlocker@resource://gre/modules/AsyncShutdown.sys.mjs:458:15
setupShutdown@resource://gre/modules/osfile/osfile_async_front.jsm:1548:28
@resource://gre/modules/osfile/osfile_async_front.jsm:1568:16
@resource://gre/modules/osfile.jsm:12:30
@resource://gre/modules/TelemetryStorage.sys.mjs:10:28
_checkPendingPings@resource://gre/modules/TelemetrySend.sys.mjs:863:17
setup@resource://gre/modules/TelemetrySend.sys.mjs:803:18
setup@resource://gre/modules/TelemetrySend.sys.mjs:241:30
setupTelemetry/this._delayedInitTask<@resource://gre/modules/TelemetryControllerParent.sys.mjs:828:36
observe@resource://gre/modules/AsyncShutdown.sys.mjs:576:16

console.error: "TelemetryScheduler.shutdown - Already shut down"
WARNING: A blocker encountered an error while we were waiting.
          Blocker:  Waiting for ping task
          Phase: TelemetryController: Waiting for pending ping activity
          State: (none)
WARNING: Error: Phase "profile-before-change" is finished, it is too late to register completion condition "OS.File: flush I/O queued before profileBeforeChange"
WARNING: addBlocker@resource://gre/modules/AsyncShutdown.sys.mjs:727:15
addBlocker@resource://gre/modules/AsyncShutdown.sys.mjs:523:26
addBlocker@resource://gre/modules/AsyncShutdown.sys.mjs:458:15
setupShutdown@resource://gre/modules/osfile/osfile_async_front.jsm:1548:28
@resource://gre/modules/osfile/osfile_async_front.jsm:1568:16
@resource://gre/modules/osfile.jsm:12:30
@resource://gre/modules/TelemetryStorage.sys.mjs:10:28
_checkPendingPings@resource://gre/modules/TelemetrySend.sys.mjs:863:17
setup@resource://gre/modules/TelemetrySend.sys.mjs:803:18
setup@resource://gre/modules/TelemetrySend.sys.mjs:241:30
setupTelemetry/this._delayedInitTask<@resource://gre/modules/TelemetryControllerParent.sys.mjs:828:36
observe@resource://gre/modules/AsyncShutdown.sys.mjs:576:16

WARNING: A blocker encountered an error while we were waiting.
          Blocker:  Waiting for ping task
          Phase: TelemetryController: Waiting for pending ping activity
          State: (none)
WARNING: Error: Phase "profile-before-change" is finished, it is too late to register completion condition "OS.File: flush I/O queued before profileBeforeChange"
WARNING: addBlocker@resource://gre/modules/AsyncShutdown.sys.mjs:727:15
addBlocker@resource://gre/modules/AsyncShutdown.sys.mjs:523:26
addBlocker@resource://gre/modules/AsyncShutdown.sys.mjs:458:15
setupShutdown@resource://gre/modules/osfile/osfile_async_front.jsm:1548:28
@resource://gre/modules/osfile/osfile_async_front.jsm:1568:16
@resource://gre/modules/osfile.jsm:12:30
@resource://gre/modules/TelemetryStorage.sys.mjs:10:28
_checkPendingPings@resource://gre/modules/TelemetrySend.sys.mjs:863:17
setup@resource://gre/modules/TelemetrySend.sys.mjs:803:18
setup@resource://gre/modules/TelemetrySend.sys.mjs:241:30
setupTelemetry/this._delayedInitTask<@resource://gre/modules/TelemetryControllerParent.sys.mjs:828:36
observe@resource://gre/modules/AsyncShutdown.sys.mjs:576:16

WARNING: A blocker encountered an error while we were waiting.
          Blocker:  TelemetryController: shutting down
          Phase: profile-before-change-telemetry
          State: Error getting state: Error: Phase "profile-before-change" is finished, it is too late to register completion condition "OS.File: flush I/O queued before profileBeforeChange" at addBlocker@resource://gre/modules/AsyncShutdown.sys.mjs:727:15
addBlocker@resource://gre/modules/AsyncShutdown.sys.mjs:523:26
addBlocker@resource://gre/modules/AsyncShutdown.sys.mjs:458:15
setupShutdown@resource://gre/modules/osfile/osfile_async_front.jsm:1548:28
@resource://gre/modules/osfile/osfile_async_front.jsm:1568:16
@resource://gre/modules/osfile.jsm:12:30
@resource://gre/modules/TelemetryStorage.sys.mjs:10:28
_checkPendingPings@resource://gre/modules/TelemetrySend.sys.mjs:863:17
setup@resource://gre/modules/TelemetrySend.sys.mjs:803:18
setup@resource://gre/modules/TelemetrySend.sys.mjs:241:30
setupTelemetry/this._delayedInitTask<@resource://gre/modules/TelemetryControllerParent.sys.mjs:828:36
observe@resource://gre/modules/AsyncShutdown.sys.mjs:576:16

WARNING: Error: Phase "profile-before-change" is finished, it is too late to register completion condition "OS.File: flush I/O queued before profileBeforeChange"
WARNING: addBlocker@resource://gre/modules/AsyncShutdown.sys.mjs:727:15
addBlocker@resource://gre/moduleJs/aAvsaySnccrSihputt erdroowrn.:s yrse.smojusr:c5e2:3/:/2g6re
/amdoddBulloecsk/eArs@yrnecsSohuurtcdeo://gre/wmond.uslyse.s/mAjssy,n clSihnuet do7w2n7.s:y Esr.rmojr:s :P4h5a8s:e1 5"p
rsoefitluep-Sbheuftodroew-nc@hraesnge" oiusr cef:i/n/gires/mhodules/osfile/osfile_asynce_frdon,t .jistm :i1s5 48t:o2o8 
l@arteseo urtceo: /r/egrgei/smodulest/oesrf icloem/polseftilieo_ans ycnco_nfrdointti.ojsnm: 15"6O8S:.1F6il
e@:r esfoulruces:h/ /Ig/reO/ mqoudeulesu/eosfdi lbee.fjosrme: p1ro2f:i3l0eBe
f@orreesCouhracneg:e/"/g
re/modules/TelemetryJSatvoarSacgrei.pst yesrr.omjr:s:10: 2r8es
o_ucrhceec:/k/Pgreen/dmiondguPliesn/gAss@ryesncShutdown.sys.mjs, line 727: Erroro:u rPchea:se/ /"pgrorfe/miolduel-beesf/oTreel-echmaentgery"S eisn d.fsiynsi.smjhse:d8,6 3i:t1 7is 
tosoe tluapt@er etsoo urrecgei:s/t/egrr e/cmoompletidoun lcoensd/iTteiolne m"eOtSr.yFSileen:d .fslyuss.mh jI/sO :q8u0e3u:e1d8 b
esfeotruep p@rroefsioulrecBeefore:C/ha/nggree"/m
oJdauvlaeSsc/riTpetl eemrertorry:S erensodu.rscyse.:m/j/sg:r2e4/1m:o3d0ul
esse/tAuspynTceShlemuettdroyw/nt.hsiyss.._mdjse,l laiynee d7I2n7i:tT aEsrkr<o@r:r esPohuarscee :"profi/l/e-gbere/fmoodrulee-sc/hTaenlgeeme"t riysC ofinntirsohlleedr,P arietn ti.ssy st.omoj sl:a8t2e8 :t3o6 
roebgsiesrtveer@ rceosmopurlceet:i/o/ng rcoen/modduliest/iAosynn c"OSSh.Fuitldeow:n .fslyuss.hm jIs/:5O76 :1q6ue
ued
 before profileBeforeChange"
JavaScript error: resource://gre/modules/AsyncShutdown.sys.mjs, line 727: Error: Phase "profile-before-change" is finished, it is too late to register completion condition "OS.File: flush I/O queued before profileBeforeChange"
JavaScript error: resource://gre/modules/AsyncShutdown.sys.mjs, line 727: Error: Phase "profile-before-change" is finished, it is too late to register completion condition "OS.File: flush I/O queued before profileBeforeChange"
JavaScript error: resource://gre/modules/AsyncShutdown.sys.mjs, line 727: Error: Phase "profile-before-change" is finished, it is too late to register completion condition "OS.File: flush I/O queued before profileBeforeChange"
]]></system-err>
  </testcase>
</testsuite>